<?xml version="1.0" encoding="UTF-8"?>
<testsuites name="Сверка дашбордов из разных блоков" time="5058.291" tests="5" failures="3" errors="0">
   <testsuite name="Сверка дашбордов из разных блоков" tests="5" failures="3" errors="0" time="5058.291" skipped="0" timestamp="05-03-2025T09:13:38" hostname="liazgina-di - UVV-WS904-D.ot.ru" id="Test Suites/Пн-Ср-Пт/Сверка дашбордов из разных блоков">
      <properties>
         <property name="deviceName" value=""/>
         <property name="devicePlatform"/>
         <property name="logFolder" value="C:\\Users\\LIAZGINA-DI\\git\\SPORU\\Reports\\20250305_091333\\\u041F\u043D-\u0421\u0440-\u041F\u0442\\\u0421\u0432\u0435\u0440\u043A\u0430 \u0434\u0430\u0448\u0431\u043E\u0440\u0434\u043E\u0432 \u0438\u0437 \u0440\u0430\u0437\u043D\u044B\u0445 \u0431\u043B\u043E\u043A\u043E\u0432\\20250305_091333"/>
         <property name="logFiles" value="C:\\Users\\LIAZGINA-DI\\git\\SPORU\\Reports\\20250305_091333\\\u041F\u043D-\u0421\u0440-\u041F\u0442\\\u0421\u0432\u0435\u0440\u043A\u0430 \u0434\u0430\u0448\u0431\u043E\u0440\u0434\u043E\u0432 \u0438\u0437 \u0440\u0430\u0437\u043D\u044B\u0445 \u0431\u043B\u043E\u043A\u043E\u0432\\20250305_091333\\execution0.log"/>
         <property name="attachments" value="C:\\Users\\LIAZGINA-DI\\git\\SPORU\\Reports\\20250305_091333\\\u041F\u043D-\u0421\u0440-\u041F\u0442\\\u0421\u0432\u0435\u0440\u043A\u0430 \u0434\u0430\u0448\u0431\u043E\u0440\u0434\u043E\u0432 \u0438\u0437 \u0440\u0430\u0437\u043D\u044B\u0445 \u0431\u043B\u043E\u043A\u043E\u0432\\20250305_091333\\1741155450851.png, C:\\Users\\LIAZGINA-DI\\git\\SPORU\\Reports\\20250305_091333\\\u041F\u043D-\u0421\u0440-\u041F\u0442\\\u0421\u0432\u0435\u0440\u043A\u0430 \u0434\u0430\u0448\u0431\u043E\u0440\u0434\u043E\u0432 \u0438\u0437 \u0440\u0430\u0437\u043D\u044B\u0445 \u0431\u043B\u043E\u043A\u043E\u0432\\20250305_091333\\1741160276428.png"/>
         <property name="hostName" value="liazgina-di - UVV-WS904-D.ot.ru"/>
         <property name="os" value="Windows 10 64bit"/>
         <property name="katalonVersion" value="9.5.0.217"/>
         <property name="browser" value="Chrome 133.0.0.0"/>
         <property name="hostAddress" value="192.168.0.19"/>
         <property name="sessionId" value="3a2f1eedc44bfbc4b8cb6d02c46a4a36"/>
         <property name="seleniumVersion" value="3.141.59"/>
         <property name="proxyInformation" value="ProxyInformation { proxyOption=NO_PROXY, proxyServerType=HTTP, username=, password=********, proxyServerAddress=, proxyServerPort=0, executionList=&quot;&quot;, isApplyToDesiredCapabilities=true }"/>
         <property name="platform" value="Windows 10"/>
      </properties>
      <testcase name="Test Cases/Сверки дашбордов/Выполнение бизнес-плана сверка дашбордов" time="232.553" classname="Test Cases/Сверки дашбордов/Выполнение бизнес-плана сверка дашбордов" status="FAILED">
         <failure type="FAILED" message="Test Cases/Сверки дашбордов/Выполнение бизнес-плана сверка дашбордов FAILED.&#xa;Reason:&#xa;com.kms.katalon.core.exception.StepFailedException: Unable to get text of object 'Object Repository/Выполнение бизнес-плана/Значения со страницы Выполнение бизнес-плана/Table Data/Факт Потери за отчётный период 1' (Root cause: com.kms.katalon.core.exception.StepFailedException: Unable to get text of object 'Object Repository/Выполнение бизнес-плана/Значения со страницы Выполнение бизнес-плана/Table Data/Факт Потери за отчётный период 1'&#xa;	at com.kms.katalon.core.webui.keyword.internal.WebUIKeywordMain.stepFailed(WebUIKeywordMain.groovy:64)&#xa;	at com.kms.katalon.core.webui.keyword.internal.WebUIKeywordMain.runKeyword(WebUIKeywordMain.groovy:26)&#xa;	at com.kms.katalon.core.webui.keyword.builtin.GetTextKeyword.getText(GetTextKeyword.groovy:88)&#xa;	at com.kms.katalon.core.webui.keyword.builtin.GetTextKeyword.execute(GetTextKeyword.groovy:67)&#xa;	at com.kms.katalon.core.keyword.internal.KeywordExecutor.executeKeywordForPlatform(KeywordExecutor.groovy:74)&#xa;	at com.kms.katalon.core.webui.keyword.WebUiBuiltInKeywords.getText(WebUiBuiltInKeywords.groovy:957)&#xa;	at Выполнение бизнес-плана сверка дашбордов.GetAllData(Выполнение бизнес-плана сверка дашбордов:970)&#xa;	at Выполнение бизнес-плана сверка дашбордов.run(Выполнение бизнес-плана сверка дашбордов:156)&#xa;	at com.kms.katalon.core.main.ScriptEngine.run(ScriptEngine.java:194)&#xa;	at com.kms.katalon.core.main.ScriptEngine.runScriptAsRawText(ScriptEngine.java:119)&#xa;	at com.kms.katalon.core.main.TestCaseExecutor.runScript(TestCaseExecutor.java:448)&#xa;	at com.kms.katalon.core.main.TestCaseExecutor.doExecute(TestCaseExecutor.java:439)&#xa;	at com.kms.katalon.core.main.TestCaseExecutor.processExecutionPhase(TestCaseExecutor.java:418)&#xa;	at com.kms.katalon.core.main.TestCaseExecutor.accessMainPhase(TestCaseExecutor.java:410)&#xa;	at com.kms.katalon.core.main.TestCaseExecutor.execute(TestCaseExecutor.java:285)&#xa;	at com.kms.katalon.core.common.CommonExecutor.accessTestCaseMainPhase(CommonExecutor.java:65)&#xa;	at com.kms.katalon.core.main.TestSuiteExecutor.accessTestSuiteMainPhase(TestSuiteExecutor.java:150)&#xa;	at com.kms.katalon.core.main.TestSuiteExecutor.execute(TestSuiteExecutor.java:106)&#xa;	at com.kms.katalon.core.main.TestCaseMain.startTestSuite(TestCaseMain.java:180)&#xa;	at TempTestSuite1741155213601.run(TempTestSuite1741155213601.groovy:35)&#xa;	at java.base/jdk.internal.reflect.NativeMethodAccessorImpl.invoke0(Native Method)&#xa;	at java.base/jdk.internal.reflect.NativeMethodAccessorImpl.invoke(NativeMethodAccessorImpl.java:77)&#xa;	at java.base/jdk.internal.reflect.DelegatingMethodAccessorImpl.invoke(DelegatingMethodAccessorImpl.java:43)&#xa;Caused by: com.kms.katalon.core.webui.exception.WebElementNotFoundException: Web element with id: 'Object Repository/Выполнение бизнес-плана/Значения со страницы Выполнение бизнес-плана/Table Data/Факт Потери за отчётный период 1' located by '(.//*[normalize-space(text()) and normalize-space(.)='Показатели баланса электроэнергии по ДЗО – Факт'])[2]/following::td[35]' not found&#xa;	at com.kms.katalon.core.webui.common.WebUiCommonHelper.findWebElement(WebUiCommonHelper.java:1426)&#xa;	at com.kms.katalon.core.webui.keyword.internal.WebUIAbstractKeyword.findWebElement(WebUIAbstractKeyword.groovy:27)&#xa;	at com.kms.katalon.core.webui.keyword.internal.WebUIAbstractKeyword.findWebElement(WebUIAbstractKeyword.groovy:26)&#xa;	at com.kms.katalon.core.webui.keyword.builtin.GetTextKeyword$_getText_closure1.doCall(GetTextKeyword.groovy:78)&#xa;	at com.kms.katalon.core.webui.keyword.builtin.GetTextKeyword$_getText_closure1.call(GetTextKeyword.groovy)&#xa;	at com.kms.katalon.core.webui.keyword.internal.WebUIKeywordMain.runKeyword(WebUIKeywordMain.groovy:20)&#xa;	at com.kms.katalon.core.webui.keyword.builtin.GetTextKeyword.getText(GetTextKeyword.groovy:88)&#xa;	at com.kms.katalon.core.webui.keyword.builtin.GetTextKeyword.execute(GetTextKeyword.groovy:67)&#xa;	at com.kms.katalon.core.keyword.internal.KeywordExecutor.executeKeywordForPlatform(KeywordExecutor.groovy:74)&#xa;	at com.kms.katalon.core.webui.keyword.WebUiBuiltInKeywords.getText(WebUiBuiltInKeywords.groovy:957)&#xa;	at Script1719299571342.GetAllData(Script1719299571342.groovy:970)&#xa;	at Script1719299571342.run(Script1719299571342.groovy:156)&#xa;	... 15 more&#xa;)&#xa;	at com.kms.katalon.core.keyword.internal.KeywordMain.stepFailed(KeywordMain.groovy:39)&#xa;	at com.kms.katalon.core.webui.keyword.internal.WebUIKeywordMain.stepFailed(WebUIKeywordMain.groovy:64)&#xa;	at com.kms.katalon.core.webui.keyword.internal.WebUIKeywordMain.runKeyword(WebUIKeywordMain.groovy:26)&#xa;	at com.kms.katalon.core.webui.keyword.builtin.GetTextKeyword.getText(GetTextKeyword.groovy:88)&#xa;	at com.kms.katalon.core.webui.keyword.builtin.GetTextKeyword.execute(GetTextKeyword.groovy:67)&#xa;	at com.kms.katalon.core.keyword.internal.KeywordExecutor.executeKeywordForPlatform(KeywordExecutor.groovy:74)&#xa;	at com.kms.katalon.core.webui.keyword.WebUiBuiltInKeywords.getText(WebUiBuiltInKeywords.groovy:957)&#xa;	at Выполнение бизнес-плана сверка дашбордов.GetAllData(Выполнение бизнес-плана сверка дашбордов:970)&#xa;	at Выполнение бизнес-плана сверка дашбордов.run(Выполнение бизнес-плана сверка дашбордов:156)&#xa;	at com.kms.katalon.core.main.ScriptEngine.run(ScriptEngine.java:194)&#xa;	at com.kms.katalon.core.main.ScriptEngine.runScriptAsRawText(ScriptEngine.java:119)&#xa;	at com.kms.katalon.core.main.TestCaseExecutor.runScript(TestCaseExecutor.java:448)&#xa;	at com.kms.katalon.core.main.TestCaseExecutor.doExecute(TestCaseExecutor.java:439)&#xa;	at com.kms.katalon.core.main.TestCaseExecutor.processExecutionPhase(TestCaseExecutor.java:418)&#xa;	at com.kms.katalon.core.main.TestCaseExecutor.accessMainPhase(TestCaseExecutor.java:410)&#xa;	at com.kms.katalon.core.main.TestCaseExecutor.execute(TestCaseExecutor.java:285)&#xa;	at com.kms.katalon.core.common.CommonExecutor.accessTestCaseMainPhase(CommonExecutor.java:65)&#xa;	at com.kms.katalon.core.main.TestSuiteExecutor.accessTestSuiteMainPhase(TestSuiteExecutor.java:150)&#xa;	at com.kms.katalon.core.main.TestSuiteExecutor.execute(TestSuiteExecutor.java:106)&#xa;	at com.kms.katalon.core.main.TestCaseMain.startTestSuite(TestCaseMain.java:180)&#xa;	at TempTestSuite1741155213601.run(TempTestSuite1741155213601.groovy:35)&#xa;	at java.base/jdk.internal.reflect.NativeMethodAccessorImpl.invoke0(Native Method)&#xa;	at java.base/jdk.internal.reflect.NativeMethodAccessorImpl.invoke(NativeMethodAccessorImpl.java:77)&#xa;	at java.base/jdk.internal.reflect.DelegatingMethodAccessorImpl.invoke(DelegatingMethodAccessorImpl.java:43)&#xa;Caused by: com.kms.katalon.core.exception.StepFailedException: Unable to get text of object 'Object Repository/Выполнение бизнес-плана/Значения со страницы Выполнение бизнес-плана/Table Data/Факт Потери за отчётный период 1'&#xa;	... 23 more&#xa;Caused by: com.kms.katalon.core.webui.exception.WebElementNotFoundException: Web element with id: 'Object Repository/Выполнение бизнес-плана/Значения со страницы Выполнение бизнес-плана/Table Data/Факт Потери за отчётный период 1' located by '(.//*[normalize-space(text()) and normalize-space(.)='Показатели баланса электроэнергии по ДЗО – Факт'])[2]/following::td[35]' not found&#xa;	at com.kms.katalon.core.webui.common.WebUiCommonHelper.findWebElement(WebUiCommonHelper.java:1426)&#xa;	at com.kms.katalon.core.webui.keyword.internal.WebUIAbstractKeyword.findWebElement(WebUIAbstractKeyword.groovy:27)&#xa;	at com.kms.katalon.core.webui.keyword.internal.WebUIAbstractKeyword.findWebElement(WebUIAbstractKeyword.groovy:26)&#xa;	at com.kms.katalon.core.webui.keyword.builtin.GetTextKeyword$_getText_closure1.doCall(GetTextKeyword.groovy:78)&#xa;	at com.kms.katalon.core.webui.keyword.builtin.GetTextKeyword$_getText_closure1.call(GetTextKeyword.groovy)&#xa;	at com.kms.katalon.core.webui.keyword.internal.WebUIKeywordMain.runKeyword(WebUIKeywordMain.groovy:20)&#xa;	... 21 more&#xa;"/>
         <system-out><![CDATA[05-03-2025T09:13:38 - [TEST_CASE][FAILED] - Test Cases/Сверки дашбордов/Выполнение бизнес-плана сверка дашбордов: Test Cases/Сверки дашбордов/Выполнение бизнес-плана сверка дашбордов FAILED.
Reason:
com.kms.katalon.core.exception.StepFailedException: Unable to get text of object 'Object Repository/Выполнение бизнес-плана/Значения со страницы Выполнение бизнес-плана/Table Data/Факт Потери за отчётный период 1' (Root cause: com.kms.katalon.core.exception.StepFailedException: Unable to get text of object 'Object Repository/Выполнение бизнес-плана/Значения со страницы Выполнение бизнес-плана/Table Data/Факт Потери за отчётный период 1'
	at com.kms.katalon.core.webui.keyword.internal.WebUIKeywordMain.stepFailed(WebUIKeywordMain.groovy:64)
	at com.kms.katalon.core.webui.keyword.internal.WebUIKeywordMain.runKeyword(WebUIKeywordMain.groovy:26)
	at com.kms.katalon.core.webui.keyword.builtin.GetTextKeyword.getText(GetTextKeyword.groovy:88)
	at com.kms.katalon.core.webui.keyword.builtin.GetTextKeyword.execute(GetTextKeyword.groovy:67)
	at com.kms.katalon.core.keyword.internal.KeywordExecutor.executeKeywordForPlatform(KeywordExecutor.groovy:74)
	at com.kms.katalon.core.webui.keyword.WebUiBuiltInKeywords.getText(WebUiBuiltInKeywords.groovy:957)
	at Выполнение бизнес-плана сверка дашбордов.GetAllData(Выполнение бизнес-плана сверка дашбордов:970)
	at Выполнение бизнес-плана сверка дашбордов.run(Выполнение бизнес-плана сверка дашбордов:156)
	at com.kms.katalon.core.main.ScriptEngine.run(ScriptEngine.java:194)
	at com.kms.katalon.core.main.ScriptEngine.runScriptAsRawText(ScriptEngine.java:119)
	at com.kms.katalon.core.main.TestCaseExecutor.runScript(TestCaseExecutor.java:448)
	at com.kms.katalon.core.main.TestCaseExecutor.doExecute(TestCaseExecutor.java:439)
	at com.kms.katalon.core.main.TestCaseExecutor.processExecutionPhase(TestCaseExecutor.java:418)
	at com.kms.katalon.core.main.TestCaseExecutor.accessMainPhase(TestCaseExecutor.java:410)
	at com.kms.katalon.core.main.TestCaseExecutor.execute(TestCaseExecutor.java:285)
	at com.kms.katalon.core.common.CommonExecutor.accessTestCaseMainPhase(CommonExecutor.java:65)
	at com.kms.katalon.core.main.TestSuiteExecutor.accessTestSuiteMainPhase(TestSuiteExecutor.java:150)
	at com.kms.katalon.core.main.TestSuiteExecutor.execute(TestSuiteExecutor.java:106)
	at com.kms.katalon.core.main.TestCaseMain.startTestSuite(TestCaseMain.java:180)
	at TempTestSuite1741155213601.run(TempTestSuite1741155213601.groovy:35)
	at java.base/jdk.internal.reflect.NativeMethodAccessorImpl.invoke0(Native Method)
	at java.base/jdk.internal.reflect.NativeMethodAccessorImpl.invoke(NativeMethodAccessorImpl.java:77)
	at java.base/jdk.internal.reflect.DelegatingMethodAccessorImpl.invoke(DelegatingMethodAccessorImpl.java:43)
Caused by: com.kms.katalon.core.webui.exception.WebElementNotFoundException: Web element with id: 'Object Repository/Выполнение бизнес-плана/Значения со страницы Выполнение бизнес-плана/Table Data/Факт Потери за отчётный период 1' located by '(.//*[normalize-space(text()) and normalize-space(.)='Показатели баланса электроэнергии по ДЗО – Факт'])[2]/following::td[35]' not found
	at com.kms.katalon.core.webui.common.WebUiCommonHelper.findWebElement(WebUiCommonHelper.java:1426)
	at com.kms.katalon.core.webui.keyword.internal.WebUIAbstractKeyword.findWebElement(WebUIAbstractKeyword.groovy:27)
	at com.kms.katalon.core.webui.keyword.internal.WebUIAbstractKeyword.findWebElement(WebUIAbstractKeyword.groovy:26)
	at com.kms.katalon.core.webui.keyword.builtin.GetTextKeyword$_getText_closure1.doCall(GetTextKeyword.groovy:78)
	at com.kms.katalon.core.webui.keyword.builtin.GetTextKeyword$_getText_closure1.call(GetTextKeyword.groovy)
	at com.kms.katalon.core.webui.keyword.internal.WebUIKeywordMain.runKeyword(WebUIKeywordMain.groovy:20)
	at com.kms.katalon.core.webui.keyword.builtin.GetTextKeyword.getText(GetTextKeyword.groovy:88)
	at com.kms.katalon.core.webui.keyword.builtin.GetTextKeyword.execute(GetTextKeyword.groovy:67)
	at com.kms.katalon.core.keyword.internal.KeywordExecutor.executeKeywordForPlatform(KeywordExecutor.groovy:74)
	at com.kms.katalon.core.webui.keyword.WebUiBuiltInKeywords.getText(WebUiBuiltInKeywords.groovy:957)
	at Script1719299571342.GetAllData(Script1719299571342.groovy:970)
	at Script1719299571342.run(Script1719299571342.groovy:156)
	... 15 more
)
	at com.kms.katalon.core.keyword.internal.KeywordMain.stepFailed(KeywordMain.groovy:39)
	at com.kms.katalon.core.webui.keyword.internal.WebUIKeywordMain.stepFailed(WebUIKeywordMain.groovy:64)
	at com.kms.katalon.core.webui.keyword.internal.WebUIKeywordMain.runKeyword(WebUIKeywordMain.groovy:26)
	at com.kms.katalon.core.webui.keyword.builtin.GetTextKeyword.getText(GetTextKeyword.groovy:88)
	at com.kms.katalon.core.webui.keyword.builtin.GetTextKeyword.execute(GetTextKeyword.groovy:67)
	at com.kms.katalon.core.keyword.internal.KeywordExecutor.executeKeywordForPlatform(KeywordExecutor.groovy:74)
	at com.kms.katalon.core.webui.keyword.WebUiBuiltInKeywords.getText(WebUiBuiltInKeywords.groovy:957)
	at Выполнение бизнес-плана сверка дашбордов.GetAllData(Выполнение бизнес-плана сверка дашбордов:970)
	at Выполнение бизнес-плана сверка дашбордов.run(Выполнение бизнес-плана сверка дашбордов:156)
	at com.kms.katalon.core.main.ScriptEngine.run(ScriptEngine.java:194)
	at com.kms.katalon.core.main.ScriptEngine.runScriptAsRawText(ScriptEngine.java:119)
	at com.kms.katalon.core.main.TestCaseExecutor.runScript(TestCaseExecutor.java:448)
	at com.kms.katalon.core.main.TestCaseExecutor.doExecute(TestCaseExecutor.java:439)
	at com.kms.katalon.core.main.TestCaseExecutor.processExecutionPhase(TestCaseExecutor.java:418)
	at com.kms.katalon.core.main.TestCaseExecutor.accessMainPhase(TestCaseExecutor.java:410)
	at com.kms.katalon.core.main.TestCaseExecutor.execute(TestCaseExecutor.java:285)
	at com.kms.katalon.core.common.CommonExecutor.accessTestCaseMainPhase(CommonExecutor.java:65)
	at com.kms.katalon.core.main.TestSuiteExecutor.accessTestSuiteMainPhase(TestSuiteExecutor.java:150)
	at com.kms.katalon.core.main.TestSuiteExecutor.execute(TestSuiteExecutor.java:106)
	at com.kms.katalon.core.main.TestCaseMain.startTestSuite(TestCaseMain.java:180)
	at TempTestSuite1741155213601.run(TempTestSuite1741155213601.groovy:35)
	at java.base/jdk.internal.reflect.NativeMethodAccessorImpl.invoke0(Native Method)
	at java.base/jdk.internal.reflect.NativeMethodAccessorImpl.invoke(NativeMethodAccessorImpl.java:77)
	at java.base/jdk.internal.reflect.DelegatingMethodAccessorImpl.invoke(DelegatingMethodAccessorImpl.java:43)
Caused by: com.kms.katalon.core.exception.StepFailedException: Unable to get text of object 'Object Repository/Выполнение бизнес-плана/Значения со страницы Выполнение бизнес-плана/Table Data/Факт Потери за отчётный период 1'
	... 23 more
Caused by: com.kms.katalon.core.webui.exception.WebElementNotFoundException: Web element with id: 'Object Repository/Выполнение бизнес-плана/Значения со страницы Выполнение бизнес-плана/Table Data/Факт Потери за отчётный период 1' located by '(.//*[normalize-space(text()) and normalize-space(.)='Показатели баланса электроэнергии по ДЗО – Факт'])[2]/following::td[35]' not found
	at com.kms.katalon.core.webui.common.WebUiCommonHelper.findWebElement(WebUiCommonHelper.java:1426)
	at com.kms.katalon.core.webui.keyword.internal.WebUIAbstractKeyword.findWebElement(WebUIAbstractKeyword.groovy:27)
	at com.kms.katalon.core.webui.keyword.internal.WebUIAbstractKeyword.findWebElement(WebUIAbstractKeyword.groovy:26)
	at com.kms.katalon.core.webui.keyword.builtin.GetTextKeyword$_getText_closure1.doCall(GetTextKeyword.groovy:78)
	at com.kms.katalon.core.webui.keyword.builtin.GetTextKeyword$_getText_closure1.call(GetTextKeyword.groovy)
	at com.kms.katalon.core.webui.keyword.internal.WebUIKeywordMain.runKeyword(WebUIKeywordMain.groovy:20)
	... 21 more


05-03-2025T09:13:39 - [TEST_STEP][PASSED] - date = new java.util.Date(): null

05-03-2025T09:13:39 - [TEST_STEP][PASSED] - todaysDate = date.format("dd.MM.yyyy"): null

05-03-2025T09:13:39 - [TEST_STEP][PASSED] - blockNum = <not implemented yet for class: org.codehaus.groovy.ast.expr.EmptyExpression>: null

05-03-2025T09:13:39 - [TEST_STEP][PASSED] - path = <not implemented yet for class: org.codehaus.groovy.ast.expr.EmptyExpression>: null

05-03-2025T09:13:39 - [TEST_STEP][PASSED] - typeOfData = <not implemented yet for class: org.codehaus.groovy.ast.expr.EmptyExpression>: null

05-03-2025T09:13:39 - [TEST_STEP][PASSED] - i = <not implemented yet for class: org.codehaus.groovy.ast.expr.EmptyExpression>: null

05-03-2025T09:13:39 - [TEST_STEP][PASSED] - dZO = <not implemented yet for class: org.codehaus.groovy.ast.expr.EmptyExpression>: null

05-03-2025T09:13:39 - [TEST_STEP][PASSED] - vidget = <not implemented yet for class: org.codehaus.groovy.ast.expr.EmptyExpression>: null

05-03-2025T09:13:39 - [TEST_STEP][PASSED] - tabR = <not implemented yet for class: org.codehaus.groovy.ast.expr.EmptyExpression>: null

05-03-2025T09:13:39 - [TEST_STEP][PASSED] - tabB = <not implemented yet for class: org.codehaus.groovy.ast.expr.EmptyExpression>: null

05-03-2025T09:13:39 - [TEST_STEP][PASSED] - o1R = <not implemented yet for class: org.codehaus.groovy.ast.expr.EmptyExpression>: null

05-03-2025T09:13:39 - [TEST_STEP][PASSED] - o1B = <not implemented yet for class: org.codehaus.groovy.ast.expr.EmptyExpression>: null

05-03-2025T09:13:39 - [TEST_STEP][PASSED] - PercPlanR = <not implemented yet for class: org.codehaus.groovy.ast.expr.EmptyExpression>: null

05-03-2025T09:13:39 - [TEST_STEP][PASSED] - PercPlanB = <not implemented yet for class: org.codehaus.groovy.ast.expr.EmptyExpression>: null

05-03-2025T09:13:39 - [TEST_STEP][PASSED] - PercFactR = <not implemented yet for class: org.codehaus.groovy.ast.expr.EmptyExpression>: null

05-03-2025T09:13:39 - [TEST_STEP][PASSED] - PercFactB = <not implemented yet for class: org.codehaus.groovy.ast.expr.EmptyExpression>: null

05-03-2025T09:13:39 - [TEST_STEP][PASSED] - pRR = "ПАО Россети/": null

05-03-2025T09:13:39 - [TEST_STEP][PASSED] - fR = "Россети ФСК ЕЭС/": null

05-03-2025T09:13:39 - [TEST_STEP][PASSED] - tyR = "АО "Тываэнерго"/": null

05-03-2025T09:13:39 - [TEST_STEP][PASSED] - chR = "Чеченэнерго": null

05-03-2025T09:13:39 - [TEST_STEP][PASSED] - vR = "Россети Волга/": null

05-03-2025T09:13:39 - [TEST_STEP][PASSED] - kR = "Россети Кубань/": null

05-03-2025T09:13:40 - [TEST_STEP][PASSED] - lR = "Россети Ленэнерго (ГК)/": null

05-03-2025T09:13:40 - [TEST_STEP][PASSED] - mR = "Россети Московский регион/": null

05-03-2025T09:13:40 - [TEST_STEP][PASSED] - sKR = "Россети Северный Кавказ (ГК)/": null

05-03-2025T09:13:40 - [TEST_STEP][PASSED] - sZR = "Россети Северо-Запад/": null

05-03-2025T09:13:40 - [TEST_STEP][PASSED] - siR = "Россети Сибирь (ГК)/": null

05-03-2025T09:13:40 - [TEST_STEP][PASSED] - tomR = "Россети Томск/": null

05-03-2025T09:13:40 - [TEST_STEP][PASSED] - tyumR = "Россети Тюмень/": null

05-03-2025T09:13:40 - [TEST_STEP][PASSED] - urR = "Россети Урал (ГК)/": null

05-03-2025T09:13:40 - [TEST_STEP][PASSED] - cenR = "Россети Центр (ГК)/": null

05-03-2025T09:13:40 - [TEST_STEP][PASSED] - cIPR = "Россети Центр и Приволжье (ГК)/": null

05-03-2025T09:13:40 - [TEST_STEP][PASSED] - ugR = "Россети Юг (ГК)/": null

05-03-2025T09:13:40 - [TEST_STEP][PASSED] - yR = "Россети Янтарь/": null

05-03-2025T09:13:40 - [TEST_STEP][PASSED] - pRB = "ПАО Россети/": null

05-03-2025T09:13:40 - [TEST_STEP][PASSED] - fB = "Россети ФСК ЕЭС/": null

05-03-2025T09:13:40 - [TEST_STEP][PASSED] - tyB = "АО "Тываэнерго"/": null

05-03-2025T09:13:40 - [TEST_STEP][PASSED] - chB = "Чеченэнерго": null

05-03-2025T09:13:40 - [TEST_STEP][PASSED] - vB = "Россети Волга/": null

05-03-2025T09:13:40 - [TEST_STEP][PASSED] - kB = "Россети Кубань/": null

05-03-2025T09:13:40 - [TEST_STEP][PASSED] - lB = "Россети Ленэнерго (ГК)/": null

05-03-2025T09:13:40 - [TEST_STEP][PASSED] - mB = "Россети Московский регион/": null

05-03-2025T09:13:40 - [TEST_STEP][PASSED] - sKB = "Россети Северный Кавказ (ГК)/": null

05-03-2025T09:13:40 - [TEST_STEP][PASSED] - sZB = "Россети Северо-Запад/": null

05-03-2025T09:13:40 - [TEST_STEP][PASSED] - siB = "Россети Сибирь (ГК)/": null

05-03-2025T09:13:40 - [TEST_STEP][PASSED] - tomB = "Россети Томск/": null

05-03-2025T09:13:40 - [TEST_STEP][PASSED] - tyumB = "Россети Тюмень/": null

05-03-2025T09:13:40 - [TEST_STEP][PASSED] - urB = "Россети Урал (ГК)/": null

05-03-2025T09:13:40 - [TEST_STEP][PASSED] - cenB = "Россети Центр (ГК)/": null

05-03-2025T09:13:40 - [TEST_STEP][PASSED] - cIPB = "Россети Центр и Приволжье (ГК)/": null

05-03-2025T09:13:40 - [TEST_STEP][PASSED] - ugB = "Россети Юг (ГК)/": null

05-03-2025T09:13:40 - [TEST_STEP][PASSED] - yB = "Россети Янтарь/": null

05-03-2025T09:13:40 - [TEST_STEP][PASSED] - VseDZO = <not implemented yet for class: org.codehaus.groovy.ast.expr.EmptyExpression>: null

05-03-2025T09:13:40 - [TEST_STEP][PASSED] - a = <not implemented yet for class: org.codehaus.groovy.ast.expr.EmptyExpression>: null

05-03-2025T09:13:40 - [TEST_STEP][PASSED] - b = <not implemented yet for class: org.codehaus.groovy.ast.expr.EmptyExpression>: null

05-03-2025T09:13:40 - [TEST_STEP][PASSED] - dZONum = 0: null

05-03-2025T09:13:40 - [TEST_STEP][PASSED] - x = <not implemented yet for class: org.codehaus.groovy.ast.expr.EmptyExpression>: null

05-03-2025T09:13:40 - [TEST_STEP][PASSED] - blockNum = 1: null

05-03-2025T09:13:40 - [TEST_STEP][PASSED] - path = "Object Repository/Выполнение бизнес-плана/": null

05-03-2025T09:13:40 - [TEST_STEP][PASSED] - Script1719299571342.Presettings(blockNum, path): null

05-03-2025T09:13:40 - [TEST_STEP][PASSED] - blockNumber = <not implemented yet for class: org.codehaus.groovy.ast.expr.EmptyExpression>: null

05-03-2025T09:13:40 - [TEST_STEP][PASSED] - urlText = <not implemented yet for class: org.codehaus.groovy.ast.expr.EmptyExpression>: null

05-03-2025T09:13:40 - [TEST_STEP][PASSED] - searchWord = <not implemented yet for class: org.codehaus.groovy.ast.expr.EmptyExpression>: null

05-03-2025T09:13:40 - [TEST_STEP][PASSED] - i = <not implemented yet for class: org.codehaus.groovy.ast.expr.EmptyExpression>: null

05-03-2025T09:13:40 - [TEST_STEP][PASSED] - ii = <not implemented yet for class: org.codehaus.groovy.ast.expr.EmptyExpression>: null

05-03-2025T09:13:40 - [TEST_STEP][PASSED] - openBrowser(""): Browser is opened with url: ''

05-03-2025T09:13:40 - [MESSAGE][INFO] - Starting 'Chrome' driver

05-03-2025T09:13:40 - [MESSAGE][INFO] - Action delay is set to 0 milliseconds

05-03-2025T09:13:42 - [MESSAGE][PASSED] - Browser is opened with url: ''

05-03-2025T09:13:42 - [TEST_STEP][PASSED] - if (blockNum == 1): null

05-03-2025T09:13:42 - [TEST_STEP][PASSED] - path = "Object Repository/Выполнение бизнес-плана/": null

05-03-2025T09:13:42 - [TEST_STEP][PASSED] - blockNumber = 1: null

05-03-2025T09:13:42 - [TEST_STEP][PASSED] - navigateToUrl(findTestData("PlanFact").getValue(10, blockNumber)): Navigate to 'https://bi.rosseti.digital/viewer?dashboardGuid=d154a8eaf6824e2b9de1bb04dd061c18&sheetGuid=1305e8ce744049e1abdacea1ea397a26&fit=true' successfully

05-03-2025T09:13:48 - [MESSAGE][PASSED] - Navigate to 'https://bi.rosseti.digital/viewer?dashboardGuid=d154a8eaf6824e2b9de1bb04dd061c18&sheetGuid=1305e8ce744049e1abdacea1ea397a26&fit=true' successfully

05-03-2025T09:13:48 - [TEST_STEP][PASSED] - urlText = getText(findTestObject("Страница авторизации/Text")): Text of object 'Object Repository/Страница авторизации/Text' is: 'Вход'

05-03-2025T09:13:50 - [MESSAGE][PASSED] - Text of object 'Object Repository/Страница авторизации/Text' is: 'Вход'

05-03-2025T09:13:50 - [TEST_STEP][PASSED] - delay(10): Delayed 10 second(s)

05-03-2025T09:14:00 - [MESSAGE][PASSED] - Delayed 10 second(s)

05-03-2025T09:14:00 - [TEST_STEP][PASSED] - searchWord = "Вход": null

05-03-2025T09:14:00 - [TEST_STEP][PASSED] - if (urlText.contains(searchWord) == false): null

05-03-2025T09:14:00 - [TEST_STEP][PASSED] - setText(findTestObject("Страница авторизации/input__username"), findTestData("PlanFact").getValue(8, 1)): Text 'liazgina-di' is set on object 'Object Repository/Страница авторизации/input__username'

05-03-2025T09:14:01 - [MESSAGE][PASSED] - Text 'liazgina-di' is set on object 'Object Repository/Страница авторизации/input__username'

05-03-2025T09:14:01 - [TEST_STEP][PASSED] - setText(findTestObject("Страница авторизации/input__password"), findTestData("PlanFact").getValue(9, 1)): Text ')$%5srZ8o688Dm#q' is set on object 'Object Repository/Страница авторизации/input__password'

05-03-2025T09:14:02 - [MESSAGE][PASSED] - Text ')$%5srZ8o688Dm#q' is set on object 'Object Repository/Страница авторизации/input__password'

05-03-2025T09:14:02 - [TEST_STEP][PASSED] - click(findTestObject("Страница авторизации/button_")): Object: 'Object Repository/Страница авторизации/button_' is clicked on

05-03-2025T09:14:03 - [MESSAGE][PASSED] - Object: 'Object Repository/Страница авторизации/button_' is clicked on

05-03-2025T09:14:03 - [TEST_STEP][PASSED] - delay(50): Delayed 50 second(s)

05-03-2025T09:14:53 - [MESSAGE][PASSED] - Delayed 50 second(s)

05-03-2025T09:14:53 - [TEST_STEP][PASSED] - searchWord = "ДЗО": null

05-03-2025T09:14:53 - [TEST_STEP][PASSED] - urlText = getText(findTestObject("Страница авторизации/Text")): Text of object 'Object Repository/Страница авторизации/Text' is: 'ДЗО 
ПАО Россети
Период
Январь 2025 года
Отклонения фактического уровня потерь от бизнес-плана, п.п.
-0.01
-0.92
-0.43
-0.28
-2.45
Россети ФСК ЕЭС
Россети Волга
Россети Московский регион
Россети Урал (ГК)
Россети Янтарь
-4
-2
0
2
4
6
8

Уровень потерь электроэнергии
Россети ФСК ЕЭС
Россети Волга
Россети Московский регион
Россети Урал (ГК)
Россети Янтарь
0
10
20
30
40
50
60
70
4.01
|
6.39
|
9.74
|
7.40
|
12.35
|
4.00
5.47
9.32
7.12
9.90
п.п.
3.24
Итого
0
1
2
3
4
%
5.10 5.10
8.34 8.34
План
Факт
1
100

● Бизнес-план выполнен● ●● Превышение бизнес-плана
Отклонения фактического уровня потерь от бизнес-плана за 3 месяца (нарастающим итогом), п.п.
-0.2-0.2
-8.3-8.3
3.13.1
-0.4-0.4
-0.6-0.6
-0.0-0.0
0.20.2
3.93.9
-0.4-0.4
-8.8-8.8
-0.0-0.0
0.20.2
-0.2-0.2
-0.5-0.5
-0.3-0.3
-0.5-0.5
-0.1-0.1
-0.2-0.2
-8.4-8.4
2.92.9
-0.4-0.4
-0.5-0.5
-0.0-0.0
0.20.2
3.83.8
-0.3-0.3
-7.9-7.9
-0.0-0.0
0.20.2
-0.2-0.2
-0.5-0.5
-0.2-0.2
-0.3-0.3
-0.1-0.1
-0.0-0.0
-0.9-0.9
-0.4-0.4
-0.3-0.3
-2.4-2.4
Россети ФСКЕЭС
АО«Тываэнерго»
АО«Чеченэнерго»
Россети Волга
РоссетиКубань
РоссетиЛенэнерго(ГК)
РоссетиМосковскийрегион
РоссетиСеверныйКавказ (ГК)
Россети Северо-Запад
Россети Сибирь(ГК)
Россети Томск
Россети Тюмень
Россети Урал(ГК)
Россети Центр
Россети Центри Приволжье(ГК)
Россети Юг (Г…
РоссетиЯнтарь
-10
0
10
п.п.
Отклонения фактического уровня потерь от бизнес-плана за 3 месяца (нарастающим итогом)
-0.2-0.2
-1.5-1.5
-0.1-0.1
-0.6-0.6
-95.8-95.8
-0.0-0.0
-0.7-0.7
1.31.3
-0.5-0.5
-0.2-0.2
-90.8-90.8
0.10.1
-0.4-0.4
0.10.1
0.00.0
-0.1-0.1
-0.2-0.2
-0.3-0.3
-0.6-0.6
-0.1-0.1
-0.0-0.0
-1.2-1.2
-89.4-89.4
-0.5-0.5
-90.2-90.2
-0.4-0.4
-1.0-1.0
-0.0-0.0
-0.7-0.7
-80.6-80.6
-1.0-1.0
-0.4-0.4
-0.1-0.1
-0.2-0.2
-0.8-0.8
-1.0-1.0
-0.2-0.2
-0.5-0.5
-1.2-1.2
0.00.0
-7.3-7.3
-0.0-0.0
-0.3-0.3
-1.3-1.3
-0.2-0.2
-0.5-0.5
-43.5-43.5
-1.0-1.0
-0.0-0.0
1.21.2
1.51.5
-0.7-0.7
1.21.2
-0.5-0.5
0.50.5
-0.2-0.2
0.10.1
-40.4-40.4
0.70.7
-0.0-0.0
-0.4-0.4
-0.0-0.0
-0.1-0.1
0.20.2
-0.1-0.1
-0.1-0.1
-0.4-0.4
-0.4-0.4
-0.6-0.6
-1.9-1.9
0.00.0
-0.6-0.6
1.21.2
0.70.7
-0.0-0.0
2.72.7
0.40.4
-1.3-1.3
-44.7-44.7
-0.4-0.4
-37.3-37.3
-0.7-0.7
2.32.3
-0.9-0.9
-0.0-0.0
-0.4-0.4
-39.6-39.6
-0.4-0.4
1.91.9
1.31.3
9.99.9
-0.7-0.7
-0.4-0.4
-0.6-0.6
-0.1-0.1
0.10.1
-1.3-1.3
0.90.9
0.90.9
2.12.1
-0.8-0.8
-0.8-0.8
-0.3-0.3
9.99.9
0.50.5
10.310.3
Итого по ФС…
Каббалкэнерго
Калмэнерго
Калугаэнерго
Карачаево-Черкесскэнерго
Карельский филиал
Кировэнерго
Костромаэнерго
Красноярскэнерго
Кубаньэнерго
Кузбассэнерго-РЭС
Курскэнерго
Ленинградская область
Липецкэнерго
Мариэнерго
Мордовэнерго
Московская область
Мурманский филиал
Нижновэнерго
Новгородский филиал
ООО «БрянскЭлектро»
Омскэнерго
Орелэнерго
Оренбургэнерго
Пензаэнерго
Пермэнерго
Псковский филиал
Россети Тюмень
Россети Янтарь
Ростовэнерго
Рязаньэнерго
Самарские РС
Саратовские РС
Свердловэнерго
Севкавказэнерго
Смоленскэнерго
Ставропольэнерго
Тамбовэнерго
Тверьэнерго
Томская распределительная компания
Тулэнерго
Удмуртэнерго
Ульяновские РС
Хакасэнерго
Челябэнерго
Читаэнерго
Чувашэнерго
Ярэнерго
г. Москва
г. Санкт-Петербург
филиал в Республике Коми
АО "Тываэнерго"
АО «ВМЭС»
АО «Воронежская горэлектросеть»
АО «Тульские городские электрические сети»
АО «Чеченэнерго»
АО «Ярославская электросетевая компания»
АО ЕЭСК
Алтайэнерго
Архангельский филиал
Астраханьэнерго
Белгородэнерго
Брянскэнерго
Бурятэнерго
Владимирэнерго
Волгоградэнерго
Вологодский филиал
Воронежэнерго
Дагэнерго
Ивэнерго
Ингушэнерго
-180
60

Статус данных
Просьба обратить внимание
— все данные не занесены
Факт
План
Итого – Факт
Отпуск в сеть 46 232 531
Отпуск из сети 42 375 280
Потери 3 857 252
Итого – План
У виджета нет данных
Выполнение бизнес-плана в части показателя «Уровень потерь электроэнергии»
Показатели баланса электроэнергии по ДЗО – Факт 
57 256 396 3 856 981 9 778 647 6 843 010 462 838
55 054 236 3 645 880 8 867 734 6 355 760 417 011
2 202 160 211 102 910 913 487 250 45 827
Показатели баланса электроэнергии по ДЗО – План
58 806 842 4 033 660 10 346 741 7 177 213 489 942
56 540 011 3 775 836 9 338 688 6 646 123 429 434
2 266 831 257 824 1 008 053 531 090 60 508'

05-03-2025T09:14:55 - [MESSAGE][PASSED] - Text of object 'Object Repository/Страница авторизации/Text' is: 'ДЗО 
ПАО Россети
Период
Январь 2025 года
Отклонения фактического уровня потерь от бизнес-плана, п.п.
-0.01
-0.92
-0.43
-0.28
-2.45
Россети ФСК ЕЭС
Россети Волга
Россети Московский регион
Россети Урал (ГК)
Россети Янтарь
-4
-2
0
2
4
6
8

Уровень потерь электроэнергии
Россети ФСК ЕЭС
Россети Волга
Россети Московский регион
Россети Урал (ГК)
Россети Янтарь
0
10
20
30
40
50
60
70
4.01
|
6.39
|
9.74
|
7.40
|
12.35
|
4.00
5.47
9.32
7.12
9.90
п.п.
3.24
Итого
0
1
2
3
4
%
5.10 5.10
8.34 8.34
План
Факт
1
100

● Бизнес-план выполнен● ●● Превышение бизнес-плана
Отклонения фактического уровня потерь от бизнес-плана за 3 месяца (нарастающим итогом), п.п.
-0.2-0.2
-8.3-8.3
3.13.1
-0.4-0.4
-0.6-0.6
-0.0-0.0
0.20.2
3.93.9
-0.4-0.4
-8.8-8.8
-0.0-0.0
0.20.2
-0.2-0.2
-0.5-0.5
-0.3-0.3
-0.5-0.5
-0.1-0.1
-0.2-0.2
-8.4-8.4
2.92.9
-0.4-0.4
-0.5-0.5
-0.0-0.0
0.20.2
3.83.8
-0.3-0.3
-7.9-7.9
-0.0-0.0
0.20.2
-0.2-0.2
-0.5-0.5
-0.2-0.2
-0.3-0.3
-0.1-0.1
-0.0-0.0
-0.9-0.9
-0.4-0.4
-0.3-0.3
-2.4-2.4
Россети ФСКЕЭС
АО«Тываэнерго»
АО«Чеченэнерго»
Россети Волга
РоссетиКубань
РоссетиЛенэнерго(ГК)
РоссетиМосковскийрегион
РоссетиСеверныйКавказ (ГК)
Россети Северо-Запад
Россети Сибирь(ГК)
Россети Томск
Россети Тюмень
Россети Урал(ГК)
Россети Центр
Россети Центри Приволжье(ГК)
Россети Юг (Г…
РоссетиЯнтарь
-10
0
10
п.п.
Отклонения фактического уровня потерь от бизнес-плана за 3 месяца (нарастающим итогом)
-0.2-0.2
-1.5-1.5
-0.1-0.1
-0.6-0.6
-95.8-95.8
-0.0-0.0
-0.7-0.7
1.31.3
-0.5-0.5
-0.2-0.2
-90.8-90.8
0.10.1
-0.4-0.4
0.10.1
0.00.0
-0.1-0.1
-0.2-0.2
-0.3-0.3
-0.6-0.6
-0.1-0.1
-0.0-0.0
-1.2-1.2
-89.4-89.4
-0.5-0.5
-90.2-90.2
-0.4-0.4
-1.0-1.0
-0.0-0.0
-0.7-0.7
-80.6-80.6
-1.0-1.0
-0.4-0.4
-0.1-0.1
-0.2-0.2
-0.8-0.8
-1.0-1.0
-0.2-0.2
-0.5-0.5
-1.2-1.2
0.00.0
-7.3-7.3
-0.0-0.0
-0.3-0.3
-1.3-1.3
-0.2-0.2
-0.5-0.5
-43.5-43.5
-1.0-1.0
-0.0-0.0
1.21.2
1.51.5
-0.7-0.7
1.21.2
-0.5-0.5
0.50.5
-0.2-0.2
0.10.1
-40.4-40.4
0.70.7
-0.0-0.0
-0.4-0.4
-0.0-0.0
-0.1-0.1
0.20.2
-0.1-0.1
-0.1-0.1
-0.4-0.4
-0.4-0.4
-0.6-0.6
-1.9-1.9
0.00.0
-0.6-0.6
1.21.2
0.70.7
-0.0-0.0
2.72.7
0.40.4
-1.3-1.3
-44.7-44.7
-0.4-0.4
-37.3-37.3
-0.7-0.7
2.32.3
-0.9-0.9
-0.0-0.0
-0.4-0.4
-39.6-39.6
-0.4-0.4
1.91.9
1.31.3
9.99.9
-0.7-0.7
-0.4-0.4
-0.6-0.6
-0.1-0.1
0.10.1
-1.3-1.3
0.90.9
0.90.9
2.12.1
-0.8-0.8
-0.8-0.8
-0.3-0.3
9.99.9
0.50.5
10.310.3
Итого по ФС…
Каббалкэнерго
Калмэнерго
Калугаэнерго
Карачаево-Черкесскэнерго
Карельский филиал
Кировэнерго
Костромаэнерго
Красноярскэнерго
Кубаньэнерго
Кузбассэнерго-РЭС
Курскэнерго
Ленинградская область
Липецкэнерго
Мариэнерго
Мордовэнерго
Московская область
Мурманский филиал
Нижновэнерго
Новгородский филиал
ООО «БрянскЭлектро»
Омскэнерго
Орелэнерго
Оренбургэнерго
Пензаэнерго
Пермэнерго
Псковский филиал
Россети Тюмень
Россети Янтарь
Ростовэнерго
Рязаньэнерго
Самарские РС
Саратовские РС
Свердловэнерго
Севкавказэнерго
Смоленскэнерго
Ставропольэнерго
Тамбовэнерго
Тверьэнерго
Томская распределительная компания
Тулэнерго
Удмуртэнерго
Ульяновские РС
Хакасэнерго
Челябэнерго
Читаэнерго
Чувашэнерго
Ярэнерго
г. Москва
г. Санкт-Петербург
филиал в Республике Коми
АО "Тываэнерго"
АО «ВМЭС»
АО «Воронежская горэлектросеть»
АО «Тульские городские электрические сети»
АО «Чеченэнерго»
АО «Ярославская электросетевая компания»
АО ЕЭСК
Алтайэнерго
Архангельский филиал
Астраханьэнерго
Белгородэнерго
Брянскэнерго
Бурятэнерго
Владимирэнерго
Волгоградэнерго
Вологодский филиал
Воронежэнерго
Дагэнерго
Ивэнерго
Ингушэнерго
-180
60

Статус данных
Просьба обратить внимание
— все данные не занесены
Факт
План
Итого – Факт
Отпуск в сеть 46 232 531
Отпуск из сети 42 375 280
Потери 3 857 252
Итого – План
У виджета нет данных
Выполнение бизнес-плана в части показателя «Уровень потерь электроэнергии»
Показатели баланса электроэнергии по ДЗО – Факт 
57 256 396 3 856 981 9 778 647 6 843 010 462 838
55 054 236 3 645 880 8 867 734 6 355 760 417 011
2 202 160 211 102 910 913 487 250 45 827
Показатели баланса электроэнергии по ДЗО – План
58 806 842 4 033 660 10 346 741 7 177 213 489 942
56 540 011 3 775 836 9 338 688 6 646 123 429 434
2 266 831 257 824 1 008 053 531 090 60 508'

05-03-2025T09:14:55 - [TEST_STEP][PASSED] - if (urlText.contains("ошибка") || urlText.contains(searchWord) == false): null

05-03-2025T09:14:55 - [TEST_STEP][PASSED] - Script1719299571342.ZakrytOpoveshenie(): null

05-03-2025T09:14:55 - [TEST_STEP][PASSED] - opoveshenie = getText(findTestObject("Выполнение бизнес-плана/Просьба обратить внимание")): Text of object 'Object Repository/Выполнение бизнес-плана/Просьба обратить внимание' is: 'Просьба обратить внимание'

05-03-2025T09:14:56 - [MESSAGE][PASSED] - Text of object 'Object Repository/Выполнение бизнес-плана/Просьба обратить внимание' is: 'Просьба обратить внимание'

05-03-2025T09:14:56 - [TEST_STEP][PASSED] - if (opoveshenie == "Просьба обратить внимание"): Object: 'Object Repository/Выполнение бизнес-плана/Закрыть оповещение' is clicked on

05-03-2025T09:14:56 - [TEST_STEP][PASSED] - click(findTestObject("Выполнение бизнес-плана/Закрыть оповещение")): Object: 'Object Repository/Выполнение бизнес-плана/Закрыть оповещение' is clicked on

05-03-2025T09:14:56 - [MESSAGE][PASSED] - Object: 'Object Repository/Выполнение бизнес-плана/Закрыть оповещение' is clicked on

05-03-2025T09:14:56 - [TEST_STEP][PASSED] - click(findTestObject(path + "Фильтр Дата")): Object: 'Object Repository/Выполнение бизнес-плана/Фильтр Дата' is clicked on

05-03-2025T09:14:56 - [MESSAGE][PASSED] - Object: 'Object Repository/Выполнение бизнес-плана/Фильтр Дата' is clicked on

05-03-2025T09:14:56 - [TEST_STEP][PASSED] - click(findTestObject(path + "Снять выделение в фильтре Дата")): Object: 'Object Repository/Выполнение бизнес-плана/Снять выделение в фильтре Дата' is clicked on

05-03-2025T09:14:57 - [MESSAGE][PASSED] - Object: 'Object Repository/Выполнение бизнес-плана/Снять выделение в фильтре Дата' is clicked on

05-03-2025T09:14:57 - [TEST_STEP][PASSED] - click(findTestObject(path + "Применить в фильтре Дата")): Object: 'Object Repository/Выполнение бизнес-плана/Применить в фильтре Дата' is clicked on

05-03-2025T09:14:58 - [MESSAGE][PASSED] - Object: 'Object Repository/Выполнение бизнес-плана/Применить в фильтре Дата' is clicked on

05-03-2025T09:14:58 - [TEST_STEP][PASSED] - delay(50): Delayed 50 second(s)

05-03-2025T09:15:48 - [MESSAGE][PASSED] - Delayed 50 second(s)

05-03-2025T09:15:48 - [TEST_STEP][PASSED] - Script1719299571342.ZakrytOpoveshenie(): null

05-03-2025T09:15:48 - [TEST_STEP][PASSED] - opoveshenie = getText(findTestObject("Выполнение бизнес-плана/Просьба обратить внимание")): Text of object 'Object Repository/Выполнение бизнес-плана/Просьба обратить внимание' is: 'Просьба обратить внимание'

05-03-2025T09:15:48 - [MESSAGE][PASSED] - Text of object 'Object Repository/Выполнение бизнес-плана/Просьба обратить внимание' is: 'Просьба обратить внимание'

05-03-2025T09:15:48 - [TEST_STEP][PASSED] - if (opoveshenie == "Просьба обратить внимание"): Object: 'Object Repository/Выполнение бизнес-плана/Закрыть оповещение' is clicked on

05-03-2025T09:15:48 - [TEST_STEP][PASSED] - click(findTestObject("Выполнение бизнес-плана/Закрыть оповещение")): Object: 'Object Repository/Выполнение бизнес-плана/Закрыть оповещение' is clicked on

05-03-2025T09:15:48 - [MESSAGE][PASSED] - Object: 'Object Repository/Выполнение бизнес-плана/Закрыть оповещение' is clicked on

05-03-2025T09:15:48 - [TEST_STEP][PASSED] - click(findTestObject(path + "Фильтр Дата")): Object: 'Object Repository/Выполнение бизнес-плана/Фильтр Дата' is clicked on

05-03-2025T09:15:49 - [MESSAGE][PASSED] - Object: 'Object Repository/Выполнение бизнес-плана/Фильтр Дата' is clicked on

05-03-2025T09:15:49 - [TEST_STEP][PASSED] - scrollToElement(findTestObject(path + "2025 список"), 30): Scroll to object 'Object Repository/Выполнение бизнес-плана/2025 список' successfully

05-03-2025T09:15:49 - [MESSAGE][PASSED] - Scroll to object 'Object Repository/Выполнение бизнес-плана/2025 список' successfully

05-03-2025T09:15:49 - [TEST_STEP][PASSED] - click(findTestObject(path + "2025 список")): Object: 'Object Repository/Выполнение бизнес-плана/2025 список' is clicked on

05-03-2025T09:15:50 - [MESSAGE][PASSED] - Object: 'Object Repository/Выполнение бизнес-плана/2025 список' is clicked on

05-03-2025T09:15:50 - [TEST_STEP][PASSED] - scrollToElement(findTestObject(path + "1 квартал 2025 список"), 30): Scroll to object 'Object Repository/Выполнение бизнес-плана/1 квартал 2025 список' successfully

05-03-2025T09:15:50 - [MESSAGE][PASSED] - Scroll to object 'Object Repository/Выполнение бизнес-плана/1 квартал 2025 список' successfully

05-03-2025T09:15:50 - [TEST_STEP][PASSED] - click(findTestObject(path + "1 квартал 2025 список")): Object: 'Object Repository/Выполнение бизнес-плана/1 квартал 2025 список' is clicked on

05-03-2025T09:15:51 - [MESSAGE][PASSED] - Object: 'Object Repository/Выполнение бизнес-плана/1 квартал 2025 список' is clicked on

05-03-2025T09:15:51 - [TEST_STEP][PASSED] - scrollToElement(findTestObject(path + "Январь 2025"), 30): Scroll to object 'Object Repository/Выполнение бизнес-плана/Январь 2025' successfully

05-03-2025T09:15:51 - [MESSAGE][PASSED] - Scroll to object 'Object Repository/Выполнение бизнес-плана/Январь 2025' successfully

05-03-2025T09:15:51 - [TEST_STEP][PASSED] - click(findTestObject(path + "Январь 2025")): Object: 'Object Repository/Выполнение бизнес-плана/Январь 2025' is clicked on

05-03-2025T09:15:51 - [MESSAGE][PASSED] - Object: 'Object Repository/Выполнение бизнес-плана/Январь 2025' is clicked on

05-03-2025T09:15:51 - [TEST_STEP][PASSED] - scrollToElement(findTestObject(path + "Заголовок дашборда"), 30): Scroll to object 'Object Repository/Выполнение бизнес-плана/Заголовок дашборда' successfully

05-03-2025T09:15:52 - [MESSAGE][PASSED] - Scroll to object 'Object Repository/Выполнение бизнес-плана/Заголовок дашборда' successfully

05-03-2025T09:15:52 - [TEST_STEP][PASSED] - click(findTestObject(path + "Применить в фильтре Дата")): Object: 'Object Repository/Выполнение бизнес-плана/Применить в фильтре Дата' is clicked on

05-03-2025T09:15:53 - [MESSAGE][PASSED] - Object: 'Object Repository/Выполнение бизнес-плана/Применить в фильтре Дата' is clicked on

05-03-2025T09:15:53 - [TEST_STEP][PASSED] - delay(30): Delayed 30 second(s)

05-03-2025T09:16:23 - [MESSAGE][PASSED] - Delayed 30 second(s)

05-03-2025T09:16:23 - [TEST_STEP][PASSED] - Script1719299571342.ZakrytOpoveshenie(): null

05-03-2025T09:16:23 - [TEST_STEP][PASSED] - opoveshenie = getText(findTestObject("Выполнение бизнес-плана/Просьба обратить внимание")): Text of object 'Object Repository/Выполнение бизнес-плана/Просьба обратить внимание' is: 'Просьба обратить внимание'

05-03-2025T09:16:23 - [MESSAGE][PASSED] - Text of object 'Object Repository/Выполнение бизнес-плана/Просьба обратить внимание' is: 'Просьба обратить внимание'

05-03-2025T09:16:23 - [TEST_STEP][PASSED] - if (opoveshenie == "Просьба обратить внимание"): Object: 'Object Repository/Выполнение бизнес-плана/Закрыть оповещение' is clicked on

05-03-2025T09:16:23 - [TEST_STEP][PASSED] - click(findTestObject("Выполнение бизнес-плана/Закрыть оповещение")): Object: 'Object Repository/Выполнение бизнес-плана/Закрыть оповещение' is clicked on

05-03-2025T09:16:23 - [MESSAGE][PASSED] - Object: 'Object Repository/Выполнение бизнес-плана/Закрыть оповещение' is clicked on

05-03-2025T09:16:23 - [TEST_STEP][PASSED] - click(findTestObject(path + "Фильтр ДЗО")): Object: 'Object Repository/Выполнение бизнес-плана/Фильтр ДЗО' is clicked on

05-03-2025T09:16:24 - [MESSAGE][PASSED] - Object: 'Object Repository/Выполнение бизнес-плана/Фильтр ДЗО' is clicked on

05-03-2025T09:16:24 - [TEST_STEP][PASSED] - click(findTestObject(path + "Снять выделение в фильтре ДЗО")): Object: 'Object Repository/Выполнение бизнес-плана/Снять выделение в фильтре ДЗО' is clicked on

05-03-2025T09:16:24 - [MESSAGE][PASSED] - Object: 'Object Repository/Выполнение бизнес-плана/Снять выделение в фильтре ДЗО' is clicked on

05-03-2025T09:16:24 - [TEST_STEP][PASSED] - click(findTestObject(path + "ПАО Россети")): Object: 'Object Repository/Выполнение бизнес-плана/ПАО Россети' is clicked on

05-03-2025T09:16:25 - [MESSAGE][PASSED] - Object: 'Object Repository/Выполнение бизнес-плана/ПАО Россети' is clicked on

05-03-2025T09:16:25 - [TEST_STEP][PASSED] - click(findTestObject(path + "Применить в фильтре ДЗО")): Object: 'Object Repository/Выполнение бизнес-плана/Применить в фильтре ДЗО' is clicked on

05-03-2025T09:16:26 - [MESSAGE][PASSED] - Object: 'Object Repository/Выполнение бизнес-плана/Применить в фильтре ДЗО' is clicked on

05-03-2025T09:16:26 - [TEST_STEP][PASSED] - delay(30): Delayed 30 second(s)

05-03-2025T09:16:56 - [MESSAGE][PASSED] - Delayed 30 second(s)

05-03-2025T09:16:56 - [TEST_STEP][PASSED] - VseDZO = getText(findTestObject(path + "Список ДЗО")): Text of object 'Object Repository/Выполнение бизнес-плана/Список ДЗО' is: '-0.01
-0.92
-0.43
-0.28
-2.45
Россети ФСК ЕЭС
Россети Волга
Россети Московский регион
Россети Урал (ГК)
Россети Янтарь
-4
-2
0
2
4
6
8'

05-03-2025T09:16:56 - [MESSAGE][PASSED] - Text of object 'Object Repository/Выполнение бизнес-плана/Список ДЗО' is: '-0.01
-0.92
-0.43
-0.28
-2.45
Россети ФСК ЕЭС
Россети Волга
Россети Московский регион
Россети Урал (ГК)
Россети Янтарь
-4
-2
0
2
4
6
8'

05-03-2025T09:16:56 - [TEST_STEP][PASSED] - pRR = GetAllPAOData(path, dZONum, VseDZO, z = "ПАО Россети/"): null

05-03-2025T09:16:56 - [TEST_STEP][PASSED] - path2 = "Значения со страницы Выполнение бизнес-плана/Table Data/": null

05-03-2025T09:16:56 - [TEST_STEP][PASSED] - ii = <not implemented yet for class: org.codehaus.groovy.ast.expr.EmptyExpression>: null

05-03-2025T09:16:56 - [TEST_STEP][PASSED] - i1 = <not implemented yet for class: org.codehaus.groovy.ast.expr.EmptyExpression>: null

05-03-2025T09:16:56 - [TEST_STEP][PASSED] - z = <not implemented yet for class: org.codehaus.groovy.ast.expr.EmptyExpression>: null

05-03-2025T09:16:56 - [TEST_STEP][PASSED] - z1 = <not implemented yet for class: org.codehaus.groovy.ast.expr.EmptyExpression>: null

05-03-2025T09:16:56 - [TEST_STEP][PASSED] - println("path: " + path): null

05-03-2025T09:16:56 - [TEST_STEP][PASSED] - z = getText(findTestObject(path + "Итого")).replaceAll("[\r?
|
]", "/"): Text of object 'Object Repository/Выполнение бизнес-плана/Итого' is: '%
5.10 5.10
8.34 8.34
План
Факт
1
100'

05-03-2025T09:16:56 - [MESSAGE][PASSED] - Text of object 'Object Repository/Выполнение бизнес-плана/Итого' is: '%
5.10 5.10
8.34 8.34
План
Факт
1
100'

05-03-2025T09:16:56 - [TEST_STEP][PASSED] - ii = z.indexOf("%") + 2: null

05-03-2025T09:16:56 - [TEST_STEP][PASSED] - if (ii > -1): null

05-03-2025T09:16:56 - [TEST_STEP][PASSED] - z = z.substring(ii, z.length()): null

05-03-2025T09:16:56 - [TEST_STEP][PASSED] - println(z): null

05-03-2025T09:16:56 - [TEST_STEP][PASSED] - ii = z.indexOf("/1/100") - 1: null

05-03-2025T09:16:56 - [TEST_STEP][PASSED] - if (ii > -1): null

05-03-2025T09:16:56 - [TEST_STEP][PASSED] - z = z.substring(0, ii): null

05-03-2025T09:16:56 - [TEST_STEP][PASSED] - println(z): null

05-03-2025T09:16:56 - [TEST_STEP][PASSED] - ii = z.indexOf("План"): null

05-03-2025T09:16:56 - [TEST_STEP][PASSED] - if (ii > -1): null

05-03-2025T09:16:56 - [TEST_STEP][PASSED] - z = z.substring(0, ii): null

05-03-2025T09:16:56 - [TEST_STEP][PASSED] - println(z): null

05-03-2025T09:16:56 - [TEST_STEP][PASSED] - ii = z.indexOf("/") + 1: null

05-03-2025T09:16:56 - [TEST_STEP][PASSED] - z1 = z.substring(0, ii): null

05-03-2025T09:16:56 - [TEST_STEP][PASSED] - println(z1): null

05-03-2025T09:16:56 - [TEST_STEP][PASSED] - z = z.substring(ii, z.length()): null

05-03-2025T09:16:56 - [TEST_STEP][PASSED] - println(z): null

05-03-2025T09:16:56 - [TEST_STEP][PASSED] - ii = z1.length() / 2: null

05-03-2025T09:16:56 - [TEST_STEP][PASSED] - z1 = replaceAll("[\r?
|
]", "/").trim(): null

05-03-2025T09:16:56 - [TEST_STEP][PASSED] - println(z1): null

05-03-2025T09:16:56 - [TEST_STEP][PASSED] - ii = z.length() / 2: null

05-03-2025T09:16:56 - [TEST_STEP][PASSED] - z = replace("/", "").trim(): null

05-03-2025T09:16:56 - [TEST_STEP][PASSED] - println(z): null

05-03-2025T09:16:56 - [TEST_STEP][PASSED] - x = x + z1 + "/" + z: null

05-03-2025T09:16:56 - [TEST_STEP][PASSED] - println(x): null

05-03-2025T09:16:56 - [TEST_STEP][PASSED] - if (verifyElementPresent(findTestObject(path + "Таблица Итого-Факт"), 30)): null

05-03-2025T09:16:57 - [MESSAGE][PASSED] - Object 'Object Repository/Выполнение бизнес-плана/Таблица Итого-Факт' is present

05-03-2025T09:16:57 - [TEST_STEP][PASSED] - z = replaceAll("\s+", "").replaceAll("[а-яА-Я]", ""): Text of object 'Object Repository/Выполнение бизнес-плана/Таблица Итого-Факт' is: 'Отпуск в сеть 46 232 531
Отпуск из сети 42 375 280
Потери 3 857 252'

05-03-2025T09:16:57 - [MESSAGE][PASSED] - Text of object 'Object Repository/Выполнение бизнес-плана/Таблица Итого-Факт' is: 'Отпуск в сеть 46 232 531
Отпуск из сети 42 375 280
Потери 3 857 252'

05-03-2025T09:16:57 - [TEST_STEP][PASSED] - println(z): null

05-03-2025T09:16:57 - [TEST_STEP][PASSED] - x = x + "/" + z: null

05-03-2025T09:16:57 - [TEST_STEP][PASSED] - println(x): null

05-03-2025T09:16:57 - [TEST_STEP][PASSED] - click(findTestObject(path + "Кнопка План")): Object: 'Object Repository/Выполнение бизнес-плана/Кнопка План' is clicked on

05-03-2025T09:16:57 - [MESSAGE][PASSED] - Object: 'Object Repository/Выполнение бизнес-плана/Кнопка План' is clicked on

05-03-2025T09:16:57 - [TEST_STEP][PASSED] - z = replaceAll("\s+", "").replaceAll("[а-яА-Я]", ""): Text of object 'Object Repository/Выполнение бизнес-плана/Таблица Итого-План' is: 'У виджета нет данных'

05-03-2025T09:16:58 - [MESSAGE][PASSED] - Text of object 'Object Repository/Выполнение бизнес-плана/Таблица Итого-План' is: 'У виджета нет данных'

05-03-2025T09:16:58 - [TEST_STEP][PASSED] - x = x + "/" + z: null

05-03-2025T09:16:58 - [TEST_STEP][PASSED] - println(x): null

05-03-2025T09:16:58 - [TEST_STEP][PASSED] - click(findTestObject(path + "Кнопка Факт")): Object: 'Object Repository/Выполнение бизнес-плана/Кнопка Факт' is clicked on

05-03-2025T09:16:58 - [MESSAGE][PASSED] - Object: 'Object Repository/Выполнение бизнес-плана/Кнопка Факт' is clicked on

05-03-2025T09:16:58 - [TEST_STEP][PASSED] - return x: null

05-03-2025T09:16:58 - [TEST_STEP][PASSED] - println("pRR: " + pRR): null

05-03-2025T09:16:58 - [TEST_STEP][PASSED] - i = VseDZO.indexOf("ЕЭС"): null

05-03-2025T09:16:58 - [TEST_STEP][PASSED] - if (i > -1): null

05-03-2025T09:16:58 - [TEST_STEP][PASSED] - dZONum = dZONum + 1: null

05-03-2025T09:16:58 - [TEST_STEP][PASSED] - fR = GetAllData(path, dZONum, VseDZO, x = "Россети ФСК ЕЭС/"): null

05-03-2025T09:16:58 - [TEST_STEP][PASSED] - ii = <not implemented yet for class: org.codehaus.groovy.ast.expr.EmptyExpression>: null

05-03-2025T09:16:58 - [TEST_STEP][PASSED] - i1 = <not implemented yet for class: org.codehaus.groovy.ast.expr.EmptyExpression>: null

05-03-2025T09:16:58 - [TEST_STEP][PASSED] - z = <not implemented yet for class: org.codehaus.groovy.ast.expr.EmptyExpression>: null

05-03-2025T09:16:58 - [TEST_STEP][PASSED] - path2 = "Значения со страницы Выполнение бизнес-плана/Table Data/": null

05-03-2025T09:16:58 - [TEST_STEP][PASSED] - println("path: " + path): null

05-03-2025T09:16:58 - [TEST_STEP][PASSED] - println("dZONum: " + dZONum): null

05-03-2025T09:16:58 - [TEST_STEP][PASSED] - z = getText(findTestObject(path + "spanPlan" + dZONum)): Text of object 'Object Repository/Выполнение бизнес-плана/spanPlan1' is: '4.01
|'

05-03-2025T09:16:58 - [MESSAGE][PASSED] - Text of object 'Object Repository/Выполнение бизнес-плана/spanPlan1' is: '4.01
|'

05-03-2025T09:16:58 - [TEST_STEP][PASSED] - println(z): null

05-03-2025T09:16:58 - [TEST_STEP][PASSED] - ii = z.indexOf("|"): null

05-03-2025T09:16:58 - [TEST_STEP][PASSED] - if (ii > -1): null

05-03-2025T09:16:58 - [TEST_STEP][PASSED] - z = z.substring(0, z.length() - 1): null

05-03-2025T09:16:58 - [TEST_STEP][PASSED] - println(z): null

05-03-2025T09:16:58 - [TEST_STEP][PASSED] - z = z.replaceAll("\s+", ""): null

05-03-2025T09:16:58 - [TEST_STEP][PASSED] - z = z.replace("[\r?
|
]", "/"): null

05-03-2025T09:16:58 - [TEST_STEP][PASSED] - println(z): null

05-03-2025T09:16:58 - [TEST_STEP][PASSED] - x = x + z: null

05-03-2025T09:16:58 - [TEST_STEP][PASSED] - z = getText(findTestObject(path + "spanFact" + dZONum)): Text of object 'Object Repository/Выполнение бизнес-плана/spanFact1' is: '4.00'

05-03-2025T09:16:59 - [MESSAGE][PASSED] - Text of object 'Object Repository/Выполнение бизнес-плана/spanFact1' is: '4.00'

05-03-2025T09:16:59 - [TEST_STEP][PASSED] - ii = z.indexOf("|"): null

05-03-2025T09:16:59 - [TEST_STEP][PASSED] - if (ii > -1): null

05-03-2025T09:16:59 - [TEST_STEP][PASSED] - x = x + "/" + z: null

05-03-2025T09:16:59 - [TEST_STEP][PASSED] - z = getText(findTestObject(path + path2 + "Факт Отпуск в сеть за отчётный период " + dZONum)).replaceAll("\s+", ""): Text of object 'Object Repository/Выполнение бизнес-плана/Значения со страницы Выполнение бизнес-плана/Table Data/Факт Отпуск в сеть за отчётный период 1' is: '57 256 396'

05-03-2025T09:16:59 - [MESSAGE][PASSED] - Text of object 'Object Repository/Выполнение бизнес-плана/Значения со страницы Выполнение бизнес-плана/Table Data/Факт Отпуск в сеть за отчётный период 1' is: '57 256 396'

05-03-2025T09:16:59 - [TEST_STEP][PASSED] - println("z=" + z): null

05-03-2025T09:16:59 - [TEST_STEP][PASSED] - x = x + "/" + z: null

05-03-2025T09:16:59 - [TEST_STEP][PASSED] - z = getText(findTestObject(path + path2 + "Факт Отпуск из сети за отчётный период " + dZONum)).replaceAll("\s+", ""): Text of object 'Object Repository/Выполнение бизнес-плана/Значения со страницы Выполнение бизнес-плана/Table Data/Факт Отпуск из сети за отчётный период 1' is: '10 346 741'

05-03-2025T09:16:59 - [MESSAGE][PASSED] - Text of object 'Object Repository/Выполнение бизнес-плана/Значения со страницы Выполнение бизнес-плана/Table Data/Факт Отпуск из сети за отчётный период 1' is: '10 346 741'

05-03-2025T09:16:59 - [TEST_STEP][PASSED] - x = x + "/" + z: null

05-03-2025T09:16:59 - [TEST_STEP][ERROR] - z = getText(findTestObject(path + path2 + "Факт Потери за отчётный период " + dZONum)).replaceAll("\s+", ""): Test Cases/Сверки дашбордов/Выполнение бизнес-плана сверка дашбордов FAILED.
Reason:
java.lang.NullPointerException: Cannot invoke method replaceAll() on null object
	at Выполнение бизнес-плана сверка дашбордов.GetAllData(Выполнение бизнес-плана сверка дашбордов:970)
	at Выполнение бизнес-плана сверка дашбордов.run(Выполнение бизнес-плана сверка дашбордов:156)
	at com.kms.katalon.core.main.ScriptEngine.run(ScriptEngine.java:194)
	at com.kms.katalon.core.main.ScriptEngine.runScriptAsRawText(ScriptEngine.java:119)
	at com.kms.katalon.core.main.TestCaseExecutor.runScript(TestCaseExecutor.java:448)
	at com.kms.katalon.core.main.TestCaseExecutor.doExecute(TestCaseExecutor.java:439)
	at com.kms.katalon.core.main.TestCaseExecutor.processExecutionPhase(TestCaseExecutor.java:418)
	at com.kms.katalon.core.main.TestCaseExecutor.accessMainPhase(TestCaseExecutor.java:410)
	at com.kms.katalon.core.main.TestCaseExecutor.execute(TestCaseExecutor.java:285)
	at com.kms.katalon.core.common.CommonExecutor.accessTestCaseMainPhase(CommonExecutor.java:65)
	at com.kms.katalon.core.main.TestSuiteExecutor.accessTestSuiteMainPhase(TestSuiteExecutor.java:150)
	at com.kms.katalon.core.main.TestSuiteExecutor.execute(TestSuiteExecutor.java:106)
	at com.kms.katalon.core.main.TestCaseMain.startTestSuite(TestCaseMain.java:180)
	at TempTestSuite1741155213601.run(TempTestSuite1741155213601.groovy:35)
	at java.base/jdk.internal.reflect.NativeMethodAccessorImpl.invoke0(Native Method)
	at java.base/jdk.internal.reflect.NativeMethodAccessorImpl.invoke(NativeMethodAccessorImpl.java:77)
	at java.base/jdk.internal.reflect.DelegatingMethodAccessorImpl.invoke(DelegatingMethodAccessorImpl.java:43)


05-03-2025T09:17:30 - [MESSAGE][INFO] - Unable to find the element located by 'By.xpath: (.//*[normalize-space(text()) and normalize-space(.)='Показатели баланса электроэнергии по ДЗО – Факт'])[2]/following::td[35]'. Please recheck the objects properties to make sure the desired element is located. 

05-03-2025T09:17:30 - [MESSAGE][FAILED] - Unable to get text of object 'Object Repository/Выполнение бизнес-плана/Значения со страницы Выполнение бизнес-плана/Table Data/Факт Потери за отчётный период 1' (Root cause: com.kms.katalon.core.exception.StepFailedException: Unable to get text of object 'Object Repository/Выполнение бизнес-плана/Значения со страницы Выполнение бизнес-плана/Table Data/Факт Потери за отчётный период 1'
	at com.kms.katalon.core.webui.keyword.internal.WebUIKeywordMain.stepFailed(WebUIKeywordMain.groovy:64)
	at com.kms.katalon.core.webui.keyword.internal.WebUIKeywordMain.runKeyword(WebUIKeywordMain.groovy:26)
	at com.kms.katalon.core.webui.keyword.builtin.GetTextKeyword.getText(GetTextKeyword.groovy:88)
	at com.kms.katalon.core.webui.keyword.builtin.GetTextKeyword.execute(GetTextKeyword.groovy:67)
	at com.kms.katalon.core.keyword.internal.KeywordExecutor.executeKeywordForPlatform(KeywordExecutor.groovy:74)
	at com.kms.katalon.core.webui.keyword.WebUiBuiltInKeywords.getText(WebUiBuiltInKeywords.groovy:957)
	at Выполнение бизнес-плана сверка дашбордов.GetAllData(Выполнение бизнес-плана сверка дашбордов:970)
	at Выполнение бизнес-плана сверка дашбордов.run(Выполнение бизнес-плана сверка дашбордов:156)
	at com.kms.katalon.core.main.ScriptEngine.run(ScriptEngine.java:194)
	at com.kms.katalon.core.main.ScriptEngine.runScriptAsRawText(ScriptEngine.java:119)
	at com.kms.katalon.core.main.TestCaseExecutor.runScript(TestCaseExecutor.java:448)
	at com.kms.katalon.core.main.TestCaseExecutor.doExecute(TestCaseExecutor.java:439)
	at com.kms.katalon.core.main.TestCaseExecutor.processExecutionPhase(TestCaseExecutor.java:418)
	at com.kms.katalon.core.main.TestCaseExecutor.accessMainPhase(TestCaseExecutor.java:410)
	at com.kms.katalon.core.main.TestCaseExecutor.execute(TestCaseExecutor.java:285)
	at com.kms.katalon.core.common.CommonExecutor.accessTestCaseMainPhase(CommonExecutor.java:65)
	at com.kms.katalon.core.main.TestSuiteExecutor.accessTestSuiteMainPhase(TestSuiteExecutor.java:150)
	at com.kms.katalon.core.main.TestSuiteExecutor.execute(TestSuiteExecutor.java:106)
	at com.kms.katalon.core.main.TestCaseMain.startTestSuite(TestCaseMain.java:180)
	at TempTestSuite1741155213601.run(TempTestSuite1741155213601.groovy:35)
	at java.base/jdk.internal.reflect.NativeMethodAccessorImpl.invoke0(Native Method)
	at java.base/jdk.internal.reflect.NativeMethodAccessorImpl.invoke(NativeMethodAccessorImpl.java:77)
	at java.base/jdk.internal.reflect.DelegatingMethodAccessorImpl.invoke(DelegatingMethodAccessorImpl.java:43)
Caused by: com.kms.katalon.core.webui.exception.WebElementNotFoundException: Web element with id: 'Object Repository/Выполнение бизнес-плана/Значения со страницы Выполнение бизнес-плана/Table Data/Факт Потери за отчётный период 1' located by '(.//*[normalize-space(text()) and normalize-space(.)='Показатели баланса электроэнергии по ДЗО – Факт'])[2]/following::td[35]' not found
	at com.kms.katalon.core.webui.common.WebUiCommonHelper.findWebElement(WebUiCommonHelper.java:1426)
	at com.kms.katalon.core.webui.keyword.internal.WebUIAbstractKeyword.findWebElement(WebUIAbstractKeyword.groovy:27)
	at com.kms.katalon.core.webui.keyword.internal.WebUIAbstractKeyword.findWebElement(WebUIAbstractKeyword.groovy:26)
	at com.kms.katalon.core.webui.keyword.builtin.GetTextKeyword$_getText_closure1.doCall(GetTextKeyword.groovy:78)
	at com.kms.katalon.core.webui.keyword.builtin.GetTextKeyword$_getText_closure1.call(GetTextKeyword.groovy)
	at com.kms.katalon.core.webui.keyword.internal.WebUIKeywordMain.runKeyword(WebUIKeywordMain.groovy:20)
	at com.kms.katalon.core.webui.keyword.builtin.GetTextKeyword.getText(GetTextKeyword.groovy:88)
	at com.kms.katalon.core.webui.keyword.builtin.GetTextKeyword.execute(GetTextKeyword.groovy:67)
	at com.kms.katalon.core.keyword.internal.KeywordExecutor.executeKeywordForPlatform(KeywordExecutor.groovy:74)
	at com.kms.katalon.core.webui.keyword.WebUiBuiltInKeywords.getText(WebUiBuiltInKeywords.groovy:957)
	at Script1719299571342.GetAllData(Script1719299571342.groovy:970)
	at Script1719299571342.run(Script1719299571342.groovy:156)
	... 15 more
)
[[ATTACHMENT|C:\\Users\\LIAZGINA-DI\\git\\SPORU\\Reports\\20250305_091333\\\u041F\u043D-\u0421\u0440-\u041F\u0442\\\u0421\u0432\u0435\u0440\u043A\u0430 \u0434\u0430\u0448\u0431\u043E\u0440\u0434\u043E\u0432 \u0438\u0437 \u0440\u0430\u0437\u043D\u044B\u0445 \u0431\u043B\u043E\u043A\u043E\u0432\\20250305_091333\\1741155450851.png]]

05-03-2025T09:17:30 - [MESSAGE][ERROR] - Test Cases/Сверки дашбордов/Выполнение бизнес-плана сверка дашбордов FAILED.
Reason:
java.lang.NullPointerException: Cannot invoke method replaceAll() on null object
	at Выполнение бизнес-плана сверка дашбордов.GetAllData(Выполнение бизнес-плана сверка дашбордов:970)
	at Выполнение бизнес-плана сверка дашбордов.run(Выполнение бизнес-плана сверка дашбордов:156)
	at com.kms.katalon.core.main.ScriptEngine.run(ScriptEngine.java:194)
	at com.kms.katalon.core.main.ScriptEngine.runScriptAsRawText(ScriptEngine.java:119)
	at com.kms.katalon.core.main.TestCaseExecutor.runScript(TestCaseExecutor.java:448)
	at com.kms.katalon.core.main.TestCaseExecutor.doExecute(TestCaseExecutor.java:439)
	at com.kms.katalon.core.main.TestCaseExecutor.processExecutionPhase(TestCaseExecutor.java:418)
	at com.kms.katalon.core.main.TestCaseExecutor.accessMainPhase(TestCaseExecutor.java:410)
	at com.kms.katalon.core.main.TestCaseExecutor.execute(TestCaseExecutor.java:285)
	at com.kms.katalon.core.common.CommonExecutor.accessTestCaseMainPhase(CommonExecutor.java:65)
	at com.kms.katalon.core.main.TestSuiteExecutor.accessTestSuiteMainPhase(TestSuiteExecutor.java:150)
	at com.kms.katalon.core.main.TestSuiteExecutor.execute(TestSuiteExecutor.java:106)
	at com.kms.katalon.core.main.TestCaseMain.startTestSuite(TestCaseMain.java:180)
	at TempTestSuite1741155213601.run(TempTestSuite1741155213601.groovy:35)
	at java.base/jdk.internal.reflect.NativeMethodAccessorImpl.invoke0(Native Method)
	at java.base/jdk.internal.reflect.NativeMethodAccessorImpl.invoke(NativeMethodAccessorImpl.java:77)
	at java.base/jdk.internal.reflect.DelegatingMethodAccessorImpl.invoke(DelegatingMethodAccessorImpl.java:43)]]></system-out>
         <system-err><![CDATA[05-03-2025T09:13:38 - [TEST_CASE][FAILED] - Test Cases/Сверки дашбордов/Выполнение бизнес-плана сверка дашбордов: Test Cases/Сверки дашбордов/Выполнение бизнес-плана сверка дашбордов FAILED.
Reason:
com.kms.katalon.core.exception.StepFailedException: Unable to get text of object 'Object Repository/Выполнение бизнес-плана/Значения со страницы Выполнение бизнес-плана/Table Data/Факт Потери за отчётный период 1' (Root cause: com.kms.katalon.core.exception.StepFailedException: Unable to get text of object 'Object Repository/Выполнение бизнес-плана/Значения со страницы Выполнение бизнес-плана/Table Data/Факт Потери за отчётный период 1'
	at com.kms.katalon.core.webui.keyword.internal.WebUIKeywordMain.stepFailed(WebUIKeywordMain.groovy:64)
	at com.kms.katalon.core.webui.keyword.internal.WebUIKeywordMain.runKeyword(WebUIKeywordMain.groovy:26)
	at com.kms.katalon.core.webui.keyword.builtin.GetTextKeyword.getText(GetTextKeyword.groovy:88)
	at com.kms.katalon.core.webui.keyword.builtin.GetTextKeyword.execute(GetTextKeyword.groovy:67)
	at com.kms.katalon.core.keyword.internal.KeywordExecutor.executeKeywordForPlatform(KeywordExecutor.groovy:74)
	at com.kms.katalon.core.webui.keyword.WebUiBuiltInKeywords.getText(WebUiBuiltInKeywords.groovy:957)
	at Выполнение бизнес-плана сверка дашбордов.GetAllData(Выполнение бизнес-плана сверка дашбордов:970)
	at Выполнение бизнес-плана сверка дашбордов.run(Выполнение бизнес-плана сверка дашбордов:156)
	at com.kms.katalon.core.main.ScriptEngine.run(ScriptEngine.java:194)
	at com.kms.katalon.core.main.ScriptEngine.runScriptAsRawText(ScriptEngine.java:119)
	at com.kms.katalon.core.main.TestCaseExecutor.runScript(TestCaseExecutor.java:448)
	at com.kms.katalon.core.main.TestCaseExecutor.doExecute(TestCaseExecutor.java:439)
	at com.kms.katalon.core.main.TestCaseExecutor.processExecutionPhase(TestCaseExecutor.java:418)
	at com.kms.katalon.core.main.TestCaseExecutor.accessMainPhase(TestCaseExecutor.java:410)
	at com.kms.katalon.core.main.TestCaseExecutor.execute(TestCaseExecutor.java:285)
	at com.kms.katalon.core.common.CommonExecutor.accessTestCaseMainPhase(CommonExecutor.java:65)
	at com.kms.katalon.core.main.TestSuiteExecutor.accessTestSuiteMainPhase(TestSuiteExecutor.java:150)
	at com.kms.katalon.core.main.TestSuiteExecutor.execute(TestSuiteExecutor.java:106)
	at com.kms.katalon.core.main.TestCaseMain.startTestSuite(TestCaseMain.java:180)
	at TempTestSuite1741155213601.run(TempTestSuite1741155213601.groovy:35)
	at java.base/jdk.internal.reflect.NativeMethodAccessorImpl.invoke0(Native Method)
	at java.base/jdk.internal.reflect.NativeMethodAccessorImpl.invoke(NativeMethodAccessorImpl.java:77)
	at java.base/jdk.internal.reflect.DelegatingMethodAccessorImpl.invoke(DelegatingMethodAccessorImpl.java:43)
Caused by: com.kms.katalon.core.webui.exception.WebElementNotFoundException: Web element with id: 'Object Repository/Выполнение бизнес-плана/Значения со страницы Выполнение бизнес-плана/Table Data/Факт Потери за отчётный период 1' located by '(.//*[normalize-space(text()) and normalize-space(.)='Показатели баланса электроэнергии по ДЗО – Факт'])[2]/following::td[35]' not found
	at com.kms.katalon.core.webui.common.WebUiCommonHelper.findWebElement(WebUiCommonHelper.java:1426)
	at com.kms.katalon.core.webui.keyword.internal.WebUIAbstractKeyword.findWebElement(WebUIAbstractKeyword.groovy:27)
	at com.kms.katalon.core.webui.keyword.internal.WebUIAbstractKeyword.findWebElement(WebUIAbstractKeyword.groovy:26)
	at com.kms.katalon.core.webui.keyword.builtin.GetTextKeyword$_getText_closure1.doCall(GetTextKeyword.groovy:78)
	at com.kms.katalon.core.webui.keyword.builtin.GetTextKeyword$_getText_closure1.call(GetTextKeyword.groovy)
	at com.kms.katalon.core.webui.keyword.internal.WebUIKeywordMain.runKeyword(WebUIKeywordMain.groovy:20)
	at com.kms.katalon.core.webui.keyword.builtin.GetTextKeyword.getText(GetTextKeyword.groovy:88)
	at com.kms.katalon.core.webui.keyword.builtin.GetTextKeyword.execute(GetTextKeyword.groovy:67)
	at com.kms.katalon.core.keyword.internal.KeywordExecutor.executeKeywordForPlatform(KeywordExecutor.groovy:74)
	at com.kms.katalon.core.webui.keyword.WebUiBuiltInKeywords.getText(WebUiBuiltInKeywords.groovy:957)
	at Script1719299571342.GetAllData(Script1719299571342.groovy:970)
	at Script1719299571342.run(Script1719299571342.groovy:156)
	... 15 more
)
	at com.kms.katalon.core.keyword.internal.KeywordMain.stepFailed(KeywordMain.groovy:39)
	at com.kms.katalon.core.webui.keyword.internal.WebUIKeywordMain.stepFailed(WebUIKeywordMain.groovy:64)
	at com.kms.katalon.core.webui.keyword.internal.WebUIKeywordMain.runKeyword(WebUIKeywordMain.groovy:26)
	at com.kms.katalon.core.webui.keyword.builtin.GetTextKeyword.getText(GetTextKeyword.groovy:88)
	at com.kms.katalon.core.webui.keyword.builtin.GetTextKeyword.execute(GetTextKeyword.groovy:67)
	at com.kms.katalon.core.keyword.internal.KeywordExecutor.executeKeywordForPlatform(KeywordExecutor.groovy:74)
	at com.kms.katalon.core.webui.keyword.WebUiBuiltInKeywords.getText(WebUiBuiltInKeywords.groovy:957)
	at Выполнение бизнес-плана сверка дашбордов.GetAllData(Выполнение бизнес-плана сверка дашбордов:970)
	at Выполнение бизнес-плана сверка дашбордов.run(Выполнение бизнес-плана сверка дашбордов:156)
	at com.kms.katalon.core.main.ScriptEngine.run(ScriptEngine.java:194)
	at com.kms.katalon.core.main.ScriptEngine.runScriptAsRawText(ScriptEngine.java:119)
	at com.kms.katalon.core.main.TestCaseExecutor.runScript(TestCaseExecutor.java:448)
	at com.kms.katalon.core.main.TestCaseExecutor.doExecute(TestCaseExecutor.java:439)
	at com.kms.katalon.core.main.TestCaseExecutor.processExecutionPhase(TestCaseExecutor.java:418)
	at com.kms.katalon.core.main.TestCaseExecutor.accessMainPhase(TestCaseExecutor.java:410)
	at com.kms.katalon.core.main.TestCaseExecutor.execute(TestCaseExecutor.java:285)
	at com.kms.katalon.core.common.CommonExecutor.accessTestCaseMainPhase(CommonExecutor.java:65)
	at com.kms.katalon.core.main.TestSuiteExecutor.accessTestSuiteMainPhase(TestSuiteExecutor.java:150)
	at com.kms.katalon.core.main.TestSuiteExecutor.execute(TestSuiteExecutor.java:106)
	at com.kms.katalon.core.main.TestCaseMain.startTestSuite(TestCaseMain.java:180)
	at TempTestSuite1741155213601.run(TempTestSuite1741155213601.groovy:35)
	at java.base/jdk.internal.reflect.NativeMethodAccessorImpl.invoke0(Native Method)
	at java.base/jdk.internal.reflect.NativeMethodAccessorImpl.invoke(NativeMethodAccessorImpl.java:77)
	at java.base/jdk.internal.reflect.DelegatingMethodAccessorImpl.invoke(DelegatingMethodAccessorImpl.java:43)
Caused by: com.kms.katalon.core.exception.StepFailedException: Unable to get text of object 'Object Repository/Выполнение бизнес-плана/Значения со страницы Выполнение бизнес-плана/Table Data/Факт Потери за отчётный период 1'
	... 23 more
Caused by: com.kms.katalon.core.webui.exception.WebElementNotFoundException: Web element with id: 'Object Repository/Выполнение бизнес-плана/Значения со страницы Выполнение бизнес-плана/Table Data/Факт Потери за отчётный период 1' located by '(.//*[normalize-space(text()) and normalize-space(.)='Показатели баланса электроэнергии по ДЗО – Факт'])[2]/following::td[35]' not found
	at com.kms.katalon.core.webui.common.WebUiCommonHelper.findWebElement(WebUiCommonHelper.java:1426)
	at com.kms.katalon.core.webui.keyword.internal.WebUIAbstractKeyword.findWebElement(WebUIAbstractKeyword.groovy:27)
	at com.kms.katalon.core.webui.keyword.internal.WebUIAbstractKeyword.findWebElement(WebUIAbstractKeyword.groovy:26)
	at com.kms.katalon.core.webui.keyword.builtin.GetTextKeyword$_getText_closure1.doCall(GetTextKeyword.groovy:78)
	at com.kms.katalon.core.webui.keyword.builtin.GetTextKeyword$_getText_closure1.call(GetTextKeyword.groovy)
	at com.kms.katalon.core.webui.keyword.internal.WebUIKeywordMain.runKeyword(WebUIKeywordMain.groovy:20)
	... 21 more]]></system-err>
      </testcase>
      <testcase name="Test Cases/Сверки дашбордов/Выручка в рублях сверка дашбордов ПАО Россети" time="3340.334" classname="Test Cases/Сверки дашбордов/Выручка в рублях сверка дашбордов ПАО Россети" status="FAILED">
         <failure type="FAILED" message="Test Cases/Сверки дашбордов/Выручка в рублях сверка дашбордов ПАО Россети FAILED.&#xa;Reason:&#xa;com.kms.katalon.core.exception.StepFailedException: Unable to verify equal between actual object '36556' and expected object '8156' (Root cause: com.kms.katalon.core.exception.StepFailedException: Actual object '36556' and expected object '8156' are not equal&#xa;	at com.kms.katalon.core.keyword.builtin.VerifyEqualKeyword$_verifyEqual_closure1.doCall(VerifyEqualKeyword.groovy:58)&#xa;	at com.kms.katalon.core.keyword.builtin.VerifyEqualKeyword$_verifyEqual_closure1.call(VerifyEqualKeyword.groovy)&#xa;	at com.kms.katalon.core.keyword.internal.KeywordMain.runKeyword(KeywordMain.groovy:75)&#xa;	at com.kms.katalon.core.keyword.builtin.VerifyEqualKeyword.verifyEqual(VerifyEqualKeyword.groovy:63)&#xa;	at com.kms.katalon.core.keyword.builtin.VerifyEqualKeyword.execute(VerifyEqualKeyword.groovy:44)&#xa;	at com.kms.katalon.core.keyword.internal.KeywordExecutor.executeKeywordForPlatform(KeywordExecutor.groovy:74)&#xa;	at com.kms.katalon.core.keyword.BuiltinKeywords.verifyEqual(BuiltinKeywords.groovy:146)&#xa;	at java.base/jdk.internal.reflect.NativeMethodAccessorImpl.invoke0(Native Method)&#xa;	at java.base/jdk.internal.reflect.NativeMethodAccessorImpl.invoke(NativeMethodAccessorImpl.java:77)&#xa;	at java.base/jdk.internal.reflect.DelegatingMethodAccessorImpl.invoke(DelegatingMethodAccessorImpl.java:43)&#xa;	at Выручка в рублях сверка дашбордов ПАО Россети.Blocks(Выручка в рублях сверка дашбордов ПАО Россети:357)&#xa;	at Выручка в рублях сверка дашбордов ПАО Россети.ViruchkaChange(Выручка в рублях сверка дашбордов ПАО Россети:60)&#xa;	at Выручка в рублях сверка дашбордов ПАО Россети.run(Выручка в рублях сверка дашбордов ПАО Россети:55)&#xa;	at com.kms.katalon.core.main.ScriptEngine.run(ScriptEngine.java:194)&#xa;	at com.kms.katalon.core.main.ScriptEngine.runScriptAsRawText(ScriptEngine.java:119)&#xa;	at com.kms.katalon.core.main.TestCaseExecutor.runScript(TestCaseExecutor.java:448)&#xa;	at com.kms.katalon.core.main.TestCaseExecutor.doExecute(TestCaseExecutor.java:439)&#xa;	at com.kms.katalon.core.main.TestCaseExecutor.processExecutionPhase(TestCaseExecutor.java:418)&#xa;	at com.kms.katalon.core.main.TestCaseExecutor.accessMainPhase(TestCaseExecutor.java:410)&#xa;	at com.kms.katalon.core.main.TestCaseExecutor.execute(TestCaseExecutor.java:285)&#xa;	at com.kms.katalon.core.common.CommonExecutor.accessTestCaseMainPhase(CommonExecutor.java:65)&#xa;	at com.kms.katalon.core.main.TestSuiteExecutor.accessTestSuiteMainPhase(TestSuiteExecutor.java:150)&#xa;	at com.kms.katalon.core.main.TestSuiteExecutor.execute(TestSuiteExecutor.java:106)&#xa;	at com.kms.katalon.core.main.TestCaseMain.startTestSuite(TestCaseMain.java:180)&#xa;	at TempTestSuite1741155213601.run(TempTestSuite1741155213601.groovy:35)&#xa;	at java.base/jdk.internal.reflect.NativeMethodAccessorImpl.invoke0(Native Method)&#xa;	at java.base/jdk.internal.reflect.NativeMethodAccessorImpl.invoke(NativeMethodAccessorImpl.java:77)&#xa;	at java.base/jdk.internal.reflect.DelegatingMethodAccessorImpl.invoke(DelegatingMethodAccessorImpl.java:43)&#xa;)&#xa;	at com.kms.katalon.core.keyword.internal.KeywordMain.stepFailed(KeywordMain.groovy:39)&#xa;	at com.kms.katalon.core.keyword.internal.KeywordMain.stepFailed(KeywordMain.groovy)&#xa;	at com.kms.katalon.core.keyword.internal.KeywordMain.runKeyword(KeywordMain.groovy:77)&#xa;	at com.kms.katalon.core.keyword.builtin.VerifyEqualKeyword.verifyEqual(VerifyEqualKeyword.groovy:63)&#xa;	at com.kms.katalon.core.keyword.builtin.VerifyEqualKeyword.execute(VerifyEqualKeyword.groovy:44)&#xa;	at com.kms.katalon.core.keyword.internal.KeywordExecutor.executeKeywordForPlatform(KeywordExecutor.groovy:74)&#xa;	at com.kms.katalon.core.keyword.BuiltinKeywords.verifyEqual(BuiltinKeywords.groovy:146)&#xa;	at java.base/jdk.internal.reflect.NativeMethodAccessorImpl.invoke0(Native Method)&#xa;	at java.base/jdk.internal.reflect.NativeMethodAccessorImpl.invoke(NativeMethodAccessorImpl.java:77)&#xa;	at java.base/jdk.internal.reflect.DelegatingMethodAccessorImpl.invoke(DelegatingMethodAccessorImpl.java:43)&#xa;	at Выручка в рублях сверка дашбордов ПАО Россети.Blocks(Выручка в рублях сверка дашбордов ПАО Россети:357)&#xa;	at Выручка в рублях сверка дашбордов ПАО Россети.ViruchkaChange(Выручка в рублях сверка дашбордов ПАО Россети:60)&#xa;	at Выручка в рублях сверка дашбордов ПАО Россети.run(Выручка в рублях сверка дашбордов ПАО Россети:55)&#xa;	at com.kms.katalon.core.main.ScriptEngine.run(ScriptEngine.java:194)&#xa;	at com.kms.katalon.core.main.ScriptEngine.runScriptAsRawText(ScriptEngine.java:119)&#xa;	at com.kms.katalon.core.main.TestCaseExecutor.runScript(TestCaseExecutor.java:448)&#xa;	at com.kms.katalon.core.main.TestCaseExecutor.doExecute(TestCaseExecutor.java:439)&#xa;	at com.kms.katalon.core.main.TestCaseExecutor.processExecutionPhase(TestCaseExecutor.java:418)&#xa;	at com.kms.katalon.core.main.TestCaseExecutor.accessMainPhase(TestCaseExecutor.java:410)&#xa;	at com.kms.katalon.core.main.TestCaseExecutor.execute(TestCaseExecutor.java:285)&#xa;	at com.kms.katalon.core.common.CommonExecutor.accessTestCaseMainPhase(CommonExecutor.java:65)&#xa;	at com.kms.katalon.core.main.TestSuiteExecutor.accessTestSuiteMainPhase(TestSuiteExecutor.java:150)&#xa;	at com.kms.katalon.core.main.TestSuiteExecutor.execute(TestSuiteExecutor.java:106)&#xa;	at com.kms.katalon.core.main.TestCaseMain.startTestSuite(TestCaseMain.java:180)&#xa;	at TempTestSuite1741155213601.run(TempTestSuite1741155213601.groovy:35)&#xa;	at java.base/jdk.internal.reflect.NativeMethodAccessorImpl.invoke0(Native Method)&#xa;	at java.base/jdk.internal.reflect.NativeMethodAccessorImpl.invoke(NativeMethodAccessorImpl.java:77)&#xa;	at java.base/jdk.internal.reflect.DelegatingMethodAccessorImpl.invoke(DelegatingMethodAccessorImpl.java:43)&#xa;Caused by: com.kms.katalon.core.exception.StepFailedException: Actual object '36556' and expected object '8156' are not equal&#xa;	at com.kms.katalon.core.keyword.builtin.VerifyEqualKeyword$_verifyEqual_closure1.doCall(VerifyEqualKeyword.groovy:58)&#xa;	at com.kms.katalon.core.keyword.builtin.VerifyEqualKeyword$_verifyEqual_closure1.call(VerifyEqualKeyword.groovy)&#xa;	at com.kms.katalon.core.keyword.internal.KeywordMain.runKeyword(KeywordMain.groovy:75)&#xa;	... 25 more&#xa;"/>
         <system-out><![CDATA[05-03-2025T09:17:30 - [TEST_CASE][FAILED] - Test Cases/Сверки дашбордов/Выручка в рублях сверка дашбордов ПАО Россети: Test Cases/Сверки дашбордов/Выручка в рублях сверка дашбордов ПАО Россети FAILED.
Reason:
com.kms.katalon.core.exception.StepFailedException: Unable to verify equal between actual object '36556' and expected object '8156' (Root cause: com.kms.katalon.core.exception.StepFailedException: Actual object '36556' and expected object '8156' are not equal
	at com.kms.katalon.core.keyword.builtin.VerifyEqualKeyword$_verifyEqual_closure1.doCall(VerifyEqualKeyword.groovy:58)
	at com.kms.katalon.core.keyword.builtin.VerifyEqualKeyword$_verifyEqual_closure1.call(VerifyEqualKeyword.groovy)
	at com.kms.katalon.core.keyword.internal.KeywordMain.runKeyword(KeywordMain.groovy:75)
	at com.kms.katalon.core.keyword.builtin.VerifyEqualKeyword.verifyEqual(VerifyEqualKeyword.groovy:63)
	at com.kms.katalon.core.keyword.builtin.VerifyEqualKeyword.execute(VerifyEqualKeyword.groovy:44)
	at com.kms.katalon.core.keyword.internal.KeywordExecutor.executeKeywordForPlatform(KeywordExecutor.groovy:74)
	at com.kms.katalon.core.keyword.BuiltinKeywords.verifyEqual(BuiltinKeywords.groovy:146)
	at java.base/jdk.internal.reflect.NativeMethodAccessorImpl.invoke0(Native Method)
	at java.base/jdk.internal.reflect.NativeMethodAccessorImpl.invoke(NativeMethodAccessorImpl.java:77)
	at java.base/jdk.internal.reflect.DelegatingMethodAccessorImpl.invoke(DelegatingMethodAccessorImpl.java:43)
	at Выручка в рублях сверка дашбордов ПАО Россети.Blocks(Выручка в рублях сверка дашбордов ПАО Россети:357)
	at Выручка в рублях сверка дашбордов ПАО Россети.ViruchkaChange(Выручка в рублях сверка дашбордов ПАО Россети:60)
	at Выручка в рублях сверка дашбордов ПАО Россети.run(Выручка в рублях сверка дашбордов ПАО Россети:55)
	at com.kms.katalon.core.main.ScriptEngine.run(ScriptEngine.java:194)
	at com.kms.katalon.core.main.ScriptEngine.runScriptAsRawText(ScriptEngine.java:119)
	at com.kms.katalon.core.main.TestCaseExecutor.runScript(TestCaseExecutor.java:448)
	at com.kms.katalon.core.main.TestCaseExecutor.doExecute(TestCaseExecutor.java:439)
	at com.kms.katalon.core.main.TestCaseExecutor.processExecutionPhase(TestCaseExecutor.java:418)
	at com.kms.katalon.core.main.TestCaseExecutor.accessMainPhase(TestCaseExecutor.java:410)
	at com.kms.katalon.core.main.TestCaseExecutor.execute(TestCaseExecutor.java:285)
	at com.kms.katalon.core.common.CommonExecutor.accessTestCaseMainPhase(CommonExecutor.java:65)
	at com.kms.katalon.core.main.TestSuiteExecutor.accessTestSuiteMainPhase(TestSuiteExecutor.java:150)
	at com.kms.katalon.core.main.TestSuiteExecutor.execute(TestSuiteExecutor.java:106)
	at com.kms.katalon.core.main.TestCaseMain.startTestSuite(TestCaseMain.java:180)
	at TempTestSuite1741155213601.run(TempTestSuite1741155213601.groovy:35)
	at java.base/jdk.internal.reflect.NativeMethodAccessorImpl.invoke0(Native Method)
	at java.base/jdk.internal.reflect.NativeMethodAccessorImpl.invoke(NativeMethodAccessorImpl.java:77)
	at java.base/jdk.internal.reflect.DelegatingMethodAccessorImpl.invoke(DelegatingMethodAccessorImpl.java:43)
)
	at com.kms.katalon.core.keyword.internal.KeywordMain.stepFailed(KeywordMain.groovy:39)
	at com.kms.katalon.core.keyword.internal.KeywordMain.stepFailed(KeywordMain.groovy)
	at com.kms.katalon.core.keyword.internal.KeywordMain.runKeyword(KeywordMain.groovy:77)
	at com.kms.katalon.core.keyword.builtin.VerifyEqualKeyword.verifyEqual(VerifyEqualKeyword.groovy:63)
	at com.kms.katalon.core.keyword.builtin.VerifyEqualKeyword.execute(VerifyEqualKeyword.groovy:44)
	at com.kms.katalon.core.keyword.internal.KeywordExecutor.executeKeywordForPlatform(KeywordExecutor.groovy:74)
	at com.kms.katalon.core.keyword.BuiltinKeywords.verifyEqual(BuiltinKeywords.groovy:146)
	at java.base/jdk.internal.reflect.NativeMethodAccessorImpl.invoke0(Native Method)
	at java.base/jdk.internal.reflect.NativeMethodAccessorImpl.invoke(NativeMethodAccessorImpl.java:77)
	at java.base/jdk.internal.reflect.DelegatingMethodAccessorImpl.invoke(DelegatingMethodAccessorImpl.java:43)
	at Выручка в рублях сверка дашбордов ПАО Россети.Blocks(Выручка в рублях сверка дашбордов ПАО Россети:357)
	at Выручка в рублях сверка дашбордов ПАО Россети.ViruchkaChange(Выручка в рублях сверка дашбордов ПАО Россети:60)
	at Выручка в рублях сверка дашбордов ПАО Россети.run(Выручка в рублях сверка дашбордов ПАО Россети:55)
	at com.kms.katalon.core.main.ScriptEngine.run(ScriptEngine.java:194)
	at com.kms.katalon.core.main.ScriptEngine.runScriptAsRawText(ScriptEngine.java:119)
	at com.kms.katalon.core.main.TestCaseExecutor.runScript(TestCaseExecutor.java:448)
	at com.kms.katalon.core.main.TestCaseExecutor.doExecute(TestCaseExecutor.java:439)
	at com.kms.katalon.core.main.TestCaseExecutor.processExecutionPhase(TestCaseExecutor.java:418)
	at com.kms.katalon.core.main.TestCaseExecutor.accessMainPhase(TestCaseExecutor.java:410)
	at com.kms.katalon.core.main.TestCaseExecutor.execute(TestCaseExecutor.java:285)
	at com.kms.katalon.core.common.CommonExecutor.accessTestCaseMainPhase(CommonExecutor.java:65)
	at com.kms.katalon.core.main.TestSuiteExecutor.accessTestSuiteMainPhase(TestSuiteExecutor.java:150)
	at com.kms.katalon.core.main.TestSuiteExecutor.execute(TestSuiteExecutor.java:106)
	at com.kms.katalon.core.main.TestCaseMain.startTestSuite(TestCaseMain.java:180)
	at TempTestSuite1741155213601.run(TempTestSuite1741155213601.groovy:35)
	at java.base/jdk.internal.reflect.NativeMethodAccessorImpl.invoke0(Native Method)
	at java.base/jdk.internal.reflect.NativeMethodAccessorImpl.invoke(NativeMethodAccessorImpl.java:77)
	at java.base/jdk.internal.reflect.DelegatingMethodAccessorImpl.invoke(DelegatingMethodAccessorImpl.java:43)
Caused by: com.kms.katalon.core.exception.StepFailedException: Actual object '36556' and expected object '8156' are not equal
	at com.kms.katalon.core.keyword.builtin.VerifyEqualKeyword$_verifyEqual_closure1.doCall(VerifyEqualKeyword.groovy:58)
	at com.kms.katalon.core.keyword.builtin.VerifyEqualKeyword$_verifyEqual_closure1.call(VerifyEqualKeyword.groovy)
	at com.kms.katalon.core.keyword.internal.KeywordMain.runKeyword(KeywordMain.groovy:75)
	... 25 more


05-03-2025T09:17:31 - [TEST_STEP][PASSED] - date = new java.util.Date(): null

05-03-2025T09:17:31 - [TEST_STEP][PASSED] - todaysDate = date.format("dd.MM.yyyy"): null

05-03-2025T09:17:31 - [TEST_STEP][PASSED] - println(todaysDate): null

05-03-2025T09:17:31 - [TEST_STEP][PASSED] - run = 1: null

05-03-2025T09:17:31 - [TEST_STEP][PASSED] - vir = 1: null

05-03-2025T09:17:31 - [TEST_STEP][PASSED] - block = 1: null

05-03-2025T09:17:31 - [TEST_STEP][PASSED] - vidget = <not implemented yet for class: org.codehaus.groovy.ast.expr.EmptyExpression>: null

05-03-2025T09:17:31 - [TEST_STEP][PASSED] - nameOfBlock = <not implemented yet for class: org.codehaus.groovy.ast.expr.EmptyExpression>: null

05-03-2025T09:17:31 - [TEST_STEP][PASSED] - typeOfData = <not implemented yet for class: org.codehaus.groovy.ast.expr.EmptyExpression>: null

05-03-2025T09:17:31 - [TEST_STEP][PASSED] - viruchka = <not implemented yet for class: org.codehaus.groovy.ast.expr.EmptyExpression>: null

05-03-2025T09:17:31 - [TEST_STEP][PASSED] - a = <not implemented yet for class: org.codehaus.groovy.ast.expr.EmptyExpression>: null

05-03-2025T09:17:31 - [TEST_STEP][PASSED] - b = <not implemented yet for class: org.codehaus.groovy.ast.expr.EmptyExpression>: null

05-03-2025T09:17:31 - [TEST_STEP][PASSED] - x = <not implemented yet for class: org.codehaus.groovy.ast.expr.EmptyExpression>: null

05-03-2025T09:17:31 - [TEST_STEP][PASSED] - y = <not implemented yet for class: org.codehaus.groovy.ast.expr.EmptyExpression>: null

05-03-2025T09:17:31 - [TEST_STEP][PASSED] - dZO = "ПАО Россети": null

05-03-2025T09:17:31 - [TEST_STEP][PASSED] - for ([run = 1, run < 3, (run++)]): null

05-03-2025T09:17:31 - [TEST_STEP][PASSED] - Script1710234207206.ViruchkaChange(run, vir, block, nameOfBlock, typeOfData, viruchka, vidget, todaysDate, a, b, dZO, x, y): null

05-03-2025T09:17:31 - [TEST_STEP][PASSED] - for ([vir = 1, vir < 4, (vir++)]): null

05-03-2025T09:17:31 - [TEST_STEP][PASSED] - Script1710234207206.Blocks(run, vir, block, nameOfBlock, typeOfData, viruchka, vidget, todaysDate, a, b, dZO, x, y): null

05-03-2025T09:17:31 - [TEST_STEP][PASSED] - i = <not implemented yet for class: org.codehaus.groovy.ast.expr.EmptyExpression>: null

05-03-2025T09:17:31 - [TEST_STEP][PASSED] - perc = "": null

05-03-2025T09:17:31 - [TEST_STEP][PASSED] - a1 = <not implemented yet for class: org.codehaus.groovy.ast.expr.EmptyExpression>: null

05-03-2025T09:17:31 - [TEST_STEP][PASSED] - a2 = <not implemented yet for class: org.codehaus.groovy.ast.expr.EmptyExpression>: null

05-03-2025T09:17:31 - [TEST_STEP][PASSED] - a30 = <not implemented yet for class: org.codehaus.groovy.ast.expr.EmptyExpression>: null

05-03-2025T09:17:31 - [TEST_STEP][PASSED] - a31 = <not implemented yet for class: org.codehaus.groovy.ast.expr.EmptyExpression>: null

05-03-2025T09:17:31 - [TEST_STEP][PASSED] - a32 = <not implemented yet for class: org.codehaus.groovy.ast.expr.EmptyExpression>: null

05-03-2025T09:17:31 - [TEST_STEP][PASSED] - a33 = <not implemented yet for class: org.codehaus.groovy.ast.expr.EmptyExpression>: null

05-03-2025T09:17:31 - [TEST_STEP][PASSED] - a34 = <not implemented yet for class: org.codehaus.groovy.ast.expr.EmptyExpression>: null

05-03-2025T09:17:31 - [TEST_STEP][PASSED] - a35 = <not implemented yet for class: org.codehaus.groovy.ast.expr.EmptyExpression>: null

05-03-2025T09:17:31 - [TEST_STEP][PASSED] - a36 = <not implemented yet for class: org.codehaus.groovy.ast.expr.EmptyExpression>: null

05-03-2025T09:17:31 - [TEST_STEP][PASSED] - a37 = <not implemented yet for class: org.codehaus.groovy.ast.expr.EmptyExpression>: null

05-03-2025T09:17:31 - [TEST_STEP][PASSED] - a38 = <not implemented yet for class: org.codehaus.groovy.ast.expr.EmptyExpression>: null

05-03-2025T09:17:31 - [TEST_STEP][PASSED] - a39 = <not implemented yet for class: org.codehaus.groovy.ast.expr.EmptyExpression>: null

05-03-2025T09:17:31 - [TEST_STEP][PASSED] - a310 = <not implemented yet for class: org.codehaus.groovy.ast.expr.EmptyExpression>: null

05-03-2025T09:17:31 - [TEST_STEP][PASSED] - a311 = <not implemented yet for class: org.codehaus.groovy.ast.expr.EmptyExpression>: null

05-03-2025T09:17:31 - [TEST_STEP][PASSED] - a312 = <not implemented yet for class: org.codehaus.groovy.ast.expr.EmptyExpression>: null

05-03-2025T09:17:31 - [TEST_STEP][PASSED] - a313 = <not implemented yet for class: org.codehaus.groovy.ast.expr.EmptyExpression>: null

05-03-2025T09:17:31 - [TEST_STEP][PASSED] - a314 = <not implemented yet for class: org.codehaus.groovy.ast.expr.EmptyExpression>: null

05-03-2025T09:17:31 - [TEST_STEP][PASSED] - a315 = <not implemented yet for class: org.codehaus.groovy.ast.expr.EmptyExpression>: null

05-03-2025T09:17:31 - [TEST_STEP][PASSED] - a316 = <not implemented yet for class: org.codehaus.groovy.ast.expr.EmptyExpression>: null

05-03-2025T09:17:31 - [TEST_STEP][PASSED] - a317 = <not implemented yet for class: org.codehaus.groovy.ast.expr.EmptyExpression>: null

05-03-2025T09:17:31 - [TEST_STEP][PASSED] - b1 = <not implemented yet for class: org.codehaus.groovy.ast.expr.EmptyExpression>: null

05-03-2025T09:17:31 - [TEST_STEP][PASSED] - b2 = <not implemented yet for class: org.codehaus.groovy.ast.expr.EmptyExpression>: null

05-03-2025T09:17:31 - [TEST_STEP][PASSED] - b30 = <not implemented yet for class: org.codehaus.groovy.ast.expr.EmptyExpression>: null

05-03-2025T09:17:31 - [TEST_STEP][PASSED] - b31 = <not implemented yet for class: org.codehaus.groovy.ast.expr.EmptyExpression>: null

05-03-2025T09:17:31 - [TEST_STEP][PASSED] - b32 = <not implemented yet for class: org.codehaus.groovy.ast.expr.EmptyExpression>: null

05-03-2025T09:17:31 - [TEST_STEP][PASSED] - b33 = <not implemented yet for class: org.codehaus.groovy.ast.expr.EmptyExpression>: null

05-03-2025T09:17:31 - [TEST_STEP][PASSED] - b34 = <not implemented yet for class: org.codehaus.groovy.ast.expr.EmptyExpression>: null

05-03-2025T09:17:31 - [TEST_STEP][PASSED] - b35 = <not implemented yet for class: org.codehaus.groovy.ast.expr.EmptyExpression>: null

05-03-2025T09:17:31 - [TEST_STEP][PASSED] - b36 = <not implemented yet for class: org.codehaus.groovy.ast.expr.EmptyExpression>: null

05-03-2025T09:17:31 - [TEST_STEP][PASSED] - b37 = <not implemented yet for class: org.codehaus.groovy.ast.expr.EmptyExpression>: null

05-03-2025T09:17:31 - [TEST_STEP][PASSED] - b38 = <not implemented yet for class: org.codehaus.groovy.ast.expr.EmptyExpression>: null

05-03-2025T09:17:31 - [TEST_STEP][PASSED] - b39 = <not implemented yet for class: org.codehaus.groovy.ast.expr.EmptyExpression>: null

05-03-2025T09:17:31 - [TEST_STEP][PASSED] - b310 = <not implemented yet for class: org.codehaus.groovy.ast.expr.EmptyExpression>: null

05-03-2025T09:17:31 - [TEST_STEP][PASSED] - b311 = <not implemented yet for class: org.codehaus.groovy.ast.expr.EmptyExpression>: null

05-03-2025T09:17:31 - [TEST_STEP][PASSED] - b312 = <not implemented yet for class: org.codehaus.groovy.ast.expr.EmptyExpression>: null

05-03-2025T09:17:31 - [TEST_STEP][PASSED] - b313 = <not implemented yet for class: org.codehaus.groovy.ast.expr.EmptyExpression>: null

05-03-2025T09:17:31 - [TEST_STEP][PASSED] - b314 = <not implemented yet for class: org.codehaus.groovy.ast.expr.EmptyExpression>: null

05-03-2025T09:17:31 - [TEST_STEP][PASSED] - b315 = <not implemented yet for class: org.codehaus.groovy.ast.expr.EmptyExpression>: null

05-03-2025T09:17:31 - [TEST_STEP][PASSED] - b316 = <not implemented yet for class: org.codehaus.groovy.ast.expr.EmptyExpression>: null

05-03-2025T09:17:31 - [TEST_STEP][PASSED] - b317 = <not implemented yet for class: org.codehaus.groovy.ast.expr.EmptyExpression>: null

05-03-2025T09:17:31 - [TEST_STEP][PASSED] - block = 1: null

05-03-2025T09:17:31 - [TEST_STEP][PASSED] - nameOfBlock = "": null

05-03-2025T09:17:31 - [TEST_STEP][PASSED] - Script1710234207206.PreSettings(run, vir, block, nameOfBlock, typeOfData, todaysDate): null

05-03-2025T09:17:31 - [TEST_STEP][PASSED] - openBrowser(""): Browser is opened with url: ''

05-03-2025T09:17:31 - [MESSAGE][WARNING] - A browser is already opened. Closing browser and opening a new one

05-03-2025T09:17:32 - [MESSAGE][INFO] - Starting 'Chrome' driver

05-03-2025T09:17:32 - [MESSAGE][INFO] - Action delay is set to 0 milliseconds

05-03-2025T09:17:33 - [MESSAGE][PASSED] - Browser is opened with url: ''

05-03-2025T09:17:33 - [TEST_STEP][PASSED] - refresh(): Refresh successfully

05-03-2025T09:17:33 - [MESSAGE][PASSED] - Refresh successfully

05-03-2025T09:17:33 - [TEST_STEP][PASSED] - delay(50): Delayed 50 second(s)

05-03-2025T09:18:23 - [MESSAGE][PASSED] - Delayed 50 second(s)

05-03-2025T09:18:23 - [TEST_STEP][PASSED] - println("run:" + run): null

05-03-2025T09:18:23 - [TEST_STEP][PASSED] - println("vir:" + vir): null

05-03-2025T09:18:23 - [TEST_STEP][PASSED] - println("block:" + block): null

05-03-2025T09:18:23 - [TEST_STEP][PASSED] - if (block == 1): null

05-03-2025T09:18:23 - [TEST_STEP][PASSED] - nameOfBlock = "": null

05-03-2025T09:18:23 - [TEST_STEP][PASSED] - println("nameOfBlock:" + nameOfBlock): null

05-03-2025T09:18:23 - [TEST_STEP][PASSED] - println("typeOfData:" + typeOfData): null

05-03-2025T09:18:23 - [TEST_STEP][PASSED] - println("todaysDate:" + todaysDate): null

05-03-2025T09:18:23 - [TEST_STEP][PASSED] - Script1710234207206.Autorization(block, nameOfBlock): null

05-03-2025T09:18:23 - [TEST_STEP][PASSED] - i = <not implemented yet for class: org.codehaus.groovy.ast.expr.EmptyExpression>: null

05-03-2025T09:18:23 - [TEST_STEP][PASSED] - ii = <not implemented yet for class: org.codehaus.groovy.ast.expr.EmptyExpression>: null

05-03-2025T09:18:23 - [TEST_STEP][PASSED] - urlData = <not implemented yet for class: org.codehaus.groovy.ast.expr.EmptyExpression>: null

05-03-2025T09:18:23 - [TEST_STEP][PASSED] - searchWord = <not implemented yet for class: org.codehaus.groovy.ast.expr.EmptyExpression>: null

05-03-2025T09:18:23 - [TEST_STEP][PASSED] - urlText = <not implemented yet for class: org.codehaus.groovy.ast.expr.EmptyExpression>: null

05-03-2025T09:18:23 - [TEST_STEP][PASSED] - println("block:" + block): null

05-03-2025T09:18:23 - [TEST_STEP][PASSED] - if (block == 1): null

05-03-2025T09:18:23 - [TEST_STEP][PASSED] - nameOfBlock = "": null

05-03-2025T09:18:23 - [TEST_STEP][PASSED] - println("nameOfBlock:" + nameOfBlock): null

05-03-2025T09:18:23 - [TEST_STEP][PASSED] - if (block == 1): Delayed 45 second(s)

05-03-2025T09:18:23 - [TEST_STEP][PASSED] - urlData = 2: null

05-03-2025T09:18:23 - [TEST_STEP][PASSED] - delay(45): Delayed 45 second(s)

05-03-2025T09:19:08 - [MESSAGE][PASSED] - Delayed 45 second(s)

05-03-2025T09:19:08 - [TEST_STEP][PASSED] - navigateToUrl(findTestData("PlanFact").getValue(10, urlData)): Navigate to 'https://bi.rosseti.digital/viewer?dashboardGuid=2301950b23be4ed89c1df75f2020051e&sheetGuid=b723206f698544fb87299f3095c00435&fit=true' successfully

05-03-2025T09:19:12 - [MESSAGE][PASSED] - Navigate to 'https://bi.rosseti.digital/viewer?dashboardGuid=2301950b23be4ed89c1df75f2020051e&sheetGuid=b723206f698544fb87299f3095c00435&fit=true' successfully

05-03-2025T09:19:12 - [TEST_STEP][PASSED] - urlText = getText(findTestObject("Страница авторизации/Text")): Text of object 'Object Repository/Страница авторизации/Text' is: 'Вход'

05-03-2025T09:19:14 - [MESSAGE][PASSED] - Text of object 'Object Repository/Страница авторизации/Text' is: 'Вход'

05-03-2025T09:19:14 - [TEST_STEP][PASSED] - searchWord = "Вход": null

05-03-2025T09:19:14 - [TEST_STEP][PASSED] - if (urlText == null || urlText.contains("ошибка") || urlText.contains(searchWord) == false): null

05-03-2025T09:19:14 - [TEST_STEP][PASSED] - if (verifyElementPresent(findTestObject("Страница авторизации/button_"), 30) == true): null

05-03-2025T09:19:14 - [MESSAGE][PASSED] - Object 'Object Repository/Страница авторизации/button_' is present

05-03-2025T09:19:14 - [TEST_STEP][PASSED] - setText(findTestObject("Страница авторизации/input__username"), findTestData("PlanFact").getValue(8, 1)): Text 'liazgina-di' is set on object 'Object Repository/Страница авторизации/input__username'

05-03-2025T09:19:15 - [MESSAGE][PASSED] - Text 'liazgina-di' is set on object 'Object Repository/Страница авторизации/input__username'

05-03-2025T09:19:15 - [TEST_STEP][PASSED] - setText(findTestObject("Страница авторизации/input__password"), findTestData("PlanFact").getValue(9, 1)): Text ')$%5srZ8o688Dm#q' is set on object 'Object Repository/Страница авторизации/input__password'

05-03-2025T09:19:15 - [MESSAGE][PASSED] - Text ')$%5srZ8o688Dm#q' is set on object 'Object Repository/Страница авторизации/input__password'

05-03-2025T09:19:15 - [TEST_STEP][PASSED] - click(findTestObject("Страница авторизации/button_")): Object: 'Object Repository/Страница авторизации/button_' is clicked on

05-03-2025T09:19:18 - [MESSAGE][PASSED] - Object: 'Object Repository/Страница авторизации/button_' is clicked on

05-03-2025T09:19:18 - [TEST_STEP][PASSED] - delay(45): Delayed 45 second(s)

05-03-2025T09:20:03 - [MESSAGE][PASSED] - Delayed 45 second(s)

05-03-2025T09:20:03 - [TEST_STEP][PASSED] - urlText = getText(findTestObject("Страница авторизации/Text")): Text of object 'Object Repository/Страница авторизации/Text' is: 'Период
Январь 2025 года
Выручка
Все
Выполнение плановых показателей по ПАО Россети за Январь 2025 года
План
Факт
Динамика
2025 год
0 млн.руб.
20 000 млн.руб.
40 000 млн.руб.
60 000 млн.руб.
80 000 млн.руб.
100 000 млн.руб.
120 000 млн.руб.
140 000 млн.руб.
160 000 млн.руб.
180 000 млн.руб.
200 000 млн.руб.
121 309
157 865
↑
ДЗО 
ПАО Россети
Внутренний оборот - выручка за услуги по передаче электрической энергии, учтенная в выручке за электроэнергию для конечных потребителей, при выполнении ДЗО функций гарантирующего поставщика
Подписи данных
⬤Отклонение
АО "РЭС"
АО «Тываэнерго»
АО «Чеченэнерго»
Россети Волга
Россети Кубань
Россети Ленэнерго (ГК)
Россети Московский регион
Россети Северный Кавказ (ГК)
Россети Северо-Запад
Россети Сибирь (ГК)
Россети Томск
Россети Тюмень
Россети Урал (ГК)
Россети ФСК ЕЭС
Россети Центр
Россети Центр и Приволжье (ГК)
Россети Юг (ГК)
Россети Янтарь
-2 000 млн.руб.
0 млн.руб.
2 000 млн.руб.
4 000 млн.руб.
6 000 млн.руб.
8 000 млн.руб.
10 000 млн.руб.
12 000 млн.руб.
14 000 млн.руб.
-73
274
463
1 630
-54
-403
8 709
3 799
-251
11 296
-58
-1 104
-474
-59
-675
13 055
500
-19
млн.
%
Выручка
Отклонение выручки по ПАО Россети за Январь 2025 года (факт/план, млн. руб)
ПАО Россети
36 556 млн.руб.
 '

05-03-2025T09:20:03 - [MESSAGE][PASSED] - Text of object 'Object Repository/Страница авторизации/Text' is: 'Период
Январь 2025 года
Выручка
Все
Выполнение плановых показателей по ПАО Россети за Январь 2025 года
План
Факт
Динамика
2025 год
0 млн.руб.
20 000 млн.руб.
40 000 млн.руб.
60 000 млн.руб.
80 000 млн.руб.
100 000 млн.руб.
120 000 млн.руб.
140 000 млн.руб.
160 000 млн.руб.
180 000 млн.руб.
200 000 млн.руб.
121 309
157 865
↑
ДЗО 
ПАО Россети
Внутренний оборот - выручка за услуги по передаче электрической энергии, учтенная в выручке за электроэнергию для конечных потребителей, при выполнении ДЗО функций гарантирующего поставщика
Подписи данных
⬤Отклонение
АО "РЭС"
АО «Тываэнерго»
АО «Чеченэнерго»
Россети Волга
Россети Кубань
Россети Ленэнерго (ГК)
Россети Московский регион
Россети Северный Кавказ (ГК)
Россети Северо-Запад
Россети Сибирь (ГК)
Россети Томск
Россети Тюмень
Россети Урал (ГК)
Россети ФСК ЕЭС
Россети Центр
Россети Центр и Приволжье (ГК)
Россети Юг (ГК)
Россети Янтарь
-2 000 млн.руб.
0 млн.руб.
2 000 млн.руб.
4 000 млн.руб.
6 000 млн.руб.
8 000 млн.руб.
10 000 млн.руб.
12 000 млн.руб.
14 000 млн.руб.
-73
274
463
1 630
-54
-403
8 709
3 799
-251
11 296
-58
-1 104
-474
-59
-675
13 055
500
-19
млн.
%
Выручка
Отклонение выручки по ПАО Россети за Январь 2025 года (факт/план, млн. руб)
ПАО Россети
36 556 млн.руб.
 '

05-03-2025T09:20:03 - [TEST_STEP][PASSED] - searchWord = "а": null

05-03-2025T09:20:03 - [TEST_STEP][PASSED] - if (urlText.contains("ошибка") || urlText.contains(searchWord) == false): null

05-03-2025T09:20:03 - [TEST_STEP][PASSED] - delay(45): Delayed 45 second(s)

05-03-2025T09:20:48 - [MESSAGE][PASSED] - Delayed 45 second(s)

05-03-2025T09:20:48 - [TEST_STEP][PASSED] - if (block == 2): null

05-03-2025T09:20:48 - [TEST_STEP][PASSED] - click(findTestObject("Выручка в рублях/Фильтр Период" + nameOfBlock)): Object: 'Object Repository/Выручка в рублях/Фильтр Период' is clicked on

05-03-2025T09:20:49 - [MESSAGE][PASSED] - Object: 'Object Repository/Выручка в рублях/Фильтр Период' is clicked on

05-03-2025T09:20:49 - [TEST_STEP][PASSED] - click(findTestObject("Выручка в рублях/Снять выделение в фильтре Дата" + nameOfBlock)): Object: 'Object Repository/Выручка в рублях/Снять выделение в фильтре Дата' is clicked on

05-03-2025T09:20:49 - [MESSAGE][PASSED] - Object: 'Object Repository/Выручка в рублях/Снять выделение в фильтре Дата' is clicked on

05-03-2025T09:20:49 - [TEST_STEP][PASSED] - click(findTestObject("Выручка в рублях/Применить в фильтре Дата" + nameOfBlock)): Object: 'Object Repository/Выручка в рублях/Применить в фильтре Дата' is clicked on

05-03-2025T09:20:50 - [MESSAGE][PASSED] - Object: 'Object Repository/Выручка в рублях/Применить в фильтре Дата' is clicked on

05-03-2025T09:20:50 - [TEST_STEP][PASSED] - delay(50): Delayed 50 second(s)

05-03-2025T09:21:40 - [MESSAGE][PASSED] - Delayed 50 second(s)

05-03-2025T09:21:40 - [TEST_STEP][PASSED] - click(findTestObject("Выручка в рублях/Фильтр Период" + nameOfBlock)): Object: 'Object Repository/Выручка в рублях/Фильтр Период' is clicked on

05-03-2025T09:21:40 - [MESSAGE][PASSED] - Object: 'Object Repository/Выручка в рублях/Фильтр Период' is clicked on

05-03-2025T09:21:40 - [TEST_STEP][PASSED] - click(findTestObject("Выручка в рублях/Снять выделение в фильтре Дата" + nameOfBlock)): Object: 'Object Repository/Выручка в рублях/Снять выделение в фильтре Дата' is clicked on

05-03-2025T09:21:41 - [MESSAGE][PASSED] - Object: 'Object Repository/Выручка в рублях/Снять выделение в фильтре Дата' is clicked on

05-03-2025T09:21:41 - [TEST_STEP][PASSED] - scrollToElement(findTestObject("Выручка в рублях/2025 список" + nameOfBlock), 30): Scroll to object 'Object Repository/Выручка в рублях/2025 список' successfully

05-03-2025T09:21:41 - [MESSAGE][PASSED] - Scroll to object 'Object Repository/Выручка в рублях/2025 список' successfully

05-03-2025T09:21:41 - [TEST_STEP][PASSED] - click(findTestObject("Выручка в рублях/2025 список" + nameOfBlock)): Object: 'Object Repository/Выручка в рублях/2025 список' is clicked on

05-03-2025T09:21:41 - [MESSAGE][PASSED] - Object: 'Object Repository/Выручка в рублях/2025 список' is clicked on

05-03-2025T09:21:41 - [TEST_STEP][PASSED] - scrollToElement(findTestObject("Выручка в рублях/1 квартал 2025 список Выручка"), 30): Scroll to object 'Object Repository/Выручка в рублях/1 квартал 2025 список Выручка' successfully

05-03-2025T09:21:42 - [MESSAGE][PASSED] - Scroll to object 'Object Repository/Выручка в рублях/1 квартал 2025 список Выручка' successfully

05-03-2025T09:21:42 - [TEST_STEP][PASSED] - click(findTestObject("Выручка в рублях/1 квартал 2025 список" + nameOfBlock)): Object: 'Object Repository/Выручка в рублях/1 квартал 2025 список' is clicked on

05-03-2025T09:21:42 - [MESSAGE][PASSED] - Object: 'Object Repository/Выручка в рублях/1 квартал 2025 список' is clicked on

05-03-2025T09:21:42 - [TEST_STEP][PASSED] - scrollToElement(findTestObject("Выручка в рублях/Январь 2025" + nameOfBlock), 30): Scroll to object 'Object Repository/Выручка в рублях/Январь 2025' successfully

05-03-2025T09:21:43 - [MESSAGE][PASSED] - Scroll to object 'Object Repository/Выручка в рублях/Январь 2025' successfully

05-03-2025T09:21:43 - [TEST_STEP][PASSED] - click(findTestObject("Выручка в рублях/Январь 2025" + nameOfBlock)): Object: 'Object Repository/Выручка в рублях/Январь 2025' is clicked on

05-03-2025T09:21:43 - [MESSAGE][PASSED] - Object: 'Object Repository/Выручка в рублях/Январь 2025' is clicked on

05-03-2025T09:21:43 - [TEST_STEP][PASSED] - scrollToElement(findTestObject("Выручка в рублях/Заголовок дашборда" + nameOfBlock), 30): Scroll to object 'Object Repository/Выручка в рублях/Заголовок дашборда' successfully

05-03-2025T09:21:43 - [MESSAGE][PASSED] - Scroll to object 'Object Repository/Выручка в рублях/Заголовок дашборда' successfully

05-03-2025T09:21:43 - [TEST_STEP][PASSED] - click(findTestObject("Выручка в рублях/Применить в фильтре Дата" + nameOfBlock)): Object: 'Object Repository/Выручка в рублях/Применить в фильтре Дата' is clicked on

05-03-2025T09:21:44 - [MESSAGE][PASSED] - Object: 'Object Repository/Выручка в рублях/Применить в фильтре Дата' is clicked on

05-03-2025T09:21:44 - [TEST_STEP][PASSED] - delay(55): Delayed 55 second(s)

05-03-2025T09:22:39 - [MESSAGE][PASSED] - Delayed 55 second(s)

05-03-2025T09:22:39 - [TEST_STEP][PASSED] - click(findTestObject("Выручка в рублях/Фильтр ДЗО" + nameOfBlock)): Object: 'Object Repository/Выручка в рублях/Фильтр ДЗО' is clicked on

05-03-2025T09:22:39 - [MESSAGE][PASSED] - Object: 'Object Repository/Выручка в рублях/Фильтр ДЗО' is clicked on

05-03-2025T09:22:39 - [TEST_STEP][PASSED] - click(findTestObject("Выручка в рублях/Снять выделение в фильтре ДЗО" + nameOfBlock)): Object: 'Object Repository/Выручка в рублях/Снять выделение в фильтре ДЗО' is clicked on

05-03-2025T09:22:40 - [MESSAGE][PASSED] - Object: 'Object Repository/Выручка в рублях/Снять выделение в фильтре ДЗО' is clicked on

05-03-2025T09:22:40 - [TEST_STEP][PASSED] - click(findTestObject("Выручка в рублях/Применить в фильтре ДЗО" + nameOfBlock)): Object: 'Object Repository/Выручка в рублях/Применить в фильтре ДЗО' is clicked on

05-03-2025T09:22:40 - [MESSAGE][PASSED] - Object: 'Object Repository/Выручка в рублях/Применить в фильтре ДЗО' is clicked on

05-03-2025T09:22:40 - [TEST_STEP][PASSED] - delay(50): Delayed 50 second(s)

05-03-2025T09:23:30 - [MESSAGE][PASSED] - Delayed 50 second(s)

05-03-2025T09:23:30 - [TEST_STEP][PASSED] - Script1710234207206.Tumbler(run, vir, block, nameOfBlock): null

05-03-2025T09:23:30 - [TEST_STEP][PASSED] - println("run:" + run): null

05-03-2025T09:23:30 - [TEST_STEP][PASSED] - println("vir:" + vir): null

05-03-2025T09:23:30 - [TEST_STEP][PASSED] - println("block:" + block): null

05-03-2025T09:23:30 - [TEST_STEP][PASSED] - println("nameOfBlock:" + nameOfBlock): null

05-03-2025T09:23:30 - [TEST_STEP][PASSED] - if (vir == 1): null

05-03-2025T09:23:30 - [TEST_STEP][PASSED] - if (run == 2): null

05-03-2025T09:23:30 - [TEST_STEP][PASSED] - click(findTestObject("Выручка в рублях/Фильтр ДЗО" + nameOfBlock)): Object: 'Object Repository/Выручка в рублях/Фильтр ДЗО' is clicked on

05-03-2025T09:23:31 - [MESSAGE][PASSED] - Object: 'Object Repository/Выручка в рублях/Фильтр ДЗО' is clicked on

05-03-2025T09:23:31 - [TEST_STEP][PASSED] - Script1710234207206.Rosseti(nameOfBlock): null

05-03-2025T09:23:31 - [TEST_STEP][PASSED] - println("nameOfBlock:" + nameOfBlock): null

05-03-2025T09:23:31 - [TEST_STEP][PASSED] - click(findTestObject("Выручка в рублях/ПАО Россети" + nameOfBlock)): Object: 'Object Repository/Выручка в рублях/ПАО Россети' is clicked on

05-03-2025T09:23:31 - [MESSAGE][PASSED] - Object: 'Object Repository/Выручка в рублях/ПАО Россети' is clicked on

05-03-2025T09:23:31 - [TEST_STEP][PASSED] - click(findTestObject("Выручка в рублях/Применить в фильтре ДЗО" + nameOfBlock)): Object: 'Object Repository/Выручка в рублях/Применить в фильтре ДЗО' is clicked on

05-03-2025T09:23:32 - [MESSAGE][PASSED] - Object: 'Object Repository/Выручка в рублях/Применить в фильтре ДЗО' is clicked on

05-03-2025T09:23:32 - [TEST_STEP][PASSED] - if (run == 2): null

05-03-2025T09:23:32 - [TEST_STEP][PASSED] - if (vir == 1 || vir == 2): Text of object 'Object Repository/Выручка в рублях/График План' is: '121 309'

05-03-2025T09:23:32 - [TEST_STEP][PASSED] - a1 = getText(findTestObject("Выручка в рублях/График План")): Text of object 'Object Repository/Выручка в рублях/График План' is: '121 309'

05-03-2025T09:23:33 - [MESSAGE][PASSED] - Text of object 'Object Repository/Выручка в рублях/График План' is: '121 309'

05-03-2025T09:23:33 - [TEST_STEP][PASSED] - if (vir == 1 || vir == 2): Text of object 'Object Repository/Выручка в рублях/График Факт' is: '157 865'

05-03-2025T09:23:33 - [TEST_STEP][PASSED] - a2 = getText(findTestObject("Выручка в рублях/График Факт")): Text of object 'Object Repository/Выручка в рублях/График Факт' is: '157 865'

05-03-2025T09:23:33 - [MESSAGE][PASSED] - Text of object 'Object Repository/Выручка в рублях/График Факт' is: '157 865'

05-03-2025T09:23:33 - [TEST_STEP][PASSED] - a30 = getText(findTestObject("Выручка в рублях/span1" + perc)): Text of object 'Object Repository/Выручка в рублях/span1' is: '36 556 млн.руб.'

05-03-2025T09:23:33 - [MESSAGE][PASSED] - Text of object 'Object Repository/Выручка в рублях/span1' is: '36 556 млн.руб.'

05-03-2025T09:23:33 - [TEST_STEP][PASSED] - i = a30.indexOf("млн.руб."): null

05-03-2025T09:23:33 - [TEST_STEP][PASSED] - if (i > -1): null

05-03-2025T09:23:33 - [TEST_STEP][PASSED] - a30 = a30.substring(0, i): null

05-03-2025T09:23:33 - [TEST_STEP][PASSED] - a30 = a30.replaceAll(" ", ""): null

05-03-2025T09:23:33 - [TEST_STEP][PASSED] - if (a30.contains("%")): null

05-03-2025T09:23:33 - [TEST_STEP][PASSED] - a30 = ").trim(): null

05-03-2025T09:23:33 - [TEST_STEP][PASSED] - println("a30: " + a30): null

05-03-2025T09:23:33 - [TEST_STEP][PASSED] - if (vir == 1 || vir == 2): Text of object 'Object Repository/Выручка в рублях/span2' is: '274'

05-03-2025T09:23:33 - [TEST_STEP][PASSED] - a31 = ").trim(): Text of object 'Object Repository/Выручка в рублях/span2' is: '274'

05-03-2025T09:23:34 - [MESSAGE][PASSED] - Text of object 'Object Repository/Выручка в рублях/span2' is: '274'

05-03-2025T09:23:34 - [TEST_STEP][PASSED] - if (vir == 1 || vir == 2): Text of object 'Object Repository/Выручка в рублях/span3' is: '463'

05-03-2025T09:23:34 - [TEST_STEP][PASSED] - a32 = ").trim(): Text of object 'Object Repository/Выручка в рублях/span3' is: '463'

05-03-2025T09:23:34 - [MESSAGE][PASSED] - Text of object 'Object Repository/Выручка в рублях/span3' is: '463'

05-03-2025T09:23:34 - [TEST_STEP][PASSED] - if (vir == 1 || vir == 2): Text of object 'Object Repository/Выручка в рублях/span8' is: '3 799'

05-03-2025T09:23:34 - [TEST_STEP][PASSED] - a33 = ").trim(): Text of object 'Object Repository/Выручка в рублях/span4' is: '1 630'

05-03-2025T09:23:34 - [MESSAGE][PASSED] - Text of object 'Object Repository/Выручка в рублях/span4' is: '1 630'

05-03-2025T09:23:34 - [TEST_STEP][PASSED] - a34 = ").trim(): Text of object 'Object Repository/Выручка в рублях/span5' is: '-54'

05-03-2025T09:23:35 - [MESSAGE][PASSED] - Text of object 'Object Repository/Выручка в рублях/span5' is: '-54'

05-03-2025T09:23:35 - [TEST_STEP][PASSED] - a35 = ").trim(): Text of object 'Object Repository/Выручка в рублях/span6' is: '-403'

05-03-2025T09:23:35 - [MESSAGE][PASSED] - Text of object 'Object Repository/Выручка в рублях/span6' is: '-403'

05-03-2025T09:23:35 - [TEST_STEP][PASSED] - a36 = ").trim(): Text of object 'Object Repository/Выручка в рублях/span7' is: '8 709'

05-03-2025T09:23:35 - [MESSAGE][PASSED] - Text of object 'Object Repository/Выручка в рублях/span7' is: '8 709'

05-03-2025T09:23:35 - [TEST_STEP][PASSED] - a37 = ").trim(): Text of object 'Object Repository/Выручка в рублях/span8' is: '3 799'

05-03-2025T09:23:35 - [MESSAGE][PASSED] - Text of object 'Object Repository/Выручка в рублях/span8' is: '3 799'

05-03-2025T09:23:35 - [TEST_STEP][PASSED] - if (vir == 1 || vir == 2): Text of object 'Object Repository/Выручка в рублях/span17' is: '500'

05-03-2025T09:23:35 - [TEST_STEP][PASSED] - a38 = ").trim(): Text of object 'Object Repository/Выручка в рублях/span9' is: '-251'

05-03-2025T09:23:36 - [MESSAGE][PASSED] - Text of object 'Object Repository/Выручка в рублях/span9' is: '-251'

05-03-2025T09:23:36 - [TEST_STEP][PASSED] - a39 = ").trim(): Text of object 'Object Repository/Выручка в рублях/span10' is: '11 296'

05-03-2025T09:23:36 - [MESSAGE][PASSED] - Text of object 'Object Repository/Выручка в рублях/span10' is: '11 296'

05-03-2025T09:23:36 - [TEST_STEP][PASSED] - a310 = ").trim(): Text of object 'Object Repository/Выручка в рублях/span11' is: '-58'

05-03-2025T09:23:36 - [MESSAGE][PASSED] - Text of object 'Object Repository/Выручка в рублях/span11' is: '-58'

05-03-2025T09:23:36 - [TEST_STEP][PASSED] - a311 = ").trim(): Text of object 'Object Repository/Выручка в рублях/span12' is: '-1 104'

05-03-2025T09:23:37 - [MESSAGE][PASSED] - Text of object 'Object Repository/Выручка в рублях/span12' is: '-1 104'

05-03-2025T09:23:37 - [TEST_STEP][PASSED] - a312 = ").trim(): Text of object 'Object Repository/Выручка в рублях/span13' is: '-474'

05-03-2025T09:23:37 - [MESSAGE][PASSED] - Text of object 'Object Repository/Выручка в рублях/span13' is: '-474'

05-03-2025T09:23:37 - [TEST_STEP][PASSED] - a313 = ").trim(): Text of object 'Object Repository/Выручка в рублях/span14' is: '-59'

05-03-2025T09:23:37 - [MESSAGE][PASSED] - Text of object 'Object Repository/Выручка в рублях/span14' is: '-59'

05-03-2025T09:23:37 - [TEST_STEP][PASSED] - a314 = ").trim(): Text of object 'Object Repository/Выручка в рублях/span15' is: '-675'

05-03-2025T09:23:38 - [MESSAGE][PASSED] - Text of object 'Object Repository/Выручка в рублях/span15' is: '-675'

05-03-2025T09:23:38 - [TEST_STEP][PASSED] - a315 = ").trim(): Text of object 'Object Repository/Выручка в рублях/span16' is: '13 055'

05-03-2025T09:23:38 - [MESSAGE][PASSED] - Text of object 'Object Repository/Выручка в рублях/span16' is: '13 055'

05-03-2025T09:23:38 - [TEST_STEP][PASSED] - a316 = ").trim(): Text of object 'Object Repository/Выручка в рублях/span17' is: '500'

05-03-2025T09:23:38 - [MESSAGE][PASSED] - Text of object 'Object Repository/Выручка в рублях/span17' is: '500'

05-03-2025T09:23:38 - [TEST_STEP][PASSED] - if (vir == 1 || vir == 2): Text of object 'Object Repository/Выручка в рублях/span18' is: '-19'

05-03-2025T09:23:38 - [TEST_STEP][PASSED] - a317 = ").trim(): Text of object 'Object Repository/Выручка в рублях/span18' is: '-19'

05-03-2025T09:23:39 - [MESSAGE][PASSED] - Text of object 'Object Repository/Выручка в рублях/span18' is: '-19'

05-03-2025T09:23:39 - [TEST_STEP][PASSED] - block = 2: null

05-03-2025T09:23:39 - [TEST_STEP][PASSED] - nameOfBlock = " Выручка": null

05-03-2025T09:23:39 - [TEST_STEP][PASSED] - Script1710234207206.PreSettings(run, vir, block, nameOfBlock, typeOfData, todaysDate): null

05-03-2025T09:23:39 - [TEST_STEP][PASSED] - openBrowser(""): Browser is opened with url: ''

05-03-2025T09:23:39 - [MESSAGE][WARNING] - A browser is already opened. Closing browser and opening a new one

05-03-2025T09:23:39 - [MESSAGE][INFO] - Starting 'Chrome' driver

05-03-2025T09:23:39 - [MESSAGE][INFO] - Action delay is set to 0 milliseconds

05-03-2025T09:23:40 - [MESSAGE][PASSED] - Browser is opened with url: ''

05-03-2025T09:23:40 - [TEST_STEP][PASSED] - refresh(): Refresh successfully

05-03-2025T09:23:40 - [MESSAGE][PASSED] - Refresh successfully

05-03-2025T09:23:40 - [TEST_STEP][PASSED] - delay(50): Delayed 50 second(s)

05-03-2025T09:24:30 - [MESSAGE][PASSED] - Delayed 50 second(s)

05-03-2025T09:24:30 - [TEST_STEP][PASSED] - println("run:" + run): null

05-03-2025T09:24:30 - [TEST_STEP][PASSED] - println("vir:" + vir): null

05-03-2025T09:24:30 - [TEST_STEP][PASSED] - println("block:" + block): null

05-03-2025T09:24:30 - [TEST_STEP][PASSED] - if (block == 1): null

05-03-2025T09:24:30 - [TEST_STEP][PASSED] - else: null

05-03-2025T09:24:30 - [TEST_STEP][PASSED] - nameOfBlock = " Выручка": null

05-03-2025T09:24:30 - [TEST_STEP][PASSED] - println("nameOfBlock:" + nameOfBlock): null

05-03-2025T09:24:30 - [TEST_STEP][PASSED] - println("typeOfData:" + typeOfData): null

05-03-2025T09:24:30 - [TEST_STEP][PASSED] - println("todaysDate:" + todaysDate): null

05-03-2025T09:24:30 - [TEST_STEP][PASSED] - Script1710234207206.Autorization(block, nameOfBlock): null

05-03-2025T09:24:30 - [TEST_STEP][PASSED] - i = <not implemented yet for class: org.codehaus.groovy.ast.expr.EmptyExpression>: null

05-03-2025T09:24:30 - [TEST_STEP][PASSED] - ii = <not implemented yet for class: org.codehaus.groovy.ast.expr.EmptyExpression>: null

05-03-2025T09:24:30 - [TEST_STEP][PASSED] - urlData = <not implemented yet for class: org.codehaus.groovy.ast.expr.EmptyExpression>: null

05-03-2025T09:24:30 - [TEST_STEP][PASSED] - searchWord = <not implemented yet for class: org.codehaus.groovy.ast.expr.EmptyExpression>: null

05-03-2025T09:24:30 - [TEST_STEP][PASSED] - urlText = <not implemented yet for class: org.codehaus.groovy.ast.expr.EmptyExpression>: null

05-03-2025T09:24:30 - [TEST_STEP][PASSED] - println("block:" + block): null

05-03-2025T09:24:30 - [TEST_STEP][PASSED] - if (block == 1): null

05-03-2025T09:24:30 - [TEST_STEP][PASSED] - else: null

05-03-2025T09:24:30 - [TEST_STEP][PASSED] - delay(45): Delayed 45 second(s)

05-03-2025T09:25:15 - [MESSAGE][PASSED] - Delayed 45 second(s)

05-03-2025T09:25:15 - [TEST_STEP][PASSED] - nameOfBlock = " Выручка": null

05-03-2025T09:25:15 - [TEST_STEP][PASSED] - println("nameOfBlock:" + nameOfBlock): null

05-03-2025T09:25:15 - [TEST_STEP][PASSED] - if (block == 1): null

05-03-2025T09:25:15 - [TEST_STEP][PASSED] - else: Delayed 45 second(s)

05-03-2025T09:25:15 - [TEST_STEP][PASSED] - urlData = 9: null

05-03-2025T09:25:15 - [TEST_STEP][PASSED] - delay(45): Delayed 45 second(s)

05-03-2025T09:26:00 - [MESSAGE][PASSED] - Delayed 45 second(s)

05-03-2025T09:26:00 - [TEST_STEP][PASSED] - navigateToUrl(findTestData("PlanFact").getValue(10, urlData)): Navigate to 'https://bi.rosseti.digital/viewer?dashboardGuid=a1fd28b3785d443cbc4d7690a1d78e31&sheetGuid=86092a20c5984827a0c87b24cac76a50&fit=true' successfully

05-03-2025T09:26:03 - [MESSAGE][PASSED] - Navigate to 'https://bi.rosseti.digital/viewer?dashboardGuid=a1fd28b3785d443cbc4d7690a1d78e31&sheetGuid=86092a20c5984827a0c87b24cac76a50&fit=true' successfully

05-03-2025T09:26:03 - [TEST_STEP][PASSED] - urlText = getText(findTestObject("Страница авторизации/Text")): Text of object 'Object Repository/Страница авторизации/Text' is: 'Вход'

05-03-2025T09:26:05 - [MESSAGE][PASSED] - Text of object 'Object Repository/Страница авторизации/Text' is: 'Вход'

05-03-2025T09:26:05 - [TEST_STEP][PASSED] - searchWord = "Вход": null

05-03-2025T09:26:05 - [TEST_STEP][PASSED] - if (urlText == null || urlText.contains("ошибка") || urlText.contains(searchWord) == false): null

05-03-2025T09:26:05 - [TEST_STEP][PASSED] - if (verifyElementPresent(findTestObject("Страница авторизации/button_"), 30) == true): null

05-03-2025T09:26:05 - [MESSAGE][PASSED] - Object 'Object Repository/Страница авторизации/button_' is present

05-03-2025T09:26:05 - [TEST_STEP][PASSED] - setText(findTestObject("Страница авторизации/input__username"), findTestData("PlanFact").getValue(8, 1)): Text 'liazgina-di' is set on object 'Object Repository/Страница авторизации/input__username'

05-03-2025T09:26:06 - [MESSAGE][PASSED] - Text 'liazgina-di' is set on object 'Object Repository/Страница авторизации/input__username'

05-03-2025T09:26:06 - [TEST_STEP][PASSED] - setText(findTestObject("Страница авторизации/input__password"), findTestData("PlanFact").getValue(9, 1)): Text ')$%5srZ8o688Dm#q' is set on object 'Object Repository/Страница авторизации/input__password'

05-03-2025T09:26:06 - [MESSAGE][PASSED] - Text ')$%5srZ8o688Dm#q' is set on object 'Object Repository/Страница авторизации/input__password'

05-03-2025T09:26:06 - [TEST_STEP][PASSED] - click(findTestObject("Страница авторизации/button_")): Object: 'Object Repository/Страница авторизации/button_' is clicked on

05-03-2025T09:26:08 - [MESSAGE][PASSED] - Object: 'Object Repository/Страница авторизации/button_' is clicked on

05-03-2025T09:26:08 - [TEST_STEP][PASSED] - delay(45): Delayed 45 second(s)

05-03-2025T09:26:53 - [MESSAGE][PASSED] - Delayed 45 second(s)

05-03-2025T09:26:53 - [TEST_STEP][PASSED] - urlText = getText(findTestObject("Страница авторизации/Text")): Text of object 'Object Repository/Страница авторизации/Text' is: 'Период
Январь 2025 года
Выручка
Все
Выполнение плановых показателей по ПАО Россети за Январь 2025 года
План
Факт
Динамика
2025 год
0 млн.руб.
20 000 млн.руб.
40 000 млн.руб.
60 000 млн.руб.
80 000 млн.руб.
100 000 млн.руб.
120 000 млн.руб.
140 000 млн.руб.
160 000 млн.руб.
180 000 млн.руб.
200 000 млн.руб.
121 309
157 865
↑
ДЗО 
Все
Подписи данных
⬤Отклонение
АО "РЭС"
АО «Тываэнерго»
АО «Чеченэнерго»
Россети Волга
Россети Кубань
Россети Ленэнерго (ГК)
Россети Московский регион
Россети Северный Кавказ (ГК)
Россети Северо-Запад
Россети Сибирь (ГК)
Россети Томск
Россети Тюмень
Россети Урал (ГК)
Россети ФСК ЕЭС
Россети Центр
Россети Центр и Приволжье (ГК)
Россети Юг (ГК)
Россети Янтарь
-2 000млн.руб.
0 млн.руб.
2 000млн.руб.
4 000млн.руб.
6 000млн.руб.
8 000млн.руб.
10 000млн.руб.
12 000млн.руб.
14 0…
-73
23
-83
-295
-54
-403
-927
-606
-251
348
-58
-1 104
-474
-59
-675
13 055
-191
-19
млн.
%
Выручка
Отклонение выручки по ПАО Россети за Январь 2025 года (факт/план, млн. руб)
ПАО Россети
8 156 млн.руб.
Статус данных
×
Просьба обратить внимание
Данные занесены не полностью
ВЫБРАННЫЕ ЗНАЧЕНИЯ ФИЛЬТРОВ
ДЗО | ПЕРИОД
ПАО Россети: [«Выбраны все филиалы по всем ДЗО по всем категориям»]
2025: [Янв]
*Внутренний оборот'

05-03-2025T09:26:53 - [MESSAGE][PASSED] - Text of object 'Object Repository/Страница авторизации/Text' is: 'Период
Январь 2025 года
Выручка
Все
Выполнение плановых показателей по ПАО Россети за Январь 2025 года
План
Факт
Динамика
2025 год
0 млн.руб.
20 000 млн.руб.
40 000 млн.руб.
60 000 млн.руб.
80 000 млн.руб.
100 000 млн.руб.
120 000 млн.руб.
140 000 млн.руб.
160 000 млн.руб.
180 000 млн.руб.
200 000 млн.руб.
121 309
157 865
↑
ДЗО 
Все
Подписи данных
⬤Отклонение
АО "РЭС"
АО «Тываэнерго»
АО «Чеченэнерго»
Россети Волга
Россети Кубань
Россети Ленэнерго (ГК)
Россети Московский регион
Россети Северный Кавказ (ГК)
Россети Северо-Запад
Россети Сибирь (ГК)
Россети Томск
Россети Тюмень
Россети Урал (ГК)
Россети ФСК ЕЭС
Россети Центр
Россети Центр и Приволжье (ГК)
Россети Юг (ГК)
Россети Янтарь
-2 000млн.руб.
0 млн.руб.
2 000млн.руб.
4 000млн.руб.
6 000млн.руб.
8 000млн.руб.
10 000млн.руб.
12 000млн.руб.
14 0…
-73
23
-83
-295
-54
-403
-927
-606
-251
348
-58
-1 104
-474
-59
-675
13 055
-191
-19
млн.
%
Выручка
Отклонение выручки по ПАО Россети за Январь 2025 года (факт/план, млн. руб)
ПАО Россети
8 156 млн.руб.
Статус данных
×
Просьба обратить внимание
Данные занесены не полностью
ВЫБРАННЫЕ ЗНАЧЕНИЯ ФИЛЬТРОВ
ДЗО | ПЕРИОД
ПАО Россети: [«Выбраны все филиалы по всем ДЗО по всем категориям»]
2025: [Янв]
*Внутренний оборот'

05-03-2025T09:26:53 - [TEST_STEP][PASSED] - searchWord = "а": null

05-03-2025T09:26:53 - [TEST_STEP][PASSED] - if (urlText.contains("ошибка") || urlText.contains(searchWord) == false): null

05-03-2025T09:26:53 - [TEST_STEP][PASSED] - delay(45): Delayed 45 second(s)

05-03-2025T09:27:38 - [MESSAGE][PASSED] - Delayed 45 second(s)

05-03-2025T09:27:38 - [TEST_STEP][PASSED] - if (block == 2): Delayed 50 second(s)

05-03-2025T09:27:38 - [TEST_STEP][PASSED] - opoveshenie = getText(findTestObject("Выручка в рублях/Просьба обратить внимание")): Text of object 'Object Repository/Выручка в рублях/Просьба обратить внимание' is: 'Просьба обратить внимание'

05-03-2025T09:27:39 - [MESSAGE][PASSED] - Text of object 'Object Repository/Выручка в рублях/Просьба обратить внимание' is: 'Просьба обратить внимание'

05-03-2025T09:27:39 - [TEST_STEP][PASSED] - if (opoveshenie == "Просьба обратить внимание"): Delayed 50 second(s)

05-03-2025T09:27:39 - [TEST_STEP][PASSED] - click(findTestObject("Выручка в рублях/Закрыть оповещение")): Object: 'Object Repository/Выручка в рублях/Закрыть оповещение' is clicked on

05-03-2025T09:27:39 - [MESSAGE][PASSED] - Object: 'Object Repository/Выручка в рублях/Закрыть оповещение' is clicked on

05-03-2025T09:27:39 - [TEST_STEP][PASSED] - delay(50): Delayed 50 second(s)

05-03-2025T09:28:29 - [MESSAGE][PASSED] - Delayed 50 second(s)

05-03-2025T09:28:29 - [TEST_STEP][PASSED] - click(findTestObject("Выручка в рублях/Фильтр Период" + nameOfBlock)): Object: 'Object Repository/Выручка в рублях/Фильтр Период Выручка' is clicked on

05-03-2025T09:28:29 - [MESSAGE][PASSED] - Object: 'Object Repository/Выручка в рублях/Фильтр Период Выручка' is clicked on

05-03-2025T09:28:29 - [TEST_STEP][PASSED] - click(findTestObject("Выручка в рублях/Снять выделение в фильтре Дата" + nameOfBlock)): Object: 'Object Repository/Выручка в рублях/Снять выделение в фильтре Дата Выручка' is clicked on

05-03-2025T09:28:30 - [MESSAGE][PASSED] - Object: 'Object Repository/Выручка в рублях/Снять выделение в фильтре Дата Выручка' is clicked on

05-03-2025T09:28:30 - [TEST_STEP][PASSED] - click(findTestObject("Выручка в рублях/Применить в фильтре Дата" + nameOfBlock)): Object: 'Object Repository/Выручка в рублях/Применить в фильтре Дата Выручка' is clicked on

05-03-2025T09:28:31 - [MESSAGE][PASSED] - Object: 'Object Repository/Выручка в рублях/Применить в фильтре Дата Выручка' is clicked on

05-03-2025T09:28:31 - [TEST_STEP][PASSED] - delay(50): Delayed 50 second(s)

05-03-2025T09:29:21 - [MESSAGE][PASSED] - Delayed 50 second(s)

05-03-2025T09:29:21 - [TEST_STEP][PASSED] - click(findTestObject("Выручка в рублях/Фильтр Период" + nameOfBlock)): Object: 'Object Repository/Выручка в рублях/Фильтр Период Выручка' is clicked on

05-03-2025T09:29:21 - [MESSAGE][PASSED] - Object: 'Object Repository/Выручка в рублях/Фильтр Период Выручка' is clicked on

05-03-2025T09:29:21 - [TEST_STEP][PASSED] - click(findTestObject("Выручка в рублях/Снять выделение в фильтре Дата" + nameOfBlock)): Object: 'Object Repository/Выручка в рублях/Снять выделение в фильтре Дата Выручка' is clicked on

05-03-2025T09:29:22 - [MESSAGE][PASSED] - Object: 'Object Repository/Выручка в рублях/Снять выделение в фильтре Дата Выручка' is clicked on

05-03-2025T09:29:22 - [TEST_STEP][PASSED] - scrollToElement(findTestObject("Выручка в рублях/2025 список" + nameOfBlock), 30): Scroll to object 'Object Repository/Выручка в рублях/2025 список Выручка' successfully

05-03-2025T09:29:22 - [MESSAGE][PASSED] - Scroll to object 'Object Repository/Выручка в рублях/2025 список Выручка' successfully

05-03-2025T09:29:22 - [TEST_STEP][PASSED] - click(findTestObject("Выручка в рублях/2025 список" + nameOfBlock)): Object: 'Object Repository/Выручка в рублях/2025 список Выручка' is clicked on

05-03-2025T09:29:22 - [MESSAGE][PASSED] - Object: 'Object Repository/Выручка в рублях/2025 список Выручка' is clicked on

05-03-2025T09:29:22 - [TEST_STEP][PASSED] - scrollToElement(findTestObject("Выручка в рублях/1 квартал 2025 список Выручка"), 30): Scroll to object 'Object Repository/Выручка в рублях/1 квартал 2025 список Выручка' successfully

05-03-2025T09:29:23 - [MESSAGE][PASSED] - Scroll to object 'Object Repository/Выручка в рублях/1 квартал 2025 список Выручка' successfully

05-03-2025T09:29:23 - [TEST_STEP][PASSED] - click(findTestObject("Выручка в рублях/1 квартал 2025 список" + nameOfBlock)): Object: 'Object Repository/Выручка в рублях/1 квартал 2025 список Выручка' is clicked on

05-03-2025T09:29:23 - [MESSAGE][PASSED] - Object: 'Object Repository/Выручка в рублях/1 квартал 2025 список Выручка' is clicked on

05-03-2025T09:29:23 - [TEST_STEP][PASSED] - scrollToElement(findTestObject("Выручка в рублях/Январь 2025" + nameOfBlock), 30): Scroll to object 'Object Repository/Выручка в рублях/Январь 2025 Выручка' successfully

05-03-2025T09:29:23 - [MESSAGE][PASSED] - Scroll to object 'Object Repository/Выручка в рублях/Январь 2025 Выручка' successfully

05-03-2025T09:29:23 - [TEST_STEP][PASSED] - click(findTestObject("Выручка в рублях/Январь 2025" + nameOfBlock)): Object: 'Object Repository/Выручка в рублях/Январь 2025 Выручка' is clicked on

05-03-2025T09:29:24 - [MESSAGE][PASSED] - Object: 'Object Repository/Выручка в рублях/Январь 2025 Выручка' is clicked on

05-03-2025T09:29:24 - [TEST_STEP][PASSED] - scrollToElement(findTestObject("Выручка в рублях/Заголовок дашборда" + nameOfBlock), 30): Scroll to object 'Object Repository/Выручка в рублях/Заголовок дашборда Выручка' successfully

05-03-2025T09:29:24 - [MESSAGE][PASSED] - Scroll to object 'Object Repository/Выручка в рублях/Заголовок дашборда Выручка' successfully

05-03-2025T09:29:24 - [TEST_STEP][PASSED] - click(findTestObject("Выручка в рублях/Применить в фильтре Дата" + nameOfBlock)): Object: 'Object Repository/Выручка в рублях/Применить в фильтре Дата Выручка' is clicked on

05-03-2025T09:29:25 - [MESSAGE][PASSED] - Object: 'Object Repository/Выручка в рублях/Применить в фильтре Дата Выручка' is clicked on

05-03-2025T09:29:25 - [TEST_STEP][PASSED] - delay(55): Delayed 55 second(s)

05-03-2025T09:30:20 - [MESSAGE][PASSED] - Delayed 55 second(s)

05-03-2025T09:30:20 - [TEST_STEP][PASSED] - click(findTestObject("Выручка в рублях/Фильтр ДЗО" + nameOfBlock)): Object: 'Object Repository/Выручка в рублях/Фильтр ДЗО Выручка' is clicked on

05-03-2025T09:30:20 - [MESSAGE][PASSED] - Object: 'Object Repository/Выручка в рублях/Фильтр ДЗО Выручка' is clicked on

05-03-2025T09:30:20 - [TEST_STEP][PASSED] - click(findTestObject("Выручка в рублях/Снять выделение в фильтре ДЗО" + nameOfBlock)): Object: 'Object Repository/Выручка в рублях/Снять выделение в фильтре ДЗО Выручка' is clicked on

05-03-2025T09:30:21 - [MESSAGE][PASSED] - Object: 'Object Repository/Выручка в рублях/Снять выделение в фильтре ДЗО Выручка' is clicked on

05-03-2025T09:30:21 - [TEST_STEP][PASSED] - click(findTestObject("Выручка в рублях/Применить в фильтре ДЗО" + nameOfBlock)): Object: 'Object Repository/Выручка в рублях/Применить в фильтре ДЗО Выручка' is clicked on

05-03-2025T09:30:21 - [MESSAGE][PASSED] - Object: 'Object Repository/Выручка в рублях/Применить в фильтре ДЗО Выручка' is clicked on

05-03-2025T09:30:21 - [TEST_STEP][PASSED] - delay(50): Delayed 50 second(s)

05-03-2025T09:31:11 - [MESSAGE][PASSED] - Delayed 50 second(s)

05-03-2025T09:31:11 - [TEST_STEP][PASSED] - Script1710234207206.Tumbler(run, vir, block, nameOfBlock): null

05-03-2025T09:31:11 - [TEST_STEP][PASSED] - println("run:" + run): null

05-03-2025T09:31:11 - [TEST_STEP][PASSED] - println("vir:" + vir): null

05-03-2025T09:31:11 - [TEST_STEP][PASSED] - println("block:" + block): null

05-03-2025T09:31:11 - [TEST_STEP][PASSED] - println("nameOfBlock:" + nameOfBlock): null

05-03-2025T09:31:11 - [TEST_STEP][PASSED] - if (vir == 1): null

05-03-2025T09:31:11 - [TEST_STEP][PASSED] - if (run == 2): null

05-03-2025T09:31:11 - [TEST_STEP][PASSED] - click(findTestObject("Выручка в рублях/Фильтр ДЗО" + nameOfBlock)): Object: 'Object Repository/Выручка в рублях/Фильтр ДЗО Выручка' is clicked on

05-03-2025T09:31:12 - [MESSAGE][PASSED] - Object: 'Object Repository/Выручка в рублях/Фильтр ДЗО Выручка' is clicked on

05-03-2025T09:31:12 - [TEST_STEP][PASSED] - Script1710234207206.Rosseti(nameOfBlock): null

05-03-2025T09:31:12 - [TEST_STEP][PASSED] - println("nameOfBlock:" + nameOfBlock): null

05-03-2025T09:31:12 - [TEST_STEP][PASSED] - click(findTestObject("Выручка в рублях/ПАО Россети" + nameOfBlock)): Object: 'Object Repository/Выручка в рублях/ПАО Россети Выручка' is clicked on

05-03-2025T09:31:12 - [MESSAGE][PASSED] - Object: 'Object Repository/Выручка в рублях/ПАО Россети Выручка' is clicked on

05-03-2025T09:31:12 - [TEST_STEP][PASSED] - click(findTestObject("Выручка в рублях/Применить в фильтре ДЗО" + nameOfBlock)): Object: 'Object Repository/Выручка в рублях/Применить в фильтре ДЗО Выручка' is clicked on

05-03-2025T09:31:13 - [MESSAGE][PASSED] - Object: 'Object Repository/Выручка в рублях/Применить в фильтре ДЗО Выручка' is clicked on

05-03-2025T09:31:13 - [TEST_STEP][PASSED] - if (vir == 1 || vir == 2): Text of object 'Object Repository/Выручка в рублях/График План Выручка' is: '121 309'

05-03-2025T09:31:13 - [TEST_STEP][PASSED] - b1 = getText(findTestObject("Выручка в рублях/График План Выручка")): Text of object 'Object Repository/Выручка в рублях/График План Выручка' is: '121 309'

05-03-2025T09:31:14 - [MESSAGE][PASSED] - Text of object 'Object Repository/Выручка в рублях/График План Выручка' is: '121 309'

05-03-2025T09:31:14 - [TEST_STEP][PASSED] - if (vir == 1 || vir == 2): Text of object 'Object Repository/Выручка в рублях/График Факт Выручка' is: '157 865'

05-03-2025T09:31:14 - [TEST_STEP][PASSED] - b2 = getText(findTestObject("Выручка в рублях/График Факт Выручка")): Text of object 'Object Repository/Выручка в рублях/График Факт Выручка' is: '157 865'

05-03-2025T09:31:14 - [MESSAGE][PASSED] - Text of object 'Object Repository/Выручка в рублях/График Факт Выручка' is: '157 865'

05-03-2025T09:31:14 - [TEST_STEP][PASSED] - b30 = getText(findTestObject("Выручка в рублях/span1" + perc)): Text of object 'Object Repository/Выручка в рублях/span1' is: '8 156 млн.руб.'

05-03-2025T09:31:15 - [MESSAGE][PASSED] - Text of object 'Object Repository/Выручка в рублях/span1' is: '8 156 млн.руб.'

05-03-2025T09:31:15 - [TEST_STEP][PASSED] - i = b30.indexOf("млн.руб."): null

05-03-2025T09:31:15 - [TEST_STEP][PASSED] - if (i > -1): null

05-03-2025T09:31:15 - [TEST_STEP][PASSED] - b30 = b30.substring(0, i): null

05-03-2025T09:31:15 - [TEST_STEP][PASSED] - b30 = b30.replaceAll(" ", ""): null

05-03-2025T09:31:15 - [TEST_STEP][PASSED] - if (b30.contains("%")): null

05-03-2025T09:31:15 - [TEST_STEP][PASSED] - b30 = ").trim(): null

05-03-2025T09:31:15 - [TEST_STEP][PASSED] - println("b30: " + b30): null

05-03-2025T09:31:15 - [TEST_STEP][PASSED] - if (vir == 1 || vir == 2): Text of object 'Object Repository/Выручка в рублях/span2' is: '23'

05-03-2025T09:31:15 - [TEST_STEP][PASSED] - b31 = ").trim(): Text of object 'Object Repository/Выручка в рублях/span2' is: '23'

05-03-2025T09:31:15 - [MESSAGE][PASSED] - Text of object 'Object Repository/Выручка в рублях/span2' is: '23'

05-03-2025T09:31:15 - [TEST_STEP][PASSED] - if (vir == 1 || vir == 2): Text of object 'Object Repository/Выручка в рублях/span3' is: '-83'

05-03-2025T09:31:15 - [TEST_STEP][PASSED] - b32 = ").trim(): Text of object 'Object Repository/Выручка в рублях/span3' is: '-83'

05-03-2025T09:31:15 - [MESSAGE][PASSED] - Text of object 'Object Repository/Выручка в рублях/span3' is: '-83'

05-03-2025T09:31:15 - [TEST_STEP][PASSED] - if (vir == 1 || vir == 2): Text of object 'Object Repository/Выручка в рублях/span8' is: '-606'

05-03-2025T09:31:15 - [TEST_STEP][PASSED] - b33 = ").trim(): Text of object 'Object Repository/Выручка в рублях/span4' is: '-295'

05-03-2025T09:31:15 - [MESSAGE][PASSED] - Text of object 'Object Repository/Выручка в рублях/span4' is: '-295'

05-03-2025T09:31:15 - [TEST_STEP][PASSED] - b34 = ").trim(): Text of object 'Object Repository/Выручка в рублях/span5' is: '-54'

05-03-2025T09:31:16 - [MESSAGE][PASSED] - Text of object 'Object Repository/Выручка в рублях/span5' is: '-54'

05-03-2025T09:31:16 - [TEST_STEP][PASSED] - b35 = ").trim(): Text of object 'Object Repository/Выручка в рублях/span6' is: '-403'

05-03-2025T09:31:16 - [MESSAGE][PASSED] - Text of object 'Object Repository/Выручка в рублях/span6' is: '-403'

05-03-2025T09:31:16 - [TEST_STEP][PASSED] - b36 = ").trim(): Text of object 'Object Repository/Выручка в рублях/span7' is: '-927'

05-03-2025T09:31:16 - [MESSAGE][PASSED] - Text of object 'Object Repository/Выручка в рублях/span7' is: '-927'

05-03-2025T09:31:16 - [TEST_STEP][PASSED] - b37 = ").trim(): Text of object 'Object Repository/Выручка в рублях/span8' is: '-606'

05-03-2025T09:31:17 - [MESSAGE][PASSED] - Text of object 'Object Repository/Выручка в рублях/span8' is: '-606'

05-03-2025T09:31:17 - [TEST_STEP][PASSED] - if (vir == 1 || vir == 2): Text of object 'Object Repository/Выручка в рублях/span17' is: '-191'

05-03-2025T09:31:17 - [TEST_STEP][PASSED] - b38 = ").trim(): Text of object 'Object Repository/Выручка в рублях/span9' is: '-251'

05-03-2025T09:31:17 - [MESSAGE][PASSED] - Text of object 'Object Repository/Выручка в рублях/span9' is: '-251'

05-03-2025T09:31:17 - [TEST_STEP][PASSED] - b39 = ").trim(): Text of object 'Object Repository/Выручка в рублях/span10' is: '348'

05-03-2025T09:31:17 - [MESSAGE][PASSED] - Text of object 'Object Repository/Выручка в рублях/span10' is: '348'

05-03-2025T09:31:17 - [TEST_STEP][PASSED] - b310 = ").trim(): Text of object 'Object Repository/Выручка в рублях/span11' is: '-58'

05-03-2025T09:31:17 - [MESSAGE][PASSED] - Text of object 'Object Repository/Выручка в рублях/span11' is: '-58'

05-03-2025T09:31:17 - [TEST_STEP][PASSED] - b311 = ").trim(): Text of object 'Object Repository/Выручка в рублях/span12' is: '-1 104'

05-03-2025T09:31:18 - [MESSAGE][PASSED] - Text of object 'Object Repository/Выручка в рублях/span12' is: '-1 104'

05-03-2025T09:31:18 - [TEST_STEP][PASSED] - b312 = ").trim(): Text of object 'Object Repository/Выручка в рублях/span13' is: '-474'

05-03-2025T09:31:18 - [MESSAGE][PASSED] - Text of object 'Object Repository/Выручка в рублях/span13' is: '-474'

05-03-2025T09:31:18 - [TEST_STEP][PASSED] - b313 = ").trim(): Text of object 'Object Repository/Выручка в рублях/span14' is: '-59'

05-03-2025T09:31:18 - [MESSAGE][PASSED] - Text of object 'Object Repository/Выручка в рублях/span14' is: '-59'

05-03-2025T09:31:18 - [TEST_STEP][PASSED] - b314 = ").trim(): Text of object 'Object Repository/Выручка в рублях/span15' is: '-675'

05-03-2025T09:31:19 - [MESSAGE][PASSED] - Text of object 'Object Repository/Выручка в рублях/span15' is: '-675'

05-03-2025T09:31:19 - [TEST_STEP][PASSED] - b315 = ").trim(): Text of object 'Object Repository/Выручка в рублях/span16' is: '13 055'

05-03-2025T09:31:19 - [MESSAGE][PASSED] - Text of object 'Object Repository/Выручка в рублях/span16' is: '13 055'

05-03-2025T09:31:19 - [TEST_STEP][PASSED] - b316 = ").trim(): Text of object 'Object Repository/Выручка в рублях/span17' is: '-191'

05-03-2025T09:31:19 - [MESSAGE][PASSED] - Text of object 'Object Repository/Выручка в рублях/span17' is: '-191'

05-03-2025T09:31:19 - [TEST_STEP][PASSED] - if (vir == 1 || vir == 2): Text of object 'Object Repository/Выручка в рублях/span18' is: '-19'

05-03-2025T09:31:19 - [TEST_STEP][PASSED] - b317 = ").trim(): Text of object 'Object Repository/Выручка в рублях/span18' is: '-19'

05-03-2025T09:31:20 - [MESSAGE][PASSED] - Text of object 'Object Repository/Выручка в рублях/span18' is: '-19'

05-03-2025T09:31:20 - [TEST_STEP][PASSED] - dZO = "ПАО Россети": null

05-03-2025T09:31:20 - [TEST_STEP][PASSED] - if (verifyEqual(a1, b1) == false): Actual object '121 309' and expected object '121 309' are equal

05-03-2025T09:31:20 - [MESSAGE][PASSED] - Actual object '121 309' and expected object '121 309' are equal

05-03-2025T09:31:20 - [TEST_STEP][PASSED] - if (verifyEqual(a2, b2) == false): Actual object '157 865' and expected object '157 865' are equal

05-03-2025T09:31:20 - [MESSAGE][PASSED] - Actual object '157 865' and expected object '157 865' are equal

05-03-2025T09:31:20 - [TEST_STEP][PASSED] - vidget = "Отклонения": null

05-03-2025T09:31:20 - [TEST_STEP][FAILED] - if (verifyEqual(a30, b30) == false): null

05-03-2025T09:31:20 - [MESSAGE][FAILED] - Unable to verify equal between actual object '36556' and expected object '8156' (Root cause: com.kms.katalon.core.exception.StepFailedException: Actual object '36556' and expected object '8156' are not equal
	at com.kms.katalon.core.keyword.builtin.VerifyEqualKeyword$_verifyEqual_closure1.doCall(VerifyEqualKeyword.groovy:58)
	at com.kms.katalon.core.keyword.builtin.VerifyEqualKeyword$_verifyEqual_closure1.call(VerifyEqualKeyword.groovy)
	at com.kms.katalon.core.keyword.internal.KeywordMain.runKeyword(KeywordMain.groovy:75)
	at com.kms.katalon.core.keyword.builtin.VerifyEqualKeyword.verifyEqual(VerifyEqualKeyword.groovy:63)
	at com.kms.katalon.core.keyword.builtin.VerifyEqualKeyword.execute(VerifyEqualKeyword.groovy:44)
	at com.kms.katalon.core.keyword.internal.KeywordExecutor.executeKeywordForPlatform(KeywordExecutor.groovy:74)
	at com.kms.katalon.core.keyword.BuiltinKeywords.verifyEqual(BuiltinKeywords.groovy:146)
	at java.base/jdk.internal.reflect.NativeMethodAccessorImpl.invoke0(Native Method)
	at java.base/jdk.internal.reflect.NativeMethodAccessorImpl.invoke(NativeMethodAccessorImpl.java:77)
	at java.base/jdk.internal.reflect.DelegatingMethodAccessorImpl.invoke(DelegatingMethodAccessorImpl.java:43)
	at Выручка в рублях сверка дашбордов ПАО Россети.Blocks(Выручка в рублях сверка дашбордов ПАО Россети:357)
	at Выручка в рублях сверка дашбордов ПАО Россети.ViruchkaChange(Выручка в рублях сверка дашбордов ПАО Россети:60)
	at Выручка в рублях сверка дашбордов ПАО Россети.run(Выручка в рублях сверка дашбордов ПАО Россети:55)
	at com.kms.katalon.core.main.ScriptEngine.run(ScriptEngine.java:194)
	at com.kms.katalon.core.main.ScriptEngine.runScriptAsRawText(ScriptEngine.java:119)
	at com.kms.katalon.core.main.TestCaseExecutor.runScript(TestCaseExecutor.java:448)
	at com.kms.katalon.core.main.TestCaseExecutor.doExecute(TestCaseExecutor.java:439)
	at com.kms.katalon.core.main.TestCaseExecutor.processExecutionPhase(TestCaseExecutor.java:418)
	at com.kms.katalon.core.main.TestCaseExecutor.accessMainPhase(TestCaseExecutor.java:410)
	at com.kms.katalon.core.main.TestCaseExecutor.execute(TestCaseExecutor.java:285)
	at com.kms.katalon.core.common.CommonExecutor.accessTestCaseMainPhase(CommonExecutor.java:65)
	at com.kms.katalon.core.main.TestSuiteExecutor.accessTestSuiteMainPhase(TestSuiteExecutor.java:150)
	at com.kms.katalon.core.main.TestSuiteExecutor.execute(TestSuiteExecutor.java:106)
	at com.kms.katalon.core.main.TestCaseMain.startTestSuite(TestCaseMain.java:180)
	at TempTestSuite1741155213601.run(TempTestSuite1741155213601.groovy:35)
	at java.base/jdk.internal.reflect.NativeMethodAccessorImpl.invoke0(Native Method)
	at java.base/jdk.internal.reflect.NativeMethodAccessorImpl.invoke(NativeMethodAccessorImpl.java:77)
	at java.base/jdk.internal.reflect.DelegatingMethodAccessorImpl.invoke(DelegatingMethodAccessorImpl.java:43)
)

05-03-2025T09:31:20 - [TEST_STEP][PASSED] - a = replaceAll("\s+", "").trim(): null

05-03-2025T09:31:20 - [TEST_STEP][PASSED] - b = replaceAll("\s+", "").trim(): null

05-03-2025T09:31:20 - [TEST_STEP][PASSED] - Script1710234207206.WriteToExcel(todaysDate, run, vir, block, typeOfData, viruchka, vidget, nameOfBlock, a, b, dZO, x, y): null

05-03-2025T09:31:20 - [TEST_STEP][PASSED] - println(run): null

05-03-2025T09:31:20 - [TEST_STEP][PASSED] - if (run == 1): null

05-03-2025T09:31:20 - [TEST_STEP][PASSED] - typeOfData = "Млн": null

05-03-2025T09:31:20 - [TEST_STEP][PASSED] - println("todaysDate:" + todaysDate): null

05-03-2025T09:31:20 - [TEST_STEP][PASSED] - println("typeOfData:" + typeOfData): null

05-03-2025T09:31:20 - [TEST_STEP][PASSED] - viruchka = getText(findTestObject("Выручка в рублях/Фильтр Выручка" + nameOfBlock)): Text of object 'Object Repository/Выручка в рублях/Фильтр Выручка Выручка' is: 'Все'

05-03-2025T09:31:20 - [MESSAGE][PASSED] - Text of object 'Object Repository/Выручка в рублях/Фильтр Выручка Выручка' is: 'Все'

05-03-2025T09:31:20 - [TEST_STEP][PASSED] - println("viruchka" + viruchka): null

05-03-2025T09:31:20 - [TEST_STEP][PASSED] - println("vidget" + vidget): null

05-03-2025T09:31:20 - [TEST_STEP][PASSED] - println("a" + a): null

05-03-2025T09:31:20 - [TEST_STEP][PASSED] - println("b" + b): null

05-03-2025T09:31:20 - [TEST_STEP][PASSED] - sheetName = "Sheet1": null

05-03-2025T09:31:20 - [TEST_STEP][PASSED] - data = findTestData("PlanFact"): null

05-03-2025T09:31:20 - [TEST_STEP][PASSED] - n = data.getRowNumbers() + 1: null

05-03-2025T09:31:20 - [TEST_STEP][PASSED] - period = getText(findTestObject("Выручка в рублях/Фильтр Период")).trim(): Text of object 'Object Repository/Выручка в рублях/Фильтр Период' is: 'Январь 2025 года'

05-03-2025T09:31:20 - [MESSAGE][PASSED] - Text of object 'Object Repository/Выручка в рублях/Фильтр Период' is: 'Январь 2025 года'

05-03-2025T09:31:20 - [TEST_STEP][PASSED] - println(period): null

05-03-2025T09:31:20 - [TEST_STEP][PASSED] - if (period.findAll("[а-яА-Я]") == false): null

05-03-2025T09:31:20 - [TEST_STEP][PASSED] - dashboardName = "Выручка в рублях": null

05-03-2025T09:31:20 - [TEST_STEP][PASSED] - if (a == ""): null

05-03-2025T09:31:20 - [TEST_STEP][PASSED] - else: null

05-03-2025T09:31:20 - [TEST_STEP][PASSED] - x = a.toDouble(): null

05-03-2025T09:31:20 - [TEST_STEP][PASSED] - if (b == ""): null

05-03-2025T09:31:20 - [TEST_STEP][PASSED] - else: null

05-03-2025T09:31:20 - [TEST_STEP][PASSED] - y = b.toDouble(): null

05-03-2025T09:31:20 - [TEST_STEP][PASSED] - workbook01 = getWorkbook(excelFilePath): null

05-03-2025T09:31:20 - [TEST_STEP][PASSED] - sheet01 = getExcelSheet(workbook01, sheetName): null

05-03-2025T09:31:20 - [TEST_STEP][PASSED] - setValueToCellByIndex(sheet01, n, 0, dashboardName): null

05-03-2025T09:31:20 - [TEST_STEP][PASSED] - setValueToCellByIndex(sheet01, n, 1, dZO): null

05-03-2025T09:31:20 - [TEST_STEP][PASSED] - setValueToCellByIndex(sheet01, n, 2, vidget): null

05-03-2025T09:31:20 - [TEST_STEP][PASSED] - setValueToCellByIndex(sheet01, n, 3, viruchka): null

05-03-2025T09:31:20 - [TEST_STEP][PASSED] - setValueToCellByIndex(sheet01, n, 4, typeOfData): null

05-03-2025T09:31:21 - [TEST_STEP][PASSED] - if (a == "нет данных"): null

05-03-2025T09:31:21 - [TEST_STEP][PASSED] - else: null

05-03-2025T09:31:21 - [TEST_STEP][PASSED] - setValueToCellByIndex(sheet01, n, 5, x): null

05-03-2025T09:31:21 - [TEST_STEP][PASSED] - if (b == "нет данных"): null

05-03-2025T09:31:21 - [TEST_STEP][PASSED] - else: null

05-03-2025T09:31:21 - [TEST_STEP][PASSED] - setValueToCellByIndex(sheet01, n, 6, y): null

05-03-2025T09:31:21 - [TEST_STEP][PASSED] - setValueToCellByIndex(sheet01, n, 7, period): null

05-03-2025T09:31:21 - [TEST_STEP][PASSED] - setValueToCellByIndex(sheet01, n, 8, todaysDate): null

05-03-2025T09:31:21 - [TEST_STEP][PASSED] - n = n + 1: null

05-03-2025T09:31:21 - [TEST_STEP][PASSED] - saveWorkbook(excelFilePath, workbook01): null

05-03-2025T09:31:21 - [TEST_STEP][PASSED] - x = "": null

05-03-2025T09:31:21 - [TEST_STEP][PASSED] - y = "": null

05-03-2025T09:31:21 - [TEST_STEP][PASSED] - dZO = "АО «Тываэнерго»": null

05-03-2025T09:31:21 - [TEST_STEP][FAILED] - if (verifyEqual(a31, b31) == false): null

05-03-2025T09:31:21 - [MESSAGE][FAILED] - Unable to verify equal between actual object '274' and expected object '23' (Root cause: com.kms.katalon.core.exception.StepFailedException: Actual object '274' and expected object '23' are not equal
	at com.kms.katalon.core.keyword.builtin.VerifyEqualKeyword$_verifyEqual_closure1.doCall(VerifyEqualKeyword.groovy:58)
	at com.kms.katalon.core.keyword.builtin.VerifyEqualKeyword$_verifyEqual_closure1.call(VerifyEqualKeyword.groovy)
	at com.kms.katalon.core.keyword.internal.KeywordMain.runKeyword(KeywordMain.groovy:75)
	at com.kms.katalon.core.keyword.builtin.VerifyEqualKeyword.verifyEqual(VerifyEqualKeyword.groovy:63)
	at com.kms.katalon.core.keyword.builtin.VerifyEqualKeyword.execute(VerifyEqualKeyword.groovy:44)
	at com.kms.katalon.core.keyword.internal.KeywordExecutor.executeKeywordForPlatform(KeywordExecutor.groovy:74)
	at com.kms.katalon.core.keyword.BuiltinKeywords.verifyEqual(BuiltinKeywords.groovy:146)
	at java.base/jdk.internal.reflect.NativeMethodAccessorImpl.invoke0(Native Method)
	at java.base/jdk.internal.reflect.NativeMethodAccessorImpl.invoke(NativeMethodAccessorImpl.java:77)
	at java.base/jdk.internal.reflect.DelegatingMethodAccessorImpl.invoke(DelegatingMethodAccessorImpl.java:43)
	at Выручка в рублях сверка дашбордов ПАО Россети.Blocks(Выручка в рублях сверка дашбордов ПАО Россети:367)
	at Выручка в рублях сверка дашбордов ПАО Россети.ViruchkaChange(Выручка в рублях сверка дашбордов ПАО Россети:60)
	at Выручка в рублях сверка дашбордов ПАО Россети.run(Выручка в рублях сверка дашбордов ПАО Россети:55)
	at com.kms.katalon.core.main.ScriptEngine.run(ScriptEngine.java:194)
	at com.kms.katalon.core.main.ScriptEngine.runScriptAsRawText(ScriptEngine.java:119)
	at com.kms.katalon.core.main.TestCaseExecutor.runScript(TestCaseExecutor.java:448)
	at com.kms.katalon.core.main.TestCaseExecutor.doExecute(TestCaseExecutor.java:439)
	at com.kms.katalon.core.main.TestCaseExecutor.processExecutionPhase(TestCaseExecutor.java:418)
	at com.kms.katalon.core.main.TestCaseExecutor.accessMainPhase(TestCaseExecutor.java:410)
	at com.kms.katalon.core.main.TestCaseExecutor.execute(TestCaseExecutor.java:285)
	at com.kms.katalon.core.common.CommonExecutor.accessTestCaseMainPhase(CommonExecutor.java:65)
	at com.kms.katalon.core.main.TestSuiteExecutor.accessTestSuiteMainPhase(TestSuiteExecutor.java:150)
	at com.kms.katalon.core.main.TestSuiteExecutor.execute(TestSuiteExecutor.java:106)
	at com.kms.katalon.core.main.TestCaseMain.startTestSuite(TestCaseMain.java:180)
	at TempTestSuite1741155213601.run(TempTestSuite1741155213601.groovy:35)
	at java.base/jdk.internal.reflect.NativeMethodAccessorImpl.invoke0(Native Method)
	at java.base/jdk.internal.reflect.NativeMethodAccessorImpl.invoke(NativeMethodAccessorImpl.java:77)
	at java.base/jdk.internal.reflect.DelegatingMethodAccessorImpl.invoke(DelegatingMethodAccessorImpl.java:43)
)

05-03-2025T09:31:21 - [TEST_STEP][PASSED] - a = replaceAll("\s+", "").trim(): null

05-03-2025T09:31:21 - [TEST_STEP][PASSED] - b = replaceAll("\s+", "").trim(): null

05-03-2025T09:31:21 - [TEST_STEP][PASSED] - Script1710234207206.WriteToExcel(todaysDate, run, vir, block, typeOfData, viruchka, vidget, nameOfBlock, a, b, dZO, x, y): null

05-03-2025T09:31:21 - [TEST_STEP][PASSED] - println(run): null

05-03-2025T09:31:21 - [TEST_STEP][PASSED] - if (run == 1): null

05-03-2025T09:31:21 - [TEST_STEP][PASSED] - typeOfData = "Млн": null

05-03-2025T09:31:21 - [TEST_STEP][PASSED] - println("todaysDate:" + todaysDate): null

05-03-2025T09:31:21 - [TEST_STEP][PASSED] - println("typeOfData:" + typeOfData): null

05-03-2025T09:31:21 - [TEST_STEP][PASSED] - viruchka = getText(findTestObject("Выручка в рублях/Фильтр Выручка" + nameOfBlock)): Text of object 'Object Repository/Выручка в рублях/Фильтр Выручка Выручка' is: 'Все'

05-03-2025T09:31:21 - [MESSAGE][PASSED] - Text of object 'Object Repository/Выручка в рублях/Фильтр Выручка Выручка' is: 'Все'

05-03-2025T09:31:21 - [TEST_STEP][PASSED] - println("viruchka" + viruchka): null

05-03-2025T09:31:21 - [TEST_STEP][PASSED] - println("vidget" + vidget): null

05-03-2025T09:31:21 - [TEST_STEP][PASSED] - println("a" + a): null

05-03-2025T09:31:21 - [TEST_STEP][PASSED] - println("b" + b): null

05-03-2025T09:31:21 - [TEST_STEP][PASSED] - sheetName = "Sheet1": null

05-03-2025T09:31:21 - [TEST_STEP][PASSED] - data = findTestData("PlanFact"): null

05-03-2025T09:31:21 - [TEST_STEP][PASSED] - n = data.getRowNumbers() + 1: null

05-03-2025T09:31:21 - [TEST_STEP][PASSED] - period = getText(findTestObject("Выручка в рублях/Фильтр Период")).trim(): Text of object 'Object Repository/Выручка в рублях/Фильтр Период' is: 'Январь 2025 года'

05-03-2025T09:31:22 - [MESSAGE][PASSED] - Text of object 'Object Repository/Выручка в рублях/Фильтр Период' is: 'Январь 2025 года'

05-03-2025T09:31:22 - [TEST_STEP][PASSED] - println(period): null

05-03-2025T09:31:22 - [TEST_STEP][PASSED] - if (period.findAll("[а-яА-Я]") == false): null

05-03-2025T09:31:22 - [TEST_STEP][PASSED] - dashboardName = "Выручка в рублях": null

05-03-2025T09:31:22 - [TEST_STEP][PASSED] - if (a == ""): null

05-03-2025T09:31:22 - [TEST_STEP][PASSED] - else: null

05-03-2025T09:31:22 - [TEST_STEP][PASSED] - x = a.toDouble(): null

05-03-2025T09:31:22 - [TEST_STEP][PASSED] - if (b == ""): null

05-03-2025T09:31:22 - [TEST_STEP][PASSED] - else: null

05-03-2025T09:31:22 - [TEST_STEP][PASSED] - y = b.toDouble(): null

05-03-2025T09:31:22 - [TEST_STEP][PASSED] - workbook01 = getWorkbook(excelFilePath): null

05-03-2025T09:31:22 - [TEST_STEP][PASSED] - sheet01 = getExcelSheet(workbook01, sheetName): null

05-03-2025T09:31:22 - [TEST_STEP][PASSED] - setValueToCellByIndex(sheet01, n, 0, dashboardName): null

05-03-2025T09:31:22 - [TEST_STEP][PASSED] - setValueToCellByIndex(sheet01, n, 1, dZO): null

05-03-2025T09:31:22 - [TEST_STEP][PASSED] - setValueToCellByIndex(sheet01, n, 2, vidget): null

05-03-2025T09:31:22 - [TEST_STEP][PASSED] - setValueToCellByIndex(sheet01, n, 3, viruchka): null

05-03-2025T09:31:22 - [TEST_STEP][PASSED] - setValueToCellByIndex(sheet01, n, 4, typeOfData): null

05-03-2025T09:31:22 - [TEST_STEP][PASSED] - if (a == "нет данных"): null

05-03-2025T09:31:22 - [TEST_STEP][PASSED] - else: null

05-03-2025T09:31:22 - [TEST_STEP][PASSED] - setValueToCellByIndex(sheet01, n, 5, x): null

05-03-2025T09:31:22 - [TEST_STEP][PASSED] - if (b == "нет данных"): null

05-03-2025T09:31:22 - [TEST_STEP][PASSED] - else: null

05-03-2025T09:31:22 - [TEST_STEP][PASSED] - setValueToCellByIndex(sheet01, n, 6, y): null

05-03-2025T09:31:22 - [TEST_STEP][PASSED] - setValueToCellByIndex(sheet01, n, 7, period): null

05-03-2025T09:31:22 - [TEST_STEP][PASSED] - setValueToCellByIndex(sheet01, n, 8, todaysDate): null

05-03-2025T09:31:22 - [TEST_STEP][PASSED] - n = n + 1: null

05-03-2025T09:31:22 - [TEST_STEP][PASSED] - saveWorkbook(excelFilePath, workbook01): null

05-03-2025T09:31:22 - [TEST_STEP][PASSED] - x = "": null

05-03-2025T09:31:22 - [TEST_STEP][PASSED] - y = "": null

05-03-2025T09:31:22 - [TEST_STEP][PASSED] - dZO = "АО «Чеченэнерго»": null

05-03-2025T09:31:22 - [TEST_STEP][FAILED] - if (verifyEqual(a32, b32) == false): null

05-03-2025T09:31:22 - [MESSAGE][FAILED] - Unable to verify equal between actual object '463' and expected object '-83' (Root cause: com.kms.katalon.core.exception.StepFailedException: Actual object '463' and expected object '-83' are not equal
	at com.kms.katalon.core.keyword.builtin.VerifyEqualKeyword$_verifyEqual_closure1.doCall(VerifyEqualKeyword.groovy:58)
	at com.kms.katalon.core.keyword.builtin.VerifyEqualKeyword$_verifyEqual_closure1.call(VerifyEqualKeyword.groovy)
	at com.kms.katalon.core.keyword.internal.KeywordMain.runKeyword(KeywordMain.groovy:75)
	at com.kms.katalon.core.keyword.builtin.VerifyEqualKeyword.verifyEqual(VerifyEqualKeyword.groovy:63)
	at com.kms.katalon.core.keyword.builtin.VerifyEqualKeyword.execute(VerifyEqualKeyword.groovy:44)
	at com.kms.katalon.core.keyword.internal.KeywordExecutor.executeKeywordForPlatform(KeywordExecutor.groovy:74)
	at com.kms.katalon.core.keyword.BuiltinKeywords.verifyEqual(BuiltinKeywords.groovy:146)
	at java.base/jdk.internal.reflect.NativeMethodAccessorImpl.invoke0(Native Method)
	at java.base/jdk.internal.reflect.NativeMethodAccessorImpl.invoke(NativeMethodAccessorImpl.java:77)
	at java.base/jdk.internal.reflect.DelegatingMethodAccessorImpl.invoke(DelegatingMethodAccessorImpl.java:43)
	at Выручка в рублях сверка дашбордов ПАО Россети.Blocks(Выручка в рублях сверка дашбордов ПАО Россети:378)
	at Выручка в рублях сверка дашбордов ПАО Россети.ViruchkaChange(Выручка в рублях сверка дашбордов ПАО Россети:60)
	at Выручка в рублях сверка дашбордов ПАО Россети.run(Выручка в рублях сверка дашбордов ПАО Россети:55)
	at com.kms.katalon.core.main.ScriptEngine.run(ScriptEngine.java:194)
	at com.kms.katalon.core.main.ScriptEngine.runScriptAsRawText(ScriptEngine.java:119)
	at com.kms.katalon.core.main.TestCaseExecutor.runScript(TestCaseExecutor.java:448)
	at com.kms.katalon.core.main.TestCaseExecutor.doExecute(TestCaseExecutor.java:439)
	at com.kms.katalon.core.main.TestCaseExecutor.processExecutionPhase(TestCaseExecutor.java:418)
	at com.kms.katalon.core.main.TestCaseExecutor.accessMainPhase(TestCaseExecutor.java:410)
	at com.kms.katalon.core.main.TestCaseExecutor.execute(TestCaseExecutor.java:285)
	at com.kms.katalon.core.common.CommonExecutor.accessTestCaseMainPhase(CommonExecutor.java:65)
	at com.kms.katalon.core.main.TestSuiteExecutor.accessTestSuiteMainPhase(TestSuiteExecutor.java:150)
	at com.kms.katalon.core.main.TestSuiteExecutor.execute(TestSuiteExecutor.java:106)
	at com.kms.katalon.core.main.TestCaseMain.startTestSuite(TestCaseMain.java:180)
	at TempTestSuite1741155213601.run(TempTestSuite1741155213601.groovy:35)
	at java.base/jdk.internal.reflect.NativeMethodAccessorImpl.invoke0(Native Method)
	at java.base/jdk.internal.reflect.NativeMethodAccessorImpl.invoke(NativeMethodAccessorImpl.java:77)
	at java.base/jdk.internal.reflect.DelegatingMethodAccessorImpl.invoke(DelegatingMethodAccessorImpl.java:43)
)

05-03-2025T09:31:22 - [TEST_STEP][PASSED] - a = replaceAll("\s+", "").trim(): null

05-03-2025T09:31:22 - [TEST_STEP][PASSED] - b = replaceAll("\s+", "").trim(): null

05-03-2025T09:31:22 - [TEST_STEP][PASSED] - Script1710234207206.WriteToExcel(todaysDate, run, vir, block, typeOfData, viruchka, vidget, nameOfBlock, a, b, dZO, x, y): null

05-03-2025T09:31:22 - [TEST_STEP][PASSED] - println(run): null

05-03-2025T09:31:22 - [TEST_STEP][PASSED] - if (run == 1): null

05-03-2025T09:31:22 - [TEST_STEP][PASSED] - typeOfData = "Млн": null

05-03-2025T09:31:22 - [TEST_STEP][PASSED] - println("todaysDate:" + todaysDate): null

05-03-2025T09:31:22 - [TEST_STEP][PASSED] - println("typeOfData:" + typeOfData): null

05-03-2025T09:31:22 - [TEST_STEP][PASSED] - viruchka = getText(findTestObject("Выручка в рублях/Фильтр Выручка" + nameOfBlock)): Text of object 'Object Repository/Выручка в рублях/Фильтр Выручка Выручка' is: 'Все'

05-03-2025T09:31:22 - [MESSAGE][PASSED] - Text of object 'Object Repository/Выручка в рублях/Фильтр Выручка Выручка' is: 'Все'

05-03-2025T09:31:22 - [TEST_STEP][PASSED] - println("viruchka" + viruchka): null

05-03-2025T09:31:22 - [TEST_STEP][PASSED] - println("vidget" + vidget): null

05-03-2025T09:31:22 - [TEST_STEP][PASSED] - println("a" + a): null

05-03-2025T09:31:22 - [TEST_STEP][PASSED] - println("b" + b): null

05-03-2025T09:31:22 - [TEST_STEP][PASSED] - sheetName = "Sheet1": null

05-03-2025T09:31:22 - [TEST_STEP][PASSED] - data = findTestData("PlanFact"): null

05-03-2025T09:31:22 - [TEST_STEP][PASSED] - n = data.getRowNumbers() + 1: null

05-03-2025T09:31:22 - [TEST_STEP][PASSED] - period = getText(findTestObject("Выручка в рублях/Фильтр Период")).trim(): Text of object 'Object Repository/Выручка в рублях/Фильтр Период' is: 'Январь 2025 года'

05-03-2025T09:31:23 - [MESSAGE][PASSED] - Text of object 'Object Repository/Выручка в рублях/Фильтр Период' is: 'Январь 2025 года'

05-03-2025T09:31:23 - [TEST_STEP][PASSED] - println(period): null

05-03-2025T09:31:23 - [TEST_STEP][PASSED] - if (period.findAll("[а-яА-Я]") == false): null

05-03-2025T09:31:23 - [TEST_STEP][PASSED] - dashboardName = "Выручка в рублях": null

05-03-2025T09:31:23 - [TEST_STEP][PASSED] - if (a == ""): null

05-03-2025T09:31:23 - [TEST_STEP][PASSED] - else: null

05-03-2025T09:31:23 - [TEST_STEP][PASSED] - x = a.toDouble(): null

05-03-2025T09:31:23 - [TEST_STEP][PASSED] - if (b == ""): null

05-03-2025T09:31:23 - [TEST_STEP][PASSED] - else: null

05-03-2025T09:31:23 - [TEST_STEP][PASSED] - y = b.toDouble(): null

05-03-2025T09:31:23 - [TEST_STEP][PASSED] - workbook01 = getWorkbook(excelFilePath): null

05-03-2025T09:31:23 - [TEST_STEP][PASSED] - sheet01 = getExcelSheet(workbook01, sheetName): null

05-03-2025T09:31:23 - [TEST_STEP][PASSED] - setValueToCellByIndex(sheet01, n, 0, dashboardName): null

05-03-2025T09:31:23 - [TEST_STEP][PASSED] - setValueToCellByIndex(sheet01, n, 1, dZO): null

05-03-2025T09:31:23 - [TEST_STEP][PASSED] - setValueToCellByIndex(sheet01, n, 2, vidget): null

05-03-2025T09:31:23 - [TEST_STEP][PASSED] - setValueToCellByIndex(sheet01, n, 3, viruchka): null

05-03-2025T09:31:23 - [TEST_STEP][PASSED] - setValueToCellByIndex(sheet01, n, 4, typeOfData): null

05-03-2025T09:31:23 - [TEST_STEP][PASSED] - if (a == "нет данных"): null

05-03-2025T09:31:23 - [TEST_STEP][PASSED] - else: null

05-03-2025T09:31:23 - [TEST_STEP][PASSED] - setValueToCellByIndex(sheet01, n, 5, x): null

05-03-2025T09:31:23 - [TEST_STEP][PASSED] - if (b == "нет данных"): null

05-03-2025T09:31:23 - [TEST_STEP][PASSED] - else: null

05-03-2025T09:31:23 - [TEST_STEP][PASSED] - setValueToCellByIndex(sheet01, n, 6, y): null

05-03-2025T09:31:23 - [TEST_STEP][PASSED] - setValueToCellByIndex(sheet01, n, 7, period): null

05-03-2025T09:31:23 - [TEST_STEP][PASSED] - setValueToCellByIndex(sheet01, n, 8, todaysDate): null

05-03-2025T09:31:23 - [TEST_STEP][PASSED] - n = n + 1: null

05-03-2025T09:31:23 - [TEST_STEP][PASSED] - saveWorkbook(excelFilePath, workbook01): null

05-03-2025T09:31:23 - [TEST_STEP][PASSED] - x = "": null

05-03-2025T09:31:23 - [TEST_STEP][PASSED] - y = "": null

05-03-2025T09:31:23 - [TEST_STEP][PASSED] - dZO = "Россети Волга": null

05-03-2025T09:31:23 - [TEST_STEP][FAILED] - if (verifyEqual(a33, b33) == false): null

05-03-2025T09:31:23 - [MESSAGE][FAILED] - Unable to verify equal between actual object '1 630' and expected object '-295' (Root cause: com.kms.katalon.core.exception.StepFailedException: Actual object '1 630' and expected object '-295' are not equal
	at com.kms.katalon.core.keyword.builtin.VerifyEqualKeyword$_verifyEqual_closure1.doCall(VerifyEqualKeyword.groovy:58)
	at com.kms.katalon.core.keyword.builtin.VerifyEqualKeyword$_verifyEqual_closure1.call(VerifyEqualKeyword.groovy)
	at com.kms.katalon.core.keyword.internal.KeywordMain.runKeyword(KeywordMain.groovy:75)
	at com.kms.katalon.core.keyword.builtin.VerifyEqualKeyword.verifyEqual(VerifyEqualKeyword.groovy:63)
	at com.kms.katalon.core.keyword.builtin.VerifyEqualKeyword.execute(VerifyEqualKeyword.groovy:44)
	at com.kms.katalon.core.keyword.internal.KeywordExecutor.executeKeywordForPlatform(KeywordExecutor.groovy:74)
	at com.kms.katalon.core.keyword.BuiltinKeywords.verifyEqual(BuiltinKeywords.groovy:146)
	at java.base/jdk.internal.reflect.NativeMethodAccessorImpl.invoke0(Native Method)
	at java.base/jdk.internal.reflect.NativeMethodAccessorImpl.invoke(NativeMethodAccessorImpl.java:77)
	at java.base/jdk.internal.reflect.DelegatingMethodAccessorImpl.invoke(DelegatingMethodAccessorImpl.java:43)
	at Выручка в рублях сверка дашбордов ПАО Россети.Blocks(Выручка в рублях сверка дашбордов ПАО Россети:388)
	at Выручка в рублях сверка дашбордов ПАО Россети.ViruchkaChange(Выручка в рублях сверка дашбордов ПАО Россети:60)
	at Выручка в рублях сверка дашбордов ПАО Россети.run(Выручка в рублях сверка дашбордов ПАО Россети:55)
	at com.kms.katalon.core.main.ScriptEngine.run(ScriptEngine.java:194)
	at com.kms.katalon.core.main.ScriptEngine.runScriptAsRawText(ScriptEngine.java:119)
	at com.kms.katalon.core.main.TestCaseExecutor.runScript(TestCaseExecutor.java:448)
	at com.kms.katalon.core.main.TestCaseExecutor.doExecute(TestCaseExecutor.java:439)
	at com.kms.katalon.core.main.TestCaseExecutor.processExecutionPhase(TestCaseExecutor.java:418)
	at com.kms.katalon.core.main.TestCaseExecutor.accessMainPhase(TestCaseExecutor.java:410)
	at com.kms.katalon.core.main.TestCaseExecutor.execute(TestCaseExecutor.java:285)
	at com.kms.katalon.core.common.CommonExecutor.accessTestCaseMainPhase(CommonExecutor.java:65)
	at com.kms.katalon.core.main.TestSuiteExecutor.accessTestSuiteMainPhase(TestSuiteExecutor.java:150)
	at com.kms.katalon.core.main.TestSuiteExecutor.execute(TestSuiteExecutor.java:106)
	at com.kms.katalon.core.main.TestCaseMain.startTestSuite(TestCaseMain.java:180)
	at TempTestSuite1741155213601.run(TempTestSuite1741155213601.groovy:35)
	at java.base/jdk.internal.reflect.NativeMethodAccessorImpl.invoke0(Native Method)
	at java.base/jdk.internal.reflect.NativeMethodAccessorImpl.invoke(NativeMethodAccessorImpl.java:77)
	at java.base/jdk.internal.reflect.DelegatingMethodAccessorImpl.invoke(DelegatingMethodAccessorImpl.java:43)
)

05-03-2025T09:31:23 - [TEST_STEP][PASSED] - a = replaceAll("\s+", "").trim(): null

05-03-2025T09:31:23 - [TEST_STEP][PASSED] - b = replaceAll("\s+", "").trim(): null

05-03-2025T09:31:23 - [TEST_STEP][PASSED] - Script1710234207206.WriteToExcel(todaysDate, run, vir, block, typeOfData, viruchka, vidget, nameOfBlock, a, b, dZO, x, y): null

05-03-2025T09:31:23 - [TEST_STEP][PASSED] - println(run): null

05-03-2025T09:31:23 - [TEST_STEP][PASSED] - if (run == 1): null

05-03-2025T09:31:23 - [TEST_STEP][PASSED] - typeOfData = "Млн": null

05-03-2025T09:31:23 - [TEST_STEP][PASSED] - println("todaysDate:" + todaysDate): null

05-03-2025T09:31:23 - [TEST_STEP][PASSED] - println("typeOfData:" + typeOfData): null

05-03-2025T09:31:23 - [TEST_STEP][PASSED] - viruchka = getText(findTestObject("Выручка в рублях/Фильтр Выручка" + nameOfBlock)): Text of object 'Object Repository/Выручка в рублях/Фильтр Выручка Выручка' is: 'Все'

05-03-2025T09:31:23 - [MESSAGE][PASSED] - Text of object 'Object Repository/Выручка в рублях/Фильтр Выручка Выручка' is: 'Все'

05-03-2025T09:31:23 - [TEST_STEP][PASSED] - println("viruchka" + viruchka): null

05-03-2025T09:31:23 - [TEST_STEP][PASSED] - println("vidget" + vidget): null

05-03-2025T09:31:23 - [TEST_STEP][PASSED] - println("a" + a): null

05-03-2025T09:31:23 - [TEST_STEP][PASSED] - println("b" + b): null

05-03-2025T09:31:23 - [TEST_STEP][PASSED] - sheetName = "Sheet1": null

05-03-2025T09:31:23 - [TEST_STEP][PASSED] - data = findTestData("PlanFact"): null

05-03-2025T09:31:23 - [TEST_STEP][PASSED] - n = data.getRowNumbers() + 1: null

05-03-2025T09:31:23 - [TEST_STEP][PASSED] - period = getText(findTestObject("Выручка в рублях/Фильтр Период")).trim(): Text of object 'Object Repository/Выручка в рублях/Фильтр Период' is: 'Январь 2025 года'

05-03-2025T09:31:24 - [MESSAGE][PASSED] - Text of object 'Object Repository/Выручка в рублях/Фильтр Период' is: 'Январь 2025 года'

05-03-2025T09:31:24 - [TEST_STEP][PASSED] - println(period): null

05-03-2025T09:31:24 - [TEST_STEP][PASSED] - if (period.findAll("[а-яА-Я]") == false): null

05-03-2025T09:31:24 - [TEST_STEP][PASSED] - dashboardName = "Выручка в рублях": null

05-03-2025T09:31:24 - [TEST_STEP][PASSED] - if (a == ""): null

05-03-2025T09:31:24 - [TEST_STEP][PASSED] - else: null

05-03-2025T09:31:24 - [TEST_STEP][PASSED] - x = a.toDouble(): null

05-03-2025T09:31:24 - [TEST_STEP][PASSED] - if (b == ""): null

05-03-2025T09:31:24 - [TEST_STEP][PASSED] - else: null

05-03-2025T09:31:24 - [TEST_STEP][PASSED] - y = b.toDouble(): null

05-03-2025T09:31:24 - [TEST_STEP][PASSED] - workbook01 = getWorkbook(excelFilePath): null

05-03-2025T09:31:24 - [TEST_STEP][PASSED] - sheet01 = getExcelSheet(workbook01, sheetName): null

05-03-2025T09:31:24 - [TEST_STEP][PASSED] - setValueToCellByIndex(sheet01, n, 0, dashboardName): null

05-03-2025T09:31:24 - [TEST_STEP][PASSED] - setValueToCellByIndex(sheet01, n, 1, dZO): null

05-03-2025T09:31:24 - [TEST_STEP][PASSED] - setValueToCellByIndex(sheet01, n, 2, vidget): null

05-03-2025T09:31:24 - [TEST_STEP][PASSED] - setValueToCellByIndex(sheet01, n, 3, viruchka): null

05-03-2025T09:31:24 - [TEST_STEP][PASSED] - setValueToCellByIndex(sheet01, n, 4, typeOfData): null

05-03-2025T09:31:24 - [TEST_STEP][PASSED] - if (a == "нет данных"): null

05-03-2025T09:31:24 - [TEST_STEP][PASSED] - else: null

05-03-2025T09:31:24 - [TEST_STEP][PASSED] - setValueToCellByIndex(sheet01, n, 5, x): null

05-03-2025T09:31:24 - [TEST_STEP][PASSED] - if (b == "нет данных"): null

05-03-2025T09:31:24 - [TEST_STEP][PASSED] - else: null

05-03-2025T09:31:24 - [TEST_STEP][PASSED] - setValueToCellByIndex(sheet01, n, 6, y): null

05-03-2025T09:31:24 - [TEST_STEP][PASSED] - setValueToCellByIndex(sheet01, n, 7, period): null

05-03-2025T09:31:24 - [TEST_STEP][PASSED] - setValueToCellByIndex(sheet01, n, 8, todaysDate): null

05-03-2025T09:31:24 - [TEST_STEP][PASSED] - n = n + 1: null

05-03-2025T09:31:24 - [TEST_STEP][PASSED] - saveWorkbook(excelFilePath, workbook01): null

05-03-2025T09:31:24 - [TEST_STEP][PASSED] - x = "": null

05-03-2025T09:31:24 - [TEST_STEP][PASSED] - y = "": null

05-03-2025T09:31:24 - [TEST_STEP][PASSED] - dZO = "Россети Кубань": null

05-03-2025T09:31:24 - [TEST_STEP][PASSED] - if (verifyEqual(a34, b34) == false): Actual object '-54' and expected object '-54' are equal

05-03-2025T09:31:24 - [MESSAGE][PASSED] - Actual object '-54' and expected object '-54' are equal

05-03-2025T09:31:24 - [TEST_STEP][PASSED] - dZO = "Россети Ленэнерго (ГК)": null

05-03-2025T09:31:24 - [TEST_STEP][PASSED] - if (verifyEqual(a35, b35) == false): Actual object '-403' and expected object '-403' are equal

05-03-2025T09:31:24 - [MESSAGE][PASSED] - Actual object '-403' and expected object '-403' are equal

05-03-2025T09:31:24 - [TEST_STEP][PASSED] - dZO = "Россети Московский регион": null

05-03-2025T09:31:24 - [TEST_STEP][FAILED] - if (verifyEqual(a36, b36) == false): null

05-03-2025T09:31:24 - [MESSAGE][FAILED] - Unable to verify equal between actual object '8 709' and expected object '-927' (Root cause: com.kms.katalon.core.exception.StepFailedException: Actual object '8 709' and expected object '-927' are not equal
	at com.kms.katalon.core.keyword.builtin.VerifyEqualKeyword$_verifyEqual_closure1.doCall(VerifyEqualKeyword.groovy:58)
	at com.kms.katalon.core.keyword.builtin.VerifyEqualKeyword$_verifyEqual_closure1.call(VerifyEqualKeyword.groovy)
	at com.kms.katalon.core.keyword.internal.KeywordMain.runKeyword(KeywordMain.groovy:75)
	at com.kms.katalon.core.keyword.builtin.VerifyEqualKeyword.verifyEqual(VerifyEqualKeyword.groovy:63)
	at com.kms.katalon.core.keyword.builtin.VerifyEqualKeyword.execute(VerifyEqualKeyword.groovy:44)
	at com.kms.katalon.core.keyword.internal.KeywordExecutor.executeKeywordForPlatform(KeywordExecutor.groovy:74)
	at com.kms.katalon.core.keyword.BuiltinKeywords.verifyEqual(BuiltinKeywords.groovy:146)
	at java.base/jdk.internal.reflect.NativeMethodAccessorImpl.invoke0(Native Method)
	at java.base/jdk.internal.reflect.NativeMethodAccessorImpl.invoke(NativeMethodAccessorImpl.java:77)
	at java.base/jdk.internal.reflect.DelegatingMethodAccessorImpl.invoke(DelegatingMethodAccessorImpl.java:43)
	at Выручка в рублях сверка дашбордов ПАО Россети.Blocks(Выручка в рублях сверка дашбордов ПАО Россети:418)
	at Выручка в рублях сверка дашбордов ПАО Россети.ViruchkaChange(Выручка в рублях сверка дашбордов ПАО Россети:60)
	at Выручка в рублях сверка дашбордов ПАО Россети.run(Выручка в рублях сверка дашбордов ПАО Россети:55)
	at com.kms.katalon.core.main.ScriptEngine.run(ScriptEngine.java:194)
	at com.kms.katalon.core.main.ScriptEngine.runScriptAsRawText(ScriptEngine.java:119)
	at com.kms.katalon.core.main.TestCaseExecutor.runScript(TestCaseExecutor.java:448)
	at com.kms.katalon.core.main.TestCaseExecutor.doExecute(TestCaseExecutor.java:439)
	at com.kms.katalon.core.main.TestCaseExecutor.processExecutionPhase(TestCaseExecutor.java:418)
	at com.kms.katalon.core.main.TestCaseExecutor.accessMainPhase(TestCaseExecutor.java:410)
	at com.kms.katalon.core.main.TestCaseExecutor.execute(TestCaseExecutor.java:285)
	at com.kms.katalon.core.common.CommonExecutor.accessTestCaseMainPhase(CommonExecutor.java:65)
	at com.kms.katalon.core.main.TestSuiteExecutor.accessTestSuiteMainPhase(TestSuiteExecutor.java:150)
	at com.kms.katalon.core.main.TestSuiteExecutor.execute(TestSuiteExecutor.java:106)
	at com.kms.katalon.core.main.TestCaseMain.startTestSuite(TestCaseMain.java:180)
	at TempTestSuite1741155213601.run(TempTestSuite1741155213601.groovy:35)
	at java.base/jdk.internal.reflect.NativeMethodAccessorImpl.invoke0(Native Method)
	at java.base/jdk.internal.reflect.NativeMethodAccessorImpl.invoke(NativeMethodAccessorImpl.java:77)
	at java.base/jdk.internal.reflect.DelegatingMethodAccessorImpl.invoke(DelegatingMethodAccessorImpl.java:43)
)

05-03-2025T09:31:24 - [TEST_STEP][PASSED] - a = replaceAll("\s+", "").trim(): null

05-03-2025T09:31:24 - [TEST_STEP][PASSED] - b = replaceAll("\s+", "").trim(): null

05-03-2025T09:31:24 - [TEST_STEP][PASSED] - Script1710234207206.WriteToExcel(todaysDate, run, vir, block, typeOfData, viruchka, vidget, nameOfBlock, a, b, dZO, x, y): null

05-03-2025T09:31:24 - [TEST_STEP][PASSED] - println(run): null

05-03-2025T09:31:24 - [TEST_STEP][PASSED] - if (run == 1): null

05-03-2025T09:31:24 - [TEST_STEP][PASSED] - typeOfData = "Млн": null

05-03-2025T09:31:24 - [TEST_STEP][PASSED] - println("todaysDate:" + todaysDate): null

05-03-2025T09:31:24 - [TEST_STEP][PASSED] - println("typeOfData:" + typeOfData): null

05-03-2025T09:31:24 - [TEST_STEP][PASSED] - viruchka = getText(findTestObject("Выручка в рублях/Фильтр Выручка" + nameOfBlock)): Text of object 'Object Repository/Выручка в рублях/Фильтр Выручка Выручка' is: 'Все'

05-03-2025T09:31:24 - [MESSAGE][PASSED] - Text of object 'Object Repository/Выручка в рублях/Фильтр Выручка Выручка' is: 'Все'

05-03-2025T09:31:24 - [TEST_STEP][PASSED] - println("viruchka" + viruchka): null

05-03-2025T09:31:24 - [TEST_STEP][PASSED] - println("vidget" + vidget): null

05-03-2025T09:31:24 - [TEST_STEP][PASSED] - println("a" + a): null

05-03-2025T09:31:24 - [TEST_STEP][PASSED] - println("b" + b): null

05-03-2025T09:31:24 - [TEST_STEP][PASSED] - sheetName = "Sheet1": null

05-03-2025T09:31:24 - [TEST_STEP][PASSED] - data = findTestData("PlanFact"): null

05-03-2025T09:31:24 - [TEST_STEP][PASSED] - n = data.getRowNumbers() + 1: null

05-03-2025T09:31:24 - [TEST_STEP][PASSED] - period = getText(findTestObject("Выручка в рублях/Фильтр Период")).trim(): Text of object 'Object Repository/Выручка в рублях/Фильтр Период' is: 'Январь 2025 года'

05-03-2025T09:31:25 - [MESSAGE][PASSED] - Text of object 'Object Repository/Выручка в рублях/Фильтр Период' is: 'Январь 2025 года'

05-03-2025T09:31:25 - [TEST_STEP][PASSED] - println(period): null

05-03-2025T09:31:25 - [TEST_STEP][PASSED] - if (period.findAll("[а-яА-Я]") == false): null

05-03-2025T09:31:25 - [TEST_STEP][PASSED] - dashboardName = "Выручка в рублях": null

05-03-2025T09:31:25 - [TEST_STEP][PASSED] - if (a == ""): null

05-03-2025T09:31:25 - [TEST_STEP][PASSED] - else: null

05-03-2025T09:31:25 - [TEST_STEP][PASSED] - x = a.toDouble(): null

05-03-2025T09:31:25 - [TEST_STEP][PASSED] - if (b == ""): null

05-03-2025T09:31:25 - [TEST_STEP][PASSED] - else: null

05-03-2025T09:31:25 - [TEST_STEP][PASSED] - y = b.toDouble(): null

05-03-2025T09:31:25 - [TEST_STEP][PASSED] - workbook01 = getWorkbook(excelFilePath): null

05-03-2025T09:31:25 - [TEST_STEP][PASSED] - sheet01 = getExcelSheet(workbook01, sheetName): null

05-03-2025T09:31:25 - [TEST_STEP][PASSED] - setValueToCellByIndex(sheet01, n, 0, dashboardName): null

05-03-2025T09:31:25 - [TEST_STEP][PASSED] - setValueToCellByIndex(sheet01, n, 1, dZO): null

05-03-2025T09:31:25 - [TEST_STEP][PASSED] - setValueToCellByIndex(sheet01, n, 2, vidget): null

05-03-2025T09:31:25 - [TEST_STEP][PASSED] - setValueToCellByIndex(sheet01, n, 3, viruchka): null

05-03-2025T09:31:25 - [TEST_STEP][PASSED] - setValueToCellByIndex(sheet01, n, 4, typeOfData): null

05-03-2025T09:31:25 - [TEST_STEP][PASSED] - if (a == "нет данных"): null

05-03-2025T09:31:25 - [TEST_STEP][PASSED] - else: null

05-03-2025T09:31:25 - [TEST_STEP][PASSED] - setValueToCellByIndex(sheet01, n, 5, x): null

05-03-2025T09:31:25 - [TEST_STEP][PASSED] - if (b == "нет данных"): null

05-03-2025T09:31:25 - [TEST_STEP][PASSED] - else: null

05-03-2025T09:31:25 - [TEST_STEP][PASSED] - setValueToCellByIndex(sheet01, n, 6, y): null

05-03-2025T09:31:25 - [TEST_STEP][PASSED] - setValueToCellByIndex(sheet01, n, 7, period): null

05-03-2025T09:31:25 - [TEST_STEP][PASSED] - setValueToCellByIndex(sheet01, n, 8, todaysDate): null

05-03-2025T09:31:25 - [TEST_STEP][PASSED] - n = n + 1: null

05-03-2025T09:31:25 - [TEST_STEP][PASSED] - saveWorkbook(excelFilePath, workbook01): null

05-03-2025T09:31:25 - [TEST_STEP][PASSED] - x = "": null

05-03-2025T09:31:25 - [TEST_STEP][PASSED] - y = "": null

05-03-2025T09:31:25 - [TEST_STEP][PASSED] - dZO = "Россети Северный Кавказ (ГК)": null

05-03-2025T09:31:25 - [TEST_STEP][FAILED] - if (verifyEqual(a37, b37) == false): null

05-03-2025T09:31:25 - [MESSAGE][FAILED] - Unable to verify equal between actual object '3 799' and expected object '-606' (Root cause: com.kms.katalon.core.exception.StepFailedException: Actual object '3 799' and expected object '-606' are not equal
	at com.kms.katalon.core.keyword.builtin.VerifyEqualKeyword$_verifyEqual_closure1.doCall(VerifyEqualKeyword.groovy:58)
	at com.kms.katalon.core.keyword.builtin.VerifyEqualKeyword$_verifyEqual_closure1.call(VerifyEqualKeyword.groovy)
	at com.kms.katalon.core.keyword.internal.KeywordMain.runKeyword(KeywordMain.groovy:75)
	at com.kms.katalon.core.keyword.builtin.VerifyEqualKeyword.verifyEqual(VerifyEqualKeyword.groovy:63)
	at com.kms.katalon.core.keyword.builtin.VerifyEqualKeyword.execute(VerifyEqualKeyword.groovy:44)
	at com.kms.katalon.core.keyword.internal.KeywordExecutor.executeKeywordForPlatform(KeywordExecutor.groovy:74)
	at com.kms.katalon.core.keyword.BuiltinKeywords.verifyEqual(BuiltinKeywords.groovy:146)
	at java.base/jdk.internal.reflect.NativeMethodAccessorImpl.invoke0(Native Method)
	at java.base/jdk.internal.reflect.NativeMethodAccessorImpl.invoke(NativeMethodAccessorImpl.java:77)
	at java.base/jdk.internal.reflect.DelegatingMethodAccessorImpl.invoke(DelegatingMethodAccessorImpl.java:43)
	at Выручка в рублях сверка дашбордов ПАО Россети.Blocks(Выручка в рублях сверка дашбордов ПАО Россети:428)
	at Выручка в рублях сверка дашбордов ПАО Россети.ViruchkaChange(Выручка в рублях сверка дашбордов ПАО Россети:60)
	at Выручка в рублях сверка дашбордов ПАО Россети.run(Выручка в рублях сверка дашбордов ПАО Россети:55)
	at com.kms.katalon.core.main.ScriptEngine.run(ScriptEngine.java:194)
	at com.kms.katalon.core.main.ScriptEngine.runScriptAsRawText(ScriptEngine.java:119)
	at com.kms.katalon.core.main.TestCaseExecutor.runScript(TestCaseExecutor.java:448)
	at com.kms.katalon.core.main.TestCaseExecutor.doExecute(TestCaseExecutor.java:439)
	at com.kms.katalon.core.main.TestCaseExecutor.processExecutionPhase(TestCaseExecutor.java:418)
	at com.kms.katalon.core.main.TestCaseExecutor.accessMainPhase(TestCaseExecutor.java:410)
	at com.kms.katalon.core.main.TestCaseExecutor.execute(TestCaseExecutor.java:285)
	at com.kms.katalon.core.common.CommonExecutor.accessTestCaseMainPhase(CommonExecutor.java:65)
	at com.kms.katalon.core.main.TestSuiteExecutor.accessTestSuiteMainPhase(TestSuiteExecutor.java:150)
	at com.kms.katalon.core.main.TestSuiteExecutor.execute(TestSuiteExecutor.java:106)
	at com.kms.katalon.core.main.TestCaseMain.startTestSuite(TestCaseMain.java:180)
	at TempTestSuite1741155213601.run(TempTestSuite1741155213601.groovy:35)
	at java.base/jdk.internal.reflect.NativeMethodAccessorImpl.invoke0(Native Method)
	at java.base/jdk.internal.reflect.NativeMethodAccessorImpl.invoke(NativeMethodAccessorImpl.java:77)
	at java.base/jdk.internal.reflect.DelegatingMethodAccessorImpl.invoke(DelegatingMethodAccessorImpl.java:43)
)

05-03-2025T09:31:25 - [TEST_STEP][PASSED] - a = replaceAll("\s+", "").trim(): null

05-03-2025T09:31:25 - [TEST_STEP][PASSED] - b = replaceAll("\s+", "").trim(): null

05-03-2025T09:31:25 - [TEST_STEP][PASSED] - Script1710234207206.WriteToExcel(todaysDate, run, vir, block, typeOfData, viruchka, vidget, nameOfBlock, a, b, dZO, x, y): null

05-03-2025T09:31:25 - [TEST_STEP][PASSED] - println(run): null

05-03-2025T09:31:25 - [TEST_STEP][PASSED] - if (run == 1): null

05-03-2025T09:31:25 - [TEST_STEP][PASSED] - typeOfData = "Млн": null

05-03-2025T09:31:25 - [TEST_STEP][PASSED] - println("todaysDate:" + todaysDate): null

05-03-2025T09:31:25 - [TEST_STEP][PASSED] - println("typeOfData:" + typeOfData): null

05-03-2025T09:31:25 - [TEST_STEP][PASSED] - viruchka = getText(findTestObject("Выручка в рублях/Фильтр Выручка" + nameOfBlock)): Text of object 'Object Repository/Выручка в рублях/Фильтр Выручка Выручка' is: 'Все'

05-03-2025T09:31:25 - [MESSAGE][PASSED] - Text of object 'Object Repository/Выручка в рублях/Фильтр Выручка Выручка' is: 'Все'

05-03-2025T09:31:25 - [TEST_STEP][PASSED] - println("viruchka" + viruchka): null

05-03-2025T09:31:25 - [TEST_STEP][PASSED] - println("vidget" + vidget): null

05-03-2025T09:31:25 - [TEST_STEP][PASSED] - println("a" + a): null

05-03-2025T09:31:25 - [TEST_STEP][PASSED] - println("b" + b): null

05-03-2025T09:31:25 - [TEST_STEP][PASSED] - sheetName = "Sheet1": null

05-03-2025T09:31:25 - [TEST_STEP][PASSED] - data = findTestData("PlanFact"): null

05-03-2025T09:31:25 - [TEST_STEP][PASSED] - n = data.getRowNumbers() + 1: null

05-03-2025T09:31:25 - [TEST_STEP][PASSED] - period = getText(findTestObject("Выручка в рублях/Фильтр Период")).trim(): Text of object 'Object Repository/Выручка в рублях/Фильтр Период' is: 'Январь 2025 года'

05-03-2025T09:31:26 - [MESSAGE][PASSED] - Text of object 'Object Repository/Выручка в рублях/Фильтр Период' is: 'Январь 2025 года'

05-03-2025T09:31:26 - [TEST_STEP][PASSED] - println(period): null

05-03-2025T09:31:26 - [TEST_STEP][PASSED] - if (period.findAll("[а-яА-Я]") == false): null

05-03-2025T09:31:26 - [TEST_STEP][PASSED] - dashboardName = "Выручка в рублях": null

05-03-2025T09:31:26 - [TEST_STEP][PASSED] - if (a == ""): null

05-03-2025T09:31:26 - [TEST_STEP][PASSED] - else: null

05-03-2025T09:31:26 - [TEST_STEP][PASSED] - x = a.toDouble(): null

05-03-2025T09:31:26 - [TEST_STEP][PASSED] - if (b == ""): null

05-03-2025T09:31:26 - [TEST_STEP][PASSED] - else: null

05-03-2025T09:31:26 - [TEST_STEP][PASSED] - y = b.toDouble(): null

05-03-2025T09:31:26 - [TEST_STEP][PASSED] - workbook01 = getWorkbook(excelFilePath): null

05-03-2025T09:31:26 - [TEST_STEP][PASSED] - sheet01 = getExcelSheet(workbook01, sheetName): null

05-03-2025T09:31:26 - [TEST_STEP][PASSED] - setValueToCellByIndex(sheet01, n, 0, dashboardName): null

05-03-2025T09:31:26 - [TEST_STEP][PASSED] - setValueToCellByIndex(sheet01, n, 1, dZO): null

05-03-2025T09:31:26 - [TEST_STEP][PASSED] - setValueToCellByIndex(sheet01, n, 2, vidget): null

05-03-2025T09:31:26 - [TEST_STEP][PASSED] - setValueToCellByIndex(sheet01, n, 3, viruchka): null

05-03-2025T09:31:26 - [TEST_STEP][PASSED] - setValueToCellByIndex(sheet01, n, 4, typeOfData): null

05-03-2025T09:31:26 - [TEST_STEP][PASSED] - if (a == "нет данных"): null

05-03-2025T09:31:26 - [TEST_STEP][PASSED] - else: null

05-03-2025T09:31:26 - [TEST_STEP][PASSED] - setValueToCellByIndex(sheet01, n, 5, x): null

05-03-2025T09:31:26 - [TEST_STEP][PASSED] - if (b == "нет данных"): null

05-03-2025T09:31:26 - [TEST_STEP][PASSED] - else: null

05-03-2025T09:31:26 - [TEST_STEP][PASSED] - setValueToCellByIndex(sheet01, n, 6, y): null

05-03-2025T09:31:26 - [TEST_STEP][PASSED] - setValueToCellByIndex(sheet01, n, 7, period): null

05-03-2025T09:31:26 - [TEST_STEP][PASSED] - setValueToCellByIndex(sheet01, n, 8, todaysDate): null

05-03-2025T09:31:26 - [TEST_STEP][PASSED] - n = n + 1: null

05-03-2025T09:31:26 - [TEST_STEP][PASSED] - saveWorkbook(excelFilePath, workbook01): null

05-03-2025T09:31:26 - [TEST_STEP][PASSED] - x = "": null

05-03-2025T09:31:26 - [TEST_STEP][PASSED] - y = "": null

05-03-2025T09:31:26 - [TEST_STEP][PASSED] - dZO = "Россети Северо-Запад": null

05-03-2025T09:31:26 - [TEST_STEP][PASSED] - if (verifyEqual(a38, b38) == false): Actual object '-251' and expected object '-251' are equal

05-03-2025T09:31:26 - [MESSAGE][PASSED] - Actual object '-251' and expected object '-251' are equal

05-03-2025T09:31:26 - [TEST_STEP][PASSED] - dZO = "Россети Сибирь (ГК)": null

05-03-2025T09:31:26 - [TEST_STEP][FAILED] - if (verifyEqual(a39, b39) == false): null

05-03-2025T09:31:26 - [MESSAGE][FAILED] - Unable to verify equal between actual object '11 296' and expected object '348' (Root cause: com.kms.katalon.core.exception.StepFailedException: Actual object '11 296' and expected object '348' are not equal
	at com.kms.katalon.core.keyword.builtin.VerifyEqualKeyword$_verifyEqual_closure1.doCall(VerifyEqualKeyword.groovy:58)
	at com.kms.katalon.core.keyword.builtin.VerifyEqualKeyword$_verifyEqual_closure1.call(VerifyEqualKeyword.groovy)
	at com.kms.katalon.core.keyword.internal.KeywordMain.runKeyword(KeywordMain.groovy:75)
	at com.kms.katalon.core.keyword.builtin.VerifyEqualKeyword.verifyEqual(VerifyEqualKeyword.groovy:63)
	at com.kms.katalon.core.keyword.builtin.VerifyEqualKeyword.execute(VerifyEqualKeyword.groovy:44)
	at com.kms.katalon.core.keyword.internal.KeywordExecutor.executeKeywordForPlatform(KeywordExecutor.groovy:74)
	at com.kms.katalon.core.keyword.BuiltinKeywords.verifyEqual(BuiltinKeywords.groovy:146)
	at java.base/jdk.internal.reflect.NativeMethodAccessorImpl.invoke0(Native Method)
	at java.base/jdk.internal.reflect.NativeMethodAccessorImpl.invoke(NativeMethodAccessorImpl.java:77)
	at java.base/jdk.internal.reflect.DelegatingMethodAccessorImpl.invoke(DelegatingMethodAccessorImpl.java:43)
	at Выручка в рублях сверка дашбордов ПАО Россети.Blocks(Выручка в рублях сверка дашбордов ПАО Россети:448)
	at Выручка в рублях сверка дашбордов ПАО Россети.ViruchkaChange(Выручка в рублях сверка дашбордов ПАО Россети:60)
	at Выручка в рублях сверка дашбордов ПАО Россети.run(Выручка в рублях сверка дашбордов ПАО Россети:55)
	at com.kms.katalon.core.main.ScriptEngine.run(ScriptEngine.java:194)
	at com.kms.katalon.core.main.ScriptEngine.runScriptAsRawText(ScriptEngine.java:119)
	at com.kms.katalon.core.main.TestCaseExecutor.runScript(TestCaseExecutor.java:448)
	at com.kms.katalon.core.main.TestCaseExecutor.doExecute(TestCaseExecutor.java:439)
	at com.kms.katalon.core.main.TestCaseExecutor.processExecutionPhase(TestCaseExecutor.java:418)
	at com.kms.katalon.core.main.TestCaseExecutor.accessMainPhase(TestCaseExecutor.java:410)
	at com.kms.katalon.core.main.TestCaseExecutor.execute(TestCaseExecutor.java:285)
	at com.kms.katalon.core.common.CommonExecutor.accessTestCaseMainPhase(CommonExecutor.java:65)
	at com.kms.katalon.core.main.TestSuiteExecutor.accessTestSuiteMainPhase(TestSuiteExecutor.java:150)
	at com.kms.katalon.core.main.TestSuiteExecutor.execute(TestSuiteExecutor.java:106)
	at com.kms.katalon.core.main.TestCaseMain.startTestSuite(TestCaseMain.java:180)
	at TempTestSuite1741155213601.run(TempTestSuite1741155213601.groovy:35)
	at java.base/jdk.internal.reflect.NativeMethodAccessorImpl.invoke0(Native Method)
	at java.base/jdk.internal.reflect.NativeMethodAccessorImpl.invoke(NativeMethodAccessorImpl.java:77)
	at java.base/jdk.internal.reflect.DelegatingMethodAccessorImpl.invoke(DelegatingMethodAccessorImpl.java:43)
)

05-03-2025T09:31:26 - [TEST_STEP][PASSED] - a = replaceAll("\s+", "").trim(): null

05-03-2025T09:31:26 - [TEST_STEP][PASSED] - b = replaceAll("\s+", "").trim(): null

05-03-2025T09:31:26 - [TEST_STEP][PASSED] - Script1710234207206.WriteToExcel(todaysDate, run, vir, block, typeOfData, viruchka, vidget, nameOfBlock, a, b, dZO, x, y): null

05-03-2025T09:31:26 - [TEST_STEP][PASSED] - println(run): null

05-03-2025T09:31:26 - [TEST_STEP][PASSED] - if (run == 1): null

05-03-2025T09:31:26 - [TEST_STEP][PASSED] - typeOfData = "Млн": null

05-03-2025T09:31:26 - [TEST_STEP][PASSED] - println("todaysDate:" + todaysDate): null

05-03-2025T09:31:26 - [TEST_STEP][PASSED] - println("typeOfData:" + typeOfData): null

05-03-2025T09:31:26 - [TEST_STEP][PASSED] - viruchka = getText(findTestObject("Выручка в рублях/Фильтр Выручка" + nameOfBlock)): Text of object 'Object Repository/Выручка в рублях/Фильтр Выручка Выручка' is: 'Все'

05-03-2025T09:31:26 - [MESSAGE][PASSED] - Text of object 'Object Repository/Выручка в рублях/Фильтр Выручка Выручка' is: 'Все'

05-03-2025T09:31:26 - [TEST_STEP][PASSED] - println("viruchka" + viruchka): null

05-03-2025T09:31:26 - [TEST_STEP][PASSED] - println("vidget" + vidget): null

05-03-2025T09:31:26 - [TEST_STEP][PASSED] - println("a" + a): null

05-03-2025T09:31:26 - [TEST_STEP][PASSED] - println("b" + b): null

05-03-2025T09:31:26 - [TEST_STEP][PASSED] - sheetName = "Sheet1": null

05-03-2025T09:31:26 - [TEST_STEP][PASSED] - data = findTestData("PlanFact"): null

05-03-2025T09:31:26 - [TEST_STEP][PASSED] - n = data.getRowNumbers() + 1: null

05-03-2025T09:31:26 - [TEST_STEP][PASSED] - period = getText(findTestObject("Выручка в рублях/Фильтр Период")).trim(): Text of object 'Object Repository/Выручка в рублях/Фильтр Период' is: 'Январь 2025 года'

05-03-2025T09:31:27 - [MESSAGE][PASSED] - Text of object 'Object Repository/Выручка в рублях/Фильтр Период' is: 'Январь 2025 года'

05-03-2025T09:31:27 - [TEST_STEP][PASSED] - println(period): null

05-03-2025T09:31:27 - [TEST_STEP][PASSED] - if (period.findAll("[а-яА-Я]") == false): null

05-03-2025T09:31:27 - [TEST_STEP][PASSED] - dashboardName = "Выручка в рублях": null

05-03-2025T09:31:27 - [TEST_STEP][PASSED] - if (a == ""): null

05-03-2025T09:31:27 - [TEST_STEP][PASSED] - else: null

05-03-2025T09:31:27 - [TEST_STEP][PASSED] - x = a.toDouble(): null

05-03-2025T09:31:27 - [TEST_STEP][PASSED] - if (b == ""): null

05-03-2025T09:31:27 - [TEST_STEP][PASSED] - else: null

05-03-2025T09:31:27 - [TEST_STEP][PASSED] - y = b.toDouble(): null

05-03-2025T09:31:27 - [TEST_STEP][PASSED] - workbook01 = getWorkbook(excelFilePath): null

05-03-2025T09:31:27 - [TEST_STEP][PASSED] - sheet01 = getExcelSheet(workbook01, sheetName): null

05-03-2025T09:31:27 - [TEST_STEP][PASSED] - setValueToCellByIndex(sheet01, n, 0, dashboardName): null

05-03-2025T09:31:27 - [TEST_STEP][PASSED] - setValueToCellByIndex(sheet01, n, 1, dZO): null

05-03-2025T09:31:27 - [TEST_STEP][PASSED] - setValueToCellByIndex(sheet01, n, 2, vidget): null

05-03-2025T09:31:27 - [TEST_STEP][PASSED] - setValueToCellByIndex(sheet01, n, 3, viruchka): null

05-03-2025T09:31:27 - [TEST_STEP][PASSED] - setValueToCellByIndex(sheet01, n, 4, typeOfData): null

05-03-2025T09:31:27 - [TEST_STEP][PASSED] - if (a == "нет данных"): null

05-03-2025T09:31:27 - [TEST_STEP][PASSED] - else: null

05-03-2025T09:31:27 - [TEST_STEP][PASSED] - setValueToCellByIndex(sheet01, n, 5, x): null

05-03-2025T09:31:27 - [TEST_STEP][PASSED] - if (b == "нет данных"): null

05-03-2025T09:31:27 - [TEST_STEP][PASSED] - else: null

05-03-2025T09:31:27 - [TEST_STEP][PASSED] - setValueToCellByIndex(sheet01, n, 6, y): null

05-03-2025T09:31:27 - [TEST_STEP][PASSED] - setValueToCellByIndex(sheet01, n, 7, period): null

05-03-2025T09:31:27 - [TEST_STEP][PASSED] - setValueToCellByIndex(sheet01, n, 8, todaysDate): null

05-03-2025T09:31:27 - [TEST_STEP][PASSED] - n = n + 1: null

05-03-2025T09:31:27 - [TEST_STEP][PASSED] - saveWorkbook(excelFilePath, workbook01): null

05-03-2025T09:31:27 - [TEST_STEP][PASSED] - x = "": null

05-03-2025T09:31:27 - [TEST_STEP][PASSED] - y = "": null

05-03-2025T09:31:27 - [TEST_STEP][PASSED] - dZO = "Россети Томск": null

05-03-2025T09:31:27 - [TEST_STEP][PASSED] - if (verifyEqual(a310, b310) == false): Actual object '-58' and expected object '-58' are equal

05-03-2025T09:31:27 - [MESSAGE][PASSED] - Actual object '-58' and expected object '-58' are equal

05-03-2025T09:31:27 - [TEST_STEP][PASSED] - dZO = "Россети Тюмень": null

05-03-2025T09:31:27 - [TEST_STEP][PASSED] - if (verifyEqual(a311, b311) == false): Actual object '-1 104' and expected object '-1 104' are equal

05-03-2025T09:31:27 - [MESSAGE][PASSED] - Actual object '-1 104' and expected object '-1 104' are equal

05-03-2025T09:31:27 - [TEST_STEP][PASSED] - dZO = "Россети Урал (ГК)": null

05-03-2025T09:31:27 - [TEST_STEP][PASSED] - if (verifyEqual(a312, b312) == false): Actual object '-474' and expected object '-474' are equal

05-03-2025T09:31:27 - [MESSAGE][PASSED] - Actual object '-474' and expected object '-474' are equal

05-03-2025T09:31:27 - [TEST_STEP][PASSED] - dZO = "Россети ФСК ЕЭС": null

05-03-2025T09:31:27 - [TEST_STEP][PASSED] - if (verifyEqual(a313, b313) == false): Actual object '-59' and expected object '-59' are equal

05-03-2025T09:31:27 - [MESSAGE][PASSED] - Actual object '-59' and expected object '-59' are equal

05-03-2025T09:31:27 - [TEST_STEP][PASSED] - dZO = "Россети Центр": null

05-03-2025T09:31:27 - [TEST_STEP][PASSED] - if (verifyEqual(a314, b314) == false): Actual object '-675' and expected object '-675' are equal

05-03-2025T09:31:27 - [MESSAGE][PASSED] - Actual object '-675' and expected object '-675' are equal

05-03-2025T09:31:27 - [TEST_STEP][PASSED] - dZO = "Россети Центр и Приволжье (ГК)": null

05-03-2025T09:31:27 - [TEST_STEP][PASSED] - if (verifyEqual(a315, b315) == false): Actual object '13 055' and expected object '13 055' are equal

05-03-2025T09:31:27 - [MESSAGE][PASSED] - Actual object '13 055' and expected object '13 055' are equal

05-03-2025T09:31:27 - [TEST_STEP][PASSED] - dZO = "Россети Юг (ГК)": null

05-03-2025T09:31:27 - [TEST_STEP][FAILED] - if (verifyEqual(a316, b316) == false): null

05-03-2025T09:31:27 - [MESSAGE][FAILED] - Unable to verify equal between actual object '500' and expected object '-191' (Root cause: com.kms.katalon.core.exception.StepFailedException: Actual object '500' and expected object '-191' are not equal
	at com.kms.katalon.core.keyword.builtin.VerifyEqualKeyword$_verifyEqual_closure1.doCall(VerifyEqualKeyword.groovy:58)
	at com.kms.katalon.core.keyword.builtin.VerifyEqualKeyword$_verifyEqual_closure1.call(VerifyEqualKeyword.groovy)
	at com.kms.katalon.core.keyword.internal.KeywordMain.runKeyword(KeywordMain.groovy:75)
	at com.kms.katalon.core.keyword.builtin.VerifyEqualKeyword.verifyEqual(VerifyEqualKeyword.groovy:63)
	at com.kms.katalon.core.keyword.builtin.VerifyEqualKeyword.execute(VerifyEqualKeyword.groovy:44)
	at com.kms.katalon.core.keyword.internal.KeywordExecutor.executeKeywordForPlatform(KeywordExecutor.groovy:74)
	at com.kms.katalon.core.keyword.BuiltinKeywords.verifyEqual(BuiltinKeywords.groovy:146)
	at jdk.internal.reflect.GeneratedMethodAccessor25.invoke(Unknown Source)
	at java.base/jdk.internal.reflect.DelegatingMethodAccessorImpl.invoke(DelegatingMethodAccessorImpl.java:43)
	at Выручка в рублях сверка дашбордов ПАО Россети.Blocks(Выручка в рублях сверка дашбордов ПАО Россети:518)
	at Выручка в рублях сверка дашбордов ПАО Россети.ViruchkaChange(Выручка в рублях сверка дашбордов ПАО Россети:60)
	at Выручка в рублях сверка дашбордов ПАО Россети.run(Выручка в рублях сверка дашбордов ПАО Россети:55)
	at com.kms.katalon.core.main.ScriptEngine.run(ScriptEngine.java:194)
	at com.kms.katalon.core.main.ScriptEngine.runScriptAsRawText(ScriptEngine.java:119)
	at com.kms.katalon.core.main.TestCaseExecutor.runScript(TestCaseExecutor.java:448)
	at com.kms.katalon.core.main.TestCaseExecutor.doExecute(TestCaseExecutor.java:439)
	at com.kms.katalon.core.main.TestCaseExecutor.processExecutionPhase(TestCaseExecutor.java:418)
	at com.kms.katalon.core.main.TestCaseExecutor.accessMainPhase(TestCaseExecutor.java:410)
	at com.kms.katalon.core.main.TestCaseExecutor.execute(TestCaseExecutor.java:285)
	at com.kms.katalon.core.common.CommonExecutor.accessTestCaseMainPhase(CommonExecutor.java:65)
	at com.kms.katalon.core.main.TestSuiteExecutor.accessTestSuiteMainPhase(TestSuiteExecutor.java:150)
	at com.kms.katalon.core.main.TestSuiteExecutor.execute(TestSuiteExecutor.java:106)
	at com.kms.katalon.core.main.TestCaseMain.startTestSuite(TestCaseMain.java:180)
	at TempTestSuite1741155213601.run(TempTestSuite1741155213601.groovy:35)
	at java.base/jdk.internal.reflect.NativeMethodAccessorImpl.invoke0(Native Method)
	at java.base/jdk.internal.reflect.NativeMethodAccessorImpl.invoke(NativeMethodAccessorImpl.java:77)
	at java.base/jdk.internal.reflect.DelegatingMethodAccessorImpl.invoke(DelegatingMethodAccessorImpl.java:43)
)

05-03-2025T09:31:27 - [TEST_STEP][PASSED] - a = replaceAll("\s+", "").trim(): null

05-03-2025T09:31:27 - [TEST_STEP][PASSED] - b = replaceAll("\s+", "").trim(): null

05-03-2025T09:31:27 - [TEST_STEP][PASSED] - Script1710234207206.WriteToExcel(todaysDate, run, vir, block, typeOfData, viruchka, vidget, nameOfBlock, a, b, dZO, x, y): null

05-03-2025T09:31:27 - [TEST_STEP][PASSED] - println(run): null

05-03-2025T09:31:27 - [TEST_STEP][PASSED] - if (run == 1): null

05-03-2025T09:31:27 - [TEST_STEP][PASSED] - typeOfData = "Млн": null

05-03-2025T09:31:27 - [TEST_STEP][PASSED] - println("todaysDate:" + todaysDate): null

05-03-2025T09:31:27 - [TEST_STEP][PASSED] - println("typeOfData:" + typeOfData): null

05-03-2025T09:31:27 - [TEST_STEP][PASSED] - viruchka = getText(findTestObject("Выручка в рублях/Фильтр Выручка" + nameOfBlock)): Text of object 'Object Repository/Выручка в рублях/Фильтр Выручка Выручка' is: 'Все'

05-03-2025T09:31:27 - [MESSAGE][PASSED] - Text of object 'Object Repository/Выручка в рублях/Фильтр Выручка Выручка' is: 'Все'

05-03-2025T09:31:27 - [TEST_STEP][PASSED] - println("viruchka" + viruchka): null

05-03-2025T09:31:27 - [TEST_STEP][PASSED] - println("vidget" + vidget): null

05-03-2025T09:31:27 - [TEST_STEP][PASSED] - println("a" + a): null

05-03-2025T09:31:27 - [TEST_STEP][PASSED] - println("b" + b): null

05-03-2025T09:31:27 - [TEST_STEP][PASSED] - sheetName = "Sheet1": null

05-03-2025T09:31:27 - [TEST_STEP][PASSED] - data = findTestData("PlanFact"): null

05-03-2025T09:31:27 - [TEST_STEP][PASSED] - n = data.getRowNumbers() + 1: null

05-03-2025T09:31:27 - [TEST_STEP][PASSED] - period = getText(findTestObject("Выручка в рублях/Фильтр Период")).trim(): Text of object 'Object Repository/Выручка в рублях/Фильтр Период' is: 'Январь 2025 года'

05-03-2025T09:31:28 - [MESSAGE][PASSED] - Text of object 'Object Repository/Выручка в рублях/Фильтр Период' is: 'Январь 2025 года'

05-03-2025T09:31:28 - [TEST_STEP][PASSED] - println(period): null

05-03-2025T09:31:28 - [TEST_STEP][PASSED] - if (period.findAll("[а-яА-Я]") == false): null

05-03-2025T09:31:28 - [TEST_STEP][PASSED] - dashboardName = "Выручка в рублях": null

05-03-2025T09:31:28 - [TEST_STEP][PASSED] - if (a == ""): null

05-03-2025T09:31:28 - [TEST_STEP][PASSED] - else: null

05-03-2025T09:31:28 - [TEST_STEP][PASSED] - x = a.toDouble(): null

05-03-2025T09:31:28 - [TEST_STEP][PASSED] - if (b == ""): null

05-03-2025T09:31:28 - [TEST_STEP][PASSED] - else: null

05-03-2025T09:31:28 - [TEST_STEP][PASSED] - y = b.toDouble(): null

05-03-2025T09:31:28 - [TEST_STEP][PASSED] - workbook01 = getWorkbook(excelFilePath): null

05-03-2025T09:31:28 - [TEST_STEP][PASSED] - sheet01 = getExcelSheet(workbook01, sheetName): null

05-03-2025T09:31:28 - [TEST_STEP][PASSED] - setValueToCellByIndex(sheet01, n, 0, dashboardName): null

05-03-2025T09:31:28 - [TEST_STEP][PASSED] - setValueToCellByIndex(sheet01, n, 1, dZO): null

05-03-2025T09:31:28 - [TEST_STEP][PASSED] - setValueToCellByIndex(sheet01, n, 2, vidget): null

05-03-2025T09:31:28 - [TEST_STEP][PASSED] - setValueToCellByIndex(sheet01, n, 3, viruchka): null

05-03-2025T09:31:28 - [TEST_STEP][PASSED] - setValueToCellByIndex(sheet01, n, 4, typeOfData): null

05-03-2025T09:31:28 - [TEST_STEP][PASSED] - if (a == "нет данных"): null

05-03-2025T09:31:28 - [TEST_STEP][PASSED] - else: null

05-03-2025T09:31:28 - [TEST_STEP][PASSED] - setValueToCellByIndex(sheet01, n, 5, x): null

05-03-2025T09:31:28 - [TEST_STEP][PASSED] - if (b == "нет данных"): null

05-03-2025T09:31:28 - [TEST_STEP][PASSED] - else: null

05-03-2025T09:31:28 - [TEST_STEP][PASSED] - setValueToCellByIndex(sheet01, n, 6, y): null

05-03-2025T09:31:28 - [TEST_STEP][PASSED] - setValueToCellByIndex(sheet01, n, 7, period): null

05-03-2025T09:31:28 - [TEST_STEP][PASSED] - setValueToCellByIndex(sheet01, n, 8, todaysDate): null

05-03-2025T09:31:28 - [TEST_STEP][PASSED] - n = n + 1: null

05-03-2025T09:31:28 - [TEST_STEP][PASSED] - saveWorkbook(excelFilePath, workbook01): null

05-03-2025T09:31:28 - [TEST_STEP][PASSED] - x = "": null

05-03-2025T09:31:28 - [TEST_STEP][PASSED] - y = "": null

05-03-2025T09:31:28 - [TEST_STEP][PASSED] - dZO = "Россети Янтарь": null

05-03-2025T09:31:28 - [TEST_STEP][PASSED] - if (verifyEqual(a317, b317) == false): Actual object '-19' and expected object '-19' are equal

05-03-2025T09:31:28 - [MESSAGE][PASSED] - Actual object '-19' and expected object '-19' are equal

05-03-2025T09:31:28 - [TEST_STEP][PASSED] - closeBrowser(): null

05-03-2025T09:31:28 - [MESSAGE][PASSED] - Browser is closed

05-03-2025T09:31:28 - [TEST_STEP][PASSED] - Script1710234207206.Blocks(run, vir, block, nameOfBlock, typeOfData, viruchka, vidget, todaysDate, a, b, dZO, x, y): null

05-03-2025T09:31:28 - [TEST_STEP][PASSED] - i = <not implemented yet for class: org.codehaus.groovy.ast.expr.EmptyExpression>: null

05-03-2025T09:31:28 - [TEST_STEP][PASSED] - perc = "": null

05-03-2025T09:31:28 - [TEST_STEP][PASSED] - a1 = <not implemented yet for class: org.codehaus.groovy.ast.expr.EmptyExpression>: null

05-03-2025T09:31:28 - [TEST_STEP][PASSED] - a2 = <not implemented yet for class: org.codehaus.groovy.ast.expr.EmptyExpression>: null

05-03-2025T09:31:28 - [TEST_STEP][PASSED] - a30 = <not implemented yet for class: org.codehaus.groovy.ast.expr.EmptyExpression>: null

05-03-2025T09:31:28 - [TEST_STEP][PASSED] - a31 = <not implemented yet for class: org.codehaus.groovy.ast.expr.EmptyExpression>: null

05-03-2025T09:31:28 - [TEST_STEP][PASSED] - a32 = <not implemented yet for class: org.codehaus.groovy.ast.expr.EmptyExpression>: null

05-03-2025T09:31:28 - [TEST_STEP][PASSED] - a33 = <not implemented yet for class: org.codehaus.groovy.ast.expr.EmptyExpression>: null

05-03-2025T09:31:28 - [TEST_STEP][PASSED] - a34 = <not implemented yet for class: org.codehaus.groovy.ast.expr.EmptyExpression>: null

05-03-2025T09:31:28 - [TEST_STEP][PASSED] - a35 = <not implemented yet for class: org.codehaus.groovy.ast.expr.EmptyExpression>: null

05-03-2025T09:31:28 - [TEST_STEP][PASSED] - a36 = <not implemented yet for class: org.codehaus.groovy.ast.expr.EmptyExpression>: null

05-03-2025T09:31:28 - [TEST_STEP][PASSED] - a37 = <not implemented yet for class: org.codehaus.groovy.ast.expr.EmptyExpression>: null

05-03-2025T09:31:28 - [TEST_STEP][PASSED] - a38 = <not implemented yet for class: org.codehaus.groovy.ast.expr.EmptyExpression>: null

05-03-2025T09:31:28 - [TEST_STEP][PASSED] - a39 = <not implemented yet for class: org.codehaus.groovy.ast.expr.EmptyExpression>: null

05-03-2025T09:31:28 - [TEST_STEP][PASSED] - a310 = <not implemented yet for class: org.codehaus.groovy.ast.expr.EmptyExpression>: null

05-03-2025T09:31:28 - [TEST_STEP][PASSED] - a311 = <not implemented yet for class: org.codehaus.groovy.ast.expr.EmptyExpression>: null

05-03-2025T09:31:28 - [TEST_STEP][PASSED] - a312 = <not implemented yet for class: org.codehaus.groovy.ast.expr.EmptyExpression>: null

05-03-2025T09:31:28 - [TEST_STEP][PASSED] - a313 = <not implemented yet for class: org.codehaus.groovy.ast.expr.EmptyExpression>: null

05-03-2025T09:31:28 - [TEST_STEP][PASSED] - a314 = <not implemented yet for class: org.codehaus.groovy.ast.expr.EmptyExpression>: null

05-03-2025T09:31:28 - [TEST_STEP][PASSED] - a315 = <not implemented yet for class: org.codehaus.groovy.ast.expr.EmptyExpression>: null

05-03-2025T09:31:28 - [TEST_STEP][PASSED] - a316 = <not implemented yet for class: org.codehaus.groovy.ast.expr.EmptyExpression>: null

05-03-2025T09:31:28 - [TEST_STEP][PASSED] - a317 = <not implemented yet for class: org.codehaus.groovy.ast.expr.EmptyExpression>: null

05-03-2025T09:31:28 - [TEST_STEP][PASSED] - b1 = <not implemented yet for class: org.codehaus.groovy.ast.expr.EmptyExpression>: null

05-03-2025T09:31:28 - [TEST_STEP][PASSED] - b2 = <not implemented yet for class: org.codehaus.groovy.ast.expr.EmptyExpression>: null

05-03-2025T09:31:28 - [TEST_STEP][PASSED] - b30 = <not implemented yet for class: org.codehaus.groovy.ast.expr.EmptyExpression>: null

05-03-2025T09:31:28 - [TEST_STEP][PASSED] - b31 = <not implemented yet for class: org.codehaus.groovy.ast.expr.EmptyExpression>: null

05-03-2025T09:31:28 - [TEST_STEP][PASSED] - b32 = <not implemented yet for class: org.codehaus.groovy.ast.expr.EmptyExpression>: null

05-03-2025T09:31:28 - [TEST_STEP][PASSED] - b33 = <not implemented yet for class: org.codehaus.groovy.ast.expr.EmptyExpression>: null

05-03-2025T09:31:28 - [TEST_STEP][PASSED] - b34 = <not implemented yet for class: org.codehaus.groovy.ast.expr.EmptyExpression>: null

05-03-2025T09:31:28 - [TEST_STEP][PASSED] - b35 = <not implemented yet for class: org.codehaus.groovy.ast.expr.EmptyExpression>: null

05-03-2025T09:31:28 - [TEST_STEP][PASSED] - b36 = <not implemented yet for class: org.codehaus.groovy.ast.expr.EmptyExpression>: null

05-03-2025T09:31:28 - [TEST_STEP][PASSED] - b37 = <not implemented yet for class: org.codehaus.groovy.ast.expr.EmptyExpression>: null

05-03-2025T09:31:28 - [TEST_STEP][PASSED] - b38 = <not implemented yet for class: org.codehaus.groovy.ast.expr.EmptyExpression>: null

05-03-2025T09:31:28 - [TEST_STEP][PASSED] - b39 = <not implemented yet for class: org.codehaus.groovy.ast.expr.EmptyExpression>: null

05-03-2025T09:31:28 - [TEST_STEP][PASSED] - b310 = <not implemented yet for class: org.codehaus.groovy.ast.expr.EmptyExpression>: null

05-03-2025T09:31:28 - [TEST_STEP][PASSED] - b311 = <not implemented yet for class: org.codehaus.groovy.ast.expr.EmptyExpression>: null

05-03-2025T09:31:28 - [TEST_STEP][PASSED] - b312 = <not implemented yet for class: org.codehaus.groovy.ast.expr.EmptyExpression>: null

05-03-2025T09:31:28 - [TEST_STEP][PASSED] - b313 = <not implemented yet for class: org.codehaus.groovy.ast.expr.EmptyExpression>: null

05-03-2025T09:31:28 - [TEST_STEP][PASSED] - b314 = <not implemented yet for class: org.codehaus.groovy.ast.expr.EmptyExpression>: null

05-03-2025T09:31:28 - [TEST_STEP][PASSED] - b315 = <not implemented yet for class: org.codehaus.groovy.ast.expr.EmptyExpression>: null

05-03-2025T09:31:28 - [TEST_STEP][PASSED] - b316 = <not implemented yet for class: org.codehaus.groovy.ast.expr.EmptyExpression>: null

05-03-2025T09:31:28 - [TEST_STEP][PASSED] - b317 = <not implemented yet for class: org.codehaus.groovy.ast.expr.EmptyExpression>: null

05-03-2025T09:31:28 - [TEST_STEP][PASSED] - block = 1: null

05-03-2025T09:31:28 - [TEST_STEP][PASSED] - nameOfBlock = "": null

05-03-2025T09:31:28 - [TEST_STEP][PASSED] - Script1710234207206.PreSettings(run, vir, block, nameOfBlock, typeOfData, todaysDate): null

05-03-2025T09:31:28 - [TEST_STEP][PASSED] - openBrowser(""): Browser is opened with url: ''

05-03-2025T09:31:28 - [MESSAGE][INFO] - Starting 'Chrome' driver

05-03-2025T09:31:28 - [MESSAGE][INFO] - Action delay is set to 0 milliseconds

05-03-2025T09:31:30 - [MESSAGE][PASSED] - Browser is opened with url: ''

05-03-2025T09:31:30 - [TEST_STEP][PASSED] - refresh(): Refresh successfully

05-03-2025T09:31:30 - [MESSAGE][PASSED] - Refresh successfully

05-03-2025T09:31:30 - [TEST_STEP][PASSED] - delay(50): Delayed 50 second(s)

05-03-2025T09:32:20 - [MESSAGE][PASSED] - Delayed 50 second(s)

05-03-2025T09:32:20 - [TEST_STEP][PASSED] - println("run:" + run): null

05-03-2025T09:32:20 - [TEST_STEP][PASSED] - println("vir:" + vir): null

05-03-2025T09:32:20 - [TEST_STEP][PASSED] - println("block:" + block): null

05-03-2025T09:32:20 - [TEST_STEP][PASSED] - if (block == 1): null

05-03-2025T09:32:20 - [TEST_STEP][PASSED] - nameOfBlock = "": null

05-03-2025T09:32:20 - [TEST_STEP][PASSED] - println("nameOfBlock:" + nameOfBlock): null

05-03-2025T09:32:20 - [TEST_STEP][PASSED] - println("typeOfData:" + typeOfData): null

05-03-2025T09:32:20 - [TEST_STEP][PASSED] - println("todaysDate:" + todaysDate): null

05-03-2025T09:32:20 - [TEST_STEP][PASSED] - Script1710234207206.Autorization(block, nameOfBlock): null

05-03-2025T09:32:20 - [TEST_STEP][PASSED] - i = <not implemented yet for class: org.codehaus.groovy.ast.expr.EmptyExpression>: null

05-03-2025T09:32:20 - [TEST_STEP][PASSED] - ii = <not implemented yet for class: org.codehaus.groovy.ast.expr.EmptyExpression>: null

05-03-2025T09:32:20 - [TEST_STEP][PASSED] - urlData = <not implemented yet for class: org.codehaus.groovy.ast.expr.EmptyExpression>: null

05-03-2025T09:32:20 - [TEST_STEP][PASSED] - searchWord = <not implemented yet for class: org.codehaus.groovy.ast.expr.EmptyExpression>: null

05-03-2025T09:32:20 - [TEST_STEP][PASSED] - urlText = <not implemented yet for class: org.codehaus.groovy.ast.expr.EmptyExpression>: null

05-03-2025T09:32:20 - [TEST_STEP][PASSED] - println("block:" + block): null

05-03-2025T09:32:20 - [TEST_STEP][PASSED] - if (block == 1): null

05-03-2025T09:32:20 - [TEST_STEP][PASSED] - nameOfBlock = "": null

05-03-2025T09:32:20 - [TEST_STEP][PASSED] - println("nameOfBlock:" + nameOfBlock): null

05-03-2025T09:32:20 - [TEST_STEP][PASSED] - if (block == 1): Delayed 45 second(s)

05-03-2025T09:32:20 - [TEST_STEP][PASSED] - urlData = 2: null

05-03-2025T09:32:20 - [TEST_STEP][PASSED] - delay(45): Delayed 45 second(s)

05-03-2025T09:33:05 - [MESSAGE][PASSED] - Delayed 45 second(s)

05-03-2025T09:33:05 - [TEST_STEP][PASSED] - navigateToUrl(findTestData("PlanFact").getValue(10, urlData)): Navigate to 'https://bi.rosseti.digital/viewer?dashboardGuid=2301950b23be4ed89c1df75f2020051e&sheetGuid=b723206f698544fb87299f3095c00435&fit=true' successfully

05-03-2025T09:33:08 - [MESSAGE][PASSED] - Navigate to 'https://bi.rosseti.digital/viewer?dashboardGuid=2301950b23be4ed89c1df75f2020051e&sheetGuid=b723206f698544fb87299f3095c00435&fit=true' successfully

05-03-2025T09:33:08 - [TEST_STEP][PASSED] - urlText = getText(findTestObject("Страница авторизации/Text")): Text of object 'Object Repository/Страница авторизации/Text' is: 'Вход'

05-03-2025T09:33:10 - [MESSAGE][PASSED] - Text of object 'Object Repository/Страница авторизации/Text' is: 'Вход'

05-03-2025T09:33:10 - [TEST_STEP][PASSED] - searchWord = "Вход": null

05-03-2025T09:33:10 - [TEST_STEP][PASSED] - if (urlText == null || urlText.contains("ошибка") || urlText.contains(searchWord) == false): null

05-03-2025T09:33:10 - [TEST_STEP][PASSED] - if (verifyElementPresent(findTestObject("Страница авторизации/button_"), 30) == true): null

05-03-2025T09:33:11 - [MESSAGE][PASSED] - Object 'Object Repository/Страница авторизации/button_' is present

05-03-2025T09:33:11 - [TEST_STEP][PASSED] - setText(findTestObject("Страница авторизации/input__username"), findTestData("PlanFact").getValue(8, 1)): Text 'liazgina-di' is set on object 'Object Repository/Страница авторизации/input__username'

05-03-2025T09:33:11 - [MESSAGE][PASSED] - Text 'liazgina-di' is set on object 'Object Repository/Страница авторизации/input__username'

05-03-2025T09:33:11 - [TEST_STEP][PASSED] - setText(findTestObject("Страница авторизации/input__password"), findTestData("PlanFact").getValue(9, 1)): Text ')$%5srZ8o688Dm#q' is set on object 'Object Repository/Страница авторизации/input__password'

05-03-2025T09:33:12 - [MESSAGE][PASSED] - Text ')$%5srZ8o688Dm#q' is set on object 'Object Repository/Страница авторизации/input__password'

05-03-2025T09:33:12 - [TEST_STEP][PASSED] - click(findTestObject("Страница авторизации/button_")): Object: 'Object Repository/Страница авторизации/button_' is clicked on

05-03-2025T09:33:14 - [MESSAGE][PASSED] - Object: 'Object Repository/Страница авторизации/button_' is clicked on

05-03-2025T09:33:14 - [TEST_STEP][PASSED] - delay(45): Delayed 45 second(s)

05-03-2025T09:33:59 - [MESSAGE][PASSED] - Delayed 45 second(s)

05-03-2025T09:33:59 - [TEST_STEP][PASSED] - urlText = getText(findTestObject("Страница авторизации/Text")): Text of object 'Object Repository/Страница авторизации/Text' is: 'Период
Январь 2025 года
Выручка
Все
Выполнение плановых показателей по ПАО Россети за Январь 2025 года
План
Факт
Динамика
2025 год
0 млн.руб.
20 000 млн.руб.
40 000 млн.руб.
60 000 млн.руб.
80 000 млн.руб.
100 000 млн.руб.
120 000 млн.руб.
140 000 млн.руб.
160 000 млн.руб.
180 000 млн.руб.
200 000 млн.руб.
121 309
157 865
↑
ДЗО 
ПАО Россети
Внутренний оборот - выручка за услуги по передаче электрической энергии, учтенная в выручке за электроэнергию для конечных потребителей, при выполнении ДЗО функций гарантирующего поставщика
Подписи данных
⬤Отклонение
АО "РЭС"
АО «Тываэнерго»
АО «Чеченэнерго»
Россети Волга
Россети Кубань
Россети Ленэнерго (ГК)
Россети Московский регион
Россети Северный Кавказ (ГК)
Россети Северо-Запад
Россети Сибирь (ГК)
Россети Томск
Россети Тюмень
Россети Урал (ГК)
Россети ФСК ЕЭС
Россети Центр
Россети Центр и Приволжье (ГК)
Россети Юг (ГК)
Россети Янтарь
-2 000 млн.руб.
0 млн.руб.
2 000 млн.руб.
4 000 млн.руб.
6 000 млн.руб.
8 000 млн.руб.
10 000 млн.руб.
12 000 млн.руб.
14 000 млн.руб.
-73
274
463
1 630
-54
-403
8 709
3 799
-251
11 296
-58
-1 104
-474
-59
-675
13 055
500
-19
млн.
%
Выручка
Отклонение выручки по ПАО Россети за Январь 2025 года (факт/план, млн. руб)
ПАО Россети
36 556 млн.руб.
 '

05-03-2025T09:34:00 - [MESSAGE][PASSED] - Text of object 'Object Repository/Страница авторизации/Text' is: 'Период
Январь 2025 года
Выручка
Все
Выполнение плановых показателей по ПАО Россети за Январь 2025 года
План
Факт
Динамика
2025 год
0 млн.руб.
20 000 млн.руб.
40 000 млн.руб.
60 000 млн.руб.
80 000 млн.руб.
100 000 млн.руб.
120 000 млн.руб.
140 000 млн.руб.
160 000 млн.руб.
180 000 млн.руб.
200 000 млн.руб.
121 309
157 865
↑
ДЗО 
ПАО Россети
Внутренний оборот - выручка за услуги по передаче электрической энергии, учтенная в выручке за электроэнергию для конечных потребителей, при выполнении ДЗО функций гарантирующего поставщика
Подписи данных
⬤Отклонение
АО "РЭС"
АО «Тываэнерго»
АО «Чеченэнерго»
Россети Волга
Россети Кубань
Россети Ленэнерго (ГК)
Россети Московский регион
Россети Северный Кавказ (ГК)
Россети Северо-Запад
Россети Сибирь (ГК)
Россети Томск
Россети Тюмень
Россети Урал (ГК)
Россети ФСК ЕЭС
Россети Центр
Россети Центр и Приволжье (ГК)
Россети Юг (ГК)
Россети Янтарь
-2 000 млн.руб.
0 млн.руб.
2 000 млн.руб.
4 000 млн.руб.
6 000 млн.руб.
8 000 млн.руб.
10 000 млн.руб.
12 000 млн.руб.
14 000 млн.руб.
-73
274
463
1 630
-54
-403
8 709
3 799
-251
11 296
-58
-1 104
-474
-59
-675
13 055
500
-19
млн.
%
Выручка
Отклонение выручки по ПАО Россети за Январь 2025 года (факт/план, млн. руб)
ПАО Россети
36 556 млн.руб.
 '

05-03-2025T09:34:00 - [TEST_STEP][PASSED] - searchWord = "а": null

05-03-2025T09:34:00 - [TEST_STEP][PASSED] - if (urlText.contains("ошибка") || urlText.contains(searchWord) == false): null

05-03-2025T09:34:00 - [TEST_STEP][PASSED] - delay(45): Delayed 45 second(s)

05-03-2025T09:34:45 - [MESSAGE][PASSED] - Delayed 45 second(s)

05-03-2025T09:34:45 - [TEST_STEP][PASSED] - if (block == 2): null

05-03-2025T09:34:45 - [TEST_STEP][PASSED] - click(findTestObject("Выручка в рублях/Фильтр Период" + nameOfBlock)): Object: 'Object Repository/Выручка в рублях/Фильтр Период' is clicked on

05-03-2025T09:34:45 - [MESSAGE][PASSED] - Object: 'Object Repository/Выручка в рублях/Фильтр Период' is clicked on

05-03-2025T09:34:45 - [TEST_STEP][PASSED] - click(findTestObject("Выручка в рублях/Снять выделение в фильтре Дата" + nameOfBlock)): Object: 'Object Repository/Выручка в рублях/Снять выделение в фильтре Дата' is clicked on

05-03-2025T09:34:45 - [MESSAGE][PASSED] - Object: 'Object Repository/Выручка в рублях/Снять выделение в фильтре Дата' is clicked on

05-03-2025T09:34:45 - [TEST_STEP][PASSED] - click(findTestObject("Выручка в рублях/Применить в фильтре Дата" + nameOfBlock)): Object: 'Object Repository/Выручка в рублях/Применить в фильтре Дата' is clicked on

05-03-2025T09:34:46 - [MESSAGE][PASSED] - Object: 'Object Repository/Выручка в рублях/Применить в фильтре Дата' is clicked on

05-03-2025T09:34:46 - [TEST_STEP][PASSED] - delay(50): Delayed 50 second(s)

05-03-2025T09:35:36 - [MESSAGE][PASSED] - Delayed 50 second(s)

05-03-2025T09:35:36 - [TEST_STEP][PASSED] - click(findTestObject("Выручка в рублях/Фильтр Период" + nameOfBlock)): Object: 'Object Repository/Выручка в рублях/Фильтр Период' is clicked on

05-03-2025T09:35:36 - [MESSAGE][PASSED] - Object: 'Object Repository/Выручка в рублях/Фильтр Период' is clicked on

05-03-2025T09:35:36 - [TEST_STEP][PASSED] - click(findTestObject("Выручка в рублях/Снять выделение в фильтре Дата" + nameOfBlock)): Object: 'Object Repository/Выручка в рублях/Снять выделение в фильтре Дата' is clicked on

05-03-2025T09:35:37 - [MESSAGE][PASSED] - Object: 'Object Repository/Выручка в рублях/Снять выделение в фильтре Дата' is clicked on

05-03-2025T09:35:37 - [TEST_STEP][PASSED] - scrollToElement(findTestObject("Выручка в рублях/2025 список" + nameOfBlock), 30): Scroll to object 'Object Repository/Выручка в рублях/2025 список' successfully

05-03-2025T09:35:37 - [MESSAGE][PASSED] - Scroll to object 'Object Repository/Выручка в рублях/2025 список' successfully

05-03-2025T09:35:37 - [TEST_STEP][PASSED] - click(findTestObject("Выручка в рублях/2025 список" + nameOfBlock)): Object: 'Object Repository/Выручка в рублях/2025 список' is clicked on

05-03-2025T09:35:37 - [MESSAGE][PASSED] - Object: 'Object Repository/Выручка в рублях/2025 список' is clicked on

05-03-2025T09:35:37 - [TEST_STEP][PASSED] - scrollToElement(findTestObject("Выручка в рублях/1 квартал 2025 список Выручка"), 30): Scroll to object 'Object Repository/Выручка в рублях/1 квартал 2025 список Выручка' successfully

05-03-2025T09:35:38 - [MESSAGE][PASSED] - Scroll to object 'Object Repository/Выручка в рублях/1 квартал 2025 список Выручка' successfully

05-03-2025T09:35:38 - [TEST_STEP][PASSED] - click(findTestObject("Выручка в рублях/1 квартал 2025 список" + nameOfBlock)): Object: 'Object Repository/Выручка в рублях/1 квартал 2025 список' is clicked on

05-03-2025T09:35:38 - [MESSAGE][PASSED] - Object: 'Object Repository/Выручка в рублях/1 квартал 2025 список' is clicked on

05-03-2025T09:35:38 - [TEST_STEP][PASSED] - scrollToElement(findTestObject("Выручка в рублях/Январь 2025" + nameOfBlock), 30): Scroll to object 'Object Repository/Выручка в рублях/Январь 2025' successfully

05-03-2025T09:35:39 - [MESSAGE][PASSED] - Scroll to object 'Object Repository/Выручка в рублях/Январь 2025' successfully

05-03-2025T09:35:39 - [TEST_STEP][PASSED] - click(findTestObject("Выручка в рублях/Январь 2025" + nameOfBlock)): Object: 'Object Repository/Выручка в рублях/Январь 2025' is clicked on

05-03-2025T09:35:39 - [MESSAGE][PASSED] - Object: 'Object Repository/Выручка в рублях/Январь 2025' is clicked on

05-03-2025T09:35:39 - [TEST_STEP][PASSED] - scrollToElement(findTestObject("Выручка в рублях/Заголовок дашборда" + nameOfBlock), 30): Scroll to object 'Object Repository/Выручка в рублях/Заголовок дашборда' successfully

05-03-2025T09:35:39 - [MESSAGE][PASSED] - Scroll to object 'Object Repository/Выручка в рублях/Заголовок дашборда' successfully

05-03-2025T09:35:39 - [TEST_STEP][PASSED] - click(findTestObject("Выручка в рублях/Применить в фильтре Дата" + nameOfBlock)): Object: 'Object Repository/Выручка в рублях/Применить в фильтре Дата' is clicked on

05-03-2025T09:35:40 - [MESSAGE][PASSED] - Object: 'Object Repository/Выручка в рублях/Применить в фильтре Дата' is clicked on

05-03-2025T09:35:40 - [TEST_STEP][PASSED] - delay(55): Delayed 55 second(s)

05-03-2025T09:36:35 - [MESSAGE][PASSED] - Delayed 55 second(s)

05-03-2025T09:36:35 - [TEST_STEP][PASSED] - click(findTestObject("Выручка в рублях/Фильтр ДЗО" + nameOfBlock)): Object: 'Object Repository/Выручка в рублях/Фильтр ДЗО' is clicked on

05-03-2025T09:36:35 - [MESSAGE][PASSED] - Object: 'Object Repository/Выручка в рублях/Фильтр ДЗО' is clicked on

05-03-2025T09:36:35 - [TEST_STEP][PASSED] - click(findTestObject("Выручка в рублях/Снять выделение в фильтре ДЗО" + nameOfBlock)): Object: 'Object Repository/Выручка в рублях/Снять выделение в фильтре ДЗО' is clicked on

05-03-2025T09:36:36 - [MESSAGE][PASSED] - Object: 'Object Repository/Выручка в рублях/Снять выделение в фильтре ДЗО' is clicked on

05-03-2025T09:36:36 - [TEST_STEP][PASSED] - click(findTestObject("Выручка в рублях/Применить в фильтре ДЗО" + nameOfBlock)): Object: 'Object Repository/Выручка в рублях/Применить в фильтре ДЗО' is clicked on

05-03-2025T09:36:36 - [MESSAGE][PASSED] - Object: 'Object Repository/Выручка в рублях/Применить в фильтре ДЗО' is clicked on

05-03-2025T09:36:36 - [TEST_STEP][PASSED] - delay(50): Delayed 50 second(s)

05-03-2025T09:37:26 - [MESSAGE][PASSED] - Delayed 50 second(s)

05-03-2025T09:37:26 - [TEST_STEP][PASSED] - Script1710234207206.Tumbler(run, vir, block, nameOfBlock): null

05-03-2025T09:37:26 - [TEST_STEP][PASSED] - println("run:" + run): null

05-03-2025T09:37:26 - [TEST_STEP][PASSED] - println("vir:" + vir): null

05-03-2025T09:37:26 - [TEST_STEP][PASSED] - println("block:" + block): null

05-03-2025T09:37:26 - [TEST_STEP][PASSED] - println("nameOfBlock:" + nameOfBlock): null

05-03-2025T09:37:26 - [TEST_STEP][PASSED] - if (vir == 1): null

05-03-2025T09:37:26 - [TEST_STEP][PASSED] - else if (vir == 2): Object: 'Object Repository/Выручка в рублях/Применить в фильтре Выручка' is clicked on

05-03-2025T09:37:26 - [TEST_STEP][PASSED] - if (run == 2): null

05-03-2025T09:37:26 - [TEST_STEP][PASSED] - click(findTestObject("Выручка в рублях/Фильтр Выручка" + nameOfBlock)): Object: 'Object Repository/Выручка в рублях/Фильтр Выручка' is clicked on

05-03-2025T09:37:27 - [MESSAGE][PASSED] - Object: 'Object Repository/Выручка в рублях/Фильтр Выручка' is clicked on

05-03-2025T09:37:27 - [TEST_STEP][PASSED] - click(findTestObject("Выручка в рублях/Итого в фильтре Выручка" + nameOfBlock)): Object: 'Object Repository/Выручка в рублях/Итого в фильтре Выручка' is clicked on

05-03-2025T09:37:27 - [MESSAGE][PASSED] - Object: 'Object Repository/Выручка в рублях/Итого в фильтре Выручка' is clicked on

05-03-2025T09:37:27 - [TEST_STEP][PASSED] - click(findTestObject("Выручка в рублях/Применить в фильтре Выручка" + nameOfBlock)): Object: 'Object Repository/Выручка в рублях/Применить в фильтре Выручка' is clicked on

05-03-2025T09:37:28 - [MESSAGE][PASSED] - Object: 'Object Repository/Выручка в рублях/Применить в фильтре Выручка' is clicked on

05-03-2025T09:37:28 - [TEST_STEP][PASSED] - click(findTestObject("Выручка в рублях/Фильтр ДЗО" + nameOfBlock)): Object: 'Object Repository/Выручка в рублях/Фильтр ДЗО' is clicked on

05-03-2025T09:37:29 - [MESSAGE][PASSED] - Object: 'Object Repository/Выручка в рублях/Фильтр ДЗО' is clicked on

05-03-2025T09:37:29 - [TEST_STEP][PASSED] - Script1710234207206.Rosseti(nameOfBlock): null

05-03-2025T09:37:29 - [TEST_STEP][PASSED] - println("nameOfBlock:" + nameOfBlock): null

05-03-2025T09:37:29 - [TEST_STEP][PASSED] - click(findTestObject("Выручка в рублях/ПАО Россети" + nameOfBlock)): Object: 'Object Repository/Выручка в рублях/ПАО Россети' is clicked on

05-03-2025T09:37:30 - [MESSAGE][PASSED] - Object: 'Object Repository/Выручка в рублях/ПАО Россети' is clicked on

05-03-2025T09:37:30 - [TEST_STEP][PASSED] - click(findTestObject("Выручка в рублях/Применить в фильтре ДЗО" + nameOfBlock)): Object: 'Object Repository/Выручка в рублях/Применить в фильтре ДЗО' is clicked on

05-03-2025T09:37:30 - [MESSAGE][PASSED] - Object: 'Object Repository/Выручка в рублях/Применить в фильтре ДЗО' is clicked on

05-03-2025T09:37:30 - [TEST_STEP][PASSED] - if (run == 2): null

05-03-2025T09:37:30 - [TEST_STEP][PASSED] - if (vir == 1 || vir == 2): Text of object 'Object Repository/Выручка в рублях/График План' is: '121 255'

05-03-2025T09:37:30 - [TEST_STEP][PASSED] - a1 = getText(findTestObject("Выручка в рублях/График План")): Text of object 'Object Repository/Выручка в рублях/График План' is: '121 255'

05-03-2025T09:37:32 - [MESSAGE][PASSED] - Text of object 'Object Repository/Выручка в рублях/График План' is: '121 255'

05-03-2025T09:37:32 - [TEST_STEP][PASSED] - if (vir == 1 || vir == 2): Text of object 'Object Repository/Выручка в рублях/График Факт' is: '155 462'

05-03-2025T09:37:32 - [TEST_STEP][PASSED] - a2 = getText(findTestObject("Выручка в рублях/График Факт")): Text of object 'Object Repository/Выручка в рублях/График Факт' is: '155 462'

05-03-2025T09:37:32 - [MESSAGE][PASSED] - Text of object 'Object Repository/Выручка в рублях/График Факт' is: '155 462'

05-03-2025T09:37:32 - [TEST_STEP][PASSED] - a30 = getText(findTestObject("Выручка в рублях/span1" + perc)): Text of object 'Object Repository/Выручка в рублях/span1' is: '34 207.4 млн.руб.'

05-03-2025T09:37:32 - [MESSAGE][PASSED] - Text of object 'Object Repository/Выручка в рублях/span1' is: '34 207.4 млн.руб.'

05-03-2025T09:37:32 - [TEST_STEP][PASSED] - i = a30.indexOf("млн.руб."): null

05-03-2025T09:37:32 - [TEST_STEP][PASSED] - if (i > -1): null

05-03-2025T09:37:32 - [TEST_STEP][PASSED] - a30 = a30.substring(0, i): null

05-03-2025T09:37:32 - [TEST_STEP][PASSED] - a30 = a30.replaceAll(" ", ""): null

05-03-2025T09:37:32 - [TEST_STEP][PASSED] - if (a30.contains("%")): null

05-03-2025T09:37:32 - [TEST_STEP][PASSED] - a30 = ").trim(): null

05-03-2025T09:37:32 - [TEST_STEP][PASSED] - println("a30: " + a30): null

05-03-2025T09:37:32 - [TEST_STEP][PASSED] - if (vir == 1 || vir == 2): Text of object 'Object Repository/Выручка в рублях/span2' is: '-73'

05-03-2025T09:37:32 - [TEST_STEP][PASSED] - a31 = ").trim(): Text of object 'Object Repository/Выручка в рублях/span2' is: '-73'

05-03-2025T09:37:33 - [MESSAGE][PASSED] - Text of object 'Object Repository/Выручка в рублях/span2' is: '-73'

05-03-2025T09:37:33 - [TEST_STEP][PASSED] - if (vir == 1 || vir == 2): Text of object 'Object Repository/Выручка в рублях/span3' is: '115'

05-03-2025T09:37:33 - [TEST_STEP][PASSED] - a32 = ").trim(): Text of object 'Object Repository/Выручка в рублях/span3' is: '115'

05-03-2025T09:37:33 - [MESSAGE][PASSED] - Text of object 'Object Repository/Выручка в рублях/span3' is: '115'

05-03-2025T09:37:33 - [TEST_STEP][PASSED] - if (vir == 1 || vir == 2): Text of object 'Object Repository/Выручка в рублях/span8' is: '2 072'

05-03-2025T09:37:33 - [TEST_STEP][PASSED] - a33 = ").trim(): Text of object 'Object Repository/Выручка в рублях/span4' is: '1 630'

05-03-2025T09:37:33 - [MESSAGE][PASSED] - Text of object 'Object Repository/Выручка в рублях/span4' is: '1 630'

05-03-2025T09:37:33 - [TEST_STEP][PASSED] - a34 = ").trim(): Text of object 'Object Repository/Выручка в рублях/span5' is: '-54'

05-03-2025T09:37:34 - [MESSAGE][PASSED] - Text of object 'Object Repository/Выручка в рублях/span5' is: '-54'

05-03-2025T09:37:34 - [TEST_STEP][PASSED] - a35 = ").trim(): Text of object 'Object Repository/Выручка в рублях/span6' is: '-403'

05-03-2025T09:37:34 - [MESSAGE][PASSED] - Text of object 'Object Repository/Выручка в рублях/span6' is: '-403'

05-03-2025T09:37:34 - [TEST_STEP][PASSED] - a36 = ").trim(): Text of object 'Object Repository/Выручка в рублях/span7' is: '8 709'

05-03-2025T09:37:34 - [MESSAGE][PASSED] - Text of object 'Object Repository/Выручка в рублях/span7' is: '8 709'

05-03-2025T09:37:34 - [TEST_STEP][PASSED] - a37 = ").trim(): Text of object 'Object Repository/Выручка в рублях/span8' is: '2 072'

05-03-2025T09:37:35 - [MESSAGE][PASSED] - Text of object 'Object Repository/Выручка в рублях/span8' is: '2 072'

05-03-2025T09:37:35 - [TEST_STEP][PASSED] - if (vir == 1 || vir == 2): Text of object 'Object Repository/Выручка в рублях/span17' is: '499'

05-03-2025T09:37:35 - [TEST_STEP][PASSED] - a38 = ").trim(): Text of object 'Object Repository/Выручка в рублях/span9' is: '-251'

05-03-2025T09:37:35 - [MESSAGE][PASSED] - Text of object 'Object Repository/Выручка в рублях/span9' is: '-251'

05-03-2025T09:37:35 - [TEST_STEP][PASSED] - a39 = ").trim(): Text of object 'Object Repository/Выручка в рублях/span10' is: '11 296'

05-03-2025T09:37:35 - [MESSAGE][PASSED] - Text of object 'Object Repository/Выручка в рублях/span10' is: '11 296'

05-03-2025T09:37:35 - [TEST_STEP][PASSED] - a310 = ").trim(): Text of object 'Object Repository/Выручка в рублях/span11' is: '-58'

05-03-2025T09:37:35 - [MESSAGE][PASSED] - Text of object 'Object Repository/Выручка в рублях/span11' is: '-58'

05-03-2025T09:37:35 - [TEST_STEP][PASSED] - a311 = ").trim(): Text of object 'Object Repository/Выручка в рублях/span12' is: '-1 104'

05-03-2025T09:37:36 - [MESSAGE][PASSED] - Text of object 'Object Repository/Выручка в рублях/span12' is: '-1 104'

05-03-2025T09:37:36 - [TEST_STEP][PASSED] - a312 = ").trim(): Text of object 'Object Repository/Выручка в рублях/span13' is: '-474'

05-03-2025T09:37:36 - [MESSAGE][PASSED] - Text of object 'Object Repository/Выручка в рублях/span13' is: '-474'

05-03-2025T09:37:36 - [TEST_STEP][PASSED] - a313 = ").trim(): Text of object 'Object Repository/Выручка в рублях/span14' is: '-59'

05-03-2025T09:37:36 - [MESSAGE][PASSED] - Text of object 'Object Repository/Выручка в рублях/span14' is: '-59'

05-03-2025T09:37:36 - [TEST_STEP][PASSED] - a314 = ").trim(): Text of object 'Object Repository/Выручка в рублях/span15' is: '-675'

05-03-2025T09:37:37 - [MESSAGE][PASSED] - Text of object 'Object Repository/Выручка в рублях/span15' is: '-675'

05-03-2025T09:37:37 - [TEST_STEP][PASSED] - a315 = ").trim(): Text of object 'Object Repository/Выручка в рублях/span16' is: '13 055'

05-03-2025T09:37:37 - [MESSAGE][PASSED] - Text of object 'Object Repository/Выручка в рублях/span16' is: '13 055'

05-03-2025T09:37:37 - [TEST_STEP][PASSED] - a316 = ").trim(): Text of object 'Object Repository/Выручка в рублях/span17' is: '499'

05-03-2025T09:37:37 - [MESSAGE][PASSED] - Text of object 'Object Repository/Выручка в рублях/span17' is: '499'

05-03-2025T09:37:37 - [TEST_STEP][PASSED] - if (vir == 1 || vir == 2): Text of object 'Object Repository/Выручка в рублях/span18' is: '-19'

05-03-2025T09:37:37 - [TEST_STEP][PASSED] - a317 = ").trim(): Text of object 'Object Repository/Выручка в рублях/span18' is: '-19'

05-03-2025T09:37:37 - [MESSAGE][PASSED] - Text of object 'Object Repository/Выручка в рублях/span18' is: '-19'

05-03-2025T09:37:37 - [TEST_STEP][PASSED] - block = 2: null

05-03-2025T09:37:37 - [TEST_STEP][PASSED] - nameOfBlock = " Выручка": null

05-03-2025T09:37:37 - [TEST_STEP][PASSED] - Script1710234207206.PreSettings(run, vir, block, nameOfBlock, typeOfData, todaysDate): null

05-03-2025T09:37:37 - [TEST_STEP][PASSED] - openBrowser(""): Browser is opened with url: ''

05-03-2025T09:37:37 - [MESSAGE][WARNING] - A browser is already opened. Closing browser and opening a new one

05-03-2025T09:37:38 - [MESSAGE][INFO] - Starting 'Chrome' driver

05-03-2025T09:37:38 - [MESSAGE][INFO] - Action delay is set to 0 milliseconds

05-03-2025T09:37:39 - [MESSAGE][PASSED] - Browser is opened with url: ''

05-03-2025T09:37:39 - [TEST_STEP][PASSED] - refresh(): Refresh successfully

05-03-2025T09:37:39 - [MESSAGE][PASSED] - Refresh successfully

05-03-2025T09:37:39 - [TEST_STEP][PASSED] - delay(50): Delayed 50 second(s)

05-03-2025T09:38:29 - [MESSAGE][PASSED] - Delayed 50 second(s)

05-03-2025T09:38:29 - [TEST_STEP][PASSED] - println("run:" + run): null

05-03-2025T09:38:29 - [TEST_STEP][PASSED] - println("vir:" + vir): null

05-03-2025T09:38:29 - [TEST_STEP][PASSED] - println("block:" + block): null

05-03-2025T09:38:29 - [TEST_STEP][PASSED] - if (block == 1): null

05-03-2025T09:38:29 - [TEST_STEP][PASSED] - else: null

05-03-2025T09:38:29 - [TEST_STEP][PASSED] - nameOfBlock = " Выручка": null

05-03-2025T09:38:29 - [TEST_STEP][PASSED] - println("nameOfBlock:" + nameOfBlock): null

05-03-2025T09:38:29 - [TEST_STEP][PASSED] - println("typeOfData:" + typeOfData): null

05-03-2025T09:38:29 - [TEST_STEP][PASSED] - println("todaysDate:" + todaysDate): null

05-03-2025T09:38:29 - [TEST_STEP][PASSED] - Script1710234207206.Autorization(block, nameOfBlock): null

05-03-2025T09:38:29 - [TEST_STEP][PASSED] - i = <not implemented yet for class: org.codehaus.groovy.ast.expr.EmptyExpression>: null

05-03-2025T09:38:29 - [TEST_STEP][PASSED] - ii = <not implemented yet for class: org.codehaus.groovy.ast.expr.EmptyExpression>: null

05-03-2025T09:38:29 - [TEST_STEP][PASSED] - urlData = <not implemented yet for class: org.codehaus.groovy.ast.expr.EmptyExpression>: null

05-03-2025T09:38:29 - [TEST_STEP][PASSED] - searchWord = <not implemented yet for class: org.codehaus.groovy.ast.expr.EmptyExpression>: null

05-03-2025T09:38:29 - [TEST_STEP][PASSED] - urlText = <not implemented yet for class: org.codehaus.groovy.ast.expr.EmptyExpression>: null

05-03-2025T09:38:29 - [TEST_STEP][PASSED] - println("block:" + block): null

05-03-2025T09:38:29 - [TEST_STEP][PASSED] - if (block == 1): null

05-03-2025T09:38:29 - [TEST_STEP][PASSED] - else: null

05-03-2025T09:38:29 - [TEST_STEP][PASSED] - delay(45): Delayed 45 second(s)

05-03-2025T09:39:14 - [MESSAGE][PASSED] - Delayed 45 second(s)

05-03-2025T09:39:14 - [TEST_STEP][PASSED] - nameOfBlock = " Выручка": null

05-03-2025T09:39:14 - [TEST_STEP][PASSED] - println("nameOfBlock:" + nameOfBlock): null

05-03-2025T09:39:14 - [TEST_STEP][PASSED] - if (block == 1): null

05-03-2025T09:39:14 - [TEST_STEP][PASSED] - else: Delayed 45 second(s)

05-03-2025T09:39:14 - [TEST_STEP][PASSED] - urlData = 9: null

05-03-2025T09:39:14 - [TEST_STEP][PASSED] - delay(45): Delayed 45 second(s)

05-03-2025T09:39:59 - [MESSAGE][PASSED] - Delayed 45 second(s)

05-03-2025T09:39:59 - [TEST_STEP][PASSED] - navigateToUrl(findTestData("PlanFact").getValue(10, urlData)): Navigate to 'https://bi.rosseti.digital/viewer?dashboardGuid=a1fd28b3785d443cbc4d7690a1d78e31&sheetGuid=86092a20c5984827a0c87b24cac76a50&fit=true' successfully

05-03-2025T09:40:03 - [MESSAGE][PASSED] - Navigate to 'https://bi.rosseti.digital/viewer?dashboardGuid=a1fd28b3785d443cbc4d7690a1d78e31&sheetGuid=86092a20c5984827a0c87b24cac76a50&fit=true' successfully

05-03-2025T09:40:03 - [TEST_STEP][PASSED] - urlText = getText(findTestObject("Страница авторизации/Text")): Text of object 'Object Repository/Страница авторизации/Text' is: 'Вход'

05-03-2025T09:40:04 - [MESSAGE][PASSED] - Text of object 'Object Repository/Страница авторизации/Text' is: 'Вход'

05-03-2025T09:40:04 - [TEST_STEP][PASSED] - searchWord = "Вход": null

05-03-2025T09:40:04 - [TEST_STEP][PASSED] - if (urlText == null || urlText.contains("ошибка") || urlText.contains(searchWord) == false): null

05-03-2025T09:40:04 - [TEST_STEP][PASSED] - if (verifyElementPresent(findTestObject("Страница авторизации/button_"), 30) == true): null

05-03-2025T09:40:04 - [MESSAGE][PASSED] - Object 'Object Repository/Страница авторизации/button_' is present

05-03-2025T09:40:04 - [TEST_STEP][PASSED] - setText(findTestObject("Страница авторизации/input__username"), findTestData("PlanFact").getValue(8, 1)): Text 'liazgina-di' is set on object 'Object Repository/Страница авторизации/input__username'

05-03-2025T09:40:05 - [MESSAGE][PASSED] - Text 'liazgina-di' is set on object 'Object Repository/Страница авторизации/input__username'

05-03-2025T09:40:05 - [TEST_STEP][PASSED] - setText(findTestObject("Страница авторизации/input__password"), findTestData("PlanFact").getValue(9, 1)): Text ')$%5srZ8o688Dm#q' is set on object 'Object Repository/Страница авторизации/input__password'

05-03-2025T09:40:06 - [MESSAGE][PASSED] - Text ')$%5srZ8o688Dm#q' is set on object 'Object Repository/Страница авторизации/input__password'

05-03-2025T09:40:06 - [TEST_STEP][PASSED] - click(findTestObject("Страница авторизации/button_")): Object: 'Object Repository/Страница авторизации/button_' is clicked on

05-03-2025T09:40:06 - [MESSAGE][PASSED] - Object: 'Object Repository/Страница авторизации/button_' is clicked on

05-03-2025T09:40:06 - [TEST_STEP][PASSED] - delay(45): Delayed 45 second(s)

05-03-2025T09:40:51 - [MESSAGE][PASSED] - Delayed 45 second(s)

05-03-2025T09:40:51 - [TEST_STEP][PASSED] - urlText = getText(findTestObject("Страница авторизации/Text")): Text of object 'Object Repository/Страница авторизации/Text' is: 'Период
Январь 2025 года
Выручка
Все
Выполнение плановых показателей по ПАО Россети за Январь 2025 года
План
Факт
Динамика
2025 год
0 млн.руб.
20 000 млн.руб.
40 000 млн.руб.
60 000 млн.руб.
80 000 млн.руб.
100 000 млн.руб.
120 000 млн.руб.
140 000 млн.руб.
160 000 млн.руб.
180 000 млн.руб.
200 000 млн.руб.
121 309
157 865
↑
ДЗО 
Все
Подписи данных
⬤Отклонение
АО "РЭС"
АО «Тываэнерго»
АО «Чеченэнерго»
Россети Волга
Россети Кубань
Россети Ленэнерго (ГК)
Россети Московский регион
Россети Северный Кавказ (ГК)
Россети Северо-Запад
Россети Сибирь (ГК)
Россети Томск
Россети Тюмень
Россети Урал (ГК)
Россети ФСК ЕЭС
Россети Центр
Россети Центр и Приволжье (ГК)
Россети Юг (ГК)
Россети Янтарь
-2 000млн.руб.
0 млн.руб.
2 000млн.руб.
4 000млн.руб.
6 000млн.руб.
8 000млн.руб.
10 000млн.руб.
12 000млн.руб.
14 0…
-73
23
-83
-295
-54
-403
-927
-606
-251
348
-58
-1 104
-474
-59
-675
13 055
-191
-19
млн.
%
Выручка
Отклонение выручки по ПАО Россети за Январь 2025 года (факт/план, млн. руб)
ПАО Россети
8 156 млн.руб.
Статус данных
×
Просьба обратить внимание
Данные занесены не полностью
ВЫБРАННЫЕ ЗНАЧЕНИЯ ФИЛЬТРОВ
ДЗО | ПЕРИОД
ПАО Россети: [«Выбраны все филиалы по всем ДЗО по всем категориям»]
2025: [Янв]
*Внутренний оборот'

05-03-2025T09:40:52 - [MESSAGE][PASSED] - Text of object 'Object Repository/Страница авторизации/Text' is: 'Период
Январь 2025 года
Выручка
Все
Выполнение плановых показателей по ПАО Россети за Январь 2025 года
План
Факт
Динамика
2025 год
0 млн.руб.
20 000 млн.руб.
40 000 млн.руб.
60 000 млн.руб.
80 000 млн.руб.
100 000 млн.руб.
120 000 млн.руб.
140 000 млн.руб.
160 000 млн.руб.
180 000 млн.руб.
200 000 млн.руб.
121 309
157 865
↑
ДЗО 
Все
Подписи данных
⬤Отклонение
АО "РЭС"
АО «Тываэнерго»
АО «Чеченэнерго»
Россети Волга
Россети Кубань
Россети Ленэнерго (ГК)
Россети Московский регион
Россети Северный Кавказ (ГК)
Россети Северо-Запад
Россети Сибирь (ГК)
Россети Томск
Россети Тюмень
Россети Урал (ГК)
Россети ФСК ЕЭС
Россети Центр
Россети Центр и Приволжье (ГК)
Россети Юг (ГК)
Россети Янтарь
-2 000млн.руб.
0 млн.руб.
2 000млн.руб.
4 000млн.руб.
6 000млн.руб.
8 000млн.руб.
10 000млн.руб.
12 000млн.руб.
14 0…
-73
23
-83
-295
-54
-403
-927
-606
-251
348
-58
-1 104
-474
-59
-675
13 055
-191
-19
млн.
%
Выручка
Отклонение выручки по ПАО Россети за Январь 2025 года (факт/план, млн. руб)
ПАО Россети
8 156 млн.руб.
Статус данных
×
Просьба обратить внимание
Данные занесены не полностью
ВЫБРАННЫЕ ЗНАЧЕНИЯ ФИЛЬТРОВ
ДЗО | ПЕРИОД
ПАО Россети: [«Выбраны все филиалы по всем ДЗО по всем категориям»]
2025: [Янв]
*Внутренний оборот'

05-03-2025T09:40:52 - [TEST_STEP][PASSED] - searchWord = "а": null

05-03-2025T09:40:52 - [TEST_STEP][PASSED] - if (urlText.contains("ошибка") || urlText.contains(searchWord) == false): null

05-03-2025T09:40:52 - [TEST_STEP][PASSED] - delay(45): Delayed 45 second(s)

05-03-2025T09:41:37 - [MESSAGE][PASSED] - Delayed 45 second(s)

05-03-2025T09:41:37 - [TEST_STEP][PASSED] - if (block == 2): Delayed 50 second(s)

05-03-2025T09:41:37 - [TEST_STEP][PASSED] - opoveshenie = getText(findTestObject("Выручка в рублях/Просьба обратить внимание")): Text of object 'Object Repository/Выручка в рублях/Просьба обратить внимание' is: 'Просьба обратить внимание'

05-03-2025T09:41:38 - [MESSAGE][PASSED] - Text of object 'Object Repository/Выручка в рублях/Просьба обратить внимание' is: 'Просьба обратить внимание'

05-03-2025T09:41:38 - [TEST_STEP][PASSED] - if (opoveshenie == "Просьба обратить внимание"): Delayed 50 second(s)

05-03-2025T09:41:38 - [TEST_STEP][PASSED] - click(findTestObject("Выручка в рублях/Закрыть оповещение")): Object: 'Object Repository/Выручка в рублях/Закрыть оповещение' is clicked on

05-03-2025T09:41:38 - [MESSAGE][PASSED] - Object: 'Object Repository/Выручка в рублях/Закрыть оповещение' is clicked on

05-03-2025T09:41:38 - [TEST_STEP][PASSED] - delay(50): Delayed 50 second(s)

05-03-2025T09:42:28 - [MESSAGE][PASSED] - Delayed 50 second(s)

05-03-2025T09:42:28 - [TEST_STEP][PASSED] - click(findTestObject("Выручка в рублях/Фильтр Период" + nameOfBlock)): Object: 'Object Repository/Выручка в рублях/Фильтр Период Выручка' is clicked on

05-03-2025T09:42:28 - [MESSAGE][PASSED] - Object: 'Object Repository/Выручка в рублях/Фильтр Период Выручка' is clicked on

05-03-2025T09:42:28 - [TEST_STEP][PASSED] - click(findTestObject("Выручка в рублях/Снять выделение в фильтре Дата" + nameOfBlock)): Object: 'Object Repository/Выручка в рублях/Снять выделение в фильтре Дата Выручка' is clicked on

05-03-2025T09:42:29 - [MESSAGE][PASSED] - Object: 'Object Repository/Выручка в рублях/Снять выделение в фильтре Дата Выручка' is clicked on

05-03-2025T09:42:29 - [TEST_STEP][PASSED] - click(findTestObject("Выручка в рублях/Применить в фильтре Дата" + nameOfBlock)): Object: 'Object Repository/Выручка в рублях/Применить в фильтре Дата Выручка' is clicked on

05-03-2025T09:42:29 - [MESSAGE][PASSED] - Object: 'Object Repository/Выручка в рублях/Применить в фильтре Дата Выручка' is clicked on

05-03-2025T09:42:29 - [TEST_STEP][PASSED] - delay(50): Delayed 50 second(s)

05-03-2025T09:43:19 - [MESSAGE][PASSED] - Delayed 50 second(s)

05-03-2025T09:43:19 - [TEST_STEP][PASSED] - click(findTestObject("Выручка в рублях/Фильтр Период" + nameOfBlock)): Object: 'Object Repository/Выручка в рублях/Фильтр Период Выручка' is clicked on

05-03-2025T09:43:20 - [MESSAGE][PASSED] - Object: 'Object Repository/Выручка в рублях/Фильтр Период Выручка' is clicked on

05-03-2025T09:43:20 - [TEST_STEP][PASSED] - click(findTestObject("Выручка в рублях/Снять выделение в фильтре Дата" + nameOfBlock)): Object: 'Object Repository/Выручка в рублях/Снять выделение в фильтре Дата Выручка' is clicked on

05-03-2025T09:43:20 - [MESSAGE][PASSED] - Object: 'Object Repository/Выручка в рублях/Снять выделение в фильтре Дата Выручка' is clicked on

05-03-2025T09:43:20 - [TEST_STEP][PASSED] - scrollToElement(findTestObject("Выручка в рублях/2025 список" + nameOfBlock), 30): Scroll to object 'Object Repository/Выручка в рублях/2025 список Выручка' successfully

05-03-2025T09:43:21 - [MESSAGE][PASSED] - Scroll to object 'Object Repository/Выручка в рублях/2025 список Выручка' successfully

05-03-2025T09:43:21 - [TEST_STEP][PASSED] - click(findTestObject("Выручка в рублях/2025 список" + nameOfBlock)): Object: 'Object Repository/Выручка в рублях/2025 список Выручка' is clicked on

05-03-2025T09:43:21 - [MESSAGE][PASSED] - Object: 'Object Repository/Выручка в рублях/2025 список Выручка' is clicked on

05-03-2025T09:43:21 - [TEST_STEP][PASSED] - scrollToElement(findTestObject("Выручка в рублях/1 квартал 2025 список Выручка"), 30): Scroll to object 'Object Repository/Выручка в рублях/1 квартал 2025 список Выручка' successfully

05-03-2025T09:43:22 - [MESSAGE][PASSED] - Scroll to object 'Object Repository/Выручка в рублях/1 квартал 2025 список Выручка' successfully

05-03-2025T09:43:22 - [TEST_STEP][PASSED] - click(findTestObject("Выручка в рублях/1 квартал 2025 список" + nameOfBlock)): Object: 'Object Repository/Выручка в рублях/1 квартал 2025 список Выручка' is clicked on

05-03-2025T09:43:22 - [MESSAGE][PASSED] - Object: 'Object Repository/Выручка в рублях/1 квартал 2025 список Выручка' is clicked on

05-03-2025T09:43:22 - [TEST_STEP][PASSED] - scrollToElement(findTestObject("Выручка в рублях/Январь 2025" + nameOfBlock), 30): Scroll to object 'Object Repository/Выручка в рублях/Январь 2025 Выручка' successfully

05-03-2025T09:43:22 - [MESSAGE][PASSED] - Scroll to object 'Object Repository/Выручка в рублях/Январь 2025 Выручка' successfully

05-03-2025T09:43:22 - [TEST_STEP][PASSED] - click(findTestObject("Выручка в рублях/Январь 2025" + nameOfBlock)): Object: 'Object Repository/Выручка в рублях/Январь 2025 Выручка' is clicked on

05-03-2025T09:43:23 - [MESSAGE][PASSED] - Object: 'Object Repository/Выручка в рублях/Январь 2025 Выручка' is clicked on

05-03-2025T09:43:23 - [TEST_STEP][PASSED] - scrollToElement(findTestObject("Выручка в рублях/Заголовок дашборда" + nameOfBlock), 30): Scroll to object 'Object Repository/Выручка в рублях/Заголовок дашборда Выручка' successfully

05-03-2025T09:43:23 - [MESSAGE][PASSED] - Scroll to object 'Object Repository/Выручка в рублях/Заголовок дашборда Выручка' successfully

05-03-2025T09:43:23 - [TEST_STEP][PASSED] - click(findTestObject("Выручка в рублях/Применить в фильтре Дата" + nameOfBlock)): Object: 'Object Repository/Выручка в рублях/Применить в фильтре Дата Выручка' is clicked on

05-03-2025T09:43:24 - [MESSAGE][PASSED] - Object: 'Object Repository/Выручка в рублях/Применить в фильтре Дата Выручка' is clicked on

05-03-2025T09:43:24 - [TEST_STEP][PASSED] - delay(55): Delayed 55 second(s)

05-03-2025T09:44:19 - [MESSAGE][PASSED] - Delayed 55 second(s)

05-03-2025T09:44:19 - [TEST_STEP][PASSED] - click(findTestObject("Выручка в рублях/Фильтр ДЗО" + nameOfBlock)): Object: 'Object Repository/Выручка в рублях/Фильтр ДЗО Выручка' is clicked on

05-03-2025T09:44:19 - [MESSAGE][PASSED] - Object: 'Object Repository/Выручка в рублях/Фильтр ДЗО Выручка' is clicked on

05-03-2025T09:44:19 - [TEST_STEP][PASSED] - click(findTestObject("Выручка в рублях/Снять выделение в фильтре ДЗО" + nameOfBlock)): Object: 'Object Repository/Выручка в рублях/Снять выделение в фильтре ДЗО Выручка' is clicked on

05-03-2025T09:44:20 - [MESSAGE][PASSED] - Object: 'Object Repository/Выручка в рублях/Снять выделение в фильтре ДЗО Выручка' is clicked on

05-03-2025T09:44:20 - [TEST_STEP][PASSED] - click(findTestObject("Выручка в рублях/Применить в фильтре ДЗО" + nameOfBlock)): Object: 'Object Repository/Выручка в рублях/Применить в фильтре ДЗО Выручка' is clicked on

05-03-2025T09:44:20 - [MESSAGE][PASSED] - Object: 'Object Repository/Выручка в рублях/Применить в фильтре ДЗО Выручка' is clicked on

05-03-2025T09:44:20 - [TEST_STEP][PASSED] - delay(50): Delayed 50 second(s)

05-03-2025T09:45:10 - [MESSAGE][PASSED] - Delayed 50 second(s)

05-03-2025T09:45:10 - [TEST_STEP][PASSED] - Script1710234207206.Tumbler(run, vir, block, nameOfBlock): null

05-03-2025T09:45:10 - [TEST_STEP][PASSED] - println("run:" + run): null

05-03-2025T09:45:10 - [TEST_STEP][PASSED] - println("vir:" + vir): null

05-03-2025T09:45:10 - [TEST_STEP][PASSED] - println("block:" + block): null

05-03-2025T09:45:10 - [TEST_STEP][PASSED] - println("nameOfBlock:" + nameOfBlock): null

05-03-2025T09:45:10 - [TEST_STEP][PASSED] - if (vir == 1): null

05-03-2025T09:45:10 - [TEST_STEP][PASSED] - else if (vir == 2): Object: 'Object Repository/Выручка в рублях/Применить в фильтре Выручка Выручка' is clicked on

05-03-2025T09:45:10 - [TEST_STEP][PASSED] - if (run == 2): null

05-03-2025T09:45:10 - [TEST_STEP][PASSED] - click(findTestObject("Выручка в рублях/Фильтр Выручка" + nameOfBlock)): Object: 'Object Repository/Выручка в рублях/Фильтр Выручка Выручка' is clicked on

05-03-2025T09:45:10 - [MESSAGE][PASSED] - Object: 'Object Repository/Выручка в рублях/Фильтр Выручка Выручка' is clicked on

05-03-2025T09:45:10 - [TEST_STEP][PASSED] - click(findTestObject("Выручка в рублях/Итого в фильтре Выручка" + nameOfBlock)): Object: 'Object Repository/Выручка в рублях/Итого в фильтре Выручка Выручка' is clicked on

05-03-2025T09:45:11 - [MESSAGE][PASSED] - Object: 'Object Repository/Выручка в рублях/Итого в фильтре Выручка Выручка' is clicked on

05-03-2025T09:45:11 - [TEST_STEP][PASSED] - click(findTestObject("Выручка в рублях/Применить в фильтре Выручка" + nameOfBlock)): Object: 'Object Repository/Выручка в рублях/Применить в фильтре Выручка Выручка' is clicked on

05-03-2025T09:45:12 - [MESSAGE][PASSED] - Object: 'Object Repository/Выручка в рублях/Применить в фильтре Выручка Выручка' is clicked on

05-03-2025T09:45:12 - [TEST_STEP][PASSED] - click(findTestObject("Выручка в рублях/Фильтр ДЗО" + nameOfBlock)): Object: 'Object Repository/Выручка в рублях/Фильтр ДЗО Выручка' is clicked on

05-03-2025T09:45:13 - [MESSAGE][PASSED] - Object: 'Object Repository/Выручка в рублях/Фильтр ДЗО Выручка' is clicked on

05-03-2025T09:45:13 - [TEST_STEP][PASSED] - Script1710234207206.Rosseti(nameOfBlock): null

05-03-2025T09:45:13 - [TEST_STEP][PASSED] - println("nameOfBlock:" + nameOfBlock): null

05-03-2025T09:45:13 - [TEST_STEP][PASSED] - click(findTestObject("Выручка в рублях/ПАО Россети" + nameOfBlock)): Object: 'Object Repository/Выручка в рублях/ПАО Россети Выручка' is clicked on

05-03-2025T09:45:13 - [MESSAGE][PASSED] - Object: 'Object Repository/Выручка в рублях/ПАО Россети Выручка' is clicked on

05-03-2025T09:45:13 - [TEST_STEP][PASSED] - click(findTestObject("Выручка в рублях/Применить в фильтре ДЗО" + nameOfBlock)): Object: 'Object Repository/Выручка в рублях/Применить в фильтре ДЗО Выручка' is clicked on

05-03-2025T09:45:14 - [MESSAGE][PASSED] - Object: 'Object Repository/Выручка в рублях/Применить в фильтре ДЗО Выручка' is clicked on

05-03-2025T09:45:14 - [TEST_STEP][PASSED] - if (vir == 1 || vir == 2): Text of object 'Object Repository/Выручка в рублях/График План Выручка' is: '121 255'

05-03-2025T09:45:14 - [TEST_STEP][PASSED] - b1 = getText(findTestObject("Выручка в рублях/График План Выручка")): Text of object 'Object Repository/Выручка в рублях/График План Выручка' is: '121 255'

05-03-2025T09:45:15 - [MESSAGE][PASSED] - Text of object 'Object Repository/Выручка в рублях/График План Выручка' is: '121 255'

05-03-2025T09:45:15 - [TEST_STEP][PASSED] - if (vir == 1 || vir == 2): Text of object 'Object Repository/Выручка в рублях/График Факт Выручка' is: '155 462'

05-03-2025T09:45:15 - [TEST_STEP][PASSED] - b2 = getText(findTestObject("Выручка в рублях/График Факт Выручка")): Text of object 'Object Repository/Выручка в рублях/График Факт Выручка' is: '155 462'

05-03-2025T09:45:15 - [MESSAGE][PASSED] - Text of object 'Object Repository/Выручка в рублях/График Факт Выручка' is: '155 462'

05-03-2025T09:45:15 - [TEST_STEP][PASSED] - b30 = getText(findTestObject("Выручка в рублях/span1" + perc)): Text of object 'Object Repository/Выручка в рублях/span1' is: '8 725 млн.руб.'

05-03-2025T09:45:15 - [MESSAGE][PASSED] - Text of object 'Object Repository/Выручка в рублях/span1' is: '8 725 млн.руб.'

05-03-2025T09:45:15 - [TEST_STEP][PASSED] - i = b30.indexOf("млн.руб."): null

05-03-2025T09:45:15 - [TEST_STEP][PASSED] - if (i > -1): null

05-03-2025T09:45:15 - [TEST_STEP][PASSED] - b30 = b30.substring(0, i): null

05-03-2025T09:45:15 - [TEST_STEP][PASSED] - b30 = b30.replaceAll(" ", ""): null

05-03-2025T09:45:15 - [TEST_STEP][PASSED] - if (b30.contains("%")): null

05-03-2025T09:45:15 - [TEST_STEP][PASSED] - b30 = ").trim(): null

05-03-2025T09:45:15 - [TEST_STEP][PASSED] - println("b30: " + b30): null

05-03-2025T09:45:15 - [TEST_STEP][PASSED] - if (vir == 1 || vir == 2): Text of object 'Object Repository/Выручка в рублях/span2' is: '-73'

05-03-2025T09:45:15 - [TEST_STEP][PASSED] - b31 = ").trim(): Text of object 'Object Repository/Выручка в рублях/span2' is: '-73'

05-03-2025T09:45:16 - [MESSAGE][PASSED] - Text of object 'Object Repository/Выручка в рублях/span2' is: '-73'

05-03-2025T09:45:16 - [TEST_STEP][PASSED] - if (vir == 1 || vir == 2): Text of object 'Object Repository/Выручка в рублях/span3' is: '-0'

05-03-2025T09:45:16 - [TEST_STEP][PASSED] - b32 = ").trim(): Text of object 'Object Repository/Выручка в рублях/span3' is: '-0'

05-03-2025T09:45:16 - [MESSAGE][PASSED] - Text of object 'Object Repository/Выручка в рублях/span3' is: '-0'

05-03-2025T09:45:16 - [TEST_STEP][PASSED] - if (vir == 1 || vir == 2): Text of object 'Object Repository/Выручка в рублях/span8' is: '-96'

05-03-2025T09:45:16 - [TEST_STEP][PASSED] - b33 = ").trim(): Text of object 'Object Repository/Выручка в рублях/span4' is: '-295'

05-03-2025T09:45:16 - [MESSAGE][PASSED] - Text of object 'Object Repository/Выручка в рублях/span4' is: '-295'

05-03-2025T09:45:16 - [TEST_STEP][PASSED] - b34 = ").trim(): Text of object 'Object Repository/Выручка в рублях/span5' is: '-54'

05-03-2025T09:45:17 - [MESSAGE][PASSED] - Text of object 'Object Repository/Выручка в рублях/span5' is: '-54'

05-03-2025T09:45:17 - [TEST_STEP][PASSED] - b35 = ").trim(): Text of object 'Object Repository/Выручка в рублях/span6' is: '-403'

05-03-2025T09:45:17 - [MESSAGE][PASSED] - Text of object 'Object Repository/Выручка в рублях/span6' is: '-403'

05-03-2025T09:45:17 - [TEST_STEP][PASSED] - b36 = ").trim(): Text of object 'Object Repository/Выручка в рублях/span7' is: '-927'

05-03-2025T09:45:17 - [MESSAGE][PASSED] - Text of object 'Object Repository/Выручка в рублях/span7' is: '-927'

05-03-2025T09:45:17 - [TEST_STEP][PASSED] - b37 = ").trim(): Text of object 'Object Repository/Выручка в рублях/span8' is: '-96'

05-03-2025T09:45:18 - [MESSAGE][PASSED] - Text of object 'Object Repository/Выручка в рублях/span8' is: '-96'

05-03-2025T09:45:18 - [TEST_STEP][PASSED] - if (vir == 1 || vir == 2): Text of object 'Object Repository/Выручка в рублях/span17' is: '-191'

05-03-2025T09:45:18 - [TEST_STEP][PASSED] - b38 = ").trim(): Text of object 'Object Repository/Выручка в рублях/span9' is: '-251'

05-03-2025T09:45:18 - [MESSAGE][PASSED] - Text of object 'Object Repository/Выручка в рублях/span9' is: '-251'

05-03-2025T09:45:18 - [TEST_STEP][PASSED] - b39 = ").trim(): Text of object 'Object Repository/Выручка в рублях/span10' is: '348'

05-03-2025T09:45:18 - [MESSAGE][PASSED] - Text of object 'Object Repository/Выручка в рублях/span10' is: '348'

05-03-2025T09:45:18 - [TEST_STEP][PASSED] - b310 = ").trim(): Text of object 'Object Repository/Выручка в рублях/span11' is: '-58'

05-03-2025T09:45:18 - [MESSAGE][PASSED] - Text of object 'Object Repository/Выручка в рублях/span11' is: '-58'

05-03-2025T09:45:18 - [TEST_STEP][PASSED] - b311 = ").trim(): Text of object 'Object Repository/Выручка в рублях/span12' is: '-1 104'

05-03-2025T09:45:19 - [MESSAGE][PASSED] - Text of object 'Object Repository/Выручка в рублях/span12' is: '-1 104'

05-03-2025T09:45:19 - [TEST_STEP][PASSED] - b312 = ").trim(): Text of object 'Object Repository/Выручка в рублях/span13' is: '-474'

05-03-2025T09:45:19 - [MESSAGE][PASSED] - Text of object 'Object Repository/Выручка в рублях/span13' is: '-474'

05-03-2025T09:45:19 - [TEST_STEP][PASSED] - b313 = ").trim(): Text of object 'Object Repository/Выручка в рублях/span14' is: '-59'

05-03-2025T09:45:19 - [MESSAGE][PASSED] - Text of object 'Object Repository/Выручка в рублях/span14' is: '-59'

05-03-2025T09:45:19 - [TEST_STEP][PASSED] - b314 = ").trim(): Text of object 'Object Repository/Выручка в рублях/span15' is: '-675'

05-03-2025T09:45:20 - [MESSAGE][PASSED] - Text of object 'Object Repository/Выручка в рублях/span15' is: '-675'

05-03-2025T09:45:20 - [TEST_STEP][PASSED] - b315 = ").trim(): Text of object 'Object Repository/Выручка в рублях/span16' is: '13 055'

05-03-2025T09:45:20 - [MESSAGE][PASSED] - Text of object 'Object Repository/Выручка в рублях/span16' is: '13 055'

05-03-2025T09:45:20 - [TEST_STEP][PASSED] - b316 = ").trim(): Text of object 'Object Repository/Выручка в рублях/span17' is: '-191'

05-03-2025T09:45:20 - [MESSAGE][PASSED] - Text of object 'Object Repository/Выручка в рублях/span17' is: '-191'

05-03-2025T09:45:20 - [TEST_STEP][PASSED] - if (vir == 1 || vir == 2): Text of object 'Object Repository/Выручка в рублях/span18' is: '-19'

05-03-2025T09:45:20 - [TEST_STEP][PASSED] - b317 = ").trim(): Text of object 'Object Repository/Выручка в рублях/span18' is: '-19'

05-03-2025T09:45:21 - [MESSAGE][PASSED] - Text of object 'Object Repository/Выручка в рублях/span18' is: '-19'

05-03-2025T09:45:21 - [TEST_STEP][PASSED] - dZO = "ПАО Россети": null

05-03-2025T09:45:21 - [TEST_STEP][PASSED] - if (verifyEqual(a1, b1) == false): Actual object '121 255' and expected object '121 255' are equal

05-03-2025T09:45:21 - [MESSAGE][PASSED] - Actual object '121 255' and expected object '121 255' are equal

05-03-2025T09:45:21 - [TEST_STEP][PASSED] - if (verifyEqual(a2, b2) == false): Actual object '155 462' and expected object '155 462' are equal

05-03-2025T09:45:21 - [MESSAGE][PASSED] - Actual object '155 462' and expected object '155 462' are equal

05-03-2025T09:45:21 - [TEST_STEP][PASSED] - vidget = "Отклонения": null

05-03-2025T09:45:21 - [TEST_STEP][FAILED] - if (verifyEqual(a30, b30) == false): null

05-03-2025T09:45:21 - [MESSAGE][FAILED] - Unable to verify equal between actual object '34207.4' and expected object '8725' (Root cause: com.kms.katalon.core.exception.StepFailedException: Actual object '34207.4' and expected object '8725' are not equal
	at com.kms.katalon.core.keyword.builtin.VerifyEqualKeyword$_verifyEqual_closure1.doCall(VerifyEqualKeyword.groovy:58)
	at com.kms.katalon.core.keyword.builtin.VerifyEqualKeyword$_verifyEqual_closure1.call(VerifyEqualKeyword.groovy)
	at com.kms.katalon.core.keyword.internal.KeywordMain.runKeyword(KeywordMain.groovy:75)
	at com.kms.katalon.core.keyword.builtin.VerifyEqualKeyword.verifyEqual(VerifyEqualKeyword.groovy:63)
	at com.kms.katalon.core.keyword.builtin.VerifyEqualKeyword.execute(VerifyEqualKeyword.groovy:44)
	at com.kms.katalon.core.keyword.internal.KeywordExecutor.executeKeywordForPlatform(KeywordExecutor.groovy:74)
	at com.kms.katalon.core.keyword.BuiltinKeywords.verifyEqual(BuiltinKeywords.groovy:146)
	at jdk.internal.reflect.GeneratedMethodAccessor25.invoke(Unknown Source)
	at java.base/jdk.internal.reflect.DelegatingMethodAccessorImpl.invoke(DelegatingMethodAccessorImpl.java:43)
	at Выручка в рублях сверка дашбордов ПАО Россети.Blocks(Выручка в рублях сверка дашбордов ПАО Россети:357)
	at Выручка в рублях сверка дашбордов ПАО Россети.ViruchkaChange(Выручка в рублях сверка дашбордов ПАО Россети:60)
	at Выручка в рублях сверка дашбордов ПАО Россети.run(Выручка в рублях сверка дашбордов ПАО Россети:55)
	at com.kms.katalon.core.main.ScriptEngine.run(ScriptEngine.java:194)
	at com.kms.katalon.core.main.ScriptEngine.runScriptAsRawText(ScriptEngine.java:119)
	at com.kms.katalon.core.main.TestCaseExecutor.runScript(TestCaseExecutor.java:448)
	at com.kms.katalon.core.main.TestCaseExecutor.doExecute(TestCaseExecutor.java:439)
	at com.kms.katalon.core.main.TestCaseExecutor.processExecutionPhase(TestCaseExecutor.java:418)
	at com.kms.katalon.core.main.TestCaseExecutor.accessMainPhase(TestCaseExecutor.java:410)
	at com.kms.katalon.core.main.TestCaseExecutor.execute(TestCaseExecutor.java:285)
	at com.kms.katalon.core.common.CommonExecutor.accessTestCaseMainPhase(CommonExecutor.java:65)
	at com.kms.katalon.core.main.TestSuiteExecutor.accessTestSuiteMainPhase(TestSuiteExecutor.java:150)
	at com.kms.katalon.core.main.TestSuiteExecutor.execute(TestSuiteExecutor.java:106)
	at com.kms.katalon.core.main.TestCaseMain.startTestSuite(TestCaseMain.java:180)
	at TempTestSuite1741155213601.run(TempTestSuite1741155213601.groovy:35)
	at java.base/jdk.internal.reflect.NativeMethodAccessorImpl.invoke0(Native Method)
	at java.base/jdk.internal.reflect.NativeMethodAccessorImpl.invoke(NativeMethodAccessorImpl.java:77)
	at java.base/jdk.internal.reflect.DelegatingMethodAccessorImpl.invoke(DelegatingMethodAccessorImpl.java:43)
)

05-03-2025T09:45:21 - [TEST_STEP][PASSED] - a = replaceAll("\s+", "").trim(): null

05-03-2025T09:45:21 - [TEST_STEP][PASSED] - b = replaceAll("\s+", "").trim(): null

05-03-2025T09:45:21 - [TEST_STEP][PASSED] - Script1710234207206.WriteToExcel(todaysDate, run, vir, block, typeOfData, viruchka, vidget, nameOfBlock, a, b, dZO, x, y): null

05-03-2025T09:45:21 - [TEST_STEP][PASSED] - println(run): null

05-03-2025T09:45:21 - [TEST_STEP][PASSED] - if (run == 1): null

05-03-2025T09:45:21 - [TEST_STEP][PASSED] - typeOfData = "Млн": null

05-03-2025T09:45:21 - [TEST_STEP][PASSED] - println("todaysDate:" + todaysDate): null

05-03-2025T09:45:21 - [TEST_STEP][PASSED] - println("typeOfData:" + typeOfData): null

05-03-2025T09:45:21 - [TEST_STEP][PASSED] - viruchka = getText(findTestObject("Выручка в рублях/Фильтр Выручка" + nameOfBlock)): Text of object 'Object Repository/Выручка в рублях/Фильтр Выручка Выручка' is: 'ПЕРЕДАЧА ЭЛЕКТРОЭНЕРГИИ (ИТОГО, по всем видам тарифа)'

05-03-2025T09:45:21 - [MESSAGE][PASSED] - Text of object 'Object Repository/Выручка в рублях/Фильтр Выручка Выручка' is: 'ПЕРЕДАЧА ЭЛЕКТРОЭНЕРГИИ (ИТОГО, по всем видам тарифа)'

05-03-2025T09:45:21 - [TEST_STEP][PASSED] - println("viruchka" + viruchka): null

05-03-2025T09:45:21 - [TEST_STEP][PASSED] - println("vidget" + vidget): null

05-03-2025T09:45:21 - [TEST_STEP][PASSED] - println("a" + a): null

05-03-2025T09:45:21 - [TEST_STEP][PASSED] - println("b" + b): null

05-03-2025T09:45:21 - [TEST_STEP][PASSED] - sheetName = "Sheet1": null

05-03-2025T09:45:21 - [TEST_STEP][PASSED] - data = findTestData("PlanFact"): null

05-03-2025T09:45:21 - [TEST_STEP][PASSED] - n = data.getRowNumbers() + 1: null

05-03-2025T09:45:21 - [TEST_STEP][PASSED] - period = getText(findTestObject("Выручка в рублях/Фильтр Период")).trim(): Text of object 'Object Repository/Выручка в рублях/Фильтр Период' is: 'Январь 2025 года'

05-03-2025T09:45:21 - [MESSAGE][PASSED] - Text of object 'Object Repository/Выручка в рублях/Фильтр Период' is: 'Январь 2025 года'

05-03-2025T09:45:21 - [TEST_STEP][PASSED] - println(period): null

05-03-2025T09:45:21 - [TEST_STEP][PASSED] - if (period.findAll("[а-яА-Я]") == false): null

05-03-2025T09:45:21 - [TEST_STEP][PASSED] - dashboardName = "Выручка в рублях": null

05-03-2025T09:45:21 - [TEST_STEP][PASSED] - if (a == ""): null

05-03-2025T09:45:21 - [TEST_STEP][PASSED] - else: null

05-03-2025T09:45:21 - [TEST_STEP][PASSED] - x = a.toDouble(): null

05-03-2025T09:45:21 - [TEST_STEP][PASSED] - if (b == ""): null

05-03-2025T09:45:21 - [TEST_STEP][PASSED] - else: null

05-03-2025T09:45:21 - [TEST_STEP][PASSED] - y = b.toDouble(): null

05-03-2025T09:45:21 - [TEST_STEP][PASSED] - workbook01 = getWorkbook(excelFilePath): null

05-03-2025T09:45:21 - [TEST_STEP][PASSED] - sheet01 = getExcelSheet(workbook01, sheetName): null

05-03-2025T09:45:21 - [TEST_STEP][PASSED] - setValueToCellByIndex(sheet01, n, 0, dashboardName): null

05-03-2025T09:45:21 - [TEST_STEP][PASSED] - setValueToCellByIndex(sheet01, n, 1, dZO): null

05-03-2025T09:45:21 - [TEST_STEP][PASSED] - setValueToCellByIndex(sheet01, n, 2, vidget): null

05-03-2025T09:45:21 - [TEST_STEP][PASSED] - setValueToCellByIndex(sheet01, n, 3, viruchka): null

05-03-2025T09:45:21 - [TEST_STEP][PASSED] - setValueToCellByIndex(sheet01, n, 4, typeOfData): null

05-03-2025T09:45:21 - [TEST_STEP][PASSED] - if (a == "нет данных"): null

05-03-2025T09:45:21 - [TEST_STEP][PASSED] - else: null

05-03-2025T09:45:21 - [TEST_STEP][PASSED] - setValueToCellByIndex(sheet01, n, 5, x): null

05-03-2025T09:45:21 - [TEST_STEP][PASSED] - if (b == "нет данных"): null

05-03-2025T09:45:21 - [TEST_STEP][PASSED] - else: null

05-03-2025T09:45:21 - [TEST_STEP][PASSED] - setValueToCellByIndex(sheet01, n, 6, y): null

05-03-2025T09:45:21 - [TEST_STEP][PASSED] - setValueToCellByIndex(sheet01, n, 7, period): null

05-03-2025T09:45:21 - [TEST_STEP][PASSED] - setValueToCellByIndex(sheet01, n, 8, todaysDate): null

05-03-2025T09:45:21 - [TEST_STEP][PASSED] - n = n + 1: null

05-03-2025T09:45:21 - [TEST_STEP][PASSED] - saveWorkbook(excelFilePath, workbook01): null

05-03-2025T09:45:22 - [TEST_STEP][PASSED] - x = "": null

05-03-2025T09:45:22 - [TEST_STEP][PASSED] - y = "": null

05-03-2025T09:45:22 - [TEST_STEP][PASSED] - dZO = "АО «Тываэнерго»": null

05-03-2025T09:45:22 - [TEST_STEP][PASSED] - if (verifyEqual(a31, b31) == false): Actual object '-73' and expected object '-73' are equal

05-03-2025T09:45:22 - [MESSAGE][PASSED] - Actual object '-73' and expected object '-73' are equal

05-03-2025T09:45:22 - [TEST_STEP][PASSED] - dZO = "АО «Чеченэнерго»": null

05-03-2025T09:45:22 - [TEST_STEP][FAILED] - if (verifyEqual(a32, b32) == false): null

05-03-2025T09:45:22 - [MESSAGE][FAILED] - Unable to verify equal between actual object '115' and expected object '-0' (Root cause: com.kms.katalon.core.exception.StepFailedException: Actual object '115' and expected object '-0' are not equal
	at com.kms.katalon.core.keyword.builtin.VerifyEqualKeyword$_verifyEqual_closure1.doCall(VerifyEqualKeyword.groovy:58)
	at com.kms.katalon.core.keyword.builtin.VerifyEqualKeyword$_verifyEqual_closure1.call(VerifyEqualKeyword.groovy)
	at com.kms.katalon.core.keyword.internal.KeywordMain.runKeyword(KeywordMain.groovy:75)
	at com.kms.katalon.core.keyword.builtin.VerifyEqualKeyword.verifyEqual(VerifyEqualKeyword.groovy:63)
	at com.kms.katalon.core.keyword.builtin.VerifyEqualKeyword.execute(VerifyEqualKeyword.groovy:44)
	at com.kms.katalon.core.keyword.internal.KeywordExecutor.executeKeywordForPlatform(KeywordExecutor.groovy:74)
	at com.kms.katalon.core.keyword.BuiltinKeywords.verifyEqual(BuiltinKeywords.groovy:146)
	at jdk.internal.reflect.GeneratedMethodAccessor25.invoke(Unknown Source)
	at java.base/jdk.internal.reflect.DelegatingMethodAccessorImpl.invoke(DelegatingMethodAccessorImpl.java:43)
	at Выручка в рублях сверка дашбордов ПАО Россети.Blocks(Выручка в рублях сверка дашбордов ПАО Россети:378)
	at Выручка в рублях сверка дашбордов ПАО Россети.ViruchkaChange(Выручка в рублях сверка дашбордов ПАО Россети:60)
	at Выручка в рублях сверка дашбордов ПАО Россети.run(Выручка в рублях сверка дашбордов ПАО Россети:55)
	at com.kms.katalon.core.main.ScriptEngine.run(ScriptEngine.java:194)
	at com.kms.katalon.core.main.ScriptEngine.runScriptAsRawText(ScriptEngine.java:119)
	at com.kms.katalon.core.main.TestCaseExecutor.runScript(TestCaseExecutor.java:448)
	at com.kms.katalon.core.main.TestCaseExecutor.doExecute(TestCaseExecutor.java:439)
	at com.kms.katalon.core.main.TestCaseExecutor.processExecutionPhase(TestCaseExecutor.java:418)
	at com.kms.katalon.core.main.TestCaseExecutor.accessMainPhase(TestCaseExecutor.java:410)
	at com.kms.katalon.core.main.TestCaseExecutor.execute(TestCaseExecutor.java:285)
	at com.kms.katalon.core.common.CommonExecutor.accessTestCaseMainPhase(CommonExecutor.java:65)
	at com.kms.katalon.core.main.TestSuiteExecutor.accessTestSuiteMainPhase(TestSuiteExecutor.java:150)
	at com.kms.katalon.core.main.TestSuiteExecutor.execute(TestSuiteExecutor.java:106)
	at com.kms.katalon.core.main.TestCaseMain.startTestSuite(TestCaseMain.java:180)
	at TempTestSuite1741155213601.run(TempTestSuite1741155213601.groovy:35)
	at java.base/jdk.internal.reflect.NativeMethodAccessorImpl.invoke0(Native Method)
	at java.base/jdk.internal.reflect.NativeMethodAccessorImpl.invoke(NativeMethodAccessorImpl.java:77)
	at java.base/jdk.internal.reflect.DelegatingMethodAccessorImpl.invoke(DelegatingMethodAccessorImpl.java:43)
)

05-03-2025T09:45:22 - [TEST_STEP][PASSED] - a = replaceAll("\s+", "").trim(): null

05-03-2025T09:45:22 - [TEST_STEP][PASSED] - b = replaceAll("\s+", "").trim(): null

05-03-2025T09:45:22 - [TEST_STEP][PASSED] - Script1710234207206.WriteToExcel(todaysDate, run, vir, block, typeOfData, viruchka, vidget, nameOfBlock, a, b, dZO, x, y): null

05-03-2025T09:45:22 - [TEST_STEP][PASSED] - println(run): null

05-03-2025T09:45:22 - [TEST_STEP][PASSED] - if (run == 1): null

05-03-2025T09:45:22 - [TEST_STEP][PASSED] - typeOfData = "Млн": null

05-03-2025T09:45:22 - [TEST_STEP][PASSED] - println("todaysDate:" + todaysDate): null

05-03-2025T09:45:22 - [TEST_STEP][PASSED] - println("typeOfData:" + typeOfData): null

05-03-2025T09:45:22 - [TEST_STEP][PASSED] - viruchka = getText(findTestObject("Выручка в рублях/Фильтр Выручка" + nameOfBlock)): Text of object 'Object Repository/Выручка в рублях/Фильтр Выручка Выручка' is: 'ПЕРЕДАЧА ЭЛЕКТРОЭНЕРГИИ (ИТОГО, по всем видам тарифа)'

05-03-2025T09:45:22 - [MESSAGE][PASSED] - Text of object 'Object Repository/Выручка в рублях/Фильтр Выручка Выручка' is: 'ПЕРЕДАЧА ЭЛЕКТРОЭНЕРГИИ (ИТОГО, по всем видам тарифа)'

05-03-2025T09:45:22 - [TEST_STEP][PASSED] - println("viruchka" + viruchka): null

05-03-2025T09:45:22 - [TEST_STEP][PASSED] - println("vidget" + vidget): null

05-03-2025T09:45:22 - [TEST_STEP][PASSED] - println("a" + a): null

05-03-2025T09:45:22 - [TEST_STEP][PASSED] - println("b" + b): null

05-03-2025T09:45:22 - [TEST_STEP][PASSED] - sheetName = "Sheet1": null

05-03-2025T09:45:22 - [TEST_STEP][PASSED] - data = findTestData("PlanFact"): null

05-03-2025T09:45:22 - [TEST_STEP][PASSED] - n = data.getRowNumbers() + 1: null

05-03-2025T09:45:22 - [TEST_STEP][PASSED] - period = getText(findTestObject("Выручка в рублях/Фильтр Период")).trim(): Text of object 'Object Repository/Выручка в рублях/Фильтр Период' is: 'Январь 2025 года'

05-03-2025T09:45:22 - [MESSAGE][PASSED] - Text of object 'Object Repository/Выручка в рублях/Фильтр Период' is: 'Январь 2025 года'

05-03-2025T09:45:22 - [TEST_STEP][PASSED] - println(period): null

05-03-2025T09:45:22 - [TEST_STEP][PASSED] - if (period.findAll("[а-яА-Я]") == false): null

05-03-2025T09:45:22 - [TEST_STEP][PASSED] - dashboardName = "Выручка в рублях": null

05-03-2025T09:45:22 - [TEST_STEP][PASSED] - if (a == ""): null

05-03-2025T09:45:22 - [TEST_STEP][PASSED] - else: null

05-03-2025T09:45:22 - [TEST_STEP][PASSED] - x = a.toDouble(): null

05-03-2025T09:45:22 - [TEST_STEP][PASSED] - if (b == ""): null

05-03-2025T09:45:22 - [TEST_STEP][PASSED] - else: null

05-03-2025T09:45:22 - [TEST_STEP][PASSED] - y = b.toDouble(): null

05-03-2025T09:45:22 - [TEST_STEP][PASSED] - workbook01 = getWorkbook(excelFilePath): null

05-03-2025T09:45:22 - [TEST_STEP][PASSED] - sheet01 = getExcelSheet(workbook01, sheetName): null

05-03-2025T09:45:22 - [TEST_STEP][PASSED] - setValueToCellByIndex(sheet01, n, 0, dashboardName): null

05-03-2025T09:45:22 - [TEST_STEP][PASSED] - setValueToCellByIndex(sheet01, n, 1, dZO): null

05-03-2025T09:45:22 - [TEST_STEP][PASSED] - setValueToCellByIndex(sheet01, n, 2, vidget): null

05-03-2025T09:45:22 - [TEST_STEP][PASSED] - setValueToCellByIndex(sheet01, n, 3, viruchka): null

05-03-2025T09:45:22 - [TEST_STEP][PASSED] - setValueToCellByIndex(sheet01, n, 4, typeOfData): null

05-03-2025T09:45:22 - [TEST_STEP][PASSED] - if (a == "нет данных"): null

05-03-2025T09:45:22 - [TEST_STEP][PASSED] - else: null

05-03-2025T09:45:22 - [TEST_STEP][PASSED] - setValueToCellByIndex(sheet01, n, 5, x): null

05-03-2025T09:45:22 - [TEST_STEP][PASSED] - if (b == "нет данных"): null

05-03-2025T09:45:22 - [TEST_STEP][PASSED] - else: null

05-03-2025T09:45:22 - [TEST_STEP][PASSED] - setValueToCellByIndex(sheet01, n, 6, y): null

05-03-2025T09:45:22 - [TEST_STEP][PASSED] - setValueToCellByIndex(sheet01, n, 7, period): null

05-03-2025T09:45:22 - [TEST_STEP][PASSED] - setValueToCellByIndex(sheet01, n, 8, todaysDate): null

05-03-2025T09:45:22 - [TEST_STEP][PASSED] - n = n + 1: null

05-03-2025T09:45:22 - [TEST_STEP][PASSED] - saveWorkbook(excelFilePath, workbook01): null

05-03-2025T09:45:23 - [TEST_STEP][PASSED] - x = "": null

05-03-2025T09:45:23 - [TEST_STEP][PASSED] - y = "": null

05-03-2025T09:45:23 - [TEST_STEP][PASSED] - dZO = "Россети Волга": null

05-03-2025T09:45:23 - [TEST_STEP][FAILED] - if (verifyEqual(a33, b33) == false): null

05-03-2025T09:45:23 - [MESSAGE][FAILED] - Unable to verify equal between actual object '1 630' and expected object '-295' (Root cause: com.kms.katalon.core.exception.StepFailedException: Actual object '1 630' and expected object '-295' are not equal
	at com.kms.katalon.core.keyword.builtin.VerifyEqualKeyword$_verifyEqual_closure1.doCall(VerifyEqualKeyword.groovy:58)
	at com.kms.katalon.core.keyword.builtin.VerifyEqualKeyword$_verifyEqual_closure1.call(VerifyEqualKeyword.groovy)
	at com.kms.katalon.core.keyword.internal.KeywordMain.runKeyword(KeywordMain.groovy:75)
	at com.kms.katalon.core.keyword.builtin.VerifyEqualKeyword.verifyEqual(VerifyEqualKeyword.groovy:63)
	at com.kms.katalon.core.keyword.builtin.VerifyEqualKeyword.execute(VerifyEqualKeyword.groovy:44)
	at com.kms.katalon.core.keyword.internal.KeywordExecutor.executeKeywordForPlatform(KeywordExecutor.groovy:74)
	at com.kms.katalon.core.keyword.BuiltinKeywords.verifyEqual(BuiltinKeywords.groovy:146)
	at jdk.internal.reflect.GeneratedMethodAccessor25.invoke(Unknown Source)
	at java.base/jdk.internal.reflect.DelegatingMethodAccessorImpl.invoke(DelegatingMethodAccessorImpl.java:43)
	at Выручка в рублях сверка дашбордов ПАО Россети.Blocks(Выручка в рублях сверка дашбордов ПАО Россети:388)
	at Выручка в рублях сверка дашбордов ПАО Россети.ViruchkaChange(Выручка в рублях сверка дашбордов ПАО Россети:60)
	at Выручка в рублях сверка дашбордов ПАО Россети.run(Выручка в рублях сверка дашбордов ПАО Россети:55)
	at com.kms.katalon.core.main.ScriptEngine.run(ScriptEngine.java:194)
	at com.kms.katalon.core.main.ScriptEngine.runScriptAsRawText(ScriptEngine.java:119)
	at com.kms.katalon.core.main.TestCaseExecutor.runScript(TestCaseExecutor.java:448)
	at com.kms.katalon.core.main.TestCaseExecutor.doExecute(TestCaseExecutor.java:439)
	at com.kms.katalon.core.main.TestCaseExecutor.processExecutionPhase(TestCaseExecutor.java:418)
	at com.kms.katalon.core.main.TestCaseExecutor.accessMainPhase(TestCaseExecutor.java:410)
	at com.kms.katalon.core.main.TestCaseExecutor.execute(TestCaseExecutor.java:285)
	at com.kms.katalon.core.common.CommonExecutor.accessTestCaseMainPhase(CommonExecutor.java:65)
	at com.kms.katalon.core.main.TestSuiteExecutor.accessTestSuiteMainPhase(TestSuiteExecutor.java:150)
	at com.kms.katalon.core.main.TestSuiteExecutor.execute(TestSuiteExecutor.java:106)
	at com.kms.katalon.core.main.TestCaseMain.startTestSuite(TestCaseMain.java:180)
	at TempTestSuite1741155213601.run(TempTestSuite1741155213601.groovy:35)
	at java.base/jdk.internal.reflect.NativeMethodAccessorImpl.invoke0(Native Method)
	at java.base/jdk.internal.reflect.NativeMethodAccessorImpl.invoke(NativeMethodAccessorImpl.java:77)
	at java.base/jdk.internal.reflect.DelegatingMethodAccessorImpl.invoke(DelegatingMethodAccessorImpl.java:43)
)

05-03-2025T09:45:23 - [TEST_STEP][PASSED] - a = replaceAll("\s+", "").trim(): null

05-03-2025T09:45:23 - [TEST_STEP][PASSED] - b = replaceAll("\s+", "").trim(): null

05-03-2025T09:45:23 - [TEST_STEP][PASSED] - Script1710234207206.WriteToExcel(todaysDate, run, vir, block, typeOfData, viruchka, vidget, nameOfBlock, a, b, dZO, x, y): null

05-03-2025T09:45:23 - [TEST_STEP][PASSED] - println(run): null

05-03-2025T09:45:23 - [TEST_STEP][PASSED] - if (run == 1): null

05-03-2025T09:45:23 - [TEST_STEP][PASSED] - typeOfData = "Млн": null

05-03-2025T09:45:23 - [TEST_STEP][PASSED] - println("todaysDate:" + todaysDate): null

05-03-2025T09:45:23 - [TEST_STEP][PASSED] - println("typeOfData:" + typeOfData): null

05-03-2025T09:45:23 - [TEST_STEP][PASSED] - viruchka = getText(findTestObject("Выручка в рублях/Фильтр Выручка" + nameOfBlock)): Text of object 'Object Repository/Выручка в рублях/Фильтр Выручка Выручка' is: 'ПЕРЕДАЧА ЭЛЕКТРОЭНЕРГИИ (ИТОГО, по всем видам тарифа)'

05-03-2025T09:45:23 - [MESSAGE][PASSED] - Text of object 'Object Repository/Выручка в рублях/Фильтр Выручка Выручка' is: 'ПЕРЕДАЧА ЭЛЕКТРОЭНЕРГИИ (ИТОГО, по всем видам тарифа)'

05-03-2025T09:45:23 - [TEST_STEP][PASSED] - println("viruchka" + viruchka): null

05-03-2025T09:45:23 - [TEST_STEP][PASSED] - println("vidget" + vidget): null

05-03-2025T09:45:23 - [TEST_STEP][PASSED] - println("a" + a): null

05-03-2025T09:45:23 - [TEST_STEP][PASSED] - println("b" + b): null

05-03-2025T09:45:23 - [TEST_STEP][PASSED] - sheetName = "Sheet1": null

05-03-2025T09:45:23 - [TEST_STEP][PASSED] - data = findTestData("PlanFact"): null

05-03-2025T09:45:23 - [TEST_STEP][PASSED] - n = data.getRowNumbers() + 1: null

05-03-2025T09:45:23 - [TEST_STEP][PASSED] - period = getText(findTestObject("Выручка в рублях/Фильтр Период")).trim(): Text of object 'Object Repository/Выручка в рублях/Фильтр Период' is: 'Январь 2025 года'

05-03-2025T09:45:23 - [MESSAGE][PASSED] - Text of object 'Object Repository/Выручка в рублях/Фильтр Период' is: 'Январь 2025 года'

05-03-2025T09:45:23 - [TEST_STEP][PASSED] - println(period): null

05-03-2025T09:45:23 - [TEST_STEP][PASSED] - if (period.findAll("[а-яА-Я]") == false): null

05-03-2025T09:45:23 - [TEST_STEP][PASSED] - dashboardName = "Выручка в рублях": null

05-03-2025T09:45:23 - [TEST_STEP][PASSED] - if (a == ""): null

05-03-2025T09:45:23 - [TEST_STEP][PASSED] - else: null

05-03-2025T09:45:23 - [TEST_STEP][PASSED] - x = a.toDouble(): null

05-03-2025T09:45:23 - [TEST_STEP][PASSED] - if (b == ""): null

05-03-2025T09:45:23 - [TEST_STEP][PASSED] - else: null

05-03-2025T09:45:23 - [TEST_STEP][PASSED] - y = b.toDouble(): null

05-03-2025T09:45:23 - [TEST_STEP][PASSED] - workbook01 = getWorkbook(excelFilePath): null

05-03-2025T09:45:23 - [TEST_STEP][PASSED] - sheet01 = getExcelSheet(workbook01, sheetName): null

05-03-2025T09:45:23 - [TEST_STEP][PASSED] - setValueToCellByIndex(sheet01, n, 0, dashboardName): null

05-03-2025T09:45:23 - [TEST_STEP][PASSED] - setValueToCellByIndex(sheet01, n, 1, dZO): null

05-03-2025T09:45:23 - [TEST_STEP][PASSED] - setValueToCellByIndex(sheet01, n, 2, vidget): null

05-03-2025T09:45:23 - [TEST_STEP][PASSED] - setValueToCellByIndex(sheet01, n, 3, viruchka): null

05-03-2025T09:45:23 - [TEST_STEP][PASSED] - setValueToCellByIndex(sheet01, n, 4, typeOfData): null

05-03-2025T09:45:23 - [TEST_STEP][PASSED] - if (a == "нет данных"): null

05-03-2025T09:45:23 - [TEST_STEP][PASSED] - else: null

05-03-2025T09:45:23 - [TEST_STEP][PASSED] - setValueToCellByIndex(sheet01, n, 5, x): null

05-03-2025T09:45:23 - [TEST_STEP][PASSED] - if (b == "нет данных"): null

05-03-2025T09:45:23 - [TEST_STEP][PASSED] - else: null

05-03-2025T09:45:23 - [TEST_STEP][PASSED] - setValueToCellByIndex(sheet01, n, 6, y): null

05-03-2025T09:45:23 - [TEST_STEP][PASSED] - setValueToCellByIndex(sheet01, n, 7, period): null

05-03-2025T09:45:23 - [TEST_STEP][PASSED] - setValueToCellByIndex(sheet01, n, 8, todaysDate): null

05-03-2025T09:45:23 - [TEST_STEP][PASSED] - n = n + 1: null

05-03-2025T09:45:23 - [TEST_STEP][PASSED] - saveWorkbook(excelFilePath, workbook01): null

05-03-2025T09:45:24 - [TEST_STEP][PASSED] - x = "": null

05-03-2025T09:45:24 - [TEST_STEP][PASSED] - y = "": null

05-03-2025T09:45:24 - [TEST_STEP][PASSED] - dZO = "Россети Кубань": null

05-03-2025T09:45:24 - [TEST_STEP][PASSED] - if (verifyEqual(a34, b34) == false): Actual object '-54' and expected object '-54' are equal

05-03-2025T09:45:24 - [MESSAGE][PASSED] - Actual object '-54' and expected object '-54' are equal

05-03-2025T09:45:24 - [TEST_STEP][PASSED] - dZO = "Россети Ленэнерго (ГК)": null

05-03-2025T09:45:24 - [TEST_STEP][PASSED] - if (verifyEqual(a35, b35) == false): Actual object '-403' and expected object '-403' are equal

05-03-2025T09:45:24 - [MESSAGE][PASSED] - Actual object '-403' and expected object '-403' are equal

05-03-2025T09:45:24 - [TEST_STEP][PASSED] - dZO = "Россети Московский регион": null

05-03-2025T09:45:24 - [TEST_STEP][FAILED] - if (verifyEqual(a36, b36) == false): null

05-03-2025T09:45:24 - [MESSAGE][FAILED] - Unable to verify equal between actual object '8 709' and expected object '-927' (Root cause: com.kms.katalon.core.exception.StepFailedException: Actual object '8 709' and expected object '-927' are not equal
	at com.kms.katalon.core.keyword.builtin.VerifyEqualKeyword$_verifyEqual_closure1.doCall(VerifyEqualKeyword.groovy:58)
	at com.kms.katalon.core.keyword.builtin.VerifyEqualKeyword$_verifyEqual_closure1.call(VerifyEqualKeyword.groovy)
	at com.kms.katalon.core.keyword.internal.KeywordMain.runKeyword(KeywordMain.groovy:75)
	at com.kms.katalon.core.keyword.builtin.VerifyEqualKeyword.verifyEqual(VerifyEqualKeyword.groovy:63)
	at com.kms.katalon.core.keyword.builtin.VerifyEqualKeyword.execute(VerifyEqualKeyword.groovy:44)
	at com.kms.katalon.core.keyword.internal.KeywordExecutor.executeKeywordForPlatform(KeywordExecutor.groovy:74)
	at com.kms.katalon.core.keyword.BuiltinKeywords.verifyEqual(BuiltinKeywords.groovy:146)
	at jdk.internal.reflect.GeneratedMethodAccessor25.invoke(Unknown Source)
	at java.base/jdk.internal.reflect.DelegatingMethodAccessorImpl.invoke(DelegatingMethodAccessorImpl.java:43)
	at Выручка в рублях сверка дашбордов ПАО Россети.Blocks(Выручка в рублях сверка дашбордов ПАО Россети:418)
	at Выручка в рублях сверка дашбордов ПАО Россети.ViruchkaChange(Выручка в рублях сверка дашбордов ПАО Россети:60)
	at Выручка в рублях сверка дашбордов ПАО Россети.run(Выручка в рублях сверка дашбордов ПАО Россети:55)
	at com.kms.katalon.core.main.ScriptEngine.run(ScriptEngine.java:194)
	at com.kms.katalon.core.main.ScriptEngine.runScriptAsRawText(ScriptEngine.java:119)
	at com.kms.katalon.core.main.TestCaseExecutor.runScript(TestCaseExecutor.java:448)
	at com.kms.katalon.core.main.TestCaseExecutor.doExecute(TestCaseExecutor.java:439)
	at com.kms.katalon.core.main.TestCaseExecutor.processExecutionPhase(TestCaseExecutor.java:418)
	at com.kms.katalon.core.main.TestCaseExecutor.accessMainPhase(TestCaseExecutor.java:410)
	at com.kms.katalon.core.main.TestCaseExecutor.execute(TestCaseExecutor.java:285)
	at com.kms.katalon.core.common.CommonExecutor.accessTestCaseMainPhase(CommonExecutor.java:65)
	at com.kms.katalon.core.main.TestSuiteExecutor.accessTestSuiteMainPhase(TestSuiteExecutor.java:150)
	at com.kms.katalon.core.main.TestSuiteExecutor.execute(TestSuiteExecutor.java:106)
	at com.kms.katalon.core.main.TestCaseMain.startTestSuite(TestCaseMain.java:180)
	at TempTestSuite1741155213601.run(TempTestSuite1741155213601.groovy:35)
	at java.base/jdk.internal.reflect.NativeMethodAccessorImpl.invoke0(Native Method)
	at java.base/jdk.internal.reflect.NativeMethodAccessorImpl.invoke(NativeMethodAccessorImpl.java:77)
	at java.base/jdk.internal.reflect.DelegatingMethodAccessorImpl.invoke(DelegatingMethodAccessorImpl.java:43)
)

05-03-2025T09:45:24 - [TEST_STEP][PASSED] - a = replaceAll("\s+", "").trim(): null

05-03-2025T09:45:24 - [TEST_STEP][PASSED] - b = replaceAll("\s+", "").trim(): null

05-03-2025T09:45:24 - [TEST_STEP][PASSED] - Script1710234207206.WriteToExcel(todaysDate, run, vir, block, typeOfData, viruchka, vidget, nameOfBlock, a, b, dZO, x, y): null

05-03-2025T09:45:24 - [TEST_STEP][PASSED] - println(run): null

05-03-2025T09:45:24 - [TEST_STEP][PASSED] - if (run == 1): null

05-03-2025T09:45:24 - [TEST_STEP][PASSED] - typeOfData = "Млн": null

05-03-2025T09:45:24 - [TEST_STEP][PASSED] - println("todaysDate:" + todaysDate): null

05-03-2025T09:45:24 - [TEST_STEP][PASSED] - println("typeOfData:" + typeOfData): null

05-03-2025T09:45:24 - [TEST_STEP][PASSED] - viruchka = getText(findTestObject("Выручка в рублях/Фильтр Выручка" + nameOfBlock)): Text of object 'Object Repository/Выручка в рублях/Фильтр Выручка Выручка' is: 'ПЕРЕДАЧА ЭЛЕКТРОЭНЕРГИИ (ИТОГО, по всем видам тарифа)'

05-03-2025T09:45:24 - [MESSAGE][PASSED] - Text of object 'Object Repository/Выручка в рублях/Фильтр Выручка Выручка' is: 'ПЕРЕДАЧА ЭЛЕКТРОЭНЕРГИИ (ИТОГО, по всем видам тарифа)'

05-03-2025T09:45:24 - [TEST_STEP][PASSED] - println("viruchka" + viruchka): null

05-03-2025T09:45:24 - [TEST_STEP][PASSED] - println("vidget" + vidget): null

05-03-2025T09:45:24 - [TEST_STEP][PASSED] - println("a" + a): null

05-03-2025T09:45:24 - [TEST_STEP][PASSED] - println("b" + b): null

05-03-2025T09:45:24 - [TEST_STEP][PASSED] - sheetName = "Sheet1": null

05-03-2025T09:45:24 - [TEST_STEP][PASSED] - data = findTestData("PlanFact"): null

05-03-2025T09:45:24 - [TEST_STEP][PASSED] - n = data.getRowNumbers() + 1: null

05-03-2025T09:45:24 - [TEST_STEP][PASSED] - period = getText(findTestObject("Выручка в рублях/Фильтр Период")).trim(): Text of object 'Object Repository/Выручка в рублях/Фильтр Период' is: 'Январь 2025 года'

05-03-2025T09:45:24 - [MESSAGE][PASSED] - Text of object 'Object Repository/Выручка в рублях/Фильтр Период' is: 'Январь 2025 года'

05-03-2025T09:45:24 - [TEST_STEP][PASSED] - println(period): null

05-03-2025T09:45:24 - [TEST_STEP][PASSED] - if (period.findAll("[а-яА-Я]") == false): null

05-03-2025T09:45:24 - [TEST_STEP][PASSED] - dashboardName = "Выручка в рублях": null

05-03-2025T09:45:24 - [TEST_STEP][PASSED] - if (a == ""): null

05-03-2025T09:45:24 - [TEST_STEP][PASSED] - else: null

05-03-2025T09:45:24 - [TEST_STEP][PASSED] - x = a.toDouble(): null

05-03-2025T09:45:24 - [TEST_STEP][PASSED] - if (b == ""): null

05-03-2025T09:45:24 - [TEST_STEP][PASSED] - else: null

05-03-2025T09:45:24 - [TEST_STEP][PASSED] - y = b.toDouble(): null

05-03-2025T09:45:24 - [TEST_STEP][PASSED] - workbook01 = getWorkbook(excelFilePath): null

05-03-2025T09:45:24 - [TEST_STEP][PASSED] - sheet01 = getExcelSheet(workbook01, sheetName): null

05-03-2025T09:45:24 - [TEST_STEP][PASSED] - setValueToCellByIndex(sheet01, n, 0, dashboardName): null

05-03-2025T09:45:24 - [TEST_STEP][PASSED] - setValueToCellByIndex(sheet01, n, 1, dZO): null

05-03-2025T09:45:24 - [TEST_STEP][PASSED] - setValueToCellByIndex(sheet01, n, 2, vidget): null

05-03-2025T09:45:24 - [TEST_STEP][PASSED] - setValueToCellByIndex(sheet01, n, 3, viruchka): null

05-03-2025T09:45:24 - [TEST_STEP][PASSED] - setValueToCellByIndex(sheet01, n, 4, typeOfData): null

05-03-2025T09:45:24 - [TEST_STEP][PASSED] - if (a == "нет данных"): null

05-03-2025T09:45:24 - [TEST_STEP][PASSED] - else: null

05-03-2025T09:45:24 - [TEST_STEP][PASSED] - setValueToCellByIndex(sheet01, n, 5, x): null

05-03-2025T09:45:24 - [TEST_STEP][PASSED] - if (b == "нет данных"): null

05-03-2025T09:45:24 - [TEST_STEP][PASSED] - else: null

05-03-2025T09:45:24 - [TEST_STEP][PASSED] - setValueToCellByIndex(sheet01, n, 6, y): null

05-03-2025T09:45:24 - [TEST_STEP][PASSED] - setValueToCellByIndex(sheet01, n, 7, period): null

05-03-2025T09:45:24 - [TEST_STEP][PASSED] - setValueToCellByIndex(sheet01, n, 8, todaysDate): null

05-03-2025T09:45:24 - [TEST_STEP][PASSED] - n = n + 1: null

05-03-2025T09:45:24 - [TEST_STEP][PASSED] - saveWorkbook(excelFilePath, workbook01): null

05-03-2025T09:45:25 - [TEST_STEP][PASSED] - x = "": null

05-03-2025T09:45:25 - [TEST_STEP][PASSED] - y = "": null

05-03-2025T09:45:25 - [TEST_STEP][PASSED] - dZO = "Россети Северный Кавказ (ГК)": null

05-03-2025T09:45:25 - [TEST_STEP][FAILED] - if (verifyEqual(a37, b37) == false): null

05-03-2025T09:45:25 - [MESSAGE][FAILED] - Unable to verify equal between actual object '2 072' and expected object '-96' (Root cause: com.kms.katalon.core.exception.StepFailedException: Actual object '2 072' and expected object '-96' are not equal
	at com.kms.katalon.core.keyword.builtin.VerifyEqualKeyword$_verifyEqual_closure1.doCall(VerifyEqualKeyword.groovy:58)
	at com.kms.katalon.core.keyword.builtin.VerifyEqualKeyword$_verifyEqual_closure1.call(VerifyEqualKeyword.groovy)
	at com.kms.katalon.core.keyword.internal.KeywordMain.runKeyword(KeywordMain.groovy:75)
	at com.kms.katalon.core.keyword.builtin.VerifyEqualKeyword.verifyEqual(VerifyEqualKeyword.groovy:63)
	at com.kms.katalon.core.keyword.builtin.VerifyEqualKeyword.execute(VerifyEqualKeyword.groovy:44)
	at com.kms.katalon.core.keyword.internal.KeywordExecutor.executeKeywordForPlatform(KeywordExecutor.groovy:74)
	at com.kms.katalon.core.keyword.BuiltinKeywords.verifyEqual(BuiltinKeywords.groovy:146)
	at jdk.internal.reflect.GeneratedMethodAccessor25.invoke(Unknown Source)
	at java.base/jdk.internal.reflect.DelegatingMethodAccessorImpl.invoke(DelegatingMethodAccessorImpl.java:43)
	at Выручка в рублях сверка дашбордов ПАО Россети.Blocks(Выручка в рублях сверка дашбордов ПАО Россети:428)
	at Выручка в рублях сверка дашбордов ПАО Россети.ViruchkaChange(Выручка в рублях сверка дашбордов ПАО Россети:60)
	at Выручка в рублях сверка дашбордов ПАО Россети.run(Выручка в рублях сверка дашбордов ПАО Россети:55)
	at com.kms.katalon.core.main.ScriptEngine.run(ScriptEngine.java:194)
	at com.kms.katalon.core.main.ScriptEngine.runScriptAsRawText(ScriptEngine.java:119)
	at com.kms.katalon.core.main.TestCaseExecutor.runScript(TestCaseExecutor.java:448)
	at com.kms.katalon.core.main.TestCaseExecutor.doExecute(TestCaseExecutor.java:439)
	at com.kms.katalon.core.main.TestCaseExecutor.processExecutionPhase(TestCaseExecutor.java:418)
	at com.kms.katalon.core.main.TestCaseExecutor.accessMainPhase(TestCaseExecutor.java:410)
	at com.kms.katalon.core.main.TestCaseExecutor.execute(TestCaseExecutor.java:285)
	at com.kms.katalon.core.common.CommonExecutor.accessTestCaseMainPhase(CommonExecutor.java:65)
	at com.kms.katalon.core.main.TestSuiteExecutor.accessTestSuiteMainPhase(TestSuiteExecutor.java:150)
	at com.kms.katalon.core.main.TestSuiteExecutor.execute(TestSuiteExecutor.java:106)
	at com.kms.katalon.core.main.TestCaseMain.startTestSuite(TestCaseMain.java:180)
	at TempTestSuite1741155213601.run(TempTestSuite1741155213601.groovy:35)
	at java.base/jdk.internal.reflect.NativeMethodAccessorImpl.invoke0(Native Method)
	at java.base/jdk.internal.reflect.NativeMethodAccessorImpl.invoke(NativeMethodAccessorImpl.java:77)
	at java.base/jdk.internal.reflect.DelegatingMethodAccessorImpl.invoke(DelegatingMethodAccessorImpl.java:43)
)

05-03-2025T09:45:25 - [TEST_STEP][PASSED] - a = replaceAll("\s+", "").trim(): null

05-03-2025T09:45:25 - [TEST_STEP][PASSED] - b = replaceAll("\s+", "").trim(): null

05-03-2025T09:45:25 - [TEST_STEP][PASSED] - Script1710234207206.WriteToExcel(todaysDate, run, vir, block, typeOfData, viruchka, vidget, nameOfBlock, a, b, dZO, x, y): null

05-03-2025T09:45:25 - [TEST_STEP][PASSED] - println(run): null

05-03-2025T09:45:25 - [TEST_STEP][PASSED] - if (run == 1): null

05-03-2025T09:45:25 - [TEST_STEP][PASSED] - typeOfData = "Млн": null

05-03-2025T09:45:25 - [TEST_STEP][PASSED] - println("todaysDate:" + todaysDate): null

05-03-2025T09:45:25 - [TEST_STEP][PASSED] - println("typeOfData:" + typeOfData): null

05-03-2025T09:45:25 - [TEST_STEP][PASSED] - viruchka = getText(findTestObject("Выручка в рублях/Фильтр Выручка" + nameOfBlock)): Text of object 'Object Repository/Выручка в рублях/Фильтр Выручка Выручка' is: 'ПЕРЕДАЧА ЭЛЕКТРОЭНЕРГИИ (ИТОГО, по всем видам тарифа)'

05-03-2025T09:45:25 - [MESSAGE][PASSED] - Text of object 'Object Repository/Выручка в рублях/Фильтр Выручка Выручка' is: 'ПЕРЕДАЧА ЭЛЕКТРОЭНЕРГИИ (ИТОГО, по всем видам тарифа)'

05-03-2025T09:45:25 - [TEST_STEP][PASSED] - println("viruchka" + viruchka): null

05-03-2025T09:45:25 - [TEST_STEP][PASSED] - println("vidget" + vidget): null

05-03-2025T09:45:25 - [TEST_STEP][PASSED] - println("a" + a): null

05-03-2025T09:45:25 - [TEST_STEP][PASSED] - println("b" + b): null

05-03-2025T09:45:25 - [TEST_STEP][PASSED] - sheetName = "Sheet1": null

05-03-2025T09:45:25 - [TEST_STEP][PASSED] - data = findTestData("PlanFact"): null

05-03-2025T09:45:25 - [TEST_STEP][PASSED] - n = data.getRowNumbers() + 1: null

05-03-2025T09:45:25 - [TEST_STEP][PASSED] - period = getText(findTestObject("Выручка в рублях/Фильтр Период")).trim(): Text of object 'Object Repository/Выручка в рублях/Фильтр Период' is: 'Январь 2025 года'

05-03-2025T09:45:25 - [MESSAGE][PASSED] - Text of object 'Object Repository/Выручка в рублях/Фильтр Период' is: 'Январь 2025 года'

05-03-2025T09:45:25 - [TEST_STEP][PASSED] - println(period): null

05-03-2025T09:45:25 - [TEST_STEP][PASSED] - if (period.findAll("[а-яА-Я]") == false): null

05-03-2025T09:45:25 - [TEST_STEP][PASSED] - dashboardName = "Выручка в рублях": null

05-03-2025T09:45:25 - [TEST_STEP][PASSED] - if (a == ""): null

05-03-2025T09:45:25 - [TEST_STEP][PASSED] - else: null

05-03-2025T09:45:25 - [TEST_STEP][PASSED] - x = a.toDouble(): null

05-03-2025T09:45:25 - [TEST_STEP][PASSED] - if (b == ""): null

05-03-2025T09:45:25 - [TEST_STEP][PASSED] - else: null

05-03-2025T09:45:25 - [TEST_STEP][PASSED] - y = b.toDouble(): null

05-03-2025T09:45:25 - [TEST_STEP][PASSED] - workbook01 = getWorkbook(excelFilePath): null

05-03-2025T09:45:25 - [TEST_STEP][PASSED] - sheet01 = getExcelSheet(workbook01, sheetName): null

05-03-2025T09:45:25 - [TEST_STEP][PASSED] - setValueToCellByIndex(sheet01, n, 0, dashboardName): null

05-03-2025T09:45:25 - [TEST_STEP][PASSED] - setValueToCellByIndex(sheet01, n, 1, dZO): null

05-03-2025T09:45:25 - [TEST_STEP][PASSED] - setValueToCellByIndex(sheet01, n, 2, vidget): null

05-03-2025T09:45:25 - [TEST_STEP][PASSED] - setValueToCellByIndex(sheet01, n, 3, viruchka): null

05-03-2025T09:45:25 - [TEST_STEP][PASSED] - setValueToCellByIndex(sheet01, n, 4, typeOfData): null

05-03-2025T09:45:25 - [TEST_STEP][PASSED] - if (a == "нет данных"): null

05-03-2025T09:45:25 - [TEST_STEP][PASSED] - else: null

05-03-2025T09:45:25 - [TEST_STEP][PASSED] - setValueToCellByIndex(sheet01, n, 5, x): null

05-03-2025T09:45:25 - [TEST_STEP][PASSED] - if (b == "нет данных"): null

05-03-2025T09:45:25 - [TEST_STEP][PASSED] - else: null

05-03-2025T09:45:25 - [TEST_STEP][PASSED] - setValueToCellByIndex(sheet01, n, 6, y): null

05-03-2025T09:45:25 - [TEST_STEP][PASSED] - setValueToCellByIndex(sheet01, n, 7, period): null

05-03-2025T09:45:25 - [TEST_STEP][PASSED] - setValueToCellByIndex(sheet01, n, 8, todaysDate): null

05-03-2025T09:45:25 - [TEST_STEP][PASSED] - n = n + 1: null

05-03-2025T09:45:25 - [TEST_STEP][PASSED] - saveWorkbook(excelFilePath, workbook01): null

05-03-2025T09:45:26 - [TEST_STEP][PASSED] - x = "": null

05-03-2025T09:45:26 - [TEST_STEP][PASSED] - y = "": null

05-03-2025T09:45:26 - [TEST_STEP][PASSED] - dZO = "Россети Северо-Запад": null

05-03-2025T09:45:26 - [TEST_STEP][PASSED] - if (verifyEqual(a38, b38) == false): Actual object '-251' and expected object '-251' are equal

05-03-2025T09:45:26 - [MESSAGE][PASSED] - Actual object '-251' and expected object '-251' are equal

05-03-2025T09:45:26 - [TEST_STEP][PASSED] - dZO = "Россети Сибирь (ГК)": null

05-03-2025T09:45:26 - [TEST_STEP][FAILED] - if (verifyEqual(a39, b39) == false): null

05-03-2025T09:45:26 - [MESSAGE][FAILED] - Unable to verify equal between actual object '11 296' and expected object '348' (Root cause: com.kms.katalon.core.exception.StepFailedException: Actual object '11 296' and expected object '348' are not equal
	at com.kms.katalon.core.keyword.builtin.VerifyEqualKeyword$_verifyEqual_closure1.doCall(VerifyEqualKeyword.groovy:58)
	at com.kms.katalon.core.keyword.builtin.VerifyEqualKeyword$_verifyEqual_closure1.call(VerifyEqualKeyword.groovy)
	at com.kms.katalon.core.keyword.internal.KeywordMain.runKeyword(KeywordMain.groovy:75)
	at com.kms.katalon.core.keyword.builtin.VerifyEqualKeyword.verifyEqual(VerifyEqualKeyword.groovy:63)
	at com.kms.katalon.core.keyword.builtin.VerifyEqualKeyword.execute(VerifyEqualKeyword.groovy:44)
	at com.kms.katalon.core.keyword.internal.KeywordExecutor.executeKeywordForPlatform(KeywordExecutor.groovy:74)
	at com.kms.katalon.core.keyword.BuiltinKeywords.verifyEqual(BuiltinKeywords.groovy:146)
	at jdk.internal.reflect.GeneratedMethodAccessor25.invoke(Unknown Source)
	at java.base/jdk.internal.reflect.DelegatingMethodAccessorImpl.invoke(DelegatingMethodAccessorImpl.java:43)
	at Выручка в рублях сверка дашбордов ПАО Россети.Blocks(Выручка в рублях сверка дашбордов ПАО Россети:448)
	at Выручка в рублях сверка дашбордов ПАО Россети.ViruchkaChange(Выручка в рублях сверка дашбордов ПАО Россети:60)
	at Выручка в рублях сверка дашбордов ПАО Россети.run(Выручка в рублях сверка дашбордов ПАО Россети:55)
	at com.kms.katalon.core.main.ScriptEngine.run(ScriptEngine.java:194)
	at com.kms.katalon.core.main.ScriptEngine.runScriptAsRawText(ScriptEngine.java:119)
	at com.kms.katalon.core.main.TestCaseExecutor.runScript(TestCaseExecutor.java:448)
	at com.kms.katalon.core.main.TestCaseExecutor.doExecute(TestCaseExecutor.java:439)
	at com.kms.katalon.core.main.TestCaseExecutor.processExecutionPhase(TestCaseExecutor.java:418)
	at com.kms.katalon.core.main.TestCaseExecutor.accessMainPhase(TestCaseExecutor.java:410)
	at com.kms.katalon.core.main.TestCaseExecutor.execute(TestCaseExecutor.java:285)
	at com.kms.katalon.core.common.CommonExecutor.accessTestCaseMainPhase(CommonExecutor.java:65)
	at com.kms.katalon.core.main.TestSuiteExecutor.accessTestSuiteMainPhase(TestSuiteExecutor.java:150)
	at com.kms.katalon.core.main.TestSuiteExecutor.execute(TestSuiteExecutor.java:106)
	at com.kms.katalon.core.main.TestCaseMain.startTestSuite(TestCaseMain.java:180)
	at TempTestSuite1741155213601.run(TempTestSuite1741155213601.groovy:35)
	at java.base/jdk.internal.reflect.NativeMethodAccessorImpl.invoke0(Native Method)
	at java.base/jdk.internal.reflect.NativeMethodAccessorImpl.invoke(NativeMethodAccessorImpl.java:77)
	at java.base/jdk.internal.reflect.DelegatingMethodAccessorImpl.invoke(DelegatingMethodAccessorImpl.java:43)
)

05-03-2025T09:45:26 - [TEST_STEP][PASSED] - a = replaceAll("\s+", "").trim(): null

05-03-2025T09:45:26 - [TEST_STEP][PASSED] - b = replaceAll("\s+", "").trim(): null

05-03-2025T09:45:26 - [TEST_STEP][PASSED] - Script1710234207206.WriteToExcel(todaysDate, run, vir, block, typeOfData, viruchka, vidget, nameOfBlock, a, b, dZO, x, y): null

05-03-2025T09:45:26 - [TEST_STEP][PASSED] - println(run): null

05-03-2025T09:45:26 - [TEST_STEP][PASSED] - if (run == 1): null

05-03-2025T09:45:26 - [TEST_STEP][PASSED] - typeOfData = "Млн": null

05-03-2025T09:45:26 - [TEST_STEP][PASSED] - println("todaysDate:" + todaysDate): null

05-03-2025T09:45:26 - [TEST_STEP][PASSED] - println("typeOfData:" + typeOfData): null

05-03-2025T09:45:26 - [TEST_STEP][PASSED] - viruchka = getText(findTestObject("Выручка в рублях/Фильтр Выручка" + nameOfBlock)): Text of object 'Object Repository/Выручка в рублях/Фильтр Выручка Выручка' is: 'ПЕРЕДАЧА ЭЛЕКТРОЭНЕРГИИ (ИТОГО, по всем видам тарифа)'

05-03-2025T09:45:26 - [MESSAGE][PASSED] - Text of object 'Object Repository/Выручка в рублях/Фильтр Выручка Выручка' is: 'ПЕРЕДАЧА ЭЛЕКТРОЭНЕРГИИ (ИТОГО, по всем видам тарифа)'

05-03-2025T09:45:26 - [TEST_STEP][PASSED] - println("viruchka" + viruchka): null

05-03-2025T09:45:26 - [TEST_STEP][PASSED] - println("vidget" + vidget): null

05-03-2025T09:45:26 - [TEST_STEP][PASSED] - println("a" + a): null

05-03-2025T09:45:26 - [TEST_STEP][PASSED] - println("b" + b): null

05-03-2025T09:45:26 - [TEST_STEP][PASSED] - sheetName = "Sheet1": null

05-03-2025T09:45:26 - [TEST_STEP][PASSED] - data = findTestData("PlanFact"): null

05-03-2025T09:45:26 - [TEST_STEP][PASSED] - n = data.getRowNumbers() + 1: null

05-03-2025T09:45:26 - [TEST_STEP][PASSED] - period = getText(findTestObject("Выручка в рублях/Фильтр Период")).trim(): Text of object 'Object Repository/Выручка в рублях/Фильтр Период' is: 'Январь 2025 года'

05-03-2025T09:45:26 - [MESSAGE][PASSED] - Text of object 'Object Repository/Выручка в рублях/Фильтр Период' is: 'Январь 2025 года'

05-03-2025T09:45:26 - [TEST_STEP][PASSED] - println(period): null

05-03-2025T09:45:26 - [TEST_STEP][PASSED] - if (period.findAll("[а-яА-Я]") == false): null

05-03-2025T09:45:26 - [TEST_STEP][PASSED] - dashboardName = "Выручка в рублях": null

05-03-2025T09:45:26 - [TEST_STEP][PASSED] - if (a == ""): null

05-03-2025T09:45:26 - [TEST_STEP][PASSED] - else: null

05-03-2025T09:45:26 - [TEST_STEP][PASSED] - x = a.toDouble(): null

05-03-2025T09:45:26 - [TEST_STEP][PASSED] - if (b == ""): null

05-03-2025T09:45:26 - [TEST_STEP][PASSED] - else: null

05-03-2025T09:45:26 - [TEST_STEP][PASSED] - y = b.toDouble(): null

05-03-2025T09:45:26 - [TEST_STEP][PASSED] - workbook01 = getWorkbook(excelFilePath): null

05-03-2025T09:45:26 - [TEST_STEP][PASSED] - sheet01 = getExcelSheet(workbook01, sheetName): null

05-03-2025T09:45:26 - [TEST_STEP][PASSED] - setValueToCellByIndex(sheet01, n, 0, dashboardName): null

05-03-2025T09:45:26 - [TEST_STEP][PASSED] - setValueToCellByIndex(sheet01, n, 1, dZO): null

05-03-2025T09:45:26 - [TEST_STEP][PASSED] - setValueToCellByIndex(sheet01, n, 2, vidget): null

05-03-2025T09:45:26 - [TEST_STEP][PASSED] - setValueToCellByIndex(sheet01, n, 3, viruchka): null

05-03-2025T09:45:26 - [TEST_STEP][PASSED] - setValueToCellByIndex(sheet01, n, 4, typeOfData): null

05-03-2025T09:45:26 - [TEST_STEP][PASSED] - if (a == "нет данных"): null

05-03-2025T09:45:26 - [TEST_STEP][PASSED] - else: null

05-03-2025T09:45:26 - [TEST_STEP][PASSED] - setValueToCellByIndex(sheet01, n, 5, x): null

05-03-2025T09:45:26 - [TEST_STEP][PASSED] - if (b == "нет данных"): null

05-03-2025T09:45:26 - [TEST_STEP][PASSED] - else: null

05-03-2025T09:45:26 - [TEST_STEP][PASSED] - setValueToCellByIndex(sheet01, n, 6, y): null

05-03-2025T09:45:26 - [TEST_STEP][PASSED] - setValueToCellByIndex(sheet01, n, 7, period): null

05-03-2025T09:45:26 - [TEST_STEP][PASSED] - setValueToCellByIndex(sheet01, n, 8, todaysDate): null

05-03-2025T09:45:26 - [TEST_STEP][PASSED] - n = n + 1: null

05-03-2025T09:45:26 - [TEST_STEP][PASSED] - saveWorkbook(excelFilePath, workbook01): null

05-03-2025T09:45:27 - [TEST_STEP][PASSED] - x = "": null

05-03-2025T09:45:27 - [TEST_STEP][PASSED] - y = "": null

05-03-2025T09:45:27 - [TEST_STEP][PASSED] - dZO = "Россети Томск": null

05-03-2025T09:45:27 - [TEST_STEP][PASSED] - if (verifyEqual(a310, b310) == false): Actual object '-58' and expected object '-58' are equal

05-03-2025T09:45:27 - [MESSAGE][PASSED] - Actual object '-58' and expected object '-58' are equal

05-03-2025T09:45:27 - [TEST_STEP][PASSED] - dZO = "Россети Тюмень": null

05-03-2025T09:45:27 - [TEST_STEP][PASSED] - if (verifyEqual(a311, b311) == false): Actual object '-1 104' and expected object '-1 104' are equal

05-03-2025T09:45:27 - [MESSAGE][PASSED] - Actual object '-1 104' and expected object '-1 104' are equal

05-03-2025T09:45:27 - [TEST_STEP][PASSED] - dZO = "Россети Урал (ГК)": null

05-03-2025T09:45:27 - [TEST_STEP][PASSED] - if (verifyEqual(a312, b312) == false): Actual object '-474' and expected object '-474' are equal

05-03-2025T09:45:27 - [MESSAGE][PASSED] - Actual object '-474' and expected object '-474' are equal

05-03-2025T09:45:27 - [TEST_STEP][PASSED] - dZO = "Россети ФСК ЕЭС": null

05-03-2025T09:45:27 - [TEST_STEP][PASSED] - if (verifyEqual(a313, b313) == false): Actual object '-59' and expected object '-59' are equal

05-03-2025T09:45:27 - [MESSAGE][PASSED] - Actual object '-59' and expected object '-59' are equal

05-03-2025T09:45:27 - [TEST_STEP][PASSED] - dZO = "Россети Центр": null

05-03-2025T09:45:27 - [TEST_STEP][PASSED] - if (verifyEqual(a314, b314) == false): Actual object '-675' and expected object '-675' are equal

05-03-2025T09:45:27 - [MESSAGE][PASSED] - Actual object '-675' and expected object '-675' are equal

05-03-2025T09:45:27 - [TEST_STEP][PASSED] - dZO = "Россети Центр и Приволжье (ГК)": null

05-03-2025T09:45:27 - [TEST_STEP][PASSED] - if (verifyEqual(a315, b315) == false): Actual object '13 055' and expected object '13 055' are equal

05-03-2025T09:45:27 - [MESSAGE][PASSED] - Actual object '13 055' and expected object '13 055' are equal

05-03-2025T09:45:27 - [TEST_STEP][PASSED] - dZO = "Россети Юг (ГК)": null

05-03-2025T09:45:27 - [TEST_STEP][FAILED] - if (verifyEqual(a316, b316) == false): null

05-03-2025T09:45:27 - [MESSAGE][FAILED] - Unable to verify equal between actual object '499' and expected object '-191' (Root cause: com.kms.katalon.core.exception.StepFailedException: Actual object '499' and expected object '-191' are not equal
	at com.kms.katalon.core.keyword.builtin.VerifyEqualKeyword$_verifyEqual_closure1.doCall(VerifyEqualKeyword.groovy:58)
	at com.kms.katalon.core.keyword.builtin.VerifyEqualKeyword$_verifyEqual_closure1.call(VerifyEqualKeyword.groovy)
	at com.kms.katalon.core.keyword.internal.KeywordMain.runKeyword(KeywordMain.groovy:75)
	at com.kms.katalon.core.keyword.builtin.VerifyEqualKeyword.verifyEqual(VerifyEqualKeyword.groovy:63)
	at com.kms.katalon.core.keyword.builtin.VerifyEqualKeyword.execute(VerifyEqualKeyword.groovy:44)
	at com.kms.katalon.core.keyword.internal.KeywordExecutor.executeKeywordForPlatform(KeywordExecutor.groovy:74)
	at com.kms.katalon.core.keyword.BuiltinKeywords.verifyEqual(BuiltinKeywords.groovy:146)
	at jdk.internal.reflect.GeneratedMethodAccessor25.invoke(Unknown Source)
	at java.base/jdk.internal.reflect.DelegatingMethodAccessorImpl.invoke(DelegatingMethodAccessorImpl.java:43)
	at Выручка в рублях сверка дашбордов ПАО Россети.Blocks(Выручка в рублях сверка дашбордов ПАО Россети:518)
	at Выручка в рублях сверка дашбордов ПАО Россети.ViruchkaChange(Выручка в рублях сверка дашбордов ПАО Россети:60)
	at Выручка в рублях сверка дашбордов ПАО Россети.run(Выручка в рублях сверка дашбордов ПАО Россети:55)
	at com.kms.katalon.core.main.ScriptEngine.run(ScriptEngine.java:194)
	at com.kms.katalon.core.main.ScriptEngine.runScriptAsRawText(ScriptEngine.java:119)
	at com.kms.katalon.core.main.TestCaseExecutor.runScript(TestCaseExecutor.java:448)
	at com.kms.katalon.core.main.TestCaseExecutor.doExecute(TestCaseExecutor.java:439)
	at com.kms.katalon.core.main.TestCaseExecutor.processExecutionPhase(TestCaseExecutor.java:418)
	at com.kms.katalon.core.main.TestCaseExecutor.accessMainPhase(TestCaseExecutor.java:410)
	at com.kms.katalon.core.main.TestCaseExecutor.execute(TestCaseExecutor.java:285)
	at com.kms.katalon.core.common.CommonExecutor.accessTestCaseMainPhase(CommonExecutor.java:65)
	at com.kms.katalon.core.main.TestSuiteExecutor.accessTestSuiteMainPhase(TestSuiteExecutor.java:150)
	at com.kms.katalon.core.main.TestSuiteExecutor.execute(TestSuiteExecutor.java:106)
	at com.kms.katalon.core.main.TestCaseMain.startTestSuite(TestCaseMain.java:180)
	at TempTestSuite1741155213601.run(TempTestSuite1741155213601.groovy:35)
	at java.base/jdk.internal.reflect.NativeMethodAccessorImpl.invoke0(Native Method)
	at java.base/jdk.internal.reflect.NativeMethodAccessorImpl.invoke(NativeMethodAccessorImpl.java:77)
	at java.base/jdk.internal.reflect.DelegatingMethodAccessorImpl.invoke(DelegatingMethodAccessorImpl.java:43)
)

05-03-2025T09:45:27 - [TEST_STEP][PASSED] - a = replaceAll("\s+", "").trim(): null

05-03-2025T09:45:27 - [TEST_STEP][PASSED] - b = replaceAll("\s+", "").trim(): null

05-03-2025T09:45:27 - [TEST_STEP][PASSED] - Script1710234207206.WriteToExcel(todaysDate, run, vir, block, typeOfData, viruchka, vidget, nameOfBlock, a, b, dZO, x, y): null

05-03-2025T09:45:27 - [TEST_STEP][PASSED] - println(run): null

05-03-2025T09:45:27 - [TEST_STEP][PASSED] - if (run == 1): null

05-03-2025T09:45:27 - [TEST_STEP][PASSED] - typeOfData = "Млн": null

05-03-2025T09:45:27 - [TEST_STEP][PASSED] - println("todaysDate:" + todaysDate): null

05-03-2025T09:45:27 - [TEST_STEP][PASSED] - println("typeOfData:" + typeOfData): null

05-03-2025T09:45:27 - [TEST_STEP][PASSED] - viruchka = getText(findTestObject("Выручка в рублях/Фильтр Выручка" + nameOfBlock)): Text of object 'Object Repository/Выручка в рублях/Фильтр Выручка Выручка' is: 'ПЕРЕДАЧА ЭЛЕКТРОЭНЕРГИИ (ИТОГО, по всем видам тарифа)'

05-03-2025T09:45:27 - [MESSAGE][PASSED] - Text of object 'Object Repository/Выручка в рублях/Фильтр Выручка Выручка' is: 'ПЕРЕДАЧА ЭЛЕКТРОЭНЕРГИИ (ИТОГО, по всем видам тарифа)'

05-03-2025T09:45:27 - [TEST_STEP][PASSED] - println("viruchka" + viruchka): null

05-03-2025T09:45:27 - [TEST_STEP][PASSED] - println("vidget" + vidget): null

05-03-2025T09:45:27 - [TEST_STEP][PASSED] - println("a" + a): null

05-03-2025T09:45:27 - [TEST_STEP][PASSED] - println("b" + b): null

05-03-2025T09:45:27 - [TEST_STEP][PASSED] - sheetName = "Sheet1": null

05-03-2025T09:45:27 - [TEST_STEP][PASSED] - data = findTestData("PlanFact"): null

05-03-2025T09:45:27 - [TEST_STEP][PASSED] - n = data.getRowNumbers() + 1: null

05-03-2025T09:45:27 - [TEST_STEP][PASSED] - period = getText(findTestObject("Выручка в рублях/Фильтр Период")).trim(): Text of object 'Object Repository/Выручка в рублях/Фильтр Период' is: 'Январь 2025 года'

05-03-2025T09:45:27 - [MESSAGE][PASSED] - Text of object 'Object Repository/Выручка в рублях/Фильтр Период' is: 'Январь 2025 года'

05-03-2025T09:45:27 - [TEST_STEP][PASSED] - println(period): null

05-03-2025T09:45:27 - [TEST_STEP][PASSED] - if (period.findAll("[а-яА-Я]") == false): null

05-03-2025T09:45:27 - [TEST_STEP][PASSED] - dashboardName = "Выручка в рублях": null

05-03-2025T09:45:27 - [TEST_STEP][PASSED] - if (a == ""): null

05-03-2025T09:45:27 - [TEST_STEP][PASSED] - else: null

05-03-2025T09:45:27 - [TEST_STEP][PASSED] - x = a.toDouble(): null

05-03-2025T09:45:27 - [TEST_STEP][PASSED] - if (b == ""): null

05-03-2025T09:45:27 - [TEST_STEP][PASSED] - else: null

05-03-2025T09:45:27 - [TEST_STEP][PASSED] - y = b.toDouble(): null

05-03-2025T09:45:27 - [TEST_STEP][PASSED] - workbook01 = getWorkbook(excelFilePath): null

05-03-2025T09:45:27 - [TEST_STEP][PASSED] - sheet01 = getExcelSheet(workbook01, sheetName): null

05-03-2025T09:45:27 - [TEST_STEP][PASSED] - setValueToCellByIndex(sheet01, n, 0, dashboardName): null

05-03-2025T09:45:27 - [TEST_STEP][PASSED] - setValueToCellByIndex(sheet01, n, 1, dZO): null

05-03-2025T09:45:27 - [TEST_STEP][PASSED] - setValueToCellByIndex(sheet01, n, 2, vidget): null

05-03-2025T09:45:27 - [TEST_STEP][PASSED] - setValueToCellByIndex(sheet01, n, 3, viruchka): null

05-03-2025T09:45:27 - [TEST_STEP][PASSED] - setValueToCellByIndex(sheet01, n, 4, typeOfData): null

05-03-2025T09:45:27 - [TEST_STEP][PASSED] - if (a == "нет данных"): null

05-03-2025T09:45:27 - [TEST_STEP][PASSED] - else: null

05-03-2025T09:45:27 - [TEST_STEP][PASSED] - setValueToCellByIndex(sheet01, n, 5, x): null

05-03-2025T09:45:27 - [TEST_STEP][PASSED] - if (b == "нет данных"): null

05-03-2025T09:45:27 - [TEST_STEP][PASSED] - else: null

05-03-2025T09:45:27 - [TEST_STEP][PASSED] - setValueToCellByIndex(sheet01, n, 6, y): null

05-03-2025T09:45:27 - [TEST_STEP][PASSED] - setValueToCellByIndex(sheet01, n, 7, period): null

05-03-2025T09:45:27 - [TEST_STEP][PASSED] - setValueToCellByIndex(sheet01, n, 8, todaysDate): null

05-03-2025T09:45:27 - [TEST_STEP][PASSED] - n = n + 1: null

05-03-2025T09:45:27 - [TEST_STEP][PASSED] - saveWorkbook(excelFilePath, workbook01): null

05-03-2025T09:45:28 - [TEST_STEP][PASSED] - x = "": null

05-03-2025T09:45:28 - [TEST_STEP][PASSED] - y = "": null

05-03-2025T09:45:28 - [TEST_STEP][PASSED] - dZO = "Россети Янтарь": null

05-03-2025T09:45:28 - [TEST_STEP][PASSED] - if (verifyEqual(a317, b317) == false): Actual object '-19' and expected object '-19' are equal

05-03-2025T09:45:28 - [MESSAGE][PASSED] - Actual object '-19' and expected object '-19' are equal

05-03-2025T09:45:28 - [TEST_STEP][PASSED] - closeBrowser(): null

05-03-2025T09:45:28 - [MESSAGE][PASSED] - Browser is closed

05-03-2025T09:45:28 - [TEST_STEP][PASSED] - Script1710234207206.Blocks(run, vir, block, nameOfBlock, typeOfData, viruchka, vidget, todaysDate, a, b, dZO, x, y): null

05-03-2025T09:45:28 - [TEST_STEP][PASSED] - i = <not implemented yet for class: org.codehaus.groovy.ast.expr.EmptyExpression>: null

05-03-2025T09:45:28 - [TEST_STEP][PASSED] - perc = "": null

05-03-2025T09:45:28 - [TEST_STEP][PASSED] - a1 = <not implemented yet for class: org.codehaus.groovy.ast.expr.EmptyExpression>: null

05-03-2025T09:45:28 - [TEST_STEP][PASSED] - a2 = <not implemented yet for class: org.codehaus.groovy.ast.expr.EmptyExpression>: null

05-03-2025T09:45:28 - [TEST_STEP][PASSED] - a30 = <not implemented yet for class: org.codehaus.groovy.ast.expr.EmptyExpression>: null

05-03-2025T09:45:28 - [TEST_STEP][PASSED] - a31 = <not implemented yet for class: org.codehaus.groovy.ast.expr.EmptyExpression>: null

05-03-2025T09:45:28 - [TEST_STEP][PASSED] - a32 = <not implemented yet for class: org.codehaus.groovy.ast.expr.EmptyExpression>: null

05-03-2025T09:45:28 - [TEST_STEP][PASSED] - a33 = <not implemented yet for class: org.codehaus.groovy.ast.expr.EmptyExpression>: null

05-03-2025T09:45:28 - [TEST_STEP][PASSED] - a34 = <not implemented yet for class: org.codehaus.groovy.ast.expr.EmptyExpression>: null

05-03-2025T09:45:28 - [TEST_STEP][PASSED] - a35 = <not implemented yet for class: org.codehaus.groovy.ast.expr.EmptyExpression>: null

05-03-2025T09:45:28 - [TEST_STEP][PASSED] - a36 = <not implemented yet for class: org.codehaus.groovy.ast.expr.EmptyExpression>: null

05-03-2025T09:45:28 - [TEST_STEP][PASSED] - a37 = <not implemented yet for class: org.codehaus.groovy.ast.expr.EmptyExpression>: null

05-03-2025T09:45:28 - [TEST_STEP][PASSED] - a38 = <not implemented yet for class: org.codehaus.groovy.ast.expr.EmptyExpression>: null

05-03-2025T09:45:28 - [TEST_STEP][PASSED] - a39 = <not implemented yet for class: org.codehaus.groovy.ast.expr.EmptyExpression>: null

05-03-2025T09:45:28 - [TEST_STEP][PASSED] - a310 = <not implemented yet for class: org.codehaus.groovy.ast.expr.EmptyExpression>: null

05-03-2025T09:45:28 - [TEST_STEP][PASSED] - a311 = <not implemented yet for class: org.codehaus.groovy.ast.expr.EmptyExpression>: null

05-03-2025T09:45:28 - [TEST_STEP][PASSED] - a312 = <not implemented yet for class: org.codehaus.groovy.ast.expr.EmptyExpression>: null

05-03-2025T09:45:28 - [TEST_STEP][PASSED] - a313 = <not implemented yet for class: org.codehaus.groovy.ast.expr.EmptyExpression>: null

05-03-2025T09:45:28 - [TEST_STEP][PASSED] - a314 = <not implemented yet for class: org.codehaus.groovy.ast.expr.EmptyExpression>: null

05-03-2025T09:45:28 - [TEST_STEP][PASSED] - a315 = <not implemented yet for class: org.codehaus.groovy.ast.expr.EmptyExpression>: null

05-03-2025T09:45:28 - [TEST_STEP][PASSED] - a316 = <not implemented yet for class: org.codehaus.groovy.ast.expr.EmptyExpression>: null

05-03-2025T09:45:28 - [TEST_STEP][PASSED] - a317 = <not implemented yet for class: org.codehaus.groovy.ast.expr.EmptyExpression>: null

05-03-2025T09:45:28 - [TEST_STEP][PASSED] - b1 = <not implemented yet for class: org.codehaus.groovy.ast.expr.EmptyExpression>: null

05-03-2025T09:45:28 - [TEST_STEP][PASSED] - b2 = <not implemented yet for class: org.codehaus.groovy.ast.expr.EmptyExpression>: null

05-03-2025T09:45:28 - [TEST_STEP][PASSED] - b30 = <not implemented yet for class: org.codehaus.groovy.ast.expr.EmptyExpression>: null

05-03-2025T09:45:28 - [TEST_STEP][PASSED] - b31 = <not implemented yet for class: org.codehaus.groovy.ast.expr.EmptyExpression>: null

05-03-2025T09:45:28 - [TEST_STEP][PASSED] - b32 = <not implemented yet for class: org.codehaus.groovy.ast.expr.EmptyExpression>: null

05-03-2025T09:45:28 - [TEST_STEP][PASSED] - b33 = <not implemented yet for class: org.codehaus.groovy.ast.expr.EmptyExpression>: null

05-03-2025T09:45:28 - [TEST_STEP][PASSED] - b34 = <not implemented yet for class: org.codehaus.groovy.ast.expr.EmptyExpression>: null

05-03-2025T09:45:28 - [TEST_STEP][PASSED] - b35 = <not implemented yet for class: org.codehaus.groovy.ast.expr.EmptyExpression>: null

05-03-2025T09:45:28 - [TEST_STEP][PASSED] - b36 = <not implemented yet for class: org.codehaus.groovy.ast.expr.EmptyExpression>: null

05-03-2025T09:45:28 - [TEST_STEP][PASSED] - b37 = <not implemented yet for class: org.codehaus.groovy.ast.expr.EmptyExpression>: null

05-03-2025T09:45:28 - [TEST_STEP][PASSED] - b38 = <not implemented yet for class: org.codehaus.groovy.ast.expr.EmptyExpression>: null

05-03-2025T09:45:28 - [TEST_STEP][PASSED] - b39 = <not implemented yet for class: org.codehaus.groovy.ast.expr.EmptyExpression>: null

05-03-2025T09:45:28 - [TEST_STEP][PASSED] - b310 = <not implemented yet for class: org.codehaus.groovy.ast.expr.EmptyExpression>: null

05-03-2025T09:45:28 - [TEST_STEP][PASSED] - b311 = <not implemented yet for class: org.codehaus.groovy.ast.expr.EmptyExpression>: null

05-03-2025T09:45:28 - [TEST_STEP][PASSED] - b312 = <not implemented yet for class: org.codehaus.groovy.ast.expr.EmptyExpression>: null

05-03-2025T09:45:28 - [TEST_STEP][PASSED] - b313 = <not implemented yet for class: org.codehaus.groovy.ast.expr.EmptyExpression>: null

05-03-2025T09:45:28 - [TEST_STEP][PASSED] - b314 = <not implemented yet for class: org.codehaus.groovy.ast.expr.EmptyExpression>: null

05-03-2025T09:45:28 - [TEST_STEP][PASSED] - b315 = <not implemented yet for class: org.codehaus.groovy.ast.expr.EmptyExpression>: null

05-03-2025T09:45:28 - [TEST_STEP][PASSED] - b316 = <not implemented yet for class: org.codehaus.groovy.ast.expr.EmptyExpression>: null

05-03-2025T09:45:28 - [TEST_STEP][PASSED] - b317 = <not implemented yet for class: org.codehaus.groovy.ast.expr.EmptyExpression>: null

05-03-2025T09:45:28 - [TEST_STEP][PASSED] - block = 1: null

05-03-2025T09:45:28 - [TEST_STEP][PASSED] - nameOfBlock = "": null

05-03-2025T09:45:28 - [TEST_STEP][PASSED] - Script1710234207206.PreSettings(run, vir, block, nameOfBlock, typeOfData, todaysDate): null

05-03-2025T09:45:28 - [TEST_STEP][PASSED] - openBrowser(""): Browser is opened with url: ''

05-03-2025T09:45:28 - [MESSAGE][INFO] - Starting 'Chrome' driver

05-03-2025T09:45:28 - [MESSAGE][INFO] - Action delay is set to 0 milliseconds

05-03-2025T09:45:29 - [MESSAGE][PASSED] - Browser is opened with url: ''

05-03-2025T09:45:29 - [TEST_STEP][PASSED] - refresh(): Refresh successfully

05-03-2025T09:45:29 - [MESSAGE][PASSED] - Refresh successfully

05-03-2025T09:45:29 - [TEST_STEP][PASSED] - delay(50): Delayed 50 second(s)

05-03-2025T09:46:19 - [MESSAGE][PASSED] - Delayed 50 second(s)

05-03-2025T09:46:19 - [TEST_STEP][PASSED] - println("run:" + run): null

05-03-2025T09:46:19 - [TEST_STEP][PASSED] - println("vir:" + vir): null

05-03-2025T09:46:19 - [TEST_STEP][PASSED] - println("block:" + block): null

05-03-2025T09:46:19 - [TEST_STEP][PASSED] - if (block == 1): null

05-03-2025T09:46:19 - [TEST_STEP][PASSED] - nameOfBlock = "": null

05-03-2025T09:46:19 - [TEST_STEP][PASSED] - println("nameOfBlock:" + nameOfBlock): null

05-03-2025T09:46:19 - [TEST_STEP][PASSED] - println("typeOfData:" + typeOfData): null

05-03-2025T09:46:19 - [TEST_STEP][PASSED] - println("todaysDate:" + todaysDate): null

05-03-2025T09:46:19 - [TEST_STEP][PASSED] - Script1710234207206.Autorization(block, nameOfBlock): null

05-03-2025T09:46:19 - [TEST_STEP][PASSED] - i = <not implemented yet for class: org.codehaus.groovy.ast.expr.EmptyExpression>: null

05-03-2025T09:46:19 - [TEST_STEP][PASSED] - ii = <not implemented yet for class: org.codehaus.groovy.ast.expr.EmptyExpression>: null

05-03-2025T09:46:19 - [TEST_STEP][PASSED] - urlData = <not implemented yet for class: org.codehaus.groovy.ast.expr.EmptyExpression>: null

05-03-2025T09:46:19 - [TEST_STEP][PASSED] - searchWord = <not implemented yet for class: org.codehaus.groovy.ast.expr.EmptyExpression>: null

05-03-2025T09:46:19 - [TEST_STEP][PASSED] - urlText = <not implemented yet for class: org.codehaus.groovy.ast.expr.EmptyExpression>: null

05-03-2025T09:46:19 - [TEST_STEP][PASSED] - println("block:" + block): null

05-03-2025T09:46:19 - [TEST_STEP][PASSED] - if (block == 1): null

05-03-2025T09:46:19 - [TEST_STEP][PASSED] - nameOfBlock = "": null

05-03-2025T09:46:19 - [TEST_STEP][PASSED] - println("nameOfBlock:" + nameOfBlock): null

05-03-2025T09:46:19 - [TEST_STEP][PASSED] - if (block == 1): Delayed 45 second(s)

05-03-2025T09:46:19 - [TEST_STEP][PASSED] - urlData = 2: null

05-03-2025T09:46:19 - [TEST_STEP][PASSED] - delay(45): Delayed 45 second(s)

05-03-2025T09:47:04 - [MESSAGE][PASSED] - Delayed 45 second(s)

05-03-2025T09:47:04 - [TEST_STEP][PASSED] - navigateToUrl(findTestData("PlanFact").getValue(10, urlData)): Navigate to 'https://bi.rosseti.digital/viewer?dashboardGuid=2301950b23be4ed89c1df75f2020051e&sheetGuid=b723206f698544fb87299f3095c00435&fit=true' successfully

05-03-2025T09:47:08 - [MESSAGE][PASSED] - Navigate to 'https://bi.rosseti.digital/viewer?dashboardGuid=2301950b23be4ed89c1df75f2020051e&sheetGuid=b723206f698544fb87299f3095c00435&fit=true' successfully

05-03-2025T09:47:08 - [TEST_STEP][PASSED] - urlText = getText(findTestObject("Страница авторизации/Text")): Text of object 'Object Repository/Страница авторизации/Text' is: 'Вход'

05-03-2025T09:47:09 - [MESSAGE][PASSED] - Text of object 'Object Repository/Страница авторизации/Text' is: 'Вход'

05-03-2025T09:47:09 - [TEST_STEP][PASSED] - searchWord = "Вход": null

05-03-2025T09:47:09 - [TEST_STEP][PASSED] - if (urlText == null || urlText.contains("ошибка") || urlText.contains(searchWord) == false): null

05-03-2025T09:47:09 - [TEST_STEP][PASSED] - if (verifyElementPresent(findTestObject("Страница авторизации/button_"), 30) == true): null

05-03-2025T09:47:10 - [MESSAGE][PASSED] - Object 'Object Repository/Страница авторизации/button_' is present

05-03-2025T09:47:10 - [TEST_STEP][PASSED] - setText(findTestObject("Страница авторизации/input__username"), findTestData("PlanFact").getValue(8, 1)): Text 'liazgina-di' is set on object 'Object Repository/Страница авторизации/input__username'

05-03-2025T09:47:10 - [MESSAGE][PASSED] - Text 'liazgina-di' is set on object 'Object Repository/Страница авторизации/input__username'

05-03-2025T09:47:10 - [TEST_STEP][PASSED] - setText(findTestObject("Страница авторизации/input__password"), findTestData("PlanFact").getValue(9, 1)): Text ')$%5srZ8o688Dm#q' is set on object 'Object Repository/Страница авторизации/input__password'

05-03-2025T09:47:11 - [MESSAGE][PASSED] - Text ')$%5srZ8o688Dm#q' is set on object 'Object Repository/Страница авторизации/input__password'

05-03-2025T09:47:11 - [TEST_STEP][PASSED] - click(findTestObject("Страница авторизации/button_")): Object: 'Object Repository/Страница авторизации/button_' is clicked on

05-03-2025T09:47:12 - [MESSAGE][PASSED] - Object: 'Object Repository/Страница авторизации/button_' is clicked on

05-03-2025T09:47:12 - [TEST_STEP][PASSED] - delay(45): Delayed 45 second(s)

05-03-2025T09:47:57 - [MESSAGE][PASSED] - Delayed 45 second(s)

05-03-2025T09:47:57 - [TEST_STEP][PASSED] - urlText = getText(findTestObject("Страница авторизации/Text")): Text of object 'Object Repository/Страница авторизации/Text' is: 'Период
Январь 2025 года
Выручка
Все
Выполнение плановых показателей по ПАО Россети за Январь 2025 года
План
Факт
Динамика
2025 год
0 млн.руб.
20 000 млн.руб.
40 000 млн.руб.
60 000 млн.руб.
80 000 млн.руб.
100 000 млн.руб.
120 000 млн.руб.
140 000 млн.руб.
160 000 млн.руб.
180 000 млн.руб.
200 000 млн.руб.
121 309
157 865
↑
ДЗО 
ПАО Россети
Внутренний оборот - выручка за услуги по передаче электрической энергии, учтенная в выручке за электроэнергию для конечных потребителей, при выполнении ДЗО функций гарантирующего поставщика
Подписи данных
⬤Отклонение
АО "РЭС"
АО «Тываэнерго»
АО «Чеченэнерго»
Россети Волга
Россети Кубань
Россети Ленэнерго (ГК)
Россети Московский регион
Россети Северный Кавказ (ГК)
Россети Северо-Запад
Россети Сибирь (ГК)
Россети Томск
Россети Тюмень
Россети Урал (ГК)
Россети ФСК ЕЭС
Россети Центр
Россети Центр и Приволжье (ГК)
Россети Юг (ГК)
Россети Янтарь
-2 000 млн.руб.
0 млн.руб.
2 000 млн.руб.
4 000 млн.руб.
6 000 млн.руб.
8 000 млн.руб.
10 000 млн.руб.
12 000 млн.руб.
14 000 млн.руб.
-73
274
463
1 630
-54
-403
8 709
3 799
-251
11 296
-58
-1 104
-474
-59
-675
13 055
500
-19
млн.
%
Выручка
Отклонение выручки по ПАО Россети за Январь 2025 года (факт/план, млн. руб)
ПАО Россети
36 556 млн.руб.
 '

05-03-2025T09:47:58 - [MESSAGE][PASSED] - Text of object 'Object Repository/Страница авторизации/Text' is: 'Период
Январь 2025 года
Выручка
Все
Выполнение плановых показателей по ПАО Россети за Январь 2025 года
План
Факт
Динамика
2025 год
0 млн.руб.
20 000 млн.руб.
40 000 млн.руб.
60 000 млн.руб.
80 000 млн.руб.
100 000 млн.руб.
120 000 млн.руб.
140 000 млн.руб.
160 000 млн.руб.
180 000 млн.руб.
200 000 млн.руб.
121 309
157 865
↑
ДЗО 
ПАО Россети
Внутренний оборот - выручка за услуги по передаче электрической энергии, учтенная в выручке за электроэнергию для конечных потребителей, при выполнении ДЗО функций гарантирующего поставщика
Подписи данных
⬤Отклонение
АО "РЭС"
АО «Тываэнерго»
АО «Чеченэнерго»
Россети Волга
Россети Кубань
Россети Ленэнерго (ГК)
Россети Московский регион
Россети Северный Кавказ (ГК)
Россети Северо-Запад
Россети Сибирь (ГК)
Россети Томск
Россети Тюмень
Россети Урал (ГК)
Россети ФСК ЕЭС
Россети Центр
Россети Центр и Приволжье (ГК)
Россети Юг (ГК)
Россети Янтарь
-2 000 млн.руб.
0 млн.руб.
2 000 млн.руб.
4 000 млн.руб.
6 000 млн.руб.
8 000 млн.руб.
10 000 млн.руб.
12 000 млн.руб.
14 000 млн.руб.
-73
274
463
1 630
-54
-403
8 709
3 799
-251
11 296
-58
-1 104
-474
-59
-675
13 055
500
-19
млн.
%
Выручка
Отклонение выручки по ПАО Россети за Январь 2025 года (факт/план, млн. руб)
ПАО Россети
36 556 млн.руб.
 '

05-03-2025T09:47:58 - [TEST_STEP][PASSED] - searchWord = "а": null

05-03-2025T09:47:58 - [TEST_STEP][PASSED] - if (urlText.contains("ошибка") || urlText.contains(searchWord) == false): null

05-03-2025T09:47:58 - [TEST_STEP][PASSED] - delay(45): Delayed 45 second(s)

05-03-2025T09:48:43 - [MESSAGE][PASSED] - Delayed 45 second(s)

05-03-2025T09:48:43 - [TEST_STEP][PASSED] - if (block == 2): null

05-03-2025T09:48:43 - [TEST_STEP][PASSED] - click(findTestObject("Выручка в рублях/Фильтр Период" + nameOfBlock)): Object: 'Object Repository/Выручка в рублях/Фильтр Период' is clicked on

05-03-2025T09:48:43 - [MESSAGE][PASSED] - Object: 'Object Repository/Выручка в рублях/Фильтр Период' is clicked on

05-03-2025T09:48:43 - [TEST_STEP][PASSED] - click(findTestObject("Выручка в рублях/Снять выделение в фильтре Дата" + nameOfBlock)): Object: 'Object Repository/Выручка в рублях/Снять выделение в фильтре Дата' is clicked on

05-03-2025T09:48:44 - [MESSAGE][PASSED] - Object: 'Object Repository/Выручка в рублях/Снять выделение в фильтре Дата' is clicked on

05-03-2025T09:48:44 - [TEST_STEP][PASSED] - click(findTestObject("Выручка в рублях/Применить в фильтре Дата" + nameOfBlock)): Object: 'Object Repository/Выручка в рублях/Применить в фильтре Дата' is clicked on

05-03-2025T09:48:44 - [MESSAGE][PASSED] - Object: 'Object Repository/Выручка в рублях/Применить в фильтре Дата' is clicked on

05-03-2025T09:48:44 - [TEST_STEP][PASSED] - delay(50): Delayed 50 second(s)

05-03-2025T09:49:34 - [MESSAGE][PASSED] - Delayed 50 second(s)

05-03-2025T09:49:34 - [TEST_STEP][PASSED] - click(findTestObject("Выручка в рублях/Фильтр Период" + nameOfBlock)): Object: 'Object Repository/Выручка в рублях/Фильтр Период' is clicked on

05-03-2025T09:49:34 - [MESSAGE][PASSED] - Object: 'Object Repository/Выручка в рублях/Фильтр Период' is clicked on

05-03-2025T09:49:34 - [TEST_STEP][PASSED] - click(findTestObject("Выручка в рублях/Снять выделение в фильтре Дата" + nameOfBlock)): Object: 'Object Repository/Выручка в рублях/Снять выделение в фильтре Дата' is clicked on

05-03-2025T09:49:35 - [MESSAGE][PASSED] - Object: 'Object Repository/Выручка в рублях/Снять выделение в фильтре Дата' is clicked on

05-03-2025T09:49:35 - [TEST_STEP][PASSED] - scrollToElement(findTestObject("Выручка в рублях/2025 список" + nameOfBlock), 30): Scroll to object 'Object Repository/Выручка в рублях/2025 список' successfully

05-03-2025T09:49:35 - [MESSAGE][PASSED] - Scroll to object 'Object Repository/Выручка в рублях/2025 список' successfully

05-03-2025T09:49:35 - [TEST_STEP][PASSED] - click(findTestObject("Выручка в рублях/2025 список" + nameOfBlock)): Object: 'Object Repository/Выручка в рублях/2025 список' is clicked on

05-03-2025T09:49:36 - [MESSAGE][PASSED] - Object: 'Object Repository/Выручка в рублях/2025 список' is clicked on

05-03-2025T09:49:36 - [TEST_STEP][PASSED] - scrollToElement(findTestObject("Выручка в рублях/1 квартал 2025 список Выручка"), 30): Scroll to object 'Object Repository/Выручка в рублях/1 квартал 2025 список Выручка' successfully

05-03-2025T09:49:36 - [MESSAGE][PASSED] - Scroll to object 'Object Repository/Выручка в рублях/1 квартал 2025 список Выручка' successfully

05-03-2025T09:49:36 - [TEST_STEP][PASSED] - click(findTestObject("Выручка в рублях/1 квартал 2025 список" + nameOfBlock)): Object: 'Object Repository/Выручка в рублях/1 квартал 2025 список' is clicked on

05-03-2025T09:49:36 - [MESSAGE][PASSED] - Object: 'Object Repository/Выручка в рублях/1 квартал 2025 список' is clicked on

05-03-2025T09:49:36 - [TEST_STEP][PASSED] - scrollToElement(findTestObject("Выручка в рублях/Январь 2025" + nameOfBlock), 30): Scroll to object 'Object Repository/Выручка в рублях/Январь 2025' successfully

05-03-2025T09:49:37 - [MESSAGE][PASSED] - Scroll to object 'Object Repository/Выручка в рублях/Январь 2025' successfully

05-03-2025T09:49:37 - [TEST_STEP][PASSED] - click(findTestObject("Выручка в рублях/Январь 2025" + nameOfBlock)): Object: 'Object Repository/Выручка в рублях/Январь 2025' is clicked on

05-03-2025T09:49:37 - [MESSAGE][PASSED] - Object: 'Object Repository/Выручка в рублях/Январь 2025' is clicked on

05-03-2025T09:49:37 - [TEST_STEP][PASSED] - scrollToElement(findTestObject("Выручка в рублях/Заголовок дашборда" + nameOfBlock), 30): Scroll to object 'Object Repository/Выручка в рублях/Заголовок дашборда' successfully

05-03-2025T09:49:38 - [MESSAGE][PASSED] - Scroll to object 'Object Repository/Выручка в рублях/Заголовок дашборда' successfully

05-03-2025T09:49:38 - [TEST_STEP][PASSED] - click(findTestObject("Выручка в рублях/Применить в фильтре Дата" + nameOfBlock)): Object: 'Object Repository/Выручка в рублях/Применить в фильтре Дата' is clicked on

05-03-2025T09:49:38 - [MESSAGE][PASSED] - Object: 'Object Repository/Выручка в рублях/Применить в фильтре Дата' is clicked on

05-03-2025T09:49:38 - [TEST_STEP][PASSED] - delay(55): Delayed 55 second(s)

05-03-2025T09:50:33 - [MESSAGE][PASSED] - Delayed 55 second(s)

05-03-2025T09:50:33 - [TEST_STEP][PASSED] - click(findTestObject("Выручка в рублях/Фильтр ДЗО" + nameOfBlock)): Object: 'Object Repository/Выручка в рублях/Фильтр ДЗО' is clicked on

05-03-2025T09:50:33 - [MESSAGE][PASSED] - Object: 'Object Repository/Выручка в рублях/Фильтр ДЗО' is clicked on

05-03-2025T09:50:33 - [TEST_STEP][PASSED] - click(findTestObject("Выручка в рублях/Снять выделение в фильтре ДЗО" + nameOfBlock)): Object: 'Object Repository/Выручка в рублях/Снять выделение в фильтре ДЗО' is clicked on

05-03-2025T09:50:34 - [MESSAGE][PASSED] - Object: 'Object Repository/Выручка в рублях/Снять выделение в фильтре ДЗО' is clicked on

05-03-2025T09:50:34 - [TEST_STEP][PASSED] - click(findTestObject("Выручка в рублях/Применить в фильтре ДЗО" + nameOfBlock)): Object: 'Object Repository/Выручка в рублях/Применить в фильтре ДЗО' is clicked on

05-03-2025T09:50:35 - [MESSAGE][PASSED] - Object: 'Object Repository/Выручка в рублях/Применить в фильтре ДЗО' is clicked on

05-03-2025T09:50:35 - [TEST_STEP][PASSED] - delay(50): Delayed 50 second(s)

05-03-2025T09:51:25 - [MESSAGE][PASSED] - Delayed 50 second(s)

05-03-2025T09:51:25 - [TEST_STEP][PASSED] - Script1710234207206.Tumbler(run, vir, block, nameOfBlock): null

05-03-2025T09:51:25 - [TEST_STEP][PASSED] - println("run:" + run): null

05-03-2025T09:51:25 - [TEST_STEP][PASSED] - println("vir:" + vir): null

05-03-2025T09:51:25 - [TEST_STEP][PASSED] - println("block:" + block): null

05-03-2025T09:51:25 - [TEST_STEP][PASSED] - println("nameOfBlock:" + nameOfBlock): null

05-03-2025T09:51:25 - [TEST_STEP][PASSED] - if (vir == 1): null

05-03-2025T09:51:25 - [TEST_STEP][PASSED] - else if (vir == 2): null

05-03-2025T09:51:25 - [TEST_STEP][PASSED] - else if (vir == 3): Object: 'Object Repository/Выручка в рублях/Применить в фильтре Выручка' is clicked on

05-03-2025T09:51:25 - [TEST_STEP][PASSED] - if (run == 2): null

05-03-2025T09:51:25 - [TEST_STEP][PASSED] - click(findTestObject("Выручка в рублях/Фильтр Выручка" + nameOfBlock)): Object: 'Object Repository/Выручка в рублях/Фильтр Выручка' is clicked on

05-03-2025T09:51:25 - [MESSAGE][PASSED] - Object: 'Object Repository/Выручка в рублях/Фильтр Выручка' is clicked on

05-03-2025T09:51:25 - [TEST_STEP][PASSED] - click(findTestObject("Выручка в рублях/Внутренний оборот в фильтре Выручка" + nameOfBlock)): Object: 'Object Repository/Выручка в рублях/Внутренний оборот в фильтре Выручка' is clicked on

05-03-2025T09:51:25 - [MESSAGE][PASSED] - Object: 'Object Repository/Выручка в рублях/Внутренний оборот в фильтре Выручка' is clicked on

05-03-2025T09:51:25 - [TEST_STEP][PASSED] - click(findTestObject("Выручка в рублях/Применить в фильтре Выручка" + nameOfBlock)): Object: 'Object Repository/Выручка в рублях/Применить в фильтре Выручка' is clicked on

05-03-2025T09:51:26 - [MESSAGE][PASSED] - Object: 'Object Repository/Выручка в рублях/Применить в фильтре Выручка' is clicked on

05-03-2025T09:51:26 - [TEST_STEP][PASSED] - click(findTestObject("Выручка в рублях/Фильтр ДЗО" + nameOfBlock)): Object: 'Object Repository/Выручка в рублях/Фильтр ДЗО' is clicked on

05-03-2025T09:51:27 - [MESSAGE][PASSED] - Object: 'Object Repository/Выручка в рублях/Фильтр ДЗО' is clicked on

05-03-2025T09:51:27 - [TEST_STEP][PASSED] - Script1710234207206.Rosseti(nameOfBlock): null

05-03-2025T09:51:27 - [TEST_STEP][PASSED] - println("nameOfBlock:" + nameOfBlock): null

05-03-2025T09:51:27 - [TEST_STEP][PASSED] - click(findTestObject("Выручка в рублях/ПАО Россети" + nameOfBlock)): Object: 'Object Repository/Выручка в рублях/ПАО Россети' is clicked on

05-03-2025T09:51:28 - [MESSAGE][PASSED] - Object: 'Object Repository/Выручка в рублях/ПАО Россети' is clicked on

05-03-2025T09:51:28 - [TEST_STEP][PASSED] - click(findTestObject("Выручка в рублях/Применить в фильтре ДЗО" + nameOfBlock)): Object: 'Object Repository/Выручка в рублях/Применить в фильтре ДЗО' is clicked on

05-03-2025T09:51:28 - [MESSAGE][PASSED] - Object: 'Object Repository/Выручка в рублях/Применить в фильтре ДЗО' is clicked on

05-03-2025T09:51:28 - [TEST_STEP][PASSED] - if (run == 2): null

05-03-2025T09:51:28 - [TEST_STEP][PASSED] - if (vir == 1 || vir == 2): null

05-03-2025T09:51:28 - [TEST_STEP][PASSED] - else: Text of object 'Object Repository/Выручка в рублях/vir3Plan' is: '54'

05-03-2025T09:51:28 - [TEST_STEP][PASSED] - a1 = getText(findTestObject("Выручка в рублях/vir3Plan")): Text of object 'Object Repository/Выручка в рублях/vir3Plan' is: '54'

05-03-2025T09:51:29 - [MESSAGE][PASSED] - Text of object 'Object Repository/Выручка в рублях/vir3Plan' is: '54'

05-03-2025T09:51:29 - [TEST_STEP][PASSED] - if (vir == 1 || vir == 2): null

05-03-2025T09:51:29 - [TEST_STEP][PASSED] - else: Text of object 'Object Repository/Выручка в рублях/vir3Fact' is: '2 402'

05-03-2025T09:51:29 - [TEST_STEP][PASSED] - a2 = getText(findTestObject("Выручка в рублях/vir3Fact")): Text of object 'Object Repository/Выручка в рублях/vir3Fact' is: '2 402'

05-03-2025T09:51:30 - [MESSAGE][PASSED] - Text of object 'Object Repository/Выручка в рублях/vir3Fact' is: '2 402'

05-03-2025T09:51:30 - [TEST_STEP][PASSED] - a30 = getText(findTestObject("Выручка в рублях/span1" + perc)): Text of object 'Object Repository/Выручка в рублях/span1' is: '2 348.5 млн.руб.'

05-03-2025T09:51:30 - [MESSAGE][PASSED] - Text of object 'Object Repository/Выручка в рублях/span1' is: '2 348.5 млн.руб.'

05-03-2025T09:51:30 - [TEST_STEP][PASSED] - i = a30.indexOf("млн.руб."): null

05-03-2025T09:51:30 - [TEST_STEP][PASSED] - if (i > -1): null

05-03-2025T09:51:30 - [TEST_STEP][PASSED] - a30 = a30.substring(0, i): null

05-03-2025T09:51:30 - [TEST_STEP][PASSED] - a30 = a30.replaceAll(" ", ""): null

05-03-2025T09:51:30 - [TEST_STEP][PASSED] - if (a30.contains("%")): null

05-03-2025T09:51:30 - [TEST_STEP][PASSED] - a30 = ").trim(): null

05-03-2025T09:51:30 - [TEST_STEP][PASSED] - println("a30: " + a30): null

05-03-2025T09:51:30 - [TEST_STEP][PASSED] - if (vir == 1 || vir == 2): null

05-03-2025T09:51:30 - [TEST_STEP][PASSED] - else: Text of object 'Object Repository/Выручка в рублях/span15' is: '159'

05-03-2025T09:51:30 - [TEST_STEP][PASSED] - a31 = ").trim(): Text of object 'Object Repository/Выручка в рублях/span15' is: '159'

05-03-2025T09:51:30 - [MESSAGE][PASSED] - Text of object 'Object Repository/Выручка в рублях/span15' is: '159'

05-03-2025T09:51:30 - [TEST_STEP][PASSED] - if (vir == 1 || vir == 2): null

05-03-2025T09:51:30 - [TEST_STEP][PASSED] - else: Text of object 'Object Repository/Выручка в рублях/span16' is: '463'

05-03-2025T09:51:30 - [TEST_STEP][PASSED] - a32 = ").trim(): Text of object 'Object Repository/Выручка в рублях/span16' is: '463'

05-03-2025T09:51:31 - [MESSAGE][PASSED] - Text of object 'Object Repository/Выручка в рублях/span16' is: '463'

05-03-2025T09:51:31 - [TEST_STEP][PASSED] - if (vir == 1 || vir == 2): null

05-03-2025T09:51:31 - [TEST_STEP][PASSED] - else: Text of object 'Object Repository/Выручка в рублях/span17' is: '1 727'

05-03-2025T09:51:31 - [TEST_STEP][PASSED] - a37 = ").trim(): Text of object 'Object Repository/Выручка в рублях/span17' is: '1 727'

05-03-2025T09:51:31 - [MESSAGE][PASSED] - Text of object 'Object Repository/Выручка в рублях/span17' is: '1 727'

05-03-2025T09:51:31 - [TEST_STEP][PASSED] - if (vir == 1 || vir == 2): null

05-03-2025T09:51:31 - [TEST_STEP][PASSED] - else: Text of object 'Object Repository/Выручка в рублях/span18' is: '0'

05-03-2025T09:51:31 - [TEST_STEP][PASSED] - a316 = ").trim(): Text of object 'Object Repository/Выручка в рублях/span18' is: '0'

05-03-2025T09:51:31 - [MESSAGE][PASSED] - Text of object 'Object Repository/Выручка в рублях/span18' is: '0'

05-03-2025T09:51:31 - [TEST_STEP][PASSED] - if (vir == 1 || vir == 2): null

05-03-2025T09:51:31 - [TEST_STEP][PASSED] - block = 2: null

05-03-2025T09:51:31 - [TEST_STEP][PASSED] - nameOfBlock = " Выручка": null

05-03-2025T09:51:31 - [TEST_STEP][PASSED] - Script1710234207206.PreSettings(run, vir, block, nameOfBlock, typeOfData, todaysDate): null

05-03-2025T09:51:31 - [TEST_STEP][PASSED] - openBrowser(""): Browser is opened with url: ''

05-03-2025T09:51:31 - [MESSAGE][WARNING] - A browser is already opened. Closing browser and opening a new one

05-03-2025T09:51:31 - [MESSAGE][INFO] - Starting 'Chrome' driver

05-03-2025T09:51:31 - [MESSAGE][INFO] - Action delay is set to 0 milliseconds

05-03-2025T09:51:32 - [MESSAGE][PASSED] - Browser is opened with url: ''

05-03-2025T09:51:32 - [TEST_STEP][PASSED] - refresh(): Refresh successfully

05-03-2025T09:51:33 - [MESSAGE][PASSED] - Refresh successfully

05-03-2025T09:51:33 - [TEST_STEP][PASSED] - delay(50): Delayed 50 second(s)

05-03-2025T09:52:23 - [MESSAGE][PASSED] - Delayed 50 second(s)

05-03-2025T09:52:23 - [TEST_STEP][PASSED] - println("run:" + run): null

05-03-2025T09:52:23 - [TEST_STEP][PASSED] - println("vir:" + vir): null

05-03-2025T09:52:23 - [TEST_STEP][PASSED] - println("block:" + block): null

05-03-2025T09:52:23 - [TEST_STEP][PASSED] - if (block == 1): null

05-03-2025T09:52:23 - [TEST_STEP][PASSED] - else: null

05-03-2025T09:52:23 - [TEST_STEP][PASSED] - nameOfBlock = " Выручка": null

05-03-2025T09:52:23 - [TEST_STEP][PASSED] - println("nameOfBlock:" + nameOfBlock): null

05-03-2025T09:52:23 - [TEST_STEP][PASSED] - println("typeOfData:" + typeOfData): null

05-03-2025T09:52:23 - [TEST_STEP][PASSED] - println("todaysDate:" + todaysDate): null

05-03-2025T09:52:23 - [TEST_STEP][PASSED] - Script1710234207206.Autorization(block, nameOfBlock): null

05-03-2025T09:52:23 - [TEST_STEP][PASSED] - i = <not implemented yet for class: org.codehaus.groovy.ast.expr.EmptyExpression>: null

05-03-2025T09:52:23 - [TEST_STEP][PASSED] - ii = <not implemented yet for class: org.codehaus.groovy.ast.expr.EmptyExpression>: null

05-03-2025T09:52:23 - [TEST_STEP][PASSED] - urlData = <not implemented yet for class: org.codehaus.groovy.ast.expr.EmptyExpression>: null

05-03-2025T09:52:23 - [TEST_STEP][PASSED] - searchWord = <not implemented yet for class: org.codehaus.groovy.ast.expr.EmptyExpression>: null

05-03-2025T09:52:23 - [TEST_STEP][PASSED] - urlText = <not implemented yet for class: org.codehaus.groovy.ast.expr.EmptyExpression>: null

05-03-2025T09:52:23 - [TEST_STEP][PASSED] - println("block:" + block): null

05-03-2025T09:52:23 - [TEST_STEP][PASSED] - if (block == 1): null

05-03-2025T09:52:23 - [TEST_STEP][PASSED] - else: null

05-03-2025T09:52:23 - [TEST_STEP][PASSED] - delay(45): Delayed 45 second(s)

05-03-2025T09:53:08 - [MESSAGE][PASSED] - Delayed 45 second(s)

05-03-2025T09:53:08 - [TEST_STEP][PASSED] - nameOfBlock = " Выручка": null

05-03-2025T09:53:08 - [TEST_STEP][PASSED] - println("nameOfBlock:" + nameOfBlock): null

05-03-2025T09:53:08 - [TEST_STEP][PASSED] - if (block == 1): null

05-03-2025T09:53:08 - [TEST_STEP][PASSED] - else: Delayed 45 second(s)

05-03-2025T09:53:08 - [TEST_STEP][PASSED] - urlData = 9: null

05-03-2025T09:53:08 - [TEST_STEP][PASSED] - delay(45): Delayed 45 second(s)

05-03-2025T09:53:53 - [MESSAGE][PASSED] - Delayed 45 second(s)

05-03-2025T09:53:53 - [TEST_STEP][PASSED] - navigateToUrl(findTestData("PlanFact").getValue(10, urlData)): Navigate to 'https://bi.rosseti.digital/viewer?dashboardGuid=a1fd28b3785d443cbc4d7690a1d78e31&sheetGuid=86092a20c5984827a0c87b24cac76a50&fit=true' successfully

05-03-2025T09:53:58 - [MESSAGE][PASSED] - Navigate to 'https://bi.rosseti.digital/viewer?dashboardGuid=a1fd28b3785d443cbc4d7690a1d78e31&sheetGuid=86092a20c5984827a0c87b24cac76a50&fit=true' successfully

05-03-2025T09:53:58 - [TEST_STEP][PASSED] - urlText = getText(findTestObject("Страница авторизации/Text")): Text of object 'Object Repository/Страница авторизации/Text' is: 'Вход'

05-03-2025T09:54:00 - [MESSAGE][PASSED] - Text of object 'Object Repository/Страница авторизации/Text' is: 'Вход'

05-03-2025T09:54:00 - [TEST_STEP][PASSED] - searchWord = "Вход": null

05-03-2025T09:54:00 - [TEST_STEP][PASSED] - if (urlText == null || urlText.contains("ошибка") || urlText.contains(searchWord) == false): null

05-03-2025T09:54:00 - [TEST_STEP][PASSED] - if (verifyElementPresent(findTestObject("Страница авторизации/button_"), 30) == true): null

05-03-2025T09:54:00 - [MESSAGE][PASSED] - Object 'Object Repository/Страница авторизации/button_' is present

05-03-2025T09:54:00 - [TEST_STEP][PASSED] - setText(findTestObject("Страница авторизации/input__username"), findTestData("PlanFact").getValue(8, 1)): Text 'liazgina-di' is set on object 'Object Repository/Страница авторизации/input__username'

05-03-2025T09:54:01 - [MESSAGE][PASSED] - Text 'liazgina-di' is set on object 'Object Repository/Страница авторизации/input__username'

05-03-2025T09:54:01 - [TEST_STEP][PASSED] - setText(findTestObject("Страница авторизации/input__password"), findTestData("PlanFact").getValue(9, 1)): Text ')$%5srZ8o688Dm#q' is set on object 'Object Repository/Страница авторизации/input__password'

05-03-2025T09:54:01 - [MESSAGE][PASSED] - Text ')$%5srZ8o688Dm#q' is set on object 'Object Repository/Страница авторизации/input__password'

05-03-2025T09:54:01 - [TEST_STEP][PASSED] - click(findTestObject("Страница авторизации/button_")): Object: 'Object Repository/Страница авторизации/button_' is clicked on

05-03-2025T09:54:02 - [MESSAGE][PASSED] - Object: 'Object Repository/Страница авторизации/button_' is clicked on

05-03-2025T09:54:02 - [TEST_STEP][PASSED] - delay(45): Delayed 45 second(s)

05-03-2025T09:54:47 - [MESSAGE][PASSED] - Delayed 45 second(s)

05-03-2025T09:54:47 - [TEST_STEP][PASSED] - urlText = getText(findTestObject("Страница авторизации/Text")): Text of object 'Object Repository/Страница авторизации/Text' is: 'Период
Январь 2025 года
Выручка
Все
Выполнение плановых показателей по ПАО Россети за Январь 2025 года
План
Факт
Динамика
2025 год
0 млн.руб.
20 000 млн.руб.
40 000 млн.руб.
60 000 млн.руб.
80 000 млн.руб.
100 000 млн.руб.
120 000 млн.руб.
140 000 млн.руб.
160 000 млн.руб.
180 000 млн.руб.
200 000 млн.руб.
121 309
157 865
↑
ДЗО 
Все
Подписи данных
⬤Отклонение
АО "РЭС"
АО «Тываэнерго»
АО «Чеченэнерго»
Россети Волга
Россети Кубань
Россети Ленэнерго (ГК)
Россети Московский регион
Россети Северный Кавказ (ГК)
Россети Северо-Запад
Россети Сибирь (ГК)
Россети Томск
Россети Тюмень
Россети Урал (ГК)
Россети ФСК ЕЭС
Россети Центр
Россети Центр и Приволжье (ГК)
Россети Юг (ГК)
Россети Янтарь
-2 000млн.руб.
0 млн.руб.
2 000млн.руб.
4 000млн.руб.
6 000млн.руб.
8 000млн.руб.
10 000млн.руб.
12 000млн.руб.
14 0…
-73
23
-83
-295
-54
-403
-927
-606
-251
348
-58
-1 104
-474
-59
-675
13 055
-191
-19
млн.
%
Выручка
Отклонение выручки по ПАО Россети за Январь 2025 года (факт/план, млн. руб)
ПАО Россети
8 156 млн.руб.
Статус данных
×
Просьба обратить внимание
Данные занесены не полностью
ВЫБРАННЫЕ ЗНАЧЕНИЯ ФИЛЬТРОВ
ДЗО | ПЕРИОД
ПАО Россети: [«Выбраны все филиалы по всем ДЗО по всем категориям»]
2025: [Янв]
*Внутренний оборот'

05-03-2025T09:54:48 - [MESSAGE][PASSED] - Text of object 'Object Repository/Страница авторизации/Text' is: 'Период
Январь 2025 года
Выручка
Все
Выполнение плановых показателей по ПАО Россети за Январь 2025 года
План
Факт
Динамика
2025 год
0 млн.руб.
20 000 млн.руб.
40 000 млн.руб.
60 000 млн.руб.
80 000 млн.руб.
100 000 млн.руб.
120 000 млн.руб.
140 000 млн.руб.
160 000 млн.руб.
180 000 млн.руб.
200 000 млн.руб.
121 309
157 865
↑
ДЗО 
Все
Подписи данных
⬤Отклонение
АО "РЭС"
АО «Тываэнерго»
АО «Чеченэнерго»
Россети Волга
Россети Кубань
Россети Ленэнерго (ГК)
Россети Московский регион
Россети Северный Кавказ (ГК)
Россети Северо-Запад
Россети Сибирь (ГК)
Россети Томск
Россети Тюмень
Россети Урал (ГК)
Россети ФСК ЕЭС
Россети Центр
Россети Центр и Приволжье (ГК)
Россети Юг (ГК)
Россети Янтарь
-2 000млн.руб.
0 млн.руб.
2 000млн.руб.
4 000млн.руб.
6 000млн.руб.
8 000млн.руб.
10 000млн.руб.
12 000млн.руб.
14 0…
-73
23
-83
-295
-54
-403
-927
-606
-251
348
-58
-1 104
-474
-59
-675
13 055
-191
-19
млн.
%
Выручка
Отклонение выручки по ПАО Россети за Январь 2025 года (факт/план, млн. руб)
ПАО Россети
8 156 млн.руб.
Статус данных
×
Просьба обратить внимание
Данные занесены не полностью
ВЫБРАННЫЕ ЗНАЧЕНИЯ ФИЛЬТРОВ
ДЗО | ПЕРИОД
ПАО Россети: [«Выбраны все филиалы по всем ДЗО по всем категориям»]
2025: [Янв]
*Внутренний оборот'

05-03-2025T09:54:48 - [TEST_STEP][PASSED] - searchWord = "а": null

05-03-2025T09:54:48 - [TEST_STEP][PASSED] - if (urlText.contains("ошибка") || urlText.contains(searchWord) == false): null

05-03-2025T09:54:48 - [TEST_STEP][PASSED] - delay(45): Delayed 45 second(s)

05-03-2025T09:55:33 - [MESSAGE][PASSED] - Delayed 45 second(s)

05-03-2025T09:55:33 - [TEST_STEP][PASSED] - if (block == 2): Delayed 50 second(s)

05-03-2025T09:55:33 - [TEST_STEP][PASSED] - opoveshenie = getText(findTestObject("Выручка в рублях/Просьба обратить внимание")): Text of object 'Object Repository/Выручка в рублях/Просьба обратить внимание' is: 'Просьба обратить внимание'

05-03-2025T09:55:33 - [MESSAGE][PASSED] - Text of object 'Object Repository/Выручка в рублях/Просьба обратить внимание' is: 'Просьба обратить внимание'

05-03-2025T09:55:33 - [TEST_STEP][PASSED] - if (opoveshenie == "Просьба обратить внимание"): Delayed 50 second(s)

05-03-2025T09:55:33 - [TEST_STEP][PASSED] - click(findTestObject("Выручка в рублях/Закрыть оповещение")): Object: 'Object Repository/Выручка в рублях/Закрыть оповещение' is clicked on

05-03-2025T09:55:33 - [MESSAGE][PASSED] - Object: 'Object Repository/Выручка в рублях/Закрыть оповещение' is clicked on

05-03-2025T09:55:33 - [TEST_STEP][PASSED] - delay(50): Delayed 50 second(s)

05-03-2025T09:56:23 - [MESSAGE][PASSED] - Delayed 50 second(s)

05-03-2025T09:56:23 - [TEST_STEP][PASSED] - click(findTestObject("Выручка в рублях/Фильтр Период" + nameOfBlock)): Object: 'Object Repository/Выручка в рублях/Фильтр Период Выручка' is clicked on

05-03-2025T09:56:24 - [MESSAGE][PASSED] - Object: 'Object Repository/Выручка в рублях/Фильтр Период Выручка' is clicked on

05-03-2025T09:56:24 - [TEST_STEP][PASSED] - click(findTestObject("Выручка в рублях/Снять выделение в фильтре Дата" + nameOfBlock)): Object: 'Object Repository/Выручка в рублях/Снять выделение в фильтре Дата Выручка' is clicked on

05-03-2025T09:56:24 - [MESSAGE][PASSED] - Object: 'Object Repository/Выручка в рублях/Снять выделение в фильтре Дата Выручка' is clicked on

05-03-2025T09:56:24 - [TEST_STEP][PASSED] - click(findTestObject("Выручка в рублях/Применить в фильтре Дата" + nameOfBlock)): Object: 'Object Repository/Выручка в рублях/Применить в фильтре Дата Выручка' is clicked on

05-03-2025T09:56:25 - [MESSAGE][PASSED] - Object: 'Object Repository/Выручка в рублях/Применить в фильтре Дата Выручка' is clicked on

05-03-2025T09:56:25 - [TEST_STEP][PASSED] - delay(50): Delayed 50 second(s)

05-03-2025T09:57:15 - [MESSAGE][PASSED] - Delayed 50 second(s)

05-03-2025T09:57:15 - [TEST_STEP][PASSED] - click(findTestObject("Выручка в рублях/Фильтр Период" + nameOfBlock)): Object: 'Object Repository/Выручка в рублях/Фильтр Период Выручка' is clicked on

05-03-2025T09:57:15 - [MESSAGE][PASSED] - Object: 'Object Repository/Выручка в рублях/Фильтр Период Выручка' is clicked on

05-03-2025T09:57:15 - [TEST_STEP][PASSED] - click(findTestObject("Выручка в рублях/Снять выделение в фильтре Дата" + nameOfBlock)): Object: 'Object Repository/Выручка в рублях/Снять выделение в фильтре Дата Выручка' is clicked on

05-03-2025T09:57:16 - [MESSAGE][PASSED] - Object: 'Object Repository/Выручка в рублях/Снять выделение в фильтре Дата Выручка' is clicked on

05-03-2025T09:57:16 - [TEST_STEP][PASSED] - scrollToElement(findTestObject("Выручка в рублях/2025 список" + nameOfBlock), 30): Scroll to object 'Object Repository/Выручка в рублях/2025 список Выручка' successfully

05-03-2025T09:57:16 - [MESSAGE][PASSED] - Scroll to object 'Object Repository/Выручка в рублях/2025 список Выручка' successfully

05-03-2025T09:57:16 - [TEST_STEP][PASSED] - click(findTestObject("Выручка в рублях/2025 список" + nameOfBlock)): Object: 'Object Repository/Выручка в рублях/2025 список Выручка' is clicked on

05-03-2025T09:57:17 - [MESSAGE][PASSED] - Object: 'Object Repository/Выручка в рублях/2025 список Выручка' is clicked on

05-03-2025T09:57:17 - [TEST_STEP][PASSED] - scrollToElement(findTestObject("Выручка в рублях/1 квартал 2025 список Выручка"), 30): Scroll to object 'Object Repository/Выручка в рублях/1 квартал 2025 список Выручка' successfully

05-03-2025T09:57:17 - [MESSAGE][PASSED] - Scroll to object 'Object Repository/Выручка в рублях/1 квартал 2025 список Выручка' successfully

05-03-2025T09:57:17 - [TEST_STEP][PASSED] - click(findTestObject("Выручка в рублях/1 квартал 2025 список" + nameOfBlock)): Object: 'Object Repository/Выручка в рублях/1 квартал 2025 список Выручка' is clicked on

05-03-2025T09:57:17 - [MESSAGE][PASSED] - Object: 'Object Repository/Выручка в рублях/1 квартал 2025 список Выручка' is clicked on

05-03-2025T09:57:17 - [TEST_STEP][PASSED] - scrollToElement(findTestObject("Выручка в рублях/Январь 2025" + nameOfBlock), 30): Scroll to object 'Object Repository/Выручка в рублях/Январь 2025 Выручка' successfully

05-03-2025T09:57:18 - [MESSAGE][PASSED] - Scroll to object 'Object Repository/Выручка в рублях/Январь 2025 Выручка' successfully

05-03-2025T09:57:18 - [TEST_STEP][PASSED] - click(findTestObject("Выручка в рублях/Январь 2025" + nameOfBlock)): Object: 'Object Repository/Выручка в рублях/Январь 2025 Выручка' is clicked on

05-03-2025T09:57:18 - [MESSAGE][PASSED] - Object: 'Object Repository/Выручка в рублях/Январь 2025 Выручка' is clicked on

05-03-2025T09:57:18 - [TEST_STEP][PASSED] - scrollToElement(findTestObject("Выручка в рублях/Заголовок дашборда" + nameOfBlock), 30): Scroll to object 'Object Repository/Выручка в рублях/Заголовок дашборда Выручка' successfully

05-03-2025T09:57:19 - [MESSAGE][PASSED] - Scroll to object 'Object Repository/Выручка в рублях/Заголовок дашборда Выручка' successfully

05-03-2025T09:57:19 - [TEST_STEP][PASSED] - click(findTestObject("Выручка в рублях/Применить в фильтре Дата" + nameOfBlock)): Object: 'Object Repository/Выручка в рублях/Применить в фильтре Дата Выручка' is clicked on

05-03-2025T09:57:19 - [MESSAGE][PASSED] - Object: 'Object Repository/Выручка в рублях/Применить в фильтре Дата Выручка' is clicked on

05-03-2025T09:57:19 - [TEST_STEP][PASSED] - delay(55): Delayed 55 second(s)

05-03-2025T09:58:14 - [MESSAGE][PASSED] - Delayed 55 second(s)

05-03-2025T09:58:14 - [TEST_STEP][PASSED] - click(findTestObject("Выручка в рублях/Фильтр ДЗО" + nameOfBlock)): Object: 'Object Repository/Выручка в рублях/Фильтр ДЗО Выручка' is clicked on

05-03-2025T09:58:15 - [MESSAGE][PASSED] - Object: 'Object Repository/Выручка в рублях/Фильтр ДЗО Выручка' is clicked on

05-03-2025T09:58:15 - [TEST_STEP][PASSED] - click(findTestObject("Выручка в рублях/Снять выделение в фильтре ДЗО" + nameOfBlock)): Object: 'Object Repository/Выручка в рублях/Снять выделение в фильтре ДЗО Выручка' is clicked on

05-03-2025T09:58:15 - [MESSAGE][PASSED] - Object: 'Object Repository/Выручка в рублях/Снять выделение в фильтре ДЗО Выручка' is clicked on

05-03-2025T09:58:15 - [TEST_STEP][PASSED] - click(findTestObject("Выручка в рублях/Применить в фильтре ДЗО" + nameOfBlock)): Object: 'Object Repository/Выручка в рублях/Применить в фильтре ДЗО Выручка' is clicked on

05-03-2025T09:58:16 - [MESSAGE][PASSED] - Object: 'Object Repository/Выручка в рублях/Применить в фильтре ДЗО Выручка' is clicked on

05-03-2025T09:58:16 - [TEST_STEP][PASSED] - delay(50): Delayed 50 second(s)

05-03-2025T09:59:06 - [MESSAGE][PASSED] - Delayed 50 second(s)

05-03-2025T09:59:06 - [TEST_STEP][PASSED] - Script1710234207206.Tumbler(run, vir, block, nameOfBlock): null

05-03-2025T09:59:06 - [TEST_STEP][PASSED] - println("run:" + run): null

05-03-2025T09:59:06 - [TEST_STEP][PASSED] - println("vir:" + vir): null

05-03-2025T09:59:06 - [TEST_STEP][PASSED] - println("block:" + block): null

05-03-2025T09:59:06 - [TEST_STEP][PASSED] - println("nameOfBlock:" + nameOfBlock): null

05-03-2025T09:59:06 - [TEST_STEP][PASSED] - if (vir == 1): null

05-03-2025T09:59:06 - [TEST_STEP][PASSED] - else if (vir == 2): null

05-03-2025T09:59:06 - [TEST_STEP][PASSED] - else if (vir == 3): Object: 'Object Repository/Выручка в рублях/Применить в фильтре Выручка Выручка' is clicked on

05-03-2025T09:59:06 - [TEST_STEP][PASSED] - if (run == 2): null

05-03-2025T09:59:06 - [TEST_STEP][PASSED] - click(findTestObject("Выручка в рублях/Фильтр Выручка" + nameOfBlock)): Object: 'Object Repository/Выручка в рублях/Фильтр Выручка Выручка' is clicked on

05-03-2025T09:59:06 - [MESSAGE][PASSED] - Object: 'Object Repository/Выручка в рублях/Фильтр Выручка Выручка' is clicked on

05-03-2025T09:59:06 - [TEST_STEP][PASSED] - click(findTestObject("Выручка в рублях/Внутренний оборот в фильтре Выручка" + nameOfBlock)): Object: 'Object Repository/Выручка в рублях/Внутренний оборот в фильтре Выручка Выручка' is clicked on

05-03-2025T09:59:06 - [MESSAGE][PASSED] - Object: 'Object Repository/Выручка в рублях/Внутренний оборот в фильтре Выручка Выручка' is clicked on

05-03-2025T09:59:06 - [TEST_STEP][PASSED] - click(findTestObject("Выручка в рублях/Применить в фильтре Выручка" + nameOfBlock)): Object: 'Object Repository/Выручка в рублях/Применить в фильтре Выручка Выручка' is clicked on

05-03-2025T09:59:07 - [MESSAGE][PASSED] - Object: 'Object Repository/Выручка в рублях/Применить в фильтре Выручка Выручка' is clicked on

05-03-2025T09:59:07 - [TEST_STEP][PASSED] - click(findTestObject("Выручка в рублях/Фильтр ДЗО" + nameOfBlock)): Object: 'Object Repository/Выручка в рублях/Фильтр ДЗО Выручка' is clicked on

05-03-2025T09:59:09 - [MESSAGE][PASSED] - Object: 'Object Repository/Выручка в рублях/Фильтр ДЗО Выручка' is clicked on

05-03-2025T09:59:09 - [TEST_STEP][PASSED] - Script1710234207206.Rosseti(nameOfBlock): null

05-03-2025T09:59:09 - [TEST_STEP][PASSED] - println("nameOfBlock:" + nameOfBlock): null

05-03-2025T09:59:09 - [TEST_STEP][PASSED] - click(findTestObject("Выручка в рублях/ПАО Россети" + nameOfBlock)): Object: 'Object Repository/Выручка в рублях/ПАО Россети Выручка' is clicked on

05-03-2025T09:59:09 - [MESSAGE][PASSED] - Object: 'Object Repository/Выручка в рублях/ПАО Россети Выручка' is clicked on

05-03-2025T09:59:09 - [TEST_STEP][PASSED] - click(findTestObject("Выручка в рублях/Применить в фильтре ДЗО" + nameOfBlock)): Object: 'Object Repository/Выручка в рублях/Применить в фильтре ДЗО Выручка' is clicked on

05-03-2025T09:59:10 - [MESSAGE][PASSED] - Object: 'Object Repository/Выручка в рублях/Применить в фильтре ДЗО Выручка' is clicked on

05-03-2025T09:59:10 - [TEST_STEP][PASSED] - if (vir == 1 || vir == 2): null

05-03-2025T09:59:10 - [TEST_STEP][PASSED] - else: Text of object 'Object Repository/Выручка в рублях/vir3Plan Выручка' is: '54'

05-03-2025T09:59:10 - [TEST_STEP][PASSED] - b1 = getText(findTestObject("Выручка в рублях/vir3Plan Выручка")): Text of object 'Object Repository/Выручка в рублях/vir3Plan Выручка' is: '54'

05-03-2025T09:59:11 - [MESSAGE][PASSED] - Text of object 'Object Repository/Выручка в рублях/vir3Plan Выручка' is: '54'

05-03-2025T09:59:11 - [TEST_STEP][PASSED] - if (vir == 1 || vir == 2): null

05-03-2025T09:59:11 - [TEST_STEP][PASSED] - else: Text of object 'Object Repository/Выручка в рублях/vir3Fact Выручка' is: '2 402'

05-03-2025T09:59:11 - [TEST_STEP][PASSED] - b2 = getText(findTestObject("Выручка в рублях/vir3Fact Выручка")): Text of object 'Object Repository/Выручка в рублях/vir3Fact Выручка' is: '2 402'

05-03-2025T09:59:11 - [MESSAGE][PASSED] - Text of object 'Object Repository/Выручка в рублях/vir3Fact Выручка' is: '2 402'

05-03-2025T09:59:11 - [TEST_STEP][PASSED] - b30 = getText(findTestObject("Выручка в рублях/span1" + perc)): Text of object 'Object Repository/Выручка в рублях/span1' is: '-569 млн.руб.'

05-03-2025T09:59:11 - [MESSAGE][PASSED] - Text of object 'Object Repository/Выручка в рублях/span1' is: '-569 млн.руб.'

05-03-2025T09:59:11 - [TEST_STEP][PASSED] - i = b30.indexOf("млн.руб."): null

05-03-2025T09:59:11 - [TEST_STEP][PASSED] - if (i > -1): null

05-03-2025T09:59:11 - [TEST_STEP][PASSED] - b30 = b30.substring(0, i): null

05-03-2025T09:59:11 - [TEST_STEP][PASSED] - b30 = b30.replaceAll(" ", ""): null

05-03-2025T09:59:11 - [TEST_STEP][PASSED] - if (b30.contains("%")): null

05-03-2025T09:59:11 - [TEST_STEP][PASSED] - b30 = ").trim(): null

05-03-2025T09:59:11 - [TEST_STEP][PASSED] - println("b30: " + b30): null

05-03-2025T09:59:11 - [TEST_STEP][PASSED] - if (vir == 1 || vir == 2): null

05-03-2025T09:59:11 - [TEST_STEP][PASSED] - else: Text of object 'Object Repository/Выручка в рублях/span15' is: '23'

05-03-2025T09:59:11 - [TEST_STEP][PASSED] - b31 = ").trim(): Text of object 'Object Repository/Выручка в рублях/span15' is: '23'

05-03-2025T09:59:12 - [MESSAGE][PASSED] - Text of object 'Object Repository/Выручка в рублях/span15' is: '23'

05-03-2025T09:59:12 - [TEST_STEP][PASSED] - if (vir == 1 || vir == 2): null

05-03-2025T09:59:12 - [TEST_STEP][PASSED] - else: Text of object 'Object Repository/Выручка в рублях/span16' is: '-83'

05-03-2025T09:59:12 - [TEST_STEP][PASSED] - b32 = ").trim(): Text of object 'Object Repository/Выручка в рублях/span16' is: '-83'

05-03-2025T09:59:12 - [MESSAGE][PASSED] - Text of object 'Object Repository/Выручка в рублях/span16' is: '-83'

05-03-2025T09:59:12 - [TEST_STEP][PASSED] - if (vir == 1 || vir == 2): null

05-03-2025T09:59:12 - [TEST_STEP][PASSED] - else: Text of object 'Object Repository/Выручка в рублях/span17' is: '-509'

05-03-2025T09:59:12 - [TEST_STEP][PASSED] - b37 = ").trim(): Text of object 'Object Repository/Выручка в рублях/span17' is: '-509'

05-03-2025T09:59:12 - [MESSAGE][PASSED] - Text of object 'Object Repository/Выручка в рублях/span17' is: '-509'

05-03-2025T09:59:12 - [TEST_STEP][PASSED] - if (vir == 1 || vir == 2): null

05-03-2025T09:59:12 - [TEST_STEP][PASSED] - else: Text of object 'Object Repository/Выручка в рублях/span18' is: '0'

05-03-2025T09:59:12 - [TEST_STEP][PASSED] - b316 = ").trim(): Text of object 'Object Repository/Выручка в рублях/span18' is: '0'

05-03-2025T09:59:12 - [MESSAGE][PASSED] - Text of object 'Object Repository/Выручка в рублях/span18' is: '0'

05-03-2025T09:59:12 - [TEST_STEP][PASSED] - if (vir == 1 || vir == 2): null

05-03-2025T09:59:12 - [TEST_STEP][PASSED] - dZO = "ПАО Россети": null

05-03-2025T09:59:12 - [TEST_STEP][PASSED] - if (verifyEqual(a1, b1) == false): Actual object '54' and expected object '54' are equal

05-03-2025T09:59:12 - [MESSAGE][PASSED] - Actual object '54' and expected object '54' are equal

05-03-2025T09:59:12 - [TEST_STEP][PASSED] - if (verifyEqual(a2, b2) == false): Actual object '2 402' and expected object '2 402' are equal

05-03-2025T09:59:12 - [MESSAGE][PASSED] - Actual object '2 402' and expected object '2 402' are equal

05-03-2025T09:59:12 - [TEST_STEP][PASSED] - vidget = "Отклонения": null

05-03-2025T09:59:12 - [TEST_STEP][FAILED] - if (verifyEqual(a30, b30) == false): null

05-03-2025T09:59:12 - [MESSAGE][FAILED] - Unable to verify equal between actual object '2348.5' and expected object '-569' (Root cause: com.kms.katalon.core.exception.StepFailedException: Actual object '2348.5' and expected object '-569' are not equal
	at com.kms.katalon.core.keyword.builtin.VerifyEqualKeyword$_verifyEqual_closure1.doCall(VerifyEqualKeyword.groovy:58)
	at com.kms.katalon.core.keyword.builtin.VerifyEqualKeyword$_verifyEqual_closure1.call(VerifyEqualKeyword.groovy)
	at com.kms.katalon.core.keyword.internal.KeywordMain.runKeyword(KeywordMain.groovy:75)
	at com.kms.katalon.core.keyword.builtin.VerifyEqualKeyword.verifyEqual(VerifyEqualKeyword.groovy:63)
	at com.kms.katalon.core.keyword.builtin.VerifyEqualKeyword.execute(VerifyEqualKeyword.groovy:44)
	at com.kms.katalon.core.keyword.internal.KeywordExecutor.executeKeywordForPlatform(KeywordExecutor.groovy:74)
	at com.kms.katalon.core.keyword.BuiltinKeywords.verifyEqual(BuiltinKeywords.groovy:146)
	at jdk.internal.reflect.GeneratedMethodAccessor25.invoke(Unknown Source)
	at java.base/jdk.internal.reflect.DelegatingMethodAccessorImpl.invoke(DelegatingMethodAccessorImpl.java:43)
	at Выручка в рублях сверка дашбордов ПАО Россети.Blocks(Выручка в рублях сверка дашбордов ПАО Россети:357)
	at Выручка в рублях сверка дашбордов ПАО Россети.ViruchkaChange(Выручка в рублях сверка дашбордов ПАО Россети:60)
	at Выручка в рублях сверка дашбордов ПАО Россети.run(Выручка в рублях сверка дашбордов ПАО Россети:55)
	at com.kms.katalon.core.main.ScriptEngine.run(ScriptEngine.java:194)
	at com.kms.katalon.core.main.ScriptEngine.runScriptAsRawText(ScriptEngine.java:119)
	at com.kms.katalon.core.main.TestCaseExecutor.runScript(TestCaseExecutor.java:448)
	at com.kms.katalon.core.main.TestCaseExecutor.doExecute(TestCaseExecutor.java:439)
	at com.kms.katalon.core.main.TestCaseExecutor.processExecutionPhase(TestCaseExecutor.java:418)
	at com.kms.katalon.core.main.TestCaseExecutor.accessMainPhase(TestCaseExecutor.java:410)
	at com.kms.katalon.core.main.TestCaseExecutor.execute(TestCaseExecutor.java:285)
	at com.kms.katalon.core.common.CommonExecutor.accessTestCaseMainPhase(CommonExecutor.java:65)
	at com.kms.katalon.core.main.TestSuiteExecutor.accessTestSuiteMainPhase(TestSuiteExecutor.java:150)
	at com.kms.katalon.core.main.TestSuiteExecutor.execute(TestSuiteExecutor.java:106)
	at com.kms.katalon.core.main.TestCaseMain.startTestSuite(TestCaseMain.java:180)
	at TempTestSuite1741155213601.run(TempTestSuite1741155213601.groovy:35)
	at java.base/jdk.internal.reflect.NativeMethodAccessorImpl.invoke0(Native Method)
	at java.base/jdk.internal.reflect.NativeMethodAccessorImpl.invoke(NativeMethodAccessorImpl.java:77)
	at java.base/jdk.internal.reflect.DelegatingMethodAccessorImpl.invoke(DelegatingMethodAccessorImpl.java:43)
)

05-03-2025T09:59:12 - [TEST_STEP][PASSED] - a = replaceAll("\s+", "").trim(): null

05-03-2025T09:59:12 - [TEST_STEP][PASSED] - b = replaceAll("\s+", "").trim(): null

05-03-2025T09:59:12 - [TEST_STEP][PASSED] - Script1710234207206.WriteToExcel(todaysDate, run, vir, block, typeOfData, viruchka, vidget, nameOfBlock, a, b, dZO, x, y): null

05-03-2025T09:59:12 - [TEST_STEP][PASSED] - println(run): null

05-03-2025T09:59:12 - [TEST_STEP][PASSED] - if (run == 1): null

05-03-2025T09:59:12 - [TEST_STEP][PASSED] - typeOfData = "Млн": null

05-03-2025T09:59:12 - [TEST_STEP][PASSED] - println("todaysDate:" + todaysDate): null

05-03-2025T09:59:12 - [TEST_STEP][PASSED] - println("typeOfData:" + typeOfData): null

05-03-2025T09:59:12 - [TEST_STEP][PASSED] - viruchka = getText(findTestObject("Выручка в рублях/Фильтр Выручка" + nameOfBlock)): Text of object 'Object Repository/Выручка в рублях/Фильтр Выручка Выручка' is: 'ПЕРЕДАЧА ЭЛЕКТРОЭНЕРГИИ, внутренний оборот'

05-03-2025T09:59:13 - [MESSAGE][PASSED] - Text of object 'Object Repository/Выручка в рублях/Фильтр Выручка Выручка' is: 'ПЕРЕДАЧА ЭЛЕКТРОЭНЕРГИИ, внутренний оборот'

05-03-2025T09:59:13 - [TEST_STEP][PASSED] - println("viruchka" + viruchka): null

05-03-2025T09:59:13 - [TEST_STEP][PASSED] - println("vidget" + vidget): null

05-03-2025T09:59:13 - [TEST_STEP][PASSED] - println("a" + a): null

05-03-2025T09:59:13 - [TEST_STEP][PASSED] - println("b" + b): null

05-03-2025T09:59:13 - [TEST_STEP][PASSED] - sheetName = "Sheet1": null

05-03-2025T09:59:13 - [TEST_STEP][PASSED] - data = findTestData("PlanFact"): null

05-03-2025T09:59:13 - [TEST_STEP][PASSED] - n = data.getRowNumbers() + 1: null

05-03-2025T09:59:13 - [TEST_STEP][PASSED] - period = getText(findTestObject("Выручка в рублях/Фильтр Период")).trim(): Text of object 'Object Repository/Выручка в рублях/Фильтр Период' is: 'Январь 2025 года'

05-03-2025T09:59:13 - [MESSAGE][PASSED] - Text of object 'Object Repository/Выручка в рублях/Фильтр Период' is: 'Январь 2025 года'

05-03-2025T09:59:13 - [TEST_STEP][PASSED] - println(period): null

05-03-2025T09:59:13 - [TEST_STEP][PASSED] - if (period.findAll("[а-яА-Я]") == false): null

05-03-2025T09:59:13 - [TEST_STEP][PASSED] - dashboardName = "Выручка в рублях": null

05-03-2025T09:59:13 - [TEST_STEP][PASSED] - if (a == ""): null

05-03-2025T09:59:13 - [TEST_STEP][PASSED] - else: null

05-03-2025T09:59:13 - [TEST_STEP][PASSED] - x = a.toDouble(): null

05-03-2025T09:59:13 - [TEST_STEP][PASSED] - if (b == ""): null

05-03-2025T09:59:13 - [TEST_STEP][PASSED] - else: null

05-03-2025T09:59:13 - [TEST_STEP][PASSED] - y = b.toDouble(): null

05-03-2025T09:59:13 - [TEST_STEP][PASSED] - workbook01 = getWorkbook(excelFilePath): null

05-03-2025T09:59:13 - [TEST_STEP][PASSED] - sheet01 = getExcelSheet(workbook01, sheetName): null

05-03-2025T09:59:13 - [TEST_STEP][PASSED] - setValueToCellByIndex(sheet01, n, 0, dashboardName): null

05-03-2025T09:59:13 - [TEST_STEP][PASSED] - setValueToCellByIndex(sheet01, n, 1, dZO): null

05-03-2025T09:59:13 - [TEST_STEP][PASSED] - setValueToCellByIndex(sheet01, n, 2, vidget): null

05-03-2025T09:59:13 - [TEST_STEP][PASSED] - setValueToCellByIndex(sheet01, n, 3, viruchka): null

05-03-2025T09:59:13 - [TEST_STEP][PASSED] - setValueToCellByIndex(sheet01, n, 4, typeOfData): null

05-03-2025T09:59:13 - [TEST_STEP][PASSED] - if (a == "нет данных"): null

05-03-2025T09:59:13 - [TEST_STEP][PASSED] - else: null

05-03-2025T09:59:13 - [TEST_STEP][PASSED] - setValueToCellByIndex(sheet01, n, 5, x): null

05-03-2025T09:59:13 - [TEST_STEP][PASSED] - if (b == "нет данных"): null

05-03-2025T09:59:13 - [TEST_STEP][PASSED] - else: null

05-03-2025T09:59:13 - [TEST_STEP][PASSED] - setValueToCellByIndex(sheet01, n, 6, y): null

05-03-2025T09:59:13 - [TEST_STEP][PASSED] - setValueToCellByIndex(sheet01, n, 7, period): null

05-03-2025T09:59:13 - [TEST_STEP][PASSED] - setValueToCellByIndex(sheet01, n, 8, todaysDate): null

05-03-2025T09:59:13 - [TEST_STEP][PASSED] - n = n + 1: null

05-03-2025T09:59:13 - [TEST_STEP][PASSED] - saveWorkbook(excelFilePath, workbook01): null

05-03-2025T09:59:13 - [TEST_STEP][PASSED] - x = "": null

05-03-2025T09:59:13 - [TEST_STEP][PASSED] - y = "": null

05-03-2025T09:59:13 - [TEST_STEP][PASSED] - dZO = "АО «Тываэнерго»": null

05-03-2025T09:59:13 - [TEST_STEP][FAILED] - if (verifyEqual(a31, b31) == false): null

05-03-2025T09:59:13 - [MESSAGE][FAILED] - Unable to verify equal between actual object '159' and expected object '23' (Root cause: com.kms.katalon.core.exception.StepFailedException: Actual object '159' and expected object '23' are not equal
	at com.kms.katalon.core.keyword.builtin.VerifyEqualKeyword$_verifyEqual_closure1.doCall(VerifyEqualKeyword.groovy:58)
	at com.kms.katalon.core.keyword.builtin.VerifyEqualKeyword$_verifyEqual_closure1.call(VerifyEqualKeyword.groovy)
	at com.kms.katalon.core.keyword.internal.KeywordMain.runKeyword(KeywordMain.groovy:75)
	at com.kms.katalon.core.keyword.builtin.VerifyEqualKeyword.verifyEqual(VerifyEqualKeyword.groovy:63)
	at com.kms.katalon.core.keyword.builtin.VerifyEqualKeyword.execute(VerifyEqualKeyword.groovy:44)
	at com.kms.katalon.core.keyword.internal.KeywordExecutor.executeKeywordForPlatform(KeywordExecutor.groovy:74)
	at com.kms.katalon.core.keyword.BuiltinKeywords.verifyEqual(BuiltinKeywords.groovy:146)
	at jdk.internal.reflect.GeneratedMethodAccessor25.invoke(Unknown Source)
	at java.base/jdk.internal.reflect.DelegatingMethodAccessorImpl.invoke(DelegatingMethodAccessorImpl.java:43)
	at Выручка в рублях сверка дашбордов ПАО Россети.Blocks(Выручка в рублях сверка дашбордов ПАО Россети:367)
	at Выручка в рублях сверка дашбордов ПАО Россети.ViruchkaChange(Выручка в рублях сверка дашбордов ПАО Россети:60)
	at Выручка в рублях сверка дашбордов ПАО Россети.run(Выручка в рублях сверка дашбордов ПАО Россети:55)
	at com.kms.katalon.core.main.ScriptEngine.run(ScriptEngine.java:194)
	at com.kms.katalon.core.main.ScriptEngine.runScriptAsRawText(ScriptEngine.java:119)
	at com.kms.katalon.core.main.TestCaseExecutor.runScript(TestCaseExecutor.java:448)
	at com.kms.katalon.core.main.TestCaseExecutor.doExecute(TestCaseExecutor.java:439)
	at com.kms.katalon.core.main.TestCaseExecutor.processExecutionPhase(TestCaseExecutor.java:418)
	at com.kms.katalon.core.main.TestCaseExecutor.accessMainPhase(TestCaseExecutor.java:410)
	at com.kms.katalon.core.main.TestCaseExecutor.execute(TestCaseExecutor.java:285)
	at com.kms.katalon.core.common.CommonExecutor.accessTestCaseMainPhase(CommonExecutor.java:65)
	at com.kms.katalon.core.main.TestSuiteExecutor.accessTestSuiteMainPhase(TestSuiteExecutor.java:150)
	at com.kms.katalon.core.main.TestSuiteExecutor.execute(TestSuiteExecutor.java:106)
	at com.kms.katalon.core.main.TestCaseMain.startTestSuite(TestCaseMain.java:180)
	at TempTestSuite1741155213601.run(TempTestSuite1741155213601.groovy:35)
	at java.base/jdk.internal.reflect.NativeMethodAccessorImpl.invoke0(Native Method)
	at java.base/jdk.internal.reflect.NativeMethodAccessorImpl.invoke(NativeMethodAccessorImpl.java:77)
	at java.base/jdk.internal.reflect.DelegatingMethodAccessorImpl.invoke(DelegatingMethodAccessorImpl.java:43)
)

05-03-2025T09:59:13 - [TEST_STEP][PASSED] - a = replaceAll("\s+", "").trim(): null

05-03-2025T09:59:13 - [TEST_STEP][PASSED] - b = replaceAll("\s+", "").trim(): null

05-03-2025T09:59:13 - [TEST_STEP][PASSED] - Script1710234207206.WriteToExcel(todaysDate, run, vir, block, typeOfData, viruchka, vidget, nameOfBlock, a, b, dZO, x, y): null

05-03-2025T09:59:13 - [TEST_STEP][PASSED] - println(run): null

05-03-2025T09:59:13 - [TEST_STEP][PASSED] - if (run == 1): null

05-03-2025T09:59:13 - [TEST_STEP][PASSED] - typeOfData = "Млн": null

05-03-2025T09:59:13 - [TEST_STEP][PASSED] - println("todaysDate:" + todaysDate): null

05-03-2025T09:59:13 - [TEST_STEP][PASSED] - println("typeOfData:" + typeOfData): null

05-03-2025T09:59:13 - [TEST_STEP][PASSED] - viruchka = getText(findTestObject("Выручка в рублях/Фильтр Выручка" + nameOfBlock)): Text of object 'Object Repository/Выручка в рублях/Фильтр Выручка Выручка' is: 'ПЕРЕДАЧА ЭЛЕКТРОЭНЕРГИИ, внутренний оборот'

05-03-2025T09:59:14 - [MESSAGE][PASSED] - Text of object 'Object Repository/Выручка в рублях/Фильтр Выручка Выручка' is: 'ПЕРЕДАЧА ЭЛЕКТРОЭНЕРГИИ, внутренний оборот'

05-03-2025T09:59:14 - [TEST_STEP][PASSED] - println("viruchka" + viruchka): null

05-03-2025T09:59:14 - [TEST_STEP][PASSED] - println("vidget" + vidget): null

05-03-2025T09:59:14 - [TEST_STEP][PASSED] - println("a" + a): null

05-03-2025T09:59:14 - [TEST_STEP][PASSED] - println("b" + b): null

05-03-2025T09:59:14 - [TEST_STEP][PASSED] - sheetName = "Sheet1": null

05-03-2025T09:59:14 - [TEST_STEP][PASSED] - data = findTestData("PlanFact"): null

05-03-2025T09:59:14 - [TEST_STEP][PASSED] - n = data.getRowNumbers() + 1: null

05-03-2025T09:59:14 - [TEST_STEP][PASSED] - period = getText(findTestObject("Выручка в рублях/Фильтр Период")).trim(): Text of object 'Object Repository/Выручка в рублях/Фильтр Период' is: 'Январь 2025 года'

05-03-2025T09:59:14 - [MESSAGE][PASSED] - Text of object 'Object Repository/Выручка в рублях/Фильтр Период' is: 'Январь 2025 года'

05-03-2025T09:59:14 - [TEST_STEP][PASSED] - println(period): null

05-03-2025T09:59:14 - [TEST_STEP][PASSED] - if (period.findAll("[а-яА-Я]") == false): null

05-03-2025T09:59:14 - [TEST_STEP][PASSED] - dashboardName = "Выручка в рублях": null

05-03-2025T09:59:14 - [TEST_STEP][PASSED] - if (a == ""): null

05-03-2025T09:59:14 - [TEST_STEP][PASSED] - else: null

05-03-2025T09:59:14 - [TEST_STEP][PASSED] - x = a.toDouble(): null

05-03-2025T09:59:14 - [TEST_STEP][PASSED] - if (b == ""): null

05-03-2025T09:59:14 - [TEST_STEP][PASSED] - else: null

05-03-2025T09:59:14 - [TEST_STEP][PASSED] - y = b.toDouble(): null

05-03-2025T09:59:14 - [TEST_STEP][PASSED] - workbook01 = getWorkbook(excelFilePath): null

05-03-2025T09:59:14 - [TEST_STEP][PASSED] - sheet01 = getExcelSheet(workbook01, sheetName): null

05-03-2025T09:59:14 - [TEST_STEP][PASSED] - setValueToCellByIndex(sheet01, n, 0, dashboardName): null

05-03-2025T09:59:14 - [TEST_STEP][PASSED] - setValueToCellByIndex(sheet01, n, 1, dZO): null

05-03-2025T09:59:14 - [TEST_STEP][PASSED] - setValueToCellByIndex(sheet01, n, 2, vidget): null

05-03-2025T09:59:14 - [TEST_STEP][PASSED] - setValueToCellByIndex(sheet01, n, 3, viruchka): null

05-03-2025T09:59:14 - [TEST_STEP][PASSED] - setValueToCellByIndex(sheet01, n, 4, typeOfData): null

05-03-2025T09:59:14 - [TEST_STEP][PASSED] - if (a == "нет данных"): null

05-03-2025T09:59:14 - [TEST_STEP][PASSED] - else: null

05-03-2025T09:59:14 - [TEST_STEP][PASSED] - setValueToCellByIndex(sheet01, n, 5, x): null

05-03-2025T09:59:14 - [TEST_STEP][PASSED] - if (b == "нет данных"): null

05-03-2025T09:59:14 - [TEST_STEP][PASSED] - else: null

05-03-2025T09:59:14 - [TEST_STEP][PASSED] - setValueToCellByIndex(sheet01, n, 6, y): null

05-03-2025T09:59:14 - [TEST_STEP][PASSED] - setValueToCellByIndex(sheet01, n, 7, period): null

05-03-2025T09:59:14 - [TEST_STEP][PASSED] - setValueToCellByIndex(sheet01, n, 8, todaysDate): null

05-03-2025T09:59:14 - [TEST_STEP][PASSED] - n = n + 1: null

05-03-2025T09:59:14 - [TEST_STEP][PASSED] - saveWorkbook(excelFilePath, workbook01): null

05-03-2025T09:59:14 - [TEST_STEP][PASSED] - x = "": null

05-03-2025T09:59:14 - [TEST_STEP][PASSED] - y = "": null

05-03-2025T09:59:14 - [TEST_STEP][PASSED] - dZO = "АО «Чеченэнерго»": null

05-03-2025T09:59:14 - [TEST_STEP][FAILED] - if (verifyEqual(a32, b32) == false): null

05-03-2025T09:59:14 - [MESSAGE][FAILED] - Unable to verify equal between actual object '463' and expected object '-83' (Root cause: com.kms.katalon.core.exception.StepFailedException: Actual object '463' and expected object '-83' are not equal
	at com.kms.katalon.core.keyword.builtin.VerifyEqualKeyword$_verifyEqual_closure1.doCall(VerifyEqualKeyword.groovy:58)
	at com.kms.katalon.core.keyword.builtin.VerifyEqualKeyword$_verifyEqual_closure1.call(VerifyEqualKeyword.groovy)
	at com.kms.katalon.core.keyword.internal.KeywordMain.runKeyword(KeywordMain.groovy:75)
	at com.kms.katalon.core.keyword.builtin.VerifyEqualKeyword.verifyEqual(VerifyEqualKeyword.groovy:63)
	at com.kms.katalon.core.keyword.builtin.VerifyEqualKeyword.execute(VerifyEqualKeyword.groovy:44)
	at com.kms.katalon.core.keyword.internal.KeywordExecutor.executeKeywordForPlatform(KeywordExecutor.groovy:74)
	at com.kms.katalon.core.keyword.BuiltinKeywords.verifyEqual(BuiltinKeywords.groovy:146)
	at jdk.internal.reflect.GeneratedMethodAccessor25.invoke(Unknown Source)
	at java.base/jdk.internal.reflect.DelegatingMethodAccessorImpl.invoke(DelegatingMethodAccessorImpl.java:43)
	at Выручка в рублях сверка дашбордов ПАО Россети.Blocks(Выручка в рублях сверка дашбордов ПАО Россети:378)
	at Выручка в рублях сверка дашбордов ПАО Россети.ViruchkaChange(Выручка в рублях сверка дашбордов ПАО Россети:60)
	at Выручка в рублях сверка дашбордов ПАО Россети.run(Выручка в рублях сверка дашбордов ПАО Россети:55)
	at com.kms.katalon.core.main.ScriptEngine.run(ScriptEngine.java:194)
	at com.kms.katalon.core.main.ScriptEngine.runScriptAsRawText(ScriptEngine.java:119)
	at com.kms.katalon.core.main.TestCaseExecutor.runScript(TestCaseExecutor.java:448)
	at com.kms.katalon.core.main.TestCaseExecutor.doExecute(TestCaseExecutor.java:439)
	at com.kms.katalon.core.main.TestCaseExecutor.processExecutionPhase(TestCaseExecutor.java:418)
	at com.kms.katalon.core.main.TestCaseExecutor.accessMainPhase(TestCaseExecutor.java:410)
	at com.kms.katalon.core.main.TestCaseExecutor.execute(TestCaseExecutor.java:285)
	at com.kms.katalon.core.common.CommonExecutor.accessTestCaseMainPhase(CommonExecutor.java:65)
	at com.kms.katalon.core.main.TestSuiteExecutor.accessTestSuiteMainPhase(TestSuiteExecutor.java:150)
	at com.kms.katalon.core.main.TestSuiteExecutor.execute(TestSuiteExecutor.java:106)
	at com.kms.katalon.core.main.TestCaseMain.startTestSuite(TestCaseMain.java:180)
	at TempTestSuite1741155213601.run(TempTestSuite1741155213601.groovy:35)
	at java.base/jdk.internal.reflect.NativeMethodAccessorImpl.invoke0(Native Method)
	at java.base/jdk.internal.reflect.NativeMethodAccessorImpl.invoke(NativeMethodAccessorImpl.java:77)
	at java.base/jdk.internal.reflect.DelegatingMethodAccessorImpl.invoke(DelegatingMethodAccessorImpl.java:43)
)

05-03-2025T09:59:14 - [TEST_STEP][PASSED] - a = replaceAll("\s+", "").trim(): null

05-03-2025T09:59:14 - [TEST_STEP][PASSED] - b = replaceAll("\s+", "").trim(): null

05-03-2025T09:59:14 - [TEST_STEP][PASSED] - Script1710234207206.WriteToExcel(todaysDate, run, vir, block, typeOfData, viruchka, vidget, nameOfBlock, a, b, dZO, x, y): null

05-03-2025T09:59:14 - [TEST_STEP][PASSED] - println(run): null

05-03-2025T09:59:14 - [TEST_STEP][PASSED] - if (run == 1): null

05-03-2025T09:59:14 - [TEST_STEP][PASSED] - typeOfData = "Млн": null

05-03-2025T09:59:14 - [TEST_STEP][PASSED] - println("todaysDate:" + todaysDate): null

05-03-2025T09:59:14 - [TEST_STEP][PASSED] - println("typeOfData:" + typeOfData): null

05-03-2025T09:59:14 - [TEST_STEP][PASSED] - viruchka = getText(findTestObject("Выручка в рублях/Фильтр Выручка" + nameOfBlock)): Text of object 'Object Repository/Выручка в рублях/Фильтр Выручка Выручка' is: 'ПЕРЕДАЧА ЭЛЕКТРОЭНЕРГИИ, внутренний оборот'

05-03-2025T09:59:15 - [MESSAGE][PASSED] - Text of object 'Object Repository/Выручка в рублях/Фильтр Выручка Выручка' is: 'ПЕРЕДАЧА ЭЛЕКТРОЭНЕРГИИ, внутренний оборот'

05-03-2025T09:59:15 - [TEST_STEP][PASSED] - println("viruchka" + viruchka): null

05-03-2025T09:59:15 - [TEST_STEP][PASSED] - println("vidget" + vidget): null

05-03-2025T09:59:15 - [TEST_STEP][PASSED] - println("a" + a): null

05-03-2025T09:59:15 - [TEST_STEP][PASSED] - println("b" + b): null

05-03-2025T09:59:15 - [TEST_STEP][PASSED] - sheetName = "Sheet1": null

05-03-2025T09:59:15 - [TEST_STEP][PASSED] - data = findTestData("PlanFact"): null

05-03-2025T09:59:15 - [TEST_STEP][PASSED] - n = data.getRowNumbers() + 1: null

05-03-2025T09:59:15 - [TEST_STEP][PASSED] - period = getText(findTestObject("Выручка в рублях/Фильтр Период")).trim(): Text of object 'Object Repository/Выручка в рублях/Фильтр Период' is: 'Январь 2025 года'

05-03-2025T09:59:15 - [MESSAGE][PASSED] - Text of object 'Object Repository/Выручка в рублях/Фильтр Период' is: 'Январь 2025 года'

05-03-2025T09:59:15 - [TEST_STEP][PASSED] - println(period): null

05-03-2025T09:59:15 - [TEST_STEP][PASSED] - if (period.findAll("[а-яА-Я]") == false): null

05-03-2025T09:59:15 - [TEST_STEP][PASSED] - dashboardName = "Выручка в рублях": null

05-03-2025T09:59:15 - [TEST_STEP][PASSED] - if (a == ""): null

05-03-2025T09:59:15 - [TEST_STEP][PASSED] - else: null

05-03-2025T09:59:15 - [TEST_STEP][PASSED] - x = a.toDouble(): null

05-03-2025T09:59:15 - [TEST_STEP][PASSED] - if (b == ""): null

05-03-2025T09:59:15 - [TEST_STEP][PASSED] - else: null

05-03-2025T09:59:15 - [TEST_STEP][PASSED] - y = b.toDouble(): null

05-03-2025T09:59:15 - [TEST_STEP][PASSED] - workbook01 = getWorkbook(excelFilePath): null

05-03-2025T09:59:15 - [TEST_STEP][PASSED] - sheet01 = getExcelSheet(workbook01, sheetName): null

05-03-2025T09:59:15 - [TEST_STEP][PASSED] - setValueToCellByIndex(sheet01, n, 0, dashboardName): null

05-03-2025T09:59:15 - [TEST_STEP][PASSED] - setValueToCellByIndex(sheet01, n, 1, dZO): null

05-03-2025T09:59:15 - [TEST_STEP][PASSED] - setValueToCellByIndex(sheet01, n, 2, vidget): null

05-03-2025T09:59:15 - [TEST_STEP][PASSED] - setValueToCellByIndex(sheet01, n, 3, viruchka): null

05-03-2025T09:59:15 - [TEST_STEP][PASSED] - setValueToCellByIndex(sheet01, n, 4, typeOfData): null

05-03-2025T09:59:15 - [TEST_STEP][PASSED] - if (a == "нет данных"): null

05-03-2025T09:59:15 - [TEST_STEP][PASSED] - else: null

05-03-2025T09:59:15 - [TEST_STEP][PASSED] - setValueToCellByIndex(sheet01, n, 5, x): null

05-03-2025T09:59:15 - [TEST_STEP][PASSED] - if (b == "нет данных"): null

05-03-2025T09:59:15 - [TEST_STEP][PASSED] - else: null

05-03-2025T09:59:15 - [TEST_STEP][PASSED] - setValueToCellByIndex(sheet01, n, 6, y): null

05-03-2025T09:59:15 - [TEST_STEP][PASSED] - setValueToCellByIndex(sheet01, n, 7, period): null

05-03-2025T09:59:15 - [TEST_STEP][PASSED] - setValueToCellByIndex(sheet01, n, 8, todaysDate): null

05-03-2025T09:59:15 - [TEST_STEP][PASSED] - n = n + 1: null

05-03-2025T09:59:15 - [TEST_STEP][PASSED] - saveWorkbook(excelFilePath, workbook01): null

05-03-2025T09:59:15 - [TEST_STEP][PASSED] - x = "": null

05-03-2025T09:59:15 - [TEST_STEP][PASSED] - y = "": null

05-03-2025T09:59:15 - [TEST_STEP][PASSED] - dZO = "Россети Волга": null

05-03-2025T09:59:15 - [TEST_STEP][PASSED] - if (verifyEqual(a33, b33) == false): Actual object 'null' and expected object 'null' are equal

05-03-2025T09:59:15 - [MESSAGE][PASSED] - Actual object 'null' and expected object 'null' are equal

05-03-2025T09:59:15 - [TEST_STEP][PASSED] - dZO = "Россети Кубань": null

05-03-2025T09:59:15 - [TEST_STEP][PASSED] - if (verifyEqual(a34, b34) == false): Actual object 'null' and expected object 'null' are equal

05-03-2025T09:59:15 - [MESSAGE][PASSED] - Actual object 'null' and expected object 'null' are equal

05-03-2025T09:59:15 - [TEST_STEP][PASSED] - dZO = "Россети Ленэнерго (ГК)": null

05-03-2025T09:59:15 - [TEST_STEP][PASSED] - if (verifyEqual(a35, b35) == false): Actual object 'null' and expected object 'null' are equal

05-03-2025T09:59:15 - [MESSAGE][PASSED] - Actual object 'null' and expected object 'null' are equal

05-03-2025T09:59:15 - [TEST_STEP][PASSED] - dZO = "Россети Московский регион": null

05-03-2025T09:59:15 - [TEST_STEP][PASSED] - if (verifyEqual(a36, b36) == false): Actual object 'null' and expected object 'null' are equal

05-03-2025T09:59:15 - [MESSAGE][PASSED] - Actual object 'null' and expected object 'null' are equal

05-03-2025T09:59:15 - [TEST_STEP][PASSED] - dZO = "Россети Северный Кавказ (ГК)": null

05-03-2025T09:59:15 - [TEST_STEP][FAILED] - if (verifyEqual(a37, b37) == false): null

05-03-2025T09:59:15 - [MESSAGE][FAILED] - Unable to verify equal between actual object '1 727' and expected object '-509' (Root cause: com.kms.katalon.core.exception.StepFailedException: Actual object '1 727' and expected object '-509' are not equal
	at com.kms.katalon.core.keyword.builtin.VerifyEqualKeyword$_verifyEqual_closure1.doCall(VerifyEqualKeyword.groovy:58)
	at com.kms.katalon.core.keyword.builtin.VerifyEqualKeyword$_verifyEqual_closure1.call(VerifyEqualKeyword.groovy)
	at com.kms.katalon.core.keyword.internal.KeywordMain.runKeyword(KeywordMain.groovy:75)
	at com.kms.katalon.core.keyword.builtin.VerifyEqualKeyword.verifyEqual(VerifyEqualKeyword.groovy:63)
	at com.kms.katalon.core.keyword.builtin.VerifyEqualKeyword.execute(VerifyEqualKeyword.groovy:44)
	at com.kms.katalon.core.keyword.internal.KeywordExecutor.executeKeywordForPlatform(KeywordExecutor.groovy:74)
	at com.kms.katalon.core.keyword.BuiltinKeywords.verifyEqual(BuiltinKeywords.groovy:146)
	at jdk.internal.reflect.GeneratedMethodAccessor25.invoke(Unknown Source)
	at java.base/jdk.internal.reflect.DelegatingMethodAccessorImpl.invoke(DelegatingMethodAccessorImpl.java:43)
	at Выручка в рублях сверка дашбордов ПАО Россети.Blocks(Выручка в рублях сверка дашбордов ПАО Россети:428)
	at Выручка в рублях сверка дашбордов ПАО Россети.ViruchkaChange(Выручка в рублях сверка дашбордов ПАО Россети:60)
	at Выручка в рублях сверка дашбордов ПАО Россети.run(Выручка в рублях сверка дашбордов ПАО Россети:55)
	at com.kms.katalon.core.main.ScriptEngine.run(ScriptEngine.java:194)
	at com.kms.katalon.core.main.ScriptEngine.runScriptAsRawText(ScriptEngine.java:119)
	at com.kms.katalon.core.main.TestCaseExecutor.runScript(TestCaseExecutor.java:448)
	at com.kms.katalon.core.main.TestCaseExecutor.doExecute(TestCaseExecutor.java:439)
	at com.kms.katalon.core.main.TestCaseExecutor.processExecutionPhase(TestCaseExecutor.java:418)
	at com.kms.katalon.core.main.TestCaseExecutor.accessMainPhase(TestCaseExecutor.java:410)
	at com.kms.katalon.core.main.TestCaseExecutor.execute(TestCaseExecutor.java:285)
	at com.kms.katalon.core.common.CommonExecutor.accessTestCaseMainPhase(CommonExecutor.java:65)
	at com.kms.katalon.core.main.TestSuiteExecutor.accessTestSuiteMainPhase(TestSuiteExecutor.java:150)
	at com.kms.katalon.core.main.TestSuiteExecutor.execute(TestSuiteExecutor.java:106)
	at com.kms.katalon.core.main.TestCaseMain.startTestSuite(TestCaseMain.java:180)
	at TempTestSuite1741155213601.run(TempTestSuite1741155213601.groovy:35)
	at java.base/jdk.internal.reflect.NativeMethodAccessorImpl.invoke0(Native Method)
	at java.base/jdk.internal.reflect.NativeMethodAccessorImpl.invoke(NativeMethodAccessorImpl.java:77)
	at java.base/jdk.internal.reflect.DelegatingMethodAccessorImpl.invoke(DelegatingMethodAccessorImpl.java:43)
)

05-03-2025T09:59:15 - [TEST_STEP][PASSED] - a = replaceAll("\s+", "").trim(): null

05-03-2025T09:59:15 - [TEST_STEP][PASSED] - b = replaceAll("\s+", "").trim(): null

05-03-2025T09:59:15 - [TEST_STEP][PASSED] - Script1710234207206.WriteToExcel(todaysDate, run, vir, block, typeOfData, viruchka, vidget, nameOfBlock, a, b, dZO, x, y): null

05-03-2025T09:59:15 - [TEST_STEP][PASSED] - println(run): null

05-03-2025T09:59:15 - [TEST_STEP][PASSED] - if (run == 1): null

05-03-2025T09:59:15 - [TEST_STEP][PASSED] - typeOfData = "Млн": null

05-03-2025T09:59:15 - [TEST_STEP][PASSED] - println("todaysDate:" + todaysDate): null

05-03-2025T09:59:15 - [TEST_STEP][PASSED] - println("typeOfData:" + typeOfData): null

05-03-2025T09:59:15 - [TEST_STEP][PASSED] - viruchka = getText(findTestObject("Выручка в рублях/Фильтр Выручка" + nameOfBlock)): Text of object 'Object Repository/Выручка в рублях/Фильтр Выручка Выручка' is: 'ПЕРЕДАЧА ЭЛЕКТРОЭНЕРГИИ, внутренний оборот'

05-03-2025T09:59:16 - [MESSAGE][PASSED] - Text of object 'Object Repository/Выручка в рублях/Фильтр Выручка Выручка' is: 'ПЕРЕДАЧА ЭЛЕКТРОЭНЕРГИИ, внутренний оборот'

05-03-2025T09:59:16 - [TEST_STEP][PASSED] - println("viruchka" + viruchka): null

05-03-2025T09:59:16 - [TEST_STEP][PASSED] - println("vidget" + vidget): null

05-03-2025T09:59:16 - [TEST_STEP][PASSED] - println("a" + a): null

05-03-2025T09:59:16 - [TEST_STEP][PASSED] - println("b" + b): null

05-03-2025T09:59:16 - [TEST_STEP][PASSED] - sheetName = "Sheet1": null

05-03-2025T09:59:16 - [TEST_STEP][PASSED] - data = findTestData("PlanFact"): null

05-03-2025T09:59:16 - [TEST_STEP][PASSED] - n = data.getRowNumbers() + 1: null

05-03-2025T09:59:16 - [TEST_STEP][PASSED] - period = getText(findTestObject("Выручка в рублях/Фильтр Период")).trim(): Text of object 'Object Repository/Выручка в рублях/Фильтр Период' is: 'Январь 2025 года'

05-03-2025T09:59:16 - [MESSAGE][PASSED] - Text of object 'Object Repository/Выручка в рублях/Фильтр Период' is: 'Январь 2025 года'

05-03-2025T09:59:16 - [TEST_STEP][PASSED] - println(period): null

05-03-2025T09:59:16 - [TEST_STEP][PASSED] - if (period.findAll("[а-яА-Я]") == false): null

05-03-2025T09:59:16 - [TEST_STEP][PASSED] - dashboardName = "Выручка в рублях": null

05-03-2025T09:59:16 - [TEST_STEP][PASSED] - if (a == ""): null

05-03-2025T09:59:16 - [TEST_STEP][PASSED] - else: null

05-03-2025T09:59:16 - [TEST_STEP][PASSED] - x = a.toDouble(): null

05-03-2025T09:59:16 - [TEST_STEP][PASSED] - if (b == ""): null

05-03-2025T09:59:16 - [TEST_STEP][PASSED] - else: null

05-03-2025T09:59:16 - [TEST_STEP][PASSED] - y = b.toDouble(): null

05-03-2025T09:59:16 - [TEST_STEP][PASSED] - workbook01 = getWorkbook(excelFilePath): null

05-03-2025T09:59:16 - [TEST_STEP][PASSED] - sheet01 = getExcelSheet(workbook01, sheetName): null

05-03-2025T09:59:16 - [TEST_STEP][PASSED] - setValueToCellByIndex(sheet01, n, 0, dashboardName): null

05-03-2025T09:59:16 - [TEST_STEP][PASSED] - setValueToCellByIndex(sheet01, n, 1, dZO): null

05-03-2025T09:59:16 - [TEST_STEP][PASSED] - setValueToCellByIndex(sheet01, n, 2, vidget): null

05-03-2025T09:59:16 - [TEST_STEP][PASSED] - setValueToCellByIndex(sheet01, n, 3, viruchka): null

05-03-2025T09:59:16 - [TEST_STEP][PASSED] - setValueToCellByIndex(sheet01, n, 4, typeOfData): null

05-03-2025T09:59:16 - [TEST_STEP][PASSED] - if (a == "нет данных"): null

05-03-2025T09:59:16 - [TEST_STEP][PASSED] - else: null

05-03-2025T09:59:16 - [TEST_STEP][PASSED] - setValueToCellByIndex(sheet01, n, 5, x): null

05-03-2025T09:59:16 - [TEST_STEP][PASSED] - if (b == "нет данных"): null

05-03-2025T09:59:16 - [TEST_STEP][PASSED] - else: null

05-03-2025T09:59:16 - [TEST_STEP][PASSED] - setValueToCellByIndex(sheet01, n, 6, y): null

05-03-2025T09:59:16 - [TEST_STEP][PASSED] - setValueToCellByIndex(sheet01, n, 7, period): null

05-03-2025T09:59:16 - [TEST_STEP][PASSED] - setValueToCellByIndex(sheet01, n, 8, todaysDate): null

05-03-2025T09:59:16 - [TEST_STEP][PASSED] - n = n + 1: null

05-03-2025T09:59:16 - [TEST_STEP][PASSED] - saveWorkbook(excelFilePath, workbook01): null

05-03-2025T09:59:16 - [TEST_STEP][PASSED] - x = "": null

05-03-2025T09:59:16 - [TEST_STEP][PASSED] - y = "": null

05-03-2025T09:59:16 - [TEST_STEP][PASSED] - dZO = "Россети Северо-Запад": null

05-03-2025T09:59:16 - [TEST_STEP][PASSED] - if (verifyEqual(a38, b38) == false): Actual object 'null' and expected object 'null' are equal

05-03-2025T09:59:16 - [MESSAGE][PASSED] - Actual object 'null' and expected object 'null' are equal

05-03-2025T09:59:16 - [TEST_STEP][PASSED] - dZO = "Россети Сибирь (ГК)": null

05-03-2025T09:59:16 - [TEST_STEP][PASSED] - if (verifyEqual(a39, b39) == false): Actual object 'null' and expected object 'null' are equal

05-03-2025T09:59:16 - [MESSAGE][PASSED] - Actual object 'null' and expected object 'null' are equal

05-03-2025T09:59:16 - [TEST_STEP][PASSED] - dZO = "Россети Томск": null

05-03-2025T09:59:16 - [TEST_STEP][PASSED] - if (verifyEqual(a310, b310) == false): Actual object 'null' and expected object 'null' are equal

05-03-2025T09:59:16 - [MESSAGE][PASSED] - Actual object 'null' and expected object 'null' are equal

05-03-2025T09:59:16 - [TEST_STEP][PASSED] - dZO = "Россети Тюмень": null

05-03-2025T09:59:16 - [TEST_STEP][PASSED] - if (verifyEqual(a311, b311) == false): Actual object 'null' and expected object 'null' are equal

05-03-2025T09:59:16 - [MESSAGE][PASSED] - Actual object 'null' and expected object 'null' are equal

05-03-2025T09:59:16 - [TEST_STEP][PASSED] - dZO = "Россети Урал (ГК)": null

05-03-2025T09:59:16 - [TEST_STEP][PASSED] - if (verifyEqual(a312, b312) == false): Actual object 'null' and expected object 'null' are equal

05-03-2025T09:59:16 - [MESSAGE][PASSED] - Actual object 'null' and expected object 'null' are equal

05-03-2025T09:59:16 - [TEST_STEP][PASSED] - dZO = "Россети ФСК ЕЭС": null

05-03-2025T09:59:16 - [TEST_STEP][PASSED] - if (verifyEqual(a313, b313) == false): Actual object 'null' and expected object 'null' are equal

05-03-2025T09:59:16 - [MESSAGE][PASSED] - Actual object 'null' and expected object 'null' are equal

05-03-2025T09:59:16 - [TEST_STEP][PASSED] - dZO = "Россети Центр": null

05-03-2025T09:59:16 - [TEST_STEP][PASSED] - if (verifyEqual(a314, b314) == false): Actual object 'null' and expected object 'null' are equal

05-03-2025T09:59:16 - [MESSAGE][PASSED] - Actual object 'null' and expected object 'null' are equal

05-03-2025T09:59:16 - [TEST_STEP][PASSED] - dZO = "Россети Центр и Приволжье (ГК)": null

05-03-2025T09:59:16 - [TEST_STEP][PASSED] - if (verifyEqual(a315, b315) == false): Actual object 'null' and expected object 'null' are equal

05-03-2025T09:59:16 - [MESSAGE][PASSED] - Actual object 'null' and expected object 'null' are equal

05-03-2025T09:59:16 - [TEST_STEP][PASSED] - dZO = "Россети Юг (ГК)": null

05-03-2025T09:59:16 - [TEST_STEP][PASSED] - if (verifyEqual(a316, b316) == false): Actual object '0' and expected object '0' are equal

05-03-2025T09:59:16 - [MESSAGE][PASSED] - Actual object '0' and expected object '0' are equal

05-03-2025T09:59:16 - [TEST_STEP][PASSED] - dZO = "Россети Янтарь": null

05-03-2025T09:59:16 - [TEST_STEP][PASSED] - if (verifyEqual(a317, b317) == false): Actual object 'null' and expected object 'null' are equal

05-03-2025T09:59:16 - [MESSAGE][PASSED] - Actual object 'null' and expected object 'null' are equal

05-03-2025T09:59:16 - [TEST_STEP][PASSED] - closeBrowser(): null

05-03-2025T09:59:17 - [MESSAGE][PASSED] - Browser is closed

05-03-2025T09:59:17 - [TEST_STEP][PASSED] - Script1710234207206.ViruchkaChange(run, vir, block, nameOfBlock, typeOfData, viruchka, vidget, todaysDate, a, b, dZO, x, y): null

05-03-2025T09:59:17 - [TEST_STEP][PASSED] - for ([vir = 1, vir < 4, (vir++)]): null

05-03-2025T09:59:17 - [TEST_STEP][PASSED] - Script1710234207206.Blocks(run, vir, block, nameOfBlock, typeOfData, viruchka, vidget, todaysDate, a, b, dZO, x, y): null

05-03-2025T09:59:17 - [TEST_STEP][PASSED] - i = <not implemented yet for class: org.codehaus.groovy.ast.expr.EmptyExpression>: null

05-03-2025T09:59:17 - [TEST_STEP][PASSED] - perc = "": null

05-03-2025T09:59:17 - [TEST_STEP][PASSED] - a1 = <not implemented yet for class: org.codehaus.groovy.ast.expr.EmptyExpression>: null

05-03-2025T09:59:17 - [TEST_STEP][PASSED] - a2 = <not implemented yet for class: org.codehaus.groovy.ast.expr.EmptyExpression>: null

05-03-2025T09:59:17 - [TEST_STEP][PASSED] - a30 = <not implemented yet for class: org.codehaus.groovy.ast.expr.EmptyExpression>: null

05-03-2025T09:59:17 - [TEST_STEP][PASSED] - a31 = <not implemented yet for class: org.codehaus.groovy.ast.expr.EmptyExpression>: null

05-03-2025T09:59:17 - [TEST_STEP][PASSED] - a32 = <not implemented yet for class: org.codehaus.groovy.ast.expr.EmptyExpression>: null

05-03-2025T09:59:17 - [TEST_STEP][PASSED] - a33 = <not implemented yet for class: org.codehaus.groovy.ast.expr.EmptyExpression>: null

05-03-2025T09:59:17 - [TEST_STEP][PASSED] - a34 = <not implemented yet for class: org.codehaus.groovy.ast.expr.EmptyExpression>: null

05-03-2025T09:59:17 - [TEST_STEP][PASSED] - a35 = <not implemented yet for class: org.codehaus.groovy.ast.expr.EmptyExpression>: null

05-03-2025T09:59:17 - [TEST_STEP][PASSED] - a36 = <not implemented yet for class: org.codehaus.groovy.ast.expr.EmptyExpression>: null

05-03-2025T09:59:17 - [TEST_STEP][PASSED] - a37 = <not implemented yet for class: org.codehaus.groovy.ast.expr.EmptyExpression>: null

05-03-2025T09:59:17 - [TEST_STEP][PASSED] - a38 = <not implemented yet for class: org.codehaus.groovy.ast.expr.EmptyExpression>: null

05-03-2025T09:59:17 - [TEST_STEP][PASSED] - a39 = <not implemented yet for class: org.codehaus.groovy.ast.expr.EmptyExpression>: null

05-03-2025T09:59:17 - [TEST_STEP][PASSED] - a310 = <not implemented yet for class: org.codehaus.groovy.ast.expr.EmptyExpression>: null

05-03-2025T09:59:17 - [TEST_STEP][PASSED] - a311 = <not implemented yet for class: org.codehaus.groovy.ast.expr.EmptyExpression>: null

05-03-2025T09:59:17 - [TEST_STEP][PASSED] - a312 = <not implemented yet for class: org.codehaus.groovy.ast.expr.EmptyExpression>: null

05-03-2025T09:59:17 - [TEST_STEP][PASSED] - a313 = <not implemented yet for class: org.codehaus.groovy.ast.expr.EmptyExpression>: null

05-03-2025T09:59:17 - [TEST_STEP][PASSED] - a314 = <not implemented yet for class: org.codehaus.groovy.ast.expr.EmptyExpression>: null

05-03-2025T09:59:17 - [TEST_STEP][PASSED] - a315 = <not implemented yet for class: org.codehaus.groovy.ast.expr.EmptyExpression>: null

05-03-2025T09:59:17 - [TEST_STEP][PASSED] - a316 = <not implemented yet for class: org.codehaus.groovy.ast.expr.EmptyExpression>: null

05-03-2025T09:59:17 - [TEST_STEP][PASSED] - a317 = <not implemented yet for class: org.codehaus.groovy.ast.expr.EmptyExpression>: null

05-03-2025T09:59:17 - [TEST_STEP][PASSED] - b1 = <not implemented yet for class: org.codehaus.groovy.ast.expr.EmptyExpression>: null

05-03-2025T09:59:17 - [TEST_STEP][PASSED] - b2 = <not implemented yet for class: org.codehaus.groovy.ast.expr.EmptyExpression>: null

05-03-2025T09:59:17 - [TEST_STEP][PASSED] - b30 = <not implemented yet for class: org.codehaus.groovy.ast.expr.EmptyExpression>: null

05-03-2025T09:59:17 - [TEST_STEP][PASSED] - b31 = <not implemented yet for class: org.codehaus.groovy.ast.expr.EmptyExpression>: null

05-03-2025T09:59:17 - [TEST_STEP][PASSED] - b32 = <not implemented yet for class: org.codehaus.groovy.ast.expr.EmptyExpression>: null

05-03-2025T09:59:17 - [TEST_STEP][PASSED] - b33 = <not implemented yet for class: org.codehaus.groovy.ast.expr.EmptyExpression>: null

05-03-2025T09:59:17 - [TEST_STEP][PASSED] - b34 = <not implemented yet for class: org.codehaus.groovy.ast.expr.EmptyExpression>: null

05-03-2025T09:59:17 - [TEST_STEP][PASSED] - b35 = <not implemented yet for class: org.codehaus.groovy.ast.expr.EmptyExpression>: null

05-03-2025T09:59:17 - [TEST_STEP][PASSED] - b36 = <not implemented yet for class: org.codehaus.groovy.ast.expr.EmptyExpression>: null

05-03-2025T09:59:17 - [TEST_STEP][PASSED] - b37 = <not implemented yet for class: org.codehaus.groovy.ast.expr.EmptyExpression>: null

05-03-2025T09:59:17 - [TEST_STEP][PASSED] - b38 = <not implemented yet for class: org.codehaus.groovy.ast.expr.EmptyExpression>: null

05-03-2025T09:59:17 - [TEST_STEP][PASSED] - b39 = <not implemented yet for class: org.codehaus.groovy.ast.expr.EmptyExpression>: null

05-03-2025T09:59:17 - [TEST_STEP][PASSED] - b310 = <not implemented yet for class: org.codehaus.groovy.ast.expr.EmptyExpression>: null

05-03-2025T09:59:17 - [TEST_STEP][PASSED] - b311 = <not implemented yet for class: org.codehaus.groovy.ast.expr.EmptyExpression>: null

05-03-2025T09:59:17 - [TEST_STEP][PASSED] - b312 = <not implemented yet for class: org.codehaus.groovy.ast.expr.EmptyExpression>: null

05-03-2025T09:59:17 - [TEST_STEP][PASSED] - b313 = <not implemented yet for class: org.codehaus.groovy.ast.expr.EmptyExpression>: null

05-03-2025T09:59:17 - [TEST_STEP][PASSED] - b314 = <not implemented yet for class: org.codehaus.groovy.ast.expr.EmptyExpression>: null

05-03-2025T09:59:17 - [TEST_STEP][PASSED] - b315 = <not implemented yet for class: org.codehaus.groovy.ast.expr.EmptyExpression>: null

05-03-2025T09:59:17 - [TEST_STEP][PASSED] - b316 = <not implemented yet for class: org.codehaus.groovy.ast.expr.EmptyExpression>: null

05-03-2025T09:59:17 - [TEST_STEP][PASSED] - b317 = <not implemented yet for class: org.codehaus.groovy.ast.expr.EmptyExpression>: null

05-03-2025T09:59:17 - [TEST_STEP][PASSED] - block = 1: null

05-03-2025T09:59:17 - [TEST_STEP][PASSED] - nameOfBlock = "": null

05-03-2025T09:59:17 - [TEST_STEP][PASSED] - Script1710234207206.PreSettings(run, vir, block, nameOfBlock, typeOfData, todaysDate): null

05-03-2025T09:59:17 - [TEST_STEP][PASSED] - openBrowser(""): Browser is opened with url: ''

05-03-2025T09:59:17 - [MESSAGE][INFO] - Starting 'Chrome' driver

05-03-2025T09:59:17 - [MESSAGE][INFO] - Action delay is set to 0 milliseconds

05-03-2025T09:59:18 - [MESSAGE][PASSED] - Browser is opened with url: ''

05-03-2025T09:59:18 - [TEST_STEP][PASSED] - refresh(): Refresh successfully

05-03-2025T09:59:18 - [MESSAGE][PASSED] - Refresh successfully

05-03-2025T09:59:18 - [TEST_STEP][PASSED] - delay(50): Delayed 50 second(s)

05-03-2025T10:00:08 - [MESSAGE][PASSED] - Delayed 50 second(s)

05-03-2025T10:00:08 - [TEST_STEP][PASSED] - println("run:" + run): null

05-03-2025T10:00:08 - [TEST_STEP][PASSED] - println("vir:" + vir): null

05-03-2025T10:00:08 - [TEST_STEP][PASSED] - println("block:" + block): null

05-03-2025T10:00:08 - [TEST_STEP][PASSED] - if (block == 1): null

05-03-2025T10:00:08 - [TEST_STEP][PASSED] - nameOfBlock = "": null

05-03-2025T10:00:08 - [TEST_STEP][PASSED] - println("nameOfBlock:" + nameOfBlock): null

05-03-2025T10:00:08 - [TEST_STEP][PASSED] - println("typeOfData:" + typeOfData): null

05-03-2025T10:00:08 - [TEST_STEP][PASSED] - println("todaysDate:" + todaysDate): null

05-03-2025T10:00:08 - [TEST_STEP][PASSED] - Script1710234207206.Autorization(block, nameOfBlock): null

05-03-2025T10:00:08 - [TEST_STEP][PASSED] - i = <not implemented yet for class: org.codehaus.groovy.ast.expr.EmptyExpression>: null

05-03-2025T10:00:08 - [TEST_STEP][PASSED] - ii = <not implemented yet for class: org.codehaus.groovy.ast.expr.EmptyExpression>: null

05-03-2025T10:00:08 - [TEST_STEP][PASSED] - urlData = <not implemented yet for class: org.codehaus.groovy.ast.expr.EmptyExpression>: null

05-03-2025T10:00:08 - [TEST_STEP][PASSED] - searchWord = <not implemented yet for class: org.codehaus.groovy.ast.expr.EmptyExpression>: null

05-03-2025T10:00:08 - [TEST_STEP][PASSED] - urlText = <not implemented yet for class: org.codehaus.groovy.ast.expr.EmptyExpression>: null

05-03-2025T10:00:08 - [TEST_STEP][PASSED] - println("block:" + block): null

05-03-2025T10:00:08 - [TEST_STEP][PASSED] - if (block == 1): null

05-03-2025T10:00:08 - [TEST_STEP][PASSED] - nameOfBlock = "": null

05-03-2025T10:00:08 - [TEST_STEP][PASSED] - println("nameOfBlock:" + nameOfBlock): null

05-03-2025T10:00:08 - [TEST_STEP][PASSED] - if (block == 1): Delayed 45 second(s)

05-03-2025T10:00:08 - [TEST_STEP][PASSED] - urlData = 2: null

05-03-2025T10:00:08 - [TEST_STEP][PASSED] - delay(45): Delayed 45 second(s)

05-03-2025T10:00:53 - [MESSAGE][PASSED] - Delayed 45 second(s)

05-03-2025T10:00:53 - [TEST_STEP][PASSED] - navigateToUrl(findTestData("PlanFact").getValue(10, urlData)): Navigate to 'https://bi.rosseti.digital/viewer?dashboardGuid=2301950b23be4ed89c1df75f2020051e&sheetGuid=b723206f698544fb87299f3095c00435&fit=true' successfully

05-03-2025T10:00:57 - [MESSAGE][PASSED] - Navigate to 'https://bi.rosseti.digital/viewer?dashboardGuid=2301950b23be4ed89c1df75f2020051e&sheetGuid=b723206f698544fb87299f3095c00435&fit=true' successfully

05-03-2025T10:00:57 - [TEST_STEP][PASSED] - urlText = getText(findTestObject("Страница авторизации/Text")): Text of object 'Object Repository/Страница авторизации/Text' is: 'Вход'

05-03-2025T10:00:59 - [MESSAGE][PASSED] - Text of object 'Object Repository/Страница авторизации/Text' is: 'Вход'

05-03-2025T10:00:59 - [TEST_STEP][PASSED] - searchWord = "Вход": null

05-03-2025T10:00:59 - [TEST_STEP][PASSED] - if (urlText == null || urlText.contains("ошибка") || urlText.contains(searchWord) == false): null

05-03-2025T10:00:59 - [TEST_STEP][PASSED] - if (verifyElementPresent(findTestObject("Страница авторизации/button_"), 30) == true): null

05-03-2025T10:00:59 - [MESSAGE][PASSED] - Object 'Object Repository/Страница авторизации/button_' is present

05-03-2025T10:00:59 - [TEST_STEP][PASSED] - setText(findTestObject("Страница авторизации/input__username"), findTestData("PlanFact").getValue(8, 1)): Text 'liazgina-di' is set on object 'Object Repository/Страница авторизации/input__username'

05-03-2025T10:00:59 - [MESSAGE][PASSED] - Text 'liazgina-di' is set on object 'Object Repository/Страница авторизации/input__username'

05-03-2025T10:00:59 - [TEST_STEP][PASSED] - setText(findTestObject("Страница авторизации/input__password"), findTestData("PlanFact").getValue(9, 1)): Text ')$%5srZ8o688Dm#q' is set on object 'Object Repository/Страница авторизации/input__password'

05-03-2025T10:01:00 - [MESSAGE][PASSED] - Text ')$%5srZ8o688Dm#q' is set on object 'Object Repository/Страница авторизации/input__password'

05-03-2025T10:01:00 - [TEST_STEP][PASSED] - click(findTestObject("Страница авторизации/button_")): Object: 'Object Repository/Страница авторизации/button_' is clicked on

05-03-2025T10:01:01 - [MESSAGE][PASSED] - Object: 'Object Repository/Страница авторизации/button_' is clicked on

05-03-2025T10:01:01 - [TEST_STEP][PASSED] - delay(45): Delayed 45 second(s)

05-03-2025T10:01:46 - [MESSAGE][PASSED] - Delayed 45 second(s)

05-03-2025T10:01:46 - [TEST_STEP][PASSED] - urlText = getText(findTestObject("Страница авторизации/Text")): Text of object 'Object Repository/Страница авторизации/Text' is: 'Период
Январь 2025 года
Выручка
Все
Выполнение плановых показателей по ПАО Россети за Январь 2025 года
План
Факт
Динамика
2025 год
0 млн.руб.
20 000 млн.руб.
40 000 млн.руб.
60 000 млн.руб.
80 000 млн.руб.
100 000 млн.руб.
120 000 млн.руб.
140 000 млн.руб.
160 000 млн.руб.
180 000 млн.руб.
200 000 млн.руб.
121 309
157 865
↑
ДЗО 
ПАО Россети
Внутренний оборот - выручка за услуги по передаче электрической энергии, учтенная в выручке за электроэнергию для конечных потребителей, при выполнении ДЗО функций гарантирующего поставщика
Подписи данных
⬤Отклонение
АО "РЭС"
АО «Тываэнерго»
АО «Чеченэнерго»
Россети Волга
Россети Кубань
Россети Ленэнерго (ГК)
Россети Московский регион
Россети Северный Кавказ (ГК)
Россети Северо-Запад
Россети Сибирь (ГК)
Россети Томск
Россети Тюмень
Россети Урал (ГК)
Россети ФСК ЕЭС
Россети Центр
Россети Центр и Приволжье (ГК)
Россети Юг (ГК)
Россети Янтарь
-2 000 млн.руб.
0 млн.руб.
2 000 млн.руб.
4 000 млн.руб.
6 000 млн.руб.
8 000 млн.руб.
10 000 млн.руб.
12 000 млн.руб.
14 000 млн.руб.
-73
274
463
1 630
-54
-403
8 709
3 799
-251
11 296
-58
-1 104
-474
-59
-675
13 055
500
-19
млн.
%
Выручка
Отклонение выручки по ПАО Россети за Январь 2025 года (факт/план, млн. руб)
ПАО Россети
36 556 млн.руб.
 '

05-03-2025T10:01:47 - [MESSAGE][PASSED] - Text of object 'Object Repository/Страница авторизации/Text' is: 'Период
Январь 2025 года
Выручка
Все
Выполнение плановых показателей по ПАО Россети за Январь 2025 года
План
Факт
Динамика
2025 год
0 млн.руб.
20 000 млн.руб.
40 000 млн.руб.
60 000 млн.руб.
80 000 млн.руб.
100 000 млн.руб.
120 000 млн.руб.
140 000 млн.руб.
160 000 млн.руб.
180 000 млн.руб.
200 000 млн.руб.
121 309
157 865
↑
ДЗО 
ПАО Россети
Внутренний оборот - выручка за услуги по передаче электрической энергии, учтенная в выручке за электроэнергию для конечных потребителей, при выполнении ДЗО функций гарантирующего поставщика
Подписи данных
⬤Отклонение
АО "РЭС"
АО «Тываэнерго»
АО «Чеченэнерго»
Россети Волга
Россети Кубань
Россети Ленэнерго (ГК)
Россети Московский регион
Россети Северный Кавказ (ГК)
Россети Северо-Запад
Россети Сибирь (ГК)
Россети Томск
Россети Тюмень
Россети Урал (ГК)
Россети ФСК ЕЭС
Россети Центр
Россети Центр и Приволжье (ГК)
Россети Юг (ГК)
Россети Янтарь
-2 000 млн.руб.
0 млн.руб.
2 000 млн.руб.
4 000 млн.руб.
6 000 млн.руб.
8 000 млн.руб.
10 000 млн.руб.
12 000 млн.руб.
14 000 млн.руб.
-73
274
463
1 630
-54
-403
8 709
3 799
-251
11 296
-58
-1 104
-474
-59
-675
13 055
500
-19
млн.
%
Выручка
Отклонение выручки по ПАО Россети за Январь 2025 года (факт/план, млн. руб)
ПАО Россети
36 556 млн.руб.
 '

05-03-2025T10:01:47 - [TEST_STEP][PASSED] - searchWord = "а": null

05-03-2025T10:01:47 - [TEST_STEP][PASSED] - if (urlText.contains("ошибка") || urlText.contains(searchWord) == false): null

05-03-2025T10:01:47 - [TEST_STEP][PASSED] - delay(45): Delayed 45 second(s)

05-03-2025T10:02:32 - [MESSAGE][PASSED] - Delayed 45 second(s)

05-03-2025T10:02:32 - [TEST_STEP][PASSED] - if (block == 2): null

05-03-2025T10:02:32 - [TEST_STEP][PASSED] - click(findTestObject("Выручка в рублях/Фильтр Период" + nameOfBlock)): Object: 'Object Repository/Выручка в рублях/Фильтр Период' is clicked on

05-03-2025T10:02:32 - [MESSAGE][PASSED] - Object: 'Object Repository/Выручка в рублях/Фильтр Период' is clicked on

05-03-2025T10:02:32 - [TEST_STEP][PASSED] - click(findTestObject("Выручка в рублях/Снять выделение в фильтре Дата" + nameOfBlock)): Object: 'Object Repository/Выручка в рублях/Снять выделение в фильтре Дата' is clicked on

05-03-2025T10:02:33 - [MESSAGE][PASSED] - Object: 'Object Repository/Выручка в рублях/Снять выделение в фильтре Дата' is clicked on

05-03-2025T10:02:33 - [TEST_STEP][PASSED] - click(findTestObject("Выручка в рублях/Применить в фильтре Дата" + nameOfBlock)): Object: 'Object Repository/Выручка в рублях/Применить в фильтре Дата' is clicked on

05-03-2025T10:02:33 - [MESSAGE][PASSED] - Object: 'Object Repository/Выручка в рублях/Применить в фильтре Дата' is clicked on

05-03-2025T10:02:33 - [TEST_STEP][PASSED] - delay(50): Delayed 50 second(s)

05-03-2025T10:03:23 - [MESSAGE][PASSED] - Delayed 50 second(s)

05-03-2025T10:03:23 - [TEST_STEP][PASSED] - click(findTestObject("Выручка в рублях/Фильтр Период" + nameOfBlock)): Object: 'Object Repository/Выручка в рублях/Фильтр Период' is clicked on

05-03-2025T10:03:23 - [MESSAGE][PASSED] - Object: 'Object Repository/Выручка в рублях/Фильтр Период' is clicked on

05-03-2025T10:03:23 - [TEST_STEP][PASSED] - click(findTestObject("Выручка в рублях/Снять выделение в фильтре Дата" + nameOfBlock)): Object: 'Object Repository/Выручка в рублях/Снять выделение в фильтре Дата' is clicked on

05-03-2025T10:03:24 - [MESSAGE][PASSED] - Object: 'Object Repository/Выручка в рублях/Снять выделение в фильтре Дата' is clicked on

05-03-2025T10:03:24 - [TEST_STEP][PASSED] - scrollToElement(findTestObject("Выручка в рублях/2025 список" + nameOfBlock), 30): Scroll to object 'Object Repository/Выручка в рублях/2025 список' successfully

05-03-2025T10:03:24 - [MESSAGE][PASSED] - Scroll to object 'Object Repository/Выручка в рублях/2025 список' successfully

05-03-2025T10:03:24 - [TEST_STEP][PASSED] - click(findTestObject("Выручка в рублях/2025 список" + nameOfBlock)): Object: 'Object Repository/Выручка в рублях/2025 список' is clicked on

05-03-2025T10:03:24 - [MESSAGE][PASSED] - Object: 'Object Repository/Выручка в рублях/2025 список' is clicked on

05-03-2025T10:03:24 - [TEST_STEP][PASSED] - scrollToElement(findTestObject("Выручка в рублях/1 квартал 2025 список Выручка"), 30): Scroll to object 'Object Repository/Выручка в рублях/1 квартал 2025 список Выручка' successfully

05-03-2025T10:03:25 - [MESSAGE][PASSED] - Scroll to object 'Object Repository/Выручка в рублях/1 квартал 2025 список Выручка' successfully

05-03-2025T10:03:25 - [TEST_STEP][PASSED] - click(findTestObject("Выручка в рублях/1 квартал 2025 список" + nameOfBlock)): Object: 'Object Repository/Выручка в рублях/1 квартал 2025 список' is clicked on

05-03-2025T10:03:25 - [MESSAGE][PASSED] - Object: 'Object Repository/Выручка в рублях/1 квартал 2025 список' is clicked on

05-03-2025T10:03:25 - [TEST_STEP][PASSED] - scrollToElement(findTestObject("Выручка в рублях/Январь 2025" + nameOfBlock), 30): Scroll to object 'Object Repository/Выручка в рублях/Январь 2025' successfully

05-03-2025T10:03:26 - [MESSAGE][PASSED] - Scroll to object 'Object Repository/Выручка в рублях/Январь 2025' successfully

05-03-2025T10:03:26 - [TEST_STEP][PASSED] - click(findTestObject("Выручка в рублях/Январь 2025" + nameOfBlock)): Object: 'Object Repository/Выручка в рублях/Январь 2025' is clicked on

05-03-2025T10:03:26 - [MESSAGE][PASSED] - Object: 'Object Repository/Выручка в рублях/Январь 2025' is clicked on

05-03-2025T10:03:26 - [TEST_STEP][PASSED] - scrollToElement(findTestObject("Выручка в рублях/Заголовок дашборда" + nameOfBlock), 30): Scroll to object 'Object Repository/Выручка в рублях/Заголовок дашборда' successfully

05-03-2025T10:03:26 - [MESSAGE][PASSED] - Scroll to object 'Object Repository/Выручка в рублях/Заголовок дашборда' successfully

05-03-2025T10:03:26 - [TEST_STEP][PASSED] - click(findTestObject("Выручка в рублях/Применить в фильтре Дата" + nameOfBlock)): Object: 'Object Repository/Выручка в рублях/Применить в фильтре Дата' is clicked on

05-03-2025T10:03:27 - [MESSAGE][PASSED] - Object: 'Object Repository/Выручка в рублях/Применить в фильтре Дата' is clicked on

05-03-2025T10:03:27 - [TEST_STEP][PASSED] - delay(55): Delayed 55 second(s)

05-03-2025T10:04:22 - [MESSAGE][PASSED] - Delayed 55 second(s)

05-03-2025T10:04:22 - [TEST_STEP][PASSED] - click(findTestObject("Выручка в рублях/Фильтр ДЗО" + nameOfBlock)): Object: 'Object Repository/Выручка в рублях/Фильтр ДЗО' is clicked on

05-03-2025T10:04:23 - [MESSAGE][PASSED] - Object: 'Object Repository/Выручка в рублях/Фильтр ДЗО' is clicked on

05-03-2025T10:04:23 - [TEST_STEP][PASSED] - click(findTestObject("Выручка в рублях/Снять выделение в фильтре ДЗО" + nameOfBlock)): Object: 'Object Repository/Выручка в рублях/Снять выделение в фильтре ДЗО' is clicked on

05-03-2025T10:04:23 - [MESSAGE][PASSED] - Object: 'Object Repository/Выручка в рублях/Снять выделение в фильтре ДЗО' is clicked on

05-03-2025T10:04:23 - [TEST_STEP][PASSED] - click(findTestObject("Выручка в рублях/Применить в фильтре ДЗО" + nameOfBlock)): Object: 'Object Repository/Выручка в рублях/Применить в фильтре ДЗО' is clicked on

05-03-2025T10:04:24 - [MESSAGE][PASSED] - Object: 'Object Repository/Выручка в рублях/Применить в фильтре ДЗО' is clicked on

05-03-2025T10:04:24 - [TEST_STEP][PASSED] - delay(50): Delayed 50 second(s)

05-03-2025T10:05:14 - [MESSAGE][PASSED] - Delayed 50 second(s)

05-03-2025T10:05:14 - [TEST_STEP][PASSED] - Script1710234207206.Tumbler(run, vir, block, nameOfBlock): null

05-03-2025T10:05:14 - [TEST_STEP][PASSED] - println("run:" + run): null

05-03-2025T10:05:14 - [TEST_STEP][PASSED] - println("vir:" + vir): null

05-03-2025T10:05:14 - [TEST_STEP][PASSED] - println("block:" + block): null

05-03-2025T10:05:14 - [TEST_STEP][PASSED] - println("nameOfBlock:" + nameOfBlock): null

05-03-2025T10:05:14 - [TEST_STEP][PASSED] - if (vir == 1): Object: 'Object Repository/Выручка в рублях/Переключить отображение с млн на проценты Выручка в рублях' is clicked on

05-03-2025T10:05:14 - [TEST_STEP][PASSED] - if (run == 2): Object: 'Object Repository/Выручка в рублях/Переключить отображение с млн на проценты Выручка в рублях' is clicked on

05-03-2025T10:05:14 - [TEST_STEP][PASSED] - click(findTestObject("Выручка в рублях/Переключить отображение с млн на проценты Выручка в рублях" + nameOfBlock)): Object: 'Object Repository/Выручка в рублях/Переключить отображение с млн на проценты Выручка в рублях' is clicked on

05-03-2025T10:05:14 - [MESSAGE][PASSED] - Object: 'Object Repository/Выручка в рублях/Переключить отображение с млн на проценты Выручка в рублях' is clicked on

05-03-2025T10:05:14 - [TEST_STEP][PASSED] - click(findTestObject("Выручка в рублях/Фильтр ДЗО" + nameOfBlock)): Object: 'Object Repository/Выручка в рублях/Фильтр ДЗО' is clicked on

05-03-2025T10:05:15 - [MESSAGE][PASSED] - Object: 'Object Repository/Выручка в рублях/Фильтр ДЗО' is clicked on

05-03-2025T10:05:15 - [TEST_STEP][PASSED] - Script1710234207206.Rosseti(nameOfBlock): null

05-03-2025T10:05:15 - [TEST_STEP][PASSED] - println("nameOfBlock:" + nameOfBlock): null

05-03-2025T10:05:15 - [TEST_STEP][PASSED] - click(findTestObject("Выручка в рублях/ПАО Россети" + nameOfBlock)): Object: 'Object Repository/Выручка в рублях/ПАО Россети' is clicked on

05-03-2025T10:05:15 - [MESSAGE][PASSED] - Object: 'Object Repository/Выручка в рублях/ПАО Россети' is clicked on

05-03-2025T10:05:15 - [TEST_STEP][PASSED] - click(findTestObject("Выручка в рублях/Применить в фильтре ДЗО" + nameOfBlock)): Object: 'Object Repository/Выручка в рублях/Применить в фильтре ДЗО' is clicked on

05-03-2025T10:05:16 - [MESSAGE][PASSED] - Object: 'Object Repository/Выручка в рублях/Применить в фильтре ДЗО' is clicked on

05-03-2025T10:05:16 - [TEST_STEP][PASSED] - if (run == 2): null

05-03-2025T10:05:16 - [TEST_STEP][PASSED] - perc = " Perc": null

05-03-2025T10:05:16 - [TEST_STEP][PASSED] - if (vir == 1 || vir == 2): Text of object 'Object Repository/Выручка в рублях/График План' is: '121 309'

05-03-2025T10:05:16 - [TEST_STEP][PASSED] - a1 = getText(findTestObject("Выручка в рублях/График План")): Text of object 'Object Repository/Выручка в рублях/График План' is: '121 309'

05-03-2025T10:05:20 - [MESSAGE][PASSED] - Text of object 'Object Repository/Выручка в рублях/График План' is: '121 309'

05-03-2025T10:05:20 - [TEST_STEP][PASSED] - if (vir == 1 || vir == 2): Text of object 'Object Repository/Выручка в рублях/График Факт' is: '157 865'

05-03-2025T10:05:20 - [TEST_STEP][PASSED] - a2 = getText(findTestObject("Выручка в рублях/График Факт")): Text of object 'Object Repository/Выручка в рублях/График Факт' is: '157 865'

05-03-2025T10:05:20 - [MESSAGE][PASSED] - Text of object 'Object Repository/Выручка в рублях/График Факт' is: '157 865'

05-03-2025T10:05:20 - [TEST_STEP][PASSED] - a30 = getText(findTestObject("Выручка в рублях/span1" + perc)): Text of object 'Object Repository/Выручка в рублях/span1 Perc' is: '-100 %'

05-03-2025T10:05:21 - [MESSAGE][PASSED] - Text of object 'Object Repository/Выручка в рублях/span1 Perc' is: '-100 %'

05-03-2025T10:05:21 - [TEST_STEP][PASSED] - i = a30.indexOf("млн.руб."): null

05-03-2025T10:05:21 - [TEST_STEP][PASSED] - if (i > -1): null

05-03-2025T10:05:21 - [TEST_STEP][PASSED] - if (a30.contains("%")): null

05-03-2025T10:05:21 - [TEST_STEP][PASSED] - a30 = a30.replaceAll("%", ""): null

05-03-2025T10:05:21 - [TEST_STEP][PASSED] - a30 = ").trim(): null

05-03-2025T10:05:21 - [TEST_STEP][PASSED] - println("a30: " + a30): null

05-03-2025T10:05:21 - [TEST_STEP][PASSED] - if (vir == 1 || vir == 2): Text of object 'Object Repository/Выручка в рублях/span2 Perc' is: 'ПАО Россети'

05-03-2025T10:05:21 - [TEST_STEP][PASSED] - a31 = ").trim(): Text of object 'Object Repository/Выручка в рублях/span2 Perc' is: 'ПАО Россети'

05-03-2025T10:05:21 - [MESSAGE][PASSED] - Text of object 'Object Repository/Выручка в рублях/span2 Perc' is: 'ПАО Россети'

05-03-2025T10:05:21 - [TEST_STEP][PASSED] - if (vir == 1 || vir == 2): Text of object 'Object Repository/Выручка в рублях/span3 Perc' is: ''

05-03-2025T10:05:21 - [TEST_STEP][PASSED] - a32 = ").trim(): Text of object 'Object Repository/Выручка в рублях/span3 Perc' is: ''

05-03-2025T10:05:21 - [MESSAGE][PASSED] - Text of object 'Object Repository/Выручка в рублях/span3 Perc' is: ''

05-03-2025T10:05:21 - [TEST_STEP][PASSED] - if (vir == 1 || vir == 2): Text of object 'Object Repository/Выручка в рублях/span8 Perc' is: '-100 %'

05-03-2025T10:05:21 - [TEST_STEP][PASSED] - a33 = ").trim(): Text of object 'Object Repository/Выручка в рублях/span4 Perc' is: ''

05-03-2025T10:05:22 - [MESSAGE][PASSED] - Text of object 'Object Repository/Выручка в рублях/span4 Perc' is: ''

05-03-2025T10:05:22 - [TEST_STEP][PASSED] - a34 = ").trim(): Text of object 'Object Repository/Выручка в рублях/span5 Perc' is: '-100 %'

05-03-2025T10:05:22 - [MESSAGE][PASSED] - Text of object 'Object Repository/Выручка в рублях/span5 Perc' is: '-100 %'

05-03-2025T10:05:22 - [TEST_STEP][PASSED] - a35 = ").trim(): Text of object 'Object Repository/Выручка в рублях/span6 Perc' is: '-100 %'

05-03-2025T10:05:22 - [MESSAGE][PASSED] - Text of object 'Object Repository/Выручка в рублях/span6 Perc' is: '-100 %'

05-03-2025T10:05:22 - [TEST_STEP][PASSED] - a36 = ").trim(): Text of object 'Object Repository/Выручка в рублях/span7 Perc' is: '-100 %'

05-03-2025T10:05:23 - [MESSAGE][PASSED] - Text of object 'Object Repository/Выручка в рублях/span7 Perc' is: '-100 %'

05-03-2025T10:05:23 - [TEST_STEP][PASSED] - a37 = ").trim(): Text of object 'Object Repository/Выручка в рублях/span8 Perc' is: '-100 %'

05-03-2025T10:05:23 - [MESSAGE][PASSED] - Text of object 'Object Repository/Выручка в рублях/span8 Perc' is: '-100 %'

05-03-2025T10:05:23 - [TEST_STEP][PASSED] - if (vir == 1 || vir == 2): Text of object 'Object Repository/Выручка в рублях/span17 Perc' is: '-100 %'

05-03-2025T10:05:23 - [TEST_STEP][PASSED] - a38 = ").trim(): Text of object 'Object Repository/Выручка в рублях/span9 Perc' is: '-100 %'

05-03-2025T10:05:23 - [MESSAGE][PASSED] - Text of object 'Object Repository/Выручка в рублях/span9 Perc' is: '-100 %'

05-03-2025T10:05:23 - [TEST_STEP][PASSED] - a39 = ").trim(): Text of object 'Object Repository/Выручка в рублях/span10 Perc' is: '-100 %'

05-03-2025T10:05:23 - [MESSAGE][PASSED] - Text of object 'Object Repository/Выручка в рублях/span10 Perc' is: '-100 %'

05-03-2025T10:05:23 - [TEST_STEP][PASSED] - a310 = ").trim(): Text of object 'Object Repository/Выручка в рублях/span11 Perc' is: '-100 %'

05-03-2025T10:05:24 - [MESSAGE][PASSED] - Text of object 'Object Repository/Выручка в рублях/span11 Perc' is: '-100 %'

05-03-2025T10:05:24 - [TEST_STEP][PASSED] - a311 = ").trim(): Text of object 'Object Repository/Выручка в рублях/span12 Perc' is: '-100 %'

05-03-2025T10:05:24 - [MESSAGE][PASSED] - Text of object 'Object Repository/Выручка в рублях/span12 Perc' is: '-100 %'

05-03-2025T10:05:24 - [TEST_STEP][PASSED] - a312 = ").trim(): Text of object 'Object Repository/Выручка в рублях/span13 Perc' is: '-100 %'

05-03-2025T10:05:24 - [MESSAGE][PASSED] - Text of object 'Object Repository/Выручка в рублях/span13 Perc' is: '-100 %'

05-03-2025T10:05:24 - [TEST_STEP][PASSED] - a313 = ").trim(): Text of object 'Object Repository/Выручка в рублях/span14 Perc' is: '-100 %'

05-03-2025T10:05:25 - [MESSAGE][PASSED] - Text of object 'Object Repository/Выручка в рублях/span14 Perc' is: '-100 %'

05-03-2025T10:05:25 - [TEST_STEP][PASSED] - a314 = ").trim(): Text of object 'Object Repository/Выручка в рублях/span15 Perc' is: '-100 %'

05-03-2025T10:05:25 - [MESSAGE][PASSED] - Text of object 'Object Repository/Выручка в рублях/span15 Perc' is: '-100 %'

05-03-2025T10:05:25 - [TEST_STEP][PASSED] - a315 = ").trim(): Text of object 'Object Repository/Выручка в рублях/span16 Perc' is: '-100 %'

05-03-2025T10:05:25 - [MESSAGE][PASSED] - Text of object 'Object Repository/Выручка в рублях/span16 Perc' is: '-100 %'

05-03-2025T10:05:25 - [TEST_STEP][PASSED] - a316 = ").trim(): Text of object 'Object Repository/Выручка в рублях/span17 Perc' is: '-100 %'

05-03-2025T10:05:26 - [MESSAGE][PASSED] - Text of object 'Object Repository/Выручка в рублях/span17 Perc' is: '-100 %'

05-03-2025T10:05:26 - [TEST_STEP][PASSED] - if (vir == 1 || vir == 2): Text of object 'Object Repository/Выручка в рублях/span18 Perc' is: '-100 %'

05-03-2025T10:05:26 - [TEST_STEP][PASSED] - a317 = ").trim(): Text of object 'Object Repository/Выручка в рублях/span18 Perc' is: '-100 %'

05-03-2025T10:05:26 - [MESSAGE][PASSED] - Text of object 'Object Repository/Выручка в рублях/span18 Perc' is: '-100 %'

05-03-2025T10:05:26 - [TEST_STEP][PASSED] - block = 2: null

05-03-2025T10:05:26 - [TEST_STEP][PASSED] - nameOfBlock = " Выручка": null

05-03-2025T10:05:26 - [TEST_STEP][PASSED] - Script1710234207206.PreSettings(run, vir, block, nameOfBlock, typeOfData, todaysDate): null

05-03-2025T10:05:26 - [TEST_STEP][PASSED] - openBrowser(""): Browser is opened with url: ''

05-03-2025T10:05:26 - [MESSAGE][WARNING] - A browser is already opened. Closing browser and opening a new one

05-03-2025T10:05:26 - [MESSAGE][INFO] - Starting 'Chrome' driver

05-03-2025T10:05:26 - [MESSAGE][INFO] - Action delay is set to 0 milliseconds

05-03-2025T10:05:27 - [MESSAGE][PASSED] - Browser is opened with url: ''

05-03-2025T10:05:27 - [TEST_STEP][PASSED] - refresh(): Refresh successfully

05-03-2025T10:05:27 - [MESSAGE][PASSED] - Refresh successfully

05-03-2025T10:05:27 - [TEST_STEP][PASSED] - delay(50): Delayed 50 second(s)

05-03-2025T10:06:17 - [MESSAGE][PASSED] - Delayed 50 second(s)

05-03-2025T10:06:17 - [TEST_STEP][PASSED] - println("run:" + run): null

05-03-2025T10:06:17 - [TEST_STEP][PASSED] - println("vir:" + vir): null

05-03-2025T10:06:17 - [TEST_STEP][PASSED] - println("block:" + block): null

05-03-2025T10:06:17 - [TEST_STEP][PASSED] - if (block == 1): null

05-03-2025T10:06:17 - [TEST_STEP][PASSED] - else: null

05-03-2025T10:06:17 - [TEST_STEP][PASSED] - nameOfBlock = " Выручка": null

05-03-2025T10:06:17 - [TEST_STEP][PASSED] - println("nameOfBlock:" + nameOfBlock): null

05-03-2025T10:06:17 - [TEST_STEP][PASSED] - println("typeOfData:" + typeOfData): null

05-03-2025T10:06:17 - [TEST_STEP][PASSED] - println("todaysDate:" + todaysDate): null

05-03-2025T10:06:17 - [TEST_STEP][PASSED] - Script1710234207206.Autorization(block, nameOfBlock): null

05-03-2025T10:06:17 - [TEST_STEP][PASSED] - i = <not implemented yet for class: org.codehaus.groovy.ast.expr.EmptyExpression>: null

05-03-2025T10:06:17 - [TEST_STEP][PASSED] - ii = <not implemented yet for class: org.codehaus.groovy.ast.expr.EmptyExpression>: null

05-03-2025T10:06:17 - [TEST_STEP][PASSED] - urlData = <not implemented yet for class: org.codehaus.groovy.ast.expr.EmptyExpression>: null

05-03-2025T10:06:17 - [TEST_STEP][PASSED] - searchWord = <not implemented yet for class: org.codehaus.groovy.ast.expr.EmptyExpression>: null

05-03-2025T10:06:17 - [TEST_STEP][PASSED] - urlText = <not implemented yet for class: org.codehaus.groovy.ast.expr.EmptyExpression>: null

05-03-2025T10:06:17 - [TEST_STEP][PASSED] - println("block:" + block): null

05-03-2025T10:06:17 - [TEST_STEP][PASSED] - if (block == 1): null

05-03-2025T10:06:17 - [TEST_STEP][PASSED] - else: null

05-03-2025T10:06:17 - [TEST_STEP][PASSED] - delay(45): Delayed 45 second(s)

05-03-2025T10:07:02 - [MESSAGE][PASSED] - Delayed 45 second(s)

05-03-2025T10:07:02 - [TEST_STEP][PASSED] - nameOfBlock = " Выручка": null

05-03-2025T10:07:02 - [TEST_STEP][PASSED] - println("nameOfBlock:" + nameOfBlock): null

05-03-2025T10:07:02 - [TEST_STEP][PASSED] - if (block == 1): null

05-03-2025T10:07:02 - [TEST_STEP][PASSED] - else: Delayed 45 second(s)

05-03-2025T10:07:02 - [TEST_STEP][PASSED] - urlData = 9: null

05-03-2025T10:07:02 - [TEST_STEP][PASSED] - delay(45): Delayed 45 second(s)

05-03-2025T10:07:47 - [MESSAGE][PASSED] - Delayed 45 second(s)

05-03-2025T10:07:47 - [TEST_STEP][PASSED] - navigateToUrl(findTestData("PlanFact").getValue(10, urlData)): Navigate to 'https://bi.rosseti.digital/viewer?dashboardGuid=a1fd28b3785d443cbc4d7690a1d78e31&sheetGuid=86092a20c5984827a0c87b24cac76a50&fit=true' successfully

05-03-2025T10:07:53 - [MESSAGE][PASSED] - Navigate to 'https://bi.rosseti.digital/viewer?dashboardGuid=a1fd28b3785d443cbc4d7690a1d78e31&sheetGuid=86092a20c5984827a0c87b24cac76a50&fit=true' successfully

05-03-2025T10:07:53 - [TEST_STEP][PASSED] - urlText = getText(findTestObject("Страница авторизации/Text")): Text of object 'Object Repository/Страница авторизации/Text' is: 'Вход'

05-03-2025T10:07:53 - [MESSAGE][PASSED] - Text of object 'Object Repository/Страница авторизации/Text' is: 'Вход'

05-03-2025T10:07:53 - [TEST_STEP][PASSED] - searchWord = "Вход": null

05-03-2025T10:07:53 - [TEST_STEP][PASSED] - if (urlText == null || urlText.contains("ошибка") || urlText.contains(searchWord) == false): null

05-03-2025T10:07:53 - [TEST_STEP][PASSED] - if (verifyElementPresent(findTestObject("Страница авторизации/button_"), 30) == true): null

05-03-2025T10:07:53 - [MESSAGE][PASSED] - Object 'Object Repository/Страница авторизации/button_' is present

05-03-2025T10:07:53 - [TEST_STEP][PASSED] - setText(findTestObject("Страница авторизации/input__username"), findTestData("PlanFact").getValue(8, 1)): Text 'liazgina-di' is set on object 'Object Repository/Страница авторизации/input__username'

05-03-2025T10:07:54 - [MESSAGE][PASSED] - Text 'liazgina-di' is set on object 'Object Repository/Страница авторизации/input__username'

05-03-2025T10:07:54 - [TEST_STEP][PASSED] - setText(findTestObject("Страница авторизации/input__password"), findTestData("PlanFact").getValue(9, 1)): Text ')$%5srZ8o688Dm#q' is set on object 'Object Repository/Страница авторизации/input__password'

05-03-2025T10:07:55 - [MESSAGE][PASSED] - Text ')$%5srZ8o688Dm#q' is set on object 'Object Repository/Страница авторизации/input__password'

05-03-2025T10:07:55 - [TEST_STEP][PASSED] - click(findTestObject("Страница авторизации/button_")): Object: 'Object Repository/Страница авторизации/button_' is clicked on

05-03-2025T10:07:56 - [MESSAGE][PASSED] - Object: 'Object Repository/Страница авторизации/button_' is clicked on

05-03-2025T10:07:56 - [TEST_STEP][PASSED] - delay(45): Delayed 45 second(s)

05-03-2025T10:08:41 - [MESSAGE][PASSED] - Delayed 45 second(s)

05-03-2025T10:08:41 - [TEST_STEP][PASSED] - urlText = getText(findTestObject("Страница авторизации/Text")): Text of object 'Object Repository/Страница авторизации/Text' is: 'Период
Январь 2025 года
Выручка
Все
Выполнение плановых показателей по ПАО Россети за Январь 2025 года
План
Факт
Динамика
2025 год
0 млн.руб.
20 000 млн.руб.
40 000 млн.руб.
60 000 млн.руб.
80 000 млн.руб.
100 000 млн.руб.
120 000 млн.руб.
140 000 млн.руб.
160 000 млн.руб.
180 000 млн.руб.
200 000 млн.руб.
121 309
157 865
↑
ДЗО 
Все
Подписи данных
⬤Отклонение
АО "РЭС"
АО «Тываэнерго»
АО «Чеченэнерго»
Россети Волга
Россети Кубань
Россети Ленэнерго (ГК)
Россети Московский регион
Россети Северный Кавказ (ГК)
Россети Северо-Запад
Россети Сибирь (ГК)
Россети Томск
Россети Тюмень
Россети Урал (ГК)
Россети ФСК ЕЭС
Россети Центр
Россети Центр и Приволжье (ГК)
Россети Юг (ГК)
Россети Янтарь
-2 000млн.руб.
0 млн.руб.
2 000млн.руб.
4 000млн.руб.
6 000млн.руб.
8 000млн.руб.
10 000млн.руб.
12 000млн.руб.
14 0…
-73
23
-83
-295
-54
-403
-927
-606
-251
348
-58
-1 104
-474
-59
-675
13 055
-191
-19
млн.
%
Выручка
Отклонение выручки по ПАО Россети за Январь 2025 года (факт/план, млн. руб)
ПАО Россети
8 156 млн.руб.
Статус данных
×
Просьба обратить внимание
Данные занесены не полностью
ВЫБРАННЫЕ ЗНАЧЕНИЯ ФИЛЬТРОВ
ДЗО | ПЕРИОД
ПАО Россети: [«Выбраны все филиалы по всем ДЗО по всем категориям»]
2025: [Янв]
*Внутренний оборот'

05-03-2025T10:08:42 - [MESSAGE][PASSED] - Text of object 'Object Repository/Страница авторизации/Text' is: 'Период
Январь 2025 года
Выручка
Все
Выполнение плановых показателей по ПАО Россети за Январь 2025 года
План
Факт
Динамика
2025 год
0 млн.руб.
20 000 млн.руб.
40 000 млн.руб.
60 000 млн.руб.
80 000 млн.руб.
100 000 млн.руб.
120 000 млн.руб.
140 000 млн.руб.
160 000 млн.руб.
180 000 млн.руб.
200 000 млн.руб.
121 309
157 865
↑
ДЗО 
Все
Подписи данных
⬤Отклонение
АО "РЭС"
АО «Тываэнерго»
АО «Чеченэнерго»
Россети Волга
Россети Кубань
Россети Ленэнерго (ГК)
Россети Московский регион
Россети Северный Кавказ (ГК)
Россети Северо-Запад
Россети Сибирь (ГК)
Россети Томск
Россети Тюмень
Россети Урал (ГК)
Россети ФСК ЕЭС
Россети Центр
Россети Центр и Приволжье (ГК)
Россети Юг (ГК)
Россети Янтарь
-2 000млн.руб.
0 млн.руб.
2 000млн.руб.
4 000млн.руб.
6 000млн.руб.
8 000млн.руб.
10 000млн.руб.
12 000млн.руб.
14 0…
-73
23
-83
-295
-54
-403
-927
-606
-251
348
-58
-1 104
-474
-59
-675
13 055
-191
-19
млн.
%
Выручка
Отклонение выручки по ПАО Россети за Январь 2025 года (факт/план, млн. руб)
ПАО Россети
8 156 млн.руб.
Статус данных
×
Просьба обратить внимание
Данные занесены не полностью
ВЫБРАННЫЕ ЗНАЧЕНИЯ ФИЛЬТРОВ
ДЗО | ПЕРИОД
ПАО Россети: [«Выбраны все филиалы по всем ДЗО по всем категориям»]
2025: [Янв]
*Внутренний оборот'

05-03-2025T10:08:42 - [TEST_STEP][PASSED] - searchWord = "а": null

05-03-2025T10:08:42 - [TEST_STEP][PASSED] - if (urlText.contains("ошибка") || urlText.contains(searchWord) == false): null

05-03-2025T10:08:42 - [TEST_STEP][PASSED] - delay(45): Delayed 45 second(s)

05-03-2025T10:09:27 - [MESSAGE][PASSED] - Delayed 45 second(s)

05-03-2025T10:09:27 - [TEST_STEP][PASSED] - if (block == 2): Delayed 50 second(s)

05-03-2025T10:09:27 - [TEST_STEP][PASSED] - opoveshenie = getText(findTestObject("Выручка в рублях/Просьба обратить внимание")): Text of object 'Object Repository/Выручка в рублях/Просьба обратить внимание' is: 'Просьба обратить внимание'

05-03-2025T10:09:27 - [MESSAGE][PASSED] - Text of object 'Object Repository/Выручка в рублях/Просьба обратить внимание' is: 'Просьба обратить внимание'

05-03-2025T10:09:27 - [TEST_STEP][PASSED] - if (opoveshenie == "Просьба обратить внимание"): Delayed 50 second(s)

05-03-2025T10:09:27 - [TEST_STEP][PASSED] - click(findTestObject("Выручка в рублях/Закрыть оповещение")): Object: 'Object Repository/Выручка в рублях/Закрыть оповещение' is clicked on

05-03-2025T10:09:28 - [MESSAGE][PASSED] - Object: 'Object Repository/Выручка в рублях/Закрыть оповещение' is clicked on

05-03-2025T10:09:28 - [TEST_STEP][PASSED] - delay(50): Delayed 50 second(s)

05-03-2025T10:10:18 - [MESSAGE][PASSED] - Delayed 50 second(s)

05-03-2025T10:10:18 - [TEST_STEP][PASSED] - click(findTestObject("Выручка в рублях/Фильтр Период" + nameOfBlock)): Object: 'Object Repository/Выручка в рублях/Фильтр Период Выручка' is clicked on

05-03-2025T10:10:18 - [MESSAGE][PASSED] - Object: 'Object Repository/Выручка в рублях/Фильтр Период Выручка' is clicked on

05-03-2025T10:10:18 - [TEST_STEP][PASSED] - click(findTestObject("Выручка в рублях/Снять выделение в фильтре Дата" + nameOfBlock)): Object: 'Object Repository/Выручка в рублях/Снять выделение в фильтре Дата Выручка' is clicked on

05-03-2025T10:10:19 - [MESSAGE][PASSED] - Object: 'Object Repository/Выручка в рублях/Снять выделение в фильтре Дата Выручка' is clicked on

05-03-2025T10:10:19 - [TEST_STEP][PASSED] - click(findTestObject("Выручка в рублях/Применить в фильтре Дата" + nameOfBlock)): Object: 'Object Repository/Выручка в рублях/Применить в фильтре Дата Выручка' is clicked on

05-03-2025T10:10:19 - [MESSAGE][PASSED] - Object: 'Object Repository/Выручка в рублях/Применить в фильтре Дата Выручка' is clicked on

05-03-2025T10:10:19 - [TEST_STEP][PASSED] - delay(50): Delayed 50 second(s)

05-03-2025T10:11:09 - [MESSAGE][PASSED] - Delayed 50 second(s)

05-03-2025T10:11:09 - [TEST_STEP][PASSED] - click(findTestObject("Выручка в рублях/Фильтр Период" + nameOfBlock)): Object: 'Object Repository/Выручка в рублях/Фильтр Период Выручка' is clicked on

05-03-2025T10:11:10 - [MESSAGE][PASSED] - Object: 'Object Repository/Выручка в рублях/Фильтр Период Выручка' is clicked on

05-03-2025T10:11:10 - [TEST_STEP][PASSED] - click(findTestObject("Выручка в рублях/Снять выделение в фильтре Дата" + nameOfBlock)): Object: 'Object Repository/Выручка в рублях/Снять выделение в фильтре Дата Выручка' is clicked on

05-03-2025T10:11:10 - [MESSAGE][PASSED] - Object: 'Object Repository/Выручка в рублях/Снять выделение в фильтре Дата Выручка' is clicked on

05-03-2025T10:11:10 - [TEST_STEP][PASSED] - scrollToElement(findTestObject("Выручка в рублях/2025 список" + nameOfBlock), 30): Scroll to object 'Object Repository/Выручка в рублях/2025 список Выручка' successfully

05-03-2025T10:11:10 - [MESSAGE][PASSED] - Scroll to object 'Object Repository/Выручка в рублях/2025 список Выручка' successfully

05-03-2025T10:11:10 - [TEST_STEP][PASSED] - click(findTestObject("Выручка в рублях/2025 список" + nameOfBlock)): Object: 'Object Repository/Выручка в рублях/2025 список Выручка' is clicked on

05-03-2025T10:11:11 - [MESSAGE][PASSED] - Object: 'Object Repository/Выручка в рублях/2025 список Выручка' is clicked on

05-03-2025T10:11:11 - [TEST_STEP][PASSED] - scrollToElement(findTestObject("Выручка в рублях/1 квартал 2025 список Выручка"), 30): Scroll to object 'Object Repository/Выручка в рублях/1 квартал 2025 список Выручка' successfully

05-03-2025T10:11:11 - [MESSAGE][PASSED] - Scroll to object 'Object Repository/Выручка в рублях/1 квартал 2025 список Выручка' successfully

05-03-2025T10:11:11 - [TEST_STEP][PASSED] - click(findTestObject("Выручка в рублях/1 квартал 2025 список" + nameOfBlock)): Object: 'Object Repository/Выручка в рублях/1 квартал 2025 список Выручка' is clicked on

05-03-2025T10:11:12 - [MESSAGE][PASSED] - Object: 'Object Repository/Выручка в рублях/1 квартал 2025 список Выручка' is clicked on

05-03-2025T10:11:12 - [TEST_STEP][PASSED] - scrollToElement(findTestObject("Выручка в рублях/Январь 2025" + nameOfBlock), 30): Scroll to object 'Object Repository/Выручка в рублях/Январь 2025 Выручка' successfully

05-03-2025T10:11:12 - [MESSAGE][PASSED] - Scroll to object 'Object Repository/Выручка в рублях/Январь 2025 Выручка' successfully

05-03-2025T10:11:12 - [TEST_STEP][PASSED] - click(findTestObject("Выручка в рублях/Январь 2025" + nameOfBlock)): Object: 'Object Repository/Выручка в рублях/Январь 2025 Выручка' is clicked on

05-03-2025T10:11:12 - [MESSAGE][PASSED] - Object: 'Object Repository/Выручка в рублях/Январь 2025 Выручка' is clicked on

05-03-2025T10:11:12 - [TEST_STEP][PASSED] - scrollToElement(findTestObject("Выручка в рублях/Заголовок дашборда" + nameOfBlock), 30): Scroll to object 'Object Repository/Выручка в рублях/Заголовок дашборда Выручка' successfully

05-03-2025T10:11:13 - [MESSAGE][PASSED] - Scroll to object 'Object Repository/Выручка в рублях/Заголовок дашборда Выручка' successfully

05-03-2025T10:11:13 - [TEST_STEP][PASSED] - click(findTestObject("Выручка в рублях/Применить в фильтре Дата" + nameOfBlock)): Object: 'Object Repository/Выручка в рублях/Применить в фильтре Дата Выручка' is clicked on

05-03-2025T10:11:13 - [MESSAGE][PASSED] - Object: 'Object Repository/Выручка в рублях/Применить в фильтре Дата Выручка' is clicked on

05-03-2025T10:11:13 - [TEST_STEP][PASSED] - delay(55): Delayed 55 second(s)

05-03-2025T10:12:08 - [MESSAGE][PASSED] - Delayed 55 second(s)

05-03-2025T10:12:08 - [TEST_STEP][PASSED] - click(findTestObject("Выручка в рублях/Фильтр ДЗО" + nameOfBlock)): Object: 'Object Repository/Выручка в рублях/Фильтр ДЗО Выручка' is clicked on

05-03-2025T10:12:09 - [MESSAGE][PASSED] - Object: 'Object Repository/Выручка в рублях/Фильтр ДЗО Выручка' is clicked on

05-03-2025T10:12:09 - [TEST_STEP][PASSED] - click(findTestObject("Выручка в рублях/Снять выделение в фильтре ДЗО" + nameOfBlock)): Object: 'Object Repository/Выручка в рублях/Снять выделение в фильтре ДЗО Выручка' is clicked on

05-03-2025T10:12:09 - [MESSAGE][PASSED] - Object: 'Object Repository/Выручка в рублях/Снять выделение в фильтре ДЗО Выручка' is clicked on

05-03-2025T10:12:09 - [TEST_STEP][PASSED] - click(findTestObject("Выручка в рублях/Применить в фильтре ДЗО" + nameOfBlock)): Object: 'Object Repository/Выручка в рублях/Применить в фильтре ДЗО Выручка' is clicked on

05-03-2025T10:12:10 - [MESSAGE][PASSED] - Object: 'Object Repository/Выручка в рублях/Применить в фильтре ДЗО Выручка' is clicked on

05-03-2025T10:12:10 - [TEST_STEP][PASSED] - delay(50): Delayed 50 second(s)

05-03-2025T10:13:00 - [MESSAGE][PASSED] - Delayed 50 second(s)

05-03-2025T10:13:00 - [TEST_STEP][PASSED] - Script1710234207206.Tumbler(run, vir, block, nameOfBlock): null

05-03-2025T10:13:00 - [TEST_STEP][PASSED] - println("run:" + run): null

05-03-2025T10:13:00 - [TEST_STEP][PASSED] - println("vir:" + vir): null

05-03-2025T10:13:00 - [TEST_STEP][PASSED] - println("block:" + block): null

05-03-2025T10:13:00 - [TEST_STEP][PASSED] - println("nameOfBlock:" + nameOfBlock): null

05-03-2025T10:13:00 - [TEST_STEP][PASSED] - if (vir == 1): Object: 'Object Repository/Выручка в рублях/Переключить отображение с млн на проценты Выручка в рублях Выручка' is clicked on

05-03-2025T10:13:00 - [TEST_STEP][PASSED] - if (run == 2): Object: 'Object Repository/Выручка в рублях/Переключить отображение с млн на проценты Выручка в рублях Выручка' is clicked on

05-03-2025T10:13:00 - [TEST_STEP][PASSED] - click(findTestObject("Выручка в рублях/Переключить отображение с млн на проценты Выручка в рублях" + nameOfBlock)): Object: 'Object Repository/Выручка в рублях/Переключить отображение с млн на проценты Выручка в рублях Выручка' is clicked on

05-03-2025T10:13:00 - [MESSAGE][PASSED] - Object: 'Object Repository/Выручка в рублях/Переключить отображение с млн на проценты Выручка в рублях Выручка' is clicked on

05-03-2025T10:13:00 - [TEST_STEP][PASSED] - click(findTestObject("Выручка в рублях/Фильтр ДЗО" + nameOfBlock)): Object: 'Object Repository/Выручка в рублях/Фильтр ДЗО Выручка' is clicked on

05-03-2025T10:13:01 - [MESSAGE][PASSED] - Object: 'Object Repository/Выручка в рублях/Фильтр ДЗО Выручка' is clicked on

05-03-2025T10:13:01 - [TEST_STEP][PASSED] - Script1710234207206.Rosseti(nameOfBlock): null

05-03-2025T10:13:01 - [TEST_STEP][PASSED] - println("nameOfBlock:" + nameOfBlock): null

05-03-2025T10:13:01 - [TEST_STEP][PASSED] - click(findTestObject("Выручка в рублях/ПАО Россети" + nameOfBlock)): Object: 'Object Repository/Выручка в рублях/ПАО Россети Выручка' is clicked on

05-03-2025T10:13:01 - [MESSAGE][PASSED] - Object: 'Object Repository/Выручка в рублях/ПАО Россети Выручка' is clicked on

05-03-2025T10:13:01 - [TEST_STEP][PASSED] - click(findTestObject("Выручка в рублях/Применить в фильтре ДЗО" + nameOfBlock)): Object: 'Object Repository/Выручка в рублях/Применить в фильтре ДЗО Выручка' is clicked on

05-03-2025T10:13:02 - [MESSAGE][PASSED] - Object: 'Object Repository/Выручка в рублях/Применить в фильтре ДЗО Выручка' is clicked on

05-03-2025T10:13:02 - [TEST_STEP][PASSED] - if (vir == 1 || vir == 2): Text of object 'Object Repository/Выручка в рублях/График План Выручка' is: '121 309'

05-03-2025T10:13:02 - [TEST_STEP][PASSED] - b1 = getText(findTestObject("Выручка в рублях/График План Выручка")): Text of object 'Object Repository/Выручка в рублях/График План Выручка' is: '121 309'

05-03-2025T10:13:03 - [MESSAGE][PASSED] - Text of object 'Object Repository/Выручка в рублях/График План Выручка' is: '121 309'

05-03-2025T10:13:03 - [TEST_STEP][PASSED] - if (vir == 1 || vir == 2): Text of object 'Object Repository/Выручка в рублях/График Факт Выручка' is: '157 865'

05-03-2025T10:13:03 - [TEST_STEP][PASSED] - b2 = getText(findTestObject("Выручка в рублях/График Факт Выручка")): Text of object 'Object Repository/Выручка в рублях/График Факт Выручка' is: '157 865'

05-03-2025T10:13:04 - [MESSAGE][PASSED] - Text of object 'Object Repository/Выручка в рублях/График Факт Выручка' is: '157 865'

05-03-2025T10:13:04 - [TEST_STEP][PASSED] - b30 = getText(findTestObject("Выручка в рублях/span1" + perc)): Text of object 'Object Repository/Выручка в рублях/span1 Perc' is: '30.13 %'

05-03-2025T10:13:04 - [MESSAGE][PASSED] - Text of object 'Object Repository/Выручка в рублях/span1 Perc' is: '30.13 %'

05-03-2025T10:13:04 - [TEST_STEP][PASSED] - i = b30.indexOf("млн.руб."): null

05-03-2025T10:13:04 - [TEST_STEP][PASSED] - if (i > -1): null

05-03-2025T10:13:04 - [TEST_STEP][PASSED] - if (b30.contains("%")): null

05-03-2025T10:13:04 - [TEST_STEP][PASSED] - b30 = b30.replaceAll("%", ""): null

05-03-2025T10:13:04 - [TEST_STEP][PASSED] - b30 = ").trim(): null

05-03-2025T10:13:04 - [TEST_STEP][PASSED] - println("b30: " + b30): null

05-03-2025T10:13:04 - [TEST_STEP][PASSED] - if (vir == 1 || vir == 2): Text of object 'Object Repository/Выручка в рублях/span2 Perc' is: ''

05-03-2025T10:13:04 - [TEST_STEP][PASSED] - b31 = ").trim(): Text of object 'Object Repository/Выручка в рублях/span2 Perc' is: ''

05-03-2025T10:13:04 - [MESSAGE][PASSED] - Text of object 'Object Repository/Выручка в рублях/span2 Perc' is: ''

05-03-2025T10:13:04 - [TEST_STEP][PASSED] - if (vir == 1 || vir == 2): Text of object 'Object Repository/Выручка в рублях/span3 Perc' is: '30.13 %'

05-03-2025T10:13:04 - [TEST_STEP][PASSED] - b32 = ").trim(): Text of object 'Object Repository/Выручка в рублях/span3 Perc' is: '30.13 %'

05-03-2025T10:13:05 - [MESSAGE][PASSED] - Text of object 'Object Repository/Выручка в рублях/span3 Perc' is: '30.13 %'

05-03-2025T10:13:05 - [TEST_STEP][PASSED] - if (vir == 1 || vir == 2): Text of object 'Object Repository/Выручка в рублях/span8 Perc' is: '-0.69 %'

05-03-2025T10:13:05 - [TEST_STEP][PASSED] - b33 = ").trim(): Text of object 'Object Repository/Выручка в рублях/span4 Perc' is: ''

05-03-2025T10:13:05 - [MESSAGE][PASSED] - Text of object 'Object Repository/Выручка в рублях/span4 Perc' is: ''

05-03-2025T10:13:05 - [TEST_STEP][PASSED] - b34 = ").trim(): Text of object 'Object Repository/Выручка в рублях/span5 Perc' is: ''

05-03-2025T10:13:05 - [MESSAGE][PASSED] - Text of object 'Object Repository/Выручка в рублях/span5 Perc' is: ''

05-03-2025T10:13:05 - [TEST_STEP][PASSED] - b35 = ").trim(): Text of object 'Object Repository/Выручка в рублях/span6 Perc' is: '-3.2 %'

05-03-2025T10:13:06 - [MESSAGE][PASSED] - Text of object 'Object Repository/Выручка в рублях/span6 Perc' is: '-3.2 %'

05-03-2025T10:13:06 - [TEST_STEP][PASSED] - b36 = ").trim(): Text of object 'Object Repository/Выручка в рублях/span7 Perc' is: '18.24 %'

05-03-2025T10:13:06 - [MESSAGE][PASSED] - Text of object 'Object Repository/Выручка в рублях/span7 Perc' is: '18.24 %'

05-03-2025T10:13:06 - [TEST_STEP][PASSED] - b37 = ").trim(): Text of object 'Object Repository/Выручка в рублях/span8 Perc' is: '-0.69 %'

05-03-2025T10:13:06 - [MESSAGE][PASSED] - Text of object 'Object Repository/Выручка в рублях/span8 Perc' is: '-0.69 %'

05-03-2025T10:13:06 - [TEST_STEP][PASSED] - if (vir == 1 || vir == 2): Text of object 'Object Repository/Выручка в рублях/span17 Perc' is: '7.87 %'

05-03-2025T10:13:06 - [TEST_STEP][PASSED] - b38 = ").trim(): Text of object 'Object Repository/Выручка в рублях/span9 Perc' is: '-3.46 %'

05-03-2025T10:13:06 - [MESSAGE][PASSED] - Text of object 'Object Repository/Выручка в рублях/span9 Perc' is: '-3.46 %'

05-03-2025T10:13:06 - [TEST_STEP][PASSED] - b39 = ").trim(): Text of object 'Object Repository/Выручка в рублях/span10 Perc' is: '68.11 %'

05-03-2025T10:13:07 - [MESSAGE][PASSED] - Text of object 'Object Repository/Выручка в рублях/span10 Perc' is: '68.11 %'

05-03-2025T10:13:07 - [TEST_STEP][PASSED] - b310 = ").trim(): Text of object 'Object Repository/Выручка в рублях/span11 Perc' is: '-3.55 %'

05-03-2025T10:13:07 - [MESSAGE][PASSED] - Text of object 'Object Repository/Выручка в рублях/span11 Perc' is: '-3.55 %'

05-03-2025T10:13:07 - [TEST_STEP][PASSED] - b311 = ").trim(): Text of object 'Object Repository/Выручка в рублях/span12 Perc' is: '-5.3 %'

05-03-2025T10:13:07 - [MESSAGE][PASSED] - Text of object 'Object Repository/Выручка в рублях/span12 Perc' is: '-5.3 %'

05-03-2025T10:13:07 - [TEST_STEP][PASSED] - b312 = ").trim(): Text of object 'Object Repository/Выручка в рублях/span13 Perc' is: '-10.64 %'

05-03-2025T10:13:08 - [MESSAGE][PASSED] - Text of object 'Object Repository/Выручка в рублях/span13 Perc' is: '-10.64 %'

05-03-2025T10:13:08 - [TEST_STEP][PASSED] - b313 = ").trim(): Text of object 'Object Repository/Выручка в рублях/span14 Perc' is: '-4.34 %'

05-03-2025T10:13:08 - [MESSAGE][PASSED] - Text of object 'Object Repository/Выручка в рублях/span14 Perc' is: '-4.34 %'

05-03-2025T10:13:08 - [TEST_STEP][PASSED] - b314 = ").trim(): Text of object 'Object Repository/Выручка в рублях/span15 Perc' is: '-0.21 %'

05-03-2025T10:13:08 - [MESSAGE][PASSED] - Text of object 'Object Repository/Выручка в рублях/span15 Perc' is: '-0.21 %'

05-03-2025T10:13:08 - [TEST_STEP][PASSED] - b315 = ").trim(): Text of object 'Object Repository/Выручка в рублях/span16 Perc' is: '-5.32 %'

05-03-2025T10:13:09 - [MESSAGE][PASSED] - Text of object 'Object Repository/Выручка в рублях/span16 Perc' is: '-5.32 %'

05-03-2025T10:13:09 - [TEST_STEP][PASSED] - b316 = ").trim(): Text of object 'Object Repository/Выручка в рублях/span17 Perc' is: '7.87 %'

05-03-2025T10:13:09 - [MESSAGE][PASSED] - Text of object 'Object Repository/Выручка в рублях/span17 Perc' is: '7.87 %'

05-03-2025T10:13:09 - [TEST_STEP][PASSED] - if (vir == 1 || vir == 2): Text of object 'Object Repository/Выручка в рублях/span18 Perc' is: '-1.75 %'

05-03-2025T10:13:09 - [TEST_STEP][PASSED] - b317 = ").trim(): Text of object 'Object Repository/Выручка в рублях/span18 Perc' is: '-1.75 %'

05-03-2025T10:13:09 - [MESSAGE][PASSED] - Text of object 'Object Repository/Выручка в рублях/span18 Perc' is: '-1.75 %'

05-03-2025T10:13:09 - [TEST_STEP][PASSED] - dZO = "ПАО Россети": null

05-03-2025T10:13:09 - [TEST_STEP][PASSED] - if (verifyEqual(a1, b1) == false): Actual object '121 309' and expected object '121 309' are equal

05-03-2025T10:13:09 - [MESSAGE][PASSED] - Actual object '121 309' and expected object '121 309' are equal

05-03-2025T10:13:09 - [TEST_STEP][PASSED] - if (verifyEqual(a2, b2) == false): Actual object '157 865' and expected object '157 865' are equal

05-03-2025T10:13:09 - [MESSAGE][PASSED] - Actual object '157 865' and expected object '157 865' are equal

05-03-2025T10:13:09 - [TEST_STEP][PASSED] - vidget = "Отклонения": null

05-03-2025T10:13:09 - [TEST_STEP][FAILED] - if (verifyEqual(a30, b30) == false): null

05-03-2025T10:13:09 - [MESSAGE][FAILED] - Unable to verify equal between actual object '-100' and expected object '30.13' (Root cause: com.kms.katalon.core.exception.StepFailedException: Actual object '-100' and expected object '30.13' are not equal
	at com.kms.katalon.core.keyword.builtin.VerifyEqualKeyword$_verifyEqual_closure1.doCall(VerifyEqualKeyword.groovy:58)
	at com.kms.katalon.core.keyword.builtin.VerifyEqualKeyword$_verifyEqual_closure1.call(VerifyEqualKeyword.groovy)
	at com.kms.katalon.core.keyword.internal.KeywordMain.runKeyword(KeywordMain.groovy:75)
	at com.kms.katalon.core.keyword.builtin.VerifyEqualKeyword.verifyEqual(VerifyEqualKeyword.groovy:63)
	at com.kms.katalon.core.keyword.builtin.VerifyEqualKeyword.execute(VerifyEqualKeyword.groovy:44)
	at com.kms.katalon.core.keyword.internal.KeywordExecutor.executeKeywordForPlatform(KeywordExecutor.groovy:74)
	at com.kms.katalon.core.keyword.BuiltinKeywords.verifyEqual(BuiltinKeywords.groovy:146)
	at jdk.internal.reflect.GeneratedMethodAccessor25.invoke(Unknown Source)
	at java.base/jdk.internal.reflect.DelegatingMethodAccessorImpl.invoke(DelegatingMethodAccessorImpl.java:43)
	at Выручка в рублях сверка дашбордов ПАО Россети.Blocks(Выручка в рублях сверка дашбордов ПАО Россети:357)
	at Выручка в рублях сверка дашбордов ПАО Россети.ViruchkaChange(Выручка в рублях сверка дашбордов ПАО Россети:60)
	at Выручка в рублях сверка дашбордов ПАО Россети.run(Выручка в рублях сверка дашбордов ПАО Россети:55)
	at com.kms.katalon.core.main.ScriptEngine.run(ScriptEngine.java:194)
	at com.kms.katalon.core.main.ScriptEngine.runScriptAsRawText(ScriptEngine.java:119)
	at com.kms.katalon.core.main.TestCaseExecutor.runScript(TestCaseExecutor.java:448)
	at com.kms.katalon.core.main.TestCaseExecutor.doExecute(TestCaseExecutor.java:439)
	at com.kms.katalon.core.main.TestCaseExecutor.processExecutionPhase(TestCaseExecutor.java:418)
	at com.kms.katalon.core.main.TestCaseExecutor.accessMainPhase(TestCaseExecutor.java:410)
	at com.kms.katalon.core.main.TestCaseExecutor.execute(TestCaseExecutor.java:285)
	at com.kms.katalon.core.common.CommonExecutor.accessTestCaseMainPhase(CommonExecutor.java:65)
	at com.kms.katalon.core.main.TestSuiteExecutor.accessTestSuiteMainPhase(TestSuiteExecutor.java:150)
	at com.kms.katalon.core.main.TestSuiteExecutor.execute(TestSuiteExecutor.java:106)
	at com.kms.katalon.core.main.TestCaseMain.startTestSuite(TestCaseMain.java:180)
	at TempTestSuite1741155213601.run(TempTestSuite1741155213601.groovy:35)
	at java.base/jdk.internal.reflect.NativeMethodAccessorImpl.invoke0(Native Method)
	at java.base/jdk.internal.reflect.NativeMethodAccessorImpl.invoke(NativeMethodAccessorImpl.java:77)
	at java.base/jdk.internal.reflect.DelegatingMethodAccessorImpl.invoke(DelegatingMethodAccessorImpl.java:43)
)

05-03-2025T10:13:09 - [TEST_STEP][PASSED] - a = replaceAll("\s+", "").trim(): null

05-03-2025T10:13:09 - [TEST_STEP][PASSED] - b = replaceAll("\s+", "").trim(): null

05-03-2025T10:13:09 - [TEST_STEP][PASSED] - Script1710234207206.WriteToExcel(todaysDate, run, vir, block, typeOfData, viruchka, vidget, nameOfBlock, a, b, dZO, x, y): null

05-03-2025T10:13:09 - [TEST_STEP][PASSED] - println(run): null

05-03-2025T10:13:09 - [TEST_STEP][PASSED] - if (run == 1): null

05-03-2025T10:13:09 - [TEST_STEP][PASSED] - else if (run == 2): null

05-03-2025T10:13:09 - [TEST_STEP][PASSED] - typeOfData = "Проценты": null

05-03-2025T10:13:09 - [TEST_STEP][PASSED] - println("todaysDate:" + todaysDate): null

05-03-2025T10:13:09 - [TEST_STEP][PASSED] - println("typeOfData:" + typeOfData): null

05-03-2025T10:13:09 - [TEST_STEP][PASSED] - viruchka = getText(findTestObject("Выручка в рублях/Фильтр Выручка" + nameOfBlock)): Text of object 'Object Repository/Выручка в рублях/Фильтр Выручка Выручка' is: 'Все'

05-03-2025T10:13:09 - [MESSAGE][PASSED] - Text of object 'Object Repository/Выручка в рублях/Фильтр Выручка Выручка' is: 'Все'

05-03-2025T10:13:09 - [TEST_STEP][PASSED] - println("viruchka" + viruchka): null

05-03-2025T10:13:09 - [TEST_STEP][PASSED] - println("vidget" + vidget): null

05-03-2025T10:13:09 - [TEST_STEP][PASSED] - println("a" + a): null

05-03-2025T10:13:09 - [TEST_STEP][PASSED] - println("b" + b): null

05-03-2025T10:13:09 - [TEST_STEP][PASSED] - sheetName = "Sheet1": null

05-03-2025T10:13:09 - [TEST_STEP][PASSED] - data = findTestData("PlanFact"): null

05-03-2025T10:13:09 - [TEST_STEP][PASSED] - n = data.getRowNumbers() + 1: null

05-03-2025T10:13:09 - [TEST_STEP][PASSED] - period = getText(findTestObject("Выручка в рублях/Фильтр Период")).trim(): Text of object 'Object Repository/Выручка в рублях/Фильтр Период' is: 'Январь 2025 года'

05-03-2025T10:13:10 - [MESSAGE][PASSED] - Text of object 'Object Repository/Выручка в рублях/Фильтр Период' is: 'Январь 2025 года'

05-03-2025T10:13:10 - [TEST_STEP][PASSED] - println(period): null

05-03-2025T10:13:10 - [TEST_STEP][PASSED] - if (period.findAll("[а-яА-Я]") == false): null

05-03-2025T10:13:10 - [TEST_STEP][PASSED] - dashboardName = "Выручка в рублях": null

05-03-2025T10:13:10 - [TEST_STEP][PASSED] - if (a == ""): null

05-03-2025T10:13:10 - [TEST_STEP][PASSED] - else: null

05-03-2025T10:13:10 - [TEST_STEP][PASSED] - x = a.toDouble(): null

05-03-2025T10:13:10 - [TEST_STEP][PASSED] - if (b == ""): null

05-03-2025T10:13:10 - [TEST_STEP][PASSED] - else: null

05-03-2025T10:13:10 - [TEST_STEP][PASSED] - y = b.toDouble(): null

05-03-2025T10:13:10 - [TEST_STEP][PASSED] - workbook01 = getWorkbook(excelFilePath): null

05-03-2025T10:13:10 - [TEST_STEP][PASSED] - sheet01 = getExcelSheet(workbook01, sheetName): null

05-03-2025T10:13:10 - [TEST_STEP][PASSED] - setValueToCellByIndex(sheet01, n, 0, dashboardName): null

05-03-2025T10:13:10 - [TEST_STEP][PASSED] - setValueToCellByIndex(sheet01, n, 1, dZO): null

05-03-2025T10:13:10 - [TEST_STEP][PASSED] - setValueToCellByIndex(sheet01, n, 2, vidget): null

05-03-2025T10:13:10 - [TEST_STEP][PASSED] - setValueToCellByIndex(sheet01, n, 3, viruchka): null

05-03-2025T10:13:10 - [TEST_STEP][PASSED] - setValueToCellByIndex(sheet01, n, 4, typeOfData): null

05-03-2025T10:13:10 - [TEST_STEP][PASSED] - if (a == "нет данных"): null

05-03-2025T10:13:10 - [TEST_STEP][PASSED] - else: null

05-03-2025T10:13:10 - [TEST_STEP][PASSED] - setValueToCellByIndex(sheet01, n, 5, x): null

05-03-2025T10:13:10 - [TEST_STEP][PASSED] - if (b == "нет данных"): null

05-03-2025T10:13:10 - [TEST_STEP][PASSED] - else: null

05-03-2025T10:13:10 - [TEST_STEP][PASSED] - setValueToCellByIndex(sheet01, n, 6, y): null

05-03-2025T10:13:10 - [TEST_STEP][PASSED] - setValueToCellByIndex(sheet01, n, 7, period): null

05-03-2025T10:13:10 - [TEST_STEP][PASSED] - setValueToCellByIndex(sheet01, n, 8, todaysDate): null

05-03-2025T10:13:10 - [TEST_STEP][PASSED] - n = n + 1: null

05-03-2025T10:13:10 - [TEST_STEP][PASSED] - saveWorkbook(excelFilePath, workbook01): null

05-03-2025T10:13:10 - [TEST_STEP][PASSED] - x = "": null

05-03-2025T10:13:10 - [TEST_STEP][PASSED] - y = "": null

05-03-2025T10:13:10 - [TEST_STEP][PASSED] - dZO = "АО «Тываэнерго»": null

05-03-2025T10:13:10 - [TEST_STEP][FAILED] - if (verifyEqual(a31, b31) == false): null

05-03-2025T10:13:10 - [MESSAGE][FAILED] - Unable to verify equal between actual object 'ПАО Россети' and expected object '' (Root cause: com.kms.katalon.core.exception.StepFailedException: Actual object 'ПАО Россети' and expected object '' are not equal
	at com.kms.katalon.core.keyword.builtin.VerifyEqualKeyword$_verifyEqual_closure1.doCall(VerifyEqualKeyword.groovy:58)
	at com.kms.katalon.core.keyword.builtin.VerifyEqualKeyword$_verifyEqual_closure1.call(VerifyEqualKeyword.groovy)
	at com.kms.katalon.core.keyword.internal.KeywordMain.runKeyword(KeywordMain.groovy:75)
	at com.kms.katalon.core.keyword.builtin.VerifyEqualKeyword.verifyEqual(VerifyEqualKeyword.groovy:63)
	at com.kms.katalon.core.keyword.builtin.VerifyEqualKeyword.execute(VerifyEqualKeyword.groovy:44)
	at com.kms.katalon.core.keyword.internal.KeywordExecutor.executeKeywordForPlatform(KeywordExecutor.groovy:74)
	at com.kms.katalon.core.keyword.BuiltinKeywords.verifyEqual(BuiltinKeywords.groovy:146)
	at jdk.internal.reflect.GeneratedMethodAccessor25.invoke(Unknown Source)
	at java.base/jdk.internal.reflect.DelegatingMethodAccessorImpl.invoke(DelegatingMethodAccessorImpl.java:43)
	at Выручка в рублях сверка дашбордов ПАО Россети.Blocks(Выручка в рублях сверка дашбордов ПАО Россети:367)
	at Выручка в рублях сверка дашбордов ПАО Россети.ViruchkaChange(Выручка в рублях сверка дашбордов ПАО Россети:60)
	at Выручка в рублях сверка дашбордов ПАО Россети.run(Выручка в рублях сверка дашбордов ПАО Россети:55)
	at com.kms.katalon.core.main.ScriptEngine.run(ScriptEngine.java:194)
	at com.kms.katalon.core.main.ScriptEngine.runScriptAsRawText(ScriptEngine.java:119)
	at com.kms.katalon.core.main.TestCaseExecutor.runScript(TestCaseExecutor.java:448)
	at com.kms.katalon.core.main.TestCaseExecutor.doExecute(TestCaseExecutor.java:439)
	at com.kms.katalon.core.main.TestCaseExecutor.processExecutionPhase(TestCaseExecutor.java:418)
	at com.kms.katalon.core.main.TestCaseExecutor.accessMainPhase(TestCaseExecutor.java:410)
	at com.kms.katalon.core.main.TestCaseExecutor.execute(TestCaseExecutor.java:285)
	at com.kms.katalon.core.common.CommonExecutor.accessTestCaseMainPhase(CommonExecutor.java:65)
	at com.kms.katalon.core.main.TestSuiteExecutor.accessTestSuiteMainPhase(TestSuiteExecutor.java:150)
	at com.kms.katalon.core.main.TestSuiteExecutor.execute(TestSuiteExecutor.java:106)
	at com.kms.katalon.core.main.TestCaseMain.startTestSuite(TestCaseMain.java:180)
	at TempTestSuite1741155213601.run(TempTestSuite1741155213601.groovy:35)
	at java.base/jdk.internal.reflect.NativeMethodAccessorImpl.invoke0(Native Method)
	at java.base/jdk.internal.reflect.NativeMethodAccessorImpl.invoke(NativeMethodAccessorImpl.java:77)
	at java.base/jdk.internal.reflect.DelegatingMethodAccessorImpl.invoke(DelegatingMethodAccessorImpl.java:43)
)

05-03-2025T10:13:10 - [TEST_STEP][PASSED] - a = replaceAll("\s+", "").trim(): null

05-03-2025T10:13:10 - [TEST_STEP][PASSED] - b = replaceAll("\s+", "").trim(): null

05-03-2025T10:13:10 - [TEST_STEP][PASSED] - Script1710234207206.WriteToExcel(todaysDate, run, vir, block, typeOfData, viruchka, vidget, nameOfBlock, a, b, dZO, x, y): null

05-03-2025T10:13:10 - [TEST_STEP][PASSED] - println(run): null

05-03-2025T10:13:10 - [TEST_STEP][PASSED] - if (run == 1): null

05-03-2025T10:13:10 - [TEST_STEP][PASSED] - else if (run == 2): null

05-03-2025T10:13:10 - [TEST_STEP][PASSED] - typeOfData = "Проценты": null

05-03-2025T10:13:10 - [TEST_STEP][PASSED] - println("todaysDate:" + todaysDate): null

05-03-2025T10:13:10 - [TEST_STEP][PASSED] - println("typeOfData:" + typeOfData): null

05-03-2025T10:13:10 - [TEST_STEP][PASSED] - viruchka = getText(findTestObject("Выручка в рублях/Фильтр Выручка" + nameOfBlock)): Text of object 'Object Repository/Выручка в рублях/Фильтр Выручка Выручка' is: 'Все'

05-03-2025T10:13:10 - [MESSAGE][PASSED] - Text of object 'Object Repository/Выручка в рублях/Фильтр Выручка Выручка' is: 'Все'

05-03-2025T10:13:10 - [TEST_STEP][PASSED] - println("viruchka" + viruchka): null

05-03-2025T10:13:10 - [TEST_STEP][PASSED] - println("vidget" + vidget): null

05-03-2025T10:13:10 - [TEST_STEP][PASSED] - println("a" + a): null

05-03-2025T10:13:10 - [TEST_STEP][PASSED] - println("b" + b): null

05-03-2025T10:13:10 - [TEST_STEP][PASSED] - sheetName = "Sheet1": null

05-03-2025T10:13:10 - [TEST_STEP][PASSED] - data = findTestData("PlanFact"): null

05-03-2025T10:13:10 - [TEST_STEP][PASSED] - n = data.getRowNumbers() + 1: null

05-03-2025T10:13:10 - [TEST_STEP][PASSED] - period = getText(findTestObject("Выручка в рублях/Фильтр Период")).trim(): Text of object 'Object Repository/Выручка в рублях/Фильтр Период' is: 'Январь 2025 года'

05-03-2025T10:13:11 - [MESSAGE][PASSED] - Text of object 'Object Repository/Выручка в рублях/Фильтр Период' is: 'Январь 2025 года'

05-03-2025T10:13:11 - [TEST_STEP][PASSED] - println(period): null

05-03-2025T10:13:11 - [TEST_STEP][PASSED] - if (period.findAll("[а-яА-Я]") == false): null

05-03-2025T10:13:11 - [TEST_STEP][PASSED] - dashboardName = "Выручка в рублях": null

05-03-2025T10:13:11 - [TEST_STEP][PASSED] - if (a == ""): null

05-03-2025T10:13:11 - [TEST_STEP][ERROR] - else: Test Cases/Сверки дашбордов/Выручка в рублях сверка дашбордов ПАО Россети FAILED.
Reason:
java.lang.NumberFormatException: For input string: "ПАОРоссети"
	at java.base/jdk.internal.math.FloatingDecimal.readJavaFormatString(FloatingDecimal.java:2054)
	at java.base/jdk.internal.math.FloatingDecimal.parseDouble(FloatingDecimal.java:110)
	at Выручка в рублях сверка дашбордов ПАО Россети.WriteToExcel(Выручка в рублях сверка дашбордов ПАО Россети:807)
	at Выручка в рублях сверка дашбордов ПАО Россети.Blocks(Выручка в рублях сверка дашбордов ПАО Россети:373)
	at Выручка в рублях сверка дашбордов ПАО Россети.ViruchkaChange(Выручка в рублях сверка дашбордов ПАО Россети:60)
	at Выручка в рублях сверка дашбордов ПАО Россети.run(Выручка в рублях сверка дашбордов ПАО Россети:55)
	at com.kms.katalon.core.main.ScriptEngine.run(ScriptEngine.java:194)
	at com.kms.katalon.core.main.ScriptEngine.runScriptAsRawText(ScriptEngine.java:119)
	at com.kms.katalon.core.main.TestCaseExecutor.runScript(TestCaseExecutor.java:448)
	at com.kms.katalon.core.main.TestCaseExecutor.doExecute(TestCaseExecutor.java:439)
	at com.kms.katalon.core.main.TestCaseExecutor.processExecutionPhase(TestCaseExecutor.java:418)
	at com.kms.katalon.core.main.TestCaseExecutor.accessMainPhase(TestCaseExecutor.java:410)
	at com.kms.katalon.core.main.TestCaseExecutor.execute(TestCaseExecutor.java:285)
	at com.kms.katalon.core.common.CommonExecutor.accessTestCaseMainPhase(CommonExecutor.java:65)
	at com.kms.katalon.core.main.TestSuiteExecutor.accessTestSuiteMainPhase(TestSuiteExecutor.java:150)
	at com.kms.katalon.core.main.TestSuiteExecutor.execute(TestSuiteExecutor.java:106)
	at com.kms.katalon.core.main.TestCaseMain.startTestSuite(TestCaseMain.java:180)
	at TempTestSuite1741155213601.run(TempTestSuite1741155213601.groovy:35)
	at java.base/jdk.internal.reflect.NativeMethodAccessorImpl.invoke0(Native Method)
	at java.base/jdk.internal.reflect.NativeMethodAccessorImpl.invoke(NativeMethodAccessorImpl.java:77)
	at java.base/jdk.internal.reflect.DelegatingMethodAccessorImpl.invoke(DelegatingMethodAccessorImpl.java:43)


05-03-2025T10:13:11 - [TEST_STEP][ERROR] - x = a.toDouble(): Test Cases/Сверки дашбордов/Выручка в рублях сверка дашбордов ПАО Россети FAILED.
Reason:
java.lang.NumberFormatException: For input string: "ПАОРоссети"
	at java.base/jdk.internal.math.FloatingDecimal.readJavaFormatString(FloatingDecimal.java:2054)
	at java.base/jdk.internal.math.FloatingDecimal.parseDouble(FloatingDecimal.java:110)
	at Выручка в рублях сверка дашбордов ПАО Россети.WriteToExcel(Выручка в рублях сверка дашбордов ПАО Россети:807)
	at Выручка в рублях сверка дашбордов ПАО Россети.Blocks(Выручка в рублях сверка дашбордов ПАО Россети:373)
	at Выручка в рублях сверка дашбордов ПАО Россети.ViruchkaChange(Выручка в рублях сверка дашбордов ПАО Россети:60)
	at Выручка в рублях сверка дашбордов ПАО Россети.run(Выручка в рублях сверка дашбордов ПАО Россети:55)
	at com.kms.katalon.core.main.ScriptEngine.run(ScriptEngine.java:194)
	at com.kms.katalon.core.main.ScriptEngine.runScriptAsRawText(ScriptEngine.java:119)
	at com.kms.katalon.core.main.TestCaseExecutor.runScript(TestCaseExecutor.java:448)
	at com.kms.katalon.core.main.TestCaseExecutor.doExecute(TestCaseExecutor.java:439)
	at com.kms.katalon.core.main.TestCaseExecutor.processExecutionPhase(TestCaseExecutor.java:418)
	at com.kms.katalon.core.main.TestCaseExecutor.accessMainPhase(TestCaseExecutor.java:410)
	at com.kms.katalon.core.main.TestCaseExecutor.execute(TestCaseExecutor.java:285)
	at com.kms.katalon.core.common.CommonExecutor.accessTestCaseMainPhase(CommonExecutor.java:65)
	at com.kms.katalon.core.main.TestSuiteExecutor.accessTestSuiteMainPhase(TestSuiteExecutor.java:150)
	at com.kms.katalon.core.main.TestSuiteExecutor.execute(TestSuiteExecutor.java:106)
	at com.kms.katalon.core.main.TestCaseMain.startTestSuite(TestCaseMain.java:180)
	at TempTestSuite1741155213601.run(TempTestSuite1741155213601.groovy:35)
	at java.base/jdk.internal.reflect.NativeMethodAccessorImpl.invoke0(Native Method)
	at java.base/jdk.internal.reflect.NativeMethodAccessorImpl.invoke(NativeMethodAccessorImpl.java:77)
	at java.base/jdk.internal.reflect.DelegatingMethodAccessorImpl.invoke(DelegatingMethodAccessorImpl.java:43)


05-03-2025T10:13:11 - [MESSAGE][ERROR] - Test Cases/Сверки дашбордов/Выручка в рублях сверка дашбордов ПАО Россети FAILED.
Reason:
java.lang.NumberFormatException: For input string: "ПАОРоссети"
	at java.base/jdk.internal.math.FloatingDecimal.readJavaFormatString(FloatingDecimal.java:2054)
	at java.base/jdk.internal.math.FloatingDecimal.parseDouble(FloatingDecimal.java:110)
	at Выручка в рублях сверка дашбордов ПАО Россети.WriteToExcel(Выручка в рублях сверка дашбордов ПАО Россети:807)
	at Выручка в рублях сверка дашбордов ПАО Россети.Blocks(Выручка в рублях сверка дашбордов ПАО Россети:373)
	at Выручка в рублях сверка дашбордов ПАО Россети.ViruchkaChange(Выручка в рублях сверка дашбордов ПАО Россети:60)
	at Выручка в рублях сверка дашбордов ПАО Россети.run(Выручка в рублях сверка дашбордов ПАО Россети:55)
	at com.kms.katalon.core.main.ScriptEngine.run(ScriptEngine.java:194)
	at com.kms.katalon.core.main.ScriptEngine.runScriptAsRawText(ScriptEngine.java:119)
	at com.kms.katalon.core.main.TestCaseExecutor.runScript(TestCaseExecutor.java:448)
	at com.kms.katalon.core.main.TestCaseExecutor.doExecute(TestCaseExecutor.java:439)
	at com.kms.katalon.core.main.TestCaseExecutor.processExecutionPhase(TestCaseExecutor.java:418)
	at com.kms.katalon.core.main.TestCaseExecutor.accessMainPhase(TestCaseExecutor.java:410)
	at com.kms.katalon.core.main.TestCaseExecutor.execute(TestCaseExecutor.java:285)
	at com.kms.katalon.core.common.CommonExecutor.accessTestCaseMainPhase(CommonExecutor.java:65)
	at com.kms.katalon.core.main.TestSuiteExecutor.accessTestSuiteMainPhase(TestSuiteExecutor.java:150)
	at com.kms.katalon.core.main.TestSuiteExecutor.execute(TestSuiteExecutor.java:106)
	at com.kms.katalon.core.main.TestCaseMain.startTestSuite(TestCaseMain.java:180)
	at TempTestSuite1741155213601.run(TempTestSuite1741155213601.groovy:35)
	at java.base/jdk.internal.reflect.NativeMethodAccessorImpl.invoke0(Native Method)
	at java.base/jdk.internal.reflect.NativeMethodAccessorImpl.invoke(NativeMethodAccessorImpl.java:77)
	at java.base/jdk.internal.reflect.DelegatingMethodAccessorImpl.invoke(DelegatingMethodAccessorImpl.java:43)]]></system-out>
         <system-err><![CDATA[05-03-2025T09:17:30 - [TEST_CASE][FAILED] - Test Cases/Сверки дашбордов/Выручка в рублях сверка дашбордов ПАО Россети: Test Cases/Сверки дашбордов/Выручка в рублях сверка дашбордов ПАО Россети FAILED.
Reason:
com.kms.katalon.core.exception.StepFailedException: Unable to verify equal between actual object '36556' and expected object '8156' (Root cause: com.kms.katalon.core.exception.StepFailedException: Actual object '36556' and expected object '8156' are not equal
	at com.kms.katalon.core.keyword.builtin.VerifyEqualKeyword$_verifyEqual_closure1.doCall(VerifyEqualKeyword.groovy:58)
	at com.kms.katalon.core.keyword.builtin.VerifyEqualKeyword$_verifyEqual_closure1.call(VerifyEqualKeyword.groovy)
	at com.kms.katalon.core.keyword.internal.KeywordMain.runKeyword(KeywordMain.groovy:75)
	at com.kms.katalon.core.keyword.builtin.VerifyEqualKeyword.verifyEqual(VerifyEqualKeyword.groovy:63)
	at com.kms.katalon.core.keyword.builtin.VerifyEqualKeyword.execute(VerifyEqualKeyword.groovy:44)
	at com.kms.katalon.core.keyword.internal.KeywordExecutor.executeKeywordForPlatform(KeywordExecutor.groovy:74)
	at com.kms.katalon.core.keyword.BuiltinKeywords.verifyEqual(BuiltinKeywords.groovy:146)
	at java.base/jdk.internal.reflect.NativeMethodAccessorImpl.invoke0(Native Method)
	at java.base/jdk.internal.reflect.NativeMethodAccessorImpl.invoke(NativeMethodAccessorImpl.java:77)
	at java.base/jdk.internal.reflect.DelegatingMethodAccessorImpl.invoke(DelegatingMethodAccessorImpl.java:43)
	at Выручка в рублях сверка дашбордов ПАО Россети.Blocks(Выручка в рублях сверка дашбордов ПАО Россети:357)
	at Выручка в рублях сверка дашбордов ПАО Россети.ViruchkaChange(Выручка в рублях сверка дашбордов ПАО Россети:60)
	at Выручка в рублях сверка дашбордов ПАО Россети.run(Выручка в рублях сверка дашбордов ПАО Россети:55)
	at com.kms.katalon.core.main.ScriptEngine.run(ScriptEngine.java:194)
	at com.kms.katalon.core.main.ScriptEngine.runScriptAsRawText(ScriptEngine.java:119)
	at com.kms.katalon.core.main.TestCaseExecutor.runScript(TestCaseExecutor.java:448)
	at com.kms.katalon.core.main.TestCaseExecutor.doExecute(TestCaseExecutor.java:439)
	at com.kms.katalon.core.main.TestCaseExecutor.processExecutionPhase(TestCaseExecutor.java:418)
	at com.kms.katalon.core.main.TestCaseExecutor.accessMainPhase(TestCaseExecutor.java:410)
	at com.kms.katalon.core.main.TestCaseExecutor.execute(TestCaseExecutor.java:285)
	at com.kms.katalon.core.common.CommonExecutor.accessTestCaseMainPhase(CommonExecutor.java:65)
	at com.kms.katalon.core.main.TestSuiteExecutor.accessTestSuiteMainPhase(TestSuiteExecutor.java:150)
	at com.kms.katalon.core.main.TestSuiteExecutor.execute(TestSuiteExecutor.java:106)
	at com.kms.katalon.core.main.TestCaseMain.startTestSuite(TestCaseMain.java:180)
	at TempTestSuite1741155213601.run(TempTestSuite1741155213601.groovy:35)
	at java.base/jdk.internal.reflect.NativeMethodAccessorImpl.invoke0(Native Method)
	at java.base/jdk.internal.reflect.NativeMethodAccessorImpl.invoke(NativeMethodAccessorImpl.java:77)
	at java.base/jdk.internal.reflect.DelegatingMethodAccessorImpl.invoke(DelegatingMethodAccessorImpl.java:43)
)
	at com.kms.katalon.core.keyword.internal.KeywordMain.stepFailed(KeywordMain.groovy:39)
	at com.kms.katalon.core.keyword.internal.KeywordMain.stepFailed(KeywordMain.groovy)
	at com.kms.katalon.core.keyword.internal.KeywordMain.runKeyword(KeywordMain.groovy:77)
	at com.kms.katalon.core.keyword.builtin.VerifyEqualKeyword.verifyEqual(VerifyEqualKeyword.groovy:63)
	at com.kms.katalon.core.keyword.builtin.VerifyEqualKeyword.execute(VerifyEqualKeyword.groovy:44)
	at com.kms.katalon.core.keyword.internal.KeywordExecutor.executeKeywordForPlatform(KeywordExecutor.groovy:74)
	at com.kms.katalon.core.keyword.BuiltinKeywords.verifyEqual(BuiltinKeywords.groovy:146)
	at java.base/jdk.internal.reflect.NativeMethodAccessorImpl.invoke0(Native Method)
	at java.base/jdk.internal.reflect.NativeMethodAccessorImpl.invoke(NativeMethodAccessorImpl.java:77)
	at java.base/jdk.internal.reflect.DelegatingMethodAccessorImpl.invoke(DelegatingMethodAccessorImpl.java:43)
	at Выручка в рублях сверка дашбордов ПАО Россети.Blocks(Выручка в рублях сверка дашбордов ПАО Россети:357)
	at Выручка в рублях сверка дашбордов ПАО Россети.ViruchkaChange(Выручка в рублях сверка дашбордов ПАО Россети:60)
	at Выручка в рублях сверка дашбордов ПАО Россети.run(Выручка в рублях сверка дашбордов ПАО Россети:55)
	at com.kms.katalon.core.main.ScriptEngine.run(ScriptEngine.java:194)
	at com.kms.katalon.core.main.ScriptEngine.runScriptAsRawText(ScriptEngine.java:119)
	at com.kms.katalon.core.main.TestCaseExecutor.runScript(TestCaseExecutor.java:448)
	at com.kms.katalon.core.main.TestCaseExecutor.doExecute(TestCaseExecutor.java:439)
	at com.kms.katalon.core.main.TestCaseExecutor.processExecutionPhase(TestCaseExecutor.java:418)
	at com.kms.katalon.core.main.TestCaseExecutor.accessMainPhase(TestCaseExecutor.java:410)
	at com.kms.katalon.core.main.TestCaseExecutor.execute(TestCaseExecutor.java:285)
	at com.kms.katalon.core.common.CommonExecutor.accessTestCaseMainPhase(CommonExecutor.java:65)
	at com.kms.katalon.core.main.TestSuiteExecutor.accessTestSuiteMainPhase(TestSuiteExecutor.java:150)
	at com.kms.katalon.core.main.TestSuiteExecutor.execute(TestSuiteExecutor.java:106)
	at com.kms.katalon.core.main.TestCaseMain.startTestSuite(TestCaseMain.java:180)
	at TempTestSuite1741155213601.run(TempTestSuite1741155213601.groovy:35)
	at java.base/jdk.internal.reflect.NativeMethodAccessorImpl.invoke0(Native Method)
	at java.base/jdk.internal.reflect.NativeMethodAccessorImpl.invoke(NativeMethodAccessorImpl.java:77)
	at java.base/jdk.internal.reflect.DelegatingMethodAccessorImpl.invoke(DelegatingMethodAccessorImpl.java:43)
Caused by: com.kms.katalon.core.exception.StepFailedException: Actual object '36556' and expected object '8156' are not equal
	at com.kms.katalon.core.keyword.builtin.VerifyEqualKeyword$_verifyEqual_closure1.doCall(VerifyEqualKeyword.groovy:58)
	at com.kms.katalon.core.keyword.builtin.VerifyEqualKeyword$_verifyEqual_closure1.call(VerifyEqualKeyword.groovy)
	at com.kms.katalon.core.keyword.internal.KeywordMain.runKeyword(KeywordMain.groovy:75)
	... 25 more]]></system-err>
      </testcase>
      <testcase name="Test Cases/Сверки дашбордов/Выручка по ДЗО сверка дашбордов" time="146.376" classname="Test Cases/Сверки дашбордов/Выручка по ДЗО сверка дашбордов" status="PASSED">
         <system-out><![CDATA[05-03-2025T10:13:11 - [TEST_CASE][PASSED] - Test Cases/Сверки дашбордов/Выручка по ДЗО сверка дашбордов: Test Cases/Сверки дашбордов/Выручка по ДЗО сверка дашбордов

05-03-2025T10:13:11 - [TEST_STEP][PASSED] - date = new java.util.Date(): null

05-03-2025T10:13:11 - [TEST_STEP][PASSED] - todaysDate = date.format("dd.MM.yyyy"): null

05-03-2025T10:13:11 - [TEST_STEP][PASSED] - println(todaysDate): null

05-03-2025T10:13:11 - [TEST_STEP][PASSED] - openBrowser(""): Browser is opened with url: ''

05-03-2025T10:13:11 - [MESSAGE][WARNING] - A browser is already opened. Closing browser and opening a new one

05-03-2025T10:13:12 - [MESSAGE][INFO] - Starting 'Chrome' driver

05-03-2025T10:13:12 - [MESSAGE][INFO] - Action delay is set to 0 milliseconds

05-03-2025T10:13:13 - [MESSAGE][PASSED] - Browser is opened with url: ''

05-03-2025T10:13:13 - [TEST_STEP][PASSED] - navigateToUrl(findTestData("PlanFact").getValue(10, 5)): Navigate to 'https://bi.rosseti.digital/viewer?dashboardGuid=2301950b23be4ed89c1df75f2020051e&sheetGuid=31530aa0b6664c09b016b7f2ab9d853e&fit=true' successfully

05-03-2025T10:13:19 - [MESSAGE][PASSED] - Navigate to 'https://bi.rosseti.digital/viewer?dashboardGuid=2301950b23be4ed89c1df75f2020051e&sheetGuid=31530aa0b6664c09b016b7f2ab9d853e&fit=true' successfully

05-03-2025T10:13:19 - [TEST_STEP][PASSED] - setText(findTestObject("Страница авторизации/input__username"), findTestData("PlanFact").getValue(8, 1)): Text 'liazgina-di' is set on object 'Object Repository/Страница авторизации/input__username'

05-03-2025T10:13:21 - [MESSAGE][PASSED] - Text 'liazgina-di' is set on object 'Object Repository/Страница авторизации/input__username'

05-03-2025T10:13:21 - [TEST_STEP][PASSED] - setText(findTestObject("Страница авторизации/input__password"), findTestData("PlanFact").getValue(9, 1)): Text ')$%5srZ8o688Dm#q' is set on object 'Object Repository/Страница авторизации/input__password'

05-03-2025T10:13:22 - [MESSAGE][PASSED] - Text ')$%5srZ8o688Dm#q' is set on object 'Object Repository/Страница авторизации/input__password'

05-03-2025T10:13:22 - [TEST_STEP][PASSED] - click(findTestObject("Страница авторизации/button_")): Object: 'Object Repository/Страница авторизации/button_' is clicked on

05-03-2025T10:13:22 - [MESSAGE][PASSED] - Object: 'Object Repository/Страница авторизации/button_' is clicked on

05-03-2025T10:13:22 - [TEST_STEP][PASSED] - delay(30): Delayed 30 second(s)

05-03-2025T10:13:52 - [MESSAGE][PASSED] - Delayed 30 second(s)

05-03-2025T10:13:52 - [TEST_STEP][PASSED] - click(findTestObject("Выручка по ДЗО/Фильтр Дата")): Object: 'Object Repository/Выручка по ДЗО/Фильтр Дата' is clicked on

05-03-2025T10:13:53 - [MESSAGE][PASSED] - Object: 'Object Repository/Выручка по ДЗО/Фильтр Дата' is clicked on

05-03-2025T10:13:53 - [TEST_STEP][PASSED] - click(findTestObject("Выручка по ДЗО/Снять выделение в фильтре Дата")): Object: 'Object Repository/Выручка по ДЗО/Снять выделение в фильтре Дата' is clicked on

05-03-2025T10:13:53 - [MESSAGE][PASSED] - Object: 'Object Repository/Выручка по ДЗО/Снять выделение в фильтре Дата' is clicked on

05-03-2025T10:13:53 - [TEST_STEP][PASSED] - click(findTestObject("Выручка по ДЗО/Применить в фильтре Дата")): Object: 'Object Repository/Выручка по ДЗО/Применить в фильтре Дата' is clicked on

05-03-2025T10:13:54 - [MESSAGE][PASSED] - Object: 'Object Repository/Выручка по ДЗО/Применить в фильтре Дата' is clicked on

05-03-2025T10:13:54 - [TEST_STEP][PASSED] - click(findTestObject("Выручка по ДЗО/Фильтр Дата")): Object: 'Object Repository/Выручка по ДЗО/Фильтр Дата' is clicked on

05-03-2025T10:13:55 - [MESSAGE][PASSED] - Object: 'Object Repository/Выручка по ДЗО/Фильтр Дата' is clicked on

05-03-2025T10:13:55 - [TEST_STEP][PASSED] - click(findTestObject("Выручка по ДЗО/Снять выделение в фильтре Дата")): Object: 'Object Repository/Выручка по ДЗО/Снять выделение в фильтре Дата' is clicked on

05-03-2025T10:13:55 - [MESSAGE][PASSED] - Object: 'Object Repository/Выручка по ДЗО/Снять выделение в фильтре Дата' is clicked on

05-03-2025T10:13:55 - [TEST_STEP][PASSED] - scrollToElement(findTestObject("Выручка по ДЗО/2025 список"), 30): Scroll to object 'Object Repository/Выручка по ДЗО/2025 список' successfully

05-03-2025T10:13:56 - [MESSAGE][PASSED] - Scroll to object 'Object Repository/Выручка по ДЗО/2025 список' successfully

05-03-2025T10:13:56 - [TEST_STEP][PASSED] - click(findTestObject("Выручка по ДЗО/2025 список")): Object: 'Object Repository/Выручка по ДЗО/2025 список' is clicked on

05-03-2025T10:13:56 - [MESSAGE][PASSED] - Object: 'Object Repository/Выручка по ДЗО/2025 список' is clicked on

05-03-2025T10:13:56 - [TEST_STEP][PASSED] - scrollToElement(findTestObject("Выручка по ДЗО/1 квартал 2025 список"), 30): Scroll to object 'Object Repository/Выручка по ДЗО/1 квартал 2025 список' successfully

05-03-2025T10:13:56 - [MESSAGE][PASSED] - Scroll to object 'Object Repository/Выручка по ДЗО/1 квартал 2025 список' successfully

05-03-2025T10:13:56 - [TEST_STEP][PASSED] - click(findTestObject("Выручка по ДЗО/1 квартал 2025 список"), CONTINUE_ON_FAILURE): Object: 'Object Repository/Выручка по ДЗО/1 квартал 2025 список' is clicked on

05-03-2025T10:13:57 - [MESSAGE][PASSED] - Object: 'Object Repository/Выручка по ДЗО/1 квартал 2025 список' is clicked on

05-03-2025T10:13:57 - [TEST_STEP][PASSED] - scrollToElement(findTestObject("Выручка по ДЗО/Январь 2025"), 30): Scroll to object 'Object Repository/Выручка по ДЗО/Январь 2025' successfully

05-03-2025T10:13:57 - [MESSAGE][PASSED] - Scroll to object 'Object Repository/Выручка по ДЗО/Январь 2025' successfully

05-03-2025T10:13:57 - [TEST_STEP][PASSED] - click(findTestObject("Выручка по ДЗО/Январь 2025"), CONTINUE_ON_FAILURE): Object: 'Object Repository/Выручка по ДЗО/Январь 2025' is clicked on

05-03-2025T10:13:57 - [MESSAGE][PASSED] - Object: 'Object Repository/Выручка по ДЗО/Январь 2025' is clicked on

05-03-2025T10:13:57 - [TEST_STEP][PASSED] - scrollToElement(findTestObject("Выручка по ДЗО/Заголовок дашборда"), 30): Scroll to object 'Object Repository/Выручка по ДЗО/Заголовок дашборда' successfully

05-03-2025T10:13:58 - [MESSAGE][PASSED] - Scroll to object 'Object Repository/Выручка по ДЗО/Заголовок дашборда' successfully

05-03-2025T10:13:58 - [TEST_STEP][PASSED] - click(findTestObject("Выручка по ДЗО/Применить в фильтре Дата")): Object: 'Object Repository/Выручка по ДЗО/Применить в фильтре Дата' is clicked on

05-03-2025T10:13:58 - [MESSAGE][PASSED] - Object: 'Object Repository/Выручка по ДЗО/Применить в фильтре Дата' is clicked on

05-03-2025T10:13:58 - [TEST_STEP][PASSED] - delay(30): Delayed 30 second(s)

05-03-2025T10:14:28 - [MESSAGE][PASSED] - Delayed 30 second(s)

05-03-2025T10:14:28 - [TEST_STEP][PASSED] - a1 = getText(findTestObject("Выручка по ДЗО/График1 Выполнение плановых показателей Блок руководителя")): Text of object 'Object Repository/Выручка по ДЗО/График1 Выполнение плановых показателей Блок руководителя' is: '2 275 2 275
0 0
0 0
8 938 8 938
7 813 7 813
11 645 11 645
12 788 12 788
0 0
7 066 7 066
0 0
1 091 1 091
10 368 10 368
10 920 10 920
28 393 28 393
12 599 12 599
0 0
6 349 6 349
1 064 1 064
2 202 2 202
274 274
463 463
10 568 10 568
7 759 7 759
11 241 11 241
21 497 21 497
3 799 3 799
6 815 6 815
11 296 11 296
1 034 1 034
9 265 9 265
10 446 10 446
28 334 28 334
11 924 11 924
13 055 13 055
6 848 6 848
1 045 1 045
План
Факт
АО "РЭС"
АО «Тываэнерго»
АО «Чеченэнерго»
Россети Волга
Россети Кубань
Россети Ленэнерго (ГК)
Россети Московский регион
Россети Северный Кавказ (ГК)
Россети Северо-Запад
Россети Сибирь (ГК)
Россети Томск
Россети Тюмень
Россети Урал (ГК)
Россети ФСК ЕЭС
Россети Центр
Россети Центр и Приволжье (ГК)
Россети Юг (ГК)
Россети Янтарь
0 млн. руб.
2 500 млн. руб.
5 000 млн. руб.
7 500 млн. руб.
10 000 млн. руб.
12 500 млн. руб.
15 000 млн. руб.
17 500 млн. руб.
20 000 млн. руб.
22 500 млн. руб.
25 000 млн. руб.
27 500 млн. руб.
30 000 млн. руб.'

05-03-2025T10:14:29 - [MESSAGE][PASSED] - Text of object 'Object Repository/Выручка по ДЗО/График1 Выполнение плановых показателей Блок руководителя' is: '2 275 2 275
0 0
0 0
8 938 8 938
7 813 7 813
11 645 11 645
12 788 12 788
0 0
7 066 7 066
0 0
1 091 1 091
10 368 10 368
10 920 10 920
28 393 28 393
12 599 12 599
0 0
6 349 6 349
1 064 1 064
2 202 2 202
274 274
463 463
10 568 10 568
7 759 7 759
11 241 11 241
21 497 21 497
3 799 3 799
6 815 6 815
11 296 11 296
1 034 1 034
9 265 9 265
10 446 10 446
28 334 28 334
11 924 11 924
13 055 13 055
6 848 6 848
1 045 1 045
План
Факт
АО "РЭС"
АО «Тываэнерго»
АО «Чеченэнерго»
Россети Волга
Россети Кубань
Россети Ленэнерго (ГК)
Россети Московский регион
Россети Северный Кавказ (ГК)
Россети Северо-Запад
Россети Сибирь (ГК)
Россети Томск
Россети Тюмень
Россети Урал (ГК)
Россети ФСК ЕЭС
Россети Центр
Россети Центр и Приволжье (ГК)
Россети Юг (ГК)
Россети Янтарь
0 млн. руб.
2 500 млн. руб.
5 000 млн. руб.
7 500 млн. руб.
10 000 млн. руб.
12 500 млн. руб.
15 000 млн. руб.
17 500 млн. руб.
20 000 млн. руб.
22 500 млн. руб.
25 000 млн. руб.
27 500 млн. руб.
30 000 млн. руб.'

05-03-2025T10:14:29 - [TEST_STEP][PASSED] - println("a1: " + a1): null

05-03-2025T10:14:29 - [TEST_STEP][PASSED] - i = a1.indexOf("План"): null

05-03-2025T10:14:29 - [TEST_STEP][PASSED] - a1 = a1.substring(0, i): null

05-03-2025T10:14:29 - [TEST_STEP][PASSED] - println("a1: " + a1): null

05-03-2025T10:14:29 - [TEST_STEP][PASSED] - a2 = getText(findTestObject("Выручка по ДЗО/График2 Выполнение плановых показателей Блок руководителя")): Text of object 'Object Repository/Выручка по ДЗО/График2 Выполнение плановых показателей Блок руководителя' is: '1,4%1,4%
0,17%0,17%
0,29%0,29%
6,69%6,69%
4,92%4,92%
7,12%7,12%
13,62%13,62%
2,41%2,41%
4,32%4,32%
7,16%7,16%
0,65%0,65%
5,87%5,87%
6,62%6,62%
17,95%17,95%
7,55%7,55%
8,27%8,27%
4,34%4,34%
0,66%0,66%
АО "РЭС"
АО «Тываэнерго»
АО «Чеченэнерго»
Россети Волга
Россети Кубань
Россети Ленэнерго (ГК)
Россети Московский регион
Россети Северный Кавказ (ГК)
Россети Северо-Запад
Россети Сибирь (ГК)
Россети Томск
Россети Тюмень
Россети Урал (ГК)
Россети ФСК ЕЭС
Россети Центр
Россети Центр и Приволжье (ГК)
Россети Юг (ГК)
Россети Янтарь
Россети Центр и Приволжье (ГК): 13 054 893,11'

05-03-2025T10:14:29 - [MESSAGE][PASSED] - Text of object 'Object Repository/Выручка по ДЗО/График2 Выполнение плановых показателей Блок руководителя' is: '1,4%1,4%
0,17%0,17%
0,29%0,29%
6,69%6,69%
4,92%4,92%
7,12%7,12%
13,62%13,62%
2,41%2,41%
4,32%4,32%
7,16%7,16%
0,65%0,65%
5,87%5,87%
6,62%6,62%
17,95%17,95%
7,55%7,55%
8,27%8,27%
4,34%4,34%
0,66%0,66%
АО "РЭС"
АО «Тываэнерго»
АО «Чеченэнерго»
Россети Волга
Россети Кубань
Россети Ленэнерго (ГК)
Россети Московский регион
Россети Северный Кавказ (ГК)
Россети Северо-Запад
Россети Сибирь (ГК)
Россети Томск
Россети Тюмень
Россети Урал (ГК)
Россети ФСК ЕЭС
Россети Центр
Россети Центр и Приволжье (ГК)
Россети Юг (ГК)
Россети Янтарь
Россети Центр и Приволжье (ГК): 13 054 893,11'

05-03-2025T10:14:29 - [TEST_STEP][PASSED] - println("a2: " + a2): null

05-03-2025T10:14:29 - [TEST_STEP][PASSED] - i = a2.indexOf("АО «Тываэнерго»"): null

05-03-2025T10:14:29 - [TEST_STEP][PASSED] - a2 = a2.substring(0, i): null

05-03-2025T10:14:29 - [TEST_STEP][PASSED] - navigateToUrl(findTestData("PlanFact").getValue(10, 10)): Navigate to 'https://bi.rosseti.digital/viewer?dashboardGuid=a1fd28b3785d443cbc4d7690a1d78e31&sheetGuid=4a2f47326819444da0508dec5c59e502&fit=true' successfully

05-03-2025T10:14:30 - [MESSAGE][PASSED] - Navigate to 'https://bi.rosseti.digital/viewer?dashboardGuid=a1fd28b3785d443cbc4d7690a1d78e31&sheetGuid=4a2f47326819444da0508dec5c59e502&fit=true' successfully

05-03-2025T10:14:30 - [TEST_STEP][PASSED] - delay(30): Delayed 30 second(s)

05-03-2025T10:15:00 - [MESSAGE][PASSED] - Delayed 30 second(s)

05-03-2025T10:15:00 - [TEST_STEP][PASSED] - click(findTestObject("Выручка по ДЗО/Фильтр Дата Выручка")): Object: 'Object Repository/Выручка по ДЗО/Фильтр Дата Выручка' is clicked on

05-03-2025T10:15:00 - [MESSAGE][PASSED] - Object: 'Object Repository/Выручка по ДЗО/Фильтр Дата Выручка' is clicked on

05-03-2025T10:15:00 - [TEST_STEP][PASSED] - click(findTestObject("Выручка по ДЗО/Снять выделение в фильтре Дата Выручка")): Object: 'Object Repository/Выручка по ДЗО/Снять выделение в фильтре Дата Выручка' is clicked on

05-03-2025T10:15:00 - [MESSAGE][PASSED] - Object: 'Object Repository/Выручка по ДЗО/Снять выделение в фильтре Дата Выручка' is clicked on

05-03-2025T10:15:00 - [TEST_STEP][PASSED] - click(findTestObject("Выручка по ДЗО/Применить в фильтре Дата Выручка")): Object: 'Object Repository/Выручка по ДЗО/Применить в фильтре Дата Выручка' is clicked on

05-03-2025T10:15:01 - [MESSAGE][PASSED] - Object: 'Object Repository/Выручка по ДЗО/Применить в фильтре Дата Выручка' is clicked on

05-03-2025T10:15:01 - [TEST_STEP][PASSED] - click(findTestObject("Выручка по ДЗО/Фильтр Дата Выручка")): Object: 'Object Repository/Выручка по ДЗО/Фильтр Дата Выручка' is clicked on

05-03-2025T10:15:03 - [MESSAGE][PASSED] - Object: 'Object Repository/Выручка по ДЗО/Фильтр Дата Выручка' is clicked on

05-03-2025T10:15:03 - [TEST_STEP][PASSED] - click(findTestObject("Выручка по ДЗО/Снять выделение в фильтре Дата Выручка")): Object: 'Object Repository/Выручка по ДЗО/Снять выделение в фильтре Дата Выручка' is clicked on

05-03-2025T10:15:03 - [MESSAGE][PASSED] - Object: 'Object Repository/Выручка по ДЗО/Снять выделение в фильтре Дата Выручка' is clicked on

05-03-2025T10:15:03 - [TEST_STEP][PASSED] - scrollToElement(findTestObject("Выручка по ДЗО/2025 список"), 30): Scroll to object 'Object Repository/Выручка по ДЗО/2025 список' successfully

05-03-2025T10:15:03 - [MESSAGE][PASSED] - Scroll to object 'Object Repository/Выручка по ДЗО/2025 список' successfully

05-03-2025T10:15:03 - [TEST_STEP][PASSED] - click(findTestObject("Выручка по ДЗО/2025 список")): Object: 'Object Repository/Выручка по ДЗО/2025 список' is clicked on

05-03-2025T10:15:04 - [MESSAGE][PASSED] - Object: 'Object Repository/Выручка по ДЗО/2025 список' is clicked on

05-03-2025T10:15:04 - [TEST_STEP][PASSED] - scrollToElement(findTestObject("Выручка по ДЗО/1 квартал 2025 список"), 30): Scroll to object 'Object Repository/Выручка по ДЗО/1 квартал 2025 список' successfully

05-03-2025T10:15:04 - [MESSAGE][PASSED] - Scroll to object 'Object Repository/Выручка по ДЗО/1 квартал 2025 список' successfully

05-03-2025T10:15:04 - [TEST_STEP][PASSED] - click(findTestObject("Выручка по ДЗО/1 квартал 2025 список"), CONTINUE_ON_FAILURE): Object: 'Object Repository/Выручка по ДЗО/1 квартал 2025 список' is clicked on

05-03-2025T10:15:05 - [MESSAGE][PASSED] - Object: 'Object Repository/Выручка по ДЗО/1 квартал 2025 список' is clicked on

05-03-2025T10:15:05 - [TEST_STEP][PASSED] - scrollToElement(findTestObject("Выручка по ДЗО/Январь 2025"), 30): Scroll to object 'Object Repository/Выручка по ДЗО/Январь 2025' successfully

05-03-2025T10:15:05 - [MESSAGE][PASSED] - Scroll to object 'Object Repository/Выручка по ДЗО/Январь 2025' successfully

05-03-2025T10:15:05 - [TEST_STEP][PASSED] - click(findTestObject("Выручка по ДЗО/Январь 2025"), CONTINUE_ON_FAILURE): Object: 'Object Repository/Выручка по ДЗО/Январь 2025' is clicked on

05-03-2025T10:15:05 - [MESSAGE][PASSED] - Object: 'Object Repository/Выручка по ДЗО/Январь 2025' is clicked on

05-03-2025T10:15:05 - [TEST_STEP][PASSED] - scrollToElement(findTestObject("Выручка по ДЗО/Заголовок дашборда Выручка"), 30): Scroll to object 'Object Repository/Выручка по ДЗО/Заголовок дашборда Выручка' successfully

05-03-2025T10:15:06 - [MESSAGE][PASSED] - Scroll to object 'Object Repository/Выручка по ДЗО/Заголовок дашборда Выручка' successfully

05-03-2025T10:15:06 - [TEST_STEP][PASSED] - click(findTestObject("Выручка по ДЗО/Применить в фильтре Дата Выручка")): Object: 'Object Repository/Выручка по ДЗО/Применить в фильтре Дата Выручка' is clicked on

05-03-2025T10:15:06 - [MESSAGE][PASSED] - Object: 'Object Repository/Выручка по ДЗО/Применить в фильтре Дата Выручка' is clicked on

05-03-2025T10:15:06 - [TEST_STEP][PASSED] - delay(30): Delayed 30 second(s)

05-03-2025T10:15:36 - [MESSAGE][PASSED] - Delayed 30 second(s)

05-03-2025T10:15:36 - [TEST_STEP][PASSED] - b1 = getText(findTestObject("Выручка по ДЗО/График1 Выполнение плановых показателей Выручка")): Text of object 'Object Repository/Выручка по ДЗО/График1 Выполнение плановых показателей Выручка' is: '2 275 2 275
0 0
0 0
8 938 8 938
7 813 7 813
11 645 11 645
12 788 12 788
0 0
7 066 7 066
0 0
1 091 1 091
10 368 10 368
10 920 10 920
28 393 28 393
12 599 12 599
0 0
6 349 6 349
1 064 1 064
2 202 2 202
274 274
463 463
10 568 10 568
7 759 7 759
11 241 11 241
21 497 21 497
3 799 3 799
6 815 6 815
11 296 11 296
1 034 1 034
9 265 9 265
10 446 10 446
28 334 28 334
11 924 11 924
13 055 13 055
6 848 6 848
1 045 1 045
План
Факт
АО "РЭС"
АО «Тываэнерго»
АО «Чеченэнерго»
Россети Волга
Россети Кубань
Россети Ленэнерго (ГК)
Россети Московский регион
Россети Северный Кавказ (ГК)
Россети Северо-Запад
Россети Сибирь (ГК)
Россети Томск
Россети Тюмень
Россети Урал (ГК)
Россети ФСК ЕЭС
Россети Центр
Россети Центр и Приволжье (ГК)
Россети Юг (ГК)
Россети Янтарь
0 млн. руб.
5 000 млн. руб.
10 000 млн. руб.
15 000 млн. руб.
20 000 млн. руб.
25 000 млн. руб.
30 000 млн. руб.'

05-03-2025T10:15:37 - [MESSAGE][PASSED] - Text of object 'Object Repository/Выручка по ДЗО/График1 Выполнение плановых показателей Выручка' is: '2 275 2 275
0 0
0 0
8 938 8 938
7 813 7 813
11 645 11 645
12 788 12 788
0 0
7 066 7 066
0 0
1 091 1 091
10 368 10 368
10 920 10 920
28 393 28 393
12 599 12 599
0 0
6 349 6 349
1 064 1 064
2 202 2 202
274 274
463 463
10 568 10 568
7 759 7 759
11 241 11 241
21 497 21 497
3 799 3 799
6 815 6 815
11 296 11 296
1 034 1 034
9 265 9 265
10 446 10 446
28 334 28 334
11 924 11 924
13 055 13 055
6 848 6 848
1 045 1 045
План
Факт
АО "РЭС"
АО «Тываэнерго»
АО «Чеченэнерго»
Россети Волга
Россети Кубань
Россети Ленэнерго (ГК)
Россети Московский регион
Россети Северный Кавказ (ГК)
Россети Северо-Запад
Россети Сибирь (ГК)
Россети Томск
Россети Тюмень
Россети Урал (ГК)
Россети ФСК ЕЭС
Россети Центр
Россети Центр и Приволжье (ГК)
Россети Юг (ГК)
Россети Янтарь
0 млн. руб.
5 000 млн. руб.
10 000 млн. руб.
15 000 млн. руб.
20 000 млн. руб.
25 000 млн. руб.
30 000 млн. руб.'

05-03-2025T10:15:37 - [TEST_STEP][PASSED] - println("b1: " + b1): null

05-03-2025T10:15:37 - [TEST_STEP][PASSED] - i = b1.indexOf("План"): null

05-03-2025T10:15:37 - [TEST_STEP][PASSED] - b1 = b1.substring(0, i): null

05-03-2025T10:15:37 - [TEST_STEP][PASSED] - println("b1: " + b1): null

05-03-2025T10:15:37 - [TEST_STEP][PASSED] - b2 = getText(findTestObject("Выручка по ДЗО/График2 Выполнение плановых показателей Выручка")): Text of object 'Object Repository/Выручка по ДЗО/График2 Выполнение плановых показателей Выручка' is: '1,4%1,4%
0,17%0,17%
0,29%0,29%
6,69%6,69%
4,92%4,92%
7,12%7,12%
13,62%13,62%
2,41%2,41%
4,32%4,32%
7,16%7,16%
0,65%0,65%
5,87%5,87%
6,62%6,62%
17,95%17,95%
7,55%7,55%
8,27%8,27%
4,34%4,34%
0,66%0,66%
АО "РЭС"
АО «Тываэнерго»
АО «Чеченэнерго»
Россети Волга
Россети Кубань
Россети Ленэнерго (ГК)
Россети Московский регион
Россети Северный Кавказ (ГК)
Россети Северо-Запад
Россети Сибирь (ГК)
Россети Томск
Россети Тюмень
Россети Урал (ГК)
Россети ФСК ЕЭС
Россети Центр
Россети Центр и Приволжье (ГК)
Россети Юг (ГК)
Россети Янтарь'

05-03-2025T10:15:37 - [MESSAGE][PASSED] - Text of object 'Object Repository/Выручка по ДЗО/График2 Выполнение плановых показателей Выручка' is: '1,4%1,4%
0,17%0,17%
0,29%0,29%
6,69%6,69%
4,92%4,92%
7,12%7,12%
13,62%13,62%
2,41%2,41%
4,32%4,32%
7,16%7,16%
0,65%0,65%
5,87%5,87%
6,62%6,62%
17,95%17,95%
7,55%7,55%
8,27%8,27%
4,34%4,34%
0,66%0,66%
АО "РЭС"
АО «Тываэнерго»
АО «Чеченэнерго»
Россети Волга
Россети Кубань
Россети Ленэнерго (ГК)
Россети Московский регион
Россети Северный Кавказ (ГК)
Россети Северо-Запад
Россети Сибирь (ГК)
Россети Томск
Россети Тюмень
Россети Урал (ГК)
Россети ФСК ЕЭС
Россети Центр
Россети Центр и Приволжье (ГК)
Россети Юг (ГК)
Россети Янтарь'

05-03-2025T10:15:37 - [TEST_STEP][PASSED] - i = b2.indexOf("АО «Тываэнерго»"): null

05-03-2025T10:15:37 - [TEST_STEP][PASSED] - b2 = b2.substring(0, i): null

05-03-2025T10:15:37 - [TEST_STEP][PASSED] - println(b2): null

05-03-2025T10:15:37 - [TEST_STEP][PASSED] - verifyEqual(a1, b1): Actual object '2 275 2 275
0 0
0 0
8 938 8 938
7 813 7 813
11 645 11 645
12 788 12 788
0 0
7 066 7 066
0 0
1 091 1 091
10 368 10 368
10 920 10 920
28 393 28 393
12 599 12 599
0 0
6 349 6 349
1 064 1 064
2 202 2 202
274 274
463 463
10 568 10 568
7 759 7 759
11 241 11 241
21 497 21 497
3 799 3 799
6 815 6 815
11 296 11 296
1 034 1 034
9 265 9 265
10 446 10 446
28 334 28 334
11 924 11 924
13 055 13 055
6 848 6 848
1 045 1 045
' and expected object '2 275 2 275
0 0
0 0
8 938 8 938
7 813 7 813
11 645 11 645
12 788 12 788
0 0
7 066 7 066
0 0
1 091 1 091
10 368 10 368
10 920 10 920
28 393 28 393
12 599 12 599
0 0
6 349 6 349
1 064 1 064
2 202 2 202
274 274
463 463
10 568 10 568
7 759 7 759
11 241 11 241
21 497 21 497
3 799 3 799
6 815 6 815
11 296 11 296
1 034 1 034
9 265 9 265
10 446 10 446
28 334 28 334
11 924 11 924
13 055 13 055
6 848 6 848
1 045 1 045
' are equal

05-03-2025T10:15:37 - [MESSAGE][PASSED] - Actual object '2 275 2 275
0 0
0 0
8 938 8 938
7 813 7 813
11 645 11 645
12 788 12 788
0 0
7 066 7 066
0 0
1 091 1 091
10 368 10 368
10 920 10 920
28 393 28 393
12 599 12 599
0 0
6 349 6 349
1 064 1 064
2 202 2 202
274 274
463 463
10 568 10 568
7 759 7 759
11 241 11 241
21 497 21 497
3 799 3 799
6 815 6 815
11 296 11 296
1 034 1 034
9 265 9 265
10 446 10 446
28 334 28 334
11 924 11 924
13 055 13 055
6 848 6 848
1 045 1 045
' and expected object '2 275 2 275
0 0
0 0
8 938 8 938
7 813 7 813
11 645 11 645
12 788 12 788
0 0
7 066 7 066
0 0
1 091 1 091
10 368 10 368
10 920 10 920
28 393 28 393
12 599 12 599
0 0
6 349 6 349
1 064 1 064
2 202 2 202
274 274
463 463
10 568 10 568
7 759 7 759
11 241 11 241
21 497 21 497
3 799 3 799
6 815 6 815
11 296 11 296
1 034 1 034
9 265 9 265
10 446 10 446
28 334 28 334
11 924 11 924
13 055 13 055
6 848 6 848
1 045 1 045
' are equal

05-03-2025T10:15:37 - [TEST_STEP][PASSED] - if (verifyEqual(a1, b1) == true): Actual object '2 275 2 275
0 0
0 0
8 938 8 938
7 813 7 813
11 645 11 645
12 788 12 788
0 0
7 066 7 066
0 0
1 091 1 091
10 368 10 368
10 920 10 920
28 393 28 393
12 599 12 599
0 0
6 349 6 349
1 064 1 064
2 202 2 202
274 274
463 463
10 568 10 568
7 759 7 759
11 241 11 241
21 497 21 497
3 799 3 799
6 815 6 815
11 296 11 296
1 034 1 034
9 265 9 265
10 446 10 446
28 334 28 334
11 924 11 924
13 055 13 055
6 848 6 848
1 045 1 045
' and expected object '2 275 2 275
0 0
0 0
8 938 8 938
7 813 7 813
11 645 11 645
12 788 12 788
0 0
7 066 7 066
0 0
1 091 1 091
10 368 10 368
10 920 10 920
28 393 28 393
12 599 12 599
0 0
6 349 6 349
1 064 1 064
2 202 2 202
274 274
463 463
10 568 10 568
7 759 7 759
11 241 11 241
21 497 21 497
3 799 3 799
6 815 6 815
11 296 11 296
1 034 1 034
9 265 9 265
10 446 10 446
28 334 28 334
11 924 11 924
13 055 13 055
6 848 6 848
1 045 1 045
' are equal

05-03-2025T10:15:37 - [MESSAGE][PASSED] - Actual object '2 275 2 275
0 0
0 0
8 938 8 938
7 813 7 813
11 645 11 645
12 788 12 788
0 0
7 066 7 066
0 0
1 091 1 091
10 368 10 368
10 920 10 920
28 393 28 393
12 599 12 599
0 0
6 349 6 349
1 064 1 064
2 202 2 202
274 274
463 463
10 568 10 568
7 759 7 759
11 241 11 241
21 497 21 497
3 799 3 799
6 815 6 815
11 296 11 296
1 034 1 034
9 265 9 265
10 446 10 446
28 334 28 334
11 924 11 924
13 055 13 055
6 848 6 848
1 045 1 045
' and expected object '2 275 2 275
0 0
0 0
8 938 8 938
7 813 7 813
11 645 11 645
12 788 12 788
0 0
7 066 7 066
0 0
1 091 1 091
10 368 10 368
10 920 10 920
28 393 28 393
12 599 12 599
0 0
6 349 6 349
1 064 1 064
2 202 2 202
274 274
463 463
10 568 10 568
7 759 7 759
11 241 11 241
21 497 21 497
3 799 3 799
6 815 6 815
11 296 11 296
1 034 1 034
9 265 9 265
10 446 10 446
28 334 28 334
11 924 11 924
13 055 13 055
6 848 6 848
1 045 1 045
' are equal

05-03-2025T10:15:37 - [TEST_STEP][PASSED] - verifyEqual(a2, b2): Actual object '1,4%1,4%
0,17%0,17%
0,29%0,29%
6,69%6,69%
4,92%4,92%
7,12%7,12%
13,62%13,62%
2,41%2,41%
4,32%4,32%
7,16%7,16%
0,65%0,65%
5,87%5,87%
6,62%6,62%
17,95%17,95%
7,55%7,55%
8,27%8,27%
4,34%4,34%
0,66%0,66%
АО "РЭС"
' and expected object '1,4%1,4%
0,17%0,17%
0,29%0,29%
6,69%6,69%
4,92%4,92%
7,12%7,12%
13,62%13,62%
2,41%2,41%
4,32%4,32%
7,16%7,16%
0,65%0,65%
5,87%5,87%
6,62%6,62%
17,95%17,95%
7,55%7,55%
8,27%8,27%
4,34%4,34%
0,66%0,66%
АО "РЭС"
' are equal

05-03-2025T10:15:37 - [MESSAGE][PASSED] - Actual object '1,4%1,4%
0,17%0,17%
0,29%0,29%
6,69%6,69%
4,92%4,92%
7,12%7,12%
13,62%13,62%
2,41%2,41%
4,32%4,32%
7,16%7,16%
0,65%0,65%
5,87%5,87%
6,62%6,62%
17,95%17,95%
7,55%7,55%
8,27%8,27%
4,34%4,34%
0,66%0,66%
АО "РЭС"
' and expected object '1,4%1,4%
0,17%0,17%
0,29%0,29%
6,69%6,69%
4,92%4,92%
7,12%7,12%
13,62%13,62%
2,41%2,41%
4,32%4,32%
7,16%7,16%
0,65%0,65%
5,87%5,87%
6,62%6,62%
17,95%17,95%
7,55%7,55%
8,27%8,27%
4,34%4,34%
0,66%0,66%
АО "РЭС"
' are equal

05-03-2025T10:15:37 - [TEST_STEP][PASSED] - if (verifyEqual(a2, b2) == true): Actual object '1,4%1,4%
0,17%0,17%
0,29%0,29%
6,69%6,69%
4,92%4,92%
7,12%7,12%
13,62%13,62%
2,41%2,41%
4,32%4,32%
7,16%7,16%
0,65%0,65%
5,87%5,87%
6,62%6,62%
17,95%17,95%
7,55%7,55%
8,27%8,27%
4,34%4,34%
0,66%0,66%
АО "РЭС"
' and expected object '1,4%1,4%
0,17%0,17%
0,29%0,29%
6,69%6,69%
4,92%4,92%
7,12%7,12%
13,62%13,62%
2,41%2,41%
4,32%4,32%
7,16%7,16%
0,65%0,65%
5,87%5,87%
6,62%6,62%
17,95%17,95%
7,55%7,55%
8,27%8,27%
4,34%4,34%
0,66%0,66%
АО "РЭС"
' are equal

05-03-2025T10:15:37 - [MESSAGE][PASSED] - Actual object '1,4%1,4%
0,17%0,17%
0,29%0,29%
6,69%6,69%
4,92%4,92%
7,12%7,12%
13,62%13,62%
2,41%2,41%
4,32%4,32%
7,16%7,16%
0,65%0,65%
5,87%5,87%
6,62%6,62%
17,95%17,95%
7,55%7,55%
8,27%8,27%
4,34%4,34%
0,66%0,66%
АО "РЭС"
' and expected object '1,4%1,4%
0,17%0,17%
0,29%0,29%
6,69%6,69%
4,92%4,92%
7,12%7,12%
13,62%13,62%
2,41%2,41%
4,32%4,32%
7,16%7,16%
0,65%0,65%
5,87%5,87%
6,62%6,62%
17,95%17,95%
7,55%7,55%
8,27%8,27%
4,34%4,34%
0,66%0,66%
АО "РЭС"
' are equal

05-03-2025T10:15:37 - [TEST_STEP][PASSED] - closeBrowser(): Browser is closed

05-03-2025T10:15:37 - [MESSAGE][PASSED] - Browser is closed]]></system-out>
         <system-err><![CDATA[]]></system-err>
      </testcase>
      <testcase name="Test Cases/Сверки дашбордов/Прогноз по отраслям сверка дашбордов" time="1146.565" classname="Test Cases/Сверки дашбордов/Прогноз по отраслям сверка дашбордов" status="PASSED">
         <system-out><![CDATA[05-03-2025T10:15:37 - [TEST_CASE][PASSED] - Test Cases/Сверки дашбордов/Прогноз по отраслям сверка дашбордов: Test Cases/Сверки дашбордов/Прогноз по отраслям сверка дашбордов

05-03-2025T10:15:38 - [TEST_STEP][PASSED] - date = new java.util.Date(): null

05-03-2025T10:15:38 - [TEST_STEP][PASSED] - todaysDate = date.format("dd.MM.yyyy"): null

05-03-2025T10:15:38 - [TEST_STEP][PASSED] - println(todaysDate): null

05-03-2025T10:15:38 - [TEST_STEP][PASSED] - typeOfData = <not implemented yet for class: org.codehaus.groovy.ast.expr.EmptyExpression>: null

05-03-2025T10:15:38 - [TEST_STEP][PASSED] - filterSravnenie = <not implemented yet for class: org.codehaus.groovy.ast.expr.EmptyExpression>: null

05-03-2025T10:15:38 - [TEST_STEP][PASSED] - kpoOtpusk = <not implemented yet for class: org.codehaus.groovy.ast.expr.EmptyExpression>: null

05-03-2025T10:15:38 - [TEST_STEP][PASSED] - openBrowser(""): Browser is opened with url: ''

05-03-2025T10:15:38 - [MESSAGE][INFO] - Starting 'Chrome' driver

05-03-2025T10:15:38 - [MESSAGE][INFO] - Action delay is set to 0 milliseconds

05-03-2025T10:15:39 - [MESSAGE][PASSED] - Browser is opened with url: ''

05-03-2025T10:15:39 - [TEST_STEP][PASSED] - navigateToUrl(findTestData("PlanFact").getValue(10, 6)): Navigate to 'https://bi.rosseti.digital/viewer?dashboardGuid=d6acb5b1a7114a9791b34de39263106e&sheetGuid=0b6d261d7f7b4424a967aa8f3a724189&fit=true' successfully

05-03-2025T10:15:43 - [MESSAGE][PASSED] - Navigate to 'https://bi.rosseti.digital/viewer?dashboardGuid=d6acb5b1a7114a9791b34de39263106e&sheetGuid=0b6d261d7f7b4424a967aa8f3a724189&fit=true' successfully

05-03-2025T10:15:43 - [TEST_STEP][PASSED] - setText(findTestObject("Страница авторизации/input__username"), findTestData("PlanFact").getValue(8, 1)): Text 'liazgina-di' is set on object 'Object Repository/Страница авторизации/input__username'

05-03-2025T10:15:44 - [MESSAGE][PASSED] - Text 'liazgina-di' is set on object 'Object Repository/Страница авторизации/input__username'

05-03-2025T10:15:44 - [TEST_STEP][PASSED] - setText(findTestObject("Страница авторизации/input__password"), findTestData("PlanFact").getValue(9, 1)): Text ')$%5srZ8o688Dm#q' is set on object 'Object Repository/Страница авторизации/input__password'

05-03-2025T10:15:45 - [MESSAGE][PASSED] - Text ')$%5srZ8o688Dm#q' is set on object 'Object Repository/Страница авторизации/input__password'

05-03-2025T10:15:45 - [TEST_STEP][PASSED] - click(findTestObject("Страница авторизации/button_")): Object: 'Object Repository/Страница авторизации/button_' is clicked on

05-03-2025T10:15:46 - [MESSAGE][PASSED] - Object: 'Object Repository/Страница авторизации/button_' is clicked on

05-03-2025T10:15:46 - [TEST_STEP][PASSED] - delay(50): Delayed 50 second(s)

05-03-2025T10:16:36 - [MESSAGE][PASSED] - Delayed 50 second(s)

05-03-2025T10:16:36 - [TEST_STEP][PASSED] - click(findTestObject("Прогноз по отраслям/Фильтр Месяц")): Object: 'Object Repository/Прогноз по отраслям/Фильтр Месяц' is clicked on

05-03-2025T10:16:36 - [MESSAGE][PASSED] - Object: 'Object Repository/Прогноз по отраслям/Фильтр Месяц' is clicked on

05-03-2025T10:16:36 - [TEST_STEP][PASSED] - scrollToElement(findTestObject("Прогноз по отраслям/Ноябрь"), 30): Scroll to object 'Object Repository/Прогноз по отраслям/Ноябрь' successfully

05-03-2025T10:16:37 - [MESSAGE][PASSED] - Scroll to object 'Object Repository/Прогноз по отраслям/Ноябрь' successfully

05-03-2025T10:16:37 - [TEST_STEP][PASSED] - click(findTestObject("Прогноз по отраслям/Ноябрь"), CONTINUE_ON_FAILURE): Object: 'Object Repository/Прогноз по отраслям/Ноябрь' is clicked on

05-03-2025T10:16:38 - [MESSAGE][PASSED] - Object: 'Object Repository/Прогноз по отраслям/Ноябрь' is clicked on

05-03-2025T10:16:38 - [TEST_STEP][PASSED] - scrollToElement(findTestObject("Прогноз по отраслям/Заголовок дашборда"), 30): Scroll to object 'Object Repository/Прогноз по отраслям/Заголовок дашборда' successfully

05-03-2025T10:16:40 - [MESSAGE][PASSED] - Scroll to object 'Object Repository/Прогноз по отраслям/Заголовок дашборда' successfully

05-03-2025T10:16:40 - [TEST_STEP][PASSED] - click(findTestObject("Прогноз по отраслям/Фильтр Сравнение с")): Object: 'Object Repository/Прогноз по отраслям/Фильтр Сравнение с' is clicked on

05-03-2025T10:16:40 - [MESSAGE][PASSED] - Object: 'Object Repository/Прогноз по отраслям/Фильтр Сравнение с' is clicked on

05-03-2025T10:16:40 - [TEST_STEP][PASSED] - click(findTestObject("Прогноз по отраслям/Факт прошлого года")): Object: 'Object Repository/Прогноз по отраслям/Факт прошлого года' is clicked on

05-03-2025T10:16:41 - [MESSAGE][PASSED] - Object: 'Object Repository/Прогноз по отраслям/Факт прошлого года' is clicked on

05-03-2025T10:16:41 - [TEST_STEP][PASSED] - click(findTestObject("Прогноз по отраслям/Фильтр КПО-Отпуск")): Object: 'Object Repository/Прогноз по отраслям/Фильтр КПО-Отпуск' is clicked on

05-03-2025T10:16:42 - [MESSAGE][PASSED] - Object: 'Object Repository/Прогноз по отраслям/Фильтр КПО-Отпуск' is clicked on

05-03-2025T10:16:42 - [TEST_STEP][PASSED] - click(findTestObject("Прогноз по отраслям/Отпуск")): Object: 'Object Repository/Прогноз по отраслям/Отпуск' is clicked on

05-03-2025T10:16:43 - [MESSAGE][PASSED] - Object: 'Object Repository/Прогноз по отраслям/Отпуск' is clicked on

05-03-2025T10:16:43 - [TEST_STEP][PASSED] - delay(40): Delayed 40 second(s)

05-03-2025T10:17:23 - [MESSAGE][PASSED] - Delayed 40 second(s)

05-03-2025T10:17:23 - [TEST_STEP][PASSED] - a1 = getText(findTestObject("Прогноз по отраслям/Виджеты дашборда")): Text of object 'Object Repository/Прогноз по отраслям/Виджеты дашборда' is: 'Год 
2023 год
Сравнение с 
Факт прошлого года
Динамика электропотребления, млрд. кВт.ч. по ПАО Россети на 2023 год
12 12
186 186
36 36
50 50
10 10
19 19
0 0
17 17
85 85
19 19
82 82
604 604
10 10
197 197
37 37
48 48
10 10
15 15
4 4
18 18
80 80
19 19
82 82
608 608
Факт прошлого года
Ожидаемое (прогноз по конца года)
Интер РАО (дляФСК)
Промышленныепотребители
Транспорт
Нефтедобыча
Нефтепереработка
Нефтепроводы
Газопроводы
Сельскоехозяйство ипищеваяпромышленность
Непромышленныепотребители
Государственные(муниципальные)организации ипрочиебюджетныепотребители
Население иприравненныегруппыпотребителей
Территориальныесетевыеорганизации
Выручка по ПАО Россети на 2023 год
5 5
285 285
72 72
72 72
18 18
22 22
0 0
50 50
201 201
61 61
190 190
227 227
6 6
331 331
82 82
77 77
20 20
20 20
3 3
57 57
220 220
68 68
214 214
258 258
Факт прошлого года
Ожидаемое (прогноз по конца года)
Интер РАО (дляФСК)
Промышленныепотребители
Транспорт
Нефтедобыча
Нефтепереработка
Нефтепроводы
Газопроводы
Сельскоехозяйство ипищеваяпромышленность
Непромышленныепотребители
Государственные(муниципальные)организации ипрочиебюджетныепотребители
Население иприравненныегруппыпотребителей
Территориальныесетевыеорганизации
Отклонения по ПАО Россети на 2023 год
-18.5% -18.5%
5.9% 5.9%
3.6% 3.6%
-3.9% -3.9%
0.9% 0.9%
-20.7% -20.7%
3 313.2% 3 313.2%
3.8% 3.8%
-5.6% -5.6%
1.3% 1.3%
-0.9% -0.9%
0.7% 0.7%
⬤ Отклонение, %
Интер РАО (для ФСК)
Промышленные потребители
Транспорт
Нефтедобыча
Нефтепереработка
Нефтепроводы
Газопроводы
Сельское хозяйство и пищевая пр…
Непромышленные потребители
Государственные (муниципальные…
Население и приравненные групп…
Территориальные сетевые органи…
Выручка отклонения по ПАО Россети на 2023 год
7.7% 7.7%
16.0% 16.0%
13.2% 13.2%
6.7% 6.7%
13.3% 13.3%
-7.7% -7.7%
1 331.5% 1 331.5%
14.2% 14.2%
9.9% 9.9%
12.0% 12.0%
12.4% 12.4%
13.7% 13.7%
⬤ Отклонение, %
Интер РАО (для ФСК)
Промышленные потребители
Транспорт
Нефтедобыча
Нефтепереработка
Нефтепроводы
Газопроводы
Сельское хозяйство и пищевая пр…
Непромышленные потребители
Государственные (муниципальные…
Население и приравненные групп…
Территориальные сетевые органи…
абс.
%
Прогноз на месяц 
Ноябрь
КПО/Отпуск из сети 
Отпуск из сети, млн. кВт.ч
Организация 
Все
Прогноз электропотребления и выручки за услуги по передаче в разрезе отраслей'

05-03-2025T10:17:24 - [MESSAGE][PASSED] - Text of object 'Object Repository/Прогноз по отраслям/Виджеты дашборда' is: 'Год 
2023 год
Сравнение с 
Факт прошлого года
Динамика электропотребления, млрд. кВт.ч. по ПАО Россети на 2023 год
12 12
186 186
36 36
50 50
10 10
19 19
0 0
17 17
85 85
19 19
82 82
604 604
10 10
197 197
37 37
48 48
10 10
15 15
4 4
18 18
80 80
19 19
82 82
608 608
Факт прошлого года
Ожидаемое (прогноз по конца года)
Интер РАО (дляФСК)
Промышленныепотребители
Транспорт
Нефтедобыча
Нефтепереработка
Нефтепроводы
Газопроводы
Сельскоехозяйство ипищеваяпромышленность
Непромышленныепотребители
Государственные(муниципальные)организации ипрочиебюджетныепотребители
Население иприравненныегруппыпотребителей
Территориальныесетевыеорганизации
Выручка по ПАО Россети на 2023 год
5 5
285 285
72 72
72 72
18 18
22 22
0 0
50 50
201 201
61 61
190 190
227 227
6 6
331 331
82 82
77 77
20 20
20 20
3 3
57 57
220 220
68 68
214 214
258 258
Факт прошлого года
Ожидаемое (прогноз по конца года)
Интер РАО (дляФСК)
Промышленныепотребители
Транспорт
Нефтедобыча
Нефтепереработка
Нефтепроводы
Газопроводы
Сельскоехозяйство ипищеваяпромышленность
Непромышленныепотребители
Государственные(муниципальные)организации ипрочиебюджетныепотребители
Население иприравненныегруппыпотребителей
Территориальныесетевыеорганизации
Отклонения по ПАО Россети на 2023 год
-18.5% -18.5%
5.9% 5.9%
3.6% 3.6%
-3.9% -3.9%
0.9% 0.9%
-20.7% -20.7%
3 313.2% 3 313.2%
3.8% 3.8%
-5.6% -5.6%
1.3% 1.3%
-0.9% -0.9%
0.7% 0.7%
⬤ Отклонение, %
Интер РАО (для ФСК)
Промышленные потребители
Транспорт
Нефтедобыча
Нефтепереработка
Нефтепроводы
Газопроводы
Сельское хозяйство и пищевая пр…
Непромышленные потребители
Государственные (муниципальные…
Население и приравненные групп…
Территориальные сетевые органи…
Выручка отклонения по ПАО Россети на 2023 год
7.7% 7.7%
16.0% 16.0%
13.2% 13.2%
6.7% 6.7%
13.3% 13.3%
-7.7% -7.7%
1 331.5% 1 331.5%
14.2% 14.2%
9.9% 9.9%
12.0% 12.0%
12.4% 12.4%
13.7% 13.7%
⬤ Отклонение, %
Интер РАО (для ФСК)
Промышленные потребители
Транспорт
Нефтедобыча
Нефтепереработка
Нефтепроводы
Газопроводы
Сельское хозяйство и пищевая пр…
Непромышленные потребители
Государственные (муниципальные…
Население и приравненные групп…
Территориальные сетевые органи…
абс.
%
Прогноз на месяц 
Ноябрь
КПО/Отпуск из сети 
Отпуск из сети, млн. кВт.ч
Организация 
Все
Прогноз электропотребления и выручки за услуги по передаче в разрезе отраслей'

05-03-2025T10:17:24 - [TEST_STEP][PASSED] - a1 = a1.replaceAll("[^0-9]", ""): null

05-03-2025T10:17:24 - [TEST_STEP][PASSED] - println("a1:" + a1): null

05-03-2025T10:17:24 - [TEST_STEP][PASSED] - click(findTestObject("Прогноз по отраслям/Фильтр Сравнение с")): Object: 'Object Repository/Прогноз по отраслям/Фильтр Сравнение с' is clicked on

05-03-2025T10:17:24 - [MESSAGE][PASSED] - Object: 'Object Repository/Прогноз по отраслям/Фильтр Сравнение с' is clicked on

05-03-2025T10:17:24 - [TEST_STEP][PASSED] - click(findTestObject("Прогноз по отраслям/План")): Object: 'Object Repository/Прогноз по отраслям/План' is clicked on

05-03-2025T10:17:25 - [MESSAGE][PASSED] - Object: 'Object Repository/Прогноз по отраслям/План' is clicked on

05-03-2025T10:17:25 - [TEST_STEP][PASSED] - delay(40): Delayed 40 second(s)

05-03-2025T10:18:05 - [MESSAGE][PASSED] - Delayed 40 second(s)

05-03-2025T10:18:05 - [TEST_STEP][PASSED] - a2 = getText(findTestObject("Прогноз по отраслям/Виджеты дашборда")): Text of object 'Object Repository/Прогноз по отраслям/Виджеты дашборда' is: 'Год 
2023 год
Сравнение с 
План
Динамика электропотребления, млрд. кВт.ч. по ПАО Россети на 2023 год
10 10
190 190
36 36
14 14
9 9
14 14
4 4
17 17
80 80
19 19
82 82
588 588
10 10
197 197
37 37
48 48
10 10
15 15
4 4
18 18
80 80
19 19
82 82
608 608
План
Ожидаемое (прогноз по конца года)
Интер РАО (дляФСК)
Промышленныепотребители
Транспорт
Нефтедобыча
Нефтепереработка
Нефтепроводы
Газопроводы
Сельскоехозяйство ипищеваяпромышленность
Непромышленныепотребители
Государственные(муниципальные)организации ипрочиебюджетныепотребители
Население иприравненныегруппыпотребителей
Территориальныесетевыеорганизации
Выручка по ПАО Россети на 2023 год
5 5
319 319
81 81
16 16
16 16
20 20
2 2
56 56
215 215
67 67
218 218
239 239
6 6
331 331
82 82
77 77
20 20
20 20
3 3
57 57
220 220
68 68
214 214
258 258
План
Ожидаемое (прогноз по конца года)
Интер РАО (дляФСК)
Промышленныепотребители
Транспорт
Нефтедобыча
Нефтепереработка
Нефтепроводы
Газопроводы
Сельскоехозяйство ипищеваяпромышленность
Непромышленныепотребители
Государственные(муниципальные)организации ипрочиебюджетныепотребители
Население иприравненныегруппыпотребителей
Территориальныесетевыеорганизации
Отклонения по ПАО Россети на 2023 год
-4.7% -4.7%
3.8% 3.8%
1.9% 1.9%
230.3% 230.3%
10.9% 10.9%
4.2% 4.2%
21.7% 21.7%
3.9% 3.9%
-0.6% -0.6%
1.6% 1.6%
-1.0% -1.0%
3.3% 3.3%
⬤ Отклонение, %
Интер РАО (для ФСК)
Промышленные потребители
Транспорт
Нефтедобыча
Нефтепереработка
Нефтепроводы
Газопроводы
Сельское хозяйство и пищевая пр…
Непромышленные потребители
Государственные (муниципальные…
Население и приравненные групп…
Территориальные сетевые органи…
Выручка отклонения по ПАО Россети на 2023 год
15.6% 15.6%
3.8% 3.8%
1.2% 1.2%
398.2% 398.2%
26.9% 26.9%
-0.6% -0.6%
26.9% 26.9%
1.5% 1.5%
2.7% 2.7%
2.0% 2.0%
-2.0% -2.0%
7.9% 7.9%
⬤ Отклонение, %
Интер РАО (для ФСК)
Промышленные потребители
Транспорт
Нефтедобыча
Нефтепереработка
Нефтепроводы
Газопроводы
Сельское хозяйство и пищевая пр…
Непромышленные потребители
Государственные (муниципальные…
Население и приравненные групп…
Территориальные сетевые органи…
абс.
%
Прогноз на месяц 
Ноябрь
КПО/Отпуск из сети 
Отпуск из сети, млн. кВт.ч
Организация 
Все
Прогноз электропотребления и выручки за услуги по передаче в разрезе отраслей'

05-03-2025T10:18:05 - [MESSAGE][PASSED] - Text of object 'Object Repository/Прогноз по отраслям/Виджеты дашборда' is: 'Год 
2023 год
Сравнение с 
План
Динамика электропотребления, млрд. кВт.ч. по ПАО Россети на 2023 год
10 10
190 190
36 36
14 14
9 9
14 14
4 4
17 17
80 80
19 19
82 82
588 588
10 10
197 197
37 37
48 48
10 10
15 15
4 4
18 18
80 80
19 19
82 82
608 608
План
Ожидаемое (прогноз по конца года)
Интер РАО (дляФСК)
Промышленныепотребители
Транспорт
Нефтедобыча
Нефтепереработка
Нефтепроводы
Газопроводы
Сельскоехозяйство ипищеваяпромышленность
Непромышленныепотребители
Государственные(муниципальные)организации ипрочиебюджетныепотребители
Население иприравненныегруппыпотребителей
Территориальныесетевыеорганизации
Выручка по ПАО Россети на 2023 год
5 5
319 319
81 81
16 16
16 16
20 20
2 2
56 56
215 215
67 67
218 218
239 239
6 6
331 331
82 82
77 77
20 20
20 20
3 3
57 57
220 220
68 68
214 214
258 258
План
Ожидаемое (прогноз по конца года)
Интер РАО (дляФСК)
Промышленныепотребители
Транспорт
Нефтедобыча
Нефтепереработка
Нефтепроводы
Газопроводы
Сельскоехозяйство ипищеваяпромышленность
Непромышленныепотребители
Государственные(муниципальные)организации ипрочиебюджетныепотребители
Население иприравненныегруппыпотребителей
Территориальныесетевыеорганизации
Отклонения по ПАО Россети на 2023 год
-4.7% -4.7%
3.8% 3.8%
1.9% 1.9%
230.3% 230.3%
10.9% 10.9%
4.2% 4.2%
21.7% 21.7%
3.9% 3.9%
-0.6% -0.6%
1.6% 1.6%
-1.0% -1.0%
3.3% 3.3%
⬤ Отклонение, %
Интер РАО (для ФСК)
Промышленные потребители
Транспорт
Нефтедобыча
Нефтепереработка
Нефтепроводы
Газопроводы
Сельское хозяйство и пищевая пр…
Непромышленные потребители
Государственные (муниципальные…
Население и приравненные групп…
Территориальные сетевые органи…
Выручка отклонения по ПАО Россети на 2023 год
15.6% 15.6%
3.8% 3.8%
1.2% 1.2%
398.2% 398.2%
26.9% 26.9%
-0.6% -0.6%
26.9% 26.9%
1.5% 1.5%
2.7% 2.7%
2.0% 2.0%
-2.0% -2.0%
7.9% 7.9%
⬤ Отклонение, %
Интер РАО (для ФСК)
Промышленные потребители
Транспорт
Нефтедобыча
Нефтепереработка
Нефтепроводы
Газопроводы
Сельское хозяйство и пищевая пр…
Непромышленные потребители
Государственные (муниципальные…
Население и приравненные групп…
Территориальные сетевые органи…
абс.
%
Прогноз на месяц 
Ноябрь
КПО/Отпуск из сети 
Отпуск из сети, млн. кВт.ч
Организация 
Все
Прогноз электропотребления и выручки за услуги по передаче в разрезе отраслей'

05-03-2025T10:18:05 - [TEST_STEP][PASSED] - a2 = a2.replaceAll("[^0-9]", ""): null

05-03-2025T10:18:05 - [TEST_STEP][PASSED] - println("a2:" + a2): null

05-03-2025T10:18:05 - [TEST_STEP][PASSED] - click(findTestObject("Прогноз по отраслям/Фильтр Сравнение с")): Object: 'Object Repository/Прогноз по отраслям/Фильтр Сравнение с' is clicked on

05-03-2025T10:18:06 - [MESSAGE][PASSED] - Object: 'Object Repository/Прогноз по отраслям/Фильтр Сравнение с' is clicked on

05-03-2025T10:18:06 - [TEST_STEP][PASSED] - click(findTestObject("Прогноз по отраслям/План СУ")): Object: 'Object Repository/Прогноз по отраслям/План СУ' is clicked on

05-03-2025T10:18:07 - [MESSAGE][PASSED] - Object: 'Object Repository/Прогноз по отраслям/План СУ' is clicked on

05-03-2025T10:18:07 - [TEST_STEP][PASSED] - delay(40): Delayed 40 second(s)

05-03-2025T10:18:47 - [MESSAGE][PASSED] - Delayed 40 second(s)

05-03-2025T10:18:47 - [TEST_STEP][PASSED] - a3 = getText(findTestObject("Прогноз по отраслям/Виджеты дашборда")): Text of object 'Object Repository/Прогноз по отраслям/Виджеты дашборда' is: 'Год 
2023 год
Сравнение с 
План/СУ
Динамика электропотребления, млрд. кВт.ч. по ПАО Россети на 2023 год
10 10
181 181
36 36
15 15
9 9
14 14
4 4
16 16
86 86
19 19
79 79
586 586
10 10
197 197
37 37
48 48
10 10
15 15
4 4
18 18
80 80
19 19
82 82
608 608
СУ
Ожидаемое (прогноз по конца года)
Интер РАО (дляФСК)
Промышленныепотребители
Транспорт
Нефтедобыча
Нефтепереработка
Нефтепроводы
Газопроводы
Сельскоехозяйство ипищеваяпромышленность
Непромышленныепотребители
Государственные(муниципальные)организации ипрочиебюджетныепотребители
Население иприравненныегруппыпотребителей
Территориальныесетевыеорганизации
Выручка по ПАО Россети на 2023 год
6 6
331 331
82 82
77 77
20 20
20 20
3 3
57 57
220 220
68 68
214 214
258 258
Ожидаемое (прогноз по конца года)
Интер РАО (дляФСК)
Промышленныепотребители
Транспорт
Нефтедобыча
Нефтепереработка
Нефтепроводы
Газопроводы
Сельскоехозяйство ипищеваяпромышленность
Непромышленныепотребители
Государственные(муниципальные)организации ипрочиебюджетныепотребители
Население иприравненныегруппыпотребителей
Территориальныесетевыеорганизации
Отклонения по ПАО Россети на 2023 год
2.5% 2.5%
8.9% 8.9%
3.5% 3.5%
221.4% 221.4%
12.8% 12.8%
6.9% 6.9%
13.5% 13.5%
8.1% 8.1%
-6.9% -6.9%
2.3% 2.3%
3.1% 3.1%
3.8% 3.8%
⬤ Отклонение, %
Интер РАО (для ФСК)
Промышленные потребители
Транспорт
Нефтедобыча
Нефтепереработка
Нефтепроводы
Газопроводы
Сельское хозяйство и пищевая пр…
Непромышленные потребители
Государственные (муниципальные…
Население и приравненные групп…
Территориальные сетевые органи…
Выручка отклонения по ПАО Россети на 2023 год
⬤ Отклонение, %
Интер РАО (для ФСК)
Промышленные потребители
Транспорт
Нефтедобыча
Нефтепереработка
Нефтепроводы
Газопроводы
Сельское хозяйство и пищевая пр…
Непромышленные потребители
Государственные (муниципальные…
Население и приравненные групп…
Территориальные сетевые органи…
абс.
%
Прогноз на месяц 
Ноябрь
КПО/Отпуск из сети 
Отпуск из сети, млн. кВт.ч
Организация 
Все
Прогноз электропотребления и выручки за услуги по передаче в разрезе отраслей'

05-03-2025T10:18:47 - [MESSAGE][PASSED] - Text of object 'Object Repository/Прогноз по отраслям/Виджеты дашборда' is: 'Год 
2023 год
Сравнение с 
План/СУ
Динамика электропотребления, млрд. кВт.ч. по ПАО Россети на 2023 год
10 10
181 181
36 36
15 15
9 9
14 14
4 4
16 16
86 86
19 19
79 79
586 586
10 10
197 197
37 37
48 48
10 10
15 15
4 4
18 18
80 80
19 19
82 82
608 608
СУ
Ожидаемое (прогноз по конца года)
Интер РАО (дляФСК)
Промышленныепотребители
Транспорт
Нефтедобыча
Нефтепереработка
Нефтепроводы
Газопроводы
Сельскоехозяйство ипищеваяпромышленность
Непромышленныепотребители
Государственные(муниципальные)организации ипрочиебюджетныепотребители
Население иприравненныегруппыпотребителей
Территориальныесетевыеорганизации
Выручка по ПАО Россети на 2023 год
6 6
331 331
82 82
77 77
20 20
20 20
3 3
57 57
220 220
68 68
214 214
258 258
Ожидаемое (прогноз по конца года)
Интер РАО (дляФСК)
Промышленныепотребители
Транспорт
Нефтедобыча
Нефтепереработка
Нефтепроводы
Газопроводы
Сельскоехозяйство ипищеваяпромышленность
Непромышленныепотребители
Государственные(муниципальные)организации ипрочиебюджетныепотребители
Население иприравненныегруппыпотребителей
Территориальныесетевыеорганизации
Отклонения по ПАО Россети на 2023 год
2.5% 2.5%
8.9% 8.9%
3.5% 3.5%
221.4% 221.4%
12.8% 12.8%
6.9% 6.9%
13.5% 13.5%
8.1% 8.1%
-6.9% -6.9%
2.3% 2.3%
3.1% 3.1%
3.8% 3.8%
⬤ Отклонение, %
Интер РАО (для ФСК)
Промышленные потребители
Транспорт
Нефтедобыча
Нефтепереработка
Нефтепроводы
Газопроводы
Сельское хозяйство и пищевая пр…
Непромышленные потребители
Государственные (муниципальные…
Население и приравненные групп…
Территориальные сетевые органи…
Выручка отклонения по ПАО Россети на 2023 год
⬤ Отклонение, %
Интер РАО (для ФСК)
Промышленные потребители
Транспорт
Нефтедобыча
Нефтепереработка
Нефтепроводы
Газопроводы
Сельское хозяйство и пищевая пр…
Непромышленные потребители
Государственные (муниципальные…
Население и приравненные групп…
Территориальные сетевые органи…
абс.
%
Прогноз на месяц 
Ноябрь
КПО/Отпуск из сети 
Отпуск из сети, млн. кВт.ч
Организация 
Все
Прогноз электропотребления и выручки за услуги по передаче в разрезе отраслей'

05-03-2025T10:18:47 - [TEST_STEP][PASSED] - a3 = a3.replaceAll("[^0-9]", ""): null

05-03-2025T10:18:47 - [TEST_STEP][PASSED] - println("a3:" + a3): null

05-03-2025T10:18:47 - [TEST_STEP][PASSED] - click(findTestObject("Прогноз по отраслям/Фильтр Сравнение с")): Object: 'Object Repository/Прогноз по отраслям/Фильтр Сравнение с' is clicked on

05-03-2025T10:18:47 - [MESSAGE][PASSED] - Object: 'Object Repository/Прогноз по отраслям/Фильтр Сравнение с' is clicked on

05-03-2025T10:18:47 - [TEST_STEP][PASSED] - click(findTestObject("Прогноз по отраслям/Факт прошлого года")): Object: 'Object Repository/Прогноз по отраслям/Факт прошлого года' is clicked on

05-03-2025T10:18:48 - [MESSAGE][PASSED] - Object: 'Object Repository/Прогноз по отраслям/Факт прошлого года' is clicked on

05-03-2025T10:18:48 - [TEST_STEP][PASSED] - click(findTestObject("Прогноз по отраслям/Фильтр КПО-Отпуск")): Object: 'Object Repository/Прогноз по отраслям/Фильтр КПО-Отпуск' is clicked on

05-03-2025T10:18:50 - [MESSAGE][PASSED] - Object: 'Object Repository/Прогноз по отраслям/Фильтр КПО-Отпуск' is clicked on

05-03-2025T10:18:50 - [TEST_STEP][PASSED] - click(findTestObject("Прогноз по отраслям/КПО")): Object: 'Object Repository/Прогноз по отраслям/КПО' is clicked on

05-03-2025T10:18:51 - [MESSAGE][PASSED] - Object: 'Object Repository/Прогноз по отраслям/КПО' is clicked on

05-03-2025T10:18:51 - [TEST_STEP][PASSED] - delay(40): Delayed 40 second(s)

05-03-2025T10:19:31 - [MESSAGE][PASSED] - Delayed 40 second(s)

05-03-2025T10:19:31 - [TEST_STEP][PASSED] - a4 = getText(findTestObject("Прогноз по отраслям/Виджеты дашборда")): Text of object 'Object Repository/Прогноз по отраслям/Виджеты дашборда' is: 'Год 
2023 год
Сравнение с 
Факт прошлого года
Динамика электропотребления, млрд. кВт.ч. по ПАО Россети на 2023 год
0 0
120 120
38 38
41 41
8 8
10 10
0 0
19 19
77 77
25 25
122 122
61 61
0 0
120 120
39 39
39 39
8 8
8 8
1 1
20 20
78 78
26 26
121 121
60 60
Факт прошлого года
Ожидаемое (прогноз по конца года)
Интер РАО (дляФСК)
Промышленныепотребители
Транспорт
Нефтедобыча
Нефтепереработка
Нефтепроводы
Газопроводы
Сельскоехозяйство ипищеваяпромышленность
Непромышленныепотребители
Государственные(муниципальные)организации ипрочиебюджетныепотребители
Население иприравненныегруппыпотребителей
Территориальныесетевыеорганизации
Выручка по ПАО Россети на 2023 год
5 5
285 285
72 72
72 72
18 18
22 22
0 0
50 50
201 201
61 61
190 190
227 227
6 6
331 331
82 82
77 77
20 20
20 20
3 3
57 57
220 220
68 68
214 214
258 258
Факт прошлого года
Ожидаемое (прогноз по конца года)
Интер РАО (дляФСК)
Промышленныепотребители
Транспорт
Нефтедобыча
Нефтепереработка
Нефтепроводы
Газопроводы
Сельскоехозяйство ипищеваяпромышленность
Непромышленныепотребители
Государственные(муниципальные)организации ипрочиебюджетныепотребители
Население иприравненныегруппыпотребителей
Территориальныесетевыеорганизации
Отклонения по ПАО Россети на 2023 год
0.5% 0.5%
0.9% 0.9%
-5.9% -5.9%
3.1% 3.1%
-17.9% -17.9%
578.4% 578.4%
2.3% 2.3%
1.8% 1.8%
2.1% 2.1%
-0.9% -0.9%
-0.2% -0.2%
⬤ Отклонение, %
Интер РАО (для ФСК)
Промышленные потребители
Транспорт
Нефтедобыча
Нефтепереработка
Нефтепроводы
Газопроводы
Сельское хозяйство и пищевая пр…
Непромышленные потребители
Государственные (муниципальные…
Население и приравненные групп…
Территориальные сетевые органи…
Выручка отклонения по ПАО Россети на 2023 год
7.7% 7.7%
16.0% 16.0%
13.2% 13.2%
6.7% 6.7%
13.3% 13.3%
-7.7% -7.7%
1 331.5% 1 331.5%
14.2% 14.2%
9.9% 9.9%
12.0% 12.0%
12.4% 12.4%
13.7% 13.7%
⬤ Отклонение, %
Интер РАО (для ФСК)
Промышленные потребители
Транспорт
Нефтедобыча
Нефтепереработка
Нефтепроводы
Газопроводы
Сельское хозяйство и пищевая пр…
Непромышленные потребители
Государственные (муниципальные…
Население и приравненные групп…
Территориальные сетевые органи…
абс.
%
Прогноз на месяц 
Ноябрь
КПО/Отпуск из сети 
Котловой полезный отпуск, млн. кВт.ч
Организация 
Все
Прогноз электропотребления и выручки за услуги по передаче в разрезе отраслей'

05-03-2025T10:19:31 - [MESSAGE][PASSED] - Text of object 'Object Repository/Прогноз по отраслям/Виджеты дашборда' is: 'Год 
2023 год
Сравнение с 
Факт прошлого года
Динамика электропотребления, млрд. кВт.ч. по ПАО Россети на 2023 год
0 0
120 120
38 38
41 41
8 8
10 10
0 0
19 19
77 77
25 25
122 122
61 61
0 0
120 120
39 39
39 39
8 8
8 8
1 1
20 20
78 78
26 26
121 121
60 60
Факт прошлого года
Ожидаемое (прогноз по конца года)
Интер РАО (дляФСК)
Промышленныепотребители
Транспорт
Нефтедобыча
Нефтепереработка
Нефтепроводы
Газопроводы
Сельскоехозяйство ипищеваяпромышленность
Непромышленныепотребители
Государственные(муниципальные)организации ипрочиебюджетныепотребители
Население иприравненныегруппыпотребителей
Территориальныесетевыеорганизации
Выручка по ПАО Россети на 2023 год
5 5
285 285
72 72
72 72
18 18
22 22
0 0
50 50
201 201
61 61
190 190
227 227
6 6
331 331
82 82
77 77
20 20
20 20
3 3
57 57
220 220
68 68
214 214
258 258
Факт прошлого года
Ожидаемое (прогноз по конца года)
Интер РАО (дляФСК)
Промышленныепотребители
Транспорт
Нефтедобыча
Нефтепереработка
Нефтепроводы
Газопроводы
Сельскоехозяйство ипищеваяпромышленность
Непромышленныепотребители
Государственные(муниципальные)организации ипрочиебюджетныепотребители
Население иприравненныегруппыпотребителей
Территориальныесетевыеорганизации
Отклонения по ПАО Россети на 2023 год
0.5% 0.5%
0.9% 0.9%
-5.9% -5.9%
3.1% 3.1%
-17.9% -17.9%
578.4% 578.4%
2.3% 2.3%
1.8% 1.8%
2.1% 2.1%
-0.9% -0.9%
-0.2% -0.2%
⬤ Отклонение, %
Интер РАО (для ФСК)
Промышленные потребители
Транспорт
Нефтедобыча
Нефтепереработка
Нефтепроводы
Газопроводы
Сельское хозяйство и пищевая пр…
Непромышленные потребители
Государственные (муниципальные…
Население и приравненные групп…
Территориальные сетевые органи…
Выручка отклонения по ПАО Россети на 2023 год
7.7% 7.7%
16.0% 16.0%
13.2% 13.2%
6.7% 6.7%
13.3% 13.3%
-7.7% -7.7%
1 331.5% 1 331.5%
14.2% 14.2%
9.9% 9.9%
12.0% 12.0%
12.4% 12.4%
13.7% 13.7%
⬤ Отклонение, %
Интер РАО (для ФСК)
Промышленные потребители
Транспорт
Нефтедобыча
Нефтепереработка
Нефтепроводы
Газопроводы
Сельское хозяйство и пищевая пр…
Непромышленные потребители
Государственные (муниципальные…
Население и приравненные групп…
Территориальные сетевые органи…
абс.
%
Прогноз на месяц 
Ноябрь
КПО/Отпуск из сети 
Котловой полезный отпуск, млн. кВт.ч
Организация 
Все
Прогноз электропотребления и выручки за услуги по передаче в разрезе отраслей'

05-03-2025T10:19:31 - [TEST_STEP][PASSED] - a4 = a4.replaceAll("[^0-9]", ""): null

05-03-2025T10:19:31 - [TEST_STEP][PASSED] - println("a4:" + a4): null

05-03-2025T10:19:31 - [TEST_STEP][PASSED] - click(findTestObject("Прогноз по отраслям/Фильтр Сравнение с")): Object: 'Object Repository/Прогноз по отраслям/Фильтр Сравнение с' is clicked on

05-03-2025T10:19:32 - [MESSAGE][PASSED] - Object: 'Object Repository/Прогноз по отраслям/Фильтр Сравнение с' is clicked on

05-03-2025T10:19:32 - [TEST_STEP][PASSED] - click(findTestObject("Прогноз по отраслям/План")): Object: 'Object Repository/Прогноз по отраслям/План' is clicked on

05-03-2025T10:19:33 - [MESSAGE][PASSED] - Object: 'Object Repository/Прогноз по отраслям/План' is clicked on

05-03-2025T10:19:33 - [TEST_STEP][PASSED] - delay(40): Delayed 40 second(s)

05-03-2025T10:20:13 - [MESSAGE][PASSED] - Delayed 40 second(s)

05-03-2025T10:20:13 - [TEST_STEP][PASSED] - a5 = getText(findTestObject("Прогноз по отраслям/Виджеты дашборда")): Text of object 'Object Repository/Прогноз по отраслям/Виджеты дашборда' is: 'Год 
2023 год
Сравнение с 
План
Динамика электропотребления, млрд. кВт.ч. по ПАО Россети на 2023 год
0 0
119 119
37 37
7 7
7 7
8 8
1 1
19 19
75 75
25 25
123 123
55 55
0 0
120 120
39 39
39 39
8 8
8 8
1 1
20 20
78 78
26 26
121 121
60 60
План
Ожидаемое (прогноз по конца года)
Интер РАО (дляФСК)
Промышленныепотребители
Транспорт
Нефтедобыча
Нефтепереработка
Нефтепроводы
Газопроводы
Сельскоехозяйство ипищеваяпромышленность
Непромышленныепотребители
Государственные(муниципальные)организации ипрочиебюджетныепотребители
Население иприравненныегруппыпотребителей
Территориальныесетевыеорганизации
Выручка по ПАО Россети на 2023 год
5 5
319 319
81 81
16 16
16 16
20 20
2 2
56 56
215 215
67 67
218 218
239 239
6 6
331 331
82 82
77 77
20 20
20 20
3 3
57 57
220 220
68 68
214 214
258 258
План
Ожидаемое (прогноз по конца года)
Интер РАО (дляФСК)
Промышленныепотребители
Транспорт
Нефтедобыча
Нефтепереработка
Нефтепроводы
Газопроводы
Сельскоехозяйство ипищеваяпромышленность
Непромышленныепотребители
Государственные(муниципальные)организации ипрочиебюджетныепотребители
Население иприравненныегруппыпотребителей
Территориальныесетевыеорганизации
Отклонения по ПАО Россети на 2023 год
1.2% 1.2%
3.2% 3.2%
492.1% 492.1%
18.1% 18.1%
4.4% 4.4%
11.9% 11.9%
1.2% 1.2%
4.1% 4.1%
2.4% 2.4%
-1.4% -1.4%
9.7% 9.7%
⬤ Отклонение, %
Интер РАО (для ФСК)
Промышленные потребители
Транспорт
Нефтедобыча
Нефтепереработка
Нефтепроводы
Газопроводы
Сельское хозяйство и пищевая пр…
Непромышленные потребители
Государственные (муниципальные…
Население и приравненные групп…
Территориальные сетевые органи…
Выручка отклонения по ПАО Россети на 2023 год
15.6% 15.6%
3.8% 3.8%
1.2% 1.2%
398.2% 398.2%
26.9% 26.9%
-0.6% -0.6%
26.9% 26.9%
1.5% 1.5%
2.7% 2.7%
2.0% 2.0%
-2.0% -2.0%
7.9% 7.9%
⬤ Отклонение, %
Интер РАО (для ФСК)
Промышленные потребители
Транспорт
Нефтедобыча
Нефтепереработка
Нефтепроводы
Газопроводы
Сельское хозяйство и пищевая пр…
Непромышленные потребители
Государственные (муниципальные…
Население и приравненные групп…
Территориальные сетевые органи…
абс.
%
Прогноз на месяц 
Ноябрь
КПО/Отпуск из сети 
Котловой полезный отпуск, млн. кВт.ч
Организация 
Все
Прогноз электропотребления и выручки за услуги по передаче в разрезе отраслей'

05-03-2025T10:20:13 - [MESSAGE][PASSED] - Text of object 'Object Repository/Прогноз по отраслям/Виджеты дашборда' is: 'Год 
2023 год
Сравнение с 
План
Динамика электропотребления, млрд. кВт.ч. по ПАО Россети на 2023 год
0 0
119 119
37 37
7 7
7 7
8 8
1 1
19 19
75 75
25 25
123 123
55 55
0 0
120 120
39 39
39 39
8 8
8 8
1 1
20 20
78 78
26 26
121 121
60 60
План
Ожидаемое (прогноз по конца года)
Интер РАО (дляФСК)
Промышленныепотребители
Транспорт
Нефтедобыча
Нефтепереработка
Нефтепроводы
Газопроводы
Сельскоехозяйство ипищеваяпромышленность
Непромышленныепотребители
Государственные(муниципальные)организации ипрочиебюджетныепотребители
Население иприравненныегруппыпотребителей
Территориальныесетевыеорганизации
Выручка по ПАО Россети на 2023 год
5 5
319 319
81 81
16 16
16 16
20 20
2 2
56 56
215 215
67 67
218 218
239 239
6 6
331 331
82 82
77 77
20 20
20 20
3 3
57 57
220 220
68 68
214 214
258 258
План
Ожидаемое (прогноз по конца года)
Интер РАО (дляФСК)
Промышленныепотребители
Транспорт
Нефтедобыча
Нефтепереработка
Нефтепроводы
Газопроводы
Сельскоехозяйство ипищеваяпромышленность
Непромышленныепотребители
Государственные(муниципальные)организации ипрочиебюджетныепотребители
Население иприравненныегруппыпотребителей
Территориальныесетевыеорганизации
Отклонения по ПАО Россети на 2023 год
1.2% 1.2%
3.2% 3.2%
492.1% 492.1%
18.1% 18.1%
4.4% 4.4%
11.9% 11.9%
1.2% 1.2%
4.1% 4.1%
2.4% 2.4%
-1.4% -1.4%
9.7% 9.7%
⬤ Отклонение, %
Интер РАО (для ФСК)
Промышленные потребители
Транспорт
Нефтедобыча
Нефтепереработка
Нефтепроводы
Газопроводы
Сельское хозяйство и пищевая пр…
Непромышленные потребители
Государственные (муниципальные…
Население и приравненные групп…
Территориальные сетевые органи…
Выручка отклонения по ПАО Россети на 2023 год
15.6% 15.6%
3.8% 3.8%
1.2% 1.2%
398.2% 398.2%
26.9% 26.9%
-0.6% -0.6%
26.9% 26.9%
1.5% 1.5%
2.7% 2.7%
2.0% 2.0%
-2.0% -2.0%
7.9% 7.9%
⬤ Отклонение, %
Интер РАО (для ФСК)
Промышленные потребители
Транспорт
Нефтедобыча
Нефтепереработка
Нефтепроводы
Газопроводы
Сельское хозяйство и пищевая пр…
Непромышленные потребители
Государственные (муниципальные…
Население и приравненные групп…
Территориальные сетевые органи…
абс.
%
Прогноз на месяц 
Ноябрь
КПО/Отпуск из сети 
Котловой полезный отпуск, млн. кВт.ч
Организация 
Все
Прогноз электропотребления и выручки за услуги по передаче в разрезе отраслей'

05-03-2025T10:20:13 - [TEST_STEP][PASSED] - println("a5:" + a5): null

05-03-2025T10:20:13 - [TEST_STEP][PASSED] - a5 = a5.replaceAll("[^0-9]", ""): null

05-03-2025T10:20:13 - [TEST_STEP][PASSED] - println("a5:" + a5): null

05-03-2025T10:20:13 - [TEST_STEP][PASSED] - click(findTestObject("Прогноз по отраслям/Фильтр Сравнение с")): Object: 'Object Repository/Прогноз по отраслям/Фильтр Сравнение с' is clicked on

05-03-2025T10:20:13 - [MESSAGE][PASSED] - Object: 'Object Repository/Прогноз по отраслям/Фильтр Сравнение с' is clicked on

05-03-2025T10:20:13 - [TEST_STEP][PASSED] - click(findTestObject("Прогноз по отраслям/План СУ")): Object: 'Object Repository/Прогноз по отраслям/План СУ' is clicked on

05-03-2025T10:20:14 - [MESSAGE][PASSED] - Object: 'Object Repository/Прогноз по отраслям/План СУ' is clicked on

05-03-2025T10:20:14 - [TEST_STEP][PASSED] - delay(40): Delayed 40 second(s)

05-03-2025T10:20:54 - [MESSAGE][PASSED] - Delayed 40 second(s)

05-03-2025T10:20:54 - [TEST_STEP][PASSED] - a6 = getText(findTestObject("Прогноз по отраслям/Виджеты дашборда")): Text of object 'Object Repository/Прогноз по отраслям/Виджеты дашборда' is: 'Год 
2023 год
Сравнение с 
План/СУ
Динамика электропотребления, млрд. кВт.ч. по ПАО Россети на 2023 год
0 0
0 0
0 0
0 0
0 0
0 0
0 0
0 0
0 0
0 0
0 0
0 0
0 0
120 120
39 39
39 39
8 8
8 8
1 1
20 20
78 78
26 26
121 121
60 60
СУ
Ожидаемое (прогноз по конца года)
Интер РАО (дляФСК)
Промышленныепотребители
Транспорт
Нефтедобыча
Нефтепереработка
Нефтепроводы
Газопроводы
Сельскоехозяйство ипищеваяпромышленность
Непромышленныепотребители
Государственные(муниципальные)организации ипрочиебюджетныепотребители
Население иприравненныегруппыпотребителей
Территориальныесетевыеорганизации
Выручка по ПАО Россети на 2023 год
6 6
331 331
82 82
77 77
20 20
20 20
3 3
57 57
220 220
68 68
214 214
258 258
Ожидаемое (прогноз по конца года)
Интер РАО (дляФСК)
Промышленныепотребители
Транспорт
Нефтедобыча
Нефтепереработка
Нефтепроводы
Газопроводы
Сельскоехозяйство ипищеваяпромышленность
Непромышленныепотребители
Государственные(муниципальные)организации ипрочиебюджетныепотребители
Население иприравненныегруппыпотребителей
Территориальныесетевыеорганизации
Отклонения по ПАО Россети на 2023 год
⬤ Отклонение, %
Интер РАО (для ФСК)
Промышленные потребители
Транспорт
Нефтедобыча
Нефтепереработка
Нефтепроводы
Газопроводы
Сельское хозяйство и пищевая пр…
Непромышленные потребители
Государственные (муниципальные…
Население и приравненные групп…
Территориальные сетевые органи…
Выручка отклонения по ПАО Россети на 2023 год
⬤ Отклонение, %
Интер РАО (для ФСК)
Промышленные потребители
Транспорт
Нефтедобыча
Нефтепереработка
Нефтепроводы
Газопроводы
Сельское хозяйство и пищевая пр…
Непромышленные потребители
Государственные (муниципальные…
Население и приравненные групп…
Территориальные сетевые органи…
абс.
%
Прогноз на месяц 
Ноябрь
КПО/Отпуск из сети 
Котловой полезный отпуск, млн. кВт.ч
Организация 
Все
Прогноз электропотребления и выручки за услуги по передаче в разрезе отраслей'

05-03-2025T10:20:55 - [MESSAGE][PASSED] - Text of object 'Object Repository/Прогноз по отраслям/Виджеты дашборда' is: 'Год 
2023 год
Сравнение с 
План/СУ
Динамика электропотребления, млрд. кВт.ч. по ПАО Россети на 2023 год
0 0
0 0
0 0
0 0
0 0
0 0
0 0
0 0
0 0
0 0
0 0
0 0
0 0
120 120
39 39
39 39
8 8
8 8
1 1
20 20
78 78
26 26
121 121
60 60
СУ
Ожидаемое (прогноз по конца года)
Интер РАО (дляФСК)
Промышленныепотребители
Транспорт
Нефтедобыча
Нефтепереработка
Нефтепроводы
Газопроводы
Сельскоехозяйство ипищеваяпромышленность
Непромышленныепотребители
Государственные(муниципальные)организации ипрочиебюджетныепотребители
Население иприравненныегруппыпотребителей
Территориальныесетевыеорганизации
Выручка по ПАО Россети на 2023 год
6 6
331 331
82 82
77 77
20 20
20 20
3 3
57 57
220 220
68 68
214 214
258 258
Ожидаемое (прогноз по конца года)
Интер РАО (дляФСК)
Промышленныепотребители
Транспорт
Нефтедобыча
Нефтепереработка
Нефтепроводы
Газопроводы
Сельскоехозяйство ипищеваяпромышленность
Непромышленныепотребители
Государственные(муниципальные)организации ипрочиебюджетныепотребители
Население иприравненныегруппыпотребителей
Территориальныесетевыеорганизации
Отклонения по ПАО Россети на 2023 год
⬤ Отклонение, %
Интер РАО (для ФСК)
Промышленные потребители
Транспорт
Нефтедобыча
Нефтепереработка
Нефтепроводы
Газопроводы
Сельское хозяйство и пищевая пр…
Непромышленные потребители
Государственные (муниципальные…
Население и приравненные групп…
Территориальные сетевые органи…
Выручка отклонения по ПАО Россети на 2023 год
⬤ Отклонение, %
Интер РАО (для ФСК)
Промышленные потребители
Транспорт
Нефтедобыча
Нефтепереработка
Нефтепроводы
Газопроводы
Сельское хозяйство и пищевая пр…
Непромышленные потребители
Государственные (муниципальные…
Население и приравненные групп…
Территориальные сетевые органи…
абс.
%
Прогноз на месяц 
Ноябрь
КПО/Отпуск из сети 
Котловой полезный отпуск, млн. кВт.ч
Организация 
Все
Прогноз электропотребления и выручки за услуги по передаче в разрезе отраслей'

05-03-2025T10:20:55 - [TEST_STEP][PASSED] - a6 = a6.replaceAll("[^0-9]", ""): null

05-03-2025T10:20:55 - [TEST_STEP][PASSED] - println("a6:" + a6): null

05-03-2025T10:20:55 - [TEST_STEP][PASSED] - click(findTestObject("Прогноз по отраслям/Переключить отображение с процентов на абс Блок руководителя")): Object: 'Object Repository/Прогноз по отраслям/Переключить отображение с процентов на абс Блок руководителя' is clicked on

05-03-2025T10:20:55 - [MESSAGE][PASSED] - Object: 'Object Repository/Прогноз по отраслям/Переключить отображение с процентов на абс Блок руководителя' is clicked on

05-03-2025T10:20:55 - [TEST_STEP][PASSED] - click(findTestObject("Прогноз по отраслям/Фильтр Сравнение с")): Object: 'Object Repository/Прогноз по отраслям/Фильтр Сравнение с' is clicked on

05-03-2025T10:20:55 - [MESSAGE][PASSED] - Object: 'Object Repository/Прогноз по отраслям/Фильтр Сравнение с' is clicked on

05-03-2025T10:20:55 - [TEST_STEP][PASSED] - click(findTestObject("Прогноз по отраслям/Факт прошлого года")): Object: 'Object Repository/Прогноз по отраслям/Факт прошлого года' is clicked on

05-03-2025T10:20:56 - [MESSAGE][PASSED] - Object: 'Object Repository/Прогноз по отраслям/Факт прошлого года' is clicked on

05-03-2025T10:20:56 - [TEST_STEP][PASSED] - click(findTestObject("Прогноз по отраслям/Фильтр КПО-Отпуск")): Object: 'Object Repository/Прогноз по отраслям/Фильтр КПО-Отпуск' is clicked on

05-03-2025T10:20:59 - [MESSAGE][PASSED] - Object: 'Object Repository/Прогноз по отраслям/Фильтр КПО-Отпуск' is clicked on

05-03-2025T10:20:59 - [TEST_STEP][PASSED] - click(findTestObject("Прогноз по отраслям/Отпуск")): Object: 'Object Repository/Прогноз по отраслям/Отпуск' is clicked on

05-03-2025T10:21:00 - [MESSAGE][PASSED] - Object: 'Object Repository/Прогноз по отраслям/Отпуск' is clicked on

05-03-2025T10:21:00 - [TEST_STEP][PASSED] - delay(40): Delayed 40 second(s)

05-03-2025T10:21:40 - [MESSAGE][PASSED] - Delayed 40 second(s)

05-03-2025T10:21:40 - [TEST_STEP][PASSED] - a7 = getText(findTestObject("Прогноз по отраслям/Виджеты дашборда")): Text of object 'Object Repository/Прогноз по отраслям/Виджеты дашборда' is: 'Год 
2023 год
Сравнение с 
Факт прошлого года
Отклонения по ПАО Россети на 2023 год
-2 263.5 -2 263.5
11 054.6 11 054.6
1 280.2 1 280.2
-1 947.5 -1 947.5
90.9 90.9
-3 845.0 -3 845.0
4 162.1 4 162.1
651.7 651.7
-4 727.7 -4 727.7
256.5 256.5
-723.9 -723.9
4 292.3 4 292.3
⬤ Отклонение, млн. кВт.ч
Интер РАО (для ФСК)
Промышленные потребители
Транспорт
Нефтедобыча
Нефтепереработка
Нефтепроводы
Газопроводы
Сельское хозяйство и пищевая пр…
Непромышленные потребители
Государственные (муниципальные…
Население и приравненные групп…
Территориальные сетевые органи…
Выручка отклонения по ПАО Россети на 2023 год
421.3 421.3
45 574.9 45 574.9
9 547.5 9 547.5
4 889.3 4 889.3
2 337.4 2 337.4
-1 682.6 -1 682.6
2 919.4 2 919.4
7 110.2 7 110.2
19 840.8 19 840.8
7 289.5 7 289.5
23 664.8 23 664.8
31 028.3 31 028.3
⬤ Отклонение, млн. руб.
Интер РАО (для ФСК)
Промышленные потребители
Транспорт
Нефтедобыча
Нефтепереработка
Нефтепроводы
Газопроводы
Сельское хозяйство и пищевая пр…
Непромышленные потребители
Государственные (муниципальные…
Население и приравненные групп…
Территориальные сетевые органи…
Динамика электропотребления, млрд. кВт.ч. по ПАО Россети на 2023 год
12 12
186 186
36 36
50 50
10 10
19 19
0 0
17 17
85 85
19 19
82 82
604 604
10 10
197 197
37 37
48 48
10 10
15 15
4 4
18 18
80 80
19 19
82 82
608 608
Факт прошлого года
Ожидаемое (прогноз по конца года)
Интер РАО (дляФСК)
Промышленныепотребители
Транспорт
Нефтедобыча
Нефтепереработка
Нефтепроводы
Газопроводы
Сельскоехозяйство ипищеваяпромышленность
Непромышленныепотребители
Государственные(муниципальные)организации ипрочиебюджетныепотребители
Население иприравненныегруппыпотребителей
Территориальныесетевыеорганизации
Выручка по ПАО Россети на 2023 год
5 5
285 285
72 72
72 72
18 18
22 22
0 0
50 50
201 201
61 61
190 190
227 227
6 6
331 331
82 82
77 77
20 20
20 20
3 3
57 57
220 220
68 68
214 214
258 258
Факт прошлого года
Ожидаемое (прогноз по конца года)
Интер РАО (дляФСК)
Промышленныепотребители
Транспорт
Нефтедобыча
Нефтепереработка
Нефтепроводы
Газопроводы
Сельскоехозяйство ипищеваяпромышленность
Непромышленныепотребители
Государственные(муниципальные)организации ипрочиебюджетныепотребители
Население иприравненныегруппыпотребителей
Территориальныесетевыеорганизации
абс.
%
Прогноз на месяц 
Ноябрь
КПО/Отпуск из сети 
Отпуск из сети, млн. кВт.ч
Организация 
Все
Прогноз электропотребления и выручки за услуги по передаче в разрезе отраслей'

05-03-2025T10:21:40 - [MESSAGE][PASSED] - Text of object 'Object Repository/Прогноз по отраслям/Виджеты дашборда' is: 'Год 
2023 год
Сравнение с 
Факт прошлого года
Отклонения по ПАО Россети на 2023 год
-2 263.5 -2 263.5
11 054.6 11 054.6
1 280.2 1 280.2
-1 947.5 -1 947.5
90.9 90.9
-3 845.0 -3 845.0
4 162.1 4 162.1
651.7 651.7
-4 727.7 -4 727.7
256.5 256.5
-723.9 -723.9
4 292.3 4 292.3
⬤ Отклонение, млн. кВт.ч
Интер РАО (для ФСК)
Промышленные потребители
Транспорт
Нефтедобыча
Нефтепереработка
Нефтепроводы
Газопроводы
Сельское хозяйство и пищевая пр…
Непромышленные потребители
Государственные (муниципальные…
Население и приравненные групп…
Территориальные сетевые органи…
Выручка отклонения по ПАО Россети на 2023 год
421.3 421.3
45 574.9 45 574.9
9 547.5 9 547.5
4 889.3 4 889.3
2 337.4 2 337.4
-1 682.6 -1 682.6
2 919.4 2 919.4
7 110.2 7 110.2
19 840.8 19 840.8
7 289.5 7 289.5
23 664.8 23 664.8
31 028.3 31 028.3
⬤ Отклонение, млн. руб.
Интер РАО (для ФСК)
Промышленные потребители
Транспорт
Нефтедобыча
Нефтепереработка
Нефтепроводы
Газопроводы
Сельское хозяйство и пищевая пр…
Непромышленные потребители
Государственные (муниципальные…
Население и приравненные групп…
Территориальные сетевые органи…
Динамика электропотребления, млрд. кВт.ч. по ПАО Россети на 2023 год
12 12
186 186
36 36
50 50
10 10
19 19
0 0
17 17
85 85
19 19
82 82
604 604
10 10
197 197
37 37
48 48
10 10
15 15
4 4
18 18
80 80
19 19
82 82
608 608
Факт прошлого года
Ожидаемое (прогноз по конца года)
Интер РАО (дляФСК)
Промышленныепотребители
Транспорт
Нефтедобыча
Нефтепереработка
Нефтепроводы
Газопроводы
Сельскоехозяйство ипищеваяпромышленность
Непромышленныепотребители
Государственные(муниципальные)организации ипрочиебюджетныепотребители
Население иприравненныегруппыпотребителей
Территориальныесетевыеорганизации
Выручка по ПАО Россети на 2023 год
5 5
285 285
72 72
72 72
18 18
22 22
0 0
50 50
201 201
61 61
190 190
227 227
6 6
331 331
82 82
77 77
20 20
20 20
3 3
57 57
220 220
68 68
214 214
258 258
Факт прошлого года
Ожидаемое (прогноз по конца года)
Интер РАО (дляФСК)
Промышленныепотребители
Транспорт
Нефтедобыча
Нефтепереработка
Нефтепроводы
Газопроводы
Сельскоехозяйство ипищеваяпромышленность
Непромышленныепотребители
Государственные(муниципальные)организации ипрочиебюджетныепотребители
Население иприравненныегруппыпотребителей
Территориальныесетевыеорганизации
абс.
%
Прогноз на месяц 
Ноябрь
КПО/Отпуск из сети 
Отпуск из сети, млн. кВт.ч
Организация 
Все
Прогноз электропотребления и выручки за услуги по передаче в разрезе отраслей'

05-03-2025T10:21:40 - [TEST_STEP][PASSED] - a7 = a7.replaceAll("[^0-9]", ""): null

05-03-2025T10:21:40 - [TEST_STEP][PASSED] - println("a7:" + a7): null

05-03-2025T10:21:40 - [TEST_STEP][PASSED] - click(findTestObject("Прогноз по отраслям/Фильтр Сравнение с")): Object: 'Object Repository/Прогноз по отраслям/Фильтр Сравнение с' is clicked on

05-03-2025T10:21:41 - [MESSAGE][PASSED] - Object: 'Object Repository/Прогноз по отраслям/Фильтр Сравнение с' is clicked on

05-03-2025T10:21:41 - [TEST_STEP][PASSED] - click(findTestObject("Прогноз по отраслям/План")): Object: 'Object Repository/Прогноз по отраслям/План' is clicked on

05-03-2025T10:21:41 - [MESSAGE][PASSED] - Object: 'Object Repository/Прогноз по отраслям/План' is clicked on

05-03-2025T10:21:41 - [TEST_STEP][PASSED] - delay(40): Delayed 40 second(s)

05-03-2025T10:22:22 - [MESSAGE][PASSED] - Delayed 40 second(s)

05-03-2025T10:22:22 - [TEST_STEP][PASSED] - a8 = getText(findTestObject("Прогноз по отраслям/Виджеты дашборда")): Text of object 'Object Repository/Прогноз по отраслям/Виджеты дашборда' is: 'Год 
2023 год
Сравнение с 
План
Отклонения по ПАО Россети на 2023 год
-492.2 -492.2
7 165.1 7 165.1
689.3 689.3
33 271.7 33 271.7
986.4 986.4
593.8 593.8
764.0 764.0
670.4 670.4
-592.4 -592.4
308.8 308.8
-940.9 -940.9
19 604.1 19 604.1
⬤ Отклонение, млн. кВт.ч
Интер РАО (для ФСК)
Промышленные потребители
Транспорт
Нефтедобыча
Нефтепереработка
Нефтепроводы
Газопроводы
Сельское хозяйство и пищевая пр…
Непромышленные потребители
Государственные (муниципальные…
Население и приравненные групп…
Территориальные сетевые органи…
Выручка отклонения по ПАО Россети на 2023 год
794.9 794.9
12 195.0 12 195.0
972.7 972.7
61 803.9 61 803.9
4 222.3 4 222.3
-121.8 -121.8
666.2 666.2
873.2 873.2
5 809.6 5 809.6
1 342.6 1 342.6
-4 463.2 -4 463.2
18 375.5 18 375.5
⬤ Отклонение, млн. руб.
Интер РАО (для ФСК)
Промышленные потребители
Транспорт
Нефтедобыча
Нефтепереработка
Нефтепроводы
Газопроводы
Сельское хозяйство и пищевая пр…
Непромышленные потребители
Государственные (муниципальные…
Население и приравненные групп…
Территориальные сетевые органи…
Динамика электропотребления, млрд. кВт.ч. по ПАО Россети на 2023 год
10 10
190 190
36 36
14 14
9 9
14 14
4 4
17 17
80 80
19 19
82 82
588 588
10 10
197 197
37 37
48 48
10 10
15 15
4 4
18 18
80 80
19 19
82 82
608 608
План
Ожидаемое (прогноз по конца года)
Интер РАО (дляФСК)
Промышленныепотребители
Транспорт
Нефтедобыча
Нефтепереработка
Нефтепроводы
Газопроводы
Сельскоехозяйство ипищеваяпромышленность
Непромышленныепотребители
Государственные(муниципальные)организации ипрочиебюджетныепотребители
Население иприравненныегруппыпотребителей
Территориальныесетевыеорганизации
Выручка по ПАО Россети на 2023 год
5 5
319 319
81 81
16 16
16 16
20 20
2 2
56 56
215 215
67 67
218 218
239 239
6 6
331 331
82 82
77 77
20 20
20 20
3 3
57 57
220 220
68 68
214 214
258 258
План
Ожидаемое (прогноз по конца года)
Интер РАО (дляФСК)
Промышленныепотребители
Транспорт
Нефтедобыча
Нефтепереработка
Нефтепроводы
Газопроводы
Сельскоехозяйство ипищеваяпромышленность
Непромышленныепотребители
Государственные(муниципальные)организации ипрочиебюджетныепотребители
Население иприравненныегруппыпотребителей
Территориальныесетевыеорганизации
абс.
%
Прогноз на месяц 
Ноябрь
КПО/Отпуск из сети 
Отпуск из сети, млн. кВт.ч
Организация 
Все
Прогноз электропотребления и выручки за услуги по передаче в разрезе отраслей'

05-03-2025T10:22:22 - [MESSAGE][PASSED] - Text of object 'Object Repository/Прогноз по отраслям/Виджеты дашборда' is: 'Год 
2023 год
Сравнение с 
План
Отклонения по ПАО Россети на 2023 год
-492.2 -492.2
7 165.1 7 165.1
689.3 689.3
33 271.7 33 271.7
986.4 986.4
593.8 593.8
764.0 764.0
670.4 670.4
-592.4 -592.4
308.8 308.8
-940.9 -940.9
19 604.1 19 604.1
⬤ Отклонение, млн. кВт.ч
Интер РАО (для ФСК)
Промышленные потребители
Транспорт
Нефтедобыча
Нефтепереработка
Нефтепроводы
Газопроводы
Сельское хозяйство и пищевая пр…
Непромышленные потребители
Государственные (муниципальные…
Население и приравненные групп…
Территориальные сетевые органи…
Выручка отклонения по ПАО Россети на 2023 год
794.9 794.9
12 195.0 12 195.0
972.7 972.7
61 803.9 61 803.9
4 222.3 4 222.3
-121.8 -121.8
666.2 666.2
873.2 873.2
5 809.6 5 809.6
1 342.6 1 342.6
-4 463.2 -4 463.2
18 375.5 18 375.5
⬤ Отклонение, млн. руб.
Интер РАО (для ФСК)
Промышленные потребители
Транспорт
Нефтедобыча
Нефтепереработка
Нефтепроводы
Газопроводы
Сельское хозяйство и пищевая пр…
Непромышленные потребители
Государственные (муниципальные…
Население и приравненные групп…
Территориальные сетевые органи…
Динамика электропотребления, млрд. кВт.ч. по ПАО Россети на 2023 год
10 10
190 190
36 36
14 14
9 9
14 14
4 4
17 17
80 80
19 19
82 82
588 588
10 10
197 197
37 37
48 48
10 10
15 15
4 4
18 18
80 80
19 19
82 82
608 608
План
Ожидаемое (прогноз по конца года)
Интер РАО (дляФСК)
Промышленныепотребители
Транспорт
Нефтедобыча
Нефтепереработка
Нефтепроводы
Газопроводы
Сельскоехозяйство ипищеваяпромышленность
Непромышленныепотребители
Государственные(муниципальные)организации ипрочиебюджетныепотребители
Население иприравненныегруппыпотребителей
Территориальныесетевыеорганизации
Выручка по ПАО Россети на 2023 год
5 5
319 319
81 81
16 16
16 16
20 20
2 2
56 56
215 215
67 67
218 218
239 239
6 6
331 331
82 82
77 77
20 20
20 20
3 3
57 57
220 220
68 68
214 214
258 258
План
Ожидаемое (прогноз по конца года)
Интер РАО (дляФСК)
Промышленныепотребители
Транспорт
Нефтедобыча
Нефтепереработка
Нефтепроводы
Газопроводы
Сельскоехозяйство ипищеваяпромышленность
Непромышленныепотребители
Государственные(муниципальные)организации ипрочиебюджетныепотребители
Население иприравненныегруппыпотребителей
Территориальныесетевыеорганизации
абс.
%
Прогноз на месяц 
Ноябрь
КПО/Отпуск из сети 
Отпуск из сети, млн. кВт.ч
Организация 
Все
Прогноз электропотребления и выручки за услуги по передаче в разрезе отраслей'

05-03-2025T10:22:22 - [TEST_STEP][PASSED] - a8 = a8.replaceAll("[^0-9]", ""): null

05-03-2025T10:22:22 - [TEST_STEP][PASSED] - println("a8:" + a8): null

05-03-2025T10:22:22 - [TEST_STEP][PASSED] - click(findTestObject("Прогноз по отраслям/Фильтр Сравнение с")): Object: 'Object Repository/Прогноз по отраслям/Фильтр Сравнение с' is clicked on

05-03-2025T10:22:22 - [MESSAGE][PASSED] - Object: 'Object Repository/Прогноз по отраслям/Фильтр Сравнение с' is clicked on

05-03-2025T10:22:22 - [TEST_STEP][PASSED] - click(findTestObject("Прогноз по отраслям/План СУ")): Object: 'Object Repository/Прогноз по отраслям/План СУ' is clicked on

05-03-2025T10:22:23 - [MESSAGE][PASSED] - Object: 'Object Repository/Прогноз по отраслям/План СУ' is clicked on

05-03-2025T10:22:23 - [TEST_STEP][PASSED] - delay(40): Delayed 40 second(s)

05-03-2025T10:23:03 - [MESSAGE][PASSED] - Delayed 40 second(s)

05-03-2025T10:23:03 - [TEST_STEP][PASSED] - a9 = getText(findTestObject("Прогноз по отраслям/Виджеты дашборда")): Text of object 'Object Repository/Прогноз по отраслям/Виджеты дашборда' is: 'Год 
2023 год
Сравнение с 
План/СУ
Отклонения по ПАО Россети на 2023 год
243.5 243.5
16 024.4 16 024.4
1 255.1 1 255.1
32 869.9 32 869.9
1 135.7 1 135.7
950.0 950.0
511.1 511.1
1 324.2 1 324.2
-5 962.8 -5 962.8
433.5 433.5
2 431.5 2 431.5
22 321.4 22 321.4
⬤ Отклонение, млн. кВт.ч
Интер РАО (для ФСК)
Промышленные потребители
Транспорт
Нефтедобыча
Нефтепереработка
Нефтепроводы
Газопроводы
Сельское хозяйство и пищевая пр…
Непромышленные потребители
Государственные (муниципальные…
Население и приравненные групп…
Территориальные сетевые органи…
Выручка отклонения по ПАО Россети на 2023 год
⬤ Отклонение, млн. руб.
Интер РАО (для ФСК)
Промышленные потребители
Транспорт
Нефтедобыча
Нефтепереработка
Нефтепроводы
Газопроводы
Сельское хозяйство и пищевая пр…
Непромышленные потребители
Государственные (муниципальные…
Население и приравненные групп…
Территориальные сетевые органи…
Динамика электропотребления, млрд. кВт.ч. по ПАО Россети на 2023 год
10 10
181 181
36 36
15 15
9 9
14 14
4 4
16 16
86 86
19 19
79 79
586 586
10 10
197 197
37 37
48 48
10 10
15 15
4 4
18 18
80 80
19 19
82 82
608 608
СУ
Ожидаемое (прогноз по конца года)
Интер РАО (дляФСК)
Промышленныепотребители
Транспорт
Нефтедобыча
Нефтепереработка
Нефтепроводы
Газопроводы
Сельскоехозяйство ипищеваяпромышленность
Непромышленныепотребители
Государственные(муниципальные)организации ипрочиебюджетныепотребители
Население иприравненныегруппыпотребителей
Территориальныесетевыеорганизации
Выручка по ПАО Россети на 2023 год
6 6
331 331
82 82
77 77
20 20
20 20
3 3
57 57
220 220
68 68
214 214
258 258
Ожидаемое (прогноз по конца года)
Интер РАО (дляФСК)
Промышленныепотребители
Транспорт
Нефтедобыча
Нефтепереработка
Нефтепроводы
Газопроводы
Сельскоехозяйство ипищеваяпромышленность
Непромышленныепотребители
Государственные(муниципальные)организации ипрочиебюджетныепотребители
Население иприравненныегруппыпотребителей
Территориальныесетевыеорганизации
абс.
%
Прогноз на месяц 
Ноябрь
КПО/Отпуск из сети 
Отпуск из сети, млн. кВт.ч
Организация 
Все
Прогноз электропотребления и выручки за услуги по передаче в разрезе отраслей'

05-03-2025T10:23:04 - [MESSAGE][PASSED] - Text of object 'Object Repository/Прогноз по отраслям/Виджеты дашборда' is: 'Год 
2023 год
Сравнение с 
План/СУ
Отклонения по ПАО Россети на 2023 год
243.5 243.5
16 024.4 16 024.4
1 255.1 1 255.1
32 869.9 32 869.9
1 135.7 1 135.7
950.0 950.0
511.1 511.1
1 324.2 1 324.2
-5 962.8 -5 962.8
433.5 433.5
2 431.5 2 431.5
22 321.4 22 321.4
⬤ Отклонение, млн. кВт.ч
Интер РАО (для ФСК)
Промышленные потребители
Транспорт
Нефтедобыча
Нефтепереработка
Нефтепроводы
Газопроводы
Сельское хозяйство и пищевая пр…
Непромышленные потребители
Государственные (муниципальные…
Население и приравненные групп…
Территориальные сетевые органи…
Выручка отклонения по ПАО Россети на 2023 год
⬤ Отклонение, млн. руб.
Интер РАО (для ФСК)
Промышленные потребители
Транспорт
Нефтедобыча
Нефтепереработка
Нефтепроводы
Газопроводы
Сельское хозяйство и пищевая пр…
Непромышленные потребители
Государственные (муниципальные…
Население и приравненные групп…
Территориальные сетевые органи…
Динамика электропотребления, млрд. кВт.ч. по ПАО Россети на 2023 год
10 10
181 181
36 36
15 15
9 9
14 14
4 4
16 16
86 86
19 19
79 79
586 586
10 10
197 197
37 37
48 48
10 10
15 15
4 4
18 18
80 80
19 19
82 82
608 608
СУ
Ожидаемое (прогноз по конца года)
Интер РАО (дляФСК)
Промышленныепотребители
Транспорт
Нефтедобыча
Нефтепереработка
Нефтепроводы
Газопроводы
Сельскоехозяйство ипищеваяпромышленность
Непромышленныепотребители
Государственные(муниципальные)организации ипрочиебюджетныепотребители
Население иприравненныегруппыпотребителей
Территориальныесетевыеорганизации
Выручка по ПАО Россети на 2023 год
6 6
331 331
82 82
77 77
20 20
20 20
3 3
57 57
220 220
68 68
214 214
258 258
Ожидаемое (прогноз по конца года)
Интер РАО (дляФСК)
Промышленныепотребители
Транспорт
Нефтедобыча
Нефтепереработка
Нефтепроводы
Газопроводы
Сельскоехозяйство ипищеваяпромышленность
Непромышленныепотребители
Государственные(муниципальные)организации ипрочиебюджетныепотребители
Население иприравненныегруппыпотребителей
Территориальныесетевыеорганизации
абс.
%
Прогноз на месяц 
Ноябрь
КПО/Отпуск из сети 
Отпуск из сети, млн. кВт.ч
Организация 
Все
Прогноз электропотребления и выручки за услуги по передаче в разрезе отраслей'

05-03-2025T10:23:04 - [TEST_STEP][PASSED] - a9 = a9.replaceAll("[^0-9]", ""): null

05-03-2025T10:23:04 - [TEST_STEP][PASSED] - println("a9:" + a9): null

05-03-2025T10:23:04 - [TEST_STEP][PASSED] - click(findTestObject("Прогноз по отраслям/Фильтр Сравнение с")): Object: 'Object Repository/Прогноз по отраслям/Фильтр Сравнение с' is clicked on

05-03-2025T10:23:04 - [MESSAGE][PASSED] - Object: 'Object Repository/Прогноз по отраслям/Фильтр Сравнение с' is clicked on

05-03-2025T10:23:04 - [TEST_STEP][PASSED] - click(findTestObject("Прогноз по отраслям/Факт прошлого года")): Object: 'Object Repository/Прогноз по отраслям/Факт прошлого года' is clicked on

05-03-2025T10:23:05 - [MESSAGE][PASSED] - Object: 'Object Repository/Прогноз по отраслям/Факт прошлого года' is clicked on

05-03-2025T10:23:05 - [TEST_STEP][PASSED] - click(findTestObject("Прогноз по отраслям/Фильтр КПО-Отпуск")): Object: 'Object Repository/Прогноз по отраслям/Фильтр КПО-Отпуск' is clicked on

05-03-2025T10:23:06 - [MESSAGE][PASSED] - Object: 'Object Repository/Прогноз по отраслям/Фильтр КПО-Отпуск' is clicked on

05-03-2025T10:23:06 - [TEST_STEP][PASSED] - click(findTestObject("Прогноз по отраслям/КПО")): Object: 'Object Repository/Прогноз по отраслям/КПО' is clicked on

05-03-2025T10:23:07 - [MESSAGE][PASSED] - Object: 'Object Repository/Прогноз по отраслям/КПО' is clicked on

05-03-2025T10:23:07 - [TEST_STEP][PASSED] - delay(40): Delayed 40 second(s)

05-03-2025T10:23:47 - [MESSAGE][PASSED] - Delayed 40 second(s)

05-03-2025T10:23:47 - [TEST_STEP][PASSED] - a10 = getText(findTestObject("Прогноз по отраслям/Виджеты дашборда")): Text of object 'Object Repository/Прогноз по отраслям/Виджеты дашборда' is: 'Год 
2023 год
Сравнение с 
Факт прошлого года
Отклонения по ПАО Россети на 2023 год
0.0 0.0
646.5 646.5
341.1 341.1
-2 455.6 -2 455.6
245.6 245.6
-1 796.0 -1 796.0
676.2 676.2
452.4 452.4
1 386.2 1 386.2
527.5 527.5
-1 130.4 -1 130.4
-128.7 -128.7
⬤ Отклонение, млн. кВт.ч
Интер РАО (для ФСК)
Промышленные потребители
Транспорт
Нефтедобыча
Нефтепереработка
Нефтепроводы
Газопроводы
Сельское хозяйство и пищевая пр…
Непромышленные потребители
Государственные (муниципальные…
Население и приравненные групп…
Территориальные сетевые органи…
Выручка отклонения по ПАО Россети на 2023 год
421.3 421.3
45 574.9 45 574.9
9 547.5 9 547.5
4 889.3 4 889.3
2 337.4 2 337.4
-1 682.6 -1 682.6
2 919.4 2 919.4
7 110.2 7 110.2
19 840.8 19 840.8
7 289.5 7 289.5
23 664.8 23 664.8
31 028.3 31 028.3
⬤ Отклонение, млн. руб.
Интер РАО (для ФСК)
Промышленные потребители
Транспорт
Нефтедобыча
Нефтепереработка
Нефтепроводы
Газопроводы
Сельское хозяйство и пищевая пр…
Непромышленные потребители
Государственные (муниципальные…
Население и приравненные групп…
Территориальные сетевые органи…
Динамика электропотребления, млрд. кВт.ч. по ПАО Россети на 2023 год
0 0
120 120
38 38
41 41
8 8
10 10
0 0
19 19
77 77
25 25
122 122
61 61
0 0
120 120
39 39
39 39
8 8
8 8
1 1
20 20
78 78
26 26
121 121
60 60
Факт прошлого года
Ожидаемое (прогноз по конца года)
Интер РАО (дляФСК)
Промышленныепотребители
Транспорт
Нефтедобыча
Нефтепереработка
Нефтепроводы
Газопроводы
Сельскоехозяйство ипищеваяпромышленность
Непромышленныепотребители
Государственные(муниципальные)организации ипрочиебюджетныепотребители
Население иприравненныегруппыпотребителей
Территориальныесетевыеорганизации
Выручка по ПАО Россети на 2023 год
5 5
285 285
72 72
72 72
18 18
22 22
0 0
50 50
201 201
61 61
190 190
227 227
6 6
331 331
82 82
77 77
20 20
20 20
3 3
57 57
220 220
68 68
214 214
258 258
Факт прошлого года
Ожидаемое (прогноз по конца года)
Интер РАО (дляФСК)
Промышленныепотребители
Транспорт
Нефтедобыча
Нефтепереработка
Нефтепроводы
Газопроводы
Сельскоехозяйство ипищеваяпромышленность
Непромышленныепотребители
Государственные(муниципальные)организации ипрочиебюджетныепотребители
Население иприравненныегруппыпотребителей
Территориальныесетевыеорганизации
абс.
%
Прогноз на месяц 
Ноябрь
КПО/Отпуск из сети 
Котловой полезный отпуск, млн. кВт.ч
Организация 
Все
Прогноз электропотребления и выручки за услуги по передаче в разрезе отраслей'

05-03-2025T10:23:48 - [MESSAGE][PASSED] - Text of object 'Object Repository/Прогноз по отраслям/Виджеты дашборда' is: 'Год 
2023 год
Сравнение с 
Факт прошлого года
Отклонения по ПАО Россети на 2023 год
0.0 0.0
646.5 646.5
341.1 341.1
-2 455.6 -2 455.6
245.6 245.6
-1 796.0 -1 796.0
676.2 676.2
452.4 452.4
1 386.2 1 386.2
527.5 527.5
-1 130.4 -1 130.4
-128.7 -128.7
⬤ Отклонение, млн. кВт.ч
Интер РАО (для ФСК)
Промышленные потребители
Транспорт
Нефтедобыча
Нефтепереработка
Нефтепроводы
Газопроводы
Сельское хозяйство и пищевая пр…
Непромышленные потребители
Государственные (муниципальные…
Население и приравненные групп…
Территориальные сетевые органи…
Выручка отклонения по ПАО Россети на 2023 год
421.3 421.3
45 574.9 45 574.9
9 547.5 9 547.5
4 889.3 4 889.3
2 337.4 2 337.4
-1 682.6 -1 682.6
2 919.4 2 919.4
7 110.2 7 110.2
19 840.8 19 840.8
7 289.5 7 289.5
23 664.8 23 664.8
31 028.3 31 028.3
⬤ Отклонение, млн. руб.
Интер РАО (для ФСК)
Промышленные потребители
Транспорт
Нефтедобыча
Нефтепереработка
Нефтепроводы
Газопроводы
Сельское хозяйство и пищевая пр…
Непромышленные потребители
Государственные (муниципальные…
Население и приравненные групп…
Территориальные сетевые органи…
Динамика электропотребления, млрд. кВт.ч. по ПАО Россети на 2023 год
0 0
120 120
38 38
41 41
8 8
10 10
0 0
19 19
77 77
25 25
122 122
61 61
0 0
120 120
39 39
39 39
8 8
8 8
1 1
20 20
78 78
26 26
121 121
60 60
Факт прошлого года
Ожидаемое (прогноз по конца года)
Интер РАО (дляФСК)
Промышленныепотребители
Транспорт
Нефтедобыча
Нефтепереработка
Нефтепроводы
Газопроводы
Сельскоехозяйство ипищеваяпромышленность
Непромышленныепотребители
Государственные(муниципальные)организации ипрочиебюджетныепотребители
Население иприравненныегруппыпотребителей
Территориальныесетевыеорганизации
Выручка по ПАО Россети на 2023 год
5 5
285 285
72 72
72 72
18 18
22 22
0 0
50 50
201 201
61 61
190 190
227 227
6 6
331 331
82 82
77 77
20 20
20 20
3 3
57 57
220 220
68 68
214 214
258 258
Факт прошлого года
Ожидаемое (прогноз по конца года)
Интер РАО (дляФСК)
Промышленныепотребители
Транспорт
Нефтедобыча
Нефтепереработка
Нефтепроводы
Газопроводы
Сельскоехозяйство ипищеваяпромышленность
Непромышленныепотребители
Государственные(муниципальные)организации ипрочиебюджетныепотребители
Население иприравненныегруппыпотребителей
Территориальныесетевыеорганизации
абс.
%
Прогноз на месяц 
Ноябрь
КПО/Отпуск из сети 
Котловой полезный отпуск, млн. кВт.ч
Организация 
Все
Прогноз электропотребления и выручки за услуги по передаче в разрезе отраслей'

05-03-2025T10:23:48 - [TEST_STEP][PASSED] - a10 = a10.replaceAll("[^0-9]", ""): null

05-03-2025T10:23:48 - [TEST_STEP][PASSED] - println("a10:" + a10): null

05-03-2025T10:23:48 - [TEST_STEP][PASSED] - click(findTestObject("Прогноз по отраслям/Фильтр Сравнение с")): Object: 'Object Repository/Прогноз по отраслям/Фильтр Сравнение с' is clicked on

05-03-2025T10:23:48 - [MESSAGE][PASSED] - Object: 'Object Repository/Прогноз по отраслям/Фильтр Сравнение с' is clicked on

05-03-2025T10:23:48 - [TEST_STEP][PASSED] - click(findTestObject("Прогноз по отраслям/План")): Object: 'Object Repository/Прогноз по отраслям/План' is clicked on

05-03-2025T10:23:49 - [MESSAGE][PASSED] - Object: 'Object Repository/Прогноз по отраслям/План' is clicked on

05-03-2025T10:23:49 - [TEST_STEP][PASSED] - delay(40): Delayed 40 second(s)

05-03-2025T10:24:29 - [MESSAGE][PASSED] - Delayed 40 second(s)

05-03-2025T10:24:29 - [TEST_STEP][PASSED] - a11 = getText(findTestObject("Прогноз по отраслям/Виджеты дашборда")): Text of object 'Object Repository/Прогноз по отраслям/Виджеты дашборда' is: 'Год 
2023 год
Сравнение с 
План
Отклонения по ПАО Россети на 2023 год
0.0 0.0
1 471.7 1 471.7
1 186.5 1 186.5
32 445.2 32 445.2
1 268.3 1 268.3
349.4 349.4
84.3 84.3
239.8 239.8
2 969.4 2 969.4
589.2 589.2
-1 798.4 -1 798.4
5 359.3 5 359.3
⬤ Отклонение, млн. кВт.ч
Интер РАО (для ФСК)
Промышленные потребители
Транспорт
Нефтедобыча
Нефтепереработка
Нефтепроводы
Газопроводы
Сельское хозяйство и пищевая пр…
Непромышленные потребители
Государственные (муниципальные…
Население и приравненные групп…
Территориальные сетевые органи…
Выручка отклонения по ПАО Россети на 2023 год
794.9 794.9
12 195.0 12 195.0
972.7 972.7
61 803.9 61 803.9
4 222.3 4 222.3
-121.8 -121.8
666.2 666.2
873.2 873.2
5 809.6 5 809.6
1 342.6 1 342.6
-4 463.2 -4 463.2
18 375.5 18 375.5
⬤ Отклонение, млн. руб.
Интер РАО (для ФСК)
Промышленные потребители
Транспорт
Нефтедобыча
Нефтепереработка
Нефтепроводы
Газопроводы
Сельское хозяйство и пищевая пр…
Непромышленные потребители
Государственные (муниципальные…
Население и приравненные групп…
Территориальные сетевые органи…
Динамика электропотребления, млрд. кВт.ч. по ПАО Россети на 2023 год
0 0
119 119
37 37
7 7
7 7
8 8
1 1
19 19
75 75
25 25
123 123
55 55
0 0
120 120
39 39
39 39
8 8
8 8
1 1
20 20
78 78
26 26
121 121
60 60
План
Ожидаемое (прогноз по конца года)
Интер РАО (дляФСК)
Промышленныепотребители
Транспорт
Нефтедобыча
Нефтепереработка
Нефтепроводы
Газопроводы
Сельскоехозяйство ипищеваяпромышленность
Непромышленныепотребители
Государственные(муниципальные)организации ипрочиебюджетныепотребители
Население иприравненныегруппыпотребителей
Территориальныесетевыеорганизации
Выручка по ПАО Россети на 2023 год
5 5
319 319
81 81
16 16
16 16
20 20
2 2
56 56
215 215
67 67
218 218
239 239
6 6
331 331
82 82
77 77
20 20
20 20
3 3
57 57
220 220
68 68
214 214
258 258
План
Ожидаемое (прогноз по конца года)
Интер РАО (дляФСК)
Промышленныепотребители
Транспорт
Нефтедобыча
Нефтепереработка
Нефтепроводы
Газопроводы
Сельскоехозяйство ипищеваяпромышленность
Непромышленныепотребители
Государственные(муниципальные)организации ипрочиебюджетныепотребители
Население иприравненныегруппыпотребителей
Территориальныесетевыеорганизации
абс.
%
Прогноз на месяц 
Ноябрь
КПО/Отпуск из сети 
Котловой полезный отпуск, млн. кВт.ч
Организация 
Все
Прогноз электропотребления и выручки за услуги по передаче в разрезе отраслей'

05-03-2025T10:24:30 - [MESSAGE][PASSED] - Text of object 'Object Repository/Прогноз по отраслям/Виджеты дашборда' is: 'Год 
2023 год
Сравнение с 
План
Отклонения по ПАО Россети на 2023 год
0.0 0.0
1 471.7 1 471.7
1 186.5 1 186.5
32 445.2 32 445.2
1 268.3 1 268.3
349.4 349.4
84.3 84.3
239.8 239.8
2 969.4 2 969.4
589.2 589.2
-1 798.4 -1 798.4
5 359.3 5 359.3
⬤ Отклонение, млн. кВт.ч
Интер РАО (для ФСК)
Промышленные потребители
Транспорт
Нефтедобыча
Нефтепереработка
Нефтепроводы
Газопроводы
Сельское хозяйство и пищевая пр…
Непромышленные потребители
Государственные (муниципальные…
Население и приравненные групп…
Территориальные сетевые органи…
Выручка отклонения по ПАО Россети на 2023 год
794.9 794.9
12 195.0 12 195.0
972.7 972.7
61 803.9 61 803.9
4 222.3 4 222.3
-121.8 -121.8
666.2 666.2
873.2 873.2
5 809.6 5 809.6
1 342.6 1 342.6
-4 463.2 -4 463.2
18 375.5 18 375.5
⬤ Отклонение, млн. руб.
Интер РАО (для ФСК)
Промышленные потребители
Транспорт
Нефтедобыча
Нефтепереработка
Нефтепроводы
Газопроводы
Сельское хозяйство и пищевая пр…
Непромышленные потребители
Государственные (муниципальные…
Население и приравненные групп…
Территориальные сетевые органи…
Динамика электропотребления, млрд. кВт.ч. по ПАО Россети на 2023 год
0 0
119 119
37 37
7 7
7 7
8 8
1 1
19 19
75 75
25 25
123 123
55 55
0 0
120 120
39 39
39 39
8 8
8 8
1 1
20 20
78 78
26 26
121 121
60 60
План
Ожидаемое (прогноз по конца года)
Интер РАО (дляФСК)
Промышленныепотребители
Транспорт
Нефтедобыча
Нефтепереработка
Нефтепроводы
Газопроводы
Сельскоехозяйство ипищеваяпромышленность
Непромышленныепотребители
Государственные(муниципальные)организации ипрочиебюджетныепотребители
Население иприравненныегруппыпотребителей
Территориальныесетевыеорганизации
Выручка по ПАО Россети на 2023 год
5 5
319 319
81 81
16 16
16 16
20 20
2 2
56 56
215 215
67 67
218 218
239 239
6 6
331 331
82 82
77 77
20 20
20 20
3 3
57 57
220 220
68 68
214 214
258 258
План
Ожидаемое (прогноз по конца года)
Интер РАО (дляФСК)
Промышленныепотребители
Транспорт
Нефтедобыча
Нефтепереработка
Нефтепроводы
Газопроводы
Сельскоехозяйство ипищеваяпромышленность
Непромышленныепотребители
Государственные(муниципальные)организации ипрочиебюджетныепотребители
Население иприравненныегруппыпотребителей
Территориальныесетевыеорганизации
абс.
%
Прогноз на месяц 
Ноябрь
КПО/Отпуск из сети 
Котловой полезный отпуск, млн. кВт.ч
Организация 
Все
Прогноз электропотребления и выручки за услуги по передаче в разрезе отраслей'

05-03-2025T10:24:30 - [TEST_STEP][PASSED] - println("a11:" + a11): null

05-03-2025T10:24:30 - [TEST_STEP][PASSED] - a11 = a11.replaceAll("[^0-9]", ""): null

05-03-2025T10:24:30 - [TEST_STEP][PASSED] - println("a11:" + a11): null

05-03-2025T10:24:30 - [TEST_STEP][PASSED] - click(findTestObject("Прогноз по отраслям/Фильтр Сравнение с")): Object: 'Object Repository/Прогноз по отраслям/Фильтр Сравнение с' is clicked on

05-03-2025T10:24:30 - [MESSAGE][PASSED] - Object: 'Object Repository/Прогноз по отраслям/Фильтр Сравнение с' is clicked on

05-03-2025T10:24:30 - [TEST_STEP][PASSED] - click(findTestObject("Прогноз по отраслям/План СУ")): Object: 'Object Repository/Прогноз по отраслям/План СУ' is clicked on

05-03-2025T10:24:31 - [MESSAGE][PASSED] - Object: 'Object Repository/Прогноз по отраслям/План СУ' is clicked on

05-03-2025T10:24:31 - [TEST_STEP][PASSED] - delay(40): Delayed 40 second(s)

05-03-2025T10:25:11 - [MESSAGE][PASSED] - Delayed 40 second(s)

05-03-2025T10:25:11 - [TEST_STEP][PASSED] - a12 = getText(findTestObject("Прогноз по отраслям/Виджеты дашборда")): Text of object 'Object Repository/Прогноз по отраслям/Виджеты дашборда' is: 'Год 
2023 год
Сравнение с 
План/СУ
Отклонения по ПАО Россети на 2023 год
0.0 0.0
120 322.6 120 322.6
38 655.4 38 655.4
39 037.8 39 037.8
8 291.7 8 291.7
8 259.5 8 259.5
793.1 793.1
19 706.6 19 706.6
78 310.2 78 310.2
25 579.5 25 579.5
121 219.7 121 219.7
60 414.9 60 414.9
⬤ Отклонение, млн. кВт.ч
Интер РАО (для ФСК)
Промышленные потребители
Транспорт
Нефтедобыча
Нефтепереработка
Нефтепроводы
Газопроводы
Сельское хозяйство и пищевая пр…
Непромышленные потребители
Государственные (муниципальные…
Население и приравненные групп…
Территориальные сетевые органи…
Выручка отклонения по ПАО Россети на 2023 год
⬤ Отклонение, млн. руб.
Интер РАО (для ФСК)
Промышленные потребители
Транспорт
Нефтедобыча
Нефтепереработка
Нефтепроводы
Газопроводы
Сельское хозяйство и пищевая пр…
Непромышленные потребители
Государственные (муниципальные…
Население и приравненные групп…
Территориальные сетевые органи…
Динамика электропотребления, млрд. кВт.ч. по ПАО Россети на 2023 год
0 0
0 0
0 0
0 0
0 0
0 0
0 0
0 0
0 0
0 0
0 0
0 0
0 0
120 120
39 39
39 39
8 8
8 8
1 1
20 20
78 78
26 26
121 121
60 60
СУ
Ожидаемое (прогноз по конца года)
Интер РАО (дляФСК)
Промышленныепотребители
Транспорт
Нефтедобыча
Нефтепереработка
Нефтепроводы
Газопроводы
Сельскоехозяйство ипищеваяпромышленность
Непромышленныепотребители
Государственные(муниципальные)организации ипрочиебюджетныепотребители
Население иприравненныегруппыпотребителей
Территориальныесетевыеорганизации
Выручка по ПАО Россети на 2023 год
6 6
331 331
82 82
77 77
20 20
20 20
3 3
57 57
220 220
68 68
214 214
258 258
Ожидаемое (прогноз по конца года)
Интер РАО (дляФСК)
Промышленныепотребители
Транспорт
Нефтедобыча
Нефтепереработка
Нефтепроводы
Газопроводы
Сельскоехозяйство ипищеваяпромышленность
Непромышленныепотребители
Государственные(муниципальные)организации ипрочиебюджетныепотребители
Население иприравненныегруппыпотребителей
Территориальныесетевыеорганизации
абс.
%
Прогноз на месяц 
Ноябрь
КПО/Отпуск из сети 
Котловой полезный отпуск, млн. кВт.ч
Организация 
Все
Прогноз электропотребления и выручки за услуги по передаче в разрезе отраслей'

05-03-2025T10:25:11 - [MESSAGE][PASSED] - Text of object 'Object Repository/Прогноз по отраслям/Виджеты дашборда' is: 'Год 
2023 год
Сравнение с 
План/СУ
Отклонения по ПАО Россети на 2023 год
0.0 0.0
120 322.6 120 322.6
38 655.4 38 655.4
39 037.8 39 037.8
8 291.7 8 291.7
8 259.5 8 259.5
793.1 793.1
19 706.6 19 706.6
78 310.2 78 310.2
25 579.5 25 579.5
121 219.7 121 219.7
60 414.9 60 414.9
⬤ Отклонение, млн. кВт.ч
Интер РАО (для ФСК)
Промышленные потребители
Транспорт
Нефтедобыча
Нефтепереработка
Нефтепроводы
Газопроводы
Сельское хозяйство и пищевая пр…
Непромышленные потребители
Государственные (муниципальные…
Население и приравненные групп…
Территориальные сетевые органи…
Выручка отклонения по ПАО Россети на 2023 год
⬤ Отклонение, млн. руб.
Интер РАО (для ФСК)
Промышленные потребители
Транспорт
Нефтедобыча
Нефтепереработка
Нефтепроводы
Газопроводы
Сельское хозяйство и пищевая пр…
Непромышленные потребители
Государственные (муниципальные…
Население и приравненные групп…
Территориальные сетевые органи…
Динамика электропотребления, млрд. кВт.ч. по ПАО Россети на 2023 год
0 0
0 0
0 0
0 0
0 0
0 0
0 0
0 0
0 0
0 0
0 0
0 0
0 0
120 120
39 39
39 39
8 8
8 8
1 1
20 20
78 78
26 26
121 121
60 60
СУ
Ожидаемое (прогноз по конца года)
Интер РАО (дляФСК)
Промышленныепотребители
Транспорт
Нефтедобыча
Нефтепереработка
Нефтепроводы
Газопроводы
Сельскоехозяйство ипищеваяпромышленность
Непромышленныепотребители
Государственные(муниципальные)организации ипрочиебюджетныепотребители
Население иприравненныегруппыпотребителей
Территориальныесетевыеорганизации
Выручка по ПАО Россети на 2023 год
6 6
331 331
82 82
77 77
20 20
20 20
3 3
57 57
220 220
68 68
214 214
258 258
Ожидаемое (прогноз по конца года)
Интер РАО (дляФСК)
Промышленныепотребители
Транспорт
Нефтедобыча
Нефтепереработка
Нефтепроводы
Газопроводы
Сельскоехозяйство ипищеваяпромышленность
Непромышленныепотребители
Государственные(муниципальные)организации ипрочиебюджетныепотребители
Население иприравненныегруппыпотребителей
Территориальныесетевыеорганизации
абс.
%
Прогноз на месяц 
Ноябрь
КПО/Отпуск из сети 
Котловой полезный отпуск, млн. кВт.ч
Организация 
Все
Прогноз электропотребления и выручки за услуги по передаче в разрезе отраслей'

05-03-2025T10:25:11 - [TEST_STEP][PASSED] - a12 = a12.replaceAll("[^0-9]", ""): null

05-03-2025T10:25:11 - [TEST_STEP][PASSED] - println("a12:" + a12): null

05-03-2025T10:25:11 - [TEST_STEP][PASSED] - navigateToUrl(findTestData("PlanFact").getValue(10, 12)): Navigate to 'https://bi.rosseti.digital/viewer?dashboardGuid=d218b6eb1b7845df8f1994d6a65c072b&sheetGuid=3059d1e0f28043ee8c80901707e9c246&fit=true' successfully

05-03-2025T10:25:12 - [MESSAGE][PASSED] - Navigate to 'https://bi.rosseti.digital/viewer?dashboardGuid=d218b6eb1b7845df8f1994d6a65c072b&sheetGuid=3059d1e0f28043ee8c80901707e9c246&fit=true' successfully

05-03-2025T10:25:12 - [TEST_STEP][PASSED] - delay(50): Delayed 50 second(s)

05-03-2025T10:26:02 - [MESSAGE][PASSED] - Delayed 50 second(s)

05-03-2025T10:26:02 - [TEST_STEP][PASSED] - click(findTestObject("Прогноз по отраслям/Фильтр месяц Стресс")): Object: 'Object Repository/Прогноз по отраслям/Фильтр месяц Стресс' is clicked on

05-03-2025T10:26:02 - [MESSAGE][PASSED] - Object: 'Object Repository/Прогноз по отраслям/Фильтр месяц Стресс' is clicked on

05-03-2025T10:26:02 - [TEST_STEP][PASSED] - scrollToElement(findTestObject("Прогноз по отраслям/Ноябрь Стресс"), 30): Scroll to object 'Object Repository/Прогноз по отраслям/Ноябрь Стресс' successfully

05-03-2025T10:26:03 - [MESSAGE][PASSED] - Scroll to object 'Object Repository/Прогноз по отраслям/Ноябрь Стресс' successfully

05-03-2025T10:26:03 - [TEST_STEP][PASSED] - click(findTestObject("Прогноз по отраслям/Ноябрь Стресс")): Object: 'Object Repository/Прогноз по отраслям/Ноябрь Стресс' is clicked on

05-03-2025T10:26:04 - [MESSAGE][PASSED] - Object: 'Object Repository/Прогноз по отраслям/Ноябрь Стресс' is clicked on

05-03-2025T10:26:04 - [TEST_STEP][PASSED] - scrollToElement(findTestObject("Прогноз по отраслям/Заголовок дашборда Стресс"), 30): Scroll to object 'Object Repository/Прогноз по отраслям/Заголовок дашборда Стресс' successfully

05-03-2025T10:26:05 - [MESSAGE][PASSED] - Scroll to object 'Object Repository/Прогноз по отраслям/Заголовок дашборда Стресс' successfully

05-03-2025T10:26:05 - [TEST_STEP][PASSED] - click(findTestObject("Прогноз по отраслям/Фильтр Сравнение с Стресс")): Object: 'Object Repository/Прогноз по отраслям/Фильтр Сравнение с Стресс' is clicked on

05-03-2025T10:26:05 - [MESSAGE][PASSED] - Object: 'Object Repository/Прогноз по отраслям/Фильтр Сравнение с Стресс' is clicked on

05-03-2025T10:26:05 - [TEST_STEP][PASSED] - click(findTestObject("Прогноз по отраслям/Факт прошлого года Стресс")): Object: 'Object Repository/Прогноз по отраслям/Факт прошлого года Стресс' is clicked on

05-03-2025T10:26:06 - [MESSAGE][PASSED] - Object: 'Object Repository/Прогноз по отраслям/Факт прошлого года Стресс' is clicked on

05-03-2025T10:26:06 - [TEST_STEP][PASSED] - click(findTestObject("Прогноз по отраслям/Фильтр КПО-Отпуск Стресс")): Object: 'Object Repository/Прогноз по отраслям/Фильтр КПО-Отпуск Стресс' is clicked on

05-03-2025T10:26:08 - [MESSAGE][PASSED] - Object: 'Object Repository/Прогноз по отраслям/Фильтр КПО-Отпуск Стресс' is clicked on

05-03-2025T10:26:08 - [TEST_STEP][PASSED] - click(findTestObject("Прогноз по отраслям/Отпуск Стресс")): Object: 'Object Repository/Прогноз по отраслям/Отпуск Стресс' is clicked on

05-03-2025T10:26:09 - [MESSAGE][PASSED] - Object: 'Object Repository/Прогноз по отраслям/Отпуск Стресс' is clicked on

05-03-2025T10:26:09 - [TEST_STEP][PASSED] - delay(40): Delayed 40 second(s)

05-03-2025T10:26:49 - [MESSAGE][PASSED] - Delayed 40 second(s)

05-03-2025T10:26:49 - [TEST_STEP][PASSED] - b1 = getText(findTestObject("Прогноз по отраслям/Виджеты дашборда")): Text of object 'Object Repository/Прогноз по отраслям/Виджеты дашборда' is: 'Год 
2023 год
Сравнение с 
Факт прошлого года
Динамика электропотребления, млрд. кВт.ч., по ПАО Россети на 2023 год
12 12
186 186
36 36
50 50
10 10
19 19
0 0
17 17
85 85
19 19
82 82
604 604
10 10
197 197
37 37
48 48
10 10
15 15
4 4
18 18
80 80
19 19
82 82
608 608
Факт прошлого года
Ожидаемое (прогноз до конца года)
Интер РАО(для ФСК)
Промышленныепотребители
Транспорт
Нефтедобыча
Нефтеперераб…
Нефтепроводы
Газопроводы
Сельское хозя…
Непромышлен…
Государственн…
Население иприравненныегруппыпотребителей
Территориальн…
Выручка, млрд. руб, по ПАО Россети на 2023 год
5 5
285 285
72 72
72 72
18 18
22 22
0 0
50 50
201 201
61 61
190 190
227 227
6 6
331 331
82 82
77 77
20 20
20 20
3 3
57 57
220 220
68 68
214 214
258 258
Факт прошлого года
Ожидаемое (прогноз до конца года)
Интер РАО(для ФСК)
Промышленныепотребители
Транспорт
Нефтедобыча
Нефтеперераб…
Нефтепроводы
Газопроводы
Сельское хозя…
Непромышлен…
Государственн…
Население иприравненныегруппыпотребителей
Территориальн…
Отклонения по ПАО Россети на 2023 год
-18.5% -18.5%
5.9% 5.9%
3.6% 3.6%
-3.9% -3.9%
0.9% 0.9%
-20.7% -20.7%
3 313.2% 3 313.2%
3.8% 3.8%
-5.6% -5.6%
1.3% 1.3%
-0.9% -0.9%
0.7% 0.7%
⬤ Отклонение, %
Интер РАО (для ФСК)
Промышленные потребители
Транспорт
Нефтедобыча
Нефтепереработка
Нефтепроводы
Газопроводы
Сельское хозяйство и пищевая про…
Непромышленные потребители
Государственные (муниципальные)…
Население и приравненные группы…
Территориальные сетевые организ…
Выручка отклонения по ПАО Россети на 2023 год
7.7% 7.7%
16.0% 16.0%
13.2% 13.2%
6.7% 6.7%
13.3% 13.3%
-7.7% -7.7%
1 331.5% 1 331.5%
14.2% 14.2%
9.9% 9.9%
12.0% 12.0%
12.4% 12.4%
13.7% 13.7%
⬤ Отклонение, %
Интер РАО (для ФСК)
Промышленные потребители
Транспорт
Нефтедобыча
Нефтепереработка
Нефтепроводы
Газопроводы
Сельское хозяйство и пищевая про…
Непромышленные потребители
Государственные (муниципальные)…
Население и приравненные группы…
Территориальные сетевые организ…
абс.
%
Прогноз на месяц 
Ноябрь
КПО/Отпуск из сети 
Отпуск из сети, млн. кВт.ч
Организация 
Все
Прогноз электропотребления и выручки за услуги по передаче в разрезе отраслей'

05-03-2025T10:26:50 - [MESSAGE][PASSED] - Text of object 'Object Repository/Прогноз по отраслям/Виджеты дашборда' is: 'Год 
2023 год
Сравнение с 
Факт прошлого года
Динамика электропотребления, млрд. кВт.ч., по ПАО Россети на 2023 год
12 12
186 186
36 36
50 50
10 10
19 19
0 0
17 17
85 85
19 19
82 82
604 604
10 10
197 197
37 37
48 48
10 10
15 15
4 4
18 18
80 80
19 19
82 82
608 608
Факт прошлого года
Ожидаемое (прогноз до конца года)
Интер РАО(для ФСК)
Промышленныепотребители
Транспорт
Нефтедобыча
Нефтеперераб…
Нефтепроводы
Газопроводы
Сельское хозя…
Непромышлен…
Государственн…
Население иприравненныегруппыпотребителей
Территориальн…
Выручка, млрд. руб, по ПАО Россети на 2023 год
5 5
285 285
72 72
72 72
18 18
22 22
0 0
50 50
201 201
61 61
190 190
227 227
6 6
331 331
82 82
77 77
20 20
20 20
3 3
57 57
220 220
68 68
214 214
258 258
Факт прошлого года
Ожидаемое (прогноз до конца года)
Интер РАО(для ФСК)
Промышленныепотребители
Транспорт
Нефтедобыча
Нефтеперераб…
Нефтепроводы
Газопроводы
Сельское хозя…
Непромышлен…
Государственн…
Население иприравненныегруппыпотребителей
Территориальн…
Отклонения по ПАО Россети на 2023 год
-18.5% -18.5%
5.9% 5.9%
3.6% 3.6%
-3.9% -3.9%
0.9% 0.9%
-20.7% -20.7%
3 313.2% 3 313.2%
3.8% 3.8%
-5.6% -5.6%
1.3% 1.3%
-0.9% -0.9%
0.7% 0.7%
⬤ Отклонение, %
Интер РАО (для ФСК)
Промышленные потребители
Транспорт
Нефтедобыча
Нефтепереработка
Нефтепроводы
Газопроводы
Сельское хозяйство и пищевая про…
Непромышленные потребители
Государственные (муниципальные)…
Население и приравненные группы…
Территориальные сетевые организ…
Выручка отклонения по ПАО Россети на 2023 год
7.7% 7.7%
16.0% 16.0%
13.2% 13.2%
6.7% 6.7%
13.3% 13.3%
-7.7% -7.7%
1 331.5% 1 331.5%
14.2% 14.2%
9.9% 9.9%
12.0% 12.0%
12.4% 12.4%
13.7% 13.7%
⬤ Отклонение, %
Интер РАО (для ФСК)
Промышленные потребители
Транспорт
Нефтедобыча
Нефтепереработка
Нефтепроводы
Газопроводы
Сельское хозяйство и пищевая про…
Непромышленные потребители
Государственные (муниципальные)…
Население и приравненные группы…
Территориальные сетевые организ…
абс.
%
Прогноз на месяц 
Ноябрь
КПО/Отпуск из сети 
Отпуск из сети, млн. кВт.ч
Организация 
Все
Прогноз электропотребления и выручки за услуги по передаче в разрезе отраслей'

05-03-2025T10:26:50 - [TEST_STEP][PASSED] - b1 = b1.replaceAll("[^0-9]", ""): null

05-03-2025T10:26:50 - [TEST_STEP][PASSED] - println("b1:" + b1): null

05-03-2025T10:26:50 - [TEST_STEP][PASSED] - click(findTestObject("Прогноз по отраслям/Фильтр Сравнение с Стресс")): Object: 'Object Repository/Прогноз по отраслям/Фильтр Сравнение с Стресс' is clicked on

05-03-2025T10:26:50 - [MESSAGE][PASSED] - Object: 'Object Repository/Прогноз по отраслям/Фильтр Сравнение с Стресс' is clicked on

05-03-2025T10:26:50 - [TEST_STEP][PASSED] - click(findTestObject("Прогноз по отраслям/План Стресс")): Object: 'Object Repository/Прогноз по отраслям/План Стресс' is clicked on

05-03-2025T10:26:51 - [MESSAGE][PASSED] - Object: 'Object Repository/Прогноз по отраслям/План Стресс' is clicked on

05-03-2025T10:26:51 - [TEST_STEP][PASSED] - delay(40): Delayed 40 second(s)

05-03-2025T10:27:31 - [MESSAGE][PASSED] - Delayed 40 second(s)

05-03-2025T10:27:31 - [TEST_STEP][PASSED] - b2 = getText(findTestObject("Прогноз по отраслям/Виджеты дашборда")): Text of object 'Object Repository/Прогноз по отраслям/Виджеты дашборда' is: 'Год 
2023 год
Сравнение с 
План
Динамика электропотребления, млрд. кВт.ч., по ПАО Россети на 2023 год
10 10
190 190
36 36
14 14
9 9
14 14
4 4
17 17
80 80
19 19
82 82
588 588
10 10
197 197
37 37
48 48
10 10
15 15
4 4
18 18
80 80
19 19
82 82
608 608
План
Ожидаемое (прогноз до конца года)
Интер РАО(для ФСК)
Промышленныепотребители
Транспорт
Нефтедобыча
Нефтеперераб…
Нефтепроводы
Газопроводы
Сельское хозя…
Непромышлен…
Государственн…
Население иприравненныегруппыпотребителей
Территориальн…
Выручка, млрд. руб, по ПАО Россети на 2023 год
5 5
319 319
81 81
16 16
16 16
20 20
2 2
56 56
215 215
67 67
218 218
239 239
6 6
331 331
82 82
77 77
20 20
20 20
3 3
57 57
220 220
68 68
214 214
258 258
План
Ожидаемое (прогноз до конца года)
Интер РАО(для ФСК)
Промышленныепотребители
Транспорт
Нефтедобыча
Нефтеперераб…
Нефтепроводы
Газопроводы
Сельское хозя…
Непромышлен…
Государственн…
Население иприравненныегруппыпотребителей
Территориальн…
Отклонения по ПАО Россети на 2023 год
-4.7% -4.7%
3.8% 3.8%
1.9% 1.9%
230.3% 230.3%
10.9% 10.9%
4.2% 4.2%
21.7% 21.7%
3.9% 3.9%
-0.6% -0.6%
1.6% 1.6%
-1.0% -1.0%
3.3% 3.3%
⬤ Отклонение, %
Интер РАО (для ФСК)
Промышленные потребители
Транспорт
Нефтедобыча
Нефтепереработка
Нефтепроводы
Газопроводы
Сельское хозяйство и пищевая про…
Непромышленные потребители
Государственные (муниципальные)…
Население и приравненные группы…
Территориальные сетевые организ…
Выручка отклонения по ПАО Россети на 2023 год
15.6% 15.6%
3.8% 3.8%
1.2% 1.2%
398.2% 398.2%
26.9% 26.9%
-0.6% -0.6%
26.9% 26.9%
1.5% 1.5%
2.7% 2.7%
2.0% 2.0%
-2.0% -2.0%
7.9% 7.9%
⬤ Отклонение, %
Интер РАО (для ФСК)
Промышленные потребители
Транспорт
Нефтедобыча
Нефтепереработка
Нефтепроводы
Газопроводы
Сельское хозяйство и пищевая про…
Непромышленные потребители
Государственные (муниципальные)…
Население и приравненные группы…
Территориальные сетевые организ…
абс.
%
Прогноз на месяц 
Ноябрь
КПО/Отпуск из сети 
Отпуск из сети, млн. кВт.ч
Организация 
Все
Прогноз электропотребления и выручки за услуги по передаче в разрезе отраслей'

05-03-2025T10:27:32 - [MESSAGE][PASSED] - Text of object 'Object Repository/Прогноз по отраслям/Виджеты дашборда' is: 'Год 
2023 год
Сравнение с 
План
Динамика электропотребления, млрд. кВт.ч., по ПАО Россети на 2023 год
10 10
190 190
36 36
14 14
9 9
14 14
4 4
17 17
80 80
19 19
82 82
588 588
10 10
197 197
37 37
48 48
10 10
15 15
4 4
18 18
80 80
19 19
82 82
608 608
План
Ожидаемое (прогноз до конца года)
Интер РАО(для ФСК)
Промышленныепотребители
Транспорт
Нефтедобыча
Нефтеперераб…
Нефтепроводы
Газопроводы
Сельское хозя…
Непромышлен…
Государственн…
Население иприравненныегруппыпотребителей
Территориальн…
Выручка, млрд. руб, по ПАО Россети на 2023 год
5 5
319 319
81 81
16 16
16 16
20 20
2 2
56 56
215 215
67 67
218 218
239 239
6 6
331 331
82 82
77 77
20 20
20 20
3 3
57 57
220 220
68 68
214 214
258 258
План
Ожидаемое (прогноз до конца года)
Интер РАО(для ФСК)
Промышленныепотребители
Транспорт
Нефтедобыча
Нефтеперераб…
Нефтепроводы
Газопроводы
Сельское хозя…
Непромышлен…
Государственн…
Население иприравненныегруппыпотребителей
Территориальн…
Отклонения по ПАО Россети на 2023 год
-4.7% -4.7%
3.8% 3.8%
1.9% 1.9%
230.3% 230.3%
10.9% 10.9%
4.2% 4.2%
21.7% 21.7%
3.9% 3.9%
-0.6% -0.6%
1.6% 1.6%
-1.0% -1.0%
3.3% 3.3%
⬤ Отклонение, %
Интер РАО (для ФСК)
Промышленные потребители
Транспорт
Нефтедобыча
Нефтепереработка
Нефтепроводы
Газопроводы
Сельское хозяйство и пищевая про…
Непромышленные потребители
Государственные (муниципальные)…
Население и приравненные группы…
Территориальные сетевые организ…
Выручка отклонения по ПАО Россети на 2023 год
15.6% 15.6%
3.8% 3.8%
1.2% 1.2%
398.2% 398.2%
26.9% 26.9%
-0.6% -0.6%
26.9% 26.9%
1.5% 1.5%
2.7% 2.7%
2.0% 2.0%
-2.0% -2.0%
7.9% 7.9%
⬤ Отклонение, %
Интер РАО (для ФСК)
Промышленные потребители
Транспорт
Нефтедобыча
Нефтепереработка
Нефтепроводы
Газопроводы
Сельское хозяйство и пищевая про…
Непромышленные потребители
Государственные (муниципальные)…
Население и приравненные группы…
Территориальные сетевые организ…
абс.
%
Прогноз на месяц 
Ноябрь
КПО/Отпуск из сети 
Отпуск из сети, млн. кВт.ч
Организация 
Все
Прогноз электропотребления и выручки за услуги по передаче в разрезе отраслей'

05-03-2025T10:27:32 - [TEST_STEP][PASSED] - b2 = b2.replaceAll("[^0-9]", ""): null

05-03-2025T10:27:32 - [TEST_STEP][PASSED] - println("b2:" + b2): null

05-03-2025T10:27:32 - [TEST_STEP][PASSED] - click(findTestObject("Прогноз по отраслям/Фильтр Сравнение с Стресс")): Object: 'Object Repository/Прогноз по отраслям/Фильтр Сравнение с Стресс' is clicked on

05-03-2025T10:27:32 - [MESSAGE][PASSED] - Object: 'Object Repository/Прогноз по отраслям/Фильтр Сравнение с Стресс' is clicked on

05-03-2025T10:27:32 - [TEST_STEP][PASSED] - click(findTestObject("Прогноз по отраслям/План СУ Стресс")): Object: 'Object Repository/Прогноз по отраслям/План СУ Стресс' is clicked on

05-03-2025T10:27:34 - [MESSAGE][PASSED] - Object: 'Object Repository/Прогноз по отраслям/План СУ Стресс' is clicked on

05-03-2025T10:27:34 - [TEST_STEP][PASSED] - delay(40): Delayed 40 second(s)

05-03-2025T10:28:14 - [MESSAGE][PASSED] - Delayed 40 second(s)

05-03-2025T10:28:14 - [TEST_STEP][PASSED] - b3 = getText(findTestObject("Прогноз по отраслям/Виджеты дашборда")): Text of object 'Object Repository/Прогноз по отраслям/Виджеты дашборда' is: 'Год 
2023 год
Сравнение с 
План/СУ
Динамика электропотребления, млрд. кВт.ч., по ПАО Россети на 2023 год
10 10
181 181
36 36
15 15
9 9
14 14
4 4
16 16
86 86
19 19
79 79
586 586
10 10
197 197
37 37
48 48
10 10
15 15
4 4
18 18
80 80
19 19
82 82
608 608
СУ
Ожидаемое (прогноз до конца года)
Интер РАО(для ФСК)
Промышленныепотребители
Транспорт
Нефтедобыча
Нефтеперераб…
Нефтепроводы
Газопроводы
Сельское хозя…
Непромышлен…
Государственн…
Население иприравненныегруппыпотребителей
Территориальн…
Выручка, млрд. руб, по ПАО Россети на 2023 год
6 6
331 331
82 82
77 77
20 20
20 20
3 3
57 57
220 220
68 68
214 214
258 258
Ожидаемое (прогноз до конца года)
Интер РАО(для ФСК)
Промышленныепотребители
Транспорт
Нефтедобыча
Нефтеперераб…
Нефтепроводы
Газопроводы
Сельское хозя…
Непромышлен…
Государственн…
Население иприравненныегруппыпотребителей
Территориальн…
Отклонения по ПАО Россети на 2023 год
2.5% 2.5%
8.9% 8.9%
3.5% 3.5%
221.4% 221.4%
12.8% 12.8%
6.9% 6.9%
13.5% 13.5%
8.1% 8.1%
-6.9% -6.9%
2.3% 2.3%
3.1% 3.1%
3.8% 3.8%
⬤ Отклонение, %
Интер РАО (для ФСК)
Промышленные потребители
Транспорт
Нефтедобыча
Нефтепереработка
Нефтепроводы
Газопроводы
Сельское хозяйство и пищевая про…
Непромышленные потребители
Государственные (муниципальные)…
Население и приравненные группы…
Территориальные сетевые организ…
Выручка отклонения по ПАО Россети на 2023 год
⬤ Отклонение, %
Интер РАО (для ФСК)
Промышленные потребители
Транспорт
Нефтедобыча
Нефтепереработка
Нефтепроводы
Газопроводы
Сельское хозяйство и пищевая про…
Непромышленные потребители
Государственные (муниципальные)…
Население и приравненные группы…
Территориальные сетевые организ…
абс.
%
Прогноз на месяц 
Ноябрь
КПО/Отпуск из сети 
Отпуск из сети, млн. кВт.ч
Организация 
Все
Прогноз электропотребления и выручки за услуги по передаче в разрезе отраслей'

05-03-2025T10:28:14 - [MESSAGE][PASSED] - Text of object 'Object Repository/Прогноз по отраслям/Виджеты дашборда' is: 'Год 
2023 год
Сравнение с 
План/СУ
Динамика электропотребления, млрд. кВт.ч., по ПАО Россети на 2023 год
10 10
181 181
36 36
15 15
9 9
14 14
4 4
16 16
86 86
19 19
79 79
586 586
10 10
197 197
37 37
48 48
10 10
15 15
4 4
18 18
80 80
19 19
82 82
608 608
СУ
Ожидаемое (прогноз до конца года)
Интер РАО(для ФСК)
Промышленныепотребители
Транспорт
Нефтедобыча
Нефтеперераб…
Нефтепроводы
Газопроводы
Сельское хозя…
Непромышлен…
Государственн…
Население иприравненныегруппыпотребителей
Территориальн…
Выручка, млрд. руб, по ПАО Россети на 2023 год
6 6
331 331
82 82
77 77
20 20
20 20
3 3
57 57
220 220
68 68
214 214
258 258
Ожидаемое (прогноз до конца года)
Интер РАО(для ФСК)
Промышленныепотребители
Транспорт
Нефтедобыча
Нефтеперераб…
Нефтепроводы
Газопроводы
Сельское хозя…
Непромышлен…
Государственн…
Население иприравненныегруппыпотребителей
Территориальн…
Отклонения по ПАО Россети на 2023 год
2.5% 2.5%
8.9% 8.9%
3.5% 3.5%
221.4% 221.4%
12.8% 12.8%
6.9% 6.9%
13.5% 13.5%
8.1% 8.1%
-6.9% -6.9%
2.3% 2.3%
3.1% 3.1%
3.8% 3.8%
⬤ Отклонение, %
Интер РАО (для ФСК)
Промышленные потребители
Транспорт
Нефтедобыча
Нефтепереработка
Нефтепроводы
Газопроводы
Сельское хозяйство и пищевая про…
Непромышленные потребители
Государственные (муниципальные)…
Население и приравненные группы…
Территориальные сетевые организ…
Выручка отклонения по ПАО Россети на 2023 год
⬤ Отклонение, %
Интер РАО (для ФСК)
Промышленные потребители
Транспорт
Нефтедобыча
Нефтепереработка
Нефтепроводы
Газопроводы
Сельское хозяйство и пищевая про…
Непромышленные потребители
Государственные (муниципальные)…
Население и приравненные группы…
Территориальные сетевые организ…
абс.
%
Прогноз на месяц 
Ноябрь
КПО/Отпуск из сети 
Отпуск из сети, млн. кВт.ч
Организация 
Все
Прогноз электропотребления и выручки за услуги по передаче в разрезе отраслей'

05-03-2025T10:28:14 - [TEST_STEP][PASSED] - b3 = b3.replaceAll("[^0-9]", ""): null

05-03-2025T10:28:14 - [TEST_STEP][PASSED] - println("b3:" + b3): null

05-03-2025T10:28:14 - [TEST_STEP][PASSED] - click(findTestObject("Прогноз по отраслям/Фильтр Сравнение с Стресс")): Object: 'Object Repository/Прогноз по отраслям/Фильтр Сравнение с Стресс' is clicked on

05-03-2025T10:28:15 - [MESSAGE][PASSED] - Object: 'Object Repository/Прогноз по отраслям/Фильтр Сравнение с Стресс' is clicked on

05-03-2025T10:28:15 - [TEST_STEP][PASSED] - click(findTestObject("Прогноз по отраслям/Факт прошлого года Стресс")): Object: 'Object Repository/Прогноз по отраслям/Факт прошлого года Стресс' is clicked on

05-03-2025T10:28:16 - [MESSAGE][PASSED] - Object: 'Object Repository/Прогноз по отраслям/Факт прошлого года Стресс' is clicked on

05-03-2025T10:28:16 - [TEST_STEP][PASSED] - click(findTestObject("Прогноз по отраслям/Фильтр КПО-Отпуск Стресс")): Object: 'Object Repository/Прогноз по отраслям/Фильтр КПО-Отпуск Стресс' is clicked on

05-03-2025T10:28:17 - [MESSAGE][PASSED] - Object: 'Object Repository/Прогноз по отраслям/Фильтр КПО-Отпуск Стресс' is clicked on

05-03-2025T10:28:17 - [TEST_STEP][PASSED] - click(findTestObject("Прогноз по отраслям/КПО Стресс")): Object: 'Object Repository/Прогноз по отраслям/КПО Стресс' is clicked on

05-03-2025T10:28:18 - [MESSAGE][PASSED] - Object: 'Object Repository/Прогноз по отраслям/КПО Стресс' is clicked on

05-03-2025T10:28:18 - [TEST_STEP][PASSED] - delay(40): Delayed 40 second(s)

05-03-2025T10:28:58 - [MESSAGE][PASSED] - Delayed 40 second(s)

05-03-2025T10:28:58 - [TEST_STEP][PASSED] - b4 = getText(findTestObject("Прогноз по отраслям/Виджеты дашборда")): Text of object 'Object Repository/Прогноз по отраслям/Виджеты дашборда' is: 'Год 
2023 год
Сравнение с 
Факт прошлого года
Динамика электропотребления, млрд. кВт.ч., по ПАО Россети на 2023 год
0 0
120 120
38 38
41 41
8 8
10 10
0 0
19 19
77 77
25 25
122 122
61 61
0 0
120 120
39 39
39 39
8 8
8 8
1 1
20 20
78 78
26 26
121 121
60 60
Факт прошлого года
Ожидаемое (прогноз до конца года)
Интер РАО(для ФСК)
Промышленныепотребители
Транспорт
Нефтедобыча
Нефтеперераб…
Нефтепроводы
Газопроводы
Сельское хозя…
Непромышлен…
Государственн…
Население иприравненныегруппыпотребителей
Территориальн…
Выручка, млрд. руб, по ПАО Россети на 2023 год
5 5
285 285
72 72
72 72
18 18
22 22
0 0
50 50
201 201
61 61
190 190
227 227
6 6
331 331
82 82
77 77
20 20
20 20
3 3
57 57
220 220
68 68
214 214
258 258
Факт прошлого года
Ожидаемое (прогноз до конца года)
Интер РАО(для ФСК)
Промышленныепотребители
Транспорт
Нефтедобыча
Нефтеперераб…
Нефтепроводы
Газопроводы
Сельское хозя…
Непромышлен…
Государственн…
Население иприравненныегруппыпотребителей
Территориальн…
Отклонения по ПАО Россети на 2023 год
0.5% 0.5%
0.9% 0.9%
-5.9% -5.9%
3.1% 3.1%
-17.9% -17.9%
578.4% 578.4%
2.3% 2.3%
1.8% 1.8%
2.1% 2.1%
-0.9% -0.9%
-0.2% -0.2%
⬤ Отклонение, %
Интер РАО (для ФСК)
Промышленные потребители
Транспорт
Нефтедобыча
Нефтепереработка
Нефтепроводы
Газопроводы
Сельское хозяйство и пищевая про…
Непромышленные потребители
Государственные (муниципальные)…
Население и приравненные группы…
Территориальные сетевые организ…
Выручка отклонения по ПАО Россети на 2023 год
7.7% 7.7%
16.0% 16.0%
13.2% 13.2%
6.7% 6.7%
13.3% 13.3%
-7.7% -7.7%
1 331.5% 1 331.5%
14.2% 14.2%
9.9% 9.9%
12.0% 12.0%
12.4% 12.4%
13.7% 13.7%
⬤ Отклонение, %
Интер РАО (для ФСК)
Промышленные потребители
Транспорт
Нефтедобыча
Нефтепереработка
Нефтепроводы
Газопроводы
Сельское хозяйство и пищевая про…
Непромышленные потребители
Государственные (муниципальные)…
Население и приравненные группы…
Территориальные сетевые организ…
абс.
%
Прогноз на месяц 
Ноябрь
КПО/Отпуск из сети 
Котловой полезный отпуск, млн. кВт.ч
Организация 
Все
Прогноз электропотребления и выручки за услуги по передаче в разрезе отраслей'

05-03-2025T10:28:59 - [MESSAGE][PASSED] - Text of object 'Object Repository/Прогноз по отраслям/Виджеты дашборда' is: 'Год 
2023 год
Сравнение с 
Факт прошлого года
Динамика электропотребления, млрд. кВт.ч., по ПАО Россети на 2023 год
0 0
120 120
38 38
41 41
8 8
10 10
0 0
19 19
77 77
25 25
122 122
61 61
0 0
120 120
39 39
39 39
8 8
8 8
1 1
20 20
78 78
26 26
121 121
60 60
Факт прошлого года
Ожидаемое (прогноз до конца года)
Интер РАО(для ФСК)
Промышленныепотребители
Транспорт
Нефтедобыча
Нефтеперераб…
Нефтепроводы
Газопроводы
Сельское хозя…
Непромышлен…
Государственн…
Население иприравненныегруппыпотребителей
Территориальн…
Выручка, млрд. руб, по ПАО Россети на 2023 год
5 5
285 285
72 72
72 72
18 18
22 22
0 0
50 50
201 201
61 61
190 190
227 227
6 6
331 331
82 82
77 77
20 20
20 20
3 3
57 57
220 220
68 68
214 214
258 258
Факт прошлого года
Ожидаемое (прогноз до конца года)
Интер РАО(для ФСК)
Промышленныепотребители
Транспорт
Нефтедобыча
Нефтеперераб…
Нефтепроводы
Газопроводы
Сельское хозя…
Непромышлен…
Государственн…
Население иприравненныегруппыпотребителей
Территориальн…
Отклонения по ПАО Россети на 2023 год
0.5% 0.5%
0.9% 0.9%
-5.9% -5.9%
3.1% 3.1%
-17.9% -17.9%
578.4% 578.4%
2.3% 2.3%
1.8% 1.8%
2.1% 2.1%
-0.9% -0.9%
-0.2% -0.2%
⬤ Отклонение, %
Интер РАО (для ФСК)
Промышленные потребители
Транспорт
Нефтедобыча
Нефтепереработка
Нефтепроводы
Газопроводы
Сельское хозяйство и пищевая про…
Непромышленные потребители
Государственные (муниципальные)…
Население и приравненные группы…
Территориальные сетевые организ…
Выручка отклонения по ПАО Россети на 2023 год
7.7% 7.7%
16.0% 16.0%
13.2% 13.2%
6.7% 6.7%
13.3% 13.3%
-7.7% -7.7%
1 331.5% 1 331.5%
14.2% 14.2%
9.9% 9.9%
12.0% 12.0%
12.4% 12.4%
13.7% 13.7%
⬤ Отклонение, %
Интер РАО (для ФСК)
Промышленные потребители
Транспорт
Нефтедобыча
Нефтепереработка
Нефтепроводы
Газопроводы
Сельское хозяйство и пищевая про…
Непромышленные потребители
Государственные (муниципальные)…
Население и приравненные группы…
Территориальные сетевые организ…
абс.
%
Прогноз на месяц 
Ноябрь
КПО/Отпуск из сети 
Котловой полезный отпуск, млн. кВт.ч
Организация 
Все
Прогноз электропотребления и выручки за услуги по передаче в разрезе отраслей'

05-03-2025T10:28:59 - [TEST_STEP][PASSED] - b4 = b4.replaceAll("[^0-9]", ""): null

05-03-2025T10:28:59 - [TEST_STEP][PASSED] - println("b4:" + b4): null

05-03-2025T10:28:59 - [TEST_STEP][PASSED] - click(findTestObject("Прогноз по отраслям/Фильтр Сравнение с Стресс")): Object: 'Object Repository/Прогноз по отраслям/Фильтр Сравнение с Стресс' is clicked on

05-03-2025T10:28:59 - [MESSAGE][PASSED] - Object: 'Object Repository/Прогноз по отраслям/Фильтр Сравнение с Стресс' is clicked on

05-03-2025T10:28:59 - [TEST_STEP][PASSED] - click(findTestObject("Прогноз по отраслям/План Стресс")): Object: 'Object Repository/Прогноз по отраслям/План Стресс' is clicked on

05-03-2025T10:29:01 - [MESSAGE][PASSED] - Object: 'Object Repository/Прогноз по отраслям/План Стресс' is clicked on

05-03-2025T10:29:01 - [TEST_STEP][PASSED] - delay(40): Delayed 40 second(s)

05-03-2025T10:29:41 - [MESSAGE][PASSED] - Delayed 40 second(s)

05-03-2025T10:29:41 - [TEST_STEP][PASSED] - b5 = getText(findTestObject("Прогноз по отраслям/Виджеты дашборда")): Text of object 'Object Repository/Прогноз по отраслям/Виджеты дашборда' is: 'Год 
2023 год
Сравнение с 
План
Динамика электропотребления, млрд. кВт.ч., по ПАО Россети на 2023 год
0 0
119 119
37 37
7 7
7 7
8 8
1 1
19 19
75 75
25 25
123 123
55 55
0 0
120 120
39 39
39 39
8 8
8 8
1 1
20 20
78 78
26 26
121 121
60 60
План
Ожидаемое (прогноз до конца года)
Интер РАО(для ФСК)
Промышленныепотребители
Транспорт
Нефтедобыча
Нефтеперераб…
Нефтепроводы
Газопроводы
Сельское хозя…
Непромышлен…
Государственн…
Население иприравненныегруппыпотребителей
Территориальн…
Выручка, млрд. руб, по ПАО Россети на 2023 год
5 5
319 319
81 81
16 16
16 16
20 20
2 2
56 56
215 215
67 67
218 218
239 239
6 6
331 331
82 82
77 77
20 20
20 20
3 3
57 57
220 220
68 68
214 214
258 258
План
Ожидаемое (прогноз до конца года)
Интер РАО(для ФСК)
Промышленныепотребители
Транспорт
Нефтедобыча
Нефтеперераб…
Нефтепроводы
Газопроводы
Сельское хозя…
Непромышлен…
Государственн…
Население иприравненныегруппыпотребителей
Территориальн…
Отклонения по ПАО Россети на 2023 год
1.2% 1.2%
3.2% 3.2%
492.1% 492.1%
18.1% 18.1%
4.4% 4.4%
11.9% 11.9%
1.2% 1.2%
4.1% 4.1%
2.4% 2.4%
-1.4% -1.4%
9.7% 9.7%
⬤ Отклонение, %
Интер РАО (для ФСК)
Промышленные потребители
Транспорт
Нефтедобыча
Нефтепереработка
Нефтепроводы
Газопроводы
Сельское хозяйство и пищевая про…
Непромышленные потребители
Государственные (муниципальные)…
Население и приравненные группы…
Территориальные сетевые организ…
Выручка отклонения по ПАО Россети на 2023 год
15.6% 15.6%
3.8% 3.8%
1.2% 1.2%
398.2% 398.2%
26.9% 26.9%
-0.6% -0.6%
26.9% 26.9%
1.5% 1.5%
2.7% 2.7%
2.0% 2.0%
-2.0% -2.0%
7.9% 7.9%
⬤ Отклонение, %
Интер РАО (для ФСК)
Промышленные потребители
Транспорт
Нефтедобыча
Нефтепереработка
Нефтепроводы
Газопроводы
Сельское хозяйство и пищевая про…
Непромышленные потребители
Государственные (муниципальные)…
Население и приравненные группы…
Территориальные сетевые организ…
абс.
%
Прогноз на месяц 
Ноябрь
КПО/Отпуск из сети 
Котловой полезный отпуск, млн. кВт.ч
Организация 
Все
Прогноз электропотребления и выручки за услуги по передаче в разрезе отраслей'

05-03-2025T10:29:41 - [MESSAGE][PASSED] - Text of object 'Object Repository/Прогноз по отраслям/Виджеты дашборда' is: 'Год 
2023 год
Сравнение с 
План
Динамика электропотребления, млрд. кВт.ч., по ПАО Россети на 2023 год
0 0
119 119
37 37
7 7
7 7
8 8
1 1
19 19
75 75
25 25
123 123
55 55
0 0
120 120
39 39
39 39
8 8
8 8
1 1
20 20
78 78
26 26
121 121
60 60
План
Ожидаемое (прогноз до конца года)
Интер РАО(для ФСК)
Промышленныепотребители
Транспорт
Нефтедобыча
Нефтеперераб…
Нефтепроводы
Газопроводы
Сельское хозя…
Непромышлен…
Государственн…
Население иприравненныегруппыпотребителей
Территориальн…
Выручка, млрд. руб, по ПАО Россети на 2023 год
5 5
319 319
81 81
16 16
16 16
20 20
2 2
56 56
215 215
67 67
218 218
239 239
6 6
331 331
82 82
77 77
20 20
20 20
3 3
57 57
220 220
68 68
214 214
258 258
План
Ожидаемое (прогноз до конца года)
Интер РАО(для ФСК)
Промышленныепотребители
Транспорт
Нефтедобыча
Нефтеперераб…
Нефтепроводы
Газопроводы
Сельское хозя…
Непромышлен…
Государственн…
Население иприравненныегруппыпотребителей
Территориальн…
Отклонения по ПАО Россети на 2023 год
1.2% 1.2%
3.2% 3.2%
492.1% 492.1%
18.1% 18.1%
4.4% 4.4%
11.9% 11.9%
1.2% 1.2%
4.1% 4.1%
2.4% 2.4%
-1.4% -1.4%
9.7% 9.7%
⬤ Отклонение, %
Интер РАО (для ФСК)
Промышленные потребители
Транспорт
Нефтедобыча
Нефтепереработка
Нефтепроводы
Газопроводы
Сельское хозяйство и пищевая про…
Непромышленные потребители
Государственные (муниципальные)…
Население и приравненные группы…
Территориальные сетевые организ…
Выручка отклонения по ПАО Россети на 2023 год
15.6% 15.6%
3.8% 3.8%
1.2% 1.2%
398.2% 398.2%
26.9% 26.9%
-0.6% -0.6%
26.9% 26.9%
1.5% 1.5%
2.7% 2.7%
2.0% 2.0%
-2.0% -2.0%
7.9% 7.9%
⬤ Отклонение, %
Интер РАО (для ФСК)
Промышленные потребители
Транспорт
Нефтедобыча
Нефтепереработка
Нефтепроводы
Газопроводы
Сельское хозяйство и пищевая про…
Непромышленные потребители
Государственные (муниципальные)…
Население и приравненные группы…
Территориальные сетевые организ…
абс.
%
Прогноз на месяц 
Ноябрь
КПО/Отпуск из сети 
Котловой полезный отпуск, млн. кВт.ч
Организация 
Все
Прогноз электропотребления и выручки за услуги по передаче в разрезе отраслей'

05-03-2025T10:29:41 - [TEST_STEP][PASSED] - println("b5:" + b5): null

05-03-2025T10:29:41 - [TEST_STEP][PASSED] - b5 = b5.replaceAll("[^0-9]", ""): null

05-03-2025T10:29:41 - [TEST_STEP][PASSED] - println("b5:" + b5): null

05-03-2025T10:29:41 - [TEST_STEP][PASSED] - click(findTestObject("Прогноз по отраслям/Фильтр Сравнение с Стресс")): Object: 'Object Repository/Прогноз по отраслям/Фильтр Сравнение с Стресс' is clicked on

05-03-2025T10:29:42 - [MESSAGE][PASSED] - Object: 'Object Repository/Прогноз по отраслям/Фильтр Сравнение с Стресс' is clicked on

05-03-2025T10:29:42 - [TEST_STEP][PASSED] - click(findTestObject("Прогноз по отраслям/План СУ Стресс")): Object: 'Object Repository/Прогноз по отраслям/План СУ Стресс' is clicked on

05-03-2025T10:29:43 - [MESSAGE][PASSED] - Object: 'Object Repository/Прогноз по отраслям/План СУ Стресс' is clicked on

05-03-2025T10:29:43 - [TEST_STEP][PASSED] - delay(40): Delayed 40 second(s)

05-03-2025T10:30:23 - [MESSAGE][PASSED] - Delayed 40 second(s)

05-03-2025T10:30:23 - [TEST_STEP][PASSED] - b6 = getText(findTestObject("Прогноз по отраслям/Виджеты дашборда")): Text of object 'Object Repository/Прогноз по отраслям/Виджеты дашборда' is: 'Год 
2023 год
Сравнение с 
План/СУ
Динамика электропотребления, млрд. кВт.ч., по ПАО Россети на 2023 год
0 0
0 0
0 0
0 0
0 0
0 0
0 0
0 0
0 0
0 0
0 0
0 0
0 0
120 120
39 39
39 39
8 8
8 8
1 1
20 20
78 78
26 26
121 121
60 60
СУ
Ожидаемое (прогноз до конца года)
Интер РАО(для ФСК)
Промышленныепотребители
Транспорт
Нефтедобыча
Нефтеперераб…
Нефтепроводы
Газопроводы
Сельское хозя…
Непромышлен…
Государственн…
Население иприравненныегруппыпотребителей
Территориальн…
Выручка, млрд. руб, по ПАО Россети на 2023 год
6 6
331 331
82 82
77 77
20 20
20 20
3 3
57 57
220 220
68 68
214 214
258 258
Ожидаемое (прогноз до конца года)
Интер РАО(для ФСК)
Промышленныепотребители
Транспорт
Нефтедобыча
Нефтеперераб…
Нефтепроводы
Газопроводы
Сельское хозя…
Непромышлен…
Государственн…
Население иприравненныегруппыпотребителей
Территориальн…
Отклонения по ПАО Россети на 2023 год
⬤ Отклонение, %
Интер РАО (для ФСК)
Промышленные потребители
Транспорт
Нефтедобыча
Нефтепереработка
Нефтепроводы
Газопроводы
Сельское хозяйство и пищевая про…
Непромышленные потребители
Государственные (муниципальные)…
Население и приравненные группы…
Территориальные сетевые организ…
Выручка отклонения по ПАО Россети на 2023 год
⬤ Отклонение, %
Интер РАО (для ФСК)
Промышленные потребители
Транспорт
Нефтедобыча
Нефтепереработка
Нефтепроводы
Газопроводы
Сельское хозяйство и пищевая про…
Непромышленные потребители
Государственные (муниципальные)…
Население и приравненные группы…
Территориальные сетевые организ…
абс.
%
Прогноз на месяц 
Ноябрь
КПО/Отпуск из сети 
Котловой полезный отпуск, млн. кВт.ч
Организация 
Все
Прогноз электропотребления и выручки за услуги по передаче в разрезе отраслей'

05-03-2025T10:30:24 - [MESSAGE][PASSED] - Text of object 'Object Repository/Прогноз по отраслям/Виджеты дашборда' is: 'Год 
2023 год
Сравнение с 
План/СУ
Динамика электропотребления, млрд. кВт.ч., по ПАО Россети на 2023 год
0 0
0 0
0 0
0 0
0 0
0 0
0 0
0 0
0 0
0 0
0 0
0 0
0 0
120 120
39 39
39 39
8 8
8 8
1 1
20 20
78 78
26 26
121 121
60 60
СУ
Ожидаемое (прогноз до конца года)
Интер РАО(для ФСК)
Промышленныепотребители
Транспорт
Нефтедобыча
Нефтеперераб…
Нефтепроводы
Газопроводы
Сельское хозя…
Непромышлен…
Государственн…
Население иприравненныегруппыпотребителей
Территориальн…
Выручка, млрд. руб, по ПАО Россети на 2023 год
6 6
331 331
82 82
77 77
20 20
20 20
3 3
57 57
220 220
68 68
214 214
258 258
Ожидаемое (прогноз до конца года)
Интер РАО(для ФСК)
Промышленныепотребители
Транспорт
Нефтедобыча
Нефтеперераб…
Нефтепроводы
Газопроводы
Сельское хозя…
Непромышлен…
Государственн…
Население иприравненныегруппыпотребителей
Территориальн…
Отклонения по ПАО Россети на 2023 год
⬤ Отклонение, %
Интер РАО (для ФСК)
Промышленные потребители
Транспорт
Нефтедобыча
Нефтепереработка
Нефтепроводы
Газопроводы
Сельское хозяйство и пищевая про…
Непромышленные потребители
Государственные (муниципальные)…
Население и приравненные группы…
Территориальные сетевые организ…
Выручка отклонения по ПАО Россети на 2023 год
⬤ Отклонение, %
Интер РАО (для ФСК)
Промышленные потребители
Транспорт
Нефтедобыча
Нефтепереработка
Нефтепроводы
Газопроводы
Сельское хозяйство и пищевая про…
Непромышленные потребители
Государственные (муниципальные)…
Население и приравненные группы…
Территориальные сетевые организ…
абс.
%
Прогноз на месяц 
Ноябрь
КПО/Отпуск из сети 
Котловой полезный отпуск, млн. кВт.ч
Организация 
Все
Прогноз электропотребления и выручки за услуги по передаче в разрезе отраслей'

05-03-2025T10:30:24 - [TEST_STEP][PASSED] - b6 = b6.replaceAll("[^0-9]", ""): null

05-03-2025T10:30:24 - [TEST_STEP][PASSED] - println("b6:" + b6): null

05-03-2025T10:30:24 - [TEST_STEP][PASSED] - click(findTestObject("Прогноз по отраслям/Переключить отображение с процентов на абс Стресс-сценарий")): Object: 'Object Repository/Прогноз по отраслям/Переключить отображение с процентов на абс Стресс-сценарий' is clicked on

05-03-2025T10:30:24 - [MESSAGE][PASSED] - Object: 'Object Repository/Прогноз по отраслям/Переключить отображение с процентов на абс Стресс-сценарий' is clicked on

05-03-2025T10:30:24 - [TEST_STEP][PASSED] - click(findTestObject("Прогноз по отраслям/Фильтр Сравнение с Стресс")): Object: 'Object Repository/Прогноз по отраслям/Фильтр Сравнение с Стресс' is clicked on

05-03-2025T10:30:24 - [MESSAGE][PASSED] - Object: 'Object Repository/Прогноз по отраслям/Фильтр Сравнение с Стресс' is clicked on

05-03-2025T10:30:24 - [TEST_STEP][PASSED] - click(findTestObject("Прогноз по отраслям/Факт прошлого года Стресс")): Object: 'Object Repository/Прогноз по отраслям/Факт прошлого года Стресс' is clicked on

05-03-2025T10:30:26 - [MESSAGE][PASSED] - Object: 'Object Repository/Прогноз по отраслям/Факт прошлого года Стресс' is clicked on

05-03-2025T10:30:26 - [TEST_STEP][PASSED] - click(findTestObject("Прогноз по отраслям/Фильтр КПО-Отпуск Стресс")): Object: 'Object Repository/Прогноз по отраслям/Фильтр КПО-Отпуск Стресс' is clicked on

05-03-2025T10:30:27 - [MESSAGE][PASSED] - Object: 'Object Repository/Прогноз по отраслям/Фильтр КПО-Отпуск Стресс' is clicked on

05-03-2025T10:30:27 - [TEST_STEP][PASSED] - click(findTestObject("Прогноз по отраслям/Отпуск Стресс")): Object: 'Object Repository/Прогноз по отраслям/Отпуск Стресс' is clicked on

05-03-2025T10:30:28 - [MESSAGE][PASSED] - Object: 'Object Repository/Прогноз по отраслям/Отпуск Стресс' is clicked on

05-03-2025T10:30:28 - [TEST_STEP][PASSED] - delay(40): Delayed 40 second(s)

05-03-2025T10:31:08 - [MESSAGE][PASSED] - Delayed 40 second(s)

05-03-2025T10:31:08 - [TEST_STEP][PASSED] - b7 = getText(findTestObject("Прогноз по отраслям/Виджеты дашборда")): Text of object 'Object Repository/Прогноз по отраслям/Виджеты дашборда' is: 'Год 
2023 год
Сравнение с 
Факт прошлого года
Отклонения по ПАО Россети на 2023 год
-2 263.5 -2 263.5
11 054.6 11 054.6
1 280.2 1 280.2
-1 947.5 -1 947.5
90.9 90.9
-3 845.0 -3 845.0
4 162.1 4 162.1
651.7 651.7
-4 727.7 -4 727.7
256.5 256.5
-723.9 -723.9
4 292.3 4 292.3
⬤ Отклонение, млн. кВт.ч
Интер РАО (для ФСК)
Промышленные потребители
Транспорт
Нефтедобыча
Нефтепереработка
Нефтепроводы
Газопроводы
Сельское хозяйство и пищевая про…
Непромышленные потребители
Государственные (муниципальные…
Население и приравненные группы…
Территориальные сетевые организ…
Выручка отклонения по ПАО Россети на 2023 год
421.3 421.3
45 574.9 45 574.9
9 547.5 9 547.5
4 889.3 4 889.3
2 337.4 2 337.4
-1 682.6 -1 682.6
2 919.4 2 919.4
7 110.2 7 110.2
19 840.8 19 840.8
7 289.5 7 289.5
23 664.8 23 664.8
31 028.3 31 028.3
⬤ Отклонение, млн. руб
Интер РАО (для ФСК)
Промышленные потребители
Транспорт
Нефтедобыча
Нефтепереработка
Нефтепроводы
Газопроводы
Сельское хозяйство и пищевая про…
Непромышленные потребители
Государственные (муниципальные…
Население и приравненные группы…
Территориальные сетевые организ…
Динамика электропотребления, млрд. кВт.ч., по ПАО Россети на 2023 год
12 12
186 186
36 36
50 50
10 10
19 19
0 0
17 17
85 85
19 19
82 82
604 604
10 10
197 197
37 37
48 48
10 10
15 15
4 4
18 18
80 80
19 19
82 82
608 608
Факт прошлого года
Ожидаемое (прогноз до конца года)
Интер РАО(для ФСК)
Промышленныепотребители
Транспорт
Нефтедобыча
Нефтеперераб…
Нефтепроводы
Газопроводы
Сельское хозя…
Непромышлен…
Государственн…
Население иприравненныегруппыпотребителей
Территориальн…
Выручка, млрд. руб, по ПАО Россети на 2023 год
5 5
285 285
72 72
72 72
18 18
22 22
0 0
50 50
201 201
61 61
190 190
227 227
6 6
331 331
82 82
77 77
20 20
20 20
3 3
57 57
220 220
68 68
214 214
258 258
Факт прошлого года
Ожидаемое (прогноз до конца года)
Интер РАО(для ФСК)
Промышленныепотребители
Транспорт
Нефтедобыча
Нефтеперераб…
Нефтепроводы
Газопроводы
Сельское хозя…
Непромышлен…
Государственн…
Население иприравненныегруппыпотребителей
Территориальн…
абс.
%
Прогноз на месяц 
Ноябрь
КПО/Отпуск из сети 
Отпуск из сети, млн. кВт.ч
Организация 
Все
Прогноз электропотребления и выручки за услуги по передаче в разрезе отраслей'

05-03-2025T10:31:09 - [MESSAGE][PASSED] - Text of object 'Object Repository/Прогноз по отраслям/Виджеты дашборда' is: 'Год 
2023 год
Сравнение с 
Факт прошлого года
Отклонения по ПАО Россети на 2023 год
-2 263.5 -2 263.5
11 054.6 11 054.6
1 280.2 1 280.2
-1 947.5 -1 947.5
90.9 90.9
-3 845.0 -3 845.0
4 162.1 4 162.1
651.7 651.7
-4 727.7 -4 727.7
256.5 256.5
-723.9 -723.9
4 292.3 4 292.3
⬤ Отклонение, млн. кВт.ч
Интер РАО (для ФСК)
Промышленные потребители
Транспорт
Нефтедобыча
Нефтепереработка
Нефтепроводы
Газопроводы
Сельское хозяйство и пищевая про…
Непромышленные потребители
Государственные (муниципальные…
Население и приравненные группы…
Территориальные сетевые организ…
Выручка отклонения по ПАО Россети на 2023 год
421.3 421.3
45 574.9 45 574.9
9 547.5 9 547.5
4 889.3 4 889.3
2 337.4 2 337.4
-1 682.6 -1 682.6
2 919.4 2 919.4
7 110.2 7 110.2
19 840.8 19 840.8
7 289.5 7 289.5
23 664.8 23 664.8
31 028.3 31 028.3
⬤ Отклонение, млн. руб
Интер РАО (для ФСК)
Промышленные потребители
Транспорт
Нефтедобыча
Нефтепереработка
Нефтепроводы
Газопроводы
Сельское хозяйство и пищевая про…
Непромышленные потребители
Государственные (муниципальные…
Население и приравненные группы…
Территориальные сетевые организ…
Динамика электропотребления, млрд. кВт.ч., по ПАО Россети на 2023 год
12 12
186 186
36 36
50 50
10 10
19 19
0 0
17 17
85 85
19 19
82 82
604 604
10 10
197 197
37 37
48 48
10 10
15 15
4 4
18 18
80 80
19 19
82 82
608 608
Факт прошлого года
Ожидаемое (прогноз до конца года)
Интер РАО(для ФСК)
Промышленныепотребители
Транспорт
Нефтедобыча
Нефтеперераб…
Нефтепроводы
Газопроводы
Сельское хозя…
Непромышлен…
Государственн…
Население иприравненныегруппыпотребителей
Территориальн…
Выручка, млрд. руб, по ПАО Россети на 2023 год
5 5
285 285
72 72
72 72
18 18
22 22
0 0
50 50
201 201
61 61
190 190
227 227
6 6
331 331
82 82
77 77
20 20
20 20
3 3
57 57
220 220
68 68
214 214
258 258
Факт прошлого года
Ожидаемое (прогноз до конца года)
Интер РАО(для ФСК)
Промышленныепотребители
Транспорт
Нефтедобыча
Нефтеперераб…
Нефтепроводы
Газопроводы
Сельское хозя…
Непромышлен…
Государственн…
Население иприравненныегруппыпотребителей
Территориальн…
абс.
%
Прогноз на месяц 
Ноябрь
КПО/Отпуск из сети 
Отпуск из сети, млн. кВт.ч
Организация 
Все
Прогноз электропотребления и выручки за услуги по передаче в разрезе отраслей'

05-03-2025T10:31:09 - [TEST_STEP][PASSED] - b7 = b7.replaceAll("[^0-9]", ""): null

05-03-2025T10:31:09 - [TEST_STEP][PASSED] - println("b7:" + b7): null

05-03-2025T10:31:09 - [TEST_STEP][PASSED] - click(findTestObject("Прогноз по отраслям/Фильтр Сравнение с Стресс")): Object: 'Object Repository/Прогноз по отраслям/Фильтр Сравнение с Стресс' is clicked on

05-03-2025T10:31:09 - [MESSAGE][PASSED] - Object: 'Object Repository/Прогноз по отраслям/Фильтр Сравнение с Стресс' is clicked on

05-03-2025T10:31:09 - [TEST_STEP][PASSED] - click(findTestObject("Прогноз по отраслям/План Стресс")): Object: 'Object Repository/Прогноз по отраслям/План Стресс' is clicked on

05-03-2025T10:31:11 - [MESSAGE][PASSED] - Object: 'Object Repository/Прогноз по отраслям/План Стресс' is clicked on

05-03-2025T10:31:11 - [TEST_STEP][PASSED] - delay(40): Delayed 40 second(s)

05-03-2025T10:31:51 - [MESSAGE][PASSED] - Delayed 40 second(s)

05-03-2025T10:31:51 - [TEST_STEP][PASSED] - b8 = getText(findTestObject("Прогноз по отраслям/Виджеты дашборда")): Text of object 'Object Repository/Прогноз по отраслям/Виджеты дашборда' is: 'Год 
2023 год
Сравнение с 
План
Отклонения по ПАО Россети на 2023 год
-492.2 -492.2
7 165.1 7 165.1
689.3 689.3
33 271.7 33 271.7
986.4 986.4
593.8 593.8
764.0 764.0
670.4 670.4
-592.4 -592.4
308.8 308.8
-940.9 -940.9
19 604.1 19 604.1
⬤ Отклонение, млн. кВт.ч
Интер РАО (для ФСК)
Промышленные потребители
Транспорт
Нефтедобыча
Нефтепереработка
Нефтепроводы
Газопроводы
Сельское хозяйство и пищевая про…
Непромышленные потребители
Государственные (муниципальные…
Население и приравненные группы…
Территориальные сетевые организ…
Выручка отклонения по ПАО Россети на 2023 год
794.9 794.9
12 195.0 12 195.0
972.7 972.7
61 803.9 61 803.9
4 222.3 4 222.3
-121.8 -121.8
666.2 666.2
873.2 873.2
5 809.6 5 809.6
1 342.6 1 342.6
-4 463.2 -4 463.2
18 375.5 18 375.5
⬤ Отклонение, млн. руб
Интер РАО (для ФСК)
Промышленные потребители
Транспорт
Нефтедобыча
Нефтепереработка
Нефтепроводы
Газопроводы
Сельское хозяйство и пищевая про…
Непромышленные потребители
Государственные (муниципальные…
Население и приравненные группы…
Территориальные сетевые организ…
Динамика электропотребления, млрд. кВт.ч., по ПАО Россети на 2023 год
10 10
190 190
36 36
14 14
9 9
14 14
4 4
17 17
80 80
19 19
82 82
588 588
10 10
197 197
37 37
48 48
10 10
15 15
4 4
18 18
80 80
19 19
82 82
608 608
План
Ожидаемое (прогноз до конца года)
Интер РАО(для ФСК)
Промышленныепотребители
Транспорт
Нефтедобыча
Нефтеперераб…
Нефтепроводы
Газопроводы
Сельское хозя…
Непромышлен…
Государственн…
Население иприравненныегруппыпотребителей
Территориальн…
Выручка, млрд. руб, по ПАО Россети на 2023 год
5 5
319 319
81 81
16 16
16 16
20 20
2 2
56 56
215 215
67 67
218 218
239 239
6 6
331 331
82 82
77 77
20 20
20 20
3 3
57 57
220 220
68 68
214 214
258 258
План
Ожидаемое (прогноз до конца года)
Интер РАО(для ФСК)
Промышленныепотребители
Транспорт
Нефтедобыча
Нефтеперераб…
Нефтепроводы
Газопроводы
Сельское хозя…
Непромышлен…
Государственн…
Население иприравненныегруппыпотребителей
Территориальн…
абс.
%
Прогноз на месяц 
Ноябрь
КПО/Отпуск из сети 
Отпуск из сети, млн. кВт.ч
Организация 
Все
Прогноз электропотребления и выручки за услуги по передаче в разрезе отраслей'

05-03-2025T10:31:51 - [MESSAGE][PASSED] - Text of object 'Object Repository/Прогноз по отраслям/Виджеты дашборда' is: 'Год 
2023 год
Сравнение с 
План
Отклонения по ПАО Россети на 2023 год
-492.2 -492.2
7 165.1 7 165.1
689.3 689.3
33 271.7 33 271.7
986.4 986.4
593.8 593.8
764.0 764.0
670.4 670.4
-592.4 -592.4
308.8 308.8
-940.9 -940.9
19 604.1 19 604.1
⬤ Отклонение, млн. кВт.ч
Интер РАО (для ФСК)
Промышленные потребители
Транспорт
Нефтедобыча
Нефтепереработка
Нефтепроводы
Газопроводы
Сельское хозяйство и пищевая про…
Непромышленные потребители
Государственные (муниципальные…
Население и приравненные группы…
Территориальные сетевые организ…
Выручка отклонения по ПАО Россети на 2023 год
794.9 794.9
12 195.0 12 195.0
972.7 972.7
61 803.9 61 803.9
4 222.3 4 222.3
-121.8 -121.8
666.2 666.2
873.2 873.2
5 809.6 5 809.6
1 342.6 1 342.6
-4 463.2 -4 463.2
18 375.5 18 375.5
⬤ Отклонение, млн. руб
Интер РАО (для ФСК)
Промышленные потребители
Транспорт
Нефтедобыча
Нефтепереработка
Нефтепроводы
Газопроводы
Сельское хозяйство и пищевая про…
Непромышленные потребители
Государственные (муниципальные…
Население и приравненные группы…
Территориальные сетевые организ…
Динамика электропотребления, млрд. кВт.ч., по ПАО Россети на 2023 год
10 10
190 190
36 36
14 14
9 9
14 14
4 4
17 17
80 80
19 19
82 82
588 588
10 10
197 197
37 37
48 48
10 10
15 15
4 4
18 18
80 80
19 19
82 82
608 608
План
Ожидаемое (прогноз до конца года)
Интер РАО(для ФСК)
Промышленныепотребители
Транспорт
Нефтедобыча
Нефтеперераб…
Нефтепроводы
Газопроводы
Сельское хозя…
Непромышлен…
Государственн…
Население иприравненныегруппыпотребителей
Территориальн…
Выручка, млрд. руб, по ПАО Россети на 2023 год
5 5
319 319
81 81
16 16
16 16
20 20
2 2
56 56
215 215
67 67
218 218
239 239
6 6
331 331
82 82
77 77
20 20
20 20
3 3
57 57
220 220
68 68
214 214
258 258
План
Ожидаемое (прогноз до конца года)
Интер РАО(для ФСК)
Промышленныепотребители
Транспорт
Нефтедобыча
Нефтеперераб…
Нефтепроводы
Газопроводы
Сельское хозя…
Непромышлен…
Государственн…
Население иприравненныегруппыпотребителей
Территориальн…
абс.
%
Прогноз на месяц 
Ноябрь
КПО/Отпуск из сети 
Отпуск из сети, млн. кВт.ч
Организация 
Все
Прогноз электропотребления и выручки за услуги по передаче в разрезе отраслей'

05-03-2025T10:31:51 - [TEST_STEP][PASSED] - b8 = b8.replaceAll("[^0-9]", ""): null

05-03-2025T10:31:51 - [TEST_STEP][PASSED] - println("b8:" + b8): null

05-03-2025T10:31:51 - [TEST_STEP][PASSED] - click(findTestObject("Прогноз по отраслям/Фильтр Сравнение с Стресс")): Object: 'Object Repository/Прогноз по отраслям/Фильтр Сравнение с Стресс' is clicked on

05-03-2025T10:31:52 - [MESSAGE][PASSED] - Object: 'Object Repository/Прогноз по отраслям/Фильтр Сравнение с Стресс' is clicked on

05-03-2025T10:31:52 - [TEST_STEP][PASSED] - click(findTestObject("Прогноз по отраслям/План СУ Стресс")): Object: 'Object Repository/Прогноз по отраслям/План СУ Стресс' is clicked on

05-03-2025T10:31:53 - [MESSAGE][PASSED] - Object: 'Object Repository/Прогноз по отраслям/План СУ Стресс' is clicked on

05-03-2025T10:31:53 - [TEST_STEP][PASSED] - delay(40): Delayed 40 second(s)

05-03-2025T10:32:33 - [MESSAGE][PASSED] - Delayed 40 second(s)

05-03-2025T10:32:33 - [TEST_STEP][PASSED] - b9 = getText(findTestObject("Прогноз по отраслям/Виджеты дашборда")): Text of object 'Object Repository/Прогноз по отраслям/Виджеты дашборда' is: 'Год 
2023 год
Сравнение с 
План/СУ
Отклонения по ПАО Россети на 2023 год
243.5 243.5
16 024.4 16 024.4
1 255.1 1 255.1
32 869.9 32 869.9
1 135.7 1 135.7
950.0 950.0
511.1 511.1
1 324.2 1 324.2
-5 962.8 -5 962.8
433.5 433.5
2 431.5 2 431.5
22 321.4 22 321.4
⬤ Отклонение, млн. кВт.ч
Интер РАО (для ФСК)
Промышленные потребители
Транспорт
Нефтедобыча
Нефтепереработка
Нефтепроводы
Газопроводы
Сельское хозяйство и пищевая про…
Непромышленные потребители
Государственные (муниципальные…
Население и приравненные группы…
Территориальные сетевые организ…
Выручка отклонения по ПАО Россети на 2023 год
⬤ Отклонение, млн. руб
Интер РАО (для ФСК)
Промышленные потребители
Транспорт
Нефтедобыча
Нефтепереработка
Нефтепроводы
Газопроводы
Сельское хозяйство и пищевая про…
Непромышленные потребители
Государственные (муниципальные…
Население и приравненные группы…
Территориальные сетевые организ…
Динамика электропотребления, млрд. кВт.ч., по ПАО Россети на 2023 год
10 10
181 181
36 36
15 15
9 9
14 14
4 4
16 16
86 86
19 19
79 79
586 586
10 10
197 197
37 37
48 48
10 10
15 15
4 4
18 18
80 80
19 19
82 82
608 608
СУ
Ожидаемое (прогноз до конца года)
Интер РАО(для ФСК)
Промышленныепотребители
Транспорт
Нефтедобыча
Нефтеперераб…
Нефтепроводы
Газопроводы
Сельское хозя…
Непромышлен…
Государственн…
Население иприравненныегруппыпотребителей
Территориальн…
Выручка, млрд. руб, по ПАО Россети на 2023 год
6 6
331 331
82 82
77 77
20 20
20 20
3 3
57 57
220 220
68 68
214 214
258 258
Ожидаемое (прогноз до конца года)
Интер РАО(для ФСК)
Промышленныепотребители
Транспорт
Нефтедобыча
Нефтеперераб…
Нефтепроводы
Газопроводы
Сельское хозя…
Непромышлен…
Государственн…
Население иприравненныегруппыпотребителей
Территориальн…
абс.
%
Прогноз на месяц 
Ноябрь
КПО/Отпуск из сети 
Отпуск из сети, млн. кВт.ч
Организация 
Все
Прогноз электропотребления и выручки за услуги по передаче в разрезе отраслей'

05-03-2025T10:32:34 - [MESSAGE][PASSED] - Text of object 'Object Repository/Прогноз по отраслям/Виджеты дашборда' is: 'Год 
2023 год
Сравнение с 
План/СУ
Отклонения по ПАО Россети на 2023 год
243.5 243.5
16 024.4 16 024.4
1 255.1 1 255.1
32 869.9 32 869.9
1 135.7 1 135.7
950.0 950.0
511.1 511.1
1 324.2 1 324.2
-5 962.8 -5 962.8
433.5 433.5
2 431.5 2 431.5
22 321.4 22 321.4
⬤ Отклонение, млн. кВт.ч
Интер РАО (для ФСК)
Промышленные потребители
Транспорт
Нефтедобыча
Нефтепереработка
Нефтепроводы
Газопроводы
Сельское хозяйство и пищевая про…
Непромышленные потребители
Государственные (муниципальные…
Население и приравненные группы…
Территориальные сетевые организ…
Выручка отклонения по ПАО Россети на 2023 год
⬤ Отклонение, млн. руб
Интер РАО (для ФСК)
Промышленные потребители
Транспорт
Нефтедобыча
Нефтепереработка
Нефтепроводы
Газопроводы
Сельское хозяйство и пищевая про…
Непромышленные потребители
Государственные (муниципальные…
Население и приравненные группы…
Территориальные сетевые организ…
Динамика электропотребления, млрд. кВт.ч., по ПАО Россети на 2023 год
10 10
181 181
36 36
15 15
9 9
14 14
4 4
16 16
86 86
19 19
79 79
586 586
10 10
197 197
37 37
48 48
10 10
15 15
4 4
18 18
80 80
19 19
82 82
608 608
СУ
Ожидаемое (прогноз до конца года)
Интер РАО(для ФСК)
Промышленныепотребители
Транспорт
Нефтедобыча
Нефтеперераб…
Нефтепроводы
Газопроводы
Сельское хозя…
Непромышлен…
Государственн…
Население иприравненныегруппыпотребителей
Территориальн…
Выручка, млрд. руб, по ПАО Россети на 2023 год
6 6
331 331
82 82
77 77
20 20
20 20
3 3
57 57
220 220
68 68
214 214
258 258
Ожидаемое (прогноз до конца года)
Интер РАО(для ФСК)
Промышленныепотребители
Транспорт
Нефтедобыча
Нефтеперераб…
Нефтепроводы
Газопроводы
Сельское хозя…
Непромышлен…
Государственн…
Население иприравненныегруппыпотребителей
Территориальн…
абс.
%
Прогноз на месяц 
Ноябрь
КПО/Отпуск из сети 
Отпуск из сети, млн. кВт.ч
Организация 
Все
Прогноз электропотребления и выручки за услуги по передаче в разрезе отраслей'

05-03-2025T10:32:34 - [TEST_STEP][PASSED] - b9 = b9.replaceAll("[^0-9]", ""): null

05-03-2025T10:32:34 - [TEST_STEP][PASSED] - println("b9:" + b9): null

05-03-2025T10:32:34 - [TEST_STEP][PASSED] - click(findTestObject("Прогноз по отраслям/Фильтр Сравнение с Стресс")): Object: 'Object Repository/Прогноз по отраслям/Фильтр Сравнение с Стресс' is clicked on

05-03-2025T10:32:34 - [MESSAGE][PASSED] - Object: 'Object Repository/Прогноз по отраслям/Фильтр Сравнение с Стресс' is clicked on

05-03-2025T10:32:34 - [TEST_STEP][PASSED] - click(findTestObject("Прогноз по отраслям/Факт прошлого года Стресс")): Object: 'Object Repository/Прогноз по отраслям/Факт прошлого года Стресс' is clicked on

05-03-2025T10:32:35 - [MESSAGE][PASSED] - Object: 'Object Repository/Прогноз по отраслям/Факт прошлого года Стресс' is clicked on

05-03-2025T10:32:35 - [TEST_STEP][PASSED] - click(findTestObject("Прогноз по отраслям/Фильтр КПО-Отпуск Стресс")): Object: 'Object Repository/Прогноз по отраслям/Фильтр КПО-Отпуск Стресс' is clicked on

05-03-2025T10:32:37 - [MESSAGE][PASSED] - Object: 'Object Repository/Прогноз по отраслям/Фильтр КПО-Отпуск Стресс' is clicked on

05-03-2025T10:32:37 - [TEST_STEP][PASSED] - click(findTestObject("Прогноз по отраслям/КПО Стресс")): Object: 'Object Repository/Прогноз по отраслям/КПО Стресс' is clicked on

05-03-2025T10:32:38 - [MESSAGE][PASSED] - Object: 'Object Repository/Прогноз по отраслям/КПО Стресс' is clicked on

05-03-2025T10:32:38 - [TEST_STEP][PASSED] - delay(40): Delayed 40 second(s)

05-03-2025T10:33:18 - [MESSAGE][PASSED] - Delayed 40 second(s)

05-03-2025T10:33:18 - [TEST_STEP][PASSED] - b10 = getText(findTestObject("Прогноз по отраслям/Виджеты дашборда")): Text of object 'Object Repository/Прогноз по отраслям/Виджеты дашборда' is: 'Год 
2023 год
Сравнение с 
Факт прошлого года
Отклонения по ПАО Россети на 2023 год
0.0 0.0
646.5 646.5
341.1 341.1
-2 455.6 -2 455.6
245.6 245.6
-1 796.0 -1 796.0
676.2 676.2
452.4 452.4
1 386.2 1 386.2
527.5 527.5
-1 130.4 -1 130.4
-128.7 -128.7
⬤ Отклонение, млн. кВт.ч
Интер РАО (для ФСК)
Промышленные потребители
Транспорт
Нефтедобыча
Нефтепереработка
Нефтепроводы
Газопроводы
Сельское хозяйство и пищевая про…
Непромышленные потребители
Государственные (муниципальные…
Население и приравненные группы…
Территориальные сетевые организ…
Выручка отклонения по ПАО Россети на 2023 год
421.3 421.3
45 574.9 45 574.9
9 547.5 9 547.5
4 889.3 4 889.3
2 337.4 2 337.4
-1 682.6 -1 682.6
2 919.4 2 919.4
7 110.2 7 110.2
19 840.8 19 840.8
7 289.5 7 289.5
23 664.8 23 664.8
31 028.3 31 028.3
⬤ Отклонение, млн. руб
Интер РАО (для ФСК)
Промышленные потребители
Транспорт
Нефтедобыча
Нефтепереработка
Нефтепроводы
Газопроводы
Сельское хозяйство и пищевая про…
Непромышленные потребители
Государственные (муниципальные…
Население и приравненные группы…
Территориальные сетевые организ…
Динамика электропотребления, млрд. кВт.ч., по ПАО Россети на 2023 год
0 0
120 120
38 38
41 41
8 8
10 10
0 0
19 19
77 77
25 25
122 122
61 61
0 0
120 120
39 39
39 39
8 8
8 8
1 1
20 20
78 78
26 26
121 121
60 60
Факт прошлого года
Ожидаемое (прогноз до конца года)
Интер РАО(для ФСК)
Промышленныепотребители
Транспорт
Нефтедобыча
Нефтеперераб…
Нефтепроводы
Газопроводы
Сельское хозя…
Непромышлен…
Государственн…
Население иприравненныегруппыпотребителей
Территориальн…
Выручка, млрд. руб, по ПАО Россети на 2023 год
5 5
285 285
72 72
72 72
18 18
22 22
0 0
50 50
201 201
61 61
190 190
227 227
6 6
331 331
82 82
77 77
20 20
20 20
3 3
57 57
220 220
68 68
214 214
258 258
Факт прошлого года
Ожидаемое (прогноз до конца года)
Интер РАО(для ФСК)
Промышленныепотребители
Транспорт
Нефтедобыча
Нефтеперераб…
Нефтепроводы
Газопроводы
Сельское хозя…
Непромышлен…
Государственн…
Население иприравненныегруппыпотребителей
Территориальн…
абс.
%
Прогноз на месяц 
Ноябрь
КПО/Отпуск из сети 
Котловой полезный отпуск, млн. кВт.ч
Организация 
Все
Прогноз электропотребления и выручки за услуги по передаче в разрезе отраслей'

05-03-2025T10:33:19 - [MESSAGE][PASSED] - Text of object 'Object Repository/Прогноз по отраслям/Виджеты дашборда' is: 'Год 
2023 год
Сравнение с 
Факт прошлого года
Отклонения по ПАО Россети на 2023 год
0.0 0.0
646.5 646.5
341.1 341.1
-2 455.6 -2 455.6
245.6 245.6
-1 796.0 -1 796.0
676.2 676.2
452.4 452.4
1 386.2 1 386.2
527.5 527.5
-1 130.4 -1 130.4
-128.7 -128.7
⬤ Отклонение, млн. кВт.ч
Интер РАО (для ФСК)
Промышленные потребители
Транспорт
Нефтедобыча
Нефтепереработка
Нефтепроводы
Газопроводы
Сельское хозяйство и пищевая про…
Непромышленные потребители
Государственные (муниципальные…
Население и приравненные группы…
Территориальные сетевые организ…
Выручка отклонения по ПАО Россети на 2023 год
421.3 421.3
45 574.9 45 574.9
9 547.5 9 547.5
4 889.3 4 889.3
2 337.4 2 337.4
-1 682.6 -1 682.6
2 919.4 2 919.4
7 110.2 7 110.2
19 840.8 19 840.8
7 289.5 7 289.5
23 664.8 23 664.8
31 028.3 31 028.3
⬤ Отклонение, млн. руб
Интер РАО (для ФСК)
Промышленные потребители
Транспорт
Нефтедобыча
Нефтепереработка
Нефтепроводы
Газопроводы
Сельское хозяйство и пищевая про…
Непромышленные потребители
Государственные (муниципальные…
Население и приравненные группы…
Территориальные сетевые организ…
Динамика электропотребления, млрд. кВт.ч., по ПАО Россети на 2023 год
0 0
120 120
38 38
41 41
8 8
10 10
0 0
19 19
77 77
25 25
122 122
61 61
0 0
120 120
39 39
39 39
8 8
8 8
1 1
20 20
78 78
26 26
121 121
60 60
Факт прошлого года
Ожидаемое (прогноз до конца года)
Интер РАО(для ФСК)
Промышленныепотребители
Транспорт
Нефтедобыча
Нефтеперераб…
Нефтепроводы
Газопроводы
Сельское хозя…
Непромышлен…
Государственн…
Население иприравненныегруппыпотребителей
Территориальн…
Выручка, млрд. руб, по ПАО Россети на 2023 год
5 5
285 285
72 72
72 72
18 18
22 22
0 0
50 50
201 201
61 61
190 190
227 227
6 6
331 331
82 82
77 77
20 20
20 20
3 3
57 57
220 220
68 68
214 214
258 258
Факт прошлого года
Ожидаемое (прогноз до конца года)
Интер РАО(для ФСК)
Промышленныепотребители
Транспорт
Нефтедобыча
Нефтеперераб…
Нефтепроводы
Газопроводы
Сельское хозя…
Непромышлен…
Государственн…
Население иприравненныегруппыпотребителей
Территориальн…
абс.
%
Прогноз на месяц 
Ноябрь
КПО/Отпуск из сети 
Котловой полезный отпуск, млн. кВт.ч
Организация 
Все
Прогноз электропотребления и выручки за услуги по передаче в разрезе отраслей'

05-03-2025T10:33:19 - [TEST_STEP][PASSED] - b10 = b10.replaceAll("[^0-9]", ""): null

05-03-2025T10:33:19 - [TEST_STEP][PASSED] - println("b10:" + b10): null

05-03-2025T10:33:19 - [TEST_STEP][PASSED] - click(findTestObject("Прогноз по отраслям/Фильтр Сравнение с Стресс")): Object: 'Object Repository/Прогноз по отраслям/Фильтр Сравнение с Стресс' is clicked on

05-03-2025T10:33:19 - [MESSAGE][PASSED] - Object: 'Object Repository/Прогноз по отраслям/Фильтр Сравнение с Стресс' is clicked on

05-03-2025T10:33:19 - [TEST_STEP][PASSED] - click(findTestObject("Прогноз по отраслям/План Стресс")): Object: 'Object Repository/Прогноз по отраслям/План Стресс' is clicked on

05-03-2025T10:33:20 - [MESSAGE][PASSED] - Object: 'Object Repository/Прогноз по отраслям/План Стресс' is clicked on

05-03-2025T10:33:20 - [TEST_STEP][PASSED] - delay(40): Delayed 40 second(s)

05-03-2025T10:34:00 - [MESSAGE][PASSED] - Delayed 40 second(s)

05-03-2025T10:34:00 - [TEST_STEP][PASSED] - b11 = getText(findTestObject("Прогноз по отраслям/Виджеты дашборда")): Text of object 'Object Repository/Прогноз по отраслям/Виджеты дашборда' is: 'Год 
2023 год
Сравнение с 
План
Отклонения по ПАО Россети на 2023 год
0.0 0.0
1 471.7 1 471.7
1 186.5 1 186.5
32 445.2 32 445.2
1 268.3 1 268.3
349.4 349.4
84.3 84.3
239.8 239.8
2 969.4 2 969.4
589.2 589.2
-1 798.4 -1 798.4
5 359.3 5 359.3
⬤ Отклонение, млн. кВт.ч
Интер РАО (для ФСК)
Промышленные потребители
Транспорт
Нефтедобыча
Нефтепереработка
Нефтепроводы
Газопроводы
Сельское хозяйство и пищевая про…
Непромышленные потребители
Государственные (муниципальные…
Население и приравненные группы…
Территориальные сетевые организ…
Выручка отклонения по ПАО Россети на 2023 год
794.9 794.9
12 195.0 12 195.0
972.7 972.7
61 803.9 61 803.9
4 222.3 4 222.3
-121.8 -121.8
666.2 666.2
873.2 873.2
5 809.6 5 809.6
1 342.6 1 342.6
-4 463.2 -4 463.2
18 375.5 18 375.5
⬤ Отклонение, млн. руб
Интер РАО (для ФСК)
Промышленные потребители
Транспорт
Нефтедобыча
Нефтепереработка
Нефтепроводы
Газопроводы
Сельское хозяйство и пищевая про…
Непромышленные потребители
Государственные (муниципальные…
Население и приравненные группы…
Территориальные сетевые организ…
Динамика электропотребления, млрд. кВт.ч., по ПАО Россети на 2023 год
0 0
119 119
37 37
7 7
7 7
8 8
1 1
19 19
75 75
25 25
123 123
55 55
0 0
120 120
39 39
39 39
8 8
8 8
1 1
20 20
78 78
26 26
121 121
60 60
План
Ожидаемое (прогноз до конца года)
Интер РАО(для ФСК)
Промышленныепотребители
Транспорт
Нефтедобыча
Нефтеперераб…
Нефтепроводы
Газопроводы
Сельское хозя…
Непромышлен…
Государственн…
Население иприравненныегруппыпотребителей
Территориальн…
Выручка, млрд. руб, по ПАО Россети на 2023 год
5 5
319 319
81 81
16 16
16 16
20 20
2 2
56 56
215 215
67 67
218 218
239 239
6 6
331 331
82 82
77 77
20 20
20 20
3 3
57 57
220 220
68 68
214 214
258 258
План
Ожидаемое (прогноз до конца года)
Интер РАО(для ФСК)
Промышленныепотребители
Транспорт
Нефтедобыча
Нефтеперераб…
Нефтепроводы
Газопроводы
Сельское хозя…
Непромышлен…
Государственн…
Население иприравненныегруппыпотребителей
Территориальн…
абс.
%
Прогноз на месяц 
Ноябрь
КПО/Отпуск из сети 
Котловой полезный отпуск, млн. кВт.ч
Организация 
Все
Прогноз электропотребления и выручки за услуги по передаче в разрезе отраслей'

05-03-2025T10:34:01 - [MESSAGE][PASSED] - Text of object 'Object Repository/Прогноз по отраслям/Виджеты дашборда' is: 'Год 
2023 год
Сравнение с 
План
Отклонения по ПАО Россети на 2023 год
0.0 0.0
1 471.7 1 471.7
1 186.5 1 186.5
32 445.2 32 445.2
1 268.3 1 268.3
349.4 349.4
84.3 84.3
239.8 239.8
2 969.4 2 969.4
589.2 589.2
-1 798.4 -1 798.4
5 359.3 5 359.3
⬤ Отклонение, млн. кВт.ч
Интер РАО (для ФСК)
Промышленные потребители
Транспорт
Нефтедобыча
Нефтепереработка
Нефтепроводы
Газопроводы
Сельское хозяйство и пищевая про…
Непромышленные потребители
Государственные (муниципальные…
Население и приравненные группы…
Территориальные сетевые организ…
Выручка отклонения по ПАО Россети на 2023 год
794.9 794.9
12 195.0 12 195.0
972.7 972.7
61 803.9 61 803.9
4 222.3 4 222.3
-121.8 -121.8
666.2 666.2
873.2 873.2
5 809.6 5 809.6
1 342.6 1 342.6
-4 463.2 -4 463.2
18 375.5 18 375.5
⬤ Отклонение, млн. руб
Интер РАО (для ФСК)
Промышленные потребители
Транспорт
Нефтедобыча
Нефтепереработка
Нефтепроводы
Газопроводы
Сельское хозяйство и пищевая про…
Непромышленные потребители
Государственные (муниципальные…
Население и приравненные группы…
Территориальные сетевые организ…
Динамика электропотребления, млрд. кВт.ч., по ПАО Россети на 2023 год
0 0
119 119
37 37
7 7
7 7
8 8
1 1
19 19
75 75
25 25
123 123
55 55
0 0
120 120
39 39
39 39
8 8
8 8
1 1
20 20
78 78
26 26
121 121
60 60
План
Ожидаемое (прогноз до конца года)
Интер РАО(для ФСК)
Промышленныепотребители
Транспорт
Нефтедобыча
Нефтеперераб…
Нефтепроводы
Газопроводы
Сельское хозя…
Непромышлен…
Государственн…
Население иприравненныегруппыпотребителей
Территориальн…
Выручка, млрд. руб, по ПАО Россети на 2023 год
5 5
319 319
81 81
16 16
16 16
20 20
2 2
56 56
215 215
67 67
218 218
239 239
6 6
331 331
82 82
77 77
20 20
20 20
3 3
57 57
220 220
68 68
214 214
258 258
План
Ожидаемое (прогноз до конца года)
Интер РАО(для ФСК)
Промышленныепотребители
Транспорт
Нефтедобыча
Нефтеперераб…
Нефтепроводы
Газопроводы
Сельское хозя…
Непромышлен…
Государственн…
Население иприравненныегруппыпотребителей
Территориальн…
абс.
%
Прогноз на месяц 
Ноябрь
КПО/Отпуск из сети 
Котловой полезный отпуск, млн. кВт.ч
Организация 
Все
Прогноз электропотребления и выручки за услуги по передаче в разрезе отраслей'

05-03-2025T10:34:01 - [TEST_STEP][PASSED] - println("b11:" + b11): null

05-03-2025T10:34:01 - [TEST_STEP][PASSED] - b11 = b11.replaceAll("[^0-9]", ""): null

05-03-2025T10:34:01 - [TEST_STEP][PASSED] - println("b11:" + b11): null

05-03-2025T10:34:01 - [TEST_STEP][PASSED] - click(findTestObject("Прогноз по отраслям/Фильтр Сравнение с Стресс")): Object: 'Object Repository/Прогноз по отраслям/Фильтр Сравнение с Стресс' is clicked on

05-03-2025T10:34:01 - [MESSAGE][PASSED] - Object: 'Object Repository/Прогноз по отраслям/Фильтр Сравнение с Стресс' is clicked on

05-03-2025T10:34:01 - [TEST_STEP][PASSED] - click(findTestObject("Прогноз по отраслям/План СУ Стресс")): Object: 'Object Repository/Прогноз по отраслям/План СУ Стресс' is clicked on

05-03-2025T10:34:03 - [MESSAGE][PASSED] - Object: 'Object Repository/Прогноз по отраслям/План СУ Стресс' is clicked on

05-03-2025T10:34:03 - [TEST_STEP][PASSED] - delay(40): Delayed 40 second(s)

05-03-2025T10:34:43 - [MESSAGE][PASSED] - Delayed 40 second(s)

05-03-2025T10:34:43 - [TEST_STEP][PASSED] - b12 = getText(findTestObject("Прогноз по отраслям/Виджеты дашборда")): Text of object 'Object Repository/Прогноз по отраслям/Виджеты дашборда' is: 'Год 
2023 год
Сравнение с 
План/СУ
Отклонения по ПАО Россети на 2023 год
0.0 0.0
120 322.6 120 322.6
38 655.4 38 655.4
39 037.8 39 037.8
8 291.7 8 291.7
8 259.5 8 259.5
793.1 793.1
19 706.6 19 706.6
78 310.2 78 310.2
25 579.5 25 579.5
121 219.7 121 219.7
60 414.9 60 414.9
⬤ Отклонение, млн. кВт.ч
Интер РАО (для ФСК)
Промышленные потребители
Транспорт
Нефтедобыча
Нефтепереработка
Нефтепроводы
Газопроводы
Сельское хозяйство и пищевая про…
Непромышленные потребители
Государственные (муниципальные…
Население и приравненные группы…
Территориальные сетевые организ…
Выручка отклонения по ПАО Россети на 2023 год
⬤ Отклонение, млн. руб
Интер РАО (для ФСК)
Промышленные потребители
Транспорт
Нефтедобыча
Нефтепереработка
Нефтепроводы
Газопроводы
Сельское хозяйство и пищевая про…
Непромышленные потребители
Государственные (муниципальные…
Население и приравненные группы…
Территориальные сетевые организ…
Динамика электропотребления, млрд. кВт.ч., по ПАО Россети на 2023 год
0 0
0 0
0 0
0 0
0 0
0 0
0 0
0 0
0 0
0 0
0 0
0 0
0 0
120 120
39 39
39 39
8 8
8 8
1 1
20 20
78 78
26 26
121 121
60 60
СУ
Ожидаемое (прогноз до конца года)
Интер РАО(для ФСК)
Промышленныепотребители
Транспорт
Нефтедобыча
Нефтеперераб…
Нефтепроводы
Газопроводы
Сельское хозя…
Непромышлен…
Государственн…
Население иприравненныегруппыпотребителей
Территориальн…
Выручка, млрд. руб, по ПАО Россети на 2023 год
6 6
331 331
82 82
77 77
20 20
20 20
3 3
57 57
220 220
68 68
214 214
258 258
Ожидаемое (прогноз до конца года)
Интер РАО(для ФСК)
Промышленныепотребители
Транспорт
Нефтедобыча
Нефтеперераб…
Нефтепроводы
Газопроводы
Сельское хозя…
Непромышлен…
Государственн…
Население иприравненныегруппыпотребителей
Территориальн…
абс.
%
Прогноз на месяц 
Ноябрь
КПО/Отпуск из сети 
Котловой полезный отпуск, млн. кВт.ч
Организация 
Все
Прогноз электропотребления и выручки за услуги по передаче в разрезе отраслей'

05-03-2025T10:34:43 - [MESSAGE][PASSED] - Text of object 'Object Repository/Прогноз по отраслям/Виджеты дашборда' is: 'Год 
2023 год
Сравнение с 
План/СУ
Отклонения по ПАО Россети на 2023 год
0.0 0.0
120 322.6 120 322.6
38 655.4 38 655.4
39 037.8 39 037.8
8 291.7 8 291.7
8 259.5 8 259.5
793.1 793.1
19 706.6 19 706.6
78 310.2 78 310.2
25 579.5 25 579.5
121 219.7 121 219.7
60 414.9 60 414.9
⬤ Отклонение, млн. кВт.ч
Интер РАО (для ФСК)
Промышленные потребители
Транспорт
Нефтедобыча
Нефтепереработка
Нефтепроводы
Газопроводы
Сельское хозяйство и пищевая про…
Непромышленные потребители
Государственные (муниципальные…
Население и приравненные группы…
Территориальные сетевые организ…
Выручка отклонения по ПАО Россети на 2023 год
⬤ Отклонение, млн. руб
Интер РАО (для ФСК)
Промышленные потребители
Транспорт
Нефтедобыча
Нефтепереработка
Нефтепроводы
Газопроводы
Сельское хозяйство и пищевая про…
Непромышленные потребители
Государственные (муниципальные…
Население и приравненные группы…
Территориальные сетевые организ…
Динамика электропотребления, млрд. кВт.ч., по ПАО Россети на 2023 год
0 0
0 0
0 0
0 0
0 0
0 0
0 0
0 0
0 0
0 0
0 0
0 0
0 0
120 120
39 39
39 39
8 8
8 8
1 1
20 20
78 78
26 26
121 121
60 60
СУ
Ожидаемое (прогноз до конца года)
Интер РАО(для ФСК)
Промышленныепотребители
Транспорт
Нефтедобыча
Нефтеперераб…
Нефтепроводы
Газопроводы
Сельское хозя…
Непромышлен…
Государственн…
Население иприравненныегруппыпотребителей
Территориальн…
Выручка, млрд. руб, по ПАО Россети на 2023 год
6 6
331 331
82 82
77 77
20 20
20 20
3 3
57 57
220 220
68 68
214 214
258 258
Ожидаемое (прогноз до конца года)
Интер РАО(для ФСК)
Промышленныепотребители
Транспорт
Нефтедобыча
Нефтеперераб…
Нефтепроводы
Газопроводы
Сельское хозя…
Непромышлен…
Государственн…
Население иприравненныегруппыпотребителей
Территориальн…
абс.
%
Прогноз на месяц 
Ноябрь
КПО/Отпуск из сети 
Котловой полезный отпуск, млн. кВт.ч
Организация 
Все
Прогноз электропотребления и выручки за услуги по передаче в разрезе отраслей'

05-03-2025T10:34:43 - [TEST_STEP][PASSED] - b12 = b12.replaceAll("[^0-9]", ""): null

05-03-2025T10:34:43 - [TEST_STEP][PASSED] - println("b12:" + b12): null

05-03-2025T10:34:43 - [TEST_STEP][PASSED] - if (verifyEqual(a1, b1) == true): Actual object '20232023121218618636365050101019190017178585191982826046041010197197373748481010151544181880801919828260860820235528528572727272181822220050502012016161190190227227663313318282777720202020335757220220686821421425825820231851855959363639390909207207331323313238385656131309090707202377771601601321326767133133777713315133151421429999120120124124137137' and expected object '20232023121218618636365050101019190017178585191982826046041010197197373748481010151544181880801919828260860820235528528572727272181822220050502012016161190190227227663313318282777720202020335757220220686821421425825820231851855959363639390909207207331323313238385656131309090707202377771601601321326767133133777713315133151421429999120120124124137137' are equal

05-03-2025T10:34:43 - [MESSAGE][PASSED] - Actual object '20232023121218618636365050101019190017178585191982826046041010197197373748481010151544181880801919828260860820235528528572727272181822220050502012016161190190227227663313318282777720202020335757220220686821421425825820231851855959363639390909207207331323313238385656131309090707202377771601601321326767133133777713315133151421429999120120124124137137' and expected object '20232023121218618636365050101019190017178585191982826046041010197197373748481010151544181880801919828260860820235528528572727272181822220050502012016161190190227227663313318282777720202020335757220220686821421425825820231851855959363639390909207207331323313238385656131309090707202377771601601321326767133133777713315133151421429999120120124124137137' are equal

05-03-2025T10:34:43 - [TEST_STEP][PASSED] - if (verifyEqual(a2, b2) == true): Actual object '202320231010190190363614149914144417178080191982825885881010197197373748481010151544181880801919828260860820235531931981811616161620202256562152156767218218239239663313318282777720202020335757220220686821421425825820234747383819192303230310910942422172173939060616161010333320231561563838121239823982269269060626926915152727202020207979' and expected object '202320231010190190363614149914144417178080191982825885881010197197373748481010151544181880801919828260860820235531931981811616161620202256562152156767218218239239663313318282777720202020335757220220686821421425825820234747383819192303230310910942422172173939060616161010333320231561563838121239823982269269060626926915152727202020207979' are equal

05-03-2025T10:34:43 - [MESSAGE][PASSED] - Actual object '202320231010190190363614149914144417178080191982825885881010197197373748481010151544181880801919828260860820235531931981811616161620202256562152156767218218239239663313318282777720202020335757220220686821421425825820234747383819192303230310910942422172173939060616161010333320231561563838121239823982269269060626926915152727202020207979' and expected object '202320231010190190363614149914144417178080191982825885881010197197373748481010151544181880801919828260860820235531931981811616161620202256562152156767218218239239663313318282777720202020335757220220686821421425825820234747383819192303230310910942422172173939060616161010333320231561563838121239823982269269060626926915152727202020207979' are equal

05-03-2025T10:34:43 - [TEST_STEP][PASSED] - if (verifyEqual(a3, b3) == true): Actual object '2023202310101811813636151599141444161686861919797958658610101971973737484810101515441818808019198282608608202366331331828277772020202033575722022068682142142582582023252589893535221422141281286969135135818169692323313138382023' and expected object '2023202310101811813636151599141444161686861919797958658610101971973737484810101515441818808019198282608608202366331331828277772020202033575722022068682142142582582023252589893535221422141281286969135135818169692323313138382023' are equal

05-03-2025T10:34:43 - [MESSAGE][PASSED] - Actual object '2023202310101811813636151599141444161686861919797958658610101971973737484810101515441818808019198282608608202366331331828277772020202033575722022068682142142582582023252589893535221422141281286969135135818169692323313138382023' and expected object '2023202310101811813636151599141444161686861919797958658610101971973737484810101515441818808019198282608608202366331331828277772020202033575722022068682142142582582023252589893535221422141281286969135135818169692323313138382023' are equal

05-03-2025T10:34:43 - [TEST_STEP][PASSED] - if (verifyEqual(a4, b4) == true): Actual object '20232023001201203838414188101000191977772525122122616100120120393939398888112020787826261211216060202355285285727272721818222200505020120161611901902272276633133182827777202020203357572202206868214214258258202305050909595931311791795784578423231818212109090202202377771601601321326767133133777713315133151421429999120120124124137137' and expected object '20232023001201203838414188101000191977772525122122616100120120393939398888112020787826261211216060202355285285727272721818222200505020120161611901902272276633133182827777202020203357572202206868214214258258202305050909595931311791795784578423231818212109090202202377771601601321326767133133777713315133151421429999120120124124137137' are equal

05-03-2025T10:34:43 - [MESSAGE][PASSED] - Actual object '20232023001201203838414188101000191977772525122122616100120120393939398888112020787826261211216060202355285285727272721818222200505020120161611901902272276633133182827777202020203357572202206868214214258258202305050909595931311791795784578423231818212109090202202377771601601321326767133133777713315133151421429999120120124124137137' and expected object '20232023001201203838414188101000191977772525122122616100120120393939398888112020787826261211216060202355285285727272721818222200505020120161611901902272276633133182827777202020203357572202206868214214258258202305050909595931311791795784578423231818212109090202202377771601601321326767133133777713315133151421429999120120124124137137' are equal

05-03-2025T10:34:43 - [TEST_STEP][PASSED] - if (verifyEqual(a5, b5) == true): Actual object '20232023001191193737777788111919757525251231235555001201203939393988881120207878262612112160602023553193198181161616162020225656215215676721821823923966331331828277772020202033575722022068682142142582582023121232324921492118118144441191191212414124241414979720231561563838121239823982269269060626926915152727202020207979' and expected object '20232023001191193737777788111919757525251231235555001201203939393988881120207878262612112160602023553193198181161616162020225656215215676721821823923966331331828277772020202033575722022068682142142582582023121232324921492118118144441191191212414124241414979720231561563838121239823982269269060626926915152727202020207979' are equal

05-03-2025T10:34:43 - [MESSAGE][PASSED] - Actual object '20232023001191193737777788111919757525251231235555001201203939393988881120207878262612112160602023553193198181161616162020225656215215676721821823923966331331828277772020202033575722022068682142142582582023121232324921492118118144441191191212414124241414979720231561563838121239823982269269060626926915152727202020207979' and expected object '20232023001191193737777788111919757525251231235555001201203939393988881120207878262612112160602023553193198181161616162020225656215215676721821823923966331331828277772020202033575722022068682142142582582023121232324921492118118144441191191212414124241414979720231561563838121239823982269269060626926915152727202020207979' are equal

05-03-2025T10:34:43 - [TEST_STEP][PASSED] - if (verifyEqual(a6, b6) == true): Actual object '20232023000000000000000000000000001201203939393988881120207878262612112160602023663313318282777720202020335757220220686821421425825820232023' and expected object '20232023000000000000000000000000001201203939393988881120207878262612112160602023663313318282777720202020335757220220686821421425825820232023' are equal

05-03-2025T10:34:43 - [MESSAGE][PASSED] - Actual object '20232023000000000000000000000000001201203939393988881120207878262612112160602023663313318282777720202020335757220220686821421425825820232023' and expected object '20232023000000000000000000000000001201203939393988881120207878262612112160602023663313318282777720202020335757220220686821421425825820232023' are equal

05-03-2025T10:34:43 - [TEST_STEP][PASSED] - if (verifyEqual(a7, b7) == true): Actual object '202320232263522635110546110546128021280219475194759099093845038450416214162165176517472774727725652565723972394292342923202342134213455749455749954759547548893488932337423374168261682629194291947110271102198408198408728957289523664823664831028331028320231212186186363650501010191900171785851919828260460410101971973737484810101515441818808019198282608608202355285285727272721818222200505020120161611901902272276633133182827777202020203357572202206868214214258258' and expected object '202320232263522635110546110546128021280219475194759099093845038450416214162165176517472774727725652565723972394292342923202342134213455749455749954759547548893488932337423374168261682629194291947110271102198408198408728957289523664823664831028331028320231212186186363650501010191900171785851919828260460410101971973737484810101515441818808019198282608608202355285285727272721818222200505020120161611901902272276633133182827777202020203357572202206868214214258258' are equal

05-03-2025T10:34:43 - [MESSAGE][PASSED] - Actual object '202320232263522635110546110546128021280219475194759099093845038450416214162165176517472774727725652565723972394292342923202342134213455749455749954759547548893488932337423374168261682629194291947110271102198408198408728957289523664823664831028331028320231212186186363650501010191900171785851919828260460410101971973737484810101515441818808019198282608608202355285285727272721818222200505020120161611901902272276633133182827777202020203357572202206868214214258258' and expected object '202320232263522635110546110546128021280219475194759099093845038450416214162165176517472774727725652565723972394292342923202342134213455749455749954759547548893488932337423374168261682629194291947110271102198408198408728957289523664823664831028331028320231212186186363650501010191900171785851919828260460410101971973737484810101515441818808019198282608608202355285285727272721818222200505020120161611901902272276633133182827777202020203357572202206868214214258258' are equal

05-03-2025T10:34:43 - [TEST_STEP][PASSED] - if (verifyEqual(a8, b8) == true): Actual object '202320234922492271651716516893689333271733271798649864593859387640764067046704592459243088308894099409196041196041202379497949121950121950972797276180396180394222342223121812186662666287328732580965809613426134264463244632183755183755202310101901903636141499141444171780801919828258858810101971973737484810101515441818808019198282608608202355319319818116161616202022565621521567672182182392396633133182827777202020203357572202206868214214258258' and expected object '202320234922492271651716516893689333271733271798649864593859387640764067046704592459243088308894099409196041196041202379497949121950121950972797276180396180394222342223121812186662666287328732580965809613426134264463244632183755183755202310101901903636141499141444171780801919828258858810101971973737484810101515441818808019198282608608202355319319818116161616202022565621521567672182182392396633133182827777202020203357572202206868214214258258' are equal

05-03-2025T10:34:43 - [MESSAGE][PASSED] - Actual object '202320234922492271651716516893689333271733271798649864593859387640764067046704592459243088308894099409196041196041202379497949121950121950972797276180396180394222342223121812186662666287328732580965809613426134264463244632183755183755202310101901903636141499141444171780801919828258858810101971973737484810101515441818808019198282608608202355319319818116161616202022565621521567672182182392396633133182827777202020203357572202206868214214258258' and expected object '202320234922492271651716516893689333271733271798649864593859387640764067046704592459243088308894099409196041196041202379497949121950121950972797276180396180394222342223121812186662666287328732580965809613426134264463244632183755183755202310101901903636141499141444171780801919828258858810101971973737484810101515441818808019198282608608202355319319818116161616202022565621521567672182182392396633133182827777202020203357572202206868214214258258' are equal

05-03-2025T10:34:43 - [TEST_STEP][PASSED] - if (verifyEqual(a9, b9) == true): Actual object '202320232435243516024416024412551125513286993286991135711357950095005111511113242132425962859628433543352431524315223214223214202320231010181181363615159914144416168686191979795865861010197197373748481010151544181880801919828260860820236633133182827777202020203357572202206868214214258258' and expected object '202320232435243516024416024412551125513286993286991135711357950095005111511113242132425962859628433543352431524315223214223214202320231010181181363615159914144416168686191979795865861010197197373748481010151544181880801919828260860820236633133182827777202020203357572202206868214214258258' are equal

05-03-2025T10:34:43 - [MESSAGE][PASSED] - Actual object '202320232435243516024416024412551125513286993286991135711357950095005111511113242132425962859628433543352431524315223214223214202320231010181181363615159914144416168686191979795865861010197197373748481010151544181880801919828260860820236633133182827777202020203357572202206868214214258258' and expected object '202320232435243516024416024412551125513286993286991135711357950095005111511113242132425962859628433543352431524315223214223214202320231010181181363615159914144416168686191979795865861010197197373748481010151544181880801919828260860820236633133182827777202020203357572202206868214214258258' are equal

05-03-2025T10:34:43 - [TEST_STEP][PASSED] - if (verifyEqual(a10, b10) == true): Actual object '20232023000064656465341134112455624556245624561796017960676267624524452413862138625275527511304113041287128720234213421345574945574995475954754889348893233742337416826168262919429194711027110219840819840872895728952366482366483102833102832023001201203838414188101000191977772525122122616100120120393939398888112020787826261211216060202355285285727272721818222200505020120161611901902272276633133182827777202020203357572202206868214214258258' and expected object '20232023000064656465341134112455624556245624561796017960676267624524452413862138625275527511304113041287128720234213421345574945574995475954754889348893233742337416826168262919429194711027110219840819840872895728952366482366483102833102832023001201203838414188101000191977772525122122616100120120393939398888112020787826261211216060202355285285727272721818222200505020120161611901902272276633133182827777202020203357572202206868214214258258' are equal

05-03-2025T10:34:43 - [MESSAGE][PASSED] - Actual object '20232023000064656465341134112455624556245624561796017960676267624524452413862138625275527511304113041287128720234213421345574945574995475954754889348893233742337416826168262919429194711027110219840819840872895728952366482366483102833102832023001201203838414188101000191977772525122122616100120120393939398888112020787826261211216060202355285285727272721818222200505020120161611901902272276633133182827777202020203357572202206868214214258258' and expected object '20232023000064656465341134112455624556245624561796017960676267624524452413862138625275527511304113041287128720234213421345574945574995475954754889348893233742337416826168262919429194711027110219840819840872895728952366482366483102833102832023001201203838414188101000191977772525122122616100120120393939398888112020787826261211216060202355285285727272721818222200505020120161611901902272276633133182827777202020203357572202206868214214258258' are equal

05-03-2025T10:34:43 - [TEST_STEP][PASSED] - if (verifyEqual(a11, b11) == true): Actual object '202320230000147171471711865118653244523244521268312683349434948438432398239829694296945892589217984179845359353593202379497949121950121950972797276180396180394222342223121812186662666287328732580965809613426134264463244632183755183755202300119119373777778811191975752525123123555500120120393939398888112020787826261211216060202355319319818116161616202022565621521567672182182392396633133182827777202020203357572202206868214214258258' and expected object '202320230000147171471711865118653244523244521268312683349434948438432398239829694296945892589217984179845359353593202379497949121950121950972797276180396180394222342223121812186662666287328732580965809613426134264463244632183755183755202300119119373777778811191975752525123123555500120120393939398888112020787826261211216060202355319319818116161616202022565621521567672182182392396633133182827777202020203357572202206868214214258258' are equal

05-03-2025T10:34:43 - [MESSAGE][PASSED] - Actual object '202320230000147171471711865118653244523244521268312683349434948438432398239829694296945892589217984179845359353593202379497949121950121950972797276180396180394222342223121812186662666287328732580965809613426134264463244632183755183755202300119119373777778811191975752525123123555500120120393939398888112020787826261211216060202355319319818116161616202022565621521567672182182392396633133182827777202020203357572202206868214214258258' and expected object '202320230000147171471711865118653244523244521268312683349434948438432398239829694296945892589217984179845359353593202379497949121950121950972797276180396180394222342223121812186662666287328732580965809613426134264463244632183755183755202300119119373777778811191975752525123123555500120120393939398888112020787826261211216060202355319319818116161616202022565621521567672182182392396633133182827777202020203357572202206868214214258258' are equal

05-03-2025T10:34:43 - [TEST_STEP][PASSED] - if (verifyEqual(a12, b12) == true): Actual object '20232023000012032261203226386554386554390378390378829178291782595825957931793119706619706678310278310225579525579512121971212197604149604149202320230000000000000000000000000012012039393939888811202078782626121121606020236633133182827777202020203357572202206868214214258258' and expected object '20232023000012032261203226386554386554390378390378829178291782595825957931793119706619706678310278310225579525579512121971212197604149604149202320230000000000000000000000000012012039393939888811202078782626121121606020236633133182827777202020203357572202206868214214258258' are equal

05-03-2025T10:34:43 - [MESSAGE][PASSED] - Actual object '20232023000012032261203226386554386554390378390378829178291782595825957931793119706619706678310278310225579525579512121971212197604149604149202320230000000000000000000000000012012039393939888811202078782626121121606020236633133182827777202020203357572202206868214214258258' and expected object '20232023000012032261203226386554386554390378390378829178291782595825957931793119706619706678310278310225579525579512121971212197604149604149202320230000000000000000000000000012012039393939888811202078782626121121606020236633133182827777202020203357572202206868214214258258' are equal

05-03-2025T10:34:43 - [TEST_STEP][PASSED] - closeBrowser(): Browser is closed

05-03-2025T10:34:44 - [MESSAGE][PASSED] - Browser is closed]]></system-out>
         <system-err><![CDATA[]]></system-err>
      </testcase>
      <testcase name="Test Cases/Сверки дашбордов/Факторный анализ сверка дашбордов" time="192.248" classname="Test Cases/Сверки дашбордов/Факторный анализ сверка дашбордов" status="FAILED">
         <failure type="FAILED" message="Test Cases/Сверки дашбордов/Факторный анализ сверка дашбордов FAILED.&#xa;Reason:&#xa;com.kms.katalon.core.exception.StepFailedException: Unable to verify equal between actual object '701' and expected object '0' (Root cause: com.kms.katalon.core.exception.StepFailedException: Actual object '701' and expected object '0' are not equal&#xa;	at com.kms.katalon.core.keyword.builtin.VerifyEqualKeyword$_verifyEqual_closure1.doCall(VerifyEqualKeyword.groovy:58)&#xa;	at com.kms.katalon.core.keyword.builtin.VerifyEqualKeyword$_verifyEqual_closure1.call(VerifyEqualKeyword.groovy)&#xa;	at com.kms.katalon.core.keyword.internal.KeywordMain.runKeyword(KeywordMain.groovy:75)&#xa;	at com.kms.katalon.core.keyword.builtin.VerifyEqualKeyword.verifyEqual(VerifyEqualKeyword.groovy:63)&#xa;	at com.kms.katalon.core.keyword.builtin.VerifyEqualKeyword.execute(VerifyEqualKeyword.groovy:44)&#xa;	at com.kms.katalon.core.keyword.internal.KeywordExecutor.executeKeywordForPlatform(KeywordExecutor.groovy:74)&#xa;	at com.kms.katalon.core.keyword.BuiltinKeywords.verifyEqual(BuiltinKeywords.groovy:146)&#xa;	at jdk.internal.reflect.GeneratedMethodAccessor25.invoke(Unknown Source)&#xa;	at java.base/jdk.internal.reflect.DelegatingMethodAccessorImpl.invoke(DelegatingMethodAccessorImpl.java:43)&#xa;	at Факторный анализ сверка дашбордов.Compare(Факторный анализ сверка дашбордов:654)&#xa;	at Факторный анализ сверка дашбордов.Test(Факторный анализ сверка дашбордов:422)&#xa;	at Факторный анализ сверка дашбордов.run(Факторный анализ сверка дашбордов:44)&#xa;	at com.kms.katalon.core.main.ScriptEngine.run(ScriptEngine.java:194)&#xa;	at com.kms.katalon.core.main.ScriptEngine.runScriptAsRawText(ScriptEngine.java:119)&#xa;	at com.kms.katalon.core.main.TestCaseExecutor.runScript(TestCaseExecutor.java:448)&#xa;	at com.kms.katalon.core.main.TestCaseExecutor.doExecute(TestCaseExecutor.java:439)&#xa;	at com.kms.katalon.core.main.TestCaseExecutor.processExecutionPhase(TestCaseExecutor.java:418)&#xa;	at com.kms.katalon.core.main.TestCaseExecutor.accessMainPhase(TestCaseExecutor.java:410)&#xa;	at com.kms.katalon.core.main.TestCaseExecutor.execute(TestCaseExecutor.java:285)&#xa;	at com.kms.katalon.core.common.CommonExecutor.accessTestCaseMainPhase(CommonExecutor.java:65)&#xa;	at com.kms.katalon.core.main.TestSuiteExecutor.accessTestSuiteMainPhase(TestSuiteExecutor.java:150)&#xa;	at com.kms.katalon.core.main.TestSuiteExecutor.execute(TestSuiteExecutor.java:106)&#xa;	at com.kms.katalon.core.main.TestCaseMain.startTestSuite(TestCaseMain.java:180)&#xa;	at TempTestSuite1741155213601.run(TempTestSuite1741155213601.groovy:35)&#xa;	at java.base/jdk.internal.reflect.NativeMethodAccessorImpl.invoke0(Native Method)&#xa;	at java.base/jdk.internal.reflect.NativeMethodAccessorImpl.invoke(NativeMethodAccessorImpl.java:77)&#xa;	at java.base/jdk.internal.reflect.DelegatingMethodAccessorImpl.invoke(DelegatingMethodAccessorImpl.java:43)&#xa;)&#xa;	at com.kms.katalon.core.keyword.internal.KeywordMain.stepFailed(KeywordMain.groovy:39)&#xa;	at com.kms.katalon.core.keyword.internal.KeywordMain.stepFailed(KeywordMain.groovy)&#xa;	at com.kms.katalon.core.keyword.internal.KeywordMain.runKeyword(KeywordMain.groovy:77)&#xa;	at com.kms.katalon.core.keyword.builtin.VerifyEqualKeyword.verifyEqual(VerifyEqualKeyword.groovy:63)&#xa;	at com.kms.katalon.core.keyword.builtin.VerifyEqualKeyword.execute(VerifyEqualKeyword.groovy:44)&#xa;	at com.kms.katalon.core.keyword.internal.KeywordExecutor.executeKeywordForPlatform(KeywordExecutor.groovy:74)&#xa;	at com.kms.katalon.core.keyword.BuiltinKeywords.verifyEqual(BuiltinKeywords.groovy:146)&#xa;	at jdk.internal.reflect.GeneratedMethodAccessor25.invoke(Unknown Source)&#xa;	at java.base/jdk.internal.reflect.DelegatingMethodAccessorImpl.invoke(DelegatingMethodAccessorImpl.java:43)&#xa;	at Факторный анализ сверка дашбордов.Compare(Факторный анализ сверка дашбордов:654)&#xa;	at Факторный анализ сверка дашбордов.Test(Факторный анализ сверка дашбордов:422)&#xa;	at Факторный анализ сверка дашбордов.run(Факторный анализ сверка дашбордов:44)&#xa;	at com.kms.katalon.core.main.ScriptEngine.run(ScriptEngine.java:194)&#xa;	at com.kms.katalon.core.main.ScriptEngine.runScriptAsRawText(ScriptEngine.java:119)&#xa;	at com.kms.katalon.core.main.TestCaseExecutor.runScript(TestCaseExecutor.java:448)&#xa;	at com.kms.katalon.core.main.TestCaseExecutor.doExecute(TestCaseExecutor.java:439)&#xa;	at com.kms.katalon.core.main.TestCaseExecutor.processExecutionPhase(TestCaseExecutor.java:418)&#xa;	at com.kms.katalon.core.main.TestCaseExecutor.accessMainPhase(TestCaseExecutor.java:410)&#xa;	at com.kms.katalon.core.main.TestCaseExecutor.execute(TestCaseExecutor.java:285)&#xa;	at com.kms.katalon.core.common.CommonExecutor.accessTestCaseMainPhase(CommonExecutor.java:65)&#xa;	at com.kms.katalon.core.main.TestSuiteExecutor.accessTestSuiteMainPhase(TestSuiteExecutor.java:150)&#xa;	at com.kms.katalon.core.main.TestSuiteExecutor.execute(TestSuiteExecutor.java:106)&#xa;	at com.kms.katalon.core.main.TestCaseMain.startTestSuite(TestCaseMain.java:180)&#xa;	at TempTestSuite1741155213601.run(TempTestSuite1741155213601.groovy:35)&#xa;	at java.base/jdk.internal.reflect.NativeMethodAccessorImpl.invoke0(Native Method)&#xa;	at java.base/jdk.internal.reflect.NativeMethodAccessorImpl.invoke(NativeMethodAccessorImpl.java:77)&#xa;	at java.base/jdk.internal.reflect.DelegatingMethodAccessorImpl.invoke(DelegatingMethodAccessorImpl.java:43)&#xa;Caused by: com.kms.katalon.core.exception.StepFailedException: Actual object '701' and expected object '0' are not equal&#xa;	at com.kms.katalon.core.keyword.builtin.VerifyEqualKeyword$_verifyEqual_closure1.doCall(VerifyEqualKeyword.groovy:58)&#xa;	at com.kms.katalon.core.keyword.builtin.VerifyEqualKeyword$_verifyEqual_closure1.call(VerifyEqualKeyword.groovy)&#xa;	at com.kms.katalon.core.keyword.internal.KeywordMain.runKeyword(KeywordMain.groovy:75)&#xa;	... 24 more&#xa;"/>
         <system-out><![CDATA[05-03-2025T10:34:44 - [TEST_CASE][FAILED] - Test Cases/Сверки дашбордов/Факторный анализ сверка дашбордов: Test Cases/Сверки дашбордов/Факторный анализ сверка дашбордов FAILED.
Reason:
com.kms.katalon.core.exception.StepFailedException: Unable to verify equal between actual object '701' and expected object '0' (Root cause: com.kms.katalon.core.exception.StepFailedException: Actual object '701' and expected object '0' are not equal
	at com.kms.katalon.core.keyword.builtin.VerifyEqualKeyword$_verifyEqual_closure1.doCall(VerifyEqualKeyword.groovy:58)
	at com.kms.katalon.core.keyword.builtin.VerifyEqualKeyword$_verifyEqual_closure1.call(VerifyEqualKeyword.groovy)
	at com.kms.katalon.core.keyword.internal.KeywordMain.runKeyword(KeywordMain.groovy:75)
	at com.kms.katalon.core.keyword.builtin.VerifyEqualKeyword.verifyEqual(VerifyEqualKeyword.groovy:63)
	at com.kms.katalon.core.keyword.builtin.VerifyEqualKeyword.execute(VerifyEqualKeyword.groovy:44)
	at com.kms.katalon.core.keyword.internal.KeywordExecutor.executeKeywordForPlatform(KeywordExecutor.groovy:74)
	at com.kms.katalon.core.keyword.BuiltinKeywords.verifyEqual(BuiltinKeywords.groovy:146)
	at jdk.internal.reflect.GeneratedMethodAccessor25.invoke(Unknown Source)
	at java.base/jdk.internal.reflect.DelegatingMethodAccessorImpl.invoke(DelegatingMethodAccessorImpl.java:43)
	at Факторный анализ сверка дашбордов.Compare(Факторный анализ сверка дашбордов:654)
	at Факторный анализ сверка дашбордов.Test(Факторный анализ сверка дашбордов:422)
	at Факторный анализ сверка дашбордов.run(Факторный анализ сверка дашбордов:44)
	at com.kms.katalon.core.main.ScriptEngine.run(ScriptEngine.java:194)
	at com.kms.katalon.core.main.ScriptEngine.runScriptAsRawText(ScriptEngine.java:119)
	at com.kms.katalon.core.main.TestCaseExecutor.runScript(TestCaseExecutor.java:448)
	at com.kms.katalon.core.main.TestCaseExecutor.doExecute(TestCaseExecutor.java:439)
	at com.kms.katalon.core.main.TestCaseExecutor.processExecutionPhase(TestCaseExecutor.java:418)
	at com.kms.katalon.core.main.TestCaseExecutor.accessMainPhase(TestCaseExecutor.java:410)
	at com.kms.katalon.core.main.TestCaseExecutor.execute(TestCaseExecutor.java:285)
	at com.kms.katalon.core.common.CommonExecutor.accessTestCaseMainPhase(CommonExecutor.java:65)
	at com.kms.katalon.core.main.TestSuiteExecutor.accessTestSuiteMainPhase(TestSuiteExecutor.java:150)
	at com.kms.katalon.core.main.TestSuiteExecutor.execute(TestSuiteExecutor.java:106)
	at com.kms.katalon.core.main.TestCaseMain.startTestSuite(TestCaseMain.java:180)
	at TempTestSuite1741155213601.run(TempTestSuite1741155213601.groovy:35)
	at java.base/jdk.internal.reflect.NativeMethodAccessorImpl.invoke0(Native Method)
	at java.base/jdk.internal.reflect.NativeMethodAccessorImpl.invoke(NativeMethodAccessorImpl.java:77)
	at java.base/jdk.internal.reflect.DelegatingMethodAccessorImpl.invoke(DelegatingMethodAccessorImpl.java:43)
)
	at com.kms.katalon.core.keyword.internal.KeywordMain.stepFailed(KeywordMain.groovy:39)
	at com.kms.katalon.core.keyword.internal.KeywordMain.stepFailed(KeywordMain.groovy)
	at com.kms.katalon.core.keyword.internal.KeywordMain.runKeyword(KeywordMain.groovy:77)
	at com.kms.katalon.core.keyword.builtin.VerifyEqualKeyword.verifyEqual(VerifyEqualKeyword.groovy:63)
	at com.kms.katalon.core.keyword.builtin.VerifyEqualKeyword.execute(VerifyEqualKeyword.groovy:44)
	at com.kms.katalon.core.keyword.internal.KeywordExecutor.executeKeywordForPlatform(KeywordExecutor.groovy:74)
	at com.kms.katalon.core.keyword.BuiltinKeywords.verifyEqual(BuiltinKeywords.groovy:146)
	at jdk.internal.reflect.GeneratedMethodAccessor25.invoke(Unknown Source)
	at java.base/jdk.internal.reflect.DelegatingMethodAccessorImpl.invoke(DelegatingMethodAccessorImpl.java:43)
	at Факторный анализ сверка дашбордов.Compare(Факторный анализ сверка дашбордов:654)
	at Факторный анализ сверка дашбордов.Test(Факторный анализ сверка дашбордов:422)
	at Факторный анализ сверка дашбордов.run(Факторный анализ сверка дашбордов:44)
	at com.kms.katalon.core.main.ScriptEngine.run(ScriptEngine.java:194)
	at com.kms.katalon.core.main.ScriptEngine.runScriptAsRawText(ScriptEngine.java:119)
	at com.kms.katalon.core.main.TestCaseExecutor.runScript(TestCaseExecutor.java:448)
	at com.kms.katalon.core.main.TestCaseExecutor.doExecute(TestCaseExecutor.java:439)
	at com.kms.katalon.core.main.TestCaseExecutor.processExecutionPhase(TestCaseExecutor.java:418)
	at com.kms.katalon.core.main.TestCaseExecutor.accessMainPhase(TestCaseExecutor.java:410)
	at com.kms.katalon.core.main.TestCaseExecutor.execute(TestCaseExecutor.java:285)
	at com.kms.katalon.core.common.CommonExecutor.accessTestCaseMainPhase(CommonExecutor.java:65)
	at com.kms.katalon.core.main.TestSuiteExecutor.accessTestSuiteMainPhase(TestSuiteExecutor.java:150)
	at com.kms.katalon.core.main.TestSuiteExecutor.execute(TestSuiteExecutor.java:106)
	at com.kms.katalon.core.main.TestCaseMain.startTestSuite(TestCaseMain.java:180)
	at TempTestSuite1741155213601.run(TempTestSuite1741155213601.groovy:35)
	at java.base/jdk.internal.reflect.NativeMethodAccessorImpl.invoke0(Native Method)
	at java.base/jdk.internal.reflect.NativeMethodAccessorImpl.invoke(NativeMethodAccessorImpl.java:77)
	at java.base/jdk.internal.reflect.DelegatingMethodAccessorImpl.invoke(DelegatingMethodAccessorImpl.java:43)
Caused by: com.kms.katalon.core.exception.StepFailedException: Actual object '701' and expected object '0' are not equal
	at com.kms.katalon.core.keyword.builtin.VerifyEqualKeyword$_verifyEqual_closure1.doCall(VerifyEqualKeyword.groovy:58)
	at com.kms.katalon.core.keyword.builtin.VerifyEqualKeyword$_verifyEqual_closure1.call(VerifyEqualKeyword.groovy)
	at com.kms.katalon.core.keyword.internal.KeywordMain.runKeyword(KeywordMain.groovy:75)
	... 24 more


05-03-2025T10:34:44 - [TEST_STEP][PASSED] - date = new java.util.Date(): null

05-03-2025T10:34:44 - [TEST_STEP][PASSED] - todaysDate = date.format("dd.MM.yyyy"): null

05-03-2025T10:34:44 - [TEST_STEP][PASSED] - typeOfData = <not implemented yet for class: org.codehaus.groovy.ast.expr.EmptyExpression>: null

05-03-2025T10:34:44 - [TEST_STEP][PASSED] - otobrajeniyeDannyh = <not implemented yet for class: org.codehaus.groovy.ast.expr.EmptyExpression>: null

05-03-2025T10:34:44 - [TEST_STEP][PASSED] - println(todaysDate): null

05-03-2025T10:34:44 - [TEST_STEP][PASSED] - vidget = <not implemented yet for class: org.codehaus.groovy.ast.expr.EmptyExpression>: null

05-03-2025T10:34:44 - [TEST_STEP][PASSED] - x = <not implemented yet for class: org.codehaus.groovy.ast.expr.EmptyExpression>: null

05-03-2025T10:34:44 - [TEST_STEP][PASSED] - y = <not implemented yet for class: org.codehaus.groovy.ast.expr.EmptyExpression>: null

05-03-2025T10:34:44 - [TEST_STEP][PASSED] - DZO = <not implemented yet for class: org.codehaus.groovy.ast.expr.EmptyExpression>: null

05-03-2025T10:34:44 - [TEST_STEP][PASSED] - openBrowser(""): Browser is opened with url: ''

05-03-2025T10:34:44 - [MESSAGE][INFO] - Starting 'Chrome' driver

05-03-2025T10:34:44 - [MESSAGE][INFO] - Action delay is set to 0 milliseconds

05-03-2025T10:34:45 - [MESSAGE][PASSED] - Browser is opened with url: ''

05-03-2025T10:34:45 - [TEST_STEP][PASSED] - run = 1: null

05-03-2025T10:34:45 - [TEST_STEP][PASSED] - for ([run = 1, run < 3, (run++)]): null

05-03-2025T10:34:45 - [TEST_STEP][PASSED] - Script1719551244403.Test(run, todaysDate, typeOfData, otobrajeniyeDannyh, x, y, vidget, DZO): null

05-03-2025T10:34:45 - [TEST_STEP][PASSED] - navigateToUrl(findTestData("PlanFact").getValue(10, 3)): Navigate to 'https://bi.rosseti.digital/viewer?dashboardGuid=2301950b23be4ed89c1df75f2020051e&sheetGuid=ccd7d7486b3d4e6fa0ee9b1eaebed46c&fit=true' successfully

05-03-2025T10:34:51 - [MESSAGE][PASSED] - Navigate to 'https://bi.rosseti.digital/viewer?dashboardGuid=2301950b23be4ed89c1df75f2020051e&sheetGuid=ccd7d7486b3d4e6fa0ee9b1eaebed46c&fit=true' successfully

05-03-2025T10:34:51 - [TEST_STEP][PASSED] - Script1719551244403.Autorization(run): null

05-03-2025T10:34:51 - [TEST_STEP][PASSED] - delay(10): Delayed 10 second(s)

05-03-2025T10:35:01 - [MESSAGE][PASSED] - Delayed 10 second(s)

05-03-2025T10:35:01 - [TEST_STEP][PASSED] - if (run == 1): Delayed 10 second(s)

05-03-2025T10:35:01 - [TEST_STEP][PASSED] - setText(findTestObject("Страница авторизации/input__username"), findTestData("PlanFact").getValue(8, 1)): Text 'liazgina-di' is set on object 'Object Repository/Страница авторизации/input__username'

05-03-2025T10:35:02 - [MESSAGE][PASSED] - Text 'liazgina-di' is set on object 'Object Repository/Страница авторизации/input__username'

05-03-2025T10:35:02 - [TEST_STEP][PASSED] - setText(findTestObject("Страница авторизации/input__password"), findTestData("PlanFact").getValue(9, 1)): Text ')$%5srZ8o688Dm#q' is set on object 'Object Repository/Страница авторизации/input__password'

05-03-2025T10:35:02 - [MESSAGE][PASSED] - Text ')$%5srZ8o688Dm#q' is set on object 'Object Repository/Страница авторизации/input__password'

05-03-2025T10:35:02 - [TEST_STEP][PASSED] - click(findTestObject("Страница авторизации/button_")): Object: 'Object Repository/Страница авторизации/button_' is clicked on

05-03-2025T10:35:03 - [MESSAGE][PASSED] - Object: 'Object Repository/Страница авторизации/button_' is clicked on

05-03-2025T10:35:03 - [TEST_STEP][PASSED] - delay(10): Delayed 10 second(s)

05-03-2025T10:35:13 - [MESSAGE][PASSED] - Delayed 10 second(s)

05-03-2025T10:35:13 - [TEST_STEP][PASSED] - i = <not implemented yet for class: org.codehaus.groovy.ast.expr.EmptyExpression>: null

05-03-2025T10:35:13 - [TEST_STEP][PASSED] - ii = <not implemented yet for class: org.codehaus.groovy.ast.expr.EmptyExpression>: null

05-03-2025T10:35:13 - [TEST_STEP][PASSED] - a = <not implemented yet for class: org.codehaus.groovy.ast.expr.EmptyExpression>: null

05-03-2025T10:35:13 - [TEST_STEP][PASSED] - a1 = <not implemented yet for class: org.codehaus.groovy.ast.expr.EmptyExpression>: null

05-03-2025T10:35:13 - [TEST_STEP][PASSED] - a2 = <not implemented yet for class: org.codehaus.groovy.ast.expr.EmptyExpression>: null

05-03-2025T10:35:13 - [TEST_STEP][PASSED] - click(findTestObject("Факторный анализ/Фильтр Период")): Object: 'Object Repository/Факторный анализ/Фильтр Период' is clicked on

05-03-2025T10:35:14 - [MESSAGE][PASSED] - Object: 'Object Repository/Факторный анализ/Фильтр Период' is clicked on

05-03-2025T10:35:14 - [TEST_STEP][PASSED] - click(findTestObject("Факторный анализ/Снять выделение в фильтре Дата")): Object: 'Object Repository/Факторный анализ/Снять выделение в фильтре Дата' is clicked on

05-03-2025T10:35:14 - [MESSAGE][PASSED] - Object: 'Object Repository/Факторный анализ/Снять выделение в фильтре Дата' is clicked on

05-03-2025T10:35:14 - [TEST_STEP][PASSED] - click(findTestObject("Факторный анализ/Применить в фильтре Дата")): Object: 'Object Repository/Факторный анализ/Применить в фильтре Дата' is clicked on

05-03-2025T10:35:15 - [MESSAGE][PASSED] - Object: 'Object Repository/Факторный анализ/Применить в фильтре Дата' is clicked on

05-03-2025T10:35:15 - [TEST_STEP][PASSED] - delay(10): Delayed 10 second(s)

05-03-2025T10:35:25 - [MESSAGE][PASSED] - Delayed 10 second(s)

05-03-2025T10:35:25 - [TEST_STEP][PASSED] - click(findTestObject("Факторный анализ/Фильтр Период")): Object: 'Object Repository/Факторный анализ/Фильтр Период' is clicked on

05-03-2025T10:35:25 - [MESSAGE][PASSED] - Object: 'Object Repository/Факторный анализ/Фильтр Период' is clicked on

05-03-2025T10:35:25 - [TEST_STEP][PASSED] - click(findTestObject("Факторный анализ/Снять выделение в фильтре Дата")): Object: 'Object Repository/Факторный анализ/Снять выделение в фильтре Дата' is clicked on

05-03-2025T10:35:26 - [MESSAGE][PASSED] - Object: 'Object Repository/Факторный анализ/Снять выделение в фильтре Дата' is clicked on

05-03-2025T10:35:26 - [TEST_STEP][PASSED] - scrollToElement(findTestObject("Факторный анализ/2025 список"), 30): Scroll to object 'Object Repository/Факторный анализ/2025 список' successfully

05-03-2025T10:35:26 - [MESSAGE][PASSED] - Scroll to object 'Object Repository/Факторный анализ/2025 список' successfully

05-03-2025T10:35:26 - [TEST_STEP][PASSED] - click(findTestObject("Факторный анализ/2025 список")): Object: 'Object Repository/Факторный анализ/2025 список' is clicked on

05-03-2025T10:35:26 - [MESSAGE][PASSED] - Object: 'Object Repository/Факторный анализ/2025 список' is clicked on

05-03-2025T10:35:26 - [TEST_STEP][PASSED] - scrollToElement(findTestObject("Факторный анализ/1 квартал 2025 список"), 30): Scroll to object 'Object Repository/Факторный анализ/1 квартал 2025 список' successfully

05-03-2025T10:35:27 - [MESSAGE][PASSED] - Scroll to object 'Object Repository/Факторный анализ/1 квартал 2025 список' successfully

05-03-2025T10:35:27 - [TEST_STEP][PASSED] - click(findTestObject("Факторный анализ/1 квартал 2025 список"), CONTINUE_ON_FAILURE): Object: 'Object Repository/Факторный анализ/1 квартал 2025 список' is clicked on

05-03-2025T10:35:27 - [MESSAGE][PASSED] - Object: 'Object Repository/Факторный анализ/1 квартал 2025 список' is clicked on

05-03-2025T10:35:27 - [TEST_STEP][PASSED] - scrollToElement(findTestObject("Факторный анализ/Январь 2025"), 30): Scroll to object 'Object Repository/Факторный анализ/Январь 2025' successfully

05-03-2025T10:35:27 - [MESSAGE][PASSED] - Scroll to object 'Object Repository/Факторный анализ/Январь 2025' successfully

05-03-2025T10:35:27 - [TEST_STEP][PASSED] - click(findTestObject("Факторный анализ/Январь 2025"), CONTINUE_ON_FAILURE): Object: 'Object Repository/Факторный анализ/Январь 2025' is clicked on

05-03-2025T10:35:28 - [MESSAGE][PASSED] - Object: 'Object Repository/Факторный анализ/Январь 2025' is clicked on

05-03-2025T10:35:28 - [TEST_STEP][PASSED] - scrollToElement(findTestObject("Факторный анализ/Заголовок дашборда"), 30): Scroll to object 'Object Repository/Факторный анализ/Заголовок дашборда' successfully

05-03-2025T10:35:28 - [MESSAGE][PASSED] - Scroll to object 'Object Repository/Факторный анализ/Заголовок дашборда' successfully

05-03-2025T10:35:28 - [TEST_STEP][PASSED] - click(findTestObject("Факторный анализ/Применить в фильтре Дата")): Object: 'Object Repository/Факторный анализ/Применить в фильтре Дата' is clicked on

05-03-2025T10:35:29 - [MESSAGE][PASSED] - Object: 'Object Repository/Факторный анализ/Применить в фильтре Дата' is clicked on

05-03-2025T10:35:29 - [TEST_STEP][PASSED] - if (run == 1): null

05-03-2025T10:35:29 - [TEST_STEP][PASSED] - a = getText(findTestObject("Факторный анализ/Отклонения выручки по факторам Блок руководителя")): Text of object 'Object Repository/Факторный анализ/Отклонения выручки по факторам Блок руководителя' is: '-121 309-121 309
701701
Отклонение (объём услуг)
Отклонение (средний тариф)
ПАО Россети'

05-03-2025T10:35:30 - [MESSAGE][PASSED] - Text of object 'Object Repository/Факторный анализ/Отклонения выручки по факторам Блок руководителя' is: '-121 309-121 309
701701
Отклонение (объём услуг)
Отклонение (средний тариф)
ПАО Россети'

05-03-2025T10:35:30 - [TEST_STEP][PASSED] - a = a.replaceAll("[\r?
|
]", "/"): null

05-03-2025T10:35:30 - [TEST_STEP][PASSED] - i = a.indexOf("Отклонение"): null

05-03-2025T10:35:30 - [TEST_STEP][PASSED] - if (i > -1): null

05-03-2025T10:35:30 - [TEST_STEP][PASSED] - i = i: null

05-03-2025T10:35:30 - [TEST_STEP][PASSED] - a = substring(0, i).trim(): null

05-03-2025T10:35:30 - [TEST_STEP][PASSED] - println("a: " + a): null

05-03-2025T10:35:30 - [TEST_STEP][PASSED] - i = a.indexOf("/"): null

05-03-2025T10:35:30 - [TEST_STEP][PASSED] - if (i > -1): null

05-03-2025T10:35:30 - [TEST_STEP][PASSED] - a1 = a.substring(0, i): null

05-03-2025T10:35:30 - [TEST_STEP][PASSED] - println("a1: " + a1): null

05-03-2025T10:35:30 - [TEST_STEP][PASSED] - a2 = a.substring(a1.length() + 1, a.length()): null

05-03-2025T10:35:30 - [TEST_STEP][PASSED] - println("a2: " + a2): null

05-03-2025T10:35:30 - [TEST_STEP][PASSED] - i = a1.length() / 2: null

05-03-2025T10:35:30 - [TEST_STEP][PASSED] - if (i > -1): null

05-03-2025T10:35:30 - [TEST_STEP][PASSED] - a1 = replaceAll("\s+", "").trim(): null

05-03-2025T10:35:30 - [TEST_STEP][PASSED] - println("a1: " + a1): null

05-03-2025T10:35:30 - [TEST_STEP][PASSED] - i = a2.length() / 2: null

05-03-2025T10:35:30 - [TEST_STEP][PASSED] - if (i > -1): null

05-03-2025T10:35:30 - [TEST_STEP][PASSED] - a2 = replaceAll("\s+", "").trim(): null

05-03-2025T10:35:30 - [TEST_STEP][PASSED] - println("a2: " + a2): null

05-03-2025T10:35:30 - [TEST_STEP][PASSED] - tableA = getText(findTestObject("Факторный анализ/AllTable1")).replaceAll("[\r?
|
]", "/"): Text of object 'Object Repository/Факторный анализ/AllTable1' is: 'ДЗО
Филиал
Отклонение (объём услуг)
Отклонение (средний тариф)
АО "РЭС" АО "РЭС" -76 3
АО «Тываэнерго» АО "Тываэнерго" 19 4
АО «Чеченэнерго» АО «Чеченэнерго» -35 -48
Россети Волга Мордовэнерго - 150 -6
Оренбургэнерго -62 -9
Пензаэнерго -35 -1
Самарские РС -78 142
Саратовские РС -77 -49
Ульяновские РС 14 6
Чувашэнерго -4 12
Россети Кубань Кубаньэнерго - 341 287
Россети Ленэнерго (ГК) Ленинградская область - 311 187
г. Санкт-Петербург - 291 12
Россети Московский регион Московская область - 780 53
г. Москва - 195 -5
Россети Северный Кавказ (ГК) Дагэнерго - 238 -48
Ингушэнерго -60 14
Каббалкэнерго 20 -4
Карачаево-Черкесскэнерго -10 - 109
Севкавказэнерго - 121 -10
Ставропольэнерго -68 28
Россети Северо-Запад Архангельский филиал -52 21
Вологодский филиал -40 10
Карельский филиал -50 -15
Мурманский филиал 20 -17
Новгородский филиал -49 0
Псковский филиал -48 13
филиал в Республике Коми -53 9
Россети Сибирь (ГК) Алтайэнерго 39 16
Бурятэнерго 10 -7
ГАЭС 9 2
Красноярскэнерго 117 -4
Кузбассэнерго-РЭС 37 147
Омскэнерго -2 -21
Хакасэнерго -10 -12
Читаэнерго -1 25
Россети Томск Томская распределительная компания -62 5
Россети Тюмень Россети Тюмень - 986 - 117
Россети Урал (ГК) Пермэнерго - 187 5
Свердловэнерго - 152 -4
Челябэнерго - 141 5
Россети ФСК ЕЭС Итого по ФСК ЕЭС - 311 252
Россети Центр Белгородэнерго -85 14
Брянскэнерго -50 -8
Воронежэнерго -98 -2
Костромаэнерго -42 3
Курскэнерго -32 8
Липецкэнерго -79 20
Орелэнерго -40 5
Смоленскэнерго -52 -7
Тамбовэнерго -25 -5
Тверьэнерго - 133 0
Ярэнерго -60 -7
Россети Центр и Приволжье (ГК) Владимирэнерго NaN NaN
Ивэнерго NaN NaN
Калугаэнерго NaN NaN
Кировэнерго NaN NaN
Мариэнерго NaN NaN
Нижновэнерго NaN NaN
Рязаньэнерго NaN NaN
Тулэнерго NaN NaN
Удмуртэнерго NaN NaN
Россети Юг (ГК) АО «ВМЭС» 0 4
Астраханьэнерго 1 -6
Волгоградэнерго - 140 -12
Калмэнерго -8 2
Ростовэнерго -47 16
Россети Янтарь Россети Янтарь -31 12'

05-03-2025T10:35:31 - [MESSAGE][PASSED] - Text of object 'Object Repository/Факторный анализ/AllTable1' is: 'ДЗО
Филиал
Отклонение (объём услуг)
Отклонение (средний тариф)
АО "РЭС" АО "РЭС" -76 3
АО «Тываэнерго» АО "Тываэнерго" 19 4
АО «Чеченэнерго» АО «Чеченэнерго» -35 -48
Россети Волга Мордовэнерго - 150 -6
Оренбургэнерго -62 -9
Пензаэнерго -35 -1
Самарские РС -78 142
Саратовские РС -77 -49
Ульяновские РС 14 6
Чувашэнерго -4 12
Россети Кубань Кубаньэнерго - 341 287
Россети Ленэнерго (ГК) Ленинградская область - 311 187
г. Санкт-Петербург - 291 12
Россети Московский регион Московская область - 780 53
г. Москва - 195 -5
Россети Северный Кавказ (ГК) Дагэнерго - 238 -48
Ингушэнерго -60 14
Каббалкэнерго 20 -4
Карачаево-Черкесскэнерго -10 - 109
Севкавказэнерго - 121 -10
Ставропольэнерго -68 28
Россети Северо-Запад Архангельский филиал -52 21
Вологодский филиал -40 10
Карельский филиал -50 -15
Мурманский филиал 20 -17
Новгородский филиал -49 0
Псковский филиал -48 13
филиал в Республике Коми -53 9
Россети Сибирь (ГК) Алтайэнерго 39 16
Бурятэнерго 10 -7
ГАЭС 9 2
Красноярскэнерго 117 -4
Кузбассэнерго-РЭС 37 147
Омскэнерго -2 -21
Хакасэнерго -10 -12
Читаэнерго -1 25
Россети Томск Томская распределительная компания -62 5
Россети Тюмень Россети Тюмень - 986 - 117
Россети Урал (ГК) Пермэнерго - 187 5
Свердловэнерго - 152 -4
Челябэнерго - 141 5
Россети ФСК ЕЭС Итого по ФСК ЕЭС - 311 252
Россети Центр Белгородэнерго -85 14
Брянскэнерго -50 -8
Воронежэнерго -98 -2
Костромаэнерго -42 3
Курскэнерго -32 8
Липецкэнерго -79 20
Орелэнерго -40 5
Смоленскэнерго -52 -7
Тамбовэнерго -25 -5
Тверьэнерго - 133 0
Ярэнерго -60 -7
Россети Центр и Приволжье (ГК) Владимирэнерго NaN NaN
Ивэнерго NaN NaN
Калугаэнерго NaN NaN
Кировэнерго NaN NaN
Мариэнерго NaN NaN
Нижновэнерго NaN NaN
Рязаньэнерго NaN NaN
Тулэнерго NaN NaN
Удмуртэнерго NaN NaN
Россети Юг (ГК) АО «ВМЭС» 0 4
Астраханьэнерго 1 -6
Волгоградэнерго - 140 -12
Калмэнерго -8 2
Ростовэнерго -47 16
Россети Янтарь Россети Янтарь -31 12'

05-03-2025T10:35:31 - [TEST_STEP][PASSED] - println("tableA: " + tableA): null

05-03-2025T10:35:31 - [TEST_STEP][PASSED] - for ([i = 1, i < 5, (i++)]): null

05-03-2025T10:35:31 - [TEST_STEP][PASSED] - ii = tableA.indexOf("/") + 1: null

05-03-2025T10:35:31 - [TEST_STEP][PASSED] - tableA = tableA.substring(ii, tableA.length()): null

05-03-2025T10:35:31 - [TEST_STEP][PASSED] - ii = tableA.indexOf("/") + 1: null

05-03-2025T10:35:31 - [TEST_STEP][PASSED] - tableA = tableA.substring(ii, tableA.length()): null

05-03-2025T10:35:31 - [TEST_STEP][PASSED] - ii = tableA.indexOf("/") + 1: null

05-03-2025T10:35:31 - [TEST_STEP][PASSED] - tableA = tableA.substring(ii, tableA.length()): null

05-03-2025T10:35:31 - [TEST_STEP][PASSED] - ii = tableA.indexOf("/") + 1: null

05-03-2025T10:35:31 - [TEST_STEP][PASSED] - tableA = tableA.substring(ii, tableA.length()): null

05-03-2025T10:35:31 - [TEST_STEP][PASSED] - println("tableA: " + tableA): null

05-03-2025T10:35:31 - [TEST_STEP][PASSED] - TyA = Script1719551244403.GetData(x = tableA): null

05-03-2025T10:35:31 - [TEST_STEP][PASSED] - i2 = <not implemented yet for class: org.codehaus.groovy.ast.expr.EmptyExpression>: null

05-03-2025T10:35:31 - [TEST_STEP][PASSED] - i2 = x.indexOf("/") + 1: null

05-03-2025T10:35:31 - [TEST_STEP][PASSED] - x = replaceAll("\p{P}", "").trim(): null

05-03-2025T10:35:31 - [TEST_STEP][PASSED] - return x: null

05-03-2025T10:35:31 - [TEST_STEP][PASSED] - println("TyA: " + TyA): null

05-03-2025T10:35:31 - [TEST_STEP][PASSED] - tableA = Script1719551244403.NewDZO(x = tableA): null

05-03-2025T10:35:31 - [TEST_STEP][PASSED] - i3 = <not implemented yet for class: org.codehaus.groovy.ast.expr.EmptyExpression>: null

05-03-2025T10:35:31 - [TEST_STEP][PASSED] - i3 = x.indexOf("/") + 1: null

05-03-2025T10:35:31 - [TEST_STEP][PASSED] - x = x.substring(i3, x.length()): null

05-03-2025T10:35:31 - [TEST_STEP][PASSED] - return x: null

05-03-2025T10:35:31 - [TEST_STEP][PASSED] - ChA = Script1719551244403.GetData(x = tableA): null

05-03-2025T10:35:31 - [TEST_STEP][PASSED] - i2 = <not implemented yet for class: org.codehaus.groovy.ast.expr.EmptyExpression>: null

05-03-2025T10:35:31 - [TEST_STEP][PASSED] - i2 = x.indexOf("/") + 1: null

05-03-2025T10:35:31 - [TEST_STEP][PASSED] - x = replaceAll("\p{P}", "").trim(): null

05-03-2025T10:35:31 - [TEST_STEP][PASSED] - return x: null

05-03-2025T10:35:31 - [TEST_STEP][PASSED] - println("ChA: " + ChA): null

05-03-2025T10:35:31 - [TEST_STEP][PASSED] - tableA = Script1719551244403.NewDZO(x = tableA): null

05-03-2025T10:35:31 - [TEST_STEP][PASSED] - i3 = <not implemented yet for class: org.codehaus.groovy.ast.expr.EmptyExpression>: null

05-03-2025T10:35:31 - [TEST_STEP][PASSED] - i3 = x.indexOf("/") + 1: null

05-03-2025T10:35:31 - [TEST_STEP][PASSED] - x = x.substring(i3, x.length()): null

05-03-2025T10:35:31 - [TEST_STEP][PASSED] - return x: null

05-03-2025T10:35:31 - [TEST_STEP][PASSED] - i = tableA.indexOf("Кубань"): null

05-03-2025T10:35:31 - [TEST_STEP][PASSED] - VA = replaceAll("\p{P}", "").trim(): null

05-03-2025T10:35:31 - [TEST_STEP][PASSED] - println("VA: " + VA): null

05-03-2025T10:35:31 - [TEST_STEP][PASSED] - for ([i = 1, i < 8, (i++)]): null

05-03-2025T10:35:31 - [TEST_STEP][PASSED] - tableA = Script1719551244403.NewDZO(x = tableA): null

05-03-2025T10:35:31 - [TEST_STEP][PASSED] - i3 = <not implemented yet for class: org.codehaus.groovy.ast.expr.EmptyExpression>: null

05-03-2025T10:35:31 - [TEST_STEP][PASSED] - i3 = x.indexOf("/") + 1: null

05-03-2025T10:35:31 - [TEST_STEP][PASSED] - x = x.substring(i3, x.length()): null

05-03-2025T10:35:31 - [TEST_STEP][PASSED] - return x: null

05-03-2025T10:35:31 - [TEST_STEP][PASSED] - tableA = Script1719551244403.NewDZO(x = tableA): null

05-03-2025T10:35:31 - [TEST_STEP][PASSED] - i3 = <not implemented yet for class: org.codehaus.groovy.ast.expr.EmptyExpression>: null

05-03-2025T10:35:31 - [TEST_STEP][PASSED] - i3 = x.indexOf("/") + 1: null

05-03-2025T10:35:31 - [TEST_STEP][PASSED] - x = x.substring(i3, x.length()): null

05-03-2025T10:35:31 - [TEST_STEP][PASSED] - return x: null

05-03-2025T10:35:31 - [TEST_STEP][PASSED] - tableA = Script1719551244403.NewDZO(x = tableA): null

05-03-2025T10:35:31 - [TEST_STEP][PASSED] - i3 = <not implemented yet for class: org.codehaus.groovy.ast.expr.EmptyExpression>: null

05-03-2025T10:35:31 - [TEST_STEP][PASSED] - i3 = x.indexOf("/") + 1: null

05-03-2025T10:35:31 - [TEST_STEP][PASSED] - x = x.substring(i3, x.length()): null

05-03-2025T10:35:31 - [TEST_STEP][PASSED] - return x: null

05-03-2025T10:35:31 - [TEST_STEP][PASSED] - tableA = Script1719551244403.NewDZO(x = tableA): null

05-03-2025T10:35:31 - [TEST_STEP][PASSED] - i3 = <not implemented yet for class: org.codehaus.groovy.ast.expr.EmptyExpression>: null

05-03-2025T10:35:31 - [TEST_STEP][PASSED] - i3 = x.indexOf("/") + 1: null

05-03-2025T10:35:31 - [TEST_STEP][PASSED] - x = x.substring(i3, x.length()): null

05-03-2025T10:35:31 - [TEST_STEP][PASSED] - return x: null

05-03-2025T10:35:31 - [TEST_STEP][PASSED] - tableA = Script1719551244403.NewDZO(x = tableA): null

05-03-2025T10:35:31 - [TEST_STEP][PASSED] - i3 = <not implemented yet for class: org.codehaus.groovy.ast.expr.EmptyExpression>: null

05-03-2025T10:35:31 - [TEST_STEP][PASSED] - i3 = x.indexOf("/") + 1: null

05-03-2025T10:35:31 - [TEST_STEP][PASSED] - x = x.substring(i3, x.length()): null

05-03-2025T10:35:31 - [TEST_STEP][PASSED] - return x: null

05-03-2025T10:35:31 - [TEST_STEP][PASSED] - tableA = Script1719551244403.NewDZO(x = tableA): null

05-03-2025T10:35:31 - [TEST_STEP][PASSED] - i3 = <not implemented yet for class: org.codehaus.groovy.ast.expr.EmptyExpression>: null

05-03-2025T10:35:31 - [TEST_STEP][PASSED] - i3 = x.indexOf("/") + 1: null

05-03-2025T10:35:31 - [TEST_STEP][PASSED] - x = x.substring(i3, x.length()): null

05-03-2025T10:35:31 - [TEST_STEP][PASSED] - return x: null

05-03-2025T10:35:31 - [TEST_STEP][PASSED] - tableA = Script1719551244403.NewDZO(x = tableA): null

05-03-2025T10:35:31 - [TEST_STEP][PASSED] - i3 = <not implemented yet for class: org.codehaus.groovy.ast.expr.EmptyExpression>: null

05-03-2025T10:35:31 - [TEST_STEP][PASSED] - i3 = x.indexOf("/") + 1: null

05-03-2025T10:35:31 - [TEST_STEP][PASSED] - x = x.substring(i3, x.length()): null

05-03-2025T10:35:31 - [TEST_STEP][PASSED] - return x: null

05-03-2025T10:35:31 - [TEST_STEP][PASSED] - i = tableA.indexOf("Ленэнерго"): null

05-03-2025T10:35:31 - [TEST_STEP][PASSED] - KuA = Script1719551244403.GetData(x = tableA): null

05-03-2025T10:35:31 - [TEST_STEP][PASSED] - i2 = <not implemented yet for class: org.codehaus.groovy.ast.expr.EmptyExpression>: null

05-03-2025T10:35:31 - [TEST_STEP][PASSED] - i2 = x.indexOf("/") + 1: null

05-03-2025T10:35:31 - [TEST_STEP][PASSED] - x = replaceAll("\p{P}", "").trim(): null

05-03-2025T10:35:31 - [TEST_STEP][PASSED] - return x: null

05-03-2025T10:35:31 - [TEST_STEP][PASSED] - println("KuA: " + KuA): null

05-03-2025T10:35:31 - [TEST_STEP][PASSED] - tableA = Script1719551244403.NewDZO(x = tableA): null

05-03-2025T10:35:31 - [TEST_STEP][PASSED] - i3 = <not implemented yet for class: org.codehaus.groovy.ast.expr.EmptyExpression>: null

05-03-2025T10:35:31 - [TEST_STEP][PASSED] - i3 = x.indexOf("/") + 1: null

05-03-2025T10:35:31 - [TEST_STEP][PASSED] - x = x.substring(i3, x.length()): null

05-03-2025T10:35:31 - [TEST_STEP][PASSED] - return x: null

05-03-2025T10:35:31 - [TEST_STEP][PASSED] - i = tableA.indexOf("Московский"): null

05-03-2025T10:35:31 - [TEST_STEP][PASSED] - LenA = replaceAll("\p{P}", "").trim(): null

05-03-2025T10:35:31 - [TEST_STEP][PASSED] - println("LenA: " + LenA): null

05-03-2025T10:35:31 - [TEST_STEP][PASSED] - tableA = Script1719551244403.NewDZO(x = tableA): null

05-03-2025T10:35:31 - [TEST_STEP][PASSED] - i3 = <not implemented yet for class: org.codehaus.groovy.ast.expr.EmptyExpression>: null

05-03-2025T10:35:31 - [TEST_STEP][PASSED] - i3 = x.indexOf("/") + 1: null

05-03-2025T10:35:31 - [TEST_STEP][PASSED] - x = x.substring(i3, x.length()): null

05-03-2025T10:35:31 - [TEST_STEP][PASSED] - return x: null

05-03-2025T10:35:31 - [TEST_STEP][PASSED] - tableA = Script1719551244403.NewDZO(x = tableA): null

05-03-2025T10:35:31 - [TEST_STEP][PASSED] - i3 = <not implemented yet for class: org.codehaus.groovy.ast.expr.EmptyExpression>: null

05-03-2025T10:35:31 - [TEST_STEP][PASSED] - i3 = x.indexOf("/") + 1: null

05-03-2025T10:35:31 - [TEST_STEP][PASSED] - x = x.substring(i3, x.length()): null

05-03-2025T10:35:31 - [TEST_STEP][PASSED] - return x: null

05-03-2025T10:35:31 - [TEST_STEP][PASSED] - i = tableA.indexOf("Кавказ"): null

05-03-2025T10:35:31 - [TEST_STEP][PASSED] - MosA = replaceAll("\p{P}", "").trim(): null

05-03-2025T10:35:31 - [TEST_STEP][PASSED] - println("MosA: " + MosA): null

05-03-2025T10:35:31 - [TEST_STEP][PASSED] - for ([i = 1, i < 3, (i++)]): null

05-03-2025T10:35:31 - [TEST_STEP][PASSED] - tableA = Script1719551244403.NewDZO(x = tableA): null

05-03-2025T10:35:31 - [TEST_STEP][PASSED] - i3 = <not implemented yet for class: org.codehaus.groovy.ast.expr.EmptyExpression>: null

05-03-2025T10:35:31 - [TEST_STEP][PASSED] - i3 = x.indexOf("/") + 1: null

05-03-2025T10:35:31 - [TEST_STEP][PASSED] - x = x.substring(i3, x.length()): null

05-03-2025T10:35:31 - [TEST_STEP][PASSED] - return x: null

05-03-2025T10:35:31 - [TEST_STEP][PASSED] - tableA = Script1719551244403.NewDZO(x = tableA): null

05-03-2025T10:35:31 - [TEST_STEP][PASSED] - i3 = <not implemented yet for class: org.codehaus.groovy.ast.expr.EmptyExpression>: null

05-03-2025T10:35:31 - [TEST_STEP][PASSED] - i3 = x.indexOf("/") + 1: null

05-03-2025T10:35:31 - [TEST_STEP][PASSED] - x = x.substring(i3, x.length()): null

05-03-2025T10:35:31 - [TEST_STEP][PASSED] - return x: null

05-03-2025T10:35:31 - [TEST_STEP][PASSED] - i = tableA.indexOf("Запад"): null

05-03-2025T10:35:31 - [TEST_STEP][PASSED] - SKA = replaceAll("\p{P}", "").trim(): null

05-03-2025T10:35:31 - [TEST_STEP][PASSED] - println("SKA: " + SKA): null

05-03-2025T10:35:31 - [TEST_STEP][PASSED] - for ([i = 1, i < 7, (i++)]): null

05-03-2025T10:35:31 - [TEST_STEP][PASSED] - tableA = Script1719551244403.NewDZO(x = tableA): null

05-03-2025T10:35:31 - [TEST_STEP][PASSED] - i3 = <not implemented yet for class: org.codehaus.groovy.ast.expr.EmptyExpression>: null

05-03-2025T10:35:31 - [TEST_STEP][PASSED] - i3 = x.indexOf("/") + 1: null

05-03-2025T10:35:31 - [TEST_STEP][PASSED] - x = x.substring(i3, x.length()): null

05-03-2025T10:35:31 - [TEST_STEP][PASSED] - return x: null

05-03-2025T10:35:31 - [TEST_STEP][PASSED] - tableA = Script1719551244403.NewDZO(x = tableA): null

05-03-2025T10:35:31 - [TEST_STEP][PASSED] - i3 = <not implemented yet for class: org.codehaus.groovy.ast.expr.EmptyExpression>: null

05-03-2025T10:35:31 - [TEST_STEP][PASSED] - i3 = x.indexOf("/") + 1: null

05-03-2025T10:35:31 - [TEST_STEP][PASSED] - x = x.substring(i3, x.length()): null

05-03-2025T10:35:31 - [TEST_STEP][PASSED] - return x: null

05-03-2025T10:35:31 - [TEST_STEP][PASSED] - tableA = Script1719551244403.NewDZO(x = tableA): null

05-03-2025T10:35:31 - [TEST_STEP][PASSED] - i3 = <not implemented yet for class: org.codehaus.groovy.ast.expr.EmptyExpression>: null

05-03-2025T10:35:31 - [TEST_STEP][PASSED] - i3 = x.indexOf("/") + 1: null

05-03-2025T10:35:31 - [TEST_STEP][PASSED] - x = x.substring(i3, x.length()): null

05-03-2025T10:35:31 - [TEST_STEP][PASSED] - return x: null

05-03-2025T10:35:31 - [TEST_STEP][PASSED] - tableA = Script1719551244403.NewDZO(x = tableA): null

05-03-2025T10:35:31 - [TEST_STEP][PASSED] - i3 = <not implemented yet for class: org.codehaus.groovy.ast.expr.EmptyExpression>: null

05-03-2025T10:35:31 - [TEST_STEP][PASSED] - i3 = x.indexOf("/") + 1: null

05-03-2025T10:35:31 - [TEST_STEP][PASSED] - x = x.substring(i3, x.length()): null

05-03-2025T10:35:31 - [TEST_STEP][PASSED] - return x: null

05-03-2025T10:35:31 - [TEST_STEP][PASSED] - tableA = Script1719551244403.NewDZO(x = tableA): null

05-03-2025T10:35:31 - [TEST_STEP][PASSED] - i3 = <not implemented yet for class: org.codehaus.groovy.ast.expr.EmptyExpression>: null

05-03-2025T10:35:31 - [TEST_STEP][PASSED] - i3 = x.indexOf("/") + 1: null

05-03-2025T10:35:31 - [TEST_STEP][PASSED] - x = x.substring(i3, x.length()): null

05-03-2025T10:35:31 - [TEST_STEP][PASSED] - return x: null

05-03-2025T10:35:31 - [TEST_STEP][PASSED] - tableA = Script1719551244403.NewDZO(x = tableA): null

05-03-2025T10:35:31 - [TEST_STEP][PASSED] - i3 = <not implemented yet for class: org.codehaus.groovy.ast.expr.EmptyExpression>: null

05-03-2025T10:35:31 - [TEST_STEP][PASSED] - i3 = x.indexOf("/") + 1: null

05-03-2025T10:35:31 - [TEST_STEP][PASSED] - x = x.substring(i3, x.length()): null

05-03-2025T10:35:31 - [TEST_STEP][PASSED] - return x: null

05-03-2025T10:35:31 - [TEST_STEP][PASSED] - i = tableA.indexOf("Сибирь"): null

05-03-2025T10:35:31 - [TEST_STEP][PASSED] - SZA = replaceAll("\p{P}", "").trim(): null

05-03-2025T10:35:31 - [TEST_STEP][PASSED] - println("SZA: " + SZA): null

05-03-2025T10:35:31 - [TEST_STEP][PASSED] - for ([i = 1, i < 8, (i++)]): null

05-03-2025T10:35:31 - [TEST_STEP][PASSED] - tableA = Script1719551244403.NewDZO(x = tableA): null

05-03-2025T10:35:31 - [TEST_STEP][PASSED] - i3 = <not implemented yet for class: org.codehaus.groovy.ast.expr.EmptyExpression>: null

05-03-2025T10:35:31 - [TEST_STEP][PASSED] - i3 = x.indexOf("/") + 1: null

05-03-2025T10:35:31 - [TEST_STEP][PASSED] - x = x.substring(i3, x.length()): null

05-03-2025T10:35:31 - [TEST_STEP][PASSED] - return x: null

05-03-2025T10:35:31 - [TEST_STEP][PASSED] - tableA = Script1719551244403.NewDZO(x = tableA): null

05-03-2025T10:35:31 - [TEST_STEP][PASSED] - i3 = <not implemented yet for class: org.codehaus.groovy.ast.expr.EmptyExpression>: null

05-03-2025T10:35:31 - [TEST_STEP][PASSED] - i3 = x.indexOf("/") + 1: null

05-03-2025T10:35:31 - [TEST_STEP][PASSED] - x = x.substring(i3, x.length()): null

05-03-2025T10:35:31 - [TEST_STEP][PASSED] - return x: null

05-03-2025T10:35:31 - [TEST_STEP][PASSED] - tableA = Script1719551244403.NewDZO(x = tableA): null

05-03-2025T10:35:31 - [TEST_STEP][PASSED] - i3 = <not implemented yet for class: org.codehaus.groovy.ast.expr.EmptyExpression>: null

05-03-2025T10:35:31 - [TEST_STEP][PASSED] - i3 = x.indexOf("/") + 1: null

05-03-2025T10:35:31 - [TEST_STEP][PASSED] - x = x.substring(i3, x.length()): null

05-03-2025T10:35:31 - [TEST_STEP][PASSED] - return x: null

05-03-2025T10:35:31 - [TEST_STEP][PASSED] - tableA = Script1719551244403.NewDZO(x = tableA): null

05-03-2025T10:35:31 - [TEST_STEP][PASSED] - i3 = <not implemented yet for class: org.codehaus.groovy.ast.expr.EmptyExpression>: null

05-03-2025T10:35:31 - [TEST_STEP][PASSED] - i3 = x.indexOf("/") + 1: null

05-03-2025T10:35:31 - [TEST_STEP][PASSED] - x = x.substring(i3, x.length()): null

05-03-2025T10:35:31 - [TEST_STEP][PASSED] - return x: null

05-03-2025T10:35:31 - [TEST_STEP][PASSED] - tableA = Script1719551244403.NewDZO(x = tableA): null

05-03-2025T10:35:31 - [TEST_STEP][PASSED] - i3 = <not implemented yet for class: org.codehaus.groovy.ast.expr.EmptyExpression>: null

05-03-2025T10:35:31 - [TEST_STEP][PASSED] - i3 = x.indexOf("/") + 1: null

05-03-2025T10:35:31 - [TEST_STEP][PASSED] - x = x.substring(i3, x.length()): null

05-03-2025T10:35:31 - [TEST_STEP][PASSED] - return x: null

05-03-2025T10:35:31 - [TEST_STEP][PASSED] - tableA = Script1719551244403.NewDZO(x = tableA): null

05-03-2025T10:35:31 - [TEST_STEP][PASSED] - i3 = <not implemented yet for class: org.codehaus.groovy.ast.expr.EmptyExpression>: null

05-03-2025T10:35:31 - [TEST_STEP][PASSED] - i3 = x.indexOf("/") + 1: null

05-03-2025T10:35:31 - [TEST_STEP][PASSED] - x = x.substring(i3, x.length()): null

05-03-2025T10:35:31 - [TEST_STEP][PASSED] - return x: null

05-03-2025T10:35:31 - [TEST_STEP][PASSED] - tableA = Script1719551244403.NewDZO(x = tableA): null

05-03-2025T10:35:31 - [TEST_STEP][PASSED] - i3 = <not implemented yet for class: org.codehaus.groovy.ast.expr.EmptyExpression>: null

05-03-2025T10:35:31 - [TEST_STEP][PASSED] - i3 = x.indexOf("/") + 1: null

05-03-2025T10:35:31 - [TEST_STEP][PASSED] - x = x.substring(i3, x.length()): null

05-03-2025T10:35:31 - [TEST_STEP][PASSED] - return x: null

05-03-2025T10:35:31 - [TEST_STEP][PASSED] - i = tableA.indexOf("Томск"): null

05-03-2025T10:35:31 - [TEST_STEP][PASSED] - SiA = replaceAll("\p{P}", "").trim(): null

05-03-2025T10:35:31 - [TEST_STEP][PASSED] - println("SiA: " + SiA): null

05-03-2025T10:35:31 - [TEST_STEP][PASSED] - for ([i = 1, i < 9, (i++)]): null

05-03-2025T10:35:31 - [TEST_STEP][PASSED] - tableA = Script1719551244403.NewDZO(x = tableA): null

05-03-2025T10:35:31 - [TEST_STEP][PASSED] - i3 = <not implemented yet for class: org.codehaus.groovy.ast.expr.EmptyExpression>: null

05-03-2025T10:35:31 - [TEST_STEP][PASSED] - i3 = x.indexOf("/") + 1: null

05-03-2025T10:35:31 - [TEST_STEP][PASSED] - x = x.substring(i3, x.length()): null

05-03-2025T10:35:31 - [TEST_STEP][PASSED] - return x: null

05-03-2025T10:35:31 - [TEST_STEP][PASSED] - tableA = Script1719551244403.NewDZO(x = tableA): null

05-03-2025T10:35:31 - [TEST_STEP][PASSED] - i3 = <not implemented yet for class: org.codehaus.groovy.ast.expr.EmptyExpression>: null

05-03-2025T10:35:31 - [TEST_STEP][PASSED] - i3 = x.indexOf("/") + 1: null

05-03-2025T10:35:31 - [TEST_STEP][PASSED] - x = x.substring(i3, x.length()): null

05-03-2025T10:35:31 - [TEST_STEP][PASSED] - return x: null

05-03-2025T10:35:31 - [TEST_STEP][PASSED] - tableA = Script1719551244403.NewDZO(x = tableA): null

05-03-2025T10:35:31 - [TEST_STEP][PASSED] - i3 = <not implemented yet for class: org.codehaus.groovy.ast.expr.EmptyExpression>: null

05-03-2025T10:35:31 - [TEST_STEP][PASSED] - i3 = x.indexOf("/") + 1: null

05-03-2025T10:35:31 - [TEST_STEP][PASSED] - x = x.substring(i3, x.length()): null

05-03-2025T10:35:31 - [TEST_STEP][PASSED] - return x: null

05-03-2025T10:35:31 - [TEST_STEP][PASSED] - tableA = Script1719551244403.NewDZO(x = tableA): null

05-03-2025T10:35:31 - [TEST_STEP][PASSED] - i3 = <not implemented yet for class: org.codehaus.groovy.ast.expr.EmptyExpression>: null

05-03-2025T10:35:31 - [TEST_STEP][PASSED] - i3 = x.indexOf("/") + 1: null

05-03-2025T10:35:31 - [TEST_STEP][PASSED] - x = x.substring(i3, x.length()): null

05-03-2025T10:35:31 - [TEST_STEP][PASSED] - return x: null

05-03-2025T10:35:31 - [TEST_STEP][PASSED] - tableA = Script1719551244403.NewDZO(x = tableA): null

05-03-2025T10:35:31 - [TEST_STEP][PASSED] - i3 = <not implemented yet for class: org.codehaus.groovy.ast.expr.EmptyExpression>: null

05-03-2025T10:35:31 - [TEST_STEP][PASSED] - i3 = x.indexOf("/") + 1: null

05-03-2025T10:35:31 - [TEST_STEP][PASSED] - x = x.substring(i3, x.length()): null

05-03-2025T10:35:31 - [TEST_STEP][PASSED] - return x: null

05-03-2025T10:35:31 - [TEST_STEP][PASSED] - tableA = Script1719551244403.NewDZO(x = tableA): null

05-03-2025T10:35:31 - [TEST_STEP][PASSED] - i3 = <not implemented yet for class: org.codehaus.groovy.ast.expr.EmptyExpression>: null

05-03-2025T10:35:31 - [TEST_STEP][PASSED] - i3 = x.indexOf("/") + 1: null

05-03-2025T10:35:31 - [TEST_STEP][PASSED] - x = x.substring(i3, x.length()): null

05-03-2025T10:35:31 - [TEST_STEP][PASSED] - return x: null

05-03-2025T10:35:31 - [TEST_STEP][PASSED] - tableA = Script1719551244403.NewDZO(x = tableA): null

05-03-2025T10:35:31 - [TEST_STEP][PASSED] - i3 = <not implemented yet for class: org.codehaus.groovy.ast.expr.EmptyExpression>: null

05-03-2025T10:35:31 - [TEST_STEP][PASSED] - i3 = x.indexOf("/") + 1: null

05-03-2025T10:35:31 - [TEST_STEP][PASSED] - x = x.substring(i3, x.length()): null

05-03-2025T10:35:31 - [TEST_STEP][PASSED] - return x: null

05-03-2025T10:35:31 - [TEST_STEP][PASSED] - tableA = Script1719551244403.NewDZO(x = tableA): null

05-03-2025T10:35:31 - [TEST_STEP][PASSED] - i3 = <not implemented yet for class: org.codehaus.groovy.ast.expr.EmptyExpression>: null

05-03-2025T10:35:31 - [TEST_STEP][PASSED] - i3 = x.indexOf("/") + 1: null

05-03-2025T10:35:31 - [TEST_STEP][PASSED] - x = x.substring(i3, x.length()): null

05-03-2025T10:35:31 - [TEST_STEP][PASSED] - return x: null

05-03-2025T10:35:31 - [TEST_STEP][PASSED] - i = tableA.indexOf("Тюмень"): null

05-03-2025T10:35:31 - [TEST_STEP][PASSED] - ToA = replaceAll("\p{P}", "").trim(): null

05-03-2025T10:35:31 - [TEST_STEP][PASSED] - println("ToA: " + ToA): null

05-03-2025T10:35:31 - [TEST_STEP][PASSED] - tableA = Script1719551244403.NewDZO(x = tableA): null

05-03-2025T10:35:31 - [TEST_STEP][PASSED] - i3 = <not implemented yet for class: org.codehaus.groovy.ast.expr.EmptyExpression>: null

05-03-2025T10:35:31 - [TEST_STEP][PASSED] - i3 = x.indexOf("/") + 1: null

05-03-2025T10:35:31 - [TEST_STEP][PASSED] - x = x.substring(i3, x.length()): null

05-03-2025T10:35:31 - [TEST_STEP][PASSED] - return x: null

05-03-2025T10:35:31 - [TEST_STEP][PASSED] - TyuA = replaceAll("\p{P}", "").trim(): null

05-03-2025T10:35:31 - [TEST_STEP][PASSED] - println("TyuA: " + TyuA): null

05-03-2025T10:35:31 - [TEST_STEP][PASSED] - tableA = Script1719551244403.NewDZO(x = tableA): null

05-03-2025T10:35:31 - [TEST_STEP][PASSED] - i3 = <not implemented yet for class: org.codehaus.groovy.ast.expr.EmptyExpression>: null

05-03-2025T10:35:31 - [TEST_STEP][PASSED] - i3 = x.indexOf("/") + 1: null

05-03-2025T10:35:31 - [TEST_STEP][PASSED] - x = x.substring(i3, x.length()): null

05-03-2025T10:35:31 - [TEST_STEP][PASSED] - return x: null

05-03-2025T10:35:31 - [TEST_STEP][PASSED] - i = tableA.indexOf("ЕЭС"): null

05-03-2025T10:35:31 - [TEST_STEP][PASSED] - UrA = replaceAll("\p{P}", "").trim(): null

05-03-2025T10:35:31 - [TEST_STEP][PASSED] - println("UrA: " + UrA): null

05-03-2025T10:35:31 - [TEST_STEP][PASSED] - for ([i = 1, i < 4, (i++)]): null

05-03-2025T10:35:31 - [TEST_STEP][PASSED] - tableA = Script1719551244403.NewDZO(x = tableA): null

05-03-2025T10:35:31 - [TEST_STEP][PASSED] - i3 = <not implemented yet for class: org.codehaus.groovy.ast.expr.EmptyExpression>: null

05-03-2025T10:35:31 - [TEST_STEP][PASSED] - i3 = x.indexOf("/") + 1: null

05-03-2025T10:35:31 - [TEST_STEP][PASSED] - x = x.substring(i3, x.length()): null

05-03-2025T10:35:31 - [TEST_STEP][PASSED] - return x: null

05-03-2025T10:35:31 - [TEST_STEP][PASSED] - tableA = Script1719551244403.NewDZO(x = tableA): null

05-03-2025T10:35:31 - [TEST_STEP][PASSED] - i3 = <not implemented yet for class: org.codehaus.groovy.ast.expr.EmptyExpression>: null

05-03-2025T10:35:31 - [TEST_STEP][PASSED] - i3 = x.indexOf("/") + 1: null

05-03-2025T10:35:31 - [TEST_STEP][PASSED] - x = x.substring(i3, x.length()): null

05-03-2025T10:35:31 - [TEST_STEP][PASSED] - return x: null

05-03-2025T10:35:31 - [TEST_STEP][PASSED] - tableA = Script1719551244403.NewDZO(x = tableA): null

05-03-2025T10:35:31 - [TEST_STEP][PASSED] - i3 = <not implemented yet for class: org.codehaus.groovy.ast.expr.EmptyExpression>: null

05-03-2025T10:35:31 - [TEST_STEP][PASSED] - i3 = x.indexOf("/") + 1: null

05-03-2025T10:35:31 - [TEST_STEP][PASSED] - x = x.substring(i3, x.length()): null

05-03-2025T10:35:31 - [TEST_STEP][PASSED] - return x: null

05-03-2025T10:35:31 - [TEST_STEP][PASSED] - i = tableA.indexOf("Центр"): null

05-03-2025T10:35:31 - [TEST_STEP][PASSED] - FSKA = replaceAll("\p{P}", "").trim(): null

05-03-2025T10:35:31 - [TEST_STEP][PASSED] - println("FSKA: " + FSKA): null

05-03-2025T10:35:31 - [TEST_STEP][PASSED] - tableA = Script1719551244403.NewDZO(x = tableA): null

05-03-2025T10:35:31 - [TEST_STEP][PASSED] - i3 = <not implemented yet for class: org.codehaus.groovy.ast.expr.EmptyExpression>: null

05-03-2025T10:35:31 - [TEST_STEP][PASSED] - i3 = x.indexOf("/") + 1: null

05-03-2025T10:35:31 - [TEST_STEP][PASSED] - x = x.substring(i3, x.length()): null

05-03-2025T10:35:31 - [TEST_STEP][PASSED] - return x: null

05-03-2025T10:35:31 - [TEST_STEP][PASSED] - i = tableA.indexOf("Приволжье"): null

05-03-2025T10:35:31 - [TEST_STEP][PASSED] - CenA = replaceAll("\p{P}", "").trim(): null

05-03-2025T10:35:31 - [TEST_STEP][PASSED] - println("CenA: " + CenA): null

05-03-2025T10:35:31 - [TEST_STEP][PASSED] - for ([i = 1, i < 12, (i++)]): null

05-03-2025T10:35:31 - [TEST_STEP][PASSED] - tableA = Script1719551244403.NewDZO(x = tableA): null

05-03-2025T10:35:31 - [TEST_STEP][PASSED] - i3 = <not implemented yet for class: org.codehaus.groovy.ast.expr.EmptyExpression>: null

05-03-2025T10:35:31 - [TEST_STEP][PASSED] - i3 = x.indexOf("/") + 1: null

05-03-2025T10:35:31 - [TEST_STEP][PASSED] - x = x.substring(i3, x.length()): null

05-03-2025T10:35:31 - [TEST_STEP][PASSED] - return x: null

05-03-2025T10:35:31 - [TEST_STEP][PASSED] - tableA = Script1719551244403.NewDZO(x = tableA): null

05-03-2025T10:35:31 - [TEST_STEP][PASSED] - i3 = <not implemented yet for class: org.codehaus.groovy.ast.expr.EmptyExpression>: null

05-03-2025T10:35:31 - [TEST_STEP][PASSED] - i3 = x.indexOf("/") + 1: null

05-03-2025T10:35:31 - [TEST_STEP][PASSED] - x = x.substring(i3, x.length()): null

05-03-2025T10:35:31 - [TEST_STEP][PASSED] - return x: null

05-03-2025T10:35:31 - [TEST_STEP][PASSED] - tableA = Script1719551244403.NewDZO(x = tableA): null

05-03-2025T10:35:31 - [TEST_STEP][PASSED] - i3 = <not implemented yet for class: org.codehaus.groovy.ast.expr.EmptyExpression>: null

05-03-2025T10:35:31 - [TEST_STEP][PASSED] - i3 = x.indexOf("/") + 1: null

05-03-2025T10:35:31 - [TEST_STEP][PASSED] - x = x.substring(i3, x.length()): null

05-03-2025T10:35:31 - [TEST_STEP][PASSED] - return x: null

05-03-2025T10:35:31 - [TEST_STEP][PASSED] - tableA = Script1719551244403.NewDZO(x = tableA): null

05-03-2025T10:35:31 - [TEST_STEP][PASSED] - i3 = <not implemented yet for class: org.codehaus.groovy.ast.expr.EmptyExpression>: null

05-03-2025T10:35:31 - [TEST_STEP][PASSED] - i3 = x.indexOf("/") + 1: null

05-03-2025T10:35:31 - [TEST_STEP][PASSED] - x = x.substring(i3, x.length()): null

05-03-2025T10:35:31 - [TEST_STEP][PASSED] - return x: null

05-03-2025T10:35:31 - [TEST_STEP][PASSED] - tableA = Script1719551244403.NewDZO(x = tableA): null

05-03-2025T10:35:31 - [TEST_STEP][PASSED] - i3 = <not implemented yet for class: org.codehaus.groovy.ast.expr.EmptyExpression>: null

05-03-2025T10:35:31 - [TEST_STEP][PASSED] - i3 = x.indexOf("/") + 1: null

05-03-2025T10:35:31 - [TEST_STEP][PASSED] - x = x.substring(i3, x.length()): null

05-03-2025T10:35:31 - [TEST_STEP][PASSED] - return x: null

05-03-2025T10:35:31 - [TEST_STEP][PASSED] - tableA = Script1719551244403.NewDZO(x = tableA): null

05-03-2025T10:35:31 - [TEST_STEP][PASSED] - i3 = <not implemented yet for class: org.codehaus.groovy.ast.expr.EmptyExpression>: null

05-03-2025T10:35:31 - [TEST_STEP][PASSED] - i3 = x.indexOf("/") + 1: null

05-03-2025T10:35:31 - [TEST_STEP][PASSED] - x = x.substring(i3, x.length()): null

05-03-2025T10:35:31 - [TEST_STEP][PASSED] - return x: null

05-03-2025T10:35:31 - [TEST_STEP][PASSED] - tableA = Script1719551244403.NewDZO(x = tableA): null

05-03-2025T10:35:31 - [TEST_STEP][PASSED] - i3 = <not implemented yet for class: org.codehaus.groovy.ast.expr.EmptyExpression>: null

05-03-2025T10:35:31 - [TEST_STEP][PASSED] - i3 = x.indexOf("/") + 1: null

05-03-2025T10:35:31 - [TEST_STEP][PASSED] - x = x.substring(i3, x.length()): null

05-03-2025T10:35:31 - [TEST_STEP][PASSED] - return x: null

05-03-2025T10:35:31 - [TEST_STEP][PASSED] - tableA = Script1719551244403.NewDZO(x = tableA): null

05-03-2025T10:35:31 - [TEST_STEP][PASSED] - i3 = <not implemented yet for class: org.codehaus.groovy.ast.expr.EmptyExpression>: null

05-03-2025T10:35:31 - [TEST_STEP][PASSED] - i3 = x.indexOf("/") + 1: null

05-03-2025T10:35:31 - [TEST_STEP][PASSED] - x = x.substring(i3, x.length()): null

05-03-2025T10:35:31 - [TEST_STEP][PASSED] - return x: null

05-03-2025T10:35:31 - [TEST_STEP][PASSED] - tableA = Script1719551244403.NewDZO(x = tableA): null

05-03-2025T10:35:31 - [TEST_STEP][PASSED] - i3 = <not implemented yet for class: org.codehaus.groovy.ast.expr.EmptyExpression>: null

05-03-2025T10:35:31 - [TEST_STEP][PASSED] - i3 = x.indexOf("/") + 1: null

05-03-2025T10:35:31 - [TEST_STEP][PASSED] - x = x.substring(i3, x.length()): null

05-03-2025T10:35:31 - [TEST_STEP][PASSED] - return x: null

05-03-2025T10:35:31 - [TEST_STEP][PASSED] - tableA = Script1719551244403.NewDZO(x = tableA): null

05-03-2025T10:35:31 - [TEST_STEP][PASSED] - i3 = <not implemented yet for class: org.codehaus.groovy.ast.expr.EmptyExpression>: null

05-03-2025T10:35:31 - [TEST_STEP][PASSED] - i3 = x.indexOf("/") + 1: null

05-03-2025T10:35:31 - [TEST_STEP][PASSED] - x = x.substring(i3, x.length()): null

05-03-2025T10:35:31 - [TEST_STEP][PASSED] - return x: null

05-03-2025T10:35:31 - [TEST_STEP][PASSED] - tableA = Script1719551244403.NewDZO(x = tableA): null

05-03-2025T10:35:31 - [TEST_STEP][PASSED] - i3 = <not implemented yet for class: org.codehaus.groovy.ast.expr.EmptyExpression>: null

05-03-2025T10:35:31 - [TEST_STEP][PASSED] - i3 = x.indexOf("/") + 1: null

05-03-2025T10:35:31 - [TEST_STEP][PASSED] - x = x.substring(i3, x.length()): null

05-03-2025T10:35:31 - [TEST_STEP][PASSED] - return x: null

05-03-2025T10:35:31 - [TEST_STEP][PASSED] - i = tableA.indexOf("Юг"): null

05-03-2025T10:35:31 - [TEST_STEP][PASSED] - CiPA = replaceAll("\p{P}", "").trim(): null

05-03-2025T10:35:31 - [TEST_STEP][PASSED] - println("CiPA: " + CiPA): null

05-03-2025T10:35:31 - [TEST_STEP][PASSED] - for ([i = 1, i < 10, (i++)]): null

05-03-2025T10:35:31 - [TEST_STEP][PASSED] - tableA = Script1719551244403.NewDZO(x = tableA): null

05-03-2025T10:35:31 - [TEST_STEP][PASSED] - i3 = <not implemented yet for class: org.codehaus.groovy.ast.expr.EmptyExpression>: null

05-03-2025T10:35:31 - [TEST_STEP][PASSED] - i3 = x.indexOf("/") + 1: null

05-03-2025T10:35:31 - [TEST_STEP][PASSED] - x = x.substring(i3, x.length()): null

05-03-2025T10:35:31 - [TEST_STEP][PASSED] - return x: null

05-03-2025T10:35:31 - [TEST_STEP][PASSED] - tableA = Script1719551244403.NewDZO(x = tableA): null

05-03-2025T10:35:31 - [TEST_STEP][PASSED] - i3 = <not implemented yet for class: org.codehaus.groovy.ast.expr.EmptyExpression>: null

05-03-2025T10:35:31 - [TEST_STEP][PASSED] - i3 = x.indexOf("/") + 1: null

05-03-2025T10:35:31 - [TEST_STEP][PASSED] - x = x.substring(i3, x.length()): null

05-03-2025T10:35:31 - [TEST_STEP][PASSED] - return x: null

05-03-2025T10:35:31 - [TEST_STEP][PASSED] - tableA = Script1719551244403.NewDZO(x = tableA): null

05-03-2025T10:35:31 - [TEST_STEP][PASSED] - i3 = <not implemented yet for class: org.codehaus.groovy.ast.expr.EmptyExpression>: null

05-03-2025T10:35:31 - [TEST_STEP][PASSED] - i3 = x.indexOf("/") + 1: null

05-03-2025T10:35:31 - [TEST_STEP][PASSED] - x = x.substring(i3, x.length()): null

05-03-2025T10:35:31 - [TEST_STEP][PASSED] - return x: null

05-03-2025T10:35:31 - [TEST_STEP][PASSED] - tableA = Script1719551244403.NewDZO(x = tableA): null

05-03-2025T10:35:31 - [TEST_STEP][PASSED] - i3 = <not implemented yet for class: org.codehaus.groovy.ast.expr.EmptyExpression>: null

05-03-2025T10:35:31 - [TEST_STEP][PASSED] - i3 = x.indexOf("/") + 1: null

05-03-2025T10:35:31 - [TEST_STEP][PASSED] - x = x.substring(i3, x.length()): null

05-03-2025T10:35:31 - [TEST_STEP][PASSED] - return x: null

05-03-2025T10:35:31 - [TEST_STEP][PASSED] - tableA = Script1719551244403.NewDZO(x = tableA): null

05-03-2025T10:35:31 - [TEST_STEP][PASSED] - i3 = <not implemented yet for class: org.codehaus.groovy.ast.expr.EmptyExpression>: null

05-03-2025T10:35:31 - [TEST_STEP][PASSED] - i3 = x.indexOf("/") + 1: null

05-03-2025T10:35:31 - [TEST_STEP][PASSED] - x = x.substring(i3, x.length()): null

05-03-2025T10:35:31 - [TEST_STEP][PASSED] - return x: null

05-03-2025T10:35:31 - [TEST_STEP][PASSED] - tableA = Script1719551244403.NewDZO(x = tableA): null

05-03-2025T10:35:31 - [TEST_STEP][PASSED] - i3 = <not implemented yet for class: org.codehaus.groovy.ast.expr.EmptyExpression>: null

05-03-2025T10:35:31 - [TEST_STEP][PASSED] - i3 = x.indexOf("/") + 1: null

05-03-2025T10:35:31 - [TEST_STEP][PASSED] - x = x.substring(i3, x.length()): null

05-03-2025T10:35:31 - [TEST_STEP][PASSED] - return x: null

05-03-2025T10:35:31 - [TEST_STEP][PASSED] - tableA = Script1719551244403.NewDZO(x = tableA): null

05-03-2025T10:35:31 - [TEST_STEP][PASSED] - i3 = <not implemented yet for class: org.codehaus.groovy.ast.expr.EmptyExpression>: null

05-03-2025T10:35:31 - [TEST_STEP][PASSED] - i3 = x.indexOf("/") + 1: null

05-03-2025T10:35:31 - [TEST_STEP][PASSED] - x = x.substring(i3, x.length()): null

05-03-2025T10:35:31 - [TEST_STEP][PASSED] - return x: null

05-03-2025T10:35:31 - [TEST_STEP][PASSED] - tableA = Script1719551244403.NewDZO(x = tableA): null

05-03-2025T10:35:31 - [TEST_STEP][PASSED] - i3 = <not implemented yet for class: org.codehaus.groovy.ast.expr.EmptyExpression>: null

05-03-2025T10:35:31 - [TEST_STEP][PASSED] - i3 = x.indexOf("/") + 1: null

05-03-2025T10:35:31 - [TEST_STEP][PASSED] - x = x.substring(i3, x.length()): null

05-03-2025T10:35:31 - [TEST_STEP][PASSED] - return x: null

05-03-2025T10:35:31 - [TEST_STEP][PASSED] - tableA = Script1719551244403.NewDZO(x = tableA): null

05-03-2025T10:35:31 - [TEST_STEP][PASSED] - i3 = <not implemented yet for class: org.codehaus.groovy.ast.expr.EmptyExpression>: null

05-03-2025T10:35:31 - [TEST_STEP][PASSED] - i3 = x.indexOf("/") + 1: null

05-03-2025T10:35:31 - [TEST_STEP][PASSED] - x = x.substring(i3, x.length()): null

05-03-2025T10:35:31 - [TEST_STEP][PASSED] - return x: null

05-03-2025T10:35:31 - [TEST_STEP][PASSED] - i = tableA.indexOf("Янтарь"): null

05-03-2025T10:35:31 - [TEST_STEP][PASSED] - UgA = replaceAll("\p{P}", "").trim(): null

05-03-2025T10:35:31 - [TEST_STEP][PASSED] - println("UgA: " + UgA): null

05-03-2025T10:35:31 - [TEST_STEP][PASSED] - i = tableA.lastIndexOf("/"): null

05-03-2025T10:35:31 - [TEST_STEP][PASSED] - YaA = replaceAll("\p{P}", "").trim(): null

05-03-2025T10:35:31 - [TEST_STEP][PASSED] - println("YaA: " + YaA): null

05-03-2025T10:35:31 - [TEST_STEP][PASSED] - delay(10): Delayed 10 second(s)

05-03-2025T10:35:41 - [MESSAGE][PASSED] - Delayed 10 second(s)

05-03-2025T10:35:41 - [TEST_STEP][PASSED] - navigateToUrl(findTestData("PlanFact").getValue(10, 11)): Navigate to 'https://bi.rosseti.digital/viewer?dashboardGuid=a1fd28b3785d443cbc4d7690a1d78e31&sheetGuid=d3a0ddec2e914cb380b20dca74903099&fit=true' successfully

05-03-2025T10:35:42 - [MESSAGE][PASSED] - Navigate to 'https://bi.rosseti.digital/viewer?dashboardGuid=a1fd28b3785d443cbc4d7690a1d78e31&sheetGuid=d3a0ddec2e914cb380b20dca74903099&fit=true' successfully

05-03-2025T10:35:42 - [TEST_STEP][PASSED] - b = <not implemented yet for class: org.codehaus.groovy.ast.expr.EmptyExpression>: null

05-03-2025T10:35:42 - [TEST_STEP][PASSED] - b1 = <not implemented yet for class: org.codehaus.groovy.ast.expr.EmptyExpression>: null

05-03-2025T10:35:42 - [TEST_STEP][PASSED] - b2 = <not implemented yet for class: org.codehaus.groovy.ast.expr.EmptyExpression>: null

05-03-2025T10:35:42 - [TEST_STEP][PASSED] - click(findTestObject("Факторный анализ/Фильтр Дата Выручка")): Object: 'Object Repository/Факторный анализ/Фильтр Дата Выручка' is clicked on

05-03-2025T10:35:54 - [MESSAGE][PASSED] - Object: 'Object Repository/Факторный анализ/Фильтр Дата Выручка' is clicked on

05-03-2025T10:35:54 - [TEST_STEP][PASSED] - click(findTestObject("Факторный анализ/Снять выделение в фильтре Дата Выручка")): Object: 'Object Repository/Факторный анализ/Снять выделение в фильтре Дата Выручка' is clicked on

05-03-2025T10:35:54 - [MESSAGE][PASSED] - Object: 'Object Repository/Факторный анализ/Снять выделение в фильтре Дата Выручка' is clicked on

05-03-2025T10:35:54 - [TEST_STEP][PASSED] - click(findTestObject("Факторный анализ/Применить в фильтре Дата Выручка")): Object: 'Object Repository/Факторный анализ/Применить в фильтре Дата Выручка' is clicked on

05-03-2025T10:35:55 - [MESSAGE][PASSED] - Object: 'Object Repository/Факторный анализ/Применить в фильтре Дата Выручка' is clicked on

05-03-2025T10:35:55 - [TEST_STEP][PASSED] - delay(10): Delayed 10 second(s)

05-03-2025T10:36:05 - [MESSAGE][PASSED] - Delayed 10 second(s)

05-03-2025T10:36:05 - [TEST_STEP][PASSED] - click(findTestObject("Факторный анализ/Фильтр Дата Выручка")): Object: 'Object Repository/Факторный анализ/Фильтр Дата Выручка' is clicked on

05-03-2025T10:36:05 - [MESSAGE][PASSED] - Object: 'Object Repository/Факторный анализ/Фильтр Дата Выручка' is clicked on

05-03-2025T10:36:05 - [TEST_STEP][PASSED] - click(findTestObject("Факторный анализ/Снять выделение в фильтре Дата Выручка")): Object: 'Object Repository/Факторный анализ/Снять выделение в фильтре Дата Выручка' is clicked on

05-03-2025T10:36:06 - [MESSAGE][PASSED] - Object: 'Object Repository/Факторный анализ/Снять выделение в фильтре Дата Выручка' is clicked on

05-03-2025T10:36:06 - [TEST_STEP][PASSED] - scrollToElement(findTestObject("Факторный анализ/2025 список Выручка"), 30): Scroll to object 'Object Repository/Факторный анализ/2025 список Выручка' successfully

05-03-2025T10:36:06 - [MESSAGE][PASSED] - Scroll to object 'Object Repository/Факторный анализ/2025 список Выручка' successfully

05-03-2025T10:36:06 - [TEST_STEP][PASSED] - click(findTestObject("Факторный анализ/2025 список Выручка")): Object: 'Object Repository/Факторный анализ/2025 список Выручка' is clicked on

05-03-2025T10:36:06 - [MESSAGE][PASSED] - Object: 'Object Repository/Факторный анализ/2025 список Выручка' is clicked on

05-03-2025T10:36:06 - [TEST_STEP][PASSED] - scrollToElement(findTestObject("Факторный анализ/1 квартал 2025 список Выручка"), 30): Scroll to object 'Object Repository/Факторный анализ/1 квартал 2025 список Выручка' successfully

05-03-2025T10:36:07 - [MESSAGE][PASSED] - Scroll to object 'Object Repository/Факторный анализ/1 квартал 2025 список Выручка' successfully

05-03-2025T10:36:07 - [TEST_STEP][PASSED] - click(findTestObject("Факторный анализ/1 квартал 2025 список Выручка"), CONTINUE_ON_FAILURE): Object: 'Object Repository/Факторный анализ/1 квартал 2025 список Выручка' is clicked on

05-03-2025T10:36:07 - [MESSAGE][PASSED] - Object: 'Object Repository/Факторный анализ/1 квартал 2025 список Выручка' is clicked on

05-03-2025T10:36:07 - [TEST_STEP][PASSED] - scrollToElement(findTestObject("Факторный анализ/Январь 2025 Выручка"), 30): Scroll to object 'Object Repository/Факторный анализ/Январь 2025 Выручка' successfully

05-03-2025T10:36:07 - [MESSAGE][PASSED] - Scroll to object 'Object Repository/Факторный анализ/Январь 2025 Выручка' successfully

05-03-2025T10:36:07 - [TEST_STEP][PASSED] - click(findTestObject("Факторный анализ/Январь 2025 Выручка"), CONTINUE_ON_FAILURE): Object: 'Object Repository/Факторный анализ/Январь 2025 Выручка' is clicked on

05-03-2025T10:36:08 - [MESSAGE][PASSED] - Object: 'Object Repository/Факторный анализ/Январь 2025 Выручка' is clicked on

05-03-2025T10:36:08 - [TEST_STEP][PASSED] - scrollToElement(findTestObject("Факторный анализ/Заголовок дашборда Выручка"), 30): Scroll to object 'Object Repository/Факторный анализ/Заголовок дашборда Выручка' successfully

05-03-2025T10:36:08 - [MESSAGE][PASSED] - Scroll to object 'Object Repository/Факторный анализ/Заголовок дашборда Выручка' successfully

05-03-2025T10:36:08 - [TEST_STEP][PASSED] - click(findTestObject("Факторный анализ/Применить в фильтре Дата Выручка")): Object: 'Object Repository/Факторный анализ/Применить в фильтре Дата Выручка' is clicked on

05-03-2025T10:36:09 - [MESSAGE][PASSED] - Object: 'Object Repository/Факторный анализ/Применить в фильтре Дата Выручка' is clicked on

05-03-2025T10:36:09 - [TEST_STEP][PASSED] - if (run == 1): null

05-03-2025T10:36:09 - [TEST_STEP][PASSED] - b = getText(findTestObject("Факторный анализ/Отклонения выручки по факторам Выручка")): Text of object 'Object Repository/Факторный анализ/Отклонения выручки по факторам Выручка' is: '-121 309-121 309
00
Отклонение (объём услуг) филиал без Nan
Отклонение (средний тариф) филиал без Nan
ПАО Россети'

05-03-2025T10:36:10 - [MESSAGE][PASSED] - Text of object 'Object Repository/Факторный анализ/Отклонения выручки по факторам Выручка' is: '-121 309-121 309
00
Отклонение (объём услуг) филиал без Nan
Отклонение (средний тариф) филиал без Nan
ПАО Россети'

05-03-2025T10:36:10 - [TEST_STEP][PASSED] - b = b.replaceAll("[\r?
|
]", "/"): null

05-03-2025T10:36:10 - [TEST_STEP][PASSED] - println("b: " + b): null

05-03-2025T10:36:10 - [TEST_STEP][PASSED] - i = b.indexOf("Отклонение"): null

05-03-2025T10:36:10 - [TEST_STEP][PASSED] - if (i > -1): null

05-03-2025T10:36:10 - [TEST_STEP][PASSED] - i = i: null

05-03-2025T10:36:11 - [TEST_STEP][PASSED] - b = substring(0, i).trim(): null

05-03-2025T10:36:11 - [TEST_STEP][PASSED] - println("b: " + b): null

05-03-2025T10:36:11 - [TEST_STEP][PASSED] - i = b.indexOf("/"): null

05-03-2025T10:36:11 - [TEST_STEP][PASSED] - if (i > -1): null

05-03-2025T10:36:11 - [TEST_STEP][PASSED] - b1 = b.substring(0, i): null

05-03-2025T10:36:11 - [TEST_STEP][PASSED] - println("b1: " + b1): null

05-03-2025T10:36:11 - [TEST_STEP][PASSED] - b2 = b.substring(b1.length() + 1, b.length()): null

05-03-2025T10:36:11 - [TEST_STEP][PASSED] - println("b2: " + b2): null

05-03-2025T10:36:11 - [TEST_STEP][PASSED] - i = b1.length() / 2: null

05-03-2025T10:36:11 - [TEST_STEP][PASSED] - if (i > -1): null

05-03-2025T10:36:11 - [TEST_STEP][PASSED] - b1 = replaceAll("\s+", "").trim(): null

05-03-2025T10:36:11 - [TEST_STEP][PASSED] - println("b1: " + b1): null

05-03-2025T10:36:11 - [TEST_STEP][PASSED] - i = b2.length() / 2: null

05-03-2025T10:36:11 - [TEST_STEP][PASSED] - if (i > -1): null

05-03-2025T10:36:11 - [TEST_STEP][PASSED] - b2 = replaceAll("\s+", "").trim(): null

05-03-2025T10:36:11 - [TEST_STEP][PASSED] - println("b2: " + b2): null

05-03-2025T10:36:11 - [TEST_STEP][PASSED] - vidget = "Отклонения выручки по факторам": null

05-03-2025T10:36:11 - [TEST_STEP][PASSED] - DZO = "ПАО Россети": null

05-03-2025T10:36:11 - [TEST_STEP][PASSED] - typeOfData = "Отклонение (объём услуг)": null

05-03-2025T10:36:11 - [TEST_STEP][PASSED] - Script1719551244403.Compare(x = a1, y = b1, run, typeOfData, otobrajeniyeDannyh, todaysDate, vidget, DZO): null

05-03-2025T10:36:11 - [TEST_STEP][PASSED] - if (verifyEqual(x, y) == true): Actual object '-121309' and expected object '-121309' are equal

05-03-2025T10:36:11 - [MESSAGE][PASSED] - Actual object '-121309' and expected object '-121309' are equal

05-03-2025T10:36:11 - [TEST_STEP][PASSED] - typeOfData = "Отклонение (средний тариф)": null

05-03-2025T10:36:11 - [TEST_STEP][PASSED] - Script1719551244403.Compare(x = a2, y = b2, run, typeOfData, otobrajeniyeDannyh, todaysDate, vidget, DZO): null

05-03-2025T10:36:11 - [TEST_STEP][FAILED] - if (verifyEqual(x, y) == true): Unable to verify equal between actual object '701' and expected object '0' (Root cause: com.kms.katalon.core.exception.StepFailedException: Actual object '701' and expected object '0' are not equal
	at com.kms.katalon.core.keyword.builtin.VerifyEqualKeyword$_verifyEqual_closure1.doCall(VerifyEqualKeyword.groovy:58)
	at com.kms.katalon.core.keyword.builtin.VerifyEqualKeyword$_verifyEqual_closure1.call(VerifyEqualKeyword.groovy)
	at com.kms.katalon.core.keyword.internal.KeywordMain.runKeyword(KeywordMain.groovy:75)
	at com.kms.katalon.core.keyword.builtin.VerifyEqualKeyword.verifyEqual(VerifyEqualKeyword.groovy:63)
	at com.kms.katalon.core.keyword.builtin.VerifyEqualKeyword.execute(VerifyEqualKeyword.groovy:44)
	at com.kms.katalon.core.keyword.internal.KeywordExecutor.executeKeywordForPlatform(KeywordExecutor.groovy:74)
	at com.kms.katalon.core.keyword.BuiltinKeywords.verifyEqual(BuiltinKeywords.groovy:146)
	at jdk.internal.reflect.GeneratedMethodAccessor25.invoke(Unknown Source)
	at java.base/jdk.internal.reflect.DelegatingMethodAccessorImpl.invoke(DelegatingMethodAccessorImpl.java:43)
	at Факторный анализ сверка дашбордов.Compare(Факторный анализ сверка дашбордов:654)
	at Факторный анализ сверка дашбордов.Test(Факторный анализ сверка дашбордов:422)
	at Факторный анализ сверка дашбордов.run(Факторный анализ сверка дашбордов:44)
	at com.kms.katalon.core.main.ScriptEngine.run(ScriptEngine.java:194)
	at com.kms.katalon.core.main.ScriptEngine.runScriptAsRawText(ScriptEngine.java:119)
	at com.kms.katalon.core.main.TestCaseExecutor.runScript(TestCaseExecutor.java:448)
	at com.kms.katalon.core.main.TestCaseExecutor.doExecute(TestCaseExecutor.java:439)
	at com.kms.katalon.core.main.TestCaseExecutor.processExecutionPhase(TestCaseExecutor.java:418)
	at com.kms.katalon.core.main.TestCaseExecutor.accessMainPhase(TestCaseExecutor.java:410)
	at com.kms.katalon.core.main.TestCaseExecutor.execute(TestCaseExecutor.java:285)
	at com.kms.katalon.core.common.CommonExecutor.accessTestCaseMainPhase(CommonExecutor.java:65)
	at com.kms.katalon.core.main.TestSuiteExecutor.accessTestSuiteMainPhase(TestSuiteExecutor.java:150)
	at com.kms.katalon.core.main.TestSuiteExecutor.execute(TestSuiteExecutor.java:106)
	at com.kms.katalon.core.main.TestCaseMain.startTestSuite(TestCaseMain.java:180)
	at TempTestSuite1741155213601.run(TempTestSuite1741155213601.groovy:35)
	at java.base/jdk.internal.reflect.NativeMethodAccessorImpl.invoke0(Native Method)
	at java.base/jdk.internal.reflect.NativeMethodAccessorImpl.invoke(NativeMethodAccessorImpl.java:77)
	at java.base/jdk.internal.reflect.DelegatingMethodAccessorImpl.invoke(DelegatingMethodAccessorImpl.java:43)
)

05-03-2025T10:36:11 - [MESSAGE][FAILED] - Unable to verify equal between actual object '701' and expected object '0' (Root cause: com.kms.katalon.core.exception.StepFailedException: Actual object '701' and expected object '0' are not equal
	at com.kms.katalon.core.keyword.builtin.VerifyEqualKeyword$_verifyEqual_closure1.doCall(VerifyEqualKeyword.groovy:58)
	at com.kms.katalon.core.keyword.builtin.VerifyEqualKeyword$_verifyEqual_closure1.call(VerifyEqualKeyword.groovy)
	at com.kms.katalon.core.keyword.internal.KeywordMain.runKeyword(KeywordMain.groovy:75)
	at com.kms.katalon.core.keyword.builtin.VerifyEqualKeyword.verifyEqual(VerifyEqualKeyword.groovy:63)
	at com.kms.katalon.core.keyword.builtin.VerifyEqualKeyword.execute(VerifyEqualKeyword.groovy:44)
	at com.kms.katalon.core.keyword.internal.KeywordExecutor.executeKeywordForPlatform(KeywordExecutor.groovy:74)
	at com.kms.katalon.core.keyword.BuiltinKeywords.verifyEqual(BuiltinKeywords.groovy:146)
	at jdk.internal.reflect.GeneratedMethodAccessor25.invoke(Unknown Source)
	at java.base/jdk.internal.reflect.DelegatingMethodAccessorImpl.invoke(DelegatingMethodAccessorImpl.java:43)
	at Факторный анализ сверка дашбордов.Compare(Факторный анализ сверка дашбордов:654)
	at Факторный анализ сверка дашбордов.Test(Факторный анализ сверка дашбордов:422)
	at Факторный анализ сверка дашбордов.run(Факторный анализ сверка дашбордов:44)
	at com.kms.katalon.core.main.ScriptEngine.run(ScriptEngine.java:194)
	at com.kms.katalon.core.main.ScriptEngine.runScriptAsRawText(ScriptEngine.java:119)
	at com.kms.katalon.core.main.TestCaseExecutor.runScript(TestCaseExecutor.java:448)
	at com.kms.katalon.core.main.TestCaseExecutor.doExecute(TestCaseExecutor.java:439)
	at com.kms.katalon.core.main.TestCaseExecutor.processExecutionPhase(TestCaseExecutor.java:418)
	at com.kms.katalon.core.main.TestCaseExecutor.accessMainPhase(TestCaseExecutor.java:410)
	at com.kms.katalon.core.main.TestCaseExecutor.execute(TestCaseExecutor.java:285)
	at com.kms.katalon.core.common.CommonExecutor.accessTestCaseMainPhase(CommonExecutor.java:65)
	at com.kms.katalon.core.main.TestSuiteExecutor.accessTestSuiteMainPhase(TestSuiteExecutor.java:150)
	at com.kms.katalon.core.main.TestSuiteExecutor.execute(TestSuiteExecutor.java:106)
	at com.kms.katalon.core.main.TestCaseMain.startTestSuite(TestCaseMain.java:180)
	at TempTestSuite1741155213601.run(TempTestSuite1741155213601.groovy:35)
	at java.base/jdk.internal.reflect.NativeMethodAccessorImpl.invoke0(Native Method)
	at java.base/jdk.internal.reflect.NativeMethodAccessorImpl.invoke(NativeMethodAccessorImpl.java:77)
	at java.base/jdk.internal.reflect.DelegatingMethodAccessorImpl.invoke(DelegatingMethodAccessorImpl.java:43)
)

05-03-2025T10:36:11 - [TEST_STEP][PASSED] - else: null

05-03-2025T10:36:11 - [TEST_STEP][PASSED] - if (run == 1): null

05-03-2025T10:36:11 - [TEST_STEP][PASSED] - otobrajeniyeDannyh = "Филиал": null

05-03-2025T10:36:11 - [TEST_STEP][PASSED] - Script1719551244403.WriteToExcel(todaysDate, typeOfData, otobrajeniyeDannyh, x, y, vidget, DZO): null

05-03-2025T10:36:11 - [TEST_STEP][PASSED] - sheetName = "Sheet1": null

05-03-2025T10:36:11 - [TEST_STEP][PASSED] - data = findTestData("PlanFact"): null

05-03-2025T10:36:11 - [TEST_STEP][PASSED] - n = data.getRowNumbers() + 1: null

05-03-2025T10:36:11 - [TEST_STEP][PASSED] - period = getText(findTestObject("Факторный анализ/Фильтр Период")): Text of object 'Object Repository/Факторный анализ/Фильтр Период' is: 'Январь 2025 года'

05-03-2025T10:36:11 - [MESSAGE][PASSED] - Text of object 'Object Repository/Факторный анализ/Фильтр Период' is: 'Январь 2025 года'

05-03-2025T10:36:11 - [TEST_STEP][PASSED] - println(period): null

05-03-2025T10:36:11 - [TEST_STEP][PASSED] - dashboardName = "Факторный анализ": null

05-03-2025T10:36:11 - [TEST_STEP][PASSED] - workbook01 = getWorkbook(excelFilePath): null

05-03-2025T10:36:11 - [TEST_STEP][PASSED] - sheet01 = getExcelSheet(workbook01, sheetName): null

05-03-2025T10:36:11 - [TEST_STEP][PASSED] - setValueToCellByIndex(sheet01, n, 0, dashboardName): null

05-03-2025T10:36:11 - [TEST_STEP][PASSED] - setValueToCellByIndex(sheet01, n, 1, DZO): null

05-03-2025T10:36:11 - [TEST_STEP][PASSED] - setValueToCellByIndex(sheet01, n, 2, vidget): null

05-03-2025T10:36:11 - [TEST_STEP][PASSED] - setValueToCellByIndex(sheet01, n, 3, typeOfData): null

05-03-2025T10:36:11 - [TEST_STEP][PASSED] - setValueToCellByIndex(sheet01, n, 4, otobrajeniyeDannyh): null

05-03-2025T10:36:11 - [TEST_STEP][PASSED] - setValueToCellByIndex(sheet01, n, 5, period): null

05-03-2025T10:36:11 - [TEST_STEP][PASSED] - setValueToCellByIndex(sheet01, n, 6, todaysDate): null

05-03-2025T10:36:11 - [TEST_STEP][PASSED] - n = n + 1: null

05-03-2025T10:36:11 - [TEST_STEP][PASSED] - saveWorkbook(excelFilePath, workbook01): null

05-03-2025T10:36:11 - [TEST_STEP][PASSED] - tableB = getText(findTestObject("Факторный анализ/AllTable1 Выручка")).replaceAll("[\r?
|
]", "/"): Text of object 'Object Repository/Факторный анализ/AllTable1 Выручка' is: 'ДЗО
Филиал
Отклонение (объём услуг) филиал без Nan
Отклонение (средний тариф) филиал без Nan
АО "РЭС" АО "РЭС" -76 3
АО «Тываэнерго» АО "Тываэнерго" 0 0
АО «Чеченэнерго» АО «Чеченэнерго» 0 0
Россети Волга Мордовэнерго - 150 -6
Оренбургэнерго 0 0
Пензаэнерго -35 -1
Самарские РС -78 142
Саратовские РС -77 -49
Ульяновские РС 14 6
Чувашэнерго -4 12
Россети Кубань Кубаньэнерго - 341 287
Россети Ленэнерго (ГК) Ленинградская область - 311 187
г. Санкт-Петербург - 291 12
Россети Московский регион Московская область - 780 53
г. Москва 0 0
Россети Северный Кавказ (ГК) Дагэнерго 0 0
Ингушэнерго 0 0
Каббалкэнерго 0 0
Карачаево-Черкесскэнерго 0 0
Севкавказэнерго 0 0
Ставропольэнерго 0 0
Россети Северо-Запад Архангельский филиал -52 21
Вологодский филиал -40 10
Карельский филиал -50 -15
Мурманский филиал 20 -17
Новгородский филиал -49 0
Псковский филиал -48 13
филиал в Республике Коми -53 9
Россети Сибирь (ГК) Алтайэнерго 0 0
Бурятэнерго 0 0
ГАЭС 0 0
Красноярскэнерго 0 0
Кузбассэнерго-РЭС 0 0
Омскэнерго 0 0
Хакасэнерго 0 0
Читаэнерго 0 0
Россети Томск Томская распределительная компания -62 5
Россети Тюмень Россети Тюмень - 986 - 117
Россети Урал (ГК) Пермэнерго - 187 5
Свердловэнерго - 152 -4
Челябэнерго - 141 5
Россети ФСК ЕЭС Итого по ФСК ЕЭС - 311 252
Россети Центр Белгородэнерго -85 14
Брянскэнерго -50 -8
Воронежэнерго -98 -2
Костромаэнерго -42 3
Курскэнерго -32 8
Липецкэнерго -79 20
Орелэнерго -40 5
Смоленскэнерго -52 -7
Тамбовэнерго -25 -5
Тверьэнерго - 133 0
Ярэнерго -60 -6
Россети Центр и Приволжье (ГК) Владимирэнерго 0 0
Ивэнерго 0 0
Калугаэнерго 0 0
Кировэнерго 0 0
Мариэнерго 0 0
Нижновэнерго 0 0
Рязаньэнерго 0 0
Тулэнерго 0 0
Удмуртэнерго 0 0
Россети Юг (ГК) АО «ВМЭС» 0 4
Астраханьэнерго 0 0
Волгоградэнерго - 140 -12
Калмэнерго -8 2
Ростовэнерго -47 16
Россети Янтарь Россети Янтарь -31 12'

05-03-2025T10:36:12 - [MESSAGE][PASSED] - Text of object 'Object Repository/Факторный анализ/AllTable1 Выручка' is: 'ДЗО
Филиал
Отклонение (объём услуг) филиал без Nan
Отклонение (средний тариф) филиал без Nan
АО "РЭС" АО "РЭС" -76 3
АО «Тываэнерго» АО "Тываэнерго" 0 0
АО «Чеченэнерго» АО «Чеченэнерго» 0 0
Россети Волга Мордовэнерго - 150 -6
Оренбургэнерго 0 0
Пензаэнерго -35 -1
Самарские РС -78 142
Саратовские РС -77 -49
Ульяновские РС 14 6
Чувашэнерго -4 12
Россети Кубань Кубаньэнерго - 341 287
Россети Ленэнерго (ГК) Ленинградская область - 311 187
г. Санкт-Петербург - 291 12
Россети Московский регион Московская область - 780 53
г. Москва 0 0
Россети Северный Кавказ (ГК) Дагэнерго 0 0
Ингушэнерго 0 0
Каббалкэнерго 0 0
Карачаево-Черкесскэнерго 0 0
Севкавказэнерго 0 0
Ставропольэнерго 0 0
Россети Северо-Запад Архангельский филиал -52 21
Вологодский филиал -40 10
Карельский филиал -50 -15
Мурманский филиал 20 -17
Новгородский филиал -49 0
Псковский филиал -48 13
филиал в Республике Коми -53 9
Россети Сибирь (ГК) Алтайэнерго 0 0
Бурятэнерго 0 0
ГАЭС 0 0
Красноярскэнерго 0 0
Кузбассэнерго-РЭС 0 0
Омскэнерго 0 0
Хакасэнерго 0 0
Читаэнерго 0 0
Россети Томск Томская распределительная компания -62 5
Россети Тюмень Россети Тюмень - 986 - 117
Россети Урал (ГК) Пермэнерго - 187 5
Свердловэнерго - 152 -4
Челябэнерго - 141 5
Россети ФСК ЕЭС Итого по ФСК ЕЭС - 311 252
Россети Центр Белгородэнерго -85 14
Брянскэнерго -50 -8
Воронежэнерго -98 -2
Костромаэнерго -42 3
Курскэнерго -32 8
Липецкэнерго -79 20
Орелэнерго -40 5
Смоленскэнерго -52 -7
Тамбовэнерго -25 -5
Тверьэнерго - 133 0
Ярэнерго -60 -6
Россети Центр и Приволжье (ГК) Владимирэнерго 0 0
Ивэнерго 0 0
Калугаэнерго 0 0
Кировэнерго 0 0
Мариэнерго 0 0
Нижновэнерго 0 0
Рязаньэнерго 0 0
Тулэнерго 0 0
Удмуртэнерго 0 0
Россети Юг (ГК) АО «ВМЭС» 0 4
Астраханьэнерго 0 0
Волгоградэнерго - 140 -12
Калмэнерго -8 2
Ростовэнерго -47 16
Россети Янтарь Россети Янтарь -31 12'

05-03-2025T10:36:12 - [TEST_STEP][PASSED] - println("tableB: " + tableB): null

05-03-2025T10:36:12 - [TEST_STEP][PASSED] - for ([i = 1, i < 5, (i++)]): null

05-03-2025T10:36:12 - [TEST_STEP][PASSED] - ii = tableB.indexOf("/") + 1: null

05-03-2025T10:36:12 - [TEST_STEP][PASSED] - tableB = tableB.substring(ii, tableB.length()): null

05-03-2025T10:36:12 - [TEST_STEP][PASSED] - ii = tableB.indexOf("/") + 1: null

05-03-2025T10:36:12 - [TEST_STEP][PASSED] - tableB = tableB.substring(ii, tableB.length()): null

05-03-2025T10:36:12 - [TEST_STEP][PASSED] - ii = tableB.indexOf("/") + 1: null

05-03-2025T10:36:12 - [TEST_STEP][PASSED] - tableB = tableB.substring(ii, tableB.length()): null

05-03-2025T10:36:12 - [TEST_STEP][PASSED] - ii = tableB.indexOf("/") + 1: null

05-03-2025T10:36:12 - [TEST_STEP][PASSED] - tableB = tableB.substring(ii, tableB.length()): null

05-03-2025T10:36:12 - [TEST_STEP][PASSED] - println("tableB: " + tableB): null

05-03-2025T10:36:12 - [TEST_STEP][PASSED] - TyB = Script1719551244403.GetData(x = tableB): null

05-03-2025T10:36:12 - [TEST_STEP][PASSED] - i2 = <not implemented yet for class: org.codehaus.groovy.ast.expr.EmptyExpression>: null

05-03-2025T10:36:12 - [TEST_STEP][PASSED] - i2 = x.indexOf("/") + 1: null

05-03-2025T10:36:12 - [TEST_STEP][PASSED] - x = replaceAll("\p{P}", "").trim(): null

05-03-2025T10:36:12 - [TEST_STEP][PASSED] - return x: null

05-03-2025T10:36:12 - [TEST_STEP][PASSED] - println("TyB: " + TyB): null

05-03-2025T10:36:12 - [TEST_STEP][PASSED] - tableB = Script1719551244403.NewDZO(x = tableB): null

05-03-2025T10:36:12 - [TEST_STEP][PASSED] - i3 = <not implemented yet for class: org.codehaus.groovy.ast.expr.EmptyExpression>: null

05-03-2025T10:36:12 - [TEST_STEP][PASSED] - i3 = x.indexOf("/") + 1: null

05-03-2025T10:36:12 - [TEST_STEP][PASSED] - x = x.substring(i3, x.length()): null

05-03-2025T10:36:12 - [TEST_STEP][PASSED] - return x: null

05-03-2025T10:36:12 - [TEST_STEP][PASSED] - ChB = Script1719551244403.GetData(x = tableB): null

05-03-2025T10:36:12 - [TEST_STEP][PASSED] - i2 = <not implemented yet for class: org.codehaus.groovy.ast.expr.EmptyExpression>: null

05-03-2025T10:36:12 - [TEST_STEP][PASSED] - i2 = x.indexOf("/") + 1: null

05-03-2025T10:36:12 - [TEST_STEP][PASSED] - x = replaceAll("\p{P}", "").trim(): null

05-03-2025T10:36:12 - [TEST_STEP][PASSED] - return x: null

05-03-2025T10:36:12 - [TEST_STEP][PASSED] - println("ChB: " + ChB): null

05-03-2025T10:36:12 - [TEST_STEP][PASSED] - tableB = Script1719551244403.NewDZO(x = tableB): null

05-03-2025T10:36:12 - [TEST_STEP][PASSED] - i3 = <not implemented yet for class: org.codehaus.groovy.ast.expr.EmptyExpression>: null

05-03-2025T10:36:12 - [TEST_STEP][PASSED] - i3 = x.indexOf("/") + 1: null

05-03-2025T10:36:12 - [TEST_STEP][PASSED] - x = x.substring(i3, x.length()): null

05-03-2025T10:36:12 - [TEST_STEP][PASSED] - return x: null

05-03-2025T10:36:12 - [TEST_STEP][PASSED] - i = tableB.indexOf("Кубань"): null

05-03-2025T10:36:12 - [TEST_STEP][PASSED] - VB = replaceAll("\p{P}", "").trim(): null

05-03-2025T10:36:12 - [TEST_STEP][PASSED] - println("VB: " + VB): null

05-03-2025T10:36:12 - [TEST_STEP][PASSED] - for ([i = 1, i < 8, (i++)]): null

05-03-2025T10:36:12 - [TEST_STEP][PASSED] - tableB = Script1719551244403.NewDZO(x = tableB): null

05-03-2025T10:36:12 - [TEST_STEP][PASSED] - i3 = <not implemented yet for class: org.codehaus.groovy.ast.expr.EmptyExpression>: null

05-03-2025T10:36:12 - [TEST_STEP][PASSED] - i3 = x.indexOf("/") + 1: null

05-03-2025T10:36:12 - [TEST_STEP][PASSED] - x = x.substring(i3, x.length()): null

05-03-2025T10:36:12 - [TEST_STEP][PASSED] - return x: null

05-03-2025T10:36:12 - [TEST_STEP][PASSED] - tableB = Script1719551244403.NewDZO(x = tableB): null

05-03-2025T10:36:12 - [TEST_STEP][PASSED] - i3 = <not implemented yet for class: org.codehaus.groovy.ast.expr.EmptyExpression>: null

05-03-2025T10:36:12 - [TEST_STEP][PASSED] - i3 = x.indexOf("/") + 1: null

05-03-2025T10:36:12 - [TEST_STEP][PASSED] - x = x.substring(i3, x.length()): null

05-03-2025T10:36:12 - [TEST_STEP][PASSED] - return x: null

05-03-2025T10:36:12 - [TEST_STEP][PASSED] - tableB = Script1719551244403.NewDZO(x = tableB): null

05-03-2025T10:36:12 - [TEST_STEP][PASSED] - i3 = <not implemented yet for class: org.codehaus.groovy.ast.expr.EmptyExpression>: null

05-03-2025T10:36:12 - [TEST_STEP][PASSED] - i3 = x.indexOf("/") + 1: null

05-03-2025T10:36:12 - [TEST_STEP][PASSED] - x = x.substring(i3, x.length()): null

05-03-2025T10:36:12 - [TEST_STEP][PASSED] - return x: null

05-03-2025T10:36:12 - [TEST_STEP][PASSED] - tableB = Script1719551244403.NewDZO(x = tableB): null

05-03-2025T10:36:12 - [TEST_STEP][PASSED] - i3 = <not implemented yet for class: org.codehaus.groovy.ast.expr.EmptyExpression>: null

05-03-2025T10:36:12 - [TEST_STEP][PASSED] - i3 = x.indexOf("/") + 1: null

05-03-2025T10:36:12 - [TEST_STEP][PASSED] - x = x.substring(i3, x.length()): null

05-03-2025T10:36:12 - [TEST_STEP][PASSED] - return x: null

05-03-2025T10:36:12 - [TEST_STEP][PASSED] - tableB = Script1719551244403.NewDZO(x = tableB): null

05-03-2025T10:36:12 - [TEST_STEP][PASSED] - i3 = <not implemented yet for class: org.codehaus.groovy.ast.expr.EmptyExpression>: null

05-03-2025T10:36:12 - [TEST_STEP][PASSED] - i3 = x.indexOf("/") + 1: null

05-03-2025T10:36:12 - [TEST_STEP][PASSED] - x = x.substring(i3, x.length()): null

05-03-2025T10:36:12 - [TEST_STEP][PASSED] - return x: null

05-03-2025T10:36:12 - [TEST_STEP][PASSED] - tableB = Script1719551244403.NewDZO(x = tableB): null

05-03-2025T10:36:12 - [TEST_STEP][PASSED] - i3 = <not implemented yet for class: org.codehaus.groovy.ast.expr.EmptyExpression>: null

05-03-2025T10:36:12 - [TEST_STEP][PASSED] - i3 = x.indexOf("/") + 1: null

05-03-2025T10:36:12 - [TEST_STEP][PASSED] - x = x.substring(i3, x.length()): null

05-03-2025T10:36:12 - [TEST_STEP][PASSED] - return x: null

05-03-2025T10:36:12 - [TEST_STEP][PASSED] - tableB = Script1719551244403.NewDZO(x = tableB): null

05-03-2025T10:36:12 - [TEST_STEP][PASSED] - i3 = <not implemented yet for class: org.codehaus.groovy.ast.expr.EmptyExpression>: null

05-03-2025T10:36:12 - [TEST_STEP][PASSED] - i3 = x.indexOf("/") + 1: null

05-03-2025T10:36:12 - [TEST_STEP][PASSED] - x = x.substring(i3, x.length()): null

05-03-2025T10:36:12 - [TEST_STEP][PASSED] - return x: null

05-03-2025T10:36:12 - [TEST_STEP][PASSED] - i = tableB.indexOf("Ленэнерго"): null

05-03-2025T10:36:12 - [TEST_STEP][PASSED] - KuB = Script1719551244403.GetData(x = tableB): null

05-03-2025T10:36:12 - [TEST_STEP][PASSED] - i2 = <not implemented yet for class: org.codehaus.groovy.ast.expr.EmptyExpression>: null

05-03-2025T10:36:12 - [TEST_STEP][PASSED] - i2 = x.indexOf("/") + 1: null

05-03-2025T10:36:12 - [TEST_STEP][PASSED] - x = replaceAll("\p{P}", "").trim(): null

05-03-2025T10:36:12 - [TEST_STEP][PASSED] - return x: null

05-03-2025T10:36:12 - [TEST_STEP][PASSED] - println("KuB: " + KuB): null

05-03-2025T10:36:12 - [TEST_STEP][PASSED] - tableB = Script1719551244403.NewDZO(x = tableB): null

05-03-2025T10:36:12 - [TEST_STEP][PASSED] - i3 = <not implemented yet for class: org.codehaus.groovy.ast.expr.EmptyExpression>: null

05-03-2025T10:36:12 - [TEST_STEP][PASSED] - i3 = x.indexOf("/") + 1: null

05-03-2025T10:36:12 - [TEST_STEP][PASSED] - x = x.substring(i3, x.length()): null

05-03-2025T10:36:12 - [TEST_STEP][PASSED] - return x: null

05-03-2025T10:36:12 - [TEST_STEP][PASSED] - i = tableB.indexOf("Московский"): null

05-03-2025T10:36:12 - [TEST_STEP][PASSED] - LenB = replaceAll("\p{P}", "").trim(): null

05-03-2025T10:36:12 - [TEST_STEP][PASSED] - println("LenB: " + LenB): null

05-03-2025T10:36:12 - [TEST_STEP][PASSED] - tableB = Script1719551244403.NewDZO(x = tableB): null

05-03-2025T10:36:12 - [TEST_STEP][PASSED] - i3 = <not implemented yet for class: org.codehaus.groovy.ast.expr.EmptyExpression>: null

05-03-2025T10:36:12 - [TEST_STEP][PASSED] - i3 = x.indexOf("/") + 1: null

05-03-2025T10:36:12 - [TEST_STEP][PASSED] - x = x.substring(i3, x.length()): null

05-03-2025T10:36:12 - [TEST_STEP][PASSED] - return x: null

05-03-2025T10:36:12 - [TEST_STEP][PASSED] - tableB = Script1719551244403.NewDZO(x = tableB): null

05-03-2025T10:36:12 - [TEST_STEP][PASSED] - i3 = <not implemented yet for class: org.codehaus.groovy.ast.expr.EmptyExpression>: null

05-03-2025T10:36:12 - [TEST_STEP][PASSED] - i3 = x.indexOf("/") + 1: null

05-03-2025T10:36:12 - [TEST_STEP][PASSED] - x = x.substring(i3, x.length()): null

05-03-2025T10:36:12 - [TEST_STEP][PASSED] - return x: null

05-03-2025T10:36:12 - [TEST_STEP][PASSED] - i = tableB.indexOf("Кавказ"): null

05-03-2025T10:36:12 - [TEST_STEP][PASSED] - MosB = replaceAll("\p{P}", "").trim(): null

05-03-2025T10:36:12 - [TEST_STEP][PASSED] - println("MosB: " + MosB): null

05-03-2025T10:36:12 - [TEST_STEP][PASSED] - for ([i = 1, i < 3, (i++)]): null

05-03-2025T10:36:12 - [TEST_STEP][PASSED] - tableB = Script1719551244403.NewDZO(x = tableB): null

05-03-2025T10:36:12 - [TEST_STEP][PASSED] - i3 = <not implemented yet for class: org.codehaus.groovy.ast.expr.EmptyExpression>: null

05-03-2025T10:36:12 - [TEST_STEP][PASSED] - i3 = x.indexOf("/") + 1: null

05-03-2025T10:36:12 - [TEST_STEP][PASSED] - x = x.substring(i3, x.length()): null

05-03-2025T10:36:12 - [TEST_STEP][PASSED] - return x: null

05-03-2025T10:36:12 - [TEST_STEP][PASSED] - tableB = Script1719551244403.NewDZO(x = tableB): null

05-03-2025T10:36:12 - [TEST_STEP][PASSED] - i3 = <not implemented yet for class: org.codehaus.groovy.ast.expr.EmptyExpression>: null

05-03-2025T10:36:12 - [TEST_STEP][PASSED] - i3 = x.indexOf("/") + 1: null

05-03-2025T10:36:12 - [TEST_STEP][PASSED] - x = x.substring(i3, x.length()): null

05-03-2025T10:36:12 - [TEST_STEP][PASSED] - return x: null

05-03-2025T10:36:12 - [TEST_STEP][PASSED] - i = tableB.indexOf("Запад"): null

05-03-2025T10:36:12 - [TEST_STEP][PASSED] - SKB = replaceAll("\p{P}", "").trim(): null

05-03-2025T10:36:12 - [TEST_STEP][PASSED] - println("SKB: " + SKB): null

05-03-2025T10:36:12 - [TEST_STEP][PASSED] - for ([i = 1, i < 7, (i++)]): null

05-03-2025T10:36:12 - [TEST_STEP][PASSED] - tableB = Script1719551244403.NewDZO(x = tableB): null

05-03-2025T10:36:12 - [TEST_STEP][PASSED] - i3 = <not implemented yet for class: org.codehaus.groovy.ast.expr.EmptyExpression>: null

05-03-2025T10:36:12 - [TEST_STEP][PASSED] - i3 = x.indexOf("/") + 1: null

05-03-2025T10:36:12 - [TEST_STEP][PASSED] - x = x.substring(i3, x.length()): null

05-03-2025T10:36:12 - [TEST_STEP][PASSED] - return x: null

05-03-2025T10:36:12 - [TEST_STEP][PASSED] - tableB = Script1719551244403.NewDZO(x = tableB): null

05-03-2025T10:36:12 - [TEST_STEP][PASSED] - i3 = <not implemented yet for class: org.codehaus.groovy.ast.expr.EmptyExpression>: null

05-03-2025T10:36:12 - [TEST_STEP][PASSED] - i3 = x.indexOf("/") + 1: null

05-03-2025T10:36:12 - [TEST_STEP][PASSED] - x = x.substring(i3, x.length()): null

05-03-2025T10:36:12 - [TEST_STEP][PASSED] - return x: null

05-03-2025T10:36:12 - [TEST_STEP][PASSED] - tableB = Script1719551244403.NewDZO(x = tableB): null

05-03-2025T10:36:12 - [TEST_STEP][PASSED] - i3 = <not implemented yet for class: org.codehaus.groovy.ast.expr.EmptyExpression>: null

05-03-2025T10:36:12 - [TEST_STEP][PASSED] - i3 = x.indexOf("/") + 1: null

05-03-2025T10:36:12 - [TEST_STEP][PASSED] - x = x.substring(i3, x.length()): null

05-03-2025T10:36:12 - [TEST_STEP][PASSED] - return x: null

05-03-2025T10:36:12 - [TEST_STEP][PASSED] - tableB = Script1719551244403.NewDZO(x = tableB): null

05-03-2025T10:36:12 - [TEST_STEP][PASSED] - i3 = <not implemented yet for class: org.codehaus.groovy.ast.expr.EmptyExpression>: null

05-03-2025T10:36:12 - [TEST_STEP][PASSED] - i3 = x.indexOf("/") + 1: null

05-03-2025T10:36:12 - [TEST_STEP][PASSED] - x = x.substring(i3, x.length()): null

05-03-2025T10:36:12 - [TEST_STEP][PASSED] - return x: null

05-03-2025T10:36:12 - [TEST_STEP][PASSED] - tableB = Script1719551244403.NewDZO(x = tableB): null

05-03-2025T10:36:12 - [TEST_STEP][PASSED] - i3 = <not implemented yet for class: org.codehaus.groovy.ast.expr.EmptyExpression>: null

05-03-2025T10:36:12 - [TEST_STEP][PASSED] - i3 = x.indexOf("/") + 1: null

05-03-2025T10:36:12 - [TEST_STEP][PASSED] - x = x.substring(i3, x.length()): null

05-03-2025T10:36:12 - [TEST_STEP][PASSED] - return x: null

05-03-2025T10:36:12 - [TEST_STEP][PASSED] - tableB = Script1719551244403.NewDZO(x = tableB): null

05-03-2025T10:36:12 - [TEST_STEP][PASSED] - i3 = <not implemented yet for class: org.codehaus.groovy.ast.expr.EmptyExpression>: null

05-03-2025T10:36:12 - [TEST_STEP][PASSED] - i3 = x.indexOf("/") + 1: null

05-03-2025T10:36:12 - [TEST_STEP][PASSED] - x = x.substring(i3, x.length()): null

05-03-2025T10:36:12 - [TEST_STEP][PASSED] - return x: null

05-03-2025T10:36:12 - [TEST_STEP][PASSED] - i = tableB.indexOf("Сибирь"): null

05-03-2025T10:36:12 - [TEST_STEP][PASSED] - SZB = replaceAll("\p{P}", "").trim(): null

05-03-2025T10:36:12 - [TEST_STEP][PASSED] - println("SZB: " + SZB): null

05-03-2025T10:36:12 - [TEST_STEP][PASSED] - for ([i = 1, i < 8, (i++)]): null

05-03-2025T10:36:12 - [TEST_STEP][PASSED] - tableB = Script1719551244403.NewDZO(x = tableB): null

05-03-2025T10:36:12 - [TEST_STEP][PASSED] - i3 = <not implemented yet for class: org.codehaus.groovy.ast.expr.EmptyExpression>: null

05-03-2025T10:36:12 - [TEST_STEP][PASSED] - i3 = x.indexOf("/") + 1: null

05-03-2025T10:36:12 - [TEST_STEP][PASSED] - x = x.substring(i3, x.length()): null

05-03-2025T10:36:12 - [TEST_STEP][PASSED] - return x: null

05-03-2025T10:36:12 - [TEST_STEP][PASSED] - tableB = Script1719551244403.NewDZO(x = tableB): null

05-03-2025T10:36:12 - [TEST_STEP][PASSED] - i3 = <not implemented yet for class: org.codehaus.groovy.ast.expr.EmptyExpression>: null

05-03-2025T10:36:12 - [TEST_STEP][PASSED] - i3 = x.indexOf("/") + 1: null

05-03-2025T10:36:12 - [TEST_STEP][PASSED] - x = x.substring(i3, x.length()): null

05-03-2025T10:36:12 - [TEST_STEP][PASSED] - return x: null

05-03-2025T10:36:12 - [TEST_STEP][PASSED] - tableB = Script1719551244403.NewDZO(x = tableB): null

05-03-2025T10:36:12 - [TEST_STEP][PASSED] - i3 = <not implemented yet for class: org.codehaus.groovy.ast.expr.EmptyExpression>: null

05-03-2025T10:36:12 - [TEST_STEP][PASSED] - i3 = x.indexOf("/") + 1: null

05-03-2025T10:36:12 - [TEST_STEP][PASSED] - x = x.substring(i3, x.length()): null

05-03-2025T10:36:12 - [TEST_STEP][PASSED] - return x: null

05-03-2025T10:36:12 - [TEST_STEP][PASSED] - tableB = Script1719551244403.NewDZO(x = tableB): null

05-03-2025T10:36:12 - [TEST_STEP][PASSED] - i3 = <not implemented yet for class: org.codehaus.groovy.ast.expr.EmptyExpression>: null

05-03-2025T10:36:12 - [TEST_STEP][PASSED] - i3 = x.indexOf("/") + 1: null

05-03-2025T10:36:12 - [TEST_STEP][PASSED] - x = x.substring(i3, x.length()): null

05-03-2025T10:36:12 - [TEST_STEP][PASSED] - return x: null

05-03-2025T10:36:12 - [TEST_STEP][PASSED] - tableB = Script1719551244403.NewDZO(x = tableB): null

05-03-2025T10:36:12 - [TEST_STEP][PASSED] - i3 = <not implemented yet for class: org.codehaus.groovy.ast.expr.EmptyExpression>: null

05-03-2025T10:36:12 - [TEST_STEP][PASSED] - i3 = x.indexOf("/") + 1: null

05-03-2025T10:36:12 - [TEST_STEP][PASSED] - x = x.substring(i3, x.length()): null

05-03-2025T10:36:12 - [TEST_STEP][PASSED] - return x: null

05-03-2025T10:36:12 - [TEST_STEP][PASSED] - tableB = Script1719551244403.NewDZO(x = tableB): null

05-03-2025T10:36:12 - [TEST_STEP][PASSED] - i3 = <not implemented yet for class: org.codehaus.groovy.ast.expr.EmptyExpression>: null

05-03-2025T10:36:12 - [TEST_STEP][PASSED] - i3 = x.indexOf("/") + 1: null

05-03-2025T10:36:12 - [TEST_STEP][PASSED] - x = x.substring(i3, x.length()): null

05-03-2025T10:36:12 - [TEST_STEP][PASSED] - return x: null

05-03-2025T10:36:12 - [TEST_STEP][PASSED] - tableB = Script1719551244403.NewDZO(x = tableB): null

05-03-2025T10:36:12 - [TEST_STEP][PASSED] - i3 = <not implemented yet for class: org.codehaus.groovy.ast.expr.EmptyExpression>: null

05-03-2025T10:36:12 - [TEST_STEP][PASSED] - i3 = x.indexOf("/") + 1: null

05-03-2025T10:36:12 - [TEST_STEP][PASSED] - x = x.substring(i3, x.length()): null

05-03-2025T10:36:12 - [TEST_STEP][PASSED] - return x: null

05-03-2025T10:36:12 - [TEST_STEP][PASSED] - i = tableB.indexOf("Томск"): null

05-03-2025T10:36:12 - [TEST_STEP][PASSED] - SiB = replaceAll("\p{P}", "").trim(): null

05-03-2025T10:36:12 - [TEST_STEP][PASSED] - println("SiB: " + SiB): null

05-03-2025T10:36:12 - [TEST_STEP][PASSED] - for ([i = 1, i < 9, (i++)]): null

05-03-2025T10:36:12 - [TEST_STEP][PASSED] - tableB = Script1719551244403.NewDZO(x = tableB): null

05-03-2025T10:36:12 - [TEST_STEP][PASSED] - i3 = <not implemented yet for class: org.codehaus.groovy.ast.expr.EmptyExpression>: null

05-03-2025T10:36:12 - [TEST_STEP][PASSED] - i3 = x.indexOf("/") + 1: null

05-03-2025T10:36:12 - [TEST_STEP][PASSED] - x = x.substring(i3, x.length()): null

05-03-2025T10:36:12 - [TEST_STEP][PASSED] - return x: null

05-03-2025T10:36:12 - [TEST_STEP][PASSED] - tableB = Script1719551244403.NewDZO(x = tableB): null

05-03-2025T10:36:12 - [TEST_STEP][PASSED] - i3 = <not implemented yet for class: org.codehaus.groovy.ast.expr.EmptyExpression>: null

05-03-2025T10:36:12 - [TEST_STEP][PASSED] - i3 = x.indexOf("/") + 1: null

05-03-2025T10:36:12 - [TEST_STEP][PASSED] - x = x.substring(i3, x.length()): null

05-03-2025T10:36:12 - [TEST_STEP][PASSED] - return x: null

05-03-2025T10:36:12 - [TEST_STEP][PASSED] - tableB = Script1719551244403.NewDZO(x = tableB): null

05-03-2025T10:36:12 - [TEST_STEP][PASSED] - i3 = <not implemented yet for class: org.codehaus.groovy.ast.expr.EmptyExpression>: null

05-03-2025T10:36:12 - [TEST_STEP][PASSED] - i3 = x.indexOf("/") + 1: null

05-03-2025T10:36:12 - [TEST_STEP][PASSED] - x = x.substring(i3, x.length()): null

05-03-2025T10:36:12 - [TEST_STEP][PASSED] - return x: null

05-03-2025T10:36:12 - [TEST_STEP][PASSED] - tableB = Script1719551244403.NewDZO(x = tableB): null

05-03-2025T10:36:12 - [TEST_STEP][PASSED] - i3 = <not implemented yet for class: org.codehaus.groovy.ast.expr.EmptyExpression>: null

05-03-2025T10:36:12 - [TEST_STEP][PASSED] - i3 = x.indexOf("/") + 1: null

05-03-2025T10:36:12 - [TEST_STEP][PASSED] - x = x.substring(i3, x.length()): null

05-03-2025T10:36:12 - [TEST_STEP][PASSED] - return x: null

05-03-2025T10:36:12 - [TEST_STEP][PASSED] - tableB = Script1719551244403.NewDZO(x = tableB): null

05-03-2025T10:36:12 - [TEST_STEP][PASSED] - i3 = <not implemented yet for class: org.codehaus.groovy.ast.expr.EmptyExpression>: null

05-03-2025T10:36:12 - [TEST_STEP][PASSED] - i3 = x.indexOf("/") + 1: null

05-03-2025T10:36:12 - [TEST_STEP][PASSED] - x = x.substring(i3, x.length()): null

05-03-2025T10:36:12 - [TEST_STEP][PASSED] - return x: null

05-03-2025T10:36:12 - [TEST_STEP][PASSED] - tableB = Script1719551244403.NewDZO(x = tableB): null

05-03-2025T10:36:12 - [TEST_STEP][PASSED] - i3 = <not implemented yet for class: org.codehaus.groovy.ast.expr.EmptyExpression>: null

05-03-2025T10:36:12 - [TEST_STEP][PASSED] - i3 = x.indexOf("/") + 1: null

05-03-2025T10:36:12 - [TEST_STEP][PASSED] - x = x.substring(i3, x.length()): null

05-03-2025T10:36:12 - [TEST_STEP][PASSED] - return x: null

05-03-2025T10:36:12 - [TEST_STEP][PASSED] - tableB = Script1719551244403.NewDZO(x = tableB): null

05-03-2025T10:36:12 - [TEST_STEP][PASSED] - i3 = <not implemented yet for class: org.codehaus.groovy.ast.expr.EmptyExpression>: null

05-03-2025T10:36:12 - [TEST_STEP][PASSED] - i3 = x.indexOf("/") + 1: null

05-03-2025T10:36:12 - [TEST_STEP][PASSED] - x = x.substring(i3, x.length()): null

05-03-2025T10:36:12 - [TEST_STEP][PASSED] - return x: null

05-03-2025T10:36:12 - [TEST_STEP][PASSED] - tableB = Script1719551244403.NewDZO(x = tableB): null

05-03-2025T10:36:12 - [TEST_STEP][PASSED] - i3 = <not implemented yet for class: org.codehaus.groovy.ast.expr.EmptyExpression>: null

05-03-2025T10:36:12 - [TEST_STEP][PASSED] - i3 = x.indexOf("/") + 1: null

05-03-2025T10:36:12 - [TEST_STEP][PASSED] - x = x.substring(i3, x.length()): null

05-03-2025T10:36:12 - [TEST_STEP][PASSED] - return x: null

05-03-2025T10:36:12 - [TEST_STEP][PASSED] - i = tableB.indexOf("Тюмень"): null

05-03-2025T10:36:12 - [TEST_STEP][PASSED] - ToB = replaceAll("\p{P}", "").trim(): null

05-03-2025T10:36:12 - [TEST_STEP][PASSED] - println("ToB: " + ToB): null

05-03-2025T10:36:12 - [TEST_STEP][PASSED] - tableB = Script1719551244403.NewDZO(x = tableB): null

05-03-2025T10:36:12 - [TEST_STEP][PASSED] - i3 = <not implemented yet for class: org.codehaus.groovy.ast.expr.EmptyExpression>: null

05-03-2025T10:36:12 - [TEST_STEP][PASSED] - i3 = x.indexOf("/") + 1: null

05-03-2025T10:36:12 - [TEST_STEP][PASSED] - x = x.substring(i3, x.length()): null

05-03-2025T10:36:12 - [TEST_STEP][PASSED] - return x: null

05-03-2025T10:36:12 - [TEST_STEP][PASSED] - TyuB = replaceAll("\p{P}", "").trim(): null

05-03-2025T10:36:12 - [TEST_STEP][PASSED] - println("TyuB: " + TyuB): null

05-03-2025T10:36:12 - [TEST_STEP][PASSED] - tableB = Script1719551244403.NewDZO(x = tableB): null

05-03-2025T10:36:12 - [TEST_STEP][PASSED] - i3 = <not implemented yet for class: org.codehaus.groovy.ast.expr.EmptyExpression>: null

05-03-2025T10:36:12 - [TEST_STEP][PASSED] - i3 = x.indexOf("/") + 1: null

05-03-2025T10:36:12 - [TEST_STEP][PASSED] - x = x.substring(i3, x.length()): null

05-03-2025T10:36:12 - [TEST_STEP][PASSED] - return x: null

05-03-2025T10:36:12 - [TEST_STEP][PASSED] - i = tableB.indexOf("ЕЭС"): null

05-03-2025T10:36:12 - [TEST_STEP][PASSED] - UrB = replaceAll("\p{P}", "").trim(): null

05-03-2025T10:36:12 - [TEST_STEP][PASSED] - println("UrB: " + UrB): null

05-03-2025T10:36:12 - [TEST_STEP][PASSED] - for ([i = 1, i < 4, (i++)]): null

05-03-2025T10:36:12 - [TEST_STEP][PASSED] - tableB = Script1719551244403.NewDZO(x = tableB): null

05-03-2025T10:36:12 - [TEST_STEP][PASSED] - i3 = <not implemented yet for class: org.codehaus.groovy.ast.expr.EmptyExpression>: null

05-03-2025T10:36:12 - [TEST_STEP][PASSED] - i3 = x.indexOf("/") + 1: null

05-03-2025T10:36:12 - [TEST_STEP][PASSED] - x = x.substring(i3, x.length()): null

05-03-2025T10:36:12 - [TEST_STEP][PASSED] - return x: null

05-03-2025T10:36:12 - [TEST_STEP][PASSED] - tableB = Script1719551244403.NewDZO(x = tableB): null

05-03-2025T10:36:12 - [TEST_STEP][PASSED] - i3 = <not implemented yet for class: org.codehaus.groovy.ast.expr.EmptyExpression>: null

05-03-2025T10:36:12 - [TEST_STEP][PASSED] - i3 = x.indexOf("/") + 1: null

05-03-2025T10:36:12 - [TEST_STEP][PASSED] - x = x.substring(i3, x.length()): null

05-03-2025T10:36:12 - [TEST_STEP][PASSED] - return x: null

05-03-2025T10:36:12 - [TEST_STEP][PASSED] - tableB = Script1719551244403.NewDZO(x = tableB): null

05-03-2025T10:36:12 - [TEST_STEP][PASSED] - i3 = <not implemented yet for class: org.codehaus.groovy.ast.expr.EmptyExpression>: null

05-03-2025T10:36:12 - [TEST_STEP][PASSED] - i3 = x.indexOf("/") + 1: null

05-03-2025T10:36:12 - [TEST_STEP][PASSED] - x = x.substring(i3, x.length()): null

05-03-2025T10:36:12 - [TEST_STEP][PASSED] - return x: null

05-03-2025T10:36:12 - [TEST_STEP][PASSED] - i = tableB.indexOf("Центр"): null

05-03-2025T10:36:12 - [TEST_STEP][PASSED] - FSKB = replaceAll("\p{P}", "").trim(): null

05-03-2025T10:36:12 - [TEST_STEP][PASSED] - println("FSKB: " + FSKB): null

05-03-2025T10:36:12 - [TEST_STEP][PASSED] - tableB = Script1719551244403.NewDZO(x = tableB): null

05-03-2025T10:36:12 - [TEST_STEP][PASSED] - i3 = <not implemented yet for class: org.codehaus.groovy.ast.expr.EmptyExpression>: null

05-03-2025T10:36:12 - [TEST_STEP][PASSED] - i3 = x.indexOf("/") + 1: null

05-03-2025T10:36:12 - [TEST_STEP][PASSED] - x = x.substring(i3, x.length()): null

05-03-2025T10:36:12 - [TEST_STEP][PASSED] - return x: null

05-03-2025T10:36:12 - [TEST_STEP][PASSED] - i = tableB.indexOf("Приволжье"): null

05-03-2025T10:36:12 - [TEST_STEP][PASSED] - CenB = replaceAll("\p{P}", "").trim(): null

05-03-2025T10:36:12 - [TEST_STEP][PASSED] - println("CenB: " + CenB): null

05-03-2025T10:36:12 - [TEST_STEP][PASSED] - for ([i = 1, i < 12, (i++)]): null

05-03-2025T10:36:12 - [TEST_STEP][PASSED] - tableB = Script1719551244403.NewDZO(x = tableB): null

05-03-2025T10:36:12 - [TEST_STEP][PASSED] - i3 = <not implemented yet for class: org.codehaus.groovy.ast.expr.EmptyExpression>: null

05-03-2025T10:36:12 - [TEST_STEP][PASSED] - i3 = x.indexOf("/") + 1: null

05-03-2025T10:36:12 - [TEST_STEP][PASSED] - x = x.substring(i3, x.length()): null

05-03-2025T10:36:12 - [TEST_STEP][PASSED] - return x: null

05-03-2025T10:36:12 - [TEST_STEP][PASSED] - tableB = Script1719551244403.NewDZO(x = tableB): null

05-03-2025T10:36:12 - [TEST_STEP][PASSED] - i3 = <not implemented yet for class: org.codehaus.groovy.ast.expr.EmptyExpression>: null

05-03-2025T10:36:12 - [TEST_STEP][PASSED] - i3 = x.indexOf("/") + 1: null

05-03-2025T10:36:12 - [TEST_STEP][PASSED] - x = x.substring(i3, x.length()): null

05-03-2025T10:36:12 - [TEST_STEP][PASSED] - return x: null

05-03-2025T10:36:12 - [TEST_STEP][PASSED] - tableB = Script1719551244403.NewDZO(x = tableB): null

05-03-2025T10:36:12 - [TEST_STEP][PASSED] - i3 = <not implemented yet for class: org.codehaus.groovy.ast.expr.EmptyExpression>: null

05-03-2025T10:36:12 - [TEST_STEP][PASSED] - i3 = x.indexOf("/") + 1: null

05-03-2025T10:36:12 - [TEST_STEP][PASSED] - x = x.substring(i3, x.length()): null

05-03-2025T10:36:12 - [TEST_STEP][PASSED] - return x: null

05-03-2025T10:36:12 - [TEST_STEP][PASSED] - tableB = Script1719551244403.NewDZO(x = tableB): null

05-03-2025T10:36:12 - [TEST_STEP][PASSED] - i3 = <not implemented yet for class: org.codehaus.groovy.ast.expr.EmptyExpression>: null

05-03-2025T10:36:12 - [TEST_STEP][PASSED] - i3 = x.indexOf("/") + 1: null

05-03-2025T10:36:12 - [TEST_STEP][PASSED] - x = x.substring(i3, x.length()): null

05-03-2025T10:36:12 - [TEST_STEP][PASSED] - return x: null

05-03-2025T10:36:12 - [TEST_STEP][PASSED] - tableB = Script1719551244403.NewDZO(x = tableB): null

05-03-2025T10:36:12 - [TEST_STEP][PASSED] - i3 = <not implemented yet for class: org.codehaus.groovy.ast.expr.EmptyExpression>: null

05-03-2025T10:36:12 - [TEST_STEP][PASSED] - i3 = x.indexOf("/") + 1: null

05-03-2025T10:36:12 - [TEST_STEP][PASSED] - x = x.substring(i3, x.length()): null

05-03-2025T10:36:12 - [TEST_STEP][PASSED] - return x: null

05-03-2025T10:36:12 - [TEST_STEP][PASSED] - tableB = Script1719551244403.NewDZO(x = tableB): null

05-03-2025T10:36:12 - [TEST_STEP][PASSED] - i3 = <not implemented yet for class: org.codehaus.groovy.ast.expr.EmptyExpression>: null

05-03-2025T10:36:12 - [TEST_STEP][PASSED] - i3 = x.indexOf("/") + 1: null

05-03-2025T10:36:12 - [TEST_STEP][PASSED] - x = x.substring(i3, x.length()): null

05-03-2025T10:36:12 - [TEST_STEP][PASSED] - return x: null

05-03-2025T10:36:12 - [TEST_STEP][PASSED] - tableB = Script1719551244403.NewDZO(x = tableB): null

05-03-2025T10:36:12 - [TEST_STEP][PASSED] - i3 = <not implemented yet for class: org.codehaus.groovy.ast.expr.EmptyExpression>: null

05-03-2025T10:36:12 - [TEST_STEP][PASSED] - i3 = x.indexOf("/") + 1: null

05-03-2025T10:36:12 - [TEST_STEP][PASSED] - x = x.substring(i3, x.length()): null

05-03-2025T10:36:12 - [TEST_STEP][PASSED] - return x: null

05-03-2025T10:36:12 - [TEST_STEP][PASSED] - tableB = Script1719551244403.NewDZO(x = tableB): null

05-03-2025T10:36:12 - [TEST_STEP][PASSED] - i3 = <not implemented yet for class: org.codehaus.groovy.ast.expr.EmptyExpression>: null

05-03-2025T10:36:12 - [TEST_STEP][PASSED] - i3 = x.indexOf("/") + 1: null

05-03-2025T10:36:12 - [TEST_STEP][PASSED] - x = x.substring(i3, x.length()): null

05-03-2025T10:36:12 - [TEST_STEP][PASSED] - return x: null

05-03-2025T10:36:12 - [TEST_STEP][PASSED] - tableB = Script1719551244403.NewDZO(x = tableB): null

05-03-2025T10:36:12 - [TEST_STEP][PASSED] - i3 = <not implemented yet for class: org.codehaus.groovy.ast.expr.EmptyExpression>: null

05-03-2025T10:36:12 - [TEST_STEP][PASSED] - i3 = x.indexOf("/") + 1: null

05-03-2025T10:36:12 - [TEST_STEP][PASSED] - x = x.substring(i3, x.length()): null

05-03-2025T10:36:12 - [TEST_STEP][PASSED] - return x: null

05-03-2025T10:36:12 - [TEST_STEP][PASSED] - tableB = Script1719551244403.NewDZO(x = tableB): null

05-03-2025T10:36:12 - [TEST_STEP][PASSED] - i3 = <not implemented yet for class: org.codehaus.groovy.ast.expr.EmptyExpression>: null

05-03-2025T10:36:12 - [TEST_STEP][PASSED] - i3 = x.indexOf("/") + 1: null

05-03-2025T10:36:12 - [TEST_STEP][PASSED] - x = x.substring(i3, x.length()): null

05-03-2025T10:36:12 - [TEST_STEP][PASSED] - return x: null

05-03-2025T10:36:12 - [TEST_STEP][PASSED] - tableB = Script1719551244403.NewDZO(x = tableB): null

05-03-2025T10:36:12 - [TEST_STEP][PASSED] - i3 = <not implemented yet for class: org.codehaus.groovy.ast.expr.EmptyExpression>: null

05-03-2025T10:36:12 - [TEST_STEP][PASSED] - i3 = x.indexOf("/") + 1: null

05-03-2025T10:36:12 - [TEST_STEP][PASSED] - x = x.substring(i3, x.length()): null

05-03-2025T10:36:12 - [TEST_STEP][PASSED] - return x: null

05-03-2025T10:36:12 - [TEST_STEP][PASSED] - i = tableB.indexOf("Юг"): null

05-03-2025T10:36:12 - [TEST_STEP][PASSED] - CiPB = replaceAll("\p{P}", "").trim(): null

05-03-2025T10:36:12 - [TEST_STEP][PASSED] - println("CiPB: " + CiPB): null

05-03-2025T10:36:12 - [TEST_STEP][PASSED] - for ([i = 1, i < 10, (i++)]): null

05-03-2025T10:36:12 - [TEST_STEP][PASSED] - tableB = Script1719551244403.NewDZO(x = tableB): null

05-03-2025T10:36:12 - [TEST_STEP][PASSED] - i3 = <not implemented yet for class: org.codehaus.groovy.ast.expr.EmptyExpression>: null

05-03-2025T10:36:12 - [TEST_STEP][PASSED] - i3 = x.indexOf("/") + 1: null

05-03-2025T10:36:12 - [TEST_STEP][PASSED] - x = x.substring(i3, x.length()): null

05-03-2025T10:36:12 - [TEST_STEP][PASSED] - return x: null

05-03-2025T10:36:12 - [TEST_STEP][PASSED] - tableB = Script1719551244403.NewDZO(x = tableB): null

05-03-2025T10:36:12 - [TEST_STEP][PASSED] - i3 = <not implemented yet for class: org.codehaus.groovy.ast.expr.EmptyExpression>: null

05-03-2025T10:36:12 - [TEST_STEP][PASSED] - i3 = x.indexOf("/") + 1: null

05-03-2025T10:36:12 - [TEST_STEP][PASSED] - x = x.substring(i3, x.length()): null

05-03-2025T10:36:12 - [TEST_STEP][PASSED] - return x: null

05-03-2025T10:36:12 - [TEST_STEP][PASSED] - tableB = Script1719551244403.NewDZO(x = tableB): null

05-03-2025T10:36:12 - [TEST_STEP][PASSED] - i3 = <not implemented yet for class: org.codehaus.groovy.ast.expr.EmptyExpression>: null

05-03-2025T10:36:12 - [TEST_STEP][PASSED] - i3 = x.indexOf("/") + 1: null

05-03-2025T10:36:12 - [TEST_STEP][PASSED] - x = x.substring(i3, x.length()): null

05-03-2025T10:36:12 - [TEST_STEP][PASSED] - return x: null

05-03-2025T10:36:12 - [TEST_STEP][PASSED] - tableB = Script1719551244403.NewDZO(x = tableB): null

05-03-2025T10:36:12 - [TEST_STEP][PASSED] - i3 = <not implemented yet for class: org.codehaus.groovy.ast.expr.EmptyExpression>: null

05-03-2025T10:36:12 - [TEST_STEP][PASSED] - i3 = x.indexOf("/") + 1: null

05-03-2025T10:36:12 - [TEST_STEP][PASSED] - x = x.substring(i3, x.length()): null

05-03-2025T10:36:12 - [TEST_STEP][PASSED] - return x: null

05-03-2025T10:36:12 - [TEST_STEP][PASSED] - tableB = Script1719551244403.NewDZO(x = tableB): null

05-03-2025T10:36:12 - [TEST_STEP][PASSED] - i3 = <not implemented yet for class: org.codehaus.groovy.ast.expr.EmptyExpression>: null

05-03-2025T10:36:12 - [TEST_STEP][PASSED] - i3 = x.indexOf("/") + 1: null

05-03-2025T10:36:12 - [TEST_STEP][PASSED] - x = x.substring(i3, x.length()): null

05-03-2025T10:36:12 - [TEST_STEP][PASSED] - return x: null

05-03-2025T10:36:12 - [TEST_STEP][PASSED] - tableB = Script1719551244403.NewDZO(x = tableB): null

05-03-2025T10:36:12 - [TEST_STEP][PASSED] - i3 = <not implemented yet for class: org.codehaus.groovy.ast.expr.EmptyExpression>: null

05-03-2025T10:36:12 - [TEST_STEP][PASSED] - i3 = x.indexOf("/") + 1: null

05-03-2025T10:36:12 - [TEST_STEP][PASSED] - x = x.substring(i3, x.length()): null

05-03-2025T10:36:12 - [TEST_STEP][PASSED] - return x: null

05-03-2025T10:36:12 - [TEST_STEP][PASSED] - tableB = Script1719551244403.NewDZO(x = tableB): null

05-03-2025T10:36:12 - [TEST_STEP][PASSED] - i3 = <not implemented yet for class: org.codehaus.groovy.ast.expr.EmptyExpression>: null

05-03-2025T10:36:12 - [TEST_STEP][PASSED] - i3 = x.indexOf("/") + 1: null

05-03-2025T10:36:12 - [TEST_STEP][PASSED] - x = x.substring(i3, x.length()): null

05-03-2025T10:36:12 - [TEST_STEP][PASSED] - return x: null

05-03-2025T10:36:12 - [TEST_STEP][PASSED] - tableB = Script1719551244403.NewDZO(x = tableB): null

05-03-2025T10:36:12 - [TEST_STEP][PASSED] - i3 = <not implemented yet for class: org.codehaus.groovy.ast.expr.EmptyExpression>: null

05-03-2025T10:36:12 - [TEST_STEP][PASSED] - i3 = x.indexOf("/") + 1: null

05-03-2025T10:36:12 - [TEST_STEP][PASSED] - x = x.substring(i3, x.length()): null

05-03-2025T10:36:12 - [TEST_STEP][PASSED] - return x: null

05-03-2025T10:36:12 - [TEST_STEP][PASSED] - tableB = Script1719551244403.NewDZO(x = tableB): null

05-03-2025T10:36:12 - [TEST_STEP][PASSED] - i3 = <not implemented yet for class: org.codehaus.groovy.ast.expr.EmptyExpression>: null

05-03-2025T10:36:12 - [TEST_STEP][PASSED] - i3 = x.indexOf("/") + 1: null

05-03-2025T10:36:12 - [TEST_STEP][PASSED] - x = x.substring(i3, x.length()): null

05-03-2025T10:36:12 - [TEST_STEP][PASSED] - return x: null

05-03-2025T10:36:12 - [TEST_STEP][PASSED] - i = tableB.indexOf("Янтарь"): null

05-03-2025T10:36:12 - [TEST_STEP][PASSED] - UgB = replaceAll("\p{P}", "").trim(): null

05-03-2025T10:36:12 - [TEST_STEP][PASSED] - println("UgB: " + UgB): null

05-03-2025T10:36:12 - [TEST_STEP][PASSED] - i = tableB.lastIndexOf("/"): null

05-03-2025T10:36:12 - [TEST_STEP][PASSED] - YaB = replaceAll("\p{P}", "").trim(): null

05-03-2025T10:36:12 - [TEST_STEP][PASSED] - println("YaB: " + YaB): null

05-03-2025T10:36:12 - [TEST_STEP][PASSED] - vidget = "Отклонения выручки по факторам": null

05-03-2025T10:36:12 - [TEST_STEP][PASSED] - if (run == 2): null

05-03-2025T10:36:12 - [TEST_STEP][PASSED] - Script1719551244403.Test(run, todaysDate, typeOfData, otobrajeniyeDannyh, x, y, vidget, DZO): null

05-03-2025T10:36:12 - [TEST_STEP][PASSED] - navigateToUrl(findTestData("PlanFact").getValue(10, 3)): Navigate to 'https://bi.rosseti.digital/viewer?dashboardGuid=2301950b23be4ed89c1df75f2020051e&sheetGuid=ccd7d7486b3d4e6fa0ee9b1eaebed46c&fit=true' successfully

05-03-2025T10:36:12 - [MESSAGE][PASSED] - Navigate to 'https://bi.rosseti.digital/viewer?dashboardGuid=2301950b23be4ed89c1df75f2020051e&sheetGuid=ccd7d7486b3d4e6fa0ee9b1eaebed46c&fit=true' successfully

05-03-2025T10:36:12 - [TEST_STEP][PASSED] - Script1719551244403.Autorization(run): null

05-03-2025T10:36:12 - [TEST_STEP][PASSED] - delay(10): Delayed 10 second(s)

05-03-2025T10:36:22 - [MESSAGE][PASSED] - Delayed 10 second(s)

05-03-2025T10:36:22 - [TEST_STEP][PASSED] - if (run == 1): null

05-03-2025T10:36:22 - [TEST_STEP][PASSED] - i = <not implemented yet for class: org.codehaus.groovy.ast.expr.EmptyExpression>: null

05-03-2025T10:36:22 - [TEST_STEP][PASSED] - ii = <not implemented yet for class: org.codehaus.groovy.ast.expr.EmptyExpression>: null

05-03-2025T10:36:22 - [TEST_STEP][PASSED] - a = <not implemented yet for class: org.codehaus.groovy.ast.expr.EmptyExpression>: null

05-03-2025T10:36:22 - [TEST_STEP][PASSED] - a1 = <not implemented yet for class: org.codehaus.groovy.ast.expr.EmptyExpression>: null

05-03-2025T10:36:22 - [TEST_STEP][PASSED] - a2 = <not implemented yet for class: org.codehaus.groovy.ast.expr.EmptyExpression>: null

05-03-2025T10:36:22 - [TEST_STEP][PASSED] - click(findTestObject("Факторный анализ/Фильтр Период")): Object: 'Object Repository/Факторный анализ/Фильтр Период' is clicked on

05-03-2025T10:36:23 - [MESSAGE][PASSED] - Object: 'Object Repository/Факторный анализ/Фильтр Период' is clicked on

05-03-2025T10:36:23 - [TEST_STEP][PASSED] - click(findTestObject("Факторный анализ/Снять выделение в фильтре Дата")): Object: 'Object Repository/Факторный анализ/Снять выделение в фильтре Дата' is clicked on

05-03-2025T10:36:25 - [MESSAGE][PASSED] - Object: 'Object Repository/Факторный анализ/Снять выделение в фильтре Дата' is clicked on

05-03-2025T10:36:25 - [TEST_STEP][PASSED] - click(findTestObject("Факторный анализ/Применить в фильтре Дата")): Object: 'Object Repository/Факторный анализ/Применить в фильтре Дата' is clicked on

05-03-2025T10:36:25 - [MESSAGE][PASSED] - Object: 'Object Repository/Факторный анализ/Применить в фильтре Дата' is clicked on

05-03-2025T10:36:25 - [TEST_STEP][PASSED] - delay(10): Delayed 10 second(s)

05-03-2025T10:36:35 - [MESSAGE][PASSED] - Delayed 10 second(s)

05-03-2025T10:36:35 - [TEST_STEP][PASSED] - click(findTestObject("Факторный анализ/Фильтр Период")): Object: 'Object Repository/Факторный анализ/Фильтр Период' is clicked on

05-03-2025T10:36:36 - [MESSAGE][PASSED] - Object: 'Object Repository/Факторный анализ/Фильтр Период' is clicked on

05-03-2025T10:36:36 - [TEST_STEP][PASSED] - click(findTestObject("Факторный анализ/Снять выделение в фильтре Дата")): Object: 'Object Repository/Факторный анализ/Снять выделение в фильтре Дата' is clicked on

05-03-2025T10:36:36 - [MESSAGE][PASSED] - Object: 'Object Repository/Факторный анализ/Снять выделение в фильтре Дата' is clicked on

05-03-2025T10:36:36 - [TEST_STEP][PASSED] - scrollToElement(findTestObject("Факторный анализ/2025 список"), 30): Scroll to object 'Object Repository/Факторный анализ/2025 список' successfully

05-03-2025T10:36:37 - [MESSAGE][PASSED] - Scroll to object 'Object Repository/Факторный анализ/2025 список' successfully

05-03-2025T10:36:37 - [TEST_STEP][PASSED] - click(findTestObject("Факторный анализ/2025 список")): Object: 'Object Repository/Факторный анализ/2025 список' is clicked on

05-03-2025T10:36:37 - [MESSAGE][PASSED] - Object: 'Object Repository/Факторный анализ/2025 список' is clicked on

05-03-2025T10:36:37 - [TEST_STEP][PASSED] - scrollToElement(findTestObject("Факторный анализ/1 квартал 2025 список"), 30): Scroll to object 'Object Repository/Факторный анализ/1 квартал 2025 список' successfully

05-03-2025T10:36:37 - [MESSAGE][PASSED] - Scroll to object 'Object Repository/Факторный анализ/1 квартал 2025 список' successfully

05-03-2025T10:36:37 - [TEST_STEP][PASSED] - click(findTestObject("Факторный анализ/1 квартал 2025 список"), CONTINUE_ON_FAILURE): Object: 'Object Repository/Факторный анализ/1 квартал 2025 список' is clicked on

05-03-2025T10:36:38 - [MESSAGE][PASSED] - Object: 'Object Repository/Факторный анализ/1 квартал 2025 список' is clicked on

05-03-2025T10:36:38 - [TEST_STEP][PASSED] - scrollToElement(findTestObject("Факторный анализ/Январь 2025"), 30): Scroll to object 'Object Repository/Факторный анализ/Январь 2025' successfully

05-03-2025T10:36:38 - [MESSAGE][PASSED] - Scroll to object 'Object Repository/Факторный анализ/Январь 2025' successfully

05-03-2025T10:36:38 - [TEST_STEP][PASSED] - click(findTestObject("Факторный анализ/Январь 2025"), CONTINUE_ON_FAILURE): Object: 'Object Repository/Факторный анализ/Январь 2025' is clicked on

05-03-2025T10:36:38 - [MESSAGE][PASSED] - Object: 'Object Repository/Факторный анализ/Январь 2025' is clicked on

05-03-2025T10:36:38 - [TEST_STEP][PASSED] - scrollToElement(findTestObject("Факторный анализ/Заголовок дашборда"), 30): Scroll to object 'Object Repository/Факторный анализ/Заголовок дашборда' successfully

05-03-2025T10:36:39 - [MESSAGE][PASSED] - Scroll to object 'Object Repository/Факторный анализ/Заголовок дашборда' successfully

05-03-2025T10:36:39 - [TEST_STEP][PASSED] - click(findTestObject("Факторный анализ/Применить в фильтре Дата")): Object: 'Object Repository/Факторный анализ/Применить в фильтре Дата' is clicked on

05-03-2025T10:36:39 - [MESSAGE][PASSED] - Object: 'Object Repository/Факторный анализ/Применить в фильтре Дата' is clicked on

05-03-2025T10:36:39 - [TEST_STEP][PASSED] - if (run == 1): null

05-03-2025T10:36:39 - [TEST_STEP][PASSED] - else: null

05-03-2025T10:36:39 - [TEST_STEP][PASSED] - click(findTestObject("Факторный анализ/Переключить отображение с филиала на месяц")): Object: 'Object Repository/Факторный анализ/Переключить отображение с филиала на месяц' is clicked on

05-03-2025T10:36:41 - [MESSAGE][PASSED] - Object: 'Object Repository/Факторный анализ/Переключить отображение с филиала на месяц' is clicked on

05-03-2025T10:36:41 - [TEST_STEP][PASSED] - a1 = replaceAll("\s+", "").trim(): Text of object 'Object Repository/Факторный анализ/span1 Блок руководителя' is: ''

05-03-2025T10:36:42 - [MESSAGE][PASSED] - Text of object 'Object Repository/Факторный анализ/span1 Блок руководителя' is: ''

05-03-2025T10:36:42 - [TEST_STEP][PASSED] - a2 = replaceAll("\s+", "").trim(): Text of object 'Object Repository/Факторный анализ/span2 Блок руководителя' is: '-121 352'

05-03-2025T10:36:42 - [MESSAGE][PASSED] - Text of object 'Object Repository/Факторный анализ/span2 Блок руководителя' is: '-121 352'

05-03-2025T10:36:42 - [TEST_STEP][PASSED] - println("a1: " + a1): null

05-03-2025T10:36:42 - [TEST_STEP][PASSED] - println("a2: " + a2): null

05-03-2025T10:36:42 - [TEST_STEP][PASSED] - tableA = getText(findTestObject("Факторный анализ/AllTable1")).replaceAll("[\r?
|
]", "/"): Text of object 'Object Repository/Факторный анализ/AllTable1' is: 'ДЗО
Филиал
Отклонение (объём услуг)
Отклонение (средний тариф)
АО "РЭС" АО "РЭС" -76 3
АО «Тываэнерго» АО "Тываэнерго" 19 4
АО «Чеченэнерго» АО «Чеченэнерго» -35 -48
Россети Волга Мордовэнерго - 150 -6
Оренбургэнерго -62 -9
Пензаэнерго -35 -1
Самарские РС -78 142
Саратовские РС -77 -49
Ульяновские РС 14 6
Чувашэнерго -4 12
Россети Кубань Кубаньэнерго - 341 287
Россети Ленэнерго (ГК) Ленинградская область - 311 187
г. Санкт-Петербург - 291 12
Россети Московский регион Московская область - 780 53
г. Москва - 195 -5
Россети Северный Кавказ (ГК) Дагэнерго - 238 -48
Ингушэнерго -60 14
Каббалкэнерго 20 -4
Карачаево-Черкесскэнерго -10 - 109
Севкавказэнерго - 121 -10
Ставропольэнерго -68 28
Россети Северо-Запад Архангельский филиал -52 21
Вологодский филиал -40 10
Карельский филиал -50 -15
Мурманский филиал 20 -17
Новгородский филиал -49 0
Псковский филиал -48 13
филиал в Республике Коми -53 9
Россети Сибирь (ГК) Алтайэнерго 39 16
Бурятэнерго 10 -7
ГАЭС 9 2
Красноярскэнерго 117 -4
Кузбассэнерго-РЭС 37 147
Омскэнерго -2 -21
Хакасэнерго -10 -12
Читаэнерго -1 25
Россети Томск Томская распределительная компания -62 5
Россети Тюмень Россети Тюмень - 986 - 117
Россети Урал (ГК) Пермэнерго - 187 5
Свердловэнерго - 152 -4
Челябэнерго - 141 5
Россети ФСК ЕЭС Итого по ФСК ЕЭС - 311 252
Россети Центр Белгородэнерго -85 14
Брянскэнерго -50 -8
Воронежэнерго -98 -2
Костромаэнерго -42 3
Курскэнерго -32 8
Липецкэнерго -79 20
Орелэнерго -40 5
Смоленскэнерго -52 -7
Тамбовэнерго -25 -5
Тверьэнерго - 133 0
Ярэнерго -60 -7
Россети Центр и Приволжье (ГК) Владимирэнерго NaN NaN
Ивэнерго NaN NaN
Калугаэнерго NaN NaN
Кировэнерго NaN NaN
Мариэнерго NaN NaN
Нижновэнерго NaN NaN
Рязаньэнерго NaN NaN
Тулэнерго NaN NaN
Удмуртэнерго NaN NaN
Россети Юг (ГК) АО «ВМЭС» 0 4
Астраханьэнерго 1 -6
Волгоградэнерго - 140 -12
Калмэнерго -8 2
Ростовэнерго -47 16
Россети Янтарь Россети Янтарь -31 12'

05-03-2025T10:36:42 - [MESSAGE][PASSED] - Text of object 'Object Repository/Факторный анализ/AllTable1' is: 'ДЗО
Филиал
Отклонение (объём услуг)
Отклонение (средний тариф)
АО "РЭС" АО "РЭС" -76 3
АО «Тываэнерго» АО "Тываэнерго" 19 4
АО «Чеченэнерго» АО «Чеченэнерго» -35 -48
Россети Волга Мордовэнерго - 150 -6
Оренбургэнерго -62 -9
Пензаэнерго -35 -1
Самарские РС -78 142
Саратовские РС -77 -49
Ульяновские РС 14 6
Чувашэнерго -4 12
Россети Кубань Кубаньэнерго - 341 287
Россети Ленэнерго (ГК) Ленинградская область - 311 187
г. Санкт-Петербург - 291 12
Россети Московский регион Московская область - 780 53
г. Москва - 195 -5
Россети Северный Кавказ (ГК) Дагэнерго - 238 -48
Ингушэнерго -60 14
Каббалкэнерго 20 -4
Карачаево-Черкесскэнерго -10 - 109
Севкавказэнерго - 121 -10
Ставропольэнерго -68 28
Россети Северо-Запад Архангельский филиал -52 21
Вологодский филиал -40 10
Карельский филиал -50 -15
Мурманский филиал 20 -17
Новгородский филиал -49 0
Псковский филиал -48 13
филиал в Республике Коми -53 9
Россети Сибирь (ГК) Алтайэнерго 39 16
Бурятэнерго 10 -7
ГАЭС 9 2
Красноярскэнерго 117 -4
Кузбассэнерго-РЭС 37 147
Омскэнерго -2 -21
Хакасэнерго -10 -12
Читаэнерго -1 25
Россети Томск Томская распределительная компания -62 5
Россети Тюмень Россети Тюмень - 986 - 117
Россети Урал (ГК) Пермэнерго - 187 5
Свердловэнерго - 152 -4
Челябэнерго - 141 5
Россети ФСК ЕЭС Итого по ФСК ЕЭС - 311 252
Россети Центр Белгородэнерго -85 14
Брянскэнерго -50 -8
Воронежэнерго -98 -2
Костромаэнерго -42 3
Курскэнерго -32 8
Липецкэнерго -79 20
Орелэнерго -40 5
Смоленскэнерго -52 -7
Тамбовэнерго -25 -5
Тверьэнерго - 133 0
Ярэнерго -60 -7
Россети Центр и Приволжье (ГК) Владимирэнерго NaN NaN
Ивэнерго NaN NaN
Калугаэнерго NaN NaN
Кировэнерго NaN NaN
Мариэнерго NaN NaN
Нижновэнерго NaN NaN
Рязаньэнерго NaN NaN
Тулэнерго NaN NaN
Удмуртэнерго NaN NaN
Россети Юг (ГК) АО «ВМЭС» 0 4
Астраханьэнерго 1 -6
Волгоградэнерго - 140 -12
Калмэнерго -8 2
Ростовэнерго -47 16
Россети Янтарь Россети Янтарь -31 12'

05-03-2025T10:36:42 - [TEST_STEP][PASSED] - println("tableA: " + tableA): null

05-03-2025T10:36:42 - [TEST_STEP][PASSED] - for ([i = 1, i < 5, (i++)]): null

05-03-2025T10:36:42 - [TEST_STEP][PASSED] - ii = tableA.indexOf("/") + 1: null

05-03-2025T10:36:42 - [TEST_STEP][PASSED] - tableA = tableA.substring(ii, tableA.length()): null

05-03-2025T10:36:42 - [TEST_STEP][PASSED] - ii = tableA.indexOf("/") + 1: null

05-03-2025T10:36:42 - [TEST_STEP][PASSED] - tableA = tableA.substring(ii, tableA.length()): null

05-03-2025T10:36:42 - [TEST_STEP][PASSED] - ii = tableA.indexOf("/") + 1: null

05-03-2025T10:36:42 - [TEST_STEP][PASSED] - tableA = tableA.substring(ii, tableA.length()): null

05-03-2025T10:36:42 - [TEST_STEP][PASSED] - ii = tableA.indexOf("/") + 1: null

05-03-2025T10:36:42 - [TEST_STEP][PASSED] - tableA = tableA.substring(ii, tableA.length()): null

05-03-2025T10:36:42 - [TEST_STEP][PASSED] - println("tableA: " + tableA): null

05-03-2025T10:36:42 - [TEST_STEP][PASSED] - TyA = Script1719551244403.GetData(x = tableA): null

05-03-2025T10:36:42 - [TEST_STEP][PASSED] - i2 = <not implemented yet for class: org.codehaus.groovy.ast.expr.EmptyExpression>: null

05-03-2025T10:36:42 - [TEST_STEP][PASSED] - i2 = x.indexOf("/") + 1: null

05-03-2025T10:36:42 - [TEST_STEP][PASSED] - x = replaceAll("\p{P}", "").trim(): null

05-03-2025T10:36:42 - [TEST_STEP][PASSED] - return x: null

05-03-2025T10:36:42 - [TEST_STEP][PASSED] - println("TyA: " + TyA): null

05-03-2025T10:36:42 - [TEST_STEP][PASSED] - tableA = Script1719551244403.NewDZO(x = tableA): null

05-03-2025T10:36:42 - [TEST_STEP][PASSED] - i3 = <not implemented yet for class: org.codehaus.groovy.ast.expr.EmptyExpression>: null

05-03-2025T10:36:42 - [TEST_STEP][PASSED] - i3 = x.indexOf("/") + 1: null

05-03-2025T10:36:42 - [TEST_STEP][PASSED] - x = x.substring(i3, x.length()): null

05-03-2025T10:36:42 - [TEST_STEP][PASSED] - return x: null

05-03-2025T10:36:42 - [TEST_STEP][PASSED] - ChA = Script1719551244403.GetData(x = tableA): null

05-03-2025T10:36:42 - [TEST_STEP][PASSED] - i2 = <not implemented yet for class: org.codehaus.groovy.ast.expr.EmptyExpression>: null

05-03-2025T10:36:42 - [TEST_STEP][PASSED] - i2 = x.indexOf("/") + 1: null

05-03-2025T10:36:42 - [TEST_STEP][PASSED] - x = replaceAll("\p{P}", "").trim(): null

05-03-2025T10:36:42 - [TEST_STEP][PASSED] - return x: null

05-03-2025T10:36:42 - [TEST_STEP][PASSED] - println("ChA: " + ChA): null

05-03-2025T10:36:42 - [TEST_STEP][PASSED] - tableA = Script1719551244403.NewDZO(x = tableA): null

05-03-2025T10:36:42 - [TEST_STEP][PASSED] - i3 = <not implemented yet for class: org.codehaus.groovy.ast.expr.EmptyExpression>: null

05-03-2025T10:36:42 - [TEST_STEP][PASSED] - i3 = x.indexOf("/") + 1: null

05-03-2025T10:36:42 - [TEST_STEP][PASSED] - x = x.substring(i3, x.length()): null

05-03-2025T10:36:42 - [TEST_STEP][PASSED] - return x: null

05-03-2025T10:36:42 - [TEST_STEP][PASSED] - i = tableA.indexOf("Кубань"): null

05-03-2025T10:36:42 - [TEST_STEP][PASSED] - VA = replaceAll("\p{P}", "").trim(): null

05-03-2025T10:36:42 - [TEST_STEP][PASSED] - println("VA: " + VA): null

05-03-2025T10:36:42 - [TEST_STEP][PASSED] - for ([i = 1, i < 8, (i++)]): null

05-03-2025T10:36:42 - [TEST_STEP][PASSED] - tableA = Script1719551244403.NewDZO(x = tableA): null

05-03-2025T10:36:42 - [TEST_STEP][PASSED] - i3 = <not implemented yet for class: org.codehaus.groovy.ast.expr.EmptyExpression>: null

05-03-2025T10:36:42 - [TEST_STEP][PASSED] - i3 = x.indexOf("/") + 1: null

05-03-2025T10:36:42 - [TEST_STEP][PASSED] - x = x.substring(i3, x.length()): null

05-03-2025T10:36:42 - [TEST_STEP][PASSED] - return x: null

05-03-2025T10:36:42 - [TEST_STEP][PASSED] - tableA = Script1719551244403.NewDZO(x = tableA): null

05-03-2025T10:36:42 - [TEST_STEP][PASSED] - i3 = <not implemented yet for class: org.codehaus.groovy.ast.expr.EmptyExpression>: null

05-03-2025T10:36:42 - [TEST_STEP][PASSED] - i3 = x.indexOf("/") + 1: null

05-03-2025T10:36:42 - [TEST_STEP][PASSED] - x = x.substring(i3, x.length()): null

05-03-2025T10:36:42 - [TEST_STEP][PASSED] - return x: null

05-03-2025T10:36:42 - [TEST_STEP][PASSED] - tableA = Script1719551244403.NewDZO(x = tableA): null

05-03-2025T10:36:42 - [TEST_STEP][PASSED] - i3 = <not implemented yet for class: org.codehaus.groovy.ast.expr.EmptyExpression>: null

05-03-2025T10:36:42 - [TEST_STEP][PASSED] - i3 = x.indexOf("/") + 1: null

05-03-2025T10:36:42 - [TEST_STEP][PASSED] - x = x.substring(i3, x.length()): null

05-03-2025T10:36:42 - [TEST_STEP][PASSED] - return x: null

05-03-2025T10:36:42 - [TEST_STEP][PASSED] - tableA = Script1719551244403.NewDZO(x = tableA): null

05-03-2025T10:36:42 - [TEST_STEP][PASSED] - i3 = <not implemented yet for class: org.codehaus.groovy.ast.expr.EmptyExpression>: null

05-03-2025T10:36:42 - [TEST_STEP][PASSED] - i3 = x.indexOf("/") + 1: null

05-03-2025T10:36:42 - [TEST_STEP][PASSED] - x = x.substring(i3, x.length()): null

05-03-2025T10:36:42 - [TEST_STEP][PASSED] - return x: null

05-03-2025T10:36:42 - [TEST_STEP][PASSED] - tableA = Script1719551244403.NewDZO(x = tableA): null

05-03-2025T10:36:42 - [TEST_STEP][PASSED] - i3 = <not implemented yet for class: org.codehaus.groovy.ast.expr.EmptyExpression>: null

05-03-2025T10:36:42 - [TEST_STEP][PASSED] - i3 = x.indexOf("/") + 1: null

05-03-2025T10:36:42 - [TEST_STEP][PASSED] - x = x.substring(i3, x.length()): null

05-03-2025T10:36:42 - [TEST_STEP][PASSED] - return x: null

05-03-2025T10:36:42 - [TEST_STEP][PASSED] - tableA = Script1719551244403.NewDZO(x = tableA): null

05-03-2025T10:36:42 - [TEST_STEP][PASSED] - i3 = <not implemented yet for class: org.codehaus.groovy.ast.expr.EmptyExpression>: null

05-03-2025T10:36:42 - [TEST_STEP][PASSED] - i3 = x.indexOf("/") + 1: null

05-03-2025T10:36:42 - [TEST_STEP][PASSED] - x = x.substring(i3, x.length()): null

05-03-2025T10:36:42 - [TEST_STEP][PASSED] - return x: null

05-03-2025T10:36:42 - [TEST_STEP][PASSED] - tableA = Script1719551244403.NewDZO(x = tableA): null

05-03-2025T10:36:42 - [TEST_STEP][PASSED] - i3 = <not implemented yet for class: org.codehaus.groovy.ast.expr.EmptyExpression>: null

05-03-2025T10:36:42 - [TEST_STEP][PASSED] - i3 = x.indexOf("/") + 1: null

05-03-2025T10:36:42 - [TEST_STEP][PASSED] - x = x.substring(i3, x.length()): null

05-03-2025T10:36:42 - [TEST_STEP][PASSED] - return x: null

05-03-2025T10:36:42 - [TEST_STEP][PASSED] - i = tableA.indexOf("Ленэнерго"): null

05-03-2025T10:36:42 - [TEST_STEP][PASSED] - KuA = Script1719551244403.GetData(x = tableA): null

05-03-2025T10:36:42 - [TEST_STEP][PASSED] - i2 = <not implemented yet for class: org.codehaus.groovy.ast.expr.EmptyExpression>: null

05-03-2025T10:36:42 - [TEST_STEP][PASSED] - i2 = x.indexOf("/") + 1: null

05-03-2025T10:36:42 - [TEST_STEP][PASSED] - x = replaceAll("\p{P}", "").trim(): null

05-03-2025T10:36:42 - [TEST_STEP][PASSED] - return x: null

05-03-2025T10:36:42 - [TEST_STEP][PASSED] - println("KuA: " + KuA): null

05-03-2025T10:36:42 - [TEST_STEP][PASSED] - tableA = Script1719551244403.NewDZO(x = tableA): null

05-03-2025T10:36:42 - [TEST_STEP][PASSED] - i3 = <not implemented yet for class: org.codehaus.groovy.ast.expr.EmptyExpression>: null

05-03-2025T10:36:42 - [TEST_STEP][PASSED] - i3 = x.indexOf("/") + 1: null

05-03-2025T10:36:42 - [TEST_STEP][PASSED] - x = x.substring(i3, x.length()): null

05-03-2025T10:36:42 - [TEST_STEP][PASSED] - return x: null

05-03-2025T10:36:42 - [TEST_STEP][PASSED] - i = tableA.indexOf("Московский"): null

05-03-2025T10:36:42 - [TEST_STEP][PASSED] - LenA = replaceAll("\p{P}", "").trim(): null

05-03-2025T10:36:42 - [TEST_STEP][PASSED] - println("LenA: " + LenA): null

05-03-2025T10:36:42 - [TEST_STEP][PASSED] - tableA = Script1719551244403.NewDZO(x = tableA): null

05-03-2025T10:36:42 - [TEST_STEP][PASSED] - i3 = <not implemented yet for class: org.codehaus.groovy.ast.expr.EmptyExpression>: null

05-03-2025T10:36:42 - [TEST_STEP][PASSED] - i3 = x.indexOf("/") + 1: null

05-03-2025T10:36:42 - [TEST_STEP][PASSED] - x = x.substring(i3, x.length()): null

05-03-2025T10:36:42 - [TEST_STEP][PASSED] - return x: null

05-03-2025T10:36:42 - [TEST_STEP][PASSED] - tableA = Script1719551244403.NewDZO(x = tableA): null

05-03-2025T10:36:42 - [TEST_STEP][PASSED] - i3 = <not implemented yet for class: org.codehaus.groovy.ast.expr.EmptyExpression>: null

05-03-2025T10:36:42 - [TEST_STEP][PASSED] - i3 = x.indexOf("/") + 1: null

05-03-2025T10:36:42 - [TEST_STEP][PASSED] - x = x.substring(i3, x.length()): null

05-03-2025T10:36:42 - [TEST_STEP][PASSED] - return x: null

05-03-2025T10:36:42 - [TEST_STEP][PASSED] - i = tableA.indexOf("Кавказ"): null

05-03-2025T10:36:42 - [TEST_STEP][PASSED] - MosA = replaceAll("\p{P}", "").trim(): null

05-03-2025T10:36:42 - [TEST_STEP][PASSED] - println("MosA: " + MosA): null

05-03-2025T10:36:42 - [TEST_STEP][PASSED] - for ([i = 1, i < 3, (i++)]): null

05-03-2025T10:36:42 - [TEST_STEP][PASSED] - tableA = Script1719551244403.NewDZO(x = tableA): null

05-03-2025T10:36:42 - [TEST_STEP][PASSED] - i3 = <not implemented yet for class: org.codehaus.groovy.ast.expr.EmptyExpression>: null

05-03-2025T10:36:42 - [TEST_STEP][PASSED] - i3 = x.indexOf("/") + 1: null

05-03-2025T10:36:42 - [TEST_STEP][PASSED] - x = x.substring(i3, x.length()): null

05-03-2025T10:36:42 - [TEST_STEP][PASSED] - return x: null

05-03-2025T10:36:42 - [TEST_STEP][PASSED] - tableA = Script1719551244403.NewDZO(x = tableA): null

05-03-2025T10:36:42 - [TEST_STEP][PASSED] - i3 = <not implemented yet for class: org.codehaus.groovy.ast.expr.EmptyExpression>: null

05-03-2025T10:36:42 - [TEST_STEP][PASSED] - i3 = x.indexOf("/") + 1: null

05-03-2025T10:36:42 - [TEST_STEP][PASSED] - x = x.substring(i3, x.length()): null

05-03-2025T10:36:42 - [TEST_STEP][PASSED] - return x: null

05-03-2025T10:36:42 - [TEST_STEP][PASSED] - i = tableA.indexOf("Запад"): null

05-03-2025T10:36:42 - [TEST_STEP][PASSED] - SKA = replaceAll("\p{P}", "").trim(): null

05-03-2025T10:36:42 - [TEST_STEP][PASSED] - println("SKA: " + SKA): null

05-03-2025T10:36:42 - [TEST_STEP][PASSED] - for ([i = 1, i < 7, (i++)]): null

05-03-2025T10:36:42 - [TEST_STEP][PASSED] - tableA = Script1719551244403.NewDZO(x = tableA): null

05-03-2025T10:36:42 - [TEST_STEP][PASSED] - i3 = <not implemented yet for class: org.codehaus.groovy.ast.expr.EmptyExpression>: null

05-03-2025T10:36:42 - [TEST_STEP][PASSED] - i3 = x.indexOf("/") + 1: null

05-03-2025T10:36:42 - [TEST_STEP][PASSED] - x = x.substring(i3, x.length()): null

05-03-2025T10:36:42 - [TEST_STEP][PASSED] - return x: null

05-03-2025T10:36:42 - [TEST_STEP][PASSED] - tableA = Script1719551244403.NewDZO(x = tableA): null

05-03-2025T10:36:42 - [TEST_STEP][PASSED] - i3 = <not implemented yet for class: org.codehaus.groovy.ast.expr.EmptyExpression>: null

05-03-2025T10:36:42 - [TEST_STEP][PASSED] - i3 = x.indexOf("/") + 1: null

05-03-2025T10:36:42 - [TEST_STEP][PASSED] - x = x.substring(i3, x.length()): null

05-03-2025T10:36:42 - [TEST_STEP][PASSED] - return x: null

05-03-2025T10:36:42 - [TEST_STEP][PASSED] - tableA = Script1719551244403.NewDZO(x = tableA): null

05-03-2025T10:36:42 - [TEST_STEP][PASSED] - i3 = <not implemented yet for class: org.codehaus.groovy.ast.expr.EmptyExpression>: null

05-03-2025T10:36:42 - [TEST_STEP][PASSED] - i3 = x.indexOf("/") + 1: null

05-03-2025T10:36:42 - [TEST_STEP][PASSED] - x = x.substring(i3, x.length()): null

05-03-2025T10:36:42 - [TEST_STEP][PASSED] - return x: null

05-03-2025T10:36:42 - [TEST_STEP][PASSED] - tableA = Script1719551244403.NewDZO(x = tableA): null

05-03-2025T10:36:42 - [TEST_STEP][PASSED] - i3 = <not implemented yet for class: org.codehaus.groovy.ast.expr.EmptyExpression>: null

05-03-2025T10:36:42 - [TEST_STEP][PASSED] - i3 = x.indexOf("/") + 1: null

05-03-2025T10:36:42 - [TEST_STEP][PASSED] - x = x.substring(i3, x.length()): null

05-03-2025T10:36:42 - [TEST_STEP][PASSED] - return x: null

05-03-2025T10:36:42 - [TEST_STEP][PASSED] - tableA = Script1719551244403.NewDZO(x = tableA): null

05-03-2025T10:36:42 - [TEST_STEP][PASSED] - i3 = <not implemented yet for class: org.codehaus.groovy.ast.expr.EmptyExpression>: null

05-03-2025T10:36:42 - [TEST_STEP][PASSED] - i3 = x.indexOf("/") + 1: null

05-03-2025T10:36:42 - [TEST_STEP][PASSED] - x = x.substring(i3, x.length()): null

05-03-2025T10:36:42 - [TEST_STEP][PASSED] - return x: null

05-03-2025T10:36:42 - [TEST_STEP][PASSED] - tableA = Script1719551244403.NewDZO(x = tableA): null

05-03-2025T10:36:42 - [TEST_STEP][PASSED] - i3 = <not implemented yet for class: org.codehaus.groovy.ast.expr.EmptyExpression>: null

05-03-2025T10:36:42 - [TEST_STEP][PASSED] - i3 = x.indexOf("/") + 1: null

05-03-2025T10:36:42 - [TEST_STEP][PASSED] - x = x.substring(i3, x.length()): null

05-03-2025T10:36:42 - [TEST_STEP][PASSED] - return x: null

05-03-2025T10:36:42 - [TEST_STEP][PASSED] - i = tableA.indexOf("Сибирь"): null

05-03-2025T10:36:42 - [TEST_STEP][PASSED] - SZA = replaceAll("\p{P}", "").trim(): null

05-03-2025T10:36:42 - [TEST_STEP][PASSED] - println("SZA: " + SZA): null

05-03-2025T10:36:42 - [TEST_STEP][PASSED] - for ([i = 1, i < 8, (i++)]): null

05-03-2025T10:36:42 - [TEST_STEP][PASSED] - tableA = Script1719551244403.NewDZO(x = tableA): null

05-03-2025T10:36:42 - [TEST_STEP][PASSED] - i3 = <not implemented yet for class: org.codehaus.groovy.ast.expr.EmptyExpression>: null

05-03-2025T10:36:42 - [TEST_STEP][PASSED] - i3 = x.indexOf("/") + 1: null

05-03-2025T10:36:42 - [TEST_STEP][PASSED] - x = x.substring(i3, x.length()): null

05-03-2025T10:36:42 - [TEST_STEP][PASSED] - return x: null

05-03-2025T10:36:42 - [TEST_STEP][PASSED] - tableA = Script1719551244403.NewDZO(x = tableA): null

05-03-2025T10:36:42 - [TEST_STEP][PASSED] - i3 = <not implemented yet for class: org.codehaus.groovy.ast.expr.EmptyExpression>: null

05-03-2025T10:36:42 - [TEST_STEP][PASSED] - i3 = x.indexOf("/") + 1: null

05-03-2025T10:36:42 - [TEST_STEP][PASSED] - x = x.substring(i3, x.length()): null

05-03-2025T10:36:42 - [TEST_STEP][PASSED] - return x: null

05-03-2025T10:36:42 - [TEST_STEP][PASSED] - tableA = Script1719551244403.NewDZO(x = tableA): null

05-03-2025T10:36:42 - [TEST_STEP][PASSED] - i3 = <not implemented yet for class: org.codehaus.groovy.ast.expr.EmptyExpression>: null

05-03-2025T10:36:42 - [TEST_STEP][PASSED] - i3 = x.indexOf("/") + 1: null

05-03-2025T10:36:42 - [TEST_STEP][PASSED] - x = x.substring(i3, x.length()): null

05-03-2025T10:36:42 - [TEST_STEP][PASSED] - return x: null

05-03-2025T10:36:42 - [TEST_STEP][PASSED] - tableA = Script1719551244403.NewDZO(x = tableA): null

05-03-2025T10:36:42 - [TEST_STEP][PASSED] - i3 = <not implemented yet for class: org.codehaus.groovy.ast.expr.EmptyExpression>: null

05-03-2025T10:36:42 - [TEST_STEP][PASSED] - i3 = x.indexOf("/") + 1: null

05-03-2025T10:36:42 - [TEST_STEP][PASSED] - x = x.substring(i3, x.length()): null

05-03-2025T10:36:42 - [TEST_STEP][PASSED] - return x: null

05-03-2025T10:36:42 - [TEST_STEP][PASSED] - tableA = Script1719551244403.NewDZO(x = tableA): null

05-03-2025T10:36:42 - [TEST_STEP][PASSED] - i3 = <not implemented yet for class: org.codehaus.groovy.ast.expr.EmptyExpression>: null

05-03-2025T10:36:42 - [TEST_STEP][PASSED] - i3 = x.indexOf("/") + 1: null

05-03-2025T10:36:42 - [TEST_STEP][PASSED] - x = x.substring(i3, x.length()): null

05-03-2025T10:36:42 - [TEST_STEP][PASSED] - return x: null

05-03-2025T10:36:42 - [TEST_STEP][PASSED] - tableA = Script1719551244403.NewDZO(x = tableA): null

05-03-2025T10:36:42 - [TEST_STEP][PASSED] - i3 = <not implemented yet for class: org.codehaus.groovy.ast.expr.EmptyExpression>: null

05-03-2025T10:36:42 - [TEST_STEP][PASSED] - i3 = x.indexOf("/") + 1: null

05-03-2025T10:36:42 - [TEST_STEP][PASSED] - x = x.substring(i3, x.length()): null

05-03-2025T10:36:42 - [TEST_STEP][PASSED] - return x: null

05-03-2025T10:36:42 - [TEST_STEP][PASSED] - tableA = Script1719551244403.NewDZO(x = tableA): null

05-03-2025T10:36:42 - [TEST_STEP][PASSED] - i3 = <not implemented yet for class: org.codehaus.groovy.ast.expr.EmptyExpression>: null

05-03-2025T10:36:42 - [TEST_STEP][PASSED] - i3 = x.indexOf("/") + 1: null

05-03-2025T10:36:42 - [TEST_STEP][PASSED] - x = x.substring(i3, x.length()): null

05-03-2025T10:36:42 - [TEST_STEP][PASSED] - return x: null

05-03-2025T10:36:42 - [TEST_STEP][PASSED] - i = tableA.indexOf("Томск"): null

05-03-2025T10:36:42 - [TEST_STEP][PASSED] - SiA = replaceAll("\p{P}", "").trim(): null

05-03-2025T10:36:42 - [TEST_STEP][PASSED] - println("SiA: " + SiA): null

05-03-2025T10:36:42 - [TEST_STEP][PASSED] - for ([i = 1, i < 9, (i++)]): null

05-03-2025T10:36:42 - [TEST_STEP][PASSED] - tableA = Script1719551244403.NewDZO(x = tableA): null

05-03-2025T10:36:42 - [TEST_STEP][PASSED] - i3 = <not implemented yet for class: org.codehaus.groovy.ast.expr.EmptyExpression>: null

05-03-2025T10:36:42 - [TEST_STEP][PASSED] - i3 = x.indexOf("/") + 1: null

05-03-2025T10:36:42 - [TEST_STEP][PASSED] - x = x.substring(i3, x.length()): null

05-03-2025T10:36:42 - [TEST_STEP][PASSED] - return x: null

05-03-2025T10:36:42 - [TEST_STEP][PASSED] - tableA = Script1719551244403.NewDZO(x = tableA): null

05-03-2025T10:36:42 - [TEST_STEP][PASSED] - i3 = <not implemented yet for class: org.codehaus.groovy.ast.expr.EmptyExpression>: null

05-03-2025T10:36:42 - [TEST_STEP][PASSED] - i3 = x.indexOf("/") + 1: null

05-03-2025T10:36:42 - [TEST_STEP][PASSED] - x = x.substring(i3, x.length()): null

05-03-2025T10:36:42 - [TEST_STEP][PASSED] - return x: null

05-03-2025T10:36:42 - [TEST_STEP][PASSED] - tableA = Script1719551244403.NewDZO(x = tableA): null

05-03-2025T10:36:42 - [TEST_STEP][PASSED] - i3 = <not implemented yet for class: org.codehaus.groovy.ast.expr.EmptyExpression>: null

05-03-2025T10:36:42 - [TEST_STEP][PASSED] - i3 = x.indexOf("/") + 1: null

05-03-2025T10:36:42 - [TEST_STEP][PASSED] - x = x.substring(i3, x.length()): null

05-03-2025T10:36:42 - [TEST_STEP][PASSED] - return x: null

05-03-2025T10:36:42 - [TEST_STEP][PASSED] - tableA = Script1719551244403.NewDZO(x = tableA): null

05-03-2025T10:36:42 - [TEST_STEP][PASSED] - i3 = <not implemented yet for class: org.codehaus.groovy.ast.expr.EmptyExpression>: null

05-03-2025T10:36:42 - [TEST_STEP][PASSED] - i3 = x.indexOf("/") + 1: null

05-03-2025T10:36:42 - [TEST_STEP][PASSED] - x = x.substring(i3, x.length()): null

05-03-2025T10:36:42 - [TEST_STEP][PASSED] - return x: null

05-03-2025T10:36:42 - [TEST_STEP][PASSED] - tableA = Script1719551244403.NewDZO(x = tableA): null

05-03-2025T10:36:42 - [TEST_STEP][PASSED] - i3 = <not implemented yet for class: org.codehaus.groovy.ast.expr.EmptyExpression>: null

05-03-2025T10:36:42 - [TEST_STEP][PASSED] - i3 = x.indexOf("/") + 1: null

05-03-2025T10:36:42 - [TEST_STEP][PASSED] - x = x.substring(i3, x.length()): null

05-03-2025T10:36:42 - [TEST_STEP][PASSED] - return x: null

05-03-2025T10:36:42 - [TEST_STEP][PASSED] - tableA = Script1719551244403.NewDZO(x = tableA): null

05-03-2025T10:36:42 - [TEST_STEP][PASSED] - i3 = <not implemented yet for class: org.codehaus.groovy.ast.expr.EmptyExpression>: null

05-03-2025T10:36:42 - [TEST_STEP][PASSED] - i3 = x.indexOf("/") + 1: null

05-03-2025T10:36:42 - [TEST_STEP][PASSED] - x = x.substring(i3, x.length()): null

05-03-2025T10:36:42 - [TEST_STEP][PASSED] - return x: null

05-03-2025T10:36:42 - [TEST_STEP][PASSED] - tableA = Script1719551244403.NewDZO(x = tableA): null

05-03-2025T10:36:42 - [TEST_STEP][PASSED] - i3 = <not implemented yet for class: org.codehaus.groovy.ast.expr.EmptyExpression>: null

05-03-2025T10:36:42 - [TEST_STEP][PASSED] - i3 = x.indexOf("/") + 1: null

05-03-2025T10:36:42 - [TEST_STEP][PASSED] - x = x.substring(i3, x.length()): null

05-03-2025T10:36:42 - [TEST_STEP][PASSED] - return x: null

05-03-2025T10:36:42 - [TEST_STEP][PASSED] - tableA = Script1719551244403.NewDZO(x = tableA): null

05-03-2025T10:36:42 - [TEST_STEP][PASSED] - i3 = <not implemented yet for class: org.codehaus.groovy.ast.expr.EmptyExpression>: null

05-03-2025T10:36:42 - [TEST_STEP][PASSED] - i3 = x.indexOf("/") + 1: null

05-03-2025T10:36:42 - [TEST_STEP][PASSED] - x = x.substring(i3, x.length()): null

05-03-2025T10:36:42 - [TEST_STEP][PASSED] - return x: null

05-03-2025T10:36:42 - [TEST_STEP][PASSED] - i = tableA.indexOf("Тюмень"): null

05-03-2025T10:36:42 - [TEST_STEP][PASSED] - ToA = replaceAll("\p{P}", "").trim(): null

05-03-2025T10:36:42 - [TEST_STEP][PASSED] - println("ToA: " + ToA): null

05-03-2025T10:36:42 - [TEST_STEP][PASSED] - tableA = Script1719551244403.NewDZO(x = tableA): null

05-03-2025T10:36:42 - [TEST_STEP][PASSED] - i3 = <not implemented yet for class: org.codehaus.groovy.ast.expr.EmptyExpression>: null

05-03-2025T10:36:42 - [TEST_STEP][PASSED] - i3 = x.indexOf("/") + 1: null

05-03-2025T10:36:42 - [TEST_STEP][PASSED] - x = x.substring(i3, x.length()): null

05-03-2025T10:36:42 - [TEST_STEP][PASSED] - return x: null

05-03-2025T10:36:42 - [TEST_STEP][PASSED] - TyuA = replaceAll("\p{P}", "").trim(): null

05-03-2025T10:36:42 - [TEST_STEP][PASSED] - println("TyuA: " + TyuA): null

05-03-2025T10:36:42 - [TEST_STEP][PASSED] - tableA = Script1719551244403.NewDZO(x = tableA): null

05-03-2025T10:36:42 - [TEST_STEP][PASSED] - i3 = <not implemented yet for class: org.codehaus.groovy.ast.expr.EmptyExpression>: null

05-03-2025T10:36:42 - [TEST_STEP][PASSED] - i3 = x.indexOf("/") + 1: null

05-03-2025T10:36:42 - [TEST_STEP][PASSED] - x = x.substring(i3, x.length()): null

05-03-2025T10:36:42 - [TEST_STEP][PASSED] - return x: null

05-03-2025T10:36:42 - [TEST_STEP][PASSED] - i = tableA.indexOf("ЕЭС"): null

05-03-2025T10:36:42 - [TEST_STEP][PASSED] - UrA = replaceAll("\p{P}", "").trim(): null

05-03-2025T10:36:42 - [TEST_STEP][PASSED] - println("UrA: " + UrA): null

05-03-2025T10:36:42 - [TEST_STEP][PASSED] - for ([i = 1, i < 4, (i++)]): null

05-03-2025T10:36:42 - [TEST_STEP][PASSED] - tableA = Script1719551244403.NewDZO(x = tableA): null

05-03-2025T10:36:42 - [TEST_STEP][PASSED] - i3 = <not implemented yet for class: org.codehaus.groovy.ast.expr.EmptyExpression>: null

05-03-2025T10:36:42 - [TEST_STEP][PASSED] - i3 = x.indexOf("/") + 1: null

05-03-2025T10:36:42 - [TEST_STEP][PASSED] - x = x.substring(i3, x.length()): null

05-03-2025T10:36:42 - [TEST_STEP][PASSED] - return x: null

05-03-2025T10:36:42 - [TEST_STEP][PASSED] - tableA = Script1719551244403.NewDZO(x = tableA): null

05-03-2025T10:36:42 - [TEST_STEP][PASSED] - i3 = <not implemented yet for class: org.codehaus.groovy.ast.expr.EmptyExpression>: null

05-03-2025T10:36:42 - [TEST_STEP][PASSED] - i3 = x.indexOf("/") + 1: null

05-03-2025T10:36:42 - [TEST_STEP][PASSED] - x = x.substring(i3, x.length()): null

05-03-2025T10:36:42 - [TEST_STEP][PASSED] - return x: null

05-03-2025T10:36:42 - [TEST_STEP][PASSED] - tableA = Script1719551244403.NewDZO(x = tableA): null

05-03-2025T10:36:42 - [TEST_STEP][PASSED] - i3 = <not implemented yet for class: org.codehaus.groovy.ast.expr.EmptyExpression>: null

05-03-2025T10:36:42 - [TEST_STEP][PASSED] - i3 = x.indexOf("/") + 1: null

05-03-2025T10:36:42 - [TEST_STEP][PASSED] - x = x.substring(i3, x.length()): null

05-03-2025T10:36:42 - [TEST_STEP][PASSED] - return x: null

05-03-2025T10:36:42 - [TEST_STEP][PASSED] - i = tableA.indexOf("Центр"): null

05-03-2025T10:36:42 - [TEST_STEP][PASSED] - FSKA = replaceAll("\p{P}", "").trim(): null

05-03-2025T10:36:42 - [TEST_STEP][PASSED] - println("FSKA: " + FSKA): null

05-03-2025T10:36:42 - [TEST_STEP][PASSED] - tableA = Script1719551244403.NewDZO(x = tableA): null

05-03-2025T10:36:42 - [TEST_STEP][PASSED] - i3 = <not implemented yet for class: org.codehaus.groovy.ast.expr.EmptyExpression>: null

05-03-2025T10:36:42 - [TEST_STEP][PASSED] - i3 = x.indexOf("/") + 1: null

05-03-2025T10:36:42 - [TEST_STEP][PASSED] - x = x.substring(i3, x.length()): null

05-03-2025T10:36:42 - [TEST_STEP][PASSED] - return x: null

05-03-2025T10:36:42 - [TEST_STEP][PASSED] - i = tableA.indexOf("Приволжье"): null

05-03-2025T10:36:42 - [TEST_STEP][PASSED] - CenA = replaceAll("\p{P}", "").trim(): null

05-03-2025T10:36:42 - [TEST_STEP][PASSED] - println("CenA: " + CenA): null

05-03-2025T10:36:42 - [TEST_STEP][PASSED] - for ([i = 1, i < 12, (i++)]): null

05-03-2025T10:36:42 - [TEST_STEP][PASSED] - tableA = Script1719551244403.NewDZO(x = tableA): null

05-03-2025T10:36:42 - [TEST_STEP][PASSED] - i3 = <not implemented yet for class: org.codehaus.groovy.ast.expr.EmptyExpression>: null

05-03-2025T10:36:42 - [TEST_STEP][PASSED] - i3 = x.indexOf("/") + 1: null

05-03-2025T10:36:42 - [TEST_STEP][PASSED] - x = x.substring(i3, x.length()): null

05-03-2025T10:36:42 - [TEST_STEP][PASSED] - return x: null

05-03-2025T10:36:42 - [TEST_STEP][PASSED] - tableA = Script1719551244403.NewDZO(x = tableA): null

05-03-2025T10:36:42 - [TEST_STEP][PASSED] - i3 = <not implemented yet for class: org.codehaus.groovy.ast.expr.EmptyExpression>: null

05-03-2025T10:36:42 - [TEST_STEP][PASSED] - i3 = x.indexOf("/") + 1: null

05-03-2025T10:36:42 - [TEST_STEP][PASSED] - x = x.substring(i3, x.length()): null

05-03-2025T10:36:42 - [TEST_STEP][PASSED] - return x: null

05-03-2025T10:36:42 - [TEST_STEP][PASSED] - tableA = Script1719551244403.NewDZO(x = tableA): null

05-03-2025T10:36:42 - [TEST_STEP][PASSED] - i3 = <not implemented yet for class: org.codehaus.groovy.ast.expr.EmptyExpression>: null

05-03-2025T10:36:42 - [TEST_STEP][PASSED] - i3 = x.indexOf("/") + 1: null

05-03-2025T10:36:42 - [TEST_STEP][PASSED] - x = x.substring(i3, x.length()): null

05-03-2025T10:36:42 - [TEST_STEP][PASSED] - return x: null

05-03-2025T10:36:42 - [TEST_STEP][PASSED] - tableA = Script1719551244403.NewDZO(x = tableA): null

05-03-2025T10:36:42 - [TEST_STEP][PASSED] - i3 = <not implemented yet for class: org.codehaus.groovy.ast.expr.EmptyExpression>: null

05-03-2025T10:36:42 - [TEST_STEP][PASSED] - i3 = x.indexOf("/") + 1: null

05-03-2025T10:36:42 - [TEST_STEP][PASSED] - x = x.substring(i3, x.length()): null

05-03-2025T10:36:42 - [TEST_STEP][PASSED] - return x: null

05-03-2025T10:36:42 - [TEST_STEP][PASSED] - tableA = Script1719551244403.NewDZO(x = tableA): null

05-03-2025T10:36:42 - [TEST_STEP][PASSED] - i3 = <not implemented yet for class: org.codehaus.groovy.ast.expr.EmptyExpression>: null

05-03-2025T10:36:42 - [TEST_STEP][PASSED] - i3 = x.indexOf("/") + 1: null

05-03-2025T10:36:42 - [TEST_STEP][PASSED] - x = x.substring(i3, x.length()): null

05-03-2025T10:36:42 - [TEST_STEP][PASSED] - return x: null

05-03-2025T10:36:42 - [TEST_STEP][PASSED] - tableA = Script1719551244403.NewDZO(x = tableA): null

05-03-2025T10:36:42 - [TEST_STEP][PASSED] - i3 = <not implemented yet for class: org.codehaus.groovy.ast.expr.EmptyExpression>: null

05-03-2025T10:36:42 - [TEST_STEP][PASSED] - i3 = x.indexOf("/") + 1: null

05-03-2025T10:36:42 - [TEST_STEP][PASSED] - x = x.substring(i3, x.length()): null

05-03-2025T10:36:42 - [TEST_STEP][PASSED] - return x: null

05-03-2025T10:36:42 - [TEST_STEP][PASSED] - tableA = Script1719551244403.NewDZO(x = tableA): null

05-03-2025T10:36:42 - [TEST_STEP][PASSED] - i3 = <not implemented yet for class: org.codehaus.groovy.ast.expr.EmptyExpression>: null

05-03-2025T10:36:42 - [TEST_STEP][PASSED] - i3 = x.indexOf("/") + 1: null

05-03-2025T10:36:42 - [TEST_STEP][PASSED] - x = x.substring(i3, x.length()): null

05-03-2025T10:36:42 - [TEST_STEP][PASSED] - return x: null

05-03-2025T10:36:42 - [TEST_STEP][PASSED] - tableA = Script1719551244403.NewDZO(x = tableA): null

05-03-2025T10:36:42 - [TEST_STEP][PASSED] - i3 = <not implemented yet for class: org.codehaus.groovy.ast.expr.EmptyExpression>: null

05-03-2025T10:36:42 - [TEST_STEP][PASSED] - i3 = x.indexOf("/") + 1: null

05-03-2025T10:36:42 - [TEST_STEP][PASSED] - x = x.substring(i3, x.length()): null

05-03-2025T10:36:42 - [TEST_STEP][PASSED] - return x: null

05-03-2025T10:36:42 - [TEST_STEP][PASSED] - tableA = Script1719551244403.NewDZO(x = tableA): null

05-03-2025T10:36:42 - [TEST_STEP][PASSED] - i3 = <not implemented yet for class: org.codehaus.groovy.ast.expr.EmptyExpression>: null

05-03-2025T10:36:42 - [TEST_STEP][PASSED] - i3 = x.indexOf("/") + 1: null

05-03-2025T10:36:42 - [TEST_STEP][PASSED] - x = x.substring(i3, x.length()): null

05-03-2025T10:36:42 - [TEST_STEP][PASSED] - return x: null

05-03-2025T10:36:42 - [TEST_STEP][PASSED] - tableA = Script1719551244403.NewDZO(x = tableA): null

05-03-2025T10:36:42 - [TEST_STEP][PASSED] - i3 = <not implemented yet for class: org.codehaus.groovy.ast.expr.EmptyExpression>: null

05-03-2025T10:36:42 - [TEST_STEP][PASSED] - i3 = x.indexOf("/") + 1: null

05-03-2025T10:36:42 - [TEST_STEP][PASSED] - x = x.substring(i3, x.length()): null

05-03-2025T10:36:42 - [TEST_STEP][PASSED] - return x: null

05-03-2025T10:36:42 - [TEST_STEP][PASSED] - tableA = Script1719551244403.NewDZO(x = tableA): null

05-03-2025T10:36:42 - [TEST_STEP][PASSED] - i3 = <not implemented yet for class: org.codehaus.groovy.ast.expr.EmptyExpression>: null

05-03-2025T10:36:42 - [TEST_STEP][PASSED] - i3 = x.indexOf("/") + 1: null

05-03-2025T10:36:42 - [TEST_STEP][PASSED] - x = x.substring(i3, x.length()): null

05-03-2025T10:36:42 - [TEST_STEP][PASSED] - return x: null

05-03-2025T10:36:42 - [TEST_STEP][PASSED] - i = tableA.indexOf("Юг"): null

05-03-2025T10:36:42 - [TEST_STEP][PASSED] - CiPA = replaceAll("\p{P}", "").trim(): null

05-03-2025T10:36:42 - [TEST_STEP][PASSED] - println("CiPA: " + CiPA): null

05-03-2025T10:36:42 - [TEST_STEP][PASSED] - for ([i = 1, i < 10, (i++)]): null

05-03-2025T10:36:42 - [TEST_STEP][PASSED] - tableA = Script1719551244403.NewDZO(x = tableA): null

05-03-2025T10:36:42 - [TEST_STEP][PASSED] - i3 = <not implemented yet for class: org.codehaus.groovy.ast.expr.EmptyExpression>: null

05-03-2025T10:36:42 - [TEST_STEP][PASSED] - i3 = x.indexOf("/") + 1: null

05-03-2025T10:36:42 - [TEST_STEP][PASSED] - x = x.substring(i3, x.length()): null

05-03-2025T10:36:42 - [TEST_STEP][PASSED] - return x: null

05-03-2025T10:36:42 - [TEST_STEP][PASSED] - tableA = Script1719551244403.NewDZO(x = tableA): null

05-03-2025T10:36:42 - [TEST_STEP][PASSED] - i3 = <not implemented yet for class: org.codehaus.groovy.ast.expr.EmptyExpression>: null

05-03-2025T10:36:42 - [TEST_STEP][PASSED] - i3 = x.indexOf("/") + 1: null

05-03-2025T10:36:42 - [TEST_STEP][PASSED] - x = x.substring(i3, x.length()): null

05-03-2025T10:36:42 - [TEST_STEP][PASSED] - return x: null

05-03-2025T10:36:42 - [TEST_STEP][PASSED] - tableA = Script1719551244403.NewDZO(x = tableA): null

05-03-2025T10:36:42 - [TEST_STEP][PASSED] - i3 = <not implemented yet for class: org.codehaus.groovy.ast.expr.EmptyExpression>: null

05-03-2025T10:36:42 - [TEST_STEP][PASSED] - i3 = x.indexOf("/") + 1: null

05-03-2025T10:36:42 - [TEST_STEP][PASSED] - x = x.substring(i3, x.length()): null

05-03-2025T10:36:42 - [TEST_STEP][PASSED] - return x: null

05-03-2025T10:36:42 - [TEST_STEP][PASSED] - tableA = Script1719551244403.NewDZO(x = tableA): null

05-03-2025T10:36:42 - [TEST_STEP][PASSED] - i3 = <not implemented yet for class: org.codehaus.groovy.ast.expr.EmptyExpression>: null

05-03-2025T10:36:42 - [TEST_STEP][PASSED] - i3 = x.indexOf("/") + 1: null

05-03-2025T10:36:42 - [TEST_STEP][PASSED] - x = x.substring(i3, x.length()): null

05-03-2025T10:36:42 - [TEST_STEP][PASSED] - return x: null

05-03-2025T10:36:42 - [TEST_STEP][PASSED] - tableA = Script1719551244403.NewDZO(x = tableA): null

05-03-2025T10:36:42 - [TEST_STEP][PASSED] - i3 = <not implemented yet for class: org.codehaus.groovy.ast.expr.EmptyExpression>: null

05-03-2025T10:36:42 - [TEST_STEP][PASSED] - i3 = x.indexOf("/") + 1: null

05-03-2025T10:36:42 - [TEST_STEP][PASSED] - x = x.substring(i3, x.length()): null

05-03-2025T10:36:42 - [TEST_STEP][PASSED] - return x: null

05-03-2025T10:36:42 - [TEST_STEP][PASSED] - tableA = Script1719551244403.NewDZO(x = tableA): null

05-03-2025T10:36:42 - [TEST_STEP][PASSED] - i3 = <not implemented yet for class: org.codehaus.groovy.ast.expr.EmptyExpression>: null

05-03-2025T10:36:42 - [TEST_STEP][PASSED] - i3 = x.indexOf("/") + 1: null

05-03-2025T10:36:42 - [TEST_STEP][PASSED] - x = x.substring(i3, x.length()): null

05-03-2025T10:36:42 - [TEST_STEP][PASSED] - return x: null

05-03-2025T10:36:42 - [TEST_STEP][PASSED] - tableA = Script1719551244403.NewDZO(x = tableA): null

05-03-2025T10:36:42 - [TEST_STEP][PASSED] - i3 = <not implemented yet for class: org.codehaus.groovy.ast.expr.EmptyExpression>: null

05-03-2025T10:36:42 - [TEST_STEP][PASSED] - i3 = x.indexOf("/") + 1: null

05-03-2025T10:36:42 - [TEST_STEP][PASSED] - x = x.substring(i3, x.length()): null

05-03-2025T10:36:42 - [TEST_STEP][PASSED] - return x: null

05-03-2025T10:36:42 - [TEST_STEP][PASSED] - tableA = Script1719551244403.NewDZO(x = tableA): null

05-03-2025T10:36:42 - [TEST_STEP][PASSED] - i3 = <not implemented yet for class: org.codehaus.groovy.ast.expr.EmptyExpression>: null

05-03-2025T10:36:42 - [TEST_STEP][PASSED] - i3 = x.indexOf("/") + 1: null

05-03-2025T10:36:42 - [TEST_STEP][PASSED] - x = x.substring(i3, x.length()): null

05-03-2025T10:36:42 - [TEST_STEP][PASSED] - return x: null

05-03-2025T10:36:42 - [TEST_STEP][PASSED] - tableA = Script1719551244403.NewDZO(x = tableA): null

05-03-2025T10:36:42 - [TEST_STEP][PASSED] - i3 = <not implemented yet for class: org.codehaus.groovy.ast.expr.EmptyExpression>: null

05-03-2025T10:36:42 - [TEST_STEP][PASSED] - i3 = x.indexOf("/") + 1: null

05-03-2025T10:36:42 - [TEST_STEP][PASSED] - x = x.substring(i3, x.length()): null

05-03-2025T10:36:42 - [TEST_STEP][PASSED] - return x: null

05-03-2025T10:36:42 - [TEST_STEP][PASSED] - i = tableA.indexOf("Янтарь"): null

05-03-2025T10:36:42 - [TEST_STEP][PASSED] - UgA = replaceAll("\p{P}", "").trim(): null

05-03-2025T10:36:42 - [TEST_STEP][PASSED] - println("UgA: " + UgA): null

05-03-2025T10:36:42 - [TEST_STEP][PASSED] - i = tableA.lastIndexOf("/"): null

05-03-2025T10:36:42 - [TEST_STEP][PASSED] - YaA = replaceAll("\p{P}", "").trim(): null

05-03-2025T10:36:42 - [TEST_STEP][PASSED] - println("YaA: " + YaA): null

05-03-2025T10:36:42 - [TEST_STEP][PASSED] - delay(10): Delayed 10 second(s)

05-03-2025T10:36:52 - [MESSAGE][PASSED] - Delayed 10 second(s)

05-03-2025T10:36:52 - [TEST_STEP][PASSED] - navigateToUrl(findTestData("PlanFact").getValue(10, 11)): Navigate to 'https://bi.rosseti.digital/viewer?dashboardGuid=a1fd28b3785d443cbc4d7690a1d78e31&sheetGuid=d3a0ddec2e914cb380b20dca74903099&fit=true' successfully

05-03-2025T10:36:53 - [MESSAGE][PASSED] - Navigate to 'https://bi.rosseti.digital/viewer?dashboardGuid=a1fd28b3785d443cbc4d7690a1d78e31&sheetGuid=d3a0ddec2e914cb380b20dca74903099&fit=true' successfully

05-03-2025T10:36:53 - [TEST_STEP][PASSED] - b = <not implemented yet for class: org.codehaus.groovy.ast.expr.EmptyExpression>: null

05-03-2025T10:36:53 - [TEST_STEP][PASSED] - b1 = <not implemented yet for class: org.codehaus.groovy.ast.expr.EmptyExpression>: null

05-03-2025T10:36:53 - [TEST_STEP][PASSED] - b2 = <not implemented yet for class: org.codehaus.groovy.ast.expr.EmptyExpression>: null

05-03-2025T10:36:53 - [TEST_STEP][PASSED] - click(findTestObject("Факторный анализ/Фильтр Дата Выручка")): Object: 'Object Repository/Факторный анализ/Фильтр Дата Выручка' is clicked on

05-03-2025T10:37:08 - [MESSAGE][PASSED] - Object: 'Object Repository/Факторный анализ/Фильтр Дата Выручка' is clicked on

05-03-2025T10:37:08 - [TEST_STEP][PASSED] - click(findTestObject("Факторный анализ/Снять выделение в фильтре Дата Выручка")): Object: 'Object Repository/Факторный анализ/Снять выделение в фильтре Дата Выручка' is clicked on

05-03-2025T10:37:08 - [MESSAGE][PASSED] - Object: 'Object Repository/Факторный анализ/Снять выделение в фильтре Дата Выручка' is clicked on

05-03-2025T10:37:08 - [TEST_STEP][PASSED] - click(findTestObject("Факторный анализ/Применить в фильтре Дата Выручка")): Object: 'Object Repository/Факторный анализ/Применить в фильтре Дата Выручка' is clicked on

05-03-2025T10:37:09 - [MESSAGE][PASSED] - Object: 'Object Repository/Факторный анализ/Применить в фильтре Дата Выручка' is clicked on

05-03-2025T10:37:09 - [TEST_STEP][PASSED] - delay(10): Delayed 10 second(s)

05-03-2025T10:37:19 - [MESSAGE][PASSED] - Delayed 10 second(s)

05-03-2025T10:37:19 - [TEST_STEP][PASSED] - click(findTestObject("Факторный анализ/Фильтр Дата Выручка")): Object: 'Object Repository/Факторный анализ/Фильтр Дата Выручка' is clicked on

05-03-2025T10:37:19 - [MESSAGE][PASSED] - Object: 'Object Repository/Факторный анализ/Фильтр Дата Выручка' is clicked on

05-03-2025T10:37:19 - [TEST_STEP][PASSED] - click(findTestObject("Факторный анализ/Снять выделение в фильтре Дата Выручка")): Object: 'Object Repository/Факторный анализ/Снять выделение в фильтре Дата Выручка' is clicked on

05-03-2025T10:37:20 - [MESSAGE][PASSED] - Object: 'Object Repository/Факторный анализ/Снять выделение в фильтре Дата Выручка' is clicked on

05-03-2025T10:37:20 - [TEST_STEP][PASSED] - scrollToElement(findTestObject("Факторный анализ/2025 список Выручка"), 30): Scroll to object 'Object Repository/Факторный анализ/2025 список Выручка' successfully

05-03-2025T10:37:20 - [MESSAGE][PASSED] - Scroll to object 'Object Repository/Факторный анализ/2025 список Выручка' successfully

05-03-2025T10:37:20 - [TEST_STEP][PASSED] - click(findTestObject("Факторный анализ/2025 список Выручка")): Object: 'Object Repository/Факторный анализ/2025 список Выручка' is clicked on

05-03-2025T10:37:20 - [MESSAGE][PASSED] - Object: 'Object Repository/Факторный анализ/2025 список Выручка' is clicked on

05-03-2025T10:37:20 - [TEST_STEP][PASSED] - scrollToElement(findTestObject("Факторный анализ/1 квартал 2025 список Выручка"), 30): Scroll to object 'Object Repository/Факторный анализ/1 квартал 2025 список Выручка' successfully

05-03-2025T10:37:21 - [MESSAGE][PASSED] - Scroll to object 'Object Repository/Факторный анализ/1 квартал 2025 список Выручка' successfully

05-03-2025T10:37:21 - [TEST_STEP][PASSED] - click(findTestObject("Факторный анализ/1 квартал 2025 список Выручка"), CONTINUE_ON_FAILURE): Object: 'Object Repository/Факторный анализ/1 квартал 2025 список Выручка' is clicked on

05-03-2025T10:37:21 - [MESSAGE][PASSED] - Object: 'Object Repository/Факторный анализ/1 квартал 2025 список Выручка' is clicked on

05-03-2025T10:37:21 - [TEST_STEP][PASSED] - scrollToElement(findTestObject("Факторный анализ/Январь 2025 Выручка"), 30): Scroll to object 'Object Repository/Факторный анализ/Январь 2025 Выручка' successfully

05-03-2025T10:37:21 - [MESSAGE][PASSED] - Scroll to object 'Object Repository/Факторный анализ/Январь 2025 Выручка' successfully

05-03-2025T10:37:21 - [TEST_STEP][PASSED] - click(findTestObject("Факторный анализ/Январь 2025 Выручка"), CONTINUE_ON_FAILURE): Object: 'Object Repository/Факторный анализ/Январь 2025 Выручка' is clicked on

05-03-2025T10:37:22 - [MESSAGE][PASSED] - Object: 'Object Repository/Факторный анализ/Январь 2025 Выручка' is clicked on

05-03-2025T10:37:22 - [TEST_STEP][PASSED] - scrollToElement(findTestObject("Факторный анализ/Заголовок дашборда Выручка"), 30): Scroll to object 'Object Repository/Факторный анализ/Заголовок дашборда Выручка' successfully

05-03-2025T10:37:22 - [MESSAGE][PASSED] - Scroll to object 'Object Repository/Факторный анализ/Заголовок дашборда Выручка' successfully

05-03-2025T10:37:22 - [TEST_STEP][PASSED] - click(findTestObject("Факторный анализ/Применить в фильтре Дата Выручка")): Object: 'Object Repository/Факторный анализ/Применить в фильтре Дата Выручка' is clicked on

05-03-2025T10:37:23 - [MESSAGE][PASSED] - Object: 'Object Repository/Факторный анализ/Применить в фильтре Дата Выручка' is clicked on

05-03-2025T10:37:23 - [TEST_STEP][PASSED] - if (run == 1): null

05-03-2025T10:37:23 - [TEST_STEP][ERROR] - else: Test Cases/Сверки дашбордов/Факторный анализ сверка дашбордов FAILED.
Reason:
java.lang.NullPointerException: Cannot invoke method replaceAll() on null object
	at Факторный анализ сверка дашбордов.Test(Факторный анализ сверка дашбордов:405)
	at Факторный анализ сверка дашбордов.run(Факторный анализ сверка дашбордов:44)
	at com.kms.katalon.core.main.ScriptEngine.run(ScriptEngine.java:194)
	at com.kms.katalon.core.main.ScriptEngine.runScriptAsRawText(ScriptEngine.java:119)
	at com.kms.katalon.core.main.TestCaseExecutor.runScript(TestCaseExecutor.java:448)
	at com.kms.katalon.core.main.TestCaseExecutor.doExecute(TestCaseExecutor.java:439)
	at com.kms.katalon.core.main.TestCaseExecutor.processExecutionPhase(TestCaseExecutor.java:418)
	at com.kms.katalon.core.main.TestCaseExecutor.accessMainPhase(TestCaseExecutor.java:410)
	at com.kms.katalon.core.main.TestCaseExecutor.execute(TestCaseExecutor.java:285)
	at com.kms.katalon.core.common.CommonExecutor.accessTestCaseMainPhase(CommonExecutor.java:65)
	at com.kms.katalon.core.main.TestSuiteExecutor.accessTestSuiteMainPhase(TestSuiteExecutor.java:150)
	at com.kms.katalon.core.main.TestSuiteExecutor.execute(TestSuiteExecutor.java:106)
	at com.kms.katalon.core.main.TestCaseMain.startTestSuite(TestCaseMain.java:180)
	at TempTestSuite1741155213601.run(TempTestSuite1741155213601.groovy:35)
	at java.base/jdk.internal.reflect.NativeMethodAccessorImpl.invoke0(Native Method)
	at java.base/jdk.internal.reflect.NativeMethodAccessorImpl.invoke(NativeMethodAccessorImpl.java:77)
	at java.base/jdk.internal.reflect.DelegatingMethodAccessorImpl.invoke(DelegatingMethodAccessorImpl.java:43)


05-03-2025T10:37:23 - [TEST_STEP][PASSED] - click(findTestObject("Факторный анализ/Переключить отображение с филиала на месяц")): Object: 'Object Repository/Факторный анализ/Переключить отображение с филиала на месяц' is clicked on

05-03-2025T10:37:25 - [MESSAGE][PASSED] - Object: 'Object Repository/Факторный анализ/Переключить отображение с филиала на месяц' is clicked on

05-03-2025T10:37:25 - [TEST_STEP][PASSED] - b1 = replaceAll("\s+", "").trim(): Text of object 'Object Repository/Факторный анализ/span1 Выручка' is: '-121 352'

05-03-2025T10:37:25 - [MESSAGE][PASSED] - Text of object 'Object Repository/Факторный анализ/span1 Выручка' is: '-121 352'

05-03-2025T10:37:25 - [TEST_STEP][ERROR] - b2 = replaceAll("\s+", "").trim(): Test Cases/Сверки дашбордов/Факторный анализ сверка дашбордов FAILED.
Reason:
java.lang.NullPointerException: Cannot invoke method replaceAll() on null object
	at Факторный анализ сверка дашбордов.Test(Факторный анализ сверка дашбордов:405)
	at Факторный анализ сверка дашбордов.run(Факторный анализ сверка дашбордов:44)
	at com.kms.katalon.core.main.ScriptEngine.run(ScriptEngine.java:194)
	at com.kms.katalon.core.main.ScriptEngine.runScriptAsRawText(ScriptEngine.java:119)
	at com.kms.katalon.core.main.TestCaseExecutor.runScript(TestCaseExecutor.java:448)
	at com.kms.katalon.core.main.TestCaseExecutor.doExecute(TestCaseExecutor.java:439)
	at com.kms.katalon.core.main.TestCaseExecutor.processExecutionPhase(TestCaseExecutor.java:418)
	at com.kms.katalon.core.main.TestCaseExecutor.accessMainPhase(TestCaseExecutor.java:410)
	at com.kms.katalon.core.main.TestCaseExecutor.execute(TestCaseExecutor.java:285)
	at com.kms.katalon.core.common.CommonExecutor.accessTestCaseMainPhase(CommonExecutor.java:65)
	at com.kms.katalon.core.main.TestSuiteExecutor.accessTestSuiteMainPhase(TestSuiteExecutor.java:150)
	at com.kms.katalon.core.main.TestSuiteExecutor.execute(TestSuiteExecutor.java:106)
	at com.kms.katalon.core.main.TestCaseMain.startTestSuite(TestCaseMain.java:180)
	at TempTestSuite1741155213601.run(TempTestSuite1741155213601.groovy:35)
	at java.base/jdk.internal.reflect.NativeMethodAccessorImpl.invoke0(Native Method)
	at java.base/jdk.internal.reflect.NativeMethodAccessorImpl.invoke(NativeMethodAccessorImpl.java:77)
	at java.base/jdk.internal.reflect.DelegatingMethodAccessorImpl.invoke(DelegatingMethodAccessorImpl.java:43)


05-03-2025T10:37:56 - [MESSAGE][INFO] - Unable to find the element located by 'By.xpath: //div[26]/div[2]/div/div/div[2]/div/span'. Please recheck the objects properties to make sure the desired element is located. 

05-03-2025T10:37:56 - [MESSAGE][FAILED] - Unable to get text of object 'Object Repository/Факторный анализ/span2 Выручка' (Root cause: com.kms.katalon.core.exception.StepFailedException: Unable to get text of object 'Object Repository/Факторный анализ/span2 Выручка'
	at com.kms.katalon.core.webui.keyword.internal.WebUIKeywordMain.stepFailed(WebUIKeywordMain.groovy:64)
	at com.kms.katalon.core.webui.keyword.internal.WebUIKeywordMain.runKeyword(WebUIKeywordMain.groovy:26)
	at com.kms.katalon.core.webui.keyword.builtin.GetTextKeyword.getText(GetTextKeyword.groovy:88)
	at com.kms.katalon.core.webui.keyword.builtin.GetTextKeyword.execute(GetTextKeyword.groovy:67)
	at com.kms.katalon.core.keyword.internal.KeywordExecutor.executeKeywordForPlatform(KeywordExecutor.groovy:74)
	at com.kms.katalon.core.webui.keyword.WebUiBuiltInKeywords.getText(WebUiBuiltInKeywords.groovy:957)
	at Факторный анализ сверка дашбордов.Test(Факторный анализ сверка дашбордов:405)
	at Факторный анализ сверка дашбордов.run(Факторный анализ сверка дашбордов:44)
	at com.kms.katalon.core.main.ScriptEngine.run(ScriptEngine.java:194)
	at com.kms.katalon.core.main.ScriptEngine.runScriptAsRawText(ScriptEngine.java:119)
	at com.kms.katalon.core.main.TestCaseExecutor.runScript(TestCaseExecutor.java:448)
	at com.kms.katalon.core.main.TestCaseExecutor.doExecute(TestCaseExecutor.java:439)
	at com.kms.katalon.core.main.TestCaseExecutor.processExecutionPhase(TestCaseExecutor.java:418)
	at com.kms.katalon.core.main.TestCaseExecutor.accessMainPhase(TestCaseExecutor.java:410)
	at com.kms.katalon.core.main.TestCaseExecutor.execute(TestCaseExecutor.java:285)
	at com.kms.katalon.core.common.CommonExecutor.accessTestCaseMainPhase(CommonExecutor.java:65)
	at com.kms.katalon.core.main.TestSuiteExecutor.accessTestSuiteMainPhase(TestSuiteExecutor.java:150)
	at com.kms.katalon.core.main.TestSuiteExecutor.execute(TestSuiteExecutor.java:106)
	at com.kms.katalon.core.main.TestCaseMain.startTestSuite(TestCaseMain.java:180)
	at TempTestSuite1741155213601.run(TempTestSuite1741155213601.groovy:35)
	at java.base/jdk.internal.reflect.NativeMethodAccessorImpl.invoke0(Native Method)
	at java.base/jdk.internal.reflect.NativeMethodAccessorImpl.invoke(NativeMethodAccessorImpl.java:77)
	at java.base/jdk.internal.reflect.DelegatingMethodAccessorImpl.invoke(DelegatingMethodAccessorImpl.java:43)
Caused by: com.kms.katalon.core.webui.exception.WebElementNotFoundException: Web element with id: 'Object Repository/Факторный анализ/span2 Выручка' located by '//div[26]/div[2]/div/div/div[2]/div/span' not found
	at com.kms.katalon.core.webui.common.WebUiCommonHelper.findWebElement(WebUiCommonHelper.java:1426)
	at com.kms.katalon.core.webui.keyword.internal.WebUIAbstractKeyword.findWebElement(WebUIAbstractKeyword.groovy:27)
	at com.kms.katalon.core.webui.keyword.internal.WebUIAbstractKeyword.findWebElement(WebUIAbstractKeyword.groovy:26)
	at com.kms.katalon.core.webui.keyword.builtin.GetTextKeyword$_getText_closure1.doCall(GetTextKeyword.groovy:78)
	at com.kms.katalon.core.webui.keyword.builtin.GetTextKeyword$_getText_closure1.call(GetTextKeyword.groovy)
	at com.kms.katalon.core.webui.keyword.internal.WebUIKeywordMain.runKeyword(WebUIKeywordMain.groovy:20)
	at com.kms.katalon.core.webui.keyword.builtin.GetTextKeyword.getText(GetTextKeyword.groovy:88)
	at com.kms.katalon.core.webui.keyword.builtin.GetTextKeyword.execute(GetTextKeyword.groovy:67)
	at com.kms.katalon.core.keyword.internal.KeywordExecutor.executeKeywordForPlatform(KeywordExecutor.groovy:74)
	at com.kms.katalon.core.webui.keyword.WebUiBuiltInKeywords.getText(WebUiBuiltInKeywords.groovy:957)
	at Script1719551244403.Test(Script1719551244403.groovy:405)
	at Script1719551244403.run(Script1719551244403.groovy:44)
	... 15 more
)
[[ATTACHMENT|C:\\Users\\LIAZGINA-DI\\git\\SPORU\\Reports\\20250305_091333\\\u041F\u043D-\u0421\u0440-\u041F\u0442\\\u0421\u0432\u0435\u0440\u043A\u0430 \u0434\u0430\u0448\u0431\u043E\u0440\u0434\u043E\u0432 \u0438\u0437 \u0440\u0430\u0437\u043D\u044B\u0445 \u0431\u043B\u043E\u043A\u043E\u0432\\20250305_091333\\1741160276428.png]]

05-03-2025T10:37:56 - [MESSAGE][ERROR] - Test Cases/Сверки дашбордов/Факторный анализ сверка дашбордов FAILED.
Reason:
java.lang.NullPointerException: Cannot invoke method replaceAll() on null object
	at Факторный анализ сверка дашбордов.Test(Факторный анализ сверка дашбордов:405)
	at Факторный анализ сверка дашбордов.run(Факторный анализ сверка дашбордов:44)
	at com.kms.katalon.core.main.ScriptEngine.run(ScriptEngine.java:194)
	at com.kms.katalon.core.main.ScriptEngine.runScriptAsRawText(ScriptEngine.java:119)
	at com.kms.katalon.core.main.TestCaseExecutor.runScript(TestCaseExecutor.java:448)
	at com.kms.katalon.core.main.TestCaseExecutor.doExecute(TestCaseExecutor.java:439)
	at com.kms.katalon.core.main.TestCaseExecutor.processExecutionPhase(TestCaseExecutor.java:418)
	at com.kms.katalon.core.main.TestCaseExecutor.accessMainPhase(TestCaseExecutor.java:410)
	at com.kms.katalon.core.main.TestCaseExecutor.execute(TestCaseExecutor.java:285)
	at com.kms.katalon.core.common.CommonExecutor.accessTestCaseMainPhase(CommonExecutor.java:65)
	at com.kms.katalon.core.main.TestSuiteExecutor.accessTestSuiteMainPhase(TestSuiteExecutor.java:150)
	at com.kms.katalon.core.main.TestSuiteExecutor.execute(TestSuiteExecutor.java:106)
	at com.kms.katalon.core.main.TestCaseMain.startTestSuite(TestCaseMain.java:180)
	at TempTestSuite1741155213601.run(TempTestSuite1741155213601.groovy:35)
	at java.base/jdk.internal.reflect.NativeMethodAccessorImpl.invoke0(Native Method)
	at java.base/jdk.internal.reflect.NativeMethodAccessorImpl.invoke(NativeMethodAccessorImpl.java:77)
	at java.base/jdk.internal.reflect.DelegatingMethodAccessorImpl.invoke(DelegatingMethodAccessorImpl.java:43)]]></system-out>
         <system-err><![CDATA[05-03-2025T10:34:44 - [TEST_CASE][FAILED] - Test Cases/Сверки дашбордов/Факторный анализ сверка дашбордов: Test Cases/Сверки дашбордов/Факторный анализ сверка дашбордов FAILED.
Reason:
com.kms.katalon.core.exception.StepFailedException: Unable to verify equal between actual object '701' and expected object '0' (Root cause: com.kms.katalon.core.exception.StepFailedException: Actual object '701' and expected object '0' are not equal
	at com.kms.katalon.core.keyword.builtin.VerifyEqualKeyword$_verifyEqual_closure1.doCall(VerifyEqualKeyword.groovy:58)
	at com.kms.katalon.core.keyword.builtin.VerifyEqualKeyword$_verifyEqual_closure1.call(VerifyEqualKeyword.groovy)
	at com.kms.katalon.core.keyword.internal.KeywordMain.runKeyword(KeywordMain.groovy:75)
	at com.kms.katalon.core.keyword.builtin.VerifyEqualKeyword.verifyEqual(VerifyEqualKeyword.groovy:63)
	at com.kms.katalon.core.keyword.builtin.VerifyEqualKeyword.execute(VerifyEqualKeyword.groovy:44)
	at com.kms.katalon.core.keyword.internal.KeywordExecutor.executeKeywordForPlatform(KeywordExecutor.groovy:74)
	at com.kms.katalon.core.keyword.BuiltinKeywords.verifyEqual(BuiltinKeywords.groovy:146)
	at jdk.internal.reflect.GeneratedMethodAccessor25.invoke(Unknown Source)
	at java.base/jdk.internal.reflect.DelegatingMethodAccessorImpl.invoke(DelegatingMethodAccessorImpl.java:43)
	at Факторный анализ сверка дашбордов.Compare(Факторный анализ сверка дашбордов:654)
	at Факторный анализ сверка дашбордов.Test(Факторный анализ сверка дашбордов:422)
	at Факторный анализ сверка дашбордов.run(Факторный анализ сверка дашбордов:44)
	at com.kms.katalon.core.main.ScriptEngine.run(ScriptEngine.java:194)
	at com.kms.katalon.core.main.ScriptEngine.runScriptAsRawText(ScriptEngine.java:119)
	at com.kms.katalon.core.main.TestCaseExecutor.runScript(TestCaseExecutor.java:448)
	at com.kms.katalon.core.main.TestCaseExecutor.doExecute(TestCaseExecutor.java:439)
	at com.kms.katalon.core.main.TestCaseExecutor.processExecutionPhase(TestCaseExecutor.java:418)
	at com.kms.katalon.core.main.TestCaseExecutor.accessMainPhase(TestCaseExecutor.java:410)
	at com.kms.katalon.core.main.TestCaseExecutor.execute(TestCaseExecutor.java:285)
	at com.kms.katalon.core.common.CommonExecutor.accessTestCaseMainPhase(CommonExecutor.java:65)
	at com.kms.katalon.core.main.TestSuiteExecutor.accessTestSuiteMainPhase(TestSuiteExecutor.java:150)
	at com.kms.katalon.core.main.TestSuiteExecutor.execute(TestSuiteExecutor.java:106)
	at com.kms.katalon.core.main.TestCaseMain.startTestSuite(TestCaseMain.java:180)
	at TempTestSuite1741155213601.run(TempTestSuite1741155213601.groovy:35)
	at java.base/jdk.internal.reflect.NativeMethodAccessorImpl.invoke0(Native Method)
	at java.base/jdk.internal.reflect.NativeMethodAccessorImpl.invoke(NativeMethodAccessorImpl.java:77)
	at java.base/jdk.internal.reflect.DelegatingMethodAccessorImpl.invoke(DelegatingMethodAccessorImpl.java:43)
)
	at com.kms.katalon.core.keyword.internal.KeywordMain.stepFailed(KeywordMain.groovy:39)
	at com.kms.katalon.core.keyword.internal.KeywordMain.stepFailed(KeywordMain.groovy)
	at com.kms.katalon.core.keyword.internal.KeywordMain.runKeyword(KeywordMain.groovy:77)
	at com.kms.katalon.core.keyword.builtin.VerifyEqualKeyword.verifyEqual(VerifyEqualKeyword.groovy:63)
	at com.kms.katalon.core.keyword.builtin.VerifyEqualKeyword.execute(VerifyEqualKeyword.groovy:44)
	at com.kms.katalon.core.keyword.internal.KeywordExecutor.executeKeywordForPlatform(KeywordExecutor.groovy:74)
	at com.kms.katalon.core.keyword.BuiltinKeywords.verifyEqual(BuiltinKeywords.groovy:146)
	at jdk.internal.reflect.GeneratedMethodAccessor25.invoke(Unknown Source)
	at java.base/jdk.internal.reflect.DelegatingMethodAccessorImpl.invoke(DelegatingMethodAccessorImpl.java:43)
	at Факторный анализ сверка дашбордов.Compare(Факторный анализ сверка дашбордов:654)
	at Факторный анализ сверка дашбордов.Test(Факторный анализ сверка дашбордов:422)
	at Факторный анализ сверка дашбордов.run(Факторный анализ сверка дашбордов:44)
	at com.kms.katalon.core.main.ScriptEngine.run(ScriptEngine.java:194)
	at com.kms.katalon.core.main.ScriptEngine.runScriptAsRawText(ScriptEngine.java:119)
	at com.kms.katalon.core.main.TestCaseExecutor.runScript(TestCaseExecutor.java:448)
	at com.kms.katalon.core.main.TestCaseExecutor.doExecute(TestCaseExecutor.java:439)
	at com.kms.katalon.core.main.TestCaseExecutor.processExecutionPhase(TestCaseExecutor.java:418)
	at com.kms.katalon.core.main.TestCaseExecutor.accessMainPhase(TestCaseExecutor.java:410)
	at com.kms.katalon.core.main.TestCaseExecutor.execute(TestCaseExecutor.java:285)
	at com.kms.katalon.core.common.CommonExecutor.accessTestCaseMainPhase(CommonExecutor.java:65)
	at com.kms.katalon.core.main.TestSuiteExecutor.accessTestSuiteMainPhase(TestSuiteExecutor.java:150)
	at com.kms.katalon.core.main.TestSuiteExecutor.execute(TestSuiteExecutor.java:106)
	at com.kms.katalon.core.main.TestCaseMain.startTestSuite(TestCaseMain.java:180)
	at TempTestSuite1741155213601.run(TempTestSuite1741155213601.groovy:35)
	at java.base/jdk.internal.reflect.NativeMethodAccessorImpl.invoke0(Native Method)
	at java.base/jdk.internal.reflect.NativeMethodAccessorImpl.invoke(NativeMethodAccessorImpl.java:77)
	at java.base/jdk.internal.reflect.DelegatingMethodAccessorImpl.invoke(DelegatingMethodAccessorImpl.java:43)
Caused by: com.kms.katalon.core.exception.StepFailedException: Actual object '701' and expected object '0' are not equal
	at com.kms.katalon.core.keyword.builtin.VerifyEqualKeyword$_verifyEqual_closure1.doCall(VerifyEqualKeyword.groovy:58)
	at com.kms.katalon.core.keyword.builtin.VerifyEqualKeyword$_verifyEqual_closure1.call(VerifyEqualKeyword.groovy)
	at com.kms.katalon.core.keyword.internal.KeywordMain.runKeyword(KeywordMain.groovy:75)
	... 24 more]]></system-err>
      </testcase>
      <system-out><![CDATA[05-03-2025T09:13:38 - [TEST_SUITE][FAILED] - Сверка дашбордов из разных блоков: Test Cases/Сверки дашбордов/Выполнение бизнес-плана сверка дашбордов FAILED.
Reason:
com.kms.katalon.core.exception.StepFailedException: Unable to get text of object 'Object Repository/Выполнение бизнес-плана/Значения со страницы Выполнение бизнес-плана/Table Data/Факт Потери за отчётный период 1' (Root cause: com.kms.katalon.core.exception.StepFailedException: Unable to get text of object 'Object Repository/Выполнение бизнес-плана/Значения со страницы Выполнение бизнес-плана/Table Data/Факт Потери за отчётный период 1'
	at com.kms.katalon.core.webui.keyword.internal.WebUIKeywordMain.stepFailed(WebUIKeywordMain.groovy:64)
	at com.kms.katalon.core.webui.keyword.internal.WebUIKeywordMain.runKeyword(WebUIKeywordMain.groovy:26)
	at com.kms.katalon.core.webui.keyword.builtin.GetTextKeyword.getText(GetTextKeyword.groovy:88)
	at com.kms.katalon.core.webui.keyword.builtin.GetTextKeyword.execute(GetTextKeyword.groovy:67)
	at com.kms.katalon.core.keyword.internal.KeywordExecutor.executeKeywordForPlatform(KeywordExecutor.groovy:74)
	at com.kms.katalon.core.webui.keyword.WebUiBuiltInKeywords.getText(WebUiBuiltInKeywords.groovy:957)
	at Выполнение бизнес-плана сверка дашбордов.GetAllData(Выполнение бизнес-плана сверка дашбордов:970)
	at Выполнение бизнес-плана сверка дашбордов.run(Выполнение бизнес-плана сверка дашбордов:156)
	at com.kms.katalon.core.main.ScriptEngine.run(ScriptEngine.java:194)
	at com.kms.katalon.core.main.ScriptEngine.runScriptAsRawText(ScriptEngine.java:119)
	at com.kms.katalon.core.main.TestCaseExecutor.runScript(TestCaseExecutor.java:448)
	at com.kms.katalon.core.main.TestCaseExecutor.doExecute(TestCaseExecutor.java:439)
	at com.kms.katalon.core.main.TestCaseExecutor.processExecutionPhase(TestCaseExecutor.java:418)
	at com.kms.katalon.core.main.TestCaseExecutor.accessMainPhase(TestCaseExecutor.java:410)
	at com.kms.katalon.core.main.TestCaseExecutor.execute(TestCaseExecutor.java:285)
	at com.kms.katalon.core.common.CommonExecutor.accessTestCaseMainPhase(CommonExecutor.java:65)
	at com.kms.katalon.core.main.TestSuiteExecutor.accessTestSuiteMainPhase(TestSuiteExecutor.java:150)
	at com.kms.katalon.core.main.TestSuiteExecutor.execute(TestSuiteExecutor.java:106)
	at com.kms.katalon.core.main.TestCaseMain.startTestSuite(TestCaseMain.java:180)
	at TempTestSuite1741155213601.run(TempTestSuite1741155213601.groovy:35)
	at java.base/jdk.internal.reflect.NativeMethodAccessorImpl.invoke0(Native Method)
	at java.base/jdk.internal.reflect.NativeMethodAccessorImpl.invoke(NativeMethodAccessorImpl.java:77)
	at java.base/jdk.internal.reflect.DelegatingMethodAccessorImpl.invoke(DelegatingMethodAccessorImpl.java:43)
Caused by: com.kms.katalon.core.webui.exception.WebElementNotFoundException: Web element with id: 'Object Repository/Выполнение бизнес-плана/Значения со страницы Выполнение бизнес-плана/Table Data/Факт Потери за отчётный период 1' located by '(.//*[normalize-space(text()) and normalize-space(.)='Показатели баланса электроэнергии по ДЗО – Факт'])[2]/following::td[35]' not found
	at com.kms.katalon.core.webui.common.WebUiCommonHelper.findWebElement(WebUiCommonHelper.java:1426)
	at com.kms.katalon.core.webui.keyword.internal.WebUIAbstractKeyword.findWebElement(WebUIAbstractKeyword.groovy:27)
	at com.kms.katalon.core.webui.keyword.internal.WebUIAbstractKeyword.findWebElement(WebUIAbstractKeyword.groovy:26)
	at com.kms.katalon.core.webui.keyword.builtin.GetTextKeyword$_getText_closure1.doCall(GetTextKeyword.groovy:78)
	at com.kms.katalon.core.webui.keyword.builtin.GetTextKeyword$_getText_closure1.call(GetTextKeyword.groovy)
	at com.kms.katalon.core.webui.keyword.internal.WebUIKeywordMain.runKeyword(WebUIKeywordMain.groovy:20)
	at com.kms.katalon.core.webui.keyword.builtin.GetTextKeyword.getText(GetTextKeyword.groovy:88)
	at com.kms.katalon.core.webui.keyword.builtin.GetTextKeyword.execute(GetTextKeyword.groovy:67)
	at com.kms.katalon.core.keyword.internal.KeywordExecutor.executeKeywordForPlatform(KeywordExecutor.groovy:74)
	at com.kms.katalon.core.webui.keyword.WebUiBuiltInKeywords.getText(WebUiBuiltInKeywords.groovy:957)
	at Script1719299571342.GetAllData(Script1719299571342.groovy:970)
	at Script1719299571342.run(Script1719299571342.groovy:156)
	... 15 more
)
	at com.kms.katalon.core.keyword.internal.KeywordMain.stepFailed(KeywordMain.groovy:39)
	at com.kms.katalon.core.webui.keyword.internal.WebUIKeywordMain.stepFailed(WebUIKeywordMain.groovy:64)
	at com.kms.katalon.core.webui.keyword.internal.WebUIKeywordMain.runKeyword(WebUIKeywordMain.groovy:26)
	at com.kms.katalon.core.webui.keyword.builtin.GetTextKeyword.getText(GetTextKeyword.groovy:88)
	at com.kms.katalon.core.webui.keyword.builtin.GetTextKeyword.execute(GetTextKeyword.groovy:67)
	at com.kms.katalon.core.keyword.internal.KeywordExecutor.executeKeywordForPlatform(KeywordExecutor.groovy:74)
	at com.kms.katalon.core.webui.keyword.WebUiBuiltInKeywords.getText(WebUiBuiltInKeywords.groovy:957)
	at Выполнение бизнес-плана сверка дашбордов.GetAllData(Выполнение бизнес-плана сверка дашбордов:970)
	at Выполнение бизнес-плана сверка дашбордов.run(Выполнение бизнес-плана сверка дашбордов:156)
	at com.kms.katalon.core.main.ScriptEngine.run(ScriptEngine.java:194)
	at com.kms.katalon.core.main.ScriptEngine.runScriptAsRawText(ScriptEngine.java:119)
	at com.kms.katalon.core.main.TestCaseExecutor.runScript(TestCaseExecutor.java:448)
	at com.kms.katalon.core.main.TestCaseExecutor.doExecute(TestCaseExecutor.java:439)
	at com.kms.katalon.core.main.TestCaseExecutor.processExecutionPhase(TestCaseExecutor.java:418)
	at com.kms.katalon.core.main.TestCaseExecutor.accessMainPhase(TestCaseExecutor.java:410)
	at com.kms.katalon.core.main.TestCaseExecutor.execute(TestCaseExecutor.java:285)
	at com.kms.katalon.core.common.CommonExecutor.accessTestCaseMainPhase(CommonExecutor.java:65)
	at com.kms.katalon.core.main.TestSuiteExecutor.accessTestSuiteMainPhase(TestSuiteExecutor.java:150)
	at com.kms.katalon.core.main.TestSuiteExecutor.execute(TestSuiteExecutor.java:106)
	at com.kms.katalon.core.main.TestCaseMain.startTestSuite(TestCaseMain.java:180)
	at TempTestSuite1741155213601.run(TempTestSuite1741155213601.groovy:35)
	at java.base/jdk.internal.reflect.NativeMethodAccessorImpl.invoke0(Native Method)
	at java.base/jdk.internal.reflect.NativeMethodAccessorImpl.invoke(NativeMethodAccessorImpl.java:77)
	at java.base/jdk.internal.reflect.DelegatingMethodAccessorImpl.invoke(DelegatingMethodAccessorImpl.java:43)
Caused by: com.kms.katalon.core.exception.StepFailedException: Unable to get text of object 'Object Repository/Выполнение бизнес-плана/Значения со страницы Выполнение бизнес-плана/Table Data/Факт Потери за отчётный период 1'
	... 23 more
Caused by: com.kms.katalon.core.webui.exception.WebElementNotFoundException: Web element with id: 'Object Repository/Выполнение бизнес-плана/Значения со страницы Выполнение бизнес-плана/Table Data/Факт Потери за отчётный период 1' located by '(.//*[normalize-space(text()) and normalize-space(.)='Показатели баланса электроэнергии по ДЗО – Факт'])[2]/following::td[35]' not found
	at com.kms.katalon.core.webui.common.WebUiCommonHelper.findWebElement(WebUiCommonHelper.java:1426)
	at com.kms.katalon.core.webui.keyword.internal.WebUIAbstractKeyword.findWebElement(WebUIAbstractKeyword.groovy:27)
	at com.kms.katalon.core.webui.keyword.internal.WebUIAbstractKeyword.findWebElement(WebUIAbstractKeyword.groovy:26)
	at com.kms.katalon.core.webui.keyword.builtin.GetTextKeyword$_getText_closure1.doCall(GetTextKeyword.groovy:78)
	at com.kms.katalon.core.webui.keyword.builtin.GetTextKeyword$_getText_closure1.call(GetTextKeyword.groovy)
	at com.kms.katalon.core.webui.keyword.internal.WebUIKeywordMain.runKeyword(WebUIKeywordMain.groovy:20)
	... 21 more]]></system-out>
      <system-err><![CDATA[05-03-2025T09:13:38 - [TEST_SUITE][FAILED] - Сверка дашбордов из разных блоков: Test Cases/Сверки дашбордов/Выполнение бизнес-плана сверка дашбордов FAILED.
Reason:
com.kms.katalon.core.exception.StepFailedException: Unable to get text of object 'Object Repository/Выполнение бизнес-плана/Значения со страницы Выполнение бизнес-плана/Table Data/Факт Потери за отчётный период 1' (Root cause: com.kms.katalon.core.exception.StepFailedException: Unable to get text of object 'Object Repository/Выполнение бизнес-плана/Значения со страницы Выполнение бизнес-плана/Table Data/Факт Потери за отчётный период 1'
	at com.kms.katalon.core.webui.keyword.internal.WebUIKeywordMain.stepFailed(WebUIKeywordMain.groovy:64)
	at com.kms.katalon.core.webui.keyword.internal.WebUIKeywordMain.runKeyword(WebUIKeywordMain.groovy:26)
	at com.kms.katalon.core.webui.keyword.builtin.GetTextKeyword.getText(GetTextKeyword.groovy:88)
	at com.kms.katalon.core.webui.keyword.builtin.GetTextKeyword.execute(GetTextKeyword.groovy:67)
	at com.kms.katalon.core.keyword.internal.KeywordExecutor.executeKeywordForPlatform(KeywordExecutor.groovy:74)
	at com.kms.katalon.core.webui.keyword.WebUiBuiltInKeywords.getText(WebUiBuiltInKeywords.groovy:957)
	at Выполнение бизнес-плана сверка дашбордов.GetAllData(Выполнение бизнес-плана сверка дашбордов:970)
	at Выполнение бизнес-плана сверка дашбордов.run(Выполнение бизнес-плана сверка дашбордов:156)
	at com.kms.katalon.core.main.ScriptEngine.run(ScriptEngine.java:194)
	at com.kms.katalon.core.main.ScriptEngine.runScriptAsRawText(ScriptEngine.java:119)
	at com.kms.katalon.core.main.TestCaseExecutor.runScript(TestCaseExecutor.java:448)
	at com.kms.katalon.core.main.TestCaseExecutor.doExecute(TestCaseExecutor.java:439)
	at com.kms.katalon.core.main.TestCaseExecutor.processExecutionPhase(TestCaseExecutor.java:418)
	at com.kms.katalon.core.main.TestCaseExecutor.accessMainPhase(TestCaseExecutor.java:410)
	at com.kms.katalon.core.main.TestCaseExecutor.execute(TestCaseExecutor.java:285)
	at com.kms.katalon.core.common.CommonExecutor.accessTestCaseMainPhase(CommonExecutor.java:65)
	at com.kms.katalon.core.main.TestSuiteExecutor.accessTestSuiteMainPhase(TestSuiteExecutor.java:150)
	at com.kms.katalon.core.main.TestSuiteExecutor.execute(TestSuiteExecutor.java:106)
	at com.kms.katalon.core.main.TestCaseMain.startTestSuite(TestCaseMain.java:180)
	at TempTestSuite1741155213601.run(TempTestSuite1741155213601.groovy:35)
	at java.base/jdk.internal.reflect.NativeMethodAccessorImpl.invoke0(Native Method)
	at java.base/jdk.internal.reflect.NativeMethodAccessorImpl.invoke(NativeMethodAccessorImpl.java:77)
	at java.base/jdk.internal.reflect.DelegatingMethodAccessorImpl.invoke(DelegatingMethodAccessorImpl.java:43)
Caused by: com.kms.katalon.core.webui.exception.WebElementNotFoundException: Web element with id: 'Object Repository/Выполнение бизнес-плана/Значения со страницы Выполнение бизнес-плана/Table Data/Факт Потери за отчётный период 1' located by '(.//*[normalize-space(text()) and normalize-space(.)='Показатели баланса электроэнергии по ДЗО – Факт'])[2]/following::td[35]' not found
	at com.kms.katalon.core.webui.common.WebUiCommonHelper.findWebElement(WebUiCommonHelper.java:1426)
	at com.kms.katalon.core.webui.keyword.internal.WebUIAbstractKeyword.findWebElement(WebUIAbstractKeyword.groovy:27)
	at com.kms.katalon.core.webui.keyword.internal.WebUIAbstractKeyword.findWebElement(WebUIAbstractKeyword.groovy:26)
	at com.kms.katalon.core.webui.keyword.builtin.GetTextKeyword$_getText_closure1.doCall(GetTextKeyword.groovy:78)
	at com.kms.katalon.core.webui.keyword.builtin.GetTextKeyword$_getText_closure1.call(GetTextKeyword.groovy)
	at com.kms.katalon.core.webui.keyword.internal.WebUIKeywordMain.runKeyword(WebUIKeywordMain.groovy:20)
	at com.kms.katalon.core.webui.keyword.builtin.GetTextKeyword.getText(GetTextKeyword.groovy:88)
	at com.kms.katalon.core.webui.keyword.builtin.GetTextKeyword.execute(GetTextKeyword.groovy:67)
	at com.kms.katalon.core.keyword.internal.KeywordExecutor.executeKeywordForPlatform(KeywordExecutor.groovy:74)
	at com.kms.katalon.core.webui.keyword.WebUiBuiltInKeywords.getText(WebUiBuiltInKeywords.groovy:957)
	at Script1719299571342.GetAllData(Script1719299571342.groovy:970)
	at Script1719299571342.run(Script1719299571342.groovy:156)
	... 15 more
)
	at com.kms.katalon.core.keyword.internal.KeywordMain.stepFailed(KeywordMain.groovy:39)
	at com.kms.katalon.core.webui.keyword.internal.WebUIKeywordMain.stepFailed(WebUIKeywordMain.groovy:64)
	at com.kms.katalon.core.webui.keyword.internal.WebUIKeywordMain.runKeyword(WebUIKeywordMain.groovy:26)
	at com.kms.katalon.core.webui.keyword.builtin.GetTextKeyword.getText(GetTextKeyword.groovy:88)
	at com.kms.katalon.core.webui.keyword.builtin.GetTextKeyword.execute(GetTextKeyword.groovy:67)
	at com.kms.katalon.core.keyword.internal.KeywordExecutor.executeKeywordForPlatform(KeywordExecutor.groovy:74)
	at com.kms.katalon.core.webui.keyword.WebUiBuiltInKeywords.getText(WebUiBuiltInKeywords.groovy:957)
	at Выполнение бизнес-плана сверка дашбордов.GetAllData(Выполнение бизнес-плана сверка дашбордов:970)
	at Выполнение бизнес-плана сверка дашбордов.run(Выполнение бизнес-плана сверка дашбордов:156)
	at com.kms.katalon.core.main.ScriptEngine.run(ScriptEngine.java:194)
	at com.kms.katalon.core.main.ScriptEngine.runScriptAsRawText(ScriptEngine.java:119)
	at com.kms.katalon.core.main.TestCaseExecutor.runScript(TestCaseExecutor.java:448)
	at com.kms.katalon.core.main.TestCaseExecutor.doExecute(TestCaseExecutor.java:439)
	at com.kms.katalon.core.main.TestCaseExecutor.processExecutionPhase(TestCaseExecutor.java:418)
	at com.kms.katalon.core.main.TestCaseExecutor.accessMainPhase(TestCaseExecutor.java:410)
	at com.kms.katalon.core.main.TestCaseExecutor.execute(TestCaseExecutor.java:285)
	at com.kms.katalon.core.common.CommonExecutor.accessTestCaseMainPhase(CommonExecutor.java:65)
	at com.kms.katalon.core.main.TestSuiteExecutor.accessTestSuiteMainPhase(TestSuiteExecutor.java:150)
	at com.kms.katalon.core.main.TestSuiteExecutor.execute(TestSuiteExecutor.java:106)
	at com.kms.katalon.core.main.TestCaseMain.startTestSuite(TestCaseMain.java:180)
	at TempTestSuite1741155213601.run(TempTestSuite1741155213601.groovy:35)
	at java.base/jdk.internal.reflect.NativeMethodAccessorImpl.invoke0(Native Method)
	at java.base/jdk.internal.reflect.NativeMethodAccessorImpl.invoke(NativeMethodAccessorImpl.java:77)
	at java.base/jdk.internal.reflect.DelegatingMethodAccessorImpl.invoke(DelegatingMethodAccessorImpl.java:43)
Caused by: com.kms.katalon.core.exception.StepFailedException: Unable to get text of object 'Object Repository/Выполнение бизнес-плана/Значения со страницы Выполнение бизнес-плана/Table Data/Факт Потери за отчётный период 1'
	... 23 more
Caused by: com.kms.katalon.core.webui.exception.WebElementNotFoundException: Web element with id: 'Object Repository/Выполнение бизнес-плана/Значения со страницы Выполнение бизнес-плана/Table Data/Факт Потери за отчётный период 1' located by '(.//*[normalize-space(text()) and normalize-space(.)='Показатели баланса электроэнергии по ДЗО – Факт'])[2]/following::td[35]' not found
	at com.kms.katalon.core.webui.common.WebUiCommonHelper.findWebElement(WebUiCommonHelper.java:1426)
	at com.kms.katalon.core.webui.keyword.internal.WebUIAbstractKeyword.findWebElement(WebUIAbstractKeyword.groovy:27)
	at com.kms.katalon.core.webui.keyword.internal.WebUIAbstractKeyword.findWebElement(WebUIAbstractKeyword.groovy:26)
	at com.kms.katalon.core.webui.keyword.builtin.GetTextKeyword$_getText_closure1.doCall(GetTextKeyword.groovy:78)
	at com.kms.katalon.core.webui.keyword.builtin.GetTextKeyword$_getText_closure1.call(GetTextKeyword.groovy)
	at com.kms.katalon.core.webui.keyword.internal.WebUIKeywordMain.runKeyword(WebUIKeywordMain.groovy:20)
	... 21 more]]></system-err>
   </testsuite>
</testsuites>
