<?xml version="1.0" encoding="UTF-8"?>
<testsuites name="Сверка дашбордов из разных блоков" time="9106.657" tests="6" failures="3" errors="0">
   <testsuite name="Сверка дашбордов из разных блоков" tests="6" failures="3" errors="0" time="9106.657" skipped="0" timestamp="24-03-2025T09:29:26" hostname="liazgina-di - UVV-WS904-D.ot.ru" id="Test Suites/Пн-Ср-Пт/Сверка дашбордов из разных блоков">
      <properties>
         <property name="deviceName" value=""/>
         <property name="devicePlatform"/>
         <property name="logFolder" value="C:\\Users\\LIAZGINA-DI\\git\\SPORU\\Reports\\20250324_092921\\\u041F\u043D-\u0421\u0440-\u041F\u0442\\\u0421\u0432\u0435\u0440\u043A\u0430 \u0434\u0430\u0448\u0431\u043E\u0440\u0434\u043E\u0432 \u0438\u0437 \u0440\u0430\u0437\u043D\u044B\u0445 \u0431\u043B\u043E\u043A\u043E\u0432\\20250324_092921"/>
         <property name="logFiles" value="C:\\Users\\LIAZGINA-DI\\git\\SPORU\\Reports\\20250324_092921\\\u041F\u043D-\u0421\u0440-\u041F\u0442\\\u0421\u0432\u0435\u0440\u043A\u0430 \u0434\u0430\u0448\u0431\u043E\u0440\u0434\u043E\u0432 \u0438\u0437 \u0440\u0430\u0437\u043D\u044B\u0445 \u0431\u043B\u043E\u043A\u043E\u0432\\20250324_092921\\execution0.log"/>
         <property name="attachments" value="C:\\Users\\LIAZGINA-DI\\git\\SPORU\\Reports\\20250324_092921\\\u041F\u043D-\u0421\u0440-\u041F\u0442\\\u0421\u0432\u0435\u0440\u043A\u0430 \u0434\u0430\u0448\u0431\u043E\u0440\u0434\u043E\u0432 \u0438\u0437 \u0440\u0430\u0437\u043D\u044B\u0445 \u0431\u043B\u043E\u043A\u043E\u0432\\20250324_092921\\1742797996652.png, C:\\Users\\LIAZGINA-DI\\git\\SPORU\\Reports\\20250324_092921\\\u041F\u043D-\u0421\u0440-\u041F\u0442\\\u0421\u0432\u0435\u0440\u043A\u0430 \u0434\u0430\u0448\u0431\u043E\u0440\u0434\u043E\u0432 \u0438\u0437 \u0440\u0430\u0437\u043D\u044B\u0445 \u0431\u043B\u043E\u043A\u043E\u0432\\20250324_092921\\1742805296790.png, C:\\Users\\LIAZGINA-DI\\git\\SPORU\\Reports\\20250324_092921\\\u041F\u043D-\u0421\u0440-\u041F\u0442\\\u0421\u0432\u0435\u0440\u043A\u0430 \u0434\u0430\u0448\u0431\u043E\u0440\u0434\u043E\u0432 \u0438\u0437 \u0440\u0430\u0437\u043D\u044B\u0445 \u0431\u043B\u043E\u043A\u043E\u0432\\20250324_092921\\1742805929868.png, C:\\Users\\LIAZGINA-DI\\git\\SPORU\\Reports\\20250324_092921\\\u041F\u043D-\u0421\u0440-\u041F\u0442\\\u0421\u0432\u0435\u0440\u043A\u0430 \u0434\u0430\u0448\u0431\u043E\u0440\u0434\u043E\u0432 \u0438\u0437 \u0440\u0430\u0437\u043D\u044B\u0445 \u0431\u043B\u043E\u043A\u043E\u0432\\20250324_092921\\1742805990039.png, C:\\Users\\LIAZGINA-DI\\git\\SPORU\\Reports\\20250324_092921\\\u041F\u043D-\u0421\u0440-\u041F\u0442\\\u0421\u0432\u0435\u0440\u043A\u0430 \u0434\u0430\u0448\u0431\u043E\u0440\u0434\u043E\u0432 \u0438\u0437 \u0440\u0430\u0437\u043D\u044B\u0445 \u0431\u043B\u043E\u043A\u043E\u0432\\20250324_092921\\1742806050190.png, C:\\Users\\LIAZGINA-DI\\git\\SPORU\\Reports\\20250324_092921\\\u041F\u043D-\u0421\u0440-\u041F\u0442\\\u0421\u0432\u0435\u0440\u043A\u0430 \u0434\u0430\u0448\u0431\u043E\u0440\u0434\u043E\u0432 \u0438\u0437 \u0440\u0430\u0437\u043D\u044B\u0445 \u0431\u043B\u043E\u043A\u043E\u0432\\20250324_092921\\1742806110389.png, C:\\Users\\LIAZGINA-DI\\git\\SPORU\\Reports\\20250324_092921\\\u041F\u043D-\u0421\u0440-\u041F\u0442\\\u0421\u0432\u0435\u0440\u043A\u0430 \u0434\u0430\u0448\u0431\u043E\u0440\u0434\u043E\u0432 \u0438\u0437 \u0440\u0430\u0437\u043D\u044B\u0445 \u0431\u043B\u043E\u043A\u043E\u0432\\20250324_092921\\1742806173015.png, C:\\Users\\LIAZGINA-DI\\git\\SPORU\\Reports\\20250324_092921\\\u041F\u043D-\u0421\u0440-\u041F\u0442\\\u0421\u0432\u0435\u0440\u043A\u0430 \u0434\u0430\u0448\u0431\u043E\u0440\u0434\u043E\u0432 \u0438\u0437 \u0440\u0430\u0437\u043D\u044B\u0445 \u0431\u043B\u043E\u043A\u043E\u0432\\20250324_092921\\1742806173697.png, C:\\Users\\LIAZGINA-DI\\git\\SPORU\\Reports\\20250324_092921\\\u041F\u043D-\u0421\u0440-\u041F\u0442\\\u0421\u0432\u0435\u0440\u043A\u0430 \u0434\u0430\u0448\u0431\u043E\u0440\u0434\u043E\u0432 \u0438\u0437 \u0440\u0430\u0437\u043D\u044B\u0445 \u0431\u043B\u043E\u043A\u043E\u0432\\20250324_092921\\1742806339190.png, C:\\Users\\LIAZGINA-DI\\git\\SPORU\\Reports\\20250324_092921\\\u041F\u043D-\u0421\u0440-\u041F\u0442\\\u0421\u0432\u0435\u0440\u043A\u0430 \u0434\u0430\u0448\u0431\u043E\u0440\u0434\u043E\u0432 \u0438\u0437 \u0440\u0430\u0437\u043D\u044B\u0445 \u0431\u043B\u043E\u043A\u043E\u0432\\20250324_092921\\1742806436662.png, C:\\Users\\LIAZGINA-DI\\git\\SPORU\\Reports\\20250324_092921\\\u041F\u043D-\u0421\u0440-\u041F\u0442\\\u0421\u0432\u0435\u0440\u043A\u0430 \u0434\u0430\u0448\u0431\u043E\u0440\u0434\u043E\u0432 \u0438\u0437 \u0440\u0430\u0437\u043D\u044B\u0445 \u0431\u043B\u043E\u043A\u043E\u0432\\20250324_092921\\1742806552413.png, C:\\Users\\LIAZGINA-DI\\git\\SPORU\\Reports\\20250324_092921\\\u041F\u043D-\u0421\u0440-\u041F\u0442\\\u0421\u0432\u0435\u0440\u043A\u0430 \u0434\u0430\u0448\u0431\u043E\u0440\u0434\u043E\u0432 \u0438\u0437 \u0440\u0430\u0437\u043D\u044B\u0445 \u0431\u043B\u043E\u043A\u043E\u0432\\20250324_092921\\1742806584485.png, C:\\Users\\LIAZGINA-DI\\git\\SPORU\\Reports\\20250324_092921\\\u041F\u043D-\u0421\u0440-\u041F\u0442\\\u0421\u0432\u0435\u0440\u043A\u0430 \u0434\u0430\u0448\u0431\u043E\u0440\u0434\u043E\u0432 \u0438\u0437 \u0440\u0430\u0437\u043D\u044B\u0445 \u0431\u043B\u043E\u043A\u043E\u0432\\20250324_092921\\1742806618612.png, C:\\Users\\LIAZGINA-DI\\git\\SPORU\\Reports\\20250324_092921\\\u041F\u043D-\u0421\u0440-\u041F\u0442\\\u0421\u0432\u0435\u0440\u043A\u0430 \u0434\u0430\u0448\u0431\u043E\u0440\u0434\u043E\u0432 \u0438\u0437 \u0440\u0430\u0437\u043D\u044B\u0445 \u0431\u043B\u043E\u043A\u043E\u0432\\20250324_092921\\1742806705305.png, C:\\Users\\LIAZGINA-DI\\git\\SPORU\\Reports\\20250324_092921\\\u041F\u043D-\u0421\u0440-\u041F\u0442\\\u0421\u0432\u0435\u0440\u043A\u0430 \u0434\u0430\u0448\u0431\u043E\u0440\u0434\u043E\u0432 \u0438\u0437 \u0440\u0430\u0437\u043D\u044B\u0445 \u0431\u043B\u043E\u043A\u043E\u0432\\20250324_092921\\1742806742122.png, C:\\Users\\LIAZGINA-DI\\git\\SPORU\\Reports\\20250324_092921\\\u041F\u043D-\u0421\u0440-\u041F\u0442\\\u0421\u0432\u0435\u0440\u043A\u0430 \u0434\u0430\u0448\u0431\u043E\u0440\u0434\u043E\u0432 \u0438\u0437 \u0440\u0430\u0437\u043D\u044B\u0445 \u0431\u043B\u043E\u043A\u043E\u0432\\20250324_092921\\1742806776724.png, C:\\Users\\LIAZGINA-DI\\git\\SPORU\\Reports\\20250324_092921\\\u041F\u043D-\u0421\u0440-\u041F\u0442\\\u0421\u0432\u0435\u0440\u043A\u0430 \u0434\u0430\u0448\u0431\u043E\u0440\u0434\u043E\u0432 \u0438\u0437 \u0440\u0430\u0437\u043D\u044B\u0445 \u0431\u043B\u043E\u043A\u043E\u0432\\20250324_092921\\1742806811495.png, C:\\Users\\LIAZGINA-DI\\git\\SPORU\\Reports\\20250324_092921\\\u041F\u043D-\u0421\u0440-\u041F\u0442\\\u0421\u0432\u0435\u0440\u043A\u0430 \u0434\u0430\u0448\u0431\u043E\u0440\u0434\u043E\u0432 \u0438\u0437 \u0440\u0430\u0437\u043D\u044B\u0445 \u0431\u043B\u043E\u043A\u043E\u0432\\20250324_092921\\1742806811899.png, C:\\Users\\LIAZGINA-DI\\git\\SPORU\\Reports\\20250324_092921\\\u041F\u043D-\u0421\u0440-\u041F\u0442\\\u0421\u0432\u0435\u0440\u043A\u0430 \u0434\u0430\u0448\u0431\u043E\u0440\u0434\u043E\u0432 \u0438\u0437 \u0440\u0430\u0437\u043D\u044B\u0445 \u0431\u043B\u043E\u043A\u043E\u0432\\20250324_092921\\1742806812602.png"/>
         <property name="hostName" value="liazgina-di - UVV-WS904-D.ot.ru"/>
         <property name="os" value="Windows 10 64bit"/>
         <property name="katalonVersion" value="9.5.0.217"/>
         <property name="browser" value="Chrome 134.0.0.0"/>
         <property name="hostAddress" value="192.168.0.19"/>
         <property name="sessionId" value="060031d04eaf6a209da5bd422e68886a"/>
         <property name="seleniumVersion" value="3.141.59"/>
         <property name="proxyInformation" value="ProxyInformation { proxyOption=NO_PROXY, proxyServerType=HTTP, username=, password=********, proxyServerAddress=, proxyServerPort=0, executionList=&quot;&quot;, isApplyToDesiredCapabilities=true }"/>
         <property name="platform" value="Windows 10"/>
      </properties>
      <testcase name="Test Cases/Сверки дашбордов/Выполнение бизнес-плана сверка дашбордов" time="230.364" classname="Test Cases/Сверки дашбордов/Выполнение бизнес-плана сверка дашбордов" status="FAILED">
         <failure type="FAILED" message="Test Cases/Сверки дашбордов/Выполнение бизнес-плана сверка дашбордов FAILED.&#xa;Reason:&#xa;com.kms.katalon.core.exception.StepFailedException: Unable to get text of object 'Object Repository/Выполнение бизнес-плана/Значения со страницы Выполнение бизнес-плана/Table Data/План Потери за отчётный период 1' (Root cause: com.kms.katalon.core.exception.StepFailedException: Unable to get text of object 'Object Repository/Выполнение бизнес-плана/Значения со страницы Выполнение бизнес-плана/Table Data/План Потери за отчётный период 1'&#xa;	at com.kms.katalon.core.webui.keyword.internal.WebUIKeywordMain.stepFailed(WebUIKeywordMain.groovy:64)&#xa;	at com.kms.katalon.core.webui.keyword.internal.WebUIKeywordMain.runKeyword(WebUIKeywordMain.groovy:26)&#xa;	at com.kms.katalon.core.webui.keyword.builtin.GetTextKeyword.getText(GetTextKeyword.groovy:88)&#xa;	at com.kms.katalon.core.webui.keyword.builtin.GetTextKeyword.execute(GetTextKeyword.groovy:67)&#xa;	at com.kms.katalon.core.keyword.internal.KeywordExecutor.executeKeywordForPlatform(KeywordExecutor.groovy:74)&#xa;	at com.kms.katalon.core.webui.keyword.WebUiBuiltInKeywords.getText(WebUiBuiltInKeywords.groovy:957)&#xa;	at Выполнение бизнес-плана сверка дашбордов.GetAllData(Выполнение бизнес-плана сверка дашбордов:985)&#xa;	at Выполнение бизнес-плана сверка дашбордов.run(Выполнение бизнес-плана сверка дашбордов:156)&#xa;	at com.kms.katalon.core.main.ScriptEngine.run(ScriptEngine.java:194)&#xa;	at com.kms.katalon.core.main.ScriptEngine.runScriptAsRawText(ScriptEngine.java:119)&#xa;	at com.kms.katalon.core.main.TestCaseExecutor.runScript(TestCaseExecutor.java:448)&#xa;	at com.kms.katalon.core.main.TestCaseExecutor.doExecute(TestCaseExecutor.java:439)&#xa;	at com.kms.katalon.core.main.TestCaseExecutor.processExecutionPhase(TestCaseExecutor.java:418)&#xa;	at com.kms.katalon.core.main.TestCaseExecutor.accessMainPhase(TestCaseExecutor.java:410)&#xa;	at com.kms.katalon.core.main.TestCaseExecutor.execute(TestCaseExecutor.java:285)&#xa;	at com.kms.katalon.core.common.CommonExecutor.accessTestCaseMainPhase(CommonExecutor.java:65)&#xa;	at com.kms.katalon.core.main.TestSuiteExecutor.accessTestSuiteMainPhase(TestSuiteExecutor.java:150)&#xa;	at com.kms.katalon.core.main.TestSuiteExecutor.execute(TestSuiteExecutor.java:106)&#xa;	at com.kms.katalon.core.main.TestCaseMain.startTestSuite(TestCaseMain.java:180)&#xa;	at TempTestSuite1742797761676.run(TempTestSuite1742797761676.groovy:35)&#xa;	at java.base/jdk.internal.reflect.NativeMethodAccessorImpl.invoke0(Native Method)&#xa;	at java.base/jdk.internal.reflect.NativeMethodAccessorImpl.invoke(NativeMethodAccessorImpl.java:77)&#xa;	at java.base/jdk.internal.reflect.DelegatingMethodAccessorImpl.invoke(DelegatingMethodAccessorImpl.java:43)&#xa;Caused by: com.kms.katalon.core.webui.exception.WebElementNotFoundException: Web element with id: 'Object Repository/Выполнение бизнес-плана/Значения со страницы Выполнение бизнес-плана/Table Data/План Потери за отчётный период 1' located by '(.//*[normalize-space(text()) and normalize-space(.)='Показатели баланса электроэнергии по ДЗО – План'])[2]/following::td[35]' not found&#xa;	at com.kms.katalon.core.webui.common.WebUiCommonHelper.findWebElement(WebUiCommonHelper.java:1426)&#xa;	at com.kms.katalon.core.webui.keyword.internal.WebUIAbstractKeyword.findWebElement(WebUIAbstractKeyword.groovy:27)&#xa;	at com.kms.katalon.core.webui.keyword.internal.WebUIAbstractKeyword.findWebElement(WebUIAbstractKeyword.groovy:26)&#xa;	at com.kms.katalon.core.webui.keyword.builtin.GetTextKeyword$_getText_closure1.doCall(GetTextKeyword.groovy:78)&#xa;	at com.kms.katalon.core.webui.keyword.builtin.GetTextKeyword$_getText_closure1.call(GetTextKeyword.groovy)&#xa;	at com.kms.katalon.core.webui.keyword.internal.WebUIKeywordMain.runKeyword(WebUIKeywordMain.groovy:20)&#xa;	at com.kms.katalon.core.webui.keyword.builtin.GetTextKeyword.getText(GetTextKeyword.groovy:88)&#xa;	at com.kms.katalon.core.webui.keyword.builtin.GetTextKeyword.execute(GetTextKeyword.groovy:67)&#xa;	at com.kms.katalon.core.keyword.internal.KeywordExecutor.executeKeywordForPlatform(KeywordExecutor.groovy:74)&#xa;	at com.kms.katalon.core.webui.keyword.WebUiBuiltInKeywords.getText(WebUiBuiltInKeywords.groovy:957)&#xa;	at Script1719299571342.GetAllData(Script1719299571342.groovy:985)&#xa;	at Script1719299571342.run(Script1719299571342.groovy:156)&#xa;	... 15 more&#xa;)&#xa;	at com.kms.katalon.core.keyword.internal.KeywordMain.stepFailed(KeywordMain.groovy:39)&#xa;	at com.kms.katalon.core.webui.keyword.internal.WebUIKeywordMain.stepFailed(WebUIKeywordMain.groovy:64)&#xa;	at com.kms.katalon.core.webui.keyword.internal.WebUIKeywordMain.runKeyword(WebUIKeywordMain.groovy:26)&#xa;	at com.kms.katalon.core.webui.keyword.builtin.GetTextKeyword.getText(GetTextKeyword.groovy:88)&#xa;	at com.kms.katalon.core.webui.keyword.builtin.GetTextKeyword.execute(GetTextKeyword.groovy:67)&#xa;	at com.kms.katalon.core.keyword.internal.KeywordExecutor.executeKeywordForPlatform(KeywordExecutor.groovy:74)&#xa;	at com.kms.katalon.core.webui.keyword.WebUiBuiltInKeywords.getText(WebUiBuiltInKeywords.groovy:957)&#xa;	at Выполнение бизнес-плана сверка дашбордов.GetAllData(Выполнение бизнес-плана сверка дашбордов:985)&#xa;	at Выполнение бизнес-плана сверка дашбордов.run(Выполнение бизнес-плана сверка дашбордов:156)&#xa;	at com.kms.katalon.core.main.ScriptEngine.run(ScriptEngine.java:194)&#xa;	at com.kms.katalon.core.main.ScriptEngine.runScriptAsRawText(ScriptEngine.java:119)&#xa;	at com.kms.katalon.core.main.TestCaseExecutor.runScript(TestCaseExecutor.java:448)&#xa;	at com.kms.katalon.core.main.TestCaseExecutor.doExecute(TestCaseExecutor.java:439)&#xa;	at com.kms.katalon.core.main.TestCaseExecutor.processExecutionPhase(TestCaseExecutor.java:418)&#xa;	at com.kms.katalon.core.main.TestCaseExecutor.accessMainPhase(TestCaseExecutor.java:410)&#xa;	at com.kms.katalon.core.main.TestCaseExecutor.execute(TestCaseExecutor.java:285)&#xa;	at com.kms.katalon.core.common.CommonExecutor.accessTestCaseMainPhase(CommonExecutor.java:65)&#xa;	at com.kms.katalon.core.main.TestSuiteExecutor.accessTestSuiteMainPhase(TestSuiteExecutor.java:150)&#xa;	at com.kms.katalon.core.main.TestSuiteExecutor.execute(TestSuiteExecutor.java:106)&#xa;	at com.kms.katalon.core.main.TestCaseMain.startTestSuite(TestCaseMain.java:180)&#xa;	at TempTestSuite1742797761676.run(TempTestSuite1742797761676.groovy:35)&#xa;	at java.base/jdk.internal.reflect.NativeMethodAccessorImpl.invoke0(Native Method)&#xa;	at java.base/jdk.internal.reflect.NativeMethodAccessorImpl.invoke(NativeMethodAccessorImpl.java:77)&#xa;	at java.base/jdk.internal.reflect.DelegatingMethodAccessorImpl.invoke(DelegatingMethodAccessorImpl.java:43)&#xa;Caused by: com.kms.katalon.core.exception.StepFailedException: Unable to get text of object 'Object Repository/Выполнение бизнес-плана/Значения со страницы Выполнение бизнес-плана/Table Data/План Потери за отчётный период 1'&#xa;	... 23 more&#xa;Caused by: com.kms.katalon.core.webui.exception.WebElementNotFoundException: Web element with id: 'Object Repository/Выполнение бизнес-плана/Значения со страницы Выполнение бизнес-плана/Table Data/План Потери за отчётный период 1' located by '(.//*[normalize-space(text()) and normalize-space(.)='Показатели баланса электроэнергии по ДЗО – План'])[2]/following::td[35]' not found&#xa;	at com.kms.katalon.core.webui.common.WebUiCommonHelper.findWebElement(WebUiCommonHelper.java:1426)&#xa;	at com.kms.katalon.core.webui.keyword.internal.WebUIAbstractKeyword.findWebElement(WebUIAbstractKeyword.groovy:27)&#xa;	at com.kms.katalon.core.webui.keyword.internal.WebUIAbstractKeyword.findWebElement(WebUIAbstractKeyword.groovy:26)&#xa;	at com.kms.katalon.core.webui.keyword.builtin.GetTextKeyword$_getText_closure1.doCall(GetTextKeyword.groovy:78)&#xa;	at com.kms.katalon.core.webui.keyword.builtin.GetTextKeyword$_getText_closure1.call(GetTextKeyword.groovy)&#xa;	at com.kms.katalon.core.webui.keyword.internal.WebUIKeywordMain.runKeyword(WebUIKeywordMain.groovy:20)&#xa;	... 21 more&#xa;"/>
         <system-out><![CDATA[24-03-2025T09:29:26 - [TEST_CASE][FAILED] - Test Cases/Сверки дашбордов/Выполнение бизнес-плана сверка дашбордов: Test Cases/Сверки дашбордов/Выполнение бизнес-плана сверка дашбордов FAILED.
Reason:
com.kms.katalon.core.exception.StepFailedException: Unable to get text of object 'Object Repository/Выполнение бизнес-плана/Значения со страницы Выполнение бизнес-плана/Table Data/План Потери за отчётный период 1' (Root cause: com.kms.katalon.core.exception.StepFailedException: Unable to get text of object 'Object Repository/Выполнение бизнес-плана/Значения со страницы Выполнение бизнес-плана/Table Data/План Потери за отчётный период 1'
	at com.kms.katalon.core.webui.keyword.internal.WebUIKeywordMain.stepFailed(WebUIKeywordMain.groovy:64)
	at com.kms.katalon.core.webui.keyword.internal.WebUIKeywordMain.runKeyword(WebUIKeywordMain.groovy:26)
	at com.kms.katalon.core.webui.keyword.builtin.GetTextKeyword.getText(GetTextKeyword.groovy:88)
	at com.kms.katalon.core.webui.keyword.builtin.GetTextKeyword.execute(GetTextKeyword.groovy:67)
	at com.kms.katalon.core.keyword.internal.KeywordExecutor.executeKeywordForPlatform(KeywordExecutor.groovy:74)
	at com.kms.katalon.core.webui.keyword.WebUiBuiltInKeywords.getText(WebUiBuiltInKeywords.groovy:957)
	at Выполнение бизнес-плана сверка дашбордов.GetAllData(Выполнение бизнес-плана сверка дашбордов:985)
	at Выполнение бизнес-плана сверка дашбордов.run(Выполнение бизнес-плана сверка дашбордов:156)
	at com.kms.katalon.core.main.ScriptEngine.run(ScriptEngine.java:194)
	at com.kms.katalon.core.main.ScriptEngine.runScriptAsRawText(ScriptEngine.java:119)
	at com.kms.katalon.core.main.TestCaseExecutor.runScript(TestCaseExecutor.java:448)
	at com.kms.katalon.core.main.TestCaseExecutor.doExecute(TestCaseExecutor.java:439)
	at com.kms.katalon.core.main.TestCaseExecutor.processExecutionPhase(TestCaseExecutor.java:418)
	at com.kms.katalon.core.main.TestCaseExecutor.accessMainPhase(TestCaseExecutor.java:410)
	at com.kms.katalon.core.main.TestCaseExecutor.execute(TestCaseExecutor.java:285)
	at com.kms.katalon.core.common.CommonExecutor.accessTestCaseMainPhase(CommonExecutor.java:65)
	at com.kms.katalon.core.main.TestSuiteExecutor.accessTestSuiteMainPhase(TestSuiteExecutor.java:150)
	at com.kms.katalon.core.main.TestSuiteExecutor.execute(TestSuiteExecutor.java:106)
	at com.kms.katalon.core.main.TestCaseMain.startTestSuite(TestCaseMain.java:180)
	at TempTestSuite1742797761676.run(TempTestSuite1742797761676.groovy:35)
	at java.base/jdk.internal.reflect.NativeMethodAccessorImpl.invoke0(Native Method)
	at java.base/jdk.internal.reflect.NativeMethodAccessorImpl.invoke(NativeMethodAccessorImpl.java:77)
	at java.base/jdk.internal.reflect.DelegatingMethodAccessorImpl.invoke(DelegatingMethodAccessorImpl.java:43)
Caused by: com.kms.katalon.core.webui.exception.WebElementNotFoundException: Web element with id: 'Object Repository/Выполнение бизнес-плана/Значения со страницы Выполнение бизнес-плана/Table Data/План Потери за отчётный период 1' located by '(.//*[normalize-space(text()) and normalize-space(.)='Показатели баланса электроэнергии по ДЗО – План'])[2]/following::td[35]' not found
	at com.kms.katalon.core.webui.common.WebUiCommonHelper.findWebElement(WebUiCommonHelper.java:1426)
	at com.kms.katalon.core.webui.keyword.internal.WebUIAbstractKeyword.findWebElement(WebUIAbstractKeyword.groovy:27)
	at com.kms.katalon.core.webui.keyword.internal.WebUIAbstractKeyword.findWebElement(WebUIAbstractKeyword.groovy:26)
	at com.kms.katalon.core.webui.keyword.builtin.GetTextKeyword$_getText_closure1.doCall(GetTextKeyword.groovy:78)
	at com.kms.katalon.core.webui.keyword.builtin.GetTextKeyword$_getText_closure1.call(GetTextKeyword.groovy)
	at com.kms.katalon.core.webui.keyword.internal.WebUIKeywordMain.runKeyword(WebUIKeywordMain.groovy:20)
	at com.kms.katalon.core.webui.keyword.builtin.GetTextKeyword.getText(GetTextKeyword.groovy:88)
	at com.kms.katalon.core.webui.keyword.builtin.GetTextKeyword.execute(GetTextKeyword.groovy:67)
	at com.kms.katalon.core.keyword.internal.KeywordExecutor.executeKeywordForPlatform(KeywordExecutor.groovy:74)
	at com.kms.katalon.core.webui.keyword.WebUiBuiltInKeywords.getText(WebUiBuiltInKeywords.groovy:957)
	at Script1719299571342.GetAllData(Script1719299571342.groovy:985)
	at Script1719299571342.run(Script1719299571342.groovy:156)
	... 15 more
)
	at com.kms.katalon.core.keyword.internal.KeywordMain.stepFailed(KeywordMain.groovy:39)
	at com.kms.katalon.core.webui.keyword.internal.WebUIKeywordMain.stepFailed(WebUIKeywordMain.groovy:64)
	at com.kms.katalon.core.webui.keyword.internal.WebUIKeywordMain.runKeyword(WebUIKeywordMain.groovy:26)
	at com.kms.katalon.core.webui.keyword.builtin.GetTextKeyword.getText(GetTextKeyword.groovy:88)
	at com.kms.katalon.core.webui.keyword.builtin.GetTextKeyword.execute(GetTextKeyword.groovy:67)
	at com.kms.katalon.core.keyword.internal.KeywordExecutor.executeKeywordForPlatform(KeywordExecutor.groovy:74)
	at com.kms.katalon.core.webui.keyword.WebUiBuiltInKeywords.getText(WebUiBuiltInKeywords.groovy:957)
	at Выполнение бизнес-плана сверка дашбордов.GetAllData(Выполнение бизнес-плана сверка дашбордов:985)
	at Выполнение бизнес-плана сверка дашбордов.run(Выполнение бизнес-плана сверка дашбордов:156)
	at com.kms.katalon.core.main.ScriptEngine.run(ScriptEngine.java:194)
	at com.kms.katalon.core.main.ScriptEngine.runScriptAsRawText(ScriptEngine.java:119)
	at com.kms.katalon.core.main.TestCaseExecutor.runScript(TestCaseExecutor.java:448)
	at com.kms.katalon.core.main.TestCaseExecutor.doExecute(TestCaseExecutor.java:439)
	at com.kms.katalon.core.main.TestCaseExecutor.processExecutionPhase(TestCaseExecutor.java:418)
	at com.kms.katalon.core.main.TestCaseExecutor.accessMainPhase(TestCaseExecutor.java:410)
	at com.kms.katalon.core.main.TestCaseExecutor.execute(TestCaseExecutor.java:285)
	at com.kms.katalon.core.common.CommonExecutor.accessTestCaseMainPhase(CommonExecutor.java:65)
	at com.kms.katalon.core.main.TestSuiteExecutor.accessTestSuiteMainPhase(TestSuiteExecutor.java:150)
	at com.kms.katalon.core.main.TestSuiteExecutor.execute(TestSuiteExecutor.java:106)
	at com.kms.katalon.core.main.TestCaseMain.startTestSuite(TestCaseMain.java:180)
	at TempTestSuite1742797761676.run(TempTestSuite1742797761676.groovy:35)
	at java.base/jdk.internal.reflect.NativeMethodAccessorImpl.invoke0(Native Method)
	at java.base/jdk.internal.reflect.NativeMethodAccessorImpl.invoke(NativeMethodAccessorImpl.java:77)
	at java.base/jdk.internal.reflect.DelegatingMethodAccessorImpl.invoke(DelegatingMethodAccessorImpl.java:43)
Caused by: com.kms.katalon.core.exception.StepFailedException: Unable to get text of object 'Object Repository/Выполнение бизнес-плана/Значения со страницы Выполнение бизнес-плана/Table Data/План Потери за отчётный период 1'
	... 23 more
Caused by: com.kms.katalon.core.webui.exception.WebElementNotFoundException: Web element with id: 'Object Repository/Выполнение бизнес-плана/Значения со страницы Выполнение бизнес-плана/Table Data/План Потери за отчётный период 1' located by '(.//*[normalize-space(text()) and normalize-space(.)='Показатели баланса электроэнергии по ДЗО – План'])[2]/following::td[35]' not found
	at com.kms.katalon.core.webui.common.WebUiCommonHelper.findWebElement(WebUiCommonHelper.java:1426)
	at com.kms.katalon.core.webui.keyword.internal.WebUIAbstractKeyword.findWebElement(WebUIAbstractKeyword.groovy:27)
	at com.kms.katalon.core.webui.keyword.internal.WebUIAbstractKeyword.findWebElement(WebUIAbstractKeyword.groovy:26)
	at com.kms.katalon.core.webui.keyword.builtin.GetTextKeyword$_getText_closure1.doCall(GetTextKeyword.groovy:78)
	at com.kms.katalon.core.webui.keyword.builtin.GetTextKeyword$_getText_closure1.call(GetTextKeyword.groovy)
	at com.kms.katalon.core.webui.keyword.internal.WebUIKeywordMain.runKeyword(WebUIKeywordMain.groovy:20)
	... 21 more


24-03-2025T09:29:27 - [TEST_STEP][PASSED] - date = new java.util.Date(): null

24-03-2025T09:29:27 - [TEST_STEP][PASSED] - todaysDate = date.format("dd.MM.yyyy"): null

24-03-2025T09:29:27 - [TEST_STEP][PASSED] - blockNum = <not implemented yet for class: org.codehaus.groovy.ast.expr.EmptyExpression>: null

24-03-2025T09:29:27 - [TEST_STEP][PASSED] - path = <not implemented yet for class: org.codehaus.groovy.ast.expr.EmptyExpression>: null

24-03-2025T09:29:27 - [TEST_STEP][PASSED] - typeOfData = <not implemented yet for class: org.codehaus.groovy.ast.expr.EmptyExpression>: null

24-03-2025T09:29:27 - [TEST_STEP][PASSED] - i = <not implemented yet for class: org.codehaus.groovy.ast.expr.EmptyExpression>: null

24-03-2025T09:29:27 - [TEST_STEP][PASSED] - dZO = <not implemented yet for class: org.codehaus.groovy.ast.expr.EmptyExpression>: null

24-03-2025T09:29:27 - [TEST_STEP][PASSED] - vidget = <not implemented yet for class: org.codehaus.groovy.ast.expr.EmptyExpression>: null

24-03-2025T09:29:27 - [TEST_STEP][PASSED] - tabR = <not implemented yet for class: org.codehaus.groovy.ast.expr.EmptyExpression>: null

24-03-2025T09:29:27 - [TEST_STEP][PASSED] - tabB = <not implemented yet for class: org.codehaus.groovy.ast.expr.EmptyExpression>: null

24-03-2025T09:29:27 - [TEST_STEP][PASSED] - o1R = <not implemented yet for class: org.codehaus.groovy.ast.expr.EmptyExpression>: null

24-03-2025T09:29:27 - [TEST_STEP][PASSED] - o1B = <not implemented yet for class: org.codehaus.groovy.ast.expr.EmptyExpression>: null

24-03-2025T09:29:27 - [TEST_STEP][PASSED] - PercPlanR = <not implemented yet for class: org.codehaus.groovy.ast.expr.EmptyExpression>: null

24-03-2025T09:29:27 - [TEST_STEP][PASSED] - PercPlanB = <not implemented yet for class: org.codehaus.groovy.ast.expr.EmptyExpression>: null

24-03-2025T09:29:27 - [TEST_STEP][PASSED] - PercFactR = <not implemented yet for class: org.codehaus.groovy.ast.expr.EmptyExpression>: null

24-03-2025T09:29:27 - [TEST_STEP][PASSED] - PercFactB = <not implemented yet for class: org.codehaus.groovy.ast.expr.EmptyExpression>: null

24-03-2025T09:29:27 - [TEST_STEP][PASSED] - pRR = "ПАО Россети/": null

24-03-2025T09:29:27 - [TEST_STEP][PASSED] - fR = "Россети ФСК ЕЭС/": null

24-03-2025T09:29:27 - [TEST_STEP][PASSED] - tyR = "АО "Тываэнерго"/": null

24-03-2025T09:29:27 - [TEST_STEP][PASSED] - chR = "Чеченэнерго": null

24-03-2025T09:29:27 - [TEST_STEP][PASSED] - vR = "Россети Волга/": null

24-03-2025T09:29:27 - [TEST_STEP][PASSED] - kR = "Россети Кубань/": null

24-03-2025T09:29:27 - [TEST_STEP][PASSED] - lR = "Россети Ленэнерго (ГК)/": null

24-03-2025T09:29:27 - [TEST_STEP][PASSED] - mR = "Россети Московский регион/": null

24-03-2025T09:29:27 - [TEST_STEP][PASSED] - sKR = "Россети Северный Кавказ (ГК)/": null

24-03-2025T09:29:27 - [TEST_STEP][PASSED] - sZR = "Россети Северо-Запад/": null

24-03-2025T09:29:28 - [TEST_STEP][PASSED] - siR = "Россети Сибирь (ГК)/": null

24-03-2025T09:29:28 - [TEST_STEP][PASSED] - tomR = "Россети Томск/": null

24-03-2025T09:29:28 - [TEST_STEP][PASSED] - tyumR = "Россети Тюмень/": null

24-03-2025T09:29:28 - [TEST_STEP][PASSED] - urR = "Россети Урал (ГК)/": null

24-03-2025T09:29:28 - [TEST_STEP][PASSED] - cenR = "Россети Центр (ГК)/": null

24-03-2025T09:29:28 - [TEST_STEP][PASSED] - cIPR = "Россети Центр и Приволжье (ГК)/": null

24-03-2025T09:29:28 - [TEST_STEP][PASSED] - ugR = "Россети Юг (ГК)/": null

24-03-2025T09:29:28 - [TEST_STEP][PASSED] - yR = "Россети Янтарь/": null

24-03-2025T09:29:28 - [TEST_STEP][PASSED] - pRB = "ПАО Россети/": null

24-03-2025T09:29:28 - [TEST_STEP][PASSED] - fB = "Россети ФСК ЕЭС/": null

24-03-2025T09:29:28 - [TEST_STEP][PASSED] - tyB = "АО "Тываэнерго"/": null

24-03-2025T09:29:28 - [TEST_STEP][PASSED] - chB = "Чеченэнерго": null

24-03-2025T09:29:28 - [TEST_STEP][PASSED] - vB = "Россети Волга/": null

24-03-2025T09:29:28 - [TEST_STEP][PASSED] - kB = "Россети Кубань/": null

24-03-2025T09:29:28 - [TEST_STEP][PASSED] - lB = "Россети Ленэнерго (ГК)/": null

24-03-2025T09:29:28 - [TEST_STEP][PASSED] - mB = "Россети Московский регион/": null

24-03-2025T09:29:28 - [TEST_STEP][PASSED] - sKB = "Россети Северный Кавказ (ГК)/": null

24-03-2025T09:29:28 - [TEST_STEP][PASSED] - sZB = "Россети Северо-Запад/": null

24-03-2025T09:29:28 - [TEST_STEP][PASSED] - siB = "Россети Сибирь (ГК)/": null

24-03-2025T09:29:28 - [TEST_STEP][PASSED] - tomB = "Россети Томск/": null

24-03-2025T09:29:28 - [TEST_STEP][PASSED] - tyumB = "Россети Тюмень/": null

24-03-2025T09:29:28 - [TEST_STEP][PASSED] - urB = "Россети Урал (ГК)/": null

24-03-2025T09:29:28 - [TEST_STEP][PASSED] - cenB = "Россети Центр (ГК)/": null

24-03-2025T09:29:28 - [TEST_STEP][PASSED] - cIPB = "Россети Центр и Приволжье (ГК)/": null

24-03-2025T09:29:28 - [TEST_STEP][PASSED] - ugB = "Россети Юг (ГК)/": null

24-03-2025T09:29:28 - [TEST_STEP][PASSED] - yB = "Россети Янтарь/": null

24-03-2025T09:29:28 - [TEST_STEP][PASSED] - VseDZO = <not implemented yet for class: org.codehaus.groovy.ast.expr.EmptyExpression>: null

24-03-2025T09:29:28 - [TEST_STEP][PASSED] - a = <not implemented yet for class: org.codehaus.groovy.ast.expr.EmptyExpression>: null

24-03-2025T09:29:28 - [TEST_STEP][PASSED] - b = <not implemented yet for class: org.codehaus.groovy.ast.expr.EmptyExpression>: null

24-03-2025T09:29:28 - [TEST_STEP][PASSED] - dZONum = 0: null

24-03-2025T09:29:28 - [TEST_STEP][PASSED] - x = <not implemented yet for class: org.codehaus.groovy.ast.expr.EmptyExpression>: null

24-03-2025T09:29:28 - [TEST_STEP][PASSED] - blockNum = 1: null

24-03-2025T09:29:28 - [TEST_STEP][PASSED] - path = "Object Repository/Выполнение бизнес-плана/": null

24-03-2025T09:29:28 - [TEST_STEP][PASSED] - Script1719299571342.Presettings(blockNum, path): null

24-03-2025T09:29:28 - [TEST_STEP][PASSED] - blockNumber = <not implemented yet for class: org.codehaus.groovy.ast.expr.EmptyExpression>: null

24-03-2025T09:29:28 - [TEST_STEP][PASSED] - urlText = <not implemented yet for class: org.codehaus.groovy.ast.expr.EmptyExpression>: null

24-03-2025T09:29:28 - [TEST_STEP][PASSED] - searchWord = <not implemented yet for class: org.codehaus.groovy.ast.expr.EmptyExpression>: null

24-03-2025T09:29:28 - [TEST_STEP][PASSED] - i = <not implemented yet for class: org.codehaus.groovy.ast.expr.EmptyExpression>: null

24-03-2025T09:29:28 - [TEST_STEP][PASSED] - ii = <not implemented yet for class: org.codehaus.groovy.ast.expr.EmptyExpression>: null

24-03-2025T09:29:28 - [TEST_STEP][PASSED] - openBrowser(""): Browser is opened with url: ''

24-03-2025T09:29:28 - [MESSAGE][INFO] - Starting 'Chrome' driver

24-03-2025T09:29:28 - [MESSAGE][INFO] - Action delay is set to 0 milliseconds

24-03-2025T09:29:30 - [MESSAGE][PASSED] - Browser is opened with url: ''

24-03-2025T09:29:30 - [TEST_STEP][PASSED] - if (blockNum == 1): null

24-03-2025T09:29:30 - [TEST_STEP][PASSED] - path = "Object Repository/Выполнение бизнес-плана/": null

24-03-2025T09:29:30 - [TEST_STEP][PASSED] - blockNumber = 1: null

24-03-2025T09:29:30 - [TEST_STEP][PASSED] - navigateToUrl(findTestData("PlanFact").getValue(10, blockNumber)): Navigate to 'https://bi.rosseti.digital/viewer?dashboardGuid=d154a8eaf6824e2b9de1bb04dd061c18&sheetGuid=1305e8ce744049e1abdacea1ea397a26&fit=true' successfully

24-03-2025T09:29:34 - [MESSAGE][PASSED] - Navigate to 'https://bi.rosseti.digital/viewer?dashboardGuid=d154a8eaf6824e2b9de1bb04dd061c18&sheetGuid=1305e8ce744049e1abdacea1ea397a26&fit=true' successfully

24-03-2025T09:29:34 - [TEST_STEP][PASSED] - urlText = getText(findTestObject("Страница авторизации/Text")): Text of object 'Object Repository/Страница авторизации/Text' is: 'Вход'

24-03-2025T09:29:36 - [MESSAGE][PASSED] - Text of object 'Object Repository/Страница авторизации/Text' is: 'Вход'

24-03-2025T09:29:36 - [TEST_STEP][PASSED] - delay(10): Delayed 10 second(s)

24-03-2025T09:29:46 - [MESSAGE][PASSED] - Delayed 10 second(s)

24-03-2025T09:29:46 - [TEST_STEP][PASSED] - searchWord = "Вход": null

24-03-2025T09:29:46 - [TEST_STEP][PASSED] - if (urlText.contains(searchWord) == false): null

24-03-2025T09:29:46 - [TEST_STEP][PASSED] - setText(findTestObject("Страница авторизации/input__username"), findTestData("PlanFact").getValue(8, 1)): Text 'liazgina-di' is set on object 'Object Repository/Страница авторизации/input__username'

24-03-2025T09:29:47 - [MESSAGE][PASSED] - Text 'liazgina-di' is set on object 'Object Repository/Страница авторизации/input__username'

24-03-2025T09:29:47 - [TEST_STEP][PASSED] - setText(findTestObject("Страница авторизации/input__password"), findTestData("PlanFact").getValue(9, 1)): Text ')$%5srZ8o688Dm#q' is set on object 'Object Repository/Страница авторизации/input__password'

24-03-2025T09:29:48 - [MESSAGE][PASSED] - Text ')$%5srZ8o688Dm#q' is set on object 'Object Repository/Страница авторизации/input__password'

24-03-2025T09:29:48 - [TEST_STEP][PASSED] - click(findTestObject("Страница авторизации/button_")): Object: 'Object Repository/Страница авторизации/button_' is clicked on

24-03-2025T09:29:48 - [MESSAGE][PASSED] - Object: 'Object Repository/Страница авторизации/button_' is clicked on

24-03-2025T09:29:48 - [TEST_STEP][PASSED] - delay(50): Delayed 50 second(s)

24-03-2025T09:30:38 - [MESSAGE][PASSED] - Delayed 50 second(s)

24-03-2025T09:30:38 - [TEST_STEP][PASSED] - searchWord = "ДЗО": null

24-03-2025T09:30:38 - [TEST_STEP][PASSED] - urlText = getText(findTestObject("Страница авторизации/Text")): Text of object 'Object Repository/Страница авторизации/Text' is: 'ДЗО 
ПАО Россети
Период
Январь 2025 года
Отклонения фактического уровня потерь от бизнес-плана, п.п.
-0.01
-0.92
-0.43
-2.48
-0.30
-0.28
-2.65
-1.91
-1.44
-2.45
Россети ФСК ЕЭС
Россети Волга
Россети Московскийрегион
Россети Северо-Запад
Россети Томск
Россети Урал (ГК)
Россети Центр (ГК)
Россети Центр иПриволжье (ГК)
Россети Юг (ГК)
Россети Янтарь
-4
-2
0
2
4
6
8

Уровень потерь электроэнергии
Россети ФСК ЕЭС
Россети Волга
Россети Московский регион
Россети Северо-Запад
Россети Томск
Россети Урал (ГК)
Россети Юг (ГК)
Россети Янтарь
0
10
20
30
40
50
60
70
4.01
|
6.39
|
9.74
|
7.61
|
11.82
|
7.40
|
10.84
|
12.35
|
4.00
5.47
9.32
5.12
11.52
7.12
9.40
9.90
п.п.
2.25
Итого
0
1
2
3
%
6.24 6.24
8.50 8.50
План
Факт
1
100

● Бизнес-план выполнен● ●● Превышение бизнес-плана
Отклонения фактического уровня потерь от бизнес-плана за 3 месяца (нарастающим итогом), п.п.
-0.2-0.2
-8.3-8.3
3.13.1
-0.4-0.4
-0.6-0.6
-0.0-0.0
0.20.2
3.93.9
-0.4-0.4
-8.8-8.8
-0.0-0.0
0.20.2
-0.2-0.2
-0.5-0.5
-0.3-0.3
-0.5-0.5
-0.1-0.1
-0.2-0.2
-8.4-8.4
2.92.9
-0.4-0.4
-0.5-0.5
-0.0-0.0
0.20.2
3.83.8
-0.3-0.3
-7.9-7.9
-0.0-0.0
0.20.2
-0.2-0.2
-0.5-0.5
-0.2-0.2
-0.3-0.3
-0.1-0.1
-0.0-0.0
-0.9-0.9
-0.4-0.4
-2.5-2.5
-0.3-0.3
-0.3-0.3
-2.6-2.6
-1.9-1.9
-1.4-1.4
-2.4-2.4
Россети ФСКЕЭС
АО«Тываэнерго»
АО«Чеченэнерго»
Россети Волга
РоссетиКубань
РоссетиЛенэнерго(ГК)
РоссетиМосковскийрегион
РоссетиСеверныйКавказ (ГК)
Россети Северо-Запад
Россети Сибирь(ГК)
Россети Томск
Россети Тюмень
Россети Урал(ГК)
Россети Центр
Россети Центри Приволжье(ГК)
Россети Юг (Г…
РоссетиЯнтарь
-10
0
10
п.п.
Отклонения фактического уровня потерь от бизнес-плана за 3 месяца (нарастающим итогом)
-0.2-0.2
-8.3-8.3
-1.0-1.0
-0.2-0.2
-0.3-0.3
4.74.7
-1.4-1.4
-0.4-0.4
-9.0-9.0
-0.1-0.1
-0.2-0.2
-0.3-0.3
-0.2-0.2
-7.9-7.9
-0.5-0.5
-0.8-0.8
-1.0-1.0
-0.4-0.4
8.18.1
0.50.5
12.812.8
-0.2-0.2
-8.4-8.4
-0.4-0.4
-0.0-0.0
-0.1-0.1
5.25.2
-1.3-1.3
-0.4-0.4
-8.1-8.1
-0.1-0.1
0.10.1
-0.4-0.4
-0.1-0.1
-6.9-6.9
-0.3-0.3
-0.8-0.8
-0.8-0.8
-0.4-0.4
8.38.3
0.50.5
12.512.5
-3.4-3.4
-2.5-2.5
-6.0-6.0
-1.5-1.5
-0.6-0.6
-1.6-1.6
-1.4-1.4
-4.5-4.5
Итого по ФСК ЕЭС
АО "Тываэнерго"
АО «ВМЭС»
АО «Воронежская горэлектросеть»
АО «Тульские городские электрические сети»
АО «Чеченэнерго»
АО «Ярославская электросетевая компания»
АО ЕЭСК
Алтайэнерго
Архангельский филиал
Астраханьэнерго
Белгородэнерго
Брянскэнерго
Бурятэнерго
Владимирэнерго
Волгоградэнерго
Вологодский филиал
Воронежэнерго
Дагэнерго
Ивэнерго
Ингушэнерго
-24
24

Статус данных
Просьба обратить внимание
— все данные не занесены
Факт
План
Итого – Факт
Отпуск в сеть 64 180 839
Отпуск из сети 58 728 018
Потери 5 452 822
Итого – План
Отпуск в сеть 100 208 871
Отпуск из сети 93 953 056
Потери 6 255 815
Выполнение бизнес-плана в части показателя «Уровень потерь электроэнергии»
Показатели баланса электроэнергии по ДЗО – Факт 
57 256 396 3 856 981 9 778 647 3 276 892 476 306 6 843 010 3 467 484 462 838
55 054 236 3 645 880 8 867 734 3 109 008 421 425 6 355 760 3 141 633 417 011
2 202 160 211 102 910 913 167 884 54 881 487 250 325 852 45 827
Показатели баланса электроэнергии по ДЗО – План
58 806 842 4 033 660 10 346 741 3 479 216 504 635 7 177 213 3 760 351 489 942
56 540 011 3 775 836 9 338 688 3 214 611 444 962 6 646 123 3 352 866 429 434
2 266 831 257 824 1 008 053 264 605 59 673 531 090 407 485 60 508'

24-03-2025T09:30:40 - [MESSAGE][PASSED] - Text of object 'Object Repository/Страница авторизации/Text' is: 'ДЗО 
ПАО Россети
Период
Январь 2025 года
Отклонения фактического уровня потерь от бизнес-плана, п.п.
-0.01
-0.92
-0.43
-2.48
-0.30
-0.28
-2.65
-1.91
-1.44
-2.45
Россети ФСК ЕЭС
Россети Волга
Россети Московскийрегион
Россети Северо-Запад
Россети Томск
Россети Урал (ГК)
Россети Центр (ГК)
Россети Центр иПриволжье (ГК)
Россети Юг (ГК)
Россети Янтарь
-4
-2
0
2
4
6
8

Уровень потерь электроэнергии
Россети ФСК ЕЭС
Россети Волга
Россети Московский регион
Россети Северо-Запад
Россети Томск
Россети Урал (ГК)
Россети Юг (ГК)
Россети Янтарь
0
10
20
30
40
50
60
70
4.01
|
6.39
|
9.74
|
7.61
|
11.82
|
7.40
|
10.84
|
12.35
|
4.00
5.47
9.32
5.12
11.52
7.12
9.40
9.90
п.п.
2.25
Итого
0
1
2
3
%
6.24 6.24
8.50 8.50
План
Факт
1
100

● Бизнес-план выполнен● ●● Превышение бизнес-плана
Отклонения фактического уровня потерь от бизнес-плана за 3 месяца (нарастающим итогом), п.п.
-0.2-0.2
-8.3-8.3
3.13.1
-0.4-0.4
-0.6-0.6
-0.0-0.0
0.20.2
3.93.9
-0.4-0.4
-8.8-8.8
-0.0-0.0
0.20.2
-0.2-0.2
-0.5-0.5
-0.3-0.3
-0.5-0.5
-0.1-0.1
-0.2-0.2
-8.4-8.4
2.92.9
-0.4-0.4
-0.5-0.5
-0.0-0.0
0.20.2
3.83.8
-0.3-0.3
-7.9-7.9
-0.0-0.0
0.20.2
-0.2-0.2
-0.5-0.5
-0.2-0.2
-0.3-0.3
-0.1-0.1
-0.0-0.0
-0.9-0.9
-0.4-0.4
-2.5-2.5
-0.3-0.3
-0.3-0.3
-2.6-2.6
-1.9-1.9
-1.4-1.4
-2.4-2.4
Россети ФСКЕЭС
АО«Тываэнерго»
АО«Чеченэнерго»
Россети Волга
РоссетиКубань
РоссетиЛенэнерго(ГК)
РоссетиМосковскийрегион
РоссетиСеверныйКавказ (ГК)
Россети Северо-Запад
Россети Сибирь(ГК)
Россети Томск
Россети Тюмень
Россети Урал(ГК)
Россети Центр
Россети Центри Приволжье(ГК)
Россети Юг (Г…
РоссетиЯнтарь
-10
0
10
п.п.
Отклонения фактического уровня потерь от бизнес-плана за 3 месяца (нарастающим итогом)
-0.2-0.2
-8.3-8.3
-1.0-1.0
-0.2-0.2
-0.3-0.3
4.74.7
-1.4-1.4
-0.4-0.4
-9.0-9.0
-0.1-0.1
-0.2-0.2
-0.3-0.3
-0.2-0.2
-7.9-7.9
-0.5-0.5
-0.8-0.8
-1.0-1.0
-0.4-0.4
8.18.1
0.50.5
12.812.8
-0.2-0.2
-8.4-8.4
-0.4-0.4
-0.0-0.0
-0.1-0.1
5.25.2
-1.3-1.3
-0.4-0.4
-8.1-8.1
-0.1-0.1
0.10.1
-0.4-0.4
-0.1-0.1
-6.9-6.9
-0.3-0.3
-0.8-0.8
-0.8-0.8
-0.4-0.4
8.38.3
0.50.5
12.512.5
-3.4-3.4
-2.5-2.5
-6.0-6.0
-1.5-1.5
-0.6-0.6
-1.6-1.6
-1.4-1.4
-4.5-4.5
Итого по ФСК ЕЭС
АО "Тываэнерго"
АО «ВМЭС»
АО «Воронежская горэлектросеть»
АО «Тульские городские электрические сети»
АО «Чеченэнерго»
АО «Ярославская электросетевая компания»
АО ЕЭСК
Алтайэнерго
Архангельский филиал
Астраханьэнерго
Белгородэнерго
Брянскэнерго
Бурятэнерго
Владимирэнерго
Волгоградэнерго
Вологодский филиал
Воронежэнерго
Дагэнерго
Ивэнерго
Ингушэнерго
-24
24

Статус данных
Просьба обратить внимание
— все данные не занесены
Факт
План
Итого – Факт
Отпуск в сеть 64 180 839
Отпуск из сети 58 728 018
Потери 5 452 822
Итого – План
Отпуск в сеть 100 208 871
Отпуск из сети 93 953 056
Потери 6 255 815
Выполнение бизнес-плана в части показателя «Уровень потерь электроэнергии»
Показатели баланса электроэнергии по ДЗО – Факт 
57 256 396 3 856 981 9 778 647 3 276 892 476 306 6 843 010 3 467 484 462 838
55 054 236 3 645 880 8 867 734 3 109 008 421 425 6 355 760 3 141 633 417 011
2 202 160 211 102 910 913 167 884 54 881 487 250 325 852 45 827
Показатели баланса электроэнергии по ДЗО – План
58 806 842 4 033 660 10 346 741 3 479 216 504 635 7 177 213 3 760 351 489 942
56 540 011 3 775 836 9 338 688 3 214 611 444 962 6 646 123 3 352 866 429 434
2 266 831 257 824 1 008 053 264 605 59 673 531 090 407 485 60 508'

24-03-2025T09:30:40 - [TEST_STEP][PASSED] - if (urlText.contains("ошибка") || urlText.contains(searchWord) == false): null

24-03-2025T09:30:40 - [TEST_STEP][PASSED] - Script1719299571342.ZakrytOpoveshenie(): null

24-03-2025T09:30:40 - [TEST_STEP][PASSED] - opoveshenie = getText(findTestObject("Выполнение бизнес-плана/Просьба обратить внимание")): Text of object 'Object Repository/Выполнение бизнес-плана/Просьба обратить внимание' is: 'Просьба обратить внимание'

24-03-2025T09:30:40 - [MESSAGE][PASSED] - Text of object 'Object Repository/Выполнение бизнес-плана/Просьба обратить внимание' is: 'Просьба обратить внимание'

24-03-2025T09:30:40 - [TEST_STEP][PASSED] - if (opoveshenie == "Просьба обратить внимание"): Object: 'Object Repository/Выполнение бизнес-плана/Закрыть оповещение' is clicked on

24-03-2025T09:30:40 - [TEST_STEP][PASSED] - click(findTestObject("Выполнение бизнес-плана/Закрыть оповещение")): Object: 'Object Repository/Выполнение бизнес-плана/Закрыть оповещение' is clicked on

24-03-2025T09:30:41 - [MESSAGE][PASSED] - Object: 'Object Repository/Выполнение бизнес-плана/Закрыть оповещение' is clicked on

24-03-2025T09:30:41 - [TEST_STEP][PASSED] - click(findTestObject(path + "Фильтр Дата")): Object: 'Object Repository/Выполнение бизнес-плана/Фильтр Дата' is clicked on

24-03-2025T09:30:41 - [MESSAGE][PASSED] - Object: 'Object Repository/Выполнение бизнес-плана/Фильтр Дата' is clicked on

24-03-2025T09:30:41 - [TEST_STEP][PASSED] - click(findTestObject(path + "Снять выделение в фильтре Дата")): Object: 'Object Repository/Выполнение бизнес-плана/Снять выделение в фильтре Дата' is clicked on

24-03-2025T09:30:42 - [MESSAGE][PASSED] - Object: 'Object Repository/Выполнение бизнес-плана/Снять выделение в фильтре Дата' is clicked on

24-03-2025T09:30:42 - [TEST_STEP][PASSED] - click(findTestObject(path + "Применить в фильтре Дата")): Object: 'Object Repository/Выполнение бизнес-плана/Применить в фильтре Дата' is clicked on

24-03-2025T09:30:43 - [MESSAGE][PASSED] - Object: 'Object Repository/Выполнение бизнес-плана/Применить в фильтре Дата' is clicked on

24-03-2025T09:30:43 - [TEST_STEP][PASSED] - delay(50): Delayed 50 second(s)

24-03-2025T09:31:33 - [MESSAGE][PASSED] - Delayed 50 second(s)

24-03-2025T09:31:33 - [TEST_STEP][PASSED] - Script1719299571342.ZakrytOpoveshenie(): null

24-03-2025T09:31:33 - [TEST_STEP][PASSED] - opoveshenie = getText(findTestObject("Выполнение бизнес-плана/Просьба обратить внимание")): Text of object 'Object Repository/Выполнение бизнес-плана/Просьба обратить внимание' is: 'Просьба обратить внимание'

24-03-2025T09:31:33 - [MESSAGE][PASSED] - Text of object 'Object Repository/Выполнение бизнес-плана/Просьба обратить внимание' is: 'Просьба обратить внимание'

24-03-2025T09:31:33 - [TEST_STEP][PASSED] - if (opoveshenie == "Просьба обратить внимание"): Object: 'Object Repository/Выполнение бизнес-плана/Закрыть оповещение' is clicked on

24-03-2025T09:31:33 - [TEST_STEP][PASSED] - click(findTestObject("Выполнение бизнес-плана/Закрыть оповещение")): Object: 'Object Repository/Выполнение бизнес-плана/Закрыть оповещение' is clicked on

24-03-2025T09:31:33 - [MESSAGE][PASSED] - Object: 'Object Repository/Выполнение бизнес-плана/Закрыть оповещение' is clicked on

24-03-2025T09:31:33 - [TEST_STEP][PASSED] - click(findTestObject(path + "Фильтр Дата")): Object: 'Object Repository/Выполнение бизнес-плана/Фильтр Дата' is clicked on

24-03-2025T09:31:34 - [MESSAGE][PASSED] - Object: 'Object Repository/Выполнение бизнес-плана/Фильтр Дата' is clicked on

24-03-2025T09:31:34 - [TEST_STEP][PASSED] - scrollToElement(findTestObject(path + "2025 список"), 30): Scroll to object 'Object Repository/Выполнение бизнес-плана/2025 список' successfully

24-03-2025T09:31:34 - [MESSAGE][PASSED] - Scroll to object 'Object Repository/Выполнение бизнес-плана/2025 список' successfully

24-03-2025T09:31:34 - [TEST_STEP][PASSED] - click(findTestObject(path + "2025 список")): Object: 'Object Repository/Выполнение бизнес-плана/2025 список' is clicked on

24-03-2025T09:31:35 - [MESSAGE][PASSED] - Object: 'Object Repository/Выполнение бизнес-плана/2025 список' is clicked on

24-03-2025T09:31:35 - [TEST_STEP][PASSED] - scrollToElement(findTestObject(path + "1 квартал 2025 список"), 30): Scroll to object 'Object Repository/Выполнение бизнес-плана/1 квартал 2025 список' successfully

24-03-2025T09:31:35 - [MESSAGE][PASSED] - Scroll to object 'Object Repository/Выполнение бизнес-плана/1 квартал 2025 список' successfully

24-03-2025T09:31:35 - [TEST_STEP][PASSED] - click(findTestObject(path + "1 квартал 2025 список")): Object: 'Object Repository/Выполнение бизнес-плана/1 квартал 2025 список' is clicked on

24-03-2025T09:31:36 - [MESSAGE][PASSED] - Object: 'Object Repository/Выполнение бизнес-плана/1 квартал 2025 список' is clicked on

24-03-2025T09:31:36 - [TEST_STEP][PASSED] - scrollToElement(findTestObject(path + "Январь 2025"), 30): Scroll to object 'Object Repository/Выполнение бизнес-плана/Январь 2025' successfully

24-03-2025T09:31:36 - [MESSAGE][PASSED] - Scroll to object 'Object Repository/Выполнение бизнес-плана/Январь 2025' successfully

24-03-2025T09:31:36 - [TEST_STEP][PASSED] - click(findTestObject(path + "Январь 2025")): Object: 'Object Repository/Выполнение бизнес-плана/Январь 2025' is clicked on

24-03-2025T09:31:36 - [MESSAGE][PASSED] - Object: 'Object Repository/Выполнение бизнес-плана/Январь 2025' is clicked on

24-03-2025T09:31:36 - [TEST_STEP][PASSED] - scrollToElement(findTestObject(path + "Заголовок дашборда"), 30): Scroll to object 'Object Repository/Выполнение бизнес-плана/Заголовок дашборда' successfully

24-03-2025T09:31:37 - [MESSAGE][PASSED] - Scroll to object 'Object Repository/Выполнение бизнес-плана/Заголовок дашборда' successfully

24-03-2025T09:31:37 - [TEST_STEP][PASSED] - click(findTestObject(path + "Применить в фильтре Дата")): Object: 'Object Repository/Выполнение бизнес-плана/Применить в фильтре Дата' is clicked on

24-03-2025T09:31:38 - [MESSAGE][PASSED] - Object: 'Object Repository/Выполнение бизнес-плана/Применить в фильтре Дата' is clicked on

24-03-2025T09:31:38 - [TEST_STEP][PASSED] - delay(30): Delayed 30 second(s)

24-03-2025T09:32:08 - [MESSAGE][PASSED] - Delayed 30 second(s)

24-03-2025T09:32:08 - [TEST_STEP][PASSED] - Script1719299571342.ZakrytOpoveshenie(): null

24-03-2025T09:32:08 - [TEST_STEP][PASSED] - opoveshenie = getText(findTestObject("Выполнение бизнес-плана/Просьба обратить внимание")): Text of object 'Object Repository/Выполнение бизнес-плана/Просьба обратить внимание' is: 'Просьба обратить внимание'

24-03-2025T09:32:08 - [MESSAGE][PASSED] - Text of object 'Object Repository/Выполнение бизнес-плана/Просьба обратить внимание' is: 'Просьба обратить внимание'

24-03-2025T09:32:08 - [TEST_STEP][PASSED] - if (opoveshenie == "Просьба обратить внимание"): Object: 'Object Repository/Выполнение бизнес-плана/Закрыть оповещение' is clicked on

24-03-2025T09:32:08 - [TEST_STEP][PASSED] - click(findTestObject("Выполнение бизнес-плана/Закрыть оповещение")): Object: 'Object Repository/Выполнение бизнес-плана/Закрыть оповещение' is clicked on

24-03-2025T09:32:08 - [MESSAGE][PASSED] - Object: 'Object Repository/Выполнение бизнес-плана/Закрыть оповещение' is clicked on

24-03-2025T09:32:08 - [TEST_STEP][PASSED] - click(findTestObject(path + "Фильтр ДЗО")): Object: 'Object Repository/Выполнение бизнес-плана/Фильтр ДЗО' is clicked on

24-03-2025T09:32:09 - [MESSAGE][PASSED] - Object: 'Object Repository/Выполнение бизнес-плана/Фильтр ДЗО' is clicked on

24-03-2025T09:32:09 - [TEST_STEP][PASSED] - click(findTestObject(path + "Снять выделение в фильтре ДЗО")): Object: 'Object Repository/Выполнение бизнес-плана/Снять выделение в фильтре ДЗО' is clicked on

24-03-2025T09:32:09 - [MESSAGE][PASSED] - Object: 'Object Repository/Выполнение бизнес-плана/Снять выделение в фильтре ДЗО' is clicked on

24-03-2025T09:32:09 - [TEST_STEP][PASSED] - click(findTestObject(path + "ПАО Россети")): Object: 'Object Repository/Выполнение бизнес-плана/ПАО Россети' is clicked on

24-03-2025T09:32:09 - [MESSAGE][PASSED] - Object: 'Object Repository/Выполнение бизнес-плана/ПАО Россети' is clicked on

24-03-2025T09:32:09 - [TEST_STEP][PASSED] - click(findTestObject(path + "Применить в фильтре ДЗО")): Object: 'Object Repository/Выполнение бизнес-плана/Применить в фильтре ДЗО' is clicked on

24-03-2025T09:32:11 - [MESSAGE][PASSED] - Object: 'Object Repository/Выполнение бизнес-плана/Применить в фильтре ДЗО' is clicked on

24-03-2025T09:32:11 - [TEST_STEP][PASSED] - delay(30): Delayed 30 second(s)

24-03-2025T09:32:41 - [MESSAGE][PASSED] - Delayed 30 second(s)

24-03-2025T09:32:41 - [TEST_STEP][PASSED] - VseDZO = getText(findTestObject(path + "Список ДЗО")): Text of object 'Object Repository/Выполнение бизнес-плана/Список ДЗО' is: '-0.01
-0.92
-0.43
-2.48
-0.30
-0.28
-2.65
-1.91
-1.44
-2.45
Россети ФСК ЕЭС
Россети Волга
Россети Московскийрегион
Россети Северо-Запад
Россети Томск
Россети Урал (ГК)
Россети Центр (ГК)
Россети Центр иПриволжье (ГК)
Россети Юг (ГК)
Россети Янтарь
-4
-2
0
2
4
6
8'

24-03-2025T09:32:41 - [MESSAGE][PASSED] - Text of object 'Object Repository/Выполнение бизнес-плана/Список ДЗО' is: '-0.01
-0.92
-0.43
-2.48
-0.30
-0.28
-2.65
-1.91
-1.44
-2.45
Россети ФСК ЕЭС
Россети Волга
Россети Московскийрегион
Россети Северо-Запад
Россети Томск
Россети Урал (ГК)
Россети Центр (ГК)
Россети Центр иПриволжье (ГК)
Россети Юг (ГК)
Россети Янтарь
-4
-2
0
2
4
6
8'

24-03-2025T09:32:41 - [TEST_STEP][PASSED] - pRR = GetAllPAOData(path, dZONum, VseDZO, z = "ПАО Россети/"): null

24-03-2025T09:32:41 - [TEST_STEP][PASSED] - path2 = "Значения со страницы Выполнение бизнес-плана/Table Data/": null

24-03-2025T09:32:41 - [TEST_STEP][PASSED] - ii = <not implemented yet for class: org.codehaus.groovy.ast.expr.EmptyExpression>: null

24-03-2025T09:32:41 - [TEST_STEP][PASSED] - i1 = <not implemented yet for class: org.codehaus.groovy.ast.expr.EmptyExpression>: null

24-03-2025T09:32:41 - [TEST_STEP][PASSED] - z = <not implemented yet for class: org.codehaus.groovy.ast.expr.EmptyExpression>: null

24-03-2025T09:32:41 - [TEST_STEP][PASSED] - z1 = <not implemented yet for class: org.codehaus.groovy.ast.expr.EmptyExpression>: null

24-03-2025T09:32:41 - [TEST_STEP][PASSED] - println("path: " + path): null

24-03-2025T09:32:41 - [TEST_STEP][PASSED] - z = getText(findTestObject(path + "Итого")).replaceAll("[\r?
|
]", "/"): Text of object 'Object Repository/Выполнение бизнес-плана/Итого' is: '%
6.24 6.24
8.50 8.50
План
Факт
1
100'

24-03-2025T09:32:41 - [MESSAGE][PASSED] - Text of object 'Object Repository/Выполнение бизнес-плана/Итого' is: '%
6.24 6.24
8.50 8.50
План
Факт
1
100'

24-03-2025T09:32:41 - [TEST_STEP][PASSED] - ii = z.indexOf("%") + 2: null

24-03-2025T09:32:41 - [TEST_STEP][PASSED] - if (ii > -1): null

24-03-2025T09:32:41 - [TEST_STEP][PASSED] - z = z.substring(ii, z.length()): null

24-03-2025T09:32:41 - [TEST_STEP][PASSED] - println(z): null

24-03-2025T09:32:41 - [TEST_STEP][PASSED] - ii = z.indexOf("/1/100") - 1: null

24-03-2025T09:32:41 - [TEST_STEP][PASSED] - if (ii > -1): null

24-03-2025T09:32:41 - [TEST_STEP][PASSED] - z = z.substring(0, ii): null

24-03-2025T09:32:41 - [TEST_STEP][PASSED] - println(z): null

24-03-2025T09:32:41 - [TEST_STEP][PASSED] - ii = z.indexOf("План"): null

24-03-2025T09:32:41 - [TEST_STEP][PASSED] - if (ii > -1): null

24-03-2025T09:32:41 - [TEST_STEP][PASSED] - z = z.substring(0, ii): null

24-03-2025T09:32:41 - [TEST_STEP][PASSED] - println(z): null

24-03-2025T09:32:41 - [TEST_STEP][PASSED] - ii = z.indexOf("/") + 1: null

24-03-2025T09:32:41 - [TEST_STEP][PASSED] - z1 = z.substring(0, ii): null

24-03-2025T09:32:41 - [TEST_STEP][PASSED] - println(z1): null

24-03-2025T09:32:41 - [TEST_STEP][PASSED] - z = z.substring(ii, z.length()): null

24-03-2025T09:32:41 - [TEST_STEP][PASSED] - println(z): null

24-03-2025T09:32:41 - [TEST_STEP][PASSED] - ii = z1.length() / 2: null

24-03-2025T09:32:41 - [TEST_STEP][PASSED] - z1 = replaceAll("[\r?
|
]", "/").trim(): null

24-03-2025T09:32:41 - [TEST_STEP][PASSED] - println(z1): null

24-03-2025T09:32:41 - [TEST_STEP][PASSED] - ii = z.length() / 2: null

24-03-2025T09:32:41 - [TEST_STEP][PASSED] - z = replace("/", "").trim(): null

24-03-2025T09:32:41 - [TEST_STEP][PASSED] - println(z): null

24-03-2025T09:32:41 - [TEST_STEP][PASSED] - x = x + z1 + "/" + z: null

24-03-2025T09:32:41 - [TEST_STEP][PASSED] - println(x): null

24-03-2025T09:32:41 - [TEST_STEP][PASSED] - if (verifyElementPresent(findTestObject(path + "Таблица Итого-Факт"), 30)): null

24-03-2025T09:32:42 - [MESSAGE][PASSED] - Object 'Object Repository/Выполнение бизнес-плана/Таблица Итого-Факт' is present

24-03-2025T09:32:42 - [TEST_STEP][PASSED] - z = replaceAll("\s+", "").replaceAll("[а-яА-Я]", ""): Text of object 'Object Repository/Выполнение бизнес-плана/Таблица Итого-Факт' is: 'Отпуск в сеть 64 180 839
Отпуск из сети 58 728 018
Потери 5 452 822'

24-03-2025T09:32:42 - [MESSAGE][PASSED] - Text of object 'Object Repository/Выполнение бизнес-плана/Таблица Итого-Факт' is: 'Отпуск в сеть 64 180 839
Отпуск из сети 58 728 018
Потери 5 452 822'

24-03-2025T09:32:42 - [TEST_STEP][PASSED] - println(z): null

24-03-2025T09:32:42 - [TEST_STEP][PASSED] - x = x + "/" + z: null

24-03-2025T09:32:42 - [TEST_STEP][PASSED] - println(x): null

24-03-2025T09:32:42 - [TEST_STEP][PASSED] - click(findTestObject(path + "Кнопка План")): Object: 'Object Repository/Выполнение бизнес-плана/Кнопка План' is clicked on

24-03-2025T09:32:42 - [MESSAGE][PASSED] - Object: 'Object Repository/Выполнение бизнес-плана/Кнопка План' is clicked on

24-03-2025T09:32:42 - [TEST_STEP][PASSED] - z = replaceAll("\s+", "").replaceAll("[а-яА-Я]", ""): Text of object 'Object Repository/Выполнение бизнес-плана/Таблица Итого-План' is: 'Отпуск в сеть 100 208 871
Отпуск из сети 93 953 056
Потери 6 255 815'

24-03-2025T09:32:43 - [MESSAGE][PASSED] - Text of object 'Object Repository/Выполнение бизнес-плана/Таблица Итого-План' is: 'Отпуск в сеть 100 208 871
Отпуск из сети 93 953 056
Потери 6 255 815'

24-03-2025T09:32:43 - [TEST_STEP][PASSED] - x = x + "/" + z: null

24-03-2025T09:32:43 - [TEST_STEP][PASSED] - println(x): null

24-03-2025T09:32:43 - [TEST_STEP][PASSED] - click(findTestObject(path + "Кнопка Факт")): Object: 'Object Repository/Выполнение бизнес-плана/Кнопка Факт' is clicked on

24-03-2025T09:32:43 - [MESSAGE][PASSED] - Object: 'Object Repository/Выполнение бизнес-плана/Кнопка Факт' is clicked on

24-03-2025T09:32:43 - [TEST_STEP][PASSED] - return x: null

24-03-2025T09:32:43 - [TEST_STEP][PASSED] - println("pRR: " + pRR): null

24-03-2025T09:32:43 - [TEST_STEP][PASSED] - i = VseDZO.indexOf("ЕЭС"): null

24-03-2025T09:32:43 - [TEST_STEP][PASSED] - if (i > -1): null

24-03-2025T09:32:43 - [TEST_STEP][PASSED] - dZONum = dZONum + 1: null

24-03-2025T09:32:43 - [TEST_STEP][PASSED] - fR = GetAllData(path, dZONum, VseDZO, x = "Россети ФСК ЕЭС/"): null

24-03-2025T09:32:43 - [TEST_STEP][PASSED] - ii = <not implemented yet for class: org.codehaus.groovy.ast.expr.EmptyExpression>: null

24-03-2025T09:32:43 - [TEST_STEP][PASSED] - i1 = <not implemented yet for class: org.codehaus.groovy.ast.expr.EmptyExpression>: null

24-03-2025T09:32:43 - [TEST_STEP][PASSED] - z = <not implemented yet for class: org.codehaus.groovy.ast.expr.EmptyExpression>: null

24-03-2025T09:32:43 - [TEST_STEP][PASSED] - path2 = "Значения со страницы Выполнение бизнес-плана/Table Data/": null

24-03-2025T09:32:43 - [TEST_STEP][PASSED] - println("path: " + path): null

24-03-2025T09:32:43 - [TEST_STEP][PASSED] - println("dZONum: " + dZONum): null

24-03-2025T09:32:43 - [TEST_STEP][PASSED] - z = getText(findTestObject(path + "spanPlan" + dZONum)): Text of object 'Object Repository/Выполнение бизнес-плана/spanPlan1' is: '4.01
|'

24-03-2025T09:32:43 - [MESSAGE][PASSED] - Text of object 'Object Repository/Выполнение бизнес-плана/spanPlan1' is: '4.01
|'

24-03-2025T09:32:43 - [TEST_STEP][PASSED] - println(z): null

24-03-2025T09:32:43 - [TEST_STEP][PASSED] - ii = z.indexOf("|"): null

24-03-2025T09:32:43 - [TEST_STEP][PASSED] - if (ii > -1): null

24-03-2025T09:32:43 - [TEST_STEP][PASSED] - z = z.substring(0, z.length() - 1): null

24-03-2025T09:32:43 - [TEST_STEP][PASSED] - println(z): null

24-03-2025T09:32:43 - [TEST_STEP][PASSED] - z = z.replaceAll("\s+", ""): null

24-03-2025T09:32:43 - [TEST_STEP][PASSED] - z = z.replace("[\r?
|
]", "/"): null

24-03-2025T09:32:43 - [TEST_STEP][PASSED] - println(z): null

24-03-2025T09:32:43 - [TEST_STEP][PASSED] - x = x + z: null

24-03-2025T09:32:43 - [TEST_STEP][PASSED] - z = getText(findTestObject(path + "spanFact" + dZONum)): Text of object 'Object Repository/Выполнение бизнес-плана/spanFact1' is: '4.00'

24-03-2025T09:32:44 - [MESSAGE][PASSED] - Text of object 'Object Repository/Выполнение бизнес-плана/spanFact1' is: '4.00'

24-03-2025T09:32:44 - [TEST_STEP][PASSED] - ii = z.indexOf("|"): null

24-03-2025T09:32:44 - [TEST_STEP][PASSED] - if (ii > -1): null

24-03-2025T09:32:44 - [TEST_STEP][PASSED] - x = x + "/" + z: null

24-03-2025T09:32:44 - [TEST_STEP][PASSED] - z = getText(findTestObject(path + path2 + "Факт Отпуск в сеть за отчётный период " + dZONum)).replaceAll("\s+", ""): Text of object 'Object Repository/Выполнение бизнес-плана/Значения со страницы Выполнение бизнес-плана/Table Data/Факт Отпуск в сеть за отчётный период 1' is: '57 256 396'

24-03-2025T09:32:44 - [MESSAGE][PASSED] - Text of object 'Object Repository/Выполнение бизнес-плана/Значения со страницы Выполнение бизнес-плана/Table Data/Факт Отпуск в сеть за отчётный период 1' is: '57 256 396'

24-03-2025T09:32:44 - [TEST_STEP][PASSED] - println("z=" + z): null

24-03-2025T09:32:44 - [TEST_STEP][PASSED] - x = x + "/" + z: null

24-03-2025T09:32:44 - [TEST_STEP][PASSED] - z = getText(findTestObject(path + path2 + "Факт Отпуск из сети за отчётный период " + dZONum)).replaceAll("\s+", ""): Text of object 'Object Repository/Выполнение бизнес-плана/Значения со страницы Выполнение бизнес-плана/Table Data/Факт Отпуск из сети за отчётный период 1' is: '211 102'

24-03-2025T09:32:44 - [MESSAGE][PASSED] - Text of object 'Object Repository/Выполнение бизнес-плана/Значения со страницы Выполнение бизнес-плана/Table Data/Факт Отпуск из сети за отчётный период 1' is: '211 102'

24-03-2025T09:32:44 - [TEST_STEP][PASSED] - x = x + "/" + z: null

24-03-2025T09:32:44 - [TEST_STEP][PASSED] - z = getText(findTestObject(path + path2 + "Факт Потери за отчётный период " + dZONum)).replaceAll("\s+", ""): Text of object 'Object Repository/Выполнение бизнес-плана/Значения со страницы Выполнение бизнес-плана/Table Data/Факт Потери за отчётный период 1' is: '9 338 688'

24-03-2025T09:32:44 - [MESSAGE][PASSED] - Text of object 'Object Repository/Выполнение бизнес-плана/Значения со страницы Выполнение бизнес-плана/Table Data/Факт Потери за отчётный период 1' is: '9 338 688'

24-03-2025T09:32:44 - [TEST_STEP][PASSED] - x = x + "/" + z: null

24-03-2025T09:32:44 - [TEST_STEP][PASSED] - z = getText(findTestObject(path + path2 + "План Отпуск в сеть за отчётный период " + dZONum)).replaceAll("\s+", ""): Text of object 'Object Repository/Выполнение бизнес-плана/Значения со страницы Выполнение бизнес-плана/Table Data/План Отпуск в сеть за отчётный период 1' is: '58 806 842'

24-03-2025T09:32:45 - [MESSAGE][PASSED] - Text of object 'Object Repository/Выполнение бизнес-плана/Значения со страницы Выполнение бизнес-плана/Table Data/План Отпуск в сеть за отчётный период 1' is: '58 806 842'

24-03-2025T09:32:45 - [TEST_STEP][PASSED] - x = x + "/" + z: null

24-03-2025T09:32:45 - [TEST_STEP][PASSED] - z = getText(findTestObject(path + path2 + "План Отпуск из сети за отчётный период " + dZONum)).replaceAll("\s+", ""): Text of object 'Object Repository/Выполнение бизнес-плана/Значения со страницы Выполнение бизнес-плана/Table Data/План Отпуск из сети за отчётный период 1' is: '257 824'

24-03-2025T09:32:45 - [MESSAGE][PASSED] - Text of object 'Object Repository/Выполнение бизнес-плана/Значения со страницы Выполнение бизнес-плана/Table Data/План Отпуск из сети за отчётный период 1' is: '257 824'

24-03-2025T09:32:45 - [TEST_STEP][PASSED] - x = x + "/" + z: null

24-03-2025T09:32:45 - [TEST_STEP][ERROR] - z = getText(findTestObject(path + path2 + "План Потери за отчётный период " + dZONum)).replaceAll("\s+", ""): Test Cases/Сверки дашбордов/Выполнение бизнес-плана сверка дашбордов FAILED.
Reason:
java.lang.NullPointerException: Cannot invoke method replaceAll() on null object
	at Выполнение бизнес-плана сверка дашбордов.GetAllData(Выполнение бизнес-плана сверка дашбордов:985)
	at Выполнение бизнес-плана сверка дашбордов.run(Выполнение бизнес-плана сверка дашбордов:156)
	at com.kms.katalon.core.main.ScriptEngine.run(ScriptEngine.java:194)
	at com.kms.katalon.core.main.ScriptEngine.runScriptAsRawText(ScriptEngine.java:119)
	at com.kms.katalon.core.main.TestCaseExecutor.runScript(TestCaseExecutor.java:448)
	at com.kms.katalon.core.main.TestCaseExecutor.doExecute(TestCaseExecutor.java:439)
	at com.kms.katalon.core.main.TestCaseExecutor.processExecutionPhase(TestCaseExecutor.java:418)
	at com.kms.katalon.core.main.TestCaseExecutor.accessMainPhase(TestCaseExecutor.java:410)
	at com.kms.katalon.core.main.TestCaseExecutor.execute(TestCaseExecutor.java:285)
	at com.kms.katalon.core.common.CommonExecutor.accessTestCaseMainPhase(CommonExecutor.java:65)
	at com.kms.katalon.core.main.TestSuiteExecutor.accessTestSuiteMainPhase(TestSuiteExecutor.java:150)
	at com.kms.katalon.core.main.TestSuiteExecutor.execute(TestSuiteExecutor.java:106)
	at com.kms.katalon.core.main.TestCaseMain.startTestSuite(TestCaseMain.java:180)
	at TempTestSuite1742797761676.run(TempTestSuite1742797761676.groovy:35)
	at java.base/jdk.internal.reflect.NativeMethodAccessorImpl.invoke0(Native Method)
	at java.base/jdk.internal.reflect.NativeMethodAccessorImpl.invoke(NativeMethodAccessorImpl.java:77)
	at java.base/jdk.internal.reflect.DelegatingMethodAccessorImpl.invoke(DelegatingMethodAccessorImpl.java:43)


24-03-2025T09:33:16 - [MESSAGE][INFO] - Unable to find the element located by 'By.xpath: (.//*[normalize-space(text()) and normalize-space(.)='Показатели баланса электроэнергии по ДЗО – План'])[2]/following::td[35]'. Please recheck the objects properties to make sure the desired element is located. 

24-03-2025T09:33:16 - [MESSAGE][FAILED] - Unable to get text of object 'Object Repository/Выполнение бизнес-плана/Значения со страницы Выполнение бизнес-плана/Table Data/План Потери за отчётный период 1' (Root cause: com.kms.katalon.core.exception.StepFailedException: Unable to get text of object 'Object Repository/Выполнение бизнес-плана/Значения со страницы Выполнение бизнес-плана/Table Data/План Потери за отчётный период 1'
	at com.kms.katalon.core.webui.keyword.internal.WebUIKeywordMain.stepFailed(WebUIKeywordMain.groovy:64)
	at com.kms.katalon.core.webui.keyword.internal.WebUIKeywordMain.runKeyword(WebUIKeywordMain.groovy:26)
	at com.kms.katalon.core.webui.keyword.builtin.GetTextKeyword.getText(GetTextKeyword.groovy:88)
	at com.kms.katalon.core.webui.keyword.builtin.GetTextKeyword.execute(GetTextKeyword.groovy:67)
	at com.kms.katalon.core.keyword.internal.KeywordExecutor.executeKeywordForPlatform(KeywordExecutor.groovy:74)
	at com.kms.katalon.core.webui.keyword.WebUiBuiltInKeywords.getText(WebUiBuiltInKeywords.groovy:957)
	at Выполнение бизнес-плана сверка дашбордов.GetAllData(Выполнение бизнес-плана сверка дашбордов:985)
	at Выполнение бизнес-плана сверка дашбордов.run(Выполнение бизнес-плана сверка дашбордов:156)
	at com.kms.katalon.core.main.ScriptEngine.run(ScriptEngine.java:194)
	at com.kms.katalon.core.main.ScriptEngine.runScriptAsRawText(ScriptEngine.java:119)
	at com.kms.katalon.core.main.TestCaseExecutor.runScript(TestCaseExecutor.java:448)
	at com.kms.katalon.core.main.TestCaseExecutor.doExecute(TestCaseExecutor.java:439)
	at com.kms.katalon.core.main.TestCaseExecutor.processExecutionPhase(TestCaseExecutor.java:418)
	at com.kms.katalon.core.main.TestCaseExecutor.accessMainPhase(TestCaseExecutor.java:410)
	at com.kms.katalon.core.main.TestCaseExecutor.execute(TestCaseExecutor.java:285)
	at com.kms.katalon.core.common.CommonExecutor.accessTestCaseMainPhase(CommonExecutor.java:65)
	at com.kms.katalon.core.main.TestSuiteExecutor.accessTestSuiteMainPhase(TestSuiteExecutor.java:150)
	at com.kms.katalon.core.main.TestSuiteExecutor.execute(TestSuiteExecutor.java:106)
	at com.kms.katalon.core.main.TestCaseMain.startTestSuite(TestCaseMain.java:180)
	at TempTestSuite1742797761676.run(TempTestSuite1742797761676.groovy:35)
	at java.base/jdk.internal.reflect.NativeMethodAccessorImpl.invoke0(Native Method)
	at java.base/jdk.internal.reflect.NativeMethodAccessorImpl.invoke(NativeMethodAccessorImpl.java:77)
	at java.base/jdk.internal.reflect.DelegatingMethodAccessorImpl.invoke(DelegatingMethodAccessorImpl.java:43)
Caused by: com.kms.katalon.core.webui.exception.WebElementNotFoundException: Web element with id: 'Object Repository/Выполнение бизнес-плана/Значения со страницы Выполнение бизнес-плана/Table Data/План Потери за отчётный период 1' located by '(.//*[normalize-space(text()) and normalize-space(.)='Показатели баланса электроэнергии по ДЗО – План'])[2]/following::td[35]' not found
	at com.kms.katalon.core.webui.common.WebUiCommonHelper.findWebElement(WebUiCommonHelper.java:1426)
	at com.kms.katalon.core.webui.keyword.internal.WebUIAbstractKeyword.findWebElement(WebUIAbstractKeyword.groovy:27)
	at com.kms.katalon.core.webui.keyword.internal.WebUIAbstractKeyword.findWebElement(WebUIAbstractKeyword.groovy:26)
	at com.kms.katalon.core.webui.keyword.builtin.GetTextKeyword$_getText_closure1.doCall(GetTextKeyword.groovy:78)
	at com.kms.katalon.core.webui.keyword.builtin.GetTextKeyword$_getText_closure1.call(GetTextKeyword.groovy)
	at com.kms.katalon.core.webui.keyword.internal.WebUIKeywordMain.runKeyword(WebUIKeywordMain.groovy:20)
	at com.kms.katalon.core.webui.keyword.builtin.GetTextKeyword.getText(GetTextKeyword.groovy:88)
	at com.kms.katalon.core.webui.keyword.builtin.GetTextKeyword.execute(GetTextKeyword.groovy:67)
	at com.kms.katalon.core.keyword.internal.KeywordExecutor.executeKeywordForPlatform(KeywordExecutor.groovy:74)
	at com.kms.katalon.core.webui.keyword.WebUiBuiltInKeywords.getText(WebUiBuiltInKeywords.groovy:957)
	at Script1719299571342.GetAllData(Script1719299571342.groovy:985)
	at Script1719299571342.run(Script1719299571342.groovy:156)
	... 15 more
)
[[ATTACHMENT|C:\\Users\\LIAZGINA-DI\\git\\SPORU\\Reports\\20250324_092921\\\u041F\u043D-\u0421\u0440-\u041F\u0442\\\u0421\u0432\u0435\u0440\u043A\u0430 \u0434\u0430\u0448\u0431\u043E\u0440\u0434\u043E\u0432 \u0438\u0437 \u0440\u0430\u0437\u043D\u044B\u0445 \u0431\u043B\u043E\u043A\u043E\u0432\\20250324_092921\\1742797996652.png]]

24-03-2025T09:33:16 - [MESSAGE][ERROR] - Test Cases/Сверки дашбордов/Выполнение бизнес-плана сверка дашбордов FAILED.
Reason:
java.lang.NullPointerException: Cannot invoke method replaceAll() on null object
	at Выполнение бизнес-плана сверка дашбордов.GetAllData(Выполнение бизнес-плана сверка дашбордов:985)
	at Выполнение бизнес-плана сверка дашбордов.run(Выполнение бизнес-плана сверка дашбордов:156)
	at com.kms.katalon.core.main.ScriptEngine.run(ScriptEngine.java:194)
	at com.kms.katalon.core.main.ScriptEngine.runScriptAsRawText(ScriptEngine.java:119)
	at com.kms.katalon.core.main.TestCaseExecutor.runScript(TestCaseExecutor.java:448)
	at com.kms.katalon.core.main.TestCaseExecutor.doExecute(TestCaseExecutor.java:439)
	at com.kms.katalon.core.main.TestCaseExecutor.processExecutionPhase(TestCaseExecutor.java:418)
	at com.kms.katalon.core.main.TestCaseExecutor.accessMainPhase(TestCaseExecutor.java:410)
	at com.kms.katalon.core.main.TestCaseExecutor.execute(TestCaseExecutor.java:285)
	at com.kms.katalon.core.common.CommonExecutor.accessTestCaseMainPhase(CommonExecutor.java:65)
	at com.kms.katalon.core.main.TestSuiteExecutor.accessTestSuiteMainPhase(TestSuiteExecutor.java:150)
	at com.kms.katalon.core.main.TestSuiteExecutor.execute(TestSuiteExecutor.java:106)
	at com.kms.katalon.core.main.TestCaseMain.startTestSuite(TestCaseMain.java:180)
	at TempTestSuite1742797761676.run(TempTestSuite1742797761676.groovy:35)
	at java.base/jdk.internal.reflect.NativeMethodAccessorImpl.invoke0(Native Method)
	at java.base/jdk.internal.reflect.NativeMethodAccessorImpl.invoke(NativeMethodAccessorImpl.java:77)
	at java.base/jdk.internal.reflect.DelegatingMethodAccessorImpl.invoke(DelegatingMethodAccessorImpl.java:43)]]></system-out>
         <system-err><![CDATA[24-03-2025T09:29:26 - [TEST_CASE][FAILED] - Test Cases/Сверки дашбордов/Выполнение бизнес-плана сверка дашбордов: Test Cases/Сверки дашбордов/Выполнение бизнес-плана сверка дашбордов FAILED.
Reason:
com.kms.katalon.core.exception.StepFailedException: Unable to get text of object 'Object Repository/Выполнение бизнес-плана/Значения со страницы Выполнение бизнес-плана/Table Data/План Потери за отчётный период 1' (Root cause: com.kms.katalon.core.exception.StepFailedException: Unable to get text of object 'Object Repository/Выполнение бизнес-плана/Значения со страницы Выполнение бизнес-плана/Table Data/План Потери за отчётный период 1'
	at com.kms.katalon.core.webui.keyword.internal.WebUIKeywordMain.stepFailed(WebUIKeywordMain.groovy:64)
	at com.kms.katalon.core.webui.keyword.internal.WebUIKeywordMain.runKeyword(WebUIKeywordMain.groovy:26)
	at com.kms.katalon.core.webui.keyword.builtin.GetTextKeyword.getText(GetTextKeyword.groovy:88)
	at com.kms.katalon.core.webui.keyword.builtin.GetTextKeyword.execute(GetTextKeyword.groovy:67)
	at com.kms.katalon.core.keyword.internal.KeywordExecutor.executeKeywordForPlatform(KeywordExecutor.groovy:74)
	at com.kms.katalon.core.webui.keyword.WebUiBuiltInKeywords.getText(WebUiBuiltInKeywords.groovy:957)
	at Выполнение бизнес-плана сверка дашбордов.GetAllData(Выполнение бизнес-плана сверка дашбордов:985)
	at Выполнение бизнес-плана сверка дашбордов.run(Выполнение бизнес-плана сверка дашбордов:156)
	at com.kms.katalon.core.main.ScriptEngine.run(ScriptEngine.java:194)
	at com.kms.katalon.core.main.ScriptEngine.runScriptAsRawText(ScriptEngine.java:119)
	at com.kms.katalon.core.main.TestCaseExecutor.runScript(TestCaseExecutor.java:448)
	at com.kms.katalon.core.main.TestCaseExecutor.doExecute(TestCaseExecutor.java:439)
	at com.kms.katalon.core.main.TestCaseExecutor.processExecutionPhase(TestCaseExecutor.java:418)
	at com.kms.katalon.core.main.TestCaseExecutor.accessMainPhase(TestCaseExecutor.java:410)
	at com.kms.katalon.core.main.TestCaseExecutor.execute(TestCaseExecutor.java:285)
	at com.kms.katalon.core.common.CommonExecutor.accessTestCaseMainPhase(CommonExecutor.java:65)
	at com.kms.katalon.core.main.TestSuiteExecutor.accessTestSuiteMainPhase(TestSuiteExecutor.java:150)
	at com.kms.katalon.core.main.TestSuiteExecutor.execute(TestSuiteExecutor.java:106)
	at com.kms.katalon.core.main.TestCaseMain.startTestSuite(TestCaseMain.java:180)
	at TempTestSuite1742797761676.run(TempTestSuite1742797761676.groovy:35)
	at java.base/jdk.internal.reflect.NativeMethodAccessorImpl.invoke0(Native Method)
	at java.base/jdk.internal.reflect.NativeMethodAccessorImpl.invoke(NativeMethodAccessorImpl.java:77)
	at java.base/jdk.internal.reflect.DelegatingMethodAccessorImpl.invoke(DelegatingMethodAccessorImpl.java:43)
Caused by: com.kms.katalon.core.webui.exception.WebElementNotFoundException: Web element with id: 'Object Repository/Выполнение бизнес-плана/Значения со страницы Выполнение бизнес-плана/Table Data/План Потери за отчётный период 1' located by '(.//*[normalize-space(text()) and normalize-space(.)='Показатели баланса электроэнергии по ДЗО – План'])[2]/following::td[35]' not found
	at com.kms.katalon.core.webui.common.WebUiCommonHelper.findWebElement(WebUiCommonHelper.java:1426)
	at com.kms.katalon.core.webui.keyword.internal.WebUIAbstractKeyword.findWebElement(WebUIAbstractKeyword.groovy:27)
	at com.kms.katalon.core.webui.keyword.internal.WebUIAbstractKeyword.findWebElement(WebUIAbstractKeyword.groovy:26)
	at com.kms.katalon.core.webui.keyword.builtin.GetTextKeyword$_getText_closure1.doCall(GetTextKeyword.groovy:78)
	at com.kms.katalon.core.webui.keyword.builtin.GetTextKeyword$_getText_closure1.call(GetTextKeyword.groovy)
	at com.kms.katalon.core.webui.keyword.internal.WebUIKeywordMain.runKeyword(WebUIKeywordMain.groovy:20)
	at com.kms.katalon.core.webui.keyword.builtin.GetTextKeyword.getText(GetTextKeyword.groovy:88)
	at com.kms.katalon.core.webui.keyword.builtin.GetTextKeyword.execute(GetTextKeyword.groovy:67)
	at com.kms.katalon.core.keyword.internal.KeywordExecutor.executeKeywordForPlatform(KeywordExecutor.groovy:74)
	at com.kms.katalon.core.webui.keyword.WebUiBuiltInKeywords.getText(WebUiBuiltInKeywords.groovy:957)
	at Script1719299571342.GetAllData(Script1719299571342.groovy:985)
	at Script1719299571342.run(Script1719299571342.groovy:156)
	... 15 more
)
	at com.kms.katalon.core.keyword.internal.KeywordMain.stepFailed(KeywordMain.groovy:39)
	at com.kms.katalon.core.webui.keyword.internal.WebUIKeywordMain.stepFailed(WebUIKeywordMain.groovy:64)
	at com.kms.katalon.core.webui.keyword.internal.WebUIKeywordMain.runKeyword(WebUIKeywordMain.groovy:26)
	at com.kms.katalon.core.webui.keyword.builtin.GetTextKeyword.getText(GetTextKeyword.groovy:88)
	at com.kms.katalon.core.webui.keyword.builtin.GetTextKeyword.execute(GetTextKeyword.groovy:67)
	at com.kms.katalon.core.keyword.internal.KeywordExecutor.executeKeywordForPlatform(KeywordExecutor.groovy:74)
	at com.kms.katalon.core.webui.keyword.WebUiBuiltInKeywords.getText(WebUiBuiltInKeywords.groovy:957)
	at Выполнение бизнес-плана сверка дашбордов.GetAllData(Выполнение бизнес-плана сверка дашбордов:985)
	at Выполнение бизнес-плана сверка дашбордов.run(Выполнение бизнес-плана сверка дашбордов:156)
	at com.kms.katalon.core.main.ScriptEngine.run(ScriptEngine.java:194)
	at com.kms.katalon.core.main.ScriptEngine.runScriptAsRawText(ScriptEngine.java:119)
	at com.kms.katalon.core.main.TestCaseExecutor.runScript(TestCaseExecutor.java:448)
	at com.kms.katalon.core.main.TestCaseExecutor.doExecute(TestCaseExecutor.java:439)
	at com.kms.katalon.core.main.TestCaseExecutor.processExecutionPhase(TestCaseExecutor.java:418)
	at com.kms.katalon.core.main.TestCaseExecutor.accessMainPhase(TestCaseExecutor.java:410)
	at com.kms.katalon.core.main.TestCaseExecutor.execute(TestCaseExecutor.java:285)
	at com.kms.katalon.core.common.CommonExecutor.accessTestCaseMainPhase(CommonExecutor.java:65)
	at com.kms.katalon.core.main.TestSuiteExecutor.accessTestSuiteMainPhase(TestSuiteExecutor.java:150)
	at com.kms.katalon.core.main.TestSuiteExecutor.execute(TestSuiteExecutor.java:106)
	at com.kms.katalon.core.main.TestCaseMain.startTestSuite(TestCaseMain.java:180)
	at TempTestSuite1742797761676.run(TempTestSuite1742797761676.groovy:35)
	at java.base/jdk.internal.reflect.NativeMethodAccessorImpl.invoke0(Native Method)
	at java.base/jdk.internal.reflect.NativeMethodAccessorImpl.invoke(NativeMethodAccessorImpl.java:77)
	at java.base/jdk.internal.reflect.DelegatingMethodAccessorImpl.invoke(DelegatingMethodAccessorImpl.java:43)
Caused by: com.kms.katalon.core.exception.StepFailedException: Unable to get text of object 'Object Repository/Выполнение бизнес-плана/Значения со страницы Выполнение бизнес-плана/Table Data/План Потери за отчётный период 1'
	... 23 more
Caused by: com.kms.katalon.core.webui.exception.WebElementNotFoundException: Web element with id: 'Object Repository/Выполнение бизнес-плана/Значения со страницы Выполнение бизнес-плана/Table Data/План Потери за отчётный период 1' located by '(.//*[normalize-space(text()) and normalize-space(.)='Показатели баланса электроэнергии по ДЗО – План'])[2]/following::td[35]' not found
	at com.kms.katalon.core.webui.common.WebUiCommonHelper.findWebElement(WebUiCommonHelper.java:1426)
	at com.kms.katalon.core.webui.keyword.internal.WebUIAbstractKeyword.findWebElement(WebUIAbstractKeyword.groovy:27)
	at com.kms.katalon.core.webui.keyword.internal.WebUIAbstractKeyword.findWebElement(WebUIAbstractKeyword.groovy:26)
	at com.kms.katalon.core.webui.keyword.builtin.GetTextKeyword$_getText_closure1.doCall(GetTextKeyword.groovy:78)
	at com.kms.katalon.core.webui.keyword.builtin.GetTextKeyword$_getText_closure1.call(GetTextKeyword.groovy)
	at com.kms.katalon.core.webui.keyword.internal.WebUIKeywordMain.runKeyword(WebUIKeywordMain.groovy:20)
	... 21 more]]></system-err>
      </testcase>
      <testcase name="Test Cases/Сверки дашбордов/Выручка в рублях сверка дашбордов ПАО Россети" time="5884.022" classname="Test Cases/Сверки дашбордов/Выручка в рублях сверка дашбордов ПАО Россети" status="PASSED">
         <system-out><![CDATA[24-03-2025T09:33:16 - [TEST_CASE][PASSED] - Test Cases/Сверки дашбордов/Выручка в рублях сверка дашбордов ПАО Россети: Test Cases/Сверки дашбордов/Выручка в рублях сверка дашбордов ПАО Россети

24-03-2025T09:33:17 - [TEST_STEP][PASSED] - date = new java.util.Date(): null

24-03-2025T09:33:17 - [TEST_STEP][PASSED] - todaysDate = date.format("dd.MM.yyyy"): null

24-03-2025T09:33:17 - [TEST_STEP][PASSED] - println(todaysDate): null

24-03-2025T09:33:17 - [TEST_STEP][PASSED] - run = 1: null

24-03-2025T09:33:17 - [TEST_STEP][PASSED] - vir = 1: null

24-03-2025T09:33:17 - [TEST_STEP][PASSED] - block = 1: null

24-03-2025T09:33:17 - [TEST_STEP][PASSED] - vidget = <not implemented yet for class: org.codehaus.groovy.ast.expr.EmptyExpression>: null

24-03-2025T09:33:17 - [TEST_STEP][PASSED] - nameOfBlock = <not implemented yet for class: org.codehaus.groovy.ast.expr.EmptyExpression>: null

24-03-2025T09:33:17 - [TEST_STEP][PASSED] - typeOfData = <not implemented yet for class: org.codehaus.groovy.ast.expr.EmptyExpression>: null

24-03-2025T09:33:17 - [TEST_STEP][PASSED] - viruchka = <not implemented yet for class: org.codehaus.groovy.ast.expr.EmptyExpression>: null

24-03-2025T09:33:17 - [TEST_STEP][PASSED] - a = <not implemented yet for class: org.codehaus.groovy.ast.expr.EmptyExpression>: null

24-03-2025T09:33:17 - [TEST_STEP][PASSED] - b = <not implemented yet for class: org.codehaus.groovy.ast.expr.EmptyExpression>: null

24-03-2025T09:33:17 - [TEST_STEP][PASSED] - x = <not implemented yet for class: org.codehaus.groovy.ast.expr.EmptyExpression>: null

24-03-2025T09:33:17 - [TEST_STEP][PASSED] - y = <not implemented yet for class: org.codehaus.groovy.ast.expr.EmptyExpression>: null

24-03-2025T09:33:17 - [TEST_STEP][PASSED] - dZO = "ПАО Россети": null

24-03-2025T09:33:17 - [TEST_STEP][PASSED] - for ([run = 1, run < 3, (run++)]): null

24-03-2025T09:33:17 - [TEST_STEP][PASSED] - Script1742558545601.ViruchkaChange(run, vir, block, nameOfBlock, typeOfData, viruchka, vidget, todaysDate, a, b, dZO, x, y): null

24-03-2025T09:33:17 - [TEST_STEP][PASSED] - for ([vir = 1, vir < 4, (vir++)]): null

24-03-2025T09:33:17 - [TEST_STEP][PASSED] - Script1742558545601.Blocks(run, vir, block, nameOfBlock, typeOfData, viruchka, vidget, todaysDate, a, b, dZO, x, y): null

24-03-2025T09:33:17 - [TEST_STEP][PASSED] - i = <not implemented yet for class: org.codehaus.groovy.ast.expr.EmptyExpression>: null

24-03-2025T09:33:17 - [TEST_STEP][PASSED] - perc = "": null

24-03-2025T09:33:17 - [TEST_STEP][PASSED] - a1 = <not implemented yet for class: org.codehaus.groovy.ast.expr.EmptyExpression>: null

24-03-2025T09:33:17 - [TEST_STEP][PASSED] - a2 = <not implemented yet for class: org.codehaus.groovy.ast.expr.EmptyExpression>: null

24-03-2025T09:33:17 - [TEST_STEP][PASSED] - a30 = <not implemented yet for class: org.codehaus.groovy.ast.expr.EmptyExpression>: null

24-03-2025T09:33:17 - [TEST_STEP][PASSED] - a31 = <not implemented yet for class: org.codehaus.groovy.ast.expr.EmptyExpression>: null

24-03-2025T09:33:17 - [TEST_STEP][PASSED] - a32 = <not implemented yet for class: org.codehaus.groovy.ast.expr.EmptyExpression>: null

24-03-2025T09:33:17 - [TEST_STEP][PASSED] - a33 = <not implemented yet for class: org.codehaus.groovy.ast.expr.EmptyExpression>: null

24-03-2025T09:33:17 - [TEST_STEP][PASSED] - a34 = <not implemented yet for class: org.codehaus.groovy.ast.expr.EmptyExpression>: null

24-03-2025T09:33:17 - [TEST_STEP][PASSED] - a35 = <not implemented yet for class: org.codehaus.groovy.ast.expr.EmptyExpression>: null

24-03-2025T09:33:17 - [TEST_STEP][PASSED] - a36 = <not implemented yet for class: org.codehaus.groovy.ast.expr.EmptyExpression>: null

24-03-2025T09:33:17 - [TEST_STEP][PASSED] - a37 = <not implemented yet for class: org.codehaus.groovy.ast.expr.EmptyExpression>: null

24-03-2025T09:33:17 - [TEST_STEP][PASSED] - a38 = <not implemented yet for class: org.codehaus.groovy.ast.expr.EmptyExpression>: null

24-03-2025T09:33:17 - [TEST_STEP][PASSED] - a39 = <not implemented yet for class: org.codehaus.groovy.ast.expr.EmptyExpression>: null

24-03-2025T09:33:17 - [TEST_STEP][PASSED] - a310 = <not implemented yet for class: org.codehaus.groovy.ast.expr.EmptyExpression>: null

24-03-2025T09:33:17 - [TEST_STEP][PASSED] - a311 = <not implemented yet for class: org.codehaus.groovy.ast.expr.EmptyExpression>: null

24-03-2025T09:33:17 - [TEST_STEP][PASSED] - a312 = <not implemented yet for class: org.codehaus.groovy.ast.expr.EmptyExpression>: null

24-03-2025T09:33:17 - [TEST_STEP][PASSED] - a313 = <not implemented yet for class: org.codehaus.groovy.ast.expr.EmptyExpression>: null

24-03-2025T09:33:17 - [TEST_STEP][PASSED] - a314 = <not implemented yet for class: org.codehaus.groovy.ast.expr.EmptyExpression>: null

24-03-2025T09:33:17 - [TEST_STEP][PASSED] - a315 = <not implemented yet for class: org.codehaus.groovy.ast.expr.EmptyExpression>: null

24-03-2025T09:33:17 - [TEST_STEP][PASSED] - a316 = <not implemented yet for class: org.codehaus.groovy.ast.expr.EmptyExpression>: null

24-03-2025T09:33:17 - [TEST_STEP][PASSED] - a317 = <not implemented yet for class: org.codehaus.groovy.ast.expr.EmptyExpression>: null

24-03-2025T09:33:17 - [TEST_STEP][PASSED] - a318 = <not implemented yet for class: org.codehaus.groovy.ast.expr.EmptyExpression>: null

24-03-2025T09:33:17 - [TEST_STEP][PASSED] - b1 = <not implemented yet for class: org.codehaus.groovy.ast.expr.EmptyExpression>: null

24-03-2025T09:33:17 - [TEST_STEP][PASSED] - b2 = <not implemented yet for class: org.codehaus.groovy.ast.expr.EmptyExpression>: null

24-03-2025T09:33:17 - [TEST_STEP][PASSED] - b30 = <not implemented yet for class: org.codehaus.groovy.ast.expr.EmptyExpression>: null

24-03-2025T09:33:17 - [TEST_STEP][PASSED] - b31 = <not implemented yet for class: org.codehaus.groovy.ast.expr.EmptyExpression>: null

24-03-2025T09:33:17 - [TEST_STEP][PASSED] - b32 = <not implemented yet for class: org.codehaus.groovy.ast.expr.EmptyExpression>: null

24-03-2025T09:33:17 - [TEST_STEP][PASSED] - b33 = <not implemented yet for class: org.codehaus.groovy.ast.expr.EmptyExpression>: null

24-03-2025T09:33:17 - [TEST_STEP][PASSED] - b34 = <not implemented yet for class: org.codehaus.groovy.ast.expr.EmptyExpression>: null

24-03-2025T09:33:17 - [TEST_STEP][PASSED] - b35 = <not implemented yet for class: org.codehaus.groovy.ast.expr.EmptyExpression>: null

24-03-2025T09:33:17 - [TEST_STEP][PASSED] - b36 = <not implemented yet for class: org.codehaus.groovy.ast.expr.EmptyExpression>: null

24-03-2025T09:33:17 - [TEST_STEP][PASSED] - b37 = <not implemented yet for class: org.codehaus.groovy.ast.expr.EmptyExpression>: null

24-03-2025T09:33:17 - [TEST_STEP][PASSED] - b38 = <not implemented yet for class: org.codehaus.groovy.ast.expr.EmptyExpression>: null

24-03-2025T09:33:17 - [TEST_STEP][PASSED] - b39 = <not implemented yet for class: org.codehaus.groovy.ast.expr.EmptyExpression>: null

24-03-2025T09:33:17 - [TEST_STEP][PASSED] - b310 = <not implemented yet for class: org.codehaus.groovy.ast.expr.EmptyExpression>: null

24-03-2025T09:33:17 - [TEST_STEP][PASSED] - b311 = <not implemented yet for class: org.codehaus.groovy.ast.expr.EmptyExpression>: null

24-03-2025T09:33:17 - [TEST_STEP][PASSED] - b312 = <not implemented yet for class: org.codehaus.groovy.ast.expr.EmptyExpression>: null

24-03-2025T09:33:17 - [TEST_STEP][PASSED] - b313 = <not implemented yet for class: org.codehaus.groovy.ast.expr.EmptyExpression>: null

24-03-2025T09:33:17 - [TEST_STEP][PASSED] - b314 = <not implemented yet for class: org.codehaus.groovy.ast.expr.EmptyExpression>: null

24-03-2025T09:33:17 - [TEST_STEP][PASSED] - b315 = <not implemented yet for class: org.codehaus.groovy.ast.expr.EmptyExpression>: null

24-03-2025T09:33:17 - [TEST_STEP][PASSED] - b316 = <not implemented yet for class: org.codehaus.groovy.ast.expr.EmptyExpression>: null

24-03-2025T09:33:17 - [TEST_STEP][PASSED] - b317 = <not implemented yet for class: org.codehaus.groovy.ast.expr.EmptyExpression>: null

24-03-2025T09:33:17 - [TEST_STEP][PASSED] - b318 = <not implemented yet for class: org.codehaus.groovy.ast.expr.EmptyExpression>: null

24-03-2025T09:33:17 - [TEST_STEP][PASSED] - block = 1: null

24-03-2025T09:33:17 - [TEST_STEP][PASSED] - nameOfBlock = "": null

24-03-2025T09:33:17 - [TEST_STEP][PASSED] - Script1742558545601.PreSettings(run, vir, block, nameOfBlock, typeOfData, todaysDate): null

24-03-2025T09:33:17 - [TEST_STEP][PASSED] - openBrowser(""): Browser is opened with url: ''

24-03-2025T09:33:17 - [MESSAGE][WARNING] - A browser is already opened. Closing browser and opening a new one

24-03-2025T09:33:17 - [MESSAGE][INFO] - Starting 'Chrome' driver

24-03-2025T09:33:17 - [MESSAGE][INFO] - Action delay is set to 0 milliseconds

24-03-2025T09:33:19 - [MESSAGE][PASSED] - Browser is opened with url: ''

24-03-2025T09:33:19 - [TEST_STEP][PASSED] - refresh(): Refresh successfully

24-03-2025T09:33:19 - [MESSAGE][PASSED] - Refresh successfully

24-03-2025T09:33:19 - [TEST_STEP][PASSED] - delay(50): Delayed 50 second(s)

24-03-2025T09:34:09 - [MESSAGE][PASSED] - Delayed 50 second(s)

24-03-2025T09:34:09 - [TEST_STEP][PASSED] - println("run:" + run): null

24-03-2025T09:34:09 - [TEST_STEP][PASSED] - println("vir:" + vir): null

24-03-2025T09:34:09 - [TEST_STEP][PASSED] - println("block:" + block): null

24-03-2025T09:34:09 - [TEST_STEP][PASSED] - if (block == 1): null

24-03-2025T09:34:09 - [TEST_STEP][PASSED] - nameOfBlock = "": null

24-03-2025T09:34:09 - [TEST_STEP][PASSED] - println("nameOfBlock:" + nameOfBlock): null

24-03-2025T09:34:09 - [TEST_STEP][PASSED] - println("typeOfData:" + typeOfData): null

24-03-2025T09:34:09 - [TEST_STEP][PASSED] - println("todaysDate:" + todaysDate): null

24-03-2025T09:34:09 - [TEST_STEP][PASSED] - Script1742558545601.Autorization(block, nameOfBlock): null

24-03-2025T09:34:09 - [TEST_STEP][PASSED] - i = <not implemented yet for class: org.codehaus.groovy.ast.expr.EmptyExpression>: null

24-03-2025T09:34:09 - [TEST_STEP][PASSED] - ii = <not implemented yet for class: org.codehaus.groovy.ast.expr.EmptyExpression>: null

24-03-2025T09:34:09 - [TEST_STEP][PASSED] - urlData = <not implemented yet for class: org.codehaus.groovy.ast.expr.EmptyExpression>: null

24-03-2025T09:34:09 - [TEST_STEP][PASSED] - searchWord = <not implemented yet for class: org.codehaus.groovy.ast.expr.EmptyExpression>: null

24-03-2025T09:34:09 - [TEST_STEP][PASSED] - urlText = <not implemented yet for class: org.codehaus.groovy.ast.expr.EmptyExpression>: null

24-03-2025T09:34:09 - [TEST_STEP][PASSED] - println("block:" + block): null

24-03-2025T09:34:09 - [TEST_STEP][PASSED] - if (block == 1): null

24-03-2025T09:34:09 - [TEST_STEP][PASSED] - nameOfBlock = "": null

24-03-2025T09:34:09 - [TEST_STEP][PASSED] - println("nameOfBlock:" + nameOfBlock): null

24-03-2025T09:34:09 - [TEST_STEP][PASSED] - if (block == 1): Delayed 45 second(s)

24-03-2025T09:34:09 - [TEST_STEP][PASSED] - urlData = 2: null

24-03-2025T09:34:09 - [TEST_STEP][PASSED] - delay(45): Delayed 45 second(s)

24-03-2025T09:34:54 - [MESSAGE][PASSED] - Delayed 45 second(s)

24-03-2025T09:34:54 - [TEST_STEP][PASSED] - navigateToUrl(findTestData("PlanFact").getValue(10, urlData)): Navigate to 'https://bi.rosseti.digital/viewer?dashboardGuid=2301950b23be4ed89c1df75f2020051e&sheetGuid=b723206f698544fb87299f3095c00435&fit=true' successfully

24-03-2025T09:35:00 - [MESSAGE][PASSED] - Navigate to 'https://bi.rosseti.digital/viewer?dashboardGuid=2301950b23be4ed89c1df75f2020051e&sheetGuid=b723206f698544fb87299f3095c00435&fit=true' successfully

24-03-2025T09:35:00 - [TEST_STEP][PASSED] - urlText = getText(findTestObject("Страница авторизации/Text")): Text of object 'Object Repository/Страница авторизации/Text' is: 'Вход'

24-03-2025T09:35:00 - [MESSAGE][PASSED] - Text of object 'Object Repository/Страница авторизации/Text' is: 'Вход'

24-03-2025T09:35:00 - [TEST_STEP][PASSED] - searchWord = "Вход": null

24-03-2025T09:35:00 - [TEST_STEP][PASSED] - if (urlText == null || urlText.contains("ошибка") || urlText.contains(searchWord) == false): null

24-03-2025T09:35:00 - [TEST_STEP][PASSED] - if (verifyElementPresent(findTestObject("Страница авторизации/button_"), 30) == true): null

24-03-2025T09:35:00 - [MESSAGE][PASSED] - Object 'Object Repository/Страница авторизации/button_' is present

24-03-2025T09:35:00 - [TEST_STEP][PASSED] - setText(findTestObject("Страница авторизации/input__username"), findTestData("PlanFact").getValue(8, 1)): Text 'liazgina-di' is set on object 'Object Repository/Страница авторизации/input__username'

24-03-2025T09:35:01 - [MESSAGE][PASSED] - Text 'liazgina-di' is set on object 'Object Repository/Страница авторизации/input__username'

24-03-2025T09:35:01 - [TEST_STEP][PASSED] - setText(findTestObject("Страница авторизации/input__password"), findTestData("PlanFact").getValue(9, 1)): Text ')$%5srZ8o688Dm#q' is set on object 'Object Repository/Страница авторизации/input__password'

24-03-2025T09:35:02 - [MESSAGE][PASSED] - Text ')$%5srZ8o688Dm#q' is set on object 'Object Repository/Страница авторизации/input__password'

24-03-2025T09:35:02 - [TEST_STEP][PASSED] - click(findTestObject("Страница авторизации/button_")): Object: 'Object Repository/Страница авторизации/button_' is clicked on

24-03-2025T09:35:03 - [MESSAGE][PASSED] - Object: 'Object Repository/Страница авторизации/button_' is clicked on

24-03-2025T09:35:03 - [TEST_STEP][PASSED] - delay(45): Delayed 45 second(s)

24-03-2025T09:35:49 - [MESSAGE][PASSED] - Delayed 45 second(s)

24-03-2025T09:35:49 - [TEST_STEP][PASSED] - urlText = getText(findTestObject("Страница авторизации/Text")): Text of object 'Object Repository/Страница авторизации/Text' is: 'Период
Январь 2025 года
Выручка
Все
Выполнение плановых показателей по ПАО Россети за Январь 2025 года
План
Факт
Динамика
2025 год
0 млн.руб.
20 000 млн.руб.
40 000 млн.руб.
60 000 млн.руб.
80 000 млн.руб.
100 000 млн.руб.
120 000 млн.руб.
140 000 млн.руб.
160 000 млн.руб.
180 000 млн.руб.
200 000 млн.руб.
163 377
157 865
↓
ДЗО 
ПАО Россети
Внутренний оборот - выручка за услуги по передаче электрической энергии, учтенная в выручке за электроэнергию для конечных потребителей, при выполнении ДЗО функций гарантирующего поставщика
Подписи данных
⬤Отклонение
АО "РЭС"
АО «Тываэнерго»
АО «Чеченэнерго»
Россети Волга
Россети Кубань
Россети Ленэнерго (ГК)
Россети Московский регион
Россети Северный Кавказ (ГК)
Россети Северо-Запад
Россети Сибирь (ГК)
Россети Томск
Россети Тюмень
Россети Урал (ГК)
Россети ФСК ЕЭС
Россети Центр
Россети Центр и Приволжье (ГК)
Россети Юг (ГК)
Россети Янтарь
-1 200 млн.руб.
-1 000 млн.руб.
- 800 млн.руб.
- 600 млн.руб.
- 400 млн.руб.
- 200 млн.руб.
0 млн.руб.
200 млн.руб.
400 млн.руб.
600 млн.руб.
-73
23
-83
-295
-54
-403
-927
-606
-251
348
-58
-1 104
-474
-59
-675
-613
-191
-19
млн.
%
Выручка
Отклонение выручки по ПАО Россети за Январь 2025 года (факт/план, млн. руб)
ПАО Россети
-5 512.4 млн.руб.
 '

24-03-2025T09:35:49 - [MESSAGE][PASSED] - Text of object 'Object Repository/Страница авторизации/Text' is: 'Период
Январь 2025 года
Выручка
Все
Выполнение плановых показателей по ПАО Россети за Январь 2025 года
План
Факт
Динамика
2025 год
0 млн.руб.
20 000 млн.руб.
40 000 млн.руб.
60 000 млн.руб.
80 000 млн.руб.
100 000 млн.руб.
120 000 млн.руб.
140 000 млн.руб.
160 000 млн.руб.
180 000 млн.руб.
200 000 млн.руб.
163 377
157 865
↓
ДЗО 
ПАО Россети
Внутренний оборот - выручка за услуги по передаче электрической энергии, учтенная в выручке за электроэнергию для конечных потребителей, при выполнении ДЗО функций гарантирующего поставщика
Подписи данных
⬤Отклонение
АО "РЭС"
АО «Тываэнерго»
АО «Чеченэнерго»
Россети Волга
Россети Кубань
Россети Ленэнерго (ГК)
Россети Московский регион
Россети Северный Кавказ (ГК)
Россети Северо-Запад
Россети Сибирь (ГК)
Россети Томск
Россети Тюмень
Россети Урал (ГК)
Россети ФСК ЕЭС
Россети Центр
Россети Центр и Приволжье (ГК)
Россети Юг (ГК)
Россети Янтарь
-1 200 млн.руб.
-1 000 млн.руб.
- 800 млн.руб.
- 600 млн.руб.
- 400 млн.руб.
- 200 млн.руб.
0 млн.руб.
200 млн.руб.
400 млн.руб.
600 млн.руб.
-73
23
-83
-295
-54
-403
-927
-606
-251
348
-58
-1 104
-474
-59
-675
-613
-191
-19
млн.
%
Выручка
Отклонение выручки по ПАО Россети за Январь 2025 года (факт/план, млн. руб)
ПАО Россети
-5 512.4 млн.руб.
 '

24-03-2025T09:35:49 - [TEST_STEP][PASSED] - searchWord = "а": null

24-03-2025T09:35:49 - [TEST_STEP][PASSED] - if (urlText.contains("ошибка") || urlText.contains(searchWord) == false): null

24-03-2025T09:35:49 - [TEST_STEP][PASSED] - delay(45): Delayed 45 second(s)

24-03-2025T09:36:34 - [MESSAGE][PASSED] - Delayed 45 second(s)

24-03-2025T09:36:34 - [TEST_STEP][PASSED] - if (block == 2): null

24-03-2025T09:36:34 - [TEST_STEP][PASSED] - click(findTestObject("Выручка в рублях/Фильтр Период" + nameOfBlock)): Object: 'Object Repository/Выручка в рублях/Фильтр Период' is clicked on

24-03-2025T09:36:35 - [MESSAGE][PASSED] - Object: 'Object Repository/Выручка в рублях/Фильтр Период' is clicked on

24-03-2025T09:36:35 - [TEST_STEP][PASSED] - click(findTestObject("Выручка в рублях/Снять выделение в фильтре Дата" + nameOfBlock)): Object: 'Object Repository/Выручка в рублях/Снять выделение в фильтре Дата' is clicked on

24-03-2025T09:36:35 - [MESSAGE][PASSED] - Object: 'Object Repository/Выручка в рублях/Снять выделение в фильтре Дата' is clicked on

24-03-2025T09:36:35 - [TEST_STEP][PASSED] - click(findTestObject("Выручка в рублях/Применить в фильтре Дата" + nameOfBlock)): Object: 'Object Repository/Выручка в рублях/Применить в фильтре Дата' is clicked on

24-03-2025T09:36:36 - [MESSAGE][PASSED] - Object: 'Object Repository/Выручка в рублях/Применить в фильтре Дата' is clicked on

24-03-2025T09:36:36 - [TEST_STEP][PASSED] - delay(50): Delayed 50 second(s)

24-03-2025T09:37:26 - [MESSAGE][PASSED] - Delayed 50 second(s)

24-03-2025T09:37:26 - [TEST_STEP][PASSED] - click(findTestObject("Выручка в рублях/Фильтр Период" + nameOfBlock)): Object: 'Object Repository/Выручка в рублях/Фильтр Период' is clicked on

24-03-2025T09:37:26 - [MESSAGE][PASSED] - Object: 'Object Repository/Выручка в рублях/Фильтр Период' is clicked on

24-03-2025T09:37:26 - [TEST_STEP][PASSED] - click(findTestObject("Выручка в рублях/Снять выделение в фильтре Дата" + nameOfBlock)): Object: 'Object Repository/Выручка в рублях/Снять выделение в фильтре Дата' is clicked on

24-03-2025T09:37:27 - [MESSAGE][PASSED] - Object: 'Object Repository/Выручка в рублях/Снять выделение в фильтре Дата' is clicked on

24-03-2025T09:37:27 - [TEST_STEP][PASSED] - scrollToElement(findTestObject("Выручка в рублях/2025 список" + nameOfBlock), 30): Scroll to object 'Object Repository/Выручка в рублях/2025 список' successfully

24-03-2025T09:37:27 - [MESSAGE][PASSED] - Scroll to object 'Object Repository/Выручка в рублях/2025 список' successfully

24-03-2025T09:37:27 - [TEST_STEP][PASSED] - click(findTestObject("Выручка в рублях/2025 список" + nameOfBlock)): Object: 'Object Repository/Выручка в рублях/2025 список' is clicked on

24-03-2025T09:37:27 - [MESSAGE][PASSED] - Object: 'Object Repository/Выручка в рублях/2025 список' is clicked on

24-03-2025T09:37:27 - [TEST_STEP][PASSED] - scrollToElement(findTestObject("Выручка в рублях/1 квартал 2025 список Выручка"), 30): Scroll to object 'Object Repository/Выручка в рублях/1 квартал 2025 список Выручка' successfully

24-03-2025T09:37:28 - [MESSAGE][PASSED] - Scroll to object 'Object Repository/Выручка в рублях/1 квартал 2025 список Выручка' successfully

24-03-2025T09:37:28 - [TEST_STEP][PASSED] - click(findTestObject("Выручка в рублях/1 квартал 2025 список" + nameOfBlock)): Object: 'Object Repository/Выручка в рублях/1 квартал 2025 список' is clicked on

24-03-2025T09:37:28 - [MESSAGE][PASSED] - Object: 'Object Repository/Выручка в рублях/1 квартал 2025 список' is clicked on

24-03-2025T09:37:28 - [TEST_STEP][PASSED] - scrollToElement(findTestObject("Выручка в рублях/Январь 2025" + nameOfBlock), 30): Scroll to object 'Object Repository/Выручка в рублях/Январь 2025' successfully

24-03-2025T09:37:28 - [MESSAGE][PASSED] - Scroll to object 'Object Repository/Выручка в рублях/Январь 2025' successfully

24-03-2025T09:37:28 - [TEST_STEP][PASSED] - click(findTestObject("Выручка в рублях/Январь 2025" + nameOfBlock)): Object: 'Object Repository/Выручка в рублях/Январь 2025' is clicked on

24-03-2025T09:37:29 - [MESSAGE][PASSED] - Object: 'Object Repository/Выручка в рублях/Январь 2025' is clicked on

24-03-2025T09:37:29 - [TEST_STEP][PASSED] - scrollToElement(findTestObject("Выручка в рублях/Заголовок дашборда" + nameOfBlock), 30): Scroll to object 'Object Repository/Выручка в рублях/Заголовок дашборда' successfully

24-03-2025T09:37:29 - [MESSAGE][PASSED] - Scroll to object 'Object Repository/Выручка в рублях/Заголовок дашборда' successfully

24-03-2025T09:37:29 - [TEST_STEP][PASSED] - click(findTestObject("Выручка в рублях/Применить в фильтре Дата" + nameOfBlock)): Object: 'Object Repository/Выручка в рублях/Применить в фильтре Дата' is clicked on

24-03-2025T09:37:30 - [MESSAGE][PASSED] - Object: 'Object Repository/Выручка в рублях/Применить в фильтре Дата' is clicked on

24-03-2025T09:37:30 - [TEST_STEP][PASSED] - delay(55): Delayed 55 second(s)

24-03-2025T09:38:25 - [MESSAGE][PASSED] - Delayed 55 second(s)

24-03-2025T09:38:25 - [TEST_STEP][PASSED] - click(findTestObject("Выручка в рублях/Фильтр ДЗО" + nameOfBlock)): Object: 'Object Repository/Выручка в рублях/Фильтр ДЗО' is clicked on

24-03-2025T09:38:25 - [MESSAGE][PASSED] - Object: 'Object Repository/Выручка в рублях/Фильтр ДЗО' is clicked on

24-03-2025T09:38:25 - [TEST_STEP][PASSED] - click(findTestObject("Выручка в рублях/Снять выделение в фильтре ДЗО" + nameOfBlock)): Object: 'Object Repository/Выручка в рублях/Снять выделение в фильтре ДЗО' is clicked on

24-03-2025T09:38:26 - [MESSAGE][PASSED] - Object: 'Object Repository/Выручка в рублях/Снять выделение в фильтре ДЗО' is clicked on

24-03-2025T09:38:26 - [TEST_STEP][PASSED] - click(findTestObject("Выручка в рублях/Применить в фильтре ДЗО" + nameOfBlock)): Object: 'Object Repository/Выручка в рублях/Применить в фильтре ДЗО' is clicked on

24-03-2025T09:38:26 - [MESSAGE][PASSED] - Object: 'Object Repository/Выручка в рублях/Применить в фильтре ДЗО' is clicked on

24-03-2025T09:38:26 - [TEST_STEP][PASSED] - delay(50): Delayed 50 second(s)

24-03-2025T09:39:16 - [MESSAGE][PASSED] - Delayed 50 second(s)

24-03-2025T09:39:16 - [TEST_STEP][PASSED] - Script1742558545601.Tumbler(run, vir, block, nameOfBlock): null

24-03-2025T09:39:16 - [TEST_STEP][PASSED] - println("run:" + run): null

24-03-2025T09:39:16 - [TEST_STEP][PASSED] - println("vir:" + vir): null

24-03-2025T09:39:16 - [TEST_STEP][PASSED] - println("block:" + block): null

24-03-2025T09:39:16 - [TEST_STEP][PASSED] - println("nameOfBlock:" + nameOfBlock): null

24-03-2025T09:39:16 - [TEST_STEP][PASSED] - if (vir == 1): null

24-03-2025T09:39:16 - [TEST_STEP][PASSED] - if (run == 2): null

24-03-2025T09:39:16 - [TEST_STEP][PASSED] - click(findTestObject("Выручка в рублях/Фильтр ДЗО" + nameOfBlock)): Object: 'Object Repository/Выручка в рублях/Фильтр ДЗО' is clicked on

24-03-2025T09:39:17 - [MESSAGE][PASSED] - Object: 'Object Repository/Выручка в рублях/Фильтр ДЗО' is clicked on

24-03-2025T09:39:17 - [TEST_STEP][PASSED] - Script1742558545601.Rosseti(nameOfBlock): null

24-03-2025T09:39:17 - [TEST_STEP][PASSED] - println("nameOfBlock:" + nameOfBlock): null

24-03-2025T09:39:17 - [TEST_STEP][PASSED] - click(findTestObject("Выручка в рублях/ПАО Россети" + nameOfBlock)): Object: 'Object Repository/Выручка в рублях/ПАО Россети' is clicked on

24-03-2025T09:39:17 - [MESSAGE][PASSED] - Object: 'Object Repository/Выручка в рублях/ПАО Россети' is clicked on

24-03-2025T09:39:17 - [TEST_STEP][PASSED] - click(findTestObject("Выручка в рублях/Применить в фильтре ДЗО" + nameOfBlock)): Object: 'Object Repository/Выручка в рублях/Применить в фильтре ДЗО' is clicked on

24-03-2025T09:39:18 - [MESSAGE][PASSED] - Object: 'Object Repository/Выручка в рублях/Применить в фильтре ДЗО' is clicked on

24-03-2025T09:39:18 - [TEST_STEP][PASSED] - if (run == 2): null

24-03-2025T09:39:18 - [TEST_STEP][PASSED] - if (vir == 1 || vir == 2): Text of object 'Object Repository/Выручка в рублях/График План' is: '163 377'

24-03-2025T09:39:18 - [TEST_STEP][PASSED] - a1 = getText(findTestObject("Выручка в рублях/График План")): Text of object 'Object Repository/Выручка в рублях/График План' is: '163 377'

24-03-2025T09:39:19 - [MESSAGE][PASSED] - Text of object 'Object Repository/Выручка в рублях/График План' is: '163 377'

24-03-2025T09:39:19 - [TEST_STEP][PASSED] - if (vir == 1 || vir == 2): Text of object 'Object Repository/Выручка в рублях/График Факт' is: '157 865'

24-03-2025T09:39:19 - [TEST_STEP][PASSED] - a2 = getText(findTestObject("Выручка в рублях/График Факт")): Text of object 'Object Repository/Выручка в рублях/График Факт' is: '157 865'

24-03-2025T09:39:19 - [MESSAGE][PASSED] - Text of object 'Object Repository/Выручка в рублях/График Факт' is: '157 865'

24-03-2025T09:39:19 - [TEST_STEP][PASSED] - a30 = getText(findTestObject("Выручка в рублях/span1" + perc)): Text of object 'Object Repository/Выручка в рублях/span1' is: '-5 512.4 млн.руб.'

24-03-2025T09:39:19 - [MESSAGE][PASSED] - Text of object 'Object Repository/Выручка в рублях/span1' is: '-5 512.4 млн.руб.'

24-03-2025T09:39:19 - [TEST_STEP][PASSED] - i = a30.indexOf("млн.руб."): null

24-03-2025T09:39:19 - [TEST_STEP][PASSED] - if (i > -1): null

24-03-2025T09:39:19 - [TEST_STEP][PASSED] - a30 = a30.substring(0, i): null

24-03-2025T09:39:19 - [TEST_STEP][PASSED] - a30 = a30.replaceAll(" ", ""): null

24-03-2025T09:39:19 - [TEST_STEP][PASSED] - if (a30.contains("%")): null

24-03-2025T09:39:19 - [TEST_STEP][PASSED] - a30 = ").trim(): null

24-03-2025T09:39:19 - [TEST_STEP][PASSED] - println("a30: " + a30): null

24-03-2025T09:39:19 - [TEST_STEP][PASSED] - if (vir == 1): Text of object 'Object Repository/Выручка в рублях/span19' is: '-19'

24-03-2025T09:39:19 - [TEST_STEP][PASSED] - a31 = ").trim(): Text of object 'Object Repository/Выручка в рублях/span2' is: '-73'

24-03-2025T09:39:20 - [MESSAGE][PASSED] - Text of object 'Object Repository/Выручка в рублях/span2' is: '-73'

24-03-2025T09:39:20 - [TEST_STEP][PASSED] - a32 = ").trim(): Text of object 'Object Repository/Выручка в рублях/span3' is: '23'

24-03-2025T09:39:20 - [MESSAGE][PASSED] - Text of object 'Object Repository/Выручка в рублях/span3' is: '23'

24-03-2025T09:39:20 - [TEST_STEP][PASSED] - a33 = ").trim(): Text of object 'Object Repository/Выручка в рублях/span4' is: '-83'

24-03-2025T09:39:20 - [MESSAGE][PASSED] - Text of object 'Object Repository/Выручка в рублях/span4' is: '-83'

24-03-2025T09:39:20 - [TEST_STEP][PASSED] - a34 = ").trim(): Text of object 'Object Repository/Выручка в рублях/span5' is: '-295'

24-03-2025T09:39:20 - [MESSAGE][PASSED] - Text of object 'Object Repository/Выручка в рублях/span5' is: '-295'

24-03-2025T09:39:20 - [TEST_STEP][PASSED] - a35 = ").trim(): Text of object 'Object Repository/Выручка в рублях/span6' is: '-54'

24-03-2025T09:39:21 - [MESSAGE][PASSED] - Text of object 'Object Repository/Выручка в рублях/span6' is: '-54'

24-03-2025T09:39:21 - [TEST_STEP][PASSED] - a36 = ").trim(): Text of object 'Object Repository/Выручка в рублях/span7' is: '-403'

24-03-2025T09:39:21 - [MESSAGE][PASSED] - Text of object 'Object Repository/Выручка в рублях/span7' is: '-403'

24-03-2025T09:39:21 - [TEST_STEP][PASSED] - a37 = ").trim(): Text of object 'Object Repository/Выручка в рублях/span8' is: '-927'

24-03-2025T09:39:21 - [MESSAGE][PASSED] - Text of object 'Object Repository/Выручка в рублях/span8' is: '-927'

24-03-2025T09:39:21 - [TEST_STEP][PASSED] - a38 = ").trim(): Text of object 'Object Repository/Выручка в рублях/span9' is: '-606'

24-03-2025T09:39:22 - [MESSAGE][PASSED] - Text of object 'Object Repository/Выручка в рублях/span9' is: '-606'

24-03-2025T09:39:22 - [TEST_STEP][PASSED] - a39 = ").trim(): Text of object 'Object Repository/Выручка в рублях/span10' is: '-251'

24-03-2025T09:39:22 - [MESSAGE][PASSED] - Text of object 'Object Repository/Выручка в рублях/span10' is: '-251'

24-03-2025T09:39:22 - [TEST_STEP][PASSED] - a310 = ").trim(): Text of object 'Object Repository/Выручка в рублях/span11' is: '348'

24-03-2025T09:39:22 - [MESSAGE][PASSED] - Text of object 'Object Repository/Выручка в рублях/span11' is: '348'

24-03-2025T09:39:22 - [TEST_STEP][PASSED] - a311 = ").trim(): Text of object 'Object Repository/Выручка в рублях/span12' is: '-58'

24-03-2025T09:39:22 - [MESSAGE][PASSED] - Text of object 'Object Repository/Выручка в рублях/span12' is: '-58'

24-03-2025T09:39:22 - [TEST_STEP][PASSED] - a312 = ").trim(): Text of object 'Object Repository/Выручка в рублях/span13' is: '-1 104'

24-03-2025T09:39:23 - [MESSAGE][PASSED] - Text of object 'Object Repository/Выручка в рублях/span13' is: '-1 104'

24-03-2025T09:39:23 - [TEST_STEP][PASSED] - a313 = ").trim(): Text of object 'Object Repository/Выручка в рублях/span14' is: '-474'

24-03-2025T09:39:23 - [MESSAGE][PASSED] - Text of object 'Object Repository/Выручка в рублях/span14' is: '-474'

24-03-2025T09:39:23 - [TEST_STEP][PASSED] - a314 = ").trim(): Text of object 'Object Repository/Выручка в рублях/span15' is: '-59'

24-03-2025T09:39:23 - [MESSAGE][PASSED] - Text of object 'Object Repository/Выручка в рублях/span15' is: '-59'

24-03-2025T09:39:23 - [TEST_STEP][PASSED] - a315 = ").trim(): Text of object 'Object Repository/Выручка в рублях/span16' is: '-675'

24-03-2025T09:39:24 - [MESSAGE][PASSED] - Text of object 'Object Repository/Выручка в рублях/span16' is: '-675'

24-03-2025T09:39:24 - [TEST_STEP][PASSED] - a316 = ").trim(): Text of object 'Object Repository/Выручка в рублях/span17' is: '-613'

24-03-2025T09:39:24 - [MESSAGE][PASSED] - Text of object 'Object Repository/Выручка в рублях/span17' is: '-613'

24-03-2025T09:39:24 - [TEST_STEP][PASSED] - a317 = ").trim(): Text of object 'Object Repository/Выручка в рублях/span18' is: '-191'

24-03-2025T09:39:24 - [MESSAGE][PASSED] - Text of object 'Object Repository/Выручка в рублях/span18' is: '-191'

24-03-2025T09:39:24 - [TEST_STEP][PASSED] - a318 = ").trim(): Text of object 'Object Repository/Выручка в рублях/span19' is: '-19'

24-03-2025T09:39:24 - [MESSAGE][PASSED] - Text of object 'Object Repository/Выручка в рублях/span19' is: '-19'

24-03-2025T09:39:24 - [TEST_STEP][PASSED] - block = 2: null

24-03-2025T09:39:24 - [TEST_STEP][PASSED] - nameOfBlock = " Выручка": null

24-03-2025T09:39:24 - [TEST_STEP][PASSED] - Script1742558545601.PreSettings(run, vir, block, nameOfBlock, typeOfData, todaysDate): null

24-03-2025T09:39:24 - [TEST_STEP][PASSED] - openBrowser(""): Browser is opened with url: ''

24-03-2025T09:39:24 - [MESSAGE][WARNING] - A browser is already opened. Closing browser and opening a new one

24-03-2025T09:39:25 - [MESSAGE][INFO] - Starting 'Chrome' driver

24-03-2025T09:39:25 - [MESSAGE][INFO] - Action delay is set to 0 milliseconds

24-03-2025T09:39:26 - [MESSAGE][PASSED] - Browser is opened with url: ''

24-03-2025T09:39:26 - [TEST_STEP][PASSED] - refresh(): Refresh successfully

24-03-2025T09:39:26 - [MESSAGE][PASSED] - Refresh successfully

24-03-2025T09:39:26 - [TEST_STEP][PASSED] - delay(50): Delayed 50 second(s)

24-03-2025T09:40:16 - [MESSAGE][PASSED] - Delayed 50 second(s)

24-03-2025T09:40:16 - [TEST_STEP][PASSED] - println("run:" + run): null

24-03-2025T09:40:16 - [TEST_STEP][PASSED] - println("vir:" + vir): null

24-03-2025T09:40:16 - [TEST_STEP][PASSED] - println("block:" + block): null

24-03-2025T09:40:16 - [TEST_STEP][PASSED] - if (block == 1): null

24-03-2025T09:40:16 - [TEST_STEP][PASSED] - else: null

24-03-2025T09:40:16 - [TEST_STEP][PASSED] - nameOfBlock = " Выручка": null

24-03-2025T09:40:16 - [TEST_STEP][PASSED] - println("nameOfBlock:" + nameOfBlock): null

24-03-2025T09:40:16 - [TEST_STEP][PASSED] - println("typeOfData:" + typeOfData): null

24-03-2025T09:40:16 - [TEST_STEP][PASSED] - println("todaysDate:" + todaysDate): null

24-03-2025T09:40:16 - [TEST_STEP][PASSED] - Script1742558545601.Autorization(block, nameOfBlock): null

24-03-2025T09:40:16 - [TEST_STEP][PASSED] - i = <not implemented yet for class: org.codehaus.groovy.ast.expr.EmptyExpression>: null

24-03-2025T09:40:16 - [TEST_STEP][PASSED] - ii = <not implemented yet for class: org.codehaus.groovy.ast.expr.EmptyExpression>: null

24-03-2025T09:40:16 - [TEST_STEP][PASSED] - urlData = <not implemented yet for class: org.codehaus.groovy.ast.expr.EmptyExpression>: null

24-03-2025T09:40:16 - [TEST_STEP][PASSED] - searchWord = <not implemented yet for class: org.codehaus.groovy.ast.expr.EmptyExpression>: null

24-03-2025T09:40:16 - [TEST_STEP][PASSED] - urlText = <not implemented yet for class: org.codehaus.groovy.ast.expr.EmptyExpression>: null

24-03-2025T09:40:16 - [TEST_STEP][PASSED] - println("block:" + block): null

24-03-2025T09:40:16 - [TEST_STEP][PASSED] - if (block == 1): null

24-03-2025T09:40:16 - [TEST_STEP][PASSED] - else: null

24-03-2025T09:40:16 - [TEST_STEP][PASSED] - delay(45): Delayed 45 second(s)

24-03-2025T09:41:01 - [MESSAGE][PASSED] - Delayed 45 second(s)

24-03-2025T09:41:01 - [TEST_STEP][PASSED] - nameOfBlock = " Выручка": null

24-03-2025T09:41:01 - [TEST_STEP][PASSED] - println("nameOfBlock:" + nameOfBlock): null

24-03-2025T09:41:01 - [TEST_STEP][PASSED] - if (block == 1): null

24-03-2025T09:41:01 - [TEST_STEP][PASSED] - else: Delayed 45 second(s)

24-03-2025T09:41:01 - [TEST_STEP][PASSED] - urlData = 9: null

24-03-2025T09:41:01 - [TEST_STEP][PASSED] - delay(45): Delayed 45 second(s)

24-03-2025T09:41:46 - [MESSAGE][PASSED] - Delayed 45 second(s)

24-03-2025T09:41:46 - [TEST_STEP][PASSED] - navigateToUrl(findTestData("PlanFact").getValue(10, urlData)): Navigate to 'https://bi.rosseti.digital/viewer?dashboardGuid=a1fd28b3785d443cbc4d7690a1d78e31&sheetGuid=86092a20c5984827a0c87b24cac76a50&fit=true' successfully

24-03-2025T09:41:50 - [MESSAGE][PASSED] - Navigate to 'https://bi.rosseti.digital/viewer?dashboardGuid=a1fd28b3785d443cbc4d7690a1d78e31&sheetGuid=86092a20c5984827a0c87b24cac76a50&fit=true' successfully

24-03-2025T09:41:50 - [TEST_STEP][PASSED] - urlText = getText(findTestObject("Страница авторизации/Text")): Text of object 'Object Repository/Страница авторизации/Text' is: 'Вход'

24-03-2025T09:41:52 - [MESSAGE][PASSED] - Text of object 'Object Repository/Страница авторизации/Text' is: 'Вход'

24-03-2025T09:41:52 - [TEST_STEP][PASSED] - searchWord = "Вход": null

24-03-2025T09:41:52 - [TEST_STEP][PASSED] - if (urlText == null || urlText.contains("ошибка") || urlText.contains(searchWord) == false): null

24-03-2025T09:41:52 - [TEST_STEP][PASSED] - if (verifyElementPresent(findTestObject("Страница авторизации/button_"), 30) == true): null

24-03-2025T09:41:52 - [MESSAGE][PASSED] - Object 'Object Repository/Страница авторизации/button_' is present

24-03-2025T09:41:52 - [TEST_STEP][PASSED] - setText(findTestObject("Страница авторизации/input__username"), findTestData("PlanFact").getValue(8, 1)): Text 'liazgina-di' is set on object 'Object Repository/Страница авторизации/input__username'

24-03-2025T09:41:53 - [MESSAGE][PASSED] - Text 'liazgina-di' is set on object 'Object Repository/Страница авторизации/input__username'

24-03-2025T09:41:53 - [TEST_STEP][PASSED] - setText(findTestObject("Страница авторизации/input__password"), findTestData("PlanFact").getValue(9, 1)): Text ')$%5srZ8o688Dm#q' is set on object 'Object Repository/Страница авторизации/input__password'

24-03-2025T09:41:54 - [MESSAGE][PASSED] - Text ')$%5srZ8o688Dm#q' is set on object 'Object Repository/Страница авторизации/input__password'

24-03-2025T09:41:54 - [TEST_STEP][PASSED] - click(findTestObject("Страница авторизации/button_")): Object: 'Object Repository/Страница авторизации/button_' is clicked on

24-03-2025T09:41:55 - [MESSAGE][PASSED] - Object: 'Object Repository/Страница авторизации/button_' is clicked on

24-03-2025T09:41:55 - [TEST_STEP][PASSED] - delay(45): Delayed 45 second(s)

24-03-2025T09:42:40 - [MESSAGE][PASSED] - Delayed 45 second(s)

24-03-2025T09:42:40 - [TEST_STEP][PASSED] - urlText = getText(findTestObject("Страница авторизации/Text")): Text of object 'Object Repository/Страница авторизации/Text' is: 'Период
2025 - 1 квартал - Январь
Выручка
Все
Выполнение плановых показателей, млн.руб.
План
Факт
Динамика
2025 год
0 млн.руб.
20 000 млн.руб.
40 000 млн.руб.
60 000 млн.руб.
80 000 млн.руб.
100 000 млн.руб.
120 000 млн.руб.
140 000 млн.руб.
160 000 млн.руб.
180 000 млн.руб.
200 000 млн.руб.
163 377
157 865
↓
ДЗО 
Все
Подписи данных
⬤Отклонение
АО "РЭС"
АО «Тываэнерго»
АО «Чеченэнерго»
Россети Волга
Россети Кубань
Россети Ленэнерго (ГК)
Россети Московский регион
Россети Северный Кавказ (ГК)
Россети Северо-Запад
Россети Сибирь (ГК)
Россети Томск
Россети Тюмень
Россети Урал (ГК)
Россети ФСК ЕЭС
Россети Центр
Россети Центр и Приволжье (ГК)
Россети Юг (ГК)
Россети Янтарь
-1 200млн.руб.
-1 000млн.руб.
-800млн.руб.
-600млн.руб.
-400млн.руб.
-200млн.руб.
0 млн.руб.
200млн.руб.
400млн.руб.
600 …
-73
23
-83
-295
-54
-403
-927
-606
-251
348
-58
-1 104
-474
-59
-675
-613
-191
-19
млн.
%
Выручка
Отклонение выручки (факт/план, млн. руб) 
ПАО Россети
-5 512.4 млн.руб.
Статус данных
×
Просьба обратить внимание
Данные занесены и согласованы не полностью
ВЫБРАННЫЕ ЗНАЧЕНИЯ ФИЛЬТРОВ
ДЗО | ПЕРИОД
ПАО Россети: [«Выбраны все филиалы по всем ДЗО по всем категориям»]
2025: [Янв]
*Внутренний оборот'

24-03-2025T09:42:41 - [MESSAGE][PASSED] - Text of object 'Object Repository/Страница авторизации/Text' is: 'Период
2025 - 1 квартал - Январь
Выручка
Все
Выполнение плановых показателей, млн.руб.
План
Факт
Динамика
2025 год
0 млн.руб.
20 000 млн.руб.
40 000 млн.руб.
60 000 млн.руб.
80 000 млн.руб.
100 000 млн.руб.
120 000 млн.руб.
140 000 млн.руб.
160 000 млн.руб.
180 000 млн.руб.
200 000 млн.руб.
163 377
157 865
↓
ДЗО 
Все
Подписи данных
⬤Отклонение
АО "РЭС"
АО «Тываэнерго»
АО «Чеченэнерго»
Россети Волга
Россети Кубань
Россети Ленэнерго (ГК)
Россети Московский регион
Россети Северный Кавказ (ГК)
Россети Северо-Запад
Россети Сибирь (ГК)
Россети Томск
Россети Тюмень
Россети Урал (ГК)
Россети ФСК ЕЭС
Россети Центр
Россети Центр и Приволжье (ГК)
Россети Юг (ГК)
Россети Янтарь
-1 200млн.руб.
-1 000млн.руб.
-800млн.руб.
-600млн.руб.
-400млн.руб.
-200млн.руб.
0 млн.руб.
200млн.руб.
400млн.руб.
600 …
-73
23
-83
-295
-54
-403
-927
-606
-251
348
-58
-1 104
-474
-59
-675
-613
-191
-19
млн.
%
Выручка
Отклонение выручки (факт/план, млн. руб) 
ПАО Россети
-5 512.4 млн.руб.
Статус данных
×
Просьба обратить внимание
Данные занесены и согласованы не полностью
ВЫБРАННЫЕ ЗНАЧЕНИЯ ФИЛЬТРОВ
ДЗО | ПЕРИОД
ПАО Россети: [«Выбраны все филиалы по всем ДЗО по всем категориям»]
2025: [Янв]
*Внутренний оборот'

24-03-2025T09:42:41 - [TEST_STEP][PASSED] - searchWord = "а": null

24-03-2025T09:42:41 - [TEST_STEP][PASSED] - if (urlText.contains("ошибка") || urlText.contains(searchWord) == false): null

24-03-2025T09:42:41 - [TEST_STEP][PASSED] - delay(45): Delayed 45 second(s)

24-03-2025T09:43:26 - [MESSAGE][PASSED] - Delayed 45 second(s)

24-03-2025T09:43:26 - [TEST_STEP][PASSED] - if (block == 2): Delayed 50 second(s)

24-03-2025T09:43:26 - [TEST_STEP][PASSED] - opoveshenie = getText(findTestObject("Выручка в рублях/Просьба обратить внимание")): Text of object 'Object Repository/Выручка в рублях/Просьба обратить внимание' is: 'Просьба обратить внимание'

24-03-2025T09:43:26 - [MESSAGE][PASSED] - Text of object 'Object Repository/Выручка в рублях/Просьба обратить внимание' is: 'Просьба обратить внимание'

24-03-2025T09:43:26 - [TEST_STEP][PASSED] - if (opoveshenie == "Просьба обратить внимание"): Delayed 50 second(s)

24-03-2025T09:43:26 - [TEST_STEP][PASSED] - click(findTestObject("Выручка в рублях/Закрыть оповещение")): Object: 'Object Repository/Выручка в рублях/Закрыть оповещение' is clicked on

24-03-2025T09:43:26 - [MESSAGE][PASSED] - Object: 'Object Repository/Выручка в рублях/Закрыть оповещение' is clicked on

24-03-2025T09:43:26 - [TEST_STEP][PASSED] - delay(50): Delayed 50 second(s)

24-03-2025T09:44:16 - [MESSAGE][PASSED] - Delayed 50 second(s)

24-03-2025T09:44:16 - [TEST_STEP][PASSED] - click(findTestObject("Выручка в рублях/Фильтр Период" + nameOfBlock)): Object: 'Object Repository/Выручка в рублях/Фильтр Период Выручка' is clicked on

24-03-2025T09:44:17 - [MESSAGE][PASSED] - Object: 'Object Repository/Выручка в рублях/Фильтр Период Выручка' is clicked on

24-03-2025T09:44:17 - [TEST_STEP][PASSED] - click(findTestObject("Выручка в рублях/Снять выделение в фильтре Дата" + nameOfBlock)): Object: 'Object Repository/Выручка в рублях/Снять выделение в фильтре Дата Выручка' is clicked on

24-03-2025T09:44:17 - [MESSAGE][PASSED] - Object: 'Object Repository/Выручка в рублях/Снять выделение в фильтре Дата Выручка' is clicked on

24-03-2025T09:44:17 - [TEST_STEP][PASSED] - click(findTestObject("Выручка в рублях/Применить в фильтре Дата" + nameOfBlock)): Object: 'Object Repository/Выручка в рублях/Применить в фильтре Дата Выручка' is clicked on

24-03-2025T09:44:18 - [MESSAGE][PASSED] - Object: 'Object Repository/Выручка в рублях/Применить в фильтре Дата Выручка' is clicked on

24-03-2025T09:44:18 - [TEST_STEP][PASSED] - delay(50): Delayed 50 second(s)

24-03-2025T09:45:08 - [MESSAGE][PASSED] - Delayed 50 second(s)

24-03-2025T09:45:08 - [TEST_STEP][PASSED] - click(findTestObject("Выручка в рублях/Фильтр Период" + nameOfBlock)): Object: 'Object Repository/Выручка в рублях/Фильтр Период Выручка' is clicked on

24-03-2025T09:45:08 - [MESSAGE][PASSED] - Object: 'Object Repository/Выручка в рублях/Фильтр Период Выручка' is clicked on

24-03-2025T09:45:08 - [TEST_STEP][PASSED] - click(findTestObject("Выручка в рублях/Снять выделение в фильтре Дата" + nameOfBlock)): Object: 'Object Repository/Выручка в рублях/Снять выделение в фильтре Дата Выручка' is clicked on

24-03-2025T09:45:09 - [MESSAGE][PASSED] - Object: 'Object Repository/Выручка в рублях/Снять выделение в фильтре Дата Выручка' is clicked on

24-03-2025T09:45:09 - [TEST_STEP][PASSED] - scrollToElement(findTestObject("Выручка в рублях/2025 список" + nameOfBlock), 30): Scroll to object 'Object Repository/Выручка в рублях/2025 список Выручка' successfully

24-03-2025T09:45:09 - [MESSAGE][PASSED] - Scroll to object 'Object Repository/Выручка в рублях/2025 список Выручка' successfully

24-03-2025T09:45:09 - [TEST_STEP][PASSED] - click(findTestObject("Выручка в рублях/2025 список" + nameOfBlock)): Object: 'Object Repository/Выручка в рублях/2025 список Выручка' is clicked on

24-03-2025T09:45:09 - [MESSAGE][PASSED] - Object: 'Object Repository/Выручка в рублях/2025 список Выручка' is clicked on

24-03-2025T09:45:09 - [TEST_STEP][PASSED] - scrollToElement(findTestObject("Выручка в рублях/1 квартал 2025 список Выручка"), 30): Scroll to object 'Object Repository/Выручка в рублях/1 квартал 2025 список Выручка' successfully

24-03-2025T09:45:10 - [MESSAGE][PASSED] - Scroll to object 'Object Repository/Выручка в рублях/1 квартал 2025 список Выручка' successfully

24-03-2025T09:45:10 - [TEST_STEP][PASSED] - click(findTestObject("Выручка в рублях/1 квартал 2025 список" + nameOfBlock)): Object: 'Object Repository/Выручка в рублях/1 квартал 2025 список Выручка' is clicked on

24-03-2025T09:45:10 - [MESSAGE][PASSED] - Object: 'Object Repository/Выручка в рублях/1 квартал 2025 список Выручка' is clicked on

24-03-2025T09:45:10 - [TEST_STEP][PASSED] - scrollToElement(findTestObject("Выручка в рублях/Январь 2025" + nameOfBlock), 30): Scroll to object 'Object Repository/Выручка в рублях/Январь 2025 Выручка' successfully

24-03-2025T09:45:10 - [MESSAGE][PASSED] - Scroll to object 'Object Repository/Выручка в рублях/Январь 2025 Выручка' successfully

24-03-2025T09:45:10 - [TEST_STEP][PASSED] - click(findTestObject("Выручка в рублях/Январь 2025" + nameOfBlock)): Object: 'Object Repository/Выручка в рублях/Январь 2025 Выручка' is clicked on

24-03-2025T09:45:11 - [MESSAGE][PASSED] - Object: 'Object Repository/Выручка в рублях/Январь 2025 Выручка' is clicked on

24-03-2025T09:45:11 - [TEST_STEP][PASSED] - scrollToElement(findTestObject("Выручка в рублях/Заголовок дашборда" + nameOfBlock), 30): Scroll to object 'Object Repository/Выручка в рублях/Заголовок дашборда Выручка' successfully

24-03-2025T09:45:11 - [MESSAGE][PASSED] - Scroll to object 'Object Repository/Выручка в рублях/Заголовок дашборда Выручка' successfully

24-03-2025T09:45:11 - [TEST_STEP][PASSED] - click(findTestObject("Выручка в рублях/Применить в фильтре Дата" + nameOfBlock)): Object: 'Object Repository/Выручка в рублях/Применить в фильтре Дата Выручка' is clicked on

24-03-2025T09:45:12 - [MESSAGE][PASSED] - Object: 'Object Repository/Выручка в рублях/Применить в фильтре Дата Выручка' is clicked on

24-03-2025T09:45:12 - [TEST_STEP][PASSED] - delay(55): Delayed 55 second(s)

24-03-2025T09:46:07 - [MESSAGE][PASSED] - Delayed 55 second(s)

24-03-2025T09:46:07 - [TEST_STEP][PASSED] - click(findTestObject("Выручка в рублях/Фильтр ДЗО" + nameOfBlock)): Object: 'Object Repository/Выручка в рублях/Фильтр ДЗО Выручка' is clicked on

24-03-2025T09:46:07 - [MESSAGE][PASSED] - Object: 'Object Repository/Выручка в рублях/Фильтр ДЗО Выручка' is clicked on

24-03-2025T09:46:07 - [TEST_STEP][PASSED] - click(findTestObject("Выручка в рублях/Снять выделение в фильтре ДЗО" + nameOfBlock)): Object: 'Object Repository/Выручка в рублях/Снять выделение в фильтре ДЗО Выручка' is clicked on

24-03-2025T09:46:08 - [MESSAGE][PASSED] - Object: 'Object Repository/Выручка в рублях/Снять выделение в фильтре ДЗО Выручка' is clicked on

24-03-2025T09:46:08 - [TEST_STEP][PASSED] - click(findTestObject("Выручка в рублях/Применить в фильтре ДЗО" + nameOfBlock)): Object: 'Object Repository/Выручка в рублях/Применить в фильтре ДЗО Выручка' is clicked on

24-03-2025T09:46:08 - [MESSAGE][PASSED] - Object: 'Object Repository/Выручка в рублях/Применить в фильтре ДЗО Выручка' is clicked on

24-03-2025T09:46:08 - [TEST_STEP][PASSED] - delay(50): Delayed 50 second(s)

24-03-2025T09:46:58 - [MESSAGE][PASSED] - Delayed 50 second(s)

24-03-2025T09:46:58 - [TEST_STEP][PASSED] - Script1742558545601.Tumbler(run, vir, block, nameOfBlock): null

24-03-2025T09:46:58 - [TEST_STEP][PASSED] - println("run:" + run): null

24-03-2025T09:46:58 - [TEST_STEP][PASSED] - println("vir:" + vir): null

24-03-2025T09:46:58 - [TEST_STEP][PASSED] - println("block:" + block): null

24-03-2025T09:46:58 - [TEST_STEP][PASSED] - println("nameOfBlock:" + nameOfBlock): null

24-03-2025T09:46:58 - [TEST_STEP][PASSED] - if (vir == 1): null

24-03-2025T09:46:58 - [TEST_STEP][PASSED] - if (run == 2): null

24-03-2025T09:46:58 - [TEST_STEP][PASSED] - click(findTestObject("Выручка в рублях/Фильтр ДЗО" + nameOfBlock)): Object: 'Object Repository/Выручка в рублях/Фильтр ДЗО Выручка' is clicked on

24-03-2025T09:46:59 - [MESSAGE][PASSED] - Object: 'Object Repository/Выручка в рублях/Фильтр ДЗО Выручка' is clicked on

24-03-2025T09:46:59 - [TEST_STEP][PASSED] - Script1742558545601.Rosseti(nameOfBlock): null

24-03-2025T09:46:59 - [TEST_STEP][PASSED] - println("nameOfBlock:" + nameOfBlock): null

24-03-2025T09:46:59 - [TEST_STEP][PASSED] - click(findTestObject("Выручка в рублях/ПАО Россети" + nameOfBlock)): Object: 'Object Repository/Выручка в рублях/ПАО Россети Выручка' is clicked on

24-03-2025T09:46:59 - [MESSAGE][PASSED] - Object: 'Object Repository/Выручка в рублях/ПАО Россети Выручка' is clicked on

24-03-2025T09:46:59 - [TEST_STEP][PASSED] - click(findTestObject("Выручка в рублях/Применить в фильтре ДЗО" + nameOfBlock)): Object: 'Object Repository/Выручка в рублях/Применить в фильтре ДЗО Выручка' is clicked on

24-03-2025T09:47:00 - [MESSAGE][PASSED] - Object: 'Object Repository/Выручка в рублях/Применить в фильтре ДЗО Выручка' is clicked on

24-03-2025T09:47:00 - [TEST_STEP][PASSED] - if (vir == 1 || vir == 2): Text of object 'Object Repository/Выручка в рублях/График План Выручка' is: '163 377'

24-03-2025T09:47:00 - [TEST_STEP][PASSED] - b1 = getText(findTestObject("Выручка в рублях/График План Выручка")): Text of object 'Object Repository/Выручка в рублях/График План Выручка' is: '163 377'

24-03-2025T09:47:01 - [MESSAGE][PASSED] - Text of object 'Object Repository/Выручка в рублях/График План Выручка' is: '163 377'

24-03-2025T09:47:01 - [TEST_STEP][PASSED] - if (vir == 1 || vir == 2): Text of object 'Object Repository/Выручка в рублях/График Факт Выручка' is: '157 865'

24-03-2025T09:47:01 - [TEST_STEP][PASSED] - b2 = getText(findTestObject("Выручка в рублях/График Факт Выручка")): Text of object 'Object Repository/Выручка в рублях/График Факт Выручка' is: '157 865'

24-03-2025T09:47:01 - [MESSAGE][PASSED] - Text of object 'Object Repository/Выручка в рублях/График Факт Выручка' is: '157 865'

24-03-2025T09:47:01 - [TEST_STEP][PASSED] - b30 = getText(findTestObject("Выручка в рублях/span1" + perc)): Text of object 'Object Repository/Выручка в рублях/span1' is: '-5 512.4 млн.руб.'

24-03-2025T09:47:01 - [MESSAGE][PASSED] - Text of object 'Object Repository/Выручка в рублях/span1' is: '-5 512.4 млн.руб.'

24-03-2025T09:47:01 - [TEST_STEP][PASSED] - i = b30.indexOf("млн.руб."): null

24-03-2025T09:47:01 - [TEST_STEP][PASSED] - if (i > -1): null

24-03-2025T09:47:01 - [TEST_STEP][PASSED] - b30 = b30.substring(0, i): null

24-03-2025T09:47:01 - [TEST_STEP][PASSED] - b30 = b30.replaceAll(" ", ""): null

24-03-2025T09:47:01 - [TEST_STEP][PASSED] - if (b30.contains("%")): null

24-03-2025T09:47:01 - [TEST_STEP][PASSED] - b30 = ").trim(): null

24-03-2025T09:47:01 - [TEST_STEP][PASSED] - println("b30: " + b30): null

24-03-2025T09:47:01 - [TEST_STEP][PASSED] - if (vir == 1): Text of object 'Object Repository/Выручка в рублях/span19' is: '-19'

24-03-2025T09:47:01 - [TEST_STEP][PASSED] - b31 = ").trim(): Text of object 'Object Repository/Выручка в рублях/span2' is: '-73'

24-03-2025T09:47:02 - [MESSAGE][PASSED] - Text of object 'Object Repository/Выручка в рублях/span2' is: '-73'

24-03-2025T09:47:02 - [TEST_STEP][PASSED] - b32 = ").trim(): Text of object 'Object Repository/Выручка в рублях/span3' is: '23'

24-03-2025T09:47:02 - [MESSAGE][PASSED] - Text of object 'Object Repository/Выручка в рублях/span3' is: '23'

24-03-2025T09:47:02 - [TEST_STEP][PASSED] - b33 = ").trim(): Text of object 'Object Repository/Выручка в рублях/span4' is: '-83'

24-03-2025T09:47:02 - [MESSAGE][PASSED] - Text of object 'Object Repository/Выручка в рублях/span4' is: '-83'

24-03-2025T09:47:02 - [TEST_STEP][PASSED] - b34 = ").trim(): Text of object 'Object Repository/Выручка в рублях/span5' is: '-295'

24-03-2025T09:47:02 - [MESSAGE][PASSED] - Text of object 'Object Repository/Выручка в рублях/span5' is: '-295'

24-03-2025T09:47:02 - [TEST_STEP][PASSED] - b35 = ").trim(): Text of object 'Object Repository/Выручка в рублях/span6' is: '-54'

24-03-2025T09:47:03 - [MESSAGE][PASSED] - Text of object 'Object Repository/Выручка в рублях/span6' is: '-54'

24-03-2025T09:47:03 - [TEST_STEP][PASSED] - b36 = ").trim(): Text of object 'Object Repository/Выручка в рублях/span7' is: '-403'

24-03-2025T09:47:03 - [MESSAGE][PASSED] - Text of object 'Object Repository/Выручка в рублях/span7' is: '-403'

24-03-2025T09:47:03 - [TEST_STEP][PASSED] - b37 = ").trim(): Text of object 'Object Repository/Выручка в рублях/span8' is: '-927'

24-03-2025T09:47:03 - [MESSAGE][PASSED] - Text of object 'Object Repository/Выручка в рублях/span8' is: '-927'

24-03-2025T09:47:03 - [TEST_STEP][PASSED] - b38 = ").trim(): Text of object 'Object Repository/Выручка в рублях/span9' is: '-606'

24-03-2025T09:47:04 - [MESSAGE][PASSED] - Text of object 'Object Repository/Выручка в рублях/span9' is: '-606'

24-03-2025T09:47:04 - [TEST_STEP][PASSED] - b39 = ").trim(): Text of object 'Object Repository/Выручка в рублях/span10' is: '-251'

24-03-2025T09:47:04 - [MESSAGE][PASSED] - Text of object 'Object Repository/Выручка в рублях/span10' is: '-251'

24-03-2025T09:47:04 - [TEST_STEP][PASSED] - b310 = ").trim(): Text of object 'Object Repository/Выручка в рублях/span11' is: '348'

24-03-2025T09:47:04 - [MESSAGE][PASSED] - Text of object 'Object Repository/Выручка в рублях/span11' is: '348'

24-03-2025T09:47:04 - [TEST_STEP][PASSED] - b311 = ").trim(): Text of object 'Object Repository/Выручка в рублях/span12' is: '-58'

24-03-2025T09:47:04 - [MESSAGE][PASSED] - Text of object 'Object Repository/Выручка в рублях/span12' is: '-58'

24-03-2025T09:47:04 - [TEST_STEP][PASSED] - b312 = ").trim(): Text of object 'Object Repository/Выручка в рублях/span13' is: '-1 104'

24-03-2025T09:47:05 - [MESSAGE][PASSED] - Text of object 'Object Repository/Выручка в рублях/span13' is: '-1 104'

24-03-2025T09:47:05 - [TEST_STEP][PASSED] - b313 = ").trim(): Text of object 'Object Repository/Выручка в рублях/span14' is: '-474'

24-03-2025T09:47:05 - [MESSAGE][PASSED] - Text of object 'Object Repository/Выручка в рублях/span14' is: '-474'

24-03-2025T09:47:05 - [TEST_STEP][PASSED] - b314 = ").trim(): Text of object 'Object Repository/Выручка в рублях/span15' is: '-59'

24-03-2025T09:47:05 - [MESSAGE][PASSED] - Text of object 'Object Repository/Выручка в рублях/span15' is: '-59'

24-03-2025T09:47:05 - [TEST_STEP][PASSED] - b315 = ").trim(): Text of object 'Object Repository/Выручка в рублях/span16' is: '-675'

24-03-2025T09:47:06 - [MESSAGE][PASSED] - Text of object 'Object Repository/Выручка в рублях/span16' is: '-675'

24-03-2025T09:47:06 - [TEST_STEP][PASSED] - b316 = ").trim(): Text of object 'Object Repository/Выручка в рублях/span17' is: '-613'

24-03-2025T09:47:06 - [MESSAGE][PASSED] - Text of object 'Object Repository/Выручка в рублях/span17' is: '-613'

24-03-2025T09:47:06 - [TEST_STEP][PASSED] - b317 = ").trim(): Text of object 'Object Repository/Выручка в рублях/span18' is: '-191'

24-03-2025T09:47:06 - [MESSAGE][PASSED] - Text of object 'Object Repository/Выручка в рублях/span18' is: '-191'

24-03-2025T09:47:06 - [TEST_STEP][PASSED] - b318 = ").trim(): Text of object 'Object Repository/Выручка в рублях/span19' is: '-19'

24-03-2025T09:47:06 - [MESSAGE][PASSED] - Text of object 'Object Repository/Выручка в рублях/span19' is: '-19'

24-03-2025T09:47:06 - [TEST_STEP][PASSED] - dZO = "ПАО Россети": null

24-03-2025T09:47:06 - [TEST_STEP][PASSED] - if (verifyEqual(a1, b1) == false): Actual object '163 377' and expected object '163 377' are equal

24-03-2025T09:47:06 - [MESSAGE][PASSED] - Actual object '163 377' and expected object '163 377' are equal

24-03-2025T09:47:06 - [TEST_STEP][PASSED] - if (verifyEqual(a2, b2) == false): Actual object '157 865' and expected object '157 865' are equal

24-03-2025T09:47:06 - [MESSAGE][PASSED] - Actual object '157 865' and expected object '157 865' are equal

24-03-2025T09:47:06 - [TEST_STEP][PASSED] - vidget = "Отклонения": null

24-03-2025T09:47:06 - [TEST_STEP][PASSED] - if (verifyEqual(a30, b30) == false): Actual object '-5512.4' and expected object '-5512.4' are equal

24-03-2025T09:47:06 - [MESSAGE][PASSED] - Actual object '-5512.4' and expected object '-5512.4' are equal

24-03-2025T09:47:06 - [TEST_STEP][PASSED] - dZO = "АО «РЭС»": null

24-03-2025T09:47:06 - [TEST_STEP][PASSED] - if (verifyEqual(a31, b31) == false): Actual object '-73' and expected object '-73' are equal

24-03-2025T09:47:06 - [MESSAGE][PASSED] - Actual object '-73' and expected object '-73' are equal

24-03-2025T09:47:06 - [TEST_STEP][PASSED] - dZO = "АО «Тываэнерго»": null

24-03-2025T09:47:06 - [TEST_STEP][PASSED] - if (verifyEqual(a32, b32) == false): Actual object '23' and expected object '23' are equal

24-03-2025T09:47:06 - [MESSAGE][PASSED] - Actual object '23' and expected object '23' are equal

24-03-2025T09:47:06 - [TEST_STEP][PASSED] - dZO = "АО «Чеченэнерго»": null

24-03-2025T09:47:06 - [TEST_STEP][PASSED] - if (verifyEqual(a33, b33) == false): Actual object '-83' and expected object '-83' are equal

24-03-2025T09:47:06 - [MESSAGE][PASSED] - Actual object '-83' and expected object '-83' are equal

24-03-2025T09:47:06 - [TEST_STEP][PASSED] - dZO = "Россети Волга": null

24-03-2025T09:47:06 - [TEST_STEP][PASSED] - if (verifyEqual(a34, b34) == false): Actual object '-295' and expected object '-295' are equal

24-03-2025T09:47:06 - [MESSAGE][PASSED] - Actual object '-295' and expected object '-295' are equal

24-03-2025T09:47:06 - [TEST_STEP][PASSED] - dZO = "Россети Кубань": null

24-03-2025T09:47:06 - [TEST_STEP][PASSED] - if (verifyEqual(a35, b35) == false): Actual object '-54' and expected object '-54' are equal

24-03-2025T09:47:06 - [MESSAGE][PASSED] - Actual object '-54' and expected object '-54' are equal

24-03-2025T09:47:06 - [TEST_STEP][PASSED] - dZO = "Россети Ленэнерго (ГК)": null

24-03-2025T09:47:06 - [TEST_STEP][PASSED] - if (verifyEqual(a36, b36) == false): Actual object '-403' and expected object '-403' are equal

24-03-2025T09:47:06 - [MESSAGE][PASSED] - Actual object '-403' and expected object '-403' are equal

24-03-2025T09:47:06 - [TEST_STEP][PASSED] - dZO = "Россети Московский регион": null

24-03-2025T09:47:06 - [TEST_STEP][PASSED] - if (verifyEqual(a37, b37) == false): Actual object '-927' and expected object '-927' are equal

24-03-2025T09:47:06 - [MESSAGE][PASSED] - Actual object '-927' and expected object '-927' are equal

24-03-2025T09:47:06 - [TEST_STEP][PASSED] - dZO = "Россети Северный Кавказ (ГК)": null

24-03-2025T09:47:06 - [TEST_STEP][PASSED] - if (verifyEqual(a38, b38) == false): Actual object '-606' and expected object '-606' are equal

24-03-2025T09:47:06 - [MESSAGE][PASSED] - Actual object '-606' and expected object '-606' are equal

24-03-2025T09:47:06 - [TEST_STEP][PASSED] - dZO = "Россети Северо-Запад": null

24-03-2025T09:47:06 - [TEST_STEP][PASSED] - if (verifyEqual(a39, b39) == false): Actual object '-251' and expected object '-251' are equal

24-03-2025T09:47:06 - [MESSAGE][PASSED] - Actual object '-251' and expected object '-251' are equal

24-03-2025T09:47:06 - [TEST_STEP][PASSED] - dZO = "Россети Сибирь (ГК)": null

24-03-2025T09:47:06 - [TEST_STEP][PASSED] - if (verifyEqual(a310, b310) == false): Actual object '348' and expected object '348' are equal

24-03-2025T09:47:06 - [MESSAGE][PASSED] - Actual object '348' and expected object '348' are equal

24-03-2025T09:47:07 - [TEST_STEP][PASSED] - dZO = "Россети Томск": null

24-03-2025T09:47:07 - [TEST_STEP][PASSED] - if (verifyEqual(a311, b311) == false): Actual object '-58' and expected object '-58' are equal

24-03-2025T09:47:07 - [MESSAGE][PASSED] - Actual object '-58' and expected object '-58' are equal

24-03-2025T09:47:07 - [TEST_STEP][PASSED] - dZO = "Россети Тюмень": null

24-03-2025T09:47:07 - [TEST_STEP][PASSED] - if (verifyEqual(a312, b312) == false): Actual object '-1 104' and expected object '-1 104' are equal

24-03-2025T09:47:07 - [MESSAGE][PASSED] - Actual object '-1 104' and expected object '-1 104' are equal

24-03-2025T09:47:07 - [TEST_STEP][PASSED] - dZO = "Россети Урал (ГК)": null

24-03-2025T09:47:07 - [TEST_STEP][PASSED] - if (verifyEqual(a313, b313) == false): Actual object '-474' and expected object '-474' are equal

24-03-2025T09:47:07 - [MESSAGE][PASSED] - Actual object '-474' and expected object '-474' are equal

24-03-2025T09:47:07 - [TEST_STEP][PASSED] - dZO = "Россети ФСК ЕЭС": null

24-03-2025T09:47:07 - [TEST_STEP][PASSED] - if (verifyEqual(a314, b314) == false): Actual object '-59' and expected object '-59' are equal

24-03-2025T09:47:07 - [MESSAGE][PASSED] - Actual object '-59' and expected object '-59' are equal

24-03-2025T09:47:07 - [TEST_STEP][PASSED] - dZO = "Россети Центр": null

24-03-2025T09:47:07 - [TEST_STEP][PASSED] - if (verifyEqual(a315, b315) == false): Actual object '-675' and expected object '-675' are equal

24-03-2025T09:47:07 - [MESSAGE][PASSED] - Actual object '-675' and expected object '-675' are equal

24-03-2025T09:47:07 - [TEST_STEP][PASSED] - dZO = "Россети Центр и Приволжье (ГК)": null

24-03-2025T09:47:07 - [TEST_STEP][PASSED] - if (verifyEqual(a316, b316) == false): Actual object '-613' and expected object '-613' are equal

24-03-2025T09:47:07 - [MESSAGE][PASSED] - Actual object '-613' and expected object '-613' are equal

24-03-2025T09:47:07 - [TEST_STEP][PASSED] - dZO = "Россети Юг (ГК)": null

24-03-2025T09:47:07 - [TEST_STEP][PASSED] - if (verifyEqual(a317, b317) == false): Actual object '-191' and expected object '-191' are equal

24-03-2025T09:47:07 - [MESSAGE][PASSED] - Actual object '-191' and expected object '-191' are equal

24-03-2025T09:47:07 - [TEST_STEP][PASSED] - dZO = "Россети Янтарь": null

24-03-2025T09:47:07 - [TEST_STEP][PASSED] - if (verifyEqual(a318, b318) == false): Actual object '-19' and expected object '-19' are equal

24-03-2025T09:47:07 - [MESSAGE][PASSED] - Actual object '-19' and expected object '-19' are equal

24-03-2025T09:47:07 - [TEST_STEP][PASSED] - closeBrowser(): null

24-03-2025T09:47:07 - [MESSAGE][PASSED] - Browser is closed

24-03-2025T09:47:07 - [TEST_STEP][PASSED] - Script1742558545601.Blocks(run, vir, block, nameOfBlock, typeOfData, viruchka, vidget, todaysDate, a, b, dZO, x, y): null

24-03-2025T09:47:07 - [TEST_STEP][PASSED] - i = <not implemented yet for class: org.codehaus.groovy.ast.expr.EmptyExpression>: null

24-03-2025T09:47:07 - [TEST_STEP][PASSED] - perc = "": null

24-03-2025T09:47:07 - [TEST_STEP][PASSED] - a1 = <not implemented yet for class: org.codehaus.groovy.ast.expr.EmptyExpression>: null

24-03-2025T09:47:07 - [TEST_STEP][PASSED] - a2 = <not implemented yet for class: org.codehaus.groovy.ast.expr.EmptyExpression>: null

24-03-2025T09:47:07 - [TEST_STEP][PASSED] - a30 = <not implemented yet for class: org.codehaus.groovy.ast.expr.EmptyExpression>: null

24-03-2025T09:47:07 - [TEST_STEP][PASSED] - a31 = <not implemented yet for class: org.codehaus.groovy.ast.expr.EmptyExpression>: null

24-03-2025T09:47:07 - [TEST_STEP][PASSED] - a32 = <not implemented yet for class: org.codehaus.groovy.ast.expr.EmptyExpression>: null

24-03-2025T09:47:07 - [TEST_STEP][PASSED] - a33 = <not implemented yet for class: org.codehaus.groovy.ast.expr.EmptyExpression>: null

24-03-2025T09:47:07 - [TEST_STEP][PASSED] - a34 = <not implemented yet for class: org.codehaus.groovy.ast.expr.EmptyExpression>: null

24-03-2025T09:47:07 - [TEST_STEP][PASSED] - a35 = <not implemented yet for class: org.codehaus.groovy.ast.expr.EmptyExpression>: null

24-03-2025T09:47:07 - [TEST_STEP][PASSED] - a36 = <not implemented yet for class: org.codehaus.groovy.ast.expr.EmptyExpression>: null

24-03-2025T09:47:07 - [TEST_STEP][PASSED] - a37 = <not implemented yet for class: org.codehaus.groovy.ast.expr.EmptyExpression>: null

24-03-2025T09:47:07 - [TEST_STEP][PASSED] - a38 = <not implemented yet for class: org.codehaus.groovy.ast.expr.EmptyExpression>: null

24-03-2025T09:47:07 - [TEST_STEP][PASSED] - a39 = <not implemented yet for class: org.codehaus.groovy.ast.expr.EmptyExpression>: null

24-03-2025T09:47:07 - [TEST_STEP][PASSED] - a310 = <not implemented yet for class: org.codehaus.groovy.ast.expr.EmptyExpression>: null

24-03-2025T09:47:07 - [TEST_STEP][PASSED] - a311 = <not implemented yet for class: org.codehaus.groovy.ast.expr.EmptyExpression>: null

24-03-2025T09:47:07 - [TEST_STEP][PASSED] - a312 = <not implemented yet for class: org.codehaus.groovy.ast.expr.EmptyExpression>: null

24-03-2025T09:47:07 - [TEST_STEP][PASSED] - a313 = <not implemented yet for class: org.codehaus.groovy.ast.expr.EmptyExpression>: null

24-03-2025T09:47:07 - [TEST_STEP][PASSED] - a314 = <not implemented yet for class: org.codehaus.groovy.ast.expr.EmptyExpression>: null

24-03-2025T09:47:07 - [TEST_STEP][PASSED] - a315 = <not implemented yet for class: org.codehaus.groovy.ast.expr.EmptyExpression>: null

24-03-2025T09:47:07 - [TEST_STEP][PASSED] - a316 = <not implemented yet for class: org.codehaus.groovy.ast.expr.EmptyExpression>: null

24-03-2025T09:47:07 - [TEST_STEP][PASSED] - a317 = <not implemented yet for class: org.codehaus.groovy.ast.expr.EmptyExpression>: null

24-03-2025T09:47:07 - [TEST_STEP][PASSED] - a318 = <not implemented yet for class: org.codehaus.groovy.ast.expr.EmptyExpression>: null

24-03-2025T09:47:07 - [TEST_STEP][PASSED] - b1 = <not implemented yet for class: org.codehaus.groovy.ast.expr.EmptyExpression>: null

24-03-2025T09:47:07 - [TEST_STEP][PASSED] - b2 = <not implemented yet for class: org.codehaus.groovy.ast.expr.EmptyExpression>: null

24-03-2025T09:47:07 - [TEST_STEP][PASSED] - b30 = <not implemented yet for class: org.codehaus.groovy.ast.expr.EmptyExpression>: null

24-03-2025T09:47:07 - [TEST_STEP][PASSED] - b31 = <not implemented yet for class: org.codehaus.groovy.ast.expr.EmptyExpression>: null

24-03-2025T09:47:07 - [TEST_STEP][PASSED] - b32 = <not implemented yet for class: org.codehaus.groovy.ast.expr.EmptyExpression>: null

24-03-2025T09:47:07 - [TEST_STEP][PASSED] - b33 = <not implemented yet for class: org.codehaus.groovy.ast.expr.EmptyExpression>: null

24-03-2025T09:47:07 - [TEST_STEP][PASSED] - b34 = <not implemented yet for class: org.codehaus.groovy.ast.expr.EmptyExpression>: null

24-03-2025T09:47:07 - [TEST_STEP][PASSED] - b35 = <not implemented yet for class: org.codehaus.groovy.ast.expr.EmptyExpression>: null

24-03-2025T09:47:07 - [TEST_STEP][PASSED] - b36 = <not implemented yet for class: org.codehaus.groovy.ast.expr.EmptyExpression>: null

24-03-2025T09:47:07 - [TEST_STEP][PASSED] - b37 = <not implemented yet for class: org.codehaus.groovy.ast.expr.EmptyExpression>: null

24-03-2025T09:47:07 - [TEST_STEP][PASSED] - b38 = <not implemented yet for class: org.codehaus.groovy.ast.expr.EmptyExpression>: null

24-03-2025T09:47:07 - [TEST_STEP][PASSED] - b39 = <not implemented yet for class: org.codehaus.groovy.ast.expr.EmptyExpression>: null

24-03-2025T09:47:07 - [TEST_STEP][PASSED] - b310 = <not implemented yet for class: org.codehaus.groovy.ast.expr.EmptyExpression>: null

24-03-2025T09:47:07 - [TEST_STEP][PASSED] - b311 = <not implemented yet for class: org.codehaus.groovy.ast.expr.EmptyExpression>: null

24-03-2025T09:47:07 - [TEST_STEP][PASSED] - b312 = <not implemented yet for class: org.codehaus.groovy.ast.expr.EmptyExpression>: null

24-03-2025T09:47:07 - [TEST_STEP][PASSED] - b313 = <not implemented yet for class: org.codehaus.groovy.ast.expr.EmptyExpression>: null

24-03-2025T09:47:07 - [TEST_STEP][PASSED] - b314 = <not implemented yet for class: org.codehaus.groovy.ast.expr.EmptyExpression>: null

24-03-2025T09:47:07 - [TEST_STEP][PASSED] - b315 = <not implemented yet for class: org.codehaus.groovy.ast.expr.EmptyExpression>: null

24-03-2025T09:47:07 - [TEST_STEP][PASSED] - b316 = <not implemented yet for class: org.codehaus.groovy.ast.expr.EmptyExpression>: null

24-03-2025T09:47:07 - [TEST_STEP][PASSED] - b317 = <not implemented yet for class: org.codehaus.groovy.ast.expr.EmptyExpression>: null

24-03-2025T09:47:07 - [TEST_STEP][PASSED] - b318 = <not implemented yet for class: org.codehaus.groovy.ast.expr.EmptyExpression>: null

24-03-2025T09:47:07 - [TEST_STEP][PASSED] - block = 1: null

24-03-2025T09:47:07 - [TEST_STEP][PASSED] - nameOfBlock = "": null

24-03-2025T09:47:07 - [TEST_STEP][PASSED] - Script1742558545601.PreSettings(run, vir, block, nameOfBlock, typeOfData, todaysDate): null

24-03-2025T09:47:07 - [TEST_STEP][PASSED] - openBrowser(""): Browser is opened with url: ''

24-03-2025T09:47:07 - [MESSAGE][INFO] - Starting 'Chrome' driver

24-03-2025T09:47:07 - [MESSAGE][INFO] - Action delay is set to 0 milliseconds

24-03-2025T09:47:08 - [MESSAGE][PASSED] - Browser is opened with url: ''

24-03-2025T09:47:08 - [TEST_STEP][PASSED] - refresh(): Refresh successfully

24-03-2025T09:47:08 - [MESSAGE][PASSED] - Refresh successfully

24-03-2025T09:47:08 - [TEST_STEP][PASSED] - delay(50): Delayed 50 second(s)

24-03-2025T09:47:58 - [MESSAGE][PASSED] - Delayed 50 second(s)

24-03-2025T09:47:58 - [TEST_STEP][PASSED] - println("run:" + run): null

24-03-2025T09:47:58 - [TEST_STEP][PASSED] - println("vir:" + vir): null

24-03-2025T09:47:58 - [TEST_STEP][PASSED] - println("block:" + block): null

24-03-2025T09:47:58 - [TEST_STEP][PASSED] - if (block == 1): null

24-03-2025T09:47:58 - [TEST_STEP][PASSED] - nameOfBlock = "": null

24-03-2025T09:47:58 - [TEST_STEP][PASSED] - println("nameOfBlock:" + nameOfBlock): null

24-03-2025T09:47:58 - [TEST_STEP][PASSED] - println("typeOfData:" + typeOfData): null

24-03-2025T09:47:58 - [TEST_STEP][PASSED] - println("todaysDate:" + todaysDate): null

24-03-2025T09:47:58 - [TEST_STEP][PASSED] - Script1742558545601.Autorization(block, nameOfBlock): null

24-03-2025T09:47:58 - [TEST_STEP][PASSED] - i = <not implemented yet for class: org.codehaus.groovy.ast.expr.EmptyExpression>: null

24-03-2025T09:47:58 - [TEST_STEP][PASSED] - ii = <not implemented yet for class: org.codehaus.groovy.ast.expr.EmptyExpression>: null

24-03-2025T09:47:58 - [TEST_STEP][PASSED] - urlData = <not implemented yet for class: org.codehaus.groovy.ast.expr.EmptyExpression>: null

24-03-2025T09:47:58 - [TEST_STEP][PASSED] - searchWord = <not implemented yet for class: org.codehaus.groovy.ast.expr.EmptyExpression>: null

24-03-2025T09:47:58 - [TEST_STEP][PASSED] - urlText = <not implemented yet for class: org.codehaus.groovy.ast.expr.EmptyExpression>: null

24-03-2025T09:47:58 - [TEST_STEP][PASSED] - println("block:" + block): null

24-03-2025T09:47:58 - [TEST_STEP][PASSED] - if (block == 1): null

24-03-2025T09:47:58 - [TEST_STEP][PASSED] - nameOfBlock = "": null

24-03-2025T09:47:58 - [TEST_STEP][PASSED] - println("nameOfBlock:" + nameOfBlock): null

24-03-2025T09:47:58 - [TEST_STEP][PASSED] - if (block == 1): Delayed 45 second(s)

24-03-2025T09:47:58 - [TEST_STEP][PASSED] - urlData = 2: null

24-03-2025T09:47:58 - [TEST_STEP][PASSED] - delay(45): Delayed 45 second(s)

24-03-2025T09:48:43 - [MESSAGE][PASSED] - Delayed 45 second(s)

24-03-2025T09:48:43 - [TEST_STEP][PASSED] - navigateToUrl(findTestData("PlanFact").getValue(10, urlData)): Navigate to 'https://bi.rosseti.digital/viewer?dashboardGuid=2301950b23be4ed89c1df75f2020051e&sheetGuid=b723206f698544fb87299f3095c00435&fit=true' successfully

24-03-2025T09:48:49 - [MESSAGE][PASSED] - Navigate to 'https://bi.rosseti.digital/viewer?dashboardGuid=2301950b23be4ed89c1df75f2020051e&sheetGuid=b723206f698544fb87299f3095c00435&fit=true' successfully

24-03-2025T09:48:49 - [TEST_STEP][PASSED] - urlText = getText(findTestObject("Страница авторизации/Text")): Text of object 'Object Repository/Страница авторизации/Text' is: 'Вход'

24-03-2025T09:48:50 - [MESSAGE][PASSED] - Text of object 'Object Repository/Страница авторизации/Text' is: 'Вход'

24-03-2025T09:48:50 - [TEST_STEP][PASSED] - searchWord = "Вход": null

24-03-2025T09:48:50 - [TEST_STEP][PASSED] - if (urlText == null || urlText.contains("ошибка") || urlText.contains(searchWord) == false): null

24-03-2025T09:48:50 - [TEST_STEP][PASSED] - if (verifyElementPresent(findTestObject("Страница авторизации/button_"), 30) == true): null

24-03-2025T09:48:50 - [MESSAGE][PASSED] - Object 'Object Repository/Страница авторизации/button_' is present

24-03-2025T09:48:50 - [TEST_STEP][PASSED] - setText(findTestObject("Страница авторизации/input__username"), findTestData("PlanFact").getValue(8, 1)): Text 'liazgina-di' is set on object 'Object Repository/Страница авторизации/input__username'

24-03-2025T09:48:51 - [MESSAGE][PASSED] - Text 'liazgina-di' is set on object 'Object Repository/Страница авторизации/input__username'

24-03-2025T09:48:51 - [TEST_STEP][PASSED] - setText(findTestObject("Страница авторизации/input__password"), findTestData("PlanFact").getValue(9, 1)): Text ')$%5srZ8o688Dm#q' is set on object 'Object Repository/Страница авторизации/input__password'

24-03-2025T09:48:51 - [MESSAGE][PASSED] - Text ')$%5srZ8o688Dm#q' is set on object 'Object Repository/Страница авторизации/input__password'

24-03-2025T09:48:51 - [TEST_STEP][PASSED] - click(findTestObject("Страница авторизации/button_")): Object: 'Object Repository/Страница авторизации/button_' is clicked on

24-03-2025T09:48:52 - [MESSAGE][PASSED] - Object: 'Object Repository/Страница авторизации/button_' is clicked on

24-03-2025T09:48:52 - [TEST_STEP][PASSED] - delay(45): Delayed 45 second(s)

24-03-2025T09:49:37 - [MESSAGE][PASSED] - Delayed 45 second(s)

24-03-2025T09:49:37 - [TEST_STEP][PASSED] - urlText = getText(findTestObject("Страница авторизации/Text")): Text of object 'Object Repository/Страница авторизации/Text' is: 'Период
Январь 2025 года
Выручка
Все
Выполнение плановых показателей по ПАО Россети за Январь 2025 года
План
Факт
Динамика
2025 год
0 млн.руб.
20 000 млн.руб.
40 000 млн.руб.
60 000 млн.руб.
80 000 млн.руб.
100 000 млн.руб.
120 000 млн.руб.
140 000 млн.руб.
160 000 млн.руб.
180 000 млн.руб.
200 000 млн.руб.
163 377
157 865
↓
ДЗО 
ПАО Россети
Внутренний оборот - выручка за услуги по передаче электрической энергии, учтенная в выручке за электроэнергию для конечных потребителей, при выполнении ДЗО функций гарантирующего поставщика
Подписи данных
⬤Отклонение
АО "РЭС"
АО «Тываэнерго»
АО «Чеченэнерго»
Россети Волга
Россети Кубань
Россети Ленэнерго (ГК)
Россети Московский регион
Россети Северный Кавказ (ГК)
Россети Северо-Запад
Россети Сибирь (ГК)
Россети Томск
Россети Тюмень
Россети Урал (ГК)
Россети ФСК ЕЭС
Россети Центр
Россети Центр и Приволжье (ГК)
Россети Юг (ГК)
Россети Янтарь
-1 200 млн.руб.
-1 000 млн.руб.
- 800 млн.руб.
- 600 млн.руб.
- 400 млн.руб.
- 200 млн.руб.
0 млн.руб.
200 млн.руб.
400 млн.руб.
600 млн.руб.
-73
23
-83
-295
-54
-403
-927
-606
-251
348
-58
-1 104
-474
-59
-675
-613
-191
-19
млн.
%
Выручка
Отклонение выручки по ПАО Россети за Январь 2025 года (факт/план, млн. руб)
ПАО Россети
-5 512.4 млн.руб.
 '

24-03-2025T09:49:38 - [MESSAGE][PASSED] - Text of object 'Object Repository/Страница авторизации/Text' is: 'Период
Январь 2025 года
Выручка
Все
Выполнение плановых показателей по ПАО Россети за Январь 2025 года
План
Факт
Динамика
2025 год
0 млн.руб.
20 000 млн.руб.
40 000 млн.руб.
60 000 млн.руб.
80 000 млн.руб.
100 000 млн.руб.
120 000 млн.руб.
140 000 млн.руб.
160 000 млн.руб.
180 000 млн.руб.
200 000 млн.руб.
163 377
157 865
↓
ДЗО 
ПАО Россети
Внутренний оборот - выручка за услуги по передаче электрической энергии, учтенная в выручке за электроэнергию для конечных потребителей, при выполнении ДЗО функций гарантирующего поставщика
Подписи данных
⬤Отклонение
АО "РЭС"
АО «Тываэнерго»
АО «Чеченэнерго»
Россети Волга
Россети Кубань
Россети Ленэнерго (ГК)
Россети Московский регион
Россети Северный Кавказ (ГК)
Россети Северо-Запад
Россети Сибирь (ГК)
Россети Томск
Россети Тюмень
Россети Урал (ГК)
Россети ФСК ЕЭС
Россети Центр
Россети Центр и Приволжье (ГК)
Россети Юг (ГК)
Россети Янтарь
-1 200 млн.руб.
-1 000 млн.руб.
- 800 млн.руб.
- 600 млн.руб.
- 400 млн.руб.
- 200 млн.руб.
0 млн.руб.
200 млн.руб.
400 млн.руб.
600 млн.руб.
-73
23
-83
-295
-54
-403
-927
-606
-251
348
-58
-1 104
-474
-59
-675
-613
-191
-19
млн.
%
Выручка
Отклонение выручки по ПАО Россети за Январь 2025 года (факт/план, млн. руб)
ПАО Россети
-5 512.4 млн.руб.
 '

24-03-2025T09:49:38 - [TEST_STEP][PASSED] - searchWord = "а": null

24-03-2025T09:49:38 - [TEST_STEP][PASSED] - if (urlText.contains("ошибка") || urlText.contains(searchWord) == false): null

24-03-2025T09:49:38 - [TEST_STEP][PASSED] - delay(45): Delayed 45 second(s)

24-03-2025T09:50:23 - [MESSAGE][PASSED] - Delayed 45 second(s)

24-03-2025T09:50:23 - [TEST_STEP][PASSED] - if (block == 2): null

24-03-2025T09:50:23 - [TEST_STEP][PASSED] - click(findTestObject("Выручка в рублях/Фильтр Период" + nameOfBlock)): Object: 'Object Repository/Выручка в рублях/Фильтр Период' is clicked on

24-03-2025T09:50:23 - [MESSAGE][PASSED] - Object: 'Object Repository/Выручка в рублях/Фильтр Период' is clicked on

24-03-2025T09:50:23 - [TEST_STEP][PASSED] - click(findTestObject("Выручка в рублях/Снять выделение в фильтре Дата" + nameOfBlock)): Object: 'Object Repository/Выручка в рублях/Снять выделение в фильтре Дата' is clicked on

24-03-2025T09:50:24 - [MESSAGE][PASSED] - Object: 'Object Repository/Выручка в рублях/Снять выделение в фильтре Дата' is clicked on

24-03-2025T09:50:24 - [TEST_STEP][PASSED] - click(findTestObject("Выручка в рублях/Применить в фильтре Дата" + nameOfBlock)): Object: 'Object Repository/Выручка в рублях/Применить в фильтре Дата' is clicked on

24-03-2025T09:50:24 - [MESSAGE][PASSED] - Object: 'Object Repository/Выручка в рублях/Применить в фильтре Дата' is clicked on

24-03-2025T09:50:24 - [TEST_STEP][PASSED] - delay(50): Delayed 50 second(s)

24-03-2025T09:51:14 - [MESSAGE][PASSED] - Delayed 50 second(s)

24-03-2025T09:51:14 - [TEST_STEP][PASSED] - click(findTestObject("Выручка в рублях/Фильтр Период" + nameOfBlock)): Object: 'Object Repository/Выручка в рублях/Фильтр Период' is clicked on

24-03-2025T09:51:15 - [MESSAGE][PASSED] - Object: 'Object Repository/Выручка в рублях/Фильтр Период' is clicked on

24-03-2025T09:51:15 - [TEST_STEP][PASSED] - click(findTestObject("Выручка в рублях/Снять выделение в фильтре Дата" + nameOfBlock)): Object: 'Object Repository/Выручка в рублях/Снять выделение в фильтре Дата' is clicked on

24-03-2025T09:51:15 - [MESSAGE][PASSED] - Object: 'Object Repository/Выручка в рублях/Снять выделение в фильтре Дата' is clicked on

24-03-2025T09:51:15 - [TEST_STEP][PASSED] - scrollToElement(findTestObject("Выручка в рублях/2025 список" + nameOfBlock), 30): Scroll to object 'Object Repository/Выручка в рублях/2025 список' successfully

24-03-2025T09:51:15 - [MESSAGE][PASSED] - Scroll to object 'Object Repository/Выручка в рублях/2025 список' successfully

24-03-2025T09:51:15 - [TEST_STEP][PASSED] - click(findTestObject("Выручка в рублях/2025 список" + nameOfBlock)): Object: 'Object Repository/Выручка в рублях/2025 список' is clicked on

24-03-2025T09:51:16 - [MESSAGE][PASSED] - Object: 'Object Repository/Выручка в рублях/2025 список' is clicked on

24-03-2025T09:51:16 - [TEST_STEP][PASSED] - scrollToElement(findTestObject("Выручка в рублях/1 квартал 2025 список Выручка"), 30): Scroll to object 'Object Repository/Выручка в рублях/1 квартал 2025 список Выручка' successfully

24-03-2025T09:51:16 - [MESSAGE][PASSED] - Scroll to object 'Object Repository/Выручка в рублях/1 квартал 2025 список Выручка' successfully

24-03-2025T09:51:16 - [TEST_STEP][PASSED] - click(findTestObject("Выручка в рублях/1 квартал 2025 список" + nameOfBlock)): Object: 'Object Repository/Выручка в рублях/1 квартал 2025 список' is clicked on

24-03-2025T09:51:17 - [MESSAGE][PASSED] - Object: 'Object Repository/Выручка в рублях/1 квартал 2025 список' is clicked on

24-03-2025T09:51:17 - [TEST_STEP][PASSED] - scrollToElement(findTestObject("Выручка в рублях/Январь 2025" + nameOfBlock), 30): Scroll to object 'Object Repository/Выручка в рублях/Январь 2025' successfully

24-03-2025T09:51:17 - [MESSAGE][PASSED] - Scroll to object 'Object Repository/Выручка в рублях/Январь 2025' successfully

24-03-2025T09:51:17 - [TEST_STEP][PASSED] - click(findTestObject("Выручка в рублях/Январь 2025" + nameOfBlock)): Object: 'Object Repository/Выручка в рублях/Январь 2025' is clicked on

24-03-2025T09:51:17 - [MESSAGE][PASSED] - Object: 'Object Repository/Выручка в рублях/Январь 2025' is clicked on

24-03-2025T09:51:17 - [TEST_STEP][PASSED] - scrollToElement(findTestObject("Выручка в рублях/Заголовок дашборда" + nameOfBlock), 30): Scroll to object 'Object Repository/Выручка в рублях/Заголовок дашборда' successfully

24-03-2025T09:51:18 - [MESSAGE][PASSED] - Scroll to object 'Object Repository/Выручка в рублях/Заголовок дашборда' successfully

24-03-2025T09:51:18 - [TEST_STEP][PASSED] - click(findTestObject("Выручка в рублях/Применить в фильтре Дата" + nameOfBlock)): Object: 'Object Repository/Выручка в рублях/Применить в фильтре Дата' is clicked on

24-03-2025T09:51:18 - [MESSAGE][PASSED] - Object: 'Object Repository/Выручка в рублях/Применить в фильтре Дата' is clicked on

24-03-2025T09:51:18 - [TEST_STEP][PASSED] - delay(55): Delayed 55 second(s)

24-03-2025T09:52:13 - [MESSAGE][PASSED] - Delayed 55 second(s)

24-03-2025T09:52:13 - [TEST_STEP][PASSED] - click(findTestObject("Выручка в рублях/Фильтр ДЗО" + nameOfBlock)): Object: 'Object Repository/Выручка в рублях/Фильтр ДЗО' is clicked on

24-03-2025T09:52:13 - [MESSAGE][PASSED] - Object: 'Object Repository/Выручка в рублях/Фильтр ДЗО' is clicked on

24-03-2025T09:52:13 - [TEST_STEP][PASSED] - click(findTestObject("Выручка в рублях/Снять выделение в фильтре ДЗО" + nameOfBlock)): Object: 'Object Repository/Выручка в рублях/Снять выделение в фильтре ДЗО' is clicked on

24-03-2025T09:52:14 - [MESSAGE][PASSED] - Object: 'Object Repository/Выручка в рублях/Снять выделение в фильтре ДЗО' is clicked on

24-03-2025T09:52:14 - [TEST_STEP][PASSED] - click(findTestObject("Выручка в рублях/Применить в фильтре ДЗО" + nameOfBlock)): Object: 'Object Repository/Выручка в рублях/Применить в фильтре ДЗО' is clicked on

24-03-2025T09:52:15 - [MESSAGE][PASSED] - Object: 'Object Repository/Выручка в рублях/Применить в фильтре ДЗО' is clicked on

24-03-2025T09:52:15 - [TEST_STEP][PASSED] - delay(50): Delayed 50 second(s)

24-03-2025T09:53:05 - [MESSAGE][PASSED] - Delayed 50 second(s)

24-03-2025T09:53:05 - [TEST_STEP][PASSED] - Script1742558545601.Tumbler(run, vir, block, nameOfBlock): null

24-03-2025T09:53:05 - [TEST_STEP][PASSED] - println("run:" + run): null

24-03-2025T09:53:05 - [TEST_STEP][PASSED] - println("vir:" + vir): null

24-03-2025T09:53:05 - [TEST_STEP][PASSED] - println("block:" + block): null

24-03-2025T09:53:05 - [TEST_STEP][PASSED] - println("nameOfBlock:" + nameOfBlock): null

24-03-2025T09:53:05 - [TEST_STEP][PASSED] - if (vir == 1): null

24-03-2025T09:53:05 - [TEST_STEP][PASSED] - else if (vir == 2): Object: 'Object Repository/Выручка в рублях/Применить в фильтре Выручка' is clicked on

24-03-2025T09:53:05 - [TEST_STEP][PASSED] - if (run == 2): null

24-03-2025T09:53:05 - [TEST_STEP][PASSED] - click(findTestObject("Выручка в рублях/Фильтр Выручка" + nameOfBlock)): Object: 'Object Repository/Выручка в рублях/Фильтр Выручка' is clicked on

24-03-2025T09:53:05 - [MESSAGE][PASSED] - Object: 'Object Repository/Выручка в рублях/Фильтр Выручка' is clicked on

24-03-2025T09:53:05 - [TEST_STEP][PASSED] - click(findTestObject("Выручка в рублях/Итого в фильтре Выручка" + nameOfBlock)): Object: 'Object Repository/Выручка в рублях/Итого в фильтре Выручка' is clicked on

24-03-2025T09:53:05 - [MESSAGE][PASSED] - Object: 'Object Repository/Выручка в рублях/Итого в фильтре Выручка' is clicked on

24-03-2025T09:53:05 - [TEST_STEP][PASSED] - click(findTestObject("Выручка в рублях/Применить в фильтре Выручка" + nameOfBlock)): Object: 'Object Repository/Выручка в рублях/Применить в фильтре Выручка' is clicked on

24-03-2025T09:53:06 - [MESSAGE][PASSED] - Object: 'Object Repository/Выручка в рублях/Применить в фильтре Выручка' is clicked on

24-03-2025T09:53:06 - [TEST_STEP][PASSED] - click(findTestObject("Выручка в рублях/Фильтр ДЗО" + nameOfBlock)): Object: 'Object Repository/Выручка в рублях/Фильтр ДЗО' is clicked on

24-03-2025T09:53:07 - [MESSAGE][PASSED] - Object: 'Object Repository/Выручка в рублях/Фильтр ДЗО' is clicked on

24-03-2025T09:53:07 - [TEST_STEP][PASSED] - Script1742558545601.Rosseti(nameOfBlock): null

24-03-2025T09:53:07 - [TEST_STEP][PASSED] - println("nameOfBlock:" + nameOfBlock): null

24-03-2025T09:53:07 - [TEST_STEP][PASSED] - click(findTestObject("Выручка в рублях/ПАО Россети" + nameOfBlock)): Object: 'Object Repository/Выручка в рублях/ПАО Россети' is clicked on

24-03-2025T09:53:08 - [MESSAGE][PASSED] - Object: 'Object Repository/Выручка в рублях/ПАО Россети' is clicked on

24-03-2025T09:53:08 - [TEST_STEP][PASSED] - click(findTestObject("Выручка в рублях/Применить в фильтре ДЗО" + nameOfBlock)): Object: 'Object Repository/Выручка в рублях/Применить в фильтре ДЗО' is clicked on

24-03-2025T09:53:09 - [MESSAGE][PASSED] - Object: 'Object Repository/Выручка в рублях/Применить в фильтре ДЗО' is clicked on

24-03-2025T09:53:09 - [TEST_STEP][PASSED] - if (run == 2): null

24-03-2025T09:53:09 - [TEST_STEP][PASSED] - if (vir == 1 || vir == 2): Text of object 'Object Repository/Выручка в рублях/График План' is: '160 406'

24-03-2025T09:53:09 - [TEST_STEP][PASSED] - a1 = getText(findTestObject("Выручка в рублях/График План")): Text of object 'Object Repository/Выручка в рублях/График План' is: '160 406'

24-03-2025T09:53:10 - [MESSAGE][PASSED] - Text of object 'Object Repository/Выручка в рублях/График План' is: '160 406'

24-03-2025T09:53:10 - [TEST_STEP][PASSED] - if (vir == 1 || vir == 2): Text of object 'Object Repository/Выручка в рублях/График Факт' is: '155 462'

24-03-2025T09:53:10 - [TEST_STEP][PASSED] - a2 = getText(findTestObject("Выручка в рублях/График Факт")): Text of object 'Object Repository/Выручка в рублях/График Факт' is: '155 462'

24-03-2025T09:53:10 - [MESSAGE][PASSED] - Text of object 'Object Repository/Выручка в рублях/График Факт' is: '155 462'

24-03-2025T09:53:10 - [TEST_STEP][PASSED] - a30 = getText(findTestObject("Выручка в рублях/span1" + perc)): Text of object 'Object Repository/Выручка в рублях/span1' is: '-4 943.3 млн.руб.'

24-03-2025T09:53:10 - [MESSAGE][PASSED] - Text of object 'Object Repository/Выручка в рублях/span1' is: '-4 943.3 млн.руб.'

24-03-2025T09:53:10 - [TEST_STEP][PASSED] - i = a30.indexOf("млн.руб."): null

24-03-2025T09:53:10 - [TEST_STEP][PASSED] - if (i > -1): null

24-03-2025T09:53:10 - [TEST_STEP][PASSED] - a30 = a30.substring(0, i): null

24-03-2025T09:53:10 - [TEST_STEP][PASSED] - a30 = a30.replaceAll(" ", ""): null

24-03-2025T09:53:10 - [TEST_STEP][PASSED] - if (a30.contains("%")): null

24-03-2025T09:53:10 - [TEST_STEP][PASSED] - a30 = ").trim(): null

24-03-2025T09:53:10 - [TEST_STEP][PASSED] - println("a30: " + a30): null

24-03-2025T09:53:10 - [TEST_STEP][PASSED] - if (vir == 1): null

24-03-2025T09:53:10 - [TEST_STEP][PASSED] - else if (vir == 2): Text of object 'Object Repository/Выручка в рублях/span18' is: '-19'

24-03-2025T09:53:10 - [TEST_STEP][PASSED] - a31 = ").trim(): Text of object 'Object Repository/Выручка в рублях/span2' is: '-73'

24-03-2025T09:53:11 - [MESSAGE][PASSED] - Text of object 'Object Repository/Выручка в рублях/span2' is: '-73'

24-03-2025T09:53:11 - [TEST_STEP][PASSED] - a32 = ").trim(): Text of object 'Object Repository/Выручка в рублях/span3' is: '-0'

24-03-2025T09:53:11 - [MESSAGE][PASSED] - Text of object 'Object Repository/Выручка в рублях/span3' is: '-0'

24-03-2025T09:53:11 - [TEST_STEP][PASSED] - a34 = ").trim(): Text of object 'Object Repository/Выручка в рублях/span4' is: '-295'

24-03-2025T09:53:11 - [MESSAGE][PASSED] - Text of object 'Object Repository/Выручка в рублях/span4' is: '-295'

24-03-2025T09:53:11 - [TEST_STEP][PASSED] - a35 = ").trim(): Text of object 'Object Repository/Выручка в рублях/span5' is: '-54'

24-03-2025T09:53:12 - [MESSAGE][PASSED] - Text of object 'Object Repository/Выручка в рублях/span5' is: '-54'

24-03-2025T09:53:12 - [TEST_STEP][PASSED] - a36 = ").trim(): Text of object 'Object Repository/Выручка в рублях/span6' is: '-403'

24-03-2025T09:53:12 - [MESSAGE][PASSED] - Text of object 'Object Repository/Выручка в рублях/span6' is: '-403'

24-03-2025T09:53:12 - [TEST_STEP][PASSED] - a37 = ").trim(): Text of object 'Object Repository/Выручка в рублях/span7' is: '-927'

24-03-2025T09:53:12 - [MESSAGE][PASSED] - Text of object 'Object Repository/Выручка в рублях/span7' is: '-927'

24-03-2025T09:53:12 - [TEST_STEP][PASSED] - a38 = ").trim(): Text of object 'Object Repository/Выручка в рублях/span8' is: '-96'

24-03-2025T09:53:12 - [MESSAGE][PASSED] - Text of object 'Object Repository/Выручка в рублях/span8' is: '-96'

24-03-2025T09:53:12 - [TEST_STEP][PASSED] - a39 = ").trim(): Text of object 'Object Repository/Выручка в рублях/span9' is: '-251'

24-03-2025T09:53:13 - [MESSAGE][PASSED] - Text of object 'Object Repository/Выручка в рублях/span9' is: '-251'

24-03-2025T09:53:13 - [TEST_STEP][PASSED] - a310 = ").trim(): Text of object 'Object Repository/Выручка в рублях/span10' is: '348'

24-03-2025T09:53:13 - [MESSAGE][PASSED] - Text of object 'Object Repository/Выручка в рублях/span10' is: '348'

24-03-2025T09:53:13 - [TEST_STEP][PASSED] - a311 = ").trim(): Text of object 'Object Repository/Выручка в рублях/span11' is: '-58'

24-03-2025T09:53:13 - [MESSAGE][PASSED] - Text of object 'Object Repository/Выручка в рублях/span11' is: '-58'

24-03-2025T09:53:13 - [TEST_STEP][PASSED] - a312 = ").trim(): Text of object 'Object Repository/Выручка в рублях/span12' is: '-1 104'

24-03-2025T09:53:14 - [MESSAGE][PASSED] - Text of object 'Object Repository/Выручка в рублях/span12' is: '-1 104'

24-03-2025T09:53:14 - [TEST_STEP][PASSED] - a313 = ").trim(): Text of object 'Object Repository/Выручка в рублях/span13' is: '-474'

24-03-2025T09:53:14 - [MESSAGE][PASSED] - Text of object 'Object Repository/Выручка в рублях/span13' is: '-474'

24-03-2025T09:53:14 - [TEST_STEP][PASSED] - a314 = ").trim(): Text of object 'Object Repository/Выручка в рублях/span14' is: '-59'

24-03-2025T09:53:14 - [MESSAGE][PASSED] - Text of object 'Object Repository/Выручка в рублях/span14' is: '-59'

24-03-2025T09:53:14 - [TEST_STEP][PASSED] - a315 = ").trim(): Text of object 'Object Repository/Выручка в рублях/span15' is: '-675'

24-03-2025T09:53:14 - [MESSAGE][PASSED] - Text of object 'Object Repository/Выручка в рублях/span15' is: '-675'

24-03-2025T09:53:14 - [TEST_STEP][PASSED] - a316 = ").trim(): Text of object 'Object Repository/Выручка в рублях/span16' is: '-613'

24-03-2025T09:53:15 - [MESSAGE][PASSED] - Text of object 'Object Repository/Выручка в рублях/span16' is: '-613'

24-03-2025T09:53:15 - [TEST_STEP][PASSED] - a317 = ").trim(): Text of object 'Object Repository/Выручка в рублях/span17' is: '-191'

24-03-2025T09:53:15 - [MESSAGE][PASSED] - Text of object 'Object Repository/Выручка в рублях/span17' is: '-191'

24-03-2025T09:53:15 - [TEST_STEP][PASSED] - a318 = ").trim(): Text of object 'Object Repository/Выручка в рублях/span18' is: '-19'

24-03-2025T09:53:15 - [MESSAGE][PASSED] - Text of object 'Object Repository/Выручка в рублях/span18' is: '-19'

24-03-2025T09:53:15 - [TEST_STEP][PASSED] - block = 2: null

24-03-2025T09:53:15 - [TEST_STEP][PASSED] - nameOfBlock = " Выручка": null

24-03-2025T09:53:15 - [TEST_STEP][PASSED] - Script1742558545601.PreSettings(run, vir, block, nameOfBlock, typeOfData, todaysDate): null

24-03-2025T09:53:15 - [TEST_STEP][PASSED] - openBrowser(""): Browser is opened with url: ''

24-03-2025T09:53:15 - [MESSAGE][WARNING] - A browser is already opened. Closing browser and opening a new one

24-03-2025T09:53:16 - [MESSAGE][INFO] - Starting 'Chrome' driver

24-03-2025T09:53:16 - [MESSAGE][INFO] - Action delay is set to 0 milliseconds

24-03-2025T09:53:16 - [MESSAGE][PASSED] - Browser is opened with url: ''

24-03-2025T09:53:16 - [TEST_STEP][PASSED] - refresh(): Refresh successfully

24-03-2025T09:53:16 - [MESSAGE][PASSED] - Refresh successfully

24-03-2025T09:53:16 - [TEST_STEP][PASSED] - delay(50): Delayed 50 second(s)

24-03-2025T09:54:06 - [MESSAGE][PASSED] - Delayed 50 second(s)

24-03-2025T09:54:06 - [TEST_STEP][PASSED] - println("run:" + run): null

24-03-2025T09:54:06 - [TEST_STEP][PASSED] - println("vir:" + vir): null

24-03-2025T09:54:06 - [TEST_STEP][PASSED] - println("block:" + block): null

24-03-2025T09:54:06 - [TEST_STEP][PASSED] - if (block == 1): null

24-03-2025T09:54:06 - [TEST_STEP][PASSED] - else: null

24-03-2025T09:54:06 - [TEST_STEP][PASSED] - nameOfBlock = " Выручка": null

24-03-2025T09:54:06 - [TEST_STEP][PASSED] - println("nameOfBlock:" + nameOfBlock): null

24-03-2025T09:54:06 - [TEST_STEP][PASSED] - println("typeOfData:" + typeOfData): null

24-03-2025T09:54:06 - [TEST_STEP][PASSED] - println("todaysDate:" + todaysDate): null

24-03-2025T09:54:06 - [TEST_STEP][PASSED] - Script1742558545601.Autorization(block, nameOfBlock): null

24-03-2025T09:54:06 - [TEST_STEP][PASSED] - i = <not implemented yet for class: org.codehaus.groovy.ast.expr.EmptyExpression>: null

24-03-2025T09:54:06 - [TEST_STEP][PASSED] - ii = <not implemented yet for class: org.codehaus.groovy.ast.expr.EmptyExpression>: null

24-03-2025T09:54:06 - [TEST_STEP][PASSED] - urlData = <not implemented yet for class: org.codehaus.groovy.ast.expr.EmptyExpression>: null

24-03-2025T09:54:06 - [TEST_STEP][PASSED] - searchWord = <not implemented yet for class: org.codehaus.groovy.ast.expr.EmptyExpression>: null

24-03-2025T09:54:06 - [TEST_STEP][PASSED] - urlText = <not implemented yet for class: org.codehaus.groovy.ast.expr.EmptyExpression>: null

24-03-2025T09:54:06 - [TEST_STEP][PASSED] - println("block:" + block): null

24-03-2025T09:54:06 - [TEST_STEP][PASSED] - if (block == 1): null

24-03-2025T09:54:06 - [TEST_STEP][PASSED] - else: null

24-03-2025T09:54:06 - [TEST_STEP][PASSED] - delay(45): Delayed 45 second(s)

24-03-2025T09:54:52 - [MESSAGE][PASSED] - Delayed 45 second(s)

24-03-2025T09:54:52 - [TEST_STEP][PASSED] - nameOfBlock = " Выручка": null

24-03-2025T09:54:52 - [TEST_STEP][PASSED] - println("nameOfBlock:" + nameOfBlock): null

24-03-2025T09:54:52 - [TEST_STEP][PASSED] - if (block == 1): null

24-03-2025T09:54:52 - [TEST_STEP][PASSED] - else: Delayed 45 second(s)

24-03-2025T09:54:52 - [TEST_STEP][PASSED] - urlData = 9: null

24-03-2025T09:54:52 - [TEST_STEP][PASSED] - delay(45): Delayed 45 second(s)

24-03-2025T09:55:37 - [MESSAGE][PASSED] - Delayed 45 second(s)

24-03-2025T09:55:37 - [TEST_STEP][PASSED] - navigateToUrl(findTestData("PlanFact").getValue(10, urlData)): Navigate to 'https://bi.rosseti.digital/viewer?dashboardGuid=a1fd28b3785d443cbc4d7690a1d78e31&sheetGuid=86092a20c5984827a0c87b24cac76a50&fit=true' successfully

24-03-2025T09:55:41 - [MESSAGE][PASSED] - Navigate to 'https://bi.rosseti.digital/viewer?dashboardGuid=a1fd28b3785d443cbc4d7690a1d78e31&sheetGuid=86092a20c5984827a0c87b24cac76a50&fit=true' successfully

24-03-2025T09:55:41 - [TEST_STEP][PASSED] - urlText = getText(findTestObject("Страница авторизации/Text")): Text of object 'Object Repository/Страница авторизации/Text' is: 'Вход'

24-03-2025T09:55:43 - [MESSAGE][PASSED] - Text of object 'Object Repository/Страница авторизации/Text' is: 'Вход'

24-03-2025T09:55:43 - [TEST_STEP][PASSED] - searchWord = "Вход": null

24-03-2025T09:55:43 - [TEST_STEP][PASSED] - if (urlText == null || urlText.contains("ошибка") || urlText.contains(searchWord) == false): null

24-03-2025T09:55:43 - [TEST_STEP][PASSED] - if (verifyElementPresent(findTestObject("Страница авторизации/button_"), 30) == true): null

24-03-2025T09:55:43 - [MESSAGE][PASSED] - Object 'Object Repository/Страница авторизации/button_' is present

24-03-2025T09:55:43 - [TEST_STEP][PASSED] - setText(findTestObject("Страница авторизации/input__username"), findTestData("PlanFact").getValue(8, 1)): Text 'liazgina-di' is set on object 'Object Repository/Страница авторизации/input__username'

24-03-2025T09:55:44 - [MESSAGE][PASSED] - Text 'liazgina-di' is set on object 'Object Repository/Страница авторизации/input__username'

24-03-2025T09:55:44 - [TEST_STEP][PASSED] - setText(findTestObject("Страница авторизации/input__password"), findTestData("PlanFact").getValue(9, 1)): Text ')$%5srZ8o688Dm#q' is set on object 'Object Repository/Страница авторизации/input__password'

24-03-2025T09:55:44 - [MESSAGE][PASSED] - Text ')$%5srZ8o688Dm#q' is set on object 'Object Repository/Страница авторизации/input__password'

24-03-2025T09:55:44 - [TEST_STEP][PASSED] - click(findTestObject("Страница авторизации/button_")): Object: 'Object Repository/Страница авторизации/button_' is clicked on

24-03-2025T09:55:46 - [MESSAGE][PASSED] - Object: 'Object Repository/Страница авторизации/button_' is clicked on

24-03-2025T09:55:46 - [TEST_STEP][PASSED] - delay(45): Delayed 45 second(s)

24-03-2025T09:56:31 - [MESSAGE][PASSED] - Delayed 45 second(s)

24-03-2025T09:56:31 - [TEST_STEP][PASSED] - urlText = getText(findTestObject("Страница авторизации/Text")): Text of object 'Object Repository/Страница авторизации/Text' is: 'Период
Январь 2025 года
Выручка
Все
Выполнение плановых показателей по ПАО Россети за Январь 2025 года
План
Факт
Динамика
2025 год
0 млн.руб.
20 000 млн.руб.
40 000 млн.руб.
60 000 млн.руб.
80 000 млн.руб.
100 000 млн.руб.
120 000 млн.руб.
140 000 млн.руб.
160 000 млн.руб.
180 000 млн.руб.
200 000 млн.руб.
163 377
157 865
↓
ДЗО 
Все
Подписи данных
⬤Отклонение
АО "РЭС"
АО «Тываэнерго»
АО «Чеченэнерго»
Россети Волга
Россети Кубань
Россети Ленэнерго (ГК)
Россети Московский регион
Россети Северный Кавказ (ГК)
Россети Северо-Запад
Россети Сибирь (ГК)
Россети Томск
Россети Тюмень
Россети Урал (ГК)
Россети ФСК ЕЭС
Россети Центр
Россети Центр и Приволжье (ГК)
Россети Юг (ГК)
Россети Янтарь
-1 200млн.руб.
-1 000млн.руб.
-800млн.руб.
-600млн.руб.
-400млн.руб.
-200млн.руб.
0 млн.руб.
200млн.руб.
400млн.руб.
600 …
-73
23
-83
-295
-54
-403
-927
-606
-251
348
-58
-1 104
-474
-59
-675
-613
-191
-19
млн.
%
Выручка
Отклонение выручки по ПАО Россети за Январь 2025 года (факт/план, млн. руб)
ПАО Россети
-5 512.4 млн.руб.
Статус данных
×
Просьба обратить внимание
Данные занесены и согласованы не полностью
ВЫБРАННЫЕ ЗНАЧЕНИЯ ФИЛЬТРОВ
ДЗО | ПЕРИОД
ПАО Россети: [«Выбраны все филиалы по всем ДЗО по всем категориям»]
2025: [Янв]
*Внутренний оборот'

24-03-2025T09:56:31 - [MESSAGE][PASSED] - Text of object 'Object Repository/Страница авторизации/Text' is: 'Период
Январь 2025 года
Выручка
Все
Выполнение плановых показателей по ПАО Россети за Январь 2025 года
План
Факт
Динамика
2025 год
0 млн.руб.
20 000 млн.руб.
40 000 млн.руб.
60 000 млн.руб.
80 000 млн.руб.
100 000 млн.руб.
120 000 млн.руб.
140 000 млн.руб.
160 000 млн.руб.
180 000 млн.руб.
200 000 млн.руб.
163 377
157 865
↓
ДЗО 
Все
Подписи данных
⬤Отклонение
АО "РЭС"
АО «Тываэнерго»
АО «Чеченэнерго»
Россети Волга
Россети Кубань
Россети Ленэнерго (ГК)
Россети Московский регион
Россети Северный Кавказ (ГК)
Россети Северо-Запад
Россети Сибирь (ГК)
Россети Томск
Россети Тюмень
Россети Урал (ГК)
Россети ФСК ЕЭС
Россети Центр
Россети Центр и Приволжье (ГК)
Россети Юг (ГК)
Россети Янтарь
-1 200млн.руб.
-1 000млн.руб.
-800млн.руб.
-600млн.руб.
-400млн.руб.
-200млн.руб.
0 млн.руб.
200млн.руб.
400млн.руб.
600 …
-73
23
-83
-295
-54
-403
-927
-606
-251
348
-58
-1 104
-474
-59
-675
-613
-191
-19
млн.
%
Выручка
Отклонение выручки по ПАО Россети за Январь 2025 года (факт/план, млн. руб)
ПАО Россети
-5 512.4 млн.руб.
Статус данных
×
Просьба обратить внимание
Данные занесены и согласованы не полностью
ВЫБРАННЫЕ ЗНАЧЕНИЯ ФИЛЬТРОВ
ДЗО | ПЕРИОД
ПАО Россети: [«Выбраны все филиалы по всем ДЗО по всем категориям»]
2025: [Янв]
*Внутренний оборот'

24-03-2025T09:56:31 - [TEST_STEP][PASSED] - searchWord = "а": null

24-03-2025T09:56:31 - [TEST_STEP][PASSED] - if (urlText.contains("ошибка") || urlText.contains(searchWord) == false): null

24-03-2025T09:56:31 - [TEST_STEP][PASSED] - delay(45): Delayed 45 second(s)

24-03-2025T09:57:16 - [MESSAGE][PASSED] - Delayed 45 second(s)

24-03-2025T09:57:16 - [TEST_STEP][PASSED] - if (block == 2): Delayed 50 second(s)

24-03-2025T09:57:16 - [TEST_STEP][PASSED] - opoveshenie = getText(findTestObject("Выручка в рублях/Просьба обратить внимание")): Text of object 'Object Repository/Выручка в рублях/Просьба обратить внимание' is: 'Просьба обратить внимание'

24-03-2025T09:57:17 - [MESSAGE][PASSED] - Text of object 'Object Repository/Выручка в рублях/Просьба обратить внимание' is: 'Просьба обратить внимание'

24-03-2025T09:57:17 - [TEST_STEP][PASSED] - if (opoveshenie == "Просьба обратить внимание"): Delayed 50 second(s)

24-03-2025T09:57:17 - [TEST_STEP][PASSED] - click(findTestObject("Выручка в рублях/Закрыть оповещение")): Object: 'Object Repository/Выручка в рублях/Закрыть оповещение' is clicked on

24-03-2025T09:57:17 - [MESSAGE][PASSED] - Object: 'Object Repository/Выручка в рублях/Закрыть оповещение' is clicked on

24-03-2025T09:57:17 - [TEST_STEP][PASSED] - delay(50): Delayed 50 second(s)

24-03-2025T09:58:07 - [MESSAGE][PASSED] - Delayed 50 second(s)

24-03-2025T09:58:07 - [TEST_STEP][PASSED] - click(findTestObject("Выручка в рублях/Фильтр Период" + nameOfBlock)): Object: 'Object Repository/Выручка в рублях/Фильтр Период Выручка' is clicked on

24-03-2025T09:58:07 - [MESSAGE][PASSED] - Object: 'Object Repository/Выручка в рублях/Фильтр Период Выручка' is clicked on

24-03-2025T09:58:07 - [TEST_STEP][PASSED] - click(findTestObject("Выручка в рублях/Снять выделение в фильтре Дата" + nameOfBlock)): Object: 'Object Repository/Выручка в рублях/Снять выделение в фильтре Дата Выручка' is clicked on

24-03-2025T09:58:08 - [MESSAGE][PASSED] - Object: 'Object Repository/Выручка в рублях/Снять выделение в фильтре Дата Выручка' is clicked on

24-03-2025T09:58:08 - [TEST_STEP][PASSED] - click(findTestObject("Выручка в рублях/Применить в фильтре Дата" + nameOfBlock)): Object: 'Object Repository/Выручка в рублях/Применить в фильтре Дата Выручка' is clicked on

24-03-2025T09:58:08 - [MESSAGE][PASSED] - Object: 'Object Repository/Выручка в рублях/Применить в фильтре Дата Выручка' is clicked on

24-03-2025T09:58:08 - [TEST_STEP][PASSED] - delay(50): Delayed 50 second(s)

24-03-2025T09:58:58 - [MESSAGE][PASSED] - Delayed 50 second(s)

24-03-2025T09:58:58 - [TEST_STEP][PASSED] - click(findTestObject("Выручка в рублях/Фильтр Период" + nameOfBlock)): Object: 'Object Repository/Выручка в рублях/Фильтр Период Выручка' is clicked on

24-03-2025T09:58:59 - [MESSAGE][PASSED] - Object: 'Object Repository/Выручка в рублях/Фильтр Период Выручка' is clicked on

24-03-2025T09:58:59 - [TEST_STEP][PASSED] - click(findTestObject("Выручка в рублях/Снять выделение в фильтре Дата" + nameOfBlock)): Object: 'Object Repository/Выручка в рублях/Снять выделение в фильтре Дата Выручка' is clicked on

24-03-2025T09:58:59 - [MESSAGE][PASSED] - Object: 'Object Repository/Выручка в рублях/Снять выделение в фильтре Дата Выручка' is clicked on

24-03-2025T09:58:59 - [TEST_STEP][PASSED] - scrollToElement(findTestObject("Выручка в рублях/2025 список" + nameOfBlock), 30): Scroll to object 'Object Repository/Выручка в рублях/2025 список Выручка' successfully

24-03-2025T09:59:00 - [MESSAGE][PASSED] - Scroll to object 'Object Repository/Выручка в рублях/2025 список Выручка' successfully

24-03-2025T09:59:00 - [TEST_STEP][PASSED] - click(findTestObject("Выручка в рублях/2025 список" + nameOfBlock)): Object: 'Object Repository/Выручка в рублях/2025 список Выручка' is clicked on

24-03-2025T09:59:00 - [MESSAGE][PASSED] - Object: 'Object Repository/Выручка в рублях/2025 список Выручка' is clicked on

24-03-2025T09:59:00 - [TEST_STEP][PASSED] - scrollToElement(findTestObject("Выручка в рублях/1 квартал 2025 список Выручка"), 30): Scroll to object 'Object Repository/Выручка в рублях/1 квартал 2025 список Выручка' successfully

24-03-2025T09:59:00 - [MESSAGE][PASSED] - Scroll to object 'Object Repository/Выручка в рублях/1 квартал 2025 список Выручка' successfully

24-03-2025T09:59:00 - [TEST_STEP][PASSED] - click(findTestObject("Выручка в рублях/1 квартал 2025 список" + nameOfBlock)): Object: 'Object Repository/Выручка в рублях/1 квартал 2025 список Выручка' is clicked on

24-03-2025T09:59:01 - [MESSAGE][PASSED] - Object: 'Object Repository/Выручка в рублях/1 квартал 2025 список Выручка' is clicked on

24-03-2025T09:59:01 - [TEST_STEP][PASSED] - scrollToElement(findTestObject("Выручка в рублях/Январь 2025" + nameOfBlock), 30): Scroll to object 'Object Repository/Выручка в рублях/Январь 2025 Выручка' successfully

24-03-2025T09:59:01 - [MESSAGE][PASSED] - Scroll to object 'Object Repository/Выручка в рублях/Январь 2025 Выручка' successfully

24-03-2025T09:59:01 - [TEST_STEP][PASSED] - click(findTestObject("Выручка в рублях/Январь 2025" + nameOfBlock)): Object: 'Object Repository/Выручка в рублях/Январь 2025 Выручка' is clicked on

24-03-2025T09:59:01 - [MESSAGE][PASSED] - Object: 'Object Repository/Выручка в рублях/Январь 2025 Выручка' is clicked on

24-03-2025T09:59:01 - [TEST_STEP][PASSED] - scrollToElement(findTestObject("Выручка в рублях/Заголовок дашборда" + nameOfBlock), 30): Scroll to object 'Object Repository/Выручка в рублях/Заголовок дашборда Выручка' successfully

24-03-2025T09:59:02 - [MESSAGE][PASSED] - Scroll to object 'Object Repository/Выручка в рублях/Заголовок дашборда Выручка' successfully

24-03-2025T09:59:02 - [TEST_STEP][PASSED] - click(findTestObject("Выручка в рублях/Применить в фильтре Дата" + nameOfBlock)): Object: 'Object Repository/Выручка в рублях/Применить в фильтре Дата Выручка' is clicked on

24-03-2025T09:59:02 - [MESSAGE][PASSED] - Object: 'Object Repository/Выручка в рублях/Применить в фильтре Дата Выручка' is clicked on

24-03-2025T09:59:02 - [TEST_STEP][PASSED] - delay(55): Delayed 55 second(s)

24-03-2025T09:59:57 - [MESSAGE][PASSED] - Delayed 55 second(s)

24-03-2025T09:59:57 - [TEST_STEP][PASSED] - click(findTestObject("Выручка в рублях/Фильтр ДЗО" + nameOfBlock)): Object: 'Object Repository/Выручка в рублях/Фильтр ДЗО Выручка' is clicked on

24-03-2025T09:59:58 - [MESSAGE][PASSED] - Object: 'Object Repository/Выручка в рублях/Фильтр ДЗО Выручка' is clicked on

24-03-2025T09:59:58 - [TEST_STEP][PASSED] - click(findTestObject("Выручка в рублях/Снять выделение в фильтре ДЗО" + nameOfBlock)): Object: 'Object Repository/Выручка в рублях/Снять выделение в фильтре ДЗО Выручка' is clicked on

24-03-2025T09:59:58 - [MESSAGE][PASSED] - Object: 'Object Repository/Выручка в рублях/Снять выделение в фильтре ДЗО Выручка' is clicked on

24-03-2025T09:59:58 - [TEST_STEP][PASSED] - click(findTestObject("Выручка в рублях/Применить в фильтре ДЗО" + nameOfBlock)): Object: 'Object Repository/Выручка в рублях/Применить в фильтре ДЗО Выручка' is clicked on

24-03-2025T09:59:59 - [MESSAGE][PASSED] - Object: 'Object Repository/Выручка в рублях/Применить в фильтре ДЗО Выручка' is clicked on

24-03-2025T09:59:59 - [TEST_STEP][PASSED] - delay(50): Delayed 50 second(s)

24-03-2025T10:00:49 - [MESSAGE][PASSED] - Delayed 50 second(s)

24-03-2025T10:00:49 - [TEST_STEP][PASSED] - Script1742558545601.Tumbler(run, vir, block, nameOfBlock): null

24-03-2025T10:00:49 - [TEST_STEP][PASSED] - println("run:" + run): null

24-03-2025T10:00:49 - [TEST_STEP][PASSED] - println("vir:" + vir): null

24-03-2025T10:00:49 - [TEST_STEP][PASSED] - println("block:" + block): null

24-03-2025T10:00:49 - [TEST_STEP][PASSED] - println("nameOfBlock:" + nameOfBlock): null

24-03-2025T10:00:49 - [TEST_STEP][PASSED] - if (vir == 1): null

24-03-2025T10:00:49 - [TEST_STEP][PASSED] - else if (vir == 2): Object: 'Object Repository/Выручка в рублях/Применить в фильтре Выручка Выручка' is clicked on

24-03-2025T10:00:49 - [TEST_STEP][PASSED] - if (run == 2): null

24-03-2025T10:00:49 - [TEST_STEP][PASSED] - click(findTestObject("Выручка в рублях/Фильтр Выручка" + nameOfBlock)): Object: 'Object Repository/Выручка в рублях/Фильтр Выручка Выручка' is clicked on

24-03-2025T10:00:49 - [MESSAGE][PASSED] - Object: 'Object Repository/Выручка в рублях/Фильтр Выручка Выручка' is clicked on

24-03-2025T10:00:49 - [TEST_STEP][PASSED] - click(findTestObject("Выручка в рублях/Итого в фильтре Выручка" + nameOfBlock)): Object: 'Object Repository/Выручка в рублях/Итого в фильтре Выручка Выручка' is clicked on

24-03-2025T10:00:50 - [MESSAGE][PASSED] - Object: 'Object Repository/Выручка в рублях/Итого в фильтре Выручка Выручка' is clicked on

24-03-2025T10:00:50 - [TEST_STEP][PASSED] - click(findTestObject("Выручка в рублях/Применить в фильтре Выручка" + nameOfBlock)): Object: 'Object Repository/Выручка в рублях/Применить в фильтре Выручка Выручка' is clicked on

24-03-2025T10:00:51 - [MESSAGE][PASSED] - Object: 'Object Repository/Выручка в рублях/Применить в фильтре Выручка Выручка' is clicked on

24-03-2025T10:00:51 - [TEST_STEP][PASSED] - click(findTestObject("Выручка в рублях/Фильтр ДЗО" + nameOfBlock)): Object: 'Object Repository/Выручка в рублях/Фильтр ДЗО Выручка' is clicked on

24-03-2025T10:00:52 - [MESSAGE][PASSED] - Object: 'Object Repository/Выручка в рублях/Фильтр ДЗО Выручка' is clicked on

24-03-2025T10:00:52 - [TEST_STEP][PASSED] - Script1742558545601.Rosseti(nameOfBlock): null

24-03-2025T10:00:52 - [TEST_STEP][PASSED] - println("nameOfBlock:" + nameOfBlock): null

24-03-2025T10:00:52 - [TEST_STEP][PASSED] - click(findTestObject("Выручка в рублях/ПАО Россети" + nameOfBlock)): Object: 'Object Repository/Выручка в рублях/ПАО Россети Выручка' is clicked on

24-03-2025T10:00:52 - [MESSAGE][PASSED] - Object: 'Object Repository/Выручка в рублях/ПАО Россети Выручка' is clicked on

24-03-2025T10:00:52 - [TEST_STEP][PASSED] - click(findTestObject("Выручка в рублях/Применить в фильтре ДЗО" + nameOfBlock)): Object: 'Object Repository/Выручка в рублях/Применить в фильтре ДЗО Выручка' is clicked on

24-03-2025T10:00:53 - [MESSAGE][PASSED] - Object: 'Object Repository/Выручка в рублях/Применить в фильтре ДЗО Выручка' is clicked on

24-03-2025T10:00:53 - [TEST_STEP][PASSED] - if (vir == 1 || vir == 2): Text of object 'Object Repository/Выручка в рублях/График План Выручка' is: '160 406'

24-03-2025T10:00:53 - [TEST_STEP][PASSED] - b1 = getText(findTestObject("Выручка в рублях/График План Выручка")): Text of object 'Object Repository/Выручка в рублях/График План Выручка' is: '160 406'

24-03-2025T10:00:54 - [MESSAGE][PASSED] - Text of object 'Object Repository/Выручка в рублях/График План Выручка' is: '160 406'

24-03-2025T10:00:54 - [TEST_STEP][PASSED] - if (vir == 1 || vir == 2): Text of object 'Object Repository/Выручка в рублях/График Факт Выручка' is: '155 462'

24-03-2025T10:00:54 - [TEST_STEP][PASSED] - b2 = getText(findTestObject("Выручка в рублях/График Факт Выручка")): Text of object 'Object Repository/Выручка в рублях/График Факт Выручка' is: '155 462'

24-03-2025T10:00:54 - [MESSAGE][PASSED] - Text of object 'Object Repository/Выручка в рублях/График Факт Выручка' is: '155 462'

24-03-2025T10:00:54 - [TEST_STEP][PASSED] - b30 = getText(findTestObject("Выручка в рублях/span1" + perc)): Text of object 'Object Repository/Выручка в рублях/span1' is: '-4 943.3 млн.руб.'

24-03-2025T10:00:54 - [MESSAGE][PASSED] - Text of object 'Object Repository/Выручка в рублях/span1' is: '-4 943.3 млн.руб.'

24-03-2025T10:00:54 - [TEST_STEP][PASSED] - i = b30.indexOf("млн.руб."): null

24-03-2025T10:00:54 - [TEST_STEP][PASSED] - if (i > -1): null

24-03-2025T10:00:54 - [TEST_STEP][PASSED] - b30 = b30.substring(0, i): null

24-03-2025T10:00:54 - [TEST_STEP][PASSED] - b30 = b30.replaceAll(" ", ""): null

24-03-2025T10:00:54 - [TEST_STEP][PASSED] - if (b30.contains("%")): null

24-03-2025T10:00:54 - [TEST_STEP][PASSED] - b30 = ").trim(): null

24-03-2025T10:00:54 - [TEST_STEP][PASSED] - println("b30: " + b30): null

24-03-2025T10:00:54 - [TEST_STEP][PASSED] - if (vir == 1): null

24-03-2025T10:00:54 - [TEST_STEP][PASSED] - else if (vir == 2): Text of object 'Object Repository/Выручка в рублях/span18' is: '-19'

24-03-2025T10:00:54 - [TEST_STEP][PASSED] - b31 = ").trim(): Text of object 'Object Repository/Выручка в рублях/span2' is: '-73'

24-03-2025T10:00:55 - [MESSAGE][PASSED] - Text of object 'Object Repository/Выручка в рублях/span2' is: '-73'

24-03-2025T10:00:55 - [TEST_STEP][PASSED] - b32 = ").trim(): Text of object 'Object Repository/Выручка в рублях/span3' is: '-0'

24-03-2025T10:00:55 - [MESSAGE][PASSED] - Text of object 'Object Repository/Выручка в рублях/span3' is: '-0'

24-03-2025T10:00:55 - [TEST_STEP][PASSED] - b34 = ").trim(): Text of object 'Object Repository/Выручка в рублях/span4' is: '-295'

24-03-2025T10:00:55 - [MESSAGE][PASSED] - Text of object 'Object Repository/Выручка в рублях/span4' is: '-295'

24-03-2025T10:00:55 - [TEST_STEP][PASSED] - b35 = ").trim(): Text of object 'Object Repository/Выручка в рублях/span5' is: '-54'

24-03-2025T10:00:55 - [MESSAGE][PASSED] - Text of object 'Object Repository/Выручка в рублях/span5' is: '-54'

24-03-2025T10:00:55 - [TEST_STEP][PASSED] - b36 = ").trim(): Text of object 'Object Repository/Выручка в рублях/span6' is: '-403'

24-03-2025T10:00:56 - [MESSAGE][PASSED] - Text of object 'Object Repository/Выручка в рублях/span6' is: '-403'

24-03-2025T10:00:56 - [TEST_STEP][PASSED] - b37 = ").trim(): Text of object 'Object Repository/Выручка в рублях/span7' is: '-927'

24-03-2025T10:00:56 - [MESSAGE][PASSED] - Text of object 'Object Repository/Выручка в рублях/span7' is: '-927'

24-03-2025T10:00:56 - [TEST_STEP][PASSED] - b38 = ").trim(): Text of object 'Object Repository/Выручка в рублях/span8' is: '-96'

24-03-2025T10:00:56 - [MESSAGE][PASSED] - Text of object 'Object Repository/Выручка в рублях/span8' is: '-96'

24-03-2025T10:00:56 - [TEST_STEP][PASSED] - b39 = ").trim(): Text of object 'Object Repository/Выручка в рублях/span9' is: '-251'

24-03-2025T10:00:57 - [MESSAGE][PASSED] - Text of object 'Object Repository/Выручка в рублях/span9' is: '-251'

24-03-2025T10:00:57 - [TEST_STEP][PASSED] - b310 = ").trim(): Text of object 'Object Repository/Выручка в рублях/span10' is: '348'

24-03-2025T10:00:57 - [MESSAGE][PASSED] - Text of object 'Object Repository/Выручка в рублях/span10' is: '348'

24-03-2025T10:00:57 - [TEST_STEP][PASSED] - b311 = ").trim(): Text of object 'Object Repository/Выручка в рублях/span11' is: '-58'

24-03-2025T10:00:57 - [MESSAGE][PASSED] - Text of object 'Object Repository/Выручка в рублях/span11' is: '-58'

24-03-2025T10:00:57 - [TEST_STEP][PASSED] - b312 = ").trim(): Text of object 'Object Repository/Выручка в рублях/span12' is: '-1 104'

24-03-2025T10:00:57 - [MESSAGE][PASSED] - Text of object 'Object Repository/Выручка в рублях/span12' is: '-1 104'

24-03-2025T10:00:57 - [TEST_STEP][PASSED] - b313 = ").trim(): Text of object 'Object Repository/Выручка в рублях/span13' is: '-474'

24-03-2025T10:00:58 - [MESSAGE][PASSED] - Text of object 'Object Repository/Выручка в рублях/span13' is: '-474'

24-03-2025T10:00:58 - [TEST_STEP][PASSED] - b314 = ").trim(): Text of object 'Object Repository/Выручка в рублях/span14' is: '-59'

24-03-2025T10:00:58 - [MESSAGE][PASSED] - Text of object 'Object Repository/Выручка в рублях/span14' is: '-59'

24-03-2025T10:00:58 - [TEST_STEP][PASSED] - b315 = ").trim(): Text of object 'Object Repository/Выручка в рублях/span15' is: '-675'

24-03-2025T10:00:58 - [MESSAGE][PASSED] - Text of object 'Object Repository/Выручка в рублях/span15' is: '-675'

24-03-2025T10:00:58 - [TEST_STEP][PASSED] - b316 = ").trim(): Text of object 'Object Repository/Выручка в рублях/span16' is: '-613'

24-03-2025T10:00:59 - [MESSAGE][PASSED] - Text of object 'Object Repository/Выручка в рублях/span16' is: '-613'

24-03-2025T10:00:59 - [TEST_STEP][PASSED] - b317 = ").trim(): Text of object 'Object Repository/Выручка в рублях/span17' is: '-191'

24-03-2025T10:00:59 - [MESSAGE][PASSED] - Text of object 'Object Repository/Выручка в рублях/span17' is: '-191'

24-03-2025T10:00:59 - [TEST_STEP][PASSED] - b318 = ").trim(): Text of object 'Object Repository/Выручка в рублях/span18' is: '-19'

24-03-2025T10:00:59 - [MESSAGE][PASSED] - Text of object 'Object Repository/Выручка в рублях/span18' is: '-19'

24-03-2025T10:00:59 - [TEST_STEP][PASSED] - dZO = "ПАО Россети": null

24-03-2025T10:00:59 - [TEST_STEP][PASSED] - if (verifyEqual(a1, b1) == false): Actual object '160 406' and expected object '160 406' are equal

24-03-2025T10:00:59 - [MESSAGE][PASSED] - Actual object '160 406' and expected object '160 406' are equal

24-03-2025T10:00:59 - [TEST_STEP][PASSED] - if (verifyEqual(a2, b2) == false): Actual object '155 462' and expected object '155 462' are equal

24-03-2025T10:00:59 - [MESSAGE][PASSED] - Actual object '155 462' and expected object '155 462' are equal

24-03-2025T10:00:59 - [TEST_STEP][PASSED] - vidget = "Отклонения": null

24-03-2025T10:00:59 - [TEST_STEP][PASSED] - if (verifyEqual(a30, b30) == false): Actual object '-4943.3' and expected object '-4943.3' are equal

24-03-2025T10:00:59 - [MESSAGE][PASSED] - Actual object '-4943.3' and expected object '-4943.3' are equal

24-03-2025T10:00:59 - [TEST_STEP][PASSED] - dZO = "АО «РЭС»": null

24-03-2025T10:00:59 - [TEST_STEP][PASSED] - if (verifyEqual(a31, b31) == false): Actual object '-73' and expected object '-73' are equal

24-03-2025T10:00:59 - [MESSAGE][PASSED] - Actual object '-73' and expected object '-73' are equal

24-03-2025T10:00:59 - [TEST_STEP][PASSED] - dZO = "АО «Тываэнерго»": null

24-03-2025T10:00:59 - [TEST_STEP][PASSED] - if (verifyEqual(a32, b32) == false): Actual object '-0' and expected object '-0' are equal

24-03-2025T10:00:59 - [MESSAGE][PASSED] - Actual object '-0' and expected object '-0' are equal

24-03-2025T10:00:59 - [TEST_STEP][PASSED] - dZO = "АО «Чеченэнерго»": null

24-03-2025T10:00:59 - [TEST_STEP][PASSED] - if (verifyEqual(a33, b33) == false): Actual object 'null' and expected object 'null' are equal

24-03-2025T10:00:59 - [MESSAGE][PASSED] - Actual object 'null' and expected object 'null' are equal

24-03-2025T10:00:59 - [TEST_STEP][PASSED] - dZO = "Россети Волга": null

24-03-2025T10:00:59 - [TEST_STEP][PASSED] - if (verifyEqual(a34, b34) == false): Actual object '-295' and expected object '-295' are equal

24-03-2025T10:00:59 - [MESSAGE][PASSED] - Actual object '-295' and expected object '-295' are equal

24-03-2025T10:00:59 - [TEST_STEP][PASSED] - dZO = "Россети Кубань": null

24-03-2025T10:00:59 - [TEST_STEP][PASSED] - if (verifyEqual(a35, b35) == false): Actual object '-54' and expected object '-54' are equal

24-03-2025T10:00:59 - [MESSAGE][PASSED] - Actual object '-54' and expected object '-54' are equal

24-03-2025T10:00:59 - [TEST_STEP][PASSED] - dZO = "Россети Ленэнерго (ГК)": null

24-03-2025T10:00:59 - [TEST_STEP][PASSED] - if (verifyEqual(a36, b36) == false): Actual object '-403' and expected object '-403' are equal

24-03-2025T10:00:59 - [MESSAGE][PASSED] - Actual object '-403' and expected object '-403' are equal

24-03-2025T10:00:59 - [TEST_STEP][PASSED] - dZO = "Россети Московский регион": null

24-03-2025T10:00:59 - [TEST_STEP][PASSED] - if (verifyEqual(a37, b37) == false): Actual object '-927' and expected object '-927' are equal

24-03-2025T10:00:59 - [MESSAGE][PASSED] - Actual object '-927' and expected object '-927' are equal

24-03-2025T10:00:59 - [TEST_STEP][PASSED] - dZO = "Россети Северный Кавказ (ГК)": null

24-03-2025T10:00:59 - [TEST_STEP][PASSED] - if (verifyEqual(a38, b38) == false): Actual object '-96' and expected object '-96' are equal

24-03-2025T10:00:59 - [MESSAGE][PASSED] - Actual object '-96' and expected object '-96' are equal

24-03-2025T10:00:59 - [TEST_STEP][PASSED] - dZO = "Россети Северо-Запад": null

24-03-2025T10:00:59 - [TEST_STEP][PASSED] - if (verifyEqual(a39, b39) == false): Actual object '-251' and expected object '-251' are equal

24-03-2025T10:00:59 - [MESSAGE][PASSED] - Actual object '-251' and expected object '-251' are equal

24-03-2025T10:00:59 - [TEST_STEP][PASSED] - dZO = "Россети Сибирь (ГК)": null

24-03-2025T10:00:59 - [TEST_STEP][PASSED] - if (verifyEqual(a310, b310) == false): Actual object '348' and expected object '348' are equal

24-03-2025T10:00:59 - [MESSAGE][PASSED] - Actual object '348' and expected object '348' are equal

24-03-2025T10:00:59 - [TEST_STEP][PASSED] - dZO = "Россети Томск": null

24-03-2025T10:00:59 - [TEST_STEP][PASSED] - if (verifyEqual(a311, b311) == false): Actual object '-58' and expected object '-58' are equal

24-03-2025T10:00:59 - [MESSAGE][PASSED] - Actual object '-58' and expected object '-58' are equal

24-03-2025T10:00:59 - [TEST_STEP][PASSED] - dZO = "Россети Тюмень": null

24-03-2025T10:00:59 - [TEST_STEP][PASSED] - if (verifyEqual(a312, b312) == false): Actual object '-1 104' and expected object '-1 104' are equal

24-03-2025T10:00:59 - [MESSAGE][PASSED] - Actual object '-1 104' and expected object '-1 104' are equal

24-03-2025T10:00:59 - [TEST_STEP][PASSED] - dZO = "Россети Урал (ГК)": null

24-03-2025T10:00:59 - [TEST_STEP][PASSED] - if (verifyEqual(a313, b313) == false): Actual object '-474' and expected object '-474' are equal

24-03-2025T10:00:59 - [MESSAGE][PASSED] - Actual object '-474' and expected object '-474' are equal

24-03-2025T10:00:59 - [TEST_STEP][PASSED] - dZO = "Россети ФСК ЕЭС": null

24-03-2025T10:00:59 - [TEST_STEP][PASSED] - if (verifyEqual(a314, b314) == false): Actual object '-59' and expected object '-59' are equal

24-03-2025T10:00:59 - [MESSAGE][PASSED] - Actual object '-59' and expected object '-59' are equal

24-03-2025T10:00:59 - [TEST_STEP][PASSED] - dZO = "Россети Центр": null

24-03-2025T10:00:59 - [TEST_STEP][PASSED] - if (verifyEqual(a315, b315) == false): Actual object '-675' and expected object '-675' are equal

24-03-2025T10:00:59 - [MESSAGE][PASSED] - Actual object '-675' and expected object '-675' are equal

24-03-2025T10:00:59 - [TEST_STEP][PASSED] - dZO = "Россети Центр и Приволжье (ГК)": null

24-03-2025T10:00:59 - [TEST_STEP][PASSED] - if (verifyEqual(a316, b316) == false): Actual object '-613' and expected object '-613' are equal

24-03-2025T10:00:59 - [MESSAGE][PASSED] - Actual object '-613' and expected object '-613' are equal

24-03-2025T10:00:59 - [TEST_STEP][PASSED] - dZO = "Россети Юг (ГК)": null

24-03-2025T10:00:59 - [TEST_STEP][PASSED] - if (verifyEqual(a317, b317) == false): Actual object '-191' and expected object '-191' are equal

24-03-2025T10:00:59 - [MESSAGE][PASSED] - Actual object '-191' and expected object '-191' are equal

24-03-2025T10:00:59 - [TEST_STEP][PASSED] - dZO = "Россети Янтарь": null

24-03-2025T10:00:59 - [TEST_STEP][PASSED] - if (verifyEqual(a318, b318) == false): Actual object '-19' and expected object '-19' are equal

24-03-2025T10:00:59 - [MESSAGE][PASSED] - Actual object '-19' and expected object '-19' are equal

24-03-2025T10:00:59 - [TEST_STEP][PASSED] - closeBrowser(): null

24-03-2025T10:00:59 - [MESSAGE][PASSED] - Browser is closed

24-03-2025T10:00:59 - [TEST_STEP][PASSED] - Script1742558545601.Blocks(run, vir, block, nameOfBlock, typeOfData, viruchka, vidget, todaysDate, a, b, dZO, x, y): null

24-03-2025T10:00:59 - [TEST_STEP][PASSED] - i = <not implemented yet for class: org.codehaus.groovy.ast.expr.EmptyExpression>: null

24-03-2025T10:00:59 - [TEST_STEP][PASSED] - perc = "": null

24-03-2025T10:00:59 - [TEST_STEP][PASSED] - a1 = <not implemented yet for class: org.codehaus.groovy.ast.expr.EmptyExpression>: null

24-03-2025T10:00:59 - [TEST_STEP][PASSED] - a2 = <not implemented yet for class: org.codehaus.groovy.ast.expr.EmptyExpression>: null

24-03-2025T10:00:59 - [TEST_STEP][PASSED] - a30 = <not implemented yet for class: org.codehaus.groovy.ast.expr.EmptyExpression>: null

24-03-2025T10:00:59 - [TEST_STEP][PASSED] - a31 = <not implemented yet for class: org.codehaus.groovy.ast.expr.EmptyExpression>: null

24-03-2025T10:00:59 - [TEST_STEP][PASSED] - a32 = <not implemented yet for class: org.codehaus.groovy.ast.expr.EmptyExpression>: null

24-03-2025T10:00:59 - [TEST_STEP][PASSED] - a33 = <not implemented yet for class: org.codehaus.groovy.ast.expr.EmptyExpression>: null

24-03-2025T10:00:59 - [TEST_STEP][PASSED] - a34 = <not implemented yet for class: org.codehaus.groovy.ast.expr.EmptyExpression>: null

24-03-2025T10:00:59 - [TEST_STEP][PASSED] - a35 = <not implemented yet for class: org.codehaus.groovy.ast.expr.EmptyExpression>: null

24-03-2025T10:01:00 - [TEST_STEP][PASSED] - a36 = <not implemented yet for class: org.codehaus.groovy.ast.expr.EmptyExpression>: null

24-03-2025T10:01:00 - [TEST_STEP][PASSED] - a37 = <not implemented yet for class: org.codehaus.groovy.ast.expr.EmptyExpression>: null

24-03-2025T10:01:00 - [TEST_STEP][PASSED] - a38 = <not implemented yet for class: org.codehaus.groovy.ast.expr.EmptyExpression>: null

24-03-2025T10:01:00 - [TEST_STEP][PASSED] - a39 = <not implemented yet for class: org.codehaus.groovy.ast.expr.EmptyExpression>: null

24-03-2025T10:01:00 - [TEST_STEP][PASSED] - a310 = <not implemented yet for class: org.codehaus.groovy.ast.expr.EmptyExpression>: null

24-03-2025T10:01:00 - [TEST_STEP][PASSED] - a311 = <not implemented yet for class: org.codehaus.groovy.ast.expr.EmptyExpression>: null

24-03-2025T10:01:00 - [TEST_STEP][PASSED] - a312 = <not implemented yet for class: org.codehaus.groovy.ast.expr.EmptyExpression>: null

24-03-2025T10:01:00 - [TEST_STEP][PASSED] - a313 = <not implemented yet for class: org.codehaus.groovy.ast.expr.EmptyExpression>: null

24-03-2025T10:01:00 - [TEST_STEP][PASSED] - a314 = <not implemented yet for class: org.codehaus.groovy.ast.expr.EmptyExpression>: null

24-03-2025T10:01:00 - [TEST_STEP][PASSED] - a315 = <not implemented yet for class: org.codehaus.groovy.ast.expr.EmptyExpression>: null

24-03-2025T10:01:00 - [TEST_STEP][PASSED] - a316 = <not implemented yet for class: org.codehaus.groovy.ast.expr.EmptyExpression>: null

24-03-2025T10:01:00 - [TEST_STEP][PASSED] - a317 = <not implemented yet for class: org.codehaus.groovy.ast.expr.EmptyExpression>: null

24-03-2025T10:01:00 - [TEST_STEP][PASSED] - a318 = <not implemented yet for class: org.codehaus.groovy.ast.expr.EmptyExpression>: null

24-03-2025T10:01:00 - [TEST_STEP][PASSED] - b1 = <not implemented yet for class: org.codehaus.groovy.ast.expr.EmptyExpression>: null

24-03-2025T10:01:00 - [TEST_STEP][PASSED] - b2 = <not implemented yet for class: org.codehaus.groovy.ast.expr.EmptyExpression>: null

24-03-2025T10:01:00 - [TEST_STEP][PASSED] - b30 = <not implemented yet for class: org.codehaus.groovy.ast.expr.EmptyExpression>: null

24-03-2025T10:01:00 - [TEST_STEP][PASSED] - b31 = <not implemented yet for class: org.codehaus.groovy.ast.expr.EmptyExpression>: null

24-03-2025T10:01:00 - [TEST_STEP][PASSED] - b32 = <not implemented yet for class: org.codehaus.groovy.ast.expr.EmptyExpression>: null

24-03-2025T10:01:00 - [TEST_STEP][PASSED] - b33 = <not implemented yet for class: org.codehaus.groovy.ast.expr.EmptyExpression>: null

24-03-2025T10:01:00 - [TEST_STEP][PASSED] - b34 = <not implemented yet for class: org.codehaus.groovy.ast.expr.EmptyExpression>: null

24-03-2025T10:01:00 - [TEST_STEP][PASSED] - b35 = <not implemented yet for class: org.codehaus.groovy.ast.expr.EmptyExpression>: null

24-03-2025T10:01:00 - [TEST_STEP][PASSED] - b36 = <not implemented yet for class: org.codehaus.groovy.ast.expr.EmptyExpression>: null

24-03-2025T10:01:00 - [TEST_STEP][PASSED] - b37 = <not implemented yet for class: org.codehaus.groovy.ast.expr.EmptyExpression>: null

24-03-2025T10:01:00 - [TEST_STEP][PASSED] - b38 = <not implemented yet for class: org.codehaus.groovy.ast.expr.EmptyExpression>: null

24-03-2025T10:01:00 - [TEST_STEP][PASSED] - b39 = <not implemented yet for class: org.codehaus.groovy.ast.expr.EmptyExpression>: null

24-03-2025T10:01:00 - [TEST_STEP][PASSED] - b310 = <not implemented yet for class: org.codehaus.groovy.ast.expr.EmptyExpression>: null

24-03-2025T10:01:00 - [TEST_STEP][PASSED] - b311 = <not implemented yet for class: org.codehaus.groovy.ast.expr.EmptyExpression>: null

24-03-2025T10:01:00 - [TEST_STEP][PASSED] - b312 = <not implemented yet for class: org.codehaus.groovy.ast.expr.EmptyExpression>: null

24-03-2025T10:01:00 - [TEST_STEP][PASSED] - b313 = <not implemented yet for class: org.codehaus.groovy.ast.expr.EmptyExpression>: null

24-03-2025T10:01:00 - [TEST_STEP][PASSED] - b314 = <not implemented yet for class: org.codehaus.groovy.ast.expr.EmptyExpression>: null

24-03-2025T10:01:00 - [TEST_STEP][PASSED] - b315 = <not implemented yet for class: org.codehaus.groovy.ast.expr.EmptyExpression>: null

24-03-2025T10:01:00 - [TEST_STEP][PASSED] - b316 = <not implemented yet for class: org.codehaus.groovy.ast.expr.EmptyExpression>: null

24-03-2025T10:01:00 - [TEST_STEP][PASSED] - b317 = <not implemented yet for class: org.codehaus.groovy.ast.expr.EmptyExpression>: null

24-03-2025T10:01:00 - [TEST_STEP][PASSED] - b318 = <not implemented yet for class: org.codehaus.groovy.ast.expr.EmptyExpression>: null

24-03-2025T10:01:00 - [TEST_STEP][PASSED] - block = 1: null

24-03-2025T10:01:00 - [TEST_STEP][PASSED] - nameOfBlock = "": null

24-03-2025T10:01:00 - [TEST_STEP][PASSED] - Script1742558545601.PreSettings(run, vir, block, nameOfBlock, typeOfData, todaysDate): null

24-03-2025T10:01:00 - [TEST_STEP][PASSED] - openBrowser(""): Browser is opened with url: ''

24-03-2025T10:01:00 - [MESSAGE][INFO] - Starting 'Chrome' driver

24-03-2025T10:01:00 - [MESSAGE][INFO] - Action delay is set to 0 milliseconds

24-03-2025T10:01:01 - [MESSAGE][PASSED] - Browser is opened with url: ''

24-03-2025T10:01:01 - [TEST_STEP][PASSED] - refresh(): Refresh successfully

24-03-2025T10:01:01 - [MESSAGE][PASSED] - Refresh successfully

24-03-2025T10:01:01 - [TEST_STEP][PASSED] - delay(50): Delayed 50 second(s)

24-03-2025T10:01:51 - [MESSAGE][PASSED] - Delayed 50 second(s)

24-03-2025T10:01:51 - [TEST_STEP][PASSED] - println("run:" + run): null

24-03-2025T10:01:51 - [TEST_STEP][PASSED] - println("vir:" + vir): null

24-03-2025T10:01:51 - [TEST_STEP][PASSED] - println("block:" + block): null

24-03-2025T10:01:51 - [TEST_STEP][PASSED] - if (block == 1): null

24-03-2025T10:01:51 - [TEST_STEP][PASSED] - nameOfBlock = "": null

24-03-2025T10:01:51 - [TEST_STEP][PASSED] - println("nameOfBlock:" + nameOfBlock): null

24-03-2025T10:01:51 - [TEST_STEP][PASSED] - println("typeOfData:" + typeOfData): null

24-03-2025T10:01:51 - [TEST_STEP][PASSED] - println("todaysDate:" + todaysDate): null

24-03-2025T10:01:51 - [TEST_STEP][PASSED] - Script1742558545601.Autorization(block, nameOfBlock): null

24-03-2025T10:01:51 - [TEST_STEP][PASSED] - i = <not implemented yet for class: org.codehaus.groovy.ast.expr.EmptyExpression>: null

24-03-2025T10:01:51 - [TEST_STEP][PASSED] - ii = <not implemented yet for class: org.codehaus.groovy.ast.expr.EmptyExpression>: null

24-03-2025T10:01:51 - [TEST_STEP][PASSED] - urlData = <not implemented yet for class: org.codehaus.groovy.ast.expr.EmptyExpression>: null

24-03-2025T10:01:51 - [TEST_STEP][PASSED] - searchWord = <not implemented yet for class: org.codehaus.groovy.ast.expr.EmptyExpression>: null

24-03-2025T10:01:51 - [TEST_STEP][PASSED] - urlText = <not implemented yet for class: org.codehaus.groovy.ast.expr.EmptyExpression>: null

24-03-2025T10:01:51 - [TEST_STEP][PASSED] - println("block:" + block): null

24-03-2025T10:01:51 - [TEST_STEP][PASSED] - if (block == 1): null

24-03-2025T10:01:51 - [TEST_STEP][PASSED] - nameOfBlock = "": null

24-03-2025T10:01:51 - [TEST_STEP][PASSED] - println("nameOfBlock:" + nameOfBlock): null

24-03-2025T10:01:51 - [TEST_STEP][PASSED] - if (block == 1): Delayed 45 second(s)

24-03-2025T10:01:51 - [TEST_STEP][PASSED] - urlData = 2: null

24-03-2025T10:01:51 - [TEST_STEP][PASSED] - delay(45): Delayed 45 second(s)

24-03-2025T10:02:36 - [MESSAGE][PASSED] - Delayed 45 second(s)

24-03-2025T10:02:36 - [TEST_STEP][PASSED] - navigateToUrl(findTestData("PlanFact").getValue(10, urlData)): Navigate to 'https://bi.rosseti.digital/viewer?dashboardGuid=2301950b23be4ed89c1df75f2020051e&sheetGuid=b723206f698544fb87299f3095c00435&fit=true' successfully

24-03-2025T10:02:39 - [MESSAGE][PASSED] - Navigate to 'https://bi.rosseti.digital/viewer?dashboardGuid=2301950b23be4ed89c1df75f2020051e&sheetGuid=b723206f698544fb87299f3095c00435&fit=true' successfully

24-03-2025T10:02:39 - [TEST_STEP][PASSED] - urlText = getText(findTestObject("Страница авторизации/Text")): Text of object 'Object Repository/Страница авторизации/Text' is: 'Вход'

24-03-2025T10:02:41 - [MESSAGE][PASSED] - Text of object 'Object Repository/Страница авторизации/Text' is: 'Вход'

24-03-2025T10:02:41 - [TEST_STEP][PASSED] - searchWord = "Вход": null

24-03-2025T10:02:41 - [TEST_STEP][PASSED] - if (urlText == null || urlText.contains("ошибка") || urlText.contains(searchWord) == false): null

24-03-2025T10:02:41 - [TEST_STEP][PASSED] - if (verifyElementPresent(findTestObject("Страница авторизации/button_"), 30) == true): null

24-03-2025T10:02:41 - [MESSAGE][PASSED] - Object 'Object Repository/Страница авторизации/button_' is present

24-03-2025T10:02:41 - [TEST_STEP][PASSED] - setText(findTestObject("Страница авторизации/input__username"), findTestData("PlanFact").getValue(8, 1)): Text 'liazgina-di' is set on object 'Object Repository/Страница авторизации/input__username'

24-03-2025T10:02:42 - [MESSAGE][PASSED] - Text 'liazgina-di' is set on object 'Object Repository/Страница авторизации/input__username'

24-03-2025T10:02:42 - [TEST_STEP][PASSED] - setText(findTestObject("Страница авторизации/input__password"), findTestData("PlanFact").getValue(9, 1)): Text ')$%5srZ8o688Dm#q' is set on object 'Object Repository/Страница авторизации/input__password'

24-03-2025T10:02:43 - [MESSAGE][PASSED] - Text ')$%5srZ8o688Dm#q' is set on object 'Object Repository/Страница авторизации/input__password'

24-03-2025T10:02:43 - [TEST_STEP][PASSED] - click(findTestObject("Страница авторизации/button_")): Object: 'Object Repository/Страница авторизации/button_' is clicked on

24-03-2025T10:02:44 - [MESSAGE][PASSED] - Object: 'Object Repository/Страница авторизации/button_' is clicked on

24-03-2025T10:02:44 - [TEST_STEP][PASSED] - delay(45): Delayed 45 second(s)

24-03-2025T10:03:29 - [MESSAGE][PASSED] - Delayed 45 second(s)

24-03-2025T10:03:29 - [TEST_STEP][PASSED] - urlText = getText(findTestObject("Страница авторизации/Text")): Text of object 'Object Repository/Страница авторизации/Text' is: 'Период
Январь 2025 года
Выручка
Все
Выполнение плановых показателей по ПАО Россети за Январь 2025 года
План
Факт
Динамика
2025 год
0 млн.руб.
20 000 млн.руб.
40 000 млн.руб.
60 000 млн.руб.
80 000 млн.руб.
100 000 млн.руб.
120 000 млн.руб.
140 000 млн.руб.
160 000 млн.руб.
180 000 млн.руб.
200 000 млн.руб.
163 377
157 865
↓
ДЗО 
ПАО Россети
Внутренний оборот - выручка за услуги по передаче электрической энергии, учтенная в выручке за электроэнергию для конечных потребителей, при выполнении ДЗО функций гарантирующего поставщика
Подписи данных
⬤Отклонение
АО "РЭС"
АО «Тываэнерго»
АО «Чеченэнерго»
Россети Волга
Россети Кубань
Россети Ленэнерго (ГК)
Россети Московский регион
Россети Северный Кавказ (ГК)
Россети Северо-Запад
Россети Сибирь (ГК)
Россети Томск
Россети Тюмень
Россети Урал (ГК)
Россети ФСК ЕЭС
Россети Центр
Россети Центр и Приволжье (ГК)
Россети Юг (ГК)
Россети Янтарь
-1 200 млн.руб.
-1 000 млн.руб.
- 800 млн.руб.
- 600 млн.руб.
- 400 млн.руб.
- 200 млн.руб.
0 млн.руб.
200 млн.руб.
400 млн.руб.
600 млн.руб.
-73
23
-83
-295
-54
-403
-927
-606
-251
348
-58
-1 104
-474
-59
-675
-613
-191
-19
млн.
%
Выручка
Отклонение выручки по ПАО Россети за Январь 2025 года (факт/план, млн. руб)
ПАО Россети
-5 512.4 млн.руб.
 '

24-03-2025T10:03:30 - [MESSAGE][PASSED] - Text of object 'Object Repository/Страница авторизации/Text' is: 'Период
Январь 2025 года
Выручка
Все
Выполнение плановых показателей по ПАО Россети за Январь 2025 года
План
Факт
Динамика
2025 год
0 млн.руб.
20 000 млн.руб.
40 000 млн.руб.
60 000 млн.руб.
80 000 млн.руб.
100 000 млн.руб.
120 000 млн.руб.
140 000 млн.руб.
160 000 млн.руб.
180 000 млн.руб.
200 000 млн.руб.
163 377
157 865
↓
ДЗО 
ПАО Россети
Внутренний оборот - выручка за услуги по передаче электрической энергии, учтенная в выручке за электроэнергию для конечных потребителей, при выполнении ДЗО функций гарантирующего поставщика
Подписи данных
⬤Отклонение
АО "РЭС"
АО «Тываэнерго»
АО «Чеченэнерго»
Россети Волга
Россети Кубань
Россети Ленэнерго (ГК)
Россети Московский регион
Россети Северный Кавказ (ГК)
Россети Северо-Запад
Россети Сибирь (ГК)
Россети Томск
Россети Тюмень
Россети Урал (ГК)
Россети ФСК ЕЭС
Россети Центр
Россети Центр и Приволжье (ГК)
Россети Юг (ГК)
Россети Янтарь
-1 200 млн.руб.
-1 000 млн.руб.
- 800 млн.руб.
- 600 млн.руб.
- 400 млн.руб.
- 200 млн.руб.
0 млн.руб.
200 млн.руб.
400 млн.руб.
600 млн.руб.
-73
23
-83
-295
-54
-403
-927
-606
-251
348
-58
-1 104
-474
-59
-675
-613
-191
-19
млн.
%
Выручка
Отклонение выручки по ПАО Россети за Январь 2025 года (факт/план, млн. руб)
ПАО Россети
-5 512.4 млн.руб.
 '

24-03-2025T10:03:30 - [TEST_STEP][PASSED] - searchWord = "а": null

24-03-2025T10:03:30 - [TEST_STEP][PASSED] - if (urlText.contains("ошибка") || urlText.contains(searchWord) == false): null

24-03-2025T10:03:30 - [TEST_STEP][PASSED] - delay(45): Delayed 45 second(s)

24-03-2025T10:04:15 - [MESSAGE][PASSED] - Delayed 45 second(s)

24-03-2025T10:04:15 - [TEST_STEP][PASSED] - if (block == 2): null

24-03-2025T10:04:15 - [TEST_STEP][PASSED] - click(findTestObject("Выручка в рублях/Фильтр Период" + nameOfBlock)): Object: 'Object Repository/Выручка в рублях/Фильтр Период' is clicked on

24-03-2025T10:04:16 - [MESSAGE][PASSED] - Object: 'Object Repository/Выручка в рублях/Фильтр Период' is clicked on

24-03-2025T10:04:16 - [TEST_STEP][PASSED] - click(findTestObject("Выручка в рублях/Снять выделение в фильтре Дата" + nameOfBlock)): Object: 'Object Repository/Выручка в рублях/Снять выделение в фильтре Дата' is clicked on

24-03-2025T10:04:16 - [MESSAGE][PASSED] - Object: 'Object Repository/Выручка в рублях/Снять выделение в фильтре Дата' is clicked on

24-03-2025T10:04:16 - [TEST_STEP][PASSED] - click(findTestObject("Выручка в рублях/Применить в фильтре Дата" + nameOfBlock)): Object: 'Object Repository/Выручка в рублях/Применить в фильтре Дата' is clicked on

24-03-2025T10:04:17 - [MESSAGE][PASSED] - Object: 'Object Repository/Выручка в рублях/Применить в фильтре Дата' is clicked on

24-03-2025T10:04:17 - [TEST_STEP][PASSED] - delay(50): Delayed 50 second(s)

24-03-2025T10:05:07 - [MESSAGE][PASSED] - Delayed 50 second(s)

24-03-2025T10:05:07 - [TEST_STEP][PASSED] - click(findTestObject("Выручка в рублях/Фильтр Период" + nameOfBlock)): Object: 'Object Repository/Выручка в рублях/Фильтр Период' is clicked on

24-03-2025T10:05:07 - [MESSAGE][PASSED] - Object: 'Object Repository/Выручка в рублях/Фильтр Период' is clicked on

24-03-2025T10:05:07 - [TEST_STEP][PASSED] - click(findTestObject("Выручка в рублях/Снять выделение в фильтре Дата" + nameOfBlock)): Object: 'Object Repository/Выручка в рублях/Снять выделение в фильтре Дата' is clicked on

24-03-2025T10:05:07 - [MESSAGE][PASSED] - Object: 'Object Repository/Выручка в рублях/Снять выделение в фильтре Дата' is clicked on

24-03-2025T10:05:07 - [TEST_STEP][PASSED] - scrollToElement(findTestObject("Выручка в рублях/2025 список" + nameOfBlock), 30): Scroll to object 'Object Repository/Выручка в рублях/2025 список' successfully

24-03-2025T10:05:08 - [MESSAGE][PASSED] - Scroll to object 'Object Repository/Выручка в рублях/2025 список' successfully

24-03-2025T10:05:08 - [TEST_STEP][PASSED] - click(findTestObject("Выручка в рублях/2025 список" + nameOfBlock)): Object: 'Object Repository/Выручка в рублях/2025 список' is clicked on

24-03-2025T10:05:08 - [MESSAGE][PASSED] - Object: 'Object Repository/Выручка в рублях/2025 список' is clicked on

24-03-2025T10:05:08 - [TEST_STEP][PASSED] - scrollToElement(findTestObject("Выручка в рублях/1 квартал 2025 список Выручка"), 30): Scroll to object 'Object Repository/Выручка в рублях/1 квартал 2025 список Выручка' successfully

24-03-2025T10:05:09 - [MESSAGE][PASSED] - Scroll to object 'Object Repository/Выручка в рублях/1 квартал 2025 список Выручка' successfully

24-03-2025T10:05:09 - [TEST_STEP][PASSED] - click(findTestObject("Выручка в рублях/1 квартал 2025 список" + nameOfBlock)): Object: 'Object Repository/Выручка в рублях/1 квартал 2025 список' is clicked on

24-03-2025T10:05:09 - [MESSAGE][PASSED] - Object: 'Object Repository/Выручка в рублях/1 квартал 2025 список' is clicked on

24-03-2025T10:05:09 - [TEST_STEP][PASSED] - scrollToElement(findTestObject("Выручка в рублях/Январь 2025" + nameOfBlock), 30): Scroll to object 'Object Repository/Выручка в рублях/Январь 2025' successfully

24-03-2025T10:05:09 - [MESSAGE][PASSED] - Scroll to object 'Object Repository/Выручка в рублях/Январь 2025' successfully

24-03-2025T10:05:09 - [TEST_STEP][PASSED] - click(findTestObject("Выручка в рублях/Январь 2025" + nameOfBlock)): Object: 'Object Repository/Выручка в рублях/Январь 2025' is clicked on

24-03-2025T10:05:10 - [MESSAGE][PASSED] - Object: 'Object Repository/Выручка в рублях/Январь 2025' is clicked on

24-03-2025T10:05:10 - [TEST_STEP][PASSED] - scrollToElement(findTestObject("Выручка в рублях/Заголовок дашборда" + nameOfBlock), 30): Scroll to object 'Object Repository/Выручка в рублях/Заголовок дашборда' successfully

24-03-2025T10:05:10 - [MESSAGE][PASSED] - Scroll to object 'Object Repository/Выручка в рублях/Заголовок дашборда' successfully

24-03-2025T10:05:10 - [TEST_STEP][PASSED] - click(findTestObject("Выручка в рублях/Применить в фильтре Дата" + nameOfBlock)): Object: 'Object Repository/Выручка в рублях/Применить в фильтре Дата' is clicked on

24-03-2025T10:05:11 - [MESSAGE][PASSED] - Object: 'Object Repository/Выручка в рублях/Применить в фильтре Дата' is clicked on

24-03-2025T10:05:11 - [TEST_STEP][PASSED] - delay(55): Delayed 55 second(s)

24-03-2025T10:06:06 - [MESSAGE][PASSED] - Delayed 55 second(s)

24-03-2025T10:06:06 - [TEST_STEP][PASSED] - click(findTestObject("Выручка в рублях/Фильтр ДЗО" + nameOfBlock)): Object: 'Object Repository/Выручка в рублях/Фильтр ДЗО' is clicked on

24-03-2025T10:06:06 - [MESSAGE][PASSED] - Object: 'Object Repository/Выручка в рублях/Фильтр ДЗО' is clicked on

24-03-2025T10:06:06 - [TEST_STEP][PASSED] - click(findTestObject("Выручка в рублях/Снять выделение в фильтре ДЗО" + nameOfBlock)): Object: 'Object Repository/Выручка в рублях/Снять выделение в фильтре ДЗО' is clicked on

24-03-2025T10:06:06 - [MESSAGE][PASSED] - Object: 'Object Repository/Выручка в рублях/Снять выделение в фильтре ДЗО' is clicked on

24-03-2025T10:06:06 - [TEST_STEP][PASSED] - click(findTestObject("Выручка в рублях/Применить в фильтре ДЗО" + nameOfBlock)): Object: 'Object Repository/Выручка в рублях/Применить в фильтре ДЗО' is clicked on

24-03-2025T10:06:07 - [MESSAGE][PASSED] - Object: 'Object Repository/Выручка в рублях/Применить в фильтре ДЗО' is clicked on

24-03-2025T10:06:07 - [TEST_STEP][PASSED] - delay(50): Delayed 50 second(s)

24-03-2025T10:06:57 - [MESSAGE][PASSED] - Delayed 50 second(s)

24-03-2025T10:06:57 - [TEST_STEP][PASSED] - Script1742558545601.Tumbler(run, vir, block, nameOfBlock): null

24-03-2025T10:06:57 - [TEST_STEP][PASSED] - println("run:" + run): null

24-03-2025T10:06:57 - [TEST_STEP][PASSED] - println("vir:" + vir): null

24-03-2025T10:06:57 - [TEST_STEP][PASSED] - println("block:" + block): null

24-03-2025T10:06:57 - [TEST_STEP][PASSED] - println("nameOfBlock:" + nameOfBlock): null

24-03-2025T10:06:57 - [TEST_STEP][PASSED] - if (vir == 1): null

24-03-2025T10:06:57 - [TEST_STEP][PASSED] - else if (vir == 2): null

24-03-2025T10:06:57 - [TEST_STEP][PASSED] - else if (vir == 3): Object: 'Object Repository/Выручка в рублях/Применить в фильтре Выручка' is clicked on

24-03-2025T10:06:57 - [TEST_STEP][PASSED] - if (run == 2): null

24-03-2025T10:06:57 - [TEST_STEP][PASSED] - click(findTestObject("Выручка в рублях/Фильтр Выручка" + nameOfBlock)): Object: 'Object Repository/Выручка в рублях/Фильтр Выручка' is clicked on

24-03-2025T10:06:57 - [MESSAGE][PASSED] - Object: 'Object Repository/Выручка в рублях/Фильтр Выручка' is clicked on

24-03-2025T10:06:57 - [TEST_STEP][PASSED] - click(findTestObject("Выручка в рублях/Внутренний оборот в фильтре Выручка" + nameOfBlock)): Object: 'Object Repository/Выручка в рублях/Внутренний оборот в фильтре Выручка' is clicked on

24-03-2025T10:06:58 - [MESSAGE][PASSED] - Object: 'Object Repository/Выручка в рублях/Внутренний оборот в фильтре Выручка' is clicked on

24-03-2025T10:06:58 - [TEST_STEP][PASSED] - click(findTestObject("Выручка в рублях/Применить в фильтре Выручка" + nameOfBlock)): Object: 'Object Repository/Выручка в рублях/Применить в фильтре Выручка' is clicked on

24-03-2025T10:06:59 - [MESSAGE][PASSED] - Object: 'Object Repository/Выручка в рублях/Применить в фильтре Выручка' is clicked on

24-03-2025T10:06:59 - [TEST_STEP][PASSED] - click(findTestObject("Выручка в рублях/Фильтр ДЗО" + nameOfBlock)): Object: 'Object Repository/Выручка в рублях/Фильтр ДЗО' is clicked on

24-03-2025T10:06:59 - [MESSAGE][PASSED] - Object: 'Object Repository/Выручка в рублях/Фильтр ДЗО' is clicked on

24-03-2025T10:06:59 - [TEST_STEP][PASSED] - Script1742558545601.Rosseti(nameOfBlock): null

24-03-2025T10:06:59 - [TEST_STEP][PASSED] - println("nameOfBlock:" + nameOfBlock): null

24-03-2025T10:06:59 - [TEST_STEP][PASSED] - click(findTestObject("Выручка в рублях/ПАО Россети" + nameOfBlock)): Object: 'Object Repository/Выручка в рублях/ПАО Россети' is clicked on

24-03-2025T10:07:00 - [MESSAGE][PASSED] - Object: 'Object Repository/Выручка в рублях/ПАО Россети' is clicked on

24-03-2025T10:07:00 - [TEST_STEP][PASSED] - click(findTestObject("Выручка в рублях/Применить в фильтре ДЗО" + nameOfBlock)): Object: 'Object Repository/Выручка в рублях/Применить в фильтре ДЗО' is clicked on

24-03-2025T10:07:01 - [MESSAGE][PASSED] - Object: 'Object Repository/Выручка в рублях/Применить в фильтре ДЗО' is clicked on

24-03-2025T10:07:01 - [TEST_STEP][PASSED] - if (run == 2): null

24-03-2025T10:07:01 - [TEST_STEP][PASSED] - if (vir == 1 || vir == 2): null

24-03-2025T10:07:01 - [TEST_STEP][PASSED] - else: Text of object 'Object Repository/Выручка в рублях/vir3Plan' is: '2 971'

24-03-2025T10:07:01 - [TEST_STEP][PASSED] - a1 = getText(findTestObject("Выручка в рублях/vir3Plan")): Text of object 'Object Repository/Выручка в рублях/vir3Plan' is: '2 971'

24-03-2025T10:07:02 - [MESSAGE][PASSED] - Text of object 'Object Repository/Выручка в рублях/vir3Plan' is: '2 971'

24-03-2025T10:07:02 - [TEST_STEP][PASSED] - if (vir == 1 || vir == 2): null

24-03-2025T10:07:02 - [TEST_STEP][PASSED] - else: Text of object 'Object Repository/Выручка в рублях/vir3Fact' is: '2 402'

24-03-2025T10:07:02 - [TEST_STEP][PASSED] - a2 = getText(findTestObject("Выручка в рублях/vir3Fact")): Text of object 'Object Repository/Выручка в рублях/vir3Fact' is: '2 402'

24-03-2025T10:07:02 - [MESSAGE][PASSED] - Text of object 'Object Repository/Выручка в рублях/vir3Fact' is: '2 402'

24-03-2025T10:07:02 - [TEST_STEP][PASSED] - a30 = getText(findTestObject("Выручка в рублях/span1" + perc)): Text of object 'Object Repository/Выручка в рублях/span1' is: '-569 млн.руб.'

24-03-2025T10:07:02 - [MESSAGE][PASSED] - Text of object 'Object Repository/Выручка в рублях/span1' is: '-569 млн.руб.'

24-03-2025T10:07:02 - [TEST_STEP][PASSED] - i = a30.indexOf("млн.руб."): null

24-03-2025T10:07:02 - [TEST_STEP][PASSED] - if (i > -1): null

24-03-2025T10:07:02 - [TEST_STEP][PASSED] - a30 = a30.substring(0, i): null

24-03-2025T10:07:02 - [TEST_STEP][PASSED] - a30 = a30.replaceAll(" ", ""): null

24-03-2025T10:07:02 - [TEST_STEP][PASSED] - if (a30.contains("%")): null

24-03-2025T10:07:02 - [TEST_STEP][PASSED] - a30 = ").trim(): null

24-03-2025T10:07:02 - [TEST_STEP][PASSED] - println("a30: " + a30): null

24-03-2025T10:07:02 - [TEST_STEP][PASSED] - if (vir == 1): null

24-03-2025T10:07:02 - [TEST_STEP][PASSED] - else if (vir == 2): null

24-03-2025T10:07:02 - [TEST_STEP][PASSED] - else: Text of object 'Object Repository/Выручка в рублях/span5' is: '0'

24-03-2025T10:07:02 - [TEST_STEP][PASSED] - a32 = ").trim(): Text of object 'Object Repository/Выручка в рублях/span2' is: '23'

24-03-2025T10:07:02 - [MESSAGE][PASSED] - Text of object 'Object Repository/Выручка в рублях/span2' is: '23'

24-03-2025T10:07:02 - [TEST_STEP][PASSED] - a33 = ").trim(): Text of object 'Object Repository/Выручка в рублях/span3' is: '-83'

24-03-2025T10:07:03 - [MESSAGE][PASSED] - Text of object 'Object Repository/Выручка в рублях/span3' is: '-83'

24-03-2025T10:07:03 - [TEST_STEP][PASSED] - a38 = ").trim(): Text of object 'Object Repository/Выручка в рублях/span4' is: '-509'

24-03-2025T10:07:03 - [MESSAGE][PASSED] - Text of object 'Object Repository/Выручка в рублях/span4' is: '-509'

24-03-2025T10:07:03 - [TEST_STEP][PASSED] - a317 = ").trim(): Text of object 'Object Repository/Выручка в рублях/span5' is: '0'

24-03-2025T10:07:03 - [MESSAGE][PASSED] - Text of object 'Object Repository/Выручка в рублях/span5' is: '0'

24-03-2025T10:07:03 - [TEST_STEP][PASSED] - block = 2: null

24-03-2025T10:07:03 - [TEST_STEP][PASSED] - nameOfBlock = " Выручка": null

24-03-2025T10:07:03 - [TEST_STEP][PASSED] - Script1742558545601.PreSettings(run, vir, block, nameOfBlock, typeOfData, todaysDate): null

24-03-2025T10:07:03 - [TEST_STEP][PASSED] - openBrowser(""): Browser is opened with url: ''

24-03-2025T10:07:03 - [MESSAGE][WARNING] - A browser is already opened. Closing browser and opening a new one

24-03-2025T10:07:04 - [MESSAGE][INFO] - Starting 'Chrome' driver

24-03-2025T10:07:04 - [MESSAGE][INFO] - Action delay is set to 0 milliseconds

24-03-2025T10:07:05 - [MESSAGE][PASSED] - Browser is opened with url: ''

24-03-2025T10:07:05 - [TEST_STEP][PASSED] - refresh(): Refresh successfully

24-03-2025T10:07:05 - [MESSAGE][PASSED] - Refresh successfully

24-03-2025T10:07:05 - [TEST_STEP][PASSED] - delay(50): Delayed 50 second(s)

24-03-2025T10:07:55 - [MESSAGE][PASSED] - Delayed 50 second(s)

24-03-2025T10:07:55 - [TEST_STEP][PASSED] - println("run:" + run): null

24-03-2025T10:07:55 - [TEST_STEP][PASSED] - println("vir:" + vir): null

24-03-2025T10:07:55 - [TEST_STEP][PASSED] - println("block:" + block): null

24-03-2025T10:07:55 - [TEST_STEP][PASSED] - if (block == 1): null

24-03-2025T10:07:55 - [TEST_STEP][PASSED] - else: null

24-03-2025T10:07:55 - [TEST_STEP][PASSED] - nameOfBlock = " Выручка": null

24-03-2025T10:07:55 - [TEST_STEP][PASSED] - println("nameOfBlock:" + nameOfBlock): null

24-03-2025T10:07:55 - [TEST_STEP][PASSED] - println("typeOfData:" + typeOfData): null

24-03-2025T10:07:55 - [TEST_STEP][PASSED] - println("todaysDate:" + todaysDate): null

24-03-2025T10:07:55 - [TEST_STEP][PASSED] - Script1742558545601.Autorization(block, nameOfBlock): null

24-03-2025T10:07:55 - [TEST_STEP][PASSED] - i = <not implemented yet for class: org.codehaus.groovy.ast.expr.EmptyExpression>: null

24-03-2025T10:07:55 - [TEST_STEP][PASSED] - ii = <not implemented yet for class: org.codehaus.groovy.ast.expr.EmptyExpression>: null

24-03-2025T10:07:55 - [TEST_STEP][PASSED] - urlData = <not implemented yet for class: org.codehaus.groovy.ast.expr.EmptyExpression>: null

24-03-2025T10:07:55 - [TEST_STEP][PASSED] - searchWord = <not implemented yet for class: org.codehaus.groovy.ast.expr.EmptyExpression>: null

24-03-2025T10:07:55 - [TEST_STEP][PASSED] - urlText = <not implemented yet for class: org.codehaus.groovy.ast.expr.EmptyExpression>: null

24-03-2025T10:07:55 - [TEST_STEP][PASSED] - println("block:" + block): null

24-03-2025T10:07:55 - [TEST_STEP][PASSED] - if (block == 1): null

24-03-2025T10:07:55 - [TEST_STEP][PASSED] - else: null

24-03-2025T10:07:55 - [TEST_STEP][PASSED] - delay(45): Delayed 45 second(s)

24-03-2025T10:08:40 - [MESSAGE][PASSED] - Delayed 45 second(s)

24-03-2025T10:08:40 - [TEST_STEP][PASSED] - nameOfBlock = " Выручка": null

24-03-2025T10:08:40 - [TEST_STEP][PASSED] - println("nameOfBlock:" + nameOfBlock): null

24-03-2025T10:08:40 - [TEST_STEP][PASSED] - if (block == 1): null

24-03-2025T10:08:40 - [TEST_STEP][PASSED] - else: Delayed 45 second(s)

24-03-2025T10:08:40 - [TEST_STEP][PASSED] - urlData = 9: null

24-03-2025T10:08:40 - [TEST_STEP][PASSED] - delay(45): Delayed 45 second(s)

24-03-2025T10:09:25 - [MESSAGE][PASSED] - Delayed 45 second(s)

24-03-2025T10:09:25 - [TEST_STEP][PASSED] - navigateToUrl(findTestData("PlanFact").getValue(10, urlData)): Navigate to 'https://bi.rosseti.digital/viewer?dashboardGuid=a1fd28b3785d443cbc4d7690a1d78e31&sheetGuid=86092a20c5984827a0c87b24cac76a50&fit=true' successfully

24-03-2025T10:09:29 - [MESSAGE][PASSED] - Navigate to 'https://bi.rosseti.digital/viewer?dashboardGuid=a1fd28b3785d443cbc4d7690a1d78e31&sheetGuid=86092a20c5984827a0c87b24cac76a50&fit=true' successfully

24-03-2025T10:09:29 - [TEST_STEP][PASSED] - urlText = getText(findTestObject("Страница авторизации/Text")): Text of object 'Object Repository/Страница авторизации/Text' is: ''

24-03-2025T10:09:29 - [MESSAGE][PASSED] - Text of object 'Object Repository/Страница авторизации/Text' is: ''

24-03-2025T10:09:29 - [TEST_STEP][PASSED] - searchWord = "Вход": null

24-03-2025T10:09:29 - [TEST_STEP][PASSED] - if (urlText == null || urlText.contains("ошибка") || urlText.contains(searchWord) == false): Text of object 'Object Repository/Страница авторизации/Text' is: 'Вход'

24-03-2025T10:09:29 - [TEST_STEP][PASSED] - for ([urlText.contains(searchWord) == false, i < 10, (ii++)]): Text of object 'Object Repository/Страница авторизации/Text' is: 'Вход'

24-03-2025T10:09:29 - [TEST_STEP][PASSED] - i = i + 1: null

24-03-2025T10:09:29 - [TEST_STEP][PASSED] - refresh(): Refresh successfully

24-03-2025T10:09:30 - [MESSAGE][PASSED] - Refresh successfully

24-03-2025T10:09:30 - [TEST_STEP][PASSED] - delay(45): Delayed 45 second(s)

24-03-2025T10:10:15 - [MESSAGE][PASSED] - Delayed 45 second(s)

24-03-2025T10:10:15 - [TEST_STEP][PASSED] - navigateToUrl(findTestData("PlanFact").getValue(10, urlData)): Navigate to 'https://bi.rosseti.digital/viewer?dashboardGuid=a1fd28b3785d443cbc4d7690a1d78e31&sheetGuid=86092a20c5984827a0c87b24cac76a50&fit=true' successfully

24-03-2025T10:10:15 - [MESSAGE][PASSED] - Navigate to 'https://bi.rosseti.digital/viewer?dashboardGuid=a1fd28b3785d443cbc4d7690a1d78e31&sheetGuid=86092a20c5984827a0c87b24cac76a50&fit=true' successfully

24-03-2025T10:10:15 - [TEST_STEP][PASSED] - delay(45): Delayed 45 second(s)

24-03-2025T10:11:00 - [MESSAGE][PASSED] - Delayed 45 second(s)

24-03-2025T10:11:00 - [TEST_STEP][PASSED] - urlText = getText(findTestObject("Страница авторизации/Text")): Text of object 'Object Repository/Страница авторизации/Text' is: 'Вход'

24-03-2025T10:11:01 - [MESSAGE][PASSED] - Text of object 'Object Repository/Страница авторизации/Text' is: 'Вход'

24-03-2025T10:11:01 - [TEST_STEP][PASSED] - i = i + 1: null

24-03-2025T10:11:01 - [TEST_STEP][PASSED] - refresh(): Refresh successfully

24-03-2025T10:11:01 - [MESSAGE][PASSED] - Refresh successfully

24-03-2025T10:11:01 - [TEST_STEP][PASSED] - delay(45): Delayed 45 second(s)

24-03-2025T10:11:46 - [MESSAGE][PASSED] - Delayed 45 second(s)

24-03-2025T10:11:46 - [TEST_STEP][PASSED] - navigateToUrl(findTestData("PlanFact").getValue(10, urlData)): Navigate to 'https://bi.rosseti.digital/viewer?dashboardGuid=a1fd28b3785d443cbc4d7690a1d78e31&sheetGuid=86092a20c5984827a0c87b24cac76a50&fit=true' successfully

24-03-2025T10:11:46 - [MESSAGE][PASSED] - Navigate to 'https://bi.rosseti.digital/viewer?dashboardGuid=a1fd28b3785d443cbc4d7690a1d78e31&sheetGuid=86092a20c5984827a0c87b24cac76a50&fit=true' successfully

24-03-2025T10:11:46 - [TEST_STEP][PASSED] - delay(45): Delayed 45 second(s)

24-03-2025T10:12:31 - [MESSAGE][PASSED] - Delayed 45 second(s)

24-03-2025T10:12:31 - [TEST_STEP][PASSED] - urlText = getText(findTestObject("Страница авторизации/Text")): Text of object 'Object Repository/Страница авторизации/Text' is: 'Вход'

24-03-2025T10:12:31 - [MESSAGE][PASSED] - Text of object 'Object Repository/Страница авторизации/Text' is: 'Вход'

24-03-2025T10:12:31 - [TEST_STEP][PASSED] - i = i + 1: null

24-03-2025T10:12:31 - [TEST_STEP][PASSED] - refresh(): Refresh successfully

24-03-2025T10:12:32 - [MESSAGE][PASSED] - Refresh successfully

24-03-2025T10:12:32 - [TEST_STEP][PASSED] - delay(45): Delayed 45 second(s)

24-03-2025T10:13:17 - [MESSAGE][PASSED] - Delayed 45 second(s)

24-03-2025T10:13:17 - [TEST_STEP][PASSED] - navigateToUrl(findTestData("PlanFact").getValue(10, urlData)): Navigate to 'https://bi.rosseti.digital/viewer?dashboardGuid=a1fd28b3785d443cbc4d7690a1d78e31&sheetGuid=86092a20c5984827a0c87b24cac76a50&fit=true' successfully

24-03-2025T10:13:17 - [MESSAGE][PASSED] - Navigate to 'https://bi.rosseti.digital/viewer?dashboardGuid=a1fd28b3785d443cbc4d7690a1d78e31&sheetGuid=86092a20c5984827a0c87b24cac76a50&fit=true' successfully

24-03-2025T10:13:17 - [TEST_STEP][PASSED] - delay(45): Delayed 45 second(s)

24-03-2025T10:14:02 - [MESSAGE][PASSED] - Delayed 45 second(s)

24-03-2025T10:14:02 - [TEST_STEP][PASSED] - urlText = getText(findTestObject("Страница авторизации/Text")): Text of object 'Object Repository/Страница авторизации/Text' is: 'Вход'

24-03-2025T10:14:02 - [MESSAGE][PASSED] - Text of object 'Object Repository/Страница авторизации/Text' is: 'Вход'

24-03-2025T10:14:02 - [TEST_STEP][PASSED] - i = i + 1: null

24-03-2025T10:14:02 - [TEST_STEP][PASSED] - refresh(): Refresh successfully

24-03-2025T10:14:02 - [MESSAGE][PASSED] - Refresh successfully

24-03-2025T10:14:02 - [TEST_STEP][PASSED] - delay(45): Delayed 45 second(s)

24-03-2025T10:14:47 - [MESSAGE][PASSED] - Delayed 45 second(s)

24-03-2025T10:14:47 - [TEST_STEP][PASSED] - navigateToUrl(findTestData("PlanFact").getValue(10, urlData)): Navigate to 'https://bi.rosseti.digital/viewer?dashboardGuid=a1fd28b3785d443cbc4d7690a1d78e31&sheetGuid=86092a20c5984827a0c87b24cac76a50&fit=true' successfully

24-03-2025T10:14:48 - [MESSAGE][PASSED] - Navigate to 'https://bi.rosseti.digital/viewer?dashboardGuid=a1fd28b3785d443cbc4d7690a1d78e31&sheetGuid=86092a20c5984827a0c87b24cac76a50&fit=true' successfully

24-03-2025T10:14:48 - [TEST_STEP][PASSED] - delay(45): Delayed 45 second(s)

24-03-2025T10:15:33 - [MESSAGE][PASSED] - Delayed 45 second(s)

24-03-2025T10:15:33 - [TEST_STEP][PASSED] - urlText = getText(findTestObject("Страница авторизации/Text")): Text of object 'Object Repository/Страница авторизации/Text' is: 'Вход'

24-03-2025T10:15:33 - [MESSAGE][PASSED] - Text of object 'Object Repository/Страница авторизации/Text' is: 'Вход'

24-03-2025T10:15:33 - [TEST_STEP][PASSED] - i = i + 1: null

24-03-2025T10:15:33 - [TEST_STEP][PASSED] - refresh(): Refresh successfully

24-03-2025T10:15:33 - [MESSAGE][PASSED] - Refresh successfully

24-03-2025T10:15:33 - [TEST_STEP][PASSED] - delay(45): Delayed 45 second(s)

24-03-2025T10:16:18 - [MESSAGE][PASSED] - Delayed 45 second(s)

24-03-2025T10:16:18 - [TEST_STEP][PASSED] - navigateToUrl(findTestData("PlanFact").getValue(10, urlData)): Navigate to 'https://bi.rosseti.digital/viewer?dashboardGuid=a1fd28b3785d443cbc4d7690a1d78e31&sheetGuid=86092a20c5984827a0c87b24cac76a50&fit=true' successfully

24-03-2025T10:16:19 - [MESSAGE][PASSED] - Navigate to 'https://bi.rosseti.digital/viewer?dashboardGuid=a1fd28b3785d443cbc4d7690a1d78e31&sheetGuid=86092a20c5984827a0c87b24cac76a50&fit=true' successfully

24-03-2025T10:16:19 - [TEST_STEP][PASSED] - delay(45): Delayed 45 second(s)

24-03-2025T10:17:04 - [MESSAGE][PASSED] - Delayed 45 second(s)

24-03-2025T10:17:04 - [TEST_STEP][PASSED] - urlText = getText(findTestObject("Страница авторизации/Text")): Text of object 'Object Repository/Страница авторизации/Text' is: 'Вход'

24-03-2025T10:17:04 - [MESSAGE][PASSED] - Text of object 'Object Repository/Страница авторизации/Text' is: 'Вход'

24-03-2025T10:17:04 - [TEST_STEP][PASSED] - i = i + 1: null

24-03-2025T10:17:04 - [TEST_STEP][PASSED] - refresh(): Refresh successfully

24-03-2025T10:17:04 - [MESSAGE][PASSED] - Refresh successfully

24-03-2025T10:17:04 - [TEST_STEP][PASSED] - delay(45): Delayed 45 second(s)

24-03-2025T10:17:49 - [MESSAGE][PASSED] - Delayed 45 second(s)

24-03-2025T10:17:49 - [TEST_STEP][PASSED] - navigateToUrl(findTestData("PlanFact").getValue(10, urlData)): Navigate to 'https://bi.rosseti.digital/viewer?dashboardGuid=a1fd28b3785d443cbc4d7690a1d78e31&sheetGuid=86092a20c5984827a0c87b24cac76a50&fit=true' successfully

24-03-2025T10:17:50 - [MESSAGE][PASSED] - Navigate to 'https://bi.rosseti.digital/viewer?dashboardGuid=a1fd28b3785d443cbc4d7690a1d78e31&sheetGuid=86092a20c5984827a0c87b24cac76a50&fit=true' successfully

24-03-2025T10:17:50 - [TEST_STEP][PASSED] - delay(45): Delayed 45 second(s)

24-03-2025T10:18:35 - [MESSAGE][PASSED] - Delayed 45 second(s)

24-03-2025T10:18:35 - [TEST_STEP][PASSED] - urlText = getText(findTestObject("Страница авторизации/Text")): Text of object 'Object Repository/Страница авторизации/Text' is: 'Вход'

24-03-2025T10:18:35 - [MESSAGE][PASSED] - Text of object 'Object Repository/Страница авторизации/Text' is: 'Вход'

24-03-2025T10:18:35 - [TEST_STEP][PASSED] - i = i + 1: null

24-03-2025T10:18:35 - [TEST_STEP][PASSED] - refresh(): Refresh successfully

24-03-2025T10:18:35 - [MESSAGE][PASSED] - Refresh successfully

24-03-2025T10:18:35 - [TEST_STEP][PASSED] - delay(45): Delayed 45 second(s)

24-03-2025T10:19:20 - [MESSAGE][PASSED] - Delayed 45 second(s)

24-03-2025T10:19:20 - [TEST_STEP][PASSED] - navigateToUrl(findTestData("PlanFact").getValue(10, urlData)): Navigate to 'https://bi.rosseti.digital/viewer?dashboardGuid=a1fd28b3785d443cbc4d7690a1d78e31&sheetGuid=86092a20c5984827a0c87b24cac76a50&fit=true' successfully

24-03-2025T10:19:20 - [MESSAGE][PASSED] - Navigate to 'https://bi.rosseti.digital/viewer?dashboardGuid=a1fd28b3785d443cbc4d7690a1d78e31&sheetGuid=86092a20c5984827a0c87b24cac76a50&fit=true' successfully

24-03-2025T10:19:20 - [TEST_STEP][PASSED] - delay(45): Delayed 45 second(s)

24-03-2025T10:20:05 - [MESSAGE][PASSED] - Delayed 45 second(s)

24-03-2025T10:20:05 - [TEST_STEP][PASSED] - urlText = getText(findTestObject("Страница авторизации/Text")): Text of object 'Object Repository/Страница авторизации/Text' is: 'Вход'

24-03-2025T10:20:06 - [MESSAGE][PASSED] - Text of object 'Object Repository/Страница авторизации/Text' is: 'Вход'

24-03-2025T10:20:06 - [TEST_STEP][PASSED] - i = i + 1: null

24-03-2025T10:20:06 - [TEST_STEP][PASSED] - refresh(): Refresh successfully

24-03-2025T10:20:06 - [MESSAGE][PASSED] - Refresh successfully

24-03-2025T10:20:06 - [TEST_STEP][PASSED] - delay(45): Delayed 45 second(s)

24-03-2025T10:20:51 - [MESSAGE][PASSED] - Delayed 45 second(s)

24-03-2025T10:20:51 - [TEST_STEP][PASSED] - navigateToUrl(findTestData("PlanFact").getValue(10, urlData)): Navigate to 'https://bi.rosseti.digital/viewer?dashboardGuid=a1fd28b3785d443cbc4d7690a1d78e31&sheetGuid=86092a20c5984827a0c87b24cac76a50&fit=true' successfully

24-03-2025T10:20:51 - [MESSAGE][PASSED] - Navigate to 'https://bi.rosseti.digital/viewer?dashboardGuid=a1fd28b3785d443cbc4d7690a1d78e31&sheetGuid=86092a20c5984827a0c87b24cac76a50&fit=true' successfully

24-03-2025T10:20:51 - [TEST_STEP][PASSED] - delay(45): Delayed 45 second(s)

24-03-2025T10:21:36 - [MESSAGE][PASSED] - Delayed 45 second(s)

24-03-2025T10:21:36 - [TEST_STEP][PASSED] - urlText = getText(findTestObject("Страница авторизации/Text")): Text of object 'Object Repository/Страница авторизации/Text' is: 'Вход'

24-03-2025T10:21:37 - [MESSAGE][PASSED] - Text of object 'Object Repository/Страница авторизации/Text' is: 'Вход'

24-03-2025T10:21:37 - [TEST_STEP][PASSED] - i = i + 1: null

24-03-2025T10:21:37 - [TEST_STEP][PASSED] - refresh(): Refresh successfully

24-03-2025T10:21:37 - [MESSAGE][PASSED] - Refresh successfully

24-03-2025T10:21:37 - [TEST_STEP][PASSED] - delay(45): Delayed 45 second(s)

24-03-2025T10:22:22 - [MESSAGE][PASSED] - Delayed 45 second(s)

24-03-2025T10:22:22 - [TEST_STEP][PASSED] - navigateToUrl(findTestData("PlanFact").getValue(10, urlData)): Navigate to 'https://bi.rosseti.digital/viewer?dashboardGuid=a1fd28b3785d443cbc4d7690a1d78e31&sheetGuid=86092a20c5984827a0c87b24cac76a50&fit=true' successfully

24-03-2025T10:22:22 - [MESSAGE][PASSED] - Navigate to 'https://bi.rosseti.digital/viewer?dashboardGuid=a1fd28b3785d443cbc4d7690a1d78e31&sheetGuid=86092a20c5984827a0c87b24cac76a50&fit=true' successfully

24-03-2025T10:22:22 - [TEST_STEP][PASSED] - delay(45): Delayed 45 second(s)

24-03-2025T10:23:07 - [MESSAGE][PASSED] - Delayed 45 second(s)

24-03-2025T10:23:07 - [TEST_STEP][PASSED] - urlText = getText(findTestObject("Страница авторизации/Text")): Text of object 'Object Repository/Страница авторизации/Text' is: 'Вход'

24-03-2025T10:23:07 - [MESSAGE][PASSED] - Text of object 'Object Repository/Страница авторизации/Text' is: 'Вход'

24-03-2025T10:23:07 - [TEST_STEP][PASSED] - i = i + 1: null

24-03-2025T10:23:07 - [TEST_STEP][PASSED] - refresh(): Refresh successfully

24-03-2025T10:23:07 - [MESSAGE][PASSED] - Refresh successfully

24-03-2025T10:23:07 - [TEST_STEP][PASSED] - delay(45): Delayed 45 second(s)

24-03-2025T10:23:52 - [MESSAGE][PASSED] - Delayed 45 second(s)

24-03-2025T10:23:52 - [TEST_STEP][PASSED] - navigateToUrl(findTestData("PlanFact").getValue(10, urlData)): Navigate to 'https://bi.rosseti.digital/viewer?dashboardGuid=a1fd28b3785d443cbc4d7690a1d78e31&sheetGuid=86092a20c5984827a0c87b24cac76a50&fit=true' successfully

24-03-2025T10:23:53 - [MESSAGE][PASSED] - Navigate to 'https://bi.rosseti.digital/viewer?dashboardGuid=a1fd28b3785d443cbc4d7690a1d78e31&sheetGuid=86092a20c5984827a0c87b24cac76a50&fit=true' successfully

24-03-2025T10:23:53 - [TEST_STEP][PASSED] - delay(45): Delayed 45 second(s)

24-03-2025T10:24:38 - [MESSAGE][PASSED] - Delayed 45 second(s)

24-03-2025T10:24:38 - [TEST_STEP][PASSED] - urlText = getText(findTestObject("Страница авторизации/Text")): Text of object 'Object Repository/Страница авторизации/Text' is: 'Вход'

24-03-2025T10:24:38 - [MESSAGE][PASSED] - Text of object 'Object Repository/Страница авторизации/Text' is: 'Вход'

24-03-2025T10:24:38 - [TEST_STEP][PASSED] - if (verifyElementPresent(findTestObject("Страница авторизации/button_"), 30) == true): null

24-03-2025T10:24:38 - [MESSAGE][PASSED] - Object 'Object Repository/Страница авторизации/button_' is present

24-03-2025T10:24:38 - [TEST_STEP][PASSED] - setText(findTestObject("Страница авторизации/input__username"), findTestData("PlanFact").getValue(8, 1)): Text 'liazgina-di' is set on object 'Object Repository/Страница авторизации/input__username'

24-03-2025T10:24:39 - [MESSAGE][PASSED] - Text 'liazgina-di' is set on object 'Object Repository/Страница авторизации/input__username'

24-03-2025T10:24:39 - [TEST_STEP][PASSED] - setText(findTestObject("Страница авторизации/input__password"), findTestData("PlanFact").getValue(9, 1)): Text ')$%5srZ8o688Dm#q' is set on object 'Object Repository/Страница авторизации/input__password'

24-03-2025T10:24:40 - [MESSAGE][PASSED] - Text ')$%5srZ8o688Dm#q' is set on object 'Object Repository/Страница авторизации/input__password'

24-03-2025T10:24:40 - [TEST_STEP][PASSED] - click(findTestObject("Страница авторизации/button_")): Object: 'Object Repository/Страница авторизации/button_' is clicked on

24-03-2025T10:24:45 - [MESSAGE][PASSED] - Object: 'Object Repository/Страница авторизации/button_' is clicked on

24-03-2025T10:24:45 - [TEST_STEP][PASSED] - delay(45): Delayed 45 second(s)

24-03-2025T10:25:30 - [MESSAGE][PASSED] - Delayed 45 second(s)

24-03-2025T10:25:30 - [TEST_STEP][PASSED] - urlText = getText(findTestObject("Страница авторизации/Text")): Text of object 'Object Repository/Страница авторизации/Text' is: 'Период
2025 - 1 квартал - Январь
Выручка
Все
Выполнение плановых показателей, млн.руб.
План
Факт
Динамика
2025 год
0 млн.руб.
20 000 млн.руб.
40 000 млн.руб.
60 000 млн.руб.
80 000 млн.руб.
100 000 млн.руб.
120 000 млн.руб.
140 000 млн.руб.
160 000 млн.руб.
180 000 млн.руб.
200 000 млн.руб.
163 377
157 865
↓
ДЗО 
Все
Подписи данных
⬤Отклонение
АО "РЭС"
АО «Тываэнерго»
АО «Чеченэнерго»
Россети Волга
Россети Кубань
Россети Ленэнерго (ГК)
Россети Московский регион
Россети Северный Кавказ (ГК)
Россети Северо-Запад
Россети Сибирь (ГК)
Россети Томск
Россети Тюмень
Россети Урал (ГК)
Россети ФСК ЕЭС
Россети Центр
Россети Центр и Приволжье (ГК)
Россети Юг (ГК)
Россети Янтарь
-1 200млн.руб.
-1 000млн.руб.
-800млн.руб.
-600млн.руб.
-400млн.руб.
-200млн.руб.
0 млн.руб.
200млн.руб.
400млн.руб.
600 …
-73
23
-83
-295
-54
-403
-927
-606
-251
348
-58
-1 104
-474
-59
-675
-613
-191
-19
млн.
%
Выручка
Отклонение выручки (факт/план, млн. руб) 
ПАО Россети
-5 512.4 млн.руб.
Статус данных
×
Просьба обратить внимание
Данные занесены и согласованы не полностью
ВЫБРАННЫЕ ЗНАЧЕНИЯ ФИЛЬТРОВ
ДЗО | ПЕРИОД
ПАО Россети: [«Выбраны все филиалы по всем ДЗО по всем категориям»]
2025: [Янв]
*Внутренний оборот'

24-03-2025T10:25:31 - [MESSAGE][PASSED] - Text of object 'Object Repository/Страница авторизации/Text' is: 'Период
2025 - 1 квартал - Январь
Выручка
Все
Выполнение плановых показателей, млн.руб.
План
Факт
Динамика
2025 год
0 млн.руб.
20 000 млн.руб.
40 000 млн.руб.
60 000 млн.руб.
80 000 млн.руб.
100 000 млн.руб.
120 000 млн.руб.
140 000 млн.руб.
160 000 млн.руб.
180 000 млн.руб.
200 000 млн.руб.
163 377
157 865
↓
ДЗО 
Все
Подписи данных
⬤Отклонение
АО "РЭС"
АО «Тываэнерго»
АО «Чеченэнерго»
Россети Волга
Россети Кубань
Россети Ленэнерго (ГК)
Россети Московский регион
Россети Северный Кавказ (ГК)
Россети Северо-Запад
Россети Сибирь (ГК)
Россети Томск
Россети Тюмень
Россети Урал (ГК)
Россети ФСК ЕЭС
Россети Центр
Россети Центр и Приволжье (ГК)
Россети Юг (ГК)
Россети Янтарь
-1 200млн.руб.
-1 000млн.руб.
-800млн.руб.
-600млн.руб.
-400млн.руб.
-200млн.руб.
0 млн.руб.
200млн.руб.
400млн.руб.
600 …
-73
23
-83
-295
-54
-403
-927
-606
-251
348
-58
-1 104
-474
-59
-675
-613
-191
-19
млн.
%
Выручка
Отклонение выручки (факт/план, млн. руб) 
ПАО Россети
-5 512.4 млн.руб.
Статус данных
×
Просьба обратить внимание
Данные занесены и согласованы не полностью
ВЫБРАННЫЕ ЗНАЧЕНИЯ ФИЛЬТРОВ
ДЗО | ПЕРИОД
ПАО Россети: [«Выбраны все филиалы по всем ДЗО по всем категориям»]
2025: [Янв]
*Внутренний оборот'

24-03-2025T10:25:31 - [TEST_STEP][PASSED] - searchWord = "а": null

24-03-2025T10:25:31 - [TEST_STEP][PASSED] - if (urlText.contains("ошибка") || urlText.contains(searchWord) == false): null

24-03-2025T10:25:31 - [TEST_STEP][PASSED] - delay(45): Delayed 45 second(s)

24-03-2025T10:26:16 - [MESSAGE][PASSED] - Delayed 45 second(s)

24-03-2025T10:26:16 - [TEST_STEP][PASSED] - if (block == 2): Delayed 50 second(s)

24-03-2025T10:26:16 - [TEST_STEP][PASSED] - opoveshenie = getText(findTestObject("Выручка в рублях/Просьба обратить внимание")): Text of object 'Object Repository/Выручка в рублях/Просьба обратить внимание' is: 'Просьба обратить внимание'

24-03-2025T10:26:16 - [MESSAGE][PASSED] - Text of object 'Object Repository/Выручка в рублях/Просьба обратить внимание' is: 'Просьба обратить внимание'

24-03-2025T10:26:16 - [TEST_STEP][PASSED] - if (opoveshenie == "Просьба обратить внимание"): Delayed 50 second(s)

24-03-2025T10:26:16 - [TEST_STEP][PASSED] - click(findTestObject("Выручка в рублях/Закрыть оповещение")): Object: 'Object Repository/Выручка в рублях/Закрыть оповещение' is clicked on

24-03-2025T10:26:17 - [MESSAGE][PASSED] - Object: 'Object Repository/Выручка в рублях/Закрыть оповещение' is clicked on

24-03-2025T10:26:17 - [TEST_STEP][PASSED] - delay(50): Delayed 50 second(s)

24-03-2025T10:27:07 - [MESSAGE][PASSED] - Delayed 50 second(s)

24-03-2025T10:27:07 - [TEST_STEP][PASSED] - click(findTestObject("Выручка в рублях/Фильтр Период" + nameOfBlock)): Object: 'Object Repository/Выручка в рублях/Фильтр Период Выручка' is clicked on

24-03-2025T10:27:07 - [MESSAGE][PASSED] - Object: 'Object Repository/Выручка в рублях/Фильтр Период Выручка' is clicked on

24-03-2025T10:27:07 - [TEST_STEP][PASSED] - click(findTestObject("Выручка в рублях/Снять выделение в фильтре Дата" + nameOfBlock)): Object: 'Object Repository/Выручка в рублях/Снять выделение в фильтре Дата Выручка' is clicked on

24-03-2025T10:27:08 - [MESSAGE][PASSED] - Object: 'Object Repository/Выручка в рублях/Снять выделение в фильтре Дата Выручка' is clicked on

24-03-2025T10:27:08 - [TEST_STEP][PASSED] - click(findTestObject("Выручка в рублях/Применить в фильтре Дата" + nameOfBlock)): Object: 'Object Repository/Выручка в рублях/Применить в фильтре Дата Выручка' is clicked on

24-03-2025T10:27:08 - [MESSAGE][PASSED] - Object: 'Object Repository/Выручка в рублях/Применить в фильтре Дата Выручка' is clicked on

24-03-2025T10:27:08 - [TEST_STEP][PASSED] - delay(50): Delayed 50 second(s)

24-03-2025T10:27:58 - [MESSAGE][PASSED] - Delayed 50 second(s)

24-03-2025T10:27:58 - [TEST_STEP][PASSED] - click(findTestObject("Выручка в рублях/Фильтр Период" + nameOfBlock)): Object: 'Object Repository/Выручка в рублях/Фильтр Период Выручка' is clicked on

24-03-2025T10:27:58 - [MESSAGE][PASSED] - Object: 'Object Repository/Выручка в рублях/Фильтр Период Выручка' is clicked on

24-03-2025T10:27:58 - [TEST_STEP][PASSED] - click(findTestObject("Выручка в рублях/Снять выделение в фильтре Дата" + nameOfBlock)): Object: 'Object Repository/Выручка в рублях/Снять выделение в фильтре Дата Выручка' is clicked on

24-03-2025T10:27:59 - [MESSAGE][PASSED] - Object: 'Object Repository/Выручка в рублях/Снять выделение в фильтре Дата Выручка' is clicked on

24-03-2025T10:27:59 - [TEST_STEP][PASSED] - scrollToElement(findTestObject("Выручка в рублях/2025 список" + nameOfBlock), 30): Scroll to object 'Object Repository/Выручка в рублях/2025 список Выручка' successfully

24-03-2025T10:27:59 - [MESSAGE][PASSED] - Scroll to object 'Object Repository/Выручка в рублях/2025 список Выручка' successfully

24-03-2025T10:27:59 - [TEST_STEP][PASSED] - click(findTestObject("Выручка в рублях/2025 список" + nameOfBlock)): Object: 'Object Repository/Выручка в рублях/2025 список Выручка' is clicked on

24-03-2025T10:28:00 - [MESSAGE][PASSED] - Object: 'Object Repository/Выручка в рублях/2025 список Выручка' is clicked on

24-03-2025T10:28:00 - [TEST_STEP][PASSED] - scrollToElement(findTestObject("Выручка в рублях/1 квартал 2025 список Выручка"), 30): Scroll to object 'Object Repository/Выручка в рублях/1 квартал 2025 список Выручка' successfully

24-03-2025T10:28:00 - [MESSAGE][PASSED] - Scroll to object 'Object Repository/Выручка в рублях/1 квартал 2025 список Выручка' successfully

24-03-2025T10:28:00 - [TEST_STEP][PASSED] - click(findTestObject("Выручка в рублях/1 квартал 2025 список" + nameOfBlock)): Object: 'Object Repository/Выручка в рублях/1 квартал 2025 список Выручка' is clicked on

24-03-2025T10:28:00 - [MESSAGE][PASSED] - Object: 'Object Repository/Выручка в рублях/1 квартал 2025 список Выручка' is clicked on

24-03-2025T10:28:00 - [TEST_STEP][PASSED] - scrollToElement(findTestObject("Выручка в рублях/Январь 2025" + nameOfBlock), 30): Scroll to object 'Object Repository/Выручка в рублях/Январь 2025 Выручка' successfully

24-03-2025T10:28:01 - [MESSAGE][PASSED] - Scroll to object 'Object Repository/Выручка в рублях/Январь 2025 Выручка' successfully

24-03-2025T10:28:01 - [TEST_STEP][PASSED] - click(findTestObject("Выручка в рублях/Январь 2025" + nameOfBlock)): Object: 'Object Repository/Выручка в рублях/Январь 2025 Выручка' is clicked on

24-03-2025T10:28:01 - [MESSAGE][PASSED] - Object: 'Object Repository/Выручка в рублях/Январь 2025 Выручка' is clicked on

24-03-2025T10:28:01 - [TEST_STEP][PASSED] - scrollToElement(findTestObject("Выручка в рублях/Заголовок дашборда" + nameOfBlock), 30): Scroll to object 'Object Repository/Выручка в рублях/Заголовок дашборда Выручка' successfully

24-03-2025T10:28:02 - [MESSAGE][PASSED] - Scroll to object 'Object Repository/Выручка в рублях/Заголовок дашборда Выручка' successfully

24-03-2025T10:28:02 - [TEST_STEP][PASSED] - click(findTestObject("Выручка в рублях/Применить в фильтре Дата" + nameOfBlock)): Object: 'Object Repository/Выручка в рублях/Применить в фильтре Дата Выручка' is clicked on

24-03-2025T10:28:02 - [MESSAGE][PASSED] - Object: 'Object Repository/Выручка в рублях/Применить в фильтре Дата Выручка' is clicked on

24-03-2025T10:28:02 - [TEST_STEP][PASSED] - delay(55): Delayed 55 second(s)

24-03-2025T10:28:57 - [MESSAGE][PASSED] - Delayed 55 second(s)

24-03-2025T10:28:57 - [TEST_STEP][PASSED] - click(findTestObject("Выручка в рублях/Фильтр ДЗО" + nameOfBlock)): Object: 'Object Repository/Выручка в рублях/Фильтр ДЗО Выручка' is clicked on

24-03-2025T10:28:57 - [MESSAGE][PASSED] - Object: 'Object Repository/Выручка в рублях/Фильтр ДЗО Выручка' is clicked on

24-03-2025T10:28:57 - [TEST_STEP][PASSED] - click(findTestObject("Выручка в рублях/Снять выделение в фильтре ДЗО" + nameOfBlock)): Object: 'Object Repository/Выручка в рублях/Снять выделение в фильтре ДЗО Выручка' is clicked on

24-03-2025T10:28:58 - [MESSAGE][PASSED] - Object: 'Object Repository/Выручка в рублях/Снять выделение в фильтре ДЗО Выручка' is clicked on

24-03-2025T10:28:58 - [TEST_STEP][PASSED] - click(findTestObject("Выручка в рублях/Применить в фильтре ДЗО" + nameOfBlock)): Object: 'Object Repository/Выручка в рублях/Применить в фильтре ДЗО Выручка' is clicked on

24-03-2025T10:28:58 - [MESSAGE][PASSED] - Object: 'Object Repository/Выручка в рублях/Применить в фильтре ДЗО Выручка' is clicked on

24-03-2025T10:28:58 - [TEST_STEP][PASSED] - delay(50): Delayed 50 second(s)

24-03-2025T10:29:48 - [MESSAGE][PASSED] - Delayed 50 second(s)

24-03-2025T10:29:48 - [TEST_STEP][PASSED] - Script1742558545601.Tumbler(run, vir, block, nameOfBlock): null

24-03-2025T10:29:48 - [TEST_STEP][PASSED] - println("run:" + run): null

24-03-2025T10:29:48 - [TEST_STEP][PASSED] - println("vir:" + vir): null

24-03-2025T10:29:48 - [TEST_STEP][PASSED] - println("block:" + block): null

24-03-2025T10:29:48 - [TEST_STEP][PASSED] - println("nameOfBlock:" + nameOfBlock): null

24-03-2025T10:29:48 - [TEST_STEP][PASSED] - if (vir == 1): null

24-03-2025T10:29:48 - [TEST_STEP][PASSED] - else if (vir == 2): null

24-03-2025T10:29:48 - [TEST_STEP][PASSED] - else if (vir == 3): Object: 'Object Repository/Выручка в рублях/Применить в фильтре Выручка Выручка' is clicked on

24-03-2025T10:29:48 - [TEST_STEP][PASSED] - if (run == 2): null

24-03-2025T10:29:48 - [TEST_STEP][PASSED] - click(findTestObject("Выручка в рублях/Фильтр Выручка" + nameOfBlock)): Object: 'Object Repository/Выручка в рублях/Фильтр Выручка Выручка' is clicked on

24-03-2025T10:29:49 - [MESSAGE][PASSED] - Object: 'Object Repository/Выручка в рублях/Фильтр Выручка Выручка' is clicked on

24-03-2025T10:29:49 - [TEST_STEP][PASSED] - click(findTestObject("Выручка в рублях/Внутренний оборот в фильтре Выручка" + nameOfBlock)): Object: 'Object Repository/Выручка в рублях/Внутренний оборот в фильтре Выручка Выручка' is clicked on

24-03-2025T10:29:49 - [MESSAGE][PASSED] - Object: 'Object Repository/Выручка в рублях/Внутренний оборот в фильтре Выручка Выручка' is clicked on

24-03-2025T10:29:49 - [TEST_STEP][PASSED] - click(findTestObject("Выручка в рублях/Применить в фильтре Выручка" + nameOfBlock)): Object: 'Object Repository/Выручка в рублях/Применить в фильтре Выручка Выручка' is clicked on

24-03-2025T10:29:50 - [MESSAGE][PASSED] - Object: 'Object Repository/Выручка в рублях/Применить в фильтре Выручка Выручка' is clicked on

24-03-2025T10:29:50 - [TEST_STEP][PASSED] - click(findTestObject("Выручка в рублях/Фильтр ДЗО" + nameOfBlock)): Object: 'Object Repository/Выручка в рублях/Фильтр ДЗО Выручка' is clicked on

24-03-2025T10:29:51 - [MESSAGE][PASSED] - Object: 'Object Repository/Выручка в рублях/Фильтр ДЗО Выручка' is clicked on

24-03-2025T10:29:51 - [TEST_STEP][PASSED] - Script1742558545601.Rosseti(nameOfBlock): null

24-03-2025T10:29:51 - [TEST_STEP][PASSED] - println("nameOfBlock:" + nameOfBlock): null

24-03-2025T10:29:51 - [TEST_STEP][PASSED] - click(findTestObject("Выручка в рублях/ПАО Россети" + nameOfBlock)): Object: 'Object Repository/Выручка в рублях/ПАО Россети Выручка' is clicked on

24-03-2025T10:29:51 - [MESSAGE][PASSED] - Object: 'Object Repository/Выручка в рублях/ПАО Россети Выручка' is clicked on

24-03-2025T10:29:51 - [TEST_STEP][PASSED] - click(findTestObject("Выручка в рублях/Применить в фильтре ДЗО" + nameOfBlock)): Object: 'Object Repository/Выручка в рублях/Применить в фильтре ДЗО Выручка' is clicked on

24-03-2025T10:29:52 - [MESSAGE][PASSED] - Object: 'Object Repository/Выручка в рублях/Применить в фильтре ДЗО Выручка' is clicked on

24-03-2025T10:29:52 - [TEST_STEP][PASSED] - if (vir == 1 || vir == 2): null

24-03-2025T10:29:52 - [TEST_STEP][PASSED] - else: Text of object 'Object Repository/Выручка в рублях/vir3Plan Выручка' is: '2 971'

24-03-2025T10:29:52 - [TEST_STEP][PASSED] - b1 = getText(findTestObject("Выручка в рублях/vir3Plan Выручка")): Text of object 'Object Repository/Выручка в рублях/vir3Plan Выручка' is: '2 971'

24-03-2025T10:29:53 - [MESSAGE][PASSED] - Text of object 'Object Repository/Выручка в рублях/vir3Plan Выручка' is: '2 971'

24-03-2025T10:29:53 - [TEST_STEP][PASSED] - if (vir == 1 || vir == 2): null

24-03-2025T10:29:53 - [TEST_STEP][PASSED] - else: Text of object 'Object Repository/Выручка в рублях/vir3Fact Выручка' is: '2 402'

24-03-2025T10:29:53 - [TEST_STEP][PASSED] - b2 = getText(findTestObject("Выручка в рублях/vir3Fact Выручка")): Text of object 'Object Repository/Выручка в рублях/vir3Fact Выручка' is: '2 402'

24-03-2025T10:29:53 - [MESSAGE][PASSED] - Text of object 'Object Repository/Выручка в рублях/vir3Fact Выручка' is: '2 402'

24-03-2025T10:29:53 - [TEST_STEP][PASSED] - b30 = getText(findTestObject("Выручка в рублях/span1" + perc)): Text of object 'Object Repository/Выручка в рублях/span1' is: '-569 млн.руб.'

24-03-2025T10:29:54 - [MESSAGE][PASSED] - Text of object 'Object Repository/Выручка в рублях/span1' is: '-569 млн.руб.'

24-03-2025T10:29:54 - [TEST_STEP][PASSED] - i = b30.indexOf("млн.руб."): null

24-03-2025T10:29:54 - [TEST_STEP][PASSED] - if (i > -1): null

24-03-2025T10:29:54 - [TEST_STEP][PASSED] - b30 = b30.substring(0, i): null

24-03-2025T10:29:54 - [TEST_STEP][PASSED] - b30 = b30.replaceAll(" ", ""): null

24-03-2025T10:29:54 - [TEST_STEP][PASSED] - if (b30.contains("%")): null

24-03-2025T10:29:54 - [TEST_STEP][PASSED] - b30 = ").trim(): null

24-03-2025T10:29:54 - [TEST_STEP][PASSED] - println("b30: " + b30): null

24-03-2025T10:29:54 - [TEST_STEP][PASSED] - if (vir == 1): null

24-03-2025T10:29:54 - [TEST_STEP][PASSED] - else if (vir == 2): null

24-03-2025T10:29:54 - [TEST_STEP][PASSED] - else: Text of object 'Object Repository/Выручка в рублях/span5' is: '0'

24-03-2025T10:29:54 - [TEST_STEP][PASSED] - b32 = ").trim(): Text of object 'Object Repository/Выручка в рублях/span2' is: '23'

24-03-2025T10:29:54 - [MESSAGE][PASSED] - Text of object 'Object Repository/Выручка в рублях/span2' is: '23'

24-03-2025T10:29:54 - [TEST_STEP][PASSED] - b33 = ").trim(): Text of object 'Object Repository/Выручка в рублях/span3' is: '-83'

24-03-2025T10:29:54 - [MESSAGE][PASSED] - Text of object 'Object Repository/Выручка в рублях/span3' is: '-83'

24-03-2025T10:29:54 - [TEST_STEP][PASSED] - b38 = ").trim(): Text of object 'Object Repository/Выручка в рублях/span4' is: '-509'

24-03-2025T10:29:54 - [MESSAGE][PASSED] - Text of object 'Object Repository/Выручка в рублях/span4' is: '-509'

24-03-2025T10:29:54 - [TEST_STEP][PASSED] - b317 = ").trim(): Text of object 'Object Repository/Выручка в рублях/span5' is: '0'

24-03-2025T10:29:55 - [MESSAGE][PASSED] - Text of object 'Object Repository/Выручка в рублях/span5' is: '0'

24-03-2025T10:29:55 - [TEST_STEP][PASSED] - dZO = "ПАО Россети": null

24-03-2025T10:29:55 - [TEST_STEP][PASSED] - if (verifyEqual(a1, b1) == false): Actual object '2 971' and expected object '2 971' are equal

24-03-2025T10:29:55 - [MESSAGE][PASSED] - Actual object '2 971' and expected object '2 971' are equal

24-03-2025T10:29:55 - [TEST_STEP][PASSED] - if (verifyEqual(a2, b2) == false): Actual object '2 402' and expected object '2 402' are equal

24-03-2025T10:29:55 - [MESSAGE][PASSED] - Actual object '2 402' and expected object '2 402' are equal

24-03-2025T10:29:55 - [TEST_STEP][PASSED] - vidget = "Отклонения": null

24-03-2025T10:29:55 - [TEST_STEP][PASSED] - if (verifyEqual(a30, b30) == false): Actual object '-569' and expected object '-569' are equal

24-03-2025T10:29:55 - [MESSAGE][PASSED] - Actual object '-569' and expected object '-569' are equal

24-03-2025T10:29:55 - [TEST_STEP][PASSED] - dZO = "АО «РЭС»": null

24-03-2025T10:29:55 - [TEST_STEP][PASSED] - if (verifyEqual(a31, b31) == false): Actual object 'null' and expected object 'null' are equal

24-03-2025T10:29:55 - [MESSAGE][PASSED] - Actual object 'null' and expected object 'null' are equal

24-03-2025T10:29:55 - [TEST_STEP][PASSED] - dZO = "АО «Тываэнерго»": null

24-03-2025T10:29:55 - [TEST_STEP][PASSED] - if (verifyEqual(a32, b32) == false): Actual object '23' and expected object '23' are equal

24-03-2025T10:29:55 - [MESSAGE][PASSED] - Actual object '23' and expected object '23' are equal

24-03-2025T10:29:55 - [TEST_STEP][PASSED] - dZO = "АО «Чеченэнерго»": null

24-03-2025T10:29:55 - [TEST_STEP][PASSED] - if (verifyEqual(a33, b33) == false): Actual object '-83' and expected object '-83' are equal

24-03-2025T10:29:55 - [MESSAGE][PASSED] - Actual object '-83' and expected object '-83' are equal

24-03-2025T10:29:55 - [TEST_STEP][PASSED] - dZO = "Россети Волга": null

24-03-2025T10:29:55 - [TEST_STEP][PASSED] - if (verifyEqual(a34, b34) == false): Actual object 'null' and expected object 'null' are equal

24-03-2025T10:29:55 - [MESSAGE][PASSED] - Actual object 'null' and expected object 'null' are equal

24-03-2025T10:29:55 - [TEST_STEP][PASSED] - dZO = "Россети Кубань": null

24-03-2025T10:29:55 - [TEST_STEP][PASSED] - if (verifyEqual(a35, b35) == false): Actual object 'null' and expected object 'null' are equal

24-03-2025T10:29:55 - [MESSAGE][PASSED] - Actual object 'null' and expected object 'null' are equal

24-03-2025T10:29:55 - [TEST_STEP][PASSED] - dZO = "Россети Ленэнерго (ГК)": null

24-03-2025T10:29:55 - [TEST_STEP][PASSED] - if (verifyEqual(a36, b36) == false): Actual object 'null' and expected object 'null' are equal

24-03-2025T10:29:55 - [MESSAGE][PASSED] - Actual object 'null' and expected object 'null' are equal

24-03-2025T10:29:55 - [TEST_STEP][PASSED] - dZO = "Россети Московский регион": null

24-03-2025T10:29:55 - [TEST_STEP][PASSED] - if (verifyEqual(a37, b37) == false): Actual object 'null' and expected object 'null' are equal

24-03-2025T10:29:55 - [MESSAGE][PASSED] - Actual object 'null' and expected object 'null' are equal

24-03-2025T10:29:55 - [TEST_STEP][PASSED] - dZO = "Россети Северный Кавказ (ГК)": null

24-03-2025T10:29:55 - [TEST_STEP][PASSED] - if (verifyEqual(a38, b38) == false): Actual object '-509' and expected object '-509' are equal

24-03-2025T10:29:55 - [MESSAGE][PASSED] - Actual object '-509' and expected object '-509' are equal

24-03-2025T10:29:55 - [TEST_STEP][PASSED] - dZO = "Россети Северо-Запад": null

24-03-2025T10:29:55 - [TEST_STEP][PASSED] - if (verifyEqual(a39, b39) == false): Actual object 'null' and expected object 'null' are equal

24-03-2025T10:29:55 - [MESSAGE][PASSED] - Actual object 'null' and expected object 'null' are equal

24-03-2025T10:29:55 - [TEST_STEP][PASSED] - dZO = "Россети Сибирь (ГК)": null

24-03-2025T10:29:55 - [TEST_STEP][PASSED] - if (verifyEqual(a310, b310) == false): Actual object 'null' and expected object 'null' are equal

24-03-2025T10:29:55 - [MESSAGE][PASSED] - Actual object 'null' and expected object 'null' are equal

24-03-2025T10:29:55 - [TEST_STEP][PASSED] - dZO = "Россети Томск": null

24-03-2025T10:29:55 - [TEST_STEP][PASSED] - if (verifyEqual(a311, b311) == false): Actual object 'null' and expected object 'null' are equal

24-03-2025T10:29:55 - [MESSAGE][PASSED] - Actual object 'null' and expected object 'null' are equal

24-03-2025T10:29:55 - [TEST_STEP][PASSED] - dZO = "Россети Тюмень": null

24-03-2025T10:29:55 - [TEST_STEP][PASSED] - if (verifyEqual(a312, b312) == false): Actual object 'null' and expected object 'null' are equal

24-03-2025T10:29:55 - [MESSAGE][PASSED] - Actual object 'null' and expected object 'null' are equal

24-03-2025T10:29:55 - [TEST_STEP][PASSED] - dZO = "Россети Урал (ГК)": null

24-03-2025T10:29:55 - [TEST_STEP][PASSED] - if (verifyEqual(a313, b313) == false): Actual object 'null' and expected object 'null' are equal

24-03-2025T10:29:55 - [MESSAGE][PASSED] - Actual object 'null' and expected object 'null' are equal

24-03-2025T10:29:55 - [TEST_STEP][PASSED] - dZO = "Россети ФСК ЕЭС": null

24-03-2025T10:29:55 - [TEST_STEP][PASSED] - if (verifyEqual(a314, b314) == false): Actual object 'null' and expected object 'null' are equal

24-03-2025T10:29:55 - [MESSAGE][PASSED] - Actual object 'null' and expected object 'null' are equal

24-03-2025T10:29:55 - [TEST_STEP][PASSED] - dZO = "Россети Центр": null

24-03-2025T10:29:55 - [TEST_STEP][PASSED] - if (verifyEqual(a315, b315) == false): Actual object 'null' and expected object 'null' are equal

24-03-2025T10:29:55 - [MESSAGE][PASSED] - Actual object 'null' and expected object 'null' are equal

24-03-2025T10:29:55 - [TEST_STEP][PASSED] - dZO = "Россети Центр и Приволжье (ГК)": null

24-03-2025T10:29:55 - [TEST_STEP][PASSED] - if (verifyEqual(a316, b316) == false): Actual object 'null' and expected object 'null' are equal

24-03-2025T10:29:55 - [MESSAGE][PASSED] - Actual object 'null' and expected object 'null' are equal

24-03-2025T10:29:55 - [TEST_STEP][PASSED] - dZO = "Россети Юг (ГК)": null

24-03-2025T10:29:55 - [TEST_STEP][PASSED] - if (verifyEqual(a317, b317) == false): Actual object '0' and expected object '0' are equal

24-03-2025T10:29:55 - [MESSAGE][PASSED] - Actual object '0' and expected object '0' are equal

24-03-2025T10:29:55 - [TEST_STEP][PASSED] - dZO = "Россети Янтарь": null

24-03-2025T10:29:55 - [TEST_STEP][PASSED] - if (verifyEqual(a318, b318) == false): Actual object 'null' and expected object 'null' are equal

24-03-2025T10:29:55 - [MESSAGE][PASSED] - Actual object 'null' and expected object 'null' are equal

24-03-2025T10:29:55 - [TEST_STEP][PASSED] - closeBrowser(): null

24-03-2025T10:29:55 - [MESSAGE][PASSED] - Browser is closed

24-03-2025T10:29:55 - [TEST_STEP][PASSED] - Script1742558545601.ViruchkaChange(run, vir, block, nameOfBlock, typeOfData, viruchka, vidget, todaysDate, a, b, dZO, x, y): null

24-03-2025T10:29:55 - [TEST_STEP][PASSED] - for ([vir = 1, vir < 4, (vir++)]): null

24-03-2025T10:29:55 - [TEST_STEP][PASSED] - Script1742558545601.Blocks(run, vir, block, nameOfBlock, typeOfData, viruchka, vidget, todaysDate, a, b, dZO, x, y): null

24-03-2025T10:29:55 - [TEST_STEP][PASSED] - i = <not implemented yet for class: org.codehaus.groovy.ast.expr.EmptyExpression>: null

24-03-2025T10:29:55 - [TEST_STEP][PASSED] - perc = "": null

24-03-2025T10:29:55 - [TEST_STEP][PASSED] - a1 = <not implemented yet for class: org.codehaus.groovy.ast.expr.EmptyExpression>: null

24-03-2025T10:29:55 - [TEST_STEP][PASSED] - a2 = <not implemented yet for class: org.codehaus.groovy.ast.expr.EmptyExpression>: null

24-03-2025T10:29:55 - [TEST_STEP][PASSED] - a30 = <not implemented yet for class: org.codehaus.groovy.ast.expr.EmptyExpression>: null

24-03-2025T10:29:55 - [TEST_STEP][PASSED] - a31 = <not implemented yet for class: org.codehaus.groovy.ast.expr.EmptyExpression>: null

24-03-2025T10:29:55 - [TEST_STEP][PASSED] - a32 = <not implemented yet for class: org.codehaus.groovy.ast.expr.EmptyExpression>: null

24-03-2025T10:29:55 - [TEST_STEP][PASSED] - a33 = <not implemented yet for class: org.codehaus.groovy.ast.expr.EmptyExpression>: null

24-03-2025T10:29:55 - [TEST_STEP][PASSED] - a34 = <not implemented yet for class: org.codehaus.groovy.ast.expr.EmptyExpression>: null

24-03-2025T10:29:55 - [TEST_STEP][PASSED] - a35 = <not implemented yet for class: org.codehaus.groovy.ast.expr.EmptyExpression>: null

24-03-2025T10:29:55 - [TEST_STEP][PASSED] - a36 = <not implemented yet for class: org.codehaus.groovy.ast.expr.EmptyExpression>: null

24-03-2025T10:29:55 - [TEST_STEP][PASSED] - a37 = <not implemented yet for class: org.codehaus.groovy.ast.expr.EmptyExpression>: null

24-03-2025T10:29:55 - [TEST_STEP][PASSED] - a38 = <not implemented yet for class: org.codehaus.groovy.ast.expr.EmptyExpression>: null

24-03-2025T10:29:55 - [TEST_STEP][PASSED] - a39 = <not implemented yet for class: org.codehaus.groovy.ast.expr.EmptyExpression>: null

24-03-2025T10:29:55 - [TEST_STEP][PASSED] - a310 = <not implemented yet for class: org.codehaus.groovy.ast.expr.EmptyExpression>: null

24-03-2025T10:29:55 - [TEST_STEP][PASSED] - a311 = <not implemented yet for class: org.codehaus.groovy.ast.expr.EmptyExpression>: null

24-03-2025T10:29:55 - [TEST_STEP][PASSED] - a312 = <not implemented yet for class: org.codehaus.groovy.ast.expr.EmptyExpression>: null

24-03-2025T10:29:55 - [TEST_STEP][PASSED] - a313 = <not implemented yet for class: org.codehaus.groovy.ast.expr.EmptyExpression>: null

24-03-2025T10:29:55 - [TEST_STEP][PASSED] - a314 = <not implemented yet for class: org.codehaus.groovy.ast.expr.EmptyExpression>: null

24-03-2025T10:29:55 - [TEST_STEP][PASSED] - a315 = <not implemented yet for class: org.codehaus.groovy.ast.expr.EmptyExpression>: null

24-03-2025T10:29:55 - [TEST_STEP][PASSED] - a316 = <not implemented yet for class: org.codehaus.groovy.ast.expr.EmptyExpression>: null

24-03-2025T10:29:55 - [TEST_STEP][PASSED] - a317 = <not implemented yet for class: org.codehaus.groovy.ast.expr.EmptyExpression>: null

24-03-2025T10:29:55 - [TEST_STEP][PASSED] - a318 = <not implemented yet for class: org.codehaus.groovy.ast.expr.EmptyExpression>: null

24-03-2025T10:29:55 - [TEST_STEP][PASSED] - b1 = <not implemented yet for class: org.codehaus.groovy.ast.expr.EmptyExpression>: null

24-03-2025T10:29:55 - [TEST_STEP][PASSED] - b2 = <not implemented yet for class: org.codehaus.groovy.ast.expr.EmptyExpression>: null

24-03-2025T10:29:55 - [TEST_STEP][PASSED] - b30 = <not implemented yet for class: org.codehaus.groovy.ast.expr.EmptyExpression>: null

24-03-2025T10:29:55 - [TEST_STEP][PASSED] - b31 = <not implemented yet for class: org.codehaus.groovy.ast.expr.EmptyExpression>: null

24-03-2025T10:29:55 - [TEST_STEP][PASSED] - b32 = <not implemented yet for class: org.codehaus.groovy.ast.expr.EmptyExpression>: null

24-03-2025T10:29:55 - [TEST_STEP][PASSED] - b33 = <not implemented yet for class: org.codehaus.groovy.ast.expr.EmptyExpression>: null

24-03-2025T10:29:55 - [TEST_STEP][PASSED] - b34 = <not implemented yet for class: org.codehaus.groovy.ast.expr.EmptyExpression>: null

24-03-2025T10:29:55 - [TEST_STEP][PASSED] - b35 = <not implemented yet for class: org.codehaus.groovy.ast.expr.EmptyExpression>: null

24-03-2025T10:29:55 - [TEST_STEP][PASSED] - b36 = <not implemented yet for class: org.codehaus.groovy.ast.expr.EmptyExpression>: null

24-03-2025T10:29:55 - [TEST_STEP][PASSED] - b37 = <not implemented yet for class: org.codehaus.groovy.ast.expr.EmptyExpression>: null

24-03-2025T10:29:55 - [TEST_STEP][PASSED] - b38 = <not implemented yet for class: org.codehaus.groovy.ast.expr.EmptyExpression>: null

24-03-2025T10:29:55 - [TEST_STEP][PASSED] - b39 = <not implemented yet for class: org.codehaus.groovy.ast.expr.EmptyExpression>: null

24-03-2025T10:29:55 - [TEST_STEP][PASSED] - b310 = <not implemented yet for class: org.codehaus.groovy.ast.expr.EmptyExpression>: null

24-03-2025T10:29:55 - [TEST_STEP][PASSED] - b311 = <not implemented yet for class: org.codehaus.groovy.ast.expr.EmptyExpression>: null

24-03-2025T10:29:55 - [TEST_STEP][PASSED] - b312 = <not implemented yet for class: org.codehaus.groovy.ast.expr.EmptyExpression>: null

24-03-2025T10:29:55 - [TEST_STEP][PASSED] - b313 = <not implemented yet for class: org.codehaus.groovy.ast.expr.EmptyExpression>: null

24-03-2025T10:29:55 - [TEST_STEP][PASSED] - b314 = <not implemented yet for class: org.codehaus.groovy.ast.expr.EmptyExpression>: null

24-03-2025T10:29:55 - [TEST_STEP][PASSED] - b315 = <not implemented yet for class: org.codehaus.groovy.ast.expr.EmptyExpression>: null

24-03-2025T10:29:55 - [TEST_STEP][PASSED] - b316 = <not implemented yet for class: org.codehaus.groovy.ast.expr.EmptyExpression>: null

24-03-2025T10:29:55 - [TEST_STEP][PASSED] - b317 = <not implemented yet for class: org.codehaus.groovy.ast.expr.EmptyExpression>: null

24-03-2025T10:29:55 - [TEST_STEP][PASSED] - b318 = <not implemented yet for class: org.codehaus.groovy.ast.expr.EmptyExpression>: null

24-03-2025T10:29:55 - [TEST_STEP][PASSED] - block = 1: null

24-03-2025T10:29:55 - [TEST_STEP][PASSED] - nameOfBlock = "": null

24-03-2025T10:29:55 - [TEST_STEP][PASSED] - Script1742558545601.PreSettings(run, vir, block, nameOfBlock, typeOfData, todaysDate): null

24-03-2025T10:29:55 - [TEST_STEP][PASSED] - openBrowser(""): Browser is opened with url: ''

24-03-2025T10:29:55 - [MESSAGE][INFO] - Starting 'Chrome' driver

24-03-2025T10:29:55 - [MESSAGE][INFO] - Action delay is set to 0 milliseconds

24-03-2025T10:29:56 - [MESSAGE][PASSED] - Browser is opened with url: ''

24-03-2025T10:29:56 - [TEST_STEP][PASSED] - refresh(): Refresh successfully

24-03-2025T10:29:56 - [MESSAGE][PASSED] - Refresh successfully

24-03-2025T10:29:56 - [TEST_STEP][PASSED] - delay(50): Delayed 50 second(s)

24-03-2025T10:30:46 - [MESSAGE][PASSED] - Delayed 50 second(s)

24-03-2025T10:30:46 - [TEST_STEP][PASSED] - println("run:" + run): null

24-03-2025T10:30:46 - [TEST_STEP][PASSED] - println("vir:" + vir): null

24-03-2025T10:30:46 - [TEST_STEP][PASSED] - println("block:" + block): null

24-03-2025T10:30:46 - [TEST_STEP][PASSED] - if (block == 1): null

24-03-2025T10:30:46 - [TEST_STEP][PASSED] - nameOfBlock = "": null

24-03-2025T10:30:46 - [TEST_STEP][PASSED] - println("nameOfBlock:" + nameOfBlock): null

24-03-2025T10:30:46 - [TEST_STEP][PASSED] - println("typeOfData:" + typeOfData): null

24-03-2025T10:30:46 - [TEST_STEP][PASSED] - println("todaysDate:" + todaysDate): null

24-03-2025T10:30:46 - [TEST_STEP][PASSED] - Script1742558545601.Autorization(block, nameOfBlock): null

24-03-2025T10:30:46 - [TEST_STEP][PASSED] - i = <not implemented yet for class: org.codehaus.groovy.ast.expr.EmptyExpression>: null

24-03-2025T10:30:46 - [TEST_STEP][PASSED] - ii = <not implemented yet for class: org.codehaus.groovy.ast.expr.EmptyExpression>: null

24-03-2025T10:30:46 - [TEST_STEP][PASSED] - urlData = <not implemented yet for class: org.codehaus.groovy.ast.expr.EmptyExpression>: null

24-03-2025T10:30:46 - [TEST_STEP][PASSED] - searchWord = <not implemented yet for class: org.codehaus.groovy.ast.expr.EmptyExpression>: null

24-03-2025T10:30:46 - [TEST_STEP][PASSED] - urlText = <not implemented yet for class: org.codehaus.groovy.ast.expr.EmptyExpression>: null

24-03-2025T10:30:46 - [TEST_STEP][PASSED] - println("block:" + block): null

24-03-2025T10:30:46 - [TEST_STEP][PASSED] - if (block == 1): null

24-03-2025T10:30:46 - [TEST_STEP][PASSED] - nameOfBlock = "": null

24-03-2025T10:30:46 - [TEST_STEP][PASSED] - println("nameOfBlock:" + nameOfBlock): null

24-03-2025T10:30:46 - [TEST_STEP][PASSED] - if (block == 1): Delayed 45 second(s)

24-03-2025T10:30:46 - [TEST_STEP][PASSED] - urlData = 2: null

24-03-2025T10:30:46 - [TEST_STEP][PASSED] - delay(45): Delayed 45 second(s)

24-03-2025T10:31:31 - [MESSAGE][PASSED] - Delayed 45 second(s)

24-03-2025T10:31:31 - [TEST_STEP][PASSED] - navigateToUrl(findTestData("PlanFact").getValue(10, urlData)): Navigate to 'https://bi.rosseti.digital/viewer?dashboardGuid=2301950b23be4ed89c1df75f2020051e&sheetGuid=b723206f698544fb87299f3095c00435&fit=true' successfully

24-03-2025T10:31:36 - [MESSAGE][PASSED] - Navigate to 'https://bi.rosseti.digital/viewer?dashboardGuid=2301950b23be4ed89c1df75f2020051e&sheetGuid=b723206f698544fb87299f3095c00435&fit=true' successfully

24-03-2025T10:31:36 - [TEST_STEP][PASSED] - urlText = getText(findTestObject("Страница авторизации/Text")): Text of object 'Object Repository/Страница авторизации/Text' is: 'Вход'

24-03-2025T10:31:37 - [MESSAGE][PASSED] - Text of object 'Object Repository/Страница авторизации/Text' is: 'Вход'

24-03-2025T10:31:37 - [TEST_STEP][PASSED] - searchWord = "Вход": null

24-03-2025T10:31:37 - [TEST_STEP][PASSED] - if (urlText == null || urlText.contains("ошибка") || urlText.contains(searchWord) == false): null

24-03-2025T10:31:37 - [TEST_STEP][PASSED] - if (verifyElementPresent(findTestObject("Страница авторизации/button_"), 30) == true): null

24-03-2025T10:31:37 - [MESSAGE][PASSED] - Object 'Object Repository/Страница авторизации/button_' is present

24-03-2025T10:31:37 - [TEST_STEP][PASSED] - setText(findTestObject("Страница авторизации/input__username"), findTestData("PlanFact").getValue(8, 1)): Text 'liazgina-di' is set on object 'Object Repository/Страница авторизации/input__username'

24-03-2025T10:31:38 - [MESSAGE][PASSED] - Text 'liazgina-di' is set on object 'Object Repository/Страница авторизации/input__username'

24-03-2025T10:31:38 - [TEST_STEP][PASSED] - setText(findTestObject("Страница авторизации/input__password"), findTestData("PlanFact").getValue(9, 1)): Text ')$%5srZ8o688Dm#q' is set on object 'Object Repository/Страница авторизации/input__password'

24-03-2025T10:31:38 - [MESSAGE][PASSED] - Text ')$%5srZ8o688Dm#q' is set on object 'Object Repository/Страница авторизации/input__password'

24-03-2025T10:31:38 - [TEST_STEP][PASSED] - click(findTestObject("Страница авторизации/button_")): Object: 'Object Repository/Страница авторизации/button_' is clicked on

24-03-2025T10:31:40 - [MESSAGE][PASSED] - Object: 'Object Repository/Страница авторизации/button_' is clicked on

24-03-2025T10:31:40 - [TEST_STEP][PASSED] - delay(45): Delayed 45 second(s)

24-03-2025T10:32:25 - [MESSAGE][PASSED] - Delayed 45 second(s)

24-03-2025T10:32:25 - [TEST_STEP][PASSED] - urlText = getText(findTestObject("Страница авторизации/Text")): Text of object 'Object Repository/Страница авторизации/Text' is: 'Период
Январь 2025 года
Выручка
Все
Выполнение плановых показателей по ПАО Россети за Январь 2025 года
План
Факт
Динамика
2025 год
0 млн.руб.
20 000 млн.руб.
40 000 млн.руб.
60 000 млн.руб.
80 000 млн.руб.
100 000 млн.руб.
120 000 млн.руб.
140 000 млн.руб.
160 000 млн.руб.
180 000 млн.руб.
200 000 млн.руб.
163 377
157 865
↓
ДЗО 
ПАО Россети
Внутренний оборот - выручка за услуги по передаче электрической энергии, учтенная в выручке за электроэнергию для конечных потребителей, при выполнении ДЗО функций гарантирующего поставщика
Подписи данных
⬤Отклонение
АО "РЭС"
АО «Тываэнерго»
АО «Чеченэнерго»
Россети Волга
Россети Кубань
Россети Ленэнерго (ГК)
Россети Московский регион
Россети Северный Кавказ (ГК)
Россети Северо-Запад
Россети Сибирь (ГК)
Россети Томск
Россети Тюмень
Россети Урал (ГК)
Россети ФСК ЕЭС
Россети Центр
Россети Центр и Приволжье (ГК)
Россети Юг (ГК)
Россети Янтарь
-1 200 млн.руб.
-1 000 млн.руб.
- 800 млн.руб.
- 600 млн.руб.
- 400 млн.руб.
- 200 млн.руб.
0 млн.руб.
200 млн.руб.
400 млн.руб.
600 млн.руб.
-73
23
-83
-295
-54
-403
-927
-606
-251
348
-58
-1 104
-474
-59
-675
-613
-191
-19
млн.
%
Выручка
Отклонение выручки по ПАО Россети за Январь 2025 года (факт/план, млн. руб)
ПАО Россети
-5 512.4 млн.руб.
 '

24-03-2025T10:32:26 - [MESSAGE][PASSED] - Text of object 'Object Repository/Страница авторизации/Text' is: 'Период
Январь 2025 года
Выручка
Все
Выполнение плановых показателей по ПАО Россети за Январь 2025 года
План
Факт
Динамика
2025 год
0 млн.руб.
20 000 млн.руб.
40 000 млн.руб.
60 000 млн.руб.
80 000 млн.руб.
100 000 млн.руб.
120 000 млн.руб.
140 000 млн.руб.
160 000 млн.руб.
180 000 млн.руб.
200 000 млн.руб.
163 377
157 865
↓
ДЗО 
ПАО Россети
Внутренний оборот - выручка за услуги по передаче электрической энергии, учтенная в выручке за электроэнергию для конечных потребителей, при выполнении ДЗО функций гарантирующего поставщика
Подписи данных
⬤Отклонение
АО "РЭС"
АО «Тываэнерго»
АО «Чеченэнерго»
Россети Волга
Россети Кубань
Россети Ленэнерго (ГК)
Россети Московский регион
Россети Северный Кавказ (ГК)
Россети Северо-Запад
Россети Сибирь (ГК)
Россети Томск
Россети Тюмень
Россети Урал (ГК)
Россети ФСК ЕЭС
Россети Центр
Россети Центр и Приволжье (ГК)
Россети Юг (ГК)
Россети Янтарь
-1 200 млн.руб.
-1 000 млн.руб.
- 800 млн.руб.
- 600 млн.руб.
- 400 млн.руб.
- 200 млн.руб.
0 млн.руб.
200 млн.руб.
400 млн.руб.
600 млн.руб.
-73
23
-83
-295
-54
-403
-927
-606
-251
348
-58
-1 104
-474
-59
-675
-613
-191
-19
млн.
%
Выручка
Отклонение выручки по ПАО Россети за Январь 2025 года (факт/план, млн. руб)
ПАО Россети
-5 512.4 млн.руб.
 '

24-03-2025T10:32:26 - [TEST_STEP][PASSED] - searchWord = "а": null

24-03-2025T10:32:26 - [TEST_STEP][PASSED] - if (urlText.contains("ошибка") || urlText.contains(searchWord) == false): null

24-03-2025T10:32:26 - [TEST_STEP][PASSED] - delay(45): Delayed 45 second(s)

24-03-2025T10:33:11 - [MESSAGE][PASSED] - Delayed 45 second(s)

24-03-2025T10:33:11 - [TEST_STEP][PASSED] - if (block == 2): null

24-03-2025T10:33:11 - [TEST_STEP][PASSED] - click(findTestObject("Выручка в рублях/Фильтр Период" + nameOfBlock)): Object: 'Object Repository/Выручка в рублях/Фильтр Период' is clicked on

24-03-2025T10:33:11 - [MESSAGE][PASSED] - Object: 'Object Repository/Выручка в рублях/Фильтр Период' is clicked on

24-03-2025T10:33:11 - [TEST_STEP][PASSED] - click(findTestObject("Выручка в рублях/Снять выделение в фильтре Дата" + nameOfBlock)): Object: 'Object Repository/Выручка в рублях/Снять выделение в фильтре Дата' is clicked on

24-03-2025T10:33:12 - [MESSAGE][PASSED] - Object: 'Object Repository/Выручка в рублях/Снять выделение в фильтре Дата' is clicked on

24-03-2025T10:33:12 - [TEST_STEP][PASSED] - click(findTestObject("Выручка в рублях/Применить в фильтре Дата" + nameOfBlock)): Object: 'Object Repository/Выручка в рублях/Применить в фильтре Дата' is clicked on

24-03-2025T10:33:12 - [MESSAGE][PASSED] - Object: 'Object Repository/Выручка в рублях/Применить в фильтре Дата' is clicked on

24-03-2025T10:33:12 - [TEST_STEP][PASSED] - delay(50): Delayed 50 second(s)

24-03-2025T10:34:02 - [MESSAGE][PASSED] - Delayed 50 second(s)

24-03-2025T10:34:02 - [TEST_STEP][PASSED] - click(findTestObject("Выручка в рублях/Фильтр Период" + nameOfBlock)): Object: 'Object Repository/Выручка в рублях/Фильтр Период' is clicked on

24-03-2025T10:34:02 - [MESSAGE][PASSED] - Object: 'Object Repository/Выручка в рублях/Фильтр Период' is clicked on

24-03-2025T10:34:02 - [TEST_STEP][PASSED] - click(findTestObject("Выручка в рублях/Снять выделение в фильтре Дата" + nameOfBlock)): Object: 'Object Repository/Выручка в рублях/Снять выделение в фильтре Дата' is clicked on

24-03-2025T10:34:03 - [MESSAGE][PASSED] - Object: 'Object Repository/Выручка в рублях/Снять выделение в фильтре Дата' is clicked on

24-03-2025T10:34:03 - [TEST_STEP][PASSED] - scrollToElement(findTestObject("Выручка в рублях/2025 список" + nameOfBlock), 30): Scroll to object 'Object Repository/Выручка в рублях/2025 список' successfully

24-03-2025T10:34:03 - [MESSAGE][PASSED] - Scroll to object 'Object Repository/Выручка в рублях/2025 список' successfully

24-03-2025T10:34:03 - [TEST_STEP][PASSED] - click(findTestObject("Выручка в рублях/2025 список" + nameOfBlock)): Object: 'Object Repository/Выручка в рублях/2025 список' is clicked on

24-03-2025T10:34:04 - [MESSAGE][PASSED] - Object: 'Object Repository/Выручка в рублях/2025 список' is clicked on

24-03-2025T10:34:04 - [TEST_STEP][PASSED] - scrollToElement(findTestObject("Выручка в рублях/1 квартал 2025 список Выручка"), 30): Scroll to object 'Object Repository/Выручка в рублях/1 квартал 2025 список Выручка' successfully

24-03-2025T10:34:04 - [MESSAGE][PASSED] - Scroll to object 'Object Repository/Выручка в рублях/1 квартал 2025 список Выручка' successfully

24-03-2025T10:34:04 - [TEST_STEP][PASSED] - click(findTestObject("Выручка в рублях/1 квартал 2025 список" + nameOfBlock)): Object: 'Object Repository/Выручка в рублях/1 квартал 2025 список' is clicked on

24-03-2025T10:34:04 - [MESSAGE][PASSED] - Object: 'Object Repository/Выручка в рублях/1 квартал 2025 список' is clicked on

24-03-2025T10:34:04 - [TEST_STEP][PASSED] - scrollToElement(findTestObject("Выручка в рублях/Январь 2025" + nameOfBlock), 30): Scroll to object 'Object Repository/Выручка в рублях/Январь 2025' successfully

24-03-2025T10:34:05 - [MESSAGE][PASSED] - Scroll to object 'Object Repository/Выручка в рублях/Январь 2025' successfully

24-03-2025T10:34:05 - [TEST_STEP][PASSED] - click(findTestObject("Выручка в рублях/Январь 2025" + nameOfBlock)): Object: 'Object Repository/Выручка в рублях/Январь 2025' is clicked on

24-03-2025T10:34:05 - [MESSAGE][PASSED] - Object: 'Object Repository/Выручка в рублях/Январь 2025' is clicked on

24-03-2025T10:34:05 - [TEST_STEP][PASSED] - scrollToElement(findTestObject("Выручка в рублях/Заголовок дашборда" + nameOfBlock), 30): Scroll to object 'Object Repository/Выручка в рублях/Заголовок дашборда' successfully

24-03-2025T10:34:06 - [MESSAGE][PASSED] - Scroll to object 'Object Repository/Выручка в рублях/Заголовок дашборда' successfully

24-03-2025T10:34:06 - [TEST_STEP][PASSED] - click(findTestObject("Выручка в рублях/Применить в фильтре Дата" + nameOfBlock)): Object: 'Object Repository/Выручка в рублях/Применить в фильтре Дата' is clicked on

24-03-2025T10:34:06 - [MESSAGE][PASSED] - Object: 'Object Repository/Выручка в рублях/Применить в фильтре Дата' is clicked on

24-03-2025T10:34:06 - [TEST_STEP][PASSED] - delay(55): Delayed 55 second(s)

24-03-2025T10:35:01 - [MESSAGE][PASSED] - Delayed 55 second(s)

24-03-2025T10:35:01 - [TEST_STEP][PASSED] - click(findTestObject("Выручка в рублях/Фильтр ДЗО" + nameOfBlock)): Object: 'Object Repository/Выручка в рублях/Фильтр ДЗО' is clicked on

24-03-2025T10:35:01 - [MESSAGE][PASSED] - Object: 'Object Repository/Выручка в рублях/Фильтр ДЗО' is clicked on

24-03-2025T10:35:01 - [TEST_STEP][PASSED] - click(findTestObject("Выручка в рублях/Снять выделение в фильтре ДЗО" + nameOfBlock)): Object: 'Object Repository/Выручка в рублях/Снять выделение в фильтре ДЗО' is clicked on

24-03-2025T10:35:02 - [MESSAGE][PASSED] - Object: 'Object Repository/Выручка в рублях/Снять выделение в фильтре ДЗО' is clicked on

24-03-2025T10:35:02 - [TEST_STEP][PASSED] - click(findTestObject("Выручка в рублях/Применить в фильтре ДЗО" + nameOfBlock)): Object: 'Object Repository/Выручка в рублях/Применить в фильтре ДЗО' is clicked on

24-03-2025T10:35:02 - [MESSAGE][PASSED] - Object: 'Object Repository/Выручка в рублях/Применить в фильтре ДЗО' is clicked on

24-03-2025T10:35:02 - [TEST_STEP][PASSED] - delay(50): Delayed 50 second(s)

24-03-2025T10:35:52 - [MESSAGE][PASSED] - Delayed 50 second(s)

24-03-2025T10:35:52 - [TEST_STEP][PASSED] - Script1742558545601.Tumbler(run, vir, block, nameOfBlock): null

24-03-2025T10:35:52 - [TEST_STEP][PASSED] - println("run:" + run): null

24-03-2025T10:35:52 - [TEST_STEP][PASSED] - println("vir:" + vir): null

24-03-2025T10:35:52 - [TEST_STEP][PASSED] - println("block:" + block): null

24-03-2025T10:35:52 - [TEST_STEP][PASSED] - println("nameOfBlock:" + nameOfBlock): null

24-03-2025T10:35:52 - [TEST_STEP][PASSED] - if (vir == 1): Object: 'Object Repository/Выручка в рублях/Переключить отображение с млн на проценты Выручка в рублях' is clicked on

24-03-2025T10:35:52 - [TEST_STEP][PASSED] - if (run == 2): Object: 'Object Repository/Выручка в рублях/Переключить отображение с млн на проценты Выручка в рублях' is clicked on

24-03-2025T10:35:52 - [TEST_STEP][PASSED] - click(findTestObject("Выручка в рублях/Переключить отображение с млн на проценты Выручка в рублях" + nameOfBlock)): Object: 'Object Repository/Выручка в рублях/Переключить отображение с млн на проценты Выручка в рублях' is clicked on

24-03-2025T10:35:53 - [MESSAGE][PASSED] - Object: 'Object Repository/Выручка в рублях/Переключить отображение с млн на проценты Выручка в рублях' is clicked on

24-03-2025T10:35:53 - [TEST_STEP][PASSED] - click(findTestObject("Выручка в рублях/Фильтр ДЗО" + nameOfBlock)): Object: 'Object Repository/Выручка в рублях/Фильтр ДЗО' is clicked on

24-03-2025T10:35:53 - [MESSAGE][PASSED] - Object: 'Object Repository/Выручка в рублях/Фильтр ДЗО' is clicked on

24-03-2025T10:35:53 - [TEST_STEP][PASSED] - Script1742558545601.Rosseti(nameOfBlock): null

24-03-2025T10:35:53 - [TEST_STEP][PASSED] - println("nameOfBlock:" + nameOfBlock): null

24-03-2025T10:35:53 - [TEST_STEP][PASSED] - click(findTestObject("Выручка в рублях/ПАО Россети" + nameOfBlock)): Object: 'Object Repository/Выручка в рублях/ПАО Россети' is clicked on

24-03-2025T10:35:54 - [MESSAGE][PASSED] - Object: 'Object Repository/Выручка в рублях/ПАО Россети' is clicked on

24-03-2025T10:35:54 - [TEST_STEP][PASSED] - click(findTestObject("Выручка в рублях/Применить в фильтре ДЗО" + nameOfBlock)): Object: 'Object Repository/Выручка в рублях/Применить в фильтре ДЗО' is clicked on

24-03-2025T10:35:54 - [MESSAGE][PASSED] - Object: 'Object Repository/Выручка в рублях/Применить в фильтре ДЗО' is clicked on

24-03-2025T10:35:54 - [TEST_STEP][PASSED] - if (run == 2): null

24-03-2025T10:35:54 - [TEST_STEP][PASSED] - perc = " Perc": null

24-03-2025T10:35:54 - [TEST_STEP][PASSED] - if (vir == 1 || vir == 2): Text of object 'Object Repository/Выручка в рублях/График План' is: '163 377'

24-03-2025T10:35:54 - [TEST_STEP][PASSED] - a1 = getText(findTestObject("Выручка в рублях/График План")): Text of object 'Object Repository/Выручка в рублях/График План' is: '163 377'

24-03-2025T10:35:55 - [MESSAGE][PASSED] - Text of object 'Object Repository/Выручка в рублях/График План' is: '163 377'

24-03-2025T10:35:55 - [TEST_STEP][PASSED] - if (vir == 1 || vir == 2): Text of object 'Object Repository/Выручка в рублях/График Факт' is: '157 865'

24-03-2025T10:35:55 - [TEST_STEP][PASSED] - a2 = getText(findTestObject("Выручка в рублях/График Факт")): Text of object 'Object Repository/Выручка в рублях/График Факт' is: '157 865'

24-03-2025T10:35:56 - [MESSAGE][PASSED] - Text of object 'Object Repository/Выручка в рублях/График Факт' is: '157 865'

24-03-2025T10:35:56 - [TEST_STEP][PASSED] - a30 = getText(findTestObject("Выручка в рублях/span1" + perc)): Text of object 'Object Repository/Выручка в рублях/span1 Perc' is: '-3.37 %'

24-03-2025T10:35:56 - [MESSAGE][PASSED] - Text of object 'Object Repository/Выручка в рублях/span1 Perc' is: '-3.37 %'

24-03-2025T10:35:56 - [TEST_STEP][PASSED] - i = a30.indexOf("млн.руб."): null

24-03-2025T10:35:56 - [TEST_STEP][PASSED] - if (i > -1): null

24-03-2025T10:35:56 - [TEST_STEP][PASSED] - if (a30.contains("%")): null

24-03-2025T10:35:56 - [TEST_STEP][PASSED] - a30 = a30.replaceAll("%", ""): null

24-03-2025T10:35:56 - [TEST_STEP][PASSED] - a30 = ").trim(): null

24-03-2025T10:35:56 - [TEST_STEP][PASSED] - println("a30: " + a30): null

24-03-2025T10:35:56 - [TEST_STEP][PASSED] - if (vir == 1): Text of object 'Object Repository/Выручка в рублях/span19 Perc' is: '-1.75 %'

24-03-2025T10:35:56 - [TEST_STEP][PASSED] - a31 = ").trim(): Text of object 'Object Repository/Выручка в рублях/span2 Perc' is: '-3.2 %'

24-03-2025T10:35:56 - [MESSAGE][PASSED] - Text of object 'Object Repository/Выручка в рублях/span2 Perc' is: '-3.2 %'

24-03-2025T10:35:56 - [TEST_STEP][PASSED] - a32 = ").trim(): Text of object 'Object Repository/Выручка в рублях/span3 Perc' is: '9.16 %'

24-03-2025T10:35:56 - [MESSAGE][PASSED] - Text of object 'Object Repository/Выручка в рублях/span3 Perc' is: '9.16 %'

24-03-2025T10:35:56 - [TEST_STEP][PASSED] - a33 = ").trim(): Text of object 'Object Repository/Выручка в рублях/span4 Perc' is: '-15.18 %'

24-03-2025T10:35:57 - [MESSAGE][PASSED] - Text of object 'Object Repository/Выручка в рублях/span4 Perc' is: '-15.18 %'

24-03-2025T10:35:57 - [TEST_STEP][PASSED] - a34 = ").trim(): Text of object 'Object Repository/Выручка в рублях/span5 Perc' is: '-2.71 %'

24-03-2025T10:35:57 - [MESSAGE][PASSED] - Text of object 'Object Repository/Выручка в рублях/span5 Perc' is: '-2.71 %'

24-03-2025T10:35:57 - [TEST_STEP][PASSED] - a35 = ").trim(): Text of object 'Object Repository/Выручка в рублях/span6 Perc' is: '-0.69 %'

24-03-2025T10:35:57 - [MESSAGE][PASSED] - Text of object 'Object Repository/Выручка в рублях/span6 Perc' is: '-0.69 %'

24-03-2025T10:35:57 - [TEST_STEP][PASSED] - a36 = ").trim(): Text of object 'Object Repository/Выручка в рублях/span7 Perc' is: '-3.46 %'

24-03-2025T10:35:58 - [MESSAGE][PASSED] - Text of object 'Object Repository/Выручка в рублях/span7 Perc' is: '-3.46 %'

24-03-2025T10:35:58 - [TEST_STEP][PASSED] - a37 = ").trim(): Text of object 'Object Repository/Выручка в рублях/span8 Perc' is: '-4.13 %'

24-03-2025T10:35:58 - [MESSAGE][PASSED] - Text of object 'Object Repository/Выручка в рублях/span8 Perc' is: '-4.13 %'

24-03-2025T10:35:58 - [TEST_STEP][PASSED] - a38 = ").trim(): Text of object 'Object Repository/Выручка в рублях/span9 Perc' is: '-13.75 %'

24-03-2025T10:35:58 - [MESSAGE][PASSED] - Text of object 'Object Repository/Выручка в рублях/span9 Perc' is: '-13.75 %'

24-03-2025T10:35:58 - [TEST_STEP][PASSED] - a39 = ").trim(): Text of object 'Object Repository/Выручка в рублях/span10 Perc' is: '-3.55 %'

24-03-2025T10:35:58 - [MESSAGE][PASSED] - Text of object 'Object Repository/Выручка в рублях/span10 Perc' is: '-3.55 %'

24-03-2025T10:35:58 - [TEST_STEP][PASSED] - a310 = ").trim(): Text of object 'Object Repository/Выручка в рублях/span11 Perc' is: '3.18 %'

24-03-2025T10:35:59 - [MESSAGE][PASSED] - Text of object 'Object Repository/Выручка в рублях/span11 Perc' is: '3.18 %'

24-03-2025T10:35:59 - [TEST_STEP][PASSED] - a311 = ").trim(): Text of object 'Object Repository/Выручка в рублях/span12 Perc' is: '-5.3 %'

24-03-2025T10:35:59 - [MESSAGE][PASSED] - Text of object 'Object Repository/Выручка в рублях/span12 Perc' is: '-5.3 %'

24-03-2025T10:35:59 - [TEST_STEP][PASSED] - a312 = ").trim(): Text of object 'Object Repository/Выручка в рублях/span13 Perc' is: '-10.64 %'

24-03-2025T10:35:59 - [MESSAGE][PASSED] - Text of object 'Object Repository/Выручка в рублях/span13 Perc' is: '-10.64 %'

24-03-2025T10:35:59 - [TEST_STEP][PASSED] - a313 = ").trim(): Text of object 'Object Repository/Выручка в рублях/span14 Perc' is: '-4.34 %'

24-03-2025T10:36:00 - [MESSAGE][PASSED] - Text of object 'Object Repository/Выручка в рублях/span14 Perc' is: '-4.34 %'

24-03-2025T10:36:00 - [TEST_STEP][PASSED] - a314 = ").trim(): Text of object 'Object Repository/Выручка в рублях/span15 Perc' is: '-0.21 %'

24-03-2025T10:36:00 - [MESSAGE][PASSED] - Text of object 'Object Repository/Выручка в рублях/span15 Perc' is: '-0.21 %'

24-03-2025T10:36:00 - [TEST_STEP][PASSED] - a315 = ").trim(): Text of object 'Object Repository/Выручка в рублях/span16 Perc' is: '-5.32 %'

24-03-2025T10:36:00 - [MESSAGE][PASSED] - Text of object 'Object Repository/Выручка в рублях/span16 Perc' is: '-5.32 %'

24-03-2025T10:36:00 - [TEST_STEP][PASSED] - a316 = ").trim(): Text of object 'Object Repository/Выручка в рублях/span17 Perc' is: '-4.49 %'

24-03-2025T10:36:00 - [MESSAGE][PASSED] - Text of object 'Object Repository/Выручка в рублях/span17 Perc' is: '-4.49 %'

24-03-2025T10:36:00 - [TEST_STEP][PASSED] - a317 = ").trim(): Text of object 'Object Repository/Выручка в рублях/span18 Perc' is: '-2.71 %'

24-03-2025T10:36:01 - [MESSAGE][PASSED] - Text of object 'Object Repository/Выручка в рублях/span18 Perc' is: '-2.71 %'

24-03-2025T10:36:01 - [TEST_STEP][PASSED] - a318 = ").trim(): Text of object 'Object Repository/Выручка в рублях/span19 Perc' is: '-1.75 %'

24-03-2025T10:36:01 - [MESSAGE][PASSED] - Text of object 'Object Repository/Выручка в рублях/span19 Perc' is: '-1.75 %'

24-03-2025T10:36:01 - [TEST_STEP][PASSED] - block = 2: null

24-03-2025T10:36:01 - [TEST_STEP][PASSED] - nameOfBlock = " Выручка": null

24-03-2025T10:36:01 - [TEST_STEP][PASSED] - Script1742558545601.PreSettings(run, vir, block, nameOfBlock, typeOfData, todaysDate): null

24-03-2025T10:36:01 - [TEST_STEP][PASSED] - openBrowser(""): Browser is opened with url: ''

24-03-2025T10:36:01 - [MESSAGE][WARNING] - A browser is already opened. Closing browser and opening a new one

24-03-2025T10:36:01 - [MESSAGE][INFO] - Starting 'Chrome' driver

24-03-2025T10:36:01 - [MESSAGE][INFO] - Action delay is set to 0 milliseconds

24-03-2025T10:36:02 - [MESSAGE][PASSED] - Browser is opened with url: ''

24-03-2025T10:36:02 - [TEST_STEP][PASSED] - refresh(): Refresh successfully

24-03-2025T10:36:02 - [MESSAGE][PASSED] - Refresh successfully

24-03-2025T10:36:02 - [TEST_STEP][PASSED] - delay(50): Delayed 50 second(s)

24-03-2025T10:36:52 - [MESSAGE][PASSED] - Delayed 50 second(s)

24-03-2025T10:36:52 - [TEST_STEP][PASSED] - println("run:" + run): null

24-03-2025T10:36:52 - [TEST_STEP][PASSED] - println("vir:" + vir): null

24-03-2025T10:36:52 - [TEST_STEP][PASSED] - println("block:" + block): null

24-03-2025T10:36:52 - [TEST_STEP][PASSED] - if (block == 1): null

24-03-2025T10:36:52 - [TEST_STEP][PASSED] - else: null

24-03-2025T10:36:52 - [TEST_STEP][PASSED] - nameOfBlock = " Выручка": null

24-03-2025T10:36:52 - [TEST_STEP][PASSED] - println("nameOfBlock:" + nameOfBlock): null

24-03-2025T10:36:52 - [TEST_STEP][PASSED] - println("typeOfData:" + typeOfData): null

24-03-2025T10:36:52 - [TEST_STEP][PASSED] - println("todaysDate:" + todaysDate): null

24-03-2025T10:36:52 - [TEST_STEP][PASSED] - Script1742558545601.Autorization(block, nameOfBlock): null

24-03-2025T10:36:52 - [TEST_STEP][PASSED] - i = <not implemented yet for class: org.codehaus.groovy.ast.expr.EmptyExpression>: null

24-03-2025T10:36:52 - [TEST_STEP][PASSED] - ii = <not implemented yet for class: org.codehaus.groovy.ast.expr.EmptyExpression>: null

24-03-2025T10:36:52 - [TEST_STEP][PASSED] - urlData = <not implemented yet for class: org.codehaus.groovy.ast.expr.EmptyExpression>: null

24-03-2025T10:36:52 - [TEST_STEP][PASSED] - searchWord = <not implemented yet for class: org.codehaus.groovy.ast.expr.EmptyExpression>: null

24-03-2025T10:36:52 - [TEST_STEP][PASSED] - urlText = <not implemented yet for class: org.codehaus.groovy.ast.expr.EmptyExpression>: null

24-03-2025T10:36:52 - [TEST_STEP][PASSED] - println("block:" + block): null

24-03-2025T10:36:52 - [TEST_STEP][PASSED] - if (block == 1): null

24-03-2025T10:36:52 - [TEST_STEP][PASSED] - else: null

24-03-2025T10:36:52 - [TEST_STEP][PASSED] - delay(45): Delayed 45 second(s)

24-03-2025T10:37:37 - [MESSAGE][PASSED] - Delayed 45 second(s)

24-03-2025T10:37:37 - [TEST_STEP][PASSED] - nameOfBlock = " Выручка": null

24-03-2025T10:37:37 - [TEST_STEP][PASSED] - println("nameOfBlock:" + nameOfBlock): null

24-03-2025T10:37:37 - [TEST_STEP][PASSED] - if (block == 1): null

24-03-2025T10:37:37 - [TEST_STEP][PASSED] - else: Delayed 45 second(s)

24-03-2025T10:37:37 - [TEST_STEP][PASSED] - urlData = 9: null

24-03-2025T10:37:37 - [TEST_STEP][PASSED] - delay(45): Delayed 45 second(s)

24-03-2025T10:38:22 - [MESSAGE][PASSED] - Delayed 45 second(s)

24-03-2025T10:38:22 - [TEST_STEP][PASSED] - navigateToUrl(findTestData("PlanFact").getValue(10, urlData)): Navigate to 'https://bi.rosseti.digital/viewer?dashboardGuid=a1fd28b3785d443cbc4d7690a1d78e31&sheetGuid=86092a20c5984827a0c87b24cac76a50&fit=true' successfully

24-03-2025T10:38:26 - [MESSAGE][PASSED] - Navigate to 'https://bi.rosseti.digital/viewer?dashboardGuid=a1fd28b3785d443cbc4d7690a1d78e31&sheetGuid=86092a20c5984827a0c87b24cac76a50&fit=true' successfully

24-03-2025T10:38:26 - [TEST_STEP][PASSED] - urlText = getText(findTestObject("Страница авторизации/Text")): Text of object 'Object Repository/Страница авторизации/Text' is: 'Вход'

24-03-2025T10:38:27 - [MESSAGE][PASSED] - Text of object 'Object Repository/Страница авторизации/Text' is: 'Вход'

24-03-2025T10:38:27 - [TEST_STEP][PASSED] - searchWord = "Вход": null

24-03-2025T10:38:27 - [TEST_STEP][PASSED] - if (urlText == null || urlText.contains("ошибка") || urlText.contains(searchWord) == false): null

24-03-2025T10:38:27 - [TEST_STEP][PASSED] - if (verifyElementPresent(findTestObject("Страница авторизации/button_"), 30) == true): null

24-03-2025T10:38:28 - [MESSAGE][PASSED] - Object 'Object Repository/Страница авторизации/button_' is present

24-03-2025T10:38:28 - [TEST_STEP][PASSED] - setText(findTestObject("Страница авторизации/input__username"), findTestData("PlanFact").getValue(8, 1)): Text 'liazgina-di' is set on object 'Object Repository/Страница авторизации/input__username'

24-03-2025T10:38:28 - [MESSAGE][PASSED] - Text 'liazgina-di' is set on object 'Object Repository/Страница авторизации/input__username'

24-03-2025T10:38:28 - [TEST_STEP][PASSED] - setText(findTestObject("Страница авторизации/input__password"), findTestData("PlanFact").getValue(9, 1)): Text ')$%5srZ8o688Dm#q' is set on object 'Object Repository/Страница авторизации/input__password'

24-03-2025T10:38:29 - [MESSAGE][PASSED] - Text ')$%5srZ8o688Dm#q' is set on object 'Object Repository/Страница авторизации/input__password'

24-03-2025T10:38:29 - [TEST_STEP][PASSED] - click(findTestObject("Страница авторизации/button_")): Object: 'Object Repository/Страница авторизации/button_' is clicked on

24-03-2025T10:38:31 - [MESSAGE][PASSED] - Object: 'Object Repository/Страница авторизации/button_' is clicked on

24-03-2025T10:38:31 - [TEST_STEP][PASSED] - delay(45): Delayed 45 second(s)

24-03-2025T10:39:16 - [MESSAGE][PASSED] - Delayed 45 second(s)

24-03-2025T10:39:16 - [TEST_STEP][PASSED] - urlText = getText(findTestObject("Страница авторизации/Text")): Text of object 'Object Repository/Страница авторизации/Text' is: 'Период
Январь 2025 года
Выручка
Все
Выполнение плановых показателей по ПАО Россети за Январь 2025 года
План
Факт
Динамика
2025 год
0 млн.руб.
20 000 млн.руб.
40 000 млн.руб.
60 000 млн.руб.
80 000 млн.руб.
100 000 млн.руб.
120 000 млн.руб.
140 000 млн.руб.
160 000 млн.руб.
180 000 млн.руб.
200 000 млн.руб.
163 377
157 865
↓
ДЗО 
Все
Подписи данных
⬤Отклонение
АО "РЭС"
АО «Тываэнерго»
АО «Чеченэнерго»
Россети Волга
Россети Кубань
Россети Ленэнерго (ГК)
Россети Московский регион
Россети Северный Кавказ (ГК)
Россети Северо-Запад
Россети Сибирь (ГК)
Россети Томск
Россети Тюмень
Россети Урал (ГК)
Россети ФСК ЕЭС
Россети Центр
Россети Центр и Приволжье (ГК)
Россети Юг (ГК)
Россети Янтарь
-1 200млн.руб.
-1 000млн.руб.
-800млн.руб.
-600млн.руб.
-400млн.руб.
-200млн.руб.
0 млн.руб.
200млн.руб.
400млн.руб.
600 …
-73
23
-83
-295
-54
-403
-927
-606
-251
348
-58
-1 104
-474
-59
-675
-613
-191
-19
млн.
%
Выручка
Отклонение выручки по ПАО Россети за Январь 2025 года (факт/план, млн. руб)
ПАО Россети
-5 512.4 млн.руб.
Статус данных
×
Просьба обратить внимание
Данные занесены и согласованы не полностью
ВЫБРАННЫЕ ЗНАЧЕНИЯ ФИЛЬТРОВ
ДЗО | ПЕРИОД
ПАО Россети: [«Выбраны все филиалы по всем ДЗО по всем категориям»]
2025: [Янв]
*Внутренний оборот'

24-03-2025T10:39:16 - [MESSAGE][PASSED] - Text of object 'Object Repository/Страница авторизации/Text' is: 'Период
Январь 2025 года
Выручка
Все
Выполнение плановых показателей по ПАО Россети за Январь 2025 года
План
Факт
Динамика
2025 год
0 млн.руб.
20 000 млн.руб.
40 000 млн.руб.
60 000 млн.руб.
80 000 млн.руб.
100 000 млн.руб.
120 000 млн.руб.
140 000 млн.руб.
160 000 млн.руб.
180 000 млн.руб.
200 000 млн.руб.
163 377
157 865
↓
ДЗО 
Все
Подписи данных
⬤Отклонение
АО "РЭС"
АО «Тываэнерго»
АО «Чеченэнерго»
Россети Волга
Россети Кубань
Россети Ленэнерго (ГК)
Россети Московский регион
Россети Северный Кавказ (ГК)
Россети Северо-Запад
Россети Сибирь (ГК)
Россети Томск
Россети Тюмень
Россети Урал (ГК)
Россети ФСК ЕЭС
Россети Центр
Россети Центр и Приволжье (ГК)
Россети Юг (ГК)
Россети Янтарь
-1 200млн.руб.
-1 000млн.руб.
-800млн.руб.
-600млн.руб.
-400млн.руб.
-200млн.руб.
0 млн.руб.
200млн.руб.
400млн.руб.
600 …
-73
23
-83
-295
-54
-403
-927
-606
-251
348
-58
-1 104
-474
-59
-675
-613
-191
-19
млн.
%
Выручка
Отклонение выручки по ПАО Россети за Январь 2025 года (факт/план, млн. руб)
ПАО Россети
-5 512.4 млн.руб.
Статус данных
×
Просьба обратить внимание
Данные занесены и согласованы не полностью
ВЫБРАННЫЕ ЗНАЧЕНИЯ ФИЛЬТРОВ
ДЗО | ПЕРИОД
ПАО Россети: [«Выбраны все филиалы по всем ДЗО по всем категориям»]
2025: [Янв]
*Внутренний оборот'

24-03-2025T10:39:16 - [TEST_STEP][PASSED] - searchWord = "а": null

24-03-2025T10:39:16 - [TEST_STEP][PASSED] - if (urlText.contains("ошибка") || urlText.contains(searchWord) == false): null

24-03-2025T10:39:16 - [TEST_STEP][PASSED] - delay(45): Delayed 45 second(s)

24-03-2025T10:40:01 - [MESSAGE][PASSED] - Delayed 45 second(s)

24-03-2025T10:40:01 - [TEST_STEP][PASSED] - if (block == 2): Delayed 50 second(s)

24-03-2025T10:40:01 - [TEST_STEP][PASSED] - opoveshenie = getText(findTestObject("Выручка в рублях/Просьба обратить внимание")): Text of object 'Object Repository/Выручка в рублях/Просьба обратить внимание' is: 'Просьба обратить внимание'

24-03-2025T10:40:02 - [MESSAGE][PASSED] - Text of object 'Object Repository/Выручка в рублях/Просьба обратить внимание' is: 'Просьба обратить внимание'

24-03-2025T10:40:02 - [TEST_STEP][PASSED] - if (opoveshenie == "Просьба обратить внимание"): Delayed 50 second(s)

24-03-2025T10:40:02 - [TEST_STEP][PASSED] - click(findTestObject("Выручка в рублях/Закрыть оповещение")): Object: 'Object Repository/Выручка в рублях/Закрыть оповещение' is clicked on

24-03-2025T10:40:02 - [MESSAGE][PASSED] - Object: 'Object Repository/Выручка в рублях/Закрыть оповещение' is clicked on

24-03-2025T10:40:02 - [TEST_STEP][PASSED] - delay(50): Delayed 50 second(s)

24-03-2025T10:40:52 - [MESSAGE][PASSED] - Delayed 50 second(s)

24-03-2025T10:40:52 - [TEST_STEP][PASSED] - click(findTestObject("Выручка в рублях/Фильтр Период" + nameOfBlock)): Object: 'Object Repository/Выручка в рублях/Фильтр Период Выручка' is clicked on

24-03-2025T10:40:52 - [MESSAGE][PASSED] - Object: 'Object Repository/Выручка в рублях/Фильтр Период Выручка' is clicked on

24-03-2025T10:40:52 - [TEST_STEP][PASSED] - click(findTestObject("Выручка в рублях/Снять выделение в фильтре Дата" + nameOfBlock)): Object: 'Object Repository/Выручка в рублях/Снять выделение в фильтре Дата Выручка' is clicked on

24-03-2025T10:40:53 - [MESSAGE][PASSED] - Object: 'Object Repository/Выручка в рублях/Снять выделение в фильтре Дата Выручка' is clicked on

24-03-2025T10:40:53 - [TEST_STEP][PASSED] - click(findTestObject("Выручка в рублях/Применить в фильтре Дата" + nameOfBlock)): Object: 'Object Repository/Выручка в рублях/Применить в фильтре Дата Выручка' is clicked on

24-03-2025T10:40:54 - [MESSAGE][PASSED] - Object: 'Object Repository/Выручка в рублях/Применить в фильтре Дата Выручка' is clicked on

24-03-2025T10:40:54 - [TEST_STEP][PASSED] - delay(50): Delayed 50 second(s)

24-03-2025T10:41:44 - [MESSAGE][PASSED] - Delayed 50 second(s)

24-03-2025T10:41:44 - [TEST_STEP][PASSED] - click(findTestObject("Выручка в рублях/Фильтр Период" + nameOfBlock)): Object: 'Object Repository/Выручка в рублях/Фильтр Период Выручка' is clicked on

24-03-2025T10:41:44 - [MESSAGE][PASSED] - Object: 'Object Repository/Выручка в рублях/Фильтр Период Выручка' is clicked on

24-03-2025T10:41:44 - [TEST_STEP][PASSED] - click(findTestObject("Выручка в рублях/Снять выделение в фильтре Дата" + nameOfBlock)): Object: 'Object Repository/Выручка в рублях/Снять выделение в фильтре Дата Выручка' is clicked on

24-03-2025T10:41:44 - [MESSAGE][PASSED] - Object: 'Object Repository/Выручка в рублях/Снять выделение в фильтре Дата Выручка' is clicked on

24-03-2025T10:41:44 - [TEST_STEP][PASSED] - scrollToElement(findTestObject("Выручка в рублях/2025 список" + nameOfBlock), 30): Scroll to object 'Object Repository/Выручка в рублях/2025 список Выручка' successfully

24-03-2025T10:41:45 - [MESSAGE][PASSED] - Scroll to object 'Object Repository/Выручка в рублях/2025 список Выручка' successfully

24-03-2025T10:41:45 - [TEST_STEP][PASSED] - click(findTestObject("Выручка в рублях/2025 список" + nameOfBlock)): Object: 'Object Repository/Выручка в рублях/2025 список Выручка' is clicked on

24-03-2025T10:41:45 - [MESSAGE][PASSED] - Object: 'Object Repository/Выручка в рублях/2025 список Выручка' is clicked on

24-03-2025T10:41:45 - [TEST_STEP][PASSED] - scrollToElement(findTestObject("Выручка в рублях/1 квартал 2025 список Выручка"), 30): Scroll to object 'Object Repository/Выручка в рублях/1 квартал 2025 список Выручка' successfully

24-03-2025T10:41:45 - [MESSAGE][PASSED] - Scroll to object 'Object Repository/Выручка в рублях/1 квартал 2025 список Выручка' successfully

24-03-2025T10:41:45 - [TEST_STEP][PASSED] - click(findTestObject("Выручка в рублях/1 квартал 2025 список" + nameOfBlock)): Object: 'Object Repository/Выручка в рублях/1 квартал 2025 список Выручка' is clicked on

24-03-2025T10:41:46 - [MESSAGE][PASSED] - Object: 'Object Repository/Выручка в рублях/1 квартал 2025 список Выручка' is clicked on

24-03-2025T10:41:46 - [TEST_STEP][PASSED] - scrollToElement(findTestObject("Выручка в рублях/Январь 2025" + nameOfBlock), 30): Scroll to object 'Object Repository/Выручка в рублях/Январь 2025 Выручка' successfully

24-03-2025T10:41:46 - [MESSAGE][PASSED] - Scroll to object 'Object Repository/Выручка в рублях/Январь 2025 Выручка' successfully

24-03-2025T10:41:46 - [TEST_STEP][PASSED] - click(findTestObject("Выручка в рублях/Январь 2025" + nameOfBlock)): Object: 'Object Repository/Выручка в рублях/Январь 2025 Выручка' is clicked on

24-03-2025T10:41:46 - [MESSAGE][PASSED] - Object: 'Object Repository/Выручка в рублях/Январь 2025 Выручка' is clicked on

24-03-2025T10:41:46 - [TEST_STEP][PASSED] - scrollToElement(findTestObject("Выручка в рублях/Заголовок дашборда" + nameOfBlock), 30): Scroll to object 'Object Repository/Выручка в рублях/Заголовок дашборда Выручка' successfully

24-03-2025T10:41:47 - [MESSAGE][PASSED] - Scroll to object 'Object Repository/Выручка в рублях/Заголовок дашборда Выручка' successfully

24-03-2025T10:41:47 - [TEST_STEP][PASSED] - click(findTestObject("Выручка в рублях/Применить в фильтре Дата" + nameOfBlock)): Object: 'Object Repository/Выручка в рублях/Применить в фильтре Дата Выручка' is clicked on

24-03-2025T10:41:47 - [MESSAGE][PASSED] - Object: 'Object Repository/Выручка в рублях/Применить в фильтре Дата Выручка' is clicked on

24-03-2025T10:41:47 - [TEST_STEP][PASSED] - delay(55): Delayed 55 second(s)

24-03-2025T10:42:42 - [MESSAGE][PASSED] - Delayed 55 second(s)

24-03-2025T10:42:42 - [TEST_STEP][PASSED] - click(findTestObject("Выручка в рублях/Фильтр ДЗО" + nameOfBlock)): Object: 'Object Repository/Выручка в рублях/Фильтр ДЗО Выручка' is clicked on

24-03-2025T10:42:43 - [MESSAGE][PASSED] - Object: 'Object Repository/Выручка в рублях/Фильтр ДЗО Выручка' is clicked on

24-03-2025T10:42:43 - [TEST_STEP][PASSED] - click(findTestObject("Выручка в рублях/Снять выделение в фильтре ДЗО" + nameOfBlock)): Object: 'Object Repository/Выручка в рублях/Снять выделение в фильтре ДЗО Выручка' is clicked on

24-03-2025T10:42:43 - [MESSAGE][PASSED] - Object: 'Object Repository/Выручка в рублях/Снять выделение в фильтре ДЗО Выручка' is clicked on

24-03-2025T10:42:43 - [TEST_STEP][PASSED] - click(findTestObject("Выручка в рублях/Применить в фильтре ДЗО" + nameOfBlock)): Object: 'Object Repository/Выручка в рублях/Применить в фильтре ДЗО Выручка' is clicked on

24-03-2025T10:42:44 - [MESSAGE][PASSED] - Object: 'Object Repository/Выручка в рублях/Применить в фильтре ДЗО Выручка' is clicked on

24-03-2025T10:42:44 - [TEST_STEP][PASSED] - delay(50): Delayed 50 second(s)

24-03-2025T10:43:34 - [MESSAGE][PASSED] - Delayed 50 second(s)

24-03-2025T10:43:34 - [TEST_STEP][PASSED] - Script1742558545601.Tumbler(run, vir, block, nameOfBlock): null

24-03-2025T10:43:34 - [TEST_STEP][PASSED] - println("run:" + run): null

24-03-2025T10:43:34 - [TEST_STEP][PASSED] - println("vir:" + vir): null

24-03-2025T10:43:34 - [TEST_STEP][PASSED] - println("block:" + block): null

24-03-2025T10:43:34 - [TEST_STEP][PASSED] - println("nameOfBlock:" + nameOfBlock): null

24-03-2025T10:43:34 - [TEST_STEP][PASSED] - if (vir == 1): Object: 'Object Repository/Выручка в рублях/Переключить отображение с млн на проценты Выручка в рублях Выручка' is clicked on

24-03-2025T10:43:34 - [TEST_STEP][PASSED] - if (run == 2): Object: 'Object Repository/Выручка в рублях/Переключить отображение с млн на проценты Выручка в рублях Выручка' is clicked on

24-03-2025T10:43:34 - [TEST_STEP][PASSED] - click(findTestObject("Выручка в рублях/Переключить отображение с млн на проценты Выручка в рублях" + nameOfBlock)): Object: 'Object Repository/Выручка в рублях/Переключить отображение с млн на проценты Выручка в рублях Выручка' is clicked on

24-03-2025T10:43:34 - [MESSAGE][PASSED] - Object: 'Object Repository/Выручка в рублях/Переключить отображение с млн на проценты Выручка в рублях Выручка' is clicked on

24-03-2025T10:43:34 - [TEST_STEP][PASSED] - click(findTestObject("Выручка в рублях/Фильтр ДЗО" + nameOfBlock)): Object: 'Object Repository/Выручка в рублях/Фильтр ДЗО Выручка' is clicked on

24-03-2025T10:43:35 - [MESSAGE][PASSED] - Object: 'Object Repository/Выручка в рублях/Фильтр ДЗО Выручка' is clicked on

24-03-2025T10:43:35 - [TEST_STEP][PASSED] - Script1742558545601.Rosseti(nameOfBlock): null

24-03-2025T10:43:35 - [TEST_STEP][PASSED] - println("nameOfBlock:" + nameOfBlock): null

24-03-2025T10:43:35 - [TEST_STEP][PASSED] - click(findTestObject("Выручка в рублях/ПАО Россети" + nameOfBlock)): Object: 'Object Repository/Выручка в рублях/ПАО Россети Выручка' is clicked on

24-03-2025T10:43:35 - [MESSAGE][PASSED] - Object: 'Object Repository/Выручка в рублях/ПАО Россети Выручка' is clicked on

24-03-2025T10:43:35 - [TEST_STEP][PASSED] - click(findTestObject("Выручка в рублях/Применить в фильтре ДЗО" + nameOfBlock)): Object: 'Object Repository/Выручка в рублях/Применить в фильтре ДЗО Выручка' is clicked on

24-03-2025T10:43:36 - [MESSAGE][PASSED] - Object: 'Object Repository/Выручка в рублях/Применить в фильтре ДЗО Выручка' is clicked on

24-03-2025T10:43:36 - [TEST_STEP][PASSED] - if (vir == 1 || vir == 2): Text of object 'Object Repository/Выручка в рублях/График План Выручка' is: '163 377'

24-03-2025T10:43:36 - [TEST_STEP][PASSED] - b1 = getText(findTestObject("Выручка в рублях/График План Выручка")): Text of object 'Object Repository/Выручка в рублях/График План Выручка' is: '163 377'

24-03-2025T10:43:37 - [MESSAGE][PASSED] - Text of object 'Object Repository/Выручка в рублях/График План Выручка' is: '163 377'

24-03-2025T10:43:37 - [TEST_STEP][PASSED] - if (vir == 1 || vir == 2): Text of object 'Object Repository/Выручка в рублях/График Факт Выручка' is: '157 865'

24-03-2025T10:43:37 - [TEST_STEP][PASSED] - b2 = getText(findTestObject("Выручка в рублях/График Факт Выручка")): Text of object 'Object Repository/Выручка в рублях/График Факт Выручка' is: '157 865'

24-03-2025T10:43:37 - [MESSAGE][PASSED] - Text of object 'Object Repository/Выручка в рублях/График Факт Выручка' is: '157 865'

24-03-2025T10:43:37 - [TEST_STEP][PASSED] - b30 = getText(findTestObject("Выручка в рублях/span1" + perc)): Text of object 'Object Repository/Выручка в рублях/span1 Perc' is: '-3.37 %'

24-03-2025T10:43:38 - [MESSAGE][PASSED] - Text of object 'Object Repository/Выручка в рублях/span1 Perc' is: '-3.37 %'

24-03-2025T10:43:38 - [TEST_STEP][PASSED] - i = b30.indexOf("млн.руб."): null

24-03-2025T10:43:38 - [TEST_STEP][PASSED] - if (i > -1): null

24-03-2025T10:43:38 - [TEST_STEP][PASSED] - if (b30.contains("%")): null

24-03-2025T10:43:38 - [TEST_STEP][PASSED] - b30 = b30.replaceAll("%", ""): null

24-03-2025T10:43:38 - [TEST_STEP][PASSED] - b30 = ").trim(): null

24-03-2025T10:43:38 - [TEST_STEP][PASSED] - println("b30: " + b30): null

24-03-2025T10:43:38 - [TEST_STEP][PASSED] - if (vir == 1): Text of object 'Object Repository/Выручка в рублях/span19 Perc' is: '-1.75 %'

24-03-2025T10:43:38 - [TEST_STEP][PASSED] - b31 = ").trim(): Text of object 'Object Repository/Выручка в рублях/span2 Perc' is: '-3.2 %'

24-03-2025T10:43:38 - [MESSAGE][PASSED] - Text of object 'Object Repository/Выручка в рублях/span2 Perc' is: '-3.2 %'

24-03-2025T10:43:38 - [TEST_STEP][PASSED] - b32 = ").trim(): Text of object 'Object Repository/Выручка в рублях/span3 Perc' is: '9.16 %'

24-03-2025T10:43:38 - [MESSAGE][PASSED] - Text of object 'Object Repository/Выручка в рублях/span3 Perc' is: '9.16 %'

24-03-2025T10:43:38 - [TEST_STEP][PASSED] - b33 = ").trim(): Text of object 'Object Repository/Выручка в рублях/span4 Perc' is: '-15.18 %'

24-03-2025T10:43:39 - [MESSAGE][PASSED] - Text of object 'Object Repository/Выручка в рублях/span4 Perc' is: '-15.18 %'

24-03-2025T10:43:39 - [TEST_STEP][PASSED] - b34 = ").trim(): Text of object 'Object Repository/Выручка в рублях/span5 Perc' is: '-2.71 %'

24-03-2025T10:43:39 - [MESSAGE][PASSED] - Text of object 'Object Repository/Выручка в рублях/span5 Perc' is: '-2.71 %'

24-03-2025T10:43:39 - [TEST_STEP][PASSED] - b35 = ").trim(): Text of object 'Object Repository/Выручка в рублях/span6 Perc' is: '-0.69 %'

24-03-2025T10:43:39 - [MESSAGE][PASSED] - Text of object 'Object Repository/Выручка в рублях/span6 Perc' is: '-0.69 %'

24-03-2025T10:43:39 - [TEST_STEP][PASSED] - b36 = ").trim(): Text of object 'Object Repository/Выручка в рублях/span7 Perc' is: '-3.46 %'

24-03-2025T10:43:39 - [MESSAGE][PASSED] - Text of object 'Object Repository/Выручка в рублях/span7 Perc' is: '-3.46 %'

24-03-2025T10:43:39 - [TEST_STEP][PASSED] - b37 = ").trim(): Text of object 'Object Repository/Выручка в рублях/span8 Perc' is: '-4.13 %'

24-03-2025T10:43:40 - [MESSAGE][PASSED] - Text of object 'Object Repository/Выручка в рублях/span8 Perc' is: '-4.13 %'

24-03-2025T10:43:40 - [TEST_STEP][PASSED] - b38 = ").trim(): Text of object 'Object Repository/Выручка в рублях/span9 Perc' is: '-13.75 %'

24-03-2025T10:43:40 - [MESSAGE][PASSED] - Text of object 'Object Repository/Выручка в рублях/span9 Perc' is: '-13.75 %'

24-03-2025T10:43:40 - [TEST_STEP][PASSED] - b39 = ").trim(): Text of object 'Object Repository/Выручка в рублях/span10 Perc' is: '-3.55 %'

24-03-2025T10:43:40 - [MESSAGE][PASSED] - Text of object 'Object Repository/Выручка в рублях/span10 Perc' is: '-3.55 %'

24-03-2025T10:43:40 - [TEST_STEP][PASSED] - b310 = ").trim(): Text of object 'Object Repository/Выручка в рублях/span11 Perc' is: '3.18 %'

24-03-2025T10:43:41 - [MESSAGE][PASSED] - Text of object 'Object Repository/Выручка в рублях/span11 Perc' is: '3.18 %'

24-03-2025T10:43:41 - [TEST_STEP][PASSED] - b311 = ").trim(): Text of object 'Object Repository/Выручка в рублях/span12 Perc' is: '-5.3 %'

24-03-2025T10:43:41 - [MESSAGE][PASSED] - Text of object 'Object Repository/Выручка в рублях/span12 Perc' is: '-5.3 %'

24-03-2025T10:43:41 - [TEST_STEP][PASSED] - b312 = ").trim(): Text of object 'Object Repository/Выручка в рублях/span13 Perc' is: '-10.64 %'

24-03-2025T10:43:41 - [MESSAGE][PASSED] - Text of object 'Object Repository/Выручка в рублях/span13 Perc' is: '-10.64 %'

24-03-2025T10:43:41 - [TEST_STEP][PASSED] - b313 = ").trim(): Text of object 'Object Repository/Выручка в рублях/span14 Perc' is: '-4.34 %'

24-03-2025T10:43:41 - [MESSAGE][PASSED] - Text of object 'Object Repository/Выручка в рублях/span14 Perc' is: '-4.34 %'

24-03-2025T10:43:41 - [TEST_STEP][PASSED] - b314 = ").trim(): Text of object 'Object Repository/Выручка в рублях/span15 Perc' is: '-0.21 %'

24-03-2025T10:43:42 - [MESSAGE][PASSED] - Text of object 'Object Repository/Выручка в рублях/span15 Perc' is: '-0.21 %'

24-03-2025T10:43:42 - [TEST_STEP][PASSED] - b315 = ").trim(): Text of object 'Object Repository/Выручка в рублях/span16 Perc' is: '-5.32 %'

24-03-2025T10:43:42 - [MESSAGE][PASSED] - Text of object 'Object Repository/Выручка в рублях/span16 Perc' is: '-5.32 %'

24-03-2025T10:43:42 - [TEST_STEP][PASSED] - b316 = ").trim(): Text of object 'Object Repository/Выручка в рублях/span17 Perc' is: '-4.49 %'

24-03-2025T10:43:42 - [MESSAGE][PASSED] - Text of object 'Object Repository/Выручка в рублях/span17 Perc' is: '-4.49 %'

24-03-2025T10:43:42 - [TEST_STEP][PASSED] - b317 = ").trim(): Text of object 'Object Repository/Выручка в рублях/span18 Perc' is: '-2.71 %'

24-03-2025T10:43:42 - [MESSAGE][PASSED] - Text of object 'Object Repository/Выручка в рублях/span18 Perc' is: '-2.71 %'

24-03-2025T10:43:42 - [TEST_STEP][PASSED] - b318 = ").trim(): Text of object 'Object Repository/Выручка в рублях/span19 Perc' is: '-1.75 %'

24-03-2025T10:43:43 - [MESSAGE][PASSED] - Text of object 'Object Repository/Выручка в рублях/span19 Perc' is: '-1.75 %'

24-03-2025T10:43:43 - [TEST_STEP][PASSED] - dZO = "ПАО Россети": null

24-03-2025T10:43:43 - [TEST_STEP][PASSED] - if (verifyEqual(a1, b1) == false): Actual object '163 377' and expected object '163 377' are equal

24-03-2025T10:43:43 - [MESSAGE][PASSED] - Actual object '163 377' and expected object '163 377' are equal

24-03-2025T10:43:43 - [TEST_STEP][PASSED] - if (verifyEqual(a2, b2) == false): Actual object '157 865' and expected object '157 865' are equal

24-03-2025T10:43:43 - [MESSAGE][PASSED] - Actual object '157 865' and expected object '157 865' are equal

24-03-2025T10:43:43 - [TEST_STEP][PASSED] - vidget = "Отклонения": null

24-03-2025T10:43:43 - [TEST_STEP][PASSED] - if (verifyEqual(a30, b30) == false): Actual object '-3.37' and expected object '-3.37' are equal

24-03-2025T10:43:43 - [MESSAGE][PASSED] - Actual object '-3.37' and expected object '-3.37' are equal

24-03-2025T10:43:43 - [TEST_STEP][PASSED] - dZO = "АО «РЭС»": null

24-03-2025T10:43:43 - [TEST_STEP][PASSED] - if (verifyEqual(a31, b31) == false): Actual object '-3.2' and expected object '-3.2' are equal

24-03-2025T10:43:43 - [MESSAGE][PASSED] - Actual object '-3.2' and expected object '-3.2' are equal

24-03-2025T10:43:43 - [TEST_STEP][PASSED] - dZO = "АО «Тываэнерго»": null

24-03-2025T10:43:43 - [TEST_STEP][PASSED] - if (verifyEqual(a32, b32) == false): Actual object '9.16' and expected object '9.16' are equal

24-03-2025T10:43:43 - [MESSAGE][PASSED] - Actual object '9.16' and expected object '9.16' are equal

24-03-2025T10:43:43 - [TEST_STEP][PASSED] - dZO = "АО «Чеченэнерго»": null

24-03-2025T10:43:43 - [TEST_STEP][PASSED] - if (verifyEqual(a33, b33) == false): Actual object '-15.18' and expected object '-15.18' are equal

24-03-2025T10:43:43 - [MESSAGE][PASSED] - Actual object '-15.18' and expected object '-15.18' are equal

24-03-2025T10:43:43 - [TEST_STEP][PASSED] - dZO = "Россети Волга": null

24-03-2025T10:43:43 - [TEST_STEP][PASSED] - if (verifyEqual(a34, b34) == false): Actual object '-2.71' and expected object '-2.71' are equal

24-03-2025T10:43:43 - [MESSAGE][PASSED] - Actual object '-2.71' and expected object '-2.71' are equal

24-03-2025T10:43:43 - [TEST_STEP][PASSED] - dZO = "Россети Кубань": null

24-03-2025T10:43:43 - [TEST_STEP][PASSED] - if (verifyEqual(a35, b35) == false): Actual object '-0.69' and expected object '-0.69' are equal

24-03-2025T10:43:43 - [MESSAGE][PASSED] - Actual object '-0.69' and expected object '-0.69' are equal

24-03-2025T10:43:43 - [TEST_STEP][PASSED] - dZO = "Россети Ленэнерго (ГК)": null

24-03-2025T10:43:43 - [TEST_STEP][PASSED] - if (verifyEqual(a36, b36) == false): Actual object '-3.46' and expected object '-3.46' are equal

24-03-2025T10:43:43 - [MESSAGE][PASSED] - Actual object '-3.46' and expected object '-3.46' are equal

24-03-2025T10:43:43 - [TEST_STEP][PASSED] - dZO = "Россети Московский регион": null

24-03-2025T10:43:43 - [TEST_STEP][PASSED] - if (verifyEqual(a37, b37) == false): Actual object '-4.13' and expected object '-4.13' are equal

24-03-2025T10:43:43 - [MESSAGE][PASSED] - Actual object '-4.13' and expected object '-4.13' are equal

24-03-2025T10:43:43 - [TEST_STEP][PASSED] - dZO = "Россети Северный Кавказ (ГК)": null

24-03-2025T10:43:43 - [TEST_STEP][PASSED] - if (verifyEqual(a38, b38) == false): Actual object '-13.75' and expected object '-13.75' are equal

24-03-2025T10:43:43 - [MESSAGE][PASSED] - Actual object '-13.75' and expected object '-13.75' are equal

24-03-2025T10:43:43 - [TEST_STEP][PASSED] - dZO = "Россети Северо-Запад": null

24-03-2025T10:43:43 - [TEST_STEP][PASSED] - if (verifyEqual(a39, b39) == false): Actual object '-3.55' and expected object '-3.55' are equal

24-03-2025T10:43:43 - [MESSAGE][PASSED] - Actual object '-3.55' and expected object '-3.55' are equal

24-03-2025T10:43:43 - [TEST_STEP][PASSED] - dZO = "Россети Сибирь (ГК)": null

24-03-2025T10:43:43 - [TEST_STEP][PASSED] - if (verifyEqual(a310, b310) == false): Actual object '3.18' and expected object '3.18' are equal

24-03-2025T10:43:43 - [MESSAGE][PASSED] - Actual object '3.18' and expected object '3.18' are equal

24-03-2025T10:43:43 - [TEST_STEP][PASSED] - dZO = "Россети Томск": null

24-03-2025T10:43:43 - [TEST_STEP][PASSED] - if (verifyEqual(a311, b311) == false): Actual object '-5.3' and expected object '-5.3' are equal

24-03-2025T10:43:43 - [MESSAGE][PASSED] - Actual object '-5.3' and expected object '-5.3' are equal

24-03-2025T10:43:43 - [TEST_STEP][PASSED] - dZO = "Россети Тюмень": null

24-03-2025T10:43:43 - [TEST_STEP][PASSED] - if (verifyEqual(a312, b312) == false): Actual object '-10.64' and expected object '-10.64' are equal

24-03-2025T10:43:43 - [MESSAGE][PASSED] - Actual object '-10.64' and expected object '-10.64' are equal

24-03-2025T10:43:43 - [TEST_STEP][PASSED] - dZO = "Россети Урал (ГК)": null

24-03-2025T10:43:43 - [TEST_STEP][PASSED] - if (verifyEqual(a313, b313) == false): Actual object '-4.34' and expected object '-4.34' are equal

24-03-2025T10:43:43 - [MESSAGE][PASSED] - Actual object '-4.34' and expected object '-4.34' are equal

24-03-2025T10:43:43 - [TEST_STEP][PASSED] - dZO = "Россети ФСК ЕЭС": null

24-03-2025T10:43:43 - [TEST_STEP][PASSED] - if (verifyEqual(a314, b314) == false): Actual object '-0.21' and expected object '-0.21' are equal

24-03-2025T10:43:43 - [MESSAGE][PASSED] - Actual object '-0.21' and expected object '-0.21' are equal

24-03-2025T10:43:43 - [TEST_STEP][PASSED] - dZO = "Россети Центр": null

24-03-2025T10:43:43 - [TEST_STEP][PASSED] - if (verifyEqual(a315, b315) == false): Actual object '-5.32' and expected object '-5.32' are equal

24-03-2025T10:43:43 - [MESSAGE][PASSED] - Actual object '-5.32' and expected object '-5.32' are equal

24-03-2025T10:43:43 - [TEST_STEP][PASSED] - dZO = "Россети Центр и Приволжье (ГК)": null

24-03-2025T10:43:43 - [TEST_STEP][PASSED] - if (verifyEqual(a316, b316) == false): Actual object '-4.49' and expected object '-4.49' are equal

24-03-2025T10:43:43 - [MESSAGE][PASSED] - Actual object '-4.49' and expected object '-4.49' are equal

24-03-2025T10:43:43 - [TEST_STEP][PASSED] - dZO = "Россети Юг (ГК)": null

24-03-2025T10:43:43 - [TEST_STEP][PASSED] - if (verifyEqual(a317, b317) == false): Actual object '-2.71' and expected object '-2.71' are equal

24-03-2025T10:43:43 - [MESSAGE][PASSED] - Actual object '-2.71' and expected object '-2.71' are equal

24-03-2025T10:43:43 - [TEST_STEP][PASSED] - dZO = "Россети Янтарь": null

24-03-2025T10:43:43 - [TEST_STEP][PASSED] - if (verifyEqual(a318, b318) == false): Actual object '-1.75' and expected object '-1.75' are equal

24-03-2025T10:43:43 - [MESSAGE][PASSED] - Actual object '-1.75' and expected object '-1.75' are equal

24-03-2025T10:43:43 - [TEST_STEP][PASSED] - closeBrowser(): null

24-03-2025T10:43:43 - [MESSAGE][PASSED] - Browser is closed

24-03-2025T10:43:43 - [TEST_STEP][PASSED] - Script1742558545601.Blocks(run, vir, block, nameOfBlock, typeOfData, viruchka, vidget, todaysDate, a, b, dZO, x, y): null

24-03-2025T10:43:43 - [TEST_STEP][PASSED] - i = <not implemented yet for class: org.codehaus.groovy.ast.expr.EmptyExpression>: null

24-03-2025T10:43:43 - [TEST_STEP][PASSED] - perc = "": null

24-03-2025T10:43:43 - [TEST_STEP][PASSED] - a1 = <not implemented yet for class: org.codehaus.groovy.ast.expr.EmptyExpression>: null

24-03-2025T10:43:43 - [TEST_STEP][PASSED] - a2 = <not implemented yet for class: org.codehaus.groovy.ast.expr.EmptyExpression>: null

24-03-2025T10:43:43 - [TEST_STEP][PASSED] - a30 = <not implemented yet for class: org.codehaus.groovy.ast.expr.EmptyExpression>: null

24-03-2025T10:43:43 - [TEST_STEP][PASSED] - a31 = <not implemented yet for class: org.codehaus.groovy.ast.expr.EmptyExpression>: null

24-03-2025T10:43:43 - [TEST_STEP][PASSED] - a32 = <not implemented yet for class: org.codehaus.groovy.ast.expr.EmptyExpression>: null

24-03-2025T10:43:43 - [TEST_STEP][PASSED] - a33 = <not implemented yet for class: org.codehaus.groovy.ast.expr.EmptyExpression>: null

24-03-2025T10:43:43 - [TEST_STEP][PASSED] - a34 = <not implemented yet for class: org.codehaus.groovy.ast.expr.EmptyExpression>: null

24-03-2025T10:43:43 - [TEST_STEP][PASSED] - a35 = <not implemented yet for class: org.codehaus.groovy.ast.expr.EmptyExpression>: null

24-03-2025T10:43:43 - [TEST_STEP][PASSED] - a36 = <not implemented yet for class: org.codehaus.groovy.ast.expr.EmptyExpression>: null

24-03-2025T10:43:43 - [TEST_STEP][PASSED] - a37 = <not implemented yet for class: org.codehaus.groovy.ast.expr.EmptyExpression>: null

24-03-2025T10:43:43 - [TEST_STEP][PASSED] - a38 = <not implemented yet for class: org.codehaus.groovy.ast.expr.EmptyExpression>: null

24-03-2025T10:43:43 - [TEST_STEP][PASSED] - a39 = <not implemented yet for class: org.codehaus.groovy.ast.expr.EmptyExpression>: null

24-03-2025T10:43:43 - [TEST_STEP][PASSED] - a310 = <not implemented yet for class: org.codehaus.groovy.ast.expr.EmptyExpression>: null

24-03-2025T10:43:43 - [TEST_STEP][PASSED] - a311 = <not implemented yet for class: org.codehaus.groovy.ast.expr.EmptyExpression>: null

24-03-2025T10:43:43 - [TEST_STEP][PASSED] - a312 = <not implemented yet for class: org.codehaus.groovy.ast.expr.EmptyExpression>: null

24-03-2025T10:43:43 - [TEST_STEP][PASSED] - a313 = <not implemented yet for class: org.codehaus.groovy.ast.expr.EmptyExpression>: null

24-03-2025T10:43:43 - [TEST_STEP][PASSED] - a314 = <not implemented yet for class: org.codehaus.groovy.ast.expr.EmptyExpression>: null

24-03-2025T10:43:43 - [TEST_STEP][PASSED] - a315 = <not implemented yet for class: org.codehaus.groovy.ast.expr.EmptyExpression>: null

24-03-2025T10:43:43 - [TEST_STEP][PASSED] - a316 = <not implemented yet for class: org.codehaus.groovy.ast.expr.EmptyExpression>: null

24-03-2025T10:43:43 - [TEST_STEP][PASSED] - a317 = <not implemented yet for class: org.codehaus.groovy.ast.expr.EmptyExpression>: null

24-03-2025T10:43:43 - [TEST_STEP][PASSED] - a318 = <not implemented yet for class: org.codehaus.groovy.ast.expr.EmptyExpression>: null

24-03-2025T10:43:43 - [TEST_STEP][PASSED] - b1 = <not implemented yet for class: org.codehaus.groovy.ast.expr.EmptyExpression>: null

24-03-2025T10:43:43 - [TEST_STEP][PASSED] - b2 = <not implemented yet for class: org.codehaus.groovy.ast.expr.EmptyExpression>: null

24-03-2025T10:43:43 - [TEST_STEP][PASSED] - b30 = <not implemented yet for class: org.codehaus.groovy.ast.expr.EmptyExpression>: null

24-03-2025T10:43:43 - [TEST_STEP][PASSED] - b31 = <not implemented yet for class: org.codehaus.groovy.ast.expr.EmptyExpression>: null

24-03-2025T10:43:43 - [TEST_STEP][PASSED] - b32 = <not implemented yet for class: org.codehaus.groovy.ast.expr.EmptyExpression>: null

24-03-2025T10:43:43 - [TEST_STEP][PASSED] - b33 = <not implemented yet for class: org.codehaus.groovy.ast.expr.EmptyExpression>: null

24-03-2025T10:43:43 - [TEST_STEP][PASSED] - b34 = <not implemented yet for class: org.codehaus.groovy.ast.expr.EmptyExpression>: null

24-03-2025T10:43:43 - [TEST_STEP][PASSED] - b35 = <not implemented yet for class: org.codehaus.groovy.ast.expr.EmptyExpression>: null

24-03-2025T10:43:43 - [TEST_STEP][PASSED] - b36 = <not implemented yet for class: org.codehaus.groovy.ast.expr.EmptyExpression>: null

24-03-2025T10:43:43 - [TEST_STEP][PASSED] - b37 = <not implemented yet for class: org.codehaus.groovy.ast.expr.EmptyExpression>: null

24-03-2025T10:43:43 - [TEST_STEP][PASSED] - b38 = <not implemented yet for class: org.codehaus.groovy.ast.expr.EmptyExpression>: null

24-03-2025T10:43:43 - [TEST_STEP][PASSED] - b39 = <not implemented yet for class: org.codehaus.groovy.ast.expr.EmptyExpression>: null

24-03-2025T10:43:43 - [TEST_STEP][PASSED] - b310 = <not implemented yet for class: org.codehaus.groovy.ast.expr.EmptyExpression>: null

24-03-2025T10:43:43 - [TEST_STEP][PASSED] - b311 = <not implemented yet for class: org.codehaus.groovy.ast.expr.EmptyExpression>: null

24-03-2025T10:43:43 - [TEST_STEP][PASSED] - b312 = <not implemented yet for class: org.codehaus.groovy.ast.expr.EmptyExpression>: null

24-03-2025T10:43:43 - [TEST_STEP][PASSED] - b313 = <not implemented yet for class: org.codehaus.groovy.ast.expr.EmptyExpression>: null

24-03-2025T10:43:43 - [TEST_STEP][PASSED] - b314 = <not implemented yet for class: org.codehaus.groovy.ast.expr.EmptyExpression>: null

24-03-2025T10:43:43 - [TEST_STEP][PASSED] - b315 = <not implemented yet for class: org.codehaus.groovy.ast.expr.EmptyExpression>: null

24-03-2025T10:43:43 - [TEST_STEP][PASSED] - b316 = <not implemented yet for class: org.codehaus.groovy.ast.expr.EmptyExpression>: null

24-03-2025T10:43:43 - [TEST_STEP][PASSED] - b317 = <not implemented yet for class: org.codehaus.groovy.ast.expr.EmptyExpression>: null

24-03-2025T10:43:43 - [TEST_STEP][PASSED] - b318 = <not implemented yet for class: org.codehaus.groovy.ast.expr.EmptyExpression>: null

24-03-2025T10:43:43 - [TEST_STEP][PASSED] - block = 1: null

24-03-2025T10:43:43 - [TEST_STEP][PASSED] - nameOfBlock = "": null

24-03-2025T10:43:43 - [TEST_STEP][PASSED] - Script1742558545601.PreSettings(run, vir, block, nameOfBlock, typeOfData, todaysDate): null

24-03-2025T10:43:43 - [TEST_STEP][PASSED] - openBrowser(""): Browser is opened with url: ''

24-03-2025T10:43:43 - [MESSAGE][INFO] - Starting 'Chrome' driver

24-03-2025T10:43:43 - [MESSAGE][INFO] - Action delay is set to 0 milliseconds

24-03-2025T10:43:44 - [MESSAGE][PASSED] - Browser is opened with url: ''

24-03-2025T10:43:44 - [TEST_STEP][PASSED] - refresh(): Refresh successfully

24-03-2025T10:43:44 - [MESSAGE][PASSED] - Refresh successfully

24-03-2025T10:43:44 - [TEST_STEP][PASSED] - delay(50): Delayed 50 second(s)

24-03-2025T10:44:34 - [MESSAGE][PASSED] - Delayed 50 second(s)

24-03-2025T10:44:34 - [TEST_STEP][PASSED] - println("run:" + run): null

24-03-2025T10:44:34 - [TEST_STEP][PASSED] - println("vir:" + vir): null

24-03-2025T10:44:34 - [TEST_STEP][PASSED] - println("block:" + block): null

24-03-2025T10:44:34 - [TEST_STEP][PASSED] - if (block == 1): null

24-03-2025T10:44:34 - [TEST_STEP][PASSED] - nameOfBlock = "": null

24-03-2025T10:44:34 - [TEST_STEP][PASSED] - println("nameOfBlock:" + nameOfBlock): null

24-03-2025T10:44:34 - [TEST_STEP][PASSED] - println("typeOfData:" + typeOfData): null

24-03-2025T10:44:34 - [TEST_STEP][PASSED] - println("todaysDate:" + todaysDate): null

24-03-2025T10:44:34 - [TEST_STEP][PASSED] - Script1742558545601.Autorization(block, nameOfBlock): null

24-03-2025T10:44:34 - [TEST_STEP][PASSED] - i = <not implemented yet for class: org.codehaus.groovy.ast.expr.EmptyExpression>: null

24-03-2025T10:44:34 - [TEST_STEP][PASSED] - ii = <not implemented yet for class: org.codehaus.groovy.ast.expr.EmptyExpression>: null

24-03-2025T10:44:34 - [TEST_STEP][PASSED] - urlData = <not implemented yet for class: org.codehaus.groovy.ast.expr.EmptyExpression>: null

24-03-2025T10:44:34 - [TEST_STEP][PASSED] - searchWord = <not implemented yet for class: org.codehaus.groovy.ast.expr.EmptyExpression>: null

24-03-2025T10:44:34 - [TEST_STEP][PASSED] - urlText = <not implemented yet for class: org.codehaus.groovy.ast.expr.EmptyExpression>: null

24-03-2025T10:44:34 - [TEST_STEP][PASSED] - println("block:" + block): null

24-03-2025T10:44:34 - [TEST_STEP][PASSED] - if (block == 1): null

24-03-2025T10:44:34 - [TEST_STEP][PASSED] - nameOfBlock = "": null

24-03-2025T10:44:34 - [TEST_STEP][PASSED] - println("nameOfBlock:" + nameOfBlock): null

24-03-2025T10:44:34 - [TEST_STEP][PASSED] - if (block == 1): Delayed 45 second(s)

24-03-2025T10:44:34 - [TEST_STEP][PASSED] - urlData = 2: null

24-03-2025T10:44:34 - [TEST_STEP][PASSED] - delay(45): Delayed 45 second(s)

24-03-2025T10:45:19 - [MESSAGE][PASSED] - Delayed 45 second(s)

24-03-2025T10:45:19 - [TEST_STEP][PASSED] - navigateToUrl(findTestData("PlanFact").getValue(10, urlData)): Navigate to 'https://bi.rosseti.digital/viewer?dashboardGuid=2301950b23be4ed89c1df75f2020051e&sheetGuid=b723206f698544fb87299f3095c00435&fit=true' successfully

24-03-2025T10:45:23 - [MESSAGE][PASSED] - Navigate to 'https://bi.rosseti.digital/viewer?dashboardGuid=2301950b23be4ed89c1df75f2020051e&sheetGuid=b723206f698544fb87299f3095c00435&fit=true' successfully

24-03-2025T10:45:23 - [TEST_STEP][PASSED] - urlText = getText(findTestObject("Страница авторизации/Text")): Text of object 'Object Repository/Страница авторизации/Text' is: 'Вход'

24-03-2025T10:45:25 - [MESSAGE][PASSED] - Text of object 'Object Repository/Страница авторизации/Text' is: 'Вход'

24-03-2025T10:45:25 - [TEST_STEP][PASSED] - searchWord = "Вход": null

24-03-2025T10:45:25 - [TEST_STEP][PASSED] - if (urlText == null || urlText.contains("ошибка") || urlText.contains(searchWord) == false): null

24-03-2025T10:45:25 - [TEST_STEP][PASSED] - if (verifyElementPresent(findTestObject("Страница авторизации/button_"), 30) == true): null

24-03-2025T10:45:25 - [MESSAGE][PASSED] - Object 'Object Repository/Страница авторизации/button_' is present

24-03-2025T10:45:25 - [TEST_STEP][PASSED] - setText(findTestObject("Страница авторизации/input__username"), findTestData("PlanFact").getValue(8, 1)): Text 'liazgina-di' is set on object 'Object Repository/Страница авторизации/input__username'

24-03-2025T10:45:26 - [MESSAGE][PASSED] - Text 'liazgina-di' is set on object 'Object Repository/Страница авторизации/input__username'

24-03-2025T10:45:26 - [TEST_STEP][PASSED] - setText(findTestObject("Страница авторизации/input__password"), findTestData("PlanFact").getValue(9, 1)): Text ')$%5srZ8o688Dm#q' is set on object 'Object Repository/Страница авторизации/input__password'

24-03-2025T10:45:26 - [MESSAGE][PASSED] - Text ')$%5srZ8o688Dm#q' is set on object 'Object Repository/Страница авторизации/input__password'

24-03-2025T10:45:26 - [TEST_STEP][PASSED] - click(findTestObject("Страница авторизации/button_")): Object: 'Object Repository/Страница авторизации/button_' is clicked on

24-03-2025T10:45:28 - [MESSAGE][PASSED] - Object: 'Object Repository/Страница авторизации/button_' is clicked on

24-03-2025T10:45:28 - [TEST_STEP][PASSED] - delay(45): Delayed 45 second(s)

24-03-2025T10:46:13 - [MESSAGE][PASSED] - Delayed 45 second(s)

24-03-2025T10:46:13 - [TEST_STEP][PASSED] - urlText = getText(findTestObject("Страница авторизации/Text")): Text of object 'Object Repository/Страница авторизации/Text' is: 'Период
Январь 2025 года
Выручка
Все
Выполнение плановых показателей по ПАО Россети за Январь 2025 года
План
Факт
Динамика
2025 год
0 млн.руб.
20 000 млн.руб.
40 000 млн.руб.
60 000 млн.руб.
80 000 млн.руб.
100 000 млн.руб.
120 000 млн.руб.
140 000 млн.руб.
160 000 млн.руб.
180 000 млн.руб.
200 000 млн.руб.
163 377
157 865
↓
ДЗО 
ПАО Россети
Внутренний оборот - выручка за услуги по передаче электрической энергии, учтенная в выручке за электроэнергию для конечных потребителей, при выполнении ДЗО функций гарантирующего поставщика
Подписи данных
⬤Отклонение
АО "РЭС"
АО «Тываэнерго»
АО «Чеченэнерго»
Россети Волга
Россети Кубань
Россети Ленэнерго (ГК)
Россети Московский регион
Россети Северный Кавказ (ГК)
Россети Северо-Запад
Россети Сибирь (ГК)
Россети Томск
Россети Тюмень
Россети Урал (ГК)
Россети ФСК ЕЭС
Россети Центр
Россети Центр и Приволжье (ГК)
Россети Юг (ГК)
Россети Янтарь
-1 200 млн.руб.
-1 000 млн.руб.
- 800 млн.руб.
- 600 млн.руб.
- 400 млн.руб.
- 200 млн.руб.
0 млн.руб.
200 млн.руб.
400 млн.руб.
600 млн.руб.
-73
23
-83
-295
-54
-403
-927
-606
-251
348
-58
-1 104
-474
-59
-675
-613
-191
-19
млн.
%
Выручка
Отклонение выручки по ПАО Россети за Январь 2025 года (факт/план, млн. руб)
ПАО Россети
-5 512.4 млн.руб.
 '

24-03-2025T10:46:13 - [MESSAGE][PASSED] - Text of object 'Object Repository/Страница авторизации/Text' is: 'Период
Январь 2025 года
Выручка
Все
Выполнение плановых показателей по ПАО Россети за Январь 2025 года
План
Факт
Динамика
2025 год
0 млн.руб.
20 000 млн.руб.
40 000 млн.руб.
60 000 млн.руб.
80 000 млн.руб.
100 000 млн.руб.
120 000 млн.руб.
140 000 млн.руб.
160 000 млн.руб.
180 000 млн.руб.
200 000 млн.руб.
163 377
157 865
↓
ДЗО 
ПАО Россети
Внутренний оборот - выручка за услуги по передаче электрической энергии, учтенная в выручке за электроэнергию для конечных потребителей, при выполнении ДЗО функций гарантирующего поставщика
Подписи данных
⬤Отклонение
АО "РЭС"
АО «Тываэнерго»
АО «Чеченэнерго»
Россети Волга
Россети Кубань
Россети Ленэнерго (ГК)
Россети Московский регион
Россети Северный Кавказ (ГК)
Россети Северо-Запад
Россети Сибирь (ГК)
Россети Томск
Россети Тюмень
Россети Урал (ГК)
Россети ФСК ЕЭС
Россети Центр
Россети Центр и Приволжье (ГК)
Россети Юг (ГК)
Россети Янтарь
-1 200 млн.руб.
-1 000 млн.руб.
- 800 млн.руб.
- 600 млн.руб.
- 400 млн.руб.
- 200 млн.руб.
0 млн.руб.
200 млн.руб.
400 млн.руб.
600 млн.руб.
-73
23
-83
-295
-54
-403
-927
-606
-251
348
-58
-1 104
-474
-59
-675
-613
-191
-19
млн.
%
Выручка
Отклонение выручки по ПАО Россети за Январь 2025 года (факт/план, млн. руб)
ПАО Россети
-5 512.4 млн.руб.
 '

24-03-2025T10:46:13 - [TEST_STEP][PASSED] - searchWord = "а": null

24-03-2025T10:46:13 - [TEST_STEP][PASSED] - if (urlText.contains("ошибка") || urlText.contains(searchWord) == false): null

24-03-2025T10:46:13 - [TEST_STEP][PASSED] - delay(45): Delayed 45 second(s)

24-03-2025T10:46:58 - [MESSAGE][PASSED] - Delayed 45 second(s)

24-03-2025T10:46:58 - [TEST_STEP][PASSED] - if (block == 2): null

24-03-2025T10:46:58 - [TEST_STEP][PASSED] - click(findTestObject("Выручка в рублях/Фильтр Период" + nameOfBlock)): Object: 'Object Repository/Выручка в рублях/Фильтр Период' is clicked on

24-03-2025T10:46:59 - [MESSAGE][PASSED] - Object: 'Object Repository/Выручка в рублях/Фильтр Период' is clicked on

24-03-2025T10:46:59 - [TEST_STEP][PASSED] - click(findTestObject("Выручка в рублях/Снять выделение в фильтре Дата" + nameOfBlock)): Object: 'Object Repository/Выручка в рублях/Снять выделение в фильтре Дата' is clicked on

24-03-2025T10:46:59 - [MESSAGE][PASSED] - Object: 'Object Repository/Выручка в рублях/Снять выделение в фильтре Дата' is clicked on

24-03-2025T10:46:59 - [TEST_STEP][PASSED] - click(findTestObject("Выручка в рублях/Применить в фильтре Дата" + nameOfBlock)): Object: 'Object Repository/Выручка в рублях/Применить в фильтре Дата' is clicked on

24-03-2025T10:47:00 - [MESSAGE][PASSED] - Object: 'Object Repository/Выручка в рублях/Применить в фильтре Дата' is clicked on

24-03-2025T10:47:00 - [TEST_STEP][PASSED] - delay(50): Delayed 50 second(s)

24-03-2025T10:47:50 - [MESSAGE][PASSED] - Delayed 50 second(s)

24-03-2025T10:47:50 - [TEST_STEP][PASSED] - click(findTestObject("Выручка в рублях/Фильтр Период" + nameOfBlock)): Object: 'Object Repository/Выручка в рублях/Фильтр Период' is clicked on

24-03-2025T10:47:50 - [MESSAGE][PASSED] - Object: 'Object Repository/Выручка в рублях/Фильтр Период' is clicked on

24-03-2025T10:47:50 - [TEST_STEP][PASSED] - click(findTestObject("Выручка в рублях/Снять выделение в фильтре Дата" + nameOfBlock)): Object: 'Object Repository/Выручка в рублях/Снять выделение в фильтре Дата' is clicked on

24-03-2025T10:47:51 - [MESSAGE][PASSED] - Object: 'Object Repository/Выручка в рублях/Снять выделение в фильтре Дата' is clicked on

24-03-2025T10:47:51 - [TEST_STEP][PASSED] - scrollToElement(findTestObject("Выручка в рублях/2025 список" + nameOfBlock), 30): Scroll to object 'Object Repository/Выручка в рублях/2025 список' successfully

24-03-2025T10:47:51 - [MESSAGE][PASSED] - Scroll to object 'Object Repository/Выручка в рублях/2025 список' successfully

24-03-2025T10:47:51 - [TEST_STEP][PASSED] - click(findTestObject("Выручка в рублях/2025 список" + nameOfBlock)): Object: 'Object Repository/Выручка в рублях/2025 список' is clicked on

24-03-2025T10:47:51 - [MESSAGE][PASSED] - Object: 'Object Repository/Выручка в рублях/2025 список' is clicked on

24-03-2025T10:47:51 - [TEST_STEP][PASSED] - scrollToElement(findTestObject("Выручка в рублях/1 квартал 2025 список Выручка"), 30): Scroll to object 'Object Repository/Выручка в рублях/1 квартал 2025 список Выручка' successfully

24-03-2025T10:47:52 - [MESSAGE][PASSED] - Scroll to object 'Object Repository/Выручка в рублях/1 квартал 2025 список Выручка' successfully

24-03-2025T10:47:52 - [TEST_STEP][PASSED] - click(findTestObject("Выручка в рублях/1 квартал 2025 список" + nameOfBlock)): Object: 'Object Repository/Выручка в рублях/1 квартал 2025 список' is clicked on

24-03-2025T10:47:52 - [MESSAGE][PASSED] - Object: 'Object Repository/Выручка в рублях/1 квартал 2025 список' is clicked on

24-03-2025T10:47:52 - [TEST_STEP][PASSED] - scrollToElement(findTestObject("Выручка в рублях/Январь 2025" + nameOfBlock), 30): Scroll to object 'Object Repository/Выручка в рублях/Январь 2025' successfully

24-03-2025T10:47:53 - [MESSAGE][PASSED] - Scroll to object 'Object Repository/Выручка в рублях/Январь 2025' successfully

24-03-2025T10:47:53 - [TEST_STEP][PASSED] - click(findTestObject("Выручка в рублях/Январь 2025" + nameOfBlock)): Object: 'Object Repository/Выручка в рублях/Январь 2025' is clicked on

24-03-2025T10:47:53 - [MESSAGE][PASSED] - Object: 'Object Repository/Выручка в рублях/Январь 2025' is clicked on

24-03-2025T10:47:53 - [TEST_STEP][PASSED] - scrollToElement(findTestObject("Выручка в рублях/Заголовок дашборда" + nameOfBlock), 30): Scroll to object 'Object Repository/Выручка в рублях/Заголовок дашборда' successfully

24-03-2025T10:47:53 - [MESSAGE][PASSED] - Scroll to object 'Object Repository/Выручка в рублях/Заголовок дашборда' successfully

24-03-2025T10:47:53 - [TEST_STEP][PASSED] - click(findTestObject("Выручка в рублях/Применить в фильтре Дата" + nameOfBlock)): Object: 'Object Repository/Выручка в рублях/Применить в фильтре Дата' is clicked on

24-03-2025T10:47:54 - [MESSAGE][PASSED] - Object: 'Object Repository/Выручка в рублях/Применить в фильтре Дата' is clicked on

24-03-2025T10:47:54 - [TEST_STEP][PASSED] - delay(55): Delayed 55 second(s)

24-03-2025T10:48:49 - [MESSAGE][PASSED] - Delayed 55 second(s)

24-03-2025T10:48:49 - [TEST_STEP][PASSED] - click(findTestObject("Выручка в рублях/Фильтр ДЗО" + nameOfBlock)): Object: 'Object Repository/Выручка в рублях/Фильтр ДЗО' is clicked on

24-03-2025T10:48:49 - [MESSAGE][PASSED] - Object: 'Object Repository/Выручка в рублях/Фильтр ДЗО' is clicked on

24-03-2025T10:48:49 - [TEST_STEP][PASSED] - click(findTestObject("Выручка в рублях/Снять выделение в фильтре ДЗО" + nameOfBlock)): Object: 'Object Repository/Выручка в рублях/Снять выделение в фильтре ДЗО' is clicked on

24-03-2025T10:48:50 - [MESSAGE][PASSED] - Object: 'Object Repository/Выручка в рублях/Снять выделение в фильтре ДЗО' is clicked on

24-03-2025T10:48:50 - [TEST_STEP][PASSED] - click(findTestObject("Выручка в рублях/Применить в фильтре ДЗО" + nameOfBlock)): Object: 'Object Repository/Выручка в рублях/Применить в фильтре ДЗО' is clicked on

24-03-2025T10:48:50 - [MESSAGE][PASSED] - Object: 'Object Repository/Выручка в рублях/Применить в фильтре ДЗО' is clicked on

24-03-2025T10:48:50 - [TEST_STEP][PASSED] - delay(50): Delayed 50 second(s)

24-03-2025T10:49:40 - [MESSAGE][PASSED] - Delayed 50 second(s)

24-03-2025T10:49:40 - [TEST_STEP][PASSED] - Script1742558545601.Tumbler(run, vir, block, nameOfBlock): null

24-03-2025T10:49:40 - [TEST_STEP][PASSED] - println("run:" + run): null

24-03-2025T10:49:40 - [TEST_STEP][PASSED] - println("vir:" + vir): null

24-03-2025T10:49:40 - [TEST_STEP][PASSED] - println("block:" + block): null

24-03-2025T10:49:40 - [TEST_STEP][PASSED] - println("nameOfBlock:" + nameOfBlock): null

24-03-2025T10:49:40 - [TEST_STEP][PASSED] - if (vir == 1): null

24-03-2025T10:49:40 - [TEST_STEP][PASSED] - else if (vir == 2): Object: 'Object Repository/Выручка в рублях/Применить в фильтре Выручка' is clicked on

24-03-2025T10:49:40 - [TEST_STEP][PASSED] - if (run == 2): Object: 'Object Repository/Выручка в рублях/Переключить отображение с млн на проценты Выручка в рублях' is clicked on

24-03-2025T10:49:40 - [TEST_STEP][PASSED] - click(findTestObject("Выручка в рублях/Переключить отображение с млн на проценты Выручка в рублях" + nameOfBlock)): Object: 'Object Repository/Выручка в рублях/Переключить отображение с млн на проценты Выручка в рублях' is clicked on

24-03-2025T10:49:41 - [MESSAGE][PASSED] - Object: 'Object Repository/Выручка в рублях/Переключить отображение с млн на проценты Выручка в рублях' is clicked on

24-03-2025T10:49:41 - [TEST_STEP][PASSED] - click(findTestObject("Выручка в рублях/Фильтр Выручка" + nameOfBlock)): Object: 'Object Repository/Выручка в рублях/Фильтр Выручка' is clicked on

24-03-2025T10:49:41 - [MESSAGE][PASSED] - Object: 'Object Repository/Выручка в рублях/Фильтр Выручка' is clicked on

24-03-2025T10:49:41 - [TEST_STEP][PASSED] - click(findTestObject("Выручка в рублях/Итого в фильтре Выручка" + nameOfBlock)): Object: 'Object Repository/Выручка в рублях/Итого в фильтре Выручка' is clicked on

24-03-2025T10:49:41 - [MESSAGE][PASSED] - Object: 'Object Repository/Выручка в рублях/Итого в фильтре Выручка' is clicked on

24-03-2025T10:49:41 - [TEST_STEP][PASSED] - click(findTestObject("Выручка в рублях/Применить в фильтре Выручка" + nameOfBlock)): Object: 'Object Repository/Выручка в рублях/Применить в фильтре Выручка' is clicked on

24-03-2025T10:49:42 - [MESSAGE][PASSED] - Object: 'Object Repository/Выручка в рублях/Применить в фильтре Выручка' is clicked on

24-03-2025T10:49:42 - [TEST_STEP][PASSED] - click(findTestObject("Выручка в рублях/Фильтр ДЗО" + nameOfBlock)): Object: 'Object Repository/Выручка в рублях/Фильтр ДЗО' is clicked on

24-03-2025T10:49:43 - [MESSAGE][PASSED] - Object: 'Object Repository/Выручка в рублях/Фильтр ДЗО' is clicked on

24-03-2025T10:49:43 - [TEST_STEP][PASSED] - Script1742558545601.Rosseti(nameOfBlock): null

24-03-2025T10:49:43 - [TEST_STEP][PASSED] - println("nameOfBlock:" + nameOfBlock): null

24-03-2025T10:49:43 - [TEST_STEP][PASSED] - click(findTestObject("Выручка в рублях/ПАО Россети" + nameOfBlock)): Object: 'Object Repository/Выручка в рублях/ПАО Россети' is clicked on

24-03-2025T10:49:44 - [MESSAGE][PASSED] - Object: 'Object Repository/Выручка в рублях/ПАО Россети' is clicked on

24-03-2025T10:49:44 - [TEST_STEP][PASSED] - click(findTestObject("Выручка в рублях/Применить в фильтре ДЗО" + nameOfBlock)): Object: 'Object Repository/Выручка в рублях/Применить в фильтре ДЗО' is clicked on

24-03-2025T10:49:45 - [MESSAGE][PASSED] - Object: 'Object Repository/Выручка в рублях/Применить в фильтре ДЗО' is clicked on

24-03-2025T10:49:45 - [TEST_STEP][PASSED] - if (run == 2): null

24-03-2025T10:49:45 - [TEST_STEP][PASSED] - perc = " Perc": null

24-03-2025T10:49:45 - [TEST_STEP][PASSED] - if (vir == 1 || vir == 2): Text of object 'Object Repository/Выручка в рублях/График План' is: '160 406'

24-03-2025T10:49:45 - [TEST_STEP][PASSED] - a1 = getText(findTestObject("Выручка в рублях/График План")): Text of object 'Object Repository/Выручка в рублях/График План' is: '160 406'

24-03-2025T10:49:46 - [MESSAGE][PASSED] - Text of object 'Object Repository/Выручка в рублях/График План' is: '160 406'

24-03-2025T10:49:46 - [TEST_STEP][PASSED] - if (vir == 1 || vir == 2): Text of object 'Object Repository/Выручка в рублях/График Факт' is: '155 462'

24-03-2025T10:49:46 - [TEST_STEP][PASSED] - a2 = getText(findTestObject("Выручка в рублях/График Факт")): Text of object 'Object Repository/Выручка в рублях/График Факт' is: '155 462'

24-03-2025T10:49:46 - [MESSAGE][PASSED] - Text of object 'Object Repository/Выручка в рублях/График Факт' is: '155 462'

24-03-2025T10:49:46 - [TEST_STEP][PASSED] - a30 = getText(findTestObject("Выручка в рублях/span1" + perc)): Text of object 'Object Repository/Выручка в рублях/span1 Perc' is: '-3.08 %'

24-03-2025T10:49:46 - [MESSAGE][PASSED] - Text of object 'Object Repository/Выручка в рублях/span1 Perc' is: '-3.08 %'

24-03-2025T10:49:46 - [TEST_STEP][PASSED] - i = a30.indexOf("млн.руб."): null

24-03-2025T10:49:46 - [TEST_STEP][PASSED] - if (i > -1): null

24-03-2025T10:49:46 - [TEST_STEP][PASSED] - if (a30.contains("%")): null

24-03-2025T10:49:46 - [TEST_STEP][PASSED] - a30 = a30.replaceAll("%", ""): null

24-03-2025T10:49:46 - [TEST_STEP][PASSED] - a30 = ").trim(): null

24-03-2025T10:49:46 - [TEST_STEP][PASSED] - println("a30: " + a30): null

24-03-2025T10:49:46 - [TEST_STEP][PASSED] - if (vir == 1): null

24-03-2025T10:49:46 - [TEST_STEP][PASSED] - else if (vir == 2): Text of object 'Object Repository/Выручка в рублях/span18 Perc' is: '-1.75 %'

24-03-2025T10:49:46 - [TEST_STEP][PASSED] - a31 = ").trim(): Text of object 'Object Repository/Выручка в рублях/span2 Perc' is: '-3.2 %'

24-03-2025T10:49:47 - [MESSAGE][PASSED] - Text of object 'Object Repository/Выручка в рублях/span2 Perc' is: '-3.2 %'

24-03-2025T10:49:47 - [TEST_STEP][PASSED] - a32 = ").trim(): Text of object 'Object Repository/Выручка в рублях/span3 Perc' is: '-0.04 %'

24-03-2025T10:49:47 - [MESSAGE][PASSED] - Text of object 'Object Repository/Выручка в рублях/span3 Perc' is: '-0.04 %'

24-03-2025T10:49:47 - [TEST_STEP][PASSED] - a34 = ").trim(): Text of object 'Object Repository/Выручка в рублях/span4 Perc' is: '-2.71 %'

24-03-2025T10:49:47 - [MESSAGE][PASSED] - Text of object 'Object Repository/Выручка в рублях/span4 Perc' is: '-2.71 %'

24-03-2025T10:49:47 - [TEST_STEP][PASSED] - a35 = ").trim(): Text of object 'Object Repository/Выручка в рублях/span5 Perc' is: '-0.69 %'

24-03-2025T10:49:47 - [MESSAGE][PASSED] - Text of object 'Object Repository/Выручка в рублях/span5 Perc' is: '-0.69 %'

24-03-2025T10:49:47 - [TEST_STEP][PASSED] - a36 = ").trim(): Text of object 'Object Repository/Выручка в рублях/span6 Perc' is: '-3.46 %'

24-03-2025T10:49:48 - [MESSAGE][PASSED] - Text of object 'Object Repository/Выручка в рублях/span6 Perc' is: '-3.46 %'

24-03-2025T10:49:48 - [TEST_STEP][PASSED] - a37 = ").trim(): Text of object 'Object Repository/Выручка в рублях/span7 Perc' is: '-4.13 %'

24-03-2025T10:49:48 - [MESSAGE][PASSED] - Text of object 'Object Repository/Выручка в рублях/span7 Perc' is: '-4.13 %'

24-03-2025T10:49:48 - [TEST_STEP][PASSED] - a38 = ").trim(): Text of object 'Object Repository/Выручка в рублях/span8 Perc' is: '-4.44 %'

24-03-2025T10:49:48 - [MESSAGE][PASSED] - Text of object 'Object Repository/Выручка в рублях/span8 Perc' is: '-4.44 %'

24-03-2025T10:49:48 - [TEST_STEP][PASSED] - a39 = ").trim(): Text of object 'Object Repository/Выручка в рублях/span9 Perc' is: '-3.55 %'

24-03-2025T10:49:49 - [MESSAGE][PASSED] - Text of object 'Object Repository/Выручка в рублях/span9 Perc' is: '-3.55 %'

24-03-2025T10:49:49 - [TEST_STEP][PASSED] - a310 = ").trim(): Text of object 'Object Repository/Выручка в рублях/span10 Perc' is: '3.18 %'

24-03-2025T10:49:49 - [MESSAGE][PASSED] - Text of object 'Object Repository/Выручка в рублях/span10 Perc' is: '3.18 %'

24-03-2025T10:49:49 - [TEST_STEP][PASSED] - a311 = ").trim(): Text of object 'Object Repository/Выручка в рублях/span11 Perc' is: '-5.3 %'

24-03-2025T10:49:49 - [MESSAGE][PASSED] - Text of object 'Object Repository/Выручка в рублях/span11 Perc' is: '-5.3 %'

24-03-2025T10:49:49 - [TEST_STEP][PASSED] - a312 = ").trim(): Text of object 'Object Repository/Выручка в рублях/span12 Perc' is: '-10.64 %'

24-03-2025T10:49:49 - [MESSAGE][PASSED] - Text of object 'Object Repository/Выручка в рублях/span12 Perc' is: '-10.64 %'

24-03-2025T10:49:49 - [TEST_STEP][PASSED] - a313 = ").trim(): Text of object 'Object Repository/Выручка в рублях/span13 Perc' is: '-4.34 %'

24-03-2025T10:49:50 - [MESSAGE][PASSED] - Text of object 'Object Repository/Выручка в рублях/span13 Perc' is: '-4.34 %'

24-03-2025T10:49:50 - [TEST_STEP][PASSED] - a314 = ").trim(): Text of object 'Object Repository/Выручка в рублях/span14 Perc' is: '-0.21 %'

24-03-2025T10:49:50 - [MESSAGE][PASSED] - Text of object 'Object Repository/Выручка в рублях/span14 Perc' is: '-0.21 %'

24-03-2025T10:49:50 - [TEST_STEP][PASSED] - a315 = ").trim(): Text of object 'Object Repository/Выручка в рублях/span15 Perc' is: '-5.32 %'

24-03-2025T10:49:50 - [MESSAGE][PASSED] - Text of object 'Object Repository/Выручка в рублях/span15 Perc' is: '-5.32 %'

24-03-2025T10:49:50 - [TEST_STEP][PASSED] - a316 = ").trim(): Text of object 'Object Repository/Выручка в рублях/span16 Perc' is: '-4.49 %'

24-03-2025T10:49:51 - [MESSAGE][PASSED] - Text of object 'Object Repository/Выручка в рублях/span16 Perc' is: '-4.49 %'

24-03-2025T10:49:51 - [TEST_STEP][PASSED] - a317 = ").trim(): Text of object 'Object Repository/Выручка в рублях/span17 Perc' is: '-2.73 %'

24-03-2025T10:49:51 - [MESSAGE][PASSED] - Text of object 'Object Repository/Выручка в рублях/span17 Perc' is: '-2.73 %'

24-03-2025T10:49:51 - [TEST_STEP][PASSED] - a318 = ").trim(): Text of object 'Object Repository/Выручка в рублях/span18 Perc' is: '-1.75 %'

24-03-2025T10:49:51 - [MESSAGE][PASSED] - Text of object 'Object Repository/Выручка в рублях/span18 Perc' is: '-1.75 %'

24-03-2025T10:49:51 - [TEST_STEP][PASSED] - block = 2: null

24-03-2025T10:49:51 - [TEST_STEP][PASSED] - nameOfBlock = " Выручка": null

24-03-2025T10:49:51 - [TEST_STEP][PASSED] - Script1742558545601.PreSettings(run, vir, block, nameOfBlock, typeOfData, todaysDate): null

24-03-2025T10:49:51 - [TEST_STEP][PASSED] - openBrowser(""): Browser is opened with url: ''

24-03-2025T10:49:51 - [MESSAGE][WARNING] - A browser is already opened. Closing browser and opening a new one

24-03-2025T10:49:51 - [MESSAGE][INFO] - Starting 'Chrome' driver

24-03-2025T10:49:51 - [MESSAGE][INFO] - Action delay is set to 0 milliseconds

24-03-2025T10:49:52 - [MESSAGE][PASSED] - Browser is opened with url: ''

24-03-2025T10:49:52 - [TEST_STEP][PASSED] - refresh(): Refresh successfully

24-03-2025T10:49:52 - [MESSAGE][PASSED] - Refresh successfully

24-03-2025T10:49:52 - [TEST_STEP][PASSED] - delay(50): Delayed 50 second(s)

24-03-2025T10:50:42 - [MESSAGE][PASSED] - Delayed 50 second(s)

24-03-2025T10:50:42 - [TEST_STEP][PASSED] - println("run:" + run): null

24-03-2025T10:50:42 - [TEST_STEP][PASSED] - println("vir:" + vir): null

24-03-2025T10:50:42 - [TEST_STEP][PASSED] - println("block:" + block): null

24-03-2025T10:50:42 - [TEST_STEP][PASSED] - if (block == 1): null

24-03-2025T10:50:42 - [TEST_STEP][PASSED] - else: null

24-03-2025T10:50:42 - [TEST_STEP][PASSED] - nameOfBlock = " Выручка": null

24-03-2025T10:50:42 - [TEST_STEP][PASSED] - println("nameOfBlock:" + nameOfBlock): null

24-03-2025T10:50:42 - [TEST_STEP][PASSED] - println("typeOfData:" + typeOfData): null

24-03-2025T10:50:42 - [TEST_STEP][PASSED] - println("todaysDate:" + todaysDate): null

24-03-2025T10:50:42 - [TEST_STEP][PASSED] - Script1742558545601.Autorization(block, nameOfBlock): null

24-03-2025T10:50:42 - [TEST_STEP][PASSED] - i = <not implemented yet for class: org.codehaus.groovy.ast.expr.EmptyExpression>: null

24-03-2025T10:50:42 - [TEST_STEP][PASSED] - ii = <not implemented yet for class: org.codehaus.groovy.ast.expr.EmptyExpression>: null

24-03-2025T10:50:42 - [TEST_STEP][PASSED] - urlData = <not implemented yet for class: org.codehaus.groovy.ast.expr.EmptyExpression>: null

24-03-2025T10:50:42 - [TEST_STEP][PASSED] - searchWord = <not implemented yet for class: org.codehaus.groovy.ast.expr.EmptyExpression>: null

24-03-2025T10:50:42 - [TEST_STEP][PASSED] - urlText = <not implemented yet for class: org.codehaus.groovy.ast.expr.EmptyExpression>: null

24-03-2025T10:50:42 - [TEST_STEP][PASSED] - println("block:" + block): null

24-03-2025T10:50:42 - [TEST_STEP][PASSED] - if (block == 1): null

24-03-2025T10:50:42 - [TEST_STEP][PASSED] - else: null

24-03-2025T10:50:42 - [TEST_STEP][PASSED] - delay(45): Delayed 45 second(s)

24-03-2025T10:51:27 - [MESSAGE][PASSED] - Delayed 45 second(s)

24-03-2025T10:51:27 - [TEST_STEP][PASSED] - nameOfBlock = " Выручка": null

24-03-2025T10:51:27 - [TEST_STEP][PASSED] - println("nameOfBlock:" + nameOfBlock): null

24-03-2025T10:51:27 - [TEST_STEP][PASSED] - if (block == 1): null

24-03-2025T10:51:27 - [TEST_STEP][PASSED] - else: Delayed 45 second(s)

24-03-2025T10:51:27 - [TEST_STEP][PASSED] - urlData = 9: null

24-03-2025T10:51:27 - [TEST_STEP][PASSED] - delay(45): Delayed 45 second(s)

24-03-2025T10:52:12 - [MESSAGE][PASSED] - Delayed 45 second(s)

24-03-2025T10:52:12 - [TEST_STEP][PASSED] - navigateToUrl(findTestData("PlanFact").getValue(10, urlData)): Navigate to 'https://bi.rosseti.digital/viewer?dashboardGuid=a1fd28b3785d443cbc4d7690a1d78e31&sheetGuid=86092a20c5984827a0c87b24cac76a50&fit=true' successfully

24-03-2025T10:52:18 - [MESSAGE][PASSED] - Navigate to 'https://bi.rosseti.digital/viewer?dashboardGuid=a1fd28b3785d443cbc4d7690a1d78e31&sheetGuid=86092a20c5984827a0c87b24cac76a50&fit=true' successfully

24-03-2025T10:52:18 - [TEST_STEP][PASSED] - urlText = getText(findTestObject("Страница авторизации/Text")): Text of object 'Object Repository/Страница авторизации/Text' is: 'Вход'

24-03-2025T10:52:18 - [MESSAGE][PASSED] - Text of object 'Object Repository/Страница авторизации/Text' is: 'Вход'

24-03-2025T10:52:18 - [TEST_STEP][PASSED] - searchWord = "Вход": null

24-03-2025T10:52:18 - [TEST_STEP][PASSED] - if (urlText == null || urlText.contains("ошибка") || urlText.contains(searchWord) == false): null

24-03-2025T10:52:18 - [TEST_STEP][PASSED] - if (verifyElementPresent(findTestObject("Страница авторизации/button_"), 30) == true): null

24-03-2025T10:52:18 - [MESSAGE][PASSED] - Object 'Object Repository/Страница авторизации/button_' is present

24-03-2025T10:52:18 - [TEST_STEP][PASSED] - setText(findTestObject("Страница авторизации/input__username"), findTestData("PlanFact").getValue(8, 1)): Text 'liazgina-di' is set on object 'Object Repository/Страница авторизации/input__username'

24-03-2025T10:52:19 - [MESSAGE][PASSED] - Text 'liazgina-di' is set on object 'Object Repository/Страница авторизации/input__username'

24-03-2025T10:52:19 - [TEST_STEP][PASSED] - setText(findTestObject("Страница авторизации/input__password"), findTestData("PlanFact").getValue(9, 1)): Text ')$%5srZ8o688Dm#q' is set on object 'Object Repository/Страница авторизации/input__password'

24-03-2025T10:52:20 - [MESSAGE][PASSED] - Text ')$%5srZ8o688Dm#q' is set on object 'Object Repository/Страница авторизации/input__password'

24-03-2025T10:52:20 - [TEST_STEP][PASSED] - click(findTestObject("Страница авторизации/button_")): Object: 'Object Repository/Страница авторизации/button_' is clicked on

24-03-2025T10:52:21 - [MESSAGE][PASSED] - Object: 'Object Repository/Страница авторизации/button_' is clicked on

24-03-2025T10:52:21 - [TEST_STEP][PASSED] - delay(45): Delayed 45 second(s)

24-03-2025T10:53:06 - [MESSAGE][PASSED] - Delayed 45 second(s)

24-03-2025T10:53:06 - [TEST_STEP][PASSED] - urlText = getText(findTestObject("Страница авторизации/Text")): Text of object 'Object Repository/Страница авторизации/Text' is: 'Период
2025 - 1 квартал - Январь
Выручка
Все
Выполнение плановых показателей, млн.руб.
План
Факт
Динамика
2025 год
0 млн.руб.
20 000 млн.руб.
40 000 млн.руб.
60 000 млн.руб.
80 000 млн.руб.
100 000 млн.руб.
120 000 млн.руб.
140 000 млн.руб.
160 000 млн.руб.
180 000 млн.руб.
200 000 млн.руб.
163 377
157 865
↓
ДЗО 
Все
Подписи данных
⬤Отклонение
АО "РЭС"
АО «Тываэнерго»
АО «Чеченэнерго»
Россети Волга
Россети Кубань
Россети Ленэнерго (ГК)
Россети Московский регион
Россети Северный Кавказ (ГК)
Россети Северо-Запад
Россети Сибирь (ГК)
Россети Томск
Россети Тюмень
Россети Урал (ГК)
Россети ФСК ЕЭС
Россети Центр
Россети Центр и Приволжье (ГК)
Россети Юг (ГК)
Россети Янтарь
-1 200млн.руб.
-1 000млн.руб.
-800млн.руб.
-600млн.руб.
-400млн.руб.
-200млн.руб.
0 млн.руб.
200млн.руб.
400млн.руб.
600 …
-73
23
-83
-295
-54
-403
-927
-606
-251
348
-58
-1 104
-474
-59
-675
-613
-191
-19
млн.
%
Выручка
Отклонение выручки (факт/план, млн. руб) 
ПАО Россети
-5 512.4 млн.руб.
Статус данных
×
Просьба обратить внимание
Данные занесены и согласованы не полностью
ВЫБРАННЫЕ ЗНАЧЕНИЯ ФИЛЬТРОВ
ДЗО | ПЕРИОД
ПАО Россети: [«Выбраны все филиалы по всем ДЗО по всем категориям»]
2025: [Янв]
*Внутренний оборот'

24-03-2025T10:53:07 - [MESSAGE][PASSED] - Text of object 'Object Repository/Страница авторизации/Text' is: 'Период
2025 - 1 квартал - Январь
Выручка
Все
Выполнение плановых показателей, млн.руб.
План
Факт
Динамика
2025 год
0 млн.руб.
20 000 млн.руб.
40 000 млн.руб.
60 000 млн.руб.
80 000 млн.руб.
100 000 млн.руб.
120 000 млн.руб.
140 000 млн.руб.
160 000 млн.руб.
180 000 млн.руб.
200 000 млн.руб.
163 377
157 865
↓
ДЗО 
Все
Подписи данных
⬤Отклонение
АО "РЭС"
АО «Тываэнерго»
АО «Чеченэнерго»
Россети Волга
Россети Кубань
Россети Ленэнерго (ГК)
Россети Московский регион
Россети Северный Кавказ (ГК)
Россети Северо-Запад
Россети Сибирь (ГК)
Россети Томск
Россети Тюмень
Россети Урал (ГК)
Россети ФСК ЕЭС
Россети Центр
Россети Центр и Приволжье (ГК)
Россети Юг (ГК)
Россети Янтарь
-1 200млн.руб.
-1 000млн.руб.
-800млн.руб.
-600млн.руб.
-400млн.руб.
-200млн.руб.
0 млн.руб.
200млн.руб.
400млн.руб.
600 …
-73
23
-83
-295
-54
-403
-927
-606
-251
348
-58
-1 104
-474
-59
-675
-613
-191
-19
млн.
%
Выручка
Отклонение выручки (факт/план, млн. руб) 
ПАО Россети
-5 512.4 млн.руб.
Статус данных
×
Просьба обратить внимание
Данные занесены и согласованы не полностью
ВЫБРАННЫЕ ЗНАЧЕНИЯ ФИЛЬТРОВ
ДЗО | ПЕРИОД
ПАО Россети: [«Выбраны все филиалы по всем ДЗО по всем категориям»]
2025: [Янв]
*Внутренний оборот'

24-03-2025T10:53:07 - [TEST_STEP][PASSED] - searchWord = "а": null

24-03-2025T10:53:07 - [TEST_STEP][PASSED] - if (urlText.contains("ошибка") || urlText.contains(searchWord) == false): null

24-03-2025T10:53:07 - [TEST_STEP][PASSED] - delay(45): Delayed 45 second(s)

24-03-2025T10:53:52 - [MESSAGE][PASSED] - Delayed 45 second(s)

24-03-2025T10:53:52 - [TEST_STEP][PASSED] - if (block == 2): Delayed 50 second(s)

24-03-2025T10:53:52 - [TEST_STEP][PASSED] - opoveshenie = getText(findTestObject("Выручка в рублях/Просьба обратить внимание")): Text of object 'Object Repository/Выручка в рублях/Просьба обратить внимание' is: 'Просьба обратить внимание'

24-03-2025T10:53:52 - [MESSAGE][PASSED] - Text of object 'Object Repository/Выручка в рублях/Просьба обратить внимание' is: 'Просьба обратить внимание'

24-03-2025T10:53:52 - [TEST_STEP][PASSED] - if (opoveshenie == "Просьба обратить внимание"): Delayed 50 second(s)

24-03-2025T10:53:52 - [TEST_STEP][PASSED] - click(findTestObject("Выручка в рублях/Закрыть оповещение")): Object: 'Object Repository/Выручка в рублях/Закрыть оповещение' is clicked on

24-03-2025T10:53:52 - [MESSAGE][PASSED] - Object: 'Object Repository/Выручка в рублях/Закрыть оповещение' is clicked on

24-03-2025T10:53:52 - [TEST_STEP][PASSED] - delay(50): Delayed 50 second(s)

24-03-2025T10:54:42 - [MESSAGE][PASSED] - Delayed 50 second(s)

24-03-2025T10:54:42 - [TEST_STEP][PASSED] - click(findTestObject("Выручка в рублях/Фильтр Период" + nameOfBlock)): Object: 'Object Repository/Выручка в рублях/Фильтр Период Выручка' is clicked on

24-03-2025T10:54:43 - [MESSAGE][PASSED] - Object: 'Object Repository/Выручка в рублях/Фильтр Период Выручка' is clicked on

24-03-2025T10:54:43 - [TEST_STEP][PASSED] - click(findTestObject("Выручка в рублях/Снять выделение в фильтре Дата" + nameOfBlock)): Object: 'Object Repository/Выручка в рублях/Снять выделение в фильтре Дата Выручка' is clicked on

24-03-2025T10:54:43 - [MESSAGE][PASSED] - Object: 'Object Repository/Выручка в рублях/Снять выделение в фильтре Дата Выручка' is clicked on

24-03-2025T10:54:43 - [TEST_STEP][PASSED] - click(findTestObject("Выручка в рублях/Применить в фильтре Дата" + nameOfBlock)): Object: 'Object Repository/Выручка в рублях/Применить в фильтре Дата Выручка' is clicked on

24-03-2025T10:54:44 - [MESSAGE][PASSED] - Object: 'Object Repository/Выручка в рублях/Применить в фильтре Дата Выручка' is clicked on

24-03-2025T10:54:44 - [TEST_STEP][PASSED] - delay(50): Delayed 50 second(s)

24-03-2025T10:55:34 - [MESSAGE][PASSED] - Delayed 50 second(s)

24-03-2025T10:55:34 - [TEST_STEP][PASSED] - click(findTestObject("Выручка в рублях/Фильтр Период" + nameOfBlock)): Object: 'Object Repository/Выручка в рублях/Фильтр Период Выручка' is clicked on

24-03-2025T10:55:34 - [MESSAGE][PASSED] - Object: 'Object Repository/Выручка в рублях/Фильтр Период Выручка' is clicked on

24-03-2025T10:55:34 - [TEST_STEP][PASSED] - click(findTestObject("Выручка в рублях/Снять выделение в фильтре Дата" + nameOfBlock)): Object: 'Object Repository/Выручка в рублях/Снять выделение в фильтре Дата Выручка' is clicked on

24-03-2025T10:55:35 - [MESSAGE][PASSED] - Object: 'Object Repository/Выручка в рублях/Снять выделение в фильтре Дата Выручка' is clicked on

24-03-2025T10:55:35 - [TEST_STEP][PASSED] - scrollToElement(findTestObject("Выручка в рублях/2025 список" + nameOfBlock), 30): Scroll to object 'Object Repository/Выручка в рублях/2025 список Выручка' successfully

24-03-2025T10:55:35 - [MESSAGE][PASSED] - Scroll to object 'Object Repository/Выручка в рублях/2025 список Выручка' successfully

24-03-2025T10:55:35 - [TEST_STEP][PASSED] - click(findTestObject("Выручка в рублях/2025 список" + nameOfBlock)): Object: 'Object Repository/Выручка в рублях/2025 список Выручка' is clicked on

24-03-2025T10:55:35 - [MESSAGE][PASSED] - Object: 'Object Repository/Выручка в рублях/2025 список Выручка' is clicked on

24-03-2025T10:55:35 - [TEST_STEP][PASSED] - scrollToElement(findTestObject("Выручка в рублях/1 квартал 2025 список Выручка"), 30): Scroll to object 'Object Repository/Выручка в рублях/1 квартал 2025 список Выручка' successfully

24-03-2025T10:55:36 - [MESSAGE][PASSED] - Scroll to object 'Object Repository/Выручка в рублях/1 квартал 2025 список Выручка' successfully

24-03-2025T10:55:36 - [TEST_STEP][PASSED] - click(findTestObject("Выручка в рублях/1 квартал 2025 список" + nameOfBlock)): Object: 'Object Repository/Выручка в рублях/1 квартал 2025 список Выручка' is clicked on

24-03-2025T10:55:36 - [MESSAGE][PASSED] - Object: 'Object Repository/Выручка в рублях/1 квартал 2025 список Выручка' is clicked on

24-03-2025T10:55:36 - [TEST_STEP][PASSED] - scrollToElement(findTestObject("Выручка в рублях/Январь 2025" + nameOfBlock), 30): Scroll to object 'Object Repository/Выручка в рублях/Январь 2025 Выручка' successfully

24-03-2025T10:55:36 - [MESSAGE][PASSED] - Scroll to object 'Object Repository/Выручка в рублях/Январь 2025 Выручка' successfully

24-03-2025T10:55:36 - [TEST_STEP][PASSED] - click(findTestObject("Выручка в рублях/Январь 2025" + nameOfBlock)): Object: 'Object Repository/Выручка в рублях/Январь 2025 Выручка' is clicked on

24-03-2025T10:55:37 - [MESSAGE][PASSED] - Object: 'Object Repository/Выручка в рублях/Январь 2025 Выручка' is clicked on

24-03-2025T10:55:37 - [TEST_STEP][PASSED] - scrollToElement(findTestObject("Выручка в рублях/Заголовок дашборда" + nameOfBlock), 30): Scroll to object 'Object Repository/Выручка в рублях/Заголовок дашборда Выручка' successfully

24-03-2025T10:55:37 - [MESSAGE][PASSED] - Scroll to object 'Object Repository/Выручка в рублях/Заголовок дашборда Выручка' successfully

24-03-2025T10:55:37 - [TEST_STEP][PASSED] - click(findTestObject("Выручка в рублях/Применить в фильтре Дата" + nameOfBlock)): Object: 'Object Repository/Выручка в рублях/Применить в фильтре Дата Выручка' is clicked on

24-03-2025T10:55:38 - [MESSAGE][PASSED] - Object: 'Object Repository/Выручка в рублях/Применить в фильтре Дата Выручка' is clicked on

24-03-2025T10:55:38 - [TEST_STEP][PASSED] - delay(55): Delayed 55 second(s)

24-03-2025T10:56:33 - [MESSAGE][PASSED] - Delayed 55 second(s)

24-03-2025T10:56:33 - [TEST_STEP][PASSED] - click(findTestObject("Выручка в рублях/Фильтр ДЗО" + nameOfBlock)): Object: 'Object Repository/Выручка в рублях/Фильтр ДЗО Выручка' is clicked on

24-03-2025T10:56:33 - [MESSAGE][PASSED] - Object: 'Object Repository/Выручка в рублях/Фильтр ДЗО Выручка' is clicked on

24-03-2025T10:56:33 - [TEST_STEP][PASSED] - click(findTestObject("Выручка в рублях/Снять выделение в фильтре ДЗО" + nameOfBlock)): Object: 'Object Repository/Выручка в рублях/Снять выделение в фильтре ДЗО Выручка' is clicked on

24-03-2025T10:56:34 - [MESSAGE][PASSED] - Object: 'Object Repository/Выручка в рублях/Снять выделение в фильтре ДЗО Выручка' is clicked on

24-03-2025T10:56:34 - [TEST_STEP][PASSED] - click(findTestObject("Выручка в рублях/Применить в фильтре ДЗО" + nameOfBlock)): Object: 'Object Repository/Выручка в рублях/Применить в фильтре ДЗО Выручка' is clicked on

24-03-2025T10:56:34 - [MESSAGE][PASSED] - Object: 'Object Repository/Выручка в рублях/Применить в фильтре ДЗО Выручка' is clicked on

24-03-2025T10:56:34 - [TEST_STEP][PASSED] - delay(50): Delayed 50 second(s)

24-03-2025T10:57:24 - [MESSAGE][PASSED] - Delayed 50 second(s)

24-03-2025T10:57:24 - [TEST_STEP][PASSED] - Script1742558545601.Tumbler(run, vir, block, nameOfBlock): null

24-03-2025T10:57:24 - [TEST_STEP][PASSED] - println("run:" + run): null

24-03-2025T10:57:24 - [TEST_STEP][PASSED] - println("vir:" + vir): null

24-03-2025T10:57:24 - [TEST_STEP][PASSED] - println("block:" + block): null

24-03-2025T10:57:24 - [TEST_STEP][PASSED] - println("nameOfBlock:" + nameOfBlock): null

24-03-2025T10:57:24 - [TEST_STEP][PASSED] - if (vir == 1): null

24-03-2025T10:57:24 - [TEST_STEP][PASSED] - else if (vir == 2): Object: 'Object Repository/Выручка в рублях/Применить в фильтре Выручка Выручка' is clicked on

24-03-2025T10:57:24 - [TEST_STEP][PASSED] - if (run == 2): Object: 'Object Repository/Выручка в рублях/Переключить отображение с млн на проценты Выручка в рублях Выручка' is clicked on

24-03-2025T10:57:24 - [TEST_STEP][PASSED] - click(findTestObject("Выручка в рублях/Переключить отображение с млн на проценты Выручка в рублях" + nameOfBlock)): Object: 'Object Repository/Выручка в рублях/Переключить отображение с млн на проценты Выручка в рублях Выручка' is clicked on

24-03-2025T10:57:25 - [MESSAGE][PASSED] - Object: 'Object Repository/Выручка в рублях/Переключить отображение с млн на проценты Выручка в рублях Выручка' is clicked on

24-03-2025T10:57:25 - [TEST_STEP][PASSED] - click(findTestObject("Выручка в рублях/Фильтр Выручка" + nameOfBlock)): Object: 'Object Repository/Выручка в рублях/Фильтр Выручка Выручка' is clicked on

24-03-2025T10:57:25 - [MESSAGE][PASSED] - Object: 'Object Repository/Выручка в рублях/Фильтр Выручка Выручка' is clicked on

24-03-2025T10:57:25 - [TEST_STEP][PASSED] - click(findTestObject("Выручка в рублях/Итого в фильтре Выручка" + nameOfBlock)): Object: 'Object Repository/Выручка в рублях/Итого в фильтре Выручка Выручка' is clicked on

24-03-2025T10:57:25 - [MESSAGE][PASSED] - Object: 'Object Repository/Выручка в рублях/Итого в фильтре Выручка Выручка' is clicked on

24-03-2025T10:57:25 - [TEST_STEP][PASSED] - click(findTestObject("Выручка в рублях/Применить в фильтре Выручка" + nameOfBlock)): Object: 'Object Repository/Выручка в рублях/Применить в фильтре Выручка Выручка' is clicked on

24-03-2025T10:57:26 - [MESSAGE][PASSED] - Object: 'Object Repository/Выручка в рублях/Применить в фильтре Выручка Выручка' is clicked on

24-03-2025T10:57:26 - [TEST_STEP][PASSED] - click(findTestObject("Выручка в рублях/Фильтр ДЗО" + nameOfBlock)): Object: 'Object Repository/Выручка в рублях/Фильтр ДЗО Выручка' is clicked on

24-03-2025T10:57:27 - [MESSAGE][PASSED] - Object: 'Object Repository/Выручка в рублях/Фильтр ДЗО Выручка' is clicked on

24-03-2025T10:57:27 - [TEST_STEP][PASSED] - Script1742558545601.Rosseti(nameOfBlock): null

24-03-2025T10:57:27 - [TEST_STEP][PASSED] - println("nameOfBlock:" + nameOfBlock): null

24-03-2025T10:57:27 - [TEST_STEP][PASSED] - click(findTestObject("Выручка в рублях/ПАО Россети" + nameOfBlock)): Object: 'Object Repository/Выручка в рублях/ПАО Россети Выручка' is clicked on

24-03-2025T10:57:28 - [MESSAGE][PASSED] - Object: 'Object Repository/Выручка в рублях/ПАО Россети Выручка' is clicked on

24-03-2025T10:57:28 - [TEST_STEP][PASSED] - click(findTestObject("Выручка в рублях/Применить в фильтре ДЗО" + nameOfBlock)): Object: 'Object Repository/Выручка в рублях/Применить в фильтре ДЗО Выручка' is clicked on

24-03-2025T10:57:29 - [MESSAGE][PASSED] - Object: 'Object Repository/Выручка в рублях/Применить в фильтре ДЗО Выручка' is clicked on

24-03-2025T10:57:29 - [TEST_STEP][PASSED] - if (vir == 1 || vir == 2): Text of object 'Object Repository/Выручка в рублях/График План Выручка' is: '160 406'

24-03-2025T10:57:29 - [TEST_STEP][PASSED] - b1 = getText(findTestObject("Выручка в рублях/График План Выручка")): Text of object 'Object Repository/Выручка в рублях/График План Выручка' is: '160 406'

24-03-2025T10:57:29 - [MESSAGE][PASSED] - Text of object 'Object Repository/Выручка в рублях/График План Выручка' is: '160 406'

24-03-2025T10:57:29 - [TEST_STEP][PASSED] - if (vir == 1 || vir == 2): Text of object 'Object Repository/Выручка в рублях/График Факт Выручка' is: '155 462'

24-03-2025T10:57:29 - [TEST_STEP][PASSED] - b2 = getText(findTestObject("Выручка в рублях/График Факт Выручка")): Text of object 'Object Repository/Выручка в рублях/График Факт Выручка' is: '155 462'

24-03-2025T10:57:30 - [MESSAGE][PASSED] - Text of object 'Object Repository/Выручка в рублях/График Факт Выручка' is: '155 462'

24-03-2025T10:57:30 - [TEST_STEP][PASSED] - b30 = getText(findTestObject("Выручка в рублях/span1" + perc)): Text of object 'Object Repository/Выручка в рублях/span1 Perc' is: '-3.08 %'

24-03-2025T10:57:30 - [MESSAGE][PASSED] - Text of object 'Object Repository/Выручка в рублях/span1 Perc' is: '-3.08 %'

24-03-2025T10:57:30 - [TEST_STEP][PASSED] - i = b30.indexOf("млн.руб."): null

24-03-2025T10:57:30 - [TEST_STEP][PASSED] - if (i > -1): null

24-03-2025T10:57:30 - [TEST_STEP][PASSED] - if (b30.contains("%")): null

24-03-2025T10:57:30 - [TEST_STEP][PASSED] - b30 = b30.replaceAll("%", ""): null

24-03-2025T10:57:30 - [TEST_STEP][PASSED] - b30 = ").trim(): null

24-03-2025T10:57:30 - [TEST_STEP][PASSED] - println("b30: " + b30): null

24-03-2025T10:57:30 - [TEST_STEP][PASSED] - if (vir == 1): null

24-03-2025T10:57:30 - [TEST_STEP][PASSED] - else if (vir == 2): Text of object 'Object Repository/Выручка в рублях/span18 Perc' is: '-1.75 %'

24-03-2025T10:57:30 - [TEST_STEP][PASSED] - b31 = ").trim(): Text of object 'Object Repository/Выручка в рублях/span2 Perc' is: '-3.2 %'

24-03-2025T10:57:30 - [MESSAGE][PASSED] - Text of object 'Object Repository/Выручка в рублях/span2 Perc' is: '-3.2 %'

24-03-2025T10:57:30 - [TEST_STEP][PASSED] - b32 = ").trim(): Text of object 'Object Repository/Выручка в рублях/span3 Perc' is: '-0.04 %'

24-03-2025T10:57:31 - [MESSAGE][PASSED] - Text of object 'Object Repository/Выручка в рублях/span3 Perc' is: '-0.04 %'

24-03-2025T10:57:31 - [TEST_STEP][PASSED] - b34 = ").trim(): Text of object 'Object Repository/Выручка в рублях/span4 Perc' is: '-2.71 %'

24-03-2025T10:57:31 - [MESSAGE][PASSED] - Text of object 'Object Repository/Выручка в рублях/span4 Perc' is: '-2.71 %'

24-03-2025T10:57:31 - [TEST_STEP][PASSED] - b35 = ").trim(): Text of object 'Object Repository/Выручка в рублях/span5 Perc' is: '-0.69 %'

24-03-2025T10:57:31 - [MESSAGE][PASSED] - Text of object 'Object Repository/Выручка в рублях/span5 Perc' is: '-0.69 %'

24-03-2025T10:57:31 - [TEST_STEP][PASSED] - b36 = ").trim(): Text of object 'Object Repository/Выручка в рублях/span6 Perc' is: '-3.46 %'

24-03-2025T10:57:31 - [MESSAGE][PASSED] - Text of object 'Object Repository/Выручка в рублях/span6 Perc' is: '-3.46 %'

24-03-2025T10:57:31 - [TEST_STEP][PASSED] - b37 = ").trim(): Text of object 'Object Repository/Выручка в рублях/span7 Perc' is: '-4.13 %'

24-03-2025T10:57:32 - [MESSAGE][PASSED] - Text of object 'Object Repository/Выручка в рублях/span7 Perc' is: '-4.13 %'

24-03-2025T10:57:32 - [TEST_STEP][PASSED] - b38 = ").trim(): Text of object 'Object Repository/Выручка в рублях/span8 Perc' is: '-4.44 %'

24-03-2025T10:57:32 - [MESSAGE][PASSED] - Text of object 'Object Repository/Выручка в рублях/span8 Perc' is: '-4.44 %'

24-03-2025T10:57:32 - [TEST_STEP][PASSED] - b39 = ").trim(): Text of object 'Object Repository/Выручка в рублях/span9 Perc' is: '-3.55 %'

24-03-2025T10:57:32 - [MESSAGE][PASSED] - Text of object 'Object Repository/Выручка в рублях/span9 Perc' is: '-3.55 %'

24-03-2025T10:57:32 - [TEST_STEP][PASSED] - b310 = ").trim(): Text of object 'Object Repository/Выручка в рублях/span10 Perc' is: '3.18 %'

24-03-2025T10:57:33 - [MESSAGE][PASSED] - Text of object 'Object Repository/Выручка в рублях/span10 Perc' is: '3.18 %'

24-03-2025T10:57:33 - [TEST_STEP][PASSED] - b311 = ").trim(): Text of object 'Object Repository/Выручка в рублях/span11 Perc' is: '-5.3 %'

24-03-2025T10:57:33 - [MESSAGE][PASSED] - Text of object 'Object Repository/Выручка в рублях/span11 Perc' is: '-5.3 %'

24-03-2025T10:57:33 - [TEST_STEP][PASSED] - b312 = ").trim(): Text of object 'Object Repository/Выручка в рублях/span12 Perc' is: '-10.64 %'

24-03-2025T10:57:33 - [MESSAGE][PASSED] - Text of object 'Object Repository/Выручка в рублях/span12 Perc' is: '-10.64 %'

24-03-2025T10:57:33 - [TEST_STEP][PASSED] - b313 = ").trim(): Text of object 'Object Repository/Выручка в рублях/span13 Perc' is: '-4.34 %'

24-03-2025T10:57:33 - [MESSAGE][PASSED] - Text of object 'Object Repository/Выручка в рублях/span13 Perc' is: '-4.34 %'

24-03-2025T10:57:33 - [TEST_STEP][PASSED] - b314 = ").trim(): Text of object 'Object Repository/Выручка в рублях/span14 Perc' is: '-0.21 %'

24-03-2025T10:57:34 - [MESSAGE][PASSED] - Text of object 'Object Repository/Выручка в рублях/span14 Perc' is: '-0.21 %'

24-03-2025T10:57:34 - [TEST_STEP][PASSED] - b315 = ").trim(): Text of object 'Object Repository/Выручка в рублях/span15 Perc' is: '-5.32 %'

24-03-2025T10:57:34 - [MESSAGE][PASSED] - Text of object 'Object Repository/Выручка в рублях/span15 Perc' is: '-5.32 %'

24-03-2025T10:57:34 - [TEST_STEP][PASSED] - b316 = ").trim(): Text of object 'Object Repository/Выручка в рублях/span16 Perc' is: '-4.49 %'

24-03-2025T10:57:34 - [MESSAGE][PASSED] - Text of object 'Object Repository/Выручка в рублях/span16 Perc' is: '-4.49 %'

24-03-2025T10:57:34 - [TEST_STEP][PASSED] - b317 = ").trim(): Text of object 'Object Repository/Выручка в рублях/span17 Perc' is: '-2.73 %'

24-03-2025T10:57:34 - [MESSAGE][PASSED] - Text of object 'Object Repository/Выручка в рублях/span17 Perc' is: '-2.73 %'

24-03-2025T10:57:34 - [TEST_STEP][PASSED] - b318 = ").trim(): Text of object 'Object Repository/Выручка в рублях/span18 Perc' is: '-1.75 %'

24-03-2025T10:57:35 - [MESSAGE][PASSED] - Text of object 'Object Repository/Выручка в рублях/span18 Perc' is: '-1.75 %'

24-03-2025T10:57:35 - [TEST_STEP][PASSED] - dZO = "ПАО Россети": null

24-03-2025T10:57:35 - [TEST_STEP][PASSED] - if (verifyEqual(a1, b1) == false): Actual object '160 406' and expected object '160 406' are equal

24-03-2025T10:57:35 - [MESSAGE][PASSED] - Actual object '160 406' and expected object '160 406' are equal

24-03-2025T10:57:35 - [TEST_STEP][PASSED] - if (verifyEqual(a2, b2) == false): Actual object '155 462' and expected object '155 462' are equal

24-03-2025T10:57:35 - [MESSAGE][PASSED] - Actual object '155 462' and expected object '155 462' are equal

24-03-2025T10:57:35 - [TEST_STEP][PASSED] - vidget = "Отклонения": null

24-03-2025T10:57:35 - [TEST_STEP][PASSED] - if (verifyEqual(a30, b30) == false): Actual object '-3.08' and expected object '-3.08' are equal

24-03-2025T10:57:35 - [MESSAGE][PASSED] - Actual object '-3.08' and expected object '-3.08' are equal

24-03-2025T10:57:35 - [TEST_STEP][PASSED] - dZO = "АО «РЭС»": null

24-03-2025T10:57:35 - [TEST_STEP][PASSED] - if (verifyEqual(a31, b31) == false): Actual object '-3.2' and expected object '-3.2' are equal

24-03-2025T10:57:35 - [MESSAGE][PASSED] - Actual object '-3.2' and expected object '-3.2' are equal

24-03-2025T10:57:35 - [TEST_STEP][PASSED] - dZO = "АО «Тываэнерго»": null

24-03-2025T10:57:35 - [TEST_STEP][PASSED] - if (verifyEqual(a32, b32) == false): Actual object '-0.04' and expected object '-0.04' are equal

24-03-2025T10:57:35 - [MESSAGE][PASSED] - Actual object '-0.04' and expected object '-0.04' are equal

24-03-2025T10:57:35 - [TEST_STEP][PASSED] - dZO = "АО «Чеченэнерго»": null

24-03-2025T10:57:35 - [TEST_STEP][PASSED] - if (verifyEqual(a33, b33) == false): Actual object 'null' and expected object 'null' are equal

24-03-2025T10:57:35 - [MESSAGE][PASSED] - Actual object 'null' and expected object 'null' are equal

24-03-2025T10:57:35 - [TEST_STEP][PASSED] - dZO = "Россети Волга": null

24-03-2025T10:57:35 - [TEST_STEP][PASSED] - if (verifyEqual(a34, b34) == false): Actual object '-2.71' and expected object '-2.71' are equal

24-03-2025T10:57:35 - [MESSAGE][PASSED] - Actual object '-2.71' and expected object '-2.71' are equal

24-03-2025T10:57:35 - [TEST_STEP][PASSED] - dZO = "Россети Кубань": null

24-03-2025T10:57:35 - [TEST_STEP][PASSED] - if (verifyEqual(a35, b35) == false): Actual object '-0.69' and expected object '-0.69' are equal

24-03-2025T10:57:35 - [MESSAGE][PASSED] - Actual object '-0.69' and expected object '-0.69' are equal

24-03-2025T10:57:35 - [TEST_STEP][PASSED] - dZO = "Россети Ленэнерго (ГК)": null

24-03-2025T10:57:35 - [TEST_STEP][PASSED] - if (verifyEqual(a36, b36) == false): Actual object '-3.46' and expected object '-3.46' are equal

24-03-2025T10:57:35 - [MESSAGE][PASSED] - Actual object '-3.46' and expected object '-3.46' are equal

24-03-2025T10:57:35 - [TEST_STEP][PASSED] - dZO = "Россети Московский регион": null

24-03-2025T10:57:35 - [TEST_STEP][PASSED] - if (verifyEqual(a37, b37) == false): Actual object '-4.13' and expected object '-4.13' are equal

24-03-2025T10:57:35 - [MESSAGE][PASSED] - Actual object '-4.13' and expected object '-4.13' are equal

24-03-2025T10:57:35 - [TEST_STEP][PASSED] - dZO = "Россети Северный Кавказ (ГК)": null

24-03-2025T10:57:35 - [TEST_STEP][PASSED] - if (verifyEqual(a38, b38) == false): Actual object '-4.44' and expected object '-4.44' are equal

24-03-2025T10:57:35 - [MESSAGE][PASSED] - Actual object '-4.44' and expected object '-4.44' are equal

24-03-2025T10:57:35 - [TEST_STEP][PASSED] - dZO = "Россети Северо-Запад": null

24-03-2025T10:57:35 - [TEST_STEP][PASSED] - if (verifyEqual(a39, b39) == false): Actual object '-3.55' and expected object '-3.55' are equal

24-03-2025T10:57:35 - [MESSAGE][PASSED] - Actual object '-3.55' and expected object '-3.55' are equal

24-03-2025T10:57:35 - [TEST_STEP][PASSED] - dZO = "Россети Сибирь (ГК)": null

24-03-2025T10:57:35 - [TEST_STEP][PASSED] - if (verifyEqual(a310, b310) == false): Actual object '3.18' and expected object '3.18' are equal

24-03-2025T10:57:35 - [MESSAGE][PASSED] - Actual object '3.18' and expected object '3.18' are equal

24-03-2025T10:57:35 - [TEST_STEP][PASSED] - dZO = "Россети Томск": null

24-03-2025T10:57:35 - [TEST_STEP][PASSED] - if (verifyEqual(a311, b311) == false): Actual object '-5.3' and expected object '-5.3' are equal

24-03-2025T10:57:35 - [MESSAGE][PASSED] - Actual object '-5.3' and expected object '-5.3' are equal

24-03-2025T10:57:35 - [TEST_STEP][PASSED] - dZO = "Россети Тюмень": null

24-03-2025T10:57:35 - [TEST_STEP][PASSED] - if (verifyEqual(a312, b312) == false): Actual object '-10.64' and expected object '-10.64' are equal

24-03-2025T10:57:35 - [MESSAGE][PASSED] - Actual object '-10.64' and expected object '-10.64' are equal

24-03-2025T10:57:35 - [TEST_STEP][PASSED] - dZO = "Россети Урал (ГК)": null

24-03-2025T10:57:35 - [TEST_STEP][PASSED] - if (verifyEqual(a313, b313) == false): Actual object '-4.34' and expected object '-4.34' are equal

24-03-2025T10:57:35 - [MESSAGE][PASSED] - Actual object '-4.34' and expected object '-4.34' are equal

24-03-2025T10:57:35 - [TEST_STEP][PASSED] - dZO = "Россети ФСК ЕЭС": null

24-03-2025T10:57:35 - [TEST_STEP][PASSED] - if (verifyEqual(a314, b314) == false): Actual object '-0.21' and expected object '-0.21' are equal

24-03-2025T10:57:35 - [MESSAGE][PASSED] - Actual object '-0.21' and expected object '-0.21' are equal

24-03-2025T10:57:35 - [TEST_STEP][PASSED] - dZO = "Россети Центр": null

24-03-2025T10:57:35 - [TEST_STEP][PASSED] - if (verifyEqual(a315, b315) == false): Actual object '-5.32' and expected object '-5.32' are equal

24-03-2025T10:57:35 - [MESSAGE][PASSED] - Actual object '-5.32' and expected object '-5.32' are equal

24-03-2025T10:57:35 - [TEST_STEP][PASSED] - dZO = "Россети Центр и Приволжье (ГК)": null

24-03-2025T10:57:35 - [TEST_STEP][PASSED] - if (verifyEqual(a316, b316) == false): Actual object '-4.49' and expected object '-4.49' are equal

24-03-2025T10:57:35 - [MESSAGE][PASSED] - Actual object '-4.49' and expected object '-4.49' are equal

24-03-2025T10:57:35 - [TEST_STEP][PASSED] - dZO = "Россети Юг (ГК)": null

24-03-2025T10:57:35 - [TEST_STEP][PASSED] - if (verifyEqual(a317, b317) == false): Actual object '-2.73' and expected object '-2.73' are equal

24-03-2025T10:57:35 - [MESSAGE][PASSED] - Actual object '-2.73' and expected object '-2.73' are equal

24-03-2025T10:57:35 - [TEST_STEP][PASSED] - dZO = "Россети Янтарь": null

24-03-2025T10:57:35 - [TEST_STEP][PASSED] - if (verifyEqual(a318, b318) == false): Actual object '-1.75' and expected object '-1.75' are equal

24-03-2025T10:57:35 - [MESSAGE][PASSED] - Actual object '-1.75' and expected object '-1.75' are equal

24-03-2025T10:57:35 - [TEST_STEP][PASSED] - closeBrowser(): null

24-03-2025T10:57:35 - [MESSAGE][PASSED] - Browser is closed

24-03-2025T10:57:35 - [TEST_STEP][PASSED] - Script1742558545601.Blocks(run, vir, block, nameOfBlock, typeOfData, viruchka, vidget, todaysDate, a, b, dZO, x, y): null

24-03-2025T10:57:35 - [TEST_STEP][PASSED] - i = <not implemented yet for class: org.codehaus.groovy.ast.expr.EmptyExpression>: null

24-03-2025T10:57:35 - [TEST_STEP][PASSED] - perc = "": null

24-03-2025T10:57:35 - [TEST_STEP][PASSED] - a1 = <not implemented yet for class: org.codehaus.groovy.ast.expr.EmptyExpression>: null

24-03-2025T10:57:35 - [TEST_STEP][PASSED] - a2 = <not implemented yet for class: org.codehaus.groovy.ast.expr.EmptyExpression>: null

24-03-2025T10:57:35 - [TEST_STEP][PASSED] - a30 = <not implemented yet for class: org.codehaus.groovy.ast.expr.EmptyExpression>: null

24-03-2025T10:57:35 - [TEST_STEP][PASSED] - a31 = <not implemented yet for class: org.codehaus.groovy.ast.expr.EmptyExpression>: null

24-03-2025T10:57:35 - [TEST_STEP][PASSED] - a32 = <not implemented yet for class: org.codehaus.groovy.ast.expr.EmptyExpression>: null

24-03-2025T10:57:35 - [TEST_STEP][PASSED] - a33 = <not implemented yet for class: org.codehaus.groovy.ast.expr.EmptyExpression>: null

24-03-2025T10:57:35 - [TEST_STEP][PASSED] - a34 = <not implemented yet for class: org.codehaus.groovy.ast.expr.EmptyExpression>: null

24-03-2025T10:57:35 - [TEST_STEP][PASSED] - a35 = <not implemented yet for class: org.codehaus.groovy.ast.expr.EmptyExpression>: null

24-03-2025T10:57:35 - [TEST_STEP][PASSED] - a36 = <not implemented yet for class: org.codehaus.groovy.ast.expr.EmptyExpression>: null

24-03-2025T10:57:35 - [TEST_STEP][PASSED] - a37 = <not implemented yet for class: org.codehaus.groovy.ast.expr.EmptyExpression>: null

24-03-2025T10:57:35 - [TEST_STEP][PASSED] - a38 = <not implemented yet for class: org.codehaus.groovy.ast.expr.EmptyExpression>: null

24-03-2025T10:57:35 - [TEST_STEP][PASSED] - a39 = <not implemented yet for class: org.codehaus.groovy.ast.expr.EmptyExpression>: null

24-03-2025T10:57:35 - [TEST_STEP][PASSED] - a310 = <not implemented yet for class: org.codehaus.groovy.ast.expr.EmptyExpression>: null

24-03-2025T10:57:35 - [TEST_STEP][PASSED] - a311 = <not implemented yet for class: org.codehaus.groovy.ast.expr.EmptyExpression>: null

24-03-2025T10:57:35 - [TEST_STEP][PASSED] - a312 = <not implemented yet for class: org.codehaus.groovy.ast.expr.EmptyExpression>: null

24-03-2025T10:57:35 - [TEST_STEP][PASSED] - a313 = <not implemented yet for class: org.codehaus.groovy.ast.expr.EmptyExpression>: null

24-03-2025T10:57:35 - [TEST_STEP][PASSED] - a314 = <not implemented yet for class: org.codehaus.groovy.ast.expr.EmptyExpression>: null

24-03-2025T10:57:35 - [TEST_STEP][PASSED] - a315 = <not implemented yet for class: org.codehaus.groovy.ast.expr.EmptyExpression>: null

24-03-2025T10:57:35 - [TEST_STEP][PASSED] - a316 = <not implemented yet for class: org.codehaus.groovy.ast.expr.EmptyExpression>: null

24-03-2025T10:57:35 - [TEST_STEP][PASSED] - a317 = <not implemented yet for class: org.codehaus.groovy.ast.expr.EmptyExpression>: null

24-03-2025T10:57:35 - [TEST_STEP][PASSED] - a318 = <not implemented yet for class: org.codehaus.groovy.ast.expr.EmptyExpression>: null

24-03-2025T10:57:35 - [TEST_STEP][PASSED] - b1 = <not implemented yet for class: org.codehaus.groovy.ast.expr.EmptyExpression>: null

24-03-2025T10:57:35 - [TEST_STEP][PASSED] - b2 = <not implemented yet for class: org.codehaus.groovy.ast.expr.EmptyExpression>: null

24-03-2025T10:57:35 - [TEST_STEP][PASSED] - b30 = <not implemented yet for class: org.codehaus.groovy.ast.expr.EmptyExpression>: null

24-03-2025T10:57:35 - [TEST_STEP][PASSED] - b31 = <not implemented yet for class: org.codehaus.groovy.ast.expr.EmptyExpression>: null

24-03-2025T10:57:35 - [TEST_STEP][PASSED] - b32 = <not implemented yet for class: org.codehaus.groovy.ast.expr.EmptyExpression>: null

24-03-2025T10:57:35 - [TEST_STEP][PASSED] - b33 = <not implemented yet for class: org.codehaus.groovy.ast.expr.EmptyExpression>: null

24-03-2025T10:57:35 - [TEST_STEP][PASSED] - b34 = <not implemented yet for class: org.codehaus.groovy.ast.expr.EmptyExpression>: null

24-03-2025T10:57:35 - [TEST_STEP][PASSED] - b35 = <not implemented yet for class: org.codehaus.groovy.ast.expr.EmptyExpression>: null

24-03-2025T10:57:35 - [TEST_STEP][PASSED] - b36 = <not implemented yet for class: org.codehaus.groovy.ast.expr.EmptyExpression>: null

24-03-2025T10:57:35 - [TEST_STEP][PASSED] - b37 = <not implemented yet for class: org.codehaus.groovy.ast.expr.EmptyExpression>: null

24-03-2025T10:57:35 - [TEST_STEP][PASSED] - b38 = <not implemented yet for class: org.codehaus.groovy.ast.expr.EmptyExpression>: null

24-03-2025T10:57:35 - [TEST_STEP][PASSED] - b39 = <not implemented yet for class: org.codehaus.groovy.ast.expr.EmptyExpression>: null

24-03-2025T10:57:35 - [TEST_STEP][PASSED] - b310 = <not implemented yet for class: org.codehaus.groovy.ast.expr.EmptyExpression>: null

24-03-2025T10:57:35 - [TEST_STEP][PASSED] - b311 = <not implemented yet for class: org.codehaus.groovy.ast.expr.EmptyExpression>: null

24-03-2025T10:57:35 - [TEST_STEP][PASSED] - b312 = <not implemented yet for class: org.codehaus.groovy.ast.expr.EmptyExpression>: null

24-03-2025T10:57:35 - [TEST_STEP][PASSED] - b313 = <not implemented yet for class: org.codehaus.groovy.ast.expr.EmptyExpression>: null

24-03-2025T10:57:35 - [TEST_STEP][PASSED] - b314 = <not implemented yet for class: org.codehaus.groovy.ast.expr.EmptyExpression>: null

24-03-2025T10:57:35 - [TEST_STEP][PASSED] - b315 = <not implemented yet for class: org.codehaus.groovy.ast.expr.EmptyExpression>: null

24-03-2025T10:57:35 - [TEST_STEP][PASSED] - b316 = <not implemented yet for class: org.codehaus.groovy.ast.expr.EmptyExpression>: null

24-03-2025T10:57:35 - [TEST_STEP][PASSED] - b317 = <not implemented yet for class: org.codehaus.groovy.ast.expr.EmptyExpression>: null

24-03-2025T10:57:35 - [TEST_STEP][PASSED] - b318 = <not implemented yet for class: org.codehaus.groovy.ast.expr.EmptyExpression>: null

24-03-2025T10:57:35 - [TEST_STEP][PASSED] - block = 1: null

24-03-2025T10:57:35 - [TEST_STEP][PASSED] - nameOfBlock = "": null

24-03-2025T10:57:35 - [TEST_STEP][PASSED] - Script1742558545601.PreSettings(run, vir, block, nameOfBlock, typeOfData, todaysDate): null

24-03-2025T10:57:35 - [TEST_STEP][PASSED] - openBrowser(""): Browser is opened with url: ''

24-03-2025T10:57:35 - [MESSAGE][INFO] - Starting 'Chrome' driver

24-03-2025T10:57:35 - [MESSAGE][INFO] - Action delay is set to 0 milliseconds

24-03-2025T10:57:36 - [MESSAGE][PASSED] - Browser is opened with url: ''

24-03-2025T10:57:36 - [TEST_STEP][PASSED] - refresh(): Refresh successfully

24-03-2025T10:57:36 - [MESSAGE][PASSED] - Refresh successfully

24-03-2025T10:57:36 - [TEST_STEP][PASSED] - delay(50): Delayed 50 second(s)

24-03-2025T10:58:26 - [MESSAGE][PASSED] - Delayed 50 second(s)

24-03-2025T10:58:26 - [TEST_STEP][PASSED] - println("run:" + run): null

24-03-2025T10:58:26 - [TEST_STEP][PASSED] - println("vir:" + vir): null

24-03-2025T10:58:26 - [TEST_STEP][PASSED] - println("block:" + block): null

24-03-2025T10:58:26 - [TEST_STEP][PASSED] - if (block == 1): null

24-03-2025T10:58:26 - [TEST_STEP][PASSED] - nameOfBlock = "": null

24-03-2025T10:58:26 - [TEST_STEP][PASSED] - println("nameOfBlock:" + nameOfBlock): null

24-03-2025T10:58:26 - [TEST_STEP][PASSED] - println("typeOfData:" + typeOfData): null

24-03-2025T10:58:26 - [TEST_STEP][PASSED] - println("todaysDate:" + todaysDate): null

24-03-2025T10:58:26 - [TEST_STEP][PASSED] - Script1742558545601.Autorization(block, nameOfBlock): null

24-03-2025T10:58:26 - [TEST_STEP][PASSED] - i = <not implemented yet for class: org.codehaus.groovy.ast.expr.EmptyExpression>: null

24-03-2025T10:58:26 - [TEST_STEP][PASSED] - ii = <not implemented yet for class: org.codehaus.groovy.ast.expr.EmptyExpression>: null

24-03-2025T10:58:26 - [TEST_STEP][PASSED] - urlData = <not implemented yet for class: org.codehaus.groovy.ast.expr.EmptyExpression>: null

24-03-2025T10:58:26 - [TEST_STEP][PASSED] - searchWord = <not implemented yet for class: org.codehaus.groovy.ast.expr.EmptyExpression>: null

24-03-2025T10:58:26 - [TEST_STEP][PASSED] - urlText = <not implemented yet for class: org.codehaus.groovy.ast.expr.EmptyExpression>: null

24-03-2025T10:58:26 - [TEST_STEP][PASSED] - println("block:" + block): null

24-03-2025T10:58:26 - [TEST_STEP][PASSED] - if (block == 1): null

24-03-2025T10:58:26 - [TEST_STEP][PASSED] - nameOfBlock = "": null

24-03-2025T10:58:26 - [TEST_STEP][PASSED] - println("nameOfBlock:" + nameOfBlock): null

24-03-2025T10:58:26 - [TEST_STEP][PASSED] - if (block == 1): Delayed 45 second(s)

24-03-2025T10:58:26 - [TEST_STEP][PASSED] - urlData = 2: null

24-03-2025T10:58:26 - [TEST_STEP][PASSED] - delay(45): Delayed 45 second(s)

24-03-2025T10:59:11 - [MESSAGE][PASSED] - Delayed 45 second(s)

24-03-2025T10:59:11 - [TEST_STEP][PASSED] - navigateToUrl(findTestData("PlanFact").getValue(10, urlData)): Navigate to 'https://bi.rosseti.digital/viewer?dashboardGuid=2301950b23be4ed89c1df75f2020051e&sheetGuid=b723206f698544fb87299f3095c00435&fit=true' successfully

24-03-2025T10:59:15 - [MESSAGE][PASSED] - Navigate to 'https://bi.rosseti.digital/viewer?dashboardGuid=2301950b23be4ed89c1df75f2020051e&sheetGuid=b723206f698544fb87299f3095c00435&fit=true' successfully

24-03-2025T10:59:15 - [TEST_STEP][PASSED] - urlText = getText(findTestObject("Страница авторизации/Text")): Text of object 'Object Repository/Страница авторизации/Text' is: 'Вход'

24-03-2025T10:59:17 - [MESSAGE][PASSED] - Text of object 'Object Repository/Страница авторизации/Text' is: 'Вход'

24-03-2025T10:59:17 - [TEST_STEP][PASSED] - searchWord = "Вход": null

24-03-2025T10:59:17 - [TEST_STEP][PASSED] - if (urlText == null || urlText.contains("ошибка") || urlText.contains(searchWord) == false): null

24-03-2025T10:59:17 - [TEST_STEP][PASSED] - if (verifyElementPresent(findTestObject("Страница авторизации/button_"), 30) == true): null

24-03-2025T10:59:17 - [MESSAGE][PASSED] - Object 'Object Repository/Страница авторизации/button_' is present

24-03-2025T10:59:17 - [TEST_STEP][PASSED] - setText(findTestObject("Страница авторизации/input__username"), findTestData("PlanFact").getValue(8, 1)): Text 'liazgina-di' is set on object 'Object Repository/Страница авторизации/input__username'

24-03-2025T10:59:18 - [MESSAGE][PASSED] - Text 'liazgina-di' is set on object 'Object Repository/Страница авторизации/input__username'

24-03-2025T10:59:18 - [TEST_STEP][PASSED] - setText(findTestObject("Страница авторизации/input__password"), findTestData("PlanFact").getValue(9, 1)): Text ')$%5srZ8o688Dm#q' is set on object 'Object Repository/Страница авторизации/input__password'

24-03-2025T10:59:18 - [MESSAGE][PASSED] - Text ')$%5srZ8o688Dm#q' is set on object 'Object Repository/Страница авторизации/input__password'

24-03-2025T10:59:18 - [TEST_STEP][PASSED] - click(findTestObject("Страница авторизации/button_")): Object: 'Object Repository/Страница авторизации/button_' is clicked on

24-03-2025T10:59:20 - [MESSAGE][PASSED] - Object: 'Object Repository/Страница авторизации/button_' is clicked on

24-03-2025T10:59:20 - [TEST_STEP][PASSED] - delay(45): Delayed 45 second(s)

24-03-2025T11:00:05 - [MESSAGE][PASSED] - Delayed 45 second(s)

24-03-2025T11:00:05 - [TEST_STEP][PASSED] - urlText = getText(findTestObject("Страница авторизации/Text")): Text of object 'Object Repository/Страница авторизации/Text' is: 'Период
Январь 2025 года
Выручка
Все
Выполнение плановых показателей по ПАО Россети за Январь 2025 года
План
Факт
Динамика
2025 год
0 млн.руб.
20 000 млн.руб.
40 000 млн.руб.
60 000 млн.руб.
80 000 млн.руб.
100 000 млн.руб.
120 000 млн.руб.
140 000 млн.руб.
160 000 млн.руб.
180 000 млн.руб.
200 000 млн.руб.
163 377
157 865
↓
ДЗО 
ПАО Россети
Внутренний оборот - выручка за услуги по передаче электрической энергии, учтенная в выручке за электроэнергию для конечных потребителей, при выполнении ДЗО функций гарантирующего поставщика
Подписи данных
⬤Отклонение
АО "РЭС"
АО «Тываэнерго»
АО «Чеченэнерго»
Россети Волга
Россети Кубань
Россети Ленэнерго (ГК)
Россети Московский регион
Россети Северный Кавказ (ГК)
Россети Северо-Запад
Россети Сибирь (ГК)
Россети Томск
Россети Тюмень
Россети Урал (ГК)
Россети ФСК ЕЭС
Россети Центр
Россети Центр и Приволжье (ГК)
Россети Юг (ГК)
Россети Янтарь
-1 200 млн.руб.
-1 000 млн.руб.
- 800 млн.руб.
- 600 млн.руб.
- 400 млн.руб.
- 200 млн.руб.
0 млн.руб.
200 млн.руб.
400 млн.руб.
600 млн.руб.
-73
23
-83
-295
-54
-403
-927
-606
-251
348
-58
-1 104
-474
-59
-675
-613
-191
-19
млн.
%
Выручка
Отклонение выручки по ПАО Россети за Январь 2025 года (факт/план, млн. руб)
ПАО Россети
-5 512.4 млн.руб.
 '

24-03-2025T11:00:05 - [MESSAGE][PASSED] - Text of object 'Object Repository/Страница авторизации/Text' is: 'Период
Январь 2025 года
Выручка
Все
Выполнение плановых показателей по ПАО Россети за Январь 2025 года
План
Факт
Динамика
2025 год
0 млн.руб.
20 000 млн.руб.
40 000 млн.руб.
60 000 млн.руб.
80 000 млн.руб.
100 000 млн.руб.
120 000 млн.руб.
140 000 млн.руб.
160 000 млн.руб.
180 000 млн.руб.
200 000 млн.руб.
163 377
157 865
↓
ДЗО 
ПАО Россети
Внутренний оборот - выручка за услуги по передаче электрической энергии, учтенная в выручке за электроэнергию для конечных потребителей, при выполнении ДЗО функций гарантирующего поставщика
Подписи данных
⬤Отклонение
АО "РЭС"
АО «Тываэнерго»
АО «Чеченэнерго»
Россети Волга
Россети Кубань
Россети Ленэнерго (ГК)
Россети Московский регион
Россети Северный Кавказ (ГК)
Россети Северо-Запад
Россети Сибирь (ГК)
Россети Томск
Россети Тюмень
Россети Урал (ГК)
Россети ФСК ЕЭС
Россети Центр
Россети Центр и Приволжье (ГК)
Россети Юг (ГК)
Россети Янтарь
-1 200 млн.руб.
-1 000 млн.руб.
- 800 млн.руб.
- 600 млн.руб.
- 400 млн.руб.
- 200 млн.руб.
0 млн.руб.
200 млн.руб.
400 млн.руб.
600 млн.руб.
-73
23
-83
-295
-54
-403
-927
-606
-251
348
-58
-1 104
-474
-59
-675
-613
-191
-19
млн.
%
Выручка
Отклонение выручки по ПАО Россети за Январь 2025 года (факт/план, млн. руб)
ПАО Россети
-5 512.4 млн.руб.
 '

24-03-2025T11:00:05 - [TEST_STEP][PASSED] - searchWord = "а": null

24-03-2025T11:00:05 - [TEST_STEP][PASSED] - if (urlText.contains("ошибка") || urlText.contains(searchWord) == false): null

24-03-2025T11:00:05 - [TEST_STEP][PASSED] - delay(45): Delayed 45 second(s)

24-03-2025T11:00:50 - [MESSAGE][PASSED] - Delayed 45 second(s)

24-03-2025T11:00:50 - [TEST_STEP][PASSED] - if (block == 2): null

24-03-2025T11:00:50 - [TEST_STEP][PASSED] - click(findTestObject("Выручка в рублях/Фильтр Период" + nameOfBlock)): Object: 'Object Repository/Выручка в рублях/Фильтр Период' is clicked on

24-03-2025T11:00:51 - [MESSAGE][PASSED] - Object: 'Object Repository/Выручка в рублях/Фильтр Период' is clicked on

24-03-2025T11:00:51 - [TEST_STEP][PASSED] - click(findTestObject("Выручка в рублях/Снять выделение в фильтре Дата" + nameOfBlock)): Object: 'Object Repository/Выручка в рублях/Снять выделение в фильтре Дата' is clicked on

24-03-2025T11:00:51 - [MESSAGE][PASSED] - Object: 'Object Repository/Выручка в рублях/Снять выделение в фильтре Дата' is clicked on

24-03-2025T11:00:51 - [TEST_STEP][PASSED] - click(findTestObject("Выручка в рублях/Применить в фильтре Дата" + nameOfBlock)): Object: 'Object Repository/Выручка в рублях/Применить в фильтре Дата' is clicked on

24-03-2025T11:00:52 - [MESSAGE][PASSED] - Object: 'Object Repository/Выручка в рублях/Применить в фильтре Дата' is clicked on

24-03-2025T11:00:52 - [TEST_STEP][PASSED] - delay(50): Delayed 50 second(s)

24-03-2025T11:01:42 - [MESSAGE][PASSED] - Delayed 50 second(s)

24-03-2025T11:01:42 - [TEST_STEP][PASSED] - click(findTestObject("Выручка в рублях/Фильтр Период" + nameOfBlock)): Object: 'Object Repository/Выручка в рублях/Фильтр Период' is clicked on

24-03-2025T11:01:42 - [MESSAGE][PASSED] - Object: 'Object Repository/Выручка в рублях/Фильтр Период' is clicked on

24-03-2025T11:01:42 - [TEST_STEP][PASSED] - click(findTestObject("Выручка в рублях/Снять выделение в фильтре Дата" + nameOfBlock)): Object: 'Object Repository/Выручка в рублях/Снять выделение в фильтре Дата' is clicked on

24-03-2025T11:01:43 - [MESSAGE][PASSED] - Object: 'Object Repository/Выручка в рублях/Снять выделение в фильтре Дата' is clicked on

24-03-2025T11:01:43 - [TEST_STEP][PASSED] - scrollToElement(findTestObject("Выручка в рублях/2025 список" + nameOfBlock), 30): Scroll to object 'Object Repository/Выручка в рублях/2025 список' successfully

24-03-2025T11:01:43 - [MESSAGE][PASSED] - Scroll to object 'Object Repository/Выручка в рублях/2025 список' successfully

24-03-2025T11:01:43 - [TEST_STEP][PASSED] - click(findTestObject("Выручка в рублях/2025 список" + nameOfBlock)): Object: 'Object Repository/Выручка в рублях/2025 список' is clicked on

24-03-2025T11:01:43 - [MESSAGE][PASSED] - Object: 'Object Repository/Выручка в рублях/2025 список' is clicked on

24-03-2025T11:01:43 - [TEST_STEP][PASSED] - scrollToElement(findTestObject("Выручка в рублях/1 квартал 2025 список Выручка"), 30): Scroll to object 'Object Repository/Выручка в рублях/1 квартал 2025 список Выручка' successfully

24-03-2025T11:01:44 - [MESSAGE][PASSED] - Scroll to object 'Object Repository/Выручка в рублях/1 квартал 2025 список Выручка' successfully

24-03-2025T11:01:44 - [TEST_STEP][PASSED] - click(findTestObject("Выручка в рублях/1 квартал 2025 список" + nameOfBlock)): Object: 'Object Repository/Выручка в рублях/1 квартал 2025 список' is clicked on

24-03-2025T11:01:44 - [MESSAGE][PASSED] - Object: 'Object Repository/Выручка в рублях/1 квартал 2025 список' is clicked on

24-03-2025T11:01:44 - [TEST_STEP][PASSED] - scrollToElement(findTestObject("Выручка в рублях/Январь 2025" + nameOfBlock), 30): Scroll to object 'Object Repository/Выручка в рублях/Январь 2025' successfully

24-03-2025T11:01:44 - [MESSAGE][PASSED] - Scroll to object 'Object Repository/Выручка в рублях/Январь 2025' successfully

24-03-2025T11:01:44 - [TEST_STEP][PASSED] - click(findTestObject("Выручка в рублях/Январь 2025" + nameOfBlock)): Object: 'Object Repository/Выручка в рублях/Январь 2025' is clicked on

24-03-2025T11:01:45 - [MESSAGE][PASSED] - Object: 'Object Repository/Выручка в рублях/Январь 2025' is clicked on

24-03-2025T11:01:45 - [TEST_STEP][PASSED] - scrollToElement(findTestObject("Выручка в рублях/Заголовок дашборда" + nameOfBlock), 30): Scroll to object 'Object Repository/Выручка в рублях/Заголовок дашборда' successfully

24-03-2025T11:01:45 - [MESSAGE][PASSED] - Scroll to object 'Object Repository/Выручка в рублях/Заголовок дашборда' successfully

24-03-2025T11:01:45 - [TEST_STEP][PASSED] - click(findTestObject("Выручка в рублях/Применить в фильтре Дата" + nameOfBlock)): Object: 'Object Repository/Выручка в рублях/Применить в фильтре Дата' is clicked on

24-03-2025T11:01:46 - [MESSAGE][PASSED] - Object: 'Object Repository/Выручка в рублях/Применить в фильтре Дата' is clicked on

24-03-2025T11:01:46 - [TEST_STEP][PASSED] - delay(55): Delayed 55 second(s)

24-03-2025T11:02:41 - [MESSAGE][PASSED] - Delayed 55 second(s)

24-03-2025T11:02:41 - [TEST_STEP][PASSED] - click(findTestObject("Выручка в рублях/Фильтр ДЗО" + nameOfBlock)): Object: 'Object Repository/Выручка в рублях/Фильтр ДЗО' is clicked on

24-03-2025T11:02:41 - [MESSAGE][PASSED] - Object: 'Object Repository/Выручка в рублях/Фильтр ДЗО' is clicked on

24-03-2025T11:02:41 - [TEST_STEP][PASSED] - click(findTestObject("Выручка в рублях/Снять выделение в фильтре ДЗО" + nameOfBlock)): Object: 'Object Repository/Выручка в рублях/Снять выделение в фильтре ДЗО' is clicked on

24-03-2025T11:02:41 - [MESSAGE][PASSED] - Object: 'Object Repository/Выручка в рублях/Снять выделение в фильтре ДЗО' is clicked on

24-03-2025T11:02:41 - [TEST_STEP][PASSED] - click(findTestObject("Выручка в рублях/Применить в фильтре ДЗО" + nameOfBlock)): Object: 'Object Repository/Выручка в рублях/Применить в фильтре ДЗО' is clicked on

24-03-2025T11:02:42 - [MESSAGE][PASSED] - Object: 'Object Repository/Выручка в рублях/Применить в фильтре ДЗО' is clicked on

24-03-2025T11:02:42 - [TEST_STEP][PASSED] - delay(50): Delayed 50 second(s)

24-03-2025T11:03:32 - [MESSAGE][PASSED] - Delayed 50 second(s)

24-03-2025T11:03:32 - [TEST_STEP][PASSED] - Script1742558545601.Tumbler(run, vir, block, nameOfBlock): null

24-03-2025T11:03:32 - [TEST_STEP][PASSED] - println("run:" + run): null

24-03-2025T11:03:32 - [TEST_STEP][PASSED] - println("vir:" + vir): null

24-03-2025T11:03:32 - [TEST_STEP][PASSED] - println("block:" + block): null

24-03-2025T11:03:32 - [TEST_STEP][PASSED] - println("nameOfBlock:" + nameOfBlock): null

24-03-2025T11:03:32 - [TEST_STEP][PASSED] - if (vir == 1): null

24-03-2025T11:03:32 - [TEST_STEP][PASSED] - else if (vir == 2): null

24-03-2025T11:03:32 - [TEST_STEP][PASSED] - else if (vir == 3): Object: 'Object Repository/Выручка в рублях/Применить в фильтре Выручка' is clicked on

24-03-2025T11:03:32 - [TEST_STEP][PASSED] - if (run == 2): Object: 'Object Repository/Выручка в рублях/Переключить отображение с млн на проценты Выручка в рублях' is clicked on

24-03-2025T11:03:32 - [TEST_STEP][PASSED] - click(findTestObject("Выручка в рублях/Переключить отображение с млн на проценты Выручка в рублях" + nameOfBlock)): Object: 'Object Repository/Выручка в рублях/Переключить отображение с млн на проценты Выручка в рублях' is clicked on

24-03-2025T11:03:32 - [MESSAGE][PASSED] - Object: 'Object Repository/Выручка в рублях/Переключить отображение с млн на проценты Выручка в рублях' is clicked on

24-03-2025T11:03:32 - [TEST_STEP][PASSED] - click(findTestObject("Выручка в рублях/Фильтр Выручка" + nameOfBlock)): Object: 'Object Repository/Выручка в рублях/Фильтр Выручка' is clicked on

24-03-2025T11:03:33 - [MESSAGE][PASSED] - Object: 'Object Repository/Выручка в рублях/Фильтр Выручка' is clicked on

24-03-2025T11:03:33 - [TEST_STEP][PASSED] - click(findTestObject("Выручка в рублях/Внутренний оборот в фильтре Выручка" + nameOfBlock)): Object: 'Object Repository/Выручка в рублях/Внутренний оборот в фильтре Выручка' is clicked on

24-03-2025T11:03:33 - [MESSAGE][PASSED] - Object: 'Object Repository/Выручка в рублях/Внутренний оборот в фильтре Выручка' is clicked on

24-03-2025T11:03:33 - [TEST_STEP][PASSED] - click(findTestObject("Выручка в рублях/Применить в фильтре Выручка" + nameOfBlock)): Object: 'Object Repository/Выручка в рублях/Применить в фильтре Выручка' is clicked on

24-03-2025T11:03:34 - [MESSAGE][PASSED] - Object: 'Object Repository/Выручка в рублях/Применить в фильтре Выручка' is clicked on

24-03-2025T11:03:34 - [TEST_STEP][PASSED] - click(findTestObject("Выручка в рублях/Фильтр ДЗО" + nameOfBlock)): Object: 'Object Repository/Выручка в рублях/Фильтр ДЗО' is clicked on

24-03-2025T11:03:36 - [MESSAGE][PASSED] - Object: 'Object Repository/Выручка в рублях/Фильтр ДЗО' is clicked on

24-03-2025T11:03:36 - [TEST_STEP][PASSED] - Script1742558545601.Rosseti(nameOfBlock): null

24-03-2025T11:03:36 - [TEST_STEP][PASSED] - println("nameOfBlock:" + nameOfBlock): null

24-03-2025T11:03:36 - [TEST_STEP][PASSED] - click(findTestObject("Выручка в рублях/ПАО Россети" + nameOfBlock)): Object: 'Object Repository/Выручка в рублях/ПАО Россети' is clicked on

24-03-2025T11:03:36 - [MESSAGE][PASSED] - Object: 'Object Repository/Выручка в рублях/ПАО Россети' is clicked on

24-03-2025T11:03:36 - [TEST_STEP][PASSED] - click(findTestObject("Выручка в рублях/Применить в фильтре ДЗО" + nameOfBlock)): Object: 'Object Repository/Выручка в рублях/Применить в фильтре ДЗО' is clicked on

24-03-2025T11:03:37 - [MESSAGE][PASSED] - Object: 'Object Repository/Выручка в рублях/Применить в фильтре ДЗО' is clicked on

24-03-2025T11:03:37 - [TEST_STEP][PASSED] - if (run == 2): null

24-03-2025T11:03:37 - [TEST_STEP][PASSED] - perc = " Perc": null

24-03-2025T11:03:37 - [TEST_STEP][PASSED] - if (vir == 1 || vir == 2): null

24-03-2025T11:03:37 - [TEST_STEP][PASSED] - else: Text of object 'Object Repository/Выручка в рублях/vir3Plan' is: '2 971'

24-03-2025T11:03:37 - [TEST_STEP][PASSED] - a1 = getText(findTestObject("Выручка в рублях/vir3Plan")): Text of object 'Object Repository/Выручка в рублях/vir3Plan' is: '2 971'

24-03-2025T11:03:38 - [MESSAGE][PASSED] - Text of object 'Object Repository/Выручка в рублях/vir3Plan' is: '2 971'

24-03-2025T11:03:38 - [TEST_STEP][PASSED] - if (vir == 1 || vir == 2): null

24-03-2025T11:03:38 - [TEST_STEP][PASSED] - else: Text of object 'Object Repository/Выручка в рублях/vir3Fact' is: '2 402'

24-03-2025T11:03:38 - [TEST_STEP][PASSED] - a2 = getText(findTestObject("Выручка в рублях/vir3Fact")): Text of object 'Object Repository/Выручка в рублях/vir3Fact' is: '2 402'

24-03-2025T11:03:38 - [MESSAGE][PASSED] - Text of object 'Object Repository/Выручка в рублях/vir3Fact' is: '2 402'

24-03-2025T11:03:38 - [TEST_STEP][PASSED] - a30 = getText(findTestObject("Выручка в рублях/span1" + perc)): Text of object 'Object Repository/Выручка в рублях/span1 Perc' is: '-19.15 %'

24-03-2025T11:03:38 - [MESSAGE][PASSED] - Text of object 'Object Repository/Выручка в рублях/span1 Perc' is: '-19.15 %'

24-03-2025T11:03:38 - [TEST_STEP][PASSED] - i = a30.indexOf("млн.руб."): null

24-03-2025T11:03:38 - [TEST_STEP][PASSED] - if (i > -1): null

24-03-2025T11:03:38 - [TEST_STEP][PASSED] - if (a30.contains("%")): null

24-03-2025T11:03:38 - [TEST_STEP][PASSED] - a30 = a30.replaceAll("%", ""): null

24-03-2025T11:03:38 - [TEST_STEP][PASSED] - a30 = ").trim(): null

24-03-2025T11:03:38 - [TEST_STEP][PASSED] - println("a30: " + a30): null

24-03-2025T11:03:38 - [TEST_STEP][PASSED] - if (vir == 1): null

24-03-2025T11:03:38 - [TEST_STEP][PASSED] - else if (vir == 2): null

24-03-2025T11:03:38 - [TEST_STEP][PASSED] - else: Text of object 'Object Repository/Выручка в рублях/span5 Perc' is: '0.21 %'

24-03-2025T11:03:38 - [TEST_STEP][PASSED] - a32 = ").trim(): Text of object 'Object Repository/Выручка в рублях/span2 Perc' is: '16.95 %'

24-03-2025T11:03:39 - [MESSAGE][PASSED] - Text of object 'Object Repository/Выручка в рублях/span2 Perc' is: '16.95 %'

24-03-2025T11:03:39 - [TEST_STEP][PASSED] - a33 = ").trim(): Text of object 'Object Repository/Выручка в рублях/span3 Perc' is: '-15.18 %'

24-03-2025T11:03:39 - [MESSAGE][PASSED] - Text of object 'Object Repository/Выручка в рублях/span3 Perc' is: '-15.18 %'

24-03-2025T11:03:39 - [TEST_STEP][PASSED] - a38 = ").trim(): Text of object 'Object Repository/Выручка в рублях/span4 Perc' is: '-22.78 %'

24-03-2025T11:03:39 - [MESSAGE][PASSED] - Text of object 'Object Repository/Выручка в рублях/span4 Perc' is: '-22.78 %'

24-03-2025T11:03:39 - [TEST_STEP][PASSED] - a317 = ").trim(): Text of object 'Object Repository/Выручка в рублях/span5 Perc' is: '0.21 %'

24-03-2025T11:03:40 - [MESSAGE][PASSED] - Text of object 'Object Repository/Выручка в рублях/span5 Perc' is: '0.21 %'

24-03-2025T11:03:40 - [TEST_STEP][PASSED] - block = 2: null

24-03-2025T11:03:40 - [TEST_STEP][PASSED] - nameOfBlock = " Выручка": null

24-03-2025T11:03:40 - [TEST_STEP][PASSED] - Script1742558545601.PreSettings(run, vir, block, nameOfBlock, typeOfData, todaysDate): null

24-03-2025T11:03:40 - [TEST_STEP][PASSED] - openBrowser(""): Browser is opened with url: ''

24-03-2025T11:03:40 - [MESSAGE][WARNING] - A browser is already opened. Closing browser and opening a new one

24-03-2025T11:03:40 - [MESSAGE][INFO] - Starting 'Chrome' driver

24-03-2025T11:03:40 - [MESSAGE][INFO] - Action delay is set to 0 milliseconds

24-03-2025T11:03:41 - [MESSAGE][PASSED] - Browser is opened with url: ''

24-03-2025T11:03:41 - [TEST_STEP][PASSED] - refresh(): Refresh successfully

24-03-2025T11:03:41 - [MESSAGE][PASSED] - Refresh successfully

24-03-2025T11:03:41 - [TEST_STEP][PASSED] - delay(50): Delayed 50 second(s)

24-03-2025T11:04:31 - [MESSAGE][PASSED] - Delayed 50 second(s)

24-03-2025T11:04:31 - [TEST_STEP][PASSED] - println("run:" + run): null

24-03-2025T11:04:31 - [TEST_STEP][PASSED] - println("vir:" + vir): null

24-03-2025T11:04:31 - [TEST_STEP][PASSED] - println("block:" + block): null

24-03-2025T11:04:31 - [TEST_STEP][PASSED] - if (block == 1): null

24-03-2025T11:04:31 - [TEST_STEP][PASSED] - else: null

24-03-2025T11:04:31 - [TEST_STEP][PASSED] - nameOfBlock = " Выручка": null

24-03-2025T11:04:31 - [TEST_STEP][PASSED] - println("nameOfBlock:" + nameOfBlock): null

24-03-2025T11:04:31 - [TEST_STEP][PASSED] - println("typeOfData:" + typeOfData): null

24-03-2025T11:04:31 - [TEST_STEP][PASSED] - println("todaysDate:" + todaysDate): null

24-03-2025T11:04:31 - [TEST_STEP][PASSED] - Script1742558545601.Autorization(block, nameOfBlock): null

24-03-2025T11:04:31 - [TEST_STEP][PASSED] - i = <not implemented yet for class: org.codehaus.groovy.ast.expr.EmptyExpression>: null

24-03-2025T11:04:31 - [TEST_STEP][PASSED] - ii = <not implemented yet for class: org.codehaus.groovy.ast.expr.EmptyExpression>: null

24-03-2025T11:04:31 - [TEST_STEP][PASSED] - urlData = <not implemented yet for class: org.codehaus.groovy.ast.expr.EmptyExpression>: null

24-03-2025T11:04:31 - [TEST_STEP][PASSED] - searchWord = <not implemented yet for class: org.codehaus.groovy.ast.expr.EmptyExpression>: null

24-03-2025T11:04:31 - [TEST_STEP][PASSED] - urlText = <not implemented yet for class: org.codehaus.groovy.ast.expr.EmptyExpression>: null

24-03-2025T11:04:31 - [TEST_STEP][PASSED] - println("block:" + block): null

24-03-2025T11:04:31 - [TEST_STEP][PASSED] - if (block == 1): null

24-03-2025T11:04:31 - [TEST_STEP][PASSED] - else: null

24-03-2025T11:04:31 - [TEST_STEP][PASSED] - delay(45): Delayed 45 second(s)

24-03-2025T11:05:16 - [MESSAGE][PASSED] - Delayed 45 second(s)

24-03-2025T11:05:16 - [TEST_STEP][PASSED] - nameOfBlock = " Выручка": null

24-03-2025T11:05:16 - [TEST_STEP][PASSED] - println("nameOfBlock:" + nameOfBlock): null

24-03-2025T11:05:16 - [TEST_STEP][PASSED] - if (block == 1): null

24-03-2025T11:05:16 - [TEST_STEP][PASSED] - else: Delayed 45 second(s)

24-03-2025T11:05:16 - [TEST_STEP][PASSED] - urlData = 9: null

24-03-2025T11:05:16 - [TEST_STEP][PASSED] - delay(45): Delayed 45 second(s)

24-03-2025T11:06:01 - [MESSAGE][PASSED] - Delayed 45 second(s)

24-03-2025T11:06:01 - [TEST_STEP][PASSED] - navigateToUrl(findTestData("PlanFact").getValue(10, urlData)): Navigate to 'https://bi.rosseti.digital/viewer?dashboardGuid=a1fd28b3785d443cbc4d7690a1d78e31&sheetGuid=86092a20c5984827a0c87b24cac76a50&fit=true' successfully

24-03-2025T11:06:06 - [MESSAGE][PASSED] - Navigate to 'https://bi.rosseti.digital/viewer?dashboardGuid=a1fd28b3785d443cbc4d7690a1d78e31&sheetGuid=86092a20c5984827a0c87b24cac76a50&fit=true' successfully

24-03-2025T11:06:06 - [TEST_STEP][PASSED] - urlText = getText(findTestObject("Страница авторизации/Text")): Text of object 'Object Repository/Страница авторизации/Text' is: 'Вход'

24-03-2025T11:06:07 - [MESSAGE][PASSED] - Text of object 'Object Repository/Страница авторизации/Text' is: 'Вход'

24-03-2025T11:06:07 - [TEST_STEP][PASSED] - searchWord = "Вход": null

24-03-2025T11:06:07 - [TEST_STEP][PASSED] - if (urlText == null || urlText.contains("ошибка") || urlText.contains(searchWord) == false): null

24-03-2025T11:06:07 - [TEST_STEP][PASSED] - if (verifyElementPresent(findTestObject("Страница авторизации/button_"), 30) == true): null

24-03-2025T11:06:07 - [MESSAGE][PASSED] - Object 'Object Repository/Страница авторизации/button_' is present

24-03-2025T11:06:07 - [TEST_STEP][PASSED] - setText(findTestObject("Страница авторизации/input__username"), findTestData("PlanFact").getValue(8, 1)): Text 'liazgina-di' is set on object 'Object Repository/Страница авторизации/input__username'

24-03-2025T11:06:08 - [MESSAGE][PASSED] - Text 'liazgina-di' is set on object 'Object Repository/Страница авторизации/input__username'

24-03-2025T11:06:08 - [TEST_STEP][PASSED] - setText(findTestObject("Страница авторизации/input__password"), findTestData("PlanFact").getValue(9, 1)): Text ')$%5srZ8o688Dm#q' is set on object 'Object Repository/Страница авторизации/input__password'

24-03-2025T11:06:09 - [MESSAGE][PASSED] - Text ')$%5srZ8o688Dm#q' is set on object 'Object Repository/Страница авторизации/input__password'

24-03-2025T11:06:09 - [TEST_STEP][PASSED] - click(findTestObject("Страница авторизации/button_")): Object: 'Object Repository/Страница авторизации/button_' is clicked on

24-03-2025T11:06:10 - [MESSAGE][PASSED] - Object: 'Object Repository/Страница авторизации/button_' is clicked on

24-03-2025T11:06:10 - [TEST_STEP][PASSED] - delay(45): Delayed 45 second(s)

24-03-2025T11:06:55 - [MESSAGE][PASSED] - Delayed 45 second(s)

24-03-2025T11:06:55 - [TEST_STEP][PASSED] - urlText = getText(findTestObject("Страница авторизации/Text")): Text of object 'Object Repository/Страница авторизации/Text' is: 'Период
Январь 2025 года
Выручка
Все
Выполнение плановых показателей по ПАО Россети за Январь 2025 года
План
Факт
Динамика
2025 год
0 млн.руб.
20 000 млн.руб.
40 000 млн.руб.
60 000 млн.руб.
80 000 млн.руб.
100 000 млн.руб.
120 000 млн.руб.
140 000 млн.руб.
160 000 млн.руб.
180 000 млн.руб.
200 000 млн.руб.
163 377
157 865
↓
ДЗО 
Все
Подписи данных
⬤Отклонение
АО "РЭС"
АО «Тываэнерго»
АО «Чеченэнерго»
Россети Волга
Россети Кубань
Россети Ленэнерго (ГК)
Россети Московский регион
Россети Северный Кавказ (ГК)
Россети Северо-Запад
Россети Сибирь (ГК)
Россети Томск
Россети Тюмень
Россети Урал (ГК)
Россети ФСК ЕЭС
Россети Центр
Россети Центр и Приволжье (ГК)
Россети Юг (ГК)
Россети Янтарь
-1 200млн.руб.
-1 000млн.руб.
-800млн.руб.
-600млн.руб.
-400млн.руб.
-200млн.руб.
0 млн.руб.
200млн.руб.
400млн.руб.
600 …
-73
23
-83
-295
-54
-403
-927
-606
-251
348
-58
-1 104
-474
-59
-675
-613
-191
-19
млн.
%
Выручка
Отклонение выручки по ПАО Россети за Январь 2025 года (факт/план, млн. руб)
ПАО Россети
-5 512.4 млн.руб.
Статус данных
×
Просьба обратить внимание
Данные занесены и согласованы не полностью
ВЫБРАННЫЕ ЗНАЧЕНИЯ ФИЛЬТРОВ
ДЗО | ПЕРИОД
ПАО Россети: [«Выбраны все филиалы по всем ДЗО по всем категориям»]
2025: [Янв]
*Внутренний оборот'

24-03-2025T11:06:56 - [MESSAGE][PASSED] - Text of object 'Object Repository/Страница авторизации/Text' is: 'Период
Январь 2025 года
Выручка
Все
Выполнение плановых показателей по ПАО Россети за Январь 2025 года
План
Факт
Динамика
2025 год
0 млн.руб.
20 000 млн.руб.
40 000 млн.руб.
60 000 млн.руб.
80 000 млн.руб.
100 000 млн.руб.
120 000 млн.руб.
140 000 млн.руб.
160 000 млн.руб.
180 000 млн.руб.
200 000 млн.руб.
163 377
157 865
↓
ДЗО 
Все
Подписи данных
⬤Отклонение
АО "РЭС"
АО «Тываэнерго»
АО «Чеченэнерго»
Россети Волга
Россети Кубань
Россети Ленэнерго (ГК)
Россети Московский регион
Россети Северный Кавказ (ГК)
Россети Северо-Запад
Россети Сибирь (ГК)
Россети Томск
Россети Тюмень
Россети Урал (ГК)
Россети ФСК ЕЭС
Россети Центр
Россети Центр и Приволжье (ГК)
Россети Юг (ГК)
Россети Янтарь
-1 200млн.руб.
-1 000млн.руб.
-800млн.руб.
-600млн.руб.
-400млн.руб.
-200млн.руб.
0 млн.руб.
200млн.руб.
400млн.руб.
600 …
-73
23
-83
-295
-54
-403
-927
-606
-251
348
-58
-1 104
-474
-59
-675
-613
-191
-19
млн.
%
Выручка
Отклонение выручки по ПАО Россети за Январь 2025 года (факт/план, млн. руб)
ПАО Россети
-5 512.4 млн.руб.
Статус данных
×
Просьба обратить внимание
Данные занесены и согласованы не полностью
ВЫБРАННЫЕ ЗНАЧЕНИЯ ФИЛЬТРОВ
ДЗО | ПЕРИОД
ПАО Россети: [«Выбраны все филиалы по всем ДЗО по всем категориям»]
2025: [Янв]
*Внутренний оборот'

24-03-2025T11:06:56 - [TEST_STEP][PASSED] - searchWord = "а": null

24-03-2025T11:06:56 - [TEST_STEP][PASSED] - if (urlText.contains("ошибка") || urlText.contains(searchWord) == false): null

24-03-2025T11:06:56 - [TEST_STEP][PASSED] - delay(45): Delayed 45 second(s)

24-03-2025T11:07:41 - [MESSAGE][PASSED] - Delayed 45 second(s)

24-03-2025T11:07:41 - [TEST_STEP][PASSED] - if (block == 2): Delayed 50 second(s)

24-03-2025T11:07:41 - [TEST_STEP][PASSED] - opoveshenie = getText(findTestObject("Выручка в рублях/Просьба обратить внимание")): Text of object 'Object Repository/Выручка в рублях/Просьба обратить внимание' is: 'Просьба обратить внимание'

24-03-2025T11:07:41 - [MESSAGE][PASSED] - Text of object 'Object Repository/Выручка в рублях/Просьба обратить внимание' is: 'Просьба обратить внимание'

24-03-2025T11:07:41 - [TEST_STEP][PASSED] - if (opoveshenie == "Просьба обратить внимание"): Delayed 50 second(s)

24-03-2025T11:07:41 - [TEST_STEP][PASSED] - click(findTestObject("Выручка в рублях/Закрыть оповещение")): Object: 'Object Repository/Выручка в рублях/Закрыть оповещение' is clicked on

24-03-2025T11:07:41 - [MESSAGE][PASSED] - Object: 'Object Repository/Выручка в рублях/Закрыть оповещение' is clicked on

24-03-2025T11:07:41 - [TEST_STEP][PASSED] - delay(50): Delayed 50 second(s)

24-03-2025T11:08:32 - [MESSAGE][PASSED] - Delayed 50 second(s)

24-03-2025T11:08:32 - [TEST_STEP][PASSED] - click(findTestObject("Выручка в рублях/Фильтр Период" + nameOfBlock)): Object: 'Object Repository/Выручка в рублях/Фильтр Период Выручка' is clicked on

24-03-2025T11:08:32 - [MESSAGE][PASSED] - Object: 'Object Repository/Выручка в рублях/Фильтр Период Выручка' is clicked on

24-03-2025T11:08:32 - [TEST_STEP][PASSED] - click(findTestObject("Выручка в рублях/Снять выделение в фильтре Дата" + nameOfBlock)): Object: 'Object Repository/Выручка в рублях/Снять выделение в фильтре Дата Выручка' is clicked on

24-03-2025T11:08:32 - [MESSAGE][PASSED] - Object: 'Object Repository/Выручка в рублях/Снять выделение в фильтре Дата Выручка' is clicked on

24-03-2025T11:08:32 - [TEST_STEP][PASSED] - click(findTestObject("Выручка в рублях/Применить в фильтре Дата" + nameOfBlock)): Object: 'Object Repository/Выручка в рублях/Применить в фильтре Дата Выручка' is clicked on

24-03-2025T11:08:33 - [MESSAGE][PASSED] - Object: 'Object Repository/Выручка в рублях/Применить в фильтре Дата Выручка' is clicked on

24-03-2025T11:08:33 - [TEST_STEP][PASSED] - delay(50): Delayed 50 second(s)

24-03-2025T11:09:23 - [MESSAGE][PASSED] - Delayed 50 second(s)

24-03-2025T11:09:23 - [TEST_STEP][PASSED] - click(findTestObject("Выручка в рублях/Фильтр Период" + nameOfBlock)): Object: 'Object Repository/Выручка в рублях/Фильтр Период Выручка' is clicked on

24-03-2025T11:09:23 - [MESSAGE][PASSED] - Object: 'Object Repository/Выручка в рублях/Фильтр Период Выручка' is clicked on

24-03-2025T11:09:23 - [TEST_STEP][PASSED] - click(findTestObject("Выручка в рублях/Снять выделение в фильтре Дата" + nameOfBlock)): Object: 'Object Repository/Выручка в рублях/Снять выделение в фильтре Дата Выручка' is clicked on

24-03-2025T11:09:24 - [MESSAGE][PASSED] - Object: 'Object Repository/Выручка в рублях/Снять выделение в фильтре Дата Выручка' is clicked on

24-03-2025T11:09:24 - [TEST_STEP][PASSED] - scrollToElement(findTestObject("Выручка в рублях/2025 список" + nameOfBlock), 30): Scroll to object 'Object Repository/Выручка в рублях/2025 список Выручка' successfully

24-03-2025T11:09:24 - [MESSAGE][PASSED] - Scroll to object 'Object Repository/Выручка в рублях/2025 список Выручка' successfully

24-03-2025T11:09:24 - [TEST_STEP][PASSED] - click(findTestObject("Выручка в рублях/2025 список" + nameOfBlock)): Object: 'Object Repository/Выручка в рублях/2025 список Выручка' is clicked on

24-03-2025T11:09:25 - [MESSAGE][PASSED] - Object: 'Object Repository/Выручка в рублях/2025 список Выручка' is clicked on

24-03-2025T11:09:25 - [TEST_STEP][PASSED] - scrollToElement(findTestObject("Выручка в рублях/1 квартал 2025 список Выручка"), 30): Scroll to object 'Object Repository/Выручка в рублях/1 квартал 2025 список Выручка' successfully

24-03-2025T11:09:25 - [MESSAGE][PASSED] - Scroll to object 'Object Repository/Выручка в рублях/1 квартал 2025 список Выручка' successfully

24-03-2025T11:09:25 - [TEST_STEP][PASSED] - click(findTestObject("Выручка в рублях/1 квартал 2025 список" + nameOfBlock)): Object: 'Object Repository/Выручка в рублях/1 квартал 2025 список Выручка' is clicked on

24-03-2025T11:09:25 - [MESSAGE][PASSED] - Object: 'Object Repository/Выручка в рублях/1 квартал 2025 список Выручка' is clicked on

24-03-2025T11:09:25 - [TEST_STEP][PASSED] - scrollToElement(findTestObject("Выручка в рублях/Январь 2025" + nameOfBlock), 30): Scroll to object 'Object Repository/Выручка в рублях/Январь 2025 Выручка' successfully

24-03-2025T11:09:26 - [MESSAGE][PASSED] - Scroll to object 'Object Repository/Выручка в рублях/Январь 2025 Выручка' successfully

24-03-2025T11:09:26 - [TEST_STEP][PASSED] - click(findTestObject("Выручка в рублях/Январь 2025" + nameOfBlock)): Object: 'Object Repository/Выручка в рублях/Январь 2025 Выручка' is clicked on

24-03-2025T11:09:26 - [MESSAGE][PASSED] - Object: 'Object Repository/Выручка в рублях/Январь 2025 Выручка' is clicked on

24-03-2025T11:09:26 - [TEST_STEP][PASSED] - scrollToElement(findTestObject("Выручка в рублях/Заголовок дашборда" + nameOfBlock), 30): Scroll to object 'Object Repository/Выручка в рублях/Заголовок дашборда Выручка' successfully

24-03-2025T11:09:26 - [MESSAGE][PASSED] - Scroll to object 'Object Repository/Выручка в рублях/Заголовок дашборда Выручка' successfully

24-03-2025T11:09:26 - [TEST_STEP][PASSED] - click(findTestObject("Выручка в рублях/Применить в фильтре Дата" + nameOfBlock)): Object: 'Object Repository/Выручка в рублях/Применить в фильтре Дата Выручка' is clicked on

24-03-2025T11:09:27 - [MESSAGE][PASSED] - Object: 'Object Repository/Выручка в рублях/Применить в фильтре Дата Выручка' is clicked on

24-03-2025T11:09:27 - [TEST_STEP][PASSED] - delay(55): Delayed 55 second(s)

24-03-2025T11:10:22 - [MESSAGE][PASSED] - Delayed 55 second(s)

24-03-2025T11:10:22 - [TEST_STEP][PASSED] - click(findTestObject("Выручка в рублях/Фильтр ДЗО" + nameOfBlock)): Object: 'Object Repository/Выручка в рублях/Фильтр ДЗО Выручка' is clicked on

24-03-2025T11:10:22 - [MESSAGE][PASSED] - Object: 'Object Repository/Выручка в рублях/Фильтр ДЗО Выручка' is clicked on

24-03-2025T11:10:22 - [TEST_STEP][PASSED] - click(findTestObject("Выручка в рублях/Снять выделение в фильтре ДЗО" + nameOfBlock)): Object: 'Object Repository/Выручка в рублях/Снять выделение в фильтре ДЗО Выручка' is clicked on

24-03-2025T11:10:23 - [MESSAGE][PASSED] - Object: 'Object Repository/Выручка в рублях/Снять выделение в фильтре ДЗО Выручка' is clicked on

24-03-2025T11:10:23 - [TEST_STEP][PASSED] - click(findTestObject("Выручка в рублях/Применить в фильтре ДЗО" + nameOfBlock)): Object: 'Object Repository/Выручка в рублях/Применить в фильтре ДЗО Выручка' is clicked on

24-03-2025T11:10:23 - [MESSAGE][PASSED] - Object: 'Object Repository/Выручка в рублях/Применить в фильтре ДЗО Выручка' is clicked on

24-03-2025T11:10:23 - [TEST_STEP][PASSED] - delay(50): Delayed 50 second(s)

24-03-2025T11:11:13 - [MESSAGE][PASSED] - Delayed 50 second(s)

24-03-2025T11:11:13 - [TEST_STEP][PASSED] - Script1742558545601.Tumbler(run, vir, block, nameOfBlock): null

24-03-2025T11:11:13 - [TEST_STEP][PASSED] - println("run:" + run): null

24-03-2025T11:11:13 - [TEST_STEP][PASSED] - println("vir:" + vir): null

24-03-2025T11:11:13 - [TEST_STEP][PASSED] - println("block:" + block): null

24-03-2025T11:11:13 - [TEST_STEP][PASSED] - println("nameOfBlock:" + nameOfBlock): null

24-03-2025T11:11:13 - [TEST_STEP][PASSED] - if (vir == 1): null

24-03-2025T11:11:13 - [TEST_STEP][PASSED] - else if (vir == 2): null

24-03-2025T11:11:13 - [TEST_STEP][PASSED] - else if (vir == 3): Object: 'Object Repository/Выручка в рублях/Применить в фильтре Выручка Выручка' is clicked on

24-03-2025T11:11:13 - [TEST_STEP][PASSED] - if (run == 2): Object: 'Object Repository/Выручка в рублях/Переключить отображение с млн на проценты Выручка в рублях Выручка' is clicked on

24-03-2025T11:11:13 - [TEST_STEP][PASSED] - click(findTestObject("Выручка в рублях/Переключить отображение с млн на проценты Выручка в рублях" + nameOfBlock)): Object: 'Object Repository/Выручка в рублях/Переключить отображение с млн на проценты Выручка в рублях Выручка' is clicked on

24-03-2025T11:11:14 - [MESSAGE][PASSED] - Object: 'Object Repository/Выручка в рублях/Переключить отображение с млн на проценты Выручка в рублях Выручка' is clicked on

24-03-2025T11:11:14 - [TEST_STEP][PASSED] - click(findTestObject("Выручка в рублях/Фильтр Выручка" + nameOfBlock)): Object: 'Object Repository/Выручка в рублях/Фильтр Выручка Выручка' is clicked on

24-03-2025T11:11:14 - [MESSAGE][PASSED] - Object: 'Object Repository/Выручка в рублях/Фильтр Выручка Выручка' is clicked on

24-03-2025T11:11:14 - [TEST_STEP][PASSED] - click(findTestObject("Выручка в рублях/Внутренний оборот в фильтре Выручка" + nameOfBlock)): Object: 'Object Repository/Выручка в рублях/Внутренний оборот в фильтре Выручка Выручка' is clicked on

24-03-2025T11:11:15 - [MESSAGE][PASSED] - Object: 'Object Repository/Выручка в рублях/Внутренний оборот в фильтре Выручка Выручка' is clicked on

24-03-2025T11:11:15 - [TEST_STEP][PASSED] - click(findTestObject("Выручка в рублях/Применить в фильтре Выручка" + nameOfBlock)): Object: 'Object Repository/Выручка в рублях/Применить в фильтре Выручка Выручка' is clicked on

24-03-2025T11:11:15 - [MESSAGE][PASSED] - Object: 'Object Repository/Выручка в рублях/Применить в фильтре Выручка Выручка' is clicked on

24-03-2025T11:11:15 - [TEST_STEP][PASSED] - click(findTestObject("Выручка в рублях/Фильтр ДЗО" + nameOfBlock)): Object: 'Object Repository/Выручка в рублях/Фильтр ДЗО Выручка' is clicked on

24-03-2025T11:11:16 - [MESSAGE][PASSED] - Object: 'Object Repository/Выручка в рублях/Фильтр ДЗО Выручка' is clicked on

24-03-2025T11:11:16 - [TEST_STEP][PASSED] - Script1742558545601.Rosseti(nameOfBlock): null

24-03-2025T11:11:16 - [TEST_STEP][PASSED] - println("nameOfBlock:" + nameOfBlock): null

24-03-2025T11:11:16 - [TEST_STEP][PASSED] - click(findTestObject("Выручка в рублях/ПАО Россети" + nameOfBlock)): Object: 'Object Repository/Выручка в рублях/ПАО Россети Выручка' is clicked on

24-03-2025T11:11:17 - [MESSAGE][PASSED] - Object: 'Object Repository/Выручка в рублях/ПАО Россети Выручка' is clicked on

24-03-2025T11:11:17 - [TEST_STEP][PASSED] - click(findTestObject("Выручка в рублях/Применить в фильтре ДЗО" + nameOfBlock)): Object: 'Object Repository/Выручка в рублях/Применить в фильтре ДЗО Выручка' is clicked on

24-03-2025T11:11:17 - [MESSAGE][PASSED] - Object: 'Object Repository/Выручка в рублях/Применить в фильтре ДЗО Выручка' is clicked on

24-03-2025T11:11:17 - [TEST_STEP][PASSED] - if (vir == 1 || vir == 2): null

24-03-2025T11:11:17 - [TEST_STEP][PASSED] - else: Text of object 'Object Repository/Выручка в рублях/vir3Plan Выручка' is: '2 971'

24-03-2025T11:11:17 - [TEST_STEP][PASSED] - b1 = getText(findTestObject("Выручка в рублях/vir3Plan Выручка")): Text of object 'Object Repository/Выручка в рублях/vir3Plan Выручка' is: '2 971'

24-03-2025T11:11:18 - [MESSAGE][PASSED] - Text of object 'Object Repository/Выручка в рублях/vir3Plan Выручка' is: '2 971'

24-03-2025T11:11:18 - [TEST_STEP][PASSED] - if (vir == 1 || vir == 2): null

24-03-2025T11:11:18 - [TEST_STEP][PASSED] - else: Text of object 'Object Repository/Выручка в рублях/vir3Fact Выручка' is: '2 402'

24-03-2025T11:11:18 - [TEST_STEP][PASSED] - b2 = getText(findTestObject("Выручка в рублях/vir3Fact Выручка")): Text of object 'Object Repository/Выручка в рублях/vir3Fact Выручка' is: '2 402'

24-03-2025T11:11:19 - [MESSAGE][PASSED] - Text of object 'Object Repository/Выручка в рублях/vir3Fact Выручка' is: '2 402'

24-03-2025T11:11:19 - [TEST_STEP][PASSED] - b30 = getText(findTestObject("Выручка в рублях/span1" + perc)): Text of object 'Object Repository/Выручка в рублях/span1 Perc' is: '-19.15 %'

24-03-2025T11:11:19 - [MESSAGE][PASSED] - Text of object 'Object Repository/Выручка в рублях/span1 Perc' is: '-19.15 %'

24-03-2025T11:11:19 - [TEST_STEP][PASSED] - i = b30.indexOf("млн.руб."): null

24-03-2025T11:11:19 - [TEST_STEP][PASSED] - if (i > -1): null

24-03-2025T11:11:19 - [TEST_STEP][PASSED] - if (b30.contains("%")): null

24-03-2025T11:11:19 - [TEST_STEP][PASSED] - b30 = b30.replaceAll("%", ""): null

24-03-2025T11:11:19 - [TEST_STEP][PASSED] - b30 = ").trim(): null

24-03-2025T11:11:19 - [TEST_STEP][PASSED] - println("b30: " + b30): null

24-03-2025T11:11:19 - [TEST_STEP][PASSED] - if (vir == 1): null

24-03-2025T11:11:19 - [TEST_STEP][PASSED] - else if (vir == 2): null

24-03-2025T11:11:19 - [TEST_STEP][PASSED] - else: Text of object 'Object Repository/Выручка в рублях/span5 Perc' is: '0.21 %'

24-03-2025T11:11:19 - [TEST_STEP][PASSED] - b32 = ").trim(): Text of object 'Object Repository/Выручка в рублях/span2 Perc' is: '16.95 %'

24-03-2025T11:11:19 - [MESSAGE][PASSED] - Text of object 'Object Repository/Выручка в рублях/span2 Perc' is: '16.95 %'

24-03-2025T11:11:19 - [TEST_STEP][PASSED] - b33 = ").trim(): Text of object 'Object Repository/Выручка в рублях/span3 Perc' is: '-15.18 %'

24-03-2025T11:11:19 - [MESSAGE][PASSED] - Text of object 'Object Repository/Выручка в рублях/span3 Perc' is: '-15.18 %'

24-03-2025T11:11:19 - [TEST_STEP][PASSED] - b38 = ").trim(): Text of object 'Object Repository/Выручка в рублях/span4 Perc' is: '-22.78 %'

24-03-2025T11:11:20 - [MESSAGE][PASSED] - Text of object 'Object Repository/Выручка в рублях/span4 Perc' is: '-22.78 %'

24-03-2025T11:11:20 - [TEST_STEP][PASSED] - b317 = ").trim(): Text of object 'Object Repository/Выручка в рублях/span5 Perc' is: '0.21 %'

24-03-2025T11:11:20 - [MESSAGE][PASSED] - Text of object 'Object Repository/Выручка в рублях/span5 Perc' is: '0.21 %'

24-03-2025T11:11:20 - [TEST_STEP][PASSED] - dZO = "ПАО Россети": null

24-03-2025T11:11:20 - [TEST_STEP][PASSED] - if (verifyEqual(a1, b1) == false): Actual object '2 971' and expected object '2 971' are equal

24-03-2025T11:11:20 - [MESSAGE][PASSED] - Actual object '2 971' and expected object '2 971' are equal

24-03-2025T11:11:20 - [TEST_STEP][PASSED] - if (verifyEqual(a2, b2) == false): Actual object '2 402' and expected object '2 402' are equal

24-03-2025T11:11:20 - [MESSAGE][PASSED] - Actual object '2 402' and expected object '2 402' are equal

24-03-2025T11:11:20 - [TEST_STEP][PASSED] - vidget = "Отклонения": null

24-03-2025T11:11:20 - [TEST_STEP][PASSED] - if (verifyEqual(a30, b30) == false): Actual object '-19.15' and expected object '-19.15' are equal

24-03-2025T11:11:20 - [MESSAGE][PASSED] - Actual object '-19.15' and expected object '-19.15' are equal

24-03-2025T11:11:20 - [TEST_STEP][PASSED] - dZO = "АО «РЭС»": null

24-03-2025T11:11:20 - [TEST_STEP][PASSED] - if (verifyEqual(a31, b31) == false): Actual object 'null' and expected object 'null' are equal

24-03-2025T11:11:20 - [MESSAGE][PASSED] - Actual object 'null' and expected object 'null' are equal

24-03-2025T11:11:20 - [TEST_STEP][PASSED] - dZO = "АО «Тываэнерго»": null

24-03-2025T11:11:20 - [TEST_STEP][PASSED] - if (verifyEqual(a32, b32) == false): Actual object '16.95' and expected object '16.95' are equal

24-03-2025T11:11:20 - [MESSAGE][PASSED] - Actual object '16.95' and expected object '16.95' are equal

24-03-2025T11:11:20 - [TEST_STEP][PASSED] - dZO = "АО «Чеченэнерго»": null

24-03-2025T11:11:20 - [TEST_STEP][PASSED] - if (verifyEqual(a33, b33) == false): Actual object '-15.18' and expected object '-15.18' are equal

24-03-2025T11:11:20 - [MESSAGE][PASSED] - Actual object '-15.18' and expected object '-15.18' are equal

24-03-2025T11:11:20 - [TEST_STEP][PASSED] - dZO = "Россети Волга": null

24-03-2025T11:11:20 - [TEST_STEP][PASSED] - if (verifyEqual(a34, b34) == false): Actual object 'null' and expected object 'null' are equal

24-03-2025T11:11:20 - [MESSAGE][PASSED] - Actual object 'null' and expected object 'null' are equal

24-03-2025T11:11:20 - [TEST_STEP][PASSED] - dZO = "Россети Кубань": null

24-03-2025T11:11:20 - [TEST_STEP][PASSED] - if (verifyEqual(a35, b35) == false): Actual object 'null' and expected object 'null' are equal

24-03-2025T11:11:20 - [MESSAGE][PASSED] - Actual object 'null' and expected object 'null' are equal

24-03-2025T11:11:20 - [TEST_STEP][PASSED] - dZO = "Россети Ленэнерго (ГК)": null

24-03-2025T11:11:20 - [TEST_STEP][PASSED] - if (verifyEqual(a36, b36) == false): Actual object 'null' and expected object 'null' are equal

24-03-2025T11:11:20 - [MESSAGE][PASSED] - Actual object 'null' and expected object 'null' are equal

24-03-2025T11:11:20 - [TEST_STEP][PASSED] - dZO = "Россети Московский регион": null

24-03-2025T11:11:20 - [TEST_STEP][PASSED] - if (verifyEqual(a37, b37) == false): Actual object 'null' and expected object 'null' are equal

24-03-2025T11:11:20 - [MESSAGE][PASSED] - Actual object 'null' and expected object 'null' are equal

24-03-2025T11:11:20 - [TEST_STEP][PASSED] - dZO = "Россети Северный Кавказ (ГК)": null

24-03-2025T11:11:20 - [TEST_STEP][PASSED] - if (verifyEqual(a38, b38) == false): Actual object '-22.78' and expected object '-22.78' are equal

24-03-2025T11:11:20 - [MESSAGE][PASSED] - Actual object '-22.78' and expected object '-22.78' are equal

24-03-2025T11:11:20 - [TEST_STEP][PASSED] - dZO = "Россети Северо-Запад": null

24-03-2025T11:11:20 - [TEST_STEP][PASSED] - if (verifyEqual(a39, b39) == false): Actual object 'null' and expected object 'null' are equal

24-03-2025T11:11:20 - [MESSAGE][PASSED] - Actual object 'null' and expected object 'null' are equal

24-03-2025T11:11:20 - [TEST_STEP][PASSED] - dZO = "Россети Сибирь (ГК)": null

24-03-2025T11:11:20 - [TEST_STEP][PASSED] - if (verifyEqual(a310, b310) == false): Actual object 'null' and expected object 'null' are equal

24-03-2025T11:11:20 - [MESSAGE][PASSED] - Actual object 'null' and expected object 'null' are equal

24-03-2025T11:11:20 - [TEST_STEP][PASSED] - dZO = "Россети Томск": null

24-03-2025T11:11:20 - [TEST_STEP][PASSED] - if (verifyEqual(a311, b311) == false): Actual object 'null' and expected object 'null' are equal

24-03-2025T11:11:20 - [MESSAGE][PASSED] - Actual object 'null' and expected object 'null' are equal

24-03-2025T11:11:20 - [TEST_STEP][PASSED] - dZO = "Россети Тюмень": null

24-03-2025T11:11:20 - [TEST_STEP][PASSED] - if (verifyEqual(a312, b312) == false): Actual object 'null' and expected object 'null' are equal

24-03-2025T11:11:20 - [MESSAGE][PASSED] - Actual object 'null' and expected object 'null' are equal

24-03-2025T11:11:20 - [TEST_STEP][PASSED] - dZO = "Россети Урал (ГК)": null

24-03-2025T11:11:20 - [TEST_STEP][PASSED] - if (verifyEqual(a313, b313) == false): Actual object 'null' and expected object 'null' are equal

24-03-2025T11:11:20 - [MESSAGE][PASSED] - Actual object 'null' and expected object 'null' are equal

24-03-2025T11:11:20 - [TEST_STEP][PASSED] - dZO = "Россети ФСК ЕЭС": null

24-03-2025T11:11:20 - [TEST_STEP][PASSED] - if (verifyEqual(a314, b314) == false): Actual object 'null' and expected object 'null' are equal

24-03-2025T11:11:20 - [MESSAGE][PASSED] - Actual object 'null' and expected object 'null' are equal

24-03-2025T11:11:20 - [TEST_STEP][PASSED] - dZO = "Россети Центр": null

24-03-2025T11:11:20 - [TEST_STEP][PASSED] - if (verifyEqual(a315, b315) == false): Actual object 'null' and expected object 'null' are equal

24-03-2025T11:11:20 - [MESSAGE][PASSED] - Actual object 'null' and expected object 'null' are equal

24-03-2025T11:11:20 - [TEST_STEP][PASSED] - dZO = "Россети Центр и Приволжье (ГК)": null

24-03-2025T11:11:20 - [TEST_STEP][PASSED] - if (verifyEqual(a316, b316) == false): Actual object 'null' and expected object 'null' are equal

24-03-2025T11:11:20 - [MESSAGE][PASSED] - Actual object 'null' and expected object 'null' are equal

24-03-2025T11:11:20 - [TEST_STEP][PASSED] - dZO = "Россети Юг (ГК)": null

24-03-2025T11:11:20 - [TEST_STEP][PASSED] - if (verifyEqual(a317, b317) == false): Actual object '0.21' and expected object '0.21' are equal

24-03-2025T11:11:20 - [MESSAGE][PASSED] - Actual object '0.21' and expected object '0.21' are equal

24-03-2025T11:11:20 - [TEST_STEP][PASSED] - dZO = "Россети Янтарь": null

24-03-2025T11:11:20 - [TEST_STEP][PASSED] - if (verifyEqual(a318, b318) == false): Actual object 'null' and expected object 'null' are equal

24-03-2025T11:11:20 - [MESSAGE][PASSED] - Actual object 'null' and expected object 'null' are equal

24-03-2025T11:11:20 - [TEST_STEP][PASSED] - closeBrowser(): Browser is closed

24-03-2025T11:11:20 - [MESSAGE][PASSED] - Browser is closed]]></system-out>
         <system-err><![CDATA[]]></system-err>
      </testcase>
      <testcase name="Test Cases/Сверки дашбордов/Выручка по ДЗО сверка дашбордов" time="159.577" classname="Test Cases/Сверки дашбордов/Выручка по ДЗО сверка дашбордов" status="PASSED">
         <system-out><![CDATA[24-03-2025T11:11:20 - [TEST_CASE][PASSED] - Test Cases/Сверки дашбордов/Выручка по ДЗО сверка дашбордов: Test Cases/Сверки дашбордов/Выручка по ДЗО сверка дашбордов

24-03-2025T11:11:21 - [TEST_STEP][PASSED] - date = new java.util.Date(): null

24-03-2025T11:11:21 - [TEST_STEP][PASSED] - todaysDate = date.format("dd.MM.yyyy"): null

24-03-2025T11:11:21 - [TEST_STEP][PASSED] - println(todaysDate): null

24-03-2025T11:11:21 - [TEST_STEP][PASSED] - openBrowser(""): Browser is opened with url: ''

24-03-2025T11:11:21 - [MESSAGE][INFO] - Starting 'Chrome' driver

24-03-2025T11:11:21 - [MESSAGE][INFO] - Action delay is set to 0 milliseconds

24-03-2025T11:11:22 - [MESSAGE][PASSED] - Browser is opened with url: ''

24-03-2025T11:11:22 - [TEST_STEP][PASSED] - navigateToUrl(findTestData("PlanFact").getValue(10, 5)): Navigate to 'https://bi.rosseti.digital/viewer?dashboardGuid=2301950b23be4ed89c1df75f2020051e&sheetGuid=31530aa0b6664c09b016b7f2ab9d853e&fit=true' successfully

24-03-2025T11:11:27 - [MESSAGE][PASSED] - Navigate to 'https://bi.rosseti.digital/viewer?dashboardGuid=2301950b23be4ed89c1df75f2020051e&sheetGuid=31530aa0b6664c09b016b7f2ab9d853e&fit=true' successfully

24-03-2025T11:11:27 - [TEST_STEP][PASSED] - setText(findTestObject("Страница авторизации/input__username"), findTestData("PlanFact").getValue(8, 1)): Text 'liazgina-di' is set on object 'Object Repository/Страница авторизации/input__username'

24-03-2025T11:11:29 - [MESSAGE][PASSED] - Text 'liazgina-di' is set on object 'Object Repository/Страница авторизации/input__username'

24-03-2025T11:11:29 - [TEST_STEP][PASSED] - setText(findTestObject("Страница авторизации/input__password"), findTestData("PlanFact").getValue(9, 1)): Text ')$%5srZ8o688Dm#q' is set on object 'Object Repository/Страница авторизации/input__password'

24-03-2025T11:11:29 - [MESSAGE][PASSED] - Text ')$%5srZ8o688Dm#q' is set on object 'Object Repository/Страница авторизации/input__password'

24-03-2025T11:11:29 - [TEST_STEP][PASSED] - click(findTestObject("Страница авторизации/button_")): Object: 'Object Repository/Страница авторизации/button_' is clicked on

24-03-2025T11:11:30 - [MESSAGE][PASSED] - Object: 'Object Repository/Страница авторизации/button_' is clicked on

24-03-2025T11:11:30 - [TEST_STEP][PASSED] - delay(30): Delayed 30 second(s)

24-03-2025T11:12:00 - [MESSAGE][PASSED] - Delayed 30 second(s)

24-03-2025T11:12:00 - [TEST_STEP][PASSED] - click(findTestObject("Выручка по ДЗО/Фильтр Дата")): Object: 'Object Repository/Выручка по ДЗО/Фильтр Дата' is clicked on

24-03-2025T11:12:00 - [MESSAGE][PASSED] - Object: 'Object Repository/Выручка по ДЗО/Фильтр Дата' is clicked on

24-03-2025T11:12:00 - [TEST_STEP][PASSED] - click(findTestObject("Выручка по ДЗО/Снять выделение в фильтре Дата")): Object: 'Object Repository/Выручка по ДЗО/Снять выделение в фильтре Дата' is clicked on

24-03-2025T11:12:01 - [MESSAGE][PASSED] - Object: 'Object Repository/Выручка по ДЗО/Снять выделение в фильтре Дата' is clicked on

24-03-2025T11:12:01 - [TEST_STEP][PASSED] - click(findTestObject("Выручка по ДЗО/Применить в фильтре Дата")): Object: 'Object Repository/Выручка по ДЗО/Применить в фильтре Дата' is clicked on

24-03-2025T11:12:02 - [MESSAGE][PASSED] - Object: 'Object Repository/Выручка по ДЗО/Применить в фильтре Дата' is clicked on

24-03-2025T11:12:02 - [TEST_STEP][PASSED] - click(findTestObject("Выручка по ДЗО/Фильтр Дата")): Object: 'Object Repository/Выручка по ДЗО/Фильтр Дата' is clicked on

24-03-2025T11:12:03 - [MESSAGE][PASSED] - Object: 'Object Repository/Выручка по ДЗО/Фильтр Дата' is clicked on

24-03-2025T11:12:03 - [TEST_STEP][PASSED] - click(findTestObject("Выручка по ДЗО/Снять выделение в фильтре Дата")): Object: 'Object Repository/Выручка по ДЗО/Снять выделение в фильтре Дата' is clicked on

24-03-2025T11:12:03 - [MESSAGE][PASSED] - Object: 'Object Repository/Выручка по ДЗО/Снять выделение в фильтре Дата' is clicked on

24-03-2025T11:12:03 - [TEST_STEP][PASSED] - scrollToElement(findTestObject("Выручка по ДЗО/2025 список"), 30): Scroll to object 'Object Repository/Выручка по ДЗО/2025 список' successfully

24-03-2025T11:12:03 - [MESSAGE][PASSED] - Scroll to object 'Object Repository/Выручка по ДЗО/2025 список' successfully

24-03-2025T11:12:03 - [TEST_STEP][PASSED] - click(findTestObject("Выручка по ДЗО/2025 список")): Object: 'Object Repository/Выручка по ДЗО/2025 список' is clicked on

24-03-2025T11:12:04 - [MESSAGE][PASSED] - Object: 'Object Repository/Выручка по ДЗО/2025 список' is clicked on

24-03-2025T11:12:04 - [TEST_STEP][PASSED] - scrollToElement(findTestObject("Выручка по ДЗО/1 квартал 2025 список"), 30): Scroll to object 'Object Repository/Выручка по ДЗО/1 квартал 2025 список' successfully

24-03-2025T11:12:04 - [MESSAGE][PASSED] - Scroll to object 'Object Repository/Выручка по ДЗО/1 квартал 2025 список' successfully

24-03-2025T11:12:04 - [TEST_STEP][PASSED] - click(findTestObject("Выручка по ДЗО/1 квартал 2025 список"), CONTINUE_ON_FAILURE): Object: 'Object Repository/Выручка по ДЗО/1 квартал 2025 список' is clicked on

24-03-2025T11:12:05 - [MESSAGE][PASSED] - Object: 'Object Repository/Выручка по ДЗО/1 квартал 2025 список' is clicked on

24-03-2025T11:12:05 - [TEST_STEP][PASSED] - scrollToElement(findTestObject("Выручка по ДЗО/Январь 2025"), 30): Scroll to object 'Object Repository/Выручка по ДЗО/Январь 2025' successfully

24-03-2025T11:12:05 - [MESSAGE][PASSED] - Scroll to object 'Object Repository/Выручка по ДЗО/Январь 2025' successfully

24-03-2025T11:12:05 - [TEST_STEP][PASSED] - click(findTestObject("Выручка по ДЗО/Январь 2025"), CONTINUE_ON_FAILURE): Object: 'Object Repository/Выручка по ДЗО/Январь 2025' is clicked on

24-03-2025T11:12:05 - [MESSAGE][PASSED] - Object: 'Object Repository/Выручка по ДЗО/Январь 2025' is clicked on

24-03-2025T11:12:05 - [TEST_STEP][PASSED] - scrollToElement(findTestObject("Выручка по ДЗО/Заголовок дашборда"), 30): Scroll to object 'Object Repository/Выручка по ДЗО/Заголовок дашборда' successfully

24-03-2025T11:12:06 - [MESSAGE][PASSED] - Scroll to object 'Object Repository/Выручка по ДЗО/Заголовок дашборда' successfully

24-03-2025T11:12:06 - [TEST_STEP][PASSED] - click(findTestObject("Выручка по ДЗО/Применить в фильтре Дата")): Object: 'Object Repository/Выручка по ДЗО/Применить в фильтре Дата' is clicked on

24-03-2025T11:12:06 - [MESSAGE][PASSED] - Object: 'Object Repository/Выручка по ДЗО/Применить в фильтре Дата' is clicked on

24-03-2025T11:12:06 - [TEST_STEP][PASSED] - delay(30): Delayed 30 second(s)

24-03-2025T11:12:36 - [MESSAGE][PASSED] - Delayed 30 second(s)

24-03-2025T11:12:36 - [TEST_STEP][PASSED] - a1 = getText(findTestObject("Выручка по ДЗО/График1 Выполнение плановых показателей Блок руководителя")): Text of object 'Object Repository/Выручка по ДЗО/График1 Выполнение плановых показателей Блок руководителя' is: '2 275 2 275
251 251
545 545
10 863 10 863
7 813 7 813
11 645 11 645
22 423 22 423
4 405 4 405
7 066 7 066
10 948 10 948
1 091 1 091
10 368 10 368
10 920 10 920
28 393 28 393
12 599 12 599
13 668 13 668
7 039 7 039
1 064 1 064
2 202 2 202
274 274
463 463
10 568 10 568
7 759 7 759
11 241 11 241
21 497 21 497
3 799 3 799
6 815 6 815
11 296 11 296
1 034 1 034
9 265 9 265
10 446 10 446
28 334 28 334
11 924 11 924
13 055 13 055
6 848 6 848
1 045 1 045
План
Факт
АО "РЭС"
АО «Тываэнерго»
АО «Чеченэнерго»
Россети Волга
Россети Кубань
Россети Ленэнерго (ГК)
Россети Московский регион
Россети Северный Кавказ (ГК)
Россети Северо-Запад
Россети Сибирь (ГК)
Россети Томск
Россети Тюмень
Россети Урал (ГК)
Россети ФСК ЕЭС
Россети Центр
Россети Центр и Приволжье (ГК)
Россети Юг (ГК)
Россети Янтарь
0 млн. руб.
2 500 млн. руб.
5 000 млн. руб.
7 500 млн. руб.
10 000 млн. руб.
12 500 млн. руб.
15 000 млн. руб.
17 500 млн. руб.
20 000 млн. руб.
22 500 млн. руб.
25 000 млн. руб.
27 500 млн. руб.
30 000 млн. руб.'

24-03-2025T11:12:36 - [MESSAGE][PASSED] - Text of object 'Object Repository/Выручка по ДЗО/График1 Выполнение плановых показателей Блок руководителя' is: '2 275 2 275
251 251
545 545
10 863 10 863
7 813 7 813
11 645 11 645
22 423 22 423
4 405 4 405
7 066 7 066
10 948 10 948
1 091 1 091
10 368 10 368
10 920 10 920
28 393 28 393
12 599 12 599
13 668 13 668
7 039 7 039
1 064 1 064
2 202 2 202
274 274
463 463
10 568 10 568
7 759 7 759
11 241 11 241
21 497 21 497
3 799 3 799
6 815 6 815
11 296 11 296
1 034 1 034
9 265 9 265
10 446 10 446
28 334 28 334
11 924 11 924
13 055 13 055
6 848 6 848
1 045 1 045
План
Факт
АО "РЭС"
АО «Тываэнерго»
АО «Чеченэнерго»
Россети Волга
Россети Кубань
Россети Ленэнерго (ГК)
Россети Московский регион
Россети Северный Кавказ (ГК)
Россети Северо-Запад
Россети Сибирь (ГК)
Россети Томск
Россети Тюмень
Россети Урал (ГК)
Россети ФСК ЕЭС
Россети Центр
Россети Центр и Приволжье (ГК)
Россети Юг (ГК)
Россети Янтарь
0 млн. руб.
2 500 млн. руб.
5 000 млн. руб.
7 500 млн. руб.
10 000 млн. руб.
12 500 млн. руб.
15 000 млн. руб.
17 500 млн. руб.
20 000 млн. руб.
22 500 млн. руб.
25 000 млн. руб.
27 500 млн. руб.
30 000 млн. руб.'

24-03-2025T11:12:36 - [TEST_STEP][PASSED] - println("a1: " + a1): null

24-03-2025T11:12:36 - [TEST_STEP][PASSED] - i = a1.indexOf("План"): null

24-03-2025T11:12:36 - [TEST_STEP][PASSED] - a1 = a1.substring(0, i): null

24-03-2025T11:12:36 - [TEST_STEP][PASSED] - println("a1: " + a1): null

24-03-2025T11:12:36 - [TEST_STEP][PASSED] - a2 = getText(findTestObject("Выручка по ДЗО/График2 Выполнение плановых показателей Блок руководителя")): Text of object 'Object Repository/Выручка по ДЗО/График2 Выполнение плановых показателей Блок руководителя' is: '1,4%1,4%
0,17%0,17%
0,29%0,29%
6,69%6,69%
4,92%4,92%
7,12%7,12%
13,62%13,62%
2,41%2,41%
4,32%4,32%
7,16%7,16%
0,65%0,65%
5,87%5,87%
6,62%6,62%
17,95%17,95%
7,55%7,55%
8,27%8,27%
4,34%4,34%
0,66%0,66%
АО "РЭС"
АО «Тываэнерго»
АО «Чеченэнерго»
Россети Волга
Россети Кубань
Россети Ленэнерго (ГК)
Россети Московский регион
Россети Северный Кавказ (ГК)
Россети Северо-Запад
Россети Сибирь (ГК)
Россети Томск
Россети Тюмень
Россети Урал (ГК)
Россети ФСК ЕЭС
Россети Центр
Россети Центр и Приволжье (ГК)
Россети Юг (ГК)
Россети Янтарь
Россети Центр и Приволжье (ГК): 13 054 893,11'

24-03-2025T11:12:37 - [MESSAGE][PASSED] - Text of object 'Object Repository/Выручка по ДЗО/График2 Выполнение плановых показателей Блок руководителя' is: '1,4%1,4%
0,17%0,17%
0,29%0,29%
6,69%6,69%
4,92%4,92%
7,12%7,12%
13,62%13,62%
2,41%2,41%
4,32%4,32%
7,16%7,16%
0,65%0,65%
5,87%5,87%
6,62%6,62%
17,95%17,95%
7,55%7,55%
8,27%8,27%
4,34%4,34%
0,66%0,66%
АО "РЭС"
АО «Тываэнерго»
АО «Чеченэнерго»
Россети Волга
Россети Кубань
Россети Ленэнерго (ГК)
Россети Московский регион
Россети Северный Кавказ (ГК)
Россети Северо-Запад
Россети Сибирь (ГК)
Россети Томск
Россети Тюмень
Россети Урал (ГК)
Россети ФСК ЕЭС
Россети Центр
Россети Центр и Приволжье (ГК)
Россети Юг (ГК)
Россети Янтарь
Россети Центр и Приволжье (ГК): 13 054 893,11'

24-03-2025T11:12:37 - [TEST_STEP][PASSED] - println("a2: " + a2): null

24-03-2025T11:12:37 - [TEST_STEP][PASSED] - i = a2.indexOf("АО «Тываэнерго»"): null

24-03-2025T11:12:37 - [TEST_STEP][PASSED] - a2 = a2.substring(0, i): null

24-03-2025T11:12:37 - [TEST_STEP][PASSED] - navigateToUrl(findTestData("PlanFact").getValue(10, 10)): Navigate to 'https://bi.rosseti.digital/viewer?dashboardGuid=a1fd28b3785d443cbc4d7690a1d78e31&sheetGuid=4a2f47326819444da0508dec5c59e502&fit=true' successfully

24-03-2025T11:12:37 - [MESSAGE][PASSED] - Navigate to 'https://bi.rosseti.digital/viewer?dashboardGuid=a1fd28b3785d443cbc4d7690a1d78e31&sheetGuid=4a2f47326819444da0508dec5c59e502&fit=true' successfully

24-03-2025T11:12:37 - [TEST_STEP][PASSED] - delay(30): Delayed 30 second(s)

24-03-2025T11:13:07 - [MESSAGE][PASSED] - Delayed 30 second(s)

24-03-2025T11:13:07 - [TEST_STEP][PASSED] - click(findTestObject("Выручка по ДЗО/Фильтр Дата Выручка")): Object: 'Object Repository/Выручка по ДЗО/Фильтр Дата Выручка' is clicked on

24-03-2025T11:13:08 - [MESSAGE][PASSED] - Object: 'Object Repository/Выручка по ДЗО/Фильтр Дата Выручка' is clicked on

24-03-2025T11:13:08 - [TEST_STEP][PASSED] - click(findTestObject("Выручка по ДЗО/Снять выделение в фильтре Дата Выручка")): Object: 'Object Repository/Выручка по ДЗО/Снять выделение в фильтре Дата Выручка' is clicked on

24-03-2025T11:13:08 - [MESSAGE][PASSED] - Object: 'Object Repository/Выручка по ДЗО/Снять выделение в фильтре Дата Выручка' is clicked on

24-03-2025T11:13:08 - [TEST_STEP][PASSED] - click(findTestObject("Выручка по ДЗО/Применить в фильтре Дата Выручка")): Object: 'Object Repository/Выручка по ДЗО/Применить в фильтре Дата Выручка' is clicked on

24-03-2025T11:13:09 - [MESSAGE][PASSED] - Object: 'Object Repository/Выручка по ДЗО/Применить в фильтре Дата Выручка' is clicked on

24-03-2025T11:13:09 - [TEST_STEP][PASSED] - click(findTestObject("Выручка по ДЗО/Фильтр Дата Выручка")): Object: 'Object Repository/Выручка по ДЗО/Фильтр Дата Выручка' is clicked on

24-03-2025T11:13:25 - [MESSAGE][PASSED] - Object: 'Object Repository/Выручка по ДЗО/Фильтр Дата Выручка' is clicked on

24-03-2025T11:13:25 - [TEST_STEP][PASSED] - click(findTestObject("Выручка по ДЗО/Снять выделение в фильтре Дата Выручка")): Object: 'Object Repository/Выручка по ДЗО/Снять выделение в фильтре Дата Выручка' is clicked on

24-03-2025T11:13:26 - [MESSAGE][PASSED] - Object: 'Object Repository/Выручка по ДЗО/Снять выделение в фильтре Дата Выручка' is clicked on

24-03-2025T11:13:26 - [TEST_STEP][PASSED] - scrollToElement(findTestObject("Выручка по ДЗО/2025 список"), 30): Scroll to object 'Object Repository/Выручка по ДЗО/2025 список' successfully

24-03-2025T11:13:26 - [MESSAGE][PASSED] - Scroll to object 'Object Repository/Выручка по ДЗО/2025 список' successfully

24-03-2025T11:13:26 - [TEST_STEP][PASSED] - click(findTestObject("Выручка по ДЗО/2025 список")): Object: 'Object Repository/Выручка по ДЗО/2025 список' is clicked on

24-03-2025T11:13:26 - [MESSAGE][PASSED] - Object: 'Object Repository/Выручка по ДЗО/2025 список' is clicked on

24-03-2025T11:13:26 - [TEST_STEP][PASSED] - scrollToElement(findTestObject("Выручка по ДЗО/1 квартал 2025 список"), 30): Scroll to object 'Object Repository/Выручка по ДЗО/1 квартал 2025 список' successfully

24-03-2025T11:13:27 - [MESSAGE][PASSED] - Scroll to object 'Object Repository/Выручка по ДЗО/1 квартал 2025 список' successfully

24-03-2025T11:13:27 - [TEST_STEP][PASSED] - click(findTestObject("Выручка по ДЗО/1 квартал 2025 список"), CONTINUE_ON_FAILURE): Object: 'Object Repository/Выручка по ДЗО/1 квартал 2025 список' is clicked on

24-03-2025T11:13:27 - [MESSAGE][PASSED] - Object: 'Object Repository/Выручка по ДЗО/1 квартал 2025 список' is clicked on

24-03-2025T11:13:27 - [TEST_STEP][PASSED] - scrollToElement(findTestObject("Выручка по ДЗО/Январь 2025"), 30): Scroll to object 'Object Repository/Выручка по ДЗО/Январь 2025' successfully

24-03-2025T11:13:28 - [MESSAGE][PASSED] - Scroll to object 'Object Repository/Выручка по ДЗО/Январь 2025' successfully

24-03-2025T11:13:28 - [TEST_STEP][PASSED] - click(findTestObject("Выручка по ДЗО/Январь 2025"), CONTINUE_ON_FAILURE): Object: 'Object Repository/Выручка по ДЗО/Январь 2025' is clicked on

24-03-2025T11:13:28 - [MESSAGE][PASSED] - Object: 'Object Repository/Выручка по ДЗО/Январь 2025' is clicked on

24-03-2025T11:13:28 - [TEST_STEP][PASSED] - scrollToElement(findTestObject("Выручка по ДЗО/Заголовок дашборда Выручка"), 30): Scroll to object 'Object Repository/Выручка по ДЗО/Заголовок дашборда Выручка' successfully

24-03-2025T11:13:28 - [MESSAGE][PASSED] - Scroll to object 'Object Repository/Выручка по ДЗО/Заголовок дашборда Выручка' successfully

24-03-2025T11:13:28 - [TEST_STEP][PASSED] - click(findTestObject("Выручка по ДЗО/Применить в фильтре Дата Выручка")): Object: 'Object Repository/Выручка по ДЗО/Применить в фильтре Дата Выручка' is clicked on

24-03-2025T11:13:29 - [MESSAGE][PASSED] - Object: 'Object Repository/Выручка по ДЗО/Применить в фильтре Дата Выручка' is clicked on

24-03-2025T11:13:29 - [TEST_STEP][PASSED] - delay(30): Delayed 30 second(s)

24-03-2025T11:13:59 - [MESSAGE][PASSED] - Delayed 30 second(s)

24-03-2025T11:13:59 - [TEST_STEP][PASSED] - b1 = getText(findTestObject("Выручка по ДЗО/График1 Выполнение плановых показателей Выручка")): Text of object 'Object Repository/Выручка по ДЗО/График1 Выполнение плановых показателей Выручка' is: '2 275 2 275
251 251
545 545
10 863 10 863
7 813 7 813
11 645 11 645
22 423 22 423
4 405 4 405
7 066 7 066
10 948 10 948
1 091 1 091
10 368 10 368
10 920 10 920
28 393 28 393
12 599 12 599
13 668 13 668
7 039 7 039
1 064 1 064
2 202 2 202
274 274
463 463
10 568 10 568
7 759 7 759
11 241 11 241
21 497 21 497
3 799 3 799
6 815 6 815
11 296 11 296
1 034 1 034
9 265 9 265
10 446 10 446
28 334 28 334
11 924 11 924
13 055 13 055
6 848 6 848
1 045 1 045
План
Факт
АО "РЭС"
АО «Тываэнерго»
АО «Чеченэнерго»
Россети Волга
Россети Кубань
Россети Ленэнерго (ГК)
Россети Московский регион
Россети Северный Кавказ (ГК)
Россети Северо-Запад
Россети Сибирь (ГК)
Россети Томск
Россети Тюмень
Россети Урал (ГК)
Россети ФСК ЕЭС
Россети Центр
Россети Центр и Приволжье (ГК)
Россети Юг (ГК)
Россети Янтарь
0 млн. руб.
5 000 млн. руб.
10 000 млн. руб.
15 000 млн. руб.
20 000 млн. руб.
25 000 млн. руб.
30 000 млн. руб.
Россети Московский регион: 22 423 389,33'

24-03-2025T11:13:59 - [MESSAGE][PASSED] - Text of object 'Object Repository/Выручка по ДЗО/График1 Выполнение плановых показателей Выручка' is: '2 275 2 275
251 251
545 545
10 863 10 863
7 813 7 813
11 645 11 645
22 423 22 423
4 405 4 405
7 066 7 066
10 948 10 948
1 091 1 091
10 368 10 368
10 920 10 920
28 393 28 393
12 599 12 599
13 668 13 668
7 039 7 039
1 064 1 064
2 202 2 202
274 274
463 463
10 568 10 568
7 759 7 759
11 241 11 241
21 497 21 497
3 799 3 799
6 815 6 815
11 296 11 296
1 034 1 034
9 265 9 265
10 446 10 446
28 334 28 334
11 924 11 924
13 055 13 055
6 848 6 848
1 045 1 045
План
Факт
АО "РЭС"
АО «Тываэнерго»
АО «Чеченэнерго»
Россети Волга
Россети Кубань
Россети Ленэнерго (ГК)
Россети Московский регион
Россети Северный Кавказ (ГК)
Россети Северо-Запад
Россети Сибирь (ГК)
Россети Томск
Россети Тюмень
Россети Урал (ГК)
Россети ФСК ЕЭС
Россети Центр
Россети Центр и Приволжье (ГК)
Россети Юг (ГК)
Россети Янтарь
0 млн. руб.
5 000 млн. руб.
10 000 млн. руб.
15 000 млн. руб.
20 000 млн. руб.
25 000 млн. руб.
30 000 млн. руб.
Россети Московский регион: 22 423 389,33'

24-03-2025T11:13:59 - [TEST_STEP][PASSED] - println("b1: " + b1): null

24-03-2025T11:13:59 - [TEST_STEP][PASSED] - i = b1.indexOf("План"): null

24-03-2025T11:13:59 - [TEST_STEP][PASSED] - b1 = b1.substring(0, i): null

24-03-2025T11:13:59 - [TEST_STEP][PASSED] - println("b1: " + b1): null

24-03-2025T11:13:59 - [TEST_STEP][PASSED] - b2 = getText(findTestObject("Выручка по ДЗО/График2 Выполнение плановых показателей Выручка")): Text of object 'Object Repository/Выручка по ДЗО/График2 Выполнение плановых показателей Выручка' is: '1,4%1,4%
0,17%0,17%
0,29%0,29%
6,69%6,69%
4,92%4,92%
7,12%7,12%
13,62%13,62%
2,41%2,41%
4,32%4,32%
7,16%7,16%
0,65%0,65%
5,87%5,87%
6,62%6,62%
17,95%17,95%
7,55%7,55%
8,27%8,27%
4,34%4,34%
0,66%0,66%
АО "РЭС"
АО «Тываэнерго»
АО «Чеченэнерго»
Россети Волга
Россети Кубань
Россети Ленэнерго (ГК)
Россети Московский регион
Россети Северный Кавказ (ГК)
Россети Северо-Запад
Россети Сибирь (ГК)
Россети Томск
Россети Тюмень
Россети Урал (ГК)
Россети ФСК ЕЭС
Россети Центр
Россети Центр и Приволжье (ГК)
Россети Юг (ГК)
Россети Янтарь'

24-03-2025T11:14:00 - [MESSAGE][PASSED] - Text of object 'Object Repository/Выручка по ДЗО/График2 Выполнение плановых показателей Выручка' is: '1,4%1,4%
0,17%0,17%
0,29%0,29%
6,69%6,69%
4,92%4,92%
7,12%7,12%
13,62%13,62%
2,41%2,41%
4,32%4,32%
7,16%7,16%
0,65%0,65%
5,87%5,87%
6,62%6,62%
17,95%17,95%
7,55%7,55%
8,27%8,27%
4,34%4,34%
0,66%0,66%
АО "РЭС"
АО «Тываэнерго»
АО «Чеченэнерго»
Россети Волга
Россети Кубань
Россети Ленэнерго (ГК)
Россети Московский регион
Россети Северный Кавказ (ГК)
Россети Северо-Запад
Россети Сибирь (ГК)
Россети Томск
Россети Тюмень
Россети Урал (ГК)
Россети ФСК ЕЭС
Россети Центр
Россети Центр и Приволжье (ГК)
Россети Юг (ГК)
Россети Янтарь'

24-03-2025T11:14:00 - [TEST_STEP][PASSED] - i = b2.indexOf("АО «Тываэнерго»"): null

24-03-2025T11:14:00 - [TEST_STEP][PASSED] - b2 = b2.substring(0, i): null

24-03-2025T11:14:00 - [TEST_STEP][PASSED] - println(b2): null

24-03-2025T11:14:00 - [TEST_STEP][PASSED] - verifyEqual(a1, b1): Actual object '2 275 2 275
251 251
545 545
10 863 10 863
7 813 7 813
11 645 11 645
22 423 22 423
4 405 4 405
7 066 7 066
10 948 10 948
1 091 1 091
10 368 10 368
10 920 10 920
28 393 28 393
12 599 12 599
13 668 13 668
7 039 7 039
1 064 1 064
2 202 2 202
274 274
463 463
10 568 10 568
7 759 7 759
11 241 11 241
21 497 21 497
3 799 3 799
6 815 6 815
11 296 11 296
1 034 1 034
9 265 9 265
10 446 10 446
28 334 28 334
11 924 11 924
13 055 13 055
6 848 6 848
1 045 1 045
' and expected object '2 275 2 275
251 251
545 545
10 863 10 863
7 813 7 813
11 645 11 645
22 423 22 423
4 405 4 405
7 066 7 066
10 948 10 948
1 091 1 091
10 368 10 368
10 920 10 920
28 393 28 393
12 599 12 599
13 668 13 668
7 039 7 039
1 064 1 064
2 202 2 202
274 274
463 463
10 568 10 568
7 759 7 759
11 241 11 241
21 497 21 497
3 799 3 799
6 815 6 815
11 296 11 296
1 034 1 034
9 265 9 265
10 446 10 446
28 334 28 334
11 924 11 924
13 055 13 055
6 848 6 848
1 045 1 045
' are equal

24-03-2025T11:14:00 - [MESSAGE][PASSED] - Actual object '2 275 2 275
251 251
545 545
10 863 10 863
7 813 7 813
11 645 11 645
22 423 22 423
4 405 4 405
7 066 7 066
10 948 10 948
1 091 1 091
10 368 10 368
10 920 10 920
28 393 28 393
12 599 12 599
13 668 13 668
7 039 7 039
1 064 1 064
2 202 2 202
274 274
463 463
10 568 10 568
7 759 7 759
11 241 11 241
21 497 21 497
3 799 3 799
6 815 6 815
11 296 11 296
1 034 1 034
9 265 9 265
10 446 10 446
28 334 28 334
11 924 11 924
13 055 13 055
6 848 6 848
1 045 1 045
' and expected object '2 275 2 275
251 251
545 545
10 863 10 863
7 813 7 813
11 645 11 645
22 423 22 423
4 405 4 405
7 066 7 066
10 948 10 948
1 091 1 091
10 368 10 368
10 920 10 920
28 393 28 393
12 599 12 599
13 668 13 668
7 039 7 039
1 064 1 064
2 202 2 202
274 274
463 463
10 568 10 568
7 759 7 759
11 241 11 241
21 497 21 497
3 799 3 799
6 815 6 815
11 296 11 296
1 034 1 034
9 265 9 265
10 446 10 446
28 334 28 334
11 924 11 924
13 055 13 055
6 848 6 848
1 045 1 045
' are equal

24-03-2025T11:14:00 - [TEST_STEP][PASSED] - if (verifyEqual(a1, b1) == true): Actual object '2 275 2 275
251 251
545 545
10 863 10 863
7 813 7 813
11 645 11 645
22 423 22 423
4 405 4 405
7 066 7 066
10 948 10 948
1 091 1 091
10 368 10 368
10 920 10 920
28 393 28 393
12 599 12 599
13 668 13 668
7 039 7 039
1 064 1 064
2 202 2 202
274 274
463 463
10 568 10 568
7 759 7 759
11 241 11 241
21 497 21 497
3 799 3 799
6 815 6 815
11 296 11 296
1 034 1 034
9 265 9 265
10 446 10 446
28 334 28 334
11 924 11 924
13 055 13 055
6 848 6 848
1 045 1 045
' and expected object '2 275 2 275
251 251
545 545
10 863 10 863
7 813 7 813
11 645 11 645
22 423 22 423
4 405 4 405
7 066 7 066
10 948 10 948
1 091 1 091
10 368 10 368
10 920 10 920
28 393 28 393
12 599 12 599
13 668 13 668
7 039 7 039
1 064 1 064
2 202 2 202
274 274
463 463
10 568 10 568
7 759 7 759
11 241 11 241
21 497 21 497
3 799 3 799
6 815 6 815
11 296 11 296
1 034 1 034
9 265 9 265
10 446 10 446
28 334 28 334
11 924 11 924
13 055 13 055
6 848 6 848
1 045 1 045
' are equal

24-03-2025T11:14:00 - [MESSAGE][PASSED] - Actual object '2 275 2 275
251 251
545 545
10 863 10 863
7 813 7 813
11 645 11 645
22 423 22 423
4 405 4 405
7 066 7 066
10 948 10 948
1 091 1 091
10 368 10 368
10 920 10 920
28 393 28 393
12 599 12 599
13 668 13 668
7 039 7 039
1 064 1 064
2 202 2 202
274 274
463 463
10 568 10 568
7 759 7 759
11 241 11 241
21 497 21 497
3 799 3 799
6 815 6 815
11 296 11 296
1 034 1 034
9 265 9 265
10 446 10 446
28 334 28 334
11 924 11 924
13 055 13 055
6 848 6 848
1 045 1 045
' and expected object '2 275 2 275
251 251
545 545
10 863 10 863
7 813 7 813
11 645 11 645
22 423 22 423
4 405 4 405
7 066 7 066
10 948 10 948
1 091 1 091
10 368 10 368
10 920 10 920
28 393 28 393
12 599 12 599
13 668 13 668
7 039 7 039
1 064 1 064
2 202 2 202
274 274
463 463
10 568 10 568
7 759 7 759
11 241 11 241
21 497 21 497
3 799 3 799
6 815 6 815
11 296 11 296
1 034 1 034
9 265 9 265
10 446 10 446
28 334 28 334
11 924 11 924
13 055 13 055
6 848 6 848
1 045 1 045
' are equal

24-03-2025T11:14:00 - [TEST_STEP][PASSED] - verifyEqual(a2, b2): Actual object '1,4%1,4%
0,17%0,17%
0,29%0,29%
6,69%6,69%
4,92%4,92%
7,12%7,12%
13,62%13,62%
2,41%2,41%
4,32%4,32%
7,16%7,16%
0,65%0,65%
5,87%5,87%
6,62%6,62%
17,95%17,95%
7,55%7,55%
8,27%8,27%
4,34%4,34%
0,66%0,66%
АО "РЭС"
' and expected object '1,4%1,4%
0,17%0,17%
0,29%0,29%
6,69%6,69%
4,92%4,92%
7,12%7,12%
13,62%13,62%
2,41%2,41%
4,32%4,32%
7,16%7,16%
0,65%0,65%
5,87%5,87%
6,62%6,62%
17,95%17,95%
7,55%7,55%
8,27%8,27%
4,34%4,34%
0,66%0,66%
АО "РЭС"
' are equal

24-03-2025T11:14:00 - [MESSAGE][PASSED] - Actual object '1,4%1,4%
0,17%0,17%
0,29%0,29%
6,69%6,69%
4,92%4,92%
7,12%7,12%
13,62%13,62%
2,41%2,41%
4,32%4,32%
7,16%7,16%
0,65%0,65%
5,87%5,87%
6,62%6,62%
17,95%17,95%
7,55%7,55%
8,27%8,27%
4,34%4,34%
0,66%0,66%
АО "РЭС"
' and expected object '1,4%1,4%
0,17%0,17%
0,29%0,29%
6,69%6,69%
4,92%4,92%
7,12%7,12%
13,62%13,62%
2,41%2,41%
4,32%4,32%
7,16%7,16%
0,65%0,65%
5,87%5,87%
6,62%6,62%
17,95%17,95%
7,55%7,55%
8,27%8,27%
4,34%4,34%
0,66%0,66%
АО "РЭС"
' are equal

24-03-2025T11:14:00 - [TEST_STEP][PASSED] - if (verifyEqual(a2, b2) == true): Actual object '1,4%1,4%
0,17%0,17%
0,29%0,29%
6,69%6,69%
4,92%4,92%
7,12%7,12%
13,62%13,62%
2,41%2,41%
4,32%4,32%
7,16%7,16%
0,65%0,65%
5,87%5,87%
6,62%6,62%
17,95%17,95%
7,55%7,55%
8,27%8,27%
4,34%4,34%
0,66%0,66%
АО "РЭС"
' and expected object '1,4%1,4%
0,17%0,17%
0,29%0,29%
6,69%6,69%
4,92%4,92%
7,12%7,12%
13,62%13,62%
2,41%2,41%
4,32%4,32%
7,16%7,16%
0,65%0,65%
5,87%5,87%
6,62%6,62%
17,95%17,95%
7,55%7,55%
8,27%8,27%
4,34%4,34%
0,66%0,66%
АО "РЭС"
' are equal

24-03-2025T11:14:00 - [MESSAGE][PASSED] - Actual object '1,4%1,4%
0,17%0,17%
0,29%0,29%
6,69%6,69%
4,92%4,92%
7,12%7,12%
13,62%13,62%
2,41%2,41%
4,32%4,32%
7,16%7,16%
0,65%0,65%
5,87%5,87%
6,62%6,62%
17,95%17,95%
7,55%7,55%
8,27%8,27%
4,34%4,34%
0,66%0,66%
АО "РЭС"
' and expected object '1,4%1,4%
0,17%0,17%
0,29%0,29%
6,69%6,69%
4,92%4,92%
7,12%7,12%
13,62%13,62%
2,41%2,41%
4,32%4,32%
7,16%7,16%
0,65%0,65%
5,87%5,87%
6,62%6,62%
17,95%17,95%
7,55%7,55%
8,27%8,27%
4,34%4,34%
0,66%0,66%
АО "РЭС"
' are equal

24-03-2025T11:14:00 - [TEST_STEP][PASSED] - closeBrowser(): Browser is closed

24-03-2025T11:14:00 - [MESSAGE][PASSED] - Browser is closed]]></system-out>
         <system-err><![CDATA[]]></system-err>
      </testcase>
      <testcase name="Test Cases/Сверки дашбордов/Прогноз по отраслям сверка дашбордов" time="1141.281" classname="Test Cases/Сверки дашбордов/Прогноз по отраслям сверка дашбордов" status="PASSED">
         <system-out><![CDATA[24-03-2025T11:14:00 - [TEST_CASE][PASSED] - Test Cases/Сверки дашбордов/Прогноз по отраслям сверка дашбордов: Test Cases/Сверки дашбордов/Прогноз по отраслям сверка дашбордов

24-03-2025T11:14:00 - [TEST_STEP][PASSED] - date = new java.util.Date(): null

24-03-2025T11:14:00 - [TEST_STEP][PASSED] - todaysDate = date.format("dd.MM.yyyy"): null

24-03-2025T11:14:00 - [TEST_STEP][PASSED] - println(todaysDate): null

24-03-2025T11:14:00 - [TEST_STEP][PASSED] - typeOfData = <not implemented yet for class: org.codehaus.groovy.ast.expr.EmptyExpression>: null

24-03-2025T11:14:00 - [TEST_STEP][PASSED] - filterSravnenie = <not implemented yet for class: org.codehaus.groovy.ast.expr.EmptyExpression>: null

24-03-2025T11:14:00 - [TEST_STEP][PASSED] - kpoOtpusk = <not implemented yet for class: org.codehaus.groovy.ast.expr.EmptyExpression>: null

24-03-2025T11:14:00 - [TEST_STEP][PASSED] - openBrowser(""): Browser is opened with url: ''

24-03-2025T11:14:00 - [MESSAGE][INFO] - Starting 'Chrome' driver

24-03-2025T11:14:00 - [MESSAGE][INFO] - Action delay is set to 0 milliseconds

24-03-2025T11:14:01 - [MESSAGE][PASSED] - Browser is opened with url: ''

24-03-2025T11:14:01 - [TEST_STEP][PASSED] - navigateToUrl(findTestData("PlanFact").getValue(10, 6)): Navigate to 'https://bi.rosseti.digital/viewer?dashboardGuid=d6acb5b1a7114a9791b34de39263106e&sheetGuid=0b6d261d7f7b4424a967aa8f3a724189&fit=true' successfully

24-03-2025T11:14:05 - [MESSAGE][PASSED] - Navigate to 'https://bi.rosseti.digital/viewer?dashboardGuid=d6acb5b1a7114a9791b34de39263106e&sheetGuid=0b6d261d7f7b4424a967aa8f3a724189&fit=true' successfully

24-03-2025T11:14:05 - [TEST_STEP][PASSED] - setText(findTestObject("Страница авторизации/input__username"), findTestData("PlanFact").getValue(8, 1)): Text 'liazgina-di' is set on object 'Object Repository/Страница авторизации/input__username'

24-03-2025T11:14:07 - [MESSAGE][PASSED] - Text 'liazgina-di' is set on object 'Object Repository/Страница авторизации/input__username'

24-03-2025T11:14:07 - [TEST_STEP][PASSED] - setText(findTestObject("Страница авторизации/input__password"), findTestData("PlanFact").getValue(9, 1)): Text ')$%5srZ8o688Dm#q' is set on object 'Object Repository/Страница авторизации/input__password'

24-03-2025T11:14:07 - [MESSAGE][PASSED] - Text ')$%5srZ8o688Dm#q' is set on object 'Object Repository/Страница авторизации/input__password'

24-03-2025T11:14:07 - [TEST_STEP][PASSED] - click(findTestObject("Страница авторизации/button_")): Object: 'Object Repository/Страница авторизации/button_' is clicked on

24-03-2025T11:14:09 - [MESSAGE][PASSED] - Object: 'Object Repository/Страница авторизации/button_' is clicked on

24-03-2025T11:14:09 - [TEST_STEP][PASSED] - delay(50): Delayed 50 second(s)

24-03-2025T11:14:59 - [MESSAGE][PASSED] - Delayed 50 second(s)

24-03-2025T11:14:59 - [TEST_STEP][PASSED] - click(findTestObject("Прогноз по отраслям/Фильтр Месяц")): Object: 'Object Repository/Прогноз по отраслям/Фильтр Месяц' is clicked on

24-03-2025T11:14:59 - [MESSAGE][PASSED] - Object: 'Object Repository/Прогноз по отраслям/Фильтр Месяц' is clicked on

24-03-2025T11:14:59 - [TEST_STEP][PASSED] - scrollToElement(findTestObject("Прогноз по отраслям/Ноябрь"), 30): Scroll to object 'Object Repository/Прогноз по отраслям/Ноябрь' successfully

24-03-2025T11:15:00 - [MESSAGE][PASSED] - Scroll to object 'Object Repository/Прогноз по отраслям/Ноябрь' successfully

24-03-2025T11:15:00 - [TEST_STEP][PASSED] - click(findTestObject("Прогноз по отраслям/Ноябрь"), CONTINUE_ON_FAILURE): Object: 'Object Repository/Прогноз по отраслям/Ноябрь' is clicked on

24-03-2025T11:15:00 - [MESSAGE][PASSED] - Object: 'Object Repository/Прогноз по отраслям/Ноябрь' is clicked on

24-03-2025T11:15:00 - [TEST_STEP][PASSED] - scrollToElement(findTestObject("Прогноз по отраслям/Заголовок дашборда"), 30): Scroll to object 'Object Repository/Прогноз по отраслям/Заголовок дашборда' successfully

24-03-2025T11:15:02 - [MESSAGE][PASSED] - Scroll to object 'Object Repository/Прогноз по отраслям/Заголовок дашборда' successfully

24-03-2025T11:15:02 - [TEST_STEP][PASSED] - click(findTestObject("Прогноз по отраслям/Фильтр Сравнение с")): Object: 'Object Repository/Прогноз по отраслям/Фильтр Сравнение с' is clicked on

24-03-2025T11:15:02 - [MESSAGE][PASSED] - Object: 'Object Repository/Прогноз по отраслям/Фильтр Сравнение с' is clicked on

24-03-2025T11:15:02 - [TEST_STEP][PASSED] - click(findTestObject("Прогноз по отраслям/Факт прошлого года")): Object: 'Object Repository/Прогноз по отраслям/Факт прошлого года' is clicked on

24-03-2025T11:15:03 - [MESSAGE][PASSED] - Object: 'Object Repository/Прогноз по отраслям/Факт прошлого года' is clicked on

24-03-2025T11:15:03 - [TEST_STEP][PASSED] - click(findTestObject("Прогноз по отраслям/Фильтр КПО-Отпуск")): Object: 'Object Repository/Прогноз по отраслям/Фильтр КПО-Отпуск' is clicked on

24-03-2025T11:15:04 - [MESSAGE][PASSED] - Object: 'Object Repository/Прогноз по отраслям/Фильтр КПО-Отпуск' is clicked on

24-03-2025T11:15:04 - [TEST_STEP][PASSED] - click(findTestObject("Прогноз по отраслям/Отпуск")): Object: 'Object Repository/Прогноз по отраслям/Отпуск' is clicked on

24-03-2025T11:15:05 - [MESSAGE][PASSED] - Object: 'Object Repository/Прогноз по отраслям/Отпуск' is clicked on

24-03-2025T11:15:05 - [TEST_STEP][PASSED] - delay(40): Delayed 40 second(s)

24-03-2025T11:15:45 - [MESSAGE][PASSED] - Delayed 40 second(s)

24-03-2025T11:15:45 - [TEST_STEP][PASSED] - a1 = getText(findTestObject("Прогноз по отраслям/Виджеты дашборда")): Text of object 'Object Repository/Прогноз по отраслям/Виджеты дашборда' is: 'Год 
2023 год
Сравнение с 
Факт прошлого года
Динамика электропотребления, млрд. кВт.ч. по ПАО Россети на 2023 год
12 12
186 186
36 36
50 50
10 10
19 19
0 0
17 17
85 85
19 19
82 82
604 604
10 10
197 197
37 37
48 48
10 10
15 15
4 4
18 18
80 80
19 19
82 82
608 608
Факт прошлого года
Ожидаемое (прогноз по конца года)
Интер РАО (дляФСК)
Промышленныепотребители
Транспорт
Нефтедобыча
Нефтепереработка
Нефтепроводы
Газопроводы
Сельскоехозяйство ипищеваяпромышленность
Непромышленныепотребители
Государственные(муниципальные)организации ипрочиебюджетныепотребители
Население иприравненныегруппыпотребителей
Территориальныесетевыеорганизации
Выручка по ПАО Россети на 2023 год
5 5
285 285
72 72
72 72
18 18
22 22
0 0
50 50
201 201
61 61
190 190
227 227
6 6
331 331
82 82
77 77
20 20
20 20
3 3
57 57
220 220
68 68
214 214
258 258
Факт прошлого года
Ожидаемое (прогноз по конца года)
Интер РАО (дляФСК)
Промышленныепотребители
Транспорт
Нефтедобыча
Нефтепереработка
Нефтепроводы
Газопроводы
Сельскоехозяйство ипищеваяпромышленность
Непромышленныепотребители
Государственные(муниципальные)организации ипрочиебюджетныепотребители
Население иприравненныегруппыпотребителей
Территориальныесетевыеорганизации
Отклонения по ПАО Россети на 2023 год
-18.5% -18.5%
5.9% 5.9%
3.6% 3.6%
-3.9% -3.9%
0.9% 0.9%
-20.7% -20.7%
3 313.2% 3 313.2%
3.8% 3.8%
-5.6% -5.6%
1.3% 1.3%
-0.9% -0.9%
0.7% 0.7%
⬤ Отклонение, %
Интер РАО (для ФСК)
Промышленные потребители
Транспорт
Нефтедобыча
Нефтепереработка
Нефтепроводы
Газопроводы
Сельское хозяйство и пищевая пр…
Непромышленные потребители
Государственные (муниципальные…
Население и приравненные групп…
Территориальные сетевые органи…
Выручка отклонения по ПАО Россети на 2023 год
7.7% 7.7%
16.0% 16.0%
13.2% 13.2%
6.7% 6.7%
13.3% 13.3%
-7.7% -7.7%
1 331.5% 1 331.5%
14.2% 14.2%
9.9% 9.9%
12.0% 12.0%
12.4% 12.4%
13.7% 13.7%
⬤ Отклонение, %
Интер РАО (для ФСК)
Промышленные потребители
Транспорт
Нефтедобыча
Нефтепереработка
Нефтепроводы
Газопроводы
Сельское хозяйство и пищевая пр…
Непромышленные потребители
Государственные (муниципальные…
Население и приравненные групп…
Территориальные сетевые органи…
абс.
%
Прогноз на месяц 
Ноябрь
КПО/Отпуск из сети 
Отпуск из сети, млн. кВт.ч
Организация 
Все
Прогноз электропотребления и выручки за услуги по передаче в разрезе отраслей'

24-03-2025T11:15:45 - [MESSAGE][PASSED] - Text of object 'Object Repository/Прогноз по отраслям/Виджеты дашборда' is: 'Год 
2023 год
Сравнение с 
Факт прошлого года
Динамика электропотребления, млрд. кВт.ч. по ПАО Россети на 2023 год
12 12
186 186
36 36
50 50
10 10
19 19
0 0
17 17
85 85
19 19
82 82
604 604
10 10
197 197
37 37
48 48
10 10
15 15
4 4
18 18
80 80
19 19
82 82
608 608
Факт прошлого года
Ожидаемое (прогноз по конца года)
Интер РАО (дляФСК)
Промышленныепотребители
Транспорт
Нефтедобыча
Нефтепереработка
Нефтепроводы
Газопроводы
Сельскоехозяйство ипищеваяпромышленность
Непромышленныепотребители
Государственные(муниципальные)организации ипрочиебюджетныепотребители
Население иприравненныегруппыпотребителей
Территориальныесетевыеорганизации
Выручка по ПАО Россети на 2023 год
5 5
285 285
72 72
72 72
18 18
22 22
0 0
50 50
201 201
61 61
190 190
227 227
6 6
331 331
82 82
77 77
20 20
20 20
3 3
57 57
220 220
68 68
214 214
258 258
Факт прошлого года
Ожидаемое (прогноз по конца года)
Интер РАО (дляФСК)
Промышленныепотребители
Транспорт
Нефтедобыча
Нефтепереработка
Нефтепроводы
Газопроводы
Сельскоехозяйство ипищеваяпромышленность
Непромышленныепотребители
Государственные(муниципальные)организации ипрочиебюджетныепотребители
Население иприравненныегруппыпотребителей
Территориальныесетевыеорганизации
Отклонения по ПАО Россети на 2023 год
-18.5% -18.5%
5.9% 5.9%
3.6% 3.6%
-3.9% -3.9%
0.9% 0.9%
-20.7% -20.7%
3 313.2% 3 313.2%
3.8% 3.8%
-5.6% -5.6%
1.3% 1.3%
-0.9% -0.9%
0.7% 0.7%
⬤ Отклонение, %
Интер РАО (для ФСК)
Промышленные потребители
Транспорт
Нефтедобыча
Нефтепереработка
Нефтепроводы
Газопроводы
Сельское хозяйство и пищевая пр…
Непромышленные потребители
Государственные (муниципальные…
Население и приравненные групп…
Территориальные сетевые органи…
Выручка отклонения по ПАО Россети на 2023 год
7.7% 7.7%
16.0% 16.0%
13.2% 13.2%
6.7% 6.7%
13.3% 13.3%
-7.7% -7.7%
1 331.5% 1 331.5%
14.2% 14.2%
9.9% 9.9%
12.0% 12.0%
12.4% 12.4%
13.7% 13.7%
⬤ Отклонение, %
Интер РАО (для ФСК)
Промышленные потребители
Транспорт
Нефтедобыча
Нефтепереработка
Нефтепроводы
Газопроводы
Сельское хозяйство и пищевая пр…
Непромышленные потребители
Государственные (муниципальные…
Население и приравненные групп…
Территориальные сетевые органи…
абс.
%
Прогноз на месяц 
Ноябрь
КПО/Отпуск из сети 
Отпуск из сети, млн. кВт.ч
Организация 
Все
Прогноз электропотребления и выручки за услуги по передаче в разрезе отраслей'

24-03-2025T11:15:45 - [TEST_STEP][PASSED] - a1 = a1.replaceAll("[^0-9]", ""): null

24-03-2025T11:15:45 - [TEST_STEP][PASSED] - println("a1:" + a1): null

24-03-2025T11:15:45 - [TEST_STEP][PASSED] - click(findTestObject("Прогноз по отраслям/Фильтр Сравнение с")): Object: 'Object Repository/Прогноз по отраслям/Фильтр Сравнение с' is clicked on

24-03-2025T11:15:46 - [MESSAGE][PASSED] - Object: 'Object Repository/Прогноз по отраслям/Фильтр Сравнение с' is clicked on

24-03-2025T11:15:46 - [TEST_STEP][PASSED] - click(findTestObject("Прогноз по отраслям/План")): Object: 'Object Repository/Прогноз по отраслям/План' is clicked on

24-03-2025T11:15:47 - [MESSAGE][PASSED] - Object: 'Object Repository/Прогноз по отраслям/План' is clicked on

24-03-2025T11:15:47 - [TEST_STEP][PASSED] - delay(40): Delayed 40 second(s)

24-03-2025T11:16:27 - [MESSAGE][PASSED] - Delayed 40 second(s)

24-03-2025T11:16:27 - [TEST_STEP][PASSED] - a2 = getText(findTestObject("Прогноз по отраслям/Виджеты дашборда")): Text of object 'Object Repository/Прогноз по отраслям/Виджеты дашборда' is: 'Год 
2023 год
Сравнение с 
План
Динамика электропотребления, млрд. кВт.ч. по ПАО Россети на 2023 год
10 10
190 190
36 36
14 14
9 9
14 14
4 4
17 17
80 80
19 19
82 82
588 588
10 10
197 197
37 37
48 48
10 10
15 15
4 4
18 18
80 80
19 19
82 82
608 608
План
Ожидаемое (прогноз по конца года)
Интер РАО (дляФСК)
Промышленныепотребители
Транспорт
Нефтедобыча
Нефтепереработка
Нефтепроводы
Газопроводы
Сельскоехозяйство ипищеваяпромышленность
Непромышленныепотребители
Государственные(муниципальные)организации ипрочиебюджетныепотребители
Население иприравненныегруппыпотребителей
Территориальныесетевыеорганизации
Выручка по ПАО Россети на 2023 год
5 5
319 319
81 81
16 16
16 16
20 20
2 2
56 56
215 215
67 67
218 218
239 239
6 6
331 331
82 82
77 77
20 20
20 20
3 3
57 57
220 220
68 68
214 214
258 258
План
Ожидаемое (прогноз по конца года)
Интер РАО (дляФСК)
Промышленныепотребители
Транспорт
Нефтедобыча
Нефтепереработка
Нефтепроводы
Газопроводы
Сельскоехозяйство ипищеваяпромышленность
Непромышленныепотребители
Государственные(муниципальные)организации ипрочиебюджетныепотребители
Население иприравненныегруппыпотребителей
Территориальныесетевыеорганизации
Отклонения по ПАО Россети на 2023 год
-4.7% -4.7%
3.8% 3.8%
1.9% 1.9%
230.3% 230.3%
10.9% 10.9%
4.2% 4.2%
21.7% 21.7%
3.9% 3.9%
-0.6% -0.6%
1.6% 1.6%
-1.0% -1.0%
3.3% 3.3%
⬤ Отклонение, %
Интер РАО (для ФСК)
Промышленные потребители
Транспорт
Нефтедобыча
Нефтепереработка
Нефтепроводы
Газопроводы
Сельское хозяйство и пищевая пр…
Непромышленные потребители
Государственные (муниципальные…
Население и приравненные групп…
Территориальные сетевые органи…
Выручка отклонения по ПАО Россети на 2023 год
15.6% 15.6%
3.8% 3.8%
1.2% 1.2%
398.2% 398.2%
26.9% 26.9%
-0.6% -0.6%
26.9% 26.9%
1.5% 1.5%
2.7% 2.7%
2.0% 2.0%
-2.0% -2.0%
7.9% 7.9%
⬤ Отклонение, %
Интер РАО (для ФСК)
Промышленные потребители
Транспорт
Нефтедобыча
Нефтепереработка
Нефтепроводы
Газопроводы
Сельское хозяйство и пищевая пр…
Непромышленные потребители
Государственные (муниципальные…
Население и приравненные групп…
Территориальные сетевые органи…
абс.
%
Прогноз на месяц 
Ноябрь
КПО/Отпуск из сети 
Отпуск из сети, млн. кВт.ч
Организация 
Все
Прогноз электропотребления и выручки за услуги по передаче в разрезе отраслей'

24-03-2025T11:16:27 - [MESSAGE][PASSED] - Text of object 'Object Repository/Прогноз по отраслям/Виджеты дашборда' is: 'Год 
2023 год
Сравнение с 
План
Динамика электропотребления, млрд. кВт.ч. по ПАО Россети на 2023 год
10 10
190 190
36 36
14 14
9 9
14 14
4 4
17 17
80 80
19 19
82 82
588 588
10 10
197 197
37 37
48 48
10 10
15 15
4 4
18 18
80 80
19 19
82 82
608 608
План
Ожидаемое (прогноз по конца года)
Интер РАО (дляФСК)
Промышленныепотребители
Транспорт
Нефтедобыча
Нефтепереработка
Нефтепроводы
Газопроводы
Сельскоехозяйство ипищеваяпромышленность
Непромышленныепотребители
Государственные(муниципальные)организации ипрочиебюджетныепотребители
Население иприравненныегруппыпотребителей
Территориальныесетевыеорганизации
Выручка по ПАО Россети на 2023 год
5 5
319 319
81 81
16 16
16 16
20 20
2 2
56 56
215 215
67 67
218 218
239 239
6 6
331 331
82 82
77 77
20 20
20 20
3 3
57 57
220 220
68 68
214 214
258 258
План
Ожидаемое (прогноз по конца года)
Интер РАО (дляФСК)
Промышленныепотребители
Транспорт
Нефтедобыча
Нефтепереработка
Нефтепроводы
Газопроводы
Сельскоехозяйство ипищеваяпромышленность
Непромышленныепотребители
Государственные(муниципальные)организации ипрочиебюджетныепотребители
Население иприравненныегруппыпотребителей
Территориальныесетевыеорганизации
Отклонения по ПАО Россети на 2023 год
-4.7% -4.7%
3.8% 3.8%
1.9% 1.9%
230.3% 230.3%
10.9% 10.9%
4.2% 4.2%
21.7% 21.7%
3.9% 3.9%
-0.6% -0.6%
1.6% 1.6%
-1.0% -1.0%
3.3% 3.3%
⬤ Отклонение, %
Интер РАО (для ФСК)
Промышленные потребители
Транспорт
Нефтедобыча
Нефтепереработка
Нефтепроводы
Газопроводы
Сельское хозяйство и пищевая пр…
Непромышленные потребители
Государственные (муниципальные…
Население и приравненные групп…
Территориальные сетевые органи…
Выручка отклонения по ПАО Россети на 2023 год
15.6% 15.6%
3.8% 3.8%
1.2% 1.2%
398.2% 398.2%
26.9% 26.9%
-0.6% -0.6%
26.9% 26.9%
1.5% 1.5%
2.7% 2.7%
2.0% 2.0%
-2.0% -2.0%
7.9% 7.9%
⬤ Отклонение, %
Интер РАО (для ФСК)
Промышленные потребители
Транспорт
Нефтедобыча
Нефтепереработка
Нефтепроводы
Газопроводы
Сельское хозяйство и пищевая пр…
Непромышленные потребители
Государственные (муниципальные…
Население и приравненные групп…
Территориальные сетевые органи…
абс.
%
Прогноз на месяц 
Ноябрь
КПО/Отпуск из сети 
Отпуск из сети, млн. кВт.ч
Организация 
Все
Прогноз электропотребления и выручки за услуги по передаче в разрезе отраслей'

24-03-2025T11:16:27 - [TEST_STEP][PASSED] - a2 = a2.replaceAll("[^0-9]", ""): null

24-03-2025T11:16:27 - [TEST_STEP][PASSED] - println("a2:" + a2): null

24-03-2025T11:16:27 - [TEST_STEP][PASSED] - click(findTestObject("Прогноз по отраслям/Фильтр Сравнение с")): Object: 'Object Repository/Прогноз по отраслям/Фильтр Сравнение с' is clicked on

24-03-2025T11:16:27 - [MESSAGE][PASSED] - Object: 'Object Repository/Прогноз по отраслям/Фильтр Сравнение с' is clicked on

24-03-2025T11:16:27 - [TEST_STEP][PASSED] - click(findTestObject("Прогноз по отраслям/План СУ")): Object: 'Object Repository/Прогноз по отраслям/План СУ' is clicked on

24-03-2025T11:16:28 - [MESSAGE][PASSED] - Object: 'Object Repository/Прогноз по отраслям/План СУ' is clicked on

24-03-2025T11:16:28 - [TEST_STEP][PASSED] - delay(40): Delayed 40 second(s)

24-03-2025T11:17:08 - [MESSAGE][PASSED] - Delayed 40 second(s)

24-03-2025T11:17:08 - [TEST_STEP][PASSED] - a3 = getText(findTestObject("Прогноз по отраслям/Виджеты дашборда")): Text of object 'Object Repository/Прогноз по отраслям/Виджеты дашборда' is: 'Год 
2023 год
Сравнение с 
План/СУ
Динамика электропотребления, млрд. кВт.ч. по ПАО Россети на 2023 год
10 10
181 181
36 36
15 15
9 9
14 14
4 4
16 16
86 86
19 19
79 79
586 586
10 10
197 197
37 37
48 48
10 10
15 15
4 4
18 18
80 80
19 19
82 82
608 608
СУ
Ожидаемое (прогноз по конца года)
Интер РАО (дляФСК)
Промышленныепотребители
Транспорт
Нефтедобыча
Нефтепереработка
Нефтепроводы
Газопроводы
Сельскоехозяйство ипищеваяпромышленность
Непромышленныепотребители
Государственные(муниципальные)организации ипрочиебюджетныепотребители
Население иприравненныегруппыпотребителей
Территориальныесетевыеорганизации
Выручка по ПАО Россети на 2023 год
6 6
331 331
82 82
77 77
20 20
20 20
3 3
57 57
220 220
68 68
214 214
258 258
Ожидаемое (прогноз по конца года)
Интер РАО (дляФСК)
Промышленныепотребители
Транспорт
Нефтедобыча
Нефтепереработка
Нефтепроводы
Газопроводы
Сельскоехозяйство ипищеваяпромышленность
Непромышленныепотребители
Государственные(муниципальные)организации ипрочиебюджетныепотребители
Население иприравненныегруппыпотребителей
Территориальныесетевыеорганизации
Отклонения по ПАО Россети на 2023 год
2.5% 2.5%
8.9% 8.9%
3.5% 3.5%
221.4% 221.4%
12.8% 12.8%
6.9% 6.9%
13.5% 13.5%
8.1% 8.1%
-6.9% -6.9%
2.3% 2.3%
3.1% 3.1%
3.8% 3.8%
⬤ Отклонение, %
Интер РАО (для ФСК)
Промышленные потребители
Транспорт
Нефтедобыча
Нефтепереработка
Нефтепроводы
Газопроводы
Сельское хозяйство и пищевая пр…
Непромышленные потребители
Государственные (муниципальные…
Население и приравненные групп…
Территориальные сетевые органи…
Выручка отклонения по ПАО Россети на 2023 год
⬤ Отклонение, %
Интер РАО (для ФСК)
Промышленные потребители
Транспорт
Нефтедобыча
Нефтепереработка
Нефтепроводы
Газопроводы
Сельское хозяйство и пищевая пр…
Непромышленные потребители
Государственные (муниципальные…
Население и приравненные групп…
Территориальные сетевые органи…
абс.
%
Прогноз на месяц 
Ноябрь
КПО/Отпуск из сети 
Отпуск из сети, млн. кВт.ч
Организация 
Все
Прогноз электропотребления и выручки за услуги по передаче в разрезе отраслей'

24-03-2025T11:17:09 - [MESSAGE][PASSED] - Text of object 'Object Repository/Прогноз по отраслям/Виджеты дашборда' is: 'Год 
2023 год
Сравнение с 
План/СУ
Динамика электропотребления, млрд. кВт.ч. по ПАО Россети на 2023 год
10 10
181 181
36 36
15 15
9 9
14 14
4 4
16 16
86 86
19 19
79 79
586 586
10 10
197 197
37 37
48 48
10 10
15 15
4 4
18 18
80 80
19 19
82 82
608 608
СУ
Ожидаемое (прогноз по конца года)
Интер РАО (дляФСК)
Промышленныепотребители
Транспорт
Нефтедобыча
Нефтепереработка
Нефтепроводы
Газопроводы
Сельскоехозяйство ипищеваяпромышленность
Непромышленныепотребители
Государственные(муниципальные)организации ипрочиебюджетныепотребители
Население иприравненныегруппыпотребителей
Территориальныесетевыеорганизации
Выручка по ПАО Россети на 2023 год
6 6
331 331
82 82
77 77
20 20
20 20
3 3
57 57
220 220
68 68
214 214
258 258
Ожидаемое (прогноз по конца года)
Интер РАО (дляФСК)
Промышленныепотребители
Транспорт
Нефтедобыча
Нефтепереработка
Нефтепроводы
Газопроводы
Сельскоехозяйство ипищеваяпромышленность
Непромышленныепотребители
Государственные(муниципальные)организации ипрочиебюджетныепотребители
Население иприравненныегруппыпотребителей
Территориальныесетевыеорганизации
Отклонения по ПАО Россети на 2023 год
2.5% 2.5%
8.9% 8.9%
3.5% 3.5%
221.4% 221.4%
12.8% 12.8%
6.9% 6.9%
13.5% 13.5%
8.1% 8.1%
-6.9% -6.9%
2.3% 2.3%
3.1% 3.1%
3.8% 3.8%
⬤ Отклонение, %
Интер РАО (для ФСК)
Промышленные потребители
Транспорт
Нефтедобыча
Нефтепереработка
Нефтепроводы
Газопроводы
Сельское хозяйство и пищевая пр…
Непромышленные потребители
Государственные (муниципальные…
Население и приравненные групп…
Территориальные сетевые органи…
Выручка отклонения по ПАО Россети на 2023 год
⬤ Отклонение, %
Интер РАО (для ФСК)
Промышленные потребители
Транспорт
Нефтедобыча
Нефтепереработка
Нефтепроводы
Газопроводы
Сельское хозяйство и пищевая пр…
Непромышленные потребители
Государственные (муниципальные…
Население и приравненные групп…
Территориальные сетевые органи…
абс.
%
Прогноз на месяц 
Ноябрь
КПО/Отпуск из сети 
Отпуск из сети, млн. кВт.ч
Организация 
Все
Прогноз электропотребления и выручки за услуги по передаче в разрезе отраслей'

24-03-2025T11:17:09 - [TEST_STEP][PASSED] - a3 = a3.replaceAll("[^0-9]", ""): null

24-03-2025T11:17:09 - [TEST_STEP][PASSED] - println("a3:" + a3): null

24-03-2025T11:17:09 - [TEST_STEP][PASSED] - click(findTestObject("Прогноз по отраслям/Фильтр Сравнение с")): Object: 'Object Repository/Прогноз по отраслям/Фильтр Сравнение с' is clicked on

24-03-2025T11:17:09 - [MESSAGE][PASSED] - Object: 'Object Repository/Прогноз по отраслям/Фильтр Сравнение с' is clicked on

24-03-2025T11:17:09 - [TEST_STEP][PASSED] - click(findTestObject("Прогноз по отраслям/Факт прошлого года")): Object: 'Object Repository/Прогноз по отраслям/Факт прошлого года' is clicked on

24-03-2025T11:17:10 - [MESSAGE][PASSED] - Object: 'Object Repository/Прогноз по отраслям/Факт прошлого года' is clicked on

24-03-2025T11:17:10 - [TEST_STEP][PASSED] - click(findTestObject("Прогноз по отраслям/Фильтр КПО-Отпуск")): Object: 'Object Repository/Прогноз по отраслям/Фильтр КПО-Отпуск' is clicked on

24-03-2025T11:17:11 - [MESSAGE][PASSED] - Object: 'Object Repository/Прогноз по отраслям/Фильтр КПО-Отпуск' is clicked on

24-03-2025T11:17:11 - [TEST_STEP][PASSED] - click(findTestObject("Прогноз по отраслям/КПО")): Object: 'Object Repository/Прогноз по отраслям/КПО' is clicked on

24-03-2025T11:17:12 - [MESSAGE][PASSED] - Object: 'Object Repository/Прогноз по отраслям/КПО' is clicked on

24-03-2025T11:17:12 - [TEST_STEP][PASSED] - delay(40): Delayed 40 second(s)

24-03-2025T11:17:52 - [MESSAGE][PASSED] - Delayed 40 second(s)

24-03-2025T11:17:52 - [TEST_STEP][PASSED] - a4 = getText(findTestObject("Прогноз по отраслям/Виджеты дашборда")): Text of object 'Object Repository/Прогноз по отраслям/Виджеты дашборда' is: 'Год 
2023 год
Сравнение с 
Факт прошлого года
Динамика электропотребления, млрд. кВт.ч. по ПАО Россети на 2023 год
0 0
120 120
38 38
41 41
8 8
10 10
0 0
19 19
77 77
25 25
122 122
61 61
0 0
120 120
39 39
39 39
8 8
8 8
1 1
20 20
78 78
26 26
121 121
60 60
Факт прошлого года
Ожидаемое (прогноз по конца года)
Интер РАО (дляФСК)
Промышленныепотребители
Транспорт
Нефтедобыча
Нефтепереработка
Нефтепроводы
Газопроводы
Сельскоехозяйство ипищеваяпромышленность
Непромышленныепотребители
Государственные(муниципальные)организации ипрочиебюджетныепотребители
Население иприравненныегруппыпотребителей
Территориальныесетевыеорганизации
Выручка по ПАО Россети на 2023 год
5 5
285 285
72 72
72 72
18 18
22 22
0 0
50 50
201 201
61 61
190 190
227 227
6 6
331 331
82 82
77 77
20 20
20 20
3 3
57 57
220 220
68 68
214 214
258 258
Факт прошлого года
Ожидаемое (прогноз по конца года)
Интер РАО (дляФСК)
Промышленныепотребители
Транспорт
Нефтедобыча
Нефтепереработка
Нефтепроводы
Газопроводы
Сельскоехозяйство ипищеваяпромышленность
Непромышленныепотребители
Государственные(муниципальные)организации ипрочиебюджетныепотребители
Население иприравненныегруппыпотребителей
Территориальныесетевыеорганизации
Отклонения по ПАО Россети на 2023 год
0.5% 0.5%
0.9% 0.9%
-5.9% -5.9%
3.1% 3.1%
-17.9% -17.9%
578.4% 578.4%
2.3% 2.3%
1.8% 1.8%
2.1% 2.1%
-0.9% -0.9%
-0.2% -0.2%
⬤ Отклонение, %
Интер РАО (для ФСК)
Промышленные потребители
Транспорт
Нефтедобыча
Нефтепереработка
Нефтепроводы
Газопроводы
Сельское хозяйство и пищевая пр…
Непромышленные потребители
Государственные (муниципальные…
Население и приравненные групп…
Территориальные сетевые органи…
Выручка отклонения по ПАО Россети на 2023 год
7.7% 7.7%
16.0% 16.0%
13.2% 13.2%
6.7% 6.7%
13.3% 13.3%
-7.7% -7.7%
1 331.5% 1 331.5%
14.2% 14.2%
9.9% 9.9%
12.0% 12.0%
12.4% 12.4%
13.7% 13.7%
⬤ Отклонение, %
Интер РАО (для ФСК)
Промышленные потребители
Транспорт
Нефтедобыча
Нефтепереработка
Нефтепроводы
Газопроводы
Сельское хозяйство и пищевая пр…
Непромышленные потребители
Государственные (муниципальные…
Население и приравненные групп…
Территориальные сетевые органи…
абс.
%
Прогноз на месяц 
Ноябрь
КПО/Отпуск из сети 
Котловой полезный отпуск, млн. кВт.ч
Организация 
Все
Прогноз электропотребления и выручки за услуги по передаче в разрезе отраслей'

24-03-2025T11:17:52 - [MESSAGE][PASSED] - Text of object 'Object Repository/Прогноз по отраслям/Виджеты дашборда' is: 'Год 
2023 год
Сравнение с 
Факт прошлого года
Динамика электропотребления, млрд. кВт.ч. по ПАО Россети на 2023 год
0 0
120 120
38 38
41 41
8 8
10 10
0 0
19 19
77 77
25 25
122 122
61 61
0 0
120 120
39 39
39 39
8 8
8 8
1 1
20 20
78 78
26 26
121 121
60 60
Факт прошлого года
Ожидаемое (прогноз по конца года)
Интер РАО (дляФСК)
Промышленныепотребители
Транспорт
Нефтедобыча
Нефтепереработка
Нефтепроводы
Газопроводы
Сельскоехозяйство ипищеваяпромышленность
Непромышленныепотребители
Государственные(муниципальные)организации ипрочиебюджетныепотребители
Население иприравненныегруппыпотребителей
Территориальныесетевыеорганизации
Выручка по ПАО Россети на 2023 год
5 5
285 285
72 72
72 72
18 18
22 22
0 0
50 50
201 201
61 61
190 190
227 227
6 6
331 331
82 82
77 77
20 20
20 20
3 3
57 57
220 220
68 68
214 214
258 258
Факт прошлого года
Ожидаемое (прогноз по конца года)
Интер РАО (дляФСК)
Промышленныепотребители
Транспорт
Нефтедобыча
Нефтепереработка
Нефтепроводы
Газопроводы
Сельскоехозяйство ипищеваяпромышленность
Непромышленныепотребители
Государственные(муниципальные)организации ипрочиебюджетныепотребители
Население иприравненныегруппыпотребителей
Территориальныесетевыеорганизации
Отклонения по ПАО Россети на 2023 год
0.5% 0.5%
0.9% 0.9%
-5.9% -5.9%
3.1% 3.1%
-17.9% -17.9%
578.4% 578.4%
2.3% 2.3%
1.8% 1.8%
2.1% 2.1%
-0.9% -0.9%
-0.2% -0.2%
⬤ Отклонение, %
Интер РАО (для ФСК)
Промышленные потребители
Транспорт
Нефтедобыча
Нефтепереработка
Нефтепроводы
Газопроводы
Сельское хозяйство и пищевая пр…
Непромышленные потребители
Государственные (муниципальные…
Население и приравненные групп…
Территориальные сетевые органи…
Выручка отклонения по ПАО Россети на 2023 год
7.7% 7.7%
16.0% 16.0%
13.2% 13.2%
6.7% 6.7%
13.3% 13.3%
-7.7% -7.7%
1 331.5% 1 331.5%
14.2% 14.2%
9.9% 9.9%
12.0% 12.0%
12.4% 12.4%
13.7% 13.7%
⬤ Отклонение, %
Интер РАО (для ФСК)
Промышленные потребители
Транспорт
Нефтедобыча
Нефтепереработка
Нефтепроводы
Газопроводы
Сельское хозяйство и пищевая пр…
Непромышленные потребители
Государственные (муниципальные…
Население и приравненные групп…
Территориальные сетевые органи…
абс.
%
Прогноз на месяц 
Ноябрь
КПО/Отпуск из сети 
Котловой полезный отпуск, млн. кВт.ч
Организация 
Все
Прогноз электропотребления и выручки за услуги по передаче в разрезе отраслей'

24-03-2025T11:17:52 - [TEST_STEP][PASSED] - a4 = a4.replaceAll("[^0-9]", ""): null

24-03-2025T11:17:52 - [TEST_STEP][PASSED] - println("a4:" + a4): null

24-03-2025T11:17:52 - [TEST_STEP][PASSED] - click(findTestObject("Прогноз по отраслям/Фильтр Сравнение с")): Object: 'Object Repository/Прогноз по отраслям/Фильтр Сравнение с' is clicked on

24-03-2025T11:17:53 - [MESSAGE][PASSED] - Object: 'Object Repository/Прогноз по отраслям/Фильтр Сравнение с' is clicked on

24-03-2025T11:17:53 - [TEST_STEP][PASSED] - click(findTestObject("Прогноз по отраслям/План")): Object: 'Object Repository/Прогноз по отраслям/План' is clicked on

24-03-2025T11:17:54 - [MESSAGE][PASSED] - Object: 'Object Repository/Прогноз по отраслям/План' is clicked on

24-03-2025T11:17:54 - [TEST_STEP][PASSED] - delay(40): Delayed 40 second(s)

24-03-2025T11:18:34 - [MESSAGE][PASSED] - Delayed 40 second(s)

24-03-2025T11:18:34 - [TEST_STEP][PASSED] - a5 = getText(findTestObject("Прогноз по отраслям/Виджеты дашборда")): Text of object 'Object Repository/Прогноз по отраслям/Виджеты дашборда' is: 'Год 
2023 год
Сравнение с 
План
Динамика электропотребления, млрд. кВт.ч. по ПАО Россети на 2023 год
0 0
119 119
37 37
7 7
7 7
8 8
1 1
19 19
75 75
25 25
123 123
55 55
0 0
120 120
39 39
39 39
8 8
8 8
1 1
20 20
78 78
26 26
121 121
60 60
План
Ожидаемое (прогноз по конца года)
Интер РАО (дляФСК)
Промышленныепотребители
Транспорт
Нефтедобыча
Нефтепереработка
Нефтепроводы
Газопроводы
Сельскоехозяйство ипищеваяпромышленность
Непромышленныепотребители
Государственные(муниципальные)организации ипрочиебюджетныепотребители
Население иприравненныегруппыпотребителей
Территориальныесетевыеорганизации
Выручка по ПАО Россети на 2023 год
5 5
319 319
81 81
16 16
16 16
20 20
2 2
56 56
215 215
67 67
218 218
239 239
6 6
331 331
82 82
77 77
20 20
20 20
3 3
57 57
220 220
68 68
214 214
258 258
План
Ожидаемое (прогноз по конца года)
Интер РАО (дляФСК)
Промышленныепотребители
Транспорт
Нефтедобыча
Нефтепереработка
Нефтепроводы
Газопроводы
Сельскоехозяйство ипищеваяпромышленность
Непромышленныепотребители
Государственные(муниципальные)организации ипрочиебюджетныепотребители
Население иприравненныегруппыпотребителей
Территориальныесетевыеорганизации
Отклонения по ПАО Россети на 2023 год
1.2% 1.2%
3.2% 3.2%
492.1% 492.1%
18.1% 18.1%
4.4% 4.4%
11.9% 11.9%
1.2% 1.2%
4.1% 4.1%
2.4% 2.4%
-1.4% -1.4%
9.7% 9.7%
⬤ Отклонение, %
Интер РАО (для ФСК)
Промышленные потребители
Транспорт
Нефтедобыча
Нефтепереработка
Нефтепроводы
Газопроводы
Сельское хозяйство и пищевая пр…
Непромышленные потребители
Государственные (муниципальные…
Население и приравненные групп…
Территориальные сетевые органи…
Выручка отклонения по ПАО Россети на 2023 год
15.6% 15.6%
3.8% 3.8%
1.2% 1.2%
398.2% 398.2%
26.9% 26.9%
-0.6% -0.6%
26.9% 26.9%
1.5% 1.5%
2.7% 2.7%
2.0% 2.0%
-2.0% -2.0%
7.9% 7.9%
⬤ Отклонение, %
Интер РАО (для ФСК)
Промышленные потребители
Транспорт
Нефтедобыча
Нефтепереработка
Нефтепроводы
Газопроводы
Сельское хозяйство и пищевая пр…
Непромышленные потребители
Государственные (муниципальные…
Население и приравненные групп…
Территориальные сетевые органи…
абс.
%
Прогноз на месяц 
Ноябрь
КПО/Отпуск из сети 
Котловой полезный отпуск, млн. кВт.ч
Организация 
Все
Прогноз электропотребления и выручки за услуги по передаче в разрезе отраслей'

24-03-2025T11:18:34 - [MESSAGE][PASSED] - Text of object 'Object Repository/Прогноз по отраслям/Виджеты дашборда' is: 'Год 
2023 год
Сравнение с 
План
Динамика электропотребления, млрд. кВт.ч. по ПАО Россети на 2023 год
0 0
119 119
37 37
7 7
7 7
8 8
1 1
19 19
75 75
25 25
123 123
55 55
0 0
120 120
39 39
39 39
8 8
8 8
1 1
20 20
78 78
26 26
121 121
60 60
План
Ожидаемое (прогноз по конца года)
Интер РАО (дляФСК)
Промышленныепотребители
Транспорт
Нефтедобыча
Нефтепереработка
Нефтепроводы
Газопроводы
Сельскоехозяйство ипищеваяпромышленность
Непромышленныепотребители
Государственные(муниципальные)организации ипрочиебюджетныепотребители
Население иприравненныегруппыпотребителей
Территориальныесетевыеорганизации
Выручка по ПАО Россети на 2023 год
5 5
319 319
81 81
16 16
16 16
20 20
2 2
56 56
215 215
67 67
218 218
239 239
6 6
331 331
82 82
77 77
20 20
20 20
3 3
57 57
220 220
68 68
214 214
258 258
План
Ожидаемое (прогноз по конца года)
Интер РАО (дляФСК)
Промышленныепотребители
Транспорт
Нефтедобыча
Нефтепереработка
Нефтепроводы
Газопроводы
Сельскоехозяйство ипищеваяпромышленность
Непромышленныепотребители
Государственные(муниципальные)организации ипрочиебюджетныепотребители
Население иприравненныегруппыпотребителей
Территориальныесетевыеорганизации
Отклонения по ПАО Россети на 2023 год
1.2% 1.2%
3.2% 3.2%
492.1% 492.1%
18.1% 18.1%
4.4% 4.4%
11.9% 11.9%
1.2% 1.2%
4.1% 4.1%
2.4% 2.4%
-1.4% -1.4%
9.7% 9.7%
⬤ Отклонение, %
Интер РАО (для ФСК)
Промышленные потребители
Транспорт
Нефтедобыча
Нефтепереработка
Нефтепроводы
Газопроводы
Сельское хозяйство и пищевая пр…
Непромышленные потребители
Государственные (муниципальные…
Население и приравненные групп…
Территориальные сетевые органи…
Выручка отклонения по ПАО Россети на 2023 год
15.6% 15.6%
3.8% 3.8%
1.2% 1.2%
398.2% 398.2%
26.9% 26.9%
-0.6% -0.6%
26.9% 26.9%
1.5% 1.5%
2.7% 2.7%
2.0% 2.0%
-2.0% -2.0%
7.9% 7.9%
⬤ Отклонение, %
Интер РАО (для ФСК)
Промышленные потребители
Транспорт
Нефтедобыча
Нефтепереработка
Нефтепроводы
Газопроводы
Сельское хозяйство и пищевая пр…
Непромышленные потребители
Государственные (муниципальные…
Население и приравненные групп…
Территориальные сетевые органи…
абс.
%
Прогноз на месяц 
Ноябрь
КПО/Отпуск из сети 
Котловой полезный отпуск, млн. кВт.ч
Организация 
Все
Прогноз электропотребления и выручки за услуги по передаче в разрезе отраслей'

24-03-2025T11:18:34 - [TEST_STEP][PASSED] - println("a5:" + a5): null

24-03-2025T11:18:34 - [TEST_STEP][PASSED] - a5 = a5.replaceAll("[^0-9]", ""): null

24-03-2025T11:18:34 - [TEST_STEP][PASSED] - println("a5:" + a5): null

24-03-2025T11:18:34 - [TEST_STEP][PASSED] - click(findTestObject("Прогноз по отраслям/Фильтр Сравнение с")): Object: 'Object Repository/Прогноз по отраслям/Фильтр Сравнение с' is clicked on

24-03-2025T11:18:35 - [MESSAGE][PASSED] - Object: 'Object Repository/Прогноз по отраслям/Фильтр Сравнение с' is clicked on

24-03-2025T11:18:35 - [TEST_STEP][PASSED] - click(findTestObject("Прогноз по отраслям/План СУ")): Object: 'Object Repository/Прогноз по отраслям/План СУ' is clicked on

24-03-2025T11:18:35 - [MESSAGE][PASSED] - Object: 'Object Repository/Прогноз по отраслям/План СУ' is clicked on

24-03-2025T11:18:35 - [TEST_STEP][PASSED] - delay(40): Delayed 40 second(s)

24-03-2025T11:19:15 - [MESSAGE][PASSED] - Delayed 40 second(s)

24-03-2025T11:19:16 - [TEST_STEP][PASSED] - a6 = getText(findTestObject("Прогноз по отраслям/Виджеты дашборда")): Text of object 'Object Repository/Прогноз по отраслям/Виджеты дашборда' is: 'Год 
2023 год
Сравнение с 
План/СУ
Динамика электропотребления, млрд. кВт.ч. по ПАО Россети на 2023 год
0 0
0 0
0 0
0 0
0 0
0 0
0 0
0 0
0 0
0 0
0 0
0 0
0 0
120 120
39 39
39 39
8 8
8 8
1 1
20 20
78 78
26 26
121 121
60 60
СУ
Ожидаемое (прогноз по конца года)
Интер РАО (дляФСК)
Промышленныепотребители
Транспорт
Нефтедобыча
Нефтепереработка
Нефтепроводы
Газопроводы
Сельскоехозяйство ипищеваяпромышленность
Непромышленныепотребители
Государственные(муниципальные)организации ипрочиебюджетныепотребители
Население иприравненныегруппыпотребителей
Территориальныесетевыеорганизации
Выручка по ПАО Россети на 2023 год
6 6
331 331
82 82
77 77
20 20
20 20
3 3
57 57
220 220
68 68
214 214
258 258
Ожидаемое (прогноз по конца года)
Интер РАО (дляФСК)
Промышленныепотребители
Транспорт
Нефтедобыча
Нефтепереработка
Нефтепроводы
Газопроводы
Сельскоехозяйство ипищеваяпромышленность
Непромышленныепотребители
Государственные(муниципальные)организации ипрочиебюджетныепотребители
Население иприравненныегруппыпотребителей
Территориальныесетевыеорганизации
Отклонения по ПАО Россети на 2023 год
⬤ Отклонение, %
Интер РАО (для ФСК)
Промышленные потребители
Транспорт
Нефтедобыча
Нефтепереработка
Нефтепроводы
Газопроводы
Сельское хозяйство и пищевая пр…
Непромышленные потребители
Государственные (муниципальные…
Население и приравненные групп…
Территориальные сетевые органи…
Выручка отклонения по ПАО Россети на 2023 год
⬤ Отклонение, %
Интер РАО (для ФСК)
Промышленные потребители
Транспорт
Нефтедобыча
Нефтепереработка
Нефтепроводы
Газопроводы
Сельское хозяйство и пищевая пр…
Непромышленные потребители
Государственные (муниципальные…
Население и приравненные групп…
Территориальные сетевые органи…
абс.
%
Прогноз на месяц 
Ноябрь
КПО/Отпуск из сети 
Котловой полезный отпуск, млн. кВт.ч
Организация 
Все
Прогноз электропотребления и выручки за услуги по передаче в разрезе отраслей'

24-03-2025T11:19:16 - [MESSAGE][PASSED] - Text of object 'Object Repository/Прогноз по отраслям/Виджеты дашборда' is: 'Год 
2023 год
Сравнение с 
План/СУ
Динамика электропотребления, млрд. кВт.ч. по ПАО Россети на 2023 год
0 0
0 0
0 0
0 0
0 0
0 0
0 0
0 0
0 0
0 0
0 0
0 0
0 0
120 120
39 39
39 39
8 8
8 8
1 1
20 20
78 78
26 26
121 121
60 60
СУ
Ожидаемое (прогноз по конца года)
Интер РАО (дляФСК)
Промышленныепотребители
Транспорт
Нефтедобыча
Нефтепереработка
Нефтепроводы
Газопроводы
Сельскоехозяйство ипищеваяпромышленность
Непромышленныепотребители
Государственные(муниципальные)организации ипрочиебюджетныепотребители
Население иприравненныегруппыпотребителей
Территориальныесетевыеорганизации
Выручка по ПАО Россети на 2023 год
6 6
331 331
82 82
77 77
20 20
20 20
3 3
57 57
220 220
68 68
214 214
258 258
Ожидаемое (прогноз по конца года)
Интер РАО (дляФСК)
Промышленныепотребители
Транспорт
Нефтедобыча
Нефтепереработка
Нефтепроводы
Газопроводы
Сельскоехозяйство ипищеваяпромышленность
Непромышленныепотребители
Государственные(муниципальные)организации ипрочиебюджетныепотребители
Население иприравненныегруппыпотребителей
Территориальныесетевыеорганизации
Отклонения по ПАО Россети на 2023 год
⬤ Отклонение, %
Интер РАО (для ФСК)
Промышленные потребители
Транспорт
Нефтедобыча
Нефтепереработка
Нефтепроводы
Газопроводы
Сельское хозяйство и пищевая пр…
Непромышленные потребители
Государственные (муниципальные…
Население и приравненные групп…
Территориальные сетевые органи…
Выручка отклонения по ПАО Россети на 2023 год
⬤ Отклонение, %
Интер РАО (для ФСК)
Промышленные потребители
Транспорт
Нефтедобыча
Нефтепереработка
Нефтепроводы
Газопроводы
Сельское хозяйство и пищевая пр…
Непромышленные потребители
Государственные (муниципальные…
Население и приравненные групп…
Территориальные сетевые органи…
абс.
%
Прогноз на месяц 
Ноябрь
КПО/Отпуск из сети 
Котловой полезный отпуск, млн. кВт.ч
Организация 
Все
Прогноз электропотребления и выручки за услуги по передаче в разрезе отраслей'

24-03-2025T11:19:16 - [TEST_STEP][PASSED] - a6 = a6.replaceAll("[^0-9]", ""): null

24-03-2025T11:19:16 - [TEST_STEP][PASSED] - println("a6:" + a6): null

24-03-2025T11:19:16 - [TEST_STEP][PASSED] - click(findTestObject("Прогноз по отраслям/Переключить отображение с процентов на абс Блок руководителя")): Object: 'Object Repository/Прогноз по отраслям/Переключить отображение с процентов на абс Блок руководителя' is clicked on

24-03-2025T11:19:16 - [MESSAGE][PASSED] - Object: 'Object Repository/Прогноз по отраслям/Переключить отображение с процентов на абс Блок руководителя' is clicked on

24-03-2025T11:19:16 - [TEST_STEP][PASSED] - click(findTestObject("Прогноз по отраслям/Фильтр Сравнение с")): Object: 'Object Repository/Прогноз по отраслям/Фильтр Сравнение с' is clicked on

24-03-2025T11:19:17 - [MESSAGE][PASSED] - Object: 'Object Repository/Прогноз по отраслям/Фильтр Сравнение с' is clicked on

24-03-2025T11:19:17 - [TEST_STEP][PASSED] - click(findTestObject("Прогноз по отраслям/Факт прошлого года")): Object: 'Object Repository/Прогноз по отраслям/Факт прошлого года' is clicked on

24-03-2025T11:19:17 - [MESSAGE][PASSED] - Object: 'Object Repository/Прогноз по отраслям/Факт прошлого года' is clicked on

24-03-2025T11:19:17 - [TEST_STEP][PASSED] - click(findTestObject("Прогноз по отраслям/Фильтр КПО-Отпуск")): Object: 'Object Repository/Прогноз по отраслям/Фильтр КПО-Отпуск' is clicked on

24-03-2025T11:19:19 - [MESSAGE][PASSED] - Object: 'Object Repository/Прогноз по отраслям/Фильтр КПО-Отпуск' is clicked on

24-03-2025T11:19:19 - [TEST_STEP][PASSED] - click(findTestObject("Прогноз по отраслям/Отпуск")): Object: 'Object Repository/Прогноз по отраслям/Отпуск' is clicked on

24-03-2025T11:19:19 - [MESSAGE][PASSED] - Object: 'Object Repository/Прогноз по отраслям/Отпуск' is clicked on

24-03-2025T11:19:19 - [TEST_STEP][PASSED] - delay(40): Delayed 40 second(s)

24-03-2025T11:19:59 - [MESSAGE][PASSED] - Delayed 40 second(s)

24-03-2025T11:19:59 - [TEST_STEP][PASSED] - a7 = getText(findTestObject("Прогноз по отраслям/Виджеты дашборда")): Text of object 'Object Repository/Прогноз по отраслям/Виджеты дашборда' is: 'Год 
2023 год
Сравнение с 
Факт прошлого года
Отклонения по ПАО Россети на 2023 год
-2 263.5 -2 263.5
11 054.6 11 054.6
1 280.2 1 280.2
-1 947.5 -1 947.5
90.9 90.9
-3 845.0 -3 845.0
4 162.1 4 162.1
651.7 651.7
-4 727.7 -4 727.7
256.5 256.5
-723.9 -723.9
4 292.3 4 292.3
⬤ Отклонение, млн. кВт.ч
Интер РАО (для ФСК)
Промышленные потребители
Транспорт
Нефтедобыча
Нефтепереработка
Нефтепроводы
Газопроводы
Сельское хозяйство и пищевая пр…
Непромышленные потребители
Государственные (муниципальные…
Население и приравненные групп…
Территориальные сетевые органи…
Выручка отклонения по ПАО Россети на 2023 год
421.3 421.3
45 574.9 45 574.9
9 547.5 9 547.5
4 889.3 4 889.3
2 337.4 2 337.4
-1 682.6 -1 682.6
2 919.4 2 919.4
7 110.2 7 110.2
19 840.8 19 840.8
7 289.5 7 289.5
23 664.8 23 664.8
31 028.3 31 028.3
⬤ Отклонение, млн. руб.
Интер РАО (для ФСК)
Промышленные потребители
Транспорт
Нефтедобыча
Нефтепереработка
Нефтепроводы
Газопроводы
Сельское хозяйство и пищевая пр…
Непромышленные потребители
Государственные (муниципальные…
Население и приравненные групп…
Территориальные сетевые органи…
Динамика электропотребления, млрд. кВт.ч. по ПАО Россети на 2023 год
12 12
186 186
36 36
50 50
10 10
19 19
0 0
17 17
85 85
19 19
82 82
604 604
10 10
197 197
37 37
48 48
10 10
15 15
4 4
18 18
80 80
19 19
82 82
608 608
Факт прошлого года
Ожидаемое (прогноз по конца года)
Интер РАО (дляФСК)
Промышленныепотребители
Транспорт
Нефтедобыча
Нефтепереработка
Нефтепроводы
Газопроводы
Сельскоехозяйство ипищеваяпромышленность
Непромышленныепотребители
Государственные(муниципальные)организации ипрочиебюджетныепотребители
Население иприравненныегруппыпотребителей
Территориальныесетевыеорганизации
Выручка по ПАО Россети на 2023 год
5 5
285 285
72 72
72 72
18 18
22 22
0 0
50 50
201 201
61 61
190 190
227 227
6 6
331 331
82 82
77 77
20 20
20 20
3 3
57 57
220 220
68 68
214 214
258 258
Факт прошлого года
Ожидаемое (прогноз по конца года)
Интер РАО (дляФСК)
Промышленныепотребители
Транспорт
Нефтедобыча
Нефтепереработка
Нефтепроводы
Газопроводы
Сельскоехозяйство ипищеваяпромышленность
Непромышленныепотребители
Государственные(муниципальные)организации ипрочиебюджетныепотребители
Население иприравненныегруппыпотребителей
Территориальныесетевыеорганизации
абс.
%
Прогноз на месяц 
Ноябрь
КПО/Отпуск из сети 
Отпуск из сети, млн. кВт.ч
Организация 
Все
Прогноз электропотребления и выручки за услуги по передаче в разрезе отраслей'

24-03-2025T11:20:00 - [MESSAGE][PASSED] - Text of object 'Object Repository/Прогноз по отраслям/Виджеты дашборда' is: 'Год 
2023 год
Сравнение с 
Факт прошлого года
Отклонения по ПАО Россети на 2023 год
-2 263.5 -2 263.5
11 054.6 11 054.6
1 280.2 1 280.2
-1 947.5 -1 947.5
90.9 90.9
-3 845.0 -3 845.0
4 162.1 4 162.1
651.7 651.7
-4 727.7 -4 727.7
256.5 256.5
-723.9 -723.9
4 292.3 4 292.3
⬤ Отклонение, млн. кВт.ч
Интер РАО (для ФСК)
Промышленные потребители
Транспорт
Нефтедобыча
Нефтепереработка
Нефтепроводы
Газопроводы
Сельское хозяйство и пищевая пр…
Непромышленные потребители
Государственные (муниципальные…
Население и приравненные групп…
Территориальные сетевые органи…
Выручка отклонения по ПАО Россети на 2023 год
421.3 421.3
45 574.9 45 574.9
9 547.5 9 547.5
4 889.3 4 889.3
2 337.4 2 337.4
-1 682.6 -1 682.6
2 919.4 2 919.4
7 110.2 7 110.2
19 840.8 19 840.8
7 289.5 7 289.5
23 664.8 23 664.8
31 028.3 31 028.3
⬤ Отклонение, млн. руб.
Интер РАО (для ФСК)
Промышленные потребители
Транспорт
Нефтедобыча
Нефтепереработка
Нефтепроводы
Газопроводы
Сельское хозяйство и пищевая пр…
Непромышленные потребители
Государственные (муниципальные…
Население и приравненные групп…
Территориальные сетевые органи…
Динамика электропотребления, млрд. кВт.ч. по ПАО Россети на 2023 год
12 12
186 186
36 36
50 50
10 10
19 19
0 0
17 17
85 85
19 19
82 82
604 604
10 10
197 197
37 37
48 48
10 10
15 15
4 4
18 18
80 80
19 19
82 82
608 608
Факт прошлого года
Ожидаемое (прогноз по конца года)
Интер РАО (дляФСК)
Промышленныепотребители
Транспорт
Нефтедобыча
Нефтепереработка
Нефтепроводы
Газопроводы
Сельскоехозяйство ипищеваяпромышленность
Непромышленныепотребители
Государственные(муниципальные)организации ипрочиебюджетныепотребители
Население иприравненныегруппыпотребителей
Территориальныесетевыеорганизации
Выручка по ПАО Россети на 2023 год
5 5
285 285
72 72
72 72
18 18
22 22
0 0
50 50
201 201
61 61
190 190
227 227
6 6
331 331
82 82
77 77
20 20
20 20
3 3
57 57
220 220
68 68
214 214
258 258
Факт прошлого года
Ожидаемое (прогноз по конца года)
Интер РАО (дляФСК)
Промышленныепотребители
Транспорт
Нефтедобыча
Нефтепереработка
Нефтепроводы
Газопроводы
Сельскоехозяйство ипищеваяпромышленность
Непромышленныепотребители
Государственные(муниципальные)организации ипрочиебюджетныепотребители
Население иприравненныегруппыпотребителей
Территориальныесетевыеорганизации
абс.
%
Прогноз на месяц 
Ноябрь
КПО/Отпуск из сети 
Отпуск из сети, млн. кВт.ч
Организация 
Все
Прогноз электропотребления и выручки за услуги по передаче в разрезе отраслей'

24-03-2025T11:20:00 - [TEST_STEP][PASSED] - a7 = a7.replaceAll("[^0-9]", ""): null

24-03-2025T11:20:00 - [TEST_STEP][PASSED] - println("a7:" + a7): null

24-03-2025T11:20:00 - [TEST_STEP][PASSED] - click(findTestObject("Прогноз по отраслям/Фильтр Сравнение с")): Object: 'Object Repository/Прогноз по отраслям/Фильтр Сравнение с' is clicked on

24-03-2025T11:20:00 - [MESSAGE][PASSED] - Object: 'Object Repository/Прогноз по отраслям/Фильтр Сравнение с' is clicked on

24-03-2025T11:20:00 - [TEST_STEP][PASSED] - click(findTestObject("Прогноз по отраслям/План")): Object: 'Object Repository/Прогноз по отраслям/План' is clicked on

24-03-2025T11:20:01 - [MESSAGE][PASSED] - Object: 'Object Repository/Прогноз по отраслям/План' is clicked on

24-03-2025T11:20:01 - [TEST_STEP][PASSED] - delay(40): Delayed 40 second(s)

24-03-2025T11:20:41 - [MESSAGE][PASSED] - Delayed 40 second(s)

24-03-2025T11:20:41 - [TEST_STEP][PASSED] - a8 = getText(findTestObject("Прогноз по отраслям/Виджеты дашборда")): Text of object 'Object Repository/Прогноз по отраслям/Виджеты дашборда' is: 'Год 
2023 год
Сравнение с 
План
Отклонения по ПАО Россети на 2023 год
-492.2 -492.2
7 165.1 7 165.1
689.3 689.3
33 271.7 33 271.7
986.4 986.4
593.8 593.8
764.0 764.0
670.4 670.4
-592.4 -592.4
308.8 308.8
-940.9 -940.9
19 604.1 19 604.1
⬤ Отклонение, млн. кВт.ч
Интер РАО (для ФСК)
Промышленные потребители
Транспорт
Нефтедобыча
Нефтепереработка
Нефтепроводы
Газопроводы
Сельское хозяйство и пищевая пр…
Непромышленные потребители
Государственные (муниципальные…
Население и приравненные групп…
Территориальные сетевые органи…
Выручка отклонения по ПАО Россети на 2023 год
794.9 794.9
12 195.0 12 195.0
972.7 972.7
61 803.9 61 803.9
4 222.3 4 222.3
-121.8 -121.8
666.2 666.2
873.2 873.2
5 809.6 5 809.6
1 342.6 1 342.6
-4 463.2 -4 463.2
18 375.5 18 375.5
⬤ Отклонение, млн. руб.
Интер РАО (для ФСК)
Промышленные потребители
Транспорт
Нефтедобыча
Нефтепереработка
Нефтепроводы
Газопроводы
Сельское хозяйство и пищевая пр…
Непромышленные потребители
Государственные (муниципальные…
Население и приравненные групп…
Территориальные сетевые органи…
Динамика электропотребления, млрд. кВт.ч. по ПАО Россети на 2023 год
10 10
190 190
36 36
14 14
9 9
14 14
4 4
17 17
80 80
19 19
82 82
588 588
10 10
197 197
37 37
48 48
10 10
15 15
4 4
18 18
80 80
19 19
82 82
608 608
План
Ожидаемое (прогноз по конца года)
Интер РАО (дляФСК)
Промышленныепотребители
Транспорт
Нефтедобыча
Нефтепереработка
Нефтепроводы
Газопроводы
Сельскоехозяйство ипищеваяпромышленность
Непромышленныепотребители
Государственные(муниципальные)организации ипрочиебюджетныепотребители
Население иприравненныегруппыпотребителей
Территориальныесетевыеорганизации
Выручка по ПАО Россети на 2023 год
5 5
319 319
81 81
16 16
16 16
20 20
2 2
56 56
215 215
67 67
218 218
239 239
6 6
331 331
82 82
77 77
20 20
20 20
3 3
57 57
220 220
68 68
214 214
258 258
План
Ожидаемое (прогноз по конца года)
Интер РАО (дляФСК)
Промышленныепотребители
Транспорт
Нефтедобыча
Нефтепереработка
Нефтепроводы
Газопроводы
Сельскоехозяйство ипищеваяпромышленность
Непромышленныепотребители
Государственные(муниципальные)организации ипрочиебюджетныепотребители
Население иприравненныегруппыпотребителей
Территориальныесетевыеорганизации
абс.
%
Прогноз на месяц 
Ноябрь
КПО/Отпуск из сети 
Отпуск из сети, млн. кВт.ч
Организация 
Все
Прогноз электропотребления и выручки за услуги по передаче в разрезе отраслей'

24-03-2025T11:20:42 - [MESSAGE][PASSED] - Text of object 'Object Repository/Прогноз по отраслям/Виджеты дашборда' is: 'Год 
2023 год
Сравнение с 
План
Отклонения по ПАО Россети на 2023 год
-492.2 -492.2
7 165.1 7 165.1
689.3 689.3
33 271.7 33 271.7
986.4 986.4
593.8 593.8
764.0 764.0
670.4 670.4
-592.4 -592.4
308.8 308.8
-940.9 -940.9
19 604.1 19 604.1
⬤ Отклонение, млн. кВт.ч
Интер РАО (для ФСК)
Промышленные потребители
Транспорт
Нефтедобыча
Нефтепереработка
Нефтепроводы
Газопроводы
Сельское хозяйство и пищевая пр…
Непромышленные потребители
Государственные (муниципальные…
Население и приравненные групп…
Территориальные сетевые органи…
Выручка отклонения по ПАО Россети на 2023 год
794.9 794.9
12 195.0 12 195.0
972.7 972.7
61 803.9 61 803.9
4 222.3 4 222.3
-121.8 -121.8
666.2 666.2
873.2 873.2
5 809.6 5 809.6
1 342.6 1 342.6
-4 463.2 -4 463.2
18 375.5 18 375.5
⬤ Отклонение, млн. руб.
Интер РАО (для ФСК)
Промышленные потребители
Транспорт
Нефтедобыча
Нефтепереработка
Нефтепроводы
Газопроводы
Сельское хозяйство и пищевая пр…
Непромышленные потребители
Государственные (муниципальные…
Население и приравненные групп…
Территориальные сетевые органи…
Динамика электропотребления, млрд. кВт.ч. по ПАО Россети на 2023 год
10 10
190 190
36 36
14 14
9 9
14 14
4 4
17 17
80 80
19 19
82 82
588 588
10 10
197 197
37 37
48 48
10 10
15 15
4 4
18 18
80 80
19 19
82 82
608 608
План
Ожидаемое (прогноз по конца года)
Интер РАО (дляФСК)
Промышленныепотребители
Транспорт
Нефтедобыча
Нефтепереработка
Нефтепроводы
Газопроводы
Сельскоехозяйство ипищеваяпромышленность
Непромышленныепотребители
Государственные(муниципальные)организации ипрочиебюджетныепотребители
Население иприравненныегруппыпотребителей
Территориальныесетевыеорганизации
Выручка по ПАО Россети на 2023 год
5 5
319 319
81 81
16 16
16 16
20 20
2 2
56 56
215 215
67 67
218 218
239 239
6 6
331 331
82 82
77 77
20 20
20 20
3 3
57 57
220 220
68 68
214 214
258 258
План
Ожидаемое (прогноз по конца года)
Интер РАО (дляФСК)
Промышленныепотребители
Транспорт
Нефтедобыча
Нефтепереработка
Нефтепроводы
Газопроводы
Сельскоехозяйство ипищеваяпромышленность
Непромышленныепотребители
Государственные(муниципальные)организации ипрочиебюджетныепотребители
Население иприравненныегруппыпотребителей
Территориальныесетевыеорганизации
абс.
%
Прогноз на месяц 
Ноябрь
КПО/Отпуск из сети 
Отпуск из сети, млн. кВт.ч
Организация 
Все
Прогноз электропотребления и выручки за услуги по передаче в разрезе отраслей'

24-03-2025T11:20:42 - [TEST_STEP][PASSED] - a8 = a8.replaceAll("[^0-9]", ""): null

24-03-2025T11:20:42 - [TEST_STEP][PASSED] - println("a8:" + a8): null

24-03-2025T11:20:42 - [TEST_STEP][PASSED] - click(findTestObject("Прогноз по отраслям/Фильтр Сравнение с")): Object: 'Object Repository/Прогноз по отраслям/Фильтр Сравнение с' is clicked on

24-03-2025T11:20:42 - [MESSAGE][PASSED] - Object: 'Object Repository/Прогноз по отраслям/Фильтр Сравнение с' is clicked on

24-03-2025T11:20:42 - [TEST_STEP][PASSED] - click(findTestObject("Прогноз по отраслям/План СУ")): Object: 'Object Repository/Прогноз по отраслям/План СУ' is clicked on

24-03-2025T11:20:43 - [MESSAGE][PASSED] - Object: 'Object Repository/Прогноз по отраслям/План СУ' is clicked on

24-03-2025T11:20:43 - [TEST_STEP][PASSED] - delay(40): Delayed 40 second(s)

24-03-2025T11:21:23 - [MESSAGE][PASSED] - Delayed 40 second(s)

24-03-2025T11:21:23 - [TEST_STEP][PASSED] - a9 = getText(findTestObject("Прогноз по отраслям/Виджеты дашборда")): Text of object 'Object Repository/Прогноз по отраслям/Виджеты дашборда' is: 'Год 
2023 год
Сравнение с 
План/СУ
Отклонения по ПАО Россети на 2023 год
243.5 243.5
16 024.4 16 024.4
1 255.1 1 255.1
32 869.9 32 869.9
1 135.7 1 135.7
950.0 950.0
511.1 511.1
1 324.2 1 324.2
-5 962.8 -5 962.8
433.5 433.5
2 431.5 2 431.5
22 321.4 22 321.4
⬤ Отклонение, млн. кВт.ч
Интер РАО (для ФСК)
Промышленные потребители
Транспорт
Нефтедобыча
Нефтепереработка
Нефтепроводы
Газопроводы
Сельское хозяйство и пищевая пр…
Непромышленные потребители
Государственные (муниципальные…
Население и приравненные групп…
Территориальные сетевые органи…
Выручка отклонения по ПАО Россети на 2023 год
⬤ Отклонение, млн. руб.
Интер РАО (для ФСК)
Промышленные потребители
Транспорт
Нефтедобыча
Нефтепереработка
Нефтепроводы
Газопроводы
Сельское хозяйство и пищевая пр…
Непромышленные потребители
Государственные (муниципальные…
Население и приравненные групп…
Территориальные сетевые органи…
Динамика электропотребления, млрд. кВт.ч. по ПАО Россети на 2023 год
10 10
181 181
36 36
15 15
9 9
14 14
4 4
16 16
86 86
19 19
79 79
586 586
10 10
197 197
37 37
48 48
10 10
15 15
4 4
18 18
80 80
19 19
82 82
608 608
СУ
Ожидаемое (прогноз по конца года)
Интер РАО (дляФСК)
Промышленныепотребители
Транспорт
Нефтедобыча
Нефтепереработка
Нефтепроводы
Газопроводы
Сельскоехозяйство ипищеваяпромышленность
Непромышленныепотребители
Государственные(муниципальные)организации ипрочиебюджетныепотребители
Население иприравненныегруппыпотребителей
Территориальныесетевыеорганизации
Выручка по ПАО Россети на 2023 год
6 6
331 331
82 82
77 77
20 20
20 20
3 3
57 57
220 220
68 68
214 214
258 258
Ожидаемое (прогноз по конца года)
Интер РАО (дляФСК)
Промышленныепотребители
Транспорт
Нефтедобыча
Нефтепереработка
Нефтепроводы
Газопроводы
Сельскоехозяйство ипищеваяпромышленность
Непромышленныепотребители
Государственные(муниципальные)организации ипрочиебюджетныепотребители
Население иприравненныегруппыпотребителей
Территориальныесетевыеорганизации
абс.
%
Прогноз на месяц 
Ноябрь
КПО/Отпуск из сети 
Отпуск из сети, млн. кВт.ч
Организация 
Все
Прогноз электропотребления и выручки за услуги по передаче в разрезе отраслей'

24-03-2025T11:21:23 - [MESSAGE][PASSED] - Text of object 'Object Repository/Прогноз по отраслям/Виджеты дашборда' is: 'Год 
2023 год
Сравнение с 
План/СУ
Отклонения по ПАО Россети на 2023 год
243.5 243.5
16 024.4 16 024.4
1 255.1 1 255.1
32 869.9 32 869.9
1 135.7 1 135.7
950.0 950.0
511.1 511.1
1 324.2 1 324.2
-5 962.8 -5 962.8
433.5 433.5
2 431.5 2 431.5
22 321.4 22 321.4
⬤ Отклонение, млн. кВт.ч
Интер РАО (для ФСК)
Промышленные потребители
Транспорт
Нефтедобыча
Нефтепереработка
Нефтепроводы
Газопроводы
Сельское хозяйство и пищевая пр…
Непромышленные потребители
Государственные (муниципальные…
Население и приравненные групп…
Территориальные сетевые органи…
Выручка отклонения по ПАО Россети на 2023 год
⬤ Отклонение, млн. руб.
Интер РАО (для ФСК)
Промышленные потребители
Транспорт
Нефтедобыча
Нефтепереработка
Нефтепроводы
Газопроводы
Сельское хозяйство и пищевая пр…
Непромышленные потребители
Государственные (муниципальные…
Население и приравненные групп…
Территориальные сетевые органи…
Динамика электропотребления, млрд. кВт.ч. по ПАО Россети на 2023 год
10 10
181 181
36 36
15 15
9 9
14 14
4 4
16 16
86 86
19 19
79 79
586 586
10 10
197 197
37 37
48 48
10 10
15 15
4 4
18 18
80 80
19 19
82 82
608 608
СУ
Ожидаемое (прогноз по конца года)
Интер РАО (дляФСК)
Промышленныепотребители
Транспорт
Нефтедобыча
Нефтепереработка
Нефтепроводы
Газопроводы
Сельскоехозяйство ипищеваяпромышленность
Непромышленныепотребители
Государственные(муниципальные)организации ипрочиебюджетныепотребители
Население иприравненныегруппыпотребителей
Территориальныесетевыеорганизации
Выручка по ПАО Россети на 2023 год
6 6
331 331
82 82
77 77
20 20
20 20
3 3
57 57
220 220
68 68
214 214
258 258
Ожидаемое (прогноз по конца года)
Интер РАО (дляФСК)
Промышленныепотребители
Транспорт
Нефтедобыча
Нефтепереработка
Нефтепроводы
Газопроводы
Сельскоехозяйство ипищеваяпромышленность
Непромышленныепотребители
Государственные(муниципальные)организации ипрочиебюджетныепотребители
Население иприравненныегруппыпотребителей
Территориальныесетевыеорганизации
абс.
%
Прогноз на месяц 
Ноябрь
КПО/Отпуск из сети 
Отпуск из сети, млн. кВт.ч
Организация 
Все
Прогноз электропотребления и выручки за услуги по передаче в разрезе отраслей'

24-03-2025T11:21:23 - [TEST_STEP][PASSED] - a9 = a9.replaceAll("[^0-9]", ""): null

24-03-2025T11:21:23 - [TEST_STEP][PASSED] - println("a9:" + a9): null

24-03-2025T11:21:23 - [TEST_STEP][PASSED] - click(findTestObject("Прогноз по отраслям/Фильтр Сравнение с")): Object: 'Object Repository/Прогноз по отраслям/Фильтр Сравнение с' is clicked on

24-03-2025T11:21:24 - [MESSAGE][PASSED] - Object: 'Object Repository/Прогноз по отраслям/Фильтр Сравнение с' is clicked on

24-03-2025T11:21:24 - [TEST_STEP][PASSED] - click(findTestObject("Прогноз по отраслям/Факт прошлого года")): Object: 'Object Repository/Прогноз по отраслям/Факт прошлого года' is clicked on

24-03-2025T11:21:25 - [MESSAGE][PASSED] - Object: 'Object Repository/Прогноз по отраслям/Факт прошлого года' is clicked on

24-03-2025T11:21:25 - [TEST_STEP][PASSED] - click(findTestObject("Прогноз по отраслям/Фильтр КПО-Отпуск")): Object: 'Object Repository/Прогноз по отраслям/Фильтр КПО-Отпуск' is clicked on

24-03-2025T11:21:26 - [MESSAGE][PASSED] - Object: 'Object Repository/Прогноз по отраслям/Фильтр КПО-Отпуск' is clicked on

24-03-2025T11:21:26 - [TEST_STEP][PASSED] - click(findTestObject("Прогноз по отраслям/КПО")): Object: 'Object Repository/Прогноз по отраслям/КПО' is clicked on

24-03-2025T11:21:27 - [MESSAGE][PASSED] - Object: 'Object Repository/Прогноз по отраслям/КПО' is clicked on

24-03-2025T11:21:27 - [TEST_STEP][PASSED] - delay(40): Delayed 40 second(s)

24-03-2025T11:22:07 - [MESSAGE][PASSED] - Delayed 40 second(s)

24-03-2025T11:22:07 - [TEST_STEP][PASSED] - a10 = getText(findTestObject("Прогноз по отраслям/Виджеты дашборда")): Text of object 'Object Repository/Прогноз по отраслям/Виджеты дашборда' is: 'Год 
2023 год
Сравнение с 
Факт прошлого года
Отклонения по ПАО Россети на 2023 год
0.0 0.0
646.5 646.5
341.1 341.1
-2 455.6 -2 455.6
245.6 245.6
-1 796.0 -1 796.0
676.2 676.2
452.4 452.4
1 386.2 1 386.2
527.5 527.5
-1 130.4 -1 130.4
-128.7 -128.7
⬤ Отклонение, млн. кВт.ч
Интер РАО (для ФСК)
Промышленные потребители
Транспорт
Нефтедобыча
Нефтепереработка
Нефтепроводы
Газопроводы
Сельское хозяйство и пищевая пр…
Непромышленные потребители
Государственные (муниципальные…
Население и приравненные групп…
Территориальные сетевые органи…
Выручка отклонения по ПАО Россети на 2023 год
421.3 421.3
45 574.9 45 574.9
9 547.5 9 547.5
4 889.3 4 889.3
2 337.4 2 337.4
-1 682.6 -1 682.6
2 919.4 2 919.4
7 110.2 7 110.2
19 840.8 19 840.8
7 289.5 7 289.5
23 664.8 23 664.8
31 028.3 31 028.3
⬤ Отклонение, млн. руб.
Интер РАО (для ФСК)
Промышленные потребители
Транспорт
Нефтедобыча
Нефтепереработка
Нефтепроводы
Газопроводы
Сельское хозяйство и пищевая пр…
Непромышленные потребители
Государственные (муниципальные…
Население и приравненные групп…
Территориальные сетевые органи…
Динамика электропотребления, млрд. кВт.ч. по ПАО Россети на 2023 год
0 0
120 120
38 38
41 41
8 8
10 10
0 0
19 19
77 77
25 25
122 122
61 61
0 0
120 120
39 39
39 39
8 8
8 8
1 1
20 20
78 78
26 26
121 121
60 60
Факт прошлого года
Ожидаемое (прогноз по конца года)
Интер РАО (дляФСК)
Промышленныепотребители
Транспорт
Нефтедобыча
Нефтепереработка
Нефтепроводы
Газопроводы
Сельскоехозяйство ипищеваяпромышленность
Непромышленныепотребители
Государственные(муниципальные)организации ипрочиебюджетныепотребители
Население иприравненныегруппыпотребителей
Территориальныесетевыеорганизации
Выручка по ПАО Россети на 2023 год
5 5
285 285
72 72
72 72
18 18
22 22
0 0
50 50
201 201
61 61
190 190
227 227
6 6
331 331
82 82
77 77
20 20
20 20
3 3
57 57
220 220
68 68
214 214
258 258
Факт прошлого года
Ожидаемое (прогноз по конца года)
Интер РАО (дляФСК)
Промышленныепотребители
Транспорт
Нефтедобыча
Нефтепереработка
Нефтепроводы
Газопроводы
Сельскоехозяйство ипищеваяпромышленность
Непромышленныепотребители
Государственные(муниципальные)организации ипрочиебюджетныепотребители
Население иприравненныегруппыпотребителей
Территориальныесетевыеорганизации
абс.
%
Прогноз на месяц 
Ноябрь
КПО/Отпуск из сети 
Котловой полезный отпуск, млн. кВт.ч
Организация 
Все
Прогноз электропотребления и выручки за услуги по передаче в разрезе отраслей'

24-03-2025T11:22:07 - [MESSAGE][PASSED] - Text of object 'Object Repository/Прогноз по отраслям/Виджеты дашборда' is: 'Год 
2023 год
Сравнение с 
Факт прошлого года
Отклонения по ПАО Россети на 2023 год
0.0 0.0
646.5 646.5
341.1 341.1
-2 455.6 -2 455.6
245.6 245.6
-1 796.0 -1 796.0
676.2 676.2
452.4 452.4
1 386.2 1 386.2
527.5 527.5
-1 130.4 -1 130.4
-128.7 -128.7
⬤ Отклонение, млн. кВт.ч
Интер РАО (для ФСК)
Промышленные потребители
Транспорт
Нефтедобыча
Нефтепереработка
Нефтепроводы
Газопроводы
Сельское хозяйство и пищевая пр…
Непромышленные потребители
Государственные (муниципальные…
Население и приравненные групп…
Территориальные сетевые органи…
Выручка отклонения по ПАО Россети на 2023 год
421.3 421.3
45 574.9 45 574.9
9 547.5 9 547.5
4 889.3 4 889.3
2 337.4 2 337.4
-1 682.6 -1 682.6
2 919.4 2 919.4
7 110.2 7 110.2
19 840.8 19 840.8
7 289.5 7 289.5
23 664.8 23 664.8
31 028.3 31 028.3
⬤ Отклонение, млн. руб.
Интер РАО (для ФСК)
Промышленные потребители
Транспорт
Нефтедобыча
Нефтепереработка
Нефтепроводы
Газопроводы
Сельское хозяйство и пищевая пр…
Непромышленные потребители
Государственные (муниципальные…
Население и приравненные групп…
Территориальные сетевые органи…
Динамика электропотребления, млрд. кВт.ч. по ПАО Россети на 2023 год
0 0
120 120
38 38
41 41
8 8
10 10
0 0
19 19
77 77
25 25
122 122
61 61
0 0
120 120
39 39
39 39
8 8
8 8
1 1
20 20
78 78
26 26
121 121
60 60
Факт прошлого года
Ожидаемое (прогноз по конца года)
Интер РАО (дляФСК)
Промышленныепотребители
Транспорт
Нефтедобыча
Нефтепереработка
Нефтепроводы
Газопроводы
Сельскоехозяйство ипищеваяпромышленность
Непромышленныепотребители
Государственные(муниципальные)организации ипрочиебюджетныепотребители
Население иприравненныегруппыпотребителей
Территориальныесетевыеорганизации
Выручка по ПАО Россети на 2023 год
5 5
285 285
72 72
72 72
18 18
22 22
0 0
50 50
201 201
61 61
190 190
227 227
6 6
331 331
82 82
77 77
20 20
20 20
3 3
57 57
220 220
68 68
214 214
258 258
Факт прошлого года
Ожидаемое (прогноз по конца года)
Интер РАО (дляФСК)
Промышленныепотребители
Транспорт
Нефтедобыча
Нефтепереработка
Нефтепроводы
Газопроводы
Сельскоехозяйство ипищеваяпромышленность
Непромышленныепотребители
Государственные(муниципальные)организации ипрочиебюджетныепотребители
Население иприравненныегруппыпотребителей
Территориальныесетевыеорганизации
абс.
%
Прогноз на месяц 
Ноябрь
КПО/Отпуск из сети 
Котловой полезный отпуск, млн. кВт.ч
Организация 
Все
Прогноз электропотребления и выручки за услуги по передаче в разрезе отраслей'

24-03-2025T11:22:07 - [TEST_STEP][PASSED] - a10 = a10.replaceAll("[^0-9]", ""): null

24-03-2025T11:22:07 - [TEST_STEP][PASSED] - println("a10:" + a10): null

24-03-2025T11:22:07 - [TEST_STEP][PASSED] - click(findTestObject("Прогноз по отраслям/Фильтр Сравнение с")): Object: 'Object Repository/Прогноз по отраслям/Фильтр Сравнение с' is clicked on

24-03-2025T11:22:07 - [MESSAGE][PASSED] - Object: 'Object Repository/Прогноз по отраслям/Фильтр Сравнение с' is clicked on

24-03-2025T11:22:07 - [TEST_STEP][PASSED] - click(findTestObject("Прогноз по отраслям/План")): Object: 'Object Repository/Прогноз по отраслям/План' is clicked on

24-03-2025T11:22:08 - [MESSAGE][PASSED] - Object: 'Object Repository/Прогноз по отраслям/План' is clicked on

24-03-2025T11:22:08 - [TEST_STEP][PASSED] - delay(40): Delayed 40 second(s)

24-03-2025T11:22:48 - [MESSAGE][PASSED] - Delayed 40 second(s)

24-03-2025T11:22:48 - [TEST_STEP][PASSED] - a11 = getText(findTestObject("Прогноз по отраслям/Виджеты дашборда")): Text of object 'Object Repository/Прогноз по отраслям/Виджеты дашборда' is: 'Год 
2023 год
Сравнение с 
План
Отклонения по ПАО Россети на 2023 год
0.0 0.0
1 471.7 1 471.7
1 186.5 1 186.5
32 445.2 32 445.2
1 268.3 1 268.3
349.4 349.4
84.3 84.3
239.8 239.8
2 969.4 2 969.4
589.2 589.2
-1 798.4 -1 798.4
5 359.3 5 359.3
⬤ Отклонение, млн. кВт.ч
Интер РАО (для ФСК)
Промышленные потребители
Транспорт
Нефтедобыча
Нефтепереработка
Нефтепроводы
Газопроводы
Сельское хозяйство и пищевая пр…
Непромышленные потребители
Государственные (муниципальные…
Население и приравненные групп…
Территориальные сетевые органи…
Выручка отклонения по ПАО Россети на 2023 год
794.9 794.9
12 195.0 12 195.0
972.7 972.7
61 803.9 61 803.9
4 222.3 4 222.3
-121.8 -121.8
666.2 666.2
873.2 873.2
5 809.6 5 809.6
1 342.6 1 342.6
-4 463.2 -4 463.2
18 375.5 18 375.5
⬤ Отклонение, млн. руб.
Интер РАО (для ФСК)
Промышленные потребители
Транспорт
Нефтедобыча
Нефтепереработка
Нефтепроводы
Газопроводы
Сельское хозяйство и пищевая пр…
Непромышленные потребители
Государственные (муниципальные…
Население и приравненные групп…
Территориальные сетевые органи…
Динамика электропотребления, млрд. кВт.ч. по ПАО Россети на 2023 год
0 0
119 119
37 37
7 7
7 7
8 8
1 1
19 19
75 75
25 25
123 123
55 55
0 0
120 120
39 39
39 39
8 8
8 8
1 1
20 20
78 78
26 26
121 121
60 60
План
Ожидаемое (прогноз по конца года)
Интер РАО (дляФСК)
Промышленныепотребители
Транспорт
Нефтедобыча
Нефтепереработка
Нефтепроводы
Газопроводы
Сельскоехозяйство ипищеваяпромышленность
Непромышленныепотребители
Государственные(муниципальные)организации ипрочиебюджетныепотребители
Население иприравненныегруппыпотребителей
Территориальныесетевыеорганизации
Выручка по ПАО Россети на 2023 год
5 5
319 319
81 81
16 16
16 16
20 20
2 2
56 56
215 215
67 67
218 218
239 239
6 6
331 331
82 82
77 77
20 20
20 20
3 3
57 57
220 220
68 68
214 214
258 258
План
Ожидаемое (прогноз по конца года)
Интер РАО (дляФСК)
Промышленныепотребители
Транспорт
Нефтедобыча
Нефтепереработка
Нефтепроводы
Газопроводы
Сельскоехозяйство ипищеваяпромышленность
Непромышленныепотребители
Государственные(муниципальные)организации ипрочиебюджетныепотребители
Население иприравненныегруппыпотребителей
Территориальныесетевыеорганизации
абс.
%
Прогноз на месяц 
Ноябрь
КПО/Отпуск из сети 
Котловой полезный отпуск, млн. кВт.ч
Организация 
Все
Прогноз электропотребления и выручки за услуги по передаче в разрезе отраслей'

24-03-2025T11:22:49 - [MESSAGE][PASSED] - Text of object 'Object Repository/Прогноз по отраслям/Виджеты дашборда' is: 'Год 
2023 год
Сравнение с 
План
Отклонения по ПАО Россети на 2023 год
0.0 0.0
1 471.7 1 471.7
1 186.5 1 186.5
32 445.2 32 445.2
1 268.3 1 268.3
349.4 349.4
84.3 84.3
239.8 239.8
2 969.4 2 969.4
589.2 589.2
-1 798.4 -1 798.4
5 359.3 5 359.3
⬤ Отклонение, млн. кВт.ч
Интер РАО (для ФСК)
Промышленные потребители
Транспорт
Нефтедобыча
Нефтепереработка
Нефтепроводы
Газопроводы
Сельское хозяйство и пищевая пр…
Непромышленные потребители
Государственные (муниципальные…
Население и приравненные групп…
Территориальные сетевые органи…
Выручка отклонения по ПАО Россети на 2023 год
794.9 794.9
12 195.0 12 195.0
972.7 972.7
61 803.9 61 803.9
4 222.3 4 222.3
-121.8 -121.8
666.2 666.2
873.2 873.2
5 809.6 5 809.6
1 342.6 1 342.6
-4 463.2 -4 463.2
18 375.5 18 375.5
⬤ Отклонение, млн. руб.
Интер РАО (для ФСК)
Промышленные потребители
Транспорт
Нефтедобыча
Нефтепереработка
Нефтепроводы
Газопроводы
Сельское хозяйство и пищевая пр…
Непромышленные потребители
Государственные (муниципальные…
Население и приравненные групп…
Территориальные сетевые органи…
Динамика электропотребления, млрд. кВт.ч. по ПАО Россети на 2023 год
0 0
119 119
37 37
7 7
7 7
8 8
1 1
19 19
75 75
25 25
123 123
55 55
0 0
120 120
39 39
39 39
8 8
8 8
1 1
20 20
78 78
26 26
121 121
60 60
План
Ожидаемое (прогноз по конца года)
Интер РАО (дляФСК)
Промышленныепотребители
Транспорт
Нефтедобыча
Нефтепереработка
Нефтепроводы
Газопроводы
Сельскоехозяйство ипищеваяпромышленность
Непромышленныепотребители
Государственные(муниципальные)организации ипрочиебюджетныепотребители
Население иприравненныегруппыпотребителей
Территориальныесетевыеорганизации
Выручка по ПАО Россети на 2023 год
5 5
319 319
81 81
16 16
16 16
20 20
2 2
56 56
215 215
67 67
218 218
239 239
6 6
331 331
82 82
77 77
20 20
20 20
3 3
57 57
220 220
68 68
214 214
258 258
План
Ожидаемое (прогноз по конца года)
Интер РАО (дляФСК)
Промышленныепотребители
Транспорт
Нефтедобыча
Нефтепереработка
Нефтепроводы
Газопроводы
Сельскоехозяйство ипищеваяпромышленность
Непромышленныепотребители
Государственные(муниципальные)организации ипрочиебюджетныепотребители
Население иприравненныегруппыпотребителей
Территориальныесетевыеорганизации
абс.
%
Прогноз на месяц 
Ноябрь
КПО/Отпуск из сети 
Котловой полезный отпуск, млн. кВт.ч
Организация 
Все
Прогноз электропотребления и выручки за услуги по передаче в разрезе отраслей'

24-03-2025T11:22:49 - [TEST_STEP][PASSED] - println("a11:" + a11): null

24-03-2025T11:22:49 - [TEST_STEP][PASSED] - a11 = a11.replaceAll("[^0-9]", ""): null

24-03-2025T11:22:49 - [TEST_STEP][PASSED] - println("a11:" + a11): null

24-03-2025T11:22:49 - [TEST_STEP][PASSED] - click(findTestObject("Прогноз по отраслям/Фильтр Сравнение с")): Object: 'Object Repository/Прогноз по отраслям/Фильтр Сравнение с' is clicked on

24-03-2025T11:22:49 - [MESSAGE][PASSED] - Object: 'Object Repository/Прогноз по отраслям/Фильтр Сравнение с' is clicked on

24-03-2025T11:22:49 - [TEST_STEP][PASSED] - click(findTestObject("Прогноз по отраслям/План СУ")): Object: 'Object Repository/Прогноз по отраслям/План СУ' is clicked on

24-03-2025T11:22:50 - [MESSAGE][PASSED] - Object: 'Object Repository/Прогноз по отраслям/План СУ' is clicked on

24-03-2025T11:22:50 - [TEST_STEP][PASSED] - delay(40): Delayed 40 second(s)

24-03-2025T11:23:30 - [MESSAGE][PASSED] - Delayed 40 second(s)

24-03-2025T11:23:30 - [TEST_STEP][PASSED] - a12 = getText(findTestObject("Прогноз по отраслям/Виджеты дашборда")): Text of object 'Object Repository/Прогноз по отраслям/Виджеты дашборда' is: 'Год 
2023 год
Сравнение с 
План/СУ
Отклонения по ПАО Россети на 2023 год
0.0 0.0
120 322.6 120 322.6
38 655.4 38 655.4
39 037.8 39 037.8
8 291.7 8 291.7
8 259.5 8 259.5
793.1 793.1
19 706.6 19 706.6
78 310.2 78 310.2
25 579.5 25 579.5
121 219.7 121 219.7
60 414.9 60 414.9
⬤ Отклонение, млн. кВт.ч
Интер РАО (для ФСК)
Промышленные потребители
Транспорт
Нефтедобыча
Нефтепереработка
Нефтепроводы
Газопроводы
Сельское хозяйство и пищевая пр…
Непромышленные потребители
Государственные (муниципальные…
Население и приравненные групп…
Территориальные сетевые органи…
Выручка отклонения по ПАО Россети на 2023 год
⬤ Отклонение, млн. руб.
Интер РАО (для ФСК)
Промышленные потребители
Транспорт
Нефтедобыча
Нефтепереработка
Нефтепроводы
Газопроводы
Сельское хозяйство и пищевая пр…
Непромышленные потребители
Государственные (муниципальные…
Население и приравненные групп…
Территориальные сетевые органи…
Динамика электропотребления, млрд. кВт.ч. по ПАО Россети на 2023 год
0 0
0 0
0 0
0 0
0 0
0 0
0 0
0 0
0 0
0 0
0 0
0 0
0 0
120 120
39 39
39 39
8 8
8 8
1 1
20 20
78 78
26 26
121 121
60 60
СУ
Ожидаемое (прогноз по конца года)
Интер РАО (дляФСК)
Промышленныепотребители
Транспорт
Нефтедобыча
Нефтепереработка
Нефтепроводы
Газопроводы
Сельскоехозяйство ипищеваяпромышленность
Непромышленныепотребители
Государственные(муниципальные)организации ипрочиебюджетныепотребители
Население иприравненныегруппыпотребителей
Территориальныесетевыеорганизации
Выручка по ПАО Россети на 2023 год
6 6
331 331
82 82
77 77
20 20
20 20
3 3
57 57
220 220
68 68
214 214
258 258
Ожидаемое (прогноз по конца года)
Интер РАО (дляФСК)
Промышленныепотребители
Транспорт
Нефтедобыча
Нефтепереработка
Нефтепроводы
Газопроводы
Сельскоехозяйство ипищеваяпромышленность
Непромышленныепотребители
Государственные(муниципальные)организации ипрочиебюджетныепотребители
Население иприравненныегруппыпотребителей
Территориальныесетевыеорганизации
абс.
%
Прогноз на месяц 
Ноябрь
КПО/Отпуск из сети 
Котловой полезный отпуск, млн. кВт.ч
Организация 
Все
Прогноз электропотребления и выручки за услуги по передаче в разрезе отраслей'

24-03-2025T11:23:31 - [MESSAGE][PASSED] - Text of object 'Object Repository/Прогноз по отраслям/Виджеты дашборда' is: 'Год 
2023 год
Сравнение с 
План/СУ
Отклонения по ПАО Россети на 2023 год
0.0 0.0
120 322.6 120 322.6
38 655.4 38 655.4
39 037.8 39 037.8
8 291.7 8 291.7
8 259.5 8 259.5
793.1 793.1
19 706.6 19 706.6
78 310.2 78 310.2
25 579.5 25 579.5
121 219.7 121 219.7
60 414.9 60 414.9
⬤ Отклонение, млн. кВт.ч
Интер РАО (для ФСК)
Промышленные потребители
Транспорт
Нефтедобыча
Нефтепереработка
Нефтепроводы
Газопроводы
Сельское хозяйство и пищевая пр…
Непромышленные потребители
Государственные (муниципальные…
Население и приравненные групп…
Территориальные сетевые органи…
Выручка отклонения по ПАО Россети на 2023 год
⬤ Отклонение, млн. руб.
Интер РАО (для ФСК)
Промышленные потребители
Транспорт
Нефтедобыча
Нефтепереработка
Нефтепроводы
Газопроводы
Сельское хозяйство и пищевая пр…
Непромышленные потребители
Государственные (муниципальные…
Население и приравненные групп…
Территориальные сетевые органи…
Динамика электропотребления, млрд. кВт.ч. по ПАО Россети на 2023 год
0 0
0 0
0 0
0 0
0 0
0 0
0 0
0 0
0 0
0 0
0 0
0 0
0 0
120 120
39 39
39 39
8 8
8 8
1 1
20 20
78 78
26 26
121 121
60 60
СУ
Ожидаемое (прогноз по конца года)
Интер РАО (дляФСК)
Промышленныепотребители
Транспорт
Нефтедобыча
Нефтепереработка
Нефтепроводы
Газопроводы
Сельскоехозяйство ипищеваяпромышленность
Непромышленныепотребители
Государственные(муниципальные)организации ипрочиебюджетныепотребители
Население иприравненныегруппыпотребителей
Территориальныесетевыеорганизации
Выручка по ПАО Россети на 2023 год
6 6
331 331
82 82
77 77
20 20
20 20
3 3
57 57
220 220
68 68
214 214
258 258
Ожидаемое (прогноз по конца года)
Интер РАО (дляФСК)
Промышленныепотребители
Транспорт
Нефтедобыча
Нефтепереработка
Нефтепроводы
Газопроводы
Сельскоехозяйство ипищеваяпромышленность
Непромышленныепотребители
Государственные(муниципальные)организации ипрочиебюджетныепотребители
Население иприравненныегруппыпотребителей
Территориальныесетевыеорганизации
абс.
%
Прогноз на месяц 
Ноябрь
КПО/Отпуск из сети 
Котловой полезный отпуск, млн. кВт.ч
Организация 
Все
Прогноз электропотребления и выручки за услуги по передаче в разрезе отраслей'

24-03-2025T11:23:31 - [TEST_STEP][PASSED] - a12 = a12.replaceAll("[^0-9]", ""): null

24-03-2025T11:23:31 - [TEST_STEP][PASSED] - println("a12:" + a12): null

24-03-2025T11:23:31 - [TEST_STEP][PASSED] - navigateToUrl(findTestData("PlanFact").getValue(10, 12)): Navigate to 'https://bi.rosseti.digital/viewer?dashboardGuid=d218b6eb1b7845df8f1994d6a65c072b&sheetGuid=3059d1e0f28043ee8c80901707e9c246&fit=true' successfully

24-03-2025T11:23:31 - [MESSAGE][PASSED] - Navigate to 'https://bi.rosseti.digital/viewer?dashboardGuid=d218b6eb1b7845df8f1994d6a65c072b&sheetGuid=3059d1e0f28043ee8c80901707e9c246&fit=true' successfully

24-03-2025T11:23:31 - [TEST_STEP][PASSED] - delay(50): Delayed 50 second(s)

24-03-2025T11:24:21 - [MESSAGE][PASSED] - Delayed 50 second(s)

24-03-2025T11:24:21 - [TEST_STEP][PASSED] - click(findTestObject("Прогноз по отраслям/Фильтр месяц Стресс")): Object: 'Object Repository/Прогноз по отраслям/Фильтр месяц Стресс' is clicked on

24-03-2025T11:24:21 - [MESSAGE][PASSED] - Object: 'Object Repository/Прогноз по отраслям/Фильтр месяц Стресс' is clicked on

24-03-2025T11:24:21 - [TEST_STEP][PASSED] - scrollToElement(findTestObject("Прогноз по отраслям/Ноябрь Стресс"), 30): Scroll to object 'Object Repository/Прогноз по отраслям/Ноябрь Стресс' successfully

24-03-2025T11:24:22 - [MESSAGE][PASSED] - Scroll to object 'Object Repository/Прогноз по отраслям/Ноябрь Стресс' successfully

24-03-2025T11:24:22 - [TEST_STEP][PASSED] - click(findTestObject("Прогноз по отраслям/Ноябрь Стресс")): Object: 'Object Repository/Прогноз по отраслям/Ноябрь Стресс' is clicked on

24-03-2025T11:24:23 - [MESSAGE][PASSED] - Object: 'Object Repository/Прогноз по отраслям/Ноябрь Стресс' is clicked on

24-03-2025T11:24:23 - [TEST_STEP][PASSED] - scrollToElement(findTestObject("Прогноз по отраслям/Заголовок дашборда Стресс"), 30): Scroll to object 'Object Repository/Прогноз по отраслям/Заголовок дашборда Стресс' successfully

24-03-2025T11:24:24 - [MESSAGE][PASSED] - Scroll to object 'Object Repository/Прогноз по отраслям/Заголовок дашборда Стресс' successfully

24-03-2025T11:24:24 - [TEST_STEP][PASSED] - click(findTestObject("Прогноз по отраслям/Фильтр Сравнение с Стресс")): Object: 'Object Repository/Прогноз по отраслям/Фильтр Сравнение с Стресс' is clicked on

24-03-2025T11:24:24 - [MESSAGE][PASSED] - Object: 'Object Repository/Прогноз по отраслям/Фильтр Сравнение с Стресс' is clicked on

24-03-2025T11:24:24 - [TEST_STEP][PASSED] - click(findTestObject("Прогноз по отраслям/Факт прошлого года Стресс")): Object: 'Object Repository/Прогноз по отраслям/Факт прошлого года Стресс' is clicked on

24-03-2025T11:24:25 - [MESSAGE][PASSED] - Object: 'Object Repository/Прогноз по отраслям/Факт прошлого года Стресс' is clicked on

24-03-2025T11:24:25 - [TEST_STEP][PASSED] - click(findTestObject("Прогноз по отраслям/Фильтр КПО-Отпуск Стресс")): Object: 'Object Repository/Прогноз по отраслям/Фильтр КПО-Отпуск Стресс' is clicked on

24-03-2025T11:24:26 - [MESSAGE][PASSED] - Object: 'Object Repository/Прогноз по отраслям/Фильтр КПО-Отпуск Стресс' is clicked on

24-03-2025T11:24:26 - [TEST_STEP][PASSED] - click(findTestObject("Прогноз по отраслям/Отпуск Стресс")): Object: 'Object Repository/Прогноз по отраслям/Отпуск Стресс' is clicked on

24-03-2025T11:24:28 - [MESSAGE][PASSED] - Object: 'Object Repository/Прогноз по отраслям/Отпуск Стресс' is clicked on

24-03-2025T11:24:28 - [TEST_STEP][PASSED] - delay(40): Delayed 40 second(s)

24-03-2025T11:25:08 - [MESSAGE][PASSED] - Delayed 40 second(s)

24-03-2025T11:25:08 - [TEST_STEP][PASSED] - b1 = getText(findTestObject("Прогноз по отраслям/Виджеты дашборда")): Text of object 'Object Repository/Прогноз по отраслям/Виджеты дашборда' is: 'Год 
2023 год
Сравнение с 
Факт прошлого года
Динамика электропотребления, млрд. кВт.ч., по ПАО Россети на 2023 год
12 12
186 186
36 36
50 50
10 10
19 19
0 0
17 17
85 85
19 19
82 82
604 604
10 10
197 197
37 37
48 48
10 10
15 15
4 4
18 18
80 80
19 19
82 82
608 608
Факт прошлого года
Ожидаемое (прогноз до конца года)
Интер РАО(для ФСК)
Промышленныепотребители
Транспорт
Нефтедобыча
Нефтеперераб…
Нефтепроводы
Газопроводы
Сельское хозя…
Непромышлен…
Государственн…
Население иприравненныегруппыпотребителей
Территориальн…
Выручка, млрд. руб, по ПАО Россети на 2023 год
5 5
285 285
72 72
72 72
18 18
22 22
0 0
50 50
201 201
61 61
190 190
227 227
6 6
331 331
82 82
77 77
20 20
20 20
3 3
57 57
220 220
68 68
214 214
258 258
Факт прошлого года
Ожидаемое (прогноз до конца года)
Интер РАО(для ФСК)
Промышленныепотребители
Транспорт
Нефтедобыча
Нефтеперераб…
Нефтепроводы
Газопроводы
Сельское хозя…
Непромышлен…
Государственн…
Население иприравненныегруппыпотребителей
Территориальн…
Отклонения по ПАО Россети на 2023 год
-18.5% -18.5%
5.9% 5.9%
3.6% 3.6%
-3.9% -3.9%
0.9% 0.9%
-20.7% -20.7%
3 313.2% 3 313.2%
3.8% 3.8%
-5.6% -5.6%
1.3% 1.3%
-0.9% -0.9%
0.7% 0.7%
⬤ Отклонение, %
Интер РАО (для ФСК)
Промышленные потребители
Транспорт
Нефтедобыча
Нефтепереработка
Нефтепроводы
Газопроводы
Сельское хозяйство и пищевая про…
Непромышленные потребители
Государственные (муниципальные)…
Население и приравненные группы…
Территориальные сетевые организ…
Выручка отклонения по ПАО Россети на 2023 год
7.7% 7.7%
16.0% 16.0%
13.2% 13.2%
6.7% 6.7%
13.3% 13.3%
-7.7% -7.7%
1 331.5% 1 331.5%
14.2% 14.2%
9.9% 9.9%
12.0% 12.0%
12.4% 12.4%
13.7% 13.7%
⬤ Отклонение, %
Интер РАО (для ФСК)
Промышленные потребители
Транспорт
Нефтедобыча
Нефтепереработка
Нефтепроводы
Газопроводы
Сельское хозяйство и пищевая про…
Непромышленные потребители
Государственные (муниципальные)…
Население и приравненные группы…
Территориальные сетевые организ…
абс.
%
Прогноз на месяц 
Ноябрь
КПО/Отпуск из сети 
Отпуск из сети, млн. кВт.ч
Организация 
Все
Прогноз электропотребления и выручки за услуги по передаче в разрезе отраслей'

24-03-2025T11:25:08 - [MESSAGE][PASSED] - Text of object 'Object Repository/Прогноз по отраслям/Виджеты дашборда' is: 'Год 
2023 год
Сравнение с 
Факт прошлого года
Динамика электропотребления, млрд. кВт.ч., по ПАО Россети на 2023 год
12 12
186 186
36 36
50 50
10 10
19 19
0 0
17 17
85 85
19 19
82 82
604 604
10 10
197 197
37 37
48 48
10 10
15 15
4 4
18 18
80 80
19 19
82 82
608 608
Факт прошлого года
Ожидаемое (прогноз до конца года)
Интер РАО(для ФСК)
Промышленныепотребители
Транспорт
Нефтедобыча
Нефтеперераб…
Нефтепроводы
Газопроводы
Сельское хозя…
Непромышлен…
Государственн…
Население иприравненныегруппыпотребителей
Территориальн…
Выручка, млрд. руб, по ПАО Россети на 2023 год
5 5
285 285
72 72
72 72
18 18
22 22
0 0
50 50
201 201
61 61
190 190
227 227
6 6
331 331
82 82
77 77
20 20
20 20
3 3
57 57
220 220
68 68
214 214
258 258
Факт прошлого года
Ожидаемое (прогноз до конца года)
Интер РАО(для ФСК)
Промышленныепотребители
Транспорт
Нефтедобыча
Нефтеперераб…
Нефтепроводы
Газопроводы
Сельское хозя…
Непромышлен…
Государственн…
Население иприравненныегруппыпотребителей
Территориальн…
Отклонения по ПАО Россети на 2023 год
-18.5% -18.5%
5.9% 5.9%
3.6% 3.6%
-3.9% -3.9%
0.9% 0.9%
-20.7% -20.7%
3 313.2% 3 313.2%
3.8% 3.8%
-5.6% -5.6%
1.3% 1.3%
-0.9% -0.9%
0.7% 0.7%
⬤ Отклонение, %
Интер РАО (для ФСК)
Промышленные потребители
Транспорт
Нефтедобыча
Нефтепереработка
Нефтепроводы
Газопроводы
Сельское хозяйство и пищевая про…
Непромышленные потребители
Государственные (муниципальные)…
Население и приравненные группы…
Территориальные сетевые организ…
Выручка отклонения по ПАО Россети на 2023 год
7.7% 7.7%
16.0% 16.0%
13.2% 13.2%
6.7% 6.7%
13.3% 13.3%
-7.7% -7.7%
1 331.5% 1 331.5%
14.2% 14.2%
9.9% 9.9%
12.0% 12.0%
12.4% 12.4%
13.7% 13.7%
⬤ Отклонение, %
Интер РАО (для ФСК)
Промышленные потребители
Транспорт
Нефтедобыча
Нефтепереработка
Нефтепроводы
Газопроводы
Сельское хозяйство и пищевая про…
Непромышленные потребители
Государственные (муниципальные)…
Население и приравненные группы…
Территориальные сетевые организ…
абс.
%
Прогноз на месяц 
Ноябрь
КПО/Отпуск из сети 
Отпуск из сети, млн. кВт.ч
Организация 
Все
Прогноз электропотребления и выручки за услуги по передаче в разрезе отраслей'

24-03-2025T11:25:08 - [TEST_STEP][PASSED] - b1 = b1.replaceAll("[^0-9]", ""): null

24-03-2025T11:25:08 - [TEST_STEP][PASSED] - println("b1:" + b1): null

24-03-2025T11:25:08 - [TEST_STEP][PASSED] - click(findTestObject("Прогноз по отраслям/Фильтр Сравнение с Стресс")): Object: 'Object Repository/Прогноз по отраслям/Фильтр Сравнение с Стресс' is clicked on

24-03-2025T11:25:09 - [MESSAGE][PASSED] - Object: 'Object Repository/Прогноз по отраслям/Фильтр Сравнение с Стресс' is clicked on

24-03-2025T11:25:09 - [TEST_STEP][PASSED] - click(findTestObject("Прогноз по отраслям/План Стресс")): Object: 'Object Repository/Прогноз по отраслям/План Стресс' is clicked on

24-03-2025T11:25:10 - [MESSAGE][PASSED] - Object: 'Object Repository/Прогноз по отраслям/План Стресс' is clicked on

24-03-2025T11:25:10 - [TEST_STEP][PASSED] - delay(40): Delayed 40 second(s)

24-03-2025T11:25:50 - [MESSAGE][PASSED] - Delayed 40 second(s)

24-03-2025T11:25:50 - [TEST_STEP][PASSED] - b2 = getText(findTestObject("Прогноз по отраслям/Виджеты дашборда")): Text of object 'Object Repository/Прогноз по отраслям/Виджеты дашборда' is: 'Год 
2023 год
Сравнение с 
План
Динамика электропотребления, млрд. кВт.ч., по ПАО Россети на 2023 год
10 10
190 190
36 36
14 14
9 9
14 14
4 4
17 17
80 80
19 19
82 82
588 588
10 10
197 197
37 37
48 48
10 10
15 15
4 4
18 18
80 80
19 19
82 82
608 608
План
Ожидаемое (прогноз до конца года)
Интер РАО(для ФСК)
Промышленныепотребители
Транспорт
Нефтедобыча
Нефтеперераб…
Нефтепроводы
Газопроводы
Сельское хозя…
Непромышлен…
Государственн…
Население иприравненныегруппыпотребителей
Территориальн…
Выручка, млрд. руб, по ПАО Россети на 2023 год
5 5
319 319
81 81
16 16
16 16
20 20
2 2
56 56
215 215
67 67
218 218
239 239
6 6
331 331
82 82
77 77
20 20
20 20
3 3
57 57
220 220
68 68
214 214
258 258
План
Ожидаемое (прогноз до конца года)
Интер РАО(для ФСК)
Промышленныепотребители
Транспорт
Нефтедобыча
Нефтеперераб…
Нефтепроводы
Газопроводы
Сельское хозя…
Непромышлен…
Государственн…
Население иприравненныегруппыпотребителей
Территориальн…
Отклонения по ПАО Россети на 2023 год
-4.7% -4.7%
3.8% 3.8%
1.9% 1.9%
230.3% 230.3%
10.9% 10.9%
4.2% 4.2%
21.7% 21.7%
3.9% 3.9%
-0.6% -0.6%
1.6% 1.6%
-1.0% -1.0%
3.3% 3.3%
⬤ Отклонение, %
Интер РАО (для ФСК)
Промышленные потребители
Транспорт
Нефтедобыча
Нефтепереработка
Нефтепроводы
Газопроводы
Сельское хозяйство и пищевая про…
Непромышленные потребители
Государственные (муниципальные)…
Население и приравненные группы…
Территориальные сетевые организ…
Выручка отклонения по ПАО Россети на 2023 год
15.6% 15.6%
3.8% 3.8%
1.2% 1.2%
398.2% 398.2%
26.9% 26.9%
-0.6% -0.6%
26.9% 26.9%
1.5% 1.5%
2.7% 2.7%
2.0% 2.0%
-2.0% -2.0%
7.9% 7.9%
⬤ Отклонение, %
Интер РАО (для ФСК)
Промышленные потребители
Транспорт
Нефтедобыча
Нефтепереработка
Нефтепроводы
Газопроводы
Сельское хозяйство и пищевая про…
Непромышленные потребители
Государственные (муниципальные)…
Население и приравненные группы…
Территориальные сетевые организ…
абс.
%
Прогноз на месяц 
Ноябрь
КПО/Отпуск из сети 
Отпуск из сети, млн. кВт.ч
Организация 
Все
Прогноз электропотребления и выручки за услуги по передаче в разрезе отраслей'

24-03-2025T11:25:51 - [MESSAGE][PASSED] - Text of object 'Object Repository/Прогноз по отраслям/Виджеты дашборда' is: 'Год 
2023 год
Сравнение с 
План
Динамика электропотребления, млрд. кВт.ч., по ПАО Россети на 2023 год
10 10
190 190
36 36
14 14
9 9
14 14
4 4
17 17
80 80
19 19
82 82
588 588
10 10
197 197
37 37
48 48
10 10
15 15
4 4
18 18
80 80
19 19
82 82
608 608
План
Ожидаемое (прогноз до конца года)
Интер РАО(для ФСК)
Промышленныепотребители
Транспорт
Нефтедобыча
Нефтеперераб…
Нефтепроводы
Газопроводы
Сельское хозя…
Непромышлен…
Государственн…
Население иприравненныегруппыпотребителей
Территориальн…
Выручка, млрд. руб, по ПАО Россети на 2023 год
5 5
319 319
81 81
16 16
16 16
20 20
2 2
56 56
215 215
67 67
218 218
239 239
6 6
331 331
82 82
77 77
20 20
20 20
3 3
57 57
220 220
68 68
214 214
258 258
План
Ожидаемое (прогноз до конца года)
Интер РАО(для ФСК)
Промышленныепотребители
Транспорт
Нефтедобыча
Нефтеперераб…
Нефтепроводы
Газопроводы
Сельское хозя…
Непромышлен…
Государственн…
Население иприравненныегруппыпотребителей
Территориальн…
Отклонения по ПАО Россети на 2023 год
-4.7% -4.7%
3.8% 3.8%
1.9% 1.9%
230.3% 230.3%
10.9% 10.9%
4.2% 4.2%
21.7% 21.7%
3.9% 3.9%
-0.6% -0.6%
1.6% 1.6%
-1.0% -1.0%
3.3% 3.3%
⬤ Отклонение, %
Интер РАО (для ФСК)
Промышленные потребители
Транспорт
Нефтедобыча
Нефтепереработка
Нефтепроводы
Газопроводы
Сельское хозяйство и пищевая про…
Непромышленные потребители
Государственные (муниципальные)…
Население и приравненные группы…
Территориальные сетевые организ…
Выручка отклонения по ПАО Россети на 2023 год
15.6% 15.6%
3.8% 3.8%
1.2% 1.2%
398.2% 398.2%
26.9% 26.9%
-0.6% -0.6%
26.9% 26.9%
1.5% 1.5%
2.7% 2.7%
2.0% 2.0%
-2.0% -2.0%
7.9% 7.9%
⬤ Отклонение, %
Интер РАО (для ФСК)
Промышленные потребители
Транспорт
Нефтедобыча
Нефтепереработка
Нефтепроводы
Газопроводы
Сельское хозяйство и пищевая про…
Непромышленные потребители
Государственные (муниципальные)…
Население и приравненные группы…
Территориальные сетевые организ…
абс.
%
Прогноз на месяц 
Ноябрь
КПО/Отпуск из сети 
Отпуск из сети, млн. кВт.ч
Организация 
Все
Прогноз электропотребления и выручки за услуги по передаче в разрезе отраслей'

24-03-2025T11:25:51 - [TEST_STEP][PASSED] - b2 = b2.replaceAll("[^0-9]", ""): null

24-03-2025T11:25:51 - [TEST_STEP][PASSED] - println("b2:" + b2): null

24-03-2025T11:25:51 - [TEST_STEP][PASSED] - click(findTestObject("Прогноз по отраслям/Фильтр Сравнение с Стресс")): Object: 'Object Repository/Прогноз по отраслям/Фильтр Сравнение с Стресс' is clicked on

24-03-2025T11:25:51 - [MESSAGE][PASSED] - Object: 'Object Repository/Прогноз по отраслям/Фильтр Сравнение с Стресс' is clicked on

24-03-2025T11:25:51 - [TEST_STEP][PASSED] - click(findTestObject("Прогноз по отраслям/План СУ Стресс")): Object: 'Object Repository/Прогноз по отраслям/План СУ Стресс' is clicked on

24-03-2025T11:25:52 - [MESSAGE][PASSED] - Object: 'Object Repository/Прогноз по отраслям/План СУ Стресс' is clicked on

24-03-2025T11:25:52 - [TEST_STEP][PASSED] - delay(40): Delayed 40 second(s)

24-03-2025T11:26:32 - [MESSAGE][PASSED] - Delayed 40 second(s)

24-03-2025T11:26:32 - [TEST_STEP][PASSED] - b3 = getText(findTestObject("Прогноз по отраслям/Виджеты дашборда")): Text of object 'Object Repository/Прогноз по отраслям/Виджеты дашборда' is: 'Год 
2023 год
Сравнение с 
План/СУ
Динамика электропотребления, млрд. кВт.ч., по ПАО Россети на 2023 год
10 10
181 181
36 36
15 15
9 9
14 14
4 4
16 16
86 86
19 19
79 79
586 586
10 10
197 197
37 37
48 48
10 10
15 15
4 4
18 18
80 80
19 19
82 82
608 608
СУ
Ожидаемое (прогноз до конца года)
Интер РАО(для ФСК)
Промышленныепотребители
Транспорт
Нефтедобыча
Нефтеперераб…
Нефтепроводы
Газопроводы
Сельское хозя…
Непромышлен…
Государственн…
Население иприравненныегруппыпотребителей
Территориальн…
Выручка, млрд. руб, по ПАО Россети на 2023 год
6 6
331 331
82 82
77 77
20 20
20 20
3 3
57 57
220 220
68 68
214 214
258 258
Ожидаемое (прогноз до конца года)
Интер РАО(для ФСК)
Промышленныепотребители
Транспорт
Нефтедобыча
Нефтеперераб…
Нефтепроводы
Газопроводы
Сельское хозя…
Непромышлен…
Государственн…
Население иприравненныегруппыпотребителей
Территориальн…
Отклонения по ПАО Россети на 2023 год
2.5% 2.5%
8.9% 8.9%
3.5% 3.5%
221.4% 221.4%
12.8% 12.8%
6.9% 6.9%
13.5% 13.5%
8.1% 8.1%
-6.9% -6.9%
2.3% 2.3%
3.1% 3.1%
3.8% 3.8%
⬤ Отклонение, %
Интер РАО (для ФСК)
Промышленные потребители
Транспорт
Нефтедобыча
Нефтепереработка
Нефтепроводы
Газопроводы
Сельское хозяйство и пищевая про…
Непромышленные потребители
Государственные (муниципальные)…
Население и приравненные группы…
Территориальные сетевые организ…
Выручка отклонения по ПАО Россети на 2023 год
⬤ Отклонение, %
Интер РАО (для ФСК)
Промышленные потребители
Транспорт
Нефтедобыча
Нефтепереработка
Нефтепроводы
Газопроводы
Сельское хозяйство и пищевая про…
Непромышленные потребители
Государственные (муниципальные)…
Население и приравненные группы…
Территориальные сетевые организ…
абс.
%
Прогноз на месяц 
Ноябрь
КПО/Отпуск из сети 
Отпуск из сети, млн. кВт.ч
Организация 
Все
Прогноз электропотребления и выручки за услуги по передаче в разрезе отраслей'

24-03-2025T11:26:33 - [MESSAGE][PASSED] - Text of object 'Object Repository/Прогноз по отраслям/Виджеты дашборда' is: 'Год 
2023 год
Сравнение с 
План/СУ
Динамика электропотребления, млрд. кВт.ч., по ПАО Россети на 2023 год
10 10
181 181
36 36
15 15
9 9
14 14
4 4
16 16
86 86
19 19
79 79
586 586
10 10
197 197
37 37
48 48
10 10
15 15
4 4
18 18
80 80
19 19
82 82
608 608
СУ
Ожидаемое (прогноз до конца года)
Интер РАО(для ФСК)
Промышленныепотребители
Транспорт
Нефтедобыча
Нефтеперераб…
Нефтепроводы
Газопроводы
Сельское хозя…
Непромышлен…
Государственн…
Население иприравненныегруппыпотребителей
Территориальн…
Выручка, млрд. руб, по ПАО Россети на 2023 год
6 6
331 331
82 82
77 77
20 20
20 20
3 3
57 57
220 220
68 68
214 214
258 258
Ожидаемое (прогноз до конца года)
Интер РАО(для ФСК)
Промышленныепотребители
Транспорт
Нефтедобыча
Нефтеперераб…
Нефтепроводы
Газопроводы
Сельское хозя…
Непромышлен…
Государственн…
Население иприравненныегруппыпотребителей
Территориальн…
Отклонения по ПАО Россети на 2023 год
2.5% 2.5%
8.9% 8.9%
3.5% 3.5%
221.4% 221.4%
12.8% 12.8%
6.9% 6.9%
13.5% 13.5%
8.1% 8.1%
-6.9% -6.9%
2.3% 2.3%
3.1% 3.1%
3.8% 3.8%
⬤ Отклонение, %
Интер РАО (для ФСК)
Промышленные потребители
Транспорт
Нефтедобыча
Нефтепереработка
Нефтепроводы
Газопроводы
Сельское хозяйство и пищевая про…
Непромышленные потребители
Государственные (муниципальные)…
Население и приравненные группы…
Территориальные сетевые организ…
Выручка отклонения по ПАО Россети на 2023 год
⬤ Отклонение, %
Интер РАО (для ФСК)
Промышленные потребители
Транспорт
Нефтедобыча
Нефтепереработка
Нефтепроводы
Газопроводы
Сельское хозяйство и пищевая про…
Непромышленные потребители
Государственные (муниципальные)…
Население и приравненные группы…
Территориальные сетевые организ…
абс.
%
Прогноз на месяц 
Ноябрь
КПО/Отпуск из сети 
Отпуск из сети, млн. кВт.ч
Организация 
Все
Прогноз электропотребления и выручки за услуги по передаче в разрезе отраслей'

24-03-2025T11:26:33 - [TEST_STEP][PASSED] - b3 = b3.replaceAll("[^0-9]", ""): null

24-03-2025T11:26:33 - [TEST_STEP][PASSED] - println("b3:" + b3): null

24-03-2025T11:26:33 - [TEST_STEP][PASSED] - click(findTestObject("Прогноз по отраслям/Фильтр Сравнение с Стресс")): Object: 'Object Repository/Прогноз по отраслям/Фильтр Сравнение с Стресс' is clicked on

24-03-2025T11:26:33 - [MESSAGE][PASSED] - Object: 'Object Repository/Прогноз по отраслям/Фильтр Сравнение с Стресс' is clicked on

24-03-2025T11:26:33 - [TEST_STEP][PASSED] - click(findTestObject("Прогноз по отраслям/Факт прошлого года Стресс")): Object: 'Object Repository/Прогноз по отраслям/Факт прошлого года Стресс' is clicked on

24-03-2025T11:26:35 - [MESSAGE][PASSED] - Object: 'Object Repository/Прогноз по отраслям/Факт прошлого года Стресс' is clicked on

24-03-2025T11:26:35 - [TEST_STEP][PASSED] - click(findTestObject("Прогноз по отраслям/Фильтр КПО-Отпуск Стресс")): Object: 'Object Repository/Прогноз по отраслям/Фильтр КПО-Отпуск Стресс' is clicked on

24-03-2025T11:26:36 - [MESSAGE][PASSED] - Object: 'Object Repository/Прогноз по отраслям/Фильтр КПО-Отпуск Стресс' is clicked on

24-03-2025T11:26:36 - [TEST_STEP][PASSED] - click(findTestObject("Прогноз по отраслям/КПО Стресс")): Object: 'Object Repository/Прогноз по отраслям/КПО Стресс' is clicked on

24-03-2025T11:26:37 - [MESSAGE][PASSED] - Object: 'Object Repository/Прогноз по отраслям/КПО Стресс' is clicked on

24-03-2025T11:26:37 - [TEST_STEP][PASSED] - delay(40): Delayed 40 second(s)

24-03-2025T11:27:17 - [MESSAGE][PASSED] - Delayed 40 second(s)

24-03-2025T11:27:17 - [TEST_STEP][PASSED] - b4 = getText(findTestObject("Прогноз по отраслям/Виджеты дашборда")): Text of object 'Object Repository/Прогноз по отраслям/Виджеты дашборда' is: 'Год 
2023 год
Сравнение с 
Факт прошлого года
Динамика электропотребления, млрд. кВт.ч., по ПАО Россети на 2023 год
0 0
120 120
38 38
41 41
8 8
10 10
0 0
19 19
77 77
25 25
122 122
61 61
0 0
120 120
39 39
39 39
8 8
8 8
1 1
20 20
78 78
26 26
121 121
60 60
Факт прошлого года
Ожидаемое (прогноз до конца года)
Интер РАО(для ФСК)
Промышленныепотребители
Транспорт
Нефтедобыча
Нефтеперераб…
Нефтепроводы
Газопроводы
Сельское хозя…
Непромышлен…
Государственн…
Население иприравненныегруппыпотребителей
Территориальн…
Выручка, млрд. руб, по ПАО Россети на 2023 год
5 5
285 285
72 72
72 72
18 18
22 22
0 0
50 50
201 201
61 61
190 190
227 227
6 6
331 331
82 82
77 77
20 20
20 20
3 3
57 57
220 220
68 68
214 214
258 258
Факт прошлого года
Ожидаемое (прогноз до конца года)
Интер РАО(для ФСК)
Промышленныепотребители
Транспорт
Нефтедобыча
Нефтеперераб…
Нефтепроводы
Газопроводы
Сельское хозя…
Непромышлен…
Государственн…
Население иприравненныегруппыпотребителей
Территориальн…
Отклонения по ПАО Россети на 2023 год
0.5% 0.5%
0.9% 0.9%
-5.9% -5.9%
3.1% 3.1%
-17.9% -17.9%
578.4% 578.4%
2.3% 2.3%
1.8% 1.8%
2.1% 2.1%
-0.9% -0.9%
-0.2% -0.2%
⬤ Отклонение, %
Интер РАО (для ФСК)
Промышленные потребители
Транспорт
Нефтедобыча
Нефтепереработка
Нефтепроводы
Газопроводы
Сельское хозяйство и пищевая про…
Непромышленные потребители
Государственные (муниципальные)…
Население и приравненные группы…
Территориальные сетевые организ…
Выручка отклонения по ПАО Россети на 2023 год
7.7% 7.7%
16.0% 16.0%
13.2% 13.2%
6.7% 6.7%
13.3% 13.3%
-7.7% -7.7%
1 331.5% 1 331.5%
14.2% 14.2%
9.9% 9.9%
12.0% 12.0%
12.4% 12.4%
13.7% 13.7%
⬤ Отклонение, %
Интер РАО (для ФСК)
Промышленные потребители
Транспорт
Нефтедобыча
Нефтепереработка
Нефтепроводы
Газопроводы
Сельское хозяйство и пищевая про…
Непромышленные потребители
Государственные (муниципальные)…
Население и приравненные группы…
Территориальные сетевые организ…
абс.
%
Прогноз на месяц 
Ноябрь
КПО/Отпуск из сети 
Котловой полезный отпуск, млн. кВт.ч
Организация 
Все
Прогноз электропотребления и выручки за услуги по передаче в разрезе отраслей'

24-03-2025T11:27:17 - [MESSAGE][PASSED] - Text of object 'Object Repository/Прогноз по отраслям/Виджеты дашборда' is: 'Год 
2023 год
Сравнение с 
Факт прошлого года
Динамика электропотребления, млрд. кВт.ч., по ПАО Россети на 2023 год
0 0
120 120
38 38
41 41
8 8
10 10
0 0
19 19
77 77
25 25
122 122
61 61
0 0
120 120
39 39
39 39
8 8
8 8
1 1
20 20
78 78
26 26
121 121
60 60
Факт прошлого года
Ожидаемое (прогноз до конца года)
Интер РАО(для ФСК)
Промышленныепотребители
Транспорт
Нефтедобыча
Нефтеперераб…
Нефтепроводы
Газопроводы
Сельское хозя…
Непромышлен…
Государственн…
Население иприравненныегруппыпотребителей
Территориальн…
Выручка, млрд. руб, по ПАО Россети на 2023 год
5 5
285 285
72 72
72 72
18 18
22 22
0 0
50 50
201 201
61 61
190 190
227 227
6 6
331 331
82 82
77 77
20 20
20 20
3 3
57 57
220 220
68 68
214 214
258 258
Факт прошлого года
Ожидаемое (прогноз до конца года)
Интер РАО(для ФСК)
Промышленныепотребители
Транспорт
Нефтедобыча
Нефтеперераб…
Нефтепроводы
Газопроводы
Сельское хозя…
Непромышлен…
Государственн…
Население иприравненныегруппыпотребителей
Территориальн…
Отклонения по ПАО Россети на 2023 год
0.5% 0.5%
0.9% 0.9%
-5.9% -5.9%
3.1% 3.1%
-17.9% -17.9%
578.4% 578.4%
2.3% 2.3%
1.8% 1.8%
2.1% 2.1%
-0.9% -0.9%
-0.2% -0.2%
⬤ Отклонение, %
Интер РАО (для ФСК)
Промышленные потребители
Транспорт
Нефтедобыча
Нефтепереработка
Нефтепроводы
Газопроводы
Сельское хозяйство и пищевая про…
Непромышленные потребители
Государственные (муниципальные)…
Население и приравненные группы…
Территориальные сетевые организ…
Выручка отклонения по ПАО Россети на 2023 год
7.7% 7.7%
16.0% 16.0%
13.2% 13.2%
6.7% 6.7%
13.3% 13.3%
-7.7% -7.7%
1 331.5% 1 331.5%
14.2% 14.2%
9.9% 9.9%
12.0% 12.0%
12.4% 12.4%
13.7% 13.7%
⬤ Отклонение, %
Интер РАО (для ФСК)
Промышленные потребители
Транспорт
Нефтедобыча
Нефтепереработка
Нефтепроводы
Газопроводы
Сельское хозяйство и пищевая про…
Непромышленные потребители
Государственные (муниципальные)…
Население и приравненные группы…
Территориальные сетевые организ…
абс.
%
Прогноз на месяц 
Ноябрь
КПО/Отпуск из сети 
Котловой полезный отпуск, млн. кВт.ч
Организация 
Все
Прогноз электропотребления и выручки за услуги по передаче в разрезе отраслей'

24-03-2025T11:27:17 - [TEST_STEP][PASSED] - b4 = b4.replaceAll("[^0-9]", ""): null

24-03-2025T11:27:17 - [TEST_STEP][PASSED] - println("b4:" + b4): null

24-03-2025T11:27:17 - [TEST_STEP][PASSED] - click(findTestObject("Прогноз по отраслям/Фильтр Сравнение с Стресс")): Object: 'Object Repository/Прогноз по отраслям/Фильтр Сравнение с Стресс' is clicked on

24-03-2025T11:27:18 - [MESSAGE][PASSED] - Object: 'Object Repository/Прогноз по отраслям/Фильтр Сравнение с Стресс' is clicked on

24-03-2025T11:27:18 - [TEST_STEP][PASSED] - click(findTestObject("Прогноз по отраслям/План Стресс")): Object: 'Object Repository/Прогноз по отраслям/План Стресс' is clicked on

24-03-2025T11:27:19 - [MESSAGE][PASSED] - Object: 'Object Repository/Прогноз по отраслям/План Стресс' is clicked on

24-03-2025T11:27:19 - [TEST_STEP][PASSED] - delay(40): Delayed 40 second(s)

24-03-2025T11:27:59 - [MESSAGE][PASSED] - Delayed 40 second(s)

24-03-2025T11:27:59 - [TEST_STEP][PASSED] - b5 = getText(findTestObject("Прогноз по отраслям/Виджеты дашборда")): Text of object 'Object Repository/Прогноз по отраслям/Виджеты дашборда' is: 'Год 
2023 год
Сравнение с 
План
Динамика электропотребления, млрд. кВт.ч., по ПАО Россети на 2023 год
0 0
119 119
37 37
7 7
7 7
8 8
1 1
19 19
75 75
25 25
123 123
55 55
0 0
120 120
39 39
39 39
8 8
8 8
1 1
20 20
78 78
26 26
121 121
60 60
План
Ожидаемое (прогноз до конца года)
Интер РАО(для ФСК)
Промышленныепотребители
Транспорт
Нефтедобыча
Нефтеперераб…
Нефтепроводы
Газопроводы
Сельское хозя…
Непромышлен…
Государственн…
Население иприравненныегруппыпотребителей
Территориальн…
Выручка, млрд. руб, по ПАО Россети на 2023 год
5 5
319 319
81 81
16 16
16 16
20 20
2 2
56 56
215 215
67 67
218 218
239 239
6 6
331 331
82 82
77 77
20 20
20 20
3 3
57 57
220 220
68 68
214 214
258 258
План
Ожидаемое (прогноз до конца года)
Интер РАО(для ФСК)
Промышленныепотребители
Транспорт
Нефтедобыча
Нефтеперераб…
Нефтепроводы
Газопроводы
Сельское хозя…
Непромышлен…
Государственн…
Население иприравненныегруппыпотребителей
Территориальн…
Отклонения по ПАО Россети на 2023 год
1.2% 1.2%
3.2% 3.2%
492.1% 492.1%
18.1% 18.1%
4.4% 4.4%
11.9% 11.9%
1.2% 1.2%
4.1% 4.1%
2.4% 2.4%
-1.4% -1.4%
9.7% 9.7%
⬤ Отклонение, %
Интер РАО (для ФСК)
Промышленные потребители
Транспорт
Нефтедобыча
Нефтепереработка
Нефтепроводы
Газопроводы
Сельское хозяйство и пищевая про…
Непромышленные потребители
Государственные (муниципальные)…
Население и приравненные группы…
Территориальные сетевые организ…
Выручка отклонения по ПАО Россети на 2023 год
15.6% 15.6%
3.8% 3.8%
1.2% 1.2%
398.2% 398.2%
26.9% 26.9%
-0.6% -0.6%
26.9% 26.9%
1.5% 1.5%
2.7% 2.7%
2.0% 2.0%
-2.0% -2.0%
7.9% 7.9%
⬤ Отклонение, %
Интер РАО (для ФСК)
Промышленные потребители
Транспорт
Нефтедобыча
Нефтепереработка
Нефтепроводы
Газопроводы
Сельское хозяйство и пищевая про…
Непромышленные потребители
Государственные (муниципальные)…
Население и приравненные группы…
Территориальные сетевые организ…
абс.
%
Прогноз на месяц 
Ноябрь
КПО/Отпуск из сети 
Котловой полезный отпуск, млн. кВт.ч
Организация 
Все
Прогноз электропотребления и выручки за услуги по передаче в разрезе отраслей'

24-03-2025T11:28:00 - [MESSAGE][PASSED] - Text of object 'Object Repository/Прогноз по отраслям/Виджеты дашборда' is: 'Год 
2023 год
Сравнение с 
План
Динамика электропотребления, млрд. кВт.ч., по ПАО Россети на 2023 год
0 0
119 119
37 37
7 7
7 7
8 8
1 1
19 19
75 75
25 25
123 123
55 55
0 0
120 120
39 39
39 39
8 8
8 8
1 1
20 20
78 78
26 26
121 121
60 60
План
Ожидаемое (прогноз до конца года)
Интер РАО(для ФСК)
Промышленныепотребители
Транспорт
Нефтедобыча
Нефтеперераб…
Нефтепроводы
Газопроводы
Сельское хозя…
Непромышлен…
Государственн…
Население иприравненныегруппыпотребителей
Территориальн…
Выручка, млрд. руб, по ПАО Россети на 2023 год
5 5
319 319
81 81
16 16
16 16
20 20
2 2
56 56
215 215
67 67
218 218
239 239
6 6
331 331
82 82
77 77
20 20
20 20
3 3
57 57
220 220
68 68
214 214
258 258
План
Ожидаемое (прогноз до конца года)
Интер РАО(для ФСК)
Промышленныепотребители
Транспорт
Нефтедобыча
Нефтеперераб…
Нефтепроводы
Газопроводы
Сельское хозя…
Непромышлен…
Государственн…
Население иприравненныегруппыпотребителей
Территориальн…
Отклонения по ПАО Россети на 2023 год
1.2% 1.2%
3.2% 3.2%
492.1% 492.1%
18.1% 18.1%
4.4% 4.4%
11.9% 11.9%
1.2% 1.2%
4.1% 4.1%
2.4% 2.4%
-1.4% -1.4%
9.7% 9.7%
⬤ Отклонение, %
Интер РАО (для ФСК)
Промышленные потребители
Транспорт
Нефтедобыча
Нефтепереработка
Нефтепроводы
Газопроводы
Сельское хозяйство и пищевая про…
Непромышленные потребители
Государственные (муниципальные)…
Население и приравненные группы…
Территориальные сетевые организ…
Выручка отклонения по ПАО Россети на 2023 год
15.6% 15.6%
3.8% 3.8%
1.2% 1.2%
398.2% 398.2%
26.9% 26.9%
-0.6% -0.6%
26.9% 26.9%
1.5% 1.5%
2.7% 2.7%
2.0% 2.0%
-2.0% -2.0%
7.9% 7.9%
⬤ Отклонение, %
Интер РАО (для ФСК)
Промышленные потребители
Транспорт
Нефтедобыча
Нефтепереработка
Нефтепроводы
Газопроводы
Сельское хозяйство и пищевая про…
Непромышленные потребители
Государственные (муниципальные)…
Население и приравненные группы…
Территориальные сетевые организ…
абс.
%
Прогноз на месяц 
Ноябрь
КПО/Отпуск из сети 
Котловой полезный отпуск, млн. кВт.ч
Организация 
Все
Прогноз электропотребления и выручки за услуги по передаче в разрезе отраслей'

24-03-2025T11:28:00 - [TEST_STEP][PASSED] - println("b5:" + b5): null

24-03-2025T11:28:00 - [TEST_STEP][PASSED] - b5 = b5.replaceAll("[^0-9]", ""): null

24-03-2025T11:28:00 - [TEST_STEP][PASSED] - println("b5:" + b5): null

24-03-2025T11:28:00 - [TEST_STEP][PASSED] - click(findTestObject("Прогноз по отраслям/Фильтр Сравнение с Стресс")): Object: 'Object Repository/Прогноз по отраслям/Фильтр Сравнение с Стресс' is clicked on

24-03-2025T11:28:00 - [MESSAGE][PASSED] - Object: 'Object Repository/Прогноз по отраслям/Фильтр Сравнение с Стресс' is clicked on

24-03-2025T11:28:00 - [TEST_STEP][PASSED] - click(findTestObject("Прогноз по отраслям/План СУ Стресс")): Object: 'Object Repository/Прогноз по отраслям/План СУ Стресс' is clicked on

24-03-2025T11:28:01 - [MESSAGE][PASSED] - Object: 'Object Repository/Прогноз по отраслям/План СУ Стресс' is clicked on

24-03-2025T11:28:01 - [TEST_STEP][PASSED] - delay(40): Delayed 40 second(s)

24-03-2025T11:28:41 - [MESSAGE][PASSED] - Delayed 40 second(s)

24-03-2025T11:28:41 - [TEST_STEP][PASSED] - b6 = getText(findTestObject("Прогноз по отраслям/Виджеты дашборда")): Text of object 'Object Repository/Прогноз по отраслям/Виджеты дашборда' is: 'Год 
2023 год
Сравнение с 
План/СУ
Динамика электропотребления, млрд. кВт.ч., по ПАО Россети на 2023 год
0 0
0 0
0 0
0 0
0 0
0 0
0 0
0 0
0 0
0 0
0 0
0 0
0 0
120 120
39 39
39 39
8 8
8 8
1 1
20 20
78 78
26 26
121 121
60 60
СУ
Ожидаемое (прогноз до конца года)
Интер РАО(для ФСК)
Промышленныепотребители
Транспорт
Нефтедобыча
Нефтеперераб…
Нефтепроводы
Газопроводы
Сельское хозя…
Непромышлен…
Государственн…
Население иприравненныегруппыпотребителей
Территориальн…
Выручка, млрд. руб, по ПАО Россети на 2023 год
6 6
331 331
82 82
77 77
20 20
20 20
3 3
57 57
220 220
68 68
214 214
258 258
Ожидаемое (прогноз до конца года)
Интер РАО(для ФСК)
Промышленныепотребители
Транспорт
Нефтедобыча
Нефтеперераб…
Нефтепроводы
Газопроводы
Сельское хозя…
Непромышлен…
Государственн…
Население иприравненныегруппыпотребителей
Территориальн…
Отклонения по ПАО Россети на 2023 год
⬤ Отклонение, %
Интер РАО (для ФСК)
Промышленные потребители
Транспорт
Нефтедобыча
Нефтепереработка
Нефтепроводы
Газопроводы
Сельское хозяйство и пищевая про…
Непромышленные потребители
Государственные (муниципальные)…
Население и приравненные группы…
Территориальные сетевые организ…
Выручка отклонения по ПАО Россети на 2023 год
⬤ Отклонение, %
Интер РАО (для ФСК)
Промышленные потребители
Транспорт
Нефтедобыча
Нефтепереработка
Нефтепроводы
Газопроводы
Сельское хозяйство и пищевая про…
Непромышленные потребители
Государственные (муниципальные)…
Население и приравненные группы…
Территориальные сетевые организ…
абс.
%
Прогноз на месяц 
Ноябрь
КПО/Отпуск из сети 
Котловой полезный отпуск, млн. кВт.ч
Организация 
Все
Прогноз электропотребления и выручки за услуги по передаче в разрезе отраслей'

24-03-2025T11:28:42 - [MESSAGE][PASSED] - Text of object 'Object Repository/Прогноз по отраслям/Виджеты дашборда' is: 'Год 
2023 год
Сравнение с 
План/СУ
Динамика электропотребления, млрд. кВт.ч., по ПАО Россети на 2023 год
0 0
0 0
0 0
0 0
0 0
0 0
0 0
0 0
0 0
0 0
0 0
0 0
0 0
120 120
39 39
39 39
8 8
8 8
1 1
20 20
78 78
26 26
121 121
60 60
СУ
Ожидаемое (прогноз до конца года)
Интер РАО(для ФСК)
Промышленныепотребители
Транспорт
Нефтедобыча
Нефтеперераб…
Нефтепроводы
Газопроводы
Сельское хозя…
Непромышлен…
Государственн…
Население иприравненныегруппыпотребителей
Территориальн…
Выручка, млрд. руб, по ПАО Россети на 2023 год
6 6
331 331
82 82
77 77
20 20
20 20
3 3
57 57
220 220
68 68
214 214
258 258
Ожидаемое (прогноз до конца года)
Интер РАО(для ФСК)
Промышленныепотребители
Транспорт
Нефтедобыча
Нефтеперераб…
Нефтепроводы
Газопроводы
Сельское хозя…
Непромышлен…
Государственн…
Население иприравненныегруппыпотребителей
Территориальн…
Отклонения по ПАО Россети на 2023 год
⬤ Отклонение, %
Интер РАО (для ФСК)
Промышленные потребители
Транспорт
Нефтедобыча
Нефтепереработка
Нефтепроводы
Газопроводы
Сельское хозяйство и пищевая про…
Непромышленные потребители
Государственные (муниципальные)…
Население и приравненные группы…
Территориальные сетевые организ…
Выручка отклонения по ПАО Россети на 2023 год
⬤ Отклонение, %
Интер РАО (для ФСК)
Промышленные потребители
Транспорт
Нефтедобыча
Нефтепереработка
Нефтепроводы
Газопроводы
Сельское хозяйство и пищевая про…
Непромышленные потребители
Государственные (муниципальные)…
Население и приравненные группы…
Территориальные сетевые организ…
абс.
%
Прогноз на месяц 
Ноябрь
КПО/Отпуск из сети 
Котловой полезный отпуск, млн. кВт.ч
Организация 
Все
Прогноз электропотребления и выручки за услуги по передаче в разрезе отраслей'

24-03-2025T11:28:42 - [TEST_STEP][PASSED] - b6 = b6.replaceAll("[^0-9]", ""): null

24-03-2025T11:28:42 - [TEST_STEP][PASSED] - println("b6:" + b6): null

24-03-2025T11:28:42 - [TEST_STEP][PASSED] - click(findTestObject("Прогноз по отраслям/Переключить отображение с процентов на абс Стресс-сценарий")): Object: 'Object Repository/Прогноз по отраслям/Переключить отображение с процентов на абс Стресс-сценарий' is clicked on

24-03-2025T11:28:42 - [MESSAGE][PASSED] - Object: 'Object Repository/Прогноз по отраслям/Переключить отображение с процентов на абс Стресс-сценарий' is clicked on

24-03-2025T11:28:42 - [TEST_STEP][PASSED] - click(findTestObject("Прогноз по отраслям/Фильтр Сравнение с Стресс")): Object: 'Object Repository/Прогноз по отраслям/Фильтр Сравнение с Стресс' is clicked on

24-03-2025T11:28:43 - [MESSAGE][PASSED] - Object: 'Object Repository/Прогноз по отраслям/Фильтр Сравнение с Стресс' is clicked on

24-03-2025T11:28:43 - [TEST_STEP][PASSED] - click(findTestObject("Прогноз по отраслям/Факт прошлого года Стресс")): Object: 'Object Repository/Прогноз по отраслям/Факт прошлого года Стресс' is clicked on

24-03-2025T11:28:44 - [MESSAGE][PASSED] - Object: 'Object Repository/Прогноз по отраслям/Факт прошлого года Стресс' is clicked on

24-03-2025T11:28:44 - [TEST_STEP][PASSED] - click(findTestObject("Прогноз по отраслям/Фильтр КПО-Отпуск Стресс")): Object: 'Object Repository/Прогноз по отраслям/Фильтр КПО-Отпуск Стресс' is clicked on

24-03-2025T11:28:45 - [MESSAGE][PASSED] - Object: 'Object Repository/Прогноз по отраслям/Фильтр КПО-Отпуск Стресс' is clicked on

24-03-2025T11:28:45 - [TEST_STEP][PASSED] - click(findTestObject("Прогноз по отраслям/Отпуск Стресс")): Object: 'Object Repository/Прогноз по отраслям/Отпуск Стресс' is clicked on

24-03-2025T11:28:46 - [MESSAGE][PASSED] - Object: 'Object Repository/Прогноз по отраслям/Отпуск Стресс' is clicked on

24-03-2025T11:28:46 - [TEST_STEP][PASSED] - delay(40): Delayed 40 second(s)

24-03-2025T11:29:26 - [MESSAGE][PASSED] - Delayed 40 second(s)

24-03-2025T11:29:26 - [TEST_STEP][PASSED] - b7 = getText(findTestObject("Прогноз по отраслям/Виджеты дашборда")): Text of object 'Object Repository/Прогноз по отраслям/Виджеты дашборда' is: 'Год 
2023 год
Сравнение с 
Факт прошлого года
Отклонения по ПАО Россети на 2023 год
-2 263.5 -2 263.5
11 054.6 11 054.6
1 280.2 1 280.2
-1 947.5 -1 947.5
90.9 90.9
-3 845.0 -3 845.0
4 162.1 4 162.1
651.7 651.7
-4 727.7 -4 727.7
256.5 256.5
-723.9 -723.9
4 292.3 4 292.3
⬤ Отклонение, млн. кВт.ч
Интер РАО (для ФСК)
Промышленные потребители
Транспорт
Нефтедобыча
Нефтепереработка
Нефтепроводы
Газопроводы
Сельское хозяйство и пищевая про…
Непромышленные потребители
Государственные (муниципальные…
Население и приравненные группы…
Территориальные сетевые организ…
Выручка отклонения по ПАО Россети на 2023 год
421.3 421.3
45 574.9 45 574.9
9 547.5 9 547.5
4 889.3 4 889.3
2 337.4 2 337.4
-1 682.6 -1 682.6
2 919.4 2 919.4
7 110.2 7 110.2
19 840.8 19 840.8
7 289.5 7 289.5
23 664.8 23 664.8
31 028.3 31 028.3
⬤ Отклонение, млн. руб
Интер РАО (для ФСК)
Промышленные потребители
Транспорт
Нефтедобыча
Нефтепереработка
Нефтепроводы
Газопроводы
Сельское хозяйство и пищевая про…
Непромышленные потребители
Государственные (муниципальные…
Население и приравненные группы…
Территориальные сетевые организ…
Динамика электропотребления, млрд. кВт.ч., по ПАО Россети на 2023 год
12 12
186 186
36 36
50 50
10 10
19 19
0 0
17 17
85 85
19 19
82 82
604 604
10 10
197 197
37 37
48 48
10 10
15 15
4 4
18 18
80 80
19 19
82 82
608 608
Факт прошлого года
Ожидаемое (прогноз до конца года)
Интер РАО(для ФСК)
Промышленныепотребители
Транспорт
Нефтедобыча
Нефтеперераб…
Нефтепроводы
Газопроводы
Сельское хозя…
Непромышлен…
Государственн…
Население иприравненныегруппыпотребителей
Территориальн…
Выручка, млрд. руб, по ПАО Россети на 2023 год
5 5
285 285
72 72
72 72
18 18
22 22
0 0
50 50
201 201
61 61
190 190
227 227
6 6
331 331
82 82
77 77
20 20
20 20
3 3
57 57
220 220
68 68
214 214
258 258
Факт прошлого года
Ожидаемое (прогноз до конца года)
Интер РАО(для ФСК)
Промышленныепотребители
Транспорт
Нефтедобыча
Нефтеперераб…
Нефтепроводы
Газопроводы
Сельское хозя…
Непромышлен…
Государственн…
Население иприравненныегруппыпотребителей
Территориальн…
абс.
%
Прогноз на месяц 
Ноябрь
КПО/Отпуск из сети 
Отпуск из сети, млн. кВт.ч
Организация 
Все
Прогноз электропотребления и выручки за услуги по передаче в разрезе отраслей'

24-03-2025T11:29:27 - [MESSAGE][PASSED] - Text of object 'Object Repository/Прогноз по отраслям/Виджеты дашборда' is: 'Год 
2023 год
Сравнение с 
Факт прошлого года
Отклонения по ПАО Россети на 2023 год
-2 263.5 -2 263.5
11 054.6 11 054.6
1 280.2 1 280.2
-1 947.5 -1 947.5
90.9 90.9
-3 845.0 -3 845.0
4 162.1 4 162.1
651.7 651.7
-4 727.7 -4 727.7
256.5 256.5
-723.9 -723.9
4 292.3 4 292.3
⬤ Отклонение, млн. кВт.ч
Интер РАО (для ФСК)
Промышленные потребители
Транспорт
Нефтедобыча
Нефтепереработка
Нефтепроводы
Газопроводы
Сельское хозяйство и пищевая про…
Непромышленные потребители
Государственные (муниципальные…
Население и приравненные группы…
Территориальные сетевые организ…
Выручка отклонения по ПАО Россети на 2023 год
421.3 421.3
45 574.9 45 574.9
9 547.5 9 547.5
4 889.3 4 889.3
2 337.4 2 337.4
-1 682.6 -1 682.6
2 919.4 2 919.4
7 110.2 7 110.2
19 840.8 19 840.8
7 289.5 7 289.5
23 664.8 23 664.8
31 028.3 31 028.3
⬤ Отклонение, млн. руб
Интер РАО (для ФСК)
Промышленные потребители
Транспорт
Нефтедобыча
Нефтепереработка
Нефтепроводы
Газопроводы
Сельское хозяйство и пищевая про…
Непромышленные потребители
Государственные (муниципальные…
Население и приравненные группы…
Территориальные сетевые организ…
Динамика электропотребления, млрд. кВт.ч., по ПАО Россети на 2023 год
12 12
186 186
36 36
50 50
10 10
19 19
0 0
17 17
85 85
19 19
82 82
604 604
10 10
197 197
37 37
48 48
10 10
15 15
4 4
18 18
80 80
19 19
82 82
608 608
Факт прошлого года
Ожидаемое (прогноз до конца года)
Интер РАО(для ФСК)
Промышленныепотребители
Транспорт
Нефтедобыча
Нефтеперераб…
Нефтепроводы
Газопроводы
Сельское хозя…
Непромышлен…
Государственн…
Население иприравненныегруппыпотребителей
Территориальн…
Выручка, млрд. руб, по ПАО Россети на 2023 год
5 5
285 285
72 72
72 72
18 18
22 22
0 0
50 50
201 201
61 61
190 190
227 227
6 6
331 331
82 82
77 77
20 20
20 20
3 3
57 57
220 220
68 68
214 214
258 258
Факт прошлого года
Ожидаемое (прогноз до конца года)
Интер РАО(для ФСК)
Промышленныепотребители
Транспорт
Нефтедобыча
Нефтеперераб…
Нефтепроводы
Газопроводы
Сельское хозя…
Непромышлен…
Государственн…
Население иприравненныегруппыпотребителей
Территориальн…
абс.
%
Прогноз на месяц 
Ноябрь
КПО/Отпуск из сети 
Отпуск из сети, млн. кВт.ч
Организация 
Все
Прогноз электропотребления и выручки за услуги по передаче в разрезе отраслей'

24-03-2025T11:29:27 - [TEST_STEP][PASSED] - b7 = b7.replaceAll("[^0-9]", ""): null

24-03-2025T11:29:27 - [TEST_STEP][PASSED] - println("b7:" + b7): null

24-03-2025T11:29:27 - [TEST_STEP][PASSED] - click(findTestObject("Прогноз по отраслям/Фильтр Сравнение с Стресс")): Object: 'Object Repository/Прогноз по отраслям/Фильтр Сравнение с Стресс' is clicked on

24-03-2025T11:29:27 - [MESSAGE][PASSED] - Object: 'Object Repository/Прогноз по отраслям/Фильтр Сравнение с Стресс' is clicked on

24-03-2025T11:29:27 - [TEST_STEP][PASSED] - click(findTestObject("Прогноз по отраслям/План Стресс")): Object: 'Object Repository/Прогноз по отраслям/План Стресс' is clicked on

24-03-2025T11:29:29 - [MESSAGE][PASSED] - Object: 'Object Repository/Прогноз по отраслям/План Стресс' is clicked on

24-03-2025T11:29:29 - [TEST_STEP][PASSED] - delay(40): Delayed 40 second(s)

24-03-2025T11:30:09 - [MESSAGE][PASSED] - Delayed 40 second(s)

24-03-2025T11:30:09 - [TEST_STEP][PASSED] - b8 = getText(findTestObject("Прогноз по отраслям/Виджеты дашборда")): Text of object 'Object Repository/Прогноз по отраслям/Виджеты дашборда' is: 'Год 
2023 год
Сравнение с 
План
Отклонения по ПАО Россети на 2023 год
-492.2 -492.2
7 165.1 7 165.1
689.3 689.3
33 271.7 33 271.7
986.4 986.4
593.8 593.8
764.0 764.0
670.4 670.4
-592.4 -592.4
308.8 308.8
-940.9 -940.9
19 604.1 19 604.1
⬤ Отклонение, млн. кВт.ч
Интер РАО (для ФСК)
Промышленные потребители
Транспорт
Нефтедобыча
Нефтепереработка
Нефтепроводы
Газопроводы
Сельское хозяйство и пищевая про…
Непромышленные потребители
Государственные (муниципальные…
Население и приравненные группы…
Территориальные сетевые организ…
Выручка отклонения по ПАО Россети на 2023 год
794.9 794.9
12 195.0 12 195.0
972.7 972.7
61 803.9 61 803.9
4 222.3 4 222.3
-121.8 -121.8
666.2 666.2
873.2 873.2
5 809.6 5 809.6
1 342.6 1 342.6
-4 463.2 -4 463.2
18 375.5 18 375.5
⬤ Отклонение, млн. руб
Интер РАО (для ФСК)
Промышленные потребители
Транспорт
Нефтедобыча
Нефтепереработка
Нефтепроводы
Газопроводы
Сельское хозяйство и пищевая про…
Непромышленные потребители
Государственные (муниципальные…
Население и приравненные группы…
Территориальные сетевые организ…
Динамика электропотребления, млрд. кВт.ч., по ПАО Россети на 2023 год
10 10
190 190
36 36
14 14
9 9
14 14
4 4
17 17
80 80
19 19
82 82
588 588
10 10
197 197
37 37
48 48
10 10
15 15
4 4
18 18
80 80
19 19
82 82
608 608
План
Ожидаемое (прогноз до конца года)
Интер РАО(для ФСК)
Промышленныепотребители
Транспорт
Нефтедобыча
Нефтеперераб…
Нефтепроводы
Газопроводы
Сельское хозя…
Непромышлен…
Государственн…
Население иприравненныегруппыпотребителей
Территориальн…
Выручка, млрд. руб, по ПАО Россети на 2023 год
5 5
319 319
81 81
16 16
16 16
20 20
2 2
56 56
215 215
67 67
218 218
239 239
6 6
331 331
82 82
77 77
20 20
20 20
3 3
57 57
220 220
68 68
214 214
258 258
План
Ожидаемое (прогноз до конца года)
Интер РАО(для ФСК)
Промышленныепотребители
Транспорт
Нефтедобыча
Нефтеперераб…
Нефтепроводы
Газопроводы
Сельское хозя…
Непромышлен…
Государственн…
Население иприравненныегруппыпотребителей
Территориальн…
абс.
%
Прогноз на месяц 
Ноябрь
КПО/Отпуск из сети 
Отпуск из сети, млн. кВт.ч
Организация 
Все
Прогноз электропотребления и выручки за услуги по передаче в разрезе отраслей'

24-03-2025T11:30:09 - [MESSAGE][PASSED] - Text of object 'Object Repository/Прогноз по отраслям/Виджеты дашборда' is: 'Год 
2023 год
Сравнение с 
План
Отклонения по ПАО Россети на 2023 год
-492.2 -492.2
7 165.1 7 165.1
689.3 689.3
33 271.7 33 271.7
986.4 986.4
593.8 593.8
764.0 764.0
670.4 670.4
-592.4 -592.4
308.8 308.8
-940.9 -940.9
19 604.1 19 604.1
⬤ Отклонение, млн. кВт.ч
Интер РАО (для ФСК)
Промышленные потребители
Транспорт
Нефтедобыча
Нефтепереработка
Нефтепроводы
Газопроводы
Сельское хозяйство и пищевая про…
Непромышленные потребители
Государственные (муниципальные…
Население и приравненные группы…
Территориальные сетевые организ…
Выручка отклонения по ПАО Россети на 2023 год
794.9 794.9
12 195.0 12 195.0
972.7 972.7
61 803.9 61 803.9
4 222.3 4 222.3
-121.8 -121.8
666.2 666.2
873.2 873.2
5 809.6 5 809.6
1 342.6 1 342.6
-4 463.2 -4 463.2
18 375.5 18 375.5
⬤ Отклонение, млн. руб
Интер РАО (для ФСК)
Промышленные потребители
Транспорт
Нефтедобыча
Нефтепереработка
Нефтепроводы
Газопроводы
Сельское хозяйство и пищевая про…
Непромышленные потребители
Государственные (муниципальные…
Население и приравненные группы…
Территориальные сетевые организ…
Динамика электропотребления, млрд. кВт.ч., по ПАО Россети на 2023 год
10 10
190 190
36 36
14 14
9 9
14 14
4 4
17 17
80 80
19 19
82 82
588 588
10 10
197 197
37 37
48 48
10 10
15 15
4 4
18 18
80 80
19 19
82 82
608 608
План
Ожидаемое (прогноз до конца года)
Интер РАО(для ФСК)
Промышленныепотребители
Транспорт
Нефтедобыча
Нефтеперераб…
Нефтепроводы
Газопроводы
Сельское хозя…
Непромышлен…
Государственн…
Население иприравненныегруппыпотребителей
Территориальн…
Выручка, млрд. руб, по ПАО Россети на 2023 год
5 5
319 319
81 81
16 16
16 16
20 20
2 2
56 56
215 215
67 67
218 218
239 239
6 6
331 331
82 82
77 77
20 20
20 20
3 3
57 57
220 220
68 68
214 214
258 258
План
Ожидаемое (прогноз до конца года)
Интер РАО(для ФСК)
Промышленныепотребители
Транспорт
Нефтедобыча
Нефтеперераб…
Нефтепроводы
Газопроводы
Сельское хозя…
Непромышлен…
Государственн…
Население иприравненныегруппыпотребителей
Территориальн…
абс.
%
Прогноз на месяц 
Ноябрь
КПО/Отпуск из сети 
Отпуск из сети, млн. кВт.ч
Организация 
Все
Прогноз электропотребления и выручки за услуги по передаче в разрезе отраслей'

24-03-2025T11:30:09 - [TEST_STEP][PASSED] - b8 = b8.replaceAll("[^0-9]", ""): null

24-03-2025T11:30:09 - [TEST_STEP][PASSED] - println("b8:" + b8): null

24-03-2025T11:30:09 - [TEST_STEP][PASSED] - click(findTestObject("Прогноз по отраслям/Фильтр Сравнение с Стресс")): Object: 'Object Repository/Прогноз по отраслям/Фильтр Сравнение с Стресс' is clicked on

24-03-2025T11:30:10 - [MESSAGE][PASSED] - Object: 'Object Repository/Прогноз по отраслям/Фильтр Сравнение с Стресс' is clicked on

24-03-2025T11:30:10 - [TEST_STEP][PASSED] - click(findTestObject("Прогноз по отраслям/План СУ Стресс")): Object: 'Object Repository/Прогноз по отраслям/План СУ Стресс' is clicked on

24-03-2025T11:30:11 - [MESSAGE][PASSED] - Object: 'Object Repository/Прогноз по отраслям/План СУ Стресс' is clicked on

24-03-2025T11:30:11 - [TEST_STEP][PASSED] - delay(40): Delayed 40 second(s)

24-03-2025T11:30:51 - [MESSAGE][PASSED] - Delayed 40 second(s)

24-03-2025T11:30:51 - [TEST_STEP][PASSED] - b9 = getText(findTestObject("Прогноз по отраслям/Виджеты дашборда")): Text of object 'Object Repository/Прогноз по отраслям/Виджеты дашборда' is: 'Год 
2023 год
Сравнение с 
План/СУ
Отклонения по ПАО Россети на 2023 год
243.5 243.5
16 024.4 16 024.4
1 255.1 1 255.1
32 869.9 32 869.9
1 135.7 1 135.7
950.0 950.0
511.1 511.1
1 324.2 1 324.2
-5 962.8 -5 962.8
433.5 433.5
2 431.5 2 431.5
22 321.4 22 321.4
⬤ Отклонение, млн. кВт.ч
Интер РАО (для ФСК)
Промышленные потребители
Транспорт
Нефтедобыча
Нефтепереработка
Нефтепроводы
Газопроводы
Сельское хозяйство и пищевая про…
Непромышленные потребители
Государственные (муниципальные…
Население и приравненные группы…
Территориальные сетевые организ…
Выручка отклонения по ПАО Россети на 2023 год
⬤ Отклонение, млн. руб
Интер РАО (для ФСК)
Промышленные потребители
Транспорт
Нефтедобыча
Нефтепереработка
Нефтепроводы
Газопроводы
Сельское хозяйство и пищевая про…
Непромышленные потребители
Государственные (муниципальные…
Население и приравненные группы…
Территориальные сетевые организ…
Динамика электропотребления, млрд. кВт.ч., по ПАО Россети на 2023 год
10 10
181 181
36 36
15 15
9 9
14 14
4 4
16 16
86 86
19 19
79 79
586 586
10 10
197 197
37 37
48 48
10 10
15 15
4 4
18 18
80 80
19 19
82 82
608 608
СУ
Ожидаемое (прогноз до конца года)
Интер РАО(для ФСК)
Промышленныепотребители
Транспорт
Нефтедобыча
Нефтеперераб…
Нефтепроводы
Газопроводы
Сельское хозя…
Непромышлен…
Государственн…
Население иприравненныегруппыпотребителей
Территориальн…
Выручка, млрд. руб, по ПАО Россети на 2023 год
6 6
331 331
82 82
77 77
20 20
20 20
3 3
57 57
220 220
68 68
214 214
258 258
Ожидаемое (прогноз до конца года)
Интер РАО(для ФСК)
Промышленныепотребители
Транспорт
Нефтедобыча
Нефтеперераб…
Нефтепроводы
Газопроводы
Сельское хозя…
Непромышлен…
Государственн…
Население иприравненныегруппыпотребителей
Территориальн…
абс.
%
Прогноз на месяц 
Ноябрь
КПО/Отпуск из сети 
Отпуск из сети, млн. кВт.ч
Организация 
Все
Прогноз электропотребления и выручки за услуги по передаче в разрезе отраслей'

24-03-2025T11:30:52 - [MESSAGE][PASSED] - Text of object 'Object Repository/Прогноз по отраслям/Виджеты дашборда' is: 'Год 
2023 год
Сравнение с 
План/СУ
Отклонения по ПАО Россети на 2023 год
243.5 243.5
16 024.4 16 024.4
1 255.1 1 255.1
32 869.9 32 869.9
1 135.7 1 135.7
950.0 950.0
511.1 511.1
1 324.2 1 324.2
-5 962.8 -5 962.8
433.5 433.5
2 431.5 2 431.5
22 321.4 22 321.4
⬤ Отклонение, млн. кВт.ч
Интер РАО (для ФСК)
Промышленные потребители
Транспорт
Нефтедобыча
Нефтепереработка
Нефтепроводы
Газопроводы
Сельское хозяйство и пищевая про…
Непромышленные потребители
Государственные (муниципальные…
Население и приравненные группы…
Территориальные сетевые организ…
Выручка отклонения по ПАО Россети на 2023 год
⬤ Отклонение, млн. руб
Интер РАО (для ФСК)
Промышленные потребители
Транспорт
Нефтедобыча
Нефтепереработка
Нефтепроводы
Газопроводы
Сельское хозяйство и пищевая про…
Непромышленные потребители
Государственные (муниципальные…
Население и приравненные группы…
Территориальные сетевые организ…
Динамика электропотребления, млрд. кВт.ч., по ПАО Россети на 2023 год
10 10
181 181
36 36
15 15
9 9
14 14
4 4
16 16
86 86
19 19
79 79
586 586
10 10
197 197
37 37
48 48
10 10
15 15
4 4
18 18
80 80
19 19
82 82
608 608
СУ
Ожидаемое (прогноз до конца года)
Интер РАО(для ФСК)
Промышленныепотребители
Транспорт
Нефтедобыча
Нефтеперераб…
Нефтепроводы
Газопроводы
Сельское хозя…
Непромышлен…
Государственн…
Население иприравненныегруппыпотребителей
Территориальн…
Выручка, млрд. руб, по ПАО Россети на 2023 год
6 6
331 331
82 82
77 77
20 20
20 20
3 3
57 57
220 220
68 68
214 214
258 258
Ожидаемое (прогноз до конца года)
Интер РАО(для ФСК)
Промышленныепотребители
Транспорт
Нефтедобыча
Нефтеперераб…
Нефтепроводы
Газопроводы
Сельское хозя…
Непромышлен…
Государственн…
Население иприравненныегруппыпотребителей
Территориальн…
абс.
%
Прогноз на месяц 
Ноябрь
КПО/Отпуск из сети 
Отпуск из сети, млн. кВт.ч
Организация 
Все
Прогноз электропотребления и выручки за услуги по передаче в разрезе отраслей'

24-03-2025T11:30:52 - [TEST_STEP][PASSED] - b9 = b9.replaceAll("[^0-9]", ""): null

24-03-2025T11:30:52 - [TEST_STEP][PASSED] - println("b9:" + b9): null

24-03-2025T11:30:52 - [TEST_STEP][PASSED] - click(findTestObject("Прогноз по отраслям/Фильтр Сравнение с Стресс")): Object: 'Object Repository/Прогноз по отраслям/Фильтр Сравнение с Стресс' is clicked on

24-03-2025T11:30:52 - [MESSAGE][PASSED] - Object: 'Object Repository/Прогноз по отраслям/Фильтр Сравнение с Стресс' is clicked on

24-03-2025T11:30:52 - [TEST_STEP][PASSED] - click(findTestObject("Прогноз по отраслям/Факт прошлого года Стресс")): Object: 'Object Repository/Прогноз по отраслям/Факт прошлого года Стресс' is clicked on

24-03-2025T11:30:53 - [MESSAGE][PASSED] - Object: 'Object Repository/Прогноз по отраслям/Факт прошлого года Стресс' is clicked on

24-03-2025T11:30:53 - [TEST_STEP][PASSED] - click(findTestObject("Прогноз по отраслям/Фильтр КПО-Отпуск Стресс")): Object: 'Object Repository/Прогноз по отраслям/Фильтр КПО-Отпуск Стресс' is clicked on

24-03-2025T11:30:54 - [MESSAGE][PASSED] - Object: 'Object Repository/Прогноз по отраслям/Фильтр КПО-Отпуск Стресс' is clicked on

24-03-2025T11:30:54 - [TEST_STEP][PASSED] - click(findTestObject("Прогноз по отраслям/КПО Стресс")): Object: 'Object Repository/Прогноз по отраслям/КПО Стресс' is clicked on

24-03-2025T11:30:56 - [MESSAGE][PASSED] - Object: 'Object Repository/Прогноз по отраслям/КПО Стресс' is clicked on

24-03-2025T11:30:56 - [TEST_STEP][PASSED] - delay(40): Delayed 40 second(s)

24-03-2025T11:31:36 - [MESSAGE][PASSED] - Delayed 40 second(s)

24-03-2025T11:31:36 - [TEST_STEP][PASSED] - b10 = getText(findTestObject("Прогноз по отраслям/Виджеты дашборда")): Text of object 'Object Repository/Прогноз по отраслям/Виджеты дашборда' is: 'Год 
2023 год
Сравнение с 
Факт прошлого года
Отклонения по ПАО Россети на 2023 год
0.0 0.0
646.5 646.5
341.1 341.1
-2 455.6 -2 455.6
245.6 245.6
-1 796.0 -1 796.0
676.2 676.2
452.4 452.4
1 386.2 1 386.2
527.5 527.5
-1 130.4 -1 130.4
-128.7 -128.7
⬤ Отклонение, млн. кВт.ч
Интер РАО (для ФСК)
Промышленные потребители
Транспорт
Нефтедобыча
Нефтепереработка
Нефтепроводы
Газопроводы
Сельское хозяйство и пищевая про…
Непромышленные потребители
Государственные (муниципальные…
Население и приравненные группы…
Территориальные сетевые организ…
Выручка отклонения по ПАО Россети на 2023 год
421.3 421.3
45 574.9 45 574.9
9 547.5 9 547.5
4 889.3 4 889.3
2 337.4 2 337.4
-1 682.6 -1 682.6
2 919.4 2 919.4
7 110.2 7 110.2
19 840.8 19 840.8
7 289.5 7 289.5
23 664.8 23 664.8
31 028.3 31 028.3
⬤ Отклонение, млн. руб
Интер РАО (для ФСК)
Промышленные потребители
Транспорт
Нефтедобыча
Нефтепереработка
Нефтепроводы
Газопроводы
Сельское хозяйство и пищевая про…
Непромышленные потребители
Государственные (муниципальные…
Население и приравненные группы…
Территориальные сетевые организ…
Динамика электропотребления, млрд. кВт.ч., по ПАО Россети на 2023 год
0 0
120 120
38 38
41 41
8 8
10 10
0 0
19 19
77 77
25 25
122 122
61 61
0 0
120 120
39 39
39 39
8 8
8 8
1 1
20 20
78 78
26 26
121 121
60 60
Факт прошлого года
Ожидаемое (прогноз до конца года)
Интер РАО(для ФСК)
Промышленныепотребители
Транспорт
Нефтедобыча
Нефтеперераб…
Нефтепроводы
Газопроводы
Сельское хозя…
Непромышлен…
Государственн…
Население иприравненныегруппыпотребителей
Территориальн…
Выручка, млрд. руб, по ПАО Россети на 2023 год
5 5
285 285
72 72
72 72
18 18
22 22
0 0
50 50
201 201
61 61
190 190
227 227
6 6
331 331
82 82
77 77
20 20
20 20
3 3
57 57
220 220
68 68
214 214
258 258
Факт прошлого года
Ожидаемое (прогноз до конца года)
Интер РАО(для ФСК)
Промышленныепотребители
Транспорт
Нефтедобыча
Нефтеперераб…
Нефтепроводы
Газопроводы
Сельское хозя…
Непромышлен…
Государственн…
Население иприравненныегруппыпотребителей
Территориальн…
абс.
%
Прогноз на месяц 
Ноябрь
КПО/Отпуск из сети 
Котловой полезный отпуск, млн. кВт.ч
Организация 
Все
Прогноз электропотребления и выручки за услуги по передаче в разрезе отраслей'

24-03-2025T11:31:36 - [MESSAGE][PASSED] - Text of object 'Object Repository/Прогноз по отраслям/Виджеты дашборда' is: 'Год 
2023 год
Сравнение с 
Факт прошлого года
Отклонения по ПАО Россети на 2023 год
0.0 0.0
646.5 646.5
341.1 341.1
-2 455.6 -2 455.6
245.6 245.6
-1 796.0 -1 796.0
676.2 676.2
452.4 452.4
1 386.2 1 386.2
527.5 527.5
-1 130.4 -1 130.4
-128.7 -128.7
⬤ Отклонение, млн. кВт.ч
Интер РАО (для ФСК)
Промышленные потребители
Транспорт
Нефтедобыча
Нефтепереработка
Нефтепроводы
Газопроводы
Сельское хозяйство и пищевая про…
Непромышленные потребители
Государственные (муниципальные…
Население и приравненные группы…
Территориальные сетевые организ…
Выручка отклонения по ПАО Россети на 2023 год
421.3 421.3
45 574.9 45 574.9
9 547.5 9 547.5
4 889.3 4 889.3
2 337.4 2 337.4
-1 682.6 -1 682.6
2 919.4 2 919.4
7 110.2 7 110.2
19 840.8 19 840.8
7 289.5 7 289.5
23 664.8 23 664.8
31 028.3 31 028.3
⬤ Отклонение, млн. руб
Интер РАО (для ФСК)
Промышленные потребители
Транспорт
Нефтедобыча
Нефтепереработка
Нефтепроводы
Газопроводы
Сельское хозяйство и пищевая про…
Непромышленные потребители
Государственные (муниципальные…
Население и приравненные группы…
Территориальные сетевые организ…
Динамика электропотребления, млрд. кВт.ч., по ПАО Россети на 2023 год
0 0
120 120
38 38
41 41
8 8
10 10
0 0
19 19
77 77
25 25
122 122
61 61
0 0
120 120
39 39
39 39
8 8
8 8
1 1
20 20
78 78
26 26
121 121
60 60
Факт прошлого года
Ожидаемое (прогноз до конца года)
Интер РАО(для ФСК)
Промышленныепотребители
Транспорт
Нефтедобыча
Нефтеперераб…
Нефтепроводы
Газопроводы
Сельское хозя…
Непромышлен…
Государственн…
Население иприравненныегруппыпотребителей
Территориальн…
Выручка, млрд. руб, по ПАО Россети на 2023 год
5 5
285 285
72 72
72 72
18 18
22 22
0 0
50 50
201 201
61 61
190 190
227 227
6 6
331 331
82 82
77 77
20 20
20 20
3 3
57 57
220 220
68 68
214 214
258 258
Факт прошлого года
Ожидаемое (прогноз до конца года)
Интер РАО(для ФСК)
Промышленныепотребители
Транспорт
Нефтедобыча
Нефтеперераб…
Нефтепроводы
Газопроводы
Сельское хозя…
Непромышлен…
Государственн…
Население иприравненныегруппыпотребителей
Территориальн…
абс.
%
Прогноз на месяц 
Ноябрь
КПО/Отпуск из сети 
Котловой полезный отпуск, млн. кВт.ч
Организация 
Все
Прогноз электропотребления и выручки за услуги по передаче в разрезе отраслей'

24-03-2025T11:31:36 - [TEST_STEP][PASSED] - b10 = b10.replaceAll("[^0-9]", ""): null

24-03-2025T11:31:36 - [TEST_STEP][PASSED] - println("b10:" + b10): null

24-03-2025T11:31:36 - [TEST_STEP][PASSED] - click(findTestObject("Прогноз по отраслям/Фильтр Сравнение с Стресс")): Object: 'Object Repository/Прогноз по отраслям/Фильтр Сравнение с Стресс' is clicked on

24-03-2025T11:31:37 - [MESSAGE][PASSED] - Object: 'Object Repository/Прогноз по отраслям/Фильтр Сравнение с Стресс' is clicked on

24-03-2025T11:31:37 - [TEST_STEP][PASSED] - click(findTestObject("Прогноз по отраслям/План Стресс")): Object: 'Object Repository/Прогноз по отраслям/План Стресс' is clicked on

24-03-2025T11:31:38 - [MESSAGE][PASSED] - Object: 'Object Repository/Прогноз по отраслям/План Стресс' is clicked on

24-03-2025T11:31:38 - [TEST_STEP][PASSED] - delay(40): Delayed 40 second(s)

24-03-2025T11:32:18 - [MESSAGE][PASSED] - Delayed 40 second(s)

24-03-2025T11:32:18 - [TEST_STEP][PASSED] - b11 = getText(findTestObject("Прогноз по отраслям/Виджеты дашборда")): Text of object 'Object Repository/Прогноз по отраслям/Виджеты дашборда' is: 'Год 
2023 год
Сравнение с 
План
Отклонения по ПАО Россети на 2023 год
0.0 0.0
1 471.7 1 471.7
1 186.5 1 186.5
32 445.2 32 445.2
1 268.3 1 268.3
349.4 349.4
84.3 84.3
239.8 239.8
2 969.4 2 969.4
589.2 589.2
-1 798.4 -1 798.4
5 359.3 5 359.3
⬤ Отклонение, млн. кВт.ч
Интер РАО (для ФСК)
Промышленные потребители
Транспорт
Нефтедобыча
Нефтепереработка
Нефтепроводы
Газопроводы
Сельское хозяйство и пищевая про…
Непромышленные потребители
Государственные (муниципальные…
Население и приравненные группы…
Территориальные сетевые организ…
Выручка отклонения по ПАО Россети на 2023 год
794.9 794.9
12 195.0 12 195.0
972.7 972.7
61 803.9 61 803.9
4 222.3 4 222.3
-121.8 -121.8
666.2 666.2
873.2 873.2
5 809.6 5 809.6
1 342.6 1 342.6
-4 463.2 -4 463.2
18 375.5 18 375.5
⬤ Отклонение, млн. руб
Интер РАО (для ФСК)
Промышленные потребители
Транспорт
Нефтедобыча
Нефтепереработка
Нефтепроводы
Газопроводы
Сельское хозяйство и пищевая про…
Непромышленные потребители
Государственные (муниципальные…
Население и приравненные группы…
Территориальные сетевые организ…
Динамика электропотребления, млрд. кВт.ч., по ПАО Россети на 2023 год
0 0
119 119
37 37
7 7
7 7
8 8
1 1
19 19
75 75
25 25
123 123
55 55
0 0
120 120
39 39
39 39
8 8
8 8
1 1
20 20
78 78
26 26
121 121
60 60
План
Ожидаемое (прогноз до конца года)
Интер РАО(для ФСК)
Промышленныепотребители
Транспорт
Нефтедобыча
Нефтеперераб…
Нефтепроводы
Газопроводы
Сельское хозя…
Непромышлен…
Государственн…
Население иприравненныегруппыпотребителей
Территориальн…
Выручка, млрд. руб, по ПАО Россети на 2023 год
5 5
319 319
81 81
16 16
16 16
20 20
2 2
56 56
215 215
67 67
218 218
239 239
6 6
331 331
82 82
77 77
20 20
20 20
3 3
57 57
220 220
68 68
214 214
258 258
План
Ожидаемое (прогноз до конца года)
Интер РАО(для ФСК)
Промышленныепотребители
Транспорт
Нефтедобыча
Нефтеперераб…
Нефтепроводы
Газопроводы
Сельское хозя…
Непромышлен…
Государственн…
Население иприравненныегруппыпотребителей
Территориальн…
абс.
%
Прогноз на месяц 
Ноябрь
КПО/Отпуск из сети 
Котловой полезный отпуск, млн. кВт.ч
Организация 
Все
Прогноз электропотребления и выручки за услуги по передаче в разрезе отраслей'

24-03-2025T11:32:19 - [MESSAGE][PASSED] - Text of object 'Object Repository/Прогноз по отраслям/Виджеты дашборда' is: 'Год 
2023 год
Сравнение с 
План
Отклонения по ПАО Россети на 2023 год
0.0 0.0
1 471.7 1 471.7
1 186.5 1 186.5
32 445.2 32 445.2
1 268.3 1 268.3
349.4 349.4
84.3 84.3
239.8 239.8
2 969.4 2 969.4
589.2 589.2
-1 798.4 -1 798.4
5 359.3 5 359.3
⬤ Отклонение, млн. кВт.ч
Интер РАО (для ФСК)
Промышленные потребители
Транспорт
Нефтедобыча
Нефтепереработка
Нефтепроводы
Газопроводы
Сельское хозяйство и пищевая про…
Непромышленные потребители
Государственные (муниципальные…
Население и приравненные группы…
Территориальные сетевые организ…
Выручка отклонения по ПАО Россети на 2023 год
794.9 794.9
12 195.0 12 195.0
972.7 972.7
61 803.9 61 803.9
4 222.3 4 222.3
-121.8 -121.8
666.2 666.2
873.2 873.2
5 809.6 5 809.6
1 342.6 1 342.6
-4 463.2 -4 463.2
18 375.5 18 375.5
⬤ Отклонение, млн. руб
Интер РАО (для ФСК)
Промышленные потребители
Транспорт
Нефтедобыча
Нефтепереработка
Нефтепроводы
Газопроводы
Сельское хозяйство и пищевая про…
Непромышленные потребители
Государственные (муниципальные…
Население и приравненные группы…
Территориальные сетевые организ…
Динамика электропотребления, млрд. кВт.ч., по ПАО Россети на 2023 год
0 0
119 119
37 37
7 7
7 7
8 8
1 1
19 19
75 75
25 25
123 123
55 55
0 0
120 120
39 39
39 39
8 8
8 8
1 1
20 20
78 78
26 26
121 121
60 60
План
Ожидаемое (прогноз до конца года)
Интер РАО(для ФСК)
Промышленныепотребители
Транспорт
Нефтедобыча
Нефтеперераб…
Нефтепроводы
Газопроводы
Сельское хозя…
Непромышлен…
Государственн…
Население иприравненныегруппыпотребителей
Территориальн…
Выручка, млрд. руб, по ПАО Россети на 2023 год
5 5
319 319
81 81
16 16
16 16
20 20
2 2
56 56
215 215
67 67
218 218
239 239
6 6
331 331
82 82
77 77
20 20
20 20
3 3
57 57
220 220
68 68
214 214
258 258
План
Ожидаемое (прогноз до конца года)
Интер РАО(для ФСК)
Промышленныепотребители
Транспорт
Нефтедобыча
Нефтеперераб…
Нефтепроводы
Газопроводы
Сельское хозя…
Непромышлен…
Государственн…
Население иприравненныегруппыпотребителей
Территориальн…
абс.
%
Прогноз на месяц 
Ноябрь
КПО/Отпуск из сети 
Котловой полезный отпуск, млн. кВт.ч
Организация 
Все
Прогноз электропотребления и выручки за услуги по передаче в разрезе отраслей'

24-03-2025T11:32:19 - [TEST_STEP][PASSED] - println("b11:" + b11): null

24-03-2025T11:32:19 - [TEST_STEP][PASSED] - b11 = b11.replaceAll("[^0-9]", ""): null

24-03-2025T11:32:19 - [TEST_STEP][PASSED] - println("b11:" + b11): null

24-03-2025T11:32:19 - [TEST_STEP][PASSED] - click(findTestObject("Прогноз по отраслям/Фильтр Сравнение с Стресс")): Object: 'Object Repository/Прогноз по отраслям/Фильтр Сравнение с Стресс' is clicked on

24-03-2025T11:32:19 - [MESSAGE][PASSED] - Object: 'Object Repository/Прогноз по отраслям/Фильтр Сравнение с Стресс' is clicked on

24-03-2025T11:32:19 - [TEST_STEP][PASSED] - click(findTestObject("Прогноз по отраслям/План СУ Стресс")): Object: 'Object Repository/Прогноз по отраслям/План СУ Стресс' is clicked on

24-03-2025T11:32:20 - [MESSAGE][PASSED] - Object: 'Object Repository/Прогноз по отраслям/План СУ Стресс' is clicked on

24-03-2025T11:32:20 - [TEST_STEP][PASSED] - delay(40): Delayed 40 second(s)

24-03-2025T11:33:00 - [MESSAGE][PASSED] - Delayed 40 second(s)

24-03-2025T11:33:00 - [TEST_STEP][PASSED] - b12 = getText(findTestObject("Прогноз по отраслям/Виджеты дашборда")): Text of object 'Object Repository/Прогноз по отраслям/Виджеты дашборда' is: 'Год 
2023 год
Сравнение с 
План/СУ
Отклонения по ПАО Россети на 2023 год
0.0 0.0
120 322.6 120 322.6
38 655.4 38 655.4
39 037.8 39 037.8
8 291.7 8 291.7
8 259.5 8 259.5
793.1 793.1
19 706.6 19 706.6
78 310.2 78 310.2
25 579.5 25 579.5
121 219.7 121 219.7
60 414.9 60 414.9
⬤ Отклонение, млн. кВт.ч
Интер РАО (для ФСК)
Промышленные потребители
Транспорт
Нефтедобыча
Нефтепереработка
Нефтепроводы
Газопроводы
Сельское хозяйство и пищевая про…
Непромышленные потребители
Государственные (муниципальные…
Население и приравненные группы…
Территориальные сетевые организ…
Выручка отклонения по ПАО Россети на 2023 год
⬤ Отклонение, млн. руб
Интер РАО (для ФСК)
Промышленные потребители
Транспорт
Нефтедобыча
Нефтепереработка
Нефтепроводы
Газопроводы
Сельское хозяйство и пищевая про…
Непромышленные потребители
Государственные (муниципальные…
Население и приравненные группы…
Территориальные сетевые организ…
Динамика электропотребления, млрд. кВт.ч., по ПАО Россети на 2023 год
0 0
0 0
0 0
0 0
0 0
0 0
0 0
0 0
0 0
0 0
0 0
0 0
0 0
120 120
39 39
39 39
8 8
8 8
1 1
20 20
78 78
26 26
121 121
60 60
СУ
Ожидаемое (прогноз до конца года)
Интер РАО(для ФСК)
Промышленныепотребители
Транспорт
Нефтедобыча
Нефтеперераб…
Нефтепроводы
Газопроводы
Сельское хозя…
Непромышлен…
Государственн…
Население иприравненныегруппыпотребителей
Территориальн…
Выручка, млрд. руб, по ПАО Россети на 2023 год
6 6
331 331
82 82
77 77
20 20
20 20
3 3
57 57
220 220
68 68
214 214
258 258
Ожидаемое (прогноз до конца года)
Интер РАО(для ФСК)
Промышленныепотребители
Транспорт
Нефтедобыча
Нефтеперераб…
Нефтепроводы
Газопроводы
Сельское хозя…
Непромышлен…
Государственн…
Население иприравненныегруппыпотребителей
Территориальн…
абс.
%
Прогноз на месяц 
Ноябрь
КПО/Отпуск из сети 
Котловой полезный отпуск, млн. кВт.ч
Организация 
Все
Прогноз электропотребления и выручки за услуги по передаче в разрезе отраслей'

24-03-2025T11:33:01 - [MESSAGE][PASSED] - Text of object 'Object Repository/Прогноз по отраслям/Виджеты дашборда' is: 'Год 
2023 год
Сравнение с 
План/СУ
Отклонения по ПАО Россети на 2023 год
0.0 0.0
120 322.6 120 322.6
38 655.4 38 655.4
39 037.8 39 037.8
8 291.7 8 291.7
8 259.5 8 259.5
793.1 793.1
19 706.6 19 706.6
78 310.2 78 310.2
25 579.5 25 579.5
121 219.7 121 219.7
60 414.9 60 414.9
⬤ Отклонение, млн. кВт.ч
Интер РАО (для ФСК)
Промышленные потребители
Транспорт
Нефтедобыча
Нефтепереработка
Нефтепроводы
Газопроводы
Сельское хозяйство и пищевая про…
Непромышленные потребители
Государственные (муниципальные…
Население и приравненные группы…
Территориальные сетевые организ…
Выручка отклонения по ПАО Россети на 2023 год
⬤ Отклонение, млн. руб
Интер РАО (для ФСК)
Промышленные потребители
Транспорт
Нефтедобыча
Нефтепереработка
Нефтепроводы
Газопроводы
Сельское хозяйство и пищевая про…
Непромышленные потребители
Государственные (муниципальные…
Население и приравненные группы…
Территориальные сетевые организ…
Динамика электропотребления, млрд. кВт.ч., по ПАО Россети на 2023 год
0 0
0 0
0 0
0 0
0 0
0 0
0 0
0 0
0 0
0 0
0 0
0 0
0 0
120 120
39 39
39 39
8 8
8 8
1 1
20 20
78 78
26 26
121 121
60 60
СУ
Ожидаемое (прогноз до конца года)
Интер РАО(для ФСК)
Промышленныепотребители
Транспорт
Нефтедобыча
Нефтеперераб…
Нефтепроводы
Газопроводы
Сельское хозя…
Непромышлен…
Государственн…
Население иприравненныегруппыпотребителей
Территориальн…
Выручка, млрд. руб, по ПАО Россети на 2023 год
6 6
331 331
82 82
77 77
20 20
20 20
3 3
57 57
220 220
68 68
214 214
258 258
Ожидаемое (прогноз до конца года)
Интер РАО(для ФСК)
Промышленныепотребители
Транспорт
Нефтедобыча
Нефтеперераб…
Нефтепроводы
Газопроводы
Сельское хозя…
Непромышлен…
Государственн…
Население иприравненныегруппыпотребителей
Территориальн…
абс.
%
Прогноз на месяц 
Ноябрь
КПО/Отпуск из сети 
Котловой полезный отпуск, млн. кВт.ч
Организация 
Все
Прогноз электропотребления и выручки за услуги по передаче в разрезе отраслей'

24-03-2025T11:33:01 - [TEST_STEP][PASSED] - b12 = b12.replaceAll("[^0-9]", ""): null

24-03-2025T11:33:01 - [TEST_STEP][PASSED] - println("b12:" + b12): null

24-03-2025T11:33:01 - [TEST_STEP][PASSED] - if (verifyEqual(a1, b1) == true): Actual object '20232023121218618636365050101019190017178585191982826046041010197197373748481010151544181880801919828260860820235528528572727272181822220050502012016161190190227227663313318282777720202020335757220220686821421425825820231851855959363639390909207207331323313238385656131309090707202377771601601321326767133133777713315133151421429999120120124124137137' and expected object '20232023121218618636365050101019190017178585191982826046041010197197373748481010151544181880801919828260860820235528528572727272181822220050502012016161190190227227663313318282777720202020335757220220686821421425825820231851855959363639390909207207331323313238385656131309090707202377771601601321326767133133777713315133151421429999120120124124137137' are equal

24-03-2025T11:33:01 - [MESSAGE][PASSED] - Actual object '20232023121218618636365050101019190017178585191982826046041010197197373748481010151544181880801919828260860820235528528572727272181822220050502012016161190190227227663313318282777720202020335757220220686821421425825820231851855959363639390909207207331323313238385656131309090707202377771601601321326767133133777713315133151421429999120120124124137137' and expected object '20232023121218618636365050101019190017178585191982826046041010197197373748481010151544181880801919828260860820235528528572727272181822220050502012016161190190227227663313318282777720202020335757220220686821421425825820231851855959363639390909207207331323313238385656131309090707202377771601601321326767133133777713315133151421429999120120124124137137' are equal

24-03-2025T11:33:01 - [TEST_STEP][PASSED] - if (verifyEqual(a2, b2) == true): Actual object '202320231010190190363614149914144417178080191982825885881010197197373748481010151544181880801919828260860820235531931981811616161620202256562152156767218218239239663313318282777720202020335757220220686821421425825820234747383819192303230310910942422172173939060616161010333320231561563838121239823982269269060626926915152727202020207979' and expected object '202320231010190190363614149914144417178080191982825885881010197197373748481010151544181880801919828260860820235531931981811616161620202256562152156767218218239239663313318282777720202020335757220220686821421425825820234747383819192303230310910942422172173939060616161010333320231561563838121239823982269269060626926915152727202020207979' are equal

24-03-2025T11:33:01 - [MESSAGE][PASSED] - Actual object '202320231010190190363614149914144417178080191982825885881010197197373748481010151544181880801919828260860820235531931981811616161620202256562152156767218218239239663313318282777720202020335757220220686821421425825820234747383819192303230310910942422172173939060616161010333320231561563838121239823982269269060626926915152727202020207979' and expected object '202320231010190190363614149914144417178080191982825885881010197197373748481010151544181880801919828260860820235531931981811616161620202256562152156767218218239239663313318282777720202020335757220220686821421425825820234747383819192303230310910942422172173939060616161010333320231561563838121239823982269269060626926915152727202020207979' are equal

24-03-2025T11:33:01 - [TEST_STEP][PASSED] - if (verifyEqual(a3, b3) == true): Actual object '2023202310101811813636151599141444161686861919797958658610101971973737484810101515441818808019198282608608202366331331828277772020202033575722022068682142142582582023252589893535221422141281286969135135818169692323313138382023' and expected object '2023202310101811813636151599141444161686861919797958658610101971973737484810101515441818808019198282608608202366331331828277772020202033575722022068682142142582582023252589893535221422141281286969135135818169692323313138382023' are equal

24-03-2025T11:33:01 - [MESSAGE][PASSED] - Actual object '2023202310101811813636151599141444161686861919797958658610101971973737484810101515441818808019198282608608202366331331828277772020202033575722022068682142142582582023252589893535221422141281286969135135818169692323313138382023' and expected object '2023202310101811813636151599141444161686861919797958658610101971973737484810101515441818808019198282608608202366331331828277772020202033575722022068682142142582582023252589893535221422141281286969135135818169692323313138382023' are equal

24-03-2025T11:33:01 - [TEST_STEP][PASSED] - if (verifyEqual(a4, b4) == true): Actual object '20232023001201203838414188101000191977772525122122616100120120393939398888112020787826261211216060202355285285727272721818222200505020120161611901902272276633133182827777202020203357572202206868214214258258202305050909595931311791795784578423231818212109090202202377771601601321326767133133777713315133151421429999120120124124137137' and expected object '20232023001201203838414188101000191977772525122122616100120120393939398888112020787826261211216060202355285285727272721818222200505020120161611901902272276633133182827777202020203357572202206868214214258258202305050909595931311791795784578423231818212109090202202377771601601321326767133133777713315133151421429999120120124124137137' are equal

24-03-2025T11:33:01 - [MESSAGE][PASSED] - Actual object '20232023001201203838414188101000191977772525122122616100120120393939398888112020787826261211216060202355285285727272721818222200505020120161611901902272276633133182827777202020203357572202206868214214258258202305050909595931311791795784578423231818212109090202202377771601601321326767133133777713315133151421429999120120124124137137' and expected object '20232023001201203838414188101000191977772525122122616100120120393939398888112020787826261211216060202355285285727272721818222200505020120161611901902272276633133182827777202020203357572202206868214214258258202305050909595931311791795784578423231818212109090202202377771601601321326767133133777713315133151421429999120120124124137137' are equal

24-03-2025T11:33:01 - [TEST_STEP][PASSED] - if (verifyEqual(a5, b5) == true): Actual object '20232023001191193737777788111919757525251231235555001201203939393988881120207878262612112160602023553193198181161616162020225656215215676721821823923966331331828277772020202033575722022068682142142582582023121232324921492118118144441191191212414124241414979720231561563838121239823982269269060626926915152727202020207979' and expected object '20232023001191193737777788111919757525251231235555001201203939393988881120207878262612112160602023553193198181161616162020225656215215676721821823923966331331828277772020202033575722022068682142142582582023121232324921492118118144441191191212414124241414979720231561563838121239823982269269060626926915152727202020207979' are equal

24-03-2025T11:33:01 - [MESSAGE][PASSED] - Actual object '20232023001191193737777788111919757525251231235555001201203939393988881120207878262612112160602023553193198181161616162020225656215215676721821823923966331331828277772020202033575722022068682142142582582023121232324921492118118144441191191212414124241414979720231561563838121239823982269269060626926915152727202020207979' and expected object '20232023001191193737777788111919757525251231235555001201203939393988881120207878262612112160602023553193198181161616162020225656215215676721821823923966331331828277772020202033575722022068682142142582582023121232324921492118118144441191191212414124241414979720231561563838121239823982269269060626926915152727202020207979' are equal

24-03-2025T11:33:01 - [TEST_STEP][PASSED] - if (verifyEqual(a6, b6) == true): Actual object '20232023000000000000000000000000001201203939393988881120207878262612112160602023663313318282777720202020335757220220686821421425825820232023' and expected object '20232023000000000000000000000000001201203939393988881120207878262612112160602023663313318282777720202020335757220220686821421425825820232023' are equal

24-03-2025T11:33:01 - [MESSAGE][PASSED] - Actual object '20232023000000000000000000000000001201203939393988881120207878262612112160602023663313318282777720202020335757220220686821421425825820232023' and expected object '20232023000000000000000000000000001201203939393988881120207878262612112160602023663313318282777720202020335757220220686821421425825820232023' are equal

24-03-2025T11:33:01 - [TEST_STEP][PASSED] - if (verifyEqual(a7, b7) == true): Actual object '202320232263522635110546110546128021280219475194759099093845038450416214162165176517472774727725652565723972394292342923202342134213455749455749954759547548893488932337423374168261682629194291947110271102198408198408728957289523664823664831028331028320231212186186363650501010191900171785851919828260460410101971973737484810101515441818808019198282608608202355285285727272721818222200505020120161611901902272276633133182827777202020203357572202206868214214258258' and expected object '202320232263522635110546110546128021280219475194759099093845038450416214162165176517472774727725652565723972394292342923202342134213455749455749954759547548893488932337423374168261682629194291947110271102198408198408728957289523664823664831028331028320231212186186363650501010191900171785851919828260460410101971973737484810101515441818808019198282608608202355285285727272721818222200505020120161611901902272276633133182827777202020203357572202206868214214258258' are equal

24-03-2025T11:33:01 - [MESSAGE][PASSED] - Actual object '202320232263522635110546110546128021280219475194759099093845038450416214162165176517472774727725652565723972394292342923202342134213455749455749954759547548893488932337423374168261682629194291947110271102198408198408728957289523664823664831028331028320231212186186363650501010191900171785851919828260460410101971973737484810101515441818808019198282608608202355285285727272721818222200505020120161611901902272276633133182827777202020203357572202206868214214258258' and expected object '202320232263522635110546110546128021280219475194759099093845038450416214162165176517472774727725652565723972394292342923202342134213455749455749954759547548893488932337423374168261682629194291947110271102198408198408728957289523664823664831028331028320231212186186363650501010191900171785851919828260460410101971973737484810101515441818808019198282608608202355285285727272721818222200505020120161611901902272276633133182827777202020203357572202206868214214258258' are equal

24-03-2025T11:33:01 - [TEST_STEP][PASSED] - if (verifyEqual(a8, b8) == true): Actual object '202320234922492271651716516893689333271733271798649864593859387640764067046704592459243088308894099409196041196041202379497949121950121950972797276180396180394222342223121812186662666287328732580965809613426134264463244632183755183755202310101901903636141499141444171780801919828258858810101971973737484810101515441818808019198282608608202355319319818116161616202022565621521567672182182392396633133182827777202020203357572202206868214214258258' and expected object '202320234922492271651716516893689333271733271798649864593859387640764067046704592459243088308894099409196041196041202379497949121950121950972797276180396180394222342223121812186662666287328732580965809613426134264463244632183755183755202310101901903636141499141444171780801919828258858810101971973737484810101515441818808019198282608608202355319319818116161616202022565621521567672182182392396633133182827777202020203357572202206868214214258258' are equal

24-03-2025T11:33:01 - [MESSAGE][PASSED] - Actual object '202320234922492271651716516893689333271733271798649864593859387640764067046704592459243088308894099409196041196041202379497949121950121950972797276180396180394222342223121812186662666287328732580965809613426134264463244632183755183755202310101901903636141499141444171780801919828258858810101971973737484810101515441818808019198282608608202355319319818116161616202022565621521567672182182392396633133182827777202020203357572202206868214214258258' and expected object '202320234922492271651716516893689333271733271798649864593859387640764067046704592459243088308894099409196041196041202379497949121950121950972797276180396180394222342223121812186662666287328732580965809613426134264463244632183755183755202310101901903636141499141444171780801919828258858810101971973737484810101515441818808019198282608608202355319319818116161616202022565621521567672182182392396633133182827777202020203357572202206868214214258258' are equal

24-03-2025T11:33:01 - [TEST_STEP][PASSED] - if (verifyEqual(a9, b9) == true): Actual object '202320232435243516024416024412551125513286993286991135711357950095005111511113242132425962859628433543352431524315223214223214202320231010181181363615159914144416168686191979795865861010197197373748481010151544181880801919828260860820236633133182827777202020203357572202206868214214258258' and expected object '202320232435243516024416024412551125513286993286991135711357950095005111511113242132425962859628433543352431524315223214223214202320231010181181363615159914144416168686191979795865861010197197373748481010151544181880801919828260860820236633133182827777202020203357572202206868214214258258' are equal

24-03-2025T11:33:01 - [MESSAGE][PASSED] - Actual object '202320232435243516024416024412551125513286993286991135711357950095005111511113242132425962859628433543352431524315223214223214202320231010181181363615159914144416168686191979795865861010197197373748481010151544181880801919828260860820236633133182827777202020203357572202206868214214258258' and expected object '202320232435243516024416024412551125513286993286991135711357950095005111511113242132425962859628433543352431524315223214223214202320231010181181363615159914144416168686191979795865861010197197373748481010151544181880801919828260860820236633133182827777202020203357572202206868214214258258' are equal

24-03-2025T11:33:01 - [TEST_STEP][PASSED] - if (verifyEqual(a10, b10) == true): Actual object '20232023000064656465341134112455624556245624561796017960676267624524452413862138625275527511304113041287128720234213421345574945574995475954754889348893233742337416826168262919429194711027110219840819840872895728952366482366483102833102832023001201203838414188101000191977772525122122616100120120393939398888112020787826261211216060202355285285727272721818222200505020120161611901902272276633133182827777202020203357572202206868214214258258' and expected object '20232023000064656465341134112455624556245624561796017960676267624524452413862138625275527511304113041287128720234213421345574945574995475954754889348893233742337416826168262919429194711027110219840819840872895728952366482366483102833102832023001201203838414188101000191977772525122122616100120120393939398888112020787826261211216060202355285285727272721818222200505020120161611901902272276633133182827777202020203357572202206868214214258258' are equal

24-03-2025T11:33:01 - [MESSAGE][PASSED] - Actual object '20232023000064656465341134112455624556245624561796017960676267624524452413862138625275527511304113041287128720234213421345574945574995475954754889348893233742337416826168262919429194711027110219840819840872895728952366482366483102833102832023001201203838414188101000191977772525122122616100120120393939398888112020787826261211216060202355285285727272721818222200505020120161611901902272276633133182827777202020203357572202206868214214258258' and expected object '20232023000064656465341134112455624556245624561796017960676267624524452413862138625275527511304113041287128720234213421345574945574995475954754889348893233742337416826168262919429194711027110219840819840872895728952366482366483102833102832023001201203838414188101000191977772525122122616100120120393939398888112020787826261211216060202355285285727272721818222200505020120161611901902272276633133182827777202020203357572202206868214214258258' are equal

24-03-2025T11:33:01 - [TEST_STEP][PASSED] - if (verifyEqual(a11, b11) == true): Actual object '202320230000147171471711865118653244523244521268312683349434948438432398239829694296945892589217984179845359353593202379497949121950121950972797276180396180394222342223121812186662666287328732580965809613426134264463244632183755183755202300119119373777778811191975752525123123555500120120393939398888112020787826261211216060202355319319818116161616202022565621521567672182182392396633133182827777202020203357572202206868214214258258' and expected object '202320230000147171471711865118653244523244521268312683349434948438432398239829694296945892589217984179845359353593202379497949121950121950972797276180396180394222342223121812186662666287328732580965809613426134264463244632183755183755202300119119373777778811191975752525123123555500120120393939398888112020787826261211216060202355319319818116161616202022565621521567672182182392396633133182827777202020203357572202206868214214258258' are equal

24-03-2025T11:33:01 - [MESSAGE][PASSED] - Actual object '202320230000147171471711865118653244523244521268312683349434948438432398239829694296945892589217984179845359353593202379497949121950121950972797276180396180394222342223121812186662666287328732580965809613426134264463244632183755183755202300119119373777778811191975752525123123555500120120393939398888112020787826261211216060202355319319818116161616202022565621521567672182182392396633133182827777202020203357572202206868214214258258' and expected object '202320230000147171471711865118653244523244521268312683349434948438432398239829694296945892589217984179845359353593202379497949121950121950972797276180396180394222342223121812186662666287328732580965809613426134264463244632183755183755202300119119373777778811191975752525123123555500120120393939398888112020787826261211216060202355319319818116161616202022565621521567672182182392396633133182827777202020203357572202206868214214258258' are equal

24-03-2025T11:33:01 - [TEST_STEP][PASSED] - if (verifyEqual(a12, b12) == true): Actual object '20232023000012032261203226386554386554390378390378829178291782595825957931793119706619706678310278310225579525579512121971212197604149604149202320230000000000000000000000000012012039393939888811202078782626121121606020236633133182827777202020203357572202206868214214258258' and expected object '20232023000012032261203226386554386554390378390378829178291782595825957931793119706619706678310278310225579525579512121971212197604149604149202320230000000000000000000000000012012039393939888811202078782626121121606020236633133182827777202020203357572202206868214214258258' are equal

24-03-2025T11:33:01 - [MESSAGE][PASSED] - Actual object '20232023000012032261203226386554386554390378390378829178291782595825957931793119706619706678310278310225579525579512121971212197604149604149202320230000000000000000000000000012012039393939888811202078782626121121606020236633133182827777202020203357572202206868214214258258' and expected object '20232023000012032261203226386554386554390378390378829178291782595825957931793119706619706678310278310225579525579512121971212197604149604149202320230000000000000000000000000012012039393939888811202078782626121121606020236633133182827777202020203357572202206868214214258258' are equal

24-03-2025T11:33:01 - [TEST_STEP][PASSED] - closeBrowser(): Browser is closed

24-03-2025T11:33:01 - [MESSAGE][PASSED] - Browser is closed]]></system-out>
         <system-err><![CDATA[]]></system-err>
      </testcase>
      <testcase name="Test Cases/Сверки дашбордов/Факторный анализ сверка дашбордов" time="115.19" classname="Test Cases/Сверки дашбордов/Факторный анализ сверка дашбордов" status="FAILED">
         <failure type="FAILED" message="Test Cases/Сверки дашбордов/Факторный анализ сверка дашбордов FAILED.&#xa;Reason:&#xa;com.kms.katalon.core.exception.StepFailedException: Unable to get text of object 'Object Repository/Факторный анализ/Отклонения выручки по факторам Выручка' (Root cause: com.kms.katalon.core.exception.StepFailedException: Unable to get text of object 'Object Repository/Факторный анализ/Отклонения выручки по факторам Выручка'&#xa;	at com.kms.katalon.core.webui.keyword.internal.WebUIKeywordMain.stepFailed(WebUIKeywordMain.groovy:64)&#xa;	at com.kms.katalon.core.webui.keyword.internal.WebUIKeywordMain.runKeyword(WebUIKeywordMain.groovy:26)&#xa;	at com.kms.katalon.core.webui.keyword.builtin.GetTextKeyword.getText(GetTextKeyword.groovy:88)&#xa;	at com.kms.katalon.core.webui.keyword.builtin.GetTextKeyword.execute(GetTextKeyword.groovy:67)&#xa;	at com.kms.katalon.core.keyword.internal.KeywordExecutor.executeKeywordForPlatform(KeywordExecutor.groovy:74)&#xa;	at com.kms.katalon.core.webui.keyword.WebUiBuiltInKeywords.getText(WebUiBuiltInKeywords.groovy:957)&#xa;	at Факторный анализ сверка дашбордов.Test(Факторный анализ сверка дашбордов:357)&#xa;	at Факторный анализ сверка дашбордов.run(Факторный анализ сверка дашбордов:44)&#xa;	at com.kms.katalon.core.main.ScriptEngine.run(ScriptEngine.java:194)&#xa;	at com.kms.katalon.core.main.ScriptEngine.runScriptAsRawText(ScriptEngine.java:119)&#xa;	at com.kms.katalon.core.main.TestCaseExecutor.runScript(TestCaseExecutor.java:448)&#xa;	at com.kms.katalon.core.main.TestCaseExecutor.doExecute(TestCaseExecutor.java:439)&#xa;	at com.kms.katalon.core.main.TestCaseExecutor.processExecutionPhase(TestCaseExecutor.java:418)&#xa;	at com.kms.katalon.core.main.TestCaseExecutor.accessMainPhase(TestCaseExecutor.java:410)&#xa;	at com.kms.katalon.core.main.TestCaseExecutor.execute(TestCaseExecutor.java:285)&#xa;	at com.kms.katalon.core.common.CommonExecutor.accessTestCaseMainPhase(CommonExecutor.java:65)&#xa;	at com.kms.katalon.core.main.TestSuiteExecutor.accessTestSuiteMainPhase(TestSuiteExecutor.java:150)&#xa;	at com.kms.katalon.core.main.TestSuiteExecutor.execute(TestSuiteExecutor.java:106)&#xa;	at com.kms.katalon.core.main.TestCaseMain.startTestSuite(TestCaseMain.java:180)&#xa;	at TempTestSuite1742797761676.run(TempTestSuite1742797761676.groovy:35)&#xa;	at java.base/jdk.internal.reflect.NativeMethodAccessorImpl.invoke0(Native Method)&#xa;	at java.base/jdk.internal.reflect.NativeMethodAccessorImpl.invoke(NativeMethodAccessorImpl.java:77)&#xa;	at java.base/jdk.internal.reflect.DelegatingMethodAccessorImpl.invoke(DelegatingMethodAccessorImpl.java:43)&#xa;Caused by: com.kms.katalon.core.webui.exception.WebElementNotFoundException: Web element with id: 'Object Repository/Факторный анализ/Отклонения выручки по факторам Выручка' located by '(.//*[normalize-space(text()) and normalize-space(.)='В начало'])[20]/following::*[name()='svg'][1]' not found&#xa;	at com.kms.katalon.core.webui.common.WebUiCommonHelper.findWebElement(WebUiCommonHelper.java:1426)&#xa;	at com.kms.katalon.core.webui.keyword.internal.WebUIAbstractKeyword.findWebElement(WebUIAbstractKeyword.groovy:27)&#xa;	at com.kms.katalon.core.webui.keyword.internal.WebUIAbstractKeyword.findWebElement(WebUIAbstractKeyword.groovy:26)&#xa;	at com.kms.katalon.core.webui.keyword.builtin.GetTextKeyword$_getText_closure1.doCall(GetTextKeyword.groovy:78)&#xa;	at com.kms.katalon.core.webui.keyword.builtin.GetTextKeyword$_getText_closure1.call(GetTextKeyword.groovy)&#xa;	at com.kms.katalon.core.webui.keyword.internal.WebUIKeywordMain.runKeyword(WebUIKeywordMain.groovy:20)&#xa;	at com.kms.katalon.core.webui.keyword.builtin.GetTextKeyword.getText(GetTextKeyword.groovy:88)&#xa;	at com.kms.katalon.core.webui.keyword.builtin.GetTextKeyword.execute(GetTextKeyword.groovy:67)&#xa;	at com.kms.katalon.core.keyword.internal.KeywordExecutor.executeKeywordForPlatform(KeywordExecutor.groovy:74)&#xa;	at com.kms.katalon.core.webui.keyword.WebUiBuiltInKeywords.getText(WebUiBuiltInKeywords.groovy:957)&#xa;	at Script1719551244403.Test(Script1719551244403.groovy:357)&#xa;	at Script1719551244403.run(Script1719551244403.groovy:44)&#xa;	... 15 more&#xa;)&#xa;	at com.kms.katalon.core.keyword.internal.KeywordMain.stepFailed(KeywordMain.groovy:39)&#xa;	at com.kms.katalon.core.webui.keyword.internal.WebUIKeywordMain.stepFailed(WebUIKeywordMain.groovy:64)&#xa;	at com.kms.katalon.core.webui.keyword.internal.WebUIKeywordMain.runKeyword(WebUIKeywordMain.groovy:26)&#xa;	at com.kms.katalon.core.webui.keyword.builtin.GetTextKeyword.getText(GetTextKeyword.groovy:88)&#xa;	at com.kms.katalon.core.webui.keyword.builtin.GetTextKeyword.execute(GetTextKeyword.groovy:67)&#xa;	at com.kms.katalon.core.keyword.internal.KeywordExecutor.executeKeywordForPlatform(KeywordExecutor.groovy:74)&#xa;	at com.kms.katalon.core.webui.keyword.WebUiBuiltInKeywords.getText(WebUiBuiltInKeywords.groovy:957)&#xa;	at Факторный анализ сверка дашбордов.Test(Факторный анализ сверка дашбордов:357)&#xa;	at Факторный анализ сверка дашбордов.run(Факторный анализ сверка дашбордов:44)&#xa;	at com.kms.katalon.core.main.ScriptEngine.run(ScriptEngine.java:194)&#xa;	at com.kms.katalon.core.main.ScriptEngine.runScriptAsRawText(ScriptEngine.java:119)&#xa;	at com.kms.katalon.core.main.TestCaseExecutor.runScript(TestCaseExecutor.java:448)&#xa;	at com.kms.katalon.core.main.TestCaseExecutor.doExecute(TestCaseExecutor.java:439)&#xa;	at com.kms.katalon.core.main.TestCaseExecutor.processExecutionPhase(TestCaseExecutor.java:418)&#xa;	at com.kms.katalon.core.main.TestCaseExecutor.accessMainPhase(TestCaseExecutor.java:410)&#xa;	at com.kms.katalon.core.main.TestCaseExecutor.execute(TestCaseExecutor.java:285)&#xa;	at com.kms.katalon.core.common.CommonExecutor.accessTestCaseMainPhase(CommonExecutor.java:65)&#xa;	at com.kms.katalon.core.main.TestSuiteExecutor.accessTestSuiteMainPhase(TestSuiteExecutor.java:150)&#xa;	at com.kms.katalon.core.main.TestSuiteExecutor.execute(TestSuiteExecutor.java:106)&#xa;	at com.kms.katalon.core.main.TestCaseMain.startTestSuite(TestCaseMain.java:180)&#xa;	at TempTestSuite1742797761676.run(TempTestSuite1742797761676.groovy:35)&#xa;	at java.base/jdk.internal.reflect.NativeMethodAccessorImpl.invoke0(Native Method)&#xa;	at java.base/jdk.internal.reflect.NativeMethodAccessorImpl.invoke(NativeMethodAccessorImpl.java:77)&#xa;	at java.base/jdk.internal.reflect.DelegatingMethodAccessorImpl.invoke(DelegatingMethodAccessorImpl.java:43)&#xa;Caused by: com.kms.katalon.core.exception.StepFailedException: Unable to get text of object 'Object Repository/Факторный анализ/Отклонения выручки по факторам Выручка'&#xa;	... 23 more&#xa;Caused by: com.kms.katalon.core.webui.exception.WebElementNotFoundException: Web element with id: 'Object Repository/Факторный анализ/Отклонения выручки по факторам Выручка' located by '(.//*[normalize-space(text()) and normalize-space(.)='В начало'])[20]/following::*[name()='svg'][1]' not found&#xa;	at com.kms.katalon.core.webui.common.WebUiCommonHelper.findWebElement(WebUiCommonHelper.java:1426)&#xa;	at com.kms.katalon.core.webui.keyword.internal.WebUIAbstractKeyword.findWebElement(WebUIAbstractKeyword.groovy:27)&#xa;	at com.kms.katalon.core.webui.keyword.internal.WebUIAbstractKeyword.findWebElement(WebUIAbstractKeyword.groovy:26)&#xa;	at com.kms.katalon.core.webui.keyword.builtin.GetTextKeyword$_getText_closure1.doCall(GetTextKeyword.groovy:78)&#xa;	at com.kms.katalon.core.webui.keyword.builtin.GetTextKeyword$_getText_closure1.call(GetTextKeyword.groovy)&#xa;	at com.kms.katalon.core.webui.keyword.internal.WebUIKeywordMain.runKeyword(WebUIKeywordMain.groovy:20)&#xa;	... 21 more&#xa;"/>
         <system-out><![CDATA[24-03-2025T11:33:01 - [TEST_CASE][FAILED] - Test Cases/Сверки дашбордов/Факторный анализ сверка дашбордов: Test Cases/Сверки дашбордов/Факторный анализ сверка дашбордов FAILED.
Reason:
com.kms.katalon.core.exception.StepFailedException: Unable to get text of object 'Object Repository/Факторный анализ/Отклонения выручки по факторам Выручка' (Root cause: com.kms.katalon.core.exception.StepFailedException: Unable to get text of object 'Object Repository/Факторный анализ/Отклонения выручки по факторам Выручка'
	at com.kms.katalon.core.webui.keyword.internal.WebUIKeywordMain.stepFailed(WebUIKeywordMain.groovy:64)
	at com.kms.katalon.core.webui.keyword.internal.WebUIKeywordMain.runKeyword(WebUIKeywordMain.groovy:26)
	at com.kms.katalon.core.webui.keyword.builtin.GetTextKeyword.getText(GetTextKeyword.groovy:88)
	at com.kms.katalon.core.webui.keyword.builtin.GetTextKeyword.execute(GetTextKeyword.groovy:67)
	at com.kms.katalon.core.keyword.internal.KeywordExecutor.executeKeywordForPlatform(KeywordExecutor.groovy:74)
	at com.kms.katalon.core.webui.keyword.WebUiBuiltInKeywords.getText(WebUiBuiltInKeywords.groovy:957)
	at Факторный анализ сверка дашбордов.Test(Факторный анализ сверка дашбордов:357)
	at Факторный анализ сверка дашбордов.run(Факторный анализ сверка дашбордов:44)
	at com.kms.katalon.core.main.ScriptEngine.run(ScriptEngine.java:194)
	at com.kms.katalon.core.main.ScriptEngine.runScriptAsRawText(ScriptEngine.java:119)
	at com.kms.katalon.core.main.TestCaseExecutor.runScript(TestCaseExecutor.java:448)
	at com.kms.katalon.core.main.TestCaseExecutor.doExecute(TestCaseExecutor.java:439)
	at com.kms.katalon.core.main.TestCaseExecutor.processExecutionPhase(TestCaseExecutor.java:418)
	at com.kms.katalon.core.main.TestCaseExecutor.accessMainPhase(TestCaseExecutor.java:410)
	at com.kms.katalon.core.main.TestCaseExecutor.execute(TestCaseExecutor.java:285)
	at com.kms.katalon.core.common.CommonExecutor.accessTestCaseMainPhase(CommonExecutor.java:65)
	at com.kms.katalon.core.main.TestSuiteExecutor.accessTestSuiteMainPhase(TestSuiteExecutor.java:150)
	at com.kms.katalon.core.main.TestSuiteExecutor.execute(TestSuiteExecutor.java:106)
	at com.kms.katalon.core.main.TestCaseMain.startTestSuite(TestCaseMain.java:180)
	at TempTestSuite1742797761676.run(TempTestSuite1742797761676.groovy:35)
	at java.base/jdk.internal.reflect.NativeMethodAccessorImpl.invoke0(Native Method)
	at java.base/jdk.internal.reflect.NativeMethodAccessorImpl.invoke(NativeMethodAccessorImpl.java:77)
	at java.base/jdk.internal.reflect.DelegatingMethodAccessorImpl.invoke(DelegatingMethodAccessorImpl.java:43)
Caused by: com.kms.katalon.core.webui.exception.WebElementNotFoundException: Web element with id: 'Object Repository/Факторный анализ/Отклонения выручки по факторам Выручка' located by '(.//*[normalize-space(text()) and normalize-space(.)='В начало'])[20]/following::*[name()='svg'][1]' not found
	at com.kms.katalon.core.webui.common.WebUiCommonHelper.findWebElement(WebUiCommonHelper.java:1426)
	at com.kms.katalon.core.webui.keyword.internal.WebUIAbstractKeyword.findWebElement(WebUIAbstractKeyword.groovy:27)
	at com.kms.katalon.core.webui.keyword.internal.WebUIAbstractKeyword.findWebElement(WebUIAbstractKeyword.groovy:26)
	at com.kms.katalon.core.webui.keyword.builtin.GetTextKeyword$_getText_closure1.doCall(GetTextKeyword.groovy:78)
	at com.kms.katalon.core.webui.keyword.builtin.GetTextKeyword$_getText_closure1.call(GetTextKeyword.groovy)
	at com.kms.katalon.core.webui.keyword.internal.WebUIKeywordMain.runKeyword(WebUIKeywordMain.groovy:20)
	at com.kms.katalon.core.webui.keyword.builtin.GetTextKeyword.getText(GetTextKeyword.groovy:88)
	at com.kms.katalon.core.webui.keyword.builtin.GetTextKeyword.execute(GetTextKeyword.groovy:67)
	at com.kms.katalon.core.keyword.internal.KeywordExecutor.executeKeywordForPlatform(KeywordExecutor.groovy:74)
	at com.kms.katalon.core.webui.keyword.WebUiBuiltInKeywords.getText(WebUiBuiltInKeywords.groovy:957)
	at Script1719551244403.Test(Script1719551244403.groovy:357)
	at Script1719551244403.run(Script1719551244403.groovy:44)
	... 15 more
)
	at com.kms.katalon.core.keyword.internal.KeywordMain.stepFailed(KeywordMain.groovy:39)
	at com.kms.katalon.core.webui.keyword.internal.WebUIKeywordMain.stepFailed(WebUIKeywordMain.groovy:64)
	at com.kms.katalon.core.webui.keyword.internal.WebUIKeywordMain.runKeyword(WebUIKeywordMain.groovy:26)
	at com.kms.katalon.core.webui.keyword.builtin.GetTextKeyword.getText(GetTextKeyword.groovy:88)
	at com.kms.katalon.core.webui.keyword.builtin.GetTextKeyword.execute(GetTextKeyword.groovy:67)
	at com.kms.katalon.core.keyword.internal.KeywordExecutor.executeKeywordForPlatform(KeywordExecutor.groovy:74)
	at com.kms.katalon.core.webui.keyword.WebUiBuiltInKeywords.getText(WebUiBuiltInKeywords.groovy:957)
	at Факторный анализ сверка дашбордов.Test(Факторный анализ сверка дашбордов:357)
	at Факторный анализ сверка дашбордов.run(Факторный анализ сверка дашбордов:44)
	at com.kms.katalon.core.main.ScriptEngine.run(ScriptEngine.java:194)
	at com.kms.katalon.core.main.ScriptEngine.runScriptAsRawText(ScriptEngine.java:119)
	at com.kms.katalon.core.main.TestCaseExecutor.runScript(TestCaseExecutor.java:448)
	at com.kms.katalon.core.main.TestCaseExecutor.doExecute(TestCaseExecutor.java:439)
	at com.kms.katalon.core.main.TestCaseExecutor.processExecutionPhase(TestCaseExecutor.java:418)
	at com.kms.katalon.core.main.TestCaseExecutor.accessMainPhase(TestCaseExecutor.java:410)
	at com.kms.katalon.core.main.TestCaseExecutor.execute(TestCaseExecutor.java:285)
	at com.kms.katalon.core.common.CommonExecutor.accessTestCaseMainPhase(CommonExecutor.java:65)
	at com.kms.katalon.core.main.TestSuiteExecutor.accessTestSuiteMainPhase(TestSuiteExecutor.java:150)
	at com.kms.katalon.core.main.TestSuiteExecutor.execute(TestSuiteExecutor.java:106)
	at com.kms.katalon.core.main.TestCaseMain.startTestSuite(TestCaseMain.java:180)
	at TempTestSuite1742797761676.run(TempTestSuite1742797761676.groovy:35)
	at java.base/jdk.internal.reflect.NativeMethodAccessorImpl.invoke0(Native Method)
	at java.base/jdk.internal.reflect.NativeMethodAccessorImpl.invoke(NativeMethodAccessorImpl.java:77)
	at java.base/jdk.internal.reflect.DelegatingMethodAccessorImpl.invoke(DelegatingMethodAccessorImpl.java:43)
Caused by: com.kms.katalon.core.exception.StepFailedException: Unable to get text of object 'Object Repository/Факторный анализ/Отклонения выручки по факторам Выручка'
	... 23 more
Caused by: com.kms.katalon.core.webui.exception.WebElementNotFoundException: Web element with id: 'Object Repository/Факторный анализ/Отклонения выручки по факторам Выручка' located by '(.//*[normalize-space(text()) and normalize-space(.)='В начало'])[20]/following::*[name()='svg'][1]' not found
	at com.kms.katalon.core.webui.common.WebUiCommonHelper.findWebElement(WebUiCommonHelper.java:1426)
	at com.kms.katalon.core.webui.keyword.internal.WebUIAbstractKeyword.findWebElement(WebUIAbstractKeyword.groovy:27)
	at com.kms.katalon.core.webui.keyword.internal.WebUIAbstractKeyword.findWebElement(WebUIAbstractKeyword.groovy:26)
	at com.kms.katalon.core.webui.keyword.builtin.GetTextKeyword$_getText_closure1.doCall(GetTextKeyword.groovy:78)
	at com.kms.katalon.core.webui.keyword.builtin.GetTextKeyword$_getText_closure1.call(GetTextKeyword.groovy)
	at com.kms.katalon.core.webui.keyword.internal.WebUIKeywordMain.runKeyword(WebUIKeywordMain.groovy:20)
	... 21 more


24-03-2025T11:33:02 - [TEST_STEP][PASSED] - date = new java.util.Date(): null

24-03-2025T11:33:02 - [TEST_STEP][PASSED] - todaysDate = date.format("dd.MM.yyyy"): null

24-03-2025T11:33:02 - [TEST_STEP][PASSED] - typeOfData = <not implemented yet for class: org.codehaus.groovy.ast.expr.EmptyExpression>: null

24-03-2025T11:33:02 - [TEST_STEP][PASSED] - otobrajeniyeDannyh = <not implemented yet for class: org.codehaus.groovy.ast.expr.EmptyExpression>: null

24-03-2025T11:33:02 - [TEST_STEP][PASSED] - println(todaysDate): null

24-03-2025T11:33:02 - [TEST_STEP][PASSED] - vidget = <not implemented yet for class: org.codehaus.groovy.ast.expr.EmptyExpression>: null

24-03-2025T11:33:02 - [TEST_STEP][PASSED] - x = <not implemented yet for class: org.codehaus.groovy.ast.expr.EmptyExpression>: null

24-03-2025T11:33:02 - [TEST_STEP][PASSED] - y = <not implemented yet for class: org.codehaus.groovy.ast.expr.EmptyExpression>: null

24-03-2025T11:33:02 - [TEST_STEP][PASSED] - DZO = <not implemented yet for class: org.codehaus.groovy.ast.expr.EmptyExpression>: null

24-03-2025T11:33:02 - [TEST_STEP][PASSED] - openBrowser(""): Browser is opened with url: ''

24-03-2025T11:33:02 - [MESSAGE][INFO] - Starting 'Chrome' driver

24-03-2025T11:33:02 - [MESSAGE][INFO] - Action delay is set to 0 milliseconds

24-03-2025T11:33:03 - [MESSAGE][PASSED] - Browser is opened with url: ''

24-03-2025T11:33:03 - [TEST_STEP][PASSED] - run = 1: null

24-03-2025T11:33:03 - [TEST_STEP][PASSED] - for ([run = 1, run < 3, (run++)]): null

24-03-2025T11:33:03 - [TEST_STEP][PASSED] - Script1719551244403.Test(run, todaysDate, typeOfData, otobrajeniyeDannyh, x, y, vidget, DZO): null

24-03-2025T11:33:03 - [TEST_STEP][PASSED] - navigateToUrl(findTestData("PlanFact").getValue(10, 3)): Navigate to 'https://bi.rosseti.digital/viewer?dashboardGuid=2301950b23be4ed89c1df75f2020051e&sheetGuid=ccd7d7486b3d4e6fa0ee9b1eaebed46c&fit=true' successfully

24-03-2025T11:33:06 - [MESSAGE][PASSED] - Navigate to 'https://bi.rosseti.digital/viewer?dashboardGuid=2301950b23be4ed89c1df75f2020051e&sheetGuid=ccd7d7486b3d4e6fa0ee9b1eaebed46c&fit=true' successfully

24-03-2025T11:33:06 - [TEST_STEP][PASSED] - Script1719551244403.Autorization(run): null

24-03-2025T11:33:06 - [TEST_STEP][PASSED] - delay(10): Delayed 10 second(s)

24-03-2025T11:33:16 - [MESSAGE][PASSED] - Delayed 10 second(s)

24-03-2025T11:33:16 - [TEST_STEP][PASSED] - if (run == 1): Delayed 10 second(s)

24-03-2025T11:33:16 - [TEST_STEP][PASSED] - setText(findTestObject("Страница авторизации/input__username"), findTestData("PlanFact").getValue(8, 1)): Text 'liazgina-di' is set on object 'Object Repository/Страница авторизации/input__username'

24-03-2025T11:33:17 - [MESSAGE][PASSED] - Text 'liazgina-di' is set on object 'Object Repository/Страница авторизации/input__username'

24-03-2025T11:33:17 - [TEST_STEP][PASSED] - setText(findTestObject("Страница авторизации/input__password"), findTestData("PlanFact").getValue(9, 1)): Text ')$%5srZ8o688Dm#q' is set on object 'Object Repository/Страница авторизации/input__password'

24-03-2025T11:33:17 - [MESSAGE][PASSED] - Text ')$%5srZ8o688Dm#q' is set on object 'Object Repository/Страница авторизации/input__password'

24-03-2025T11:33:17 - [TEST_STEP][PASSED] - click(findTestObject("Страница авторизации/button_")): Object: 'Object Repository/Страница авторизации/button_' is clicked on

24-03-2025T11:33:19 - [MESSAGE][PASSED] - Object: 'Object Repository/Страница авторизации/button_' is clicked on

24-03-2025T11:33:19 - [TEST_STEP][PASSED] - delay(10): Delayed 10 second(s)

24-03-2025T11:33:29 - [MESSAGE][PASSED] - Delayed 10 second(s)

24-03-2025T11:33:29 - [TEST_STEP][PASSED] - i = <not implemented yet for class: org.codehaus.groovy.ast.expr.EmptyExpression>: null

24-03-2025T11:33:29 - [TEST_STEP][PASSED] - ii = <not implemented yet for class: org.codehaus.groovy.ast.expr.EmptyExpression>: null

24-03-2025T11:33:29 - [TEST_STEP][PASSED] - a = <not implemented yet for class: org.codehaus.groovy.ast.expr.EmptyExpression>: null

24-03-2025T11:33:29 - [TEST_STEP][PASSED] - a1 = <not implemented yet for class: org.codehaus.groovy.ast.expr.EmptyExpression>: null

24-03-2025T11:33:29 - [TEST_STEP][PASSED] - a2 = <not implemented yet for class: org.codehaus.groovy.ast.expr.EmptyExpression>: null

24-03-2025T11:33:29 - [TEST_STEP][PASSED] - click(findTestObject("Факторный анализ/Фильтр Период")): Object: 'Object Repository/Факторный анализ/Фильтр Период' is clicked on

24-03-2025T11:33:29 - [MESSAGE][PASSED] - Object: 'Object Repository/Факторный анализ/Фильтр Период' is clicked on

24-03-2025T11:33:29 - [TEST_STEP][PASSED] - click(findTestObject("Факторный анализ/Снять выделение в фильтре Дата")): Object: 'Object Repository/Факторный анализ/Снять выделение в фильтре Дата' is clicked on

24-03-2025T11:33:30 - [MESSAGE][PASSED] - Object: 'Object Repository/Факторный анализ/Снять выделение в фильтре Дата' is clicked on

24-03-2025T11:33:30 - [TEST_STEP][PASSED] - click(findTestObject("Факторный анализ/Применить в фильтре Дата")): Object: 'Object Repository/Факторный анализ/Применить в фильтре Дата' is clicked on

24-03-2025T11:33:31 - [MESSAGE][PASSED] - Object: 'Object Repository/Факторный анализ/Применить в фильтре Дата' is clicked on

24-03-2025T11:33:31 - [TEST_STEP][PASSED] - delay(10): Delayed 10 second(s)

24-03-2025T11:33:41 - [MESSAGE][PASSED] - Delayed 10 second(s)

24-03-2025T11:33:41 - [TEST_STEP][PASSED] - click(findTestObject("Факторный анализ/Фильтр Период")): Object: 'Object Repository/Факторный анализ/Фильтр Период' is clicked on

24-03-2025T11:33:41 - [MESSAGE][PASSED] - Object: 'Object Repository/Факторный анализ/Фильтр Период' is clicked on

24-03-2025T11:33:41 - [TEST_STEP][PASSED] - click(findTestObject("Факторный анализ/Снять выделение в фильтре Дата")): Object: 'Object Repository/Факторный анализ/Снять выделение в фильтре Дата' is clicked on

24-03-2025T11:33:42 - [MESSAGE][PASSED] - Object: 'Object Repository/Факторный анализ/Снять выделение в фильтре Дата' is clicked on

24-03-2025T11:33:42 - [TEST_STEP][PASSED] - scrollToElement(findTestObject("Факторный анализ/2025 список"), 30): Scroll to object 'Object Repository/Факторный анализ/2025 список' successfully

24-03-2025T11:33:42 - [MESSAGE][PASSED] - Scroll to object 'Object Repository/Факторный анализ/2025 список' successfully

24-03-2025T11:33:42 - [TEST_STEP][PASSED] - click(findTestObject("Факторный анализ/2025 список")): Object: 'Object Repository/Факторный анализ/2025 список' is clicked on

24-03-2025T11:33:42 - [MESSAGE][PASSED] - Object: 'Object Repository/Факторный анализ/2025 список' is clicked on

24-03-2025T11:33:42 - [TEST_STEP][PASSED] - scrollToElement(findTestObject("Факторный анализ/1 квартал 2025 список"), 30): Scroll to object 'Object Repository/Факторный анализ/1 квартал 2025 список' successfully

24-03-2025T11:33:43 - [MESSAGE][PASSED] - Scroll to object 'Object Repository/Факторный анализ/1 квартал 2025 список' successfully

24-03-2025T11:33:43 - [TEST_STEP][PASSED] - click(findTestObject("Факторный анализ/1 квартал 2025 список"), CONTINUE_ON_FAILURE): Object: 'Object Repository/Факторный анализ/1 квартал 2025 список' is clicked on

24-03-2025T11:33:43 - [MESSAGE][PASSED] - Object: 'Object Repository/Факторный анализ/1 квартал 2025 список' is clicked on

24-03-2025T11:33:43 - [TEST_STEP][PASSED] - scrollToElement(findTestObject("Факторный анализ/Январь 2025"), 30): Scroll to object 'Object Repository/Факторный анализ/Январь 2025' successfully

24-03-2025T11:33:43 - [MESSAGE][PASSED] - Scroll to object 'Object Repository/Факторный анализ/Январь 2025' successfully

24-03-2025T11:33:43 - [TEST_STEP][PASSED] - click(findTestObject("Факторный анализ/Январь 2025"), CONTINUE_ON_FAILURE): Object: 'Object Repository/Факторный анализ/Январь 2025' is clicked on

24-03-2025T11:33:44 - [MESSAGE][PASSED] - Object: 'Object Repository/Факторный анализ/Январь 2025' is clicked on

24-03-2025T11:33:44 - [TEST_STEP][PASSED] - scrollToElement(findTestObject("Факторный анализ/Заголовок дашборда"), 30): Scroll to object 'Object Repository/Факторный анализ/Заголовок дашборда' successfully

24-03-2025T11:33:44 - [MESSAGE][PASSED] - Scroll to object 'Object Repository/Факторный анализ/Заголовок дашборда' successfully

24-03-2025T11:33:44 - [TEST_STEP][PASSED] - click(findTestObject("Факторный анализ/Применить в фильтре Дата")): Object: 'Object Repository/Факторный анализ/Применить в фильтре Дата' is clicked on

24-03-2025T11:33:45 - [MESSAGE][PASSED] - Object: 'Object Repository/Факторный анализ/Применить в фильтре Дата' is clicked on

24-03-2025T11:33:45 - [TEST_STEP][PASSED] - if (run == 1): null

24-03-2025T11:33:45 - [TEST_STEP][PASSED] - a = getText(findTestObject("Факторный анализ/Отклонения выручки по факторам Блок руководителя")): Text of object 'Object Repository/Факторный анализ/Отклонения выручки по факторам Блок руководителя' is: '-6 395-6 395
883883
Отклонение (объём услуг)
Отклонение (средний тариф)
ПАО Россети'

24-03-2025T11:33:46 - [MESSAGE][PASSED] - Text of object 'Object Repository/Факторный анализ/Отклонения выручки по факторам Блок руководителя' is: '-6 395-6 395
883883
Отклонение (объём услуг)
Отклонение (средний тариф)
ПАО Россети'

24-03-2025T11:33:46 - [TEST_STEP][PASSED] - a = a.replaceAll("[\r?
|
]", "/"): null

24-03-2025T11:33:46 - [TEST_STEP][PASSED] - i = a.indexOf("Отклонение"): null

24-03-2025T11:33:46 - [TEST_STEP][PASSED] - if (i > -1): null

24-03-2025T11:33:46 - [TEST_STEP][PASSED] - i = i: null

24-03-2025T11:33:46 - [TEST_STEP][PASSED] - a = substring(0, i).trim(): null

24-03-2025T11:33:46 - [TEST_STEP][PASSED] - println("a: " + a): null

24-03-2025T11:33:46 - [TEST_STEP][PASSED] - i = a.indexOf("/"): null

24-03-2025T11:33:46 - [TEST_STEP][PASSED] - if (i > -1): null

24-03-2025T11:33:46 - [TEST_STEP][PASSED] - a1 = a.substring(0, i): null

24-03-2025T11:33:46 - [TEST_STEP][PASSED] - println("a1: " + a1): null

24-03-2025T11:33:46 - [TEST_STEP][PASSED] - a2 = a.substring(a1.length() + 1, a.length()): null

24-03-2025T11:33:46 - [TEST_STEP][PASSED] - println("a2: " + a2): null

24-03-2025T11:33:46 - [TEST_STEP][PASSED] - i = a1.length() / 2: null

24-03-2025T11:33:46 - [TEST_STEP][PASSED] - if (i > -1): null

24-03-2025T11:33:46 - [TEST_STEP][PASSED] - a1 = replaceAll("\s+", "").trim(): null

24-03-2025T11:33:46 - [TEST_STEP][PASSED] - println("a1: " + a1): null

24-03-2025T11:33:46 - [TEST_STEP][PASSED] - i = a2.length() / 2: null

24-03-2025T11:33:46 - [TEST_STEP][PASSED] - if (i > -1): null

24-03-2025T11:33:46 - [TEST_STEP][PASSED] - a2 = replaceAll("\s+", "").trim(): null

24-03-2025T11:33:46 - [TEST_STEP][PASSED] - println("a2: " + a2): null

24-03-2025T11:33:46 - [TEST_STEP][PASSED] - tableA = getText(findTestObject("Факторный анализ/AllTable1")).replaceAll("[\r?
|
]", "/"): Text of object 'Object Repository/Факторный анализ/AllTable1' is: 'ДЗО
Филиал
Отклонение (объём услуг)
Отклонение (средний тариф)
АО "РЭС" АО "РЭС" -76 3
АО «Тываэнерго» АО "Тываэнерго" 19 4
АО «Чеченэнерго» АО «Чеченэнерго» -35 -48
Россети Волга Мордовэнерго - 150 -6
Оренбургэнерго -62 -9
Пензаэнерго -35 -1
Самарские РС -78 142
Саратовские РС -77 -49
Ульяновские РС 14 6
Чувашэнерго -4 12
Россети Кубань Кубаньэнерго - 341 287
Россети Ленэнерго (ГК) Ленинградская область - 311 187
г. Санкт-Петербург - 291 12
Россети Московский регион Московская область - 780 53
г. Москва - 195 -5
Россети Северный Кавказ (ГК) Дагэнерго - 238 -48
Ингушэнерго -60 14
Каббалкэнерго 20 -4
Карачаево-Черкесскэнерго -10 - 109
Севкавказэнерго - 121 -10
Ставропольэнерго -68 28
Россети Северо-Запад Архангельский филиал -52 21
Вологодский филиал -40 10
Карельский филиал -50 -15
Мурманский филиал 20 -17
Новгородский филиал -49 0
Псковский филиал -48 13
филиал в Республике Коми -53 9
Россети Сибирь (ГК) Алтайэнерго 39 16
Бурятэнерго 10 -7
ГАЭС 9 2
Красноярскэнерго 117 -4
Кузбассэнерго-РЭС 37 147
Омскэнерго -2 -21
Хакасэнерго -10 -12
Читаэнерго -1 25
Россети Томск Томская распределительная компания -62 5
Россети Тюмень Россети Тюмень - 986 - 117
Россети Урал (ГК) Пермэнерго - 187 5
Свердловэнерго - 152 -4
Челябэнерго - 141 5
Россети ФСК ЕЭС Итого по ФСК ЕЭС - 311 252
Россети Центр Белгородэнерго -85 14
Брянскэнерго -50 -8
Воронежэнерго -98 -2
Костромаэнерго -42 3
Курскэнерго -32 8
Липецкэнерго -79 20
Орелэнерго -40 5
Смоленскэнерго -52 -7
Тамбовэнерго -25 -5
Тверьэнерго - 133 0
Ярэнерго -60 -7
Россети Центр и Приволжье (ГК) Владимирэнерго - 134 -19
Ивэнерго -16 -6
Калугаэнерго -73 20
Кировэнерго -51 3
Мариэнерго -10 9
Нижновэнерго - 171 -4
Рязаньэнерго -93 1
Тулэнерго -82 7
Удмуртэнерго -55 60
Россети Юг (ГК) АО «ВМЭС» 0 4
Астраханьэнерго 1 -6
Волгоградэнерго - 140 -12
Калмэнерго -8 2
Ростовэнерго -47 16
Россети Янтарь Россети Янтарь -31 12'

24-03-2025T11:33:46 - [MESSAGE][PASSED] - Text of object 'Object Repository/Факторный анализ/AllTable1' is: 'ДЗО
Филиал
Отклонение (объём услуг)
Отклонение (средний тариф)
АО "РЭС" АО "РЭС" -76 3
АО «Тываэнерго» АО "Тываэнерго" 19 4
АО «Чеченэнерго» АО «Чеченэнерго» -35 -48
Россети Волга Мордовэнерго - 150 -6
Оренбургэнерго -62 -9
Пензаэнерго -35 -1
Самарские РС -78 142
Саратовские РС -77 -49
Ульяновские РС 14 6
Чувашэнерго -4 12
Россети Кубань Кубаньэнерго - 341 287
Россети Ленэнерго (ГК) Ленинградская область - 311 187
г. Санкт-Петербург - 291 12
Россети Московский регион Московская область - 780 53
г. Москва - 195 -5
Россети Северный Кавказ (ГК) Дагэнерго - 238 -48
Ингушэнерго -60 14
Каббалкэнерго 20 -4
Карачаево-Черкесскэнерго -10 - 109
Севкавказэнерго - 121 -10
Ставропольэнерго -68 28
Россети Северо-Запад Архангельский филиал -52 21
Вологодский филиал -40 10
Карельский филиал -50 -15
Мурманский филиал 20 -17
Новгородский филиал -49 0
Псковский филиал -48 13
филиал в Республике Коми -53 9
Россети Сибирь (ГК) Алтайэнерго 39 16
Бурятэнерго 10 -7
ГАЭС 9 2
Красноярскэнерго 117 -4
Кузбассэнерго-РЭС 37 147
Омскэнерго -2 -21
Хакасэнерго -10 -12
Читаэнерго -1 25
Россети Томск Томская распределительная компания -62 5
Россети Тюмень Россети Тюмень - 986 - 117
Россети Урал (ГК) Пермэнерго - 187 5
Свердловэнерго - 152 -4
Челябэнерго - 141 5
Россети ФСК ЕЭС Итого по ФСК ЕЭС - 311 252
Россети Центр Белгородэнерго -85 14
Брянскэнерго -50 -8
Воронежэнерго -98 -2
Костромаэнерго -42 3
Курскэнерго -32 8
Липецкэнерго -79 20
Орелэнерго -40 5
Смоленскэнерго -52 -7
Тамбовэнерго -25 -5
Тверьэнерго - 133 0
Ярэнерго -60 -7
Россети Центр и Приволжье (ГК) Владимирэнерго - 134 -19
Ивэнерго -16 -6
Калугаэнерго -73 20
Кировэнерго -51 3
Мариэнерго -10 9
Нижновэнерго - 171 -4
Рязаньэнерго -93 1
Тулэнерго -82 7
Удмуртэнерго -55 60
Россети Юг (ГК) АО «ВМЭС» 0 4
Астраханьэнерго 1 -6
Волгоградэнерго - 140 -12
Калмэнерго -8 2
Ростовэнерго -47 16
Россети Янтарь Россети Янтарь -31 12'

24-03-2025T11:33:46 - [TEST_STEP][PASSED] - println("tableA: " + tableA): null

24-03-2025T11:33:46 - [TEST_STEP][PASSED] - for ([i = 1, i < 5, (i++)]): null

24-03-2025T11:33:46 - [TEST_STEP][PASSED] - ii = tableA.indexOf("/") + 1: null

24-03-2025T11:33:46 - [TEST_STEP][PASSED] - tableA = tableA.substring(ii, tableA.length()): null

24-03-2025T11:33:46 - [TEST_STEP][PASSED] - ii = tableA.indexOf("/") + 1: null

24-03-2025T11:33:46 - [TEST_STEP][PASSED] - tableA = tableA.substring(ii, tableA.length()): null

24-03-2025T11:33:46 - [TEST_STEP][PASSED] - ii = tableA.indexOf("/") + 1: null

24-03-2025T11:33:46 - [TEST_STEP][PASSED] - tableA = tableA.substring(ii, tableA.length()): null

24-03-2025T11:33:46 - [TEST_STEP][PASSED] - ii = tableA.indexOf("/") + 1: null

24-03-2025T11:33:46 - [TEST_STEP][PASSED] - tableA = tableA.substring(ii, tableA.length()): null

24-03-2025T11:33:46 - [TEST_STEP][PASSED] - println("tableA: " + tableA): null

24-03-2025T11:33:46 - [TEST_STEP][PASSED] - TyA = Script1719551244403.GetData(x = tableA): null

24-03-2025T11:33:46 - [TEST_STEP][PASSED] - i2 = <not implemented yet for class: org.codehaus.groovy.ast.expr.EmptyExpression>: null

24-03-2025T11:33:46 - [TEST_STEP][PASSED] - i2 = x.indexOf("/") + 1: null

24-03-2025T11:33:46 - [TEST_STEP][PASSED] - x = replaceAll("\p{P}", "").trim(): null

24-03-2025T11:33:46 - [TEST_STEP][PASSED] - return x: null

24-03-2025T11:33:46 - [TEST_STEP][PASSED] - println("TyA: " + TyA): null

24-03-2025T11:33:46 - [TEST_STEP][PASSED] - tableA = Script1719551244403.NewDZO(x = tableA): null

24-03-2025T11:33:46 - [TEST_STEP][PASSED] - i3 = <not implemented yet for class: org.codehaus.groovy.ast.expr.EmptyExpression>: null

24-03-2025T11:33:46 - [TEST_STEP][PASSED] - i3 = x.indexOf("/") + 1: null

24-03-2025T11:33:46 - [TEST_STEP][PASSED] - x = x.substring(i3, x.length()): null

24-03-2025T11:33:46 - [TEST_STEP][PASSED] - return x: null

24-03-2025T11:33:46 - [TEST_STEP][PASSED] - ChA = Script1719551244403.GetData(x = tableA): null

24-03-2025T11:33:46 - [TEST_STEP][PASSED] - i2 = <not implemented yet for class: org.codehaus.groovy.ast.expr.EmptyExpression>: null

24-03-2025T11:33:46 - [TEST_STEP][PASSED] - i2 = x.indexOf("/") + 1: null

24-03-2025T11:33:46 - [TEST_STEP][PASSED] - x = replaceAll("\p{P}", "").trim(): null

24-03-2025T11:33:46 - [TEST_STEP][PASSED] - return x: null

24-03-2025T11:33:46 - [TEST_STEP][PASSED] - println("ChA: " + ChA): null

24-03-2025T11:33:46 - [TEST_STEP][PASSED] - tableA = Script1719551244403.NewDZO(x = tableA): null

24-03-2025T11:33:46 - [TEST_STEP][PASSED] - i3 = <not implemented yet for class: org.codehaus.groovy.ast.expr.EmptyExpression>: null

24-03-2025T11:33:46 - [TEST_STEP][PASSED] - i3 = x.indexOf("/") + 1: null

24-03-2025T11:33:46 - [TEST_STEP][PASSED] - x = x.substring(i3, x.length()): null

24-03-2025T11:33:46 - [TEST_STEP][PASSED] - return x: null

24-03-2025T11:33:46 - [TEST_STEP][PASSED] - i = tableA.indexOf("Кубань"): null

24-03-2025T11:33:46 - [TEST_STEP][PASSED] - VA = replaceAll("\p{P}", "").trim(): null

24-03-2025T11:33:46 - [TEST_STEP][PASSED] - println("VA: " + VA): null

24-03-2025T11:33:46 - [TEST_STEP][PASSED] - for ([i = 1, i < 8, (i++)]): null

24-03-2025T11:33:46 - [TEST_STEP][PASSED] - tableA = Script1719551244403.NewDZO(x = tableA): null

24-03-2025T11:33:46 - [TEST_STEP][PASSED] - i3 = <not implemented yet for class: org.codehaus.groovy.ast.expr.EmptyExpression>: null

24-03-2025T11:33:46 - [TEST_STEP][PASSED] - i3 = x.indexOf("/") + 1: null

24-03-2025T11:33:46 - [TEST_STEP][PASSED] - x = x.substring(i3, x.length()): null

24-03-2025T11:33:46 - [TEST_STEP][PASSED] - return x: null

24-03-2025T11:33:46 - [TEST_STEP][PASSED] - tableA = Script1719551244403.NewDZO(x = tableA): null

24-03-2025T11:33:46 - [TEST_STEP][PASSED] - i3 = <not implemented yet for class: org.codehaus.groovy.ast.expr.EmptyExpression>: null

24-03-2025T11:33:46 - [TEST_STEP][PASSED] - i3 = x.indexOf("/") + 1: null

24-03-2025T11:33:46 - [TEST_STEP][PASSED] - x = x.substring(i3, x.length()): null

24-03-2025T11:33:46 - [TEST_STEP][PASSED] - return x: null

24-03-2025T11:33:46 - [TEST_STEP][PASSED] - tableA = Script1719551244403.NewDZO(x = tableA): null

24-03-2025T11:33:46 - [TEST_STEP][PASSED] - i3 = <not implemented yet for class: org.codehaus.groovy.ast.expr.EmptyExpression>: null

24-03-2025T11:33:46 - [TEST_STEP][PASSED] - i3 = x.indexOf("/") + 1: null

24-03-2025T11:33:46 - [TEST_STEP][PASSED] - x = x.substring(i3, x.length()): null

24-03-2025T11:33:46 - [TEST_STEP][PASSED] - return x: null

24-03-2025T11:33:46 - [TEST_STEP][PASSED] - tableA = Script1719551244403.NewDZO(x = tableA): null

24-03-2025T11:33:46 - [TEST_STEP][PASSED] - i3 = <not implemented yet for class: org.codehaus.groovy.ast.expr.EmptyExpression>: null

24-03-2025T11:33:46 - [TEST_STEP][PASSED] - i3 = x.indexOf("/") + 1: null

24-03-2025T11:33:46 - [TEST_STEP][PASSED] - x = x.substring(i3, x.length()): null

24-03-2025T11:33:46 - [TEST_STEP][PASSED] - return x: null

24-03-2025T11:33:46 - [TEST_STEP][PASSED] - tableA = Script1719551244403.NewDZO(x = tableA): null

24-03-2025T11:33:46 - [TEST_STEP][PASSED] - i3 = <not implemented yet for class: org.codehaus.groovy.ast.expr.EmptyExpression>: null

24-03-2025T11:33:46 - [TEST_STEP][PASSED] - i3 = x.indexOf("/") + 1: null

24-03-2025T11:33:46 - [TEST_STEP][PASSED] - x = x.substring(i3, x.length()): null

24-03-2025T11:33:46 - [TEST_STEP][PASSED] - return x: null

24-03-2025T11:33:46 - [TEST_STEP][PASSED] - tableA = Script1719551244403.NewDZO(x = tableA): null

24-03-2025T11:33:46 - [TEST_STEP][PASSED] - i3 = <not implemented yet for class: org.codehaus.groovy.ast.expr.EmptyExpression>: null

24-03-2025T11:33:46 - [TEST_STEP][PASSED] - i3 = x.indexOf("/") + 1: null

24-03-2025T11:33:46 - [TEST_STEP][PASSED] - x = x.substring(i3, x.length()): null

24-03-2025T11:33:46 - [TEST_STEP][PASSED] - return x: null

24-03-2025T11:33:46 - [TEST_STEP][PASSED] - tableA = Script1719551244403.NewDZO(x = tableA): null

24-03-2025T11:33:46 - [TEST_STEP][PASSED] - i3 = <not implemented yet for class: org.codehaus.groovy.ast.expr.EmptyExpression>: null

24-03-2025T11:33:46 - [TEST_STEP][PASSED] - i3 = x.indexOf("/") + 1: null

24-03-2025T11:33:46 - [TEST_STEP][PASSED] - x = x.substring(i3, x.length()): null

24-03-2025T11:33:46 - [TEST_STEP][PASSED] - return x: null

24-03-2025T11:33:46 - [TEST_STEP][PASSED] - i = tableA.indexOf("Ленэнерго"): null

24-03-2025T11:33:46 - [TEST_STEP][PASSED] - KuA = Script1719551244403.GetData(x = tableA): null

24-03-2025T11:33:46 - [TEST_STEP][PASSED] - i2 = <not implemented yet for class: org.codehaus.groovy.ast.expr.EmptyExpression>: null

24-03-2025T11:33:46 - [TEST_STEP][PASSED] - i2 = x.indexOf("/") + 1: null

24-03-2025T11:33:46 - [TEST_STEP][PASSED] - x = replaceAll("\p{P}", "").trim(): null

24-03-2025T11:33:46 - [TEST_STEP][PASSED] - return x: null

24-03-2025T11:33:46 - [TEST_STEP][PASSED] - println("KuA: " + KuA): null

24-03-2025T11:33:46 - [TEST_STEP][PASSED] - tableA = Script1719551244403.NewDZO(x = tableA): null

24-03-2025T11:33:46 - [TEST_STEP][PASSED] - i3 = <not implemented yet for class: org.codehaus.groovy.ast.expr.EmptyExpression>: null

24-03-2025T11:33:46 - [TEST_STEP][PASSED] - i3 = x.indexOf("/") + 1: null

24-03-2025T11:33:46 - [TEST_STEP][PASSED] - x = x.substring(i3, x.length()): null

24-03-2025T11:33:46 - [TEST_STEP][PASSED] - return x: null

24-03-2025T11:33:46 - [TEST_STEP][PASSED] - i = tableA.indexOf("Московский"): null

24-03-2025T11:33:46 - [TEST_STEP][PASSED] - LenA = replaceAll("\p{P}", "").trim(): null

24-03-2025T11:33:46 - [TEST_STEP][PASSED] - println("LenA: " + LenA): null

24-03-2025T11:33:46 - [TEST_STEP][PASSED] - tableA = Script1719551244403.NewDZO(x = tableA): null

24-03-2025T11:33:46 - [TEST_STEP][PASSED] - i3 = <not implemented yet for class: org.codehaus.groovy.ast.expr.EmptyExpression>: null

24-03-2025T11:33:46 - [TEST_STEP][PASSED] - i3 = x.indexOf("/") + 1: null

24-03-2025T11:33:46 - [TEST_STEP][PASSED] - x = x.substring(i3, x.length()): null

24-03-2025T11:33:46 - [TEST_STEP][PASSED] - return x: null

24-03-2025T11:33:46 - [TEST_STEP][PASSED] - tableA = Script1719551244403.NewDZO(x = tableA): null

24-03-2025T11:33:46 - [TEST_STEP][PASSED] - i3 = <not implemented yet for class: org.codehaus.groovy.ast.expr.EmptyExpression>: null

24-03-2025T11:33:46 - [TEST_STEP][PASSED] - i3 = x.indexOf("/") + 1: null

24-03-2025T11:33:46 - [TEST_STEP][PASSED] - x = x.substring(i3, x.length()): null

24-03-2025T11:33:46 - [TEST_STEP][PASSED] - return x: null

24-03-2025T11:33:46 - [TEST_STEP][PASSED] - i = tableA.indexOf("Кавказ"): null

24-03-2025T11:33:46 - [TEST_STEP][PASSED] - MosA = replaceAll("\p{P}", "").trim(): null

24-03-2025T11:33:46 - [TEST_STEP][PASSED] - println("MosA: " + MosA): null

24-03-2025T11:33:46 - [TEST_STEP][PASSED] - for ([i = 1, i < 3, (i++)]): null

24-03-2025T11:33:46 - [TEST_STEP][PASSED] - tableA = Script1719551244403.NewDZO(x = tableA): null

24-03-2025T11:33:46 - [TEST_STEP][PASSED] - i3 = <not implemented yet for class: org.codehaus.groovy.ast.expr.EmptyExpression>: null

24-03-2025T11:33:46 - [TEST_STEP][PASSED] - i3 = x.indexOf("/") + 1: null

24-03-2025T11:33:46 - [TEST_STEP][PASSED] - x = x.substring(i3, x.length()): null

24-03-2025T11:33:46 - [TEST_STEP][PASSED] - return x: null

24-03-2025T11:33:46 - [TEST_STEP][PASSED] - tableA = Script1719551244403.NewDZO(x = tableA): null

24-03-2025T11:33:46 - [TEST_STEP][PASSED] - i3 = <not implemented yet for class: org.codehaus.groovy.ast.expr.EmptyExpression>: null

24-03-2025T11:33:46 - [TEST_STEP][PASSED] - i3 = x.indexOf("/") + 1: null

24-03-2025T11:33:46 - [TEST_STEP][PASSED] - x = x.substring(i3, x.length()): null

24-03-2025T11:33:46 - [TEST_STEP][PASSED] - return x: null

24-03-2025T11:33:46 - [TEST_STEP][PASSED] - i = tableA.indexOf("Запад"): null

24-03-2025T11:33:46 - [TEST_STEP][PASSED] - SKA = replaceAll("\p{P}", "").trim(): null

24-03-2025T11:33:46 - [TEST_STEP][PASSED] - println("SKA: " + SKA): null

24-03-2025T11:33:46 - [TEST_STEP][PASSED] - for ([i = 1, i < 7, (i++)]): null

24-03-2025T11:33:46 - [TEST_STEP][PASSED] - tableA = Script1719551244403.NewDZO(x = tableA): null

24-03-2025T11:33:46 - [TEST_STEP][PASSED] - i3 = <not implemented yet for class: org.codehaus.groovy.ast.expr.EmptyExpression>: null

24-03-2025T11:33:46 - [TEST_STEP][PASSED] - i3 = x.indexOf("/") + 1: null

24-03-2025T11:33:46 - [TEST_STEP][PASSED] - x = x.substring(i3, x.length()): null

24-03-2025T11:33:46 - [TEST_STEP][PASSED] - return x: null

24-03-2025T11:33:46 - [TEST_STEP][PASSED] - tableA = Script1719551244403.NewDZO(x = tableA): null

24-03-2025T11:33:46 - [TEST_STEP][PASSED] - i3 = <not implemented yet for class: org.codehaus.groovy.ast.expr.EmptyExpression>: null

24-03-2025T11:33:46 - [TEST_STEP][PASSED] - i3 = x.indexOf("/") + 1: null

24-03-2025T11:33:46 - [TEST_STEP][PASSED] - x = x.substring(i3, x.length()): null

24-03-2025T11:33:46 - [TEST_STEP][PASSED] - return x: null

24-03-2025T11:33:46 - [TEST_STEP][PASSED] - tableA = Script1719551244403.NewDZO(x = tableA): null

24-03-2025T11:33:46 - [TEST_STEP][PASSED] - i3 = <not implemented yet for class: org.codehaus.groovy.ast.expr.EmptyExpression>: null

24-03-2025T11:33:46 - [TEST_STEP][PASSED] - i3 = x.indexOf("/") + 1: null

24-03-2025T11:33:46 - [TEST_STEP][PASSED] - x = x.substring(i3, x.length()): null

24-03-2025T11:33:46 - [TEST_STEP][PASSED] - return x: null

24-03-2025T11:33:46 - [TEST_STEP][PASSED] - tableA = Script1719551244403.NewDZO(x = tableA): null

24-03-2025T11:33:46 - [TEST_STEP][PASSED] - i3 = <not implemented yet for class: org.codehaus.groovy.ast.expr.EmptyExpression>: null

24-03-2025T11:33:46 - [TEST_STEP][PASSED] - i3 = x.indexOf("/") + 1: null

24-03-2025T11:33:46 - [TEST_STEP][PASSED] - x = x.substring(i3, x.length()): null

24-03-2025T11:33:46 - [TEST_STEP][PASSED] - return x: null

24-03-2025T11:33:46 - [TEST_STEP][PASSED] - tableA = Script1719551244403.NewDZO(x = tableA): null

24-03-2025T11:33:46 - [TEST_STEP][PASSED] - i3 = <not implemented yet for class: org.codehaus.groovy.ast.expr.EmptyExpression>: null

24-03-2025T11:33:46 - [TEST_STEP][PASSED] - i3 = x.indexOf("/") + 1: null

24-03-2025T11:33:46 - [TEST_STEP][PASSED] - x = x.substring(i3, x.length()): null

24-03-2025T11:33:46 - [TEST_STEP][PASSED] - return x: null

24-03-2025T11:33:46 - [TEST_STEP][PASSED] - tableA = Script1719551244403.NewDZO(x = tableA): null

24-03-2025T11:33:46 - [TEST_STEP][PASSED] - i3 = <not implemented yet for class: org.codehaus.groovy.ast.expr.EmptyExpression>: null

24-03-2025T11:33:46 - [TEST_STEP][PASSED] - i3 = x.indexOf("/") + 1: null

24-03-2025T11:33:46 - [TEST_STEP][PASSED] - x = x.substring(i3, x.length()): null

24-03-2025T11:33:46 - [TEST_STEP][PASSED] - return x: null

24-03-2025T11:33:46 - [TEST_STEP][PASSED] - i = tableA.indexOf("Сибирь"): null

24-03-2025T11:33:46 - [TEST_STEP][PASSED] - SZA = replaceAll("\p{P}", "").trim(): null

24-03-2025T11:33:46 - [TEST_STEP][PASSED] - println("SZA: " + SZA): null

24-03-2025T11:33:46 - [TEST_STEP][PASSED] - for ([i = 1, i < 8, (i++)]): null

24-03-2025T11:33:46 - [TEST_STEP][PASSED] - tableA = Script1719551244403.NewDZO(x = tableA): null

24-03-2025T11:33:46 - [TEST_STEP][PASSED] - i3 = <not implemented yet for class: org.codehaus.groovy.ast.expr.EmptyExpression>: null

24-03-2025T11:33:46 - [TEST_STEP][PASSED] - i3 = x.indexOf("/") + 1: null

24-03-2025T11:33:46 - [TEST_STEP][PASSED] - x = x.substring(i3, x.length()): null

24-03-2025T11:33:46 - [TEST_STEP][PASSED] - return x: null

24-03-2025T11:33:46 - [TEST_STEP][PASSED] - tableA = Script1719551244403.NewDZO(x = tableA): null

24-03-2025T11:33:46 - [TEST_STEP][PASSED] - i3 = <not implemented yet for class: org.codehaus.groovy.ast.expr.EmptyExpression>: null

24-03-2025T11:33:46 - [TEST_STEP][PASSED] - i3 = x.indexOf("/") + 1: null

24-03-2025T11:33:46 - [TEST_STEP][PASSED] - x = x.substring(i3, x.length()): null

24-03-2025T11:33:46 - [TEST_STEP][PASSED] - return x: null

24-03-2025T11:33:46 - [TEST_STEP][PASSED] - tableA = Script1719551244403.NewDZO(x = tableA): null

24-03-2025T11:33:46 - [TEST_STEP][PASSED] - i3 = <not implemented yet for class: org.codehaus.groovy.ast.expr.EmptyExpression>: null

24-03-2025T11:33:46 - [TEST_STEP][PASSED] - i3 = x.indexOf("/") + 1: null

24-03-2025T11:33:46 - [TEST_STEP][PASSED] - x = x.substring(i3, x.length()): null

24-03-2025T11:33:46 - [TEST_STEP][PASSED] - return x: null

24-03-2025T11:33:46 - [TEST_STEP][PASSED] - tableA = Script1719551244403.NewDZO(x = tableA): null

24-03-2025T11:33:46 - [TEST_STEP][PASSED] - i3 = <not implemented yet for class: org.codehaus.groovy.ast.expr.EmptyExpression>: null

24-03-2025T11:33:46 - [TEST_STEP][PASSED] - i3 = x.indexOf("/") + 1: null

24-03-2025T11:33:46 - [TEST_STEP][PASSED] - x = x.substring(i3, x.length()): null

24-03-2025T11:33:46 - [TEST_STEP][PASSED] - return x: null

24-03-2025T11:33:46 - [TEST_STEP][PASSED] - tableA = Script1719551244403.NewDZO(x = tableA): null

24-03-2025T11:33:46 - [TEST_STEP][PASSED] - i3 = <not implemented yet for class: org.codehaus.groovy.ast.expr.EmptyExpression>: null

24-03-2025T11:33:46 - [TEST_STEP][PASSED] - i3 = x.indexOf("/") + 1: null

24-03-2025T11:33:46 - [TEST_STEP][PASSED] - x = x.substring(i3, x.length()): null

24-03-2025T11:33:46 - [TEST_STEP][PASSED] - return x: null

24-03-2025T11:33:46 - [TEST_STEP][PASSED] - tableA = Script1719551244403.NewDZO(x = tableA): null

24-03-2025T11:33:46 - [TEST_STEP][PASSED] - i3 = <not implemented yet for class: org.codehaus.groovy.ast.expr.EmptyExpression>: null

24-03-2025T11:33:46 - [TEST_STEP][PASSED] - i3 = x.indexOf("/") + 1: null

24-03-2025T11:33:46 - [TEST_STEP][PASSED] - x = x.substring(i3, x.length()): null

24-03-2025T11:33:46 - [TEST_STEP][PASSED] - return x: null

24-03-2025T11:33:46 - [TEST_STEP][PASSED] - tableA = Script1719551244403.NewDZO(x = tableA): null

24-03-2025T11:33:46 - [TEST_STEP][PASSED] - i3 = <not implemented yet for class: org.codehaus.groovy.ast.expr.EmptyExpression>: null

24-03-2025T11:33:46 - [TEST_STEP][PASSED] - i3 = x.indexOf("/") + 1: null

24-03-2025T11:33:46 - [TEST_STEP][PASSED] - x = x.substring(i3, x.length()): null

24-03-2025T11:33:46 - [TEST_STEP][PASSED] - return x: null

24-03-2025T11:33:46 - [TEST_STEP][PASSED] - i = tableA.indexOf("Томск"): null

24-03-2025T11:33:46 - [TEST_STEP][PASSED] - SiA = replaceAll("\p{P}", "").trim(): null

24-03-2025T11:33:46 - [TEST_STEP][PASSED] - println("SiA: " + SiA): null

24-03-2025T11:33:46 - [TEST_STEP][PASSED] - for ([i = 1, i < 9, (i++)]): null

24-03-2025T11:33:46 - [TEST_STEP][PASSED] - tableA = Script1719551244403.NewDZO(x = tableA): null

24-03-2025T11:33:46 - [TEST_STEP][PASSED] - i3 = <not implemented yet for class: org.codehaus.groovy.ast.expr.EmptyExpression>: null

24-03-2025T11:33:46 - [TEST_STEP][PASSED] - i3 = x.indexOf("/") + 1: null

24-03-2025T11:33:46 - [TEST_STEP][PASSED] - x = x.substring(i3, x.length()): null

24-03-2025T11:33:46 - [TEST_STEP][PASSED] - return x: null

24-03-2025T11:33:46 - [TEST_STEP][PASSED] - tableA = Script1719551244403.NewDZO(x = tableA): null

24-03-2025T11:33:46 - [TEST_STEP][PASSED] - i3 = <not implemented yet for class: org.codehaus.groovy.ast.expr.EmptyExpression>: null

24-03-2025T11:33:46 - [TEST_STEP][PASSED] - i3 = x.indexOf("/") + 1: null

24-03-2025T11:33:46 - [TEST_STEP][PASSED] - x = x.substring(i3, x.length()): null

24-03-2025T11:33:46 - [TEST_STEP][PASSED] - return x: null

24-03-2025T11:33:46 - [TEST_STEP][PASSED] - tableA = Script1719551244403.NewDZO(x = tableA): null

24-03-2025T11:33:46 - [TEST_STEP][PASSED] - i3 = <not implemented yet for class: org.codehaus.groovy.ast.expr.EmptyExpression>: null

24-03-2025T11:33:46 - [TEST_STEP][PASSED] - i3 = x.indexOf("/") + 1: null

24-03-2025T11:33:46 - [TEST_STEP][PASSED] - x = x.substring(i3, x.length()): null

24-03-2025T11:33:46 - [TEST_STEP][PASSED] - return x: null

24-03-2025T11:33:46 - [TEST_STEP][PASSED] - tableA = Script1719551244403.NewDZO(x = tableA): null

24-03-2025T11:33:46 - [TEST_STEP][PASSED] - i3 = <not implemented yet for class: org.codehaus.groovy.ast.expr.EmptyExpression>: null

24-03-2025T11:33:46 - [TEST_STEP][PASSED] - i3 = x.indexOf("/") + 1: null

24-03-2025T11:33:46 - [TEST_STEP][PASSED] - x = x.substring(i3, x.length()): null

24-03-2025T11:33:46 - [TEST_STEP][PASSED] - return x: null

24-03-2025T11:33:46 - [TEST_STEP][PASSED] - tableA = Script1719551244403.NewDZO(x = tableA): null

24-03-2025T11:33:46 - [TEST_STEP][PASSED] - i3 = <not implemented yet for class: org.codehaus.groovy.ast.expr.EmptyExpression>: null

24-03-2025T11:33:46 - [TEST_STEP][PASSED] - i3 = x.indexOf("/") + 1: null

24-03-2025T11:33:46 - [TEST_STEP][PASSED] - x = x.substring(i3, x.length()): null

24-03-2025T11:33:46 - [TEST_STEP][PASSED] - return x: null

24-03-2025T11:33:46 - [TEST_STEP][PASSED] - tableA = Script1719551244403.NewDZO(x = tableA): null

24-03-2025T11:33:46 - [TEST_STEP][PASSED] - i3 = <not implemented yet for class: org.codehaus.groovy.ast.expr.EmptyExpression>: null

24-03-2025T11:33:46 - [TEST_STEP][PASSED] - i3 = x.indexOf("/") + 1: null

24-03-2025T11:33:46 - [TEST_STEP][PASSED] - x = x.substring(i3, x.length()): null

24-03-2025T11:33:46 - [TEST_STEP][PASSED] - return x: null

24-03-2025T11:33:46 - [TEST_STEP][PASSED] - tableA = Script1719551244403.NewDZO(x = tableA): null

24-03-2025T11:33:46 - [TEST_STEP][PASSED] - i3 = <not implemented yet for class: org.codehaus.groovy.ast.expr.EmptyExpression>: null

24-03-2025T11:33:46 - [TEST_STEP][PASSED] - i3 = x.indexOf("/") + 1: null

24-03-2025T11:33:46 - [TEST_STEP][PASSED] - x = x.substring(i3, x.length()): null

24-03-2025T11:33:46 - [TEST_STEP][PASSED] - return x: null

24-03-2025T11:33:46 - [TEST_STEP][PASSED] - tableA = Script1719551244403.NewDZO(x = tableA): null

24-03-2025T11:33:46 - [TEST_STEP][PASSED] - i3 = <not implemented yet for class: org.codehaus.groovy.ast.expr.EmptyExpression>: null

24-03-2025T11:33:46 - [TEST_STEP][PASSED] - i3 = x.indexOf("/") + 1: null

24-03-2025T11:33:46 - [TEST_STEP][PASSED] - x = x.substring(i3, x.length()): null

24-03-2025T11:33:46 - [TEST_STEP][PASSED] - return x: null

24-03-2025T11:33:46 - [TEST_STEP][PASSED] - i = tableA.indexOf("Тюмень"): null

24-03-2025T11:33:46 - [TEST_STEP][PASSED] - ToA = replaceAll("\p{P}", "").trim(): null

24-03-2025T11:33:46 - [TEST_STEP][PASSED] - println("ToA: " + ToA): null

24-03-2025T11:33:46 - [TEST_STEP][PASSED] - tableA = Script1719551244403.NewDZO(x = tableA): null

24-03-2025T11:33:46 - [TEST_STEP][PASSED] - i3 = <not implemented yet for class: org.codehaus.groovy.ast.expr.EmptyExpression>: null

24-03-2025T11:33:46 - [TEST_STEP][PASSED] - i3 = x.indexOf("/") + 1: null

24-03-2025T11:33:46 - [TEST_STEP][PASSED] - x = x.substring(i3, x.length()): null

24-03-2025T11:33:46 - [TEST_STEP][PASSED] - return x: null

24-03-2025T11:33:46 - [TEST_STEP][PASSED] - TyuA = replaceAll("\p{P}", "").trim(): null

24-03-2025T11:33:46 - [TEST_STEP][PASSED] - println("TyuA: " + TyuA): null

24-03-2025T11:33:46 - [TEST_STEP][PASSED] - tableA = Script1719551244403.NewDZO(x = tableA): null

24-03-2025T11:33:46 - [TEST_STEP][PASSED] - i3 = <not implemented yet for class: org.codehaus.groovy.ast.expr.EmptyExpression>: null

24-03-2025T11:33:46 - [TEST_STEP][PASSED] - i3 = x.indexOf("/") + 1: null

24-03-2025T11:33:46 - [TEST_STEP][PASSED] - x = x.substring(i3, x.length()): null

24-03-2025T11:33:46 - [TEST_STEP][PASSED] - return x: null

24-03-2025T11:33:46 - [TEST_STEP][PASSED] - i = tableA.indexOf("ЕЭС"): null

24-03-2025T11:33:46 - [TEST_STEP][PASSED] - UrA = replaceAll("\p{P}", "").trim(): null

24-03-2025T11:33:46 - [TEST_STEP][PASSED] - println("UrA: " + UrA): null

24-03-2025T11:33:46 - [TEST_STEP][PASSED] - for ([i = 1, i < 4, (i++)]): null

24-03-2025T11:33:46 - [TEST_STEP][PASSED] - tableA = Script1719551244403.NewDZO(x = tableA): null

24-03-2025T11:33:46 - [TEST_STEP][PASSED] - i3 = <not implemented yet for class: org.codehaus.groovy.ast.expr.EmptyExpression>: null

24-03-2025T11:33:46 - [TEST_STEP][PASSED] - i3 = x.indexOf("/") + 1: null

24-03-2025T11:33:46 - [TEST_STEP][PASSED] - x = x.substring(i3, x.length()): null

24-03-2025T11:33:46 - [TEST_STEP][PASSED] - return x: null

24-03-2025T11:33:46 - [TEST_STEP][PASSED] - tableA = Script1719551244403.NewDZO(x = tableA): null

24-03-2025T11:33:46 - [TEST_STEP][PASSED] - i3 = <not implemented yet for class: org.codehaus.groovy.ast.expr.EmptyExpression>: null

24-03-2025T11:33:46 - [TEST_STEP][PASSED] - i3 = x.indexOf("/") + 1: null

24-03-2025T11:33:46 - [TEST_STEP][PASSED] - x = x.substring(i3, x.length()): null

24-03-2025T11:33:46 - [TEST_STEP][PASSED] - return x: null

24-03-2025T11:33:46 - [TEST_STEP][PASSED] - tableA = Script1719551244403.NewDZO(x = tableA): null

24-03-2025T11:33:46 - [TEST_STEP][PASSED] - i3 = <not implemented yet for class: org.codehaus.groovy.ast.expr.EmptyExpression>: null

24-03-2025T11:33:46 - [TEST_STEP][PASSED] - i3 = x.indexOf("/") + 1: null

24-03-2025T11:33:46 - [TEST_STEP][PASSED] - x = x.substring(i3, x.length()): null

24-03-2025T11:33:46 - [TEST_STEP][PASSED] - return x: null

24-03-2025T11:33:46 - [TEST_STEP][PASSED] - i = tableA.indexOf("Центр"): null

24-03-2025T11:33:46 - [TEST_STEP][PASSED] - FSKA = replaceAll("\p{P}", "").trim(): null

24-03-2025T11:33:46 - [TEST_STEP][PASSED] - println("FSKA: " + FSKA): null

24-03-2025T11:33:46 - [TEST_STEP][PASSED] - tableA = Script1719551244403.NewDZO(x = tableA): null

24-03-2025T11:33:46 - [TEST_STEP][PASSED] - i3 = <not implemented yet for class: org.codehaus.groovy.ast.expr.EmptyExpression>: null

24-03-2025T11:33:46 - [TEST_STEP][PASSED] - i3 = x.indexOf("/") + 1: null

24-03-2025T11:33:46 - [TEST_STEP][PASSED] - x = x.substring(i3, x.length()): null

24-03-2025T11:33:46 - [TEST_STEP][PASSED] - return x: null

24-03-2025T11:33:46 - [TEST_STEP][PASSED] - i = tableA.indexOf("Приволжье"): null

24-03-2025T11:33:46 - [TEST_STEP][PASSED] - CenA = replaceAll("\p{P}", "").trim(): null

24-03-2025T11:33:46 - [TEST_STEP][PASSED] - println("CenA: " + CenA): null

24-03-2025T11:33:46 - [TEST_STEP][PASSED] - for ([i = 1, i < 12, (i++)]): null

24-03-2025T11:33:46 - [TEST_STEP][PASSED] - tableA = Script1719551244403.NewDZO(x = tableA): null

24-03-2025T11:33:46 - [TEST_STEP][PASSED] - i3 = <not implemented yet for class: org.codehaus.groovy.ast.expr.EmptyExpression>: null

24-03-2025T11:33:46 - [TEST_STEP][PASSED] - i3 = x.indexOf("/") + 1: null

24-03-2025T11:33:46 - [TEST_STEP][PASSED] - x = x.substring(i3, x.length()): null

24-03-2025T11:33:46 - [TEST_STEP][PASSED] - return x: null

24-03-2025T11:33:46 - [TEST_STEP][PASSED] - tableA = Script1719551244403.NewDZO(x = tableA): null

24-03-2025T11:33:46 - [TEST_STEP][PASSED] - i3 = <not implemented yet for class: org.codehaus.groovy.ast.expr.EmptyExpression>: null

24-03-2025T11:33:46 - [TEST_STEP][PASSED] - i3 = x.indexOf("/") + 1: null

24-03-2025T11:33:46 - [TEST_STEP][PASSED] - x = x.substring(i3, x.length()): null

24-03-2025T11:33:46 - [TEST_STEP][PASSED] - return x: null

24-03-2025T11:33:46 - [TEST_STEP][PASSED] - tableA = Script1719551244403.NewDZO(x = tableA): null

24-03-2025T11:33:46 - [TEST_STEP][PASSED] - i3 = <not implemented yet for class: org.codehaus.groovy.ast.expr.EmptyExpression>: null

24-03-2025T11:33:46 - [TEST_STEP][PASSED] - i3 = x.indexOf("/") + 1: null

24-03-2025T11:33:46 - [TEST_STEP][PASSED] - x = x.substring(i3, x.length()): null

24-03-2025T11:33:46 - [TEST_STEP][PASSED] - return x: null

24-03-2025T11:33:46 - [TEST_STEP][PASSED] - tableA = Script1719551244403.NewDZO(x = tableA): null

24-03-2025T11:33:46 - [TEST_STEP][PASSED] - i3 = <not implemented yet for class: org.codehaus.groovy.ast.expr.EmptyExpression>: null

24-03-2025T11:33:46 - [TEST_STEP][PASSED] - i3 = x.indexOf("/") + 1: null

24-03-2025T11:33:46 - [TEST_STEP][PASSED] - x = x.substring(i3, x.length()): null

24-03-2025T11:33:46 - [TEST_STEP][PASSED] - return x: null

24-03-2025T11:33:46 - [TEST_STEP][PASSED] - tableA = Script1719551244403.NewDZO(x = tableA): null

24-03-2025T11:33:46 - [TEST_STEP][PASSED] - i3 = <not implemented yet for class: org.codehaus.groovy.ast.expr.EmptyExpression>: null

24-03-2025T11:33:46 - [TEST_STEP][PASSED] - i3 = x.indexOf("/") + 1: null

24-03-2025T11:33:46 - [TEST_STEP][PASSED] - x = x.substring(i3, x.length()): null

24-03-2025T11:33:46 - [TEST_STEP][PASSED] - return x: null

24-03-2025T11:33:46 - [TEST_STEP][PASSED] - tableA = Script1719551244403.NewDZO(x = tableA): null

24-03-2025T11:33:46 - [TEST_STEP][PASSED] - i3 = <not implemented yet for class: org.codehaus.groovy.ast.expr.EmptyExpression>: null

24-03-2025T11:33:46 - [TEST_STEP][PASSED] - i3 = x.indexOf("/") + 1: null

24-03-2025T11:33:46 - [TEST_STEP][PASSED] - x = x.substring(i3, x.length()): null

24-03-2025T11:33:46 - [TEST_STEP][PASSED] - return x: null

24-03-2025T11:33:46 - [TEST_STEP][PASSED] - tableA = Script1719551244403.NewDZO(x = tableA): null

24-03-2025T11:33:46 - [TEST_STEP][PASSED] - i3 = <not implemented yet for class: org.codehaus.groovy.ast.expr.EmptyExpression>: null

24-03-2025T11:33:46 - [TEST_STEP][PASSED] - i3 = x.indexOf("/") + 1: null

24-03-2025T11:33:46 - [TEST_STEP][PASSED] - x = x.substring(i3, x.length()): null

24-03-2025T11:33:46 - [TEST_STEP][PASSED] - return x: null

24-03-2025T11:33:46 - [TEST_STEP][PASSED] - tableA = Script1719551244403.NewDZO(x = tableA): null

24-03-2025T11:33:46 - [TEST_STEP][PASSED] - i3 = <not implemented yet for class: org.codehaus.groovy.ast.expr.EmptyExpression>: null

24-03-2025T11:33:46 - [TEST_STEP][PASSED] - i3 = x.indexOf("/") + 1: null

24-03-2025T11:33:46 - [TEST_STEP][PASSED] - x = x.substring(i3, x.length()): null

24-03-2025T11:33:46 - [TEST_STEP][PASSED] - return x: null

24-03-2025T11:33:46 - [TEST_STEP][PASSED] - tableA = Script1719551244403.NewDZO(x = tableA): null

24-03-2025T11:33:46 - [TEST_STEP][PASSED] - i3 = <not implemented yet for class: org.codehaus.groovy.ast.expr.EmptyExpression>: null

24-03-2025T11:33:46 - [TEST_STEP][PASSED] - i3 = x.indexOf("/") + 1: null

24-03-2025T11:33:46 - [TEST_STEP][PASSED] - x = x.substring(i3, x.length()): null

24-03-2025T11:33:46 - [TEST_STEP][PASSED] - return x: null

24-03-2025T11:33:46 - [TEST_STEP][PASSED] - tableA = Script1719551244403.NewDZO(x = tableA): null

24-03-2025T11:33:46 - [TEST_STEP][PASSED] - i3 = <not implemented yet for class: org.codehaus.groovy.ast.expr.EmptyExpression>: null

24-03-2025T11:33:46 - [TEST_STEP][PASSED] - i3 = x.indexOf("/") + 1: null

24-03-2025T11:33:46 - [TEST_STEP][PASSED] - x = x.substring(i3, x.length()): null

24-03-2025T11:33:46 - [TEST_STEP][PASSED] - return x: null

24-03-2025T11:33:46 - [TEST_STEP][PASSED] - tableA = Script1719551244403.NewDZO(x = tableA): null

24-03-2025T11:33:46 - [TEST_STEP][PASSED] - i3 = <not implemented yet for class: org.codehaus.groovy.ast.expr.EmptyExpression>: null

24-03-2025T11:33:46 - [TEST_STEP][PASSED] - i3 = x.indexOf("/") + 1: null

24-03-2025T11:33:46 - [TEST_STEP][PASSED] - x = x.substring(i3, x.length()): null

24-03-2025T11:33:46 - [TEST_STEP][PASSED] - return x: null

24-03-2025T11:33:46 - [TEST_STEP][PASSED] - i = tableA.indexOf("Юг"): null

24-03-2025T11:33:46 - [TEST_STEP][PASSED] - CiPA = replaceAll("\p{P}", "").trim(): null

24-03-2025T11:33:46 - [TEST_STEP][PASSED] - println("CiPA: " + CiPA): null

24-03-2025T11:33:46 - [TEST_STEP][PASSED] - for ([i = 1, i < 10, (i++)]): null

24-03-2025T11:33:46 - [TEST_STEP][PASSED] - tableA = Script1719551244403.NewDZO(x = tableA): null

24-03-2025T11:33:46 - [TEST_STEP][PASSED] - i3 = <not implemented yet for class: org.codehaus.groovy.ast.expr.EmptyExpression>: null

24-03-2025T11:33:46 - [TEST_STEP][PASSED] - i3 = x.indexOf("/") + 1: null

24-03-2025T11:33:46 - [TEST_STEP][PASSED] - x = x.substring(i3, x.length()): null

24-03-2025T11:33:46 - [TEST_STEP][PASSED] - return x: null

24-03-2025T11:33:46 - [TEST_STEP][PASSED] - tableA = Script1719551244403.NewDZO(x = tableA): null

24-03-2025T11:33:46 - [TEST_STEP][PASSED] - i3 = <not implemented yet for class: org.codehaus.groovy.ast.expr.EmptyExpression>: null

24-03-2025T11:33:46 - [TEST_STEP][PASSED] - i3 = x.indexOf("/") + 1: null

24-03-2025T11:33:46 - [TEST_STEP][PASSED] - x = x.substring(i3, x.length()): null

24-03-2025T11:33:46 - [TEST_STEP][PASSED] - return x: null

24-03-2025T11:33:46 - [TEST_STEP][PASSED] - tableA = Script1719551244403.NewDZO(x = tableA): null

24-03-2025T11:33:46 - [TEST_STEP][PASSED] - i3 = <not implemented yet for class: org.codehaus.groovy.ast.expr.EmptyExpression>: null

24-03-2025T11:33:46 - [TEST_STEP][PASSED] - i3 = x.indexOf("/") + 1: null

24-03-2025T11:33:46 - [TEST_STEP][PASSED] - x = x.substring(i3, x.length()): null

24-03-2025T11:33:46 - [TEST_STEP][PASSED] - return x: null

24-03-2025T11:33:46 - [TEST_STEP][PASSED] - tableA = Script1719551244403.NewDZO(x = tableA): null

24-03-2025T11:33:46 - [TEST_STEP][PASSED] - i3 = <not implemented yet for class: org.codehaus.groovy.ast.expr.EmptyExpression>: null

24-03-2025T11:33:46 - [TEST_STEP][PASSED] - i3 = x.indexOf("/") + 1: null

24-03-2025T11:33:46 - [TEST_STEP][PASSED] - x = x.substring(i3, x.length()): null

24-03-2025T11:33:46 - [TEST_STEP][PASSED] - return x: null

24-03-2025T11:33:46 - [TEST_STEP][PASSED] - tableA = Script1719551244403.NewDZO(x = tableA): null

24-03-2025T11:33:46 - [TEST_STEP][PASSED] - i3 = <not implemented yet for class: org.codehaus.groovy.ast.expr.EmptyExpression>: null

24-03-2025T11:33:46 - [TEST_STEP][PASSED] - i3 = x.indexOf("/") + 1: null

24-03-2025T11:33:46 - [TEST_STEP][PASSED] - x = x.substring(i3, x.length()): null

24-03-2025T11:33:46 - [TEST_STEP][PASSED] - return x: null

24-03-2025T11:33:46 - [TEST_STEP][PASSED] - tableA = Script1719551244403.NewDZO(x = tableA): null

24-03-2025T11:33:46 - [TEST_STEP][PASSED] - i3 = <not implemented yet for class: org.codehaus.groovy.ast.expr.EmptyExpression>: null

24-03-2025T11:33:46 - [TEST_STEP][PASSED] - i3 = x.indexOf("/") + 1: null

24-03-2025T11:33:46 - [TEST_STEP][PASSED] - x = x.substring(i3, x.length()): null

24-03-2025T11:33:46 - [TEST_STEP][PASSED] - return x: null

24-03-2025T11:33:46 - [TEST_STEP][PASSED] - tableA = Script1719551244403.NewDZO(x = tableA): null

24-03-2025T11:33:46 - [TEST_STEP][PASSED] - i3 = <not implemented yet for class: org.codehaus.groovy.ast.expr.EmptyExpression>: null

24-03-2025T11:33:46 - [TEST_STEP][PASSED] - i3 = x.indexOf("/") + 1: null

24-03-2025T11:33:46 - [TEST_STEP][PASSED] - x = x.substring(i3, x.length()): null

24-03-2025T11:33:46 - [TEST_STEP][PASSED] - return x: null

24-03-2025T11:33:46 - [TEST_STEP][PASSED] - tableA = Script1719551244403.NewDZO(x = tableA): null

24-03-2025T11:33:46 - [TEST_STEP][PASSED] - i3 = <not implemented yet for class: org.codehaus.groovy.ast.expr.EmptyExpression>: null

24-03-2025T11:33:46 - [TEST_STEP][PASSED] - i3 = x.indexOf("/") + 1: null

24-03-2025T11:33:46 - [TEST_STEP][PASSED] - x = x.substring(i3, x.length()): null

24-03-2025T11:33:46 - [TEST_STEP][PASSED] - return x: null

24-03-2025T11:33:46 - [TEST_STEP][PASSED] - tableA = Script1719551244403.NewDZO(x = tableA): null

24-03-2025T11:33:46 - [TEST_STEP][PASSED] - i3 = <not implemented yet for class: org.codehaus.groovy.ast.expr.EmptyExpression>: null

24-03-2025T11:33:46 - [TEST_STEP][PASSED] - i3 = x.indexOf("/") + 1: null

24-03-2025T11:33:46 - [TEST_STEP][PASSED] - x = x.substring(i3, x.length()): null

24-03-2025T11:33:46 - [TEST_STEP][PASSED] - return x: null

24-03-2025T11:33:46 - [TEST_STEP][PASSED] - i = tableA.indexOf("Янтарь"): null

24-03-2025T11:33:46 - [TEST_STEP][PASSED] - UgA = replaceAll("\p{P}", "").trim(): null

24-03-2025T11:33:46 - [TEST_STEP][PASSED] - println("UgA: " + UgA): null

24-03-2025T11:33:46 - [TEST_STEP][PASSED] - i = tableA.lastIndexOf("/"): null

24-03-2025T11:33:46 - [TEST_STEP][PASSED] - YaA = replaceAll("\p{P}", "").trim(): null

24-03-2025T11:33:46 - [TEST_STEP][PASSED] - println("YaA: " + YaA): null

24-03-2025T11:33:46 - [TEST_STEP][PASSED] - delay(10): Delayed 10 second(s)

24-03-2025T11:33:56 - [MESSAGE][PASSED] - Delayed 10 second(s)

24-03-2025T11:33:56 - [TEST_STEP][PASSED] - navigateToUrl(findTestData("PlanFact").getValue(10, 11)): Navigate to 'https://bi.rosseti.digital/viewer?dashboardGuid=a1fd28b3785d443cbc4d7690a1d78e31&sheetGuid=d3a0ddec2e914cb380b20dca74903099&fit=true' successfully

24-03-2025T11:33:57 - [MESSAGE][PASSED] - Navigate to 'https://bi.rosseti.digital/viewer?dashboardGuid=a1fd28b3785d443cbc4d7690a1d78e31&sheetGuid=d3a0ddec2e914cb380b20dca74903099&fit=true' successfully

24-03-2025T11:33:57 - [TEST_STEP][PASSED] - b = <not implemented yet for class: org.codehaus.groovy.ast.expr.EmptyExpression>: null

24-03-2025T11:33:57 - [TEST_STEP][PASSED] - b1 = <not implemented yet for class: org.codehaus.groovy.ast.expr.EmptyExpression>: null

24-03-2025T11:33:57 - [TEST_STEP][PASSED] - b2 = <not implemented yet for class: org.codehaus.groovy.ast.expr.EmptyExpression>: null

24-03-2025T11:33:57 - [TEST_STEP][PASSED] - click(findTestObject("Факторный анализ/Фильтр Дата Выручка")): Object: 'Object Repository/Факторный анализ/Фильтр Дата Выручка' is clicked on

24-03-2025T11:34:10 - [MESSAGE][PASSED] - Object: 'Object Repository/Факторный анализ/Фильтр Дата Выручка' is clicked on

24-03-2025T11:34:10 - [TEST_STEP][PASSED] - click(findTestObject("Факторный анализ/Снять выделение в фильтре Дата Выручка")): Object: 'Object Repository/Факторный анализ/Снять выделение в фильтре Дата Выручка' is clicked on

24-03-2025T11:34:11 - [MESSAGE][PASSED] - Object: 'Object Repository/Факторный анализ/Снять выделение в фильтре Дата Выручка' is clicked on

24-03-2025T11:34:11 - [TEST_STEP][PASSED] - click(findTestObject("Факторный анализ/Применить в фильтре Дата Выручка")): Object: 'Object Repository/Факторный анализ/Применить в фильтре Дата Выручка' is clicked on

24-03-2025T11:34:11 - [MESSAGE][PASSED] - Object: 'Object Repository/Факторный анализ/Применить в фильтре Дата Выручка' is clicked on

24-03-2025T11:34:11 - [TEST_STEP][PASSED] - delay(10): Delayed 10 second(s)

24-03-2025T11:34:21 - [MESSAGE][PASSED] - Delayed 10 second(s)

24-03-2025T11:34:21 - [TEST_STEP][PASSED] - click(findTestObject("Факторный анализ/Фильтр Дата Выручка")): Object: 'Object Repository/Факторный анализ/Фильтр Дата Выручка' is clicked on

24-03-2025T11:34:22 - [MESSAGE][PASSED] - Object: 'Object Repository/Факторный анализ/Фильтр Дата Выручка' is clicked on

24-03-2025T11:34:22 - [TEST_STEP][PASSED] - click(findTestObject("Факторный анализ/Снять выделение в фильтре Дата Выручка")): Object: 'Object Repository/Факторный анализ/Снять выделение в фильтре Дата Выручка' is clicked on

24-03-2025T11:34:22 - [MESSAGE][PASSED] - Object: 'Object Repository/Факторный анализ/Снять выделение в фильтре Дата Выручка' is clicked on

24-03-2025T11:34:22 - [TEST_STEP][PASSED] - scrollToElement(findTestObject("Факторный анализ/2025 список Выручка"), 30): Scroll to object 'Object Repository/Факторный анализ/2025 список Выручка' successfully

24-03-2025T11:34:22 - [MESSAGE][PASSED] - Scroll to object 'Object Repository/Факторный анализ/2025 список Выручка' successfully

24-03-2025T11:34:22 - [TEST_STEP][PASSED] - click(findTestObject("Факторный анализ/2025 список Выручка")): Object: 'Object Repository/Факторный анализ/2025 список Выручка' is clicked on

24-03-2025T11:34:23 - [MESSAGE][PASSED] - Object: 'Object Repository/Факторный анализ/2025 список Выручка' is clicked on

24-03-2025T11:34:23 - [TEST_STEP][PASSED] - scrollToElement(findTestObject("Факторный анализ/1 квартал 2025 список Выручка"), 30): Scroll to object 'Object Repository/Факторный анализ/1 квартал 2025 список Выручка' successfully

24-03-2025T11:34:23 - [MESSAGE][PASSED] - Scroll to object 'Object Repository/Факторный анализ/1 квартал 2025 список Выручка' successfully

24-03-2025T11:34:23 - [TEST_STEP][PASSED] - click(findTestObject("Факторный анализ/1 квартал 2025 список Выручка"), CONTINUE_ON_FAILURE): Object: 'Object Repository/Факторный анализ/1 квартал 2025 список Выручка' is clicked on

24-03-2025T11:34:24 - [MESSAGE][PASSED] - Object: 'Object Repository/Факторный анализ/1 квартал 2025 список Выручка' is clicked on

24-03-2025T11:34:24 - [TEST_STEP][PASSED] - scrollToElement(findTestObject("Факторный анализ/Январь 2025 Выручка"), 30): Scroll to object 'Object Repository/Факторный анализ/Январь 2025 Выручка' successfully

24-03-2025T11:34:24 - [MESSAGE][PASSED] - Scroll to object 'Object Repository/Факторный анализ/Январь 2025 Выручка' successfully

24-03-2025T11:34:24 - [TEST_STEP][PASSED] - click(findTestObject("Факторный анализ/Январь 2025 Выручка"), CONTINUE_ON_FAILURE): Object: 'Object Repository/Факторный анализ/Январь 2025 Выручка' is clicked on

24-03-2025T11:34:24 - [MESSAGE][PASSED] - Object: 'Object Repository/Факторный анализ/Январь 2025 Выручка' is clicked on

24-03-2025T11:34:24 - [TEST_STEP][PASSED] - scrollToElement(findTestObject("Факторный анализ/Заголовок дашборда Выручка"), 30): Scroll to object 'Object Repository/Факторный анализ/Заголовок дашборда Выручка' successfully

24-03-2025T11:34:25 - [MESSAGE][PASSED] - Scroll to object 'Object Repository/Факторный анализ/Заголовок дашборда Выручка' successfully

24-03-2025T11:34:25 - [TEST_STEP][PASSED] - click(findTestObject("Факторный анализ/Применить в фильтре Дата Выручка")): Object: 'Object Repository/Факторный анализ/Применить в фильтре Дата Выручка' is clicked on

24-03-2025T11:34:25 - [MESSAGE][PASSED] - Object: 'Object Repository/Факторный анализ/Применить в фильтре Дата Выручка' is clicked on

24-03-2025T11:34:25 - [TEST_STEP][FAILED] - if (run == 1): null

24-03-2025T11:34:25 - [TEST_STEP][FAILED] - b = getText(findTestObject("Факторный анализ/Отклонения выручки по факторам Выручка")): Unable to get text of object 'Object Repository/Факторный анализ/Отклонения выручки по факторам Выручка' (Root cause: com.kms.katalon.core.exception.StepFailedException: Unable to get text of object 'Object Repository/Факторный анализ/Отклонения выручки по факторам Выручка'
	at com.kms.katalon.core.webui.keyword.internal.WebUIKeywordMain.stepFailed(WebUIKeywordMain.groovy:64)
	at com.kms.katalon.core.webui.keyword.internal.WebUIKeywordMain.runKeyword(WebUIKeywordMain.groovy:26)
	at com.kms.katalon.core.webui.keyword.builtin.GetTextKeyword.getText(GetTextKeyword.groovy:88)
	at com.kms.katalon.core.webui.keyword.builtin.GetTextKeyword.execute(GetTextKeyword.groovy:67)
	at com.kms.katalon.core.keyword.internal.KeywordExecutor.executeKeywordForPlatform(KeywordExecutor.groovy:74)
	at com.kms.katalon.core.webui.keyword.WebUiBuiltInKeywords.getText(WebUiBuiltInKeywords.groovy:957)
	at Факторный анализ сверка дашбордов.Test(Факторный анализ сверка дашбордов:357)
	at Факторный анализ сверка дашбордов.run(Факторный анализ сверка дашбордов:44)
	at com.kms.katalon.core.main.ScriptEngine.run(ScriptEngine.java:194)
	at com.kms.katalon.core.main.ScriptEngine.runScriptAsRawText(ScriptEngine.java:119)
	at com.kms.katalon.core.main.TestCaseExecutor.runScript(TestCaseExecutor.java:448)
	at com.kms.katalon.core.main.TestCaseExecutor.doExecute(TestCaseExecutor.java:439)
	at com.kms.katalon.core.main.TestCaseExecutor.processExecutionPhase(TestCaseExecutor.java:418)
	at com.kms.katalon.core.main.TestCaseExecutor.accessMainPhase(TestCaseExecutor.java:410)
	at com.kms.katalon.core.main.TestCaseExecutor.execute(TestCaseExecutor.java:285)
	at com.kms.katalon.core.common.CommonExecutor.accessTestCaseMainPhase(CommonExecutor.java:65)
	at com.kms.katalon.core.main.TestSuiteExecutor.accessTestSuiteMainPhase(TestSuiteExecutor.java:150)
	at com.kms.katalon.core.main.TestSuiteExecutor.execute(TestSuiteExecutor.java:106)
	at com.kms.katalon.core.main.TestCaseMain.startTestSuite(TestCaseMain.java:180)
	at TempTestSuite1742797761676.run(TempTestSuite1742797761676.groovy:35)
	at java.base/jdk.internal.reflect.NativeMethodAccessorImpl.invoke0(Native Method)
	at java.base/jdk.internal.reflect.NativeMethodAccessorImpl.invoke(NativeMethodAccessorImpl.java:77)
	at java.base/jdk.internal.reflect.DelegatingMethodAccessorImpl.invoke(DelegatingMethodAccessorImpl.java:43)
Caused by: com.kms.katalon.core.webui.exception.WebElementNotFoundException: Web element with id: 'Object Repository/Факторный анализ/Отклонения выручки по факторам Выручка' located by '(.//*[normalize-space(text()) and normalize-space(.)='В начало'])[20]/following::*[name()='svg'][1]' not found
	at com.kms.katalon.core.webui.common.WebUiCommonHelper.findWebElement(WebUiCommonHelper.java:1426)
	at com.kms.katalon.core.webui.keyword.internal.WebUIAbstractKeyword.findWebElement(WebUIAbstractKeyword.groovy:27)
	at com.kms.katalon.core.webui.keyword.internal.WebUIAbstractKeyword.findWebElement(WebUIAbstractKeyword.groovy:26)
	at com.kms.katalon.core.webui.keyword.builtin.GetTextKeyword$_getText_closure1.doCall(GetTextKeyword.groovy:78)
	at com.kms.katalon.core.webui.keyword.builtin.GetTextKeyword$_getText_closure1.call(GetTextKeyword.groovy)
	at com.kms.katalon.core.webui.keyword.internal.WebUIKeywordMain.runKeyword(WebUIKeywordMain.groovy:20)
	at com.kms.katalon.core.webui.keyword.builtin.GetTextKeyword.getText(GetTextKeyword.groovy:88)
	at com.kms.katalon.core.webui.keyword.builtin.GetTextKeyword.execute(GetTextKeyword.groovy:67)
	at com.kms.katalon.core.keyword.internal.KeywordExecutor.executeKeywordForPlatform(KeywordExecutor.groovy:74)
	at com.kms.katalon.core.webui.keyword.WebUiBuiltInKeywords.getText(WebUiBuiltInKeywords.groovy:957)
	at Script1719551244403.Test(Script1719551244403.groovy:357)
	at Script1719551244403.run(Script1719551244403.groovy:44)
	... 15 more
)

24-03-2025T11:34:56 - [MESSAGE][INFO] - Unable to find the element located by 'By.xpath: (.//*[normalize-space(text()) and normalize-space(.)='В начало'])[20]/following::*[name()='svg'][1]'. Please recheck the objects properties to make sure the desired element is located. 

24-03-2025T11:34:56 - [MESSAGE][FAILED] - Unable to get text of object 'Object Repository/Факторный анализ/Отклонения выручки по факторам Выручка' (Root cause: com.kms.katalon.core.exception.StepFailedException: Unable to get text of object 'Object Repository/Факторный анализ/Отклонения выручки по факторам Выручка'
	at com.kms.katalon.core.webui.keyword.internal.WebUIKeywordMain.stepFailed(WebUIKeywordMain.groovy:64)
	at com.kms.katalon.core.webui.keyword.internal.WebUIKeywordMain.runKeyword(WebUIKeywordMain.groovy:26)
	at com.kms.katalon.core.webui.keyword.builtin.GetTextKeyword.getText(GetTextKeyword.groovy:88)
	at com.kms.katalon.core.webui.keyword.builtin.GetTextKeyword.execute(GetTextKeyword.groovy:67)
	at com.kms.katalon.core.keyword.internal.KeywordExecutor.executeKeywordForPlatform(KeywordExecutor.groovy:74)
	at com.kms.katalon.core.webui.keyword.WebUiBuiltInKeywords.getText(WebUiBuiltInKeywords.groovy:957)
	at Факторный анализ сверка дашбордов.Test(Факторный анализ сверка дашбордов:357)
	at Факторный анализ сверка дашбордов.run(Факторный анализ сверка дашбордов:44)
	at com.kms.katalon.core.main.ScriptEngine.run(ScriptEngine.java:194)
	at com.kms.katalon.core.main.ScriptEngine.runScriptAsRawText(ScriptEngine.java:119)
	at com.kms.katalon.core.main.TestCaseExecutor.runScript(TestCaseExecutor.java:448)
	at com.kms.katalon.core.main.TestCaseExecutor.doExecute(TestCaseExecutor.java:439)
	at com.kms.katalon.core.main.TestCaseExecutor.processExecutionPhase(TestCaseExecutor.java:418)
	at com.kms.katalon.core.main.TestCaseExecutor.accessMainPhase(TestCaseExecutor.java:410)
	at com.kms.katalon.core.main.TestCaseExecutor.execute(TestCaseExecutor.java:285)
	at com.kms.katalon.core.common.CommonExecutor.accessTestCaseMainPhase(CommonExecutor.java:65)
	at com.kms.katalon.core.main.TestSuiteExecutor.accessTestSuiteMainPhase(TestSuiteExecutor.java:150)
	at com.kms.katalon.core.main.TestSuiteExecutor.execute(TestSuiteExecutor.java:106)
	at com.kms.katalon.core.main.TestCaseMain.startTestSuite(TestCaseMain.java:180)
	at TempTestSuite1742797761676.run(TempTestSuite1742797761676.groovy:35)
	at java.base/jdk.internal.reflect.NativeMethodAccessorImpl.invoke0(Native Method)
	at java.base/jdk.internal.reflect.NativeMethodAccessorImpl.invoke(NativeMethodAccessorImpl.java:77)
	at java.base/jdk.internal.reflect.DelegatingMethodAccessorImpl.invoke(DelegatingMethodAccessorImpl.java:43)
Caused by: com.kms.katalon.core.webui.exception.WebElementNotFoundException: Web element with id: 'Object Repository/Факторный анализ/Отклонения выручки по факторам Выручка' located by '(.//*[normalize-space(text()) and normalize-space(.)='В начало'])[20]/following::*[name()='svg'][1]' not found
	at com.kms.katalon.core.webui.common.WebUiCommonHelper.findWebElement(WebUiCommonHelper.java:1426)
	at com.kms.katalon.core.webui.keyword.internal.WebUIAbstractKeyword.findWebElement(WebUIAbstractKeyword.groovy:27)
	at com.kms.katalon.core.webui.keyword.internal.WebUIAbstractKeyword.findWebElement(WebUIAbstractKeyword.groovy:26)
	at com.kms.katalon.core.webui.keyword.builtin.GetTextKeyword$_getText_closure1.doCall(GetTextKeyword.groovy:78)
	at com.kms.katalon.core.webui.keyword.builtin.GetTextKeyword$_getText_closure1.call(GetTextKeyword.groovy)
	at com.kms.katalon.core.webui.keyword.internal.WebUIKeywordMain.runKeyword(WebUIKeywordMain.groovy:20)
	at com.kms.katalon.core.webui.keyword.builtin.GetTextKeyword.getText(GetTextKeyword.groovy:88)
	at com.kms.katalon.core.webui.keyword.builtin.GetTextKeyword.execute(GetTextKeyword.groovy:67)
	at com.kms.katalon.core.keyword.internal.KeywordExecutor.executeKeywordForPlatform(KeywordExecutor.groovy:74)
	at com.kms.katalon.core.webui.keyword.WebUiBuiltInKeywords.getText(WebUiBuiltInKeywords.groovy:957)
	at Script1719551244403.Test(Script1719551244403.groovy:357)
	at Script1719551244403.run(Script1719551244403.groovy:44)
	... 15 more
)
[[ATTACHMENT|C:\\Users\\LIAZGINA-DI\\git\\SPORU\\Reports\\20250324_092921\\\u041F\u043D-\u0421\u0440-\u041F\u0442\\\u0421\u0432\u0435\u0440\u043A\u0430 \u0434\u0430\u0448\u0431\u043E\u0440\u0434\u043E\u0432 \u0438\u0437 \u0440\u0430\u0437\u043D\u044B\u0445 \u0431\u043B\u043E\u043A\u043E\u0432\\20250324_092921\\1742805296790.png]]

24-03-2025T11:34:56 - [TEST_STEP][ERROR] - b = b.replaceAll("[\r?
|
]", "/"): Test Cases/Сверки дашбордов/Факторный анализ сверка дашбордов FAILED.
Reason:
java.lang.NullPointerException: Cannot invoke method replaceAll() on null object
	at Факторный анализ сверка дашбордов.Test(Факторный анализ сверка дашбордов:359)
	at Факторный анализ сверка дашбордов.run(Факторный анализ сверка дашбордов:44)
	at com.kms.katalon.core.main.ScriptEngine.run(ScriptEngine.java:194)
	at com.kms.katalon.core.main.ScriptEngine.runScriptAsRawText(ScriptEngine.java:119)
	at com.kms.katalon.core.main.TestCaseExecutor.runScript(TestCaseExecutor.java:448)
	at com.kms.katalon.core.main.TestCaseExecutor.doExecute(TestCaseExecutor.java:439)
	at com.kms.katalon.core.main.TestCaseExecutor.processExecutionPhase(TestCaseExecutor.java:418)
	at com.kms.katalon.core.main.TestCaseExecutor.accessMainPhase(TestCaseExecutor.java:410)
	at com.kms.katalon.core.main.TestCaseExecutor.execute(TestCaseExecutor.java:285)
	at com.kms.katalon.core.common.CommonExecutor.accessTestCaseMainPhase(CommonExecutor.java:65)
	at com.kms.katalon.core.main.TestSuiteExecutor.accessTestSuiteMainPhase(TestSuiteExecutor.java:150)
	at com.kms.katalon.core.main.TestSuiteExecutor.execute(TestSuiteExecutor.java:106)
	at com.kms.katalon.core.main.TestCaseMain.startTestSuite(TestCaseMain.java:180)
	at TempTestSuite1742797761676.run(TempTestSuite1742797761676.groovy:35)
	at java.base/jdk.internal.reflect.NativeMethodAccessorImpl.invoke0(Native Method)
	at java.base/jdk.internal.reflect.NativeMethodAccessorImpl.invoke(NativeMethodAccessorImpl.java:77)
	at java.base/jdk.internal.reflect.DelegatingMethodAccessorImpl.invoke(DelegatingMethodAccessorImpl.java:43)


24-03-2025T11:34:56 - [MESSAGE][ERROR] - Test Cases/Сверки дашбордов/Факторный анализ сверка дашбордов FAILED.
Reason:
java.lang.NullPointerException: Cannot invoke method replaceAll() on null object
	at Факторный анализ сверка дашбордов.Test(Факторный анализ сверка дашбордов:359)
	at Факторный анализ сверка дашбордов.run(Факторный анализ сверка дашбордов:44)
	at com.kms.katalon.core.main.ScriptEngine.run(ScriptEngine.java:194)
	at com.kms.katalon.core.main.ScriptEngine.runScriptAsRawText(ScriptEngine.java:119)
	at com.kms.katalon.core.main.TestCaseExecutor.runScript(TestCaseExecutor.java:448)
	at com.kms.katalon.core.main.TestCaseExecutor.doExecute(TestCaseExecutor.java:439)
	at com.kms.katalon.core.main.TestCaseExecutor.processExecutionPhase(TestCaseExecutor.java:418)
	at com.kms.katalon.core.main.TestCaseExecutor.accessMainPhase(TestCaseExecutor.java:410)
	at com.kms.katalon.core.main.TestCaseExecutor.execute(TestCaseExecutor.java:285)
	at com.kms.katalon.core.common.CommonExecutor.accessTestCaseMainPhase(CommonExecutor.java:65)
	at com.kms.katalon.core.main.TestSuiteExecutor.accessTestSuiteMainPhase(TestSuiteExecutor.java:150)
	at com.kms.katalon.core.main.TestSuiteExecutor.execute(TestSuiteExecutor.java:106)
	at com.kms.katalon.core.main.TestCaseMain.startTestSuite(TestCaseMain.java:180)
	at TempTestSuite1742797761676.run(TempTestSuite1742797761676.groovy:35)
	at java.base/jdk.internal.reflect.NativeMethodAccessorImpl.invoke0(Native Method)
	at java.base/jdk.internal.reflect.NativeMethodAccessorImpl.invoke(NativeMethodAccessorImpl.java:77)
	at java.base/jdk.internal.reflect.DelegatingMethodAccessorImpl.invoke(DelegatingMethodAccessorImpl.java:43)]]></system-out>
         <system-err><![CDATA[24-03-2025T11:33:01 - [TEST_CASE][FAILED] - Test Cases/Сверки дашбордов/Факторный анализ сверка дашбордов: Test Cases/Сверки дашбордов/Факторный анализ сверка дашбордов FAILED.
Reason:
com.kms.katalon.core.exception.StepFailedException: Unable to get text of object 'Object Repository/Факторный анализ/Отклонения выручки по факторам Выручка' (Root cause: com.kms.katalon.core.exception.StepFailedException: Unable to get text of object 'Object Repository/Факторный анализ/Отклонения выручки по факторам Выручка'
	at com.kms.katalon.core.webui.keyword.internal.WebUIKeywordMain.stepFailed(WebUIKeywordMain.groovy:64)
	at com.kms.katalon.core.webui.keyword.internal.WebUIKeywordMain.runKeyword(WebUIKeywordMain.groovy:26)
	at com.kms.katalon.core.webui.keyword.builtin.GetTextKeyword.getText(GetTextKeyword.groovy:88)
	at com.kms.katalon.core.webui.keyword.builtin.GetTextKeyword.execute(GetTextKeyword.groovy:67)
	at com.kms.katalon.core.keyword.internal.KeywordExecutor.executeKeywordForPlatform(KeywordExecutor.groovy:74)
	at com.kms.katalon.core.webui.keyword.WebUiBuiltInKeywords.getText(WebUiBuiltInKeywords.groovy:957)
	at Факторный анализ сверка дашбордов.Test(Факторный анализ сверка дашбордов:357)
	at Факторный анализ сверка дашбордов.run(Факторный анализ сверка дашбордов:44)
	at com.kms.katalon.core.main.ScriptEngine.run(ScriptEngine.java:194)
	at com.kms.katalon.core.main.ScriptEngine.runScriptAsRawText(ScriptEngine.java:119)
	at com.kms.katalon.core.main.TestCaseExecutor.runScript(TestCaseExecutor.java:448)
	at com.kms.katalon.core.main.TestCaseExecutor.doExecute(TestCaseExecutor.java:439)
	at com.kms.katalon.core.main.TestCaseExecutor.processExecutionPhase(TestCaseExecutor.java:418)
	at com.kms.katalon.core.main.TestCaseExecutor.accessMainPhase(TestCaseExecutor.java:410)
	at com.kms.katalon.core.main.TestCaseExecutor.execute(TestCaseExecutor.java:285)
	at com.kms.katalon.core.common.CommonExecutor.accessTestCaseMainPhase(CommonExecutor.java:65)
	at com.kms.katalon.core.main.TestSuiteExecutor.accessTestSuiteMainPhase(TestSuiteExecutor.java:150)
	at com.kms.katalon.core.main.TestSuiteExecutor.execute(TestSuiteExecutor.java:106)
	at com.kms.katalon.core.main.TestCaseMain.startTestSuite(TestCaseMain.java:180)
	at TempTestSuite1742797761676.run(TempTestSuite1742797761676.groovy:35)
	at java.base/jdk.internal.reflect.NativeMethodAccessorImpl.invoke0(Native Method)
	at java.base/jdk.internal.reflect.NativeMethodAccessorImpl.invoke(NativeMethodAccessorImpl.java:77)
	at java.base/jdk.internal.reflect.DelegatingMethodAccessorImpl.invoke(DelegatingMethodAccessorImpl.java:43)
Caused by: com.kms.katalon.core.webui.exception.WebElementNotFoundException: Web element with id: 'Object Repository/Факторный анализ/Отклонения выручки по факторам Выручка' located by '(.//*[normalize-space(text()) and normalize-space(.)='В начало'])[20]/following::*[name()='svg'][1]' not found
	at com.kms.katalon.core.webui.common.WebUiCommonHelper.findWebElement(WebUiCommonHelper.java:1426)
	at com.kms.katalon.core.webui.keyword.internal.WebUIAbstractKeyword.findWebElement(WebUIAbstractKeyword.groovy:27)
	at com.kms.katalon.core.webui.keyword.internal.WebUIAbstractKeyword.findWebElement(WebUIAbstractKeyword.groovy:26)
	at com.kms.katalon.core.webui.keyword.builtin.GetTextKeyword$_getText_closure1.doCall(GetTextKeyword.groovy:78)
	at com.kms.katalon.core.webui.keyword.builtin.GetTextKeyword$_getText_closure1.call(GetTextKeyword.groovy)
	at com.kms.katalon.core.webui.keyword.internal.WebUIKeywordMain.runKeyword(WebUIKeywordMain.groovy:20)
	at com.kms.katalon.core.webui.keyword.builtin.GetTextKeyword.getText(GetTextKeyword.groovy:88)
	at com.kms.katalon.core.webui.keyword.builtin.GetTextKeyword.execute(GetTextKeyword.groovy:67)
	at com.kms.katalon.core.keyword.internal.KeywordExecutor.executeKeywordForPlatform(KeywordExecutor.groovy:74)
	at com.kms.katalon.core.webui.keyword.WebUiBuiltInKeywords.getText(WebUiBuiltInKeywords.groovy:957)
	at Script1719551244403.Test(Script1719551244403.groovy:357)
	at Script1719551244403.run(Script1719551244403.groovy:44)
	... 15 more
)
	at com.kms.katalon.core.keyword.internal.KeywordMain.stepFailed(KeywordMain.groovy:39)
	at com.kms.katalon.core.webui.keyword.internal.WebUIKeywordMain.stepFailed(WebUIKeywordMain.groovy:64)
	at com.kms.katalon.core.webui.keyword.internal.WebUIKeywordMain.runKeyword(WebUIKeywordMain.groovy:26)
	at com.kms.katalon.core.webui.keyword.builtin.GetTextKeyword.getText(GetTextKeyword.groovy:88)
	at com.kms.katalon.core.webui.keyword.builtin.GetTextKeyword.execute(GetTextKeyword.groovy:67)
	at com.kms.katalon.core.keyword.internal.KeywordExecutor.executeKeywordForPlatform(KeywordExecutor.groovy:74)
	at com.kms.katalon.core.webui.keyword.WebUiBuiltInKeywords.getText(WebUiBuiltInKeywords.groovy:957)
	at Факторный анализ сверка дашбордов.Test(Факторный анализ сверка дашбордов:357)
	at Факторный анализ сверка дашбордов.run(Факторный анализ сверка дашбордов:44)
	at com.kms.katalon.core.main.ScriptEngine.run(ScriptEngine.java:194)
	at com.kms.katalon.core.main.ScriptEngine.runScriptAsRawText(ScriptEngine.java:119)
	at com.kms.katalon.core.main.TestCaseExecutor.runScript(TestCaseExecutor.java:448)
	at com.kms.katalon.core.main.TestCaseExecutor.doExecute(TestCaseExecutor.java:439)
	at com.kms.katalon.core.main.TestCaseExecutor.processExecutionPhase(TestCaseExecutor.java:418)
	at com.kms.katalon.core.main.TestCaseExecutor.accessMainPhase(TestCaseExecutor.java:410)
	at com.kms.katalon.core.main.TestCaseExecutor.execute(TestCaseExecutor.java:285)
	at com.kms.katalon.core.common.CommonExecutor.accessTestCaseMainPhase(CommonExecutor.java:65)
	at com.kms.katalon.core.main.TestSuiteExecutor.accessTestSuiteMainPhase(TestSuiteExecutor.java:150)
	at com.kms.katalon.core.main.TestSuiteExecutor.execute(TestSuiteExecutor.java:106)
	at com.kms.katalon.core.main.TestCaseMain.startTestSuite(TestCaseMain.java:180)
	at TempTestSuite1742797761676.run(TempTestSuite1742797761676.groovy:35)
	at java.base/jdk.internal.reflect.NativeMethodAccessorImpl.invoke0(Native Method)
	at java.base/jdk.internal.reflect.NativeMethodAccessorImpl.invoke(NativeMethodAccessorImpl.java:77)
	at java.base/jdk.internal.reflect.DelegatingMethodAccessorImpl.invoke(DelegatingMethodAccessorImpl.java:43)
Caused by: com.kms.katalon.core.exception.StepFailedException: Unable to get text of object 'Object Repository/Факторный анализ/Отклонения выручки по факторам Выручка'
	... 23 more
Caused by: com.kms.katalon.core.webui.exception.WebElementNotFoundException: Web element with id: 'Object Repository/Факторный анализ/Отклонения выручки по факторам Выручка' located by '(.//*[normalize-space(text()) and normalize-space(.)='В начало'])[20]/following::*[name()='svg'][1]' not found
	at com.kms.katalon.core.webui.common.WebUiCommonHelper.findWebElement(WebUiCommonHelper.java:1426)
	at com.kms.katalon.core.webui.keyword.internal.WebUIAbstractKeyword.findWebElement(WebUIAbstractKeyword.groovy:27)
	at com.kms.katalon.core.webui.keyword.internal.WebUIAbstractKeyword.findWebElement(WebUIAbstractKeyword.groovy:26)
	at com.kms.katalon.core.webui.keyword.builtin.GetTextKeyword$_getText_closure1.doCall(GetTextKeyword.groovy:78)
	at com.kms.katalon.core.webui.keyword.builtin.GetTextKeyword$_getText_closure1.call(GetTextKeyword.groovy)
	at com.kms.katalon.core.webui.keyword.internal.WebUIKeywordMain.runKeyword(WebUIKeywordMain.groovy:20)
	... 21 more]]></system-err>
      </testcase>
      <testcase name="Test Cases/Выполнение бизнес-плана/Выполнение бизнес-плана Сверка ПАО Россети все филиалы" time="1575.99" classname="Test Cases/Выполнение бизнес-плана/Выполнение бизнес-плана Сверка ПАО Россети все филиалы" status="FAILED">
         <failure type="FAILED" message="Test Cases/Выполнение бизнес-плана/Выполнение бизнес-плана Сверка ПАО Россети все филиалы FAILED.&#xa;Reason:&#xa;com.kms.katalon.core.exception.StepFailedException: Unable to get text of object 'Object Repository/Выполнение бизнес-плана/Просьба обратить внимание' (Root cause: com.kms.katalon.core.exception.StepFailedException: Unable to get text of object 'Object Repository/Выполнение бизнес-плана/Просьба обратить внимание'&#xa;	at com.kms.katalon.core.webui.keyword.internal.WebUIKeywordMain.stepFailed(WebUIKeywordMain.groovy:64)&#xa;	at com.kms.katalon.core.webui.keyword.internal.WebUIKeywordMain.runKeyword(WebUIKeywordMain.groovy:26)&#xa;	at com.kms.katalon.core.webui.keyword.builtin.GetTextKeyword.getText(GetTextKeyword.groovy:88)&#xa;	at com.kms.katalon.core.webui.keyword.builtin.GetTextKeyword.execute(GetTextKeyword.groovy:67)&#xa;	at com.kms.katalon.core.keyword.internal.KeywordExecutor.executeKeywordForPlatform(KeywordExecutor.groovy:74)&#xa;	at com.kms.katalon.core.webui.keyword.WebUiBuiltInKeywords.getText(WebUiBuiltInKeywords.groovy:957)&#xa;	at Выполнение бизнес-плана Сверка ПАО Россети все филиалы.ZakrytOpoveshenie(Выполнение бизнес-плана Сверка ПАО Россети все филиалы:767)&#xa;	at Выполнение бизнес-плана Сверка ПАО Россети все филиалы.run(Выполнение бизнес-плана Сверка ПАО Россети все филиалы:109)&#xa;	at com.kms.katalon.core.main.ScriptEngine.run(ScriptEngine.java:194)&#xa;	at com.kms.katalon.core.main.ScriptEngine.runScriptAsRawText(ScriptEngine.java:119)&#xa;	at com.kms.katalon.core.main.TestCaseExecutor.runScript(TestCaseExecutor.java:448)&#xa;	at com.kms.katalon.core.main.TestCaseExecutor.doExecute(TestCaseExecutor.java:439)&#xa;	at com.kms.katalon.core.main.TestCaseExecutor.processExecutionPhase(TestCaseExecutor.java:418)&#xa;	at com.kms.katalon.core.main.TestCaseExecutor.accessMainPhase(TestCaseExecutor.java:410)&#xa;	at com.kms.katalon.core.main.TestCaseExecutor.execute(TestCaseExecutor.java:285)&#xa;	at com.kms.katalon.core.common.CommonExecutor.accessTestCaseMainPhase(CommonExecutor.java:65)&#xa;	at com.kms.katalon.core.main.TestSuiteExecutor.accessTestSuiteMainPhase(TestSuiteExecutor.java:150)&#xa;	at com.kms.katalon.core.main.TestSuiteExecutor.execute(TestSuiteExecutor.java:106)&#xa;	at com.kms.katalon.core.main.TestCaseMain.startTestSuite(TestCaseMain.java:180)&#xa;	at TempTestSuite1742797761676.run(TempTestSuite1742797761676.groovy:35)&#xa;	at java.base/jdk.internal.reflect.NativeMethodAccessorImpl.invoke0(Native Method)&#xa;	at java.base/jdk.internal.reflect.NativeMethodAccessorImpl.invoke(NativeMethodAccessorImpl.java:77)&#xa;	at java.base/jdk.internal.reflect.DelegatingMethodAccessorImpl.invoke(DelegatingMethodAccessorImpl.java:43)&#xa;Caused by: com.kms.katalon.core.webui.exception.WebElementNotFoundException: Web element with id: 'Object Repository/Выполнение бизнес-плана/Просьба обратить внимание' located by '//*/text()[normalize-space(.)='Просьба обратить внимание']/parent::*' not found&#xa;	at com.kms.katalon.core.webui.common.WebUiCommonHelper.findWebElement(WebUiCommonHelper.java:1426)&#xa;	at com.kms.katalon.core.webui.keyword.internal.WebUIAbstractKeyword.findWebElement(WebUIAbstractKeyword.groovy:27)&#xa;	at com.kms.katalon.core.webui.keyword.internal.WebUIAbstractKeyword.findWebElement(WebUIAbstractKeyword.groovy:26)&#xa;	at com.kms.katalon.core.webui.keyword.builtin.GetTextKeyword$_getText_closure1.doCall(GetTextKeyword.groovy:78)&#xa;	at com.kms.katalon.core.webui.keyword.builtin.GetTextKeyword$_getText_closure1.call(GetTextKeyword.groovy)&#xa;	at com.kms.katalon.core.webui.keyword.internal.WebUIKeywordMain.runKeyword(WebUIKeywordMain.groovy:20)&#xa;	at com.kms.katalon.core.webui.keyword.builtin.GetTextKeyword.getText(GetTextKeyword.groovy:88)&#xa;	at com.kms.katalon.core.webui.keyword.builtin.GetTextKeyword.execute(GetTextKeyword.groovy:67)&#xa;	at com.kms.katalon.core.keyword.internal.KeywordExecutor.executeKeywordForPlatform(KeywordExecutor.groovy:74)&#xa;	at com.kms.katalon.core.webui.keyword.WebUiBuiltInKeywords.getText(WebUiBuiltInKeywords.groovy:957)&#xa;	at Script1718980020443.ZakrytOpoveshenie(Script1718980020443.groovy:767)&#xa;	at Script1718980020443.run(Script1718980020443.groovy:109)&#xa;	... 15 more&#xa;)&#xa;	at com.kms.katalon.core.keyword.internal.KeywordMain.stepFailed(KeywordMain.groovy:39)&#xa;	at com.kms.katalon.core.webui.keyword.internal.WebUIKeywordMain.stepFailed(WebUIKeywordMain.groovy:64)&#xa;	at com.kms.katalon.core.webui.keyword.internal.WebUIKeywordMain.runKeyword(WebUIKeywordMain.groovy:26)&#xa;	at com.kms.katalon.core.webui.keyword.builtin.GetTextKeyword.getText(GetTextKeyword.groovy:88)&#xa;	at com.kms.katalon.core.webui.keyword.builtin.GetTextKeyword.execute(GetTextKeyword.groovy:67)&#xa;	at com.kms.katalon.core.keyword.internal.KeywordExecutor.executeKeywordForPlatform(KeywordExecutor.groovy:74)&#xa;	at com.kms.katalon.core.webui.keyword.WebUiBuiltInKeywords.getText(WebUiBuiltInKeywords.groovy:957)&#xa;	at Выполнение бизнес-плана Сверка ПАО Россети все филиалы.ZakrytOpoveshenie(Выполнение бизнес-плана Сверка ПАО Россети все филиалы:767)&#xa;	at Выполнение бизнес-плана Сверка ПАО Россети все филиалы.run(Выполнение бизнес-плана Сверка ПАО Россети все филиалы:109)&#xa;	at com.kms.katalon.core.main.ScriptEngine.run(ScriptEngine.java:194)&#xa;	at com.kms.katalon.core.main.ScriptEngine.runScriptAsRawText(ScriptEngine.java:119)&#xa;	at com.kms.katalon.core.main.TestCaseExecutor.runScript(TestCaseExecutor.java:448)&#xa;	at com.kms.katalon.core.main.TestCaseExecutor.doExecute(TestCaseExecutor.java:439)&#xa;	at com.kms.katalon.core.main.TestCaseExecutor.processExecutionPhase(TestCaseExecutor.java:418)&#xa;	at com.kms.katalon.core.main.TestCaseExecutor.accessMainPhase(TestCaseExecutor.java:410)&#xa;	at com.kms.katalon.core.main.TestCaseExecutor.execute(TestCaseExecutor.java:285)&#xa;	at com.kms.katalon.core.common.CommonExecutor.accessTestCaseMainPhase(CommonExecutor.java:65)&#xa;	at com.kms.katalon.core.main.TestSuiteExecutor.accessTestSuiteMainPhase(TestSuiteExecutor.java:150)&#xa;	at com.kms.katalon.core.main.TestSuiteExecutor.execute(TestSuiteExecutor.java:106)&#xa;	at com.kms.katalon.core.main.TestCaseMain.startTestSuite(TestCaseMain.java:180)&#xa;	at TempTestSuite1742797761676.run(TempTestSuite1742797761676.groovy:35)&#xa;	at java.base/jdk.internal.reflect.NativeMethodAccessorImpl.invoke0(Native Method)&#xa;	at java.base/jdk.internal.reflect.NativeMethodAccessorImpl.invoke(NativeMethodAccessorImpl.java:77)&#xa;	at java.base/jdk.internal.reflect.DelegatingMethodAccessorImpl.invoke(DelegatingMethodAccessorImpl.java:43)&#xa;Caused by: com.kms.katalon.core.exception.StepFailedException: Unable to get text of object 'Object Repository/Выполнение бизнес-плана/Просьба обратить внимание'&#xa;	... 23 more&#xa;Caused by: com.kms.katalon.core.webui.exception.WebElementNotFoundException: Web element with id: 'Object Repository/Выполнение бизнес-плана/Просьба обратить внимание' located by '//*/text()[normalize-space(.)='Просьба обратить внимание']/parent::*' not found&#xa;	at com.kms.katalon.core.webui.common.WebUiCommonHelper.findWebElement(WebUiCommonHelper.java:1426)&#xa;	at com.kms.katalon.core.webui.keyword.internal.WebUIAbstractKeyword.findWebElement(WebUIAbstractKeyword.groovy:27)&#xa;	at com.kms.katalon.core.webui.keyword.internal.WebUIAbstractKeyword.findWebElement(WebUIAbstractKeyword.groovy:26)&#xa;	at com.kms.katalon.core.webui.keyword.builtin.GetTextKeyword$_getText_closure1.doCall(GetTextKeyword.groovy:78)&#xa;	at com.kms.katalon.core.webui.keyword.builtin.GetTextKeyword$_getText_closure1.call(GetTextKeyword.groovy)&#xa;	at com.kms.katalon.core.webui.keyword.internal.WebUIKeywordMain.runKeyword(WebUIKeywordMain.groovy:20)&#xa;	... 21 more&#xa;"/>
         <system-out><![CDATA[24-03-2025T11:34:56 - [TEST_CASE][FAILED] - Test Cases/Выполнение бизнес-плана/Выполнение бизнес-плана Сверка ПАО Россети все филиалы: Test Cases/Выполнение бизнес-плана/Выполнение бизнес-плана Сверка ПАО Россети все филиалы FAILED.
Reason:
com.kms.katalon.core.exception.StepFailedException: Unable to get text of object 'Object Repository/Выполнение бизнес-плана/Просьба обратить внимание' (Root cause: com.kms.katalon.core.exception.StepFailedException: Unable to get text of object 'Object Repository/Выполнение бизнес-плана/Просьба обратить внимание'
	at com.kms.katalon.core.webui.keyword.internal.WebUIKeywordMain.stepFailed(WebUIKeywordMain.groovy:64)
	at com.kms.katalon.core.webui.keyword.internal.WebUIKeywordMain.runKeyword(WebUIKeywordMain.groovy:26)
	at com.kms.katalon.core.webui.keyword.builtin.GetTextKeyword.getText(GetTextKeyword.groovy:88)
	at com.kms.katalon.core.webui.keyword.builtin.GetTextKeyword.execute(GetTextKeyword.groovy:67)
	at com.kms.katalon.core.keyword.internal.KeywordExecutor.executeKeywordForPlatform(KeywordExecutor.groovy:74)
	at com.kms.katalon.core.webui.keyword.WebUiBuiltInKeywords.getText(WebUiBuiltInKeywords.groovy:957)
	at Выполнение бизнес-плана Сверка ПАО Россети все филиалы.ZakrytOpoveshenie(Выполнение бизнес-плана Сверка ПАО Россети все филиалы:767)
	at Выполнение бизнес-плана Сверка ПАО Россети все филиалы.run(Выполнение бизнес-плана Сверка ПАО Россети все филиалы:109)
	at com.kms.katalon.core.main.ScriptEngine.run(ScriptEngine.java:194)
	at com.kms.katalon.core.main.ScriptEngine.runScriptAsRawText(ScriptEngine.java:119)
	at com.kms.katalon.core.main.TestCaseExecutor.runScript(TestCaseExecutor.java:448)
	at com.kms.katalon.core.main.TestCaseExecutor.doExecute(TestCaseExecutor.java:439)
	at com.kms.katalon.core.main.TestCaseExecutor.processExecutionPhase(TestCaseExecutor.java:418)
	at com.kms.katalon.core.main.TestCaseExecutor.accessMainPhase(TestCaseExecutor.java:410)
	at com.kms.katalon.core.main.TestCaseExecutor.execute(TestCaseExecutor.java:285)
	at com.kms.katalon.core.common.CommonExecutor.accessTestCaseMainPhase(CommonExecutor.java:65)
	at com.kms.katalon.core.main.TestSuiteExecutor.accessTestSuiteMainPhase(TestSuiteExecutor.java:150)
	at com.kms.katalon.core.main.TestSuiteExecutor.execute(TestSuiteExecutor.java:106)
	at com.kms.katalon.core.main.TestCaseMain.startTestSuite(TestCaseMain.java:180)
	at TempTestSuite1742797761676.run(TempTestSuite1742797761676.groovy:35)
	at java.base/jdk.internal.reflect.NativeMethodAccessorImpl.invoke0(Native Method)
	at java.base/jdk.internal.reflect.NativeMethodAccessorImpl.invoke(NativeMethodAccessorImpl.java:77)
	at java.base/jdk.internal.reflect.DelegatingMethodAccessorImpl.invoke(DelegatingMethodAccessorImpl.java:43)
Caused by: com.kms.katalon.core.webui.exception.WebElementNotFoundException: Web element with id: 'Object Repository/Выполнение бизнес-плана/Просьба обратить внимание' located by '//*/text()[normalize-space(.)='Просьба обратить внимание']/parent::*' not found
	at com.kms.katalon.core.webui.common.WebUiCommonHelper.findWebElement(WebUiCommonHelper.java:1426)
	at com.kms.katalon.core.webui.keyword.internal.WebUIAbstractKeyword.findWebElement(WebUIAbstractKeyword.groovy:27)
	at com.kms.katalon.core.webui.keyword.internal.WebUIAbstractKeyword.findWebElement(WebUIAbstractKeyword.groovy:26)
	at com.kms.katalon.core.webui.keyword.builtin.GetTextKeyword$_getText_closure1.doCall(GetTextKeyword.groovy:78)
	at com.kms.katalon.core.webui.keyword.builtin.GetTextKeyword$_getText_closure1.call(GetTextKeyword.groovy)
	at com.kms.katalon.core.webui.keyword.internal.WebUIKeywordMain.runKeyword(WebUIKeywordMain.groovy:20)
	at com.kms.katalon.core.webui.keyword.builtin.GetTextKeyword.getText(GetTextKeyword.groovy:88)
	at com.kms.katalon.core.webui.keyword.builtin.GetTextKeyword.execute(GetTextKeyword.groovy:67)
	at com.kms.katalon.core.keyword.internal.KeywordExecutor.executeKeywordForPlatform(KeywordExecutor.groovy:74)
	at com.kms.katalon.core.webui.keyword.WebUiBuiltInKeywords.getText(WebUiBuiltInKeywords.groovy:957)
	at Script1718980020443.ZakrytOpoveshenie(Script1718980020443.groovy:767)
	at Script1718980020443.run(Script1718980020443.groovy:109)
	... 15 more
)
	at com.kms.katalon.core.keyword.internal.KeywordMain.stepFailed(KeywordMain.groovy:39)
	at com.kms.katalon.core.webui.keyword.internal.WebUIKeywordMain.stepFailed(WebUIKeywordMain.groovy:64)
	at com.kms.katalon.core.webui.keyword.internal.WebUIKeywordMain.runKeyword(WebUIKeywordMain.groovy:26)
	at com.kms.katalon.core.webui.keyword.builtin.GetTextKeyword.getText(GetTextKeyword.groovy:88)
	at com.kms.katalon.core.webui.keyword.builtin.GetTextKeyword.execute(GetTextKeyword.groovy:67)
	at com.kms.katalon.core.keyword.internal.KeywordExecutor.executeKeywordForPlatform(KeywordExecutor.groovy:74)
	at com.kms.katalon.core.webui.keyword.WebUiBuiltInKeywords.getText(WebUiBuiltInKeywords.groovy:957)
	at Выполнение бизнес-плана Сверка ПАО Россети все филиалы.ZakrytOpoveshenie(Выполнение бизнес-плана Сверка ПАО Россети все филиалы:767)
	at Выполнение бизнес-плана Сверка ПАО Россети все филиалы.run(Выполнение бизнес-плана Сверка ПАО Россети все филиалы:109)
	at com.kms.katalon.core.main.ScriptEngine.run(ScriptEngine.java:194)
	at com.kms.katalon.core.main.ScriptEngine.runScriptAsRawText(ScriptEngine.java:119)
	at com.kms.katalon.core.main.TestCaseExecutor.runScript(TestCaseExecutor.java:448)
	at com.kms.katalon.core.main.TestCaseExecutor.doExecute(TestCaseExecutor.java:439)
	at com.kms.katalon.core.main.TestCaseExecutor.processExecutionPhase(TestCaseExecutor.java:418)
	at com.kms.katalon.core.main.TestCaseExecutor.accessMainPhase(TestCaseExecutor.java:410)
	at com.kms.katalon.core.main.TestCaseExecutor.execute(TestCaseExecutor.java:285)
	at com.kms.katalon.core.common.CommonExecutor.accessTestCaseMainPhase(CommonExecutor.java:65)
	at com.kms.katalon.core.main.TestSuiteExecutor.accessTestSuiteMainPhase(TestSuiteExecutor.java:150)
	at com.kms.katalon.core.main.TestSuiteExecutor.execute(TestSuiteExecutor.java:106)
	at com.kms.katalon.core.main.TestCaseMain.startTestSuite(TestCaseMain.java:180)
	at TempTestSuite1742797761676.run(TempTestSuite1742797761676.groovy:35)
	at java.base/jdk.internal.reflect.NativeMethodAccessorImpl.invoke0(Native Method)
	at java.base/jdk.internal.reflect.NativeMethodAccessorImpl.invoke(NativeMethodAccessorImpl.java:77)
	at java.base/jdk.internal.reflect.DelegatingMethodAccessorImpl.invoke(DelegatingMethodAccessorImpl.java:43)
Caused by: com.kms.katalon.core.exception.StepFailedException: Unable to get text of object 'Object Repository/Выполнение бизнес-плана/Просьба обратить внимание'
	... 23 more
Caused by: com.kms.katalon.core.webui.exception.WebElementNotFoundException: Web element with id: 'Object Repository/Выполнение бизнес-плана/Просьба обратить внимание' located by '//*/text()[normalize-space(.)='Просьба обратить внимание']/parent::*' not found
	at com.kms.katalon.core.webui.common.WebUiCommonHelper.findWebElement(WebUiCommonHelper.java:1426)
	at com.kms.katalon.core.webui.keyword.internal.WebUIAbstractKeyword.findWebElement(WebUIAbstractKeyword.groovy:27)
	at com.kms.katalon.core.webui.keyword.internal.WebUIAbstractKeyword.findWebElement(WebUIAbstractKeyword.groovy:26)
	at com.kms.katalon.core.webui.keyword.builtin.GetTextKeyword$_getText_closure1.doCall(GetTextKeyword.groovy:78)
	at com.kms.katalon.core.webui.keyword.builtin.GetTextKeyword$_getText_closure1.call(GetTextKeyword.groovy)
	at com.kms.katalon.core.webui.keyword.internal.WebUIKeywordMain.runKeyword(WebUIKeywordMain.groovy:20)
	... 21 more


24-03-2025T11:34:57 - [TEST_STEP][PASSED] - openBrowser(""): Browser is opened with url: ''

24-03-2025T11:34:57 - [MESSAGE][WARNING] - A browser is already opened. Closing browser and opening a new one

24-03-2025T11:34:57 - [MESSAGE][INFO] - Starting 'Chrome' driver

24-03-2025T11:34:57 - [MESSAGE][INFO] - Action delay is set to 0 milliseconds

24-03-2025T11:34:58 - [MESSAGE][PASSED] - Browser is opened with url: ''

24-03-2025T11:34:58 - [TEST_STEP][PASSED] - date = new java.util.Date(): null

24-03-2025T11:34:58 - [TEST_STEP][PASSED] - todaysDate = date.format("dd.MM.yyyy"): null

24-03-2025T11:34:58 - [TEST_STEP][PASSED] - dZO = <not implemented yet for class: org.codehaus.groovy.ast.expr.EmptyExpression>: null

24-03-2025T11:34:58 - [TEST_STEP][PASSED] - a = <not implemented yet for class: org.codehaus.groovy.ast.expr.EmptyExpression>: null

24-03-2025T11:34:58 - [TEST_STEP][PASSED] - fileperc = <not implemented yet for class: org.codehaus.groovy.ast.expr.EmptyExpression>: null

24-03-2025T11:34:58 - [TEST_STEP][PASSED] - pageperc = <not implemented yet for class: org.codehaus.groovy.ast.expr.EmptyExpression>: null

24-03-2025T11:34:58 - [TEST_STEP][PASSED] - pageInt = <not implemented yet for class: org.codehaus.groovy.ast.expr.EmptyExpression>: null

24-03-2025T11:34:58 - [TEST_STEP][PASSED] - fileInt = <not implemented yet for class: org.codehaus.groovy.ast.expr.EmptyExpression>: null

24-03-2025T11:34:58 - [TEST_STEP][PASSED] - pageDouble = <not implemented yet for class: org.codehaus.groovy.ast.expr.EmptyExpression>: null

24-03-2025T11:34:58 - [TEST_STEP][PASSED] - fileDouble = <not implemented yet for class: org.codehaus.groovy.ast.expr.EmptyExpression>: null

24-03-2025T11:34:58 - [TEST_STEP][PASSED] - typeOfData = <not implemented yet for class: org.codehaus.groovy.ast.expr.EmptyExpression>: null

24-03-2025T11:34:58 - [TEST_STEP][PASSED] - dzoNum = 0: null

24-03-2025T11:34:58 - [TEST_STEP][PASSED] - filialNum = 0: null

24-03-2025T11:34:58 - [TEST_STEP][PASSED] - urlText = <not implemented yet for class: org.codehaus.groovy.ast.expr.EmptyExpression>: null

24-03-2025T11:34:58 - [TEST_STEP][PASSED] - searchWord = <not implemented yet for class: org.codehaus.groovy.ast.expr.EmptyExpression>: null

24-03-2025T11:34:58 - [TEST_STEP][PASSED] - i = <not implemented yet for class: org.codehaus.groovy.ast.expr.EmptyExpression>: null

24-03-2025T11:34:58 - [TEST_STEP][PASSED] - ii = <not implemented yet for class: org.codehaus.groovy.ast.expr.EmptyExpression>: null

24-03-2025T11:34:58 - [TEST_STEP][PASSED] - navigateToUrl(findTestData("PlanFact").getValue(10, 1)): Navigate to 'https://bi.rosseti.digital/viewer?dashboardGuid=d154a8eaf6824e2b9de1bb04dd061c18&sheetGuid=1305e8ce744049e1abdacea1ea397a26&fit=true' successfully

24-03-2025T11:37:40 - [MESSAGE][PASSED] - Navigate to 'https://bi.rosseti.digital/viewer?dashboardGuid=d154a8eaf6824e2b9de1bb04dd061c18&sheetGuid=1305e8ce744049e1abdacea1ea397a26&fit=true' successfully

24-03-2025T11:37:40 - [TEST_STEP][PASSED] - urlText = getText(findTestObject("Страница авторизации/Text")): Text of object 'Object Repository/Страница авторизации/Text' is: 'Вход'

24-03-2025T11:37:40 - [MESSAGE][PASSED] - Text of object 'Object Repository/Страница авторизации/Text' is: 'Вход'

24-03-2025T11:37:40 - [TEST_STEP][PASSED] - delay(20): Delayed 20 second(s)

24-03-2025T11:38:00 - [MESSAGE][PASSED] - Delayed 20 second(s)

24-03-2025T11:38:00 - [TEST_STEP][PASSED] - searchWord = "Вход": null

24-03-2025T11:38:00 - [TEST_STEP][PASSED] - if (urlText.contains(searchWord) == false): null

24-03-2025T11:38:00 - [TEST_STEP][PASSED] - setText(findTestObject("Страница авторизации/input__username"), findTestData("PlanFact").getValue(8, 1)): Text 'liazgina-di' is set on object 'Object Repository/Страница авторизации/input__username'

24-03-2025T11:38:01 - [MESSAGE][PASSED] - Text 'liazgina-di' is set on object 'Object Repository/Страница авторизации/input__username'

24-03-2025T11:38:01 - [TEST_STEP][PASSED] - setText(findTestObject("Страница авторизации/input__password"), findTestData("PlanFact").getValue(9, 1)): Text ')$%5srZ8o688Dm#q' is set on object 'Object Repository/Страница авторизации/input__password'

24-03-2025T11:38:02 - [MESSAGE][PASSED] - Text ')$%5srZ8o688Dm#q' is set on object 'Object Repository/Страница авторизации/input__password'

24-03-2025T11:38:02 - [TEST_STEP][PASSED] - click(findTestObject("Страница авторизации/button_")): Object: 'Object Repository/Страница авторизации/button_' is clicked on

24-03-2025T11:38:20 - [MESSAGE][PASSED] - Object: 'Object Repository/Страница авторизации/button_' is clicked on

24-03-2025T11:38:20 - [TEST_STEP][PASSED] - delay(50): Delayed 50 second(s)

24-03-2025T11:39:10 - [MESSAGE][PASSED] - Delayed 50 second(s)

24-03-2025T11:39:10 - [TEST_STEP][PASSED] - searchWord = "ДЗО": null

24-03-2025T11:39:10 - [TEST_STEP][PASSED] - urlText = getText(findTestObject("Страница авторизации/Text")): Text of object 'Object Repository/Страница авторизации/Text' is: 'Неизвестная ошибка (детали в консоли)
Перезагрузить дашборд'

24-03-2025T11:39:10 - [MESSAGE][PASSED] - Text of object 'Object Repository/Страница авторизации/Text' is: 'Неизвестная ошибка (детали в консоли)
Перезагрузить дашборд'

24-03-2025T11:39:10 - [TEST_STEP][PASSED] - if (urlText.contains("ошибка") || urlText.contains(searchWord) == false): Text of object 'Object Repository/Страница авторизации/Text' is: ''

24-03-2025T11:39:10 - [TEST_STEP][PASSED] - for ([urlText.contains(searchWord) == false, i < 4, (ii++)]): Text of object 'Object Repository/Страница авторизации/Text' is: ''

24-03-2025T11:39:10 - [TEST_STEP][PASSED] - i = i + 1: null

24-03-2025T11:39:10 - [TEST_STEP][PASSED] - refresh(): Refresh successfully

24-03-2025T11:39:11 - [MESSAGE][PASSED] - Refresh successfully

24-03-2025T11:39:11 - [TEST_STEP][PASSED] - delay(20): Delayed 20 second(s)

24-03-2025T11:39:31 - [MESSAGE][PASSED] - Delayed 20 second(s)

24-03-2025T11:39:31 - [TEST_STEP][PASSED] - navigateToUrl(findTestData("PlanFact").getValue(10, 1)): Navigate to 'https://bi.rosseti.digital/viewer?dashboardGuid=d154a8eaf6824e2b9de1bb04dd061c18&sheetGuid=1305e8ce744049e1abdacea1ea397a26&fit=true' successfully

24-03-2025T11:39:34 - [MESSAGE][PASSED] - Navigate to 'https://bi.rosseti.digital/viewer?dashboardGuid=d154a8eaf6824e2b9de1bb04dd061c18&sheetGuid=1305e8ce744049e1abdacea1ea397a26&fit=true' successfully

24-03-2025T11:39:34 - [TEST_STEP][PASSED] - delay(20): Delayed 20 second(s)

24-03-2025T11:39:54 - [MESSAGE][PASSED] - Delayed 20 second(s)

24-03-2025T11:39:54 - [TEST_STEP][PASSED] - urlText = getText(findTestObject("Страница авторизации/Text")): Text of object 'Object Repository/Страница авторизации/Text' is: ''

24-03-2025T11:40:25 - [MESSAGE][PASSED] - Text of object 'Object Repository/Страница авторизации/Text' is: ''

24-03-2025T11:40:25 - [TEST_STEP][PASSED] - i = i + 1: null

24-03-2025T11:40:25 - [TEST_STEP][PASSED] - refresh(): Refresh successfully

24-03-2025T11:40:31 - [MESSAGE][PASSED] - Refresh successfully

24-03-2025T11:40:31 - [TEST_STEP][PASSED] - delay(20): Delayed 20 second(s)

24-03-2025T11:40:51 - [MESSAGE][PASSED] - Delayed 20 second(s)

24-03-2025T11:40:51 - [TEST_STEP][PASSED] - navigateToUrl(findTestData("PlanFact").getValue(10, 1)): Navigate to 'https://bi.rosseti.digital/viewer?dashboardGuid=d154a8eaf6824e2b9de1bb04dd061c18&sheetGuid=1305e8ce744049e1abdacea1ea397a26&fit=true' successfully

24-03-2025T11:40:52 - [MESSAGE][PASSED] - Navigate to 'https://bi.rosseti.digital/viewer?dashboardGuid=d154a8eaf6824e2b9de1bb04dd061c18&sheetGuid=1305e8ce744049e1abdacea1ea397a26&fit=true' successfully

24-03-2025T11:40:52 - [TEST_STEP][PASSED] - delay(20): Delayed 20 second(s)

24-03-2025T11:41:12 - [MESSAGE][PASSED] - Delayed 20 second(s)

24-03-2025T11:41:12 - [TEST_STEP][PASSED] - urlText = getText(findTestObject("Страница авторизации/Text")): Text of object 'Object Repository/Страница авторизации/Text' is: ''

24-03-2025T11:41:42 - [MESSAGE][PASSED] - Text of object 'Object Repository/Страница авторизации/Text' is: ''

24-03-2025T11:41:42 - [TEST_STEP][PASSED] - i = i + 1: null

24-03-2025T11:41:42 - [TEST_STEP][PASSED] - refresh(): Refresh successfully

24-03-2025T11:41:52 - [MESSAGE][PASSED] - Refresh successfully

24-03-2025T11:41:52 - [TEST_STEP][PASSED] - delay(20): Delayed 20 second(s)

24-03-2025T11:42:12 - [MESSAGE][PASSED] - Delayed 20 second(s)

24-03-2025T11:42:12 - [TEST_STEP][PASSED] - navigateToUrl(findTestData("PlanFact").getValue(10, 1)): Navigate to 'https://bi.rosseti.digital/viewer?dashboardGuid=d154a8eaf6824e2b9de1bb04dd061c18&sheetGuid=1305e8ce744049e1abdacea1ea397a26&fit=true' successfully

24-03-2025T11:42:45 - [MESSAGE][PASSED] - Navigate to 'https://bi.rosseti.digital/viewer?dashboardGuid=d154a8eaf6824e2b9de1bb04dd061c18&sheetGuid=1305e8ce744049e1abdacea1ea397a26&fit=true' successfully

24-03-2025T11:42:45 - [TEST_STEP][PASSED] - delay(20): Delayed 20 second(s)

24-03-2025T11:43:05 - [MESSAGE][PASSED] - Delayed 20 second(s)

24-03-2025T11:43:05 - [TEST_STEP][PASSED] - urlText = getText(findTestObject("Страница авторизации/Text")): Text of object 'Object Repository/Страница авторизации/Text' is: ''

24-03-2025T11:43:05 - [MESSAGE][PASSED] - Text of object 'Object Repository/Страница авторизации/Text' is: ''

24-03-2025T11:43:05 - [TEST_STEP][PASSED] - i = i + 1: null

24-03-2025T11:43:05 - [TEST_STEP][PASSED] - refresh(): Refresh successfully

24-03-2025T11:43:08 - [MESSAGE][PASSED] - Refresh successfully

24-03-2025T11:43:08 - [TEST_STEP][PASSED] - delay(20): Delayed 20 second(s)

24-03-2025T11:43:28 - [MESSAGE][PASSED] - Delayed 20 second(s)

24-03-2025T11:43:28 - [TEST_STEP][PASSED] - navigateToUrl(findTestData("PlanFact").getValue(10, 1)): Navigate to 'https://bi.rosseti.digital/viewer?dashboardGuid=d154a8eaf6824e2b9de1bb04dd061c18&sheetGuid=1305e8ce744049e1abdacea1ea397a26&fit=true' successfully

24-03-2025T11:43:29 - [MESSAGE][PASSED] - Navigate to 'https://bi.rosseti.digital/viewer?dashboardGuid=d154a8eaf6824e2b9de1bb04dd061c18&sheetGuid=1305e8ce744049e1abdacea1ea397a26&fit=true' successfully

24-03-2025T11:43:29 - [TEST_STEP][PASSED] - delay(20): Delayed 20 second(s)

24-03-2025T11:43:49 - [MESSAGE][PASSED] - Delayed 20 second(s)

24-03-2025T11:43:49 - [TEST_STEP][PASSED] - urlText = getText(findTestObject("Страница авторизации/Text")): Text of object 'Object Repository/Страница авторизации/Text' is: ''

24-03-2025T11:44:19 - [MESSAGE][PASSED] - Text of object 'Object Repository/Страница авторизации/Text' is: ''

24-03-2025T11:44:19 - [TEST_STEP][PASSED] - Script1718980020443.ZakrytOpoveshenie(): null

24-03-2025T11:44:19 - [TEST_STEP][PASSED] - delay(10): Delayed 10 second(s)

24-03-2025T11:44:29 - [MESSAGE][PASSED] - Delayed 10 second(s)

24-03-2025T11:44:29 - [TEST_STEP][FAILED] - opoveshenie = getText(findTestObject("Выполнение бизнес-плана/Просьба обратить внимание")): Unable to get text of object 'Object Repository/Выполнение бизнес-плана/Просьба обратить внимание' (Root cause: com.kms.katalon.core.exception.StepFailedException: Unable to get text of object 'Object Repository/Выполнение бизнес-плана/Просьба обратить внимание'
	at com.kms.katalon.core.webui.keyword.internal.WebUIKeywordMain.stepFailed(WebUIKeywordMain.groovy:64)
	at com.kms.katalon.core.webui.keyword.internal.WebUIKeywordMain.runKeyword(WebUIKeywordMain.groovy:26)
	at com.kms.katalon.core.webui.keyword.builtin.GetTextKeyword.getText(GetTextKeyword.groovy:88)
	at com.kms.katalon.core.webui.keyword.builtin.GetTextKeyword.execute(GetTextKeyword.groovy:67)
	at com.kms.katalon.core.keyword.internal.KeywordExecutor.executeKeywordForPlatform(KeywordExecutor.groovy:74)
	at com.kms.katalon.core.webui.keyword.WebUiBuiltInKeywords.getText(WebUiBuiltInKeywords.groovy:957)
	at Выполнение бизнес-плана Сверка ПАО Россети все филиалы.ZakrytOpoveshenie(Выполнение бизнес-плана Сверка ПАО Россети все филиалы:767)
	at Выполнение бизнес-плана Сверка ПАО Россети все филиалы.run(Выполнение бизнес-плана Сверка ПАО Россети все филиалы:109)
	at com.kms.katalon.core.main.ScriptEngine.run(ScriptEngine.java:194)
	at com.kms.katalon.core.main.ScriptEngine.runScriptAsRawText(ScriptEngine.java:119)
	at com.kms.katalon.core.main.TestCaseExecutor.runScript(TestCaseExecutor.java:448)
	at com.kms.katalon.core.main.TestCaseExecutor.doExecute(TestCaseExecutor.java:439)
	at com.kms.katalon.core.main.TestCaseExecutor.processExecutionPhase(TestCaseExecutor.java:418)
	at com.kms.katalon.core.main.TestCaseExecutor.accessMainPhase(TestCaseExecutor.java:410)
	at com.kms.katalon.core.main.TestCaseExecutor.execute(TestCaseExecutor.java:285)
	at com.kms.katalon.core.common.CommonExecutor.accessTestCaseMainPhase(CommonExecutor.java:65)
	at com.kms.katalon.core.main.TestSuiteExecutor.accessTestSuiteMainPhase(TestSuiteExecutor.java:150)
	at com.kms.katalon.core.main.TestSuiteExecutor.execute(TestSuiteExecutor.java:106)
	at com.kms.katalon.core.main.TestCaseMain.startTestSuite(TestCaseMain.java:180)
	at TempTestSuite1742797761676.run(TempTestSuite1742797761676.groovy:35)
	at java.base/jdk.internal.reflect.NativeMethodAccessorImpl.invoke0(Native Method)
	at java.base/jdk.internal.reflect.NativeMethodAccessorImpl.invoke(NativeMethodAccessorImpl.java:77)
	at java.base/jdk.internal.reflect.DelegatingMethodAccessorImpl.invoke(DelegatingMethodAccessorImpl.java:43)
Caused by: com.kms.katalon.core.webui.exception.WebElementNotFoundException: Web element with id: 'Object Repository/Выполнение бизнес-плана/Просьба обратить внимание' located by '//*/text()[normalize-space(.)='Просьба обратить внимание']/parent::*' not found
	at com.kms.katalon.core.webui.common.WebUiCommonHelper.findWebElement(WebUiCommonHelper.java:1426)
	at com.kms.katalon.core.webui.keyword.internal.WebUIAbstractKeyword.findWebElement(WebUIAbstractKeyword.groovy:27)
	at com.kms.katalon.core.webui.keyword.internal.WebUIAbstractKeyword.findWebElement(WebUIAbstractKeyword.groovy:26)
	at com.kms.katalon.core.webui.keyword.builtin.GetTextKeyword$_getText_closure1.doCall(GetTextKeyword.groovy:78)
	at com.kms.katalon.core.webui.keyword.builtin.GetTextKeyword$_getText_closure1.call(GetTextKeyword.groovy)
	at com.kms.katalon.core.webui.keyword.internal.WebUIKeywordMain.runKeyword(WebUIKeywordMain.groovy:20)
	at com.kms.katalon.core.webui.keyword.builtin.GetTextKeyword.getText(GetTextKeyword.groovy:88)
	at com.kms.katalon.core.webui.keyword.builtin.GetTextKeyword.execute(GetTextKeyword.groovy:67)
	at com.kms.katalon.core.keyword.internal.KeywordExecutor.executeKeywordForPlatform(KeywordExecutor.groovy:74)
	at com.kms.katalon.core.webui.keyword.WebUiBuiltInKeywords.getText(WebUiBuiltInKeywords.groovy:957)
	at Script1718980020443.ZakrytOpoveshenie(Script1718980020443.groovy:767)
	at Script1718980020443.run(Script1718980020443.groovy:109)
	... 15 more
)

24-03-2025T11:45:29 - [MESSAGE][INFO] - Unable to find the element located by 'By.xpath: //*/text()[normalize-space(.)='Просьба обратить внимание']/parent::*'. Please recheck the objects properties to make sure the desired element is located. 

24-03-2025T11:45:29 - [MESSAGE][FAILED] - Unable to get text of object 'Object Repository/Выполнение бизнес-плана/Просьба обратить внимание' (Root cause: com.kms.katalon.core.exception.StepFailedException: Unable to get text of object 'Object Repository/Выполнение бизнес-плана/Просьба обратить внимание'
	at com.kms.katalon.core.webui.keyword.internal.WebUIKeywordMain.stepFailed(WebUIKeywordMain.groovy:64)
	at com.kms.katalon.core.webui.keyword.internal.WebUIKeywordMain.runKeyword(WebUIKeywordMain.groovy:26)
	at com.kms.katalon.core.webui.keyword.builtin.GetTextKeyword.getText(GetTextKeyword.groovy:88)
	at com.kms.katalon.core.webui.keyword.builtin.GetTextKeyword.execute(GetTextKeyword.groovy:67)
	at com.kms.katalon.core.keyword.internal.KeywordExecutor.executeKeywordForPlatform(KeywordExecutor.groovy:74)
	at com.kms.katalon.core.webui.keyword.WebUiBuiltInKeywords.getText(WebUiBuiltInKeywords.groovy:957)
	at Выполнение бизнес-плана Сверка ПАО Россети все филиалы.ZakrytOpoveshenie(Выполнение бизнес-плана Сверка ПАО Россети все филиалы:767)
	at Выполнение бизнес-плана Сверка ПАО Россети все филиалы.run(Выполнение бизнес-плана Сверка ПАО Россети все филиалы:109)
	at com.kms.katalon.core.main.ScriptEngine.run(ScriptEngine.java:194)
	at com.kms.katalon.core.main.ScriptEngine.runScriptAsRawText(ScriptEngine.java:119)
	at com.kms.katalon.core.main.TestCaseExecutor.runScript(TestCaseExecutor.java:448)
	at com.kms.katalon.core.main.TestCaseExecutor.doExecute(TestCaseExecutor.java:439)
	at com.kms.katalon.core.main.TestCaseExecutor.processExecutionPhase(TestCaseExecutor.java:418)
	at com.kms.katalon.core.main.TestCaseExecutor.accessMainPhase(TestCaseExecutor.java:410)
	at com.kms.katalon.core.main.TestCaseExecutor.execute(TestCaseExecutor.java:285)
	at com.kms.katalon.core.common.CommonExecutor.accessTestCaseMainPhase(CommonExecutor.java:65)
	at com.kms.katalon.core.main.TestSuiteExecutor.accessTestSuiteMainPhase(TestSuiteExecutor.java:150)
	at com.kms.katalon.core.main.TestSuiteExecutor.execute(TestSuiteExecutor.java:106)
	at com.kms.katalon.core.main.TestCaseMain.startTestSuite(TestCaseMain.java:180)
	at TempTestSuite1742797761676.run(TempTestSuite1742797761676.groovy:35)
	at java.base/jdk.internal.reflect.NativeMethodAccessorImpl.invoke0(Native Method)
	at java.base/jdk.internal.reflect.NativeMethodAccessorImpl.invoke(NativeMethodAccessorImpl.java:77)
	at java.base/jdk.internal.reflect.DelegatingMethodAccessorImpl.invoke(DelegatingMethodAccessorImpl.java:43)
Caused by: com.kms.katalon.core.webui.exception.WebElementNotFoundException: Web element with id: 'Object Repository/Выполнение бизнес-плана/Просьба обратить внимание' located by '//*/text()[normalize-space(.)='Просьба обратить внимание']/parent::*' not found
	at com.kms.katalon.core.webui.common.WebUiCommonHelper.findWebElement(WebUiCommonHelper.java:1426)
	at com.kms.katalon.core.webui.keyword.internal.WebUIAbstractKeyword.findWebElement(WebUIAbstractKeyword.groovy:27)
	at com.kms.katalon.core.webui.keyword.internal.WebUIAbstractKeyword.findWebElement(WebUIAbstractKeyword.groovy:26)
	at com.kms.katalon.core.webui.keyword.builtin.GetTextKeyword$_getText_closure1.doCall(GetTextKeyword.groovy:78)
	at com.kms.katalon.core.webui.keyword.builtin.GetTextKeyword$_getText_closure1.call(GetTextKeyword.groovy)
	at com.kms.katalon.core.webui.keyword.internal.WebUIKeywordMain.runKeyword(WebUIKeywordMain.groovy:20)
	at com.kms.katalon.core.webui.keyword.builtin.GetTextKeyword.getText(GetTextKeyword.groovy:88)
	at com.kms.katalon.core.webui.keyword.builtin.GetTextKeyword.execute(GetTextKeyword.groovy:67)
	at com.kms.katalon.core.keyword.internal.KeywordExecutor.executeKeywordForPlatform(KeywordExecutor.groovy:74)
	at com.kms.katalon.core.webui.keyword.WebUiBuiltInKeywords.getText(WebUiBuiltInKeywords.groovy:957)
	at Script1718980020443.ZakrytOpoveshenie(Script1718980020443.groovy:767)
	at Script1718980020443.run(Script1718980020443.groovy:109)
	... 15 more
)
[[ATTACHMENT|C:\\Users\\LIAZGINA-DI\\git\\SPORU\\Reports\\20250324_092921\\\u041F\u043D-\u0421\u0440-\u041F\u0442\\\u0421\u0432\u0435\u0440\u043A\u0430 \u0434\u0430\u0448\u0431\u043E\u0440\u0434\u043E\u0432 \u0438\u0437 \u0440\u0430\u0437\u043D\u044B\u0445 \u0431\u043B\u043E\u043A\u043E\u0432\\20250324_092921\\1742805929868.png]]

24-03-2025T11:45:29 - [TEST_STEP][PASSED] - println(opoveshenie): null

24-03-2025T11:45:29 - [TEST_STEP][PASSED] - if (opoveshenie == "Просьба обратить внимание"): null

24-03-2025T11:45:29 - [TEST_STEP][FAILED] - click(findTestObject("Object Repository/Выполнение бизнес-плана/Фильтр Дата")): Unable to click on object 'Object Repository/Выполнение бизнес-плана/Фильтр Дата' (Root cause: com.kms.katalon.core.exception.StepFailedException: Unable to click on object 'Object Repository/Выполнение бизнес-плана/Фильтр Дата'
	at com.kms.katalon.core.webui.keyword.internal.WebUIKeywordMain.stepFailed(WebUIKeywordMain.groovy:64)
	at com.kms.katalon.core.webui.keyword.internal.WebUIKeywordMain.runKeyword(WebUIKeywordMain.groovy:26)
	at com.kms.katalon.core.webui.keyword.builtin.ClickKeyword.click(ClickKeyword.groovy:74)
	at com.kms.katalon.core.webui.keyword.builtin.ClickKeyword.execute(ClickKeyword.groovy:40)
	at com.kms.katalon.core.keyword.internal.KeywordExecutor.executeKeywordForPlatform(KeywordExecutor.groovy:74)
	at com.kms.katalon.core.webui.keyword.WebUiBuiltInKeywords.click(WebUiBuiltInKeywords.groovy:659)
	at Выполнение бизнес-плана Сверка ПАО Россети все филиалы.run(Выполнение бизнес-плана Сверка ПАО Россети все филиалы:112)
	at com.kms.katalon.core.main.ScriptEngine.run(ScriptEngine.java:194)
	at com.kms.katalon.core.main.ScriptEngine.runScriptAsRawText(ScriptEngine.java:119)
	at com.kms.katalon.core.main.TestCaseExecutor.runScript(TestCaseExecutor.java:448)
	at com.kms.katalon.core.main.TestCaseExecutor.doExecute(TestCaseExecutor.java:439)
	at com.kms.katalon.core.main.TestCaseExecutor.processExecutionPhase(TestCaseExecutor.java:418)
	at com.kms.katalon.core.main.TestCaseExecutor.accessMainPhase(TestCaseExecutor.java:410)
	at com.kms.katalon.core.main.TestCaseExecutor.execute(TestCaseExecutor.java:285)
	at com.kms.katalon.core.common.CommonExecutor.accessTestCaseMainPhase(CommonExecutor.java:65)
	at com.kms.katalon.core.main.TestSuiteExecutor.accessTestSuiteMainPhase(TestSuiteExecutor.java:150)
	at com.kms.katalon.core.main.TestSuiteExecutor.execute(TestSuiteExecutor.java:106)
	at com.kms.katalon.core.main.TestCaseMain.startTestSuite(TestCaseMain.java:180)
	at TempTestSuite1742797761676.run(TempTestSuite1742797761676.groovy:35)
	at java.base/jdk.internal.reflect.NativeMethodAccessorImpl.invoke0(Native Method)
	at java.base/jdk.internal.reflect.NativeMethodAccessorImpl.invoke(NativeMethodAccessorImpl.java:77)
	at java.base/jdk.internal.reflect.DelegatingMethodAccessorImpl.invoke(DelegatingMethodAccessorImpl.java:43)
Caused by: com.kms.katalon.core.webui.exception.WebElementNotFoundException: Web element with id: 'Object Repository/Выполнение бизнес-плана/Фильтр Дата' located by '(.//*[normalize-space(text()) and normalize-space(.)='Период'])[1]/following::div[5]' not found
	at com.kms.katalon.core.webui.common.WebUiCommonHelper.findWebElement(WebUiCommonHelper.java:1426)
	at com.kms.katalon.core.webui.keyword.internal.WebUIAbstractKeyword.findWebElement(WebUIAbstractKeyword.groovy:27)
	at com.kms.katalon.core.webui.keyword.builtin.ClickKeyword$_click_closure1.doCall(ClickKeyword.groovy:65)
	at com.kms.katalon.core.webui.keyword.builtin.ClickKeyword$_click_closure1.call(ClickKeyword.groovy)
	at com.kms.katalon.core.webui.keyword.internal.WebUIKeywordMain.runKeyword(WebUIKeywordMain.groovy:20)
	at com.kms.katalon.core.webui.keyword.builtin.ClickKeyword.click(ClickKeyword.groovy:74)
	at com.kms.katalon.core.webui.keyword.builtin.ClickKeyword.execute(ClickKeyword.groovy:40)
	at com.kms.katalon.core.keyword.internal.KeywordExecutor.executeKeywordForPlatform(KeywordExecutor.groovy:74)
	at com.kms.katalon.core.webui.keyword.WebUiBuiltInKeywords.click(WebUiBuiltInKeywords.groovy:659)
	at Script1718980020443.run(Script1718980020443.groovy:112)
	... 15 more
)

24-03-2025T11:46:30 - [MESSAGE][INFO] - Unable to find the element located by 'By.xpath: (.//*[normalize-space(text()) and normalize-space(.)='Период'])[1]/following::div[5]'. Please recheck the objects properties to make sure the desired element is located. 

24-03-2025T11:46:30 - [MESSAGE][FAILED] - Unable to click on object 'Object Repository/Выполнение бизнес-плана/Фильтр Дата' (Root cause: com.kms.katalon.core.exception.StepFailedException: Unable to click on object 'Object Repository/Выполнение бизнес-плана/Фильтр Дата'
	at com.kms.katalon.core.webui.keyword.internal.WebUIKeywordMain.stepFailed(WebUIKeywordMain.groovy:64)
	at com.kms.katalon.core.webui.keyword.internal.WebUIKeywordMain.runKeyword(WebUIKeywordMain.groovy:26)
	at com.kms.katalon.core.webui.keyword.builtin.ClickKeyword.click(ClickKeyword.groovy:74)
	at com.kms.katalon.core.webui.keyword.builtin.ClickKeyword.execute(ClickKeyword.groovy:40)
	at com.kms.katalon.core.keyword.internal.KeywordExecutor.executeKeywordForPlatform(KeywordExecutor.groovy:74)
	at com.kms.katalon.core.webui.keyword.WebUiBuiltInKeywords.click(WebUiBuiltInKeywords.groovy:659)
	at Выполнение бизнес-плана Сверка ПАО Россети все филиалы.run(Выполнение бизнес-плана Сверка ПАО Россети все филиалы:112)
	at com.kms.katalon.core.main.ScriptEngine.run(ScriptEngine.java:194)
	at com.kms.katalon.core.main.ScriptEngine.runScriptAsRawText(ScriptEngine.java:119)
	at com.kms.katalon.core.main.TestCaseExecutor.runScript(TestCaseExecutor.java:448)
	at com.kms.katalon.core.main.TestCaseExecutor.doExecute(TestCaseExecutor.java:439)
	at com.kms.katalon.core.main.TestCaseExecutor.processExecutionPhase(TestCaseExecutor.java:418)
	at com.kms.katalon.core.main.TestCaseExecutor.accessMainPhase(TestCaseExecutor.java:410)
	at com.kms.katalon.core.main.TestCaseExecutor.execute(TestCaseExecutor.java:285)
	at com.kms.katalon.core.common.CommonExecutor.accessTestCaseMainPhase(CommonExecutor.java:65)
	at com.kms.katalon.core.main.TestSuiteExecutor.accessTestSuiteMainPhase(TestSuiteExecutor.java:150)
	at com.kms.katalon.core.main.TestSuiteExecutor.execute(TestSuiteExecutor.java:106)
	at com.kms.katalon.core.main.TestCaseMain.startTestSuite(TestCaseMain.java:180)
	at TempTestSuite1742797761676.run(TempTestSuite1742797761676.groovy:35)
	at java.base/jdk.internal.reflect.NativeMethodAccessorImpl.invoke0(Native Method)
	at java.base/jdk.internal.reflect.NativeMethodAccessorImpl.invoke(NativeMethodAccessorImpl.java:77)
	at java.base/jdk.internal.reflect.DelegatingMethodAccessorImpl.invoke(DelegatingMethodAccessorImpl.java:43)
Caused by: com.kms.katalon.core.webui.exception.WebElementNotFoundException: Web element with id: 'Object Repository/Выполнение бизнес-плана/Фильтр Дата' located by '(.//*[normalize-space(text()) and normalize-space(.)='Период'])[1]/following::div[5]' not found
	at com.kms.katalon.core.webui.common.WebUiCommonHelper.findWebElement(WebUiCommonHelper.java:1426)
	at com.kms.katalon.core.webui.keyword.internal.WebUIAbstractKeyword.findWebElement(WebUIAbstractKeyword.groovy:27)
	at com.kms.katalon.core.webui.keyword.builtin.ClickKeyword$_click_closure1.doCall(ClickKeyword.groovy:65)
	at com.kms.katalon.core.webui.keyword.builtin.ClickKeyword$_click_closure1.call(ClickKeyword.groovy)
	at com.kms.katalon.core.webui.keyword.internal.WebUIKeywordMain.runKeyword(WebUIKeywordMain.groovy:20)
	at com.kms.katalon.core.webui.keyword.builtin.ClickKeyword.click(ClickKeyword.groovy:74)
	at com.kms.katalon.core.webui.keyword.builtin.ClickKeyword.execute(ClickKeyword.groovy:40)
	at com.kms.katalon.core.keyword.internal.KeywordExecutor.executeKeywordForPlatform(KeywordExecutor.groovy:74)
	at com.kms.katalon.core.webui.keyword.WebUiBuiltInKeywords.click(WebUiBuiltInKeywords.groovy:659)
	at Script1718980020443.run(Script1718980020443.groovy:112)
	... 15 more
)
[[ATTACHMENT|C:\\Users\\LIAZGINA-DI\\git\\SPORU\\Reports\\20250324_092921\\\u041F\u043D-\u0421\u0440-\u041F\u0442\\\u0421\u0432\u0435\u0440\u043A\u0430 \u0434\u0430\u0448\u0431\u043E\u0440\u0434\u043E\u0432 \u0438\u0437 \u0440\u0430\u0437\u043D\u044B\u0445 \u0431\u043B\u043E\u043A\u043E\u0432\\20250324_092921\\1742805990039.png]]

24-03-2025T11:46:30 - [TEST_STEP][FAILED] - click(findTestObject("Выполнение бизнес-плана/Снять выделение в фильтре Дата")): Unable to click on object 'Object Repository/Выполнение бизнес-плана/Снять выделение в фильтре Дата' (Root cause: com.kms.katalon.core.exception.StepFailedException: Unable to click on object 'Object Repository/Выполнение бизнес-плана/Снять выделение в фильтре Дата'
	at com.kms.katalon.core.webui.keyword.internal.WebUIKeywordMain.stepFailed(WebUIKeywordMain.groovy:64)
	at com.kms.katalon.core.webui.keyword.internal.WebUIKeywordMain.runKeyword(WebUIKeywordMain.groovy:26)
	at com.kms.katalon.core.webui.keyword.builtin.ClickKeyword.click(ClickKeyword.groovy:74)
	at com.kms.katalon.core.webui.keyword.builtin.ClickKeyword.execute(ClickKeyword.groovy:40)
	at com.kms.katalon.core.keyword.internal.KeywordExecutor.executeKeywordForPlatform(KeywordExecutor.groovy:74)
	at com.kms.katalon.core.webui.keyword.WebUiBuiltInKeywords.click(WebUiBuiltInKeywords.groovy:659)
	at Выполнение бизнес-плана Сверка ПАО Россети все филиалы.run(Выполнение бизнес-плана Сверка ПАО Россети все филиалы:115)
	at com.kms.katalon.core.main.ScriptEngine.run(ScriptEngine.java:194)
	at com.kms.katalon.core.main.ScriptEngine.runScriptAsRawText(ScriptEngine.java:119)
	at com.kms.katalon.core.main.TestCaseExecutor.runScript(TestCaseExecutor.java:448)
	at com.kms.katalon.core.main.TestCaseExecutor.doExecute(TestCaseExecutor.java:439)
	at com.kms.katalon.core.main.TestCaseExecutor.processExecutionPhase(TestCaseExecutor.java:418)
	at com.kms.katalon.core.main.TestCaseExecutor.accessMainPhase(TestCaseExecutor.java:410)
	at com.kms.katalon.core.main.TestCaseExecutor.execute(TestCaseExecutor.java:285)
	at com.kms.katalon.core.common.CommonExecutor.accessTestCaseMainPhase(CommonExecutor.java:65)
	at com.kms.katalon.core.main.TestSuiteExecutor.accessTestSuiteMainPhase(TestSuiteExecutor.java:150)
	at com.kms.katalon.core.main.TestSuiteExecutor.execute(TestSuiteExecutor.java:106)
	at com.kms.katalon.core.main.TestCaseMain.startTestSuite(TestCaseMain.java:180)
	at TempTestSuite1742797761676.run(TempTestSuite1742797761676.groovy:35)
	at java.base/jdk.internal.reflect.NativeMethodAccessorImpl.invoke0(Native Method)
	at java.base/jdk.internal.reflect.NativeMethodAccessorImpl.invoke(NativeMethodAccessorImpl.java:77)
	at java.base/jdk.internal.reflect.DelegatingMethodAccessorImpl.invoke(DelegatingMethodAccessorImpl.java:43)
Caused by: com.kms.katalon.core.webui.exception.WebElementNotFoundException: Web element with id: 'Object Repository/Выполнение бизнес-плана/Снять выделение в фильтре Дата' located by '//div[@id='a00621ff83234bcfb1fc761f616f1c3e']/div/div[2]/div[2]/div[2]' not found
	at com.kms.katalon.core.webui.common.WebUiCommonHelper.findWebElement(WebUiCommonHelper.java:1426)
	at com.kms.katalon.core.webui.keyword.internal.WebUIAbstractKeyword.findWebElement(WebUIAbstractKeyword.groovy:27)
	at com.kms.katalon.core.webui.keyword.builtin.ClickKeyword$_click_closure1.doCall(ClickKeyword.groovy:65)
	at com.kms.katalon.core.webui.keyword.builtin.ClickKeyword$_click_closure1.call(ClickKeyword.groovy)
	at com.kms.katalon.core.webui.keyword.internal.WebUIKeywordMain.runKeyword(WebUIKeywordMain.groovy:20)
	at com.kms.katalon.core.webui.keyword.builtin.ClickKeyword.click(ClickKeyword.groovy:74)
	at com.kms.katalon.core.webui.keyword.builtin.ClickKeyword.execute(ClickKeyword.groovy:40)
	at com.kms.katalon.core.keyword.internal.KeywordExecutor.executeKeywordForPlatform(KeywordExecutor.groovy:74)
	at com.kms.katalon.core.webui.keyword.WebUiBuiltInKeywords.click(WebUiBuiltInKeywords.groovy:659)
	at Script1718980020443.run(Script1718980020443.groovy:115)
	... 15 more
)

24-03-2025T11:47:30 - [MESSAGE][INFO] - Unable to find the element located by 'By.xpath: //div[@id='a00621ff83234bcfb1fc761f616f1c3e']/div/div[2]/div[2]/div[2]'. Please recheck the objects properties to make sure the desired element is located. 

24-03-2025T11:47:30 - [MESSAGE][FAILED] - Unable to click on object 'Object Repository/Выполнение бизнес-плана/Снять выделение в фильтре Дата' (Root cause: com.kms.katalon.core.exception.StepFailedException: Unable to click on object 'Object Repository/Выполнение бизнес-плана/Снять выделение в фильтре Дата'
	at com.kms.katalon.core.webui.keyword.internal.WebUIKeywordMain.stepFailed(WebUIKeywordMain.groovy:64)
	at com.kms.katalon.core.webui.keyword.internal.WebUIKeywordMain.runKeyword(WebUIKeywordMain.groovy:26)
	at com.kms.katalon.core.webui.keyword.builtin.ClickKeyword.click(ClickKeyword.groovy:74)
	at com.kms.katalon.core.webui.keyword.builtin.ClickKeyword.execute(ClickKeyword.groovy:40)
	at com.kms.katalon.core.keyword.internal.KeywordExecutor.executeKeywordForPlatform(KeywordExecutor.groovy:74)
	at com.kms.katalon.core.webui.keyword.WebUiBuiltInKeywords.click(WebUiBuiltInKeywords.groovy:659)
	at Выполнение бизнес-плана Сверка ПАО Россети все филиалы.run(Выполнение бизнес-плана Сверка ПАО Россети все филиалы:115)
	at com.kms.katalon.core.main.ScriptEngine.run(ScriptEngine.java:194)
	at com.kms.katalon.core.main.ScriptEngine.runScriptAsRawText(ScriptEngine.java:119)
	at com.kms.katalon.core.main.TestCaseExecutor.runScript(TestCaseExecutor.java:448)
	at com.kms.katalon.core.main.TestCaseExecutor.doExecute(TestCaseExecutor.java:439)
	at com.kms.katalon.core.main.TestCaseExecutor.processExecutionPhase(TestCaseExecutor.java:418)
	at com.kms.katalon.core.main.TestCaseExecutor.accessMainPhase(TestCaseExecutor.java:410)
	at com.kms.katalon.core.main.TestCaseExecutor.execute(TestCaseExecutor.java:285)
	at com.kms.katalon.core.common.CommonExecutor.accessTestCaseMainPhase(CommonExecutor.java:65)
	at com.kms.katalon.core.main.TestSuiteExecutor.accessTestSuiteMainPhase(TestSuiteExecutor.java:150)
	at com.kms.katalon.core.main.TestSuiteExecutor.execute(TestSuiteExecutor.java:106)
	at com.kms.katalon.core.main.TestCaseMain.startTestSuite(TestCaseMain.java:180)
	at TempTestSuite1742797761676.run(TempTestSuite1742797761676.groovy:35)
	at java.base/jdk.internal.reflect.NativeMethodAccessorImpl.invoke0(Native Method)
	at java.base/jdk.internal.reflect.NativeMethodAccessorImpl.invoke(NativeMethodAccessorImpl.java:77)
	at java.base/jdk.internal.reflect.DelegatingMethodAccessorImpl.invoke(DelegatingMethodAccessorImpl.java:43)
Caused by: com.kms.katalon.core.webui.exception.WebElementNotFoundException: Web element with id: 'Object Repository/Выполнение бизнес-плана/Снять выделение в фильтре Дата' located by '//div[@id='a00621ff83234bcfb1fc761f616f1c3e']/div/div[2]/div[2]/div[2]' not found
	at com.kms.katalon.core.webui.common.WebUiCommonHelper.findWebElement(WebUiCommonHelper.java:1426)
	at com.kms.katalon.core.webui.keyword.internal.WebUIAbstractKeyword.findWebElement(WebUIAbstractKeyword.groovy:27)
	at com.kms.katalon.core.webui.keyword.builtin.ClickKeyword$_click_closure1.doCall(ClickKeyword.groovy:65)
	at com.kms.katalon.core.webui.keyword.builtin.ClickKeyword$_click_closure1.call(ClickKeyword.groovy)
	at com.kms.katalon.core.webui.keyword.internal.WebUIKeywordMain.runKeyword(WebUIKeywordMain.groovy:20)
	at com.kms.katalon.core.webui.keyword.builtin.ClickKeyword.click(ClickKeyword.groovy:74)
	at com.kms.katalon.core.webui.keyword.builtin.ClickKeyword.execute(ClickKeyword.groovy:40)
	at com.kms.katalon.core.keyword.internal.KeywordExecutor.executeKeywordForPlatform(KeywordExecutor.groovy:74)
	at com.kms.katalon.core.webui.keyword.WebUiBuiltInKeywords.click(WebUiBuiltInKeywords.groovy:659)
	at Script1718980020443.run(Script1718980020443.groovy:115)
	... 15 more
)
[[ATTACHMENT|C:\\Users\\LIAZGINA-DI\\git\\SPORU\\Reports\\20250324_092921\\\u041F\u043D-\u0421\u0440-\u041F\u0442\\\u0421\u0432\u0435\u0440\u043A\u0430 \u0434\u0430\u0448\u0431\u043E\u0440\u0434\u043E\u0432 \u0438\u0437 \u0440\u0430\u0437\u043D\u044B\u0445 \u0431\u043B\u043E\u043A\u043E\u0432\\20250324_092921\\1742806050190.png]]

24-03-2025T11:47:30 - [TEST_STEP][FAILED] - click(findTestObject("Object Repository/Выполнение бизнес-плана/Применить в фильтре Дата")): Unable to click on object 'Object Repository/Выполнение бизнес-плана/Применить в фильтре Дата' (Root cause: com.kms.katalon.core.exception.StepFailedException: Unable to click on object 'Object Repository/Выполнение бизнес-плана/Применить в фильтре Дата'
	at com.kms.katalon.core.webui.keyword.internal.WebUIKeywordMain.stepFailed(WebUIKeywordMain.groovy:64)
	at com.kms.katalon.core.webui.keyword.internal.WebUIKeywordMain.runKeyword(WebUIKeywordMain.groovy:26)
	at com.kms.katalon.core.webui.keyword.builtin.ClickKeyword.click(ClickKeyword.groovy:74)
	at com.kms.katalon.core.webui.keyword.builtin.ClickKeyword.execute(ClickKeyword.groovy:40)
	at com.kms.katalon.core.keyword.internal.KeywordExecutor.executeKeywordForPlatform(KeywordExecutor.groovy:74)
	at com.kms.katalon.core.webui.keyword.WebUiBuiltInKeywords.click(WebUiBuiltInKeywords.groovy:659)
	at Выполнение бизнес-плана Сверка ПАО Россети все филиалы.run(Выполнение бизнес-плана Сверка ПАО Россети все филиалы:118)
	at com.kms.katalon.core.main.ScriptEngine.run(ScriptEngine.java:194)
	at com.kms.katalon.core.main.ScriptEngine.runScriptAsRawText(ScriptEngine.java:119)
	at com.kms.katalon.core.main.TestCaseExecutor.runScript(TestCaseExecutor.java:448)
	at com.kms.katalon.core.main.TestCaseExecutor.doExecute(TestCaseExecutor.java:439)
	at com.kms.katalon.core.main.TestCaseExecutor.processExecutionPhase(TestCaseExecutor.java:418)
	at com.kms.katalon.core.main.TestCaseExecutor.accessMainPhase(TestCaseExecutor.java:410)
	at com.kms.katalon.core.main.TestCaseExecutor.execute(TestCaseExecutor.java:285)
	at com.kms.katalon.core.common.CommonExecutor.accessTestCaseMainPhase(CommonExecutor.java:65)
	at com.kms.katalon.core.main.TestSuiteExecutor.accessTestSuiteMainPhase(TestSuiteExecutor.java:150)
	at com.kms.katalon.core.main.TestSuiteExecutor.execute(TestSuiteExecutor.java:106)
	at com.kms.katalon.core.main.TestCaseMain.startTestSuite(TestCaseMain.java:180)
	at TempTestSuite1742797761676.run(TempTestSuite1742797761676.groovy:35)
	at java.base/jdk.internal.reflect.NativeMethodAccessorImpl.invoke0(Native Method)
	at java.base/jdk.internal.reflect.NativeMethodAccessorImpl.invoke(NativeMethodAccessorImpl.java:77)
	at java.base/jdk.internal.reflect.DelegatingMethodAccessorImpl.invoke(DelegatingMethodAccessorImpl.java:43)
Caused by: org.openqa.selenium.ElementNotInteractableException: element not interactable
  (Session info: chrome=134.0.6998.118)
Build info: version: '3.141.59', revision: 'unknown', time: 'unknown'
System info: host: 'UVV-WS904-D', ip: '192.168.0.19', os.name: 'Windows 10', os.arch: 'amd64', os.version: '10.0', java.version: '17.0.7'
Driver info: com.kms.katalon.selenium.driver.CChromeDriver
Capabilities {acceptInsecureCerts: false, browserName: chrome, browserVersion: 134.0.6998.118, chrome: {chromedriverVersion: 133.0.6943.98 (da53563ceb66..., userDataDir: C:\Users\LIAZGI~1\AppData\L...}, fedcm:accounts: true, goog:chromeOptions: {debuggerAddress: localhost:63160}, javascriptEnabled: true, networkConnectionEnabled: false, pageLoadStrategy: normal, platform: WINDOWS, platformName: WINDOWS, proxy: Proxy(), setWindowRect: true, strictFileInteractability: false, timeouts: {implicit: 0, pageLoad: 300000, script: 30000}, unhandledPromptBehavior: dismiss and notify, webauthn:extension:credBlob: true, webauthn:extension:largeBlob: true, webauthn:extension:minPinLength: true, webauthn:extension:prf: true, webauthn:virtualAuthenticators: true}
Session ID: 060031d04eaf6a209da5bd422e68886a
	at java.base/jdk.internal.reflect.NativeConstructorAccessorImpl.newInstance0(Native Method)
	at java.base/jdk.internal.reflect.NativeConstructorAccessorImpl.newInstance(NativeConstructorAccessorImpl.java:77)
	at java.base/jdk.internal.reflect.DelegatingConstructorAccessorImpl.newInstance(DelegatingConstructorAccessorImpl.java:45)
	at org.openqa.selenium.remote.http.W3CHttpResponseCodec.createException(W3CHttpResponseCodec.java:187)
	at org.openqa.selenium.remote.http.W3CHttpResponseCodec.decode(W3CHttpResponseCodec.java:122)
	at org.openqa.selenium.remote.http.W3CHttpResponseCodec.decode(W3CHttpResponseCodec.java:49)
	at org.openqa.selenium.remote.HttpCommandExecutor.execute(HttpCommandExecutor.java:158)
	at org.openqa.selenium.remote.service.DriverCommandExecutor.execute(DriverCommandExecutor.java:83)
	at org.openqa.selenium.remote.RemoteWebDriver.execute(RemoteWebDriver.java:552)
	at com.kms.katalon.selenium.driver.CChromeDriver.execute(CChromeDriver.java:19)
	at org.openqa.selenium.remote.RemoteWebElement.execute(RemoteWebElement.java:285)
	at org.openqa.selenium.remote.RemoteWebElement.click(RemoteWebElement.java:84)
	at jdk.internal.reflect.GeneratedMethodAccessor15.invoke(Unknown Source)
	at java.base/jdk.internal.reflect.DelegatingMethodAccessorImpl.invoke(DelegatingMethodAccessorImpl.java:43)
	at org.openqa.selenium.support.events.EventFiringWebDriver$EventFiringWebElement.lambda$new$0(EventFiringWebDriver.java:404)
	at jdk.proxy2/jdk.proxy2.$Proxy24.click(Unknown Source)
	at org.openqa.selenium.support.events.EventFiringWebDriver$EventFiringWebElement.click(EventFiringWebDriver.java:417)
	at org.openqa.selenium.WebElement$click.call(Unknown Source)
	at com.kms.katalon.core.webui.keyword.builtin.ClickKeyword.clickUntilSuccessWithTimeout(ClickKeyword.groovy:81)
	at com.kms.katalon.core.webui.keyword.builtin.ClickKeyword.clickUntilSuccessWithTimeout(ClickKeyword.groovy)
	at jdk.internal.reflect.GeneratedMethodAccessor13.invoke(Unknown Source)
	at java.base/jdk.internal.reflect.DelegatingMethodAccessorImpl.invoke(DelegatingMethodAccessorImpl.java:43)
	at com.kms.katalon.core.webui.keyword.builtin.ClickKeyword$_click_closure1.doCall(ClickKeyword.groovy:67)
	at com.kms.katalon.core.webui.keyword.builtin.ClickKeyword$_click_closure1.call(ClickKeyword.groovy)
	at com.kms.katalon.core.webui.keyword.internal.WebUIKeywordMain.runKeyword(WebUIKeywordMain.groovy:20)
	at com.kms.katalon.core.webui.keyword.builtin.ClickKeyword.click(ClickKeyword.groovy:74)
	at com.kms.katalon.core.webui.keyword.builtin.ClickKeyword.execute(ClickKeyword.groovy:40)
	at com.kms.katalon.core.keyword.internal.KeywordExecutor.executeKeywordForPlatform(KeywordExecutor.groovy:74)
	at com.kms.katalon.core.webui.keyword.WebUiBuiltInKeywords.click(WebUiBuiltInKeywords.groovy:659)
	at Script1718980020443.run(Script1718980020443.groovy:118)
	... 15 more
)

24-03-2025T11:48:30 - [MESSAGE][FAILED] - Unable to click on object 'Object Repository/Выполнение бизнес-плана/Применить в фильтре Дата' (Root cause: com.kms.katalon.core.exception.StepFailedException: Unable to click on object 'Object Repository/Выполнение бизнес-плана/Применить в фильтре Дата'
	at com.kms.katalon.core.webui.keyword.internal.WebUIKeywordMain.stepFailed(WebUIKeywordMain.groovy:64)
	at com.kms.katalon.core.webui.keyword.internal.WebUIKeywordMain.runKeyword(WebUIKeywordMain.groovy:26)
	at com.kms.katalon.core.webui.keyword.builtin.ClickKeyword.click(ClickKeyword.groovy:74)
	at com.kms.katalon.core.webui.keyword.builtin.ClickKeyword.execute(ClickKeyword.groovy:40)
	at com.kms.katalon.core.keyword.internal.KeywordExecutor.executeKeywordForPlatform(KeywordExecutor.groovy:74)
	at com.kms.katalon.core.webui.keyword.WebUiBuiltInKeywords.click(WebUiBuiltInKeywords.groovy:659)
	at Выполнение бизнес-плана Сверка ПАО Россети все филиалы.run(Выполнение бизнес-плана Сверка ПАО Россети все филиалы:118)
	at com.kms.katalon.core.main.ScriptEngine.run(ScriptEngine.java:194)
	at com.kms.katalon.core.main.ScriptEngine.runScriptAsRawText(ScriptEngine.java:119)
	at com.kms.katalon.core.main.TestCaseExecutor.runScript(TestCaseExecutor.java:448)
	at com.kms.katalon.core.main.TestCaseExecutor.doExecute(TestCaseExecutor.java:439)
	at com.kms.katalon.core.main.TestCaseExecutor.processExecutionPhase(TestCaseExecutor.java:418)
	at com.kms.katalon.core.main.TestCaseExecutor.accessMainPhase(TestCaseExecutor.java:410)
	at com.kms.katalon.core.main.TestCaseExecutor.execute(TestCaseExecutor.java:285)
	at com.kms.katalon.core.common.CommonExecutor.accessTestCaseMainPhase(CommonExecutor.java:65)
	at com.kms.katalon.core.main.TestSuiteExecutor.accessTestSuiteMainPhase(TestSuiteExecutor.java:150)
	at com.kms.katalon.core.main.TestSuiteExecutor.execute(TestSuiteExecutor.java:106)
	at com.kms.katalon.core.main.TestCaseMain.startTestSuite(TestCaseMain.java:180)
	at TempTestSuite1742797761676.run(TempTestSuite1742797761676.groovy:35)
	at java.base/jdk.internal.reflect.NativeMethodAccessorImpl.invoke0(Native Method)
	at java.base/jdk.internal.reflect.NativeMethodAccessorImpl.invoke(NativeMethodAccessorImpl.java:77)
	at java.base/jdk.internal.reflect.DelegatingMethodAccessorImpl.invoke(DelegatingMethodAccessorImpl.java:43)
Caused by: org.openqa.selenium.ElementNotInteractableException: element not interactable
  (Session info: chrome=134.0.6998.118)
Build info: version: '3.141.59', revision: 'unknown', time: 'unknown'
System info: host: 'UVV-WS904-D', ip: '192.168.0.19', os.name: 'Windows 10', os.arch: 'amd64', os.version: '10.0', java.version: '17.0.7'
Driver info: com.kms.katalon.selenium.driver.CChromeDriver
Capabilities {acceptInsecureCerts: false, browserName: chrome, browserVersion: 134.0.6998.118, chrome: {chromedriverVersion: 133.0.6943.98 (da53563ceb66..., userDataDir: C:\Users\LIAZGI~1\AppData\L...}, fedcm:accounts: true, goog:chromeOptions: {debuggerAddress: localhost:63160}, javascriptEnabled: true, networkConnectionEnabled: false, pageLoadStrategy: normal, platform: WINDOWS, platformName: WINDOWS, proxy: Proxy(), setWindowRect: true, strictFileInteractability: false, timeouts: {implicit: 0, pageLoad: 300000, script: 30000}, unhandledPromptBehavior: dismiss and notify, webauthn:extension:credBlob: true, webauthn:extension:largeBlob: true, webauthn:extension:minPinLength: true, webauthn:extension:prf: true, webauthn:virtualAuthenticators: true}
Session ID: 060031d04eaf6a209da5bd422e68886a
	at java.base/jdk.internal.reflect.NativeConstructorAccessorImpl.newInstance0(Native Method)
	at java.base/jdk.internal.reflect.NativeConstructorAccessorImpl.newInstance(NativeConstructorAccessorImpl.java:77)
	at java.base/jdk.internal.reflect.DelegatingConstructorAccessorImpl.newInstance(DelegatingConstructorAccessorImpl.java:45)
	at org.openqa.selenium.remote.http.W3CHttpResponseCodec.createException(W3CHttpResponseCodec.java:187)
	at org.openqa.selenium.remote.http.W3CHttpResponseCodec.decode(W3CHttpResponseCodec.java:122)
	at org.openqa.selenium.remote.http.W3CHttpResponseCodec.decode(W3CHttpResponseCodec.java:49)
	at org.openqa.selenium.remote.HttpCommandExecutor.execute(HttpCommandExecutor.java:158)
	at org.openqa.selenium.remote.service.DriverCommandExecutor.execute(DriverCommandExecutor.java:83)
	at org.openqa.selenium.remote.RemoteWebDriver.execute(RemoteWebDriver.java:552)
	at com.kms.katalon.selenium.driver.CChromeDriver.execute(CChromeDriver.java:19)
	at org.openqa.selenium.remote.RemoteWebElement.execute(RemoteWebElement.java:285)
	at org.openqa.selenium.remote.RemoteWebElement.click(RemoteWebElement.java:84)
	at jdk.internal.reflect.GeneratedMethodAccessor15.invoke(Unknown Source)
	at java.base/jdk.internal.reflect.DelegatingMethodAccessorImpl.invoke(DelegatingMethodAccessorImpl.java:43)
	at org.openqa.selenium.support.events.EventFiringWebDriver$EventFiringWebElement.lambda$new$0(EventFiringWebDriver.java:404)
	at jdk.proxy2/jdk.proxy2.$Proxy24.click(Unknown Source)
	at org.openqa.selenium.support.events.EventFiringWebDriver$EventFiringWebElement.click(EventFiringWebDriver.java:417)
	at org.openqa.selenium.WebElement$click.call(Unknown Source)
	at com.kms.katalon.core.webui.keyword.builtin.ClickKeyword.clickUntilSuccessWithTimeout(ClickKeyword.groovy:81)
	at com.kms.katalon.core.webui.keyword.builtin.ClickKeyword.clickUntilSuccessWithTimeout(ClickKeyword.groovy)
	at jdk.internal.reflect.GeneratedMethodAccessor13.invoke(Unknown Source)
	at java.base/jdk.internal.reflect.DelegatingMethodAccessorImpl.invoke(DelegatingMethodAccessorImpl.java:43)
	at com.kms.katalon.core.webui.keyword.builtin.ClickKeyword$_click_closure1.doCall(ClickKeyword.groovy:67)
	at com.kms.katalon.core.webui.keyword.builtin.ClickKeyword$_click_closure1.call(ClickKeyword.groovy)
	at com.kms.katalon.core.webui.keyword.internal.WebUIKeywordMain.runKeyword(WebUIKeywordMain.groovy:20)
	at com.kms.katalon.core.webui.keyword.builtin.ClickKeyword.click(ClickKeyword.groovy:74)
	at com.kms.katalon.core.webui.keyword.builtin.ClickKeyword.execute(ClickKeyword.groovy:40)
	at com.kms.katalon.core.keyword.internal.KeywordExecutor.executeKeywordForPlatform(KeywordExecutor.groovy:74)
	at com.kms.katalon.core.webui.keyword.WebUiBuiltInKeywords.click(WebUiBuiltInKeywords.groovy:659)
	at Script1718980020443.run(Script1718980020443.groovy:118)
	... 15 more
)
[[ATTACHMENT|C:\\Users\\LIAZGINA-DI\\git\\SPORU\\Reports\\20250324_092921\\\u041F\u043D-\u0421\u0440-\u041F\u0442\\\u0421\u0432\u0435\u0440\u043A\u0430 \u0434\u0430\u0448\u0431\u043E\u0440\u0434\u043E\u0432 \u0438\u0437 \u0440\u0430\u0437\u043D\u044B\u0445 \u0431\u043B\u043E\u043A\u043E\u0432\\20250324_092921\\1742806110389.png]]

24-03-2025T11:48:30 - [TEST_STEP][PASSED] - delay(50): Delayed 50 second(s)

24-03-2025T11:49:20 - [MESSAGE][PASSED] - Delayed 50 second(s)

24-03-2025T11:49:20 - [TEST_STEP][PASSED] - Script1718980020443.ZakrytOpoveshenie(): null

24-03-2025T11:49:20 - [TEST_STEP][PASSED] - delay(10): Delayed 10 second(s)

24-03-2025T11:49:30 - [MESSAGE][PASSED] - Delayed 10 second(s)

24-03-2025T11:49:30 - [TEST_STEP][PASSED] - opoveshenie = getText(findTestObject("Выполнение бизнес-плана/Просьба обратить внимание")): Text of object 'Object Repository/Выполнение бизнес-плана/Просьба обратить внимание' is: 'Просьба обратить внимание'

24-03-2025T11:49:30 - [MESSAGE][PASSED] - Text of object 'Object Repository/Выполнение бизнес-плана/Просьба обратить внимание' is: 'Просьба обратить внимание'

24-03-2025T11:49:30 - [TEST_STEP][PASSED] - println(opoveshenie): null

24-03-2025T11:49:30 - [TEST_STEP][PASSED] - if (opoveshenie == "Просьба обратить внимание"): Object: 'Object Repository/Выполнение бизнес-плана/Закрыть оповещение' is clicked on

24-03-2025T11:49:30 - [TEST_STEP][PASSED] - click(findTestObject("Выполнение бизнес-плана/Закрыть оповещение")): Object: 'Object Repository/Выполнение бизнес-плана/Закрыть оповещение' is clicked on

24-03-2025T11:49:31 - [MESSAGE][PASSED] - Object: 'Object Repository/Выполнение бизнес-плана/Закрыть оповещение' is clicked on

24-03-2025T11:49:31 - [TEST_STEP][PASSED] - click(findTestObject("Object Repository/Выполнение бизнес-плана/Фильтр Дата")): Object: 'Object Repository/Выполнение бизнес-плана/Фильтр Дата' is clicked on

24-03-2025T11:49:31 - [MESSAGE][PASSED] - Object: 'Object Repository/Выполнение бизнес-плана/Фильтр Дата' is clicked on

24-03-2025T11:49:31 - [TEST_STEP][PASSED] - scrollToElement(findTestObject("Выполнение бизнес-плана/2025 список"), 30): Scroll to object 'Object Repository/Выполнение бизнес-плана/2025 список' successfully

24-03-2025T11:49:32 - [MESSAGE][PASSED] - Scroll to object 'Object Repository/Выполнение бизнес-плана/2025 список' successfully

24-03-2025T11:49:32 - [TEST_STEP][PASSED] - click(findTestObject("Выполнение бизнес-плана/2025 список"), CONTINUE_ON_FAILURE): Object: 'Object Repository/Выполнение бизнес-плана/2025 список' is clicked on

24-03-2025T11:49:32 - [MESSAGE][PASSED] - Object: 'Object Repository/Выполнение бизнес-плана/2025 список' is clicked on

24-03-2025T11:49:32 - [TEST_STEP][PASSED] - scrollToElement(findTestObject("Выполнение бизнес-плана/1 квартал 2025 список"), 30): Scroll to object 'Object Repository/Выполнение бизнес-плана/1 квартал 2025 список' successfully

24-03-2025T11:49:32 - [MESSAGE][PASSED] - Scroll to object 'Object Repository/Выполнение бизнес-плана/1 квартал 2025 список' successfully

24-03-2025T11:49:32 - [TEST_STEP][FAILED] - click(findTestObject("Выполнение бизнес-плана/1 квартал 2025 список"), CONTINUE_ON_FAILURE): Unable to click on object 'Object Repository/Выполнение бизнес-плана/1 квартал 2025 список' (Root cause: com.kms.katalon.core.exception.StepFailedException: Unable to click on object 'Object Repository/Выполнение бизнес-плана/1 квартал 2025 список'
	at com.kms.katalon.core.webui.keyword.internal.WebUIKeywordMain.stepFailed(WebUIKeywordMain.groovy:64)
	at com.kms.katalon.core.webui.keyword.internal.WebUIKeywordMain.runKeyword(WebUIKeywordMain.groovy:26)
	at com.kms.katalon.core.webui.keyword.builtin.ClickKeyword.click(ClickKeyword.groovy:74)
	at com.kms.katalon.core.webui.keyword.builtin.ClickKeyword.execute(ClickKeyword.groovy:40)
	at com.kms.katalon.core.keyword.internal.KeywordExecutor.executeKeywordForPlatform(KeywordExecutor.groovy:74)
	at com.kms.katalon.core.webui.keyword.WebUiBuiltInKeywords.click(WebUiBuiltInKeywords.groovy:647)
	at Выполнение бизнес-плана Сверка ПАО Россети все филиалы.run(Выполнение бизнес-плана Сверка ПАО Россети все филиалы:133)
	at com.kms.katalon.core.main.ScriptEngine.run(ScriptEngine.java:194)
	at com.kms.katalon.core.main.ScriptEngine.runScriptAsRawText(ScriptEngine.java:119)
	at com.kms.katalon.core.main.TestCaseExecutor.runScript(TestCaseExecutor.java:448)
	at com.kms.katalon.core.main.TestCaseExecutor.doExecute(TestCaseExecutor.java:439)
	at com.kms.katalon.core.main.TestCaseExecutor.processExecutionPhase(TestCaseExecutor.java:418)
	at com.kms.katalon.core.main.TestCaseExecutor.accessMainPhase(TestCaseExecutor.java:410)
	at com.kms.katalon.core.main.TestCaseExecutor.execute(TestCaseExecutor.java:285)
	at com.kms.katalon.core.common.CommonExecutor.accessTestCaseMainPhase(CommonExecutor.java:65)
	at com.kms.katalon.core.main.TestSuiteExecutor.accessTestSuiteMainPhase(TestSuiteExecutor.java:150)
	at com.kms.katalon.core.main.TestSuiteExecutor.execute(TestSuiteExecutor.java:106)
	at com.kms.katalon.core.main.TestCaseMain.startTestSuite(TestCaseMain.java:180)
	at TempTestSuite1742797761676.run(TempTestSuite1742797761676.groovy:35)
	at java.base/jdk.internal.reflect.NativeMethodAccessorImpl.invoke0(Native Method)
	at java.base/jdk.internal.reflect.NativeMethodAccessorImpl.invoke(NativeMethodAccessorImpl.java:77)
	at java.base/jdk.internal.reflect.DelegatingMethodAccessorImpl.invoke(DelegatingMethodAccessorImpl.java:43)
Caused by: org.openqa.selenium.ElementNotInteractableException: element not interactable
  (Session info: chrome=134.0.6998.118)
Build info: version: '3.141.59', revision: 'unknown', time: 'unknown'
System info: host: 'UVV-WS904-D', ip: '192.168.0.19', os.name: 'Windows 10', os.arch: 'amd64', os.version: '10.0', java.version: '17.0.7'
Driver info: com.kms.katalon.selenium.driver.CChromeDriver
Capabilities {acceptInsecureCerts: false, browserName: chrome, browserVersion: 134.0.6998.118, chrome: {chromedriverVersion: 133.0.6943.98 (da53563ceb66..., userDataDir: C:\Users\LIAZGI~1\AppData\L...}, fedcm:accounts: true, goog:chromeOptions: {debuggerAddress: localhost:63160}, javascriptEnabled: true, networkConnectionEnabled: false, pageLoadStrategy: normal, platform: WINDOWS, platformName: WINDOWS, proxy: Proxy(), setWindowRect: true, strictFileInteractability: false, timeouts: {implicit: 0, pageLoad: 300000, script: 30000}, unhandledPromptBehavior: dismiss and notify, webauthn:extension:credBlob: true, webauthn:extension:largeBlob: true, webauthn:extension:minPinLength: true, webauthn:extension:prf: true, webauthn:virtualAuthenticators: true}
Session ID: 060031d04eaf6a209da5bd422e68886a
	at java.base/jdk.internal.reflect.NativeConstructorAccessorImpl.newInstance0(Native Method)
	at java.base/jdk.internal.reflect.NativeConstructorAccessorImpl.newInstance(NativeConstructorAccessorImpl.java:77)
	at java.base/jdk.internal.reflect.DelegatingConstructorAccessorImpl.newInstance(DelegatingConstructorAccessorImpl.java:45)
	at org.openqa.selenium.remote.http.W3CHttpResponseCodec.createException(W3CHttpResponseCodec.java:187)
	at org.openqa.selenium.remote.http.W3CHttpResponseCodec.decode(W3CHttpResponseCodec.java:122)
	at org.openqa.selenium.remote.http.W3CHttpResponseCodec.decode(W3CHttpResponseCodec.java:49)
	at org.openqa.selenium.remote.HttpCommandExecutor.execute(HttpCommandExecutor.java:158)
	at org.openqa.selenium.remote.service.DriverCommandExecutor.execute(DriverCommandExecutor.java:83)
	at org.openqa.selenium.remote.RemoteWebDriver.execute(RemoteWebDriver.java:552)
	at com.kms.katalon.selenium.driver.CChromeDriver.execute(CChromeDriver.java:19)
	at org.openqa.selenium.remote.RemoteWebElement.execute(RemoteWebElement.java:285)
	at org.openqa.selenium.remote.RemoteWebElement.click(RemoteWebElement.java:84)
	at jdk.internal.reflect.GeneratedMethodAccessor15.invoke(Unknown Source)
	at java.base/jdk.internal.reflect.DelegatingMethodAccessorImpl.invoke(DelegatingMethodAccessorImpl.java:43)
	at org.openqa.selenium.support.events.EventFiringWebDriver$EventFiringWebElement.lambda$new$0(EventFiringWebDriver.java:404)
	at jdk.proxy2/jdk.proxy2.$Proxy24.click(Unknown Source)
	at org.openqa.selenium.support.events.EventFiringWebDriver$EventFiringWebElement.click(EventFiringWebDriver.java:417)
	at org.openqa.selenium.WebElement$click.call(Unknown Source)
	at com.kms.katalon.core.webui.keyword.builtin.ClickKeyword.clickUntilSuccessWithTimeout(ClickKeyword.groovy:81)
	at com.kms.katalon.core.webui.keyword.builtin.ClickKeyword.clickUntilSuccessWithTimeout(ClickKeyword.groovy)
	at jdk.internal.reflect.GeneratedMethodAccessor13.invoke(Unknown Source)
	at java.base/jdk.internal.reflect.DelegatingMethodAccessorImpl.invoke(DelegatingMethodAccessorImpl.java:43)
	at com.kms.katalon.core.webui.keyword.builtin.ClickKeyword$_click_closure1.doCall(ClickKeyword.groovy:67)
	at com.kms.katalon.core.webui.keyword.builtin.ClickKeyword$_click_closure1.call(ClickKeyword.groovy)
	at com.kms.katalon.core.webui.keyword.internal.WebUIKeywordMain.runKeyword(WebUIKeywordMain.groovy:20)
	at com.kms.katalon.core.webui.keyword.builtin.ClickKeyword.click(ClickKeyword.groovy:74)
	at com.kms.katalon.core.webui.keyword.builtin.ClickKeyword.execute(ClickKeyword.groovy:40)
	at com.kms.katalon.core.keyword.internal.KeywordExecutor.executeKeywordForPlatform(KeywordExecutor.groovy:74)
	at com.kms.katalon.core.webui.keyword.WebUiBuiltInKeywords.click(WebUiBuiltInKeywords.groovy:647)
	at Script1718980020443.run(Script1718980020443.groovy:133)
	... 15 more
)

24-03-2025T11:49:33 - [MESSAGE][FAILED] - Unable to click on object 'Object Repository/Выполнение бизнес-плана/1 квартал 2025 список' (Root cause: com.kms.katalon.core.exception.StepFailedException: Unable to click on object 'Object Repository/Выполнение бизнес-плана/1 квартал 2025 список'
	at com.kms.katalon.core.webui.keyword.internal.WebUIKeywordMain.stepFailed(WebUIKeywordMain.groovy:64)
	at com.kms.katalon.core.webui.keyword.internal.WebUIKeywordMain.runKeyword(WebUIKeywordMain.groovy:26)
	at com.kms.katalon.core.webui.keyword.builtin.ClickKeyword.click(ClickKeyword.groovy:74)
	at com.kms.katalon.core.webui.keyword.builtin.ClickKeyword.execute(ClickKeyword.groovy:40)
	at com.kms.katalon.core.keyword.internal.KeywordExecutor.executeKeywordForPlatform(KeywordExecutor.groovy:74)
	at com.kms.katalon.core.webui.keyword.WebUiBuiltInKeywords.click(WebUiBuiltInKeywords.groovy:647)
	at Выполнение бизнес-плана Сверка ПАО Россети все филиалы.run(Выполнение бизнес-плана Сверка ПАО Россети все филиалы:133)
	at com.kms.katalon.core.main.ScriptEngine.run(ScriptEngine.java:194)
	at com.kms.katalon.core.main.ScriptEngine.runScriptAsRawText(ScriptEngine.java:119)
	at com.kms.katalon.core.main.TestCaseExecutor.runScript(TestCaseExecutor.java:448)
	at com.kms.katalon.core.main.TestCaseExecutor.doExecute(TestCaseExecutor.java:439)
	at com.kms.katalon.core.main.TestCaseExecutor.processExecutionPhase(TestCaseExecutor.java:418)
	at com.kms.katalon.core.main.TestCaseExecutor.accessMainPhase(TestCaseExecutor.java:410)
	at com.kms.katalon.core.main.TestCaseExecutor.execute(TestCaseExecutor.java:285)
	at com.kms.katalon.core.common.CommonExecutor.accessTestCaseMainPhase(CommonExecutor.java:65)
	at com.kms.katalon.core.main.TestSuiteExecutor.accessTestSuiteMainPhase(TestSuiteExecutor.java:150)
	at com.kms.katalon.core.main.TestSuiteExecutor.execute(TestSuiteExecutor.java:106)
	at com.kms.katalon.core.main.TestCaseMain.startTestSuite(TestCaseMain.java:180)
	at TempTestSuite1742797761676.run(TempTestSuite1742797761676.groovy:35)
	at java.base/jdk.internal.reflect.NativeMethodAccessorImpl.invoke0(Native Method)
	at java.base/jdk.internal.reflect.NativeMethodAccessorImpl.invoke(NativeMethodAccessorImpl.java:77)
	at java.base/jdk.internal.reflect.DelegatingMethodAccessorImpl.invoke(DelegatingMethodAccessorImpl.java:43)
Caused by: org.openqa.selenium.ElementNotInteractableException: element not interactable
  (Session info: chrome=134.0.6998.118)
Build info: version: '3.141.59', revision: 'unknown', time: 'unknown'
System info: host: 'UVV-WS904-D', ip: '192.168.0.19', os.name: 'Windows 10', os.arch: 'amd64', os.version: '10.0', java.version: '17.0.7'
Driver info: com.kms.katalon.selenium.driver.CChromeDriver
Capabilities {acceptInsecureCerts: false, browserName: chrome, browserVersion: 134.0.6998.118, chrome: {chromedriverVersion: 133.0.6943.98 (da53563ceb66..., userDataDir: C:\Users\LIAZGI~1\AppData\L...}, fedcm:accounts: true, goog:chromeOptions: {debuggerAddress: localhost:63160}, javascriptEnabled: true, networkConnectionEnabled: false, pageLoadStrategy: normal, platform: WINDOWS, platformName: WINDOWS, proxy: Proxy(), setWindowRect: true, strictFileInteractability: false, timeouts: {implicit: 0, pageLoad: 300000, script: 30000}, unhandledPromptBehavior: dismiss and notify, webauthn:extension:credBlob: true, webauthn:extension:largeBlob: true, webauthn:extension:minPinLength: true, webauthn:extension:prf: true, webauthn:virtualAuthenticators: true}
Session ID: 060031d04eaf6a209da5bd422e68886a
	at java.base/jdk.internal.reflect.NativeConstructorAccessorImpl.newInstance0(Native Method)
	at java.base/jdk.internal.reflect.NativeConstructorAccessorImpl.newInstance(NativeConstructorAccessorImpl.java:77)
	at java.base/jdk.internal.reflect.DelegatingConstructorAccessorImpl.newInstance(DelegatingConstructorAccessorImpl.java:45)
	at org.openqa.selenium.remote.http.W3CHttpResponseCodec.createException(W3CHttpResponseCodec.java:187)
	at org.openqa.selenium.remote.http.W3CHttpResponseCodec.decode(W3CHttpResponseCodec.java:122)
	at org.openqa.selenium.remote.http.W3CHttpResponseCodec.decode(W3CHttpResponseCodec.java:49)
	at org.openqa.selenium.remote.HttpCommandExecutor.execute(HttpCommandExecutor.java:158)
	at org.openqa.selenium.remote.service.DriverCommandExecutor.execute(DriverCommandExecutor.java:83)
	at org.openqa.selenium.remote.RemoteWebDriver.execute(RemoteWebDriver.java:552)
	at com.kms.katalon.selenium.driver.CChromeDriver.execute(CChromeDriver.java:19)
	at org.openqa.selenium.remote.RemoteWebElement.execute(RemoteWebElement.java:285)
	at org.openqa.selenium.remote.RemoteWebElement.click(RemoteWebElement.java:84)
	at jdk.internal.reflect.GeneratedMethodAccessor15.invoke(Unknown Source)
	at java.base/jdk.internal.reflect.DelegatingMethodAccessorImpl.invoke(DelegatingMethodAccessorImpl.java:43)
	at org.openqa.selenium.support.events.EventFiringWebDriver$EventFiringWebElement.lambda$new$0(EventFiringWebDriver.java:404)
	at jdk.proxy2/jdk.proxy2.$Proxy24.click(Unknown Source)
	at org.openqa.selenium.support.events.EventFiringWebDriver$EventFiringWebElement.click(EventFiringWebDriver.java:417)
	at org.openqa.selenium.WebElement$click.call(Unknown Source)
	at com.kms.katalon.core.webui.keyword.builtin.ClickKeyword.clickUntilSuccessWithTimeout(ClickKeyword.groovy:81)
	at com.kms.katalon.core.webui.keyword.builtin.ClickKeyword.clickUntilSuccessWithTimeout(ClickKeyword.groovy)
	at jdk.internal.reflect.GeneratedMethodAccessor13.invoke(Unknown Source)
	at java.base/jdk.internal.reflect.DelegatingMethodAccessorImpl.invoke(DelegatingMethodAccessorImpl.java:43)
	at com.kms.katalon.core.webui.keyword.builtin.ClickKeyword$_click_closure1.doCall(ClickKeyword.groovy:67)
	at com.kms.katalon.core.webui.keyword.builtin.ClickKeyword$_click_closure1.call(ClickKeyword.groovy)
	at com.kms.katalon.core.webui.keyword.internal.WebUIKeywordMain.runKeyword(WebUIKeywordMain.groovy:20)
	at com.kms.katalon.core.webui.keyword.builtin.ClickKeyword.click(ClickKeyword.groovy:74)
	at com.kms.katalon.core.webui.keyword.builtin.ClickKeyword.execute(ClickKeyword.groovy:40)
	at com.kms.katalon.core.keyword.internal.KeywordExecutor.executeKeywordForPlatform(KeywordExecutor.groovy:74)
	at com.kms.katalon.core.webui.keyword.WebUiBuiltInKeywords.click(WebUiBuiltInKeywords.groovy:647)
	at Script1718980020443.run(Script1718980020443.groovy:133)
	... 15 more
)
[[ATTACHMENT|C:\\Users\\LIAZGINA-DI\\git\\SPORU\\Reports\\20250324_092921\\\u041F\u043D-\u0421\u0440-\u041F\u0442\\\u0421\u0432\u0435\u0440\u043A\u0430 \u0434\u0430\u0448\u0431\u043E\u0440\u0434\u043E\u0432 \u0438\u0437 \u0440\u0430\u0437\u043D\u044B\u0445 \u0431\u043B\u043E\u043A\u043E\u0432\\20250324_092921\\1742806173015.png]]

24-03-2025T11:49:33 - [TEST_STEP][PASSED] - scrollToElement(findTestObject("Выполнение бизнес-плана/Январь 2025"), 30): Scroll to object 'Object Repository/Выполнение бизнес-плана/Январь 2025' successfully

24-03-2025T11:49:33 - [MESSAGE][PASSED] - Scroll to object 'Object Repository/Выполнение бизнес-плана/Январь 2025' successfully

24-03-2025T11:49:33 - [TEST_STEP][FAILED] - click(findTestObject("Выполнение бизнес-плана/Январь 2025"), CONTINUE_ON_FAILURE): Unable to click on object 'Object Repository/Выполнение бизнес-плана/Январь 2025' (Root cause: com.kms.katalon.core.exception.StepFailedException: Unable to click on object 'Object Repository/Выполнение бизнес-плана/Январь 2025'
	at com.kms.katalon.core.webui.keyword.internal.WebUIKeywordMain.stepFailed(WebUIKeywordMain.groovy:64)
	at com.kms.katalon.core.webui.keyword.internal.WebUIKeywordMain.runKeyword(WebUIKeywordMain.groovy:26)
	at com.kms.katalon.core.webui.keyword.builtin.ClickKeyword.click(ClickKeyword.groovy:74)
	at com.kms.katalon.core.webui.keyword.builtin.ClickKeyword.execute(ClickKeyword.groovy:40)
	at com.kms.katalon.core.keyword.internal.KeywordExecutor.executeKeywordForPlatform(KeywordExecutor.groovy:74)
	at com.kms.katalon.core.webui.keyword.WebUiBuiltInKeywords.click(WebUiBuiltInKeywords.groovy:647)
	at Выполнение бизнес-плана Сверка ПАО Россети все филиалы.run(Выполнение бизнес-плана Сверка ПАО Россети все филиалы:137)
	at com.kms.katalon.core.main.ScriptEngine.run(ScriptEngine.java:194)
	at com.kms.katalon.core.main.ScriptEngine.runScriptAsRawText(ScriptEngine.java:119)
	at com.kms.katalon.core.main.TestCaseExecutor.runScript(TestCaseExecutor.java:448)
	at com.kms.katalon.core.main.TestCaseExecutor.doExecute(TestCaseExecutor.java:439)
	at com.kms.katalon.core.main.TestCaseExecutor.processExecutionPhase(TestCaseExecutor.java:418)
	at com.kms.katalon.core.main.TestCaseExecutor.accessMainPhase(TestCaseExecutor.java:410)
	at com.kms.katalon.core.main.TestCaseExecutor.execute(TestCaseExecutor.java:285)
	at com.kms.katalon.core.common.CommonExecutor.accessTestCaseMainPhase(CommonExecutor.java:65)
	at com.kms.katalon.core.main.TestSuiteExecutor.accessTestSuiteMainPhase(TestSuiteExecutor.java:150)
	at com.kms.katalon.core.main.TestSuiteExecutor.execute(TestSuiteExecutor.java:106)
	at com.kms.katalon.core.main.TestCaseMain.startTestSuite(TestCaseMain.java:180)
	at TempTestSuite1742797761676.run(TempTestSuite1742797761676.groovy:35)
	at java.base/jdk.internal.reflect.NativeMethodAccessorImpl.invoke0(Native Method)
	at java.base/jdk.internal.reflect.NativeMethodAccessorImpl.invoke(NativeMethodAccessorImpl.java:77)
	at java.base/jdk.internal.reflect.DelegatingMethodAccessorImpl.invoke(DelegatingMethodAccessorImpl.java:43)
Caused by: org.openqa.selenium.ElementNotInteractableException: element not interactable
  (Session info: chrome=134.0.6998.118)
Build info: version: '3.141.59', revision: 'unknown', time: 'unknown'
System info: host: 'UVV-WS904-D', ip: '192.168.0.19', os.name: 'Windows 10', os.arch: 'amd64', os.version: '10.0', java.version: '17.0.7'
Driver info: com.kms.katalon.selenium.driver.CChromeDriver
Capabilities {acceptInsecureCerts: false, browserName: chrome, browserVersion: 134.0.6998.118, chrome: {chromedriverVersion: 133.0.6943.98 (da53563ceb66..., userDataDir: C:\Users\LIAZGI~1\AppData\L...}, fedcm:accounts: true, goog:chromeOptions: {debuggerAddress: localhost:63160}, javascriptEnabled: true, networkConnectionEnabled: false, pageLoadStrategy: normal, platform: WINDOWS, platformName: WINDOWS, proxy: Proxy(), setWindowRect: true, strictFileInteractability: false, timeouts: {implicit: 0, pageLoad: 300000, script: 30000}, unhandledPromptBehavior: dismiss and notify, webauthn:extension:credBlob: true, webauthn:extension:largeBlob: true, webauthn:extension:minPinLength: true, webauthn:extension:prf: true, webauthn:virtualAuthenticators: true}
Session ID: 060031d04eaf6a209da5bd422e68886a
	at java.base/jdk.internal.reflect.NativeConstructorAccessorImpl.newInstance0(Native Method)
	at java.base/jdk.internal.reflect.NativeConstructorAccessorImpl.newInstance(NativeConstructorAccessorImpl.java:77)
	at java.base/jdk.internal.reflect.DelegatingConstructorAccessorImpl.newInstance(DelegatingConstructorAccessorImpl.java:45)
	at org.openqa.selenium.remote.http.W3CHttpResponseCodec.createException(W3CHttpResponseCodec.java:187)
	at org.openqa.selenium.remote.http.W3CHttpResponseCodec.decode(W3CHttpResponseCodec.java:122)
	at org.openqa.selenium.remote.http.W3CHttpResponseCodec.decode(W3CHttpResponseCodec.java:49)
	at org.openqa.selenium.remote.HttpCommandExecutor.execute(HttpCommandExecutor.java:158)
	at org.openqa.selenium.remote.service.DriverCommandExecutor.execute(DriverCommandExecutor.java:83)
	at org.openqa.selenium.remote.RemoteWebDriver.execute(RemoteWebDriver.java:552)
	at com.kms.katalon.selenium.driver.CChromeDriver.execute(CChromeDriver.java:19)
	at org.openqa.selenium.remote.RemoteWebElement.execute(RemoteWebElement.java:285)
	at org.openqa.selenium.remote.RemoteWebElement.click(RemoteWebElement.java:84)
	at jdk.internal.reflect.GeneratedMethodAccessor15.invoke(Unknown Source)
	at java.base/jdk.internal.reflect.DelegatingMethodAccessorImpl.invoke(DelegatingMethodAccessorImpl.java:43)
	at org.openqa.selenium.support.events.EventFiringWebDriver$EventFiringWebElement.lambda$new$0(EventFiringWebDriver.java:404)
	at jdk.proxy2/jdk.proxy2.$Proxy24.click(Unknown Source)
	at org.openqa.selenium.support.events.EventFiringWebDriver$EventFiringWebElement.click(EventFiringWebDriver.java:417)
	at org.openqa.selenium.WebElement$click.call(Unknown Source)
	at com.kms.katalon.core.webui.keyword.builtin.ClickKeyword.clickUntilSuccessWithTimeout(ClickKeyword.groovy:81)
	at com.kms.katalon.core.webui.keyword.builtin.ClickKeyword.clickUntilSuccessWithTimeout(ClickKeyword.groovy)
	at jdk.internal.reflect.GeneratedMethodAccessor13.invoke(Unknown Source)
	at java.base/jdk.internal.reflect.DelegatingMethodAccessorImpl.invoke(DelegatingMethodAccessorImpl.java:43)
	at com.kms.katalon.core.webui.keyword.builtin.ClickKeyword$_click_closure1.doCall(ClickKeyword.groovy:67)
	at com.kms.katalon.core.webui.keyword.builtin.ClickKeyword$_click_closure1.call(ClickKeyword.groovy)
	at com.kms.katalon.core.webui.keyword.internal.WebUIKeywordMain.runKeyword(WebUIKeywordMain.groovy:20)
	at com.kms.katalon.core.webui.keyword.builtin.ClickKeyword.click(ClickKeyword.groovy:74)
	at com.kms.katalon.core.webui.keyword.builtin.ClickKeyword.execute(ClickKeyword.groovy:40)
	at com.kms.katalon.core.keyword.internal.KeywordExecutor.executeKeywordForPlatform(KeywordExecutor.groovy:74)
	at com.kms.katalon.core.webui.keyword.WebUiBuiltInKeywords.click(WebUiBuiltInKeywords.groovy:647)
	at Script1718980020443.run(Script1718980020443.groovy:137)
	... 15 more
)

24-03-2025T11:49:33 - [MESSAGE][FAILED] - Unable to click on object 'Object Repository/Выполнение бизнес-плана/Январь 2025' (Root cause: com.kms.katalon.core.exception.StepFailedException: Unable to click on object 'Object Repository/Выполнение бизнес-плана/Январь 2025'
	at com.kms.katalon.core.webui.keyword.internal.WebUIKeywordMain.stepFailed(WebUIKeywordMain.groovy:64)
	at com.kms.katalon.core.webui.keyword.internal.WebUIKeywordMain.runKeyword(WebUIKeywordMain.groovy:26)
	at com.kms.katalon.core.webui.keyword.builtin.ClickKeyword.click(ClickKeyword.groovy:74)
	at com.kms.katalon.core.webui.keyword.builtin.ClickKeyword.execute(ClickKeyword.groovy:40)
	at com.kms.katalon.core.keyword.internal.KeywordExecutor.executeKeywordForPlatform(KeywordExecutor.groovy:74)
	at com.kms.katalon.core.webui.keyword.WebUiBuiltInKeywords.click(WebUiBuiltInKeywords.groovy:647)
	at Выполнение бизнес-плана Сверка ПАО Россети все филиалы.run(Выполнение бизнес-плана Сверка ПАО Россети все филиалы:137)
	at com.kms.katalon.core.main.ScriptEngine.run(ScriptEngine.java:194)
	at com.kms.katalon.core.main.ScriptEngine.runScriptAsRawText(ScriptEngine.java:119)
	at com.kms.katalon.core.main.TestCaseExecutor.runScript(TestCaseExecutor.java:448)
	at com.kms.katalon.core.main.TestCaseExecutor.doExecute(TestCaseExecutor.java:439)
	at com.kms.katalon.core.main.TestCaseExecutor.processExecutionPhase(TestCaseExecutor.java:418)
	at com.kms.katalon.core.main.TestCaseExecutor.accessMainPhase(TestCaseExecutor.java:410)
	at com.kms.katalon.core.main.TestCaseExecutor.execute(TestCaseExecutor.java:285)
	at com.kms.katalon.core.common.CommonExecutor.accessTestCaseMainPhase(CommonExecutor.java:65)
	at com.kms.katalon.core.main.TestSuiteExecutor.accessTestSuiteMainPhase(TestSuiteExecutor.java:150)
	at com.kms.katalon.core.main.TestSuiteExecutor.execute(TestSuiteExecutor.java:106)
	at com.kms.katalon.core.main.TestCaseMain.startTestSuite(TestCaseMain.java:180)
	at TempTestSuite1742797761676.run(TempTestSuite1742797761676.groovy:35)
	at java.base/jdk.internal.reflect.NativeMethodAccessorImpl.invoke0(Native Method)
	at java.base/jdk.internal.reflect.NativeMethodAccessorImpl.invoke(NativeMethodAccessorImpl.java:77)
	at java.base/jdk.internal.reflect.DelegatingMethodAccessorImpl.invoke(DelegatingMethodAccessorImpl.java:43)
Caused by: org.openqa.selenium.ElementNotInteractableException: element not interactable
  (Session info: chrome=134.0.6998.118)
Build info: version: '3.141.59', revision: 'unknown', time: 'unknown'
System info: host: 'UVV-WS904-D', ip: '192.168.0.19', os.name: 'Windows 10', os.arch: 'amd64', os.version: '10.0', java.version: '17.0.7'
Driver info: com.kms.katalon.selenium.driver.CChromeDriver
Capabilities {acceptInsecureCerts: false, browserName: chrome, browserVersion: 134.0.6998.118, chrome: {chromedriverVersion: 133.0.6943.98 (da53563ceb66..., userDataDir: C:\Users\LIAZGI~1\AppData\L...}, fedcm:accounts: true, goog:chromeOptions: {debuggerAddress: localhost:63160}, javascriptEnabled: true, networkConnectionEnabled: false, pageLoadStrategy: normal, platform: WINDOWS, platformName: WINDOWS, proxy: Proxy(), setWindowRect: true, strictFileInteractability: false, timeouts: {implicit: 0, pageLoad: 300000, script: 30000}, unhandledPromptBehavior: dismiss and notify, webauthn:extension:credBlob: true, webauthn:extension:largeBlob: true, webauthn:extension:minPinLength: true, webauthn:extension:prf: true, webauthn:virtualAuthenticators: true}
Session ID: 060031d04eaf6a209da5bd422e68886a
	at java.base/jdk.internal.reflect.NativeConstructorAccessorImpl.newInstance0(Native Method)
	at java.base/jdk.internal.reflect.NativeConstructorAccessorImpl.newInstance(NativeConstructorAccessorImpl.java:77)
	at java.base/jdk.internal.reflect.DelegatingConstructorAccessorImpl.newInstance(DelegatingConstructorAccessorImpl.java:45)
	at org.openqa.selenium.remote.http.W3CHttpResponseCodec.createException(W3CHttpResponseCodec.java:187)
	at org.openqa.selenium.remote.http.W3CHttpResponseCodec.decode(W3CHttpResponseCodec.java:122)
	at org.openqa.selenium.remote.http.W3CHttpResponseCodec.decode(W3CHttpResponseCodec.java:49)
	at org.openqa.selenium.remote.HttpCommandExecutor.execute(HttpCommandExecutor.java:158)
	at org.openqa.selenium.remote.service.DriverCommandExecutor.execute(DriverCommandExecutor.java:83)
	at org.openqa.selenium.remote.RemoteWebDriver.execute(RemoteWebDriver.java:552)
	at com.kms.katalon.selenium.driver.CChromeDriver.execute(CChromeDriver.java:19)
	at org.openqa.selenium.remote.RemoteWebElement.execute(RemoteWebElement.java:285)
	at org.openqa.selenium.remote.RemoteWebElement.click(RemoteWebElement.java:84)
	at jdk.internal.reflect.GeneratedMethodAccessor15.invoke(Unknown Source)
	at java.base/jdk.internal.reflect.DelegatingMethodAccessorImpl.invoke(DelegatingMethodAccessorImpl.java:43)
	at org.openqa.selenium.support.events.EventFiringWebDriver$EventFiringWebElement.lambda$new$0(EventFiringWebDriver.java:404)
	at jdk.proxy2/jdk.proxy2.$Proxy24.click(Unknown Source)
	at org.openqa.selenium.support.events.EventFiringWebDriver$EventFiringWebElement.click(EventFiringWebDriver.java:417)
	at org.openqa.selenium.WebElement$click.call(Unknown Source)
	at com.kms.katalon.core.webui.keyword.builtin.ClickKeyword.clickUntilSuccessWithTimeout(ClickKeyword.groovy:81)
	at com.kms.katalon.core.webui.keyword.builtin.ClickKeyword.clickUntilSuccessWithTimeout(ClickKeyword.groovy)
	at jdk.internal.reflect.GeneratedMethodAccessor13.invoke(Unknown Source)
	at java.base/jdk.internal.reflect.DelegatingMethodAccessorImpl.invoke(DelegatingMethodAccessorImpl.java:43)
	at com.kms.katalon.core.webui.keyword.builtin.ClickKeyword$_click_closure1.doCall(ClickKeyword.groovy:67)
	at com.kms.katalon.core.webui.keyword.builtin.ClickKeyword$_click_closure1.call(ClickKeyword.groovy)
	at com.kms.katalon.core.webui.keyword.internal.WebUIKeywordMain.runKeyword(WebUIKeywordMain.groovy:20)
	at com.kms.katalon.core.webui.keyword.builtin.ClickKeyword.click(ClickKeyword.groovy:74)
	at com.kms.katalon.core.webui.keyword.builtin.ClickKeyword.execute(ClickKeyword.groovy:40)
	at com.kms.katalon.core.keyword.internal.KeywordExecutor.executeKeywordForPlatform(KeywordExecutor.groovy:74)
	at com.kms.katalon.core.webui.keyword.WebUiBuiltInKeywords.click(WebUiBuiltInKeywords.groovy:647)
	at Script1718980020443.run(Script1718980020443.groovy:137)
	... 15 more
)
[[ATTACHMENT|C:\\Users\\LIAZGINA-DI\\git\\SPORU\\Reports\\20250324_092921\\\u041F\u043D-\u0421\u0440-\u041F\u0442\\\u0421\u0432\u0435\u0440\u043A\u0430 \u0434\u0430\u0448\u0431\u043E\u0440\u0434\u043E\u0432 \u0438\u0437 \u0440\u0430\u0437\u043D\u044B\u0445 \u0431\u043B\u043E\u043A\u043E\u0432\\20250324_092921\\1742806173697.png]]

24-03-2025T11:49:33 - [TEST_STEP][PASSED] - scrollToElement(findTestObject("Выполнение бизнес-плана/Заголовок дашборда"), 30): Scroll to object 'Object Repository/Выполнение бизнес-плана/Заголовок дашборда' successfully

24-03-2025T11:49:34 - [MESSAGE][PASSED] - Scroll to object 'Object Repository/Выполнение бизнес-плана/Заголовок дашборда' successfully

24-03-2025T11:49:34 - [TEST_STEP][PASSED] - click(findTestObject("Object Repository/Выполнение бизнес-плана/Применить в фильтре Дата")): Object: 'Object Repository/Выполнение бизнес-плана/Применить в фильтре Дата' is clicked on

24-03-2025T11:49:34 - [MESSAGE][PASSED] - Object: 'Object Repository/Выполнение бизнес-плана/Применить в фильтре Дата' is clicked on

24-03-2025T11:49:34 - [TEST_STEP][PASSED] - delay(50): Delayed 50 second(s)

24-03-2025T11:50:24 - [MESSAGE][PASSED] - Delayed 50 second(s)

24-03-2025T11:50:24 - [TEST_STEP][PASSED] - Script1718980020443.ZakrytOpoveshenie(): null

24-03-2025T11:50:24 - [TEST_STEP][PASSED] - delay(10): Delayed 10 second(s)

24-03-2025T11:50:34 - [MESSAGE][PASSED] - Delayed 10 second(s)

24-03-2025T11:50:34 - [TEST_STEP][PASSED] - opoveshenie = getText(findTestObject("Выполнение бизнес-плана/Просьба обратить внимание")): Text of object 'Object Repository/Выполнение бизнес-плана/Просьба обратить внимание' is: ''

24-03-2025T11:50:34 - [MESSAGE][PASSED] - Text of object 'Object Repository/Выполнение бизнес-плана/Просьба обратить внимание' is: ''

24-03-2025T11:50:34 - [TEST_STEP][PASSED] - println(opoveshenie): null

24-03-2025T11:50:34 - [TEST_STEP][PASSED] - if (opoveshenie == "Просьба обратить внимание"): null

24-03-2025T11:50:34 - [TEST_STEP][PASSED] - delay(30): Delayed 30 second(s)

24-03-2025T11:51:04 - [MESSAGE][PASSED] - Delayed 30 second(s)

24-03-2025T11:51:04 - [TEST_STEP][PASSED] - Script1718980020443.OpenFilter(): null

24-03-2025T11:51:04 - [TEST_STEP][PASSED] - click(findTestObject("Object Repository/Выполнение бизнес-плана/Фильтр ДЗО")): Object: 'Object Repository/Выполнение бизнес-плана/Фильтр ДЗО' is clicked on

24-03-2025T11:51:05 - [MESSAGE][PASSED] - Object: 'Object Repository/Выполнение бизнес-плана/Фильтр ДЗО' is clicked on

24-03-2025T11:51:05 - [TEST_STEP][PASSED] - click(findTestObject("Выполнение бизнес-плана/Снять выделение в фильтре ДЗО")): Object: 'Object Repository/Выполнение бизнес-плана/Снять выделение в фильтре ДЗО' is clicked on

24-03-2025T11:51:05 - [MESSAGE][PASSED] - Object: 'Object Repository/Выполнение бизнес-плана/Снять выделение в фильтре ДЗО' is clicked on

24-03-2025T11:51:05 - [TEST_STEP][PASSED] - click(findTestObject("Выполнение бизнес-плана/Раскрыть список ПАО Россети в фильтре ДЗО")): Object: 'Object Repository/Выполнение бизнес-плана/Раскрыть список ПАО Россети в фильтре ДЗО' is clicked on

24-03-2025T11:51:06 - [MESSAGE][PASSED] - Object: 'Object Repository/Выполнение бизнес-плана/Раскрыть список ПАО Россети в фильтре ДЗО' is clicked on

24-03-2025T11:51:06 - [TEST_STEP][PASSED] - click(findTestObject("Выполнение бизнес-плана/ПАО Россети")): Object: 'Object Repository/Выполнение бизнес-плана/ПАО Россети' is clicked on

24-03-2025T11:51:06 - [MESSAGE][PASSED] - Object: 'Object Repository/Выполнение бизнес-плана/ПАО Россети' is clicked on

24-03-2025T11:51:06 - [TEST_STEP][PASSED] - click(findTestObject("Object Repository/Выполнение бизнес-плана/Применить в фильтре ДЗО")): Object: 'Object Repository/Выполнение бизнес-плана/Применить в фильтре ДЗО' is clicked on

24-03-2025T11:51:08 - [MESSAGE][PASSED] - Object: 'Object Repository/Выполнение бизнес-плана/Применить в фильтре ДЗО' is clicked on

24-03-2025T11:51:08 - [TEST_STEP][PASSED] - delay(30): Delayed 30 second(s)

24-03-2025T11:51:38 - [MESSAGE][PASSED] - Delayed 30 second(s)

24-03-2025T11:51:38 - [TEST_STEP][PASSED] - x1 = getText(findTestObject("Выполнение бизнес-плана/Список ДЗО старый")): Text of object 'Object Repository/Выполнение бизнес-плана/Список ДЗО старый' is: 'Россети ФСК ЕЭС
Россети Волга
Россети Московский регион
Россети Северо-Запад
Россети Томск
Россети Урал (ГК)
Россети Юг (ГК)
Россети Янтарь
0
10
20
30
40
50
60
70'

24-03-2025T11:51:38 - [MESSAGE][PASSED] - Text of object 'Object Repository/Выполнение бизнес-плана/Список ДЗО старый' is: 'Россети ФСК ЕЭС
Россети Волга
Россети Московский регион
Россети Северо-Запад
Россети Томск
Россети Урал (ГК)
Россети Юг (ГК)
Россети Янтарь
0
10
20
30
40
50
60
70'

24-03-2025T11:51:38 - [TEST_STEP][PASSED] - dZO = "ПАО Россети": null

24-03-2025T11:51:38 - [TEST_STEP][PASSED] - a = 84: null

24-03-2025T11:51:38 - [TEST_STEP][PASSED] - Script1718980020443.Numbers(a, typeOfData, todaysDate, pageInt, fileInt, pageDouble, fileDouble, dZO, dzoNum, filialNum): null

24-03-2025T11:51:38 - [TEST_STEP][PASSED] - println(dzoNum): null

24-03-2025T11:51:38 - [TEST_STEP][PASSED] - planFact = <not implemented yet for class: org.codehaus.groovy.ast.expr.EmptyExpression>: null

24-03-2025T11:51:38 - [TEST_STEP][PASSED] - page = <not implemented yet for class: org.codehaus.groovy.ast.expr.EmptyExpression>: null

24-03-2025T11:51:38 - [TEST_STEP][PASSED] - page1 = <not implemented yet for class: org.codehaus.groovy.ast.expr.EmptyExpression>: null

24-03-2025T11:51:38 - [TEST_STEP][PASSED] - page2 = <not implemented yet for class: org.codehaus.groovy.ast.expr.EmptyExpression>: null

24-03-2025T11:51:38 - [TEST_STEP][PASSED] - filialNumberInRow = <not implemented yet for class: org.codehaus.groovy.ast.expr.EmptyExpression>: null

24-03-2025T11:51:38 - [TEST_STEP][PASSED] - filialsDzoNames = <not implemented yet for class: org.codehaus.groovy.ast.expr.EmptyExpression>: null

24-03-2025T11:51:38 - [TEST_STEP][PASSED] - numberOfFilials = <not implemented yet for class: org.codehaus.groovy.ast.expr.EmptyExpression>: null

24-03-2025T11:51:38 - [TEST_STEP][PASSED] - numberOfSpaces = <not implemented yet for class: org.codehaus.groovy.ast.expr.EmptyExpression>: null

24-03-2025T11:51:38 - [TEST_STEP][PASSED] - file = <not implemented yet for class: org.codehaus.groovy.ast.expr.EmptyExpression>: null

24-03-2025T11:51:38 - [TEST_STEP][PASSED] - otpusk = <not implemented yet for class: org.codehaus.groovy.ast.expr.EmptyExpression>: null

24-03-2025T11:51:38 - [TEST_STEP][PASSED] - poteri = <not implemented yet for class: org.codehaus.groovy.ast.expr.EmptyExpression>: null

24-03-2025T11:51:38 - [TEST_STEP][PASSED] - dataFolder = "Выполнение бизнес-плана/Значения со страницы Выполнение бизнес-плана/": null

24-03-2025T11:51:38 - [TEST_STEP][PASSED] - path = <not implemented yet for class: org.codehaus.groovy.ast.expr.EmptyExpression>: null

24-03-2025T11:51:38 - [TEST_STEP][PASSED] - typeOfDataMain = <not implemented yet for class: org.codehaus.groovy.ast.expr.EmptyExpression>: null

24-03-2025T11:51:38 - [TEST_STEP][PASSED] - fileOtpuskVSet = <not implemented yet for class: org.codehaus.groovy.ast.expr.EmptyExpression>: null

24-03-2025T11:51:38 - [TEST_STEP][PASSED] - pageOtpuskVSet = <not implemented yet for class: org.codehaus.groovy.ast.expr.EmptyExpression>: null

24-03-2025T11:51:38 - [TEST_STEP][PASSED] - filePoteri = <not implemented yet for class: org.codehaus.groovy.ast.expr.EmptyExpression>: null

24-03-2025T11:51:38 - [TEST_STEP][PASSED] - pagePoteri = <not implemented yet for class: org.codehaus.groovy.ast.expr.EmptyExpression>: null

24-03-2025T11:51:38 - [TEST_STEP][PASSED] - compare = <not implemented yet for class: org.codehaus.groovy.ast.expr.EmptyExpression>: null

24-03-2025T11:51:38 - [TEST_STEP][PASSED] - b = <not implemented yet for class: org.codehaus.groovy.ast.expr.EmptyExpression>: null

24-03-2025T11:51:38 - [TEST_STEP][PASSED] - i = <not implemented yet for class: org.codehaus.groovy.ast.expr.EmptyExpression>: null

24-03-2025T11:51:38 - [TEST_STEP][PASSED] - ii = <not implemented yet for class: org.codehaus.groovy.ast.expr.EmptyExpression>: null

24-03-2025T11:51:38 - [TEST_STEP][PASSED] - c = <not implemented yet for class: org.codehaus.groovy.ast.expr.EmptyExpression>: null

24-03-2025T11:51:38 - [TEST_STEP][PASSED] - numberOfErrors = 0: null

24-03-2025T11:51:38 - [TEST_STEP][PASSED] - if (a == 82): null

24-03-2025T11:51:38 - [TEST_STEP][PASSED] - b = findTestData("PlanFact").getValue(1, a): null

24-03-2025T11:51:38 - [TEST_STEP][PASSED] - i = b.indexOf(" (ГК)"): null

24-03-2025T11:51:38 - [TEST_STEP][PASSED] - if (i > -1): null

24-03-2025T11:51:38 - [TEST_STEP][PASSED] - i = b.indexOf("О ""): null

24-03-2025T11:51:38 - [TEST_STEP][PASSED] - if (i > -1): null

24-03-2025T11:51:38 - [TEST_STEP][PASSED] - i = b.indexOf("О «"): null

24-03-2025T11:51:38 - [TEST_STEP][PASSED] - if (i > -1): null

24-03-2025T11:51:38 - [TEST_STEP][PASSED] - i = b.indexOf("г. "): null

24-03-2025T11:51:38 - [TEST_STEP][PASSED] - if (i > -1): null

24-03-2025T11:51:38 - [TEST_STEP][PASSED] - b = b.trim(): null

24-03-2025T11:51:38 - [TEST_STEP][PASSED] - println(b): null

24-03-2025T11:51:38 - [TEST_STEP][PASSED] - for ([planFact = 1, planFact < 3, (planFact++)]): null

24-03-2025T11:51:38 - [TEST_STEP][PASSED] - if (planFact == 1): null

24-03-2025T11:51:38 - [TEST_STEP][PASSED] - typeOfDataMain = "Факт": null

24-03-2025T11:51:38 - [TEST_STEP][PASSED] - otpusk = findTestData("PlanFact").getValue(5, a): null

24-03-2025T11:51:38 - [TEST_STEP][PASSED] - poteri = findTestData("PlanFact").getValue(6, a): null

24-03-2025T11:51:39 - [TEST_STEP][PASSED] - otpusk = otpusk.replaceAll("\s+", ""): null

24-03-2025T11:51:39 - [TEST_STEP][PASSED] - poteri = poteri.replaceAll("\s+", ""): null

24-03-2025T11:51:39 - [TEST_STEP][PASSED] - typeOfData = typeOfDataMain + " Отпуск в сеть": null

24-03-2025T11:51:39 - [TEST_STEP][PASSED] - if (a == 82): null

24-03-2025T11:51:39 - [TEST_STEP][PASSED] - else if (a == 84): null

24-03-2025T11:51:39 - [TEST_STEP][PASSED] - path = dataFolder + typeOfData + " за отчётный период " + "ПАО Россети": null

24-03-2025T11:51:39 - [TEST_STEP][PASSED] - println(path): null

24-03-2025T11:51:39 - [TEST_STEP][PASSED] - page = getText(findTestObject(path)): Text of object 'Object Repository/Выполнение бизнес-плана/Значения со страницы Выполнение бизнес-плана/Факт Отпуск в сеть за отчётный период ПАО Россети' is: '64 180 839'

24-03-2025T11:51:39 - [MESSAGE][PASSED] - Text of object 'Object Repository/Выполнение бизнес-плана/Значения со страницы Выполнение бизнес-плана/Факт Отпуск в сеть за отчётный период ПАО Россети' is: '64 180 839'

24-03-2025T11:51:39 - [TEST_STEP][PASSED] - if (page == "" || page == null): null

24-03-2025T11:51:39 - [TEST_STEP][PASSED] - else: null

24-03-2025T11:51:39 - [TEST_STEP][PASSED] - page = page.replaceAll("\s+", ""): null

24-03-2025T11:51:39 - [TEST_STEP][PASSED] - if (page == "undefined"): null

24-03-2025T11:51:39 - [TEST_STEP][PASSED] - fileOtpuskVSet = otpusk.toInteger(): null

24-03-2025T11:51:39 - [TEST_STEP][PASSED] - pageOtpuskVSet = page.toInteger(): null

24-03-2025T11:51:39 - [TEST_STEP][PASSED] - typeOfData = typeOfDataMain + " Потери": null

24-03-2025T11:51:39 - [TEST_STEP][PASSED] - if (a == 82): null

24-03-2025T11:51:39 - [TEST_STEP][PASSED] - else if (a == 84): null

24-03-2025T11:51:39 - [TEST_STEP][PASSED] - path = dataFolder + typeOfData + " за отчётный период " + "ПАО Россети": null

24-03-2025T11:51:39 - [TEST_STEP][PASSED] - page = getText(findTestObject(path)): Text of object 'Object Repository/Выполнение бизнес-плана/Значения со страницы Выполнение бизнес-плана/Факт Потери за отчётный период ПАО Россети' is: '5 452 822'

24-03-2025T11:51:39 - [MESSAGE][PASSED] - Text of object 'Object Repository/Выполнение бизнес-плана/Значения со страницы Выполнение бизнес-плана/Факт Потери за отчётный период ПАО Россети' is: '5 452 822'

24-03-2025T11:51:39 - [TEST_STEP][PASSED] - if (page == "" || page == null): null

24-03-2025T11:51:39 - [TEST_STEP][PASSED] - else: null

24-03-2025T11:51:39 - [TEST_STEP][PASSED] - page = page.replaceAll("\s+", ""): null

24-03-2025T11:51:39 - [TEST_STEP][PASSED] - if (page == "undefined"): null

24-03-2025T11:51:39 - [TEST_STEP][PASSED] - filePoteri = poteri.toInteger(): null

24-03-2025T11:51:39 - [TEST_STEP][PASSED] - pagePoteri = page.toInteger(): null

24-03-2025T11:51:39 - [TEST_STEP][PASSED] - compare = pageOtpuskVSet: null

24-03-2025T11:51:39 - [TEST_STEP][PASSED] - if (pageOtpuskVSet != null): null

24-03-2025T11:51:39 - [TEST_STEP][PASSED] - if (compare == fileOtpuskVSet): null

24-03-2025T11:51:39 - [TEST_STEP][PASSED] - else if (compare > fileOtpuskVSet): null

24-03-2025T11:51:39 - [TEST_STEP][PASSED] - else if (compare < fileOtpuskVSet): null

24-03-2025T11:51:39 - [TEST_STEP][PASSED] - compare = compare + 1: null

24-03-2025T11:51:39 - [TEST_STEP][PASSED] - if (compare == fileOtpuskVSet): null

24-03-2025T11:51:39 - [TEST_STEP][PASSED] - else: null

24-03-2025T11:51:39 - [TEST_STEP][PASSED] - numberOfErrors = numberOfErrors + 1: null

24-03-2025T11:51:39 - [TEST_STEP][PASSED] - pageInt = pageOtpuskVSet: null

24-03-2025T11:51:39 - [TEST_STEP][PASSED] - fileInt = fileOtpuskVSet: null

24-03-2025T11:51:39 - [TEST_STEP][PASSED] - typeOfData = typeOfDataMain + " Отпуск в сеть": null

24-03-2025T11:51:39 - [TEST_STEP][PASSED] - Script1718980020443.WriteToExcel(a, typeOfData, todaysDate, pageInt, fileInt, pageDouble, fileDouble, dZO): null

24-03-2025T11:51:39 - [TEST_STEP][PASSED] - sheetName = "Sheet1": null

24-03-2025T11:51:39 - [TEST_STEP][PASSED] - data = findTestData("PlanFact"): null

24-03-2025T11:51:39 - [TEST_STEP][PASSED] - n = data.getRowNumbers() + 1: null

24-03-2025T11:51:39 - [TEST_STEP][PASSED] - day = ")).toInteger(): null

24-03-2025T11:51:39 - [TEST_STEP][PASSED] - println(day): null

24-03-2025T11:51:39 - [TEST_STEP][PASSED] - month = ")).toInteger(): null

24-03-2025T11:51:39 - [TEST_STEP][PASSED] - println(month): null

24-03-2025T11:51:39 - [TEST_STEP][PASSED] - y = <not implemented yet for class: org.codehaus.groovy.ast.expr.EmptyExpression>: null

24-03-2025T11:51:39 - [TEST_STEP][PASSED] - iy = <not implemented yet for class: org.codehaus.groovy.ast.expr.EmptyExpression>: null

24-03-2025T11:51:39 - [TEST_STEP][PASSED] - m = getText(findTestObject("Выполнение бизнес-плана/Период")): Text of object 'Object Repository/Выполнение бизнес-плана/Период' is: 'Январь 2025 года'

24-03-2025T11:51:40 - [MESSAGE][PASSED] - Text of object 'Object Repository/Выполнение бизнес-плана/Период' is: 'Январь 2025 года'

24-03-2025T11:51:40 - [TEST_STEP][PASSED] - iy = m.indexOf("20"): null

24-03-2025T11:51:40 - [TEST_STEP][PASSED] - if (iy > -1): null

24-03-2025T11:51:40 - [TEST_STEP][PASSED] - y = substring(iy, iy + 4).toInteger(): null

24-03-2025T11:51:40 - [TEST_STEP][PASSED] - println(y): null

24-03-2025T11:51:40 - [TEST_STEP][PASSED] - if (toString().length() == 4): null

24-03-2025T11:51:40 - [TEST_STEP][PASSED] - m = m.substring(0, m.indexOf(y.toString())): null

24-03-2025T11:51:40 - [TEST_STEP][PASSED] - m = m.trim(): null

24-03-2025T11:51:40 - [TEST_STEP][PASSED] - if (m == ""): null

24-03-2025T11:51:40 - [TEST_STEP][PASSED] - dashboardName = "Выполнение бизнес-плана": null

24-03-2025T11:51:40 - [TEST_STEP][PASSED] - workbook01 = getWorkbook(excelFilePath): null

24-03-2025T11:51:40 - [TEST_STEP][PASSED] - sheet01 = getExcelSheet(workbook01, sheetName): null

24-03-2025T11:51:40 - [TEST_STEP][PASSED] - setValueToCellByIndex(sheet01, n, 0, dashboardName): null

24-03-2025T11:51:40 - [TEST_STEP][PASSED] - setValueToCellByIndex(sheet01, n, 1, dZO): null

24-03-2025T11:51:40 - [TEST_STEP][PASSED] - setValueToCellByIndex(sheet01, n, 2, typeOfData): null

24-03-2025T11:51:40 - [TEST_STEP][PASSED] - if (typeOfData == "Факт в процентах" || typeOfData == "План в процентах"): null

24-03-2025T11:51:40 - [TEST_STEP][PASSED] - else: null

24-03-2025T11:51:40 - [TEST_STEP][PASSED] - setValueToCellByIndex(sheet01, n, 3, fileInt): null

24-03-2025T11:51:40 - [TEST_STEP][PASSED] - setValueToCellByIndex(sheet01, n, 4, pageInt): null

24-03-2025T11:51:40 - [TEST_STEP][PASSED] - setValueToCellByIndex(sheet01, n, 5, m): null

24-03-2025T11:51:40 - [TEST_STEP][PASSED] - setValueToCellByIndex(sheet01, n, 6, y): null

24-03-2025T11:51:40 - [TEST_STEP][PASSED] - setValueToCellByIndex(sheet01, n, 7, todaysDate): null

24-03-2025T11:51:40 - [TEST_STEP][PASSED] - n = n + 1: null

24-03-2025T11:51:40 - [TEST_STEP][PASSED] - saveWorkbook(excelFilePath, workbook01): null

24-03-2025T11:51:40 - [TEST_STEP][PASSED] - compare = pagePoteri: null

24-03-2025T11:51:40 - [TEST_STEP][PASSED] - if (pageOtpuskVSet != null): null

24-03-2025T11:51:40 - [TEST_STEP][PASSED] - if (compare == filePoteri): null

24-03-2025T11:51:40 - [TEST_STEP][PASSED] - else if (compare > filePoteri): null

24-03-2025T11:51:40 - [TEST_STEP][PASSED] - else if (compare < filePoteri): null

24-03-2025T11:51:40 - [TEST_STEP][PASSED] - compare = compare + 1: null

24-03-2025T11:51:40 - [TEST_STEP][PASSED] - if (compare == filePoteri): null

24-03-2025T11:51:40 - [TEST_STEP][PASSED] - else: null

24-03-2025T11:51:40 - [TEST_STEP][PASSED] - numberOfErrors = numberOfErrors + 1: null

24-03-2025T11:51:40 - [TEST_STEP][PASSED] - pageInt = pagePoteri: null

24-03-2025T11:51:40 - [TEST_STEP][PASSED] - fileInt = filePoteri: null

24-03-2025T11:51:40 - [TEST_STEP][PASSED] - typeOfData = typeOfDataMain + " Потери": null

24-03-2025T11:51:40 - [TEST_STEP][PASSED] - Script1718980020443.WriteToExcel(a, typeOfData, todaysDate, pageInt, fileInt, pageDouble, fileDouble, dZO): null

24-03-2025T11:51:40 - [TEST_STEP][PASSED] - sheetName = "Sheet1": null

24-03-2025T11:51:40 - [TEST_STEP][PASSED] - data = findTestData("PlanFact"): null

24-03-2025T11:51:40 - [TEST_STEP][PASSED] - n = data.getRowNumbers() + 1: null

24-03-2025T11:51:40 - [TEST_STEP][PASSED] - day = ")).toInteger(): null

24-03-2025T11:51:40 - [TEST_STEP][PASSED] - println(day): null

24-03-2025T11:51:40 - [TEST_STEP][PASSED] - month = ")).toInteger(): null

24-03-2025T11:51:40 - [TEST_STEP][PASSED] - println(month): null

24-03-2025T11:51:40 - [TEST_STEP][PASSED] - y = <not implemented yet for class: org.codehaus.groovy.ast.expr.EmptyExpression>: null

24-03-2025T11:51:40 - [TEST_STEP][PASSED] - iy = <not implemented yet for class: org.codehaus.groovy.ast.expr.EmptyExpression>: null

24-03-2025T11:51:40 - [TEST_STEP][PASSED] - m = getText(findTestObject("Выполнение бизнес-плана/Период")): Text of object 'Object Repository/Выполнение бизнес-плана/Период' is: 'Январь 2025 года'

24-03-2025T11:51:40 - [MESSAGE][PASSED] - Text of object 'Object Repository/Выполнение бизнес-плана/Период' is: 'Январь 2025 года'

24-03-2025T11:51:40 - [TEST_STEP][PASSED] - iy = m.indexOf("20"): null

24-03-2025T11:51:40 - [TEST_STEP][PASSED] - if (iy > -1): null

24-03-2025T11:51:40 - [TEST_STEP][PASSED] - y = substring(iy, iy + 4).toInteger(): null

24-03-2025T11:51:40 - [TEST_STEP][PASSED] - println(y): null

24-03-2025T11:51:40 - [TEST_STEP][PASSED] - if (toString().length() == 4): null

24-03-2025T11:51:40 - [TEST_STEP][PASSED] - m = m.substring(0, m.indexOf(y.toString())): null

24-03-2025T11:51:40 - [TEST_STEP][PASSED] - m = m.trim(): null

24-03-2025T11:51:40 - [TEST_STEP][PASSED] - if (m == ""): null

24-03-2025T11:51:40 - [TEST_STEP][PASSED] - dashboardName = "Выполнение бизнес-плана": null

24-03-2025T11:51:40 - [TEST_STEP][PASSED] - workbook01 = getWorkbook(excelFilePath): null

24-03-2025T11:51:41 - [TEST_STEP][PASSED] - sheet01 = getExcelSheet(workbook01, sheetName): null

24-03-2025T11:51:41 - [TEST_STEP][PASSED] - setValueToCellByIndex(sheet01, n, 0, dashboardName): null

24-03-2025T11:51:41 - [TEST_STEP][PASSED] - setValueToCellByIndex(sheet01, n, 1, dZO): null

24-03-2025T11:51:41 - [TEST_STEP][PASSED] - setValueToCellByIndex(sheet01, n, 2, typeOfData): null

24-03-2025T11:51:41 - [TEST_STEP][PASSED] - if (typeOfData == "Факт в процентах" || typeOfData == "План в процентах"): null

24-03-2025T11:51:41 - [TEST_STEP][PASSED] - else: null

24-03-2025T11:51:41 - [TEST_STEP][PASSED] - setValueToCellByIndex(sheet01, n, 3, fileInt): null

24-03-2025T11:51:41 - [TEST_STEP][PASSED] - setValueToCellByIndex(sheet01, n, 4, pageInt): null

24-03-2025T11:51:41 - [TEST_STEP][PASSED] - setValueToCellByIndex(sheet01, n, 5, m): null

24-03-2025T11:51:41 - [TEST_STEP][PASSED] - setValueToCellByIndex(sheet01, n, 6, y): null

24-03-2025T11:51:41 - [TEST_STEP][PASSED] - setValueToCellByIndex(sheet01, n, 7, todaysDate): null

24-03-2025T11:51:41 - [TEST_STEP][PASSED] - n = n + 1: null

24-03-2025T11:51:41 - [TEST_STEP][PASSED] - saveWorkbook(excelFilePath, workbook01): null

24-03-2025T11:51:41 - [TEST_STEP][PASSED] - if (planFact == 2): null

24-03-2025T11:51:41 - [TEST_STEP][PASSED] - if (planFact == 1): null

24-03-2025T11:51:41 - [TEST_STEP][PASSED] - else if (planFact == 2): null

24-03-2025T11:51:41 - [TEST_STEP][PASSED] - click(findTestObject("Выполнение бизнес-плана/Кнопка План")): Object: 'Object Repository/Выполнение бизнес-плана/Кнопка План' is clicked on

24-03-2025T11:51:41 - [MESSAGE][PASSED] - Object: 'Object Repository/Выполнение бизнес-плана/Кнопка План' is clicked on

24-03-2025T11:51:41 - [TEST_STEP][PASSED] - typeOfDataMain = "План": null

24-03-2025T11:51:41 - [TEST_STEP][PASSED] - otpusk = findTestData("PlanFact").getValue(2, a): null

24-03-2025T11:51:41 - [TEST_STEP][PASSED] - poteri = findTestData("PlanFact").getValue(3, a): null

24-03-2025T11:51:41 - [TEST_STEP][PASSED] - otpusk = otpusk.replaceAll("\s+", ""): null

24-03-2025T11:51:41 - [TEST_STEP][PASSED] - poteri = poteri.replaceAll("\s+", ""): null

24-03-2025T11:51:41 - [TEST_STEP][PASSED] - typeOfData = typeOfDataMain + " Отпуск в сеть": null

24-03-2025T11:51:41 - [TEST_STEP][PASSED] - if (a == 82): null

24-03-2025T11:51:41 - [TEST_STEP][PASSED] - else if (a == 84): null

24-03-2025T11:51:41 - [TEST_STEP][PASSED] - path = dataFolder + typeOfData + " за отчётный период " + "ПАО Россети": null

24-03-2025T11:51:41 - [TEST_STEP][PASSED] - println(path): null

24-03-2025T11:51:41 - [TEST_STEP][PASSED] - page = getText(findTestObject(path)): Text of object 'Object Repository/Выполнение бизнес-плана/Значения со страницы Выполнение бизнес-плана/План Отпуск в сеть за отчётный период ПАО Россети' is: '100 208 871'

24-03-2025T11:51:42 - [MESSAGE][PASSED] - Text of object 'Object Repository/Выполнение бизнес-плана/Значения со страницы Выполнение бизнес-плана/План Отпуск в сеть за отчётный период ПАО Россети' is: '100 208 871'

24-03-2025T11:51:42 - [TEST_STEP][PASSED] - if (page == "" || page == null): null

24-03-2025T11:51:42 - [TEST_STEP][PASSED] - else: null

24-03-2025T11:51:42 - [TEST_STEP][PASSED] - page = page.replaceAll("\s+", ""): null

24-03-2025T11:51:42 - [TEST_STEP][PASSED] - if (page == "undefined"): null

24-03-2025T11:51:42 - [TEST_STEP][PASSED] - fileOtpuskVSet = otpusk.toInteger(): null

24-03-2025T11:51:42 - [TEST_STEP][PASSED] - pageOtpuskVSet = page.toInteger(): null

24-03-2025T11:51:42 - [TEST_STEP][PASSED] - typeOfData = typeOfDataMain + " Потери": null

24-03-2025T11:51:42 - [TEST_STEP][PASSED] - if (a == 82): null

24-03-2025T11:51:42 - [TEST_STEP][PASSED] - else if (a == 84): null

24-03-2025T11:51:42 - [TEST_STEP][PASSED] - path = dataFolder + typeOfData + " за отчётный период " + "ПАО Россети": null

24-03-2025T11:51:42 - [TEST_STEP][PASSED] - page = getText(findTestObject(path)): Text of object 'Object Repository/Выполнение бизнес-плана/Значения со страницы Выполнение бизнес-плана/План Потери за отчётный период ПАО Россети' is: '6 255 815'

24-03-2025T11:51:42 - [MESSAGE][PASSED] - Text of object 'Object Repository/Выполнение бизнес-плана/Значения со страницы Выполнение бизнес-плана/План Потери за отчётный период ПАО Россети' is: '6 255 815'

24-03-2025T11:51:42 - [TEST_STEP][PASSED] - if (page == "" || page == null): null

24-03-2025T11:51:42 - [TEST_STEP][PASSED] - else: null

24-03-2025T11:51:42 - [TEST_STEP][PASSED] - page = page.replaceAll("\s+", ""): null

24-03-2025T11:51:42 - [TEST_STEP][PASSED] - if (page == "undefined"): null

24-03-2025T11:51:42 - [TEST_STEP][PASSED] - filePoteri = poteri.toInteger(): null

24-03-2025T11:51:42 - [TEST_STEP][PASSED] - pagePoteri = page.toInteger(): null

24-03-2025T11:51:42 - [TEST_STEP][PASSED] - compare = pageOtpuskVSet: null

24-03-2025T11:51:42 - [TEST_STEP][PASSED] - if (pageOtpuskVSet != null): null

24-03-2025T11:51:42 - [TEST_STEP][PASSED] - if (compare == fileOtpuskVSet): null

24-03-2025T11:51:42 - [TEST_STEP][PASSED] - else if (compare > fileOtpuskVSet): null

24-03-2025T11:51:42 - [TEST_STEP][PASSED] - compare = compare - 1: null

24-03-2025T11:51:42 - [TEST_STEP][PASSED] - if (compare == fileOtpuskVSet): null

24-03-2025T11:51:42 - [TEST_STEP][PASSED] - else: null

24-03-2025T11:51:42 - [TEST_STEP][PASSED] - numberOfErrors = numberOfErrors + 1: null

24-03-2025T11:51:42 - [TEST_STEP][PASSED] - pageInt = pageOtpuskVSet: null

24-03-2025T11:51:42 - [TEST_STEP][PASSED] - fileInt = fileOtpuskVSet: null

24-03-2025T11:51:42 - [TEST_STEP][PASSED] - typeOfData = typeOfDataMain + " Отпуск в сеть": null

24-03-2025T11:51:42 - [TEST_STEP][PASSED] - Script1718980020443.WriteToExcel(a, typeOfData, todaysDate, pageInt, fileInt, pageDouble, fileDouble, dZO): null

24-03-2025T11:51:42 - [TEST_STEP][PASSED] - sheetName = "Sheet1": null

24-03-2025T11:51:42 - [TEST_STEP][PASSED] - data = findTestData("PlanFact"): null

24-03-2025T11:51:42 - [TEST_STEP][PASSED] - n = data.getRowNumbers() + 1: null

24-03-2025T11:51:42 - [TEST_STEP][PASSED] - day = ")).toInteger(): null

24-03-2025T11:51:42 - [TEST_STEP][PASSED] - println(day): null

24-03-2025T11:51:42 - [TEST_STEP][PASSED] - month = ")).toInteger(): null

24-03-2025T11:51:42 - [TEST_STEP][PASSED] - println(month): null

24-03-2025T11:51:42 - [TEST_STEP][PASSED] - y = <not implemented yet for class: org.codehaus.groovy.ast.expr.EmptyExpression>: null

24-03-2025T11:51:42 - [TEST_STEP][PASSED] - iy = <not implemented yet for class: org.codehaus.groovy.ast.expr.EmptyExpression>: null

24-03-2025T11:51:42 - [TEST_STEP][PASSED] - m = getText(findTestObject("Выполнение бизнес-плана/Период")): Text of object 'Object Repository/Выполнение бизнес-плана/Период' is: 'Январь 2025 года'

24-03-2025T11:51:42 - [MESSAGE][PASSED] - Text of object 'Object Repository/Выполнение бизнес-плана/Период' is: 'Январь 2025 года'

24-03-2025T11:51:42 - [TEST_STEP][PASSED] - iy = m.indexOf("20"): null

24-03-2025T11:51:42 - [TEST_STEP][PASSED] - if (iy > -1): null

24-03-2025T11:51:42 - [TEST_STEP][PASSED] - y = substring(iy, iy + 4).toInteger(): null

24-03-2025T11:51:42 - [TEST_STEP][PASSED] - println(y): null

24-03-2025T11:51:42 - [TEST_STEP][PASSED] - if (toString().length() == 4): null

24-03-2025T11:51:42 - [TEST_STEP][PASSED] - m = m.substring(0, m.indexOf(y.toString())): null

24-03-2025T11:51:42 - [TEST_STEP][PASSED] - m = m.trim(): null

24-03-2025T11:51:42 - [TEST_STEP][PASSED] - if (m == ""): null

24-03-2025T11:51:42 - [TEST_STEP][PASSED] - dashboardName = "Выполнение бизнес-плана": null

24-03-2025T11:51:42 - [TEST_STEP][PASSED] - workbook01 = getWorkbook(excelFilePath): null

24-03-2025T11:51:42 - [TEST_STEP][PASSED] - sheet01 = getExcelSheet(workbook01, sheetName): null

24-03-2025T11:51:42 - [TEST_STEP][PASSED] - setValueToCellByIndex(sheet01, n, 0, dashboardName): null

24-03-2025T11:51:42 - [TEST_STEP][PASSED] - setValueToCellByIndex(sheet01, n, 1, dZO): null

24-03-2025T11:51:42 - [TEST_STEP][PASSED] - setValueToCellByIndex(sheet01, n, 2, typeOfData): null

24-03-2025T11:51:42 - [TEST_STEP][PASSED] - if (typeOfData == "Факт в процентах" || typeOfData == "План в процентах"): null

24-03-2025T11:51:42 - [TEST_STEP][PASSED] - else: null

24-03-2025T11:51:42 - [TEST_STEP][PASSED] - setValueToCellByIndex(sheet01, n, 3, fileInt): null

24-03-2025T11:51:42 - [TEST_STEP][PASSED] - setValueToCellByIndex(sheet01, n, 4, pageInt): null

24-03-2025T11:51:42 - [TEST_STEP][PASSED] - setValueToCellByIndex(sheet01, n, 5, m): null

24-03-2025T11:51:42 - [TEST_STEP][PASSED] - setValueToCellByIndex(sheet01, n, 6, y): null

24-03-2025T11:51:42 - [TEST_STEP][PASSED] - setValueToCellByIndex(sheet01, n, 7, todaysDate): null

24-03-2025T11:51:42 - [TEST_STEP][PASSED] - n = n + 1: null

24-03-2025T11:51:42 - [TEST_STEP][PASSED] - saveWorkbook(excelFilePath, workbook01): null

24-03-2025T11:51:43 - [TEST_STEP][PASSED] - compare = pagePoteri: null

24-03-2025T11:51:43 - [TEST_STEP][PASSED] - if (pageOtpuskVSet != null): null

24-03-2025T11:51:43 - [TEST_STEP][PASSED] - if (compare == filePoteri): null

24-03-2025T11:51:43 - [TEST_STEP][PASSED] - else if (compare > filePoteri): null

24-03-2025T11:51:43 - [TEST_STEP][PASSED] - else if (compare < filePoteri): null

24-03-2025T11:51:43 - [TEST_STEP][PASSED] - compare = compare + 1: null

24-03-2025T11:51:43 - [TEST_STEP][PASSED] - if (compare == filePoteri): null

24-03-2025T11:51:43 - [TEST_STEP][PASSED] - else: null

24-03-2025T11:51:43 - [TEST_STEP][PASSED] - numberOfErrors = numberOfErrors + 1: null

24-03-2025T11:51:43 - [TEST_STEP][PASSED] - pageInt = pagePoteri: null

24-03-2025T11:51:43 - [TEST_STEP][PASSED] - fileInt = filePoteri: null

24-03-2025T11:51:43 - [TEST_STEP][PASSED] - typeOfData = typeOfDataMain + " Потери": null

24-03-2025T11:51:43 - [TEST_STEP][PASSED] - Script1718980020443.WriteToExcel(a, typeOfData, todaysDate, pageInt, fileInt, pageDouble, fileDouble, dZO): null

24-03-2025T11:51:43 - [TEST_STEP][PASSED] - sheetName = "Sheet1": null

24-03-2025T11:51:43 - [TEST_STEP][PASSED] - data = findTestData("PlanFact"): null

24-03-2025T11:51:43 - [TEST_STEP][PASSED] - n = data.getRowNumbers() + 1: null

24-03-2025T11:51:43 - [TEST_STEP][PASSED] - day = ")).toInteger(): null

24-03-2025T11:51:43 - [TEST_STEP][PASSED] - println(day): null

24-03-2025T11:51:43 - [TEST_STEP][PASSED] - month = ")).toInteger(): null

24-03-2025T11:51:43 - [TEST_STEP][PASSED] - println(month): null

24-03-2025T11:51:43 - [TEST_STEP][PASSED] - y = <not implemented yet for class: org.codehaus.groovy.ast.expr.EmptyExpression>: null

24-03-2025T11:51:43 - [TEST_STEP][PASSED] - iy = <not implemented yet for class: org.codehaus.groovy.ast.expr.EmptyExpression>: null

24-03-2025T11:51:43 - [TEST_STEP][PASSED] - m = getText(findTestObject("Выполнение бизнес-плана/Период")): Text of object 'Object Repository/Выполнение бизнес-плана/Период' is: 'Январь 2025 года'

24-03-2025T11:51:43 - [MESSAGE][PASSED] - Text of object 'Object Repository/Выполнение бизнес-плана/Период' is: 'Январь 2025 года'

24-03-2025T11:51:43 - [TEST_STEP][PASSED] - iy = m.indexOf("20"): null

24-03-2025T11:51:43 - [TEST_STEP][PASSED] - if (iy > -1): null

24-03-2025T11:51:43 - [TEST_STEP][PASSED] - y = substring(iy, iy + 4).toInteger(): null

24-03-2025T11:51:43 - [TEST_STEP][PASSED] - println(y): null

24-03-2025T11:51:43 - [TEST_STEP][PASSED] - if (toString().length() == 4): null

24-03-2025T11:51:43 - [TEST_STEP][PASSED] - m = m.substring(0, m.indexOf(y.toString())): null

24-03-2025T11:51:43 - [TEST_STEP][PASSED] - m = m.trim(): null

24-03-2025T11:51:43 - [TEST_STEP][PASSED] - if (m == ""): null

24-03-2025T11:51:43 - [TEST_STEP][PASSED] - dashboardName = "Выполнение бизнес-плана": null

24-03-2025T11:51:43 - [TEST_STEP][PASSED] - workbook01 = getWorkbook(excelFilePath): null

24-03-2025T11:51:43 - [TEST_STEP][PASSED] - sheet01 = getExcelSheet(workbook01, sheetName): null

24-03-2025T11:51:43 - [TEST_STEP][PASSED] - setValueToCellByIndex(sheet01, n, 0, dashboardName): null

24-03-2025T11:51:43 - [TEST_STEP][PASSED] - setValueToCellByIndex(sheet01, n, 1, dZO): null

24-03-2025T11:51:43 - [TEST_STEP][PASSED] - setValueToCellByIndex(sheet01, n, 2, typeOfData): null

24-03-2025T11:51:43 - [TEST_STEP][PASSED] - if (typeOfData == "Факт в процентах" || typeOfData == "План в процентах"): null

24-03-2025T11:51:43 - [TEST_STEP][PASSED] - else: null

24-03-2025T11:51:43 - [TEST_STEP][PASSED] - setValueToCellByIndex(sheet01, n, 3, fileInt): null

24-03-2025T11:51:43 - [TEST_STEP][PASSED] - setValueToCellByIndex(sheet01, n, 4, pageInt): null

24-03-2025T11:51:43 - [TEST_STEP][PASSED] - setValueToCellByIndex(sheet01, n, 5, m): null

24-03-2025T11:51:43 - [TEST_STEP][PASSED] - setValueToCellByIndex(sheet01, n, 6, y): null

24-03-2025T11:51:43 - [TEST_STEP][PASSED] - setValueToCellByIndex(sheet01, n, 7, todaysDate): null

24-03-2025T11:51:43 - [TEST_STEP][PASSED] - n = n + 1: null

24-03-2025T11:51:43 - [TEST_STEP][PASSED] - saveWorkbook(excelFilePath, workbook01): Object: 'Object Repository/Выполнение бизнес-плана/Кнопка Факт' is clicked on

24-03-2025T11:51:43 - [TEST_STEP][PASSED] - if (planFact == 2): Object: 'Object Repository/Выполнение бизнес-плана/Кнопка Факт' is clicked on

24-03-2025T11:51:43 - [TEST_STEP][PASSED] - click(findTestObject("Выполнение бизнес-плана/Кнопка Факт")): Object: 'Object Repository/Выполнение бизнес-плана/Кнопка Факт' is clicked on

24-03-2025T11:51:44 - [MESSAGE][PASSED] - Object: 'Object Repository/Выполнение бизнес-плана/Кнопка Факт' is clicked on

24-03-2025T11:51:44 - [TEST_STEP][PASSED] - println("a=" + a): null

24-03-2025T11:51:44 - [TEST_STEP][PASSED] - if (a == 84 || a == 82): null

24-03-2025T11:51:44 - [TEST_STEP][PASSED] - page = getText(findTestObject("Выполнение бизнес-плана/textPlanFact")): Text of object 'Object Repository/Выполнение бизнес-плана/textPlanFact' is: '%
6.24 6.24
8.50 8.50
План
Факт
1
100'

24-03-2025T11:51:44 - [MESSAGE][PASSED] - Text of object 'Object Repository/Выполнение бизнес-плана/textPlanFact' is: '%
6.24 6.24
8.50 8.50
План
Факт
1
100'

24-03-2025T11:51:44 - [TEST_STEP][PASSED] - page = page.replaceAll("\n", "_"): null

24-03-2025T11:51:44 - [TEST_STEP][PASSED] - page = page.substring(page.indexOf("_") + 1, page.length()): null

24-03-2025T11:51:44 - [TEST_STEP][PASSED] - page1 = page.substring(0, page.indexOf("_")): null

24-03-2025T11:51:44 - [TEST_STEP][PASSED] - page1 = page.substring(0, page.indexOf(" ")): null

24-03-2025T11:51:44 - [TEST_STEP][PASSED] - page2 = page.substring(page.indexOf("_") + 1, page.length()): null

24-03-2025T11:51:44 - [TEST_STEP][PASSED] - page2 = page2.substring(0, page.indexOf("_")): null

24-03-2025T11:51:44 - [TEST_STEP][PASSED] - page2 = page2.substring(0, page.indexOf(" ")): null

24-03-2025T11:51:44 - [TEST_STEP][PASSED] - println("page1: " + page1): null

24-03-2025T11:51:44 - [TEST_STEP][PASSED] - println("page2: " + page2): null

24-03-2025T11:51:44 - [TEST_STEP][PASSED] - file = findTestData("PlanFact").getValue(4, a): null

24-03-2025T11:51:44 - [TEST_STEP][PASSED] - file = file.replace(",", "."): null

24-03-2025T11:51:44 - [TEST_STEP][PASSED] - println("file Plan: " + file): null

24-03-2025T11:51:44 - [TEST_STEP][PASSED] - typeOfData = "План в процентах": null

24-03-2025T11:51:44 - [TEST_STEP][PASSED] - fileDouble = file.toDouble(): null

24-03-2025T11:51:44 - [TEST_STEP][PASSED] - pageDouble = page1.toDouble(): null

24-03-2025T11:51:44 - [TEST_STEP][PASSED] - if (fileDouble != pageDouble): null

24-03-2025T11:51:44 - [TEST_STEP][PASSED] - numberOfErrors = numberOfErrors + 1: null

24-03-2025T11:51:44 - [TEST_STEP][PASSED] - Script1718980020443.WriteToExcel(a, typeOfData, todaysDate, pageInt, fileInt, pageDouble, fileDouble, dZO): null

24-03-2025T11:51:44 - [TEST_STEP][PASSED] - sheetName = "Sheet1": null

24-03-2025T11:51:44 - [TEST_STEP][PASSED] - data = findTestData("PlanFact"): null

24-03-2025T11:51:44 - [TEST_STEP][PASSED] - n = data.getRowNumbers() + 1: null

24-03-2025T11:51:44 - [TEST_STEP][PASSED] - day = ")).toInteger(): null

24-03-2025T11:51:44 - [TEST_STEP][PASSED] - println(day): null

24-03-2025T11:51:44 - [TEST_STEP][PASSED] - month = ")).toInteger(): null

24-03-2025T11:51:44 - [TEST_STEP][PASSED] - println(month): null

24-03-2025T11:51:44 - [TEST_STEP][PASSED] - y = <not implemented yet for class: org.codehaus.groovy.ast.expr.EmptyExpression>: null

24-03-2025T11:51:44 - [TEST_STEP][PASSED] - iy = <not implemented yet for class: org.codehaus.groovy.ast.expr.EmptyExpression>: null

24-03-2025T11:51:44 - [TEST_STEP][PASSED] - m = getText(findTestObject("Выполнение бизнес-плана/Период")): Text of object 'Object Repository/Выполнение бизнес-плана/Период' is: 'Январь 2025 года'

24-03-2025T11:51:44 - [MESSAGE][PASSED] - Text of object 'Object Repository/Выполнение бизнес-плана/Период' is: 'Январь 2025 года'

24-03-2025T11:51:44 - [TEST_STEP][PASSED] - iy = m.indexOf("20"): null

24-03-2025T11:51:44 - [TEST_STEP][PASSED] - if (iy > -1): null

24-03-2025T11:51:44 - [TEST_STEP][PASSED] - y = substring(iy, iy + 4).toInteger(): null

24-03-2025T11:51:44 - [TEST_STEP][PASSED] - println(y): null

24-03-2025T11:51:44 - [TEST_STEP][PASSED] - if (toString().length() == 4): null

24-03-2025T11:51:44 - [TEST_STEP][PASSED] - m = m.substring(0, m.indexOf(y.toString())): null

24-03-2025T11:51:44 - [TEST_STEP][PASSED] - m = m.trim(): null

24-03-2025T11:51:44 - [TEST_STEP][PASSED] - if (m == ""): null

24-03-2025T11:51:44 - [TEST_STEP][PASSED] - dashboardName = "Выполнение бизнес-плана": null

24-03-2025T11:51:44 - [TEST_STEP][PASSED] - workbook01 = getWorkbook(excelFilePath): null

24-03-2025T11:51:44 - [TEST_STEP][PASSED] - sheet01 = getExcelSheet(workbook01, sheetName): null

24-03-2025T11:51:44 - [TEST_STEP][PASSED] - setValueToCellByIndex(sheet01, n, 0, dashboardName): null

24-03-2025T11:51:44 - [TEST_STEP][PASSED] - setValueToCellByIndex(sheet01, n, 1, dZO): null

24-03-2025T11:51:44 - [TEST_STEP][PASSED] - setValueToCellByIndex(sheet01, n, 2, typeOfData): null

24-03-2025T11:51:44 - [TEST_STEP][PASSED] - if (typeOfData == "Факт в процентах" || typeOfData == "План в процентах"): null

24-03-2025T11:51:44 - [TEST_STEP][PASSED] - setValueToCellByIndex(sheet01, n, 3, fileDouble): null

24-03-2025T11:51:44 - [TEST_STEP][PASSED] - setValueToCellByIndex(sheet01, n, 4, pageDouble): null

24-03-2025T11:51:44 - [TEST_STEP][PASSED] - setValueToCellByIndex(sheet01, n, 5, m): null

24-03-2025T11:51:44 - [TEST_STEP][PASSED] - setValueToCellByIndex(sheet01, n, 6, y): null

24-03-2025T11:51:44 - [TEST_STEP][PASSED] - setValueToCellByIndex(sheet01, n, 7, todaysDate): null

24-03-2025T11:51:44 - [TEST_STEP][PASSED] - n = n + 1: null

24-03-2025T11:51:44 - [TEST_STEP][PASSED] - saveWorkbook(excelFilePath, workbook01): null

24-03-2025T11:51:45 - [TEST_STEP][PASSED] - file = findTestData("PlanFact").getValue(7, a): null

24-03-2025T11:51:45 - [TEST_STEP][PASSED] - file = file.replace(",", "."): null

24-03-2025T11:51:45 - [TEST_STEP][PASSED] - println("file Fact: " + file): null

24-03-2025T11:51:45 - [TEST_STEP][PASSED] - fileDouble = file.toDouble(): null

24-03-2025T11:51:45 - [TEST_STEP][PASSED] - typeOfData = "Факт в процентах": null

24-03-2025T11:51:45 - [TEST_STEP][PASSED] - fileDouble = file.toDouble(): null

24-03-2025T11:51:45 - [TEST_STEP][PASSED] - pageDouble = page2.toDouble(): null

24-03-2025T11:51:45 - [TEST_STEP][PASSED] - if (fileDouble != pageDouble): null

24-03-2025T11:51:45 - [TEST_STEP][PASSED] - numberOfErrors = numberOfErrors + 1: null

24-03-2025T11:51:45 - [TEST_STEP][PASSED] - Script1718980020443.WriteToExcel(a, typeOfData, todaysDate, pageInt, fileInt, pageDouble, fileDouble, dZO): null

24-03-2025T11:51:45 - [TEST_STEP][PASSED] - sheetName = "Sheet1": null

24-03-2025T11:51:45 - [TEST_STEP][PASSED] - data = findTestData("PlanFact"): null

24-03-2025T11:51:45 - [TEST_STEP][PASSED] - n = data.getRowNumbers() + 1: null

24-03-2025T11:51:45 - [TEST_STEP][PASSED] - day = ")).toInteger(): null

24-03-2025T11:51:45 - [TEST_STEP][PASSED] - println(day): null

24-03-2025T11:51:45 - [TEST_STEP][PASSED] - month = ")).toInteger(): null

24-03-2025T11:51:45 - [TEST_STEP][PASSED] - println(month): null

24-03-2025T11:51:45 - [TEST_STEP][PASSED] - y = <not implemented yet for class: org.codehaus.groovy.ast.expr.EmptyExpression>: null

24-03-2025T11:51:45 - [TEST_STEP][PASSED] - iy = <not implemented yet for class: org.codehaus.groovy.ast.expr.EmptyExpression>: null

24-03-2025T11:51:45 - [TEST_STEP][PASSED] - m = getText(findTestObject("Выполнение бизнес-плана/Период")): Text of object 'Object Repository/Выполнение бизнес-плана/Период' is: 'Январь 2025 года'

24-03-2025T11:51:45 - [MESSAGE][PASSED] - Text of object 'Object Repository/Выполнение бизнес-плана/Период' is: 'Январь 2025 года'

24-03-2025T11:51:45 - [TEST_STEP][PASSED] - iy = m.indexOf("20"): null

24-03-2025T11:51:45 - [TEST_STEP][PASSED] - if (iy > -1): null

24-03-2025T11:51:45 - [TEST_STEP][PASSED] - y = substring(iy, iy + 4).toInteger(): null

24-03-2025T11:51:45 - [TEST_STEP][PASSED] - println(y): null

24-03-2025T11:51:45 - [TEST_STEP][PASSED] - if (toString().length() == 4): null

24-03-2025T11:51:45 - [TEST_STEP][PASSED] - m = m.substring(0, m.indexOf(y.toString())): null

24-03-2025T11:51:45 - [TEST_STEP][PASSED] - m = m.trim(): null

24-03-2025T11:51:45 - [TEST_STEP][PASSED] - if (m == ""): null

24-03-2025T11:51:45 - [TEST_STEP][PASSED] - dashboardName = "Выполнение бизнес-плана": null

24-03-2025T11:51:45 - [TEST_STEP][PASSED] - workbook01 = getWorkbook(excelFilePath): null

24-03-2025T11:51:45 - [TEST_STEP][PASSED] - sheet01 = getExcelSheet(workbook01, sheetName): null

24-03-2025T11:51:45 - [TEST_STEP][PASSED] - setValueToCellByIndex(sheet01, n, 0, dashboardName): null

24-03-2025T11:51:45 - [TEST_STEP][PASSED] - setValueToCellByIndex(sheet01, n, 1, dZO): null

24-03-2025T11:51:45 - [TEST_STEP][PASSED] - setValueToCellByIndex(sheet01, n, 2, typeOfData): null

24-03-2025T11:51:45 - [TEST_STEP][PASSED] - if (typeOfData == "Факт в процентах" || typeOfData == "План в процентах"): null

24-03-2025T11:51:45 - [TEST_STEP][PASSED] - setValueToCellByIndex(sheet01, n, 3, fileDouble): null

24-03-2025T11:51:45 - [TEST_STEP][PASSED] - setValueToCellByIndex(sheet01, n, 4, pageDouble): null

24-03-2025T11:51:45 - [TEST_STEP][PASSED] - setValueToCellByIndex(sheet01, n, 5, m): null

24-03-2025T11:51:45 - [TEST_STEP][PASSED] - setValueToCellByIndex(sheet01, n, 6, y): null

24-03-2025T11:51:45 - [TEST_STEP][PASSED] - setValueToCellByIndex(sheet01, n, 7, todaysDate): null

24-03-2025T11:51:45 - [TEST_STEP][PASSED] - n = n + 1: null

24-03-2025T11:51:45 - [TEST_STEP][PASSED] - saveWorkbook(excelFilePath, workbook01): null

24-03-2025T11:51:45 - [TEST_STEP][FAILED] - if (verifyEqual(numberOfErrors, 0) == false): null

24-03-2025T11:51:45 - [MESSAGE][FAILED] - Unable to verify equal between actual object '6' and expected object '0' (Root cause: com.kms.katalon.core.exception.StepFailedException: Actual object '6' and expected object '0' are not equal
	at com.kms.katalon.core.keyword.builtin.VerifyEqualKeyword$_verifyEqual_closure1.doCall(VerifyEqualKeyword.groovy:58)
	at com.kms.katalon.core.keyword.builtin.VerifyEqualKeyword$_verifyEqual_closure1.call(VerifyEqualKeyword.groovy)
	at com.kms.katalon.core.keyword.internal.KeywordMain.runKeyword(KeywordMain.groovy:75)
	at com.kms.katalon.core.keyword.builtin.VerifyEqualKeyword.verifyEqual(VerifyEqualKeyword.groovy:63)
	at com.kms.katalon.core.keyword.builtin.VerifyEqualKeyword.execute(VerifyEqualKeyword.groovy:44)
	at com.kms.katalon.core.keyword.internal.KeywordExecutor.executeKeywordForPlatform(KeywordExecutor.groovy:74)
	at com.kms.katalon.core.keyword.BuiltinKeywords.verifyEqual(BuiltinKeywords.groovy:146)
	at jdk.internal.reflect.GeneratedMethodAccessor22.invoke(Unknown Source)
	at java.base/jdk.internal.reflect.DelegatingMethodAccessorImpl.invoke(DelegatingMethodAccessorImpl.java:43)
	at Выполнение бизнес-плана Сверка ПАО Россети все филиалы.Numbers(Выполнение бизнес-плана Сверка ПАО Россети все филиалы:744)
	at Выполнение бизнес-плана Сверка ПАО Россети все филиалы.run(Выполнение бизнес-плана Сверка ПАО Россети все филиалы:172)
	at com.kms.katalon.core.main.ScriptEngine.run(ScriptEngine.java:194)
	at com.kms.katalon.core.main.ScriptEngine.runScriptAsRawText(ScriptEngine.java:119)
	at com.kms.katalon.core.main.TestCaseExecutor.runScript(TestCaseExecutor.java:448)
	at com.kms.katalon.core.main.TestCaseExecutor.doExecute(TestCaseExecutor.java:439)
	at com.kms.katalon.core.main.TestCaseExecutor.processExecutionPhase(TestCaseExecutor.java:418)
	at com.kms.katalon.core.main.TestCaseExecutor.accessMainPhase(TestCaseExecutor.java:410)
	at com.kms.katalon.core.main.TestCaseExecutor.execute(TestCaseExecutor.java:285)
	at com.kms.katalon.core.common.CommonExecutor.accessTestCaseMainPhase(CommonExecutor.java:65)
	at com.kms.katalon.core.main.TestSuiteExecutor.accessTestSuiteMainPhase(TestSuiteExecutor.java:150)
	at com.kms.katalon.core.main.TestSuiteExecutor.execute(TestSuiteExecutor.java:106)
	at com.kms.katalon.core.main.TestCaseMain.startTestSuite(TestCaseMain.java:180)
	at TempTestSuite1742797761676.run(TempTestSuite1742797761676.groovy:35)
	at java.base/jdk.internal.reflect.NativeMethodAccessorImpl.invoke0(Native Method)
	at java.base/jdk.internal.reflect.NativeMethodAccessorImpl.invoke(NativeMethodAccessorImpl.java:77)
	at java.base/jdk.internal.reflect.DelegatingMethodAccessorImpl.invoke(DelegatingMethodAccessorImpl.java:43)
)

24-03-2025T11:51:45 - [TEST_STEP][PASSED] - println(numberOfErrors): null

24-03-2025T11:51:45 - [TEST_STEP][PASSED] - println("a=" + a): null

24-03-2025T11:51:45 - [TEST_STEP][PASSED] - if (a == 28 || a == 77 || a == 74 || a == 65 || a == 36 || a == 44 || a == 54 || a == 1 || a == 18 || a == 59): null

24-03-2025T11:51:45 - [TEST_STEP][PASSED] - if (a == 82): null

24-03-2025T11:51:45 - [TEST_STEP][PASSED] - dZO = "Россети ФСК ЕЭС": null

24-03-2025T11:51:45 - [TEST_STEP][PASSED] - a = 83: null

24-03-2025T11:51:45 - [TEST_STEP][PASSED] - if (x1.contains("ЕЭС")): null

24-03-2025T11:51:45 - [TEST_STEP][PASSED] - dzoNum = dzoNum + 1: null

24-03-2025T11:51:45 - [TEST_STEP][PASSED] - println(dzoNum): null

24-03-2025T11:51:45 - [TEST_STEP][PASSED] - Script1718980020443.Numbers(a, typeOfData, todaysDate, pageInt, fileInt, pageDouble, fileDouble, dZO, dzoNum, filialNum): null

24-03-2025T11:51:45 - [TEST_STEP][PASSED] - println(dzoNum): null

24-03-2025T11:51:45 - [TEST_STEP][PASSED] - planFact = <not implemented yet for class: org.codehaus.groovy.ast.expr.EmptyExpression>: null

24-03-2025T11:51:45 - [TEST_STEP][PASSED] - page = <not implemented yet for class: org.codehaus.groovy.ast.expr.EmptyExpression>: null

24-03-2025T11:51:45 - [TEST_STEP][PASSED] - page1 = <not implemented yet for class: org.codehaus.groovy.ast.expr.EmptyExpression>: null

24-03-2025T11:51:45 - [TEST_STEP][PASSED] - page2 = <not implemented yet for class: org.codehaus.groovy.ast.expr.EmptyExpression>: null

24-03-2025T11:51:45 - [TEST_STEP][PASSED] - filialNumberInRow = <not implemented yet for class: org.codehaus.groovy.ast.expr.EmptyExpression>: null

24-03-2025T11:51:45 - [TEST_STEP][PASSED] - filialsDzoNames = <not implemented yet for class: org.codehaus.groovy.ast.expr.EmptyExpression>: null

24-03-2025T11:51:45 - [TEST_STEP][PASSED] - numberOfFilials = <not implemented yet for class: org.codehaus.groovy.ast.expr.EmptyExpression>: null

24-03-2025T11:51:45 - [TEST_STEP][PASSED] - numberOfSpaces = <not implemented yet for class: org.codehaus.groovy.ast.expr.EmptyExpression>: null

24-03-2025T11:51:45 - [TEST_STEP][PASSED] - file = <not implemented yet for class: org.codehaus.groovy.ast.expr.EmptyExpression>: null

24-03-2025T11:51:45 - [TEST_STEP][PASSED] - otpusk = <not implemented yet for class: org.codehaus.groovy.ast.expr.EmptyExpression>: null

24-03-2025T11:51:45 - [TEST_STEP][PASSED] - poteri = <not implemented yet for class: org.codehaus.groovy.ast.expr.EmptyExpression>: null

24-03-2025T11:51:45 - [TEST_STEP][PASSED] - dataFolder = "Выполнение бизнес-плана/Значения со страницы Выполнение бизнес-плана/": null

24-03-2025T11:51:45 - [TEST_STEP][PASSED] - path = <not implemented yet for class: org.codehaus.groovy.ast.expr.EmptyExpression>: null

24-03-2025T11:51:45 - [TEST_STEP][PASSED] - typeOfDataMain = <not implemented yet for class: org.codehaus.groovy.ast.expr.EmptyExpression>: null

24-03-2025T11:51:45 - [TEST_STEP][PASSED] - fileOtpuskVSet = <not implemented yet for class: org.codehaus.groovy.ast.expr.EmptyExpression>: null

24-03-2025T11:51:45 - [TEST_STEP][PASSED] - pageOtpuskVSet = <not implemented yet for class: org.codehaus.groovy.ast.expr.EmptyExpression>: null

24-03-2025T11:51:45 - [TEST_STEP][PASSED] - filePoteri = <not implemented yet for class: org.codehaus.groovy.ast.expr.EmptyExpression>: null

24-03-2025T11:51:45 - [TEST_STEP][PASSED] - pagePoteri = <not implemented yet for class: org.codehaus.groovy.ast.expr.EmptyExpression>: null

24-03-2025T11:51:45 - [TEST_STEP][PASSED] - compare = <not implemented yet for class: org.codehaus.groovy.ast.expr.EmptyExpression>: null

24-03-2025T11:51:45 - [TEST_STEP][PASSED] - b = <not implemented yet for class: org.codehaus.groovy.ast.expr.EmptyExpression>: null

24-03-2025T11:51:45 - [TEST_STEP][PASSED] - i = <not implemented yet for class: org.codehaus.groovy.ast.expr.EmptyExpression>: null

24-03-2025T11:51:45 - [TEST_STEP][PASSED] - ii = <not implemented yet for class: org.codehaus.groovy.ast.expr.EmptyExpression>: null

24-03-2025T11:51:45 - [TEST_STEP][PASSED] - c = <not implemented yet for class: org.codehaus.groovy.ast.expr.EmptyExpression>: null

24-03-2025T11:51:45 - [TEST_STEP][PASSED] - numberOfErrors = 0: null

24-03-2025T11:51:45 - [TEST_STEP][PASSED] - if (a == 82): null

24-03-2025T11:51:45 - [TEST_STEP][PASSED] - b = findTestData("PlanFact").getValue(1, a): null

24-03-2025T11:51:46 - [TEST_STEP][PASSED] - i = b.indexOf(" (ГК)"): null

24-03-2025T11:51:46 - [TEST_STEP][PASSED] - if (i > -1): null

24-03-2025T11:51:46 - [TEST_STEP][PASSED] - i = b.indexOf("О ""): null

24-03-2025T11:51:46 - [TEST_STEP][PASSED] - if (i > -1): null

24-03-2025T11:51:46 - [TEST_STEP][PASSED] - i = b.indexOf("О «"): null

24-03-2025T11:51:46 - [TEST_STEP][PASSED] - if (i > -1): null

24-03-2025T11:51:46 - [TEST_STEP][PASSED] - i = b.indexOf("г. "): null

24-03-2025T11:51:46 - [TEST_STEP][PASSED] - if (i > -1): null

24-03-2025T11:51:46 - [TEST_STEP][PASSED] - b = b.trim(): null

24-03-2025T11:51:46 - [TEST_STEP][PASSED] - println(b): null

24-03-2025T11:51:46 - [TEST_STEP][PASSED] - for ([planFact = 1, planFact < 3, (planFact++)]): null

24-03-2025T11:51:46 - [TEST_STEP][PASSED] - if (planFact == 1): null

24-03-2025T11:51:46 - [TEST_STEP][PASSED] - typeOfDataMain = "Факт": null

24-03-2025T11:51:46 - [TEST_STEP][PASSED] - otpusk = findTestData("PlanFact").getValue(5, a): null

24-03-2025T11:51:46 - [TEST_STEP][PASSED] - poteri = findTestData("PlanFact").getValue(6, a): null

24-03-2025T11:51:46 - [TEST_STEP][PASSED] - otpusk = otpusk.replaceAll("\s+", ""): null

24-03-2025T11:51:46 - [TEST_STEP][PASSED] - poteri = poteri.replaceAll("\s+", ""): null

24-03-2025T11:51:46 - [TEST_STEP][PASSED] - typeOfData = typeOfDataMain + " Отпуск в сеть": null

24-03-2025T11:51:46 - [TEST_STEP][PASSED] - if (a == 82): null

24-03-2025T11:51:46 - [TEST_STEP][PASSED] - else if (a == 84): null

24-03-2025T11:51:46 - [TEST_STEP][PASSED] - else if (a == 83 || a == 52 || a == 72 || a == 28 || a == 73 || a == 77 || a == 74 || a == 65 || a == 36 || a == 44 || a == 53 || a == 80 || a == 54 || a == 1 || a == 18 || a == 59 || a == 81): null

24-03-2025T11:51:46 - [TEST_STEP][PASSED] - path = dataFolder + "Table Data/" + typeOfData + " за отчётный период " + dzoNum: null

24-03-2025T11:51:46 - [TEST_STEP][PASSED] - println(path): null

24-03-2025T11:51:46 - [TEST_STEP][PASSED] - page = getText(findTestObject(path)): Text of object 'Object Repository/Выполнение бизнес-плана/Значения со страницы Выполнение бизнес-плана/Table Data/Факт Отпуск в сеть за отчётный период 1' is: '57 256 396'

24-03-2025T11:51:46 - [MESSAGE][PASSED] - Text of object 'Object Repository/Выполнение бизнес-плана/Значения со страницы Выполнение бизнес-плана/Table Data/Факт Отпуск в сеть за отчётный период 1' is: '57 256 396'

24-03-2025T11:51:46 - [TEST_STEP][PASSED] - if (page == "" || page == null): null

24-03-2025T11:51:46 - [TEST_STEP][PASSED] - else: null

24-03-2025T11:51:46 - [TEST_STEP][PASSED] - page = page.replaceAll("\s+", ""): null

24-03-2025T11:51:46 - [TEST_STEP][PASSED] - if (page == "undefined"): null

24-03-2025T11:51:46 - [TEST_STEP][PASSED] - fileOtpuskVSet = otpusk.toInteger(): null

24-03-2025T11:51:46 - [TEST_STEP][PASSED] - pageOtpuskVSet = page.toInteger(): null

24-03-2025T11:51:46 - [TEST_STEP][PASSED] - typeOfData = typeOfDataMain + " Потери": null

24-03-2025T11:51:46 - [TEST_STEP][PASSED] - if (a == 82): null

24-03-2025T11:51:46 - [TEST_STEP][PASSED] - else if (a == 84): null

24-03-2025T11:51:46 - [TEST_STEP][PASSED] - else if (a == 83 || a == 52 || a == 72 || a == 28 || a == 73 || a == 77 || a == 74 || a == 65 || a == 44 || a == 53 || a == 80 || a == 54 || a == 1 || a == 18 || a == 59 || a == 81): null

24-03-2025T11:51:46 - [TEST_STEP][PASSED] - path = dataFolder + "Table Data/" + typeOfData + " за отчётный период " + dzoNum: null

24-03-2025T11:51:46 - [TEST_STEP][PASSED] - page = getText(findTestObject(path)): Text of object 'Object Repository/Выполнение бизнес-плана/Значения со страницы Выполнение бизнес-плана/Table Data/Факт Потери за отчётный период 1' is: '9 338 688'

24-03-2025T11:51:46 - [MESSAGE][PASSED] - Text of object 'Object Repository/Выполнение бизнес-плана/Значения со страницы Выполнение бизнес-плана/Table Data/Факт Потери за отчётный период 1' is: '9 338 688'

24-03-2025T11:51:46 - [TEST_STEP][PASSED] - if (page == "" || page == null): null

24-03-2025T11:51:46 - [TEST_STEP][PASSED] - else: null

24-03-2025T11:51:46 - [TEST_STEP][PASSED] - page = page.replaceAll("\s+", ""): null

24-03-2025T11:51:46 - [TEST_STEP][PASSED] - if (page == "undefined"): null

24-03-2025T11:51:46 - [TEST_STEP][PASSED] - filePoteri = poteri.toInteger(): null

24-03-2025T11:51:46 - [TEST_STEP][PASSED] - pagePoteri = page.toInteger(): null

24-03-2025T11:51:46 - [TEST_STEP][PASSED] - compare = pageOtpuskVSet: null

24-03-2025T11:51:46 - [TEST_STEP][PASSED] - if (pageOtpuskVSet != null): null

24-03-2025T11:51:46 - [TEST_STEP][PASSED] - if (compare == fileOtpuskVSet): null

24-03-2025T11:51:46 - [TEST_STEP][PASSED] - if (compare == fileOtpuskVSet): null

24-03-2025T11:51:46 - [TEST_STEP][PASSED] - compare = pagePoteri: null

24-03-2025T11:51:46 - [TEST_STEP][PASSED] - if (pageOtpuskVSet != null): null

24-03-2025T11:51:46 - [TEST_STEP][PASSED] - if (compare == filePoteri): null

24-03-2025T11:51:46 - [TEST_STEP][PASSED] - else if (compare > filePoteri): null

24-03-2025T11:51:46 - [TEST_STEP][PASSED] - compare = compare - 1: null

24-03-2025T11:51:46 - [TEST_STEP][PASSED] - if (compare == filePoteri): null

24-03-2025T11:51:46 - [TEST_STEP][PASSED] - else: null

24-03-2025T11:51:46 - [TEST_STEP][PASSED] - numberOfErrors = numberOfErrors + 1: null

24-03-2025T11:51:46 - [TEST_STEP][PASSED] - pageInt = pagePoteri: null

24-03-2025T11:51:46 - [TEST_STEP][PASSED] - fileInt = filePoteri: null

24-03-2025T11:51:46 - [TEST_STEP][PASSED] - typeOfData = typeOfDataMain + " Потери": null

24-03-2025T11:51:46 - [TEST_STEP][PASSED] - Script1718980020443.WriteToExcel(a, typeOfData, todaysDate, pageInt, fileInt, pageDouble, fileDouble, dZO): null

24-03-2025T11:51:46 - [TEST_STEP][PASSED] - sheetName = "Sheet1": null

24-03-2025T11:51:46 - [TEST_STEP][PASSED] - data = findTestData("PlanFact"): null

24-03-2025T11:51:46 - [TEST_STEP][PASSED] - n = data.getRowNumbers() + 1: null

24-03-2025T11:51:46 - [TEST_STEP][PASSED] - day = ")).toInteger(): null

24-03-2025T11:51:46 - [TEST_STEP][PASSED] - println(day): null

24-03-2025T11:51:46 - [TEST_STEP][PASSED] - month = ")).toInteger(): null

24-03-2025T11:51:46 - [TEST_STEP][PASSED] - println(month): null

24-03-2025T11:51:46 - [TEST_STEP][PASSED] - y = <not implemented yet for class: org.codehaus.groovy.ast.expr.EmptyExpression>: null

24-03-2025T11:51:46 - [TEST_STEP][PASSED] - iy = <not implemented yet for class: org.codehaus.groovy.ast.expr.EmptyExpression>: null

24-03-2025T11:51:46 - [TEST_STEP][PASSED] - m = getText(findTestObject("Выполнение бизнес-плана/Период")): Text of object 'Object Repository/Выполнение бизнес-плана/Период' is: 'Январь 2025 года'

24-03-2025T11:51:47 - [MESSAGE][PASSED] - Text of object 'Object Repository/Выполнение бизнес-плана/Период' is: 'Январь 2025 года'

24-03-2025T11:51:47 - [TEST_STEP][PASSED] - iy = m.indexOf("20"): null

24-03-2025T11:51:47 - [TEST_STEP][PASSED] - if (iy > -1): null

24-03-2025T11:51:47 - [TEST_STEP][PASSED] - y = substring(iy, iy + 4).toInteger(): null

24-03-2025T11:51:47 - [TEST_STEP][PASSED] - println(y): null

24-03-2025T11:51:47 - [TEST_STEP][PASSED] - if (toString().length() == 4): null

24-03-2025T11:51:47 - [TEST_STEP][PASSED] - m = m.substring(0, m.indexOf(y.toString())): null

24-03-2025T11:51:47 - [TEST_STEP][PASSED] - m = m.trim(): null

24-03-2025T11:51:47 - [TEST_STEP][PASSED] - if (m == ""): null

24-03-2025T11:51:47 - [TEST_STEP][PASSED] - dashboardName = "Выполнение бизнес-плана": null

24-03-2025T11:51:47 - [TEST_STEP][PASSED] - workbook01 = getWorkbook(excelFilePath): null

24-03-2025T11:51:47 - [TEST_STEP][PASSED] - sheet01 = getExcelSheet(workbook01, sheetName): null

24-03-2025T11:51:47 - [TEST_STEP][PASSED] - setValueToCellByIndex(sheet01, n, 0, dashboardName): null

24-03-2025T11:51:47 - [TEST_STEP][PASSED] - setValueToCellByIndex(sheet01, n, 1, dZO): null

24-03-2025T11:51:47 - [TEST_STEP][PASSED] - setValueToCellByIndex(sheet01, n, 2, typeOfData): null

24-03-2025T11:51:47 - [TEST_STEP][PASSED] - if (typeOfData == "Факт в процентах" || typeOfData == "План в процентах"): null

24-03-2025T11:51:47 - [TEST_STEP][PASSED] - else: null

24-03-2025T11:51:47 - [TEST_STEP][PASSED] - setValueToCellByIndex(sheet01, n, 3, fileInt): null

24-03-2025T11:51:47 - [TEST_STEP][PASSED] - setValueToCellByIndex(sheet01, n, 4, pageInt): null

24-03-2025T11:51:47 - [TEST_STEP][PASSED] - setValueToCellByIndex(sheet01, n, 5, m): null

24-03-2025T11:51:47 - [TEST_STEP][PASSED] - setValueToCellByIndex(sheet01, n, 6, y): null

24-03-2025T11:51:47 - [TEST_STEP][PASSED] - setValueToCellByIndex(sheet01, n, 7, todaysDate): null

24-03-2025T11:51:47 - [TEST_STEP][PASSED] - n = n + 1: null

24-03-2025T11:51:47 - [TEST_STEP][FAILED] - saveWorkbook(excelFilePath, workbook01): null

24-03-2025T11:51:47 - [TEST_STEP][PASSED] - if (planFact == 2): null

24-03-2025T11:51:47 - [TEST_STEP][PASSED] - if (planFact == 1): null

24-03-2025T11:51:47 - [TEST_STEP][PASSED] - else if (planFact == 2): null

24-03-2025T11:51:47 - [TEST_STEP][PASSED] - click(findTestObject("Выполнение бизнес-плана/Кнопка План")): Object: 'Object Repository/Выполнение бизнес-плана/Кнопка План' is clicked on

24-03-2025T11:51:47 - [MESSAGE][PASSED] - Object: 'Object Repository/Выполнение бизнес-плана/Кнопка План' is clicked on

24-03-2025T11:51:47 - [TEST_STEP][PASSED] - typeOfDataMain = "План": null

24-03-2025T11:51:47 - [TEST_STEP][PASSED] - otpusk = findTestData("PlanFact").getValue(2, a): null

24-03-2025T11:51:47 - [TEST_STEP][PASSED] - poteri = findTestData("PlanFact").getValue(3, a): null

24-03-2025T11:51:47 - [TEST_STEP][PASSED] - otpusk = otpusk.replaceAll("\s+", ""): null

24-03-2025T11:51:47 - [TEST_STEP][PASSED] - poteri = poteri.replaceAll("\s+", ""): null

24-03-2025T11:51:47 - [TEST_STEP][PASSED] - typeOfData = typeOfDataMain + " Отпуск в сеть": null

24-03-2025T11:51:47 - [TEST_STEP][PASSED] - if (a == 82): null

24-03-2025T11:51:47 - [TEST_STEP][PASSED] - else if (a == 84): null

24-03-2025T11:51:47 - [TEST_STEP][PASSED] - else if (a == 83 || a == 52 || a == 72 || a == 28 || a == 73 || a == 77 || a == 74 || a == 65 || a == 36 || a == 44 || a == 53 || a == 80 || a == 54 || a == 1 || a == 18 || a == 59 || a == 81): null

24-03-2025T11:51:47 - [TEST_STEP][PASSED] - path = dataFolder + "Table Data/" + typeOfData + " за отчётный период " + dzoNum: null

24-03-2025T11:51:47 - [TEST_STEP][PASSED] - println(path): null

24-03-2025T11:51:47 - [TEST_STEP][PASSED] - page = getText(findTestObject(path)): Text of object 'Object Repository/Выполнение бизнес-плана/Значения со страницы Выполнение бизнес-плана/Table Data/План Отпуск в сеть за отчётный период 1' is: '58 806 842'

24-03-2025T11:51:48 - [MESSAGE][PASSED] - Text of object 'Object Repository/Выполнение бизнес-плана/Значения со страницы Выполнение бизнес-плана/Table Data/План Отпуск в сеть за отчётный период 1' is: '58 806 842'

24-03-2025T11:51:48 - [TEST_STEP][PASSED] - if (page == "" || page == null): null

24-03-2025T11:51:48 - [TEST_STEP][PASSED] - else: null

24-03-2025T11:51:48 - [TEST_STEP][PASSED] - page = page.replaceAll("\s+", ""): null

24-03-2025T11:51:48 - [TEST_STEP][PASSED] - if (page == "undefined"): null

24-03-2025T11:51:48 - [TEST_STEP][PASSED] - fileOtpuskVSet = otpusk.toInteger(): null

24-03-2025T11:51:48 - [TEST_STEP][PASSED] - pageOtpuskVSet = page.toInteger(): null

24-03-2025T11:51:48 - [TEST_STEP][PASSED] - typeOfData = typeOfDataMain + " Потери": null

24-03-2025T11:51:48 - [TEST_STEP][PASSED] - if (a == 82): null

24-03-2025T11:51:48 - [TEST_STEP][PASSED] - else if (a == 84): null

24-03-2025T11:51:48 - [TEST_STEP][PASSED] - else if (a == 83 || a == 52 || a == 72 || a == 28 || a == 73 || a == 77 || a == 74 || a == 65 || a == 44 || a == 53 || a == 80 || a == 54 || a == 1 || a == 18 || a == 59 || a == 81): null

24-03-2025T11:51:48 - [TEST_STEP][PASSED] - path = dataFolder + "Table Data/" + typeOfData + " за отчётный период " + dzoNum: null

24-03-2025T11:51:48 - [TEST_STEP][FAILED] - page = getText(findTestObject(path)): Unable to get text of object 'Object Repository/Выполнение бизнес-плана/Значения со страницы Выполнение бизнес-плана/Table Data/План Потери за отчётный период 1' (Root cause: com.kms.katalon.core.exception.StepFailedException: Unable to get text of object 'Object Repository/Выполнение бизнес-плана/Значения со страницы Выполнение бизнес-плана/Table Data/План Потери за отчётный период 1'
	at com.kms.katalon.core.webui.keyword.internal.WebUIKeywordMain.stepFailed(WebUIKeywordMain.groovy:64)
	at com.kms.katalon.core.webui.keyword.internal.WebUIKeywordMain.runKeyword(WebUIKeywordMain.groovy:26)
	at com.kms.katalon.core.webui.keyword.builtin.GetTextKeyword.getText(GetTextKeyword.groovy:88)
	at com.kms.katalon.core.webui.keyword.builtin.GetTextKeyword.execute(GetTextKeyword.groovy:67)
	at com.kms.katalon.core.keyword.internal.KeywordExecutor.executeKeywordForPlatform(KeywordExecutor.groovy:74)
	at com.kms.katalon.core.webui.keyword.WebUiBuiltInKeywords.getText(WebUiBuiltInKeywords.groovy:957)
	at Выполнение бизнес-плана Сверка ПАО Россети все филиалы.Numbers(Выполнение бизнес-плана Сверка ПАО Россети все филиалы:594)
	at Выполнение бизнес-плана Сверка ПАО Россети все филиалы.run(Выполнение бизнес-плана Сверка ПАО Россети все филиалы:183)
	at com.kms.katalon.core.main.ScriptEngine.run(ScriptEngine.java:194)
	at com.kms.katalon.core.main.ScriptEngine.runScriptAsRawText(ScriptEngine.java:119)
	at com.kms.katalon.core.main.TestCaseExecutor.runScript(TestCaseExecutor.java:448)
	at com.kms.katalon.core.main.TestCaseExecutor.doExecute(TestCaseExecutor.java:439)
	at com.kms.katalon.core.main.TestCaseExecutor.processExecutionPhase(TestCaseExecutor.java:418)
	at com.kms.katalon.core.main.TestCaseExecutor.accessMainPhase(TestCaseExecutor.java:410)
	at com.kms.katalon.core.main.TestCaseExecutor.execute(TestCaseExecutor.java:285)
	at com.kms.katalon.core.common.CommonExecutor.accessTestCaseMainPhase(CommonExecutor.java:65)
	at com.kms.katalon.core.main.TestSuiteExecutor.accessTestSuiteMainPhase(TestSuiteExecutor.java:150)
	at com.kms.katalon.core.main.TestSuiteExecutor.execute(TestSuiteExecutor.java:106)
	at com.kms.katalon.core.main.TestCaseMain.startTestSuite(TestCaseMain.java:180)
	at TempTestSuite1742797761676.run(TempTestSuite1742797761676.groovy:35)
	at java.base/jdk.internal.reflect.NativeMethodAccessorImpl.invoke0(Native Method)
	at java.base/jdk.internal.reflect.NativeMethodAccessorImpl.invoke(NativeMethodAccessorImpl.java:77)
	at java.base/jdk.internal.reflect.DelegatingMethodAccessorImpl.invoke(DelegatingMethodAccessorImpl.java:43)
Caused by: com.kms.katalon.core.webui.exception.WebElementNotFoundException: Web element with id: 'Object Repository/Выполнение бизнес-плана/Значения со страницы Выполнение бизнес-плана/Table Data/План Потери за отчётный период 1' located by '(.//*[normalize-space(text()) and normalize-space(.)='Показатели баланса электроэнергии по ДЗО – План'])[2]/following::td[35]' not found
	at com.kms.katalon.core.webui.common.WebUiCommonHelper.findWebElement(WebUiCommonHelper.java:1426)
	at com.kms.katalon.core.webui.keyword.internal.WebUIAbstractKeyword.findWebElement(WebUIAbstractKeyword.groovy:27)
	at com.kms.katalon.core.webui.keyword.internal.WebUIAbstractKeyword.findWebElement(WebUIAbstractKeyword.groovy:26)
	at com.kms.katalon.core.webui.keyword.builtin.GetTextKeyword$_getText_closure1.doCall(GetTextKeyword.groovy:78)
	at com.kms.katalon.core.webui.keyword.builtin.GetTextKeyword$_getText_closure1.call(GetTextKeyword.groovy)
	at com.kms.katalon.core.webui.keyword.internal.WebUIKeywordMain.runKeyword(WebUIKeywordMain.groovy:20)
	at com.kms.katalon.core.webui.keyword.builtin.GetTextKeyword.getText(GetTextKeyword.groovy:88)
	at com.kms.katalon.core.webui.keyword.builtin.GetTextKeyword.execute(GetTextKeyword.groovy:67)
	at com.kms.katalon.core.keyword.internal.KeywordExecutor.executeKeywordForPlatform(KeywordExecutor.groovy:74)
	at com.kms.katalon.core.webui.keyword.WebUiBuiltInKeywords.getText(WebUiBuiltInKeywords.groovy:957)
	at Script1718980020443.Numbers(Script1718980020443.groovy:594)
	at Script1718980020443.run(Script1718980020443.groovy:183)
	... 15 more
)

24-03-2025T11:52:19 - [MESSAGE][INFO] - Unable to find the element located by 'By.xpath: (.//*[normalize-space(text()) and normalize-space(.)='Показатели баланса электроэнергии по ДЗО – План'])[2]/following::td[35]'. Please recheck the objects properties to make sure the desired element is located. 

24-03-2025T11:52:19 - [MESSAGE][FAILED] - Unable to get text of object 'Object Repository/Выполнение бизнес-плана/Значения со страницы Выполнение бизнес-плана/Table Data/План Потери за отчётный период 1' (Root cause: com.kms.katalon.core.exception.StepFailedException: Unable to get text of object 'Object Repository/Выполнение бизнес-плана/Значения со страницы Выполнение бизнес-плана/Table Data/План Потери за отчётный период 1'
	at com.kms.katalon.core.webui.keyword.internal.WebUIKeywordMain.stepFailed(WebUIKeywordMain.groovy:64)
	at com.kms.katalon.core.webui.keyword.internal.WebUIKeywordMain.runKeyword(WebUIKeywordMain.groovy:26)
	at com.kms.katalon.core.webui.keyword.builtin.GetTextKeyword.getText(GetTextKeyword.groovy:88)
	at com.kms.katalon.core.webui.keyword.builtin.GetTextKeyword.execute(GetTextKeyword.groovy:67)
	at com.kms.katalon.core.keyword.internal.KeywordExecutor.executeKeywordForPlatform(KeywordExecutor.groovy:74)
	at com.kms.katalon.core.webui.keyword.WebUiBuiltInKeywords.getText(WebUiBuiltInKeywords.groovy:957)
	at Выполнение бизнес-плана Сверка ПАО Россети все филиалы.Numbers(Выполнение бизнес-плана Сверка ПАО Россети все филиалы:594)
	at Выполнение бизнес-плана Сверка ПАО Россети все филиалы.run(Выполнение бизнес-плана Сверка ПАО Россети все филиалы:183)
	at com.kms.katalon.core.main.ScriptEngine.run(ScriptEngine.java:194)
	at com.kms.katalon.core.main.ScriptEngine.runScriptAsRawText(ScriptEngine.java:119)
	at com.kms.katalon.core.main.TestCaseExecutor.runScript(TestCaseExecutor.java:448)
	at com.kms.katalon.core.main.TestCaseExecutor.doExecute(TestCaseExecutor.java:439)
	at com.kms.katalon.core.main.TestCaseExecutor.processExecutionPhase(TestCaseExecutor.java:418)
	at com.kms.katalon.core.main.TestCaseExecutor.accessMainPhase(TestCaseExecutor.java:410)
	at com.kms.katalon.core.main.TestCaseExecutor.execute(TestCaseExecutor.java:285)
	at com.kms.katalon.core.common.CommonExecutor.accessTestCaseMainPhase(CommonExecutor.java:65)
	at com.kms.katalon.core.main.TestSuiteExecutor.accessTestSuiteMainPhase(TestSuiteExecutor.java:150)
	at com.kms.katalon.core.main.TestSuiteExecutor.execute(TestSuiteExecutor.java:106)
	at com.kms.katalon.core.main.TestCaseMain.startTestSuite(TestCaseMain.java:180)
	at TempTestSuite1742797761676.run(TempTestSuite1742797761676.groovy:35)
	at java.base/jdk.internal.reflect.NativeMethodAccessorImpl.invoke0(Native Method)
	at java.base/jdk.internal.reflect.NativeMethodAccessorImpl.invoke(NativeMethodAccessorImpl.java:77)
	at java.base/jdk.internal.reflect.DelegatingMethodAccessorImpl.invoke(DelegatingMethodAccessorImpl.java:43)
Caused by: com.kms.katalon.core.webui.exception.WebElementNotFoundException: Web element with id: 'Object Repository/Выполнение бизнес-плана/Значения со страницы Выполнение бизнес-плана/Table Data/План Потери за отчётный период 1' located by '(.//*[normalize-space(text()) and normalize-space(.)='Показатели баланса электроэнергии по ДЗО – План'])[2]/following::td[35]' not found
	at com.kms.katalon.core.webui.common.WebUiCommonHelper.findWebElement(WebUiCommonHelper.java:1426)
	at com.kms.katalon.core.webui.keyword.internal.WebUIAbstractKeyword.findWebElement(WebUIAbstractKeyword.groovy:27)
	at com.kms.katalon.core.webui.keyword.internal.WebUIAbstractKeyword.findWebElement(WebUIAbstractKeyword.groovy:26)
	at com.kms.katalon.core.webui.keyword.builtin.GetTextKeyword$_getText_closure1.doCall(GetTextKeyword.groovy:78)
	at com.kms.katalon.core.webui.keyword.builtin.GetTextKeyword$_getText_closure1.call(GetTextKeyword.groovy)
	at com.kms.katalon.core.webui.keyword.internal.WebUIKeywordMain.runKeyword(WebUIKeywordMain.groovy:20)
	at com.kms.katalon.core.webui.keyword.builtin.GetTextKeyword.getText(GetTextKeyword.groovy:88)
	at com.kms.katalon.core.webui.keyword.builtin.GetTextKeyword.execute(GetTextKeyword.groovy:67)
	at com.kms.katalon.core.keyword.internal.KeywordExecutor.executeKeywordForPlatform(KeywordExecutor.groovy:74)
	at com.kms.katalon.core.webui.keyword.WebUiBuiltInKeywords.getText(WebUiBuiltInKeywords.groovy:957)
	at Script1718980020443.Numbers(Script1718980020443.groovy:594)
	at Script1718980020443.run(Script1718980020443.groovy:183)
	... 15 more
)
[[ATTACHMENT|C:\\Users\\LIAZGINA-DI\\git\\SPORU\\Reports\\20250324_092921\\\u041F\u043D-\u0421\u0440-\u041F\u0442\\\u0421\u0432\u0435\u0440\u043A\u0430 \u0434\u0430\u0448\u0431\u043E\u0440\u0434\u043E\u0432 \u0438\u0437 \u0440\u0430\u0437\u043D\u044B\u0445 \u0431\u043B\u043E\u043A\u043E\u0432\\20250324_092921\\1742806339190.png]]

24-03-2025T11:52:19 - [TEST_STEP][PASSED] - if (page == "" || page == null): null

24-03-2025T11:52:19 - [TEST_STEP][PASSED] - fileInt = poteri.toInteger(): null

24-03-2025T11:52:19 - [TEST_STEP][PASSED] - Script1718980020443.WriteToExcelNoData(a, typeOfData, todaysDate, fileInt, fileDouble, dZO): null

24-03-2025T11:52:19 - [TEST_STEP][PASSED] - sheetName = "Sheet1": null

24-03-2025T11:52:19 - [TEST_STEP][PASSED] - data = findTestData("PlanFact"): null

24-03-2025T11:52:19 - [TEST_STEP][PASSED] - n = data.getRowNumbers() + 1: null

24-03-2025T11:52:19 - [TEST_STEP][PASSED] - day = ")).toInteger(): null

24-03-2025T11:52:19 - [TEST_STEP][PASSED] - println(day): null

24-03-2025T11:52:19 - [TEST_STEP][PASSED] - month = ")).toInteger(): null

24-03-2025T11:52:19 - [TEST_STEP][PASSED] - println(month): null

24-03-2025T11:52:19 - [TEST_STEP][PASSED] - y = <not implemented yet for class: org.codehaus.groovy.ast.expr.EmptyExpression>: null

24-03-2025T11:52:19 - [TEST_STEP][PASSED] - iy = <not implemented yet for class: org.codehaus.groovy.ast.expr.EmptyExpression>: null

24-03-2025T11:52:19 - [TEST_STEP][PASSED] - m = getText(findTestObject("Выполнение бизнес-плана/Период")): Text of object 'Object Repository/Выполнение бизнес-плана/Период' is: 'Январь 2025 года'

24-03-2025T11:52:19 - [MESSAGE][PASSED] - Text of object 'Object Repository/Выполнение бизнес-плана/Период' is: 'Январь 2025 года'

24-03-2025T11:52:19 - [TEST_STEP][PASSED] - iy = m.indexOf("20"): null

24-03-2025T11:52:19 - [TEST_STEP][PASSED] - if (iy > -1): null

24-03-2025T11:52:19 - [TEST_STEP][PASSED] - y = substring(iy, iy + 4).toInteger(): null

24-03-2025T11:52:19 - [TEST_STEP][PASSED] - println(y): null

24-03-2025T11:52:19 - [TEST_STEP][PASSED] - if (toString().length() == 4): null

24-03-2025T11:52:19 - [TEST_STEP][PASSED] - m = m.substring(0, m.indexOf(y.toString())): null

24-03-2025T11:52:19 - [TEST_STEP][PASSED] - m = m.trim(): null

24-03-2025T11:52:19 - [TEST_STEP][PASSED] - if (m == ""): null

24-03-2025T11:52:19 - [TEST_STEP][PASSED] - dashboardName = "Выполнение бизнес-плана": null

24-03-2025T11:52:19 - [TEST_STEP][PASSED] - workbook01 = getWorkbook(excelFilePath): null

24-03-2025T11:52:19 - [TEST_STEP][PASSED] - sheet01 = getExcelSheet(workbook01, sheetName): null

24-03-2025T11:52:19 - [TEST_STEP][PASSED] - setValueToCellByIndex(sheet01, n, 0, dashboardName): null

24-03-2025T11:52:19 - [TEST_STEP][PASSED] - setValueToCellByIndex(sheet01, n, 1, dZO): null

24-03-2025T11:52:19 - [TEST_STEP][PASSED] - setValueToCellByIndex(sheet01, n, 2, typeOfData): null

24-03-2025T11:52:19 - [TEST_STEP][PASSED] - if (typeOfData == "Факт в процентах" || typeOfData == "План в процентах"): null

24-03-2025T11:52:19 - [TEST_STEP][PASSED] - else: null

24-03-2025T11:52:19 - [TEST_STEP][PASSED] - setValueToCellByIndex(sheet01, n, 3, fileInt): null

24-03-2025T11:52:19 - [TEST_STEP][PASSED] - setValueToCellByIndex(sheet01, n, 4, "нет данных"): null

24-03-2025T11:52:19 - [TEST_STEP][PASSED] - setValueToCellByIndex(sheet01, n, 5, m): null

24-03-2025T11:52:19 - [TEST_STEP][PASSED] - setValueToCellByIndex(sheet01, n, 6, y): null

24-03-2025T11:52:19 - [TEST_STEP][PASSED] - setValueToCellByIndex(sheet01, n, 7, todaysDate): null

24-03-2025T11:52:19 - [TEST_STEP][PASSED] - n = n + 1: null

24-03-2025T11:52:19 - [TEST_STEP][PASSED] - saveWorkbook(excelFilePath, workbook01): null

24-03-2025T11:52:19 - [TEST_STEP][PASSED] - compare = pageOtpuskVSet: null

24-03-2025T11:52:19 - [TEST_STEP][PASSED] - if (pageOtpuskVSet != null): null

24-03-2025T11:52:19 - [TEST_STEP][PASSED] - if (compare == fileOtpuskVSet): null

24-03-2025T11:52:19 - [TEST_STEP][PASSED] - if (compare == fileOtpuskVSet): null

24-03-2025T11:52:19 - [TEST_STEP][PASSED] - compare = pagePoteri: null

24-03-2025T11:52:19 - [TEST_STEP][PASSED] - if (pageOtpuskVSet != null): null

24-03-2025T11:52:19 - [TEST_STEP][PASSED] - if (compare == filePoteri): null

24-03-2025T11:52:19 - [TEST_STEP][PASSED] - else if (compare > filePoteri): null

24-03-2025T11:52:19 - [TEST_STEP][PASSED] - compare = compare - 1: null

24-03-2025T11:52:19 - [TEST_STEP][PASSED] - if (compare == filePoteri): null

24-03-2025T11:52:19 - [TEST_STEP][PASSED] - else: null

24-03-2025T11:52:19 - [TEST_STEP][PASSED] - numberOfErrors = numberOfErrors + 1: null

24-03-2025T11:52:19 - [TEST_STEP][PASSED] - pageInt = pagePoteri: null

24-03-2025T11:52:19 - [TEST_STEP][PASSED] - fileInt = filePoteri: null

24-03-2025T11:52:19 - [TEST_STEP][PASSED] - typeOfData = typeOfDataMain + " Потери": null

24-03-2025T11:52:19 - [TEST_STEP][PASSED] - Script1718980020443.WriteToExcel(a, typeOfData, todaysDate, pageInt, fileInt, pageDouble, fileDouble, dZO): null

24-03-2025T11:52:19 - [TEST_STEP][PASSED] - sheetName = "Sheet1": null

24-03-2025T11:52:19 - [TEST_STEP][PASSED] - data = findTestData("PlanFact"): null

24-03-2025T11:52:19 - [TEST_STEP][PASSED] - n = data.getRowNumbers() + 1: null

24-03-2025T11:52:19 - [TEST_STEP][PASSED] - day = ")).toInteger(): null

24-03-2025T11:52:19 - [TEST_STEP][PASSED] - println(day): null

24-03-2025T11:52:19 - [TEST_STEP][PASSED] - month = ")).toInteger(): null

24-03-2025T11:52:19 - [TEST_STEP][PASSED] - println(month): null

24-03-2025T11:52:19 - [TEST_STEP][PASSED] - y = <not implemented yet for class: org.codehaus.groovy.ast.expr.EmptyExpression>: null

24-03-2025T11:52:19 - [TEST_STEP][PASSED] - iy = <not implemented yet for class: org.codehaus.groovy.ast.expr.EmptyExpression>: null

24-03-2025T11:52:19 - [TEST_STEP][PASSED] - m = getText(findTestObject("Выполнение бизнес-плана/Период")): Text of object 'Object Repository/Выполнение бизнес-плана/Период' is: 'Январь 2025 года'

24-03-2025T11:52:20 - [MESSAGE][PASSED] - Text of object 'Object Repository/Выполнение бизнес-плана/Период' is: 'Январь 2025 года'

24-03-2025T11:52:20 - [TEST_STEP][PASSED] - iy = m.indexOf("20"): null

24-03-2025T11:52:20 - [TEST_STEP][PASSED] - if (iy > -1): null

24-03-2025T11:52:20 - [TEST_STEP][PASSED] - y = substring(iy, iy + 4).toInteger(): null

24-03-2025T11:52:20 - [TEST_STEP][PASSED] - println(y): null

24-03-2025T11:52:20 - [TEST_STEP][PASSED] - if (toString().length() == 4): null

24-03-2025T11:52:20 - [TEST_STEP][PASSED] - m = m.substring(0, m.indexOf(y.toString())): null

24-03-2025T11:52:20 - [TEST_STEP][PASSED] - m = m.trim(): null

24-03-2025T11:52:20 - [TEST_STEP][PASSED] - if (m == ""): null

24-03-2025T11:52:20 - [TEST_STEP][PASSED] - dashboardName = "Выполнение бизнес-плана": null

24-03-2025T11:52:20 - [TEST_STEP][PASSED] - workbook01 = getWorkbook(excelFilePath): null

24-03-2025T11:52:20 - [TEST_STEP][PASSED] - sheet01 = getExcelSheet(workbook01, sheetName): null

24-03-2025T11:52:20 - [TEST_STEP][PASSED] - setValueToCellByIndex(sheet01, n, 0, dashboardName): null

24-03-2025T11:52:20 - [TEST_STEP][PASSED] - setValueToCellByIndex(sheet01, n, 1, dZO): null

24-03-2025T11:52:20 - [TEST_STEP][PASSED] - setValueToCellByIndex(sheet01, n, 2, typeOfData): null

24-03-2025T11:52:20 - [TEST_STEP][PASSED] - if (typeOfData == "Факт в процентах" || typeOfData == "План в процентах"): null

24-03-2025T11:52:20 - [TEST_STEP][PASSED] - else: null

24-03-2025T11:52:20 - [TEST_STEP][PASSED] - setValueToCellByIndex(sheet01, n, 3, fileInt): null

24-03-2025T11:52:20 - [TEST_STEP][PASSED] - setValueToCellByIndex(sheet01, n, 4, pageInt): null

24-03-2025T11:52:20 - [TEST_STEP][PASSED] - setValueToCellByIndex(sheet01, n, 5, m): null

24-03-2025T11:52:20 - [TEST_STEP][PASSED] - setValueToCellByIndex(sheet01, n, 6, y): null

24-03-2025T11:52:20 - [TEST_STEP][PASSED] - setValueToCellByIndex(sheet01, n, 7, todaysDate): null

24-03-2025T11:52:20 - [TEST_STEP][PASSED] - n = n + 1: null

24-03-2025T11:52:20 - [TEST_STEP][PASSED] - saveWorkbook(excelFilePath, workbook01): Object: 'Object Repository/Выполнение бизнес-плана/Кнопка Факт' is clicked on

24-03-2025T11:52:20 - [TEST_STEP][PASSED] - if (planFact == 2): Object: 'Object Repository/Выполнение бизнес-плана/Кнопка Факт' is clicked on

24-03-2025T11:52:20 - [TEST_STEP][PASSED] - click(findTestObject("Выполнение бизнес-плана/Кнопка Факт")): Object: 'Object Repository/Выполнение бизнес-плана/Кнопка Факт' is clicked on

24-03-2025T11:52:20 - [MESSAGE][PASSED] - Object: 'Object Repository/Выполнение бизнес-плана/Кнопка Факт' is clicked on

24-03-2025T11:52:20 - [TEST_STEP][PASSED] - println("a=" + a): null

24-03-2025T11:52:20 - [TEST_STEP][PASSED] - if (a == 84 || a == 82): null

24-03-2025T11:52:20 - [TEST_STEP][PASSED] - else if (a == 83 || a == 52 || a == 72 || a == 28 || a == 73 || a == 77 || a == 74 || a == 65 || a == 36 || a == 44 || a == 53 || a == 80 || a == 54 || a == 1 || a == 18 || a == 59 || a == 81): null

24-03-2025T11:52:20 - [TEST_STEP][PASSED] - page1 = getText(findTestObject("Object Repository/Выполнение бизнес-плана/spanPlan" + dzoNum)): Text of object 'Object Repository/Выполнение бизнес-плана/spanPlan1' is: '4.01
|'

24-03-2025T11:52:21 - [MESSAGE][PASSED] - Text of object 'Object Repository/Выполнение бизнес-плана/spanPlan1' is: '4.01
|'

24-03-2025T11:52:21 - [TEST_STEP][PASSED] - page1 = page1.replace("|", ""): null

24-03-2025T11:52:21 - [TEST_STEP][PASSED] - page2 = getText(findTestObject("Object Repository/Выполнение бизнес-плана/spanFact" + dzoNum)): Text of object 'Object Repository/Выполнение бизнес-плана/spanFact1' is: '4.00'

24-03-2025T11:52:21 - [MESSAGE][PASSED] - Text of object 'Object Repository/Выполнение бизнес-плана/spanFact1' is: '4.00'

24-03-2025T11:52:21 - [TEST_STEP][PASSED] - page2 = page2.replace("|", ""): null

24-03-2025T11:52:21 - [TEST_STEP][PASSED] - println("page1: " + page1): null

24-03-2025T11:52:21 - [TEST_STEP][PASSED] - println("page2: " + page2): null

24-03-2025T11:52:21 - [TEST_STEP][PASSED] - file = findTestData("PlanFact").getValue(4, a): null

24-03-2025T11:52:21 - [TEST_STEP][PASSED] - file = file.replace(",", "."): null

24-03-2025T11:52:21 - [TEST_STEP][PASSED] - println("file Plan: " + file): null

24-03-2025T11:52:21 - [TEST_STEP][PASSED] - typeOfData = "План в процентах": null

24-03-2025T11:52:21 - [TEST_STEP][PASSED] - fileDouble = file.toDouble(): null

24-03-2025T11:52:21 - [TEST_STEP][PASSED] - pageDouble = page1.toDouble(): null

24-03-2025T11:52:21 - [TEST_STEP][PASSED] - if (fileDouble != pageDouble): null

24-03-2025T11:52:21 - [TEST_STEP][PASSED] - file = findTestData("PlanFact").getValue(7, a): null

24-03-2025T11:52:21 - [TEST_STEP][PASSED] - file = file.replace(",", "."): null

24-03-2025T11:52:21 - [TEST_STEP][PASSED] - println("file Fact: " + file): null

24-03-2025T11:52:21 - [TEST_STEP][PASSED] - fileDouble = file.toDouble(): null

24-03-2025T11:52:21 - [TEST_STEP][PASSED] - typeOfData = "Факт в процентах": null

24-03-2025T11:52:21 - [TEST_STEP][PASSED] - fileDouble = file.toDouble(): null

24-03-2025T11:52:21 - [TEST_STEP][PASSED] - pageDouble = page2.toDouble(): null

24-03-2025T11:52:21 - [TEST_STEP][PASSED] - if (fileDouble != pageDouble): null

24-03-2025T11:52:21 - [TEST_STEP][FAILED] - if (verifyEqual(numberOfErrors, 0) == false): null

24-03-2025T11:52:21 - [MESSAGE][FAILED] - Unable to verify equal between actual object '2' and expected object '0' (Root cause: com.kms.katalon.core.exception.StepFailedException: Actual object '2' and expected object '0' are not equal
	at com.kms.katalon.core.keyword.builtin.VerifyEqualKeyword$_verifyEqual_closure1.doCall(VerifyEqualKeyword.groovy:58)
	at com.kms.katalon.core.keyword.builtin.VerifyEqualKeyword$_verifyEqual_closure1.call(VerifyEqualKeyword.groovy)
	at com.kms.katalon.core.keyword.internal.KeywordMain.runKeyword(KeywordMain.groovy:75)
	at com.kms.katalon.core.keyword.builtin.VerifyEqualKeyword.verifyEqual(VerifyEqualKeyword.groovy:63)
	at com.kms.katalon.core.keyword.builtin.VerifyEqualKeyword.execute(VerifyEqualKeyword.groovy:44)
	at com.kms.katalon.core.keyword.internal.KeywordExecutor.executeKeywordForPlatform(KeywordExecutor.groovy:74)
	at com.kms.katalon.core.keyword.BuiltinKeywords.verifyEqual(BuiltinKeywords.groovy:146)
	at jdk.internal.reflect.GeneratedMethodAccessor22.invoke(Unknown Source)
	at java.base/jdk.internal.reflect.DelegatingMethodAccessorImpl.invoke(DelegatingMethodAccessorImpl.java:43)
	at Выполнение бизнес-плана Сверка ПАО Россети все филиалы.Numbers(Выполнение бизнес-плана Сверка ПАО Россети все филиалы:744)
	at Выполнение бизнес-плана Сверка ПАО Россети все филиалы.run(Выполнение бизнес-плана Сверка ПАО Россети все филиалы:183)
	at com.kms.katalon.core.main.ScriptEngine.run(ScriptEngine.java:194)
	at com.kms.katalon.core.main.ScriptEngine.runScriptAsRawText(ScriptEngine.java:119)
	at com.kms.katalon.core.main.TestCaseExecutor.runScript(TestCaseExecutor.java:448)
	at com.kms.katalon.core.main.TestCaseExecutor.doExecute(TestCaseExecutor.java:439)
	at com.kms.katalon.core.main.TestCaseExecutor.processExecutionPhase(TestCaseExecutor.java:418)
	at com.kms.katalon.core.main.TestCaseExecutor.accessMainPhase(TestCaseExecutor.java:410)
	at com.kms.katalon.core.main.TestCaseExecutor.execute(TestCaseExecutor.java:285)
	at com.kms.katalon.core.common.CommonExecutor.accessTestCaseMainPhase(CommonExecutor.java:65)
	at com.kms.katalon.core.main.TestSuiteExecutor.accessTestSuiteMainPhase(TestSuiteExecutor.java:150)
	at com.kms.katalon.core.main.TestSuiteExecutor.execute(TestSuiteExecutor.java:106)
	at com.kms.katalon.core.main.TestCaseMain.startTestSuite(TestCaseMain.java:180)
	at TempTestSuite1742797761676.run(TempTestSuite1742797761676.groovy:35)
	at java.base/jdk.internal.reflect.NativeMethodAccessorImpl.invoke0(Native Method)
	at java.base/jdk.internal.reflect.NativeMethodAccessorImpl.invoke(NativeMethodAccessorImpl.java:77)
	at java.base/jdk.internal.reflect.DelegatingMethodAccessorImpl.invoke(DelegatingMethodAccessorImpl.java:43)
)

24-03-2025T11:52:21 - [TEST_STEP][PASSED] - println(numberOfErrors): null

24-03-2025T11:52:21 - [TEST_STEP][PASSED] - println("a=" + a): null

24-03-2025T11:52:21 - [TEST_STEP][PASSED] - if (a == 28 || a == 77 || a == 74 || a == 65 || a == 36 || a == 44 || a == 54 || a == 1 || a == 18 || a == 59): null

24-03-2025T11:52:21 - [TEST_STEP][PASSED] - if (a == 82): null

24-03-2025T11:52:21 - [TEST_STEP][PASSED] - println(dzoNum): null

24-03-2025T11:52:21 - [TEST_STEP][PASSED] - dZO = "РаспредКомплекс": null

24-03-2025T11:52:21 - [TEST_STEP][PASSED] - a = 82: null

24-03-2025T11:52:21 - [TEST_STEP][PASSED] - Script1718980020443.Numbers(a, typeOfData, todaysDate, pageInt, fileInt, pageDouble, fileDouble, dZO, dzoNum, filialNum): null

24-03-2025T11:52:21 - [TEST_STEP][PASSED] - println(dzoNum): null

24-03-2025T11:52:21 - [TEST_STEP][PASSED] - planFact = <not implemented yet for class: org.codehaus.groovy.ast.expr.EmptyExpression>: null

24-03-2025T11:52:21 - [TEST_STEP][PASSED] - page = <not implemented yet for class: org.codehaus.groovy.ast.expr.EmptyExpression>: null

24-03-2025T11:52:21 - [TEST_STEP][PASSED] - page1 = <not implemented yet for class: org.codehaus.groovy.ast.expr.EmptyExpression>: null

24-03-2025T11:52:21 - [TEST_STEP][PASSED] - page2 = <not implemented yet for class: org.codehaus.groovy.ast.expr.EmptyExpression>: null

24-03-2025T11:52:21 - [TEST_STEP][PASSED] - filialNumberInRow = <not implemented yet for class: org.codehaus.groovy.ast.expr.EmptyExpression>: null

24-03-2025T11:52:21 - [TEST_STEP][PASSED] - filialsDzoNames = <not implemented yet for class: org.codehaus.groovy.ast.expr.EmptyExpression>: null

24-03-2025T11:52:21 - [TEST_STEP][PASSED] - numberOfFilials = <not implemented yet for class: org.codehaus.groovy.ast.expr.EmptyExpression>: null

24-03-2025T11:52:21 - [TEST_STEP][PASSED] - numberOfSpaces = <not implemented yet for class: org.codehaus.groovy.ast.expr.EmptyExpression>: null

24-03-2025T11:52:21 - [TEST_STEP][PASSED] - file = <not implemented yet for class: org.codehaus.groovy.ast.expr.EmptyExpression>: null

24-03-2025T11:52:21 - [TEST_STEP][PASSED] - otpusk = <not implemented yet for class: org.codehaus.groovy.ast.expr.EmptyExpression>: null

24-03-2025T11:52:21 - [TEST_STEP][PASSED] - poteri = <not implemented yet for class: org.codehaus.groovy.ast.expr.EmptyExpression>: null

24-03-2025T11:52:21 - [TEST_STEP][PASSED] - dataFolder = "Выполнение бизнес-плана/Значения со страницы Выполнение бизнес-плана/": null

24-03-2025T11:52:21 - [TEST_STEP][PASSED] - path = <not implemented yet for class: org.codehaus.groovy.ast.expr.EmptyExpression>: null

24-03-2025T11:52:21 - [TEST_STEP][PASSED] - typeOfDataMain = <not implemented yet for class: org.codehaus.groovy.ast.expr.EmptyExpression>: null

24-03-2025T11:52:21 - [TEST_STEP][PASSED] - fileOtpuskVSet = <not implemented yet for class: org.codehaus.groovy.ast.expr.EmptyExpression>: null

24-03-2025T11:52:21 - [TEST_STEP][PASSED] - pageOtpuskVSet = <not implemented yet for class: org.codehaus.groovy.ast.expr.EmptyExpression>: null

24-03-2025T11:52:21 - [TEST_STEP][PASSED] - filePoteri = <not implemented yet for class: org.codehaus.groovy.ast.expr.EmptyExpression>: null

24-03-2025T11:52:21 - [TEST_STEP][PASSED] - pagePoteri = <not implemented yet for class: org.codehaus.groovy.ast.expr.EmptyExpression>: null

24-03-2025T11:52:21 - [TEST_STEP][PASSED] - compare = <not implemented yet for class: org.codehaus.groovy.ast.expr.EmptyExpression>: null

24-03-2025T11:52:21 - [TEST_STEP][PASSED] - b = <not implemented yet for class: org.codehaus.groovy.ast.expr.EmptyExpression>: null

24-03-2025T11:52:21 - [TEST_STEP][PASSED] - i = <not implemented yet for class: org.codehaus.groovy.ast.expr.EmptyExpression>: null

24-03-2025T11:52:21 - [TEST_STEP][PASSED] - ii = <not implemented yet for class: org.codehaus.groovy.ast.expr.EmptyExpression>: null

24-03-2025T11:52:21 - [TEST_STEP][PASSED] - c = <not implemented yet for class: org.codehaus.groovy.ast.expr.EmptyExpression>: null

24-03-2025T11:52:21 - [TEST_STEP][PASSED] - numberOfErrors = 0: null

24-03-2025T11:52:21 - [TEST_STEP][PASSED] - if (a == 82): null

24-03-2025T11:52:21 - [TEST_STEP][PASSED] - Script1718980020443.OpenFilter(): null

24-03-2025T11:52:21 - [TEST_STEP][PASSED] - click(findTestObject("Object Repository/Выполнение бизнес-плана/Фильтр ДЗО")): Object: 'Object Repository/Выполнение бизнес-плана/Фильтр ДЗО' is clicked on

24-03-2025T11:52:21 - [MESSAGE][PASSED] - Object: 'Object Repository/Выполнение бизнес-плана/Фильтр ДЗО' is clicked on

24-03-2025T11:52:21 - [TEST_STEP][PASSED] - click(findTestObject("Выполнение бизнес-плана/Снять выделение в фильтре ДЗО")): null

24-03-2025T11:52:22 - [MESSAGE][PASSED] - Object: 'Object Repository/Выполнение бизнес-плана/Снять выделение в фильтре ДЗО' is clicked on

24-03-2025T11:52:22 - [TEST_STEP][PASSED] - click(findTestObject("Выполнение бизнес-плана/Раскрыть список ПАО Россети в фильтре ДЗО")): Object: 'Object Repository/Выполнение бизнес-плана/Раскрыть список ПАО Россети в фильтре ДЗО' is clicked on

24-03-2025T11:52:22 - [MESSAGE][PASSED] - Object: 'Object Repository/Выполнение бизнес-плана/Раскрыть список ПАО Россети в фильтре ДЗО' is clicked on

24-03-2025T11:52:22 - [TEST_STEP][PASSED] - click(findTestObject("Выполнение бизнес-плана/РаспредКомплекс")): Object: 'Object Repository/Выполнение бизнес-плана/РаспредКомплекс' is clicked on

24-03-2025T11:52:23 - [MESSAGE][PASSED] - Object: 'Object Repository/Выполнение бизнес-плана/РаспредКомплекс' is clicked on

24-03-2025T11:52:23 - [TEST_STEP][PASSED] - Script1718980020443.CloseFilter(): null

24-03-2025T11:52:23 - [TEST_STEP][PASSED] - scrollToElement(findTestObject("Выполнение бизнес-плана/Заголовок дашборда"), 30): Scroll to object 'Object Repository/Выполнение бизнес-плана/Заголовок дашборда' successfully

24-03-2025T11:52:23 - [MESSAGE][PASSED] - Scroll to object 'Object Repository/Выполнение бизнес-плана/Заголовок дашборда' successfully

24-03-2025T11:52:23 - [TEST_STEP][PASSED] - click(findTestObject("Object Repository/Выполнение бизнес-плана/Применить в фильтре ДЗО")): null

24-03-2025T11:52:24 - [MESSAGE][PASSED] - Object: 'Object Repository/Выполнение бизнес-плана/Применить в фильтре ДЗО' is clicked on

24-03-2025T11:52:24 - [TEST_STEP][PASSED] - delay(5): Delayed 5 second(s)

24-03-2025T11:52:29 - [MESSAGE][PASSED] - Delayed 5 second(s)

24-03-2025T11:52:29 - [TEST_STEP][PASSED] - b = findTestData("PlanFact").getValue(1, a): null

24-03-2025T11:52:29 - [TEST_STEP][PASSED] - i = b.indexOf(" (ГК)"): null

24-03-2025T11:52:29 - [TEST_STEP][PASSED] - if (i > -1): null

24-03-2025T11:52:29 - [TEST_STEP][PASSED] - i = b.indexOf("О ""): null

24-03-2025T11:52:29 - [TEST_STEP][PASSED] - if (i > -1): null

24-03-2025T11:52:29 - [TEST_STEP][PASSED] - i = b.indexOf("О «"): null

24-03-2025T11:52:29 - [TEST_STEP][PASSED] - if (i > -1): null

24-03-2025T11:52:29 - [TEST_STEP][PASSED] - i = b.indexOf("г. "): null

24-03-2025T11:52:29 - [TEST_STEP][PASSED] - if (i > -1): null

24-03-2025T11:52:29 - [TEST_STEP][PASSED] - b = b.trim(): null

24-03-2025T11:52:29 - [TEST_STEP][PASSED] - println(b): null

24-03-2025T11:52:29 - [TEST_STEP][PASSED] - for ([planFact = 1, planFact < 3, (planFact++)]): null

24-03-2025T11:52:29 - [TEST_STEP][PASSED] - if (planFact == 1): null

24-03-2025T11:52:29 - [TEST_STEP][PASSED] - typeOfDataMain = "Факт": null

24-03-2025T11:52:29 - [TEST_STEP][PASSED] - otpusk = findTestData("PlanFact").getValue(5, a): null

24-03-2025T11:52:29 - [TEST_STEP][PASSED] - poteri = findTestData("PlanFact").getValue(6, a): null

24-03-2025T11:52:29 - [TEST_STEP][PASSED] - otpusk = otpusk.replaceAll("\s+", ""): null

24-03-2025T11:52:29 - [TEST_STEP][PASSED] - poteri = poteri.replaceAll("\s+", ""): null

24-03-2025T11:52:29 - [TEST_STEP][PASSED] - typeOfData = typeOfDataMain + " Отпуск в сеть": null

24-03-2025T11:52:29 - [TEST_STEP][PASSED] - if (a == 82): null

24-03-2025T11:52:29 - [TEST_STEP][PASSED] - path = dataFolder + typeOfData + " за отчётный период " + "РаспредКомплекс": null

24-03-2025T11:52:29 - [TEST_STEP][PASSED] - println(path): null

24-03-2025T11:52:29 - [TEST_STEP][PASSED] - page = getText(findTestObject(path)): Text of object 'Object Repository/Выполнение бизнес-плана/Значения со страницы Выполнение бизнес-плана/Факт Отпуск в сеть за отчётный период РаспредКомплекс' is: '38 889 784'

24-03-2025T11:52:46 - [MESSAGE][PASSED] - Text of object 'Object Repository/Выполнение бизнес-плана/Значения со страницы Выполнение бизнес-плана/Факт Отпуск в сеть за отчётный период РаспредКомплекс' is: '38 889 784'

24-03-2025T11:52:46 - [TEST_STEP][PASSED] - if (page == "" || page == null): null

24-03-2025T11:52:46 - [TEST_STEP][PASSED] - else: null

24-03-2025T11:52:46 - [TEST_STEP][PASSED] - page = page.replaceAll("\s+", ""): null

24-03-2025T11:52:46 - [TEST_STEP][PASSED] - if (page == "undefined"): null

24-03-2025T11:52:46 - [TEST_STEP][PASSED] - fileOtpuskVSet = otpusk.toInteger(): null

24-03-2025T11:52:46 - [TEST_STEP][PASSED] - pageOtpuskVSet = page.toInteger(): null

24-03-2025T11:52:46 - [TEST_STEP][PASSED] - typeOfData = typeOfDataMain + " Потери": null

24-03-2025T11:52:46 - [TEST_STEP][PASSED] - if (a == 82): null

24-03-2025T11:52:46 - [TEST_STEP][PASSED] - path = dataFolder + typeOfData + " за отчётный период " + "РаспредКомплекс": null

24-03-2025T11:52:46 - [TEST_STEP][PASSED] - page = getText(findTestObject(path)): Text of object 'Object Repository/Выполнение бизнес-плана/Значения со страницы Выполнение бизнес-плана/Факт Потери за отчётный период РаспредКомплекс' is: '3 250 662'

24-03-2025T11:52:46 - [MESSAGE][PASSED] - Text of object 'Object Repository/Выполнение бизнес-плана/Значения со страницы Выполнение бизнес-плана/Факт Потери за отчётный период РаспредКомплекс' is: '3 250 662'

24-03-2025T11:52:46 - [TEST_STEP][PASSED] - if (page == "" || page == null): null

24-03-2025T11:52:46 - [TEST_STEP][PASSED] - else: null

24-03-2025T11:52:46 - [TEST_STEP][PASSED] - page = page.replaceAll("\s+", ""): null

24-03-2025T11:52:46 - [TEST_STEP][PASSED] - if (page == "undefined"): null

24-03-2025T11:52:46 - [TEST_STEP][PASSED] - filePoteri = poteri.toInteger(): null

24-03-2025T11:52:46 - [TEST_STEP][PASSED] - pagePoteri = page.toInteger(): null

24-03-2025T11:52:46 - [TEST_STEP][PASSED] - compare = pageOtpuskVSet: null

24-03-2025T11:52:46 - [TEST_STEP][PASSED] - if (pageOtpuskVSet != null): null

24-03-2025T11:52:46 - [TEST_STEP][PASSED] - if (compare == fileOtpuskVSet): null

24-03-2025T11:52:46 - [TEST_STEP][PASSED] - else if (compare > fileOtpuskVSet): null

24-03-2025T11:52:46 - [TEST_STEP][PASSED] - else if (compare < fileOtpuskVSet): null

24-03-2025T11:52:46 - [TEST_STEP][PASSED] - compare = compare + 1: null

24-03-2025T11:52:46 - [TEST_STEP][PASSED] - if (compare == fileOtpuskVSet): null

24-03-2025T11:52:46 - [TEST_STEP][PASSED] - else: null

24-03-2025T11:52:46 - [TEST_STEP][PASSED] - numberOfErrors = numberOfErrors + 1: null

24-03-2025T11:52:46 - [TEST_STEP][PASSED] - pageInt = pageOtpuskVSet: null

24-03-2025T11:52:46 - [TEST_STEP][PASSED] - fileInt = fileOtpuskVSet: null

24-03-2025T11:52:46 - [TEST_STEP][PASSED] - typeOfData = typeOfDataMain + " Отпуск в сеть": null

24-03-2025T11:52:46 - [TEST_STEP][PASSED] - Script1718980020443.WriteToExcel(a, typeOfData, todaysDate, pageInt, fileInt, pageDouble, fileDouble, dZO): null

24-03-2025T11:52:46 - [TEST_STEP][PASSED] - sheetName = "Sheet1": null

24-03-2025T11:52:46 - [TEST_STEP][PASSED] - data = findTestData("PlanFact"): null

24-03-2025T11:52:46 - [TEST_STEP][PASSED] - n = data.getRowNumbers() + 1: null

24-03-2025T11:52:46 - [TEST_STEP][PASSED] - day = ")).toInteger(): null

24-03-2025T11:52:46 - [TEST_STEP][PASSED] - println(day): null

24-03-2025T11:52:46 - [TEST_STEP][PASSED] - month = ")).toInteger(): null

24-03-2025T11:52:46 - [TEST_STEP][PASSED] - println(month): null

24-03-2025T11:52:46 - [TEST_STEP][PASSED] - y = <not implemented yet for class: org.codehaus.groovy.ast.expr.EmptyExpression>: null

24-03-2025T11:52:46 - [TEST_STEP][PASSED] - iy = <not implemented yet for class: org.codehaus.groovy.ast.expr.EmptyExpression>: null

24-03-2025T11:52:46 - [TEST_STEP][PASSED] - m = getText(findTestObject("Выполнение бизнес-плана/Период")): Text of object 'Object Repository/Выполнение бизнес-плана/Период' is: 'Январь 2025 года'

24-03-2025T11:52:47 - [MESSAGE][PASSED] - Text of object 'Object Repository/Выполнение бизнес-плана/Период' is: 'Январь 2025 года'

24-03-2025T11:52:47 - [TEST_STEP][PASSED] - iy = m.indexOf("20"): null

24-03-2025T11:52:47 - [TEST_STEP][PASSED] - if (iy > -1): null

24-03-2025T11:52:47 - [TEST_STEP][PASSED] - y = substring(iy, iy + 4).toInteger(): null

24-03-2025T11:52:47 - [TEST_STEP][PASSED] - println(y): null

24-03-2025T11:52:47 - [TEST_STEP][PASSED] - if (toString().length() == 4): null

24-03-2025T11:52:47 - [TEST_STEP][PASSED] - m = m.substring(0, m.indexOf(y.toString())): null

24-03-2025T11:52:47 - [TEST_STEP][PASSED] - m = m.trim(): null

24-03-2025T11:52:47 - [TEST_STEP][PASSED] - if (m == ""): null

24-03-2025T11:52:47 - [TEST_STEP][PASSED] - dashboardName = "Выполнение бизнес-плана": null

24-03-2025T11:52:47 - [TEST_STEP][PASSED] - workbook01 = getWorkbook(excelFilePath): null

24-03-2025T11:52:47 - [TEST_STEP][PASSED] - sheet01 = getExcelSheet(workbook01, sheetName): null

24-03-2025T11:52:47 - [TEST_STEP][PASSED] - setValueToCellByIndex(sheet01, n, 0, dashboardName): null

24-03-2025T11:52:47 - [TEST_STEP][PASSED] - setValueToCellByIndex(sheet01, n, 1, dZO): null

24-03-2025T11:52:47 - [TEST_STEP][PASSED] - setValueToCellByIndex(sheet01, n, 2, typeOfData): null

24-03-2025T11:52:47 - [TEST_STEP][PASSED] - if (typeOfData == "Факт в процентах" || typeOfData == "План в процентах"): null

24-03-2025T11:52:47 - [TEST_STEP][PASSED] - else: null

24-03-2025T11:52:47 - [TEST_STEP][PASSED] - setValueToCellByIndex(sheet01, n, 3, fileInt): null

24-03-2025T11:52:47 - [TEST_STEP][PASSED] - setValueToCellByIndex(sheet01, n, 4, pageInt): null

24-03-2025T11:52:47 - [TEST_STEP][PASSED] - setValueToCellByIndex(sheet01, n, 5, m): null

24-03-2025T11:52:47 - [TEST_STEP][PASSED] - setValueToCellByIndex(sheet01, n, 6, y): null

24-03-2025T11:52:47 - [TEST_STEP][PASSED] - setValueToCellByIndex(sheet01, n, 7, todaysDate): null

24-03-2025T11:52:47 - [TEST_STEP][PASSED] - n = n + 1: null

24-03-2025T11:52:47 - [TEST_STEP][PASSED] - saveWorkbook(excelFilePath, workbook01): null

24-03-2025T11:52:47 - [TEST_STEP][PASSED] - compare = pagePoteri: null

24-03-2025T11:52:47 - [TEST_STEP][PASSED] - if (pageOtpuskVSet != null): null

24-03-2025T11:52:47 - [TEST_STEP][PASSED] - if (compare == filePoteri): null

24-03-2025T11:52:47 - [TEST_STEP][PASSED] - else if (compare > filePoteri): null

24-03-2025T11:52:47 - [TEST_STEP][PASSED] - else if (compare < filePoteri): null

24-03-2025T11:52:47 - [TEST_STEP][PASSED] - compare = compare + 1: null

24-03-2025T11:52:47 - [TEST_STEP][PASSED] - if (compare == filePoteri): null

24-03-2025T11:52:47 - [TEST_STEP][PASSED] - else: null

24-03-2025T11:52:47 - [TEST_STEP][PASSED] - numberOfErrors = numberOfErrors + 1: null

24-03-2025T11:52:47 - [TEST_STEP][PASSED] - pageInt = pagePoteri: null

24-03-2025T11:52:47 - [TEST_STEP][PASSED] - fileInt = filePoteri: null

24-03-2025T11:52:47 - [TEST_STEP][PASSED] - typeOfData = typeOfDataMain + " Потери": null

24-03-2025T11:52:47 - [TEST_STEP][PASSED] - Script1718980020443.WriteToExcel(a, typeOfData, todaysDate, pageInt, fileInt, pageDouble, fileDouble, dZO): null

24-03-2025T11:52:47 - [TEST_STEP][PASSED] - sheetName = "Sheet1": null

24-03-2025T11:52:47 - [TEST_STEP][PASSED] - data = findTestData("PlanFact"): null

24-03-2025T11:52:47 - [TEST_STEP][PASSED] - n = data.getRowNumbers() + 1: null

24-03-2025T11:52:47 - [TEST_STEP][PASSED] - day = ")).toInteger(): null

24-03-2025T11:52:47 - [TEST_STEP][PASSED] - println(day): null

24-03-2025T11:52:47 - [TEST_STEP][PASSED] - month = ")).toInteger(): null

24-03-2025T11:52:47 - [TEST_STEP][PASSED] - println(month): null

24-03-2025T11:52:47 - [TEST_STEP][PASSED] - y = <not implemented yet for class: org.codehaus.groovy.ast.expr.EmptyExpression>: null

24-03-2025T11:52:47 - [TEST_STEP][PASSED] - iy = <not implemented yet for class: org.codehaus.groovy.ast.expr.EmptyExpression>: null

24-03-2025T11:52:47 - [TEST_STEP][PASSED] - m = getText(findTestObject("Выполнение бизнес-плана/Период")): Text of object 'Object Repository/Выполнение бизнес-плана/Период' is: 'Январь 2025 года'

24-03-2025T11:52:48 - [MESSAGE][PASSED] - Text of object 'Object Repository/Выполнение бизнес-плана/Период' is: 'Январь 2025 года'

24-03-2025T11:52:48 - [TEST_STEP][PASSED] - iy = m.indexOf("20"): null

24-03-2025T11:52:48 - [TEST_STEP][PASSED] - if (iy > -1): null

24-03-2025T11:52:48 - [TEST_STEP][PASSED] - y = substring(iy, iy + 4).toInteger(): null

24-03-2025T11:52:48 - [TEST_STEP][PASSED] - println(y): null

24-03-2025T11:52:48 - [TEST_STEP][PASSED] - if (toString().length() == 4): null

24-03-2025T11:52:48 - [TEST_STEP][PASSED] - m = m.substring(0, m.indexOf(y.toString())): null

24-03-2025T11:52:48 - [TEST_STEP][PASSED] - m = m.trim(): null

24-03-2025T11:52:48 - [TEST_STEP][PASSED] - if (m == ""): null

24-03-2025T11:52:48 - [TEST_STEP][PASSED] - dashboardName = "Выполнение бизнес-плана": null

24-03-2025T11:52:48 - [TEST_STEP][PASSED] - workbook01 = getWorkbook(excelFilePath): null

24-03-2025T11:52:48 - [TEST_STEP][PASSED] - sheet01 = getExcelSheet(workbook01, sheetName): null

24-03-2025T11:52:48 - [TEST_STEP][PASSED] - setValueToCellByIndex(sheet01, n, 0, dashboardName): null

24-03-2025T11:52:48 - [TEST_STEP][PASSED] - setValueToCellByIndex(sheet01, n, 1, dZO): null

24-03-2025T11:52:48 - [TEST_STEP][PASSED] - setValueToCellByIndex(sheet01, n, 2, typeOfData): null

24-03-2025T11:52:48 - [TEST_STEP][PASSED] - if (typeOfData == "Факт в процентах" || typeOfData == "План в процентах"): null

24-03-2025T11:52:48 - [TEST_STEP][PASSED] - else: null

24-03-2025T11:52:48 - [TEST_STEP][PASSED] - setValueToCellByIndex(sheet01, n, 3, fileInt): null

24-03-2025T11:52:48 - [TEST_STEP][PASSED] - setValueToCellByIndex(sheet01, n, 4, pageInt): null

24-03-2025T11:52:48 - [TEST_STEP][PASSED] - setValueToCellByIndex(sheet01, n, 5, m): null

24-03-2025T11:52:48 - [TEST_STEP][PASSED] - setValueToCellByIndex(sheet01, n, 6, y): null

24-03-2025T11:52:48 - [TEST_STEP][PASSED] - setValueToCellByIndex(sheet01, n, 7, todaysDate): null

24-03-2025T11:52:48 - [TEST_STEP][PASSED] - n = n + 1: null

24-03-2025T11:52:48 - [TEST_STEP][PASSED] - saveWorkbook(excelFilePath, workbook01): null

24-03-2025T11:52:48 - [TEST_STEP][PASSED] - if (planFact == 2): null

24-03-2025T11:52:48 - [TEST_STEP][PASSED] - if (planFact == 1): null

24-03-2025T11:52:48 - [TEST_STEP][PASSED] - else if (planFact == 2): null

24-03-2025T11:52:48 - [TEST_STEP][PASSED] - click(findTestObject("Выполнение бизнес-плана/Кнопка План")): Object: 'Object Repository/Выполнение бизнес-плана/Кнопка План' is clicked on

24-03-2025T11:52:48 - [MESSAGE][PASSED] - Object: 'Object Repository/Выполнение бизнес-плана/Кнопка План' is clicked on

24-03-2025T11:52:48 - [TEST_STEP][PASSED] - typeOfDataMain = "План": null

24-03-2025T11:52:48 - [TEST_STEP][PASSED] - otpusk = findTestData("PlanFact").getValue(2, a): null

24-03-2025T11:52:48 - [TEST_STEP][PASSED] - poteri = findTestData("PlanFact").getValue(3, a): null

24-03-2025T11:52:48 - [TEST_STEP][PASSED] - otpusk = otpusk.replaceAll("\s+", ""): null

24-03-2025T11:52:48 - [TEST_STEP][PASSED] - poteri = poteri.replaceAll("\s+", ""): null

24-03-2025T11:52:48 - [TEST_STEP][PASSED] - typeOfData = typeOfDataMain + " Отпуск в сеть": null

24-03-2025T11:52:48 - [TEST_STEP][PASSED] - if (a == 82): null

24-03-2025T11:52:48 - [TEST_STEP][PASSED] - path = dataFolder + typeOfData + " за отчётный период " + "РаспредКомплекс": null

24-03-2025T11:52:48 - [TEST_STEP][PASSED] - println(path): null

24-03-2025T11:52:48 - [TEST_STEP][PASSED] - page = getText(findTestObject(path)): Text of object 'Object Repository/Выполнение бизнес-плана/Значения со страницы Выполнение бизнес-плана/План Отпуск в сеть за отчётный период РаспредКомплекс' is: '41 402 029'

24-03-2025T11:52:49 - [MESSAGE][PASSED] - Text of object 'Object Repository/Выполнение бизнес-плана/Значения со страницы Выполнение бизнес-плана/План Отпуск в сеть за отчётный период РаспредКомплекс' is: '41 402 029'

24-03-2025T11:52:49 - [TEST_STEP][PASSED] - if (page == "" || page == null): null

24-03-2025T11:52:49 - [TEST_STEP][PASSED] - else: null

24-03-2025T11:52:49 - [TEST_STEP][PASSED] - page = page.replaceAll("\s+", ""): null

24-03-2025T11:52:49 - [TEST_STEP][PASSED] - if (page == "undefined"): null

24-03-2025T11:52:49 - [TEST_STEP][PASSED] - fileOtpuskVSet = otpusk.toInteger(): null

24-03-2025T11:52:49 - [TEST_STEP][PASSED] - pageOtpuskVSet = page.toInteger(): null

24-03-2025T11:52:49 - [TEST_STEP][PASSED] - typeOfData = typeOfDataMain + " Потери": null

24-03-2025T11:52:49 - [TEST_STEP][PASSED] - if (a == 82): null

24-03-2025T11:52:49 - [TEST_STEP][PASSED] - path = dataFolder + typeOfData + " за отчётный период " + "РаспредКомплекс": null

24-03-2025T11:52:49 - [TEST_STEP][PASSED] - page = getText(findTestObject(path)): Text of object 'Object Repository/Выполнение бизнес-плана/Значения со страницы Выполнение бизнес-плана/План Потери за отчётный период РаспредКомплекс' is: '3 988 984'

24-03-2025T11:52:49 - [MESSAGE][PASSED] - Text of object 'Object Repository/Выполнение бизнес-плана/Значения со страницы Выполнение бизнес-плана/План Потери за отчётный период РаспредКомплекс' is: '3 988 984'

24-03-2025T11:52:49 - [TEST_STEP][PASSED] - if (page == "" || page == null): null

24-03-2025T11:52:49 - [TEST_STEP][PASSED] - else: null

24-03-2025T11:52:49 - [TEST_STEP][PASSED] - page = page.replaceAll("\s+", ""): null

24-03-2025T11:52:49 - [TEST_STEP][PASSED] - if (page == "undefined"): null

24-03-2025T11:52:49 - [TEST_STEP][PASSED] - filePoteri = poteri.toInteger(): null

24-03-2025T11:52:49 - [TEST_STEP][PASSED] - pagePoteri = page.toInteger(): null

24-03-2025T11:52:49 - [TEST_STEP][PASSED] - compare = pageOtpuskVSet: null

24-03-2025T11:52:49 - [TEST_STEP][PASSED] - if (pageOtpuskVSet != null): null

24-03-2025T11:52:49 - [TEST_STEP][PASSED] - if (compare == fileOtpuskVSet): null

24-03-2025T11:52:49 - [TEST_STEP][PASSED] - else if (compare > fileOtpuskVSet): null

24-03-2025T11:52:49 - [TEST_STEP][PASSED] - else if (compare < fileOtpuskVSet): null

24-03-2025T11:52:49 - [TEST_STEP][PASSED] - compare = compare + 1: null

24-03-2025T11:52:49 - [TEST_STEP][PASSED] - if (compare == fileOtpuskVSet): null

24-03-2025T11:52:49 - [TEST_STEP][PASSED] - else: null

24-03-2025T11:52:49 - [TEST_STEP][PASSED] - numberOfErrors = numberOfErrors + 1: null

24-03-2025T11:52:49 - [TEST_STEP][PASSED] - pageInt = pageOtpuskVSet: null

24-03-2025T11:52:49 - [TEST_STEP][PASSED] - fileInt = fileOtpuskVSet: null

24-03-2025T11:52:49 - [TEST_STEP][PASSED] - typeOfData = typeOfDataMain + " Отпуск в сеть": null

24-03-2025T11:52:49 - [TEST_STEP][PASSED] - Script1718980020443.WriteToExcel(a, typeOfData, todaysDate, pageInt, fileInt, pageDouble, fileDouble, dZO): null

24-03-2025T11:52:49 - [TEST_STEP][PASSED] - sheetName = "Sheet1": null

24-03-2025T11:52:49 - [TEST_STEP][PASSED] - data = findTestData("PlanFact"): null

24-03-2025T11:52:49 - [TEST_STEP][PASSED] - n = data.getRowNumbers() + 1: null

24-03-2025T11:52:49 - [TEST_STEP][PASSED] - day = ")).toInteger(): null

24-03-2025T11:52:49 - [TEST_STEP][PASSED] - println(day): null

24-03-2025T11:52:49 - [TEST_STEP][PASSED] - month = ")).toInteger(): null

24-03-2025T11:52:49 - [TEST_STEP][PASSED] - println(month): null

24-03-2025T11:52:49 - [TEST_STEP][PASSED] - y = <not implemented yet for class: org.codehaus.groovy.ast.expr.EmptyExpression>: null

24-03-2025T11:52:49 - [TEST_STEP][PASSED] - iy = <not implemented yet for class: org.codehaus.groovy.ast.expr.EmptyExpression>: null

24-03-2025T11:52:49 - [TEST_STEP][PASSED] - m = getText(findTestObject("Выполнение бизнес-плана/Период")): Text of object 'Object Repository/Выполнение бизнес-плана/Период' is: 'Январь 2025 года'

24-03-2025T11:52:49 - [MESSAGE][PASSED] - Text of object 'Object Repository/Выполнение бизнес-плана/Период' is: 'Январь 2025 года'

24-03-2025T11:52:49 - [TEST_STEP][PASSED] - iy = m.indexOf("20"): null

24-03-2025T11:52:49 - [TEST_STEP][PASSED] - if (iy > -1): null

24-03-2025T11:52:49 - [TEST_STEP][PASSED] - y = substring(iy, iy + 4).toInteger(): null

24-03-2025T11:52:49 - [TEST_STEP][PASSED] - println(y): null

24-03-2025T11:52:49 - [TEST_STEP][PASSED] - if (toString().length() == 4): null

24-03-2025T11:52:49 - [TEST_STEP][PASSED] - m = m.substring(0, m.indexOf(y.toString())): null

24-03-2025T11:52:49 - [TEST_STEP][PASSED] - m = m.trim(): null

24-03-2025T11:52:49 - [TEST_STEP][PASSED] - if (m == ""): null

24-03-2025T11:52:49 - [TEST_STEP][PASSED] - dashboardName = "Выполнение бизнес-плана": null

24-03-2025T11:52:49 - [TEST_STEP][PASSED] - workbook01 = getWorkbook(excelFilePath): null

24-03-2025T11:52:49 - [TEST_STEP][PASSED] - sheet01 = getExcelSheet(workbook01, sheetName): null

24-03-2025T11:52:49 - [TEST_STEP][PASSED] - setValueToCellByIndex(sheet01, n, 0, dashboardName): null

24-03-2025T11:52:49 - [TEST_STEP][PASSED] - setValueToCellByIndex(sheet01, n, 1, dZO): null

24-03-2025T11:52:49 - [TEST_STEP][PASSED] - setValueToCellByIndex(sheet01, n, 2, typeOfData): null

24-03-2025T11:52:49 - [TEST_STEP][PASSED] - if (typeOfData == "Факт в процентах" || typeOfData == "План в процентах"): null

24-03-2025T11:52:49 - [TEST_STEP][PASSED] - else: null

24-03-2025T11:52:49 - [TEST_STEP][PASSED] - setValueToCellByIndex(sheet01, n, 3, fileInt): null

24-03-2025T11:52:49 - [TEST_STEP][PASSED] - setValueToCellByIndex(sheet01, n, 4, pageInt): null

24-03-2025T11:52:49 - [TEST_STEP][PASSED] - setValueToCellByIndex(sheet01, n, 5, m): null

24-03-2025T11:52:49 - [TEST_STEP][PASSED] - setValueToCellByIndex(sheet01, n, 6, y): null

24-03-2025T11:52:49 - [TEST_STEP][PASSED] - setValueToCellByIndex(sheet01, n, 7, todaysDate): null

24-03-2025T11:52:49 - [TEST_STEP][PASSED] - n = n + 1: null

24-03-2025T11:52:49 - [TEST_STEP][PASSED] - saveWorkbook(excelFilePath, workbook01): null

24-03-2025T11:52:50 - [TEST_STEP][PASSED] - compare = pagePoteri: null

24-03-2025T11:52:50 - [TEST_STEP][PASSED] - if (pageOtpuskVSet != null): null

24-03-2025T11:52:50 - [TEST_STEP][PASSED] - if (compare == filePoteri): null

24-03-2025T11:52:50 - [TEST_STEP][PASSED] - else if (compare > filePoteri): null

24-03-2025T11:52:50 - [TEST_STEP][PASSED] - else if (compare < filePoteri): null

24-03-2025T11:52:50 - [TEST_STEP][PASSED] - compare = compare + 1: null

24-03-2025T11:52:50 - [TEST_STEP][PASSED] - if (compare == filePoteri): null

24-03-2025T11:52:50 - [TEST_STEP][PASSED] - else: null

24-03-2025T11:52:50 - [TEST_STEP][PASSED] - numberOfErrors = numberOfErrors + 1: null

24-03-2025T11:52:50 - [TEST_STEP][PASSED] - pageInt = pagePoteri: null

24-03-2025T11:52:50 - [TEST_STEP][PASSED] - fileInt = filePoteri: null

24-03-2025T11:52:50 - [TEST_STEP][PASSED] - typeOfData = typeOfDataMain + " Потери": null

24-03-2025T11:52:50 - [TEST_STEP][PASSED] - Script1718980020443.WriteToExcel(a, typeOfData, todaysDate, pageInt, fileInt, pageDouble, fileDouble, dZO): null

24-03-2025T11:52:50 - [TEST_STEP][PASSED] - sheetName = "Sheet1": null

24-03-2025T11:52:50 - [TEST_STEP][PASSED] - data = findTestData("PlanFact"): null

24-03-2025T11:52:50 - [TEST_STEP][PASSED] - n = data.getRowNumbers() + 1: null

24-03-2025T11:52:50 - [TEST_STEP][PASSED] - day = ")).toInteger(): null

24-03-2025T11:52:50 - [TEST_STEP][PASSED] - println(day): null

24-03-2025T11:52:50 - [TEST_STEP][PASSED] - month = ")).toInteger(): null

24-03-2025T11:52:50 - [TEST_STEP][PASSED] - println(month): null

24-03-2025T11:52:50 - [TEST_STEP][PASSED] - y = <not implemented yet for class: org.codehaus.groovy.ast.expr.EmptyExpression>: null

24-03-2025T11:52:50 - [TEST_STEP][PASSED] - iy = <not implemented yet for class: org.codehaus.groovy.ast.expr.EmptyExpression>: null

24-03-2025T11:52:50 - [TEST_STEP][PASSED] - m = getText(findTestObject("Выполнение бизнес-плана/Период")): Text of object 'Object Repository/Выполнение бизнес-плана/Период' is: 'Январь 2025 года'

24-03-2025T11:52:50 - [MESSAGE][PASSED] - Text of object 'Object Repository/Выполнение бизнес-плана/Период' is: 'Январь 2025 года'

24-03-2025T11:52:50 - [TEST_STEP][PASSED] - iy = m.indexOf("20"): null

24-03-2025T11:52:50 - [TEST_STEP][PASSED] - if (iy > -1): null

24-03-2025T11:52:50 - [TEST_STEP][PASSED] - y = substring(iy, iy + 4).toInteger(): null

24-03-2025T11:52:50 - [TEST_STEP][PASSED] - println(y): null

24-03-2025T11:52:50 - [TEST_STEP][PASSED] - if (toString().length() == 4): null

24-03-2025T11:52:50 - [TEST_STEP][PASSED] - m = m.substring(0, m.indexOf(y.toString())): null

24-03-2025T11:52:50 - [TEST_STEP][PASSED] - m = m.trim(): null

24-03-2025T11:52:50 - [TEST_STEP][PASSED] - if (m == ""): null

24-03-2025T11:52:50 - [TEST_STEP][PASSED] - dashboardName = "Выполнение бизнес-плана": null

24-03-2025T11:52:50 - [TEST_STEP][PASSED] - workbook01 = getWorkbook(excelFilePath): null

24-03-2025T11:52:50 - [TEST_STEP][PASSED] - sheet01 = getExcelSheet(workbook01, sheetName): null

24-03-2025T11:52:50 - [TEST_STEP][PASSED] - setValueToCellByIndex(sheet01, n, 0, dashboardName): null

24-03-2025T11:52:50 - [TEST_STEP][PASSED] - setValueToCellByIndex(sheet01, n, 1, dZO): null

24-03-2025T11:52:50 - [TEST_STEP][PASSED] - setValueToCellByIndex(sheet01, n, 2, typeOfData): null

24-03-2025T11:52:50 - [TEST_STEP][PASSED] - if (typeOfData == "Факт в процентах" || typeOfData == "План в процентах"): null

24-03-2025T11:52:50 - [TEST_STEP][PASSED] - else: null

24-03-2025T11:52:50 - [TEST_STEP][PASSED] - setValueToCellByIndex(sheet01, n, 3, fileInt): null

24-03-2025T11:52:50 - [TEST_STEP][PASSED] - setValueToCellByIndex(sheet01, n, 4, pageInt): null

24-03-2025T11:52:50 - [TEST_STEP][PASSED] - setValueToCellByIndex(sheet01, n, 5, m): null

24-03-2025T11:52:50 - [TEST_STEP][PASSED] - setValueToCellByIndex(sheet01, n, 6, y): null

24-03-2025T11:52:50 - [TEST_STEP][PASSED] - setValueToCellByIndex(sheet01, n, 7, todaysDate): null

24-03-2025T11:52:50 - [TEST_STEP][PASSED] - n = n + 1: null

24-03-2025T11:52:50 - [TEST_STEP][PASSED] - saveWorkbook(excelFilePath, workbook01): Object: 'Object Repository/Выполнение бизнес-плана/Кнопка Факт' is clicked on

24-03-2025T11:52:50 - [TEST_STEP][PASSED] - if (planFact == 2): Object: 'Object Repository/Выполнение бизнес-плана/Кнопка Факт' is clicked on

24-03-2025T11:52:50 - [TEST_STEP][PASSED] - click(findTestObject("Выполнение бизнес-плана/Кнопка Факт")): Object: 'Object Repository/Выполнение бизнес-плана/Кнопка Факт' is clicked on

24-03-2025T11:52:50 - [MESSAGE][PASSED] - Object: 'Object Repository/Выполнение бизнес-плана/Кнопка Факт' is clicked on

24-03-2025T11:52:50 - [TEST_STEP][PASSED] - println("a=" + a): null

24-03-2025T11:52:50 - [TEST_STEP][PASSED] - if (a == 84 || a == 82): null

24-03-2025T11:52:50 - [TEST_STEP][PASSED] - page = getText(findTestObject("Выполнение бизнес-плана/textPlanFact")): Text of object 'Object Repository/Выполнение бизнес-плана/textPlanFact' is: '%
9.63 9.63
8.36 8.36
План
Факт
1
100'

24-03-2025T11:52:51 - [MESSAGE][PASSED] - Text of object 'Object Repository/Выполнение бизнес-плана/textPlanFact' is: '%
9.63 9.63
8.36 8.36
План
Факт
1
100'

24-03-2025T11:52:51 - [TEST_STEP][PASSED] - page = page.replaceAll("\n", "_"): null

24-03-2025T11:52:51 - [TEST_STEP][PASSED] - page = page.substring(page.indexOf("_") + 1, page.length()): null

24-03-2025T11:52:51 - [TEST_STEP][PASSED] - page1 = page.substring(0, page.indexOf("_")): null

24-03-2025T11:52:51 - [TEST_STEP][PASSED] - page1 = page.substring(0, page.indexOf(" ")): null

24-03-2025T11:52:51 - [TEST_STEP][PASSED] - page2 = page.substring(page.indexOf("_") + 1, page.length()): null

24-03-2025T11:52:51 - [TEST_STEP][PASSED] - page2 = page2.substring(0, page.indexOf("_")): null

24-03-2025T11:52:51 - [TEST_STEP][PASSED] - page2 = page2.substring(0, page.indexOf(" ")): null

24-03-2025T11:52:51 - [TEST_STEP][PASSED] - println("page1: " + page1): null

24-03-2025T11:52:51 - [TEST_STEP][PASSED] - println("page2: " + page2): null

24-03-2025T11:52:51 - [TEST_STEP][PASSED] - file = findTestData("PlanFact").getValue(4, a): null

24-03-2025T11:52:51 - [TEST_STEP][PASSED] - file = file.replace(",", "."): null

24-03-2025T11:52:51 - [TEST_STEP][PASSED] - println("file Plan: " + file): null

24-03-2025T11:52:51 - [TEST_STEP][PASSED] - typeOfData = "План в процентах": null

24-03-2025T11:52:51 - [TEST_STEP][PASSED] - fileDouble = file.toDouble(): null

24-03-2025T11:52:51 - [TEST_STEP][PASSED] - pageDouble = page1.toDouble(): null

24-03-2025T11:52:51 - [TEST_STEP][PASSED] - if (fileDouble != pageDouble): null

24-03-2025T11:52:51 - [TEST_STEP][PASSED] - numberOfErrors = numberOfErrors + 1: null

24-03-2025T11:52:51 - [TEST_STEP][PASSED] - Script1718980020443.WriteToExcel(a, typeOfData, todaysDate, pageInt, fileInt, pageDouble, fileDouble, dZO): null

24-03-2025T11:52:51 - [TEST_STEP][PASSED] - sheetName = "Sheet1": null

24-03-2025T11:52:51 - [TEST_STEP][PASSED] - data = findTestData("PlanFact"): null

24-03-2025T11:52:51 - [TEST_STEP][PASSED] - n = data.getRowNumbers() + 1: null

24-03-2025T11:52:51 - [TEST_STEP][PASSED] - day = ")).toInteger(): null

24-03-2025T11:52:51 - [TEST_STEP][PASSED] - println(day): null

24-03-2025T11:52:51 - [TEST_STEP][PASSED] - month = ")).toInteger(): null

24-03-2025T11:52:51 - [TEST_STEP][PASSED] - println(month): null

24-03-2025T11:52:51 - [TEST_STEP][PASSED] - y = <not implemented yet for class: org.codehaus.groovy.ast.expr.EmptyExpression>: null

24-03-2025T11:52:51 - [TEST_STEP][PASSED] - iy = <not implemented yet for class: org.codehaus.groovy.ast.expr.EmptyExpression>: null

24-03-2025T11:52:51 - [TEST_STEP][PASSED] - m = getText(findTestObject("Выполнение бизнес-плана/Период")): Text of object 'Object Repository/Выполнение бизнес-плана/Период' is: 'Январь 2025 года'

24-03-2025T11:52:51 - [MESSAGE][PASSED] - Text of object 'Object Repository/Выполнение бизнес-плана/Период' is: 'Январь 2025 года'

24-03-2025T11:52:51 - [TEST_STEP][PASSED] - iy = m.indexOf("20"): null

24-03-2025T11:52:51 - [TEST_STEP][PASSED] - if (iy > -1): null

24-03-2025T11:52:51 - [TEST_STEP][PASSED] - y = substring(iy, iy + 4).toInteger(): null

24-03-2025T11:52:51 - [TEST_STEP][PASSED] - println(y): null

24-03-2025T11:52:51 - [TEST_STEP][PASSED] - if (toString().length() == 4): null

24-03-2025T11:52:51 - [TEST_STEP][PASSED] - m = m.substring(0, m.indexOf(y.toString())): null

24-03-2025T11:52:51 - [TEST_STEP][PASSED] - m = m.trim(): null

24-03-2025T11:52:51 - [TEST_STEP][PASSED] - if (m == ""): null

24-03-2025T11:52:51 - [TEST_STEP][PASSED] - dashboardName = "Выполнение бизнес-плана": null

24-03-2025T11:52:51 - [TEST_STEP][PASSED] - workbook01 = getWorkbook(excelFilePath): null

24-03-2025T11:52:51 - [TEST_STEP][PASSED] - sheet01 = getExcelSheet(workbook01, sheetName): null

24-03-2025T11:52:51 - [TEST_STEP][PASSED] - setValueToCellByIndex(sheet01, n, 0, dashboardName): null

24-03-2025T11:52:51 - [TEST_STEP][PASSED] - setValueToCellByIndex(sheet01, n, 1, dZO): null

24-03-2025T11:52:51 - [TEST_STEP][PASSED] - setValueToCellByIndex(sheet01, n, 2, typeOfData): null

24-03-2025T11:52:51 - [TEST_STEP][PASSED] - if (typeOfData == "Факт в процентах" || typeOfData == "План в процентах"): null

24-03-2025T11:52:51 - [TEST_STEP][PASSED] - setValueToCellByIndex(sheet01, n, 3, fileDouble): null

24-03-2025T11:52:51 - [TEST_STEP][PASSED] - setValueToCellByIndex(sheet01, n, 4, pageDouble): null

24-03-2025T11:52:51 - [TEST_STEP][PASSED] - setValueToCellByIndex(sheet01, n, 5, m): null

24-03-2025T11:52:51 - [TEST_STEP][PASSED] - setValueToCellByIndex(sheet01, n, 6, y): null

24-03-2025T11:52:51 - [TEST_STEP][PASSED] - setValueToCellByIndex(sheet01, n, 7, todaysDate): null

24-03-2025T11:52:51 - [TEST_STEP][PASSED] - n = n + 1: null

24-03-2025T11:52:51 - [TEST_STEP][PASSED] - saveWorkbook(excelFilePath, workbook01): null

24-03-2025T11:52:51 - [TEST_STEP][PASSED] - file = findTestData("PlanFact").getValue(7, a): null

24-03-2025T11:52:52 - [TEST_STEP][PASSED] - file = file.replace(",", "."): null

24-03-2025T11:52:52 - [TEST_STEP][PASSED] - println("file Fact: " + file): null

24-03-2025T11:52:52 - [TEST_STEP][PASSED] - fileDouble = file.toDouble(): null

24-03-2025T11:52:52 - [TEST_STEP][PASSED] - typeOfData = "Факт в процентах": null

24-03-2025T11:52:52 - [TEST_STEP][PASSED] - fileDouble = file.toDouble(): null

24-03-2025T11:52:52 - [TEST_STEP][PASSED] - pageDouble = page2.toDouble(): null

24-03-2025T11:52:52 - [TEST_STEP][PASSED] - if (fileDouble != pageDouble): null

24-03-2025T11:52:52 - [TEST_STEP][PASSED] - numberOfErrors = numberOfErrors + 1: null

24-03-2025T11:52:52 - [TEST_STEP][PASSED] - Script1718980020443.WriteToExcel(a, typeOfData, todaysDate, pageInt, fileInt, pageDouble, fileDouble, dZO): null

24-03-2025T11:52:52 - [TEST_STEP][PASSED] - sheetName = "Sheet1": null

24-03-2025T11:52:52 - [TEST_STEP][PASSED] - data = findTestData("PlanFact"): null

24-03-2025T11:52:52 - [TEST_STEP][PASSED] - n = data.getRowNumbers() + 1: null

24-03-2025T11:52:52 - [TEST_STEP][PASSED] - day = ")).toInteger(): null

24-03-2025T11:52:52 - [TEST_STEP][PASSED] - println(day): null

24-03-2025T11:52:52 - [TEST_STEP][PASSED] - month = ")).toInteger(): null

24-03-2025T11:52:52 - [TEST_STEP][PASSED] - println(month): null

24-03-2025T11:52:52 - [TEST_STEP][PASSED] - y = <not implemented yet for class: org.codehaus.groovy.ast.expr.EmptyExpression>: null

24-03-2025T11:52:52 - [TEST_STEP][PASSED] - iy = <not implemented yet for class: org.codehaus.groovy.ast.expr.EmptyExpression>: null

24-03-2025T11:52:52 - [TEST_STEP][PASSED] - m = getText(findTestObject("Выполнение бизнес-плана/Период")): Text of object 'Object Repository/Выполнение бизнес-плана/Период' is: 'Январь 2025 года'

24-03-2025T11:52:52 - [MESSAGE][PASSED] - Text of object 'Object Repository/Выполнение бизнес-плана/Период' is: 'Январь 2025 года'

24-03-2025T11:52:52 - [TEST_STEP][PASSED] - iy = m.indexOf("20"): null

24-03-2025T11:52:52 - [TEST_STEP][PASSED] - if (iy > -1): null

24-03-2025T11:52:52 - [TEST_STEP][PASSED] - y = substring(iy, iy + 4).toInteger(): null

24-03-2025T11:52:52 - [TEST_STEP][PASSED] - println(y): null

24-03-2025T11:52:52 - [TEST_STEP][PASSED] - if (toString().length() == 4): null

24-03-2025T11:52:52 - [TEST_STEP][PASSED] - m = m.substring(0, m.indexOf(y.toString())): null

24-03-2025T11:52:52 - [TEST_STEP][PASSED] - m = m.trim(): null

24-03-2025T11:52:52 - [TEST_STEP][PASSED] - if (m == ""): null

24-03-2025T11:52:52 - [TEST_STEP][PASSED] - dashboardName = "Выполнение бизнес-плана": null

24-03-2025T11:52:52 - [TEST_STEP][PASSED] - workbook01 = getWorkbook(excelFilePath): null

24-03-2025T11:52:52 - [TEST_STEP][PASSED] - sheet01 = getExcelSheet(workbook01, sheetName): null

24-03-2025T11:52:52 - [TEST_STEP][PASSED] - setValueToCellByIndex(sheet01, n, 0, dashboardName): null

24-03-2025T11:52:52 - [TEST_STEP][PASSED] - setValueToCellByIndex(sheet01, n, 1, dZO): null

24-03-2025T11:52:52 - [TEST_STEP][PASSED] - setValueToCellByIndex(sheet01, n, 2, typeOfData): null

24-03-2025T11:52:52 - [TEST_STEP][PASSED] - if (typeOfData == "Факт в процентах" || typeOfData == "План в процентах"): null

24-03-2025T11:52:52 - [TEST_STEP][PASSED] - setValueToCellByIndex(sheet01, n, 3, fileDouble): null

24-03-2025T11:52:52 - [TEST_STEP][PASSED] - setValueToCellByIndex(sheet01, n, 4, pageDouble): null

24-03-2025T11:52:52 - [TEST_STEP][PASSED] - setValueToCellByIndex(sheet01, n, 5, m): null

24-03-2025T11:52:52 - [TEST_STEP][PASSED] - setValueToCellByIndex(sheet01, n, 6, y): null

24-03-2025T11:52:52 - [TEST_STEP][PASSED] - setValueToCellByIndex(sheet01, n, 7, todaysDate): null

24-03-2025T11:52:52 - [TEST_STEP][PASSED] - n = n + 1: null

24-03-2025T11:52:52 - [TEST_STEP][PASSED] - saveWorkbook(excelFilePath, workbook01): null

24-03-2025T11:52:52 - [TEST_STEP][FAILED] - if (verifyEqual(numberOfErrors, 0) == false): null

24-03-2025T11:52:52 - [MESSAGE][FAILED] - Unable to verify equal between actual object '6' and expected object '0' (Root cause: com.kms.katalon.core.exception.StepFailedException: Actual object '6' and expected object '0' are not equal
	at com.kms.katalon.core.keyword.builtin.VerifyEqualKeyword$_verifyEqual_closure1.doCall(VerifyEqualKeyword.groovy:58)
	at com.kms.katalon.core.keyword.builtin.VerifyEqualKeyword$_verifyEqual_closure1.call(VerifyEqualKeyword.groovy)
	at com.kms.katalon.core.keyword.internal.KeywordMain.runKeyword(KeywordMain.groovy:75)
	at com.kms.katalon.core.keyword.builtin.VerifyEqualKeyword.verifyEqual(VerifyEqualKeyword.groovy:63)
	at com.kms.katalon.core.keyword.builtin.VerifyEqualKeyword.execute(VerifyEqualKeyword.groovy:44)
	at com.kms.katalon.core.keyword.internal.KeywordExecutor.executeKeywordForPlatform(KeywordExecutor.groovy:74)
	at com.kms.katalon.core.keyword.BuiltinKeywords.verifyEqual(BuiltinKeywords.groovy:146)
	at jdk.internal.reflect.GeneratedMethodAccessor22.invoke(Unknown Source)
	at java.base/jdk.internal.reflect.DelegatingMethodAccessorImpl.invoke(DelegatingMethodAccessorImpl.java:43)
	at Выполнение бизнес-плана Сверка ПАО Россети все филиалы.Numbers(Выполнение бизнес-плана Сверка ПАО Россети все филиалы:744)
	at Выполнение бизнес-плана Сверка ПАО Россети все филиалы.run(Выполнение бизнес-плана Сверка ПАО Россети все филиалы:194)
	at com.kms.katalon.core.main.ScriptEngine.run(ScriptEngine.java:194)
	at com.kms.katalon.core.main.ScriptEngine.runScriptAsRawText(ScriptEngine.java:119)
	at com.kms.katalon.core.main.TestCaseExecutor.runScript(TestCaseExecutor.java:448)
	at com.kms.katalon.core.main.TestCaseExecutor.doExecute(TestCaseExecutor.java:439)
	at com.kms.katalon.core.main.TestCaseExecutor.processExecutionPhase(TestCaseExecutor.java:418)
	at com.kms.katalon.core.main.TestCaseExecutor.accessMainPhase(TestCaseExecutor.java:410)
	at com.kms.katalon.core.main.TestCaseExecutor.execute(TestCaseExecutor.java:285)
	at com.kms.katalon.core.common.CommonExecutor.accessTestCaseMainPhase(CommonExecutor.java:65)
	at com.kms.katalon.core.main.TestSuiteExecutor.accessTestSuiteMainPhase(TestSuiteExecutor.java:150)
	at com.kms.katalon.core.main.TestSuiteExecutor.execute(TestSuiteExecutor.java:106)
	at com.kms.katalon.core.main.TestCaseMain.startTestSuite(TestCaseMain.java:180)
	at TempTestSuite1742797761676.run(TempTestSuite1742797761676.groovy:35)
	at java.base/jdk.internal.reflect.NativeMethodAccessorImpl.invoke0(Native Method)
	at java.base/jdk.internal.reflect.NativeMethodAccessorImpl.invoke(NativeMethodAccessorImpl.java:77)
	at java.base/jdk.internal.reflect.DelegatingMethodAccessorImpl.invoke(DelegatingMethodAccessorImpl.java:43)
)

24-03-2025T11:52:52 - [TEST_STEP][PASSED] - println(numberOfErrors): null

24-03-2025T11:52:52 - [TEST_STEP][PASSED] - println("a=" + a): null

24-03-2025T11:52:52 - [TEST_STEP][PASSED] - if (a == 28 || a == 77 || a == 74 || a == 65 || a == 36 || a == 44 || a == 54 || a == 1 || a == 18 || a == 59): null

24-03-2025T11:52:52 - [TEST_STEP][PASSED] - if (a == 82): null

24-03-2025T11:52:52 - [TEST_STEP][PASSED] - Script1718980020443.OpenFilter(): null

24-03-2025T11:52:52 - [TEST_STEP][PASSED] - click(findTestObject("Object Repository/Выполнение бизнес-плана/Фильтр ДЗО")): Object: 'Object Repository/Выполнение бизнес-плана/Фильтр ДЗО' is clicked on

24-03-2025T11:52:53 - [MESSAGE][PASSED] - Object: 'Object Repository/Выполнение бизнес-плана/Фильтр ДЗО' is clicked on

24-03-2025T11:52:53 - [TEST_STEP][PASSED] - click(findTestObject("Выполнение бизнес-плана/Снять выделение в фильтре ДЗО")): null

24-03-2025T11:52:53 - [MESSAGE][PASSED] - Object: 'Object Repository/Выполнение бизнес-плана/Снять выделение в фильтре ДЗО' is clicked on

24-03-2025T11:52:53 - [TEST_STEP][PASSED] - Script1718980020443.CloseFilter(): null

24-03-2025T11:52:53 - [TEST_STEP][PASSED] - scrollToElement(findTestObject("Выполнение бизнес-плана/Заголовок дашборда"), 30): Scroll to object 'Object Repository/Выполнение бизнес-плана/Заголовок дашборда' successfully

24-03-2025T11:52:53 - [MESSAGE][PASSED] - Scroll to object 'Object Repository/Выполнение бизнес-плана/Заголовок дашборда' successfully

24-03-2025T11:52:53 - [TEST_STEP][PASSED] - click(findTestObject("Object Repository/Выполнение бизнес-плана/Применить в фильтре ДЗО")): null

24-03-2025T11:52:54 - [MESSAGE][PASSED] - Object: 'Object Repository/Выполнение бизнес-плана/Применить в фильтре ДЗО' is clicked on

24-03-2025T11:52:54 - [TEST_STEP][PASSED] - delay(20): Delayed 20 second(s)

24-03-2025T11:53:14 - [MESSAGE][PASSED] - Delayed 20 second(s)

24-03-2025T11:53:14 - [TEST_STEP][PASSED] - dZO = "АО «Тываэнерго»": null

24-03-2025T11:53:14 - [TEST_STEP][PASSED] - a = 52: null

24-03-2025T11:53:14 - [TEST_STEP][PASSED] - if (x1.contains("Тываэнерго")): null

24-03-2025T11:53:14 - [TEST_STEP][PASSED] - else: null

24-03-2025T11:53:14 - [TEST_STEP][PASSED] - Script1718980020443.NoData(a, typeOfData, todaysDate, fileInt, fileDouble, dZO): null

24-03-2025T11:53:14 - [TEST_STEP][PASSED] - println(a): null

24-03-2025T11:53:14 - [TEST_STEP][PASSED] - println(todaysDate): null

24-03-2025T11:53:14 - [TEST_STEP][PASSED] - println(fileInt): null

24-03-2025T11:53:14 - [TEST_STEP][PASSED] - println(fileDouble): null

24-03-2025T11:53:14 - [TEST_STEP][PASSED] - println(dZO): null

24-03-2025T11:53:14 - [TEST_STEP][PASSED] - typeOfData = "Факт Отпуск в сеть": null

24-03-2025T11:53:14 - [TEST_STEP][PASSED] - fileInt = replaceAll("\s+", "").toInteger(): null

24-03-2025T11:53:14 - [TEST_STEP][PASSED] - Script1718980020443.WriteToExcelNoData(a, typeOfData, todaysDate, fileInt, fileDouble, dZO): null

24-03-2025T11:53:14 - [TEST_STEP][PASSED] - sheetName = "Sheet1": null

24-03-2025T11:53:14 - [TEST_STEP][PASSED] - data = findTestData("PlanFact"): null

24-03-2025T11:53:14 - [TEST_STEP][PASSED] - n = data.getRowNumbers() + 1: null

24-03-2025T11:53:14 - [TEST_STEP][PASSED] - day = ")).toInteger(): null

24-03-2025T11:53:14 - [TEST_STEP][PASSED] - println(day): null

24-03-2025T11:53:14 - [TEST_STEP][PASSED] - month = ")).toInteger(): null

24-03-2025T11:53:14 - [TEST_STEP][PASSED] - println(month): null

24-03-2025T11:53:14 - [TEST_STEP][PASSED] - y = <not implemented yet for class: org.codehaus.groovy.ast.expr.EmptyExpression>: null

24-03-2025T11:53:14 - [TEST_STEP][PASSED] - iy = <not implemented yet for class: org.codehaus.groovy.ast.expr.EmptyExpression>: null

24-03-2025T11:53:14 - [TEST_STEP][PASSED] - m = getText(findTestObject("Выполнение бизнес-плана/Период")): Text of object 'Object Repository/Выполнение бизнес-плана/Период' is: 'Январь 2025 года'

24-03-2025T11:53:15 - [MESSAGE][PASSED] - Text of object 'Object Repository/Выполнение бизнес-плана/Период' is: 'Январь 2025 года'

24-03-2025T11:53:15 - [TEST_STEP][PASSED] - iy = m.indexOf("20"): null

24-03-2025T11:53:15 - [TEST_STEP][PASSED] - if (iy > -1): null

24-03-2025T11:53:15 - [TEST_STEP][PASSED] - y = substring(iy, iy + 4).toInteger(): null

24-03-2025T11:53:15 - [TEST_STEP][PASSED] - println(y): null

24-03-2025T11:53:15 - [TEST_STEP][PASSED] - if (toString().length() == 4): null

24-03-2025T11:53:15 - [TEST_STEP][PASSED] - m = m.substring(0, m.indexOf(y.toString())): null

24-03-2025T11:53:15 - [TEST_STEP][PASSED] - m = m.trim(): null

24-03-2025T11:53:15 - [TEST_STEP][PASSED] - if (m == ""): null

24-03-2025T11:53:15 - [TEST_STEP][PASSED] - dashboardName = "Выполнение бизнес-плана": null

24-03-2025T11:53:15 - [TEST_STEP][PASSED] - workbook01 = getWorkbook(excelFilePath): null

24-03-2025T11:53:15 - [TEST_STEP][PASSED] - sheet01 = getExcelSheet(workbook01, sheetName): null

24-03-2025T11:53:15 - [TEST_STEP][PASSED] - setValueToCellByIndex(sheet01, n, 0, dashboardName): null

24-03-2025T11:53:15 - [TEST_STEP][PASSED] - setValueToCellByIndex(sheet01, n, 1, dZO): null

24-03-2025T11:53:15 - [TEST_STEP][PASSED] - setValueToCellByIndex(sheet01, n, 2, typeOfData): null

24-03-2025T11:53:15 - [TEST_STEP][PASSED] - if (typeOfData == "Факт в процентах" || typeOfData == "План в процентах"): null

24-03-2025T11:53:15 - [TEST_STEP][PASSED] - else: null

24-03-2025T11:53:15 - [TEST_STEP][PASSED] - setValueToCellByIndex(sheet01, n, 3, fileInt): null

24-03-2025T11:53:15 - [TEST_STEP][PASSED] - setValueToCellByIndex(sheet01, n, 4, "нет данных"): null

24-03-2025T11:53:15 - [TEST_STEP][PASSED] - setValueToCellByIndex(sheet01, n, 5, m): null

24-03-2025T11:53:15 - [TEST_STEP][PASSED] - setValueToCellByIndex(sheet01, n, 6, y): null

24-03-2025T11:53:15 - [TEST_STEP][PASSED] - setValueToCellByIndex(sheet01, n, 7, todaysDate): null

24-03-2025T11:53:15 - [TEST_STEP][PASSED] - n = n + 1: null

24-03-2025T11:53:15 - [TEST_STEP][PASSED] - saveWorkbook(excelFilePath, workbook01): null

24-03-2025T11:53:15 - [TEST_STEP][PASSED] - typeOfData = "Факт Потери": null

24-03-2025T11:53:15 - [TEST_STEP][PASSED] - fileInt = replaceAll("\s+", "").toInteger(): null

24-03-2025T11:53:15 - [TEST_STEP][PASSED] - Script1718980020443.WriteToExcelNoData(a, typeOfData, todaysDate, fileInt, fileDouble, dZO): null

24-03-2025T11:53:15 - [TEST_STEP][PASSED] - sheetName = "Sheet1": null

24-03-2025T11:53:15 - [TEST_STEP][PASSED] - data = findTestData("PlanFact"): null

24-03-2025T11:53:15 - [TEST_STEP][PASSED] - n = data.getRowNumbers() + 1: null

24-03-2025T11:53:15 - [TEST_STEP][PASSED] - day = ")).toInteger(): null

24-03-2025T11:53:15 - [TEST_STEP][PASSED] - println(day): null

24-03-2025T11:53:15 - [TEST_STEP][PASSED] - month = ")).toInteger(): null

24-03-2025T11:53:15 - [TEST_STEP][PASSED] - println(month): null

24-03-2025T11:53:15 - [TEST_STEP][PASSED] - y = <not implemented yet for class: org.codehaus.groovy.ast.expr.EmptyExpression>: null

24-03-2025T11:53:15 - [TEST_STEP][PASSED] - iy = <not implemented yet for class: org.codehaus.groovy.ast.expr.EmptyExpression>: null

24-03-2025T11:53:15 - [TEST_STEP][PASSED] - m = getText(findTestObject("Выполнение бизнес-плана/Период")): Text of object 'Object Repository/Выполнение бизнес-плана/Период' is: 'Январь 2025 года'

24-03-2025T11:53:15 - [MESSAGE][PASSED] - Text of object 'Object Repository/Выполнение бизнес-плана/Период' is: 'Январь 2025 года'

24-03-2025T11:53:15 - [TEST_STEP][PASSED] - iy = m.indexOf("20"): null

24-03-2025T11:53:15 - [TEST_STEP][PASSED] - if (iy > -1): null

24-03-2025T11:53:15 - [TEST_STEP][PASSED] - y = substring(iy, iy + 4).toInteger(): null

24-03-2025T11:53:15 - [TEST_STEP][PASSED] - println(y): null

24-03-2025T11:53:15 - [TEST_STEP][PASSED] - if (toString().length() == 4): null

24-03-2025T11:53:15 - [TEST_STEP][PASSED] - m = m.substring(0, m.indexOf(y.toString())): null

24-03-2025T11:53:15 - [TEST_STEP][PASSED] - m = m.trim(): null

24-03-2025T11:53:15 - [TEST_STEP][PASSED] - if (m == ""): null

24-03-2025T11:53:15 - [TEST_STEP][PASSED] - dashboardName = "Выполнение бизнес-плана": null

24-03-2025T11:53:15 - [TEST_STEP][PASSED] - workbook01 = getWorkbook(excelFilePath): null

24-03-2025T11:53:15 - [TEST_STEP][PASSED] - sheet01 = getExcelSheet(workbook01, sheetName): null

24-03-2025T11:53:15 - [TEST_STEP][PASSED] - setValueToCellByIndex(sheet01, n, 0, dashboardName): null

24-03-2025T11:53:15 - [TEST_STEP][PASSED] - setValueToCellByIndex(sheet01, n, 1, dZO): null

24-03-2025T11:53:15 - [TEST_STEP][PASSED] - setValueToCellByIndex(sheet01, n, 2, typeOfData): null

24-03-2025T11:53:15 - [TEST_STEP][PASSED] - if (typeOfData == "Факт в процентах" || typeOfData == "План в процентах"): null

24-03-2025T11:53:15 - [TEST_STEP][PASSED] - else: null

24-03-2025T11:53:15 - [TEST_STEP][PASSED] - setValueToCellByIndex(sheet01, n, 3, fileInt): null

24-03-2025T11:53:15 - [TEST_STEP][PASSED] - setValueToCellByIndex(sheet01, n, 4, "нет данных"): null

24-03-2025T11:53:15 - [TEST_STEP][PASSED] - setValueToCellByIndex(sheet01, n, 5, m): null

24-03-2025T11:53:15 - [TEST_STEP][PASSED] - setValueToCellByIndex(sheet01, n, 6, y): null

24-03-2025T11:53:15 - [TEST_STEP][PASSED] - setValueToCellByIndex(sheet01, n, 7, todaysDate): null

24-03-2025T11:53:15 - [TEST_STEP][PASSED] - n = n + 1: null

24-03-2025T11:53:15 - [TEST_STEP][PASSED] - saveWorkbook(excelFilePath, workbook01): null

24-03-2025T11:53:16 - [TEST_STEP][PASSED] - typeOfData = "План Отпуск в сеть": null

24-03-2025T11:53:16 - [TEST_STEP][PASSED] - fileInt = replaceAll("\s+", "").toInteger(): null

24-03-2025T11:53:16 - [TEST_STEP][PASSED] - Script1718980020443.WriteToExcelNoData(a, typeOfData, todaysDate, fileInt, fileDouble, dZO): null

24-03-2025T11:53:16 - [TEST_STEP][PASSED] - sheetName = "Sheet1": null

24-03-2025T11:53:16 - [TEST_STEP][PASSED] - data = findTestData("PlanFact"): null

24-03-2025T11:53:16 - [TEST_STEP][PASSED] - n = data.getRowNumbers() + 1: null

24-03-2025T11:53:16 - [TEST_STEP][PASSED] - day = ")).toInteger(): null

24-03-2025T11:53:16 - [TEST_STEP][PASSED] - println(day): null

24-03-2025T11:53:16 - [TEST_STEP][PASSED] - month = ")).toInteger(): null

24-03-2025T11:53:16 - [TEST_STEP][PASSED] - println(month): null

24-03-2025T11:53:16 - [TEST_STEP][PASSED] - y = <not implemented yet for class: org.codehaus.groovy.ast.expr.EmptyExpression>: null

24-03-2025T11:53:16 - [TEST_STEP][PASSED] - iy = <not implemented yet for class: org.codehaus.groovy.ast.expr.EmptyExpression>: null

24-03-2025T11:53:16 - [TEST_STEP][PASSED] - m = getText(findTestObject("Выполнение бизнес-плана/Период")): Text of object 'Object Repository/Выполнение бизнес-плана/Период' is: 'Январь 2025 года'

24-03-2025T11:53:16 - [MESSAGE][PASSED] - Text of object 'Object Repository/Выполнение бизнес-плана/Период' is: 'Январь 2025 года'

24-03-2025T11:53:16 - [TEST_STEP][PASSED] - iy = m.indexOf("20"): null

24-03-2025T11:53:16 - [TEST_STEP][PASSED] - if (iy > -1): null

24-03-2025T11:53:16 - [TEST_STEP][PASSED] - y = substring(iy, iy + 4).toInteger(): null

24-03-2025T11:53:16 - [TEST_STEP][PASSED] - println(y): null

24-03-2025T11:53:16 - [TEST_STEP][PASSED] - if (toString().length() == 4): null

24-03-2025T11:53:16 - [TEST_STEP][PASSED] - m = m.substring(0, m.indexOf(y.toString())): null

24-03-2025T11:53:16 - [TEST_STEP][PASSED] - m = m.trim(): null

24-03-2025T11:53:16 - [TEST_STEP][PASSED] - if (m == ""): null

24-03-2025T11:53:16 - [TEST_STEP][PASSED] - dashboardName = "Выполнение бизнес-плана": null

24-03-2025T11:53:16 - [TEST_STEP][PASSED] - workbook01 = getWorkbook(excelFilePath): null

24-03-2025T11:53:16 - [TEST_STEP][PASSED] - sheet01 = getExcelSheet(workbook01, sheetName): null

24-03-2025T11:53:16 - [TEST_STEP][PASSED] - setValueToCellByIndex(sheet01, n, 0, dashboardName): null

24-03-2025T11:53:16 - [TEST_STEP][PASSED] - setValueToCellByIndex(sheet01, n, 1, dZO): null

24-03-2025T11:53:16 - [TEST_STEP][PASSED] - setValueToCellByIndex(sheet01, n, 2, typeOfData): null

24-03-2025T11:53:16 - [TEST_STEP][PASSED] - if (typeOfData == "Факт в процентах" || typeOfData == "План в процентах"): null

24-03-2025T11:53:16 - [TEST_STEP][PASSED] - else: null

24-03-2025T11:53:16 - [TEST_STEP][PASSED] - setValueToCellByIndex(sheet01, n, 3, fileInt): null

24-03-2025T11:53:16 - [TEST_STEP][PASSED] - setValueToCellByIndex(sheet01, n, 4, "нет данных"): null

24-03-2025T11:53:16 - [TEST_STEP][PASSED] - setValueToCellByIndex(sheet01, n, 5, m): null

24-03-2025T11:53:16 - [TEST_STEP][PASSED] - setValueToCellByIndex(sheet01, n, 6, y): null

24-03-2025T11:53:16 - [TEST_STEP][PASSED] - setValueToCellByIndex(sheet01, n, 7, todaysDate): null

24-03-2025T11:53:16 - [TEST_STEP][PASSED] - n = n + 1: null

24-03-2025T11:53:16 - [TEST_STEP][PASSED] - saveWorkbook(excelFilePath, workbook01): null

24-03-2025T11:53:16 - [TEST_STEP][PASSED] - typeOfData = "План Потери": null

24-03-2025T11:53:16 - [TEST_STEP][PASSED] - fileInt = replaceAll("\s+", "").toInteger(): null

24-03-2025T11:53:16 - [TEST_STEP][PASSED] - Script1718980020443.WriteToExcelNoData(a, typeOfData, todaysDate, fileInt, fileDouble, dZO): null

24-03-2025T11:53:16 - [TEST_STEP][PASSED] - sheetName = "Sheet1": null

24-03-2025T11:53:16 - [TEST_STEP][PASSED] - data = findTestData("PlanFact"): null

24-03-2025T11:53:16 - [TEST_STEP][PASSED] - n = data.getRowNumbers() + 1: null

24-03-2025T11:53:16 - [TEST_STEP][PASSED] - day = ")).toInteger(): null

24-03-2025T11:53:16 - [TEST_STEP][PASSED] - println(day): null

24-03-2025T11:53:16 - [TEST_STEP][PASSED] - month = ")).toInteger(): null

24-03-2025T11:53:16 - [TEST_STEP][PASSED] - println(month): null

24-03-2025T11:53:16 - [TEST_STEP][PASSED] - y = <not implemented yet for class: org.codehaus.groovy.ast.expr.EmptyExpression>: null

24-03-2025T11:53:16 - [TEST_STEP][PASSED] - iy = <not implemented yet for class: org.codehaus.groovy.ast.expr.EmptyExpression>: null

24-03-2025T11:53:16 - [TEST_STEP][PASSED] - m = getText(findTestObject("Выполнение бизнес-плана/Период")): Text of object 'Object Repository/Выполнение бизнес-плана/Период' is: 'Январь 2025 года'

24-03-2025T11:53:17 - [MESSAGE][PASSED] - Text of object 'Object Repository/Выполнение бизнес-плана/Период' is: 'Январь 2025 года'

24-03-2025T11:53:17 - [TEST_STEP][PASSED] - iy = m.indexOf("20"): null

24-03-2025T11:53:17 - [TEST_STEP][PASSED] - if (iy > -1): null

24-03-2025T11:53:17 - [TEST_STEP][PASSED] - y = substring(iy, iy + 4).toInteger(): null

24-03-2025T11:53:17 - [TEST_STEP][PASSED] - println(y): null

24-03-2025T11:53:17 - [TEST_STEP][PASSED] - if (toString().length() == 4): null

24-03-2025T11:53:17 - [TEST_STEP][PASSED] - m = m.substring(0, m.indexOf(y.toString())): null

24-03-2025T11:53:17 - [TEST_STEP][PASSED] - m = m.trim(): null

24-03-2025T11:53:17 - [TEST_STEP][PASSED] - if (m == ""): null

24-03-2025T11:53:17 - [TEST_STEP][PASSED] - dashboardName = "Выполнение бизнес-плана": null

24-03-2025T11:53:17 - [TEST_STEP][PASSED] - workbook01 = getWorkbook(excelFilePath): null

24-03-2025T11:53:17 - [TEST_STEP][PASSED] - sheet01 = getExcelSheet(workbook01, sheetName): null

24-03-2025T11:53:17 - [TEST_STEP][PASSED] - setValueToCellByIndex(sheet01, n, 0, dashboardName): null

24-03-2025T11:53:17 - [TEST_STEP][PASSED] - setValueToCellByIndex(sheet01, n, 1, dZO): null

24-03-2025T11:53:17 - [TEST_STEP][PASSED] - setValueToCellByIndex(sheet01, n, 2, typeOfData): null

24-03-2025T11:53:17 - [TEST_STEP][PASSED] - if (typeOfData == "Факт в процентах" || typeOfData == "План в процентах"): null

24-03-2025T11:53:17 - [TEST_STEP][PASSED] - else: null

24-03-2025T11:53:17 - [TEST_STEP][PASSED] - setValueToCellByIndex(sheet01, n, 3, fileInt): null

24-03-2025T11:53:17 - [TEST_STEP][PASSED] - setValueToCellByIndex(sheet01, n, 4, "нет данных"): null

24-03-2025T11:53:17 - [TEST_STEP][PASSED] - setValueToCellByIndex(sheet01, n, 5, m): null

24-03-2025T11:53:17 - [TEST_STEP][PASSED] - setValueToCellByIndex(sheet01, n, 6, y): null

24-03-2025T11:53:17 - [TEST_STEP][PASSED] - setValueToCellByIndex(sheet01, n, 7, todaysDate): null

24-03-2025T11:53:17 - [TEST_STEP][PASSED] - n = n + 1: null

24-03-2025T11:53:17 - [TEST_STEP][PASSED] - saveWorkbook(excelFilePath, workbook01): null

24-03-2025T11:53:17 - [TEST_STEP][PASSED] - typeOfData = "План в процентах": null

24-03-2025T11:53:17 - [TEST_STEP][PASSED] - fileDouble = ").toDouble(): null

24-03-2025T11:53:17 - [TEST_STEP][PASSED] - Script1718980020443.WriteToExcelNoData(a, typeOfData, todaysDate, fileInt, fileDouble, dZO): null

24-03-2025T11:53:17 - [TEST_STEP][PASSED] - sheetName = "Sheet1": null

24-03-2025T11:53:17 - [TEST_STEP][PASSED] - data = findTestData("PlanFact"): null

24-03-2025T11:53:17 - [TEST_STEP][PASSED] - n = data.getRowNumbers() + 1: null

24-03-2025T11:53:17 - [TEST_STEP][PASSED] - day = ")).toInteger(): null

24-03-2025T11:53:17 - [TEST_STEP][PASSED] - println(day): null

24-03-2025T11:53:17 - [TEST_STEP][PASSED] - month = ")).toInteger(): null

24-03-2025T11:53:17 - [TEST_STEP][PASSED] - println(month): null

24-03-2025T11:53:17 - [TEST_STEP][PASSED] - y = <not implemented yet for class: org.codehaus.groovy.ast.expr.EmptyExpression>: null

24-03-2025T11:53:17 - [TEST_STEP][PASSED] - iy = <not implemented yet for class: org.codehaus.groovy.ast.expr.EmptyExpression>: null

24-03-2025T11:53:17 - [TEST_STEP][PASSED] - m = getText(findTestObject("Выполнение бизнес-плана/Период")): Text of object 'Object Repository/Выполнение бизнес-плана/Период' is: 'Январь 2025 года'

24-03-2025T11:53:17 - [MESSAGE][PASSED] - Text of object 'Object Repository/Выполнение бизнес-плана/Период' is: 'Январь 2025 года'

24-03-2025T11:53:17 - [TEST_STEP][PASSED] - iy = m.indexOf("20"): null

24-03-2025T11:53:17 - [TEST_STEP][PASSED] - if (iy > -1): null

24-03-2025T11:53:17 - [TEST_STEP][PASSED] - y = substring(iy, iy + 4).toInteger(): null

24-03-2025T11:53:17 - [TEST_STEP][PASSED] - println(y): null

24-03-2025T11:53:17 - [TEST_STEP][PASSED] - if (toString().length() == 4): null

24-03-2025T11:53:17 - [TEST_STEP][PASSED] - m = m.substring(0, m.indexOf(y.toString())): null

24-03-2025T11:53:17 - [TEST_STEP][PASSED] - m = m.trim(): null

24-03-2025T11:53:17 - [TEST_STEP][PASSED] - if (m == ""): null

24-03-2025T11:53:17 - [TEST_STEP][PASSED] - dashboardName = "Выполнение бизнес-плана": null

24-03-2025T11:53:17 - [TEST_STEP][PASSED] - workbook01 = getWorkbook(excelFilePath): null

24-03-2025T11:53:17 - [TEST_STEP][PASSED] - sheet01 = getExcelSheet(workbook01, sheetName): null

24-03-2025T11:53:17 - [TEST_STEP][PASSED] - setValueToCellByIndex(sheet01, n, 0, dashboardName): null

24-03-2025T11:53:17 - [TEST_STEP][PASSED] - setValueToCellByIndex(sheet01, n, 1, dZO): null

24-03-2025T11:53:17 - [TEST_STEP][PASSED] - setValueToCellByIndex(sheet01, n, 2, typeOfData): null

24-03-2025T11:53:17 - [TEST_STEP][PASSED] - if (typeOfData == "Факт в процентах" || typeOfData == "План в процентах"): null

24-03-2025T11:53:17 - [TEST_STEP][PASSED] - setValueToCellByIndex(sheet01, n, 3, fileDouble): null

24-03-2025T11:53:17 - [TEST_STEP][PASSED] - setValueToCellByIndex(sheet01, n, 4, "нет данных"): null

24-03-2025T11:53:17 - [TEST_STEP][PASSED] - setValueToCellByIndex(sheet01, n, 5, m): null

24-03-2025T11:53:17 - [TEST_STEP][PASSED] - setValueToCellByIndex(sheet01, n, 6, y): null

24-03-2025T11:53:17 - [TEST_STEP][PASSED] - setValueToCellByIndex(sheet01, n, 7, todaysDate): null

24-03-2025T11:53:17 - [TEST_STEP][PASSED] - n = n + 1: null

24-03-2025T11:53:17 - [TEST_STEP][PASSED] - saveWorkbook(excelFilePath, workbook01): null

24-03-2025T11:53:18 - [TEST_STEP][PASSED] - typeOfData = "Факт в процентах": null

24-03-2025T11:53:18 - [TEST_STEP][PASSED] - fileDouble = ").toDouble(): null

24-03-2025T11:53:18 - [TEST_STEP][PASSED] - Script1718980020443.WriteToExcelNoData(a, typeOfData, todaysDate, fileInt, fileDouble, dZO): null

24-03-2025T11:53:18 - [TEST_STEP][PASSED] - sheetName = "Sheet1": null

24-03-2025T11:53:18 - [TEST_STEP][PASSED] - data = findTestData("PlanFact"): null

24-03-2025T11:53:18 - [TEST_STEP][PASSED] - n = data.getRowNumbers() + 1: null

24-03-2025T11:53:18 - [TEST_STEP][PASSED] - day = ")).toInteger(): null

24-03-2025T11:53:18 - [TEST_STEP][PASSED] - println(day): null

24-03-2025T11:53:18 - [TEST_STEP][PASSED] - month = ")).toInteger(): null

24-03-2025T11:53:18 - [TEST_STEP][PASSED] - println(month): null

24-03-2025T11:53:18 - [TEST_STEP][PASSED] - y = <not implemented yet for class: org.codehaus.groovy.ast.expr.EmptyExpression>: null

24-03-2025T11:53:18 - [TEST_STEP][PASSED] - iy = <not implemented yet for class: org.codehaus.groovy.ast.expr.EmptyExpression>: null

24-03-2025T11:53:18 - [TEST_STEP][PASSED] - m = getText(findTestObject("Выполнение бизнес-плана/Период")): Text of object 'Object Repository/Выполнение бизнес-плана/Период' is: 'Январь 2025 года'

24-03-2025T11:53:18 - [MESSAGE][PASSED] - Text of object 'Object Repository/Выполнение бизнес-плана/Период' is: 'Январь 2025 года'

24-03-2025T11:53:18 - [TEST_STEP][PASSED] - iy = m.indexOf("20"): null

24-03-2025T11:53:18 - [TEST_STEP][PASSED] - if (iy > -1): null

24-03-2025T11:53:18 - [TEST_STEP][PASSED] - y = substring(iy, iy + 4).toInteger(): null

24-03-2025T11:53:18 - [TEST_STEP][PASSED] - println(y): null

24-03-2025T11:53:18 - [TEST_STEP][PASSED] - if (toString().length() == 4): null

24-03-2025T11:53:18 - [TEST_STEP][PASSED] - m = m.substring(0, m.indexOf(y.toString())): null

24-03-2025T11:53:18 - [TEST_STEP][PASSED] - m = m.trim(): null

24-03-2025T11:53:18 - [TEST_STEP][PASSED] - if (m == ""): null

24-03-2025T11:53:18 - [TEST_STEP][PASSED] - dashboardName = "Выполнение бизнес-плана": null

24-03-2025T11:53:18 - [TEST_STEP][PASSED] - workbook01 = getWorkbook(excelFilePath): null

24-03-2025T11:53:18 - [TEST_STEP][PASSED] - sheet01 = getExcelSheet(workbook01, sheetName): null

24-03-2025T11:53:18 - [TEST_STEP][PASSED] - setValueToCellByIndex(sheet01, n, 0, dashboardName): null

24-03-2025T11:53:18 - [TEST_STEP][PASSED] - setValueToCellByIndex(sheet01, n, 1, dZO): null

24-03-2025T11:53:18 - [TEST_STEP][PASSED] - setValueToCellByIndex(sheet01, n, 2, typeOfData): null

24-03-2025T11:53:18 - [TEST_STEP][PASSED] - if (typeOfData == "Факт в процентах" || typeOfData == "План в процентах"): null

24-03-2025T11:53:18 - [TEST_STEP][PASSED] - setValueToCellByIndex(sheet01, n, 3, fileDouble): null

24-03-2025T11:53:18 - [TEST_STEP][PASSED] - setValueToCellByIndex(sheet01, n, 4, "нет данных"): null

24-03-2025T11:53:18 - [TEST_STEP][PASSED] - setValueToCellByIndex(sheet01, n, 5, m): null

24-03-2025T11:53:18 - [TEST_STEP][PASSED] - setValueToCellByIndex(sheet01, n, 6, y): null

24-03-2025T11:53:18 - [TEST_STEP][PASSED] - setValueToCellByIndex(sheet01, n, 7, todaysDate): null

24-03-2025T11:53:18 - [TEST_STEP][PASSED] - n = n + 1: null

24-03-2025T11:53:18 - [TEST_STEP][PASSED] - saveWorkbook(excelFilePath, workbook01): null

24-03-2025T11:53:18 - [TEST_STEP][PASSED] - println(dzoNum): null

24-03-2025T11:53:18 - [TEST_STEP][PASSED] - dZO = "АО «Чеченэнерго»": null

24-03-2025T11:53:18 - [TEST_STEP][PASSED] - a = 72: null

24-03-2025T11:53:18 - [TEST_STEP][PASSED] - if (x1.contains("Чеченэнерго")): null

24-03-2025T11:53:18 - [TEST_STEP][PASSED] - else: null

24-03-2025T11:53:18 - [TEST_STEP][PASSED] - Script1718980020443.NoData(a, typeOfData, todaysDate, fileInt, fileDouble, dZO): null

24-03-2025T11:53:18 - [TEST_STEP][PASSED] - println(a): null

24-03-2025T11:53:18 - [TEST_STEP][PASSED] - println(todaysDate): null

24-03-2025T11:53:18 - [TEST_STEP][PASSED] - println(fileInt): null

24-03-2025T11:53:18 - [TEST_STEP][PASSED] - println(fileDouble): null

24-03-2025T11:53:18 - [TEST_STEP][PASSED] - println(dZO): null

24-03-2025T11:53:18 - [TEST_STEP][PASSED] - typeOfData = "Факт Отпуск в сеть": null

24-03-2025T11:53:18 - [TEST_STEP][PASSED] - fileInt = replaceAll("\s+", "").toInteger(): null

24-03-2025T11:53:18 - [TEST_STEP][PASSED] - Script1718980020443.WriteToExcelNoData(a, typeOfData, todaysDate, fileInt, fileDouble, dZO): null

24-03-2025T11:53:18 - [TEST_STEP][PASSED] - sheetName = "Sheet1": null

24-03-2025T11:53:18 - [TEST_STEP][PASSED] - data = findTestData("PlanFact"): null

24-03-2025T11:53:18 - [TEST_STEP][PASSED] - n = data.getRowNumbers() + 1: null

24-03-2025T11:53:18 - [TEST_STEP][PASSED] - day = ")).toInteger(): null

24-03-2025T11:53:18 - [TEST_STEP][PASSED] - println(day): null

24-03-2025T11:53:18 - [TEST_STEP][PASSED] - month = ")).toInteger(): null

24-03-2025T11:53:18 - [TEST_STEP][PASSED] - println(month): null

24-03-2025T11:53:18 - [TEST_STEP][PASSED] - y = <not implemented yet for class: org.codehaus.groovy.ast.expr.EmptyExpression>: null

24-03-2025T11:53:18 - [TEST_STEP][PASSED] - iy = <not implemented yet for class: org.codehaus.groovy.ast.expr.EmptyExpression>: null

24-03-2025T11:53:18 - [TEST_STEP][PASSED] - m = getText(findTestObject("Выполнение бизнес-плана/Период")): Text of object 'Object Repository/Выполнение бизнес-плана/Период' is: 'Январь 2025 года'

24-03-2025T11:53:19 - [MESSAGE][PASSED] - Text of object 'Object Repository/Выполнение бизнес-плана/Период' is: 'Январь 2025 года'

24-03-2025T11:53:19 - [TEST_STEP][PASSED] - iy = m.indexOf("20"): null

24-03-2025T11:53:19 - [TEST_STEP][PASSED] - if (iy > -1): null

24-03-2025T11:53:19 - [TEST_STEP][PASSED] - y = substring(iy, iy + 4).toInteger(): null

24-03-2025T11:53:19 - [TEST_STEP][PASSED] - println(y): null

24-03-2025T11:53:19 - [TEST_STEP][PASSED] - if (toString().length() == 4): null

24-03-2025T11:53:19 - [TEST_STEP][PASSED] - m = m.substring(0, m.indexOf(y.toString())): null

24-03-2025T11:53:19 - [TEST_STEP][PASSED] - m = m.trim(): null

24-03-2025T11:53:19 - [TEST_STEP][PASSED] - if (m == ""): null

24-03-2025T11:53:19 - [TEST_STEP][PASSED] - dashboardName = "Выполнение бизнес-плана": null

24-03-2025T11:53:19 - [TEST_STEP][PASSED] - workbook01 = getWorkbook(excelFilePath): null

24-03-2025T11:53:19 - [TEST_STEP][PASSED] - sheet01 = getExcelSheet(workbook01, sheetName): null

24-03-2025T11:53:19 - [TEST_STEP][PASSED] - setValueToCellByIndex(sheet01, n, 0, dashboardName): null

24-03-2025T11:53:19 - [TEST_STEP][PASSED] - setValueToCellByIndex(sheet01, n, 1, dZO): null

24-03-2025T11:53:19 - [TEST_STEP][PASSED] - setValueToCellByIndex(sheet01, n, 2, typeOfData): null

24-03-2025T11:53:19 - [TEST_STEP][PASSED] - if (typeOfData == "Факт в процентах" || typeOfData == "План в процентах"): null

24-03-2025T11:53:19 - [TEST_STEP][PASSED] - else: null

24-03-2025T11:53:19 - [TEST_STEP][PASSED] - setValueToCellByIndex(sheet01, n, 3, fileInt): null

24-03-2025T11:53:19 - [TEST_STEP][PASSED] - setValueToCellByIndex(sheet01, n, 4, "нет данных"): null

24-03-2025T11:53:19 - [TEST_STEP][PASSED] - setValueToCellByIndex(sheet01, n, 5, m): null

24-03-2025T11:53:19 - [TEST_STEP][PASSED] - setValueToCellByIndex(sheet01, n, 6, y): null

24-03-2025T11:53:19 - [TEST_STEP][PASSED] - setValueToCellByIndex(sheet01, n, 7, todaysDate): null

24-03-2025T11:53:19 - [TEST_STEP][PASSED] - n = n + 1: null

24-03-2025T11:53:19 - [TEST_STEP][PASSED] - saveWorkbook(excelFilePath, workbook01): null

24-03-2025T11:53:19 - [TEST_STEP][PASSED] - typeOfData = "Факт Потери": null

24-03-2025T11:53:19 - [TEST_STEP][PASSED] - fileInt = replaceAll("\s+", "").toInteger(): null

24-03-2025T11:53:19 - [TEST_STEP][PASSED] - Script1718980020443.WriteToExcelNoData(a, typeOfData, todaysDate, fileInt, fileDouble, dZO): null

24-03-2025T11:53:19 - [TEST_STEP][PASSED] - sheetName = "Sheet1": null

24-03-2025T11:53:19 - [TEST_STEP][PASSED] - data = findTestData("PlanFact"): null

24-03-2025T11:53:19 - [TEST_STEP][PASSED] - n = data.getRowNumbers() + 1: null

24-03-2025T11:53:19 - [TEST_STEP][PASSED] - day = ")).toInteger(): null

24-03-2025T11:53:19 - [TEST_STEP][PASSED] - println(day): null

24-03-2025T11:53:19 - [TEST_STEP][PASSED] - month = ")).toInteger(): null

24-03-2025T11:53:19 - [TEST_STEP][PASSED] - println(month): null

24-03-2025T11:53:19 - [TEST_STEP][PASSED] - y = <not implemented yet for class: org.codehaus.groovy.ast.expr.EmptyExpression>: null

24-03-2025T11:53:19 - [TEST_STEP][PASSED] - iy = <not implemented yet for class: org.codehaus.groovy.ast.expr.EmptyExpression>: null

24-03-2025T11:53:19 - [TEST_STEP][PASSED] - m = getText(findTestObject("Выполнение бизнес-плана/Период")): Text of object 'Object Repository/Выполнение бизнес-плана/Период' is: 'Январь 2025 года'

24-03-2025T11:53:19 - [MESSAGE][PASSED] - Text of object 'Object Repository/Выполнение бизнес-плана/Период' is: 'Январь 2025 года'

24-03-2025T11:53:19 - [TEST_STEP][PASSED] - iy = m.indexOf("20"): null

24-03-2025T11:53:19 - [TEST_STEP][PASSED] - if (iy > -1): null

24-03-2025T11:53:19 - [TEST_STEP][PASSED] - y = substring(iy, iy + 4).toInteger(): null

24-03-2025T11:53:19 - [TEST_STEP][PASSED] - println(y): null

24-03-2025T11:53:19 - [TEST_STEP][PASSED] - if (toString().length() == 4): null

24-03-2025T11:53:19 - [TEST_STEP][PASSED] - m = m.substring(0, m.indexOf(y.toString())): null

24-03-2025T11:53:19 - [TEST_STEP][PASSED] - m = m.trim(): null

24-03-2025T11:53:19 - [TEST_STEP][PASSED] - if (m == ""): null

24-03-2025T11:53:19 - [TEST_STEP][PASSED] - dashboardName = "Выполнение бизнес-плана": null

24-03-2025T11:53:19 - [TEST_STEP][PASSED] - workbook01 = getWorkbook(excelFilePath): null

24-03-2025T11:53:19 - [TEST_STEP][PASSED] - sheet01 = getExcelSheet(workbook01, sheetName): null

24-03-2025T11:53:19 - [TEST_STEP][PASSED] - setValueToCellByIndex(sheet01, n, 0, dashboardName): null

24-03-2025T11:53:19 - [TEST_STEP][PASSED] - setValueToCellByIndex(sheet01, n, 1, dZO): null

24-03-2025T11:53:19 - [TEST_STEP][PASSED] - setValueToCellByIndex(sheet01, n, 2, typeOfData): null

24-03-2025T11:53:19 - [TEST_STEP][PASSED] - if (typeOfData == "Факт в процентах" || typeOfData == "План в процентах"): null

24-03-2025T11:53:19 - [TEST_STEP][PASSED] - else: null

24-03-2025T11:53:19 - [TEST_STEP][PASSED] - setValueToCellByIndex(sheet01, n, 3, fileInt): null

24-03-2025T11:53:19 - [TEST_STEP][PASSED] - setValueToCellByIndex(sheet01, n, 4, "нет данных"): null

24-03-2025T11:53:19 - [TEST_STEP][PASSED] - setValueToCellByIndex(sheet01, n, 5, m): null

24-03-2025T11:53:19 - [TEST_STEP][PASSED] - setValueToCellByIndex(sheet01, n, 6, y): null

24-03-2025T11:53:19 - [TEST_STEP][PASSED] - setValueToCellByIndex(sheet01, n, 7, todaysDate): null

24-03-2025T11:53:19 - [TEST_STEP][PASSED] - n = n + 1: null

24-03-2025T11:53:19 - [TEST_STEP][PASSED] - saveWorkbook(excelFilePath, workbook01): null

24-03-2025T11:53:20 - [TEST_STEP][PASSED] - typeOfData = "План Отпуск в сеть": null

24-03-2025T11:53:20 - [TEST_STEP][PASSED] - fileInt = replaceAll("\s+", "").toInteger(): null

24-03-2025T11:53:20 - [TEST_STEP][PASSED] - Script1718980020443.WriteToExcelNoData(a, typeOfData, todaysDate, fileInt, fileDouble, dZO): null

24-03-2025T11:53:20 - [TEST_STEP][PASSED] - sheetName = "Sheet1": null

24-03-2025T11:53:20 - [TEST_STEP][PASSED] - data = findTestData("PlanFact"): null

24-03-2025T11:53:20 - [TEST_STEP][PASSED] - n = data.getRowNumbers() + 1: null

24-03-2025T11:53:20 - [TEST_STEP][PASSED] - day = ")).toInteger(): null

24-03-2025T11:53:20 - [TEST_STEP][PASSED] - println(day): null

24-03-2025T11:53:20 - [TEST_STEP][PASSED] - month = ")).toInteger(): null

24-03-2025T11:53:20 - [TEST_STEP][PASSED] - println(month): null

24-03-2025T11:53:20 - [TEST_STEP][PASSED] - y = <not implemented yet for class: org.codehaus.groovy.ast.expr.EmptyExpression>: null

24-03-2025T11:53:20 - [TEST_STEP][PASSED] - iy = <not implemented yet for class: org.codehaus.groovy.ast.expr.EmptyExpression>: null

24-03-2025T11:53:20 - [TEST_STEP][PASSED] - m = getText(findTestObject("Выполнение бизнес-плана/Период")): Text of object 'Object Repository/Выполнение бизнес-плана/Период' is: 'Январь 2025 года'

24-03-2025T11:53:20 - [MESSAGE][PASSED] - Text of object 'Object Repository/Выполнение бизнес-плана/Период' is: 'Январь 2025 года'

24-03-2025T11:53:20 - [TEST_STEP][PASSED] - iy = m.indexOf("20"): null

24-03-2025T11:53:20 - [TEST_STEP][PASSED] - if (iy > -1): null

24-03-2025T11:53:20 - [TEST_STEP][PASSED] - y = substring(iy, iy + 4).toInteger(): null

24-03-2025T11:53:20 - [TEST_STEP][PASSED] - println(y): null

24-03-2025T11:53:20 - [TEST_STEP][PASSED] - if (toString().length() == 4): null

24-03-2025T11:53:20 - [TEST_STEP][PASSED] - m = m.substring(0, m.indexOf(y.toString())): null

24-03-2025T11:53:20 - [TEST_STEP][PASSED] - m = m.trim(): null

24-03-2025T11:53:20 - [TEST_STEP][PASSED] - if (m == ""): null

24-03-2025T11:53:20 - [TEST_STEP][PASSED] - dashboardName = "Выполнение бизнес-плана": null

24-03-2025T11:53:20 - [TEST_STEP][PASSED] - workbook01 = getWorkbook(excelFilePath): null

24-03-2025T11:53:20 - [TEST_STEP][PASSED] - sheet01 = getExcelSheet(workbook01, sheetName): null

24-03-2025T11:53:20 - [TEST_STEP][PASSED] - setValueToCellByIndex(sheet01, n, 0, dashboardName): null

24-03-2025T11:53:20 - [TEST_STEP][PASSED] - setValueToCellByIndex(sheet01, n, 1, dZO): null

24-03-2025T11:53:20 - [TEST_STEP][PASSED] - setValueToCellByIndex(sheet01, n, 2, typeOfData): null

24-03-2025T11:53:20 - [TEST_STEP][PASSED] - if (typeOfData == "Факт в процентах" || typeOfData == "План в процентах"): null

24-03-2025T11:53:20 - [TEST_STEP][PASSED] - else: null

24-03-2025T11:53:20 - [TEST_STEP][PASSED] - setValueToCellByIndex(sheet01, n, 3, fileInt): null

24-03-2025T11:53:20 - [TEST_STEP][PASSED] - setValueToCellByIndex(sheet01, n, 4, "нет данных"): null

24-03-2025T11:53:20 - [TEST_STEP][PASSED] - setValueToCellByIndex(sheet01, n, 5, m): null

24-03-2025T11:53:20 - [TEST_STEP][PASSED] - setValueToCellByIndex(sheet01, n, 6, y): null

24-03-2025T11:53:20 - [TEST_STEP][PASSED] - setValueToCellByIndex(sheet01, n, 7, todaysDate): null

24-03-2025T11:53:20 - [TEST_STEP][PASSED] - n = n + 1: null

24-03-2025T11:53:20 - [TEST_STEP][PASSED] - saveWorkbook(excelFilePath, workbook01): null

24-03-2025T11:53:20 - [TEST_STEP][PASSED] - typeOfData = "План Потери": null

24-03-2025T11:53:20 - [TEST_STEP][PASSED] - fileInt = replaceAll("\s+", "").toInteger(): null

24-03-2025T11:53:20 - [TEST_STEP][PASSED] - Script1718980020443.WriteToExcelNoData(a, typeOfData, todaysDate, fileInt, fileDouble, dZO): null

24-03-2025T11:53:20 - [TEST_STEP][PASSED] - sheetName = "Sheet1": null

24-03-2025T11:53:20 - [TEST_STEP][PASSED] - data = findTestData("PlanFact"): null

24-03-2025T11:53:20 - [TEST_STEP][PASSED] - n = data.getRowNumbers() + 1: null

24-03-2025T11:53:20 - [TEST_STEP][PASSED] - day = ")).toInteger(): null

24-03-2025T11:53:20 - [TEST_STEP][PASSED] - println(day): null

24-03-2025T11:53:20 - [TEST_STEP][PASSED] - month = ")).toInteger(): null

24-03-2025T11:53:20 - [TEST_STEP][PASSED] - println(month): null

24-03-2025T11:53:20 - [TEST_STEP][PASSED] - y = <not implemented yet for class: org.codehaus.groovy.ast.expr.EmptyExpression>: null

24-03-2025T11:53:20 - [TEST_STEP][PASSED] - iy = <not implemented yet for class: org.codehaus.groovy.ast.expr.EmptyExpression>: null

24-03-2025T11:53:20 - [TEST_STEP][PASSED] - m = getText(findTestObject("Выполнение бизнес-плана/Период")): Text of object 'Object Repository/Выполнение бизнес-плана/Период' is: 'Январь 2025 года'

24-03-2025T11:53:21 - [MESSAGE][PASSED] - Text of object 'Object Repository/Выполнение бизнес-плана/Период' is: 'Январь 2025 года'

24-03-2025T11:53:21 - [TEST_STEP][PASSED] - iy = m.indexOf("20"): null

24-03-2025T11:53:21 - [TEST_STEP][PASSED] - if (iy > -1): null

24-03-2025T11:53:21 - [TEST_STEP][PASSED] - y = substring(iy, iy + 4).toInteger(): null

24-03-2025T11:53:21 - [TEST_STEP][PASSED] - println(y): null

24-03-2025T11:53:21 - [TEST_STEP][PASSED] - if (toString().length() == 4): null

24-03-2025T11:53:21 - [TEST_STEP][PASSED] - m = m.substring(0, m.indexOf(y.toString())): null

24-03-2025T11:53:21 - [TEST_STEP][PASSED] - m = m.trim(): null

24-03-2025T11:53:21 - [TEST_STEP][PASSED] - if (m == ""): null

24-03-2025T11:53:21 - [TEST_STEP][PASSED] - dashboardName = "Выполнение бизнес-плана": null

24-03-2025T11:53:21 - [TEST_STEP][PASSED] - workbook01 = getWorkbook(excelFilePath): null

24-03-2025T11:53:21 - [TEST_STEP][PASSED] - sheet01 = getExcelSheet(workbook01, sheetName): null

24-03-2025T11:53:21 - [TEST_STEP][PASSED] - setValueToCellByIndex(sheet01, n, 0, dashboardName): null

24-03-2025T11:53:21 - [TEST_STEP][PASSED] - setValueToCellByIndex(sheet01, n, 1, dZO): null

24-03-2025T11:53:21 - [TEST_STEP][PASSED] - setValueToCellByIndex(sheet01, n, 2, typeOfData): null

24-03-2025T11:53:21 - [TEST_STEP][PASSED] - if (typeOfData == "Факт в процентах" || typeOfData == "План в процентах"): null

24-03-2025T11:53:21 - [TEST_STEP][PASSED] - else: null

24-03-2025T11:53:21 - [TEST_STEP][PASSED] - setValueToCellByIndex(sheet01, n, 3, fileInt): null

24-03-2025T11:53:21 - [TEST_STEP][PASSED] - setValueToCellByIndex(sheet01, n, 4, "нет данных"): null

24-03-2025T11:53:21 - [TEST_STEP][PASSED] - setValueToCellByIndex(sheet01, n, 5, m): null

24-03-2025T11:53:21 - [TEST_STEP][PASSED] - setValueToCellByIndex(sheet01, n, 6, y): null

24-03-2025T11:53:21 - [TEST_STEP][PASSED] - setValueToCellByIndex(sheet01, n, 7, todaysDate): null

24-03-2025T11:53:21 - [TEST_STEP][PASSED] - n = n + 1: null

24-03-2025T11:53:21 - [TEST_STEP][PASSED] - saveWorkbook(excelFilePath, workbook01): null

24-03-2025T11:53:21 - [TEST_STEP][PASSED] - typeOfData = "План в процентах": null

24-03-2025T11:53:21 - [TEST_STEP][PASSED] - fileDouble = ").toDouble(): null

24-03-2025T11:53:21 - [TEST_STEP][PASSED] - Script1718980020443.WriteToExcelNoData(a, typeOfData, todaysDate, fileInt, fileDouble, dZO): null

24-03-2025T11:53:21 - [TEST_STEP][PASSED] - sheetName = "Sheet1": null

24-03-2025T11:53:21 - [TEST_STEP][PASSED] - data = findTestData("PlanFact"): null

24-03-2025T11:53:21 - [TEST_STEP][PASSED] - n = data.getRowNumbers() + 1: null

24-03-2025T11:53:21 - [TEST_STEP][PASSED] - day = ")).toInteger(): null

24-03-2025T11:53:21 - [TEST_STEP][PASSED] - println(day): null

24-03-2025T11:53:21 - [TEST_STEP][PASSED] - month = ")).toInteger(): null

24-03-2025T11:53:21 - [TEST_STEP][PASSED] - println(month): null

24-03-2025T11:53:21 - [TEST_STEP][PASSED] - y = <not implemented yet for class: org.codehaus.groovy.ast.expr.EmptyExpression>: null

24-03-2025T11:53:21 - [TEST_STEP][PASSED] - iy = <not implemented yet for class: org.codehaus.groovy.ast.expr.EmptyExpression>: null

24-03-2025T11:53:21 - [TEST_STEP][PASSED] - m = getText(findTestObject("Выполнение бизнес-плана/Период")): Text of object 'Object Repository/Выполнение бизнес-плана/Период' is: 'Январь 2025 года'

24-03-2025T11:53:21 - [MESSAGE][PASSED] - Text of object 'Object Repository/Выполнение бизнес-плана/Период' is: 'Январь 2025 года'

24-03-2025T11:53:21 - [TEST_STEP][PASSED] - iy = m.indexOf("20"): null

24-03-2025T11:53:21 - [TEST_STEP][PASSED] - if (iy > -1): null

24-03-2025T11:53:21 - [TEST_STEP][PASSED] - y = substring(iy, iy + 4).toInteger(): null

24-03-2025T11:53:21 - [TEST_STEP][PASSED] - println(y): null

24-03-2025T11:53:21 - [TEST_STEP][PASSED] - if (toString().length() == 4): null

24-03-2025T11:53:21 - [TEST_STEP][PASSED] - m = m.substring(0, m.indexOf(y.toString())): null

24-03-2025T11:53:21 - [TEST_STEP][PASSED] - m = m.trim(): null

24-03-2025T11:53:21 - [TEST_STEP][PASSED] - if (m == ""): null

24-03-2025T11:53:21 - [TEST_STEP][PASSED] - dashboardName = "Выполнение бизнес-плана": null

24-03-2025T11:53:21 - [TEST_STEP][PASSED] - workbook01 = getWorkbook(excelFilePath): null

24-03-2025T11:53:21 - [TEST_STEP][PASSED] - sheet01 = getExcelSheet(workbook01, sheetName): null

24-03-2025T11:53:22 - [TEST_STEP][PASSED] - setValueToCellByIndex(sheet01, n, 0, dashboardName): null

24-03-2025T11:53:22 - [TEST_STEP][PASSED] - setValueToCellByIndex(sheet01, n, 1, dZO): null

24-03-2025T11:53:22 - [TEST_STEP][PASSED] - setValueToCellByIndex(sheet01, n, 2, typeOfData): null

24-03-2025T11:53:22 - [TEST_STEP][PASSED] - if (typeOfData == "Факт в процентах" || typeOfData == "План в процентах"): null

24-03-2025T11:53:22 - [TEST_STEP][PASSED] - setValueToCellByIndex(sheet01, n, 3, fileDouble): null

24-03-2025T11:53:22 - [TEST_STEP][PASSED] - setValueToCellByIndex(sheet01, n, 4, "нет данных"): null

24-03-2025T11:53:22 - [TEST_STEP][PASSED] - setValueToCellByIndex(sheet01, n, 5, m): null

24-03-2025T11:53:22 - [TEST_STEP][PASSED] - setValueToCellByIndex(sheet01, n, 6, y): null

24-03-2025T11:53:22 - [TEST_STEP][PASSED] - setValueToCellByIndex(sheet01, n, 7, todaysDate): null

24-03-2025T11:53:22 - [TEST_STEP][PASSED] - n = n + 1: null

24-03-2025T11:53:22 - [TEST_STEP][PASSED] - saveWorkbook(excelFilePath, workbook01): null

24-03-2025T11:53:22 - [TEST_STEP][PASSED] - typeOfData = "Факт в процентах": null

24-03-2025T11:53:22 - [TEST_STEP][PASSED] - fileDouble = ").toDouble(): null

24-03-2025T11:53:22 - [TEST_STEP][PASSED] - Script1718980020443.WriteToExcelNoData(a, typeOfData, todaysDate, fileInt, fileDouble, dZO): null

24-03-2025T11:53:22 - [TEST_STEP][PASSED] - sheetName = "Sheet1": null

24-03-2025T11:53:22 - [TEST_STEP][PASSED] - data = findTestData("PlanFact"): null

24-03-2025T11:53:22 - [TEST_STEP][PASSED] - n = data.getRowNumbers() + 1: null

24-03-2025T11:53:22 - [TEST_STEP][PASSED] - day = ")).toInteger(): null

24-03-2025T11:53:22 - [TEST_STEP][PASSED] - println(day): null

24-03-2025T11:53:22 - [TEST_STEP][PASSED] - month = ")).toInteger(): null

24-03-2025T11:53:22 - [TEST_STEP][PASSED] - println(month): null

24-03-2025T11:53:22 - [TEST_STEP][PASSED] - y = <not implemented yet for class: org.codehaus.groovy.ast.expr.EmptyExpression>: null

24-03-2025T11:53:22 - [TEST_STEP][PASSED] - iy = <not implemented yet for class: org.codehaus.groovy.ast.expr.EmptyExpression>: null

24-03-2025T11:53:22 - [TEST_STEP][PASSED] - m = getText(findTestObject("Выполнение бизнес-плана/Период")): Text of object 'Object Repository/Выполнение бизнес-плана/Период' is: 'Январь 2025 года'

24-03-2025T11:53:22 - [MESSAGE][PASSED] - Text of object 'Object Repository/Выполнение бизнес-плана/Период' is: 'Январь 2025 года'

24-03-2025T11:53:22 - [TEST_STEP][PASSED] - iy = m.indexOf("20"): null

24-03-2025T11:53:22 - [TEST_STEP][PASSED] - if (iy > -1): null

24-03-2025T11:53:22 - [TEST_STEP][PASSED] - y = substring(iy, iy + 4).toInteger(): null

24-03-2025T11:53:22 - [TEST_STEP][PASSED] - println(y): null

24-03-2025T11:53:22 - [TEST_STEP][PASSED] - if (toString().length() == 4): null

24-03-2025T11:53:22 - [TEST_STEP][PASSED] - m = m.substring(0, m.indexOf(y.toString())): null

24-03-2025T11:53:22 - [TEST_STEP][PASSED] - m = m.trim(): null

24-03-2025T11:53:22 - [TEST_STEP][PASSED] - if (m == ""): null

24-03-2025T11:53:22 - [TEST_STEP][PASSED] - dashboardName = "Выполнение бизнес-плана": null

24-03-2025T11:53:22 - [TEST_STEP][PASSED] - workbook01 = getWorkbook(excelFilePath): null

24-03-2025T11:53:22 - [TEST_STEP][PASSED] - sheet01 = getExcelSheet(workbook01, sheetName): null

24-03-2025T11:53:22 - [TEST_STEP][PASSED] - setValueToCellByIndex(sheet01, n, 0, dashboardName): null

24-03-2025T11:53:22 - [TEST_STEP][PASSED] - setValueToCellByIndex(sheet01, n, 1, dZO): null

24-03-2025T11:53:22 - [TEST_STEP][PASSED] - setValueToCellByIndex(sheet01, n, 2, typeOfData): null

24-03-2025T11:53:22 - [TEST_STEP][PASSED] - if (typeOfData == "Факт в процентах" || typeOfData == "План в процентах"): null

24-03-2025T11:53:22 - [TEST_STEP][PASSED] - setValueToCellByIndex(sheet01, n, 3, fileDouble): null

24-03-2025T11:53:22 - [TEST_STEP][PASSED] - setValueToCellByIndex(sheet01, n, 4, "нет данных"): null

24-03-2025T11:53:22 - [TEST_STEP][PASSED] - setValueToCellByIndex(sheet01, n, 5, m): null

24-03-2025T11:53:22 - [TEST_STEP][PASSED] - setValueToCellByIndex(sheet01, n, 6, y): null

24-03-2025T11:53:22 - [TEST_STEP][PASSED] - setValueToCellByIndex(sheet01, n, 7, todaysDate): null

24-03-2025T11:53:22 - [TEST_STEP][PASSED] - n = n + 1: null

24-03-2025T11:53:22 - [TEST_STEP][PASSED] - saveWorkbook(excelFilePath, workbook01): null

24-03-2025T11:53:22 - [TEST_STEP][PASSED] - println(dzoNum): null

24-03-2025T11:53:22 - [TEST_STEP][PASSED] - a = 28: null

24-03-2025T11:53:22 - [TEST_STEP][PASSED] - dZO = "Россети Волга": null

24-03-2025T11:53:22 - [TEST_STEP][PASSED] - if (x1.contains("Волга")): null

24-03-2025T11:53:22 - [TEST_STEP][PASSED] - dzoNum = dzoNum + 1: null

24-03-2025T11:53:22 - [TEST_STEP][PASSED] - Script1718980020443.Numbers(a, typeOfData, todaysDate, pageInt, fileInt, pageDouble, fileDouble, dZO, dzoNum, filialNum): null

24-03-2025T11:53:22 - [TEST_STEP][PASSED] - println(dzoNum): null

24-03-2025T11:53:22 - [TEST_STEP][PASSED] - planFact = <not implemented yet for class: org.codehaus.groovy.ast.expr.EmptyExpression>: null

24-03-2025T11:53:22 - [TEST_STEP][PASSED] - page = <not implemented yet for class: org.codehaus.groovy.ast.expr.EmptyExpression>: null

24-03-2025T11:53:22 - [TEST_STEP][PASSED] - page1 = <not implemented yet for class: org.codehaus.groovy.ast.expr.EmptyExpression>: null

24-03-2025T11:53:22 - [TEST_STEP][PASSED] - page2 = <not implemented yet for class: org.codehaus.groovy.ast.expr.EmptyExpression>: null

24-03-2025T11:53:22 - [TEST_STEP][PASSED] - filialNumberInRow = <not implemented yet for class: org.codehaus.groovy.ast.expr.EmptyExpression>: null

24-03-2025T11:53:22 - [TEST_STEP][PASSED] - filialsDzoNames = <not implemented yet for class: org.codehaus.groovy.ast.expr.EmptyExpression>: null

24-03-2025T11:53:22 - [TEST_STEP][PASSED] - numberOfFilials = <not implemented yet for class: org.codehaus.groovy.ast.expr.EmptyExpression>: null

24-03-2025T11:53:22 - [TEST_STEP][PASSED] - numberOfSpaces = <not implemented yet for class: org.codehaus.groovy.ast.expr.EmptyExpression>: null

24-03-2025T11:53:22 - [TEST_STEP][PASSED] - file = <not implemented yet for class: org.codehaus.groovy.ast.expr.EmptyExpression>: null

24-03-2025T11:53:22 - [TEST_STEP][PASSED] - otpusk = <not implemented yet for class: org.codehaus.groovy.ast.expr.EmptyExpression>: null

24-03-2025T11:53:22 - [TEST_STEP][PASSED] - poteri = <not implemented yet for class: org.codehaus.groovy.ast.expr.EmptyExpression>: null

24-03-2025T11:53:22 - [TEST_STEP][PASSED] - dataFolder = "Выполнение бизнес-плана/Значения со страницы Выполнение бизнес-плана/": null

24-03-2025T11:53:22 - [TEST_STEP][PASSED] - path = <not implemented yet for class: org.codehaus.groovy.ast.expr.EmptyExpression>: null

24-03-2025T11:53:22 - [TEST_STEP][PASSED] - typeOfDataMain = <not implemented yet for class: org.codehaus.groovy.ast.expr.EmptyExpression>: null

24-03-2025T11:53:22 - [TEST_STEP][PASSED] - fileOtpuskVSet = <not implemented yet for class: org.codehaus.groovy.ast.expr.EmptyExpression>: null

24-03-2025T11:53:22 - [TEST_STEP][PASSED] - pageOtpuskVSet = <not implemented yet for class: org.codehaus.groovy.ast.expr.EmptyExpression>: null

24-03-2025T11:53:22 - [TEST_STEP][PASSED] - filePoteri = <not implemented yet for class: org.codehaus.groovy.ast.expr.EmptyExpression>: null

24-03-2025T11:53:22 - [TEST_STEP][PASSED] - pagePoteri = <not implemented yet for class: org.codehaus.groovy.ast.expr.EmptyExpression>: null

24-03-2025T11:53:22 - [TEST_STEP][PASSED] - compare = <not implemented yet for class: org.codehaus.groovy.ast.expr.EmptyExpression>: null

24-03-2025T11:53:22 - [TEST_STEP][PASSED] - b = <not implemented yet for class: org.codehaus.groovy.ast.expr.EmptyExpression>: null

24-03-2025T11:53:22 - [TEST_STEP][PASSED] - i = <not implemented yet for class: org.codehaus.groovy.ast.expr.EmptyExpression>: null

24-03-2025T11:53:22 - [TEST_STEP][PASSED] - ii = <not implemented yet for class: org.codehaus.groovy.ast.expr.EmptyExpression>: null

24-03-2025T11:53:22 - [TEST_STEP][PASSED] - c = <not implemented yet for class: org.codehaus.groovy.ast.expr.EmptyExpression>: null

24-03-2025T11:53:22 - [TEST_STEP][PASSED] - numberOfErrors = 0: null

24-03-2025T11:53:22 - [TEST_STEP][PASSED] - if (a == 82): null

24-03-2025T11:53:22 - [TEST_STEP][PASSED] - b = findTestData("PlanFact").getValue(1, a): null

24-03-2025T11:53:22 - [TEST_STEP][PASSED] - i = b.indexOf(" (ГК)"): null

24-03-2025T11:53:22 - [TEST_STEP][PASSED] - if (i > -1): null

24-03-2025T11:53:22 - [TEST_STEP][PASSED] - b = b.substring(0, i): null

24-03-2025T11:53:22 - [TEST_STEP][PASSED] - i = b.indexOf("О ""): null

24-03-2025T11:53:22 - [TEST_STEP][PASSED] - if (i > -1): null

24-03-2025T11:53:22 - [TEST_STEP][PASSED] - i = b.indexOf("О «"): null

24-03-2025T11:53:22 - [TEST_STEP][PASSED] - if (i > -1): null

24-03-2025T11:53:22 - [TEST_STEP][PASSED] - i = b.indexOf("г. "): null

24-03-2025T11:53:22 - [TEST_STEP][PASSED] - if (i > -1): null

24-03-2025T11:53:22 - [TEST_STEP][PASSED] - b = b.trim(): null

24-03-2025T11:53:22 - [TEST_STEP][PASSED] - println(b): null

24-03-2025T11:53:22 - [TEST_STEP][PASSED] - for ([planFact = 1, planFact < 3, (planFact++)]): null

24-03-2025T11:53:22 - [TEST_STEP][PASSED] - if (planFact == 1): null

24-03-2025T11:53:22 - [TEST_STEP][PASSED] - typeOfDataMain = "Факт": null

24-03-2025T11:53:22 - [TEST_STEP][PASSED] - otpusk = findTestData("PlanFact").getValue(5, a): null

24-03-2025T11:53:22 - [TEST_STEP][PASSED] - poteri = findTestData("PlanFact").getValue(6, a): null

24-03-2025T11:53:23 - [TEST_STEP][PASSED] - otpusk = otpusk.replaceAll("\s+", ""): null

24-03-2025T11:53:23 - [TEST_STEP][PASSED] - poteri = poteri.replaceAll("\s+", ""): null

24-03-2025T11:53:23 - [TEST_STEP][PASSED] - typeOfData = typeOfDataMain + " Отпуск в сеть": null

24-03-2025T11:53:23 - [TEST_STEP][PASSED] - if (a == 82): null

24-03-2025T11:53:23 - [TEST_STEP][PASSED] - else if (a == 84): null

24-03-2025T11:53:23 - [TEST_STEP][PASSED] - else if (a == 83 || a == 52 || a == 72 || a == 28 || a == 73 || a == 77 || a == 74 || a == 65 || a == 36 || a == 44 || a == 53 || a == 80 || a == 54 || a == 1 || a == 18 || a == 59 || a == 81): null

24-03-2025T11:53:23 - [TEST_STEP][PASSED] - path = dataFolder + "Table Data/" + typeOfData + " за отчётный период " + dzoNum: null

24-03-2025T11:53:23 - [TEST_STEP][PASSED] - println(path): null

24-03-2025T11:53:23 - [TEST_STEP][PASSED] - page = getText(findTestObject(path)): Text of object 'Object Repository/Выполнение бизнес-плана/Значения со страницы Выполнение бизнес-плана/Table Data/Факт Отпуск в сеть за отчётный период 2' is: '3 856 981'

24-03-2025T11:53:23 - [MESSAGE][PASSED] - Text of object 'Object Repository/Выполнение бизнес-плана/Значения со страницы Выполнение бизнес-плана/Table Data/Факт Отпуск в сеть за отчётный период 2' is: '3 856 981'

24-03-2025T11:53:23 - [TEST_STEP][PASSED] - if (page == "" || page == null): null

24-03-2025T11:53:23 - [TEST_STEP][PASSED] - else: null

24-03-2025T11:53:23 - [TEST_STEP][PASSED] - page = page.replaceAll("\s+", ""): null

24-03-2025T11:53:23 - [TEST_STEP][PASSED] - if (page == "undefined"): null

24-03-2025T11:53:23 - [TEST_STEP][PASSED] - fileOtpuskVSet = otpusk.toInteger(): null

24-03-2025T11:53:23 - [TEST_STEP][PASSED] - pageOtpuskVSet = page.toInteger(): null

24-03-2025T11:53:23 - [TEST_STEP][PASSED] - typeOfData = typeOfDataMain + " Потери": null

24-03-2025T11:53:23 - [TEST_STEP][PASSED] - if (a == 82): null

24-03-2025T11:53:23 - [TEST_STEP][PASSED] - else if (a == 84): null

24-03-2025T11:53:23 - [TEST_STEP][PASSED] - else if (a == 83 || a == 52 || a == 72 || a == 28 || a == 73 || a == 77 || a == 74 || a == 65 || a == 44 || a == 53 || a == 80 || a == 54 || a == 1 || a == 18 || a == 59 || a == 81): null

24-03-2025T11:53:23 - [TEST_STEP][PASSED] - path = dataFolder + "Table Data/" + typeOfData + " за отчётный период " + dzoNum: null

24-03-2025T11:53:23 - [TEST_STEP][PASSED] - page = getText(findTestObject(path)): Text of object 'Object Repository/Выполнение бизнес-плана/Значения со страницы Выполнение бизнес-плана/Table Data/Факт Потери за отчётный период 2' is: '3 214 611'

24-03-2025T11:53:23 - [MESSAGE][PASSED] - Text of object 'Object Repository/Выполнение бизнес-плана/Значения со страницы Выполнение бизнес-плана/Table Data/Факт Потери за отчётный период 2' is: '3 214 611'

24-03-2025T11:53:23 - [TEST_STEP][PASSED] - if (page == "" || page == null): null

24-03-2025T11:53:23 - [TEST_STEP][PASSED] - else: null

24-03-2025T11:53:23 - [TEST_STEP][PASSED] - page = page.replaceAll("\s+", ""): null

24-03-2025T11:53:23 - [TEST_STEP][PASSED] - if (page == "undefined"): null

24-03-2025T11:53:23 - [TEST_STEP][PASSED] - filePoteri = poteri.toInteger(): null

24-03-2025T11:53:23 - [TEST_STEP][PASSED] - pagePoteri = page.toInteger(): null

24-03-2025T11:53:23 - [TEST_STEP][PASSED] - compare = pageOtpuskVSet: null

24-03-2025T11:53:23 - [TEST_STEP][PASSED] - if (pageOtpuskVSet != null): null

24-03-2025T11:53:23 - [TEST_STEP][PASSED] - if (compare == fileOtpuskVSet): null

24-03-2025T11:53:23 - [TEST_STEP][PASSED] - else if (compare > fileOtpuskVSet): null

24-03-2025T11:53:23 - [TEST_STEP][PASSED] - else if (compare < fileOtpuskVSet): null

24-03-2025T11:53:23 - [TEST_STEP][PASSED] - compare = compare + 1: null

24-03-2025T11:53:23 - [TEST_STEP][PASSED] - if (compare == fileOtpuskVSet): null

24-03-2025T11:53:23 - [TEST_STEP][PASSED] - else: null

24-03-2025T11:53:23 - [TEST_STEP][PASSED] - numberOfErrors = numberOfErrors + 1: null

24-03-2025T11:53:23 - [TEST_STEP][PASSED] - pageInt = pageOtpuskVSet: null

24-03-2025T11:53:23 - [TEST_STEP][PASSED] - fileInt = fileOtpuskVSet: null

24-03-2025T11:53:23 - [TEST_STEP][PASSED] - typeOfData = typeOfDataMain + " Отпуск в сеть": null

24-03-2025T11:53:23 - [TEST_STEP][PASSED] - Script1718980020443.WriteToExcel(a, typeOfData, todaysDate, pageInt, fileInt, pageDouble, fileDouble, dZO): null

24-03-2025T11:53:23 - [TEST_STEP][PASSED] - sheetName = "Sheet1": null

24-03-2025T11:53:23 - [TEST_STEP][PASSED] - data = findTestData("PlanFact"): null

24-03-2025T11:53:23 - [TEST_STEP][PASSED] - n = data.getRowNumbers() + 1: null

24-03-2025T11:53:23 - [TEST_STEP][PASSED] - day = ")).toInteger(): null

24-03-2025T11:53:23 - [TEST_STEP][PASSED] - println(day): null

24-03-2025T11:53:23 - [TEST_STEP][PASSED] - month = ")).toInteger(): null

24-03-2025T11:53:23 - [TEST_STEP][PASSED] - println(month): null

24-03-2025T11:53:23 - [TEST_STEP][PASSED] - y = <not implemented yet for class: org.codehaus.groovy.ast.expr.EmptyExpression>: null

24-03-2025T11:53:23 - [TEST_STEP][PASSED] - iy = <not implemented yet for class: org.codehaus.groovy.ast.expr.EmptyExpression>: null

24-03-2025T11:53:23 - [TEST_STEP][PASSED] - m = getText(findTestObject("Выполнение бизнес-плана/Период")): Text of object 'Object Repository/Выполнение бизнес-плана/Период' is: 'Январь 2025 года'

24-03-2025T11:53:23 - [MESSAGE][PASSED] - Text of object 'Object Repository/Выполнение бизнес-плана/Период' is: 'Январь 2025 года'

24-03-2025T11:53:23 - [TEST_STEP][PASSED] - iy = m.indexOf("20"): null

24-03-2025T11:53:23 - [TEST_STEP][PASSED] - if (iy > -1): null

24-03-2025T11:53:23 - [TEST_STEP][PASSED] - y = substring(iy, iy + 4).toInteger(): null

24-03-2025T11:53:23 - [TEST_STEP][PASSED] - println(y): null

24-03-2025T11:53:23 - [TEST_STEP][PASSED] - if (toString().length() == 4): null

24-03-2025T11:53:23 - [TEST_STEP][PASSED] - m = m.substring(0, m.indexOf(y.toString())): null

24-03-2025T11:53:23 - [TEST_STEP][PASSED] - m = m.trim(): null

24-03-2025T11:53:23 - [TEST_STEP][PASSED] - if (m == ""): null

24-03-2025T11:53:23 - [TEST_STEP][PASSED] - dashboardName = "Выполнение бизнес-плана": null

24-03-2025T11:53:23 - [TEST_STEP][PASSED] - workbook01 = getWorkbook(excelFilePath): null

24-03-2025T11:53:24 - [TEST_STEP][PASSED] - sheet01 = getExcelSheet(workbook01, sheetName): null

24-03-2025T11:53:24 - [TEST_STEP][PASSED] - setValueToCellByIndex(sheet01, n, 0, dashboardName): null

24-03-2025T11:53:24 - [TEST_STEP][PASSED] - setValueToCellByIndex(sheet01, n, 1, dZO): null

24-03-2025T11:53:24 - [TEST_STEP][PASSED] - setValueToCellByIndex(sheet01, n, 2, typeOfData): null

24-03-2025T11:53:24 - [TEST_STEP][PASSED] - if (typeOfData == "Факт в процентах" || typeOfData == "План в процентах"): null

24-03-2025T11:53:24 - [TEST_STEP][PASSED] - else: null

24-03-2025T11:53:24 - [TEST_STEP][PASSED] - setValueToCellByIndex(sheet01, n, 3, fileInt): null

24-03-2025T11:53:24 - [TEST_STEP][PASSED] - setValueToCellByIndex(sheet01, n, 4, pageInt): null

24-03-2025T11:53:24 - [TEST_STEP][PASSED] - setValueToCellByIndex(sheet01, n, 5, m): null

24-03-2025T11:53:24 - [TEST_STEP][PASSED] - setValueToCellByIndex(sheet01, n, 6, y): null

24-03-2025T11:53:24 - [TEST_STEP][PASSED] - setValueToCellByIndex(sheet01, n, 7, todaysDate): null

24-03-2025T11:53:24 - [TEST_STEP][PASSED] - n = n + 1: null

24-03-2025T11:53:24 - [TEST_STEP][PASSED] - saveWorkbook(excelFilePath, workbook01): null

24-03-2025T11:53:24 - [TEST_STEP][PASSED] - compare = pagePoteri: null

24-03-2025T11:53:24 - [TEST_STEP][PASSED] - if (pageOtpuskVSet != null): null

24-03-2025T11:53:24 - [TEST_STEP][PASSED] - if (compare == filePoteri): null

24-03-2025T11:53:24 - [TEST_STEP][PASSED] - else if (compare > filePoteri): null

24-03-2025T11:53:24 - [TEST_STEP][PASSED] - compare = compare - 1: null

24-03-2025T11:53:24 - [TEST_STEP][PASSED] - if (compare == filePoteri): null

24-03-2025T11:53:24 - [TEST_STEP][PASSED] - else: null

24-03-2025T11:53:24 - [TEST_STEP][PASSED] - numberOfErrors = numberOfErrors + 1: null

24-03-2025T11:53:24 - [TEST_STEP][PASSED] - pageInt = pagePoteri: null

24-03-2025T11:53:24 - [TEST_STEP][PASSED] - fileInt = filePoteri: null

24-03-2025T11:53:24 - [TEST_STEP][PASSED] - typeOfData = typeOfDataMain + " Потери": null

24-03-2025T11:53:24 - [TEST_STEP][PASSED] - Script1718980020443.WriteToExcel(a, typeOfData, todaysDate, pageInt, fileInt, pageDouble, fileDouble, dZO): null

24-03-2025T11:53:24 - [TEST_STEP][PASSED] - sheetName = "Sheet1": null

24-03-2025T11:53:24 - [TEST_STEP][PASSED] - data = findTestData("PlanFact"): null

24-03-2025T11:53:24 - [TEST_STEP][PASSED] - n = data.getRowNumbers() + 1: null

24-03-2025T11:53:24 - [TEST_STEP][PASSED] - day = ")).toInteger(): null

24-03-2025T11:53:24 - [TEST_STEP][PASSED] - println(day): null

24-03-2025T11:53:24 - [TEST_STEP][PASSED] - month = ")).toInteger(): null

24-03-2025T11:53:24 - [TEST_STEP][PASSED] - println(month): null

24-03-2025T11:53:24 - [TEST_STEP][PASSED] - y = <not implemented yet for class: org.codehaus.groovy.ast.expr.EmptyExpression>: null

24-03-2025T11:53:24 - [TEST_STEP][PASSED] - iy = <not implemented yet for class: org.codehaus.groovy.ast.expr.EmptyExpression>: null

24-03-2025T11:53:24 - [TEST_STEP][PASSED] - m = getText(findTestObject("Выполнение бизнес-плана/Период")): Text of object 'Object Repository/Выполнение бизнес-плана/Период' is: 'Январь 2025 года'

24-03-2025T11:53:24 - [MESSAGE][PASSED] - Text of object 'Object Repository/Выполнение бизнес-плана/Период' is: 'Январь 2025 года'

24-03-2025T11:53:24 - [TEST_STEP][PASSED] - iy = m.indexOf("20"): null

24-03-2025T11:53:24 - [TEST_STEP][PASSED] - if (iy > -1): null

24-03-2025T11:53:24 - [TEST_STEP][PASSED] - y = substring(iy, iy + 4).toInteger(): null

24-03-2025T11:53:24 - [TEST_STEP][PASSED] - println(y): null

24-03-2025T11:53:24 - [TEST_STEP][PASSED] - if (toString().length() == 4): null

24-03-2025T11:53:24 - [TEST_STEP][PASSED] - m = m.substring(0, m.indexOf(y.toString())): null

24-03-2025T11:53:24 - [TEST_STEP][PASSED] - m = m.trim(): null

24-03-2025T11:53:24 - [TEST_STEP][PASSED] - if (m == ""): null

24-03-2025T11:53:24 - [TEST_STEP][PASSED] - dashboardName = "Выполнение бизнес-плана": null

24-03-2025T11:53:24 - [TEST_STEP][PASSED] - workbook01 = getWorkbook(excelFilePath): null

24-03-2025T11:53:24 - [TEST_STEP][PASSED] - sheet01 = getExcelSheet(workbook01, sheetName): null

24-03-2025T11:53:24 - [TEST_STEP][PASSED] - setValueToCellByIndex(sheet01, n, 0, dashboardName): null

24-03-2025T11:53:24 - [TEST_STEP][PASSED] - setValueToCellByIndex(sheet01, n, 1, dZO): null

24-03-2025T11:53:24 - [TEST_STEP][PASSED] - setValueToCellByIndex(sheet01, n, 2, typeOfData): null

24-03-2025T11:53:24 - [TEST_STEP][PASSED] - if (typeOfData == "Факт в процентах" || typeOfData == "План в процентах"): null

24-03-2025T11:53:24 - [TEST_STEP][PASSED] - else: null

24-03-2025T11:53:24 - [TEST_STEP][PASSED] - setValueToCellByIndex(sheet01, n, 3, fileInt): null

24-03-2025T11:53:24 - [TEST_STEP][PASSED] - setValueToCellByIndex(sheet01, n, 4, pageInt): null

24-03-2025T11:53:24 - [TEST_STEP][PASSED] - setValueToCellByIndex(sheet01, n, 5, m): null

24-03-2025T11:53:24 - [TEST_STEP][PASSED] - setValueToCellByIndex(sheet01, n, 6, y): null

24-03-2025T11:53:24 - [TEST_STEP][PASSED] - setValueToCellByIndex(sheet01, n, 7, todaysDate): null

24-03-2025T11:53:24 - [TEST_STEP][PASSED] - n = n + 1: null

24-03-2025T11:53:24 - [TEST_STEP][FAILED] - saveWorkbook(excelFilePath, workbook01): null

24-03-2025T11:53:24 - [TEST_STEP][PASSED] - if (planFact == 2): null

24-03-2025T11:53:24 - [TEST_STEP][PASSED] - if (planFact == 1): null

24-03-2025T11:53:24 - [TEST_STEP][PASSED] - else if (planFact == 2): null

24-03-2025T11:53:24 - [TEST_STEP][PASSED] - click(findTestObject("Выполнение бизнес-плана/Кнопка План")): Object: 'Object Repository/Выполнение бизнес-плана/Кнопка План' is clicked on

24-03-2025T11:53:25 - [MESSAGE][PASSED] - Object: 'Object Repository/Выполнение бизнес-плана/Кнопка План' is clicked on

24-03-2025T11:53:25 - [TEST_STEP][PASSED] - typeOfDataMain = "План": null

24-03-2025T11:53:25 - [TEST_STEP][PASSED] - otpusk = findTestData("PlanFact").getValue(2, a): null

24-03-2025T11:53:25 - [TEST_STEP][PASSED] - poteri = findTestData("PlanFact").getValue(3, a): null

24-03-2025T11:53:25 - [TEST_STEP][PASSED] - otpusk = otpusk.replaceAll("\s+", ""): null

24-03-2025T11:53:25 - [TEST_STEP][PASSED] - poteri = poteri.replaceAll("\s+", ""): null

24-03-2025T11:53:25 - [TEST_STEP][PASSED] - typeOfData = typeOfDataMain + " Отпуск в сеть": null

24-03-2025T11:53:25 - [TEST_STEP][PASSED] - if (a == 82): null

24-03-2025T11:53:25 - [TEST_STEP][PASSED] - else if (a == 84): null

24-03-2025T11:53:25 - [TEST_STEP][PASSED] - else if (a == 83 || a == 52 || a == 72 || a == 28 || a == 73 || a == 77 || a == 74 || a == 65 || a == 36 || a == 44 || a == 53 || a == 80 || a == 54 || a == 1 || a == 18 || a == 59 || a == 81): null

24-03-2025T11:53:25 - [TEST_STEP][PASSED] - path = dataFolder + "Table Data/" + typeOfData + " за отчётный период " + dzoNum: null

24-03-2025T11:53:25 - [TEST_STEP][PASSED] - println(path): null

24-03-2025T11:53:25 - [TEST_STEP][PASSED] - page = getText(findTestObject(path)): Text of object 'Object Repository/Выполнение бизнес-плана/Значения со страницы Выполнение бизнес-плана/Table Data/План Отпуск в сеть за отчётный период 2' is: '4 033 660'

24-03-2025T11:53:25 - [MESSAGE][PASSED] - Text of object 'Object Repository/Выполнение бизнес-плана/Значения со страницы Выполнение бизнес-плана/Table Data/План Отпуск в сеть за отчётный период 2' is: '4 033 660'

24-03-2025T11:53:25 - [TEST_STEP][PASSED] - if (page == "" || page == null): null

24-03-2025T11:53:25 - [TEST_STEP][PASSED] - else: null

24-03-2025T11:53:25 - [TEST_STEP][PASSED] - page = page.replaceAll("\s+", ""): null

24-03-2025T11:53:25 - [TEST_STEP][PASSED] - if (page == "undefined"): null

24-03-2025T11:53:25 - [TEST_STEP][PASSED] - fileOtpuskVSet = otpusk.toInteger(): null

24-03-2025T11:53:25 - [TEST_STEP][PASSED] - pageOtpuskVSet = page.toInteger(): null

24-03-2025T11:53:25 - [TEST_STEP][PASSED] - typeOfData = typeOfDataMain + " Потери": null

24-03-2025T11:53:25 - [TEST_STEP][PASSED] - if (a == 82): null

24-03-2025T11:53:25 - [TEST_STEP][PASSED] - else if (a == 84): null

24-03-2025T11:53:25 - [TEST_STEP][PASSED] - else if (a == 83 || a == 52 || a == 72 || a == 28 || a == 73 || a == 77 || a == 74 || a == 65 || a == 44 || a == 53 || a == 80 || a == 54 || a == 1 || a == 18 || a == 59 || a == 81): null

24-03-2025T11:53:25 - [TEST_STEP][PASSED] - path = dataFolder + "Table Data/" + typeOfData + " за отчётный период " + dzoNum: null

24-03-2025T11:53:25 - [TEST_STEP][FAILED] - page = getText(findTestObject(path)): Unable to get text of object 'Object Repository/Выполнение бизнес-плана/Значения со страницы Выполнение бизнес-плана/Table Data/План Потери за отчётный период 2' (Root cause: com.kms.katalon.core.exception.StepFailedException: Unable to get text of object 'Object Repository/Выполнение бизнес-плана/Значения со страницы Выполнение бизнес-плана/Table Data/План Потери за отчётный период 2'
	at com.kms.katalon.core.webui.keyword.internal.WebUIKeywordMain.stepFailed(WebUIKeywordMain.groovy:64)
	at com.kms.katalon.core.webui.keyword.internal.WebUIKeywordMain.runKeyword(WebUIKeywordMain.groovy:26)
	at com.kms.katalon.core.webui.keyword.builtin.GetTextKeyword.getText(GetTextKeyword.groovy:88)
	at com.kms.katalon.core.webui.keyword.builtin.GetTextKeyword.execute(GetTextKeyword.groovy:67)
	at com.kms.katalon.core.keyword.internal.KeywordExecutor.executeKeywordForPlatform(KeywordExecutor.groovy:74)
	at com.kms.katalon.core.webui.keyword.WebUiBuiltInKeywords.getText(WebUiBuiltInKeywords.groovy:957)
	at Выполнение бизнес-плана Сверка ПАО Россети все филиалы.Numbers(Выполнение бизнес-плана Сверка ПАО Россети все филиалы:594)
	at Выполнение бизнес-плана Сверка ПАО Россети все филиалы.run(Выполнение бизнес-плана Сверка ПАО Россети все филиалы:231)
	at com.kms.katalon.core.main.ScriptEngine.run(ScriptEngine.java:194)
	at com.kms.katalon.core.main.ScriptEngine.runScriptAsRawText(ScriptEngine.java:119)
	at com.kms.katalon.core.main.TestCaseExecutor.runScript(TestCaseExecutor.java:448)
	at com.kms.katalon.core.main.TestCaseExecutor.doExecute(TestCaseExecutor.java:439)
	at com.kms.katalon.core.main.TestCaseExecutor.processExecutionPhase(TestCaseExecutor.java:418)
	at com.kms.katalon.core.main.TestCaseExecutor.accessMainPhase(TestCaseExecutor.java:410)
	at com.kms.katalon.core.main.TestCaseExecutor.execute(TestCaseExecutor.java:285)
	at com.kms.katalon.core.common.CommonExecutor.accessTestCaseMainPhase(CommonExecutor.java:65)
	at com.kms.katalon.core.main.TestSuiteExecutor.accessTestSuiteMainPhase(TestSuiteExecutor.java:150)
	at com.kms.katalon.core.main.TestSuiteExecutor.execute(TestSuiteExecutor.java:106)
	at com.kms.katalon.core.main.TestCaseMain.startTestSuite(TestCaseMain.java:180)
	at TempTestSuite1742797761676.run(TempTestSuite1742797761676.groovy:35)
	at java.base/jdk.internal.reflect.NativeMethodAccessorImpl.invoke0(Native Method)
	at java.base/jdk.internal.reflect.NativeMethodAccessorImpl.invoke(NativeMethodAccessorImpl.java:77)
	at java.base/jdk.internal.reflect.DelegatingMethodAccessorImpl.invoke(DelegatingMethodAccessorImpl.java:43)
Caused by: com.kms.katalon.core.webui.exception.WebElementNotFoundException: Web element with id: 'Object Repository/Выполнение бизнес-плана/Значения со страницы Выполнение бизнес-плана/Table Data/План Потери за отчётный период 2' located by '(.//*[normalize-space(text()) and normalize-space(.)='Показатели баланса электроэнергии по ДЗО – План'])[2]/following::td[36]' not found
	at com.kms.katalon.core.webui.common.WebUiCommonHelper.findWebElement(WebUiCommonHelper.java:1426)
	at com.kms.katalon.core.webui.keyword.internal.WebUIAbstractKeyword.findWebElement(WebUIAbstractKeyword.groovy:27)
	at com.kms.katalon.core.webui.keyword.internal.WebUIAbstractKeyword.findWebElement(WebUIAbstractKeyword.groovy:26)
	at com.kms.katalon.core.webui.keyword.builtin.GetTextKeyword$_getText_closure1.doCall(GetTextKeyword.groovy:78)
	at com.kms.katalon.core.webui.keyword.builtin.GetTextKeyword$_getText_closure1.call(GetTextKeyword.groovy)
	at com.kms.katalon.core.webui.keyword.internal.WebUIKeywordMain.runKeyword(WebUIKeywordMain.groovy:20)
	at com.kms.katalon.core.webui.keyword.builtin.GetTextKeyword.getText(GetTextKeyword.groovy:88)
	at com.kms.katalon.core.webui.keyword.builtin.GetTextKeyword.execute(GetTextKeyword.groovy:67)
	at com.kms.katalon.core.keyword.internal.KeywordExecutor.executeKeywordForPlatform(KeywordExecutor.groovy:74)
	at com.kms.katalon.core.webui.keyword.WebUiBuiltInKeywords.getText(WebUiBuiltInKeywords.groovy:957)
	at Script1718980020443.Numbers(Script1718980020443.groovy:594)
	at Script1718980020443.run(Script1718980020443.groovy:231)
	... 15 more
)

24-03-2025T11:53:56 - [MESSAGE][INFO] - Unable to find the element located by 'By.xpath: (.//*[normalize-space(text()) and normalize-space(.)='Показатели баланса электроэнергии по ДЗО – План'])[2]/following::td[36]'. Please recheck the objects properties to make sure the desired element is located. 

24-03-2025T11:53:56 - [MESSAGE][FAILED] - Unable to get text of object 'Object Repository/Выполнение бизнес-плана/Значения со страницы Выполнение бизнес-плана/Table Data/План Потери за отчётный период 2' (Root cause: com.kms.katalon.core.exception.StepFailedException: Unable to get text of object 'Object Repository/Выполнение бизнес-плана/Значения со страницы Выполнение бизнес-плана/Table Data/План Потери за отчётный период 2'
	at com.kms.katalon.core.webui.keyword.internal.WebUIKeywordMain.stepFailed(WebUIKeywordMain.groovy:64)
	at com.kms.katalon.core.webui.keyword.internal.WebUIKeywordMain.runKeyword(WebUIKeywordMain.groovy:26)
	at com.kms.katalon.core.webui.keyword.builtin.GetTextKeyword.getText(GetTextKeyword.groovy:88)
	at com.kms.katalon.core.webui.keyword.builtin.GetTextKeyword.execute(GetTextKeyword.groovy:67)
	at com.kms.katalon.core.keyword.internal.KeywordExecutor.executeKeywordForPlatform(KeywordExecutor.groovy:74)
	at com.kms.katalon.core.webui.keyword.WebUiBuiltInKeywords.getText(WebUiBuiltInKeywords.groovy:957)
	at Выполнение бизнес-плана Сверка ПАО Россети все филиалы.Numbers(Выполнение бизнес-плана Сверка ПАО Россети все филиалы:594)
	at Выполнение бизнес-плана Сверка ПАО Россети все филиалы.run(Выполнение бизнес-плана Сверка ПАО Россети все филиалы:231)
	at com.kms.katalon.core.main.ScriptEngine.run(ScriptEngine.java:194)
	at com.kms.katalon.core.main.ScriptEngine.runScriptAsRawText(ScriptEngine.java:119)
	at com.kms.katalon.core.main.TestCaseExecutor.runScript(TestCaseExecutor.java:448)
	at com.kms.katalon.core.main.TestCaseExecutor.doExecute(TestCaseExecutor.java:439)
	at com.kms.katalon.core.main.TestCaseExecutor.processExecutionPhase(TestCaseExecutor.java:418)
	at com.kms.katalon.core.main.TestCaseExecutor.accessMainPhase(TestCaseExecutor.java:410)
	at com.kms.katalon.core.main.TestCaseExecutor.execute(TestCaseExecutor.java:285)
	at com.kms.katalon.core.common.CommonExecutor.accessTestCaseMainPhase(CommonExecutor.java:65)
	at com.kms.katalon.core.main.TestSuiteExecutor.accessTestSuiteMainPhase(TestSuiteExecutor.java:150)
	at com.kms.katalon.core.main.TestSuiteExecutor.execute(TestSuiteExecutor.java:106)
	at com.kms.katalon.core.main.TestCaseMain.startTestSuite(TestCaseMain.java:180)
	at TempTestSuite1742797761676.run(TempTestSuite1742797761676.groovy:35)
	at java.base/jdk.internal.reflect.NativeMethodAccessorImpl.invoke0(Native Method)
	at java.base/jdk.internal.reflect.NativeMethodAccessorImpl.invoke(NativeMethodAccessorImpl.java:77)
	at java.base/jdk.internal.reflect.DelegatingMethodAccessorImpl.invoke(DelegatingMethodAccessorImpl.java:43)
Caused by: com.kms.katalon.core.webui.exception.WebElementNotFoundException: Web element with id: 'Object Repository/Выполнение бизнес-плана/Значения со страницы Выполнение бизнес-плана/Table Data/План Потери за отчётный период 2' located by '(.//*[normalize-space(text()) and normalize-space(.)='Показатели баланса электроэнергии по ДЗО – План'])[2]/following::td[36]' not found
	at com.kms.katalon.core.webui.common.WebUiCommonHelper.findWebElement(WebUiCommonHelper.java:1426)
	at com.kms.katalon.core.webui.keyword.internal.WebUIAbstractKeyword.findWebElement(WebUIAbstractKeyword.groovy:27)
	at com.kms.katalon.core.webui.keyword.internal.WebUIAbstractKeyword.findWebElement(WebUIAbstractKeyword.groovy:26)
	at com.kms.katalon.core.webui.keyword.builtin.GetTextKeyword$_getText_closure1.doCall(GetTextKeyword.groovy:78)
	at com.kms.katalon.core.webui.keyword.builtin.GetTextKeyword$_getText_closure1.call(GetTextKeyword.groovy)
	at com.kms.katalon.core.webui.keyword.internal.WebUIKeywordMain.runKeyword(WebUIKeywordMain.groovy:20)
	at com.kms.katalon.core.webui.keyword.builtin.GetTextKeyword.getText(GetTextKeyword.groovy:88)
	at com.kms.katalon.core.webui.keyword.builtin.GetTextKeyword.execute(GetTextKeyword.groovy:67)
	at com.kms.katalon.core.keyword.internal.KeywordExecutor.executeKeywordForPlatform(KeywordExecutor.groovy:74)
	at com.kms.katalon.core.webui.keyword.WebUiBuiltInKeywords.getText(WebUiBuiltInKeywords.groovy:957)
	at Script1718980020443.Numbers(Script1718980020443.groovy:594)
	at Script1718980020443.run(Script1718980020443.groovy:231)
	... 15 more
)
[[ATTACHMENT|C:\\Users\\LIAZGINA-DI\\git\\SPORU\\Reports\\20250324_092921\\\u041F\u043D-\u0421\u0440-\u041F\u0442\\\u0421\u0432\u0435\u0440\u043A\u0430 \u0434\u0430\u0448\u0431\u043E\u0440\u0434\u043E\u0432 \u0438\u0437 \u0440\u0430\u0437\u043D\u044B\u0445 \u0431\u043B\u043E\u043A\u043E\u0432\\20250324_092921\\1742806436662.png]]

24-03-2025T11:53:56 - [TEST_STEP][PASSED] - if (page == "" || page == null): null

24-03-2025T11:53:56 - [TEST_STEP][PASSED] - fileInt = poteri.toInteger(): null

24-03-2025T11:53:56 - [TEST_STEP][PASSED] - Script1718980020443.WriteToExcelNoData(a, typeOfData, todaysDate, fileInt, fileDouble, dZO): null

24-03-2025T11:53:56 - [TEST_STEP][PASSED] - sheetName = "Sheet1": null

24-03-2025T11:53:56 - [TEST_STEP][PASSED] - data = findTestData("PlanFact"): null

24-03-2025T11:53:56 - [TEST_STEP][PASSED] - n = data.getRowNumbers() + 1: null

24-03-2025T11:53:56 - [TEST_STEP][PASSED] - day = ")).toInteger(): null

24-03-2025T11:53:56 - [TEST_STEP][PASSED] - println(day): null

24-03-2025T11:53:56 - [TEST_STEP][PASSED] - month = ")).toInteger(): null

24-03-2025T11:53:56 - [TEST_STEP][PASSED] - println(month): null

24-03-2025T11:53:56 - [TEST_STEP][PASSED] - y = <not implemented yet for class: org.codehaus.groovy.ast.expr.EmptyExpression>: null

24-03-2025T11:53:56 - [TEST_STEP][PASSED] - iy = <not implemented yet for class: org.codehaus.groovy.ast.expr.EmptyExpression>: null

24-03-2025T11:53:56 - [TEST_STEP][PASSED] - m = getText(findTestObject("Выполнение бизнес-плана/Период")): Text of object 'Object Repository/Выполнение бизнес-плана/Период' is: 'Январь 2025 года'

24-03-2025T11:53:57 - [MESSAGE][PASSED] - Text of object 'Object Repository/Выполнение бизнес-плана/Период' is: 'Январь 2025 года'

24-03-2025T11:53:57 - [TEST_STEP][PASSED] - iy = m.indexOf("20"): null

24-03-2025T11:53:57 - [TEST_STEP][PASSED] - if (iy > -1): null

24-03-2025T11:53:57 - [TEST_STEP][PASSED] - y = substring(iy, iy + 4).toInteger(): null

24-03-2025T11:53:57 - [TEST_STEP][PASSED] - println(y): null

24-03-2025T11:53:57 - [TEST_STEP][PASSED] - if (toString().length() == 4): null

24-03-2025T11:53:57 - [TEST_STEP][PASSED] - m = m.substring(0, m.indexOf(y.toString())): null

24-03-2025T11:53:57 - [TEST_STEP][PASSED] - m = m.trim(): null

24-03-2025T11:53:57 - [TEST_STEP][PASSED] - if (m == ""): null

24-03-2025T11:53:57 - [TEST_STEP][PASSED] - dashboardName = "Выполнение бизнес-плана": null

24-03-2025T11:53:57 - [TEST_STEP][PASSED] - workbook01 = getWorkbook(excelFilePath): null

24-03-2025T11:53:57 - [TEST_STEP][PASSED] - sheet01 = getExcelSheet(workbook01, sheetName): null

24-03-2025T11:53:57 - [TEST_STEP][PASSED] - setValueToCellByIndex(sheet01, n, 0, dashboardName): null

24-03-2025T11:53:57 - [TEST_STEP][PASSED] - setValueToCellByIndex(sheet01, n, 1, dZO): null

24-03-2025T11:53:57 - [TEST_STEP][PASSED] - setValueToCellByIndex(sheet01, n, 2, typeOfData): null

24-03-2025T11:53:57 - [TEST_STEP][PASSED] - if (typeOfData == "Факт в процентах" || typeOfData == "План в процентах"): null

24-03-2025T11:53:57 - [TEST_STEP][PASSED] - else: null

24-03-2025T11:53:57 - [TEST_STEP][PASSED] - setValueToCellByIndex(sheet01, n, 3, fileInt): null

24-03-2025T11:53:57 - [TEST_STEP][PASSED] - setValueToCellByIndex(sheet01, n, 4, "нет данных"): null

24-03-2025T11:53:57 - [TEST_STEP][PASSED] - setValueToCellByIndex(sheet01, n, 5, m): null

24-03-2025T11:53:57 - [TEST_STEP][PASSED] - setValueToCellByIndex(sheet01, n, 6, y): null

24-03-2025T11:53:57 - [TEST_STEP][PASSED] - setValueToCellByIndex(sheet01, n, 7, todaysDate): null

24-03-2025T11:53:57 - [TEST_STEP][PASSED] - n = n + 1: null

24-03-2025T11:53:57 - [TEST_STEP][PASSED] - saveWorkbook(excelFilePath, workbook01): null

24-03-2025T11:53:57 - [TEST_STEP][PASSED] - compare = pageOtpuskVSet: null

24-03-2025T11:53:57 - [TEST_STEP][PASSED] - if (pageOtpuskVSet != null): null

24-03-2025T11:53:57 - [TEST_STEP][PASSED] - if (compare == fileOtpuskVSet): null

24-03-2025T11:53:57 - [TEST_STEP][PASSED] - else if (compare > fileOtpuskVSet): null

24-03-2025T11:53:57 - [TEST_STEP][PASSED] - else if (compare < fileOtpuskVSet): null

24-03-2025T11:53:57 - [TEST_STEP][PASSED] - compare = compare + 1: null

24-03-2025T11:53:57 - [TEST_STEP][PASSED] - if (compare == fileOtpuskVSet): null

24-03-2025T11:53:57 - [TEST_STEP][PASSED] - else: null

24-03-2025T11:53:57 - [TEST_STEP][PASSED] - numberOfErrors = numberOfErrors + 1: null

24-03-2025T11:53:57 - [TEST_STEP][PASSED] - pageInt = pageOtpuskVSet: null

24-03-2025T11:53:57 - [TEST_STEP][PASSED] - fileInt = fileOtpuskVSet: null

24-03-2025T11:53:57 - [TEST_STEP][PASSED] - typeOfData = typeOfDataMain + " Отпуск в сеть": null

24-03-2025T11:53:57 - [TEST_STEP][PASSED] - Script1718980020443.WriteToExcel(a, typeOfData, todaysDate, pageInt, fileInt, pageDouble, fileDouble, dZO): null

24-03-2025T11:53:57 - [TEST_STEP][PASSED] - sheetName = "Sheet1": null

24-03-2025T11:53:57 - [TEST_STEP][PASSED] - data = findTestData("PlanFact"): null

24-03-2025T11:53:57 - [TEST_STEP][PASSED] - n = data.getRowNumbers() + 1: null

24-03-2025T11:53:57 - [TEST_STEP][PASSED] - day = ")).toInteger(): null

24-03-2025T11:53:57 - [TEST_STEP][PASSED] - println(day): null

24-03-2025T11:53:57 - [TEST_STEP][PASSED] - month = ")).toInteger(): null

24-03-2025T11:53:57 - [TEST_STEP][PASSED] - println(month): null

24-03-2025T11:53:57 - [TEST_STEP][PASSED] - y = <not implemented yet for class: org.codehaus.groovy.ast.expr.EmptyExpression>: null

24-03-2025T11:53:57 - [TEST_STEP][PASSED] - iy = <not implemented yet for class: org.codehaus.groovy.ast.expr.EmptyExpression>: null

24-03-2025T11:53:57 - [TEST_STEP][PASSED] - m = getText(findTestObject("Выполнение бизнес-плана/Период")): Text of object 'Object Repository/Выполнение бизнес-плана/Период' is: 'Январь 2025 года'

24-03-2025T11:53:57 - [MESSAGE][PASSED] - Text of object 'Object Repository/Выполнение бизнес-плана/Период' is: 'Январь 2025 года'

24-03-2025T11:53:57 - [TEST_STEP][PASSED] - iy = m.indexOf("20"): null

24-03-2025T11:53:57 - [TEST_STEP][PASSED] - if (iy > -1): null

24-03-2025T11:53:57 - [TEST_STEP][PASSED] - y = substring(iy, iy + 4).toInteger(): null

24-03-2025T11:53:57 - [TEST_STEP][PASSED] - println(y): null

24-03-2025T11:53:57 - [TEST_STEP][PASSED] - if (toString().length() == 4): null

24-03-2025T11:53:57 - [TEST_STEP][PASSED] - m = m.substring(0, m.indexOf(y.toString())): null

24-03-2025T11:53:57 - [TEST_STEP][PASSED] - m = m.trim(): null

24-03-2025T11:53:57 - [TEST_STEP][PASSED] - if (m == ""): null

24-03-2025T11:53:57 - [TEST_STEP][PASSED] - dashboardName = "Выполнение бизнес-плана": null

24-03-2025T11:53:57 - [TEST_STEP][PASSED] - workbook01 = getWorkbook(excelFilePath): null

24-03-2025T11:53:57 - [TEST_STEP][PASSED] - sheet01 = getExcelSheet(workbook01, sheetName): null

24-03-2025T11:53:57 - [TEST_STEP][PASSED] - setValueToCellByIndex(sheet01, n, 0, dashboardName): null

24-03-2025T11:53:57 - [TEST_STEP][PASSED] - setValueToCellByIndex(sheet01, n, 1, dZO): null

24-03-2025T11:53:57 - [TEST_STEP][PASSED] - setValueToCellByIndex(sheet01, n, 2, typeOfData): null

24-03-2025T11:53:57 - [TEST_STEP][PASSED] - if (typeOfData == "Факт в процентах" || typeOfData == "План в процентах"): null

24-03-2025T11:53:57 - [TEST_STEP][PASSED] - else: null

24-03-2025T11:53:57 - [TEST_STEP][PASSED] - setValueToCellByIndex(sheet01, n, 3, fileInt): null

24-03-2025T11:53:57 - [TEST_STEP][PASSED] - setValueToCellByIndex(sheet01, n, 4, pageInt): null

24-03-2025T11:53:57 - [TEST_STEP][PASSED] - setValueToCellByIndex(sheet01, n, 5, m): null

24-03-2025T11:53:57 - [TEST_STEP][PASSED] - setValueToCellByIndex(sheet01, n, 6, y): null

24-03-2025T11:53:57 - [TEST_STEP][PASSED] - setValueToCellByIndex(sheet01, n, 7, todaysDate): null

24-03-2025T11:53:57 - [TEST_STEP][PASSED] - n = n + 1: null

24-03-2025T11:53:57 - [TEST_STEP][PASSED] - saveWorkbook(excelFilePath, workbook01): null

24-03-2025T11:53:57 - [TEST_STEP][PASSED] - compare = pagePoteri: null

24-03-2025T11:53:57 - [TEST_STEP][PASSED] - if (pageOtpuskVSet != null): null

24-03-2025T11:53:57 - [TEST_STEP][PASSED] - if (compare == filePoteri): null

24-03-2025T11:53:57 - [TEST_STEP][PASSED] - else if (compare > filePoteri): null

24-03-2025T11:53:57 - [TEST_STEP][PASSED] - compare = compare - 1: null

24-03-2025T11:53:57 - [TEST_STEP][PASSED] - if (compare == filePoteri): null

24-03-2025T11:53:57 - [TEST_STEP][PASSED] - else: null

24-03-2025T11:53:57 - [TEST_STEP][PASSED] - numberOfErrors = numberOfErrors + 1: null

24-03-2025T11:53:57 - [TEST_STEP][PASSED] - pageInt = pagePoteri: null

24-03-2025T11:53:57 - [TEST_STEP][PASSED] - fileInt = filePoteri: null

24-03-2025T11:53:57 - [TEST_STEP][PASSED] - typeOfData = typeOfDataMain + " Потери": null

24-03-2025T11:53:57 - [TEST_STEP][PASSED] - Script1718980020443.WriteToExcel(a, typeOfData, todaysDate, pageInt, fileInt, pageDouble, fileDouble, dZO): null

24-03-2025T11:53:57 - [TEST_STEP][PASSED] - sheetName = "Sheet1": null

24-03-2025T11:53:58 - [TEST_STEP][PASSED] - data = findTestData("PlanFact"): null

24-03-2025T11:53:58 - [TEST_STEP][PASSED] - n = data.getRowNumbers() + 1: null

24-03-2025T11:53:58 - [TEST_STEP][PASSED] - day = ")).toInteger(): null

24-03-2025T11:53:58 - [TEST_STEP][PASSED] - println(day): null

24-03-2025T11:53:58 - [TEST_STEP][PASSED] - month = ")).toInteger(): null

24-03-2025T11:53:58 - [TEST_STEP][PASSED] - println(month): null

24-03-2025T11:53:58 - [TEST_STEP][PASSED] - y = <not implemented yet for class: org.codehaus.groovy.ast.expr.EmptyExpression>: null

24-03-2025T11:53:58 - [TEST_STEP][PASSED] - iy = <not implemented yet for class: org.codehaus.groovy.ast.expr.EmptyExpression>: null

24-03-2025T11:53:58 - [TEST_STEP][PASSED] - m = getText(findTestObject("Выполнение бизнес-плана/Период")): Text of object 'Object Repository/Выполнение бизнес-плана/Период' is: 'Январь 2025 года'

24-03-2025T11:53:58 - [MESSAGE][PASSED] - Text of object 'Object Repository/Выполнение бизнес-плана/Период' is: 'Январь 2025 года'

24-03-2025T11:53:58 - [TEST_STEP][PASSED] - iy = m.indexOf("20"): null

24-03-2025T11:53:58 - [TEST_STEP][PASSED] - if (iy > -1): null

24-03-2025T11:53:58 - [TEST_STEP][PASSED] - y = substring(iy, iy + 4).toInteger(): null

24-03-2025T11:53:58 - [TEST_STEP][PASSED] - println(y): null

24-03-2025T11:53:58 - [TEST_STEP][PASSED] - if (toString().length() == 4): null

24-03-2025T11:53:58 - [TEST_STEP][PASSED] - m = m.substring(0, m.indexOf(y.toString())): null

24-03-2025T11:53:58 - [TEST_STEP][PASSED] - m = m.trim(): null

24-03-2025T11:53:58 - [TEST_STEP][PASSED] - if (m == ""): null

24-03-2025T11:53:58 - [TEST_STEP][PASSED] - dashboardName = "Выполнение бизнес-плана": null

24-03-2025T11:53:58 - [TEST_STEP][PASSED] - workbook01 = getWorkbook(excelFilePath): null

24-03-2025T11:53:58 - [TEST_STEP][PASSED] - sheet01 = getExcelSheet(workbook01, sheetName): null

24-03-2025T11:53:58 - [TEST_STEP][PASSED] - setValueToCellByIndex(sheet01, n, 0, dashboardName): null

24-03-2025T11:53:58 - [TEST_STEP][PASSED] - setValueToCellByIndex(sheet01, n, 1, dZO): null

24-03-2025T11:53:58 - [TEST_STEP][PASSED] - setValueToCellByIndex(sheet01, n, 2, typeOfData): null

24-03-2025T11:53:58 - [TEST_STEP][PASSED] - if (typeOfData == "Факт в процентах" || typeOfData == "План в процентах"): null

24-03-2025T11:53:58 - [TEST_STEP][PASSED] - else: null

24-03-2025T11:53:58 - [TEST_STEP][PASSED] - setValueToCellByIndex(sheet01, n, 3, fileInt): null

24-03-2025T11:53:58 - [TEST_STEP][PASSED] - setValueToCellByIndex(sheet01, n, 4, pageInt): null

24-03-2025T11:53:58 - [TEST_STEP][PASSED] - setValueToCellByIndex(sheet01, n, 5, m): null

24-03-2025T11:53:58 - [TEST_STEP][PASSED] - setValueToCellByIndex(sheet01, n, 6, y): null

24-03-2025T11:53:58 - [TEST_STEP][PASSED] - setValueToCellByIndex(sheet01, n, 7, todaysDate): null

24-03-2025T11:53:58 - [TEST_STEP][PASSED] - n = n + 1: null

24-03-2025T11:53:58 - [TEST_STEP][PASSED] - saveWorkbook(excelFilePath, workbook01): Object: 'Object Repository/Выполнение бизнес-плана/Кнопка Факт' is clicked on

24-03-2025T11:53:58 - [TEST_STEP][PASSED] - if (planFact == 2): Object: 'Object Repository/Выполнение бизнес-плана/Кнопка Факт' is clicked on

24-03-2025T11:53:58 - [TEST_STEP][PASSED] - click(findTestObject("Выполнение бизнес-плана/Кнопка Факт")): Object: 'Object Repository/Выполнение бизнес-плана/Кнопка Факт' is clicked on

24-03-2025T11:53:58 - [MESSAGE][PASSED] - Object: 'Object Repository/Выполнение бизнес-плана/Кнопка Факт' is clicked on

24-03-2025T11:53:58 - [TEST_STEP][PASSED] - println("a=" + a): null

24-03-2025T11:53:58 - [TEST_STEP][PASSED] - if (a == 84 || a == 82): null

24-03-2025T11:53:58 - [TEST_STEP][PASSED] - else if (a == 83 || a == 52 || a == 72 || a == 28 || a == 73 || a == 77 || a == 74 || a == 65 || a == 36 || a == 44 || a == 53 || a == 80 || a == 54 || a == 1 || a == 18 || a == 59 || a == 81): null

24-03-2025T11:53:58 - [TEST_STEP][PASSED] - page1 = getText(findTestObject("Object Repository/Выполнение бизнес-плана/spanPlan" + dzoNum)): Text of object 'Object Repository/Выполнение бизнес-плана/spanPlan2' is: '6.39
|'

24-03-2025T11:53:59 - [MESSAGE][PASSED] - Text of object 'Object Repository/Выполнение бизнес-плана/spanPlan2' is: '6.39
|'

24-03-2025T11:53:59 - [TEST_STEP][PASSED] - page1 = page1.replace("|", ""): null

24-03-2025T11:53:59 - [TEST_STEP][PASSED] - page2 = getText(findTestObject("Object Repository/Выполнение бизнес-плана/spanFact" + dzoNum)): Text of object 'Object Repository/Выполнение бизнес-плана/spanFact2' is: '5.47'

24-03-2025T11:53:59 - [MESSAGE][PASSED] - Text of object 'Object Repository/Выполнение бизнес-плана/spanFact2' is: '5.47'

24-03-2025T11:53:59 - [TEST_STEP][PASSED] - page2 = page2.replace("|", ""): null

24-03-2025T11:53:59 - [TEST_STEP][PASSED] - println("page1: " + page1): null

24-03-2025T11:53:59 - [TEST_STEP][PASSED] - println("page2: " + page2): null

24-03-2025T11:53:59 - [TEST_STEP][PASSED] - file = findTestData("PlanFact").getValue(4, a): null

24-03-2025T11:53:59 - [TEST_STEP][PASSED] - file = file.replace(",", "."): null

24-03-2025T11:53:59 - [TEST_STEP][PASSED] - println("file Plan: " + file): null

24-03-2025T11:53:59 - [TEST_STEP][PASSED] - typeOfData = "План в процентах": null

24-03-2025T11:53:59 - [TEST_STEP][PASSED] - fileDouble = file.toDouble(): null

24-03-2025T11:53:59 - [TEST_STEP][PASSED] - pageDouble = page1.toDouble(): null

24-03-2025T11:53:59 - [TEST_STEP][PASSED] - if (fileDouble != pageDouble): null

24-03-2025T11:53:59 - [TEST_STEP][PASSED] - numberOfErrors = numberOfErrors + 1: null

24-03-2025T11:53:59 - [TEST_STEP][PASSED] - Script1718980020443.WriteToExcel(a, typeOfData, todaysDate, pageInt, fileInt, pageDouble, fileDouble, dZO): null

24-03-2025T11:53:59 - [TEST_STEP][PASSED] - sheetName = "Sheet1": null

24-03-2025T11:53:59 - [TEST_STEP][PASSED] - data = findTestData("PlanFact"): null

24-03-2025T11:53:59 - [TEST_STEP][PASSED] - n = data.getRowNumbers() + 1: null

24-03-2025T11:53:59 - [TEST_STEP][PASSED] - day = ")).toInteger(): null

24-03-2025T11:53:59 - [TEST_STEP][PASSED] - println(day): null

24-03-2025T11:53:59 - [TEST_STEP][PASSED] - month = ")).toInteger(): null

24-03-2025T11:53:59 - [TEST_STEP][PASSED] - println(month): null

24-03-2025T11:53:59 - [TEST_STEP][PASSED] - y = <not implemented yet for class: org.codehaus.groovy.ast.expr.EmptyExpression>: null

24-03-2025T11:53:59 - [TEST_STEP][PASSED] - iy = <not implemented yet for class: org.codehaus.groovy.ast.expr.EmptyExpression>: null

24-03-2025T11:53:59 - [TEST_STEP][PASSED] - m = getText(findTestObject("Выполнение бизнес-плана/Период")): Text of object 'Object Repository/Выполнение бизнес-плана/Период' is: 'Январь 2025 года'

24-03-2025T11:53:59 - [MESSAGE][PASSED] - Text of object 'Object Repository/Выполнение бизнес-плана/Период' is: 'Январь 2025 года'

24-03-2025T11:53:59 - [TEST_STEP][PASSED] - iy = m.indexOf("20"): null

24-03-2025T11:53:59 - [TEST_STEP][PASSED] - if (iy > -1): null

24-03-2025T11:53:59 - [TEST_STEP][PASSED] - y = substring(iy, iy + 4).toInteger(): null

24-03-2025T11:53:59 - [TEST_STEP][PASSED] - println(y): null

24-03-2025T11:53:59 - [TEST_STEP][PASSED] - if (toString().length() == 4): null

24-03-2025T11:53:59 - [TEST_STEP][PASSED] - m = m.substring(0, m.indexOf(y.toString())): null

24-03-2025T11:53:59 - [TEST_STEP][PASSED] - m = m.trim(): null

24-03-2025T11:53:59 - [TEST_STEP][PASSED] - if (m == ""): null

24-03-2025T11:53:59 - [TEST_STEP][PASSED] - dashboardName = "Выполнение бизнес-плана": null

24-03-2025T11:53:59 - [TEST_STEP][PASSED] - workbook01 = getWorkbook(excelFilePath): null

24-03-2025T11:54:00 - [TEST_STEP][PASSED] - sheet01 = getExcelSheet(workbook01, sheetName): null

24-03-2025T11:54:00 - [TEST_STEP][PASSED] - setValueToCellByIndex(sheet01, n, 0, dashboardName): null

24-03-2025T11:54:00 - [TEST_STEP][PASSED] - setValueToCellByIndex(sheet01, n, 1, dZO): null

24-03-2025T11:54:00 - [TEST_STEP][PASSED] - setValueToCellByIndex(sheet01, n, 2, typeOfData): null

24-03-2025T11:54:00 - [TEST_STEP][PASSED] - if (typeOfData == "Факт в процентах" || typeOfData == "План в процентах"): null

24-03-2025T11:54:00 - [TEST_STEP][PASSED] - setValueToCellByIndex(sheet01, n, 3, fileDouble): null

24-03-2025T11:54:00 - [TEST_STEP][PASSED] - setValueToCellByIndex(sheet01, n, 4, pageDouble): null

24-03-2025T11:54:00 - [TEST_STEP][PASSED] - setValueToCellByIndex(sheet01, n, 5, m): null

24-03-2025T11:54:00 - [TEST_STEP][PASSED] - setValueToCellByIndex(sheet01, n, 6, y): null

24-03-2025T11:54:00 - [TEST_STEP][PASSED] - setValueToCellByIndex(sheet01, n, 7, todaysDate): null

24-03-2025T11:54:00 - [TEST_STEP][PASSED] - n = n + 1: null

24-03-2025T11:54:00 - [TEST_STEP][PASSED] - saveWorkbook(excelFilePath, workbook01): null

24-03-2025T11:54:00 - [TEST_STEP][PASSED] - file = findTestData("PlanFact").getValue(7, a): null

24-03-2025T11:54:00 - [TEST_STEP][PASSED] - file = file.replace(",", "."): null

24-03-2025T11:54:00 - [TEST_STEP][PASSED] - println("file Fact: " + file): null

24-03-2025T11:54:00 - [TEST_STEP][PASSED] - fileDouble = file.toDouble(): null

24-03-2025T11:54:00 - [TEST_STEP][PASSED] - typeOfData = "Факт в процентах": null

24-03-2025T11:54:00 - [TEST_STEP][PASSED] - fileDouble = file.toDouble(): null

24-03-2025T11:54:00 - [TEST_STEP][PASSED] - pageDouble = page2.toDouble(): null

24-03-2025T11:54:00 - [TEST_STEP][PASSED] - if (fileDouble != pageDouble): null

24-03-2025T11:54:00 - [TEST_STEP][PASSED] - numberOfErrors = numberOfErrors + 1: null

24-03-2025T11:54:00 - [TEST_STEP][PASSED] - Script1718980020443.WriteToExcel(a, typeOfData, todaysDate, pageInt, fileInt, pageDouble, fileDouble, dZO): null

24-03-2025T11:54:00 - [TEST_STEP][PASSED] - sheetName = "Sheet1": null

24-03-2025T11:54:00 - [TEST_STEP][PASSED] - data = findTestData("PlanFact"): null

24-03-2025T11:54:00 - [TEST_STEP][PASSED] - n = data.getRowNumbers() + 1: null

24-03-2025T11:54:00 - [TEST_STEP][PASSED] - day = ")).toInteger(): null

24-03-2025T11:54:00 - [TEST_STEP][PASSED] - println(day): null

24-03-2025T11:54:00 - [TEST_STEP][PASSED] - month = ")).toInteger(): null

24-03-2025T11:54:00 - [TEST_STEP][PASSED] - println(month): null

24-03-2025T11:54:00 - [TEST_STEP][PASSED] - y = <not implemented yet for class: org.codehaus.groovy.ast.expr.EmptyExpression>: null

24-03-2025T11:54:00 - [TEST_STEP][PASSED] - iy = <not implemented yet for class: org.codehaus.groovy.ast.expr.EmptyExpression>: null

24-03-2025T11:54:00 - [TEST_STEP][PASSED] - m = getText(findTestObject("Выполнение бизнес-плана/Период")): Text of object 'Object Repository/Выполнение бизнес-плана/Период' is: 'Январь 2025 года'

24-03-2025T11:54:00 - [MESSAGE][PASSED] - Text of object 'Object Repository/Выполнение бизнес-плана/Период' is: 'Январь 2025 года'

24-03-2025T11:54:00 - [TEST_STEP][PASSED] - iy = m.indexOf("20"): null

24-03-2025T11:54:00 - [TEST_STEP][PASSED] - if (iy > -1): null

24-03-2025T11:54:00 - [TEST_STEP][PASSED] - y = substring(iy, iy + 4).toInteger(): null

24-03-2025T11:54:00 - [TEST_STEP][PASSED] - println(y): null

24-03-2025T11:54:00 - [TEST_STEP][PASSED] - if (toString().length() == 4): null

24-03-2025T11:54:00 - [TEST_STEP][PASSED] - m = m.substring(0, m.indexOf(y.toString())): null

24-03-2025T11:54:00 - [TEST_STEP][PASSED] - m = m.trim(): null

24-03-2025T11:54:00 - [TEST_STEP][PASSED] - if (m == ""): null

24-03-2025T11:54:00 - [TEST_STEP][PASSED] - dashboardName = "Выполнение бизнес-плана": null

24-03-2025T11:54:00 - [TEST_STEP][PASSED] - workbook01 = getWorkbook(excelFilePath): null

24-03-2025T11:54:00 - [TEST_STEP][PASSED] - sheet01 = getExcelSheet(workbook01, sheetName): null

24-03-2025T11:54:00 - [TEST_STEP][PASSED] - setValueToCellByIndex(sheet01, n, 0, dashboardName): null

24-03-2025T11:54:00 - [TEST_STEP][PASSED] - setValueToCellByIndex(sheet01, n, 1, dZO): null

24-03-2025T11:54:00 - [TEST_STEP][PASSED] - setValueToCellByIndex(sheet01, n, 2, typeOfData): null

24-03-2025T11:54:00 - [TEST_STEP][PASSED] - if (typeOfData == "Факт в процентах" || typeOfData == "План в процентах"): null

24-03-2025T11:54:00 - [TEST_STEP][PASSED] - setValueToCellByIndex(sheet01, n, 3, fileDouble): null

24-03-2025T11:54:00 - [TEST_STEP][PASSED] - setValueToCellByIndex(sheet01, n, 4, pageDouble): null

24-03-2025T11:54:00 - [TEST_STEP][PASSED] - setValueToCellByIndex(sheet01, n, 5, m): null

24-03-2025T11:54:00 - [TEST_STEP][PASSED] - setValueToCellByIndex(sheet01, n, 6, y): null

24-03-2025T11:54:00 - [TEST_STEP][PASSED] - setValueToCellByIndex(sheet01, n, 7, todaysDate): null

24-03-2025T11:54:00 - [TEST_STEP][PASSED] - n = n + 1: null

24-03-2025T11:54:00 - [TEST_STEP][PASSED] - saveWorkbook(excelFilePath, workbook01): null

24-03-2025T11:54:00 - [TEST_STEP][FAILED] - if (verifyEqual(numberOfErrors, 0) == false): null

24-03-2025T11:54:00 - [MESSAGE][FAILED] - Unable to verify equal between actual object '6' and expected object '0' (Root cause: com.kms.katalon.core.exception.StepFailedException: Actual object '6' and expected object '0' are not equal
	at com.kms.katalon.core.keyword.builtin.VerifyEqualKeyword$_verifyEqual_closure1.doCall(VerifyEqualKeyword.groovy:58)
	at com.kms.katalon.core.keyword.builtin.VerifyEqualKeyword$_verifyEqual_closure1.call(VerifyEqualKeyword.groovy)
	at com.kms.katalon.core.keyword.internal.KeywordMain.runKeyword(KeywordMain.groovy:75)
	at com.kms.katalon.core.keyword.builtin.VerifyEqualKeyword.verifyEqual(VerifyEqualKeyword.groovy:63)
	at com.kms.katalon.core.keyword.builtin.VerifyEqualKeyword.execute(VerifyEqualKeyword.groovy:44)
	at com.kms.katalon.core.keyword.internal.KeywordExecutor.executeKeywordForPlatform(KeywordExecutor.groovy:74)
	at com.kms.katalon.core.keyword.BuiltinKeywords.verifyEqual(BuiltinKeywords.groovy:146)
	at jdk.internal.reflect.GeneratedMethodAccessor22.invoke(Unknown Source)
	at java.base/jdk.internal.reflect.DelegatingMethodAccessorImpl.invoke(DelegatingMethodAccessorImpl.java:43)
	at Выполнение бизнес-плана Сверка ПАО Россети все филиалы.Numbers(Выполнение бизнес-плана Сверка ПАО Россети все филиалы:744)
	at Выполнение бизнес-плана Сверка ПАО Россети все филиалы.run(Выполнение бизнес-плана Сверка ПАО Россети все филиалы:231)
	at com.kms.katalon.core.main.ScriptEngine.run(ScriptEngine.java:194)
	at com.kms.katalon.core.main.ScriptEngine.runScriptAsRawText(ScriptEngine.java:119)
	at com.kms.katalon.core.main.TestCaseExecutor.runScript(TestCaseExecutor.java:448)
	at com.kms.katalon.core.main.TestCaseExecutor.doExecute(TestCaseExecutor.java:439)
	at com.kms.katalon.core.main.TestCaseExecutor.processExecutionPhase(TestCaseExecutor.java:418)
	at com.kms.katalon.core.main.TestCaseExecutor.accessMainPhase(TestCaseExecutor.java:410)
	at com.kms.katalon.core.main.TestCaseExecutor.execute(TestCaseExecutor.java:285)
	at com.kms.katalon.core.common.CommonExecutor.accessTestCaseMainPhase(CommonExecutor.java:65)
	at com.kms.katalon.core.main.TestSuiteExecutor.accessTestSuiteMainPhase(TestSuiteExecutor.java:150)
	at com.kms.katalon.core.main.TestSuiteExecutor.execute(TestSuiteExecutor.java:106)
	at com.kms.katalon.core.main.TestCaseMain.startTestSuite(TestCaseMain.java:180)
	at TempTestSuite1742797761676.run(TempTestSuite1742797761676.groovy:35)
	at java.base/jdk.internal.reflect.NativeMethodAccessorImpl.invoke0(Native Method)
	at java.base/jdk.internal.reflect.NativeMethodAccessorImpl.invoke(NativeMethodAccessorImpl.java:77)
	at java.base/jdk.internal.reflect.DelegatingMethodAccessorImpl.invoke(DelegatingMethodAccessorImpl.java:43)
)

24-03-2025T11:54:00 - [TEST_STEP][PASSED] - println(numberOfErrors): null

24-03-2025T11:54:00 - [TEST_STEP][PASSED] - println("a=" + a): null

24-03-2025T11:54:00 - [TEST_STEP][PASSED] - if (a == 28 || a == 77 || a == 74 || a == 65 || a == 36 || a == 44 || a == 54 || a == 1 || a == 18 || a == 59): null

24-03-2025T11:54:00 - [TEST_STEP][PASSED] - Script1718980020443.Filials(a, typeOfData, todaysDate, pageInt, fileInt, pageDouble, fileDouble, dZO, dzoNum, filialNum): null

24-03-2025T11:54:00 - [TEST_STEP][PASSED] - i = <not implemented yet for class: org.codehaus.groovy.ast.expr.EmptyExpression>: null

24-03-2025T11:54:00 - [TEST_STEP][PASSED] - c = <not implemented yet for class: org.codehaus.groovy.ast.expr.EmptyExpression>: null

24-03-2025T11:54:00 - [TEST_STEP][PASSED] - page = <not implemented yet for class: org.codehaus.groovy.ast.expr.EmptyExpression>: null

24-03-2025T11:54:00 - [TEST_STEP][PASSED] - println(dZO): null

24-03-2025T11:54:00 - [TEST_STEP][PASSED] - reducedDZO = <not implemented yet for class: org.codehaus.groovy.ast.expr.EmptyExpression>: null

24-03-2025T11:54:00 - [TEST_STEP][PASSED] - reducedDZO = dZO.substring(dZO.indexOf(" ") + 1, dZO.length()): null

24-03-2025T11:54:00 - [TEST_STEP][PASSED] - if (reducedDZO.contains(" ")): null

24-03-2025T11:54:00 - [TEST_STEP][PASSED] - println(reducedDZO): null

24-03-2025T11:54:00 - [TEST_STEP][PASSED] - dzoCut = <not implemented yet for class: org.codehaus.groovy.ast.expr.EmptyExpression>: null

24-03-2025T11:54:00 - [TEST_STEP][PASSED] - Script1718980020443.DZO(a): null

24-03-2025T11:54:00 - [TEST_STEP][PASSED] - delay(20): Delayed 20 second(s)

24-03-2025T11:54:20 - [MESSAGE][PASSED] - Delayed 20 second(s)

24-03-2025T11:54:20 - [TEST_STEP][PASSED] - Script1718980020443.OpenFilter(): null

24-03-2025T11:54:20 - [TEST_STEP][PASSED] - click(findTestObject("Object Repository/Выполнение бизнес-плана/Фильтр ДЗО")): Object: 'Object Repository/Выполнение бизнес-плана/Фильтр ДЗО' is clicked on

24-03-2025T11:54:21 - [MESSAGE][PASSED] - Object: 'Object Repository/Выполнение бизнес-плана/Фильтр ДЗО' is clicked on

24-03-2025T11:54:21 - [TEST_STEP][PASSED] - click(findTestObject("Выполнение бизнес-плана/Снять выделение в фильтре ДЗО")): Object: 'Object Repository/Выполнение бизнес-плана/Снять выделение в фильтре ДЗО' is clicked on

24-03-2025T11:54:21 - [MESSAGE][PASSED] - Object: 'Object Repository/Выполнение бизнес-плана/Снять выделение в фильтре ДЗО' is clicked on

24-03-2025T11:54:21 - [TEST_STEP][PASSED] - Script1718980020443.OpenRSK(): null

24-03-2025T11:54:21 - [TEST_STEP][PASSED] - click(findTestObject("Выполнение бизнес-плана/Раскрыть список ПАО Россети в фильтре ДЗО")): Object: 'Object Repository/Выполнение бизнес-плана/Раскрыть список ПАО Россети в фильтре ДЗО' is clicked on

24-03-2025T11:54:22 - [MESSAGE][PASSED] - Object: 'Object Repository/Выполнение бизнес-плана/Раскрыть список ПАО Россети в фильтре ДЗО' is clicked on

24-03-2025T11:54:22 - [TEST_STEP][PASSED] - click(findTestObject("Выполнение бизнес-плана/Раскрыть список РаспредКомплекс в фильтре ДЗО")): Object: 'Object Repository/Выполнение бизнес-плана/Раскрыть список РаспредКомплекс в фильтре ДЗО' is clicked on

24-03-2025T11:54:22 - [MESSAGE][PASSED] - Object: 'Object Repository/Выполнение бизнес-плана/Раскрыть список РаспредКомплекс в фильтре ДЗО' is clicked on

24-03-2025T11:54:22 - [TEST_STEP][PASSED] - if (a == 28): Object: 'Object Repository/Выполнение бизнес-плана/Россети Волга' is clicked on

24-03-2025T11:54:22 - [TEST_STEP][PASSED] - scrollToElement(findTestObject("Общие объекты/Раскрыть список Россети Волга"), 30): Scroll to object 'Object Repository/Общие объекты/Раскрыть список Россети Волга' successfully

24-03-2025T11:54:23 - [MESSAGE][PASSED] - Scroll to object 'Object Repository/Общие объекты/Раскрыть список Россети Волга' successfully

24-03-2025T11:54:23 - [TEST_STEP][PASSED] - click(findTestObject("Выполнение бизнес-плана/Россети Волга")): Object: 'Object Repository/Выполнение бизнес-плана/Россети Волга' is clicked on

24-03-2025T11:54:23 - [MESSAGE][PASSED] - Object: 'Object Repository/Выполнение бизнес-плана/Россети Волга' is clicked on

24-03-2025T11:54:23 - [TEST_STEP][PASSED] - if (a == 77): null

24-03-2025T11:54:23 - [TEST_STEP][PASSED] - if (a == 74): null

24-03-2025T11:54:23 - [TEST_STEP][PASSED] - if (a == 65): null

24-03-2025T11:54:23 - [TEST_STEP][PASSED] - if (a == 36): null

24-03-2025T11:54:23 - [TEST_STEP][PASSED] - if (a == 44): null

24-03-2025T11:54:23 - [TEST_STEP][PASSED] - if (a == 54): null

24-03-2025T11:54:23 - [TEST_STEP][PASSED] - if (a == 1): null

24-03-2025T11:54:23 - [TEST_STEP][PASSED] - if (a == 18): null

24-03-2025T11:54:23 - [TEST_STEP][PASSED] - if (a == 59): null

24-03-2025T11:54:23 - [TEST_STEP][PASSED] - Script1718980020443.CloseFilter(): null

24-03-2025T11:54:23 - [TEST_STEP][PASSED] - scrollToElement(findTestObject("Выполнение бизнес-плана/Заголовок дашборда"), 30): Scroll to object 'Object Repository/Выполнение бизнес-плана/Заголовок дашборда' successfully

24-03-2025T11:54:23 - [MESSAGE][PASSED] - Scroll to object 'Object Repository/Выполнение бизнес-плана/Заголовок дашборда' successfully

24-03-2025T11:54:23 - [TEST_STEP][PASSED] - click(findTestObject("Object Repository/Выполнение бизнес-плана/Применить в фильтре ДЗО")): Object: 'Object Repository/Выполнение бизнес-плана/Применить в фильтре ДЗО' is clicked on

24-03-2025T11:54:24 - [MESSAGE][PASSED] - Object: 'Object Repository/Выполнение бизнес-плана/Применить в фильтре ДЗО' is clicked on

24-03-2025T11:54:24 - [TEST_STEP][PASSED] - delay(20): Delayed 20 second(s)

24-03-2025T11:54:44 - [MESSAGE][PASSED] - Delayed 20 second(s)

24-03-2025T11:54:44 - [TEST_STEP][PASSED] - Script1718980020443.ZakrytOpoveshenie(): null

24-03-2025T11:54:44 - [TEST_STEP][PASSED] - delay(10): Delayed 10 second(s)

24-03-2025T11:54:54 - [MESSAGE][PASSED] - Delayed 10 second(s)

24-03-2025T11:54:54 - [TEST_STEP][PASSED] - opoveshenie = getText(findTestObject("Выполнение бизнес-плана/Просьба обратить внимание")): Text of object 'Object Repository/Выполнение бизнес-плана/Просьба обратить внимание' is: ''

24-03-2025T11:54:54 - [MESSAGE][PASSED] - Text of object 'Object Repository/Выполнение бизнес-плана/Просьба обратить внимание' is: ''

24-03-2025T11:54:54 - [TEST_STEP][PASSED] - println(opoveshenie): null

24-03-2025T11:54:54 - [TEST_STEP][PASSED] - if (opoveshenie == "Просьба обратить внимание"): null

24-03-2025T11:54:54 - [TEST_STEP][PASSED] - page = getText(findTestObject("Object Repository/Выполнение бизнес-плана/Filials")): Text of object 'Object Repository/Выполнение бизнес-плана/Filials' is: 'Пензаэнерго
Самарские РС
Саратовские РС
Ульяновские РС
Чувашэнерго
0
10
20
30
40
50
60
70'

24-03-2025T11:54:55 - [MESSAGE][PASSED] - Text of object 'Object Repository/Выполнение бизнес-плана/Filials' is: 'Пензаэнерго
Самарские РС
Саратовские РС
Ульяновские РС
Чувашэнерго
0
10
20
30
40
50
60
70'

24-03-2025T11:54:55 - [TEST_STEP][PASSED] - println(page): null

24-03-2025T11:54:55 - [TEST_STEP][PASSED] - c = page.indexOf(reducedDZO): null

24-03-2025T11:54:55 - [TEST_STEP][PASSED] - if (c > -1): null

24-03-2025T11:54:55 - [TEST_STEP][PASSED] - x2 = getText(findTestObject("Выполнение бизнес-плана/Список ДЗО старый")): Text of object 'Object Repository/Выполнение бизнес-плана/Список ДЗО старый' is: 'Пензаэнерго
Самарские РС
Саратовские РС
Ульяновские РС
Чувашэнерго
0
10
20
30
40
50
60
70'

24-03-2025T11:54:55 - [MESSAGE][PASSED] - Text of object 'Object Repository/Выполнение бизнес-плана/Список ДЗО старый' is: 'Пензаэнерго
Самарские РС
Саратовские РС
Ульяновские РС
Чувашэнерго
0
10
20
30
40
50
60
70'

24-03-2025T11:54:55 - [TEST_STEP][PASSED] - if (a == 28): null

24-03-2025T11:54:55 - [TEST_STEP][PASSED] - dZO = "Мордовэнерго": null

24-03-2025T11:54:55 - [TEST_STEP][PASSED] - a = 29: null

24-03-2025T11:54:55 - [TEST_STEP][PASSED] - if (x2.contains(dZO)): null

24-03-2025T11:54:55 - [TEST_STEP][PASSED] - else: null

24-03-2025T11:54:55 - [TEST_STEP][PASSED] - Script1718980020443.NoData(a, typeOfData, todaysDate, fileInt, fileDouble, dZO): null

24-03-2025T11:54:55 - [TEST_STEP][PASSED] - println(a): null

24-03-2025T11:54:55 - [TEST_STEP][PASSED] - println(todaysDate): null

24-03-2025T11:54:55 - [TEST_STEP][PASSED] - println(fileInt): null

24-03-2025T11:54:55 - [TEST_STEP][PASSED] - println(fileDouble): null

24-03-2025T11:54:55 - [TEST_STEP][PASSED] - println(dZO): null

24-03-2025T11:54:55 - [TEST_STEP][PASSED] - typeOfData = "Факт Отпуск в сеть": null

24-03-2025T11:54:55 - [TEST_STEP][PASSED] - fileInt = replaceAll("\s+", "").toInteger(): null

24-03-2025T11:54:55 - [TEST_STEP][PASSED] - Script1718980020443.WriteToExcelNoData(a, typeOfData, todaysDate, fileInt, fileDouble, dZO): null

24-03-2025T11:54:55 - [TEST_STEP][PASSED] - sheetName = "Sheet1": null

24-03-2025T11:54:55 - [TEST_STEP][PASSED] - data = findTestData("PlanFact"): null

24-03-2025T11:54:55 - [TEST_STEP][PASSED] - n = data.getRowNumbers() + 1: null

24-03-2025T11:54:55 - [TEST_STEP][PASSED] - day = ")).toInteger(): null

24-03-2025T11:54:55 - [TEST_STEP][PASSED] - println(day): null

24-03-2025T11:54:55 - [TEST_STEP][PASSED] - month = ")).toInteger(): null

24-03-2025T11:54:55 - [TEST_STEP][PASSED] - println(month): null

24-03-2025T11:54:55 - [TEST_STEP][PASSED] - y = <not implemented yet for class: org.codehaus.groovy.ast.expr.EmptyExpression>: null

24-03-2025T11:54:55 - [TEST_STEP][PASSED] - iy = <not implemented yet for class: org.codehaus.groovy.ast.expr.EmptyExpression>: null

24-03-2025T11:54:55 - [TEST_STEP][PASSED] - m = getText(findTestObject("Выполнение бизнес-плана/Период")): Text of object 'Object Repository/Выполнение бизнес-плана/Период' is: 'Январь 2025 года'

24-03-2025T11:54:56 - [MESSAGE][PASSED] - Text of object 'Object Repository/Выполнение бизнес-плана/Период' is: 'Январь 2025 года'

24-03-2025T11:54:56 - [TEST_STEP][PASSED] - iy = m.indexOf("20"): null

24-03-2025T11:54:56 - [TEST_STEP][PASSED] - if (iy > -1): null

24-03-2025T11:54:56 - [TEST_STEP][PASSED] - y = substring(iy, iy + 4).toInteger(): null

24-03-2025T11:54:56 - [TEST_STEP][PASSED] - println(y): null

24-03-2025T11:54:56 - [TEST_STEP][PASSED] - if (toString().length() == 4): null

24-03-2025T11:54:56 - [TEST_STEP][PASSED] - m = m.substring(0, m.indexOf(y.toString())): null

24-03-2025T11:54:56 - [TEST_STEP][PASSED] - m = m.trim(): null

24-03-2025T11:54:56 - [TEST_STEP][PASSED] - if (m == ""): null

24-03-2025T11:54:56 - [TEST_STEP][PASSED] - dashboardName = "Выполнение бизнес-плана": null

24-03-2025T11:54:56 - [TEST_STEP][PASSED] - workbook01 = getWorkbook(excelFilePath): null

24-03-2025T11:54:56 - [TEST_STEP][PASSED] - sheet01 = getExcelSheet(workbook01, sheetName): null

24-03-2025T11:54:56 - [TEST_STEP][PASSED] - setValueToCellByIndex(sheet01, n, 0, dashboardName): null

24-03-2025T11:54:56 - [TEST_STEP][PASSED] - setValueToCellByIndex(sheet01, n, 1, dZO): null

24-03-2025T11:54:56 - [TEST_STEP][PASSED] - setValueToCellByIndex(sheet01, n, 2, typeOfData): null

24-03-2025T11:54:56 - [TEST_STEP][PASSED] - if (typeOfData == "Факт в процентах" || typeOfData == "План в процентах"): null

24-03-2025T11:54:56 - [TEST_STEP][PASSED] - else: null

24-03-2025T11:54:56 - [TEST_STEP][PASSED] - setValueToCellByIndex(sheet01, n, 3, fileInt): null

24-03-2025T11:54:56 - [TEST_STEP][PASSED] - setValueToCellByIndex(sheet01, n, 4, "нет данных"): null

24-03-2025T11:54:56 - [TEST_STEP][PASSED] - setValueToCellByIndex(sheet01, n, 5, m): null

24-03-2025T11:54:56 - [TEST_STEP][PASSED] - setValueToCellByIndex(sheet01, n, 6, y): null

24-03-2025T11:54:56 - [TEST_STEP][PASSED] - setValueToCellByIndex(sheet01, n, 7, todaysDate): null

24-03-2025T11:54:56 - [TEST_STEP][PASSED] - n = n + 1: null

24-03-2025T11:54:56 - [TEST_STEP][PASSED] - saveWorkbook(excelFilePath, workbook01): null

24-03-2025T11:54:56 - [TEST_STEP][PASSED] - typeOfData = "Факт Потери": null

24-03-2025T11:54:56 - [TEST_STEP][PASSED] - fileInt = replaceAll("\s+", "").toInteger(): null

24-03-2025T11:54:56 - [TEST_STEP][PASSED] - Script1718980020443.WriteToExcelNoData(a, typeOfData, todaysDate, fileInt, fileDouble, dZO): null

24-03-2025T11:54:56 - [TEST_STEP][PASSED] - sheetName = "Sheet1": null

24-03-2025T11:54:56 - [TEST_STEP][PASSED] - data = findTestData("PlanFact"): null

24-03-2025T11:54:56 - [TEST_STEP][PASSED] - n = data.getRowNumbers() + 1: null

24-03-2025T11:54:56 - [TEST_STEP][PASSED] - day = ")).toInteger(): null

24-03-2025T11:54:56 - [TEST_STEP][PASSED] - println(day): null

24-03-2025T11:54:56 - [TEST_STEP][PASSED] - month = ")).toInteger(): null

24-03-2025T11:54:56 - [TEST_STEP][PASSED] - println(month): null

24-03-2025T11:54:56 - [TEST_STEP][PASSED] - y = <not implemented yet for class: org.codehaus.groovy.ast.expr.EmptyExpression>: null

24-03-2025T11:54:56 - [TEST_STEP][PASSED] - iy = <not implemented yet for class: org.codehaus.groovy.ast.expr.EmptyExpression>: null

24-03-2025T11:54:56 - [TEST_STEP][PASSED] - m = getText(findTestObject("Выполнение бизнес-плана/Период")): Text of object 'Object Repository/Выполнение бизнес-плана/Период' is: 'Январь 2025 года'

24-03-2025T11:54:56 - [MESSAGE][PASSED] - Text of object 'Object Repository/Выполнение бизнес-плана/Период' is: 'Январь 2025 года'

24-03-2025T11:54:56 - [TEST_STEP][PASSED] - iy = m.indexOf("20"): null

24-03-2025T11:54:56 - [TEST_STEP][PASSED] - if (iy > -1): null

24-03-2025T11:54:56 - [TEST_STEP][PASSED] - y = substring(iy, iy + 4).toInteger(): null

24-03-2025T11:54:56 - [TEST_STEP][PASSED] - println(y): null

24-03-2025T11:54:56 - [TEST_STEP][PASSED] - if (toString().length() == 4): null

24-03-2025T11:54:56 - [TEST_STEP][PASSED] - m = m.substring(0, m.indexOf(y.toString())): null

24-03-2025T11:54:56 - [TEST_STEP][PASSED] - m = m.trim(): null

24-03-2025T11:54:56 - [TEST_STEP][PASSED] - if (m == ""): null

24-03-2025T11:54:56 - [TEST_STEP][PASSED] - dashboardName = "Выполнение бизнес-плана": null

24-03-2025T11:54:56 - [TEST_STEP][PASSED] - workbook01 = getWorkbook(excelFilePath): null

24-03-2025T11:54:56 - [TEST_STEP][PASSED] - sheet01 = getExcelSheet(workbook01, sheetName): null

24-03-2025T11:54:56 - [TEST_STEP][PASSED] - setValueToCellByIndex(sheet01, n, 0, dashboardName): null

24-03-2025T11:54:56 - [TEST_STEP][PASSED] - setValueToCellByIndex(sheet01, n, 1, dZO): null

24-03-2025T11:54:56 - [TEST_STEP][PASSED] - setValueToCellByIndex(sheet01, n, 2, typeOfData): null

24-03-2025T11:54:56 - [TEST_STEP][PASSED] - if (typeOfData == "Факт в процентах" || typeOfData == "План в процентах"): null

24-03-2025T11:54:56 - [TEST_STEP][PASSED] - else: null

24-03-2025T11:54:56 - [TEST_STEP][PASSED] - setValueToCellByIndex(sheet01, n, 3, fileInt): null

24-03-2025T11:54:56 - [TEST_STEP][PASSED] - setValueToCellByIndex(sheet01, n, 4, "нет данных"): null

24-03-2025T11:54:56 - [TEST_STEP][PASSED] - setValueToCellByIndex(sheet01, n, 5, m): null

24-03-2025T11:54:56 - [TEST_STEP][PASSED] - setValueToCellByIndex(sheet01, n, 6, y): null

24-03-2025T11:54:56 - [TEST_STEP][PASSED] - setValueToCellByIndex(sheet01, n, 7, todaysDate): null

24-03-2025T11:54:56 - [TEST_STEP][PASSED] - n = n + 1: null

24-03-2025T11:54:56 - [TEST_STEP][PASSED] - saveWorkbook(excelFilePath, workbook01): null

24-03-2025T11:54:57 - [TEST_STEP][PASSED] - typeOfData = "План Отпуск в сеть": null

24-03-2025T11:54:57 - [TEST_STEP][PASSED] - fileInt = replaceAll("\s+", "").toInteger(): null

24-03-2025T11:54:57 - [TEST_STEP][PASSED] - Script1718980020443.WriteToExcelNoData(a, typeOfData, todaysDate, fileInt, fileDouble, dZO): null

24-03-2025T11:54:57 - [TEST_STEP][PASSED] - sheetName = "Sheet1": null

24-03-2025T11:54:57 - [TEST_STEP][PASSED] - data = findTestData("PlanFact"): null

24-03-2025T11:54:57 - [TEST_STEP][PASSED] - n = data.getRowNumbers() + 1: null

24-03-2025T11:54:57 - [TEST_STEP][PASSED] - day = ")).toInteger(): null

24-03-2025T11:54:57 - [TEST_STEP][PASSED] - println(day): null

24-03-2025T11:54:57 - [TEST_STEP][PASSED] - month = ")).toInteger(): null

24-03-2025T11:54:57 - [TEST_STEP][PASSED] - println(month): null

24-03-2025T11:54:57 - [TEST_STEP][PASSED] - y = <not implemented yet for class: org.codehaus.groovy.ast.expr.EmptyExpression>: null

24-03-2025T11:54:57 - [TEST_STEP][PASSED] - iy = <not implemented yet for class: org.codehaus.groovy.ast.expr.EmptyExpression>: null

24-03-2025T11:54:57 - [TEST_STEP][PASSED] - m = getText(findTestObject("Выполнение бизнес-плана/Период")): Text of object 'Object Repository/Выполнение бизнес-плана/Период' is: 'Январь 2025 года'

24-03-2025T11:54:57 - [MESSAGE][PASSED] - Text of object 'Object Repository/Выполнение бизнес-плана/Период' is: 'Январь 2025 года'

24-03-2025T11:54:57 - [TEST_STEP][PASSED] - iy = m.indexOf("20"): null

24-03-2025T11:54:57 - [TEST_STEP][PASSED] - if (iy > -1): null

24-03-2025T11:54:57 - [TEST_STEP][PASSED] - y = substring(iy, iy + 4).toInteger(): null

24-03-2025T11:54:57 - [TEST_STEP][PASSED] - println(y): null

24-03-2025T11:54:57 - [TEST_STEP][PASSED] - if (toString().length() == 4): null

24-03-2025T11:54:57 - [TEST_STEP][PASSED] - m = m.substring(0, m.indexOf(y.toString())): null

24-03-2025T11:54:57 - [TEST_STEP][PASSED] - m = m.trim(): null

24-03-2025T11:54:57 - [TEST_STEP][PASSED] - if (m == ""): null

24-03-2025T11:54:57 - [TEST_STEP][PASSED] - dashboardName = "Выполнение бизнес-плана": null

24-03-2025T11:54:57 - [TEST_STEP][PASSED] - workbook01 = getWorkbook(excelFilePath): null

24-03-2025T11:54:57 - [TEST_STEP][PASSED] - sheet01 = getExcelSheet(workbook01, sheetName): null

24-03-2025T11:54:57 - [TEST_STEP][PASSED] - setValueToCellByIndex(sheet01, n, 0, dashboardName): null

24-03-2025T11:54:57 - [TEST_STEP][PASSED] - setValueToCellByIndex(sheet01, n, 1, dZO): null

24-03-2025T11:54:57 - [TEST_STEP][PASSED] - setValueToCellByIndex(sheet01, n, 2, typeOfData): null

24-03-2025T11:54:57 - [TEST_STEP][PASSED] - if (typeOfData == "Факт в процентах" || typeOfData == "План в процентах"): null

24-03-2025T11:54:57 - [TEST_STEP][PASSED] - else: null

24-03-2025T11:54:57 - [TEST_STEP][PASSED] - setValueToCellByIndex(sheet01, n, 3, fileInt): null

24-03-2025T11:54:57 - [TEST_STEP][PASSED] - setValueToCellByIndex(sheet01, n, 4, "нет данных"): null

24-03-2025T11:54:57 - [TEST_STEP][PASSED] - setValueToCellByIndex(sheet01, n, 5, m): null

24-03-2025T11:54:57 - [TEST_STEP][PASSED] - setValueToCellByIndex(sheet01, n, 6, y): null

24-03-2025T11:54:57 - [TEST_STEP][PASSED] - setValueToCellByIndex(sheet01, n, 7, todaysDate): null

24-03-2025T11:54:57 - [TEST_STEP][PASSED] - n = n + 1: null

24-03-2025T11:54:57 - [TEST_STEP][PASSED] - saveWorkbook(excelFilePath, workbook01): null

24-03-2025T11:54:57 - [TEST_STEP][PASSED] - typeOfData = "План Потери": null

24-03-2025T11:54:57 - [TEST_STEP][PASSED] - fileInt = replaceAll("\s+", "").toInteger(): null

24-03-2025T11:54:57 - [TEST_STEP][PASSED] - Script1718980020443.WriteToExcelNoData(a, typeOfData, todaysDate, fileInt, fileDouble, dZO): null

24-03-2025T11:54:57 - [TEST_STEP][PASSED] - sheetName = "Sheet1": null

24-03-2025T11:54:57 - [TEST_STEP][PASSED] - data = findTestData("PlanFact"): null

24-03-2025T11:54:57 - [TEST_STEP][PASSED] - n = data.getRowNumbers() + 1: null

24-03-2025T11:54:57 - [TEST_STEP][PASSED] - day = ")).toInteger(): null

24-03-2025T11:54:57 - [TEST_STEP][PASSED] - println(day): null

24-03-2025T11:54:57 - [TEST_STEP][PASSED] - month = ")).toInteger(): null

24-03-2025T11:54:57 - [TEST_STEP][PASSED] - println(month): null

24-03-2025T11:54:57 - [TEST_STEP][PASSED] - y = <not implemented yet for class: org.codehaus.groovy.ast.expr.EmptyExpression>: null

24-03-2025T11:54:57 - [TEST_STEP][PASSED] - iy = <not implemented yet for class: org.codehaus.groovy.ast.expr.EmptyExpression>: null

24-03-2025T11:54:57 - [TEST_STEP][PASSED] - m = getText(findTestObject("Выполнение бизнес-плана/Период")): Text of object 'Object Repository/Выполнение бизнес-плана/Период' is: 'Январь 2025 года'

24-03-2025T11:54:58 - [MESSAGE][PASSED] - Text of object 'Object Repository/Выполнение бизнес-плана/Период' is: 'Январь 2025 года'

24-03-2025T11:54:58 - [TEST_STEP][PASSED] - iy = m.indexOf("20"): null

24-03-2025T11:54:58 - [TEST_STEP][PASSED] - if (iy > -1): null

24-03-2025T11:54:58 - [TEST_STEP][PASSED] - y = substring(iy, iy + 4).toInteger(): null

24-03-2025T11:54:58 - [TEST_STEP][PASSED] - println(y): null

24-03-2025T11:54:58 - [TEST_STEP][PASSED] - if (toString().length() == 4): null

24-03-2025T11:54:58 - [TEST_STEP][PASSED] - m = m.substring(0, m.indexOf(y.toString())): null

24-03-2025T11:54:58 - [TEST_STEP][PASSED] - m = m.trim(): null

24-03-2025T11:54:58 - [TEST_STEP][PASSED] - if (m == ""): null

24-03-2025T11:54:58 - [TEST_STEP][PASSED] - dashboardName = "Выполнение бизнес-плана": null

24-03-2025T11:54:58 - [TEST_STEP][PASSED] - workbook01 = getWorkbook(excelFilePath): null

24-03-2025T11:54:58 - [TEST_STEP][PASSED] - sheet01 = getExcelSheet(workbook01, sheetName): null

24-03-2025T11:54:58 - [TEST_STEP][PASSED] - setValueToCellByIndex(sheet01, n, 0, dashboardName): null

24-03-2025T11:54:58 - [TEST_STEP][PASSED] - setValueToCellByIndex(sheet01, n, 1, dZO): null

24-03-2025T11:54:58 - [TEST_STEP][PASSED] - setValueToCellByIndex(sheet01, n, 2, typeOfData): null

24-03-2025T11:54:58 - [TEST_STEP][PASSED] - if (typeOfData == "Факт в процентах" || typeOfData == "План в процентах"): null

24-03-2025T11:54:58 - [TEST_STEP][PASSED] - else: null

24-03-2025T11:54:58 - [TEST_STEP][PASSED] - setValueToCellByIndex(sheet01, n, 3, fileInt): null

24-03-2025T11:54:58 - [TEST_STEP][PASSED] - setValueToCellByIndex(sheet01, n, 4, "нет данных"): null

24-03-2025T11:54:58 - [TEST_STEP][PASSED] - setValueToCellByIndex(sheet01, n, 5, m): null

24-03-2025T11:54:58 - [TEST_STEP][PASSED] - setValueToCellByIndex(sheet01, n, 6, y): null

24-03-2025T11:54:58 - [TEST_STEP][PASSED] - setValueToCellByIndex(sheet01, n, 7, todaysDate): null

24-03-2025T11:54:58 - [TEST_STEP][PASSED] - n = n + 1: null

24-03-2025T11:54:58 - [TEST_STEP][PASSED] - saveWorkbook(excelFilePath, workbook01): null

24-03-2025T11:54:58 - [TEST_STEP][PASSED] - typeOfData = "План в процентах": null

24-03-2025T11:54:58 - [TEST_STEP][PASSED] - fileDouble = ").toDouble(): null

24-03-2025T11:54:58 - [TEST_STEP][PASSED] - Script1718980020443.WriteToExcelNoData(a, typeOfData, todaysDate, fileInt, fileDouble, dZO): null

24-03-2025T11:54:58 - [TEST_STEP][PASSED] - sheetName = "Sheet1": null

24-03-2025T11:54:58 - [TEST_STEP][PASSED] - data = findTestData("PlanFact"): null

24-03-2025T11:54:58 - [TEST_STEP][PASSED] - n = data.getRowNumbers() + 1: null

24-03-2025T11:54:58 - [TEST_STEP][PASSED] - day = ")).toInteger(): null

24-03-2025T11:54:58 - [TEST_STEP][PASSED] - println(day): null

24-03-2025T11:54:58 - [TEST_STEP][PASSED] - month = ")).toInteger(): null

24-03-2025T11:54:58 - [TEST_STEP][PASSED] - println(month): null

24-03-2025T11:54:58 - [TEST_STEP][PASSED] - y = <not implemented yet for class: org.codehaus.groovy.ast.expr.EmptyExpression>: null

24-03-2025T11:54:58 - [TEST_STEP][PASSED] - iy = <not implemented yet for class: org.codehaus.groovy.ast.expr.EmptyExpression>: null

24-03-2025T11:54:58 - [TEST_STEP][PASSED] - m = getText(findTestObject("Выполнение бизнес-плана/Период")): Text of object 'Object Repository/Выполнение бизнес-плана/Период' is: 'Январь 2025 года'

24-03-2025T11:54:58 - [MESSAGE][PASSED] - Text of object 'Object Repository/Выполнение бизнес-плана/Период' is: 'Январь 2025 года'

24-03-2025T11:54:58 - [TEST_STEP][PASSED] - iy = m.indexOf("20"): null

24-03-2025T11:54:58 - [TEST_STEP][PASSED] - if (iy > -1): null

24-03-2025T11:54:58 - [TEST_STEP][PASSED] - y = substring(iy, iy + 4).toInteger(): null

24-03-2025T11:54:58 - [TEST_STEP][PASSED] - println(y): null

24-03-2025T11:54:58 - [TEST_STEP][PASSED] - if (toString().length() == 4): null

24-03-2025T11:54:58 - [TEST_STEP][PASSED] - m = m.substring(0, m.indexOf(y.toString())): null

24-03-2025T11:54:58 - [TEST_STEP][PASSED] - m = m.trim(): null

24-03-2025T11:54:58 - [TEST_STEP][PASSED] - if (m == ""): null

24-03-2025T11:54:58 - [TEST_STEP][PASSED] - dashboardName = "Выполнение бизнес-плана": null

24-03-2025T11:54:58 - [TEST_STEP][PASSED] - workbook01 = getWorkbook(excelFilePath): null

24-03-2025T11:54:59 - [TEST_STEP][PASSED] - sheet01 = getExcelSheet(workbook01, sheetName): null

24-03-2025T11:54:59 - [TEST_STEP][PASSED] - setValueToCellByIndex(sheet01, n, 0, dashboardName): null

24-03-2025T11:54:59 - [TEST_STEP][PASSED] - setValueToCellByIndex(sheet01, n, 1, dZO): null

24-03-2025T11:54:59 - [TEST_STEP][PASSED] - setValueToCellByIndex(sheet01, n, 2, typeOfData): null

24-03-2025T11:54:59 - [TEST_STEP][PASSED] - if (typeOfData == "Факт в процентах" || typeOfData == "План в процентах"): null

24-03-2025T11:54:59 - [TEST_STEP][PASSED] - setValueToCellByIndex(sheet01, n, 3, fileDouble): null

24-03-2025T11:54:59 - [TEST_STEP][PASSED] - setValueToCellByIndex(sheet01, n, 4, "нет данных"): null

24-03-2025T11:54:59 - [TEST_STEP][PASSED] - setValueToCellByIndex(sheet01, n, 5, m): null

24-03-2025T11:54:59 - [TEST_STEP][PASSED] - setValueToCellByIndex(sheet01, n, 6, y): null

24-03-2025T11:54:59 - [TEST_STEP][PASSED] - setValueToCellByIndex(sheet01, n, 7, todaysDate): null

24-03-2025T11:54:59 - [TEST_STEP][PASSED] - n = n + 1: null

24-03-2025T11:54:59 - [TEST_STEP][PASSED] - saveWorkbook(excelFilePath, workbook01): null

24-03-2025T11:54:59 - [TEST_STEP][PASSED] - typeOfData = "Факт в процентах": null

24-03-2025T11:54:59 - [TEST_STEP][PASSED] - fileDouble = ").toDouble(): null

24-03-2025T11:54:59 - [TEST_STEP][PASSED] - Script1718980020443.WriteToExcelNoData(a, typeOfData, todaysDate, fileInt, fileDouble, dZO): null

24-03-2025T11:54:59 - [TEST_STEP][PASSED] - sheetName = "Sheet1": null

24-03-2025T11:54:59 - [TEST_STEP][PASSED] - data = findTestData("PlanFact"): null

24-03-2025T11:54:59 - [TEST_STEP][PASSED] - n = data.getRowNumbers() + 1: null

24-03-2025T11:54:59 - [TEST_STEP][PASSED] - day = ")).toInteger(): null

24-03-2025T11:54:59 - [TEST_STEP][PASSED] - println(day): null

24-03-2025T11:54:59 - [TEST_STEP][PASSED] - month = ")).toInteger(): null

24-03-2025T11:54:59 - [TEST_STEP][PASSED] - println(month): null

24-03-2025T11:54:59 - [TEST_STEP][PASSED] - y = <not implemented yet for class: org.codehaus.groovy.ast.expr.EmptyExpression>: null

24-03-2025T11:54:59 - [TEST_STEP][PASSED] - iy = <not implemented yet for class: org.codehaus.groovy.ast.expr.EmptyExpression>: null

24-03-2025T11:54:59 - [TEST_STEP][PASSED] - m = getText(findTestObject("Выполнение бизнес-плана/Период")): Text of object 'Object Repository/Выполнение бизнес-плана/Период' is: 'Январь 2025 года'

24-03-2025T11:54:59 - [MESSAGE][PASSED] - Text of object 'Object Repository/Выполнение бизнес-плана/Период' is: 'Январь 2025 года'

24-03-2025T11:54:59 - [TEST_STEP][PASSED] - iy = m.indexOf("20"): null

24-03-2025T11:54:59 - [TEST_STEP][PASSED] - if (iy > -1): null

24-03-2025T11:54:59 - [TEST_STEP][PASSED] - y = substring(iy, iy + 4).toInteger(): null

24-03-2025T11:54:59 - [TEST_STEP][PASSED] - println(y): null

24-03-2025T11:54:59 - [TEST_STEP][PASSED] - if (toString().length() == 4): null

24-03-2025T11:54:59 - [TEST_STEP][PASSED] - m = m.substring(0, m.indexOf(y.toString())): null

24-03-2025T11:54:59 - [TEST_STEP][PASSED] - m = m.trim(): null

24-03-2025T11:54:59 - [TEST_STEP][PASSED] - if (m == ""): null

24-03-2025T11:54:59 - [TEST_STEP][PASSED] - dashboardName = "Выполнение бизнес-плана": null

24-03-2025T11:54:59 - [TEST_STEP][PASSED] - workbook01 = getWorkbook(excelFilePath): null

24-03-2025T11:54:59 - [TEST_STEP][PASSED] - sheet01 = getExcelSheet(workbook01, sheetName): null

24-03-2025T11:54:59 - [TEST_STEP][PASSED] - setValueToCellByIndex(sheet01, n, 0, dashboardName): null

24-03-2025T11:54:59 - [TEST_STEP][PASSED] - setValueToCellByIndex(sheet01, n, 1, dZO): null

24-03-2025T11:54:59 - [TEST_STEP][PASSED] - setValueToCellByIndex(sheet01, n, 2, typeOfData): null

24-03-2025T11:54:59 - [TEST_STEP][PASSED] - if (typeOfData == "Факт в процентах" || typeOfData == "План в процентах"): null

24-03-2025T11:54:59 - [TEST_STEP][PASSED] - setValueToCellByIndex(sheet01, n, 3, fileDouble): null

24-03-2025T11:54:59 - [TEST_STEP][PASSED] - setValueToCellByIndex(sheet01, n, 4, "нет данных"): null

24-03-2025T11:54:59 - [TEST_STEP][PASSED] - setValueToCellByIndex(sheet01, n, 5, m): null

24-03-2025T11:54:59 - [TEST_STEP][PASSED] - setValueToCellByIndex(sheet01, n, 6, y): null

24-03-2025T11:54:59 - [TEST_STEP][PASSED] - setValueToCellByIndex(sheet01, n, 7, todaysDate): null

24-03-2025T11:54:59 - [TEST_STEP][PASSED] - n = n + 1: null

24-03-2025T11:54:59 - [TEST_STEP][PASSED] - saveWorkbook(excelFilePath, workbook01): null

24-03-2025T11:55:00 - [TEST_STEP][PASSED] - dZO = "Оренбургэнерго": null

24-03-2025T11:55:00 - [TEST_STEP][PASSED] - a = 30: null

24-03-2025T11:55:00 - [TEST_STEP][PASSED] - if (x2.contains(dZO)): null

24-03-2025T11:55:00 - [TEST_STEP][PASSED] - else: null

24-03-2025T11:55:00 - [TEST_STEP][PASSED] - Script1718980020443.NoData(a, typeOfData, todaysDate, fileInt, fileDouble, dZO): null

24-03-2025T11:55:00 - [TEST_STEP][PASSED] - println(a): null

24-03-2025T11:55:00 - [TEST_STEP][PASSED] - println(todaysDate): null

24-03-2025T11:55:00 - [TEST_STEP][PASSED] - println(fileInt): null

24-03-2025T11:55:00 - [TEST_STEP][PASSED] - println(fileDouble): null

24-03-2025T11:55:00 - [TEST_STEP][PASSED] - println(dZO): null

24-03-2025T11:55:00 - [TEST_STEP][PASSED] - typeOfData = "Факт Отпуск в сеть": null

24-03-2025T11:55:00 - [TEST_STEP][PASSED] - fileInt = replaceAll("\s+", "").toInteger(): null

24-03-2025T11:55:00 - [TEST_STEP][PASSED] - Script1718980020443.WriteToExcelNoData(a, typeOfData, todaysDate, fileInt, fileDouble, dZO): null

24-03-2025T11:55:00 - [TEST_STEP][PASSED] - sheetName = "Sheet1": null

24-03-2025T11:55:00 - [TEST_STEP][PASSED] - data = findTestData("PlanFact"): null

24-03-2025T11:55:00 - [TEST_STEP][PASSED] - n = data.getRowNumbers() + 1: null

24-03-2025T11:55:00 - [TEST_STEP][PASSED] - day = ")).toInteger(): null

24-03-2025T11:55:00 - [TEST_STEP][PASSED] - println(day): null

24-03-2025T11:55:00 - [TEST_STEP][PASSED] - month = ")).toInteger(): null

24-03-2025T11:55:00 - [TEST_STEP][PASSED] - println(month): null

24-03-2025T11:55:00 - [TEST_STEP][PASSED] - y = <not implemented yet for class: org.codehaus.groovy.ast.expr.EmptyExpression>: null

24-03-2025T11:55:00 - [TEST_STEP][PASSED] - iy = <not implemented yet for class: org.codehaus.groovy.ast.expr.EmptyExpression>: null

24-03-2025T11:55:00 - [TEST_STEP][PASSED] - m = getText(findTestObject("Выполнение бизнес-плана/Период")): Text of object 'Object Repository/Выполнение бизнес-плана/Период' is: 'Январь 2025 года'

24-03-2025T11:55:00 - [MESSAGE][PASSED] - Text of object 'Object Repository/Выполнение бизнес-плана/Период' is: 'Январь 2025 года'

24-03-2025T11:55:00 - [TEST_STEP][PASSED] - iy = m.indexOf("20"): null

24-03-2025T11:55:00 - [TEST_STEP][PASSED] - if (iy > -1): null

24-03-2025T11:55:00 - [TEST_STEP][PASSED] - y = substring(iy, iy + 4).toInteger(): null

24-03-2025T11:55:00 - [TEST_STEP][PASSED] - println(y): null

24-03-2025T11:55:00 - [TEST_STEP][PASSED] - if (toString().length() == 4): null

24-03-2025T11:55:00 - [TEST_STEP][PASSED] - m = m.substring(0, m.indexOf(y.toString())): null

24-03-2025T11:55:00 - [TEST_STEP][PASSED] - m = m.trim(): null

24-03-2025T11:55:00 - [TEST_STEP][PASSED] - if (m == ""): null

24-03-2025T11:55:00 - [TEST_STEP][PASSED] - dashboardName = "Выполнение бизнес-плана": null

24-03-2025T11:55:00 - [TEST_STEP][PASSED] - workbook01 = getWorkbook(excelFilePath): null

24-03-2025T11:55:00 - [TEST_STEP][PASSED] - sheet01 = getExcelSheet(workbook01, sheetName): null

24-03-2025T11:55:00 - [TEST_STEP][PASSED] - setValueToCellByIndex(sheet01, n, 0, dashboardName): null

24-03-2025T11:55:00 - [TEST_STEP][PASSED] - setValueToCellByIndex(sheet01, n, 1, dZO): null

24-03-2025T11:55:00 - [TEST_STEP][PASSED] - setValueToCellByIndex(sheet01, n, 2, typeOfData): null

24-03-2025T11:55:00 - [TEST_STEP][PASSED] - if (typeOfData == "Факт в процентах" || typeOfData == "План в процентах"): null

24-03-2025T11:55:00 - [TEST_STEP][PASSED] - else: null

24-03-2025T11:55:00 - [TEST_STEP][PASSED] - setValueToCellByIndex(sheet01, n, 3, fileInt): null

24-03-2025T11:55:00 - [TEST_STEP][PASSED] - setValueToCellByIndex(sheet01, n, 4, "нет данных"): null

24-03-2025T11:55:00 - [TEST_STEP][PASSED] - setValueToCellByIndex(sheet01, n, 5, m): null

24-03-2025T11:55:00 - [TEST_STEP][PASSED] - setValueToCellByIndex(sheet01, n, 6, y): null

24-03-2025T11:55:00 - [TEST_STEP][PASSED] - setValueToCellByIndex(sheet01, n, 7, todaysDate): null

24-03-2025T11:55:00 - [TEST_STEP][PASSED] - n = n + 1: null

24-03-2025T11:55:00 - [TEST_STEP][PASSED] - saveWorkbook(excelFilePath, workbook01): null

24-03-2025T11:55:00 - [TEST_STEP][PASSED] - typeOfData = "Факт Потери": null

24-03-2025T11:55:00 - [TEST_STEP][PASSED] - fileInt = replaceAll("\s+", "").toInteger(): null

24-03-2025T11:55:00 - [TEST_STEP][PASSED] - Script1718980020443.WriteToExcelNoData(a, typeOfData, todaysDate, fileInt, fileDouble, dZO): null

24-03-2025T11:55:00 - [TEST_STEP][PASSED] - sheetName = "Sheet1": null

24-03-2025T11:55:00 - [TEST_STEP][PASSED] - data = findTestData("PlanFact"): null

24-03-2025T11:55:00 - [TEST_STEP][PASSED] - n = data.getRowNumbers() + 1: null

24-03-2025T11:55:00 - [TEST_STEP][PASSED] - day = ")).toInteger(): null

24-03-2025T11:55:00 - [TEST_STEP][PASSED] - println(day): null

24-03-2025T11:55:00 - [TEST_STEP][PASSED] - month = ")).toInteger(): null

24-03-2025T11:55:00 - [TEST_STEP][PASSED] - println(month): null

24-03-2025T11:55:00 - [TEST_STEP][PASSED] - y = <not implemented yet for class: org.codehaus.groovy.ast.expr.EmptyExpression>: null

24-03-2025T11:55:00 - [TEST_STEP][PASSED] - iy = <not implemented yet for class: org.codehaus.groovy.ast.expr.EmptyExpression>: null

24-03-2025T11:55:00 - [TEST_STEP][PASSED] - m = getText(findTestObject("Выполнение бизнес-плана/Период")): Text of object 'Object Repository/Выполнение бизнес-плана/Период' is: 'Январь 2025 года'

24-03-2025T11:55:01 - [MESSAGE][PASSED] - Text of object 'Object Repository/Выполнение бизнес-плана/Период' is: 'Январь 2025 года'

24-03-2025T11:55:01 - [TEST_STEP][PASSED] - iy = m.indexOf("20"): null

24-03-2025T11:55:01 - [TEST_STEP][PASSED] - if (iy > -1): null

24-03-2025T11:55:01 - [TEST_STEP][PASSED] - y = substring(iy, iy + 4).toInteger(): null

24-03-2025T11:55:01 - [TEST_STEP][PASSED] - println(y): null

24-03-2025T11:55:01 - [TEST_STEP][PASSED] - if (toString().length() == 4): null

24-03-2025T11:55:01 - [TEST_STEP][PASSED] - m = m.substring(0, m.indexOf(y.toString())): null

24-03-2025T11:55:01 - [TEST_STEP][PASSED] - m = m.trim(): null

24-03-2025T11:55:01 - [TEST_STEP][PASSED] - if (m == ""): null

24-03-2025T11:55:01 - [TEST_STEP][PASSED] - dashboardName = "Выполнение бизнес-плана": null

24-03-2025T11:55:01 - [TEST_STEP][PASSED] - workbook01 = getWorkbook(excelFilePath): null

24-03-2025T11:55:01 - [TEST_STEP][PASSED] - sheet01 = getExcelSheet(workbook01, sheetName): null

24-03-2025T11:55:01 - [TEST_STEP][PASSED] - setValueToCellByIndex(sheet01, n, 0, dashboardName): null

24-03-2025T11:55:01 - [TEST_STEP][PASSED] - setValueToCellByIndex(sheet01, n, 1, dZO): null

24-03-2025T11:55:01 - [TEST_STEP][PASSED] - setValueToCellByIndex(sheet01, n, 2, typeOfData): null

24-03-2025T11:55:01 - [TEST_STEP][PASSED] - if (typeOfData == "Факт в процентах" || typeOfData == "План в процентах"): null

24-03-2025T11:55:01 - [TEST_STEP][PASSED] - else: null

24-03-2025T11:55:01 - [TEST_STEP][PASSED] - setValueToCellByIndex(sheet01, n, 3, fileInt): null

24-03-2025T11:55:01 - [TEST_STEP][PASSED] - setValueToCellByIndex(sheet01, n, 4, "нет данных"): null

24-03-2025T11:55:01 - [TEST_STEP][PASSED] - setValueToCellByIndex(sheet01, n, 5, m): null

24-03-2025T11:55:01 - [TEST_STEP][PASSED] - setValueToCellByIndex(sheet01, n, 6, y): null

24-03-2025T11:55:01 - [TEST_STEP][PASSED] - setValueToCellByIndex(sheet01, n, 7, todaysDate): null

24-03-2025T11:55:01 - [TEST_STEP][PASSED] - n = n + 1: null

24-03-2025T11:55:01 - [TEST_STEP][PASSED] - saveWorkbook(excelFilePath, workbook01): null

24-03-2025T11:55:01 - [TEST_STEP][PASSED] - typeOfData = "План Отпуск в сеть": null

24-03-2025T11:55:01 - [TEST_STEP][PASSED] - fileInt = replaceAll("\s+", "").toInteger(): null

24-03-2025T11:55:01 - [TEST_STEP][PASSED] - Script1718980020443.WriteToExcelNoData(a, typeOfData, todaysDate, fileInt, fileDouble, dZO): null

24-03-2025T11:55:01 - [TEST_STEP][PASSED] - sheetName = "Sheet1": null

24-03-2025T11:55:01 - [TEST_STEP][PASSED] - data = findTestData("PlanFact"): null

24-03-2025T11:55:01 - [TEST_STEP][PASSED] - n = data.getRowNumbers() + 1: null

24-03-2025T11:55:01 - [TEST_STEP][PASSED] - day = ")).toInteger(): null

24-03-2025T11:55:01 - [TEST_STEP][PASSED] - println(day): null

24-03-2025T11:55:01 - [TEST_STEP][PASSED] - month = ")).toInteger(): null

24-03-2025T11:55:01 - [TEST_STEP][PASSED] - println(month): null

24-03-2025T11:55:01 - [TEST_STEP][PASSED] - y = <not implemented yet for class: org.codehaus.groovy.ast.expr.EmptyExpression>: null

24-03-2025T11:55:01 - [TEST_STEP][PASSED] - iy = <not implemented yet for class: org.codehaus.groovy.ast.expr.EmptyExpression>: null

24-03-2025T11:55:01 - [TEST_STEP][PASSED] - m = getText(findTestObject("Выполнение бизнес-плана/Период")): Text of object 'Object Repository/Выполнение бизнес-плана/Период' is: 'Январь 2025 года'

24-03-2025T11:55:01 - [MESSAGE][PASSED] - Text of object 'Object Repository/Выполнение бизнес-плана/Период' is: 'Январь 2025 года'

24-03-2025T11:55:01 - [TEST_STEP][PASSED] - iy = m.indexOf("20"): null

24-03-2025T11:55:01 - [TEST_STEP][PASSED] - if (iy > -1): null

24-03-2025T11:55:01 - [TEST_STEP][PASSED] - y = substring(iy, iy + 4).toInteger(): null

24-03-2025T11:55:01 - [TEST_STEP][PASSED] - println(y): null

24-03-2025T11:55:01 - [TEST_STEP][PASSED] - if (toString().length() == 4): null

24-03-2025T11:55:01 - [TEST_STEP][PASSED] - m = m.substring(0, m.indexOf(y.toString())): null

24-03-2025T11:55:01 - [TEST_STEP][PASSED] - m = m.trim(): null

24-03-2025T11:55:01 - [TEST_STEP][PASSED] - if (m == ""): null

24-03-2025T11:55:01 - [TEST_STEP][PASSED] - dashboardName = "Выполнение бизнес-плана": null

24-03-2025T11:55:01 - [TEST_STEP][PASSED] - workbook01 = getWorkbook(excelFilePath): null

24-03-2025T11:55:01 - [TEST_STEP][PASSED] - sheet01 = getExcelSheet(workbook01, sheetName): null

24-03-2025T11:55:01 - [TEST_STEP][PASSED] - setValueToCellByIndex(sheet01, n, 0, dashboardName): null

24-03-2025T11:55:01 - [TEST_STEP][PASSED] - setValueToCellByIndex(sheet01, n, 1, dZO): null

24-03-2025T11:55:01 - [TEST_STEP][PASSED] - setValueToCellByIndex(sheet01, n, 2, typeOfData): null

24-03-2025T11:55:01 - [TEST_STEP][PASSED] - if (typeOfData == "Факт в процентах" || typeOfData == "План в процентах"): null

24-03-2025T11:55:01 - [TEST_STEP][PASSED] - else: null

24-03-2025T11:55:01 - [TEST_STEP][PASSED] - setValueToCellByIndex(sheet01, n, 3, fileInt): null

24-03-2025T11:55:01 - [TEST_STEP][PASSED] - setValueToCellByIndex(sheet01, n, 4, "нет данных"): null

24-03-2025T11:55:01 - [TEST_STEP][PASSED] - setValueToCellByIndex(sheet01, n, 5, m): null

24-03-2025T11:55:01 - [TEST_STEP][PASSED] - setValueToCellByIndex(sheet01, n, 6, y): null

24-03-2025T11:55:01 - [TEST_STEP][PASSED] - setValueToCellByIndex(sheet01, n, 7, todaysDate): null

24-03-2025T11:55:01 - [TEST_STEP][PASSED] - n = n + 1: null

24-03-2025T11:55:01 - [TEST_STEP][PASSED] - saveWorkbook(excelFilePath, workbook01): null

24-03-2025T11:55:02 - [TEST_STEP][PASSED] - typeOfData = "План Потери": null

24-03-2025T11:55:02 - [TEST_STEP][PASSED] - fileInt = replaceAll("\s+", "").toInteger(): null

24-03-2025T11:55:02 - [TEST_STEP][PASSED] - Script1718980020443.WriteToExcelNoData(a, typeOfData, todaysDate, fileInt, fileDouble, dZO): null

24-03-2025T11:55:02 - [TEST_STEP][PASSED] - sheetName = "Sheet1": null

24-03-2025T11:55:02 - [TEST_STEP][PASSED] - data = findTestData("PlanFact"): null

24-03-2025T11:55:02 - [TEST_STEP][PASSED] - n = data.getRowNumbers() + 1: null

24-03-2025T11:55:02 - [TEST_STEP][PASSED] - day = ")).toInteger(): null

24-03-2025T11:55:02 - [TEST_STEP][PASSED] - println(day): null

24-03-2025T11:55:02 - [TEST_STEP][PASSED] - month = ")).toInteger(): null

24-03-2025T11:55:02 - [TEST_STEP][PASSED] - println(month): null

24-03-2025T11:55:02 - [TEST_STEP][PASSED] - y = <not implemented yet for class: org.codehaus.groovy.ast.expr.EmptyExpression>: null

24-03-2025T11:55:02 - [TEST_STEP][PASSED] - iy = <not implemented yet for class: org.codehaus.groovy.ast.expr.EmptyExpression>: null

24-03-2025T11:55:02 - [TEST_STEP][PASSED] - m = getText(findTestObject("Выполнение бизнес-плана/Период")): Text of object 'Object Repository/Выполнение бизнес-плана/Период' is: 'Январь 2025 года'

24-03-2025T11:55:02 - [MESSAGE][PASSED] - Text of object 'Object Repository/Выполнение бизнес-плана/Период' is: 'Январь 2025 года'

24-03-2025T11:55:02 - [TEST_STEP][PASSED] - iy = m.indexOf("20"): null

24-03-2025T11:55:02 - [TEST_STEP][PASSED] - if (iy > -1): null

24-03-2025T11:55:02 - [TEST_STEP][PASSED] - y = substring(iy, iy + 4).toInteger(): null

24-03-2025T11:55:02 - [TEST_STEP][PASSED] - println(y): null

24-03-2025T11:55:02 - [TEST_STEP][PASSED] - if (toString().length() == 4): null

24-03-2025T11:55:02 - [TEST_STEP][PASSED] - m = m.substring(0, m.indexOf(y.toString())): null

24-03-2025T11:55:02 - [TEST_STEP][PASSED] - m = m.trim(): null

24-03-2025T11:55:02 - [TEST_STEP][PASSED] - if (m == ""): null

24-03-2025T11:55:02 - [TEST_STEP][PASSED] - dashboardName = "Выполнение бизнес-плана": null

24-03-2025T11:55:02 - [TEST_STEP][PASSED] - workbook01 = getWorkbook(excelFilePath): null

24-03-2025T11:55:02 - [TEST_STEP][PASSED] - sheet01 = getExcelSheet(workbook01, sheetName): null

24-03-2025T11:55:02 - [TEST_STEP][PASSED] - setValueToCellByIndex(sheet01, n, 0, dashboardName): null

24-03-2025T11:55:02 - [TEST_STEP][PASSED] - setValueToCellByIndex(sheet01, n, 1, dZO): null

24-03-2025T11:55:02 - [TEST_STEP][PASSED] - setValueToCellByIndex(sheet01, n, 2, typeOfData): null

24-03-2025T11:55:02 - [TEST_STEP][PASSED] - if (typeOfData == "Факт в процентах" || typeOfData == "План в процентах"): null

24-03-2025T11:55:02 - [TEST_STEP][PASSED] - else: null

24-03-2025T11:55:02 - [TEST_STEP][PASSED] - setValueToCellByIndex(sheet01, n, 3, fileInt): null

24-03-2025T11:55:02 - [TEST_STEP][PASSED] - setValueToCellByIndex(sheet01, n, 4, "нет данных"): null

24-03-2025T11:55:02 - [TEST_STEP][PASSED] - setValueToCellByIndex(sheet01, n, 5, m): null

24-03-2025T11:55:02 - [TEST_STEP][PASSED] - setValueToCellByIndex(sheet01, n, 6, y): null

24-03-2025T11:55:02 - [TEST_STEP][PASSED] - setValueToCellByIndex(sheet01, n, 7, todaysDate): null

24-03-2025T11:55:02 - [TEST_STEP][PASSED] - n = n + 1: null

24-03-2025T11:55:02 - [TEST_STEP][PASSED] - saveWorkbook(excelFilePath, workbook01): null

24-03-2025T11:55:02 - [TEST_STEP][PASSED] - typeOfData = "План в процентах": null

24-03-2025T11:55:02 - [TEST_STEP][PASSED] - fileDouble = ").toDouble(): null

24-03-2025T11:55:02 - [TEST_STEP][PASSED] - Script1718980020443.WriteToExcelNoData(a, typeOfData, todaysDate, fileInt, fileDouble, dZO): null

24-03-2025T11:55:02 - [TEST_STEP][PASSED] - sheetName = "Sheet1": null

24-03-2025T11:55:02 - [TEST_STEP][PASSED] - data = findTestData("PlanFact"): null

24-03-2025T11:55:03 - [TEST_STEP][PASSED] - n = data.getRowNumbers() + 1: null

24-03-2025T11:55:03 - [TEST_STEP][PASSED] - day = ")).toInteger(): null

24-03-2025T11:55:03 - [TEST_STEP][PASSED] - println(day): null

24-03-2025T11:55:03 - [TEST_STEP][PASSED] - month = ")).toInteger(): null

24-03-2025T11:55:03 - [TEST_STEP][PASSED] - println(month): null

24-03-2025T11:55:03 - [TEST_STEP][PASSED] - y = <not implemented yet for class: org.codehaus.groovy.ast.expr.EmptyExpression>: null

24-03-2025T11:55:03 - [TEST_STEP][PASSED] - iy = <not implemented yet for class: org.codehaus.groovy.ast.expr.EmptyExpression>: null

24-03-2025T11:55:03 - [TEST_STEP][PASSED] - m = getText(findTestObject("Выполнение бизнес-плана/Период")): Text of object 'Object Repository/Выполнение бизнес-плана/Период' is: 'Январь 2025 года'

24-03-2025T11:55:03 - [MESSAGE][PASSED] - Text of object 'Object Repository/Выполнение бизнес-плана/Период' is: 'Январь 2025 года'

24-03-2025T11:55:03 - [TEST_STEP][PASSED] - iy = m.indexOf("20"): null

24-03-2025T11:55:03 - [TEST_STEP][PASSED] - if (iy > -1): null

24-03-2025T11:55:03 - [TEST_STEP][PASSED] - y = substring(iy, iy + 4).toInteger(): null

24-03-2025T11:55:03 - [TEST_STEP][PASSED] - println(y): null

24-03-2025T11:55:03 - [TEST_STEP][PASSED] - if (toString().length() == 4): null

24-03-2025T11:55:03 - [TEST_STEP][PASSED] - m = m.substring(0, m.indexOf(y.toString())): null

24-03-2025T11:55:03 - [TEST_STEP][PASSED] - m = m.trim(): null

24-03-2025T11:55:03 - [TEST_STEP][PASSED] - if (m == ""): null

24-03-2025T11:55:03 - [TEST_STEP][PASSED] - dashboardName = "Выполнение бизнес-плана": null

24-03-2025T11:55:03 - [TEST_STEP][PASSED] - workbook01 = getWorkbook(excelFilePath): null

24-03-2025T11:55:03 - [TEST_STEP][PASSED] - sheet01 = getExcelSheet(workbook01, sheetName): null

24-03-2025T11:55:03 - [TEST_STEP][PASSED] - setValueToCellByIndex(sheet01, n, 0, dashboardName): null

24-03-2025T11:55:03 - [TEST_STEP][PASSED] - setValueToCellByIndex(sheet01, n, 1, dZO): null

24-03-2025T11:55:03 - [TEST_STEP][PASSED] - setValueToCellByIndex(sheet01, n, 2, typeOfData): null

24-03-2025T11:55:03 - [TEST_STEP][PASSED] - if (typeOfData == "Факт в процентах" || typeOfData == "План в процентах"): null

24-03-2025T11:55:03 - [TEST_STEP][PASSED] - setValueToCellByIndex(sheet01, n, 3, fileDouble): null

24-03-2025T11:55:03 - [TEST_STEP][PASSED] - setValueToCellByIndex(sheet01, n, 4, "нет данных"): null

24-03-2025T11:55:03 - [TEST_STEP][PASSED] - setValueToCellByIndex(sheet01, n, 5, m): null

24-03-2025T11:55:03 - [TEST_STEP][PASSED] - setValueToCellByIndex(sheet01, n, 6, y): null

24-03-2025T11:55:03 - [TEST_STEP][PASSED] - setValueToCellByIndex(sheet01, n, 7, todaysDate): null

24-03-2025T11:55:03 - [TEST_STEP][PASSED] - n = n + 1: null

24-03-2025T11:55:03 - [TEST_STEP][PASSED] - saveWorkbook(excelFilePath, workbook01): null

24-03-2025T11:55:03 - [TEST_STEP][PASSED] - typeOfData = "Факт в процентах": null

24-03-2025T11:55:03 - [TEST_STEP][PASSED] - fileDouble = ").toDouble(): null

24-03-2025T11:55:03 - [TEST_STEP][PASSED] - Script1718980020443.WriteToExcelNoData(a, typeOfData, todaysDate, fileInt, fileDouble, dZO): null

24-03-2025T11:55:03 - [TEST_STEP][PASSED] - sheetName = "Sheet1": null

24-03-2025T11:55:03 - [TEST_STEP][PASSED] - data = findTestData("PlanFact"): null

24-03-2025T11:55:03 - [TEST_STEP][PASSED] - n = data.getRowNumbers() + 1: null

24-03-2025T11:55:03 - [TEST_STEP][PASSED] - day = ")).toInteger(): null

24-03-2025T11:55:03 - [TEST_STEP][PASSED] - println(day): null

24-03-2025T11:55:03 - [TEST_STEP][PASSED] - month = ")).toInteger(): null

24-03-2025T11:55:03 - [TEST_STEP][PASSED] - println(month): null

24-03-2025T11:55:03 - [TEST_STEP][PASSED] - y = <not implemented yet for class: org.codehaus.groovy.ast.expr.EmptyExpression>: null

24-03-2025T11:55:03 - [TEST_STEP][PASSED] - iy = <not implemented yet for class: org.codehaus.groovy.ast.expr.EmptyExpression>: null

24-03-2025T11:55:03 - [TEST_STEP][PASSED] - m = getText(findTestObject("Выполнение бизнес-плана/Период")): Text of object 'Object Repository/Выполнение бизнес-плана/Период' is: 'Январь 2025 года'

24-03-2025T11:55:04 - [MESSAGE][PASSED] - Text of object 'Object Repository/Выполнение бизнес-плана/Период' is: 'Январь 2025 года'

24-03-2025T11:55:04 - [TEST_STEP][PASSED] - iy = m.indexOf("20"): null

24-03-2025T11:55:04 - [TEST_STEP][PASSED] - if (iy > -1): null

24-03-2025T11:55:04 - [TEST_STEP][PASSED] - y = substring(iy, iy + 4).toInteger(): null

24-03-2025T11:55:04 - [TEST_STEP][PASSED] - println(y): null

24-03-2025T11:55:04 - [TEST_STEP][PASSED] - if (toString().length() == 4): null

24-03-2025T11:55:04 - [TEST_STEP][PASSED] - m = m.substring(0, m.indexOf(y.toString())): null

24-03-2025T11:55:04 - [TEST_STEP][PASSED] - m = m.trim(): null

24-03-2025T11:55:04 - [TEST_STEP][PASSED] - if (m == ""): null

24-03-2025T11:55:04 - [TEST_STEP][PASSED] - dashboardName = "Выполнение бизнес-плана": null

24-03-2025T11:55:04 - [TEST_STEP][PASSED] - workbook01 = getWorkbook(excelFilePath): null

24-03-2025T11:55:04 - [TEST_STEP][PASSED] - sheet01 = getExcelSheet(workbook01, sheetName): null

24-03-2025T11:55:04 - [TEST_STEP][PASSED] - setValueToCellByIndex(sheet01, n, 0, dashboardName): null

24-03-2025T11:55:04 - [TEST_STEP][PASSED] - setValueToCellByIndex(sheet01, n, 1, dZO): null

24-03-2025T11:55:04 - [TEST_STEP][PASSED] - setValueToCellByIndex(sheet01, n, 2, typeOfData): null

24-03-2025T11:55:04 - [TEST_STEP][PASSED] - if (typeOfData == "Факт в процентах" || typeOfData == "План в процентах"): null

24-03-2025T11:55:04 - [TEST_STEP][PASSED] - setValueToCellByIndex(sheet01, n, 3, fileDouble): null

24-03-2025T11:55:04 - [TEST_STEP][PASSED] - setValueToCellByIndex(sheet01, n, 4, "нет данных"): null

24-03-2025T11:55:04 - [TEST_STEP][PASSED] - setValueToCellByIndex(sheet01, n, 5, m): null

24-03-2025T11:55:04 - [TEST_STEP][PASSED] - setValueToCellByIndex(sheet01, n, 6, y): null

24-03-2025T11:55:04 - [TEST_STEP][PASSED] - setValueToCellByIndex(sheet01, n, 7, todaysDate): null

24-03-2025T11:55:04 - [TEST_STEP][PASSED] - n = n + 1: null

24-03-2025T11:55:04 - [TEST_STEP][PASSED] - saveWorkbook(excelFilePath, workbook01): null

24-03-2025T11:55:04 - [TEST_STEP][PASSED] - dZO = "Пензаэнерго": null

24-03-2025T11:55:04 - [TEST_STEP][PASSED] - a = 31: null

24-03-2025T11:55:04 - [TEST_STEP][PASSED] - if (x2.contains(dZO)): null

24-03-2025T11:55:04 - [TEST_STEP][PASSED] - filialNum = filialNum + 1: null

24-03-2025T11:55:04 - [TEST_STEP][PASSED] - Script1718980020443.Numbers(a, typeOfData, todaysDate, pageInt, fileInt, pageDouble, fileDouble, dZO, dzoNum, filialNum): null

24-03-2025T11:55:04 - [TEST_STEP][PASSED] - println(dzoNum): null

24-03-2025T11:55:04 - [TEST_STEP][PASSED] - planFact = <not implemented yet for class: org.codehaus.groovy.ast.expr.EmptyExpression>: null

24-03-2025T11:55:04 - [TEST_STEP][PASSED] - page = <not implemented yet for class: org.codehaus.groovy.ast.expr.EmptyExpression>: null

24-03-2025T11:55:04 - [TEST_STEP][PASSED] - page1 = <not implemented yet for class: org.codehaus.groovy.ast.expr.EmptyExpression>: null

24-03-2025T11:55:04 - [TEST_STEP][PASSED] - page2 = <not implemented yet for class: org.codehaus.groovy.ast.expr.EmptyExpression>: null

24-03-2025T11:55:04 - [TEST_STEP][PASSED] - filialNumberInRow = <not implemented yet for class: org.codehaus.groovy.ast.expr.EmptyExpression>: null

24-03-2025T11:55:04 - [TEST_STEP][PASSED] - filialsDzoNames = <not implemented yet for class: org.codehaus.groovy.ast.expr.EmptyExpression>: null

24-03-2025T11:55:04 - [TEST_STEP][PASSED] - numberOfFilials = <not implemented yet for class: org.codehaus.groovy.ast.expr.EmptyExpression>: null

24-03-2025T11:55:04 - [TEST_STEP][PASSED] - numberOfSpaces = <not implemented yet for class: org.codehaus.groovy.ast.expr.EmptyExpression>: null

24-03-2025T11:55:04 - [TEST_STEP][PASSED] - file = <not implemented yet for class: org.codehaus.groovy.ast.expr.EmptyExpression>: null

24-03-2025T11:55:04 - [TEST_STEP][PASSED] - otpusk = <not implemented yet for class: org.codehaus.groovy.ast.expr.EmptyExpression>: null

24-03-2025T11:55:04 - [TEST_STEP][PASSED] - poteri = <not implemented yet for class: org.codehaus.groovy.ast.expr.EmptyExpression>: null

24-03-2025T11:55:04 - [TEST_STEP][PASSED] - dataFolder = "Выполнение бизнес-плана/Значения со страницы Выполнение бизнес-плана/": null

24-03-2025T11:55:04 - [TEST_STEP][PASSED] - path = <not implemented yet for class: org.codehaus.groovy.ast.expr.EmptyExpression>: null

24-03-2025T11:55:04 - [TEST_STEP][PASSED] - typeOfDataMain = <not implemented yet for class: org.codehaus.groovy.ast.expr.EmptyExpression>: null

24-03-2025T11:55:04 - [TEST_STEP][PASSED] - fileOtpuskVSet = <not implemented yet for class: org.codehaus.groovy.ast.expr.EmptyExpression>: null

24-03-2025T11:55:04 - [TEST_STEP][PASSED] - pageOtpuskVSet = <not implemented yet for class: org.codehaus.groovy.ast.expr.EmptyExpression>: null

24-03-2025T11:55:04 - [TEST_STEP][PASSED] - filePoteri = <not implemented yet for class: org.codehaus.groovy.ast.expr.EmptyExpression>: null

24-03-2025T11:55:04 - [TEST_STEP][PASSED] - pagePoteri = <not implemented yet for class: org.codehaus.groovy.ast.expr.EmptyExpression>: null

24-03-2025T11:55:04 - [TEST_STEP][PASSED] - compare = <not implemented yet for class: org.codehaus.groovy.ast.expr.EmptyExpression>: null

24-03-2025T11:55:04 - [TEST_STEP][PASSED] - b = <not implemented yet for class: org.codehaus.groovy.ast.expr.EmptyExpression>: null

24-03-2025T11:55:04 - [TEST_STEP][PASSED] - i = <not implemented yet for class: org.codehaus.groovy.ast.expr.EmptyExpression>: null

24-03-2025T11:55:04 - [TEST_STEP][PASSED] - ii = <not implemented yet for class: org.codehaus.groovy.ast.expr.EmptyExpression>: null

24-03-2025T11:55:04 - [TEST_STEP][PASSED] - c = <not implemented yet for class: org.codehaus.groovy.ast.expr.EmptyExpression>: null

24-03-2025T11:55:04 - [TEST_STEP][PASSED] - numberOfErrors = 0: null

24-03-2025T11:55:04 - [TEST_STEP][PASSED] - if (a == 82): null

24-03-2025T11:55:04 - [TEST_STEP][PASSED] - b = findTestData("PlanFact").getValue(1, a): null

24-03-2025T11:55:04 - [TEST_STEP][PASSED] - i = b.indexOf(" (ГК)"): null

24-03-2025T11:55:04 - [TEST_STEP][PASSED] - if (i > -1): null

24-03-2025T11:55:04 - [TEST_STEP][PASSED] - i = b.indexOf("О ""): null

24-03-2025T11:55:04 - [TEST_STEP][PASSED] - if (i > -1): null

24-03-2025T11:55:04 - [TEST_STEP][PASSED] - i = b.indexOf("О «"): null

24-03-2025T11:55:04 - [TEST_STEP][PASSED] - if (i > -1): null

24-03-2025T11:55:04 - [TEST_STEP][PASSED] - i = b.indexOf("г. "): null

24-03-2025T11:55:04 - [TEST_STEP][PASSED] - if (i > -1): null

24-03-2025T11:55:04 - [TEST_STEP][PASSED] - b = b.trim(): null

24-03-2025T11:55:04 - [TEST_STEP][PASSED] - println(b): null

24-03-2025T11:55:04 - [TEST_STEP][PASSED] - for ([planFact = 1, planFact < 3, (planFact++)]): null

24-03-2025T11:55:04 - [TEST_STEP][PASSED] - if (planFact == 1): null

24-03-2025T11:55:04 - [TEST_STEP][PASSED] - typeOfDataMain = "Факт": null

24-03-2025T11:55:04 - [TEST_STEP][PASSED] - otpusk = findTestData("PlanFact").getValue(5, a): null

24-03-2025T11:55:04 - [TEST_STEP][PASSED] - poteri = findTestData("PlanFact").getValue(6, a): null

24-03-2025T11:55:04 - [TEST_STEP][PASSED] - otpusk = otpusk.replaceAll("\s+", ""): null

24-03-2025T11:55:04 - [TEST_STEP][PASSED] - poteri = poteri.replaceAll("\s+", ""): null

24-03-2025T11:55:04 - [TEST_STEP][PASSED] - typeOfData = typeOfDataMain + " Отпуск в сеть": null

24-03-2025T11:55:04 - [TEST_STEP][PASSED] - if (a == 82): null

24-03-2025T11:55:04 - [TEST_STEP][PASSED] - else if (a == 84): null

24-03-2025T11:55:04 - [TEST_STEP][PASSED] - else if (a == 83 || a == 52 || a == 72 || a == 28 || a == 73 || a == 77 || a == 74 || a == 65 || a == 36 || a == 44 || a == 53 || a == 80 || a == 54 || a == 1 || a == 18 || a == 59 || a == 81): null

24-03-2025T11:55:04 - [TEST_STEP][PASSED] - else: null

24-03-2025T11:55:04 - [TEST_STEP][PASSED] - path = dataFolder + typeOfData + " за отчётный период " + b: null

24-03-2025T11:55:04 - [TEST_STEP][PASSED] - println(path): null

24-03-2025T11:55:04 - [TEST_STEP][PASSED] - page = getText(findTestObject(path)): Text of object 'Object Repository/Выполнение бизнес-плана/Значения со страницы Выполнение бизнес-плана/Факт Отпуск в сеть за отчётный период Пензаэнерго' is: '880 001'

24-03-2025T11:55:04 - [MESSAGE][PASSED] - Text of object 'Object Repository/Выполнение бизнес-плана/Значения со страницы Выполнение бизнес-плана/Факт Отпуск в сеть за отчётный период Пензаэнерго' is: '880 001'

24-03-2025T11:55:04 - [TEST_STEP][PASSED] - if (page == "" || page == null): null

24-03-2025T11:55:04 - [TEST_STEP][PASSED] - else: null

24-03-2025T11:55:04 - [TEST_STEP][PASSED] - page = page.replaceAll("\s+", ""): null

24-03-2025T11:55:04 - [TEST_STEP][PASSED] - if (page == "undefined"): null

24-03-2025T11:55:04 - [TEST_STEP][PASSED] - fileOtpuskVSet = otpusk.toInteger(): null

24-03-2025T11:55:04 - [TEST_STEP][PASSED] - pageOtpuskVSet = page.toInteger(): null

24-03-2025T11:55:04 - [TEST_STEP][PASSED] - typeOfData = typeOfDataMain + " Потери": null

24-03-2025T11:55:04 - [TEST_STEP][PASSED] - if (a == 82): null

24-03-2025T11:55:04 - [TEST_STEP][PASSED] - else if (a == 84): null

24-03-2025T11:55:04 - [TEST_STEP][PASSED] - else if (a == 83 || a == 52 || a == 72 || a == 28 || a == 73 || a == 77 || a == 74 || a == 65 || a == 44 || a == 53 || a == 80 || a == 54 || a == 1 || a == 18 || a == 59 || a == 81): null

24-03-2025T11:55:04 - [TEST_STEP][PASSED] - else: null

24-03-2025T11:55:04 - [TEST_STEP][PASSED] - path = dataFolder + typeOfData + " за отчётный период " + b: null

24-03-2025T11:55:04 - [TEST_STEP][PASSED] - page = getText(findTestObject(path)): Text of object 'Object Repository/Выполнение бизнес-плана/Значения со страницы Выполнение бизнес-плана/Факт Потери за отчётный период Пензаэнерго' is: '51 219'

24-03-2025T11:55:05 - [MESSAGE][PASSED] - Text of object 'Object Repository/Выполнение бизнес-плана/Значения со страницы Выполнение бизнес-плана/Факт Потери за отчётный период Пензаэнерго' is: '51 219'

24-03-2025T11:55:05 - [TEST_STEP][PASSED] - if (page == "" || page == null): null

24-03-2025T11:55:05 - [TEST_STEP][PASSED] - else: null

24-03-2025T11:55:05 - [TEST_STEP][PASSED] - page = page.replaceAll("\s+", ""): null

24-03-2025T11:55:05 - [TEST_STEP][PASSED] - if (page == "undefined"): null

24-03-2025T11:55:05 - [TEST_STEP][PASSED] - filePoteri = poteri.toInteger(): null

24-03-2025T11:55:05 - [TEST_STEP][PASSED] - pagePoteri = page.toInteger(): null

24-03-2025T11:55:05 - [TEST_STEP][PASSED] - compare = pageOtpuskVSet: null

24-03-2025T11:55:05 - [TEST_STEP][PASSED] - if (pageOtpuskVSet != null): null

24-03-2025T11:55:05 - [TEST_STEP][PASSED] - if (compare == fileOtpuskVSet): null

24-03-2025T11:55:05 - [TEST_STEP][PASSED] - else if (compare > fileOtpuskVSet): null

24-03-2025T11:55:05 - [TEST_STEP][PASSED] - compare = compare - 1: null

24-03-2025T11:55:05 - [TEST_STEP][PASSED] - if (compare == fileOtpuskVSet): null

24-03-2025T11:55:05 - [TEST_STEP][PASSED] - else: null

24-03-2025T11:55:05 - [TEST_STEP][PASSED] - numberOfErrors = numberOfErrors + 1: null

24-03-2025T11:55:05 - [TEST_STEP][PASSED] - pageInt = pageOtpuskVSet: null

24-03-2025T11:55:05 - [TEST_STEP][PASSED] - fileInt = fileOtpuskVSet: null

24-03-2025T11:55:05 - [TEST_STEP][PASSED] - typeOfData = typeOfDataMain + " Отпуск в сеть": null

24-03-2025T11:55:05 - [TEST_STEP][PASSED] - Script1718980020443.WriteToExcel(a, typeOfData, todaysDate, pageInt, fileInt, pageDouble, fileDouble, dZO): null

24-03-2025T11:55:05 - [TEST_STEP][PASSED] - sheetName = "Sheet1": null

24-03-2025T11:55:05 - [TEST_STEP][PASSED] - data = findTestData("PlanFact"): null

24-03-2025T11:55:05 - [TEST_STEP][PASSED] - n = data.getRowNumbers() + 1: null

24-03-2025T11:55:05 - [TEST_STEP][PASSED] - day = ")).toInteger(): null

24-03-2025T11:55:05 - [TEST_STEP][PASSED] - println(day): null

24-03-2025T11:55:05 - [TEST_STEP][PASSED] - month = ")).toInteger(): null

24-03-2025T11:55:05 - [TEST_STEP][PASSED] - println(month): null

24-03-2025T11:55:05 - [TEST_STEP][PASSED] - y = <not implemented yet for class: org.codehaus.groovy.ast.expr.EmptyExpression>: null

24-03-2025T11:55:05 - [TEST_STEP][PASSED] - iy = <not implemented yet for class: org.codehaus.groovy.ast.expr.EmptyExpression>: null

24-03-2025T11:55:05 - [TEST_STEP][PASSED] - m = getText(findTestObject("Выполнение бизнес-плана/Период")): Text of object 'Object Repository/Выполнение бизнес-плана/Период' is: 'Январь 2025 года'

24-03-2025T11:55:05 - [MESSAGE][PASSED] - Text of object 'Object Repository/Выполнение бизнес-плана/Период' is: 'Январь 2025 года'

24-03-2025T11:55:05 - [TEST_STEP][PASSED] - iy = m.indexOf("20"): null

24-03-2025T11:55:05 - [TEST_STEP][PASSED] - if (iy > -1): null

24-03-2025T11:55:05 - [TEST_STEP][PASSED] - y = substring(iy, iy + 4).toInteger(): null

24-03-2025T11:55:05 - [TEST_STEP][PASSED] - println(y): null

24-03-2025T11:55:05 - [TEST_STEP][PASSED] - if (toString().length() == 4): null

24-03-2025T11:55:05 - [TEST_STEP][PASSED] - m = m.substring(0, m.indexOf(y.toString())): null

24-03-2025T11:55:05 - [TEST_STEP][PASSED] - m = m.trim(): null

24-03-2025T11:55:05 - [TEST_STEP][PASSED] - if (m == ""): null

24-03-2025T11:55:05 - [TEST_STEP][PASSED] - dashboardName = "Выполнение бизнес-плана": null

24-03-2025T11:55:05 - [TEST_STEP][PASSED] - workbook01 = getWorkbook(excelFilePath): null

24-03-2025T11:55:05 - [TEST_STEP][PASSED] - sheet01 = getExcelSheet(workbook01, sheetName): null

24-03-2025T11:55:05 - [TEST_STEP][PASSED] - setValueToCellByIndex(sheet01, n, 0, dashboardName): null

24-03-2025T11:55:05 - [TEST_STEP][PASSED] - setValueToCellByIndex(sheet01, n, 1, dZO): null

24-03-2025T11:55:05 - [TEST_STEP][PASSED] - setValueToCellByIndex(sheet01, n, 2, typeOfData): null

24-03-2025T11:55:05 - [TEST_STEP][PASSED] - if (typeOfData == "Факт в процентах" || typeOfData == "План в процентах"): null

24-03-2025T11:55:05 - [TEST_STEP][PASSED] - else: null

24-03-2025T11:55:05 - [TEST_STEP][PASSED] - setValueToCellByIndex(sheet01, n, 3, fileInt): null

24-03-2025T11:55:05 - [TEST_STEP][PASSED] - setValueToCellByIndex(sheet01, n, 4, pageInt): null

24-03-2025T11:55:05 - [TEST_STEP][PASSED] - setValueToCellByIndex(sheet01, n, 5, m): null

24-03-2025T11:55:05 - [TEST_STEP][PASSED] - setValueToCellByIndex(sheet01, n, 6, y): null

24-03-2025T11:55:05 - [TEST_STEP][PASSED] - setValueToCellByIndex(sheet01, n, 7, todaysDate): null

24-03-2025T11:55:05 - [TEST_STEP][PASSED] - n = n + 1: null

24-03-2025T11:55:05 - [TEST_STEP][PASSED] - saveWorkbook(excelFilePath, workbook01): null

24-03-2025T11:55:05 - [TEST_STEP][PASSED] - compare = pagePoteri: null

24-03-2025T11:55:05 - [TEST_STEP][PASSED] - if (pageOtpuskVSet != null): null

24-03-2025T11:55:05 - [TEST_STEP][PASSED] - if (compare == filePoteri): null

24-03-2025T11:55:05 - [TEST_STEP][PASSED] - else if (compare > filePoteri): null

24-03-2025T11:55:05 - [TEST_STEP][PASSED] - compare = compare - 1: null

24-03-2025T11:55:05 - [TEST_STEP][PASSED] - if (compare == filePoteri): null

24-03-2025T11:55:05 - [TEST_STEP][PASSED] - else: null

24-03-2025T11:55:05 - [TEST_STEP][PASSED] - numberOfErrors = numberOfErrors + 1: null

24-03-2025T11:55:05 - [TEST_STEP][PASSED] - pageInt = pagePoteri: null

24-03-2025T11:55:05 - [TEST_STEP][PASSED] - fileInt = filePoteri: null

24-03-2025T11:55:05 - [TEST_STEP][PASSED] - typeOfData = typeOfDataMain + " Потери": null

24-03-2025T11:55:05 - [TEST_STEP][PASSED] - Script1718980020443.WriteToExcel(a, typeOfData, todaysDate, pageInt, fileInt, pageDouble, fileDouble, dZO): null

24-03-2025T11:55:05 - [TEST_STEP][PASSED] - sheetName = "Sheet1": null

24-03-2025T11:55:05 - [TEST_STEP][PASSED] - data = findTestData("PlanFact"): null

24-03-2025T11:55:05 - [TEST_STEP][PASSED] - n = data.getRowNumbers() + 1: null

24-03-2025T11:55:05 - [TEST_STEP][PASSED] - day = ")).toInteger(): null

24-03-2025T11:55:05 - [TEST_STEP][PASSED] - println(day): null

24-03-2025T11:55:05 - [TEST_STEP][PASSED] - month = ")).toInteger(): null

24-03-2025T11:55:05 - [TEST_STEP][PASSED] - println(month): null

24-03-2025T11:55:05 - [TEST_STEP][PASSED] - y = <not implemented yet for class: org.codehaus.groovy.ast.expr.EmptyExpression>: null

24-03-2025T11:55:05 - [TEST_STEP][PASSED] - iy = <not implemented yet for class: org.codehaus.groovy.ast.expr.EmptyExpression>: null

24-03-2025T11:55:05 - [TEST_STEP][PASSED] - m = getText(findTestObject("Выполнение бизнес-плана/Период")): Text of object 'Object Repository/Выполнение бизнес-плана/Период' is: 'Январь 2025 года'

24-03-2025T11:55:06 - [MESSAGE][PASSED] - Text of object 'Object Repository/Выполнение бизнес-плана/Период' is: 'Январь 2025 года'

24-03-2025T11:55:06 - [TEST_STEP][PASSED] - iy = m.indexOf("20"): null

24-03-2025T11:55:06 - [TEST_STEP][PASSED] - if (iy > -1): null

24-03-2025T11:55:06 - [TEST_STEP][PASSED] - y = substring(iy, iy + 4).toInteger(): null

24-03-2025T11:55:06 - [TEST_STEP][PASSED] - println(y): null

24-03-2025T11:55:06 - [TEST_STEP][PASSED] - if (toString().length() == 4): null

24-03-2025T11:55:06 - [TEST_STEP][PASSED] - m = m.substring(0, m.indexOf(y.toString())): null

24-03-2025T11:55:06 - [TEST_STEP][PASSED] - m = m.trim(): null

24-03-2025T11:55:06 - [TEST_STEP][PASSED] - if (m == ""): null

24-03-2025T11:55:06 - [TEST_STEP][PASSED] - dashboardName = "Выполнение бизнес-плана": null

24-03-2025T11:55:06 - [TEST_STEP][PASSED] - workbook01 = getWorkbook(excelFilePath): null

24-03-2025T11:55:06 - [TEST_STEP][PASSED] - sheet01 = getExcelSheet(workbook01, sheetName): null

24-03-2025T11:55:06 - [TEST_STEP][PASSED] - setValueToCellByIndex(sheet01, n, 0, dashboardName): null

24-03-2025T11:55:06 - [TEST_STEP][PASSED] - setValueToCellByIndex(sheet01, n, 1, dZO): null

24-03-2025T11:55:06 - [TEST_STEP][PASSED] - setValueToCellByIndex(sheet01, n, 2, typeOfData): null

24-03-2025T11:55:06 - [TEST_STEP][PASSED] - if (typeOfData == "Факт в процентах" || typeOfData == "План в процентах"): null

24-03-2025T11:55:06 - [TEST_STEP][PASSED] - else: null

24-03-2025T11:55:06 - [TEST_STEP][PASSED] - setValueToCellByIndex(sheet01, n, 3, fileInt): null

24-03-2025T11:55:06 - [TEST_STEP][PASSED] - setValueToCellByIndex(sheet01, n, 4, pageInt): null

24-03-2025T11:55:06 - [TEST_STEP][PASSED] - setValueToCellByIndex(sheet01, n, 5, m): null

24-03-2025T11:55:06 - [TEST_STEP][PASSED] - setValueToCellByIndex(sheet01, n, 6, y): null

24-03-2025T11:55:06 - [TEST_STEP][PASSED] - setValueToCellByIndex(sheet01, n, 7, todaysDate): null

24-03-2025T11:55:06 - [TEST_STEP][PASSED] - n = n + 1: null

24-03-2025T11:55:06 - [TEST_STEP][PASSED] - saveWorkbook(excelFilePath, workbook01): null

24-03-2025T11:55:06 - [TEST_STEP][PASSED] - if (planFact == 2): null

24-03-2025T11:55:06 - [TEST_STEP][PASSED] - if (planFact == 1): null

24-03-2025T11:55:06 - [TEST_STEP][PASSED] - else if (planFact == 2): null

24-03-2025T11:55:06 - [TEST_STEP][PASSED] - click(findTestObject("Выполнение бизнес-плана/Кнопка План")): Object: 'Object Repository/Выполнение бизнес-плана/Кнопка План' is clicked on

24-03-2025T11:55:06 - [MESSAGE][PASSED] - Object: 'Object Repository/Выполнение бизнес-плана/Кнопка План' is clicked on

24-03-2025T11:55:06 - [TEST_STEP][PASSED] - typeOfDataMain = "План": null

24-03-2025T11:55:06 - [TEST_STEP][PASSED] - otpusk = findTestData("PlanFact").getValue(2, a): null

24-03-2025T11:55:06 - [TEST_STEP][PASSED] - poteri = findTestData("PlanFact").getValue(3, a): null

24-03-2025T11:55:06 - [TEST_STEP][PASSED] - otpusk = otpusk.replaceAll("\s+", ""): null

24-03-2025T11:55:06 - [TEST_STEP][PASSED] - poteri = poteri.replaceAll("\s+", ""): null

24-03-2025T11:55:06 - [TEST_STEP][PASSED] - typeOfData = typeOfDataMain + " Отпуск в сеть": null

24-03-2025T11:55:06 - [TEST_STEP][PASSED] - if (a == 82): null

24-03-2025T11:55:06 - [TEST_STEP][PASSED] - else if (a == 84): null

24-03-2025T11:55:06 - [TEST_STEP][PASSED] - else if (a == 83 || a == 52 || a == 72 || a == 28 || a == 73 || a == 77 || a == 74 || a == 65 || a == 36 || a == 44 || a == 53 || a == 80 || a == 54 || a == 1 || a == 18 || a == 59 || a == 81): null

24-03-2025T11:55:06 - [TEST_STEP][PASSED] - else: null

24-03-2025T11:55:06 - [TEST_STEP][PASSED] - path = dataFolder + typeOfData + " за отчётный период " + b: null

24-03-2025T11:55:06 - [TEST_STEP][PASSED] - println(path): null

24-03-2025T11:55:06 - [TEST_STEP][PASSED] - page = getText(findTestObject(path)): Text of object 'Object Repository/Выполнение бизнес-плана/Значения со страницы Выполнение бизнес-плана/План Отпуск в сеть за отчётный период Пензаэнерго' is: '925 980'

24-03-2025T11:55:07 - [MESSAGE][PASSED] - Text of object 'Object Repository/Выполнение бизнес-плана/Значения со страницы Выполнение бизнес-плана/План Отпуск в сеть за отчётный период Пензаэнерго' is: '925 980'

24-03-2025T11:55:07 - [TEST_STEP][PASSED] - if (page == "" || page == null): null

24-03-2025T11:55:07 - [TEST_STEP][PASSED] - else: null

24-03-2025T11:55:07 - [TEST_STEP][PASSED] - page = page.replaceAll("\s+", ""): null

24-03-2025T11:55:07 - [TEST_STEP][PASSED] - if (page == "undefined"): null

24-03-2025T11:55:07 - [TEST_STEP][PASSED] - fileOtpuskVSet = otpusk.toInteger(): null

24-03-2025T11:55:07 - [TEST_STEP][PASSED] - pageOtpuskVSet = page.toInteger(): null

24-03-2025T11:55:07 - [TEST_STEP][PASSED] - typeOfData = typeOfDataMain + " Потери": null

24-03-2025T11:55:07 - [TEST_STEP][PASSED] - if (a == 82): null

24-03-2025T11:55:07 - [TEST_STEP][PASSED] - else if (a == 84): null

24-03-2025T11:55:07 - [TEST_STEP][PASSED] - else if (a == 83 || a == 52 || a == 72 || a == 28 || a == 73 || a == 77 || a == 74 || a == 65 || a == 44 || a == 53 || a == 80 || a == 54 || a == 1 || a == 18 || a == 59 || a == 81): null

24-03-2025T11:55:07 - [TEST_STEP][PASSED] - else: null

24-03-2025T11:55:07 - [TEST_STEP][PASSED] - path = dataFolder + typeOfData + " за отчётный период " + b: null

24-03-2025T11:55:07 - [TEST_STEP][PASSED] - page = getText(findTestObject(path)): Text of object 'Object Repository/Выполнение бизнес-плана/Значения со страницы Выполнение бизнес-плана/План Потери за отчётный период Пензаэнерго' is: '64 175'

24-03-2025T11:55:07 - [MESSAGE][PASSED] - Text of object 'Object Repository/Выполнение бизнес-плана/Значения со страницы Выполнение бизнес-плана/План Потери за отчётный период Пензаэнерго' is: '64 175'

24-03-2025T11:55:07 - [TEST_STEP][PASSED] - if (page == "" || page == null): null

24-03-2025T11:55:07 - [TEST_STEP][PASSED] - else: null

24-03-2025T11:55:07 - [TEST_STEP][PASSED] - page = page.replaceAll("\s+", ""): null

24-03-2025T11:55:07 - [TEST_STEP][PASSED] - if (page == "undefined"): null

24-03-2025T11:55:07 - [TEST_STEP][PASSED] - filePoteri = poteri.toInteger(): null

24-03-2025T11:55:07 - [TEST_STEP][PASSED] - pagePoteri = page.toInteger(): null

24-03-2025T11:55:07 - [TEST_STEP][PASSED] - compare = pageOtpuskVSet: null

24-03-2025T11:55:07 - [TEST_STEP][PASSED] - if (pageOtpuskVSet != null): null

24-03-2025T11:55:07 - [TEST_STEP][PASSED] - if (compare == fileOtpuskVSet): null

24-03-2025T11:55:07 - [TEST_STEP][PASSED] - else if (compare > fileOtpuskVSet): null

24-03-2025T11:55:07 - [TEST_STEP][PASSED] - compare = compare - 1: null

24-03-2025T11:55:07 - [TEST_STEP][PASSED] - if (compare == fileOtpuskVSet): null

24-03-2025T11:55:07 - [TEST_STEP][PASSED] - else: null

24-03-2025T11:55:07 - [TEST_STEP][PASSED] - numberOfErrors = numberOfErrors + 1: null

24-03-2025T11:55:07 - [TEST_STEP][PASSED] - pageInt = pageOtpuskVSet: null

24-03-2025T11:55:07 - [TEST_STEP][PASSED] - fileInt = fileOtpuskVSet: null

24-03-2025T11:55:07 - [TEST_STEP][PASSED] - typeOfData = typeOfDataMain + " Отпуск в сеть": null

24-03-2025T11:55:07 - [TEST_STEP][PASSED] - Script1718980020443.WriteToExcel(a, typeOfData, todaysDate, pageInt, fileInt, pageDouble, fileDouble, dZO): null

24-03-2025T11:55:07 - [TEST_STEP][PASSED] - sheetName = "Sheet1": null

24-03-2025T11:55:07 - [TEST_STEP][PASSED] - data = findTestData("PlanFact"): null

24-03-2025T11:55:07 - [TEST_STEP][PASSED] - n = data.getRowNumbers() + 1: null

24-03-2025T11:55:07 - [TEST_STEP][PASSED] - day = ")).toInteger(): null

24-03-2025T11:55:07 - [TEST_STEP][PASSED] - println(day): null

24-03-2025T11:55:07 - [TEST_STEP][PASSED] - month = ")).toInteger(): null

24-03-2025T11:55:07 - [TEST_STEP][PASSED] - println(month): null

24-03-2025T11:55:07 - [TEST_STEP][PASSED] - y = <not implemented yet for class: org.codehaus.groovy.ast.expr.EmptyExpression>: null

24-03-2025T11:55:07 - [TEST_STEP][PASSED] - iy = <not implemented yet for class: org.codehaus.groovy.ast.expr.EmptyExpression>: null

24-03-2025T11:55:07 - [TEST_STEP][PASSED] - m = getText(findTestObject("Выполнение бизнес-плана/Период")): Text of object 'Object Repository/Выполнение бизнес-плана/Период' is: 'Январь 2025 года'

24-03-2025T11:55:07 - [MESSAGE][PASSED] - Text of object 'Object Repository/Выполнение бизнес-плана/Период' is: 'Январь 2025 года'

24-03-2025T11:55:07 - [TEST_STEP][PASSED] - iy = m.indexOf("20"): null

24-03-2025T11:55:07 - [TEST_STEP][PASSED] - if (iy > -1): null

24-03-2025T11:55:07 - [TEST_STEP][PASSED] - y = substring(iy, iy + 4).toInteger(): null

24-03-2025T11:55:07 - [TEST_STEP][PASSED] - println(y): null

24-03-2025T11:55:07 - [TEST_STEP][PASSED] - if (toString().length() == 4): null

24-03-2025T11:55:07 - [TEST_STEP][PASSED] - m = m.substring(0, m.indexOf(y.toString())): null

24-03-2025T11:55:07 - [TEST_STEP][PASSED] - m = m.trim(): null

24-03-2025T11:55:07 - [TEST_STEP][PASSED] - if (m == ""): null

24-03-2025T11:55:07 - [TEST_STEP][PASSED] - dashboardName = "Выполнение бизнес-плана": null

24-03-2025T11:55:07 - [TEST_STEP][PASSED] - workbook01 = getWorkbook(excelFilePath): null

24-03-2025T11:55:08 - [TEST_STEP][PASSED] - sheet01 = getExcelSheet(workbook01, sheetName): null

24-03-2025T11:55:08 - [TEST_STEP][PASSED] - setValueToCellByIndex(sheet01, n, 0, dashboardName): null

24-03-2025T11:55:08 - [TEST_STEP][PASSED] - setValueToCellByIndex(sheet01, n, 1, dZO): null

24-03-2025T11:55:08 - [TEST_STEP][PASSED] - setValueToCellByIndex(sheet01, n, 2, typeOfData): null

24-03-2025T11:55:08 - [TEST_STEP][PASSED] - if (typeOfData == "Факт в процентах" || typeOfData == "План в процентах"): null

24-03-2025T11:55:08 - [TEST_STEP][PASSED] - else: null

24-03-2025T11:55:08 - [TEST_STEP][PASSED] - setValueToCellByIndex(sheet01, n, 3, fileInt): null

24-03-2025T11:55:08 - [TEST_STEP][PASSED] - setValueToCellByIndex(sheet01, n, 4, pageInt): null

24-03-2025T11:55:08 - [TEST_STEP][PASSED] - setValueToCellByIndex(sheet01, n, 5, m): null

24-03-2025T11:55:08 - [TEST_STEP][PASSED] - setValueToCellByIndex(sheet01, n, 6, y): null

24-03-2025T11:55:08 - [TEST_STEP][PASSED] - setValueToCellByIndex(sheet01, n, 7, todaysDate): null

24-03-2025T11:55:08 - [TEST_STEP][PASSED] - n = n + 1: null

24-03-2025T11:55:08 - [TEST_STEP][PASSED] - saveWorkbook(excelFilePath, workbook01): null

24-03-2025T11:55:08 - [TEST_STEP][PASSED] - compare = pagePoteri: null

24-03-2025T11:55:08 - [TEST_STEP][PASSED] - if (pageOtpuskVSet != null): null

24-03-2025T11:55:08 - [TEST_STEP][PASSED] - if (compare == filePoteri): null

24-03-2025T11:55:08 - [TEST_STEP][PASSED] - else if (compare > filePoteri): null

24-03-2025T11:55:08 - [TEST_STEP][PASSED] - compare = compare - 1: null

24-03-2025T11:55:08 - [TEST_STEP][PASSED] - if (compare == filePoteri): null

24-03-2025T11:55:08 - [TEST_STEP][PASSED] - else: null

24-03-2025T11:55:08 - [TEST_STEP][PASSED] - numberOfErrors = numberOfErrors + 1: null

24-03-2025T11:55:08 - [TEST_STEP][PASSED] - pageInt = pagePoteri: null

24-03-2025T11:55:08 - [TEST_STEP][PASSED] - fileInt = filePoteri: null

24-03-2025T11:55:08 - [TEST_STEP][PASSED] - typeOfData = typeOfDataMain + " Потери": null

24-03-2025T11:55:08 - [TEST_STEP][PASSED] - Script1718980020443.WriteToExcel(a, typeOfData, todaysDate, pageInt, fileInt, pageDouble, fileDouble, dZO): null

24-03-2025T11:55:08 - [TEST_STEP][PASSED] - sheetName = "Sheet1": null

24-03-2025T11:55:08 - [TEST_STEP][PASSED] - data = findTestData("PlanFact"): null

24-03-2025T11:55:08 - [TEST_STEP][PASSED] - n = data.getRowNumbers() + 1: null

24-03-2025T11:55:08 - [TEST_STEP][PASSED] - day = ")).toInteger(): null

24-03-2025T11:55:08 - [TEST_STEP][PASSED] - println(day): null

24-03-2025T11:55:08 - [TEST_STEP][PASSED] - month = ")).toInteger(): null

24-03-2025T11:55:08 - [TEST_STEP][PASSED] - println(month): null

24-03-2025T11:55:08 - [TEST_STEP][PASSED] - y = <not implemented yet for class: org.codehaus.groovy.ast.expr.EmptyExpression>: null

24-03-2025T11:55:08 - [TEST_STEP][PASSED] - iy = <not implemented yet for class: org.codehaus.groovy.ast.expr.EmptyExpression>: null

24-03-2025T11:55:08 - [TEST_STEP][PASSED] - m = getText(findTestObject("Выполнение бизнес-плана/Период")): Text of object 'Object Repository/Выполнение бизнес-плана/Период' is: 'Январь 2025 года'

24-03-2025T11:55:08 - [MESSAGE][PASSED] - Text of object 'Object Repository/Выполнение бизнес-плана/Период' is: 'Январь 2025 года'

24-03-2025T11:55:08 - [TEST_STEP][PASSED] - iy = m.indexOf("20"): null

24-03-2025T11:55:08 - [TEST_STEP][PASSED] - if (iy > -1): null

24-03-2025T11:55:08 - [TEST_STEP][PASSED] - y = substring(iy, iy + 4).toInteger(): null

24-03-2025T11:55:08 - [TEST_STEP][PASSED] - println(y): null

24-03-2025T11:55:08 - [TEST_STEP][PASSED] - if (toString().length() == 4): null

24-03-2025T11:55:08 - [TEST_STEP][PASSED] - m = m.substring(0, m.indexOf(y.toString())): null

24-03-2025T11:55:08 - [TEST_STEP][PASSED] - m = m.trim(): null

24-03-2025T11:55:08 - [TEST_STEP][PASSED] - if (m == ""): null

24-03-2025T11:55:08 - [TEST_STEP][PASSED] - dashboardName = "Выполнение бизнес-плана": null

24-03-2025T11:55:08 - [TEST_STEP][PASSED] - workbook01 = getWorkbook(excelFilePath): null

24-03-2025T11:55:08 - [TEST_STEP][PASSED] - sheet01 = getExcelSheet(workbook01, sheetName): null

24-03-2025T11:55:08 - [TEST_STEP][PASSED] - setValueToCellByIndex(sheet01, n, 0, dashboardName): null

24-03-2025T11:55:08 - [TEST_STEP][PASSED] - setValueToCellByIndex(sheet01, n, 1, dZO): null

24-03-2025T11:55:08 - [TEST_STEP][PASSED] - setValueToCellByIndex(sheet01, n, 2, typeOfData): null

24-03-2025T11:55:08 - [TEST_STEP][PASSED] - if (typeOfData == "Факт в процентах" || typeOfData == "План в процентах"): null

24-03-2025T11:55:08 - [TEST_STEP][PASSED] - else: null

24-03-2025T11:55:08 - [TEST_STEP][PASSED] - setValueToCellByIndex(sheet01, n, 3, fileInt): null

24-03-2025T11:55:08 - [TEST_STEP][PASSED] - setValueToCellByIndex(sheet01, n, 4, pageInt): null

24-03-2025T11:55:08 - [TEST_STEP][PASSED] - setValueToCellByIndex(sheet01, n, 5, m): null

24-03-2025T11:55:08 - [TEST_STEP][PASSED] - setValueToCellByIndex(sheet01, n, 6, y): null

24-03-2025T11:55:08 - [TEST_STEP][PASSED] - setValueToCellByIndex(sheet01, n, 7, todaysDate): null

24-03-2025T11:55:08 - [TEST_STEP][PASSED] - n = n + 1: null

24-03-2025T11:55:08 - [TEST_STEP][PASSED] - saveWorkbook(excelFilePath, workbook01): Object: 'Object Repository/Выполнение бизнес-плана/Кнопка Факт' is clicked on

24-03-2025T11:55:08 - [TEST_STEP][PASSED] - if (planFact == 2): Object: 'Object Repository/Выполнение бизнес-плана/Кнопка Факт' is clicked on

24-03-2025T11:55:08 - [TEST_STEP][PASSED] - click(findTestObject("Выполнение бизнес-плана/Кнопка Факт")): Object: 'Object Repository/Выполнение бизнес-плана/Кнопка Факт' is clicked on

24-03-2025T11:55:09 - [MESSAGE][PASSED] - Object: 'Object Repository/Выполнение бизнес-плана/Кнопка Факт' is clicked on

24-03-2025T11:55:09 - [TEST_STEP][PASSED] - println("a=" + a): null

24-03-2025T11:55:09 - [TEST_STEP][PASSED] - if (a == 84 || a == 82): null

24-03-2025T11:55:09 - [TEST_STEP][PASSED] - else if (a == 83 || a == 52 || a == 72 || a == 28 || a == 73 || a == 77 || a == 74 || a == 65 || a == 36 || a == 44 || a == 53 || a == 80 || a == 54 || a == 1 || a == 18 || a == 59 || a == 81): null

24-03-2025T11:55:09 - [TEST_STEP][PASSED] - else: null

24-03-2025T11:55:09 - [TEST_STEP][PASSED] - page1 = getText(findTestObject("Object Repository/Выполнение бизнес-плана/spanPlan" + filialNum)): Text of object 'Object Repository/Выполнение бизнес-плана/spanPlan1' is: '8.69
|'

24-03-2025T11:55:09 - [MESSAGE][PASSED] - Text of object 'Object Repository/Выполнение бизнес-плана/spanPlan1' is: '8.69
|'

24-03-2025T11:55:09 - [TEST_STEP][PASSED] - page1 = page1.replace("|", ""): null

24-03-2025T11:55:09 - [TEST_STEP][PASSED] - page2 = getText(findTestObject("Object Repository/Выполнение бизнес-плана/spanFact" + filialNum)): Text of object 'Object Repository/Выполнение бизнес-плана/spanFact1' is: '7.70
|'

24-03-2025T11:55:09 - [MESSAGE][PASSED] - Text of object 'Object Repository/Выполнение бизнес-плана/spanFact1' is: '7.70
|'

24-03-2025T11:55:09 - [TEST_STEP][PASSED] - page2 = page2.replace("|", ""): null

24-03-2025T11:55:09 - [TEST_STEP][PASSED] - println("page1: " + page1): null

24-03-2025T11:55:09 - [TEST_STEP][PASSED] - println("page2: " + page2): null

24-03-2025T11:55:09 - [TEST_STEP][PASSED] - file = findTestData("PlanFact").getValue(4, a): null

24-03-2025T11:55:09 - [TEST_STEP][PASSED] - file = file.replace(",", "."): null

24-03-2025T11:55:09 - [TEST_STEP][PASSED] - println("file Plan: " + file): null

24-03-2025T11:55:09 - [TEST_STEP][PASSED] - typeOfData = "План в процентах": null

24-03-2025T11:55:09 - [TEST_STEP][PASSED] - fileDouble = file.toDouble(): null

24-03-2025T11:55:09 - [TEST_STEP][PASSED] - pageDouble = page1.toDouble(): null

24-03-2025T11:55:09 - [TEST_STEP][PASSED] - if (fileDouble != pageDouble): null

24-03-2025T11:55:09 - [TEST_STEP][PASSED] - file = findTestData("PlanFact").getValue(7, a): null

24-03-2025T11:55:10 - [TEST_STEP][PASSED] - file = file.replace(",", "."): null

24-03-2025T11:55:10 - [TEST_STEP][PASSED] - println("file Fact: " + file): null

24-03-2025T11:55:10 - [TEST_STEP][PASSED] - fileDouble = file.toDouble(): null

24-03-2025T11:55:10 - [TEST_STEP][PASSED] - typeOfData = "Факт в процентах": null

24-03-2025T11:55:10 - [TEST_STEP][PASSED] - fileDouble = file.toDouble(): null

24-03-2025T11:55:10 - [TEST_STEP][PASSED] - pageDouble = page2.toDouble(): null

24-03-2025T11:55:10 - [TEST_STEP][PASSED] - if (fileDouble != pageDouble): null

24-03-2025T11:55:10 - [TEST_STEP][FAILED] - if (verifyEqual(numberOfErrors, 0) == false): null

24-03-2025T11:55:10 - [MESSAGE][FAILED] - Unable to verify equal between actual object '4' and expected object '0' (Root cause: com.kms.katalon.core.exception.StepFailedException: Actual object '4' and expected object '0' are not equal
	at com.kms.katalon.core.keyword.builtin.VerifyEqualKeyword$_verifyEqual_closure1.doCall(VerifyEqualKeyword.groovy:58)
	at com.kms.katalon.core.keyword.builtin.VerifyEqualKeyword$_verifyEqual_closure1.call(VerifyEqualKeyword.groovy)
	at com.kms.katalon.core.keyword.internal.KeywordMain.runKeyword(KeywordMain.groovy:75)
	at com.kms.katalon.core.keyword.builtin.VerifyEqualKeyword.verifyEqual(VerifyEqualKeyword.groovy:63)
	at com.kms.katalon.core.keyword.builtin.VerifyEqualKeyword.execute(VerifyEqualKeyword.groovy:44)
	at com.kms.katalon.core.keyword.internal.KeywordExecutor.executeKeywordForPlatform(KeywordExecutor.groovy:74)
	at com.kms.katalon.core.keyword.BuiltinKeywords.verifyEqual(BuiltinKeywords.groovy:146)
	at jdk.internal.reflect.GeneratedMethodAccessor22.invoke(Unknown Source)
	at java.base/jdk.internal.reflect.DelegatingMethodAccessorImpl.invoke(DelegatingMethodAccessorImpl.java:43)
	at Выполнение бизнес-плана Сверка ПАО Россети все филиалы.Numbers(Выполнение бизнес-плана Сверка ПАО Россети все филиалы:744)
	at Выполнение бизнес-плана Сверка ПАО Россети все филиалы.Filials(Выполнение бизнес-плана Сверка ПАО Россети все филиалы:951)
	at Выполнение бизнес-плана Сверка ПАО Россети все филиалы.Numbers(Выполнение бизнес-плана Сверка ПАО Россети все филиалы:751)
	at Выполнение бизнес-плана Сверка ПАО Россети все филиалы.run(Выполнение бизнес-плана Сверка ПАО Россети все филиалы:231)
	at com.kms.katalon.core.main.ScriptEngine.run(ScriptEngine.java:194)
	at com.kms.katalon.core.main.ScriptEngine.runScriptAsRawText(ScriptEngine.java:119)
	at com.kms.katalon.core.main.TestCaseExecutor.runScript(TestCaseExecutor.java:448)
	at com.kms.katalon.core.main.TestCaseExecutor.doExecute(TestCaseExecutor.java:439)
	at com.kms.katalon.core.main.TestCaseExecutor.processExecutionPhase(TestCaseExecutor.java:418)
	at com.kms.katalon.core.main.TestCaseExecutor.accessMainPhase(TestCaseExecutor.java:410)
	at com.kms.katalon.core.main.TestCaseExecutor.execute(TestCaseExecutor.java:285)
	at com.kms.katalon.core.common.CommonExecutor.accessTestCaseMainPhase(CommonExecutor.java:65)
	at com.kms.katalon.core.main.TestSuiteExecutor.accessTestSuiteMainPhase(TestSuiteExecutor.java:150)
	at com.kms.katalon.core.main.TestSuiteExecutor.execute(TestSuiteExecutor.java:106)
	at com.kms.katalon.core.main.TestCaseMain.startTestSuite(TestCaseMain.java:180)
	at TempTestSuite1742797761676.run(TempTestSuite1742797761676.groovy:35)
	at java.base/jdk.internal.reflect.NativeMethodAccessorImpl.invoke0(Native Method)
	at java.base/jdk.internal.reflect.NativeMethodAccessorImpl.invoke(NativeMethodAccessorImpl.java:77)
	at java.base/jdk.internal.reflect.DelegatingMethodAccessorImpl.invoke(DelegatingMethodAccessorImpl.java:43)
)

24-03-2025T11:55:10 - [TEST_STEP][PASSED] - println(numberOfErrors): null

24-03-2025T11:55:10 - [TEST_STEP][PASSED] - println("a=" + a): null

24-03-2025T11:55:10 - [TEST_STEP][PASSED] - if (a == 28 || a == 77 || a == 74 || a == 65 || a == 36 || a == 44 || a == 54 || a == 1 || a == 18 || a == 59): null

24-03-2025T11:55:10 - [TEST_STEP][PASSED] - if (a == 82): null

24-03-2025T11:55:10 - [TEST_STEP][PASSED] - dZO = "Самарские РС": null

24-03-2025T11:55:10 - [TEST_STEP][PASSED] - a = 32: null

24-03-2025T11:55:10 - [TEST_STEP][PASSED] - dzoCut = dZO.substring(0, 10): null

24-03-2025T11:55:10 - [TEST_STEP][PASSED] - if (x2.contains(dzoCut)): null

24-03-2025T11:55:10 - [TEST_STEP][PASSED] - filialNum = filialNum + 1: null

24-03-2025T11:55:10 - [TEST_STEP][PASSED] - Script1718980020443.Numbers(a, typeOfData, todaysDate, pageInt, fileInt, pageDouble, fileDouble, dZO, dzoNum, filialNum): null

24-03-2025T11:55:10 - [TEST_STEP][PASSED] - println(dzoNum): null

24-03-2025T11:55:10 - [TEST_STEP][PASSED] - planFact = <not implemented yet for class: org.codehaus.groovy.ast.expr.EmptyExpression>: null

24-03-2025T11:55:10 - [TEST_STEP][PASSED] - page = <not implemented yet for class: org.codehaus.groovy.ast.expr.EmptyExpression>: null

24-03-2025T11:55:10 - [TEST_STEP][PASSED] - page1 = <not implemented yet for class: org.codehaus.groovy.ast.expr.EmptyExpression>: null

24-03-2025T11:55:10 - [TEST_STEP][PASSED] - page2 = <not implemented yet for class: org.codehaus.groovy.ast.expr.EmptyExpression>: null

24-03-2025T11:55:10 - [TEST_STEP][PASSED] - filialNumberInRow = <not implemented yet for class: org.codehaus.groovy.ast.expr.EmptyExpression>: null

24-03-2025T11:55:10 - [TEST_STEP][PASSED] - filialsDzoNames = <not implemented yet for class: org.codehaus.groovy.ast.expr.EmptyExpression>: null

24-03-2025T11:55:10 - [TEST_STEP][PASSED] - numberOfFilials = <not implemented yet for class: org.codehaus.groovy.ast.expr.EmptyExpression>: null

24-03-2025T11:55:10 - [TEST_STEP][PASSED] - numberOfSpaces = <not implemented yet for class: org.codehaus.groovy.ast.expr.EmptyExpression>: null

24-03-2025T11:55:10 - [TEST_STEP][PASSED] - file = <not implemented yet for class: org.codehaus.groovy.ast.expr.EmptyExpression>: null

24-03-2025T11:55:10 - [TEST_STEP][PASSED] - otpusk = <not implemented yet for class: org.codehaus.groovy.ast.expr.EmptyExpression>: null

24-03-2025T11:55:10 - [TEST_STEP][PASSED] - poteri = <not implemented yet for class: org.codehaus.groovy.ast.expr.EmptyExpression>: null

24-03-2025T11:55:10 - [TEST_STEP][PASSED] - dataFolder = "Выполнение бизнес-плана/Значения со страницы Выполнение бизнес-плана/": null

24-03-2025T11:55:10 - [TEST_STEP][PASSED] - path = <not implemented yet for class: org.codehaus.groovy.ast.expr.EmptyExpression>: null

24-03-2025T11:55:10 - [TEST_STEP][PASSED] - typeOfDataMain = <not implemented yet for class: org.codehaus.groovy.ast.expr.EmptyExpression>: null

24-03-2025T11:55:10 - [TEST_STEP][PASSED] - fileOtpuskVSet = <not implemented yet for class: org.codehaus.groovy.ast.expr.EmptyExpression>: null

24-03-2025T11:55:10 - [TEST_STEP][PASSED] - pageOtpuskVSet = <not implemented yet for class: org.codehaus.groovy.ast.expr.EmptyExpression>: null

24-03-2025T11:55:10 - [TEST_STEP][PASSED] - filePoteri = <not implemented yet for class: org.codehaus.groovy.ast.expr.EmptyExpression>: null

24-03-2025T11:55:10 - [TEST_STEP][PASSED] - pagePoteri = <not implemented yet for class: org.codehaus.groovy.ast.expr.EmptyExpression>: null

24-03-2025T11:55:10 - [TEST_STEP][PASSED] - compare = <not implemented yet for class: org.codehaus.groovy.ast.expr.EmptyExpression>: null

24-03-2025T11:55:10 - [TEST_STEP][PASSED] - b = <not implemented yet for class: org.codehaus.groovy.ast.expr.EmptyExpression>: null

24-03-2025T11:55:10 - [TEST_STEP][PASSED] - i = <not implemented yet for class: org.codehaus.groovy.ast.expr.EmptyExpression>: null

24-03-2025T11:55:10 - [TEST_STEP][PASSED] - ii = <not implemented yet for class: org.codehaus.groovy.ast.expr.EmptyExpression>: null

24-03-2025T11:55:10 - [TEST_STEP][PASSED] - c = <not implemented yet for class: org.codehaus.groovy.ast.expr.EmptyExpression>: null

24-03-2025T11:55:10 - [TEST_STEP][PASSED] - numberOfErrors = 0: null

24-03-2025T11:55:10 - [TEST_STEP][PASSED] - if (a == 82): null

24-03-2025T11:55:10 - [TEST_STEP][PASSED] - b = findTestData("PlanFact").getValue(1, a): null

24-03-2025T11:55:10 - [TEST_STEP][PASSED] - i = b.indexOf(" (ГК)"): null

24-03-2025T11:55:10 - [TEST_STEP][PASSED] - if (i > -1): null

24-03-2025T11:55:10 - [TEST_STEP][PASSED] - i = b.indexOf("О ""): null

24-03-2025T11:55:10 - [TEST_STEP][PASSED] - if (i > -1): null

24-03-2025T11:55:10 - [TEST_STEP][PASSED] - i = b.indexOf("О «"): null

24-03-2025T11:55:10 - [TEST_STEP][PASSED] - if (i > -1): null

24-03-2025T11:55:10 - [TEST_STEP][PASSED] - i = b.indexOf("г. "): null

24-03-2025T11:55:10 - [TEST_STEP][PASSED] - if (i > -1): null

24-03-2025T11:55:10 - [TEST_STEP][PASSED] - b = b.trim(): null

24-03-2025T11:55:10 - [TEST_STEP][PASSED] - println(b): null

24-03-2025T11:55:10 - [TEST_STEP][PASSED] - for ([planFact = 1, planFact < 3, (planFact++)]): null

24-03-2025T11:55:10 - [TEST_STEP][PASSED] - if (planFact == 1): null

24-03-2025T11:55:10 - [TEST_STEP][PASSED] - typeOfDataMain = "Факт": null

24-03-2025T11:55:10 - [TEST_STEP][PASSED] - otpusk = findTestData("PlanFact").getValue(5, a): null

24-03-2025T11:55:10 - [TEST_STEP][PASSED] - poteri = findTestData("PlanFact").getValue(6, a): null

24-03-2025T11:55:10 - [TEST_STEP][PASSED] - otpusk = otpusk.replaceAll("\s+", ""): null

24-03-2025T11:55:10 - [TEST_STEP][PASSED] - poteri = poteri.replaceAll("\s+", ""): null

24-03-2025T11:55:10 - [TEST_STEP][PASSED] - typeOfData = typeOfDataMain + " Отпуск в сеть": null

24-03-2025T11:55:10 - [TEST_STEP][PASSED] - if (a == 82): null

24-03-2025T11:55:10 - [TEST_STEP][PASSED] - else if (a == 84): null

24-03-2025T11:55:10 - [TEST_STEP][PASSED] - else if (a == 83 || a == 52 || a == 72 || a == 28 || a == 73 || a == 77 || a == 74 || a == 65 || a == 36 || a == 44 || a == 53 || a == 80 || a == 54 || a == 1 || a == 18 || a == 59 || a == 81): null

24-03-2025T11:55:10 - [TEST_STEP][PASSED] - else: null

24-03-2025T11:55:10 - [TEST_STEP][PASSED] - path = dataFolder + typeOfData + " за отчётный период " + b: null

24-03-2025T11:55:10 - [TEST_STEP][PASSED] - println(path): null

24-03-2025T11:55:10 - [TEST_STEP][PASSED] - page = getText(findTestObject(path)): Text of object 'Object Repository/Выполнение бизнес-плана/Значения со страницы Выполнение бизнес-плана/Факт Отпуск в сеть за отчётный период Самарские РС' is: '426 120'

24-03-2025T11:55:10 - [MESSAGE][PASSED] - Text of object 'Object Repository/Выполнение бизнес-плана/Значения со страницы Выполнение бизнес-плана/Факт Отпуск в сеть за отчётный период Самарские РС' is: '426 120'

24-03-2025T11:55:10 - [TEST_STEP][PASSED] - if (page == "" || page == null): null

24-03-2025T11:55:10 - [TEST_STEP][PASSED] - else: null

24-03-2025T11:55:10 - [TEST_STEP][PASSED] - page = page.replaceAll("\s+", ""): null

24-03-2025T11:55:10 - [TEST_STEP][PASSED] - if (page == "undefined"): null

24-03-2025T11:55:10 - [TEST_STEP][PASSED] - fileOtpuskVSet = otpusk.toInteger(): null

24-03-2025T11:55:10 - [TEST_STEP][PASSED] - pageOtpuskVSet = page.toInteger(): null

24-03-2025T11:55:10 - [TEST_STEP][PASSED] - typeOfData = typeOfDataMain + " Потери": null

24-03-2025T11:55:10 - [TEST_STEP][PASSED] - if (a == 82): null

24-03-2025T11:55:10 - [TEST_STEP][PASSED] - else if (a == 84): null

24-03-2025T11:55:10 - [TEST_STEP][PASSED] - else if (a == 83 || a == 52 || a == 72 || a == 28 || a == 73 || a == 77 || a == 74 || a == 65 || a == 44 || a == 53 || a == 80 || a == 54 || a == 1 || a == 18 || a == 59 || a == 81): null

24-03-2025T11:55:10 - [TEST_STEP][PASSED] - else: null

24-03-2025T11:55:10 - [TEST_STEP][PASSED] - path = dataFolder + typeOfData + " за отчётный период " + b: null

24-03-2025T11:55:10 - [TEST_STEP][PASSED] - page = getText(findTestObject(path)): Text of object 'Object Repository/Выполнение бизнес-плана/Значения со страницы Выполнение бизнес-плана/Факт Потери за отчётный период Самарские РС' is: '23 552'

24-03-2025T11:55:10 - [MESSAGE][PASSED] - Text of object 'Object Repository/Выполнение бизнес-плана/Значения со страницы Выполнение бизнес-плана/Факт Потери за отчётный период Самарские РС' is: '23 552'

24-03-2025T11:55:10 - [TEST_STEP][PASSED] - if (page == "" || page == null): null

24-03-2025T11:55:10 - [TEST_STEP][PASSED] - else: null

24-03-2025T11:55:10 - [TEST_STEP][PASSED] - page = page.replaceAll("\s+", ""): null

24-03-2025T11:55:10 - [TEST_STEP][PASSED] - if (page == "undefined"): null

24-03-2025T11:55:10 - [TEST_STEP][PASSED] - filePoteri = poteri.toInteger(): null

24-03-2025T11:55:10 - [TEST_STEP][PASSED] - pagePoteri = page.toInteger(): null

24-03-2025T11:55:10 - [TEST_STEP][PASSED] - compare = pageOtpuskVSet: null

24-03-2025T11:55:10 - [TEST_STEP][PASSED] - if (pageOtpuskVSet != null): null

24-03-2025T11:55:10 - [TEST_STEP][PASSED] - if (compare == fileOtpuskVSet): null

24-03-2025T11:55:10 - [TEST_STEP][PASSED] - else if (compare > fileOtpuskVSet): null

24-03-2025T11:55:10 - [TEST_STEP][PASSED] - else if (compare < fileOtpuskVSet): null

24-03-2025T11:55:10 - [TEST_STEP][PASSED] - compare = compare + 1: null

24-03-2025T11:55:10 - [TEST_STEP][PASSED] - if (compare == fileOtpuskVSet): null

24-03-2025T11:55:10 - [TEST_STEP][PASSED] - else: null

24-03-2025T11:55:10 - [TEST_STEP][PASSED] - numberOfErrors = numberOfErrors + 1: null

24-03-2025T11:55:10 - [TEST_STEP][PASSED] - pageInt = pageOtpuskVSet: null

24-03-2025T11:55:10 - [TEST_STEP][PASSED] - fileInt = fileOtpuskVSet: null

24-03-2025T11:55:10 - [TEST_STEP][PASSED] - typeOfData = typeOfDataMain + " Отпуск в сеть": null

24-03-2025T11:55:10 - [TEST_STEP][PASSED] - Script1718980020443.WriteToExcel(a, typeOfData, todaysDate, pageInt, fileInt, pageDouble, fileDouble, dZO): null

24-03-2025T11:55:10 - [TEST_STEP][PASSED] - sheetName = "Sheet1": null

24-03-2025T11:55:10 - [TEST_STEP][PASSED] - data = findTestData("PlanFact"): null

24-03-2025T11:55:10 - [TEST_STEP][PASSED] - n = data.getRowNumbers() + 1: null

24-03-2025T11:55:10 - [TEST_STEP][PASSED] - day = ")).toInteger(): null

24-03-2025T11:55:10 - [TEST_STEP][PASSED] - println(day): null

24-03-2025T11:55:10 - [TEST_STEP][PASSED] - month = ")).toInteger(): null

24-03-2025T11:55:10 - [TEST_STEP][PASSED] - println(month): null

24-03-2025T11:55:10 - [TEST_STEP][PASSED] - y = <not implemented yet for class: org.codehaus.groovy.ast.expr.EmptyExpression>: null

24-03-2025T11:55:10 - [TEST_STEP][PASSED] - iy = <not implemented yet for class: org.codehaus.groovy.ast.expr.EmptyExpression>: null

24-03-2025T11:55:10 - [TEST_STEP][PASSED] - m = getText(findTestObject("Выполнение бизнес-плана/Период")): Text of object 'Object Repository/Выполнение бизнес-плана/Период' is: 'Январь 2025 года'

24-03-2025T11:55:11 - [MESSAGE][PASSED] - Text of object 'Object Repository/Выполнение бизнес-плана/Период' is: 'Январь 2025 года'

24-03-2025T11:55:11 - [TEST_STEP][PASSED] - iy = m.indexOf("20"): null

24-03-2025T11:55:11 - [TEST_STEP][PASSED] - if (iy > -1): null

24-03-2025T11:55:11 - [TEST_STEP][PASSED] - y = substring(iy, iy + 4).toInteger(): null

24-03-2025T11:55:11 - [TEST_STEP][PASSED] - println(y): null

24-03-2025T11:55:11 - [TEST_STEP][PASSED] - if (toString().length() == 4): null

24-03-2025T11:55:11 - [TEST_STEP][PASSED] - m = m.substring(0, m.indexOf(y.toString())): null

24-03-2025T11:55:11 - [TEST_STEP][PASSED] - m = m.trim(): null

24-03-2025T11:55:11 - [TEST_STEP][PASSED] - if (m == ""): null

24-03-2025T11:55:11 - [TEST_STEP][PASSED] - dashboardName = "Выполнение бизнес-плана": null

24-03-2025T11:55:11 - [TEST_STEP][PASSED] - workbook01 = getWorkbook(excelFilePath): null

24-03-2025T11:55:11 - [TEST_STEP][PASSED] - sheet01 = getExcelSheet(workbook01, sheetName): null

24-03-2025T11:55:11 - [TEST_STEP][PASSED] - setValueToCellByIndex(sheet01, n, 0, dashboardName): null

24-03-2025T11:55:11 - [TEST_STEP][PASSED] - setValueToCellByIndex(sheet01, n, 1, dZO): null

24-03-2025T11:55:11 - [TEST_STEP][PASSED] - setValueToCellByIndex(sheet01, n, 2, typeOfData): null

24-03-2025T11:55:11 - [TEST_STEP][PASSED] - if (typeOfData == "Факт в процентах" || typeOfData == "План в процентах"): null

24-03-2025T11:55:11 - [TEST_STEP][PASSED] - else: null

24-03-2025T11:55:11 - [TEST_STEP][PASSED] - setValueToCellByIndex(sheet01, n, 3, fileInt): null

24-03-2025T11:55:11 - [TEST_STEP][PASSED] - setValueToCellByIndex(sheet01, n, 4, pageInt): null

24-03-2025T11:55:11 - [TEST_STEP][PASSED] - setValueToCellByIndex(sheet01, n, 5, m): null

24-03-2025T11:55:11 - [TEST_STEP][PASSED] - setValueToCellByIndex(sheet01, n, 6, y): null

24-03-2025T11:55:11 - [TEST_STEP][PASSED] - setValueToCellByIndex(sheet01, n, 7, todaysDate): null

24-03-2025T11:55:11 - [TEST_STEP][PASSED] - n = n + 1: null

24-03-2025T11:55:11 - [TEST_STEP][PASSED] - saveWorkbook(excelFilePath, workbook01): null

24-03-2025T11:55:11 - [TEST_STEP][PASSED] - compare = pagePoteri: null

24-03-2025T11:55:11 - [TEST_STEP][PASSED] - if (pageOtpuskVSet != null): null

24-03-2025T11:55:11 - [TEST_STEP][PASSED] - if (compare == filePoteri): null

24-03-2025T11:55:11 - [TEST_STEP][PASSED] - else if (compare > filePoteri): null

24-03-2025T11:55:11 - [TEST_STEP][PASSED] - else if (compare < filePoteri): null

24-03-2025T11:55:11 - [TEST_STEP][PASSED] - compare = compare + 1: null

24-03-2025T11:55:11 - [TEST_STEP][PASSED] - if (compare == filePoteri): null

24-03-2025T11:55:11 - [TEST_STEP][PASSED] - else: null

24-03-2025T11:55:11 - [TEST_STEP][PASSED] - numberOfErrors = numberOfErrors + 1: null

24-03-2025T11:55:11 - [TEST_STEP][PASSED] - pageInt = pagePoteri: null

24-03-2025T11:55:11 - [TEST_STEP][PASSED] - fileInt = filePoteri: null

24-03-2025T11:55:11 - [TEST_STEP][PASSED] - typeOfData = typeOfDataMain + " Потери": null

24-03-2025T11:55:11 - [TEST_STEP][PASSED] - Script1718980020443.WriteToExcel(a, typeOfData, todaysDate, pageInt, fileInt, pageDouble, fileDouble, dZO): null

24-03-2025T11:55:11 - [TEST_STEP][PASSED] - sheetName = "Sheet1": null

24-03-2025T11:55:11 - [TEST_STEP][PASSED] - data = findTestData("PlanFact"): null

24-03-2025T11:55:11 - [TEST_STEP][PASSED] - n = data.getRowNumbers() + 1: null

24-03-2025T11:55:11 - [TEST_STEP][PASSED] - day = ")).toInteger(): null

24-03-2025T11:55:11 - [TEST_STEP][PASSED] - println(day): null

24-03-2025T11:55:11 - [TEST_STEP][PASSED] - month = ")).toInteger(): null

24-03-2025T11:55:11 - [TEST_STEP][PASSED] - println(month): null

24-03-2025T11:55:11 - [TEST_STEP][PASSED] - y = <not implemented yet for class: org.codehaus.groovy.ast.expr.EmptyExpression>: null

24-03-2025T11:55:11 - [TEST_STEP][PASSED] - iy = <not implemented yet for class: org.codehaus.groovy.ast.expr.EmptyExpression>: null

24-03-2025T11:55:11 - [TEST_STEP][PASSED] - m = getText(findTestObject("Выполнение бизнес-плана/Период")): Text of object 'Object Repository/Выполнение бизнес-плана/Период' is: 'Январь 2025 года'

24-03-2025T11:55:11 - [MESSAGE][PASSED] - Text of object 'Object Repository/Выполнение бизнес-плана/Период' is: 'Январь 2025 года'

24-03-2025T11:55:11 - [TEST_STEP][PASSED] - iy = m.indexOf("20"): null

24-03-2025T11:55:11 - [TEST_STEP][PASSED] - if (iy > -1): null

24-03-2025T11:55:11 - [TEST_STEP][PASSED] - y = substring(iy, iy + 4).toInteger(): null

24-03-2025T11:55:11 - [TEST_STEP][PASSED] - println(y): null

24-03-2025T11:55:11 - [TEST_STEP][PASSED] - if (toString().length() == 4): null

24-03-2025T11:55:11 - [TEST_STEP][PASSED] - m = m.substring(0, m.indexOf(y.toString())): null

24-03-2025T11:55:11 - [TEST_STEP][PASSED] - m = m.trim(): null

24-03-2025T11:55:11 - [TEST_STEP][PASSED] - if (m == ""): null

24-03-2025T11:55:11 - [TEST_STEP][PASSED] - dashboardName = "Выполнение бизнес-плана": null

24-03-2025T11:55:11 - [TEST_STEP][PASSED] - workbook01 = getWorkbook(excelFilePath): null

24-03-2025T11:55:11 - [TEST_STEP][PASSED] - sheet01 = getExcelSheet(workbook01, sheetName): null

24-03-2025T11:55:11 - [TEST_STEP][PASSED] - setValueToCellByIndex(sheet01, n, 0, dashboardName): null

24-03-2025T11:55:11 - [TEST_STEP][PASSED] - setValueToCellByIndex(sheet01, n, 1, dZO): null

24-03-2025T11:55:11 - [TEST_STEP][PASSED] - setValueToCellByIndex(sheet01, n, 2, typeOfData): null

24-03-2025T11:55:11 - [TEST_STEP][PASSED] - if (typeOfData == "Факт в процентах" || typeOfData == "План в процентах"): null

24-03-2025T11:55:11 - [TEST_STEP][PASSED] - else: null

24-03-2025T11:55:11 - [TEST_STEP][PASSED] - setValueToCellByIndex(sheet01, n, 3, fileInt): null

24-03-2025T11:55:11 - [TEST_STEP][PASSED] - setValueToCellByIndex(sheet01, n, 4, pageInt): null

24-03-2025T11:55:11 - [TEST_STEP][PASSED] - setValueToCellByIndex(sheet01, n, 5, m): null

24-03-2025T11:55:11 - [TEST_STEP][PASSED] - setValueToCellByIndex(sheet01, n, 6, y): null

24-03-2025T11:55:11 - [TEST_STEP][PASSED] - setValueToCellByIndex(sheet01, n, 7, todaysDate): null

24-03-2025T11:55:11 - [TEST_STEP][PASSED] - n = n + 1: null

24-03-2025T11:55:11 - [TEST_STEP][PASSED] - saveWorkbook(excelFilePath, workbook01): null

24-03-2025T11:55:12 - [TEST_STEP][PASSED] - if (planFact == 2): null

24-03-2025T11:55:12 - [TEST_STEP][PASSED] - if (planFact == 1): null

24-03-2025T11:55:12 - [TEST_STEP][PASSED] - else if (planFact == 2): null

24-03-2025T11:55:12 - [TEST_STEP][PASSED] - click(findTestObject("Выполнение бизнес-плана/Кнопка План")): Object: 'Object Repository/Выполнение бизнес-плана/Кнопка План' is clicked on

24-03-2025T11:55:12 - [MESSAGE][PASSED] - Object: 'Object Repository/Выполнение бизнес-плана/Кнопка План' is clicked on

24-03-2025T11:55:12 - [TEST_STEP][PASSED] - typeOfDataMain = "План": null

24-03-2025T11:55:12 - [TEST_STEP][PASSED] - otpusk = findTestData("PlanFact").getValue(2, a): null

24-03-2025T11:55:12 - [TEST_STEP][PASSED] - poteri = findTestData("PlanFact").getValue(3, a): null

24-03-2025T11:55:12 - [TEST_STEP][PASSED] - otpusk = otpusk.replaceAll("\s+", ""): null

24-03-2025T11:55:12 - [TEST_STEP][PASSED] - poteri = poteri.replaceAll("\s+", ""): null

24-03-2025T11:55:12 - [TEST_STEP][PASSED] - typeOfData = typeOfDataMain + " Отпуск в сеть": null

24-03-2025T11:55:12 - [TEST_STEP][PASSED] - if (a == 82): null

24-03-2025T11:55:12 - [TEST_STEP][PASSED] - else if (a == 84): null

24-03-2025T11:55:12 - [TEST_STEP][PASSED] - else if (a == 83 || a == 52 || a == 72 || a == 28 || a == 73 || a == 77 || a == 74 || a == 65 || a == 36 || a == 44 || a == 53 || a == 80 || a == 54 || a == 1 || a == 18 || a == 59 || a == 81): null

24-03-2025T11:55:12 - [TEST_STEP][PASSED] - else: null

24-03-2025T11:55:12 - [TEST_STEP][PASSED] - path = dataFolder + typeOfData + " за отчётный период " + b: null

24-03-2025T11:55:12 - [TEST_STEP][PASSED] - println(path): null

24-03-2025T11:55:12 - [TEST_STEP][PASSED] - page = getText(findTestObject(path)): Text of object 'Object Repository/Выполнение бизнес-плана/Значения со страницы Выполнение бизнес-плана/План Отпуск в сеть за отчётный период Самарские РС' is: '439 261'

24-03-2025T11:55:12 - [MESSAGE][PASSED] - Text of object 'Object Repository/Выполнение бизнес-плана/Значения со страницы Выполнение бизнес-плана/План Отпуск в сеть за отчётный период Самарские РС' is: '439 261'

24-03-2025T11:55:12 - [TEST_STEP][PASSED] - if (page == "" || page == null): null

24-03-2025T11:55:12 - [TEST_STEP][PASSED] - else: null

24-03-2025T11:55:12 - [TEST_STEP][PASSED] - page = page.replaceAll("\s+", ""): null

24-03-2025T11:55:12 - [TEST_STEP][PASSED] - if (page == "undefined"): null

24-03-2025T11:55:12 - [TEST_STEP][PASSED] - fileOtpuskVSet = otpusk.toInteger(): null

24-03-2025T11:55:12 - [TEST_STEP][PASSED] - pageOtpuskVSet = page.toInteger(): null

24-03-2025T11:55:12 - [TEST_STEP][PASSED] - typeOfData = typeOfDataMain + " Потери": null

24-03-2025T11:55:12 - [TEST_STEP][PASSED] - if (a == 82): null

24-03-2025T11:55:12 - [TEST_STEP][PASSED] - else if (a == 84): null

24-03-2025T11:55:12 - [TEST_STEP][PASSED] - else if (a == 83 || a == 52 || a == 72 || a == 28 || a == 73 || a == 77 || a == 74 || a == 65 || a == 44 || a == 53 || a == 80 || a == 54 || a == 1 || a == 18 || a == 59 || a == 81): null

24-03-2025T11:55:12 - [TEST_STEP][PASSED] - else: null

24-03-2025T11:55:12 - [TEST_STEP][PASSED] - path = dataFolder + typeOfData + " за отчётный период " + b: null

24-03-2025T11:55:12 - [TEST_STEP][PASSED] - page = getText(findTestObject(path)): Text of object 'Object Repository/Выполнение бизнес-плана/Значения со страницы Выполнение бизнес-плана/План Потери за отчётный период Самарские РС' is: '32 541'

24-03-2025T11:55:13 - [MESSAGE][PASSED] - Text of object 'Object Repository/Выполнение бизнес-плана/Значения со страницы Выполнение бизнес-плана/План Потери за отчётный период Самарские РС' is: '32 541'

24-03-2025T11:55:13 - [TEST_STEP][PASSED] - if (page == "" || page == null): null

24-03-2025T11:55:13 - [TEST_STEP][PASSED] - else: null

24-03-2025T11:55:13 - [TEST_STEP][PASSED] - page = page.replaceAll("\s+", ""): null

24-03-2025T11:55:13 - [TEST_STEP][PASSED] - if (page == "undefined"): null

24-03-2025T11:55:13 - [TEST_STEP][PASSED] - filePoteri = poteri.toInteger(): null

24-03-2025T11:55:13 - [TEST_STEP][PASSED] - pagePoteri = page.toInteger(): null

24-03-2025T11:55:13 - [TEST_STEP][PASSED] - compare = pageOtpuskVSet: null

24-03-2025T11:55:13 - [TEST_STEP][PASSED] - if (pageOtpuskVSet != null): null

24-03-2025T11:55:13 - [TEST_STEP][PASSED] - if (compare == fileOtpuskVSet): null

24-03-2025T11:55:13 - [TEST_STEP][PASSED] - else if (compare > fileOtpuskVSet): null

24-03-2025T11:55:13 - [TEST_STEP][PASSED] - else if (compare < fileOtpuskVSet): null

24-03-2025T11:55:13 - [TEST_STEP][PASSED] - compare = compare + 1: null

24-03-2025T11:55:13 - [TEST_STEP][PASSED] - if (compare == fileOtpuskVSet): null

24-03-2025T11:55:13 - [TEST_STEP][PASSED] - else: null

24-03-2025T11:55:13 - [TEST_STEP][PASSED] - numberOfErrors = numberOfErrors + 1: null

24-03-2025T11:55:13 - [TEST_STEP][PASSED] - pageInt = pageOtpuskVSet: null

24-03-2025T11:55:13 - [TEST_STEP][PASSED] - fileInt = fileOtpuskVSet: null

24-03-2025T11:55:13 - [TEST_STEP][PASSED] - typeOfData = typeOfDataMain + " Отпуск в сеть": null

24-03-2025T11:55:13 - [TEST_STEP][PASSED] - Script1718980020443.WriteToExcel(a, typeOfData, todaysDate, pageInt, fileInt, pageDouble, fileDouble, dZO): null

24-03-2025T11:55:13 - [TEST_STEP][PASSED] - sheetName = "Sheet1": null

24-03-2025T11:55:13 - [TEST_STEP][PASSED] - data = findTestData("PlanFact"): null

24-03-2025T11:55:13 - [TEST_STEP][PASSED] - n = data.getRowNumbers() + 1: null

24-03-2025T11:55:13 - [TEST_STEP][PASSED] - day = ")).toInteger(): null

24-03-2025T11:55:13 - [TEST_STEP][PASSED] - println(day): null

24-03-2025T11:55:13 - [TEST_STEP][PASSED] - month = ")).toInteger(): null

24-03-2025T11:55:13 - [TEST_STEP][PASSED] - println(month): null

24-03-2025T11:55:13 - [TEST_STEP][PASSED] - y = <not implemented yet for class: org.codehaus.groovy.ast.expr.EmptyExpression>: null

24-03-2025T11:55:13 - [TEST_STEP][PASSED] - iy = <not implemented yet for class: org.codehaus.groovy.ast.expr.EmptyExpression>: null

24-03-2025T11:55:13 - [TEST_STEP][PASSED] - m = getText(findTestObject("Выполнение бизнес-плана/Период")): Text of object 'Object Repository/Выполнение бизнес-плана/Период' is: 'Январь 2025 года'

24-03-2025T11:55:13 - [MESSAGE][PASSED] - Text of object 'Object Repository/Выполнение бизнес-плана/Период' is: 'Январь 2025 года'

24-03-2025T11:55:13 - [TEST_STEP][PASSED] - iy = m.indexOf("20"): null

24-03-2025T11:55:13 - [TEST_STEP][PASSED] - if (iy > -1): null

24-03-2025T11:55:13 - [TEST_STEP][PASSED] - y = substring(iy, iy + 4).toInteger(): null

24-03-2025T11:55:13 - [TEST_STEP][PASSED] - println(y): null

24-03-2025T11:55:13 - [TEST_STEP][PASSED] - if (toString().length() == 4): null

24-03-2025T11:55:13 - [TEST_STEP][PASSED] - m = m.substring(0, m.indexOf(y.toString())): null

24-03-2025T11:55:13 - [TEST_STEP][PASSED] - m = m.trim(): null

24-03-2025T11:55:13 - [TEST_STEP][PASSED] - if (m == ""): null

24-03-2025T11:55:13 - [TEST_STEP][PASSED] - dashboardName = "Выполнение бизнес-плана": null

24-03-2025T11:55:13 - [TEST_STEP][PASSED] - workbook01 = getWorkbook(excelFilePath): null

24-03-2025T11:55:13 - [TEST_STEP][PASSED] - sheet01 = getExcelSheet(workbook01, sheetName): null

24-03-2025T11:55:13 - [TEST_STEP][PASSED] - setValueToCellByIndex(sheet01, n, 0, dashboardName): null

24-03-2025T11:55:13 - [TEST_STEP][PASSED] - setValueToCellByIndex(sheet01, n, 1, dZO): null

24-03-2025T11:55:13 - [TEST_STEP][PASSED] - setValueToCellByIndex(sheet01, n, 2, typeOfData): null

24-03-2025T11:55:13 - [TEST_STEP][PASSED] - if (typeOfData == "Факт в процентах" || typeOfData == "План в процентах"): null

24-03-2025T11:55:13 - [TEST_STEP][PASSED] - else: null

24-03-2025T11:55:13 - [TEST_STEP][PASSED] - setValueToCellByIndex(sheet01, n, 3, fileInt): null

24-03-2025T11:55:13 - [TEST_STEP][PASSED] - setValueToCellByIndex(sheet01, n, 4, pageInt): null

24-03-2025T11:55:13 - [TEST_STEP][PASSED] - setValueToCellByIndex(sheet01, n, 5, m): null

24-03-2025T11:55:13 - [TEST_STEP][PASSED] - setValueToCellByIndex(sheet01, n, 6, y): null

24-03-2025T11:55:13 - [TEST_STEP][PASSED] - setValueToCellByIndex(sheet01, n, 7, todaysDate): null

24-03-2025T11:55:13 - [TEST_STEP][PASSED] - n = n + 1: null

24-03-2025T11:55:13 - [TEST_STEP][PASSED] - saveWorkbook(excelFilePath, workbook01): null

24-03-2025T11:55:13 - [TEST_STEP][PASSED] - compare = pagePoteri: null

24-03-2025T11:55:13 - [TEST_STEP][PASSED] - if (pageOtpuskVSet != null): null

24-03-2025T11:55:13 - [TEST_STEP][PASSED] - if (compare == filePoteri): null

24-03-2025T11:55:13 - [TEST_STEP][PASSED] - else if (compare > filePoteri): null

24-03-2025T11:55:13 - [TEST_STEP][PASSED] - else if (compare < filePoteri): null

24-03-2025T11:55:13 - [TEST_STEP][PASSED] - compare = compare + 1: null

24-03-2025T11:55:13 - [TEST_STEP][PASSED] - if (compare == filePoteri): null

24-03-2025T11:55:13 - [TEST_STEP][PASSED] - else: null

24-03-2025T11:55:13 - [TEST_STEP][PASSED] - numberOfErrors = numberOfErrors + 1: null

24-03-2025T11:55:13 - [TEST_STEP][PASSED] - pageInt = pagePoteri: null

24-03-2025T11:55:13 - [TEST_STEP][PASSED] - fileInt = filePoteri: null

24-03-2025T11:55:13 - [TEST_STEP][PASSED] - typeOfData = typeOfDataMain + " Потери": null

24-03-2025T11:55:13 - [TEST_STEP][PASSED] - Script1718980020443.WriteToExcel(a, typeOfData, todaysDate, pageInt, fileInt, pageDouble, fileDouble, dZO): null

24-03-2025T11:55:13 - [TEST_STEP][PASSED] - sheetName = "Sheet1": null

24-03-2025T11:55:13 - [TEST_STEP][PASSED] - data = findTestData("PlanFact"): null

24-03-2025T11:55:13 - [TEST_STEP][PASSED] - n = data.getRowNumbers() + 1: null

24-03-2025T11:55:13 - [TEST_STEP][PASSED] - day = ")).toInteger(): null

24-03-2025T11:55:13 - [TEST_STEP][PASSED] - println(day): null

24-03-2025T11:55:13 - [TEST_STEP][PASSED] - month = ")).toInteger(): null

24-03-2025T11:55:13 - [TEST_STEP][PASSED] - println(month): null

24-03-2025T11:55:13 - [TEST_STEP][PASSED] - y = <not implemented yet for class: org.codehaus.groovy.ast.expr.EmptyExpression>: null

24-03-2025T11:55:13 - [TEST_STEP][PASSED] - iy = <not implemented yet for class: org.codehaus.groovy.ast.expr.EmptyExpression>: null

24-03-2025T11:55:13 - [TEST_STEP][PASSED] - m = getText(findTestObject("Выполнение бизнес-плана/Период")): Text of object 'Object Repository/Выполнение бизнес-плана/Период' is: 'Январь 2025 года'

24-03-2025T11:55:14 - [MESSAGE][PASSED] - Text of object 'Object Repository/Выполнение бизнес-плана/Период' is: 'Январь 2025 года'

24-03-2025T11:55:14 - [TEST_STEP][PASSED] - iy = m.indexOf("20"): null

24-03-2025T11:55:14 - [TEST_STEP][PASSED] - if (iy > -1): null

24-03-2025T11:55:14 - [TEST_STEP][PASSED] - y = substring(iy, iy + 4).toInteger(): null

24-03-2025T11:55:14 - [TEST_STEP][PASSED] - println(y): null

24-03-2025T11:55:14 - [TEST_STEP][PASSED] - if (toString().length() == 4): null

24-03-2025T11:55:14 - [TEST_STEP][PASSED] - m = m.substring(0, m.indexOf(y.toString())): null

24-03-2025T11:55:14 - [TEST_STEP][PASSED] - m = m.trim(): null

24-03-2025T11:55:14 - [TEST_STEP][PASSED] - if (m == ""): null

24-03-2025T11:55:14 - [TEST_STEP][PASSED] - dashboardName = "Выполнение бизнес-плана": null

24-03-2025T11:55:14 - [TEST_STEP][PASSED] - workbook01 = getWorkbook(excelFilePath): null

24-03-2025T11:55:14 - [TEST_STEP][PASSED] - sheet01 = getExcelSheet(workbook01, sheetName): null

24-03-2025T11:55:14 - [TEST_STEP][PASSED] - setValueToCellByIndex(sheet01, n, 0, dashboardName): null

24-03-2025T11:55:14 - [TEST_STEP][PASSED] - setValueToCellByIndex(sheet01, n, 1, dZO): null

24-03-2025T11:55:14 - [TEST_STEP][PASSED] - setValueToCellByIndex(sheet01, n, 2, typeOfData): null

24-03-2025T11:55:14 - [TEST_STEP][PASSED] - if (typeOfData == "Факт в процентах" || typeOfData == "План в процентах"): null

24-03-2025T11:55:14 - [TEST_STEP][PASSED] - else: null

24-03-2025T11:55:14 - [TEST_STEP][PASSED] - setValueToCellByIndex(sheet01, n, 3, fileInt): null

24-03-2025T11:55:14 - [TEST_STEP][PASSED] - setValueToCellByIndex(sheet01, n, 4, pageInt): null

24-03-2025T11:55:14 - [TEST_STEP][PASSED] - setValueToCellByIndex(sheet01, n, 5, m): null

24-03-2025T11:55:14 - [TEST_STEP][PASSED] - setValueToCellByIndex(sheet01, n, 6, y): null

24-03-2025T11:55:14 - [TEST_STEP][PASSED] - setValueToCellByIndex(sheet01, n, 7, todaysDate): null

24-03-2025T11:55:14 - [TEST_STEP][PASSED] - n = n + 1: null

24-03-2025T11:55:14 - [TEST_STEP][PASSED] - saveWorkbook(excelFilePath, workbook01): Object: 'Object Repository/Выполнение бизнес-плана/Кнопка Факт' is clicked on

24-03-2025T11:55:14 - [TEST_STEP][PASSED] - if (planFact == 2): Object: 'Object Repository/Выполнение бизнес-плана/Кнопка Факт' is clicked on

24-03-2025T11:55:14 - [TEST_STEP][PASSED] - click(findTestObject("Выполнение бизнес-плана/Кнопка Факт")): Object: 'Object Repository/Выполнение бизнес-плана/Кнопка Факт' is clicked on

24-03-2025T11:55:14 - [MESSAGE][PASSED] - Object: 'Object Repository/Выполнение бизнес-плана/Кнопка Факт' is clicked on

24-03-2025T11:55:14 - [TEST_STEP][PASSED] - println("a=" + a): null

24-03-2025T11:55:14 - [TEST_STEP][PASSED] - if (a == 84 || a == 82): null

24-03-2025T11:55:14 - [TEST_STEP][PASSED] - else if (a == 83 || a == 52 || a == 72 || a == 28 || a == 73 || a == 77 || a == 74 || a == 65 || a == 36 || a == 44 || a == 53 || a == 80 || a == 54 || a == 1 || a == 18 || a == 59 || a == 81): null

24-03-2025T11:55:14 - [TEST_STEP][PASSED] - else: null

24-03-2025T11:55:14 - [TEST_STEP][PASSED] - page1 = getText(findTestObject("Object Repository/Выполнение бизнес-плана/spanPlan" + filialNum)): Text of object 'Object Repository/Выполнение бизнес-плана/spanPlan2' is: '4.75
|'

24-03-2025T11:55:15 - [MESSAGE][PASSED] - Text of object 'Object Repository/Выполнение бизнес-плана/spanPlan2' is: '4.75
|'

24-03-2025T11:55:15 - [TEST_STEP][PASSED] - page1 = page1.replace("|", ""): null

24-03-2025T11:55:15 - [TEST_STEP][PASSED] - page2 = getText(findTestObject("Object Repository/Выполнение бизнес-плана/spanFact" + filialNum)): Text of object 'Object Repository/Выполнение бизнес-плана/spanFact2' is: '4.45
|'

24-03-2025T11:55:15 - [MESSAGE][PASSED] - Text of object 'Object Repository/Выполнение бизнес-плана/spanFact2' is: '4.45
|'

24-03-2025T11:55:15 - [TEST_STEP][PASSED] - page2 = page2.replace("|", ""): null

24-03-2025T11:55:15 - [TEST_STEP][PASSED] - println("page1: " + page1): null

24-03-2025T11:55:15 - [TEST_STEP][PASSED] - println("page2: " + page2): null

24-03-2025T11:55:15 - [TEST_STEP][PASSED] - file = findTestData("PlanFact").getValue(4, a): null

24-03-2025T11:55:15 - [TEST_STEP][PASSED] - file = file.replace(",", "."): null

24-03-2025T11:55:15 - [TEST_STEP][PASSED] - println("file Plan: " + file): null

24-03-2025T11:55:15 - [TEST_STEP][PASSED] - typeOfData = "План в процентах": null

24-03-2025T11:55:15 - [TEST_STEP][PASSED] - fileDouble = file.toDouble(): null

24-03-2025T11:55:15 - [TEST_STEP][PASSED] - pageDouble = page1.toDouble(): null

24-03-2025T11:55:15 - [TEST_STEP][PASSED] - if (fileDouble != pageDouble): null

24-03-2025T11:55:15 - [TEST_STEP][PASSED] - file = findTestData("PlanFact").getValue(7, a): null

24-03-2025T11:55:15 - [TEST_STEP][PASSED] - file = file.replace(",", "."): null

24-03-2025T11:55:15 - [TEST_STEP][PASSED] - println("file Fact: " + file): null

24-03-2025T11:55:15 - [TEST_STEP][PASSED] - fileDouble = file.toDouble(): null

24-03-2025T11:55:15 - [TEST_STEP][PASSED] - typeOfData = "Факт в процентах": null

24-03-2025T11:55:15 - [TEST_STEP][PASSED] - fileDouble = file.toDouble(): null

24-03-2025T11:55:15 - [TEST_STEP][PASSED] - pageDouble = page2.toDouble(): null

24-03-2025T11:55:15 - [TEST_STEP][PASSED] - if (fileDouble != pageDouble): null

24-03-2025T11:55:15 - [TEST_STEP][FAILED] - if (verifyEqual(numberOfErrors, 0) == false): null

24-03-2025T11:55:15 - [MESSAGE][FAILED] - Unable to verify equal between actual object '4' and expected object '0' (Root cause: com.kms.katalon.core.exception.StepFailedException: Actual object '4' and expected object '0' are not equal
	at com.kms.katalon.core.keyword.builtin.VerifyEqualKeyword$_verifyEqual_closure1.doCall(VerifyEqualKeyword.groovy:58)
	at com.kms.katalon.core.keyword.builtin.VerifyEqualKeyword$_verifyEqual_closure1.call(VerifyEqualKeyword.groovy)
	at com.kms.katalon.core.keyword.internal.KeywordMain.runKeyword(KeywordMain.groovy:75)
	at com.kms.katalon.core.keyword.builtin.VerifyEqualKeyword.verifyEqual(VerifyEqualKeyword.groovy:63)
	at com.kms.katalon.core.keyword.builtin.VerifyEqualKeyword.execute(VerifyEqualKeyword.groovy:44)
	at com.kms.katalon.core.keyword.internal.KeywordExecutor.executeKeywordForPlatform(KeywordExecutor.groovy:74)
	at com.kms.katalon.core.keyword.BuiltinKeywords.verifyEqual(BuiltinKeywords.groovy:146)
	at jdk.internal.reflect.GeneratedMethodAccessor22.invoke(Unknown Source)
	at java.base/jdk.internal.reflect.DelegatingMethodAccessorImpl.invoke(DelegatingMethodAccessorImpl.java:43)
	at Выполнение бизнес-плана Сверка ПАО Россети все филиалы.Numbers(Выполнение бизнес-плана Сверка ПАО Россети все филиалы:744)
	at Выполнение бизнес-плана Сверка ПАО Россети все филиалы.Filials(Выполнение бизнес-плана Сверка ПАО Россети все филиалы:965)
	at Выполнение бизнес-плана Сверка ПАО Россети все филиалы.Numbers(Выполнение бизнес-плана Сверка ПАО Россети все филиалы:751)
	at Выполнение бизнес-плана Сверка ПАО Россети все филиалы.run(Выполнение бизнес-плана Сверка ПАО Россети все филиалы:231)
	at com.kms.katalon.core.main.ScriptEngine.run(ScriptEngine.java:194)
	at com.kms.katalon.core.main.ScriptEngine.runScriptAsRawText(ScriptEngine.java:119)
	at com.kms.katalon.core.main.TestCaseExecutor.runScript(TestCaseExecutor.java:448)
	at com.kms.katalon.core.main.TestCaseExecutor.doExecute(TestCaseExecutor.java:439)
	at com.kms.katalon.core.main.TestCaseExecutor.processExecutionPhase(TestCaseExecutor.java:418)
	at com.kms.katalon.core.main.TestCaseExecutor.accessMainPhase(TestCaseExecutor.java:410)
	at com.kms.katalon.core.main.TestCaseExecutor.execute(TestCaseExecutor.java:285)
	at com.kms.katalon.core.common.CommonExecutor.accessTestCaseMainPhase(CommonExecutor.java:65)
	at com.kms.katalon.core.main.TestSuiteExecutor.accessTestSuiteMainPhase(TestSuiteExecutor.java:150)
	at com.kms.katalon.core.main.TestSuiteExecutor.execute(TestSuiteExecutor.java:106)
	at com.kms.katalon.core.main.TestCaseMain.startTestSuite(TestCaseMain.java:180)
	at TempTestSuite1742797761676.run(TempTestSuite1742797761676.groovy:35)
	at java.base/jdk.internal.reflect.NativeMethodAccessorImpl.invoke0(Native Method)
	at java.base/jdk.internal.reflect.NativeMethodAccessorImpl.invoke(NativeMethodAccessorImpl.java:77)
	at java.base/jdk.internal.reflect.DelegatingMethodAccessorImpl.invoke(DelegatingMethodAccessorImpl.java:43)
)

24-03-2025T11:55:15 - [TEST_STEP][PASSED] - println(numberOfErrors): null

24-03-2025T11:55:15 - [TEST_STEP][PASSED] - println("a=" + a): null

24-03-2025T11:55:15 - [TEST_STEP][PASSED] - if (a == 28 || a == 77 || a == 74 || a == 65 || a == 36 || a == 44 || a == 54 || a == 1 || a == 18 || a == 59): null

24-03-2025T11:55:15 - [TEST_STEP][PASSED] - if (a == 82): null

24-03-2025T11:55:15 - [TEST_STEP][PASSED] - dZO = "Саратовские РС": null

24-03-2025T11:55:15 - [TEST_STEP][PASSED] - a = 33: null

24-03-2025T11:55:15 - [TEST_STEP][PASSED] - dzoCut = dZO.substring(0, 10): null

24-03-2025T11:55:15 - [TEST_STEP][PASSED] - if (x2.contains(dzoCut)): null

24-03-2025T11:55:15 - [TEST_STEP][PASSED] - filialNum = filialNum + 1: null

24-03-2025T11:55:15 - [TEST_STEP][PASSED] - Script1718980020443.Numbers(a, typeOfData, todaysDate, pageInt, fileInt, pageDouble, fileDouble, dZO, dzoNum, filialNum): null

24-03-2025T11:55:15 - [TEST_STEP][PASSED] - println(dzoNum): null

24-03-2025T11:55:15 - [TEST_STEP][PASSED] - planFact = <not implemented yet for class: org.codehaus.groovy.ast.expr.EmptyExpression>: null

24-03-2025T11:55:15 - [TEST_STEP][PASSED] - page = <not implemented yet for class: org.codehaus.groovy.ast.expr.EmptyExpression>: null

24-03-2025T11:55:15 - [TEST_STEP][PASSED] - page1 = <not implemented yet for class: org.codehaus.groovy.ast.expr.EmptyExpression>: null

24-03-2025T11:55:15 - [TEST_STEP][PASSED] - page2 = <not implemented yet for class: org.codehaus.groovy.ast.expr.EmptyExpression>: null

24-03-2025T11:55:15 - [TEST_STEP][PASSED] - filialNumberInRow = <not implemented yet for class: org.codehaus.groovy.ast.expr.EmptyExpression>: null

24-03-2025T11:55:15 - [TEST_STEP][PASSED] - filialsDzoNames = <not implemented yet for class: org.codehaus.groovy.ast.expr.EmptyExpression>: null

24-03-2025T11:55:15 - [TEST_STEP][PASSED] - numberOfFilials = <not implemented yet for class: org.codehaus.groovy.ast.expr.EmptyExpression>: null

24-03-2025T11:55:15 - [TEST_STEP][PASSED] - numberOfSpaces = <not implemented yet for class: org.codehaus.groovy.ast.expr.EmptyExpression>: null

24-03-2025T11:55:15 - [TEST_STEP][PASSED] - file = <not implemented yet for class: org.codehaus.groovy.ast.expr.EmptyExpression>: null

24-03-2025T11:55:15 - [TEST_STEP][PASSED] - otpusk = <not implemented yet for class: org.codehaus.groovy.ast.expr.EmptyExpression>: null

24-03-2025T11:55:15 - [TEST_STEP][PASSED] - poteri = <not implemented yet for class: org.codehaus.groovy.ast.expr.EmptyExpression>: null

24-03-2025T11:55:15 - [TEST_STEP][PASSED] - dataFolder = "Выполнение бизнес-плана/Значения со страницы Выполнение бизнес-плана/": null

24-03-2025T11:55:15 - [TEST_STEP][PASSED] - path = <not implemented yet for class: org.codehaus.groovy.ast.expr.EmptyExpression>: null

24-03-2025T11:55:15 - [TEST_STEP][PASSED] - typeOfDataMain = <not implemented yet for class: org.codehaus.groovy.ast.expr.EmptyExpression>: null

24-03-2025T11:55:15 - [TEST_STEP][PASSED] - fileOtpuskVSet = <not implemented yet for class: org.codehaus.groovy.ast.expr.EmptyExpression>: null

24-03-2025T11:55:15 - [TEST_STEP][PASSED] - pageOtpuskVSet = <not implemented yet for class: org.codehaus.groovy.ast.expr.EmptyExpression>: null

24-03-2025T11:55:15 - [TEST_STEP][PASSED] - filePoteri = <not implemented yet for class: org.codehaus.groovy.ast.expr.EmptyExpression>: null

24-03-2025T11:55:15 - [TEST_STEP][PASSED] - pagePoteri = <not implemented yet for class: org.codehaus.groovy.ast.expr.EmptyExpression>: null

24-03-2025T11:55:15 - [TEST_STEP][PASSED] - compare = <not implemented yet for class: org.codehaus.groovy.ast.expr.EmptyExpression>: null

24-03-2025T11:55:15 - [TEST_STEP][PASSED] - b = <not implemented yet for class: org.codehaus.groovy.ast.expr.EmptyExpression>: null

24-03-2025T11:55:15 - [TEST_STEP][PASSED] - i = <not implemented yet for class: org.codehaus.groovy.ast.expr.EmptyExpression>: null

24-03-2025T11:55:15 - [TEST_STEP][PASSED] - ii = <not implemented yet for class: org.codehaus.groovy.ast.expr.EmptyExpression>: null

24-03-2025T11:55:15 - [TEST_STEP][PASSED] - c = <not implemented yet for class: org.codehaus.groovy.ast.expr.EmptyExpression>: null

24-03-2025T11:55:15 - [TEST_STEP][PASSED] - numberOfErrors = 0: null

24-03-2025T11:55:15 - [TEST_STEP][PASSED] - if (a == 82): null

24-03-2025T11:55:15 - [TEST_STEP][PASSED] - b = findTestData("PlanFact").getValue(1, a): null

24-03-2025T11:55:15 - [TEST_STEP][PASSED] - i = b.indexOf(" (ГК)"): null

24-03-2025T11:55:15 - [TEST_STEP][PASSED] - if (i > -1): null

24-03-2025T11:55:15 - [TEST_STEP][PASSED] - i = b.indexOf("О ""): null

24-03-2025T11:55:15 - [TEST_STEP][PASSED] - if (i > -1): null

24-03-2025T11:55:15 - [TEST_STEP][PASSED] - i = b.indexOf("О «"): null

24-03-2025T11:55:15 - [TEST_STEP][PASSED] - if (i > -1): null

24-03-2025T11:55:15 - [TEST_STEP][PASSED] - i = b.indexOf("г. "): null

24-03-2025T11:55:15 - [TEST_STEP][PASSED] - if (i > -1): null

24-03-2025T11:55:15 - [TEST_STEP][PASSED] - b = b.trim(): null

24-03-2025T11:55:15 - [TEST_STEP][PASSED] - println(b): null

24-03-2025T11:55:15 - [TEST_STEP][PASSED] - for ([planFact = 1, planFact < 3, (planFact++)]): null

24-03-2025T11:55:15 - [TEST_STEP][PASSED] - if (planFact == 1): null

24-03-2025T11:55:15 - [TEST_STEP][PASSED] - typeOfDataMain = "Факт": null

24-03-2025T11:55:15 - [TEST_STEP][PASSED] - otpusk = findTestData("PlanFact").getValue(5, a): null

24-03-2025T11:55:15 - [TEST_STEP][PASSED] - poteri = findTestData("PlanFact").getValue(6, a): null

24-03-2025T11:55:15 - [TEST_STEP][PASSED] - otpusk = otpusk.replaceAll("\s+", ""): null

24-03-2025T11:55:15 - [TEST_STEP][PASSED] - poteri = poteri.replaceAll("\s+", ""): null

24-03-2025T11:55:15 - [TEST_STEP][PASSED] - typeOfData = typeOfDataMain + " Отпуск в сеть": null

24-03-2025T11:55:15 - [TEST_STEP][PASSED] - if (a == 82): null

24-03-2025T11:55:15 - [TEST_STEP][PASSED] - else if (a == 84): null

24-03-2025T11:55:15 - [TEST_STEP][PASSED] - else if (a == 83 || a == 52 || a == 72 || a == 28 || a == 73 || a == 77 || a == 74 || a == 65 || a == 36 || a == 44 || a == 53 || a == 80 || a == 54 || a == 1 || a == 18 || a == 59 || a == 81): null

24-03-2025T11:55:15 - [TEST_STEP][PASSED] - else: null

24-03-2025T11:55:15 - [TEST_STEP][PASSED] - path = dataFolder + typeOfData + " за отчётный период " + b: null

24-03-2025T11:55:15 - [TEST_STEP][PASSED] - println(path): null

24-03-2025T11:55:15 - [TEST_STEP][PASSED] - page = getText(findTestObject(path)): Text of object 'Object Repository/Выполнение бизнес-плана/Значения со страницы Выполнение бизнес-плана/Факт Отпуск в сеть за отчётный период Саратовские РС' is: '423 462'

24-03-2025T11:55:16 - [MESSAGE][PASSED] - Text of object 'Object Repository/Выполнение бизнес-плана/Значения со страницы Выполнение бизнес-плана/Факт Отпуск в сеть за отчётный период Саратовские РС' is: '423 462'

24-03-2025T11:55:16 - [TEST_STEP][PASSED] - if (page == "" || page == null): null

24-03-2025T11:55:16 - [TEST_STEP][PASSED] - else: null

24-03-2025T11:55:16 - [TEST_STEP][PASSED] - page = page.replaceAll("\s+", ""): null

24-03-2025T11:55:16 - [TEST_STEP][PASSED] - if (page == "undefined"): null

24-03-2025T11:55:16 - [TEST_STEP][PASSED] - fileOtpuskVSet = otpusk.toInteger(): null

24-03-2025T11:55:16 - [TEST_STEP][PASSED] - pageOtpuskVSet = page.toInteger(): null

24-03-2025T11:55:16 - [TEST_STEP][PASSED] - typeOfData = typeOfDataMain + " Потери": null

24-03-2025T11:55:16 - [TEST_STEP][PASSED] - if (a == 82): null

24-03-2025T11:55:16 - [TEST_STEP][PASSED] - else if (a == 84): null

24-03-2025T11:55:16 - [TEST_STEP][PASSED] - else if (a == 83 || a == 52 || a == 72 || a == 28 || a == 73 || a == 77 || a == 74 || a == 65 || a == 44 || a == 53 || a == 80 || a == 54 || a == 1 || a == 18 || a == 59 || a == 81): null

24-03-2025T11:55:16 - [TEST_STEP][PASSED] - else: null

24-03-2025T11:55:16 - [TEST_STEP][PASSED] - path = dataFolder + typeOfData + " за отчётный период " + b: null

24-03-2025T11:55:16 - [TEST_STEP][PASSED] - page = getText(findTestObject(path)): Text of object 'Object Repository/Выполнение бизнес-плана/Значения со страницы Выполнение бизнес-плана/Факт Потери за отчётный период Саратовские РС' is: '28 690'

24-03-2025T11:55:16 - [MESSAGE][PASSED] - Text of object 'Object Repository/Выполнение бизнес-плана/Значения со страницы Выполнение бизнес-плана/Факт Потери за отчётный период Саратовские РС' is: '28 690'

24-03-2025T11:55:16 - [TEST_STEP][PASSED] - if (page == "" || page == null): null

24-03-2025T11:55:16 - [TEST_STEP][PASSED] - else: null

24-03-2025T11:55:16 - [TEST_STEP][PASSED] - page = page.replaceAll("\s+", ""): null

24-03-2025T11:55:16 - [TEST_STEP][PASSED] - if (page == "undefined"): null

24-03-2025T11:55:16 - [TEST_STEP][PASSED] - filePoteri = poteri.toInteger(): null

24-03-2025T11:55:16 - [TEST_STEP][PASSED] - pagePoteri = page.toInteger(): null

24-03-2025T11:55:16 - [TEST_STEP][PASSED] - compare = pageOtpuskVSet: null

24-03-2025T11:55:16 - [TEST_STEP][PASSED] - if (pageOtpuskVSet != null): null

24-03-2025T11:55:16 - [TEST_STEP][PASSED] - if (compare == fileOtpuskVSet): null

24-03-2025T11:55:16 - [TEST_STEP][PASSED] - else if (compare > fileOtpuskVSet): null

24-03-2025T11:55:16 - [TEST_STEP][PASSED] - else if (compare < fileOtpuskVSet): null

24-03-2025T11:55:16 - [TEST_STEP][PASSED] - compare = compare + 1: null

24-03-2025T11:55:16 - [TEST_STEP][PASSED] - if (compare == fileOtpuskVSet): null

24-03-2025T11:55:16 - [TEST_STEP][PASSED] - else: null

24-03-2025T11:55:16 - [TEST_STEP][PASSED] - numberOfErrors = numberOfErrors + 1: null

24-03-2025T11:55:16 - [TEST_STEP][PASSED] - pageInt = pageOtpuskVSet: null

24-03-2025T11:55:16 - [TEST_STEP][PASSED] - fileInt = fileOtpuskVSet: null

24-03-2025T11:55:16 - [TEST_STEP][PASSED] - typeOfData = typeOfDataMain + " Отпуск в сеть": null

24-03-2025T11:55:16 - [TEST_STEP][PASSED] - Script1718980020443.WriteToExcel(a, typeOfData, todaysDate, pageInt, fileInt, pageDouble, fileDouble, dZO): null

24-03-2025T11:55:16 - [TEST_STEP][PASSED] - sheetName = "Sheet1": null

24-03-2025T11:55:16 - [TEST_STEP][PASSED] - data = findTestData("PlanFact"): null

24-03-2025T11:55:16 - [TEST_STEP][PASSED] - n = data.getRowNumbers() + 1: null

24-03-2025T11:55:16 - [TEST_STEP][PASSED] - day = ")).toInteger(): null

24-03-2025T11:55:16 - [TEST_STEP][PASSED] - println(day): null

24-03-2025T11:55:16 - [TEST_STEP][PASSED] - month = ")).toInteger(): null

24-03-2025T11:55:16 - [TEST_STEP][PASSED] - println(month): null

24-03-2025T11:55:16 - [TEST_STEP][PASSED] - y = <not implemented yet for class: org.codehaus.groovy.ast.expr.EmptyExpression>: null

24-03-2025T11:55:16 - [TEST_STEP][PASSED] - iy = <not implemented yet for class: org.codehaus.groovy.ast.expr.EmptyExpression>: null

24-03-2025T11:55:16 - [TEST_STEP][PASSED] - m = getText(findTestObject("Выполнение бизнес-плана/Период")): Text of object 'Object Repository/Выполнение бизнес-плана/Период' is: 'Январь 2025 года'

24-03-2025T11:55:16 - [MESSAGE][PASSED] - Text of object 'Object Repository/Выполнение бизнес-плана/Период' is: 'Январь 2025 года'

24-03-2025T11:55:16 - [TEST_STEP][PASSED] - iy = m.indexOf("20"): null

24-03-2025T11:55:16 - [TEST_STEP][PASSED] - if (iy > -1): null

24-03-2025T11:55:16 - [TEST_STEP][PASSED] - y = substring(iy, iy + 4).toInteger(): null

24-03-2025T11:55:16 - [TEST_STEP][PASSED] - println(y): null

24-03-2025T11:55:16 - [TEST_STEP][PASSED] - if (toString().length() == 4): null

24-03-2025T11:55:16 - [TEST_STEP][PASSED] - m = m.substring(0, m.indexOf(y.toString())): null

24-03-2025T11:55:16 - [TEST_STEP][PASSED] - m = m.trim(): null

24-03-2025T11:55:16 - [TEST_STEP][PASSED] - if (m == ""): null

24-03-2025T11:55:16 - [TEST_STEP][PASSED] - dashboardName = "Выполнение бизнес-плана": null

24-03-2025T11:55:16 - [TEST_STEP][PASSED] - workbook01 = getWorkbook(excelFilePath): null

24-03-2025T11:55:16 - [TEST_STEP][PASSED] - sheet01 = getExcelSheet(workbook01, sheetName): null

24-03-2025T11:55:16 - [TEST_STEP][PASSED] - setValueToCellByIndex(sheet01, n, 0, dashboardName): null

24-03-2025T11:55:16 - [TEST_STEP][PASSED] - setValueToCellByIndex(sheet01, n, 1, dZO): null

24-03-2025T11:55:16 - [TEST_STEP][PASSED] - setValueToCellByIndex(sheet01, n, 2, typeOfData): null

24-03-2025T11:55:16 - [TEST_STEP][PASSED] - if (typeOfData == "Факт в процентах" || typeOfData == "План в процентах"): null

24-03-2025T11:55:16 - [TEST_STEP][PASSED] - else: null

24-03-2025T11:55:16 - [TEST_STEP][PASSED] - setValueToCellByIndex(sheet01, n, 3, fileInt): null

24-03-2025T11:55:16 - [TEST_STEP][PASSED] - setValueToCellByIndex(sheet01, n, 4, pageInt): null

24-03-2025T11:55:16 - [TEST_STEP][PASSED] - setValueToCellByIndex(sheet01, n, 5, m): null

24-03-2025T11:55:16 - [TEST_STEP][PASSED] - setValueToCellByIndex(sheet01, n, 6, y): null

24-03-2025T11:55:16 - [TEST_STEP][PASSED] - setValueToCellByIndex(sheet01, n, 7, todaysDate): null

24-03-2025T11:55:16 - [TEST_STEP][PASSED] - n = n + 1: null

24-03-2025T11:55:16 - [TEST_STEP][PASSED] - saveWorkbook(excelFilePath, workbook01): null

24-03-2025T11:55:17 - [TEST_STEP][PASSED] - compare = pagePoteri: null

24-03-2025T11:55:17 - [TEST_STEP][PASSED] - if (pageOtpuskVSet != null): null

24-03-2025T11:55:17 - [TEST_STEP][PASSED] - if (compare == filePoteri): null

24-03-2025T11:55:17 - [TEST_STEP][PASSED] - else if (compare > filePoteri): null

24-03-2025T11:55:17 - [TEST_STEP][PASSED] - else if (compare < filePoteri): null

24-03-2025T11:55:17 - [TEST_STEP][PASSED] - compare = compare + 1: null

24-03-2025T11:55:17 - [TEST_STEP][PASSED] - if (compare == filePoteri): null

24-03-2025T11:55:17 - [TEST_STEP][PASSED] - else: null

24-03-2025T11:55:17 - [TEST_STEP][PASSED] - numberOfErrors = numberOfErrors + 1: null

24-03-2025T11:55:17 - [TEST_STEP][PASSED] - pageInt = pagePoteri: null

24-03-2025T11:55:17 - [TEST_STEP][PASSED] - fileInt = filePoteri: null

24-03-2025T11:55:17 - [TEST_STEP][PASSED] - typeOfData = typeOfDataMain + " Потери": null

24-03-2025T11:55:17 - [TEST_STEP][PASSED] - Script1718980020443.WriteToExcel(a, typeOfData, todaysDate, pageInt, fileInt, pageDouble, fileDouble, dZO): null

24-03-2025T11:55:17 - [TEST_STEP][PASSED] - sheetName = "Sheet1": null

24-03-2025T11:55:17 - [TEST_STEP][PASSED] - data = findTestData("PlanFact"): null

24-03-2025T11:55:17 - [TEST_STEP][PASSED] - n = data.getRowNumbers() + 1: null

24-03-2025T11:55:17 - [TEST_STEP][PASSED] - day = ")).toInteger(): null

24-03-2025T11:55:17 - [TEST_STEP][PASSED] - println(day): null

24-03-2025T11:55:17 - [TEST_STEP][PASSED] - month = ")).toInteger(): null

24-03-2025T11:55:17 - [TEST_STEP][PASSED] - println(month): null

24-03-2025T11:55:17 - [TEST_STEP][PASSED] - y = <not implemented yet for class: org.codehaus.groovy.ast.expr.EmptyExpression>: null

24-03-2025T11:55:17 - [TEST_STEP][PASSED] - iy = <not implemented yet for class: org.codehaus.groovy.ast.expr.EmptyExpression>: null

24-03-2025T11:55:17 - [TEST_STEP][PASSED] - m = getText(findTestObject("Выполнение бизнес-плана/Период")): Text of object 'Object Repository/Выполнение бизнес-плана/Период' is: 'Январь 2025 года'

24-03-2025T11:55:17 - [MESSAGE][PASSED] - Text of object 'Object Repository/Выполнение бизнес-плана/Период' is: 'Январь 2025 года'

24-03-2025T11:55:17 - [TEST_STEP][PASSED] - iy = m.indexOf("20"): null

24-03-2025T11:55:17 - [TEST_STEP][PASSED] - if (iy > -1): null

24-03-2025T11:55:17 - [TEST_STEP][PASSED] - y = substring(iy, iy + 4).toInteger(): null

24-03-2025T11:55:17 - [TEST_STEP][PASSED] - println(y): null

24-03-2025T11:55:17 - [TEST_STEP][PASSED] - if (toString().length() == 4): null

24-03-2025T11:55:17 - [TEST_STEP][PASSED] - m = m.substring(0, m.indexOf(y.toString())): null

24-03-2025T11:55:17 - [TEST_STEP][PASSED] - m = m.trim(): null

24-03-2025T11:55:17 - [TEST_STEP][PASSED] - if (m == ""): null

24-03-2025T11:55:17 - [TEST_STEP][PASSED] - dashboardName = "Выполнение бизнес-плана": null

24-03-2025T11:55:17 - [TEST_STEP][PASSED] - workbook01 = getWorkbook(excelFilePath): null

24-03-2025T11:55:17 - [TEST_STEP][PASSED] - sheet01 = getExcelSheet(workbook01, sheetName): null

24-03-2025T11:55:17 - [TEST_STEP][PASSED] - setValueToCellByIndex(sheet01, n, 0, dashboardName): null

24-03-2025T11:55:17 - [TEST_STEP][PASSED] - setValueToCellByIndex(sheet01, n, 1, dZO): null

24-03-2025T11:55:17 - [TEST_STEP][PASSED] - setValueToCellByIndex(sheet01, n, 2, typeOfData): null

24-03-2025T11:55:17 - [TEST_STEP][PASSED] - if (typeOfData == "Факт в процентах" || typeOfData == "План в процентах"): null

24-03-2025T11:55:17 - [TEST_STEP][PASSED] - else: null

24-03-2025T11:55:17 - [TEST_STEP][PASSED] - setValueToCellByIndex(sheet01, n, 3, fileInt): null

24-03-2025T11:55:17 - [TEST_STEP][PASSED] - setValueToCellByIndex(sheet01, n, 4, pageInt): null

24-03-2025T11:55:17 - [TEST_STEP][PASSED] - setValueToCellByIndex(sheet01, n, 5, m): null

24-03-2025T11:55:17 - [TEST_STEP][PASSED] - setValueToCellByIndex(sheet01, n, 6, y): null

24-03-2025T11:55:17 - [TEST_STEP][PASSED] - setValueToCellByIndex(sheet01, n, 7, todaysDate): null

24-03-2025T11:55:17 - [TEST_STEP][PASSED] - n = n + 1: null

24-03-2025T11:55:17 - [TEST_STEP][PASSED] - saveWorkbook(excelFilePath, workbook01): null

24-03-2025T11:55:17 - [TEST_STEP][PASSED] - if (planFact == 2): null

24-03-2025T11:55:17 - [TEST_STEP][PASSED] - if (planFact == 1): null

24-03-2025T11:55:17 - [TEST_STEP][PASSED] - else if (planFact == 2): null

24-03-2025T11:55:17 - [TEST_STEP][PASSED] - click(findTestObject("Выполнение бизнес-плана/Кнопка План")): Object: 'Object Repository/Выполнение бизнес-плана/Кнопка План' is clicked on

24-03-2025T11:55:18 - [MESSAGE][PASSED] - Object: 'Object Repository/Выполнение бизнес-плана/Кнопка План' is clicked on

24-03-2025T11:55:18 - [TEST_STEP][PASSED] - typeOfDataMain = "План": null

24-03-2025T11:55:18 - [TEST_STEP][PASSED] - otpusk = findTestData("PlanFact").getValue(2, a): null

24-03-2025T11:55:18 - [TEST_STEP][PASSED] - poteri = findTestData("PlanFact").getValue(3, a): null

24-03-2025T11:55:18 - [TEST_STEP][PASSED] - otpusk = otpusk.replaceAll("\s+", ""): null

24-03-2025T11:55:18 - [TEST_STEP][PASSED] - poteri = poteri.replaceAll("\s+", ""): null

24-03-2025T11:55:18 - [TEST_STEP][PASSED] - typeOfData = typeOfDataMain + " Отпуск в сеть": null

24-03-2025T11:55:18 - [TEST_STEP][PASSED] - if (a == 82): null

24-03-2025T11:55:18 - [TEST_STEP][PASSED] - else if (a == 84): null

24-03-2025T11:55:18 - [TEST_STEP][PASSED] - else if (a == 83 || a == 52 || a == 72 || a == 28 || a == 73 || a == 77 || a == 74 || a == 65 || a == 36 || a == 44 || a == 53 || a == 80 || a == 54 || a == 1 || a == 18 || a == 59 || a == 81): null

24-03-2025T11:55:18 - [TEST_STEP][PASSED] - else: null

24-03-2025T11:55:18 - [TEST_STEP][PASSED] - path = dataFolder + typeOfData + " за отчётный период " + b: null

24-03-2025T11:55:18 - [TEST_STEP][PASSED] - println(path): null

24-03-2025T11:55:18 - [TEST_STEP][PASSED] - page = getText(findTestObject(path)): Text of object 'Object Repository/Выполнение бизнес-плана/Значения со страницы Выполнение бизнес-плана/План Отпуск в сеть за отчётный период Саратовские РС' is: '447 582'

24-03-2025T11:55:18 - [MESSAGE][PASSED] - Text of object 'Object Repository/Выполнение бизнес-плана/Значения со страницы Выполнение бизнес-плана/План Отпуск в сеть за отчётный период Саратовские РС' is: '447 582'

24-03-2025T11:55:18 - [TEST_STEP][PASSED] - if (page == "" || page == null): null

24-03-2025T11:55:18 - [TEST_STEP][PASSED] - else: null

24-03-2025T11:55:18 - [TEST_STEP][PASSED] - page = page.replaceAll("\s+", ""): null

24-03-2025T11:55:18 - [TEST_STEP][PASSED] - if (page == "undefined"): null

24-03-2025T11:55:18 - [TEST_STEP][PASSED] - fileOtpuskVSet = otpusk.toInteger(): null

24-03-2025T11:55:18 - [TEST_STEP][PASSED] - pageOtpuskVSet = page.toInteger(): null

24-03-2025T11:55:18 - [TEST_STEP][PASSED] - typeOfData = typeOfDataMain + " Потери": null

24-03-2025T11:55:18 - [TEST_STEP][PASSED] - if (a == 82): null

24-03-2025T11:55:18 - [TEST_STEP][PASSED] - else if (a == 84): null

24-03-2025T11:55:18 - [TEST_STEP][PASSED] - else if (a == 83 || a == 52 || a == 72 || a == 28 || a == 73 || a == 77 || a == 74 || a == 65 || a == 44 || a == 53 || a == 80 || a == 54 || a == 1 || a == 18 || a == 59 || a == 81): null

24-03-2025T11:55:18 - [TEST_STEP][PASSED] - else: null

24-03-2025T11:55:18 - [TEST_STEP][PASSED] - path = dataFolder + typeOfData + " за отчётный период " + b: null

24-03-2025T11:55:18 - [TEST_STEP][PASSED] - page = getText(findTestObject(path)): Text of object 'Object Repository/Выполнение бизнес-плана/Значения со страницы Выполнение бизнес-плана/План Потери за отчётный период Саратовские РС' is: '39 185'

24-03-2025T11:55:18 - [MESSAGE][PASSED] - Text of object 'Object Repository/Выполнение бизнес-плана/Значения со страницы Выполнение бизнес-плана/План Потери за отчётный период Саратовские РС' is: '39 185'

24-03-2025T11:55:18 - [TEST_STEP][PASSED] - if (page == "" || page == null): null

24-03-2025T11:55:18 - [TEST_STEP][PASSED] - else: null

24-03-2025T11:55:18 - [TEST_STEP][PASSED] - page = page.replaceAll("\s+", ""): null

24-03-2025T11:55:18 - [TEST_STEP][PASSED] - if (page == "undefined"): null

24-03-2025T11:55:18 - [TEST_STEP][PASSED] - filePoteri = poteri.toInteger(): null

24-03-2025T11:55:18 - [TEST_STEP][PASSED] - pagePoteri = page.toInteger(): null

24-03-2025T11:55:18 - [TEST_STEP][PASSED] - compare = pageOtpuskVSet: null

24-03-2025T11:55:18 - [TEST_STEP][PASSED] - if (pageOtpuskVSet != null): null

24-03-2025T11:55:18 - [TEST_STEP][PASSED] - if (compare == fileOtpuskVSet): null

24-03-2025T11:55:18 - [TEST_STEP][PASSED] - else if (compare > fileOtpuskVSet): null

24-03-2025T11:55:18 - [TEST_STEP][PASSED] - else if (compare < fileOtpuskVSet): null

24-03-2025T11:55:18 - [TEST_STEP][PASSED] - compare = compare + 1: null

24-03-2025T11:55:18 - [TEST_STEP][PASSED] - if (compare == fileOtpuskVSet): null

24-03-2025T11:55:18 - [TEST_STEP][PASSED] - else: null

24-03-2025T11:55:18 - [TEST_STEP][PASSED] - numberOfErrors = numberOfErrors + 1: null

24-03-2025T11:55:18 - [TEST_STEP][PASSED] - pageInt = pageOtpuskVSet: null

24-03-2025T11:55:18 - [TEST_STEP][PASSED] - fileInt = fileOtpuskVSet: null

24-03-2025T11:55:18 - [TEST_STEP][PASSED] - typeOfData = typeOfDataMain + " Отпуск в сеть": null

24-03-2025T11:55:18 - [TEST_STEP][PASSED] - Script1718980020443.WriteToExcel(a, typeOfData, todaysDate, pageInt, fileInt, pageDouble, fileDouble, dZO): null

24-03-2025T11:55:18 - [TEST_STEP][PASSED] - sheetName = "Sheet1": null

24-03-2025T11:55:18 - [TEST_STEP][PASSED] - data = findTestData("PlanFact"): null

24-03-2025T11:55:18 - [TEST_STEP][PASSED] - n = data.getRowNumbers() + 1: null

24-03-2025T11:55:18 - [TEST_STEP][PASSED] - day = ")).toInteger(): null

24-03-2025T11:55:18 - [TEST_STEP][PASSED] - println(day): null

24-03-2025T11:55:18 - [TEST_STEP][PASSED] - month = ")).toInteger(): null

24-03-2025T11:55:18 - [TEST_STEP][PASSED] - println(month): null

24-03-2025T11:55:18 - [TEST_STEP][PASSED] - y = <not implemented yet for class: org.codehaus.groovy.ast.expr.EmptyExpression>: null

24-03-2025T11:55:18 - [TEST_STEP][PASSED] - iy = <not implemented yet for class: org.codehaus.groovy.ast.expr.EmptyExpression>: null

24-03-2025T11:55:18 - [TEST_STEP][PASSED] - m = getText(findTestObject("Выполнение бизнес-плана/Период")): Text of object 'Object Repository/Выполнение бизнес-плана/Период' is: 'Январь 2025 года'

24-03-2025T11:55:19 - [MESSAGE][PASSED] - Text of object 'Object Repository/Выполнение бизнес-плана/Период' is: 'Январь 2025 года'

24-03-2025T11:55:19 - [TEST_STEP][PASSED] - iy = m.indexOf("20"): null

24-03-2025T11:55:19 - [TEST_STEP][PASSED] - if (iy > -1): null

24-03-2025T11:55:19 - [TEST_STEP][PASSED] - y = substring(iy, iy + 4).toInteger(): null

24-03-2025T11:55:19 - [TEST_STEP][PASSED] - println(y): null

24-03-2025T11:55:19 - [TEST_STEP][PASSED] - if (toString().length() == 4): null

24-03-2025T11:55:19 - [TEST_STEP][PASSED] - m = m.substring(0, m.indexOf(y.toString())): null

24-03-2025T11:55:19 - [TEST_STEP][PASSED] - m = m.trim(): null

24-03-2025T11:55:19 - [TEST_STEP][PASSED] - if (m == ""): null

24-03-2025T11:55:19 - [TEST_STEP][PASSED] - dashboardName = "Выполнение бизнес-плана": null

24-03-2025T11:55:19 - [TEST_STEP][PASSED] - workbook01 = getWorkbook(excelFilePath): null

24-03-2025T11:55:19 - [TEST_STEP][PASSED] - sheet01 = getExcelSheet(workbook01, sheetName): null

24-03-2025T11:55:19 - [TEST_STEP][PASSED] - setValueToCellByIndex(sheet01, n, 0, dashboardName): null

24-03-2025T11:55:19 - [TEST_STEP][PASSED] - setValueToCellByIndex(sheet01, n, 1, dZO): null

24-03-2025T11:55:19 - [TEST_STEP][PASSED] - setValueToCellByIndex(sheet01, n, 2, typeOfData): null

24-03-2025T11:55:19 - [TEST_STEP][PASSED] - if (typeOfData == "Факт в процентах" || typeOfData == "План в процентах"): null

24-03-2025T11:55:19 - [TEST_STEP][PASSED] - else: null

24-03-2025T11:55:19 - [TEST_STEP][PASSED] - setValueToCellByIndex(sheet01, n, 3, fileInt): null

24-03-2025T11:55:19 - [TEST_STEP][PASSED] - setValueToCellByIndex(sheet01, n, 4, pageInt): null

24-03-2025T11:55:19 - [TEST_STEP][PASSED] - setValueToCellByIndex(sheet01, n, 5, m): null

24-03-2025T11:55:19 - [TEST_STEP][PASSED] - setValueToCellByIndex(sheet01, n, 6, y): null

24-03-2025T11:55:19 - [TEST_STEP][PASSED] - setValueToCellByIndex(sheet01, n, 7, todaysDate): null

24-03-2025T11:55:19 - [TEST_STEP][PASSED] - n = n + 1: null

24-03-2025T11:55:19 - [TEST_STEP][PASSED] - saveWorkbook(excelFilePath, workbook01): null

24-03-2025T11:55:19 - [TEST_STEP][PASSED] - compare = pagePoteri: null

24-03-2025T11:55:19 - [TEST_STEP][PASSED] - if (pageOtpuskVSet != null): null

24-03-2025T11:55:19 - [TEST_STEP][PASSED] - if (compare == filePoteri): null

24-03-2025T11:55:19 - [TEST_STEP][PASSED] - else if (compare > filePoteri): null

24-03-2025T11:55:19 - [TEST_STEP][PASSED] - else if (compare < filePoteri): null

24-03-2025T11:55:19 - [TEST_STEP][PASSED] - compare = compare + 1: null

24-03-2025T11:55:19 - [TEST_STEP][PASSED] - if (compare == filePoteri): null

24-03-2025T11:55:19 - [TEST_STEP][PASSED] - else: null

24-03-2025T11:55:19 - [TEST_STEP][PASSED] - numberOfErrors = numberOfErrors + 1: null

24-03-2025T11:55:19 - [TEST_STEP][PASSED] - pageInt = pagePoteri: null

24-03-2025T11:55:19 - [TEST_STEP][PASSED] - fileInt = filePoteri: null

24-03-2025T11:55:19 - [TEST_STEP][PASSED] - typeOfData = typeOfDataMain + " Потери": null

24-03-2025T11:55:19 - [TEST_STEP][PASSED] - Script1718980020443.WriteToExcel(a, typeOfData, todaysDate, pageInt, fileInt, pageDouble, fileDouble, dZO): null

24-03-2025T11:55:19 - [TEST_STEP][PASSED] - sheetName = "Sheet1": null

24-03-2025T11:55:19 - [TEST_STEP][PASSED] - data = findTestData("PlanFact"): null

24-03-2025T11:55:19 - [TEST_STEP][PASSED] - n = data.getRowNumbers() + 1: null

24-03-2025T11:55:19 - [TEST_STEP][PASSED] - day = ")).toInteger(): null

24-03-2025T11:55:19 - [TEST_STEP][PASSED] - println(day): null

24-03-2025T11:55:19 - [TEST_STEP][PASSED] - month = ")).toInteger(): null

24-03-2025T11:55:19 - [TEST_STEP][PASSED] - println(month): null

24-03-2025T11:55:19 - [TEST_STEP][PASSED] - y = <not implemented yet for class: org.codehaus.groovy.ast.expr.EmptyExpression>: null

24-03-2025T11:55:19 - [TEST_STEP][PASSED] - iy = <not implemented yet for class: org.codehaus.groovy.ast.expr.EmptyExpression>: null

24-03-2025T11:55:19 - [TEST_STEP][PASSED] - m = getText(findTestObject("Выполнение бизнес-плана/Период")): Text of object 'Object Repository/Выполнение бизнес-плана/Период' is: 'Январь 2025 года'

24-03-2025T11:55:19 - [MESSAGE][PASSED] - Text of object 'Object Repository/Выполнение бизнес-плана/Период' is: 'Январь 2025 года'

24-03-2025T11:55:19 - [TEST_STEP][PASSED] - iy = m.indexOf("20"): null

24-03-2025T11:55:19 - [TEST_STEP][PASSED] - if (iy > -1): null

24-03-2025T11:55:19 - [TEST_STEP][PASSED] - y = substring(iy, iy + 4).toInteger(): null

24-03-2025T11:55:19 - [TEST_STEP][PASSED] - println(y): null

24-03-2025T11:55:19 - [TEST_STEP][PASSED] - if (toString().length() == 4): null

24-03-2025T11:55:19 - [TEST_STEP][PASSED] - m = m.substring(0, m.indexOf(y.toString())): null

24-03-2025T11:55:19 - [TEST_STEP][PASSED] - m = m.trim(): null

24-03-2025T11:55:19 - [TEST_STEP][PASSED] - if (m == ""): null

24-03-2025T11:55:19 - [TEST_STEP][PASSED] - dashboardName = "Выполнение бизнес-плана": null

24-03-2025T11:55:19 - [TEST_STEP][PASSED] - workbook01 = getWorkbook(excelFilePath): null

24-03-2025T11:55:19 - [TEST_STEP][PASSED] - sheet01 = getExcelSheet(workbook01, sheetName): null

24-03-2025T11:55:19 - [TEST_STEP][PASSED] - setValueToCellByIndex(sheet01, n, 0, dashboardName): null

24-03-2025T11:55:19 - [TEST_STEP][PASSED] - setValueToCellByIndex(sheet01, n, 1, dZO): null

24-03-2025T11:55:19 - [TEST_STEP][PASSED] - setValueToCellByIndex(sheet01, n, 2, typeOfData): null

24-03-2025T11:55:19 - [TEST_STEP][PASSED] - if (typeOfData == "Факт в процентах" || typeOfData == "План в процентах"): null

24-03-2025T11:55:19 - [TEST_STEP][PASSED] - else: null

24-03-2025T11:55:19 - [TEST_STEP][PASSED] - setValueToCellByIndex(sheet01, n, 3, fileInt): null

24-03-2025T11:55:19 - [TEST_STEP][PASSED] - setValueToCellByIndex(sheet01, n, 4, pageInt): null

24-03-2025T11:55:19 - [TEST_STEP][PASSED] - setValueToCellByIndex(sheet01, n, 5, m): null

24-03-2025T11:55:19 - [TEST_STEP][PASSED] - setValueToCellByIndex(sheet01, n, 6, y): null

24-03-2025T11:55:19 - [TEST_STEP][PASSED] - setValueToCellByIndex(sheet01, n, 7, todaysDate): null

24-03-2025T11:55:19 - [TEST_STEP][PASSED] - n = n + 1: null

24-03-2025T11:55:19 - [TEST_STEP][PASSED] - saveWorkbook(excelFilePath, workbook01): Object: 'Object Repository/Выполнение бизнес-плана/Кнопка Факт' is clicked on

24-03-2025T11:55:20 - [TEST_STEP][PASSED] - if (planFact == 2): Object: 'Object Repository/Выполнение бизнес-плана/Кнопка Факт' is clicked on

24-03-2025T11:55:20 - [TEST_STEP][PASSED] - click(findTestObject("Выполнение бизнес-плана/Кнопка Факт")): Object: 'Object Repository/Выполнение бизнес-плана/Кнопка Факт' is clicked on

24-03-2025T11:55:20 - [MESSAGE][PASSED] - Object: 'Object Repository/Выполнение бизнес-плана/Кнопка Факт' is clicked on

24-03-2025T11:55:20 - [TEST_STEP][PASSED] - println("a=" + a): null

24-03-2025T11:55:20 - [TEST_STEP][PASSED] - if (a == 84 || a == 82): null

24-03-2025T11:55:20 - [TEST_STEP][PASSED] - else if (a == 83 || a == 52 || a == 72 || a == 28 || a == 73 || a == 77 || a == 74 || a == 65 || a == 36 || a == 44 || a == 53 || a == 80 || a == 54 || a == 1 || a == 18 || a == 59 || a == 81): null

24-03-2025T11:55:20 - [TEST_STEP][PASSED] - else: null

24-03-2025T11:55:20 - [TEST_STEP][PASSED] - page1 = getText(findTestObject("Object Repository/Выполнение бизнес-плана/spanPlan" + filialNum)): Text of object 'Object Repository/Выполнение бизнес-плана/spanPlan3' is: '6.93
|'

24-03-2025T11:55:20 - [MESSAGE][PASSED] - Text of object 'Object Repository/Выполнение бизнес-плана/spanPlan3' is: '6.93
|'

24-03-2025T11:55:20 - [TEST_STEP][PASSED] - page1 = page1.replace("|", ""): null

24-03-2025T11:55:20 - [TEST_STEP][PASSED] - page2 = getText(findTestObject("Object Repository/Выполнение бизнес-плана/spanFact" + filialNum)): Text of object 'Object Repository/Выполнение бизнес-плана/spanFact3' is: '5.82
|'

24-03-2025T11:55:21 - [MESSAGE][PASSED] - Text of object 'Object Repository/Выполнение бизнес-плана/spanFact3' is: '5.82
|'

24-03-2025T11:55:21 - [TEST_STEP][PASSED] - page2 = page2.replace("|", ""): null

24-03-2025T11:55:21 - [TEST_STEP][PASSED] - println("page1: " + page1): null

24-03-2025T11:55:21 - [TEST_STEP][PASSED] - println("page2: " + page2): null

24-03-2025T11:55:21 - [TEST_STEP][PASSED] - file = findTestData("PlanFact").getValue(4, a): null

24-03-2025T11:55:21 - [TEST_STEP][PASSED] - file = file.replace(",", "."): null

24-03-2025T11:55:21 - [TEST_STEP][PASSED] - println("file Plan: " + file): null

24-03-2025T11:55:21 - [TEST_STEP][PASSED] - typeOfData = "План в процентах": null

24-03-2025T11:55:21 - [TEST_STEP][PASSED] - fileDouble = file.toDouble(): null

24-03-2025T11:55:21 - [TEST_STEP][PASSED] - pageDouble = page1.toDouble(): null

24-03-2025T11:55:21 - [TEST_STEP][PASSED] - if (fileDouble != pageDouble): null

24-03-2025T11:55:21 - [TEST_STEP][PASSED] - file = findTestData("PlanFact").getValue(7, a): null

24-03-2025T11:55:21 - [TEST_STEP][PASSED] - file = file.replace(",", "."): null

24-03-2025T11:55:21 - [TEST_STEP][PASSED] - println("file Fact: " + file): null

24-03-2025T11:55:21 - [TEST_STEP][PASSED] - fileDouble = file.toDouble(): null

24-03-2025T11:55:21 - [TEST_STEP][PASSED] - typeOfData = "Факт в процентах": null

24-03-2025T11:55:21 - [TEST_STEP][PASSED] - fileDouble = file.toDouble(): null

24-03-2025T11:55:21 - [TEST_STEP][PASSED] - pageDouble = page2.toDouble(): null

24-03-2025T11:55:21 - [TEST_STEP][PASSED] - if (fileDouble != pageDouble): null

24-03-2025T11:55:21 - [TEST_STEP][FAILED] - if (verifyEqual(numberOfErrors, 0) == false): null

24-03-2025T11:55:21 - [MESSAGE][FAILED] - Unable to verify equal between actual object '4' and expected object '0' (Root cause: com.kms.katalon.core.exception.StepFailedException: Actual object '4' and expected object '0' are not equal
	at com.kms.katalon.core.keyword.builtin.VerifyEqualKeyword$_verifyEqual_closure1.doCall(VerifyEqualKeyword.groovy:58)
	at com.kms.katalon.core.keyword.builtin.VerifyEqualKeyword$_verifyEqual_closure1.call(VerifyEqualKeyword.groovy)
	at com.kms.katalon.core.keyword.internal.KeywordMain.runKeyword(KeywordMain.groovy:75)
	at com.kms.katalon.core.keyword.builtin.VerifyEqualKeyword.verifyEqual(VerifyEqualKeyword.groovy:63)
	at com.kms.katalon.core.keyword.builtin.VerifyEqualKeyword.execute(VerifyEqualKeyword.groovy:44)
	at com.kms.katalon.core.keyword.internal.KeywordExecutor.executeKeywordForPlatform(KeywordExecutor.groovy:74)
	at com.kms.katalon.core.keyword.BuiltinKeywords.verifyEqual(BuiltinKeywords.groovy:146)
	at jdk.internal.reflect.GeneratedMethodAccessor22.invoke(Unknown Source)
	at java.base/jdk.internal.reflect.DelegatingMethodAccessorImpl.invoke(DelegatingMethodAccessorImpl.java:43)
	at Выполнение бизнес-плана Сверка ПАО Россети все филиалы.Numbers(Выполнение бизнес-плана Сверка ПАО Россети все филиалы:744)
	at Выполнение бизнес-плана Сверка ПАО Россети все филиалы.Filials(Выполнение бизнес-плана Сверка ПАО Россети все филиалы:979)
	at Выполнение бизнес-плана Сверка ПАО Россети все филиалы.Numbers(Выполнение бизнес-плана Сверка ПАО Россети все филиалы:751)
	at Выполнение бизнес-плана Сверка ПАО Россети все филиалы.run(Выполнение бизнес-плана Сверка ПАО Россети все филиалы:231)
	at com.kms.katalon.core.main.ScriptEngine.run(ScriptEngine.java:194)
	at com.kms.katalon.core.main.ScriptEngine.runScriptAsRawText(ScriptEngine.java:119)
	at com.kms.katalon.core.main.TestCaseExecutor.runScript(TestCaseExecutor.java:448)
	at com.kms.katalon.core.main.TestCaseExecutor.doExecute(TestCaseExecutor.java:439)
	at com.kms.katalon.core.main.TestCaseExecutor.processExecutionPhase(TestCaseExecutor.java:418)
	at com.kms.katalon.core.main.TestCaseExecutor.accessMainPhase(TestCaseExecutor.java:410)
	at com.kms.katalon.core.main.TestCaseExecutor.execute(TestCaseExecutor.java:285)
	at com.kms.katalon.core.common.CommonExecutor.accessTestCaseMainPhase(CommonExecutor.java:65)
	at com.kms.katalon.core.main.TestSuiteExecutor.accessTestSuiteMainPhase(TestSuiteExecutor.java:150)
	at com.kms.katalon.core.main.TestSuiteExecutor.execute(TestSuiteExecutor.java:106)
	at com.kms.katalon.core.main.TestCaseMain.startTestSuite(TestCaseMain.java:180)
	at TempTestSuite1742797761676.run(TempTestSuite1742797761676.groovy:35)
	at java.base/jdk.internal.reflect.NativeMethodAccessorImpl.invoke0(Native Method)
	at java.base/jdk.internal.reflect.NativeMethodAccessorImpl.invoke(NativeMethodAccessorImpl.java:77)
	at java.base/jdk.internal.reflect.DelegatingMethodAccessorImpl.invoke(DelegatingMethodAccessorImpl.java:43)
)

24-03-2025T11:55:21 - [TEST_STEP][PASSED] - println(numberOfErrors): null

24-03-2025T11:55:21 - [TEST_STEP][PASSED] - println("a=" + a): null

24-03-2025T11:55:21 - [TEST_STEP][PASSED] - if (a == 28 || a == 77 || a == 74 || a == 65 || a == 36 || a == 44 || a == 54 || a == 1 || a == 18 || a == 59): null

24-03-2025T11:55:21 - [TEST_STEP][PASSED] - if (a == 82): null

24-03-2025T11:55:21 - [TEST_STEP][PASSED] - dZO = "Ульяновские РС": null

24-03-2025T11:55:21 - [TEST_STEP][PASSED] - a = 34: null

24-03-2025T11:55:21 - [TEST_STEP][PASSED] - dzoCut = dZO.substring(0, 10): null

24-03-2025T11:55:21 - [TEST_STEP][PASSED] - if (x2.contains(dzoCut)): null

24-03-2025T11:55:21 - [TEST_STEP][PASSED] - filialNum = filialNum + 1: null

24-03-2025T11:55:21 - [TEST_STEP][PASSED] - Script1718980020443.Numbers(a, typeOfData, todaysDate, pageInt, fileInt, pageDouble, fileDouble, dZO, dzoNum, filialNum): null

24-03-2025T11:55:21 - [TEST_STEP][PASSED] - println(dzoNum): null

24-03-2025T11:55:21 - [TEST_STEP][PASSED] - planFact = <not implemented yet for class: org.codehaus.groovy.ast.expr.EmptyExpression>: null

24-03-2025T11:55:21 - [TEST_STEP][PASSED] - page = <not implemented yet for class: org.codehaus.groovy.ast.expr.EmptyExpression>: null

24-03-2025T11:55:21 - [TEST_STEP][PASSED] - page1 = <not implemented yet for class: org.codehaus.groovy.ast.expr.EmptyExpression>: null

24-03-2025T11:55:21 - [TEST_STEP][PASSED] - page2 = <not implemented yet for class: org.codehaus.groovy.ast.expr.EmptyExpression>: null

24-03-2025T11:55:21 - [TEST_STEP][PASSED] - filialNumberInRow = <not implemented yet for class: org.codehaus.groovy.ast.expr.EmptyExpression>: null

24-03-2025T11:55:21 - [TEST_STEP][PASSED] - filialsDzoNames = <not implemented yet for class: org.codehaus.groovy.ast.expr.EmptyExpression>: null

24-03-2025T11:55:21 - [TEST_STEP][PASSED] - numberOfFilials = <not implemented yet for class: org.codehaus.groovy.ast.expr.EmptyExpression>: null

24-03-2025T11:55:21 - [TEST_STEP][PASSED] - numberOfSpaces = <not implemented yet for class: org.codehaus.groovy.ast.expr.EmptyExpression>: null

24-03-2025T11:55:21 - [TEST_STEP][PASSED] - file = <not implemented yet for class: org.codehaus.groovy.ast.expr.EmptyExpression>: null

24-03-2025T11:55:21 - [TEST_STEP][PASSED] - otpusk = <not implemented yet for class: org.codehaus.groovy.ast.expr.EmptyExpression>: null

24-03-2025T11:55:21 - [TEST_STEP][PASSED] - poteri = <not implemented yet for class: org.codehaus.groovy.ast.expr.EmptyExpression>: null

24-03-2025T11:55:21 - [TEST_STEP][PASSED] - dataFolder = "Выполнение бизнес-плана/Значения со страницы Выполнение бизнес-плана/": null

24-03-2025T11:55:21 - [TEST_STEP][PASSED] - path = <not implemented yet for class: org.codehaus.groovy.ast.expr.EmptyExpression>: null

24-03-2025T11:55:21 - [TEST_STEP][PASSED] - typeOfDataMain = <not implemented yet for class: org.codehaus.groovy.ast.expr.EmptyExpression>: null

24-03-2025T11:55:21 - [TEST_STEP][PASSED] - fileOtpuskVSet = <not implemented yet for class: org.codehaus.groovy.ast.expr.EmptyExpression>: null

24-03-2025T11:55:21 - [TEST_STEP][PASSED] - pageOtpuskVSet = <not implemented yet for class: org.codehaus.groovy.ast.expr.EmptyExpression>: null

24-03-2025T11:55:21 - [TEST_STEP][PASSED] - filePoteri = <not implemented yet for class: org.codehaus.groovy.ast.expr.EmptyExpression>: null

24-03-2025T11:55:21 - [TEST_STEP][PASSED] - pagePoteri = <not implemented yet for class: org.codehaus.groovy.ast.expr.EmptyExpression>: null

24-03-2025T11:55:21 - [TEST_STEP][PASSED] - compare = <not implemented yet for class: org.codehaus.groovy.ast.expr.EmptyExpression>: null

24-03-2025T11:55:21 - [TEST_STEP][PASSED] - b = <not implemented yet for class: org.codehaus.groovy.ast.expr.EmptyExpression>: null

24-03-2025T11:55:21 - [TEST_STEP][PASSED] - i = <not implemented yet for class: org.codehaus.groovy.ast.expr.EmptyExpression>: null

24-03-2025T11:55:21 - [TEST_STEP][PASSED] - ii = <not implemented yet for class: org.codehaus.groovy.ast.expr.EmptyExpression>: null

24-03-2025T11:55:21 - [TEST_STEP][PASSED] - c = <not implemented yet for class: org.codehaus.groovy.ast.expr.EmptyExpression>: null

24-03-2025T11:55:21 - [TEST_STEP][PASSED] - numberOfErrors = 0: null

24-03-2025T11:55:21 - [TEST_STEP][PASSED] - if (a == 82): null

24-03-2025T11:55:21 - [TEST_STEP][PASSED] - b = findTestData("PlanFact").getValue(1, a): null

24-03-2025T11:55:21 - [TEST_STEP][PASSED] - i = b.indexOf(" (ГК)"): null

24-03-2025T11:55:21 - [TEST_STEP][PASSED] - if (i > -1): null

24-03-2025T11:55:21 - [TEST_STEP][PASSED] - i = b.indexOf("О ""): null

24-03-2025T11:55:21 - [TEST_STEP][PASSED] - if (i > -1): null

24-03-2025T11:55:21 - [TEST_STEP][PASSED] - i = b.indexOf("О «"): null

24-03-2025T11:55:21 - [TEST_STEP][PASSED] - if (i > -1): null

24-03-2025T11:55:21 - [TEST_STEP][PASSED] - i = b.indexOf("г. "): null

24-03-2025T11:55:21 - [TEST_STEP][PASSED] - if (i > -1): null

24-03-2025T11:55:21 - [TEST_STEP][PASSED] - b = b.trim(): null

24-03-2025T11:55:21 - [TEST_STEP][PASSED] - println(b): null

24-03-2025T11:55:21 - [TEST_STEP][FAILED] - for ([planFact = 1, planFact < 3, (planFact++)]): null

24-03-2025T11:55:21 - [TEST_STEP][PASSED] - if (planFact == 1): null

24-03-2025T11:55:21 - [TEST_STEP][PASSED] - typeOfDataMain = "Факт": null

24-03-2025T11:55:21 - [TEST_STEP][PASSED] - otpusk = findTestData("PlanFact").getValue(5, a): null

24-03-2025T11:55:21 - [TEST_STEP][PASSED] - poteri = findTestData("PlanFact").getValue(6, a): null

24-03-2025T11:55:21 - [TEST_STEP][PASSED] - otpusk = otpusk.replaceAll("\s+", ""): null

24-03-2025T11:55:21 - [TEST_STEP][PASSED] - poteri = poteri.replaceAll("\s+", ""): null

24-03-2025T11:55:21 - [TEST_STEP][PASSED] - typeOfData = typeOfDataMain + " Отпуск в сеть": null

24-03-2025T11:55:21 - [TEST_STEP][PASSED] - if (a == 82): null

24-03-2025T11:55:21 - [TEST_STEP][PASSED] - else if (a == 84): null

24-03-2025T11:55:21 - [TEST_STEP][PASSED] - else if (a == 83 || a == 52 || a == 72 || a == 28 || a == 73 || a == 77 || a == 74 || a == 65 || a == 36 || a == 44 || a == 53 || a == 80 || a == 54 || a == 1 || a == 18 || a == 59 || a == 81): null

24-03-2025T11:55:21 - [TEST_STEP][PASSED] - else: null

24-03-2025T11:55:21 - [TEST_STEP][PASSED] - path = dataFolder + typeOfData + " за отчётный период " + b: null

24-03-2025T11:55:21 - [TEST_STEP][PASSED] - println(path): null

24-03-2025T11:55:21 - [TEST_STEP][FAILED] - page = getText(findTestObject(path)): Unable to get text of object 'Object Repository/Выполнение бизнес-плана/Значения со страницы Выполнение бизнес-плана/Факт Отпуск в сеть за отчётный период Ульяновские РС' (Root cause: com.kms.katalon.core.exception.StepFailedException: Unable to get text of object 'Object Repository/Выполнение бизнес-плана/Значения со страницы Выполнение бизнес-плана/Факт Отпуск в сеть за отчётный период Ульяновские РС'
	at com.kms.katalon.core.webui.keyword.internal.WebUIKeywordMain.stepFailed(WebUIKeywordMain.groovy:64)
	at com.kms.katalon.core.webui.keyword.internal.WebUIKeywordMain.runKeyword(WebUIKeywordMain.groovy:26)
	at com.kms.katalon.core.webui.keyword.builtin.GetTextKeyword.getText(GetTextKeyword.groovy:88)
	at com.kms.katalon.core.webui.keyword.builtin.GetTextKeyword.execute(GetTextKeyword.groovy:67)
	at com.kms.katalon.core.keyword.internal.KeywordExecutor.executeKeywordForPlatform(KeywordExecutor.groovy:74)
	at com.kms.katalon.core.webui.keyword.WebUiBuiltInKeywords.getText(WebUiBuiltInKeywords.groovy:957)
	at Выполнение бизнес-плана Сверка ПАО Россети все филиалы.Numbers(Выполнение бизнес-плана Сверка ПАО Россети все филиалы:561)
	at Выполнение бизнес-плана Сверка ПАО Россети все филиалы.Filials(Выполнение бизнес-плана Сверка ПАО Россети все филиалы:993)
	at Выполнение бизнес-плана Сверка ПАО Россети все филиалы.Numbers(Выполнение бизнес-плана Сверка ПАО Россети все филиалы:751)
	at Выполнение бизнес-плана Сверка ПАО Россети все филиалы.run(Выполнение бизнес-плана Сверка ПАО Россети все филиалы:231)
	at com.kms.katalon.core.main.ScriptEngine.run(ScriptEngine.java:194)
	at com.kms.katalon.core.main.ScriptEngine.runScriptAsRawText(ScriptEngine.java:119)
	at com.kms.katalon.core.main.TestCaseExecutor.runScript(TestCaseExecutor.java:448)
	at com.kms.katalon.core.main.TestCaseExecutor.doExecute(TestCaseExecutor.java:439)
	at com.kms.katalon.core.main.TestCaseExecutor.processExecutionPhase(TestCaseExecutor.java:418)
	at com.kms.katalon.core.main.TestCaseExecutor.accessMainPhase(TestCaseExecutor.java:410)
	at com.kms.katalon.core.main.TestCaseExecutor.execute(TestCaseExecutor.java:285)
	at com.kms.katalon.core.common.CommonExecutor.accessTestCaseMainPhase(CommonExecutor.java:65)
	at com.kms.katalon.core.main.TestSuiteExecutor.accessTestSuiteMainPhase(TestSuiteExecutor.java:150)
	at com.kms.katalon.core.main.TestSuiteExecutor.execute(TestSuiteExecutor.java:106)
	at com.kms.katalon.core.main.TestCaseMain.startTestSuite(TestCaseMain.java:180)
	at TempTestSuite1742797761676.run(TempTestSuite1742797761676.groovy:35)
	at java.base/jdk.internal.reflect.NativeMethodAccessorImpl.invoke0(Native Method)
	at java.base/jdk.internal.reflect.NativeMethodAccessorImpl.invoke(NativeMethodAccessorImpl.java:77)
	at java.base/jdk.internal.reflect.DelegatingMethodAccessorImpl.invoke(DelegatingMethodAccessorImpl.java:43)
Caused by: com.kms.katalon.core.webui.exception.WebElementNotFoundException: Web element with id: 'Object Repository/Выполнение бизнес-плана/Значения со страницы Выполнение бизнес-плана/Факт Отпуск в сеть за отчётный период Ульяновские РС' located by '//tr/td[6]' not found
	at com.kms.katalon.core.webui.common.WebUiCommonHelper.findWebElement(WebUiCommonHelper.java:1426)
	at com.kms.katalon.core.webui.keyword.internal.WebUIAbstractKeyword.findWebElement(WebUIAbstractKeyword.groovy:27)
	at com.kms.katalon.core.webui.keyword.internal.WebUIAbstractKeyword.findWebElement(WebUIAbstractKeyword.groovy:26)
	at com.kms.katalon.core.webui.keyword.builtin.GetTextKeyword$_getText_closure1.doCall(GetTextKeyword.groovy:78)
	at com.kms.katalon.core.webui.keyword.builtin.GetTextKeyword$_getText_closure1.call(GetTextKeyword.groovy)
	at com.kms.katalon.core.webui.keyword.internal.WebUIKeywordMain.runKeyword(WebUIKeywordMain.groovy:20)
	at com.kms.katalon.core.webui.keyword.builtin.GetTextKeyword.getText(GetTextKeyword.groovy:88)
	at com.kms.katalon.core.webui.keyword.builtin.GetTextKeyword.execute(GetTextKeyword.groovy:67)
	at com.kms.katalon.core.keyword.internal.KeywordExecutor.executeKeywordForPlatform(KeywordExecutor.groovy:74)
	at com.kms.katalon.core.webui.keyword.WebUiBuiltInKeywords.getText(WebUiBuiltInKeywords.groovy:957)
	at Script1718980020443.Numbers(Script1718980020443.groovy:561)
	at Script1718980020443.Filials(Script1718980020443.groovy:993)
	at Script1718980020443.Numbers(Script1718980020443.groovy:751)
	at Script1718980020443.run(Script1718980020443.groovy:231)
	... 15 more
)

24-03-2025T11:55:52 - [MESSAGE][INFO] - Unable to find the element located by 'By.xpath: //tr/td[6]'. Please recheck the objects properties to make sure the desired element is located. 

24-03-2025T11:55:52 - [MESSAGE][FAILED] - Unable to get text of object 'Object Repository/Выполнение бизнес-плана/Значения со страницы Выполнение бизнес-плана/Факт Отпуск в сеть за отчётный период Ульяновские РС' (Root cause: com.kms.katalon.core.exception.StepFailedException: Unable to get text of object 'Object Repository/Выполнение бизнес-плана/Значения со страницы Выполнение бизнес-плана/Факт Отпуск в сеть за отчётный период Ульяновские РС'
	at com.kms.katalon.core.webui.keyword.internal.WebUIKeywordMain.stepFailed(WebUIKeywordMain.groovy:64)
	at com.kms.katalon.core.webui.keyword.internal.WebUIKeywordMain.runKeyword(WebUIKeywordMain.groovy:26)
	at com.kms.katalon.core.webui.keyword.builtin.GetTextKeyword.getText(GetTextKeyword.groovy:88)
	at com.kms.katalon.core.webui.keyword.builtin.GetTextKeyword.execute(GetTextKeyword.groovy:67)
	at com.kms.katalon.core.keyword.internal.KeywordExecutor.executeKeywordForPlatform(KeywordExecutor.groovy:74)
	at com.kms.katalon.core.webui.keyword.WebUiBuiltInKeywords.getText(WebUiBuiltInKeywords.groovy:957)
	at Выполнение бизнес-плана Сверка ПАО Россети все филиалы.Numbers(Выполнение бизнес-плана Сверка ПАО Россети все филиалы:561)
	at Выполнение бизнес-плана Сверка ПАО Россети все филиалы.Filials(Выполнение бизнес-плана Сверка ПАО Россети все филиалы:993)
	at Выполнение бизнес-плана Сверка ПАО Россети все филиалы.Numbers(Выполнение бизнес-плана Сверка ПАО Россети все филиалы:751)
	at Выполнение бизнес-плана Сверка ПАО Россети все филиалы.run(Выполнение бизнес-плана Сверка ПАО Россети все филиалы:231)
	at com.kms.katalon.core.main.ScriptEngine.run(ScriptEngine.java:194)
	at com.kms.katalon.core.main.ScriptEngine.runScriptAsRawText(ScriptEngine.java:119)
	at com.kms.katalon.core.main.TestCaseExecutor.runScript(TestCaseExecutor.java:448)
	at com.kms.katalon.core.main.TestCaseExecutor.doExecute(TestCaseExecutor.java:439)
	at com.kms.katalon.core.main.TestCaseExecutor.processExecutionPhase(TestCaseExecutor.java:418)
	at com.kms.katalon.core.main.TestCaseExecutor.accessMainPhase(TestCaseExecutor.java:410)
	at com.kms.katalon.core.main.TestCaseExecutor.execute(TestCaseExecutor.java:285)
	at com.kms.katalon.core.common.CommonExecutor.accessTestCaseMainPhase(CommonExecutor.java:65)
	at com.kms.katalon.core.main.TestSuiteExecutor.accessTestSuiteMainPhase(TestSuiteExecutor.java:150)
	at com.kms.katalon.core.main.TestSuiteExecutor.execute(TestSuiteExecutor.java:106)
	at com.kms.katalon.core.main.TestCaseMain.startTestSuite(TestCaseMain.java:180)
	at TempTestSuite1742797761676.run(TempTestSuite1742797761676.groovy:35)
	at java.base/jdk.internal.reflect.NativeMethodAccessorImpl.invoke0(Native Method)
	at java.base/jdk.internal.reflect.NativeMethodAccessorImpl.invoke(NativeMethodAccessorImpl.java:77)
	at java.base/jdk.internal.reflect.DelegatingMethodAccessorImpl.invoke(DelegatingMethodAccessorImpl.java:43)
Caused by: com.kms.katalon.core.webui.exception.WebElementNotFoundException: Web element with id: 'Object Repository/Выполнение бизнес-плана/Значения со страницы Выполнение бизнес-плана/Факт Отпуск в сеть за отчётный период Ульяновские РС' located by '//tr/td[6]' not found
	at com.kms.katalon.core.webui.common.WebUiCommonHelper.findWebElement(WebUiCommonHelper.java:1426)
	at com.kms.katalon.core.webui.keyword.internal.WebUIAbstractKeyword.findWebElement(WebUIAbstractKeyword.groovy:27)
	at com.kms.katalon.core.webui.keyword.internal.WebUIAbstractKeyword.findWebElement(WebUIAbstractKeyword.groovy:26)
	at com.kms.katalon.core.webui.keyword.builtin.GetTextKeyword$_getText_closure1.doCall(GetTextKeyword.groovy:78)
	at com.kms.katalon.core.webui.keyword.builtin.GetTextKeyword$_getText_closure1.call(GetTextKeyword.groovy)
	at com.kms.katalon.core.webui.keyword.internal.WebUIKeywordMain.runKeyword(WebUIKeywordMain.groovy:20)
	at com.kms.katalon.core.webui.keyword.builtin.GetTextKeyword.getText(GetTextKeyword.groovy:88)
	at com.kms.katalon.core.webui.keyword.builtin.GetTextKeyword.execute(GetTextKeyword.groovy:67)
	at com.kms.katalon.core.keyword.internal.KeywordExecutor.executeKeywordForPlatform(KeywordExecutor.groovy:74)
	at com.kms.katalon.core.webui.keyword.WebUiBuiltInKeywords.getText(WebUiBuiltInKeywords.groovy:957)
	at Script1718980020443.Numbers(Script1718980020443.groovy:561)
	at Script1718980020443.Filials(Script1718980020443.groovy:993)
	at Script1718980020443.Numbers(Script1718980020443.groovy:751)
	at Script1718980020443.run(Script1718980020443.groovy:231)
	... 15 more
)
[[ATTACHMENT|C:\\Users\\LIAZGINA-DI\\git\\SPORU\\Reports\\20250324_092921\\\u041F\u043D-\u0421\u0440-\u041F\u0442\\\u0421\u0432\u0435\u0440\u043A\u0430 \u0434\u0430\u0448\u0431\u043E\u0440\u0434\u043E\u0432 \u0438\u0437 \u0440\u0430\u0437\u043D\u044B\u0445 \u0431\u043B\u043E\u043A\u043E\u0432\\20250324_092921\\1742806552413.png]]

24-03-2025T11:55:52 - [TEST_STEP][PASSED] - if (page == "" || page == null): null

24-03-2025T11:55:52 - [TEST_STEP][PASSED] - fileInt = otpusk.toInteger(): null

24-03-2025T11:55:52 - [TEST_STEP][PASSED] - Script1718980020443.WriteToExcelNoData(a, typeOfData, todaysDate, fileInt, fileDouble, dZO): null

24-03-2025T11:55:52 - [TEST_STEP][PASSED] - sheetName = "Sheet1": null

24-03-2025T11:55:52 - [TEST_STEP][PASSED] - data = findTestData("PlanFact"): null

24-03-2025T11:55:52 - [TEST_STEP][PASSED] - n = data.getRowNumbers() + 1: null

24-03-2025T11:55:52 - [TEST_STEP][PASSED] - day = ")).toInteger(): null

24-03-2025T11:55:52 - [TEST_STEP][PASSED] - println(day): null

24-03-2025T11:55:52 - [TEST_STEP][PASSED] - month = ")).toInteger(): null

24-03-2025T11:55:52 - [TEST_STEP][PASSED] - println(month): null

24-03-2025T11:55:52 - [TEST_STEP][PASSED] - y = <not implemented yet for class: org.codehaus.groovy.ast.expr.EmptyExpression>: null

24-03-2025T11:55:52 - [TEST_STEP][PASSED] - iy = <not implemented yet for class: org.codehaus.groovy.ast.expr.EmptyExpression>: null

24-03-2025T11:55:52 - [TEST_STEP][PASSED] - m = getText(findTestObject("Выполнение бизнес-плана/Период")): Text of object 'Object Repository/Выполнение бизнес-плана/Период' is: 'Январь 2025 года'

24-03-2025T11:55:52 - [MESSAGE][PASSED] - Text of object 'Object Repository/Выполнение бизнес-плана/Период' is: 'Январь 2025 года'

24-03-2025T11:55:52 - [TEST_STEP][PASSED] - iy = m.indexOf("20"): null

24-03-2025T11:55:52 - [TEST_STEP][PASSED] - if (iy > -1): null

24-03-2025T11:55:52 - [TEST_STEP][PASSED] - y = substring(iy, iy + 4).toInteger(): null

24-03-2025T11:55:52 - [TEST_STEP][PASSED] - println(y): null

24-03-2025T11:55:52 - [TEST_STEP][PASSED] - if (toString().length() == 4): null

24-03-2025T11:55:52 - [TEST_STEP][PASSED] - m = m.substring(0, m.indexOf(y.toString())): null

24-03-2025T11:55:52 - [TEST_STEP][PASSED] - m = m.trim(): null

24-03-2025T11:55:52 - [TEST_STEP][PASSED] - if (m == ""): null

24-03-2025T11:55:52 - [TEST_STEP][PASSED] - dashboardName = "Выполнение бизнес-плана": null

24-03-2025T11:55:52 - [TEST_STEP][PASSED] - workbook01 = getWorkbook(excelFilePath): null

24-03-2025T11:55:53 - [TEST_STEP][PASSED] - sheet01 = getExcelSheet(workbook01, sheetName): null

24-03-2025T11:55:53 - [TEST_STEP][PASSED] - setValueToCellByIndex(sheet01, n, 0, dashboardName): null

24-03-2025T11:55:53 - [TEST_STEP][PASSED] - setValueToCellByIndex(sheet01, n, 1, dZO): null

24-03-2025T11:55:53 - [TEST_STEP][PASSED] - setValueToCellByIndex(sheet01, n, 2, typeOfData): null

24-03-2025T11:55:53 - [TEST_STEP][PASSED] - if (typeOfData == "Факт в процентах" || typeOfData == "План в процентах"): null

24-03-2025T11:55:53 - [TEST_STEP][PASSED] - else: null

24-03-2025T11:55:53 - [TEST_STEP][PASSED] - setValueToCellByIndex(sheet01, n, 3, fileInt): null

24-03-2025T11:55:53 - [TEST_STEP][PASSED] - setValueToCellByIndex(sheet01, n, 4, "нет данных"): null

24-03-2025T11:55:53 - [TEST_STEP][PASSED] - setValueToCellByIndex(sheet01, n, 5, m): null

24-03-2025T11:55:53 - [TEST_STEP][PASSED] - setValueToCellByIndex(sheet01, n, 6, y): null

24-03-2025T11:55:53 - [TEST_STEP][PASSED] - setValueToCellByIndex(sheet01, n, 7, todaysDate): null

24-03-2025T11:55:53 - [TEST_STEP][PASSED] - n = n + 1: null

24-03-2025T11:55:53 - [TEST_STEP][FAILED] - saveWorkbook(excelFilePath, workbook01): null

24-03-2025T11:55:53 - [TEST_STEP][PASSED] - typeOfData = typeOfDataMain + " Потери": null

24-03-2025T11:55:53 - [TEST_STEP][PASSED] - if (a == 82): null

24-03-2025T11:55:53 - [TEST_STEP][PASSED] - else if (a == 84): null

24-03-2025T11:55:53 - [TEST_STEP][PASSED] - else if (a == 83 || a == 52 || a == 72 || a == 28 || a == 73 || a == 77 || a == 74 || a == 65 || a == 44 || a == 53 || a == 80 || a == 54 || a == 1 || a == 18 || a == 59 || a == 81): null

24-03-2025T11:55:53 - [TEST_STEP][PASSED] - else: null

24-03-2025T11:55:53 - [TEST_STEP][PASSED] - path = dataFolder + typeOfData + " за отчётный период " + b: null

24-03-2025T11:55:53 - [TEST_STEP][FAILED] - page = getText(findTestObject(path)): Unable to get text of object 'Object Repository/Выполнение бизнес-плана/Значения со страницы Выполнение бизнес-плана/Факт Потери за отчётный период Ульяновские РС' (Root cause: com.kms.katalon.core.exception.StepFailedException: Unable to get text of object 'Object Repository/Выполнение бизнес-плана/Значения со страницы Выполнение бизнес-плана/Факт Потери за отчётный период Ульяновские РС'
	at com.kms.katalon.core.webui.keyword.internal.WebUIKeywordMain.stepFailed(WebUIKeywordMain.groovy:64)
	at com.kms.katalon.core.webui.keyword.internal.WebUIKeywordMain.runKeyword(WebUIKeywordMain.groovy:26)
	at com.kms.katalon.core.webui.keyword.builtin.GetTextKeyword.getText(GetTextKeyword.groovy:88)
	at com.kms.katalon.core.webui.keyword.builtin.GetTextKeyword.execute(GetTextKeyword.groovy:67)
	at com.kms.katalon.core.keyword.internal.KeywordExecutor.executeKeywordForPlatform(KeywordExecutor.groovy:74)
	at com.kms.katalon.core.webui.keyword.WebUiBuiltInKeywords.getText(WebUiBuiltInKeywords.groovy:957)
	at Выполнение бизнес-плана Сверка ПАО Россети все филиалы.Numbers(Выполнение бизнес-плана Сверка ПАО Россети все филиалы:594)
	at Выполнение бизнес-плана Сверка ПАО Россети все филиалы.Filials(Выполнение бизнес-плана Сверка ПАО Россети все филиалы:993)
	at Выполнение бизнес-плана Сверка ПАО Россети все филиалы.Numbers(Выполнение бизнес-плана Сверка ПАО Россети все филиалы:751)
	at Выполнение бизнес-плана Сверка ПАО Россети все филиалы.run(Выполнение бизнес-плана Сверка ПАО Россети все филиалы:231)
	at com.kms.katalon.core.main.ScriptEngine.run(ScriptEngine.java:194)
	at com.kms.katalon.core.main.ScriptEngine.runScriptAsRawText(ScriptEngine.java:119)
	at com.kms.katalon.core.main.TestCaseExecutor.runScript(TestCaseExecutor.java:448)
	at com.kms.katalon.core.main.TestCaseExecutor.doExecute(TestCaseExecutor.java:439)
	at com.kms.katalon.core.main.TestCaseExecutor.processExecutionPhase(TestCaseExecutor.java:418)
	at com.kms.katalon.core.main.TestCaseExecutor.accessMainPhase(TestCaseExecutor.java:410)
	at com.kms.katalon.core.main.TestCaseExecutor.execute(TestCaseExecutor.java:285)
	at com.kms.katalon.core.common.CommonExecutor.accessTestCaseMainPhase(CommonExecutor.java:65)
	at com.kms.katalon.core.main.TestSuiteExecutor.accessTestSuiteMainPhase(TestSuiteExecutor.java:150)
	at com.kms.katalon.core.main.TestSuiteExecutor.execute(TestSuiteExecutor.java:106)
	at com.kms.katalon.core.main.TestCaseMain.startTestSuite(TestCaseMain.java:180)
	at TempTestSuite1742797761676.run(TempTestSuite1742797761676.groovy:35)
	at java.base/jdk.internal.reflect.NativeMethodAccessorImpl.invoke0(Native Method)
	at java.base/jdk.internal.reflect.NativeMethodAccessorImpl.invoke(NativeMethodAccessorImpl.java:77)
	at java.base/jdk.internal.reflect.DelegatingMethodAccessorImpl.invoke(DelegatingMethodAccessorImpl.java:43)
Caused by: com.kms.katalon.core.webui.exception.WebElementNotFoundException: Web element with id: 'Object Repository/Выполнение бизнес-плана/Значения со страницы Выполнение бизнес-плана/Факт Потери за отчётный период Ульяновские РС' located by '//tr[3]/td[6]' not found
	at com.kms.katalon.core.webui.common.WebUiCommonHelper.findWebElement(WebUiCommonHelper.java:1426)
	at com.kms.katalon.core.webui.keyword.internal.WebUIAbstractKeyword.findWebElement(WebUIAbstractKeyword.groovy:27)
	at com.kms.katalon.core.webui.keyword.internal.WebUIAbstractKeyword.findWebElement(WebUIAbstractKeyword.groovy:26)
	at com.kms.katalon.core.webui.keyword.builtin.GetTextKeyword$_getText_closure1.doCall(GetTextKeyword.groovy:78)
	at com.kms.katalon.core.webui.keyword.builtin.GetTextKeyword$_getText_closure1.call(GetTextKeyword.groovy)
	at com.kms.katalon.core.webui.keyword.internal.WebUIKeywordMain.runKeyword(WebUIKeywordMain.groovy:20)
	at com.kms.katalon.core.webui.keyword.builtin.GetTextKeyword.getText(GetTextKeyword.groovy:88)
	at com.kms.katalon.core.webui.keyword.builtin.GetTextKeyword.execute(GetTextKeyword.groovy:67)
	at com.kms.katalon.core.keyword.internal.KeywordExecutor.executeKeywordForPlatform(KeywordExecutor.groovy:74)
	at com.kms.katalon.core.webui.keyword.WebUiBuiltInKeywords.getText(WebUiBuiltInKeywords.groovy:957)
	at Script1718980020443.Numbers(Script1718980020443.groovy:594)
	at Script1718980020443.Filials(Script1718980020443.groovy:993)
	at Script1718980020443.Numbers(Script1718980020443.groovy:751)
	at Script1718980020443.run(Script1718980020443.groovy:231)
	... 15 more
)

24-03-2025T11:56:24 - [MESSAGE][INFO] - Unable to find the element located by 'By.xpath: //tr[3]/td[6]'. Please recheck the objects properties to make sure the desired element is located. 

24-03-2025T11:56:24 - [MESSAGE][FAILED] - Unable to get text of object 'Object Repository/Выполнение бизнес-плана/Значения со страницы Выполнение бизнес-плана/Факт Потери за отчётный период Ульяновские РС' (Root cause: com.kms.katalon.core.exception.StepFailedException: Unable to get text of object 'Object Repository/Выполнение бизнес-плана/Значения со страницы Выполнение бизнес-плана/Факт Потери за отчётный период Ульяновские РС'
	at com.kms.katalon.core.webui.keyword.internal.WebUIKeywordMain.stepFailed(WebUIKeywordMain.groovy:64)
	at com.kms.katalon.core.webui.keyword.internal.WebUIKeywordMain.runKeyword(WebUIKeywordMain.groovy:26)
	at com.kms.katalon.core.webui.keyword.builtin.GetTextKeyword.getText(GetTextKeyword.groovy:88)
	at com.kms.katalon.core.webui.keyword.builtin.GetTextKeyword.execute(GetTextKeyword.groovy:67)
	at com.kms.katalon.core.keyword.internal.KeywordExecutor.executeKeywordForPlatform(KeywordExecutor.groovy:74)
	at com.kms.katalon.core.webui.keyword.WebUiBuiltInKeywords.getText(WebUiBuiltInKeywords.groovy:957)
	at Выполнение бизнес-плана Сверка ПАО Россети все филиалы.Numbers(Выполнение бизнес-плана Сверка ПАО Россети все филиалы:594)
	at Выполнение бизнес-плана Сверка ПАО Россети все филиалы.Filials(Выполнение бизнес-плана Сверка ПАО Россети все филиалы:993)
	at Выполнение бизнес-плана Сверка ПАО Россети все филиалы.Numbers(Выполнение бизнес-плана Сверка ПАО Россети все филиалы:751)
	at Выполнение бизнес-плана Сверка ПАО Россети все филиалы.run(Выполнение бизнес-плана Сверка ПАО Россети все филиалы:231)
	at com.kms.katalon.core.main.ScriptEngine.run(ScriptEngine.java:194)
	at com.kms.katalon.core.main.ScriptEngine.runScriptAsRawText(ScriptEngine.java:119)
	at com.kms.katalon.core.main.TestCaseExecutor.runScript(TestCaseExecutor.java:448)
	at com.kms.katalon.core.main.TestCaseExecutor.doExecute(TestCaseExecutor.java:439)
	at com.kms.katalon.core.main.TestCaseExecutor.processExecutionPhase(TestCaseExecutor.java:418)
	at com.kms.katalon.core.main.TestCaseExecutor.accessMainPhase(TestCaseExecutor.java:410)
	at com.kms.katalon.core.main.TestCaseExecutor.execute(TestCaseExecutor.java:285)
	at com.kms.katalon.core.common.CommonExecutor.accessTestCaseMainPhase(CommonExecutor.java:65)
	at com.kms.katalon.core.main.TestSuiteExecutor.accessTestSuiteMainPhase(TestSuiteExecutor.java:150)
	at com.kms.katalon.core.main.TestSuiteExecutor.execute(TestSuiteExecutor.java:106)
	at com.kms.katalon.core.main.TestCaseMain.startTestSuite(TestCaseMain.java:180)
	at TempTestSuite1742797761676.run(TempTestSuite1742797761676.groovy:35)
	at java.base/jdk.internal.reflect.NativeMethodAccessorImpl.invoke0(Native Method)
	at java.base/jdk.internal.reflect.NativeMethodAccessorImpl.invoke(NativeMethodAccessorImpl.java:77)
	at java.base/jdk.internal.reflect.DelegatingMethodAccessorImpl.invoke(DelegatingMethodAccessorImpl.java:43)
Caused by: com.kms.katalon.core.webui.exception.WebElementNotFoundException: Web element with id: 'Object Repository/Выполнение бизнес-плана/Значения со страницы Выполнение бизнес-плана/Факт Потери за отчётный период Ульяновские РС' located by '//tr[3]/td[6]' not found
	at com.kms.katalon.core.webui.common.WebUiCommonHelper.findWebElement(WebUiCommonHelper.java:1426)
	at com.kms.katalon.core.webui.keyword.internal.WebUIAbstractKeyword.findWebElement(WebUIAbstractKeyword.groovy:27)
	at com.kms.katalon.core.webui.keyword.internal.WebUIAbstractKeyword.findWebElement(WebUIAbstractKeyword.groovy:26)
	at com.kms.katalon.core.webui.keyword.builtin.GetTextKeyword$_getText_closure1.doCall(GetTextKeyword.groovy:78)
	at com.kms.katalon.core.webui.keyword.builtin.GetTextKeyword$_getText_closure1.call(GetTextKeyword.groovy)
	at com.kms.katalon.core.webui.keyword.internal.WebUIKeywordMain.runKeyword(WebUIKeywordMain.groovy:20)
	at com.kms.katalon.core.webui.keyword.builtin.GetTextKeyword.getText(GetTextKeyword.groovy:88)
	at com.kms.katalon.core.webui.keyword.builtin.GetTextKeyword.execute(GetTextKeyword.groovy:67)
	at com.kms.katalon.core.keyword.internal.KeywordExecutor.executeKeywordForPlatform(KeywordExecutor.groovy:74)
	at com.kms.katalon.core.webui.keyword.WebUiBuiltInKeywords.getText(WebUiBuiltInKeywords.groovy:957)
	at Script1718980020443.Numbers(Script1718980020443.groovy:594)
	at Script1718980020443.Filials(Script1718980020443.groovy:993)
	at Script1718980020443.Numbers(Script1718980020443.groovy:751)
	at Script1718980020443.run(Script1718980020443.groovy:231)
	... 15 more
)
[[ATTACHMENT|C:\\Users\\LIAZGINA-DI\\git\\SPORU\\Reports\\20250324_092921\\\u041F\u043D-\u0421\u0440-\u041F\u0442\\\u0421\u0432\u0435\u0440\u043A\u0430 \u0434\u0430\u0448\u0431\u043E\u0440\u0434\u043E\u0432 \u0438\u0437 \u0440\u0430\u0437\u043D\u044B\u0445 \u0431\u043B\u043E\u043A\u043E\u0432\\20250324_092921\\1742806584485.png]]

24-03-2025T11:56:24 - [TEST_STEP][PASSED] - if (page == "" || page == null): null

24-03-2025T11:56:24 - [TEST_STEP][PASSED] - fileInt = poteri.toInteger(): null

24-03-2025T11:56:24 - [TEST_STEP][PASSED] - Script1718980020443.WriteToExcelNoData(a, typeOfData, todaysDate, fileInt, fileDouble, dZO): null

24-03-2025T11:56:24 - [TEST_STEP][PASSED] - sheetName = "Sheet1": null

24-03-2025T11:56:24 - [TEST_STEP][PASSED] - data = findTestData("PlanFact"): null

24-03-2025T11:56:24 - [TEST_STEP][PASSED] - n = data.getRowNumbers() + 1: null

24-03-2025T11:56:24 - [TEST_STEP][PASSED] - day = ")).toInteger(): null

24-03-2025T11:56:24 - [TEST_STEP][PASSED] - println(day): null

24-03-2025T11:56:24 - [TEST_STEP][PASSED] - month = ")).toInteger(): null

24-03-2025T11:56:24 - [TEST_STEP][PASSED] - println(month): null

24-03-2025T11:56:24 - [TEST_STEP][PASSED] - y = <not implemented yet for class: org.codehaus.groovy.ast.expr.EmptyExpression>: null

24-03-2025T11:56:24 - [TEST_STEP][PASSED] - iy = <not implemented yet for class: org.codehaus.groovy.ast.expr.EmptyExpression>: null

24-03-2025T11:56:24 - [TEST_STEP][PASSED] - m = getText(findTestObject("Выполнение бизнес-плана/Период")): Text of object 'Object Repository/Выполнение бизнес-плана/Период' is: 'Январь 2025 года'

24-03-2025T11:56:24 - [MESSAGE][PASSED] - Text of object 'Object Repository/Выполнение бизнес-плана/Период' is: 'Январь 2025 года'

24-03-2025T11:56:24 - [TEST_STEP][PASSED] - iy = m.indexOf("20"): null

24-03-2025T11:56:24 - [TEST_STEP][PASSED] - if (iy > -1): null

24-03-2025T11:56:24 - [TEST_STEP][PASSED] - y = substring(iy, iy + 4).toInteger(): null

24-03-2025T11:56:24 - [TEST_STEP][PASSED] - println(y): null

24-03-2025T11:56:24 - [TEST_STEP][PASSED] - if (toString().length() == 4): null

24-03-2025T11:56:24 - [TEST_STEP][PASSED] - m = m.substring(0, m.indexOf(y.toString())): null

24-03-2025T11:56:24 - [TEST_STEP][PASSED] - m = m.trim(): null

24-03-2025T11:56:24 - [TEST_STEP][PASSED] - if (m == ""): null

24-03-2025T11:56:24 - [TEST_STEP][PASSED] - dashboardName = "Выполнение бизнес-плана": null

24-03-2025T11:56:24 - [TEST_STEP][PASSED] - workbook01 = getWorkbook(excelFilePath): null

24-03-2025T11:56:24 - [TEST_STEP][PASSED] - sheet01 = getExcelSheet(workbook01, sheetName): null

24-03-2025T11:56:24 - [TEST_STEP][PASSED] - setValueToCellByIndex(sheet01, n, 0, dashboardName): null

24-03-2025T11:56:24 - [TEST_STEP][PASSED] - setValueToCellByIndex(sheet01, n, 1, dZO): null

24-03-2025T11:56:24 - [TEST_STEP][PASSED] - setValueToCellByIndex(sheet01, n, 2, typeOfData): null

24-03-2025T11:56:24 - [TEST_STEP][PASSED] - if (typeOfData == "Факт в процентах" || typeOfData == "План в процентах"): null

24-03-2025T11:56:24 - [TEST_STEP][PASSED] - else: null

24-03-2025T11:56:24 - [TEST_STEP][PASSED] - setValueToCellByIndex(sheet01, n, 3, fileInt): null

24-03-2025T11:56:24 - [TEST_STEP][PASSED] - setValueToCellByIndex(sheet01, n, 4, "нет данных"): null

24-03-2025T11:56:24 - [TEST_STEP][PASSED] - setValueToCellByIndex(sheet01, n, 5, m): null

24-03-2025T11:56:24 - [TEST_STEP][PASSED] - setValueToCellByIndex(sheet01, n, 6, y): null

24-03-2025T11:56:24 - [TEST_STEP][PASSED] - setValueToCellByIndex(sheet01, n, 7, todaysDate): null

24-03-2025T11:56:24 - [TEST_STEP][PASSED] - n = n + 1: null

24-03-2025T11:56:24 - [TEST_STEP][FAILED] - saveWorkbook(excelFilePath, workbook01): null

24-03-2025T11:56:25 - [TEST_STEP][PASSED] - compare = pageOtpuskVSet: null

24-03-2025T11:56:25 - [TEST_STEP][PASSED] - if (pageOtpuskVSet != null): null

24-03-2025T11:56:25 - [TEST_STEP][PASSED] - if (compare == fileOtpuskVSet): null

24-03-2025T11:56:25 - [TEST_STEP][PASSED] - if (compare == fileOtpuskVSet): null

24-03-2025T11:56:25 - [TEST_STEP][PASSED] - compare = pagePoteri: null

24-03-2025T11:56:25 - [TEST_STEP][PASSED] - if (pageOtpuskVSet != null): null

24-03-2025T11:56:25 - [TEST_STEP][PASSED] - if (compare == filePoteri): null

24-03-2025T11:56:25 - [TEST_STEP][PASSED] - if (compare == filePoteri): null

24-03-2025T11:56:25 - [TEST_STEP][PASSED] - if (planFact == 2): null

24-03-2025T11:56:25 - [TEST_STEP][PASSED] - if (planFact == 1): null

24-03-2025T11:56:25 - [TEST_STEP][PASSED] - else if (planFact == 2): null

24-03-2025T11:56:25 - [TEST_STEP][PASSED] - click(findTestObject("Выполнение бизнес-плана/Кнопка План")): Object: 'Object Repository/Выполнение бизнес-плана/Кнопка План' is clicked on

24-03-2025T11:56:25 - [MESSAGE][PASSED] - Object: 'Object Repository/Выполнение бизнес-плана/Кнопка План' is clicked on

24-03-2025T11:56:25 - [TEST_STEP][PASSED] - typeOfDataMain = "План": null

24-03-2025T11:56:25 - [TEST_STEP][PASSED] - otpusk = findTestData("PlanFact").getValue(2, a): null

24-03-2025T11:56:25 - [TEST_STEP][PASSED] - poteri = findTestData("PlanFact").getValue(3, a): null

24-03-2025T11:56:25 - [TEST_STEP][PASSED] - otpusk = otpusk.replaceAll("\s+", ""): null

24-03-2025T11:56:25 - [TEST_STEP][PASSED] - poteri = poteri.replaceAll("\s+", ""): null

24-03-2025T11:56:25 - [TEST_STEP][PASSED] - typeOfData = typeOfDataMain + " Отпуск в сеть": null

24-03-2025T11:56:25 - [TEST_STEP][PASSED] - if (a == 82): null

24-03-2025T11:56:25 - [TEST_STEP][PASSED] - else if (a == 84): null

24-03-2025T11:56:25 - [TEST_STEP][PASSED] - else if (a == 83 || a == 52 || a == 72 || a == 28 || a == 73 || a == 77 || a == 74 || a == 65 || a == 36 || a == 44 || a == 53 || a == 80 || a == 54 || a == 1 || a == 18 || a == 59 || a == 81): null

24-03-2025T11:56:25 - [TEST_STEP][PASSED] - else: null

24-03-2025T11:56:25 - [TEST_STEP][PASSED] - path = dataFolder + typeOfData + " за отчётный период " + b: null

24-03-2025T11:56:25 - [TEST_STEP][PASSED] - println(path): null

24-03-2025T11:56:25 - [TEST_STEP][FAILED] - page = getText(findTestObject(path)): Unable to get text of object 'Object Repository/Выполнение бизнес-плана/Значения со страницы Выполнение бизнес-плана/План Отпуск в сеть за отчётный период Ульяновские РС' (Root cause: com.kms.katalon.core.exception.StepFailedException: Unable to get text of object 'Object Repository/Выполнение бизнес-плана/Значения со страницы Выполнение бизнес-плана/План Отпуск в сеть за отчётный период Ульяновские РС'
	at com.kms.katalon.core.webui.keyword.internal.WebUIKeywordMain.stepFailed(WebUIKeywordMain.groovy:64)
	at com.kms.katalon.core.webui.keyword.internal.WebUIKeywordMain.runKeyword(WebUIKeywordMain.groovy:26)
	at com.kms.katalon.core.webui.keyword.builtin.GetTextKeyword.getText(GetTextKeyword.groovy:88)
	at com.kms.katalon.core.webui.keyword.builtin.GetTextKeyword.execute(GetTextKeyword.groovy:67)
	at com.kms.katalon.core.keyword.internal.KeywordExecutor.executeKeywordForPlatform(KeywordExecutor.groovy:74)
	at com.kms.katalon.core.webui.keyword.WebUiBuiltInKeywords.getText(WebUiBuiltInKeywords.groovy:957)
	at Выполнение бизнес-плана Сверка ПАО Россети все филиалы.Numbers(Выполнение бизнес-плана Сверка ПАО Россети все филиалы:561)
	at Выполнение бизнес-плана Сверка ПАО Россети все филиалы.Filials(Выполнение бизнес-плана Сверка ПАО Россети все филиалы:993)
	at Выполнение бизнес-плана Сверка ПАО Россети все филиалы.Numbers(Выполнение бизнес-плана Сверка ПАО Россети все филиалы:751)
	at Выполнение бизнес-плана Сверка ПАО Россети все филиалы.run(Выполнение бизнес-плана Сверка ПАО Россети все филиалы:231)
	at com.kms.katalon.core.main.ScriptEngine.run(ScriptEngine.java:194)
	at com.kms.katalon.core.main.ScriptEngine.runScriptAsRawText(ScriptEngine.java:119)
	at com.kms.katalon.core.main.TestCaseExecutor.runScript(TestCaseExecutor.java:448)
	at com.kms.katalon.core.main.TestCaseExecutor.doExecute(TestCaseExecutor.java:439)
	at com.kms.katalon.core.main.TestCaseExecutor.processExecutionPhase(TestCaseExecutor.java:418)
	at com.kms.katalon.core.main.TestCaseExecutor.accessMainPhase(TestCaseExecutor.java:410)
	at com.kms.katalon.core.main.TestCaseExecutor.execute(TestCaseExecutor.java:285)
	at com.kms.katalon.core.common.CommonExecutor.accessTestCaseMainPhase(CommonExecutor.java:65)
	at com.kms.katalon.core.main.TestSuiteExecutor.accessTestSuiteMainPhase(TestSuiteExecutor.java:150)
	at com.kms.katalon.core.main.TestSuiteExecutor.execute(TestSuiteExecutor.java:106)
	at com.kms.katalon.core.main.TestCaseMain.startTestSuite(TestCaseMain.java:180)
	at TempTestSuite1742797761676.run(TempTestSuite1742797761676.groovy:35)
	at java.base/jdk.internal.reflect.NativeMethodAccessorImpl.invoke0(Native Method)
	at java.base/jdk.internal.reflect.NativeMethodAccessorImpl.invoke(NativeMethodAccessorImpl.java:77)
	at java.base/jdk.internal.reflect.DelegatingMethodAccessorImpl.invoke(DelegatingMethodAccessorImpl.java:43)
Caused by: com.kms.katalon.core.webui.exception.WebElementNotFoundException: Web element with id: 'Object Repository/Выполнение бизнес-плана/Значения со страницы Выполнение бизнес-плана/План Отпуск в сеть за отчётный период Ульяновские РС' located by '//div[138]/div[2]/div/div/table/tbody/tr/td[6]' not found
	at com.kms.katalon.core.webui.common.WebUiCommonHelper.findWebElement(WebUiCommonHelper.java:1426)
	at com.kms.katalon.core.webui.keyword.internal.WebUIAbstractKeyword.findWebElement(WebUIAbstractKeyword.groovy:27)
	at com.kms.katalon.core.webui.keyword.internal.WebUIAbstractKeyword.findWebElement(WebUIAbstractKeyword.groovy:26)
	at com.kms.katalon.core.webui.keyword.builtin.GetTextKeyword$_getText_closure1.doCall(GetTextKeyword.groovy:78)
	at com.kms.katalon.core.webui.keyword.builtin.GetTextKeyword$_getText_closure1.call(GetTextKeyword.groovy)
	at com.kms.katalon.core.webui.keyword.internal.WebUIKeywordMain.runKeyword(WebUIKeywordMain.groovy:20)
	at com.kms.katalon.core.webui.keyword.builtin.GetTextKeyword.getText(GetTextKeyword.groovy:88)
	at com.kms.katalon.core.webui.keyword.builtin.GetTextKeyword.execute(GetTextKeyword.groovy:67)
	at com.kms.katalon.core.keyword.internal.KeywordExecutor.executeKeywordForPlatform(KeywordExecutor.groovy:74)
	at com.kms.katalon.core.webui.keyword.WebUiBuiltInKeywords.getText(WebUiBuiltInKeywords.groovy:957)
	at Script1718980020443.Numbers(Script1718980020443.groovy:561)
	at Script1718980020443.Filials(Script1718980020443.groovy:993)
	at Script1718980020443.Numbers(Script1718980020443.groovy:751)
	at Script1718980020443.run(Script1718980020443.groovy:231)
	... 15 more
)

24-03-2025T11:56:58 - [MESSAGE][INFO] - Unable to find the element located by 'By.xpath: //div[138]/div[2]/div/div/table/tbody/tr/td[6]'. Please recheck the objects properties to make sure the desired element is located. 

24-03-2025T11:56:58 - [MESSAGE][FAILED] - Unable to get text of object 'Object Repository/Выполнение бизнес-плана/Значения со страницы Выполнение бизнес-плана/План Отпуск в сеть за отчётный период Ульяновские РС' (Root cause: com.kms.katalon.core.exception.StepFailedException: Unable to get text of object 'Object Repository/Выполнение бизнес-плана/Значения со страницы Выполнение бизнес-плана/План Отпуск в сеть за отчётный период Ульяновские РС'
	at com.kms.katalon.core.webui.keyword.internal.WebUIKeywordMain.stepFailed(WebUIKeywordMain.groovy:64)
	at com.kms.katalon.core.webui.keyword.internal.WebUIKeywordMain.runKeyword(WebUIKeywordMain.groovy:26)
	at com.kms.katalon.core.webui.keyword.builtin.GetTextKeyword.getText(GetTextKeyword.groovy:88)
	at com.kms.katalon.core.webui.keyword.builtin.GetTextKeyword.execute(GetTextKeyword.groovy:67)
	at com.kms.katalon.core.keyword.internal.KeywordExecutor.executeKeywordForPlatform(KeywordExecutor.groovy:74)
	at com.kms.katalon.core.webui.keyword.WebUiBuiltInKeywords.getText(WebUiBuiltInKeywords.groovy:957)
	at Выполнение бизнес-плана Сверка ПАО Россети все филиалы.Numbers(Выполнение бизнес-плана Сверка ПАО Россети все филиалы:561)
	at Выполнение бизнес-плана Сверка ПАО Россети все филиалы.Filials(Выполнение бизнес-плана Сверка ПАО Россети все филиалы:993)
	at Выполнение бизнес-плана Сверка ПАО Россети все филиалы.Numbers(Выполнение бизнес-плана Сверка ПАО Россети все филиалы:751)
	at Выполнение бизнес-плана Сверка ПАО Россети все филиалы.run(Выполнение бизнес-плана Сверка ПАО Россети все филиалы:231)
	at com.kms.katalon.core.main.ScriptEngine.run(ScriptEngine.java:194)
	at com.kms.katalon.core.main.ScriptEngine.runScriptAsRawText(ScriptEngine.java:119)
	at com.kms.katalon.core.main.TestCaseExecutor.runScript(TestCaseExecutor.java:448)
	at com.kms.katalon.core.main.TestCaseExecutor.doExecute(TestCaseExecutor.java:439)
	at com.kms.katalon.core.main.TestCaseExecutor.processExecutionPhase(TestCaseExecutor.java:418)
	at com.kms.katalon.core.main.TestCaseExecutor.accessMainPhase(TestCaseExecutor.java:410)
	at com.kms.katalon.core.main.TestCaseExecutor.execute(TestCaseExecutor.java:285)
	at com.kms.katalon.core.common.CommonExecutor.accessTestCaseMainPhase(CommonExecutor.java:65)
	at com.kms.katalon.core.main.TestSuiteExecutor.accessTestSuiteMainPhase(TestSuiteExecutor.java:150)
	at com.kms.katalon.core.main.TestSuiteExecutor.execute(TestSuiteExecutor.java:106)
	at com.kms.katalon.core.main.TestCaseMain.startTestSuite(TestCaseMain.java:180)
	at TempTestSuite1742797761676.run(TempTestSuite1742797761676.groovy:35)
	at java.base/jdk.internal.reflect.NativeMethodAccessorImpl.invoke0(Native Method)
	at java.base/jdk.internal.reflect.NativeMethodAccessorImpl.invoke(NativeMethodAccessorImpl.java:77)
	at java.base/jdk.internal.reflect.DelegatingMethodAccessorImpl.invoke(DelegatingMethodAccessorImpl.java:43)
Caused by: com.kms.katalon.core.webui.exception.WebElementNotFoundException: Web element with id: 'Object Repository/Выполнение бизнес-плана/Значения со страницы Выполнение бизнес-плана/План Отпуск в сеть за отчётный период Ульяновские РС' located by '//div[138]/div[2]/div/div/table/tbody/tr/td[6]' not found
	at com.kms.katalon.core.webui.common.WebUiCommonHelper.findWebElement(WebUiCommonHelper.java:1426)
	at com.kms.katalon.core.webui.keyword.internal.WebUIAbstractKeyword.findWebElement(WebUIAbstractKeyword.groovy:27)
	at com.kms.katalon.core.webui.keyword.internal.WebUIAbstractKeyword.findWebElement(WebUIAbstractKeyword.groovy:26)
	at com.kms.katalon.core.webui.keyword.builtin.GetTextKeyword$_getText_closure1.doCall(GetTextKeyword.groovy:78)
	at com.kms.katalon.core.webui.keyword.builtin.GetTextKeyword$_getText_closure1.call(GetTextKeyword.groovy)
	at com.kms.katalon.core.webui.keyword.internal.WebUIKeywordMain.runKeyword(WebUIKeywordMain.groovy:20)
	at com.kms.katalon.core.webui.keyword.builtin.GetTextKeyword.getText(GetTextKeyword.groovy:88)
	at com.kms.katalon.core.webui.keyword.builtin.GetTextKeyword.execute(GetTextKeyword.groovy:67)
	at com.kms.katalon.core.keyword.internal.KeywordExecutor.executeKeywordForPlatform(KeywordExecutor.groovy:74)
	at com.kms.katalon.core.webui.keyword.WebUiBuiltInKeywords.getText(WebUiBuiltInKeywords.groovy:957)
	at Script1718980020443.Numbers(Script1718980020443.groovy:561)
	at Script1718980020443.Filials(Script1718980020443.groovy:993)
	at Script1718980020443.Numbers(Script1718980020443.groovy:751)
	at Script1718980020443.run(Script1718980020443.groovy:231)
	... 15 more
)
[[ATTACHMENT|C:\\Users\\LIAZGINA-DI\\git\\SPORU\\Reports\\20250324_092921\\\u041F\u043D-\u0421\u0440-\u041F\u0442\\\u0421\u0432\u0435\u0440\u043A\u0430 \u0434\u0430\u0448\u0431\u043E\u0440\u0434\u043E\u0432 \u0438\u0437 \u0440\u0430\u0437\u043D\u044B\u0445 \u0431\u043B\u043E\u043A\u043E\u0432\\20250324_092921\\1742806618612.png]]

24-03-2025T11:56:58 - [TEST_STEP][PASSED] - if (page == "" || page == null): null

24-03-2025T11:56:58 - [TEST_STEP][PASSED] - fileInt = otpusk.toInteger(): null

24-03-2025T11:56:58 - [TEST_STEP][PASSED] - Script1718980020443.WriteToExcelNoData(a, typeOfData, todaysDate, fileInt, fileDouble, dZO): null

24-03-2025T11:56:58 - [TEST_STEP][PASSED] - sheetName = "Sheet1": null

24-03-2025T11:56:58 - [TEST_STEP][PASSED] - data = findTestData("PlanFact"): null

24-03-2025T11:56:58 - [TEST_STEP][PASSED] - n = data.getRowNumbers() + 1: null

24-03-2025T11:56:58 - [TEST_STEP][PASSED] - day = ")).toInteger(): null

24-03-2025T11:56:58 - [TEST_STEP][PASSED] - println(day): null

24-03-2025T11:56:58 - [TEST_STEP][PASSED] - month = ")).toInteger(): null

24-03-2025T11:56:58 - [TEST_STEP][PASSED] - println(month): null

24-03-2025T11:56:58 - [TEST_STEP][PASSED] - y = <not implemented yet for class: org.codehaus.groovy.ast.expr.EmptyExpression>: null

24-03-2025T11:56:58 - [TEST_STEP][PASSED] - iy = <not implemented yet for class: org.codehaus.groovy.ast.expr.EmptyExpression>: null

24-03-2025T11:56:58 - [TEST_STEP][PASSED] - m = getText(findTestObject("Выполнение бизнес-плана/Период")): Text of object 'Object Repository/Выполнение бизнес-плана/Период' is: 'Январь 2025 года'

24-03-2025T11:57:31 - [MESSAGE][PASSED] - Text of object 'Object Repository/Выполнение бизнес-плана/Период' is: 'Январь 2025 года'

24-03-2025T11:57:31 - [TEST_STEP][PASSED] - iy = m.indexOf("20"): null

24-03-2025T11:57:31 - [TEST_STEP][PASSED] - if (iy > -1): null

24-03-2025T11:57:31 - [TEST_STEP][PASSED] - y = substring(iy, iy + 4).toInteger(): null

24-03-2025T11:57:31 - [TEST_STEP][PASSED] - println(y): null

24-03-2025T11:57:31 - [TEST_STEP][PASSED] - if (toString().length() == 4): null

24-03-2025T11:57:31 - [TEST_STEP][PASSED] - m = m.substring(0, m.indexOf(y.toString())): null

24-03-2025T11:57:31 - [TEST_STEP][PASSED] - m = m.trim(): null

24-03-2025T11:57:31 - [TEST_STEP][PASSED] - if (m == ""): null

24-03-2025T11:57:31 - [TEST_STEP][PASSED] - dashboardName = "Выполнение бизнес-плана": null

24-03-2025T11:57:31 - [TEST_STEP][PASSED] - workbook01 = getWorkbook(excelFilePath): null

24-03-2025T11:57:31 - [TEST_STEP][PASSED] - sheet01 = getExcelSheet(workbook01, sheetName): null

24-03-2025T11:57:31 - [TEST_STEP][PASSED] - setValueToCellByIndex(sheet01, n, 0, dashboardName): null

24-03-2025T11:57:31 - [TEST_STEP][PASSED] - setValueToCellByIndex(sheet01, n, 1, dZO): null

24-03-2025T11:57:31 - [TEST_STEP][PASSED] - setValueToCellByIndex(sheet01, n, 2, typeOfData): null

24-03-2025T11:57:31 - [TEST_STEP][PASSED] - if (typeOfData == "Факт в процентах" || typeOfData == "План в процентах"): null

24-03-2025T11:57:31 - [TEST_STEP][PASSED] - else: null

24-03-2025T11:57:31 - [TEST_STEP][PASSED] - setValueToCellByIndex(sheet01, n, 3, fileInt): null

24-03-2025T11:57:31 - [TEST_STEP][PASSED] - setValueToCellByIndex(sheet01, n, 4, "нет данных"): null

24-03-2025T11:57:31 - [TEST_STEP][PASSED] - setValueToCellByIndex(sheet01, n, 5, m): null

24-03-2025T11:57:31 - [TEST_STEP][PASSED] - setValueToCellByIndex(sheet01, n, 6, y): null

24-03-2025T11:57:31 - [TEST_STEP][PASSED] - setValueToCellByIndex(sheet01, n, 7, todaysDate): null

24-03-2025T11:57:31 - [TEST_STEP][PASSED] - n = n + 1: null

24-03-2025T11:57:31 - [TEST_STEP][PASSED] - saveWorkbook(excelFilePath, workbook01): null

24-03-2025T11:57:31 - [TEST_STEP][PASSED] - typeOfData = typeOfDataMain + " Потери": null

24-03-2025T11:57:31 - [TEST_STEP][PASSED] - if (a == 82): null

24-03-2025T11:57:31 - [TEST_STEP][PASSED] - else if (a == 84): null

24-03-2025T11:57:31 - [TEST_STEP][PASSED] - else if (a == 83 || a == 52 || a == 72 || a == 28 || a == 73 || a == 77 || a == 74 || a == 65 || a == 44 || a == 53 || a == 80 || a == 54 || a == 1 || a == 18 || a == 59 || a == 81): null

24-03-2025T11:57:31 - [TEST_STEP][PASSED] - else: null

24-03-2025T11:57:31 - [TEST_STEP][PASSED] - path = dataFolder + typeOfData + " за отчётный период " + b: null

24-03-2025T11:57:31 - [TEST_STEP][PASSED] - page = getText(findTestObject(path)): Text of object 'Object Repository/Выполнение бизнес-плана/Значения со страницы Выполнение бизнес-плана/План Потери за отчётный период Ульяновские РС' is: ''

24-03-2025T11:57:52 - [MESSAGE][PASSED] - Text of object 'Object Repository/Выполнение бизнес-плана/Значения со страницы Выполнение бизнес-плана/План Потери за отчётный период Ульяновские РС' is: ''

24-03-2025T11:57:52 - [TEST_STEP][PASSED] - if (page == "" || page == null): null

24-03-2025T11:57:52 - [TEST_STEP][PASSED] - fileInt = poteri.toInteger(): null

24-03-2025T11:57:52 - [TEST_STEP][PASSED] - Script1718980020443.WriteToExcelNoData(a, typeOfData, todaysDate, fileInt, fileDouble, dZO): null

24-03-2025T11:57:52 - [TEST_STEP][PASSED] - sheetName = "Sheet1": null

24-03-2025T11:57:52 - [TEST_STEP][PASSED] - data = findTestData("PlanFact"): null

24-03-2025T11:57:52 - [TEST_STEP][PASSED] - n = data.getRowNumbers() + 1: null

24-03-2025T11:57:52 - [TEST_STEP][PASSED] - day = ")).toInteger(): null

24-03-2025T11:57:52 - [TEST_STEP][PASSED] - println(day): null

24-03-2025T11:57:52 - [TEST_STEP][PASSED] - month = ")).toInteger(): null

24-03-2025T11:57:52 - [TEST_STEP][PASSED] - println(month): null

24-03-2025T11:57:52 - [TEST_STEP][PASSED] - y = <not implemented yet for class: org.codehaus.groovy.ast.expr.EmptyExpression>: null

24-03-2025T11:57:52 - [TEST_STEP][PASSED] - iy = <not implemented yet for class: org.codehaus.groovy.ast.expr.EmptyExpression>: null

24-03-2025T11:57:52 - [TEST_STEP][PASSED] - m = getText(findTestObject("Выполнение бизнес-плана/Период")): Text of object 'Object Repository/Выполнение бизнес-плана/Период' is: 'Январь 2025 года'

24-03-2025T11:57:52 - [MESSAGE][PASSED] - Text of object 'Object Repository/Выполнение бизнес-плана/Период' is: 'Январь 2025 года'

24-03-2025T11:57:52 - [TEST_STEP][PASSED] - iy = m.indexOf("20"): null

24-03-2025T11:57:52 - [TEST_STEP][PASSED] - if (iy > -1): null

24-03-2025T11:57:52 - [TEST_STEP][PASSED] - y = substring(iy, iy + 4).toInteger(): null

24-03-2025T11:57:52 - [TEST_STEP][PASSED] - println(y): null

24-03-2025T11:57:52 - [TEST_STEP][PASSED] - if (toString().length() == 4): null

24-03-2025T11:57:52 - [TEST_STEP][PASSED] - m = m.substring(0, m.indexOf(y.toString())): null

24-03-2025T11:57:52 - [TEST_STEP][PASSED] - m = m.trim(): null

24-03-2025T11:57:52 - [TEST_STEP][PASSED] - if (m == ""): null

24-03-2025T11:57:52 - [TEST_STEP][PASSED] - dashboardName = "Выполнение бизнес-плана": null

24-03-2025T11:57:52 - [TEST_STEP][PASSED] - workbook01 = getWorkbook(excelFilePath): null

24-03-2025T11:57:52 - [TEST_STEP][PASSED] - sheet01 = getExcelSheet(workbook01, sheetName): null

24-03-2025T11:57:52 - [TEST_STEP][PASSED] - setValueToCellByIndex(sheet01, n, 0, dashboardName): null

24-03-2025T11:57:52 - [TEST_STEP][PASSED] - setValueToCellByIndex(sheet01, n, 1, dZO): null

24-03-2025T11:57:52 - [TEST_STEP][PASSED] - setValueToCellByIndex(sheet01, n, 2, typeOfData): null

24-03-2025T11:57:52 - [TEST_STEP][PASSED] - if (typeOfData == "Факт в процентах" || typeOfData == "План в процентах"): null

24-03-2025T11:57:52 - [TEST_STEP][PASSED] - else: null

24-03-2025T11:57:52 - [TEST_STEP][PASSED] - setValueToCellByIndex(sheet01, n, 3, fileInt): null

24-03-2025T11:57:52 - [TEST_STEP][PASSED] - setValueToCellByIndex(sheet01, n, 4, "нет данных"): null

24-03-2025T11:57:52 - [TEST_STEP][PASSED] - setValueToCellByIndex(sheet01, n, 5, m): null

24-03-2025T11:57:52 - [TEST_STEP][PASSED] - setValueToCellByIndex(sheet01, n, 6, y): null

24-03-2025T11:57:52 - [TEST_STEP][PASSED] - setValueToCellByIndex(sheet01, n, 7, todaysDate): null

24-03-2025T11:57:52 - [TEST_STEP][PASSED] - n = n + 1: null

24-03-2025T11:57:52 - [TEST_STEP][FAILED] - saveWorkbook(excelFilePath, workbook01): Unable to click on object 'Object Repository/Выполнение бизнес-плана/Кнопка Факт' (Root cause: com.kms.katalon.core.exception.StepFailedException: Unable to click on object 'Object Repository/Выполнение бизнес-плана/Кнопка Факт'
	at com.kms.katalon.core.webui.keyword.internal.WebUIKeywordMain.stepFailed(WebUIKeywordMain.groovy:64)
	at com.kms.katalon.core.webui.keyword.internal.WebUIKeywordMain.runKeyword(WebUIKeywordMain.groovy:26)
	at com.kms.katalon.core.webui.keyword.builtin.ClickKeyword.click(ClickKeyword.groovy:74)
	at com.kms.katalon.core.webui.keyword.builtin.ClickKeyword.execute(ClickKeyword.groovy:40)
	at com.kms.katalon.core.keyword.internal.KeywordExecutor.executeKeywordForPlatform(KeywordExecutor.groovy:74)
	at com.kms.katalon.core.webui.keyword.WebUiBuiltInKeywords.click(WebUiBuiltInKeywords.groovy:659)
	at Выполнение бизнес-плана Сверка ПАО Россети все филиалы.Numbers(Выполнение бизнес-плана Сверка ПАО Россети все филиалы:660)
	at Выполнение бизнес-плана Сверка ПАО Россети все филиалы.Filials(Выполнение бизнес-плана Сверка ПАО Россети все филиалы:993)
	at Выполнение бизнес-плана Сверка ПАО Россети все филиалы.Numbers(Выполнение бизнес-плана Сверка ПАО Россети все филиалы:751)
	at Выполнение бизнес-плана Сверка ПАО Россети все филиалы.run(Выполнение бизнес-плана Сверка ПАО Россети все филиалы:231)
	at com.kms.katalon.core.main.ScriptEngine.run(ScriptEngine.java:194)
	at com.kms.katalon.core.main.ScriptEngine.runScriptAsRawText(ScriptEngine.java:119)
	at com.kms.katalon.core.main.TestCaseExecutor.runScript(TestCaseExecutor.java:448)
	at com.kms.katalon.core.main.TestCaseExecutor.doExecute(TestCaseExecutor.java:439)
	at com.kms.katalon.core.main.TestCaseExecutor.processExecutionPhase(TestCaseExecutor.java:418)
	at com.kms.katalon.core.main.TestCaseExecutor.accessMainPhase(TestCaseExecutor.java:410)
	at com.kms.katalon.core.main.TestCaseExecutor.execute(TestCaseExecutor.java:285)
	at com.kms.katalon.core.common.CommonExecutor.accessTestCaseMainPhase(CommonExecutor.java:65)
	at com.kms.katalon.core.main.TestSuiteExecutor.accessTestSuiteMainPhase(TestSuiteExecutor.java:150)
	at com.kms.katalon.core.main.TestSuiteExecutor.execute(TestSuiteExecutor.java:106)
	at com.kms.katalon.core.main.TestCaseMain.startTestSuite(TestCaseMain.java:180)
	at TempTestSuite1742797761676.run(TempTestSuite1742797761676.groovy:35)
	at java.base/jdk.internal.reflect.NativeMethodAccessorImpl.invoke0(Native Method)
	at java.base/jdk.internal.reflect.NativeMethodAccessorImpl.invoke(NativeMethodAccessorImpl.java:77)
	at java.base/jdk.internal.reflect.DelegatingMethodAccessorImpl.invoke(DelegatingMethodAccessorImpl.java:43)
Caused by: org.openqa.selenium.ElementClickInterceptedException: element click intercepted: Element <button class="buttona39fa013709a4a8796d0020acc128338 ...a39fa013709a4a8796d0020acc128338 presseda39fa013709a4a8796d0020acc128338">Факт</button> is not clickable at point (842, 512). Other element would receive the click: <div id="alertModalContainer88ed08ee570a46acafd2a12909231105" class="modalContainer88ed08ee570a46acafd2a12909231105" style="--m-background: hsla(0, 0%, 0%, .4); --background: linear-gradient(90deg, hsla(357, 73%, 47%, 1) 0%, hsla(358, 71%, 43%, 1) 21%, hsla(0, 69%, 39%, 1) 38%, hsla(0, 69%, 29%, 1) 68%, hsla(0, 69%, 24%, 1) 91%); display: flex;">...</div>
  (Session info: chrome=134.0.6998.118)
Build info: version: '3.141.59', revision: 'unknown', time: 'unknown'
System info: host: 'UVV-WS904-D', ip: '192.168.0.19', os.name: 'Windows 10', os.arch: 'amd64', os.version: '10.0', java.version: '17.0.7'
Driver info: com.kms.katalon.selenium.driver.CChromeDriver
Capabilities {acceptInsecureCerts: false, browserName: chrome, browserVersion: 134.0.6998.118, chrome: {chromedriverVersion: 133.0.6943.98 (da53563ceb66..., userDataDir: C:\Users\LIAZGI~1\AppData\L...}, fedcm:accounts: true, goog:chromeOptions: {debuggerAddress: localhost:63160}, javascriptEnabled: true, networkConnectionEnabled: false, pageLoadStrategy: normal, platform: WINDOWS, platformName: WINDOWS, proxy: Proxy(), setWindowRect: true, strictFileInteractability: false, timeouts: {implicit: 0, pageLoad: 300000, script: 30000}, unhandledPromptBehavior: dismiss and notify, webauthn:extension:credBlob: true, webauthn:extension:largeBlob: true, webauthn:extension:minPinLength: true, webauthn:extension:prf: true, webauthn:virtualAuthenticators: true}
Session ID: 060031d04eaf6a209da5bd422e68886a
	at java.base/jdk.internal.reflect.NativeConstructorAccessorImpl.newInstance0(Native Method)
	at java.base/jdk.internal.reflect.NativeConstructorAccessorImpl.newInstance(NativeConstructorAccessorImpl.java:77)
	at java.base/jdk.internal.reflect.DelegatingConstructorAccessorImpl.newInstance(DelegatingConstructorAccessorImpl.java:45)
	at org.openqa.selenium.remote.http.W3CHttpResponseCodec.createException(W3CHttpResponseCodec.java:187)
	at org.openqa.selenium.remote.http.W3CHttpResponseCodec.decode(W3CHttpResponseCodec.java:122)
	at org.openqa.selenium.remote.http.W3CHttpResponseCodec.decode(W3CHttpResponseCodec.java:49)
	at org.openqa.selenium.remote.HttpCommandExecutor.execute(HttpCommandExecutor.java:158)
	at org.openqa.selenium.remote.service.DriverCommandExecutor.execute(DriverCommandExecutor.java:83)
	at org.openqa.selenium.remote.RemoteWebDriver.execute(RemoteWebDriver.java:552)
	at com.kms.katalon.selenium.driver.CChromeDriver.execute(CChromeDriver.java:19)
	at org.openqa.selenium.remote.RemoteWebElement.execute(RemoteWebElement.java:285)
	at org.openqa.selenium.remote.RemoteWebElement.click(RemoteWebElement.java:84)
	at jdk.internal.reflect.GeneratedMethodAccessor15.invoke(Unknown Source)
	at java.base/jdk.internal.reflect.DelegatingMethodAccessorImpl.invoke(DelegatingMethodAccessorImpl.java:43)
	at org.openqa.selenium.support.events.EventFiringWebDriver$EventFiringWebElement.lambda$new$0(EventFiringWebDriver.java:404)
	at jdk.proxy2/jdk.proxy2.$Proxy24.click(Unknown Source)
	at org.openqa.selenium.support.events.EventFiringWebDriver$EventFiringWebElement.click(EventFiringWebDriver.java:417)
	at org.openqa.selenium.WebElement$click.call(Unknown Source)
	at com.kms.katalon.core.webui.keyword.builtin.ClickKeyword.clickUntilSuccessWithTimeout(ClickKeyword.groovy:81)
	at com.kms.katalon.core.webui.keyword.builtin.ClickKeyword.clickUntilSuccessWithTimeout(ClickKeyword.groovy)
	at jdk.internal.reflect.GeneratedMethodAccessor13.invoke(Unknown Source)
	at java.base/jdk.internal.reflect.DelegatingMethodAccessorImpl.invoke(DelegatingMethodAccessorImpl.java:43)
	at com.kms.katalon.core.webui.keyword.builtin.ClickKeyword$_click_closure1.doCall(ClickKeyword.groovy:67)
	at com.kms.katalon.core.webui.keyword.builtin.ClickKeyword$_click_closure1.call(ClickKeyword.groovy)
	at com.kms.katalon.core.webui.keyword.internal.WebUIKeywordMain.runKeyword(WebUIKeywordMain.groovy:20)
	at com.kms.katalon.core.webui.keyword.builtin.ClickKeyword.click(ClickKeyword.groovy:74)
	at com.kms.katalon.core.webui.keyword.builtin.ClickKeyword.execute(ClickKeyword.groovy:40)
	at com.kms.katalon.core.keyword.internal.KeywordExecutor.executeKeywordForPlatform(KeywordExecutor.groovy:74)
	at com.kms.katalon.core.webui.keyword.WebUiBuiltInKeywords.click(WebUiBuiltInKeywords.groovy:659)
	at Script1718980020443.Numbers(Script1718980020443.groovy:660)
	at Script1718980020443.Filials(Script1718980020443.groovy:993)
	at Script1718980020443.Numbers(Script1718980020443.groovy:751)
	at Script1718980020443.run(Script1718980020443.groovy:231)
	... 15 more
)

24-03-2025T11:57:52 - [TEST_STEP][PASSED] - compare = pageOtpuskVSet: null

24-03-2025T11:57:52 - [TEST_STEP][PASSED] - if (pageOtpuskVSet != null): null

24-03-2025T11:57:52 - [TEST_STEP][PASSED] - if (compare == fileOtpuskVSet): null

24-03-2025T11:57:52 - [TEST_STEP][PASSED] - if (compare == fileOtpuskVSet): null

24-03-2025T11:57:52 - [TEST_STEP][PASSED] - compare = pagePoteri: null

24-03-2025T11:57:52 - [TEST_STEP][PASSED] - if (pageOtpuskVSet != null): null

24-03-2025T11:57:52 - [TEST_STEP][PASSED] - if (compare == filePoteri): null

24-03-2025T11:57:52 - [TEST_STEP][PASSED] - if (compare == filePoteri): null

24-03-2025T11:57:52 - [TEST_STEP][FAILED] - if (planFact == 2): Unable to click on object 'Object Repository/Выполнение бизнес-плана/Кнопка Факт' (Root cause: com.kms.katalon.core.exception.StepFailedException: Unable to click on object 'Object Repository/Выполнение бизнес-плана/Кнопка Факт'
	at com.kms.katalon.core.webui.keyword.internal.WebUIKeywordMain.stepFailed(WebUIKeywordMain.groovy:64)
	at com.kms.katalon.core.webui.keyword.internal.WebUIKeywordMain.runKeyword(WebUIKeywordMain.groovy:26)
	at com.kms.katalon.core.webui.keyword.builtin.ClickKeyword.click(ClickKeyword.groovy:74)
	at com.kms.katalon.core.webui.keyword.builtin.ClickKeyword.execute(ClickKeyword.groovy:40)
	at com.kms.katalon.core.keyword.internal.KeywordExecutor.executeKeywordForPlatform(KeywordExecutor.groovy:74)
	at com.kms.katalon.core.webui.keyword.WebUiBuiltInKeywords.click(WebUiBuiltInKeywords.groovy:659)
	at Выполнение бизнес-плана Сверка ПАО Россети все филиалы.Numbers(Выполнение бизнес-плана Сверка ПАО Россети все филиалы:660)
	at Выполнение бизнес-плана Сверка ПАО Россети все филиалы.Filials(Выполнение бизнес-плана Сверка ПАО Россети все филиалы:993)
	at Выполнение бизнес-плана Сверка ПАО Россети все филиалы.Numbers(Выполнение бизнес-плана Сверка ПАО Россети все филиалы:751)
	at Выполнение бизнес-плана Сверка ПАО Россети все филиалы.run(Выполнение бизнес-плана Сверка ПАО Россети все филиалы:231)
	at com.kms.katalon.core.main.ScriptEngine.run(ScriptEngine.java:194)
	at com.kms.katalon.core.main.ScriptEngine.runScriptAsRawText(ScriptEngine.java:119)
	at com.kms.katalon.core.main.TestCaseExecutor.runScript(TestCaseExecutor.java:448)
	at com.kms.katalon.core.main.TestCaseExecutor.doExecute(TestCaseExecutor.java:439)
	at com.kms.katalon.core.main.TestCaseExecutor.processExecutionPhase(TestCaseExecutor.java:418)
	at com.kms.katalon.core.main.TestCaseExecutor.accessMainPhase(TestCaseExecutor.java:410)
	at com.kms.katalon.core.main.TestCaseExecutor.execute(TestCaseExecutor.java:285)
	at com.kms.katalon.core.common.CommonExecutor.accessTestCaseMainPhase(CommonExecutor.java:65)
	at com.kms.katalon.core.main.TestSuiteExecutor.accessTestSuiteMainPhase(TestSuiteExecutor.java:150)
	at com.kms.katalon.core.main.TestSuiteExecutor.execute(TestSuiteExecutor.java:106)
	at com.kms.katalon.core.main.TestCaseMain.startTestSuite(TestCaseMain.java:180)
	at TempTestSuite1742797761676.run(TempTestSuite1742797761676.groovy:35)
	at java.base/jdk.internal.reflect.NativeMethodAccessorImpl.invoke0(Native Method)
	at java.base/jdk.internal.reflect.NativeMethodAccessorImpl.invoke(NativeMethodAccessorImpl.java:77)
	at java.base/jdk.internal.reflect.DelegatingMethodAccessorImpl.invoke(DelegatingMethodAccessorImpl.java:43)
Caused by: org.openqa.selenium.ElementClickInterceptedException: element click intercepted: Element <button class="buttona39fa013709a4a8796d0020acc128338 ...a39fa013709a4a8796d0020acc128338 presseda39fa013709a4a8796d0020acc128338">Факт</button> is not clickable at point (842, 512). Other element would receive the click: <div id="alertModalContainer88ed08ee570a46acafd2a12909231105" class="modalContainer88ed08ee570a46acafd2a12909231105" style="--m-background: hsla(0, 0%, 0%, .4); --background: linear-gradient(90deg, hsla(357, 73%, 47%, 1) 0%, hsla(358, 71%, 43%, 1) 21%, hsla(0, 69%, 39%, 1) 38%, hsla(0, 69%, 29%, 1) 68%, hsla(0, 69%, 24%, 1) 91%); display: flex;">...</div>
  (Session info: chrome=134.0.6998.118)
Build info: version: '3.141.59', revision: 'unknown', time: 'unknown'
System info: host: 'UVV-WS904-D', ip: '192.168.0.19', os.name: 'Windows 10', os.arch: 'amd64', os.version: '10.0', java.version: '17.0.7'
Driver info: com.kms.katalon.selenium.driver.CChromeDriver
Capabilities {acceptInsecureCerts: false, browserName: chrome, browserVersion: 134.0.6998.118, chrome: {chromedriverVersion: 133.0.6943.98 (da53563ceb66..., userDataDir: C:\Users\LIAZGI~1\AppData\L...}, fedcm:accounts: true, goog:chromeOptions: {debuggerAddress: localhost:63160}, javascriptEnabled: true, networkConnectionEnabled: false, pageLoadStrategy: normal, platform: WINDOWS, platformName: WINDOWS, proxy: Proxy(), setWindowRect: true, strictFileInteractability: false, timeouts: {implicit: 0, pageLoad: 300000, script: 30000}, unhandledPromptBehavior: dismiss and notify, webauthn:extension:credBlob: true, webauthn:extension:largeBlob: true, webauthn:extension:minPinLength: true, webauthn:extension:prf: true, webauthn:virtualAuthenticators: true}
Session ID: 060031d04eaf6a209da5bd422e68886a
	at java.base/jdk.internal.reflect.NativeConstructorAccessorImpl.newInstance0(Native Method)
	at java.base/jdk.internal.reflect.NativeConstructorAccessorImpl.newInstance(NativeConstructorAccessorImpl.java:77)
	at java.base/jdk.internal.reflect.DelegatingConstructorAccessorImpl.newInstance(DelegatingConstructorAccessorImpl.java:45)
	at org.openqa.selenium.remote.http.W3CHttpResponseCodec.createException(W3CHttpResponseCodec.java:187)
	at org.openqa.selenium.remote.http.W3CHttpResponseCodec.decode(W3CHttpResponseCodec.java:122)
	at org.openqa.selenium.remote.http.W3CHttpResponseCodec.decode(W3CHttpResponseCodec.java:49)
	at org.openqa.selenium.remote.HttpCommandExecutor.execute(HttpCommandExecutor.java:158)
	at org.openqa.selenium.remote.service.DriverCommandExecutor.execute(DriverCommandExecutor.java:83)
	at org.openqa.selenium.remote.RemoteWebDriver.execute(RemoteWebDriver.java:552)
	at com.kms.katalon.selenium.driver.CChromeDriver.execute(CChromeDriver.java:19)
	at org.openqa.selenium.remote.RemoteWebElement.execute(RemoteWebElement.java:285)
	at org.openqa.selenium.remote.RemoteWebElement.click(RemoteWebElement.java:84)
	at jdk.internal.reflect.GeneratedMethodAccessor15.invoke(Unknown Source)
	at java.base/jdk.internal.reflect.DelegatingMethodAccessorImpl.invoke(DelegatingMethodAccessorImpl.java:43)
	at org.openqa.selenium.support.events.EventFiringWebDriver$EventFiringWebElement.lambda$new$0(EventFiringWebDriver.java:404)
	at jdk.proxy2/jdk.proxy2.$Proxy24.click(Unknown Source)
	at org.openqa.selenium.support.events.EventFiringWebDriver$EventFiringWebElement.click(EventFiringWebDriver.java:417)
	at org.openqa.selenium.WebElement$click.call(Unknown Source)
	at com.kms.katalon.core.webui.keyword.builtin.ClickKeyword.clickUntilSuccessWithTimeout(ClickKeyword.groovy:81)
	at com.kms.katalon.core.webui.keyword.builtin.ClickKeyword.clickUntilSuccessWithTimeout(ClickKeyword.groovy)
	at jdk.internal.reflect.GeneratedMethodAccessor13.invoke(Unknown Source)
	at java.base/jdk.internal.reflect.DelegatingMethodAccessorImpl.invoke(DelegatingMethodAccessorImpl.java:43)
	at com.kms.katalon.core.webui.keyword.builtin.ClickKeyword$_click_closure1.doCall(ClickKeyword.groovy:67)
	at com.kms.katalon.core.webui.keyword.builtin.ClickKeyword$_click_closure1.call(ClickKeyword.groovy)
	at com.kms.katalon.core.webui.keyword.internal.WebUIKeywordMain.runKeyword(WebUIKeywordMain.groovy:20)
	at com.kms.katalon.core.webui.keyword.builtin.ClickKeyword.click(ClickKeyword.groovy:74)
	at com.kms.katalon.core.webui.keyword.builtin.ClickKeyword.execute(ClickKeyword.groovy:40)
	at com.kms.katalon.core.keyword.internal.KeywordExecutor.executeKeywordForPlatform(KeywordExecutor.groovy:74)
	at com.kms.katalon.core.webui.keyword.WebUiBuiltInKeywords.click(WebUiBuiltInKeywords.groovy:659)
	at Script1718980020443.Numbers(Script1718980020443.groovy:660)
	at Script1718980020443.Filials(Script1718980020443.groovy:993)
	at Script1718980020443.Numbers(Script1718980020443.groovy:751)
	at Script1718980020443.run(Script1718980020443.groovy:231)
	... 15 more
)

24-03-2025T11:57:52 - [TEST_STEP][FAILED] - click(findTestObject("Выполнение бизнес-плана/Кнопка Факт")): Unable to click on object 'Object Repository/Выполнение бизнес-плана/Кнопка Факт' (Root cause: com.kms.katalon.core.exception.StepFailedException: Unable to click on object 'Object Repository/Выполнение бизнес-плана/Кнопка Факт'
	at com.kms.katalon.core.webui.keyword.internal.WebUIKeywordMain.stepFailed(WebUIKeywordMain.groovy:64)
	at com.kms.katalon.core.webui.keyword.internal.WebUIKeywordMain.runKeyword(WebUIKeywordMain.groovy:26)
	at com.kms.katalon.core.webui.keyword.builtin.ClickKeyword.click(ClickKeyword.groovy:74)
	at com.kms.katalon.core.webui.keyword.builtin.ClickKeyword.execute(ClickKeyword.groovy:40)
	at com.kms.katalon.core.keyword.internal.KeywordExecutor.executeKeywordForPlatform(KeywordExecutor.groovy:74)
	at com.kms.katalon.core.webui.keyword.WebUiBuiltInKeywords.click(WebUiBuiltInKeywords.groovy:659)
	at Выполнение бизнес-плана Сверка ПАО Россети все филиалы.Numbers(Выполнение бизнес-плана Сверка ПАО Россети все филиалы:660)
	at Выполнение бизнес-плана Сверка ПАО Россети все филиалы.Filials(Выполнение бизнес-плана Сверка ПАО Россети все филиалы:993)
	at Выполнение бизнес-плана Сверка ПАО Россети все филиалы.Numbers(Выполнение бизнес-плана Сверка ПАО Россети все филиалы:751)
	at Выполнение бизнес-плана Сверка ПАО Россети все филиалы.run(Выполнение бизнес-плана Сверка ПАО Россети все филиалы:231)
	at com.kms.katalon.core.main.ScriptEngine.run(ScriptEngine.java:194)
	at com.kms.katalon.core.main.ScriptEngine.runScriptAsRawText(ScriptEngine.java:119)
	at com.kms.katalon.core.main.TestCaseExecutor.runScript(TestCaseExecutor.java:448)
	at com.kms.katalon.core.main.TestCaseExecutor.doExecute(TestCaseExecutor.java:439)
	at com.kms.katalon.core.main.TestCaseExecutor.processExecutionPhase(TestCaseExecutor.java:418)
	at com.kms.katalon.core.main.TestCaseExecutor.accessMainPhase(TestCaseExecutor.java:410)
	at com.kms.katalon.core.main.TestCaseExecutor.execute(TestCaseExecutor.java:285)
	at com.kms.katalon.core.common.CommonExecutor.accessTestCaseMainPhase(CommonExecutor.java:65)
	at com.kms.katalon.core.main.TestSuiteExecutor.accessTestSuiteMainPhase(TestSuiteExecutor.java:150)
	at com.kms.katalon.core.main.TestSuiteExecutor.execute(TestSuiteExecutor.java:106)
	at com.kms.katalon.core.main.TestCaseMain.startTestSuite(TestCaseMain.java:180)
	at TempTestSuite1742797761676.run(TempTestSuite1742797761676.groovy:35)
	at java.base/jdk.internal.reflect.NativeMethodAccessorImpl.invoke0(Native Method)
	at java.base/jdk.internal.reflect.NativeMethodAccessorImpl.invoke(NativeMethodAccessorImpl.java:77)
	at java.base/jdk.internal.reflect.DelegatingMethodAccessorImpl.invoke(DelegatingMethodAccessorImpl.java:43)
Caused by: org.openqa.selenium.ElementClickInterceptedException: element click intercepted: Element <button class="buttona39fa013709a4a8796d0020acc128338 ...a39fa013709a4a8796d0020acc128338 presseda39fa013709a4a8796d0020acc128338">Факт</button> is not clickable at point (842, 512). Other element would receive the click: <div id="alertModalContainer88ed08ee570a46acafd2a12909231105" class="modalContainer88ed08ee570a46acafd2a12909231105" style="--m-background: hsla(0, 0%, 0%, .4); --background: linear-gradient(90deg, hsla(357, 73%, 47%, 1) 0%, hsla(358, 71%, 43%, 1) 21%, hsla(0, 69%, 39%, 1) 38%, hsla(0, 69%, 29%, 1) 68%, hsla(0, 69%, 24%, 1) 91%); display: flex;">...</div>
  (Session info: chrome=134.0.6998.118)
Build info: version: '3.141.59', revision: 'unknown', time: 'unknown'
System info: host: 'UVV-WS904-D', ip: '192.168.0.19', os.name: 'Windows 10', os.arch: 'amd64', os.version: '10.0', java.version: '17.0.7'
Driver info: com.kms.katalon.selenium.driver.CChromeDriver
Capabilities {acceptInsecureCerts: false, browserName: chrome, browserVersion: 134.0.6998.118, chrome: {chromedriverVersion: 133.0.6943.98 (da53563ceb66..., userDataDir: C:\Users\LIAZGI~1\AppData\L...}, fedcm:accounts: true, goog:chromeOptions: {debuggerAddress: localhost:63160}, javascriptEnabled: true, networkConnectionEnabled: false, pageLoadStrategy: normal, platform: WINDOWS, platformName: WINDOWS, proxy: Proxy(), setWindowRect: true, strictFileInteractability: false, timeouts: {implicit: 0, pageLoad: 300000, script: 30000}, unhandledPromptBehavior: dismiss and notify, webauthn:extension:credBlob: true, webauthn:extension:largeBlob: true, webauthn:extension:minPinLength: true, webauthn:extension:prf: true, webauthn:virtualAuthenticators: true}
Session ID: 060031d04eaf6a209da5bd422e68886a
	at java.base/jdk.internal.reflect.NativeConstructorAccessorImpl.newInstance0(Native Method)
	at java.base/jdk.internal.reflect.NativeConstructorAccessorImpl.newInstance(NativeConstructorAccessorImpl.java:77)
	at java.base/jdk.internal.reflect.DelegatingConstructorAccessorImpl.newInstance(DelegatingConstructorAccessorImpl.java:45)
	at org.openqa.selenium.remote.http.W3CHttpResponseCodec.createException(W3CHttpResponseCodec.java:187)
	at org.openqa.selenium.remote.http.W3CHttpResponseCodec.decode(W3CHttpResponseCodec.java:122)
	at org.openqa.selenium.remote.http.W3CHttpResponseCodec.decode(W3CHttpResponseCodec.java:49)
	at org.openqa.selenium.remote.HttpCommandExecutor.execute(HttpCommandExecutor.java:158)
	at org.openqa.selenium.remote.service.DriverCommandExecutor.execute(DriverCommandExecutor.java:83)
	at org.openqa.selenium.remote.RemoteWebDriver.execute(RemoteWebDriver.java:552)
	at com.kms.katalon.selenium.driver.CChromeDriver.execute(CChromeDriver.java:19)
	at org.openqa.selenium.remote.RemoteWebElement.execute(RemoteWebElement.java:285)
	at org.openqa.selenium.remote.RemoteWebElement.click(RemoteWebElement.java:84)
	at jdk.internal.reflect.GeneratedMethodAccessor15.invoke(Unknown Source)
	at java.base/jdk.internal.reflect.DelegatingMethodAccessorImpl.invoke(DelegatingMethodAccessorImpl.java:43)
	at org.openqa.selenium.support.events.EventFiringWebDriver$EventFiringWebElement.lambda$new$0(EventFiringWebDriver.java:404)
	at jdk.proxy2/jdk.proxy2.$Proxy24.click(Unknown Source)
	at org.openqa.selenium.support.events.EventFiringWebDriver$EventFiringWebElement.click(EventFiringWebDriver.java:417)
	at org.openqa.selenium.WebElement$click.call(Unknown Source)
	at com.kms.katalon.core.webui.keyword.builtin.ClickKeyword.clickUntilSuccessWithTimeout(ClickKeyword.groovy:81)
	at com.kms.katalon.core.webui.keyword.builtin.ClickKeyword.clickUntilSuccessWithTimeout(ClickKeyword.groovy)
	at jdk.internal.reflect.GeneratedMethodAccessor13.invoke(Unknown Source)
	at java.base/jdk.internal.reflect.DelegatingMethodAccessorImpl.invoke(DelegatingMethodAccessorImpl.java:43)
	at com.kms.katalon.core.webui.keyword.builtin.ClickKeyword$_click_closure1.doCall(ClickKeyword.groovy:67)
	at com.kms.katalon.core.webui.keyword.builtin.ClickKeyword$_click_closure1.call(ClickKeyword.groovy)
	at com.kms.katalon.core.webui.keyword.internal.WebUIKeywordMain.runKeyword(WebUIKeywordMain.groovy:20)
	at com.kms.katalon.core.webui.keyword.builtin.ClickKeyword.click(ClickKeyword.groovy:74)
	at com.kms.katalon.core.webui.keyword.builtin.ClickKeyword.execute(ClickKeyword.groovy:40)
	at com.kms.katalon.core.keyword.internal.KeywordExecutor.executeKeywordForPlatform(KeywordExecutor.groovy:74)
	at com.kms.katalon.core.webui.keyword.WebUiBuiltInKeywords.click(WebUiBuiltInKeywords.groovy:659)
	at Script1718980020443.Numbers(Script1718980020443.groovy:660)
	at Script1718980020443.Filials(Script1718980020443.groovy:993)
	at Script1718980020443.Numbers(Script1718980020443.groovy:751)
	at Script1718980020443.run(Script1718980020443.groovy:231)
	... 15 more
)

24-03-2025T11:58:25 - [MESSAGE][FAILED] - Unable to click on object 'Object Repository/Выполнение бизнес-плана/Кнопка Факт' (Root cause: com.kms.katalon.core.exception.StepFailedException: Unable to click on object 'Object Repository/Выполнение бизнес-плана/Кнопка Факт'
	at com.kms.katalon.core.webui.keyword.internal.WebUIKeywordMain.stepFailed(WebUIKeywordMain.groovy:64)
	at com.kms.katalon.core.webui.keyword.internal.WebUIKeywordMain.runKeyword(WebUIKeywordMain.groovy:26)
	at com.kms.katalon.core.webui.keyword.builtin.ClickKeyword.click(ClickKeyword.groovy:74)
	at com.kms.katalon.core.webui.keyword.builtin.ClickKeyword.execute(ClickKeyword.groovy:40)
	at com.kms.katalon.core.keyword.internal.KeywordExecutor.executeKeywordForPlatform(KeywordExecutor.groovy:74)
	at com.kms.katalon.core.webui.keyword.WebUiBuiltInKeywords.click(WebUiBuiltInKeywords.groovy:659)
	at Выполнение бизнес-плана Сверка ПАО Россети все филиалы.Numbers(Выполнение бизнес-плана Сверка ПАО Россети все филиалы:660)
	at Выполнение бизнес-плана Сверка ПАО Россети все филиалы.Filials(Выполнение бизнес-плана Сверка ПАО Россети все филиалы:993)
	at Выполнение бизнес-плана Сверка ПАО Россети все филиалы.Numbers(Выполнение бизнес-плана Сверка ПАО Россети все филиалы:751)
	at Выполнение бизнес-плана Сверка ПАО Россети все филиалы.run(Выполнение бизнес-плана Сверка ПАО Россети все филиалы:231)
	at com.kms.katalon.core.main.ScriptEngine.run(ScriptEngine.java:194)
	at com.kms.katalon.core.main.ScriptEngine.runScriptAsRawText(ScriptEngine.java:119)
	at com.kms.katalon.core.main.TestCaseExecutor.runScript(TestCaseExecutor.java:448)
	at com.kms.katalon.core.main.TestCaseExecutor.doExecute(TestCaseExecutor.java:439)
	at com.kms.katalon.core.main.TestCaseExecutor.processExecutionPhase(TestCaseExecutor.java:418)
	at com.kms.katalon.core.main.TestCaseExecutor.accessMainPhase(TestCaseExecutor.java:410)
	at com.kms.katalon.core.main.TestCaseExecutor.execute(TestCaseExecutor.java:285)
	at com.kms.katalon.core.common.CommonExecutor.accessTestCaseMainPhase(CommonExecutor.java:65)
	at com.kms.katalon.core.main.TestSuiteExecutor.accessTestSuiteMainPhase(TestSuiteExecutor.java:150)
	at com.kms.katalon.core.main.TestSuiteExecutor.execute(TestSuiteExecutor.java:106)
	at com.kms.katalon.core.main.TestCaseMain.startTestSuite(TestCaseMain.java:180)
	at TempTestSuite1742797761676.run(TempTestSuite1742797761676.groovy:35)
	at java.base/jdk.internal.reflect.NativeMethodAccessorImpl.invoke0(Native Method)
	at java.base/jdk.internal.reflect.NativeMethodAccessorImpl.invoke(NativeMethodAccessorImpl.java:77)
	at java.base/jdk.internal.reflect.DelegatingMethodAccessorImpl.invoke(DelegatingMethodAccessorImpl.java:43)
Caused by: org.openqa.selenium.ElementClickInterceptedException: element click intercepted: Element <button class="buttona39fa013709a4a8796d0020acc128338 ...a39fa013709a4a8796d0020acc128338 presseda39fa013709a4a8796d0020acc128338">Факт</button> is not clickable at point (842, 512). Other element would receive the click: <div id="alertModalContainer88ed08ee570a46acafd2a12909231105" class="modalContainer88ed08ee570a46acafd2a12909231105" style="--m-background: hsla(0, 0%, 0%, .4); --background: linear-gradient(90deg, hsla(357, 73%, 47%, 1) 0%, hsla(358, 71%, 43%, 1) 21%, hsla(0, 69%, 39%, 1) 38%, hsla(0, 69%, 29%, 1) 68%, hsla(0, 69%, 24%, 1) 91%); display: flex;">...</div>
  (Session info: chrome=134.0.6998.118)
Build info: version: '3.141.59', revision: 'unknown', time: 'unknown'
System info: host: 'UVV-WS904-D', ip: '192.168.0.19', os.name: 'Windows 10', os.arch: 'amd64', os.version: '10.0', java.version: '17.0.7'
Driver info: com.kms.katalon.selenium.driver.CChromeDriver
Capabilities {acceptInsecureCerts: false, browserName: chrome, browserVersion: 134.0.6998.118, chrome: {chromedriverVersion: 133.0.6943.98 (da53563ceb66..., userDataDir: C:\Users\LIAZGI~1\AppData\L...}, fedcm:accounts: true, goog:chromeOptions: {debuggerAddress: localhost:63160}, javascriptEnabled: true, networkConnectionEnabled: false, pageLoadStrategy: normal, platform: WINDOWS, platformName: WINDOWS, proxy: Proxy(), setWindowRect: true, strictFileInteractability: false, timeouts: {implicit: 0, pageLoad: 300000, script: 30000}, unhandledPromptBehavior: dismiss and notify, webauthn:extension:credBlob: true, webauthn:extension:largeBlob: true, webauthn:extension:minPinLength: true, webauthn:extension:prf: true, webauthn:virtualAuthenticators: true}
Session ID: 060031d04eaf6a209da5bd422e68886a
	at java.base/jdk.internal.reflect.NativeConstructorAccessorImpl.newInstance0(Native Method)
	at java.base/jdk.internal.reflect.NativeConstructorAccessorImpl.newInstance(NativeConstructorAccessorImpl.java:77)
	at java.base/jdk.internal.reflect.DelegatingConstructorAccessorImpl.newInstance(DelegatingConstructorAccessorImpl.java:45)
	at org.openqa.selenium.remote.http.W3CHttpResponseCodec.createException(W3CHttpResponseCodec.java:187)
	at org.openqa.selenium.remote.http.W3CHttpResponseCodec.decode(W3CHttpResponseCodec.java:122)
	at org.openqa.selenium.remote.http.W3CHttpResponseCodec.decode(W3CHttpResponseCodec.java:49)
	at org.openqa.selenium.remote.HttpCommandExecutor.execute(HttpCommandExecutor.java:158)
	at org.openqa.selenium.remote.service.DriverCommandExecutor.execute(DriverCommandExecutor.java:83)
	at org.openqa.selenium.remote.RemoteWebDriver.execute(RemoteWebDriver.java:552)
	at com.kms.katalon.selenium.driver.CChromeDriver.execute(CChromeDriver.java:19)
	at org.openqa.selenium.remote.RemoteWebElement.execute(RemoteWebElement.java:285)
	at org.openqa.selenium.remote.RemoteWebElement.click(RemoteWebElement.java:84)
	at jdk.internal.reflect.GeneratedMethodAccessor15.invoke(Unknown Source)
	at java.base/jdk.internal.reflect.DelegatingMethodAccessorImpl.invoke(DelegatingMethodAccessorImpl.java:43)
	at org.openqa.selenium.support.events.EventFiringWebDriver$EventFiringWebElement.lambda$new$0(EventFiringWebDriver.java:404)
	at jdk.proxy2/jdk.proxy2.$Proxy24.click(Unknown Source)
	at org.openqa.selenium.support.events.EventFiringWebDriver$EventFiringWebElement.click(EventFiringWebDriver.java:417)
	at org.openqa.selenium.WebElement$click.call(Unknown Source)
	at com.kms.katalon.core.webui.keyword.builtin.ClickKeyword.clickUntilSuccessWithTimeout(ClickKeyword.groovy:81)
	at com.kms.katalon.core.webui.keyword.builtin.ClickKeyword.clickUntilSuccessWithTimeout(ClickKeyword.groovy)
	at jdk.internal.reflect.GeneratedMethodAccessor13.invoke(Unknown Source)
	at java.base/jdk.internal.reflect.DelegatingMethodAccessorImpl.invoke(DelegatingMethodAccessorImpl.java:43)
	at com.kms.katalon.core.webui.keyword.builtin.ClickKeyword$_click_closure1.doCall(ClickKeyword.groovy:67)
	at com.kms.katalon.core.webui.keyword.builtin.ClickKeyword$_click_closure1.call(ClickKeyword.groovy)
	at com.kms.katalon.core.webui.keyword.internal.WebUIKeywordMain.runKeyword(WebUIKeywordMain.groovy:20)
	at com.kms.katalon.core.webui.keyword.builtin.ClickKeyword.click(ClickKeyword.groovy:74)
	at com.kms.katalon.core.webui.keyword.builtin.ClickKeyword.execute(ClickKeyword.groovy:40)
	at com.kms.katalon.core.keyword.internal.KeywordExecutor.executeKeywordForPlatform(KeywordExecutor.groovy:74)
	at com.kms.katalon.core.webui.keyword.WebUiBuiltInKeywords.click(WebUiBuiltInKeywords.groovy:659)
	at Script1718980020443.Numbers(Script1718980020443.groovy:660)
	at Script1718980020443.Filials(Script1718980020443.groovy:993)
	at Script1718980020443.Numbers(Script1718980020443.groovy:751)
	at Script1718980020443.run(Script1718980020443.groovy:231)
	... 15 more
)
[[ATTACHMENT|C:\\Users\\LIAZGINA-DI\\git\\SPORU\\Reports\\20250324_092921\\\u041F\u043D-\u0421\u0440-\u041F\u0442\\\u0421\u0432\u0435\u0440\u043A\u0430 \u0434\u0430\u0448\u0431\u043E\u0440\u0434\u043E\u0432 \u0438\u0437 \u0440\u0430\u0437\u043D\u044B\u0445 \u0431\u043B\u043E\u043A\u043E\u0432\\20250324_092921\\1742806705305.png]]

24-03-2025T11:58:25 - [TEST_STEP][PASSED] - println("a=" + a): null

24-03-2025T11:58:25 - [TEST_STEP][PASSED] - if (a == 84 || a == 82): null

24-03-2025T11:58:25 - [TEST_STEP][PASSED] - else if (a == 83 || a == 52 || a == 72 || a == 28 || a == 73 || a == 77 || a == 74 || a == 65 || a == 36 || a == 44 || a == 53 || a == 80 || a == 54 || a == 1 || a == 18 || a == 59 || a == 81): null

24-03-2025T11:58:25 - [TEST_STEP][PASSED] - else: null

24-03-2025T11:58:25 - [TEST_STEP][PASSED] - page1 = getText(findTestObject("Object Repository/Выполнение бизнес-плана/spanPlan" + filialNum)): Text of object 'Object Repository/Выполнение бизнес-плана/spanPlan4' is: '7.61
|'

24-03-2025T11:58:25 - [MESSAGE][PASSED] - Text of object 'Object Repository/Выполнение бизнес-плана/spanPlan4' is: '7.61
|'

24-03-2025T11:58:25 - [TEST_STEP][PASSED] - page1 = page1.replace("|", ""): null

24-03-2025T11:58:25 - [TEST_STEP][PASSED] - page2 = getText(findTestObject("Object Repository/Выполнение бизнес-плана/spanFact" + filialNum)): Text of object 'Object Repository/Выполнение бизнес-плана/spanFact4' is: '5.12'

24-03-2025T11:58:26 - [MESSAGE][PASSED] - Text of object 'Object Repository/Выполнение бизнес-плана/spanFact4' is: '5.12'

24-03-2025T11:58:26 - [TEST_STEP][PASSED] - page2 = page2.replace("|", ""): null

24-03-2025T11:58:26 - [TEST_STEP][PASSED] - println("page1: " + page1): null

24-03-2025T11:58:26 - [TEST_STEP][PASSED] - println("page2: " + page2): null

24-03-2025T11:58:26 - [TEST_STEP][PASSED] - file = findTestData("PlanFact").getValue(4, a): null

24-03-2025T11:58:26 - [TEST_STEP][PASSED] - file = file.replace(",", "."): null

24-03-2025T11:58:26 - [TEST_STEP][PASSED] - println("file Plan: " + file): null

24-03-2025T11:58:26 - [TEST_STEP][PASSED] - typeOfData = "План в процентах": null

24-03-2025T11:58:26 - [TEST_STEP][PASSED] - fileDouble = file.toDouble(): null

24-03-2025T11:58:26 - [TEST_STEP][PASSED] - pageDouble = page1.toDouble(): null

24-03-2025T11:58:26 - [TEST_STEP][PASSED] - if (fileDouble != pageDouble): null

24-03-2025T11:58:26 - [TEST_STEP][PASSED] - numberOfErrors = numberOfErrors + 1: null

24-03-2025T11:58:26 - [TEST_STEP][PASSED] - Script1718980020443.WriteToExcel(a, typeOfData, todaysDate, pageInt, fileInt, pageDouble, fileDouble, dZO): null

24-03-2025T11:58:26 - [TEST_STEP][PASSED] - sheetName = "Sheet1": null

24-03-2025T11:58:26 - [TEST_STEP][PASSED] - data = findTestData("PlanFact"): null

24-03-2025T11:58:26 - [TEST_STEP][PASSED] - n = data.getRowNumbers() + 1: null

24-03-2025T11:58:26 - [TEST_STEP][PASSED] - day = ")).toInteger(): null

24-03-2025T11:58:26 - [TEST_STEP][PASSED] - println(day): null

24-03-2025T11:58:26 - [TEST_STEP][PASSED] - month = ")).toInteger(): null

24-03-2025T11:58:26 - [TEST_STEP][PASSED] - println(month): null

24-03-2025T11:58:26 - [TEST_STEP][PASSED] - y = <not implemented yet for class: org.codehaus.groovy.ast.expr.EmptyExpression>: null

24-03-2025T11:58:26 - [TEST_STEP][PASSED] - iy = <not implemented yet for class: org.codehaus.groovy.ast.expr.EmptyExpression>: null

24-03-2025T11:58:26 - [TEST_STEP][PASSED] - m = getText(findTestObject("Выполнение бизнес-плана/Период")): Text of object 'Object Repository/Выполнение бизнес-плана/Период' is: 'Январь 2025 года'

24-03-2025T11:58:26 - [MESSAGE][PASSED] - Text of object 'Object Repository/Выполнение бизнес-плана/Период' is: 'Январь 2025 года'

24-03-2025T11:58:26 - [TEST_STEP][PASSED] - iy = m.indexOf("20"): null

24-03-2025T11:58:26 - [TEST_STEP][PASSED] - if (iy > -1): null

24-03-2025T11:58:26 - [TEST_STEP][PASSED] - y = substring(iy, iy + 4).toInteger(): null

24-03-2025T11:58:26 - [TEST_STEP][PASSED] - println(y): null

24-03-2025T11:58:26 - [TEST_STEP][PASSED] - if (toString().length() == 4): null

24-03-2025T11:58:26 - [TEST_STEP][PASSED] - m = m.substring(0, m.indexOf(y.toString())): null

24-03-2025T11:58:26 - [TEST_STEP][PASSED] - m = m.trim(): null

24-03-2025T11:58:26 - [TEST_STEP][PASSED] - if (m == ""): null

24-03-2025T11:58:26 - [TEST_STEP][PASSED] - dashboardName = "Выполнение бизнес-плана": null

24-03-2025T11:58:26 - [TEST_STEP][PASSED] - workbook01 = getWorkbook(excelFilePath): null

24-03-2025T11:58:26 - [TEST_STEP][PASSED] - sheet01 = getExcelSheet(workbook01, sheetName): null

24-03-2025T11:58:26 - [TEST_STEP][PASSED] - setValueToCellByIndex(sheet01, n, 0, dashboardName): null

24-03-2025T11:58:26 - [TEST_STEP][PASSED] - setValueToCellByIndex(sheet01, n, 1, dZO): null

24-03-2025T11:58:26 - [TEST_STEP][PASSED] - setValueToCellByIndex(sheet01, n, 2, typeOfData): null

24-03-2025T11:58:26 - [TEST_STEP][PASSED] - if (typeOfData == "Факт в процентах" || typeOfData == "План в процентах"): null

24-03-2025T11:58:26 - [TEST_STEP][PASSED] - setValueToCellByIndex(sheet01, n, 3, fileDouble): null

24-03-2025T11:58:26 - [TEST_STEP][PASSED] - setValueToCellByIndex(sheet01, n, 4, pageDouble): null

24-03-2025T11:58:26 - [TEST_STEP][PASSED] - setValueToCellByIndex(sheet01, n, 5, m): null

24-03-2025T11:58:26 - [TEST_STEP][PASSED] - setValueToCellByIndex(sheet01, n, 6, y): null

24-03-2025T11:58:26 - [TEST_STEP][PASSED] - setValueToCellByIndex(sheet01, n, 7, todaysDate): null

24-03-2025T11:58:26 - [TEST_STEP][PASSED] - n = n + 1: null

24-03-2025T11:58:26 - [TEST_STEP][PASSED] - saveWorkbook(excelFilePath, workbook01): null

24-03-2025T11:58:26 - [TEST_STEP][PASSED] - file = findTestData("PlanFact").getValue(7, a): null

24-03-2025T11:58:26 - [TEST_STEP][PASSED] - file = file.replace(",", "."): null

24-03-2025T11:58:26 - [TEST_STEP][PASSED] - println("file Fact: " + file): null

24-03-2025T11:58:26 - [TEST_STEP][PASSED] - fileDouble = file.toDouble(): null

24-03-2025T11:58:26 - [TEST_STEP][PASSED] - typeOfData = "Факт в процентах": null

24-03-2025T11:58:26 - [TEST_STEP][PASSED] - fileDouble = file.toDouble(): null

24-03-2025T11:58:26 - [TEST_STEP][PASSED] - pageDouble = page2.toDouble(): null

24-03-2025T11:58:26 - [TEST_STEP][PASSED] - if (fileDouble != pageDouble): null

24-03-2025T11:58:26 - [TEST_STEP][PASSED] - numberOfErrors = numberOfErrors + 1: null

24-03-2025T11:58:26 - [TEST_STEP][PASSED] - Script1718980020443.WriteToExcel(a, typeOfData, todaysDate, pageInt, fileInt, pageDouble, fileDouble, dZO): null

24-03-2025T11:58:26 - [TEST_STEP][PASSED] - sheetName = "Sheet1": null

24-03-2025T11:58:26 - [TEST_STEP][PASSED] - data = findTestData("PlanFact"): null

24-03-2025T11:58:26 - [TEST_STEP][PASSED] - n = data.getRowNumbers() + 1: null

24-03-2025T11:58:26 - [TEST_STEP][PASSED] - day = ")).toInteger(): null

24-03-2025T11:58:26 - [TEST_STEP][PASSED] - println(day): null

24-03-2025T11:58:26 - [TEST_STEP][PASSED] - month = ")).toInteger(): null

24-03-2025T11:58:26 - [TEST_STEP][PASSED] - println(month): null

24-03-2025T11:58:26 - [TEST_STEP][PASSED] - y = <not implemented yet for class: org.codehaus.groovy.ast.expr.EmptyExpression>: null

24-03-2025T11:58:26 - [TEST_STEP][PASSED] - iy = <not implemented yet for class: org.codehaus.groovy.ast.expr.EmptyExpression>: null

24-03-2025T11:58:26 - [TEST_STEP][PASSED] - m = getText(findTestObject("Выполнение бизнес-плана/Период")): Text of object 'Object Repository/Выполнение бизнес-плана/Период' is: 'Январь 2025 года'

24-03-2025T11:58:27 - [MESSAGE][PASSED] - Text of object 'Object Repository/Выполнение бизнес-плана/Период' is: 'Январь 2025 года'

24-03-2025T11:58:27 - [TEST_STEP][PASSED] - iy = m.indexOf("20"): null

24-03-2025T11:58:27 - [TEST_STEP][PASSED] - if (iy > -1): null

24-03-2025T11:58:27 - [TEST_STEP][PASSED] - y = substring(iy, iy + 4).toInteger(): null

24-03-2025T11:58:27 - [TEST_STEP][PASSED] - println(y): null

24-03-2025T11:58:27 - [TEST_STEP][PASSED] - if (toString().length() == 4): null

24-03-2025T11:58:27 - [TEST_STEP][PASSED] - m = m.substring(0, m.indexOf(y.toString())): null

24-03-2025T11:58:27 - [TEST_STEP][PASSED] - m = m.trim(): null

24-03-2025T11:58:27 - [TEST_STEP][PASSED] - if (m == ""): null

24-03-2025T11:58:27 - [TEST_STEP][PASSED] - dashboardName = "Выполнение бизнес-плана": null

24-03-2025T11:58:27 - [TEST_STEP][PASSED] - workbook01 = getWorkbook(excelFilePath): null

24-03-2025T11:58:27 - [TEST_STEP][PASSED] - sheet01 = getExcelSheet(workbook01, sheetName): null

24-03-2025T11:58:27 - [TEST_STEP][PASSED] - setValueToCellByIndex(sheet01, n, 0, dashboardName): null

24-03-2025T11:58:27 - [TEST_STEP][PASSED] - setValueToCellByIndex(sheet01, n, 1, dZO): null

24-03-2025T11:58:27 - [TEST_STEP][PASSED] - setValueToCellByIndex(sheet01, n, 2, typeOfData): null

24-03-2025T11:58:27 - [TEST_STEP][PASSED] - if (typeOfData == "Факт в процентах" || typeOfData == "План в процентах"): null

24-03-2025T11:58:27 - [TEST_STEP][PASSED] - setValueToCellByIndex(sheet01, n, 3, fileDouble): null

24-03-2025T11:58:27 - [TEST_STEP][PASSED] - setValueToCellByIndex(sheet01, n, 4, pageDouble): null

24-03-2025T11:58:27 - [TEST_STEP][PASSED] - setValueToCellByIndex(sheet01, n, 5, m): null

24-03-2025T11:58:27 - [TEST_STEP][PASSED] - setValueToCellByIndex(sheet01, n, 6, y): null

24-03-2025T11:58:27 - [TEST_STEP][PASSED] - setValueToCellByIndex(sheet01, n, 7, todaysDate): null

24-03-2025T11:58:27 - [TEST_STEP][PASSED] - n = n + 1: null

24-03-2025T11:58:27 - [TEST_STEP][PASSED] - saveWorkbook(excelFilePath, workbook01): null

24-03-2025T11:58:27 - [TEST_STEP][FAILED] - if (verifyEqual(numberOfErrors, 0) == false): null

24-03-2025T11:58:27 - [MESSAGE][FAILED] - Unable to verify equal between actual object '2' and expected object '0' (Root cause: com.kms.katalon.core.exception.StepFailedException: Actual object '2' and expected object '0' are not equal
	at com.kms.katalon.core.keyword.builtin.VerifyEqualKeyword$_verifyEqual_closure1.doCall(VerifyEqualKeyword.groovy:58)
	at com.kms.katalon.core.keyword.builtin.VerifyEqualKeyword$_verifyEqual_closure1.call(VerifyEqualKeyword.groovy)
	at com.kms.katalon.core.keyword.internal.KeywordMain.runKeyword(KeywordMain.groovy:75)
	at com.kms.katalon.core.keyword.builtin.VerifyEqualKeyword.verifyEqual(VerifyEqualKeyword.groovy:63)
	at com.kms.katalon.core.keyword.builtin.VerifyEqualKeyword.execute(VerifyEqualKeyword.groovy:44)
	at com.kms.katalon.core.keyword.internal.KeywordExecutor.executeKeywordForPlatform(KeywordExecutor.groovy:74)
	at com.kms.katalon.core.keyword.BuiltinKeywords.verifyEqual(BuiltinKeywords.groovy:146)
	at jdk.internal.reflect.GeneratedMethodAccessor22.invoke(Unknown Source)
	at java.base/jdk.internal.reflect.DelegatingMethodAccessorImpl.invoke(DelegatingMethodAccessorImpl.java:43)
	at Выполнение бизнес-плана Сверка ПАО Россети все филиалы.Numbers(Выполнение бизнес-плана Сверка ПАО Россети все филиалы:744)
	at Выполнение бизнес-плана Сверка ПАО Россети все филиалы.Filials(Выполнение бизнес-плана Сверка ПАО Россети все филиалы:993)
	at Выполнение бизнес-плана Сверка ПАО Россети все филиалы.Numbers(Выполнение бизнес-плана Сверка ПАО Россети все филиалы:751)
	at Выполнение бизнес-плана Сверка ПАО Россети все филиалы.run(Выполнение бизнес-плана Сверка ПАО Россети все филиалы:231)
	at com.kms.katalon.core.main.ScriptEngine.run(ScriptEngine.java:194)
	at com.kms.katalon.core.main.ScriptEngine.runScriptAsRawText(ScriptEngine.java:119)
	at com.kms.katalon.core.main.TestCaseExecutor.runScript(TestCaseExecutor.java:448)
	at com.kms.katalon.core.main.TestCaseExecutor.doExecute(TestCaseExecutor.java:439)
	at com.kms.katalon.core.main.TestCaseExecutor.processExecutionPhase(TestCaseExecutor.java:418)
	at com.kms.katalon.core.main.TestCaseExecutor.accessMainPhase(TestCaseExecutor.java:410)
	at com.kms.katalon.core.main.TestCaseExecutor.execute(TestCaseExecutor.java:285)
	at com.kms.katalon.core.common.CommonExecutor.accessTestCaseMainPhase(CommonExecutor.java:65)
	at com.kms.katalon.core.main.TestSuiteExecutor.accessTestSuiteMainPhase(TestSuiteExecutor.java:150)
	at com.kms.katalon.core.main.TestSuiteExecutor.execute(TestSuiteExecutor.java:106)
	at com.kms.katalon.core.main.TestCaseMain.startTestSuite(TestCaseMain.java:180)
	at TempTestSuite1742797761676.run(TempTestSuite1742797761676.groovy:35)
	at java.base/jdk.internal.reflect.NativeMethodAccessorImpl.invoke0(Native Method)
	at java.base/jdk.internal.reflect.NativeMethodAccessorImpl.invoke(NativeMethodAccessorImpl.java:77)
	at java.base/jdk.internal.reflect.DelegatingMethodAccessorImpl.invoke(DelegatingMethodAccessorImpl.java:43)
)

24-03-2025T11:58:27 - [TEST_STEP][PASSED] - println(numberOfErrors): null

24-03-2025T11:58:27 - [TEST_STEP][PASSED] - println("a=" + a): null

24-03-2025T11:58:27 - [TEST_STEP][PASSED] - if (a == 28 || a == 77 || a == 74 || a == 65 || a == 36 || a == 44 || a == 54 || a == 1 || a == 18 || a == 59): null

24-03-2025T11:58:27 - [TEST_STEP][PASSED] - if (a == 82): null

24-03-2025T11:58:27 - [TEST_STEP][PASSED] - dZO = "Чувашэнерго": null

24-03-2025T11:58:27 - [TEST_STEP][PASSED] - a = 35: null

24-03-2025T11:58:27 - [TEST_STEP][PASSED] - if (x2.contains(dZO)): null

24-03-2025T11:58:27 - [TEST_STEP][PASSED] - filialNum = filialNum + 1: null

24-03-2025T11:58:27 - [TEST_STEP][PASSED] - Script1718980020443.Numbers(a, typeOfData, todaysDate, pageInt, fileInt, pageDouble, fileDouble, dZO, dzoNum, filialNum): null

24-03-2025T11:58:27 - [TEST_STEP][PASSED] - println(dzoNum): null

24-03-2025T11:58:27 - [TEST_STEP][PASSED] - planFact = <not implemented yet for class: org.codehaus.groovy.ast.expr.EmptyExpression>: null

24-03-2025T11:58:27 - [TEST_STEP][PASSED] - page = <not implemented yet for class: org.codehaus.groovy.ast.expr.EmptyExpression>: null

24-03-2025T11:58:27 - [TEST_STEP][PASSED] - page1 = <not implemented yet for class: org.codehaus.groovy.ast.expr.EmptyExpression>: null

24-03-2025T11:58:27 - [TEST_STEP][PASSED] - page2 = <not implemented yet for class: org.codehaus.groovy.ast.expr.EmptyExpression>: null

24-03-2025T11:58:27 - [TEST_STEP][PASSED] - filialNumberInRow = <not implemented yet for class: org.codehaus.groovy.ast.expr.EmptyExpression>: null

24-03-2025T11:58:27 - [TEST_STEP][PASSED] - filialsDzoNames = <not implemented yet for class: org.codehaus.groovy.ast.expr.EmptyExpression>: null

24-03-2025T11:58:27 - [TEST_STEP][PASSED] - numberOfFilials = <not implemented yet for class: org.codehaus.groovy.ast.expr.EmptyExpression>: null

24-03-2025T11:58:27 - [TEST_STEP][PASSED] - numberOfSpaces = <not implemented yet for class: org.codehaus.groovy.ast.expr.EmptyExpression>: null

24-03-2025T11:58:27 - [TEST_STEP][PASSED] - file = <not implemented yet for class: org.codehaus.groovy.ast.expr.EmptyExpression>: null

24-03-2025T11:58:27 - [TEST_STEP][PASSED] - otpusk = <not implemented yet for class: org.codehaus.groovy.ast.expr.EmptyExpression>: null

24-03-2025T11:58:27 - [TEST_STEP][PASSED] - poteri = <not implemented yet for class: org.codehaus.groovy.ast.expr.EmptyExpression>: null

24-03-2025T11:58:27 - [TEST_STEP][PASSED] - dataFolder = "Выполнение бизнес-плана/Значения со страницы Выполнение бизнес-плана/": null

24-03-2025T11:58:27 - [TEST_STEP][PASSED] - path = <not implemented yet for class: org.codehaus.groovy.ast.expr.EmptyExpression>: null

24-03-2025T11:58:27 - [TEST_STEP][PASSED] - typeOfDataMain = <not implemented yet for class: org.codehaus.groovy.ast.expr.EmptyExpression>: null

24-03-2025T11:58:27 - [TEST_STEP][PASSED] - fileOtpuskVSet = <not implemented yet for class: org.codehaus.groovy.ast.expr.EmptyExpression>: null

24-03-2025T11:58:27 - [TEST_STEP][PASSED] - pageOtpuskVSet = <not implemented yet for class: org.codehaus.groovy.ast.expr.EmptyExpression>: null

24-03-2025T11:58:27 - [TEST_STEP][PASSED] - filePoteri = <not implemented yet for class: org.codehaus.groovy.ast.expr.EmptyExpression>: null

24-03-2025T11:58:27 - [TEST_STEP][PASSED] - pagePoteri = <not implemented yet for class: org.codehaus.groovy.ast.expr.EmptyExpression>: null

24-03-2025T11:58:27 - [TEST_STEP][PASSED] - compare = <not implemented yet for class: org.codehaus.groovy.ast.expr.EmptyExpression>: null

24-03-2025T11:58:27 - [TEST_STEP][PASSED] - b = <not implemented yet for class: org.codehaus.groovy.ast.expr.EmptyExpression>: null

24-03-2025T11:58:27 - [TEST_STEP][PASSED] - i = <not implemented yet for class: org.codehaus.groovy.ast.expr.EmptyExpression>: null

24-03-2025T11:58:27 - [TEST_STEP][PASSED] - ii = <not implemented yet for class: org.codehaus.groovy.ast.expr.EmptyExpression>: null

24-03-2025T11:58:27 - [TEST_STEP][PASSED] - c = <not implemented yet for class: org.codehaus.groovy.ast.expr.EmptyExpression>: null

24-03-2025T11:58:27 - [TEST_STEP][PASSED] - numberOfErrors = 0: null

24-03-2025T11:58:27 - [TEST_STEP][PASSED] - if (a == 82): null

24-03-2025T11:58:27 - [TEST_STEP][PASSED] - b = findTestData("PlanFact").getValue(1, a): null

24-03-2025T11:58:27 - [TEST_STEP][PASSED] - i = b.indexOf(" (ГК)"): null

24-03-2025T11:58:27 - [TEST_STEP][PASSED] - if (i > -1): null

24-03-2025T11:58:27 - [TEST_STEP][PASSED] - i = b.indexOf("О ""): null

24-03-2025T11:58:27 - [TEST_STEP][PASSED] - if (i > -1): null

24-03-2025T11:58:27 - [TEST_STEP][PASSED] - i = b.indexOf("О «"): null

24-03-2025T11:58:27 - [TEST_STEP][PASSED] - if (i > -1): null

24-03-2025T11:58:27 - [TEST_STEP][PASSED] - i = b.indexOf("г. "): null

24-03-2025T11:58:27 - [TEST_STEP][PASSED] - if (i > -1): null

24-03-2025T11:58:27 - [TEST_STEP][PASSED] - b = b.trim(): null

24-03-2025T11:58:27 - [TEST_STEP][PASSED] - println(b): null

24-03-2025T11:58:27 - [TEST_STEP][PASSED] - for ([planFact = 1, planFact < 3, (planFact++)]): null

24-03-2025T11:58:27 - [TEST_STEP][PASSED] - if (planFact == 1): null

24-03-2025T11:58:27 - [TEST_STEP][PASSED] - typeOfDataMain = "Факт": null

24-03-2025T11:58:27 - [TEST_STEP][PASSED] - otpusk = findTestData("PlanFact").getValue(5, a): null

24-03-2025T11:58:27 - [TEST_STEP][PASSED] - poteri = findTestData("PlanFact").getValue(6, a): null

24-03-2025T11:58:27 - [TEST_STEP][PASSED] - otpusk = otpusk.replaceAll("\s+", ""): null

24-03-2025T11:58:27 - [TEST_STEP][PASSED] - poteri = poteri.replaceAll("\s+", ""): null

24-03-2025T11:58:27 - [TEST_STEP][PASSED] - typeOfData = typeOfDataMain + " Отпуск в сеть": null

24-03-2025T11:58:27 - [TEST_STEP][PASSED] - if (a == 82): null

24-03-2025T11:58:27 - [TEST_STEP][PASSED] - else if (a == 84): null

24-03-2025T11:58:27 - [TEST_STEP][PASSED] - else if (a == 83 || a == 52 || a == 72 || a == 28 || a == 73 || a == 77 || a == 74 || a == 65 || a == 36 || a == 44 || a == 53 || a == 80 || a == 54 || a == 1 || a == 18 || a == 59 || a == 81): null

24-03-2025T11:58:27 - [TEST_STEP][PASSED] - else: null

24-03-2025T11:58:27 - [TEST_STEP][PASSED] - path = dataFolder + typeOfData + " за отчётный период " + b: null

24-03-2025T11:58:27 - [TEST_STEP][PASSED] - println(path): null

24-03-2025T11:58:27 - [TEST_STEP][PASSED] - page = getText(findTestObject(path)): Text of object 'Object Repository/Выполнение бизнес-плана/Значения со страницы Выполнение бизнес-плана/Факт Отпуск в сеть за отчётный период Чувашэнерго' is: ''

24-03-2025T11:58:27 - [MESSAGE][PASSED] - Text of object 'Object Repository/Выполнение бизнес-плана/Значения со страницы Выполнение бизнес-плана/Факт Отпуск в сеть за отчётный период Чувашэнерго' is: ''

24-03-2025T11:58:27 - [TEST_STEP][PASSED] - if (page == "" || page == null): null

24-03-2025T11:58:27 - [TEST_STEP][PASSED] - fileInt = otpusk.toInteger(): null

24-03-2025T11:58:27 - [TEST_STEP][PASSED] - Script1718980020443.WriteToExcelNoData(a, typeOfData, todaysDate, fileInt, fileDouble, dZO): null

24-03-2025T11:58:27 - [TEST_STEP][PASSED] - sheetName = "Sheet1": null

24-03-2025T11:58:27 - [TEST_STEP][PASSED] - data = findTestData("PlanFact"): null

24-03-2025T11:58:28 - [TEST_STEP][PASSED] - n = data.getRowNumbers() + 1: null

24-03-2025T11:58:28 - [TEST_STEP][PASSED] - day = ")).toInteger(): null

24-03-2025T11:58:28 - [TEST_STEP][PASSED] - println(day): null

24-03-2025T11:58:28 - [TEST_STEP][PASSED] - month = ")).toInteger(): null

24-03-2025T11:58:28 - [TEST_STEP][PASSED] - println(month): null

24-03-2025T11:58:28 - [TEST_STEP][PASSED] - y = <not implemented yet for class: org.codehaus.groovy.ast.expr.EmptyExpression>: null

24-03-2025T11:58:28 - [TEST_STEP][PASSED] - iy = <not implemented yet for class: org.codehaus.groovy.ast.expr.EmptyExpression>: null

24-03-2025T11:58:28 - [TEST_STEP][PASSED] - m = getText(findTestObject("Выполнение бизнес-плана/Период")): Text of object 'Object Repository/Выполнение бизнес-плана/Период' is: 'Январь 2025 года'

24-03-2025T11:58:28 - [MESSAGE][PASSED] - Text of object 'Object Repository/Выполнение бизнес-плана/Период' is: 'Январь 2025 года'

24-03-2025T11:58:28 - [TEST_STEP][PASSED] - iy = m.indexOf("20"): null

24-03-2025T11:58:28 - [TEST_STEP][PASSED] - if (iy > -1): null

24-03-2025T11:58:28 - [TEST_STEP][PASSED] - y = substring(iy, iy + 4).toInteger(): null

24-03-2025T11:58:28 - [TEST_STEP][PASSED] - println(y): null

24-03-2025T11:58:28 - [TEST_STEP][PASSED] - if (toString().length() == 4): null

24-03-2025T11:58:28 - [TEST_STEP][PASSED] - m = m.substring(0, m.indexOf(y.toString())): null

24-03-2025T11:58:28 - [TEST_STEP][PASSED] - m = m.trim(): null

24-03-2025T11:58:28 - [TEST_STEP][PASSED] - if (m == ""): null

24-03-2025T11:58:28 - [TEST_STEP][PASSED] - dashboardName = "Выполнение бизнес-плана": null

24-03-2025T11:58:28 - [TEST_STEP][PASSED] - workbook01 = getWorkbook(excelFilePath): null

24-03-2025T11:58:28 - [TEST_STEP][PASSED] - sheet01 = getExcelSheet(workbook01, sheetName): null

24-03-2025T11:58:28 - [TEST_STEP][PASSED] - setValueToCellByIndex(sheet01, n, 0, dashboardName): null

24-03-2025T11:58:28 - [TEST_STEP][PASSED] - setValueToCellByIndex(sheet01, n, 1, dZO): null

24-03-2025T11:58:28 - [TEST_STEP][PASSED] - setValueToCellByIndex(sheet01, n, 2, typeOfData): null

24-03-2025T11:58:28 - [TEST_STEP][PASSED] - if (typeOfData == "Факт в процентах" || typeOfData == "План в процентах"): null

24-03-2025T11:58:28 - [TEST_STEP][PASSED] - else: null

24-03-2025T11:58:28 - [TEST_STEP][PASSED] - setValueToCellByIndex(sheet01, n, 3, fileInt): null

24-03-2025T11:58:28 - [TEST_STEP][PASSED] - setValueToCellByIndex(sheet01, n, 4, "нет данных"): null

24-03-2025T11:58:28 - [TEST_STEP][PASSED] - setValueToCellByIndex(sheet01, n, 5, m): null

24-03-2025T11:58:28 - [TEST_STEP][PASSED] - setValueToCellByIndex(sheet01, n, 6, y): null

24-03-2025T11:58:28 - [TEST_STEP][PASSED] - setValueToCellByIndex(sheet01, n, 7, todaysDate): null

24-03-2025T11:58:28 - [TEST_STEP][PASSED] - n = n + 1: null

24-03-2025T11:58:28 - [TEST_STEP][PASSED] - saveWorkbook(excelFilePath, workbook01): null

24-03-2025T11:58:28 - [TEST_STEP][PASSED] - typeOfData = typeOfDataMain + " Потери": null

24-03-2025T11:58:28 - [TEST_STEP][PASSED] - if (a == 82): null

24-03-2025T11:58:28 - [TEST_STEP][PASSED] - else if (a == 84): null

24-03-2025T11:58:28 - [TEST_STEP][PASSED] - else if (a == 83 || a == 52 || a == 72 || a == 28 || a == 73 || a == 77 || a == 74 || a == 65 || a == 44 || a == 53 || a == 80 || a == 54 || a == 1 || a == 18 || a == 59 || a == 81): null

24-03-2025T11:58:28 - [TEST_STEP][PASSED] - else: null

24-03-2025T11:58:28 - [TEST_STEP][PASSED] - path = dataFolder + typeOfData + " за отчётный период " + b: null

24-03-2025T11:58:28 - [TEST_STEP][PASSED] - page = getText(findTestObject(path)): Text of object 'Object Repository/Выполнение бизнес-плана/Значения со страницы Выполнение бизнес-плана/Факт Потери за отчётный период Чувашэнерго' is: ''

24-03-2025T11:58:28 - [MESSAGE][PASSED] - Text of object 'Object Repository/Выполнение бизнес-плана/Значения со страницы Выполнение бизнес-плана/Факт Потери за отчётный период Чувашэнерго' is: ''

24-03-2025T11:58:28 - [TEST_STEP][PASSED] - if (page == "" || page == null): null

24-03-2025T11:58:28 - [TEST_STEP][PASSED] - fileInt = poteri.toInteger(): null

24-03-2025T11:58:28 - [TEST_STEP][PASSED] - Script1718980020443.WriteToExcelNoData(a, typeOfData, todaysDate, fileInt, fileDouble, dZO): null

24-03-2025T11:58:28 - [TEST_STEP][PASSED] - sheetName = "Sheet1": null

24-03-2025T11:58:28 - [TEST_STEP][PASSED] - data = findTestData("PlanFact"): null

24-03-2025T11:58:28 - [TEST_STEP][PASSED] - n = data.getRowNumbers() + 1: null

24-03-2025T11:58:28 - [TEST_STEP][PASSED] - day = ")).toInteger(): null

24-03-2025T11:58:28 - [TEST_STEP][PASSED] - println(day): null

24-03-2025T11:58:28 - [TEST_STEP][PASSED] - month = ")).toInteger(): null

24-03-2025T11:58:28 - [TEST_STEP][PASSED] - println(month): null

24-03-2025T11:58:28 - [TEST_STEP][PASSED] - y = <not implemented yet for class: org.codehaus.groovy.ast.expr.EmptyExpression>: null

24-03-2025T11:58:28 - [TEST_STEP][PASSED] - iy = <not implemented yet for class: org.codehaus.groovy.ast.expr.EmptyExpression>: null

24-03-2025T11:58:28 - [TEST_STEP][PASSED] - m = getText(findTestObject("Выполнение бизнес-плана/Период")): Text of object 'Object Repository/Выполнение бизнес-плана/Период' is: 'Январь 2025 года'

24-03-2025T11:58:29 - [MESSAGE][PASSED] - Text of object 'Object Repository/Выполнение бизнес-плана/Период' is: 'Январь 2025 года'

24-03-2025T11:58:29 - [TEST_STEP][PASSED] - iy = m.indexOf("20"): null

24-03-2025T11:58:29 - [TEST_STEP][PASSED] - if (iy > -1): null

24-03-2025T11:58:29 - [TEST_STEP][PASSED] - y = substring(iy, iy + 4).toInteger(): null

24-03-2025T11:58:29 - [TEST_STEP][PASSED] - println(y): null

24-03-2025T11:58:29 - [TEST_STEP][PASSED] - if (toString().length() == 4): null

24-03-2025T11:58:29 - [TEST_STEP][PASSED] - m = m.substring(0, m.indexOf(y.toString())): null

24-03-2025T11:58:29 - [TEST_STEP][PASSED] - m = m.trim(): null

24-03-2025T11:58:29 - [TEST_STEP][PASSED] - if (m == ""): null

24-03-2025T11:58:29 - [TEST_STEP][PASSED] - dashboardName = "Выполнение бизнес-плана": null

24-03-2025T11:58:29 - [TEST_STEP][PASSED] - workbook01 = getWorkbook(excelFilePath): null

24-03-2025T11:58:29 - [TEST_STEP][PASSED] - sheet01 = getExcelSheet(workbook01, sheetName): null

24-03-2025T11:58:29 - [TEST_STEP][PASSED] - setValueToCellByIndex(sheet01, n, 0, dashboardName): null

24-03-2025T11:58:29 - [TEST_STEP][PASSED] - setValueToCellByIndex(sheet01, n, 1, dZO): null

24-03-2025T11:58:29 - [TEST_STEP][PASSED] - setValueToCellByIndex(sheet01, n, 2, typeOfData): null

24-03-2025T11:58:29 - [TEST_STEP][PASSED] - if (typeOfData == "Факт в процентах" || typeOfData == "План в процентах"): null

24-03-2025T11:58:29 - [TEST_STEP][PASSED] - else: null

24-03-2025T11:58:29 - [TEST_STEP][PASSED] - setValueToCellByIndex(sheet01, n, 3, fileInt): null

24-03-2025T11:58:29 - [TEST_STEP][PASSED] - setValueToCellByIndex(sheet01, n, 4, "нет данных"): null

24-03-2025T11:58:29 - [TEST_STEP][PASSED] - setValueToCellByIndex(sheet01, n, 5, m): null

24-03-2025T11:58:29 - [TEST_STEP][PASSED] - setValueToCellByIndex(sheet01, n, 6, y): null

24-03-2025T11:58:29 - [TEST_STEP][PASSED] - setValueToCellByIndex(sheet01, n, 7, todaysDate): null

24-03-2025T11:58:29 - [TEST_STEP][PASSED] - n = n + 1: null

24-03-2025T11:58:29 - [TEST_STEP][FAILED] - saveWorkbook(excelFilePath, workbook01): null

24-03-2025T11:58:29 - [TEST_STEP][PASSED] - compare = pageOtpuskVSet: null

24-03-2025T11:58:29 - [TEST_STEP][PASSED] - if (pageOtpuskVSet != null): null

24-03-2025T11:58:29 - [TEST_STEP][PASSED] - if (compare == fileOtpuskVSet): null

24-03-2025T11:58:29 - [TEST_STEP][PASSED] - if (compare == fileOtpuskVSet): null

24-03-2025T11:58:29 - [TEST_STEP][PASSED] - compare = pagePoteri: null

24-03-2025T11:58:29 - [TEST_STEP][PASSED] - if (pageOtpuskVSet != null): null

24-03-2025T11:58:29 - [TEST_STEP][PASSED] - if (compare == filePoteri): null

24-03-2025T11:58:29 - [TEST_STEP][PASSED] - if (compare == filePoteri): null

24-03-2025T11:58:29 - [TEST_STEP][PASSED] - if (planFact == 2): null

24-03-2025T11:58:29 - [TEST_STEP][PASSED] - if (planFact == 1): null

24-03-2025T11:58:29 - [TEST_STEP][FAILED] - else if (planFact == 2): null

24-03-2025T11:58:29 - [TEST_STEP][FAILED] - click(findTestObject("Выполнение бизнес-плана/Кнопка План")): Unable to click on object 'Object Repository/Выполнение бизнес-плана/Кнопка План' (Root cause: com.kms.katalon.core.exception.StepFailedException: Unable to click on object 'Object Repository/Выполнение бизнес-плана/Кнопка План'
	at com.kms.katalon.core.webui.keyword.internal.WebUIKeywordMain.stepFailed(WebUIKeywordMain.groovy:64)
	at com.kms.katalon.core.webui.keyword.internal.WebUIKeywordMain.runKeyword(WebUIKeywordMain.groovy:26)
	at com.kms.katalon.core.webui.keyword.builtin.ClickKeyword.click(ClickKeyword.groovy:74)
	at com.kms.katalon.core.webui.keyword.builtin.ClickKeyword.execute(ClickKeyword.groovy:40)
	at com.kms.katalon.core.keyword.internal.KeywordExecutor.executeKeywordForPlatform(KeywordExecutor.groovy:74)
	at com.kms.katalon.core.webui.keyword.WebUiBuiltInKeywords.click(WebUiBuiltInKeywords.groovy:659)
	at Выполнение бизнес-плана Сверка ПАО Россети все филиалы.Numbers(Выполнение бизнес-плана Сверка ПАО Россети все филиалы:531)
	at Выполнение бизнес-плана Сверка ПАО Россети все филиалы.Filials(Выполнение бизнес-плана Сверка ПАО Россети все филиалы:1005)
	at Выполнение бизнес-плана Сверка ПАО Россети все филиалы.Numbers(Выполнение бизнес-плана Сверка ПАО Россети все филиалы:751)
	at Выполнение бизнес-плана Сверка ПАО Россети все филиалы.run(Выполнение бизнес-плана Сверка ПАО Россети все филиалы:231)
	at com.kms.katalon.core.main.ScriptEngine.run(ScriptEngine.java:194)
	at com.kms.katalon.core.main.ScriptEngine.runScriptAsRawText(ScriptEngine.java:119)
	at com.kms.katalon.core.main.TestCaseExecutor.runScript(TestCaseExecutor.java:448)
	at com.kms.katalon.core.main.TestCaseExecutor.doExecute(TestCaseExecutor.java:439)
	at com.kms.katalon.core.main.TestCaseExecutor.processExecutionPhase(TestCaseExecutor.java:418)
	at com.kms.katalon.core.main.TestCaseExecutor.accessMainPhase(TestCaseExecutor.java:410)
	at com.kms.katalon.core.main.TestCaseExecutor.execute(TestCaseExecutor.java:285)
	at com.kms.katalon.core.common.CommonExecutor.accessTestCaseMainPhase(CommonExecutor.java:65)
	at com.kms.katalon.core.main.TestSuiteExecutor.accessTestSuiteMainPhase(TestSuiteExecutor.java:150)
	at com.kms.katalon.core.main.TestSuiteExecutor.execute(TestSuiteExecutor.java:106)
	at com.kms.katalon.core.main.TestCaseMain.startTestSuite(TestCaseMain.java:180)
	at TempTestSuite1742797761676.run(TempTestSuite1742797761676.groovy:35)
	at java.base/jdk.internal.reflect.NativeMethodAccessorImpl.invoke0(Native Method)
	at java.base/jdk.internal.reflect.NativeMethodAccessorImpl.invoke(NativeMethodAccessorImpl.java:77)
	at java.base/jdk.internal.reflect.DelegatingMethodAccessorImpl.invoke(DelegatingMethodAccessorImpl.java:43)
Caused by: org.openqa.selenium.ElementClickInterceptedException: element click intercepted: Element <button class="buttona39fa013709a4a8796d0020acc128338 ...a39fa013709a4a8796d0020acc128338">План</button> is not clickable at point (893, 512). Other element would receive the click: <div id="alertModalContainer88ed08ee570a46acafd2a12909231105" class="modalContainer88ed08ee570a46acafd2a12909231105" style="--m-background: hsla(0, 0%, 0%, .4); --background: linear-gradient(90deg, hsla(357, 73%, 47%, 1) 0%, hsla(358, 71%, 43%, 1) 21%, hsla(0, 69%, 39%, 1) 38%, hsla(0, 69%, 29%, 1) 68%, hsla(0, 69%, 24%, 1) 91%); display: flex;">...</div>
  (Session info: chrome=134.0.6998.118)
Build info: version: '3.141.59', revision: 'unknown', time: 'unknown'
System info: host: 'UVV-WS904-D', ip: '192.168.0.19', os.name: 'Windows 10', os.arch: 'amd64', os.version: '10.0', java.version: '17.0.7'
Driver info: com.kms.katalon.selenium.driver.CChromeDriver
Capabilities {acceptInsecureCerts: false, browserName: chrome, browserVersion: 134.0.6998.118, chrome: {chromedriverVersion: 133.0.6943.98 (da53563ceb66..., userDataDir: C:\Users\LIAZGI~1\AppData\L...}, fedcm:accounts: true, goog:chromeOptions: {debuggerAddress: localhost:63160}, javascriptEnabled: true, networkConnectionEnabled: false, pageLoadStrategy: normal, platform: WINDOWS, platformName: WINDOWS, proxy: Proxy(), setWindowRect: true, strictFileInteractability: false, timeouts: {implicit: 0, pageLoad: 300000, script: 30000}, unhandledPromptBehavior: dismiss and notify, webauthn:extension:credBlob: true, webauthn:extension:largeBlob: true, webauthn:extension:minPinLength: true, webauthn:extension:prf: true, webauthn:virtualAuthenticators: true}
Session ID: 060031d04eaf6a209da5bd422e68886a
	at jdk.internal.reflect.GeneratedConstructorAccessor109.newInstance(Unknown Source)
	at java.base/jdk.internal.reflect.DelegatingConstructorAccessorImpl.newInstance(DelegatingConstructorAccessorImpl.java:45)
	at org.openqa.selenium.remote.http.W3CHttpResponseCodec.createException(W3CHttpResponseCodec.java:187)
	at org.openqa.selenium.remote.http.W3CHttpResponseCodec.decode(W3CHttpResponseCodec.java:122)
	at org.openqa.selenium.remote.http.W3CHttpResponseCodec.decode(W3CHttpResponseCodec.java:49)
	at org.openqa.selenium.remote.HttpCommandExecutor.execute(HttpCommandExecutor.java:158)
	at org.openqa.selenium.remote.service.DriverCommandExecutor.execute(DriverCommandExecutor.java:83)
	at org.openqa.selenium.remote.RemoteWebDriver.execute(RemoteWebDriver.java:552)
	at com.kms.katalon.selenium.driver.CChromeDriver.execute(CChromeDriver.java:19)
	at org.openqa.selenium.remote.RemoteWebElement.execute(RemoteWebElement.java:285)
	at org.openqa.selenium.remote.RemoteWebElement.click(RemoteWebElement.java:84)
	at jdk.internal.reflect.GeneratedMethodAccessor15.invoke(Unknown Source)
	at java.base/jdk.internal.reflect.DelegatingMethodAccessorImpl.invoke(DelegatingMethodAccessorImpl.java:43)
	at org.openqa.selenium.support.events.EventFiringWebDriver$EventFiringWebElement.lambda$new$0(EventFiringWebDriver.java:404)
	at jdk.proxy2/jdk.proxy2.$Proxy24.click(Unknown Source)
	at org.openqa.selenium.support.events.EventFiringWebDriver$EventFiringWebElement.click(EventFiringWebDriver.java:417)
	at org.openqa.selenium.WebElement$click.call(Unknown Source)
	at com.kms.katalon.core.webui.keyword.builtin.ClickKeyword.clickUntilSuccessWithTimeout(ClickKeyword.groovy:81)
	at com.kms.katalon.core.webui.keyword.builtin.ClickKeyword.clickUntilSuccessWithTimeout(ClickKeyword.groovy)
	at jdk.internal.reflect.GeneratedMethodAccessor13.invoke(Unknown Source)
	at java.base/jdk.internal.reflect.DelegatingMethodAccessorImpl.invoke(DelegatingMethodAccessorImpl.java:43)
	at com.kms.katalon.core.webui.keyword.builtin.ClickKeyword$_click_closure1.doCall(ClickKeyword.groovy:67)
	at com.kms.katalon.core.webui.keyword.builtin.ClickKeyword$_click_closure1.call(ClickKeyword.groovy)
	at com.kms.katalon.core.webui.keyword.internal.WebUIKeywordMain.runKeyword(WebUIKeywordMain.groovy:20)
	at com.kms.katalon.core.webui.keyword.builtin.ClickKeyword.click(ClickKeyword.groovy:74)
	at com.kms.katalon.core.webui.keyword.builtin.ClickKeyword.execute(ClickKeyword.groovy:40)
	at com.kms.katalon.core.keyword.internal.KeywordExecutor.executeKeywordForPlatform(KeywordExecutor.groovy:74)
	at com.kms.katalon.core.webui.keyword.WebUiBuiltInKeywords.click(WebUiBuiltInKeywords.groovy:659)
	at Script1718980020443.Numbers(Script1718980020443.groovy:531)
	at Script1718980020443.Filials(Script1718980020443.groovy:1005)
	at Script1718980020443.Numbers(Script1718980020443.groovy:751)
	at Script1718980020443.run(Script1718980020443.groovy:231)
	... 15 more
)

24-03-2025T11:59:02 - [MESSAGE][FAILED] - Unable to click on object 'Object Repository/Выполнение бизнес-плана/Кнопка План' (Root cause: com.kms.katalon.core.exception.StepFailedException: Unable to click on object 'Object Repository/Выполнение бизнес-плана/Кнопка План'
	at com.kms.katalon.core.webui.keyword.internal.WebUIKeywordMain.stepFailed(WebUIKeywordMain.groovy:64)
	at com.kms.katalon.core.webui.keyword.internal.WebUIKeywordMain.runKeyword(WebUIKeywordMain.groovy:26)
	at com.kms.katalon.core.webui.keyword.builtin.ClickKeyword.click(ClickKeyword.groovy:74)
	at com.kms.katalon.core.webui.keyword.builtin.ClickKeyword.execute(ClickKeyword.groovy:40)
	at com.kms.katalon.core.keyword.internal.KeywordExecutor.executeKeywordForPlatform(KeywordExecutor.groovy:74)
	at com.kms.katalon.core.webui.keyword.WebUiBuiltInKeywords.click(WebUiBuiltInKeywords.groovy:659)
	at Выполнение бизнес-плана Сверка ПАО Россети все филиалы.Numbers(Выполнение бизнес-плана Сверка ПАО Россети все филиалы:531)
	at Выполнение бизнес-плана Сверка ПАО Россети все филиалы.Filials(Выполнение бизнес-плана Сверка ПАО Россети все филиалы:1005)
	at Выполнение бизнес-плана Сверка ПАО Россети все филиалы.Numbers(Выполнение бизнес-плана Сверка ПАО Россети все филиалы:751)
	at Выполнение бизнес-плана Сверка ПАО Россети все филиалы.run(Выполнение бизнес-плана Сверка ПАО Россети все филиалы:231)
	at com.kms.katalon.core.main.ScriptEngine.run(ScriptEngine.java:194)
	at com.kms.katalon.core.main.ScriptEngine.runScriptAsRawText(ScriptEngine.java:119)
	at com.kms.katalon.core.main.TestCaseExecutor.runScript(TestCaseExecutor.java:448)
	at com.kms.katalon.core.main.TestCaseExecutor.doExecute(TestCaseExecutor.java:439)
	at com.kms.katalon.core.main.TestCaseExecutor.processExecutionPhase(TestCaseExecutor.java:418)
	at com.kms.katalon.core.main.TestCaseExecutor.accessMainPhase(TestCaseExecutor.java:410)
	at com.kms.katalon.core.main.TestCaseExecutor.execute(TestCaseExecutor.java:285)
	at com.kms.katalon.core.common.CommonExecutor.accessTestCaseMainPhase(CommonExecutor.java:65)
	at com.kms.katalon.core.main.TestSuiteExecutor.accessTestSuiteMainPhase(TestSuiteExecutor.java:150)
	at com.kms.katalon.core.main.TestSuiteExecutor.execute(TestSuiteExecutor.java:106)
	at com.kms.katalon.core.main.TestCaseMain.startTestSuite(TestCaseMain.java:180)
	at TempTestSuite1742797761676.run(TempTestSuite1742797761676.groovy:35)
	at java.base/jdk.internal.reflect.NativeMethodAccessorImpl.invoke0(Native Method)
	at java.base/jdk.internal.reflect.NativeMethodAccessorImpl.invoke(NativeMethodAccessorImpl.java:77)
	at java.base/jdk.internal.reflect.DelegatingMethodAccessorImpl.invoke(DelegatingMethodAccessorImpl.java:43)
Caused by: org.openqa.selenium.ElementClickInterceptedException: element click intercepted: Element <button class="buttona39fa013709a4a8796d0020acc128338 ...a39fa013709a4a8796d0020acc128338">План</button> is not clickable at point (893, 512). Other element would receive the click: <div id="alertModalContainer88ed08ee570a46acafd2a12909231105" class="modalContainer88ed08ee570a46acafd2a12909231105" style="--m-background: hsla(0, 0%, 0%, .4); --background: linear-gradient(90deg, hsla(357, 73%, 47%, 1) 0%, hsla(358, 71%, 43%, 1) 21%, hsla(0, 69%, 39%, 1) 38%, hsla(0, 69%, 29%, 1) 68%, hsla(0, 69%, 24%, 1) 91%); display: flex;">...</div>
  (Session info: chrome=134.0.6998.118)
Build info: version: '3.141.59', revision: 'unknown', time: 'unknown'
System info: host: 'UVV-WS904-D', ip: '192.168.0.19', os.name: 'Windows 10', os.arch: 'amd64', os.version: '10.0', java.version: '17.0.7'
Driver info: com.kms.katalon.selenium.driver.CChromeDriver
Capabilities {acceptInsecureCerts: false, browserName: chrome, browserVersion: 134.0.6998.118, chrome: {chromedriverVersion: 133.0.6943.98 (da53563ceb66..., userDataDir: C:\Users\LIAZGI~1\AppData\L...}, fedcm:accounts: true, goog:chromeOptions: {debuggerAddress: localhost:63160}, javascriptEnabled: true, networkConnectionEnabled: false, pageLoadStrategy: normal, platform: WINDOWS, platformName: WINDOWS, proxy: Proxy(), setWindowRect: true, strictFileInteractability: false, timeouts: {implicit: 0, pageLoad: 300000, script: 30000}, unhandledPromptBehavior: dismiss and notify, webauthn:extension:credBlob: true, webauthn:extension:largeBlob: true, webauthn:extension:minPinLength: true, webauthn:extension:prf: true, webauthn:virtualAuthenticators: true}
Session ID: 060031d04eaf6a209da5bd422e68886a
	at jdk.internal.reflect.GeneratedConstructorAccessor109.newInstance(Unknown Source)
	at java.base/jdk.internal.reflect.DelegatingConstructorAccessorImpl.newInstance(DelegatingConstructorAccessorImpl.java:45)
	at org.openqa.selenium.remote.http.W3CHttpResponseCodec.createException(W3CHttpResponseCodec.java:187)
	at org.openqa.selenium.remote.http.W3CHttpResponseCodec.decode(W3CHttpResponseCodec.java:122)
	at org.openqa.selenium.remote.http.W3CHttpResponseCodec.decode(W3CHttpResponseCodec.java:49)
	at org.openqa.selenium.remote.HttpCommandExecutor.execute(HttpCommandExecutor.java:158)
	at org.openqa.selenium.remote.service.DriverCommandExecutor.execute(DriverCommandExecutor.java:83)
	at org.openqa.selenium.remote.RemoteWebDriver.execute(RemoteWebDriver.java:552)
	at com.kms.katalon.selenium.driver.CChromeDriver.execute(CChromeDriver.java:19)
	at org.openqa.selenium.remote.RemoteWebElement.execute(RemoteWebElement.java:285)
	at org.openqa.selenium.remote.RemoteWebElement.click(RemoteWebElement.java:84)
	at jdk.internal.reflect.GeneratedMethodAccessor15.invoke(Unknown Source)
	at java.base/jdk.internal.reflect.DelegatingMethodAccessorImpl.invoke(DelegatingMethodAccessorImpl.java:43)
	at org.openqa.selenium.support.events.EventFiringWebDriver$EventFiringWebElement.lambda$new$0(EventFiringWebDriver.java:404)
	at jdk.proxy2/jdk.proxy2.$Proxy24.click(Unknown Source)
	at org.openqa.selenium.support.events.EventFiringWebDriver$EventFiringWebElement.click(EventFiringWebDriver.java:417)
	at org.openqa.selenium.WebElement$click.call(Unknown Source)
	at com.kms.katalon.core.webui.keyword.builtin.ClickKeyword.clickUntilSuccessWithTimeout(ClickKeyword.groovy:81)
	at com.kms.katalon.core.webui.keyword.builtin.ClickKeyword.clickUntilSuccessWithTimeout(ClickKeyword.groovy)
	at jdk.internal.reflect.GeneratedMethodAccessor13.invoke(Unknown Source)
	at java.base/jdk.internal.reflect.DelegatingMethodAccessorImpl.invoke(DelegatingMethodAccessorImpl.java:43)
	at com.kms.katalon.core.webui.keyword.builtin.ClickKeyword$_click_closure1.doCall(ClickKeyword.groovy:67)
	at com.kms.katalon.core.webui.keyword.builtin.ClickKeyword$_click_closure1.call(ClickKeyword.groovy)
	at com.kms.katalon.core.webui.keyword.internal.WebUIKeywordMain.runKeyword(WebUIKeywordMain.groovy:20)
	at com.kms.katalon.core.webui.keyword.builtin.ClickKeyword.click(ClickKeyword.groovy:74)
	at com.kms.katalon.core.webui.keyword.builtin.ClickKeyword.execute(ClickKeyword.groovy:40)
	at com.kms.katalon.core.keyword.internal.KeywordExecutor.executeKeywordForPlatform(KeywordExecutor.groovy:74)
	at com.kms.katalon.core.webui.keyword.WebUiBuiltInKeywords.click(WebUiBuiltInKeywords.groovy:659)
	at Script1718980020443.Numbers(Script1718980020443.groovy:531)
	at Script1718980020443.Filials(Script1718980020443.groovy:1005)
	at Script1718980020443.Numbers(Script1718980020443.groovy:751)
	at Script1718980020443.run(Script1718980020443.groovy:231)
	... 15 more
)
[[ATTACHMENT|C:\\Users\\LIAZGINA-DI\\git\\SPORU\\Reports\\20250324_092921\\\u041F\u043D-\u0421\u0440-\u041F\u0442\\\u0421\u0432\u0435\u0440\u043A\u0430 \u0434\u0430\u0448\u0431\u043E\u0440\u0434\u043E\u0432 \u0438\u0437 \u0440\u0430\u0437\u043D\u044B\u0445 \u0431\u043B\u043E\u043A\u043E\u0432\\20250324_092921\\1742806742122.png]]

24-03-2025T11:59:02 - [TEST_STEP][PASSED] - typeOfDataMain = "План": null

24-03-2025T11:59:02 - [TEST_STEP][PASSED] - otpusk = findTestData("PlanFact").getValue(2, a): null

24-03-2025T11:59:02 - [TEST_STEP][PASSED] - poteri = findTestData("PlanFact").getValue(3, a): null

24-03-2025T11:59:02 - [TEST_STEP][PASSED] - otpusk = otpusk.replaceAll("\s+", ""): null

24-03-2025T11:59:02 - [TEST_STEP][PASSED] - poteri = poteri.replaceAll("\s+", ""): null

24-03-2025T11:59:02 - [TEST_STEP][PASSED] - typeOfData = typeOfDataMain + " Отпуск в сеть": null

24-03-2025T11:59:02 - [TEST_STEP][PASSED] - if (a == 82): null

24-03-2025T11:59:02 - [TEST_STEP][PASSED] - else if (a == 84): null

24-03-2025T11:59:02 - [TEST_STEP][PASSED] - else if (a == 83 || a == 52 || a == 72 || a == 28 || a == 73 || a == 77 || a == 74 || a == 65 || a == 36 || a == 44 || a == 53 || a == 80 || a == 54 || a == 1 || a == 18 || a == 59 || a == 81): null

24-03-2025T11:59:02 - [TEST_STEP][PASSED] - else: null

24-03-2025T11:59:02 - [TEST_STEP][PASSED] - path = dataFolder + typeOfData + " за отчётный период " + b: null

24-03-2025T11:59:02 - [TEST_STEP][PASSED] - println(path): null

24-03-2025T11:59:02 - [TEST_STEP][PASSED] - page = getText(findTestObject(path)): Text of object 'Object Repository/Выполнение бизнес-плана/Значения со страницы Выполнение бизнес-плана/План Отпуск в сеть за отчётный период Чувашэнерго' is: ''

24-03-2025T11:59:02 - [MESSAGE][PASSED] - Text of object 'Object Repository/Выполнение бизнес-плана/Значения со страницы Выполнение бизнес-плана/План Отпуск в сеть за отчётный период Чувашэнерго' is: ''

24-03-2025T11:59:02 - [TEST_STEP][PASSED] - if (page == "" || page == null): null

24-03-2025T11:59:02 - [TEST_STEP][PASSED] - fileInt = otpusk.toInteger(): null

24-03-2025T11:59:02 - [TEST_STEP][PASSED] - Script1718980020443.WriteToExcelNoData(a, typeOfData, todaysDate, fileInt, fileDouble, dZO): null

24-03-2025T11:59:02 - [TEST_STEP][PASSED] - sheetName = "Sheet1": null

24-03-2025T11:59:02 - [TEST_STEP][PASSED] - data = findTestData("PlanFact"): null

24-03-2025T11:59:02 - [TEST_STEP][PASSED] - n = data.getRowNumbers() + 1: null

24-03-2025T11:59:02 - [TEST_STEP][PASSED] - day = ")).toInteger(): null

24-03-2025T11:59:02 - [TEST_STEP][PASSED] - println(day): null

24-03-2025T11:59:02 - [TEST_STEP][PASSED] - month = ")).toInteger(): null

24-03-2025T11:59:02 - [TEST_STEP][PASSED] - println(month): null

24-03-2025T11:59:02 - [TEST_STEP][PASSED] - y = <not implemented yet for class: org.codehaus.groovy.ast.expr.EmptyExpression>: null

24-03-2025T11:59:02 - [TEST_STEP][PASSED] - iy = <not implemented yet for class: org.codehaus.groovy.ast.expr.EmptyExpression>: null

24-03-2025T11:59:02 - [TEST_STEP][PASSED] - m = getText(findTestObject("Выполнение бизнес-плана/Период")): Text of object 'Object Repository/Выполнение бизнес-плана/Период' is: 'Январь 2025 года'

24-03-2025T11:59:03 - [MESSAGE][PASSED] - Text of object 'Object Repository/Выполнение бизнес-плана/Период' is: 'Январь 2025 года'

24-03-2025T11:59:03 - [TEST_STEP][PASSED] - iy = m.indexOf("20"): null

24-03-2025T11:59:03 - [TEST_STEP][PASSED] - if (iy > -1): null

24-03-2025T11:59:03 - [TEST_STEP][PASSED] - y = substring(iy, iy + 4).toInteger(): null

24-03-2025T11:59:03 - [TEST_STEP][PASSED] - println(y): null

24-03-2025T11:59:03 - [TEST_STEP][PASSED] - if (toString().length() == 4): null

24-03-2025T11:59:03 - [TEST_STEP][PASSED] - m = m.substring(0, m.indexOf(y.toString())): null

24-03-2025T11:59:03 - [TEST_STEP][PASSED] - m = m.trim(): null

24-03-2025T11:59:03 - [TEST_STEP][PASSED] - if (m == ""): null

24-03-2025T11:59:03 - [TEST_STEP][PASSED] - dashboardName = "Выполнение бизнес-плана": null

24-03-2025T11:59:03 - [TEST_STEP][PASSED] - workbook01 = getWorkbook(excelFilePath): null

24-03-2025T11:59:03 - [TEST_STEP][PASSED] - sheet01 = getExcelSheet(workbook01, sheetName): null

24-03-2025T11:59:03 - [TEST_STEP][PASSED] - setValueToCellByIndex(sheet01, n, 0, dashboardName): null

24-03-2025T11:59:03 - [TEST_STEP][PASSED] - setValueToCellByIndex(sheet01, n, 1, dZO): null

24-03-2025T11:59:03 - [TEST_STEP][PASSED] - setValueToCellByIndex(sheet01, n, 2, typeOfData): null

24-03-2025T11:59:03 - [TEST_STEP][PASSED] - if (typeOfData == "Факт в процентах" || typeOfData == "План в процентах"): null

24-03-2025T11:59:03 - [TEST_STEP][PASSED] - else: null

24-03-2025T11:59:03 - [TEST_STEP][PASSED] - setValueToCellByIndex(sheet01, n, 3, fileInt): null

24-03-2025T11:59:03 - [TEST_STEP][PASSED] - setValueToCellByIndex(sheet01, n, 4, "нет данных"): null

24-03-2025T11:59:03 - [TEST_STEP][PASSED] - setValueToCellByIndex(sheet01, n, 5, m): null

24-03-2025T11:59:03 - [TEST_STEP][PASSED] - setValueToCellByIndex(sheet01, n, 6, y): null

24-03-2025T11:59:03 - [TEST_STEP][PASSED] - setValueToCellByIndex(sheet01, n, 7, todaysDate): null

24-03-2025T11:59:03 - [TEST_STEP][PASSED] - n = n + 1: null

24-03-2025T11:59:03 - [TEST_STEP][PASSED] - saveWorkbook(excelFilePath, workbook01): null

24-03-2025T11:59:03 - [TEST_STEP][PASSED] - typeOfData = typeOfDataMain + " Потери": null

24-03-2025T11:59:03 - [TEST_STEP][PASSED] - if (a == 82): null

24-03-2025T11:59:03 - [TEST_STEP][PASSED] - else if (a == 84): null

24-03-2025T11:59:03 - [TEST_STEP][PASSED] - else if (a == 83 || a == 52 || a == 72 || a == 28 || a == 73 || a == 77 || a == 74 || a == 65 || a == 44 || a == 53 || a == 80 || a == 54 || a == 1 || a == 18 || a == 59 || a == 81): null

24-03-2025T11:59:03 - [TEST_STEP][PASSED] - else: null

24-03-2025T11:59:03 - [TEST_STEP][PASSED] - path = dataFolder + typeOfData + " за отчётный период " + b: null

24-03-2025T11:59:03 - [TEST_STEP][PASSED] - page = getText(findTestObject(path)): Text of object 'Object Repository/Выполнение бизнес-плана/Значения со страницы Выполнение бизнес-плана/План Потери за отчётный период Чувашэнерго' is: ''

24-03-2025T11:59:03 - [MESSAGE][PASSED] - Text of object 'Object Repository/Выполнение бизнес-плана/Значения со страницы Выполнение бизнес-плана/План Потери за отчётный период Чувашэнерго' is: ''

24-03-2025T11:59:03 - [TEST_STEP][PASSED] - if (page == "" || page == null): null

24-03-2025T11:59:03 - [TEST_STEP][PASSED] - fileInt = poteri.toInteger(): null

24-03-2025T11:59:03 - [TEST_STEP][PASSED] - Script1718980020443.WriteToExcelNoData(a, typeOfData, todaysDate, fileInt, fileDouble, dZO): null

24-03-2025T11:59:03 - [TEST_STEP][PASSED] - sheetName = "Sheet1": null

24-03-2025T11:59:03 - [TEST_STEP][PASSED] - data = findTestData("PlanFact"): null

24-03-2025T11:59:03 - [TEST_STEP][PASSED] - n = data.getRowNumbers() + 1: null

24-03-2025T11:59:03 - [TEST_STEP][PASSED] - day = ")).toInteger(): null

24-03-2025T11:59:03 - [TEST_STEP][PASSED] - println(day): null

24-03-2025T11:59:03 - [TEST_STEP][PASSED] - month = ")).toInteger(): null

24-03-2025T11:59:03 - [TEST_STEP][PASSED] - println(month): null

24-03-2025T11:59:03 - [TEST_STEP][PASSED] - y = <not implemented yet for class: org.codehaus.groovy.ast.expr.EmptyExpression>: null

24-03-2025T11:59:03 - [TEST_STEP][PASSED] - iy = <not implemented yet for class: org.codehaus.groovy.ast.expr.EmptyExpression>: null

24-03-2025T11:59:03 - [TEST_STEP][PASSED] - m = getText(findTestObject("Выполнение бизнес-плана/Период")): Text of object 'Object Repository/Выполнение бизнес-плана/Период' is: 'Январь 2025 года'

24-03-2025T11:59:03 - [MESSAGE][PASSED] - Text of object 'Object Repository/Выполнение бизнес-плана/Период' is: 'Январь 2025 года'

24-03-2025T11:59:03 - [TEST_STEP][PASSED] - iy = m.indexOf("20"): null

24-03-2025T11:59:03 - [TEST_STEP][PASSED] - if (iy > -1): null

24-03-2025T11:59:03 - [TEST_STEP][PASSED] - y = substring(iy, iy + 4).toInteger(): null

24-03-2025T11:59:03 - [TEST_STEP][PASSED] - println(y): null

24-03-2025T11:59:03 - [TEST_STEP][PASSED] - if (toString().length() == 4): null

24-03-2025T11:59:03 - [TEST_STEP][PASSED] - m = m.substring(0, m.indexOf(y.toString())): null

24-03-2025T11:59:03 - [TEST_STEP][PASSED] - m = m.trim(): null

24-03-2025T11:59:03 - [TEST_STEP][PASSED] - if (m == ""): null

24-03-2025T11:59:03 - [TEST_STEP][PASSED] - dashboardName = "Выполнение бизнес-плана": null

24-03-2025T11:59:03 - [TEST_STEP][PASSED] - workbook01 = getWorkbook(excelFilePath): null

24-03-2025T11:59:04 - [TEST_STEP][PASSED] - sheet01 = getExcelSheet(workbook01, sheetName): null

24-03-2025T11:59:04 - [TEST_STEP][PASSED] - setValueToCellByIndex(sheet01, n, 0, dashboardName): null

24-03-2025T11:59:04 - [TEST_STEP][PASSED] - setValueToCellByIndex(sheet01, n, 1, dZO): null

24-03-2025T11:59:04 - [TEST_STEP][PASSED] - setValueToCellByIndex(sheet01, n, 2, typeOfData): null

24-03-2025T11:59:04 - [TEST_STEP][PASSED] - if (typeOfData == "Факт в процентах" || typeOfData == "План в процентах"): null

24-03-2025T11:59:04 - [TEST_STEP][PASSED] - else: null

24-03-2025T11:59:04 - [TEST_STEP][PASSED] - setValueToCellByIndex(sheet01, n, 3, fileInt): null

24-03-2025T11:59:04 - [TEST_STEP][PASSED] - setValueToCellByIndex(sheet01, n, 4, "нет данных"): null

24-03-2025T11:59:04 - [TEST_STEP][PASSED] - setValueToCellByIndex(sheet01, n, 5, m): null

24-03-2025T11:59:04 - [TEST_STEP][PASSED] - setValueToCellByIndex(sheet01, n, 6, y): null

24-03-2025T11:59:04 - [TEST_STEP][PASSED] - setValueToCellByIndex(sheet01, n, 7, todaysDate): null

24-03-2025T11:59:04 - [TEST_STEP][PASSED] - n = n + 1: null

24-03-2025T11:59:04 - [TEST_STEP][FAILED] - saveWorkbook(excelFilePath, workbook01): Unable to click on object 'Object Repository/Выполнение бизнес-плана/Кнопка Факт' (Root cause: com.kms.katalon.core.exception.StepFailedException: Unable to click on object 'Object Repository/Выполнение бизнес-плана/Кнопка Факт'
	at com.kms.katalon.core.webui.keyword.internal.WebUIKeywordMain.stepFailed(WebUIKeywordMain.groovy:64)
	at com.kms.katalon.core.webui.keyword.internal.WebUIKeywordMain.runKeyword(WebUIKeywordMain.groovy:26)
	at com.kms.katalon.core.webui.keyword.builtin.ClickKeyword.click(ClickKeyword.groovy:74)
	at com.kms.katalon.core.webui.keyword.builtin.ClickKeyword.execute(ClickKeyword.groovy:40)
	at com.kms.katalon.core.keyword.internal.KeywordExecutor.executeKeywordForPlatform(KeywordExecutor.groovy:74)
	at com.kms.katalon.core.webui.keyword.WebUiBuiltInKeywords.click(WebUiBuiltInKeywords.groovy:659)
	at Выполнение бизнес-плана Сверка ПАО Россети все филиалы.Numbers(Выполнение бизнес-плана Сверка ПАО Россети все филиалы:660)
	at Выполнение бизнес-плана Сверка ПАО Россети все филиалы.Filials(Выполнение бизнес-плана Сверка ПАО Россети все филиалы:1005)
	at Выполнение бизнес-плана Сверка ПАО Россети все филиалы.Numbers(Выполнение бизнес-плана Сверка ПАО Россети все филиалы:751)
	at Выполнение бизнес-плана Сверка ПАО Россети все филиалы.run(Выполнение бизнес-плана Сверка ПАО Россети все филиалы:231)
	at com.kms.katalon.core.main.ScriptEngine.run(ScriptEngine.java:194)
	at com.kms.katalon.core.main.ScriptEngine.runScriptAsRawText(ScriptEngine.java:119)
	at com.kms.katalon.core.main.TestCaseExecutor.runScript(TestCaseExecutor.java:448)
	at com.kms.katalon.core.main.TestCaseExecutor.doExecute(TestCaseExecutor.java:439)
	at com.kms.katalon.core.main.TestCaseExecutor.processExecutionPhase(TestCaseExecutor.java:418)
	at com.kms.katalon.core.main.TestCaseExecutor.accessMainPhase(TestCaseExecutor.java:410)
	at com.kms.katalon.core.main.TestCaseExecutor.execute(TestCaseExecutor.java:285)
	at com.kms.katalon.core.common.CommonExecutor.accessTestCaseMainPhase(CommonExecutor.java:65)
	at com.kms.katalon.core.main.TestSuiteExecutor.accessTestSuiteMainPhase(TestSuiteExecutor.java:150)
	at com.kms.katalon.core.main.TestSuiteExecutor.execute(TestSuiteExecutor.java:106)
	at com.kms.katalon.core.main.TestCaseMain.startTestSuite(TestCaseMain.java:180)
	at TempTestSuite1742797761676.run(TempTestSuite1742797761676.groovy:35)
	at java.base/jdk.internal.reflect.NativeMethodAccessorImpl.invoke0(Native Method)
	at java.base/jdk.internal.reflect.NativeMethodAccessorImpl.invoke(NativeMethodAccessorImpl.java:77)
	at java.base/jdk.internal.reflect.DelegatingMethodAccessorImpl.invoke(DelegatingMethodAccessorImpl.java:43)
Caused by: org.openqa.selenium.ElementClickInterceptedException: element click intercepted: Element <button class="buttona39fa013709a4a8796d0020acc128338 ...a39fa013709a4a8796d0020acc128338 presseda39fa013709a4a8796d0020acc128338">Факт</button> is not clickable at point (842, 512). Other element would receive the click: <div id="alertModalContainer88ed08ee570a46acafd2a12909231105" class="modalContainer88ed08ee570a46acafd2a12909231105" style="--m-background: hsla(0, 0%, 0%, .4); --background: linear-gradient(90deg, hsla(357, 73%, 47%, 1) 0%, hsla(358, 71%, 43%, 1) 21%, hsla(0, 69%, 39%, 1) 38%, hsla(0, 69%, 29%, 1) 68%, hsla(0, 69%, 24%, 1) 91%); display: flex;">...</div>
  (Session info: chrome=134.0.6998.118)
Build info: version: '3.141.59', revision: 'unknown', time: 'unknown'
System info: host: 'UVV-WS904-D', ip: '192.168.0.19', os.name: 'Windows 10', os.arch: 'amd64', os.version: '10.0', java.version: '17.0.7'
Driver info: com.kms.katalon.selenium.driver.CChromeDriver
Capabilities {acceptInsecureCerts: false, browserName: chrome, browserVersion: 134.0.6998.118, chrome: {chromedriverVersion: 133.0.6943.98 (da53563ceb66..., userDataDir: C:\Users\LIAZGI~1\AppData\L...}, fedcm:accounts: true, goog:chromeOptions: {debuggerAddress: localhost:63160}, javascriptEnabled: true, networkConnectionEnabled: false, pageLoadStrategy: normal, platform: WINDOWS, platformName: WINDOWS, proxy: Proxy(), setWindowRect: true, strictFileInteractability: false, timeouts: {implicit: 0, pageLoad: 300000, script: 30000}, unhandledPromptBehavior: dismiss and notify, webauthn:extension:credBlob: true, webauthn:extension:largeBlob: true, webauthn:extension:minPinLength: true, webauthn:extension:prf: true, webauthn:virtualAuthenticators: true}
Session ID: 060031d04eaf6a209da5bd422e68886a
	at jdk.internal.reflect.GeneratedConstructorAccessor109.newInstance(Unknown Source)
	at java.base/jdk.internal.reflect.DelegatingConstructorAccessorImpl.newInstance(DelegatingConstructorAccessorImpl.java:45)
	at org.openqa.selenium.remote.http.W3CHttpResponseCodec.createException(W3CHttpResponseCodec.java:187)
	at org.openqa.selenium.remote.http.W3CHttpResponseCodec.decode(W3CHttpResponseCodec.java:122)
	at org.openqa.selenium.remote.http.W3CHttpResponseCodec.decode(W3CHttpResponseCodec.java:49)
	at org.openqa.selenium.remote.HttpCommandExecutor.execute(HttpCommandExecutor.java:158)
	at org.openqa.selenium.remote.service.DriverCommandExecutor.execute(DriverCommandExecutor.java:83)
	at org.openqa.selenium.remote.RemoteWebDriver.execute(RemoteWebDriver.java:552)
	at com.kms.katalon.selenium.driver.CChromeDriver.execute(CChromeDriver.java:19)
	at org.openqa.selenium.remote.RemoteWebElement.execute(RemoteWebElement.java:285)
	at org.openqa.selenium.remote.RemoteWebElement.click(RemoteWebElement.java:84)
	at jdk.internal.reflect.GeneratedMethodAccessor15.invoke(Unknown Source)
	at java.base/jdk.internal.reflect.DelegatingMethodAccessorImpl.invoke(DelegatingMethodAccessorImpl.java:43)
	at org.openqa.selenium.support.events.EventFiringWebDriver$EventFiringWebElement.lambda$new$0(EventFiringWebDriver.java:404)
	at jdk.proxy2/jdk.proxy2.$Proxy24.click(Unknown Source)
	at org.openqa.selenium.support.events.EventFiringWebDriver$EventFiringWebElement.click(EventFiringWebDriver.java:417)
	at org.openqa.selenium.WebElement$click.call(Unknown Source)
	at com.kms.katalon.core.webui.keyword.builtin.ClickKeyword.clickUntilSuccessWithTimeout(ClickKeyword.groovy:81)
	at com.kms.katalon.core.webui.keyword.builtin.ClickKeyword.clickUntilSuccessWithTimeout(ClickKeyword.groovy)
	at jdk.internal.reflect.GeneratedMethodAccessor13.invoke(Unknown Source)
	at java.base/jdk.internal.reflect.DelegatingMethodAccessorImpl.invoke(DelegatingMethodAccessorImpl.java:43)
	at com.kms.katalon.core.webui.keyword.builtin.ClickKeyword$_click_closure1.doCall(ClickKeyword.groovy:67)
	at com.kms.katalon.core.webui.keyword.builtin.ClickKeyword$_click_closure1.call(ClickKeyword.groovy)
	at com.kms.katalon.core.webui.keyword.internal.WebUIKeywordMain.runKeyword(WebUIKeywordMain.groovy:20)
	at com.kms.katalon.core.webui.keyword.builtin.ClickKeyword.click(ClickKeyword.groovy:74)
	at com.kms.katalon.core.webui.keyword.builtin.ClickKeyword.execute(ClickKeyword.groovy:40)
	at com.kms.katalon.core.keyword.internal.KeywordExecutor.executeKeywordForPlatform(KeywordExecutor.groovy:74)
	at com.kms.katalon.core.webui.keyword.WebUiBuiltInKeywords.click(WebUiBuiltInKeywords.groovy:659)
	at Script1718980020443.Numbers(Script1718980020443.groovy:660)
	at Script1718980020443.Filials(Script1718980020443.groovy:1005)
	at Script1718980020443.Numbers(Script1718980020443.groovy:751)
	at Script1718980020443.run(Script1718980020443.groovy:231)
	... 15 more
)

24-03-2025T11:59:04 - [TEST_STEP][PASSED] - compare = pageOtpuskVSet: null

24-03-2025T11:59:04 - [TEST_STEP][PASSED] - if (pageOtpuskVSet != null): null

24-03-2025T11:59:04 - [TEST_STEP][PASSED] - if (compare == fileOtpuskVSet): null

24-03-2025T11:59:04 - [TEST_STEP][PASSED] - if (compare == fileOtpuskVSet): null

24-03-2025T11:59:04 - [TEST_STEP][PASSED] - compare = pagePoteri: null

24-03-2025T11:59:04 - [TEST_STEP][PASSED] - if (pageOtpuskVSet != null): null

24-03-2025T11:59:04 - [TEST_STEP][PASSED] - if (compare == filePoteri): null

24-03-2025T11:59:04 - [TEST_STEP][PASSED] - if (compare == filePoteri): null

24-03-2025T11:59:04 - [TEST_STEP][FAILED] - if (planFact == 2): Unable to click on object 'Object Repository/Выполнение бизнес-плана/Кнопка Факт' (Root cause: com.kms.katalon.core.exception.StepFailedException: Unable to click on object 'Object Repository/Выполнение бизнес-плана/Кнопка Факт'
	at com.kms.katalon.core.webui.keyword.internal.WebUIKeywordMain.stepFailed(WebUIKeywordMain.groovy:64)
	at com.kms.katalon.core.webui.keyword.internal.WebUIKeywordMain.runKeyword(WebUIKeywordMain.groovy:26)
	at com.kms.katalon.core.webui.keyword.builtin.ClickKeyword.click(ClickKeyword.groovy:74)
	at com.kms.katalon.core.webui.keyword.builtin.ClickKeyword.execute(ClickKeyword.groovy:40)
	at com.kms.katalon.core.keyword.internal.KeywordExecutor.executeKeywordForPlatform(KeywordExecutor.groovy:74)
	at com.kms.katalon.core.webui.keyword.WebUiBuiltInKeywords.click(WebUiBuiltInKeywords.groovy:659)
	at Выполнение бизнес-плана Сверка ПАО Россети все филиалы.Numbers(Выполнение бизнес-плана Сверка ПАО Россети все филиалы:660)
	at Выполнение бизнес-плана Сверка ПАО Россети все филиалы.Filials(Выполнение бизнес-плана Сверка ПАО Россети все филиалы:1005)
	at Выполнение бизнес-плана Сверка ПАО Россети все филиалы.Numbers(Выполнение бизнес-плана Сверка ПАО Россети все филиалы:751)
	at Выполнение бизнес-плана Сверка ПАО Россети все филиалы.run(Выполнение бизнес-плана Сверка ПАО Россети все филиалы:231)
	at com.kms.katalon.core.main.ScriptEngine.run(ScriptEngine.java:194)
	at com.kms.katalon.core.main.ScriptEngine.runScriptAsRawText(ScriptEngine.java:119)
	at com.kms.katalon.core.main.TestCaseExecutor.runScript(TestCaseExecutor.java:448)
	at com.kms.katalon.core.main.TestCaseExecutor.doExecute(TestCaseExecutor.java:439)
	at com.kms.katalon.core.main.TestCaseExecutor.processExecutionPhase(TestCaseExecutor.java:418)
	at com.kms.katalon.core.main.TestCaseExecutor.accessMainPhase(TestCaseExecutor.java:410)
	at com.kms.katalon.core.main.TestCaseExecutor.execute(TestCaseExecutor.java:285)
	at com.kms.katalon.core.common.CommonExecutor.accessTestCaseMainPhase(CommonExecutor.java:65)
	at com.kms.katalon.core.main.TestSuiteExecutor.accessTestSuiteMainPhase(TestSuiteExecutor.java:150)
	at com.kms.katalon.core.main.TestSuiteExecutor.execute(TestSuiteExecutor.java:106)
	at com.kms.katalon.core.main.TestCaseMain.startTestSuite(TestCaseMain.java:180)
	at TempTestSuite1742797761676.run(TempTestSuite1742797761676.groovy:35)
	at java.base/jdk.internal.reflect.NativeMethodAccessorImpl.invoke0(Native Method)
	at java.base/jdk.internal.reflect.NativeMethodAccessorImpl.invoke(NativeMethodAccessorImpl.java:77)
	at java.base/jdk.internal.reflect.DelegatingMethodAccessorImpl.invoke(DelegatingMethodAccessorImpl.java:43)
Caused by: org.openqa.selenium.ElementClickInterceptedException: element click intercepted: Element <button class="buttona39fa013709a4a8796d0020acc128338 ...a39fa013709a4a8796d0020acc128338 presseda39fa013709a4a8796d0020acc128338">Факт</button> is not clickable at point (842, 512). Other element would receive the click: <div id="alertModalContainer88ed08ee570a46acafd2a12909231105" class="modalContainer88ed08ee570a46acafd2a12909231105" style="--m-background: hsla(0, 0%, 0%, .4); --background: linear-gradient(90deg, hsla(357, 73%, 47%, 1) 0%, hsla(358, 71%, 43%, 1) 21%, hsla(0, 69%, 39%, 1) 38%, hsla(0, 69%, 29%, 1) 68%, hsla(0, 69%, 24%, 1) 91%); display: flex;">...</div>
  (Session info: chrome=134.0.6998.118)
Build info: version: '3.141.59', revision: 'unknown', time: 'unknown'
System info: host: 'UVV-WS904-D', ip: '192.168.0.19', os.name: 'Windows 10', os.arch: 'amd64', os.version: '10.0', java.version: '17.0.7'
Driver info: com.kms.katalon.selenium.driver.CChromeDriver
Capabilities {acceptInsecureCerts: false, browserName: chrome, browserVersion: 134.0.6998.118, chrome: {chromedriverVersion: 133.0.6943.98 (da53563ceb66..., userDataDir: C:\Users\LIAZGI~1\AppData\L...}, fedcm:accounts: true, goog:chromeOptions: {debuggerAddress: localhost:63160}, javascriptEnabled: true, networkConnectionEnabled: false, pageLoadStrategy: normal, platform: WINDOWS, platformName: WINDOWS, proxy: Proxy(), setWindowRect: true, strictFileInteractability: false, timeouts: {implicit: 0, pageLoad: 300000, script: 30000}, unhandledPromptBehavior: dismiss and notify, webauthn:extension:credBlob: true, webauthn:extension:largeBlob: true, webauthn:extension:minPinLength: true, webauthn:extension:prf: true, webauthn:virtualAuthenticators: true}
Session ID: 060031d04eaf6a209da5bd422e68886a
	at jdk.internal.reflect.GeneratedConstructorAccessor109.newInstance(Unknown Source)
	at java.base/jdk.internal.reflect.DelegatingConstructorAccessorImpl.newInstance(DelegatingConstructorAccessorImpl.java:45)
	at org.openqa.selenium.remote.http.W3CHttpResponseCodec.createException(W3CHttpResponseCodec.java:187)
	at org.openqa.selenium.remote.http.W3CHttpResponseCodec.decode(W3CHttpResponseCodec.java:122)
	at org.openqa.selenium.remote.http.W3CHttpResponseCodec.decode(W3CHttpResponseCodec.java:49)
	at org.openqa.selenium.remote.HttpCommandExecutor.execute(HttpCommandExecutor.java:158)
	at org.openqa.selenium.remote.service.DriverCommandExecutor.execute(DriverCommandExecutor.java:83)
	at org.openqa.selenium.remote.RemoteWebDriver.execute(RemoteWebDriver.java:552)
	at com.kms.katalon.selenium.driver.CChromeDriver.execute(CChromeDriver.java:19)
	at org.openqa.selenium.remote.RemoteWebElement.execute(RemoteWebElement.java:285)
	at org.openqa.selenium.remote.RemoteWebElement.click(RemoteWebElement.java:84)
	at jdk.internal.reflect.GeneratedMethodAccessor15.invoke(Unknown Source)
	at java.base/jdk.internal.reflect.DelegatingMethodAccessorImpl.invoke(DelegatingMethodAccessorImpl.java:43)
	at org.openqa.selenium.support.events.EventFiringWebDriver$EventFiringWebElement.lambda$new$0(EventFiringWebDriver.java:404)
	at jdk.proxy2/jdk.proxy2.$Proxy24.click(Unknown Source)
	at org.openqa.selenium.support.events.EventFiringWebDriver$EventFiringWebElement.click(EventFiringWebDriver.java:417)
	at org.openqa.selenium.WebElement$click.call(Unknown Source)
	at com.kms.katalon.core.webui.keyword.builtin.ClickKeyword.clickUntilSuccessWithTimeout(ClickKeyword.groovy:81)
	at com.kms.katalon.core.webui.keyword.builtin.ClickKeyword.clickUntilSuccessWithTimeout(ClickKeyword.groovy)
	at jdk.internal.reflect.GeneratedMethodAccessor13.invoke(Unknown Source)
	at java.base/jdk.internal.reflect.DelegatingMethodAccessorImpl.invoke(DelegatingMethodAccessorImpl.java:43)
	at com.kms.katalon.core.webui.keyword.builtin.ClickKeyword$_click_closure1.doCall(ClickKeyword.groovy:67)
	at com.kms.katalon.core.webui.keyword.builtin.ClickKeyword$_click_closure1.call(ClickKeyword.groovy)
	at com.kms.katalon.core.webui.keyword.internal.WebUIKeywordMain.runKeyword(WebUIKeywordMain.groovy:20)
	at com.kms.katalon.core.webui.keyword.builtin.ClickKeyword.click(ClickKeyword.groovy:74)
	at com.kms.katalon.core.webui.keyword.builtin.ClickKeyword.execute(ClickKeyword.groovy:40)
	at com.kms.katalon.core.keyword.internal.KeywordExecutor.executeKeywordForPlatform(KeywordExecutor.groovy:74)
	at com.kms.katalon.core.webui.keyword.WebUiBuiltInKeywords.click(WebUiBuiltInKeywords.groovy:659)
	at Script1718980020443.Numbers(Script1718980020443.groovy:660)
	at Script1718980020443.Filials(Script1718980020443.groovy:1005)
	at Script1718980020443.Numbers(Script1718980020443.groovy:751)
	at Script1718980020443.run(Script1718980020443.groovy:231)
	... 15 more
)

24-03-2025T11:59:04 - [TEST_STEP][FAILED] - click(findTestObject("Выполнение бизнес-плана/Кнопка Факт")): Unable to click on object 'Object Repository/Выполнение бизнес-плана/Кнопка Факт' (Root cause: com.kms.katalon.core.exception.StepFailedException: Unable to click on object 'Object Repository/Выполнение бизнес-плана/Кнопка Факт'
	at com.kms.katalon.core.webui.keyword.internal.WebUIKeywordMain.stepFailed(WebUIKeywordMain.groovy:64)
	at com.kms.katalon.core.webui.keyword.internal.WebUIKeywordMain.runKeyword(WebUIKeywordMain.groovy:26)
	at com.kms.katalon.core.webui.keyword.builtin.ClickKeyword.click(ClickKeyword.groovy:74)
	at com.kms.katalon.core.webui.keyword.builtin.ClickKeyword.execute(ClickKeyword.groovy:40)
	at com.kms.katalon.core.keyword.internal.KeywordExecutor.executeKeywordForPlatform(KeywordExecutor.groovy:74)
	at com.kms.katalon.core.webui.keyword.WebUiBuiltInKeywords.click(WebUiBuiltInKeywords.groovy:659)
	at Выполнение бизнес-плана Сверка ПАО Россети все филиалы.Numbers(Выполнение бизнес-плана Сверка ПАО Россети все филиалы:660)
	at Выполнение бизнес-плана Сверка ПАО Россети все филиалы.Filials(Выполнение бизнес-плана Сверка ПАО Россети все филиалы:1005)
	at Выполнение бизнес-плана Сверка ПАО Россети все филиалы.Numbers(Выполнение бизнес-плана Сверка ПАО Россети все филиалы:751)
	at Выполнение бизнес-плана Сверка ПАО Россети все филиалы.run(Выполнение бизнес-плана Сверка ПАО Россети все филиалы:231)
	at com.kms.katalon.core.main.ScriptEngine.run(ScriptEngine.java:194)
	at com.kms.katalon.core.main.ScriptEngine.runScriptAsRawText(ScriptEngine.java:119)
	at com.kms.katalon.core.main.TestCaseExecutor.runScript(TestCaseExecutor.java:448)
	at com.kms.katalon.core.main.TestCaseExecutor.doExecute(TestCaseExecutor.java:439)
	at com.kms.katalon.core.main.TestCaseExecutor.processExecutionPhase(TestCaseExecutor.java:418)
	at com.kms.katalon.core.main.TestCaseExecutor.accessMainPhase(TestCaseExecutor.java:410)
	at com.kms.katalon.core.main.TestCaseExecutor.execute(TestCaseExecutor.java:285)
	at com.kms.katalon.core.common.CommonExecutor.accessTestCaseMainPhase(CommonExecutor.java:65)
	at com.kms.katalon.core.main.TestSuiteExecutor.accessTestSuiteMainPhase(TestSuiteExecutor.java:150)
	at com.kms.katalon.core.main.TestSuiteExecutor.execute(TestSuiteExecutor.java:106)
	at com.kms.katalon.core.main.TestCaseMain.startTestSuite(TestCaseMain.java:180)
	at TempTestSuite1742797761676.run(TempTestSuite1742797761676.groovy:35)
	at java.base/jdk.internal.reflect.NativeMethodAccessorImpl.invoke0(Native Method)
	at java.base/jdk.internal.reflect.NativeMethodAccessorImpl.invoke(NativeMethodAccessorImpl.java:77)
	at java.base/jdk.internal.reflect.DelegatingMethodAccessorImpl.invoke(DelegatingMethodAccessorImpl.java:43)
Caused by: org.openqa.selenium.ElementClickInterceptedException: element click intercepted: Element <button class="buttona39fa013709a4a8796d0020acc128338 ...a39fa013709a4a8796d0020acc128338 presseda39fa013709a4a8796d0020acc128338">Факт</button> is not clickable at point (842, 512). Other element would receive the click: <div id="alertModalContainer88ed08ee570a46acafd2a12909231105" class="modalContainer88ed08ee570a46acafd2a12909231105" style="--m-background: hsla(0, 0%, 0%, .4); --background: linear-gradient(90deg, hsla(357, 73%, 47%, 1) 0%, hsla(358, 71%, 43%, 1) 21%, hsla(0, 69%, 39%, 1) 38%, hsla(0, 69%, 29%, 1) 68%, hsla(0, 69%, 24%, 1) 91%); display: flex;">...</div>
  (Session info: chrome=134.0.6998.118)
Build info: version: '3.141.59', revision: 'unknown', time: 'unknown'
System info: host: 'UVV-WS904-D', ip: '192.168.0.19', os.name: 'Windows 10', os.arch: 'amd64', os.version: '10.0', java.version: '17.0.7'
Driver info: com.kms.katalon.selenium.driver.CChromeDriver
Capabilities {acceptInsecureCerts: false, browserName: chrome, browserVersion: 134.0.6998.118, chrome: {chromedriverVersion: 133.0.6943.98 (da53563ceb66..., userDataDir: C:\Users\LIAZGI~1\AppData\L...}, fedcm:accounts: true, goog:chromeOptions: {debuggerAddress: localhost:63160}, javascriptEnabled: true, networkConnectionEnabled: false, pageLoadStrategy: normal, platform: WINDOWS, platformName: WINDOWS, proxy: Proxy(), setWindowRect: true, strictFileInteractability: false, timeouts: {implicit: 0, pageLoad: 300000, script: 30000}, unhandledPromptBehavior: dismiss and notify, webauthn:extension:credBlob: true, webauthn:extension:largeBlob: true, webauthn:extension:minPinLength: true, webauthn:extension:prf: true, webauthn:virtualAuthenticators: true}
Session ID: 060031d04eaf6a209da5bd422e68886a
	at jdk.internal.reflect.GeneratedConstructorAccessor109.newInstance(Unknown Source)
	at java.base/jdk.internal.reflect.DelegatingConstructorAccessorImpl.newInstance(DelegatingConstructorAccessorImpl.java:45)
	at org.openqa.selenium.remote.http.W3CHttpResponseCodec.createException(W3CHttpResponseCodec.java:187)
	at org.openqa.selenium.remote.http.W3CHttpResponseCodec.decode(W3CHttpResponseCodec.java:122)
	at org.openqa.selenium.remote.http.W3CHttpResponseCodec.decode(W3CHttpResponseCodec.java:49)
	at org.openqa.selenium.remote.HttpCommandExecutor.execute(HttpCommandExecutor.java:158)
	at org.openqa.selenium.remote.service.DriverCommandExecutor.execute(DriverCommandExecutor.java:83)
	at org.openqa.selenium.remote.RemoteWebDriver.execute(RemoteWebDriver.java:552)
	at com.kms.katalon.selenium.driver.CChromeDriver.execute(CChromeDriver.java:19)
	at org.openqa.selenium.remote.RemoteWebElement.execute(RemoteWebElement.java:285)
	at org.openqa.selenium.remote.RemoteWebElement.click(RemoteWebElement.java:84)
	at jdk.internal.reflect.GeneratedMethodAccessor15.invoke(Unknown Source)
	at java.base/jdk.internal.reflect.DelegatingMethodAccessorImpl.invoke(DelegatingMethodAccessorImpl.java:43)
	at org.openqa.selenium.support.events.EventFiringWebDriver$EventFiringWebElement.lambda$new$0(EventFiringWebDriver.java:404)
	at jdk.proxy2/jdk.proxy2.$Proxy24.click(Unknown Source)
	at org.openqa.selenium.support.events.EventFiringWebDriver$EventFiringWebElement.click(EventFiringWebDriver.java:417)
	at org.openqa.selenium.WebElement$click.call(Unknown Source)
	at com.kms.katalon.core.webui.keyword.builtin.ClickKeyword.clickUntilSuccessWithTimeout(ClickKeyword.groovy:81)
	at com.kms.katalon.core.webui.keyword.builtin.ClickKeyword.clickUntilSuccessWithTimeout(ClickKeyword.groovy)
	at jdk.internal.reflect.GeneratedMethodAccessor13.invoke(Unknown Source)
	at java.base/jdk.internal.reflect.DelegatingMethodAccessorImpl.invoke(DelegatingMethodAccessorImpl.java:43)
	at com.kms.katalon.core.webui.keyword.builtin.ClickKeyword$_click_closure1.doCall(ClickKeyword.groovy:67)
	at com.kms.katalon.core.webui.keyword.builtin.ClickKeyword$_click_closure1.call(ClickKeyword.groovy)
	at com.kms.katalon.core.webui.keyword.internal.WebUIKeywordMain.runKeyword(WebUIKeywordMain.groovy:20)
	at com.kms.katalon.core.webui.keyword.builtin.ClickKeyword.click(ClickKeyword.groovy:74)
	at com.kms.katalon.core.webui.keyword.builtin.ClickKeyword.execute(ClickKeyword.groovy:40)
	at com.kms.katalon.core.keyword.internal.KeywordExecutor.executeKeywordForPlatform(KeywordExecutor.groovy:74)
	at com.kms.katalon.core.webui.keyword.WebUiBuiltInKeywords.click(WebUiBuiltInKeywords.groovy:659)
	at Script1718980020443.Numbers(Script1718980020443.groovy:660)
	at Script1718980020443.Filials(Script1718980020443.groovy:1005)
	at Script1718980020443.Numbers(Script1718980020443.groovy:751)
	at Script1718980020443.run(Script1718980020443.groovy:231)
	... 15 more
)

24-03-2025T11:59:36 - [MESSAGE][FAILED] - Unable to click on object 'Object Repository/Выполнение бизнес-плана/Кнопка Факт' (Root cause: com.kms.katalon.core.exception.StepFailedException: Unable to click on object 'Object Repository/Выполнение бизнес-плана/Кнопка Факт'
	at com.kms.katalon.core.webui.keyword.internal.WebUIKeywordMain.stepFailed(WebUIKeywordMain.groovy:64)
	at com.kms.katalon.core.webui.keyword.internal.WebUIKeywordMain.runKeyword(WebUIKeywordMain.groovy:26)
	at com.kms.katalon.core.webui.keyword.builtin.ClickKeyword.click(ClickKeyword.groovy:74)
	at com.kms.katalon.core.webui.keyword.builtin.ClickKeyword.execute(ClickKeyword.groovy:40)
	at com.kms.katalon.core.keyword.internal.KeywordExecutor.executeKeywordForPlatform(KeywordExecutor.groovy:74)
	at com.kms.katalon.core.webui.keyword.WebUiBuiltInKeywords.click(WebUiBuiltInKeywords.groovy:659)
	at Выполнение бизнес-плана Сверка ПАО Россети все филиалы.Numbers(Выполнение бизнес-плана Сверка ПАО Россети все филиалы:660)
	at Выполнение бизнес-плана Сверка ПАО Россети все филиалы.Filials(Выполнение бизнес-плана Сверка ПАО Россети все филиалы:1005)
	at Выполнение бизнес-плана Сверка ПАО Россети все филиалы.Numbers(Выполнение бизнес-плана Сверка ПАО Россети все филиалы:751)
	at Выполнение бизнес-плана Сверка ПАО Россети все филиалы.run(Выполнение бизнес-плана Сверка ПАО Россети все филиалы:231)
	at com.kms.katalon.core.main.ScriptEngine.run(ScriptEngine.java:194)
	at com.kms.katalon.core.main.ScriptEngine.runScriptAsRawText(ScriptEngine.java:119)
	at com.kms.katalon.core.main.TestCaseExecutor.runScript(TestCaseExecutor.java:448)
	at com.kms.katalon.core.main.TestCaseExecutor.doExecute(TestCaseExecutor.java:439)
	at com.kms.katalon.core.main.TestCaseExecutor.processExecutionPhase(TestCaseExecutor.java:418)
	at com.kms.katalon.core.main.TestCaseExecutor.accessMainPhase(TestCaseExecutor.java:410)
	at com.kms.katalon.core.main.TestCaseExecutor.execute(TestCaseExecutor.java:285)
	at com.kms.katalon.core.common.CommonExecutor.accessTestCaseMainPhase(CommonExecutor.java:65)
	at com.kms.katalon.core.main.TestSuiteExecutor.accessTestSuiteMainPhase(TestSuiteExecutor.java:150)
	at com.kms.katalon.core.main.TestSuiteExecutor.execute(TestSuiteExecutor.java:106)
	at com.kms.katalon.core.main.TestCaseMain.startTestSuite(TestCaseMain.java:180)
	at TempTestSuite1742797761676.run(TempTestSuite1742797761676.groovy:35)
	at java.base/jdk.internal.reflect.NativeMethodAccessorImpl.invoke0(Native Method)
	at java.base/jdk.internal.reflect.NativeMethodAccessorImpl.invoke(NativeMethodAccessorImpl.java:77)
	at java.base/jdk.internal.reflect.DelegatingMethodAccessorImpl.invoke(DelegatingMethodAccessorImpl.java:43)
Caused by: org.openqa.selenium.ElementClickInterceptedException: element click intercepted: Element <button class="buttona39fa013709a4a8796d0020acc128338 ...a39fa013709a4a8796d0020acc128338 presseda39fa013709a4a8796d0020acc128338">Факт</button> is not clickable at point (842, 512). Other element would receive the click: <div id="alertModalContainer88ed08ee570a46acafd2a12909231105" class="modalContainer88ed08ee570a46acafd2a12909231105" style="--m-background: hsla(0, 0%, 0%, .4); --background: linear-gradient(90deg, hsla(357, 73%, 47%, 1) 0%, hsla(358, 71%, 43%, 1) 21%, hsla(0, 69%, 39%, 1) 38%, hsla(0, 69%, 29%, 1) 68%, hsla(0, 69%, 24%, 1) 91%); display: flex;">...</div>
  (Session info: chrome=134.0.6998.118)
Build info: version: '3.141.59', revision: 'unknown', time: 'unknown'
System info: host: 'UVV-WS904-D', ip: '192.168.0.19', os.name: 'Windows 10', os.arch: 'amd64', os.version: '10.0', java.version: '17.0.7'
Driver info: com.kms.katalon.selenium.driver.CChromeDriver
Capabilities {acceptInsecureCerts: false, browserName: chrome, browserVersion: 134.0.6998.118, chrome: {chromedriverVersion: 133.0.6943.98 (da53563ceb66..., userDataDir: C:\Users\LIAZGI~1\AppData\L...}, fedcm:accounts: true, goog:chromeOptions: {debuggerAddress: localhost:63160}, javascriptEnabled: true, networkConnectionEnabled: false, pageLoadStrategy: normal, platform: WINDOWS, platformName: WINDOWS, proxy: Proxy(), setWindowRect: true, strictFileInteractability: false, timeouts: {implicit: 0, pageLoad: 300000, script: 30000}, unhandledPromptBehavior: dismiss and notify, webauthn:extension:credBlob: true, webauthn:extension:largeBlob: true, webauthn:extension:minPinLength: true, webauthn:extension:prf: true, webauthn:virtualAuthenticators: true}
Session ID: 060031d04eaf6a209da5bd422e68886a
	at jdk.internal.reflect.GeneratedConstructorAccessor109.newInstance(Unknown Source)
	at java.base/jdk.internal.reflect.DelegatingConstructorAccessorImpl.newInstance(DelegatingConstructorAccessorImpl.java:45)
	at org.openqa.selenium.remote.http.W3CHttpResponseCodec.createException(W3CHttpResponseCodec.java:187)
	at org.openqa.selenium.remote.http.W3CHttpResponseCodec.decode(W3CHttpResponseCodec.java:122)
	at org.openqa.selenium.remote.http.W3CHttpResponseCodec.decode(W3CHttpResponseCodec.java:49)
	at org.openqa.selenium.remote.HttpCommandExecutor.execute(HttpCommandExecutor.java:158)
	at org.openqa.selenium.remote.service.DriverCommandExecutor.execute(DriverCommandExecutor.java:83)
	at org.openqa.selenium.remote.RemoteWebDriver.execute(RemoteWebDriver.java:552)
	at com.kms.katalon.selenium.driver.CChromeDriver.execute(CChromeDriver.java:19)
	at org.openqa.selenium.remote.RemoteWebElement.execute(RemoteWebElement.java:285)
	at org.openqa.selenium.remote.RemoteWebElement.click(RemoteWebElement.java:84)
	at jdk.internal.reflect.GeneratedMethodAccessor15.invoke(Unknown Source)
	at java.base/jdk.internal.reflect.DelegatingMethodAccessorImpl.invoke(DelegatingMethodAccessorImpl.java:43)
	at org.openqa.selenium.support.events.EventFiringWebDriver$EventFiringWebElement.lambda$new$0(EventFiringWebDriver.java:404)
	at jdk.proxy2/jdk.proxy2.$Proxy24.click(Unknown Source)
	at org.openqa.selenium.support.events.EventFiringWebDriver$EventFiringWebElement.click(EventFiringWebDriver.java:417)
	at org.openqa.selenium.WebElement$click.call(Unknown Source)
	at com.kms.katalon.core.webui.keyword.builtin.ClickKeyword.clickUntilSuccessWithTimeout(ClickKeyword.groovy:81)
	at com.kms.katalon.core.webui.keyword.builtin.ClickKeyword.clickUntilSuccessWithTimeout(ClickKeyword.groovy)
	at jdk.internal.reflect.GeneratedMethodAccessor13.invoke(Unknown Source)
	at java.base/jdk.internal.reflect.DelegatingMethodAccessorImpl.invoke(DelegatingMethodAccessorImpl.java:43)
	at com.kms.katalon.core.webui.keyword.builtin.ClickKeyword$_click_closure1.doCall(ClickKeyword.groovy:67)
	at com.kms.katalon.core.webui.keyword.builtin.ClickKeyword$_click_closure1.call(ClickKeyword.groovy)
	at com.kms.katalon.core.webui.keyword.internal.WebUIKeywordMain.runKeyword(WebUIKeywordMain.groovy:20)
	at com.kms.katalon.core.webui.keyword.builtin.ClickKeyword.click(ClickKeyword.groovy:74)
	at com.kms.katalon.core.webui.keyword.builtin.ClickKeyword.execute(ClickKeyword.groovy:40)
	at com.kms.katalon.core.keyword.internal.KeywordExecutor.executeKeywordForPlatform(KeywordExecutor.groovy:74)
	at com.kms.katalon.core.webui.keyword.WebUiBuiltInKeywords.click(WebUiBuiltInKeywords.groovy:659)
	at Script1718980020443.Numbers(Script1718980020443.groovy:660)
	at Script1718980020443.Filials(Script1718980020443.groovy:1005)
	at Script1718980020443.Numbers(Script1718980020443.groovy:751)
	at Script1718980020443.run(Script1718980020443.groovy:231)
	... 15 more
)
[[ATTACHMENT|C:\\Users\\LIAZGINA-DI\\git\\SPORU\\Reports\\20250324_092921\\\u041F\u043D-\u0421\u0440-\u041F\u0442\\\u0421\u0432\u0435\u0440\u043A\u0430 \u0434\u0430\u0448\u0431\u043E\u0440\u0434\u043E\u0432 \u0438\u0437 \u0440\u0430\u0437\u043D\u044B\u0445 \u0431\u043B\u043E\u043A\u043E\u0432\\20250324_092921\\1742806776724.png]]

24-03-2025T11:59:36 - [TEST_STEP][PASSED] - println("a=" + a): null

24-03-2025T11:59:36 - [TEST_STEP][PASSED] - if (a == 84 || a == 82): null

24-03-2025T11:59:36 - [TEST_STEP][PASSED] - else if (a == 83 || a == 52 || a == 72 || a == 28 || a == 73 || a == 77 || a == 74 || a == 65 || a == 36 || a == 44 || a == 53 || a == 80 || a == 54 || a == 1 || a == 18 || a == 59 || a == 81): null

24-03-2025T11:59:36 - [TEST_STEP][PASSED] - else: null

24-03-2025T11:59:36 - [TEST_STEP][PASSED] - page1 = getText(findTestObject("Object Repository/Выполнение бизнес-плана/spanPlan" + filialNum)): Text of object 'Object Repository/Выполнение бизнес-плана/spanPlan5' is: '11.82
|'

24-03-2025T11:59:37 - [MESSAGE][PASSED] - Text of object 'Object Repository/Выполнение бизнес-плана/spanPlan5' is: '11.82
|'

24-03-2025T11:59:37 - [TEST_STEP][PASSED] - page1 = page1.replace("|", ""): null

24-03-2025T11:59:37 - [TEST_STEP][PASSED] - page2 = getText(findTestObject("Object Repository/Выполнение бизнес-плана/spanFact" + filialNum)): Text of object 'Object Repository/Выполнение бизнес-плана/spanFact5' is: '11.52'

24-03-2025T11:59:37 - [MESSAGE][PASSED] - Text of object 'Object Repository/Выполнение бизнес-плана/spanFact5' is: '11.52'

24-03-2025T11:59:37 - [TEST_STEP][PASSED] - page2 = page2.replace("|", ""): null

24-03-2025T11:59:37 - [TEST_STEP][PASSED] - println("page1: " + page1): null

24-03-2025T11:59:37 - [TEST_STEP][PASSED] - println("page2: " + page2): null

24-03-2025T11:59:37 - [TEST_STEP][PASSED] - file = findTestData("PlanFact").getValue(4, a): null

24-03-2025T11:59:37 - [TEST_STEP][PASSED] - file = file.replace(",", "."): null

24-03-2025T11:59:37 - [TEST_STEP][PASSED] - println("file Plan: " + file): null

24-03-2025T11:59:37 - [TEST_STEP][PASSED] - typeOfData = "План в процентах": null

24-03-2025T11:59:37 - [TEST_STEP][PASSED] - fileDouble = file.toDouble(): null

24-03-2025T11:59:37 - [TEST_STEP][PASSED] - pageDouble = page1.toDouble(): null

24-03-2025T11:59:37 - [TEST_STEP][PASSED] - if (fileDouble != pageDouble): null

24-03-2025T11:59:37 - [TEST_STEP][PASSED] - numberOfErrors = numberOfErrors + 1: null

24-03-2025T11:59:37 - [TEST_STEP][PASSED] - Script1718980020443.WriteToExcel(a, typeOfData, todaysDate, pageInt, fileInt, pageDouble, fileDouble, dZO): null

24-03-2025T11:59:37 - [TEST_STEP][PASSED] - sheetName = "Sheet1": null

24-03-2025T11:59:37 - [TEST_STEP][PASSED] - data = findTestData("PlanFact"): null

24-03-2025T11:59:37 - [TEST_STEP][PASSED] - n = data.getRowNumbers() + 1: null

24-03-2025T11:59:37 - [TEST_STEP][PASSED] - day = ")).toInteger(): null

24-03-2025T11:59:37 - [TEST_STEP][PASSED] - println(day): null

24-03-2025T11:59:37 - [TEST_STEP][PASSED] - month = ")).toInteger(): null

24-03-2025T11:59:37 - [TEST_STEP][PASSED] - println(month): null

24-03-2025T11:59:37 - [TEST_STEP][PASSED] - y = <not implemented yet for class: org.codehaus.groovy.ast.expr.EmptyExpression>: null

24-03-2025T11:59:37 - [TEST_STEP][PASSED] - iy = <not implemented yet for class: org.codehaus.groovy.ast.expr.EmptyExpression>: null

24-03-2025T11:59:37 - [TEST_STEP][PASSED] - m = getText(findTestObject("Выполнение бизнес-плана/Период")): Text of object 'Object Repository/Выполнение бизнес-плана/Период' is: 'Январь 2025 года'

24-03-2025T11:59:37 - [MESSAGE][PASSED] - Text of object 'Object Repository/Выполнение бизнес-плана/Период' is: 'Январь 2025 года'

24-03-2025T11:59:37 - [TEST_STEP][PASSED] - iy = m.indexOf("20"): null

24-03-2025T11:59:37 - [TEST_STEP][PASSED] - if (iy > -1): null

24-03-2025T11:59:37 - [TEST_STEP][PASSED] - y = substring(iy, iy + 4).toInteger(): null

24-03-2025T11:59:37 - [TEST_STEP][PASSED] - println(y): null

24-03-2025T11:59:37 - [TEST_STEP][PASSED] - if (toString().length() == 4): null

24-03-2025T11:59:37 - [TEST_STEP][PASSED] - m = m.substring(0, m.indexOf(y.toString())): null

24-03-2025T11:59:37 - [TEST_STEP][PASSED] - m = m.trim(): null

24-03-2025T11:59:37 - [TEST_STEP][PASSED] - if (m == ""): null

24-03-2025T11:59:37 - [TEST_STEP][PASSED] - dashboardName = "Выполнение бизнес-плана": null

24-03-2025T11:59:37 - [TEST_STEP][PASSED] - workbook01 = getWorkbook(excelFilePath): null

24-03-2025T11:59:37 - [TEST_STEP][PASSED] - sheet01 = getExcelSheet(workbook01, sheetName): null

24-03-2025T11:59:37 - [TEST_STEP][PASSED] - setValueToCellByIndex(sheet01, n, 0, dashboardName): null

24-03-2025T11:59:37 - [TEST_STEP][PASSED] - setValueToCellByIndex(sheet01, n, 1, dZO): null

24-03-2025T11:59:37 - [TEST_STEP][PASSED] - setValueToCellByIndex(sheet01, n, 2, typeOfData): null

24-03-2025T11:59:37 - [TEST_STEP][PASSED] - if (typeOfData == "Факт в процентах" || typeOfData == "План в процентах"): null

24-03-2025T11:59:37 - [TEST_STEP][PASSED] - setValueToCellByIndex(sheet01, n, 3, fileDouble): null

24-03-2025T11:59:37 - [TEST_STEP][PASSED] - setValueToCellByIndex(sheet01, n, 4, pageDouble): null

24-03-2025T11:59:37 - [TEST_STEP][PASSED] - setValueToCellByIndex(sheet01, n, 5, m): null

24-03-2025T11:59:37 - [TEST_STEP][PASSED] - setValueToCellByIndex(sheet01, n, 6, y): null

24-03-2025T11:59:37 - [TEST_STEP][PASSED] - setValueToCellByIndex(sheet01, n, 7, todaysDate): null

24-03-2025T11:59:37 - [TEST_STEP][PASSED] - n = n + 1: null

24-03-2025T11:59:37 - [TEST_STEP][PASSED] - saveWorkbook(excelFilePath, workbook01): null

24-03-2025T11:59:38 - [TEST_STEP][PASSED] - file = findTestData("PlanFact").getValue(7, a): null

24-03-2025T11:59:38 - [TEST_STEP][PASSED] - file = file.replace(",", "."): null

24-03-2025T11:59:38 - [TEST_STEP][PASSED] - println("file Fact: " + file): null

24-03-2025T11:59:38 - [TEST_STEP][PASSED] - fileDouble = file.toDouble(): null

24-03-2025T11:59:38 - [TEST_STEP][PASSED] - typeOfData = "Факт в процентах": null

24-03-2025T11:59:38 - [TEST_STEP][PASSED] - fileDouble = file.toDouble(): null

24-03-2025T11:59:38 - [TEST_STEP][PASSED] - pageDouble = page2.toDouble(): null

24-03-2025T11:59:38 - [TEST_STEP][PASSED] - if (fileDouble != pageDouble): null

24-03-2025T11:59:38 - [TEST_STEP][PASSED] - numberOfErrors = numberOfErrors + 1: null

24-03-2025T11:59:38 - [TEST_STEP][PASSED] - Script1718980020443.WriteToExcel(a, typeOfData, todaysDate, pageInt, fileInt, pageDouble, fileDouble, dZO): null

24-03-2025T11:59:38 - [TEST_STEP][PASSED] - sheetName = "Sheet1": null

24-03-2025T11:59:38 - [TEST_STEP][PASSED] - data = findTestData("PlanFact"): null

24-03-2025T11:59:38 - [TEST_STEP][PASSED] - n = data.getRowNumbers() + 1: null

24-03-2025T11:59:38 - [TEST_STEP][PASSED] - day = ")).toInteger(): null

24-03-2025T11:59:38 - [TEST_STEP][PASSED] - println(day): null

24-03-2025T11:59:38 - [TEST_STEP][PASSED] - month = ")).toInteger(): null

24-03-2025T11:59:38 - [TEST_STEP][PASSED] - println(month): null

24-03-2025T11:59:38 - [TEST_STEP][PASSED] - y = <not implemented yet for class: org.codehaus.groovy.ast.expr.EmptyExpression>: null

24-03-2025T11:59:38 - [TEST_STEP][PASSED] - iy = <not implemented yet for class: org.codehaus.groovy.ast.expr.EmptyExpression>: null

24-03-2025T11:59:38 - [TEST_STEP][PASSED] - m = getText(findTestObject("Выполнение бизнес-плана/Период")): Text of object 'Object Repository/Выполнение бизнес-плана/Период' is: 'Январь 2025 года'

24-03-2025T11:59:38 - [MESSAGE][PASSED] - Text of object 'Object Repository/Выполнение бизнес-плана/Период' is: 'Январь 2025 года'

24-03-2025T11:59:38 - [TEST_STEP][PASSED] - iy = m.indexOf("20"): null

24-03-2025T11:59:38 - [TEST_STEP][PASSED] - if (iy > -1): null

24-03-2025T11:59:38 - [TEST_STEP][PASSED] - y = substring(iy, iy + 4).toInteger(): null

24-03-2025T11:59:38 - [TEST_STEP][PASSED] - println(y): null

24-03-2025T11:59:38 - [TEST_STEP][PASSED] - if (toString().length() == 4): null

24-03-2025T11:59:38 - [TEST_STEP][PASSED] - m = m.substring(0, m.indexOf(y.toString())): null

24-03-2025T11:59:38 - [TEST_STEP][PASSED] - m = m.trim(): null

24-03-2025T11:59:38 - [TEST_STEP][PASSED] - if (m == ""): null

24-03-2025T11:59:38 - [TEST_STEP][PASSED] - dashboardName = "Выполнение бизнес-плана": null

24-03-2025T11:59:38 - [TEST_STEP][PASSED] - workbook01 = getWorkbook(excelFilePath): null

24-03-2025T11:59:38 - [TEST_STEP][PASSED] - sheet01 = getExcelSheet(workbook01, sheetName): null

24-03-2025T11:59:38 - [TEST_STEP][PASSED] - setValueToCellByIndex(sheet01, n, 0, dashboardName): null

24-03-2025T11:59:38 - [TEST_STEP][PASSED] - setValueToCellByIndex(sheet01, n, 1, dZO): null

24-03-2025T11:59:38 - [TEST_STEP][PASSED] - setValueToCellByIndex(sheet01, n, 2, typeOfData): null

24-03-2025T11:59:38 - [TEST_STEP][PASSED] - if (typeOfData == "Факт в процентах" || typeOfData == "План в процентах"): null

24-03-2025T11:59:38 - [TEST_STEP][PASSED] - setValueToCellByIndex(sheet01, n, 3, fileDouble): null

24-03-2025T11:59:38 - [TEST_STEP][PASSED] - setValueToCellByIndex(sheet01, n, 4, pageDouble): null

24-03-2025T11:59:38 - [TEST_STEP][PASSED] - setValueToCellByIndex(sheet01, n, 5, m): null

24-03-2025T11:59:38 - [TEST_STEP][PASSED] - setValueToCellByIndex(sheet01, n, 6, y): null

24-03-2025T11:59:38 - [TEST_STEP][PASSED] - setValueToCellByIndex(sheet01, n, 7, todaysDate): null

24-03-2025T11:59:38 - [TEST_STEP][PASSED] - n = n + 1: null

24-03-2025T11:59:38 - [TEST_STEP][PASSED] - saveWorkbook(excelFilePath, workbook01): null

24-03-2025T11:59:38 - [TEST_STEP][FAILED] - if (verifyEqual(numberOfErrors, 0) == false): null

24-03-2025T11:59:38 - [MESSAGE][FAILED] - Unable to verify equal between actual object '2' and expected object '0' (Root cause: com.kms.katalon.core.exception.StepFailedException: Actual object '2' and expected object '0' are not equal
	at com.kms.katalon.core.keyword.builtin.VerifyEqualKeyword$_verifyEqual_closure1.doCall(VerifyEqualKeyword.groovy:58)
	at com.kms.katalon.core.keyword.builtin.VerifyEqualKeyword$_verifyEqual_closure1.call(VerifyEqualKeyword.groovy)
	at com.kms.katalon.core.keyword.internal.KeywordMain.runKeyword(KeywordMain.groovy:75)
	at com.kms.katalon.core.keyword.builtin.VerifyEqualKeyword.verifyEqual(VerifyEqualKeyword.groovy:63)
	at com.kms.katalon.core.keyword.builtin.VerifyEqualKeyword.execute(VerifyEqualKeyword.groovy:44)
	at com.kms.katalon.core.keyword.internal.KeywordExecutor.executeKeywordForPlatform(KeywordExecutor.groovy:74)
	at com.kms.katalon.core.keyword.BuiltinKeywords.verifyEqual(BuiltinKeywords.groovy:146)
	at jdk.internal.reflect.GeneratedMethodAccessor22.invoke(Unknown Source)
	at java.base/jdk.internal.reflect.DelegatingMethodAccessorImpl.invoke(DelegatingMethodAccessorImpl.java:43)
	at Выполнение бизнес-плана Сверка ПАО Россети все филиалы.Numbers(Выполнение бизнес-плана Сверка ПАО Россети все филиалы:744)
	at Выполнение бизнес-плана Сверка ПАО Россети все филиалы.Filials(Выполнение бизнес-плана Сверка ПАО Россети все филиалы:1005)
	at Выполнение бизнес-плана Сверка ПАО Россети все филиалы.Numbers(Выполнение бизнес-плана Сверка ПАО Россети все филиалы:751)
	at Выполнение бизнес-плана Сверка ПАО Россети все филиалы.run(Выполнение бизнес-плана Сверка ПАО Россети все филиалы:231)
	at com.kms.katalon.core.main.ScriptEngine.run(ScriptEngine.java:194)
	at com.kms.katalon.core.main.ScriptEngine.runScriptAsRawText(ScriptEngine.java:119)
	at com.kms.katalon.core.main.TestCaseExecutor.runScript(TestCaseExecutor.java:448)
	at com.kms.katalon.core.main.TestCaseExecutor.doExecute(TestCaseExecutor.java:439)
	at com.kms.katalon.core.main.TestCaseExecutor.processExecutionPhase(TestCaseExecutor.java:418)
	at com.kms.katalon.core.main.TestCaseExecutor.accessMainPhase(TestCaseExecutor.java:410)
	at com.kms.katalon.core.main.TestCaseExecutor.execute(TestCaseExecutor.java:285)
	at com.kms.katalon.core.common.CommonExecutor.accessTestCaseMainPhase(CommonExecutor.java:65)
	at com.kms.katalon.core.main.TestSuiteExecutor.accessTestSuiteMainPhase(TestSuiteExecutor.java:150)
	at com.kms.katalon.core.main.TestSuiteExecutor.execute(TestSuiteExecutor.java:106)
	at com.kms.katalon.core.main.TestCaseMain.startTestSuite(TestCaseMain.java:180)
	at TempTestSuite1742797761676.run(TempTestSuite1742797761676.groovy:35)
	at java.base/jdk.internal.reflect.NativeMethodAccessorImpl.invoke0(Native Method)
	at java.base/jdk.internal.reflect.NativeMethodAccessorImpl.invoke(NativeMethodAccessorImpl.java:77)
	at java.base/jdk.internal.reflect.DelegatingMethodAccessorImpl.invoke(DelegatingMethodAccessorImpl.java:43)
)

24-03-2025T11:59:38 - [TEST_STEP][PASSED] - println(numberOfErrors): null

24-03-2025T11:59:38 - [TEST_STEP][PASSED] - println("a=" + a): null

24-03-2025T11:59:38 - [TEST_STEP][PASSED] - if (a == 28 || a == 77 || a == 74 || a == 65 || a == 36 || a == 44 || a == 54 || a == 1 || a == 18 || a == 59): null

24-03-2025T11:59:38 - [TEST_STEP][PASSED] - if (a == 82): null

24-03-2025T11:59:38 - [TEST_STEP][PASSED] - filialNum = 0: null

24-03-2025T11:59:38 - [TEST_STEP][PASSED] - if (a == 77): null

24-03-2025T11:59:38 - [TEST_STEP][PASSED] - if (a == 74): null

24-03-2025T11:59:38 - [TEST_STEP][PASSED] - if (a == 65): null

24-03-2025T11:59:38 - [TEST_STEP][PASSED] - if (a == 1): null

24-03-2025T11:59:38 - [TEST_STEP][PASSED] - if (a == 18): null

24-03-2025T11:59:38 - [TEST_STEP][PASSED] - if (a == 36): null

24-03-2025T11:59:38 - [TEST_STEP][PASSED] - if (a == 44): null

24-03-2025T11:59:38 - [TEST_STEP][PASSED] - if (a == 54): null

24-03-2025T11:59:38 - [TEST_STEP][PASSED] - if (a == 59): null

24-03-2025T11:59:38 - [TEST_STEP][PASSED] - Script1718980020443.OpenFilter(): null

24-03-2025T11:59:38 - [TEST_STEP][FAILED] - click(findTestObject("Object Repository/Выполнение бизнес-плана/Фильтр ДЗО")): Unable to click on object 'Object Repository/Выполнение бизнес-плана/Фильтр ДЗО' (Root cause: com.kms.katalon.core.exception.StepFailedException: Unable to click on object 'Object Repository/Выполнение бизнес-плана/Фильтр ДЗО'
	at com.kms.katalon.core.webui.keyword.internal.WebUIKeywordMain.stepFailed(WebUIKeywordMain.groovy:64)
	at com.kms.katalon.core.webui.keyword.internal.WebUIKeywordMain.runKeyword(WebUIKeywordMain.groovy:26)
	at com.kms.katalon.core.webui.keyword.builtin.ClickKeyword.click(ClickKeyword.groovy:74)
	at com.kms.katalon.core.webui.keyword.builtin.ClickKeyword.execute(ClickKeyword.groovy:40)
	at com.kms.katalon.core.keyword.internal.KeywordExecutor.executeKeywordForPlatform(KeywordExecutor.groovy:74)
	at com.kms.katalon.core.webui.keyword.WebUiBuiltInKeywords.click(WebUiBuiltInKeywords.groovy:659)
	at Выполнение бизнес-плана Сверка ПАО Россети все филиалы.OpenFilter(Выполнение бизнес-плана Сверка ПАО Россети все филиалы:857)
	at Выполнение бизнес-плана Сверка ПАО Россети все филиалы.Filials(Выполнение бизнес-плана Сверка ПАО Россети все филиалы:1773)
	at Выполнение бизнес-плана Сверка ПАО Россети все филиалы.Numbers(Выполнение бизнес-плана Сверка ПАО Россети все филиалы:751)
	at Выполнение бизнес-плана Сверка ПАО Россети все филиалы.run(Выполнение бизнес-плана Сверка ПАО Россети все филиалы:231)
	at com.kms.katalon.core.main.ScriptEngine.run(ScriptEngine.java:194)
	at com.kms.katalon.core.main.ScriptEngine.runScriptAsRawText(ScriptEngine.java:119)
	at com.kms.katalon.core.main.TestCaseExecutor.runScript(TestCaseExecutor.java:448)
	at com.kms.katalon.core.main.TestCaseExecutor.doExecute(TestCaseExecutor.java:439)
	at com.kms.katalon.core.main.TestCaseExecutor.processExecutionPhase(TestCaseExecutor.java:418)
	at com.kms.katalon.core.main.TestCaseExecutor.accessMainPhase(TestCaseExecutor.java:410)
	at com.kms.katalon.core.main.TestCaseExecutor.execute(TestCaseExecutor.java:285)
	at com.kms.katalon.core.common.CommonExecutor.accessTestCaseMainPhase(CommonExecutor.java:65)
	at com.kms.katalon.core.main.TestSuiteExecutor.accessTestSuiteMainPhase(TestSuiteExecutor.java:150)
	at com.kms.katalon.core.main.TestSuiteExecutor.execute(TestSuiteExecutor.java:106)
	at com.kms.katalon.core.main.TestCaseMain.startTestSuite(TestCaseMain.java:180)
	at TempTestSuite1742797761676.run(TempTestSuite1742797761676.groovy:35)
	at java.base/jdk.internal.reflect.NativeMethodAccessorImpl.invoke0(Native Method)
	at java.base/jdk.internal.reflect.NativeMethodAccessorImpl.invoke(NativeMethodAccessorImpl.java:77)
	at java.base/jdk.internal.reflect.DelegatingMethodAccessorImpl.invoke(DelegatingMethodAccessorImpl.java:43)
Caused by: org.openqa.selenium.ElementClickInterceptedException: element click intercepted: Element <div class="rb-filter-header-text">...</div> is not clickable at point (240, 240). Other element would receive the click: <div id="alertModalContainer88ed08ee570a46acafd2a12909231105" class="modalContainer88ed08ee570a46acafd2a12909231105" style="--m-background: hsla(0, 0%, 0%, .4); --background: linear-gradient(90deg, hsla(357, 73%, 47%, 1) 0%, hsla(358, 71%, 43%, 1) 21%, hsla(0, 69%, 39%, 1) 38%, hsla(0, 69%, 29%, 1) 68%, hsla(0, 69%, 24%, 1) 91%); display: flex;">...</div>
  (Session info: chrome=134.0.6998.118)
Build info: version: '3.141.59', revision: 'unknown', time: 'unknown'
System info: host: 'UVV-WS904-D', ip: '192.168.0.19', os.name: 'Windows 10', os.arch: 'amd64', os.version: '10.0', java.version: '17.0.7'
Driver info: com.kms.katalon.selenium.driver.CChromeDriver
Capabilities {acceptInsecureCerts: false, browserName: chrome, browserVersion: 134.0.6998.118, chrome: {chromedriverVersion: 133.0.6943.98 (da53563ceb66..., userDataDir: C:\Users\LIAZGI~1\AppData\L...}, fedcm:accounts: true, goog:chromeOptions: {debuggerAddress: localhost:63160}, javascriptEnabled: true, networkConnectionEnabled: false, pageLoadStrategy: normal, platform: WINDOWS, platformName: WINDOWS, proxy: Proxy(), setWindowRect: true, strictFileInteractability: false, timeouts: {implicit: 0, pageLoad: 300000, script: 30000}, unhandledPromptBehavior: dismiss and notify, webauthn:extension:credBlob: true, webauthn:extension:largeBlob: true, webauthn:extension:minPinLength: true, webauthn:extension:prf: true, webauthn:virtualAuthenticators: true}
Session ID: 060031d04eaf6a209da5bd422e68886a
	at jdk.internal.reflect.GeneratedConstructorAccessor109.newInstance(Unknown Source)
	at java.base/jdk.internal.reflect.DelegatingConstructorAccessorImpl.newInstance(DelegatingConstructorAccessorImpl.java:45)
	at org.openqa.selenium.remote.http.W3CHttpResponseCodec.createException(W3CHttpResponseCodec.java:187)
	at org.openqa.selenium.remote.http.W3CHttpResponseCodec.decode(W3CHttpResponseCodec.java:122)
	at org.openqa.selenium.remote.http.W3CHttpResponseCodec.decode(W3CHttpResponseCodec.java:49)
	at org.openqa.selenium.remote.HttpCommandExecutor.execute(HttpCommandExecutor.java:158)
	at org.openqa.selenium.remote.service.DriverCommandExecutor.execute(DriverCommandExecutor.java:83)
	at org.openqa.selenium.remote.RemoteWebDriver.execute(RemoteWebDriver.java:552)
	at com.kms.katalon.selenium.driver.CChromeDriver.execute(CChromeDriver.java:19)
	at org.openqa.selenium.remote.RemoteWebElement.execute(RemoteWebElement.java:285)
	at org.openqa.selenium.remote.RemoteWebElement.click(RemoteWebElement.java:84)
	at jdk.internal.reflect.GeneratedMethodAccessor15.invoke(Unknown Source)
	at java.base/jdk.internal.reflect.DelegatingMethodAccessorImpl.invoke(DelegatingMethodAccessorImpl.java:43)
	at org.openqa.selenium.support.events.EventFiringWebDriver$EventFiringWebElement.lambda$new$0(EventFiringWebDriver.java:404)
	at jdk.proxy2/jdk.proxy2.$Proxy24.click(Unknown Source)
	at org.openqa.selenium.support.events.EventFiringWebDriver$EventFiringWebElement.click(EventFiringWebDriver.java:417)
	at org.openqa.selenium.WebElement$click.call(Unknown Source)
	at com.kms.katalon.core.webui.keyword.builtin.ClickKeyword.clickUntilSuccessWithTimeout(ClickKeyword.groovy:81)
	at com.kms.katalon.core.webui.keyword.builtin.ClickKeyword.clickUntilSuccessWithTimeout(ClickKeyword.groovy)
	at jdk.internal.reflect.GeneratedMethodAccessor13.invoke(Unknown Source)
	at java.base/jdk.internal.reflect.DelegatingMethodAccessorImpl.invoke(DelegatingMethodAccessorImpl.java:43)
	at com.kms.katalon.core.webui.keyword.builtin.ClickKeyword$_click_closure1.doCall(ClickKeyword.groovy:67)
	at com.kms.katalon.core.webui.keyword.builtin.ClickKeyword$_click_closure1.call(ClickKeyword.groovy)
	at com.kms.katalon.core.webui.keyword.internal.WebUIKeywordMain.runKeyword(WebUIKeywordMain.groovy:20)
	at com.kms.katalon.core.webui.keyword.builtin.ClickKeyword.click(ClickKeyword.groovy:74)
	at com.kms.katalon.core.webui.keyword.builtin.ClickKeyword.execute(ClickKeyword.groovy:40)
	at com.kms.katalon.core.keyword.internal.KeywordExecutor.executeKeywordForPlatform(KeywordExecutor.groovy:74)
	at com.kms.katalon.core.webui.keyword.WebUiBuiltInKeywords.click(WebUiBuiltInKeywords.groovy:659)
	at Script1718980020443.OpenFilter(Script1718980020443.groovy:857)
	at Script1718980020443.Filials(Script1718980020443.groovy:1773)
	at Script1718980020443.Numbers(Script1718980020443.groovy:751)
	at Script1718980020443.run(Script1718980020443.groovy:231)
	... 15 more
)

24-03-2025T12:00:11 - [MESSAGE][FAILED] - Unable to click on object 'Object Repository/Выполнение бизнес-плана/Фильтр ДЗО' (Root cause: com.kms.katalon.core.exception.StepFailedException: Unable to click on object 'Object Repository/Выполнение бизнес-плана/Фильтр ДЗО'
	at com.kms.katalon.core.webui.keyword.internal.WebUIKeywordMain.stepFailed(WebUIKeywordMain.groovy:64)
	at com.kms.katalon.core.webui.keyword.internal.WebUIKeywordMain.runKeyword(WebUIKeywordMain.groovy:26)
	at com.kms.katalon.core.webui.keyword.builtin.ClickKeyword.click(ClickKeyword.groovy:74)
	at com.kms.katalon.core.webui.keyword.builtin.ClickKeyword.execute(ClickKeyword.groovy:40)
	at com.kms.katalon.core.keyword.internal.KeywordExecutor.executeKeywordForPlatform(KeywordExecutor.groovy:74)
	at com.kms.katalon.core.webui.keyword.WebUiBuiltInKeywords.click(WebUiBuiltInKeywords.groovy:659)
	at Выполнение бизнес-плана Сверка ПАО Россети все филиалы.OpenFilter(Выполнение бизнес-плана Сверка ПАО Россети все филиалы:857)
	at Выполнение бизнес-плана Сверка ПАО Россети все филиалы.Filials(Выполнение бизнес-плана Сверка ПАО Россети все филиалы:1773)
	at Выполнение бизнес-плана Сверка ПАО Россети все филиалы.Numbers(Выполнение бизнес-плана Сверка ПАО Россети все филиалы:751)
	at Выполнение бизнес-плана Сверка ПАО Россети все филиалы.run(Выполнение бизнес-плана Сверка ПАО Россети все филиалы:231)
	at com.kms.katalon.core.main.ScriptEngine.run(ScriptEngine.java:194)
	at com.kms.katalon.core.main.ScriptEngine.runScriptAsRawText(ScriptEngine.java:119)
	at com.kms.katalon.core.main.TestCaseExecutor.runScript(TestCaseExecutor.java:448)
	at com.kms.katalon.core.main.TestCaseExecutor.doExecute(TestCaseExecutor.java:439)
	at com.kms.katalon.core.main.TestCaseExecutor.processExecutionPhase(TestCaseExecutor.java:418)
	at com.kms.katalon.core.main.TestCaseExecutor.accessMainPhase(TestCaseExecutor.java:410)
	at com.kms.katalon.core.main.TestCaseExecutor.execute(TestCaseExecutor.java:285)
	at com.kms.katalon.core.common.CommonExecutor.accessTestCaseMainPhase(CommonExecutor.java:65)
	at com.kms.katalon.core.main.TestSuiteExecutor.accessTestSuiteMainPhase(TestSuiteExecutor.java:150)
	at com.kms.katalon.core.main.TestSuiteExecutor.execute(TestSuiteExecutor.java:106)
	at com.kms.katalon.core.main.TestCaseMain.startTestSuite(TestCaseMain.java:180)
	at TempTestSuite1742797761676.run(TempTestSuite1742797761676.groovy:35)
	at java.base/jdk.internal.reflect.NativeMethodAccessorImpl.invoke0(Native Method)
	at java.base/jdk.internal.reflect.NativeMethodAccessorImpl.invoke(NativeMethodAccessorImpl.java:77)
	at java.base/jdk.internal.reflect.DelegatingMethodAccessorImpl.invoke(DelegatingMethodAccessorImpl.java:43)
Caused by: org.openqa.selenium.ElementClickInterceptedException: element click intercepted: Element <div class="rb-filter-header-text">...</div> is not clickable at point (240, 240). Other element would receive the click: <div id="alertModalContainer88ed08ee570a46acafd2a12909231105" class="modalContainer88ed08ee570a46acafd2a12909231105" style="--m-background: hsla(0, 0%, 0%, .4); --background: linear-gradient(90deg, hsla(357, 73%, 47%, 1) 0%, hsla(358, 71%, 43%, 1) 21%, hsla(0, 69%, 39%, 1) 38%, hsla(0, 69%, 29%, 1) 68%, hsla(0, 69%, 24%, 1) 91%); display: flex;">...</div>
  (Session info: chrome=134.0.6998.118)
Build info: version: '3.141.59', revision: 'unknown', time: 'unknown'
System info: host: 'UVV-WS904-D', ip: '192.168.0.19', os.name: 'Windows 10', os.arch: 'amd64', os.version: '10.0', java.version: '17.0.7'
Driver info: com.kms.katalon.selenium.driver.CChromeDriver
Capabilities {acceptInsecureCerts: false, browserName: chrome, browserVersion: 134.0.6998.118, chrome: {chromedriverVersion: 133.0.6943.98 (da53563ceb66..., userDataDir: C:\Users\LIAZGI~1\AppData\L...}, fedcm:accounts: true, goog:chromeOptions: {debuggerAddress: localhost:63160}, javascriptEnabled: true, networkConnectionEnabled: false, pageLoadStrategy: normal, platform: WINDOWS, platformName: WINDOWS, proxy: Proxy(), setWindowRect: true, strictFileInteractability: false, timeouts: {implicit: 0, pageLoad: 300000, script: 30000}, unhandledPromptBehavior: dismiss and notify, webauthn:extension:credBlob: true, webauthn:extension:largeBlob: true, webauthn:extension:minPinLength: true, webauthn:extension:prf: true, webauthn:virtualAuthenticators: true}
Session ID: 060031d04eaf6a209da5bd422e68886a
	at jdk.internal.reflect.GeneratedConstructorAccessor109.newInstance(Unknown Source)
	at java.base/jdk.internal.reflect.DelegatingConstructorAccessorImpl.newInstance(DelegatingConstructorAccessorImpl.java:45)
	at org.openqa.selenium.remote.http.W3CHttpResponseCodec.createException(W3CHttpResponseCodec.java:187)
	at org.openqa.selenium.remote.http.W3CHttpResponseCodec.decode(W3CHttpResponseCodec.java:122)
	at org.openqa.selenium.remote.http.W3CHttpResponseCodec.decode(W3CHttpResponseCodec.java:49)
	at org.openqa.selenium.remote.HttpCommandExecutor.execute(HttpCommandExecutor.java:158)
	at org.openqa.selenium.remote.service.DriverCommandExecutor.execute(DriverCommandExecutor.java:83)
	at org.openqa.selenium.remote.RemoteWebDriver.execute(RemoteWebDriver.java:552)
	at com.kms.katalon.selenium.driver.CChromeDriver.execute(CChromeDriver.java:19)
	at org.openqa.selenium.remote.RemoteWebElement.execute(RemoteWebElement.java:285)
	at org.openqa.selenium.remote.RemoteWebElement.click(RemoteWebElement.java:84)
	at jdk.internal.reflect.GeneratedMethodAccessor15.invoke(Unknown Source)
	at java.base/jdk.internal.reflect.DelegatingMethodAccessorImpl.invoke(DelegatingMethodAccessorImpl.java:43)
	at org.openqa.selenium.support.events.EventFiringWebDriver$EventFiringWebElement.lambda$new$0(EventFiringWebDriver.java:404)
	at jdk.proxy2/jdk.proxy2.$Proxy24.click(Unknown Source)
	at org.openqa.selenium.support.events.EventFiringWebDriver$EventFiringWebElement.click(EventFiringWebDriver.java:417)
	at org.openqa.selenium.WebElement$click.call(Unknown Source)
	at com.kms.katalon.core.webui.keyword.builtin.ClickKeyword.clickUntilSuccessWithTimeout(ClickKeyword.groovy:81)
	at com.kms.katalon.core.webui.keyword.builtin.ClickKeyword.clickUntilSuccessWithTimeout(ClickKeyword.groovy)
	at jdk.internal.reflect.GeneratedMethodAccessor13.invoke(Unknown Source)
	at java.base/jdk.internal.reflect.DelegatingMethodAccessorImpl.invoke(DelegatingMethodAccessorImpl.java:43)
	at com.kms.katalon.core.webui.keyword.builtin.ClickKeyword$_click_closure1.doCall(ClickKeyword.groovy:67)
	at com.kms.katalon.core.webui.keyword.builtin.ClickKeyword$_click_closure1.call(ClickKeyword.groovy)
	at com.kms.katalon.core.webui.keyword.internal.WebUIKeywordMain.runKeyword(WebUIKeywordMain.groovy:20)
	at com.kms.katalon.core.webui.keyword.builtin.ClickKeyword.click(ClickKeyword.groovy:74)
	at com.kms.katalon.core.webui.keyword.builtin.ClickKeyword.execute(ClickKeyword.groovy:40)
	at com.kms.katalon.core.keyword.internal.KeywordExecutor.executeKeywordForPlatform(KeywordExecutor.groovy:74)
	at com.kms.katalon.core.webui.keyword.WebUiBuiltInKeywords.click(WebUiBuiltInKeywords.groovy:659)
	at Script1718980020443.OpenFilter(Script1718980020443.groovy:857)
	at Script1718980020443.Filials(Script1718980020443.groovy:1773)
	at Script1718980020443.Numbers(Script1718980020443.groovy:751)
	at Script1718980020443.run(Script1718980020443.groovy:231)
	... 15 more
)
[[ATTACHMENT|C:\\Users\\LIAZGINA-DI\\git\\SPORU\\Reports\\20250324_092921\\\u041F\u043D-\u0421\u0440-\u041F\u0442\\\u0421\u0432\u0435\u0440\u043A\u0430 \u0434\u0430\u0448\u0431\u043E\u0440\u0434\u043E\u0432 \u0438\u0437 \u0440\u0430\u0437\u043D\u044B\u0445 \u0431\u043B\u043E\u043A\u043E\u0432\\20250324_092921\\1742806811495.png]]

24-03-2025T12:00:11 - [TEST_STEP][FAILED] - click(findTestObject("Выполнение бизнес-плана/Снять выделение в фильтре ДЗО")): Unable to click on object 'Object Repository/Выполнение бизнес-плана/Снять выделение в фильтре ДЗО' (Root cause: com.kms.katalon.core.exception.StepFailedException: Unable to click on object 'Object Repository/Выполнение бизнес-плана/Снять выделение в фильтре ДЗО'
	at com.kms.katalon.core.webui.keyword.internal.WebUIKeywordMain.stepFailed(WebUIKeywordMain.groovy:64)
	at com.kms.katalon.core.webui.keyword.internal.WebUIKeywordMain.runKeyword(WebUIKeywordMain.groovy:26)
	at com.kms.katalon.core.webui.keyword.builtin.ClickKeyword.click(ClickKeyword.groovy:74)
	at com.kms.katalon.core.webui.keyword.builtin.ClickKeyword.execute(ClickKeyword.groovy:40)
	at com.kms.katalon.core.keyword.internal.KeywordExecutor.executeKeywordForPlatform(KeywordExecutor.groovy:74)
	at com.kms.katalon.core.webui.keyword.WebUiBuiltInKeywords.click(WebUiBuiltInKeywords.groovy:659)
	at Выполнение бизнес-плана Сверка ПАО Россети все филиалы.OpenFilter(Выполнение бизнес-плана Сверка ПАО Россети все филиалы:859)
	at Выполнение бизнес-плана Сверка ПАО Россети все филиалы.Filials(Выполнение бизнес-плана Сверка ПАО Россети все филиалы:1773)
	at Выполнение бизнес-плана Сверка ПАО Россети все филиалы.Numbers(Выполнение бизнес-плана Сверка ПАО Россети все филиалы:751)
	at Выполнение бизнес-плана Сверка ПАО Россети все филиалы.run(Выполнение бизнес-плана Сверка ПАО Россети все филиалы:231)
	at com.kms.katalon.core.main.ScriptEngine.run(ScriptEngine.java:194)
	at com.kms.katalon.core.main.ScriptEngine.runScriptAsRawText(ScriptEngine.java:119)
	at com.kms.katalon.core.main.TestCaseExecutor.runScript(TestCaseExecutor.java:448)
	at com.kms.katalon.core.main.TestCaseExecutor.doExecute(TestCaseExecutor.java:439)
	at com.kms.katalon.core.main.TestCaseExecutor.processExecutionPhase(TestCaseExecutor.java:418)
	at com.kms.katalon.core.main.TestCaseExecutor.accessMainPhase(TestCaseExecutor.java:410)
	at com.kms.katalon.core.main.TestCaseExecutor.execute(TestCaseExecutor.java:285)
	at com.kms.katalon.core.common.CommonExecutor.accessTestCaseMainPhase(CommonExecutor.java:65)
	at com.kms.katalon.core.main.TestSuiteExecutor.accessTestSuiteMainPhase(TestSuiteExecutor.java:150)
	at com.kms.katalon.core.main.TestSuiteExecutor.execute(TestSuiteExecutor.java:106)
	at com.kms.katalon.core.main.TestCaseMain.startTestSuite(TestCaseMain.java:180)
	at TempTestSuite1742797761676.run(TempTestSuite1742797761676.groovy:35)
	at java.base/jdk.internal.reflect.NativeMethodAccessorImpl.invoke0(Native Method)
	at java.base/jdk.internal.reflect.NativeMethodAccessorImpl.invoke(NativeMethodAccessorImpl.java:77)
	at java.base/jdk.internal.reflect.DelegatingMethodAccessorImpl.invoke(DelegatingMethodAccessorImpl.java:43)
Caused by: org.openqa.selenium.ElementNotInteractableException: element not interactable
  (Session info: chrome=134.0.6998.118)
Build info: version: '3.141.59', revision: 'unknown', time: 'unknown'
System info: host: 'UVV-WS904-D', ip: '192.168.0.19', os.name: 'Windows 10', os.arch: 'amd64', os.version: '10.0', java.version: '17.0.7'
Driver info: com.kms.katalon.selenium.driver.CChromeDriver
Capabilities {acceptInsecureCerts: false, browserName: chrome, browserVersion: 134.0.6998.118, chrome: {chromedriverVersion: 133.0.6943.98 (da53563ceb66..., userDataDir: C:\Users\LIAZGI~1\AppData\L...}, fedcm:accounts: true, goog:chromeOptions: {debuggerAddress: localhost:63160}, javascriptEnabled: true, networkConnectionEnabled: false, pageLoadStrategy: normal, platform: WINDOWS, platformName: WINDOWS, proxy: Proxy(), setWindowRect: true, strictFileInteractability: false, timeouts: {implicit: 0, pageLoad: 300000, script: 30000}, unhandledPromptBehavior: dismiss and notify, webauthn:extension:credBlob: true, webauthn:extension:largeBlob: true, webauthn:extension:minPinLength: true, webauthn:extension:prf: true, webauthn:virtualAuthenticators: true}
Session ID: 060031d04eaf6a209da5bd422e68886a
	at java.base/jdk.internal.reflect.NativeConstructorAccessorImpl.newInstance0(Native Method)
	at java.base/jdk.internal.reflect.NativeConstructorAccessorImpl.newInstance(NativeConstructorAccessorImpl.java:77)
	at java.base/jdk.internal.reflect.DelegatingConstructorAccessorImpl.newInstance(DelegatingConstructorAccessorImpl.java:45)
	at org.openqa.selenium.remote.http.W3CHttpResponseCodec.createException(W3CHttpResponseCodec.java:187)
	at org.openqa.selenium.remote.http.W3CHttpResponseCodec.decode(W3CHttpResponseCodec.java:122)
	at org.openqa.selenium.remote.http.W3CHttpResponseCodec.decode(W3CHttpResponseCodec.java:49)
	at org.openqa.selenium.remote.HttpCommandExecutor.execute(HttpCommandExecutor.java:158)
	at org.openqa.selenium.remote.service.DriverCommandExecutor.execute(DriverCommandExecutor.java:83)
	at org.openqa.selenium.remote.RemoteWebDriver.execute(RemoteWebDriver.java:552)
	at com.kms.katalon.selenium.driver.CChromeDriver.execute(CChromeDriver.java:19)
	at org.openqa.selenium.remote.RemoteWebElement.execute(RemoteWebElement.java:285)
	at org.openqa.selenium.remote.RemoteWebElement.click(RemoteWebElement.java:84)
	at jdk.internal.reflect.GeneratedMethodAccessor15.invoke(Unknown Source)
	at java.base/jdk.internal.reflect.DelegatingMethodAccessorImpl.invoke(DelegatingMethodAccessorImpl.java:43)
	at org.openqa.selenium.support.events.EventFiringWebDriver$EventFiringWebElement.lambda$new$0(EventFiringWebDriver.java:404)
	at jdk.proxy2/jdk.proxy2.$Proxy24.click(Unknown Source)
	at org.openqa.selenium.support.events.EventFiringWebDriver$EventFiringWebElement.click(EventFiringWebDriver.java:417)
	at org.openqa.selenium.WebElement$click.call(Unknown Source)
	at com.kms.katalon.core.webui.keyword.builtin.ClickKeyword.clickUntilSuccessWithTimeout(ClickKeyword.groovy:81)
	at com.kms.katalon.core.webui.keyword.builtin.ClickKeyword.clickUntilSuccessWithTimeout(ClickKeyword.groovy)
	at jdk.internal.reflect.GeneratedMethodAccessor13.invoke(Unknown Source)
	at java.base/jdk.internal.reflect.DelegatingMethodAccessorImpl.invoke(DelegatingMethodAccessorImpl.java:43)
	at com.kms.katalon.core.webui.keyword.builtin.ClickKeyword$_click_closure1.doCall(ClickKeyword.groovy:67)
	at com.kms.katalon.core.webui.keyword.builtin.ClickKeyword$_click_closure1.call(ClickKeyword.groovy)
	at com.kms.katalon.core.webui.keyword.internal.WebUIKeywordMain.runKeyword(WebUIKeywordMain.groovy:20)
	at com.kms.katalon.core.webui.keyword.builtin.ClickKeyword.click(ClickKeyword.groovy:74)
	at com.kms.katalon.core.webui.keyword.builtin.ClickKeyword.execute(ClickKeyword.groovy:40)
	at com.kms.katalon.core.keyword.internal.KeywordExecutor.executeKeywordForPlatform(KeywordExecutor.groovy:74)
	at com.kms.katalon.core.webui.keyword.WebUiBuiltInKeywords.click(WebUiBuiltInKeywords.groovy:659)
	at Script1718980020443.OpenFilter(Script1718980020443.groovy:859)
	at Script1718980020443.Filials(Script1718980020443.groovy:1773)
	at Script1718980020443.Numbers(Script1718980020443.groovy:751)
	at Script1718980020443.run(Script1718980020443.groovy:231)
	... 15 more
)

24-03-2025T12:00:11 - [MESSAGE][FAILED] - Unable to click on object 'Object Repository/Выполнение бизнес-плана/Снять выделение в фильтре ДЗО' (Root cause: com.kms.katalon.core.exception.StepFailedException: Unable to click on object 'Object Repository/Выполнение бизнес-плана/Снять выделение в фильтре ДЗО'
	at com.kms.katalon.core.webui.keyword.internal.WebUIKeywordMain.stepFailed(WebUIKeywordMain.groovy:64)
	at com.kms.katalon.core.webui.keyword.internal.WebUIKeywordMain.runKeyword(WebUIKeywordMain.groovy:26)
	at com.kms.katalon.core.webui.keyword.builtin.ClickKeyword.click(ClickKeyword.groovy:74)
	at com.kms.katalon.core.webui.keyword.builtin.ClickKeyword.execute(ClickKeyword.groovy:40)
	at com.kms.katalon.core.keyword.internal.KeywordExecutor.executeKeywordForPlatform(KeywordExecutor.groovy:74)
	at com.kms.katalon.core.webui.keyword.WebUiBuiltInKeywords.click(WebUiBuiltInKeywords.groovy:659)
	at Выполнение бизнес-плана Сверка ПАО Россети все филиалы.OpenFilter(Выполнение бизнес-плана Сверка ПАО Россети все филиалы:859)
	at Выполнение бизнес-плана Сверка ПАО Россети все филиалы.Filials(Выполнение бизнес-плана Сверка ПАО Россети все филиалы:1773)
	at Выполнение бизнес-плана Сверка ПАО Россети все филиалы.Numbers(Выполнение бизнес-плана Сверка ПАО Россети все филиалы:751)
	at Выполнение бизнес-плана Сверка ПАО Россети все филиалы.run(Выполнение бизнес-плана Сверка ПАО Россети все филиалы:231)
	at com.kms.katalon.core.main.ScriptEngine.run(ScriptEngine.java:194)
	at com.kms.katalon.core.main.ScriptEngine.runScriptAsRawText(ScriptEngine.java:119)
	at com.kms.katalon.core.main.TestCaseExecutor.runScript(TestCaseExecutor.java:448)
	at com.kms.katalon.core.main.TestCaseExecutor.doExecute(TestCaseExecutor.java:439)
	at com.kms.katalon.core.main.TestCaseExecutor.processExecutionPhase(TestCaseExecutor.java:418)
	at com.kms.katalon.core.main.TestCaseExecutor.accessMainPhase(TestCaseExecutor.java:410)
	at com.kms.katalon.core.main.TestCaseExecutor.execute(TestCaseExecutor.java:285)
	at com.kms.katalon.core.common.CommonExecutor.accessTestCaseMainPhase(CommonExecutor.java:65)
	at com.kms.katalon.core.main.TestSuiteExecutor.accessTestSuiteMainPhase(TestSuiteExecutor.java:150)
	at com.kms.katalon.core.main.TestSuiteExecutor.execute(TestSuiteExecutor.java:106)
	at com.kms.katalon.core.main.TestCaseMain.startTestSuite(TestCaseMain.java:180)
	at TempTestSuite1742797761676.run(TempTestSuite1742797761676.groovy:35)
	at java.base/jdk.internal.reflect.NativeMethodAccessorImpl.invoke0(Native Method)
	at java.base/jdk.internal.reflect.NativeMethodAccessorImpl.invoke(NativeMethodAccessorImpl.java:77)
	at java.base/jdk.internal.reflect.DelegatingMethodAccessorImpl.invoke(DelegatingMethodAccessorImpl.java:43)
Caused by: org.openqa.selenium.ElementNotInteractableException: element not interactable
  (Session info: chrome=134.0.6998.118)
Build info: version: '3.141.59', revision: 'unknown', time: 'unknown'
System info: host: 'UVV-WS904-D', ip: '192.168.0.19', os.name: 'Windows 10', os.arch: 'amd64', os.version: '10.0', java.version: '17.0.7'
Driver info: com.kms.katalon.selenium.driver.CChromeDriver
Capabilities {acceptInsecureCerts: false, browserName: chrome, browserVersion: 134.0.6998.118, chrome: {chromedriverVersion: 133.0.6943.98 (da53563ceb66..., userDataDir: C:\Users\LIAZGI~1\AppData\L...}, fedcm:accounts: true, goog:chromeOptions: {debuggerAddress: localhost:63160}, javascriptEnabled: true, networkConnectionEnabled: false, pageLoadStrategy: normal, platform: WINDOWS, platformName: WINDOWS, proxy: Proxy(), setWindowRect: true, strictFileInteractability: false, timeouts: {implicit: 0, pageLoad: 300000, script: 30000}, unhandledPromptBehavior: dismiss and notify, webauthn:extension:credBlob: true, webauthn:extension:largeBlob: true, webauthn:extension:minPinLength: true, webauthn:extension:prf: true, webauthn:virtualAuthenticators: true}
Session ID: 060031d04eaf6a209da5bd422e68886a
	at java.base/jdk.internal.reflect.NativeConstructorAccessorImpl.newInstance0(Native Method)
	at java.base/jdk.internal.reflect.NativeConstructorAccessorImpl.newInstance(NativeConstructorAccessorImpl.java:77)
	at java.base/jdk.internal.reflect.DelegatingConstructorAccessorImpl.newInstance(DelegatingConstructorAccessorImpl.java:45)
	at org.openqa.selenium.remote.http.W3CHttpResponseCodec.createException(W3CHttpResponseCodec.java:187)
	at org.openqa.selenium.remote.http.W3CHttpResponseCodec.decode(W3CHttpResponseCodec.java:122)
	at org.openqa.selenium.remote.http.W3CHttpResponseCodec.decode(W3CHttpResponseCodec.java:49)
	at org.openqa.selenium.remote.HttpCommandExecutor.execute(HttpCommandExecutor.java:158)
	at org.openqa.selenium.remote.service.DriverCommandExecutor.execute(DriverCommandExecutor.java:83)
	at org.openqa.selenium.remote.RemoteWebDriver.execute(RemoteWebDriver.java:552)
	at com.kms.katalon.selenium.driver.CChromeDriver.execute(CChromeDriver.java:19)
	at org.openqa.selenium.remote.RemoteWebElement.execute(RemoteWebElement.java:285)
	at org.openqa.selenium.remote.RemoteWebElement.click(RemoteWebElement.java:84)
	at jdk.internal.reflect.GeneratedMethodAccessor15.invoke(Unknown Source)
	at java.base/jdk.internal.reflect.DelegatingMethodAccessorImpl.invoke(DelegatingMethodAccessorImpl.java:43)
	at org.openqa.selenium.support.events.EventFiringWebDriver$EventFiringWebElement.lambda$new$0(EventFiringWebDriver.java:404)
	at jdk.proxy2/jdk.proxy2.$Proxy24.click(Unknown Source)
	at org.openqa.selenium.support.events.EventFiringWebDriver$EventFiringWebElement.click(EventFiringWebDriver.java:417)
	at org.openqa.selenium.WebElement$click.call(Unknown Source)
	at com.kms.katalon.core.webui.keyword.builtin.ClickKeyword.clickUntilSuccessWithTimeout(ClickKeyword.groovy:81)
	at com.kms.katalon.core.webui.keyword.builtin.ClickKeyword.clickUntilSuccessWithTimeout(ClickKeyword.groovy)
	at jdk.internal.reflect.GeneratedMethodAccessor13.invoke(Unknown Source)
	at java.base/jdk.internal.reflect.DelegatingMethodAccessorImpl.invoke(DelegatingMethodAccessorImpl.java:43)
	at com.kms.katalon.core.webui.keyword.builtin.ClickKeyword$_click_closure1.doCall(ClickKeyword.groovy:67)
	at com.kms.katalon.core.webui.keyword.builtin.ClickKeyword$_click_closure1.call(ClickKeyword.groovy)
	at com.kms.katalon.core.webui.keyword.internal.WebUIKeywordMain.runKeyword(WebUIKeywordMain.groovy:20)
	at com.kms.katalon.core.webui.keyword.builtin.ClickKeyword.click(ClickKeyword.groovy:74)
	at com.kms.katalon.core.webui.keyword.builtin.ClickKeyword.execute(ClickKeyword.groovy:40)
	at com.kms.katalon.core.keyword.internal.KeywordExecutor.executeKeywordForPlatform(KeywordExecutor.groovy:74)
	at com.kms.katalon.core.webui.keyword.WebUiBuiltInKeywords.click(WebUiBuiltInKeywords.groovy:659)
	at Script1718980020443.OpenFilter(Script1718980020443.groovy:859)
	at Script1718980020443.Filials(Script1718980020443.groovy:1773)
	at Script1718980020443.Numbers(Script1718980020443.groovy:751)
	at Script1718980020443.run(Script1718980020443.groovy:231)
	... 15 more
)
[[ATTACHMENT|C:\\Users\\LIAZGINA-DI\\git\\SPORU\\Reports\\20250324_092921\\\u041F\u043D-\u0421\u0440-\u041F\u0442\\\u0421\u0432\u0435\u0440\u043A\u0430 \u0434\u0430\u0448\u0431\u043E\u0440\u0434\u043E\u0432 \u0438\u0437 \u0440\u0430\u0437\u043D\u044B\u0445 \u0431\u043B\u043E\u043A\u043E\u0432\\20250324_092921\\1742806811899.png]]

24-03-2025T12:00:11 - [TEST_STEP][PASSED] - Script1718980020443.CloseFilter(): null

24-03-2025T12:00:11 - [TEST_STEP][PASSED] - scrollToElement(findTestObject("Выполнение бизнес-плана/Заголовок дашборда"), 30): Scroll to object 'Object Repository/Выполнение бизнес-плана/Заголовок дашборда' successfully

24-03-2025T12:00:12 - [MESSAGE][PASSED] - Scroll to object 'Object Repository/Выполнение бизнес-плана/Заголовок дашборда' successfully

24-03-2025T12:00:12 - [TEST_STEP][FAILED] - click(findTestObject("Object Repository/Выполнение бизнес-плана/Применить в фильтре ДЗО")): Unable to click on object 'Object Repository/Выполнение бизнес-плана/Применить в фильтре ДЗО' (Root cause: com.kms.katalon.core.exception.StepFailedException: Unable to click on object 'Object Repository/Выполнение бизнес-плана/Применить в фильтре ДЗО'
	at com.kms.katalon.core.webui.keyword.internal.WebUIKeywordMain.stepFailed(WebUIKeywordMain.groovy:64)
	at com.kms.katalon.core.webui.keyword.internal.WebUIKeywordMain.runKeyword(WebUIKeywordMain.groovy:26)
	at com.kms.katalon.core.webui.keyword.builtin.ClickKeyword.click(ClickKeyword.groovy:74)
	at com.kms.katalon.core.webui.keyword.builtin.ClickKeyword.execute(ClickKeyword.groovy:40)
	at com.kms.katalon.core.keyword.internal.KeywordExecutor.executeKeywordForPlatform(KeywordExecutor.groovy:74)
	at com.kms.katalon.core.webui.keyword.WebUiBuiltInKeywords.click(WebUiBuiltInKeywords.groovy:659)
	at Выполнение бизнес-плана Сверка ПАО Россети все филиалы.CloseFilter(Выполнение бизнес-плана Сверка ПАО Россети все филиалы:865)
	at Выполнение бизнес-плана Сверка ПАО Россети все филиалы.Filials(Выполнение бизнес-плана Сверка ПАО Россети все филиалы:1775)
	at Выполнение бизнес-плана Сверка ПАО Россети все филиалы.Numbers(Выполнение бизнес-плана Сверка ПАО Россети все филиалы:751)
	at Выполнение бизнес-плана Сверка ПАО Россети все филиалы.run(Выполнение бизнес-плана Сверка ПАО Россети все филиалы:231)
	at com.kms.katalon.core.main.ScriptEngine.run(ScriptEngine.java:194)
	at com.kms.katalon.core.main.ScriptEngine.runScriptAsRawText(ScriptEngine.java:119)
	at com.kms.katalon.core.main.TestCaseExecutor.runScript(TestCaseExecutor.java:448)
	at com.kms.katalon.core.main.TestCaseExecutor.doExecute(TestCaseExecutor.java:439)
	at com.kms.katalon.core.main.TestCaseExecutor.processExecutionPhase(TestCaseExecutor.java:418)
	at com.kms.katalon.core.main.TestCaseExecutor.accessMainPhase(TestCaseExecutor.java:410)
	at com.kms.katalon.core.main.TestCaseExecutor.execute(TestCaseExecutor.java:285)
	at com.kms.katalon.core.common.CommonExecutor.accessTestCaseMainPhase(CommonExecutor.java:65)
	at com.kms.katalon.core.main.TestSuiteExecutor.accessTestSuiteMainPhase(TestSuiteExecutor.java:150)
	at com.kms.katalon.core.main.TestSuiteExecutor.execute(TestSuiteExecutor.java:106)
	at com.kms.katalon.core.main.TestCaseMain.startTestSuite(TestCaseMain.java:180)
	at TempTestSuite1742797761676.run(TempTestSuite1742797761676.groovy:35)
	at java.base/jdk.internal.reflect.NativeMethodAccessorImpl.invoke0(Native Method)
	at java.base/jdk.internal.reflect.NativeMethodAccessorImpl.invoke(NativeMethodAccessorImpl.java:77)
	at java.base/jdk.internal.reflect.DelegatingMethodAccessorImpl.invoke(DelegatingMethodAccessorImpl.java:43)
Caused by: org.openqa.selenium.ElementNotInteractableException: element not interactable
  (Session info: chrome=134.0.6998.118)
Build info: version: '3.141.59', revision: 'unknown', time: 'unknown'
System info: host: 'UVV-WS904-D', ip: '192.168.0.19', os.name: 'Windows 10', os.arch: 'amd64', os.version: '10.0', java.version: '17.0.7'
Driver info: com.kms.katalon.selenium.driver.CChromeDriver
Capabilities {acceptInsecureCerts: false, browserName: chrome, browserVersion: 134.0.6998.118, chrome: {chromedriverVersion: 133.0.6943.98 (da53563ceb66..., userDataDir: C:\Users\LIAZGI~1\AppData\L...}, fedcm:accounts: true, goog:chromeOptions: {debuggerAddress: localhost:63160}, javascriptEnabled: true, networkConnectionEnabled: false, pageLoadStrategy: normal, platform: WINDOWS, platformName: WINDOWS, proxy: Proxy(), setWindowRect: true, strictFileInteractability: false, timeouts: {implicit: 0, pageLoad: 300000, script: 30000}, unhandledPromptBehavior: dismiss and notify, webauthn:extension:credBlob: true, webauthn:extension:largeBlob: true, webauthn:extension:minPinLength: true, webauthn:extension:prf: true, webauthn:virtualAuthenticators: true}
Session ID: 060031d04eaf6a209da5bd422e68886a
	at java.base/jdk.internal.reflect.NativeConstructorAccessorImpl.newInstance0(Native Method)
	at java.base/jdk.internal.reflect.NativeConstructorAccessorImpl.newInstance(NativeConstructorAccessorImpl.java:77)
	at java.base/jdk.internal.reflect.DelegatingConstructorAccessorImpl.newInstance(DelegatingConstructorAccessorImpl.java:45)
	at org.openqa.selenium.remote.http.W3CHttpResponseCodec.createException(W3CHttpResponseCodec.java:187)
	at org.openqa.selenium.remote.http.W3CHttpResponseCodec.decode(W3CHttpResponseCodec.java:122)
	at org.openqa.selenium.remote.http.W3CHttpResponseCodec.decode(W3CHttpResponseCodec.java:49)
	at org.openqa.selenium.remote.HttpCommandExecutor.execute(HttpCommandExecutor.java:158)
	at org.openqa.selenium.remote.service.DriverCommandExecutor.execute(DriverCommandExecutor.java:83)
	at org.openqa.selenium.remote.RemoteWebDriver.execute(RemoteWebDriver.java:552)
	at com.kms.katalon.selenium.driver.CChromeDriver.execute(CChromeDriver.java:19)
	at org.openqa.selenium.remote.RemoteWebElement.execute(RemoteWebElement.java:285)
	at org.openqa.selenium.remote.RemoteWebElement.click(RemoteWebElement.java:84)
	at jdk.internal.reflect.GeneratedMethodAccessor15.invoke(Unknown Source)
	at java.base/jdk.internal.reflect.DelegatingMethodAccessorImpl.invoke(DelegatingMethodAccessorImpl.java:43)
	at org.openqa.selenium.support.events.EventFiringWebDriver$EventFiringWebElement.lambda$new$0(EventFiringWebDriver.java:404)
	at jdk.proxy2/jdk.proxy2.$Proxy24.click(Unknown Source)
	at org.openqa.selenium.support.events.EventFiringWebDriver$EventFiringWebElement.click(EventFiringWebDriver.java:417)
	at org.openqa.selenium.WebElement$click.call(Unknown Source)
	at com.kms.katalon.core.webui.keyword.builtin.ClickKeyword.clickUntilSuccessWithTimeout(ClickKeyword.groovy:81)
	at com.kms.katalon.core.webui.keyword.builtin.ClickKeyword.clickUntilSuccessWithTimeout(ClickKeyword.groovy)
	at jdk.internal.reflect.GeneratedMethodAccessor13.invoke(Unknown Source)
	at java.base/jdk.internal.reflect.DelegatingMethodAccessorImpl.invoke(DelegatingMethodAccessorImpl.java:43)
	at com.kms.katalon.core.webui.keyword.builtin.ClickKeyword$_click_closure1.doCall(ClickKeyword.groovy:67)
	at com.kms.katalon.core.webui.keyword.builtin.ClickKeyword$_click_closure1.call(ClickKeyword.groovy)
	at com.kms.katalon.core.webui.keyword.internal.WebUIKeywordMain.runKeyword(WebUIKeywordMain.groovy:20)
	at com.kms.katalon.core.webui.keyword.builtin.ClickKeyword.click(ClickKeyword.groovy:74)
	at com.kms.katalon.core.webui.keyword.builtin.ClickKeyword.execute(ClickKeyword.groovy:40)
	at com.kms.katalon.core.keyword.internal.KeywordExecutor.executeKeywordForPlatform(KeywordExecutor.groovy:74)
	at com.kms.katalon.core.webui.keyword.WebUiBuiltInKeywords.click(WebUiBuiltInKeywords.groovy:659)
	at Script1718980020443.CloseFilter(Script1718980020443.groovy:865)
	at Script1718980020443.Filials(Script1718980020443.groovy:1775)
	at Script1718980020443.Numbers(Script1718980020443.groovy:751)
	at Script1718980020443.run(Script1718980020443.groovy:231)
	... 15 more
)

24-03-2025T12:00:12 - [MESSAGE][FAILED] - Unable to click on object 'Object Repository/Выполнение бизнес-плана/Применить в фильтре ДЗО' (Root cause: com.kms.katalon.core.exception.StepFailedException: Unable to click on object 'Object Repository/Выполнение бизнес-плана/Применить в фильтре ДЗО'
	at com.kms.katalon.core.webui.keyword.internal.WebUIKeywordMain.stepFailed(WebUIKeywordMain.groovy:64)
	at com.kms.katalon.core.webui.keyword.internal.WebUIKeywordMain.runKeyword(WebUIKeywordMain.groovy:26)
	at com.kms.katalon.core.webui.keyword.builtin.ClickKeyword.click(ClickKeyword.groovy:74)
	at com.kms.katalon.core.webui.keyword.builtin.ClickKeyword.execute(ClickKeyword.groovy:40)
	at com.kms.katalon.core.keyword.internal.KeywordExecutor.executeKeywordForPlatform(KeywordExecutor.groovy:74)
	at com.kms.katalon.core.webui.keyword.WebUiBuiltInKeywords.click(WebUiBuiltInKeywords.groovy:659)
	at Выполнение бизнес-плана Сверка ПАО Россети все филиалы.CloseFilter(Выполнение бизнес-плана Сверка ПАО Россети все филиалы:865)
	at Выполнение бизнес-плана Сверка ПАО Россети все филиалы.Filials(Выполнение бизнес-плана Сверка ПАО Россети все филиалы:1775)
	at Выполнение бизнес-плана Сверка ПАО Россети все филиалы.Numbers(Выполнение бизнес-плана Сверка ПАО Россети все филиалы:751)
	at Выполнение бизнес-плана Сверка ПАО Россети все филиалы.run(Выполнение бизнес-плана Сверка ПАО Россети все филиалы:231)
	at com.kms.katalon.core.main.ScriptEngine.run(ScriptEngine.java:194)
	at com.kms.katalon.core.main.ScriptEngine.runScriptAsRawText(ScriptEngine.java:119)
	at com.kms.katalon.core.main.TestCaseExecutor.runScript(TestCaseExecutor.java:448)
	at com.kms.katalon.core.main.TestCaseExecutor.doExecute(TestCaseExecutor.java:439)
	at com.kms.katalon.core.main.TestCaseExecutor.processExecutionPhase(TestCaseExecutor.java:418)
	at com.kms.katalon.core.main.TestCaseExecutor.accessMainPhase(TestCaseExecutor.java:410)
	at com.kms.katalon.core.main.TestCaseExecutor.execute(TestCaseExecutor.java:285)
	at com.kms.katalon.core.common.CommonExecutor.accessTestCaseMainPhase(CommonExecutor.java:65)
	at com.kms.katalon.core.main.TestSuiteExecutor.accessTestSuiteMainPhase(TestSuiteExecutor.java:150)
	at com.kms.katalon.core.main.TestSuiteExecutor.execute(TestSuiteExecutor.java:106)
	at com.kms.katalon.core.main.TestCaseMain.startTestSuite(TestCaseMain.java:180)
	at TempTestSuite1742797761676.run(TempTestSuite1742797761676.groovy:35)
	at java.base/jdk.internal.reflect.NativeMethodAccessorImpl.invoke0(Native Method)
	at java.base/jdk.internal.reflect.NativeMethodAccessorImpl.invoke(NativeMethodAccessorImpl.java:77)
	at java.base/jdk.internal.reflect.DelegatingMethodAccessorImpl.invoke(DelegatingMethodAccessorImpl.java:43)
Caused by: org.openqa.selenium.ElementNotInteractableException: element not interactable
  (Session info: chrome=134.0.6998.118)
Build info: version: '3.141.59', revision: 'unknown', time: 'unknown'
System info: host: 'UVV-WS904-D', ip: '192.168.0.19', os.name: 'Windows 10', os.arch: 'amd64', os.version: '10.0', java.version: '17.0.7'
Driver info: com.kms.katalon.selenium.driver.CChromeDriver
Capabilities {acceptInsecureCerts: false, browserName: chrome, browserVersion: 134.0.6998.118, chrome: {chromedriverVersion: 133.0.6943.98 (da53563ceb66..., userDataDir: C:\Users\LIAZGI~1\AppData\L...}, fedcm:accounts: true, goog:chromeOptions: {debuggerAddress: localhost:63160}, javascriptEnabled: true, networkConnectionEnabled: false, pageLoadStrategy: normal, platform: WINDOWS, platformName: WINDOWS, proxy: Proxy(), setWindowRect: true, strictFileInteractability: false, timeouts: {implicit: 0, pageLoad: 300000, script: 30000}, unhandledPromptBehavior: dismiss and notify, webauthn:extension:credBlob: true, webauthn:extension:largeBlob: true, webauthn:extension:minPinLength: true, webauthn:extension:prf: true, webauthn:virtualAuthenticators: true}
Session ID: 060031d04eaf6a209da5bd422e68886a
	at java.base/jdk.internal.reflect.NativeConstructorAccessorImpl.newInstance0(Native Method)
	at java.base/jdk.internal.reflect.NativeConstructorAccessorImpl.newInstance(NativeConstructorAccessorImpl.java:77)
	at java.base/jdk.internal.reflect.DelegatingConstructorAccessorImpl.newInstance(DelegatingConstructorAccessorImpl.java:45)
	at org.openqa.selenium.remote.http.W3CHttpResponseCodec.createException(W3CHttpResponseCodec.java:187)
	at org.openqa.selenium.remote.http.W3CHttpResponseCodec.decode(W3CHttpResponseCodec.java:122)
	at org.openqa.selenium.remote.http.W3CHttpResponseCodec.decode(W3CHttpResponseCodec.java:49)
	at org.openqa.selenium.remote.HttpCommandExecutor.execute(HttpCommandExecutor.java:158)
	at org.openqa.selenium.remote.service.DriverCommandExecutor.execute(DriverCommandExecutor.java:83)
	at org.openqa.selenium.remote.RemoteWebDriver.execute(RemoteWebDriver.java:552)
	at com.kms.katalon.selenium.driver.CChromeDriver.execute(CChromeDriver.java:19)
	at org.openqa.selenium.remote.RemoteWebElement.execute(RemoteWebElement.java:285)
	at org.openqa.selenium.remote.RemoteWebElement.click(RemoteWebElement.java:84)
	at jdk.internal.reflect.GeneratedMethodAccessor15.invoke(Unknown Source)
	at java.base/jdk.internal.reflect.DelegatingMethodAccessorImpl.invoke(DelegatingMethodAccessorImpl.java:43)
	at org.openqa.selenium.support.events.EventFiringWebDriver$EventFiringWebElement.lambda$new$0(EventFiringWebDriver.java:404)
	at jdk.proxy2/jdk.proxy2.$Proxy24.click(Unknown Source)
	at org.openqa.selenium.support.events.EventFiringWebDriver$EventFiringWebElement.click(EventFiringWebDriver.java:417)
	at org.openqa.selenium.WebElement$click.call(Unknown Source)
	at com.kms.katalon.core.webui.keyword.builtin.ClickKeyword.clickUntilSuccessWithTimeout(ClickKeyword.groovy:81)
	at com.kms.katalon.core.webui.keyword.builtin.ClickKeyword.clickUntilSuccessWithTimeout(ClickKeyword.groovy)
	at jdk.internal.reflect.GeneratedMethodAccessor13.invoke(Unknown Source)
	at java.base/jdk.internal.reflect.DelegatingMethodAccessorImpl.invoke(DelegatingMethodAccessorImpl.java:43)
	at com.kms.katalon.core.webui.keyword.builtin.ClickKeyword$_click_closure1.doCall(ClickKeyword.groovy:67)
	at com.kms.katalon.core.webui.keyword.builtin.ClickKeyword$_click_closure1.call(ClickKeyword.groovy)
	at com.kms.katalon.core.webui.keyword.internal.WebUIKeywordMain.runKeyword(WebUIKeywordMain.groovy:20)
	at com.kms.katalon.core.webui.keyword.builtin.ClickKeyword.click(ClickKeyword.groovy:74)
	at com.kms.katalon.core.webui.keyword.builtin.ClickKeyword.execute(ClickKeyword.groovy:40)
	at com.kms.katalon.core.keyword.internal.KeywordExecutor.executeKeywordForPlatform(KeywordExecutor.groovy:74)
	at com.kms.katalon.core.webui.keyword.WebUiBuiltInKeywords.click(WebUiBuiltInKeywords.groovy:659)
	at Script1718980020443.CloseFilter(Script1718980020443.groovy:865)
	at Script1718980020443.Filials(Script1718980020443.groovy:1775)
	at Script1718980020443.Numbers(Script1718980020443.groovy:751)
	at Script1718980020443.run(Script1718980020443.groovy:231)
	... 15 more
)
[[ATTACHMENT|C:\\Users\\LIAZGINA-DI\\git\\SPORU\\Reports\\20250324_092921\\\u041F\u043D-\u0421\u0440-\u041F\u0442\\\u0421\u0432\u0435\u0440\u043A\u0430 \u0434\u0430\u0448\u0431\u043E\u0440\u0434\u043E\u0432 \u0438\u0437 \u0440\u0430\u0437\u043D\u044B\u0445 \u0431\u043B\u043E\u043A\u043E\u0432\\20250324_092921\\1742806812602.png]]

24-03-2025T12:00:12 - [TEST_STEP][PASSED] - delay(60): Delayed 60 second(s)

24-03-2025T12:01:12 - [MESSAGE][PASSED] - Delayed 60 second(s)

24-03-2025T12:01:12 - [TEST_STEP][PASSED] - if (a == 82): null

24-03-2025T12:01:12 - [TEST_STEP][PASSED] - println(dzoNum): null

24-03-2025T12:01:12 - [TEST_STEP][PASSED] - dZO = "Россети Кубань": null

24-03-2025T12:01:12 - [TEST_STEP][PASSED] - a = 73: null

24-03-2025T12:01:12 - [TEST_STEP][PASSED] - if (x1.contains("Кубань")): null

24-03-2025T12:01:12 - [TEST_STEP][PASSED] - else: null

24-03-2025T12:01:12 - [TEST_STEP][PASSED] - Script1718980020443.NoData(a, typeOfData, todaysDate, fileInt, fileDouble, dZO): null

24-03-2025T12:01:12 - [TEST_STEP][PASSED] - println(a): null

24-03-2025T12:01:12 - [TEST_STEP][PASSED] - println(todaysDate): null

24-03-2025T12:01:12 - [TEST_STEP][PASSED] - println(fileInt): null

24-03-2025T12:01:12 - [TEST_STEP][PASSED] - println(fileDouble): null

24-03-2025T12:01:12 - [TEST_STEP][PASSED] - println(dZO): null

24-03-2025T12:01:12 - [TEST_STEP][PASSED] - typeOfData = "Факт Отпуск в сеть": null

24-03-2025T12:01:12 - [TEST_STEP][PASSED] - fileInt = replaceAll("\s+", "").toInteger(): null

24-03-2025T12:01:12 - [TEST_STEP][PASSED] - Script1718980020443.WriteToExcelNoData(a, typeOfData, todaysDate, fileInt, fileDouble, dZO): null

24-03-2025T12:01:12 - [TEST_STEP][PASSED] - sheetName = "Sheet1": null

24-03-2025T12:01:12 - [TEST_STEP][PASSED] - data = findTestData("PlanFact"): null

24-03-2025T12:01:12 - [TEST_STEP][PASSED] - n = data.getRowNumbers() + 1: null

24-03-2025T12:01:12 - [TEST_STEP][PASSED] - day = ")).toInteger(): null

24-03-2025T12:01:12 - [TEST_STEP][PASSED] - println(day): null

24-03-2025T12:01:12 - [TEST_STEP][PASSED] - month = ")).toInteger(): null

24-03-2025T12:01:12 - [TEST_STEP][PASSED] - println(month): null

24-03-2025T12:01:12 - [TEST_STEP][PASSED] - y = <not implemented yet for class: org.codehaus.groovy.ast.expr.EmptyExpression>: null

24-03-2025T12:01:12 - [TEST_STEP][PASSED] - iy = <not implemented yet for class: org.codehaus.groovy.ast.expr.EmptyExpression>: null

24-03-2025T12:01:12 - [TEST_STEP][FAILED] - m = getText(findTestObject("Выполнение бизнес-плана/Период")): Unable to get text of object 'Object Repository/Выполнение бизнес-плана/Период' (Root cause: com.kms.katalon.core.exception.StepFailedException: Unable to get text of object 'Object Repository/Выполнение бизнес-плана/Период'
	at com.kms.katalon.core.webui.keyword.internal.WebUIKeywordMain.stepFailed(WebUIKeywordMain.groovy:64)
	at com.kms.katalon.core.webui.keyword.internal.WebUIKeywordMain.runKeyword(WebUIKeywordMain.groovy:26)
	at com.kms.katalon.core.webui.keyword.builtin.GetTextKeyword.getText(GetTextKeyword.groovy:88)
	at com.kms.katalon.core.webui.keyword.builtin.GetTextKeyword.execute(GetTextKeyword.groovy:67)
	at com.kms.katalon.core.keyword.internal.KeywordExecutor.executeKeywordForPlatform(KeywordExecutor.groovy:74)
	at com.kms.katalon.core.webui.keyword.WebUiBuiltInKeywords.getText(WebUiBuiltInKeywords.groovy:957)
	at Выполнение бизнес-плана Сверка ПАО Россети все филиалы.WriteToExcelNoData(Выполнение бизнес-плана Сверка ПАО Россети все филиалы:1919)
	at Выполнение бизнес-плана Сверка ПАО Россети все филиалы.NoData(Выполнение бизнес-плана Сверка ПАО Россети все филиалы:1867)
	at Выполнение бизнес-плана Сверка ПАО Россети все филиалы.run(Выполнение бизнес-плана Сверка ПАО Россети все филиалы:247)
	at com.kms.katalon.core.main.ScriptEngine.run(ScriptEngine.java:194)
	at com.kms.katalon.core.main.ScriptEngine.runScriptAsRawText(ScriptEngine.java:119)
	at com.kms.katalon.core.main.TestCaseExecutor.runScript(TestCaseExecutor.java:448)
	at com.kms.katalon.core.main.TestCaseExecutor.doExecute(TestCaseExecutor.java:439)
	at com.kms.katalon.core.main.TestCaseExecutor.processExecutionPhase(TestCaseExecutor.java:418)
	at com.kms.katalon.core.main.TestCaseExecutor.accessMainPhase(TestCaseExecutor.java:410)
	at com.kms.katalon.core.main.TestCaseExecutor.execute(TestCaseExecutor.java:285)
	at com.kms.katalon.core.common.CommonExecutor.accessTestCaseMainPhase(CommonExecutor.java:65)
	at com.kms.katalon.core.main.TestSuiteExecutor.accessTestSuiteMainPhase(TestSuiteExecutor.java:150)
	at com.kms.katalon.core.main.TestSuiteExecutor.execute(TestSuiteExecutor.java:106)
	at com.kms.katalon.core.main.TestCaseMain.startTestSuite(TestCaseMain.java:180)
	at TempTestSuite1742797761676.run(TempTestSuite1742797761676.groovy:35)
	at java.base/jdk.internal.reflect.NativeMethodAccessorImpl.invoke0(Native Method)
	at java.base/jdk.internal.reflect.NativeMethodAccessorImpl.invoke(NativeMethodAccessorImpl.java:77)
	at java.base/jdk.internal.reflect.DelegatingMethodAccessorImpl.invoke(DelegatingMethodAccessorImpl.java:43)
Caused by: org.openqa.selenium.NoSuchSessionException: invalid session id
Build info: version: '3.141.59', revision: 'unknown', time: 'unknown'
System info: host: 'UVV-WS904-D', ip: '192.168.0.19', os.name: 'Windows 10', os.arch: 'amd64', os.version: '10.0', java.version: '17.0.7'
Driver info: com.kms.katalon.selenium.driver.CChromeDriver
Capabilities {acceptInsecureCerts: false, browserName: chrome, browserVersion: 134.0.6998.118, chrome: {chromedriverVersion: 133.0.6943.98 (da53563ceb66..., userDataDir: C:\Users\LIAZGI~1\AppData\L...}, fedcm:accounts: true, goog:chromeOptions: {debuggerAddress: localhost:63160}, javascriptEnabled: true, networkConnectionEnabled: false, pageLoadStrategy: normal, platform: WINDOWS, platformName: WINDOWS, proxy: Proxy(), setWindowRect: true, strictFileInteractability: false, timeouts: {implicit: 0, pageLoad: 300000, script: 30000}, unhandledPromptBehavior: dismiss and notify, webauthn:extension:credBlob: true, webauthn:extension:largeBlob: true, webauthn:extension:minPinLength: true, webauthn:extension:prf: true, webauthn:virtualAuthenticators: true}
Session ID: 060031d04eaf6a209da5bd422e68886a
*** Element info: {Using=xpath, value=(.//*[normalize-space(text()) and normalize-space(.)='Период'])[1]/following::div[5]}
	at java.base/jdk.internal.reflect.NativeConstructorAccessorImpl.newInstance0(Native Method)
	at java.base/jdk.internal.reflect.NativeConstructorAccessorImpl.newInstance(NativeConstructorAccessorImpl.java:77)
	at java.base/jdk.internal.reflect.DelegatingConstructorAccessorImpl.newInstance(DelegatingConstructorAccessorImpl.java:45)
	at org.openqa.selenium.remote.http.W3CHttpResponseCodec.createException(W3CHttpResponseCodec.java:187)
	at org.openqa.selenium.remote.http.W3CHttpResponseCodec.decode(W3CHttpResponseCodec.java:122)
	at org.openqa.selenium.remote.http.W3CHttpResponseCodec.decode(W3CHttpResponseCodec.java:49)
	at org.openqa.selenium.remote.HttpCommandExecutor.execute(HttpCommandExecutor.java:158)
	at org.openqa.selenium.remote.service.DriverCommandExecutor.execute(DriverCommandExecutor.java:83)
	at org.openqa.selenium.remote.RemoteWebDriver.execute(RemoteWebDriver.java:552)
	at com.kms.katalon.selenium.driver.CChromeDriver.execute(CChromeDriver.java:19)
	at org.openqa.selenium.remote.RemoteWebDriver.findElements(RemoteWebDriver.java:353)
	at org.openqa.selenium.remote.RemoteWebDriver.findElementsByXPath(RemoteWebDriver.java:432)
	at org.openqa.selenium.By$ByXPath.findElements(By.java:348)
	at org.openqa.selenium.remote.RemoteWebDriver.findElements(RemoteWebDriver.java:311)
	at jdk.internal.reflect.GeneratedMethodAccessor10.invoke(Unknown Source)
	at java.base/jdk.internal.reflect.DelegatingMethodAccessorImpl.invoke(DelegatingMethodAccessorImpl.java:43)
	at org.openqa.selenium.support.events.EventFiringWebDriver.lambda$new$1(EventFiringWebDriver.java:105)
	at jdk.proxy2/jdk.proxy2.$Proxy23.findElements(Unknown Source)
	at org.openqa.selenium.support.events.EventFiringWebDriver.findElements(EventFiringWebDriver.java:182)
	at com.kms.katalon.core.webui.common.WebUiCommonHelper.findElementByNormalMethods(WebUiCommonHelper.java:1036)
	at com.kms.katalon.core.webui.common.WebUiCommonHelper.findElementsBySelectedMethod(WebUiCommonHelper.java:921)
	at com.kms.katalon.core.webui.common.WebUiCommonHelper.findElementsBySelectedMethod(WebUiCommonHelper.java:902)
	at com.kms.katalon.core.webui.common.WebUiCommonHelper.findElementsBySelectedMethod(WebUiCommonHelper.java:897)
	at com.kms.katalon.core.webui.common.WebUiCommonHelper.findElementsByDefault(WebUiCommonHelper.java:893)
	at com.kms.katalon.core.webui.common.WebUiCommonHelper.findWebElements(WebUiCommonHelper.java:725)
	at com.kms.katalon.core.webui.common.WebUiCommonHelper.findWebElement(WebUiCommonHelper.java:1416)
	at com.kms.katalon.core.webui.keyword.internal.WebUIAbstractKeyword.findWebElement(WebUIAbstractKeyword.groovy:27)
	at com.kms.katalon.core.webui.keyword.internal.WebUIAbstractKeyword.findWebElement(WebUIAbstractKeyword.groovy:26)
	at com.kms.katalon.core.webui.keyword.builtin.GetTextKeyword$_getText_closure1.doCall(GetTextKeyword.groovy:78)
	at com.kms.katalon.core.webui.keyword.builtin.GetTextKeyword$_getText_closure1.call(GetTextKeyword.groovy)
	at com.kms.katalon.core.webui.keyword.internal.WebUIKeywordMain.runKeyword(WebUIKeywordMain.groovy:20)
	at com.kms.katalon.core.webui.keyword.builtin.GetTextKeyword.getText(GetTextKeyword.groovy:88)
	at com.kms.katalon.core.webui.keyword.builtin.GetTextKeyword.execute(GetTextKeyword.groovy:67)
	at com.kms.katalon.core.keyword.internal.KeywordExecutor.executeKeywordForPlatform(KeywordExecutor.groovy:74)
	at com.kms.katalon.core.webui.keyword.WebUiBuiltInKeywords.getText(WebUiBuiltInKeywords.groovy:957)
	at Script1718980020443.WriteToExcelNoData(Script1718980020443.groovy:1919)
	at Script1718980020443.NoData(Script1718980020443.groovy:1867)
	at Script1718980020443.run(Script1718980020443.groovy:247)
	... 15 more
)

24-03-2025T12:01:12 - [MESSAGE][WARNING] - Cannot take screenshot

24-03-2025T12:01:12 - [MESSAGE][FAILED] - Unable to get text of object 'Object Repository/Выполнение бизнес-плана/Период' (Root cause: com.kms.katalon.core.exception.StepFailedException: Unable to get text of object 'Object Repository/Выполнение бизнес-плана/Период'
	at com.kms.katalon.core.webui.keyword.internal.WebUIKeywordMain.stepFailed(WebUIKeywordMain.groovy:64)
	at com.kms.katalon.core.webui.keyword.internal.WebUIKeywordMain.runKeyword(WebUIKeywordMain.groovy:26)
	at com.kms.katalon.core.webui.keyword.builtin.GetTextKeyword.getText(GetTextKeyword.groovy:88)
	at com.kms.katalon.core.webui.keyword.builtin.GetTextKeyword.execute(GetTextKeyword.groovy:67)
	at com.kms.katalon.core.keyword.internal.KeywordExecutor.executeKeywordForPlatform(KeywordExecutor.groovy:74)
	at com.kms.katalon.core.webui.keyword.WebUiBuiltInKeywords.getText(WebUiBuiltInKeywords.groovy:957)
	at Выполнение бизнес-плана Сверка ПАО Россети все филиалы.WriteToExcelNoData(Выполнение бизнес-плана Сверка ПАО Россети все филиалы:1919)
	at Выполнение бизнес-плана Сверка ПАО Россети все филиалы.NoData(Выполнение бизнес-плана Сверка ПАО Россети все филиалы:1867)
	at Выполнение бизнес-плана Сверка ПАО Россети все филиалы.run(Выполнение бизнес-плана Сверка ПАО Россети все филиалы:247)
	at com.kms.katalon.core.main.ScriptEngine.run(ScriptEngine.java:194)
	at com.kms.katalon.core.main.ScriptEngine.runScriptAsRawText(ScriptEngine.java:119)
	at com.kms.katalon.core.main.TestCaseExecutor.runScript(TestCaseExecutor.java:448)
	at com.kms.katalon.core.main.TestCaseExecutor.doExecute(TestCaseExecutor.java:439)
	at com.kms.katalon.core.main.TestCaseExecutor.processExecutionPhase(TestCaseExecutor.java:418)
	at com.kms.katalon.core.main.TestCaseExecutor.accessMainPhase(TestCaseExecutor.java:410)
	at com.kms.katalon.core.main.TestCaseExecutor.execute(TestCaseExecutor.java:285)
	at com.kms.katalon.core.common.CommonExecutor.accessTestCaseMainPhase(CommonExecutor.java:65)
	at com.kms.katalon.core.main.TestSuiteExecutor.accessTestSuiteMainPhase(TestSuiteExecutor.java:150)
	at com.kms.katalon.core.main.TestSuiteExecutor.execute(TestSuiteExecutor.java:106)
	at com.kms.katalon.core.main.TestCaseMain.startTestSuite(TestCaseMain.java:180)
	at TempTestSuite1742797761676.run(TempTestSuite1742797761676.groovy:35)
	at java.base/jdk.internal.reflect.NativeMethodAccessorImpl.invoke0(Native Method)
	at java.base/jdk.internal.reflect.NativeMethodAccessorImpl.invoke(NativeMethodAccessorImpl.java:77)
	at java.base/jdk.internal.reflect.DelegatingMethodAccessorImpl.invoke(DelegatingMethodAccessorImpl.java:43)
Caused by: org.openqa.selenium.NoSuchSessionException: invalid session id
Build info: version: '3.141.59', revision: 'unknown', time: 'unknown'
System info: host: 'UVV-WS904-D', ip: '192.168.0.19', os.name: 'Windows 10', os.arch: 'amd64', os.version: '10.0', java.version: '17.0.7'
Driver info: com.kms.katalon.selenium.driver.CChromeDriver
Capabilities {acceptInsecureCerts: false, browserName: chrome, browserVersion: 134.0.6998.118, chrome: {chromedriverVersion: 133.0.6943.98 (da53563ceb66..., userDataDir: C:\Users\LIAZGI~1\AppData\L...}, fedcm:accounts: true, goog:chromeOptions: {debuggerAddress: localhost:63160}, javascriptEnabled: true, networkConnectionEnabled: false, pageLoadStrategy: normal, platform: WINDOWS, platformName: WINDOWS, proxy: Proxy(), setWindowRect: true, strictFileInteractability: false, timeouts: {implicit: 0, pageLoad: 300000, script: 30000}, unhandledPromptBehavior: dismiss and notify, webauthn:extension:credBlob: true, webauthn:extension:largeBlob: true, webauthn:extension:minPinLength: true, webauthn:extension:prf: true, webauthn:virtualAuthenticators: true}
Session ID: 060031d04eaf6a209da5bd422e68886a
*** Element info: {Using=xpath, value=(.//*[normalize-space(text()) and normalize-space(.)='Период'])[1]/following::div[5]}
	at java.base/jdk.internal.reflect.NativeConstructorAccessorImpl.newInstance0(Native Method)
	at java.base/jdk.internal.reflect.NativeConstructorAccessorImpl.newInstance(NativeConstructorAccessorImpl.java:77)
	at java.base/jdk.internal.reflect.DelegatingConstructorAccessorImpl.newInstance(DelegatingConstructorAccessorImpl.java:45)
	at org.openqa.selenium.remote.http.W3CHttpResponseCodec.createException(W3CHttpResponseCodec.java:187)
	at org.openqa.selenium.remote.http.W3CHttpResponseCodec.decode(W3CHttpResponseCodec.java:122)
	at org.openqa.selenium.remote.http.W3CHttpResponseCodec.decode(W3CHttpResponseCodec.java:49)
	at org.openqa.selenium.remote.HttpCommandExecutor.execute(HttpCommandExecutor.java:158)
	at org.openqa.selenium.remote.service.DriverCommandExecutor.execute(DriverCommandExecutor.java:83)
	at org.openqa.selenium.remote.RemoteWebDriver.execute(RemoteWebDriver.java:552)
	at com.kms.katalon.selenium.driver.CChromeDriver.execute(CChromeDriver.java:19)
	at org.openqa.selenium.remote.RemoteWebDriver.findElements(RemoteWebDriver.java:353)
	at org.openqa.selenium.remote.RemoteWebDriver.findElementsByXPath(RemoteWebDriver.java:432)
	at org.openqa.selenium.By$ByXPath.findElements(By.java:348)
	at org.openqa.selenium.remote.RemoteWebDriver.findElements(RemoteWebDriver.java:311)
	at jdk.internal.reflect.GeneratedMethodAccessor10.invoke(Unknown Source)
	at java.base/jdk.internal.reflect.DelegatingMethodAccessorImpl.invoke(DelegatingMethodAccessorImpl.java:43)
	at org.openqa.selenium.support.events.EventFiringWebDriver.lambda$new$1(EventFiringWebDriver.java:105)
	at jdk.proxy2/jdk.proxy2.$Proxy23.findElements(Unknown Source)
	at org.openqa.selenium.support.events.EventFiringWebDriver.findElements(EventFiringWebDriver.java:182)
	at com.kms.katalon.core.webui.common.WebUiCommonHelper.findElementByNormalMethods(WebUiCommonHelper.java:1036)
	at com.kms.katalon.core.webui.common.WebUiCommonHelper.findElementsBySelectedMethod(WebUiCommonHelper.java:921)
	at com.kms.katalon.core.webui.common.WebUiCommonHelper.findElementsBySelectedMethod(WebUiCommonHelper.java:902)
	at com.kms.katalon.core.webui.common.WebUiCommonHelper.findElementsBySelectedMethod(WebUiCommonHelper.java:897)
	at com.kms.katalon.core.webui.common.WebUiCommonHelper.findElementsByDefault(WebUiCommonHelper.java:893)
	at com.kms.katalon.core.webui.common.WebUiCommonHelper.findWebElements(WebUiCommonHelper.java:725)
	at com.kms.katalon.core.webui.common.WebUiCommonHelper.findWebElement(WebUiCommonHelper.java:1416)
	at com.kms.katalon.core.webui.keyword.internal.WebUIAbstractKeyword.findWebElement(WebUIAbstractKeyword.groovy:27)
	at com.kms.katalon.core.webui.keyword.internal.WebUIAbstractKeyword.findWebElement(WebUIAbstractKeyword.groovy:26)
	at com.kms.katalon.core.webui.keyword.builtin.GetTextKeyword$_getText_closure1.doCall(GetTextKeyword.groovy:78)
	at com.kms.katalon.core.webui.keyword.builtin.GetTextKeyword$_getText_closure1.call(GetTextKeyword.groovy)
	at com.kms.katalon.core.webui.keyword.internal.WebUIKeywordMain.runKeyword(WebUIKeywordMain.groovy:20)
	at com.kms.katalon.core.webui.keyword.builtin.GetTextKeyword.getText(GetTextKeyword.groovy:88)
	at com.kms.katalon.core.webui.keyword.builtin.GetTextKeyword.execute(GetTextKeyword.groovy:67)
	at com.kms.katalon.core.keyword.internal.KeywordExecutor.executeKeywordForPlatform(KeywordExecutor.groovy:74)
	at com.kms.katalon.core.webui.keyword.WebUiBuiltInKeywords.getText(WebUiBuiltInKeywords.groovy:957)
	at Script1718980020443.WriteToExcelNoData(Script1718980020443.groovy:1919)
	at Script1718980020443.NoData(Script1718980020443.groovy:1867)
	at Script1718980020443.run(Script1718980020443.groovy:247)
	... 15 more
)

24-03-2025T12:01:12 - [TEST_STEP][ERROR] - iy = m.indexOf("20"): Test Cases/Выполнение бизнес-плана/Выполнение бизнес-плана Сверка ПАО Россети все филиалы FAILED.
Reason:
java.lang.NullPointerException: Cannot invoke method indexOf() on null object
	at Выполнение бизнес-плана Сверка ПАО Россети все филиалы.WriteToExcelNoData(Выполнение бизнес-плана Сверка ПАО Россети все филиалы:1921)
	at Выполнение бизнес-плана Сверка ПАО Россети все филиалы.NoData(Выполнение бизнес-плана Сверка ПАО Россети все филиалы:1867)
	at Выполнение бизнес-плана Сверка ПАО Россети все филиалы.run(Выполнение бизнес-плана Сверка ПАО Россети все филиалы:247)
	at com.kms.katalon.core.main.ScriptEngine.run(ScriptEngine.java:194)
	at com.kms.katalon.core.main.ScriptEngine.runScriptAsRawText(ScriptEngine.java:119)
	at com.kms.katalon.core.main.TestCaseExecutor.runScript(TestCaseExecutor.java:448)
	at com.kms.katalon.core.main.TestCaseExecutor.doExecute(TestCaseExecutor.java:439)
	at com.kms.katalon.core.main.TestCaseExecutor.processExecutionPhase(TestCaseExecutor.java:418)
	at com.kms.katalon.core.main.TestCaseExecutor.accessMainPhase(TestCaseExecutor.java:410)
	at com.kms.katalon.core.main.TestCaseExecutor.execute(TestCaseExecutor.java:285)
	at com.kms.katalon.core.common.CommonExecutor.accessTestCaseMainPhase(CommonExecutor.java:65)
	at com.kms.katalon.core.main.TestSuiteExecutor.accessTestSuiteMainPhase(TestSuiteExecutor.java:150)
	at com.kms.katalon.core.main.TestSuiteExecutor.execute(TestSuiteExecutor.java:106)
	at com.kms.katalon.core.main.TestCaseMain.startTestSuite(TestCaseMain.java:180)
	at TempTestSuite1742797761676.run(TempTestSuite1742797761676.groovy:35)
	at java.base/jdk.internal.reflect.NativeMethodAccessorImpl.invoke0(Native Method)
	at java.base/jdk.internal.reflect.NativeMethodAccessorImpl.invoke(NativeMethodAccessorImpl.java:77)
	at java.base/jdk.internal.reflect.DelegatingMethodAccessorImpl.invoke(DelegatingMethodAccessorImpl.java:43)


24-03-2025T12:01:12 - [MESSAGE][ERROR] - Test Cases/Выполнение бизнес-плана/Выполнение бизнес-плана Сверка ПАО Россети все филиалы FAILED.
Reason:
java.lang.NullPointerException: Cannot invoke method indexOf() on null object
	at Выполнение бизнес-плана Сверка ПАО Россети все филиалы.WriteToExcelNoData(Выполнение бизнес-плана Сверка ПАО Россети все филиалы:1921)
	at Выполнение бизнес-плана Сверка ПАО Россети все филиалы.NoData(Выполнение бизнес-плана Сверка ПАО Россети все филиалы:1867)
	at Выполнение бизнес-плана Сверка ПАО Россети все филиалы.run(Выполнение бизнес-плана Сверка ПАО Россети все филиалы:247)
	at com.kms.katalon.core.main.ScriptEngine.run(ScriptEngine.java:194)
	at com.kms.katalon.core.main.ScriptEngine.runScriptAsRawText(ScriptEngine.java:119)
	at com.kms.katalon.core.main.TestCaseExecutor.runScript(TestCaseExecutor.java:448)
	at com.kms.katalon.core.main.TestCaseExecutor.doExecute(TestCaseExecutor.java:439)
	at com.kms.katalon.core.main.TestCaseExecutor.processExecutionPhase(TestCaseExecutor.java:418)
	at com.kms.katalon.core.main.TestCaseExecutor.accessMainPhase(TestCaseExecutor.java:410)
	at com.kms.katalon.core.main.TestCaseExecutor.execute(TestCaseExecutor.java:285)
	at com.kms.katalon.core.common.CommonExecutor.accessTestCaseMainPhase(CommonExecutor.java:65)
	at com.kms.katalon.core.main.TestSuiteExecutor.accessTestSuiteMainPhase(TestSuiteExecutor.java:150)
	at com.kms.katalon.core.main.TestSuiteExecutor.execute(TestSuiteExecutor.java:106)
	at com.kms.katalon.core.main.TestCaseMain.startTestSuite(TestCaseMain.java:180)
	at TempTestSuite1742797761676.run(TempTestSuite1742797761676.groovy:35)
	at java.base/jdk.internal.reflect.NativeMethodAccessorImpl.invoke0(Native Method)
	at java.base/jdk.internal.reflect.NativeMethodAccessorImpl.invoke(NativeMethodAccessorImpl.java:77)
	at java.base/jdk.internal.reflect.DelegatingMethodAccessorImpl.invoke(DelegatingMethodAccessorImpl.java:43)]]></system-out>
         <system-err><![CDATA[24-03-2025T11:34:56 - [TEST_CASE][FAILED] - Test Cases/Выполнение бизнес-плана/Выполнение бизнес-плана Сверка ПАО Россети все филиалы: Test Cases/Выполнение бизнес-плана/Выполнение бизнес-плана Сверка ПАО Россети все филиалы FAILED.
Reason:
com.kms.katalon.core.exception.StepFailedException: Unable to get text of object 'Object Repository/Выполнение бизнес-плана/Просьба обратить внимание' (Root cause: com.kms.katalon.core.exception.StepFailedException: Unable to get text of object 'Object Repository/Выполнение бизнес-плана/Просьба обратить внимание'
	at com.kms.katalon.core.webui.keyword.internal.WebUIKeywordMain.stepFailed(WebUIKeywordMain.groovy:64)
	at com.kms.katalon.core.webui.keyword.internal.WebUIKeywordMain.runKeyword(WebUIKeywordMain.groovy:26)
	at com.kms.katalon.core.webui.keyword.builtin.GetTextKeyword.getText(GetTextKeyword.groovy:88)
	at com.kms.katalon.core.webui.keyword.builtin.GetTextKeyword.execute(GetTextKeyword.groovy:67)
	at com.kms.katalon.core.keyword.internal.KeywordExecutor.executeKeywordForPlatform(KeywordExecutor.groovy:74)
	at com.kms.katalon.core.webui.keyword.WebUiBuiltInKeywords.getText(WebUiBuiltInKeywords.groovy:957)
	at Выполнение бизнес-плана Сверка ПАО Россети все филиалы.ZakrytOpoveshenie(Выполнение бизнес-плана Сверка ПАО Россети все филиалы:767)
	at Выполнение бизнес-плана Сверка ПАО Россети все филиалы.run(Выполнение бизнес-плана Сверка ПАО Россети все филиалы:109)
	at com.kms.katalon.core.main.ScriptEngine.run(ScriptEngine.java:194)
	at com.kms.katalon.core.main.ScriptEngine.runScriptAsRawText(ScriptEngine.java:119)
	at com.kms.katalon.core.main.TestCaseExecutor.runScript(TestCaseExecutor.java:448)
	at com.kms.katalon.core.main.TestCaseExecutor.doExecute(TestCaseExecutor.java:439)
	at com.kms.katalon.core.main.TestCaseExecutor.processExecutionPhase(TestCaseExecutor.java:418)
	at com.kms.katalon.core.main.TestCaseExecutor.accessMainPhase(TestCaseExecutor.java:410)
	at com.kms.katalon.core.main.TestCaseExecutor.execute(TestCaseExecutor.java:285)
	at com.kms.katalon.core.common.CommonExecutor.accessTestCaseMainPhase(CommonExecutor.java:65)
	at com.kms.katalon.core.main.TestSuiteExecutor.accessTestSuiteMainPhase(TestSuiteExecutor.java:150)
	at com.kms.katalon.core.main.TestSuiteExecutor.execute(TestSuiteExecutor.java:106)
	at com.kms.katalon.core.main.TestCaseMain.startTestSuite(TestCaseMain.java:180)
	at TempTestSuite1742797761676.run(TempTestSuite1742797761676.groovy:35)
	at java.base/jdk.internal.reflect.NativeMethodAccessorImpl.invoke0(Native Method)
	at java.base/jdk.internal.reflect.NativeMethodAccessorImpl.invoke(NativeMethodAccessorImpl.java:77)
	at java.base/jdk.internal.reflect.DelegatingMethodAccessorImpl.invoke(DelegatingMethodAccessorImpl.java:43)
Caused by: com.kms.katalon.core.webui.exception.WebElementNotFoundException: Web element with id: 'Object Repository/Выполнение бизнес-плана/Просьба обратить внимание' located by '//*/text()[normalize-space(.)='Просьба обратить внимание']/parent::*' not found
	at com.kms.katalon.core.webui.common.WebUiCommonHelper.findWebElement(WebUiCommonHelper.java:1426)
	at com.kms.katalon.core.webui.keyword.internal.WebUIAbstractKeyword.findWebElement(WebUIAbstractKeyword.groovy:27)
	at com.kms.katalon.core.webui.keyword.internal.WebUIAbstractKeyword.findWebElement(WebUIAbstractKeyword.groovy:26)
	at com.kms.katalon.core.webui.keyword.builtin.GetTextKeyword$_getText_closure1.doCall(GetTextKeyword.groovy:78)
	at com.kms.katalon.core.webui.keyword.builtin.GetTextKeyword$_getText_closure1.call(GetTextKeyword.groovy)
	at com.kms.katalon.core.webui.keyword.internal.WebUIKeywordMain.runKeyword(WebUIKeywordMain.groovy:20)
	at com.kms.katalon.core.webui.keyword.builtin.GetTextKeyword.getText(GetTextKeyword.groovy:88)
	at com.kms.katalon.core.webui.keyword.builtin.GetTextKeyword.execute(GetTextKeyword.groovy:67)
	at com.kms.katalon.core.keyword.internal.KeywordExecutor.executeKeywordForPlatform(KeywordExecutor.groovy:74)
	at com.kms.katalon.core.webui.keyword.WebUiBuiltInKeywords.getText(WebUiBuiltInKeywords.groovy:957)
	at Script1718980020443.ZakrytOpoveshenie(Script1718980020443.groovy:767)
	at Script1718980020443.run(Script1718980020443.groovy:109)
	... 15 more
)
	at com.kms.katalon.core.keyword.internal.KeywordMain.stepFailed(KeywordMain.groovy:39)
	at com.kms.katalon.core.webui.keyword.internal.WebUIKeywordMain.stepFailed(WebUIKeywordMain.groovy:64)
	at com.kms.katalon.core.webui.keyword.internal.WebUIKeywordMain.runKeyword(WebUIKeywordMain.groovy:26)
	at com.kms.katalon.core.webui.keyword.builtin.GetTextKeyword.getText(GetTextKeyword.groovy:88)
	at com.kms.katalon.core.webui.keyword.builtin.GetTextKeyword.execute(GetTextKeyword.groovy:67)
	at com.kms.katalon.core.keyword.internal.KeywordExecutor.executeKeywordForPlatform(KeywordExecutor.groovy:74)
	at com.kms.katalon.core.webui.keyword.WebUiBuiltInKeywords.getText(WebUiBuiltInKeywords.groovy:957)
	at Выполнение бизнес-плана Сверка ПАО Россети все филиалы.ZakrytOpoveshenie(Выполнение бизнес-плана Сверка ПАО Россети все филиалы:767)
	at Выполнение бизнес-плана Сверка ПАО Россети все филиалы.run(Выполнение бизнес-плана Сверка ПАО Россети все филиалы:109)
	at com.kms.katalon.core.main.ScriptEngine.run(ScriptEngine.java:194)
	at com.kms.katalon.core.main.ScriptEngine.runScriptAsRawText(ScriptEngine.java:119)
	at com.kms.katalon.core.main.TestCaseExecutor.runScript(TestCaseExecutor.java:448)
	at com.kms.katalon.core.main.TestCaseExecutor.doExecute(TestCaseExecutor.java:439)
	at com.kms.katalon.core.main.TestCaseExecutor.processExecutionPhase(TestCaseExecutor.java:418)
	at com.kms.katalon.core.main.TestCaseExecutor.accessMainPhase(TestCaseExecutor.java:410)
	at com.kms.katalon.core.main.TestCaseExecutor.execute(TestCaseExecutor.java:285)
	at com.kms.katalon.core.common.CommonExecutor.accessTestCaseMainPhase(CommonExecutor.java:65)
	at com.kms.katalon.core.main.TestSuiteExecutor.accessTestSuiteMainPhase(TestSuiteExecutor.java:150)
	at com.kms.katalon.core.main.TestSuiteExecutor.execute(TestSuiteExecutor.java:106)
	at com.kms.katalon.core.main.TestCaseMain.startTestSuite(TestCaseMain.java:180)
	at TempTestSuite1742797761676.run(TempTestSuite1742797761676.groovy:35)
	at java.base/jdk.internal.reflect.NativeMethodAccessorImpl.invoke0(Native Method)
	at java.base/jdk.internal.reflect.NativeMethodAccessorImpl.invoke(NativeMethodAccessorImpl.java:77)
	at java.base/jdk.internal.reflect.DelegatingMethodAccessorImpl.invoke(DelegatingMethodAccessorImpl.java:43)
Caused by: com.kms.katalon.core.exception.StepFailedException: Unable to get text of object 'Object Repository/Выполнение бизнес-плана/Просьба обратить внимание'
	... 23 more
Caused by: com.kms.katalon.core.webui.exception.WebElementNotFoundException: Web element with id: 'Object Repository/Выполнение бизнес-плана/Просьба обратить внимание' located by '//*/text()[normalize-space(.)='Просьба обратить внимание']/parent::*' not found
	at com.kms.katalon.core.webui.common.WebUiCommonHelper.findWebElement(WebUiCommonHelper.java:1426)
	at com.kms.katalon.core.webui.keyword.internal.WebUIAbstractKeyword.findWebElement(WebUIAbstractKeyword.groovy:27)
	at com.kms.katalon.core.webui.keyword.internal.WebUIAbstractKeyword.findWebElement(WebUIAbstractKeyword.groovy:26)
	at com.kms.katalon.core.webui.keyword.builtin.GetTextKeyword$_getText_closure1.doCall(GetTextKeyword.groovy:78)
	at com.kms.katalon.core.webui.keyword.builtin.GetTextKeyword$_getText_closure1.call(GetTextKeyword.groovy)
	at com.kms.katalon.core.webui.keyword.internal.WebUIKeywordMain.runKeyword(WebUIKeywordMain.groovy:20)
	... 21 more]]></system-err>
      </testcase>
      <system-out><![CDATA[24-03-2025T09:29:26 - [TEST_SUITE][FAILED] - Сверка дашбордов из разных блоков: Test Cases/Сверки дашбордов/Выполнение бизнес-плана сверка дашбордов FAILED.
Reason:
com.kms.katalon.core.exception.StepFailedException: Unable to get text of object 'Object Repository/Выполнение бизнес-плана/Значения со страницы Выполнение бизнес-плана/Table Data/План Потери за отчётный период 1' (Root cause: com.kms.katalon.core.exception.StepFailedException: Unable to get text of object 'Object Repository/Выполнение бизнес-плана/Значения со страницы Выполнение бизнес-плана/Table Data/План Потери за отчётный период 1'
	at com.kms.katalon.core.webui.keyword.internal.WebUIKeywordMain.stepFailed(WebUIKeywordMain.groovy:64)
	at com.kms.katalon.core.webui.keyword.internal.WebUIKeywordMain.runKeyword(WebUIKeywordMain.groovy:26)
	at com.kms.katalon.core.webui.keyword.builtin.GetTextKeyword.getText(GetTextKeyword.groovy:88)
	at com.kms.katalon.core.webui.keyword.builtin.GetTextKeyword.execute(GetTextKeyword.groovy:67)
	at com.kms.katalon.core.keyword.internal.KeywordExecutor.executeKeywordForPlatform(KeywordExecutor.groovy:74)
	at com.kms.katalon.core.webui.keyword.WebUiBuiltInKeywords.getText(WebUiBuiltInKeywords.groovy:957)
	at Выполнение бизнес-плана сверка дашбордов.GetAllData(Выполнение бизнес-плана сверка дашбордов:985)
	at Выполнение бизнес-плана сверка дашбордов.run(Выполнение бизнес-плана сверка дашбордов:156)
	at com.kms.katalon.core.main.ScriptEngine.run(ScriptEngine.java:194)
	at com.kms.katalon.core.main.ScriptEngine.runScriptAsRawText(ScriptEngine.java:119)
	at com.kms.katalon.core.main.TestCaseExecutor.runScript(TestCaseExecutor.java:448)
	at com.kms.katalon.core.main.TestCaseExecutor.doExecute(TestCaseExecutor.java:439)
	at com.kms.katalon.core.main.TestCaseExecutor.processExecutionPhase(TestCaseExecutor.java:418)
	at com.kms.katalon.core.main.TestCaseExecutor.accessMainPhase(TestCaseExecutor.java:410)
	at com.kms.katalon.core.main.TestCaseExecutor.execute(TestCaseExecutor.java:285)
	at com.kms.katalon.core.common.CommonExecutor.accessTestCaseMainPhase(CommonExecutor.java:65)
	at com.kms.katalon.core.main.TestSuiteExecutor.accessTestSuiteMainPhase(TestSuiteExecutor.java:150)
	at com.kms.katalon.core.main.TestSuiteExecutor.execute(TestSuiteExecutor.java:106)
	at com.kms.katalon.core.main.TestCaseMain.startTestSuite(TestCaseMain.java:180)
	at TempTestSuite1742797761676.run(TempTestSuite1742797761676.groovy:35)
	at java.base/jdk.internal.reflect.NativeMethodAccessorImpl.invoke0(Native Method)
	at java.base/jdk.internal.reflect.NativeMethodAccessorImpl.invoke(NativeMethodAccessorImpl.java:77)
	at java.base/jdk.internal.reflect.DelegatingMethodAccessorImpl.invoke(DelegatingMethodAccessorImpl.java:43)
Caused by: com.kms.katalon.core.webui.exception.WebElementNotFoundException: Web element with id: 'Object Repository/Выполнение бизнес-плана/Значения со страницы Выполнение бизнес-плана/Table Data/План Потери за отчётный период 1' located by '(.//*[normalize-space(text()) and normalize-space(.)='Показатели баланса электроэнергии по ДЗО – План'])[2]/following::td[35]' not found
	at com.kms.katalon.core.webui.common.WebUiCommonHelper.findWebElement(WebUiCommonHelper.java:1426)
	at com.kms.katalon.core.webui.keyword.internal.WebUIAbstractKeyword.findWebElement(WebUIAbstractKeyword.groovy:27)
	at com.kms.katalon.core.webui.keyword.internal.WebUIAbstractKeyword.findWebElement(WebUIAbstractKeyword.groovy:26)
	at com.kms.katalon.core.webui.keyword.builtin.GetTextKeyword$_getText_closure1.doCall(GetTextKeyword.groovy:78)
	at com.kms.katalon.core.webui.keyword.builtin.GetTextKeyword$_getText_closure1.call(GetTextKeyword.groovy)
	at com.kms.katalon.core.webui.keyword.internal.WebUIKeywordMain.runKeyword(WebUIKeywordMain.groovy:20)
	at com.kms.katalon.core.webui.keyword.builtin.GetTextKeyword.getText(GetTextKeyword.groovy:88)
	at com.kms.katalon.core.webui.keyword.builtin.GetTextKeyword.execute(GetTextKeyword.groovy:67)
	at com.kms.katalon.core.keyword.internal.KeywordExecutor.executeKeywordForPlatform(KeywordExecutor.groovy:74)
	at com.kms.katalon.core.webui.keyword.WebUiBuiltInKeywords.getText(WebUiBuiltInKeywords.groovy:957)
	at Script1719299571342.GetAllData(Script1719299571342.groovy:985)
	at Script1719299571342.run(Script1719299571342.groovy:156)
	... 15 more
)
	at com.kms.katalon.core.keyword.internal.KeywordMain.stepFailed(KeywordMain.groovy:39)
	at com.kms.katalon.core.webui.keyword.internal.WebUIKeywordMain.stepFailed(WebUIKeywordMain.groovy:64)
	at com.kms.katalon.core.webui.keyword.internal.WebUIKeywordMain.runKeyword(WebUIKeywordMain.groovy:26)
	at com.kms.katalon.core.webui.keyword.builtin.GetTextKeyword.getText(GetTextKeyword.groovy:88)
	at com.kms.katalon.core.webui.keyword.builtin.GetTextKeyword.execute(GetTextKeyword.groovy:67)
	at com.kms.katalon.core.keyword.internal.KeywordExecutor.executeKeywordForPlatform(KeywordExecutor.groovy:74)
	at com.kms.katalon.core.webui.keyword.WebUiBuiltInKeywords.getText(WebUiBuiltInKeywords.groovy:957)
	at Выполнение бизнес-плана сверка дашбордов.GetAllData(Выполнение бизнес-плана сверка дашбордов:985)
	at Выполнение бизнес-плана сверка дашбордов.run(Выполнение бизнес-плана сверка дашбордов:156)
	at com.kms.katalon.core.main.ScriptEngine.run(ScriptEngine.java:194)
	at com.kms.katalon.core.main.ScriptEngine.runScriptAsRawText(ScriptEngine.java:119)
	at com.kms.katalon.core.main.TestCaseExecutor.runScript(TestCaseExecutor.java:448)
	at com.kms.katalon.core.main.TestCaseExecutor.doExecute(TestCaseExecutor.java:439)
	at com.kms.katalon.core.main.TestCaseExecutor.processExecutionPhase(TestCaseExecutor.java:418)
	at com.kms.katalon.core.main.TestCaseExecutor.accessMainPhase(TestCaseExecutor.java:410)
	at com.kms.katalon.core.main.TestCaseExecutor.execute(TestCaseExecutor.java:285)
	at com.kms.katalon.core.common.CommonExecutor.accessTestCaseMainPhase(CommonExecutor.java:65)
	at com.kms.katalon.core.main.TestSuiteExecutor.accessTestSuiteMainPhase(TestSuiteExecutor.java:150)
	at com.kms.katalon.core.main.TestSuiteExecutor.execute(TestSuiteExecutor.java:106)
	at com.kms.katalon.core.main.TestCaseMain.startTestSuite(TestCaseMain.java:180)
	at TempTestSuite1742797761676.run(TempTestSuite1742797761676.groovy:35)
	at java.base/jdk.internal.reflect.NativeMethodAccessorImpl.invoke0(Native Method)
	at java.base/jdk.internal.reflect.NativeMethodAccessorImpl.invoke(NativeMethodAccessorImpl.java:77)
	at java.base/jdk.internal.reflect.DelegatingMethodAccessorImpl.invoke(DelegatingMethodAccessorImpl.java:43)
Caused by: com.kms.katalon.core.exception.StepFailedException: Unable to get text of object 'Object Repository/Выполнение бизнес-плана/Значения со страницы Выполнение бизнес-плана/Table Data/План Потери за отчётный период 1'
	... 23 more
Caused by: com.kms.katalon.core.webui.exception.WebElementNotFoundException: Web element with id: 'Object Repository/Выполнение бизнес-плана/Значения со страницы Выполнение бизнес-плана/Table Data/План Потери за отчётный период 1' located by '(.//*[normalize-space(text()) and normalize-space(.)='Показатели баланса электроэнергии по ДЗО – План'])[2]/following::td[35]' not found
	at com.kms.katalon.core.webui.common.WebUiCommonHelper.findWebElement(WebUiCommonHelper.java:1426)
	at com.kms.katalon.core.webui.keyword.internal.WebUIAbstractKeyword.findWebElement(WebUIAbstractKeyword.groovy:27)
	at com.kms.katalon.core.webui.keyword.internal.WebUIAbstractKeyword.findWebElement(WebUIAbstractKeyword.groovy:26)
	at com.kms.katalon.core.webui.keyword.builtin.GetTextKeyword$_getText_closure1.doCall(GetTextKeyword.groovy:78)
	at com.kms.katalon.core.webui.keyword.builtin.GetTextKeyword$_getText_closure1.call(GetTextKeyword.groovy)
	at com.kms.katalon.core.webui.keyword.internal.WebUIKeywordMain.runKeyword(WebUIKeywordMain.groovy:20)
	... 21 more]]></system-out>
      <system-err><![CDATA[24-03-2025T09:29:26 - [TEST_SUITE][FAILED] - Сверка дашбордов из разных блоков: Test Cases/Сверки дашбордов/Выполнение бизнес-плана сверка дашбордов FAILED.
Reason:
com.kms.katalon.core.exception.StepFailedException: Unable to get text of object 'Object Repository/Выполнение бизнес-плана/Значения со страницы Выполнение бизнес-плана/Table Data/План Потери за отчётный период 1' (Root cause: com.kms.katalon.core.exception.StepFailedException: Unable to get text of object 'Object Repository/Выполнение бизнес-плана/Значения со страницы Выполнение бизнес-плана/Table Data/План Потери за отчётный период 1'
	at com.kms.katalon.core.webui.keyword.internal.WebUIKeywordMain.stepFailed(WebUIKeywordMain.groovy:64)
	at com.kms.katalon.core.webui.keyword.internal.WebUIKeywordMain.runKeyword(WebUIKeywordMain.groovy:26)
	at com.kms.katalon.core.webui.keyword.builtin.GetTextKeyword.getText(GetTextKeyword.groovy:88)
	at com.kms.katalon.core.webui.keyword.builtin.GetTextKeyword.execute(GetTextKeyword.groovy:67)
	at com.kms.katalon.core.keyword.internal.KeywordExecutor.executeKeywordForPlatform(KeywordExecutor.groovy:74)
	at com.kms.katalon.core.webui.keyword.WebUiBuiltInKeywords.getText(WebUiBuiltInKeywords.groovy:957)
	at Выполнение бизнес-плана сверка дашбордов.GetAllData(Выполнение бизнес-плана сверка дашбордов:985)
	at Выполнение бизнес-плана сверка дашбордов.run(Выполнение бизнес-плана сверка дашбордов:156)
	at com.kms.katalon.core.main.ScriptEngine.run(ScriptEngine.java:194)
	at com.kms.katalon.core.main.ScriptEngine.runScriptAsRawText(ScriptEngine.java:119)
	at com.kms.katalon.core.main.TestCaseExecutor.runScript(TestCaseExecutor.java:448)
	at com.kms.katalon.core.main.TestCaseExecutor.doExecute(TestCaseExecutor.java:439)
	at com.kms.katalon.core.main.TestCaseExecutor.processExecutionPhase(TestCaseExecutor.java:418)
	at com.kms.katalon.core.main.TestCaseExecutor.accessMainPhase(TestCaseExecutor.java:410)
	at com.kms.katalon.core.main.TestCaseExecutor.execute(TestCaseExecutor.java:285)
	at com.kms.katalon.core.common.CommonExecutor.accessTestCaseMainPhase(CommonExecutor.java:65)
	at com.kms.katalon.core.main.TestSuiteExecutor.accessTestSuiteMainPhase(TestSuiteExecutor.java:150)
	at com.kms.katalon.core.main.TestSuiteExecutor.execute(TestSuiteExecutor.java:106)
	at com.kms.katalon.core.main.TestCaseMain.startTestSuite(TestCaseMain.java:180)
	at TempTestSuite1742797761676.run(TempTestSuite1742797761676.groovy:35)
	at java.base/jdk.internal.reflect.NativeMethodAccessorImpl.invoke0(Native Method)
	at java.base/jdk.internal.reflect.NativeMethodAccessorImpl.invoke(NativeMethodAccessorImpl.java:77)
	at java.base/jdk.internal.reflect.DelegatingMethodAccessorImpl.invoke(DelegatingMethodAccessorImpl.java:43)
Caused by: com.kms.katalon.core.webui.exception.WebElementNotFoundException: Web element with id: 'Object Repository/Выполнение бизнес-плана/Значения со страницы Выполнение бизнес-плана/Table Data/План Потери за отчётный период 1' located by '(.//*[normalize-space(text()) and normalize-space(.)='Показатели баланса электроэнергии по ДЗО – План'])[2]/following::td[35]' not found
	at com.kms.katalon.core.webui.common.WebUiCommonHelper.findWebElement(WebUiCommonHelper.java:1426)
	at com.kms.katalon.core.webui.keyword.internal.WebUIAbstractKeyword.findWebElement(WebUIAbstractKeyword.groovy:27)
	at com.kms.katalon.core.webui.keyword.internal.WebUIAbstractKeyword.findWebElement(WebUIAbstractKeyword.groovy:26)
	at com.kms.katalon.core.webui.keyword.builtin.GetTextKeyword$_getText_closure1.doCall(GetTextKeyword.groovy:78)
	at com.kms.katalon.core.webui.keyword.builtin.GetTextKeyword$_getText_closure1.call(GetTextKeyword.groovy)
	at com.kms.katalon.core.webui.keyword.internal.WebUIKeywordMain.runKeyword(WebUIKeywordMain.groovy:20)
	at com.kms.katalon.core.webui.keyword.builtin.GetTextKeyword.getText(GetTextKeyword.groovy:88)
	at com.kms.katalon.core.webui.keyword.builtin.GetTextKeyword.execute(GetTextKeyword.groovy:67)
	at com.kms.katalon.core.keyword.internal.KeywordExecutor.executeKeywordForPlatform(KeywordExecutor.groovy:74)
	at com.kms.katalon.core.webui.keyword.WebUiBuiltInKeywords.getText(WebUiBuiltInKeywords.groovy:957)
	at Script1719299571342.GetAllData(Script1719299571342.groovy:985)
	at Script1719299571342.run(Script1719299571342.groovy:156)
	... 15 more
)
	at com.kms.katalon.core.keyword.internal.KeywordMain.stepFailed(KeywordMain.groovy:39)
	at com.kms.katalon.core.webui.keyword.internal.WebUIKeywordMain.stepFailed(WebUIKeywordMain.groovy:64)
	at com.kms.katalon.core.webui.keyword.internal.WebUIKeywordMain.runKeyword(WebUIKeywordMain.groovy:26)
	at com.kms.katalon.core.webui.keyword.builtin.GetTextKeyword.getText(GetTextKeyword.groovy:88)
	at com.kms.katalon.core.webui.keyword.builtin.GetTextKeyword.execute(GetTextKeyword.groovy:67)
	at com.kms.katalon.core.keyword.internal.KeywordExecutor.executeKeywordForPlatform(KeywordExecutor.groovy:74)
	at com.kms.katalon.core.webui.keyword.WebUiBuiltInKeywords.getText(WebUiBuiltInKeywords.groovy:957)
	at Выполнение бизнес-плана сверка дашбордов.GetAllData(Выполнение бизнес-плана сверка дашбордов:985)
	at Выполнение бизнес-плана сверка дашбордов.run(Выполнение бизнес-плана сверка дашбордов:156)
	at com.kms.katalon.core.main.ScriptEngine.run(ScriptEngine.java:194)
	at com.kms.katalon.core.main.ScriptEngine.runScriptAsRawText(ScriptEngine.java:119)
	at com.kms.katalon.core.main.TestCaseExecutor.runScript(TestCaseExecutor.java:448)
	at com.kms.katalon.core.main.TestCaseExecutor.doExecute(TestCaseExecutor.java:439)
	at com.kms.katalon.core.main.TestCaseExecutor.processExecutionPhase(TestCaseExecutor.java:418)
	at com.kms.katalon.core.main.TestCaseExecutor.accessMainPhase(TestCaseExecutor.java:410)
	at com.kms.katalon.core.main.TestCaseExecutor.execute(TestCaseExecutor.java:285)
	at com.kms.katalon.core.common.CommonExecutor.accessTestCaseMainPhase(CommonExecutor.java:65)
	at com.kms.katalon.core.main.TestSuiteExecutor.accessTestSuiteMainPhase(TestSuiteExecutor.java:150)
	at com.kms.katalon.core.main.TestSuiteExecutor.execute(TestSuiteExecutor.java:106)
	at com.kms.katalon.core.main.TestCaseMain.startTestSuite(TestCaseMain.java:180)
	at TempTestSuite1742797761676.run(TempTestSuite1742797761676.groovy:35)
	at java.base/jdk.internal.reflect.NativeMethodAccessorImpl.invoke0(Native Method)
	at java.base/jdk.internal.reflect.NativeMethodAccessorImpl.invoke(NativeMethodAccessorImpl.java:77)
	at java.base/jdk.internal.reflect.DelegatingMethodAccessorImpl.invoke(DelegatingMethodAccessorImpl.java:43)
Caused by: com.kms.katalon.core.exception.StepFailedException: Unable to get text of object 'Object Repository/Выполнение бизнес-плана/Значения со страницы Выполнение бизнес-плана/Table Data/План Потери за отчётный период 1'
	... 23 more
Caused by: com.kms.katalon.core.webui.exception.WebElementNotFoundException: Web element with id: 'Object Repository/Выполнение бизнес-плана/Значения со страницы Выполнение бизнес-плана/Table Data/План Потери за отчётный период 1' located by '(.//*[normalize-space(text()) and normalize-space(.)='Показатели баланса электроэнергии по ДЗО – План'])[2]/following::td[35]' not found
	at com.kms.katalon.core.webui.common.WebUiCommonHelper.findWebElement(WebUiCommonHelper.java:1426)
	at com.kms.katalon.core.webui.keyword.internal.WebUIAbstractKeyword.findWebElement(WebUIAbstractKeyword.groovy:27)
	at com.kms.katalon.core.webui.keyword.internal.WebUIAbstractKeyword.findWebElement(WebUIAbstractKeyword.groovy:26)
	at com.kms.katalon.core.webui.keyword.builtin.GetTextKeyword$_getText_closure1.doCall(GetTextKeyword.groovy:78)
	at com.kms.katalon.core.webui.keyword.builtin.GetTextKeyword$_getText_closure1.call(GetTextKeyword.groovy)
	at com.kms.katalon.core.webui.keyword.internal.WebUIKeywordMain.runKeyword(WebUIKeywordMain.groovy:20)
	... 21 more]]></system-err>
   </testsuite>
</testsuites>
