<?xml version="1.0" encoding="UTF-8"?>
<testsuites name="Сверка с ПБЭ" time="900.101" tests="1" failures="1" errors="0">
   <testsuite name="Сверка с ПБЭ" tests="1" failures="1" errors="0" time="900.101" skipped="0" timestamp="25-11-2024T07:41:36" hostname="liazgina-di - UVV-WS904-D.ot.ru" id="Test Suites/Пн-Ср-Пт/Сверка с ПБЭ">
      <properties>
         <property name="deviceName" value=""/>
         <property name="devicePlatform"/>
         <property name="logFolder" value="C:\\Users\\LIAZGINA-DI\\git\\SPORU\\Reports\\20241125_074130\\\u041F\u043D-\u0421\u0440-\u041F\u0442\\\u0421\u0432\u0435\u0440\u043A\u0430 \u0441 \u041F\u0411\u042D\\20241125_074131"/>
         <property name="logFiles" value="C:\\Users\\LIAZGINA-DI\\git\\SPORU\\Reports\\20241125_074130\\\u041F\u043D-\u0421\u0440-\u041F\u0442\\\u0421\u0432\u0435\u0440\u043A\u0430 \u0441 \u041F\u0411\u042D\\20241125_074131\\execution0.log, C:\\Users\\LIAZGINA-DI\\git\\SPORU\\Reports\\20241125_074130\\\u041F\u043D-\u0421\u0440-\u041F\u0442\\\u0421\u0432\u0435\u0440\u043A\u0430 \u0441 \u041F\u0411\u042D\\20241125_074131\\execution1.log"/>
         <property name="attachments" value=""/>
         <property name="hostName" value="liazgina-di - UVV-WS904-D.ot.ru"/>
         <property name="os" value="Windows 10 64bit"/>
         <property name="katalonVersion" value="9.5.0.217"/>
         <property name="browser" value="Chrome 131.0.0.0"/>
         <property name="hostAddress" value="192.168.0.19"/>
         <property name="sessionId" value="a38789315e41195ed83cb30658a69da9"/>
         <property name="seleniumVersion" value="3.141.59"/>
         <property name="proxyInformation" value="ProxyInformation { proxyOption=NO_PROXY, proxyServerType=HTTP, username=, password=********, proxyServerAddress=, proxyServerPort=0, executionList=&quot;&quot;, isApplyToDesiredCapabilities=true }"/>
         <property name="platform" value="Windows 10"/>
      </properties>
      <testcase name="Test Cases/Выполнение бизнес-плана/Выполнение бизнес-плана Сверка ПАО Россети все филиалы" time="899.912" classname="Test Cases/Выполнение бизнес-плана/Выполнение бизнес-плана Сверка ПАО Россети все филиалы" status="FAILED">
         <failure type="FAILED" message="Test Cases/Выполнение бизнес-плана/Выполнение бизнес-плана Сверка ПАО Россети все филиалы FAILED.&#xa;Reason:&#xa;com.kms.katalon.core.exception.StepFailedException: Unable to verify equal between actual object '6' and expected object '0' (Root cause: com.kms.katalon.core.exception.StepFailedException: Actual object '6' and expected object '0' are not equal&#xa;	at com.kms.katalon.core.keyword.builtin.VerifyEqualKeyword$_verifyEqual_closure1.doCall(VerifyEqualKeyword.groovy:58)&#xa;	at com.kms.katalon.core.keyword.builtin.VerifyEqualKeyword$_verifyEqual_closure1.call(VerifyEqualKeyword.groovy)&#xa;	at com.kms.katalon.core.keyword.internal.KeywordMain.runKeyword(KeywordMain.groovy:75)&#xa;	at com.kms.katalon.core.keyword.builtin.VerifyEqualKeyword.verifyEqual(VerifyEqualKeyword.groovy:63)&#xa;	at com.kms.katalon.core.keyword.builtin.VerifyEqualKeyword.execute(VerifyEqualKeyword.groovy:44)&#xa;	at com.kms.katalon.core.keyword.internal.KeywordExecutor.executeKeywordForPlatform(KeywordExecutor.groovy:74)&#xa;	at com.kms.katalon.core.keyword.BuiltinKeywords.verifyEqual(BuiltinKeywords.groovy:146)&#xa;	at java.base/jdk.internal.reflect.NativeMethodAccessorImpl.invoke0(Native Method)&#xa;	at java.base/jdk.internal.reflect.NativeMethodAccessorImpl.invoke(NativeMethodAccessorImpl.java:77)&#xa;	at java.base/jdk.internal.reflect.DelegatingMethodAccessorImpl.invoke(DelegatingMethodAccessorImpl.java:43)&#xa;	at Выполнение бизнес-плана Сверка ПАО Россети все филиалы.Numbers(Выполнение бизнес-плана Сверка ПАО Россети все филиалы:740)&#xa;	at Выполнение бизнес-плана Сверка ПАО Россети все филиалы.run(Выполнение бизнес-плана Сверка ПАО Россети все филиалы:189)&#xa;	at com.kms.katalon.core.main.ScriptEngine.run(ScriptEngine.java:194)&#xa;	at com.kms.katalon.core.main.ScriptEngine.runScriptAsRawText(ScriptEngine.java:119)&#xa;	at com.kms.katalon.core.main.TestCaseExecutor.runScript(TestCaseExecutor.java:448)&#xa;	at com.kms.katalon.core.main.TestCaseExecutor.doExecute(TestCaseExecutor.java:439)&#xa;	at com.kms.katalon.core.main.TestCaseExecutor.processExecutionPhase(TestCaseExecutor.java:418)&#xa;	at com.kms.katalon.core.main.TestCaseExecutor.accessMainPhase(TestCaseExecutor.java:410)&#xa;	at com.kms.katalon.core.main.TestCaseExecutor.execute(TestCaseExecutor.java:285)&#xa;	at com.kms.katalon.core.common.CommonExecutor.accessTestCaseMainPhase(CommonExecutor.java:65)&#xa;	at com.kms.katalon.core.main.TestSuiteExecutor.accessTestSuiteMainPhase(TestSuiteExecutor.java:150)&#xa;	at com.kms.katalon.core.main.TestSuiteExecutor.execute(TestSuiteExecutor.java:106)&#xa;	at com.kms.katalon.core.main.TestCaseMain.startTestSuite(TestCaseMain.java:180)&#xa;	at TempTestSuite1732509691813.run(TempTestSuite1732509691813.groovy:35)&#xa;	at java.base/jdk.internal.reflect.NativeMethodAccessorImpl.invoke0(Native Method)&#xa;	at java.base/jdk.internal.reflect.NativeMethodAccessorImpl.invoke(NativeMethodAccessorImpl.java:77)&#xa;	at java.base/jdk.internal.reflect.DelegatingMethodAccessorImpl.invoke(DelegatingMethodAccessorImpl.java:43)&#xa;)&#xa;	at com.kms.katalon.core.keyword.internal.KeywordMain.stepFailed(KeywordMain.groovy:39)&#xa;	at com.kms.katalon.core.keyword.internal.KeywordMain.stepFailed(KeywordMain.groovy)&#xa;	at com.kms.katalon.core.keyword.internal.KeywordMain.runKeyword(KeywordMain.groovy:77)&#xa;	at com.kms.katalon.core.keyword.builtin.VerifyEqualKeyword.verifyEqual(VerifyEqualKeyword.groovy:63)&#xa;	at com.kms.katalon.core.keyword.builtin.VerifyEqualKeyword.execute(VerifyEqualKeyword.groovy:44)&#xa;	at com.kms.katalon.core.keyword.internal.KeywordExecutor.executeKeywordForPlatform(KeywordExecutor.groovy:74)&#xa;	at com.kms.katalon.core.keyword.BuiltinKeywords.verifyEqual(BuiltinKeywords.groovy:146)&#xa;	at java.base/jdk.internal.reflect.NativeMethodAccessorImpl.invoke0(Native Method)&#xa;	at java.base/jdk.internal.reflect.NativeMethodAccessorImpl.invoke(NativeMethodAccessorImpl.java:77)&#xa;	at java.base/jdk.internal.reflect.DelegatingMethodAccessorImpl.invoke(DelegatingMethodAccessorImpl.java:43)&#xa;	at Выполнение бизнес-плана Сверка ПАО Россети все филиалы.Numbers(Выполнение бизнес-плана Сверка ПАО Россети все филиалы:740)&#xa;	at Выполнение бизнес-плана Сверка ПАО Россети все филиалы.run(Выполнение бизнес-плана Сверка ПАО Россети все филиалы:189)&#xa;	at com.kms.katalon.core.main.ScriptEngine.run(ScriptEngine.java:194)&#xa;	at com.kms.katalon.core.main.ScriptEngine.runScriptAsRawText(ScriptEngine.java:119)&#xa;	at com.kms.katalon.core.main.TestCaseExecutor.runScript(TestCaseExecutor.java:448)&#xa;	at com.kms.katalon.core.main.TestCaseExecutor.doExecute(TestCaseExecutor.java:439)&#xa;	at com.kms.katalon.core.main.TestCaseExecutor.processExecutionPhase(TestCaseExecutor.java:418)&#xa;	at com.kms.katalon.core.main.TestCaseExecutor.accessMainPhase(TestCaseExecutor.java:410)&#xa;	at com.kms.katalon.core.main.TestCaseExecutor.execute(TestCaseExecutor.java:285)&#xa;	at com.kms.katalon.core.common.CommonExecutor.accessTestCaseMainPhase(CommonExecutor.java:65)&#xa;	at com.kms.katalon.core.main.TestSuiteExecutor.accessTestSuiteMainPhase(TestSuiteExecutor.java:150)&#xa;	at com.kms.katalon.core.main.TestSuiteExecutor.execute(TestSuiteExecutor.java:106)&#xa;	at com.kms.katalon.core.main.TestCaseMain.startTestSuite(TestCaseMain.java:180)&#xa;	at TempTestSuite1732509691813.run(TempTestSuite1732509691813.groovy:35)&#xa;	at java.base/jdk.internal.reflect.NativeMethodAccessorImpl.invoke0(Native Method)&#xa;	at java.base/jdk.internal.reflect.NativeMethodAccessorImpl.invoke(NativeMethodAccessorImpl.java:77)&#xa;	at java.base/jdk.internal.reflect.DelegatingMethodAccessorImpl.invoke(DelegatingMethodAccessorImpl.java:43)&#xa;Caused by: com.kms.katalon.core.exception.StepFailedException: Actual object '6' and expected object '0' are not equal&#xa;	at com.kms.katalon.core.keyword.builtin.VerifyEqualKeyword$_verifyEqual_closure1.doCall(VerifyEqualKeyword.groovy:58)&#xa;	at com.kms.katalon.core.keyword.builtin.VerifyEqualKeyword$_verifyEqual_closure1.call(VerifyEqualKeyword.groovy)&#xa;	at com.kms.katalon.core.keyword.internal.KeywordMain.runKeyword(KeywordMain.groovy:75)&#xa;	... 24 more&#xa;"/>
         <system-out><![CDATA[25-11-2024T07:41:36 - [TEST_CASE][FAILED] - Test Cases/Выполнение бизнес-плана/Выполнение бизнес-плана Сверка ПАО Россети все филиалы: Test Cases/Выполнение бизнес-плана/Выполнение бизнес-плана Сверка ПАО Россети все филиалы FAILED.
Reason:
com.kms.katalon.core.exception.StepFailedException: Unable to verify equal between actual object '6' and expected object '0' (Root cause: com.kms.katalon.core.exception.StepFailedException: Actual object '6' and expected object '0' are not equal
	at com.kms.katalon.core.keyword.builtin.VerifyEqualKeyword$_verifyEqual_closure1.doCall(VerifyEqualKeyword.groovy:58)
	at com.kms.katalon.core.keyword.builtin.VerifyEqualKeyword$_verifyEqual_closure1.call(VerifyEqualKeyword.groovy)
	at com.kms.katalon.core.keyword.internal.KeywordMain.runKeyword(KeywordMain.groovy:75)
	at com.kms.katalon.core.keyword.builtin.VerifyEqualKeyword.verifyEqual(VerifyEqualKeyword.groovy:63)
	at com.kms.katalon.core.keyword.builtin.VerifyEqualKeyword.execute(VerifyEqualKeyword.groovy:44)
	at com.kms.katalon.core.keyword.internal.KeywordExecutor.executeKeywordForPlatform(KeywordExecutor.groovy:74)
	at com.kms.katalon.core.keyword.BuiltinKeywords.verifyEqual(BuiltinKeywords.groovy:146)
	at java.base/jdk.internal.reflect.NativeMethodAccessorImpl.invoke0(Native Method)
	at java.base/jdk.internal.reflect.NativeMethodAccessorImpl.invoke(NativeMethodAccessorImpl.java:77)
	at java.base/jdk.internal.reflect.DelegatingMethodAccessorImpl.invoke(DelegatingMethodAccessorImpl.java:43)
	at Выполнение бизнес-плана Сверка ПАО Россети все филиалы.Numbers(Выполнение бизнес-плана Сверка ПАО Россети все филиалы:740)
	at Выполнение бизнес-плана Сверка ПАО Россети все филиалы.run(Выполнение бизнес-плана Сверка ПАО Россети все филиалы:189)
	at com.kms.katalon.core.main.ScriptEngine.run(ScriptEngine.java:194)
	at com.kms.katalon.core.main.ScriptEngine.runScriptAsRawText(ScriptEngine.java:119)
	at com.kms.katalon.core.main.TestCaseExecutor.runScript(TestCaseExecutor.java:448)
	at com.kms.katalon.core.main.TestCaseExecutor.doExecute(TestCaseExecutor.java:439)
	at com.kms.katalon.core.main.TestCaseExecutor.processExecutionPhase(TestCaseExecutor.java:418)
	at com.kms.katalon.core.main.TestCaseExecutor.accessMainPhase(TestCaseExecutor.java:410)
	at com.kms.katalon.core.main.TestCaseExecutor.execute(TestCaseExecutor.java:285)
	at com.kms.katalon.core.common.CommonExecutor.accessTestCaseMainPhase(CommonExecutor.java:65)
	at com.kms.katalon.core.main.TestSuiteExecutor.accessTestSuiteMainPhase(TestSuiteExecutor.java:150)
	at com.kms.katalon.core.main.TestSuiteExecutor.execute(TestSuiteExecutor.java:106)
	at com.kms.katalon.core.main.TestCaseMain.startTestSuite(TestCaseMain.java:180)
	at TempTestSuite1732509691813.run(TempTestSuite1732509691813.groovy:35)
	at java.base/jdk.internal.reflect.NativeMethodAccessorImpl.invoke0(Native Method)
	at java.base/jdk.internal.reflect.NativeMethodAccessorImpl.invoke(NativeMethodAccessorImpl.java:77)
	at java.base/jdk.internal.reflect.DelegatingMethodAccessorImpl.invoke(DelegatingMethodAccessorImpl.java:43)
)
	at com.kms.katalon.core.keyword.internal.KeywordMain.stepFailed(KeywordMain.groovy:39)
	at com.kms.katalon.core.keyword.internal.KeywordMain.stepFailed(KeywordMain.groovy)
	at com.kms.katalon.core.keyword.internal.KeywordMain.runKeyword(KeywordMain.groovy:77)
	at com.kms.katalon.core.keyword.builtin.VerifyEqualKeyword.verifyEqual(VerifyEqualKeyword.groovy:63)
	at com.kms.katalon.core.keyword.builtin.VerifyEqualKeyword.execute(VerifyEqualKeyword.groovy:44)
	at com.kms.katalon.core.keyword.internal.KeywordExecutor.executeKeywordForPlatform(KeywordExecutor.groovy:74)
	at com.kms.katalon.core.keyword.BuiltinKeywords.verifyEqual(BuiltinKeywords.groovy:146)
	at java.base/jdk.internal.reflect.NativeMethodAccessorImpl.invoke0(Native Method)
	at java.base/jdk.internal.reflect.NativeMethodAccessorImpl.invoke(NativeMethodAccessorImpl.java:77)
	at java.base/jdk.internal.reflect.DelegatingMethodAccessorImpl.invoke(DelegatingMethodAccessorImpl.java:43)
	at Выполнение бизнес-плана Сверка ПАО Россети все филиалы.Numbers(Выполнение бизнес-плана Сверка ПАО Россети все филиалы:740)
	at Выполнение бизнес-плана Сверка ПАО Россети все филиалы.run(Выполнение бизнес-плана Сверка ПАО Россети все филиалы:189)
	at com.kms.katalon.core.main.ScriptEngine.run(ScriptEngine.java:194)
	at com.kms.katalon.core.main.ScriptEngine.runScriptAsRawText(ScriptEngine.java:119)
	at com.kms.katalon.core.main.TestCaseExecutor.runScript(TestCaseExecutor.java:448)
	at com.kms.katalon.core.main.TestCaseExecutor.doExecute(TestCaseExecutor.java:439)
	at com.kms.katalon.core.main.TestCaseExecutor.processExecutionPhase(TestCaseExecutor.java:418)
	at com.kms.katalon.core.main.TestCaseExecutor.accessMainPhase(TestCaseExecutor.java:410)
	at com.kms.katalon.core.main.TestCaseExecutor.execute(TestCaseExecutor.java:285)
	at com.kms.katalon.core.common.CommonExecutor.accessTestCaseMainPhase(CommonExecutor.java:65)
	at com.kms.katalon.core.main.TestSuiteExecutor.accessTestSuiteMainPhase(TestSuiteExecutor.java:150)
	at com.kms.katalon.core.main.TestSuiteExecutor.execute(TestSuiteExecutor.java:106)
	at com.kms.katalon.core.main.TestCaseMain.startTestSuite(TestCaseMain.java:180)
	at TempTestSuite1732509691813.run(TempTestSuite1732509691813.groovy:35)
	at java.base/jdk.internal.reflect.NativeMethodAccessorImpl.invoke0(Native Method)
	at java.base/jdk.internal.reflect.NativeMethodAccessorImpl.invoke(NativeMethodAccessorImpl.java:77)
	at java.base/jdk.internal.reflect.DelegatingMethodAccessorImpl.invoke(DelegatingMethodAccessorImpl.java:43)
Caused by: com.kms.katalon.core.exception.StepFailedException: Actual object '6' and expected object '0' are not equal
	at com.kms.katalon.core.keyword.builtin.VerifyEqualKeyword$_verifyEqual_closure1.doCall(VerifyEqualKeyword.groovy:58)
	at com.kms.katalon.core.keyword.builtin.VerifyEqualKeyword$_verifyEqual_closure1.call(VerifyEqualKeyword.groovy)
	at com.kms.katalon.core.keyword.internal.KeywordMain.runKeyword(KeywordMain.groovy:75)
	... 24 more


25-11-2024T07:41:37 - [TEST_STEP][PASSED] - openBrowser(""): Browser is opened with url: ''

25-11-2024T07:41:38 - [MESSAGE][INFO] - Starting 'Chrome' driver

25-11-2024T07:41:38 - [MESSAGE][INFO] - Action delay is set to 0 milliseconds

25-11-2024T07:41:40 - [MESSAGE][PASSED] - Browser is opened with url: ''

25-11-2024T07:41:40 - [TEST_STEP][PASSED] - date = new java.util.Date(): null

25-11-2024T07:41:40 - [TEST_STEP][PASSED] - todaysDate = date.format("dd.MM.yyyy"): null

25-11-2024T07:41:40 - [TEST_STEP][PASSED] - dZO = <not implemented yet for class: org.codehaus.groovy.ast.expr.EmptyExpression>: null

25-11-2024T07:41:40 - [TEST_STEP][PASSED] - a = <not implemented yet for class: org.codehaus.groovy.ast.expr.EmptyExpression>: null

25-11-2024T07:41:40 - [TEST_STEP][PASSED] - fileperc = <not implemented yet for class: org.codehaus.groovy.ast.expr.EmptyExpression>: null

25-11-2024T07:41:40 - [TEST_STEP][PASSED] - pageperc = <not implemented yet for class: org.codehaus.groovy.ast.expr.EmptyExpression>: null

25-11-2024T07:41:40 - [TEST_STEP][PASSED] - pageInt = <not implemented yet for class: org.codehaus.groovy.ast.expr.EmptyExpression>: null

25-11-2024T07:41:40 - [TEST_STEP][PASSED] - fileInt = <not implemented yet for class: org.codehaus.groovy.ast.expr.EmptyExpression>: null

25-11-2024T07:41:40 - [TEST_STEP][PASSED] - pageDouble = <not implemented yet for class: org.codehaus.groovy.ast.expr.EmptyExpression>: null

25-11-2024T07:41:40 - [TEST_STEP][PASSED] - fileDouble = <not implemented yet for class: org.codehaus.groovy.ast.expr.EmptyExpression>: null

25-11-2024T07:41:40 - [TEST_STEP][PASSED] - typeOfData = <not implemented yet for class: org.codehaus.groovy.ast.expr.EmptyExpression>: null

25-11-2024T07:41:40 - [TEST_STEP][PASSED] - dzoNum = 0: null

25-11-2024T07:41:40 - [TEST_STEP][PASSED] - filialNum = 0: null

25-11-2024T07:41:40 - [TEST_STEP][PASSED] - urlText = <not implemented yet for class: org.codehaus.groovy.ast.expr.EmptyExpression>: null

25-11-2024T07:41:40 - [TEST_STEP][PASSED] - searchWord = <not implemented yet for class: org.codehaus.groovy.ast.expr.EmptyExpression>: null

25-11-2024T07:41:40 - [TEST_STEP][PASSED] - i = <not implemented yet for class: org.codehaus.groovy.ast.expr.EmptyExpression>: null

25-11-2024T07:41:40 - [TEST_STEP][PASSED] - ii = <not implemented yet for class: org.codehaus.groovy.ast.expr.EmptyExpression>: null

25-11-2024T07:41:40 - [TEST_STEP][PASSED] - navigateToUrl(findTestData("PlanFact").getValue(10, 1)): Navigate to 'https://bi.rosseti.digital/viewer?dashboardGuid=d154a8eaf6824e2b9de1bb04dd061c18&sheetGuid=1305e8ce744049e1abdacea1ea397a26&fit=true' successfully

25-11-2024T07:41:45 - [MESSAGE][PASSED] - Navigate to 'https://bi.rosseti.digital/viewer?dashboardGuid=d154a8eaf6824e2b9de1bb04dd061c18&sheetGuid=1305e8ce744049e1abdacea1ea397a26&fit=true' successfully

25-11-2024T07:41:45 - [TEST_STEP][PASSED] - urlText = getText(findTestObject("Страница авторизации/Text")): Text of object 'Object Repository/Страница авторизации/Text' is: 'Вход'

25-11-2024T07:41:48 - [MESSAGE][PASSED] - Text of object 'Object Repository/Страница авторизации/Text' is: 'Вход'

25-11-2024T07:41:48 - [TEST_STEP][PASSED] - delay(20): Delayed 20 second(s)

25-11-2024T07:42:08 - [MESSAGE][PASSED] - Delayed 20 second(s)

25-11-2024T07:42:08 - [TEST_STEP][PASSED] - searchWord = "Вход": null

25-11-2024T07:42:08 - [TEST_STEP][PASSED] - if (urlText.contains(searchWord) == false): null

25-11-2024T07:42:08 - [TEST_STEP][PASSED] - setText(findTestObject("Страница авторизации/input__username"), findTestData("PlanFact").getValue(8, 1)): Text 'liazgina-di' is set on object 'Object Repository/Страница авторизации/input__username'

25-11-2024T07:42:08 - [MESSAGE][PASSED] - Text 'liazgina-di' is set on object 'Object Repository/Страница авторизации/input__username'

25-11-2024T07:42:08 - [TEST_STEP][PASSED] - setText(findTestObject("Страница авторизации/input__password"), findTestData("PlanFact").getValue(9, 1)): Text ')$%5srZ8o688Dm#q' is set on object 'Object Repository/Страница авторизации/input__password'

25-11-2024T07:42:09 - [MESSAGE][PASSED] - Text ')$%5srZ8o688Dm#q' is set on object 'Object Repository/Страница авторизации/input__password'

25-11-2024T07:42:09 - [TEST_STEP][PASSED] - click(findTestObject("Страница авторизации/button_")): Object: 'Object Repository/Страница авторизации/button_' is clicked on

25-11-2024T07:42:12 - [MESSAGE][PASSED] - Object: 'Object Repository/Страница авторизации/button_' is clicked on

25-11-2024T07:42:12 - [TEST_STEP][PASSED] - delay(50): Delayed 50 second(s)

25-11-2024T07:43:02 - [MESSAGE][PASSED] - Delayed 50 second(s)

25-11-2024T07:43:02 - [TEST_STEP][PASSED] - searchWord = "ДЗО": null

25-11-2024T07:43:02 - [TEST_STEP][PASSED] - urlText = getText(findTestObject("Страница авторизации/Text")): Text of object 'Object Repository/Страница авторизации/Text' is: 'ДЗО 
Все
Период
1, 2, 3 кв. 2024 года
Отклонения фактического уровня потерь от бизнес-плана, п.п.
-0.07
3.72
3.84
-0.05
0.09
-0.51
-0.25
АО «Тываэнерго»
АО «Чеченэнерго»
Россети Северный Кавказ
Россети Сибирь
Россети Тюмень
Россети Центр (ГК)
Россети Центр и Приволжье (ГК)
-1
0
1
2
3
4
5
6
7

Уровень потерь электроэнергии
АО «Тываэнерго»
АО «Чеченэнерго»
Россети Северный Кавказ
Россети Сибирь
Россети Тюмень
Россети Центр (ГК)
Россети Центр и Приволжье (ГК)
0
10
20
30
40
50
60
70
21.03
|
32.87
23.70
6.97
|
2.51
9.98
|
6.88
|
20.96
36.59
|
27.54
|
6.92
2.60
|
9.48
6.63
п.п.
0.05
Итого
0
0.02
0.04
0.06
%
5.29 5.29
5.26 5.26
План
Факт
1
100

● Бизнес-план выполнен● ●● Превышение бизнес-плана
Отклонения фактического уровня потерь от бизнес-плана за 3 месяца (нарастающим итогом), п.п.
0.10.1
3.73.7
3.83.8
-0.1-0.1
0.10.1
-0.5-0.5
-0.2-0.2
-0.0-0.0
4.14.1
4.04.0
-0.1-0.1
0.10.1
-0.4-0.4
-0.2-0.2
-0.1-0.1
3.73.7
3.83.8
-0.0-0.0
0.10.1
-0.5-0.5
-0.2-0.2
Россети ФСКЕЭС
АО«Тываэнерго»
АО«Чеченэнерго»
Россети Волга
РоссетиКубань
РоссетиЛенэнерго (ГК)
РоссетиМосковскийрегион
РоссетиСеверныйКавказ (ГК)
Россети Северо-Запад
Россети Сибирь(ГК)
Россети Томск
Россети Тюмень
Россети Урал(ГК)
Россети Центр
Россети Центр иПриволжье (ГК)
Россети Юг (Г…
РоссетиЯнтарь
0
-5
5
п.п.
Отклонения фактического уровня потерь от бизнес-плана за 3 месяца (нарастающим итогом)
-0.2-0.2
-0.4-0.4
0.10.1
-0.1-0.1
-0.3-0.3
4.14.1
-1.9-1.9
-0.2-0.2
-0.5-0.5
-0.1-0.1
0.40.4
-0.7-0.7
-0.4-0.4
7.97.9
0.10.1
13.113.1
-0.2-0.2
-0.3-0.3
-0.0-0.0
0.20.2
-0.1-0.1
4.24.2
-1.7-1.7
-0.1-0.1
-0.3-0.3
-0.1-0.1
0.30.3
-0.7-0.7
-0.4-0.4
8.48.4
0.20.2
13.213.2
-0.2-0.2
-0.3-0.3
-0.1-0.1
-0.5-0.5
-0.3-0.3
3.83.8
-1.8-1.8
-0.1-0.1
-0.3-0.3
-0.2-0.2
0.40.4
-0.7-0.7
-0.4-0.4
8.08.0
0.30.3
13.213.2
Итого по ФСК ЕЭС
Каббалкэнерго
Калмэнерго
Калугаэнерго
АО "Кинешемская электросеть"
АО "Тываэнерго"
АО «ВМЭС»
АО «Воронежская горэлектросеть»
АО «Тульские городские электрические сети»
АО «Чеченэнерго»
АО «Ярославская электросетевая компания»
АО ЕЭСК
Алтайэнерго
Архангельский филиал
Астраханьэнерго
Белгородэнерго
Брянскэнерго
Бурятэнерго
Владимирэнерго
Волгоградэнерго
Вологодский филиал
Воронежэнерго
Дагэнерго
Ивэнерго
Ингушэнерго
-5
15

Статус данных
Просьба обратить внимание
— все данные не занесены
Факт
План
Итого – Факт
Отпуск в сеть 192 247 697
Отпуск из сети 175 051 868
Потери 17 195 829
Итого – План
Отпуск в сеть 187 501 364
Отпуск из сети 171 438 674
Потери 16 062 691
Выполнение бизнес-плана в части показателя «Уровень потерь электроэнергии»
Показатели баланса электроэнергии по ДЗО – Факт 
572 217 3 034 612 17 367 779 46 928 172 39 079 081 44 371 600 40 894 236
452 291 1 924 288 12 584 601 43 678 766 38 062 639 40 166 359 38 182 923
119 926 1 110 325 4 783 177 3 249 406 1 016 442 4 205 240 2 711 313
Показатели баланса электроэнергии по ДЗО – План
544 127 2 822 152 16 300 204 44 875 501 40 452 567 43 055 315 39 451 497
429 681 1 894 447 12 437 092 41 746 891 39 436 282 38 756 246 36 738 034
114 446 927 705 3 863 112 3 128 610 1 016 285 4 299 069 2 713 463'

25-11-2024T07:43:23 - [MESSAGE][PASSED] - Text of object 'Object Repository/Страница авторизации/Text' is: 'ДЗО 
Все
Период
1, 2, 3 кв. 2024 года
Отклонения фактического уровня потерь от бизнес-плана, п.п.
-0.07
3.72
3.84
-0.05
0.09
-0.51
-0.25
АО «Тываэнерго»
АО «Чеченэнерго»
Россети Северный Кавказ
Россети Сибирь
Россети Тюмень
Россети Центр (ГК)
Россети Центр и Приволжье (ГК)
-1
0
1
2
3
4
5
6
7

Уровень потерь электроэнергии
АО «Тываэнерго»
АО «Чеченэнерго»
Россети Северный Кавказ
Россети Сибирь
Россети Тюмень
Россети Центр (ГК)
Россети Центр и Приволжье (ГК)
0
10
20
30
40
50
60
70
21.03
|
32.87
23.70
6.97
|
2.51
9.98
|
6.88
|
20.96
36.59
|
27.54
|
6.92
2.60
|
9.48
6.63
п.п.
0.05
Итого
0
0.02
0.04
0.06
%
5.29 5.29
5.26 5.26
План
Факт
1
100

● Бизнес-план выполнен● ●● Превышение бизнес-плана
Отклонения фактического уровня потерь от бизнес-плана за 3 месяца (нарастающим итогом), п.п.
0.10.1
3.73.7
3.83.8
-0.1-0.1
0.10.1
-0.5-0.5
-0.2-0.2
-0.0-0.0
4.14.1
4.04.0
-0.1-0.1
0.10.1
-0.4-0.4
-0.2-0.2
-0.1-0.1
3.73.7
3.83.8
-0.0-0.0
0.10.1
-0.5-0.5
-0.2-0.2
Россети ФСКЕЭС
АО«Тываэнерго»
АО«Чеченэнерго»
Россети Волга
РоссетиКубань
РоссетиЛенэнерго (ГК)
РоссетиМосковскийрегион
РоссетиСеверныйКавказ (ГК)
Россети Северо-Запад
Россети Сибирь(ГК)
Россети Томск
Россети Тюмень
Россети Урал(ГК)
Россети Центр
Россети Центр иПриволжье (ГК)
Россети Юг (Г…
РоссетиЯнтарь
0
-5
5
п.п.
Отклонения фактического уровня потерь от бизнес-плана за 3 месяца (нарастающим итогом)
-0.2-0.2
-0.4-0.4
0.10.1
-0.1-0.1
-0.3-0.3
4.14.1
-1.9-1.9
-0.2-0.2
-0.5-0.5
-0.1-0.1
0.40.4
-0.7-0.7
-0.4-0.4
7.97.9
0.10.1
13.113.1
-0.2-0.2
-0.3-0.3
-0.0-0.0
0.20.2
-0.1-0.1
4.24.2
-1.7-1.7
-0.1-0.1
-0.3-0.3
-0.1-0.1
0.30.3
-0.7-0.7
-0.4-0.4
8.48.4
0.20.2
13.213.2
-0.2-0.2
-0.3-0.3
-0.1-0.1
-0.5-0.5
-0.3-0.3
3.83.8
-1.8-1.8
-0.1-0.1
-0.3-0.3
-0.2-0.2
0.40.4
-0.7-0.7
-0.4-0.4
8.08.0
0.30.3
13.213.2
Итого по ФСК ЕЭС
Каббалкэнерго
Калмэнерго
Калугаэнерго
АО "Кинешемская электросеть"
АО "Тываэнерго"
АО «ВМЭС»
АО «Воронежская горэлектросеть»
АО «Тульские городские электрические сети»
АО «Чеченэнерго»
АО «Ярославская электросетевая компания»
АО ЕЭСК
Алтайэнерго
Архангельский филиал
Астраханьэнерго
Белгородэнерго
Брянскэнерго
Бурятэнерго
Владимирэнерго
Волгоградэнерго
Вологодский филиал
Воронежэнерго
Дагэнерго
Ивэнерго
Ингушэнерго
-5
15

Статус данных
Просьба обратить внимание
— все данные не занесены
Факт
План
Итого – Факт
Отпуск в сеть 192 247 697
Отпуск из сети 175 051 868
Потери 17 195 829
Итого – План
Отпуск в сеть 187 501 364
Отпуск из сети 171 438 674
Потери 16 062 691
Выполнение бизнес-плана в части показателя «Уровень потерь электроэнергии»
Показатели баланса электроэнергии по ДЗО – Факт 
572 217 3 034 612 17 367 779 46 928 172 39 079 081 44 371 600 40 894 236
452 291 1 924 288 12 584 601 43 678 766 38 062 639 40 166 359 38 182 923
119 926 1 110 325 4 783 177 3 249 406 1 016 442 4 205 240 2 711 313
Показатели баланса электроэнергии по ДЗО – План
544 127 2 822 152 16 300 204 44 875 501 40 452 567 43 055 315 39 451 497
429 681 1 894 447 12 437 092 41 746 891 39 436 282 38 756 246 36 738 034
114 446 927 705 3 863 112 3 128 610 1 016 285 4 299 069 2 713 463'

25-11-2024T07:43:23 - [TEST_STEP][PASSED] - if (urlText.contains("ошибка") || urlText.contains(searchWord) == false): null

25-11-2024T07:43:23 - [TEST_STEP][PASSED] - Script1718980020443.ZakrytOpoveshenie(): null

25-11-2024T07:43:23 - [TEST_STEP][PASSED] - delay(10): Delayed 10 second(s)

25-11-2024T07:43:33 - [MESSAGE][PASSED] - Delayed 10 second(s)

25-11-2024T07:43:33 - [TEST_STEP][PASSED] - opoveshenie = getText(findTestObject("Выполнение бизнес-плана/Просьба обратить внимание")): Text of object 'Object Repository/Выполнение бизнес-плана/Просьба обратить внимание' is: 'Просьба обратить внимание'

25-11-2024T07:43:33 - [MESSAGE][PASSED] - Text of object 'Object Repository/Выполнение бизнес-плана/Просьба обратить внимание' is: 'Просьба обратить внимание'

25-11-2024T07:43:33 - [TEST_STEP][PASSED] - println(opoveshenie): null

25-11-2024T07:43:33 - [TEST_STEP][PASSED] - if (opoveshenie == "Просьба обратить внимание"): Object: 'Object Repository/Выполнение бизнес-плана/Закрыть оповещение' is clicked on

25-11-2024T07:43:33 - [TEST_STEP][PASSED] - click(findTestObject("Выполнение бизнес-плана/Закрыть оповещение")): Object: 'Object Repository/Выполнение бизнес-плана/Закрыть оповещение' is clicked on

25-11-2024T07:43:34 - [MESSAGE][PASSED] - Object: 'Object Repository/Выполнение бизнес-плана/Закрыть оповещение' is clicked on

25-11-2024T07:43:34 - [TEST_STEP][PASSED] - click(findTestObject("Object Repository/Выполнение бизнес-плана/Фильтр Дата")): Object: 'Object Repository/Выполнение бизнес-плана/Фильтр Дата' is clicked on

25-11-2024T07:43:34 - [MESSAGE][PASSED] - Object: 'Object Repository/Выполнение бизнес-плана/Фильтр Дата' is clicked on

25-11-2024T07:43:34 - [TEST_STEP][PASSED] - click(findTestObject("Выполнение бизнес-плана/Снять выделение в фильтре Дата")): Object: 'Object Repository/Выполнение бизнес-плана/Снять выделение в фильтре Дата' is clicked on

25-11-2024T07:43:35 - [MESSAGE][PASSED] - Object: 'Object Repository/Выполнение бизнес-плана/Снять выделение в фильтре Дата' is clicked on

25-11-2024T07:43:35 - [TEST_STEP][PASSED] - click(findTestObject("Object Repository/Выполнение бизнес-плана/Применить в фильтре Дата")): Object: 'Object Repository/Выполнение бизнес-плана/Применить в фильтре Дата' is clicked on

25-11-2024T07:43:35 - [MESSAGE][PASSED] - Object: 'Object Repository/Выполнение бизнес-плана/Применить в фильтре Дата' is clicked on

25-11-2024T07:43:35 - [TEST_STEP][PASSED] - delay(50): Delayed 50 second(s)

25-11-2024T07:44:26 - [MESSAGE][PASSED] - Delayed 50 second(s)

25-11-2024T07:44:26 - [TEST_STEP][PASSED] - Script1718980020443.ZakrytOpoveshenie(): null

25-11-2024T07:44:26 - [TEST_STEP][PASSED] - delay(10): Delayed 10 second(s)

25-11-2024T07:44:36 - [MESSAGE][PASSED] - Delayed 10 second(s)

25-11-2024T07:44:36 - [TEST_STEP][PASSED] - opoveshenie = getText(findTestObject("Выполнение бизнес-плана/Просьба обратить внимание")): Text of object 'Object Repository/Выполнение бизнес-плана/Просьба обратить внимание' is: 'Просьба обратить внимание'

25-11-2024T07:44:36 - [MESSAGE][PASSED] - Text of object 'Object Repository/Выполнение бизнес-плана/Просьба обратить внимание' is: 'Просьба обратить внимание'

25-11-2024T07:44:36 - [TEST_STEP][PASSED] - println(opoveshenie): null

25-11-2024T07:44:36 - [TEST_STEP][PASSED] - if (opoveshenie == "Просьба обратить внимание"): Object: 'Object Repository/Выполнение бизнес-плана/Закрыть оповещение' is clicked on

25-11-2024T07:44:36 - [TEST_STEP][PASSED] - click(findTestObject("Выполнение бизнес-плана/Закрыть оповещение")): Object: 'Object Repository/Выполнение бизнес-плана/Закрыть оповещение' is clicked on

25-11-2024T07:44:36 - [MESSAGE][PASSED] - Object: 'Object Repository/Выполнение бизнес-плана/Закрыть оповещение' is clicked on

25-11-2024T07:44:36 - [TEST_STEP][PASSED] - click(findTestObject("Object Repository/Выполнение бизнес-плана/Фильтр Дата")): Object: 'Object Repository/Выполнение бизнес-плана/Фильтр Дата' is clicked on

25-11-2024T07:44:37 - [MESSAGE][PASSED] - Object: 'Object Repository/Выполнение бизнес-плана/Фильтр Дата' is clicked on

25-11-2024T07:44:37 - [TEST_STEP][PASSED] - scrollToElement(findTestObject("Выполнение бизнес-плана/2024 список"), 30): Scroll to object 'Object Repository/Выполнение бизнес-плана/2024 список' successfully

25-11-2024T07:44:37 - [MESSAGE][PASSED] - Scroll to object 'Object Repository/Выполнение бизнес-плана/2024 список' successfully

25-11-2024T07:44:37 - [TEST_STEP][PASSED] - click(findTestObject("Выполнение бизнес-плана/2024 список")): Object: 'Object Repository/Выполнение бизнес-плана/2024 список' is clicked on

25-11-2024T07:44:37 - [MESSAGE][PASSED] - Object: 'Object Repository/Выполнение бизнес-плана/2024 список' is clicked on

25-11-2024T07:44:37 - [TEST_STEP][PASSED] - scrollToElement(findTestObject("Выполнение бизнес-плана/1 квартал 2024 список"), 30): Scroll to object 'Object Repository/Выполнение бизнес-плана/1 квартал 2024 список' successfully

25-11-2024T07:44:38 - [MESSAGE][PASSED] - Scroll to object 'Object Repository/Выполнение бизнес-плана/1 квартал 2024 список' successfully

25-11-2024T07:44:38 - [TEST_STEP][PASSED] - click(findTestObject("Выполнение бизнес-плана/1 квартал 2024 список")): Object: 'Object Repository/Выполнение бизнес-плана/1 квартал 2024 список' is clicked on

25-11-2024T07:44:38 - [MESSAGE][PASSED] - Object: 'Object Repository/Выполнение бизнес-плана/1 квартал 2024 список' is clicked on

25-11-2024T07:44:38 - [TEST_STEP][PASSED] - click(findTestObject("Выполнение бизнес-плана/Январь 2024")): Object: 'Object Repository/Выполнение бизнес-плана/Январь 2024' is clicked on

25-11-2024T07:44:39 - [MESSAGE][PASSED] - Object: 'Object Repository/Выполнение бизнес-плана/Январь 2024' is clicked on

25-11-2024T07:44:39 - [TEST_STEP][PASSED] - click(findTestObject("Выполнение бизнес-плана/Февраль 2024")): Object: 'Object Repository/Выполнение бизнес-плана/Февраль 2024' is clicked on

25-11-2024T07:44:39 - [MESSAGE][PASSED] - Object: 'Object Repository/Выполнение бизнес-плана/Февраль 2024' is clicked on

25-11-2024T07:44:39 - [TEST_STEP][PASSED] - click(findTestObject("Выполнение бизнес-плана/Март 2024")): Object: 'Object Repository/Выполнение бизнес-плана/Март 2024' is clicked on

25-11-2024T07:44:40 - [MESSAGE][PASSED] - Object: 'Object Repository/Выполнение бизнес-плана/Март 2024' is clicked on

25-11-2024T07:44:40 - [TEST_STEP][PASSED] - scrollToElement(findTestObject("Выполнение бизнес-плана/2 квартал 2024"), 30): Scroll to object 'Object Repository/Выполнение бизнес-плана/2 квартал 2024' successfully

25-11-2024T07:44:40 - [MESSAGE][PASSED] - Scroll to object 'Object Repository/Выполнение бизнес-плана/2 квартал 2024' successfully

25-11-2024T07:44:40 - [TEST_STEP][PASSED] - click(findTestObject("Выполнение бизнес-плана/2 квартал 2024")): Object: 'Object Repository/Выполнение бизнес-плана/2 квартал 2024' is clicked on

25-11-2024T07:44:41 - [MESSAGE][PASSED] - Object: 'Object Repository/Выполнение бизнес-плана/2 квартал 2024' is clicked on

25-11-2024T07:44:41 - [TEST_STEP][PASSED] - scrollToElement(findTestObject("Выполнение бизнес-плана/3 квартал 2024 список"), 30): Scroll to object 'Object Repository/Выполнение бизнес-плана/3 квартал 2024 список' successfully

25-11-2024T07:44:41 - [MESSAGE][PASSED] - Scroll to object 'Object Repository/Выполнение бизнес-плана/3 квартал 2024 список' successfully

25-11-2024T07:44:41 - [TEST_STEP][PASSED] - click(findTestObject("Выполнение бизнес-плана/3 квартал 2024"), CONTINUE_ON_FAILURE): Object: 'Object Repository/Выполнение бизнес-плана/3 квартал 2024' is clicked on

25-11-2024T07:44:42 - [MESSAGE][PASSED] - Object: 'Object Repository/Выполнение бизнес-плана/3 квартал 2024' is clicked on

25-11-2024T07:44:42 - [TEST_STEP][PASSED] - scrollToElement(findTestObject("Выполнение бизнес-плана/Заголовок дашборда"), 30): Scroll to object 'Object Repository/Выполнение бизнес-плана/Заголовок дашборда' successfully

25-11-2024T07:44:42 - [MESSAGE][PASSED] - Scroll to object 'Object Repository/Выполнение бизнес-плана/Заголовок дашборда' successfully

25-11-2024T07:44:42 - [TEST_STEP][PASSED] - click(findTestObject("Object Repository/Выполнение бизнес-плана/Применить в фильтре Дата")): Object: 'Object Repository/Выполнение бизнес-плана/Применить в фильтре Дата' is clicked on

25-11-2024T07:44:43 - [MESSAGE][PASSED] - Object: 'Object Repository/Выполнение бизнес-плана/Применить в фильтре Дата' is clicked on

25-11-2024T07:44:43 - [TEST_STEP][PASSED] - delay(50): Delayed 50 second(s)

25-11-2024T07:45:33 - [MESSAGE][PASSED] - Delayed 50 second(s)

25-11-2024T07:45:33 - [TEST_STEP][PASSED] - Script1718980020443.ZakrytOpoveshenie(): null

25-11-2024T07:45:33 - [TEST_STEP][PASSED] - delay(10): Delayed 10 second(s)

25-11-2024T07:45:43 - [MESSAGE][PASSED] - Delayed 10 second(s)

25-11-2024T07:45:43 - [TEST_STEP][PASSED] - opoveshenie = getText(findTestObject("Выполнение бизнес-плана/Просьба обратить внимание")): Text of object 'Object Repository/Выполнение бизнес-плана/Просьба обратить внимание' is: 'Просьба обратить внимание'

25-11-2024T07:45:43 - [MESSAGE][PASSED] - Text of object 'Object Repository/Выполнение бизнес-плана/Просьба обратить внимание' is: 'Просьба обратить внимание'

25-11-2024T07:45:43 - [TEST_STEP][PASSED] - println(opoveshenie): null

25-11-2024T07:45:43 - [TEST_STEP][PASSED] - if (opoveshenie == "Просьба обратить внимание"): Object: 'Object Repository/Выполнение бизнес-плана/Закрыть оповещение' is clicked on

25-11-2024T07:45:43 - [TEST_STEP][PASSED] - click(findTestObject("Выполнение бизнес-плана/Закрыть оповещение")): Object: 'Object Repository/Выполнение бизнес-плана/Закрыть оповещение' is clicked on

25-11-2024T07:45:44 - [MESSAGE][PASSED] - Object: 'Object Repository/Выполнение бизнес-плана/Закрыть оповещение' is clicked on

25-11-2024T07:45:44 - [TEST_STEP][PASSED] - delay(30): Delayed 30 second(s)

25-11-2024T07:46:14 - [MESSAGE][PASSED] - Delayed 30 second(s)

25-11-2024T07:46:14 - [TEST_STEP][PASSED] - Script1718980020443.OpenFilter(): null

25-11-2024T07:46:14 - [TEST_STEP][PASSED] - click(findTestObject("Object Repository/Выполнение бизнес-плана/Фильтр ДЗО")): Object: 'Object Repository/Выполнение бизнес-плана/Фильтр ДЗО' is clicked on

25-11-2024T07:46:14 - [MESSAGE][PASSED] - Object: 'Object Repository/Выполнение бизнес-плана/Фильтр ДЗО' is clicked on

25-11-2024T07:46:14 - [TEST_STEP][PASSED] - click(findTestObject("Выполнение бизнес-плана/Снять выделение в фильтре ДЗО")): Object: 'Object Repository/Выполнение бизнес-плана/Снять выделение в фильтре ДЗО' is clicked on

25-11-2024T07:46:15 - [MESSAGE][PASSED] - Object: 'Object Repository/Выполнение бизнес-плана/Снять выделение в фильтре ДЗО' is clicked on

25-11-2024T07:46:15 - [TEST_STEP][PASSED] - click(findTestObject("Выполнение бизнес-плана/ПАО Россети")): Object: 'Object Repository/Выполнение бизнес-плана/ПАО Россети' is clicked on

25-11-2024T07:46:15 - [MESSAGE][PASSED] - Object: 'Object Repository/Выполнение бизнес-плана/ПАО Россети' is clicked on

25-11-2024T07:46:15 - [TEST_STEP][PASSED] - click(findTestObject("Object Repository/Выполнение бизнес-плана/Применить в фильтре ДЗО")): Object: 'Object Repository/Выполнение бизнес-плана/Применить в фильтре ДЗО' is clicked on

25-11-2024T07:46:16 - [MESSAGE][PASSED] - Object: 'Object Repository/Выполнение бизнес-плана/Применить в фильтре ДЗО' is clicked on

25-11-2024T07:46:16 - [TEST_STEP][PASSED] - delay(30): Delayed 30 second(s)

25-11-2024T07:46:46 - [MESSAGE][PASSED] - Delayed 30 second(s)

25-11-2024T07:46:46 - [TEST_STEP][PASSED] - x1 = getText(findTestObject("Выполнение бизнес-плана/Список ДЗО старый")): Text of object 'Object Repository/Выполнение бизнес-плана/Список ДЗО старый' is: 'АО «Тываэнерго»
АО «Чеченэнерго»
Россети Северный Кавказ
Россети Сибирь
Россети Тюмень
Россети Центр (ГК)
Россети Центр и Приволжье (ГК)
0
10
20
30
40
50
60
70'

25-11-2024T07:46:46 - [MESSAGE][PASSED] - Text of object 'Object Repository/Выполнение бизнес-плана/Список ДЗО старый' is: 'АО «Тываэнерго»
АО «Чеченэнерго»
Россети Северный Кавказ
Россети Сибирь
Россети Тюмень
Россети Центр (ГК)
Россети Центр и Приволжье (ГК)
0
10
20
30
40
50
60
70'

25-11-2024T07:46:46 - [TEST_STEP][PASSED] - dZO = "ПАО Россети": null

25-11-2024T07:46:46 - [TEST_STEP][PASSED] - a = 84: null

25-11-2024T07:46:46 - [TEST_STEP][PASSED] - Script1718980020443.Numbers(a, typeOfData, todaysDate, pageInt, fileInt, pageDouble, fileDouble, dZO, dzoNum, filialNum): null

25-11-2024T07:46:46 - [TEST_STEP][PASSED] - println(dzoNum): null

25-11-2024T07:46:46 - [TEST_STEP][PASSED] - planFact = <not implemented yet for class: org.codehaus.groovy.ast.expr.EmptyExpression>: null

25-11-2024T07:46:46 - [TEST_STEP][PASSED] - page = <not implemented yet for class: org.codehaus.groovy.ast.expr.EmptyExpression>: null

25-11-2024T07:46:46 - [TEST_STEP][PASSED] - page1 = <not implemented yet for class: org.codehaus.groovy.ast.expr.EmptyExpression>: null

25-11-2024T07:46:46 - [TEST_STEP][PASSED] - page2 = <not implemented yet for class: org.codehaus.groovy.ast.expr.EmptyExpression>: null

25-11-2024T07:46:46 - [TEST_STEP][PASSED] - filialNumberInRow = <not implemented yet for class: org.codehaus.groovy.ast.expr.EmptyExpression>: null

25-11-2024T07:46:46 - [TEST_STEP][PASSED] - filialsDzoNames = <not implemented yet for class: org.codehaus.groovy.ast.expr.EmptyExpression>: null

25-11-2024T07:46:46 - [TEST_STEP][PASSED] - numberOfFilials = <not implemented yet for class: org.codehaus.groovy.ast.expr.EmptyExpression>: null

25-11-2024T07:46:46 - [TEST_STEP][PASSED] - numberOfSpaces = <not implemented yet for class: org.codehaus.groovy.ast.expr.EmptyExpression>: null

25-11-2024T07:46:46 - [TEST_STEP][PASSED] - file = <not implemented yet for class: org.codehaus.groovy.ast.expr.EmptyExpression>: null

25-11-2024T07:46:46 - [TEST_STEP][PASSED] - otpusk = <not implemented yet for class: org.codehaus.groovy.ast.expr.EmptyExpression>: null

25-11-2024T07:46:46 - [TEST_STEP][PASSED] - poteri = <not implemented yet for class: org.codehaus.groovy.ast.expr.EmptyExpression>: null

25-11-2024T07:46:46 - [TEST_STEP][PASSED] - dataFolder = "Выполнение бизнес-плана/Значения со страницы Выполнение бизнес-плана/": null

25-11-2024T07:46:46 - [TEST_STEP][PASSED] - path = <not implemented yet for class: org.codehaus.groovy.ast.expr.EmptyExpression>: null

25-11-2024T07:46:46 - [TEST_STEP][PASSED] - typeOfDataMain = <not implemented yet for class: org.codehaus.groovy.ast.expr.EmptyExpression>: null

25-11-2024T07:46:46 - [TEST_STEP][PASSED] - fileOtpuskVSet = <not implemented yet for class: org.codehaus.groovy.ast.expr.EmptyExpression>: null

25-11-2024T07:46:46 - [TEST_STEP][PASSED] - pageOtpuskVSet = <not implemented yet for class: org.codehaus.groovy.ast.expr.EmptyExpression>: null

25-11-2024T07:46:46 - [TEST_STEP][PASSED] - filePoteri = <not implemented yet for class: org.codehaus.groovy.ast.expr.EmptyExpression>: null

25-11-2024T07:46:46 - [TEST_STEP][PASSED] - pagePoteri = <not implemented yet for class: org.codehaus.groovy.ast.expr.EmptyExpression>: null

25-11-2024T07:46:46 - [TEST_STEP][PASSED] - compare = <not implemented yet for class: org.codehaus.groovy.ast.expr.EmptyExpression>: null

25-11-2024T07:46:46 - [TEST_STEP][PASSED] - b = <not implemented yet for class: org.codehaus.groovy.ast.expr.EmptyExpression>: null

25-11-2024T07:46:46 - [TEST_STEP][PASSED] - i = <not implemented yet for class: org.codehaus.groovy.ast.expr.EmptyExpression>: null

25-11-2024T07:46:46 - [TEST_STEP][PASSED] - ii = <not implemented yet for class: org.codehaus.groovy.ast.expr.EmptyExpression>: null

25-11-2024T07:46:46 - [TEST_STEP][PASSED] - c = <not implemented yet for class: org.codehaus.groovy.ast.expr.EmptyExpression>: null

25-11-2024T07:46:46 - [TEST_STEP][PASSED] - numberOfErrors = 0: null

25-11-2024T07:46:46 - [TEST_STEP][PASSED] - if (a == 82): null

25-11-2024T07:46:46 - [TEST_STEP][PASSED] - b = findTestData("PlanFact").getValue(1, a): null

25-11-2024T07:46:46 - [TEST_STEP][PASSED] - i = b.indexOf(" (ГК)"): null

25-11-2024T07:46:46 - [TEST_STEP][PASSED] - if (i > -1): null

25-11-2024T07:46:46 - [TEST_STEP][PASSED] - i = b.indexOf("О ""): null

25-11-2024T07:46:46 - [TEST_STEP][PASSED] - if (i > -1): null

25-11-2024T07:46:46 - [TEST_STEP][PASSED] - i = b.indexOf("О «"): null

25-11-2024T07:46:46 - [TEST_STEP][PASSED] - if (i > -1): null

25-11-2024T07:46:46 - [TEST_STEP][PASSED] - i = b.indexOf("г. "): null

25-11-2024T07:46:46 - [TEST_STEP][PASSED] - if (i > -1): null

25-11-2024T07:46:46 - [TEST_STEP][PASSED] - println(b): null

25-11-2024T07:46:46 - [TEST_STEP][PASSED] - for ([planFact = 1, planFact < 3, (planFact++)]): null

25-11-2024T07:46:46 - [TEST_STEP][PASSED] - if (planFact == 1): null

25-11-2024T07:46:46 - [TEST_STEP][PASSED] - typeOfDataMain = "Факт": null

25-11-2024T07:46:46 - [TEST_STEP][PASSED] - otpusk = findTestData("PlanFact").getValue(5, a): null

25-11-2024T07:46:47 - [TEST_STEP][PASSED] - poteri = findTestData("PlanFact").getValue(6, a): null

25-11-2024T07:46:47 - [TEST_STEP][PASSED] - otpusk = otpusk.replaceAll("\s+", ""): null

25-11-2024T07:46:47 - [TEST_STEP][PASSED] - poteri = poteri.replaceAll("\s+", ""): null

25-11-2024T07:46:47 - [TEST_STEP][PASSED] - typeOfData = typeOfDataMain + " Отпуск в сеть": null

25-11-2024T07:46:47 - [TEST_STEP][PASSED] - if (a == 82): null

25-11-2024T07:46:47 - [TEST_STEP][PASSED] - else if (a == 84): null

25-11-2024T07:46:47 - [TEST_STEP][PASSED] - path = dataFolder + typeOfData + " за отчётный период " + "ПАО Россети": null

25-11-2024T07:46:47 - [TEST_STEP][PASSED] - println(path): null

25-11-2024T07:46:47 - [TEST_STEP][PASSED] - page = getText(findTestObject(path)): Text of object 'Object Repository/Выполнение бизнес-плана/Значения со страницы Выполнение бизнес-плана/Факт Отпуск в сеть за отчётный период ПАО Россети' is: '192 247 697'

25-11-2024T07:46:47 - [MESSAGE][PASSED] - Text of object 'Object Repository/Выполнение бизнес-плана/Значения со страницы Выполнение бизнес-плана/Факт Отпуск в сеть за отчётный период ПАО Россети' is: '192 247 697'

25-11-2024T07:46:47 - [TEST_STEP][PASSED] - page = page.replaceAll("\s+", ""): null

25-11-2024T07:46:47 - [TEST_STEP][PASSED] - fileOtpuskVSet = otpusk.toInteger(): null

25-11-2024T07:46:47 - [TEST_STEP][PASSED] - pageOtpuskVSet = page.toInteger(): null

25-11-2024T07:46:47 - [TEST_STEP][PASSED] - typeOfData = typeOfDataMain + " Потери": null

25-11-2024T07:46:47 - [TEST_STEP][PASSED] - if (a == 82): null

25-11-2024T07:46:47 - [TEST_STEP][PASSED] - else if (a == 84): null

25-11-2024T07:46:47 - [TEST_STEP][PASSED] - path = dataFolder + typeOfData + " за отчётный период " + "ПАО Россети": null

25-11-2024T07:46:47 - [TEST_STEP][PASSED] - page = getText(findTestObject(path)): Text of object 'Object Repository/Выполнение бизнес-плана/Значения со страницы Выполнение бизнес-плана/Факт Потери за отчётный период ПАО Россети' is: '17 195 829'

25-11-2024T07:46:47 - [MESSAGE][PASSED] - Text of object 'Object Repository/Выполнение бизнес-плана/Значения со страницы Выполнение бизнес-плана/Факт Потери за отчётный период ПАО Россети' is: '17 195 829'

25-11-2024T07:46:47 - [TEST_STEP][PASSED] - page = page.replaceAll("\s+", ""): null

25-11-2024T07:46:47 - [TEST_STEP][PASSED] - filePoteri = poteri.toInteger(): null

25-11-2024T07:46:47 - [TEST_STEP][PASSED] - pagePoteri = page.toInteger(): null

25-11-2024T07:46:47 - [TEST_STEP][PASSED] - compare = pageOtpuskVSet: null

25-11-2024T07:46:47 - [TEST_STEP][PASSED] - if (compare == fileOtpuskVSet): null

25-11-2024T07:46:47 - [TEST_STEP][PASSED] - else if (compare > fileOtpuskVSet): null

25-11-2024T07:46:47 - [TEST_STEP][PASSED] - else if (compare < fileOtpuskVSet): null

25-11-2024T07:46:47 - [TEST_STEP][PASSED] - compare = compare + 1: null

25-11-2024T07:46:47 - [TEST_STEP][PASSED] - if (compare == fileOtpuskVSet): null

25-11-2024T07:46:47 - [TEST_STEP][PASSED] - else: null

25-11-2024T07:46:47 - [TEST_STEP][PASSED] - numberOfErrors = numberOfErrors + 1: null

25-11-2024T07:46:47 - [TEST_STEP][PASSED] - pageInt = pageOtpuskVSet: null

25-11-2024T07:46:47 - [TEST_STEP][PASSED] - fileInt = fileOtpuskVSet: null

25-11-2024T07:46:47 - [TEST_STEP][PASSED] - typeOfData = typeOfDataMain + " Отпуск в сеть": null

25-11-2024T07:46:47 - [TEST_STEP][PASSED] - Script1718980020443.WriteToExcel(a, typeOfData, todaysDate, pageInt, fileInt, pageDouble, fileDouble, dZO): null

25-11-2024T07:46:47 - [TEST_STEP][PASSED] - sheetName = "Sheet1": null

25-11-2024T07:46:47 - [TEST_STEP][PASSED] - data = findTestData("PlanFact"): null

25-11-2024T07:46:47 - [TEST_STEP][PASSED] - n = data.getRowNumbers() + 1: null

25-11-2024T07:46:47 - [TEST_STEP][PASSED] - year = todaysDate.substring(todaysDate.length() - 4, todaysDate.length()): null

25-11-2024T07:46:47 - [TEST_STEP][PASSED] - y = year.toInteger(): null

25-11-2024T07:46:47 - [TEST_STEP][PASSED] - m = getText(findTestObject("Выполнение бизнес-плана/Период")): Text of object 'Object Repository/Выполнение бизнес-плана/Период' is: '1, 2, 3 кв. 2024 года'

25-11-2024T07:46:48 - [MESSAGE][PASSED] - Text of object 'Object Repository/Выполнение бизнес-плана/Период' is: '1, 2, 3 кв. 2024 года'

25-11-2024T07:46:48 - [TEST_STEP][PASSED] - m = m.substring(0, m.indexOf("2024")): null

25-11-2024T07:46:48 - [TEST_STEP][PASSED] - m = m.trim(): null

25-11-2024T07:46:48 - [TEST_STEP][PASSED] - dashboardName = "Выполнение бизнес-плана": null

25-11-2024T07:46:48 - [TEST_STEP][PASSED] - workbook01 = getWorkbook(excelFilePath): null

25-11-2024T07:46:48 - [TEST_STEP][PASSED] - sheet01 = getExcelSheet(workbook01, sheetName): null

25-11-2024T07:46:48 - [TEST_STEP][PASSED] - setValueToCellByIndex(sheet01, n, 0, dashboardName): null

25-11-2024T07:46:48 - [TEST_STEP][PASSED] - setValueToCellByIndex(sheet01, n, 1, dZO): null

25-11-2024T07:46:48 - [TEST_STEP][PASSED] - setValueToCellByIndex(sheet01, n, 2, typeOfData): null

25-11-2024T07:46:48 - [TEST_STEP][PASSED] - if (typeOfData == "Факт в процентах" || typeOfData == "План в процентах"): null

25-11-2024T07:46:48 - [TEST_STEP][PASSED] - else: null

25-11-2024T07:46:48 - [TEST_STEP][PASSED] - setValueToCellByIndex(sheet01, n, 3, fileInt): null

25-11-2024T07:46:48 - [TEST_STEP][PASSED] - setValueToCellByIndex(sheet01, n, 4, pageInt): null

25-11-2024T07:46:48 - [TEST_STEP][PASSED] - setValueToCellByIndex(sheet01, n, 5, m): null

25-11-2024T07:46:48 - [TEST_STEP][PASSED] - setValueToCellByIndex(sheet01, n, 6, y): null

25-11-2024T07:46:48 - [TEST_STEP][PASSED] - setValueToCellByIndex(sheet01, n, 7, todaysDate): null

25-11-2024T07:46:48 - [TEST_STEP][PASSED] - n = n + 1: null

25-11-2024T07:46:48 - [TEST_STEP][PASSED] - saveWorkbook(excelFilePath, workbook01): null

25-11-2024T07:46:48 - [TEST_STEP][PASSED] - compare = pagePoteri: null

25-11-2024T07:46:48 - [TEST_STEP][PASSED] - if (compare == filePoteri): null

25-11-2024T07:46:48 - [TEST_STEP][PASSED] - else if (compare > filePoteri): null

25-11-2024T07:46:48 - [TEST_STEP][PASSED] - else if (compare < filePoteri): null

25-11-2024T07:46:48 - [TEST_STEP][PASSED] - compare = compare + 1: null

25-11-2024T07:46:48 - [TEST_STEP][PASSED] - if (compare == filePoteri): null

25-11-2024T07:46:48 - [TEST_STEP][PASSED] - else: null

25-11-2024T07:46:48 - [TEST_STEP][PASSED] - numberOfErrors = numberOfErrors + 1: null

25-11-2024T07:46:48 - [TEST_STEP][PASSED] - pageInt = pagePoteri: null

25-11-2024T07:46:48 - [TEST_STEP][PASSED] - fileInt = filePoteri: null

25-11-2024T07:46:48 - [TEST_STEP][PASSED] - typeOfData = typeOfDataMain + " Потери": null

25-11-2024T07:46:48 - [TEST_STEP][PASSED] - Script1718980020443.WriteToExcel(a, typeOfData, todaysDate, pageInt, fileInt, pageDouble, fileDouble, dZO): null

25-11-2024T07:46:48 - [TEST_STEP][PASSED] - sheetName = "Sheet1": null

25-11-2024T07:46:48 - [TEST_STEP][PASSED] - data = findTestData("PlanFact"): null

25-11-2024T07:46:48 - [TEST_STEP][PASSED] - n = data.getRowNumbers() + 1: null

25-11-2024T07:46:48 - [TEST_STEP][PASSED] - year = todaysDate.substring(todaysDate.length() - 4, todaysDate.length()): null

25-11-2024T07:46:48 - [TEST_STEP][PASSED] - y = year.toInteger(): null

25-11-2024T07:46:48 - [TEST_STEP][PASSED] - m = getText(findTestObject("Выполнение бизнес-плана/Период")): Text of object 'Object Repository/Выполнение бизнес-плана/Период' is: '1, 2, 3 кв. 2024 года'

25-11-2024T07:46:49 - [MESSAGE][PASSED] - Text of object 'Object Repository/Выполнение бизнес-плана/Период' is: '1, 2, 3 кв. 2024 года'

25-11-2024T07:46:49 - [TEST_STEP][PASSED] - m = m.substring(0, m.indexOf("2024")): null

25-11-2024T07:46:49 - [TEST_STEP][PASSED] - m = m.trim(): null

25-11-2024T07:46:49 - [TEST_STEP][PASSED] - dashboardName = "Выполнение бизнес-плана": null

25-11-2024T07:46:49 - [TEST_STEP][PASSED] - workbook01 = getWorkbook(excelFilePath): null

25-11-2024T07:46:49 - [TEST_STEP][PASSED] - sheet01 = getExcelSheet(workbook01, sheetName): null

25-11-2024T07:46:49 - [TEST_STEP][PASSED] - setValueToCellByIndex(sheet01, n, 0, dashboardName): null

25-11-2024T07:46:49 - [TEST_STEP][PASSED] - setValueToCellByIndex(sheet01, n, 1, dZO): null

25-11-2024T07:46:49 - [TEST_STEP][PASSED] - setValueToCellByIndex(sheet01, n, 2, typeOfData): null

25-11-2024T07:46:49 - [TEST_STEP][PASSED] - if (typeOfData == "Факт в процентах" || typeOfData == "План в процентах"): null

25-11-2024T07:46:49 - [TEST_STEP][PASSED] - else: null

25-11-2024T07:46:49 - [TEST_STEP][PASSED] - setValueToCellByIndex(sheet01, n, 3, fileInt): null

25-11-2024T07:46:49 - [TEST_STEP][PASSED] - setValueToCellByIndex(sheet01, n, 4, pageInt): null

25-11-2024T07:46:49 - [TEST_STEP][PASSED] - setValueToCellByIndex(sheet01, n, 5, m): null

25-11-2024T07:46:49 - [TEST_STEP][PASSED] - setValueToCellByIndex(sheet01, n, 6, y): null

25-11-2024T07:46:49 - [TEST_STEP][PASSED] - setValueToCellByIndex(sheet01, n, 7, todaysDate): null

25-11-2024T07:46:49 - [TEST_STEP][PASSED] - n = n + 1: null

25-11-2024T07:46:49 - [TEST_STEP][PASSED] - saveWorkbook(excelFilePath, workbook01): null

25-11-2024T07:46:49 - [TEST_STEP][PASSED] - if (planFact == 2): null

25-11-2024T07:46:49 - [TEST_STEP][PASSED] - if (planFact == 1): null

25-11-2024T07:46:49 - [TEST_STEP][PASSED] - else if (planFact == 2): null

25-11-2024T07:46:49 - [TEST_STEP][PASSED] - click(findTestObject("Выполнение бизнес-плана/Кнопка План")): Object: 'Object Repository/Выполнение бизнес-плана/Кнопка План' is clicked on

25-11-2024T07:46:49 - [MESSAGE][PASSED] - Object: 'Object Repository/Выполнение бизнес-плана/Кнопка План' is clicked on

25-11-2024T07:46:49 - [TEST_STEP][PASSED] - typeOfDataMain = "План": null

25-11-2024T07:46:49 - [TEST_STEP][PASSED] - otpusk = findTestData("PlanFact").getValue(2, a): null

25-11-2024T07:46:49 - [TEST_STEP][PASSED] - poteri = findTestData("PlanFact").getValue(3, a): null

25-11-2024T07:46:49 - [TEST_STEP][PASSED] - otpusk = otpusk.replaceAll("\s+", ""): null

25-11-2024T07:46:50 - [TEST_STEP][PASSED] - poteri = poteri.replaceAll("\s+", ""): null

25-11-2024T07:46:50 - [TEST_STEP][PASSED] - typeOfData = typeOfDataMain + " Отпуск в сеть": null

25-11-2024T07:46:50 - [TEST_STEP][PASSED] - if (a == 82): null

25-11-2024T07:46:50 - [TEST_STEP][PASSED] - else if (a == 84): null

25-11-2024T07:46:50 - [TEST_STEP][PASSED] - path = dataFolder + typeOfData + " за отчётный период " + "ПАО Россети": null

25-11-2024T07:46:50 - [TEST_STEP][PASSED] - println(path): null

25-11-2024T07:46:50 - [TEST_STEP][PASSED] - page = getText(findTestObject(path)): Text of object 'Object Repository/Выполнение бизнес-плана/Значения со страницы Выполнение бизнес-плана/План Отпуск в сеть за отчётный период ПАО Россети' is: '187 501 364'

25-11-2024T07:46:50 - [MESSAGE][PASSED] - Text of object 'Object Repository/Выполнение бизнес-плана/Значения со страницы Выполнение бизнес-плана/План Отпуск в сеть за отчётный период ПАО Россети' is: '187 501 364'

25-11-2024T07:46:50 - [TEST_STEP][PASSED] - page = page.replaceAll("\s+", ""): null

25-11-2024T07:46:50 - [TEST_STEP][PASSED] - fileOtpuskVSet = otpusk.toInteger(): null

25-11-2024T07:46:50 - [TEST_STEP][PASSED] - pageOtpuskVSet = page.toInteger(): null

25-11-2024T07:46:50 - [TEST_STEP][PASSED] - typeOfData = typeOfDataMain + " Потери": null

25-11-2024T07:46:50 - [TEST_STEP][PASSED] - if (a == 82): null

25-11-2024T07:46:50 - [TEST_STEP][PASSED] - else if (a == 84): null

25-11-2024T07:46:50 - [TEST_STEP][PASSED] - path = dataFolder + typeOfData + " за отчётный период " + "ПАО Россети": null

25-11-2024T07:46:50 - [TEST_STEP][PASSED] - page = getText(findTestObject(path)): Text of object 'Object Repository/Выполнение бизнес-плана/Значения со страницы Выполнение бизнес-плана/План Потери за отчётный период ПАО Россети' is: '16 062 691'

25-11-2024T07:46:50 - [MESSAGE][PASSED] - Text of object 'Object Repository/Выполнение бизнес-плана/Значения со страницы Выполнение бизнес-плана/План Потери за отчётный период ПАО Россети' is: '16 062 691'

25-11-2024T07:46:50 - [TEST_STEP][PASSED] - page = page.replaceAll("\s+", ""): null

25-11-2024T07:46:50 - [TEST_STEP][PASSED] - filePoteri = poteri.toInteger(): null

25-11-2024T07:46:50 - [TEST_STEP][PASSED] - pagePoteri = page.toInteger(): null

25-11-2024T07:46:50 - [TEST_STEP][PASSED] - compare = pageOtpuskVSet: null

25-11-2024T07:46:50 - [TEST_STEP][PASSED] - if (compare == fileOtpuskVSet): null

25-11-2024T07:46:50 - [TEST_STEP][PASSED] - else if (compare > fileOtpuskVSet): null

25-11-2024T07:46:50 - [TEST_STEP][PASSED] - else if (compare < fileOtpuskVSet): null

25-11-2024T07:46:50 - [TEST_STEP][PASSED] - compare = compare + 1: null

25-11-2024T07:46:50 - [TEST_STEP][PASSED] - if (compare == fileOtpuskVSet): null

25-11-2024T07:46:50 - [TEST_STEP][PASSED] - else: null

25-11-2024T07:46:50 - [TEST_STEP][PASSED] - numberOfErrors = numberOfErrors + 1: null

25-11-2024T07:46:50 - [TEST_STEP][PASSED] - pageInt = pageOtpuskVSet: null

25-11-2024T07:46:50 - [TEST_STEP][PASSED] - fileInt = fileOtpuskVSet: null

25-11-2024T07:46:50 - [TEST_STEP][PASSED] - typeOfData = typeOfDataMain + " Отпуск в сеть": null

25-11-2024T07:46:50 - [TEST_STEP][PASSED] - Script1718980020443.WriteToExcel(a, typeOfData, todaysDate, pageInt, fileInt, pageDouble, fileDouble, dZO): null

25-11-2024T07:46:50 - [TEST_STEP][PASSED] - sheetName = "Sheet1": null

25-11-2024T07:46:50 - [TEST_STEP][PASSED] - data = findTestData("PlanFact"): null

25-11-2024T07:46:50 - [TEST_STEP][PASSED] - n = data.getRowNumbers() + 1: null

25-11-2024T07:46:50 - [TEST_STEP][PASSED] - year = todaysDate.substring(todaysDate.length() - 4, todaysDate.length()): null

25-11-2024T07:46:50 - [TEST_STEP][PASSED] - y = year.toInteger(): null

25-11-2024T07:46:50 - [TEST_STEP][PASSED] - m = getText(findTestObject("Выполнение бизнес-плана/Период")): Text of object 'Object Repository/Выполнение бизнес-плана/Период' is: '1, 2, 3 кв. 2024 года'

25-11-2024T07:46:51 - [MESSAGE][PASSED] - Text of object 'Object Repository/Выполнение бизнес-плана/Период' is: '1, 2, 3 кв. 2024 года'

25-11-2024T07:46:51 - [TEST_STEP][PASSED] - m = m.substring(0, m.indexOf("2024")): null

25-11-2024T07:46:51 - [TEST_STEP][PASSED] - m = m.trim(): null

25-11-2024T07:46:51 - [TEST_STEP][PASSED] - dashboardName = "Выполнение бизнес-плана": null

25-11-2024T07:46:51 - [TEST_STEP][PASSED] - workbook01 = getWorkbook(excelFilePath): null

25-11-2024T07:46:51 - [TEST_STEP][PASSED] - sheet01 = getExcelSheet(workbook01, sheetName): null

25-11-2024T07:46:51 - [TEST_STEP][PASSED] - setValueToCellByIndex(sheet01, n, 0, dashboardName): null

25-11-2024T07:46:51 - [TEST_STEP][PASSED] - setValueToCellByIndex(sheet01, n, 1, dZO): null

25-11-2024T07:46:51 - [TEST_STEP][PASSED] - setValueToCellByIndex(sheet01, n, 2, typeOfData): null

25-11-2024T07:46:51 - [TEST_STEP][PASSED] - if (typeOfData == "Факт в процентах" || typeOfData == "План в процентах"): null

25-11-2024T07:46:51 - [TEST_STEP][PASSED] - else: null

25-11-2024T07:46:51 - [TEST_STEP][PASSED] - setValueToCellByIndex(sheet01, n, 3, fileInt): null

25-11-2024T07:46:51 - [TEST_STEP][PASSED] - setValueToCellByIndex(sheet01, n, 4, pageInt): null

25-11-2024T07:46:51 - [TEST_STEP][PASSED] - setValueToCellByIndex(sheet01, n, 5, m): null

25-11-2024T07:46:51 - [TEST_STEP][PASSED] - setValueToCellByIndex(sheet01, n, 6, y): null

25-11-2024T07:46:51 - [TEST_STEP][PASSED] - setValueToCellByIndex(sheet01, n, 7, todaysDate): null

25-11-2024T07:46:51 - [TEST_STEP][PASSED] - n = n + 1: null

25-11-2024T07:46:51 - [TEST_STEP][PASSED] - saveWorkbook(excelFilePath, workbook01): null

25-11-2024T07:46:51 - [TEST_STEP][PASSED] - compare = pagePoteri: null

25-11-2024T07:46:51 - [TEST_STEP][PASSED] - if (compare == filePoteri): null

25-11-2024T07:46:51 - [TEST_STEP][PASSED] - else if (compare > filePoteri): null

25-11-2024T07:46:51 - [TEST_STEP][PASSED] - else if (compare < filePoteri): null

25-11-2024T07:46:51 - [TEST_STEP][PASSED] - compare = compare + 1: null

25-11-2024T07:46:51 - [TEST_STEP][PASSED] - if (compare == filePoteri): null

25-11-2024T07:46:51 - [TEST_STEP][PASSED] - else: null

25-11-2024T07:46:51 - [TEST_STEP][PASSED] - numberOfErrors = numberOfErrors + 1: null

25-11-2024T07:46:51 - [TEST_STEP][PASSED] - pageInt = pagePoteri: null

25-11-2024T07:46:51 - [TEST_STEP][PASSED] - fileInt = filePoteri: null

25-11-2024T07:46:51 - [TEST_STEP][PASSED] - typeOfData = typeOfDataMain + " Потери": null

25-11-2024T07:46:51 - [TEST_STEP][PASSED] - Script1718980020443.WriteToExcel(a, typeOfData, todaysDate, pageInt, fileInt, pageDouble, fileDouble, dZO): null

25-11-2024T07:46:51 - [TEST_STEP][PASSED] - sheetName = "Sheet1": null

25-11-2024T07:46:51 - [TEST_STEP][PASSED] - data = findTestData("PlanFact"): null

25-11-2024T07:46:51 - [TEST_STEP][PASSED] - n = data.getRowNumbers() + 1: null

25-11-2024T07:46:51 - [TEST_STEP][PASSED] - year = todaysDate.substring(todaysDate.length() - 4, todaysDate.length()): null

25-11-2024T07:46:51 - [TEST_STEP][PASSED] - y = year.toInteger(): null

25-11-2024T07:46:51 - [TEST_STEP][PASSED] - m = getText(findTestObject("Выполнение бизнес-плана/Период")): Text of object 'Object Repository/Выполнение бизнес-плана/Период' is: '1, 2, 3 кв. 2024 года'

25-11-2024T07:46:51 - [MESSAGE][PASSED] - Text of object 'Object Repository/Выполнение бизнес-плана/Период' is: '1, 2, 3 кв. 2024 года'

25-11-2024T07:46:51 - [TEST_STEP][PASSED] - m = m.substring(0, m.indexOf("2024")): null

25-11-2024T07:46:51 - [TEST_STEP][PASSED] - m = m.trim(): null

25-11-2024T07:46:51 - [TEST_STEP][PASSED] - dashboardName = "Выполнение бизнес-плана": null

25-11-2024T07:46:51 - [TEST_STEP][PASSED] - workbook01 = getWorkbook(excelFilePath): null

25-11-2024T07:46:51 - [TEST_STEP][PASSED] - sheet01 = getExcelSheet(workbook01, sheetName): null

25-11-2024T07:46:51 - [TEST_STEP][PASSED] - setValueToCellByIndex(sheet01, n, 0, dashboardName): null

25-11-2024T07:46:51 - [TEST_STEP][PASSED] - setValueToCellByIndex(sheet01, n, 1, dZO): null

25-11-2024T07:46:51 - [TEST_STEP][PASSED] - setValueToCellByIndex(sheet01, n, 2, typeOfData): null

25-11-2024T07:46:51 - [TEST_STEP][PASSED] - if (typeOfData == "Факт в процентах" || typeOfData == "План в процентах"): null

25-11-2024T07:46:51 - [TEST_STEP][PASSED] - else: null

25-11-2024T07:46:51 - [TEST_STEP][PASSED] - setValueToCellByIndex(sheet01, n, 3, fileInt): null

25-11-2024T07:46:51 - [TEST_STEP][PASSED] - setValueToCellByIndex(sheet01, n, 4, pageInt): null

25-11-2024T07:46:51 - [TEST_STEP][PASSED] - setValueToCellByIndex(sheet01, n, 5, m): null

25-11-2024T07:46:51 - [TEST_STEP][PASSED] - setValueToCellByIndex(sheet01, n, 6, y): null

25-11-2024T07:46:51 - [TEST_STEP][PASSED] - setValueToCellByIndex(sheet01, n, 7, todaysDate): null

25-11-2024T07:46:51 - [TEST_STEP][PASSED] - n = n + 1: null

25-11-2024T07:46:51 - [TEST_STEP][PASSED] - saveWorkbook(excelFilePath, workbook01): Object: 'Object Repository/Выполнение бизнес-плана/Кнопка Факт' is clicked on

25-11-2024T07:46:52 - [TEST_STEP][PASSED] - if (planFact == 2): Object: 'Object Repository/Выполнение бизнес-плана/Кнопка Факт' is clicked on

25-11-2024T07:46:52 - [TEST_STEP][PASSED] - click(findTestObject("Выполнение бизнес-плана/Кнопка Факт")): Object: 'Object Repository/Выполнение бизнес-плана/Кнопка Факт' is clicked on

25-11-2024T07:46:52 - [MESSAGE][PASSED] - Object: 'Object Repository/Выполнение бизнес-плана/Кнопка Факт' is clicked on

25-11-2024T07:46:52 - [TEST_STEP][PASSED] - if (a == 84 || a == 82): null

25-11-2024T07:46:52 - [TEST_STEP][PASSED] - page = getText(findTestObject("Выполнение бизнес-плана/textPlanFact")): Text of object 'Object Repository/Выполнение бизнес-плана/textPlanFact' is: '%
5.29 5.29
5.26 5.26
План
Факт
1
100'

25-11-2024T07:46:52 - [MESSAGE][PASSED] - Text of object 'Object Repository/Выполнение бизнес-плана/textPlanFact' is: '%
5.29 5.29
5.26 5.26
План
Факт
1
100'

25-11-2024T07:46:52 - [TEST_STEP][PASSED] - page = page.replaceAll("\n", "_"): null

25-11-2024T07:46:52 - [TEST_STEP][PASSED] - page = page.substring(page.indexOf("_") + 1, page.length()): null

25-11-2024T07:46:52 - [TEST_STEP][PASSED] - page1 = page.substring(0, page.indexOf("_")): null

25-11-2024T07:46:52 - [TEST_STEP][PASSED] - page1 = page.substring(0, page.indexOf(" ")): null

25-11-2024T07:46:52 - [TEST_STEP][PASSED] - page2 = page.substring(page.indexOf("_") + 1, page.length()): null

25-11-2024T07:46:52 - [TEST_STEP][PASSED] - page2 = page2.substring(0, page.indexOf("_")): null

25-11-2024T07:46:52 - [TEST_STEP][PASSED] - page2 = page2.substring(0, page.indexOf(" ")): null

25-11-2024T07:46:52 - [TEST_STEP][PASSED] - println("page1: " + page1): null

25-11-2024T07:46:52 - [TEST_STEP][PASSED] - println("page2: " + page2): null

25-11-2024T07:46:52 - [TEST_STEP][PASSED] - file = findTestData("PlanFact").getValue(4, a): null

25-11-2024T07:46:52 - [TEST_STEP][PASSED] - file = file.replace(",", "."): null

25-11-2024T07:46:52 - [TEST_STEP][PASSED] - println("file Plan: " + file): null

25-11-2024T07:46:52 - [TEST_STEP][PASSED] - typeOfData = "План в процентах": null

25-11-2024T07:46:52 - [TEST_STEP][PASSED] - fileDouble = file.toDouble(): null

25-11-2024T07:46:52 - [TEST_STEP][PASSED] - pageDouble = page1.toDouble(): null

25-11-2024T07:46:52 - [TEST_STEP][PASSED] - if (fileDouble != pageDouble): null

25-11-2024T07:46:52 - [TEST_STEP][PASSED] - numberOfErrors = numberOfErrors + 1: null

25-11-2024T07:46:52 - [TEST_STEP][PASSED] - Script1718980020443.WriteToExcel(a, typeOfData, todaysDate, pageInt, fileInt, pageDouble, fileDouble, dZO): null

25-11-2024T07:46:52 - [TEST_STEP][PASSED] - sheetName = "Sheet1": null

25-11-2024T07:46:52 - [TEST_STEP][PASSED] - data = findTestData("PlanFact"): null

25-11-2024T07:46:52 - [TEST_STEP][PASSED] - n = data.getRowNumbers() + 1: null

25-11-2024T07:46:52 - [TEST_STEP][PASSED] - year = todaysDate.substring(todaysDate.length() - 4, todaysDate.length()): null

25-11-2024T07:46:52 - [TEST_STEP][PASSED] - y = year.toInteger(): null

25-11-2024T07:46:52 - [TEST_STEP][PASSED] - m = getText(findTestObject("Выполнение бизнес-плана/Период")): Text of object 'Object Repository/Выполнение бизнес-плана/Период' is: '1, 2, 3 кв. 2024 года'

25-11-2024T07:46:53 - [MESSAGE][PASSED] - Text of object 'Object Repository/Выполнение бизнес-плана/Период' is: '1, 2, 3 кв. 2024 года'

25-11-2024T07:46:53 - [TEST_STEP][PASSED] - m = m.substring(0, m.indexOf("2024")): null

25-11-2024T07:46:53 - [TEST_STEP][PASSED] - m = m.trim(): null

25-11-2024T07:46:53 - [TEST_STEP][PASSED] - dashboardName = "Выполнение бизнес-плана": null

25-11-2024T07:46:53 - [TEST_STEP][PASSED] - workbook01 = getWorkbook(excelFilePath): null

25-11-2024T07:46:53 - [TEST_STEP][PASSED] - sheet01 = getExcelSheet(workbook01, sheetName): null

25-11-2024T07:46:53 - [TEST_STEP][PASSED] - setValueToCellByIndex(sheet01, n, 0, dashboardName): null

25-11-2024T07:46:53 - [TEST_STEP][PASSED] - setValueToCellByIndex(sheet01, n, 1, dZO): null

25-11-2024T07:46:53 - [TEST_STEP][PASSED] - setValueToCellByIndex(sheet01, n, 2, typeOfData): null

25-11-2024T07:46:53 - [TEST_STEP][PASSED] - if (typeOfData == "Факт в процентах" || typeOfData == "План в процентах"): null

25-11-2024T07:46:53 - [TEST_STEP][PASSED] - setValueToCellByIndex(sheet01, n, 3, fileDouble): null

25-11-2024T07:46:53 - [TEST_STEP][PASSED] - setValueToCellByIndex(sheet01, n, 4, pageDouble): null

25-11-2024T07:46:53 - [TEST_STEP][PASSED] - setValueToCellByIndex(sheet01, n, 5, m): null

25-11-2024T07:46:53 - [TEST_STEP][PASSED] - setValueToCellByIndex(sheet01, n, 6, y): null

25-11-2024T07:46:53 - [TEST_STEP][PASSED] - setValueToCellByIndex(sheet01, n, 7, todaysDate): null

25-11-2024T07:46:53 - [TEST_STEP][PASSED] - n = n + 1: null

25-11-2024T07:46:53 - [TEST_STEP][PASSED] - saveWorkbook(excelFilePath, workbook01): null

25-11-2024T07:46:53 - [TEST_STEP][PASSED] - file = findTestData("PlanFact").getValue(7, a): null

25-11-2024T07:46:53 - [TEST_STEP][PASSED] - file = file.replace(",", "."): null

25-11-2024T07:46:53 - [TEST_STEP][PASSED] - println("file Fact: " + file): null

25-11-2024T07:46:53 - [TEST_STEP][PASSED] - fileDouble = file.toDouble(): null

25-11-2024T07:46:53 - [TEST_STEP][PASSED] - typeOfData = "Факт в процентах": null

25-11-2024T07:46:53 - [TEST_STEP][PASSED] - fileDouble = file.toDouble(): null

25-11-2024T07:46:53 - [TEST_STEP][PASSED] - pageDouble = page2.toDouble(): null

25-11-2024T07:46:53 - [TEST_STEP][PASSED] - if (fileDouble != pageDouble): null

25-11-2024T07:46:53 - [TEST_STEP][PASSED] - numberOfErrors = numberOfErrors + 1: null

25-11-2024T07:46:53 - [TEST_STEP][PASSED] - Script1718980020443.WriteToExcel(a, typeOfData, todaysDate, pageInt, fileInt, pageDouble, fileDouble, dZO): null

25-11-2024T07:46:53 - [TEST_STEP][PASSED] - sheetName = "Sheet1": null

25-11-2024T07:46:53 - [TEST_STEP][PASSED] - data = findTestData("PlanFact"): null

25-11-2024T07:46:53 - [TEST_STEP][PASSED] - n = data.getRowNumbers() + 1: null

25-11-2024T07:46:53 - [TEST_STEP][PASSED] - year = todaysDate.substring(todaysDate.length() - 4, todaysDate.length()): null

25-11-2024T07:46:53 - [TEST_STEP][PASSED] - y = year.toInteger(): null

25-11-2024T07:46:53 - [TEST_STEP][PASSED] - m = getText(findTestObject("Выполнение бизнес-плана/Период")): Text of object 'Object Repository/Выполнение бизнес-плана/Период' is: '1, 2, 3 кв. 2024 года'

25-11-2024T07:46:53 - [MESSAGE][PASSED] - Text of object 'Object Repository/Выполнение бизнес-плана/Период' is: '1, 2, 3 кв. 2024 года'

25-11-2024T07:46:53 - [TEST_STEP][PASSED] - m = m.substring(0, m.indexOf("2024")): null

25-11-2024T07:46:53 - [TEST_STEP][PASSED] - m = m.trim(): null

25-11-2024T07:46:53 - [TEST_STEP][PASSED] - dashboardName = "Выполнение бизнес-плана": null

25-11-2024T07:46:53 - [TEST_STEP][PASSED] - workbook01 = getWorkbook(excelFilePath): null

25-11-2024T07:46:53 - [TEST_STEP][PASSED] - sheet01 = getExcelSheet(workbook01, sheetName): null

25-11-2024T07:46:53 - [TEST_STEP][PASSED] - setValueToCellByIndex(sheet01, n, 0, dashboardName): null

25-11-2024T07:46:53 - [TEST_STEP][PASSED] - setValueToCellByIndex(sheet01, n, 1, dZO): null

25-11-2024T07:46:53 - [TEST_STEP][PASSED] - setValueToCellByIndex(sheet01, n, 2, typeOfData): null

25-11-2024T07:46:53 - [TEST_STEP][PASSED] - if (typeOfData == "Факт в процентах" || typeOfData == "План в процентах"): null

25-11-2024T07:46:53 - [TEST_STEP][PASSED] - setValueToCellByIndex(sheet01, n, 3, fileDouble): null

25-11-2024T07:46:53 - [TEST_STEP][PASSED] - setValueToCellByIndex(sheet01, n, 4, pageDouble): null

25-11-2024T07:46:53 - [TEST_STEP][PASSED] - setValueToCellByIndex(sheet01, n, 5, m): null

25-11-2024T07:46:53 - [TEST_STEP][PASSED] - setValueToCellByIndex(sheet01, n, 6, y): null

25-11-2024T07:46:53 - [TEST_STEP][PASSED] - setValueToCellByIndex(sheet01, n, 7, todaysDate): null

25-11-2024T07:46:53 - [TEST_STEP][PASSED] - n = n + 1: null

25-11-2024T07:46:53 - [TEST_STEP][PASSED] - saveWorkbook(excelFilePath, workbook01): null

25-11-2024T07:46:54 - [TEST_STEP][FAILED] - if (verifyEqual(numberOfErrors, 0) == false): null

25-11-2024T07:46:54 - [MESSAGE][FAILED] - Unable to verify equal between actual object '6' and expected object '0' (Root cause: com.kms.katalon.core.exception.StepFailedException: Actual object '6' and expected object '0' are not equal
	at com.kms.katalon.core.keyword.builtin.VerifyEqualKeyword$_verifyEqual_closure1.doCall(VerifyEqualKeyword.groovy:58)
	at com.kms.katalon.core.keyword.builtin.VerifyEqualKeyword$_verifyEqual_closure1.call(VerifyEqualKeyword.groovy)
	at com.kms.katalon.core.keyword.internal.KeywordMain.runKeyword(KeywordMain.groovy:75)
	at com.kms.katalon.core.keyword.builtin.VerifyEqualKeyword.verifyEqual(VerifyEqualKeyword.groovy:63)
	at com.kms.katalon.core.keyword.builtin.VerifyEqualKeyword.execute(VerifyEqualKeyword.groovy:44)
	at com.kms.katalon.core.keyword.internal.KeywordExecutor.executeKeywordForPlatform(KeywordExecutor.groovy:74)
	at com.kms.katalon.core.keyword.BuiltinKeywords.verifyEqual(BuiltinKeywords.groovy:146)
	at java.base/jdk.internal.reflect.NativeMethodAccessorImpl.invoke0(Native Method)
	at java.base/jdk.internal.reflect.NativeMethodAccessorImpl.invoke(NativeMethodAccessorImpl.java:77)
	at java.base/jdk.internal.reflect.DelegatingMethodAccessorImpl.invoke(DelegatingMethodAccessorImpl.java:43)
	at Выполнение бизнес-плана Сверка ПАО Россети все филиалы.Numbers(Выполнение бизнес-плана Сверка ПАО Россети все филиалы:740)
	at Выполнение бизнес-плана Сверка ПАО Россети все филиалы.run(Выполнение бизнес-плана Сверка ПАО Россети все филиалы:189)
	at com.kms.katalon.core.main.ScriptEngine.run(ScriptEngine.java:194)
	at com.kms.katalon.core.main.ScriptEngine.runScriptAsRawText(ScriptEngine.java:119)
	at com.kms.katalon.core.main.TestCaseExecutor.runScript(TestCaseExecutor.java:448)
	at com.kms.katalon.core.main.TestCaseExecutor.doExecute(TestCaseExecutor.java:439)
	at com.kms.katalon.core.main.TestCaseExecutor.processExecutionPhase(TestCaseExecutor.java:418)
	at com.kms.katalon.core.main.TestCaseExecutor.accessMainPhase(TestCaseExecutor.java:410)
	at com.kms.katalon.core.main.TestCaseExecutor.execute(TestCaseExecutor.java:285)
	at com.kms.katalon.core.common.CommonExecutor.accessTestCaseMainPhase(CommonExecutor.java:65)
	at com.kms.katalon.core.main.TestSuiteExecutor.accessTestSuiteMainPhase(TestSuiteExecutor.java:150)
	at com.kms.katalon.core.main.TestSuiteExecutor.execute(TestSuiteExecutor.java:106)
	at com.kms.katalon.core.main.TestCaseMain.startTestSuite(TestCaseMain.java:180)
	at TempTestSuite1732509691813.run(TempTestSuite1732509691813.groovy:35)
	at java.base/jdk.internal.reflect.NativeMethodAccessorImpl.invoke0(Native Method)
	at java.base/jdk.internal.reflect.NativeMethodAccessorImpl.invoke(NativeMethodAccessorImpl.java:77)
	at java.base/jdk.internal.reflect.DelegatingMethodAccessorImpl.invoke(DelegatingMethodAccessorImpl.java:43)
)

25-11-2024T07:46:54 - [TEST_STEP][PASSED] - println(numberOfErrors): null

25-11-2024T07:46:54 - [TEST_STEP][PASSED] - if (a == 28 || a == 77 || a == 74 || a == 65 || a == 36 || a == 44 || a == 54 || a == 1 || a == 18 || a == 59): null

25-11-2024T07:46:54 - [TEST_STEP][PASSED] - if (a == 82): null

25-11-2024T07:46:54 - [TEST_STEP][PASSED] - dZO = "Россети ФСК ЕЭС": null

25-11-2024T07:46:54 - [TEST_STEP][PASSED] - a = 83: null

25-11-2024T07:46:54 - [TEST_STEP][PASSED] - if (x1.contains(dZO)): null

25-11-2024T07:46:54 - [TEST_STEP][PASSED] - else: null

25-11-2024T07:46:54 - [TEST_STEP][PASSED] - Script1718980020443.NoData(a, typeOfData, todaysDate, fileInt, fileDouble, dZO): null

25-11-2024T07:46:54 - [TEST_STEP][PASSED] - println(a): null

25-11-2024T07:46:54 - [TEST_STEP][PASSED] - println(todaysDate): null

25-11-2024T07:46:54 - [TEST_STEP][PASSED] - println(fileInt): null

25-11-2024T07:46:54 - [TEST_STEP][PASSED] - println(fileDouble): null

25-11-2024T07:46:54 - [TEST_STEP][PASSED] - println(dZO): null

25-11-2024T07:46:54 - [TEST_STEP][PASSED] - typeOfData = "Факт Отпуск в сеть": null

25-11-2024T07:46:54 - [TEST_STEP][PASSED] - fileInt = replaceAll("\s+", "").toInteger(): null

25-11-2024T07:46:54 - [TEST_STEP][PASSED] - Script1718980020443.WriteToExcelNoData(a, typeOfData, todaysDate, fileInt, fileDouble, dZO): null

25-11-2024T07:46:54 - [TEST_STEP][PASSED] - sheetName = "Sheet1": null

25-11-2024T07:46:54 - [TEST_STEP][PASSED] - data = findTestData("PlanFact"): null

25-11-2024T07:46:54 - [TEST_STEP][PASSED] - n = data.getRowNumbers() + 1: null

25-11-2024T07:46:54 - [TEST_STEP][PASSED] - year = todaysDate.substring(todaysDate.length() - 4, todaysDate.length()): null

25-11-2024T07:46:54 - [TEST_STEP][PASSED] - y = year.toInteger(): null

25-11-2024T07:46:54 - [TEST_STEP][PASSED] - m = getText(findTestObject("Выполнение бизнес-плана/Период")): Text of object 'Object Repository/Выполнение бизнес-плана/Период' is: '1, 2, 3 кв. 2024 года'

25-11-2024T07:46:54 - [MESSAGE][PASSED] - Text of object 'Object Repository/Выполнение бизнес-плана/Период' is: '1, 2, 3 кв. 2024 года'

25-11-2024T07:46:54 - [TEST_STEP][PASSED] - m = m.substring(0, m.indexOf("2024")): null

25-11-2024T07:46:54 - [TEST_STEP][PASSED] - m = m.trim(): null

25-11-2024T07:46:54 - [TEST_STEP][PASSED] - dashboardName = "Выполнение бизнес-плана": null

25-11-2024T07:46:54 - [TEST_STEP][PASSED] - workbook01 = getWorkbook(excelFilePath): null

25-11-2024T07:46:54 - [TEST_STEP][PASSED] - sheet01 = getExcelSheet(workbook01, sheetName): null

25-11-2024T07:46:54 - [TEST_STEP][PASSED] - setValueToCellByIndex(sheet01, n, 0, dashboardName): null

25-11-2024T07:46:54 - [TEST_STEP][PASSED] - setValueToCellByIndex(sheet01, n, 1, dZO): null

25-11-2024T07:46:54 - [TEST_STEP][PASSED] - setValueToCellByIndex(sheet01, n, 2, typeOfData): null

25-11-2024T07:46:54 - [TEST_STEP][PASSED] - if (typeOfData == "Факт в процентах" || typeOfData == "План в процентах"): null

25-11-2024T07:46:54 - [TEST_STEP][PASSED] - else: null

25-11-2024T07:46:54 - [TEST_STEP][PASSED] - setValueToCellByIndex(sheet01, n, 3, fileInt): null

25-11-2024T07:46:54 - [TEST_STEP][PASSED] - setValueToCellByIndex(sheet01, n, 4, "нет данных"): null

25-11-2024T07:46:54 - [TEST_STEP][PASSED] - setValueToCellByIndex(sheet01, n, 5, m): null

25-11-2024T07:46:54 - [TEST_STEP][PASSED] - setValueToCellByIndex(sheet01, n, 6, y): null

25-11-2024T07:46:54 - [TEST_STEP][PASSED] - setValueToCellByIndex(sheet01, n, 7, todaysDate): null

25-11-2024T07:46:54 - [TEST_STEP][PASSED] - n = n + 1: null

25-11-2024T07:46:54 - [TEST_STEP][PASSED] - saveWorkbook(excelFilePath, workbook01): null

25-11-2024T07:46:54 - [TEST_STEP][PASSED] - typeOfData = "Факт Потери": null

25-11-2024T07:46:54 - [TEST_STEP][PASSED] - fileInt = replaceAll("\s+", "").toInteger(): null

25-11-2024T07:46:54 - [TEST_STEP][PASSED] - Script1718980020443.WriteToExcelNoData(a, typeOfData, todaysDate, fileInt, fileDouble, dZO): null

25-11-2024T07:46:54 - [TEST_STEP][PASSED] - sheetName = "Sheet1": null

25-11-2024T07:46:54 - [TEST_STEP][PASSED] - data = findTestData("PlanFact"): null

25-11-2024T07:46:55 - [TEST_STEP][PASSED] - n = data.getRowNumbers() + 1: null

25-11-2024T07:46:55 - [TEST_STEP][PASSED] - year = todaysDate.substring(todaysDate.length() - 4, todaysDate.length()): null

25-11-2024T07:46:55 - [TEST_STEP][PASSED] - y = year.toInteger(): null

25-11-2024T07:46:55 - [TEST_STEP][PASSED] - m = getText(findTestObject("Выполнение бизнес-плана/Период")): Text of object 'Object Repository/Выполнение бизнес-плана/Период' is: '1, 2, 3 кв. 2024 года'

25-11-2024T07:46:55 - [MESSAGE][PASSED] - Text of object 'Object Repository/Выполнение бизнес-плана/Период' is: '1, 2, 3 кв. 2024 года'

25-11-2024T07:46:55 - [TEST_STEP][PASSED] - m = m.substring(0, m.indexOf("2024")): null

25-11-2024T07:46:55 - [TEST_STEP][PASSED] - m = m.trim(): null

25-11-2024T07:46:55 - [TEST_STEP][PASSED] - dashboardName = "Выполнение бизнес-плана": null

25-11-2024T07:46:55 - [TEST_STEP][PASSED] - workbook01 = getWorkbook(excelFilePath): null

25-11-2024T07:46:55 - [TEST_STEP][PASSED] - sheet01 = getExcelSheet(workbook01, sheetName): null

25-11-2024T07:46:55 - [TEST_STEP][PASSED] - setValueToCellByIndex(sheet01, n, 0, dashboardName): null

25-11-2024T07:46:55 - [TEST_STEP][PASSED] - setValueToCellByIndex(sheet01, n, 1, dZO): null

25-11-2024T07:46:55 - [TEST_STEP][PASSED] - setValueToCellByIndex(sheet01, n, 2, typeOfData): null

25-11-2024T07:46:55 - [TEST_STEP][PASSED] - if (typeOfData == "Факт в процентах" || typeOfData == "План в процентах"): null

25-11-2024T07:46:55 - [TEST_STEP][PASSED] - else: null

25-11-2024T07:46:55 - [TEST_STEP][PASSED] - setValueToCellByIndex(sheet01, n, 3, fileInt): null

25-11-2024T07:46:55 - [TEST_STEP][PASSED] - setValueToCellByIndex(sheet01, n, 4, "нет данных"): null

25-11-2024T07:46:55 - [TEST_STEP][PASSED] - setValueToCellByIndex(sheet01, n, 5, m): null

25-11-2024T07:46:55 - [TEST_STEP][PASSED] - setValueToCellByIndex(sheet01, n, 6, y): null

25-11-2024T07:46:55 - [TEST_STEP][PASSED] - setValueToCellByIndex(sheet01, n, 7, todaysDate): null

25-11-2024T07:46:55 - [TEST_STEP][PASSED] - n = n + 1: null

25-11-2024T07:46:55 - [TEST_STEP][PASSED] - saveWorkbook(excelFilePath, workbook01): null

25-11-2024T07:46:55 - [TEST_STEP][PASSED] - typeOfData = "План Отпуск в сеть": null

25-11-2024T07:46:55 - [TEST_STEP][PASSED] - fileInt = replaceAll("\s+", "").toInteger(): null

25-11-2024T07:46:55 - [TEST_STEP][PASSED] - Script1718980020443.WriteToExcelNoData(a, typeOfData, todaysDate, fileInt, fileDouble, dZO): null

25-11-2024T07:46:55 - [TEST_STEP][PASSED] - sheetName = "Sheet1": null

25-11-2024T07:46:55 - [TEST_STEP][PASSED] - data = findTestData("PlanFact"): null

25-11-2024T07:46:55 - [TEST_STEP][PASSED] - n = data.getRowNumbers() + 1: null

25-11-2024T07:46:55 - [TEST_STEP][PASSED] - year = todaysDate.substring(todaysDate.length() - 4, todaysDate.length()): null

25-11-2024T07:46:55 - [TEST_STEP][PASSED] - y = year.toInteger(): null

25-11-2024T07:46:55 - [TEST_STEP][PASSED] - m = getText(findTestObject("Выполнение бизнес-плана/Период")): Text of object 'Object Repository/Выполнение бизнес-плана/Период' is: '1, 2, 3 кв. 2024 года'

25-11-2024T07:46:56 - [MESSAGE][PASSED] - Text of object 'Object Repository/Выполнение бизнес-плана/Период' is: '1, 2, 3 кв. 2024 года'

25-11-2024T07:46:56 - [TEST_STEP][PASSED] - m = m.substring(0, m.indexOf("2024")): null

25-11-2024T07:46:56 - [TEST_STEP][PASSED] - m = m.trim(): null

25-11-2024T07:46:56 - [TEST_STEP][PASSED] - dashboardName = "Выполнение бизнес-плана": null

25-11-2024T07:46:56 - [TEST_STEP][PASSED] - workbook01 = getWorkbook(excelFilePath): null

25-11-2024T07:46:56 - [TEST_STEP][PASSED] - sheet01 = getExcelSheet(workbook01, sheetName): null

25-11-2024T07:46:56 - [TEST_STEP][PASSED] - setValueToCellByIndex(sheet01, n, 0, dashboardName): null

25-11-2024T07:46:56 - [TEST_STEP][PASSED] - setValueToCellByIndex(sheet01, n, 1, dZO): null

25-11-2024T07:46:56 - [TEST_STEP][PASSED] - setValueToCellByIndex(sheet01, n, 2, typeOfData): null

25-11-2024T07:46:56 - [TEST_STEP][PASSED] - if (typeOfData == "Факт в процентах" || typeOfData == "План в процентах"): null

25-11-2024T07:46:56 - [TEST_STEP][PASSED] - else: null

25-11-2024T07:46:56 - [TEST_STEP][PASSED] - setValueToCellByIndex(sheet01, n, 3, fileInt): null

25-11-2024T07:46:56 - [TEST_STEP][PASSED] - setValueToCellByIndex(sheet01, n, 4, "нет данных"): null

25-11-2024T07:46:56 - [TEST_STEP][PASSED] - setValueToCellByIndex(sheet01, n, 5, m): null

25-11-2024T07:46:56 - [TEST_STEP][PASSED] - setValueToCellByIndex(sheet01, n, 6, y): null

25-11-2024T07:46:56 - [TEST_STEP][PASSED] - setValueToCellByIndex(sheet01, n, 7, todaysDate): null

25-11-2024T07:46:56 - [TEST_STEP][PASSED] - n = n + 1: null

25-11-2024T07:46:56 - [TEST_STEP][PASSED] - saveWorkbook(excelFilePath, workbook01): null

25-11-2024T07:46:56 - [TEST_STEP][PASSED] - typeOfData = "План Потери": null

25-11-2024T07:46:56 - [TEST_STEP][PASSED] - fileInt = replaceAll("\s+", "").toInteger(): null

25-11-2024T07:46:56 - [TEST_STEP][PASSED] - Script1718980020443.WriteToExcelNoData(a, typeOfData, todaysDate, fileInt, fileDouble, dZO): null

25-11-2024T07:46:56 - [TEST_STEP][PASSED] - sheetName = "Sheet1": null

25-11-2024T07:46:56 - [TEST_STEP][PASSED] - data = findTestData("PlanFact"): null

25-11-2024T07:46:56 - [TEST_STEP][PASSED] - n = data.getRowNumbers() + 1: null

25-11-2024T07:46:56 - [TEST_STEP][PASSED] - year = todaysDate.substring(todaysDate.length() - 4, todaysDate.length()): null

25-11-2024T07:46:56 - [TEST_STEP][PASSED] - y = year.toInteger(): null

25-11-2024T07:46:56 - [TEST_STEP][PASSED] - m = getText(findTestObject("Выполнение бизнес-плана/Период")): Text of object 'Object Repository/Выполнение бизнес-плана/Период' is: '1, 2, 3 кв. 2024 года'

25-11-2024T07:46:56 - [MESSAGE][PASSED] - Text of object 'Object Repository/Выполнение бизнес-плана/Период' is: '1, 2, 3 кв. 2024 года'

25-11-2024T07:46:56 - [TEST_STEP][PASSED] - m = m.substring(0, m.indexOf("2024")): null

25-11-2024T07:46:56 - [TEST_STEP][PASSED] - m = m.trim(): null

25-11-2024T07:46:56 - [TEST_STEP][PASSED] - dashboardName = "Выполнение бизнес-плана": null

25-11-2024T07:46:56 - [TEST_STEP][PASSED] - workbook01 = getWorkbook(excelFilePath): null

25-11-2024T07:46:56 - [TEST_STEP][PASSED] - sheet01 = getExcelSheet(workbook01, sheetName): null

25-11-2024T07:46:56 - [TEST_STEP][PASSED] - setValueToCellByIndex(sheet01, n, 0, dashboardName): null

25-11-2024T07:46:56 - [TEST_STEP][PASSED] - setValueToCellByIndex(sheet01, n, 1, dZO): null

25-11-2024T07:46:56 - [TEST_STEP][PASSED] - setValueToCellByIndex(sheet01, n, 2, typeOfData): null

25-11-2024T07:46:56 - [TEST_STEP][PASSED] - if (typeOfData == "Факт в процентах" || typeOfData == "План в процентах"): null

25-11-2024T07:46:56 - [TEST_STEP][PASSED] - else: null

25-11-2024T07:46:56 - [TEST_STEP][PASSED] - setValueToCellByIndex(sheet01, n, 3, fileInt): null

25-11-2024T07:46:56 - [TEST_STEP][PASSED] - setValueToCellByIndex(sheet01, n, 4, "нет данных"): null

25-11-2024T07:46:56 - [TEST_STEP][PASSED] - setValueToCellByIndex(sheet01, n, 5, m): null

25-11-2024T07:46:56 - [TEST_STEP][PASSED] - setValueToCellByIndex(sheet01, n, 6, y): null

25-11-2024T07:46:56 - [TEST_STEP][PASSED] - setValueToCellByIndex(sheet01, n, 7, todaysDate): null

25-11-2024T07:46:56 - [TEST_STEP][PASSED] - n = n + 1: null

25-11-2024T07:46:56 - [TEST_STEP][PASSED] - saveWorkbook(excelFilePath, workbook01): null

25-11-2024T07:46:57 - [TEST_STEP][PASSED] - typeOfData = "План в процентах": null

25-11-2024T07:46:57 - [TEST_STEP][PASSED] - fileDouble = ").toDouble(): null

25-11-2024T07:46:57 - [TEST_STEP][PASSED] - Script1718980020443.WriteToExcelNoData(a, typeOfData, todaysDate, fileInt, fileDouble, dZO): null

25-11-2024T07:46:57 - [TEST_STEP][PASSED] - sheetName = "Sheet1": null

25-11-2024T07:46:57 - [TEST_STEP][PASSED] - data = findTestData("PlanFact"): null

25-11-2024T07:46:57 - [TEST_STEP][PASSED] - n = data.getRowNumbers() + 1: null

25-11-2024T07:46:57 - [TEST_STEP][PASSED] - year = todaysDate.substring(todaysDate.length() - 4, todaysDate.length()): null

25-11-2024T07:46:57 - [TEST_STEP][PASSED] - y = year.toInteger(): null

25-11-2024T07:46:57 - [TEST_STEP][PASSED] - m = getText(findTestObject("Выполнение бизнес-плана/Период")): Text of object 'Object Repository/Выполнение бизнес-плана/Период' is: '1, 2, 3 кв. 2024 года'

25-11-2024T07:46:57 - [MESSAGE][PASSED] - Text of object 'Object Repository/Выполнение бизнес-плана/Период' is: '1, 2, 3 кв. 2024 года'

25-11-2024T07:46:57 - [TEST_STEP][PASSED] - m = m.substring(0, m.indexOf("2024")): null

25-11-2024T07:46:57 - [TEST_STEP][PASSED] - m = m.trim(): null

25-11-2024T07:46:57 - [TEST_STEP][PASSED] - dashboardName = "Выполнение бизнес-плана": null

25-11-2024T07:46:57 - [TEST_STEP][PASSED] - workbook01 = getWorkbook(excelFilePath): null

25-11-2024T07:46:57 - [TEST_STEP][PASSED] - sheet01 = getExcelSheet(workbook01, sheetName): null

25-11-2024T07:46:57 - [TEST_STEP][PASSED] - setValueToCellByIndex(sheet01, n, 0, dashboardName): null

25-11-2024T07:46:57 - [TEST_STEP][PASSED] - setValueToCellByIndex(sheet01, n, 1, dZO): null

25-11-2024T07:46:57 - [TEST_STEP][PASSED] - setValueToCellByIndex(sheet01, n, 2, typeOfData): null

25-11-2024T07:46:57 - [TEST_STEP][PASSED] - if (typeOfData == "Факт в процентах" || typeOfData == "План в процентах"): null

25-11-2024T07:46:57 - [TEST_STEP][PASSED] - setValueToCellByIndex(sheet01, n, 3, fileDouble): null

25-11-2024T07:46:57 - [TEST_STEP][PASSED] - setValueToCellByIndex(sheet01, n, 4, "нет данных"): null

25-11-2024T07:46:57 - [TEST_STEP][PASSED] - setValueToCellByIndex(sheet01, n, 5, m): null

25-11-2024T07:46:57 - [TEST_STEP][PASSED] - setValueToCellByIndex(sheet01, n, 6, y): null

25-11-2024T07:46:57 - [TEST_STEP][PASSED] - setValueToCellByIndex(sheet01, n, 7, todaysDate): null

25-11-2024T07:46:57 - [TEST_STEP][PASSED] - n = n + 1: null

25-11-2024T07:46:57 - [TEST_STEP][PASSED] - saveWorkbook(excelFilePath, workbook01): null

25-11-2024T07:46:57 - [TEST_STEP][PASSED] - typeOfData = "Факт в процентах": null

25-11-2024T07:46:57 - [TEST_STEP][PASSED] - fileDouble = ").toDouble(): null

25-11-2024T07:46:57 - [TEST_STEP][PASSED] - Script1718980020443.WriteToExcelNoData(a, typeOfData, todaysDate, fileInt, fileDouble, dZO): null

25-11-2024T07:46:57 - [TEST_STEP][PASSED] - sheetName = "Sheet1": null

25-11-2024T07:46:57 - [TEST_STEP][PASSED] - data = findTestData("PlanFact"): null

25-11-2024T07:46:57 - [TEST_STEP][PASSED] - n = data.getRowNumbers() + 1: null

25-11-2024T07:46:57 - [TEST_STEP][PASSED] - year = todaysDate.substring(todaysDate.length() - 4, todaysDate.length()): null

25-11-2024T07:46:57 - [TEST_STEP][PASSED] - y = year.toInteger(): null

25-11-2024T07:46:57 - [TEST_STEP][PASSED] - m = getText(findTestObject("Выполнение бизнес-плана/Период")): Text of object 'Object Repository/Выполнение бизнес-плана/Период' is: '1, 2, 3 кв. 2024 года'

25-11-2024T07:46:58 - [MESSAGE][PASSED] - Text of object 'Object Repository/Выполнение бизнес-плана/Период' is: '1, 2, 3 кв. 2024 года'

25-11-2024T07:46:58 - [TEST_STEP][PASSED] - m = m.substring(0, m.indexOf("2024")): null

25-11-2024T07:46:58 - [TEST_STEP][PASSED] - m = m.trim(): null

25-11-2024T07:46:58 - [TEST_STEP][PASSED] - dashboardName = "Выполнение бизнес-плана": null

25-11-2024T07:46:58 - [TEST_STEP][PASSED] - workbook01 = getWorkbook(excelFilePath): null

25-11-2024T07:46:58 - [TEST_STEP][PASSED] - sheet01 = getExcelSheet(workbook01, sheetName): null

25-11-2024T07:46:58 - [TEST_STEP][PASSED] - setValueToCellByIndex(sheet01, n, 0, dashboardName): null

25-11-2024T07:46:58 - [TEST_STEP][PASSED] - setValueToCellByIndex(sheet01, n, 1, dZO): null

25-11-2024T07:46:58 - [TEST_STEP][PASSED] - setValueToCellByIndex(sheet01, n, 2, typeOfData): null

25-11-2024T07:46:58 - [TEST_STEP][PASSED] - if (typeOfData == "Факт в процентах" || typeOfData == "План в процентах"): null

25-11-2024T07:46:58 - [TEST_STEP][PASSED] - setValueToCellByIndex(sheet01, n, 3, fileDouble): null

25-11-2024T07:46:58 - [TEST_STEP][PASSED] - setValueToCellByIndex(sheet01, n, 4, "нет данных"): null

25-11-2024T07:46:58 - [TEST_STEP][PASSED] - setValueToCellByIndex(sheet01, n, 5, m): null

25-11-2024T07:46:58 - [TEST_STEP][PASSED] - setValueToCellByIndex(sheet01, n, 6, y): null

25-11-2024T07:46:58 - [TEST_STEP][PASSED] - setValueToCellByIndex(sheet01, n, 7, todaysDate): null

25-11-2024T07:46:58 - [TEST_STEP][PASSED] - n = n + 1: null

25-11-2024T07:46:58 - [TEST_STEP][PASSED] - saveWorkbook(excelFilePath, workbook01): null

25-11-2024T07:46:58 - [TEST_STEP][PASSED] - println(dzoNum): null

25-11-2024T07:46:58 - [TEST_STEP][PASSED] - dZO = "РаспредКомплекс": null

25-11-2024T07:46:58 - [TEST_STEP][PASSED] - a = 82: null

25-11-2024T07:46:58 - [TEST_STEP][PASSED] - Script1718980020443.Numbers(a, typeOfData, todaysDate, pageInt, fileInt, pageDouble, fileDouble, dZO, dzoNum, filialNum): null

25-11-2024T07:46:58 - [TEST_STEP][PASSED] - println(dzoNum): null

25-11-2024T07:46:58 - [TEST_STEP][PASSED] - planFact = <not implemented yet for class: org.codehaus.groovy.ast.expr.EmptyExpression>: null

25-11-2024T07:46:58 - [TEST_STEP][PASSED] - page = <not implemented yet for class: org.codehaus.groovy.ast.expr.EmptyExpression>: null

25-11-2024T07:46:58 - [TEST_STEP][PASSED] - page1 = <not implemented yet for class: org.codehaus.groovy.ast.expr.EmptyExpression>: null

25-11-2024T07:46:58 - [TEST_STEP][PASSED] - page2 = <not implemented yet for class: org.codehaus.groovy.ast.expr.EmptyExpression>: null

25-11-2024T07:46:58 - [TEST_STEP][PASSED] - filialNumberInRow = <not implemented yet for class: org.codehaus.groovy.ast.expr.EmptyExpression>: null

25-11-2024T07:46:58 - [TEST_STEP][PASSED] - filialsDzoNames = <not implemented yet for class: org.codehaus.groovy.ast.expr.EmptyExpression>: null

25-11-2024T07:46:58 - [TEST_STEP][PASSED] - numberOfFilials = <not implemented yet for class: org.codehaus.groovy.ast.expr.EmptyExpression>: null

25-11-2024T07:46:58 - [TEST_STEP][PASSED] - numberOfSpaces = <not implemented yet for class: org.codehaus.groovy.ast.expr.EmptyExpression>: null

25-11-2024T07:46:58 - [TEST_STEP][PASSED] - file = <not implemented yet for class: org.codehaus.groovy.ast.expr.EmptyExpression>: null

25-11-2024T07:46:58 - [TEST_STEP][PASSED] - otpusk = <not implemented yet for class: org.codehaus.groovy.ast.expr.EmptyExpression>: null

25-11-2024T07:46:58 - [TEST_STEP][PASSED] - poteri = <not implemented yet for class: org.codehaus.groovy.ast.expr.EmptyExpression>: null

25-11-2024T07:46:58 - [TEST_STEP][PASSED] - dataFolder = "Выполнение бизнес-плана/Значения со страницы Выполнение бизнес-плана/": null

25-11-2024T07:46:58 - [TEST_STEP][PASSED] - path = <not implemented yet for class: org.codehaus.groovy.ast.expr.EmptyExpression>: null

25-11-2024T07:46:58 - [TEST_STEP][PASSED] - typeOfDataMain = <not implemented yet for class: org.codehaus.groovy.ast.expr.EmptyExpression>: null

25-11-2024T07:46:58 - [TEST_STEP][PASSED] - fileOtpuskVSet = <not implemented yet for class: org.codehaus.groovy.ast.expr.EmptyExpression>: null

25-11-2024T07:46:58 - [TEST_STEP][PASSED] - pageOtpuskVSet = <not implemented yet for class: org.codehaus.groovy.ast.expr.EmptyExpression>: null

25-11-2024T07:46:58 - [TEST_STEP][PASSED] - filePoteri = <not implemented yet for class: org.codehaus.groovy.ast.expr.EmptyExpression>: null

25-11-2024T07:46:58 - [TEST_STEP][PASSED] - pagePoteri = <not implemented yet for class: org.codehaus.groovy.ast.expr.EmptyExpression>: null

25-11-2024T07:46:58 - [TEST_STEP][PASSED] - compare = <not implemented yet for class: org.codehaus.groovy.ast.expr.EmptyExpression>: null

25-11-2024T07:46:58 - [TEST_STEP][PASSED] - b = <not implemented yet for class: org.codehaus.groovy.ast.expr.EmptyExpression>: null

25-11-2024T07:46:58 - [TEST_STEP][PASSED] - i = <not implemented yet for class: org.codehaus.groovy.ast.expr.EmptyExpression>: null

25-11-2024T07:46:58 - [TEST_STEP][PASSED] - ii = <not implemented yet for class: org.codehaus.groovy.ast.expr.EmptyExpression>: null

25-11-2024T07:46:58 - [TEST_STEP][PASSED] - c = <not implemented yet for class: org.codehaus.groovy.ast.expr.EmptyExpression>: null

25-11-2024T07:46:58 - [TEST_STEP][PASSED] - numberOfErrors = 0: null

25-11-2024T07:46:58 - [TEST_STEP][PASSED] - if (a == 82): null

25-11-2024T07:46:58 - [TEST_STEP][PASSED] - Script1718980020443.OpenFilter(): null

25-11-2024T07:46:58 - [TEST_STEP][PASSED] - click(findTestObject("Object Repository/Выполнение бизнес-плана/Фильтр ДЗО")): Object: 'Object Repository/Выполнение бизнес-плана/Фильтр ДЗО' is clicked on

25-11-2024T07:46:58 - [MESSAGE][PASSED] - Object: 'Object Repository/Выполнение бизнес-плана/Фильтр ДЗО' is clicked on

25-11-2024T07:46:58 - [TEST_STEP][PASSED] - click(findTestObject("Выполнение бизнес-плана/Снять выделение в фильтре ДЗО")): null

25-11-2024T07:46:59 - [MESSAGE][PASSED] - Object: 'Object Repository/Выполнение бизнес-плана/Снять выделение в фильтре ДЗО' is clicked on

25-11-2024T07:46:59 - [TEST_STEP][PASSED] - click(findTestObject("Выполнение бизнес-плана/Раскрыть список ПАО Россети в фильтре ДЗО")): Object: 'Object Repository/Выполнение бизнес-плана/Раскрыть список ПАО Россети в фильтре ДЗО' is clicked on

25-11-2024T07:46:59 - [MESSAGE][PASSED] - Object: 'Object Repository/Выполнение бизнес-плана/Раскрыть список ПАО Россети в фильтре ДЗО' is clicked on

25-11-2024T07:46:59 - [TEST_STEP][PASSED] - click(findTestObject("Выполнение бизнес-плана/РаспредКомплекс")): Object: 'Object Repository/Выполнение бизнес-плана/РаспредКомплекс' is clicked on

25-11-2024T07:47:00 - [MESSAGE][PASSED] - Object: 'Object Repository/Выполнение бизнес-плана/РаспредКомплекс' is clicked on

25-11-2024T07:47:00 - [TEST_STEP][PASSED] - Script1718980020443.CloseFilter(): null

25-11-2024T07:47:00 - [TEST_STEP][PASSED] - scrollToElement(findTestObject("Выполнение бизнес-плана/Заголовок дашборда"), 30): Scroll to object 'Object Repository/Выполнение бизнес-плана/Заголовок дашборда' successfully

25-11-2024T07:47:00 - [MESSAGE][PASSED] - Scroll to object 'Object Repository/Выполнение бизнес-плана/Заголовок дашборда' successfully

25-11-2024T07:47:00 - [TEST_STEP][PASSED] - click(findTestObject("Object Repository/Выполнение бизнес-плана/Применить в фильтре ДЗО")): null

25-11-2024T07:47:01 - [MESSAGE][PASSED] - Object: 'Object Repository/Выполнение бизнес-плана/Применить в фильтре ДЗО' is clicked on

25-11-2024T07:47:01 - [TEST_STEP][PASSED] - delay(5): Delayed 5 second(s)

25-11-2024T07:47:06 - [MESSAGE][PASSED] - Delayed 5 second(s)

25-11-2024T07:47:06 - [TEST_STEP][PASSED] - b = findTestData("PlanFact").getValue(1, a): null

25-11-2024T07:47:06 - [TEST_STEP][PASSED] - i = b.indexOf(" (ГК)"): null

25-11-2024T07:47:06 - [TEST_STEP][PASSED] - if (i > -1): null

25-11-2024T07:47:06 - [TEST_STEP][PASSED] - i = b.indexOf("О ""): null

25-11-2024T07:47:06 - [TEST_STEP][PASSED] - if (i > -1): null

25-11-2024T07:47:06 - [TEST_STEP][PASSED] - i = b.indexOf("О «"): null

25-11-2024T07:47:06 - [TEST_STEP][PASSED] - if (i > -1): null

25-11-2024T07:47:06 - [TEST_STEP][PASSED] - i = b.indexOf("г. "): null

25-11-2024T07:47:06 - [TEST_STEP][PASSED] - if (i > -1): null

25-11-2024T07:47:06 - [TEST_STEP][PASSED] - println(b): null

25-11-2024T07:47:06 - [TEST_STEP][PASSED] - for ([planFact = 1, planFact < 3, (planFact++)]): null

25-11-2024T07:47:06 - [TEST_STEP][PASSED] - if (planFact == 1): null

25-11-2024T07:47:06 - [TEST_STEP][PASSED] - typeOfDataMain = "Факт": null

25-11-2024T07:47:06 - [TEST_STEP][PASSED] - otpusk = findTestData("PlanFact").getValue(5, a): null

25-11-2024T07:47:06 - [TEST_STEP][PASSED] - poteri = findTestData("PlanFact").getValue(6, a): null

25-11-2024T07:47:06 - [TEST_STEP][PASSED] - otpusk = otpusk.replaceAll("\s+", ""): null

25-11-2024T07:47:06 - [TEST_STEP][PASSED] - poteri = poteri.replaceAll("\s+", ""): null

25-11-2024T07:47:06 - [TEST_STEP][PASSED] - typeOfData = typeOfDataMain + " Отпуск в сеть": null

25-11-2024T07:47:06 - [TEST_STEP][PASSED] - if (a == 82): null

25-11-2024T07:47:06 - [TEST_STEP][PASSED] - path = dataFolder + typeOfData + " за отчётный период " + "РаспредКомплекс": null

25-11-2024T07:47:06 - [TEST_STEP][PASSED] - println(path): null

25-11-2024T07:47:06 - [TEST_STEP][PASSED] - page = getText(findTestObject(path)): Text of object 'Object Repository/Выполнение бизнес-плана/Значения со страницы Выполнение бизнес-плана/Факт Отпуск в сеть за отчётный период РаспредКомплекс' is: '192 247 697'

25-11-2024T07:47:20 - [MESSAGE][PASSED] - Text of object 'Object Repository/Выполнение бизнес-плана/Значения со страницы Выполнение бизнес-плана/Факт Отпуск в сеть за отчётный период РаспредКомплекс' is: '192 247 697'

25-11-2024T07:47:20 - [TEST_STEP][PASSED] - page = page.replaceAll("\s+", ""): null

25-11-2024T07:47:20 - [TEST_STEP][PASSED] - fileOtpuskVSet = otpusk.toInteger(): null

25-11-2024T07:47:20 - [TEST_STEP][PASSED] - pageOtpuskVSet = page.toInteger(): null

25-11-2024T07:47:20 - [TEST_STEP][PASSED] - typeOfData = typeOfDataMain + " Потери": null

25-11-2024T07:47:20 - [TEST_STEP][PASSED] - if (a == 82): null

25-11-2024T07:47:20 - [TEST_STEP][PASSED] - path = dataFolder + typeOfData + " за отчётный период " + "РаспредКомплекс": null

25-11-2024T07:47:20 - [TEST_STEP][PASSED] - page = getText(findTestObject(path)): Text of object 'Object Repository/Выполнение бизнес-плана/Значения со страницы Выполнение бизнес-плана/Факт Потери за отчётный период РаспредКомплекс' is: '17 195 829'

25-11-2024T07:47:20 - [MESSAGE][PASSED] - Text of object 'Object Repository/Выполнение бизнес-плана/Значения со страницы Выполнение бизнес-плана/Факт Потери за отчётный период РаспредКомплекс' is: '17 195 829'

25-11-2024T07:47:20 - [TEST_STEP][PASSED] - page = page.replaceAll("\s+", ""): null

25-11-2024T07:47:20 - [TEST_STEP][PASSED] - filePoteri = poteri.toInteger(): null

25-11-2024T07:47:20 - [TEST_STEP][PASSED] - pagePoteri = page.toInteger(): null

25-11-2024T07:47:20 - [TEST_STEP][PASSED] - compare = pageOtpuskVSet: null

25-11-2024T07:47:20 - [TEST_STEP][PASSED] - if (compare == fileOtpuskVSet): null

25-11-2024T07:47:20 - [TEST_STEP][PASSED] - else if (compare > fileOtpuskVSet): null

25-11-2024T07:47:20 - [TEST_STEP][PASSED] - else if (compare < fileOtpuskVSet): null

25-11-2024T07:47:20 - [TEST_STEP][PASSED] - compare = compare + 1: null

25-11-2024T07:47:20 - [TEST_STEP][PASSED] - if (compare == fileOtpuskVSet): null

25-11-2024T07:47:20 - [TEST_STEP][PASSED] - else: null

25-11-2024T07:47:20 - [TEST_STEP][PASSED] - numberOfErrors = numberOfErrors + 1: null

25-11-2024T07:47:20 - [TEST_STEP][PASSED] - pageInt = pageOtpuskVSet: null

25-11-2024T07:47:20 - [TEST_STEP][PASSED] - fileInt = fileOtpuskVSet: null

25-11-2024T07:47:20 - [TEST_STEP][PASSED] - typeOfData = typeOfDataMain + " Отпуск в сеть": null

25-11-2024T07:47:20 - [TEST_STEP][PASSED] - Script1718980020443.WriteToExcel(a, typeOfData, todaysDate, pageInt, fileInt, pageDouble, fileDouble, dZO): null

25-11-2024T07:47:20 - [TEST_STEP][PASSED] - sheetName = "Sheet1": null

25-11-2024T07:47:20 - [TEST_STEP][PASSED] - data = findTestData("PlanFact"): null

25-11-2024T07:47:20 - [TEST_STEP][PASSED] - n = data.getRowNumbers() + 1: null

25-11-2024T07:47:20 - [TEST_STEP][PASSED] - year = todaysDate.substring(todaysDate.length() - 4, todaysDate.length()): null

25-11-2024T07:47:20 - [TEST_STEP][PASSED] - y = year.toInteger(): null

25-11-2024T07:47:20 - [TEST_STEP][PASSED] - m = getText(findTestObject("Выполнение бизнес-плана/Период")): Text of object 'Object Repository/Выполнение бизнес-плана/Период' is: '1, 2, 3 кв. 2024 года'

25-11-2024T07:47:20 - [MESSAGE][PASSED] - Text of object 'Object Repository/Выполнение бизнес-плана/Период' is: '1, 2, 3 кв. 2024 года'

25-11-2024T07:47:20 - [TEST_STEP][PASSED] - m = m.substring(0, m.indexOf("2024")): null

25-11-2024T07:47:20 - [TEST_STEP][PASSED] - m = m.trim(): null

25-11-2024T07:47:20 - [TEST_STEP][PASSED] - dashboardName = "Выполнение бизнес-плана": null

25-11-2024T07:47:20 - [TEST_STEP][PASSED] - workbook01 = getWorkbook(excelFilePath): null

25-11-2024T07:47:20 - [TEST_STEP][PASSED] - sheet01 = getExcelSheet(workbook01, sheetName): null

25-11-2024T07:47:20 - [TEST_STEP][PASSED] - setValueToCellByIndex(sheet01, n, 0, dashboardName): null

25-11-2024T07:47:20 - [TEST_STEP][PASSED] - setValueToCellByIndex(sheet01, n, 1, dZO): null

25-11-2024T07:47:20 - [TEST_STEP][PASSED] - setValueToCellByIndex(sheet01, n, 2, typeOfData): null

25-11-2024T07:47:20 - [TEST_STEP][PASSED] - if (typeOfData == "Факт в процентах" || typeOfData == "План в процентах"): null

25-11-2024T07:47:20 - [TEST_STEP][PASSED] - else: null

25-11-2024T07:47:20 - [TEST_STEP][PASSED] - setValueToCellByIndex(sheet01, n, 3, fileInt): null

25-11-2024T07:47:20 - [TEST_STEP][PASSED] - setValueToCellByIndex(sheet01, n, 4, pageInt): null

25-11-2024T07:47:20 - [TEST_STEP][PASSED] - setValueToCellByIndex(sheet01, n, 5, m): null

25-11-2024T07:47:20 - [TEST_STEP][PASSED] - setValueToCellByIndex(sheet01, n, 6, y): null

25-11-2024T07:47:20 - [TEST_STEP][PASSED] - setValueToCellByIndex(sheet01, n, 7, todaysDate): null

25-11-2024T07:47:20 - [TEST_STEP][PASSED] - n = n + 1: null

25-11-2024T07:47:20 - [TEST_STEP][PASSED] - saveWorkbook(excelFilePath, workbook01): null

25-11-2024T07:47:21 - [TEST_STEP][PASSED] - compare = pagePoteri: null

25-11-2024T07:47:21 - [TEST_STEP][PASSED] - if (compare == filePoteri): null

25-11-2024T07:47:21 - [TEST_STEP][PASSED] - else if (compare > filePoteri): null

25-11-2024T07:47:21 - [TEST_STEP][PASSED] - else if (compare < filePoteri): null

25-11-2024T07:47:21 - [TEST_STEP][PASSED] - compare = compare + 1: null

25-11-2024T07:47:21 - [TEST_STEP][PASSED] - if (compare == filePoteri): null

25-11-2024T07:47:21 - [TEST_STEP][PASSED] - else: null

25-11-2024T07:47:21 - [TEST_STEP][PASSED] - numberOfErrors = numberOfErrors + 1: null

25-11-2024T07:47:21 - [TEST_STEP][PASSED] - pageInt = pagePoteri: null

25-11-2024T07:47:21 - [TEST_STEP][PASSED] - fileInt = filePoteri: null

25-11-2024T07:47:21 - [TEST_STEP][PASSED] - typeOfData = typeOfDataMain + " Потери": null

25-11-2024T07:47:21 - [TEST_STEP][PASSED] - Script1718980020443.WriteToExcel(a, typeOfData, todaysDate, pageInt, fileInt, pageDouble, fileDouble, dZO): null

25-11-2024T07:47:21 - [TEST_STEP][PASSED] - sheetName = "Sheet1": null

25-11-2024T07:47:21 - [TEST_STEP][PASSED] - data = findTestData("PlanFact"): null

25-11-2024T07:47:21 - [TEST_STEP][PASSED] - n = data.getRowNumbers() + 1: null

25-11-2024T07:47:21 - [TEST_STEP][PASSED] - year = todaysDate.substring(todaysDate.length() - 4, todaysDate.length()): null

25-11-2024T07:47:21 - [TEST_STEP][PASSED] - y = year.toInteger(): null

25-11-2024T07:47:21 - [TEST_STEP][PASSED] - m = getText(findTestObject("Выполнение бизнес-плана/Период")): Text of object 'Object Repository/Выполнение бизнес-плана/Период' is: '1, 2, 3 кв. 2024 года'

25-11-2024T07:47:21 - [MESSAGE][PASSED] - Text of object 'Object Repository/Выполнение бизнес-плана/Период' is: '1, 2, 3 кв. 2024 года'

25-11-2024T07:47:21 - [TEST_STEP][PASSED] - m = m.substring(0, m.indexOf("2024")): null

25-11-2024T07:47:21 - [TEST_STEP][PASSED] - m = m.trim(): null

25-11-2024T07:47:21 - [TEST_STEP][PASSED] - dashboardName = "Выполнение бизнес-плана": null

25-11-2024T07:47:21 - [TEST_STEP][PASSED] - workbook01 = getWorkbook(excelFilePath): null

25-11-2024T07:47:21 - [TEST_STEP][PASSED] - sheet01 = getExcelSheet(workbook01, sheetName): null

25-11-2024T07:47:21 - [TEST_STEP][PASSED] - setValueToCellByIndex(sheet01, n, 0, dashboardName): null

25-11-2024T07:47:21 - [TEST_STEP][PASSED] - setValueToCellByIndex(sheet01, n, 1, dZO): null

25-11-2024T07:47:21 - [TEST_STEP][PASSED] - setValueToCellByIndex(sheet01, n, 2, typeOfData): null

25-11-2024T07:47:21 - [TEST_STEP][PASSED] - if (typeOfData == "Факт в процентах" || typeOfData == "План в процентах"): null

25-11-2024T07:47:21 - [TEST_STEP][PASSED] - else: null

25-11-2024T07:47:21 - [TEST_STEP][PASSED] - setValueToCellByIndex(sheet01, n, 3, fileInt): null

25-11-2024T07:47:21 - [TEST_STEP][PASSED] - setValueToCellByIndex(sheet01, n, 4, pageInt): null

25-11-2024T07:47:21 - [TEST_STEP][PASSED] - setValueToCellByIndex(sheet01, n, 5, m): null

25-11-2024T07:47:21 - [TEST_STEP][PASSED] - setValueToCellByIndex(sheet01, n, 6, y): null

25-11-2024T07:47:21 - [TEST_STEP][PASSED] - setValueToCellByIndex(sheet01, n, 7, todaysDate): null

25-11-2024T07:47:21 - [TEST_STEP][PASSED] - n = n + 1: null

25-11-2024T07:47:21 - [TEST_STEP][PASSED] - saveWorkbook(excelFilePath, workbook01): null

25-11-2024T07:47:21 - [TEST_STEP][PASSED] - if (planFact == 2): null

25-11-2024T07:47:21 - [TEST_STEP][PASSED] - if (planFact == 1): null

25-11-2024T07:47:21 - [TEST_STEP][PASSED] - else if (planFact == 2): null

25-11-2024T07:47:21 - [TEST_STEP][PASSED] - click(findTestObject("Выполнение бизнес-плана/Кнопка План")): Object: 'Object Repository/Выполнение бизнес-плана/Кнопка План' is clicked on

25-11-2024T07:47:21 - [MESSAGE][PASSED] - Object: 'Object Repository/Выполнение бизнес-плана/Кнопка План' is clicked on

25-11-2024T07:47:21 - [TEST_STEP][PASSED] - typeOfDataMain = "План": null

25-11-2024T07:47:21 - [TEST_STEP][PASSED] - otpusk = findTestData("PlanFact").getValue(2, a): null

25-11-2024T07:47:22 - [TEST_STEP][PASSED] - poteri = findTestData("PlanFact").getValue(3, a): null

25-11-2024T07:47:22 - [TEST_STEP][PASSED] - otpusk = otpusk.replaceAll("\s+", ""): null

25-11-2024T07:47:22 - [TEST_STEP][PASSED] - poteri = poteri.replaceAll("\s+", ""): null

25-11-2024T07:47:22 - [TEST_STEP][PASSED] - typeOfData = typeOfDataMain + " Отпуск в сеть": null

25-11-2024T07:47:22 - [TEST_STEP][PASSED] - if (a == 82): null

25-11-2024T07:47:22 - [TEST_STEP][PASSED] - path = dataFolder + typeOfData + " за отчётный период " + "РаспредКомплекс": null

25-11-2024T07:47:22 - [TEST_STEP][PASSED] - println(path): null

25-11-2024T07:47:22 - [TEST_STEP][PASSED] - page = getText(findTestObject(path)): Text of object 'Object Repository/Выполнение бизнес-плана/Значения со страницы Выполнение бизнес-плана/План Отпуск в сеть за отчётный период РаспредКомплекс' is: '187 501 364'

25-11-2024T07:47:22 - [MESSAGE][PASSED] - Text of object 'Object Repository/Выполнение бизнес-плана/Значения со страницы Выполнение бизнес-плана/План Отпуск в сеть за отчётный период РаспредКомплекс' is: '187 501 364'

25-11-2024T07:47:22 - [TEST_STEP][PASSED] - page = page.replaceAll("\s+", ""): null

25-11-2024T07:47:22 - [TEST_STEP][PASSED] - fileOtpuskVSet = otpusk.toInteger(): null

25-11-2024T07:47:22 - [TEST_STEP][PASSED] - pageOtpuskVSet = page.toInteger(): null

25-11-2024T07:47:22 - [TEST_STEP][PASSED] - typeOfData = typeOfDataMain + " Потери": null

25-11-2024T07:47:22 - [TEST_STEP][PASSED] - if (a == 82): null

25-11-2024T07:47:22 - [TEST_STEP][PASSED] - path = dataFolder + typeOfData + " за отчётный период " + "РаспредКомплекс": null

25-11-2024T07:47:22 - [TEST_STEP][PASSED] - page = getText(findTestObject(path)): Text of object 'Object Repository/Выполнение бизнес-плана/Значения со страницы Выполнение бизнес-плана/План Потери за отчётный период РаспредКомплекс' is: '16 062 691'

25-11-2024T07:47:22 - [MESSAGE][PASSED] - Text of object 'Object Repository/Выполнение бизнес-плана/Значения со страницы Выполнение бизнес-плана/План Потери за отчётный период РаспредКомплекс' is: '16 062 691'

25-11-2024T07:47:22 - [TEST_STEP][PASSED] - page = page.replaceAll("\s+", ""): null

25-11-2024T07:47:22 - [TEST_STEP][PASSED] - filePoteri = poteri.toInteger(): null

25-11-2024T07:47:22 - [TEST_STEP][PASSED] - pagePoteri = page.toInteger(): null

25-11-2024T07:47:22 - [TEST_STEP][PASSED] - compare = pageOtpuskVSet: null

25-11-2024T07:47:22 - [TEST_STEP][PASSED] - if (compare == fileOtpuskVSet): null

25-11-2024T07:47:22 - [TEST_STEP][PASSED] - else if (compare > fileOtpuskVSet): null

25-11-2024T07:47:22 - [TEST_STEP][PASSED] - else if (compare < fileOtpuskVSet): null

25-11-2024T07:47:22 - [TEST_STEP][PASSED] - compare = compare + 1: null

25-11-2024T07:47:22 - [TEST_STEP][PASSED] - if (compare == fileOtpuskVSet): null

25-11-2024T07:47:22 - [TEST_STEP][PASSED] - else: null

25-11-2024T07:47:22 - [TEST_STEP][PASSED] - numberOfErrors = numberOfErrors + 1: null

25-11-2024T07:47:22 - [TEST_STEP][PASSED] - pageInt = pageOtpuskVSet: null

25-11-2024T07:47:22 - [TEST_STEP][PASSED] - fileInt = fileOtpuskVSet: null

25-11-2024T07:47:22 - [TEST_STEP][PASSED] - typeOfData = typeOfDataMain + " Отпуск в сеть": null

25-11-2024T07:47:22 - [TEST_STEP][PASSED] - Script1718980020443.WriteToExcel(a, typeOfData, todaysDate, pageInt, fileInt, pageDouble, fileDouble, dZO): null

25-11-2024T07:47:22 - [TEST_STEP][PASSED] - sheetName = "Sheet1": null

25-11-2024T07:47:22 - [TEST_STEP][PASSED] - data = findTestData("PlanFact"): null

25-11-2024T07:47:22 - [TEST_STEP][PASSED] - n = data.getRowNumbers() + 1: null

25-11-2024T07:47:22 - [TEST_STEP][PASSED] - year = todaysDate.substring(todaysDate.length() - 4, todaysDate.length()): null

25-11-2024T07:47:22 - [TEST_STEP][PASSED] - y = year.toInteger(): null

25-11-2024T07:47:22 - [TEST_STEP][PASSED] - m = getText(findTestObject("Выполнение бизнес-плана/Период")): Text of object 'Object Repository/Выполнение бизнес-плана/Период' is: '1, 2, 3 кв. 2024 года'

25-11-2024T07:47:23 - [MESSAGE][PASSED] - Text of object 'Object Repository/Выполнение бизнес-плана/Период' is: '1, 2, 3 кв. 2024 года'

25-11-2024T07:47:23 - [TEST_STEP][PASSED] - m = m.substring(0, m.indexOf("2024")): null

25-11-2024T07:47:23 - [TEST_STEP][PASSED] - m = m.trim(): null

25-11-2024T07:47:23 - [TEST_STEP][PASSED] - dashboardName = "Выполнение бизнес-плана": null

25-11-2024T07:47:23 - [TEST_STEP][PASSED] - workbook01 = getWorkbook(excelFilePath): null

25-11-2024T07:47:23 - [TEST_STEP][PASSED] - sheet01 = getExcelSheet(workbook01, sheetName): null

25-11-2024T07:47:23 - [TEST_STEP][PASSED] - setValueToCellByIndex(sheet01, n, 0, dashboardName): null

25-11-2024T07:47:23 - [TEST_STEP][PASSED] - setValueToCellByIndex(sheet01, n, 1, dZO): null

25-11-2024T07:47:23 - [TEST_STEP][PASSED] - setValueToCellByIndex(sheet01, n, 2, typeOfData): null

25-11-2024T07:47:23 - [TEST_STEP][PASSED] - if (typeOfData == "Факт в процентах" || typeOfData == "План в процентах"): null

25-11-2024T07:47:23 - [TEST_STEP][PASSED] - else: null

25-11-2024T07:47:23 - [TEST_STEP][PASSED] - setValueToCellByIndex(sheet01, n, 3, fileInt): null

25-11-2024T07:47:23 - [TEST_STEP][PASSED] - setValueToCellByIndex(sheet01, n, 4, pageInt): null

25-11-2024T07:47:23 - [TEST_STEP][PASSED] - setValueToCellByIndex(sheet01, n, 5, m): null

25-11-2024T07:47:23 - [TEST_STEP][PASSED] - setValueToCellByIndex(sheet01, n, 6, y): null

25-11-2024T07:47:23 - [TEST_STEP][PASSED] - setValueToCellByIndex(sheet01, n, 7, todaysDate): null

25-11-2024T07:47:23 - [TEST_STEP][PASSED] - n = n + 1: null

25-11-2024T07:47:23 - [TEST_STEP][PASSED] - saveWorkbook(excelFilePath, workbook01): null

25-11-2024T07:47:23 - [TEST_STEP][PASSED] - compare = pagePoteri: null

25-11-2024T07:47:23 - [TEST_STEP][PASSED] - if (compare == filePoteri): null

25-11-2024T07:47:23 - [TEST_STEP][PASSED] - else if (compare > filePoteri): null

25-11-2024T07:47:23 - [TEST_STEP][PASSED] - else if (compare < filePoteri): null

25-11-2024T07:47:23 - [TEST_STEP][PASSED] - compare = compare + 1: null

25-11-2024T07:47:23 - [TEST_STEP][PASSED] - if (compare == filePoteri): null

25-11-2024T07:47:23 - [TEST_STEP][PASSED] - else: null

25-11-2024T07:47:23 - [TEST_STEP][PASSED] - numberOfErrors = numberOfErrors + 1: null

25-11-2024T07:47:23 - [TEST_STEP][PASSED] - pageInt = pagePoteri: null

25-11-2024T07:47:23 - [TEST_STEP][PASSED] - fileInt = filePoteri: null

25-11-2024T07:47:23 - [TEST_STEP][PASSED] - typeOfData = typeOfDataMain + " Потери": null

25-11-2024T07:47:23 - [TEST_STEP][PASSED] - Script1718980020443.WriteToExcel(a, typeOfData, todaysDate, pageInt, fileInt, pageDouble, fileDouble, dZO): null

25-11-2024T07:47:23 - [TEST_STEP][PASSED] - sheetName = "Sheet1": null

25-11-2024T07:47:23 - [TEST_STEP][PASSED] - data = findTestData("PlanFact"): null

25-11-2024T07:47:23 - [TEST_STEP][PASSED] - n = data.getRowNumbers() + 1: null

25-11-2024T07:47:23 - [TEST_STEP][PASSED] - year = todaysDate.substring(todaysDate.length() - 4, todaysDate.length()): null

25-11-2024T07:47:23 - [TEST_STEP][PASSED] - y = year.toInteger(): null

25-11-2024T07:47:23 - [TEST_STEP][PASSED] - m = getText(findTestObject("Выполнение бизнес-плана/Период")): Text of object 'Object Repository/Выполнение бизнес-плана/Период' is: '1, 2, 3 кв. 2024 года'

25-11-2024T07:47:23 - [MESSAGE][PASSED] - Text of object 'Object Repository/Выполнение бизнес-плана/Период' is: '1, 2, 3 кв. 2024 года'

25-11-2024T07:47:23 - [TEST_STEP][PASSED] - m = m.substring(0, m.indexOf("2024")): null

25-11-2024T07:47:23 - [TEST_STEP][PASSED] - m = m.trim(): null

25-11-2024T07:47:23 - [TEST_STEP][PASSED] - dashboardName = "Выполнение бизнес-плана": null

25-11-2024T07:47:23 - [TEST_STEP][PASSED] - workbook01 = getWorkbook(excelFilePath): null

25-11-2024T07:47:23 - [TEST_STEP][PASSED] - sheet01 = getExcelSheet(workbook01, sheetName): null

25-11-2024T07:47:23 - [TEST_STEP][PASSED] - setValueToCellByIndex(sheet01, n, 0, dashboardName): null

25-11-2024T07:47:23 - [TEST_STEP][PASSED] - setValueToCellByIndex(sheet01, n, 1, dZO): null

25-11-2024T07:47:23 - [TEST_STEP][PASSED] - setValueToCellByIndex(sheet01, n, 2, typeOfData): null

25-11-2024T07:47:23 - [TEST_STEP][PASSED] - if (typeOfData == "Факт в процентах" || typeOfData == "План в процентах"): null

25-11-2024T07:47:23 - [TEST_STEP][PASSED] - else: null

25-11-2024T07:47:23 - [TEST_STEP][PASSED] - setValueToCellByIndex(sheet01, n, 3, fileInt): null

25-11-2024T07:47:23 - [TEST_STEP][PASSED] - setValueToCellByIndex(sheet01, n, 4, pageInt): null

25-11-2024T07:47:23 - [TEST_STEP][PASSED] - setValueToCellByIndex(sheet01, n, 5, m): null

25-11-2024T07:47:23 - [TEST_STEP][PASSED] - setValueToCellByIndex(sheet01, n, 6, y): null

25-11-2024T07:47:23 - [TEST_STEP][PASSED] - setValueToCellByIndex(sheet01, n, 7, todaysDate): null

25-11-2024T07:47:23 - [TEST_STEP][PASSED] - n = n + 1: null

25-11-2024T07:47:23 - [TEST_STEP][PASSED] - saveWorkbook(excelFilePath, workbook01): Object: 'Object Repository/Выполнение бизнес-плана/Кнопка Факт' is clicked on

25-11-2024T07:47:23 - [TEST_STEP][PASSED] - if (planFact == 2): Object: 'Object Repository/Выполнение бизнес-плана/Кнопка Факт' is clicked on

25-11-2024T07:47:23 - [TEST_STEP][PASSED] - click(findTestObject("Выполнение бизнес-плана/Кнопка Факт")): Object: 'Object Repository/Выполнение бизнес-плана/Кнопка Факт' is clicked on

25-11-2024T07:47:24 - [MESSAGE][PASSED] - Object: 'Object Repository/Выполнение бизнес-плана/Кнопка Факт' is clicked on

25-11-2024T07:47:24 - [TEST_STEP][PASSED] - if (a == 84 || a == 82): null

25-11-2024T07:47:24 - [TEST_STEP][PASSED] - page = getText(findTestObject("Выполнение бизнес-плана/textPlanFact")): Text of object 'Object Repository/Выполнение бизнес-плана/textPlanFact' is: '%
8.57 8.57
8.94 8.94
План
Факт
1
100'

25-11-2024T07:47:24 - [MESSAGE][PASSED] - Text of object 'Object Repository/Выполнение бизнес-плана/textPlanFact' is: '%
8.57 8.57
8.94 8.94
План
Факт
1
100'

25-11-2024T07:47:24 - [TEST_STEP][PASSED] - page = page.replaceAll("\n", "_"): null

25-11-2024T07:47:24 - [TEST_STEP][PASSED] - page = page.substring(page.indexOf("_") + 1, page.length()): null

25-11-2024T07:47:24 - [TEST_STEP][PASSED] - page1 = page.substring(0, page.indexOf("_")): null

25-11-2024T07:47:24 - [TEST_STEP][PASSED] - page1 = page.substring(0, page.indexOf(" ")): null

25-11-2024T07:47:24 - [TEST_STEP][PASSED] - page2 = page.substring(page.indexOf("_") + 1, page.length()): null

25-11-2024T07:47:24 - [TEST_STEP][PASSED] - page2 = page2.substring(0, page.indexOf("_")): null

25-11-2024T07:47:24 - [TEST_STEP][PASSED] - page2 = page2.substring(0, page.indexOf(" ")): null

25-11-2024T07:47:24 - [TEST_STEP][PASSED] - println("page1: " + page1): null

25-11-2024T07:47:24 - [TEST_STEP][PASSED] - println("page2: " + page2): null

25-11-2024T07:47:24 - [TEST_STEP][PASSED] - file = findTestData("PlanFact").getValue(4, a): null

25-11-2024T07:47:24 - [TEST_STEP][PASSED] - file = file.replace(",", "."): null

25-11-2024T07:47:24 - [TEST_STEP][PASSED] - println("file Plan: " + file): null

25-11-2024T07:47:24 - [TEST_STEP][PASSED] - typeOfData = "План в процентах": null

25-11-2024T07:47:24 - [TEST_STEP][PASSED] - fileDouble = file.toDouble(): null

25-11-2024T07:47:24 - [TEST_STEP][PASSED] - pageDouble = page1.toDouble(): null

25-11-2024T07:47:24 - [TEST_STEP][PASSED] - if (fileDouble != pageDouble): null

25-11-2024T07:47:24 - [TEST_STEP][PASSED] - numberOfErrors = numberOfErrors + 1: null

25-11-2024T07:47:24 - [TEST_STEP][PASSED] - Script1718980020443.WriteToExcel(a, typeOfData, todaysDate, pageInt, fileInt, pageDouble, fileDouble, dZO): null

25-11-2024T07:47:24 - [TEST_STEP][PASSED] - sheetName = "Sheet1": null

25-11-2024T07:47:24 - [TEST_STEP][PASSED] - data = findTestData("PlanFact"): null

25-11-2024T07:47:24 - [TEST_STEP][PASSED] - n = data.getRowNumbers() + 1: null

25-11-2024T07:47:24 - [TEST_STEP][PASSED] - year = todaysDate.substring(todaysDate.length() - 4, todaysDate.length()): null

25-11-2024T07:47:24 - [TEST_STEP][PASSED] - y = year.toInteger(): null

25-11-2024T07:47:24 - [TEST_STEP][PASSED] - m = getText(findTestObject("Выполнение бизнес-плана/Период")): Text of object 'Object Repository/Выполнение бизнес-плана/Период' is: '1, 2, 3 кв. 2024 года'

25-11-2024T07:47:25 - [MESSAGE][PASSED] - Text of object 'Object Repository/Выполнение бизнес-плана/Период' is: '1, 2, 3 кв. 2024 года'

25-11-2024T07:47:25 - [TEST_STEP][PASSED] - m = m.substring(0, m.indexOf("2024")): null

25-11-2024T07:47:25 - [TEST_STEP][PASSED] - m = m.trim(): null

25-11-2024T07:47:25 - [TEST_STEP][PASSED] - dashboardName = "Выполнение бизнес-плана": null

25-11-2024T07:47:25 - [TEST_STEP][PASSED] - workbook01 = getWorkbook(excelFilePath): null

25-11-2024T07:47:25 - [TEST_STEP][PASSED] - sheet01 = getExcelSheet(workbook01, sheetName): null

25-11-2024T07:47:25 - [TEST_STEP][PASSED] - setValueToCellByIndex(sheet01, n, 0, dashboardName): null

25-11-2024T07:47:25 - [TEST_STEP][PASSED] - setValueToCellByIndex(sheet01, n, 1, dZO): null

25-11-2024T07:47:25 - [TEST_STEP][PASSED] - setValueToCellByIndex(sheet01, n, 2, typeOfData): null

25-11-2024T07:47:25 - [TEST_STEP][PASSED] - if (typeOfData == "Факт в процентах" || typeOfData == "План в процентах"): null

25-11-2024T07:47:25 - [TEST_STEP][PASSED] - setValueToCellByIndex(sheet01, n, 3, fileDouble): null

25-11-2024T07:47:25 - [TEST_STEP][PASSED] - setValueToCellByIndex(sheet01, n, 4, pageDouble): null

25-11-2024T07:47:25 - [TEST_STEP][PASSED] - setValueToCellByIndex(sheet01, n, 5, m): null

25-11-2024T07:47:25 - [TEST_STEP][PASSED] - setValueToCellByIndex(sheet01, n, 6, y): null

25-11-2024T07:47:25 - [TEST_STEP][PASSED] - setValueToCellByIndex(sheet01, n, 7, todaysDate): null

25-11-2024T07:47:25 - [TEST_STEP][PASSED] - n = n + 1: null

25-11-2024T07:47:25 - [TEST_STEP][PASSED] - saveWorkbook(excelFilePath, workbook01): null

25-11-2024T07:47:25 - [TEST_STEP][PASSED] - file = findTestData("PlanFact").getValue(7, a): null

25-11-2024T07:47:25 - [TEST_STEP][PASSED] - file = file.replace(",", "."): null

25-11-2024T07:47:25 - [TEST_STEP][PASSED] - println("file Fact: " + file): null

25-11-2024T07:47:25 - [TEST_STEP][PASSED] - fileDouble = file.toDouble(): null

25-11-2024T07:47:25 - [TEST_STEP][PASSED] - typeOfData = "Факт в процентах": null

25-11-2024T07:47:25 - [TEST_STEP][PASSED] - fileDouble = file.toDouble(): null

25-11-2024T07:47:25 - [TEST_STEP][PASSED] - pageDouble = page2.toDouble(): null

25-11-2024T07:47:25 - [TEST_STEP][PASSED] - if (fileDouble != pageDouble): null

25-11-2024T07:47:25 - [TEST_STEP][PASSED] - numberOfErrors = numberOfErrors + 1: null

25-11-2024T07:47:25 - [TEST_STEP][PASSED] - Script1718980020443.WriteToExcel(a, typeOfData, todaysDate, pageInt, fileInt, pageDouble, fileDouble, dZO): null

25-11-2024T07:47:25 - [TEST_STEP][PASSED] - sheetName = "Sheet1": null

25-11-2024T07:47:25 - [TEST_STEP][PASSED] - data = findTestData("PlanFact"): null

25-11-2024T07:47:25 - [TEST_STEP][PASSED] - n = data.getRowNumbers() + 1: null

25-11-2024T07:47:25 - [TEST_STEP][PASSED] - year = todaysDate.substring(todaysDate.length() - 4, todaysDate.length()): null

25-11-2024T07:47:25 - [TEST_STEP][PASSED] - y = year.toInteger(): null

25-11-2024T07:47:25 - [TEST_STEP][PASSED] - m = getText(findTestObject("Выполнение бизнес-плана/Период")): Text of object 'Object Repository/Выполнение бизнес-плана/Период' is: '1, 2, 3 кв. 2024 года'

25-11-2024T07:47:25 - [MESSAGE][PASSED] - Text of object 'Object Repository/Выполнение бизнес-плана/Период' is: '1, 2, 3 кв. 2024 года'

25-11-2024T07:47:25 - [TEST_STEP][PASSED] - m = m.substring(0, m.indexOf("2024")): null

25-11-2024T07:47:25 - [TEST_STEP][PASSED] - m = m.trim(): null

25-11-2024T07:47:25 - [TEST_STEP][PASSED] - dashboardName = "Выполнение бизнес-плана": null

25-11-2024T07:47:25 - [TEST_STEP][PASSED] - workbook01 = getWorkbook(excelFilePath): null

25-11-2024T07:47:25 - [TEST_STEP][PASSED] - sheet01 = getExcelSheet(workbook01, sheetName): null

25-11-2024T07:47:25 - [TEST_STEP][PASSED] - setValueToCellByIndex(sheet01, n, 0, dashboardName): null

25-11-2024T07:47:25 - [TEST_STEP][PASSED] - setValueToCellByIndex(sheet01, n, 1, dZO): null

25-11-2024T07:47:25 - [TEST_STEP][PASSED] - setValueToCellByIndex(sheet01, n, 2, typeOfData): null

25-11-2024T07:47:25 - [TEST_STEP][PASSED] - if (typeOfData == "Факт в процентах" || typeOfData == "План в процентах"): null

25-11-2024T07:47:25 - [TEST_STEP][PASSED] - setValueToCellByIndex(sheet01, n, 3, fileDouble): null

25-11-2024T07:47:25 - [TEST_STEP][PASSED] - setValueToCellByIndex(sheet01, n, 4, pageDouble): null

25-11-2024T07:47:25 - [TEST_STEP][PASSED] - setValueToCellByIndex(sheet01, n, 5, m): null

25-11-2024T07:47:25 - [TEST_STEP][PASSED] - setValueToCellByIndex(sheet01, n, 6, y): null

25-11-2024T07:47:25 - [TEST_STEP][PASSED] - setValueToCellByIndex(sheet01, n, 7, todaysDate): null

25-11-2024T07:47:25 - [TEST_STEP][PASSED] - n = n + 1: null

25-11-2024T07:47:25 - [TEST_STEP][PASSED] - saveWorkbook(excelFilePath, workbook01): null

25-11-2024T07:47:25 - [TEST_STEP][FAILED] - if (verifyEqual(numberOfErrors, 0) == false): null

25-11-2024T07:47:25 - [MESSAGE][FAILED] - Unable to verify equal between actual object '6' and expected object '0' (Root cause: com.kms.katalon.core.exception.StepFailedException: Actual object '6' and expected object '0' are not equal
	at com.kms.katalon.core.keyword.builtin.VerifyEqualKeyword$_verifyEqual_closure1.doCall(VerifyEqualKeyword.groovy:58)
	at com.kms.katalon.core.keyword.builtin.VerifyEqualKeyword$_verifyEqual_closure1.call(VerifyEqualKeyword.groovy)
	at com.kms.katalon.core.keyword.internal.KeywordMain.runKeyword(KeywordMain.groovy:75)
	at com.kms.katalon.core.keyword.builtin.VerifyEqualKeyword.verifyEqual(VerifyEqualKeyword.groovy:63)
	at com.kms.katalon.core.keyword.builtin.VerifyEqualKeyword.execute(VerifyEqualKeyword.groovy:44)
	at com.kms.katalon.core.keyword.internal.KeywordExecutor.executeKeywordForPlatform(KeywordExecutor.groovy:74)
	at com.kms.katalon.core.keyword.BuiltinKeywords.verifyEqual(BuiltinKeywords.groovy:146)
	at java.base/jdk.internal.reflect.NativeMethodAccessorImpl.invoke0(Native Method)
	at java.base/jdk.internal.reflect.NativeMethodAccessorImpl.invoke(NativeMethodAccessorImpl.java:77)
	at java.base/jdk.internal.reflect.DelegatingMethodAccessorImpl.invoke(DelegatingMethodAccessorImpl.java:43)
	at Выполнение бизнес-плана Сверка ПАО Россети все филиалы.Numbers(Выполнение бизнес-плана Сверка ПАО Россети все филиалы:740)
	at Выполнение бизнес-плана Сверка ПАО Россети все филиалы.run(Выполнение бизнес-плана Сверка ПАО Россети все филиалы:211)
	at com.kms.katalon.core.main.ScriptEngine.run(ScriptEngine.java:194)
	at com.kms.katalon.core.main.ScriptEngine.runScriptAsRawText(ScriptEngine.java:119)
	at com.kms.katalon.core.main.TestCaseExecutor.runScript(TestCaseExecutor.java:448)
	at com.kms.katalon.core.main.TestCaseExecutor.doExecute(TestCaseExecutor.java:439)
	at com.kms.katalon.core.main.TestCaseExecutor.processExecutionPhase(TestCaseExecutor.java:418)
	at com.kms.katalon.core.main.TestCaseExecutor.accessMainPhase(TestCaseExecutor.java:410)
	at com.kms.katalon.core.main.TestCaseExecutor.execute(TestCaseExecutor.java:285)
	at com.kms.katalon.core.common.CommonExecutor.accessTestCaseMainPhase(CommonExecutor.java:65)
	at com.kms.katalon.core.main.TestSuiteExecutor.accessTestSuiteMainPhase(TestSuiteExecutor.java:150)
	at com.kms.katalon.core.main.TestSuiteExecutor.execute(TestSuiteExecutor.java:106)
	at com.kms.katalon.core.main.TestCaseMain.startTestSuite(TestCaseMain.java:180)
	at TempTestSuite1732509691813.run(TempTestSuite1732509691813.groovy:35)
	at java.base/jdk.internal.reflect.NativeMethodAccessorImpl.invoke0(Native Method)
	at java.base/jdk.internal.reflect.NativeMethodAccessorImpl.invoke(NativeMethodAccessorImpl.java:77)
	at java.base/jdk.internal.reflect.DelegatingMethodAccessorImpl.invoke(DelegatingMethodAccessorImpl.java:43)
)

25-11-2024T07:47:25 - [TEST_STEP][PASSED] - println(numberOfErrors): null

25-11-2024T07:47:25 - [TEST_STEP][PASSED] - if (a == 28 || a == 77 || a == 74 || a == 65 || a == 36 || a == 44 || a == 54 || a == 1 || a == 18 || a == 59): null

25-11-2024T07:47:25 - [TEST_STEP][PASSED] - if (a == 82): null

25-11-2024T07:47:25 - [TEST_STEP][PASSED] - Script1718980020443.OpenFilter(): null

25-11-2024T07:47:25 - [TEST_STEP][PASSED] - click(findTestObject("Object Repository/Выполнение бизнес-плана/Фильтр ДЗО")): Object: 'Object Repository/Выполнение бизнес-плана/Фильтр ДЗО' is clicked on

25-11-2024T07:47:26 - [MESSAGE][PASSED] - Object: 'Object Repository/Выполнение бизнес-плана/Фильтр ДЗО' is clicked on

25-11-2024T07:47:26 - [TEST_STEP][PASSED] - click(findTestObject("Выполнение бизнес-плана/Снять выделение в фильтре ДЗО")): null

25-11-2024T07:47:26 - [MESSAGE][PASSED] - Object: 'Object Repository/Выполнение бизнес-плана/Снять выделение в фильтре ДЗО' is clicked on

25-11-2024T07:47:26 - [TEST_STEP][PASSED] - Script1718980020443.CloseFilter(): null

25-11-2024T07:47:26 - [TEST_STEP][PASSED] - scrollToElement(findTestObject("Выполнение бизнес-плана/Заголовок дашборда"), 30): Scroll to object 'Object Repository/Выполнение бизнес-плана/Заголовок дашборда' successfully

25-11-2024T07:47:27 - [MESSAGE][PASSED] - Scroll to object 'Object Repository/Выполнение бизнес-плана/Заголовок дашборда' successfully

25-11-2024T07:47:27 - [TEST_STEP][PASSED] - click(findTestObject("Object Repository/Выполнение бизнес-плана/Применить в фильтре ДЗО")): null

25-11-2024T07:47:27 - [MESSAGE][PASSED] - Object: 'Object Repository/Выполнение бизнес-плана/Применить в фильтре ДЗО' is clicked on

25-11-2024T07:47:27 - [TEST_STEP][PASSED] - delay(20): Delayed 20 second(s)

25-11-2024T07:47:47 - [MESSAGE][PASSED] - Delayed 20 second(s)

25-11-2024T07:47:47 - [TEST_STEP][PASSED] - dZO = "АО «Тываэнерго»": null

25-11-2024T07:47:47 - [TEST_STEP][PASSED] - a = 52: null

25-11-2024T07:47:47 - [TEST_STEP][PASSED] - if (x1.contains(dZO)): null

25-11-2024T07:47:47 - [TEST_STEP][PASSED] - dzoNum = dzoNum + 1: null

25-11-2024T07:47:47 - [TEST_STEP][PASSED] - Script1718980020443.Numbers(a, typeOfData, todaysDate, pageInt, fileInt, pageDouble, fileDouble, dZO, dzoNum, filialNum): null

25-11-2024T07:47:47 - [TEST_STEP][PASSED] - println(dzoNum): null

25-11-2024T07:47:47 - [TEST_STEP][PASSED] - planFact = <not implemented yet for class: org.codehaus.groovy.ast.expr.EmptyExpression>: null

25-11-2024T07:47:47 - [TEST_STEP][PASSED] - page = <not implemented yet for class: org.codehaus.groovy.ast.expr.EmptyExpression>: null

25-11-2024T07:47:47 - [TEST_STEP][PASSED] - page1 = <not implemented yet for class: org.codehaus.groovy.ast.expr.EmptyExpression>: null

25-11-2024T07:47:47 - [TEST_STEP][PASSED] - page2 = <not implemented yet for class: org.codehaus.groovy.ast.expr.EmptyExpression>: null

25-11-2024T07:47:47 - [TEST_STEP][PASSED] - filialNumberInRow = <not implemented yet for class: org.codehaus.groovy.ast.expr.EmptyExpression>: null

25-11-2024T07:47:47 - [TEST_STEP][PASSED] - filialsDzoNames = <not implemented yet for class: org.codehaus.groovy.ast.expr.EmptyExpression>: null

25-11-2024T07:47:47 - [TEST_STEP][PASSED] - numberOfFilials = <not implemented yet for class: org.codehaus.groovy.ast.expr.EmptyExpression>: null

25-11-2024T07:47:47 - [TEST_STEP][PASSED] - numberOfSpaces = <not implemented yet for class: org.codehaus.groovy.ast.expr.EmptyExpression>: null

25-11-2024T07:47:47 - [TEST_STEP][PASSED] - file = <not implemented yet for class: org.codehaus.groovy.ast.expr.EmptyExpression>: null

25-11-2024T07:47:47 - [TEST_STEP][PASSED] - otpusk = <not implemented yet for class: org.codehaus.groovy.ast.expr.EmptyExpression>: null

25-11-2024T07:47:47 - [TEST_STEP][PASSED] - poteri = <not implemented yet for class: org.codehaus.groovy.ast.expr.EmptyExpression>: null

25-11-2024T07:47:47 - [TEST_STEP][PASSED] - dataFolder = "Выполнение бизнес-плана/Значения со страницы Выполнение бизнес-плана/": null

25-11-2024T07:47:47 - [TEST_STEP][PASSED] - path = <not implemented yet for class: org.codehaus.groovy.ast.expr.EmptyExpression>: null

25-11-2024T07:47:47 - [TEST_STEP][PASSED] - typeOfDataMain = <not implemented yet for class: org.codehaus.groovy.ast.expr.EmptyExpression>: null

25-11-2024T07:47:47 - [TEST_STEP][PASSED] - fileOtpuskVSet = <not implemented yet for class: org.codehaus.groovy.ast.expr.EmptyExpression>: null

25-11-2024T07:47:47 - [TEST_STEP][PASSED] - pageOtpuskVSet = <not implemented yet for class: org.codehaus.groovy.ast.expr.EmptyExpression>: null

25-11-2024T07:47:47 - [TEST_STEP][PASSED] - filePoteri = <not implemented yet for class: org.codehaus.groovy.ast.expr.EmptyExpression>: null

25-11-2024T07:47:47 - [TEST_STEP][PASSED] - pagePoteri = <not implemented yet for class: org.codehaus.groovy.ast.expr.EmptyExpression>: null

25-11-2024T07:47:47 - [TEST_STEP][PASSED] - compare = <not implemented yet for class: org.codehaus.groovy.ast.expr.EmptyExpression>: null

25-11-2024T07:47:47 - [TEST_STEP][PASSED] - b = <not implemented yet for class: org.codehaus.groovy.ast.expr.EmptyExpression>: null

25-11-2024T07:47:47 - [TEST_STEP][PASSED] - i = <not implemented yet for class: org.codehaus.groovy.ast.expr.EmptyExpression>: null

25-11-2024T07:47:47 - [TEST_STEP][PASSED] - ii = <not implemented yet for class: org.codehaus.groovy.ast.expr.EmptyExpression>: null

25-11-2024T07:47:47 - [TEST_STEP][PASSED] - c = <not implemented yet for class: org.codehaus.groovy.ast.expr.EmptyExpression>: null

25-11-2024T07:47:47 - [TEST_STEP][PASSED] - numberOfErrors = 0: null

25-11-2024T07:47:47 - [TEST_STEP][PASSED] - if (a == 82): null

25-11-2024T07:47:47 - [TEST_STEP][PASSED] - b = findTestData("PlanFact").getValue(1, a): null

25-11-2024T07:47:48 - [TEST_STEP][PASSED] - i = b.indexOf(" (ГК)"): null

25-11-2024T07:47:48 - [TEST_STEP][PASSED] - if (i > -1): null

25-11-2024T07:47:48 - [TEST_STEP][PASSED] - i = b.indexOf("О ""): null

25-11-2024T07:47:48 - [TEST_STEP][PASSED] - if (i > -1): null

25-11-2024T07:47:48 - [TEST_STEP][PASSED] - b = b.substring(i + 3, b.length()): null

25-11-2024T07:47:48 - [TEST_STEP][PASSED] - i = b.indexOf("""): null

25-11-2024T07:47:48 - [TEST_STEP][PASSED] - b = b.substring(0, i): null

25-11-2024T07:47:48 - [TEST_STEP][PASSED] - b = b.trim(): null

25-11-2024T07:47:48 - [TEST_STEP][PASSED] - i = b.indexOf("О «"): null

25-11-2024T07:47:48 - [TEST_STEP][PASSED] - if (i > -1): null

25-11-2024T07:47:48 - [TEST_STEP][PASSED] - i = b.indexOf("г. "): null

25-11-2024T07:47:48 - [TEST_STEP][PASSED] - if (i > -1): null

25-11-2024T07:47:48 - [TEST_STEP][PASSED] - println(b): null

25-11-2024T07:47:48 - [TEST_STEP][PASSED] - for ([planFact = 1, planFact < 3, (planFact++)]): Object: 'Object Repository/Выполнение бизнес-плана/Кнопка Факт' is clicked on

25-11-2024T07:47:48 - [TEST_STEP][PASSED] - if (planFact == 1): null

25-11-2024T07:47:48 - [TEST_STEP][PASSED] - typeOfDataMain = "Факт": null

25-11-2024T07:47:48 - [TEST_STEP][PASSED] - otpusk = findTestData("PlanFact").getValue(5, a): null

25-11-2024T07:47:48 - [TEST_STEP][PASSED] - poteri = findTestData("PlanFact").getValue(6, a): null

25-11-2024T07:47:48 - [TEST_STEP][PASSED] - otpusk = otpusk.replaceAll("\s+", ""): null

25-11-2024T07:47:48 - [TEST_STEP][PASSED] - poteri = poteri.replaceAll("\s+", ""): null

25-11-2024T07:47:48 - [TEST_STEP][PASSED] - typeOfData = typeOfDataMain + " Отпуск в сеть": null

25-11-2024T07:47:48 - [TEST_STEP][PASSED] - if (a == 82): null

25-11-2024T07:47:48 - [TEST_STEP][PASSED] - else if (a == 84): null

25-11-2024T07:47:48 - [TEST_STEP][PASSED] - else if (a == 52 || a == 72 || a == 28 || a == 73 || a == 77 || a == 74 || a == 65 || a == 36 || a == 44 || a == 53 || a == 80 || a == 54 || a == 1 || a == 18 || a == 59 || a == 81): null

25-11-2024T07:47:48 - [TEST_STEP][PASSED] - path = dataFolder + "Table Data/" + typeOfData + " за отчётный период " + dzoNum: null

25-11-2024T07:47:48 - [TEST_STEP][PASSED] - println(path): null

25-11-2024T07:47:48 - [TEST_STEP][PASSED] - page = getText(findTestObject(path)): Text of object 'Object Repository/Выполнение бизнес-плана/Значения со страницы Выполнение бизнес-плана/Table Data/Факт Отпуск в сеть за отчётный период 1' is: '572 217'

25-11-2024T07:47:50 - [MESSAGE][PASSED] - Text of object 'Object Repository/Выполнение бизнес-плана/Значения со страницы Выполнение бизнес-плана/Table Data/Факт Отпуск в сеть за отчётный период 1' is: '572 217'

25-11-2024T07:47:50 - [TEST_STEP][PASSED] - page = page.replaceAll("\s+", ""): null

25-11-2024T07:47:50 - [TEST_STEP][PASSED] - fileOtpuskVSet = otpusk.toInteger(): null

25-11-2024T07:47:50 - [TEST_STEP][PASSED] - pageOtpuskVSet = page.toInteger(): null

25-11-2024T07:47:50 - [TEST_STEP][PASSED] - typeOfData = typeOfDataMain + " Потери": null

25-11-2024T07:47:50 - [TEST_STEP][PASSED] - if (a == 82): null

25-11-2024T07:47:50 - [TEST_STEP][PASSED] - else if (a == 84): null

25-11-2024T07:47:50 - [TEST_STEP][PASSED] - else if (a == 52 || a == 72 || a == 28 || a == 73 || a == 77 || a == 74 || a == 65 || a == 36 || a == 44 || a == 53 || a == 80 || a == 54 || a == 1 || a == 18 || a == 59 || a == 81): null

25-11-2024T07:47:50 - [TEST_STEP][PASSED] - path = dataFolder + "Table Data/" + typeOfData + " за отчётный период " + dzoNum: null

25-11-2024T07:47:50 - [TEST_STEP][PASSED] - page = getText(findTestObject(path)): Text of object 'Object Repository/Выполнение бизнес-плана/Значения со страницы Выполнение бизнес-плана/Table Data/Факт Потери за отчётный период 1' is: '119 926'

25-11-2024T07:47:50 - [MESSAGE][PASSED] - Text of object 'Object Repository/Выполнение бизнес-плана/Значения со страницы Выполнение бизнес-плана/Table Data/Факт Потери за отчётный период 1' is: '119 926'

25-11-2024T07:47:50 - [TEST_STEP][PASSED] - page = page.replaceAll("\s+", ""): null

25-11-2024T07:47:50 - [TEST_STEP][PASSED] - filePoteri = poteri.toInteger(): null

25-11-2024T07:47:50 - [TEST_STEP][PASSED] - pagePoteri = page.toInteger(): null

25-11-2024T07:47:50 - [TEST_STEP][PASSED] - compare = pageOtpuskVSet: null

25-11-2024T07:47:50 - [TEST_STEP][PASSED] - if (compare == fileOtpuskVSet): null

25-11-2024T07:47:50 - [TEST_STEP][PASSED] - if (compare == fileOtpuskVSet): null

25-11-2024T07:47:50 - [TEST_STEP][PASSED] - compare = pagePoteri: null

25-11-2024T07:47:50 - [TEST_STEP][PASSED] - if (compare == filePoteri): null

25-11-2024T07:47:50 - [TEST_STEP][PASSED] - if (compare == filePoteri): null

25-11-2024T07:47:50 - [TEST_STEP][PASSED] - if (planFact == 2): null

25-11-2024T07:47:50 - [TEST_STEP][PASSED] - if (planFact == 1): null

25-11-2024T07:47:50 - [TEST_STEP][PASSED] - else if (planFact == 2): null

25-11-2024T07:47:50 - [TEST_STEP][PASSED] - click(findTestObject("Выполнение бизнес-плана/Кнопка План")): Object: 'Object Repository/Выполнение бизнес-плана/Кнопка План' is clicked on

25-11-2024T07:47:50 - [MESSAGE][PASSED] - Object: 'Object Repository/Выполнение бизнес-плана/Кнопка План' is clicked on

25-11-2024T07:47:50 - [TEST_STEP][PASSED] - typeOfDataMain = "План": null

25-11-2024T07:47:50 - [TEST_STEP][PASSED] - otpusk = findTestData("PlanFact").getValue(2, a): null

25-11-2024T07:47:50 - [TEST_STEP][PASSED] - poteri = findTestData("PlanFact").getValue(3, a): null

25-11-2024T07:47:50 - [TEST_STEP][PASSED] - otpusk = otpusk.replaceAll("\s+", ""): null

25-11-2024T07:47:50 - [TEST_STEP][PASSED] - poteri = poteri.replaceAll("\s+", ""): null

25-11-2024T07:47:50 - [TEST_STEP][PASSED] - typeOfData = typeOfDataMain + " Отпуск в сеть": null

25-11-2024T07:47:50 - [TEST_STEP][PASSED] - if (a == 82): null

25-11-2024T07:47:50 - [TEST_STEP][PASSED] - else if (a == 84): null

25-11-2024T07:47:50 - [TEST_STEP][PASSED] - else if (a == 52 || a == 72 || a == 28 || a == 73 || a == 77 || a == 74 || a == 65 || a == 36 || a == 44 || a == 53 || a == 80 || a == 54 || a == 1 || a == 18 || a == 59 || a == 81): null

25-11-2024T07:47:50 - [TEST_STEP][PASSED] - path = dataFolder + "Table Data/" + typeOfData + " за отчётный период " + dzoNum: null

25-11-2024T07:47:50 - [TEST_STEP][PASSED] - println(path): null

25-11-2024T07:47:50 - [TEST_STEP][PASSED] - page = getText(findTestObject(path)): Text of object 'Object Repository/Выполнение бизнес-плана/Значения со страницы Выполнение бизнес-плана/Table Data/План Отпуск в сеть за отчётный период 1' is: '544 127'

25-11-2024T07:47:51 - [MESSAGE][PASSED] - Text of object 'Object Repository/Выполнение бизнес-плана/Значения со страницы Выполнение бизнес-плана/Table Data/План Отпуск в сеть за отчётный период 1' is: '544 127'

25-11-2024T07:47:51 - [TEST_STEP][PASSED] - page = page.replaceAll("\s+", ""): null

25-11-2024T07:47:51 - [TEST_STEP][PASSED] - fileOtpuskVSet = otpusk.toInteger(): null

25-11-2024T07:47:51 - [TEST_STEP][PASSED] - pageOtpuskVSet = page.toInteger(): null

25-11-2024T07:47:51 - [TEST_STEP][PASSED] - typeOfData = typeOfDataMain + " Потери": null

25-11-2024T07:47:51 - [TEST_STEP][PASSED] - if (a == 82): null

25-11-2024T07:47:51 - [TEST_STEP][PASSED] - else if (a == 84): null

25-11-2024T07:47:51 - [TEST_STEP][PASSED] - else if (a == 52 || a == 72 || a == 28 || a == 73 || a == 77 || a == 74 || a == 65 || a == 36 || a == 44 || a == 53 || a == 80 || a == 54 || a == 1 || a == 18 || a == 59 || a == 81): null

25-11-2024T07:47:51 - [TEST_STEP][PASSED] - path = dataFolder + "Table Data/" + typeOfData + " за отчётный период " + dzoNum: null

25-11-2024T07:47:51 - [TEST_STEP][PASSED] - page = getText(findTestObject(path)): Text of object 'Object Repository/Выполнение бизнес-плана/Значения со страницы Выполнение бизнес-плана/Table Data/План Потери за отчётный период 1' is: '114 446'

25-11-2024T07:47:51 - [MESSAGE][PASSED] - Text of object 'Object Repository/Выполнение бизнес-плана/Значения со страницы Выполнение бизнес-плана/Table Data/План Потери за отчётный период 1' is: '114 446'

25-11-2024T07:47:51 - [TEST_STEP][PASSED] - page = page.replaceAll("\s+", ""): null

25-11-2024T07:47:51 - [TEST_STEP][PASSED] - filePoteri = poteri.toInteger(): null

25-11-2024T07:47:51 - [TEST_STEP][PASSED] - pagePoteri = page.toInteger(): null

25-11-2024T07:47:51 - [TEST_STEP][PASSED] - compare = pageOtpuskVSet: null

25-11-2024T07:47:51 - [TEST_STEP][PASSED] - if (compare == fileOtpuskVSet): null

25-11-2024T07:47:51 - [TEST_STEP][PASSED] - if (compare == fileOtpuskVSet): null

25-11-2024T07:47:51 - [TEST_STEP][PASSED] - compare = pagePoteri: null

25-11-2024T07:47:51 - [TEST_STEP][PASSED] - if (compare == filePoteri): null

25-11-2024T07:47:51 - [TEST_STEP][PASSED] - if (compare == filePoteri): null

25-11-2024T07:47:51 - [TEST_STEP][PASSED] - if (planFact == 2): Object: 'Object Repository/Выполнение бизнес-плана/Кнопка Факт' is clicked on

25-11-2024T07:47:51 - [TEST_STEP][PASSED] - click(findTestObject("Выполнение бизнес-плана/Кнопка Факт")): Object: 'Object Repository/Выполнение бизнес-плана/Кнопка Факт' is clicked on

25-11-2024T07:47:51 - [MESSAGE][PASSED] - Object: 'Object Repository/Выполнение бизнес-плана/Кнопка Факт' is clicked on

25-11-2024T07:47:51 - [TEST_STEP][PASSED] - if (a == 84 || a == 82): null

25-11-2024T07:47:51 - [TEST_STEP][PASSED] - else if (a == 52 || a == 72 || a == 28 || a == 73 || a == 77 || a == 74 || a == 65 || a == 36 || a == 44 || a == 53 || a == 80 || a == 54 || a == 1 || a == 18 || a == 59 || a == 81): null

25-11-2024T07:47:51 - [TEST_STEP][PASSED] - page1 = getText(findTestObject("Object Repository/Выполнение бизнес-плана/spanPlan" + dzoNum)): Text of object 'Object Repository/Выполнение бизнес-плана/spanPlan1' is: '21.03
|'

25-11-2024T07:47:51 - [MESSAGE][PASSED] - Text of object 'Object Repository/Выполнение бизнес-плана/spanPlan1' is: '21.03
|'

25-11-2024T07:47:51 - [TEST_STEP][PASSED] - page1 = page1.replace("|", ""): null

25-11-2024T07:47:51 - [TEST_STEP][PASSED] - page2 = getText(findTestObject("Object Repository/Выполнение бизнес-плана/spanFact" + dzoNum)): Text of object 'Object Repository/Выполнение бизнес-плана/spanFact1' is: '20.96'

25-11-2024T07:47:52 - [MESSAGE][PASSED] - Text of object 'Object Repository/Выполнение бизнес-плана/spanFact1' is: '20.96'

25-11-2024T07:47:52 - [TEST_STEP][PASSED] - page2 = page2.replace("|", ""): null

25-11-2024T07:47:52 - [TEST_STEP][PASSED] - println("page1: " + page1): null

25-11-2024T07:47:52 - [TEST_STEP][PASSED] - println("page2: " + page2): null

25-11-2024T07:47:52 - [TEST_STEP][PASSED] - file = findTestData("PlanFact").getValue(4, a): null

25-11-2024T07:47:52 - [TEST_STEP][PASSED] - file = file.replace(",", "."): null

25-11-2024T07:47:52 - [TEST_STEP][PASSED] - println("file Plan: " + file): null

25-11-2024T07:47:52 - [TEST_STEP][PASSED] - typeOfData = "План в процентах": null

25-11-2024T07:47:52 - [TEST_STEP][PASSED] - fileDouble = file.toDouble(): null

25-11-2024T07:47:52 - [TEST_STEP][PASSED] - pageDouble = page1.toDouble(): null

25-11-2024T07:47:52 - [TEST_STEP][PASSED] - if (fileDouble != pageDouble): null

25-11-2024T07:47:52 - [TEST_STEP][PASSED] - file = findTestData("PlanFact").getValue(7, a): null

25-11-2024T07:47:52 - [TEST_STEP][PASSED] - file = file.replace(",", "."): null

25-11-2024T07:47:52 - [TEST_STEP][PASSED] - println("file Fact: " + file): null

25-11-2024T07:47:52 - [TEST_STEP][PASSED] - fileDouble = file.toDouble(): null

25-11-2024T07:47:52 - [TEST_STEP][PASSED] - typeOfData = "Факт в процентах": null

25-11-2024T07:47:52 - [TEST_STEP][PASSED] - fileDouble = file.toDouble(): null

25-11-2024T07:47:52 - [TEST_STEP][PASSED] - pageDouble = page2.toDouble(): null

25-11-2024T07:47:52 - [TEST_STEP][PASSED] - if (fileDouble != pageDouble): null

25-11-2024T07:47:52 - [TEST_STEP][PASSED] - if (verifyEqual(numberOfErrors, 0) == false): Actual object '0' and expected object '0' are equal

25-11-2024T07:47:52 - [MESSAGE][PASSED] - Actual object '0' and expected object '0' are equal

25-11-2024T07:47:52 - [TEST_STEP][PASSED] - if (a == 82): null

25-11-2024T07:47:52 - [TEST_STEP][PASSED] - println(dzoNum): null

25-11-2024T07:47:52 - [TEST_STEP][PASSED] - dZO = "АО «Чеченэнерго»": null

25-11-2024T07:47:52 - [TEST_STEP][PASSED] - a = 72: null

25-11-2024T07:47:52 - [TEST_STEP][PASSED] - if (x1.contains(dZO)): null

25-11-2024T07:47:52 - [TEST_STEP][PASSED] - dzoNum = dzoNum + 1: null

25-11-2024T07:47:52 - [TEST_STEP][PASSED] - Script1718980020443.Numbers(a, typeOfData, todaysDate, pageInt, fileInt, pageDouble, fileDouble, dZO, dzoNum, filialNum): null

25-11-2024T07:47:52 - [TEST_STEP][PASSED] - println(dzoNum): null

25-11-2024T07:47:52 - [TEST_STEP][PASSED] - planFact = <not implemented yet for class: org.codehaus.groovy.ast.expr.EmptyExpression>: null

25-11-2024T07:47:52 - [TEST_STEP][PASSED] - page = <not implemented yet for class: org.codehaus.groovy.ast.expr.EmptyExpression>: null

25-11-2024T07:47:52 - [TEST_STEP][PASSED] - page1 = <not implemented yet for class: org.codehaus.groovy.ast.expr.EmptyExpression>: null

25-11-2024T07:47:52 - [TEST_STEP][PASSED] - page2 = <not implemented yet for class: org.codehaus.groovy.ast.expr.EmptyExpression>: null

25-11-2024T07:47:52 - [TEST_STEP][PASSED] - filialNumberInRow = <not implemented yet for class: org.codehaus.groovy.ast.expr.EmptyExpression>: null

25-11-2024T07:47:52 - [TEST_STEP][PASSED] - filialsDzoNames = <not implemented yet for class: org.codehaus.groovy.ast.expr.EmptyExpression>: null

25-11-2024T07:47:52 - [TEST_STEP][PASSED] - numberOfFilials = <not implemented yet for class: org.codehaus.groovy.ast.expr.EmptyExpression>: null

25-11-2024T07:47:52 - [TEST_STEP][PASSED] - numberOfSpaces = <not implemented yet for class: org.codehaus.groovy.ast.expr.EmptyExpression>: null

25-11-2024T07:47:52 - [TEST_STEP][PASSED] - file = <not implemented yet for class: org.codehaus.groovy.ast.expr.EmptyExpression>: null

25-11-2024T07:47:52 - [TEST_STEP][PASSED] - otpusk = <not implemented yet for class: org.codehaus.groovy.ast.expr.EmptyExpression>: null

25-11-2024T07:47:52 - [TEST_STEP][PASSED] - poteri = <not implemented yet for class: org.codehaus.groovy.ast.expr.EmptyExpression>: null

25-11-2024T07:47:52 - [TEST_STEP][PASSED] - dataFolder = "Выполнение бизнес-плана/Значения со страницы Выполнение бизнес-плана/": null

25-11-2024T07:47:52 - [TEST_STEP][PASSED] - path = <not implemented yet for class: org.codehaus.groovy.ast.expr.EmptyExpression>: null

25-11-2024T07:47:52 - [TEST_STEP][PASSED] - typeOfDataMain = <not implemented yet for class: org.codehaus.groovy.ast.expr.EmptyExpression>: null

25-11-2024T07:47:52 - [TEST_STEP][PASSED] - fileOtpuskVSet = <not implemented yet for class: org.codehaus.groovy.ast.expr.EmptyExpression>: null

25-11-2024T07:47:52 - [TEST_STEP][PASSED] - pageOtpuskVSet = <not implemented yet for class: org.codehaus.groovy.ast.expr.EmptyExpression>: null

25-11-2024T07:47:52 - [TEST_STEP][PASSED] - filePoteri = <not implemented yet for class: org.codehaus.groovy.ast.expr.EmptyExpression>: null

25-11-2024T07:47:52 - [TEST_STEP][PASSED] - pagePoteri = <not implemented yet for class: org.codehaus.groovy.ast.expr.EmptyExpression>: null

25-11-2024T07:47:52 - [TEST_STEP][PASSED] - compare = <not implemented yet for class: org.codehaus.groovy.ast.expr.EmptyExpression>: null

25-11-2024T07:47:52 - [TEST_STEP][PASSED] - b = <not implemented yet for class: org.codehaus.groovy.ast.expr.EmptyExpression>: null

25-11-2024T07:47:52 - [TEST_STEP][PASSED] - i = <not implemented yet for class: org.codehaus.groovy.ast.expr.EmptyExpression>: null

25-11-2024T07:47:52 - [TEST_STEP][PASSED] - ii = <not implemented yet for class: org.codehaus.groovy.ast.expr.EmptyExpression>: null

25-11-2024T07:47:52 - [TEST_STEP][PASSED] - c = <not implemented yet for class: org.codehaus.groovy.ast.expr.EmptyExpression>: null

25-11-2024T07:47:52 - [TEST_STEP][PASSED] - numberOfErrors = 0: null

25-11-2024T07:47:52 - [TEST_STEP][PASSED] - if (a == 82): null

25-11-2024T07:47:52 - [TEST_STEP][PASSED] - b = findTestData("PlanFact").getValue(1, a): null

25-11-2024T07:47:52 - [TEST_STEP][PASSED] - i = b.indexOf(" (ГК)"): null

25-11-2024T07:47:52 - [TEST_STEP][PASSED] - if (i > -1): null

25-11-2024T07:47:52 - [TEST_STEP][PASSED] - i = b.indexOf("О ""): null

25-11-2024T07:47:52 - [TEST_STEP][PASSED] - if (i > -1): null

25-11-2024T07:47:52 - [TEST_STEP][PASSED] - b = b.substring(i + 3, b.length()): null

25-11-2024T07:47:52 - [TEST_STEP][PASSED] - i = b.indexOf("""): null

25-11-2024T07:47:52 - [TEST_STEP][PASSED] - b = b.substring(0, i): null

25-11-2024T07:47:52 - [TEST_STEP][PASSED] - b = b.trim(): null

25-11-2024T07:47:52 - [TEST_STEP][PASSED] - i = b.indexOf("О «"): null

25-11-2024T07:47:52 - [TEST_STEP][PASSED] - if (i > -1): null

25-11-2024T07:47:52 - [TEST_STEP][PASSED] - i = b.indexOf("г. "): null

25-11-2024T07:47:52 - [TEST_STEP][PASSED] - if (i > -1): null

25-11-2024T07:47:52 - [TEST_STEP][PASSED] - println(b): null

25-11-2024T07:47:52 - [TEST_STEP][PASSED] - for ([planFact = 1, planFact < 3, (planFact++)]): null

25-11-2024T07:47:52 - [TEST_STEP][PASSED] - if (planFact == 1): null

25-11-2024T07:47:52 - [TEST_STEP][PASSED] - typeOfDataMain = "Факт": null

25-11-2024T07:47:52 - [TEST_STEP][PASSED] - otpusk = findTestData("PlanFact").getValue(5, a): null

25-11-2024T07:47:52 - [TEST_STEP][PASSED] - poteri = findTestData("PlanFact").getValue(6, a): null

25-11-2024T07:47:52 - [TEST_STEP][PASSED] - otpusk = otpusk.replaceAll("\s+", ""): null

25-11-2024T07:47:52 - [TEST_STEP][PASSED] - poteri = poteri.replaceAll("\s+", ""): null

25-11-2024T07:47:52 - [TEST_STEP][PASSED] - typeOfData = typeOfDataMain + " Отпуск в сеть": null

25-11-2024T07:47:52 - [TEST_STEP][PASSED] - if (a == 82): null

25-11-2024T07:47:52 - [TEST_STEP][PASSED] - else if (a == 84): null

25-11-2024T07:47:52 - [TEST_STEP][PASSED] - else if (a == 52 || a == 72 || a == 28 || a == 73 || a == 77 || a == 74 || a == 65 || a == 36 || a == 44 || a == 53 || a == 80 || a == 54 || a == 1 || a == 18 || a == 59 || a == 81): null

25-11-2024T07:47:52 - [TEST_STEP][PASSED] - path = dataFolder + "Table Data/" + typeOfData + " за отчётный период " + dzoNum: null

25-11-2024T07:47:52 - [TEST_STEP][PASSED] - println(path): null

25-11-2024T07:47:52 - [TEST_STEP][PASSED] - page = getText(findTestObject(path)): Text of object 'Object Repository/Выполнение бизнес-плана/Значения со страницы Выполнение бизнес-плана/Table Data/Факт Отпуск в сеть за отчётный период 2' is: '3 034 612'

25-11-2024T07:47:53 - [MESSAGE][PASSED] - Text of object 'Object Repository/Выполнение бизнес-плана/Значения со страницы Выполнение бизнес-плана/Table Data/Факт Отпуск в сеть за отчётный период 2' is: '3 034 612'

25-11-2024T07:47:53 - [TEST_STEP][PASSED] - page = page.replaceAll("\s+", ""): null

25-11-2024T07:47:53 - [TEST_STEP][PASSED] - fileOtpuskVSet = otpusk.toInteger(): null

25-11-2024T07:47:53 - [TEST_STEP][PASSED] - pageOtpuskVSet = page.toInteger(): null

25-11-2024T07:47:53 - [TEST_STEP][PASSED] - typeOfData = typeOfDataMain + " Потери": null

25-11-2024T07:47:53 - [TEST_STEP][PASSED] - if (a == 82): null

25-11-2024T07:47:53 - [TEST_STEP][PASSED] - else if (a == 84): null

25-11-2024T07:47:53 - [TEST_STEP][PASSED] - else if (a == 52 || a == 72 || a == 28 || a == 73 || a == 77 || a == 74 || a == 65 || a == 36 || a == 44 || a == 53 || a == 80 || a == 54 || a == 1 || a == 18 || a == 59 || a == 81): null

25-11-2024T07:47:53 - [TEST_STEP][PASSED] - path = dataFolder + "Table Data/" + typeOfData + " за отчётный период " + dzoNum: null

25-11-2024T07:47:53 - [TEST_STEP][PASSED] - page = getText(findTestObject(path)): Text of object 'Object Repository/Выполнение бизнес-плана/Значения со страницы Выполнение бизнес-плана/Table Data/Факт Потери за отчётный период 2' is: '1 110 325'

25-11-2024T07:47:53 - [MESSAGE][PASSED] - Text of object 'Object Repository/Выполнение бизнес-плана/Значения со страницы Выполнение бизнес-плана/Table Data/Факт Потери за отчётный период 2' is: '1 110 325'

25-11-2024T07:47:53 - [TEST_STEP][PASSED] - page = page.replaceAll("\s+", ""): null

25-11-2024T07:47:53 - [TEST_STEP][PASSED] - filePoteri = poteri.toInteger(): null

25-11-2024T07:47:53 - [TEST_STEP][PASSED] - pagePoteri = page.toInteger(): null

25-11-2024T07:47:53 - [TEST_STEP][PASSED] - compare = pageOtpuskVSet: null

25-11-2024T07:47:53 - [TEST_STEP][PASSED] - if (compare == fileOtpuskVSet): null

25-11-2024T07:47:53 - [TEST_STEP][PASSED] - else if (compare > fileOtpuskVSet): null

25-11-2024T07:47:53 - [TEST_STEP][PASSED] - compare = compare - 1: null

25-11-2024T07:47:53 - [TEST_STEP][PASSED] - if (compare == fileOtpuskVSet): null

25-11-2024T07:47:53 - [TEST_STEP][PASSED] - else: null

25-11-2024T07:47:53 - [TEST_STEP][PASSED] - numberOfErrors = numberOfErrors + 1: null

25-11-2024T07:47:53 - [TEST_STEP][PASSED] - pageInt = pageOtpuskVSet: null

25-11-2024T07:47:53 - [TEST_STEP][PASSED] - fileInt = fileOtpuskVSet: null

25-11-2024T07:47:53 - [TEST_STEP][PASSED] - typeOfData = typeOfDataMain + " Отпуск в сеть": null

25-11-2024T07:47:53 - [TEST_STEP][PASSED] - Script1718980020443.WriteToExcel(a, typeOfData, todaysDate, pageInt, fileInt, pageDouble, fileDouble, dZO): null

25-11-2024T07:47:53 - [TEST_STEP][PASSED] - sheetName = "Sheet1": null

25-11-2024T07:47:53 - [TEST_STEP][PASSED] - data = findTestData("PlanFact"): null

25-11-2024T07:47:53 - [TEST_STEP][PASSED] - n = data.getRowNumbers() + 1: null

25-11-2024T07:47:53 - [TEST_STEP][PASSED] - year = todaysDate.substring(todaysDate.length() - 4, todaysDate.length()): null

25-11-2024T07:47:53 - [TEST_STEP][PASSED] - y = year.toInteger(): null

25-11-2024T07:47:53 - [TEST_STEP][PASSED] - m = getText(findTestObject("Выполнение бизнес-плана/Период")): Text of object 'Object Repository/Выполнение бизнес-плана/Период' is: '1, 2, 3 кв. 2024 года'

25-11-2024T07:47:53 - [MESSAGE][PASSED] - Text of object 'Object Repository/Выполнение бизнес-плана/Период' is: '1, 2, 3 кв. 2024 года'

25-11-2024T07:47:53 - [TEST_STEP][PASSED] - m = m.substring(0, m.indexOf("2024")): null

25-11-2024T07:47:53 - [TEST_STEP][PASSED] - m = m.trim(): null

25-11-2024T07:47:53 - [TEST_STEP][PASSED] - dashboardName = "Выполнение бизнес-плана": null

25-11-2024T07:47:53 - [TEST_STEP][PASSED] - workbook01 = getWorkbook(excelFilePath): null

25-11-2024T07:47:53 - [TEST_STEP][PASSED] - sheet01 = getExcelSheet(workbook01, sheetName): null

25-11-2024T07:47:53 - [TEST_STEP][PASSED] - setValueToCellByIndex(sheet01, n, 0, dashboardName): null

25-11-2024T07:47:53 - [TEST_STEP][PASSED] - setValueToCellByIndex(sheet01, n, 1, dZO): null

25-11-2024T07:47:53 - [TEST_STEP][PASSED] - setValueToCellByIndex(sheet01, n, 2, typeOfData): null

25-11-2024T07:47:53 - [TEST_STEP][PASSED] - if (typeOfData == "Факт в процентах" || typeOfData == "План в процентах"): null

25-11-2024T07:47:53 - [TEST_STEP][PASSED] - else: null

25-11-2024T07:47:53 - [TEST_STEP][PASSED] - setValueToCellByIndex(sheet01, n, 3, fileInt): null

25-11-2024T07:47:53 - [TEST_STEP][PASSED] - setValueToCellByIndex(sheet01, n, 4, pageInt): null

25-11-2024T07:47:53 - [TEST_STEP][PASSED] - setValueToCellByIndex(sheet01, n, 5, m): null

25-11-2024T07:47:53 - [TEST_STEP][PASSED] - setValueToCellByIndex(sheet01, n, 6, y): null

25-11-2024T07:47:53 - [TEST_STEP][PASSED] - setValueToCellByIndex(sheet01, n, 7, todaysDate): null

25-11-2024T07:47:53 - [TEST_STEP][PASSED] - n = n + 1: null

25-11-2024T07:47:53 - [TEST_STEP][PASSED] - saveWorkbook(excelFilePath, workbook01): null

25-11-2024T07:47:53 - [TEST_STEP][PASSED] - compare = pagePoteri: null

25-11-2024T07:47:53 - [TEST_STEP][PASSED] - if (compare == filePoteri): null

25-11-2024T07:47:53 - [TEST_STEP][PASSED] - else if (compare > filePoteri): null

25-11-2024T07:47:53 - [TEST_STEP][PASSED] - compare = compare - 1: null

25-11-2024T07:47:53 - [TEST_STEP][PASSED] - if (compare == filePoteri): null

25-11-2024T07:47:53 - [TEST_STEP][PASSED] - else: null

25-11-2024T07:47:53 - [TEST_STEP][PASSED] - numberOfErrors = numberOfErrors + 1: null

25-11-2024T07:47:53 - [TEST_STEP][PASSED] - pageInt = pagePoteri: null

25-11-2024T07:47:53 - [TEST_STEP][PASSED] - fileInt = filePoteri: null

25-11-2024T07:47:53 - [TEST_STEP][PASSED] - typeOfData = typeOfDataMain + " Потери": null

25-11-2024T07:47:53 - [TEST_STEP][PASSED] - Script1718980020443.WriteToExcel(a, typeOfData, todaysDate, pageInt, fileInt, pageDouble, fileDouble, dZO): null

25-11-2024T07:47:53 - [TEST_STEP][PASSED] - sheetName = "Sheet1": null

25-11-2024T07:47:53 - [TEST_STEP][PASSED] - data = findTestData("PlanFact"): null

25-11-2024T07:47:53 - [TEST_STEP][PASSED] - n = data.getRowNumbers() + 1: null

25-11-2024T07:47:53 - [TEST_STEP][PASSED] - year = todaysDate.substring(todaysDate.length() - 4, todaysDate.length()): null

25-11-2024T07:47:53 - [TEST_STEP][PASSED] - y = year.toInteger(): null

25-11-2024T07:47:53 - [TEST_STEP][PASSED] - m = getText(findTestObject("Выполнение бизнес-плана/Период")): Text of object 'Object Repository/Выполнение бизнес-плана/Период' is: '1, 2, 3 кв. 2024 года'

25-11-2024T07:47:54 - [MESSAGE][PASSED] - Text of object 'Object Repository/Выполнение бизнес-плана/Период' is: '1, 2, 3 кв. 2024 года'

25-11-2024T07:47:54 - [TEST_STEP][PASSED] - m = m.substring(0, m.indexOf("2024")): null

25-11-2024T07:47:54 - [TEST_STEP][PASSED] - m = m.trim(): null

25-11-2024T07:47:54 - [TEST_STEP][PASSED] - dashboardName = "Выполнение бизнес-плана": null

25-11-2024T07:47:54 - [TEST_STEP][PASSED] - workbook01 = getWorkbook(excelFilePath): null

25-11-2024T07:47:54 - [TEST_STEP][PASSED] - sheet01 = getExcelSheet(workbook01, sheetName): null

25-11-2024T07:47:54 - [TEST_STEP][PASSED] - setValueToCellByIndex(sheet01, n, 0, dashboardName): null

25-11-2024T07:47:54 - [TEST_STEP][PASSED] - setValueToCellByIndex(sheet01, n, 1, dZO): null

25-11-2024T07:47:54 - [TEST_STEP][PASSED] - setValueToCellByIndex(sheet01, n, 2, typeOfData): null

25-11-2024T07:47:54 - [TEST_STEP][PASSED] - if (typeOfData == "Факт в процентах" || typeOfData == "План в процентах"): null

25-11-2024T07:47:54 - [TEST_STEP][PASSED] - else: null

25-11-2024T07:47:54 - [TEST_STEP][PASSED] - setValueToCellByIndex(sheet01, n, 3, fileInt): null

25-11-2024T07:47:54 - [TEST_STEP][PASSED] - setValueToCellByIndex(sheet01, n, 4, pageInt): null

25-11-2024T07:47:54 - [TEST_STEP][PASSED] - setValueToCellByIndex(sheet01, n, 5, m): null

25-11-2024T07:47:54 - [TEST_STEP][PASSED] - setValueToCellByIndex(sheet01, n, 6, y): null

25-11-2024T07:47:54 - [TEST_STEP][PASSED] - setValueToCellByIndex(sheet01, n, 7, todaysDate): null

25-11-2024T07:47:54 - [TEST_STEP][PASSED] - n = n + 1: null

25-11-2024T07:47:54 - [TEST_STEP][PASSED] - saveWorkbook(excelFilePath, workbook01): null

25-11-2024T07:47:54 - [TEST_STEP][PASSED] - if (planFact == 2): null

25-11-2024T07:47:54 - [TEST_STEP][PASSED] - if (planFact == 1): null

25-11-2024T07:47:54 - [TEST_STEP][PASSED] - else if (planFact == 2): null

25-11-2024T07:47:54 - [TEST_STEP][PASSED] - click(findTestObject("Выполнение бизнес-плана/Кнопка План")): Object: 'Object Repository/Выполнение бизнес-плана/Кнопка План' is clicked on

25-11-2024T07:47:54 - [MESSAGE][PASSED] - Object: 'Object Repository/Выполнение бизнес-плана/Кнопка План' is clicked on

25-11-2024T07:47:54 - [TEST_STEP][PASSED] - typeOfDataMain = "План": null

25-11-2024T07:47:54 - [TEST_STEP][PASSED] - otpusk = findTestData("PlanFact").getValue(2, a): null

25-11-2024T07:47:54 - [TEST_STEP][PASSED] - poteri = findTestData("PlanFact").getValue(3, a): null

25-11-2024T07:47:55 - [TEST_STEP][PASSED] - otpusk = otpusk.replaceAll("\s+", ""): null

25-11-2024T07:47:55 - [TEST_STEP][PASSED] - poteri = poteri.replaceAll("\s+", ""): null

25-11-2024T07:47:55 - [TEST_STEP][PASSED] - typeOfData = typeOfDataMain + " Отпуск в сеть": null

25-11-2024T07:47:55 - [TEST_STEP][PASSED] - if (a == 82): null

25-11-2024T07:47:55 - [TEST_STEP][PASSED] - else if (a == 84): null

25-11-2024T07:47:55 - [TEST_STEP][PASSED] - else if (a == 52 || a == 72 || a == 28 || a == 73 || a == 77 || a == 74 || a == 65 || a == 36 || a == 44 || a == 53 || a == 80 || a == 54 || a == 1 || a == 18 || a == 59 || a == 81): null

25-11-2024T07:47:55 - [TEST_STEP][PASSED] - path = dataFolder + "Table Data/" + typeOfData + " за отчётный период " + dzoNum: null

25-11-2024T07:47:55 - [TEST_STEP][PASSED] - println(path): null

25-11-2024T07:47:55 - [TEST_STEP][PASSED] - page = getText(findTestObject(path)): Text of object 'Object Repository/Выполнение бизнес-плана/Значения со страницы Выполнение бизнес-плана/Table Data/План Отпуск в сеть за отчётный период 2' is: '2 822 152'

25-11-2024T07:47:55 - [MESSAGE][PASSED] - Text of object 'Object Repository/Выполнение бизнес-плана/Значения со страницы Выполнение бизнес-плана/Table Data/План Отпуск в сеть за отчётный период 2' is: '2 822 152'

25-11-2024T07:47:55 - [TEST_STEP][PASSED] - page = page.replaceAll("\s+", ""): null

25-11-2024T07:47:55 - [TEST_STEP][PASSED] - fileOtpuskVSet = otpusk.toInteger(): null

25-11-2024T07:47:55 - [TEST_STEP][PASSED] - pageOtpuskVSet = page.toInteger(): null

25-11-2024T07:47:55 - [TEST_STEP][PASSED] - typeOfData = typeOfDataMain + " Потери": null

25-11-2024T07:47:55 - [TEST_STEP][PASSED] - if (a == 82): null

25-11-2024T07:47:55 - [TEST_STEP][PASSED] - else if (a == 84): null

25-11-2024T07:47:55 - [TEST_STEP][PASSED] - else if (a == 52 || a == 72 || a == 28 || a == 73 || a == 77 || a == 74 || a == 65 || a == 36 || a == 44 || a == 53 || a == 80 || a == 54 || a == 1 || a == 18 || a == 59 || a == 81): null

25-11-2024T07:47:55 - [TEST_STEP][PASSED] - path = dataFolder + "Table Data/" + typeOfData + " за отчётный период " + dzoNum: null

25-11-2024T07:47:55 - [TEST_STEP][PASSED] - page = getText(findTestObject(path)): Text of object 'Object Repository/Выполнение бизнес-плана/Значения со страницы Выполнение бизнес-плана/Table Data/План Потери за отчётный период 2' is: '927 705'

25-11-2024T07:47:55 - [MESSAGE][PASSED] - Text of object 'Object Repository/Выполнение бизнес-плана/Значения со страницы Выполнение бизнес-плана/Table Data/План Потери за отчётный период 2' is: '927 705'

25-11-2024T07:47:55 - [TEST_STEP][PASSED] - page = page.replaceAll("\s+", ""): null

25-11-2024T07:47:55 - [TEST_STEP][PASSED] - filePoteri = poteri.toInteger(): null

25-11-2024T07:47:55 - [TEST_STEP][PASSED] - pagePoteri = page.toInteger(): null

25-11-2024T07:47:55 - [TEST_STEP][PASSED] - compare = pageOtpuskVSet: null

25-11-2024T07:47:55 - [TEST_STEP][PASSED] - if (compare == fileOtpuskVSet): null

25-11-2024T07:47:55 - [TEST_STEP][PASSED] - else if (compare > fileOtpuskVSet): null

25-11-2024T07:47:55 - [TEST_STEP][PASSED] - compare = compare - 1: null

25-11-2024T07:47:55 - [TEST_STEP][PASSED] - if (compare == fileOtpuskVSet): null

25-11-2024T07:47:55 - [TEST_STEP][PASSED] - else: null

25-11-2024T07:47:55 - [TEST_STEP][PASSED] - numberOfErrors = numberOfErrors + 1: null

25-11-2024T07:47:55 - [TEST_STEP][PASSED] - pageInt = pageOtpuskVSet: null

25-11-2024T07:47:55 - [TEST_STEP][PASSED] - fileInt = fileOtpuskVSet: null

25-11-2024T07:47:55 - [TEST_STEP][PASSED] - typeOfData = typeOfDataMain + " Отпуск в сеть": null

25-11-2024T07:47:55 - [TEST_STEP][PASSED] - Script1718980020443.WriteToExcel(a, typeOfData, todaysDate, pageInt, fileInt, pageDouble, fileDouble, dZO): null

25-11-2024T07:47:55 - [TEST_STEP][PASSED] - sheetName = "Sheet1": null

25-11-2024T07:47:55 - [TEST_STEP][PASSED] - data = findTestData("PlanFact"): null

25-11-2024T07:47:55 - [TEST_STEP][PASSED] - n = data.getRowNumbers() + 1: null

25-11-2024T07:47:55 - [TEST_STEP][PASSED] - year = todaysDate.substring(todaysDate.length() - 4, todaysDate.length()): null

25-11-2024T07:47:55 - [TEST_STEP][PASSED] - y = year.toInteger(): null

25-11-2024T07:47:55 - [TEST_STEP][PASSED] - m = getText(findTestObject("Выполнение бизнес-плана/Период")): Text of object 'Object Repository/Выполнение бизнес-плана/Период' is: '1, 2, 3 кв. 2024 года'

25-11-2024T07:47:56 - [MESSAGE][PASSED] - Text of object 'Object Repository/Выполнение бизнес-плана/Период' is: '1, 2, 3 кв. 2024 года'

25-11-2024T07:47:56 - [TEST_STEP][PASSED] - m = m.substring(0, m.indexOf("2024")): null

25-11-2024T07:47:56 - [TEST_STEP][PASSED] - m = m.trim(): null

25-11-2024T07:47:56 - [TEST_STEP][PASSED] - dashboardName = "Выполнение бизнес-плана": null

25-11-2024T07:47:56 - [TEST_STEP][PASSED] - workbook01 = getWorkbook(excelFilePath): null

25-11-2024T07:47:56 - [TEST_STEP][PASSED] - sheet01 = getExcelSheet(workbook01, sheetName): null

25-11-2024T07:47:56 - [TEST_STEP][PASSED] - setValueToCellByIndex(sheet01, n, 0, dashboardName): null

25-11-2024T07:47:56 - [TEST_STEP][PASSED] - setValueToCellByIndex(sheet01, n, 1, dZO): null

25-11-2024T07:47:56 - [TEST_STEP][PASSED] - setValueToCellByIndex(sheet01, n, 2, typeOfData): null

25-11-2024T07:47:56 - [TEST_STEP][PASSED] - if (typeOfData == "Факт в процентах" || typeOfData == "План в процентах"): null

25-11-2024T07:47:56 - [TEST_STEP][PASSED] - else: null

25-11-2024T07:47:56 - [TEST_STEP][PASSED] - setValueToCellByIndex(sheet01, n, 3, fileInt): null

25-11-2024T07:47:56 - [TEST_STEP][PASSED] - setValueToCellByIndex(sheet01, n, 4, pageInt): null

25-11-2024T07:47:56 - [TEST_STEP][PASSED] - setValueToCellByIndex(sheet01, n, 5, m): null

25-11-2024T07:47:56 - [TEST_STEP][PASSED] - setValueToCellByIndex(sheet01, n, 6, y): null

25-11-2024T07:47:56 - [TEST_STEP][PASSED] - setValueToCellByIndex(sheet01, n, 7, todaysDate): null

25-11-2024T07:47:56 - [TEST_STEP][PASSED] - n = n + 1: null

25-11-2024T07:47:56 - [TEST_STEP][PASSED] - saveWorkbook(excelFilePath, workbook01): null

25-11-2024T07:47:56 - [TEST_STEP][PASSED] - compare = pagePoteri: null

25-11-2024T07:47:56 - [TEST_STEP][PASSED] - if (compare == filePoteri): null

25-11-2024T07:47:56 - [TEST_STEP][PASSED] - else if (compare > filePoteri): null

25-11-2024T07:47:56 - [TEST_STEP][PASSED] - compare = compare - 1: null

25-11-2024T07:47:56 - [TEST_STEP][PASSED] - if (compare == filePoteri): null

25-11-2024T07:47:56 - [TEST_STEP][PASSED] - else: null

25-11-2024T07:47:56 - [TEST_STEP][PASSED] - numberOfErrors = numberOfErrors + 1: null

25-11-2024T07:47:56 - [TEST_STEP][PASSED] - pageInt = pagePoteri: null

25-11-2024T07:47:56 - [TEST_STEP][PASSED] - fileInt = filePoteri: null

25-11-2024T07:47:56 - [TEST_STEP][PASSED] - typeOfData = typeOfDataMain + " Потери": null

25-11-2024T07:47:56 - [TEST_STEP][PASSED] - Script1718980020443.WriteToExcel(a, typeOfData, todaysDate, pageInt, fileInt, pageDouble, fileDouble, dZO): null

25-11-2024T07:47:56 - [TEST_STEP][PASSED] - sheetName = "Sheet1": null

25-11-2024T07:47:56 - [TEST_STEP][PASSED] - data = findTestData("PlanFact"): null

25-11-2024T07:47:56 - [TEST_STEP][PASSED] - n = data.getRowNumbers() + 1: null

25-11-2024T07:47:56 - [TEST_STEP][PASSED] - year = todaysDate.substring(todaysDate.length() - 4, todaysDate.length()): null

25-11-2024T07:47:56 - [TEST_STEP][PASSED] - y = year.toInteger(): null

25-11-2024T07:47:56 - [TEST_STEP][PASSED] - m = getText(findTestObject("Выполнение бизнес-плана/Период")): Text of object 'Object Repository/Выполнение бизнес-плана/Период' is: '1, 2, 3 кв. 2024 года'

25-11-2024T07:47:56 - [MESSAGE][PASSED] - Text of object 'Object Repository/Выполнение бизнес-плана/Период' is: '1, 2, 3 кв. 2024 года'

25-11-2024T07:47:56 - [TEST_STEP][PASSED] - m = m.substring(0, m.indexOf("2024")): null

25-11-2024T07:47:56 - [TEST_STEP][PASSED] - m = m.trim(): null

25-11-2024T07:47:56 - [TEST_STEP][PASSED] - dashboardName = "Выполнение бизнес-плана": null

25-11-2024T07:47:56 - [TEST_STEP][PASSED] - workbook01 = getWorkbook(excelFilePath): null

25-11-2024T07:47:56 - [TEST_STEP][PASSED] - sheet01 = getExcelSheet(workbook01, sheetName): null

25-11-2024T07:47:56 - [TEST_STEP][PASSED] - setValueToCellByIndex(sheet01, n, 0, dashboardName): null

25-11-2024T07:47:56 - [TEST_STEP][PASSED] - setValueToCellByIndex(sheet01, n, 1, dZO): null

25-11-2024T07:47:56 - [TEST_STEP][PASSED] - setValueToCellByIndex(sheet01, n, 2, typeOfData): null

25-11-2024T07:47:56 - [TEST_STEP][PASSED] - if (typeOfData == "Факт в процентах" || typeOfData == "План в процентах"): null

25-11-2024T07:47:56 - [TEST_STEP][PASSED] - else: null

25-11-2024T07:47:56 - [TEST_STEP][PASSED] - setValueToCellByIndex(sheet01, n, 3, fileInt): null

25-11-2024T07:47:56 - [TEST_STEP][PASSED] - setValueToCellByIndex(sheet01, n, 4, pageInt): null

25-11-2024T07:47:56 - [TEST_STEP][PASSED] - setValueToCellByIndex(sheet01, n, 5, m): null

25-11-2024T07:47:56 - [TEST_STEP][PASSED] - setValueToCellByIndex(sheet01, n, 6, y): null

25-11-2024T07:47:56 - [TEST_STEP][PASSED] - setValueToCellByIndex(sheet01, n, 7, todaysDate): null

25-11-2024T07:47:56 - [TEST_STEP][PASSED] - n = n + 1: null

25-11-2024T07:47:56 - [TEST_STEP][PASSED] - saveWorkbook(excelFilePath, workbook01): Object: 'Object Repository/Выполнение бизнес-плана/Кнопка Факт' is clicked on

25-11-2024T07:47:57 - [TEST_STEP][PASSED] - if (planFact == 2): Object: 'Object Repository/Выполнение бизнес-плана/Кнопка Факт' is clicked on

25-11-2024T07:47:57 - [TEST_STEP][PASSED] - click(findTestObject("Выполнение бизнес-плана/Кнопка Факт")): Object: 'Object Repository/Выполнение бизнес-плана/Кнопка Факт' is clicked on

25-11-2024T07:47:57 - [MESSAGE][PASSED] - Object: 'Object Repository/Выполнение бизнес-плана/Кнопка Факт' is clicked on

25-11-2024T07:47:57 - [TEST_STEP][PASSED] - if (a == 84 || a == 82): null

25-11-2024T07:47:57 - [TEST_STEP][PASSED] - else if (a == 52 || a == 72 || a == 28 || a == 73 || a == 77 || a == 74 || a == 65 || a == 36 || a == 44 || a == 53 || a == 80 || a == 54 || a == 1 || a == 18 || a == 59 || a == 81): null

25-11-2024T07:47:57 - [TEST_STEP][PASSED] - page1 = getText(findTestObject("Object Repository/Выполнение бизнес-плана/spanPlan" + dzoNum)): Text of object 'Object Repository/Выполнение бизнес-плана/spanPlan2' is: '32.87'

25-11-2024T07:47:57 - [MESSAGE][PASSED] - Text of object 'Object Repository/Выполнение бизнес-плана/spanPlan2' is: '32.87'

25-11-2024T07:47:57 - [TEST_STEP][PASSED] - page1 = page1.replace("|", ""): null

25-11-2024T07:47:57 - [TEST_STEP][PASSED] - page2 = getText(findTestObject("Object Repository/Выполнение бизнес-плана/spanFact" + dzoNum)): Text of object 'Object Repository/Выполнение бизнес-плана/spanFact2' is: '36.59
|'

25-11-2024T07:47:57 - [MESSAGE][PASSED] - Text of object 'Object Repository/Выполнение бизнес-плана/spanFact2' is: '36.59
|'

25-11-2024T07:47:57 - [TEST_STEP][PASSED] - page2 = page2.replace("|", ""): null

25-11-2024T07:47:57 - [TEST_STEP][PASSED] - println("page1: " + page1): null

25-11-2024T07:47:57 - [TEST_STEP][PASSED] - println("page2: " + page2): null

25-11-2024T07:47:57 - [TEST_STEP][PASSED] - file = findTestData("PlanFact").getValue(4, a): null

25-11-2024T07:47:58 - [TEST_STEP][PASSED] - file = file.replace(",", "."): null

25-11-2024T07:47:58 - [TEST_STEP][PASSED] - println("file Plan: " + file): null

25-11-2024T07:47:58 - [TEST_STEP][PASSED] - typeOfData = "План в процентах": null

25-11-2024T07:47:58 - [TEST_STEP][PASSED] - fileDouble = file.toDouble(): null

25-11-2024T07:47:58 - [TEST_STEP][PASSED] - pageDouble = page1.toDouble(): null

25-11-2024T07:47:58 - [TEST_STEP][PASSED] - if (fileDouble != pageDouble): null

25-11-2024T07:47:58 - [TEST_STEP][PASSED] - numberOfErrors = numberOfErrors + 1: null

25-11-2024T07:47:58 - [TEST_STEP][PASSED] - Script1718980020443.WriteToExcel(a, typeOfData, todaysDate, pageInt, fileInt, pageDouble, fileDouble, dZO): null

25-11-2024T07:47:58 - [TEST_STEP][PASSED] - sheetName = "Sheet1": null

25-11-2024T07:47:58 - [TEST_STEP][PASSED] - data = findTestData("PlanFact"): null

25-11-2024T07:47:58 - [TEST_STEP][PASSED] - n = data.getRowNumbers() + 1: null

25-11-2024T07:47:58 - [TEST_STEP][PASSED] - year = todaysDate.substring(todaysDate.length() - 4, todaysDate.length()): null

25-11-2024T07:47:58 - [TEST_STEP][PASSED] - y = year.toInteger(): null

25-11-2024T07:47:58 - [TEST_STEP][PASSED] - m = getText(findTestObject("Выполнение бизнес-плана/Период")): Text of object 'Object Repository/Выполнение бизнес-плана/Период' is: '1, 2, 3 кв. 2024 года'

25-11-2024T07:47:58 - [MESSAGE][PASSED] - Text of object 'Object Repository/Выполнение бизнес-плана/Период' is: '1, 2, 3 кв. 2024 года'

25-11-2024T07:47:58 - [TEST_STEP][PASSED] - m = m.substring(0, m.indexOf("2024")): null

25-11-2024T07:47:58 - [TEST_STEP][PASSED] - m = m.trim(): null

25-11-2024T07:47:58 - [TEST_STEP][PASSED] - dashboardName = "Выполнение бизнес-плана": null

25-11-2024T07:47:58 - [TEST_STEP][PASSED] - workbook01 = getWorkbook(excelFilePath): null

25-11-2024T07:47:58 - [TEST_STEP][PASSED] - sheet01 = getExcelSheet(workbook01, sheetName): null

25-11-2024T07:47:58 - [TEST_STEP][PASSED] - setValueToCellByIndex(sheet01, n, 0, dashboardName): null

25-11-2024T07:47:58 - [TEST_STEP][PASSED] - setValueToCellByIndex(sheet01, n, 1, dZO): null

25-11-2024T07:47:58 - [TEST_STEP][PASSED] - setValueToCellByIndex(sheet01, n, 2, typeOfData): null

25-11-2024T07:47:58 - [TEST_STEP][PASSED] - if (typeOfData == "Факт в процентах" || typeOfData == "План в процентах"): null

25-11-2024T07:47:58 - [TEST_STEP][PASSED] - setValueToCellByIndex(sheet01, n, 3, fileDouble): null

25-11-2024T07:47:58 - [TEST_STEP][PASSED] - setValueToCellByIndex(sheet01, n, 4, pageDouble): null

25-11-2024T07:47:58 - [TEST_STEP][PASSED] - setValueToCellByIndex(sheet01, n, 5, m): null

25-11-2024T07:47:58 - [TEST_STEP][PASSED] - setValueToCellByIndex(sheet01, n, 6, y): null

25-11-2024T07:47:58 - [TEST_STEP][PASSED] - setValueToCellByIndex(sheet01, n, 7, todaysDate): null

25-11-2024T07:47:58 - [TEST_STEP][PASSED] - n = n + 1: null

25-11-2024T07:47:58 - [TEST_STEP][PASSED] - saveWorkbook(excelFilePath, workbook01): null

25-11-2024T07:47:58 - [TEST_STEP][PASSED] - file = findTestData("PlanFact").getValue(7, a): null

25-11-2024T07:47:58 - [TEST_STEP][PASSED] - file = file.replace(",", "."): null

25-11-2024T07:47:58 - [TEST_STEP][PASSED] - println("file Fact: " + file): null

25-11-2024T07:47:58 - [TEST_STEP][PASSED] - fileDouble = file.toDouble(): null

25-11-2024T07:47:58 - [TEST_STEP][PASSED] - typeOfData = "Факт в процентах": null

25-11-2024T07:47:58 - [TEST_STEP][PASSED] - fileDouble = file.toDouble(): null

25-11-2024T07:47:58 - [TEST_STEP][PASSED] - pageDouble = page2.toDouble(): null

25-11-2024T07:47:58 - [TEST_STEP][PASSED] - if (fileDouble != pageDouble): null

25-11-2024T07:47:58 - [TEST_STEP][PASSED] - numberOfErrors = numberOfErrors + 1: null

25-11-2024T07:47:58 - [TEST_STEP][PASSED] - Script1718980020443.WriteToExcel(a, typeOfData, todaysDate, pageInt, fileInt, pageDouble, fileDouble, dZO): null

25-11-2024T07:47:58 - [TEST_STEP][PASSED] - sheetName = "Sheet1": null

25-11-2024T07:47:58 - [TEST_STEP][PASSED] - data = findTestData("PlanFact"): null

25-11-2024T07:47:58 - [TEST_STEP][PASSED] - n = data.getRowNumbers() + 1: null

25-11-2024T07:47:58 - [TEST_STEP][PASSED] - year = todaysDate.substring(todaysDate.length() - 4, todaysDate.length()): null

25-11-2024T07:47:58 - [TEST_STEP][PASSED] - y = year.toInteger(): null

25-11-2024T07:47:58 - [TEST_STEP][PASSED] - m = getText(findTestObject("Выполнение бизнес-плана/Период")): Text of object 'Object Repository/Выполнение бизнес-плана/Период' is: '1, 2, 3 кв. 2024 года'

25-11-2024T07:47:59 - [MESSAGE][PASSED] - Text of object 'Object Repository/Выполнение бизнес-плана/Период' is: '1, 2, 3 кв. 2024 года'

25-11-2024T07:47:59 - [TEST_STEP][PASSED] - m = m.substring(0, m.indexOf("2024")): null

25-11-2024T07:47:59 - [TEST_STEP][PASSED] - m = m.trim(): null

25-11-2024T07:47:59 - [TEST_STEP][PASSED] - dashboardName = "Выполнение бизнес-плана": null

25-11-2024T07:47:59 - [TEST_STEP][PASSED] - workbook01 = getWorkbook(excelFilePath): null

25-11-2024T07:47:59 - [TEST_STEP][PASSED] - sheet01 = getExcelSheet(workbook01, sheetName): null

25-11-2024T07:47:59 - [TEST_STEP][PASSED] - setValueToCellByIndex(sheet01, n, 0, dashboardName): null

25-11-2024T07:47:59 - [TEST_STEP][PASSED] - setValueToCellByIndex(sheet01, n, 1, dZO): null

25-11-2024T07:47:59 - [TEST_STEP][PASSED] - setValueToCellByIndex(sheet01, n, 2, typeOfData): null

25-11-2024T07:47:59 - [TEST_STEP][PASSED] - if (typeOfData == "Факт в процентах" || typeOfData == "План в процентах"): null

25-11-2024T07:47:59 - [TEST_STEP][PASSED] - setValueToCellByIndex(sheet01, n, 3, fileDouble): null

25-11-2024T07:47:59 - [TEST_STEP][PASSED] - setValueToCellByIndex(sheet01, n, 4, pageDouble): null

25-11-2024T07:47:59 - [TEST_STEP][PASSED] - setValueToCellByIndex(sheet01, n, 5, m): null

25-11-2024T07:47:59 - [TEST_STEP][PASSED] - setValueToCellByIndex(sheet01, n, 6, y): null

25-11-2024T07:47:59 - [TEST_STEP][PASSED] - setValueToCellByIndex(sheet01, n, 7, todaysDate): null

25-11-2024T07:47:59 - [TEST_STEP][PASSED] - n = n + 1: null

25-11-2024T07:47:59 - [TEST_STEP][PASSED] - saveWorkbook(excelFilePath, workbook01): null

25-11-2024T07:47:59 - [TEST_STEP][FAILED] - if (verifyEqual(numberOfErrors, 0) == false): null

25-11-2024T07:47:59 - [MESSAGE][FAILED] - Unable to verify equal between actual object '6' and expected object '0' (Root cause: com.kms.katalon.core.exception.StepFailedException: Actual object '6' and expected object '0' are not equal
	at com.kms.katalon.core.keyword.builtin.VerifyEqualKeyword$_verifyEqual_closure1.doCall(VerifyEqualKeyword.groovy:58)
	at com.kms.katalon.core.keyword.builtin.VerifyEqualKeyword$_verifyEqual_closure1.call(VerifyEqualKeyword.groovy)
	at com.kms.katalon.core.keyword.internal.KeywordMain.runKeyword(KeywordMain.groovy:75)
	at com.kms.katalon.core.keyword.builtin.VerifyEqualKeyword.verifyEqual(VerifyEqualKeyword.groovy:63)
	at com.kms.katalon.core.keyword.builtin.VerifyEqualKeyword.execute(VerifyEqualKeyword.groovy:44)
	at com.kms.katalon.core.keyword.internal.KeywordExecutor.executeKeywordForPlatform(KeywordExecutor.groovy:74)
	at com.kms.katalon.core.keyword.BuiltinKeywords.verifyEqual(BuiltinKeywords.groovy:146)
	at java.base/jdk.internal.reflect.NativeMethodAccessorImpl.invoke0(Native Method)
	at java.base/jdk.internal.reflect.NativeMethodAccessorImpl.invoke(NativeMethodAccessorImpl.java:77)
	at java.base/jdk.internal.reflect.DelegatingMethodAccessorImpl.invoke(DelegatingMethodAccessorImpl.java:43)
	at Выполнение бизнес-плана Сверка ПАО Россети все филиалы.Numbers(Выполнение бизнес-плана Сверка ПАО Россети все филиалы:740)
	at Выполнение бизнес-плана Сверка ПАО Россети все филиалы.run(Выполнение бизнес-плана Сверка ПАО Россети все филиалы:234)
	at com.kms.katalon.core.main.ScriptEngine.run(ScriptEngine.java:194)
	at com.kms.katalon.core.main.ScriptEngine.runScriptAsRawText(ScriptEngine.java:119)
	at com.kms.katalon.core.main.TestCaseExecutor.runScript(TestCaseExecutor.java:448)
	at com.kms.katalon.core.main.TestCaseExecutor.doExecute(TestCaseExecutor.java:439)
	at com.kms.katalon.core.main.TestCaseExecutor.processExecutionPhase(TestCaseExecutor.java:418)
	at com.kms.katalon.core.main.TestCaseExecutor.accessMainPhase(TestCaseExecutor.java:410)
	at com.kms.katalon.core.main.TestCaseExecutor.execute(TestCaseExecutor.java:285)
	at com.kms.katalon.core.common.CommonExecutor.accessTestCaseMainPhase(CommonExecutor.java:65)
	at com.kms.katalon.core.main.TestSuiteExecutor.accessTestSuiteMainPhase(TestSuiteExecutor.java:150)
	at com.kms.katalon.core.main.TestSuiteExecutor.execute(TestSuiteExecutor.java:106)
	at com.kms.katalon.core.main.TestCaseMain.startTestSuite(TestCaseMain.java:180)
	at TempTestSuite1732509691813.run(TempTestSuite1732509691813.groovy:35)
	at java.base/jdk.internal.reflect.NativeMethodAccessorImpl.invoke0(Native Method)
	at java.base/jdk.internal.reflect.NativeMethodAccessorImpl.invoke(NativeMethodAccessorImpl.java:77)
	at java.base/jdk.internal.reflect.DelegatingMethodAccessorImpl.invoke(DelegatingMethodAccessorImpl.java:43)
)

25-11-2024T07:47:59 - [TEST_STEP][PASSED] - println(numberOfErrors): null

25-11-2024T07:47:59 - [TEST_STEP][PASSED] - if (a == 28 || a == 77 || a == 74 || a == 65 || a == 36 || a == 44 || a == 54 || a == 1 || a == 18 || a == 59): null

25-11-2024T07:47:59 - [TEST_STEP][PASSED] - if (a == 82): null

25-11-2024T07:47:59 - [TEST_STEP][PASSED] - println(dzoNum): null

25-11-2024T07:47:59 - [TEST_STEP][PASSED] - a = 28: null

25-11-2024T07:47:59 - [TEST_STEP][PASSED] - dZO = "Россети Волга": null

25-11-2024T07:47:59 - [TEST_STEP][PASSED] - if (x1.contains(dZO)): null

25-11-2024T07:47:59 - [TEST_STEP][PASSED] - else: null

25-11-2024T07:47:59 - [TEST_STEP][PASSED] - Script1718980020443.NoData(a, typeOfData, todaysDate, fileInt, fileDouble, dZO): null

25-11-2024T07:47:59 - [TEST_STEP][PASSED] - println(a): null

25-11-2024T07:47:59 - [TEST_STEP][PASSED] - println(todaysDate): null

25-11-2024T07:47:59 - [TEST_STEP][PASSED] - println(fileInt): null

25-11-2024T07:47:59 - [TEST_STEP][PASSED] - println(fileDouble): null

25-11-2024T07:47:59 - [TEST_STEP][PASSED] - println(dZO): null

25-11-2024T07:47:59 - [TEST_STEP][PASSED] - typeOfData = "Факт Отпуск в сеть": null

25-11-2024T07:47:59 - [TEST_STEP][PASSED] - fileInt = replaceAll("\s+", "").toInteger(): null

25-11-2024T07:47:59 - [TEST_STEP][PASSED] - Script1718980020443.WriteToExcelNoData(a, typeOfData, todaysDate, fileInt, fileDouble, dZO): null

25-11-2024T07:47:59 - [TEST_STEP][PASSED] - sheetName = "Sheet1": null

25-11-2024T07:47:59 - [TEST_STEP][PASSED] - data = findTestData("PlanFact"): null

25-11-2024T07:47:59 - [TEST_STEP][PASSED] - n = data.getRowNumbers() + 1: null

25-11-2024T07:47:59 - [TEST_STEP][PASSED] - year = todaysDate.substring(todaysDate.length() - 4, todaysDate.length()): null

25-11-2024T07:47:59 - [TEST_STEP][PASSED] - y = year.toInteger(): null

25-11-2024T07:47:59 - [TEST_STEP][PASSED] - m = getText(findTestObject("Выполнение бизнес-плана/Период")): Text of object 'Object Repository/Выполнение бизнес-плана/Период' is: '1, 2, 3 кв. 2024 года'

25-11-2024T07:47:59 - [MESSAGE][PASSED] - Text of object 'Object Repository/Выполнение бизнес-плана/Период' is: '1, 2, 3 кв. 2024 года'

25-11-2024T07:47:59 - [TEST_STEP][PASSED] - m = m.substring(0, m.indexOf("2024")): null

25-11-2024T07:47:59 - [TEST_STEP][PASSED] - m = m.trim(): null

25-11-2024T07:47:59 - [TEST_STEP][PASSED] - dashboardName = "Выполнение бизнес-плана": null

25-11-2024T07:47:59 - [TEST_STEP][PASSED] - workbook01 = getWorkbook(excelFilePath): null

25-11-2024T07:47:59 - [TEST_STEP][PASSED] - sheet01 = getExcelSheet(workbook01, sheetName): null

25-11-2024T07:47:59 - [TEST_STEP][PASSED] - setValueToCellByIndex(sheet01, n, 0, dashboardName): null

25-11-2024T07:47:59 - [TEST_STEP][PASSED] - setValueToCellByIndex(sheet01, n, 1, dZO): null

25-11-2024T07:47:59 - [TEST_STEP][PASSED] - setValueToCellByIndex(sheet01, n, 2, typeOfData): null

25-11-2024T07:47:59 - [TEST_STEP][PASSED] - if (typeOfData == "Факт в процентах" || typeOfData == "План в процентах"): null

25-11-2024T07:47:59 - [TEST_STEP][PASSED] - else: null

25-11-2024T07:47:59 - [TEST_STEP][PASSED] - setValueToCellByIndex(sheet01, n, 3, fileInt): null

25-11-2024T07:47:59 - [TEST_STEP][PASSED] - setValueToCellByIndex(sheet01, n, 4, "нет данных"): null

25-11-2024T07:47:59 - [TEST_STEP][PASSED] - setValueToCellByIndex(sheet01, n, 5, m): null

25-11-2024T07:47:59 - [TEST_STEP][PASSED] - setValueToCellByIndex(sheet01, n, 6, y): null

25-11-2024T07:47:59 - [TEST_STEP][PASSED] - setValueToCellByIndex(sheet01, n, 7, todaysDate): null

25-11-2024T07:47:59 - [TEST_STEP][PASSED] - n = n + 1: null

25-11-2024T07:47:59 - [TEST_STEP][PASSED] - saveWorkbook(excelFilePath, workbook01): null

25-11-2024T07:48:00 - [TEST_STEP][PASSED] - typeOfData = "Факт Потери": null

25-11-2024T07:48:00 - [TEST_STEP][PASSED] - fileInt = replaceAll("\s+", "").toInteger(): null

25-11-2024T07:48:00 - [TEST_STEP][PASSED] - Script1718980020443.WriteToExcelNoData(a, typeOfData, todaysDate, fileInt, fileDouble, dZO): null

25-11-2024T07:48:00 - [TEST_STEP][PASSED] - sheetName = "Sheet1": null

25-11-2024T07:48:00 - [TEST_STEP][PASSED] - data = findTestData("PlanFact"): null

25-11-2024T07:48:00 - [TEST_STEP][PASSED] - n = data.getRowNumbers() + 1: null

25-11-2024T07:48:00 - [TEST_STEP][PASSED] - year = todaysDate.substring(todaysDate.length() - 4, todaysDate.length()): null

25-11-2024T07:48:00 - [TEST_STEP][PASSED] - y = year.toInteger(): null

25-11-2024T07:48:00 - [TEST_STEP][PASSED] - m = getText(findTestObject("Выполнение бизнес-плана/Период")): Text of object 'Object Repository/Выполнение бизнес-плана/Период' is: '1, 2, 3 кв. 2024 года'

25-11-2024T07:48:00 - [MESSAGE][PASSED] - Text of object 'Object Repository/Выполнение бизнес-плана/Период' is: '1, 2, 3 кв. 2024 года'

25-11-2024T07:48:00 - [TEST_STEP][PASSED] - m = m.substring(0, m.indexOf("2024")): null

25-11-2024T07:48:00 - [TEST_STEP][PASSED] - m = m.trim(): null

25-11-2024T07:48:00 - [TEST_STEP][PASSED] - dashboardName = "Выполнение бизнес-плана": null

25-11-2024T07:48:00 - [TEST_STEP][PASSED] - workbook01 = getWorkbook(excelFilePath): null

25-11-2024T07:48:00 - [TEST_STEP][PASSED] - sheet01 = getExcelSheet(workbook01, sheetName): null

25-11-2024T07:48:00 - [TEST_STEP][PASSED] - setValueToCellByIndex(sheet01, n, 0, dashboardName): null

25-11-2024T07:48:00 - [TEST_STEP][PASSED] - setValueToCellByIndex(sheet01, n, 1, dZO): null

25-11-2024T07:48:00 - [TEST_STEP][PASSED] - setValueToCellByIndex(sheet01, n, 2, typeOfData): null

25-11-2024T07:48:00 - [TEST_STEP][PASSED] - if (typeOfData == "Факт в процентах" || typeOfData == "План в процентах"): null

25-11-2024T07:48:00 - [TEST_STEP][PASSED] - else: null

25-11-2024T07:48:00 - [TEST_STEP][PASSED] - setValueToCellByIndex(sheet01, n, 3, fileInt): null

25-11-2024T07:48:00 - [TEST_STEP][PASSED] - setValueToCellByIndex(sheet01, n, 4, "нет данных"): null

25-11-2024T07:48:00 - [TEST_STEP][PASSED] - setValueToCellByIndex(sheet01, n, 5, m): null

25-11-2024T07:48:00 - [TEST_STEP][PASSED] - setValueToCellByIndex(sheet01, n, 6, y): null

25-11-2024T07:48:00 - [TEST_STEP][PASSED] - setValueToCellByIndex(sheet01, n, 7, todaysDate): null

25-11-2024T07:48:00 - [TEST_STEP][PASSED] - n = n + 1: null

25-11-2024T07:48:00 - [TEST_STEP][PASSED] - saveWorkbook(excelFilePath, workbook01): null

25-11-2024T07:48:00 - [TEST_STEP][PASSED] - typeOfData = "План Отпуск в сеть": null

25-11-2024T07:48:00 - [TEST_STEP][PASSED] - fileInt = replaceAll("\s+", "").toInteger(): null

25-11-2024T07:48:00 - [TEST_STEP][PASSED] - Script1718980020443.WriteToExcelNoData(a, typeOfData, todaysDate, fileInt, fileDouble, dZO): null

25-11-2024T07:48:00 - [TEST_STEP][PASSED] - sheetName = "Sheet1": null

25-11-2024T07:48:00 - [TEST_STEP][PASSED] - data = findTestData("PlanFact"): null

25-11-2024T07:48:00 - [TEST_STEP][PASSED] - n = data.getRowNumbers() + 1: null

25-11-2024T07:48:00 - [TEST_STEP][PASSED] - year = todaysDate.substring(todaysDate.length() - 4, todaysDate.length()): null

25-11-2024T07:48:00 - [TEST_STEP][PASSED] - y = year.toInteger(): null

25-11-2024T07:48:00 - [TEST_STEP][PASSED] - m = getText(findTestObject("Выполнение бизнес-плана/Период")): Text of object 'Object Repository/Выполнение бизнес-плана/Период' is: '1, 2, 3 кв. 2024 года'

25-11-2024T07:48:01 - [MESSAGE][PASSED] - Text of object 'Object Repository/Выполнение бизнес-плана/Период' is: '1, 2, 3 кв. 2024 года'

25-11-2024T07:48:01 - [TEST_STEP][PASSED] - m = m.substring(0, m.indexOf("2024")): null

25-11-2024T07:48:01 - [TEST_STEP][PASSED] - m = m.trim(): null

25-11-2024T07:48:01 - [TEST_STEP][PASSED] - dashboardName = "Выполнение бизнес-плана": null

25-11-2024T07:48:01 - [TEST_STEP][PASSED] - workbook01 = getWorkbook(excelFilePath): null

25-11-2024T07:48:01 - [TEST_STEP][PASSED] - sheet01 = getExcelSheet(workbook01, sheetName): null

25-11-2024T07:48:01 - [TEST_STEP][PASSED] - setValueToCellByIndex(sheet01, n, 0, dashboardName): null

25-11-2024T07:48:01 - [TEST_STEP][PASSED] - setValueToCellByIndex(sheet01, n, 1, dZO): null

25-11-2024T07:48:01 - [TEST_STEP][PASSED] - setValueToCellByIndex(sheet01, n, 2, typeOfData): null

25-11-2024T07:48:01 - [TEST_STEP][PASSED] - if (typeOfData == "Факт в процентах" || typeOfData == "План в процентах"): null

25-11-2024T07:48:01 - [TEST_STEP][PASSED] - else: null

25-11-2024T07:48:01 - [TEST_STEP][PASSED] - setValueToCellByIndex(sheet01, n, 3, fileInt): null

25-11-2024T07:48:01 - [TEST_STEP][PASSED] - setValueToCellByIndex(sheet01, n, 4, "нет данных"): null

25-11-2024T07:48:01 - [TEST_STEP][PASSED] - setValueToCellByIndex(sheet01, n, 5, m): null

25-11-2024T07:48:01 - [TEST_STEP][PASSED] - setValueToCellByIndex(sheet01, n, 6, y): null

25-11-2024T07:48:01 - [TEST_STEP][PASSED] - setValueToCellByIndex(sheet01, n, 7, todaysDate): null

25-11-2024T07:48:01 - [TEST_STEP][PASSED] - n = n + 1: null

25-11-2024T07:48:01 - [TEST_STEP][PASSED] - saveWorkbook(excelFilePath, workbook01): null

25-11-2024T07:48:01 - [TEST_STEP][PASSED] - typeOfData = "План Потери": null

25-11-2024T07:48:01 - [TEST_STEP][PASSED] - fileInt = replaceAll("\s+", "").toInteger(): null

25-11-2024T07:48:01 - [TEST_STEP][PASSED] - Script1718980020443.WriteToExcelNoData(a, typeOfData, todaysDate, fileInt, fileDouble, dZO): null

25-11-2024T07:48:01 - [TEST_STEP][PASSED] - sheetName = "Sheet1": null

25-11-2024T07:48:01 - [TEST_STEP][PASSED] - data = findTestData("PlanFact"): null

25-11-2024T07:48:01 - [TEST_STEP][PASSED] - n = data.getRowNumbers() + 1: null

25-11-2024T07:48:01 - [TEST_STEP][PASSED] - year = todaysDate.substring(todaysDate.length() - 4, todaysDate.length()): null

25-11-2024T07:48:01 - [TEST_STEP][PASSED] - y = year.toInteger(): null

25-11-2024T07:48:01 - [TEST_STEP][PASSED] - m = getText(findTestObject("Выполнение бизнес-плана/Период")): Text of object 'Object Repository/Выполнение бизнес-плана/Период' is: '1, 2, 3 кв. 2024 года'

25-11-2024T07:48:01 - [MESSAGE][PASSED] - Text of object 'Object Repository/Выполнение бизнес-плана/Период' is: '1, 2, 3 кв. 2024 года'

25-11-2024T07:48:01 - [TEST_STEP][PASSED] - m = m.substring(0, m.indexOf("2024")): null

25-11-2024T07:48:01 - [TEST_STEP][PASSED] - m = m.trim(): null

25-11-2024T07:48:01 - [TEST_STEP][PASSED] - dashboardName = "Выполнение бизнес-плана": null

25-11-2024T07:48:01 - [TEST_STEP][PASSED] - workbook01 = getWorkbook(excelFilePath): null

25-11-2024T07:48:01 - [TEST_STEP][PASSED] - sheet01 = getExcelSheet(workbook01, sheetName): null

25-11-2024T07:48:01 - [TEST_STEP][PASSED] - setValueToCellByIndex(sheet01, n, 0, dashboardName): null

25-11-2024T07:48:01 - [TEST_STEP][PASSED] - setValueToCellByIndex(sheet01, n, 1, dZO): null

25-11-2024T07:48:01 - [TEST_STEP][PASSED] - setValueToCellByIndex(sheet01, n, 2, typeOfData): null

25-11-2024T07:48:01 - [TEST_STEP][PASSED] - if (typeOfData == "Факт в процентах" || typeOfData == "План в процентах"): null

25-11-2024T07:48:01 - [TEST_STEP][PASSED] - else: null

25-11-2024T07:48:01 - [TEST_STEP][PASSED] - setValueToCellByIndex(sheet01, n, 3, fileInt): null

25-11-2024T07:48:01 - [TEST_STEP][PASSED] - setValueToCellByIndex(sheet01, n, 4, "нет данных"): null

25-11-2024T07:48:01 - [TEST_STEP][PASSED] - setValueToCellByIndex(sheet01, n, 5, m): null

25-11-2024T07:48:01 - [TEST_STEP][PASSED] - setValueToCellByIndex(sheet01, n, 6, y): null

25-11-2024T07:48:01 - [TEST_STEP][PASSED] - setValueToCellByIndex(sheet01, n, 7, todaysDate): null

25-11-2024T07:48:01 - [TEST_STEP][PASSED] - n = n + 1: null

25-11-2024T07:48:01 - [TEST_STEP][PASSED] - saveWorkbook(excelFilePath, workbook01): null

25-11-2024T07:48:02 - [TEST_STEP][PASSED] - typeOfData = "План в процентах": null

25-11-2024T07:48:02 - [TEST_STEP][PASSED] - fileDouble = ").toDouble(): null

25-11-2024T07:48:02 - [TEST_STEP][PASSED] - Script1718980020443.WriteToExcelNoData(a, typeOfData, todaysDate, fileInt, fileDouble, dZO): null

25-11-2024T07:48:02 - [TEST_STEP][PASSED] - sheetName = "Sheet1": null

25-11-2024T07:48:02 - [TEST_STEP][PASSED] - data = findTestData("PlanFact"): null

25-11-2024T07:48:02 - [TEST_STEP][PASSED] - n = data.getRowNumbers() + 1: null

25-11-2024T07:48:02 - [TEST_STEP][PASSED] - year = todaysDate.substring(todaysDate.length() - 4, todaysDate.length()): null

25-11-2024T07:48:02 - [TEST_STEP][PASSED] - y = year.toInteger(): null

25-11-2024T07:48:02 - [TEST_STEP][PASSED] - m = getText(findTestObject("Выполнение бизнес-плана/Период")): Text of object 'Object Repository/Выполнение бизнес-плана/Период' is: '1, 2, 3 кв. 2024 года'

25-11-2024T07:48:02 - [MESSAGE][PASSED] - Text of object 'Object Repository/Выполнение бизнес-плана/Период' is: '1, 2, 3 кв. 2024 года'

25-11-2024T07:48:02 - [TEST_STEP][PASSED] - m = m.substring(0, m.indexOf("2024")): null

25-11-2024T07:48:02 - [TEST_STEP][PASSED] - m = m.trim(): null

25-11-2024T07:48:02 - [TEST_STEP][PASSED] - dashboardName = "Выполнение бизнес-плана": null

25-11-2024T07:48:02 - [TEST_STEP][PASSED] - workbook01 = getWorkbook(excelFilePath): null

25-11-2024T07:48:02 - [TEST_STEP][PASSED] - sheet01 = getExcelSheet(workbook01, sheetName): null

25-11-2024T07:48:02 - [TEST_STEP][PASSED] - setValueToCellByIndex(sheet01, n, 0, dashboardName): null

25-11-2024T07:48:02 - [TEST_STEP][PASSED] - setValueToCellByIndex(sheet01, n, 1, dZO): null

25-11-2024T07:48:02 - [TEST_STEP][PASSED] - setValueToCellByIndex(sheet01, n, 2, typeOfData): null

25-11-2024T07:48:02 - [TEST_STEP][PASSED] - if (typeOfData == "Факт в процентах" || typeOfData == "План в процентах"): null

25-11-2024T07:48:02 - [TEST_STEP][PASSED] - setValueToCellByIndex(sheet01, n, 3, fileDouble): null

25-11-2024T07:48:02 - [TEST_STEP][PASSED] - setValueToCellByIndex(sheet01, n, 4, "нет данных"): null

25-11-2024T07:48:02 - [TEST_STEP][PASSED] - setValueToCellByIndex(sheet01, n, 5, m): null

25-11-2024T07:48:02 - [TEST_STEP][PASSED] - setValueToCellByIndex(sheet01, n, 6, y): null

25-11-2024T07:48:02 - [TEST_STEP][PASSED] - setValueToCellByIndex(sheet01, n, 7, todaysDate): null

25-11-2024T07:48:02 - [TEST_STEP][PASSED] - n = n + 1: null

25-11-2024T07:48:02 - [TEST_STEP][PASSED] - saveWorkbook(excelFilePath, workbook01): null

25-11-2024T07:48:02 - [TEST_STEP][PASSED] - typeOfData = "Факт в процентах": null

25-11-2024T07:48:02 - [TEST_STEP][PASSED] - fileDouble = ").toDouble(): null

25-11-2024T07:48:02 - [TEST_STEP][PASSED] - Script1718980020443.WriteToExcelNoData(a, typeOfData, todaysDate, fileInt, fileDouble, dZO): null

25-11-2024T07:48:02 - [TEST_STEP][PASSED] - sheetName = "Sheet1": null

25-11-2024T07:48:02 - [TEST_STEP][PASSED] - data = findTestData("PlanFact"): null

25-11-2024T07:48:02 - [TEST_STEP][PASSED] - n = data.getRowNumbers() + 1: null

25-11-2024T07:48:02 - [TEST_STEP][PASSED] - year = todaysDate.substring(todaysDate.length() - 4, todaysDate.length()): null

25-11-2024T07:48:02 - [TEST_STEP][PASSED] - y = year.toInteger(): null

25-11-2024T07:48:02 - [TEST_STEP][PASSED] - m = getText(findTestObject("Выполнение бизнес-плана/Период")): Text of object 'Object Repository/Выполнение бизнес-плана/Период' is: '1, 2, 3 кв. 2024 года'

25-11-2024T07:48:03 - [MESSAGE][PASSED] - Text of object 'Object Repository/Выполнение бизнес-плана/Период' is: '1, 2, 3 кв. 2024 года'

25-11-2024T07:48:03 - [TEST_STEP][PASSED] - m = m.substring(0, m.indexOf("2024")): null

25-11-2024T07:48:03 - [TEST_STEP][PASSED] - m = m.trim(): null

25-11-2024T07:48:03 - [TEST_STEP][PASSED] - dashboardName = "Выполнение бизнес-плана": null

25-11-2024T07:48:03 - [TEST_STEP][PASSED] - workbook01 = getWorkbook(excelFilePath): null

25-11-2024T07:48:03 - [TEST_STEP][PASSED] - sheet01 = getExcelSheet(workbook01, sheetName): null

25-11-2024T07:48:03 - [TEST_STEP][PASSED] - setValueToCellByIndex(sheet01, n, 0, dashboardName): null

25-11-2024T07:48:03 - [TEST_STEP][PASSED] - setValueToCellByIndex(sheet01, n, 1, dZO): null

25-11-2024T07:48:03 - [TEST_STEP][PASSED] - setValueToCellByIndex(sheet01, n, 2, typeOfData): null

25-11-2024T07:48:03 - [TEST_STEP][PASSED] - if (typeOfData == "Факт в процентах" || typeOfData == "План в процентах"): null

25-11-2024T07:48:03 - [TEST_STEP][PASSED] - setValueToCellByIndex(sheet01, n, 3, fileDouble): null

25-11-2024T07:48:03 - [TEST_STEP][PASSED] - setValueToCellByIndex(sheet01, n, 4, "нет данных"): null

25-11-2024T07:48:03 - [TEST_STEP][PASSED] - setValueToCellByIndex(sheet01, n, 5, m): null

25-11-2024T07:48:03 - [TEST_STEP][PASSED] - setValueToCellByIndex(sheet01, n, 6, y): null

25-11-2024T07:48:03 - [TEST_STEP][PASSED] - setValueToCellByIndex(sheet01, n, 7, todaysDate): null

25-11-2024T07:48:03 - [TEST_STEP][PASSED] - n = n + 1: null

25-11-2024T07:48:03 - [TEST_STEP][PASSED] - saveWorkbook(excelFilePath, workbook01): null

25-11-2024T07:48:03 - [TEST_STEP][PASSED] - println(dzoNum): null

25-11-2024T07:48:03 - [TEST_STEP][PASSED] - dZO = "Россети Кубань": null

25-11-2024T07:48:03 - [TEST_STEP][PASSED] - a = 73: null

25-11-2024T07:48:03 - [TEST_STEP][PASSED] - if (x1.contains(dZO)): null

25-11-2024T07:48:03 - [TEST_STEP][PASSED] - else: null

25-11-2024T07:48:03 - [TEST_STEP][PASSED] - Script1718980020443.NoData(a, typeOfData, todaysDate, fileInt, fileDouble, dZO): null

25-11-2024T07:48:03 - [TEST_STEP][PASSED] - println(a): null

25-11-2024T07:48:03 - [TEST_STEP][PASSED] - println(todaysDate): null

25-11-2024T07:48:03 - [TEST_STEP][PASSED] - println(fileInt): null

25-11-2024T07:48:03 - [TEST_STEP][PASSED] - println(fileDouble): null

25-11-2024T07:48:03 - [TEST_STEP][PASSED] - println(dZO): null

25-11-2024T07:48:03 - [TEST_STEP][PASSED] - typeOfData = "Факт Отпуск в сеть": null

25-11-2024T07:48:03 - [TEST_STEP][PASSED] - fileInt = replaceAll("\s+", "").toInteger(): null

25-11-2024T07:48:03 - [TEST_STEP][PASSED] - Script1718980020443.WriteToExcelNoData(a, typeOfData, todaysDate, fileInt, fileDouble, dZO): null

25-11-2024T07:48:03 - [TEST_STEP][PASSED] - sheetName = "Sheet1": null

25-11-2024T07:48:03 - [TEST_STEP][PASSED] - data = findTestData("PlanFact"): null

25-11-2024T07:48:03 - [TEST_STEP][PASSED] - n = data.getRowNumbers() + 1: null

25-11-2024T07:48:03 - [TEST_STEP][PASSED] - year = todaysDate.substring(todaysDate.length() - 4, todaysDate.length()): null

25-11-2024T07:48:03 - [TEST_STEP][PASSED] - y = year.toInteger(): null

25-11-2024T07:48:03 - [TEST_STEP][PASSED] - m = getText(findTestObject("Выполнение бизнес-плана/Период")): Text of object 'Object Repository/Выполнение бизнес-плана/Период' is: '1, 2, 3 кв. 2024 года'

25-11-2024T07:48:03 - [MESSAGE][PASSED] - Text of object 'Object Repository/Выполнение бизнес-плана/Период' is: '1, 2, 3 кв. 2024 года'

25-11-2024T07:48:03 - [TEST_STEP][PASSED] - m = m.substring(0, m.indexOf("2024")): null

25-11-2024T07:48:03 - [TEST_STEP][PASSED] - m = m.trim(): null

25-11-2024T07:48:03 - [TEST_STEP][PASSED] - dashboardName = "Выполнение бизнес-плана": null

25-11-2024T07:48:03 - [TEST_STEP][PASSED] - workbook01 = getWorkbook(excelFilePath): null

25-11-2024T07:48:03 - [TEST_STEP][PASSED] - sheet01 = getExcelSheet(workbook01, sheetName): null

25-11-2024T07:48:03 - [TEST_STEP][PASSED] - setValueToCellByIndex(sheet01, n, 0, dashboardName): null

25-11-2024T07:48:03 - [TEST_STEP][PASSED] - setValueToCellByIndex(sheet01, n, 1, dZO): null

25-11-2024T07:48:03 - [TEST_STEP][PASSED] - setValueToCellByIndex(sheet01, n, 2, typeOfData): null

25-11-2024T07:48:03 - [TEST_STEP][PASSED] - if (typeOfData == "Факт в процентах" || typeOfData == "План в процентах"): null

25-11-2024T07:48:03 - [TEST_STEP][PASSED] - else: null

25-11-2024T07:48:03 - [TEST_STEP][PASSED] - setValueToCellByIndex(sheet01, n, 3, fileInt): null

25-11-2024T07:48:03 - [TEST_STEP][PASSED] - setValueToCellByIndex(sheet01, n, 4, "нет данных"): null

25-11-2024T07:48:03 - [TEST_STEP][PASSED] - setValueToCellByIndex(sheet01, n, 5, m): null

25-11-2024T07:48:03 - [TEST_STEP][PASSED] - setValueToCellByIndex(sheet01, n, 6, y): null

25-11-2024T07:48:03 - [TEST_STEP][PASSED] - setValueToCellByIndex(sheet01, n, 7, todaysDate): null

25-11-2024T07:48:03 - [TEST_STEP][PASSED] - n = n + 1: null

25-11-2024T07:48:03 - [TEST_STEP][PASSED] - saveWorkbook(excelFilePath, workbook01): null

25-11-2024T07:48:04 - [TEST_STEP][PASSED] - typeOfData = "Факт Потери": null

25-11-2024T07:48:04 - [TEST_STEP][PASSED] - fileInt = replaceAll("\s+", "").toInteger(): null

25-11-2024T07:48:04 - [TEST_STEP][PASSED] - Script1718980020443.WriteToExcelNoData(a, typeOfData, todaysDate, fileInt, fileDouble, dZO): null

25-11-2024T07:48:04 - [TEST_STEP][PASSED] - sheetName = "Sheet1": null

25-11-2024T07:48:04 - [TEST_STEP][PASSED] - data = findTestData("PlanFact"): null

25-11-2024T07:48:04 - [TEST_STEP][PASSED] - n = data.getRowNumbers() + 1: null

25-11-2024T07:48:04 - [TEST_STEP][PASSED] - year = todaysDate.substring(todaysDate.length() - 4, todaysDate.length()): null

25-11-2024T07:48:04 - [TEST_STEP][PASSED] - y = year.toInteger(): null

25-11-2024T07:48:04 - [TEST_STEP][PASSED] - m = getText(findTestObject("Выполнение бизнес-плана/Период")): Text of object 'Object Repository/Выполнение бизнес-плана/Период' is: '1, 2, 3 кв. 2024 года'

25-11-2024T07:48:04 - [MESSAGE][PASSED] - Text of object 'Object Repository/Выполнение бизнес-плана/Период' is: '1, 2, 3 кв. 2024 года'

25-11-2024T07:48:04 - [TEST_STEP][PASSED] - m = m.substring(0, m.indexOf("2024")): null

25-11-2024T07:48:04 - [TEST_STEP][PASSED] - m = m.trim(): null

25-11-2024T07:48:04 - [TEST_STEP][PASSED] - dashboardName = "Выполнение бизнес-плана": null

25-11-2024T07:48:04 - [TEST_STEP][PASSED] - workbook01 = getWorkbook(excelFilePath): null

25-11-2024T07:48:04 - [TEST_STEP][PASSED] - sheet01 = getExcelSheet(workbook01, sheetName): null

25-11-2024T07:48:04 - [TEST_STEP][PASSED] - setValueToCellByIndex(sheet01, n, 0, dashboardName): null

25-11-2024T07:48:04 - [TEST_STEP][PASSED] - setValueToCellByIndex(sheet01, n, 1, dZO): null

25-11-2024T07:48:04 - [TEST_STEP][PASSED] - setValueToCellByIndex(sheet01, n, 2, typeOfData): null

25-11-2024T07:48:04 - [TEST_STEP][PASSED] - if (typeOfData == "Факт в процентах" || typeOfData == "План в процентах"): null

25-11-2024T07:48:04 - [TEST_STEP][PASSED] - else: null

25-11-2024T07:48:04 - [TEST_STEP][PASSED] - setValueToCellByIndex(sheet01, n, 3, fileInt): null

25-11-2024T07:48:04 - [TEST_STEP][PASSED] - setValueToCellByIndex(sheet01, n, 4, "нет данных"): null

25-11-2024T07:48:04 - [TEST_STEP][PASSED] - setValueToCellByIndex(sheet01, n, 5, m): null

25-11-2024T07:48:04 - [TEST_STEP][PASSED] - setValueToCellByIndex(sheet01, n, 6, y): null

25-11-2024T07:48:04 - [TEST_STEP][PASSED] - setValueToCellByIndex(sheet01, n, 7, todaysDate): null

25-11-2024T07:48:04 - [TEST_STEP][PASSED] - n = n + 1: null

25-11-2024T07:48:04 - [TEST_STEP][PASSED] - saveWorkbook(excelFilePath, workbook01): null

25-11-2024T07:48:04 - [TEST_STEP][PASSED] - typeOfData = "План Отпуск в сеть": null

25-11-2024T07:48:04 - [TEST_STEP][PASSED] - fileInt = replaceAll("\s+", "").toInteger(): null

25-11-2024T07:48:04 - [TEST_STEP][PASSED] - Script1718980020443.WriteToExcelNoData(a, typeOfData, todaysDate, fileInt, fileDouble, dZO): null

25-11-2024T07:48:04 - [TEST_STEP][PASSED] - sheetName = "Sheet1": null

25-11-2024T07:48:04 - [TEST_STEP][PASSED] - data = findTestData("PlanFact"): null

25-11-2024T07:48:04 - [TEST_STEP][PASSED] - n = data.getRowNumbers() + 1: null

25-11-2024T07:48:04 - [TEST_STEP][PASSED] - year = todaysDate.substring(todaysDate.length() - 4, todaysDate.length()): null

25-11-2024T07:48:04 - [TEST_STEP][PASSED] - y = year.toInteger(): null

25-11-2024T07:48:04 - [TEST_STEP][PASSED] - m = getText(findTestObject("Выполнение бизнес-плана/Период")): Text of object 'Object Repository/Выполнение бизнес-плана/Период' is: '1, 2, 3 кв. 2024 года'

25-11-2024T07:48:05 - [MESSAGE][PASSED] - Text of object 'Object Repository/Выполнение бизнес-плана/Период' is: '1, 2, 3 кв. 2024 года'

25-11-2024T07:48:05 - [TEST_STEP][PASSED] - m = m.substring(0, m.indexOf("2024")): null

25-11-2024T07:48:05 - [TEST_STEP][PASSED] - m = m.trim(): null

25-11-2024T07:48:05 - [TEST_STEP][PASSED] - dashboardName = "Выполнение бизнес-плана": null

25-11-2024T07:48:05 - [TEST_STEP][PASSED] - workbook01 = getWorkbook(excelFilePath): null

25-11-2024T07:48:05 - [TEST_STEP][PASSED] - sheet01 = getExcelSheet(workbook01, sheetName): null

25-11-2024T07:48:05 - [TEST_STEP][PASSED] - setValueToCellByIndex(sheet01, n, 0, dashboardName): null

25-11-2024T07:48:05 - [TEST_STEP][PASSED] - setValueToCellByIndex(sheet01, n, 1, dZO): null

25-11-2024T07:48:05 - [TEST_STEP][PASSED] - setValueToCellByIndex(sheet01, n, 2, typeOfData): null

25-11-2024T07:48:05 - [TEST_STEP][PASSED] - if (typeOfData == "Факт в процентах" || typeOfData == "План в процентах"): null

25-11-2024T07:48:05 - [TEST_STEP][PASSED] - else: null

25-11-2024T07:48:05 - [TEST_STEP][PASSED] - setValueToCellByIndex(sheet01, n, 3, fileInt): null

25-11-2024T07:48:05 - [TEST_STEP][PASSED] - setValueToCellByIndex(sheet01, n, 4, "нет данных"): null

25-11-2024T07:48:05 - [TEST_STEP][PASSED] - setValueToCellByIndex(sheet01, n, 5, m): null

25-11-2024T07:48:05 - [TEST_STEP][PASSED] - setValueToCellByIndex(sheet01, n, 6, y): null

25-11-2024T07:48:05 - [TEST_STEP][PASSED] - setValueToCellByIndex(sheet01, n, 7, todaysDate): null

25-11-2024T07:48:05 - [TEST_STEP][PASSED] - n = n + 1: null

25-11-2024T07:48:05 - [TEST_STEP][PASSED] - saveWorkbook(excelFilePath, workbook01): null

25-11-2024T07:48:05 - [TEST_STEP][PASSED] - typeOfData = "План Потери": null

25-11-2024T07:48:05 - [TEST_STEP][PASSED] - fileInt = replaceAll("\s+", "").toInteger(): null

25-11-2024T07:48:05 - [TEST_STEP][PASSED] - Script1718980020443.WriteToExcelNoData(a, typeOfData, todaysDate, fileInt, fileDouble, dZO): null

25-11-2024T07:48:05 - [TEST_STEP][PASSED] - sheetName = "Sheet1": null

25-11-2024T07:48:05 - [TEST_STEP][PASSED] - data = findTestData("PlanFact"): null

25-11-2024T07:48:05 - [TEST_STEP][PASSED] - n = data.getRowNumbers() + 1: null

25-11-2024T07:48:05 - [TEST_STEP][PASSED] - year = todaysDate.substring(todaysDate.length() - 4, todaysDate.length()): null

25-11-2024T07:48:05 - [TEST_STEP][PASSED] - y = year.toInteger(): null

25-11-2024T07:48:05 - [TEST_STEP][PASSED] - m = getText(findTestObject("Выполнение бизнес-плана/Период")): Text of object 'Object Repository/Выполнение бизнес-плана/Период' is: '1, 2, 3 кв. 2024 года'

25-11-2024T07:48:05 - [MESSAGE][PASSED] - Text of object 'Object Repository/Выполнение бизнес-плана/Период' is: '1, 2, 3 кв. 2024 года'

25-11-2024T07:48:05 - [TEST_STEP][PASSED] - m = m.substring(0, m.indexOf("2024")): null

25-11-2024T07:48:05 - [TEST_STEP][PASSED] - m = m.trim(): null

25-11-2024T07:48:05 - [TEST_STEP][PASSED] - dashboardName = "Выполнение бизнес-плана": null

25-11-2024T07:48:05 - [TEST_STEP][PASSED] - workbook01 = getWorkbook(excelFilePath): null

25-11-2024T07:48:05 - [TEST_STEP][PASSED] - sheet01 = getExcelSheet(workbook01, sheetName): null

25-11-2024T07:48:05 - [TEST_STEP][PASSED] - setValueToCellByIndex(sheet01, n, 0, dashboardName): null

25-11-2024T07:48:05 - [TEST_STEP][PASSED] - setValueToCellByIndex(sheet01, n, 1, dZO): null

25-11-2024T07:48:05 - [TEST_STEP][PASSED] - setValueToCellByIndex(sheet01, n, 2, typeOfData): null

25-11-2024T07:48:05 - [TEST_STEP][PASSED] - if (typeOfData == "Факт в процентах" || typeOfData == "План в процентах"): null

25-11-2024T07:48:05 - [TEST_STEP][PASSED] - else: null

25-11-2024T07:48:05 - [TEST_STEP][PASSED] - setValueToCellByIndex(sheet01, n, 3, fileInt): null

25-11-2024T07:48:05 - [TEST_STEP][PASSED] - setValueToCellByIndex(sheet01, n, 4, "нет данных"): null

25-11-2024T07:48:05 - [TEST_STEP][PASSED] - setValueToCellByIndex(sheet01, n, 5, m): null

25-11-2024T07:48:05 - [TEST_STEP][PASSED] - setValueToCellByIndex(sheet01, n, 6, y): null

25-11-2024T07:48:05 - [TEST_STEP][PASSED] - setValueToCellByIndex(sheet01, n, 7, todaysDate): null

25-11-2024T07:48:05 - [TEST_STEP][PASSED] - n = n + 1: null

25-11-2024T07:48:05 - [TEST_STEP][PASSED] - saveWorkbook(excelFilePath, workbook01): null

25-11-2024T07:48:06 - [TEST_STEP][PASSED] - typeOfData = "План в процентах": null

25-11-2024T07:48:06 - [TEST_STEP][PASSED] - fileDouble = ").toDouble(): null

25-11-2024T07:48:06 - [TEST_STEP][PASSED] - Script1718980020443.WriteToExcelNoData(a, typeOfData, todaysDate, fileInt, fileDouble, dZO): null

25-11-2024T07:48:06 - [TEST_STEP][PASSED] - sheetName = "Sheet1": null

25-11-2024T07:48:06 - [TEST_STEP][PASSED] - data = findTestData("PlanFact"): null

25-11-2024T07:48:06 - [TEST_STEP][PASSED] - n = data.getRowNumbers() + 1: null

25-11-2024T07:48:06 - [TEST_STEP][PASSED] - year = todaysDate.substring(todaysDate.length() - 4, todaysDate.length()): null

25-11-2024T07:48:06 - [TEST_STEP][PASSED] - y = year.toInteger(): null

25-11-2024T07:48:06 - [TEST_STEP][PASSED] - m = getText(findTestObject("Выполнение бизнес-плана/Период")): Text of object 'Object Repository/Выполнение бизнес-плана/Период' is: '1, 2, 3 кв. 2024 года'

25-11-2024T07:48:06 - [MESSAGE][PASSED] - Text of object 'Object Repository/Выполнение бизнес-плана/Период' is: '1, 2, 3 кв. 2024 года'

25-11-2024T07:48:06 - [TEST_STEP][PASSED] - m = m.substring(0, m.indexOf("2024")): null

25-11-2024T07:48:06 - [TEST_STEP][PASSED] - m = m.trim(): null

25-11-2024T07:48:06 - [TEST_STEP][PASSED] - dashboardName = "Выполнение бизнес-плана": null

25-11-2024T07:48:06 - [TEST_STEP][PASSED] - workbook01 = getWorkbook(excelFilePath): null

25-11-2024T07:48:06 - [TEST_STEP][PASSED] - sheet01 = getExcelSheet(workbook01, sheetName): null

25-11-2024T07:48:06 - [TEST_STEP][PASSED] - setValueToCellByIndex(sheet01, n, 0, dashboardName): null

25-11-2024T07:48:06 - [TEST_STEP][PASSED] - setValueToCellByIndex(sheet01, n, 1, dZO): null

25-11-2024T07:48:06 - [TEST_STEP][PASSED] - setValueToCellByIndex(sheet01, n, 2, typeOfData): null

25-11-2024T07:48:06 - [TEST_STEP][PASSED] - if (typeOfData == "Факт в процентах" || typeOfData == "План в процентах"): null

25-11-2024T07:48:06 - [TEST_STEP][PASSED] - setValueToCellByIndex(sheet01, n, 3, fileDouble): null

25-11-2024T07:48:06 - [TEST_STEP][PASSED] - setValueToCellByIndex(sheet01, n, 4, "нет данных"): null

25-11-2024T07:48:06 - [TEST_STEP][PASSED] - setValueToCellByIndex(sheet01, n, 5, m): null

25-11-2024T07:48:06 - [TEST_STEP][PASSED] - setValueToCellByIndex(sheet01, n, 6, y): null

25-11-2024T07:48:06 - [TEST_STEP][PASSED] - setValueToCellByIndex(sheet01, n, 7, todaysDate): null

25-11-2024T07:48:06 - [TEST_STEP][PASSED] - n = n + 1: null

25-11-2024T07:48:06 - [TEST_STEP][PASSED] - saveWorkbook(excelFilePath, workbook01): null

25-11-2024T07:48:06 - [TEST_STEP][PASSED] - typeOfData = "Факт в процентах": null

25-11-2024T07:48:06 - [TEST_STEP][PASSED] - fileDouble = ").toDouble(): null

25-11-2024T07:48:06 - [TEST_STEP][PASSED] - Script1718980020443.WriteToExcelNoData(a, typeOfData, todaysDate, fileInt, fileDouble, dZO): null

25-11-2024T07:48:06 - [TEST_STEP][PASSED] - sheetName = "Sheet1": null

25-11-2024T07:48:06 - [TEST_STEP][PASSED] - data = findTestData("PlanFact"): null

25-11-2024T07:48:07 - [TEST_STEP][PASSED] - n = data.getRowNumbers() + 1: null

25-11-2024T07:48:07 - [TEST_STEP][PASSED] - year = todaysDate.substring(todaysDate.length() - 4, todaysDate.length()): null

25-11-2024T07:48:07 - [TEST_STEP][PASSED] - y = year.toInteger(): null

25-11-2024T07:48:07 - [TEST_STEP][PASSED] - m = getText(findTestObject("Выполнение бизнес-плана/Период")): Text of object 'Object Repository/Выполнение бизнес-плана/Период' is: '1, 2, 3 кв. 2024 года'

25-11-2024T07:48:07 - [MESSAGE][PASSED] - Text of object 'Object Repository/Выполнение бизнес-плана/Период' is: '1, 2, 3 кв. 2024 года'

25-11-2024T07:48:07 - [TEST_STEP][PASSED] - m = m.substring(0, m.indexOf("2024")): null

25-11-2024T07:48:07 - [TEST_STEP][PASSED] - m = m.trim(): null

25-11-2024T07:48:07 - [TEST_STEP][PASSED] - dashboardName = "Выполнение бизнес-плана": null

25-11-2024T07:48:07 - [TEST_STEP][PASSED] - workbook01 = getWorkbook(excelFilePath): null

25-11-2024T07:48:07 - [TEST_STEP][PASSED] - sheet01 = getExcelSheet(workbook01, sheetName): null

25-11-2024T07:48:07 - [TEST_STEP][PASSED] - setValueToCellByIndex(sheet01, n, 0, dashboardName): null

25-11-2024T07:48:07 - [TEST_STEP][PASSED] - setValueToCellByIndex(sheet01, n, 1, dZO): null

25-11-2024T07:48:07 - [TEST_STEP][PASSED] - setValueToCellByIndex(sheet01, n, 2, typeOfData): null

25-11-2024T07:48:07 - [TEST_STEP][PASSED] - if (typeOfData == "Факт в процентах" || typeOfData == "План в процентах"): null

25-11-2024T07:48:07 - [TEST_STEP][PASSED] - setValueToCellByIndex(sheet01, n, 3, fileDouble): null

25-11-2024T07:48:07 - [TEST_STEP][PASSED] - setValueToCellByIndex(sheet01, n, 4, "нет данных"): null

25-11-2024T07:48:07 - [TEST_STEP][PASSED] - setValueToCellByIndex(sheet01, n, 5, m): null

25-11-2024T07:48:07 - [TEST_STEP][PASSED] - setValueToCellByIndex(sheet01, n, 6, y): null

25-11-2024T07:48:07 - [TEST_STEP][PASSED] - setValueToCellByIndex(sheet01, n, 7, todaysDate): null

25-11-2024T07:48:07 - [TEST_STEP][PASSED] - n = n + 1: null

25-11-2024T07:48:07 - [TEST_STEP][PASSED] - saveWorkbook(excelFilePath, workbook01): null

25-11-2024T07:48:07 - [TEST_STEP][PASSED] - println(dzoNum): null

25-11-2024T07:48:07 - [TEST_STEP][PASSED] - dZO = "Россети Ленэнерго": null

25-11-2024T07:48:07 - [TEST_STEP][PASSED] - a = 77: null

25-11-2024T07:48:07 - [TEST_STEP][PASSED] - if (x1.contains(dZO)): null

25-11-2024T07:48:07 - [TEST_STEP][PASSED] - else: null

25-11-2024T07:48:07 - [TEST_STEP][PASSED] - Script1718980020443.NoData(a, typeOfData, todaysDate, fileInt, fileDouble, dZO): null

25-11-2024T07:48:07 - [TEST_STEP][PASSED] - println(a): null

25-11-2024T07:48:07 - [TEST_STEP][PASSED] - println(todaysDate): null

25-11-2024T07:48:07 - [TEST_STEP][PASSED] - println(fileInt): null

25-11-2024T07:48:07 - [TEST_STEP][PASSED] - println(fileDouble): null

25-11-2024T07:48:07 - [TEST_STEP][PASSED] - println(dZO): null

25-11-2024T07:48:07 - [TEST_STEP][PASSED] - typeOfData = "Факт Отпуск в сеть": null

25-11-2024T07:48:07 - [TEST_STEP][PASSED] - fileInt = replaceAll("\s+", "").toInteger(): null

25-11-2024T07:48:07 - [TEST_STEP][PASSED] - Script1718980020443.WriteToExcelNoData(a, typeOfData, todaysDate, fileInt, fileDouble, dZO): null

25-11-2024T07:48:07 - [TEST_STEP][PASSED] - sheetName = "Sheet1": null

25-11-2024T07:48:07 - [TEST_STEP][PASSED] - data = findTestData("PlanFact"): null

25-11-2024T07:48:07 - [TEST_STEP][PASSED] - n = data.getRowNumbers() + 1: null

25-11-2024T07:48:07 - [TEST_STEP][PASSED] - year = todaysDate.substring(todaysDate.length() - 4, todaysDate.length()): null

25-11-2024T07:48:07 - [TEST_STEP][PASSED] - y = year.toInteger(): null

25-11-2024T07:48:07 - [TEST_STEP][PASSED] - m = getText(findTestObject("Выполнение бизнес-плана/Период")): Text of object 'Object Repository/Выполнение бизнес-плана/Период' is: '1, 2, 3 кв. 2024 года'

25-11-2024T07:48:07 - [MESSAGE][PASSED] - Text of object 'Object Repository/Выполнение бизнес-плана/Период' is: '1, 2, 3 кв. 2024 года'

25-11-2024T07:48:08 - [TEST_STEP][PASSED] - m = m.substring(0, m.indexOf("2024")): null

25-11-2024T07:48:08 - [TEST_STEP][PASSED] - m = m.trim(): null

25-11-2024T07:48:08 - [TEST_STEP][PASSED] - dashboardName = "Выполнение бизнес-плана": null

25-11-2024T07:48:08 - [TEST_STEP][PASSED] - workbook01 = getWorkbook(excelFilePath): null

25-11-2024T07:48:08 - [TEST_STEP][PASSED] - sheet01 = getExcelSheet(workbook01, sheetName): null

25-11-2024T07:48:08 - [TEST_STEP][PASSED] - setValueToCellByIndex(sheet01, n, 0, dashboardName): null

25-11-2024T07:48:08 - [TEST_STEP][PASSED] - setValueToCellByIndex(sheet01, n, 1, dZO): null

25-11-2024T07:48:08 - [TEST_STEP][PASSED] - setValueToCellByIndex(sheet01, n, 2, typeOfData): null

25-11-2024T07:48:08 - [TEST_STEP][PASSED] - if (typeOfData == "Факт в процентах" || typeOfData == "План в процентах"): null

25-11-2024T07:48:08 - [TEST_STEP][PASSED] - else: null

25-11-2024T07:48:08 - [TEST_STEP][PASSED] - setValueToCellByIndex(sheet01, n, 3, fileInt): null

25-11-2024T07:48:08 - [TEST_STEP][PASSED] - setValueToCellByIndex(sheet01, n, 4, "нет данных"): null

25-11-2024T07:48:08 - [TEST_STEP][PASSED] - setValueToCellByIndex(sheet01, n, 5, m): null

25-11-2024T07:48:08 - [TEST_STEP][PASSED] - setValueToCellByIndex(sheet01, n, 6, y): null

25-11-2024T07:48:08 - [TEST_STEP][PASSED] - setValueToCellByIndex(sheet01, n, 7, todaysDate): null

25-11-2024T07:48:08 - [TEST_STEP][PASSED] - n = n + 1: null

25-11-2024T07:48:08 - [TEST_STEP][PASSED] - saveWorkbook(excelFilePath, workbook01): null

25-11-2024T07:48:08 - [TEST_STEP][PASSED] - typeOfData = "Факт Потери": null

25-11-2024T07:48:08 - [TEST_STEP][PASSED] - fileInt = replaceAll("\s+", "").toInteger(): null

25-11-2024T07:48:08 - [TEST_STEP][PASSED] - Script1718980020443.WriteToExcelNoData(a, typeOfData, todaysDate, fileInt, fileDouble, dZO): null

25-11-2024T07:48:08 - [TEST_STEP][PASSED] - sheetName = "Sheet1": null

25-11-2024T07:48:08 - [TEST_STEP][PASSED] - data = findTestData("PlanFact"): null

25-11-2024T07:48:08 - [TEST_STEP][PASSED] - n = data.getRowNumbers() + 1: null

25-11-2024T07:48:08 - [TEST_STEP][PASSED] - year = todaysDate.substring(todaysDate.length() - 4, todaysDate.length()): null

25-11-2024T07:48:08 - [TEST_STEP][PASSED] - y = year.toInteger(): null

25-11-2024T07:48:08 - [TEST_STEP][PASSED] - m = getText(findTestObject("Выполнение бизнес-плана/Период")): Text of object 'Object Repository/Выполнение бизнес-плана/Период' is: '1, 2, 3 кв. 2024 года'

25-11-2024T07:48:08 - [MESSAGE][PASSED] - Text of object 'Object Repository/Выполнение бизнес-плана/Период' is: '1, 2, 3 кв. 2024 года'

25-11-2024T07:48:08 - [TEST_STEP][PASSED] - m = m.substring(0, m.indexOf("2024")): null

25-11-2024T07:48:08 - [TEST_STEP][PASSED] - m = m.trim(): null

25-11-2024T07:48:08 - [TEST_STEP][PASSED] - dashboardName = "Выполнение бизнес-плана": null

25-11-2024T07:48:08 - [TEST_STEP][PASSED] - workbook01 = getWorkbook(excelFilePath): null

25-11-2024T07:48:08 - [TEST_STEP][PASSED] - sheet01 = getExcelSheet(workbook01, sheetName): null

25-11-2024T07:48:08 - [TEST_STEP][PASSED] - setValueToCellByIndex(sheet01, n, 0, dashboardName): null

25-11-2024T07:48:08 - [TEST_STEP][PASSED] - setValueToCellByIndex(sheet01, n, 1, dZO): null

25-11-2024T07:48:08 - [TEST_STEP][PASSED] - setValueToCellByIndex(sheet01, n, 2, typeOfData): null

25-11-2024T07:48:08 - [TEST_STEP][PASSED] - if (typeOfData == "Факт в процентах" || typeOfData == "План в процентах"): null

25-11-2024T07:48:08 - [TEST_STEP][PASSED] - else: null

25-11-2024T07:48:08 - [TEST_STEP][PASSED] - setValueToCellByIndex(sheet01, n, 3, fileInt): null

25-11-2024T07:48:08 - [TEST_STEP][PASSED] - setValueToCellByIndex(sheet01, n, 4, "нет данных"): null

25-11-2024T07:48:08 - [TEST_STEP][PASSED] - setValueToCellByIndex(sheet01, n, 5, m): null

25-11-2024T07:48:08 - [TEST_STEP][PASSED] - setValueToCellByIndex(sheet01, n, 6, y): null

25-11-2024T07:48:08 - [TEST_STEP][PASSED] - setValueToCellByIndex(sheet01, n, 7, todaysDate): null

25-11-2024T07:48:08 - [TEST_STEP][PASSED] - n = n + 1: null

25-11-2024T07:48:08 - [TEST_STEP][PASSED] - saveWorkbook(excelFilePath, workbook01): null

25-11-2024T07:48:08 - [TEST_STEP][PASSED] - typeOfData = "План Отпуск в сеть": null

25-11-2024T07:48:08 - [TEST_STEP][PASSED] - fileInt = replaceAll("\s+", "").toInteger(): null

25-11-2024T07:48:09 - [TEST_STEP][PASSED] - Script1718980020443.WriteToExcelNoData(a, typeOfData, todaysDate, fileInt, fileDouble, dZO): null

25-11-2024T07:48:09 - [TEST_STEP][PASSED] - sheetName = "Sheet1": null

25-11-2024T07:48:09 - [TEST_STEP][PASSED] - data = findTestData("PlanFact"): null

25-11-2024T07:48:09 - [TEST_STEP][PASSED] - n = data.getRowNumbers() + 1: null

25-11-2024T07:48:09 - [TEST_STEP][PASSED] - year = todaysDate.substring(todaysDate.length() - 4, todaysDate.length()): null

25-11-2024T07:48:09 - [TEST_STEP][PASSED] - y = year.toInteger(): null

25-11-2024T07:48:09 - [TEST_STEP][PASSED] - m = getText(findTestObject("Выполнение бизнес-плана/Период")): Text of object 'Object Repository/Выполнение бизнес-плана/Период' is: '1, 2, 3 кв. 2024 года'

25-11-2024T07:48:09 - [MESSAGE][PASSED] - Text of object 'Object Repository/Выполнение бизнес-плана/Период' is: '1, 2, 3 кв. 2024 года'

25-11-2024T07:48:09 - [TEST_STEP][PASSED] - m = m.substring(0, m.indexOf("2024")): null

25-11-2024T07:48:09 - [TEST_STEP][PASSED] - m = m.trim(): null

25-11-2024T07:48:09 - [TEST_STEP][PASSED] - dashboardName = "Выполнение бизнес-плана": null

25-11-2024T07:48:09 - [TEST_STEP][PASSED] - workbook01 = getWorkbook(excelFilePath): null

25-11-2024T07:48:09 - [TEST_STEP][PASSED] - sheet01 = getExcelSheet(workbook01, sheetName): null

25-11-2024T07:48:09 - [TEST_STEP][PASSED] - setValueToCellByIndex(sheet01, n, 0, dashboardName): null

25-11-2024T07:48:09 - [TEST_STEP][PASSED] - setValueToCellByIndex(sheet01, n, 1, dZO): null

25-11-2024T07:48:09 - [TEST_STEP][PASSED] - setValueToCellByIndex(sheet01, n, 2, typeOfData): null

25-11-2024T07:48:09 - [TEST_STEP][PASSED] - if (typeOfData == "Факт в процентах" || typeOfData == "План в процентах"): null

25-11-2024T07:48:09 - [TEST_STEP][PASSED] - else: null

25-11-2024T07:48:09 - [TEST_STEP][PASSED] - setValueToCellByIndex(sheet01, n, 3, fileInt): null

25-11-2024T07:48:09 - [TEST_STEP][PASSED] - setValueToCellByIndex(sheet01, n, 4, "нет данных"): null

25-11-2024T07:48:09 - [TEST_STEP][PASSED] - setValueToCellByIndex(sheet01, n, 5, m): null

25-11-2024T07:48:09 - [TEST_STEP][PASSED] - setValueToCellByIndex(sheet01, n, 6, y): null

25-11-2024T07:48:09 - [TEST_STEP][PASSED] - setValueToCellByIndex(sheet01, n, 7, todaysDate): null

25-11-2024T07:48:09 - [TEST_STEP][PASSED] - n = n + 1: null

25-11-2024T07:48:09 - [TEST_STEP][PASSED] - saveWorkbook(excelFilePath, workbook01): null

25-11-2024T07:48:09 - [TEST_STEP][PASSED] - typeOfData = "План Потери": null

25-11-2024T07:48:09 - [TEST_STEP][PASSED] - fileInt = replaceAll("\s+", "").toInteger(): null

25-11-2024T07:48:09 - [TEST_STEP][PASSED] - Script1718980020443.WriteToExcelNoData(a, typeOfData, todaysDate, fileInt, fileDouble, dZO): null

25-11-2024T07:48:09 - [TEST_STEP][PASSED] - sheetName = "Sheet1": null

25-11-2024T07:48:09 - [TEST_STEP][PASSED] - data = findTestData("PlanFact"): null

25-11-2024T07:48:09 - [TEST_STEP][PASSED] - n = data.getRowNumbers() + 1: null

25-11-2024T07:48:09 - [TEST_STEP][PASSED] - year = todaysDate.substring(todaysDate.length() - 4, todaysDate.length()): null

25-11-2024T07:48:09 - [TEST_STEP][PASSED] - y = year.toInteger(): null

25-11-2024T07:48:09 - [TEST_STEP][PASSED] - m = getText(findTestObject("Выполнение бизнес-плана/Период")): Text of object 'Object Repository/Выполнение бизнес-плана/Период' is: '1, 2, 3 кв. 2024 года'

25-11-2024T07:48:10 - [MESSAGE][PASSED] - Text of object 'Object Repository/Выполнение бизнес-плана/Период' is: '1, 2, 3 кв. 2024 года'

25-11-2024T07:48:10 - [TEST_STEP][PASSED] - m = m.substring(0, m.indexOf("2024")): null

25-11-2024T07:48:10 - [TEST_STEP][PASSED] - m = m.trim(): null

25-11-2024T07:48:10 - [TEST_STEP][PASSED] - dashboardName = "Выполнение бизнес-плана": null

25-11-2024T07:48:10 - [TEST_STEP][PASSED] - workbook01 = getWorkbook(excelFilePath): null

25-11-2024T07:48:10 - [TEST_STEP][PASSED] - sheet01 = getExcelSheet(workbook01, sheetName): null

25-11-2024T07:48:10 - [TEST_STEP][PASSED] - setValueToCellByIndex(sheet01, n, 0, dashboardName): null

25-11-2024T07:48:10 - [TEST_STEP][PASSED] - setValueToCellByIndex(sheet01, n, 1, dZO): null

25-11-2024T07:48:10 - [TEST_STEP][PASSED] - setValueToCellByIndex(sheet01, n, 2, typeOfData): null

25-11-2024T07:48:10 - [TEST_STEP][PASSED] - if (typeOfData == "Факт в процентах" || typeOfData == "План в процентах"): null

25-11-2024T07:48:10 - [TEST_STEP][PASSED] - else: null

25-11-2024T07:48:10 - [TEST_STEP][PASSED] - setValueToCellByIndex(sheet01, n, 3, fileInt): null

25-11-2024T07:48:10 - [TEST_STEP][PASSED] - setValueToCellByIndex(sheet01, n, 4, "нет данных"): null

25-11-2024T07:48:10 - [TEST_STEP][PASSED] - setValueToCellByIndex(sheet01, n, 5, m): null

25-11-2024T07:48:10 - [TEST_STEP][PASSED] - setValueToCellByIndex(sheet01, n, 6, y): null

25-11-2024T07:48:10 - [TEST_STEP][PASSED] - setValueToCellByIndex(sheet01, n, 7, todaysDate): null

25-11-2024T07:48:10 - [TEST_STEP][PASSED] - n = n + 1: null

25-11-2024T07:48:10 - [TEST_STEP][PASSED] - saveWorkbook(excelFilePath, workbook01): null

25-11-2024T07:48:10 - [TEST_STEP][PASSED] - typeOfData = "План в процентах": null

25-11-2024T07:48:10 - [TEST_STEP][PASSED] - fileDouble = ").toDouble(): null

25-11-2024T07:48:10 - [TEST_STEP][PASSED] - Script1718980020443.WriteToExcelNoData(a, typeOfData, todaysDate, fileInt, fileDouble, dZO): null

25-11-2024T07:48:10 - [TEST_STEP][PASSED] - sheetName = "Sheet1": null

25-11-2024T07:48:10 - [TEST_STEP][PASSED] - data = findTestData("PlanFact"): null

25-11-2024T07:48:10 - [TEST_STEP][PASSED] - n = data.getRowNumbers() + 1: null

25-11-2024T07:48:10 - [TEST_STEP][PASSED] - year = todaysDate.substring(todaysDate.length() - 4, todaysDate.length()): null

25-11-2024T07:48:10 - [TEST_STEP][PASSED] - y = year.toInteger(): null

25-11-2024T07:48:10 - [TEST_STEP][PASSED] - m = getText(findTestObject("Выполнение бизнес-плана/Период")): Text of object 'Object Repository/Выполнение бизнес-плана/Период' is: '1, 2, 3 кв. 2024 года'

25-11-2024T07:48:10 - [MESSAGE][PASSED] - Text of object 'Object Repository/Выполнение бизнес-плана/Период' is: '1, 2, 3 кв. 2024 года'

25-11-2024T07:48:10 - [TEST_STEP][PASSED] - m = m.substring(0, m.indexOf("2024")): null

25-11-2024T07:48:10 - [TEST_STEP][PASSED] - m = m.trim(): null

25-11-2024T07:48:10 - [TEST_STEP][PASSED] - dashboardName = "Выполнение бизнес-плана": null

25-11-2024T07:48:10 - [TEST_STEP][PASSED] - workbook01 = getWorkbook(excelFilePath): null

25-11-2024T07:48:10 - [TEST_STEP][PASSED] - sheet01 = getExcelSheet(workbook01, sheetName): null

25-11-2024T07:48:10 - [TEST_STEP][PASSED] - setValueToCellByIndex(sheet01, n, 0, dashboardName): null

25-11-2024T07:48:10 - [TEST_STEP][PASSED] - setValueToCellByIndex(sheet01, n, 1, dZO): null

25-11-2024T07:48:10 - [TEST_STEP][PASSED] - setValueToCellByIndex(sheet01, n, 2, typeOfData): null

25-11-2024T07:48:10 - [TEST_STEP][PASSED] - if (typeOfData == "Факт в процентах" || typeOfData == "План в процентах"): null

25-11-2024T07:48:10 - [TEST_STEP][PASSED] - setValueToCellByIndex(sheet01, n, 3, fileDouble): null

25-11-2024T07:48:10 - [TEST_STEP][PASSED] - setValueToCellByIndex(sheet01, n, 4, "нет данных"): null

25-11-2024T07:48:10 - [TEST_STEP][PASSED] - setValueToCellByIndex(sheet01, n, 5, m): null

25-11-2024T07:48:10 - [TEST_STEP][PASSED] - setValueToCellByIndex(sheet01, n, 6, y): null

25-11-2024T07:48:10 - [TEST_STEP][PASSED] - setValueToCellByIndex(sheet01, n, 7, todaysDate): null

25-11-2024T07:48:10 - [TEST_STEP][PASSED] - n = n + 1: null

25-11-2024T07:48:10 - [TEST_STEP][PASSED] - saveWorkbook(excelFilePath, workbook01): null

25-11-2024T07:48:11 - [TEST_STEP][PASSED] - typeOfData = "Факт в процентах": null

25-11-2024T07:48:11 - [TEST_STEP][PASSED] - fileDouble = ").toDouble(): null

25-11-2024T07:48:11 - [TEST_STEP][PASSED] - Script1718980020443.WriteToExcelNoData(a, typeOfData, todaysDate, fileInt, fileDouble, dZO): null

25-11-2024T07:48:11 - [TEST_STEP][PASSED] - sheetName = "Sheet1": null

25-11-2024T07:48:11 - [TEST_STEP][PASSED] - data = findTestData("PlanFact"): null

25-11-2024T07:48:11 - [TEST_STEP][PASSED] - n = data.getRowNumbers() + 1: null

25-11-2024T07:48:11 - [TEST_STEP][PASSED] - year = todaysDate.substring(todaysDate.length() - 4, todaysDate.length()): null

25-11-2024T07:48:11 - [TEST_STEP][PASSED] - y = year.toInteger(): null

25-11-2024T07:48:11 - [TEST_STEP][PASSED] - m = getText(findTestObject("Выполнение бизнес-плана/Период")): Text of object 'Object Repository/Выполнение бизнес-плана/Период' is: '1, 2, 3 кв. 2024 года'

25-11-2024T07:48:11 - [MESSAGE][PASSED] - Text of object 'Object Repository/Выполнение бизнес-плана/Период' is: '1, 2, 3 кв. 2024 года'

25-11-2024T07:48:11 - [TEST_STEP][PASSED] - m = m.substring(0, m.indexOf("2024")): null

25-11-2024T07:48:11 - [TEST_STEP][PASSED] - m = m.trim(): null

25-11-2024T07:48:11 - [TEST_STEP][PASSED] - dashboardName = "Выполнение бизнес-плана": null

25-11-2024T07:48:11 - [TEST_STEP][PASSED] - workbook01 = getWorkbook(excelFilePath): null

25-11-2024T07:48:11 - [TEST_STEP][PASSED] - sheet01 = getExcelSheet(workbook01, sheetName): null

25-11-2024T07:48:11 - [TEST_STEP][PASSED] - setValueToCellByIndex(sheet01, n, 0, dashboardName): null

25-11-2024T07:48:11 - [TEST_STEP][PASSED] - setValueToCellByIndex(sheet01, n, 1, dZO): null

25-11-2024T07:48:11 - [TEST_STEP][PASSED] - setValueToCellByIndex(sheet01, n, 2, typeOfData): null

25-11-2024T07:48:11 - [TEST_STEP][PASSED] - if (typeOfData == "Факт в процентах" || typeOfData == "План в процентах"): null

25-11-2024T07:48:11 - [TEST_STEP][PASSED] - setValueToCellByIndex(sheet01, n, 3, fileDouble): null

25-11-2024T07:48:11 - [TEST_STEP][PASSED] - setValueToCellByIndex(sheet01, n, 4, "нет данных"): null

25-11-2024T07:48:11 - [TEST_STEP][PASSED] - setValueToCellByIndex(sheet01, n, 5, m): null

25-11-2024T07:48:11 - [TEST_STEP][PASSED] - setValueToCellByIndex(sheet01, n, 6, y): null

25-11-2024T07:48:11 - [TEST_STEP][PASSED] - setValueToCellByIndex(sheet01, n, 7, todaysDate): null

25-11-2024T07:48:11 - [TEST_STEP][PASSED] - n = n + 1: null

25-11-2024T07:48:11 - [TEST_STEP][PASSED] - saveWorkbook(excelFilePath, workbook01): null

25-11-2024T07:48:11 - [TEST_STEP][PASSED] - println(dzoNum): null

25-11-2024T07:48:11 - [TEST_STEP][PASSED] - dZO = "Россети Московский регион": null

25-11-2024T07:48:11 - [TEST_STEP][PASSED] - a = 74: null

25-11-2024T07:48:11 - [TEST_STEP][PASSED] - if (x1.contains(dZO)): null

25-11-2024T07:48:11 - [TEST_STEP][PASSED] - else: null

25-11-2024T07:48:11 - [TEST_STEP][PASSED] - Script1718980020443.NoData(a, typeOfData, todaysDate, fileInt, fileDouble, dZO): null

25-11-2024T07:48:11 - [TEST_STEP][PASSED] - println(a): null

25-11-2024T07:48:11 - [TEST_STEP][PASSED] - println(todaysDate): null

25-11-2024T07:48:11 - [TEST_STEP][PASSED] - println(fileInt): null

25-11-2024T07:48:11 - [TEST_STEP][PASSED] - println(fileDouble): null

25-11-2024T07:48:11 - [TEST_STEP][PASSED] - println(dZO): null

25-11-2024T07:48:11 - [TEST_STEP][PASSED] - typeOfData = "Факт Отпуск в сеть": null

25-11-2024T07:48:11 - [TEST_STEP][PASSED] - fileInt = replaceAll("\s+", "").toInteger(): null

25-11-2024T07:48:11 - [TEST_STEP][PASSED] - Script1718980020443.WriteToExcelNoData(a, typeOfData, todaysDate, fileInt, fileDouble, dZO): null

25-11-2024T07:48:11 - [TEST_STEP][PASSED] - sheetName = "Sheet1": null

25-11-2024T07:48:11 - [TEST_STEP][PASSED] - data = findTestData("PlanFact"): null

25-11-2024T07:48:11 - [TEST_STEP][PASSED] - n = data.getRowNumbers() + 1: null

25-11-2024T07:48:11 - [TEST_STEP][PASSED] - year = todaysDate.substring(todaysDate.length() - 4, todaysDate.length()): null

25-11-2024T07:48:11 - [TEST_STEP][PASSED] - y = year.toInteger(): null

25-11-2024T07:48:11 - [TEST_STEP][PASSED] - m = getText(findTestObject("Выполнение бизнес-плана/Период")): Text of object 'Object Repository/Выполнение бизнес-плана/Период' is: '1, 2, 3 кв. 2024 года'

25-11-2024T07:48:12 - [MESSAGE][PASSED] - Text of object 'Object Repository/Выполнение бизнес-плана/Период' is: '1, 2, 3 кв. 2024 года'

25-11-2024T07:48:12 - [TEST_STEP][PASSED] - m = m.substring(0, m.indexOf("2024")): null

25-11-2024T07:48:12 - [TEST_STEP][PASSED] - m = m.trim(): null

25-11-2024T07:48:12 - [TEST_STEP][PASSED] - dashboardName = "Выполнение бизнес-плана": null

25-11-2024T07:48:12 - [TEST_STEP][PASSED] - workbook01 = getWorkbook(excelFilePath): null

25-11-2024T07:48:12 - [TEST_STEP][PASSED] - sheet01 = getExcelSheet(workbook01, sheetName): null

25-11-2024T07:48:12 - [TEST_STEP][PASSED] - setValueToCellByIndex(sheet01, n, 0, dashboardName): null

25-11-2024T07:48:12 - [TEST_STEP][PASSED] - setValueToCellByIndex(sheet01, n, 1, dZO): null

25-11-2024T07:48:12 - [TEST_STEP][PASSED] - setValueToCellByIndex(sheet01, n, 2, typeOfData): null

25-11-2024T07:48:12 - [TEST_STEP][PASSED] - if (typeOfData == "Факт в процентах" || typeOfData == "План в процентах"): null

25-11-2024T07:48:12 - [TEST_STEP][PASSED] - else: null

25-11-2024T07:48:12 - [TEST_STEP][PASSED] - setValueToCellByIndex(sheet01, n, 3, fileInt): null

25-11-2024T07:48:12 - [TEST_STEP][PASSED] - setValueToCellByIndex(sheet01, n, 4, "нет данных"): null

25-11-2024T07:48:12 - [TEST_STEP][PASSED] - setValueToCellByIndex(sheet01, n, 5, m): null

25-11-2024T07:48:12 - [TEST_STEP][PASSED] - setValueToCellByIndex(sheet01, n, 6, y): null

25-11-2024T07:48:12 - [TEST_STEP][PASSED] - setValueToCellByIndex(sheet01, n, 7, todaysDate): null

25-11-2024T07:48:12 - [TEST_STEP][PASSED] - n = n + 1: null

25-11-2024T07:48:12 - [TEST_STEP][PASSED] - saveWorkbook(excelFilePath, workbook01): null

25-11-2024T07:48:12 - [TEST_STEP][PASSED] - typeOfData = "Факт Потери": null

25-11-2024T07:48:12 - [TEST_STEP][PASSED] - fileInt = replaceAll("\s+", "").toInteger(): null

25-11-2024T07:48:12 - [TEST_STEP][PASSED] - Script1718980020443.WriteToExcelNoData(a, typeOfData, todaysDate, fileInt, fileDouble, dZO): null

25-11-2024T07:48:12 - [TEST_STEP][PASSED] - sheetName = "Sheet1": null

25-11-2024T07:48:12 - [TEST_STEP][PASSED] - data = findTestData("PlanFact"): null

25-11-2024T07:48:12 - [TEST_STEP][PASSED] - n = data.getRowNumbers() + 1: null

25-11-2024T07:48:12 - [TEST_STEP][PASSED] - year = todaysDate.substring(todaysDate.length() - 4, todaysDate.length()): null

25-11-2024T07:48:12 - [TEST_STEP][PASSED] - y = year.toInteger(): null

25-11-2024T07:48:12 - [TEST_STEP][PASSED] - m = getText(findTestObject("Выполнение бизнес-плана/Период")): Text of object 'Object Repository/Выполнение бизнес-плана/Период' is: '1, 2, 3 кв. 2024 года'

25-11-2024T07:48:12 - [MESSAGE][PASSED] - Text of object 'Object Repository/Выполнение бизнес-плана/Период' is: '1, 2, 3 кв. 2024 года'

25-11-2024T07:48:12 - [TEST_STEP][PASSED] - m = m.substring(0, m.indexOf("2024")): null

25-11-2024T07:48:12 - [TEST_STEP][PASSED] - m = m.trim(): null

25-11-2024T07:48:12 - [TEST_STEP][PASSED] - dashboardName = "Выполнение бизнес-плана": null

25-11-2024T07:48:12 - [TEST_STEP][PASSED] - workbook01 = getWorkbook(excelFilePath): null

25-11-2024T07:48:12 - [TEST_STEP][PASSED] - sheet01 = getExcelSheet(workbook01, sheetName): null

25-11-2024T07:48:12 - [TEST_STEP][PASSED] - setValueToCellByIndex(sheet01, n, 0, dashboardName): null

25-11-2024T07:48:12 - [TEST_STEP][PASSED] - setValueToCellByIndex(sheet01, n, 1, dZO): null

25-11-2024T07:48:12 - [TEST_STEP][PASSED] - setValueToCellByIndex(sheet01, n, 2, typeOfData): null

25-11-2024T07:48:12 - [TEST_STEP][PASSED] - if (typeOfData == "Факт в процентах" || typeOfData == "План в процентах"): null

25-11-2024T07:48:12 - [TEST_STEP][PASSED] - else: null

25-11-2024T07:48:12 - [TEST_STEP][PASSED] - setValueToCellByIndex(sheet01, n, 3, fileInt): null

25-11-2024T07:48:12 - [TEST_STEP][PASSED] - setValueToCellByIndex(sheet01, n, 4, "нет данных"): null

25-11-2024T07:48:12 - [TEST_STEP][PASSED] - setValueToCellByIndex(sheet01, n, 5, m): null

25-11-2024T07:48:12 - [TEST_STEP][PASSED] - setValueToCellByIndex(sheet01, n, 6, y): null

25-11-2024T07:48:12 - [TEST_STEP][PASSED] - setValueToCellByIndex(sheet01, n, 7, todaysDate): null

25-11-2024T07:48:12 - [TEST_STEP][PASSED] - n = n + 1: null

25-11-2024T07:48:12 - [TEST_STEP][PASSED] - saveWorkbook(excelFilePath, workbook01): null

25-11-2024T07:48:13 - [TEST_STEP][PASSED] - typeOfData = "План Отпуск в сеть": null

25-11-2024T07:48:13 - [TEST_STEP][PASSED] - fileInt = replaceAll("\s+", "").toInteger(): null

25-11-2024T07:48:13 - [TEST_STEP][PASSED] - Script1718980020443.WriteToExcelNoData(a, typeOfData, todaysDate, fileInt, fileDouble, dZO): null

25-11-2024T07:48:13 - [TEST_STEP][PASSED] - sheetName = "Sheet1": null

25-11-2024T07:48:13 - [TEST_STEP][PASSED] - data = findTestData("PlanFact"): null

25-11-2024T07:48:13 - [TEST_STEP][PASSED] - n = data.getRowNumbers() + 1: null

25-11-2024T07:48:13 - [TEST_STEP][PASSED] - year = todaysDate.substring(todaysDate.length() - 4, todaysDate.length()): null

25-11-2024T07:48:13 - [TEST_STEP][PASSED] - y = year.toInteger(): null

25-11-2024T07:48:13 - [TEST_STEP][PASSED] - m = getText(findTestObject("Выполнение бизнес-плана/Период")): Text of object 'Object Repository/Выполнение бизнес-плана/Период' is: '1, 2, 3 кв. 2024 года'

25-11-2024T07:48:13 - [MESSAGE][PASSED] - Text of object 'Object Repository/Выполнение бизнес-плана/Период' is: '1, 2, 3 кв. 2024 года'

25-11-2024T07:48:13 - [TEST_STEP][PASSED] - m = m.substring(0, m.indexOf("2024")): null

25-11-2024T07:48:13 - [TEST_STEP][PASSED] - m = m.trim(): null

25-11-2024T07:48:13 - [TEST_STEP][PASSED] - dashboardName = "Выполнение бизнес-плана": null

25-11-2024T07:48:13 - [TEST_STEP][PASSED] - workbook01 = getWorkbook(excelFilePath): null

25-11-2024T07:48:13 - [TEST_STEP][PASSED] - sheet01 = getExcelSheet(workbook01, sheetName): null

25-11-2024T07:48:13 - [TEST_STEP][PASSED] - setValueToCellByIndex(sheet01, n, 0, dashboardName): null

25-11-2024T07:48:13 - [TEST_STEP][PASSED] - setValueToCellByIndex(sheet01, n, 1, dZO): null

25-11-2024T07:48:13 - [TEST_STEP][PASSED] - setValueToCellByIndex(sheet01, n, 2, typeOfData): null

25-11-2024T07:48:13 - [TEST_STEP][PASSED] - if (typeOfData == "Факт в процентах" || typeOfData == "План в процентах"): null

25-11-2024T07:48:13 - [TEST_STEP][PASSED] - else: null

25-11-2024T07:48:13 - [TEST_STEP][PASSED] - setValueToCellByIndex(sheet01, n, 3, fileInt): null

25-11-2024T07:48:13 - [TEST_STEP][PASSED] - setValueToCellByIndex(sheet01, n, 4, "нет данных"): null

25-11-2024T07:48:13 - [TEST_STEP][PASSED] - setValueToCellByIndex(sheet01, n, 5, m): null

25-11-2024T07:48:13 - [TEST_STEP][PASSED] - setValueToCellByIndex(sheet01, n, 6, y): null

25-11-2024T07:48:13 - [TEST_STEP][PASSED] - setValueToCellByIndex(sheet01, n, 7, todaysDate): null

25-11-2024T07:48:13 - [TEST_STEP][PASSED] - n = n + 1: null

25-11-2024T07:48:13 - [TEST_STEP][PASSED] - saveWorkbook(excelFilePath, workbook01): null

25-11-2024T07:48:13 - [TEST_STEP][PASSED] - typeOfData = "План Потери": null

25-11-2024T07:48:13 - [TEST_STEP][PASSED] - fileInt = replaceAll("\s+", "").toInteger(): null

25-11-2024T07:48:13 - [TEST_STEP][PASSED] - Script1718980020443.WriteToExcelNoData(a, typeOfData, todaysDate, fileInt, fileDouble, dZO): null

25-11-2024T07:48:13 - [TEST_STEP][PASSED] - sheetName = "Sheet1": null

25-11-2024T07:48:13 - [TEST_STEP][PASSED] - data = findTestData("PlanFact"): null

25-11-2024T07:48:14 - [TEST_STEP][PASSED] - n = data.getRowNumbers() + 1: null

25-11-2024T07:48:14 - [TEST_STEP][PASSED] - year = todaysDate.substring(todaysDate.length() - 4, todaysDate.length()): null

25-11-2024T07:48:14 - [TEST_STEP][PASSED] - y = year.toInteger(): null

25-11-2024T07:48:14 - [TEST_STEP][PASSED] - m = getText(findTestObject("Выполнение бизнес-плана/Период")): Text of object 'Object Repository/Выполнение бизнес-плана/Период' is: '1, 2, 3 кв. 2024 года'

25-11-2024T07:48:14 - [MESSAGE][PASSED] - Text of object 'Object Repository/Выполнение бизнес-плана/Период' is: '1, 2, 3 кв. 2024 года'

25-11-2024T07:48:14 - [TEST_STEP][PASSED] - m = m.substring(0, m.indexOf("2024")): null

25-11-2024T07:48:14 - [TEST_STEP][PASSED] - m = m.trim(): null

25-11-2024T07:48:14 - [TEST_STEP][PASSED] - dashboardName = "Выполнение бизнес-плана": null

25-11-2024T07:48:14 - [TEST_STEP][PASSED] - workbook01 = getWorkbook(excelFilePath): null

25-11-2024T07:48:14 - [TEST_STEP][PASSED] - sheet01 = getExcelSheet(workbook01, sheetName): null

25-11-2024T07:48:14 - [TEST_STEP][PASSED] - setValueToCellByIndex(sheet01, n, 0, dashboardName): null

25-11-2024T07:48:14 - [TEST_STEP][PASSED] - setValueToCellByIndex(sheet01, n, 1, dZO): null

25-11-2024T07:48:14 - [TEST_STEP][PASSED] - setValueToCellByIndex(sheet01, n, 2, typeOfData): null

25-11-2024T07:48:14 - [TEST_STEP][PASSED] - if (typeOfData == "Факт в процентах" || typeOfData == "План в процентах"): null

25-11-2024T07:48:14 - [TEST_STEP][PASSED] - else: null

25-11-2024T07:48:14 - [TEST_STEP][PASSED] - setValueToCellByIndex(sheet01, n, 3, fileInt): null

25-11-2024T07:48:14 - [TEST_STEP][PASSED] - setValueToCellByIndex(sheet01, n, 4, "нет данных"): null

25-11-2024T07:48:14 - [TEST_STEP][PASSED] - setValueToCellByIndex(sheet01, n, 5, m): null

25-11-2024T07:48:14 - [TEST_STEP][PASSED] - setValueToCellByIndex(sheet01, n, 6, y): null

25-11-2024T07:48:14 - [TEST_STEP][PASSED] - setValueToCellByIndex(sheet01, n, 7, todaysDate): null

25-11-2024T07:48:14 - [TEST_STEP][PASSED] - n = n + 1: null

25-11-2024T07:48:14 - [TEST_STEP][PASSED] - saveWorkbook(excelFilePath, workbook01): null

25-11-2024T07:48:14 - [TEST_STEP][PASSED] - typeOfData = "План в процентах": null

25-11-2024T07:48:14 - [TEST_STEP][PASSED] - fileDouble = ").toDouble(): null

25-11-2024T07:48:14 - [TEST_STEP][PASSED] - Script1718980020443.WriteToExcelNoData(a, typeOfData, todaysDate, fileInt, fileDouble, dZO): null

25-11-2024T07:48:14 - [TEST_STEP][PASSED] - sheetName = "Sheet1": null

25-11-2024T07:48:14 - [TEST_STEP][PASSED] - data = findTestData("PlanFact"): null

25-11-2024T07:48:14 - [TEST_STEP][PASSED] - n = data.getRowNumbers() + 1: null

25-11-2024T07:48:14 - [TEST_STEP][PASSED] - year = todaysDate.substring(todaysDate.length() - 4, todaysDate.length()): null

25-11-2024T07:48:14 - [TEST_STEP][PASSED] - y = year.toInteger(): null

25-11-2024T07:48:14 - [TEST_STEP][PASSED] - m = getText(findTestObject("Выполнение бизнес-плана/Период")): Text of object 'Object Repository/Выполнение бизнес-плана/Период' is: '1, 2, 3 кв. 2024 года'

25-11-2024T07:48:14 - [MESSAGE][PASSED] - Text of object 'Object Repository/Выполнение бизнес-плана/Период' is: '1, 2, 3 кв. 2024 года'

25-11-2024T07:48:14 - [TEST_STEP][PASSED] - m = m.substring(0, m.indexOf("2024")): null

25-11-2024T07:48:14 - [TEST_STEP][PASSED] - m = m.trim(): null

25-11-2024T07:48:14 - [TEST_STEP][PASSED] - dashboardName = "Выполнение бизнес-плана": null

25-11-2024T07:48:14 - [TEST_STEP][PASSED] - workbook01 = getWorkbook(excelFilePath): null

25-11-2024T07:48:15 - [TEST_STEP][PASSED] - sheet01 = getExcelSheet(workbook01, sheetName): null

25-11-2024T07:48:15 - [TEST_STEP][PASSED] - setValueToCellByIndex(sheet01, n, 0, dashboardName): null

25-11-2024T07:48:15 - [TEST_STEP][PASSED] - setValueToCellByIndex(sheet01, n, 1, dZO): null

25-11-2024T07:48:15 - [TEST_STEP][PASSED] - setValueToCellByIndex(sheet01, n, 2, typeOfData): null

25-11-2024T07:48:15 - [TEST_STEP][PASSED] - if (typeOfData == "Факт в процентах" || typeOfData == "План в процентах"): null

25-11-2024T07:48:15 - [TEST_STEP][PASSED] - setValueToCellByIndex(sheet01, n, 3, fileDouble): null

25-11-2024T07:48:15 - [TEST_STEP][PASSED] - setValueToCellByIndex(sheet01, n, 4, "нет данных"): null

25-11-2024T07:48:15 - [TEST_STEP][PASSED] - setValueToCellByIndex(sheet01, n, 5, m): null

25-11-2024T07:48:15 - [TEST_STEP][PASSED] - setValueToCellByIndex(sheet01, n, 6, y): null

25-11-2024T07:48:15 - [TEST_STEP][PASSED] - setValueToCellByIndex(sheet01, n, 7, todaysDate): null

25-11-2024T07:48:15 - [TEST_STEP][PASSED] - n = n + 1: null

25-11-2024T07:48:15 - [TEST_STEP][PASSED] - saveWorkbook(excelFilePath, workbook01): null

25-11-2024T07:48:15 - [TEST_STEP][PASSED] - typeOfData = "Факт в процентах": null

25-11-2024T07:48:15 - [TEST_STEP][PASSED] - fileDouble = ").toDouble(): null

25-11-2024T07:48:15 - [TEST_STEP][PASSED] - Script1718980020443.WriteToExcelNoData(a, typeOfData, todaysDate, fileInt, fileDouble, dZO): null

25-11-2024T07:48:15 - [TEST_STEP][PASSED] - sheetName = "Sheet1": null

25-11-2024T07:48:15 - [TEST_STEP][PASSED] - data = findTestData("PlanFact"): null

25-11-2024T07:48:15 - [TEST_STEP][PASSED] - n = data.getRowNumbers() + 1: null

25-11-2024T07:48:15 - [TEST_STEP][PASSED] - year = todaysDate.substring(todaysDate.length() - 4, todaysDate.length()): null

25-11-2024T07:48:15 - [TEST_STEP][PASSED] - y = year.toInteger(): null

25-11-2024T07:48:15 - [TEST_STEP][PASSED] - m = getText(findTestObject("Выполнение бизнес-плана/Период")): Text of object 'Object Repository/Выполнение бизнес-плана/Период' is: '1, 2, 3 кв. 2024 года'

25-11-2024T07:48:15 - [MESSAGE][PASSED] - Text of object 'Object Repository/Выполнение бизнес-плана/Период' is: '1, 2, 3 кв. 2024 года'

25-11-2024T07:48:15 - [TEST_STEP][PASSED] - m = m.substring(0, m.indexOf("2024")): null

25-11-2024T07:48:15 - [TEST_STEP][PASSED] - m = m.trim(): null

25-11-2024T07:48:15 - [TEST_STEP][PASSED] - dashboardName = "Выполнение бизнес-плана": null

25-11-2024T07:48:15 - [TEST_STEP][PASSED] - workbook01 = getWorkbook(excelFilePath): null

25-11-2024T07:48:15 - [TEST_STEP][PASSED] - sheet01 = getExcelSheet(workbook01, sheetName): null

25-11-2024T07:48:15 - [TEST_STEP][PASSED] - setValueToCellByIndex(sheet01, n, 0, dashboardName): null

25-11-2024T07:48:15 - [TEST_STEP][PASSED] - setValueToCellByIndex(sheet01, n, 1, dZO): null

25-11-2024T07:48:15 - [TEST_STEP][PASSED] - setValueToCellByIndex(sheet01, n, 2, typeOfData): null

25-11-2024T07:48:15 - [TEST_STEP][PASSED] - if (typeOfData == "Факт в процентах" || typeOfData == "План в процентах"): null

25-11-2024T07:48:15 - [TEST_STEP][PASSED] - setValueToCellByIndex(sheet01, n, 3, fileDouble): null

25-11-2024T07:48:15 - [TEST_STEP][PASSED] - setValueToCellByIndex(sheet01, n, 4, "нет данных"): null

25-11-2024T07:48:15 - [TEST_STEP][PASSED] - setValueToCellByIndex(sheet01, n, 5, m): null

25-11-2024T07:48:15 - [TEST_STEP][PASSED] - setValueToCellByIndex(sheet01, n, 6, y): null

25-11-2024T07:48:15 - [TEST_STEP][PASSED] - setValueToCellByIndex(sheet01, n, 7, todaysDate): null

25-11-2024T07:48:15 - [TEST_STEP][PASSED] - n = n + 1: null

25-11-2024T07:48:15 - [TEST_STEP][PASSED] - saveWorkbook(excelFilePath, workbook01): null

25-11-2024T07:48:15 - [TEST_STEP][PASSED] - println(dzoNum): null

25-11-2024T07:48:15 - [TEST_STEP][PASSED] - dZO = "Россети Северный Кавказ": null

25-11-2024T07:48:15 - [TEST_STEP][PASSED] - a = 65: null

25-11-2024T07:48:15 - [TEST_STEP][PASSED] - if (x1.contains(dZO)): null

25-11-2024T07:48:15 - [TEST_STEP][PASSED] - dzoNum = dzoNum + 1: null

25-11-2024T07:48:15 - [TEST_STEP][PASSED] - Script1718980020443.Numbers(a, typeOfData, todaysDate, pageInt, fileInt, pageDouble, fileDouble, dZO, dzoNum, filialNum): null

25-11-2024T07:48:15 - [TEST_STEP][PASSED] - println(dzoNum): null

25-11-2024T07:48:15 - [TEST_STEP][PASSED] - planFact = <not implemented yet for class: org.codehaus.groovy.ast.expr.EmptyExpression>: null

25-11-2024T07:48:15 - [TEST_STEP][PASSED] - page = <not implemented yet for class: org.codehaus.groovy.ast.expr.EmptyExpression>: null

25-11-2024T07:48:15 - [TEST_STEP][PASSED] - page1 = <not implemented yet for class: org.codehaus.groovy.ast.expr.EmptyExpression>: null

25-11-2024T07:48:15 - [TEST_STEP][PASSED] - page2 = <not implemented yet for class: org.codehaus.groovy.ast.expr.EmptyExpression>: null

25-11-2024T07:48:15 - [TEST_STEP][PASSED] - filialNumberInRow = <not implemented yet for class: org.codehaus.groovy.ast.expr.EmptyExpression>: null

25-11-2024T07:48:15 - [TEST_STEP][PASSED] - filialsDzoNames = <not implemented yet for class: org.codehaus.groovy.ast.expr.EmptyExpression>: null

25-11-2024T07:48:15 - [TEST_STEP][PASSED] - numberOfFilials = <not implemented yet for class: org.codehaus.groovy.ast.expr.EmptyExpression>: null

25-11-2024T07:48:15 - [TEST_STEP][PASSED] - numberOfSpaces = <not implemented yet for class: org.codehaus.groovy.ast.expr.EmptyExpression>: null

25-11-2024T07:48:15 - [TEST_STEP][PASSED] - file = <not implemented yet for class: org.codehaus.groovy.ast.expr.EmptyExpression>: null

25-11-2024T07:48:15 - [TEST_STEP][PASSED] - otpusk = <not implemented yet for class: org.codehaus.groovy.ast.expr.EmptyExpression>: null

25-11-2024T07:48:15 - [TEST_STEP][PASSED] - poteri = <not implemented yet for class: org.codehaus.groovy.ast.expr.EmptyExpression>: null

25-11-2024T07:48:15 - [TEST_STEP][PASSED] - dataFolder = "Выполнение бизнес-плана/Значения со страницы Выполнение бизнес-плана/": null

25-11-2024T07:48:15 - [TEST_STEP][PASSED] - path = <not implemented yet for class: org.codehaus.groovy.ast.expr.EmptyExpression>: null

25-11-2024T07:48:15 - [TEST_STEP][PASSED] - typeOfDataMain = <not implemented yet for class: org.codehaus.groovy.ast.expr.EmptyExpression>: null

25-11-2024T07:48:15 - [TEST_STEP][PASSED] - fileOtpuskVSet = <not implemented yet for class: org.codehaus.groovy.ast.expr.EmptyExpression>: null

25-11-2024T07:48:15 - [TEST_STEP][PASSED] - pageOtpuskVSet = <not implemented yet for class: org.codehaus.groovy.ast.expr.EmptyExpression>: null

25-11-2024T07:48:15 - [TEST_STEP][PASSED] - filePoteri = <not implemented yet for class: org.codehaus.groovy.ast.expr.EmptyExpression>: null

25-11-2024T07:48:15 - [TEST_STEP][PASSED] - pagePoteri = <not implemented yet for class: org.codehaus.groovy.ast.expr.EmptyExpression>: null

25-11-2024T07:48:15 - [TEST_STEP][PASSED] - compare = <not implemented yet for class: org.codehaus.groovy.ast.expr.EmptyExpression>: null

25-11-2024T07:48:15 - [TEST_STEP][PASSED] - b = <not implemented yet for class: org.codehaus.groovy.ast.expr.EmptyExpression>: null

25-11-2024T07:48:15 - [TEST_STEP][PASSED] - i = <not implemented yet for class: org.codehaus.groovy.ast.expr.EmptyExpression>: null

25-11-2024T07:48:15 - [TEST_STEP][PASSED] - ii = <not implemented yet for class: org.codehaus.groovy.ast.expr.EmptyExpression>: null

25-11-2024T07:48:15 - [TEST_STEP][PASSED] - c = <not implemented yet for class: org.codehaus.groovy.ast.expr.EmptyExpression>: null

25-11-2024T07:48:15 - [TEST_STEP][PASSED] - numberOfErrors = 0: null

25-11-2024T07:48:15 - [TEST_STEP][PASSED] - if (a == 82): null

25-11-2024T07:48:15 - [TEST_STEP][PASSED] - b = findTestData("PlanFact").getValue(1, a): null

25-11-2024T07:48:15 - [TEST_STEP][PASSED] - i = b.indexOf(" (ГК)"): null

25-11-2024T07:48:15 - [TEST_STEP][PASSED] - if (i > -1): null

25-11-2024T07:48:15 - [TEST_STEP][PASSED] - i = b.indexOf("О ""): null

25-11-2024T07:48:15 - [TEST_STEP][PASSED] - if (i > -1): null

25-11-2024T07:48:15 - [TEST_STEP][PASSED] - i = b.indexOf("О «"): null

25-11-2024T07:48:15 - [TEST_STEP][PASSED] - if (i > -1): null

25-11-2024T07:48:15 - [TEST_STEP][PASSED] - i = b.indexOf("г. "): null

25-11-2024T07:48:15 - [TEST_STEP][PASSED] - if (i > -1): null

25-11-2024T07:48:15 - [TEST_STEP][PASSED] - println(b): null

25-11-2024T07:48:15 - [TEST_STEP][PASSED] - for ([planFact = 1, planFact < 3, (planFact++)]): null

25-11-2024T07:48:15 - [TEST_STEP][PASSED] - if (planFact == 1): null

25-11-2024T07:48:15 - [TEST_STEP][PASSED] - typeOfDataMain = "Факт": null

25-11-2024T07:48:15 - [TEST_STEP][PASSED] - otpusk = findTestData("PlanFact").getValue(5, a): null

25-11-2024T07:48:16 - [TEST_STEP][PASSED] - poteri = findTestData("PlanFact").getValue(6, a): null

25-11-2024T07:48:16 - [TEST_STEP][PASSED] - otpusk = otpusk.replaceAll("\s+", ""): null

25-11-2024T07:48:16 - [TEST_STEP][PASSED] - poteri = poteri.replaceAll("\s+", ""): null

25-11-2024T07:48:16 - [TEST_STEP][PASSED] - typeOfData = typeOfDataMain + " Отпуск в сеть": null

25-11-2024T07:48:16 - [TEST_STEP][PASSED] - if (a == 82): null

25-11-2024T07:48:16 - [TEST_STEP][PASSED] - else if (a == 84): null

25-11-2024T07:48:16 - [TEST_STEP][PASSED] - else if (a == 52 || a == 72 || a == 28 || a == 73 || a == 77 || a == 74 || a == 65 || a == 36 || a == 44 || a == 53 || a == 80 || a == 54 || a == 1 || a == 18 || a == 59 || a == 81): null

25-11-2024T07:48:16 - [TEST_STEP][PASSED] - path = dataFolder + "Table Data/" + typeOfData + " за отчётный период " + dzoNum: null

25-11-2024T07:48:16 - [TEST_STEP][PASSED] - println(path): null

25-11-2024T07:48:16 - [TEST_STEP][PASSED] - page = getText(findTestObject(path)): Text of object 'Object Repository/Выполнение бизнес-плана/Значения со страницы Выполнение бизнес-плана/Table Data/Факт Отпуск в сеть за отчётный период 3' is: '17 367 779'

25-11-2024T07:48:16 - [MESSAGE][PASSED] - Text of object 'Object Repository/Выполнение бизнес-плана/Значения со страницы Выполнение бизнес-плана/Table Data/Факт Отпуск в сеть за отчётный период 3' is: '17 367 779'

25-11-2024T07:48:16 - [TEST_STEP][PASSED] - page = page.replaceAll("\s+", ""): null

25-11-2024T07:48:16 - [TEST_STEP][PASSED] - fileOtpuskVSet = otpusk.toInteger(): null

25-11-2024T07:48:16 - [TEST_STEP][PASSED] - pageOtpuskVSet = page.toInteger(): null

25-11-2024T07:48:16 - [TEST_STEP][PASSED] - typeOfData = typeOfDataMain + " Потери": null

25-11-2024T07:48:16 - [TEST_STEP][PASSED] - if (a == 82): null

25-11-2024T07:48:16 - [TEST_STEP][PASSED] - else if (a == 84): null

25-11-2024T07:48:16 - [TEST_STEP][PASSED] - else if (a == 52 || a == 72 || a == 28 || a == 73 || a == 77 || a == 74 || a == 65 || a == 36 || a == 44 || a == 53 || a == 80 || a == 54 || a == 1 || a == 18 || a == 59 || a == 81): null

25-11-2024T07:48:16 - [TEST_STEP][PASSED] - path = dataFolder + "Table Data/" + typeOfData + " за отчётный период " + dzoNum: null

25-11-2024T07:48:16 - [TEST_STEP][PASSED] - page = getText(findTestObject(path)): Text of object 'Object Repository/Выполнение бизнес-плана/Значения со страницы Выполнение бизнес-плана/Table Data/Факт Потери за отчётный период 3' is: '4 783 177'

25-11-2024T07:48:16 - [MESSAGE][PASSED] - Text of object 'Object Repository/Выполнение бизнес-плана/Значения со страницы Выполнение бизнес-плана/Table Data/Факт Потери за отчётный период 3' is: '4 783 177'

25-11-2024T07:48:16 - [TEST_STEP][PASSED] - page = page.replaceAll("\s+", ""): null

25-11-2024T07:48:16 - [TEST_STEP][PASSED] - filePoteri = poteri.toInteger(): null

25-11-2024T07:48:16 - [TEST_STEP][PASSED] - pagePoteri = page.toInteger(): null

25-11-2024T07:48:16 - [TEST_STEP][PASSED] - compare = pageOtpuskVSet: null

25-11-2024T07:48:16 - [TEST_STEP][PASSED] - if (compare == fileOtpuskVSet): null

25-11-2024T07:48:16 - [TEST_STEP][PASSED] - else if (compare > fileOtpuskVSet): null

25-11-2024T07:48:16 - [TEST_STEP][PASSED] - compare = compare - 1: null

25-11-2024T07:48:16 - [TEST_STEP][PASSED] - if (compare == fileOtpuskVSet): null

25-11-2024T07:48:16 - [TEST_STEP][PASSED] - else: null

25-11-2024T07:48:16 - [TEST_STEP][PASSED] - numberOfErrors = numberOfErrors + 1: null

25-11-2024T07:48:16 - [TEST_STEP][PASSED] - pageInt = pageOtpuskVSet: null

25-11-2024T07:48:16 - [TEST_STEP][PASSED] - fileInt = fileOtpuskVSet: null

25-11-2024T07:48:16 - [TEST_STEP][PASSED] - typeOfData = typeOfDataMain + " Отпуск в сеть": null

25-11-2024T07:48:16 - [TEST_STEP][PASSED] - Script1718980020443.WriteToExcel(a, typeOfData, todaysDate, pageInt, fileInt, pageDouble, fileDouble, dZO): null

25-11-2024T07:48:16 - [TEST_STEP][PASSED] - sheetName = "Sheet1": null

25-11-2024T07:48:16 - [TEST_STEP][PASSED] - data = findTestData("PlanFact"): null

25-11-2024T07:48:16 - [TEST_STEP][PASSED] - n = data.getRowNumbers() + 1: null

25-11-2024T07:48:16 - [TEST_STEP][PASSED] - year = todaysDate.substring(todaysDate.length() - 4, todaysDate.length()): null

25-11-2024T07:48:16 - [TEST_STEP][PASSED] - y = year.toInteger(): null

25-11-2024T07:48:16 - [TEST_STEP][PASSED] - m = getText(findTestObject("Выполнение бизнес-плана/Период")): Text of object 'Object Repository/Выполнение бизнес-плана/Период' is: '1, 2, 3 кв. 2024 года'

25-11-2024T07:48:17 - [MESSAGE][PASSED] - Text of object 'Object Repository/Выполнение бизнес-плана/Период' is: '1, 2, 3 кв. 2024 года'

25-11-2024T07:48:17 - [TEST_STEP][PASSED] - m = m.substring(0, m.indexOf("2024")): null

25-11-2024T07:48:17 - [TEST_STEP][PASSED] - m = m.trim(): null

25-11-2024T07:48:17 - [TEST_STEP][PASSED] - dashboardName = "Выполнение бизнес-плана": null

25-11-2024T07:48:17 - [TEST_STEP][PASSED] - workbook01 = getWorkbook(excelFilePath): null

25-11-2024T07:48:17 - [TEST_STEP][PASSED] - sheet01 = getExcelSheet(workbook01, sheetName): null

25-11-2024T07:48:17 - [TEST_STEP][PASSED] - setValueToCellByIndex(sheet01, n, 0, dashboardName): null

25-11-2024T07:48:17 - [TEST_STEP][PASSED] - setValueToCellByIndex(sheet01, n, 1, dZO): null

25-11-2024T07:48:17 - [TEST_STEP][PASSED] - setValueToCellByIndex(sheet01, n, 2, typeOfData): null

25-11-2024T07:48:17 - [TEST_STEP][PASSED] - if (typeOfData == "Факт в процентах" || typeOfData == "План в процентах"): null

25-11-2024T07:48:17 - [TEST_STEP][PASSED] - else: null

25-11-2024T07:48:17 - [TEST_STEP][PASSED] - setValueToCellByIndex(sheet01, n, 3, fileInt): null

25-11-2024T07:48:17 - [TEST_STEP][PASSED] - setValueToCellByIndex(sheet01, n, 4, pageInt): null

25-11-2024T07:48:17 - [TEST_STEP][PASSED] - setValueToCellByIndex(sheet01, n, 5, m): null

25-11-2024T07:48:17 - [TEST_STEP][PASSED] - setValueToCellByIndex(sheet01, n, 6, y): null

25-11-2024T07:48:17 - [TEST_STEP][PASSED] - setValueToCellByIndex(sheet01, n, 7, todaysDate): null

25-11-2024T07:48:17 - [TEST_STEP][PASSED] - n = n + 1: null

25-11-2024T07:48:17 - [TEST_STEP][PASSED] - saveWorkbook(excelFilePath, workbook01): null

25-11-2024T07:48:17 - [TEST_STEP][PASSED] - compare = pagePoteri: null

25-11-2024T07:48:17 - [TEST_STEP][PASSED] - if (compare == filePoteri): null

25-11-2024T07:48:17 - [TEST_STEP][PASSED] - else if (compare > filePoteri): null

25-11-2024T07:48:17 - [TEST_STEP][PASSED] - compare = compare - 1: null

25-11-2024T07:48:17 - [TEST_STEP][PASSED] - if (compare == filePoteri): null

25-11-2024T07:48:17 - [TEST_STEP][PASSED] - else: null

25-11-2024T07:48:17 - [TEST_STEP][PASSED] - numberOfErrors = numberOfErrors + 1: null

25-11-2024T07:48:17 - [TEST_STEP][PASSED] - pageInt = pagePoteri: null

25-11-2024T07:48:17 - [TEST_STEP][PASSED] - fileInt = filePoteri: null

25-11-2024T07:48:17 - [TEST_STEP][PASSED] - typeOfData = typeOfDataMain + " Потери": null

25-11-2024T07:48:17 - [TEST_STEP][PASSED] - Script1718980020443.WriteToExcel(a, typeOfData, todaysDate, pageInt, fileInt, pageDouble, fileDouble, dZO): null

25-11-2024T07:48:17 - [TEST_STEP][PASSED] - sheetName = "Sheet1": null

25-11-2024T07:48:17 - [TEST_STEP][PASSED] - data = findTestData("PlanFact"): null

25-11-2024T07:48:17 - [TEST_STEP][PASSED] - n = data.getRowNumbers() + 1: null

25-11-2024T07:48:17 - [TEST_STEP][PASSED] - year = todaysDate.substring(todaysDate.length() - 4, todaysDate.length()): null

25-11-2024T07:48:17 - [TEST_STEP][PASSED] - y = year.toInteger(): null

25-11-2024T07:48:17 - [TEST_STEP][PASSED] - m = getText(findTestObject("Выполнение бизнес-плана/Период")): Text of object 'Object Repository/Выполнение бизнес-плана/Период' is: '1, 2, 3 кв. 2024 года'

25-11-2024T07:48:17 - [MESSAGE][PASSED] - Text of object 'Object Repository/Выполнение бизнес-плана/Период' is: '1, 2, 3 кв. 2024 года'

25-11-2024T07:48:17 - [TEST_STEP][PASSED] - m = m.substring(0, m.indexOf("2024")): null

25-11-2024T07:48:17 - [TEST_STEP][PASSED] - m = m.trim(): null

25-11-2024T07:48:17 - [TEST_STEP][PASSED] - dashboardName = "Выполнение бизнес-плана": null

25-11-2024T07:48:17 - [TEST_STEP][PASSED] - workbook01 = getWorkbook(excelFilePath): null

25-11-2024T07:48:17 - [TEST_STEP][PASSED] - sheet01 = getExcelSheet(workbook01, sheetName): null

25-11-2024T07:48:17 - [TEST_STEP][PASSED] - setValueToCellByIndex(sheet01, n, 0, dashboardName): null

25-11-2024T07:48:17 - [TEST_STEP][PASSED] - setValueToCellByIndex(sheet01, n, 1, dZO): null

25-11-2024T07:48:17 - [TEST_STEP][PASSED] - setValueToCellByIndex(sheet01, n, 2, typeOfData): null

25-11-2024T07:48:17 - [TEST_STEP][PASSED] - if (typeOfData == "Факт в процентах" || typeOfData == "План в процентах"): null

25-11-2024T07:48:17 - [TEST_STEP][PASSED] - else: null

25-11-2024T07:48:17 - [TEST_STEP][PASSED] - setValueToCellByIndex(sheet01, n, 3, fileInt): null

25-11-2024T07:48:17 - [TEST_STEP][PASSED] - setValueToCellByIndex(sheet01, n, 4, pageInt): null

25-11-2024T07:48:17 - [TEST_STEP][PASSED] - setValueToCellByIndex(sheet01, n, 5, m): null

25-11-2024T07:48:17 - [TEST_STEP][PASSED] - setValueToCellByIndex(sheet01, n, 6, y): null

25-11-2024T07:48:17 - [TEST_STEP][PASSED] - setValueToCellByIndex(sheet01, n, 7, todaysDate): null

25-11-2024T07:48:17 - [TEST_STEP][PASSED] - n = n + 1: null

25-11-2024T07:48:17 - [TEST_STEP][PASSED] - saveWorkbook(excelFilePath, workbook01): null

25-11-2024T07:48:17 - [TEST_STEP][PASSED] - if (planFact == 2): null

25-11-2024T07:48:17 - [TEST_STEP][PASSED] - if (planFact == 1): null

25-11-2024T07:48:17 - [TEST_STEP][PASSED] - else if (planFact == 2): null

25-11-2024T07:48:17 - [TEST_STEP][PASSED] - click(findTestObject("Выполнение бизнес-плана/Кнопка План")): Object: 'Object Repository/Выполнение бизнес-плана/Кнопка План' is clicked on

25-11-2024T07:48:18 - [MESSAGE][PASSED] - Object: 'Object Repository/Выполнение бизнес-плана/Кнопка План' is clicked on

25-11-2024T07:48:18 - [TEST_STEP][PASSED] - typeOfDataMain = "План": null

25-11-2024T07:48:18 - [TEST_STEP][PASSED] - otpusk = findTestData("PlanFact").getValue(2, a): null

25-11-2024T07:48:18 - [TEST_STEP][PASSED] - poteri = findTestData("PlanFact").getValue(3, a): null

25-11-2024T07:48:18 - [TEST_STEP][PASSED] - otpusk = otpusk.replaceAll("\s+", ""): null

25-11-2024T07:48:18 - [TEST_STEP][PASSED] - poteri = poteri.replaceAll("\s+", ""): null

25-11-2024T07:48:18 - [TEST_STEP][PASSED] - typeOfData = typeOfDataMain + " Отпуск в сеть": null

25-11-2024T07:48:18 - [TEST_STEP][PASSED] - if (a == 82): null

25-11-2024T07:48:18 - [TEST_STEP][PASSED] - else if (a == 84): null

25-11-2024T07:48:18 - [TEST_STEP][PASSED] - else if (a == 52 || a == 72 || a == 28 || a == 73 || a == 77 || a == 74 || a == 65 || a == 36 || a == 44 || a == 53 || a == 80 || a == 54 || a == 1 || a == 18 || a == 59 || a == 81): null

25-11-2024T07:48:18 - [TEST_STEP][PASSED] - path = dataFolder + "Table Data/" + typeOfData + " за отчётный период " + dzoNum: null

25-11-2024T07:48:18 - [TEST_STEP][PASSED] - println(path): null

25-11-2024T07:48:18 - [TEST_STEP][PASSED] - page = getText(findTestObject(path)): Text of object 'Object Repository/Выполнение бизнес-плана/Значения со страницы Выполнение бизнес-плана/Table Data/План Отпуск в сеть за отчётный период 3' is: '16 300 204'

25-11-2024T07:48:18 - [MESSAGE][PASSED] - Text of object 'Object Repository/Выполнение бизнес-плана/Значения со страницы Выполнение бизнес-плана/Table Data/План Отпуск в сеть за отчётный период 3' is: '16 300 204'

25-11-2024T07:48:18 - [TEST_STEP][PASSED] - page = page.replaceAll("\s+", ""): null

25-11-2024T07:48:18 - [TEST_STEP][PASSED] - fileOtpuskVSet = otpusk.toInteger(): null

25-11-2024T07:48:18 - [TEST_STEP][PASSED] - pageOtpuskVSet = page.toInteger(): null

25-11-2024T07:48:18 - [TEST_STEP][PASSED] - typeOfData = typeOfDataMain + " Потери": null

25-11-2024T07:48:18 - [TEST_STEP][PASSED] - if (a == 82): null

25-11-2024T07:48:18 - [TEST_STEP][PASSED] - else if (a == 84): null

25-11-2024T07:48:18 - [TEST_STEP][PASSED] - else if (a == 52 || a == 72 || a == 28 || a == 73 || a == 77 || a == 74 || a == 65 || a == 36 || a == 44 || a == 53 || a == 80 || a == 54 || a == 1 || a == 18 || a == 59 || a == 81): null

25-11-2024T07:48:18 - [TEST_STEP][PASSED] - path = dataFolder + "Table Data/" + typeOfData + " за отчётный период " + dzoNum: null

25-11-2024T07:48:18 - [TEST_STEP][PASSED] - page = getText(findTestObject(path)): Text of object 'Object Repository/Выполнение бизнес-плана/Значения со страницы Выполнение бизнес-плана/Table Data/План Потери за отчётный период 3' is: '3 863 112'

25-11-2024T07:48:19 - [MESSAGE][PASSED] - Text of object 'Object Repository/Выполнение бизнес-плана/Значения со страницы Выполнение бизнес-плана/Table Data/План Потери за отчётный период 3' is: '3 863 112'

25-11-2024T07:48:19 - [TEST_STEP][PASSED] - page = page.replaceAll("\s+", ""): null

25-11-2024T07:48:19 - [TEST_STEP][PASSED] - filePoteri = poteri.toInteger(): null

25-11-2024T07:48:19 - [TEST_STEP][PASSED] - pagePoteri = page.toInteger(): null

25-11-2024T07:48:19 - [TEST_STEP][PASSED] - compare = pageOtpuskVSet: null

25-11-2024T07:48:19 - [TEST_STEP][PASSED] - if (compare == fileOtpuskVSet): null

25-11-2024T07:48:19 - [TEST_STEP][PASSED] - else if (compare > fileOtpuskVSet): null

25-11-2024T07:48:19 - [TEST_STEP][PASSED] - else if (compare < fileOtpuskVSet): null

25-11-2024T07:48:19 - [TEST_STEP][PASSED] - compare = compare + 1: null

25-11-2024T07:48:19 - [TEST_STEP][PASSED] - if (compare == fileOtpuskVSet): null

25-11-2024T07:48:19 - [TEST_STEP][PASSED] - else: null

25-11-2024T07:48:19 - [TEST_STEP][PASSED] - numberOfErrors = numberOfErrors + 1: null

25-11-2024T07:48:19 - [TEST_STEP][PASSED] - pageInt = pageOtpuskVSet: null

25-11-2024T07:48:19 - [TEST_STEP][PASSED] - fileInt = fileOtpuskVSet: null

25-11-2024T07:48:19 - [TEST_STEP][PASSED] - typeOfData = typeOfDataMain + " Отпуск в сеть": null

25-11-2024T07:48:19 - [TEST_STEP][PASSED] - Script1718980020443.WriteToExcel(a, typeOfData, todaysDate, pageInt, fileInt, pageDouble, fileDouble, dZO): null

25-11-2024T07:48:19 - [TEST_STEP][PASSED] - sheetName = "Sheet1": null

25-11-2024T07:48:19 - [TEST_STEP][PASSED] - data = findTestData("PlanFact"): null

25-11-2024T07:48:19 - [TEST_STEP][PASSED] - n = data.getRowNumbers() + 1: null

25-11-2024T07:48:19 - [TEST_STEP][PASSED] - year = todaysDate.substring(todaysDate.length() - 4, todaysDate.length()): null

25-11-2024T07:48:19 - [TEST_STEP][PASSED] - y = year.toInteger(): null

25-11-2024T07:48:19 - [TEST_STEP][PASSED] - m = getText(findTestObject("Выполнение бизнес-плана/Период")): Text of object 'Object Repository/Выполнение бизнес-плана/Период' is: '1, 2, 3 кв. 2024 года'

25-11-2024T07:48:19 - [MESSAGE][PASSED] - Text of object 'Object Repository/Выполнение бизнес-плана/Период' is: '1, 2, 3 кв. 2024 года'

25-11-2024T07:48:19 - [TEST_STEP][PASSED] - m = m.substring(0, m.indexOf("2024")): null

25-11-2024T07:48:19 - [TEST_STEP][PASSED] - m = m.trim(): null

25-11-2024T07:48:19 - [TEST_STEP][PASSED] - dashboardName = "Выполнение бизнес-плана": null

25-11-2024T07:48:19 - [TEST_STEP][PASSED] - workbook01 = getWorkbook(excelFilePath): null

25-11-2024T07:48:19 - [TEST_STEP][PASSED] - sheet01 = getExcelSheet(workbook01, sheetName): null

25-11-2024T07:48:19 - [TEST_STEP][PASSED] - setValueToCellByIndex(sheet01, n, 0, dashboardName): null

25-11-2024T07:48:19 - [TEST_STEP][PASSED] - setValueToCellByIndex(sheet01, n, 1, dZO): null

25-11-2024T07:48:19 - [TEST_STEP][PASSED] - setValueToCellByIndex(sheet01, n, 2, typeOfData): null

25-11-2024T07:48:19 - [TEST_STEP][PASSED] - if (typeOfData == "Факт в процентах" || typeOfData == "План в процентах"): null

25-11-2024T07:48:19 - [TEST_STEP][PASSED] - else: null

25-11-2024T07:48:19 - [TEST_STEP][PASSED] - setValueToCellByIndex(sheet01, n, 3, fileInt): null

25-11-2024T07:48:19 - [TEST_STEP][PASSED] - setValueToCellByIndex(sheet01, n, 4, pageInt): null

25-11-2024T07:48:19 - [TEST_STEP][PASSED] - setValueToCellByIndex(sheet01, n, 5, m): null

25-11-2024T07:48:19 - [TEST_STEP][PASSED] - setValueToCellByIndex(sheet01, n, 6, y): null

25-11-2024T07:48:19 - [TEST_STEP][PASSED] - setValueToCellByIndex(sheet01, n, 7, todaysDate): null

25-11-2024T07:48:19 - [TEST_STEP][PASSED] - n = n + 1: null

25-11-2024T07:48:19 - [TEST_STEP][PASSED] - saveWorkbook(excelFilePath, workbook01): null

25-11-2024T07:48:19 - [TEST_STEP][PASSED] - compare = pagePoteri: null

25-11-2024T07:48:19 - [TEST_STEP][PASSED] - if (compare == filePoteri): null

25-11-2024T07:48:19 - [TEST_STEP][PASSED] - else if (compare > filePoteri): null

25-11-2024T07:48:19 - [TEST_STEP][PASSED] - else if (compare < filePoteri): null

25-11-2024T07:48:19 - [TEST_STEP][PASSED] - compare = compare + 1: null

25-11-2024T07:48:19 - [TEST_STEP][PASSED] - if (compare == filePoteri): null

25-11-2024T07:48:19 - [TEST_STEP][PASSED] - else: null

25-11-2024T07:48:19 - [TEST_STEP][PASSED] - numberOfErrors = numberOfErrors + 1: null

25-11-2024T07:48:19 - [TEST_STEP][PASSED] - pageInt = pagePoteri: null

25-11-2024T07:48:19 - [TEST_STEP][PASSED] - fileInt = filePoteri: null

25-11-2024T07:48:19 - [TEST_STEP][PASSED] - typeOfData = typeOfDataMain + " Потери": null

25-11-2024T07:48:19 - [TEST_STEP][PASSED] - Script1718980020443.WriteToExcel(a, typeOfData, todaysDate, pageInt, fileInt, pageDouble, fileDouble, dZO): null

25-11-2024T07:48:19 - [TEST_STEP][PASSED] - sheetName = "Sheet1": null

25-11-2024T07:48:19 - [TEST_STEP][PASSED] - data = findTestData("PlanFact"): null

25-11-2024T07:48:19 - [TEST_STEP][PASSED] - n = data.getRowNumbers() + 1: null

25-11-2024T07:48:19 - [TEST_STEP][PASSED] - year = todaysDate.substring(todaysDate.length() - 4, todaysDate.length()): null

25-11-2024T07:48:19 - [TEST_STEP][PASSED] - y = year.toInteger(): null

25-11-2024T07:48:19 - [TEST_STEP][PASSED] - m = getText(findTestObject("Выполнение бизнес-плана/Период")): Text of object 'Object Repository/Выполнение бизнес-плана/Период' is: '1, 2, 3 кв. 2024 года'

25-11-2024T07:48:19 - [MESSAGE][PASSED] - Text of object 'Object Repository/Выполнение бизнес-плана/Период' is: '1, 2, 3 кв. 2024 года'

25-11-2024T07:48:19 - [TEST_STEP][PASSED] - m = m.substring(0, m.indexOf("2024")): null

25-11-2024T07:48:19 - [TEST_STEP][PASSED] - m = m.trim(): null

25-11-2024T07:48:19 - [TEST_STEP][PASSED] - dashboardName = "Выполнение бизнес-плана": null

25-11-2024T07:48:19 - [TEST_STEP][PASSED] - workbook01 = getWorkbook(excelFilePath): null

25-11-2024T07:48:20 - [TEST_STEP][PASSED] - sheet01 = getExcelSheet(workbook01, sheetName): null

25-11-2024T07:48:20 - [TEST_STEP][PASSED] - setValueToCellByIndex(sheet01, n, 0, dashboardName): null

25-11-2024T07:48:20 - [TEST_STEP][PASSED] - setValueToCellByIndex(sheet01, n, 1, dZO): null

25-11-2024T07:48:20 - [TEST_STEP][PASSED] - setValueToCellByIndex(sheet01, n, 2, typeOfData): null

25-11-2024T07:48:20 - [TEST_STEP][PASSED] - if (typeOfData == "Факт в процентах" || typeOfData == "План в процентах"): null

25-11-2024T07:48:20 - [TEST_STEP][PASSED] - else: null

25-11-2024T07:48:20 - [TEST_STEP][PASSED] - setValueToCellByIndex(sheet01, n, 3, fileInt): null

25-11-2024T07:48:20 - [TEST_STEP][PASSED] - setValueToCellByIndex(sheet01, n, 4, pageInt): null

25-11-2024T07:48:20 - [TEST_STEP][PASSED] - setValueToCellByIndex(sheet01, n, 5, m): null

25-11-2024T07:48:20 - [TEST_STEP][PASSED] - setValueToCellByIndex(sheet01, n, 6, y): null

25-11-2024T07:48:20 - [TEST_STEP][PASSED] - setValueToCellByIndex(sheet01, n, 7, todaysDate): null

25-11-2024T07:48:20 - [TEST_STEP][PASSED] - n = n + 1: null

25-11-2024T07:48:20 - [TEST_STEP][PASSED] - saveWorkbook(excelFilePath, workbook01): Object: 'Object Repository/Выполнение бизнес-плана/Кнопка Факт' is clicked on

25-11-2024T07:48:20 - [TEST_STEP][PASSED] - if (planFact == 2): Object: 'Object Repository/Выполнение бизнес-плана/Кнопка Факт' is clicked on

25-11-2024T07:48:20 - [TEST_STEP][PASSED] - click(findTestObject("Выполнение бизнес-плана/Кнопка Факт")): Object: 'Object Repository/Выполнение бизнес-плана/Кнопка Факт' is clicked on

25-11-2024T07:48:20 - [MESSAGE][PASSED] - Object: 'Object Repository/Выполнение бизнес-плана/Кнопка Факт' is clicked on

25-11-2024T07:48:20 - [TEST_STEP][PASSED] - if (a == 84 || a == 82): null

25-11-2024T07:48:20 - [TEST_STEP][PASSED] - else if (a == 52 || a == 72 || a == 28 || a == 73 || a == 77 || a == 74 || a == 65 || a == 36 || a == 44 || a == 53 || a == 80 || a == 54 || a == 1 || a == 18 || a == 59 || a == 81): null

25-11-2024T07:48:20 - [TEST_STEP][PASSED] - page1 = getText(findTestObject("Object Repository/Выполнение бизнес-плана/spanPlan" + dzoNum)): Text of object 'Object Repository/Выполнение бизнес-плана/spanPlan3' is: '23.70'

25-11-2024T07:48:20 - [MESSAGE][PASSED] - Text of object 'Object Repository/Выполнение бизнес-плана/spanPlan3' is: '23.70'

25-11-2024T07:48:20 - [TEST_STEP][PASSED] - page1 = page1.replace("|", ""): null

25-11-2024T07:48:20 - [TEST_STEP][PASSED] - page2 = getText(findTestObject("Object Repository/Выполнение бизнес-плана/spanFact" + dzoNum)): Text of object 'Object Repository/Выполнение бизнес-плана/spanFact3' is: '27.54
|'

25-11-2024T07:48:21 - [MESSAGE][PASSED] - Text of object 'Object Repository/Выполнение бизнес-плана/spanFact3' is: '27.54
|'

25-11-2024T07:48:21 - [TEST_STEP][PASSED] - page2 = page2.replace("|", ""): null

25-11-2024T07:48:21 - [TEST_STEP][PASSED] - println("page1: " + page1): null

25-11-2024T07:48:21 - [TEST_STEP][PASSED] - println("page2: " + page2): null

25-11-2024T07:48:21 - [TEST_STEP][PASSED] - file = findTestData("PlanFact").getValue(4, a): null

25-11-2024T07:48:21 - [TEST_STEP][PASSED] - file = file.replace(",", "."): null

25-11-2024T07:48:21 - [TEST_STEP][PASSED] - println("file Plan: " + file): null

25-11-2024T07:48:21 - [TEST_STEP][PASSED] - typeOfData = "План в процентах": null

25-11-2024T07:48:21 - [TEST_STEP][PASSED] - fileDouble = file.toDouble(): null

25-11-2024T07:48:21 - [TEST_STEP][PASSED] - pageDouble = page1.toDouble(): null

25-11-2024T07:48:21 - [TEST_STEP][PASSED] - if (fileDouble != pageDouble): null

25-11-2024T07:48:21 - [TEST_STEP][PASSED] - numberOfErrors = numberOfErrors + 1: null

25-11-2024T07:48:21 - [TEST_STEP][PASSED] - Script1718980020443.WriteToExcel(a, typeOfData, todaysDate, pageInt, fileInt, pageDouble, fileDouble, dZO): null

25-11-2024T07:48:21 - [TEST_STEP][PASSED] - sheetName = "Sheet1": null

25-11-2024T07:48:21 - [TEST_STEP][PASSED] - data = findTestData("PlanFact"): null

25-11-2024T07:48:21 - [TEST_STEP][PASSED] - n = data.getRowNumbers() + 1: null

25-11-2024T07:48:21 - [TEST_STEP][PASSED] - year = todaysDate.substring(todaysDate.length() - 4, todaysDate.length()): null

25-11-2024T07:48:21 - [TEST_STEP][PASSED] - y = year.toInteger(): null

25-11-2024T07:48:21 - [TEST_STEP][PASSED] - m = getText(findTestObject("Выполнение бизнес-плана/Период")): Text of object 'Object Repository/Выполнение бизнес-плана/Период' is: '1, 2, 3 кв. 2024 года'

25-11-2024T07:48:21 - [MESSAGE][PASSED] - Text of object 'Object Repository/Выполнение бизнес-плана/Период' is: '1, 2, 3 кв. 2024 года'

25-11-2024T07:48:21 - [TEST_STEP][PASSED] - m = m.substring(0, m.indexOf("2024")): null

25-11-2024T07:48:21 - [TEST_STEP][PASSED] - m = m.trim(): null

25-11-2024T07:48:21 - [TEST_STEP][PASSED] - dashboardName = "Выполнение бизнес-плана": null

25-11-2024T07:48:21 - [TEST_STEP][PASSED] - workbook01 = getWorkbook(excelFilePath): null

25-11-2024T07:48:21 - [TEST_STEP][PASSED] - sheet01 = getExcelSheet(workbook01, sheetName): null

25-11-2024T07:48:21 - [TEST_STEP][PASSED] - setValueToCellByIndex(sheet01, n, 0, dashboardName): null

25-11-2024T07:48:21 - [TEST_STEP][PASSED] - setValueToCellByIndex(sheet01, n, 1, dZO): null

25-11-2024T07:48:21 - [TEST_STEP][PASSED] - setValueToCellByIndex(sheet01, n, 2, typeOfData): null

25-11-2024T07:48:21 - [TEST_STEP][PASSED] - if (typeOfData == "Факт в процентах" || typeOfData == "План в процентах"): null

25-11-2024T07:48:21 - [TEST_STEP][PASSED] - setValueToCellByIndex(sheet01, n, 3, fileDouble): null

25-11-2024T07:48:21 - [TEST_STEP][PASSED] - setValueToCellByIndex(sheet01, n, 4, pageDouble): null

25-11-2024T07:48:21 - [TEST_STEP][PASSED] - setValueToCellByIndex(sheet01, n, 5, m): null

25-11-2024T07:48:21 - [TEST_STEP][PASSED] - setValueToCellByIndex(sheet01, n, 6, y): null

25-11-2024T07:48:21 - [TEST_STEP][PASSED] - setValueToCellByIndex(sheet01, n, 7, todaysDate): null

25-11-2024T07:48:21 - [TEST_STEP][PASSED] - n = n + 1: null

25-11-2024T07:48:21 - [TEST_STEP][PASSED] - saveWorkbook(excelFilePath, workbook01): null

25-11-2024T07:48:21 - [TEST_STEP][PASSED] - file = findTestData("PlanFact").getValue(7, a): null

25-11-2024T07:48:21 - [TEST_STEP][PASSED] - file = file.replace(",", "."): null

25-11-2024T07:48:21 - [TEST_STEP][PASSED] - println("file Fact: " + file): null

25-11-2024T07:48:21 - [TEST_STEP][PASSED] - fileDouble = file.toDouble(): null

25-11-2024T07:48:21 - [TEST_STEP][PASSED] - typeOfData = "Факт в процентах": null

25-11-2024T07:48:21 - [TEST_STEP][PASSED] - fileDouble = file.toDouble(): null

25-11-2024T07:48:21 - [TEST_STEP][PASSED] - pageDouble = page2.toDouble(): null

25-11-2024T07:48:21 - [TEST_STEP][PASSED] - if (fileDouble != pageDouble): null

25-11-2024T07:48:21 - [TEST_STEP][PASSED] - numberOfErrors = numberOfErrors + 1: null

25-11-2024T07:48:21 - [TEST_STEP][PASSED] - Script1718980020443.WriteToExcel(a, typeOfData, todaysDate, pageInt, fileInt, pageDouble, fileDouble, dZO): null

25-11-2024T07:48:21 - [TEST_STEP][PASSED] - sheetName = "Sheet1": null

25-11-2024T07:48:21 - [TEST_STEP][PASSED] - data = findTestData("PlanFact"): null

25-11-2024T07:48:21 - [TEST_STEP][PASSED] - n = data.getRowNumbers() + 1: null

25-11-2024T07:48:21 - [TEST_STEP][PASSED] - year = todaysDate.substring(todaysDate.length() - 4, todaysDate.length()): null

25-11-2024T07:48:21 - [TEST_STEP][PASSED] - y = year.toInteger(): null

25-11-2024T07:48:21 - [TEST_STEP][PASSED] - m = getText(findTestObject("Выполнение бизнес-плана/Период")): Text of object 'Object Repository/Выполнение бизнес-плана/Период' is: '1, 2, 3 кв. 2024 года'

25-11-2024T07:48:22 - [MESSAGE][PASSED] - Text of object 'Object Repository/Выполнение бизнес-плана/Период' is: '1, 2, 3 кв. 2024 года'

25-11-2024T07:48:22 - [TEST_STEP][PASSED] - m = m.substring(0, m.indexOf("2024")): null

25-11-2024T07:48:22 - [TEST_STEP][PASSED] - m = m.trim(): null

25-11-2024T07:48:22 - [TEST_STEP][PASSED] - dashboardName = "Выполнение бизнес-плана": null

25-11-2024T07:48:22 - [TEST_STEP][PASSED] - workbook01 = getWorkbook(excelFilePath): null

25-11-2024T07:48:22 - [TEST_STEP][PASSED] - sheet01 = getExcelSheet(workbook01, sheetName): null

25-11-2024T07:48:22 - [TEST_STEP][PASSED] - setValueToCellByIndex(sheet01, n, 0, dashboardName): null

25-11-2024T07:48:22 - [TEST_STEP][PASSED] - setValueToCellByIndex(sheet01, n, 1, dZO): null

25-11-2024T07:48:22 - [TEST_STEP][PASSED] - setValueToCellByIndex(sheet01, n, 2, typeOfData): null

25-11-2024T07:48:22 - [TEST_STEP][PASSED] - if (typeOfData == "Факт в процентах" || typeOfData == "План в процентах"): null

25-11-2024T07:48:22 - [TEST_STEP][PASSED] - setValueToCellByIndex(sheet01, n, 3, fileDouble): null

25-11-2024T07:48:22 - [TEST_STEP][PASSED] - setValueToCellByIndex(sheet01, n, 4, pageDouble): null

25-11-2024T07:48:22 - [TEST_STEP][PASSED] - setValueToCellByIndex(sheet01, n, 5, m): null

25-11-2024T07:48:22 - [TEST_STEP][PASSED] - setValueToCellByIndex(sheet01, n, 6, y): null

25-11-2024T07:48:22 - [TEST_STEP][PASSED] - setValueToCellByIndex(sheet01, n, 7, todaysDate): null

25-11-2024T07:48:22 - [TEST_STEP][PASSED] - n = n + 1: null

25-11-2024T07:48:22 - [TEST_STEP][PASSED] - saveWorkbook(excelFilePath, workbook01): null

25-11-2024T07:48:22 - [TEST_STEP][FAILED] - if (verifyEqual(numberOfErrors, 0) == false): null

25-11-2024T07:48:22 - [MESSAGE][FAILED] - Unable to verify equal between actual object '6' and expected object '0' (Root cause: com.kms.katalon.core.exception.StepFailedException: Actual object '6' and expected object '0' are not equal
	at com.kms.katalon.core.keyword.builtin.VerifyEqualKeyword$_verifyEqual_closure1.doCall(VerifyEqualKeyword.groovy:58)
	at com.kms.katalon.core.keyword.builtin.VerifyEqualKeyword$_verifyEqual_closure1.call(VerifyEqualKeyword.groovy)
	at com.kms.katalon.core.keyword.internal.KeywordMain.runKeyword(KeywordMain.groovy:75)
	at com.kms.katalon.core.keyword.builtin.VerifyEqualKeyword.verifyEqual(VerifyEqualKeyword.groovy:63)
	at com.kms.katalon.core.keyword.builtin.VerifyEqualKeyword.execute(VerifyEqualKeyword.groovy:44)
	at com.kms.katalon.core.keyword.internal.KeywordExecutor.executeKeywordForPlatform(KeywordExecutor.groovy:74)
	at com.kms.katalon.core.keyword.BuiltinKeywords.verifyEqual(BuiltinKeywords.groovy:146)
	at java.base/jdk.internal.reflect.NativeMethodAccessorImpl.invoke0(Native Method)
	at java.base/jdk.internal.reflect.NativeMethodAccessorImpl.invoke(NativeMethodAccessorImpl.java:77)
	at java.base/jdk.internal.reflect.DelegatingMethodAccessorImpl.invoke(DelegatingMethodAccessorImpl.java:43)
	at Выполнение бизнес-плана Сверка ПАО Россети все филиалы.Numbers(Выполнение бизнес-плана Сверка ПАО Россети все филиалы:740)
	at Выполнение бизнес-плана Сверка ПАО Россети все филиалы.run(Выполнение бизнес-плана Сверка ПАО Россети все филиалы:304)
	at com.kms.katalon.core.main.ScriptEngine.run(ScriptEngine.java:194)
	at com.kms.katalon.core.main.ScriptEngine.runScriptAsRawText(ScriptEngine.java:119)
	at com.kms.katalon.core.main.TestCaseExecutor.runScript(TestCaseExecutor.java:448)
	at com.kms.katalon.core.main.TestCaseExecutor.doExecute(TestCaseExecutor.java:439)
	at com.kms.katalon.core.main.TestCaseExecutor.processExecutionPhase(TestCaseExecutor.java:418)
	at com.kms.katalon.core.main.TestCaseExecutor.accessMainPhase(TestCaseExecutor.java:410)
	at com.kms.katalon.core.main.TestCaseExecutor.execute(TestCaseExecutor.java:285)
	at com.kms.katalon.core.common.CommonExecutor.accessTestCaseMainPhase(CommonExecutor.java:65)
	at com.kms.katalon.core.main.TestSuiteExecutor.accessTestSuiteMainPhase(TestSuiteExecutor.java:150)
	at com.kms.katalon.core.main.TestSuiteExecutor.execute(TestSuiteExecutor.java:106)
	at com.kms.katalon.core.main.TestCaseMain.startTestSuite(TestCaseMain.java:180)
	at TempTestSuite1732509691813.run(TempTestSuite1732509691813.groovy:35)
	at java.base/jdk.internal.reflect.NativeMethodAccessorImpl.invoke0(Native Method)
	at java.base/jdk.internal.reflect.NativeMethodAccessorImpl.invoke(NativeMethodAccessorImpl.java:77)
	at java.base/jdk.internal.reflect.DelegatingMethodAccessorImpl.invoke(DelegatingMethodAccessorImpl.java:43)
)

25-11-2024T07:48:22 - [TEST_STEP][PASSED] - println(numberOfErrors): null

25-11-2024T07:48:22 - [TEST_STEP][PASSED] - if (a == 28 || a == 77 || a == 74 || a == 65 || a == 36 || a == 44 || a == 54 || a == 1 || a == 18 || a == 59): null

25-11-2024T07:48:22 - [TEST_STEP][PASSED] - Script1718980020443.Filials(a, typeOfData, todaysDate, pageInt, fileInt, pageDouble, fileDouble, dZO, dzoNum, filialNum): null

25-11-2024T07:48:22 - [TEST_STEP][PASSED] - i = <not implemented yet for class: org.codehaus.groovy.ast.expr.EmptyExpression>: null

25-11-2024T07:48:22 - [TEST_STEP][PASSED] - c = <not implemented yet for class: org.codehaus.groovy.ast.expr.EmptyExpression>: null

25-11-2024T07:48:22 - [TEST_STEP][PASSED] - page = <not implemented yet for class: org.codehaus.groovy.ast.expr.EmptyExpression>: null

25-11-2024T07:48:22 - [TEST_STEP][PASSED] - println(dZO): null

25-11-2024T07:48:22 - [TEST_STEP][PASSED] - reducedDZO = <not implemented yet for class: org.codehaus.groovy.ast.expr.EmptyExpression>: null

25-11-2024T07:48:22 - [TEST_STEP][PASSED] - reducedDZO = dZO.substring(dZO.indexOf(" ") + 1, dZO.length()): null

25-11-2024T07:48:22 - [TEST_STEP][PASSED] - if (reducedDZO.contains(" ")): null

25-11-2024T07:48:22 - [TEST_STEP][PASSED] - reducedDZO = reducedDZO.substring(reducedDZO.indexOf(" ") + 1, reducedDZO.length()): null

25-11-2024T07:48:22 - [TEST_STEP][PASSED] - if (reducedDZO.contains(" ")): null

25-11-2024T07:48:22 - [TEST_STEP][PASSED] - println(reducedDZO): null

25-11-2024T07:48:22 - [TEST_STEP][PASSED] - dzoCut = <not implemented yet for class: org.codehaus.groovy.ast.expr.EmptyExpression>: null

25-11-2024T07:48:22 - [TEST_STEP][PASSED] - Script1718980020443.DZO(a): null

25-11-2024T07:48:22 - [TEST_STEP][PASSED] - Script1718980020443.OpenFilter(): null

25-11-2024T07:48:22 - [TEST_STEP][PASSED] - click(findTestObject("Object Repository/Выполнение бизнес-плана/Фильтр ДЗО")): Object: 'Object Repository/Выполнение бизнес-плана/Фильтр ДЗО' is clicked on

25-11-2024T07:48:22 - [MESSAGE][PASSED] - Object: 'Object Repository/Выполнение бизнес-плана/Фильтр ДЗО' is clicked on

25-11-2024T07:48:22 - [TEST_STEP][PASSED] - click(findTestObject("Выполнение бизнес-плана/Снять выделение в фильтре ДЗО")): Object: 'Object Repository/Выполнение бизнес-плана/Снять выделение в фильтре ДЗО' is clicked on

25-11-2024T07:48:23 - [MESSAGE][PASSED] - Object: 'Object Repository/Выполнение бизнес-плана/Снять выделение в фильтре ДЗО' is clicked on

25-11-2024T07:48:23 - [TEST_STEP][PASSED] - Script1718980020443.OpenRSK(): null

25-11-2024T07:48:23 - [TEST_STEP][PASSED] - click(findTestObject("Выполнение бизнес-плана/Раскрыть список ПАО Россети в фильтре ДЗО")): Object: 'Object Repository/Выполнение бизнес-плана/Раскрыть список ПАО Россети в фильтре ДЗО' is clicked on

25-11-2024T07:48:23 - [MESSAGE][PASSED] - Object: 'Object Repository/Выполнение бизнес-плана/Раскрыть список ПАО Россети в фильтре ДЗО' is clicked on

25-11-2024T07:48:23 - [TEST_STEP][PASSED] - click(findTestObject("Выполнение бизнес-плана/Раскрыть список РаспредКомплекс в фильтре ДЗО")): Object: 'Object Repository/Выполнение бизнес-плана/Раскрыть список РаспредКомплекс в фильтре ДЗО' is clicked on

25-11-2024T07:48:24 - [MESSAGE][PASSED] - Object: 'Object Repository/Выполнение бизнес-плана/Раскрыть список РаспредКомплекс в фильтре ДЗО' is clicked on

25-11-2024T07:48:24 - [TEST_STEP][PASSED] - if (a == 28): null

25-11-2024T07:48:24 - [TEST_STEP][PASSED] - if (a == 77): null

25-11-2024T07:48:24 - [TEST_STEP][PASSED] - if (a == 74): null

25-11-2024T07:48:24 - [TEST_STEP][PASSED] - if (a == 65): Object: 'Object Repository/Выполнение бизнес-плана/Россети Северный Кавказ' is clicked on

25-11-2024T07:48:24 - [TEST_STEP][PASSED] - scrollToElement(findTestObject("Общие объекты/Раскрыть список Россети Северный кавказ"), 30): Scroll to object 'Object Repository/Общие объекты/Раскрыть список Россети Северный кавказ' successfully

25-11-2024T07:48:24 - [MESSAGE][PASSED] - Scroll to object 'Object Repository/Общие объекты/Раскрыть список Россети Северный кавказ' successfully

25-11-2024T07:48:24 - [TEST_STEP][PASSED] - click(findTestObject("Выполнение бизнес-плана/Россети Северный Кавказ")): Object: 'Object Repository/Выполнение бизнес-плана/Россети Северный Кавказ' is clicked on

25-11-2024T07:48:24 - [MESSAGE][PASSED] - Object: 'Object Repository/Выполнение бизнес-плана/Россети Северный Кавказ' is clicked on

25-11-2024T07:48:24 - [TEST_STEP][PASSED] - if (a == 36): null

25-11-2024T07:48:24 - [TEST_STEP][PASSED] - if (a == 44): null

25-11-2024T07:48:24 - [TEST_STEP][PASSED] - if (a == 54): null

25-11-2024T07:48:24 - [TEST_STEP][PASSED] - if (a == 1): null

25-11-2024T07:48:24 - [TEST_STEP][PASSED] - if (a == 18): null

25-11-2024T07:48:24 - [TEST_STEP][PASSED] - if (a == 59): null

25-11-2024T07:48:24 - [TEST_STEP][PASSED] - Script1718980020443.CloseFilter(): null

25-11-2024T07:48:24 - [TEST_STEP][PASSED] - scrollToElement(findTestObject("Выполнение бизнес-плана/Заголовок дашборда"), 30): Scroll to object 'Object Repository/Выполнение бизнес-плана/Заголовок дашборда' successfully

25-11-2024T07:48:25 - [MESSAGE][PASSED] - Scroll to object 'Object Repository/Выполнение бизнес-плана/Заголовок дашборда' successfully

25-11-2024T07:48:25 - [TEST_STEP][PASSED] - click(findTestObject("Object Repository/Выполнение бизнес-плана/Применить в фильтре ДЗО")): Object: 'Object Repository/Выполнение бизнес-плана/Применить в фильтре ДЗО' is clicked on

25-11-2024T07:48:26 - [MESSAGE][PASSED] - Object: 'Object Repository/Выполнение бизнес-плана/Применить в фильтре ДЗО' is clicked on

25-11-2024T07:48:26 - [TEST_STEP][PASSED] - Script1718980020443.ZakrytOpoveshenie(): null

25-11-2024T07:48:26 - [TEST_STEP][PASSED] - delay(10): Delayed 10 second(s)

25-11-2024T07:48:36 - [MESSAGE][PASSED] - Delayed 10 second(s)

25-11-2024T07:48:36 - [TEST_STEP][PASSED] - opoveshenie = getText(findTestObject("Выполнение бизнес-плана/Просьба обратить внимание")): Text of object 'Object Repository/Выполнение бизнес-плана/Просьба обратить внимание' is: ''

25-11-2024T07:48:48 - [MESSAGE][PASSED] - Text of object 'Object Repository/Выполнение бизнес-плана/Просьба обратить внимание' is: ''

25-11-2024T07:48:48 - [TEST_STEP][PASSED] - println(opoveshenie): null

25-11-2024T07:48:48 - [TEST_STEP][PASSED] - if (opoveshenie == "Просьба обратить внимание"): null

25-11-2024T07:48:48 - [TEST_STEP][PASSED] - page = getText(findTestObject("Object Repository/Выполнение бизнес-плана/Filials")): Text of object 'Object Repository/Выполнение бизнес-плана/Filials' is: 'Россети Северный Кавказ
0
10
20
30
40
50
60
70'

25-11-2024T07:48:49 - [MESSAGE][PASSED] - Text of object 'Object Repository/Выполнение бизнес-плана/Filials' is: 'Россети Северный Кавказ
0
10
20
30
40
50
60
70'

25-11-2024T07:48:49 - [TEST_STEP][PASSED] - println(page): null

25-11-2024T07:48:49 - [TEST_STEP][PASSED] - c = page.indexOf(reducedDZO): null

25-11-2024T07:48:49 - [TEST_STEP][PASSED] - if (c > -1): null

25-11-2024T07:48:49 - [TEST_STEP][PASSED] - click(findTestObject("Выполнение бизнес-плана/список")): Object: 'Object Repository/Выполнение бизнес-плана/список' is clicked on

25-11-2024T07:48:49 - [MESSAGE][PASSED] - Object: 'Object Repository/Выполнение бизнес-плана/список' is clicked on

25-11-2024T07:48:49 - [TEST_STEP][PASSED] - delay(10): Delayed 10 second(s)

25-11-2024T07:48:59 - [MESSAGE][PASSED] - Delayed 10 second(s)

25-11-2024T07:48:59 - [TEST_STEP][PASSED] - click(findTestObject("Выполнение бизнес-плана/Раскрытие списка")): Object: 'Object Repository/Выполнение бизнес-плана/Раскрытие списка' is clicked on

25-11-2024T07:49:00 - [MESSAGE][PASSED] - Object: 'Object Repository/Выполнение бизнес-плана/Раскрытие списка' is clicked on

25-11-2024T07:49:00 - [TEST_STEP][PASSED] - delay(10): Delayed 10 second(s)

25-11-2024T07:49:10 - [MESSAGE][PASSED] - Delayed 10 second(s)

25-11-2024T07:49:10 - [TEST_STEP][PASSED] - page = getText(findTestObject("Object Repository/Выполнение бизнес-плана/Filials")): Text of object 'Object Repository/Выполнение бизнес-плана/Filials' is: 'Дагэнерго
Ингушэнерго
Каббалкэнерго
Карачаево-Черкесскэнерго
Севкавказэнерго
Ставропольэнерго
0
10
20
30
40
50
60
70'

25-11-2024T07:49:10 - [MESSAGE][PASSED] - Text of object 'Object Repository/Выполнение бизнес-плана/Filials' is: 'Дагэнерго
Ингушэнерго
Каббалкэнерго
Карачаево-Черкесскэнерго
Севкавказэнерго
Ставропольэнерго
0
10
20
30
40
50
60
70'

25-11-2024T07:49:10 - [TEST_STEP][PASSED] - println(page): null

25-11-2024T07:49:10 - [TEST_STEP][PASSED] - c = page.indexOf(reducedDZO): null

25-11-2024T07:49:10 - [TEST_STEP][PASSED] - x2 = getText(findTestObject("Выполнение бизнес-плана/Список ДЗО старый")): Text of object 'Object Repository/Выполнение бизнес-плана/Список ДЗО старый' is: 'Дагэнерго
Ингушэнерго
Каббалкэнерго
Карачаево-Черкесскэнерго
Севкавказэнерго
Ставропольэнерго
0
10
20
30
40
50
60
70'

25-11-2024T07:49:10 - [MESSAGE][PASSED] - Text of object 'Object Repository/Выполнение бизнес-плана/Список ДЗО старый' is: 'Дагэнерго
Ингушэнерго
Каббалкэнерго
Карачаево-Черкесскэнерго
Севкавказэнерго
Ставропольэнерго
0
10
20
30
40
50
60
70'

25-11-2024T07:49:10 - [TEST_STEP][PASSED] - if (a == 28): null

25-11-2024T07:49:10 - [TEST_STEP][PASSED] - if (a == 77): null

25-11-2024T07:49:10 - [TEST_STEP][PASSED] - if (a == 74): null

25-11-2024T07:49:10 - [TEST_STEP][PASSED] - if (a == 65): null

25-11-2024T07:49:10 - [TEST_STEP][PASSED] - dZO = "Дагэнерго": null

25-11-2024T07:49:10 - [TEST_STEP][PASSED] - a = 71: null

25-11-2024T07:49:10 - [TEST_STEP][PASSED] - if (x2.contains(dZO)): null

25-11-2024T07:49:10 - [TEST_STEP][PASSED] - filialNum = filialNum + 1: null

25-11-2024T07:49:10 - [TEST_STEP][PASSED] - Script1718980020443.Numbers(a, typeOfData, todaysDate, pageInt, fileInt, pageDouble, fileDouble, dZO, dzoNum, filialNum): null

25-11-2024T07:49:10 - [TEST_STEP][PASSED] - println(dzoNum): null

25-11-2024T07:49:10 - [TEST_STEP][PASSED] - planFact = <not implemented yet for class: org.codehaus.groovy.ast.expr.EmptyExpression>: null

25-11-2024T07:49:10 - [TEST_STEP][PASSED] - page = <not implemented yet for class: org.codehaus.groovy.ast.expr.EmptyExpression>: null

25-11-2024T07:49:10 - [TEST_STEP][PASSED] - page1 = <not implemented yet for class: org.codehaus.groovy.ast.expr.EmptyExpression>: null

25-11-2024T07:49:10 - [TEST_STEP][PASSED] - page2 = <not implemented yet for class: org.codehaus.groovy.ast.expr.EmptyExpression>: null

25-11-2024T07:49:10 - [TEST_STEP][PASSED] - filialNumberInRow = <not implemented yet for class: org.codehaus.groovy.ast.expr.EmptyExpression>: null

25-11-2024T07:49:10 - [TEST_STEP][PASSED] - filialsDzoNames = <not implemented yet for class: org.codehaus.groovy.ast.expr.EmptyExpression>: null

25-11-2024T07:49:10 - [TEST_STEP][PASSED] - numberOfFilials = <not implemented yet for class: org.codehaus.groovy.ast.expr.EmptyExpression>: null

25-11-2024T07:49:10 - [TEST_STEP][PASSED] - numberOfSpaces = <not implemented yet for class: org.codehaus.groovy.ast.expr.EmptyExpression>: null

25-11-2024T07:49:10 - [TEST_STEP][PASSED] - file = <not implemented yet for class: org.codehaus.groovy.ast.expr.EmptyExpression>: null

25-11-2024T07:49:10 - [TEST_STEP][PASSED] - otpusk = <not implemented yet for class: org.codehaus.groovy.ast.expr.EmptyExpression>: null

25-11-2024T07:49:10 - [TEST_STEP][PASSED] - poteri = <not implemented yet for class: org.codehaus.groovy.ast.expr.EmptyExpression>: null

25-11-2024T07:49:10 - [TEST_STEP][PASSED] - dataFolder = "Выполнение бизнес-плана/Значения со страницы Выполнение бизнес-плана/": null

25-11-2024T07:49:10 - [TEST_STEP][PASSED] - path = <not implemented yet for class: org.codehaus.groovy.ast.expr.EmptyExpression>: null

25-11-2024T07:49:10 - [TEST_STEP][PASSED] - typeOfDataMain = <not implemented yet for class: org.codehaus.groovy.ast.expr.EmptyExpression>: null

25-11-2024T07:49:10 - [TEST_STEP][PASSED] - fileOtpuskVSet = <not implemented yet for class: org.codehaus.groovy.ast.expr.EmptyExpression>: null

25-11-2024T07:49:10 - [TEST_STEP][PASSED] - pageOtpuskVSet = <not implemented yet for class: org.codehaus.groovy.ast.expr.EmptyExpression>: null

25-11-2024T07:49:10 - [TEST_STEP][PASSED] - filePoteri = <not implemented yet for class: org.codehaus.groovy.ast.expr.EmptyExpression>: null

25-11-2024T07:49:10 - [TEST_STEP][PASSED] - pagePoteri = <not implemented yet for class: org.codehaus.groovy.ast.expr.EmptyExpression>: null

25-11-2024T07:49:10 - [TEST_STEP][PASSED] - compare = <not implemented yet for class: org.codehaus.groovy.ast.expr.EmptyExpression>: null

25-11-2024T07:49:10 - [TEST_STEP][PASSED] - b = <not implemented yet for class: org.codehaus.groovy.ast.expr.EmptyExpression>: null

25-11-2024T07:49:10 - [TEST_STEP][PASSED] - i = <not implemented yet for class: org.codehaus.groovy.ast.expr.EmptyExpression>: null

25-11-2024T07:49:10 - [TEST_STEP][PASSED] - ii = <not implemented yet for class: org.codehaus.groovy.ast.expr.EmptyExpression>: null

25-11-2024T07:49:10 - [TEST_STEP][PASSED] - c = <not implemented yet for class: org.codehaus.groovy.ast.expr.EmptyExpression>: null

25-11-2024T07:49:10 - [TEST_STEP][PASSED] - numberOfErrors = 0: null

25-11-2024T07:49:10 - [TEST_STEP][PASSED] - if (a == 82): null

25-11-2024T07:49:10 - [TEST_STEP][PASSED] - b = findTestData("PlanFact").getValue(1, a): null

25-11-2024T07:49:10 - [TEST_STEP][PASSED] - i = b.indexOf(" (ГК)"): null

25-11-2024T07:49:10 - [TEST_STEP][PASSED] - if (i > -1): null

25-11-2024T07:49:10 - [TEST_STEP][PASSED] - i = b.indexOf("О ""): null

25-11-2024T07:49:10 - [TEST_STEP][PASSED] - if (i > -1): null

25-11-2024T07:49:10 - [TEST_STEP][PASSED] - i = b.indexOf("О «"): null

25-11-2024T07:49:10 - [TEST_STEP][PASSED] - if (i > -1): null

25-11-2024T07:49:10 - [TEST_STEP][PASSED] - i = b.indexOf("г. "): null

25-11-2024T07:49:10 - [TEST_STEP][PASSED] - if (i > -1): null

25-11-2024T07:49:10 - [TEST_STEP][PASSED] - println(b): null

25-11-2024T07:49:10 - [TEST_STEP][PASSED] - for ([planFact = 1, planFact < 3, (planFact++)]): null

25-11-2024T07:49:10 - [TEST_STEP][PASSED] - if (planFact == 1): null

25-11-2024T07:49:10 - [TEST_STEP][PASSED] - typeOfDataMain = "Факт": null

25-11-2024T07:49:10 - [TEST_STEP][PASSED] - otpusk = findTestData("PlanFact").getValue(5, a): null

25-11-2024T07:49:10 - [TEST_STEP][PASSED] - poteri = findTestData("PlanFact").getValue(6, a): null

25-11-2024T07:49:10 - [TEST_STEP][PASSED] - otpusk = otpusk.replaceAll("\s+", ""): null

25-11-2024T07:49:10 - [TEST_STEP][PASSED] - poteri = poteri.replaceAll("\s+", ""): null

25-11-2024T07:49:10 - [TEST_STEP][PASSED] - typeOfData = typeOfDataMain + " Отпуск в сеть": null

25-11-2024T07:49:10 - [TEST_STEP][PASSED] - if (a == 82): null

25-11-2024T07:49:10 - [TEST_STEP][PASSED] - else if (a == 84): null

25-11-2024T07:49:10 - [TEST_STEP][PASSED] - else if (a == 52 || a == 72 || a == 28 || a == 73 || a == 77 || a == 74 || a == 65 || a == 36 || a == 44 || a == 53 || a == 80 || a == 54 || a == 1 || a == 18 || a == 59 || a == 81): null

25-11-2024T07:49:10 - [TEST_STEP][PASSED] - else: null

25-11-2024T07:49:10 - [TEST_STEP][PASSED] - path = dataFolder + typeOfData + " за отчётный период " + b: null

25-11-2024T07:49:10 - [TEST_STEP][PASSED] - println(path): null

25-11-2024T07:49:10 - [TEST_STEP][PASSED] - page = getText(findTestObject(path)): Text of object 'Object Repository/Выполнение бизнес-плана/Значения со страницы Выполнение бизнес-плана/Факт Отпуск в сеть за отчётный период Дагэнерго' is: '6 610 196'

25-11-2024T07:49:11 - [MESSAGE][PASSED] - Text of object 'Object Repository/Выполнение бизнес-плана/Значения со страницы Выполнение бизнес-плана/Факт Отпуск в сеть за отчётный период Дагэнерго' is: '6 610 196'

25-11-2024T07:49:11 - [TEST_STEP][PASSED] - page = page.replaceAll("\s+", ""): null

25-11-2024T07:49:11 - [TEST_STEP][PASSED] - fileOtpuskVSet = otpusk.toInteger(): null

25-11-2024T07:49:11 - [TEST_STEP][PASSED] - pageOtpuskVSet = page.toInteger(): null

25-11-2024T07:49:11 - [TEST_STEP][PASSED] - typeOfData = typeOfDataMain + " Потери": null

25-11-2024T07:49:11 - [TEST_STEP][PASSED] - if (a == 82): null

25-11-2024T07:49:11 - [TEST_STEP][PASSED] - else if (a == 84): null

25-11-2024T07:49:11 - [TEST_STEP][PASSED] - else if (a == 52 || a == 72 || a == 28 || a == 73 || a == 77 || a == 74 || a == 65 || a == 36 || a == 44 || a == 53 || a == 80 || a == 54 || a == 1 || a == 18 || a == 59 || a == 81): null

25-11-2024T07:49:11 - [TEST_STEP][PASSED] - else: null

25-11-2024T07:49:11 - [TEST_STEP][PASSED] - path = dataFolder + typeOfData + " за отчётный период " + b: null

25-11-2024T07:49:11 - [TEST_STEP][PASSED] - page = getText(findTestObject(path)): Text of object 'Object Repository/Выполнение бизнес-плана/Значения со страницы Выполнение бизнес-плана/Факт Потери за отчётный период Дагэнерго' is: '3 159 035'

25-11-2024T07:49:11 - [MESSAGE][PASSED] - Text of object 'Object Repository/Выполнение бизнес-плана/Значения со страницы Выполнение бизнес-плана/Факт Потери за отчётный период Дагэнерго' is: '3 159 035'

25-11-2024T07:49:11 - [TEST_STEP][PASSED] - page = page.replaceAll("\s+", ""): null

25-11-2024T07:49:11 - [TEST_STEP][PASSED] - filePoteri = poteri.toInteger(): null

25-11-2024T07:49:11 - [TEST_STEP][PASSED] - pagePoteri = page.toInteger(): null

25-11-2024T07:49:11 - [TEST_STEP][PASSED] - compare = pageOtpuskVSet: null

25-11-2024T07:49:11 - [TEST_STEP][PASSED] - if (compare == fileOtpuskVSet): null

25-11-2024T07:49:11 - [TEST_STEP][PASSED] - else if (compare > fileOtpuskVSet): null

25-11-2024T07:49:11 - [TEST_STEP][PASSED] - compare = compare - 1: null

25-11-2024T07:49:11 - [TEST_STEP][PASSED] - if (compare == fileOtpuskVSet): null

25-11-2024T07:49:11 - [TEST_STEP][PASSED] - else: null

25-11-2024T07:49:11 - [TEST_STEP][PASSED] - numberOfErrors = numberOfErrors + 1: null

25-11-2024T07:49:11 - [TEST_STEP][PASSED] - pageInt = pageOtpuskVSet: null

25-11-2024T07:49:11 - [TEST_STEP][PASSED] - fileInt = fileOtpuskVSet: null

25-11-2024T07:49:11 - [TEST_STEP][PASSED] - typeOfData = typeOfDataMain + " Отпуск в сеть": null

25-11-2024T07:49:11 - [TEST_STEP][PASSED] - Script1718980020443.WriteToExcel(a, typeOfData, todaysDate, pageInt, fileInt, pageDouble, fileDouble, dZO): null

25-11-2024T07:49:11 - [TEST_STEP][PASSED] - sheetName = "Sheet1": null

25-11-2024T07:49:11 - [TEST_STEP][PASSED] - data = findTestData("PlanFact"): null

25-11-2024T07:49:11 - [TEST_STEP][PASSED] - n = data.getRowNumbers() + 1: null

25-11-2024T07:49:11 - [TEST_STEP][PASSED] - year = todaysDate.substring(todaysDate.length() - 4, todaysDate.length()): null

25-11-2024T07:49:11 - [TEST_STEP][PASSED] - y = year.toInteger(): null

25-11-2024T07:49:11 - [TEST_STEP][PASSED] - m = getText(findTestObject("Выполнение бизнес-плана/Период")): Text of object 'Object Repository/Выполнение бизнес-плана/Период' is: '1, 2, 3 кв. 2024 года'

25-11-2024T07:49:11 - [MESSAGE][PASSED] - Text of object 'Object Repository/Выполнение бизнес-плана/Период' is: '1, 2, 3 кв. 2024 года'

25-11-2024T07:49:11 - [TEST_STEP][PASSED] - m = m.substring(0, m.indexOf("2024")): null

25-11-2024T07:49:11 - [TEST_STEP][PASSED] - m = m.trim(): null

25-11-2024T07:49:11 - [TEST_STEP][PASSED] - dashboardName = "Выполнение бизнес-плана": null

25-11-2024T07:49:11 - [TEST_STEP][PASSED] - workbook01 = getWorkbook(excelFilePath): null

25-11-2024T07:49:11 - [TEST_STEP][PASSED] - sheet01 = getExcelSheet(workbook01, sheetName): null

25-11-2024T07:49:11 - [TEST_STEP][PASSED] - setValueToCellByIndex(sheet01, n, 0, dashboardName): null

25-11-2024T07:49:11 - [TEST_STEP][PASSED] - setValueToCellByIndex(sheet01, n, 1, dZO): null

25-11-2024T07:49:11 - [TEST_STEP][PASSED] - setValueToCellByIndex(sheet01, n, 2, typeOfData): null

25-11-2024T07:49:11 - [TEST_STEP][PASSED] - if (typeOfData == "Факт в процентах" || typeOfData == "План в процентах"): null

25-11-2024T07:49:11 - [TEST_STEP][PASSED] - else: null

25-11-2024T07:49:11 - [TEST_STEP][PASSED] - setValueToCellByIndex(sheet01, n, 3, fileInt): null

25-11-2024T07:49:11 - [TEST_STEP][PASSED] - setValueToCellByIndex(sheet01, n, 4, pageInt): null

25-11-2024T07:49:11 - [TEST_STEP][PASSED] - setValueToCellByIndex(sheet01, n, 5, m): null

25-11-2024T07:49:11 - [TEST_STEP][PASSED] - setValueToCellByIndex(sheet01, n, 6, y): null

25-11-2024T07:49:11 - [TEST_STEP][PASSED] - setValueToCellByIndex(sheet01, n, 7, todaysDate): null

25-11-2024T07:49:11 - [TEST_STEP][PASSED] - n = n + 1: null

25-11-2024T07:49:11 - [TEST_STEP][PASSED] - saveWorkbook(excelFilePath, workbook01): null

25-11-2024T07:49:12 - [TEST_STEP][PASSED] - compare = pagePoteri: null

25-11-2024T07:49:12 - [TEST_STEP][PASSED] - if (compare == filePoteri): null

25-11-2024T07:49:12 - [TEST_STEP][PASSED] - else if (compare > filePoteri): null

25-11-2024T07:49:12 - [TEST_STEP][PASSED] - compare = compare - 1: null

25-11-2024T07:49:12 - [TEST_STEP][PASSED] - if (compare == filePoteri): null

25-11-2024T07:49:12 - [TEST_STEP][PASSED] - else: null

25-11-2024T07:49:12 - [TEST_STEP][PASSED] - numberOfErrors = numberOfErrors + 1: null

25-11-2024T07:49:12 - [TEST_STEP][PASSED] - pageInt = pagePoteri: null

25-11-2024T07:49:12 - [TEST_STEP][PASSED] - fileInt = filePoteri: null

25-11-2024T07:49:12 - [TEST_STEP][PASSED] - typeOfData = typeOfDataMain + " Потери": null

25-11-2024T07:49:12 - [TEST_STEP][PASSED] - Script1718980020443.WriteToExcel(a, typeOfData, todaysDate, pageInt, fileInt, pageDouble, fileDouble, dZO): null

25-11-2024T07:49:12 - [TEST_STEP][PASSED] - sheetName = "Sheet1": null

25-11-2024T07:49:12 - [TEST_STEP][PASSED] - data = findTestData("PlanFact"): null

25-11-2024T07:49:12 - [TEST_STEP][PASSED] - n = data.getRowNumbers() + 1: null

25-11-2024T07:49:12 - [TEST_STEP][PASSED] - year = todaysDate.substring(todaysDate.length() - 4, todaysDate.length()): null

25-11-2024T07:49:12 - [TEST_STEP][PASSED] - y = year.toInteger(): null

25-11-2024T07:49:12 - [TEST_STEP][PASSED] - m = getText(findTestObject("Выполнение бизнес-плана/Период")): Text of object 'Object Repository/Выполнение бизнес-плана/Период' is: '1, 2, 3 кв. 2024 года'

25-11-2024T07:49:12 - [MESSAGE][PASSED] - Text of object 'Object Repository/Выполнение бизнес-плана/Период' is: '1, 2, 3 кв. 2024 года'

25-11-2024T07:49:12 - [TEST_STEP][PASSED] - m = m.substring(0, m.indexOf("2024")): null

25-11-2024T07:49:12 - [TEST_STEP][PASSED] - m = m.trim(): null

25-11-2024T07:49:12 - [TEST_STEP][PASSED] - dashboardName = "Выполнение бизнес-плана": null

25-11-2024T07:49:12 - [TEST_STEP][PASSED] - workbook01 = getWorkbook(excelFilePath): null

25-11-2024T07:49:12 - [TEST_STEP][PASSED] - sheet01 = getExcelSheet(workbook01, sheetName): null

25-11-2024T07:49:12 - [TEST_STEP][PASSED] - setValueToCellByIndex(sheet01, n, 0, dashboardName): null

25-11-2024T07:49:12 - [TEST_STEP][PASSED] - setValueToCellByIndex(sheet01, n, 1, dZO): null

25-11-2024T07:49:12 - [TEST_STEP][PASSED] - setValueToCellByIndex(sheet01, n, 2, typeOfData): null

25-11-2024T07:49:12 - [TEST_STEP][PASSED] - if (typeOfData == "Факт в процентах" || typeOfData == "План в процентах"): null

25-11-2024T07:49:12 - [TEST_STEP][PASSED] - else: null

25-11-2024T07:49:12 - [TEST_STEP][PASSED] - setValueToCellByIndex(sheet01, n, 3, fileInt): null

25-11-2024T07:49:12 - [TEST_STEP][PASSED] - setValueToCellByIndex(sheet01, n, 4, pageInt): null

25-11-2024T07:49:12 - [TEST_STEP][PASSED] - setValueToCellByIndex(sheet01, n, 5, m): null

25-11-2024T07:49:12 - [TEST_STEP][PASSED] - setValueToCellByIndex(sheet01, n, 6, y): null

25-11-2024T07:49:12 - [TEST_STEP][PASSED] - setValueToCellByIndex(sheet01, n, 7, todaysDate): null

25-11-2024T07:49:12 - [TEST_STEP][PASSED] - n = n + 1: null

25-11-2024T07:49:12 - [TEST_STEP][PASSED] - saveWorkbook(excelFilePath, workbook01): null

25-11-2024T07:49:12 - [TEST_STEP][PASSED] - if (planFact == 2): null

25-11-2024T07:49:12 - [TEST_STEP][PASSED] - if (planFact == 1): null

25-11-2024T07:49:12 - [TEST_STEP][PASSED] - else if (planFact == 2): null

25-11-2024T07:49:12 - [TEST_STEP][PASSED] - click(findTestObject("Выполнение бизнес-плана/Кнопка План")): Object: 'Object Repository/Выполнение бизнес-плана/Кнопка План' is clicked on

25-11-2024T07:49:13 - [MESSAGE][PASSED] - Object: 'Object Repository/Выполнение бизнес-плана/Кнопка План' is clicked on

25-11-2024T07:49:13 - [TEST_STEP][PASSED] - typeOfDataMain = "План": null

25-11-2024T07:49:13 - [TEST_STEP][PASSED] - otpusk = findTestData("PlanFact").getValue(2, a): null

25-11-2024T07:49:13 - [TEST_STEP][PASSED] - poteri = findTestData("PlanFact").getValue(3, a): null

25-11-2024T07:49:13 - [TEST_STEP][PASSED] - otpusk = otpusk.replaceAll("\s+", ""): null

25-11-2024T07:49:13 - [TEST_STEP][PASSED] - poteri = poteri.replaceAll("\s+", ""): null

25-11-2024T07:49:13 - [TEST_STEP][PASSED] - typeOfData = typeOfDataMain + " Отпуск в сеть": null

25-11-2024T07:49:13 - [TEST_STEP][PASSED] - if (a == 82): null

25-11-2024T07:49:13 - [TEST_STEP][PASSED] - else if (a == 84): null

25-11-2024T07:49:13 - [TEST_STEP][PASSED] - else if (a == 52 || a == 72 || a == 28 || a == 73 || a == 77 || a == 74 || a == 65 || a == 36 || a == 44 || a == 53 || a == 80 || a == 54 || a == 1 || a == 18 || a == 59 || a == 81): null

25-11-2024T07:49:13 - [TEST_STEP][PASSED] - else: null

25-11-2024T07:49:13 - [TEST_STEP][PASSED] - path = dataFolder + typeOfData + " за отчётный период " + b: null

25-11-2024T07:49:13 - [TEST_STEP][PASSED] - println(path): null

25-11-2024T07:49:13 - [TEST_STEP][PASSED] - page = getText(findTestObject(path)): Text of object 'Object Repository/Выполнение бизнес-плана/Значения со страницы Выполнение бизнес-плана/План Отпуск в сеть за отчётный период Дагэнерго' is: '6 186 218'

25-11-2024T07:49:13 - [MESSAGE][PASSED] - Text of object 'Object Repository/Выполнение бизнес-плана/Значения со страницы Выполнение бизнес-плана/План Отпуск в сеть за отчётный период Дагэнерго' is: '6 186 218'

25-11-2024T07:49:13 - [TEST_STEP][PASSED] - page = page.replaceAll("\s+", ""): null

25-11-2024T07:49:13 - [TEST_STEP][PASSED] - fileOtpuskVSet = otpusk.toInteger(): null

25-11-2024T07:49:13 - [TEST_STEP][PASSED] - pageOtpuskVSet = page.toInteger(): null

25-11-2024T07:49:13 - [TEST_STEP][PASSED] - typeOfData = typeOfDataMain + " Потери": null

25-11-2024T07:49:13 - [TEST_STEP][PASSED] - if (a == 82): null

25-11-2024T07:49:13 - [TEST_STEP][PASSED] - else if (a == 84): null

25-11-2024T07:49:13 - [TEST_STEP][PASSED] - else if (a == 52 || a == 72 || a == 28 || a == 73 || a == 77 || a == 74 || a == 65 || a == 36 || a == 44 || a == 53 || a == 80 || a == 54 || a == 1 || a == 18 || a == 59 || a == 81): null

25-11-2024T07:49:13 - [TEST_STEP][PASSED] - else: null

25-11-2024T07:49:13 - [TEST_STEP][PASSED] - path = dataFolder + typeOfData + " за отчётный период " + b: null

25-11-2024T07:49:13 - [TEST_STEP][PASSED] - page = getText(findTestObject(path)): Text of object 'Object Repository/Выполнение бизнес-плана/Значения со страницы Выполнение бизнес-плана/План Потери за отчётный период Дагэнерго' is: '2 458 608'

25-11-2024T07:49:13 - [MESSAGE][PASSED] - Text of object 'Object Repository/Выполнение бизнес-плана/Значения со страницы Выполнение бизнес-плана/План Потери за отчётный период Дагэнерго' is: '2 458 608'

25-11-2024T07:49:13 - [TEST_STEP][PASSED] - page = page.replaceAll("\s+", ""): null

25-11-2024T07:49:13 - [TEST_STEP][PASSED] - filePoteri = poteri.toInteger(): null

25-11-2024T07:49:13 - [TEST_STEP][PASSED] - pagePoteri = page.toInteger(): null

25-11-2024T07:49:13 - [TEST_STEP][PASSED] - compare = pageOtpuskVSet: null

25-11-2024T07:49:13 - [TEST_STEP][PASSED] - if (compare == fileOtpuskVSet): null

25-11-2024T07:49:13 - [TEST_STEP][PASSED] - else if (compare > fileOtpuskVSet): null

25-11-2024T07:49:13 - [TEST_STEP][PASSED] - else if (compare < fileOtpuskVSet): null

25-11-2024T07:49:13 - [TEST_STEP][PASSED] - compare = compare + 1: null

25-11-2024T07:49:13 - [TEST_STEP][PASSED] - if (compare == fileOtpuskVSet): null

25-11-2024T07:49:13 - [TEST_STEP][PASSED] - else: null

25-11-2024T07:49:13 - [TEST_STEP][PASSED] - numberOfErrors = numberOfErrors + 1: null

25-11-2024T07:49:13 - [TEST_STEP][PASSED] - pageInt = pageOtpuskVSet: null

25-11-2024T07:49:13 - [TEST_STEP][PASSED] - fileInt = fileOtpuskVSet: null

25-11-2024T07:49:13 - [TEST_STEP][PASSED] - typeOfData = typeOfDataMain + " Отпуск в сеть": null

25-11-2024T07:49:13 - [TEST_STEP][PASSED] - Script1718980020443.WriteToExcel(a, typeOfData, todaysDate, pageInt, fileInt, pageDouble, fileDouble, dZO): null

25-11-2024T07:49:13 - [TEST_STEP][PASSED] - sheetName = "Sheet1": null

25-11-2024T07:49:13 - [TEST_STEP][PASSED] - data = findTestData("PlanFact"): null

25-11-2024T07:49:13 - [TEST_STEP][PASSED] - n = data.getRowNumbers() + 1: null

25-11-2024T07:49:13 - [TEST_STEP][PASSED] - year = todaysDate.substring(todaysDate.length() - 4, todaysDate.length()): null

25-11-2024T07:49:13 - [TEST_STEP][PASSED] - y = year.toInteger(): null

25-11-2024T07:49:13 - [TEST_STEP][PASSED] - m = getText(findTestObject("Выполнение бизнес-плана/Период")): Text of object 'Object Repository/Выполнение бизнес-плана/Период' is: '1, 2, 3 кв. 2024 года'

25-11-2024T07:49:14 - [MESSAGE][PASSED] - Text of object 'Object Repository/Выполнение бизнес-плана/Период' is: '1, 2, 3 кв. 2024 года'

25-11-2024T07:49:14 - [TEST_STEP][PASSED] - m = m.substring(0, m.indexOf("2024")): null

25-11-2024T07:49:14 - [TEST_STEP][PASSED] - m = m.trim(): null

25-11-2024T07:49:14 - [TEST_STEP][PASSED] - dashboardName = "Выполнение бизнес-плана": null

25-11-2024T07:49:14 - [TEST_STEP][PASSED] - workbook01 = getWorkbook(excelFilePath): null

25-11-2024T07:49:14 - [TEST_STEP][PASSED] - sheet01 = getExcelSheet(workbook01, sheetName): null

25-11-2024T07:49:14 - [TEST_STEP][PASSED] - setValueToCellByIndex(sheet01, n, 0, dashboardName): null

25-11-2024T07:49:14 - [TEST_STEP][PASSED] - setValueToCellByIndex(sheet01, n, 1, dZO): null

25-11-2024T07:49:14 - [TEST_STEP][PASSED] - setValueToCellByIndex(sheet01, n, 2, typeOfData): null

25-11-2024T07:49:14 - [TEST_STEP][PASSED] - if (typeOfData == "Факт в процентах" || typeOfData == "План в процентах"): null

25-11-2024T07:49:14 - [TEST_STEP][PASSED] - else: null

25-11-2024T07:49:14 - [TEST_STEP][PASSED] - setValueToCellByIndex(sheet01, n, 3, fileInt): null

25-11-2024T07:49:14 - [TEST_STEP][PASSED] - setValueToCellByIndex(sheet01, n, 4, pageInt): null

25-11-2024T07:49:14 - [TEST_STEP][PASSED] - setValueToCellByIndex(sheet01, n, 5, m): null

25-11-2024T07:49:14 - [TEST_STEP][PASSED] - setValueToCellByIndex(sheet01, n, 6, y): null

25-11-2024T07:49:14 - [TEST_STEP][PASSED] - setValueToCellByIndex(sheet01, n, 7, todaysDate): null

25-11-2024T07:49:14 - [TEST_STEP][PASSED] - n = n + 1: null

25-11-2024T07:49:14 - [TEST_STEP][PASSED] - saveWorkbook(excelFilePath, workbook01): null

25-11-2024T07:49:14 - [TEST_STEP][PASSED] - compare = pagePoteri: null

25-11-2024T07:49:14 - [TEST_STEP][PASSED] - if (compare == filePoteri): null

25-11-2024T07:49:14 - [TEST_STEP][PASSED] - else if (compare > filePoteri): null

25-11-2024T07:49:14 - [TEST_STEP][PASSED] - else if (compare < filePoteri): null

25-11-2024T07:49:14 - [TEST_STEP][PASSED] - compare = compare + 1: null

25-11-2024T07:49:14 - [TEST_STEP][PASSED] - if (compare == filePoteri): null

25-11-2024T07:49:14 - [TEST_STEP][PASSED] - else: null

25-11-2024T07:49:14 - [TEST_STEP][PASSED] - numberOfErrors = numberOfErrors + 1: null

25-11-2024T07:49:14 - [TEST_STEP][PASSED] - pageInt = pagePoteri: null

25-11-2024T07:49:14 - [TEST_STEP][PASSED] - fileInt = filePoteri: null

25-11-2024T07:49:14 - [TEST_STEP][PASSED] - typeOfData = typeOfDataMain + " Потери": null

25-11-2024T07:49:14 - [TEST_STEP][PASSED] - Script1718980020443.WriteToExcel(a, typeOfData, todaysDate, pageInt, fileInt, pageDouble, fileDouble, dZO): null

25-11-2024T07:49:14 - [TEST_STEP][PASSED] - sheetName = "Sheet1": null

25-11-2024T07:49:14 - [TEST_STEP][PASSED] - data = findTestData("PlanFact"): null

25-11-2024T07:49:14 - [TEST_STEP][PASSED] - n = data.getRowNumbers() + 1: null

25-11-2024T07:49:14 - [TEST_STEP][PASSED] - year = todaysDate.substring(todaysDate.length() - 4, todaysDate.length()): null

25-11-2024T07:49:14 - [TEST_STEP][PASSED] - y = year.toInteger(): null

25-11-2024T07:49:14 - [TEST_STEP][PASSED] - m = getText(findTestObject("Выполнение бизнес-плана/Период")): Text of object 'Object Repository/Выполнение бизнес-плана/Период' is: '1, 2, 3 кв. 2024 года'

25-11-2024T07:49:14 - [MESSAGE][PASSED] - Text of object 'Object Repository/Выполнение бизнес-плана/Период' is: '1, 2, 3 кв. 2024 года'

25-11-2024T07:49:14 - [TEST_STEP][PASSED] - m = m.substring(0, m.indexOf("2024")): null

25-11-2024T07:49:14 - [TEST_STEP][PASSED] - m = m.trim(): null

25-11-2024T07:49:14 - [TEST_STEP][PASSED] - dashboardName = "Выполнение бизнес-плана": null

25-11-2024T07:49:14 - [TEST_STEP][PASSED] - workbook01 = getWorkbook(excelFilePath): null

25-11-2024T07:49:14 - [TEST_STEP][PASSED] - sheet01 = getExcelSheet(workbook01, sheetName): null

25-11-2024T07:49:14 - [TEST_STEP][PASSED] - setValueToCellByIndex(sheet01, n, 0, dashboardName): null

25-11-2024T07:49:14 - [TEST_STEP][PASSED] - setValueToCellByIndex(sheet01, n, 1, dZO): null

25-11-2024T07:49:14 - [TEST_STEP][PASSED] - setValueToCellByIndex(sheet01, n, 2, typeOfData): null

25-11-2024T07:49:14 - [TEST_STEP][PASSED] - if (typeOfData == "Факт в процентах" || typeOfData == "План в процентах"): null

25-11-2024T07:49:14 - [TEST_STEP][PASSED] - else: null

25-11-2024T07:49:14 - [TEST_STEP][PASSED] - setValueToCellByIndex(sheet01, n, 3, fileInt): null

25-11-2024T07:49:14 - [TEST_STEP][PASSED] - setValueToCellByIndex(sheet01, n, 4, pageInt): null

25-11-2024T07:49:14 - [TEST_STEP][PASSED] - setValueToCellByIndex(sheet01, n, 5, m): null

25-11-2024T07:49:14 - [TEST_STEP][PASSED] - setValueToCellByIndex(sheet01, n, 6, y): null

25-11-2024T07:49:14 - [TEST_STEP][PASSED] - setValueToCellByIndex(sheet01, n, 7, todaysDate): null

25-11-2024T07:49:14 - [TEST_STEP][PASSED] - n = n + 1: null

25-11-2024T07:49:14 - [TEST_STEP][PASSED] - saveWorkbook(excelFilePath, workbook01): Object: 'Object Repository/Выполнение бизнес-плана/Кнопка Факт' is clicked on

25-11-2024T07:49:15 - [TEST_STEP][PASSED] - if (planFact == 2): Object: 'Object Repository/Выполнение бизнес-плана/Кнопка Факт' is clicked on

25-11-2024T07:49:15 - [TEST_STEP][PASSED] - click(findTestObject("Выполнение бизнес-плана/Кнопка Факт")): Object: 'Object Repository/Выполнение бизнес-плана/Кнопка Факт' is clicked on

25-11-2024T07:49:15 - [MESSAGE][PASSED] - Object: 'Object Repository/Выполнение бизнес-плана/Кнопка Факт' is clicked on

25-11-2024T07:49:15 - [TEST_STEP][PASSED] - if (a == 84 || a == 82): null

25-11-2024T07:49:15 - [TEST_STEP][PASSED] - else if (a == 52 || a == 72 || a == 28 || a == 73 || a == 77 || a == 74 || a == 65 || a == 36 || a == 44 || a == 53 || a == 80 || a == 54 || a == 1 || a == 18 || a == 59 || a == 81): null

25-11-2024T07:49:15 - [TEST_STEP][PASSED] - else: null

25-11-2024T07:49:15 - [TEST_STEP][PASSED] - page1 = getText(findTestObject("Object Repository/Выполнение бизнес-плана/spanPlan" + filialNum)): Text of object 'Object Repository/Выполнение бизнес-плана/spanPlan1' is: '39.74
|'

25-11-2024T07:49:15 - [MESSAGE][PASSED] - Text of object 'Object Repository/Выполнение бизнес-плана/spanPlan1' is: '39.74
|'

25-11-2024T07:49:15 - [TEST_STEP][PASSED] - page1 = page1.replace("|", ""): null

25-11-2024T07:49:15 - [TEST_STEP][PASSED] - page2 = getText(findTestObject("Object Repository/Выполнение бизнес-плана/spanFact" + filialNum)): Text of object 'Object Repository/Выполнение бизнес-плана/spanFact1' is: '47.79
|'

25-11-2024T07:49:16 - [MESSAGE][PASSED] - Text of object 'Object Repository/Выполнение бизнес-плана/spanFact1' is: '47.79
|'

25-11-2024T07:49:16 - [TEST_STEP][PASSED] - page2 = page2.replace("|", ""): null

25-11-2024T07:49:16 - [TEST_STEP][PASSED] - println("page1: " + page1): null

25-11-2024T07:49:16 - [TEST_STEP][PASSED] - println("page2: " + page2): null

25-11-2024T07:49:16 - [TEST_STEP][PASSED] - file = findTestData("PlanFact").getValue(4, a): null

25-11-2024T07:49:16 - [TEST_STEP][PASSED] - file = file.replace(",", "."): null

25-11-2024T07:49:16 - [TEST_STEP][PASSED] - println("file Plan: " + file): null

25-11-2024T07:49:16 - [TEST_STEP][PASSED] - typeOfData = "План в процентах": null

25-11-2024T07:49:16 - [TEST_STEP][PASSED] - fileDouble = file.toDouble(): null

25-11-2024T07:49:16 - [TEST_STEP][PASSED] - pageDouble = page1.toDouble(): null

25-11-2024T07:49:16 - [TEST_STEP][PASSED] - if (fileDouble != pageDouble): null

25-11-2024T07:49:16 - [TEST_STEP][PASSED] - numberOfErrors = numberOfErrors + 1: null

25-11-2024T07:49:16 - [TEST_STEP][PASSED] - Script1718980020443.WriteToExcel(a, typeOfData, todaysDate, pageInt, fileInt, pageDouble, fileDouble, dZO): null

25-11-2024T07:49:16 - [TEST_STEP][PASSED] - sheetName = "Sheet1": null

25-11-2024T07:49:16 - [TEST_STEP][PASSED] - data = findTestData("PlanFact"): null

25-11-2024T07:49:16 - [TEST_STEP][PASSED] - n = data.getRowNumbers() + 1: null

25-11-2024T07:49:16 - [TEST_STEP][PASSED] - year = todaysDate.substring(todaysDate.length() - 4, todaysDate.length()): null

25-11-2024T07:49:16 - [TEST_STEP][PASSED] - y = year.toInteger(): null

25-11-2024T07:49:16 - [TEST_STEP][PASSED] - m = getText(findTestObject("Выполнение бизнес-плана/Период")): Text of object 'Object Repository/Выполнение бизнес-плана/Период' is: '1, 2, 3 кв. 2024 года'

25-11-2024T07:49:16 - [MESSAGE][PASSED] - Text of object 'Object Repository/Выполнение бизнес-плана/Период' is: '1, 2, 3 кв. 2024 года'

25-11-2024T07:49:16 - [TEST_STEP][PASSED] - m = m.substring(0, m.indexOf("2024")): null

25-11-2024T07:49:16 - [TEST_STEP][PASSED] - m = m.trim(): null

25-11-2024T07:49:16 - [TEST_STEP][PASSED] - dashboardName = "Выполнение бизнес-плана": null

25-11-2024T07:49:16 - [TEST_STEP][PASSED] - workbook01 = getWorkbook(excelFilePath): null

25-11-2024T07:49:16 - [TEST_STEP][PASSED] - sheet01 = getExcelSheet(workbook01, sheetName): null

25-11-2024T07:49:16 - [TEST_STEP][PASSED] - setValueToCellByIndex(sheet01, n, 0, dashboardName): null

25-11-2024T07:49:16 - [TEST_STEP][PASSED] - setValueToCellByIndex(sheet01, n, 1, dZO): null

25-11-2024T07:49:16 - [TEST_STEP][PASSED] - setValueToCellByIndex(sheet01, n, 2, typeOfData): null

25-11-2024T07:49:16 - [TEST_STEP][PASSED] - if (typeOfData == "Факт в процентах" || typeOfData == "План в процентах"): null

25-11-2024T07:49:16 - [TEST_STEP][PASSED] - setValueToCellByIndex(sheet01, n, 3, fileDouble): null

25-11-2024T07:49:16 - [TEST_STEP][PASSED] - setValueToCellByIndex(sheet01, n, 4, pageDouble): null

25-11-2024T07:49:16 - [TEST_STEP][PASSED] - setValueToCellByIndex(sheet01, n, 5, m): null

25-11-2024T07:49:16 - [TEST_STEP][PASSED] - setValueToCellByIndex(sheet01, n, 6, y): null

25-11-2024T07:49:16 - [TEST_STEP][PASSED] - setValueToCellByIndex(sheet01, n, 7, todaysDate): null

25-11-2024T07:49:16 - [TEST_STEP][PASSED] - n = n + 1: null

25-11-2024T07:49:16 - [TEST_STEP][PASSED] - saveWorkbook(excelFilePath, workbook01): null

25-11-2024T07:49:16 - [TEST_STEP][PASSED] - file = findTestData("PlanFact").getValue(7, a): null

25-11-2024T07:49:16 - [TEST_STEP][PASSED] - file = file.replace(",", "."): null

25-11-2024T07:49:16 - [TEST_STEP][PASSED] - println("file Fact: " + file): null

25-11-2024T07:49:16 - [TEST_STEP][PASSED] - fileDouble = file.toDouble(): null

25-11-2024T07:49:16 - [TEST_STEP][PASSED] - typeOfData = "Факт в процентах": null

25-11-2024T07:49:16 - [TEST_STEP][PASSED] - fileDouble = file.toDouble(): null

25-11-2024T07:49:16 - [TEST_STEP][PASSED] - pageDouble = page2.toDouble(): null

25-11-2024T07:49:16 - [TEST_STEP][PASSED] - if (fileDouble != pageDouble): null

25-11-2024T07:49:16 - [TEST_STEP][PASSED] - numberOfErrors = numberOfErrors + 1: null

25-11-2024T07:49:16 - [TEST_STEP][PASSED] - Script1718980020443.WriteToExcel(a, typeOfData, todaysDate, pageInt, fileInt, pageDouble, fileDouble, dZO): null

25-11-2024T07:49:16 - [TEST_STEP][PASSED] - sheetName = "Sheet1": null

25-11-2024T07:49:16 - [TEST_STEP][PASSED] - data = findTestData("PlanFact"): null

25-11-2024T07:49:16 - [TEST_STEP][PASSED] - n = data.getRowNumbers() + 1: null

25-11-2024T07:49:16 - [TEST_STEP][PASSED] - year = todaysDate.substring(todaysDate.length() - 4, todaysDate.length()): null

25-11-2024T07:49:16 - [TEST_STEP][PASSED] - y = year.toInteger(): null

25-11-2024T07:49:16 - [TEST_STEP][PASSED] - m = getText(findTestObject("Выполнение бизнес-плана/Период")): Text of object 'Object Repository/Выполнение бизнес-плана/Период' is: '1, 2, 3 кв. 2024 года'

25-11-2024T07:49:17 - [MESSAGE][PASSED] - Text of object 'Object Repository/Выполнение бизнес-плана/Период' is: '1, 2, 3 кв. 2024 года'

25-11-2024T07:49:17 - [TEST_STEP][PASSED] - m = m.substring(0, m.indexOf("2024")): null

25-11-2024T07:49:17 - [TEST_STEP][PASSED] - m = m.trim(): null

25-11-2024T07:49:17 - [TEST_STEP][PASSED] - dashboardName = "Выполнение бизнес-плана": null

25-11-2024T07:49:17 - [TEST_STEP][PASSED] - workbook01 = getWorkbook(excelFilePath): null

25-11-2024T07:49:17 - [TEST_STEP][PASSED] - sheet01 = getExcelSheet(workbook01, sheetName): null

25-11-2024T07:49:17 - [TEST_STEP][PASSED] - setValueToCellByIndex(sheet01, n, 0, dashboardName): null

25-11-2024T07:49:17 - [TEST_STEP][PASSED] - setValueToCellByIndex(sheet01, n, 1, dZO): null

25-11-2024T07:49:17 - [TEST_STEP][PASSED] - setValueToCellByIndex(sheet01, n, 2, typeOfData): null

25-11-2024T07:49:17 - [TEST_STEP][PASSED] - if (typeOfData == "Факт в процентах" || typeOfData == "План в процентах"): null

25-11-2024T07:49:17 - [TEST_STEP][PASSED] - setValueToCellByIndex(sheet01, n, 3, fileDouble): null

25-11-2024T07:49:17 - [TEST_STEP][PASSED] - setValueToCellByIndex(sheet01, n, 4, pageDouble): null

25-11-2024T07:49:17 - [TEST_STEP][PASSED] - setValueToCellByIndex(sheet01, n, 5, m): null

25-11-2024T07:49:17 - [TEST_STEP][PASSED] - setValueToCellByIndex(sheet01, n, 6, y): null

25-11-2024T07:49:17 - [TEST_STEP][PASSED] - setValueToCellByIndex(sheet01, n, 7, todaysDate): null

25-11-2024T07:49:17 - [TEST_STEP][PASSED] - n = n + 1: null

25-11-2024T07:49:17 - [TEST_STEP][PASSED] - saveWorkbook(excelFilePath, workbook01): null

25-11-2024T07:49:17 - [TEST_STEP][FAILED] - if (verifyEqual(numberOfErrors, 0) == false): null

25-11-2024T07:49:17 - [MESSAGE][FAILED] - Unable to verify equal between actual object '6' and expected object '0' (Root cause: com.kms.katalon.core.exception.StepFailedException: Actual object '6' and expected object '0' are not equal
	at com.kms.katalon.core.keyword.builtin.VerifyEqualKeyword$_verifyEqual_closure1.doCall(VerifyEqualKeyword.groovy:58)
	at com.kms.katalon.core.keyword.builtin.VerifyEqualKeyword$_verifyEqual_closure1.call(VerifyEqualKeyword.groovy)
	at com.kms.katalon.core.keyword.internal.KeywordMain.runKeyword(KeywordMain.groovy:75)
	at com.kms.katalon.core.keyword.builtin.VerifyEqualKeyword.verifyEqual(VerifyEqualKeyword.groovy:63)
	at com.kms.katalon.core.keyword.builtin.VerifyEqualKeyword.execute(VerifyEqualKeyword.groovy:44)
	at com.kms.katalon.core.keyword.internal.KeywordExecutor.executeKeywordForPlatform(KeywordExecutor.groovy:74)
	at com.kms.katalon.core.keyword.BuiltinKeywords.verifyEqual(BuiltinKeywords.groovy:146)
	at java.base/jdk.internal.reflect.NativeMethodAccessorImpl.invoke0(Native Method)
	at java.base/jdk.internal.reflect.NativeMethodAccessorImpl.invoke(NativeMethodAccessorImpl.java:77)
	at java.base/jdk.internal.reflect.DelegatingMethodAccessorImpl.invoke(DelegatingMethodAccessorImpl.java:43)
	at Выполнение бизнес-плана Сверка ПАО Россети все филиалы.Numbers(Выполнение бизнес-плана Сверка ПАО Россети все филиалы:740)
	at Выполнение бизнес-плана Сверка ПАО Россети все филиалы.Filials(Выполнение бизнес-плана Сверка ПАО Россети все филиалы:1075)
	at Выполнение бизнес-плана Сверка ПАО Россети все филиалы.Numbers(Выполнение бизнес-плана Сверка ПАО Россети все филиалы:745)
	at Выполнение бизнес-плана Сверка ПАО Россети все филиалы.run(Выполнение бизнес-плана Сверка ПАО Россети все филиалы:304)
	at com.kms.katalon.core.main.ScriptEngine.run(ScriptEngine.java:194)
	at com.kms.katalon.core.main.ScriptEngine.runScriptAsRawText(ScriptEngine.java:119)
	at com.kms.katalon.core.main.TestCaseExecutor.runScript(TestCaseExecutor.java:448)
	at com.kms.katalon.core.main.TestCaseExecutor.doExecute(TestCaseExecutor.java:439)
	at com.kms.katalon.core.main.TestCaseExecutor.processExecutionPhase(TestCaseExecutor.java:418)
	at com.kms.katalon.core.main.TestCaseExecutor.accessMainPhase(TestCaseExecutor.java:410)
	at com.kms.katalon.core.main.TestCaseExecutor.execute(TestCaseExecutor.java:285)
	at com.kms.katalon.core.common.CommonExecutor.accessTestCaseMainPhase(CommonExecutor.java:65)
	at com.kms.katalon.core.main.TestSuiteExecutor.accessTestSuiteMainPhase(TestSuiteExecutor.java:150)
	at com.kms.katalon.core.main.TestSuiteExecutor.execute(TestSuiteExecutor.java:106)
	at com.kms.katalon.core.main.TestCaseMain.startTestSuite(TestCaseMain.java:180)
	at TempTestSuite1732509691813.run(TempTestSuite1732509691813.groovy:35)
	at java.base/jdk.internal.reflect.NativeMethodAccessorImpl.invoke0(Native Method)
	at java.base/jdk.internal.reflect.NativeMethodAccessorImpl.invoke(NativeMethodAccessorImpl.java:77)
	at java.base/jdk.internal.reflect.DelegatingMethodAccessorImpl.invoke(DelegatingMethodAccessorImpl.java:43)
)

25-11-2024T07:49:17 - [TEST_STEP][PASSED] - println(numberOfErrors): null

25-11-2024T07:49:17 - [TEST_STEP][PASSED] - if (a == 28 || a == 77 || a == 74 || a == 65 || a == 36 || a == 44 || a == 54 || a == 1 || a == 18 || a == 59): null

25-11-2024T07:49:17 - [TEST_STEP][PASSED] - if (a == 82): null

25-11-2024T07:49:17 - [TEST_STEP][PASSED] - dZO = "Ингушэнерго": null

25-11-2024T07:49:17 - [TEST_STEP][PASSED] - a = 70: null

25-11-2024T07:49:17 - [TEST_STEP][PASSED] - if (x2.contains(dZO)): null

25-11-2024T07:49:17 - [TEST_STEP][PASSED] - filialNum = filialNum + 1: null

25-11-2024T07:49:17 - [TEST_STEP][PASSED] - Script1718980020443.Numbers(a, typeOfData, todaysDate, pageInt, fileInt, pageDouble, fileDouble, dZO, dzoNum, filialNum): null

25-11-2024T07:49:17 - [TEST_STEP][PASSED] - println(dzoNum): null

25-11-2024T07:49:17 - [TEST_STEP][PASSED] - planFact = <not implemented yet for class: org.codehaus.groovy.ast.expr.EmptyExpression>: null

25-11-2024T07:49:17 - [TEST_STEP][PASSED] - page = <not implemented yet for class: org.codehaus.groovy.ast.expr.EmptyExpression>: null

25-11-2024T07:49:17 - [TEST_STEP][PASSED] - page1 = <not implemented yet for class: org.codehaus.groovy.ast.expr.EmptyExpression>: null

25-11-2024T07:49:17 - [TEST_STEP][PASSED] - page2 = <not implemented yet for class: org.codehaus.groovy.ast.expr.EmptyExpression>: null

25-11-2024T07:49:17 - [TEST_STEP][PASSED] - filialNumberInRow = <not implemented yet for class: org.codehaus.groovy.ast.expr.EmptyExpression>: null

25-11-2024T07:49:17 - [TEST_STEP][PASSED] - filialsDzoNames = <not implemented yet for class: org.codehaus.groovy.ast.expr.EmptyExpression>: null

25-11-2024T07:49:17 - [TEST_STEP][PASSED] - numberOfFilials = <not implemented yet for class: org.codehaus.groovy.ast.expr.EmptyExpression>: null

25-11-2024T07:49:17 - [TEST_STEP][PASSED] - numberOfSpaces = <not implemented yet for class: org.codehaus.groovy.ast.expr.EmptyExpression>: null

25-11-2024T07:49:17 - [TEST_STEP][PASSED] - file = <not implemented yet for class: org.codehaus.groovy.ast.expr.EmptyExpression>: null

25-11-2024T07:49:17 - [TEST_STEP][PASSED] - otpusk = <not implemented yet for class: org.codehaus.groovy.ast.expr.EmptyExpression>: null

25-11-2024T07:49:17 - [TEST_STEP][PASSED] - poteri = <not implemented yet for class: org.codehaus.groovy.ast.expr.EmptyExpression>: null

25-11-2024T07:49:17 - [TEST_STEP][PASSED] - dataFolder = "Выполнение бизнес-плана/Значения со страницы Выполнение бизнес-плана/": null

25-11-2024T07:49:17 - [TEST_STEP][PASSED] - path = <not implemented yet for class: org.codehaus.groovy.ast.expr.EmptyExpression>: null

25-11-2024T07:49:17 - [TEST_STEP][PASSED] - typeOfDataMain = <not implemented yet for class: org.codehaus.groovy.ast.expr.EmptyExpression>: null

25-11-2024T07:49:17 - [TEST_STEP][PASSED] - fileOtpuskVSet = <not implemented yet for class: org.codehaus.groovy.ast.expr.EmptyExpression>: null

25-11-2024T07:49:17 - [TEST_STEP][PASSED] - pageOtpuskVSet = <not implemented yet for class: org.codehaus.groovy.ast.expr.EmptyExpression>: null

25-11-2024T07:49:17 - [TEST_STEP][PASSED] - filePoteri = <not implemented yet for class: org.codehaus.groovy.ast.expr.EmptyExpression>: null

25-11-2024T07:49:17 - [TEST_STEP][PASSED] - pagePoteri = <not implemented yet for class: org.codehaus.groovy.ast.expr.EmptyExpression>: null

25-11-2024T07:49:17 - [TEST_STEP][PASSED] - compare = <not implemented yet for class: org.codehaus.groovy.ast.expr.EmptyExpression>: null

25-11-2024T07:49:17 - [TEST_STEP][PASSED] - b = <not implemented yet for class: org.codehaus.groovy.ast.expr.EmptyExpression>: null

25-11-2024T07:49:17 - [TEST_STEP][PASSED] - i = <not implemented yet for class: org.codehaus.groovy.ast.expr.EmptyExpression>: null

25-11-2024T07:49:17 - [TEST_STEP][PASSED] - ii = <not implemented yet for class: org.codehaus.groovy.ast.expr.EmptyExpression>: null

25-11-2024T07:49:17 - [TEST_STEP][PASSED] - c = <not implemented yet for class: org.codehaus.groovy.ast.expr.EmptyExpression>: null

25-11-2024T07:49:17 - [TEST_STEP][PASSED] - numberOfErrors = 0: null

25-11-2024T07:49:17 - [TEST_STEP][PASSED] - if (a == 82): null

25-11-2024T07:49:17 - [TEST_STEP][PASSED] - b = findTestData("PlanFact").getValue(1, a): null

25-11-2024T07:49:17 - [TEST_STEP][PASSED] - i = b.indexOf(" (ГК)"): null

25-11-2024T07:49:17 - [TEST_STEP][PASSED] - if (i > -1): null

25-11-2024T07:49:17 - [TEST_STEP][PASSED] - i = b.indexOf("О ""): null

25-11-2024T07:49:17 - [TEST_STEP][PASSED] - if (i > -1): null

25-11-2024T07:49:17 - [TEST_STEP][PASSED] - i = b.indexOf("О «"): null

25-11-2024T07:49:17 - [TEST_STEP][PASSED] - if (i > -1): null

25-11-2024T07:49:17 - [TEST_STEP][PASSED] - i = b.indexOf("г. "): null

25-11-2024T07:49:17 - [TEST_STEP][PASSED] - if (i > -1): null

25-11-2024T07:49:17 - [TEST_STEP][PASSED] - println(b): null

25-11-2024T07:49:17 - [TEST_STEP][PASSED] - for ([planFact = 1, planFact < 3, (planFact++)]): null

25-11-2024T07:49:17 - [TEST_STEP][PASSED] - if (planFact == 1): null

25-11-2024T07:49:17 - [TEST_STEP][PASSED] - typeOfDataMain = "Факт": null

25-11-2024T07:49:17 - [TEST_STEP][PASSED] - otpusk = findTestData("PlanFact").getValue(5, a): null

25-11-2024T07:49:17 - [TEST_STEP][PASSED] - poteri = findTestData("PlanFact").getValue(6, a): null

25-11-2024T07:49:17 - [TEST_STEP][PASSED] - otpusk = otpusk.replaceAll("\s+", ""): null

25-11-2024T07:49:17 - [TEST_STEP][PASSED] - poteri = poteri.replaceAll("\s+", ""): null

25-11-2024T07:49:17 - [TEST_STEP][PASSED] - typeOfData = typeOfDataMain + " Отпуск в сеть": null

25-11-2024T07:49:17 - [TEST_STEP][PASSED] - if (a == 82): null

25-11-2024T07:49:17 - [TEST_STEP][PASSED] - else if (a == 84): null

25-11-2024T07:49:17 - [TEST_STEP][PASSED] - else if (a == 52 || a == 72 || a == 28 || a == 73 || a == 77 || a == 74 || a == 65 || a == 36 || a == 44 || a == 53 || a == 80 || a == 54 || a == 1 || a == 18 || a == 59 || a == 81): null

25-11-2024T07:49:17 - [TEST_STEP][PASSED] - else: null

25-11-2024T07:49:17 - [TEST_STEP][PASSED] - path = dataFolder + typeOfData + " за отчётный период " + b: null

25-11-2024T07:49:17 - [TEST_STEP][PASSED] - println(path): null

25-11-2024T07:49:17 - [TEST_STEP][PASSED] - page = getText(findTestObject(path)): Text of object 'Object Repository/Выполнение бизнес-плана/Значения со страницы Выполнение бизнес-плана/Факт Отпуск в сеть за отчётный период Ингушэнерго' is: '810 515'

25-11-2024T07:49:18 - [MESSAGE][PASSED] - Text of object 'Object Repository/Выполнение бизнес-плана/Значения со страницы Выполнение бизнес-плана/Факт Отпуск в сеть за отчётный период Ингушэнерго' is: '810 515'

25-11-2024T07:49:18 - [TEST_STEP][PASSED] - page = page.replaceAll("\s+", ""): null

25-11-2024T07:49:18 - [TEST_STEP][PASSED] - fileOtpuskVSet = otpusk.toInteger(): null

25-11-2024T07:49:18 - [TEST_STEP][PASSED] - pageOtpuskVSet = page.toInteger(): null

25-11-2024T07:49:18 - [TEST_STEP][PASSED] - typeOfData = typeOfDataMain + " Потери": null

25-11-2024T07:49:18 - [TEST_STEP][PASSED] - if (a == 82): null

25-11-2024T07:49:18 - [TEST_STEP][PASSED] - else if (a == 84): null

25-11-2024T07:49:18 - [TEST_STEP][PASSED] - else if (a == 52 || a == 72 || a == 28 || a == 73 || a == 77 || a == 74 || a == 65 || a == 36 || a == 44 || a == 53 || a == 80 || a == 54 || a == 1 || a == 18 || a == 59 || a == 81): null

25-11-2024T07:49:18 - [TEST_STEP][PASSED] - else: null

25-11-2024T07:49:18 - [TEST_STEP][PASSED] - path = dataFolder + typeOfData + " за отчётный период " + b: null

25-11-2024T07:49:18 - [TEST_STEP][PASSED] - page = getText(findTestObject(path)): Text of object 'Object Repository/Выполнение бизнес-плана/Значения со страницы Выполнение бизнес-плана/Факт Потери за отчётный период Ингушэнерго' is: '458 410'

25-11-2024T07:49:18 - [MESSAGE][PASSED] - Text of object 'Object Repository/Выполнение бизнес-плана/Значения со страницы Выполнение бизнес-плана/Факт Потери за отчётный период Ингушэнерго' is: '458 410'

25-11-2024T07:49:18 - [TEST_STEP][PASSED] - page = page.replaceAll("\s+", ""): null

25-11-2024T07:49:18 - [TEST_STEP][PASSED] - filePoteri = poteri.toInteger(): null

25-11-2024T07:49:18 - [TEST_STEP][PASSED] - pagePoteri = page.toInteger(): null

25-11-2024T07:49:18 - [TEST_STEP][PASSED] - compare = pageOtpuskVSet: null

25-11-2024T07:49:18 - [TEST_STEP][PASSED] - if (compare == fileOtpuskVSet): null

25-11-2024T07:49:18 - [TEST_STEP][PASSED] - else if (compare > fileOtpuskVSet): null

25-11-2024T07:49:18 - [TEST_STEP][PASSED] - compare = compare - 1: null

25-11-2024T07:49:18 - [TEST_STEP][PASSED] - if (compare == fileOtpuskVSet): null

25-11-2024T07:49:18 - [TEST_STEP][PASSED] - else: null

25-11-2024T07:49:18 - [TEST_STEP][PASSED] - numberOfErrors = numberOfErrors + 1: null

25-11-2024T07:49:18 - [TEST_STEP][PASSED] - pageInt = pageOtpuskVSet: null

25-11-2024T07:49:18 - [TEST_STEP][PASSED] - fileInt = fileOtpuskVSet: null

25-11-2024T07:49:18 - [TEST_STEP][PASSED] - typeOfData = typeOfDataMain + " Отпуск в сеть": null

25-11-2024T07:49:18 - [TEST_STEP][PASSED] - Script1718980020443.WriteToExcel(a, typeOfData, todaysDate, pageInt, fileInt, pageDouble, fileDouble, dZO): null

25-11-2024T07:49:18 - [TEST_STEP][PASSED] - sheetName = "Sheet1": null

25-11-2024T07:49:18 - [TEST_STEP][PASSED] - data = findTestData("PlanFact"): null

25-11-2024T07:49:18 - [TEST_STEP][PASSED] - n = data.getRowNumbers() + 1: null

25-11-2024T07:49:18 - [TEST_STEP][PASSED] - year = todaysDate.substring(todaysDate.length() - 4, todaysDate.length()): null

25-11-2024T07:49:18 - [TEST_STEP][PASSED] - y = year.toInteger(): null

25-11-2024T07:49:18 - [TEST_STEP][PASSED] - m = getText(findTestObject("Выполнение бизнес-плана/Период")): Text of object 'Object Repository/Выполнение бизнес-плана/Период' is: '1, 2, 3 кв. 2024 года'

25-11-2024T07:49:18 - [MESSAGE][PASSED] - Text of object 'Object Repository/Выполнение бизнес-плана/Период' is: '1, 2, 3 кв. 2024 года'

25-11-2024T07:49:18 - [TEST_STEP][PASSED] - m = m.substring(0, m.indexOf("2024")): null

25-11-2024T07:49:18 - [TEST_STEP][PASSED] - m = m.trim(): null

25-11-2024T07:49:18 - [TEST_STEP][PASSED] - dashboardName = "Выполнение бизнес-плана": null

25-11-2024T07:49:18 - [TEST_STEP][PASSED] - workbook01 = getWorkbook(excelFilePath): null

25-11-2024T07:49:18 - [TEST_STEP][PASSED] - sheet01 = getExcelSheet(workbook01, sheetName): null

25-11-2024T07:49:18 - [TEST_STEP][PASSED] - setValueToCellByIndex(sheet01, n, 0, dashboardName): null

25-11-2024T07:49:18 - [TEST_STEP][PASSED] - setValueToCellByIndex(sheet01, n, 1, dZO): null

25-11-2024T07:49:18 - [TEST_STEP][PASSED] - setValueToCellByIndex(sheet01, n, 2, typeOfData): null

25-11-2024T07:49:18 - [TEST_STEP][PASSED] - if (typeOfData == "Факт в процентах" || typeOfData == "План в процентах"): null

25-11-2024T07:49:18 - [TEST_STEP][PASSED] - else: null

25-11-2024T07:49:18 - [TEST_STEP][PASSED] - setValueToCellByIndex(sheet01, n, 3, fileInt): null

25-11-2024T07:49:18 - [TEST_STEP][PASSED] - setValueToCellByIndex(sheet01, n, 4, pageInt): null

25-11-2024T07:49:18 - [TEST_STEP][PASSED] - setValueToCellByIndex(sheet01, n, 5, m): null

25-11-2024T07:49:18 - [TEST_STEP][PASSED] - setValueToCellByIndex(sheet01, n, 6, y): null

25-11-2024T07:49:18 - [TEST_STEP][PASSED] - setValueToCellByIndex(sheet01, n, 7, todaysDate): null

25-11-2024T07:49:18 - [TEST_STEP][PASSED] - n = n + 1: null

25-11-2024T07:49:18 - [TEST_STEP][PASSED] - saveWorkbook(excelFilePath, workbook01): null

25-11-2024T07:49:19 - [TEST_STEP][PASSED] - compare = pagePoteri: null

25-11-2024T07:49:19 - [TEST_STEP][PASSED] - if (compare == filePoteri): null

25-11-2024T07:49:19 - [TEST_STEP][PASSED] - else if (compare > filePoteri): null

25-11-2024T07:49:19 - [TEST_STEP][PASSED] - compare = compare - 1: null

25-11-2024T07:49:19 - [TEST_STEP][PASSED] - if (compare == filePoteri): null

25-11-2024T07:49:19 - [TEST_STEP][PASSED] - else: null

25-11-2024T07:49:19 - [TEST_STEP][PASSED] - numberOfErrors = numberOfErrors + 1: null

25-11-2024T07:49:19 - [TEST_STEP][PASSED] - pageInt = pagePoteri: null

25-11-2024T07:49:19 - [TEST_STEP][PASSED] - fileInt = filePoteri: null

25-11-2024T07:49:19 - [TEST_STEP][PASSED] - typeOfData = typeOfDataMain + " Потери": null

25-11-2024T07:49:19 - [TEST_STEP][PASSED] - Script1718980020443.WriteToExcel(a, typeOfData, todaysDate, pageInt, fileInt, pageDouble, fileDouble, dZO): null

25-11-2024T07:49:19 - [TEST_STEP][PASSED] - sheetName = "Sheet1": null

25-11-2024T07:49:19 - [TEST_STEP][PASSED] - data = findTestData("PlanFact"): null

25-11-2024T07:49:19 - [TEST_STEP][PASSED] - n = data.getRowNumbers() + 1: null

25-11-2024T07:49:19 - [TEST_STEP][PASSED] - year = todaysDate.substring(todaysDate.length() - 4, todaysDate.length()): null

25-11-2024T07:49:19 - [TEST_STEP][PASSED] - y = year.toInteger(): null

25-11-2024T07:49:19 - [TEST_STEP][PASSED] - m = getText(findTestObject("Выполнение бизнес-плана/Период")): Text of object 'Object Repository/Выполнение бизнес-плана/Период' is: '1, 2, 3 кв. 2024 года'

25-11-2024T07:49:19 - [MESSAGE][PASSED] - Text of object 'Object Repository/Выполнение бизнес-плана/Период' is: '1, 2, 3 кв. 2024 года'

25-11-2024T07:49:19 - [TEST_STEP][PASSED] - m = m.substring(0, m.indexOf("2024")): null

25-11-2024T07:49:19 - [TEST_STEP][PASSED] - m = m.trim(): null

25-11-2024T07:49:19 - [TEST_STEP][PASSED] - dashboardName = "Выполнение бизнес-плана": null

25-11-2024T07:49:19 - [TEST_STEP][PASSED] - workbook01 = getWorkbook(excelFilePath): null

25-11-2024T07:49:19 - [TEST_STEP][PASSED] - sheet01 = getExcelSheet(workbook01, sheetName): null

25-11-2024T07:49:19 - [TEST_STEP][PASSED] - setValueToCellByIndex(sheet01, n, 0, dashboardName): null

25-11-2024T07:49:19 - [TEST_STEP][PASSED] - setValueToCellByIndex(sheet01, n, 1, dZO): null

25-11-2024T07:49:19 - [TEST_STEP][PASSED] - setValueToCellByIndex(sheet01, n, 2, typeOfData): null

25-11-2024T07:49:19 - [TEST_STEP][PASSED] - if (typeOfData == "Факт в процентах" || typeOfData == "План в процентах"): null

25-11-2024T07:49:19 - [TEST_STEP][PASSED] - else: null

25-11-2024T07:49:19 - [TEST_STEP][PASSED] - setValueToCellByIndex(sheet01, n, 3, fileInt): null

25-11-2024T07:49:19 - [TEST_STEP][PASSED] - setValueToCellByIndex(sheet01, n, 4, pageInt): null

25-11-2024T07:49:19 - [TEST_STEP][PASSED] - setValueToCellByIndex(sheet01, n, 5, m): null

25-11-2024T07:49:19 - [TEST_STEP][PASSED] - setValueToCellByIndex(sheet01, n, 6, y): null

25-11-2024T07:49:19 - [TEST_STEP][PASSED] - setValueToCellByIndex(sheet01, n, 7, todaysDate): null

25-11-2024T07:49:19 - [TEST_STEP][PASSED] - n = n + 1: null

25-11-2024T07:49:19 - [TEST_STEP][PASSED] - saveWorkbook(excelFilePath, workbook01): null

25-11-2024T07:49:19 - [TEST_STEP][PASSED] - if (planFact == 2): null

25-11-2024T07:49:19 - [TEST_STEP][PASSED] - if (planFact == 1): null

25-11-2024T07:49:19 - [TEST_STEP][PASSED] - else if (planFact == 2): null

25-11-2024T07:49:19 - [TEST_STEP][PASSED] - click(findTestObject("Выполнение бизнес-плана/Кнопка План")): Object: 'Object Repository/Выполнение бизнес-плана/Кнопка План' is clicked on

25-11-2024T07:49:20 - [MESSAGE][PASSED] - Object: 'Object Repository/Выполнение бизнес-плана/Кнопка План' is clicked on

25-11-2024T07:49:20 - [TEST_STEP][PASSED] - typeOfDataMain = "План": null

25-11-2024T07:49:20 - [TEST_STEP][PASSED] - otpusk = findTestData("PlanFact").getValue(2, a): null

25-11-2024T07:49:20 - [TEST_STEP][PASSED] - poteri = findTestData("PlanFact").getValue(3, a): null

25-11-2024T07:49:20 - [TEST_STEP][PASSED] - otpusk = otpusk.replaceAll("\s+", ""): null

25-11-2024T07:49:20 - [TEST_STEP][PASSED] - poteri = poteri.replaceAll("\s+", ""): null

25-11-2024T07:49:20 - [TEST_STEP][PASSED] - typeOfData = typeOfDataMain + " Отпуск в сеть": null

25-11-2024T07:49:20 - [TEST_STEP][PASSED] - if (a == 82): null

25-11-2024T07:49:20 - [TEST_STEP][PASSED] - else if (a == 84): null

25-11-2024T07:49:20 - [TEST_STEP][PASSED] - else if (a == 52 || a == 72 || a == 28 || a == 73 || a == 77 || a == 74 || a == 65 || a == 36 || a == 44 || a == 53 || a == 80 || a == 54 || a == 1 || a == 18 || a == 59 || a == 81): null

25-11-2024T07:49:20 - [TEST_STEP][PASSED] - else: null

25-11-2024T07:49:20 - [TEST_STEP][PASSED] - path = dataFolder + typeOfData + " за отчётный период " + b: null

25-11-2024T07:49:20 - [TEST_STEP][PASSED] - println(path): null

25-11-2024T07:49:20 - [TEST_STEP][PASSED] - page = getText(findTestObject(path)): Text of object 'Object Repository/Выполнение бизнес-плана/Значения со страницы Выполнение бизнес-плана/План Отпуск в сеть за отчётный период Ингушэнерго' is: '723 798'

25-11-2024T07:49:20 - [MESSAGE][PASSED] - Text of object 'Object Repository/Выполнение бизнес-плана/Значения со страницы Выполнение бизнес-плана/План Отпуск в сеть за отчётный период Ингушэнерго' is: '723 798'

25-11-2024T07:49:20 - [TEST_STEP][PASSED] - page = page.replaceAll("\s+", ""): null

25-11-2024T07:49:20 - [TEST_STEP][PASSED] - fileOtpuskVSet = otpusk.toInteger(): null

25-11-2024T07:49:20 - [TEST_STEP][PASSED] - pageOtpuskVSet = page.toInteger(): null

25-11-2024T07:49:20 - [TEST_STEP][PASSED] - typeOfData = typeOfDataMain + " Потери": null

25-11-2024T07:49:20 - [TEST_STEP][PASSED] - if (a == 82): null

25-11-2024T07:49:20 - [TEST_STEP][PASSED] - else if (a == 84): null

25-11-2024T07:49:20 - [TEST_STEP][PASSED] - else if (a == 52 || a == 72 || a == 28 || a == 73 || a == 77 || a == 74 || a == 65 || a == 36 || a == 44 || a == 53 || a == 80 || a == 54 || a == 1 || a == 18 || a == 59 || a == 81): null

25-11-2024T07:49:20 - [TEST_STEP][PASSED] - else: null

25-11-2024T07:49:20 - [TEST_STEP][PASSED] - path = dataFolder + typeOfData + " за отчётный период " + b: null

25-11-2024T07:49:20 - [TEST_STEP][PASSED] - page = getText(findTestObject(path)): Text of object 'Object Repository/Выполнение бизнес-плана/Значения со страницы Выполнение бизнес-плана/План Потери за отчётный период Ингушэнерго' is: '314 075'

25-11-2024T07:49:20 - [MESSAGE][PASSED] - Text of object 'Object Repository/Выполнение бизнес-плана/Значения со страницы Выполнение бизнес-плана/План Потери за отчётный период Ингушэнерго' is: '314 075'

25-11-2024T07:49:20 - [TEST_STEP][PASSED] - page = page.replaceAll("\s+", ""): null

25-11-2024T07:49:20 - [TEST_STEP][PASSED] - filePoteri = poteri.toInteger(): null

25-11-2024T07:49:20 - [TEST_STEP][PASSED] - pagePoteri = page.toInteger(): null

25-11-2024T07:49:20 - [TEST_STEP][PASSED] - compare = pageOtpuskVSet: null

25-11-2024T07:49:20 - [TEST_STEP][PASSED] - if (compare == fileOtpuskVSet): null

25-11-2024T07:49:20 - [TEST_STEP][PASSED] - else if (compare > fileOtpuskVSet): null

25-11-2024T07:49:20 - [TEST_STEP][PASSED] - else if (compare < fileOtpuskVSet): null

25-11-2024T07:49:20 - [TEST_STEP][PASSED] - compare = compare + 1: null

25-11-2024T07:49:20 - [TEST_STEP][PASSED] - if (compare == fileOtpuskVSet): null

25-11-2024T07:49:20 - [TEST_STEP][PASSED] - else: null

25-11-2024T07:49:20 - [TEST_STEP][PASSED] - numberOfErrors = numberOfErrors + 1: null

25-11-2024T07:49:20 - [TEST_STEP][PASSED] - pageInt = pageOtpuskVSet: null

25-11-2024T07:49:20 - [TEST_STEP][PASSED] - fileInt = fileOtpuskVSet: null

25-11-2024T07:49:20 - [TEST_STEP][PASSED] - typeOfData = typeOfDataMain + " Отпуск в сеть": null

25-11-2024T07:49:20 - [TEST_STEP][PASSED] - Script1718980020443.WriteToExcel(a, typeOfData, todaysDate, pageInt, fileInt, pageDouble, fileDouble, dZO): null

25-11-2024T07:49:20 - [TEST_STEP][PASSED] - sheetName = "Sheet1": null

25-11-2024T07:49:20 - [TEST_STEP][PASSED] - data = findTestData("PlanFact"): null

25-11-2024T07:49:20 - [TEST_STEP][PASSED] - n = data.getRowNumbers() + 1: null

25-11-2024T07:49:20 - [TEST_STEP][PASSED] - year = todaysDate.substring(todaysDate.length() - 4, todaysDate.length()): null

25-11-2024T07:49:20 - [TEST_STEP][PASSED] - y = year.toInteger(): null

25-11-2024T07:49:20 - [TEST_STEP][PASSED] - m = getText(findTestObject("Выполнение бизнес-плана/Период")): Text of object 'Object Repository/Выполнение бизнес-плана/Период' is: '1, 2, 3 кв. 2024 года'

25-11-2024T07:49:21 - [MESSAGE][PASSED] - Text of object 'Object Repository/Выполнение бизнес-плана/Период' is: '1, 2, 3 кв. 2024 года'

25-11-2024T07:49:21 - [TEST_STEP][PASSED] - m = m.substring(0, m.indexOf("2024")): null

25-11-2024T07:49:21 - [TEST_STEP][PASSED] - m = m.trim(): null

25-11-2024T07:49:21 - [TEST_STEP][PASSED] - dashboardName = "Выполнение бизнес-плана": null

25-11-2024T07:49:21 - [TEST_STEP][PASSED] - workbook01 = getWorkbook(excelFilePath): null

25-11-2024T07:49:21 - [TEST_STEP][PASSED] - sheet01 = getExcelSheet(workbook01, sheetName): null

25-11-2024T07:49:21 - [TEST_STEP][PASSED] - setValueToCellByIndex(sheet01, n, 0, dashboardName): null

25-11-2024T07:49:21 - [TEST_STEP][PASSED] - setValueToCellByIndex(sheet01, n, 1, dZO): null

25-11-2024T07:49:21 - [TEST_STEP][PASSED] - setValueToCellByIndex(sheet01, n, 2, typeOfData): null

25-11-2024T07:49:21 - [TEST_STEP][PASSED] - if (typeOfData == "Факт в процентах" || typeOfData == "План в процентах"): null

25-11-2024T07:49:21 - [TEST_STEP][PASSED] - else: null

25-11-2024T07:49:21 - [TEST_STEP][PASSED] - setValueToCellByIndex(sheet01, n, 3, fileInt): null

25-11-2024T07:49:21 - [TEST_STEP][PASSED] - setValueToCellByIndex(sheet01, n, 4, pageInt): null

25-11-2024T07:49:21 - [TEST_STEP][PASSED] - setValueToCellByIndex(sheet01, n, 5, m): null

25-11-2024T07:49:21 - [TEST_STEP][PASSED] - setValueToCellByIndex(sheet01, n, 6, y): null

25-11-2024T07:49:21 - [TEST_STEP][PASSED] - setValueToCellByIndex(sheet01, n, 7, todaysDate): null

25-11-2024T07:49:21 - [TEST_STEP][PASSED] - n = n + 1: null

25-11-2024T07:49:21 - [TEST_STEP][PASSED] - saveWorkbook(excelFilePath, workbook01): null

25-11-2024T07:49:21 - [TEST_STEP][PASSED] - compare = pagePoteri: null

25-11-2024T07:49:21 - [TEST_STEP][PASSED] - if (compare == filePoteri): null

25-11-2024T07:49:21 - [TEST_STEP][PASSED] - else if (compare > filePoteri): null

25-11-2024T07:49:21 - [TEST_STEP][PASSED] - else if (compare < filePoteri): null

25-11-2024T07:49:21 - [TEST_STEP][PASSED] - compare = compare + 1: null

25-11-2024T07:49:21 - [TEST_STEP][PASSED] - if (compare == filePoteri): null

25-11-2024T07:49:21 - [TEST_STEP][PASSED] - else: null

25-11-2024T07:49:21 - [TEST_STEP][PASSED] - numberOfErrors = numberOfErrors + 1: null

25-11-2024T07:49:21 - [TEST_STEP][PASSED] - pageInt = pagePoteri: null

25-11-2024T07:49:21 - [TEST_STEP][PASSED] - fileInt = filePoteri: null

25-11-2024T07:49:21 - [TEST_STEP][PASSED] - typeOfData = typeOfDataMain + " Потери": null

25-11-2024T07:49:21 - [TEST_STEP][PASSED] - Script1718980020443.WriteToExcel(a, typeOfData, todaysDate, pageInt, fileInt, pageDouble, fileDouble, dZO): null

25-11-2024T07:49:21 - [TEST_STEP][PASSED] - sheetName = "Sheet1": null

25-11-2024T07:49:21 - [TEST_STEP][PASSED] - data = findTestData("PlanFact"): null

25-11-2024T07:49:21 - [TEST_STEP][PASSED] - n = data.getRowNumbers() + 1: null

25-11-2024T07:49:21 - [TEST_STEP][PASSED] - year = todaysDate.substring(todaysDate.length() - 4, todaysDate.length()): null

25-11-2024T07:49:21 - [TEST_STEP][PASSED] - y = year.toInteger(): null

25-11-2024T07:49:21 - [TEST_STEP][PASSED] - m = getText(findTestObject("Выполнение бизнес-плана/Период")): Text of object 'Object Repository/Выполнение бизнес-плана/Период' is: '1, 2, 3 кв. 2024 года'

25-11-2024T07:49:21 - [MESSAGE][PASSED] - Text of object 'Object Repository/Выполнение бизнес-плана/Период' is: '1, 2, 3 кв. 2024 года'

25-11-2024T07:49:21 - [TEST_STEP][PASSED] - m = m.substring(0, m.indexOf("2024")): null

25-11-2024T07:49:21 - [TEST_STEP][PASSED] - m = m.trim(): null

25-11-2024T07:49:21 - [TEST_STEP][PASSED] - dashboardName = "Выполнение бизнес-плана": null

25-11-2024T07:49:21 - [TEST_STEP][PASSED] - workbook01 = getWorkbook(excelFilePath): null

25-11-2024T07:49:21 - [TEST_STEP][PASSED] - sheet01 = getExcelSheet(workbook01, sheetName): null

25-11-2024T07:49:21 - [TEST_STEP][PASSED] - setValueToCellByIndex(sheet01, n, 0, dashboardName): null

25-11-2024T07:49:21 - [TEST_STEP][PASSED] - setValueToCellByIndex(sheet01, n, 1, dZO): null

25-11-2024T07:49:21 - [TEST_STEP][PASSED] - setValueToCellByIndex(sheet01, n, 2, typeOfData): null

25-11-2024T07:49:21 - [TEST_STEP][PASSED] - if (typeOfData == "Факт в процентах" || typeOfData == "План в процентах"): null

25-11-2024T07:49:21 - [TEST_STEP][PASSED] - else: null

25-11-2024T07:49:21 - [TEST_STEP][PASSED] - setValueToCellByIndex(sheet01, n, 3, fileInt): null

25-11-2024T07:49:21 - [TEST_STEP][PASSED] - setValueToCellByIndex(sheet01, n, 4, pageInt): null

25-11-2024T07:49:21 - [TEST_STEP][PASSED] - setValueToCellByIndex(sheet01, n, 5, m): null

25-11-2024T07:49:21 - [TEST_STEP][PASSED] - setValueToCellByIndex(sheet01, n, 6, y): null

25-11-2024T07:49:21 - [TEST_STEP][PASSED] - setValueToCellByIndex(sheet01, n, 7, todaysDate): null

25-11-2024T07:49:21 - [TEST_STEP][PASSED] - n = n + 1: null

25-11-2024T07:49:21 - [TEST_STEP][PASSED] - saveWorkbook(excelFilePath, workbook01): Object: 'Object Repository/Выполнение бизнес-плана/Кнопка Факт' is clicked on

25-11-2024T07:49:22 - [TEST_STEP][PASSED] - if (planFact == 2): Object: 'Object Repository/Выполнение бизнес-плана/Кнопка Факт' is clicked on

25-11-2024T07:49:22 - [TEST_STEP][PASSED] - click(findTestObject("Выполнение бизнес-плана/Кнопка Факт")): Object: 'Object Repository/Выполнение бизнес-плана/Кнопка Факт' is clicked on

25-11-2024T07:49:22 - [MESSAGE][PASSED] - Object: 'Object Repository/Выполнение бизнес-плана/Кнопка Факт' is clicked on

25-11-2024T07:49:22 - [TEST_STEP][PASSED] - if (a == 84 || a == 82): null

25-11-2024T07:49:22 - [TEST_STEP][PASSED] - else if (a == 52 || a == 72 || a == 28 || a == 73 || a == 77 || a == 74 || a == 65 || a == 36 || a == 44 || a == 53 || a == 80 || a == 54 || a == 1 || a == 18 || a == 59 || a == 81): null

25-11-2024T07:49:22 - [TEST_STEP][PASSED] - else: null

25-11-2024T07:49:22 - [TEST_STEP][PASSED] - page1 = getText(findTestObject("Object Repository/Выполнение бизнес-плана/spanPlan" + filialNum)): Text of object 'Object Repository/Выполнение бизнес-плана/spanPlan2' is: '43.39
|'

25-11-2024T07:49:22 - [MESSAGE][PASSED] - Text of object 'Object Repository/Выполнение бизнес-плана/spanPlan2' is: '43.39
|'

25-11-2024T07:49:22 - [TEST_STEP][PASSED] - page1 = page1.replace("|", ""): null

25-11-2024T07:49:22 - [TEST_STEP][PASSED] - page2 = getText(findTestObject("Object Repository/Выполнение бизнес-плана/spanFact" + filialNum)): Text of object 'Object Repository/Выполнение бизнес-плана/spanFact2' is: '56.56
|'

25-11-2024T07:49:23 - [MESSAGE][PASSED] - Text of object 'Object Repository/Выполнение бизнес-плана/spanFact2' is: '56.56
|'

25-11-2024T07:49:23 - [TEST_STEP][PASSED] - page2 = page2.replace("|", ""): null

25-11-2024T07:49:23 - [TEST_STEP][PASSED] - println("page1: " + page1): null

25-11-2024T07:49:23 - [TEST_STEP][PASSED] - println("page2: " + page2): null

25-11-2024T07:49:23 - [TEST_STEP][PASSED] - file = findTestData("PlanFact").getValue(4, a): null

25-11-2024T07:49:23 - [TEST_STEP][PASSED] - file = file.replace(",", "."): null

25-11-2024T07:49:23 - [TEST_STEP][PASSED] - println("file Plan: " + file): null

25-11-2024T07:49:23 - [TEST_STEP][PASSED] - typeOfData = "План в процентах": null

25-11-2024T07:49:23 - [TEST_STEP][PASSED] - fileDouble = file.toDouble(): null

25-11-2024T07:49:23 - [TEST_STEP][PASSED] - pageDouble = page1.toDouble(): null

25-11-2024T07:49:23 - [TEST_STEP][PASSED] - if (fileDouble != pageDouble): null

25-11-2024T07:49:23 - [TEST_STEP][PASSED] - numberOfErrors = numberOfErrors + 1: null

25-11-2024T07:49:23 - [TEST_STEP][PASSED] - Script1718980020443.WriteToExcel(a, typeOfData, todaysDate, pageInt, fileInt, pageDouble, fileDouble, dZO): null

25-11-2024T07:49:23 - [TEST_STEP][PASSED] - sheetName = "Sheet1": null

25-11-2024T07:49:23 - [TEST_STEP][PASSED] - data = findTestData("PlanFact"): null

25-11-2024T07:49:23 - [TEST_STEP][PASSED] - n = data.getRowNumbers() + 1: null

25-11-2024T07:49:23 - [TEST_STEP][PASSED] - year = todaysDate.substring(todaysDate.length() - 4, todaysDate.length()): null

25-11-2024T07:49:23 - [TEST_STEP][PASSED] - y = year.toInteger(): null

25-11-2024T07:49:23 - [TEST_STEP][PASSED] - m = getText(findTestObject("Выполнение бизнес-плана/Период")): Text of object 'Object Repository/Выполнение бизнес-плана/Период' is: '1, 2, 3 кв. 2024 года'

25-11-2024T07:49:23 - [MESSAGE][PASSED] - Text of object 'Object Repository/Выполнение бизнес-плана/Период' is: '1, 2, 3 кв. 2024 года'

25-11-2024T07:49:23 - [TEST_STEP][PASSED] - m = m.substring(0, m.indexOf("2024")): null

25-11-2024T07:49:23 - [TEST_STEP][PASSED] - m = m.trim(): null

25-11-2024T07:49:23 - [TEST_STEP][PASSED] - dashboardName = "Выполнение бизнес-плана": null

25-11-2024T07:49:23 - [TEST_STEP][PASSED] - workbook01 = getWorkbook(excelFilePath): null

25-11-2024T07:49:23 - [TEST_STEP][PASSED] - sheet01 = getExcelSheet(workbook01, sheetName): null

25-11-2024T07:49:23 - [TEST_STEP][PASSED] - setValueToCellByIndex(sheet01, n, 0, dashboardName): null

25-11-2024T07:49:23 - [TEST_STEP][PASSED] - setValueToCellByIndex(sheet01, n, 1, dZO): null

25-11-2024T07:49:23 - [TEST_STEP][PASSED] - setValueToCellByIndex(sheet01, n, 2, typeOfData): null

25-11-2024T07:49:23 - [TEST_STEP][PASSED] - if (typeOfData == "Факт в процентах" || typeOfData == "План в процентах"): null

25-11-2024T07:49:23 - [TEST_STEP][PASSED] - setValueToCellByIndex(sheet01, n, 3, fileDouble): null

25-11-2024T07:49:23 - [TEST_STEP][PASSED] - setValueToCellByIndex(sheet01, n, 4, pageDouble): null

25-11-2024T07:49:23 - [TEST_STEP][PASSED] - setValueToCellByIndex(sheet01, n, 5, m): null

25-11-2024T07:49:23 - [TEST_STEP][PASSED] - setValueToCellByIndex(sheet01, n, 6, y): null

25-11-2024T07:49:23 - [TEST_STEP][PASSED] - setValueToCellByIndex(sheet01, n, 7, todaysDate): null

25-11-2024T07:49:23 - [TEST_STEP][PASSED] - n = n + 1: null

25-11-2024T07:49:23 - [TEST_STEP][PASSED] - saveWorkbook(excelFilePath, workbook01): null

25-11-2024T07:49:23 - [TEST_STEP][PASSED] - file = findTestData("PlanFact").getValue(7, a): null

25-11-2024T07:49:23 - [TEST_STEP][PASSED] - file = file.replace(",", "."): null

25-11-2024T07:49:23 - [TEST_STEP][PASSED] - println("file Fact: " + file): null

25-11-2024T07:49:23 - [TEST_STEP][PASSED] - fileDouble = file.toDouble(): null

25-11-2024T07:49:23 - [TEST_STEP][PASSED] - typeOfData = "Факт в процентах": null

25-11-2024T07:49:23 - [TEST_STEP][PASSED] - fileDouble = file.toDouble(): null

25-11-2024T07:49:23 - [TEST_STEP][PASSED] - pageDouble = page2.toDouble(): null

25-11-2024T07:49:23 - [TEST_STEP][PASSED] - if (fileDouble != pageDouble): null

25-11-2024T07:49:23 - [TEST_STEP][PASSED] - numberOfErrors = numberOfErrors + 1: null

25-11-2024T07:49:23 - [TEST_STEP][PASSED] - Script1718980020443.WriteToExcel(a, typeOfData, todaysDate, pageInt, fileInt, pageDouble, fileDouble, dZO): null

25-11-2024T07:49:23 - [TEST_STEP][PASSED] - sheetName = "Sheet1": null

25-11-2024T07:49:23 - [TEST_STEP][PASSED] - data = findTestData("PlanFact"): null

25-11-2024T07:49:23 - [TEST_STEP][PASSED] - n = data.getRowNumbers() + 1: null

25-11-2024T07:49:23 - [TEST_STEP][PASSED] - year = todaysDate.substring(todaysDate.length() - 4, todaysDate.length()): null

25-11-2024T07:49:23 - [TEST_STEP][PASSED] - y = year.toInteger(): null

25-11-2024T07:49:23 - [TEST_STEP][PASSED] - m = getText(findTestObject("Выполнение бизнес-плана/Период")): Text of object 'Object Repository/Выполнение бизнес-плана/Период' is: '1, 2, 3 кв. 2024 года'

25-11-2024T07:49:24 - [MESSAGE][PASSED] - Text of object 'Object Repository/Выполнение бизнес-плана/Период' is: '1, 2, 3 кв. 2024 года'

25-11-2024T07:49:24 - [TEST_STEP][PASSED] - m = m.substring(0, m.indexOf("2024")): null

25-11-2024T07:49:24 - [TEST_STEP][PASSED] - m = m.trim(): null

25-11-2024T07:49:24 - [TEST_STEP][PASSED] - dashboardName = "Выполнение бизнес-плана": null

25-11-2024T07:49:24 - [TEST_STEP][PASSED] - workbook01 = getWorkbook(excelFilePath): null

25-11-2024T07:49:24 - [TEST_STEP][PASSED] - sheet01 = getExcelSheet(workbook01, sheetName): null

25-11-2024T07:49:24 - [TEST_STEP][PASSED] - setValueToCellByIndex(sheet01, n, 0, dashboardName): null

25-11-2024T07:49:24 - [TEST_STEP][PASSED] - setValueToCellByIndex(sheet01, n, 1, dZO): null

25-11-2024T07:49:24 - [TEST_STEP][PASSED] - setValueToCellByIndex(sheet01, n, 2, typeOfData): null

25-11-2024T07:49:24 - [TEST_STEP][PASSED] - if (typeOfData == "Факт в процентах" || typeOfData == "План в процентах"): null

25-11-2024T07:49:24 - [TEST_STEP][PASSED] - setValueToCellByIndex(sheet01, n, 3, fileDouble): null

25-11-2024T07:49:24 - [TEST_STEP][PASSED] - setValueToCellByIndex(sheet01, n, 4, pageDouble): null

25-11-2024T07:49:24 - [TEST_STEP][PASSED] - setValueToCellByIndex(sheet01, n, 5, m): null

25-11-2024T07:49:24 - [TEST_STEP][PASSED] - setValueToCellByIndex(sheet01, n, 6, y): null

25-11-2024T07:49:24 - [TEST_STEP][PASSED] - setValueToCellByIndex(sheet01, n, 7, todaysDate): null

25-11-2024T07:49:24 - [TEST_STEP][PASSED] - n = n + 1: null

25-11-2024T07:49:24 - [TEST_STEP][PASSED] - saveWorkbook(excelFilePath, workbook01): null

25-11-2024T07:49:24 - [TEST_STEP][FAILED] - if (verifyEqual(numberOfErrors, 0) == false): null

25-11-2024T07:49:24 - [MESSAGE][FAILED] - Unable to verify equal between actual object '6' and expected object '0' (Root cause: com.kms.katalon.core.exception.StepFailedException: Actual object '6' and expected object '0' are not equal
	at com.kms.katalon.core.keyword.builtin.VerifyEqualKeyword$_verifyEqual_closure1.doCall(VerifyEqualKeyword.groovy:58)
	at com.kms.katalon.core.keyword.builtin.VerifyEqualKeyword$_verifyEqual_closure1.call(VerifyEqualKeyword.groovy)
	at com.kms.katalon.core.keyword.internal.KeywordMain.runKeyword(KeywordMain.groovy:75)
	at com.kms.katalon.core.keyword.builtin.VerifyEqualKeyword.verifyEqual(VerifyEqualKeyword.groovy:63)
	at com.kms.katalon.core.keyword.builtin.VerifyEqualKeyword.execute(VerifyEqualKeyword.groovy:44)
	at com.kms.katalon.core.keyword.internal.KeywordExecutor.executeKeywordForPlatform(KeywordExecutor.groovy:74)
	at com.kms.katalon.core.keyword.BuiltinKeywords.verifyEqual(BuiltinKeywords.groovy:146)
	at java.base/jdk.internal.reflect.NativeMethodAccessorImpl.invoke0(Native Method)
	at java.base/jdk.internal.reflect.NativeMethodAccessorImpl.invoke(NativeMethodAccessorImpl.java:77)
	at java.base/jdk.internal.reflect.DelegatingMethodAccessorImpl.invoke(DelegatingMethodAccessorImpl.java:43)
	at Выполнение бизнес-плана Сверка ПАО Россети все филиалы.Numbers(Выполнение бизнес-плана Сверка ПАО Россети все филиалы:740)
	at Выполнение бизнес-плана Сверка ПАО Россети все филиалы.Filials(Выполнение бизнес-плана Сверка ПАО Россети все филиалы:1087)
	at Выполнение бизнес-плана Сверка ПАО Россети все филиалы.Numbers(Выполнение бизнес-плана Сверка ПАО Россети все филиалы:745)
	at Выполнение бизнес-плана Сверка ПАО Россети все филиалы.run(Выполнение бизнес-плана Сверка ПАО Россети все филиалы:304)
	at com.kms.katalon.core.main.ScriptEngine.run(ScriptEngine.java:194)
	at com.kms.katalon.core.main.ScriptEngine.runScriptAsRawText(ScriptEngine.java:119)
	at com.kms.katalon.core.main.TestCaseExecutor.runScript(TestCaseExecutor.java:448)
	at com.kms.katalon.core.main.TestCaseExecutor.doExecute(TestCaseExecutor.java:439)
	at com.kms.katalon.core.main.TestCaseExecutor.processExecutionPhase(TestCaseExecutor.java:418)
	at com.kms.katalon.core.main.TestCaseExecutor.accessMainPhase(TestCaseExecutor.java:410)
	at com.kms.katalon.core.main.TestCaseExecutor.execute(TestCaseExecutor.java:285)
	at com.kms.katalon.core.common.CommonExecutor.accessTestCaseMainPhase(CommonExecutor.java:65)
	at com.kms.katalon.core.main.TestSuiteExecutor.accessTestSuiteMainPhase(TestSuiteExecutor.java:150)
	at com.kms.katalon.core.main.TestSuiteExecutor.execute(TestSuiteExecutor.java:106)
	at com.kms.katalon.core.main.TestCaseMain.startTestSuite(TestCaseMain.java:180)
	at TempTestSuite1732509691813.run(TempTestSuite1732509691813.groovy:35)
	at java.base/jdk.internal.reflect.NativeMethodAccessorImpl.invoke0(Native Method)
	at java.base/jdk.internal.reflect.NativeMethodAccessorImpl.invoke(NativeMethodAccessorImpl.java:77)
	at java.base/jdk.internal.reflect.DelegatingMethodAccessorImpl.invoke(DelegatingMethodAccessorImpl.java:43)
)

25-11-2024T07:49:24 - [TEST_STEP][PASSED] - println(numberOfErrors): null

25-11-2024T07:49:24 - [TEST_STEP][PASSED] - if (a == 28 || a == 77 || a == 74 || a == 65 || a == 36 || a == 44 || a == 54 || a == 1 || a == 18 || a == 59): null

25-11-2024T07:49:24 - [TEST_STEP][PASSED] - if (a == 82): null

25-11-2024T07:49:24 - [TEST_STEP][PASSED] - dZO = "Каббалкэнерго": null

25-11-2024T07:49:24 - [TEST_STEP][PASSED] - a = 66: null

25-11-2024T07:49:24 - [TEST_STEP][PASSED] - if (x2.contains(dZO)): null

25-11-2024T07:49:24 - [TEST_STEP][PASSED] - filialNum = filialNum + 1: null

25-11-2024T07:49:24 - [TEST_STEP][PASSED] - Script1718980020443.Numbers(a, typeOfData, todaysDate, pageInt, fileInt, pageDouble, fileDouble, dZO, dzoNum, filialNum): null

25-11-2024T07:49:24 - [TEST_STEP][PASSED] - println(dzoNum): null

25-11-2024T07:49:24 - [TEST_STEP][PASSED] - planFact = <not implemented yet for class: org.codehaus.groovy.ast.expr.EmptyExpression>: null

25-11-2024T07:49:24 - [TEST_STEP][PASSED] - page = <not implemented yet for class: org.codehaus.groovy.ast.expr.EmptyExpression>: null

25-11-2024T07:49:24 - [TEST_STEP][PASSED] - page1 = <not implemented yet for class: org.codehaus.groovy.ast.expr.EmptyExpression>: null

25-11-2024T07:49:24 - [TEST_STEP][PASSED] - page2 = <not implemented yet for class: org.codehaus.groovy.ast.expr.EmptyExpression>: null

25-11-2024T07:49:24 - [TEST_STEP][PASSED] - filialNumberInRow = <not implemented yet for class: org.codehaus.groovy.ast.expr.EmptyExpression>: null

25-11-2024T07:49:24 - [TEST_STEP][PASSED] - filialsDzoNames = <not implemented yet for class: org.codehaus.groovy.ast.expr.EmptyExpression>: null

25-11-2024T07:49:24 - [TEST_STEP][PASSED] - numberOfFilials = <not implemented yet for class: org.codehaus.groovy.ast.expr.EmptyExpression>: null

25-11-2024T07:49:24 - [TEST_STEP][PASSED] - numberOfSpaces = <not implemented yet for class: org.codehaus.groovy.ast.expr.EmptyExpression>: null

25-11-2024T07:49:24 - [TEST_STEP][PASSED] - file = <not implemented yet for class: org.codehaus.groovy.ast.expr.EmptyExpression>: null

25-11-2024T07:49:24 - [TEST_STEP][PASSED] - otpusk = <not implemented yet for class: org.codehaus.groovy.ast.expr.EmptyExpression>: null

25-11-2024T07:49:24 - [TEST_STEP][PASSED] - poteri = <not implemented yet for class: org.codehaus.groovy.ast.expr.EmptyExpression>: null

25-11-2024T07:49:24 - [TEST_STEP][PASSED] - dataFolder = "Выполнение бизнес-плана/Значения со страницы Выполнение бизнес-плана/": null

25-11-2024T07:49:24 - [TEST_STEP][PASSED] - path = <not implemented yet for class: org.codehaus.groovy.ast.expr.EmptyExpression>: null

25-11-2024T07:49:24 - [TEST_STEP][PASSED] - typeOfDataMain = <not implemented yet for class: org.codehaus.groovy.ast.expr.EmptyExpression>: null

25-11-2024T07:49:24 - [TEST_STEP][PASSED] - fileOtpuskVSet = <not implemented yet for class: org.codehaus.groovy.ast.expr.EmptyExpression>: null

25-11-2024T07:49:24 - [TEST_STEP][PASSED] - pageOtpuskVSet = <not implemented yet for class: org.codehaus.groovy.ast.expr.EmptyExpression>: null

25-11-2024T07:49:24 - [TEST_STEP][PASSED] - filePoteri = <not implemented yet for class: org.codehaus.groovy.ast.expr.EmptyExpression>: null

25-11-2024T07:49:24 - [TEST_STEP][PASSED] - pagePoteri = <not implemented yet for class: org.codehaus.groovy.ast.expr.EmptyExpression>: null

25-11-2024T07:49:24 - [TEST_STEP][PASSED] - compare = <not implemented yet for class: org.codehaus.groovy.ast.expr.EmptyExpression>: null

25-11-2024T07:49:24 - [TEST_STEP][PASSED] - b = <not implemented yet for class: org.codehaus.groovy.ast.expr.EmptyExpression>: null

25-11-2024T07:49:24 - [TEST_STEP][PASSED] - i = <not implemented yet for class: org.codehaus.groovy.ast.expr.EmptyExpression>: null

25-11-2024T07:49:24 - [TEST_STEP][PASSED] - ii = <not implemented yet for class: org.codehaus.groovy.ast.expr.EmptyExpression>: null

25-11-2024T07:49:24 - [TEST_STEP][PASSED] - c = <not implemented yet for class: org.codehaus.groovy.ast.expr.EmptyExpression>: null

25-11-2024T07:49:24 - [TEST_STEP][PASSED] - numberOfErrors = 0: null

25-11-2024T07:49:24 - [TEST_STEP][PASSED] - if (a == 82): null

25-11-2024T07:49:24 - [TEST_STEP][PASSED] - b = findTestData("PlanFact").getValue(1, a): null

25-11-2024T07:49:24 - [TEST_STEP][PASSED] - i = b.indexOf(" (ГК)"): null

25-11-2024T07:49:24 - [TEST_STEP][PASSED] - if (i > -1): null

25-11-2024T07:49:24 - [TEST_STEP][PASSED] - i = b.indexOf("О ""): null

25-11-2024T07:49:24 - [TEST_STEP][PASSED] - if (i > -1): null

25-11-2024T07:49:24 - [TEST_STEP][PASSED] - i = b.indexOf("О «"): null

25-11-2024T07:49:24 - [TEST_STEP][PASSED] - if (i > -1): null

25-11-2024T07:49:24 - [TEST_STEP][PASSED] - i = b.indexOf("г. "): null

25-11-2024T07:49:24 - [TEST_STEP][PASSED] - if (i > -1): null

25-11-2024T07:49:24 - [TEST_STEP][PASSED] - println(b): null

25-11-2024T07:49:24 - [TEST_STEP][PASSED] - for ([planFact = 1, planFact < 3, (planFact++)]): null

25-11-2024T07:49:24 - [TEST_STEP][PASSED] - if (planFact == 1): null

25-11-2024T07:49:24 - [TEST_STEP][PASSED] - typeOfDataMain = "Факт": null

25-11-2024T07:49:24 - [TEST_STEP][PASSED] - otpusk = findTestData("PlanFact").getValue(5, a): null

25-11-2024T07:49:24 - [TEST_STEP][PASSED] - poteri = findTestData("PlanFact").getValue(6, a): null

25-11-2024T07:49:24 - [TEST_STEP][PASSED] - otpusk = otpusk.replaceAll("\s+", ""): null

25-11-2024T07:49:24 - [TEST_STEP][PASSED] - poteri = poteri.replaceAll("\s+", ""): null

25-11-2024T07:49:24 - [TEST_STEP][PASSED] - typeOfData = typeOfDataMain + " Отпуск в сеть": null

25-11-2024T07:49:24 - [TEST_STEP][PASSED] - if (a == 82): null

25-11-2024T07:49:24 - [TEST_STEP][PASSED] - else if (a == 84): null

25-11-2024T07:49:24 - [TEST_STEP][PASSED] - else if (a == 52 || a == 72 || a == 28 || a == 73 || a == 77 || a == 74 || a == 65 || a == 36 || a == 44 || a == 53 || a == 80 || a == 54 || a == 1 || a == 18 || a == 59 || a == 81): null

25-11-2024T07:49:24 - [TEST_STEP][PASSED] - else: null

25-11-2024T07:49:24 - [TEST_STEP][PASSED] - path = dataFolder + typeOfData + " за отчётный период " + b: null

25-11-2024T07:49:24 - [TEST_STEP][PASSED] - println(path): null

25-11-2024T07:49:24 - [TEST_STEP][PASSED] - page = getText(findTestObject(path)): Text of object 'Object Repository/Выполнение бизнес-плана/Значения со страницы Выполнение бизнес-плана/Факт Отпуск в сеть за отчётный период Каббалкэнерго' is: '1 413 519'

25-11-2024T07:49:24 - [MESSAGE][PASSED] - Text of object 'Object Repository/Выполнение бизнес-плана/Значения со страницы Выполнение бизнес-плана/Факт Отпуск в сеть за отчётный период Каббалкэнерго' is: '1 413 519'

25-11-2024T07:49:24 - [TEST_STEP][PASSED] - page = page.replaceAll("\s+", ""): null

25-11-2024T07:49:24 - [TEST_STEP][PASSED] - fileOtpuskVSet = otpusk.toInteger(): null

25-11-2024T07:49:24 - [TEST_STEP][PASSED] - pageOtpuskVSet = page.toInteger(): null

25-11-2024T07:49:24 - [TEST_STEP][PASSED] - typeOfData = typeOfDataMain + " Потери": null

25-11-2024T07:49:24 - [TEST_STEP][PASSED] - if (a == 82): null

25-11-2024T07:49:24 - [TEST_STEP][PASSED] - else if (a == 84): null

25-11-2024T07:49:24 - [TEST_STEP][PASSED] - else if (a == 52 || a == 72 || a == 28 || a == 73 || a == 77 || a == 74 || a == 65 || a == 36 || a == 44 || a == 53 || a == 80 || a == 54 || a == 1 || a == 18 || a == 59 || a == 81): null

25-11-2024T07:49:24 - [TEST_STEP][PASSED] - else: null

25-11-2024T07:49:24 - [TEST_STEP][PASSED] - path = dataFolder + typeOfData + " за отчётный период " + b: null

25-11-2024T07:49:24 - [TEST_STEP][PASSED] - page = getText(findTestObject(path)): Text of object 'Object Repository/Выполнение бизнес-плана/Значения со страницы Выполнение бизнес-плана/Факт Потери за отчётный период Каббалкэнерго' is: '276 509'

25-11-2024T07:49:25 - [MESSAGE][PASSED] - Text of object 'Object Repository/Выполнение бизнес-плана/Значения со страницы Выполнение бизнес-плана/Факт Потери за отчётный период Каббалкэнерго' is: '276 509'

25-11-2024T07:49:25 - [TEST_STEP][PASSED] - page = page.replaceAll("\s+", ""): null

25-11-2024T07:49:25 - [TEST_STEP][PASSED] - filePoteri = poteri.toInteger(): null

25-11-2024T07:49:25 - [TEST_STEP][PASSED] - pagePoteri = page.toInteger(): null

25-11-2024T07:49:25 - [TEST_STEP][PASSED] - compare = pageOtpuskVSet: null

25-11-2024T07:49:25 - [TEST_STEP][PASSED] - if (compare == fileOtpuskVSet): null

25-11-2024T07:49:25 - [TEST_STEP][PASSED] - else if (compare > fileOtpuskVSet): null

25-11-2024T07:49:25 - [TEST_STEP][PASSED] - compare = compare - 1: null

25-11-2024T07:49:25 - [TEST_STEP][PASSED] - if (compare == fileOtpuskVSet): null

25-11-2024T07:49:25 - [TEST_STEP][PASSED] - else: null

25-11-2024T07:49:25 - [TEST_STEP][PASSED] - numberOfErrors = numberOfErrors + 1: null

25-11-2024T07:49:25 - [TEST_STEP][PASSED] - pageInt = pageOtpuskVSet: null

25-11-2024T07:49:25 - [TEST_STEP][PASSED] - fileInt = fileOtpuskVSet: null

25-11-2024T07:49:25 - [TEST_STEP][PASSED] - typeOfData = typeOfDataMain + " Отпуск в сеть": null

25-11-2024T07:49:25 - [TEST_STEP][PASSED] - Script1718980020443.WriteToExcel(a, typeOfData, todaysDate, pageInt, fileInt, pageDouble, fileDouble, dZO): null

25-11-2024T07:49:25 - [TEST_STEP][PASSED] - sheetName = "Sheet1": null

25-11-2024T07:49:25 - [TEST_STEP][PASSED] - data = findTestData("PlanFact"): null

25-11-2024T07:49:25 - [TEST_STEP][PASSED] - n = data.getRowNumbers() + 1: null

25-11-2024T07:49:25 - [TEST_STEP][PASSED] - year = todaysDate.substring(todaysDate.length() - 4, todaysDate.length()): null

25-11-2024T07:49:25 - [TEST_STEP][PASSED] - y = year.toInteger(): null

25-11-2024T07:49:25 - [TEST_STEP][PASSED] - m = getText(findTestObject("Выполнение бизнес-плана/Период")): Text of object 'Object Repository/Выполнение бизнес-плана/Период' is: '1, 2, 3 кв. 2024 года'

25-11-2024T07:49:25 - [MESSAGE][PASSED] - Text of object 'Object Repository/Выполнение бизнес-плана/Период' is: '1, 2, 3 кв. 2024 года'

25-11-2024T07:49:25 - [TEST_STEP][PASSED] - m = m.substring(0, m.indexOf("2024")): null

25-11-2024T07:49:25 - [TEST_STEP][PASSED] - m = m.trim(): null

25-11-2024T07:49:25 - [TEST_STEP][PASSED] - dashboardName = "Выполнение бизнес-плана": null

25-11-2024T07:49:25 - [TEST_STEP][PASSED] - workbook01 = getWorkbook(excelFilePath): null

25-11-2024T07:49:25 - [TEST_STEP][PASSED] - sheet01 = getExcelSheet(workbook01, sheetName): null

25-11-2024T07:49:25 - [TEST_STEP][PASSED] - setValueToCellByIndex(sheet01, n, 0, dashboardName): null

25-11-2024T07:49:25 - [TEST_STEP][PASSED] - setValueToCellByIndex(sheet01, n, 1, dZO): null

25-11-2024T07:49:25 - [TEST_STEP][PASSED] - setValueToCellByIndex(sheet01, n, 2, typeOfData): null

25-11-2024T07:49:25 - [TEST_STEP][PASSED] - if (typeOfData == "Факт в процентах" || typeOfData == "План в процентах"): null

25-11-2024T07:49:25 - [TEST_STEP][PASSED] - else: null

25-11-2024T07:49:25 - [TEST_STEP][PASSED] - setValueToCellByIndex(sheet01, n, 3, fileInt): null

25-11-2024T07:49:25 - [TEST_STEP][PASSED] - setValueToCellByIndex(sheet01, n, 4, pageInt): null

25-11-2024T07:49:25 - [TEST_STEP][PASSED] - setValueToCellByIndex(sheet01, n, 5, m): null

25-11-2024T07:49:25 - [TEST_STEP][PASSED] - setValueToCellByIndex(sheet01, n, 6, y): null

25-11-2024T07:49:25 - [TEST_STEP][PASSED] - setValueToCellByIndex(sheet01, n, 7, todaysDate): null

25-11-2024T07:49:25 - [TEST_STEP][PASSED] - n = n + 1: null

25-11-2024T07:49:25 - [TEST_STEP][PASSED] - saveWorkbook(excelFilePath, workbook01): null

25-11-2024T07:49:25 - [TEST_STEP][PASSED] - compare = pagePoteri: null

25-11-2024T07:49:25 - [TEST_STEP][PASSED] - if (compare == filePoteri): null

25-11-2024T07:49:25 - [TEST_STEP][PASSED] - else if (compare > filePoteri): null

25-11-2024T07:49:25 - [TEST_STEP][PASSED] - compare = compare - 1: null

25-11-2024T07:49:25 - [TEST_STEP][PASSED] - if (compare == filePoteri): null

25-11-2024T07:49:25 - [TEST_STEP][PASSED] - else: null

25-11-2024T07:49:25 - [TEST_STEP][PASSED] - numberOfErrors = numberOfErrors + 1: null

25-11-2024T07:49:25 - [TEST_STEP][PASSED] - pageInt = pagePoteri: null

25-11-2024T07:49:25 - [TEST_STEP][PASSED] - fileInt = filePoteri: null

25-11-2024T07:49:25 - [TEST_STEP][PASSED] - typeOfData = typeOfDataMain + " Потери": null

25-11-2024T07:49:25 - [TEST_STEP][PASSED] - Script1718980020443.WriteToExcel(a, typeOfData, todaysDate, pageInt, fileInt, pageDouble, fileDouble, dZO): null

25-11-2024T07:49:25 - [TEST_STEP][PASSED] - sheetName = "Sheet1": null

25-11-2024T07:49:25 - [TEST_STEP][PASSED] - data = findTestData("PlanFact"): null

25-11-2024T07:49:25 - [TEST_STEP][PASSED] - n = data.getRowNumbers() + 1: null

25-11-2024T07:49:25 - [TEST_STEP][PASSED] - year = todaysDate.substring(todaysDate.length() - 4, todaysDate.length()): null

25-11-2024T07:49:25 - [TEST_STEP][PASSED] - y = year.toInteger(): null

25-11-2024T07:49:25 - [TEST_STEP][PASSED] - m = getText(findTestObject("Выполнение бизнес-плана/Период")): Text of object 'Object Repository/Выполнение бизнес-плана/Период' is: '1, 2, 3 кв. 2024 года'

25-11-2024T07:49:26 - [MESSAGE][PASSED] - Text of object 'Object Repository/Выполнение бизнес-плана/Период' is: '1, 2, 3 кв. 2024 года'

25-11-2024T07:49:26 - [TEST_STEP][PASSED] - m = m.substring(0, m.indexOf("2024")): null

25-11-2024T07:49:26 - [TEST_STEP][PASSED] - m = m.trim(): null

25-11-2024T07:49:26 - [TEST_STEP][PASSED] - dashboardName = "Выполнение бизнес-плана": null

25-11-2024T07:49:26 - [TEST_STEP][PASSED] - workbook01 = getWorkbook(excelFilePath): null

25-11-2024T07:49:26 - [TEST_STEP][PASSED] - sheet01 = getExcelSheet(workbook01, sheetName): null

25-11-2024T07:49:26 - [TEST_STEP][PASSED] - setValueToCellByIndex(sheet01, n, 0, dashboardName): null

25-11-2024T07:49:26 - [TEST_STEP][PASSED] - setValueToCellByIndex(sheet01, n, 1, dZO): null

25-11-2024T07:49:26 - [TEST_STEP][PASSED] - setValueToCellByIndex(sheet01, n, 2, typeOfData): null

25-11-2024T07:49:26 - [TEST_STEP][PASSED] - if (typeOfData == "Факт в процентах" || typeOfData == "План в процентах"): null

25-11-2024T07:49:26 - [TEST_STEP][PASSED] - else: null

25-11-2024T07:49:26 - [TEST_STEP][PASSED] - setValueToCellByIndex(sheet01, n, 3, fileInt): null

25-11-2024T07:49:26 - [TEST_STEP][PASSED] - setValueToCellByIndex(sheet01, n, 4, pageInt): null

25-11-2024T07:49:26 - [TEST_STEP][PASSED] - setValueToCellByIndex(sheet01, n, 5, m): null

25-11-2024T07:49:26 - [TEST_STEP][PASSED] - setValueToCellByIndex(sheet01, n, 6, y): null

25-11-2024T07:49:26 - [TEST_STEP][PASSED] - setValueToCellByIndex(sheet01, n, 7, todaysDate): null

25-11-2024T07:49:26 - [TEST_STEP][PASSED] - n = n + 1: null

25-11-2024T07:49:26 - [TEST_STEP][PASSED] - saveWorkbook(excelFilePath, workbook01): null

25-11-2024T07:49:26 - [TEST_STEP][PASSED] - if (planFact == 2): null

25-11-2024T07:49:26 - [TEST_STEP][PASSED] - if (planFact == 1): null

25-11-2024T07:49:26 - [TEST_STEP][PASSED] - else if (planFact == 2): null

25-11-2024T07:49:26 - [TEST_STEP][PASSED] - click(findTestObject("Выполнение бизнес-плана/Кнопка План")): Object: 'Object Repository/Выполнение бизнес-плана/Кнопка План' is clicked on

25-11-2024T07:49:26 - [MESSAGE][PASSED] - Object: 'Object Repository/Выполнение бизнес-плана/Кнопка План' is clicked on

25-11-2024T07:49:26 - [TEST_STEP][PASSED] - typeOfDataMain = "План": null

25-11-2024T07:49:26 - [TEST_STEP][PASSED] - otpusk = findTestData("PlanFact").getValue(2, a): null

25-11-2024T07:49:26 - [TEST_STEP][PASSED] - poteri = findTestData("PlanFact").getValue(3, a): null

25-11-2024T07:49:26 - [TEST_STEP][PASSED] - otpusk = otpusk.replaceAll("\s+", ""): null

25-11-2024T07:49:26 - [TEST_STEP][PASSED] - poteri = poteri.replaceAll("\s+", ""): null

25-11-2024T07:49:26 - [TEST_STEP][PASSED] - typeOfData = typeOfDataMain + " Отпуск в сеть": null

25-11-2024T07:49:26 - [TEST_STEP][PASSED] - if (a == 82): null

25-11-2024T07:49:26 - [TEST_STEP][PASSED] - else if (a == 84): null

25-11-2024T07:49:26 - [TEST_STEP][PASSED] - else if (a == 52 || a == 72 || a == 28 || a == 73 || a == 77 || a == 74 || a == 65 || a == 36 || a == 44 || a == 53 || a == 80 || a == 54 || a == 1 || a == 18 || a == 59 || a == 81): null

25-11-2024T07:49:26 - [TEST_STEP][PASSED] - else: null

25-11-2024T07:49:26 - [TEST_STEP][PASSED] - path = dataFolder + typeOfData + " за отчётный период " + b: null

25-11-2024T07:49:26 - [TEST_STEP][PASSED] - println(path): null

25-11-2024T07:49:26 - [TEST_STEP][PASSED] - page = getText(findTestObject(path)): Text of object 'Object Repository/Выполнение бизнес-плана/Значения со страницы Выполнение бизнес-плана/План Отпуск в сеть за отчётный период Каббалкэнерго' is: '1 299 774'

25-11-2024T07:49:27 - [MESSAGE][PASSED] - Text of object 'Object Repository/Выполнение бизнес-плана/Значения со страницы Выполнение бизнес-плана/План Отпуск в сеть за отчётный период Каббалкэнерго' is: '1 299 774'

25-11-2024T07:49:27 - [TEST_STEP][PASSED] - page = page.replaceAll("\s+", ""): null

25-11-2024T07:49:27 - [TEST_STEP][PASSED] - fileOtpuskVSet = otpusk.toInteger(): null

25-11-2024T07:49:27 - [TEST_STEP][PASSED] - pageOtpuskVSet = page.toInteger(): null

25-11-2024T07:49:27 - [TEST_STEP][PASSED] - typeOfData = typeOfDataMain + " Потери": null

25-11-2024T07:49:27 - [TEST_STEP][PASSED] - if (a == 82): null

25-11-2024T07:49:27 - [TEST_STEP][PASSED] - else if (a == 84): null

25-11-2024T07:49:27 - [TEST_STEP][PASSED] - else if (a == 52 || a == 72 || a == 28 || a == 73 || a == 77 || a == 74 || a == 65 || a == 36 || a == 44 || a == 53 || a == 80 || a == 54 || a == 1 || a == 18 || a == 59 || a == 81): null

25-11-2024T07:49:27 - [TEST_STEP][PASSED] - else: null

25-11-2024T07:49:27 - [TEST_STEP][PASSED] - path = dataFolder + typeOfData + " за отчётный период " + b: null

25-11-2024T07:49:27 - [TEST_STEP][PASSED] - page = getText(findTestObject(path)): Text of object 'Object Repository/Выполнение бизнес-плана/Значения со страницы Выполнение бизнес-плана/План Потери за отчётный период Каббалкэнерго' is: '257 408'

25-11-2024T07:49:27 - [MESSAGE][PASSED] - Text of object 'Object Repository/Выполнение бизнес-плана/Значения со страницы Выполнение бизнес-плана/План Потери за отчётный период Каббалкэнерго' is: '257 408'

25-11-2024T07:49:27 - [TEST_STEP][PASSED] - page = page.replaceAll("\s+", ""): null

25-11-2024T07:49:27 - [TEST_STEP][PASSED] - filePoteri = poteri.toInteger(): null

25-11-2024T07:49:27 - [TEST_STEP][PASSED] - pagePoteri = page.toInteger(): null

25-11-2024T07:49:27 - [TEST_STEP][PASSED] - compare = pageOtpuskVSet: null

25-11-2024T07:49:27 - [TEST_STEP][PASSED] - if (compare == fileOtpuskVSet): null

25-11-2024T07:49:27 - [TEST_STEP][PASSED] - else if (compare > fileOtpuskVSet): null

25-11-2024T07:49:27 - [TEST_STEP][PASSED] - else if (compare < fileOtpuskVSet): null

25-11-2024T07:49:27 - [TEST_STEP][PASSED] - compare = compare + 1: null

25-11-2024T07:49:27 - [TEST_STEP][PASSED] - if (compare == fileOtpuskVSet): null

25-11-2024T07:49:27 - [TEST_STEP][PASSED] - else: null

25-11-2024T07:49:27 - [TEST_STEP][PASSED] - numberOfErrors = numberOfErrors + 1: null

25-11-2024T07:49:27 - [TEST_STEP][PASSED] - pageInt = pageOtpuskVSet: null

25-11-2024T07:49:27 - [TEST_STEP][PASSED] - fileInt = fileOtpuskVSet: null

25-11-2024T07:49:27 - [TEST_STEP][PASSED] - typeOfData = typeOfDataMain + " Отпуск в сеть": null

25-11-2024T07:49:27 - [TEST_STEP][PASSED] - Script1718980020443.WriteToExcel(a, typeOfData, todaysDate, pageInt, fileInt, pageDouble, fileDouble, dZO): null

25-11-2024T07:49:27 - [TEST_STEP][PASSED] - sheetName = "Sheet1": null

25-11-2024T07:49:27 - [TEST_STEP][PASSED] - data = findTestData("PlanFact"): null

25-11-2024T07:49:27 - [TEST_STEP][PASSED] - n = data.getRowNumbers() + 1: null

25-11-2024T07:49:27 - [TEST_STEP][PASSED] - year = todaysDate.substring(todaysDate.length() - 4, todaysDate.length()): null

25-11-2024T07:49:27 - [TEST_STEP][PASSED] - y = year.toInteger(): null

25-11-2024T07:49:27 - [TEST_STEP][PASSED] - m = getText(findTestObject("Выполнение бизнес-плана/Период")): Text of object 'Object Repository/Выполнение бизнес-плана/Период' is: '1, 2, 3 кв. 2024 года'

25-11-2024T07:49:28 - [MESSAGE][PASSED] - Text of object 'Object Repository/Выполнение бизнес-плана/Период' is: '1, 2, 3 кв. 2024 года'

25-11-2024T07:49:28 - [TEST_STEP][PASSED] - m = m.substring(0, m.indexOf("2024")): null

25-11-2024T07:49:28 - [TEST_STEP][PASSED] - m = m.trim(): null

25-11-2024T07:49:28 - [TEST_STEP][PASSED] - dashboardName = "Выполнение бизнес-плана": null

25-11-2024T07:49:28 - [TEST_STEP][PASSED] - workbook01 = getWorkbook(excelFilePath): null

25-11-2024T07:49:28 - [TEST_STEP][PASSED] - sheet01 = getExcelSheet(workbook01, sheetName): null

25-11-2024T07:49:28 - [TEST_STEP][PASSED] - setValueToCellByIndex(sheet01, n, 0, dashboardName): null

25-11-2024T07:49:28 - [TEST_STEP][PASSED] - setValueToCellByIndex(sheet01, n, 1, dZO): null

25-11-2024T07:49:28 - [TEST_STEP][PASSED] - setValueToCellByIndex(sheet01, n, 2, typeOfData): null

25-11-2024T07:49:28 - [TEST_STEP][PASSED] - if (typeOfData == "Факт в процентах" || typeOfData == "План в процентах"): null

25-11-2024T07:49:28 - [TEST_STEP][PASSED] - else: null

25-11-2024T07:49:28 - [TEST_STEP][PASSED] - setValueToCellByIndex(sheet01, n, 3, fileInt): null

25-11-2024T07:49:28 - [TEST_STEP][PASSED] - setValueToCellByIndex(sheet01, n, 4, pageInt): null

25-11-2024T07:49:28 - [TEST_STEP][PASSED] - setValueToCellByIndex(sheet01, n, 5, m): null

25-11-2024T07:49:28 - [TEST_STEP][PASSED] - setValueToCellByIndex(sheet01, n, 6, y): null

25-11-2024T07:49:28 - [TEST_STEP][PASSED] - setValueToCellByIndex(sheet01, n, 7, todaysDate): null

25-11-2024T07:49:28 - [TEST_STEP][PASSED] - n = n + 1: null

25-11-2024T07:49:28 - [TEST_STEP][PASSED] - saveWorkbook(excelFilePath, workbook01): null

25-11-2024T07:49:28 - [TEST_STEP][PASSED] - compare = pagePoteri: null

25-11-2024T07:49:28 - [TEST_STEP][PASSED] - if (compare == filePoteri): null

25-11-2024T07:49:28 - [TEST_STEP][PASSED] - else if (compare > filePoteri): null

25-11-2024T07:49:28 - [TEST_STEP][PASSED] - else if (compare < filePoteri): null

25-11-2024T07:49:28 - [TEST_STEP][PASSED] - compare = compare + 1: null

25-11-2024T07:49:28 - [TEST_STEP][PASSED] - if (compare == filePoteri): null

25-11-2024T07:49:28 - [TEST_STEP][PASSED] - else: null

25-11-2024T07:49:28 - [TEST_STEP][PASSED] - numberOfErrors = numberOfErrors + 1: null

25-11-2024T07:49:28 - [TEST_STEP][PASSED] - pageInt = pagePoteri: null

25-11-2024T07:49:28 - [TEST_STEP][PASSED] - fileInt = filePoteri: null

25-11-2024T07:49:28 - [TEST_STEP][PASSED] - typeOfData = typeOfDataMain + " Потери": null

25-11-2024T07:49:28 - [TEST_STEP][PASSED] - Script1718980020443.WriteToExcel(a, typeOfData, todaysDate, pageInt, fileInt, pageDouble, fileDouble, dZO): null

25-11-2024T07:49:28 - [TEST_STEP][PASSED] - sheetName = "Sheet1": null

25-11-2024T07:49:28 - [TEST_STEP][PASSED] - data = findTestData("PlanFact"): null

25-11-2024T07:49:28 - [TEST_STEP][PASSED] - n = data.getRowNumbers() + 1: null

25-11-2024T07:49:28 - [TEST_STEP][PASSED] - year = todaysDate.substring(todaysDate.length() - 4, todaysDate.length()): null

25-11-2024T07:49:28 - [TEST_STEP][PASSED] - y = year.toInteger(): null

25-11-2024T07:49:28 - [TEST_STEP][PASSED] - m = getText(findTestObject("Выполнение бизнес-плана/Период")): Text of object 'Object Repository/Выполнение бизнес-плана/Период' is: '1, 2, 3 кв. 2024 года'

25-11-2024T07:49:28 - [MESSAGE][PASSED] - Text of object 'Object Repository/Выполнение бизнес-плана/Период' is: '1, 2, 3 кв. 2024 года'

25-11-2024T07:49:28 - [TEST_STEP][PASSED] - m = m.substring(0, m.indexOf("2024")): null

25-11-2024T07:49:28 - [TEST_STEP][PASSED] - m = m.trim(): null

25-11-2024T07:49:28 - [TEST_STEP][PASSED] - dashboardName = "Выполнение бизнес-плана": null

25-11-2024T07:49:28 - [TEST_STEP][PASSED] - workbook01 = getWorkbook(excelFilePath): null

25-11-2024T07:49:28 - [TEST_STEP][PASSED] - sheet01 = getExcelSheet(workbook01, sheetName): null

25-11-2024T07:49:28 - [TEST_STEP][PASSED] - setValueToCellByIndex(sheet01, n, 0, dashboardName): null

25-11-2024T07:49:28 - [TEST_STEP][PASSED] - setValueToCellByIndex(sheet01, n, 1, dZO): null

25-11-2024T07:49:28 - [TEST_STEP][PASSED] - setValueToCellByIndex(sheet01, n, 2, typeOfData): null

25-11-2024T07:49:28 - [TEST_STEP][PASSED] - if (typeOfData == "Факт в процентах" || typeOfData == "План в процентах"): null

25-11-2024T07:49:28 - [TEST_STEP][PASSED] - else: null

25-11-2024T07:49:28 - [TEST_STEP][PASSED] - setValueToCellByIndex(sheet01, n, 3, fileInt): null

25-11-2024T07:49:28 - [TEST_STEP][PASSED] - setValueToCellByIndex(sheet01, n, 4, pageInt): null

25-11-2024T07:49:28 - [TEST_STEP][PASSED] - setValueToCellByIndex(sheet01, n, 5, m): null

25-11-2024T07:49:28 - [TEST_STEP][PASSED] - setValueToCellByIndex(sheet01, n, 6, y): null

25-11-2024T07:49:28 - [TEST_STEP][PASSED] - setValueToCellByIndex(sheet01, n, 7, todaysDate): null

25-11-2024T07:49:28 - [TEST_STEP][PASSED] - n = n + 1: null

25-11-2024T07:49:28 - [TEST_STEP][PASSED] - saveWorkbook(excelFilePath, workbook01): Object: 'Object Repository/Выполнение бизнес-плана/Кнопка Факт' is clicked on

25-11-2024T07:49:29 - [TEST_STEP][PASSED] - if (planFact == 2): Object: 'Object Repository/Выполнение бизнес-плана/Кнопка Факт' is clicked on

25-11-2024T07:49:29 - [TEST_STEP][PASSED] - click(findTestObject("Выполнение бизнес-плана/Кнопка Факт")): Object: 'Object Repository/Выполнение бизнес-плана/Кнопка Факт' is clicked on

25-11-2024T07:49:29 - [MESSAGE][PASSED] - Object: 'Object Repository/Выполнение бизнес-плана/Кнопка Факт' is clicked on

25-11-2024T07:49:29 - [TEST_STEP][PASSED] - if (a == 84 || a == 82): null

25-11-2024T07:49:29 - [TEST_STEP][PASSED] - else if (a == 52 || a == 72 || a == 28 || a == 73 || a == 77 || a == 74 || a == 65 || a == 36 || a == 44 || a == 53 || a == 80 || a == 54 || a == 1 || a == 18 || a == 59 || a == 81): null

25-11-2024T07:49:29 - [TEST_STEP][PASSED] - else: null

25-11-2024T07:49:29 - [TEST_STEP][PASSED] - page1 = getText(findTestObject("Object Repository/Выполнение бизнес-плана/spanPlan" + filialNum)): Text of object 'Object Repository/Выполнение бизнес-плана/spanPlan3' is: '19.80
|'

25-11-2024T07:49:29 - [MESSAGE][PASSED] - Text of object 'Object Repository/Выполнение бизнес-плана/spanPlan3' is: '19.80
|'

25-11-2024T07:49:29 - [TEST_STEP][PASSED] - page1 = page1.replace("|", ""): null

25-11-2024T07:49:29 - [TEST_STEP][PASSED] - page2 = getText(findTestObject("Object Repository/Выполнение бизнес-плана/spanFact" + filialNum)): Text of object 'Object Repository/Выполнение бизнес-плана/spanFact3' is: '19.56
|'

25-11-2024T07:49:29 - [MESSAGE][PASSED] - Text of object 'Object Repository/Выполнение бизнес-плана/spanFact3' is: '19.56
|'

25-11-2024T07:49:29 - [TEST_STEP][PASSED] - page2 = page2.replace("|", ""): null

25-11-2024T07:49:29 - [TEST_STEP][PASSED] - println("page1: " + page1): null

25-11-2024T07:49:29 - [TEST_STEP][PASSED] - println("page2: " + page2): null

25-11-2024T07:49:29 - [TEST_STEP][PASSED] - file = findTestData("PlanFact").getValue(4, a): null

25-11-2024T07:49:30 - [TEST_STEP][PASSED] - file = file.replace(",", "."): null

25-11-2024T07:49:30 - [TEST_STEP][PASSED] - println("file Plan: " + file): null

25-11-2024T07:49:30 - [TEST_STEP][PASSED] - typeOfData = "План в процентах": null

25-11-2024T07:49:30 - [TEST_STEP][PASSED] - fileDouble = file.toDouble(): null

25-11-2024T07:49:30 - [TEST_STEP][PASSED] - pageDouble = page1.toDouble(): null

25-11-2024T07:49:30 - [TEST_STEP][PASSED] - if (fileDouble != pageDouble): null

25-11-2024T07:49:30 - [TEST_STEP][PASSED] - numberOfErrors = numberOfErrors + 1: null

25-11-2024T07:49:30 - [TEST_STEP][PASSED] - Script1718980020443.WriteToExcel(a, typeOfData, todaysDate, pageInt, fileInt, pageDouble, fileDouble, dZO): null

25-11-2024T07:49:30 - [TEST_STEP][PASSED] - sheetName = "Sheet1": null

25-11-2024T07:49:30 - [TEST_STEP][PASSED] - data = findTestData("PlanFact"): null

25-11-2024T07:49:30 - [TEST_STEP][PASSED] - n = data.getRowNumbers() + 1: null

25-11-2024T07:49:30 - [TEST_STEP][PASSED] - year = todaysDate.substring(todaysDate.length() - 4, todaysDate.length()): null

25-11-2024T07:49:30 - [TEST_STEP][PASSED] - y = year.toInteger(): null

25-11-2024T07:49:30 - [TEST_STEP][PASSED] - m = getText(findTestObject("Выполнение бизнес-плана/Период")): Text of object 'Object Repository/Выполнение бизнес-плана/Период' is: '1, 2, 3 кв. 2024 года'

25-11-2024T07:49:30 - [MESSAGE][PASSED] - Text of object 'Object Repository/Выполнение бизнес-плана/Период' is: '1, 2, 3 кв. 2024 года'

25-11-2024T07:49:30 - [TEST_STEP][PASSED] - m = m.substring(0, m.indexOf("2024")): null

25-11-2024T07:49:30 - [TEST_STEP][PASSED] - m = m.trim(): null

25-11-2024T07:49:30 - [TEST_STEP][PASSED] - dashboardName = "Выполнение бизнес-плана": null

25-11-2024T07:49:30 - [TEST_STEP][PASSED] - workbook01 = getWorkbook(excelFilePath): null

25-11-2024T07:49:30 - [TEST_STEP][PASSED] - sheet01 = getExcelSheet(workbook01, sheetName): null

25-11-2024T07:49:30 - [TEST_STEP][PASSED] - setValueToCellByIndex(sheet01, n, 0, dashboardName): null

25-11-2024T07:49:30 - [TEST_STEP][PASSED] - setValueToCellByIndex(sheet01, n, 1, dZO): null

25-11-2024T07:49:30 - [TEST_STEP][PASSED] - setValueToCellByIndex(sheet01, n, 2, typeOfData): null

25-11-2024T07:49:30 - [TEST_STEP][PASSED] - if (typeOfData == "Факт в процентах" || typeOfData == "План в процентах"): null

25-11-2024T07:49:30 - [TEST_STEP][PASSED] - setValueToCellByIndex(sheet01, n, 3, fileDouble): null

25-11-2024T07:49:30 - [TEST_STEP][PASSED] - setValueToCellByIndex(sheet01, n, 4, pageDouble): null

25-11-2024T07:49:30 - [TEST_STEP][PASSED] - setValueToCellByIndex(sheet01, n, 5, m): null

25-11-2024T07:49:30 - [TEST_STEP][PASSED] - setValueToCellByIndex(sheet01, n, 6, y): null

25-11-2024T07:49:30 - [TEST_STEP][PASSED] - setValueToCellByIndex(sheet01, n, 7, todaysDate): null

25-11-2024T07:49:30 - [TEST_STEP][PASSED] - n = n + 1: null

25-11-2024T07:49:30 - [TEST_STEP][PASSED] - saveWorkbook(excelFilePath, workbook01): null

25-11-2024T07:49:30 - [TEST_STEP][PASSED] - file = findTestData("PlanFact").getValue(7, a): null

25-11-2024T07:49:30 - [TEST_STEP][PASSED] - file = file.replace(",", "."): null

25-11-2024T07:49:30 - [TEST_STEP][PASSED] - println("file Fact: " + file): null

25-11-2024T07:49:30 - [TEST_STEP][PASSED] - fileDouble = file.toDouble(): null

25-11-2024T07:49:30 - [TEST_STEP][PASSED] - typeOfData = "Факт в процентах": null

25-11-2024T07:49:30 - [TEST_STEP][PASSED] - fileDouble = file.toDouble(): null

25-11-2024T07:49:30 - [TEST_STEP][PASSED] - pageDouble = page2.toDouble(): null

25-11-2024T07:49:30 - [TEST_STEP][PASSED] - if (fileDouble != pageDouble): null

25-11-2024T07:49:30 - [TEST_STEP][PASSED] - numberOfErrors = numberOfErrors + 1: null

25-11-2024T07:49:30 - [TEST_STEP][PASSED] - Script1718980020443.WriteToExcel(a, typeOfData, todaysDate, pageInt, fileInt, pageDouble, fileDouble, dZO): null

25-11-2024T07:49:30 - [TEST_STEP][PASSED] - sheetName = "Sheet1": null

25-11-2024T07:49:30 - [TEST_STEP][PASSED] - data = findTestData("PlanFact"): null

25-11-2024T07:49:30 - [TEST_STEP][PASSED] - n = data.getRowNumbers() + 1: null

25-11-2024T07:49:30 - [TEST_STEP][PASSED] - year = todaysDate.substring(todaysDate.length() - 4, todaysDate.length()): null

25-11-2024T07:49:30 - [TEST_STEP][PASSED] - y = year.toInteger(): null

25-11-2024T07:49:30 - [TEST_STEP][PASSED] - m = getText(findTestObject("Выполнение бизнес-плана/Период")): Text of object 'Object Repository/Выполнение бизнес-плана/Период' is: '1, 2, 3 кв. 2024 года'

25-11-2024T07:49:31 - [MESSAGE][PASSED] - Text of object 'Object Repository/Выполнение бизнес-плана/Период' is: '1, 2, 3 кв. 2024 года'

25-11-2024T07:49:31 - [TEST_STEP][PASSED] - m = m.substring(0, m.indexOf("2024")): null

25-11-2024T07:49:31 - [TEST_STEP][PASSED] - m = m.trim(): null

25-11-2024T07:49:31 - [TEST_STEP][PASSED] - dashboardName = "Выполнение бизнес-плана": null

25-11-2024T07:49:31 - [TEST_STEP][PASSED] - workbook01 = getWorkbook(excelFilePath): null

25-11-2024T07:49:31 - [TEST_STEP][PASSED] - sheet01 = getExcelSheet(workbook01, sheetName): null

25-11-2024T07:49:31 - [TEST_STEP][PASSED] - setValueToCellByIndex(sheet01, n, 0, dashboardName): null

25-11-2024T07:49:31 - [TEST_STEP][PASSED] - setValueToCellByIndex(sheet01, n, 1, dZO): null

25-11-2024T07:49:31 - [TEST_STEP][PASSED] - setValueToCellByIndex(sheet01, n, 2, typeOfData): null

25-11-2024T07:49:31 - [TEST_STEP][PASSED] - if (typeOfData == "Факт в процентах" || typeOfData == "План в процентах"): null

25-11-2024T07:49:31 - [TEST_STEP][PASSED] - setValueToCellByIndex(sheet01, n, 3, fileDouble): null

25-11-2024T07:49:31 - [TEST_STEP][PASSED] - setValueToCellByIndex(sheet01, n, 4, pageDouble): null

25-11-2024T07:49:31 - [TEST_STEP][PASSED] - setValueToCellByIndex(sheet01, n, 5, m): null

25-11-2024T07:49:31 - [TEST_STEP][PASSED] - setValueToCellByIndex(sheet01, n, 6, y): null

25-11-2024T07:49:31 - [TEST_STEP][PASSED] - setValueToCellByIndex(sheet01, n, 7, todaysDate): null

25-11-2024T07:49:31 - [TEST_STEP][PASSED] - n = n + 1: null

25-11-2024T07:49:31 - [TEST_STEP][PASSED] - saveWorkbook(excelFilePath, workbook01): null

25-11-2024T07:49:31 - [TEST_STEP][FAILED] - if (verifyEqual(numberOfErrors, 0) == false): null

25-11-2024T07:49:31 - [MESSAGE][FAILED] - Unable to verify equal between actual object '6' and expected object '0' (Root cause: com.kms.katalon.core.exception.StepFailedException: Actual object '6' and expected object '0' are not equal
	at com.kms.katalon.core.keyword.builtin.VerifyEqualKeyword$_verifyEqual_closure1.doCall(VerifyEqualKeyword.groovy:58)
	at com.kms.katalon.core.keyword.builtin.VerifyEqualKeyword$_verifyEqual_closure1.call(VerifyEqualKeyword.groovy)
	at com.kms.katalon.core.keyword.internal.KeywordMain.runKeyword(KeywordMain.groovy:75)
	at com.kms.katalon.core.keyword.builtin.VerifyEqualKeyword.verifyEqual(VerifyEqualKeyword.groovy:63)
	at com.kms.katalon.core.keyword.builtin.VerifyEqualKeyword.execute(VerifyEqualKeyword.groovy:44)
	at com.kms.katalon.core.keyword.internal.KeywordExecutor.executeKeywordForPlatform(KeywordExecutor.groovy:74)
	at com.kms.katalon.core.keyword.BuiltinKeywords.verifyEqual(BuiltinKeywords.groovy:146)
	at java.base/jdk.internal.reflect.NativeMethodAccessorImpl.invoke0(Native Method)
	at java.base/jdk.internal.reflect.NativeMethodAccessorImpl.invoke(NativeMethodAccessorImpl.java:77)
	at java.base/jdk.internal.reflect.DelegatingMethodAccessorImpl.invoke(DelegatingMethodAccessorImpl.java:43)
	at Выполнение бизнес-плана Сверка ПАО Россети все филиалы.Numbers(Выполнение бизнес-плана Сверка ПАО Россети все филиалы:740)
	at Выполнение бизнес-плана Сверка ПАО Россети все филиалы.Filials(Выполнение бизнес-плана Сверка ПАО Россети все филиалы:1099)
	at Выполнение бизнес-плана Сверка ПАО Россети все филиалы.Numbers(Выполнение бизнес-плана Сверка ПАО Россети все филиалы:745)
	at Выполнение бизнес-плана Сверка ПАО Россети все филиалы.run(Выполнение бизнес-плана Сверка ПАО Россети все филиалы:304)
	at com.kms.katalon.core.main.ScriptEngine.run(ScriptEngine.java:194)
	at com.kms.katalon.core.main.ScriptEngine.runScriptAsRawText(ScriptEngine.java:119)
	at com.kms.katalon.core.main.TestCaseExecutor.runScript(TestCaseExecutor.java:448)
	at com.kms.katalon.core.main.TestCaseExecutor.doExecute(TestCaseExecutor.java:439)
	at com.kms.katalon.core.main.TestCaseExecutor.processExecutionPhase(TestCaseExecutor.java:418)
	at com.kms.katalon.core.main.TestCaseExecutor.accessMainPhase(TestCaseExecutor.java:410)
	at com.kms.katalon.core.main.TestCaseExecutor.execute(TestCaseExecutor.java:285)
	at com.kms.katalon.core.common.CommonExecutor.accessTestCaseMainPhase(CommonExecutor.java:65)
	at com.kms.katalon.core.main.TestSuiteExecutor.accessTestSuiteMainPhase(TestSuiteExecutor.java:150)
	at com.kms.katalon.core.main.TestSuiteExecutor.execute(TestSuiteExecutor.java:106)
	at com.kms.katalon.core.main.TestCaseMain.startTestSuite(TestCaseMain.java:180)
	at TempTestSuite1732509691813.run(TempTestSuite1732509691813.groovy:35)
	at java.base/jdk.internal.reflect.NativeMethodAccessorImpl.invoke0(Native Method)
	at java.base/jdk.internal.reflect.NativeMethodAccessorImpl.invoke(NativeMethodAccessorImpl.java:77)
	at java.base/jdk.internal.reflect.DelegatingMethodAccessorImpl.invoke(DelegatingMethodAccessorImpl.java:43)
)

25-11-2024T07:49:31 - [TEST_STEP][PASSED] - println(numberOfErrors): null

25-11-2024T07:49:31 - [TEST_STEP][PASSED] - if (a == 28 || a == 77 || a == 74 || a == 65 || a == 36 || a == 44 || a == 54 || a == 1 || a == 18 || a == 59): null

25-11-2024T07:49:31 - [TEST_STEP][PASSED] - if (a == 82): null

25-11-2024T07:49:31 - [TEST_STEP][PASSED] - dZO = "Карачаево-Черкесскэнерго": null

25-11-2024T07:49:31 - [TEST_STEP][PASSED] - a = 67: null

25-11-2024T07:49:31 - [TEST_STEP][PASSED] - if (x2.contains(dZO)): null

25-11-2024T07:49:31 - [TEST_STEP][PASSED] - filialNum = filialNum + 1: null

25-11-2024T07:49:31 - [TEST_STEP][PASSED] - Script1718980020443.Numbers(a, typeOfData, todaysDate, pageInt, fileInt, pageDouble, fileDouble, dZO, dzoNum, filialNum): null

25-11-2024T07:49:31 - [TEST_STEP][PASSED] - println(dzoNum): null

25-11-2024T07:49:31 - [TEST_STEP][PASSED] - planFact = <not implemented yet for class: org.codehaus.groovy.ast.expr.EmptyExpression>: null

25-11-2024T07:49:31 - [TEST_STEP][PASSED] - page = <not implemented yet for class: org.codehaus.groovy.ast.expr.EmptyExpression>: null

25-11-2024T07:49:31 - [TEST_STEP][PASSED] - page1 = <not implemented yet for class: org.codehaus.groovy.ast.expr.EmptyExpression>: null

25-11-2024T07:49:31 - [TEST_STEP][PASSED] - page2 = <not implemented yet for class: org.codehaus.groovy.ast.expr.EmptyExpression>: null

25-11-2024T07:49:31 - [TEST_STEP][PASSED] - filialNumberInRow = <not implemented yet for class: org.codehaus.groovy.ast.expr.EmptyExpression>: null

25-11-2024T07:49:31 - [TEST_STEP][PASSED] - filialsDzoNames = <not implemented yet for class: org.codehaus.groovy.ast.expr.EmptyExpression>: null

25-11-2024T07:49:31 - [TEST_STEP][PASSED] - numberOfFilials = <not implemented yet for class: org.codehaus.groovy.ast.expr.EmptyExpression>: null

25-11-2024T07:49:31 - [TEST_STEP][PASSED] - numberOfSpaces = <not implemented yet for class: org.codehaus.groovy.ast.expr.EmptyExpression>: null

25-11-2024T07:49:31 - [TEST_STEP][PASSED] - file = <not implemented yet for class: org.codehaus.groovy.ast.expr.EmptyExpression>: null

25-11-2024T07:49:31 - [TEST_STEP][PASSED] - otpusk = <not implemented yet for class: org.codehaus.groovy.ast.expr.EmptyExpression>: null

25-11-2024T07:49:31 - [TEST_STEP][PASSED] - poteri = <not implemented yet for class: org.codehaus.groovy.ast.expr.EmptyExpression>: null

25-11-2024T07:49:31 - [TEST_STEP][PASSED] - dataFolder = "Выполнение бизнес-плана/Значения со страницы Выполнение бизнес-плана/": null

25-11-2024T07:49:31 - [TEST_STEP][PASSED] - path = <not implemented yet for class: org.codehaus.groovy.ast.expr.EmptyExpression>: null

25-11-2024T07:49:31 - [TEST_STEP][PASSED] - typeOfDataMain = <not implemented yet for class: org.codehaus.groovy.ast.expr.EmptyExpression>: null

25-11-2024T07:49:31 - [TEST_STEP][PASSED] - fileOtpuskVSet = <not implemented yet for class: org.codehaus.groovy.ast.expr.EmptyExpression>: null

25-11-2024T07:49:31 - [TEST_STEP][PASSED] - pageOtpuskVSet = <not implemented yet for class: org.codehaus.groovy.ast.expr.EmptyExpression>: null

25-11-2024T07:49:31 - [TEST_STEP][PASSED] - filePoteri = <not implemented yet for class: org.codehaus.groovy.ast.expr.EmptyExpression>: null

25-11-2024T07:49:31 - [TEST_STEP][PASSED] - pagePoteri = <not implemented yet for class: org.codehaus.groovy.ast.expr.EmptyExpression>: null

25-11-2024T07:49:31 - [TEST_STEP][PASSED] - compare = <not implemented yet for class: org.codehaus.groovy.ast.expr.EmptyExpression>: null

25-11-2024T07:49:31 - [TEST_STEP][PASSED] - b = <not implemented yet for class: org.codehaus.groovy.ast.expr.EmptyExpression>: null

25-11-2024T07:49:31 - [TEST_STEP][PASSED] - i = <not implemented yet for class: org.codehaus.groovy.ast.expr.EmptyExpression>: null

25-11-2024T07:49:31 - [TEST_STEP][PASSED] - ii = <not implemented yet for class: org.codehaus.groovy.ast.expr.EmptyExpression>: null

25-11-2024T07:49:31 - [TEST_STEP][PASSED] - c = <not implemented yet for class: org.codehaus.groovy.ast.expr.EmptyExpression>: null

25-11-2024T07:49:31 - [TEST_STEP][PASSED] - numberOfErrors = 0: null

25-11-2024T07:49:31 - [TEST_STEP][PASSED] - if (a == 82): null

25-11-2024T07:49:31 - [TEST_STEP][PASSED] - b = findTestData("PlanFact").getValue(1, a): null

25-11-2024T07:49:31 - [TEST_STEP][PASSED] - i = b.indexOf(" (ГК)"): null

25-11-2024T07:49:31 - [TEST_STEP][PASSED] - if (i > -1): null

25-11-2024T07:49:31 - [TEST_STEP][PASSED] - i = b.indexOf("О ""): null

25-11-2024T07:49:31 - [TEST_STEP][PASSED] - if (i > -1): null

25-11-2024T07:49:31 - [TEST_STEP][PASSED] - i = b.indexOf("О «"): null

25-11-2024T07:49:31 - [TEST_STEP][PASSED] - if (i > -1): null

25-11-2024T07:49:31 - [TEST_STEP][PASSED] - i = b.indexOf("г. "): null

25-11-2024T07:49:31 - [TEST_STEP][PASSED] - if (i > -1): null

25-11-2024T07:49:31 - [TEST_STEP][PASSED] - println(b): null

25-11-2024T07:49:31 - [TEST_STEP][PASSED] - for ([planFact = 1, planFact < 3, (planFact++)]): null

25-11-2024T07:49:31 - [TEST_STEP][PASSED] - if (planFact == 1): null

25-11-2024T07:49:31 - [TEST_STEP][PASSED] - typeOfDataMain = "Факт": null

25-11-2024T07:49:31 - [TEST_STEP][PASSED] - otpusk = findTestData("PlanFact").getValue(5, a): null

25-11-2024T07:49:31 - [TEST_STEP][PASSED] - poteri = findTestData("PlanFact").getValue(6, a): null

25-11-2024T07:49:31 - [TEST_STEP][PASSED] - otpusk = otpusk.replaceAll("\s+", ""): null

25-11-2024T07:49:31 - [TEST_STEP][PASSED] - poteri = poteri.replaceAll("\s+", ""): null

25-11-2024T07:49:31 - [TEST_STEP][PASSED] - typeOfData = typeOfDataMain + " Отпуск в сеть": null

25-11-2024T07:49:31 - [TEST_STEP][PASSED] - if (a == 82): null

25-11-2024T07:49:31 - [TEST_STEP][PASSED] - else if (a == 84): null

25-11-2024T07:49:31 - [TEST_STEP][PASSED] - else if (a == 52 || a == 72 || a == 28 || a == 73 || a == 77 || a == 74 || a == 65 || a == 36 || a == 44 || a == 53 || a == 80 || a == 54 || a == 1 || a == 18 || a == 59 || a == 81): null

25-11-2024T07:49:31 - [TEST_STEP][PASSED] - else: null

25-11-2024T07:49:31 - [TEST_STEP][PASSED] - path = dataFolder + typeOfData + " за отчётный период " + b: null

25-11-2024T07:49:31 - [TEST_STEP][PASSED] - println(path): null

25-11-2024T07:49:31 - [TEST_STEP][PASSED] - page = getText(findTestObject(path)): Text of object 'Object Repository/Выполнение бизнес-плана/Значения со страницы Выполнение бизнес-плана/Факт Отпуск в сеть за отчётный период Карачаево-Черкесскэнерго' is: '1 013 182'

25-11-2024T07:49:31 - [MESSAGE][PASSED] - Text of object 'Object Repository/Выполнение бизнес-плана/Значения со страницы Выполнение бизнес-плана/Факт Отпуск в сеть за отчётный период Карачаево-Черкесскэнерго' is: '1 013 182'

25-11-2024T07:49:31 - [TEST_STEP][PASSED] - page = page.replaceAll("\s+", ""): null

25-11-2024T07:49:31 - [TEST_STEP][PASSED] - fileOtpuskVSet = otpusk.toInteger(): null

25-11-2024T07:49:31 - [TEST_STEP][PASSED] - pageOtpuskVSet = page.toInteger(): null

25-11-2024T07:49:31 - [TEST_STEP][PASSED] - typeOfData = typeOfDataMain + " Потери": null

25-11-2024T07:49:31 - [TEST_STEP][PASSED] - if (a == 82): null

25-11-2024T07:49:31 - [TEST_STEP][PASSED] - else if (a == 84): null

25-11-2024T07:49:31 - [TEST_STEP][PASSED] - else if (a == 52 || a == 72 || a == 28 || a == 73 || a == 77 || a == 74 || a == 65 || a == 36 || a == 44 || a == 53 || a == 80 || a == 54 || a == 1 || a == 18 || a == 59 || a == 81): null

25-11-2024T07:49:31 - [TEST_STEP][PASSED] - else: null

25-11-2024T07:49:31 - [TEST_STEP][PASSED] - path = dataFolder + typeOfData + " за отчётный период " + b: null

25-11-2024T07:49:31 - [TEST_STEP][PASSED] - page = getText(findTestObject(path)): Text of object 'Object Repository/Выполнение бизнес-плана/Значения со страницы Выполнение бизнес-плана/Факт Потери за отчётный период Карачаево-Черкесскэнерго' is: '146 000'

25-11-2024T07:49:32 - [MESSAGE][PASSED] - Text of object 'Object Repository/Выполнение бизнес-плана/Значения со страницы Выполнение бизнес-плана/Факт Потери за отчётный период Карачаево-Черкесскэнерго' is: '146 000'

25-11-2024T07:49:32 - [TEST_STEP][PASSED] - page = page.replaceAll("\s+", ""): null

25-11-2024T07:49:32 - [TEST_STEP][PASSED] - filePoteri = poteri.toInteger(): null

25-11-2024T07:49:32 - [TEST_STEP][PASSED] - pagePoteri = page.toInteger(): null

25-11-2024T07:49:32 - [TEST_STEP][PASSED] - compare = pageOtpuskVSet: null

25-11-2024T07:49:32 - [TEST_STEP][PASSED] - if (compare == fileOtpuskVSet): null

25-11-2024T07:49:32 - [TEST_STEP][PASSED] - else if (compare > fileOtpuskVSet): null

25-11-2024T07:49:32 - [TEST_STEP][PASSED] - compare = compare - 1: null

25-11-2024T07:49:32 - [TEST_STEP][PASSED] - if (compare == fileOtpuskVSet): null

25-11-2024T07:49:32 - [TEST_STEP][PASSED] - else: null

25-11-2024T07:49:32 - [TEST_STEP][PASSED] - numberOfErrors = numberOfErrors + 1: null

25-11-2024T07:49:32 - [TEST_STEP][PASSED] - pageInt = pageOtpuskVSet: null

25-11-2024T07:49:32 - [TEST_STEP][PASSED] - fileInt = fileOtpuskVSet: null

25-11-2024T07:49:32 - [TEST_STEP][PASSED] - typeOfData = typeOfDataMain + " Отпуск в сеть": null

25-11-2024T07:49:32 - [TEST_STEP][PASSED] - Script1718980020443.WriteToExcel(a, typeOfData, todaysDate, pageInt, fileInt, pageDouble, fileDouble, dZO): null

25-11-2024T07:49:32 - [TEST_STEP][PASSED] - sheetName = "Sheet1": null

25-11-2024T07:49:32 - [TEST_STEP][PASSED] - data = findTestData("PlanFact"): null

25-11-2024T07:49:32 - [TEST_STEP][PASSED] - n = data.getRowNumbers() + 1: null

25-11-2024T07:49:32 - [TEST_STEP][PASSED] - year = todaysDate.substring(todaysDate.length() - 4, todaysDate.length()): null

25-11-2024T07:49:32 - [TEST_STEP][PASSED] - y = year.toInteger(): null

25-11-2024T07:49:32 - [TEST_STEP][PASSED] - m = getText(findTestObject("Выполнение бизнес-плана/Период")): Text of object 'Object Repository/Выполнение бизнес-плана/Период' is: '1, 2, 3 кв. 2024 года'

25-11-2024T07:49:32 - [MESSAGE][PASSED] - Text of object 'Object Repository/Выполнение бизнес-плана/Период' is: '1, 2, 3 кв. 2024 года'

25-11-2024T07:49:32 - [TEST_STEP][PASSED] - m = m.substring(0, m.indexOf("2024")): null

25-11-2024T07:49:32 - [TEST_STEP][PASSED] - m = m.trim(): null

25-11-2024T07:49:32 - [TEST_STEP][PASSED] - dashboardName = "Выполнение бизнес-плана": null

25-11-2024T07:49:32 - [TEST_STEP][PASSED] - workbook01 = getWorkbook(excelFilePath): null

25-11-2024T07:49:32 - [TEST_STEP][PASSED] - sheet01 = getExcelSheet(workbook01, sheetName): null

25-11-2024T07:49:32 - [TEST_STEP][PASSED] - setValueToCellByIndex(sheet01, n, 0, dashboardName): null

25-11-2024T07:49:32 - [TEST_STEP][PASSED] - setValueToCellByIndex(sheet01, n, 1, dZO): null

25-11-2024T07:49:32 - [TEST_STEP][PASSED] - setValueToCellByIndex(sheet01, n, 2, typeOfData): null

25-11-2024T07:49:32 - [TEST_STEP][PASSED] - if (typeOfData == "Факт в процентах" || typeOfData == "План в процентах"): null

25-11-2024T07:49:32 - [TEST_STEP][PASSED] - else: null

25-11-2024T07:49:32 - [TEST_STEP][PASSED] - setValueToCellByIndex(sheet01, n, 3, fileInt): null

25-11-2024T07:49:32 - [TEST_STEP][PASSED] - setValueToCellByIndex(sheet01, n, 4, pageInt): null

25-11-2024T07:49:32 - [TEST_STEP][PASSED] - setValueToCellByIndex(sheet01, n, 5, m): null

25-11-2024T07:49:32 - [TEST_STEP][PASSED] - setValueToCellByIndex(sheet01, n, 6, y): null

25-11-2024T07:49:32 - [TEST_STEP][PASSED] - setValueToCellByIndex(sheet01, n, 7, todaysDate): null

25-11-2024T07:49:32 - [TEST_STEP][PASSED] - n = n + 1: null

25-11-2024T07:49:32 - [TEST_STEP][PASSED] - saveWorkbook(excelFilePath, workbook01): null

25-11-2024T07:49:32 - [TEST_STEP][PASSED] - compare = pagePoteri: null

25-11-2024T07:49:32 - [TEST_STEP][PASSED] - if (compare == filePoteri): null

25-11-2024T07:49:32 - [TEST_STEP][PASSED] - else if (compare > filePoteri): null

25-11-2024T07:49:32 - [TEST_STEP][PASSED] - compare = compare - 1: null

25-11-2024T07:49:32 - [TEST_STEP][PASSED] - if (compare == filePoteri): null

25-11-2024T07:49:32 - [TEST_STEP][PASSED] - else: null

25-11-2024T07:49:32 - [TEST_STEP][PASSED] - numberOfErrors = numberOfErrors + 1: null

25-11-2024T07:49:32 - [TEST_STEP][PASSED] - pageInt = pagePoteri: null

25-11-2024T07:49:32 - [TEST_STEP][PASSED] - fileInt = filePoteri: null

25-11-2024T07:49:32 - [TEST_STEP][PASSED] - typeOfData = typeOfDataMain + " Потери": null

25-11-2024T07:49:32 - [TEST_STEP][PASSED] - Script1718980020443.WriteToExcel(a, typeOfData, todaysDate, pageInt, fileInt, pageDouble, fileDouble, dZO): null

25-11-2024T07:49:32 - [TEST_STEP][PASSED] - sheetName = "Sheet1": null

25-11-2024T07:49:32 - [TEST_STEP][PASSED] - data = findTestData("PlanFact"): null

25-11-2024T07:49:32 - [TEST_STEP][PASSED] - n = data.getRowNumbers() + 1: null

25-11-2024T07:49:32 - [TEST_STEP][PASSED] - year = todaysDate.substring(todaysDate.length() - 4, todaysDate.length()): null

25-11-2024T07:49:32 - [TEST_STEP][PASSED] - y = year.toInteger(): null

25-11-2024T07:49:32 - [TEST_STEP][PASSED] - m = getText(findTestObject("Выполнение бизнес-плана/Период")): Text of object 'Object Repository/Выполнение бизнес-плана/Период' is: '1, 2, 3 кв. 2024 года'

25-11-2024T07:49:33 - [MESSAGE][PASSED] - Text of object 'Object Repository/Выполнение бизнес-плана/Период' is: '1, 2, 3 кв. 2024 года'

25-11-2024T07:49:33 - [TEST_STEP][PASSED] - m = m.substring(0, m.indexOf("2024")): null

25-11-2024T07:49:33 - [TEST_STEP][PASSED] - m = m.trim(): null

25-11-2024T07:49:33 - [TEST_STEP][PASSED] - dashboardName = "Выполнение бизнес-плана": null

25-11-2024T07:49:33 - [TEST_STEP][PASSED] - workbook01 = getWorkbook(excelFilePath): null

25-11-2024T07:49:33 - [TEST_STEP][PASSED] - sheet01 = getExcelSheet(workbook01, sheetName): null

25-11-2024T07:49:33 - [TEST_STEP][PASSED] - setValueToCellByIndex(sheet01, n, 0, dashboardName): null

25-11-2024T07:49:33 - [TEST_STEP][PASSED] - setValueToCellByIndex(sheet01, n, 1, dZO): null

25-11-2024T07:49:33 - [TEST_STEP][PASSED] - setValueToCellByIndex(sheet01, n, 2, typeOfData): null

25-11-2024T07:49:33 - [TEST_STEP][PASSED] - if (typeOfData == "Факт в процентах" || typeOfData == "План в процентах"): null

25-11-2024T07:49:33 - [TEST_STEP][PASSED] - else: null

25-11-2024T07:49:33 - [TEST_STEP][PASSED] - setValueToCellByIndex(sheet01, n, 3, fileInt): null

25-11-2024T07:49:33 - [TEST_STEP][PASSED] - setValueToCellByIndex(sheet01, n, 4, pageInt): null

25-11-2024T07:49:33 - [TEST_STEP][PASSED] - setValueToCellByIndex(sheet01, n, 5, m): null

25-11-2024T07:49:33 - [TEST_STEP][PASSED] - setValueToCellByIndex(sheet01, n, 6, y): null

25-11-2024T07:49:33 - [TEST_STEP][PASSED] - setValueToCellByIndex(sheet01, n, 7, todaysDate): null

25-11-2024T07:49:33 - [TEST_STEP][PASSED] - n = n + 1: null

25-11-2024T07:49:33 - [TEST_STEP][PASSED] - saveWorkbook(excelFilePath, workbook01): null

25-11-2024T07:49:33 - [TEST_STEP][PASSED] - if (planFact == 2): null

25-11-2024T07:49:33 - [TEST_STEP][PASSED] - if (planFact == 1): null

25-11-2024T07:49:33 - [TEST_STEP][PASSED] - else if (planFact == 2): null

25-11-2024T07:49:33 - [TEST_STEP][PASSED] - click(findTestObject("Выполнение бизнес-плана/Кнопка План")): Object: 'Object Repository/Выполнение бизнес-плана/Кнопка План' is clicked on

25-11-2024T07:49:33 - [MESSAGE][PASSED] - Object: 'Object Repository/Выполнение бизнес-плана/Кнопка План' is clicked on

25-11-2024T07:49:33 - [TEST_STEP][PASSED] - typeOfDataMain = "План": null

25-11-2024T07:49:33 - [TEST_STEP][PASSED] - otpusk = findTestData("PlanFact").getValue(2, a): null

25-11-2024T07:49:33 - [TEST_STEP][PASSED] - poteri = findTestData("PlanFact").getValue(3, a): null

25-11-2024T07:49:34 - [TEST_STEP][PASSED] - otpusk = otpusk.replaceAll("\s+", ""): null

25-11-2024T07:49:34 - [TEST_STEP][PASSED] - poteri = poteri.replaceAll("\s+", ""): null

25-11-2024T07:49:34 - [TEST_STEP][PASSED] - typeOfData = typeOfDataMain + " Отпуск в сеть": null

25-11-2024T07:49:34 - [TEST_STEP][PASSED] - if (a == 82): null

25-11-2024T07:49:34 - [TEST_STEP][PASSED] - else if (a == 84): null

25-11-2024T07:49:34 - [TEST_STEP][PASSED] - else if (a == 52 || a == 72 || a == 28 || a == 73 || a == 77 || a == 74 || a == 65 || a == 36 || a == 44 || a == 53 || a == 80 || a == 54 || a == 1 || a == 18 || a == 59 || a == 81): null

25-11-2024T07:49:34 - [TEST_STEP][PASSED] - else: null

25-11-2024T07:49:34 - [TEST_STEP][PASSED] - path = dataFolder + typeOfData + " за отчётный период " + b: null

25-11-2024T07:49:34 - [TEST_STEP][PASSED] - println(path): null

25-11-2024T07:49:34 - [TEST_STEP][PASSED] - page = getText(findTestObject(path)): Text of object 'Object Repository/Выполнение бизнес-плана/Значения со страницы Выполнение бизнес-плана/План Отпуск в сеть за отчётный период Карачаево-Черкесскэнерго' is: '938 915'

25-11-2024T07:49:34 - [MESSAGE][PASSED] - Text of object 'Object Repository/Выполнение бизнес-плана/Значения со страницы Выполнение бизнес-плана/План Отпуск в сеть за отчётный период Карачаево-Черкесскэнерго' is: '938 915'

25-11-2024T07:49:34 - [TEST_STEP][PASSED] - page = page.replaceAll("\s+", ""): null

25-11-2024T07:49:34 - [TEST_STEP][PASSED] - fileOtpuskVSet = otpusk.toInteger(): null

25-11-2024T07:49:34 - [TEST_STEP][PASSED] - pageOtpuskVSet = page.toInteger(): null

25-11-2024T07:49:34 - [TEST_STEP][PASSED] - typeOfData = typeOfDataMain + " Потери": null

25-11-2024T07:49:34 - [TEST_STEP][PASSED] - if (a == 82): null

25-11-2024T07:49:34 - [TEST_STEP][PASSED] - else if (a == 84): null

25-11-2024T07:49:34 - [TEST_STEP][PASSED] - else if (a == 52 || a == 72 || a == 28 || a == 73 || a == 77 || a == 74 || a == 65 || a == 36 || a == 44 || a == 53 || a == 80 || a == 54 || a == 1 || a == 18 || a == 59 || a == 81): null

25-11-2024T07:49:34 - [TEST_STEP][PASSED] - else: null

25-11-2024T07:49:34 - [TEST_STEP][PASSED] - path = dataFolder + typeOfData + " за отчётный период " + b: null

25-11-2024T07:49:34 - [TEST_STEP][PASSED] - page = getText(findTestObject(path)): Text of object 'Object Repository/Выполнение бизнес-плана/Значения со страницы Выполнение бизнес-плана/План Потери за отчётный период Карачаево-Черкесскэнерго' is: '126 591'

25-11-2024T07:49:34 - [MESSAGE][PASSED] - Text of object 'Object Repository/Выполнение бизнес-плана/Значения со страницы Выполнение бизнес-плана/План Потери за отчётный период Карачаево-Черкесскэнерго' is: '126 591'

25-11-2024T07:49:34 - [TEST_STEP][PASSED] - page = page.replaceAll("\s+", ""): null

25-11-2024T07:49:34 - [TEST_STEP][PASSED] - filePoteri = poteri.toInteger(): null

25-11-2024T07:49:34 - [TEST_STEP][PASSED] - pagePoteri = page.toInteger(): null

25-11-2024T07:49:34 - [TEST_STEP][PASSED] - compare = pageOtpuskVSet: null

25-11-2024T07:49:34 - [TEST_STEP][PASSED] - if (compare == fileOtpuskVSet): null

25-11-2024T07:49:34 - [TEST_STEP][PASSED] - else if (compare > fileOtpuskVSet): null

25-11-2024T07:49:34 - [TEST_STEP][PASSED] - else if (compare < fileOtpuskVSet): null

25-11-2024T07:49:34 - [TEST_STEP][PASSED] - compare = compare + 1: null

25-11-2024T07:49:34 - [TEST_STEP][PASSED] - if (compare == fileOtpuskVSet): null

25-11-2024T07:49:34 - [TEST_STEP][PASSED] - else: null

25-11-2024T07:49:34 - [TEST_STEP][PASSED] - numberOfErrors = numberOfErrors + 1: null

25-11-2024T07:49:34 - [TEST_STEP][PASSED] - pageInt = pageOtpuskVSet: null

25-11-2024T07:49:34 - [TEST_STEP][PASSED] - fileInt = fileOtpuskVSet: null

25-11-2024T07:49:34 - [TEST_STEP][PASSED] - typeOfData = typeOfDataMain + " Отпуск в сеть": null

25-11-2024T07:49:34 - [TEST_STEP][PASSED] - Script1718980020443.WriteToExcel(a, typeOfData, todaysDate, pageInt, fileInt, pageDouble, fileDouble, dZO): null

25-11-2024T07:49:34 - [TEST_STEP][PASSED] - sheetName = "Sheet1": null

25-11-2024T07:49:34 - [TEST_STEP][PASSED] - data = findTestData("PlanFact"): null

25-11-2024T07:49:34 - [TEST_STEP][PASSED] - n = data.getRowNumbers() + 1: null

25-11-2024T07:49:34 - [TEST_STEP][PASSED] - year = todaysDate.substring(todaysDate.length() - 4, todaysDate.length()): null

25-11-2024T07:49:34 - [TEST_STEP][PASSED] - y = year.toInteger(): null

25-11-2024T07:49:34 - [TEST_STEP][PASSED] - m = getText(findTestObject("Выполнение бизнес-плана/Период")): Text of object 'Object Repository/Выполнение бизнес-плана/Период' is: '1, 2, 3 кв. 2024 года'

25-11-2024T07:49:35 - [MESSAGE][PASSED] - Text of object 'Object Repository/Выполнение бизнес-плана/Период' is: '1, 2, 3 кв. 2024 года'

25-11-2024T07:49:35 - [TEST_STEP][PASSED] - m = m.substring(0, m.indexOf("2024")): null

25-11-2024T07:49:35 - [TEST_STEP][PASSED] - m = m.trim(): null

25-11-2024T07:49:35 - [TEST_STEP][PASSED] - dashboardName = "Выполнение бизнес-плана": null

25-11-2024T07:49:35 - [TEST_STEP][PASSED] - workbook01 = getWorkbook(excelFilePath): null

25-11-2024T07:49:35 - [TEST_STEP][PASSED] - sheet01 = getExcelSheet(workbook01, sheetName): null

25-11-2024T07:49:35 - [TEST_STEP][PASSED] - setValueToCellByIndex(sheet01, n, 0, dashboardName): null

25-11-2024T07:49:35 - [TEST_STEP][PASSED] - setValueToCellByIndex(sheet01, n, 1, dZO): null

25-11-2024T07:49:35 - [TEST_STEP][PASSED] - setValueToCellByIndex(sheet01, n, 2, typeOfData): null

25-11-2024T07:49:35 - [TEST_STEP][PASSED] - if (typeOfData == "Факт в процентах" || typeOfData == "План в процентах"): null

25-11-2024T07:49:35 - [TEST_STEP][PASSED] - else: null

25-11-2024T07:49:35 - [TEST_STEP][PASSED] - setValueToCellByIndex(sheet01, n, 3, fileInt): null

25-11-2024T07:49:35 - [TEST_STEP][PASSED] - setValueToCellByIndex(sheet01, n, 4, pageInt): null

25-11-2024T07:49:35 - [TEST_STEP][PASSED] - setValueToCellByIndex(sheet01, n, 5, m): null

25-11-2024T07:49:35 - [TEST_STEP][PASSED] - setValueToCellByIndex(sheet01, n, 6, y): null

25-11-2024T07:49:35 - [TEST_STEP][PASSED] - setValueToCellByIndex(sheet01, n, 7, todaysDate): null

25-11-2024T07:49:35 - [TEST_STEP][PASSED] - n = n + 1: null

25-11-2024T07:49:35 - [TEST_STEP][PASSED] - saveWorkbook(excelFilePath, workbook01): null

25-11-2024T07:49:35 - [TEST_STEP][PASSED] - compare = pagePoteri: null

25-11-2024T07:49:35 - [TEST_STEP][PASSED] - if (compare == filePoteri): null

25-11-2024T07:49:35 - [TEST_STEP][PASSED] - else if (compare > filePoteri): null

25-11-2024T07:49:35 - [TEST_STEP][PASSED] - else if (compare < filePoteri): null

25-11-2024T07:49:35 - [TEST_STEP][PASSED] - compare = compare + 1: null

25-11-2024T07:49:35 - [TEST_STEP][PASSED] - if (compare == filePoteri): null

25-11-2024T07:49:35 - [TEST_STEP][PASSED] - else: null

25-11-2024T07:49:35 - [TEST_STEP][PASSED] - numberOfErrors = numberOfErrors + 1: null

25-11-2024T07:49:35 - [TEST_STEP][PASSED] - pageInt = pagePoteri: null

25-11-2024T07:49:35 - [TEST_STEP][PASSED] - fileInt = filePoteri: null

25-11-2024T07:49:35 - [TEST_STEP][PASSED] - typeOfData = typeOfDataMain + " Потери": null

25-11-2024T07:49:35 - [TEST_STEP][PASSED] - Script1718980020443.WriteToExcel(a, typeOfData, todaysDate, pageInt, fileInt, pageDouble, fileDouble, dZO): null

25-11-2024T07:49:35 - [TEST_STEP][PASSED] - sheetName = "Sheet1": null

25-11-2024T07:49:35 - [TEST_STEP][PASSED] - data = findTestData("PlanFact"): null

25-11-2024T07:49:35 - [TEST_STEP][PASSED] - n = data.getRowNumbers() + 1: null

25-11-2024T07:49:35 - [TEST_STEP][PASSED] - year = todaysDate.substring(todaysDate.length() - 4, todaysDate.length()): null

25-11-2024T07:49:35 - [TEST_STEP][PASSED] - y = year.toInteger(): null

25-11-2024T07:49:35 - [TEST_STEP][PASSED] - m = getText(findTestObject("Выполнение бизнес-плана/Период")): Text of object 'Object Repository/Выполнение бизнес-плана/Период' is: '1, 2, 3 кв. 2024 года'

25-11-2024T07:49:35 - [MESSAGE][PASSED] - Text of object 'Object Repository/Выполнение бизнес-плана/Период' is: '1, 2, 3 кв. 2024 года'

25-11-2024T07:49:35 - [TEST_STEP][PASSED] - m = m.substring(0, m.indexOf("2024")): null

25-11-2024T07:49:35 - [TEST_STEP][PASSED] - m = m.trim(): null

25-11-2024T07:49:35 - [TEST_STEP][PASSED] - dashboardName = "Выполнение бизнес-плана": null

25-11-2024T07:49:35 - [TEST_STEP][PASSED] - workbook01 = getWorkbook(excelFilePath): null

25-11-2024T07:49:35 - [TEST_STEP][PASSED] - sheet01 = getExcelSheet(workbook01, sheetName): null

25-11-2024T07:49:35 - [TEST_STEP][PASSED] - setValueToCellByIndex(sheet01, n, 0, dashboardName): null

25-11-2024T07:49:35 - [TEST_STEP][PASSED] - setValueToCellByIndex(sheet01, n, 1, dZO): null

25-11-2024T07:49:35 - [TEST_STEP][PASSED] - setValueToCellByIndex(sheet01, n, 2, typeOfData): null

25-11-2024T07:49:35 - [TEST_STEP][PASSED] - if (typeOfData == "Факт в процентах" || typeOfData == "План в процентах"): null

25-11-2024T07:49:35 - [TEST_STEP][PASSED] - else: null

25-11-2024T07:49:35 - [TEST_STEP][PASSED] - setValueToCellByIndex(sheet01, n, 3, fileInt): null

25-11-2024T07:49:35 - [TEST_STEP][PASSED] - setValueToCellByIndex(sheet01, n, 4, pageInt): null

25-11-2024T07:49:35 - [TEST_STEP][PASSED] - setValueToCellByIndex(sheet01, n, 5, m): null

25-11-2024T07:49:35 - [TEST_STEP][PASSED] - setValueToCellByIndex(sheet01, n, 6, y): null

25-11-2024T07:49:35 - [TEST_STEP][PASSED] - setValueToCellByIndex(sheet01, n, 7, todaysDate): null

25-11-2024T07:49:35 - [TEST_STEP][PASSED] - n = n + 1: null

25-11-2024T07:49:35 - [TEST_STEP][PASSED] - saveWorkbook(excelFilePath, workbook01): Object: 'Object Repository/Выполнение бизнес-плана/Кнопка Факт' is clicked on

25-11-2024T07:49:36 - [TEST_STEP][PASSED] - if (planFact == 2): Object: 'Object Repository/Выполнение бизнес-плана/Кнопка Факт' is clicked on

25-11-2024T07:49:36 - [TEST_STEP][PASSED] - click(findTestObject("Выполнение бизнес-плана/Кнопка Факт")): Object: 'Object Repository/Выполнение бизнес-плана/Кнопка Факт' is clicked on

25-11-2024T07:49:36 - [MESSAGE][PASSED] - Object: 'Object Repository/Выполнение бизнес-плана/Кнопка Факт' is clicked on

25-11-2024T07:49:36 - [TEST_STEP][PASSED] - if (a == 84 || a == 82): null

25-11-2024T07:49:36 - [TEST_STEP][PASSED] - else if (a == 52 || a == 72 || a == 28 || a == 73 || a == 77 || a == 74 || a == 65 || a == 36 || a == 44 || a == 53 || a == 80 || a == 54 || a == 1 || a == 18 || a == 59 || a == 81): null

25-11-2024T07:49:36 - [TEST_STEP][PASSED] - else: null

25-11-2024T07:49:36 - [TEST_STEP][PASSED] - page1 = getText(findTestObject("Object Repository/Выполнение бизнес-плана/spanPlan" + filialNum)): Text of object 'Object Repository/Выполнение бизнес-плана/spanPlan4' is: '13.48
|'

25-11-2024T07:49:36 - [MESSAGE][PASSED] - Text of object 'Object Repository/Выполнение бизнес-плана/spanPlan4' is: '13.48
|'

25-11-2024T07:49:36 - [TEST_STEP][PASSED] - page1 = page1.replace("|", ""): null

25-11-2024T07:49:36 - [TEST_STEP][PASSED] - page2 = getText(findTestObject("Object Repository/Выполнение бизнес-плана/spanFact" + filialNum)): Text of object 'Object Repository/Выполнение бизнес-плана/spanFact4' is: '14.41
|'

25-11-2024T07:49:36 - [MESSAGE][PASSED] - Text of object 'Object Repository/Выполнение бизнес-плана/spanFact4' is: '14.41
|'

25-11-2024T07:49:36 - [TEST_STEP][PASSED] - page2 = page2.replace("|", ""): null

25-11-2024T07:49:36 - [TEST_STEP][PASSED] - println("page1: " + page1): null

25-11-2024T07:49:36 - [TEST_STEP][PASSED] - println("page2: " + page2): null

25-11-2024T07:49:36 - [TEST_STEP][PASSED] - file = findTestData("PlanFact").getValue(4, a): null

25-11-2024T07:49:37 - [TEST_STEP][PASSED] - file = file.replace(",", "."): null

25-11-2024T07:49:37 - [TEST_STEP][PASSED] - println("file Plan: " + file): null

25-11-2024T07:49:37 - [TEST_STEP][PASSED] - typeOfData = "План в процентах": null

25-11-2024T07:49:37 - [TEST_STEP][PASSED] - fileDouble = file.toDouble(): null

25-11-2024T07:49:37 - [TEST_STEP][PASSED] - pageDouble = page1.toDouble(): null

25-11-2024T07:49:37 - [TEST_STEP][PASSED] - if (fileDouble != pageDouble): null

25-11-2024T07:49:37 - [TEST_STEP][PASSED] - file = findTestData("PlanFact").getValue(7, a): null

25-11-2024T07:49:37 - [TEST_STEP][PASSED] - file = file.replace(",", "."): null

25-11-2024T07:49:37 - [TEST_STEP][PASSED] - println("file Fact: " + file): null

25-11-2024T07:49:37 - [TEST_STEP][PASSED] - fileDouble = file.toDouble(): null

25-11-2024T07:49:37 - [TEST_STEP][PASSED] - typeOfData = "Факт в процентах": null

25-11-2024T07:49:37 - [TEST_STEP][PASSED] - fileDouble = file.toDouble(): null

25-11-2024T07:49:37 - [TEST_STEP][PASSED] - pageDouble = page2.toDouble(): null

25-11-2024T07:49:37 - [TEST_STEP][PASSED] - if (fileDouble != pageDouble): null

25-11-2024T07:49:37 - [TEST_STEP][PASSED] - numberOfErrors = numberOfErrors + 1: null

25-11-2024T07:49:37 - [TEST_STEP][PASSED] - Script1718980020443.WriteToExcel(a, typeOfData, todaysDate, pageInt, fileInt, pageDouble, fileDouble, dZO): null

25-11-2024T07:49:37 - [TEST_STEP][PASSED] - sheetName = "Sheet1": null

25-11-2024T07:49:37 - [TEST_STEP][PASSED] - data = findTestData("PlanFact"): null

25-11-2024T07:49:37 - [TEST_STEP][PASSED] - n = data.getRowNumbers() + 1: null

25-11-2024T07:49:37 - [TEST_STEP][PASSED] - year = todaysDate.substring(todaysDate.length() - 4, todaysDate.length()): null

25-11-2024T07:49:37 - [TEST_STEP][PASSED] - y = year.toInteger(): null

25-11-2024T07:49:37 - [TEST_STEP][PASSED] - m = getText(findTestObject("Выполнение бизнес-плана/Период")): Text of object 'Object Repository/Выполнение бизнес-плана/Период' is: '1, 2, 3 кв. 2024 года'

25-11-2024T07:49:37 - [MESSAGE][PASSED] - Text of object 'Object Repository/Выполнение бизнес-плана/Период' is: '1, 2, 3 кв. 2024 года'

25-11-2024T07:49:37 - [TEST_STEP][PASSED] - m = m.substring(0, m.indexOf("2024")): null

25-11-2024T07:49:37 - [TEST_STEP][PASSED] - m = m.trim(): null

25-11-2024T07:49:37 - [TEST_STEP][PASSED] - dashboardName = "Выполнение бизнес-плана": null

25-11-2024T07:49:37 - [TEST_STEP][PASSED] - workbook01 = getWorkbook(excelFilePath): null

25-11-2024T07:49:37 - [TEST_STEP][PASSED] - sheet01 = getExcelSheet(workbook01, sheetName): null

25-11-2024T07:49:37 - [TEST_STEP][PASSED] - setValueToCellByIndex(sheet01, n, 0, dashboardName): null

25-11-2024T07:49:37 - [TEST_STEP][PASSED] - setValueToCellByIndex(sheet01, n, 1, dZO): null

25-11-2024T07:49:37 - [TEST_STEP][PASSED] - setValueToCellByIndex(sheet01, n, 2, typeOfData): null

25-11-2024T07:49:37 - [TEST_STEP][PASSED] - if (typeOfData == "Факт в процентах" || typeOfData == "План в процентах"): null

25-11-2024T07:49:37 - [TEST_STEP][PASSED] - setValueToCellByIndex(sheet01, n, 3, fileDouble): null

25-11-2024T07:49:37 - [TEST_STEP][PASSED] - setValueToCellByIndex(sheet01, n, 4, pageDouble): null

25-11-2024T07:49:37 - [TEST_STEP][PASSED] - setValueToCellByIndex(sheet01, n, 5, m): null

25-11-2024T07:49:37 - [TEST_STEP][PASSED] - setValueToCellByIndex(sheet01, n, 6, y): null

25-11-2024T07:49:37 - [TEST_STEP][PASSED] - setValueToCellByIndex(sheet01, n, 7, todaysDate): null

25-11-2024T07:49:37 - [TEST_STEP][PASSED] - n = n + 1: null

25-11-2024T07:49:37 - [TEST_STEP][PASSED] - saveWorkbook(excelFilePath, workbook01): null

25-11-2024T07:49:37 - [TEST_STEP][FAILED] - if (verifyEqual(numberOfErrors, 0) == false): null

25-11-2024T07:49:37 - [MESSAGE][FAILED] - Unable to verify equal between actual object '5' and expected object '0' (Root cause: com.kms.katalon.core.exception.StepFailedException: Actual object '5' and expected object '0' are not equal
	at com.kms.katalon.core.keyword.builtin.VerifyEqualKeyword$_verifyEqual_closure1.doCall(VerifyEqualKeyword.groovy:58)
	at com.kms.katalon.core.keyword.builtin.VerifyEqualKeyword$_verifyEqual_closure1.call(VerifyEqualKeyword.groovy)
	at com.kms.katalon.core.keyword.internal.KeywordMain.runKeyword(KeywordMain.groovy:75)
	at com.kms.katalon.core.keyword.builtin.VerifyEqualKeyword.verifyEqual(VerifyEqualKeyword.groovy:63)
	at com.kms.katalon.core.keyword.builtin.VerifyEqualKeyword.execute(VerifyEqualKeyword.groovy:44)
	at com.kms.katalon.core.keyword.internal.KeywordExecutor.executeKeywordForPlatform(KeywordExecutor.groovy:74)
	at com.kms.katalon.core.keyword.BuiltinKeywords.verifyEqual(BuiltinKeywords.groovy:146)
	at java.base/jdk.internal.reflect.NativeMethodAccessorImpl.invoke0(Native Method)
	at java.base/jdk.internal.reflect.NativeMethodAccessorImpl.invoke(NativeMethodAccessorImpl.java:77)
	at java.base/jdk.internal.reflect.DelegatingMethodAccessorImpl.invoke(DelegatingMethodAccessorImpl.java:43)
	at Выполнение бизнес-плана Сверка ПАО Россети все филиалы.Numbers(Выполнение бизнес-плана Сверка ПАО Россети все филиалы:740)
	at Выполнение бизнес-плана Сверка ПАО Россети все филиалы.Filials(Выполнение бизнес-плана Сверка ПАО Россети все филиалы:1111)
	at Выполнение бизнес-плана Сверка ПАО Россети все филиалы.Numbers(Выполнение бизнес-плана Сверка ПАО Россети все филиалы:745)
	at Выполнение бизнес-плана Сверка ПАО Россети все филиалы.run(Выполнение бизнес-плана Сверка ПАО Россети все филиалы:304)
	at com.kms.katalon.core.main.ScriptEngine.run(ScriptEngine.java:194)
	at com.kms.katalon.core.main.ScriptEngine.runScriptAsRawText(ScriptEngine.java:119)
	at com.kms.katalon.core.main.TestCaseExecutor.runScript(TestCaseExecutor.java:448)
	at com.kms.katalon.core.main.TestCaseExecutor.doExecute(TestCaseExecutor.java:439)
	at com.kms.katalon.core.main.TestCaseExecutor.processExecutionPhase(TestCaseExecutor.java:418)
	at com.kms.katalon.core.main.TestCaseExecutor.accessMainPhase(TestCaseExecutor.java:410)
	at com.kms.katalon.core.main.TestCaseExecutor.execute(TestCaseExecutor.java:285)
	at com.kms.katalon.core.common.CommonExecutor.accessTestCaseMainPhase(CommonExecutor.java:65)
	at com.kms.katalon.core.main.TestSuiteExecutor.accessTestSuiteMainPhase(TestSuiteExecutor.java:150)
	at com.kms.katalon.core.main.TestSuiteExecutor.execute(TestSuiteExecutor.java:106)
	at com.kms.katalon.core.main.TestCaseMain.startTestSuite(TestCaseMain.java:180)
	at TempTestSuite1732509691813.run(TempTestSuite1732509691813.groovy:35)
	at java.base/jdk.internal.reflect.NativeMethodAccessorImpl.invoke0(Native Method)
	at java.base/jdk.internal.reflect.NativeMethodAccessorImpl.invoke(NativeMethodAccessorImpl.java:77)
	at java.base/jdk.internal.reflect.DelegatingMethodAccessorImpl.invoke(DelegatingMethodAccessorImpl.java:43)
)

25-11-2024T07:49:37 - [TEST_STEP][PASSED] - println(numberOfErrors): null

25-11-2024T07:49:37 - [TEST_STEP][PASSED] - if (a == 28 || a == 77 || a == 74 || a == 65 || a == 36 || a == 44 || a == 54 || a == 1 || a == 18 || a == 59): null

25-11-2024T07:49:37 - [TEST_STEP][PASSED] - if (a == 82): null

25-11-2024T07:49:37 - [TEST_STEP][PASSED] - dZO = "Севкавказэнерго": null

25-11-2024T07:49:37 - [TEST_STEP][PASSED] - a = 68: null

25-11-2024T07:49:37 - [TEST_STEP][PASSED] - if (x2.contains(dZO)): null

25-11-2024T07:49:37 - [TEST_STEP][PASSED] - filialNum = filialNum + 1: null

25-11-2024T07:49:37 - [TEST_STEP][PASSED] - Script1718980020443.Numbers(a, typeOfData, todaysDate, pageInt, fileInt, pageDouble, fileDouble, dZO, dzoNum, filialNum): null

25-11-2024T07:49:37 - [TEST_STEP][PASSED] - println(dzoNum): null

25-11-2024T07:49:37 - [TEST_STEP][PASSED] - planFact = <not implemented yet for class: org.codehaus.groovy.ast.expr.EmptyExpression>: null

25-11-2024T07:49:37 - [TEST_STEP][PASSED] - page = <not implemented yet for class: org.codehaus.groovy.ast.expr.EmptyExpression>: null

25-11-2024T07:49:37 - [TEST_STEP][PASSED] - page1 = <not implemented yet for class: org.codehaus.groovy.ast.expr.EmptyExpression>: null

25-11-2024T07:49:37 - [TEST_STEP][PASSED] - page2 = <not implemented yet for class: org.codehaus.groovy.ast.expr.EmptyExpression>: null

25-11-2024T07:49:37 - [TEST_STEP][PASSED] - filialNumberInRow = <not implemented yet for class: org.codehaus.groovy.ast.expr.EmptyExpression>: null

25-11-2024T07:49:37 - [TEST_STEP][PASSED] - filialsDzoNames = <not implemented yet for class: org.codehaus.groovy.ast.expr.EmptyExpression>: null

25-11-2024T07:49:37 - [TEST_STEP][PASSED] - numberOfFilials = <not implemented yet for class: org.codehaus.groovy.ast.expr.EmptyExpression>: null

25-11-2024T07:49:37 - [TEST_STEP][PASSED] - numberOfSpaces = <not implemented yet for class: org.codehaus.groovy.ast.expr.EmptyExpression>: null

25-11-2024T07:49:37 - [TEST_STEP][PASSED] - file = <not implemented yet for class: org.codehaus.groovy.ast.expr.EmptyExpression>: null

25-11-2024T07:49:37 - [TEST_STEP][PASSED] - otpusk = <not implemented yet for class: org.codehaus.groovy.ast.expr.EmptyExpression>: null

25-11-2024T07:49:37 - [TEST_STEP][PASSED] - poteri = <not implemented yet for class: org.codehaus.groovy.ast.expr.EmptyExpression>: null

25-11-2024T07:49:37 - [TEST_STEP][PASSED] - dataFolder = "Выполнение бизнес-плана/Значения со страницы Выполнение бизнес-плана/": null

25-11-2024T07:49:37 - [TEST_STEP][PASSED] - path = <not implemented yet for class: org.codehaus.groovy.ast.expr.EmptyExpression>: null

25-11-2024T07:49:37 - [TEST_STEP][PASSED] - typeOfDataMain = <not implemented yet for class: org.codehaus.groovy.ast.expr.EmptyExpression>: null

25-11-2024T07:49:37 - [TEST_STEP][PASSED] - fileOtpuskVSet = <not implemented yet for class: org.codehaus.groovy.ast.expr.EmptyExpression>: null

25-11-2024T07:49:37 - [TEST_STEP][PASSED] - pageOtpuskVSet = <not implemented yet for class: org.codehaus.groovy.ast.expr.EmptyExpression>: null

25-11-2024T07:49:37 - [TEST_STEP][PASSED] - filePoteri = <not implemented yet for class: org.codehaus.groovy.ast.expr.EmptyExpression>: null

25-11-2024T07:49:37 - [TEST_STEP][PASSED] - pagePoteri = <not implemented yet for class: org.codehaus.groovy.ast.expr.EmptyExpression>: null

25-11-2024T07:49:37 - [TEST_STEP][PASSED] - compare = <not implemented yet for class: org.codehaus.groovy.ast.expr.EmptyExpression>: null

25-11-2024T07:49:37 - [TEST_STEP][PASSED] - b = <not implemented yet for class: org.codehaus.groovy.ast.expr.EmptyExpression>: null

25-11-2024T07:49:37 - [TEST_STEP][PASSED] - i = <not implemented yet for class: org.codehaus.groovy.ast.expr.EmptyExpression>: null

25-11-2024T07:49:37 - [TEST_STEP][PASSED] - ii = <not implemented yet for class: org.codehaus.groovy.ast.expr.EmptyExpression>: null

25-11-2024T07:49:37 - [TEST_STEP][PASSED] - c = <not implemented yet for class: org.codehaus.groovy.ast.expr.EmptyExpression>: null

25-11-2024T07:49:37 - [TEST_STEP][PASSED] - numberOfErrors = 0: null

25-11-2024T07:49:37 - [TEST_STEP][PASSED] - if (a == 82): null

25-11-2024T07:49:37 - [TEST_STEP][PASSED] - b = findTestData("PlanFact").getValue(1, a): null

25-11-2024T07:49:37 - [TEST_STEP][PASSED] - i = b.indexOf(" (ГК)"): null

25-11-2024T07:49:37 - [TEST_STEP][PASSED] - if (i > -1): null

25-11-2024T07:49:37 - [TEST_STEP][PASSED] - i = b.indexOf("О ""): null

25-11-2024T07:49:37 - [TEST_STEP][PASSED] - if (i > -1): null

25-11-2024T07:49:37 - [TEST_STEP][PASSED] - i = b.indexOf("О «"): null

25-11-2024T07:49:37 - [TEST_STEP][PASSED] - if (i > -1): null

25-11-2024T07:49:37 - [TEST_STEP][PASSED] - i = b.indexOf("г. "): null

25-11-2024T07:49:37 - [TEST_STEP][PASSED] - if (i > -1): null

25-11-2024T07:49:37 - [TEST_STEP][PASSED] - println(b): null

25-11-2024T07:49:37 - [TEST_STEP][PASSED] - for ([planFact = 1, planFact < 3, (planFact++)]): null

25-11-2024T07:49:37 - [TEST_STEP][PASSED] - if (planFact == 1): null

25-11-2024T07:49:37 - [TEST_STEP][PASSED] - typeOfDataMain = "Факт": null

25-11-2024T07:49:37 - [TEST_STEP][PASSED] - otpusk = findTestData("PlanFact").getValue(5, a): null

25-11-2024T07:49:37 - [TEST_STEP][PASSED] - poteri = findTestData("PlanFact").getValue(6, a): null

25-11-2024T07:49:37 - [TEST_STEP][PASSED] - otpusk = otpusk.replaceAll("\s+", ""): null

25-11-2024T07:49:37 - [TEST_STEP][PASSED] - poteri = poteri.replaceAll("\s+", ""): null

25-11-2024T07:49:37 - [TEST_STEP][PASSED] - typeOfData = typeOfDataMain + " Отпуск в сеть": null

25-11-2024T07:49:37 - [TEST_STEP][PASSED] - if (a == 82): null

25-11-2024T07:49:37 - [TEST_STEP][PASSED] - else if (a == 84): null

25-11-2024T07:49:37 - [TEST_STEP][PASSED] - else if (a == 52 || a == 72 || a == 28 || a == 73 || a == 77 || a == 74 || a == 65 || a == 36 || a == 44 || a == 53 || a == 80 || a == 54 || a == 1 || a == 18 || a == 59 || a == 81): null

25-11-2024T07:49:37 - [TEST_STEP][PASSED] - else: null

25-11-2024T07:49:37 - [TEST_STEP][PASSED] - path = dataFolder + typeOfData + " за отчётный период " + b: null

25-11-2024T07:49:37 - [TEST_STEP][PASSED] - println(path): null

25-11-2024T07:49:37 - [TEST_STEP][PASSED] - page = getText(findTestObject(path)): Text of object 'Object Repository/Выполнение бизнес-плана/Значения со страницы Выполнение бизнес-плана/Факт Отпуск в сеть за отчётный период Севкавказэнерго' is: '1 263 745'

25-11-2024T07:49:38 - [MESSAGE][PASSED] - Text of object 'Object Repository/Выполнение бизнес-плана/Значения со страницы Выполнение бизнес-плана/Факт Отпуск в сеть за отчётный период Севкавказэнерго' is: '1 263 745'

25-11-2024T07:49:38 - [TEST_STEP][PASSED] - page = page.replaceAll("\s+", ""): null

25-11-2024T07:49:38 - [TEST_STEP][PASSED] - fileOtpuskVSet = otpusk.toInteger(): null

25-11-2024T07:49:38 - [TEST_STEP][PASSED] - pageOtpuskVSet = page.toInteger(): null

25-11-2024T07:49:38 - [TEST_STEP][PASSED] - typeOfData = typeOfDataMain + " Потери": null

25-11-2024T07:49:38 - [TEST_STEP][PASSED] - if (a == 82): null

25-11-2024T07:49:38 - [TEST_STEP][PASSED] - else if (a == 84): null

25-11-2024T07:49:38 - [TEST_STEP][PASSED] - else if (a == 52 || a == 72 || a == 28 || a == 73 || a == 77 || a == 74 || a == 65 || a == 36 || a == 44 || a == 53 || a == 80 || a == 54 || a == 1 || a == 18 || a == 59 || a == 81): null

25-11-2024T07:49:38 - [TEST_STEP][PASSED] - else: null

25-11-2024T07:49:38 - [TEST_STEP][PASSED] - path = dataFolder + typeOfData + " за отчётный период " + b: null

25-11-2024T07:49:38 - [TEST_STEP][PASSED] - page = getText(findTestObject(path)): Text of object 'Object Repository/Выполнение бизнес-плана/Значения со страницы Выполнение бизнес-плана/Факт Потери за отчётный период Севкавказэнерго' is: '216 844'

25-11-2024T07:49:38 - [MESSAGE][PASSED] - Text of object 'Object Repository/Выполнение бизнес-плана/Значения со страницы Выполнение бизнес-плана/Факт Потери за отчётный период Севкавказэнерго' is: '216 844'

25-11-2024T07:49:38 - [TEST_STEP][PASSED] - page = page.replaceAll("\s+", ""): null

25-11-2024T07:49:38 - [TEST_STEP][PASSED] - filePoteri = poteri.toInteger(): null

25-11-2024T07:49:38 - [TEST_STEP][PASSED] - pagePoteri = page.toInteger(): null

25-11-2024T07:49:38 - [TEST_STEP][PASSED] - compare = pageOtpuskVSet: null

25-11-2024T07:49:38 - [TEST_STEP][PASSED] - if (compare == fileOtpuskVSet): null

25-11-2024T07:49:38 - [TEST_STEP][PASSED] - else if (compare > fileOtpuskVSet): null

25-11-2024T07:49:38 - [TEST_STEP][PASSED] - compare = compare - 1: null

25-11-2024T07:49:38 - [TEST_STEP][PASSED] - if (compare == fileOtpuskVSet): null

25-11-2024T07:49:38 - [TEST_STEP][PASSED] - else: null

25-11-2024T07:49:38 - [TEST_STEP][PASSED] - numberOfErrors = numberOfErrors + 1: null

25-11-2024T07:49:38 - [TEST_STEP][PASSED] - pageInt = pageOtpuskVSet: null

25-11-2024T07:49:38 - [TEST_STEP][PASSED] - fileInt = fileOtpuskVSet: null

25-11-2024T07:49:38 - [TEST_STEP][PASSED] - typeOfData = typeOfDataMain + " Отпуск в сеть": null

25-11-2024T07:49:38 - [TEST_STEP][PASSED] - Script1718980020443.WriteToExcel(a, typeOfData, todaysDate, pageInt, fileInt, pageDouble, fileDouble, dZO): null

25-11-2024T07:49:38 - [TEST_STEP][PASSED] - sheetName = "Sheet1": null

25-11-2024T07:49:38 - [TEST_STEP][PASSED] - data = findTestData("PlanFact"): null

25-11-2024T07:49:38 - [TEST_STEP][PASSED] - n = data.getRowNumbers() + 1: null

25-11-2024T07:49:38 - [TEST_STEP][PASSED] - year = todaysDate.substring(todaysDate.length() - 4, todaysDate.length()): null

25-11-2024T07:49:38 - [TEST_STEP][PASSED] - y = year.toInteger(): null

25-11-2024T07:49:38 - [TEST_STEP][PASSED] - m = getText(findTestObject("Выполнение бизнес-плана/Период")): Text of object 'Object Repository/Выполнение бизнес-плана/Период' is: '1, 2, 3 кв. 2024 года'

25-11-2024T07:49:38 - [MESSAGE][PASSED] - Text of object 'Object Repository/Выполнение бизнес-плана/Период' is: '1, 2, 3 кв. 2024 года'

25-11-2024T07:49:38 - [TEST_STEP][PASSED] - m = m.substring(0, m.indexOf("2024")): null

25-11-2024T07:49:38 - [TEST_STEP][PASSED] - m = m.trim(): null

25-11-2024T07:49:38 - [TEST_STEP][PASSED] - dashboardName = "Выполнение бизнес-плана": null

25-11-2024T07:49:38 - [TEST_STEP][PASSED] - workbook01 = getWorkbook(excelFilePath): null

25-11-2024T07:49:38 - [TEST_STEP][PASSED] - sheet01 = getExcelSheet(workbook01, sheetName): null

25-11-2024T07:49:38 - [TEST_STEP][PASSED] - setValueToCellByIndex(sheet01, n, 0, dashboardName): null

25-11-2024T07:49:38 - [TEST_STEP][PASSED] - setValueToCellByIndex(sheet01, n, 1, dZO): null

25-11-2024T07:49:38 - [TEST_STEP][PASSED] - setValueToCellByIndex(sheet01, n, 2, typeOfData): null

25-11-2024T07:49:38 - [TEST_STEP][PASSED] - if (typeOfData == "Факт в процентах" || typeOfData == "План в процентах"): null

25-11-2024T07:49:38 - [TEST_STEP][PASSED] - else: null

25-11-2024T07:49:38 - [TEST_STEP][PASSED] - setValueToCellByIndex(sheet01, n, 3, fileInt): null

25-11-2024T07:49:38 - [TEST_STEP][PASSED] - setValueToCellByIndex(sheet01, n, 4, pageInt): null

25-11-2024T07:49:38 - [TEST_STEP][PASSED] - setValueToCellByIndex(sheet01, n, 5, m): null

25-11-2024T07:49:38 - [TEST_STEP][PASSED] - setValueToCellByIndex(sheet01, n, 6, y): null

25-11-2024T07:49:38 - [TEST_STEP][PASSED] - setValueToCellByIndex(sheet01, n, 7, todaysDate): null

25-11-2024T07:49:38 - [TEST_STEP][PASSED] - n = n + 1: null

25-11-2024T07:49:38 - [TEST_STEP][PASSED] - saveWorkbook(excelFilePath, workbook01): null

25-11-2024T07:49:39 - [TEST_STEP][PASSED] - compare = pagePoteri: null

25-11-2024T07:49:39 - [TEST_STEP][PASSED] - if (compare == filePoteri): null

25-11-2024T07:49:39 - [TEST_STEP][PASSED] - else if (compare > filePoteri): null

25-11-2024T07:49:39 - [TEST_STEP][PASSED] - compare = compare - 1: null

25-11-2024T07:49:39 - [TEST_STEP][PASSED] - if (compare == filePoteri): null

25-11-2024T07:49:39 - [TEST_STEP][PASSED] - else: null

25-11-2024T07:49:39 - [TEST_STEP][PASSED] - numberOfErrors = numberOfErrors + 1: null

25-11-2024T07:49:39 - [TEST_STEP][PASSED] - pageInt = pagePoteri: null

25-11-2024T07:49:39 - [TEST_STEP][PASSED] - fileInt = filePoteri: null

25-11-2024T07:49:39 - [TEST_STEP][PASSED] - typeOfData = typeOfDataMain + " Потери": null

25-11-2024T07:49:39 - [TEST_STEP][PASSED] - Script1718980020443.WriteToExcel(a, typeOfData, todaysDate, pageInt, fileInt, pageDouble, fileDouble, dZO): null

25-11-2024T07:49:39 - [TEST_STEP][PASSED] - sheetName = "Sheet1": null

25-11-2024T07:49:39 - [TEST_STEP][PASSED] - data = findTestData("PlanFact"): null

25-11-2024T07:49:39 - [TEST_STEP][PASSED] - n = data.getRowNumbers() + 1: null

25-11-2024T07:49:39 - [TEST_STEP][PASSED] - year = todaysDate.substring(todaysDate.length() - 4, todaysDate.length()): null

25-11-2024T07:49:39 - [TEST_STEP][PASSED] - y = year.toInteger(): null

25-11-2024T07:49:39 - [TEST_STEP][PASSED] - m = getText(findTestObject("Выполнение бизнес-плана/Период")): Text of object 'Object Repository/Выполнение бизнес-плана/Период' is: '1, 2, 3 кв. 2024 года'

25-11-2024T07:49:39 - [MESSAGE][PASSED] - Text of object 'Object Repository/Выполнение бизнес-плана/Период' is: '1, 2, 3 кв. 2024 года'

25-11-2024T07:49:39 - [TEST_STEP][PASSED] - m = m.substring(0, m.indexOf("2024")): null

25-11-2024T07:49:39 - [TEST_STEP][PASSED] - m = m.trim(): null

25-11-2024T07:49:39 - [TEST_STEP][PASSED] - dashboardName = "Выполнение бизнес-плана": null

25-11-2024T07:49:39 - [TEST_STEP][PASSED] - workbook01 = getWorkbook(excelFilePath): null

25-11-2024T07:49:39 - [TEST_STEP][PASSED] - sheet01 = getExcelSheet(workbook01, sheetName): null

25-11-2024T07:49:39 - [TEST_STEP][PASSED] - setValueToCellByIndex(sheet01, n, 0, dashboardName): null

25-11-2024T07:49:39 - [TEST_STEP][PASSED] - setValueToCellByIndex(sheet01, n, 1, dZO): null

25-11-2024T07:49:39 - [TEST_STEP][PASSED] - setValueToCellByIndex(sheet01, n, 2, typeOfData): null

25-11-2024T07:49:39 - [TEST_STEP][PASSED] - if (typeOfData == "Факт в процентах" || typeOfData == "План в процентах"): null

25-11-2024T07:49:39 - [TEST_STEP][PASSED] - else: null

25-11-2024T07:49:39 - [TEST_STEP][PASSED] - setValueToCellByIndex(sheet01, n, 3, fileInt): null

25-11-2024T07:49:39 - [TEST_STEP][PASSED] - setValueToCellByIndex(sheet01, n, 4, pageInt): null

25-11-2024T07:49:39 - [TEST_STEP][PASSED] - setValueToCellByIndex(sheet01, n, 5, m): null

25-11-2024T07:49:39 - [TEST_STEP][PASSED] - setValueToCellByIndex(sheet01, n, 6, y): null

25-11-2024T07:49:39 - [TEST_STEP][PASSED] - setValueToCellByIndex(sheet01, n, 7, todaysDate): null

25-11-2024T07:49:39 - [TEST_STEP][PASSED] - n = n + 1: null

25-11-2024T07:49:39 - [TEST_STEP][PASSED] - saveWorkbook(excelFilePath, workbook01): null

25-11-2024T07:49:39 - [TEST_STEP][PASSED] - if (planFact == 2): null

25-11-2024T07:49:39 - [TEST_STEP][PASSED] - if (planFact == 1): null

25-11-2024T07:49:39 - [TEST_STEP][PASSED] - else if (planFact == 2): null

25-11-2024T07:49:39 - [TEST_STEP][PASSED] - click(findTestObject("Выполнение бизнес-плана/Кнопка План")): Object: 'Object Repository/Выполнение бизнес-плана/Кнопка План' is clicked on

25-11-2024T07:49:40 - [MESSAGE][PASSED] - Object: 'Object Repository/Выполнение бизнес-плана/Кнопка План' is clicked on

25-11-2024T07:49:40 - [TEST_STEP][PASSED] - typeOfDataMain = "План": null

25-11-2024T07:49:40 - [TEST_STEP][PASSED] - otpusk = findTestData("PlanFact").getValue(2, a): null

25-11-2024T07:49:40 - [TEST_STEP][PASSED] - poteri = findTestData("PlanFact").getValue(3, a): null

25-11-2024T07:49:40 - [TEST_STEP][PASSED] - otpusk = otpusk.replaceAll("\s+", ""): null

25-11-2024T07:49:40 - [TEST_STEP][PASSED] - poteri = poteri.replaceAll("\s+", ""): null

25-11-2024T07:49:40 - [TEST_STEP][PASSED] - typeOfData = typeOfDataMain + " Отпуск в сеть": null

25-11-2024T07:49:40 - [TEST_STEP][PASSED] - if (a == 82): null

25-11-2024T07:49:40 - [TEST_STEP][PASSED] - else if (a == 84): null

25-11-2024T07:49:40 - [TEST_STEP][PASSED] - else if (a == 52 || a == 72 || a == 28 || a == 73 || a == 77 || a == 74 || a == 65 || a == 36 || a == 44 || a == 53 || a == 80 || a == 54 || a == 1 || a == 18 || a == 59 || a == 81): null

25-11-2024T07:49:40 - [TEST_STEP][PASSED] - else: null

25-11-2024T07:49:40 - [TEST_STEP][PASSED] - path = dataFolder + typeOfData + " за отчётный период " + b: null

25-11-2024T07:49:40 - [TEST_STEP][PASSED] - println(path): null

25-11-2024T07:49:40 - [TEST_STEP][PASSED] - page = getText(findTestObject(path)): Text of object 'Object Repository/Выполнение бизнес-плана/Значения со страницы Выполнение бизнес-плана/План Отпуск в сеть за отчётный период Севкавказэнерго' is: '1 225 365'

25-11-2024T07:49:40 - [MESSAGE][PASSED] - Text of object 'Object Repository/Выполнение бизнес-плана/Значения со страницы Выполнение бизнес-плана/План Отпуск в сеть за отчётный период Севкавказэнерго' is: '1 225 365'

25-11-2024T07:49:40 - [TEST_STEP][PASSED] - page = page.replaceAll("\s+", ""): null

25-11-2024T07:49:40 - [TEST_STEP][PASSED] - fileOtpuskVSet = otpusk.toInteger(): null

25-11-2024T07:49:40 - [TEST_STEP][PASSED] - pageOtpuskVSet = page.toInteger(): null

25-11-2024T07:49:40 - [TEST_STEP][PASSED] - typeOfData = typeOfDataMain + " Потери": null

25-11-2024T07:49:40 - [TEST_STEP][PASSED] - if (a == 82): null

25-11-2024T07:49:40 - [TEST_STEP][PASSED] - else if (a == 84): null

25-11-2024T07:49:40 - [TEST_STEP][PASSED] - else if (a == 52 || a == 72 || a == 28 || a == 73 || a == 77 || a == 74 || a == 65 || a == 36 || a == 44 || a == 53 || a == 80 || a == 54 || a == 1 || a == 18 || a == 59 || a == 81): null

25-11-2024T07:49:40 - [TEST_STEP][PASSED] - else: null

25-11-2024T07:49:40 - [TEST_STEP][PASSED] - path = dataFolder + typeOfData + " за отчётный период " + b: null

25-11-2024T07:49:40 - [TEST_STEP][PASSED] - page = getText(findTestObject(path)): Text of object 'Object Repository/Выполнение бизнес-плана/Значения со страницы Выполнение бизнес-плана/План Потери за отчётный период Севкавказэнерго' is: '208 743'

25-11-2024T07:49:41 - [MESSAGE][PASSED] - Text of object 'Object Repository/Выполнение бизнес-плана/Значения со страницы Выполнение бизнес-плана/План Потери за отчётный период Севкавказэнерго' is: '208 743'

25-11-2024T07:49:41 - [TEST_STEP][PASSED] - page = page.replaceAll("\s+", ""): null

25-11-2024T07:49:41 - [TEST_STEP][PASSED] - filePoteri = poteri.toInteger(): null

25-11-2024T07:49:41 - [TEST_STEP][PASSED] - pagePoteri = page.toInteger(): null

25-11-2024T07:49:41 - [TEST_STEP][PASSED] - compare = pageOtpuskVSet: null

25-11-2024T07:49:41 - [TEST_STEP][PASSED] - if (compare == fileOtpuskVSet): null

25-11-2024T07:49:41 - [TEST_STEP][PASSED] - else if (compare > fileOtpuskVSet): null

25-11-2024T07:49:41 - [TEST_STEP][PASSED] - else if (compare < fileOtpuskVSet): null

25-11-2024T07:49:41 - [TEST_STEP][PASSED] - compare = compare + 1: null

25-11-2024T07:49:41 - [TEST_STEP][PASSED] - if (compare == fileOtpuskVSet): null

25-11-2024T07:49:41 - [TEST_STEP][PASSED] - else: null

25-11-2024T07:49:41 - [TEST_STEP][PASSED] - numberOfErrors = numberOfErrors + 1: null

25-11-2024T07:49:41 - [TEST_STEP][PASSED] - pageInt = pageOtpuskVSet: null

25-11-2024T07:49:41 - [TEST_STEP][PASSED] - fileInt = fileOtpuskVSet: null

25-11-2024T07:49:41 - [TEST_STEP][PASSED] - typeOfData = typeOfDataMain + " Отпуск в сеть": null

25-11-2024T07:49:41 - [TEST_STEP][PASSED] - Script1718980020443.WriteToExcel(a, typeOfData, todaysDate, pageInt, fileInt, pageDouble, fileDouble, dZO): null

25-11-2024T07:49:41 - [TEST_STEP][PASSED] - sheetName = "Sheet1": null

25-11-2024T07:49:41 - [TEST_STEP][PASSED] - data = findTestData("PlanFact"): null

25-11-2024T07:49:41 - [TEST_STEP][PASSED] - n = data.getRowNumbers() + 1: null

25-11-2024T07:49:41 - [TEST_STEP][PASSED] - year = todaysDate.substring(todaysDate.length() - 4, todaysDate.length()): null

25-11-2024T07:49:41 - [TEST_STEP][PASSED] - y = year.toInteger(): null

25-11-2024T07:49:41 - [TEST_STEP][PASSED] - m = getText(findTestObject("Выполнение бизнес-плана/Период")): Text of object 'Object Repository/Выполнение бизнес-плана/Период' is: '1, 2, 3 кв. 2024 года'

25-11-2024T07:49:41 - [MESSAGE][PASSED] - Text of object 'Object Repository/Выполнение бизнес-плана/Период' is: '1, 2, 3 кв. 2024 года'

25-11-2024T07:49:41 - [TEST_STEP][PASSED] - m = m.substring(0, m.indexOf("2024")): null

25-11-2024T07:49:41 - [TEST_STEP][PASSED] - m = m.trim(): null

25-11-2024T07:49:41 - [TEST_STEP][PASSED] - dashboardName = "Выполнение бизнес-плана": null

25-11-2024T07:49:41 - [TEST_STEP][PASSED] - workbook01 = getWorkbook(excelFilePath): null

25-11-2024T07:49:41 - [TEST_STEP][PASSED] - sheet01 = getExcelSheet(workbook01, sheetName): null

25-11-2024T07:49:41 - [TEST_STEP][PASSED] - setValueToCellByIndex(sheet01, n, 0, dashboardName): null

25-11-2024T07:49:41 - [TEST_STEP][PASSED] - setValueToCellByIndex(sheet01, n, 1, dZO): null

25-11-2024T07:49:41 - [TEST_STEP][PASSED] - setValueToCellByIndex(sheet01, n, 2, typeOfData): null

25-11-2024T07:49:41 - [TEST_STEP][PASSED] - if (typeOfData == "Факт в процентах" || typeOfData == "План в процентах"): null

25-11-2024T07:49:41 - [TEST_STEP][PASSED] - else: null

25-11-2024T07:49:41 - [TEST_STEP][PASSED] - setValueToCellByIndex(sheet01, n, 3, fileInt): null

25-11-2024T07:49:41 - [TEST_STEP][PASSED] - setValueToCellByIndex(sheet01, n, 4, pageInt): null

25-11-2024T07:49:41 - [TEST_STEP][PASSED] - setValueToCellByIndex(sheet01, n, 5, m): null

25-11-2024T07:49:41 - [TEST_STEP][PASSED] - setValueToCellByIndex(sheet01, n, 6, y): null

25-11-2024T07:49:41 - [TEST_STEP][PASSED] - setValueToCellByIndex(sheet01, n, 7, todaysDate): null

25-11-2024T07:49:41 - [TEST_STEP][PASSED] - n = n + 1: null

25-11-2024T07:49:41 - [TEST_STEP][PASSED] - saveWorkbook(excelFilePath, workbook01): null

25-11-2024T07:49:41 - [TEST_STEP][PASSED] - compare = pagePoteri: null

25-11-2024T07:49:41 - [TEST_STEP][PASSED] - if (compare == filePoteri): null

25-11-2024T07:49:41 - [TEST_STEP][PASSED] - else if (compare > filePoteri): null

25-11-2024T07:49:41 - [TEST_STEP][PASSED] - else if (compare < filePoteri): null

25-11-2024T07:49:41 - [TEST_STEP][PASSED] - compare = compare + 1: null

25-11-2024T07:49:41 - [TEST_STEP][PASSED] - if (compare == filePoteri): null

25-11-2024T07:49:41 - [TEST_STEP][PASSED] - else: null

25-11-2024T07:49:41 - [TEST_STEP][PASSED] - numberOfErrors = numberOfErrors + 1: null

25-11-2024T07:49:41 - [TEST_STEP][PASSED] - pageInt = pagePoteri: null

25-11-2024T07:49:41 - [TEST_STEP][PASSED] - fileInt = filePoteri: null

25-11-2024T07:49:41 - [TEST_STEP][PASSED] - typeOfData = typeOfDataMain + " Потери": null

25-11-2024T07:49:41 - [TEST_STEP][PASSED] - Script1718980020443.WriteToExcel(a, typeOfData, todaysDate, pageInt, fileInt, pageDouble, fileDouble, dZO): null

25-11-2024T07:49:41 - [TEST_STEP][PASSED] - sheetName = "Sheet1": null

25-11-2024T07:49:41 - [TEST_STEP][PASSED] - data = findTestData("PlanFact"): null

25-11-2024T07:49:41 - [TEST_STEP][PASSED] - n = data.getRowNumbers() + 1: null

25-11-2024T07:49:41 - [TEST_STEP][PASSED] - year = todaysDate.substring(todaysDate.length() - 4, todaysDate.length()): null

25-11-2024T07:49:41 - [TEST_STEP][PASSED] - y = year.toInteger(): null

25-11-2024T07:49:41 - [TEST_STEP][PASSED] - m = getText(findTestObject("Выполнение бизнес-плана/Период")): Text of object 'Object Repository/Выполнение бизнес-плана/Период' is: '1, 2, 3 кв. 2024 года'

25-11-2024T07:49:42 - [MESSAGE][PASSED] - Text of object 'Object Repository/Выполнение бизнес-плана/Период' is: '1, 2, 3 кв. 2024 года'

25-11-2024T07:49:42 - [TEST_STEP][PASSED] - m = m.substring(0, m.indexOf("2024")): null

25-11-2024T07:49:42 - [TEST_STEP][PASSED] - m = m.trim(): null

25-11-2024T07:49:42 - [TEST_STEP][PASSED] - dashboardName = "Выполнение бизнес-плана": null

25-11-2024T07:49:42 - [TEST_STEP][PASSED] - workbook01 = getWorkbook(excelFilePath): null

25-11-2024T07:49:42 - [TEST_STEP][PASSED] - sheet01 = getExcelSheet(workbook01, sheetName): null

25-11-2024T07:49:42 - [TEST_STEP][PASSED] - setValueToCellByIndex(sheet01, n, 0, dashboardName): null

25-11-2024T07:49:42 - [TEST_STEP][PASSED] - setValueToCellByIndex(sheet01, n, 1, dZO): null

25-11-2024T07:49:42 - [TEST_STEP][PASSED] - setValueToCellByIndex(sheet01, n, 2, typeOfData): null

25-11-2024T07:49:42 - [TEST_STEP][PASSED] - if (typeOfData == "Факт в процентах" || typeOfData == "План в процентах"): null

25-11-2024T07:49:42 - [TEST_STEP][PASSED] - else: null

25-11-2024T07:49:42 - [TEST_STEP][PASSED] - setValueToCellByIndex(sheet01, n, 3, fileInt): null

25-11-2024T07:49:42 - [TEST_STEP][PASSED] - setValueToCellByIndex(sheet01, n, 4, pageInt): null

25-11-2024T07:49:42 - [TEST_STEP][PASSED] - setValueToCellByIndex(sheet01, n, 5, m): null

25-11-2024T07:49:42 - [TEST_STEP][PASSED] - setValueToCellByIndex(sheet01, n, 6, y): null

25-11-2024T07:49:42 - [TEST_STEP][PASSED] - setValueToCellByIndex(sheet01, n, 7, todaysDate): null

25-11-2024T07:49:42 - [TEST_STEP][PASSED] - n = n + 1: null

25-11-2024T07:49:42 - [TEST_STEP][PASSED] - saveWorkbook(excelFilePath, workbook01): Object: 'Object Repository/Выполнение бизнес-плана/Кнопка Факт' is clicked on

25-11-2024T07:49:42 - [TEST_STEP][PASSED] - if (planFact == 2): Object: 'Object Repository/Выполнение бизнес-плана/Кнопка Факт' is clicked on

25-11-2024T07:49:42 - [TEST_STEP][PASSED] - click(findTestObject("Выполнение бизнес-плана/Кнопка Факт")): Object: 'Object Repository/Выполнение бизнес-плана/Кнопка Факт' is clicked on

25-11-2024T07:49:42 - [MESSAGE][PASSED] - Object: 'Object Repository/Выполнение бизнес-плана/Кнопка Факт' is clicked on

25-11-2024T07:49:42 - [TEST_STEP][PASSED] - if (a == 84 || a == 82): null

25-11-2024T07:49:42 - [TEST_STEP][PASSED] - else if (a == 52 || a == 72 || a == 28 || a == 73 || a == 77 || a == 74 || a == 65 || a == 36 || a == 44 || a == 53 || a == 80 || a == 54 || a == 1 || a == 18 || a == 59 || a == 81): null

25-11-2024T07:49:42 - [TEST_STEP][PASSED] - else: null

25-11-2024T07:49:42 - [TEST_STEP][PASSED] - page1 = getText(findTestObject("Object Repository/Выполнение бизнес-плана/spanPlan" + filialNum)): Text of object 'Object Repository/Выполнение бизнес-плана/spanPlan5' is: '17.04
|'

25-11-2024T07:49:42 - [MESSAGE][PASSED] - Text of object 'Object Repository/Выполнение бизнес-плана/spanPlan5' is: '17.04
|'

25-11-2024T07:49:42 - [TEST_STEP][PASSED] - page1 = page1.replace("|", ""): null

25-11-2024T07:49:42 - [TEST_STEP][PASSED] - page2 = getText(findTestObject("Object Repository/Выполнение бизнес-плана/spanFact" + filialNum)): Text of object 'Object Repository/Выполнение бизнес-плана/spanFact5' is: '17.16
|'

25-11-2024T07:49:43 - [MESSAGE][PASSED] - Text of object 'Object Repository/Выполнение бизнес-плана/spanFact5' is: '17.16
|'

25-11-2024T07:49:43 - [TEST_STEP][PASSED] - page2 = page2.replace("|", ""): null

25-11-2024T07:49:43 - [TEST_STEP][PASSED] - println("page1: " + page1): null

25-11-2024T07:49:43 - [TEST_STEP][PASSED] - println("page2: " + page2): null

25-11-2024T07:49:43 - [TEST_STEP][PASSED] - file = findTestData("PlanFact").getValue(4, a): null

25-11-2024T07:49:43 - [TEST_STEP][PASSED] - file = file.replace(",", "."): null

25-11-2024T07:49:43 - [TEST_STEP][PASSED] - println("file Plan: " + file): null

25-11-2024T07:49:43 - [TEST_STEP][PASSED] - typeOfData = "План в процентах": null

25-11-2024T07:49:43 - [TEST_STEP][PASSED] - fileDouble = file.toDouble(): null

25-11-2024T07:49:43 - [TEST_STEP][PASSED] - pageDouble = page1.toDouble(): null

25-11-2024T07:49:43 - [TEST_STEP][PASSED] - if (fileDouble != pageDouble): null

25-11-2024T07:49:43 - [TEST_STEP][PASSED] - numberOfErrors = numberOfErrors + 1: null

25-11-2024T07:49:43 - [TEST_STEP][PASSED] - Script1718980020443.WriteToExcel(a, typeOfData, todaysDate, pageInt, fileInt, pageDouble, fileDouble, dZO): null

25-11-2024T07:49:43 - [TEST_STEP][PASSED] - sheetName = "Sheet1": null

25-11-2024T07:49:43 - [TEST_STEP][PASSED] - data = findTestData("PlanFact"): null

25-11-2024T07:49:43 - [TEST_STEP][PASSED] - n = data.getRowNumbers() + 1: null

25-11-2024T07:49:43 - [TEST_STEP][PASSED] - year = todaysDate.substring(todaysDate.length() - 4, todaysDate.length()): null

25-11-2024T07:49:43 - [TEST_STEP][PASSED] - y = year.toInteger(): null

25-11-2024T07:49:43 - [TEST_STEP][PASSED] - m = getText(findTestObject("Выполнение бизнес-плана/Период")): Text of object 'Object Repository/Выполнение бизнес-плана/Период' is: '1, 2, 3 кв. 2024 года'

25-11-2024T07:49:43 - [MESSAGE][PASSED] - Text of object 'Object Repository/Выполнение бизнес-плана/Период' is: '1, 2, 3 кв. 2024 года'

25-11-2024T07:49:43 - [TEST_STEP][PASSED] - m = m.substring(0, m.indexOf("2024")): null

25-11-2024T07:49:43 - [TEST_STEP][PASSED] - m = m.trim(): null

25-11-2024T07:49:43 - [TEST_STEP][PASSED] - dashboardName = "Выполнение бизнес-плана": null

25-11-2024T07:49:43 - [TEST_STEP][PASSED] - workbook01 = getWorkbook(excelFilePath): null

25-11-2024T07:49:43 - [TEST_STEP][PASSED] - sheet01 = getExcelSheet(workbook01, sheetName): null

25-11-2024T07:49:43 - [TEST_STEP][PASSED] - setValueToCellByIndex(sheet01, n, 0, dashboardName): null

25-11-2024T07:49:43 - [TEST_STEP][PASSED] - setValueToCellByIndex(sheet01, n, 1, dZO): null

25-11-2024T07:49:43 - [TEST_STEP][PASSED] - setValueToCellByIndex(sheet01, n, 2, typeOfData): null

25-11-2024T07:49:43 - [TEST_STEP][PASSED] - if (typeOfData == "Факт в процентах" || typeOfData == "План в процентах"): null

25-11-2024T07:49:43 - [TEST_STEP][PASSED] - setValueToCellByIndex(sheet01, n, 3, fileDouble): null

25-11-2024T07:49:43 - [TEST_STEP][PASSED] - setValueToCellByIndex(sheet01, n, 4, pageDouble): null

25-11-2024T07:49:43 - [TEST_STEP][PASSED] - setValueToCellByIndex(sheet01, n, 5, m): null

25-11-2024T07:49:43 - [TEST_STEP][PASSED] - setValueToCellByIndex(sheet01, n, 6, y): null

25-11-2024T07:49:43 - [TEST_STEP][PASSED] - setValueToCellByIndex(sheet01, n, 7, todaysDate): null

25-11-2024T07:49:43 - [TEST_STEP][PASSED] - n = n + 1: null

25-11-2024T07:49:43 - [TEST_STEP][PASSED] - saveWorkbook(excelFilePath, workbook01): null

25-11-2024T07:49:43 - [TEST_STEP][PASSED] - file = findTestData("PlanFact").getValue(7, a): null

25-11-2024T07:49:43 - [TEST_STEP][PASSED] - file = file.replace(",", "."): null

25-11-2024T07:49:43 - [TEST_STEP][PASSED] - println("file Fact: " + file): null

25-11-2024T07:49:43 - [TEST_STEP][PASSED] - fileDouble = file.toDouble(): null

25-11-2024T07:49:43 - [TEST_STEP][PASSED] - typeOfData = "Факт в процентах": null

25-11-2024T07:49:43 - [TEST_STEP][PASSED] - fileDouble = file.toDouble(): null

25-11-2024T07:49:43 - [TEST_STEP][PASSED] - pageDouble = page2.toDouble(): null

25-11-2024T07:49:43 - [TEST_STEP][PASSED] - if (fileDouble != pageDouble): null

25-11-2024T07:49:43 - [TEST_STEP][PASSED] - numberOfErrors = numberOfErrors + 1: null

25-11-2024T07:49:43 - [TEST_STEP][PASSED] - Script1718980020443.WriteToExcel(a, typeOfData, todaysDate, pageInt, fileInt, pageDouble, fileDouble, dZO): null

25-11-2024T07:49:43 - [TEST_STEP][PASSED] - sheetName = "Sheet1": null

25-11-2024T07:49:43 - [TEST_STEP][PASSED] - data = findTestData("PlanFact"): null

25-11-2024T07:49:44 - [TEST_STEP][PASSED] - n = data.getRowNumbers() + 1: null

25-11-2024T07:49:44 - [TEST_STEP][PASSED] - year = todaysDate.substring(todaysDate.length() - 4, todaysDate.length()): null

25-11-2024T07:49:44 - [TEST_STEP][PASSED] - y = year.toInteger(): null

25-11-2024T07:49:44 - [TEST_STEP][PASSED] - m = getText(findTestObject("Выполнение бизнес-плана/Период")): Text of object 'Object Repository/Выполнение бизнес-плана/Период' is: '1, 2, 3 кв. 2024 года'

25-11-2024T07:49:44 - [MESSAGE][PASSED] - Text of object 'Object Repository/Выполнение бизнес-плана/Период' is: '1, 2, 3 кв. 2024 года'

25-11-2024T07:49:44 - [TEST_STEP][PASSED] - m = m.substring(0, m.indexOf("2024")): null

25-11-2024T07:49:44 - [TEST_STEP][PASSED] - m = m.trim(): null

25-11-2024T07:49:44 - [TEST_STEP][PASSED] - dashboardName = "Выполнение бизнес-плана": null

25-11-2024T07:49:44 - [TEST_STEP][PASSED] - workbook01 = getWorkbook(excelFilePath): null

25-11-2024T07:49:44 - [TEST_STEP][PASSED] - sheet01 = getExcelSheet(workbook01, sheetName): null

25-11-2024T07:49:44 - [TEST_STEP][PASSED] - setValueToCellByIndex(sheet01, n, 0, dashboardName): null

25-11-2024T07:49:44 - [TEST_STEP][PASSED] - setValueToCellByIndex(sheet01, n, 1, dZO): null

25-11-2024T07:49:44 - [TEST_STEP][PASSED] - setValueToCellByIndex(sheet01, n, 2, typeOfData): null

25-11-2024T07:49:44 - [TEST_STEP][PASSED] - if (typeOfData == "Факт в процентах" || typeOfData == "План в процентах"): null

25-11-2024T07:49:44 - [TEST_STEP][PASSED] - setValueToCellByIndex(sheet01, n, 3, fileDouble): null

25-11-2024T07:49:44 - [TEST_STEP][PASSED] - setValueToCellByIndex(sheet01, n, 4, pageDouble): null

25-11-2024T07:49:44 - [TEST_STEP][PASSED] - setValueToCellByIndex(sheet01, n, 5, m): null

25-11-2024T07:49:44 - [TEST_STEP][PASSED] - setValueToCellByIndex(sheet01, n, 6, y): null

25-11-2024T07:49:44 - [TEST_STEP][PASSED] - setValueToCellByIndex(sheet01, n, 7, todaysDate): null

25-11-2024T07:49:44 - [TEST_STEP][PASSED] - n = n + 1: null

25-11-2024T07:49:44 - [TEST_STEP][PASSED] - saveWorkbook(excelFilePath, workbook01): null

25-11-2024T07:49:44 - [TEST_STEP][FAILED] - if (verifyEqual(numberOfErrors, 0) == false): null

25-11-2024T07:49:44 - [MESSAGE][FAILED] - Unable to verify equal between actual object '6' and expected object '0' (Root cause: com.kms.katalon.core.exception.StepFailedException: Actual object '6' and expected object '0' are not equal
	at com.kms.katalon.core.keyword.builtin.VerifyEqualKeyword$_verifyEqual_closure1.doCall(VerifyEqualKeyword.groovy:58)
	at com.kms.katalon.core.keyword.builtin.VerifyEqualKeyword$_verifyEqual_closure1.call(VerifyEqualKeyword.groovy)
	at com.kms.katalon.core.keyword.internal.KeywordMain.runKeyword(KeywordMain.groovy:75)
	at com.kms.katalon.core.keyword.builtin.VerifyEqualKeyword.verifyEqual(VerifyEqualKeyword.groovy:63)
	at com.kms.katalon.core.keyword.builtin.VerifyEqualKeyword.execute(VerifyEqualKeyword.groovy:44)
	at com.kms.katalon.core.keyword.internal.KeywordExecutor.executeKeywordForPlatform(KeywordExecutor.groovy:74)
	at com.kms.katalon.core.keyword.BuiltinKeywords.verifyEqual(BuiltinKeywords.groovy:146)
	at java.base/jdk.internal.reflect.NativeMethodAccessorImpl.invoke0(Native Method)
	at java.base/jdk.internal.reflect.NativeMethodAccessorImpl.invoke(NativeMethodAccessorImpl.java:77)
	at java.base/jdk.internal.reflect.DelegatingMethodAccessorImpl.invoke(DelegatingMethodAccessorImpl.java:43)
	at Выполнение бизнес-плана Сверка ПАО Россети все филиалы.Numbers(Выполнение бизнес-плана Сверка ПАО Россети все филиалы:740)
	at Выполнение бизнес-плана Сверка ПАО Россети все филиалы.Filials(Выполнение бизнес-плана Сверка ПАО Россети все филиалы:1123)
	at Выполнение бизнес-плана Сверка ПАО Россети все филиалы.Numbers(Выполнение бизнес-плана Сверка ПАО Россети все филиалы:745)
	at Выполнение бизнес-плана Сверка ПАО Россети все филиалы.run(Выполнение бизнес-плана Сверка ПАО Россети все филиалы:304)
	at com.kms.katalon.core.main.ScriptEngine.run(ScriptEngine.java:194)
	at com.kms.katalon.core.main.ScriptEngine.runScriptAsRawText(ScriptEngine.java:119)
	at com.kms.katalon.core.main.TestCaseExecutor.runScript(TestCaseExecutor.java:448)
	at com.kms.katalon.core.main.TestCaseExecutor.doExecute(TestCaseExecutor.java:439)
	at com.kms.katalon.core.main.TestCaseExecutor.processExecutionPhase(TestCaseExecutor.java:418)
	at com.kms.katalon.core.main.TestCaseExecutor.accessMainPhase(TestCaseExecutor.java:410)
	at com.kms.katalon.core.main.TestCaseExecutor.execute(TestCaseExecutor.java:285)
	at com.kms.katalon.core.common.CommonExecutor.accessTestCaseMainPhase(CommonExecutor.java:65)
	at com.kms.katalon.core.main.TestSuiteExecutor.accessTestSuiteMainPhase(TestSuiteExecutor.java:150)
	at com.kms.katalon.core.main.TestSuiteExecutor.execute(TestSuiteExecutor.java:106)
	at com.kms.katalon.core.main.TestCaseMain.startTestSuite(TestCaseMain.java:180)
	at TempTestSuite1732509691813.run(TempTestSuite1732509691813.groovy:35)
	at java.base/jdk.internal.reflect.NativeMethodAccessorImpl.invoke0(Native Method)
	at java.base/jdk.internal.reflect.NativeMethodAccessorImpl.invoke(NativeMethodAccessorImpl.java:77)
	at java.base/jdk.internal.reflect.DelegatingMethodAccessorImpl.invoke(DelegatingMethodAccessorImpl.java:43)
)

25-11-2024T07:49:44 - [TEST_STEP][PASSED] - println(numberOfErrors): null

25-11-2024T07:49:44 - [TEST_STEP][PASSED] - if (a == 28 || a == 77 || a == 74 || a == 65 || a == 36 || a == 44 || a == 54 || a == 1 || a == 18 || a == 59): null

25-11-2024T07:49:44 - [TEST_STEP][PASSED] - if (a == 82): null

25-11-2024T07:49:44 - [TEST_STEP][PASSED] - dZO = "Ставропольэнерго": null

25-11-2024T07:49:44 - [TEST_STEP][PASSED] - a = 69: null

25-11-2024T07:49:44 - [TEST_STEP][PASSED] - if (x2.contains(dZO)): null

25-11-2024T07:49:44 - [TEST_STEP][PASSED] - filialNum = filialNum + 1: null

25-11-2024T07:49:44 - [TEST_STEP][PASSED] - Script1718980020443.Numbers(a, typeOfData, todaysDate, pageInt, fileInt, pageDouble, fileDouble, dZO, dzoNum, filialNum): null

25-11-2024T07:49:44 - [TEST_STEP][PASSED] - println(dzoNum): null

25-11-2024T07:49:44 - [TEST_STEP][PASSED] - planFact = <not implemented yet for class: org.codehaus.groovy.ast.expr.EmptyExpression>: null

25-11-2024T07:49:44 - [TEST_STEP][PASSED] - page = <not implemented yet for class: org.codehaus.groovy.ast.expr.EmptyExpression>: null

25-11-2024T07:49:44 - [TEST_STEP][PASSED] - page1 = <not implemented yet for class: org.codehaus.groovy.ast.expr.EmptyExpression>: null

25-11-2024T07:49:44 - [TEST_STEP][PASSED] - page2 = <not implemented yet for class: org.codehaus.groovy.ast.expr.EmptyExpression>: null

25-11-2024T07:49:44 - [TEST_STEP][PASSED] - filialNumberInRow = <not implemented yet for class: org.codehaus.groovy.ast.expr.EmptyExpression>: null

25-11-2024T07:49:44 - [TEST_STEP][PASSED] - filialsDzoNames = <not implemented yet for class: org.codehaus.groovy.ast.expr.EmptyExpression>: null

25-11-2024T07:49:44 - [TEST_STEP][PASSED] - numberOfFilials = <not implemented yet for class: org.codehaus.groovy.ast.expr.EmptyExpression>: null

25-11-2024T07:49:44 - [TEST_STEP][PASSED] - numberOfSpaces = <not implemented yet for class: org.codehaus.groovy.ast.expr.EmptyExpression>: null

25-11-2024T07:49:44 - [TEST_STEP][PASSED] - file = <not implemented yet for class: org.codehaus.groovy.ast.expr.EmptyExpression>: null

25-11-2024T07:49:44 - [TEST_STEP][PASSED] - otpusk = <not implemented yet for class: org.codehaus.groovy.ast.expr.EmptyExpression>: null

25-11-2024T07:49:44 - [TEST_STEP][PASSED] - poteri = <not implemented yet for class: org.codehaus.groovy.ast.expr.EmptyExpression>: null

25-11-2024T07:49:44 - [TEST_STEP][PASSED] - dataFolder = "Выполнение бизнес-плана/Значения со страницы Выполнение бизнес-плана/": null

25-11-2024T07:49:44 - [TEST_STEP][PASSED] - path = <not implemented yet for class: org.codehaus.groovy.ast.expr.EmptyExpression>: null

25-11-2024T07:49:44 - [TEST_STEP][PASSED] - typeOfDataMain = <not implemented yet for class: org.codehaus.groovy.ast.expr.EmptyExpression>: null

25-11-2024T07:49:44 - [TEST_STEP][PASSED] - fileOtpuskVSet = <not implemented yet for class: org.codehaus.groovy.ast.expr.EmptyExpression>: null

25-11-2024T07:49:44 - [TEST_STEP][PASSED] - pageOtpuskVSet = <not implemented yet for class: org.codehaus.groovy.ast.expr.EmptyExpression>: null

25-11-2024T07:49:44 - [TEST_STEP][PASSED] - filePoteri = <not implemented yet for class: org.codehaus.groovy.ast.expr.EmptyExpression>: null

25-11-2024T07:49:44 - [TEST_STEP][PASSED] - pagePoteri = <not implemented yet for class: org.codehaus.groovy.ast.expr.EmptyExpression>: null

25-11-2024T07:49:44 - [TEST_STEP][PASSED] - compare = <not implemented yet for class: org.codehaus.groovy.ast.expr.EmptyExpression>: null

25-11-2024T07:49:44 - [TEST_STEP][PASSED] - b = <not implemented yet for class: org.codehaus.groovy.ast.expr.EmptyExpression>: null

25-11-2024T07:49:44 - [TEST_STEP][PASSED] - i = <not implemented yet for class: org.codehaus.groovy.ast.expr.EmptyExpression>: null

25-11-2024T07:49:44 - [TEST_STEP][PASSED] - ii = <not implemented yet for class: org.codehaus.groovy.ast.expr.EmptyExpression>: null

25-11-2024T07:49:44 - [TEST_STEP][PASSED] - c = <not implemented yet for class: org.codehaus.groovy.ast.expr.EmptyExpression>: null

25-11-2024T07:49:44 - [TEST_STEP][PASSED] - numberOfErrors = 0: null

25-11-2024T07:49:44 - [TEST_STEP][PASSED] - if (a == 82): null

25-11-2024T07:49:44 - [TEST_STEP][PASSED] - b = findTestData("PlanFact").getValue(1, a): null

25-11-2024T07:49:44 - [TEST_STEP][PASSED] - i = b.indexOf(" (ГК)"): null

25-11-2024T07:49:44 - [TEST_STEP][PASSED] - if (i > -1): null

25-11-2024T07:49:44 - [TEST_STEP][PASSED] - i = b.indexOf("О ""): null

25-11-2024T07:49:44 - [TEST_STEP][PASSED] - if (i > -1): null

25-11-2024T07:49:44 - [TEST_STEP][PASSED] - i = b.indexOf("О «"): null

25-11-2024T07:49:44 - [TEST_STEP][PASSED] - if (i > -1): null

25-11-2024T07:49:44 - [TEST_STEP][PASSED] - i = b.indexOf("г. "): null

25-11-2024T07:49:44 - [TEST_STEP][PASSED] - if (i > -1): null

25-11-2024T07:49:44 - [TEST_STEP][PASSED] - println(b): null

25-11-2024T07:49:44 - [TEST_STEP][PASSED] - for ([planFact = 1, planFact < 3, (planFact++)]): null

25-11-2024T07:49:44 - [TEST_STEP][PASSED] - if (planFact == 1): null

25-11-2024T07:49:44 - [TEST_STEP][PASSED] - typeOfDataMain = "Факт": null

25-11-2024T07:49:44 - [TEST_STEP][PASSED] - otpusk = findTestData("PlanFact").getValue(5, a): null

25-11-2024T07:49:44 - [TEST_STEP][PASSED] - poteri = findTestData("PlanFact").getValue(6, a): null

25-11-2024T07:49:44 - [TEST_STEP][PASSED] - otpusk = otpusk.replaceAll("\s+", ""): null

25-11-2024T07:49:44 - [TEST_STEP][PASSED] - poteri = poteri.replaceAll("\s+", ""): null

25-11-2024T07:49:44 - [TEST_STEP][PASSED] - typeOfData = typeOfDataMain + " Отпуск в сеть": null

25-11-2024T07:49:44 - [TEST_STEP][PASSED] - if (a == 82): null

25-11-2024T07:49:44 - [TEST_STEP][PASSED] - else if (a == 84): null

25-11-2024T07:49:44 - [TEST_STEP][PASSED] - else if (a == 52 || a == 72 || a == 28 || a == 73 || a == 77 || a == 74 || a == 65 || a == 36 || a == 44 || a == 53 || a == 80 || a == 54 || a == 1 || a == 18 || a == 59 || a == 81): null

25-11-2024T07:49:44 - [TEST_STEP][PASSED] - else: null

25-11-2024T07:49:44 - [TEST_STEP][PASSED] - path = dataFolder + typeOfData + " за отчётный период " + b: null

25-11-2024T07:49:44 - [TEST_STEP][PASSED] - println(path): null

25-11-2024T07:49:44 - [TEST_STEP][PASSED] - page = getText(findTestObject(path)): Text of object 'Object Repository/Выполнение бизнес-плана/Значения со страницы Выполнение бизнес-плана/Факт Отпуск в сеть за отчётный период Ставропольэнерго' is: '6 256 622'

25-11-2024T07:49:45 - [MESSAGE][PASSED] - Text of object 'Object Repository/Выполнение бизнес-плана/Значения со страницы Выполнение бизнес-плана/Факт Отпуск в сеть за отчётный период Ставропольэнерго' is: '6 256 622'

25-11-2024T07:49:45 - [TEST_STEP][PASSED] - page = page.replaceAll("\s+", ""): null

25-11-2024T07:49:45 - [TEST_STEP][PASSED] - fileOtpuskVSet = otpusk.toInteger(): null

25-11-2024T07:49:45 - [TEST_STEP][PASSED] - pageOtpuskVSet = page.toInteger(): null

25-11-2024T07:49:45 - [TEST_STEP][PASSED] - typeOfData = typeOfDataMain + " Потери": null

25-11-2024T07:49:45 - [TEST_STEP][PASSED] - if (a == 82): null

25-11-2024T07:49:45 - [TEST_STEP][PASSED] - else if (a == 84): null

25-11-2024T07:49:45 - [TEST_STEP][PASSED] - else if (a == 52 || a == 72 || a == 28 || a == 73 || a == 77 || a == 74 || a == 65 || a == 36 || a == 44 || a == 53 || a == 80 || a == 54 || a == 1 || a == 18 || a == 59 || a == 81): null

25-11-2024T07:49:45 - [TEST_STEP][PASSED] - else: null

25-11-2024T07:49:45 - [TEST_STEP][PASSED] - path = dataFolder + typeOfData + " за отчётный период " + b: null

25-11-2024T07:49:45 - [TEST_STEP][PASSED] - page = getText(findTestObject(path)): Text of object 'Object Repository/Выполнение бизнес-плана/Значения со страницы Выполнение бизнес-плана/Факт Потери за отчётный период Ставропольэнерго' is: '526 379'

25-11-2024T07:49:45 - [MESSAGE][PASSED] - Text of object 'Object Repository/Выполнение бизнес-плана/Значения со страницы Выполнение бизнес-плана/Факт Потери за отчётный период Ставропольэнерго' is: '526 379'

25-11-2024T07:49:45 - [TEST_STEP][PASSED] - page = page.replaceAll("\s+", ""): null

25-11-2024T07:49:45 - [TEST_STEP][PASSED] - filePoteri = poteri.toInteger(): null

25-11-2024T07:49:45 - [TEST_STEP][PASSED] - pagePoteri = page.toInteger(): null

25-11-2024T07:49:45 - [TEST_STEP][PASSED] - compare = pageOtpuskVSet: null

25-11-2024T07:49:45 - [TEST_STEP][PASSED] - if (compare == fileOtpuskVSet): null

25-11-2024T07:49:45 - [TEST_STEP][PASSED] - else if (compare > fileOtpuskVSet): null

25-11-2024T07:49:45 - [TEST_STEP][PASSED] - compare = compare - 1: null

25-11-2024T07:49:45 - [TEST_STEP][PASSED] - if (compare == fileOtpuskVSet): null

25-11-2024T07:49:45 - [TEST_STEP][PASSED] - else: null

25-11-2024T07:49:45 - [TEST_STEP][PASSED] - numberOfErrors = numberOfErrors + 1: null

25-11-2024T07:49:45 - [TEST_STEP][PASSED] - pageInt = pageOtpuskVSet: null

25-11-2024T07:49:45 - [TEST_STEP][PASSED] - fileInt = fileOtpuskVSet: null

25-11-2024T07:49:45 - [TEST_STEP][PASSED] - typeOfData = typeOfDataMain + " Отпуск в сеть": null

25-11-2024T07:49:45 - [TEST_STEP][PASSED] - Script1718980020443.WriteToExcel(a, typeOfData, todaysDate, pageInt, fileInt, pageDouble, fileDouble, dZO): null

25-11-2024T07:49:45 - [TEST_STEP][PASSED] - sheetName = "Sheet1": null

25-11-2024T07:49:45 - [TEST_STEP][PASSED] - data = findTestData("PlanFact"): null

25-11-2024T07:49:45 - [TEST_STEP][PASSED] - n = data.getRowNumbers() + 1: null

25-11-2024T07:49:45 - [TEST_STEP][PASSED] - year = todaysDate.substring(todaysDate.length() - 4, todaysDate.length()): null

25-11-2024T07:49:45 - [TEST_STEP][PASSED] - y = year.toInteger(): null

25-11-2024T07:49:45 - [TEST_STEP][PASSED] - m = getText(findTestObject("Выполнение бизнес-плана/Период")): Text of object 'Object Repository/Выполнение бизнес-плана/Период' is: '1, 2, 3 кв. 2024 года'

25-11-2024T07:49:45 - [MESSAGE][PASSED] - Text of object 'Object Repository/Выполнение бизнес-плана/Период' is: '1, 2, 3 кв. 2024 года'

25-11-2024T07:49:45 - [TEST_STEP][PASSED] - m = m.substring(0, m.indexOf("2024")): null

25-11-2024T07:49:45 - [TEST_STEP][PASSED] - m = m.trim(): null

25-11-2024T07:49:45 - [TEST_STEP][PASSED] - dashboardName = "Выполнение бизнес-плана": null

25-11-2024T07:49:45 - [TEST_STEP][PASSED] - workbook01 = getWorkbook(excelFilePath): null

25-11-2024T07:49:45 - [TEST_STEP][PASSED] - sheet01 = getExcelSheet(workbook01, sheetName): null

25-11-2024T07:49:45 - [TEST_STEP][PASSED] - setValueToCellByIndex(sheet01, n, 0, dashboardName): null

25-11-2024T07:49:45 - [TEST_STEP][PASSED] - setValueToCellByIndex(sheet01, n, 1, dZO): null

25-11-2024T07:49:45 - [TEST_STEP][PASSED] - setValueToCellByIndex(sheet01, n, 2, typeOfData): null

25-11-2024T07:49:45 - [TEST_STEP][PASSED] - if (typeOfData == "Факт в процентах" || typeOfData == "План в процентах"): null

25-11-2024T07:49:45 - [TEST_STEP][PASSED] - else: null

25-11-2024T07:49:45 - [TEST_STEP][PASSED] - setValueToCellByIndex(sheet01, n, 3, fileInt): null

25-11-2024T07:49:45 - [TEST_STEP][PASSED] - setValueToCellByIndex(sheet01, n, 4, pageInt): null

25-11-2024T07:49:45 - [TEST_STEP][PASSED] - setValueToCellByIndex(sheet01, n, 5, m): null

25-11-2024T07:49:45 - [TEST_STEP][PASSED] - setValueToCellByIndex(sheet01, n, 6, y): null

25-11-2024T07:49:45 - [TEST_STEP][PASSED] - setValueToCellByIndex(sheet01, n, 7, todaysDate): null

25-11-2024T07:49:45 - [TEST_STEP][PASSED] - n = n + 1: null

25-11-2024T07:49:45 - [TEST_STEP][PASSED] - saveWorkbook(excelFilePath, workbook01): null

25-11-2024T07:49:46 - [TEST_STEP][PASSED] - compare = pagePoteri: null

25-11-2024T07:49:46 - [TEST_STEP][PASSED] - if (compare == filePoteri): null

25-11-2024T07:49:46 - [TEST_STEP][PASSED] - else if (compare > filePoteri): null

25-11-2024T07:49:46 - [TEST_STEP][PASSED] - compare = compare - 1: null

25-11-2024T07:49:46 - [TEST_STEP][PASSED] - if (compare == filePoteri): null

25-11-2024T07:49:46 - [TEST_STEP][PASSED] - else: null

25-11-2024T07:49:46 - [TEST_STEP][PASSED] - numberOfErrors = numberOfErrors + 1: null

25-11-2024T07:49:46 - [TEST_STEP][PASSED] - pageInt = pagePoteri: null

25-11-2024T07:49:46 - [TEST_STEP][PASSED] - fileInt = filePoteri: null

25-11-2024T07:49:46 - [TEST_STEP][PASSED] - typeOfData = typeOfDataMain + " Потери": null

25-11-2024T07:49:46 - [TEST_STEP][PASSED] - Script1718980020443.WriteToExcel(a, typeOfData, todaysDate, pageInt, fileInt, pageDouble, fileDouble, dZO): null

25-11-2024T07:49:46 - [TEST_STEP][PASSED] - sheetName = "Sheet1": null

25-11-2024T07:49:46 - [TEST_STEP][PASSED] - data = findTestData("PlanFact"): null

25-11-2024T07:49:46 - [TEST_STEP][PASSED] - n = data.getRowNumbers() + 1: null

25-11-2024T07:49:46 - [TEST_STEP][PASSED] - year = todaysDate.substring(todaysDate.length() - 4, todaysDate.length()): null

25-11-2024T07:49:46 - [TEST_STEP][PASSED] - y = year.toInteger(): null

25-11-2024T07:49:46 - [TEST_STEP][PASSED] - m = getText(findTestObject("Выполнение бизнес-плана/Период")): Text of object 'Object Repository/Выполнение бизнес-плана/Период' is: '1, 2, 3 кв. 2024 года'

25-11-2024T07:49:46 - [MESSAGE][PASSED] - Text of object 'Object Repository/Выполнение бизнес-плана/Период' is: '1, 2, 3 кв. 2024 года'

25-11-2024T07:49:46 - [TEST_STEP][PASSED] - m = m.substring(0, m.indexOf("2024")): null

25-11-2024T07:49:46 - [TEST_STEP][PASSED] - m = m.trim(): null

25-11-2024T07:49:46 - [TEST_STEP][PASSED] - dashboardName = "Выполнение бизнес-плана": null

25-11-2024T07:49:46 - [TEST_STEP][PASSED] - workbook01 = getWorkbook(excelFilePath): null

25-11-2024T07:49:46 - [TEST_STEP][PASSED] - sheet01 = getExcelSheet(workbook01, sheetName): null

25-11-2024T07:49:46 - [TEST_STEP][PASSED] - setValueToCellByIndex(sheet01, n, 0, dashboardName): null

25-11-2024T07:49:46 - [TEST_STEP][PASSED] - setValueToCellByIndex(sheet01, n, 1, dZO): null

25-11-2024T07:49:46 - [TEST_STEP][PASSED] - setValueToCellByIndex(sheet01, n, 2, typeOfData): null

25-11-2024T07:49:46 - [TEST_STEP][PASSED] - if (typeOfData == "Факт в процентах" || typeOfData == "План в процентах"): null

25-11-2024T07:49:46 - [TEST_STEP][PASSED] - else: null

25-11-2024T07:49:46 - [TEST_STEP][PASSED] - setValueToCellByIndex(sheet01, n, 3, fileInt): null

25-11-2024T07:49:46 - [TEST_STEP][PASSED] - setValueToCellByIndex(sheet01, n, 4, pageInt): null

25-11-2024T07:49:46 - [TEST_STEP][PASSED] - setValueToCellByIndex(sheet01, n, 5, m): null

25-11-2024T07:49:46 - [TEST_STEP][PASSED] - setValueToCellByIndex(sheet01, n, 6, y): null

25-11-2024T07:49:46 - [TEST_STEP][PASSED] - setValueToCellByIndex(sheet01, n, 7, todaysDate): null

25-11-2024T07:49:46 - [TEST_STEP][PASSED] - n = n + 1: null

25-11-2024T07:49:46 - [TEST_STEP][PASSED] - saveWorkbook(excelFilePath, workbook01): null

25-11-2024T07:49:46 - [TEST_STEP][PASSED] - if (planFact == 2): null

25-11-2024T07:49:46 - [TEST_STEP][PASSED] - if (planFact == 1): null

25-11-2024T07:49:46 - [TEST_STEP][PASSED] - else if (planFact == 2): null

25-11-2024T07:49:46 - [TEST_STEP][PASSED] - click(findTestObject("Выполнение бизнес-плана/Кнопка План")): Object: 'Object Repository/Выполнение бизнес-плана/Кнопка План' is clicked on

25-11-2024T07:49:47 - [MESSAGE][PASSED] - Object: 'Object Repository/Выполнение бизнес-плана/Кнопка План' is clicked on

25-11-2024T07:49:47 - [TEST_STEP][PASSED] - typeOfDataMain = "План": null

25-11-2024T07:49:47 - [TEST_STEP][PASSED] - otpusk = findTestData("PlanFact").getValue(2, a): null

25-11-2024T07:49:47 - [TEST_STEP][PASSED] - poteri = findTestData("PlanFact").getValue(3, a): null

25-11-2024T07:49:47 - [TEST_STEP][PASSED] - otpusk = otpusk.replaceAll("\s+", ""): null

25-11-2024T07:49:47 - [TEST_STEP][PASSED] - poteri = poteri.replaceAll("\s+", ""): null

25-11-2024T07:49:47 - [TEST_STEP][PASSED] - typeOfData = typeOfDataMain + " Отпуск в сеть": null

25-11-2024T07:49:47 - [TEST_STEP][PASSED] - if (a == 82): null

25-11-2024T07:49:47 - [TEST_STEP][PASSED] - else if (a == 84): null

25-11-2024T07:49:47 - [TEST_STEP][PASSED] - else if (a == 52 || a == 72 || a == 28 || a == 73 || a == 77 || a == 74 || a == 65 || a == 36 || a == 44 || a == 53 || a == 80 || a == 54 || a == 1 || a == 18 || a == 59 || a == 81): null

25-11-2024T07:49:47 - [TEST_STEP][PASSED] - else: null

25-11-2024T07:49:47 - [TEST_STEP][PASSED] - path = dataFolder + typeOfData + " за отчётный период " + b: null

25-11-2024T07:49:47 - [TEST_STEP][PASSED] - println(path): null

25-11-2024T07:49:47 - [TEST_STEP][PASSED] - page = getText(findTestObject(path)): Text of object 'Object Repository/Выполнение бизнес-плана/Значения со страницы Выполнение бизнес-плана/План Отпуск в сеть за отчётный период Ставропольэнерго' is: '5 926 135'

25-11-2024T07:49:47 - [MESSAGE][PASSED] - Text of object 'Object Repository/Выполнение бизнес-плана/Значения со страницы Выполнение бизнес-плана/План Отпуск в сеть за отчётный период Ставропольэнерго' is: '5 926 135'

25-11-2024T07:49:47 - [TEST_STEP][PASSED] - page = page.replaceAll("\s+", ""): null

25-11-2024T07:49:47 - [TEST_STEP][PASSED] - fileOtpuskVSet = otpusk.toInteger(): null

25-11-2024T07:49:47 - [TEST_STEP][PASSED] - pageOtpuskVSet = page.toInteger(): null

25-11-2024T07:49:47 - [TEST_STEP][PASSED] - typeOfData = typeOfDataMain + " Потери": null

25-11-2024T07:49:47 - [TEST_STEP][PASSED] - if (a == 82): null

25-11-2024T07:49:47 - [TEST_STEP][PASSED] - else if (a == 84): null

25-11-2024T07:49:47 - [TEST_STEP][PASSED] - else if (a == 52 || a == 72 || a == 28 || a == 73 || a == 77 || a == 74 || a == 65 || a == 36 || a == 44 || a == 53 || a == 80 || a == 54 || a == 1 || a == 18 || a == 59 || a == 81): null

25-11-2024T07:49:47 - [TEST_STEP][PASSED] - else: null

25-11-2024T07:49:47 - [TEST_STEP][PASSED] - path = dataFolder + typeOfData + " за отчётный период " + b: null

25-11-2024T07:49:47 - [TEST_STEP][PASSED] - page = getText(findTestObject(path)): Text of object 'Object Repository/Выполнение бизнес-плана/Значения со страницы Выполнение бизнес-плана/План Потери за отчётный период Ставропольэнерго' is: '497 688'

25-11-2024T07:49:47 - [MESSAGE][PASSED] - Text of object 'Object Repository/Выполнение бизнес-плана/Значения со страницы Выполнение бизнес-плана/План Потери за отчётный период Ставропольэнерго' is: '497 688'

25-11-2024T07:49:47 - [TEST_STEP][PASSED] - page = page.replaceAll("\s+", ""): null

25-11-2024T07:49:47 - [TEST_STEP][PASSED] - filePoteri = poteri.toInteger(): null

25-11-2024T07:49:47 - [TEST_STEP][PASSED] - pagePoteri = page.toInteger(): null

25-11-2024T07:49:47 - [TEST_STEP][PASSED] - compare = pageOtpuskVSet: null

25-11-2024T07:49:47 - [TEST_STEP][PASSED] - if (compare == fileOtpuskVSet): null

25-11-2024T07:49:47 - [TEST_STEP][PASSED] - else if (compare > fileOtpuskVSet): null

25-11-2024T07:49:47 - [TEST_STEP][PASSED] - else if (compare < fileOtpuskVSet): null

25-11-2024T07:49:47 - [TEST_STEP][PASSED] - compare = compare + 1: null

25-11-2024T07:49:47 - [TEST_STEP][PASSED] - if (compare == fileOtpuskVSet): null

25-11-2024T07:49:47 - [TEST_STEP][PASSED] - else: null

25-11-2024T07:49:47 - [TEST_STEP][PASSED] - numberOfErrors = numberOfErrors + 1: null

25-11-2024T07:49:47 - [TEST_STEP][PASSED] - pageInt = pageOtpuskVSet: null

25-11-2024T07:49:47 - [TEST_STEP][PASSED] - fileInt = fileOtpuskVSet: null

25-11-2024T07:49:47 - [TEST_STEP][PASSED] - typeOfData = typeOfDataMain + " Отпуск в сеть": null

25-11-2024T07:49:47 - [TEST_STEP][PASSED] - Script1718980020443.WriteToExcel(a, typeOfData, todaysDate, pageInt, fileInt, pageDouble, fileDouble, dZO): null

25-11-2024T07:49:47 - [TEST_STEP][PASSED] - sheetName = "Sheet1": null

25-11-2024T07:49:47 - [TEST_STEP][PASSED] - data = findTestData("PlanFact"): null

25-11-2024T07:49:47 - [TEST_STEP][PASSED] - n = data.getRowNumbers() + 1: null

25-11-2024T07:49:47 - [TEST_STEP][PASSED] - year = todaysDate.substring(todaysDate.length() - 4, todaysDate.length()): null

25-11-2024T07:49:47 - [TEST_STEP][PASSED] - y = year.toInteger(): null

25-11-2024T07:49:47 - [TEST_STEP][PASSED] - m = getText(findTestObject("Выполнение бизнес-плана/Период")): Text of object 'Object Repository/Выполнение бизнес-плана/Период' is: '1, 2, 3 кв. 2024 года'

25-11-2024T07:49:48 - [MESSAGE][PASSED] - Text of object 'Object Repository/Выполнение бизнес-плана/Период' is: '1, 2, 3 кв. 2024 года'

25-11-2024T07:49:48 - [TEST_STEP][PASSED] - m = m.substring(0, m.indexOf("2024")): null

25-11-2024T07:49:48 - [TEST_STEP][PASSED] - m = m.trim(): null

25-11-2024T07:49:48 - [TEST_STEP][PASSED] - dashboardName = "Выполнение бизнес-плана": null

25-11-2024T07:49:48 - [TEST_STEP][PASSED] - workbook01 = getWorkbook(excelFilePath): null

25-11-2024T07:49:48 - [TEST_STEP][PASSED] - sheet01 = getExcelSheet(workbook01, sheetName): null

25-11-2024T07:49:48 - [TEST_STEP][PASSED] - setValueToCellByIndex(sheet01, n, 0, dashboardName): null

25-11-2024T07:49:48 - [TEST_STEP][PASSED] - setValueToCellByIndex(sheet01, n, 1, dZO): null

25-11-2024T07:49:48 - [TEST_STEP][PASSED] - setValueToCellByIndex(sheet01, n, 2, typeOfData): null

25-11-2024T07:49:48 - [TEST_STEP][PASSED] - if (typeOfData == "Факт в процентах" || typeOfData == "План в процентах"): null

25-11-2024T07:49:48 - [TEST_STEP][PASSED] - else: null

25-11-2024T07:49:48 - [TEST_STEP][PASSED] - setValueToCellByIndex(sheet01, n, 3, fileInt): null

25-11-2024T07:49:48 - [TEST_STEP][PASSED] - setValueToCellByIndex(sheet01, n, 4, pageInt): null

25-11-2024T07:49:48 - [TEST_STEP][PASSED] - setValueToCellByIndex(sheet01, n, 5, m): null

25-11-2024T07:49:48 - [TEST_STEP][PASSED] - setValueToCellByIndex(sheet01, n, 6, y): null

25-11-2024T07:49:48 - [TEST_STEP][PASSED] - setValueToCellByIndex(sheet01, n, 7, todaysDate): null

25-11-2024T07:49:48 - [TEST_STEP][PASSED] - n = n + 1: null

25-11-2024T07:49:48 - [TEST_STEP][PASSED] - saveWorkbook(excelFilePath, workbook01): null

25-11-2024T07:49:48 - [TEST_STEP][PASSED] - compare = pagePoteri: null

25-11-2024T07:49:48 - [TEST_STEP][PASSED] - if (compare == filePoteri): null

25-11-2024T07:49:48 - [TEST_STEP][PASSED] - else if (compare > filePoteri): null

25-11-2024T07:49:48 - [TEST_STEP][PASSED] - else if (compare < filePoteri): null

25-11-2024T07:49:48 - [TEST_STEP][PASSED] - compare = compare + 1: null

25-11-2024T07:49:48 - [TEST_STEP][PASSED] - if (compare == filePoteri): null

25-11-2024T07:49:48 - [TEST_STEP][PASSED] - else: null

25-11-2024T07:49:48 - [TEST_STEP][PASSED] - numberOfErrors = numberOfErrors + 1: null

25-11-2024T07:49:48 - [TEST_STEP][PASSED] - pageInt = pagePoteri: null

25-11-2024T07:49:48 - [TEST_STEP][PASSED] - fileInt = filePoteri: null

25-11-2024T07:49:48 - [TEST_STEP][PASSED] - typeOfData = typeOfDataMain + " Потери": null

25-11-2024T07:49:48 - [TEST_STEP][PASSED] - Script1718980020443.WriteToExcel(a, typeOfData, todaysDate, pageInt, fileInt, pageDouble, fileDouble, dZO): null

25-11-2024T07:49:48 - [TEST_STEP][PASSED] - sheetName = "Sheet1": null

25-11-2024T07:49:48 - [TEST_STEP][PASSED] - data = findTestData("PlanFact"): null

25-11-2024T07:49:48 - [TEST_STEP][PASSED] - n = data.getRowNumbers() + 1: null

25-11-2024T07:49:48 - [TEST_STEP][PASSED] - year = todaysDate.substring(todaysDate.length() - 4, todaysDate.length()): null

25-11-2024T07:49:48 - [TEST_STEP][PASSED] - y = year.toInteger(): null

25-11-2024T07:49:48 - [TEST_STEP][PASSED] - m = getText(findTestObject("Выполнение бизнес-плана/Период")): Text of object 'Object Repository/Выполнение бизнес-плана/Период' is: '1, 2, 3 кв. 2024 года'

25-11-2024T07:49:48 - [MESSAGE][PASSED] - Text of object 'Object Repository/Выполнение бизнес-плана/Период' is: '1, 2, 3 кв. 2024 года'

25-11-2024T07:49:48 - [TEST_STEP][PASSED] - m = m.substring(0, m.indexOf("2024")): null

25-11-2024T07:49:48 - [TEST_STEP][PASSED] - m = m.trim(): null

25-11-2024T07:49:48 - [TEST_STEP][PASSED] - dashboardName = "Выполнение бизнес-плана": null

25-11-2024T07:49:48 - [TEST_STEP][PASSED] - workbook01 = getWorkbook(excelFilePath): null

25-11-2024T07:49:48 - [TEST_STEP][PASSED] - sheet01 = getExcelSheet(workbook01, sheetName): null

25-11-2024T07:49:48 - [TEST_STEP][PASSED] - setValueToCellByIndex(sheet01, n, 0, dashboardName): null

25-11-2024T07:49:48 - [TEST_STEP][PASSED] - setValueToCellByIndex(sheet01, n, 1, dZO): null

25-11-2024T07:49:48 - [TEST_STEP][PASSED] - setValueToCellByIndex(sheet01, n, 2, typeOfData): null

25-11-2024T07:49:48 - [TEST_STEP][PASSED] - if (typeOfData == "Факт в процентах" || typeOfData == "План в процентах"): null

25-11-2024T07:49:48 - [TEST_STEP][PASSED] - else: null

25-11-2024T07:49:48 - [TEST_STEP][PASSED] - setValueToCellByIndex(sheet01, n, 3, fileInt): null

25-11-2024T07:49:48 - [TEST_STEP][PASSED] - setValueToCellByIndex(sheet01, n, 4, pageInt): null

25-11-2024T07:49:48 - [TEST_STEP][PASSED] - setValueToCellByIndex(sheet01, n, 5, m): null

25-11-2024T07:49:48 - [TEST_STEP][PASSED] - setValueToCellByIndex(sheet01, n, 6, y): null

25-11-2024T07:49:48 - [TEST_STEP][PASSED] - setValueToCellByIndex(sheet01, n, 7, todaysDate): null

25-11-2024T07:49:48 - [TEST_STEP][PASSED] - n = n + 1: null

25-11-2024T07:49:48 - [TEST_STEP][PASSED] - saveWorkbook(excelFilePath, workbook01): Object: 'Object Repository/Выполнение бизнес-плана/Кнопка Факт' is clicked on

25-11-2024T07:49:49 - [TEST_STEP][PASSED] - if (planFact == 2): Object: 'Object Repository/Выполнение бизнес-плана/Кнопка Факт' is clicked on

25-11-2024T07:49:49 - [TEST_STEP][PASSED] - click(findTestObject("Выполнение бизнес-плана/Кнопка Факт")): Object: 'Object Repository/Выполнение бизнес-плана/Кнопка Факт' is clicked on

25-11-2024T07:49:49 - [MESSAGE][PASSED] - Object: 'Object Repository/Выполнение бизнес-плана/Кнопка Факт' is clicked on

25-11-2024T07:49:49 - [TEST_STEP][PASSED] - if (a == 84 || a == 82): null

25-11-2024T07:49:49 - [TEST_STEP][PASSED] - else if (a == 52 || a == 72 || a == 28 || a == 73 || a == 77 || a == 74 || a == 65 || a == 36 || a == 44 || a == 53 || a == 80 || a == 54 || a == 1 || a == 18 || a == 59 || a == 81): null

25-11-2024T07:49:49 - [TEST_STEP][PASSED] - else: null

25-11-2024T07:49:49 - [TEST_STEP][PASSED] - page1 = getText(findTestObject("Object Repository/Выполнение бизнес-плана/spanPlan" + filialNum)): Text of object 'Object Repository/Выполнение бизнес-плана/spanPlan6' is: '8.40
|'

25-11-2024T07:49:49 - [MESSAGE][PASSED] - Text of object 'Object Repository/Выполнение бизнес-плана/spanPlan6' is: '8.40
|'

25-11-2024T07:49:49 - [TEST_STEP][PASSED] - page1 = page1.replace("|", ""): null

25-11-2024T07:49:49 - [TEST_STEP][PASSED] - page2 = getText(findTestObject("Object Repository/Выполнение бизнес-плана/spanFact" + filialNum)): Text of object 'Object Repository/Выполнение бизнес-плана/spanFact6' is: '8.41
|'

25-11-2024T07:49:50 - [MESSAGE][PASSED] - Text of object 'Object Repository/Выполнение бизнес-плана/spanFact6' is: '8.41
|'

25-11-2024T07:49:50 - [TEST_STEP][PASSED] - page2 = page2.replace("|", ""): null

25-11-2024T07:49:50 - [TEST_STEP][PASSED] - println("page1: " + page1): null

25-11-2024T07:49:50 - [TEST_STEP][PASSED] - println("page2: " + page2): null

25-11-2024T07:49:50 - [TEST_STEP][PASSED] - file = findTestData("PlanFact").getValue(4, a): null

25-11-2024T07:49:50 - [TEST_STEP][PASSED] - file = file.replace(",", "."): null

25-11-2024T07:49:50 - [TEST_STEP][PASSED] - println("file Plan: " + file): null

25-11-2024T07:49:50 - [TEST_STEP][PASSED] - typeOfData = "План в процентах": null

25-11-2024T07:49:50 - [TEST_STEP][PASSED] - fileDouble = file.toDouble(): null

25-11-2024T07:49:50 - [TEST_STEP][PASSED] - pageDouble = page1.toDouble(): null

25-11-2024T07:49:50 - [TEST_STEP][PASSED] - if (fileDouble != pageDouble): null

25-11-2024T07:49:50 - [TEST_STEP][PASSED] - file = findTestData("PlanFact").getValue(7, a): null

25-11-2024T07:49:50 - [TEST_STEP][PASSED] - file = file.replace(",", "."): null

25-11-2024T07:49:50 - [TEST_STEP][PASSED] - println("file Fact: " + file): null

25-11-2024T07:49:50 - [TEST_STEP][PASSED] - fileDouble = file.toDouble(): null

25-11-2024T07:49:50 - [TEST_STEP][PASSED] - typeOfData = "Факт в процентах": null

25-11-2024T07:49:50 - [TEST_STEP][PASSED] - fileDouble = file.toDouble(): null

25-11-2024T07:49:50 - [TEST_STEP][PASSED] - pageDouble = page2.toDouble(): null

25-11-2024T07:49:50 - [TEST_STEP][PASSED] - if (fileDouble != pageDouble): null

25-11-2024T07:49:50 - [TEST_STEP][PASSED] - numberOfErrors = numberOfErrors + 1: null

25-11-2024T07:49:50 - [TEST_STEP][PASSED] - Script1718980020443.WriteToExcel(a, typeOfData, todaysDate, pageInt, fileInt, pageDouble, fileDouble, dZO): null

25-11-2024T07:49:50 - [TEST_STEP][PASSED] - sheetName = "Sheet1": null

25-11-2024T07:49:50 - [TEST_STEP][PASSED] - data = findTestData("PlanFact"): null

25-11-2024T07:49:50 - [TEST_STEP][PASSED] - n = data.getRowNumbers() + 1: null

25-11-2024T07:49:50 - [TEST_STEP][PASSED] - year = todaysDate.substring(todaysDate.length() - 4, todaysDate.length()): null

25-11-2024T07:49:50 - [TEST_STEP][PASSED] - y = year.toInteger(): null

25-11-2024T07:49:50 - [TEST_STEP][PASSED] - m = getText(findTestObject("Выполнение бизнес-плана/Период")): Text of object 'Object Repository/Выполнение бизнес-плана/Период' is: '1, 2, 3 кв. 2024 года'

25-11-2024T07:49:50 - [MESSAGE][PASSED] - Text of object 'Object Repository/Выполнение бизнес-плана/Период' is: '1, 2, 3 кв. 2024 года'

25-11-2024T07:49:50 - [TEST_STEP][PASSED] - m = m.substring(0, m.indexOf("2024")): null

25-11-2024T07:49:50 - [TEST_STEP][PASSED] - m = m.trim(): null

25-11-2024T07:49:50 - [TEST_STEP][PASSED] - dashboardName = "Выполнение бизнес-плана": null

25-11-2024T07:49:50 - [TEST_STEP][PASSED] - workbook01 = getWorkbook(excelFilePath): null

25-11-2024T07:49:50 - [TEST_STEP][PASSED] - sheet01 = getExcelSheet(workbook01, sheetName): null

25-11-2024T07:49:50 - [TEST_STEP][PASSED] - setValueToCellByIndex(sheet01, n, 0, dashboardName): null

25-11-2024T07:49:50 - [TEST_STEP][PASSED] - setValueToCellByIndex(sheet01, n, 1, dZO): null

25-11-2024T07:49:50 - [TEST_STEP][PASSED] - setValueToCellByIndex(sheet01, n, 2, typeOfData): null

25-11-2024T07:49:50 - [TEST_STEP][PASSED] - if (typeOfData == "Факт в процентах" || typeOfData == "План в процентах"): null

25-11-2024T07:49:50 - [TEST_STEP][PASSED] - setValueToCellByIndex(sheet01, n, 3, fileDouble): null

25-11-2024T07:49:50 - [TEST_STEP][PASSED] - setValueToCellByIndex(sheet01, n, 4, pageDouble): null

25-11-2024T07:49:50 - [TEST_STEP][PASSED] - setValueToCellByIndex(sheet01, n, 5, m): null

25-11-2024T07:49:50 - [TEST_STEP][PASSED] - setValueToCellByIndex(sheet01, n, 6, y): null

25-11-2024T07:49:50 - [TEST_STEP][PASSED] - setValueToCellByIndex(sheet01, n, 7, todaysDate): null

25-11-2024T07:49:50 - [TEST_STEP][PASSED] - n = n + 1: null

25-11-2024T07:49:50 - [TEST_STEP][PASSED] - saveWorkbook(excelFilePath, workbook01): null

25-11-2024T07:49:50 - [TEST_STEP][FAILED] - if (verifyEqual(numberOfErrors, 0) == false): null

25-11-2024T07:49:50 - [MESSAGE][FAILED] - Unable to verify equal between actual object '5' and expected object '0' (Root cause: com.kms.katalon.core.exception.StepFailedException: Actual object '5' and expected object '0' are not equal
	at com.kms.katalon.core.keyword.builtin.VerifyEqualKeyword$_verifyEqual_closure1.doCall(VerifyEqualKeyword.groovy:58)
	at com.kms.katalon.core.keyword.builtin.VerifyEqualKeyword$_verifyEqual_closure1.call(VerifyEqualKeyword.groovy)
	at com.kms.katalon.core.keyword.internal.KeywordMain.runKeyword(KeywordMain.groovy:75)
	at com.kms.katalon.core.keyword.builtin.VerifyEqualKeyword.verifyEqual(VerifyEqualKeyword.groovy:63)
	at com.kms.katalon.core.keyword.builtin.VerifyEqualKeyword.execute(VerifyEqualKeyword.groovy:44)
	at com.kms.katalon.core.keyword.internal.KeywordExecutor.executeKeywordForPlatform(KeywordExecutor.groovy:74)
	at com.kms.katalon.core.keyword.BuiltinKeywords.verifyEqual(BuiltinKeywords.groovy:146)
	at java.base/jdk.internal.reflect.NativeMethodAccessorImpl.invoke0(Native Method)
	at java.base/jdk.internal.reflect.NativeMethodAccessorImpl.invoke(NativeMethodAccessorImpl.java:77)
	at java.base/jdk.internal.reflect.DelegatingMethodAccessorImpl.invoke(DelegatingMethodAccessorImpl.java:43)
	at Выполнение бизнес-плана Сверка ПАО Россети все филиалы.Numbers(Выполнение бизнес-плана Сверка ПАО Россети все филиалы:740)
	at Выполнение бизнес-плана Сверка ПАО Россети все филиалы.Filials(Выполнение бизнес-плана Сверка ПАО Россети все филиалы:1135)
	at Выполнение бизнес-плана Сверка ПАО Россети все филиалы.Numbers(Выполнение бизнес-плана Сверка ПАО Россети все филиалы:745)
	at Выполнение бизнес-плана Сверка ПАО Россети все филиалы.run(Выполнение бизнес-плана Сверка ПАО Россети все филиалы:304)
	at com.kms.katalon.core.main.ScriptEngine.run(ScriptEngine.java:194)
	at com.kms.katalon.core.main.ScriptEngine.runScriptAsRawText(ScriptEngine.java:119)
	at com.kms.katalon.core.main.TestCaseExecutor.runScript(TestCaseExecutor.java:448)
	at com.kms.katalon.core.main.TestCaseExecutor.doExecute(TestCaseExecutor.java:439)
	at com.kms.katalon.core.main.TestCaseExecutor.processExecutionPhase(TestCaseExecutor.java:418)
	at com.kms.katalon.core.main.TestCaseExecutor.accessMainPhase(TestCaseExecutor.java:410)
	at com.kms.katalon.core.main.TestCaseExecutor.execute(TestCaseExecutor.java:285)
	at com.kms.katalon.core.common.CommonExecutor.accessTestCaseMainPhase(CommonExecutor.java:65)
	at com.kms.katalon.core.main.TestSuiteExecutor.accessTestSuiteMainPhase(TestSuiteExecutor.java:150)
	at com.kms.katalon.core.main.TestSuiteExecutor.execute(TestSuiteExecutor.java:106)
	at com.kms.katalon.core.main.TestCaseMain.startTestSuite(TestCaseMain.java:180)
	at TempTestSuite1732509691813.run(TempTestSuite1732509691813.groovy:35)
	at java.base/jdk.internal.reflect.NativeMethodAccessorImpl.invoke0(Native Method)
	at java.base/jdk.internal.reflect.NativeMethodAccessorImpl.invoke(NativeMethodAccessorImpl.java:77)
	at java.base/jdk.internal.reflect.DelegatingMethodAccessorImpl.invoke(DelegatingMethodAccessorImpl.java:43)
)

25-11-2024T07:49:50 - [TEST_STEP][PASSED] - println(numberOfErrors): null

25-11-2024T07:49:50 - [TEST_STEP][PASSED] - if (a == 28 || a == 77 || a == 74 || a == 65 || a == 36 || a == 44 || a == 54 || a == 1 || a == 18 || a == 59): null

25-11-2024T07:49:50 - [TEST_STEP][PASSED] - if (a == 82): null

25-11-2024T07:49:50 - [TEST_STEP][PASSED] - filialNum = 0: null

25-11-2024T07:49:50 - [TEST_STEP][PASSED] - if (a == 1): null

25-11-2024T07:49:50 - [TEST_STEP][PASSED] - if (a == 18): null

25-11-2024T07:49:50 - [TEST_STEP][PASSED] - if (a == 36): null

25-11-2024T07:49:50 - [TEST_STEP][PASSED] - if (a == 44): null

25-11-2024T07:49:50 - [TEST_STEP][PASSED] - if (a == 54): null

25-11-2024T07:49:50 - [TEST_STEP][PASSED] - if (a == 59): null

25-11-2024T07:49:50 - [TEST_STEP][PASSED] - Script1718980020443.OpenFilter(): null

25-11-2024T07:49:50 - [TEST_STEP][PASSED] - click(findTestObject("Object Repository/Выполнение бизнес-плана/Фильтр ДЗО")): Object: 'Object Repository/Выполнение бизнес-плана/Фильтр ДЗО' is clicked on

25-11-2024T07:49:51 - [MESSAGE][PASSED] - Object: 'Object Repository/Выполнение бизнес-плана/Фильтр ДЗО' is clicked on

25-11-2024T07:49:51 - [TEST_STEP][PASSED] - click(findTestObject("Выполнение бизнес-плана/Снять выделение в фильтре ДЗО")): Object: 'Object Repository/Выполнение бизнес-плана/Снять выделение в фильтре ДЗО' is clicked on

25-11-2024T07:49:51 - [MESSAGE][PASSED] - Object: 'Object Repository/Выполнение бизнес-плана/Снять выделение в фильтре ДЗО' is clicked on

25-11-2024T07:49:51 - [TEST_STEP][PASSED] - Script1718980020443.CloseFilter(): null

25-11-2024T07:49:51 - [TEST_STEP][PASSED] - scrollToElement(findTestObject("Выполнение бизнес-плана/Заголовок дашборда"), 30): Scroll to object 'Object Repository/Выполнение бизнес-плана/Заголовок дашборда' successfully

25-11-2024T07:49:52 - [MESSAGE][PASSED] - Scroll to object 'Object Repository/Выполнение бизнес-плана/Заголовок дашборда' successfully

25-11-2024T07:49:52 - [TEST_STEP][PASSED] - click(findTestObject("Object Repository/Выполнение бизнес-плана/Применить в фильтре ДЗО")): Object: 'Object Repository/Выполнение бизнес-плана/Применить в фильтре ДЗО' is clicked on

25-11-2024T07:49:53 - [MESSAGE][PASSED] - Object: 'Object Repository/Выполнение бизнес-плана/Применить в фильтре ДЗО' is clicked on

25-11-2024T07:49:53 - [TEST_STEP][PASSED] - if (a == 82): null

25-11-2024T07:49:53 - [TEST_STEP][PASSED] - println(dzoNum): null

25-11-2024T07:49:53 - [TEST_STEP][PASSED] - dZO = "Россети Северо-Запад": null

25-11-2024T07:49:53 - [TEST_STEP][PASSED] - a = 36: null

25-11-2024T07:49:53 - [TEST_STEP][PASSED] - if (x1.contains(dZO)): null

25-11-2024T07:49:53 - [TEST_STEP][PASSED] - else: null

25-11-2024T07:49:53 - [TEST_STEP][PASSED] - Script1718980020443.NoData(a, typeOfData, todaysDate, fileInt, fileDouble, dZO): null

25-11-2024T07:49:53 - [TEST_STEP][PASSED] - println(a): null

25-11-2024T07:49:53 - [TEST_STEP][PASSED] - println(todaysDate): null

25-11-2024T07:49:53 - [TEST_STEP][PASSED] - println(fileInt): null

25-11-2024T07:49:53 - [TEST_STEP][PASSED] - println(fileDouble): null

25-11-2024T07:49:53 - [TEST_STEP][PASSED] - println(dZO): null

25-11-2024T07:49:53 - [TEST_STEP][PASSED] - typeOfData = "Факт Отпуск в сеть": null

25-11-2024T07:49:53 - [TEST_STEP][PASSED] - fileInt = replaceAll("\s+", "").toInteger(): null

25-11-2024T07:49:53 - [TEST_STEP][PASSED] - Script1718980020443.WriteToExcelNoData(a, typeOfData, todaysDate, fileInt, fileDouble, dZO): null

25-11-2024T07:49:53 - [TEST_STEP][PASSED] - sheetName = "Sheet1": null

25-11-2024T07:49:53 - [TEST_STEP][PASSED] - data = findTestData("PlanFact"): null

25-11-2024T07:49:53 - [TEST_STEP][PASSED] - n = data.getRowNumbers() + 1: null

25-11-2024T07:49:53 - [TEST_STEP][PASSED] - year = todaysDate.substring(todaysDate.length() - 4, todaysDate.length()): null

25-11-2024T07:49:53 - [TEST_STEP][PASSED] - y = year.toInteger(): null

25-11-2024T07:49:53 - [TEST_STEP][PASSED] - m = getText(findTestObject("Выполнение бизнес-плана/Период")): Text of object 'Object Repository/Выполнение бизнес-плана/Период' is: '1, 2, 3 кв. 2024 года'

25-11-2024T07:50:16 - [MESSAGE][PASSED] - Text of object 'Object Repository/Выполнение бизнес-плана/Период' is: '1, 2, 3 кв. 2024 года'

25-11-2024T07:50:16 - [TEST_STEP][PASSED] - m = m.substring(0, m.indexOf("2024")): null

25-11-2024T07:50:16 - [TEST_STEP][PASSED] - m = m.trim(): null

25-11-2024T07:50:16 - [TEST_STEP][PASSED] - dashboardName = "Выполнение бизнес-плана": null

25-11-2024T07:50:16 - [TEST_STEP][PASSED] - workbook01 = getWorkbook(excelFilePath): null

25-11-2024T07:50:16 - [TEST_STEP][PASSED] - sheet01 = getExcelSheet(workbook01, sheetName): null

25-11-2024T07:50:16 - [TEST_STEP][PASSED] - setValueToCellByIndex(sheet01, n, 0, dashboardName): null

25-11-2024T07:50:16 - [TEST_STEP][PASSED] - setValueToCellByIndex(sheet01, n, 1, dZO): null

25-11-2024T07:50:16 - [TEST_STEP][PASSED] - setValueToCellByIndex(sheet01, n, 2, typeOfData): null

25-11-2024T07:50:16 - [TEST_STEP][PASSED] - if (typeOfData == "Факт в процентах" || typeOfData == "План в процентах"): null

25-11-2024T07:50:16 - [TEST_STEP][PASSED] - else: null

25-11-2024T07:50:16 - [TEST_STEP][PASSED] - setValueToCellByIndex(sheet01, n, 3, fileInt): null

25-11-2024T07:50:16 - [TEST_STEP][PASSED] - setValueToCellByIndex(sheet01, n, 4, "нет данных"): null

25-11-2024T07:50:16 - [TEST_STEP][PASSED] - setValueToCellByIndex(sheet01, n, 5, m): null

25-11-2024T07:50:16 - [TEST_STEP][PASSED] - setValueToCellByIndex(sheet01, n, 6, y): null

25-11-2024T07:50:16 - [TEST_STEP][PASSED] - setValueToCellByIndex(sheet01, n, 7, todaysDate): null

25-11-2024T07:50:16 - [TEST_STEP][PASSED] - n = n + 1: null

25-11-2024T07:50:16 - [TEST_STEP][PASSED] - saveWorkbook(excelFilePath, workbook01): null

25-11-2024T07:50:16 - [TEST_STEP][PASSED] - typeOfData = "Факт Потери": null

25-11-2024T07:50:16 - [TEST_STEP][PASSED] - fileInt = replaceAll("\s+", "").toInteger(): null

25-11-2024T07:50:16 - [TEST_STEP][PASSED] - Script1718980020443.WriteToExcelNoData(a, typeOfData, todaysDate, fileInt, fileDouble, dZO): null

25-11-2024T07:50:16 - [TEST_STEP][PASSED] - sheetName = "Sheet1": null

25-11-2024T07:50:16 - [TEST_STEP][PASSED] - data = findTestData("PlanFact"): null

25-11-2024T07:50:16 - [TEST_STEP][PASSED] - n = data.getRowNumbers() + 1: null

25-11-2024T07:50:16 - [TEST_STEP][PASSED] - year = todaysDate.substring(todaysDate.length() - 4, todaysDate.length()): null

25-11-2024T07:50:16 - [TEST_STEP][PASSED] - y = year.toInteger(): null

25-11-2024T07:50:16 - [TEST_STEP][PASSED] - m = getText(findTestObject("Выполнение бизнес-плана/Период")): Text of object 'Object Repository/Выполнение бизнес-плана/Период' is: '1, 2, 3 кв. 2024 года'

25-11-2024T07:50:17 - [MESSAGE][PASSED] - Text of object 'Object Repository/Выполнение бизнес-плана/Период' is: '1, 2, 3 кв. 2024 года'

25-11-2024T07:50:17 - [TEST_STEP][PASSED] - m = m.substring(0, m.indexOf("2024")): null

25-11-2024T07:50:17 - [TEST_STEP][PASSED] - m = m.trim(): null

25-11-2024T07:50:17 - [TEST_STEP][PASSED] - dashboardName = "Выполнение бизнес-плана": null

25-11-2024T07:50:17 - [TEST_STEP][PASSED] - workbook01 = getWorkbook(excelFilePath): null

25-11-2024T07:50:17 - [TEST_STEP][PASSED] - sheet01 = getExcelSheet(workbook01, sheetName): null

25-11-2024T07:50:17 - [TEST_STEP][PASSED] - setValueToCellByIndex(sheet01, n, 0, dashboardName): null

25-11-2024T07:50:17 - [TEST_STEP][PASSED] - setValueToCellByIndex(sheet01, n, 1, dZO): null

25-11-2024T07:50:17 - [TEST_STEP][PASSED] - setValueToCellByIndex(sheet01, n, 2, typeOfData): null

25-11-2024T07:50:17 - [TEST_STEP][PASSED] - if (typeOfData == "Факт в процентах" || typeOfData == "План в процентах"): null

25-11-2024T07:50:17 - [TEST_STEP][PASSED] - else: null

25-11-2024T07:50:17 - [TEST_STEP][PASSED] - setValueToCellByIndex(sheet01, n, 3, fileInt): null

25-11-2024T07:50:17 - [TEST_STEP][PASSED] - setValueToCellByIndex(sheet01, n, 4, "нет данных"): null

25-11-2024T07:50:17 - [TEST_STEP][PASSED] - setValueToCellByIndex(sheet01, n, 5, m): null

25-11-2024T07:50:17 - [TEST_STEP][PASSED] - setValueToCellByIndex(sheet01, n, 6, y): null

25-11-2024T07:50:17 - [TEST_STEP][PASSED] - setValueToCellByIndex(sheet01, n, 7, todaysDate): null

25-11-2024T07:50:17 - [TEST_STEP][PASSED] - n = n + 1: null

25-11-2024T07:50:17 - [TEST_STEP][PASSED] - saveWorkbook(excelFilePath, workbook01): null

25-11-2024T07:50:17 - [TEST_STEP][PASSED] - typeOfData = "План Отпуск в сеть": null

25-11-2024T07:50:17 - [TEST_STEP][PASSED] - fileInt = replaceAll("\s+", "").toInteger(): null

25-11-2024T07:50:17 - [TEST_STEP][PASSED] - Script1718980020443.WriteToExcelNoData(a, typeOfData, todaysDate, fileInt, fileDouble, dZO): null

25-11-2024T07:50:17 - [TEST_STEP][PASSED] - sheetName = "Sheet1": null

25-11-2024T07:50:17 - [TEST_STEP][PASSED] - data = findTestData("PlanFact"): null

25-11-2024T07:50:17 - [TEST_STEP][PASSED] - n = data.getRowNumbers() + 1: null

25-11-2024T07:50:17 - [TEST_STEP][PASSED] - year = todaysDate.substring(todaysDate.length() - 4, todaysDate.length()): null

25-11-2024T07:50:17 - [TEST_STEP][PASSED] - y = year.toInteger(): null

25-11-2024T07:50:17 - [TEST_STEP][PASSED] - m = getText(findTestObject("Выполнение бизнес-плана/Период")): Text of object 'Object Repository/Выполнение бизнес-плана/Период' is: '1, 2, 3 кв. 2024 года'

25-11-2024T07:50:17 - [MESSAGE][PASSED] - Text of object 'Object Repository/Выполнение бизнес-плана/Период' is: '1, 2, 3 кв. 2024 года'

25-11-2024T07:50:17 - [TEST_STEP][PASSED] - m = m.substring(0, m.indexOf("2024")): null

25-11-2024T07:50:17 - [TEST_STEP][PASSED] - m = m.trim(): null

25-11-2024T07:50:17 - [TEST_STEP][PASSED] - dashboardName = "Выполнение бизнес-плана": null

25-11-2024T07:50:17 - [TEST_STEP][PASSED] - workbook01 = getWorkbook(excelFilePath): null

25-11-2024T07:50:17 - [TEST_STEP][PASSED] - sheet01 = getExcelSheet(workbook01, sheetName): null

25-11-2024T07:50:17 - [TEST_STEP][PASSED] - setValueToCellByIndex(sheet01, n, 0, dashboardName): null

25-11-2024T07:50:17 - [TEST_STEP][PASSED] - setValueToCellByIndex(sheet01, n, 1, dZO): null

25-11-2024T07:50:17 - [TEST_STEP][PASSED] - setValueToCellByIndex(sheet01, n, 2, typeOfData): null

25-11-2024T07:50:17 - [TEST_STEP][PASSED] - if (typeOfData == "Факт в процентах" || typeOfData == "План в процентах"): null

25-11-2024T07:50:17 - [TEST_STEP][PASSED] - else: null

25-11-2024T07:50:17 - [TEST_STEP][PASSED] - setValueToCellByIndex(sheet01, n, 3, fileInt): null

25-11-2024T07:50:17 - [TEST_STEP][PASSED] - setValueToCellByIndex(sheet01, n, 4, "нет данных"): null

25-11-2024T07:50:17 - [TEST_STEP][PASSED] - setValueToCellByIndex(sheet01, n, 5, m): null

25-11-2024T07:50:17 - [TEST_STEP][PASSED] - setValueToCellByIndex(sheet01, n, 6, y): null

25-11-2024T07:50:17 - [TEST_STEP][PASSED] - setValueToCellByIndex(sheet01, n, 7, todaysDate): null

25-11-2024T07:50:17 - [TEST_STEP][PASSED] - n = n + 1: null

25-11-2024T07:50:17 - [TEST_STEP][PASSED] - saveWorkbook(excelFilePath, workbook01): null

25-11-2024T07:50:18 - [TEST_STEP][PASSED] - typeOfData = "План Потери": null

25-11-2024T07:50:18 - [TEST_STEP][PASSED] - fileInt = replaceAll("\s+", "").toInteger(): null

25-11-2024T07:50:18 - [TEST_STEP][PASSED] - Script1718980020443.WriteToExcelNoData(a, typeOfData, todaysDate, fileInt, fileDouble, dZO): null

25-11-2024T07:50:18 - [TEST_STEP][PASSED] - sheetName = "Sheet1": null

25-11-2024T07:50:18 - [TEST_STEP][PASSED] - data = findTestData("PlanFact"): null

25-11-2024T07:50:18 - [TEST_STEP][PASSED] - n = data.getRowNumbers() + 1: null

25-11-2024T07:50:18 - [TEST_STEP][PASSED] - year = todaysDate.substring(todaysDate.length() - 4, todaysDate.length()): null

25-11-2024T07:50:18 - [TEST_STEP][PASSED] - y = year.toInteger(): null

25-11-2024T07:50:18 - [TEST_STEP][PASSED] - m = getText(findTestObject("Выполнение бизнес-плана/Период")): Text of object 'Object Repository/Выполнение бизнес-плана/Период' is: '1, 2, 3 кв. 2024 года'

25-11-2024T07:50:18 - [MESSAGE][PASSED] - Text of object 'Object Repository/Выполнение бизнес-плана/Период' is: '1, 2, 3 кв. 2024 года'

25-11-2024T07:50:18 - [TEST_STEP][PASSED] - m = m.substring(0, m.indexOf("2024")): null

25-11-2024T07:50:18 - [TEST_STEP][PASSED] - m = m.trim(): null

25-11-2024T07:50:18 - [TEST_STEP][PASSED] - dashboardName = "Выполнение бизнес-плана": null

25-11-2024T07:50:18 - [TEST_STEP][PASSED] - workbook01 = getWorkbook(excelFilePath): null

25-11-2024T07:50:18 - [TEST_STEP][PASSED] - sheet01 = getExcelSheet(workbook01, sheetName): null

25-11-2024T07:50:18 - [TEST_STEP][PASSED] - setValueToCellByIndex(sheet01, n, 0, dashboardName): null

25-11-2024T07:50:18 - [TEST_STEP][PASSED] - setValueToCellByIndex(sheet01, n, 1, dZO): null

25-11-2024T07:50:18 - [TEST_STEP][PASSED] - setValueToCellByIndex(sheet01, n, 2, typeOfData): null

25-11-2024T07:50:18 - [TEST_STEP][PASSED] - if (typeOfData == "Факт в процентах" || typeOfData == "План в процентах"): null

25-11-2024T07:50:18 - [TEST_STEP][PASSED] - else: null

25-11-2024T07:50:18 - [TEST_STEP][PASSED] - setValueToCellByIndex(sheet01, n, 3, fileInt): null

25-11-2024T07:50:18 - [TEST_STEP][PASSED] - setValueToCellByIndex(sheet01, n, 4, "нет данных"): null

25-11-2024T07:50:18 - [TEST_STEP][PASSED] - setValueToCellByIndex(sheet01, n, 5, m): null

25-11-2024T07:50:18 - [TEST_STEP][PASSED] - setValueToCellByIndex(sheet01, n, 6, y): null

25-11-2024T07:50:18 - [TEST_STEP][PASSED] - setValueToCellByIndex(sheet01, n, 7, todaysDate): null

25-11-2024T07:50:18 - [TEST_STEP][PASSED] - n = n + 1: null

25-11-2024T07:50:18 - [TEST_STEP][PASSED] - saveWorkbook(excelFilePath, workbook01): null

25-11-2024T07:50:18 - [TEST_STEP][PASSED] - typeOfData = "План в процентах": null

25-11-2024T07:50:18 - [TEST_STEP][PASSED] - fileDouble = ").toDouble(): null

25-11-2024T07:50:19 - [TEST_STEP][PASSED] - Script1718980020443.WriteToExcelNoData(a, typeOfData, todaysDate, fileInt, fileDouble, dZO): null

25-11-2024T07:50:19 - [TEST_STEP][PASSED] - sheetName = "Sheet1": null

25-11-2024T07:50:19 - [TEST_STEP][PASSED] - data = findTestData("PlanFact"): null

25-11-2024T07:50:19 - [TEST_STEP][PASSED] - n = data.getRowNumbers() + 1: null

25-11-2024T07:50:19 - [TEST_STEP][PASSED] - year = todaysDate.substring(todaysDate.length() - 4, todaysDate.length()): null

25-11-2024T07:50:19 - [TEST_STEP][PASSED] - y = year.toInteger(): null

25-11-2024T07:50:19 - [TEST_STEP][PASSED] - m = getText(findTestObject("Выполнение бизнес-плана/Период")): Text of object 'Object Repository/Выполнение бизнес-плана/Период' is: '1, 2, 3 кв. 2024 года'

25-11-2024T07:50:19 - [MESSAGE][PASSED] - Text of object 'Object Repository/Выполнение бизнес-плана/Период' is: '1, 2, 3 кв. 2024 года'

25-11-2024T07:50:19 - [TEST_STEP][PASSED] - m = m.substring(0, m.indexOf("2024")): null

25-11-2024T07:50:19 - [TEST_STEP][PASSED] - m = m.trim(): null

25-11-2024T07:50:19 - [TEST_STEP][PASSED] - dashboardName = "Выполнение бизнес-плана": null

25-11-2024T07:50:19 - [TEST_STEP][PASSED] - workbook01 = getWorkbook(excelFilePath): null

25-11-2024T07:50:19 - [TEST_STEP][PASSED] - sheet01 = getExcelSheet(workbook01, sheetName): null

25-11-2024T07:50:19 - [TEST_STEP][PASSED] - setValueToCellByIndex(sheet01, n, 0, dashboardName): null

25-11-2024T07:50:19 - [TEST_STEP][PASSED] - setValueToCellByIndex(sheet01, n, 1, dZO): null

25-11-2024T07:50:19 - [TEST_STEP][PASSED] - setValueToCellByIndex(sheet01, n, 2, typeOfData): null

25-11-2024T07:50:19 - [TEST_STEP][PASSED] - if (typeOfData == "Факт в процентах" || typeOfData == "План в процентах"): null

25-11-2024T07:50:19 - [TEST_STEP][PASSED] - setValueToCellByIndex(sheet01, n, 3, fileDouble): null

25-11-2024T07:50:19 - [TEST_STEP][PASSED] - setValueToCellByIndex(sheet01, n, 4, "нет данных"): null

25-11-2024T07:50:19 - [TEST_STEP][PASSED] - setValueToCellByIndex(sheet01, n, 5, m): null

25-11-2024T07:50:19 - [TEST_STEP][PASSED] - setValueToCellByIndex(sheet01, n, 6, y): null

25-11-2024T07:50:19 - [TEST_STEP][PASSED] - setValueToCellByIndex(sheet01, n, 7, todaysDate): null

25-11-2024T07:50:19 - [TEST_STEP][PASSED] - n = n + 1: null

25-11-2024T07:50:19 - [TEST_STEP][PASSED] - saveWorkbook(excelFilePath, workbook01): null

25-11-2024T07:50:19 - [TEST_STEP][PASSED] - typeOfData = "Факт в процентах": null

25-11-2024T07:50:19 - [TEST_STEP][PASSED] - fileDouble = ").toDouble(): null

25-11-2024T07:50:19 - [TEST_STEP][PASSED] - Script1718980020443.WriteToExcelNoData(a, typeOfData, todaysDate, fileInt, fileDouble, dZO): null

25-11-2024T07:50:19 - [TEST_STEP][PASSED] - sheetName = "Sheet1": null

25-11-2024T07:50:19 - [TEST_STEP][PASSED] - data = findTestData("PlanFact"): null

25-11-2024T07:50:19 - [TEST_STEP][PASSED] - n = data.getRowNumbers() + 1: null

25-11-2024T07:50:19 - [TEST_STEP][PASSED] - year = todaysDate.substring(todaysDate.length() - 4, todaysDate.length()): null

25-11-2024T07:50:19 - [TEST_STEP][PASSED] - y = year.toInteger(): null

25-11-2024T07:50:19 - [TEST_STEP][PASSED] - m = getText(findTestObject("Выполнение бизнес-плана/Период")): Text of object 'Object Repository/Выполнение бизнес-плана/Период' is: '1, 2, 3 кв. 2024 года'

25-11-2024T07:50:19 - [MESSAGE][PASSED] - Text of object 'Object Repository/Выполнение бизнес-плана/Период' is: '1, 2, 3 кв. 2024 года'

25-11-2024T07:50:19 - [TEST_STEP][PASSED] - m = m.substring(0, m.indexOf("2024")): null

25-11-2024T07:50:19 - [TEST_STEP][PASSED] - m = m.trim(): null

25-11-2024T07:50:19 - [TEST_STEP][PASSED] - dashboardName = "Выполнение бизнес-плана": null

25-11-2024T07:50:19 - [TEST_STEP][PASSED] - workbook01 = getWorkbook(excelFilePath): null

25-11-2024T07:50:20 - [TEST_STEP][PASSED] - sheet01 = getExcelSheet(workbook01, sheetName): null

25-11-2024T07:50:20 - [TEST_STEP][PASSED] - setValueToCellByIndex(sheet01, n, 0, dashboardName): null

25-11-2024T07:50:20 - [TEST_STEP][PASSED] - setValueToCellByIndex(sheet01, n, 1, dZO): null

25-11-2024T07:50:20 - [TEST_STEP][PASSED] - setValueToCellByIndex(sheet01, n, 2, typeOfData): null

25-11-2024T07:50:20 - [TEST_STEP][PASSED] - if (typeOfData == "Факт в процентах" || typeOfData == "План в процентах"): null

25-11-2024T07:50:20 - [TEST_STEP][PASSED] - setValueToCellByIndex(sheet01, n, 3, fileDouble): null

25-11-2024T07:50:20 - [TEST_STEP][PASSED] - setValueToCellByIndex(sheet01, n, 4, "нет данных"): null

25-11-2024T07:50:20 - [TEST_STEP][PASSED] - setValueToCellByIndex(sheet01, n, 5, m): null

25-11-2024T07:50:20 - [TEST_STEP][PASSED] - setValueToCellByIndex(sheet01, n, 6, y): null

25-11-2024T07:50:20 - [TEST_STEP][PASSED] - setValueToCellByIndex(sheet01, n, 7, todaysDate): null

25-11-2024T07:50:20 - [TEST_STEP][PASSED] - n = n + 1: null

25-11-2024T07:50:20 - [TEST_STEP][PASSED] - saveWorkbook(excelFilePath, workbook01): null

25-11-2024T07:50:20 - [TEST_STEP][PASSED] - println(dzoNum): null

25-11-2024T07:50:20 - [TEST_STEP][PASSED] - dZO = "Россети Сибирь": null

25-11-2024T07:50:20 - [TEST_STEP][PASSED] - a = 44: null

25-11-2024T07:50:20 - [TEST_STEP][PASSED] - if (x1.contains(dZO)): null

25-11-2024T07:50:20 - [TEST_STEP][PASSED] - dzoNum = dzoNum + 1: null

25-11-2024T07:50:20 - [TEST_STEP][PASSED] - Script1718980020443.Numbers(a, typeOfData, todaysDate, pageInt, fileInt, pageDouble, fileDouble, dZO, dzoNum, filialNum): null

25-11-2024T07:50:20 - [TEST_STEP][PASSED] - println(dzoNum): null

25-11-2024T07:50:20 - [TEST_STEP][PASSED] - planFact = <not implemented yet for class: org.codehaus.groovy.ast.expr.EmptyExpression>: null

25-11-2024T07:50:20 - [TEST_STEP][PASSED] - page = <not implemented yet for class: org.codehaus.groovy.ast.expr.EmptyExpression>: null

25-11-2024T07:50:20 - [TEST_STEP][PASSED] - page1 = <not implemented yet for class: org.codehaus.groovy.ast.expr.EmptyExpression>: null

25-11-2024T07:50:20 - [TEST_STEP][PASSED] - page2 = <not implemented yet for class: org.codehaus.groovy.ast.expr.EmptyExpression>: null

25-11-2024T07:50:20 - [TEST_STEP][PASSED] - filialNumberInRow = <not implemented yet for class: org.codehaus.groovy.ast.expr.EmptyExpression>: null

25-11-2024T07:50:20 - [TEST_STEP][PASSED] - filialsDzoNames = <not implemented yet for class: org.codehaus.groovy.ast.expr.EmptyExpression>: null

25-11-2024T07:50:20 - [TEST_STEP][PASSED] - numberOfFilials = <not implemented yet for class: org.codehaus.groovy.ast.expr.EmptyExpression>: null

25-11-2024T07:50:20 - [TEST_STEP][PASSED] - numberOfSpaces = <not implemented yet for class: org.codehaus.groovy.ast.expr.EmptyExpression>: null

25-11-2024T07:50:20 - [TEST_STEP][PASSED] - file = <not implemented yet for class: org.codehaus.groovy.ast.expr.EmptyExpression>: null

25-11-2024T07:50:20 - [TEST_STEP][PASSED] - otpusk = <not implemented yet for class: org.codehaus.groovy.ast.expr.EmptyExpression>: null

25-11-2024T07:50:20 - [TEST_STEP][PASSED] - poteri = <not implemented yet for class: org.codehaus.groovy.ast.expr.EmptyExpression>: null

25-11-2024T07:50:20 - [TEST_STEP][PASSED] - dataFolder = "Выполнение бизнес-плана/Значения со страницы Выполнение бизнес-плана/": null

25-11-2024T07:50:20 - [TEST_STEP][PASSED] - path = <not implemented yet for class: org.codehaus.groovy.ast.expr.EmptyExpression>: null

25-11-2024T07:50:20 - [TEST_STEP][PASSED] - typeOfDataMain = <not implemented yet for class: org.codehaus.groovy.ast.expr.EmptyExpression>: null

25-11-2024T07:50:20 - [TEST_STEP][PASSED] - fileOtpuskVSet = <not implemented yet for class: org.codehaus.groovy.ast.expr.EmptyExpression>: null

25-11-2024T07:50:20 - [TEST_STEP][PASSED] - pageOtpuskVSet = <not implemented yet for class: org.codehaus.groovy.ast.expr.EmptyExpression>: null

25-11-2024T07:50:20 - [TEST_STEP][PASSED] - filePoteri = <not implemented yet for class: org.codehaus.groovy.ast.expr.EmptyExpression>: null

25-11-2024T07:50:20 - [TEST_STEP][PASSED] - pagePoteri = <not implemented yet for class: org.codehaus.groovy.ast.expr.EmptyExpression>: null

25-11-2024T07:50:20 - [TEST_STEP][PASSED] - compare = <not implemented yet for class: org.codehaus.groovy.ast.expr.EmptyExpression>: null

25-11-2024T07:50:20 - [TEST_STEP][PASSED] - b = <not implemented yet for class: org.codehaus.groovy.ast.expr.EmptyExpression>: null

25-11-2024T07:50:20 - [TEST_STEP][PASSED] - i = <not implemented yet for class: org.codehaus.groovy.ast.expr.EmptyExpression>: null

25-11-2024T07:50:20 - [TEST_STEP][PASSED] - ii = <not implemented yet for class: org.codehaus.groovy.ast.expr.EmptyExpression>: null

25-11-2024T07:50:20 - [TEST_STEP][PASSED] - c = <not implemented yet for class: org.codehaus.groovy.ast.expr.EmptyExpression>: null

25-11-2024T07:50:20 - [TEST_STEP][PASSED] - numberOfErrors = 0: null

25-11-2024T07:50:20 - [TEST_STEP][PASSED] - if (a == 82): null

25-11-2024T07:50:20 - [TEST_STEP][PASSED] - b = findTestData("PlanFact").getValue(1, a): null

25-11-2024T07:50:20 - [TEST_STEP][PASSED] - i = b.indexOf(" (ГК)"): null

25-11-2024T07:50:20 - [TEST_STEP][PASSED] - if (i > -1): null

25-11-2024T07:50:20 - [TEST_STEP][PASSED] - i = b.indexOf("О ""): null

25-11-2024T07:50:20 - [TEST_STEP][PASSED] - if (i > -1): null

25-11-2024T07:50:20 - [TEST_STEP][PASSED] - i = b.indexOf("О «"): null

25-11-2024T07:50:20 - [TEST_STEP][PASSED] - if (i > -1): null

25-11-2024T07:50:20 - [TEST_STEP][PASSED] - i = b.indexOf("г. "): null

25-11-2024T07:50:20 - [TEST_STEP][PASSED] - if (i > -1): null

25-11-2024T07:50:20 - [TEST_STEP][PASSED] - println(b): null

25-11-2024T07:50:20 - [TEST_STEP][PASSED] - for ([planFact = 1, planFact < 3, (planFact++)]): null

25-11-2024T07:50:20 - [TEST_STEP][PASSED] - if (planFact == 1): null

25-11-2024T07:50:20 - [TEST_STEP][PASSED] - typeOfDataMain = "Факт": null

25-11-2024T07:50:20 - [TEST_STEP][PASSED] - otpusk = findTestData("PlanFact").getValue(5, a): null

25-11-2024T07:50:20 - [TEST_STEP][PASSED] - poteri = findTestData("PlanFact").getValue(6, a): null

25-11-2024T07:50:20 - [TEST_STEP][PASSED] - otpusk = otpusk.replaceAll("\s+", ""): null

25-11-2024T07:50:20 - [TEST_STEP][PASSED] - poteri = poteri.replaceAll("\s+", ""): null

25-11-2024T07:50:20 - [TEST_STEP][PASSED] - typeOfData = typeOfDataMain + " Отпуск в сеть": null

25-11-2024T07:50:20 - [TEST_STEP][PASSED] - if (a == 82): null

25-11-2024T07:50:20 - [TEST_STEP][PASSED] - else if (a == 84): null

25-11-2024T07:50:20 - [TEST_STEP][PASSED] - else if (a == 52 || a == 72 || a == 28 || a == 73 || a == 77 || a == 74 || a == 65 || a == 36 || a == 44 || a == 53 || a == 80 || a == 54 || a == 1 || a == 18 || a == 59 || a == 81): null

25-11-2024T07:50:20 - [TEST_STEP][PASSED] - path = dataFolder + "Table Data/" + typeOfData + " за отчётный период " + dzoNum: null

25-11-2024T07:50:20 - [TEST_STEP][PASSED] - println(path): null

25-11-2024T07:50:20 - [TEST_STEP][PASSED] - page = getText(findTestObject(path)): Text of object 'Object Repository/Выполнение бизнес-плана/Значения со страницы Выполнение бизнес-плана/Table Data/Факт Отпуск в сеть за отчётный период 4' is: '46 928 172'

25-11-2024T07:50:20 - [MESSAGE][PASSED] - Text of object 'Object Repository/Выполнение бизнес-плана/Значения со страницы Выполнение бизнес-плана/Table Data/Факт Отпуск в сеть за отчётный период 4' is: '46 928 172'

25-11-2024T07:50:20 - [TEST_STEP][PASSED] - page = page.replaceAll("\s+", ""): null

25-11-2024T07:50:20 - [TEST_STEP][PASSED] - fileOtpuskVSet = otpusk.toInteger(): null

25-11-2024T07:50:20 - [TEST_STEP][PASSED] - pageOtpuskVSet = page.toInteger(): null

25-11-2024T07:50:20 - [TEST_STEP][PASSED] - typeOfData = typeOfDataMain + " Потери": null

25-11-2024T07:50:20 - [TEST_STEP][PASSED] - if (a == 82): null

25-11-2024T07:50:20 - [TEST_STEP][PASSED] - else if (a == 84): null

25-11-2024T07:50:20 - [TEST_STEP][PASSED] - else if (a == 52 || a == 72 || a == 28 || a == 73 || a == 77 || a == 74 || a == 65 || a == 36 || a == 44 || a == 53 || a == 80 || a == 54 || a == 1 || a == 18 || a == 59 || a == 81): null

25-11-2024T07:50:20 - [TEST_STEP][PASSED] - path = dataFolder + "Table Data/" + typeOfData + " за отчётный период " + dzoNum: null

25-11-2024T07:50:20 - [TEST_STEP][PASSED] - page = getText(findTestObject(path)): Text of object 'Object Repository/Выполнение бизнес-плана/Значения со страницы Выполнение бизнес-плана/Table Data/Факт Потери за отчётный период 4' is: '3 249 406'

25-11-2024T07:50:21 - [MESSAGE][PASSED] - Text of object 'Object Repository/Выполнение бизнес-плана/Значения со страницы Выполнение бизнес-плана/Table Data/Факт Потери за отчётный период 4' is: '3 249 406'

25-11-2024T07:50:21 - [TEST_STEP][PASSED] - page = page.replaceAll("\s+", ""): null

25-11-2024T07:50:21 - [TEST_STEP][PASSED] - filePoteri = poteri.toInteger(): null

25-11-2024T07:50:21 - [TEST_STEP][PASSED] - pagePoteri = page.toInteger(): null

25-11-2024T07:50:21 - [TEST_STEP][PASSED] - compare = pageOtpuskVSet: null

25-11-2024T07:50:21 - [TEST_STEP][PASSED] - if (compare == fileOtpuskVSet): null

25-11-2024T07:50:21 - [TEST_STEP][PASSED] - else if (compare > fileOtpuskVSet): null

25-11-2024T07:50:21 - [TEST_STEP][PASSED] - compare = compare - 1: null

25-11-2024T07:50:21 - [TEST_STEP][PASSED] - if (compare == fileOtpuskVSet): null

25-11-2024T07:50:21 - [TEST_STEP][PASSED] - else: null

25-11-2024T07:50:21 - [TEST_STEP][PASSED] - numberOfErrors = numberOfErrors + 1: null

25-11-2024T07:50:21 - [TEST_STEP][PASSED] - pageInt = pageOtpuskVSet: null

25-11-2024T07:50:21 - [TEST_STEP][PASSED] - fileInt = fileOtpuskVSet: null

25-11-2024T07:50:21 - [TEST_STEP][PASSED] - typeOfData = typeOfDataMain + " Отпуск в сеть": null

25-11-2024T07:50:21 - [TEST_STEP][PASSED] - Script1718980020443.WriteToExcel(a, typeOfData, todaysDate, pageInt, fileInt, pageDouble, fileDouble, dZO): null

25-11-2024T07:50:21 - [TEST_STEP][PASSED] - sheetName = "Sheet1": null

25-11-2024T07:50:21 - [TEST_STEP][PASSED] - data = findTestData("PlanFact"): null

25-11-2024T07:50:21 - [TEST_STEP][PASSED] - n = data.getRowNumbers() + 1: null

25-11-2024T07:50:21 - [TEST_STEP][PASSED] - year = todaysDate.substring(todaysDate.length() - 4, todaysDate.length()): null

25-11-2024T07:50:21 - [TEST_STEP][PASSED] - y = year.toInteger(): null

25-11-2024T07:50:21 - [TEST_STEP][PASSED] - m = getText(findTestObject("Выполнение бизнес-плана/Период")): Text of object 'Object Repository/Выполнение бизнес-плана/Период' is: '1, 2, 3 кв. 2024 года'

25-11-2024T07:50:21 - [MESSAGE][PASSED] - Text of object 'Object Repository/Выполнение бизнес-плана/Период' is: '1, 2, 3 кв. 2024 года'

25-11-2024T07:50:21 - [TEST_STEP][PASSED] - m = m.substring(0, m.indexOf("2024")): null

25-11-2024T07:50:21 - [TEST_STEP][PASSED] - m = m.trim(): null

25-11-2024T07:50:21 - [TEST_STEP][PASSED] - dashboardName = "Выполнение бизнес-плана": null

25-11-2024T07:50:21 - [TEST_STEP][PASSED] - workbook01 = getWorkbook(excelFilePath): null

25-11-2024T07:50:21 - [TEST_STEP][PASSED] - sheet01 = getExcelSheet(workbook01, sheetName): null

25-11-2024T07:50:21 - [TEST_STEP][PASSED] - setValueToCellByIndex(sheet01, n, 0, dashboardName): null

25-11-2024T07:50:21 - [TEST_STEP][PASSED] - setValueToCellByIndex(sheet01, n, 1, dZO): null

25-11-2024T07:50:21 - [TEST_STEP][PASSED] - setValueToCellByIndex(sheet01, n, 2, typeOfData): null

25-11-2024T07:50:21 - [TEST_STEP][PASSED] - if (typeOfData == "Факт в процентах" || typeOfData == "План в процентах"): null

25-11-2024T07:50:21 - [TEST_STEP][PASSED] - else: null

25-11-2024T07:50:21 - [TEST_STEP][PASSED] - setValueToCellByIndex(sheet01, n, 3, fileInt): null

25-11-2024T07:50:21 - [TEST_STEP][PASSED] - setValueToCellByIndex(sheet01, n, 4, pageInt): null

25-11-2024T07:50:21 - [TEST_STEP][PASSED] - setValueToCellByIndex(sheet01, n, 5, m): null

25-11-2024T07:50:21 - [TEST_STEP][PASSED] - setValueToCellByIndex(sheet01, n, 6, y): null

25-11-2024T07:50:21 - [TEST_STEP][PASSED] - setValueToCellByIndex(sheet01, n, 7, todaysDate): null

25-11-2024T07:50:21 - [TEST_STEP][PASSED] - n = n + 1: null

25-11-2024T07:50:21 - [TEST_STEP][PASSED] - saveWorkbook(excelFilePath, workbook01): null

25-11-2024T07:50:21 - [TEST_STEP][PASSED] - compare = pagePoteri: null

25-11-2024T07:50:21 - [TEST_STEP][PASSED] - if (compare == filePoteri): null

25-11-2024T07:50:21 - [TEST_STEP][PASSED] - else if (compare > filePoteri): null

25-11-2024T07:50:21 - [TEST_STEP][PASSED] - compare = compare - 1: null

25-11-2024T07:50:21 - [TEST_STEP][PASSED] - if (compare == filePoteri): null

25-11-2024T07:50:21 - [TEST_STEP][PASSED] - else: null

25-11-2024T07:50:21 - [TEST_STEP][PASSED] - numberOfErrors = numberOfErrors + 1: null

25-11-2024T07:50:21 - [TEST_STEP][PASSED] - pageInt = pagePoteri: null

25-11-2024T07:50:21 - [TEST_STEP][PASSED] - fileInt = filePoteri: null

25-11-2024T07:50:21 - [TEST_STEP][PASSED] - typeOfData = typeOfDataMain + " Потери": null

25-11-2024T07:50:21 - [TEST_STEP][PASSED] - Script1718980020443.WriteToExcel(a, typeOfData, todaysDate, pageInt, fileInt, pageDouble, fileDouble, dZO): null

25-11-2024T07:50:21 - [TEST_STEP][PASSED] - sheetName = "Sheet1": null

25-11-2024T07:50:21 - [TEST_STEP][PASSED] - data = findTestData("PlanFact"): null

25-11-2024T07:50:21 - [TEST_STEP][PASSED] - n = data.getRowNumbers() + 1: null

25-11-2024T07:50:21 - [TEST_STEP][PASSED] - year = todaysDate.substring(todaysDate.length() - 4, todaysDate.length()): null

25-11-2024T07:50:21 - [TEST_STEP][PASSED] - y = year.toInteger(): null

25-11-2024T07:50:21 - [TEST_STEP][PASSED] - m = getText(findTestObject("Выполнение бизнес-плана/Период")): Text of object 'Object Repository/Выполнение бизнес-плана/Период' is: '1, 2, 3 кв. 2024 года'

25-11-2024T07:50:22 - [MESSAGE][PASSED] - Text of object 'Object Repository/Выполнение бизнес-плана/Период' is: '1, 2, 3 кв. 2024 года'

25-11-2024T07:50:22 - [TEST_STEP][PASSED] - m = m.substring(0, m.indexOf("2024")): null

25-11-2024T07:50:22 - [TEST_STEP][PASSED] - m = m.trim(): null

25-11-2024T07:50:22 - [TEST_STEP][PASSED] - dashboardName = "Выполнение бизнес-плана": null

25-11-2024T07:50:22 - [TEST_STEP][PASSED] - workbook01 = getWorkbook(excelFilePath): null

25-11-2024T07:50:22 - [TEST_STEP][PASSED] - sheet01 = getExcelSheet(workbook01, sheetName): null

25-11-2024T07:50:22 - [TEST_STEP][PASSED] - setValueToCellByIndex(sheet01, n, 0, dashboardName): null

25-11-2024T07:50:22 - [TEST_STEP][PASSED] - setValueToCellByIndex(sheet01, n, 1, dZO): null

25-11-2024T07:50:22 - [TEST_STEP][PASSED] - setValueToCellByIndex(sheet01, n, 2, typeOfData): null

25-11-2024T07:50:22 - [TEST_STEP][PASSED] - if (typeOfData == "Факт в процентах" || typeOfData == "План в процентах"): null

25-11-2024T07:50:22 - [TEST_STEP][PASSED] - else: null

25-11-2024T07:50:22 - [TEST_STEP][PASSED] - setValueToCellByIndex(sheet01, n, 3, fileInt): null

25-11-2024T07:50:22 - [TEST_STEP][PASSED] - setValueToCellByIndex(sheet01, n, 4, pageInt): null

25-11-2024T07:50:22 - [TEST_STEP][PASSED] - setValueToCellByIndex(sheet01, n, 5, m): null

25-11-2024T07:50:22 - [TEST_STEP][PASSED] - setValueToCellByIndex(sheet01, n, 6, y): null

25-11-2024T07:50:22 - [TEST_STEP][PASSED] - setValueToCellByIndex(sheet01, n, 7, todaysDate): null

25-11-2024T07:50:22 - [TEST_STEP][PASSED] - n = n + 1: null

25-11-2024T07:50:22 - [TEST_STEP][PASSED] - saveWorkbook(excelFilePath, workbook01): null

25-11-2024T07:50:22 - [TEST_STEP][PASSED] - if (planFact == 2): null

25-11-2024T07:50:22 - [TEST_STEP][PASSED] - if (planFact == 1): null

25-11-2024T07:50:22 - [TEST_STEP][PASSED] - else if (planFact == 2): null

25-11-2024T07:50:22 - [TEST_STEP][PASSED] - click(findTestObject("Выполнение бизнес-плана/Кнопка План")): Object: 'Object Repository/Выполнение бизнес-плана/Кнопка План' is clicked on

25-11-2024T07:50:22 - [MESSAGE][PASSED] - Object: 'Object Repository/Выполнение бизнес-плана/Кнопка План' is clicked on

25-11-2024T07:50:22 - [TEST_STEP][PASSED] - typeOfDataMain = "План": null

25-11-2024T07:50:22 - [TEST_STEP][PASSED] - otpusk = findTestData("PlanFact").getValue(2, a): null

25-11-2024T07:50:22 - [TEST_STEP][PASSED] - poteri = findTestData("PlanFact").getValue(3, a): null

25-11-2024T07:50:22 - [TEST_STEP][PASSED] - otpusk = otpusk.replaceAll("\s+", ""): null

25-11-2024T07:50:22 - [TEST_STEP][PASSED] - poteri = poteri.replaceAll("\s+", ""): null

25-11-2024T07:50:22 - [TEST_STEP][PASSED] - typeOfData = typeOfDataMain + " Отпуск в сеть": null

25-11-2024T07:50:22 - [TEST_STEP][PASSED] - if (a == 82): null

25-11-2024T07:50:22 - [TEST_STEP][PASSED] - else if (a == 84): null

25-11-2024T07:50:22 - [TEST_STEP][PASSED] - else if (a == 52 || a == 72 || a == 28 || a == 73 || a == 77 || a == 74 || a == 65 || a == 36 || a == 44 || a == 53 || a == 80 || a == 54 || a == 1 || a == 18 || a == 59 || a == 81): null

25-11-2024T07:50:22 - [TEST_STEP][PASSED] - path = dataFolder + "Table Data/" + typeOfData + " за отчётный период " + dzoNum: null

25-11-2024T07:50:22 - [TEST_STEP][PASSED] - println(path): null

25-11-2024T07:50:22 - [TEST_STEP][PASSED] - page = getText(findTestObject(path)): Text of object 'Object Repository/Выполнение бизнес-плана/Значения со страницы Выполнение бизнес-плана/Table Data/План Отпуск в сеть за отчётный период 4' is: '44 875 501'

25-11-2024T07:50:23 - [MESSAGE][PASSED] - Text of object 'Object Repository/Выполнение бизнес-плана/Значения со страницы Выполнение бизнес-плана/Table Data/План Отпуск в сеть за отчётный период 4' is: '44 875 501'

25-11-2024T07:50:23 - [TEST_STEP][PASSED] - page = page.replaceAll("\s+", ""): null

25-11-2024T07:50:23 - [TEST_STEP][PASSED] - fileOtpuskVSet = otpusk.toInteger(): null

25-11-2024T07:50:23 - [TEST_STEP][PASSED] - pageOtpuskVSet = page.toInteger(): null

25-11-2024T07:50:23 - [TEST_STEP][PASSED] - typeOfData = typeOfDataMain + " Потери": null

25-11-2024T07:50:23 - [TEST_STEP][PASSED] - if (a == 82): null

25-11-2024T07:50:23 - [TEST_STEP][PASSED] - else if (a == 84): null

25-11-2024T07:50:23 - [TEST_STEP][PASSED] - else if (a == 52 || a == 72 || a == 28 || a == 73 || a == 77 || a == 74 || a == 65 || a == 36 || a == 44 || a == 53 || a == 80 || a == 54 || a == 1 || a == 18 || a == 59 || a == 81): null

25-11-2024T07:50:23 - [TEST_STEP][PASSED] - path = dataFolder + "Table Data/" + typeOfData + " за отчётный период " + dzoNum: null

25-11-2024T07:50:23 - [TEST_STEP][PASSED] - page = getText(findTestObject(path)): Text of object 'Object Repository/Выполнение бизнес-плана/Значения со страницы Выполнение бизнес-плана/Table Data/План Потери за отчётный период 4' is: '3 128 610'

25-11-2024T07:50:23 - [MESSAGE][PASSED] - Text of object 'Object Repository/Выполнение бизнес-плана/Значения со страницы Выполнение бизнес-плана/Table Data/План Потери за отчётный период 4' is: '3 128 610'

25-11-2024T07:50:23 - [TEST_STEP][PASSED] - page = page.replaceAll("\s+", ""): null

25-11-2024T07:50:23 - [TEST_STEP][PASSED] - filePoteri = poteri.toInteger(): null

25-11-2024T07:50:23 - [TEST_STEP][PASSED] - pagePoteri = page.toInteger(): null

25-11-2024T07:50:23 - [TEST_STEP][PASSED] - compare = pageOtpuskVSet: null

25-11-2024T07:50:23 - [TEST_STEP][PASSED] - if (compare == fileOtpuskVSet): null

25-11-2024T07:50:23 - [TEST_STEP][PASSED] - else if (compare > fileOtpuskVSet): null

25-11-2024T07:50:23 - [TEST_STEP][PASSED] - compare = compare - 1: null

25-11-2024T07:50:23 - [TEST_STEP][PASSED] - if (compare == fileOtpuskVSet): null

25-11-2024T07:50:23 - [TEST_STEP][PASSED] - else: null

25-11-2024T07:50:23 - [TEST_STEP][PASSED] - numberOfErrors = numberOfErrors + 1: null

25-11-2024T07:50:23 - [TEST_STEP][PASSED] - pageInt = pageOtpuskVSet: null

25-11-2024T07:50:23 - [TEST_STEP][PASSED] - fileInt = fileOtpuskVSet: null

25-11-2024T07:50:23 - [TEST_STEP][PASSED] - typeOfData = typeOfDataMain + " Отпуск в сеть": null

25-11-2024T07:50:23 - [TEST_STEP][PASSED] - Script1718980020443.WriteToExcel(a, typeOfData, todaysDate, pageInt, fileInt, pageDouble, fileDouble, dZO): null

25-11-2024T07:50:23 - [TEST_STEP][PASSED] - sheetName = "Sheet1": null

25-11-2024T07:50:23 - [TEST_STEP][PASSED] - data = findTestData("PlanFact"): null

25-11-2024T07:50:23 - [TEST_STEP][PASSED] - n = data.getRowNumbers() + 1: null

25-11-2024T07:50:23 - [TEST_STEP][PASSED] - year = todaysDate.substring(todaysDate.length() - 4, todaysDate.length()): null

25-11-2024T07:50:23 - [TEST_STEP][PASSED] - y = year.toInteger(): null

25-11-2024T07:50:23 - [TEST_STEP][PASSED] - m = getText(findTestObject("Выполнение бизнес-плана/Период")): Text of object 'Object Repository/Выполнение бизнес-плана/Период' is: '1, 2, 3 кв. 2024 года'

25-11-2024T07:50:23 - [MESSAGE][PASSED] - Text of object 'Object Repository/Выполнение бизнес-плана/Период' is: '1, 2, 3 кв. 2024 года'

25-11-2024T07:50:23 - [TEST_STEP][PASSED] - m = m.substring(0, m.indexOf("2024")): null

25-11-2024T07:50:23 - [TEST_STEP][PASSED] - m = m.trim(): null

25-11-2024T07:50:23 - [TEST_STEP][PASSED] - dashboardName = "Выполнение бизнес-плана": null

25-11-2024T07:50:23 - [TEST_STEP][PASSED] - workbook01 = getWorkbook(excelFilePath): null

25-11-2024T07:50:23 - [TEST_STEP][PASSED] - sheet01 = getExcelSheet(workbook01, sheetName): null

25-11-2024T07:50:23 - [TEST_STEP][PASSED] - setValueToCellByIndex(sheet01, n, 0, dashboardName): null

25-11-2024T07:50:23 - [TEST_STEP][PASSED] - setValueToCellByIndex(sheet01, n, 1, dZO): null

25-11-2024T07:50:23 - [TEST_STEP][PASSED] - setValueToCellByIndex(sheet01, n, 2, typeOfData): null

25-11-2024T07:50:23 - [TEST_STEP][PASSED] - if (typeOfData == "Факт в процентах" || typeOfData == "План в процентах"): null

25-11-2024T07:50:23 - [TEST_STEP][PASSED] - else: null

25-11-2024T07:50:23 - [TEST_STEP][PASSED] - setValueToCellByIndex(sheet01, n, 3, fileInt): null

25-11-2024T07:50:23 - [TEST_STEP][PASSED] - setValueToCellByIndex(sheet01, n, 4, pageInt): null

25-11-2024T07:50:23 - [TEST_STEP][PASSED] - setValueToCellByIndex(sheet01, n, 5, m): null

25-11-2024T07:50:23 - [TEST_STEP][PASSED] - setValueToCellByIndex(sheet01, n, 6, y): null

25-11-2024T07:50:23 - [TEST_STEP][PASSED] - setValueToCellByIndex(sheet01, n, 7, todaysDate): null

25-11-2024T07:50:23 - [TEST_STEP][PASSED] - n = n + 1: null

25-11-2024T07:50:23 - [TEST_STEP][PASSED] - saveWorkbook(excelFilePath, workbook01): null

25-11-2024T07:50:23 - [TEST_STEP][PASSED] - compare = pagePoteri: null

25-11-2024T07:50:23 - [TEST_STEP][PASSED] - if (compare == filePoteri): null

25-11-2024T07:50:23 - [TEST_STEP][PASSED] - else if (compare > filePoteri): null

25-11-2024T07:50:23 - [TEST_STEP][PASSED] - compare = compare - 1: null

25-11-2024T07:50:23 - [TEST_STEP][PASSED] - if (compare == filePoteri): null

25-11-2024T07:50:23 - [TEST_STEP][PASSED] - else: null

25-11-2024T07:50:23 - [TEST_STEP][PASSED] - numberOfErrors = numberOfErrors + 1: null

25-11-2024T07:50:23 - [TEST_STEP][PASSED] - pageInt = pagePoteri: null

25-11-2024T07:50:23 - [TEST_STEP][PASSED] - fileInt = filePoteri: null

25-11-2024T07:50:23 - [TEST_STEP][PASSED] - typeOfData = typeOfDataMain + " Потери": null

25-11-2024T07:50:23 - [TEST_STEP][PASSED] - Script1718980020443.WriteToExcel(a, typeOfData, todaysDate, pageInt, fileInt, pageDouble, fileDouble, dZO): null

25-11-2024T07:50:23 - [TEST_STEP][PASSED] - sheetName = "Sheet1": null

25-11-2024T07:50:23 - [TEST_STEP][PASSED] - data = findTestData("PlanFact"): null

25-11-2024T07:50:24 - [TEST_STEP][PASSED] - n = data.getRowNumbers() + 1: null

25-11-2024T07:50:24 - [TEST_STEP][PASSED] - year = todaysDate.substring(todaysDate.length() - 4, todaysDate.length()): null

25-11-2024T07:50:24 - [TEST_STEP][PASSED] - y = year.toInteger(): null

25-11-2024T07:50:24 - [TEST_STEP][PASSED] - m = getText(findTestObject("Выполнение бизнес-плана/Период")): Text of object 'Object Repository/Выполнение бизнес-плана/Период' is: '1, 2, 3 кв. 2024 года'

25-11-2024T07:50:24 - [MESSAGE][PASSED] - Text of object 'Object Repository/Выполнение бизнес-плана/Период' is: '1, 2, 3 кв. 2024 года'

25-11-2024T07:50:24 - [TEST_STEP][PASSED] - m = m.substring(0, m.indexOf("2024")): null

25-11-2024T07:50:24 - [TEST_STEP][PASSED] - m = m.trim(): null

25-11-2024T07:50:24 - [TEST_STEP][PASSED] - dashboardName = "Выполнение бизнес-плана": null

25-11-2024T07:50:24 - [TEST_STEP][PASSED] - workbook01 = getWorkbook(excelFilePath): null

25-11-2024T07:50:24 - [TEST_STEP][PASSED] - sheet01 = getExcelSheet(workbook01, sheetName): null

25-11-2024T07:50:24 - [TEST_STEP][PASSED] - setValueToCellByIndex(sheet01, n, 0, dashboardName): null

25-11-2024T07:50:24 - [TEST_STEP][PASSED] - setValueToCellByIndex(sheet01, n, 1, dZO): null

25-11-2024T07:50:24 - [TEST_STEP][PASSED] - setValueToCellByIndex(sheet01, n, 2, typeOfData): null

25-11-2024T07:50:24 - [TEST_STEP][PASSED] - if (typeOfData == "Факт в процентах" || typeOfData == "План в процентах"): null

25-11-2024T07:50:24 - [TEST_STEP][PASSED] - else: null

25-11-2024T07:50:24 - [TEST_STEP][PASSED] - setValueToCellByIndex(sheet01, n, 3, fileInt): null

25-11-2024T07:50:24 - [TEST_STEP][PASSED] - setValueToCellByIndex(sheet01, n, 4, pageInt): null

25-11-2024T07:50:24 - [TEST_STEP][PASSED] - setValueToCellByIndex(sheet01, n, 5, m): null

25-11-2024T07:50:24 - [TEST_STEP][PASSED] - setValueToCellByIndex(sheet01, n, 6, y): null

25-11-2024T07:50:24 - [TEST_STEP][PASSED] - setValueToCellByIndex(sheet01, n, 7, todaysDate): null

25-11-2024T07:50:24 - [TEST_STEP][PASSED] - n = n + 1: null

25-11-2024T07:50:24 - [TEST_STEP][PASSED] - saveWorkbook(excelFilePath, workbook01): Object: 'Object Repository/Выполнение бизнес-плана/Кнопка Факт' is clicked on

25-11-2024T07:50:24 - [TEST_STEP][PASSED] - if (planFact == 2): Object: 'Object Repository/Выполнение бизнес-плана/Кнопка Факт' is clicked on

25-11-2024T07:50:24 - [TEST_STEP][PASSED] - click(findTestObject("Выполнение бизнес-плана/Кнопка Факт")): Object: 'Object Repository/Выполнение бизнес-плана/Кнопка Факт' is clicked on

25-11-2024T07:50:24 - [MESSAGE][PASSED] - Object: 'Object Repository/Выполнение бизнес-плана/Кнопка Факт' is clicked on

25-11-2024T07:50:24 - [TEST_STEP][PASSED] - if (a == 84 || a == 82): null

25-11-2024T07:50:24 - [TEST_STEP][PASSED] - else if (a == 52 || a == 72 || a == 28 || a == 73 || a == 77 || a == 74 || a == 65 || a == 36 || a == 44 || a == 53 || a == 80 || a == 54 || a == 1 || a == 18 || a == 59 || a == 81): null

25-11-2024T07:50:24 - [TEST_STEP][PASSED] - page1 = getText(findTestObject("Object Repository/Выполнение бизнес-плана/spanPlan" + dzoNum)): Text of object 'Object Repository/Выполнение бизнес-плана/spanPlan4' is: '6.97
|'

25-11-2024T07:50:25 - [MESSAGE][PASSED] - Text of object 'Object Repository/Выполнение бизнес-плана/spanPlan4' is: '6.97
|'

25-11-2024T07:50:25 - [TEST_STEP][PASSED] - page1 = page1.replace("|", ""): null

25-11-2024T07:50:25 - [TEST_STEP][PASSED] - page2 = getText(findTestObject("Object Repository/Выполнение бизнес-плана/spanFact" + dzoNum)): Text of object 'Object Repository/Выполнение бизнес-плана/spanFact4' is: '6.92'

25-11-2024T07:50:25 - [MESSAGE][PASSED] - Text of object 'Object Repository/Выполнение бизнес-плана/spanFact4' is: '6.92'

25-11-2024T07:50:25 - [TEST_STEP][PASSED] - page2 = page2.replace("|", ""): null

25-11-2024T07:50:25 - [TEST_STEP][PASSED] - println("page1: " + page1): null

25-11-2024T07:50:25 - [TEST_STEP][PASSED] - println("page2: " + page2): null

25-11-2024T07:50:25 - [TEST_STEP][PASSED] - file = findTestData("PlanFact").getValue(4, a): null

25-11-2024T07:50:25 - [TEST_STEP][PASSED] - file = file.replace(",", "."): null

25-11-2024T07:50:25 - [TEST_STEP][PASSED] - println("file Plan: " + file): null

25-11-2024T07:50:25 - [TEST_STEP][PASSED] - typeOfData = "План в процентах": null

25-11-2024T07:50:25 - [TEST_STEP][PASSED] - fileDouble = file.toDouble(): null

25-11-2024T07:50:25 - [TEST_STEP][PASSED] - pageDouble = page1.toDouble(): null

25-11-2024T07:50:25 - [TEST_STEP][PASSED] - if (fileDouble != pageDouble): null

25-11-2024T07:50:25 - [TEST_STEP][PASSED] - numberOfErrors = numberOfErrors + 1: null

25-11-2024T07:50:25 - [TEST_STEP][PASSED] - Script1718980020443.WriteToExcel(a, typeOfData, todaysDate, pageInt, fileInt, pageDouble, fileDouble, dZO): null

25-11-2024T07:50:25 - [TEST_STEP][PASSED] - sheetName = "Sheet1": null

25-11-2024T07:50:25 - [TEST_STEP][PASSED] - data = findTestData("PlanFact"): null

25-11-2024T07:50:25 - [TEST_STEP][PASSED] - n = data.getRowNumbers() + 1: null

25-11-2024T07:50:25 - [TEST_STEP][PASSED] - year = todaysDate.substring(todaysDate.length() - 4, todaysDate.length()): null

25-11-2024T07:50:25 - [TEST_STEP][PASSED] - y = year.toInteger(): null

25-11-2024T07:50:25 - [TEST_STEP][PASSED] - m = getText(findTestObject("Выполнение бизнес-плана/Период")): Text of object 'Object Repository/Выполнение бизнес-плана/Период' is: '1, 2, 3 кв. 2024 года'

25-11-2024T07:50:25 - [MESSAGE][PASSED] - Text of object 'Object Repository/Выполнение бизнес-плана/Период' is: '1, 2, 3 кв. 2024 года'

25-11-2024T07:50:25 - [TEST_STEP][PASSED] - m = m.substring(0, m.indexOf("2024")): null

25-11-2024T07:50:25 - [TEST_STEP][PASSED] - m = m.trim(): null

25-11-2024T07:50:25 - [TEST_STEP][PASSED] - dashboardName = "Выполнение бизнес-плана": null

25-11-2024T07:50:25 - [TEST_STEP][PASSED] - workbook01 = getWorkbook(excelFilePath): null

25-11-2024T07:50:25 - [TEST_STEP][PASSED] - sheet01 = getExcelSheet(workbook01, sheetName): null

25-11-2024T07:50:25 - [TEST_STEP][PASSED] - setValueToCellByIndex(sheet01, n, 0, dashboardName): null

25-11-2024T07:50:25 - [TEST_STEP][PASSED] - setValueToCellByIndex(sheet01, n, 1, dZO): null

25-11-2024T07:50:25 - [TEST_STEP][PASSED] - setValueToCellByIndex(sheet01, n, 2, typeOfData): null

25-11-2024T07:50:25 - [TEST_STEP][PASSED] - if (typeOfData == "Факт в процентах" || typeOfData == "План в процентах"): null

25-11-2024T07:50:25 - [TEST_STEP][PASSED] - setValueToCellByIndex(sheet01, n, 3, fileDouble): null

25-11-2024T07:50:25 - [TEST_STEP][PASSED] - setValueToCellByIndex(sheet01, n, 4, pageDouble): null

25-11-2024T07:50:25 - [TEST_STEP][PASSED] - setValueToCellByIndex(sheet01, n, 5, m): null

25-11-2024T07:50:25 - [TEST_STEP][PASSED] - setValueToCellByIndex(sheet01, n, 6, y): null

25-11-2024T07:50:25 - [TEST_STEP][PASSED] - setValueToCellByIndex(sheet01, n, 7, todaysDate): null

25-11-2024T07:50:25 - [TEST_STEP][PASSED] - n = n + 1: null

25-11-2024T07:50:25 - [TEST_STEP][PASSED] - saveWorkbook(excelFilePath, workbook01): null

25-11-2024T07:50:26 - [TEST_STEP][PASSED] - file = findTestData("PlanFact").getValue(7, a): null

25-11-2024T07:50:26 - [TEST_STEP][PASSED] - file = file.replace(",", "."): null

25-11-2024T07:50:26 - [TEST_STEP][PASSED] - println("file Fact: " + file): null

25-11-2024T07:50:26 - [TEST_STEP][PASSED] - fileDouble = file.toDouble(): null

25-11-2024T07:50:26 - [TEST_STEP][PASSED] - typeOfData = "Факт в процентах": null

25-11-2024T07:50:26 - [TEST_STEP][PASSED] - fileDouble = file.toDouble(): null

25-11-2024T07:50:26 - [TEST_STEP][PASSED] - pageDouble = page2.toDouble(): null

25-11-2024T07:50:26 - [TEST_STEP][PASSED] - if (fileDouble != pageDouble): null

25-11-2024T07:50:26 - [TEST_STEP][PASSED] - numberOfErrors = numberOfErrors + 1: null

25-11-2024T07:50:26 - [TEST_STEP][PASSED] - Script1718980020443.WriteToExcel(a, typeOfData, todaysDate, pageInt, fileInt, pageDouble, fileDouble, dZO): null

25-11-2024T07:50:26 - [TEST_STEP][PASSED] - sheetName = "Sheet1": null

25-11-2024T07:50:26 - [TEST_STEP][PASSED] - data = findTestData("PlanFact"): null

25-11-2024T07:50:26 - [TEST_STEP][PASSED] - n = data.getRowNumbers() + 1: null

25-11-2024T07:50:26 - [TEST_STEP][PASSED] - year = todaysDate.substring(todaysDate.length() - 4, todaysDate.length()): null

25-11-2024T07:50:26 - [TEST_STEP][PASSED] - y = year.toInteger(): null

25-11-2024T07:50:26 - [TEST_STEP][PASSED] - m = getText(findTestObject("Выполнение бизнес-плана/Период")): Text of object 'Object Repository/Выполнение бизнес-плана/Период' is: '1, 2, 3 кв. 2024 года'

25-11-2024T07:50:26 - [MESSAGE][PASSED] - Text of object 'Object Repository/Выполнение бизнес-плана/Период' is: '1, 2, 3 кв. 2024 года'

25-11-2024T07:50:26 - [TEST_STEP][PASSED] - m = m.substring(0, m.indexOf("2024")): null

25-11-2024T07:50:26 - [TEST_STEP][PASSED] - m = m.trim(): null

25-11-2024T07:50:26 - [TEST_STEP][PASSED] - dashboardName = "Выполнение бизнес-плана": null

25-11-2024T07:50:26 - [TEST_STEP][PASSED] - workbook01 = getWorkbook(excelFilePath): null

25-11-2024T07:50:26 - [TEST_STEP][PASSED] - sheet01 = getExcelSheet(workbook01, sheetName): null

25-11-2024T07:50:26 - [TEST_STEP][PASSED] - setValueToCellByIndex(sheet01, n, 0, dashboardName): null

25-11-2024T07:50:26 - [TEST_STEP][PASSED] - setValueToCellByIndex(sheet01, n, 1, dZO): null

25-11-2024T07:50:26 - [TEST_STEP][PASSED] - setValueToCellByIndex(sheet01, n, 2, typeOfData): null

25-11-2024T07:50:26 - [TEST_STEP][PASSED] - if (typeOfData == "Факт в процентах" || typeOfData == "План в процентах"): null

25-11-2024T07:50:26 - [TEST_STEP][PASSED] - setValueToCellByIndex(sheet01, n, 3, fileDouble): null

25-11-2024T07:50:26 - [TEST_STEP][PASSED] - setValueToCellByIndex(sheet01, n, 4, pageDouble): null

25-11-2024T07:50:26 - [TEST_STEP][PASSED] - setValueToCellByIndex(sheet01, n, 5, m): null

25-11-2024T07:50:26 - [TEST_STEP][PASSED] - setValueToCellByIndex(sheet01, n, 6, y): null

25-11-2024T07:50:26 - [TEST_STEP][PASSED] - setValueToCellByIndex(sheet01, n, 7, todaysDate): null

25-11-2024T07:50:26 - [TEST_STEP][PASSED] - n = n + 1: null

25-11-2024T07:50:26 - [TEST_STEP][PASSED] - saveWorkbook(excelFilePath, workbook01): null

25-11-2024T07:50:26 - [TEST_STEP][FAILED] - if (verifyEqual(numberOfErrors, 0) == false): null

25-11-2024T07:50:26 - [MESSAGE][FAILED] - Unable to verify equal between actual object '6' and expected object '0' (Root cause: com.kms.katalon.core.exception.StepFailedException: Actual object '6' and expected object '0' are not equal
	at com.kms.katalon.core.keyword.builtin.VerifyEqualKeyword$_verifyEqual_closure1.doCall(VerifyEqualKeyword.groovy:58)
	at com.kms.katalon.core.keyword.builtin.VerifyEqualKeyword$_verifyEqual_closure1.call(VerifyEqualKeyword.groovy)
	at com.kms.katalon.core.keyword.internal.KeywordMain.runKeyword(KeywordMain.groovy:75)
	at com.kms.katalon.core.keyword.builtin.VerifyEqualKeyword.verifyEqual(VerifyEqualKeyword.groovy:63)
	at com.kms.katalon.core.keyword.builtin.VerifyEqualKeyword.execute(VerifyEqualKeyword.groovy:44)
	at com.kms.katalon.core.keyword.internal.KeywordExecutor.executeKeywordForPlatform(KeywordExecutor.groovy:74)
	at com.kms.katalon.core.keyword.BuiltinKeywords.verifyEqual(BuiltinKeywords.groovy:146)
	at java.base/jdk.internal.reflect.NativeMethodAccessorImpl.invoke0(Native Method)
	at java.base/jdk.internal.reflect.NativeMethodAccessorImpl.invoke(NativeMethodAccessorImpl.java:77)
	at java.base/jdk.internal.reflect.DelegatingMethodAccessorImpl.invoke(DelegatingMethodAccessorImpl.java:43)
	at Выполнение бизнес-плана Сверка ПАО Россети все филиалы.Numbers(Выполнение бизнес-плана Сверка ПАО Россети все филиалы:740)
	at Выполнение бизнес-плана Сверка ПАО Россети все филиалы.run(Выполнение бизнес-плана Сверка ПАО Россети все филиалы:332)
	at com.kms.katalon.core.main.ScriptEngine.run(ScriptEngine.java:194)
	at com.kms.katalon.core.main.ScriptEngine.runScriptAsRawText(ScriptEngine.java:119)
	at com.kms.katalon.core.main.TestCaseExecutor.runScript(TestCaseExecutor.java:448)
	at com.kms.katalon.core.main.TestCaseExecutor.doExecute(TestCaseExecutor.java:439)
	at com.kms.katalon.core.main.TestCaseExecutor.processExecutionPhase(TestCaseExecutor.java:418)
	at com.kms.katalon.core.main.TestCaseExecutor.accessMainPhase(TestCaseExecutor.java:410)
	at com.kms.katalon.core.main.TestCaseExecutor.execute(TestCaseExecutor.java:285)
	at com.kms.katalon.core.common.CommonExecutor.accessTestCaseMainPhase(CommonExecutor.java:65)
	at com.kms.katalon.core.main.TestSuiteExecutor.accessTestSuiteMainPhase(TestSuiteExecutor.java:150)
	at com.kms.katalon.core.main.TestSuiteExecutor.execute(TestSuiteExecutor.java:106)
	at com.kms.katalon.core.main.TestCaseMain.startTestSuite(TestCaseMain.java:180)
	at TempTestSuite1732509691813.run(TempTestSuite1732509691813.groovy:35)
	at java.base/jdk.internal.reflect.NativeMethodAccessorImpl.invoke0(Native Method)
	at java.base/jdk.internal.reflect.NativeMethodAccessorImpl.invoke(NativeMethodAccessorImpl.java:77)
	at java.base/jdk.internal.reflect.DelegatingMethodAccessorImpl.invoke(DelegatingMethodAccessorImpl.java:43)
)

25-11-2024T07:50:26 - [TEST_STEP][PASSED] - println(numberOfErrors): null

25-11-2024T07:50:26 - [TEST_STEP][PASSED] - if (a == 28 || a == 77 || a == 74 || a == 65 || a == 36 || a == 44 || a == 54 || a == 1 || a == 18 || a == 59): null

25-11-2024T07:50:26 - [TEST_STEP][PASSED] - Script1718980020443.Filials(a, typeOfData, todaysDate, pageInt, fileInt, pageDouble, fileDouble, dZO, dzoNum, filialNum): null

25-11-2024T07:50:26 - [TEST_STEP][PASSED] - i = <not implemented yet for class: org.codehaus.groovy.ast.expr.EmptyExpression>: null

25-11-2024T07:50:26 - [TEST_STEP][PASSED] - c = <not implemented yet for class: org.codehaus.groovy.ast.expr.EmptyExpression>: null

25-11-2024T07:50:26 - [TEST_STEP][PASSED] - page = <not implemented yet for class: org.codehaus.groovy.ast.expr.EmptyExpression>: null

25-11-2024T07:50:26 - [TEST_STEP][PASSED] - println(dZO): null

25-11-2024T07:50:26 - [TEST_STEP][PASSED] - reducedDZO = <not implemented yet for class: org.codehaus.groovy.ast.expr.EmptyExpression>: null

25-11-2024T07:50:26 - [TEST_STEP][PASSED] - reducedDZO = dZO.substring(dZO.indexOf(" ") + 1, dZO.length()): null

25-11-2024T07:50:26 - [TEST_STEP][PASSED] - if (reducedDZO.contains(" ")): null

25-11-2024T07:50:26 - [TEST_STEP][PASSED] - println(reducedDZO): null

25-11-2024T07:50:26 - [TEST_STEP][PASSED] - dzoCut = <not implemented yet for class: org.codehaus.groovy.ast.expr.EmptyExpression>: null

25-11-2024T07:50:26 - [TEST_STEP][PASSED] - Script1718980020443.DZO(a): null

25-11-2024T07:50:26 - [TEST_STEP][PASSED] - Script1718980020443.OpenFilter(): null

25-11-2024T07:50:26 - [TEST_STEP][PASSED] - click(findTestObject("Object Repository/Выполнение бизнес-плана/Фильтр ДЗО")): Object: 'Object Repository/Выполнение бизнес-плана/Фильтр ДЗО' is clicked on

25-11-2024T07:50:27 - [MESSAGE][PASSED] - Object: 'Object Repository/Выполнение бизнес-плана/Фильтр ДЗО' is clicked on

25-11-2024T07:50:27 - [TEST_STEP][PASSED] - click(findTestObject("Выполнение бизнес-плана/Снять выделение в фильтре ДЗО")): Object: 'Object Repository/Выполнение бизнес-плана/Снять выделение в фильтре ДЗО' is clicked on

25-11-2024T07:50:27 - [MESSAGE][PASSED] - Object: 'Object Repository/Выполнение бизнес-плана/Снять выделение в фильтре ДЗО' is clicked on

25-11-2024T07:50:27 - [TEST_STEP][PASSED] - Script1718980020443.OpenRSK(): null

25-11-2024T07:50:27 - [TEST_STEP][PASSED] - click(findTestObject("Выполнение бизнес-плана/Раскрыть список ПАО Россети в фильтре ДЗО")): Object: 'Object Repository/Выполнение бизнес-плана/Раскрыть список ПАО Россети в фильтре ДЗО' is clicked on

25-11-2024T07:50:28 - [MESSAGE][PASSED] - Object: 'Object Repository/Выполнение бизнес-плана/Раскрыть список ПАО Россети в фильтре ДЗО' is clicked on

25-11-2024T07:50:28 - [TEST_STEP][PASSED] - click(findTestObject("Выполнение бизнес-плана/Раскрыть список РаспредКомплекс в фильтре ДЗО")): Object: 'Object Repository/Выполнение бизнес-плана/Раскрыть список РаспредКомплекс в фильтре ДЗО' is clicked on

25-11-2024T07:50:28 - [MESSAGE][PASSED] - Object: 'Object Repository/Выполнение бизнес-плана/Раскрыть список РаспредКомплекс в фильтре ДЗО' is clicked on

25-11-2024T07:50:28 - [TEST_STEP][PASSED] - if (a == 28): null

25-11-2024T07:50:28 - [TEST_STEP][PASSED] - if (a == 77): null

25-11-2024T07:50:28 - [TEST_STEP][PASSED] - if (a == 74): null

25-11-2024T07:50:28 - [TEST_STEP][PASSED] - if (a == 65): null

25-11-2024T07:50:28 - [TEST_STEP][PASSED] - if (a == 36): null

25-11-2024T07:50:28 - [TEST_STEP][PASSED] - if (a == 44): Object: 'Object Repository/Выполнение бизнес-плана/Россети Сибирь' is clicked on

25-11-2024T07:50:28 - [TEST_STEP][PASSED] - scrollToElement(findTestObject("Общие объекты/Раскрыть список Россети Сибирь"), 30): Scroll to object 'Object Repository/Общие объекты/Раскрыть список Россети Сибирь' successfully

25-11-2024T07:50:28 - [MESSAGE][PASSED] - Scroll to object 'Object Repository/Общие объекты/Раскрыть список Россети Сибирь' successfully

25-11-2024T07:50:28 - [TEST_STEP][PASSED] - click(findTestObject("Выполнение бизнес-плана/Россети Сибирь")): Object: 'Object Repository/Выполнение бизнес-плана/Россети Сибирь' is clicked on

25-11-2024T07:50:29 - [MESSAGE][PASSED] - Object: 'Object Repository/Выполнение бизнес-плана/Россети Сибирь' is clicked on

25-11-2024T07:50:29 - [TEST_STEP][PASSED] - if (a == 54): null

25-11-2024T07:50:29 - [TEST_STEP][PASSED] - if (a == 1): null

25-11-2024T07:50:29 - [TEST_STEP][PASSED] - if (a == 18): null

25-11-2024T07:50:29 - [TEST_STEP][PASSED] - if (a == 59): null

25-11-2024T07:50:29 - [TEST_STEP][PASSED] - Script1718980020443.CloseFilter(): null

25-11-2024T07:50:29 - [TEST_STEP][PASSED] - scrollToElement(findTestObject("Выполнение бизнес-плана/Заголовок дашборда"), 30): Scroll to object 'Object Repository/Выполнение бизнес-плана/Заголовок дашборда' successfully

25-11-2024T07:50:29 - [MESSAGE][PASSED] - Scroll to object 'Object Repository/Выполнение бизнес-плана/Заголовок дашборда' successfully

25-11-2024T07:50:29 - [TEST_STEP][PASSED] - click(findTestObject("Object Repository/Выполнение бизнес-плана/Применить в фильтре ДЗО")): Object: 'Object Repository/Выполнение бизнес-плана/Применить в фильтре ДЗО' is clicked on

25-11-2024T07:50:30 - [MESSAGE][PASSED] - Object: 'Object Repository/Выполнение бизнес-плана/Применить в фильтре ДЗО' is clicked on

25-11-2024T07:50:30 - [TEST_STEP][PASSED] - Script1718980020443.ZakrytOpoveshenie(): null

25-11-2024T07:50:30 - [TEST_STEP][PASSED] - delay(10): Delayed 10 second(s)

25-11-2024T07:50:40 - [MESSAGE][PASSED] - Delayed 10 second(s)

25-11-2024T07:50:40 - [TEST_STEP][PASSED] - opoveshenie = getText(findTestObject("Выполнение бизнес-плана/Просьба обратить внимание")): Text of object 'Object Repository/Выполнение бизнес-плана/Просьба обратить внимание' is: ''

25-11-2024T07:50:58 - [MESSAGE][PASSED] - Text of object 'Object Repository/Выполнение бизнес-плана/Просьба обратить внимание' is: ''

25-11-2024T07:50:58 - [TEST_STEP][PASSED] - println(opoveshenie): null

25-11-2024T07:50:58 - [TEST_STEP][PASSED] - if (opoveshenie == "Просьба обратить внимание"): null

25-11-2024T07:50:58 - [TEST_STEP][PASSED] - page = getText(findTestObject("Object Repository/Выполнение бизнес-плана/Filials")): Text of object 'Object Repository/Выполнение бизнес-плана/Filials' is: 'Россети Сибирь
0
10
20
30
40
50
60
70'

25-11-2024T07:50:58 - [MESSAGE][PASSED] - Text of object 'Object Repository/Выполнение бизнес-плана/Filials' is: 'Россети Сибирь
0
10
20
30
40
50
60
70'

25-11-2024T07:50:58 - [TEST_STEP][PASSED] - println(page): null

25-11-2024T07:50:58 - [TEST_STEP][PASSED] - c = page.indexOf(reducedDZO): null

25-11-2024T07:50:58 - [TEST_STEP][PASSED] - if (c > -1): null

25-11-2024T07:50:58 - [TEST_STEP][PASSED] - click(findTestObject("Выполнение бизнес-плана/список")): Object: 'Object Repository/Выполнение бизнес-плана/список' is clicked on

25-11-2024T07:50:58 - [MESSAGE][PASSED] - Object: 'Object Repository/Выполнение бизнес-плана/список' is clicked on

25-11-2024T07:50:58 - [TEST_STEP][PASSED] - delay(10): Delayed 10 second(s)

25-11-2024T07:51:08 - [MESSAGE][PASSED] - Delayed 10 second(s)

25-11-2024T07:51:08 - [TEST_STEP][PASSED] - click(findTestObject("Выполнение бизнес-плана/Раскрытие списка")): Object: 'Object Repository/Выполнение бизнес-плана/Раскрытие списка' is clicked on

25-11-2024T07:51:09 - [MESSAGE][PASSED] - Object: 'Object Repository/Выполнение бизнес-плана/Раскрытие списка' is clicked on

25-11-2024T07:51:09 - [TEST_STEP][PASSED] - delay(10): Delayed 10 second(s)

25-11-2024T07:51:19 - [MESSAGE][PASSED] - Delayed 10 second(s)

25-11-2024T07:51:19 - [TEST_STEP][PASSED] - page = getText(findTestObject("Object Repository/Выполнение бизнес-плана/Filials")): Text of object 'Object Repository/Выполнение бизнес-плана/Filials' is: 'Алтайэнерго
Бурятэнерго
Красноярскэнерго
Кузбассэнерго-РЭС
Омскэнерго
Хакасэнерго
Читаэнерго
0
10
20
30
40
50
60
70'

25-11-2024T07:51:19 - [MESSAGE][PASSED] - Text of object 'Object Repository/Выполнение бизнес-плана/Filials' is: 'Алтайэнерго
Бурятэнерго
Красноярскэнерго
Кузбассэнерго-РЭС
Омскэнерго
Хакасэнерго
Читаэнерго
0
10
20
30
40
50
60
70'

25-11-2024T07:51:19 - [TEST_STEP][PASSED] - println(page): null

25-11-2024T07:51:19 - [TEST_STEP][PASSED] - c = page.indexOf(reducedDZO): null

25-11-2024T07:51:19 - [TEST_STEP][PASSED] - x2 = getText(findTestObject("Выполнение бизнес-плана/Список ДЗО старый")): Text of object 'Object Repository/Выполнение бизнес-плана/Список ДЗО старый' is: 'Алтайэнерго
Бурятэнерго
Красноярскэнерго
Кузбассэнерго-РЭС
Омскэнерго
Хакасэнерго
Читаэнерго
0
10
20
30
40
50
60
70'

25-11-2024T07:51:20 - [MESSAGE][PASSED] - Text of object 'Object Repository/Выполнение бизнес-плана/Список ДЗО старый' is: 'Алтайэнерго
Бурятэнерго
Красноярскэнерго
Кузбассэнерго-РЭС
Омскэнерго
Хакасэнерго
Читаэнерго
0
10
20
30
40
50
60
70'

25-11-2024T07:51:20 - [TEST_STEP][PASSED] - if (a == 28): null

25-11-2024T07:51:20 - [TEST_STEP][PASSED] - if (a == 77): null

25-11-2024T07:51:20 - [TEST_STEP][PASSED] - if (a == 74): null

25-11-2024T07:51:20 - [TEST_STEP][PASSED] - if (a == 65): null

25-11-2024T07:51:20 - [TEST_STEP][PASSED] - if (a == 1): null

25-11-2024T07:51:20 - [TEST_STEP][PASSED] - if (a == 18): null

25-11-2024T07:51:20 - [TEST_STEP][PASSED] - if (a == 36): null

25-11-2024T07:51:20 - [TEST_STEP][PASSED] - if (a == 44): null

25-11-2024T07:51:20 - [TEST_STEP][PASSED] - dZO = "Алтайэнерго": null

25-11-2024T07:51:20 - [TEST_STEP][PASSED] - a = 45: null

25-11-2024T07:51:20 - [TEST_STEP][PASSED] - if (x2.contains(dZO)): null

25-11-2024T07:51:20 - [TEST_STEP][PASSED] - filialNum = filialNum + 1: null

25-11-2024T07:51:20 - [TEST_STEP][PASSED] - Script1718980020443.Numbers(a, typeOfData, todaysDate, pageInt, fileInt, pageDouble, fileDouble, dZO, dzoNum, filialNum): null

25-11-2024T07:51:20 - [TEST_STEP][PASSED] - println(dzoNum): null

25-11-2024T07:51:20 - [TEST_STEP][PASSED] - planFact = <not implemented yet for class: org.codehaus.groovy.ast.expr.EmptyExpression>: null

25-11-2024T07:51:20 - [TEST_STEP][PASSED] - page = <not implemented yet for class: org.codehaus.groovy.ast.expr.EmptyExpression>: null

25-11-2024T07:51:20 - [TEST_STEP][PASSED] - page1 = <not implemented yet for class: org.codehaus.groovy.ast.expr.EmptyExpression>: null

25-11-2024T07:51:20 - [TEST_STEP][PASSED] - page2 = <not implemented yet for class: org.codehaus.groovy.ast.expr.EmptyExpression>: null

25-11-2024T07:51:20 - [TEST_STEP][PASSED] - filialNumberInRow = <not implemented yet for class: org.codehaus.groovy.ast.expr.EmptyExpression>: null

25-11-2024T07:51:20 - [TEST_STEP][PASSED] - filialsDzoNames = <not implemented yet for class: org.codehaus.groovy.ast.expr.EmptyExpression>: null

25-11-2024T07:51:20 - [TEST_STEP][PASSED] - numberOfFilials = <not implemented yet for class: org.codehaus.groovy.ast.expr.EmptyExpression>: null

25-11-2024T07:51:20 - [TEST_STEP][PASSED] - numberOfSpaces = <not implemented yet for class: org.codehaus.groovy.ast.expr.EmptyExpression>: null

25-11-2024T07:51:20 - [TEST_STEP][PASSED] - file = <not implemented yet for class: org.codehaus.groovy.ast.expr.EmptyExpression>: null

25-11-2024T07:51:20 - [TEST_STEP][PASSED] - otpusk = <not implemented yet for class: org.codehaus.groovy.ast.expr.EmptyExpression>: null

25-11-2024T07:51:20 - [TEST_STEP][PASSED] - poteri = <not implemented yet for class: org.codehaus.groovy.ast.expr.EmptyExpression>: null

25-11-2024T07:51:20 - [TEST_STEP][PASSED] - dataFolder = "Выполнение бизнес-плана/Значения со страницы Выполнение бизнес-плана/": null

25-11-2024T07:51:20 - [TEST_STEP][PASSED] - path = <not implemented yet for class: org.codehaus.groovy.ast.expr.EmptyExpression>: null

25-11-2024T07:51:20 - [TEST_STEP][PASSED] - typeOfDataMain = <not implemented yet for class: org.codehaus.groovy.ast.expr.EmptyExpression>: null

25-11-2024T07:51:20 - [TEST_STEP][PASSED] - fileOtpuskVSet = <not implemented yet for class: org.codehaus.groovy.ast.expr.EmptyExpression>: null

25-11-2024T07:51:20 - [TEST_STEP][PASSED] - pageOtpuskVSet = <not implemented yet for class: org.codehaus.groovy.ast.expr.EmptyExpression>: null

25-11-2024T07:51:20 - [TEST_STEP][PASSED] - filePoteri = <not implemented yet for class: org.codehaus.groovy.ast.expr.EmptyExpression>: null

25-11-2024T07:51:20 - [TEST_STEP][PASSED] - pagePoteri = <not implemented yet for class: org.codehaus.groovy.ast.expr.EmptyExpression>: null

25-11-2024T07:51:20 - [TEST_STEP][PASSED] - compare = <not implemented yet for class: org.codehaus.groovy.ast.expr.EmptyExpression>: null

25-11-2024T07:51:20 - [TEST_STEP][PASSED] - b = <not implemented yet for class: org.codehaus.groovy.ast.expr.EmptyExpression>: null

25-11-2024T07:51:20 - [TEST_STEP][PASSED] - i = <not implemented yet for class: org.codehaus.groovy.ast.expr.EmptyExpression>: null

25-11-2024T07:51:20 - [TEST_STEP][PASSED] - ii = <not implemented yet for class: org.codehaus.groovy.ast.expr.EmptyExpression>: null

25-11-2024T07:51:20 - [TEST_STEP][PASSED] - c = <not implemented yet for class: org.codehaus.groovy.ast.expr.EmptyExpression>: null

25-11-2024T07:51:20 - [TEST_STEP][PASSED] - numberOfErrors = 0: null

25-11-2024T07:51:20 - [TEST_STEP][PASSED] - if (a == 82): null

25-11-2024T07:51:20 - [TEST_STEP][PASSED] - b = findTestData("PlanFact").getValue(1, a): null

25-11-2024T07:51:20 - [TEST_STEP][PASSED] - i = b.indexOf(" (ГК)"): null

25-11-2024T07:51:20 - [TEST_STEP][PASSED] - if (i > -1): null

25-11-2024T07:51:20 - [TEST_STEP][PASSED] - i = b.indexOf("О ""): null

25-11-2024T07:51:20 - [TEST_STEP][PASSED] - if (i > -1): null

25-11-2024T07:51:20 - [TEST_STEP][PASSED] - i = b.indexOf("О «"): null

25-11-2024T07:51:20 - [TEST_STEP][PASSED] - if (i > -1): null

25-11-2024T07:51:20 - [TEST_STEP][PASSED] - i = b.indexOf("г. "): null

25-11-2024T07:51:20 - [TEST_STEP][PASSED] - if (i > -1): null

25-11-2024T07:51:20 - [TEST_STEP][PASSED] - println(b): null

25-11-2024T07:51:20 - [TEST_STEP][PASSED] - for ([planFact = 1, planFact < 3, (planFact++)]): Object: 'Object Repository/Выполнение бизнес-плана/Кнопка Факт' is clicked on

25-11-2024T07:51:20 - [TEST_STEP][PASSED] - if (planFact == 1): null

25-11-2024T07:51:20 - [TEST_STEP][PASSED] - typeOfDataMain = "Факт": null

25-11-2024T07:51:20 - [TEST_STEP][PASSED] - otpusk = findTestData("PlanFact").getValue(5, a): null

25-11-2024T07:51:20 - [TEST_STEP][PASSED] - poteri = findTestData("PlanFact").getValue(6, a): null

25-11-2024T07:51:20 - [TEST_STEP][PASSED] - otpusk = otpusk.replaceAll("\s+", ""): null

25-11-2024T07:51:20 - [TEST_STEP][PASSED] - poteri = poteri.replaceAll("\s+", ""): null

25-11-2024T07:51:20 - [TEST_STEP][PASSED] - typeOfData = typeOfDataMain + " Отпуск в сеть": null

25-11-2024T07:51:20 - [TEST_STEP][PASSED] - if (a == 82): null

25-11-2024T07:51:20 - [TEST_STEP][PASSED] - else if (a == 84): null

25-11-2024T07:51:20 - [TEST_STEP][PASSED] - else if (a == 52 || a == 72 || a == 28 || a == 73 || a == 77 || a == 74 || a == 65 || a == 36 || a == 44 || a == 53 || a == 80 || a == 54 || a == 1 || a == 18 || a == 59 || a == 81): null

25-11-2024T07:51:20 - [TEST_STEP][PASSED] - else: null

25-11-2024T07:51:20 - [TEST_STEP][PASSED] - path = dataFolder + typeOfData + " за отчётный период " + b: null

25-11-2024T07:51:20 - [TEST_STEP][PASSED] - println(path): null

25-11-2024T07:51:20 - [TEST_STEP][PASSED] - page = getText(findTestObject(path)): Text of object 'Object Repository/Выполнение бизнес-плана/Значения со страницы Выполнение бизнес-плана/Факт Отпуск в сеть за отчётный период Алтайэнерго' is: '6 470 567'

25-11-2024T07:51:20 - [MESSAGE][PASSED] - Text of object 'Object Repository/Выполнение бизнес-плана/Значения со страницы Выполнение бизнес-плана/Факт Отпуск в сеть за отчётный период Алтайэнерго' is: '6 470 567'

25-11-2024T07:51:20 - [TEST_STEP][PASSED] - page = page.replaceAll("\s+", ""): null

25-11-2024T07:51:20 - [TEST_STEP][PASSED] - fileOtpuskVSet = otpusk.toInteger(): null

25-11-2024T07:51:20 - [TEST_STEP][PASSED] - pageOtpuskVSet = page.toInteger(): null

25-11-2024T07:51:20 - [TEST_STEP][PASSED] - typeOfData = typeOfDataMain + " Потери": null

25-11-2024T07:51:20 - [TEST_STEP][PASSED] - if (a == 82): null

25-11-2024T07:51:20 - [TEST_STEP][PASSED] - else if (a == 84): null

25-11-2024T07:51:20 - [TEST_STEP][PASSED] - else if (a == 52 || a == 72 || a == 28 || a == 73 || a == 77 || a == 74 || a == 65 || a == 36 || a == 44 || a == 53 || a == 80 || a == 54 || a == 1 || a == 18 || a == 59 || a == 81): null

25-11-2024T07:51:20 - [TEST_STEP][PASSED] - else: null

25-11-2024T07:51:20 - [TEST_STEP][PASSED] - path = dataFolder + typeOfData + " за отчётный период " + b: null

25-11-2024T07:51:20 - [TEST_STEP][PASSED] - page = getText(findTestObject(path)): Text of object 'Object Repository/Выполнение бизнес-плана/Значения со страницы Выполнение бизнес-плана/Факт Потери за отчётный период Алтайэнерго' is: '426 419'

25-11-2024T07:51:20 - [MESSAGE][PASSED] - Text of object 'Object Repository/Выполнение бизнес-плана/Значения со страницы Выполнение бизнес-плана/Факт Потери за отчётный период Алтайэнерго' is: '426 419'

25-11-2024T07:51:20 - [TEST_STEP][PASSED] - page = page.replaceAll("\s+", ""): null

25-11-2024T07:51:20 - [TEST_STEP][PASSED] - filePoteri = poteri.toInteger(): null

25-11-2024T07:51:20 - [TEST_STEP][PASSED] - pagePoteri = page.toInteger(): null

25-11-2024T07:51:20 - [TEST_STEP][PASSED] - compare = pageOtpuskVSet: null

25-11-2024T07:51:20 - [TEST_STEP][PASSED] - if (compare == fileOtpuskVSet): null

25-11-2024T07:51:20 - [TEST_STEP][PASSED] - if (compare == fileOtpuskVSet): null

25-11-2024T07:51:20 - [TEST_STEP][PASSED] - compare = pagePoteri: null

25-11-2024T07:51:20 - [TEST_STEP][PASSED] - if (compare == filePoteri): null

25-11-2024T07:51:20 - [TEST_STEP][PASSED] - if (compare == filePoteri): null

25-11-2024T07:51:20 - [TEST_STEP][PASSED] - if (planFact == 2): null

25-11-2024T07:51:20 - [TEST_STEP][PASSED] - if (planFact == 1): null

25-11-2024T07:51:20 - [TEST_STEP][PASSED] - else if (planFact == 2): null

25-11-2024T07:51:20 - [TEST_STEP][PASSED] - click(findTestObject("Выполнение бизнес-плана/Кнопка План")): Object: 'Object Repository/Выполнение бизнес-плана/Кнопка План' is clicked on

25-11-2024T07:51:21 - [MESSAGE][PASSED] - Object: 'Object Repository/Выполнение бизнес-плана/Кнопка План' is clicked on

25-11-2024T07:51:21 - [TEST_STEP][PASSED] - typeOfDataMain = "План": null

25-11-2024T07:51:21 - [TEST_STEP][PASSED] - otpusk = findTestData("PlanFact").getValue(2, a): null

25-11-2024T07:51:21 - [TEST_STEP][PASSED] - poteri = findTestData("PlanFact").getValue(3, a): null

25-11-2024T07:51:21 - [TEST_STEP][PASSED] - otpusk = otpusk.replaceAll("\s+", ""): null

25-11-2024T07:51:21 - [TEST_STEP][PASSED] - poteri = poteri.replaceAll("\s+", ""): null

25-11-2024T07:51:21 - [TEST_STEP][PASSED] - typeOfData = typeOfDataMain + " Отпуск в сеть": null

25-11-2024T07:51:21 - [TEST_STEP][PASSED] - if (a == 82): null

25-11-2024T07:51:21 - [TEST_STEP][PASSED] - else if (a == 84): null

25-11-2024T07:51:21 - [TEST_STEP][PASSED] - else if (a == 52 || a == 72 || a == 28 || a == 73 || a == 77 || a == 74 || a == 65 || a == 36 || a == 44 || a == 53 || a == 80 || a == 54 || a == 1 || a == 18 || a == 59 || a == 81): null

25-11-2024T07:51:21 - [TEST_STEP][PASSED] - else: null

25-11-2024T07:51:21 - [TEST_STEP][PASSED] - path = dataFolder + typeOfData + " за отчётный период " + b: null

25-11-2024T07:51:21 - [TEST_STEP][PASSED] - println(path): null

25-11-2024T07:51:21 - [TEST_STEP][PASSED] - page = getText(findTestObject(path)): Text of object 'Object Repository/Выполнение бизнес-плана/Значения со страницы Выполнение бизнес-плана/План Отпуск в сеть за отчётный период Алтайэнерго' is: '6 173 023'

25-11-2024T07:51:21 - [MESSAGE][PASSED] - Text of object 'Object Repository/Выполнение бизнес-плана/Значения со страницы Выполнение бизнес-плана/План Отпуск в сеть за отчётный период Алтайэнерго' is: '6 173 023'

25-11-2024T07:51:21 - [TEST_STEP][PASSED] - page = page.replaceAll("\s+", ""): null

25-11-2024T07:51:21 - [TEST_STEP][PASSED] - fileOtpuskVSet = otpusk.toInteger(): null

25-11-2024T07:51:21 - [TEST_STEP][PASSED] - pageOtpuskVSet = page.toInteger(): null

25-11-2024T07:51:21 - [TEST_STEP][PASSED] - typeOfData = typeOfDataMain + " Потери": null

25-11-2024T07:51:21 - [TEST_STEP][PASSED] - if (a == 82): null

25-11-2024T07:51:21 - [TEST_STEP][PASSED] - else if (a == 84): null

25-11-2024T07:51:21 - [TEST_STEP][PASSED] - else if (a == 52 || a == 72 || a == 28 || a == 73 || a == 77 || a == 74 || a == 65 || a == 36 || a == 44 || a == 53 || a == 80 || a == 54 || a == 1 || a == 18 || a == 59 || a == 81): null

25-11-2024T07:51:21 - [TEST_STEP][PASSED] - else: null

25-11-2024T07:51:21 - [TEST_STEP][PASSED] - path = dataFolder + typeOfData + " за отчётный период " + b: null

25-11-2024T07:51:21 - [TEST_STEP][PASSED] - page = getText(findTestObject(path)): Text of object 'Object Repository/Выполнение бизнес-плана/Значения со страницы Выполнение бизнес-плана/План Потери за отчётный период Алтайэнерго' is: '410 152'

25-11-2024T07:51:21 - [MESSAGE][PASSED] - Text of object 'Object Repository/Выполнение бизнес-плана/Значения со страницы Выполнение бизнес-плана/План Потери за отчётный период Алтайэнерго' is: '410 152'

25-11-2024T07:51:21 - [TEST_STEP][PASSED] - page = page.replaceAll("\s+", ""): null

25-11-2024T07:51:21 - [TEST_STEP][PASSED] - filePoteri = poteri.toInteger(): null

25-11-2024T07:51:21 - [TEST_STEP][PASSED] - pagePoteri = page.toInteger(): null

25-11-2024T07:51:21 - [TEST_STEP][PASSED] - compare = pageOtpuskVSet: null

25-11-2024T07:51:21 - [TEST_STEP][PASSED] - if (compare == fileOtpuskVSet): null

25-11-2024T07:51:21 - [TEST_STEP][PASSED] - if (compare == fileOtpuskVSet): null

25-11-2024T07:51:21 - [TEST_STEP][PASSED] - compare = pagePoteri: null

25-11-2024T07:51:21 - [TEST_STEP][PASSED] - if (compare == filePoteri): null

25-11-2024T07:51:21 - [TEST_STEP][PASSED] - if (compare == filePoteri): null

25-11-2024T07:51:21 - [TEST_STEP][PASSED] - if (planFact == 2): Object: 'Object Repository/Выполнение бизнес-плана/Кнопка Факт' is clicked on

25-11-2024T07:51:21 - [TEST_STEP][PASSED] - click(findTestObject("Выполнение бизнес-плана/Кнопка Факт")): Object: 'Object Repository/Выполнение бизнес-плана/Кнопка Факт' is clicked on

25-11-2024T07:51:22 - [MESSAGE][PASSED] - Object: 'Object Repository/Выполнение бизнес-плана/Кнопка Факт' is clicked on

25-11-2024T07:51:22 - [TEST_STEP][PASSED] - if (a == 84 || a == 82): null

25-11-2024T07:51:22 - [TEST_STEP][PASSED] - else if (a == 52 || a == 72 || a == 28 || a == 73 || a == 77 || a == 74 || a == 65 || a == 36 || a == 44 || a == 53 || a == 80 || a == 54 || a == 1 || a == 18 || a == 59 || a == 81): null

25-11-2024T07:51:22 - [TEST_STEP][PASSED] - else: null

25-11-2024T07:51:22 - [TEST_STEP][PASSED] - page1 = getText(findTestObject("Object Repository/Выполнение бизнес-плана/spanPlan" + filialNum)): Text of object 'Object Repository/Выполнение бизнес-плана/spanPlan1' is: '6.64
|'

25-11-2024T07:51:22 - [MESSAGE][PASSED] - Text of object 'Object Repository/Выполнение бизнес-плана/spanPlan1' is: '6.64
|'

25-11-2024T07:51:22 - [TEST_STEP][PASSED] - page1 = page1.replace("|", ""): null

25-11-2024T07:51:22 - [TEST_STEP][PASSED] - page2 = getText(findTestObject("Object Repository/Выполнение бизнес-плана/spanFact" + filialNum)): Text of object 'Object Repository/Выполнение бизнес-плана/spanFact1' is: '6.59
|'

25-11-2024T07:51:22 - [MESSAGE][PASSED] - Text of object 'Object Repository/Выполнение бизнес-плана/spanFact1' is: '6.59
|'

25-11-2024T07:51:22 - [TEST_STEP][PASSED] - page2 = page2.replace("|", ""): null

25-11-2024T07:51:22 - [TEST_STEP][PASSED] - println("page1: " + page1): null

25-11-2024T07:51:22 - [TEST_STEP][PASSED] - println("page2: " + page2): null

25-11-2024T07:51:22 - [TEST_STEP][PASSED] - file = findTestData("PlanFact").getValue(4, a): null

25-11-2024T07:51:22 - [TEST_STEP][PASSED] - file = file.replace(",", "."): null

25-11-2024T07:51:22 - [TEST_STEP][PASSED] - println("file Plan: " + file): null

25-11-2024T07:51:22 - [TEST_STEP][PASSED] - typeOfData = "План в процентах": null

25-11-2024T07:51:22 - [TEST_STEP][PASSED] - fileDouble = file.toDouble(): null

25-11-2024T07:51:22 - [TEST_STEP][PASSED] - pageDouble = page1.toDouble(): null

25-11-2024T07:51:22 - [TEST_STEP][PASSED] - if (fileDouble != pageDouble): null

25-11-2024T07:51:22 - [TEST_STEP][PASSED] - file = findTestData("PlanFact").getValue(7, a): null

25-11-2024T07:51:22 - [TEST_STEP][PASSED] - file = file.replace(",", "."): null

25-11-2024T07:51:22 - [TEST_STEP][PASSED] - println("file Fact: " + file): null

25-11-2024T07:51:22 - [TEST_STEP][PASSED] - fileDouble = file.toDouble(): null

25-11-2024T07:51:22 - [TEST_STEP][PASSED] - typeOfData = "Факт в процентах": null

25-11-2024T07:51:22 - [TEST_STEP][PASSED] - fileDouble = file.toDouble(): null

25-11-2024T07:51:22 - [TEST_STEP][PASSED] - pageDouble = page2.toDouble(): null

25-11-2024T07:51:22 - [TEST_STEP][PASSED] - if (fileDouble != pageDouble): null

25-11-2024T07:51:22 - [TEST_STEP][PASSED] - if (verifyEqual(numberOfErrors, 0) == false): Actual object '0' and expected object '0' are equal

25-11-2024T07:51:22 - [MESSAGE][PASSED] - Actual object '0' and expected object '0' are equal

25-11-2024T07:51:22 - [TEST_STEP][PASSED] - if (a == 82): null

25-11-2024T07:51:22 - [TEST_STEP][PASSED] - dZO = "Бурятэнерго": null

25-11-2024T07:51:22 - [TEST_STEP][PASSED] - a = 46: null

25-11-2024T07:51:22 - [TEST_STEP][PASSED] - if (x2.contains(dZO)): null

25-11-2024T07:51:22 - [TEST_STEP][PASSED] - filialNum = filialNum + 1: null

25-11-2024T07:51:22 - [TEST_STEP][PASSED] - Script1718980020443.Numbers(a, typeOfData, todaysDate, pageInt, fileInt, pageDouble, fileDouble, dZO, dzoNum, filialNum): null

25-11-2024T07:51:22 - [TEST_STEP][PASSED] - println(dzoNum): null

25-11-2024T07:51:22 - [TEST_STEP][PASSED] - planFact = <not implemented yet for class: org.codehaus.groovy.ast.expr.EmptyExpression>: null

25-11-2024T07:51:22 - [TEST_STEP][PASSED] - page = <not implemented yet for class: org.codehaus.groovy.ast.expr.EmptyExpression>: null

25-11-2024T07:51:22 - [TEST_STEP][PASSED] - page1 = <not implemented yet for class: org.codehaus.groovy.ast.expr.EmptyExpression>: null

25-11-2024T07:51:22 - [TEST_STEP][PASSED] - page2 = <not implemented yet for class: org.codehaus.groovy.ast.expr.EmptyExpression>: null

25-11-2024T07:51:22 - [TEST_STEP][PASSED] - filialNumberInRow = <not implemented yet for class: org.codehaus.groovy.ast.expr.EmptyExpression>: null

25-11-2024T07:51:22 - [TEST_STEP][PASSED] - filialsDzoNames = <not implemented yet for class: org.codehaus.groovy.ast.expr.EmptyExpression>: null

25-11-2024T07:51:22 - [TEST_STEP][PASSED] - numberOfFilials = <not implemented yet for class: org.codehaus.groovy.ast.expr.EmptyExpression>: null

25-11-2024T07:51:22 - [TEST_STEP][PASSED] - numberOfSpaces = <not implemented yet for class: org.codehaus.groovy.ast.expr.EmptyExpression>: null

25-11-2024T07:51:22 - [TEST_STEP][PASSED] - file = <not implemented yet for class: org.codehaus.groovy.ast.expr.EmptyExpression>: null

25-11-2024T07:51:22 - [TEST_STEP][PASSED] - otpusk = <not implemented yet for class: org.codehaus.groovy.ast.expr.EmptyExpression>: null

25-11-2024T07:51:22 - [TEST_STEP][PASSED] - poteri = <not implemented yet for class: org.codehaus.groovy.ast.expr.EmptyExpression>: null

25-11-2024T07:51:22 - [TEST_STEP][PASSED] - dataFolder = "Выполнение бизнес-плана/Значения со страницы Выполнение бизнес-плана/": null

25-11-2024T07:51:22 - [TEST_STEP][PASSED] - path = <not implemented yet for class: org.codehaus.groovy.ast.expr.EmptyExpression>: null

25-11-2024T07:51:22 - [TEST_STEP][PASSED] - typeOfDataMain = <not implemented yet for class: org.codehaus.groovy.ast.expr.EmptyExpression>: null

25-11-2024T07:51:22 - [TEST_STEP][PASSED] - fileOtpuskVSet = <not implemented yet for class: org.codehaus.groovy.ast.expr.EmptyExpression>: null

25-11-2024T07:51:22 - [TEST_STEP][PASSED] - pageOtpuskVSet = <not implemented yet for class: org.codehaus.groovy.ast.expr.EmptyExpression>: null

25-11-2024T07:51:22 - [TEST_STEP][PASSED] - filePoteri = <not implemented yet for class: org.codehaus.groovy.ast.expr.EmptyExpression>: null

25-11-2024T07:51:22 - [TEST_STEP][PASSED] - pagePoteri = <not implemented yet for class: org.codehaus.groovy.ast.expr.EmptyExpression>: null

25-11-2024T07:51:22 - [TEST_STEP][PASSED] - compare = <not implemented yet for class: org.codehaus.groovy.ast.expr.EmptyExpression>: null

25-11-2024T07:51:22 - [TEST_STEP][PASSED] - b = <not implemented yet for class: org.codehaus.groovy.ast.expr.EmptyExpression>: null

25-11-2024T07:51:22 - [TEST_STEP][PASSED] - i = <not implemented yet for class: org.codehaus.groovy.ast.expr.EmptyExpression>: null

25-11-2024T07:51:22 - [TEST_STEP][PASSED] - ii = <not implemented yet for class: org.codehaus.groovy.ast.expr.EmptyExpression>: null

25-11-2024T07:51:22 - [TEST_STEP][PASSED] - c = <not implemented yet for class: org.codehaus.groovy.ast.expr.EmptyExpression>: null

25-11-2024T07:51:22 - [TEST_STEP][PASSED] - numberOfErrors = 0: null

25-11-2024T07:51:22 - [TEST_STEP][PASSED] - if (a == 82): null

25-11-2024T07:51:22 - [TEST_STEP][PASSED] - b = findTestData("PlanFact").getValue(1, a): null

25-11-2024T07:51:23 - [TEST_STEP][PASSED] - i = b.indexOf(" (ГК)"): null

25-11-2024T07:51:23 - [TEST_STEP][PASSED] - if (i > -1): null

25-11-2024T07:51:23 - [TEST_STEP][PASSED] - i = b.indexOf("О ""): null

25-11-2024T07:51:23 - [TEST_STEP][PASSED] - if (i > -1): null

25-11-2024T07:51:23 - [TEST_STEP][PASSED] - i = b.indexOf("О «"): null

25-11-2024T07:51:23 - [TEST_STEP][PASSED] - if (i > -1): null

25-11-2024T07:51:23 - [TEST_STEP][PASSED] - i = b.indexOf("г. "): null

25-11-2024T07:51:23 - [TEST_STEP][PASSED] - if (i > -1): null

25-11-2024T07:51:23 - [TEST_STEP][PASSED] - println(b): null

25-11-2024T07:51:23 - [TEST_STEP][PASSED] - for ([planFact = 1, planFact < 3, (planFact++)]): Object: 'Object Repository/Выполнение бизнес-плана/Кнопка Факт' is clicked on

25-11-2024T07:51:23 - [TEST_STEP][PASSED] - if (planFact == 1): null

25-11-2024T07:51:23 - [TEST_STEP][PASSED] - typeOfDataMain = "Факт": null

25-11-2024T07:51:23 - [TEST_STEP][PASSED] - otpusk = findTestData("PlanFact").getValue(5, a): null

25-11-2024T07:51:23 - [TEST_STEP][PASSED] - poteri = findTestData("PlanFact").getValue(6, a): null

25-11-2024T07:51:23 - [TEST_STEP][PASSED] - otpusk = otpusk.replaceAll("\s+", ""): null

25-11-2024T07:51:23 - [TEST_STEP][PASSED] - poteri = poteri.replaceAll("\s+", ""): null

25-11-2024T07:51:23 - [TEST_STEP][PASSED] - typeOfData = typeOfDataMain + " Отпуск в сеть": null

25-11-2024T07:51:23 - [TEST_STEP][PASSED] - if (a == 82): null

25-11-2024T07:51:23 - [TEST_STEP][PASSED] - else if (a == 84): null

25-11-2024T07:51:23 - [TEST_STEP][PASSED] - else if (a == 52 || a == 72 || a == 28 || a == 73 || a == 77 || a == 74 || a == 65 || a == 36 || a == 44 || a == 53 || a == 80 || a == 54 || a == 1 || a == 18 || a == 59 || a == 81): null

25-11-2024T07:51:23 - [TEST_STEP][PASSED] - else: null

25-11-2024T07:51:23 - [TEST_STEP][PASSED] - path = dataFolder + typeOfData + " за отчётный период " + b: null

25-11-2024T07:51:23 - [TEST_STEP][PASSED] - println(path): null

25-11-2024T07:51:23 - [TEST_STEP][PASSED] - page = getText(findTestObject(path)): Text of object 'Object Repository/Выполнение бизнес-плана/Значения со страницы Выполнение бизнес-плана/Факт Отпуск в сеть за отчётный период Бурятэнерго' is: '3 766 037'

25-11-2024T07:51:23 - [MESSAGE][PASSED] - Text of object 'Object Repository/Выполнение бизнес-плана/Значения со страницы Выполнение бизнес-плана/Факт Отпуск в сеть за отчётный период Бурятэнерго' is: '3 766 037'

25-11-2024T07:51:23 - [TEST_STEP][PASSED] - page = page.replaceAll("\s+", ""): null

25-11-2024T07:51:23 - [TEST_STEP][PASSED] - fileOtpuskVSet = otpusk.toInteger(): null

25-11-2024T07:51:23 - [TEST_STEP][PASSED] - pageOtpuskVSet = page.toInteger(): null

25-11-2024T07:51:23 - [TEST_STEP][PASSED] - typeOfData = typeOfDataMain + " Потери": null

25-11-2024T07:51:23 - [TEST_STEP][PASSED] - if (a == 82): null

25-11-2024T07:51:23 - [TEST_STEP][PASSED] - else if (a == 84): null

25-11-2024T07:51:23 - [TEST_STEP][PASSED] - else if (a == 52 || a == 72 || a == 28 || a == 73 || a == 77 || a == 74 || a == 65 || a == 36 || a == 44 || a == 53 || a == 80 || a == 54 || a == 1 || a == 18 || a == 59 || a == 81): null

25-11-2024T07:51:23 - [TEST_STEP][PASSED] - else: null

25-11-2024T07:51:23 - [TEST_STEP][PASSED] - path = dataFolder + typeOfData + " за отчётный период " + b: null

25-11-2024T07:51:23 - [TEST_STEP][PASSED] - page = getText(findTestObject(path)): Text of object 'Object Repository/Выполнение бизнес-плана/Значения со страницы Выполнение бизнес-плана/Факт Потери за отчётный период Бурятэнерго' is: '403 447'

25-11-2024T07:51:23 - [MESSAGE][PASSED] - Text of object 'Object Repository/Выполнение бизнес-плана/Значения со страницы Выполнение бизнес-плана/Факт Потери за отчётный период Бурятэнерго' is: '403 447'

25-11-2024T07:51:23 - [TEST_STEP][PASSED] - page = page.replaceAll("\s+", ""): null

25-11-2024T07:51:23 - [TEST_STEP][PASSED] - filePoteri = poteri.toInteger(): null

25-11-2024T07:51:23 - [TEST_STEP][PASSED] - pagePoteri = page.toInteger(): null

25-11-2024T07:51:23 - [TEST_STEP][PASSED] - compare = pageOtpuskVSet: null

25-11-2024T07:51:23 - [TEST_STEP][PASSED] - if (compare == fileOtpuskVSet): null

25-11-2024T07:51:23 - [TEST_STEP][PASSED] - if (compare == fileOtpuskVSet): null

25-11-2024T07:51:23 - [TEST_STEP][PASSED] - compare = pagePoteri: null

25-11-2024T07:51:23 - [TEST_STEP][PASSED] - if (compare == filePoteri): null

25-11-2024T07:51:23 - [TEST_STEP][PASSED] - if (compare == filePoteri): null

25-11-2024T07:51:23 - [TEST_STEP][PASSED] - if (planFact == 2): null

25-11-2024T07:51:23 - [TEST_STEP][PASSED] - if (planFact == 1): null

25-11-2024T07:51:23 - [TEST_STEP][PASSED] - else if (planFact == 2): null

25-11-2024T07:51:23 - [TEST_STEP][PASSED] - click(findTestObject("Выполнение бизнес-плана/Кнопка План")): Object: 'Object Repository/Выполнение бизнес-плана/Кнопка План' is clicked on

25-11-2024T07:51:24 - [MESSAGE][PASSED] - Object: 'Object Repository/Выполнение бизнес-плана/Кнопка План' is clicked on

25-11-2024T07:51:24 - [TEST_STEP][PASSED] - typeOfDataMain = "План": null

25-11-2024T07:51:24 - [TEST_STEP][PASSED] - otpusk = findTestData("PlanFact").getValue(2, a): null

25-11-2024T07:51:24 - [TEST_STEP][PASSED] - poteri = findTestData("PlanFact").getValue(3, a): null

25-11-2024T07:51:24 - [TEST_STEP][PASSED] - otpusk = otpusk.replaceAll("\s+", ""): null

25-11-2024T07:51:24 - [TEST_STEP][PASSED] - poteri = poteri.replaceAll("\s+", ""): null

25-11-2024T07:51:24 - [TEST_STEP][PASSED] - typeOfData = typeOfDataMain + " Отпуск в сеть": null

25-11-2024T07:51:24 - [TEST_STEP][PASSED] - if (a == 82): null

25-11-2024T07:51:24 - [TEST_STEP][PASSED] - else if (a == 84): null

25-11-2024T07:51:24 - [TEST_STEP][PASSED] - else if (a == 52 || a == 72 || a == 28 || a == 73 || a == 77 || a == 74 || a == 65 || a == 36 || a == 44 || a == 53 || a == 80 || a == 54 || a == 1 || a == 18 || a == 59 || a == 81): null

25-11-2024T07:51:24 - [TEST_STEP][PASSED] - else: null

25-11-2024T07:51:24 - [TEST_STEP][PASSED] - path = dataFolder + typeOfData + " за отчётный период " + b: null

25-11-2024T07:51:24 - [TEST_STEP][PASSED] - println(path): null

25-11-2024T07:51:24 - [TEST_STEP][PASSED] - page = getText(findTestObject(path)): Text of object 'Object Repository/Выполнение бизнес-плана/Значения со страницы Выполнение бизнес-плана/План Отпуск в сеть за отчётный период Бурятэнерго' is: '3 621 111'

25-11-2024T07:51:24 - [MESSAGE][PASSED] - Text of object 'Object Repository/Выполнение бизнес-плана/Значения со страницы Выполнение бизнес-плана/План Отпуск в сеть за отчётный период Бурятэнерго' is: '3 621 111'

25-11-2024T07:51:24 - [TEST_STEP][PASSED] - page = page.replaceAll("\s+", ""): null

25-11-2024T07:51:24 - [TEST_STEP][PASSED] - fileOtpuskVSet = otpusk.toInteger(): null

25-11-2024T07:51:24 - [TEST_STEP][PASSED] - pageOtpuskVSet = page.toInteger(): null

25-11-2024T07:51:24 - [TEST_STEP][PASSED] - typeOfData = typeOfDataMain + " Потери": null

25-11-2024T07:51:24 - [TEST_STEP][PASSED] - if (a == 82): null

25-11-2024T07:51:24 - [TEST_STEP][PASSED] - else if (a == 84): null

25-11-2024T07:51:24 - [TEST_STEP][PASSED] - else if (a == 52 || a == 72 || a == 28 || a == 73 || a == 77 || a == 74 || a == 65 || a == 36 || a == 44 || a == 53 || a == 80 || a == 54 || a == 1 || a == 18 || a == 59 || a == 81): null

25-11-2024T07:51:24 - [TEST_STEP][PASSED] - else: null

25-11-2024T07:51:24 - [TEST_STEP][PASSED] - path = dataFolder + typeOfData + " за отчётный период " + b: null

25-11-2024T07:51:24 - [TEST_STEP][PASSED] - page = getText(findTestObject(path)): Text of object 'Object Repository/Выполнение бизнес-плана/Значения со страницы Выполнение бизнес-плана/План Потери за отчётный период Бурятэнерго' is: '373 445'

25-11-2024T07:51:24 - [MESSAGE][PASSED] - Text of object 'Object Repository/Выполнение бизнес-плана/Значения со страницы Выполнение бизнес-плана/План Потери за отчётный период Бурятэнерго' is: '373 445'

25-11-2024T07:51:24 - [TEST_STEP][PASSED] - page = page.replaceAll("\s+", ""): null

25-11-2024T07:51:24 - [TEST_STEP][PASSED] - filePoteri = poteri.toInteger(): null

25-11-2024T07:51:24 - [TEST_STEP][PASSED] - pagePoteri = page.toInteger(): null

25-11-2024T07:51:24 - [TEST_STEP][PASSED] - compare = pageOtpuskVSet: null

25-11-2024T07:51:24 - [TEST_STEP][PASSED] - if (compare == fileOtpuskVSet): null

25-11-2024T07:51:24 - [TEST_STEP][PASSED] - if (compare == fileOtpuskVSet): null

25-11-2024T07:51:24 - [TEST_STEP][PASSED] - compare = pagePoteri: null

25-11-2024T07:51:24 - [TEST_STEP][PASSED] - if (compare == filePoteri): null

25-11-2024T07:51:24 - [TEST_STEP][PASSED] - if (compare == filePoteri): null

25-11-2024T07:51:24 - [TEST_STEP][PASSED] - if (planFact == 2): Object: 'Object Repository/Выполнение бизнес-плана/Кнопка Факт' is clicked on

25-11-2024T07:51:24 - [TEST_STEP][PASSED] - click(findTestObject("Выполнение бизнес-плана/Кнопка Факт")): Object: 'Object Repository/Выполнение бизнес-плана/Кнопка Факт' is clicked on

25-11-2024T07:51:25 - [MESSAGE][PASSED] - Object: 'Object Repository/Выполнение бизнес-плана/Кнопка Факт' is clicked on

25-11-2024T07:51:25 - [TEST_STEP][PASSED] - if (a == 84 || a == 82): null

25-11-2024T07:51:25 - [TEST_STEP][PASSED] - else if (a == 52 || a == 72 || a == 28 || a == 73 || a == 77 || a == 74 || a == 65 || a == 36 || a == 44 || a == 53 || a == 80 || a == 54 || a == 1 || a == 18 || a == 59 || a == 81): null

25-11-2024T07:51:25 - [TEST_STEP][PASSED] - else: null

25-11-2024T07:51:25 - [TEST_STEP][PASSED] - page1 = getText(findTestObject("Object Repository/Выполнение бизнес-плана/spanPlan" + filialNum)): Text of object 'Object Repository/Выполнение бизнес-плана/spanPlan2' is: '10.31
|'

25-11-2024T07:51:25 - [MESSAGE][PASSED] - Text of object 'Object Repository/Выполнение бизнес-плана/spanPlan2' is: '10.31
|'

25-11-2024T07:51:25 - [TEST_STEP][PASSED] - page1 = page1.replace("|", ""): null

25-11-2024T07:51:25 - [TEST_STEP][PASSED] - page2 = getText(findTestObject("Object Repository/Выполнение бизнес-плана/spanFact" + filialNum)): Text of object 'Object Repository/Выполнение бизнес-плана/spanFact2' is: '10.71
|'

25-11-2024T07:51:25 - [MESSAGE][PASSED] - Text of object 'Object Repository/Выполнение бизнес-плана/spanFact2' is: '10.71
|'

25-11-2024T07:51:25 - [TEST_STEP][PASSED] - page2 = page2.replace("|", ""): null

25-11-2024T07:51:25 - [TEST_STEP][PASSED] - println("page1: " + page1): null

25-11-2024T07:51:25 - [TEST_STEP][PASSED] - println("page2: " + page2): null

25-11-2024T07:51:25 - [TEST_STEP][PASSED] - file = findTestData("PlanFact").getValue(4, a): null

25-11-2024T07:51:25 - [TEST_STEP][PASSED] - file = file.replace(",", "."): null

25-11-2024T07:51:25 - [TEST_STEP][PASSED] - println("file Plan: " + file): null

25-11-2024T07:51:25 - [TEST_STEP][PASSED] - typeOfData = "План в процентах": null

25-11-2024T07:51:25 - [TEST_STEP][PASSED] - fileDouble = file.toDouble(): null

25-11-2024T07:51:25 - [TEST_STEP][PASSED] - pageDouble = page1.toDouble(): null

25-11-2024T07:51:25 - [TEST_STEP][PASSED] - if (fileDouble != pageDouble): null

25-11-2024T07:51:25 - [TEST_STEP][PASSED] - file = findTestData("PlanFact").getValue(7, a): null

25-11-2024T07:51:25 - [TEST_STEP][PASSED] - file = file.replace(",", "."): null

25-11-2024T07:51:25 - [TEST_STEP][PASSED] - println("file Fact: " + file): null

25-11-2024T07:51:25 - [TEST_STEP][PASSED] - fileDouble = file.toDouble(): null

25-11-2024T07:51:25 - [TEST_STEP][PASSED] - typeOfData = "Факт в процентах": null

25-11-2024T07:51:25 - [TEST_STEP][PASSED] - fileDouble = file.toDouble(): null

25-11-2024T07:51:25 - [TEST_STEP][PASSED] - pageDouble = page2.toDouble(): null

25-11-2024T07:51:25 - [TEST_STEP][PASSED] - if (fileDouble != pageDouble): null

25-11-2024T07:51:25 - [TEST_STEP][PASSED] - if (verifyEqual(numberOfErrors, 0) == false): Actual object '0' and expected object '0' are equal

25-11-2024T07:51:25 - [MESSAGE][PASSED] - Actual object '0' and expected object '0' are equal

25-11-2024T07:51:25 - [TEST_STEP][PASSED] - if (a == 82): null

25-11-2024T07:51:25 - [TEST_STEP][PASSED] - dZO = "Красноярскэнерго": null

25-11-2024T07:51:25 - [TEST_STEP][PASSED] - a = 47: null

25-11-2024T07:51:25 - [TEST_STEP][PASSED] - if (x2.contains(dZO)): null

25-11-2024T07:51:25 - [TEST_STEP][PASSED] - filialNum = filialNum + 1: null

25-11-2024T07:51:25 - [TEST_STEP][PASSED] - Script1718980020443.Numbers(a, typeOfData, todaysDate, pageInt, fileInt, pageDouble, fileDouble, dZO, dzoNum, filialNum): null

25-11-2024T07:51:25 - [TEST_STEP][PASSED] - println(dzoNum): null

25-11-2024T07:51:25 - [TEST_STEP][PASSED] - planFact = <not implemented yet for class: org.codehaus.groovy.ast.expr.EmptyExpression>: null

25-11-2024T07:51:25 - [TEST_STEP][PASSED] - page = <not implemented yet for class: org.codehaus.groovy.ast.expr.EmptyExpression>: null

25-11-2024T07:51:25 - [TEST_STEP][PASSED] - page1 = <not implemented yet for class: org.codehaus.groovy.ast.expr.EmptyExpression>: null

25-11-2024T07:51:25 - [TEST_STEP][PASSED] - page2 = <not implemented yet for class: org.codehaus.groovy.ast.expr.EmptyExpression>: null

25-11-2024T07:51:25 - [TEST_STEP][PASSED] - filialNumberInRow = <not implemented yet for class: org.codehaus.groovy.ast.expr.EmptyExpression>: null

25-11-2024T07:51:25 - [TEST_STEP][PASSED] - filialsDzoNames = <not implemented yet for class: org.codehaus.groovy.ast.expr.EmptyExpression>: null

25-11-2024T07:51:25 - [TEST_STEP][PASSED] - numberOfFilials = <not implemented yet for class: org.codehaus.groovy.ast.expr.EmptyExpression>: null

25-11-2024T07:51:25 - [TEST_STEP][PASSED] - numberOfSpaces = <not implemented yet for class: org.codehaus.groovy.ast.expr.EmptyExpression>: null

25-11-2024T07:51:25 - [TEST_STEP][PASSED] - file = <not implemented yet for class: org.codehaus.groovy.ast.expr.EmptyExpression>: null

25-11-2024T07:51:25 - [TEST_STEP][PASSED] - otpusk = <not implemented yet for class: org.codehaus.groovy.ast.expr.EmptyExpression>: null

25-11-2024T07:51:25 - [TEST_STEP][PASSED] - poteri = <not implemented yet for class: org.codehaus.groovy.ast.expr.EmptyExpression>: null

25-11-2024T07:51:25 - [TEST_STEP][PASSED] - dataFolder = "Выполнение бизнес-плана/Значения со страницы Выполнение бизнес-плана/": null

25-11-2024T07:51:25 - [TEST_STEP][PASSED] - path = <not implemented yet for class: org.codehaus.groovy.ast.expr.EmptyExpression>: null

25-11-2024T07:51:25 - [TEST_STEP][PASSED] - typeOfDataMain = <not implemented yet for class: org.codehaus.groovy.ast.expr.EmptyExpression>: null

25-11-2024T07:51:25 - [TEST_STEP][PASSED] - fileOtpuskVSet = <not implemented yet for class: org.codehaus.groovy.ast.expr.EmptyExpression>: null

25-11-2024T07:51:25 - [TEST_STEP][PASSED] - pageOtpuskVSet = <not implemented yet for class: org.codehaus.groovy.ast.expr.EmptyExpression>: null

25-11-2024T07:51:25 - [TEST_STEP][PASSED] - filePoteri = <not implemented yet for class: org.codehaus.groovy.ast.expr.EmptyExpression>: null

25-11-2024T07:51:25 - [TEST_STEP][PASSED] - pagePoteri = <not implemented yet for class: org.codehaus.groovy.ast.expr.EmptyExpression>: null

25-11-2024T07:51:25 - [TEST_STEP][PASSED] - compare = <not implemented yet for class: org.codehaus.groovy.ast.expr.EmptyExpression>: null

25-11-2024T07:51:25 - [TEST_STEP][PASSED] - b = <not implemented yet for class: org.codehaus.groovy.ast.expr.EmptyExpression>: null

25-11-2024T07:51:25 - [TEST_STEP][PASSED] - i = <not implemented yet for class: org.codehaus.groovy.ast.expr.EmptyExpression>: null

25-11-2024T07:51:25 - [TEST_STEP][PASSED] - ii = <not implemented yet for class: org.codehaus.groovy.ast.expr.EmptyExpression>: null

25-11-2024T07:51:25 - [TEST_STEP][PASSED] - c = <not implemented yet for class: org.codehaus.groovy.ast.expr.EmptyExpression>: null

25-11-2024T07:51:25 - [TEST_STEP][PASSED] - numberOfErrors = 0: null

25-11-2024T07:51:25 - [TEST_STEP][PASSED] - if (a == 82): null

25-11-2024T07:51:25 - [TEST_STEP][PASSED] - b = findTestData("PlanFact").getValue(1, a): null

25-11-2024T07:51:26 - [TEST_STEP][PASSED] - i = b.indexOf(" (ГК)"): null

25-11-2024T07:51:26 - [TEST_STEP][PASSED] - if (i > -1): null

25-11-2024T07:51:26 - [TEST_STEP][PASSED] - i = b.indexOf("О ""): null

25-11-2024T07:51:26 - [TEST_STEP][PASSED] - if (i > -1): null

25-11-2024T07:51:26 - [TEST_STEP][PASSED] - i = b.indexOf("О «"): null

25-11-2024T07:51:26 - [TEST_STEP][PASSED] - if (i > -1): null

25-11-2024T07:51:26 - [TEST_STEP][PASSED] - i = b.indexOf("г. "): null

25-11-2024T07:51:26 - [TEST_STEP][PASSED] - if (i > -1): null

25-11-2024T07:51:26 - [TEST_STEP][PASSED] - println(b): null

25-11-2024T07:51:26 - [TEST_STEP][PASSED] - for ([planFact = 1, planFact < 3, (planFact++)]): Object: 'Object Repository/Выполнение бизнес-плана/Кнопка Факт' is clicked on

25-11-2024T07:51:26 - [TEST_STEP][PASSED] - if (planFact == 1): null

25-11-2024T07:51:26 - [TEST_STEP][PASSED] - typeOfDataMain = "Факт": null

25-11-2024T07:51:26 - [TEST_STEP][PASSED] - otpusk = findTestData("PlanFact").getValue(5, a): null

25-11-2024T07:51:26 - [TEST_STEP][PASSED] - poteri = findTestData("PlanFact").getValue(6, a): null

25-11-2024T07:51:26 - [TEST_STEP][PASSED] - otpusk = otpusk.replaceAll("\s+", ""): null

25-11-2024T07:51:26 - [TEST_STEP][PASSED] - poteri = poteri.replaceAll("\s+", ""): null

25-11-2024T07:51:26 - [TEST_STEP][PASSED] - typeOfData = typeOfDataMain + " Отпуск в сеть": null

25-11-2024T07:51:26 - [TEST_STEP][PASSED] - if (a == 82): null

25-11-2024T07:51:26 - [TEST_STEP][PASSED] - else if (a == 84): null

25-11-2024T07:51:26 - [TEST_STEP][PASSED] - else if (a == 52 || a == 72 || a == 28 || a == 73 || a == 77 || a == 74 || a == 65 || a == 36 || a == 44 || a == 53 || a == 80 || a == 54 || a == 1 || a == 18 || a == 59 || a == 81): null

25-11-2024T07:51:26 - [TEST_STEP][PASSED] - else: null

25-11-2024T07:51:26 - [TEST_STEP][PASSED] - path = dataFolder + typeOfData + " за отчётный период " + b: null

25-11-2024T07:51:26 - [TEST_STEP][PASSED] - println(path): null

25-11-2024T07:51:26 - [TEST_STEP][PASSED] - page = getText(findTestObject(path)): Text of object 'Object Repository/Выполнение бизнес-плана/Значения со страницы Выполнение бизнес-плана/Факт Отпуск в сеть за отчётный период Красноярскэнерго' is: '10 907 615'

25-11-2024T07:51:26 - [MESSAGE][PASSED] - Text of object 'Object Repository/Выполнение бизнес-плана/Значения со страницы Выполнение бизнес-плана/Факт Отпуск в сеть за отчётный период Красноярскэнерго' is: '10 907 615'

25-11-2024T07:51:26 - [TEST_STEP][PASSED] - page = page.replaceAll("\s+", ""): null

25-11-2024T07:51:26 - [TEST_STEP][PASSED] - fileOtpuskVSet = otpusk.toInteger(): null

25-11-2024T07:51:26 - [TEST_STEP][PASSED] - pageOtpuskVSet = page.toInteger(): null

25-11-2024T07:51:26 - [TEST_STEP][PASSED] - typeOfData = typeOfDataMain + " Потери": null

25-11-2024T07:51:26 - [TEST_STEP][PASSED] - if (a == 82): null

25-11-2024T07:51:26 - [TEST_STEP][PASSED] - else if (a == 84): null

25-11-2024T07:51:26 - [TEST_STEP][PASSED] - else if (a == 52 || a == 72 || a == 28 || a == 73 || a == 77 || a == 74 || a == 65 || a == 36 || a == 44 || a == 53 || a == 80 || a == 54 || a == 1 || a == 18 || a == 59 || a == 81): null

25-11-2024T07:51:26 - [TEST_STEP][PASSED] - else: null

25-11-2024T07:51:26 - [TEST_STEP][PASSED] - path = dataFolder + typeOfData + " за отчётный период " + b: null

25-11-2024T07:51:26 - [TEST_STEP][PASSED] - page = getText(findTestObject(path)): Text of object 'Object Repository/Выполнение бизнес-плана/Значения со страницы Выполнение бизнес-плана/Факт Потери за отчётный период Красноярскэнерго' is: '1 002 042'

25-11-2024T07:51:26 - [MESSAGE][PASSED] - Text of object 'Object Repository/Выполнение бизнес-плана/Значения со страницы Выполнение бизнес-плана/Факт Потери за отчётный период Красноярскэнерго' is: '1 002 042'

25-11-2024T07:51:26 - [TEST_STEP][PASSED] - page = page.replaceAll("\s+", ""): null

25-11-2024T07:51:26 - [TEST_STEP][PASSED] - filePoteri = poteri.toInteger(): null

25-11-2024T07:51:26 - [TEST_STEP][PASSED] - pagePoteri = page.toInteger(): null

25-11-2024T07:51:26 - [TEST_STEP][PASSED] - compare = pageOtpuskVSet: null

25-11-2024T07:51:26 - [TEST_STEP][PASSED] - if (compare == fileOtpuskVSet): null

25-11-2024T07:51:26 - [TEST_STEP][PASSED] - if (compare == fileOtpuskVSet): null

25-11-2024T07:51:26 - [TEST_STEP][PASSED] - compare = pagePoteri: null

25-11-2024T07:51:26 - [TEST_STEP][PASSED] - if (compare == filePoteri): null

25-11-2024T07:51:26 - [TEST_STEP][PASSED] - if (compare == filePoteri): null

25-11-2024T07:51:26 - [TEST_STEP][PASSED] - if (planFact == 2): null

25-11-2024T07:51:26 - [TEST_STEP][PASSED] - if (planFact == 1): null

25-11-2024T07:51:26 - [TEST_STEP][PASSED] - else if (planFact == 2): null

25-11-2024T07:51:26 - [TEST_STEP][PASSED] - click(findTestObject("Выполнение бизнес-плана/Кнопка План")): Object: 'Object Repository/Выполнение бизнес-плана/Кнопка План' is clicked on

25-11-2024T07:51:27 - [MESSAGE][PASSED] - Object: 'Object Repository/Выполнение бизнес-плана/Кнопка План' is clicked on

25-11-2024T07:51:27 - [TEST_STEP][PASSED] - typeOfDataMain = "План": null

25-11-2024T07:51:27 - [TEST_STEP][PASSED] - otpusk = findTestData("PlanFact").getValue(2, a): null

25-11-2024T07:51:27 - [TEST_STEP][PASSED] - poteri = findTestData("PlanFact").getValue(3, a): null

25-11-2024T07:51:27 - [TEST_STEP][PASSED] - otpusk = otpusk.replaceAll("\s+", ""): null

25-11-2024T07:51:27 - [TEST_STEP][PASSED] - poteri = poteri.replaceAll("\s+", ""): null

25-11-2024T07:51:27 - [TEST_STEP][PASSED] - typeOfData = typeOfDataMain + " Отпуск в сеть": null

25-11-2024T07:51:27 - [TEST_STEP][PASSED] - if (a == 82): null

25-11-2024T07:51:27 - [TEST_STEP][PASSED] - else if (a == 84): null

25-11-2024T07:51:27 - [TEST_STEP][PASSED] - else if (a == 52 || a == 72 || a == 28 || a == 73 || a == 77 || a == 74 || a == 65 || a == 36 || a == 44 || a == 53 || a == 80 || a == 54 || a == 1 || a == 18 || a == 59 || a == 81): null

25-11-2024T07:51:27 - [TEST_STEP][PASSED] - else: null

25-11-2024T07:51:27 - [TEST_STEP][PASSED] - path = dataFolder + typeOfData + " за отчётный период " + b: null

25-11-2024T07:51:27 - [TEST_STEP][PASSED] - println(path): null

25-11-2024T07:51:27 - [TEST_STEP][PASSED] - page = getText(findTestObject(path)): Text of object 'Object Repository/Выполнение бизнес-плана/Значения со страницы Выполнение бизнес-плана/План Отпуск в сеть за отчётный период Красноярскэнерго' is: '10 242 874'

25-11-2024T07:51:27 - [MESSAGE][PASSED] - Text of object 'Object Repository/Выполнение бизнес-плана/Значения со страницы Выполнение бизнес-плана/План Отпуск в сеть за отчётный период Красноярскэнерго' is: '10 242 874'

25-11-2024T07:51:27 - [TEST_STEP][PASSED] - page = page.replaceAll("\s+", ""): null

25-11-2024T07:51:27 - [TEST_STEP][PASSED] - fileOtpuskVSet = otpusk.toInteger(): null

25-11-2024T07:51:27 - [TEST_STEP][PASSED] - pageOtpuskVSet = page.toInteger(): null

25-11-2024T07:51:27 - [TEST_STEP][PASSED] - typeOfData = typeOfDataMain + " Потери": null

25-11-2024T07:51:27 - [TEST_STEP][PASSED] - if (a == 82): null

25-11-2024T07:51:27 - [TEST_STEP][PASSED] - else if (a == 84): null

25-11-2024T07:51:27 - [TEST_STEP][PASSED] - else if (a == 52 || a == 72 || a == 28 || a == 73 || a == 77 || a == 74 || a == 65 || a == 36 || a == 44 || a == 53 || a == 80 || a == 54 || a == 1 || a == 18 || a == 59 || a == 81): null

25-11-2024T07:51:27 - [TEST_STEP][PASSED] - else: null

25-11-2024T07:51:27 - [TEST_STEP][PASSED] - path = dataFolder + typeOfData + " за отчётный период " + b: null

25-11-2024T07:51:27 - [TEST_STEP][PASSED] - page = getText(findTestObject(path)): Text of object 'Object Repository/Выполнение бизнес-плана/Значения со страницы Выполнение бизнес-плана/План Потери за отчётный период Красноярскэнерго' is: '952 570'

25-11-2024T07:51:27 - [MESSAGE][PASSED] - Text of object 'Object Repository/Выполнение бизнес-плана/Значения со страницы Выполнение бизнес-плана/План Потери за отчётный период Красноярскэнерго' is: '952 570'

25-11-2024T07:51:27 - [TEST_STEP][PASSED] - page = page.replaceAll("\s+", ""): null

25-11-2024T07:51:27 - [TEST_STEP][PASSED] - filePoteri = poteri.toInteger(): null

25-11-2024T07:51:27 - [TEST_STEP][PASSED] - pagePoteri = page.toInteger(): null

25-11-2024T07:51:27 - [TEST_STEP][PASSED] - compare = pageOtpuskVSet: null

25-11-2024T07:51:27 - [TEST_STEP][PASSED] - if (compare == fileOtpuskVSet): null

25-11-2024T07:51:27 - [TEST_STEP][PASSED] - if (compare == fileOtpuskVSet): null

25-11-2024T07:51:27 - [TEST_STEP][PASSED] - compare = pagePoteri: null

25-11-2024T07:51:27 - [TEST_STEP][PASSED] - if (compare == filePoteri): null

25-11-2024T07:51:27 - [TEST_STEP][PASSED] - if (compare == filePoteri): null

25-11-2024T07:51:27 - [TEST_STEP][PASSED] - if (planFact == 2): Object: 'Object Repository/Выполнение бизнес-плана/Кнопка Факт' is clicked on

25-11-2024T07:51:27 - [TEST_STEP][PASSED] - click(findTestObject("Выполнение бизнес-плана/Кнопка Факт")): Object: 'Object Repository/Выполнение бизнес-плана/Кнопка Факт' is clicked on

25-11-2024T07:51:28 - [MESSAGE][PASSED] - Object: 'Object Repository/Выполнение бизнес-плана/Кнопка Факт' is clicked on

25-11-2024T07:51:28 - [TEST_STEP][PASSED] - if (a == 84 || a == 82): null

25-11-2024T07:51:28 - [TEST_STEP][PASSED] - else if (a == 52 || a == 72 || a == 28 || a == 73 || a == 77 || a == 74 || a == 65 || a == 36 || a == 44 || a == 53 || a == 80 || a == 54 || a == 1 || a == 18 || a == 59 || a == 81): null

25-11-2024T07:51:28 - [TEST_STEP][PASSED] - else: null

25-11-2024T07:51:28 - [TEST_STEP][PASSED] - page1 = getText(findTestObject("Object Repository/Выполнение бизнес-плана/spanPlan" + filialNum)): Text of object 'Object Repository/Выполнение бизнес-плана/spanPlan3' is: '9.30
|'

25-11-2024T07:51:28 - [MESSAGE][PASSED] - Text of object 'Object Repository/Выполнение бизнес-плана/spanPlan3' is: '9.30
|'

25-11-2024T07:51:28 - [TEST_STEP][PASSED] - page1 = page1.replace("|", ""): null

25-11-2024T07:51:28 - [TEST_STEP][PASSED] - page2 = getText(findTestObject("Object Repository/Выполнение бизнес-плана/spanFact" + filialNum)): Text of object 'Object Repository/Выполнение бизнес-плана/spanFact3' is: '9.19
|'

25-11-2024T07:51:28 - [MESSAGE][PASSED] - Text of object 'Object Repository/Выполнение бизнес-плана/spanFact3' is: '9.19
|'

25-11-2024T07:51:28 - [TEST_STEP][PASSED] - page2 = page2.replace("|", ""): null

25-11-2024T07:51:28 - [TEST_STEP][PASSED] - println("page1: " + page1): null

25-11-2024T07:51:28 - [TEST_STEP][PASSED] - println("page2: " + page2): null

25-11-2024T07:51:28 - [TEST_STEP][PASSED] - file = findTestData("PlanFact").getValue(4, a): null

25-11-2024T07:51:28 - [TEST_STEP][PASSED] - file = file.replace(",", "."): null

25-11-2024T07:51:28 - [TEST_STEP][PASSED] - println("file Plan: " + file): null

25-11-2024T07:51:28 - [TEST_STEP][PASSED] - typeOfData = "План в процентах": null

25-11-2024T07:51:28 - [TEST_STEP][PASSED] - fileDouble = file.toDouble(): null

25-11-2024T07:51:28 - [TEST_STEP][PASSED] - pageDouble = page1.toDouble(): null

25-11-2024T07:51:28 - [TEST_STEP][PASSED] - if (fileDouble != pageDouble): null

25-11-2024T07:51:28 - [TEST_STEP][PASSED] - file = findTestData("PlanFact").getValue(7, a): null

25-11-2024T07:51:28 - [TEST_STEP][PASSED] - file = file.replace(",", "."): null

25-11-2024T07:51:28 - [TEST_STEP][PASSED] - println("file Fact: " + file): null

25-11-2024T07:51:28 - [TEST_STEP][PASSED] - fileDouble = file.toDouble(): null

25-11-2024T07:51:28 - [TEST_STEP][PASSED] - typeOfData = "Факт в процентах": null

25-11-2024T07:51:28 - [TEST_STEP][PASSED] - fileDouble = file.toDouble(): null

25-11-2024T07:51:28 - [TEST_STEP][PASSED] - pageDouble = page2.toDouble(): null

25-11-2024T07:51:28 - [TEST_STEP][PASSED] - if (fileDouble != pageDouble): null

25-11-2024T07:51:28 - [TEST_STEP][PASSED] - if (verifyEqual(numberOfErrors, 0) == false): Actual object '0' and expected object '0' are equal

25-11-2024T07:51:28 - [MESSAGE][PASSED] - Actual object '0' and expected object '0' are equal

25-11-2024T07:51:28 - [TEST_STEP][PASSED] - if (a == 82): null

25-11-2024T07:51:28 - [TEST_STEP][PASSED] - dZO = "Кузбассэнерго-РЭС": null

25-11-2024T07:51:28 - [TEST_STEP][PASSED] - a = 48: null

25-11-2024T07:51:28 - [TEST_STEP][PASSED] - if (x2.contains(dZO)): null

25-11-2024T07:51:28 - [TEST_STEP][PASSED] - filialNum = filialNum + 1: null

25-11-2024T07:51:28 - [TEST_STEP][PASSED] - Script1718980020443.Numbers(a, typeOfData, todaysDate, pageInt, fileInt, pageDouble, fileDouble, dZO, dzoNum, filialNum): null

25-11-2024T07:51:28 - [TEST_STEP][PASSED] - println(dzoNum): null

25-11-2024T07:51:28 - [TEST_STEP][PASSED] - planFact = <not implemented yet for class: org.codehaus.groovy.ast.expr.EmptyExpression>: null

25-11-2024T07:51:28 - [TEST_STEP][PASSED] - page = <not implemented yet for class: org.codehaus.groovy.ast.expr.EmptyExpression>: null

25-11-2024T07:51:28 - [TEST_STEP][PASSED] - page1 = <not implemented yet for class: org.codehaus.groovy.ast.expr.EmptyExpression>: null

25-11-2024T07:51:28 - [TEST_STEP][PASSED] - page2 = <not implemented yet for class: org.codehaus.groovy.ast.expr.EmptyExpression>: null

25-11-2024T07:51:28 - [TEST_STEP][PASSED] - filialNumberInRow = <not implemented yet for class: org.codehaus.groovy.ast.expr.EmptyExpression>: null

25-11-2024T07:51:28 - [TEST_STEP][PASSED] - filialsDzoNames = <not implemented yet for class: org.codehaus.groovy.ast.expr.EmptyExpression>: null

25-11-2024T07:51:28 - [TEST_STEP][PASSED] - numberOfFilials = <not implemented yet for class: org.codehaus.groovy.ast.expr.EmptyExpression>: null

25-11-2024T07:51:28 - [TEST_STEP][PASSED] - numberOfSpaces = <not implemented yet for class: org.codehaus.groovy.ast.expr.EmptyExpression>: null

25-11-2024T07:51:28 - [TEST_STEP][PASSED] - file = <not implemented yet for class: org.codehaus.groovy.ast.expr.EmptyExpression>: null

25-11-2024T07:51:28 - [TEST_STEP][PASSED] - otpusk = <not implemented yet for class: org.codehaus.groovy.ast.expr.EmptyExpression>: null

25-11-2024T07:51:28 - [TEST_STEP][PASSED] - poteri = <not implemented yet for class: org.codehaus.groovy.ast.expr.EmptyExpression>: null

25-11-2024T07:51:28 - [TEST_STEP][PASSED] - dataFolder = "Выполнение бизнес-плана/Значения со страницы Выполнение бизнес-плана/": null

25-11-2024T07:51:28 - [TEST_STEP][PASSED] - path = <not implemented yet for class: org.codehaus.groovy.ast.expr.EmptyExpression>: null

25-11-2024T07:51:28 - [TEST_STEP][PASSED] - typeOfDataMain = <not implemented yet for class: org.codehaus.groovy.ast.expr.EmptyExpression>: null

25-11-2024T07:51:28 - [TEST_STEP][PASSED] - fileOtpuskVSet = <not implemented yet for class: org.codehaus.groovy.ast.expr.EmptyExpression>: null

25-11-2024T07:51:28 - [TEST_STEP][PASSED] - pageOtpuskVSet = <not implemented yet for class: org.codehaus.groovy.ast.expr.EmptyExpression>: null

25-11-2024T07:51:28 - [TEST_STEP][PASSED] - filePoteri = <not implemented yet for class: org.codehaus.groovy.ast.expr.EmptyExpression>: null

25-11-2024T07:51:28 - [TEST_STEP][PASSED] - pagePoteri = <not implemented yet for class: org.codehaus.groovy.ast.expr.EmptyExpression>: null

25-11-2024T07:51:28 - [TEST_STEP][PASSED] - compare = <not implemented yet for class: org.codehaus.groovy.ast.expr.EmptyExpression>: null

25-11-2024T07:51:28 - [TEST_STEP][PASSED] - b = <not implemented yet for class: org.codehaus.groovy.ast.expr.EmptyExpression>: null

25-11-2024T07:51:28 - [TEST_STEP][PASSED] - i = <not implemented yet for class: org.codehaus.groovy.ast.expr.EmptyExpression>: null

25-11-2024T07:51:28 - [TEST_STEP][PASSED] - ii = <not implemented yet for class: org.codehaus.groovy.ast.expr.EmptyExpression>: null

25-11-2024T07:51:28 - [TEST_STEP][PASSED] - c = <not implemented yet for class: org.codehaus.groovy.ast.expr.EmptyExpression>: null

25-11-2024T07:51:28 - [TEST_STEP][PASSED] - numberOfErrors = 0: null

25-11-2024T07:51:28 - [TEST_STEP][PASSED] - if (a == 82): null

25-11-2024T07:51:28 - [TEST_STEP][PASSED] - b = findTestData("PlanFact").getValue(1, a): null

25-11-2024T07:51:28 - [TEST_STEP][PASSED] - i = b.indexOf(" (ГК)"): null

25-11-2024T07:51:28 - [TEST_STEP][PASSED] - if (i > -1): null

25-11-2024T07:51:28 - [TEST_STEP][PASSED] - i = b.indexOf("О ""): null

25-11-2024T07:51:28 - [TEST_STEP][PASSED] - if (i > -1): null

25-11-2024T07:51:28 - [TEST_STEP][PASSED] - i = b.indexOf("О «"): null

25-11-2024T07:51:28 - [TEST_STEP][PASSED] - if (i > -1): null

25-11-2024T07:51:28 - [TEST_STEP][PASSED] - i = b.indexOf("г. "): null

25-11-2024T07:51:28 - [TEST_STEP][PASSED] - if (i > -1): null

25-11-2024T07:51:28 - [TEST_STEP][PASSED] - println(b): null

25-11-2024T07:51:28 - [TEST_STEP][PASSED] - for ([planFact = 1, planFact < 3, (planFact++)]): Object: 'Object Repository/Выполнение бизнес-плана/Кнопка Факт' is clicked on

25-11-2024T07:51:28 - [TEST_STEP][PASSED] - if (planFact == 1): null

25-11-2024T07:51:28 - [TEST_STEP][PASSED] - typeOfDataMain = "Факт": null

25-11-2024T07:51:28 - [TEST_STEP][PASSED] - otpusk = findTestData("PlanFact").getValue(5, a): null

25-11-2024T07:51:29 - [TEST_STEP][PASSED] - poteri = findTestData("PlanFact").getValue(6, a): null

25-11-2024T07:51:29 - [TEST_STEP][PASSED] - otpusk = otpusk.replaceAll("\s+", ""): null

25-11-2024T07:51:29 - [TEST_STEP][PASSED] - poteri = poteri.replaceAll("\s+", ""): null

25-11-2024T07:51:29 - [TEST_STEP][PASSED] - typeOfData = typeOfDataMain + " Отпуск в сеть": null

25-11-2024T07:51:29 - [TEST_STEP][PASSED] - if (a == 82): null

25-11-2024T07:51:29 - [TEST_STEP][PASSED] - else if (a == 84): null

25-11-2024T07:51:29 - [TEST_STEP][PASSED] - else if (a == 52 || a == 72 || a == 28 || a == 73 || a == 77 || a == 74 || a == 65 || a == 36 || a == 44 || a == 53 || a == 80 || a == 54 || a == 1 || a == 18 || a == 59 || a == 81): null

25-11-2024T07:51:29 - [TEST_STEP][PASSED] - else: null

25-11-2024T07:51:29 - [TEST_STEP][PASSED] - path = dataFolder + typeOfData + " за отчётный период " + b: null

25-11-2024T07:51:29 - [TEST_STEP][PASSED] - println(path): null

25-11-2024T07:51:29 - [TEST_STEP][PASSED] - page = getText(findTestObject(path)): Text of object 'Object Repository/Выполнение бизнес-плана/Значения со страницы Выполнение бизнес-плана/Факт Отпуск в сеть за отчётный период Кузбассэнерго-РЭС' is: '11 080 481'

25-11-2024T07:51:29 - [MESSAGE][PASSED] - Text of object 'Object Repository/Выполнение бизнес-плана/Значения со страницы Выполнение бизнес-плана/Факт Отпуск в сеть за отчётный период Кузбассэнерго-РЭС' is: '11 080 481'

25-11-2024T07:51:29 - [TEST_STEP][PASSED] - page = page.replaceAll("\s+", ""): null

25-11-2024T07:51:29 - [TEST_STEP][PASSED] - fileOtpuskVSet = otpusk.toInteger(): null

25-11-2024T07:51:29 - [TEST_STEP][PASSED] - pageOtpuskVSet = page.toInteger(): null

25-11-2024T07:51:29 - [TEST_STEP][PASSED] - typeOfData = typeOfDataMain + " Потери": null

25-11-2024T07:51:29 - [TEST_STEP][PASSED] - if (a == 82): null

25-11-2024T07:51:29 - [TEST_STEP][PASSED] - else if (a == 84): null

25-11-2024T07:51:29 - [TEST_STEP][PASSED] - else if (a == 52 || a == 72 || a == 28 || a == 73 || a == 77 || a == 74 || a == 65 || a == 36 || a == 44 || a == 53 || a == 80 || a == 54 || a == 1 || a == 18 || a == 59 || a == 81): null

25-11-2024T07:51:29 - [TEST_STEP][PASSED] - else: null

25-11-2024T07:51:29 - [TEST_STEP][PASSED] - path = dataFolder + typeOfData + " за отчётный период " + b: null

25-11-2024T07:51:29 - [TEST_STEP][PASSED] - page = getText(findTestObject(path)): Text of object 'Object Repository/Выполнение бизнес-плана/Значения со страницы Выполнение бизнес-плана/Факт Потери за отчётный период Кузбассэнерго-РЭС' is: '400 475'

25-11-2024T07:51:29 - [MESSAGE][PASSED] - Text of object 'Object Repository/Выполнение бизнес-плана/Значения со страницы Выполнение бизнес-плана/Факт Потери за отчётный период Кузбассэнерго-РЭС' is: '400 475'

25-11-2024T07:51:29 - [TEST_STEP][PASSED] - page = page.replaceAll("\s+", ""): null

25-11-2024T07:51:29 - [TEST_STEP][PASSED] - filePoteri = poteri.toInteger(): null

25-11-2024T07:51:29 - [TEST_STEP][PASSED] - pagePoteri = page.toInteger(): null

25-11-2024T07:51:29 - [TEST_STEP][PASSED] - compare = pageOtpuskVSet: null

25-11-2024T07:51:29 - [TEST_STEP][PASSED] - if (compare == fileOtpuskVSet): null

25-11-2024T07:51:29 - [TEST_STEP][PASSED] - if (compare == fileOtpuskVSet): null

25-11-2024T07:51:29 - [TEST_STEP][PASSED] - compare = pagePoteri: null

25-11-2024T07:51:29 - [TEST_STEP][PASSED] - if (compare == filePoteri): null

25-11-2024T07:51:29 - [TEST_STEP][PASSED] - if (compare == filePoteri): null

25-11-2024T07:51:29 - [TEST_STEP][PASSED] - if (planFact == 2): null

25-11-2024T07:51:29 - [TEST_STEP][PASSED] - if (planFact == 1): null

25-11-2024T07:51:29 - [TEST_STEP][PASSED] - else if (planFact == 2): null

25-11-2024T07:51:29 - [TEST_STEP][PASSED] - click(findTestObject("Выполнение бизнес-плана/Кнопка План")): Object: 'Object Repository/Выполнение бизнес-плана/Кнопка План' is clicked on

25-11-2024T07:51:30 - [MESSAGE][PASSED] - Object: 'Object Repository/Выполнение бизнес-плана/Кнопка План' is clicked on

25-11-2024T07:51:30 - [TEST_STEP][PASSED] - typeOfDataMain = "План": null

25-11-2024T07:51:30 - [TEST_STEP][PASSED] - otpusk = findTestData("PlanFact").getValue(2, a): null

25-11-2024T07:51:30 - [TEST_STEP][PASSED] - poteri = findTestData("PlanFact").getValue(3, a): null

25-11-2024T07:51:30 - [TEST_STEP][PASSED] - otpusk = otpusk.replaceAll("\s+", ""): null

25-11-2024T07:51:30 - [TEST_STEP][PASSED] - poteri = poteri.replaceAll("\s+", ""): null

25-11-2024T07:51:30 - [TEST_STEP][PASSED] - typeOfData = typeOfDataMain + " Отпуск в сеть": null

25-11-2024T07:51:30 - [TEST_STEP][PASSED] - if (a == 82): null

25-11-2024T07:51:30 - [TEST_STEP][PASSED] - else if (a == 84): null

25-11-2024T07:51:30 - [TEST_STEP][PASSED] - else if (a == 52 || a == 72 || a == 28 || a == 73 || a == 77 || a == 74 || a == 65 || a == 36 || a == 44 || a == 53 || a == 80 || a == 54 || a == 1 || a == 18 || a == 59 || a == 81): null

25-11-2024T07:51:30 - [TEST_STEP][PASSED] - else: null

25-11-2024T07:51:30 - [TEST_STEP][PASSED] - path = dataFolder + typeOfData + " за отчётный период " + b: null

25-11-2024T07:51:30 - [TEST_STEP][PASSED] - println(path): null

25-11-2024T07:51:30 - [TEST_STEP][PASSED] - page = getText(findTestObject(path)): Text of object 'Object Repository/Выполнение бизнес-плана/Значения со страницы Выполнение бизнес-плана/План Отпуск в сеть за отчётный период Кузбассэнерго-РЭС' is: '10 617 905'

25-11-2024T07:51:30 - [MESSAGE][PASSED] - Text of object 'Object Repository/Выполнение бизнес-плана/Значения со страницы Выполнение бизнес-плана/План Отпуск в сеть за отчётный период Кузбассэнерго-РЭС' is: '10 617 905'

25-11-2024T07:51:30 - [TEST_STEP][PASSED] - page = page.replaceAll("\s+", ""): null

25-11-2024T07:51:30 - [TEST_STEP][PASSED] - fileOtpuskVSet = otpusk.toInteger(): null

25-11-2024T07:51:30 - [TEST_STEP][PASSED] - pageOtpuskVSet = page.toInteger(): null

25-11-2024T07:51:30 - [TEST_STEP][PASSED] - typeOfData = typeOfDataMain + " Потери": null

25-11-2024T07:51:30 - [TEST_STEP][PASSED] - if (a == 82): null

25-11-2024T07:51:30 - [TEST_STEP][PASSED] - else if (a == 84): null

25-11-2024T07:51:30 - [TEST_STEP][PASSED] - else if (a == 52 || a == 72 || a == 28 || a == 73 || a == 77 || a == 74 || a == 65 || a == 36 || a == 44 || a == 53 || a == 80 || a == 54 || a == 1 || a == 18 || a == 59 || a == 81): null

25-11-2024T07:51:30 - [TEST_STEP][PASSED] - else: null

25-11-2024T07:51:30 - [TEST_STEP][PASSED] - path = dataFolder + typeOfData + " за отчётный период " + b: null

25-11-2024T07:51:30 - [TEST_STEP][PASSED] - page = getText(findTestObject(path)): Text of object 'Object Repository/Выполнение бизнес-плана/Значения со страницы Выполнение бизнес-плана/План Потери за отчётный период Кузбассэнерго-РЭС' is: '407 547'

25-11-2024T07:51:30 - [MESSAGE][PASSED] - Text of object 'Object Repository/Выполнение бизнес-плана/Значения со страницы Выполнение бизнес-плана/План Потери за отчётный период Кузбассэнерго-РЭС' is: '407 547'

25-11-2024T07:51:30 - [TEST_STEP][PASSED] - page = page.replaceAll("\s+", ""): null

25-11-2024T07:51:30 - [TEST_STEP][PASSED] - filePoteri = poteri.toInteger(): null

25-11-2024T07:51:30 - [TEST_STEP][PASSED] - pagePoteri = page.toInteger(): null

25-11-2024T07:51:30 - [TEST_STEP][PASSED] - compare = pageOtpuskVSet: null

25-11-2024T07:51:30 - [TEST_STEP][PASSED] - if (compare == fileOtpuskVSet): null

25-11-2024T07:51:30 - [TEST_STEP][PASSED] - if (compare == fileOtpuskVSet): null

25-11-2024T07:51:30 - [TEST_STEP][PASSED] - compare = pagePoteri: null

25-11-2024T07:51:30 - [TEST_STEP][PASSED] - if (compare == filePoteri): null

25-11-2024T07:51:30 - [TEST_STEP][PASSED] - if (compare == filePoteri): null

25-11-2024T07:51:30 - [TEST_STEP][PASSED] - if (planFact == 2): Object: 'Object Repository/Выполнение бизнес-плана/Кнопка Факт' is clicked on

25-11-2024T07:51:30 - [TEST_STEP][PASSED] - click(findTestObject("Выполнение бизнес-плана/Кнопка Факт")): Object: 'Object Repository/Выполнение бизнес-плана/Кнопка Факт' is clicked on

25-11-2024T07:51:31 - [MESSAGE][PASSED] - Object: 'Object Repository/Выполнение бизнес-плана/Кнопка Факт' is clicked on

25-11-2024T07:51:31 - [TEST_STEP][PASSED] - if (a == 84 || a == 82): null

25-11-2024T07:51:31 - [TEST_STEP][PASSED] - else if (a == 52 || a == 72 || a == 28 || a == 73 || a == 77 || a == 74 || a == 65 || a == 36 || a == 44 || a == 53 || a == 80 || a == 54 || a == 1 || a == 18 || a == 59 || a == 81): null

25-11-2024T07:51:31 - [TEST_STEP][PASSED] - else: null

25-11-2024T07:51:31 - [TEST_STEP][PASSED] - page1 = getText(findTestObject("Object Repository/Выполнение бизнес-плана/spanPlan" + filialNum)): Text of object 'Object Repository/Выполнение бизнес-плана/spanPlan4' is: '3.84
|'

25-11-2024T07:51:31 - [MESSAGE][PASSED] - Text of object 'Object Repository/Выполнение бизнес-плана/spanPlan4' is: '3.84
|'

25-11-2024T07:51:31 - [TEST_STEP][PASSED] - page1 = page1.replace("|", ""): null

25-11-2024T07:51:31 - [TEST_STEP][PASSED] - page2 = getText(findTestObject("Object Repository/Выполнение бизнес-плана/spanFact" + filialNum)): Text of object 'Object Repository/Выполнение бизнес-плана/spanFact4' is: '3.61
|'

25-11-2024T07:51:31 - [MESSAGE][PASSED] - Text of object 'Object Repository/Выполнение бизнес-плана/spanFact4' is: '3.61
|'

25-11-2024T07:51:31 - [TEST_STEP][PASSED] - page2 = page2.replace("|", ""): null

25-11-2024T07:51:31 - [TEST_STEP][PASSED] - println("page1: " + page1): null

25-11-2024T07:51:31 - [TEST_STEP][PASSED] - println("page2: " + page2): null

25-11-2024T07:51:31 - [TEST_STEP][PASSED] - file = findTestData("PlanFact").getValue(4, a): null

25-11-2024T07:51:31 - [TEST_STEP][PASSED] - file = file.replace(",", "."): null

25-11-2024T07:51:31 - [TEST_STEP][PASSED] - println("file Plan: " + file): null

25-11-2024T07:51:31 - [TEST_STEP][PASSED] - typeOfData = "План в процентах": null

25-11-2024T07:51:31 - [TEST_STEP][PASSED] - fileDouble = file.toDouble(): null

25-11-2024T07:51:31 - [TEST_STEP][PASSED] - pageDouble = page1.toDouble(): null

25-11-2024T07:51:31 - [TEST_STEP][PASSED] - if (fileDouble != pageDouble): null

25-11-2024T07:51:31 - [TEST_STEP][PASSED] - file = findTestData("PlanFact").getValue(7, a): null

25-11-2024T07:51:31 - [TEST_STEP][PASSED] - file = file.replace(",", "."): null

25-11-2024T07:51:31 - [TEST_STEP][PASSED] - println("file Fact: " + file): null

25-11-2024T07:51:31 - [TEST_STEP][PASSED] - fileDouble = file.toDouble(): null

25-11-2024T07:51:31 - [TEST_STEP][PASSED] - typeOfData = "Факт в процентах": null

25-11-2024T07:51:31 - [TEST_STEP][PASSED] - fileDouble = file.toDouble(): null

25-11-2024T07:51:31 - [TEST_STEP][PASSED] - pageDouble = page2.toDouble(): null

25-11-2024T07:51:31 - [TEST_STEP][PASSED] - if (fileDouble != pageDouble): null

25-11-2024T07:51:31 - [TEST_STEP][PASSED] - if (verifyEqual(numberOfErrors, 0) == false): Actual object '0' and expected object '0' are equal

25-11-2024T07:51:31 - [MESSAGE][PASSED] - Actual object '0' and expected object '0' are equal

25-11-2024T07:51:31 - [TEST_STEP][PASSED] - if (a == 82): null

25-11-2024T07:51:31 - [TEST_STEP][PASSED] - dZO = "Омскэнерго": null

25-11-2024T07:51:31 - [TEST_STEP][PASSED] - a = 49: null

25-11-2024T07:51:31 - [TEST_STEP][PASSED] - if (x2.contains(dZO)): null

25-11-2024T07:51:31 - [TEST_STEP][PASSED] - filialNum = filialNum + 1: null

25-11-2024T07:51:31 - [TEST_STEP][PASSED] - Script1718980020443.Numbers(a, typeOfData, todaysDate, pageInt, fileInt, pageDouble, fileDouble, dZO, dzoNum, filialNum): null

25-11-2024T07:51:31 - [TEST_STEP][PASSED] - println(dzoNum): null

25-11-2024T07:51:31 - [TEST_STEP][PASSED] - planFact = <not implemented yet for class: org.codehaus.groovy.ast.expr.EmptyExpression>: null

25-11-2024T07:51:31 - [TEST_STEP][PASSED] - page = <not implemented yet for class: org.codehaus.groovy.ast.expr.EmptyExpression>: null

25-11-2024T07:51:31 - [TEST_STEP][PASSED] - page1 = <not implemented yet for class: org.codehaus.groovy.ast.expr.EmptyExpression>: null

25-11-2024T07:51:31 - [TEST_STEP][PASSED] - page2 = <not implemented yet for class: org.codehaus.groovy.ast.expr.EmptyExpression>: null

25-11-2024T07:51:31 - [TEST_STEP][PASSED] - filialNumberInRow = <not implemented yet for class: org.codehaus.groovy.ast.expr.EmptyExpression>: null

25-11-2024T07:51:31 - [TEST_STEP][PASSED] - filialsDzoNames = <not implemented yet for class: org.codehaus.groovy.ast.expr.EmptyExpression>: null

25-11-2024T07:51:31 - [TEST_STEP][PASSED] - numberOfFilials = <not implemented yet for class: org.codehaus.groovy.ast.expr.EmptyExpression>: null

25-11-2024T07:51:31 - [TEST_STEP][PASSED] - numberOfSpaces = <not implemented yet for class: org.codehaus.groovy.ast.expr.EmptyExpression>: null

25-11-2024T07:51:31 - [TEST_STEP][PASSED] - file = <not implemented yet for class: org.codehaus.groovy.ast.expr.EmptyExpression>: null

25-11-2024T07:51:31 - [TEST_STEP][PASSED] - otpusk = <not implemented yet for class: org.codehaus.groovy.ast.expr.EmptyExpression>: null

25-11-2024T07:51:31 - [TEST_STEP][PASSED] - poteri = <not implemented yet for class: org.codehaus.groovy.ast.expr.EmptyExpression>: null

25-11-2024T07:51:31 - [TEST_STEP][PASSED] - dataFolder = "Выполнение бизнес-плана/Значения со страницы Выполнение бизнес-плана/": null

25-11-2024T07:51:31 - [TEST_STEP][PASSED] - path = <not implemented yet for class: org.codehaus.groovy.ast.expr.EmptyExpression>: null

25-11-2024T07:51:31 - [TEST_STEP][PASSED] - typeOfDataMain = <not implemented yet for class: org.codehaus.groovy.ast.expr.EmptyExpression>: null

25-11-2024T07:51:31 - [TEST_STEP][PASSED] - fileOtpuskVSet = <not implemented yet for class: org.codehaus.groovy.ast.expr.EmptyExpression>: null

25-11-2024T07:51:31 - [TEST_STEP][PASSED] - pageOtpuskVSet = <not implemented yet for class: org.codehaus.groovy.ast.expr.EmptyExpression>: null

25-11-2024T07:51:31 - [TEST_STEP][PASSED] - filePoteri = <not implemented yet for class: org.codehaus.groovy.ast.expr.EmptyExpression>: null

25-11-2024T07:51:31 - [TEST_STEP][PASSED] - pagePoteri = <not implemented yet for class: org.codehaus.groovy.ast.expr.EmptyExpression>: null

25-11-2024T07:51:31 - [TEST_STEP][PASSED] - compare = <not implemented yet for class: org.codehaus.groovy.ast.expr.EmptyExpression>: null

25-11-2024T07:51:31 - [TEST_STEP][PASSED] - b = <not implemented yet for class: org.codehaus.groovy.ast.expr.EmptyExpression>: null

25-11-2024T07:51:31 - [TEST_STEP][PASSED] - i = <not implemented yet for class: org.codehaus.groovy.ast.expr.EmptyExpression>: null

25-11-2024T07:51:31 - [TEST_STEP][PASSED] - ii = <not implemented yet for class: org.codehaus.groovy.ast.expr.EmptyExpression>: null

25-11-2024T07:51:31 - [TEST_STEP][PASSED] - c = <not implemented yet for class: org.codehaus.groovy.ast.expr.EmptyExpression>: null

25-11-2024T07:51:31 - [TEST_STEP][PASSED] - numberOfErrors = 0: null

25-11-2024T07:51:31 - [TEST_STEP][PASSED] - if (a == 82): null

25-11-2024T07:51:31 - [TEST_STEP][PASSED] - b = findTestData("PlanFact").getValue(1, a): null

25-11-2024T07:51:31 - [TEST_STEP][PASSED] - i = b.indexOf(" (ГК)"): null

25-11-2024T07:51:31 - [TEST_STEP][PASSED] - if (i > -1): null

25-11-2024T07:51:31 - [TEST_STEP][PASSED] - i = b.indexOf("О ""): null

25-11-2024T07:51:31 - [TEST_STEP][PASSED] - if (i > -1): null

25-11-2024T07:51:31 - [TEST_STEP][PASSED] - i = b.indexOf("О «"): null

25-11-2024T07:51:31 - [TEST_STEP][PASSED] - if (i > -1): null

25-11-2024T07:51:31 - [TEST_STEP][PASSED] - i = b.indexOf("г. "): null

25-11-2024T07:51:31 - [TEST_STEP][PASSED] - if (i > -1): null

25-11-2024T07:51:31 - [TEST_STEP][PASSED] - println(b): null

25-11-2024T07:51:31 - [TEST_STEP][PASSED] - for ([planFact = 1, planFact < 3, (planFact++)]): Object: 'Object Repository/Выполнение бизнес-плана/Кнопка Факт' is clicked on

25-11-2024T07:51:31 - [TEST_STEP][PASSED] - if (planFact == 1): null

25-11-2024T07:51:31 - [TEST_STEP][PASSED] - typeOfDataMain = "Факт": null

25-11-2024T07:51:31 - [TEST_STEP][PASSED] - otpusk = findTestData("PlanFact").getValue(5, a): null

25-11-2024T07:51:31 - [TEST_STEP][PASSED] - poteri = findTestData("PlanFact").getValue(6, a): null

25-11-2024T07:51:32 - [TEST_STEP][PASSED] - otpusk = otpusk.replaceAll("\s+", ""): null

25-11-2024T07:51:32 - [TEST_STEP][PASSED] - poteri = poteri.replaceAll("\s+", ""): null

25-11-2024T07:51:32 - [TEST_STEP][PASSED] - typeOfData = typeOfDataMain + " Отпуск в сеть": null

25-11-2024T07:51:32 - [TEST_STEP][PASSED] - if (a == 82): null

25-11-2024T07:51:32 - [TEST_STEP][PASSED] - else if (a == 84): null

25-11-2024T07:51:32 - [TEST_STEP][PASSED] - else if (a == 52 || a == 72 || a == 28 || a == 73 || a == 77 || a == 74 || a == 65 || a == 36 || a == 44 || a == 53 || a == 80 || a == 54 || a == 1 || a == 18 || a == 59 || a == 81): null

25-11-2024T07:51:32 - [TEST_STEP][PASSED] - else: null

25-11-2024T07:51:32 - [TEST_STEP][PASSED] - path = dataFolder + typeOfData + " за отчётный период " + b: null

25-11-2024T07:51:32 - [TEST_STEP][PASSED] - println(path): null

25-11-2024T07:51:32 - [TEST_STEP][PASSED] - page = getText(findTestObject(path)): Text of object 'Object Repository/Выполнение бизнес-плана/Значения со страницы Выполнение бизнес-плана/Факт Отпуск в сеть за отчётный период Омскэнерго' is: '6 702 408'

25-11-2024T07:51:32 - [MESSAGE][PASSED] - Text of object 'Object Repository/Выполнение бизнес-плана/Значения со страницы Выполнение бизнес-плана/Факт Отпуск в сеть за отчётный период Омскэнерго' is: '6 702 408'

25-11-2024T07:51:32 - [TEST_STEP][PASSED] - page = page.replaceAll("\s+", ""): null

25-11-2024T07:51:32 - [TEST_STEP][PASSED] - fileOtpuskVSet = otpusk.toInteger(): null

25-11-2024T07:51:32 - [TEST_STEP][PASSED] - pageOtpuskVSet = page.toInteger(): null

25-11-2024T07:51:32 - [TEST_STEP][PASSED] - typeOfData = typeOfDataMain + " Потери": null

25-11-2024T07:51:32 - [TEST_STEP][PASSED] - if (a == 82): null

25-11-2024T07:51:32 - [TEST_STEP][PASSED] - else if (a == 84): null

25-11-2024T07:51:32 - [TEST_STEP][PASSED] - else if (a == 52 || a == 72 || a == 28 || a == 73 || a == 77 || a == 74 || a == 65 || a == 36 || a == 44 || a == 53 || a == 80 || a == 54 || a == 1 || a == 18 || a == 59 || a == 81): null

25-11-2024T07:51:32 - [TEST_STEP][PASSED] - else: null

25-11-2024T07:51:32 - [TEST_STEP][PASSED] - path = dataFolder + typeOfData + " за отчётный период " + b: null

25-11-2024T07:51:32 - [TEST_STEP][PASSED] - page = getText(findTestObject(path)): Text of object 'Object Repository/Выполнение бизнес-плана/Значения со страницы Выполнение бизнес-плана/Факт Потери за отчётный период Омскэнерго' is: '405 419'

25-11-2024T07:51:32 - [MESSAGE][PASSED] - Text of object 'Object Repository/Выполнение бизнес-плана/Значения со страницы Выполнение бизнес-плана/Факт Потери за отчётный период Омскэнерго' is: '405 419'

25-11-2024T07:51:32 - [TEST_STEP][PASSED] - page = page.replaceAll("\s+", ""): null

25-11-2024T07:51:32 - [TEST_STEP][PASSED] - filePoteri = poteri.toInteger(): null

25-11-2024T07:51:32 - [TEST_STEP][PASSED] - pagePoteri = page.toInteger(): null

25-11-2024T07:51:32 - [TEST_STEP][PASSED] - compare = pageOtpuskVSet: null

25-11-2024T07:51:32 - [TEST_STEP][PASSED] - if (compare == fileOtpuskVSet): null

25-11-2024T07:51:32 - [TEST_STEP][PASSED] - if (compare == fileOtpuskVSet): null

25-11-2024T07:51:32 - [TEST_STEP][PASSED] - compare = pagePoteri: null

25-11-2024T07:51:32 - [TEST_STEP][PASSED] - if (compare == filePoteri): null

25-11-2024T07:51:32 - [TEST_STEP][PASSED] - if (compare == filePoteri): null

25-11-2024T07:51:32 - [TEST_STEP][PASSED] - if (planFact == 2): null

25-11-2024T07:51:32 - [TEST_STEP][PASSED] - if (planFact == 1): null

25-11-2024T07:51:32 - [TEST_STEP][PASSED] - else if (planFact == 2): null

25-11-2024T07:51:32 - [TEST_STEP][PASSED] - click(findTestObject("Выполнение бизнес-плана/Кнопка План")): Object: 'Object Repository/Выполнение бизнес-плана/Кнопка План' is clicked on

25-11-2024T07:51:32 - [MESSAGE][PASSED] - Object: 'Object Repository/Выполнение бизнес-плана/Кнопка План' is clicked on

25-11-2024T07:51:32 - [TEST_STEP][PASSED] - typeOfDataMain = "План": null

25-11-2024T07:51:32 - [TEST_STEP][PASSED] - otpusk = findTestData("PlanFact").getValue(2, a): null

25-11-2024T07:51:32 - [TEST_STEP][PASSED] - poteri = findTestData("PlanFact").getValue(3, a): null

25-11-2024T07:51:33 - [TEST_STEP][PASSED] - otpusk = otpusk.replaceAll("\s+", ""): null

25-11-2024T07:51:33 - [TEST_STEP][PASSED] - poteri = poteri.replaceAll("\s+", ""): null

25-11-2024T07:51:33 - [TEST_STEP][PASSED] - typeOfData = typeOfDataMain + " Отпуск в сеть": null

25-11-2024T07:51:33 - [TEST_STEP][PASSED] - if (a == 82): null

25-11-2024T07:51:33 - [TEST_STEP][PASSED] - else if (a == 84): null

25-11-2024T07:51:33 - [TEST_STEP][PASSED] - else if (a == 52 || a == 72 || a == 28 || a == 73 || a == 77 || a == 74 || a == 65 || a == 36 || a == 44 || a == 53 || a == 80 || a == 54 || a == 1 || a == 18 || a == 59 || a == 81): null

25-11-2024T07:51:33 - [TEST_STEP][PASSED] - else: null

25-11-2024T07:51:33 - [TEST_STEP][PASSED] - path = dataFolder + typeOfData + " за отчётный период " + b: null

25-11-2024T07:51:33 - [TEST_STEP][PASSED] - println(path): null

25-11-2024T07:51:33 - [TEST_STEP][PASSED] - page = getText(findTestObject(path)): Text of object 'Object Repository/Выполнение бизнес-плана/Значения со страницы Выполнение бизнес-плана/План Отпуск в сеть за отчётный период Омскэнерго' is: '6 495 201'

25-11-2024T07:51:33 - [MESSAGE][PASSED] - Text of object 'Object Repository/Выполнение бизнес-плана/Значения со страницы Выполнение бизнес-плана/План Отпуск в сеть за отчётный период Омскэнерго' is: '6 495 201'

25-11-2024T07:51:33 - [TEST_STEP][PASSED] - page = page.replaceAll("\s+", ""): null

25-11-2024T07:51:33 - [TEST_STEP][PASSED] - fileOtpuskVSet = otpusk.toInteger(): null

25-11-2024T07:51:33 - [TEST_STEP][PASSED] - pageOtpuskVSet = page.toInteger(): null

25-11-2024T07:51:33 - [TEST_STEP][PASSED] - typeOfData = typeOfDataMain + " Потери": null

25-11-2024T07:51:33 - [TEST_STEP][PASSED] - if (a == 82): null

25-11-2024T07:51:33 - [TEST_STEP][PASSED] - else if (a == 84): null

25-11-2024T07:51:33 - [TEST_STEP][PASSED] - else if (a == 52 || a == 72 || a == 28 || a == 73 || a == 77 || a == 74 || a == 65 || a == 36 || a == 44 || a == 53 || a == 80 || a == 54 || a == 1 || a == 18 || a == 59 || a == 81): null

25-11-2024T07:51:33 - [TEST_STEP][PASSED] - else: null

25-11-2024T07:51:33 - [TEST_STEP][PASSED] - path = dataFolder + typeOfData + " за отчётный период " + b: null

25-11-2024T07:51:33 - [TEST_STEP][PASSED] - page = getText(findTestObject(path)): Text of object 'Object Repository/Выполнение бизнес-плана/Значения со страницы Выполнение бизнес-плана/План Потери за отчётный период Омскэнерго' is: '393 394'

25-11-2024T07:51:33 - [MESSAGE][PASSED] - Text of object 'Object Repository/Выполнение бизнес-плана/Значения со страницы Выполнение бизнес-плана/План Потери за отчётный период Омскэнерго' is: '393 394'

25-11-2024T07:51:33 - [TEST_STEP][PASSED] - page = page.replaceAll("\s+", ""): null

25-11-2024T07:51:33 - [TEST_STEP][PASSED] - filePoteri = poteri.toInteger(): null

25-11-2024T07:51:33 - [TEST_STEP][PASSED] - pagePoteri = page.toInteger(): null

25-11-2024T07:51:33 - [TEST_STEP][PASSED] - compare = pageOtpuskVSet: null

25-11-2024T07:51:33 - [TEST_STEP][PASSED] - if (compare == fileOtpuskVSet): null

25-11-2024T07:51:33 - [TEST_STEP][PASSED] - if (compare == fileOtpuskVSet): null

25-11-2024T07:51:33 - [TEST_STEP][PASSED] - compare = pagePoteri: null

25-11-2024T07:51:33 - [TEST_STEP][PASSED] - if (compare == filePoteri): null

25-11-2024T07:51:33 - [TEST_STEP][PASSED] - if (compare == filePoteri): null

25-11-2024T07:51:33 - [TEST_STEP][PASSED] - if (planFact == 2): Object: 'Object Repository/Выполнение бизнес-плана/Кнопка Факт' is clicked on

25-11-2024T07:51:33 - [TEST_STEP][PASSED] - click(findTestObject("Выполнение бизнес-плана/Кнопка Факт")): Object: 'Object Repository/Выполнение бизнес-плана/Кнопка Факт' is clicked on

25-11-2024T07:51:33 - [MESSAGE][PASSED] - Object: 'Object Repository/Выполнение бизнес-плана/Кнопка Факт' is clicked on

25-11-2024T07:51:33 - [TEST_STEP][PASSED] - if (a == 84 || a == 82): null

25-11-2024T07:51:33 - [TEST_STEP][PASSED] - else if (a == 52 || a == 72 || a == 28 || a == 73 || a == 77 || a == 74 || a == 65 || a == 36 || a == 44 || a == 53 || a == 80 || a == 54 || a == 1 || a == 18 || a == 59 || a == 81): null

25-11-2024T07:51:33 - [TEST_STEP][PASSED] - else: null

25-11-2024T07:51:33 - [TEST_STEP][PASSED] - page1 = getText(findTestObject("Object Repository/Выполнение бизнес-плана/spanPlan" + filialNum)): Text of object 'Object Repository/Выполнение бизнес-плана/spanPlan5' is: '6.06
|'

25-11-2024T07:51:34 - [MESSAGE][PASSED] - Text of object 'Object Repository/Выполнение бизнес-плана/spanPlan5' is: '6.06
|'

25-11-2024T07:51:34 - [TEST_STEP][PASSED] - page1 = page1.replace("|", ""): null

25-11-2024T07:51:34 - [TEST_STEP][PASSED] - page2 = getText(findTestObject("Object Repository/Выполнение бизнес-плана/spanFact" + filialNum)): Text of object 'Object Repository/Выполнение бизнес-плана/spanFact5' is: '6.05
|'

25-11-2024T07:51:34 - [MESSAGE][PASSED] - Text of object 'Object Repository/Выполнение бизнес-плана/spanFact5' is: '6.05
|'

25-11-2024T07:51:34 - [TEST_STEP][PASSED] - page2 = page2.replace("|", ""): null

25-11-2024T07:51:34 - [TEST_STEP][PASSED] - println("page1: " + page1): null

25-11-2024T07:51:34 - [TEST_STEP][PASSED] - println("page2: " + page2): null

25-11-2024T07:51:34 - [TEST_STEP][PASSED] - file = findTestData("PlanFact").getValue(4, a): null

25-11-2024T07:51:34 - [TEST_STEP][PASSED] - file = file.replace(",", "."): null

25-11-2024T07:51:34 - [TEST_STEP][PASSED] - println("file Plan: " + file): null

25-11-2024T07:51:34 - [TEST_STEP][PASSED] - typeOfData = "План в процентах": null

25-11-2024T07:51:34 - [TEST_STEP][PASSED] - fileDouble = file.toDouble(): null

25-11-2024T07:51:34 - [TEST_STEP][PASSED] - pageDouble = page1.toDouble(): null

25-11-2024T07:51:34 - [TEST_STEP][PASSED] - if (fileDouble != pageDouble): null

25-11-2024T07:51:34 - [TEST_STEP][PASSED] - file = findTestData("PlanFact").getValue(7, a): null

25-11-2024T07:51:34 - [TEST_STEP][PASSED] - file = file.replace(",", "."): null

25-11-2024T07:51:34 - [TEST_STEP][PASSED] - println("file Fact: " + file): null

25-11-2024T07:51:34 - [TEST_STEP][PASSED] - fileDouble = file.toDouble(): null

25-11-2024T07:51:34 - [TEST_STEP][PASSED] - typeOfData = "Факт в процентах": null

25-11-2024T07:51:34 - [TEST_STEP][PASSED] - fileDouble = file.toDouble(): null

25-11-2024T07:51:34 - [TEST_STEP][PASSED] - pageDouble = page2.toDouble(): null

25-11-2024T07:51:34 - [TEST_STEP][PASSED] - if (fileDouble != pageDouble): null

25-11-2024T07:51:34 - [TEST_STEP][PASSED] - if (verifyEqual(numberOfErrors, 0) == false): Actual object '0' and expected object '0' are equal

25-11-2024T07:51:34 - [MESSAGE][PASSED] - Actual object '0' and expected object '0' are equal

25-11-2024T07:51:34 - [TEST_STEP][PASSED] - if (a == 82): null

25-11-2024T07:51:34 - [TEST_STEP][PASSED] - dZO = "Хакасэнерго": null

25-11-2024T07:51:34 - [TEST_STEP][PASSED] - a = 50: null

25-11-2024T07:51:34 - [TEST_STEP][PASSED] - if (x2.contains(dZO)): null

25-11-2024T07:51:34 - [TEST_STEP][PASSED] - filialNum = filialNum + 1: null

25-11-2024T07:51:34 - [TEST_STEP][PASSED] - Script1718980020443.Numbers(a, typeOfData, todaysDate, pageInt, fileInt, pageDouble, fileDouble, dZO, dzoNum, filialNum): null

25-11-2024T07:51:34 - [TEST_STEP][PASSED] - println(dzoNum): null

25-11-2024T07:51:34 - [TEST_STEP][PASSED] - planFact = <not implemented yet for class: org.codehaus.groovy.ast.expr.EmptyExpression>: null

25-11-2024T07:51:34 - [TEST_STEP][PASSED] - page = <not implemented yet for class: org.codehaus.groovy.ast.expr.EmptyExpression>: null

25-11-2024T07:51:34 - [TEST_STEP][PASSED] - page1 = <not implemented yet for class: org.codehaus.groovy.ast.expr.EmptyExpression>: null

25-11-2024T07:51:34 - [TEST_STEP][PASSED] - page2 = <not implemented yet for class: org.codehaus.groovy.ast.expr.EmptyExpression>: null

25-11-2024T07:51:34 - [TEST_STEP][PASSED] - filialNumberInRow = <not implemented yet for class: org.codehaus.groovy.ast.expr.EmptyExpression>: null

25-11-2024T07:51:34 - [TEST_STEP][PASSED] - filialsDzoNames = <not implemented yet for class: org.codehaus.groovy.ast.expr.EmptyExpression>: null

25-11-2024T07:51:34 - [TEST_STEP][PASSED] - numberOfFilials = <not implemented yet for class: org.codehaus.groovy.ast.expr.EmptyExpression>: null

25-11-2024T07:51:34 - [TEST_STEP][PASSED] - numberOfSpaces = <not implemented yet for class: org.codehaus.groovy.ast.expr.EmptyExpression>: null

25-11-2024T07:51:34 - [TEST_STEP][PASSED] - file = <not implemented yet for class: org.codehaus.groovy.ast.expr.EmptyExpression>: null

25-11-2024T07:51:34 - [TEST_STEP][PASSED] - otpusk = <not implemented yet for class: org.codehaus.groovy.ast.expr.EmptyExpression>: null

25-11-2024T07:51:34 - [TEST_STEP][PASSED] - poteri = <not implemented yet for class: org.codehaus.groovy.ast.expr.EmptyExpression>: null

25-11-2024T07:51:34 - [TEST_STEP][PASSED] - dataFolder = "Выполнение бизнес-плана/Значения со страницы Выполнение бизнес-плана/": null

25-11-2024T07:51:34 - [TEST_STEP][PASSED] - path = <not implemented yet for class: org.codehaus.groovy.ast.expr.EmptyExpression>: null

25-11-2024T07:51:34 - [TEST_STEP][PASSED] - typeOfDataMain = <not implemented yet for class: org.codehaus.groovy.ast.expr.EmptyExpression>: null

25-11-2024T07:51:34 - [TEST_STEP][PASSED] - fileOtpuskVSet = <not implemented yet for class: org.codehaus.groovy.ast.expr.EmptyExpression>: null

25-11-2024T07:51:34 - [TEST_STEP][PASSED] - pageOtpuskVSet = <not implemented yet for class: org.codehaus.groovy.ast.expr.EmptyExpression>: null

25-11-2024T07:51:34 - [TEST_STEP][PASSED] - filePoteri = <not implemented yet for class: org.codehaus.groovy.ast.expr.EmptyExpression>: null

25-11-2024T07:51:34 - [TEST_STEP][PASSED] - pagePoteri = <not implemented yet for class: org.codehaus.groovy.ast.expr.EmptyExpression>: null

25-11-2024T07:51:34 - [TEST_STEP][PASSED] - compare = <not implemented yet for class: org.codehaus.groovy.ast.expr.EmptyExpression>: null

25-11-2024T07:51:34 - [TEST_STEP][PASSED] - b = <not implemented yet for class: org.codehaus.groovy.ast.expr.EmptyExpression>: null

25-11-2024T07:51:34 - [TEST_STEP][PASSED] - i = <not implemented yet for class: org.codehaus.groovy.ast.expr.EmptyExpression>: null

25-11-2024T07:51:34 - [TEST_STEP][PASSED] - ii = <not implemented yet for class: org.codehaus.groovy.ast.expr.EmptyExpression>: null

25-11-2024T07:51:34 - [TEST_STEP][PASSED] - c = <not implemented yet for class: org.codehaus.groovy.ast.expr.EmptyExpression>: null

25-11-2024T07:51:34 - [TEST_STEP][PASSED] - numberOfErrors = 0: null

25-11-2024T07:51:34 - [TEST_STEP][PASSED] - if (a == 82): null

25-11-2024T07:51:34 - [TEST_STEP][PASSED] - b = findTestData("PlanFact").getValue(1, a): null

25-11-2024T07:51:34 - [TEST_STEP][PASSED] - i = b.indexOf(" (ГК)"): null

25-11-2024T07:51:34 - [TEST_STEP][PASSED] - if (i > -1): null

25-11-2024T07:51:34 - [TEST_STEP][PASSED] - i = b.indexOf("О ""): null

25-11-2024T07:51:34 - [TEST_STEP][PASSED] - if (i > -1): null

25-11-2024T07:51:34 - [TEST_STEP][PASSED] - i = b.indexOf("О «"): null

25-11-2024T07:51:34 - [TEST_STEP][PASSED] - if (i > -1): null

25-11-2024T07:51:34 - [TEST_STEP][PASSED] - i = b.indexOf("г. "): null

25-11-2024T07:51:34 - [TEST_STEP][PASSED] - if (i > -1): null

25-11-2024T07:51:34 - [TEST_STEP][PASSED] - println(b): null

25-11-2024T07:51:34 - [TEST_STEP][PASSED] - for ([planFact = 1, planFact < 3, (planFact++)]): Object: 'Object Repository/Выполнение бизнес-плана/Кнопка Факт' is clicked on

25-11-2024T07:51:34 - [TEST_STEP][PASSED] - if (planFact == 1): null

25-11-2024T07:51:34 - [TEST_STEP][PASSED] - typeOfDataMain = "Факт": null

25-11-2024T07:51:34 - [TEST_STEP][PASSED] - otpusk = findTestData("PlanFact").getValue(5, a): null

25-11-2024T07:51:34 - [TEST_STEP][PASSED] - poteri = findTestData("PlanFact").getValue(6, a): null

25-11-2024T07:51:34 - [TEST_STEP][PASSED] - otpusk = otpusk.replaceAll("\s+", ""): null

25-11-2024T07:51:34 - [TEST_STEP][PASSED] - poteri = poteri.replaceAll("\s+", ""): null

25-11-2024T07:51:34 - [TEST_STEP][PASSED] - typeOfData = typeOfDataMain + " Отпуск в сеть": null

25-11-2024T07:51:34 - [TEST_STEP][PASSED] - if (a == 82): null

25-11-2024T07:51:34 - [TEST_STEP][PASSED] - else if (a == 84): null

25-11-2024T07:51:34 - [TEST_STEP][PASSED] - else if (a == 52 || a == 72 || a == 28 || a == 73 || a == 77 || a == 74 || a == 65 || a == 36 || a == 44 || a == 53 || a == 80 || a == 54 || a == 1 || a == 18 || a == 59 || a == 81): null

25-11-2024T07:51:34 - [TEST_STEP][PASSED] - else: null

25-11-2024T07:51:34 - [TEST_STEP][PASSED] - path = dataFolder + typeOfData + " за отчётный период " + b: null

25-11-2024T07:51:34 - [TEST_STEP][PASSED] - println(path): null

25-11-2024T07:51:34 - [TEST_STEP][PASSED] - page = getText(findTestObject(path)): Text of object 'Object Repository/Выполнение бизнес-плана/Значения со страницы Выполнение бизнес-плана/Факт Отпуск в сеть за отчётный период Хакасэнерго' is: '2 569 596'

25-11-2024T07:51:35 - [MESSAGE][PASSED] - Text of object 'Object Repository/Выполнение бизнес-плана/Значения со страницы Выполнение бизнес-плана/Факт Отпуск в сеть за отчётный период Хакасэнерго' is: '2 569 596'

25-11-2024T07:51:35 - [TEST_STEP][PASSED] - page = page.replaceAll("\s+", ""): null

25-11-2024T07:51:35 - [TEST_STEP][PASSED] - fileOtpuskVSet = otpusk.toInteger(): null

25-11-2024T07:51:35 - [TEST_STEP][PASSED] - pageOtpuskVSet = page.toInteger(): null

25-11-2024T07:51:35 - [TEST_STEP][PASSED] - typeOfData = typeOfDataMain + " Потери": null

25-11-2024T07:51:35 - [TEST_STEP][PASSED] - if (a == 82): null

25-11-2024T07:51:35 - [TEST_STEP][PASSED] - else if (a == 84): null

25-11-2024T07:51:35 - [TEST_STEP][PASSED] - else if (a == 52 || a == 72 || a == 28 || a == 73 || a == 77 || a == 74 || a == 65 || a == 36 || a == 44 || a == 53 || a == 80 || a == 54 || a == 1 || a == 18 || a == 59 || a == 81): null

25-11-2024T07:51:35 - [TEST_STEP][PASSED] - else: null

25-11-2024T07:51:35 - [TEST_STEP][PASSED] - path = dataFolder + typeOfData + " за отчётный период " + b: null

25-11-2024T07:51:35 - [TEST_STEP][PASSED] - page = getText(findTestObject(path)): Text of object 'Object Repository/Выполнение бизнес-плана/Значения со страницы Выполнение бизнес-плана/Факт Потери за отчётный период Хакасэнерго' is: '192 309'

25-11-2024T07:51:35 - [MESSAGE][PASSED] - Text of object 'Object Repository/Выполнение бизнес-плана/Значения со страницы Выполнение бизнес-плана/Факт Потери за отчётный период Хакасэнерго' is: '192 309'

25-11-2024T07:51:35 - [TEST_STEP][PASSED] - page = page.replaceAll("\s+", ""): null

25-11-2024T07:51:35 - [TEST_STEP][PASSED] - filePoteri = poteri.toInteger(): null

25-11-2024T07:51:35 - [TEST_STEP][PASSED] - pagePoteri = page.toInteger(): null

25-11-2024T07:51:35 - [TEST_STEP][PASSED] - compare = pageOtpuskVSet: null

25-11-2024T07:51:35 - [TEST_STEP][PASSED] - if (compare == fileOtpuskVSet): null

25-11-2024T07:51:35 - [TEST_STEP][PASSED] - if (compare == fileOtpuskVSet): null

25-11-2024T07:51:35 - [TEST_STEP][PASSED] - compare = pagePoteri: null

25-11-2024T07:51:35 - [TEST_STEP][PASSED] - if (compare == filePoteri): null

25-11-2024T07:51:35 - [TEST_STEP][PASSED] - if (compare == filePoteri): null

25-11-2024T07:51:35 - [TEST_STEP][PASSED] - if (planFact == 2): null

25-11-2024T07:51:35 - [TEST_STEP][PASSED] - if (planFact == 1): null

25-11-2024T07:51:35 - [TEST_STEP][PASSED] - else if (planFact == 2): null

25-11-2024T07:51:35 - [TEST_STEP][PASSED] - click(findTestObject("Выполнение бизнес-плана/Кнопка План")): Object: 'Object Repository/Выполнение бизнес-плана/Кнопка План' is clicked on

25-11-2024T07:51:35 - [MESSAGE][PASSED] - Object: 'Object Repository/Выполнение бизнес-плана/Кнопка План' is clicked on

25-11-2024T07:51:35 - [TEST_STEP][PASSED] - typeOfDataMain = "План": null

25-11-2024T07:51:35 - [TEST_STEP][PASSED] - otpusk = findTestData("PlanFact").getValue(2, a): null

25-11-2024T07:51:35 - [TEST_STEP][PASSED] - poteri = findTestData("PlanFact").getValue(3, a): null

25-11-2024T07:51:35 - [TEST_STEP][PASSED] - otpusk = otpusk.replaceAll("\s+", ""): null

25-11-2024T07:51:35 - [TEST_STEP][PASSED] - poteri = poteri.replaceAll("\s+", ""): null

25-11-2024T07:51:35 - [TEST_STEP][PASSED] - typeOfData = typeOfDataMain + " Отпуск в сеть": null

25-11-2024T07:51:35 - [TEST_STEP][PASSED] - if (a == 82): null

25-11-2024T07:51:35 - [TEST_STEP][PASSED] - else if (a == 84): null

25-11-2024T07:51:35 - [TEST_STEP][PASSED] - else if (a == 52 || a == 72 || a == 28 || a == 73 || a == 77 || a == 74 || a == 65 || a == 36 || a == 44 || a == 53 || a == 80 || a == 54 || a == 1 || a == 18 || a == 59 || a == 81): null

25-11-2024T07:51:35 - [TEST_STEP][PASSED] - else: null

25-11-2024T07:51:35 - [TEST_STEP][PASSED] - path = dataFolder + typeOfData + " за отчётный период " + b: null

25-11-2024T07:51:35 - [TEST_STEP][PASSED] - println(path): null

25-11-2024T07:51:35 - [TEST_STEP][PASSED] - page = getText(findTestObject(path)): Text of object 'Object Repository/Выполнение бизнес-плана/Значения со страницы Выполнение бизнес-плана/План Отпуск в сеть за отчётный период Хакасэнерго' is: '2 265 562'

25-11-2024T07:51:36 - [MESSAGE][PASSED] - Text of object 'Object Repository/Выполнение бизнес-плана/Значения со страницы Выполнение бизнес-плана/План Отпуск в сеть за отчётный период Хакасэнерго' is: '2 265 562'

25-11-2024T07:51:36 - [TEST_STEP][PASSED] - page = page.replaceAll("\s+", ""): null

25-11-2024T07:51:36 - [TEST_STEP][PASSED] - fileOtpuskVSet = otpusk.toInteger(): null

25-11-2024T07:51:36 - [TEST_STEP][PASSED] - pageOtpuskVSet = page.toInteger(): null

25-11-2024T07:51:36 - [TEST_STEP][PASSED] - typeOfData = typeOfDataMain + " Потери": null

25-11-2024T07:51:36 - [TEST_STEP][PASSED] - if (a == 82): null

25-11-2024T07:51:36 - [TEST_STEP][PASSED] - else if (a == 84): null

25-11-2024T07:51:36 - [TEST_STEP][PASSED] - else if (a == 52 || a == 72 || a == 28 || a == 73 || a == 77 || a == 74 || a == 65 || a == 36 || a == 44 || a == 53 || a == 80 || a == 54 || a == 1 || a == 18 || a == 59 || a == 81): null

25-11-2024T07:51:36 - [TEST_STEP][PASSED] - else: null

25-11-2024T07:51:36 - [TEST_STEP][PASSED] - path = dataFolder + typeOfData + " за отчётный период " + b: null

25-11-2024T07:51:36 - [TEST_STEP][PASSED] - page = getText(findTestObject(path)): Text of object 'Object Repository/Выполнение бизнес-плана/Значения со страницы Выполнение бизнес-плана/План Потери за отчётный период Хакасэнерго' is: '169 570'

25-11-2024T07:51:36 - [MESSAGE][PASSED] - Text of object 'Object Repository/Выполнение бизнес-плана/Значения со страницы Выполнение бизнес-плана/План Потери за отчётный период Хакасэнерго' is: '169 570'

25-11-2024T07:51:36 - [TEST_STEP][PASSED] - page = page.replaceAll("\s+", ""): null

25-11-2024T07:51:36 - [TEST_STEP][PASSED] - filePoteri = poteri.toInteger(): null

25-11-2024T07:51:36 - [TEST_STEP][PASSED] - pagePoteri = page.toInteger(): null

25-11-2024T07:51:36 - [TEST_STEP][PASSED] - compare = pageOtpuskVSet: null

25-11-2024T07:51:36 - [TEST_STEP][PASSED] - if (compare == fileOtpuskVSet): null

25-11-2024T07:51:36 - [TEST_STEP][PASSED] - if (compare == fileOtpuskVSet): null

25-11-2024T07:51:36 - [TEST_STEP][PASSED] - compare = pagePoteri: null

25-11-2024T07:51:36 - [TEST_STEP][PASSED] - if (compare == filePoteri): null

25-11-2024T07:51:36 - [TEST_STEP][PASSED] - if (compare == filePoteri): null

25-11-2024T07:51:36 - [TEST_STEP][PASSED] - if (planFact == 2): Object: 'Object Repository/Выполнение бизнес-плана/Кнопка Факт' is clicked on

25-11-2024T07:51:36 - [TEST_STEP][PASSED] - click(findTestObject("Выполнение бизнес-плана/Кнопка Факт")): Object: 'Object Repository/Выполнение бизнес-плана/Кнопка Факт' is clicked on

25-11-2024T07:51:36 - [MESSAGE][PASSED] - Object: 'Object Repository/Выполнение бизнес-плана/Кнопка Факт' is clicked on

25-11-2024T07:51:36 - [TEST_STEP][PASSED] - if (a == 84 || a == 82): null

25-11-2024T07:51:36 - [TEST_STEP][PASSED] - else if (a == 52 || a == 72 || a == 28 || a == 73 || a == 77 || a == 74 || a == 65 || a == 36 || a == 44 || a == 53 || a == 80 || a == 54 || a == 1 || a == 18 || a == 59 || a == 81): null

25-11-2024T07:51:36 - [TEST_STEP][PASSED] - else: null

25-11-2024T07:51:36 - [TEST_STEP][PASSED] - page1 = getText(findTestObject("Object Repository/Выполнение бизнес-плана/spanPlan" + filialNum)): Text of object 'Object Repository/Выполнение бизнес-плана/spanPlan6' is: '7.48
|'

25-11-2024T07:51:37 - [MESSAGE][PASSED] - Text of object 'Object Repository/Выполнение бизнес-плана/spanPlan6' is: '7.48
|'

25-11-2024T07:51:37 - [TEST_STEP][PASSED] - page1 = page1.replace("|", ""): null

25-11-2024T07:51:37 - [TEST_STEP][PASSED] - page2 = getText(findTestObject("Object Repository/Выполнение бизнес-плана/spanFact" + filialNum)): Text of object 'Object Repository/Выполнение бизнес-плана/spanFact6' is: '7.48
|'

25-11-2024T07:51:37 - [MESSAGE][PASSED] - Text of object 'Object Repository/Выполнение бизнес-плана/spanFact6' is: '7.48
|'

25-11-2024T07:51:37 - [TEST_STEP][PASSED] - page2 = page2.replace("|", ""): null

25-11-2024T07:51:37 - [TEST_STEP][PASSED] - println("page1: " + page1): null

25-11-2024T07:51:37 - [TEST_STEP][PASSED] - println("page2: " + page2): null

25-11-2024T07:51:37 - [TEST_STEP][PASSED] - file = findTestData("PlanFact").getValue(4, a): null

25-11-2024T07:51:37 - [TEST_STEP][PASSED] - file = file.replace(",", "."): null

25-11-2024T07:51:37 - [TEST_STEP][PASSED] - println("file Plan: " + file): null

25-11-2024T07:51:37 - [TEST_STEP][PASSED] - typeOfData = "План в процентах": null

25-11-2024T07:51:37 - [TEST_STEP][PASSED] - fileDouble = file.toDouble(): null

25-11-2024T07:51:37 - [TEST_STEP][PASSED] - pageDouble = page1.toDouble(): null

25-11-2024T07:51:37 - [TEST_STEP][PASSED] - if (fileDouble != pageDouble): null

25-11-2024T07:51:37 - [TEST_STEP][PASSED] - file = findTestData("PlanFact").getValue(7, a): null

25-11-2024T07:51:37 - [TEST_STEP][PASSED] - file = file.replace(",", "."): null

25-11-2024T07:51:37 - [TEST_STEP][PASSED] - println("file Fact: " + file): null

25-11-2024T07:51:37 - [TEST_STEP][PASSED] - fileDouble = file.toDouble(): null

25-11-2024T07:51:37 - [TEST_STEP][PASSED] - typeOfData = "Факт в процентах": null

25-11-2024T07:51:37 - [TEST_STEP][PASSED] - fileDouble = file.toDouble(): null

25-11-2024T07:51:37 - [TEST_STEP][PASSED] - pageDouble = page2.toDouble(): null

25-11-2024T07:51:37 - [TEST_STEP][PASSED] - if (fileDouble != pageDouble): null

25-11-2024T07:51:37 - [TEST_STEP][PASSED] - if (verifyEqual(numberOfErrors, 0) == false): Actual object '0' and expected object '0' are equal

25-11-2024T07:51:37 - [MESSAGE][PASSED] - Actual object '0' and expected object '0' are equal

25-11-2024T07:51:37 - [TEST_STEP][PASSED] - if (a == 82): null

25-11-2024T07:51:37 - [TEST_STEP][PASSED] - dZO = "Читаэнерго": null

25-11-2024T07:51:37 - [TEST_STEP][PASSED] - a = 51: null

25-11-2024T07:51:37 - [TEST_STEP][PASSED] - if (x2.contains(dZO)): null

25-11-2024T07:51:37 - [TEST_STEP][PASSED] - filialNum = filialNum + 1: null

25-11-2024T07:51:37 - [TEST_STEP][PASSED] - Script1718980020443.Numbers(a, typeOfData, todaysDate, pageInt, fileInt, pageDouble, fileDouble, dZO, dzoNum, filialNum): null

25-11-2024T07:51:37 - [TEST_STEP][PASSED] - println(dzoNum): null

25-11-2024T07:51:37 - [TEST_STEP][PASSED] - planFact = <not implemented yet for class: org.codehaus.groovy.ast.expr.EmptyExpression>: null

25-11-2024T07:51:37 - [TEST_STEP][PASSED] - page = <not implemented yet for class: org.codehaus.groovy.ast.expr.EmptyExpression>: null

25-11-2024T07:51:37 - [TEST_STEP][PASSED] - page1 = <not implemented yet for class: org.codehaus.groovy.ast.expr.EmptyExpression>: null

25-11-2024T07:51:37 - [TEST_STEP][PASSED] - page2 = <not implemented yet for class: org.codehaus.groovy.ast.expr.EmptyExpression>: null

25-11-2024T07:51:37 - [TEST_STEP][PASSED] - filialNumberInRow = <not implemented yet for class: org.codehaus.groovy.ast.expr.EmptyExpression>: null

25-11-2024T07:51:37 - [TEST_STEP][PASSED] - filialsDzoNames = <not implemented yet for class: org.codehaus.groovy.ast.expr.EmptyExpression>: null

25-11-2024T07:51:37 - [TEST_STEP][PASSED] - numberOfFilials = <not implemented yet for class: org.codehaus.groovy.ast.expr.EmptyExpression>: null

25-11-2024T07:51:37 - [TEST_STEP][PASSED] - numberOfSpaces = <not implemented yet for class: org.codehaus.groovy.ast.expr.EmptyExpression>: null

25-11-2024T07:51:37 - [TEST_STEP][PASSED] - file = <not implemented yet for class: org.codehaus.groovy.ast.expr.EmptyExpression>: null

25-11-2024T07:51:37 - [TEST_STEP][PASSED] - otpusk = <not implemented yet for class: org.codehaus.groovy.ast.expr.EmptyExpression>: null

25-11-2024T07:51:37 - [TEST_STEP][PASSED] - poteri = <not implemented yet for class: org.codehaus.groovy.ast.expr.EmptyExpression>: null

25-11-2024T07:51:37 - [TEST_STEP][PASSED] - dataFolder = "Выполнение бизнес-плана/Значения со страницы Выполнение бизнес-плана/": null

25-11-2024T07:51:37 - [TEST_STEP][PASSED] - path = <not implemented yet for class: org.codehaus.groovy.ast.expr.EmptyExpression>: null

25-11-2024T07:51:37 - [TEST_STEP][PASSED] - typeOfDataMain = <not implemented yet for class: org.codehaus.groovy.ast.expr.EmptyExpression>: null

25-11-2024T07:51:37 - [TEST_STEP][PASSED] - fileOtpuskVSet = <not implemented yet for class: org.codehaus.groovy.ast.expr.EmptyExpression>: null

25-11-2024T07:51:37 - [TEST_STEP][PASSED] - pageOtpuskVSet = <not implemented yet for class: org.codehaus.groovy.ast.expr.EmptyExpression>: null

25-11-2024T07:51:37 - [TEST_STEP][PASSED] - filePoteri = <not implemented yet for class: org.codehaus.groovy.ast.expr.EmptyExpression>: null

25-11-2024T07:51:37 - [TEST_STEP][PASSED] - pagePoteri = <not implemented yet for class: org.codehaus.groovy.ast.expr.EmptyExpression>: null

25-11-2024T07:51:37 - [TEST_STEP][PASSED] - compare = <not implemented yet for class: org.codehaus.groovy.ast.expr.EmptyExpression>: null

25-11-2024T07:51:37 - [TEST_STEP][PASSED] - b = <not implemented yet for class: org.codehaus.groovy.ast.expr.EmptyExpression>: null

25-11-2024T07:51:37 - [TEST_STEP][PASSED] - i = <not implemented yet for class: org.codehaus.groovy.ast.expr.EmptyExpression>: null

25-11-2024T07:51:37 - [TEST_STEP][PASSED] - ii = <not implemented yet for class: org.codehaus.groovy.ast.expr.EmptyExpression>: null

25-11-2024T07:51:37 - [TEST_STEP][PASSED] - c = <not implemented yet for class: org.codehaus.groovy.ast.expr.EmptyExpression>: null

25-11-2024T07:51:37 - [TEST_STEP][PASSED] - numberOfErrors = 0: null

25-11-2024T07:51:37 - [TEST_STEP][PASSED] - if (a == 82): null

25-11-2024T07:51:37 - [TEST_STEP][PASSED] - b = findTestData("PlanFact").getValue(1, a): null

25-11-2024T07:51:37 - [TEST_STEP][PASSED] - i = b.indexOf(" (ГК)"): null

25-11-2024T07:51:37 - [TEST_STEP][PASSED] - if (i > -1): null

25-11-2024T07:51:37 - [TEST_STEP][PASSED] - i = b.indexOf("О ""): null

25-11-2024T07:51:37 - [TEST_STEP][PASSED] - if (i > -1): null

25-11-2024T07:51:37 - [TEST_STEP][PASSED] - i = b.indexOf("О «"): null

25-11-2024T07:51:37 - [TEST_STEP][PASSED] - if (i > -1): null

25-11-2024T07:51:37 - [TEST_STEP][PASSED] - i = b.indexOf("г. "): null

25-11-2024T07:51:37 - [TEST_STEP][PASSED] - if (i > -1): null

25-11-2024T07:51:37 - [TEST_STEP][PASSED] - println(b): null

25-11-2024T07:51:37 - [TEST_STEP][PASSED] - for ([planFact = 1, planFact < 3, (planFact++)]): null

25-11-2024T07:51:37 - [TEST_STEP][PASSED] - if (planFact == 1): null

25-11-2024T07:51:37 - [TEST_STEP][PASSED] - typeOfDataMain = "Факт": null

25-11-2024T07:51:37 - [TEST_STEP][PASSED] - otpusk = findTestData("PlanFact").getValue(5, a): null

25-11-2024T07:51:37 - [TEST_STEP][PASSED] - poteri = findTestData("PlanFact").getValue(6, a): null

25-11-2024T07:51:37 - [TEST_STEP][PASSED] - otpusk = otpusk.replaceAll("\s+", ""): null

25-11-2024T07:51:37 - [TEST_STEP][PASSED] - poteri = poteri.replaceAll("\s+", ""): null

25-11-2024T07:51:37 - [TEST_STEP][PASSED] - typeOfData = typeOfDataMain + " Отпуск в сеть": null

25-11-2024T07:51:37 - [TEST_STEP][PASSED] - if (a == 82): null

25-11-2024T07:51:37 - [TEST_STEP][PASSED] - else if (a == 84): null

25-11-2024T07:51:37 - [TEST_STEP][PASSED] - else if (a == 52 || a == 72 || a == 28 || a == 73 || a == 77 || a == 74 || a == 65 || a == 36 || a == 44 || a == 53 || a == 80 || a == 54 || a == 1 || a == 18 || a == 59 || a == 81): null

25-11-2024T07:51:37 - [TEST_STEP][PASSED] - else: null

25-11-2024T07:51:37 - [TEST_STEP][PASSED] - path = dataFolder + typeOfData + " за отчётный период " + b: null

25-11-2024T07:51:37 - [TEST_STEP][PASSED] - println(path): null

25-11-2024T07:51:37 - [TEST_STEP][PASSED] - page = getText(findTestObject(path)): Text of object 'Object Repository/Выполнение бизнес-плана/Значения со страницы Выполнение бизнес-плана/Факт Отпуск в сеть за отчётный период Читаэнерго' is: '5 431 468'

25-11-2024T07:51:38 - [MESSAGE][PASSED] - Text of object 'Object Repository/Выполнение бизнес-плана/Значения со страницы Выполнение бизнес-плана/Факт Отпуск в сеть за отчётный период Читаэнерго' is: '5 431 468'

25-11-2024T07:51:38 - [TEST_STEP][PASSED] - page = page.replaceAll("\s+", ""): null

25-11-2024T07:51:38 - [TEST_STEP][PASSED] - fileOtpuskVSet = otpusk.toInteger(): null

25-11-2024T07:51:38 - [TEST_STEP][PASSED] - pageOtpuskVSet = page.toInteger(): null

25-11-2024T07:51:38 - [TEST_STEP][PASSED] - typeOfData = typeOfDataMain + " Потери": null

25-11-2024T07:51:38 - [TEST_STEP][PASSED] - if (a == 82): null

25-11-2024T07:51:38 - [TEST_STEP][PASSED] - else if (a == 84): null

25-11-2024T07:51:38 - [TEST_STEP][PASSED] - else if (a == 52 || a == 72 || a == 28 || a == 73 || a == 77 || a == 74 || a == 65 || a == 36 || a == 44 || a == 53 || a == 80 || a == 54 || a == 1 || a == 18 || a == 59 || a == 81): null

25-11-2024T07:51:38 - [TEST_STEP][PASSED] - else: null

25-11-2024T07:51:38 - [TEST_STEP][PASSED] - path = dataFolder + typeOfData + " за отчётный период " + b: null

25-11-2024T07:51:38 - [TEST_STEP][PASSED] - page = getText(findTestObject(path)): Text of object 'Object Repository/Выполнение бизнес-плана/Значения со страницы Выполнение бизнес-плана/Факт Потери за отчётный период Читаэнерго' is: '419 296'

25-11-2024T07:51:38 - [MESSAGE][PASSED] - Text of object 'Object Repository/Выполнение бизнес-плана/Значения со страницы Выполнение бизнес-плана/Факт Потери за отчётный период Читаэнерго' is: '419 296'

25-11-2024T07:51:38 - [TEST_STEP][PASSED] - page = page.replaceAll("\s+", ""): null

25-11-2024T07:51:38 - [TEST_STEP][PASSED] - filePoteri = poteri.toInteger(): null

25-11-2024T07:51:38 - [TEST_STEP][PASSED] - pagePoteri = page.toInteger(): null

25-11-2024T07:51:38 - [TEST_STEP][PASSED] - compare = pageOtpuskVSet: null

25-11-2024T07:51:38 - [TEST_STEP][PASSED] - if (compare == fileOtpuskVSet): null

25-11-2024T07:51:38 - [TEST_STEP][PASSED] - else if (compare > fileOtpuskVSet): null

25-11-2024T07:51:38 - [TEST_STEP][PASSED] - compare = compare - 1: null

25-11-2024T07:51:38 - [TEST_STEP][PASSED] - if (compare == fileOtpuskVSet): null

25-11-2024T07:51:38 - [TEST_STEP][PASSED] - else: null

25-11-2024T07:51:38 - [TEST_STEP][PASSED] - numberOfErrors = numberOfErrors + 1: null

25-11-2024T07:51:38 - [TEST_STEP][PASSED] - pageInt = pageOtpuskVSet: null

25-11-2024T07:51:38 - [TEST_STEP][PASSED] - fileInt = fileOtpuskVSet: null

25-11-2024T07:51:38 - [TEST_STEP][PASSED] - typeOfData = typeOfDataMain + " Отпуск в сеть": null

25-11-2024T07:51:38 - [TEST_STEP][PASSED] - Script1718980020443.WriteToExcel(a, typeOfData, todaysDate, pageInt, fileInt, pageDouble, fileDouble, dZO): null

25-11-2024T07:51:38 - [TEST_STEP][PASSED] - sheetName = "Sheet1": null

25-11-2024T07:51:38 - [TEST_STEP][PASSED] - data = findTestData("PlanFact"): null

25-11-2024T07:51:38 - [TEST_STEP][PASSED] - n = data.getRowNumbers() + 1: null

25-11-2024T07:51:38 - [TEST_STEP][PASSED] - year = todaysDate.substring(todaysDate.length() - 4, todaysDate.length()): null

25-11-2024T07:51:38 - [TEST_STEP][PASSED] - y = year.toInteger(): null

25-11-2024T07:51:38 - [TEST_STEP][PASSED] - m = getText(findTestObject("Выполнение бизнес-плана/Период")): Text of object 'Object Repository/Выполнение бизнес-плана/Период' is: '1, 2, 3 кв. 2024 года'

25-11-2024T07:51:38 - [MESSAGE][PASSED] - Text of object 'Object Repository/Выполнение бизнес-плана/Период' is: '1, 2, 3 кв. 2024 года'

25-11-2024T07:51:38 - [TEST_STEP][PASSED] - m = m.substring(0, m.indexOf("2024")): null

25-11-2024T07:51:38 - [TEST_STEP][PASSED] - m = m.trim(): null

25-11-2024T07:51:38 - [TEST_STEP][PASSED] - dashboardName = "Выполнение бизнес-плана": null

25-11-2024T07:51:38 - [TEST_STEP][PASSED] - workbook01 = getWorkbook(excelFilePath): null

25-11-2024T07:51:38 - [TEST_STEP][PASSED] - sheet01 = getExcelSheet(workbook01, sheetName): null

25-11-2024T07:51:38 - [TEST_STEP][PASSED] - setValueToCellByIndex(sheet01, n, 0, dashboardName): null

25-11-2024T07:51:38 - [TEST_STEP][PASSED] - setValueToCellByIndex(sheet01, n, 1, dZO): null

25-11-2024T07:51:38 - [TEST_STEP][PASSED] - setValueToCellByIndex(sheet01, n, 2, typeOfData): null

25-11-2024T07:51:38 - [TEST_STEP][PASSED] - if (typeOfData == "Факт в процентах" || typeOfData == "План в процентах"): null

25-11-2024T07:51:38 - [TEST_STEP][PASSED] - else: null

25-11-2024T07:51:38 - [TEST_STEP][PASSED] - setValueToCellByIndex(sheet01, n, 3, fileInt): null

25-11-2024T07:51:38 - [TEST_STEP][PASSED] - setValueToCellByIndex(sheet01, n, 4, pageInt): null

25-11-2024T07:51:38 - [TEST_STEP][PASSED] - setValueToCellByIndex(sheet01, n, 5, m): null

25-11-2024T07:51:38 - [TEST_STEP][PASSED] - setValueToCellByIndex(sheet01, n, 6, y): null

25-11-2024T07:51:38 - [TEST_STEP][PASSED] - setValueToCellByIndex(sheet01, n, 7, todaysDate): null

25-11-2024T07:51:38 - [TEST_STEP][PASSED] - n = n + 1: null

25-11-2024T07:51:38 - [TEST_STEP][PASSED] - saveWorkbook(excelFilePath, workbook01): null

25-11-2024T07:51:39 - [TEST_STEP][PASSED] - compare = pagePoteri: null

25-11-2024T07:51:39 - [TEST_STEP][PASSED] - if (compare == filePoteri): null

25-11-2024T07:51:39 - [TEST_STEP][PASSED] - else if (compare > filePoteri): null

25-11-2024T07:51:39 - [TEST_STEP][PASSED] - compare = compare - 1: null

25-11-2024T07:51:39 - [TEST_STEP][PASSED] - if (compare == filePoteri): null

25-11-2024T07:51:39 - [TEST_STEP][PASSED] - else: null

25-11-2024T07:51:39 - [TEST_STEP][PASSED] - numberOfErrors = numberOfErrors + 1: null

25-11-2024T07:51:39 - [TEST_STEP][PASSED] - pageInt = pagePoteri: null

25-11-2024T07:51:39 - [TEST_STEP][PASSED] - fileInt = filePoteri: null

25-11-2024T07:51:39 - [TEST_STEP][PASSED] - typeOfData = typeOfDataMain + " Потери": null

25-11-2024T07:51:39 - [TEST_STEP][PASSED] - Script1718980020443.WriteToExcel(a, typeOfData, todaysDate, pageInt, fileInt, pageDouble, fileDouble, dZO): null

25-11-2024T07:51:39 - [TEST_STEP][PASSED] - sheetName = "Sheet1": null

25-11-2024T07:51:39 - [TEST_STEP][PASSED] - data = findTestData("PlanFact"): null

25-11-2024T07:51:39 - [TEST_STEP][PASSED] - n = data.getRowNumbers() + 1: null

25-11-2024T07:51:39 - [TEST_STEP][PASSED] - year = todaysDate.substring(todaysDate.length() - 4, todaysDate.length()): null

25-11-2024T07:51:39 - [TEST_STEP][PASSED] - y = year.toInteger(): null

25-11-2024T07:51:39 - [TEST_STEP][PASSED] - m = getText(findTestObject("Выполнение бизнес-плана/Период")): Text of object 'Object Repository/Выполнение бизнес-плана/Период' is: '1, 2, 3 кв. 2024 года'

25-11-2024T07:51:39 - [MESSAGE][PASSED] - Text of object 'Object Repository/Выполнение бизнес-плана/Период' is: '1, 2, 3 кв. 2024 года'

25-11-2024T07:51:39 - [TEST_STEP][PASSED] - m = m.substring(0, m.indexOf("2024")): null

25-11-2024T07:51:39 - [TEST_STEP][PASSED] - m = m.trim(): null

25-11-2024T07:51:39 - [TEST_STEP][PASSED] - dashboardName = "Выполнение бизнес-плана": null

25-11-2024T07:51:39 - [TEST_STEP][PASSED] - workbook01 = getWorkbook(excelFilePath): null

25-11-2024T07:51:39 - [TEST_STEP][PASSED] - sheet01 = getExcelSheet(workbook01, sheetName): null

25-11-2024T07:51:39 - [TEST_STEP][PASSED] - setValueToCellByIndex(sheet01, n, 0, dashboardName): null

25-11-2024T07:51:39 - [TEST_STEP][PASSED] - setValueToCellByIndex(sheet01, n, 1, dZO): null

25-11-2024T07:51:39 - [TEST_STEP][PASSED] - setValueToCellByIndex(sheet01, n, 2, typeOfData): null

25-11-2024T07:51:39 - [TEST_STEP][PASSED] - if (typeOfData == "Факт в процентах" || typeOfData == "План в процентах"): null

25-11-2024T07:51:39 - [TEST_STEP][PASSED] - else: null

25-11-2024T07:51:39 - [TEST_STEP][PASSED] - setValueToCellByIndex(sheet01, n, 3, fileInt): null

25-11-2024T07:51:39 - [TEST_STEP][PASSED] - setValueToCellByIndex(sheet01, n, 4, pageInt): null

25-11-2024T07:51:39 - [TEST_STEP][PASSED] - setValueToCellByIndex(sheet01, n, 5, m): null

25-11-2024T07:51:39 - [TEST_STEP][PASSED] - setValueToCellByIndex(sheet01, n, 6, y): null

25-11-2024T07:51:39 - [TEST_STEP][PASSED] - setValueToCellByIndex(sheet01, n, 7, todaysDate): null

25-11-2024T07:51:39 - [TEST_STEP][PASSED] - n = n + 1: null

25-11-2024T07:51:39 - [TEST_STEP][PASSED] - saveWorkbook(excelFilePath, workbook01): null

25-11-2024T07:51:39 - [TEST_STEP][PASSED] - if (planFact == 2): null

25-11-2024T07:51:39 - [TEST_STEP][PASSED] - if (planFact == 1): null

25-11-2024T07:51:39 - [TEST_STEP][PASSED] - else if (planFact == 2): null

25-11-2024T07:51:39 - [TEST_STEP][PASSED] - click(findTestObject("Выполнение бизнес-плана/Кнопка План")): Object: 'Object Repository/Выполнение бизнес-плана/Кнопка План' is clicked on

25-11-2024T07:51:40 - [MESSAGE][PASSED] - Object: 'Object Repository/Выполнение бизнес-плана/Кнопка План' is clicked on

25-11-2024T07:51:40 - [TEST_STEP][PASSED] - typeOfDataMain = "План": null

25-11-2024T07:51:40 - [TEST_STEP][PASSED] - otpusk = findTestData("PlanFact").getValue(2, a): null

25-11-2024T07:51:40 - [TEST_STEP][PASSED] - poteri = findTestData("PlanFact").getValue(3, a): null

25-11-2024T07:51:40 - [TEST_STEP][PASSED] - otpusk = otpusk.replaceAll("\s+", ""): null

25-11-2024T07:51:40 - [TEST_STEP][PASSED] - poteri = poteri.replaceAll("\s+", ""): null

25-11-2024T07:51:40 - [TEST_STEP][PASSED] - typeOfData = typeOfDataMain + " Отпуск в сеть": null

25-11-2024T07:51:40 - [TEST_STEP][PASSED] - if (a == 82): null

25-11-2024T07:51:40 - [TEST_STEP][PASSED] - else if (a == 84): null

25-11-2024T07:51:40 - [TEST_STEP][PASSED] - else if (a == 52 || a == 72 || a == 28 || a == 73 || a == 77 || a == 74 || a == 65 || a == 36 || a == 44 || a == 53 || a == 80 || a == 54 || a == 1 || a == 18 || a == 59 || a == 81): null

25-11-2024T07:51:40 - [TEST_STEP][PASSED] - else: null

25-11-2024T07:51:40 - [TEST_STEP][PASSED] - path = dataFolder + typeOfData + " за отчётный период " + b: null

25-11-2024T07:51:40 - [TEST_STEP][PASSED] - println(path): null

25-11-2024T07:51:40 - [TEST_STEP][PASSED] - page = getText(findTestObject(path)): Text of object 'Object Repository/Выполнение бизнес-плана/Значения со страницы Выполнение бизнес-плана/План Отпуск в сеть за отчётный период Читаэнерго' is: '5 459 825'

25-11-2024T07:51:40 - [MESSAGE][PASSED] - Text of object 'Object Repository/Выполнение бизнес-плана/Значения со страницы Выполнение бизнес-плана/План Отпуск в сеть за отчётный период Читаэнерго' is: '5 459 825'

25-11-2024T07:51:40 - [TEST_STEP][PASSED] - page = page.replaceAll("\s+", ""): null

25-11-2024T07:51:40 - [TEST_STEP][PASSED] - fileOtpuskVSet = otpusk.toInteger(): null

25-11-2024T07:51:40 - [TEST_STEP][PASSED] - pageOtpuskVSet = page.toInteger(): null

25-11-2024T07:51:40 - [TEST_STEP][PASSED] - typeOfData = typeOfDataMain + " Потери": null

25-11-2024T07:51:40 - [TEST_STEP][PASSED] - if (a == 82): null

25-11-2024T07:51:40 - [TEST_STEP][PASSED] - else if (a == 84): null

25-11-2024T07:51:40 - [TEST_STEP][PASSED] - else if (a == 52 || a == 72 || a == 28 || a == 73 || a == 77 || a == 74 || a == 65 || a == 36 || a == 44 || a == 53 || a == 80 || a == 54 || a == 1 || a == 18 || a == 59 || a == 81): null

25-11-2024T07:51:40 - [TEST_STEP][PASSED] - else: null

25-11-2024T07:51:40 - [TEST_STEP][PASSED] - path = dataFolder + typeOfData + " за отчётный период " + b: null

25-11-2024T07:51:40 - [TEST_STEP][PASSED] - page = getText(findTestObject(path)): Text of object 'Object Repository/Выполнение бизнес-плана/Значения со страницы Выполнение бизнес-плана/План Потери за отчётный период Читаэнерго' is: '421 932'

25-11-2024T07:51:40 - [MESSAGE][PASSED] - Text of object 'Object Repository/Выполнение бизнес-плана/Значения со страницы Выполнение бизнес-плана/План Потери за отчётный период Читаэнерго' is: '421 932'

25-11-2024T07:51:40 - [TEST_STEP][PASSED] - page = page.replaceAll("\s+", ""): null

25-11-2024T07:51:40 - [TEST_STEP][PASSED] - filePoteri = poteri.toInteger(): null

25-11-2024T07:51:40 - [TEST_STEP][PASSED] - pagePoteri = page.toInteger(): null

25-11-2024T07:51:40 - [TEST_STEP][PASSED] - compare = pageOtpuskVSet: null

25-11-2024T07:51:40 - [TEST_STEP][PASSED] - if (compare == fileOtpuskVSet): null

25-11-2024T07:51:40 - [TEST_STEP][PASSED] - else if (compare > fileOtpuskVSet): null

25-11-2024T07:51:40 - [TEST_STEP][PASSED] - compare = compare - 1: null

25-11-2024T07:51:40 - [TEST_STEP][PASSED] - if (compare == fileOtpuskVSet): null

25-11-2024T07:51:40 - [TEST_STEP][PASSED] - else: null

25-11-2024T07:51:40 - [TEST_STEP][PASSED] - numberOfErrors = numberOfErrors + 1: null

25-11-2024T07:51:40 - [TEST_STEP][PASSED] - pageInt = pageOtpuskVSet: null

25-11-2024T07:51:40 - [TEST_STEP][PASSED] - fileInt = fileOtpuskVSet: null

25-11-2024T07:51:40 - [TEST_STEP][PASSED] - typeOfData = typeOfDataMain + " Отпуск в сеть": null

25-11-2024T07:51:40 - [TEST_STEP][PASSED] - Script1718980020443.WriteToExcel(a, typeOfData, todaysDate, pageInt, fileInt, pageDouble, fileDouble, dZO): null

25-11-2024T07:51:40 - [TEST_STEP][PASSED] - sheetName = "Sheet1": null

25-11-2024T07:51:40 - [TEST_STEP][PASSED] - data = findTestData("PlanFact"): null

25-11-2024T07:51:40 - [TEST_STEP][PASSED] - n = data.getRowNumbers() + 1: null

25-11-2024T07:51:40 - [TEST_STEP][PASSED] - year = todaysDate.substring(todaysDate.length() - 4, todaysDate.length()): null

25-11-2024T07:51:40 - [TEST_STEP][PASSED] - y = year.toInteger(): null

25-11-2024T07:51:40 - [TEST_STEP][PASSED] - m = getText(findTestObject("Выполнение бизнес-плана/Период")): Text of object 'Object Repository/Выполнение бизнес-плана/Период' is: '1, 2, 3 кв. 2024 года'

25-11-2024T07:51:41 - [MESSAGE][PASSED] - Text of object 'Object Repository/Выполнение бизнес-плана/Период' is: '1, 2, 3 кв. 2024 года'

25-11-2024T07:51:41 - [TEST_STEP][PASSED] - m = m.substring(0, m.indexOf("2024")): null

25-11-2024T07:51:41 - [TEST_STEP][PASSED] - m = m.trim(): null

25-11-2024T07:51:41 - [TEST_STEP][PASSED] - dashboardName = "Выполнение бизнес-плана": null

25-11-2024T07:51:41 - [TEST_STEP][PASSED] - workbook01 = getWorkbook(excelFilePath): null

25-11-2024T07:51:41 - [TEST_STEP][PASSED] - sheet01 = getExcelSheet(workbook01, sheetName): null

25-11-2024T07:51:41 - [TEST_STEP][PASSED] - setValueToCellByIndex(sheet01, n, 0, dashboardName): null

25-11-2024T07:51:41 - [TEST_STEP][PASSED] - setValueToCellByIndex(sheet01, n, 1, dZO): null

25-11-2024T07:51:41 - [TEST_STEP][PASSED] - setValueToCellByIndex(sheet01, n, 2, typeOfData): null

25-11-2024T07:51:41 - [TEST_STEP][PASSED] - if (typeOfData == "Факт в процентах" || typeOfData == "План в процентах"): null

25-11-2024T07:51:41 - [TEST_STEP][PASSED] - else: null

25-11-2024T07:51:41 - [TEST_STEP][PASSED] - setValueToCellByIndex(sheet01, n, 3, fileInt): null

25-11-2024T07:51:41 - [TEST_STEP][PASSED] - setValueToCellByIndex(sheet01, n, 4, pageInt): null

25-11-2024T07:51:41 - [TEST_STEP][PASSED] - setValueToCellByIndex(sheet01, n, 5, m): null

25-11-2024T07:51:41 - [TEST_STEP][PASSED] - setValueToCellByIndex(sheet01, n, 6, y): null

25-11-2024T07:51:41 - [TEST_STEP][PASSED] - setValueToCellByIndex(sheet01, n, 7, todaysDate): null

25-11-2024T07:51:41 - [TEST_STEP][PASSED] - n = n + 1: null

25-11-2024T07:51:41 - [TEST_STEP][PASSED] - saveWorkbook(excelFilePath, workbook01): null

25-11-2024T07:51:41 - [TEST_STEP][PASSED] - compare = pagePoteri: null

25-11-2024T07:51:41 - [TEST_STEP][PASSED] - if (compare == filePoteri): null

25-11-2024T07:51:41 - [TEST_STEP][PASSED] - else if (compare > filePoteri): null

25-11-2024T07:51:41 - [TEST_STEP][PASSED] - compare = compare - 1: null

25-11-2024T07:51:41 - [TEST_STEP][PASSED] - if (compare == filePoteri): null

25-11-2024T07:51:41 - [TEST_STEP][PASSED] - else: null

25-11-2024T07:51:41 - [TEST_STEP][PASSED] - numberOfErrors = numberOfErrors + 1: null

25-11-2024T07:51:41 - [TEST_STEP][PASSED] - pageInt = pagePoteri: null

25-11-2024T07:51:41 - [TEST_STEP][PASSED] - fileInt = filePoteri: null

25-11-2024T07:51:41 - [TEST_STEP][PASSED] - typeOfData = typeOfDataMain + " Потери": null

25-11-2024T07:51:41 - [TEST_STEP][PASSED] - Script1718980020443.WriteToExcel(a, typeOfData, todaysDate, pageInt, fileInt, pageDouble, fileDouble, dZO): null

25-11-2024T07:51:41 - [TEST_STEP][PASSED] - sheetName = "Sheet1": null

25-11-2024T07:51:41 - [TEST_STEP][PASSED] - data = findTestData("PlanFact"): null

25-11-2024T07:51:41 - [TEST_STEP][PASSED] - n = data.getRowNumbers() + 1: null

25-11-2024T07:51:41 - [TEST_STEP][PASSED] - year = todaysDate.substring(todaysDate.length() - 4, todaysDate.length()): null

25-11-2024T07:51:41 - [TEST_STEP][PASSED] - y = year.toInteger(): null

25-11-2024T07:51:41 - [TEST_STEP][PASSED] - m = getText(findTestObject("Выполнение бизнес-плана/Период")): Text of object 'Object Repository/Выполнение бизнес-плана/Период' is: '1, 2, 3 кв. 2024 года'

25-11-2024T07:51:42 - [MESSAGE][PASSED] - Text of object 'Object Repository/Выполнение бизнес-плана/Период' is: '1, 2, 3 кв. 2024 года'

25-11-2024T07:51:42 - [TEST_STEP][PASSED] - m = m.substring(0, m.indexOf("2024")): null

25-11-2024T07:51:42 - [TEST_STEP][PASSED] - m = m.trim(): null

25-11-2024T07:51:42 - [TEST_STEP][PASSED] - dashboardName = "Выполнение бизнес-плана": null

25-11-2024T07:51:42 - [TEST_STEP][PASSED] - workbook01 = getWorkbook(excelFilePath): null

25-11-2024T07:51:42 - [TEST_STEP][PASSED] - sheet01 = getExcelSheet(workbook01, sheetName): null

25-11-2024T07:51:42 - [TEST_STEP][PASSED] - setValueToCellByIndex(sheet01, n, 0, dashboardName): null

25-11-2024T07:51:42 - [TEST_STEP][PASSED] - setValueToCellByIndex(sheet01, n, 1, dZO): null

25-11-2024T07:51:42 - [TEST_STEP][PASSED] - setValueToCellByIndex(sheet01, n, 2, typeOfData): null

25-11-2024T07:51:42 - [TEST_STEP][PASSED] - if (typeOfData == "Факт в процентах" || typeOfData == "План в процентах"): null

25-11-2024T07:51:42 - [TEST_STEP][PASSED] - else: null

25-11-2024T07:51:42 - [TEST_STEP][PASSED] - setValueToCellByIndex(sheet01, n, 3, fileInt): null

25-11-2024T07:51:42 - [TEST_STEP][PASSED] - setValueToCellByIndex(sheet01, n, 4, pageInt): null

25-11-2024T07:51:42 - [TEST_STEP][PASSED] - setValueToCellByIndex(sheet01, n, 5, m): null

25-11-2024T07:51:42 - [TEST_STEP][PASSED] - setValueToCellByIndex(sheet01, n, 6, y): null

25-11-2024T07:51:42 - [TEST_STEP][PASSED] - setValueToCellByIndex(sheet01, n, 7, todaysDate): null

25-11-2024T07:51:42 - [TEST_STEP][PASSED] - n = n + 1: null

25-11-2024T07:51:42 - [TEST_STEP][PASSED] - saveWorkbook(excelFilePath, workbook01): Object: 'Object Repository/Выполнение бизнес-плана/Кнопка Факт' is clicked on

25-11-2024T07:51:42 - [TEST_STEP][PASSED] - if (planFact == 2): Object: 'Object Repository/Выполнение бизнес-плана/Кнопка Факт' is clicked on

25-11-2024T07:51:42 - [TEST_STEP][PASSED] - click(findTestObject("Выполнение бизнес-плана/Кнопка Факт")): Object: 'Object Repository/Выполнение бизнес-плана/Кнопка Факт' is clicked on

25-11-2024T07:51:42 - [MESSAGE][PASSED] - Object: 'Object Repository/Выполнение бизнес-плана/Кнопка Факт' is clicked on

25-11-2024T07:51:42 - [TEST_STEP][PASSED] - if (a == 84 || a == 82): null

25-11-2024T07:51:42 - [TEST_STEP][PASSED] - else if (a == 52 || a == 72 || a == 28 || a == 73 || a == 77 || a == 74 || a == 65 || a == 36 || a == 44 || a == 53 || a == 80 || a == 54 || a == 1 || a == 18 || a == 59 || a == 81): null

25-11-2024T07:51:42 - [TEST_STEP][PASSED] - else: null

25-11-2024T07:51:42 - [TEST_STEP][PASSED] - page1 = getText(findTestObject("Object Repository/Выполнение бизнес-плана/spanPlan" + filialNum)): Text of object 'Object Repository/Выполнение бизнес-плана/spanPlan7' is: '7.73
|'

25-11-2024T07:51:42 - [MESSAGE][PASSED] - Text of object 'Object Repository/Выполнение бизнес-плана/spanPlan7' is: '7.73
|'

25-11-2024T07:51:42 - [TEST_STEP][PASSED] - page1 = page1.replace("|", ""): null

25-11-2024T07:51:42 - [TEST_STEP][PASSED] - page2 = getText(findTestObject("Object Repository/Выполнение бизнес-плана/spanFact" + filialNum)): Text of object 'Object Repository/Выполнение бизнес-плана/spanFact7' is: '7.72
|'

25-11-2024T07:51:43 - [MESSAGE][PASSED] - Text of object 'Object Repository/Выполнение бизнес-плана/spanFact7' is: '7.72
|'

25-11-2024T07:51:43 - [TEST_STEP][PASSED] - page2 = page2.replace("|", ""): null

25-11-2024T07:51:43 - [TEST_STEP][PASSED] - println("page1: " + page1): null

25-11-2024T07:51:43 - [TEST_STEP][PASSED] - println("page2: " + page2): null

25-11-2024T07:51:43 - [TEST_STEP][PASSED] - file = findTestData("PlanFact").getValue(4, a): null

25-11-2024T07:51:43 - [TEST_STEP][PASSED] - file = file.replace(",", "."): null

25-11-2024T07:51:43 - [TEST_STEP][PASSED] - println("file Plan: " + file): null

25-11-2024T07:51:43 - [TEST_STEP][PASSED] - typeOfData = "План в процентах": null

25-11-2024T07:51:43 - [TEST_STEP][PASSED] - fileDouble = file.toDouble(): null

25-11-2024T07:51:43 - [TEST_STEP][PASSED] - pageDouble = page1.toDouble(): null

25-11-2024T07:51:43 - [TEST_STEP][PASSED] - if (fileDouble != pageDouble): null

25-11-2024T07:51:43 - [TEST_STEP][PASSED] - numberOfErrors = numberOfErrors + 1: null

25-11-2024T07:51:43 - [TEST_STEP][PASSED] - Script1718980020443.WriteToExcel(a, typeOfData, todaysDate, pageInt, fileInt, pageDouble, fileDouble, dZO): null

25-11-2024T07:51:43 - [TEST_STEP][PASSED] - sheetName = "Sheet1": null

25-11-2024T07:51:43 - [TEST_STEP][PASSED] - data = findTestData("PlanFact"): null

25-11-2024T07:51:43 - [TEST_STEP][PASSED] - n = data.getRowNumbers() + 1: null

25-11-2024T07:51:43 - [TEST_STEP][PASSED] - year = todaysDate.substring(todaysDate.length() - 4, todaysDate.length()): null

25-11-2024T07:51:43 - [TEST_STEP][PASSED] - y = year.toInteger(): null

25-11-2024T07:51:43 - [TEST_STEP][PASSED] - m = getText(findTestObject("Выполнение бизнес-плана/Период")): Text of object 'Object Repository/Выполнение бизнес-плана/Период' is: '1, 2, 3 кв. 2024 года'

25-11-2024T07:51:43 - [MESSAGE][PASSED] - Text of object 'Object Repository/Выполнение бизнес-плана/Период' is: '1, 2, 3 кв. 2024 года'

25-11-2024T07:51:43 - [TEST_STEP][PASSED] - m = m.substring(0, m.indexOf("2024")): null

25-11-2024T07:51:43 - [TEST_STEP][PASSED] - m = m.trim(): null

25-11-2024T07:51:43 - [TEST_STEP][PASSED] - dashboardName = "Выполнение бизнес-плана": null

25-11-2024T07:51:43 - [TEST_STEP][PASSED] - workbook01 = getWorkbook(excelFilePath): null

25-11-2024T07:51:43 - [TEST_STEP][PASSED] - sheet01 = getExcelSheet(workbook01, sheetName): null

25-11-2024T07:51:43 - [TEST_STEP][PASSED] - setValueToCellByIndex(sheet01, n, 0, dashboardName): null

25-11-2024T07:51:43 - [TEST_STEP][PASSED] - setValueToCellByIndex(sheet01, n, 1, dZO): null

25-11-2024T07:51:43 - [TEST_STEP][PASSED] - setValueToCellByIndex(sheet01, n, 2, typeOfData): null

25-11-2024T07:51:43 - [TEST_STEP][PASSED] - if (typeOfData == "Факт в процентах" || typeOfData == "План в процентах"): null

25-11-2024T07:51:43 - [TEST_STEP][PASSED] - setValueToCellByIndex(sheet01, n, 3, fileDouble): null

25-11-2024T07:51:43 - [TEST_STEP][PASSED] - setValueToCellByIndex(sheet01, n, 4, pageDouble): null

25-11-2024T07:51:43 - [TEST_STEP][PASSED] - setValueToCellByIndex(sheet01, n, 5, m): null

25-11-2024T07:51:43 - [TEST_STEP][PASSED] - setValueToCellByIndex(sheet01, n, 6, y): null

25-11-2024T07:51:43 - [TEST_STEP][PASSED] - setValueToCellByIndex(sheet01, n, 7, todaysDate): null

25-11-2024T07:51:43 - [TEST_STEP][PASSED] - n = n + 1: null

25-11-2024T07:51:43 - [TEST_STEP][PASSED] - saveWorkbook(excelFilePath, workbook01): null

25-11-2024T07:51:43 - [TEST_STEP][PASSED] - file = findTestData("PlanFact").getValue(7, a): null

25-11-2024T07:51:44 - [TEST_STEP][PASSED] - file = file.replace(",", "."): null

25-11-2024T07:51:44 - [TEST_STEP][PASSED] - println("file Fact: " + file): null

25-11-2024T07:51:44 - [TEST_STEP][PASSED] - fileDouble = file.toDouble(): null

25-11-2024T07:51:44 - [TEST_STEP][PASSED] - typeOfData = "Факт в процентах": null

25-11-2024T07:51:44 - [TEST_STEP][PASSED] - fileDouble = file.toDouble(): null

25-11-2024T07:51:44 - [TEST_STEP][PASSED] - pageDouble = page2.toDouble(): null

25-11-2024T07:51:44 - [TEST_STEP][PASSED] - if (fileDouble != pageDouble): null

25-11-2024T07:51:44 - [TEST_STEP][PASSED] - numberOfErrors = numberOfErrors + 1: null

25-11-2024T07:51:44 - [TEST_STEP][PASSED] - Script1718980020443.WriteToExcel(a, typeOfData, todaysDate, pageInt, fileInt, pageDouble, fileDouble, dZO): null

25-11-2024T07:51:44 - [TEST_STEP][PASSED] - sheetName = "Sheet1": null

25-11-2024T07:51:44 - [TEST_STEP][PASSED] - data = findTestData("PlanFact"): null

25-11-2024T07:51:44 - [TEST_STEP][PASSED] - n = data.getRowNumbers() + 1: null

25-11-2024T07:51:44 - [TEST_STEP][PASSED] - year = todaysDate.substring(todaysDate.length() - 4, todaysDate.length()): null

25-11-2024T07:51:44 - [TEST_STEP][PASSED] - y = year.toInteger(): null

25-11-2024T07:51:44 - [TEST_STEP][PASSED] - m = getText(findTestObject("Выполнение бизнес-плана/Период")): Text of object 'Object Repository/Выполнение бизнес-плана/Период' is: '1, 2, 3 кв. 2024 года'

25-11-2024T07:51:44 - [MESSAGE][PASSED] - Text of object 'Object Repository/Выполнение бизнес-плана/Период' is: '1, 2, 3 кв. 2024 года'

25-11-2024T07:51:44 - [TEST_STEP][PASSED] - m = m.substring(0, m.indexOf("2024")): null

25-11-2024T07:51:44 - [TEST_STEP][PASSED] - m = m.trim(): null

25-11-2024T07:51:44 - [TEST_STEP][PASSED] - dashboardName = "Выполнение бизнес-плана": null

25-11-2024T07:51:44 - [TEST_STEP][PASSED] - workbook01 = getWorkbook(excelFilePath): null

25-11-2024T07:51:44 - [TEST_STEP][PASSED] - sheet01 = getExcelSheet(workbook01, sheetName): null

25-11-2024T07:51:44 - [TEST_STEP][PASSED] - setValueToCellByIndex(sheet01, n, 0, dashboardName): null

25-11-2024T07:51:44 - [TEST_STEP][PASSED] - setValueToCellByIndex(sheet01, n, 1, dZO): null

25-11-2024T07:51:44 - [TEST_STEP][PASSED] - setValueToCellByIndex(sheet01, n, 2, typeOfData): null

25-11-2024T07:51:44 - [TEST_STEP][PASSED] - if (typeOfData == "Факт в процентах" || typeOfData == "План в процентах"): null

25-11-2024T07:51:44 - [TEST_STEP][PASSED] - setValueToCellByIndex(sheet01, n, 3, fileDouble): null

25-11-2024T07:51:44 - [TEST_STEP][PASSED] - setValueToCellByIndex(sheet01, n, 4, pageDouble): null

25-11-2024T07:51:44 - [TEST_STEP][PASSED] - setValueToCellByIndex(sheet01, n, 5, m): null

25-11-2024T07:51:44 - [TEST_STEP][PASSED] - setValueToCellByIndex(sheet01, n, 6, y): null

25-11-2024T07:51:44 - [TEST_STEP][PASSED] - setValueToCellByIndex(sheet01, n, 7, todaysDate): null

25-11-2024T07:51:44 - [TEST_STEP][PASSED] - n = n + 1: null

25-11-2024T07:51:44 - [TEST_STEP][PASSED] - saveWorkbook(excelFilePath, workbook01): null

25-11-2024T07:51:44 - [TEST_STEP][FAILED] - if (verifyEqual(numberOfErrors, 0) == false): null

25-11-2024T07:51:44 - [MESSAGE][FAILED] - Unable to verify equal between actual object '6' and expected object '0' (Root cause: com.kms.katalon.core.exception.StepFailedException: Actual object '6' and expected object '0' are not equal
	at com.kms.katalon.core.keyword.builtin.VerifyEqualKeyword$_verifyEqual_closure1.doCall(VerifyEqualKeyword.groovy:58)
	at com.kms.katalon.core.keyword.builtin.VerifyEqualKeyword$_verifyEqual_closure1.call(VerifyEqualKeyword.groovy)
	at com.kms.katalon.core.keyword.internal.KeywordMain.runKeyword(KeywordMain.groovy:75)
	at com.kms.katalon.core.keyword.builtin.VerifyEqualKeyword.verifyEqual(VerifyEqualKeyword.groovy:63)
	at com.kms.katalon.core.keyword.builtin.VerifyEqualKeyword.execute(VerifyEqualKeyword.groovy:44)
	at com.kms.katalon.core.keyword.internal.KeywordExecutor.executeKeywordForPlatform(KeywordExecutor.groovy:74)
	at com.kms.katalon.core.keyword.BuiltinKeywords.verifyEqual(BuiltinKeywords.groovy:146)
	at jdk.internal.reflect.GeneratedMethodAccessor24.invoke(Unknown Source)
	at java.base/jdk.internal.reflect.DelegatingMethodAccessorImpl.invoke(DelegatingMethodAccessorImpl.java:43)
	at Выполнение бизнес-плана Сверка ПАО Россети все филиалы.Numbers(Выполнение бизнес-плана Сверка ПАО Россети все филиалы:740)
	at Выполнение бизнес-плана Сверка ПАО Россети все филиалы.Filials(Выполнение бизнес-плана Сверка ПАО Россети все филиалы:1633)
	at Выполнение бизнес-плана Сверка ПАО Россети все филиалы.Numbers(Выполнение бизнес-плана Сверка ПАО Россети все филиалы:745)
	at Выполнение бизнес-плана Сверка ПАО Россети все филиалы.run(Выполнение бизнес-плана Сверка ПАО Россети все филиалы:332)
	at com.kms.katalon.core.main.ScriptEngine.run(ScriptEngine.java:194)
	at com.kms.katalon.core.main.ScriptEngine.runScriptAsRawText(ScriptEngine.java:119)
	at com.kms.katalon.core.main.TestCaseExecutor.runScript(TestCaseExecutor.java:448)
	at com.kms.katalon.core.main.TestCaseExecutor.doExecute(TestCaseExecutor.java:439)
	at com.kms.katalon.core.main.TestCaseExecutor.processExecutionPhase(TestCaseExecutor.java:418)
	at com.kms.katalon.core.main.TestCaseExecutor.accessMainPhase(TestCaseExecutor.java:410)
	at com.kms.katalon.core.main.TestCaseExecutor.execute(TestCaseExecutor.java:285)
	at com.kms.katalon.core.common.CommonExecutor.accessTestCaseMainPhase(CommonExecutor.java:65)
	at com.kms.katalon.core.main.TestSuiteExecutor.accessTestSuiteMainPhase(TestSuiteExecutor.java:150)
	at com.kms.katalon.core.main.TestSuiteExecutor.execute(TestSuiteExecutor.java:106)
	at com.kms.katalon.core.main.TestCaseMain.startTestSuite(TestCaseMain.java:180)
	at TempTestSuite1732509691813.run(TempTestSuite1732509691813.groovy:35)
	at java.base/jdk.internal.reflect.NativeMethodAccessorImpl.invoke0(Native Method)
	at java.base/jdk.internal.reflect.NativeMethodAccessorImpl.invoke(NativeMethodAccessorImpl.java:77)
	at java.base/jdk.internal.reflect.DelegatingMethodAccessorImpl.invoke(DelegatingMethodAccessorImpl.java:43)
)

25-11-2024T07:51:44 - [TEST_STEP][PASSED] - println(numberOfErrors): null

25-11-2024T07:51:44 - [TEST_STEP][PASSED] - if (a == 28 || a == 77 || a == 74 || a == 65 || a == 36 || a == 44 || a == 54 || a == 1 || a == 18 || a == 59): null

25-11-2024T07:51:44 - [TEST_STEP][PASSED] - if (a == 82): null

25-11-2024T07:51:44 - [TEST_STEP][PASSED] - filialNum = 0: null

25-11-2024T07:51:44 - [TEST_STEP][PASSED] - if (a == 54): null

25-11-2024T07:51:44 - [TEST_STEP][PASSED] - if (a == 59): null

25-11-2024T07:51:44 - [TEST_STEP][PASSED] - Script1718980020443.OpenFilter(): null

25-11-2024T07:51:44 - [TEST_STEP][PASSED] - click(findTestObject("Object Repository/Выполнение бизнес-плана/Фильтр ДЗО")): Object: 'Object Repository/Выполнение бизнес-плана/Фильтр ДЗО' is clicked on

25-11-2024T07:51:45 - [MESSAGE][PASSED] - Object: 'Object Repository/Выполнение бизнес-плана/Фильтр ДЗО' is clicked on

25-11-2024T07:51:45 - [TEST_STEP][PASSED] - click(findTestObject("Выполнение бизнес-плана/Снять выделение в фильтре ДЗО")): Object: 'Object Repository/Выполнение бизнес-плана/Снять выделение в фильтре ДЗО' is clicked on

25-11-2024T07:51:45 - [MESSAGE][PASSED] - Object: 'Object Repository/Выполнение бизнес-плана/Снять выделение в фильтре ДЗО' is clicked on

25-11-2024T07:51:45 - [TEST_STEP][PASSED] - Script1718980020443.CloseFilter(): null

25-11-2024T07:51:45 - [TEST_STEP][PASSED] - scrollToElement(findTestObject("Выполнение бизнес-плана/Заголовок дашборда"), 30): Scroll to object 'Object Repository/Выполнение бизнес-плана/Заголовок дашборда' successfully

25-11-2024T07:51:45 - [MESSAGE][PASSED] - Scroll to object 'Object Repository/Выполнение бизнес-плана/Заголовок дашборда' successfully

25-11-2024T07:51:45 - [TEST_STEP][PASSED] - click(findTestObject("Object Repository/Выполнение бизнес-плана/Применить в фильтре ДЗО")): Object: 'Object Repository/Выполнение бизнес-плана/Применить в фильтре ДЗО' is clicked on

25-11-2024T07:51:46 - [MESSAGE][PASSED] - Object: 'Object Repository/Выполнение бизнес-плана/Применить в фильтре ДЗО' is clicked on

25-11-2024T07:51:46 - [TEST_STEP][PASSED] - if (a == 82): null

25-11-2024T07:51:46 - [TEST_STEP][PASSED] - println(dzoNum): null

25-11-2024T07:51:46 - [TEST_STEP][PASSED] - dZO = "Россети Томск": null

25-11-2024T07:51:46 - [TEST_STEP][PASSED] - a = 53: null

25-11-2024T07:51:46 - [TEST_STEP][PASSED] - if (x1.contains(dZO)): null

25-11-2024T07:51:46 - [TEST_STEP][PASSED] - else: null

25-11-2024T07:51:46 - [TEST_STEP][PASSED] - Script1718980020443.NoData(a, typeOfData, todaysDate, fileInt, fileDouble, dZO): null

25-11-2024T07:51:46 - [TEST_STEP][PASSED] - println(a): null

25-11-2024T07:51:46 - [TEST_STEP][PASSED] - println(todaysDate): null

25-11-2024T07:51:46 - [TEST_STEP][PASSED] - println(fileInt): null

25-11-2024T07:51:46 - [TEST_STEP][PASSED] - println(fileDouble): null

25-11-2024T07:51:46 - [TEST_STEP][PASSED] - println(dZO): null

25-11-2024T07:51:46 - [TEST_STEP][PASSED] - typeOfData = "Факт Отпуск в сеть": null

25-11-2024T07:51:46 - [TEST_STEP][PASSED] - fileInt = replaceAll("\s+", "").toInteger(): null

25-11-2024T07:51:46 - [TEST_STEP][PASSED] - Script1718980020443.WriteToExcelNoData(a, typeOfData, todaysDate, fileInt, fileDouble, dZO): null

25-11-2024T07:51:46 - [TEST_STEP][PASSED] - sheetName = "Sheet1": null

25-11-2024T07:51:46 - [TEST_STEP][PASSED] - data = findTestData("PlanFact"): null

25-11-2024T07:51:47 - [TEST_STEP][PASSED] - n = data.getRowNumbers() + 1: null

25-11-2024T07:51:47 - [TEST_STEP][PASSED] - year = todaysDate.substring(todaysDate.length() - 4, todaysDate.length()): null

25-11-2024T07:51:47 - [TEST_STEP][PASSED] - y = year.toInteger(): null

25-11-2024T07:51:47 - [TEST_STEP][PASSED] - m = getText(findTestObject("Выполнение бизнес-плана/Период")): Text of object 'Object Repository/Выполнение бизнес-плана/Период' is: '1, 2, 3 кв. 2024 года'

25-11-2024T07:52:16 - [MESSAGE][PASSED] - Text of object 'Object Repository/Выполнение бизнес-плана/Период' is: '1, 2, 3 кв. 2024 года'

25-11-2024T07:52:16 - [TEST_STEP][PASSED] - m = m.substring(0, m.indexOf("2024")): null

25-11-2024T07:52:16 - [TEST_STEP][PASSED] - m = m.trim(): null

25-11-2024T07:52:16 - [TEST_STEP][PASSED] - dashboardName = "Выполнение бизнес-плана": null

25-11-2024T07:52:16 - [TEST_STEP][PASSED] - workbook01 = getWorkbook(excelFilePath): null

25-11-2024T07:52:16 - [TEST_STEP][PASSED] - sheet01 = getExcelSheet(workbook01, sheetName): null

25-11-2024T07:52:16 - [TEST_STEP][PASSED] - setValueToCellByIndex(sheet01, n, 0, dashboardName): null

25-11-2024T07:52:16 - [TEST_STEP][PASSED] - setValueToCellByIndex(sheet01, n, 1, dZO): null

25-11-2024T07:52:16 - [TEST_STEP][PASSED] - setValueToCellByIndex(sheet01, n, 2, typeOfData): null

25-11-2024T07:52:16 - [TEST_STEP][PASSED] - if (typeOfData == "Факт в процентах" || typeOfData == "План в процентах"): null

25-11-2024T07:52:16 - [TEST_STEP][PASSED] - else: null

25-11-2024T07:52:16 - [TEST_STEP][PASSED] - setValueToCellByIndex(sheet01, n, 3, fileInt): null

25-11-2024T07:52:16 - [TEST_STEP][PASSED] - setValueToCellByIndex(sheet01, n, 4, "нет данных"): null

25-11-2024T07:52:16 - [TEST_STEP][PASSED] - setValueToCellByIndex(sheet01, n, 5, m): null

25-11-2024T07:52:16 - [TEST_STEP][PASSED] - setValueToCellByIndex(sheet01, n, 6, y): null

25-11-2024T07:52:16 - [TEST_STEP][PASSED] - setValueToCellByIndex(sheet01, n, 7, todaysDate): null

25-11-2024T07:52:16 - [TEST_STEP][PASSED] - n = n + 1: null

25-11-2024T07:52:16 - [TEST_STEP][PASSED] - saveWorkbook(excelFilePath, workbook01): null

25-11-2024T07:52:16 - [TEST_STEP][PASSED] - typeOfData = "Факт Потери": null

25-11-2024T07:52:16 - [TEST_STEP][PASSED] - fileInt = replaceAll("\s+", "").toInteger(): null

25-11-2024T07:52:16 - [TEST_STEP][PASSED] - Script1718980020443.WriteToExcelNoData(a, typeOfData, todaysDate, fileInt, fileDouble, dZO): null

25-11-2024T07:52:16 - [TEST_STEP][PASSED] - sheetName = "Sheet1": null

25-11-2024T07:52:16 - [TEST_STEP][PASSED] - data = findTestData("PlanFact"): null

25-11-2024T07:52:16 - [TEST_STEP][PASSED] - n = data.getRowNumbers() + 1: null

25-11-2024T07:52:16 - [TEST_STEP][PASSED] - year = todaysDate.substring(todaysDate.length() - 4, todaysDate.length()): null

25-11-2024T07:52:16 - [TEST_STEP][PASSED] - y = year.toInteger(): null

25-11-2024T07:52:16 - [TEST_STEP][PASSED] - m = getText(findTestObject("Выполнение бизнес-плана/Период")): Text of object 'Object Repository/Выполнение бизнес-плана/Период' is: '1, 2, 3 кв. 2024 года'

25-11-2024T07:52:16 - [MESSAGE][PASSED] - Text of object 'Object Repository/Выполнение бизнес-плана/Период' is: '1, 2, 3 кв. 2024 года'

25-11-2024T07:52:16 - [TEST_STEP][PASSED] - m = m.substring(0, m.indexOf("2024")): null

25-11-2024T07:52:16 - [TEST_STEP][PASSED] - m = m.trim(): null

25-11-2024T07:52:16 - [TEST_STEP][PASSED] - dashboardName = "Выполнение бизнес-плана": null

25-11-2024T07:52:16 - [TEST_STEP][PASSED] - workbook01 = getWorkbook(excelFilePath): null

25-11-2024T07:52:17 - [TEST_STEP][PASSED] - sheet01 = getExcelSheet(workbook01, sheetName): null

25-11-2024T07:52:17 - [TEST_STEP][PASSED] - setValueToCellByIndex(sheet01, n, 0, dashboardName): null

25-11-2024T07:52:17 - [TEST_STEP][PASSED] - setValueToCellByIndex(sheet01, n, 1, dZO): null

25-11-2024T07:52:17 - [TEST_STEP][PASSED] - setValueToCellByIndex(sheet01, n, 2, typeOfData): null

25-11-2024T07:52:17 - [TEST_STEP][PASSED] - if (typeOfData == "Факт в процентах" || typeOfData == "План в процентах"): null

25-11-2024T07:52:17 - [TEST_STEP][PASSED] - else: null

25-11-2024T07:52:17 - [TEST_STEP][PASSED] - setValueToCellByIndex(sheet01, n, 3, fileInt): null

25-11-2024T07:52:17 - [TEST_STEP][PASSED] - setValueToCellByIndex(sheet01, n, 4, "нет данных"): null

25-11-2024T07:52:17 - [TEST_STEP][PASSED] - setValueToCellByIndex(sheet01, n, 5, m): null

25-11-2024T07:52:17 - [TEST_STEP][PASSED] - setValueToCellByIndex(sheet01, n, 6, y): null

25-11-2024T07:52:17 - [TEST_STEP][PASSED] - setValueToCellByIndex(sheet01, n, 7, todaysDate): null

25-11-2024T07:52:17 - [TEST_STEP][PASSED] - n = n + 1: null

25-11-2024T07:52:17 - [TEST_STEP][PASSED] - saveWorkbook(excelFilePath, workbook01): null

25-11-2024T07:52:17 - [TEST_STEP][PASSED] - typeOfData = "План Отпуск в сеть": null

25-11-2024T07:52:17 - [TEST_STEP][PASSED] - fileInt = replaceAll("\s+", "").toInteger(): null

25-11-2024T07:52:17 - [TEST_STEP][PASSED] - Script1718980020443.WriteToExcelNoData(a, typeOfData, todaysDate, fileInt, fileDouble, dZO): null

25-11-2024T07:52:17 - [TEST_STEP][PASSED] - sheetName = "Sheet1": null

25-11-2024T07:52:17 - [TEST_STEP][PASSED] - data = findTestData("PlanFact"): null

25-11-2024T07:52:17 - [TEST_STEP][PASSED] - n = data.getRowNumbers() + 1: null

25-11-2024T07:52:17 - [TEST_STEP][PASSED] - year = todaysDate.substring(todaysDate.length() - 4, todaysDate.length()): null

25-11-2024T07:52:17 - [TEST_STEP][PASSED] - y = year.toInteger(): null

25-11-2024T07:52:17 - [TEST_STEP][PASSED] - m = getText(findTestObject("Выполнение бизнес-плана/Период")): Text of object 'Object Repository/Выполнение бизнес-плана/Период' is: '1, 2, 3 кв. 2024 года'

25-11-2024T07:52:17 - [MESSAGE][PASSED] - Text of object 'Object Repository/Выполнение бизнес-плана/Период' is: '1, 2, 3 кв. 2024 года'

25-11-2024T07:52:17 - [TEST_STEP][PASSED] - m = m.substring(0, m.indexOf("2024")): null

25-11-2024T07:52:17 - [TEST_STEP][PASSED] - m = m.trim(): null

25-11-2024T07:52:17 - [TEST_STEP][PASSED] - dashboardName = "Выполнение бизнес-плана": null

25-11-2024T07:52:17 - [TEST_STEP][PASSED] - workbook01 = getWorkbook(excelFilePath): null

25-11-2024T07:52:17 - [TEST_STEP][PASSED] - sheet01 = getExcelSheet(workbook01, sheetName): null

25-11-2024T07:52:17 - [TEST_STEP][PASSED] - setValueToCellByIndex(sheet01, n, 0, dashboardName): null

25-11-2024T07:52:17 - [TEST_STEP][PASSED] - setValueToCellByIndex(sheet01, n, 1, dZO): null

25-11-2024T07:52:17 - [TEST_STEP][PASSED] - setValueToCellByIndex(sheet01, n, 2, typeOfData): null

25-11-2024T07:52:17 - [TEST_STEP][PASSED] - if (typeOfData == "Факт в процентах" || typeOfData == "План в процентах"): null

25-11-2024T07:52:17 - [TEST_STEP][PASSED] - else: null

25-11-2024T07:52:17 - [TEST_STEP][PASSED] - setValueToCellByIndex(sheet01, n, 3, fileInt): null

25-11-2024T07:52:17 - [TEST_STEP][PASSED] - setValueToCellByIndex(sheet01, n, 4, "нет данных"): null

25-11-2024T07:52:17 - [TEST_STEP][PASSED] - setValueToCellByIndex(sheet01, n, 5, m): null

25-11-2024T07:52:17 - [TEST_STEP][PASSED] - setValueToCellByIndex(sheet01, n, 6, y): null

25-11-2024T07:52:17 - [TEST_STEP][PASSED] - setValueToCellByIndex(sheet01, n, 7, todaysDate): null

25-11-2024T07:52:17 - [TEST_STEP][PASSED] - n = n + 1: null

25-11-2024T07:52:17 - [TEST_STEP][PASSED] - saveWorkbook(excelFilePath, workbook01): null

25-11-2024T07:52:17 - [TEST_STEP][PASSED] - typeOfData = "План Потери": null

25-11-2024T07:52:17 - [TEST_STEP][PASSED] - fileInt = replaceAll("\s+", "").toInteger(): null

25-11-2024T07:52:17 - [TEST_STEP][PASSED] - Script1718980020443.WriteToExcelNoData(a, typeOfData, todaysDate, fileInt, fileDouble, dZO): null

25-11-2024T07:52:17 - [TEST_STEP][PASSED] - sheetName = "Sheet1": null

25-11-2024T07:52:17 - [TEST_STEP][PASSED] - data = findTestData("PlanFact"): null

25-11-2024T07:52:18 - [TEST_STEP][PASSED] - n = data.getRowNumbers() + 1: null

25-11-2024T07:52:18 - [TEST_STEP][PASSED] - year = todaysDate.substring(todaysDate.length() - 4, todaysDate.length()): null

25-11-2024T07:52:18 - [TEST_STEP][PASSED] - y = year.toInteger(): null

25-11-2024T07:52:18 - [TEST_STEP][PASSED] - m = getText(findTestObject("Выполнение бизнес-плана/Период")): Text of object 'Object Repository/Выполнение бизнес-плана/Период' is: '1, 2, 3 кв. 2024 года'

25-11-2024T07:52:18 - [MESSAGE][PASSED] - Text of object 'Object Repository/Выполнение бизнес-плана/Период' is: '1, 2, 3 кв. 2024 года'

25-11-2024T07:52:18 - [TEST_STEP][PASSED] - m = m.substring(0, m.indexOf("2024")): null

25-11-2024T07:52:18 - [TEST_STEP][PASSED] - m = m.trim(): null

25-11-2024T07:52:18 - [TEST_STEP][PASSED] - dashboardName = "Выполнение бизнес-плана": null

25-11-2024T07:52:18 - [TEST_STEP][PASSED] - workbook01 = getWorkbook(excelFilePath): null

25-11-2024T07:52:18 - [TEST_STEP][PASSED] - sheet01 = getExcelSheet(workbook01, sheetName): null

25-11-2024T07:52:18 - [TEST_STEP][PASSED] - setValueToCellByIndex(sheet01, n, 0, dashboardName): null

25-11-2024T07:52:18 - [TEST_STEP][PASSED] - setValueToCellByIndex(sheet01, n, 1, dZO): null

25-11-2024T07:52:18 - [TEST_STEP][PASSED] - setValueToCellByIndex(sheet01, n, 2, typeOfData): null

25-11-2024T07:52:18 - [TEST_STEP][PASSED] - if (typeOfData == "Факт в процентах" || typeOfData == "План в процентах"): null

25-11-2024T07:52:18 - [TEST_STEP][PASSED] - else: null

25-11-2024T07:52:18 - [TEST_STEP][PASSED] - setValueToCellByIndex(sheet01, n, 3, fileInt): null

25-11-2024T07:52:18 - [TEST_STEP][PASSED] - setValueToCellByIndex(sheet01, n, 4, "нет данных"): null

25-11-2024T07:52:18 - [TEST_STEP][PASSED] - setValueToCellByIndex(sheet01, n, 5, m): null

25-11-2024T07:52:18 - [TEST_STEP][PASSED] - setValueToCellByIndex(sheet01, n, 6, y): null

25-11-2024T07:52:18 - [TEST_STEP][PASSED] - setValueToCellByIndex(sheet01, n, 7, todaysDate): null

25-11-2024T07:52:18 - [TEST_STEP][PASSED] - n = n + 1: null

25-11-2024T07:52:18 - [TEST_STEP][PASSED] - saveWorkbook(excelFilePath, workbook01): null

25-11-2024T07:52:18 - [TEST_STEP][PASSED] - typeOfData = "План в процентах": null

25-11-2024T07:52:18 - [TEST_STEP][PASSED] - fileDouble = ").toDouble(): null

25-11-2024T07:52:18 - [TEST_STEP][PASSED] - Script1718980020443.WriteToExcelNoData(a, typeOfData, todaysDate, fileInt, fileDouble, dZO): null

25-11-2024T07:52:18 - [TEST_STEP][PASSED] - sheetName = "Sheet1": null

25-11-2024T07:52:18 - [TEST_STEP][PASSED] - data = findTestData("PlanFact"): null

25-11-2024T07:52:18 - [TEST_STEP][PASSED] - n = data.getRowNumbers() + 1: null

25-11-2024T07:52:18 - [TEST_STEP][PASSED] - year = todaysDate.substring(todaysDate.length() - 4, todaysDate.length()): null

25-11-2024T07:52:18 - [TEST_STEP][PASSED] - y = year.toInteger(): null

25-11-2024T07:52:18 - [TEST_STEP][PASSED] - m = getText(findTestObject("Выполнение бизнес-плана/Период")): Text of object 'Object Repository/Выполнение бизнес-плана/Период' is: '1, 2, 3 кв. 2024 года'

25-11-2024T07:52:18 - [MESSAGE][PASSED] - Text of object 'Object Repository/Выполнение бизнес-плана/Период' is: '1, 2, 3 кв. 2024 года'

25-11-2024T07:52:18 - [TEST_STEP][PASSED] - m = m.substring(0, m.indexOf("2024")): null

25-11-2024T07:52:18 - [TEST_STEP][PASSED] - m = m.trim(): null

25-11-2024T07:52:18 - [TEST_STEP][PASSED] - dashboardName = "Выполнение бизнес-плана": null

25-11-2024T07:52:18 - [TEST_STEP][PASSED] - workbook01 = getWorkbook(excelFilePath): null

25-11-2024T07:52:19 - [TEST_STEP][PASSED] - sheet01 = getExcelSheet(workbook01, sheetName): null

25-11-2024T07:52:19 - [TEST_STEP][PASSED] - setValueToCellByIndex(sheet01, n, 0, dashboardName): null

25-11-2024T07:52:19 - [TEST_STEP][PASSED] - setValueToCellByIndex(sheet01, n, 1, dZO): null

25-11-2024T07:52:19 - [TEST_STEP][PASSED] - setValueToCellByIndex(sheet01, n, 2, typeOfData): null

25-11-2024T07:52:19 - [TEST_STEP][PASSED] - if (typeOfData == "Факт в процентах" || typeOfData == "План в процентах"): null

25-11-2024T07:52:19 - [TEST_STEP][PASSED] - setValueToCellByIndex(sheet01, n, 3, fileDouble): null

25-11-2024T07:52:19 - [TEST_STEP][PASSED] - setValueToCellByIndex(sheet01, n, 4, "нет данных"): null

25-11-2024T07:52:19 - [TEST_STEP][PASSED] - setValueToCellByIndex(sheet01, n, 5, m): null

25-11-2024T07:52:19 - [TEST_STEP][PASSED] - setValueToCellByIndex(sheet01, n, 6, y): null

25-11-2024T07:52:19 - [TEST_STEP][PASSED] - setValueToCellByIndex(sheet01, n, 7, todaysDate): null

25-11-2024T07:52:19 - [TEST_STEP][PASSED] - n = n + 1: null

25-11-2024T07:52:19 - [TEST_STEP][PASSED] - saveWorkbook(excelFilePath, workbook01): null

25-11-2024T07:52:19 - [TEST_STEP][PASSED] - typeOfData = "Факт в процентах": null

25-11-2024T07:52:19 - [TEST_STEP][PASSED] - fileDouble = ").toDouble(): null

25-11-2024T07:52:19 - [TEST_STEP][PASSED] - Script1718980020443.WriteToExcelNoData(a, typeOfData, todaysDate, fileInt, fileDouble, dZO): null

25-11-2024T07:52:19 - [TEST_STEP][PASSED] - sheetName = "Sheet1": null

25-11-2024T07:52:19 - [TEST_STEP][PASSED] - data = findTestData("PlanFact"): null

25-11-2024T07:52:19 - [TEST_STEP][PASSED] - n = data.getRowNumbers() + 1: null

25-11-2024T07:52:19 - [TEST_STEP][PASSED] - year = todaysDate.substring(todaysDate.length() - 4, todaysDate.length()): null

25-11-2024T07:52:19 - [TEST_STEP][PASSED] - y = year.toInteger(): null

25-11-2024T07:52:19 - [TEST_STEP][PASSED] - m = getText(findTestObject("Выполнение бизнес-плана/Период")): Text of object 'Object Repository/Выполнение бизнес-плана/Период' is: '1, 2, 3 кв. 2024 года'

25-11-2024T07:52:19 - [MESSAGE][PASSED] - Text of object 'Object Repository/Выполнение бизнес-плана/Период' is: '1, 2, 3 кв. 2024 года'

25-11-2024T07:52:19 - [TEST_STEP][PASSED] - m = m.substring(0, m.indexOf("2024")): null

25-11-2024T07:52:19 - [TEST_STEP][PASSED] - m = m.trim(): null

25-11-2024T07:52:19 - [TEST_STEP][PASSED] - dashboardName = "Выполнение бизнес-плана": null

25-11-2024T07:52:19 - [TEST_STEP][PASSED] - workbook01 = getWorkbook(excelFilePath): null

25-11-2024T07:52:19 - [TEST_STEP][PASSED] - sheet01 = getExcelSheet(workbook01, sheetName): null

25-11-2024T07:52:19 - [TEST_STEP][PASSED] - setValueToCellByIndex(sheet01, n, 0, dashboardName): null

25-11-2024T07:52:19 - [TEST_STEP][PASSED] - setValueToCellByIndex(sheet01, n, 1, dZO): null

25-11-2024T07:52:19 - [TEST_STEP][PASSED] - setValueToCellByIndex(sheet01, n, 2, typeOfData): null

25-11-2024T07:52:19 - [TEST_STEP][PASSED] - if (typeOfData == "Факт в процентах" || typeOfData == "План в процентах"): null

25-11-2024T07:52:19 - [TEST_STEP][PASSED] - setValueToCellByIndex(sheet01, n, 3, fileDouble): null

25-11-2024T07:52:19 - [TEST_STEP][PASSED] - setValueToCellByIndex(sheet01, n, 4, "нет данных"): null

25-11-2024T07:52:19 - [TEST_STEP][PASSED] - setValueToCellByIndex(sheet01, n, 5, m): null

25-11-2024T07:52:19 - [TEST_STEP][PASSED] - setValueToCellByIndex(sheet01, n, 6, y): null

25-11-2024T07:52:19 - [TEST_STEP][PASSED] - setValueToCellByIndex(sheet01, n, 7, todaysDate): null

25-11-2024T07:52:19 - [TEST_STEP][PASSED] - n = n + 1: null

25-11-2024T07:52:19 - [TEST_STEP][PASSED] - saveWorkbook(excelFilePath, workbook01): null

25-11-2024T07:52:19 - [TEST_STEP][PASSED] - println(dzoNum): null

25-11-2024T07:52:19 - [TEST_STEP][PASSED] - dZO = "Россети Тюмень": null

25-11-2024T07:52:19 - [TEST_STEP][PASSED] - a = 80: null

25-11-2024T07:52:19 - [TEST_STEP][PASSED] - if (x1.contains(dZO)): null

25-11-2024T07:52:19 - [TEST_STEP][PASSED] - dzoNum = dzoNum + 1: null

25-11-2024T07:52:19 - [TEST_STEP][PASSED] - Script1718980020443.Numbers(a, typeOfData, todaysDate, pageInt, fileInt, pageDouble, fileDouble, dZO, dzoNum, filialNum): null

25-11-2024T07:52:19 - [TEST_STEP][PASSED] - println(dzoNum): null

25-11-2024T07:52:19 - [TEST_STEP][PASSED] - planFact = <not implemented yet for class: org.codehaus.groovy.ast.expr.EmptyExpression>: null

25-11-2024T07:52:19 - [TEST_STEP][PASSED] - page = <not implemented yet for class: org.codehaus.groovy.ast.expr.EmptyExpression>: null

25-11-2024T07:52:19 - [TEST_STEP][PASSED] - page1 = <not implemented yet for class: org.codehaus.groovy.ast.expr.EmptyExpression>: null

25-11-2024T07:52:19 - [TEST_STEP][PASSED] - page2 = <not implemented yet for class: org.codehaus.groovy.ast.expr.EmptyExpression>: null

25-11-2024T07:52:19 - [TEST_STEP][PASSED] - filialNumberInRow = <not implemented yet for class: org.codehaus.groovy.ast.expr.EmptyExpression>: null

25-11-2024T07:52:19 - [TEST_STEP][PASSED] - filialsDzoNames = <not implemented yet for class: org.codehaus.groovy.ast.expr.EmptyExpression>: null

25-11-2024T07:52:19 - [TEST_STEP][PASSED] - numberOfFilials = <not implemented yet for class: org.codehaus.groovy.ast.expr.EmptyExpression>: null

25-11-2024T07:52:19 - [TEST_STEP][PASSED] - numberOfSpaces = <not implemented yet for class: org.codehaus.groovy.ast.expr.EmptyExpression>: null

25-11-2024T07:52:19 - [TEST_STEP][PASSED] - file = <not implemented yet for class: org.codehaus.groovy.ast.expr.EmptyExpression>: null

25-11-2024T07:52:19 - [TEST_STEP][PASSED] - otpusk = <not implemented yet for class: org.codehaus.groovy.ast.expr.EmptyExpression>: null

25-11-2024T07:52:19 - [TEST_STEP][PASSED] - poteri = <not implemented yet for class: org.codehaus.groovy.ast.expr.EmptyExpression>: null

25-11-2024T07:52:19 - [TEST_STEP][PASSED] - dataFolder = "Выполнение бизнес-плана/Значения со страницы Выполнение бизнес-плана/": null

25-11-2024T07:52:19 - [TEST_STEP][PASSED] - path = <not implemented yet for class: org.codehaus.groovy.ast.expr.EmptyExpression>: null

25-11-2024T07:52:19 - [TEST_STEP][PASSED] - typeOfDataMain = <not implemented yet for class: org.codehaus.groovy.ast.expr.EmptyExpression>: null

25-11-2024T07:52:19 - [TEST_STEP][PASSED] - fileOtpuskVSet = <not implemented yet for class: org.codehaus.groovy.ast.expr.EmptyExpression>: null

25-11-2024T07:52:19 - [TEST_STEP][PASSED] - pageOtpuskVSet = <not implemented yet for class: org.codehaus.groovy.ast.expr.EmptyExpression>: null

25-11-2024T07:52:19 - [TEST_STEP][PASSED] - filePoteri = <not implemented yet for class: org.codehaus.groovy.ast.expr.EmptyExpression>: null

25-11-2024T07:52:19 - [TEST_STEP][PASSED] - pagePoteri = <not implemented yet for class: org.codehaus.groovy.ast.expr.EmptyExpression>: null

25-11-2024T07:52:19 - [TEST_STEP][PASSED] - compare = <not implemented yet for class: org.codehaus.groovy.ast.expr.EmptyExpression>: null

25-11-2024T07:52:19 - [TEST_STEP][PASSED] - b = <not implemented yet for class: org.codehaus.groovy.ast.expr.EmptyExpression>: null

25-11-2024T07:52:19 - [TEST_STEP][PASSED] - i = <not implemented yet for class: org.codehaus.groovy.ast.expr.EmptyExpression>: null

25-11-2024T07:52:19 - [TEST_STEP][PASSED] - ii = <not implemented yet for class: org.codehaus.groovy.ast.expr.EmptyExpression>: null

25-11-2024T07:52:19 - [TEST_STEP][PASSED] - c = <not implemented yet for class: org.codehaus.groovy.ast.expr.EmptyExpression>: null

25-11-2024T07:52:19 - [TEST_STEP][PASSED] - numberOfErrors = 0: null

25-11-2024T07:52:19 - [TEST_STEP][PASSED] - if (a == 82): null

25-11-2024T07:52:19 - [TEST_STEP][PASSED] - b = findTestData("PlanFact").getValue(1, a): null

25-11-2024T07:52:20 - [TEST_STEP][PASSED] - i = b.indexOf(" (ГК)"): null

25-11-2024T07:52:20 - [TEST_STEP][PASSED] - if (i > -1): null

25-11-2024T07:52:20 - [TEST_STEP][PASSED] - i = b.indexOf("О ""): null

25-11-2024T07:52:20 - [TEST_STEP][PASSED] - if (i > -1): null

25-11-2024T07:52:20 - [TEST_STEP][PASSED] - i = b.indexOf("О «"): null

25-11-2024T07:52:20 - [TEST_STEP][PASSED] - if (i > -1): null

25-11-2024T07:52:20 - [TEST_STEP][PASSED] - i = b.indexOf("г. "): null

25-11-2024T07:52:20 - [TEST_STEP][PASSED] - if (i > -1): null

25-11-2024T07:52:20 - [TEST_STEP][PASSED] - println(b): null

25-11-2024T07:52:20 - [TEST_STEP][PASSED] - for ([planFact = 1, planFact < 3, (planFact++)]): Object: 'Object Repository/Выполнение бизнес-плана/Кнопка Факт' is clicked on

25-11-2024T07:52:20 - [TEST_STEP][PASSED] - if (planFact == 1): null

25-11-2024T07:52:20 - [TEST_STEP][PASSED] - typeOfDataMain = "Факт": null

25-11-2024T07:52:20 - [TEST_STEP][PASSED] - otpusk = findTestData("PlanFact").getValue(5, a): null

25-11-2024T07:52:20 - [TEST_STEP][PASSED] - poteri = findTestData("PlanFact").getValue(6, a): null

25-11-2024T07:52:20 - [TEST_STEP][PASSED] - otpusk = otpusk.replaceAll("\s+", ""): null

25-11-2024T07:52:20 - [TEST_STEP][PASSED] - poteri = poteri.replaceAll("\s+", ""): null

25-11-2024T07:52:20 - [TEST_STEP][PASSED] - typeOfData = typeOfDataMain + " Отпуск в сеть": null

25-11-2024T07:52:20 - [TEST_STEP][PASSED] - if (a == 82): null

25-11-2024T07:52:20 - [TEST_STEP][PASSED] - else if (a == 84): null

25-11-2024T07:52:20 - [TEST_STEP][PASSED] - else if (a == 52 || a == 72 || a == 28 || a == 73 || a == 77 || a == 74 || a == 65 || a == 36 || a == 44 || a == 53 || a == 80 || a == 54 || a == 1 || a == 18 || a == 59 || a == 81): null

25-11-2024T07:52:20 - [TEST_STEP][PASSED] - path = dataFolder + "Table Data/" + typeOfData + " за отчётный период " + dzoNum: null

25-11-2024T07:52:20 - [TEST_STEP][PASSED] - println(path): null

25-11-2024T07:52:20 - [TEST_STEP][PASSED] - page = getText(findTestObject(path)): Text of object 'Object Repository/Выполнение бизнес-плана/Значения со страницы Выполнение бизнес-плана/Table Data/Факт Отпуск в сеть за отчётный период 5' is: '39 079 081'

25-11-2024T07:52:20 - [MESSAGE][PASSED] - Text of object 'Object Repository/Выполнение бизнес-плана/Значения со страницы Выполнение бизнес-плана/Table Data/Факт Отпуск в сеть за отчётный период 5' is: '39 079 081'

25-11-2024T07:52:20 - [TEST_STEP][PASSED] - page = page.replaceAll("\s+", ""): null

25-11-2024T07:52:20 - [TEST_STEP][PASSED] - fileOtpuskVSet = otpusk.toInteger(): null

25-11-2024T07:52:20 - [TEST_STEP][PASSED] - pageOtpuskVSet = page.toInteger(): null

25-11-2024T07:52:20 - [TEST_STEP][PASSED] - typeOfData = typeOfDataMain + " Потери": null

25-11-2024T07:52:20 - [TEST_STEP][PASSED] - if (a == 82): null

25-11-2024T07:52:20 - [TEST_STEP][PASSED] - else if (a == 84): null

25-11-2024T07:52:20 - [TEST_STEP][PASSED] - else if (a == 52 || a == 72 || a == 28 || a == 73 || a == 77 || a == 74 || a == 65 || a == 36 || a == 44 || a == 53 || a == 80 || a == 54 || a == 1 || a == 18 || a == 59 || a == 81): null

25-11-2024T07:52:20 - [TEST_STEP][PASSED] - path = dataFolder + "Table Data/" + typeOfData + " за отчётный период " + dzoNum: null

25-11-2024T07:52:20 - [TEST_STEP][PASSED] - page = getText(findTestObject(path)): Text of object 'Object Repository/Выполнение бизнес-плана/Значения со страницы Выполнение бизнес-плана/Table Data/Факт Потери за отчётный период 5' is: '1 016 442'

25-11-2024T07:52:20 - [MESSAGE][PASSED] - Text of object 'Object Repository/Выполнение бизнес-плана/Значения со страницы Выполнение бизнес-плана/Table Data/Факт Потери за отчётный период 5' is: '1 016 442'

25-11-2024T07:52:20 - [TEST_STEP][PASSED] - page = page.replaceAll("\s+", ""): null

25-11-2024T07:52:20 - [TEST_STEP][PASSED] - filePoteri = poteri.toInteger(): null

25-11-2024T07:52:20 - [TEST_STEP][PASSED] - pagePoteri = page.toInteger(): null

25-11-2024T07:52:20 - [TEST_STEP][PASSED] - compare = pageOtpuskVSet: null

25-11-2024T07:52:20 - [TEST_STEP][PASSED] - if (compare == fileOtpuskVSet): null

25-11-2024T07:52:20 - [TEST_STEP][PASSED] - if (compare == fileOtpuskVSet): null

25-11-2024T07:52:20 - [TEST_STEP][PASSED] - compare = pagePoteri: null

25-11-2024T07:52:20 - [TEST_STEP][PASSED] - if (compare == filePoteri): null

25-11-2024T07:52:20 - [TEST_STEP][PASSED] - if (compare == filePoteri): null

25-11-2024T07:52:20 - [TEST_STEP][PASSED] - if (planFact == 2): null

25-11-2024T07:52:20 - [TEST_STEP][PASSED] - if (planFact == 1): null

25-11-2024T07:52:20 - [TEST_STEP][PASSED] - else if (planFact == 2): null

25-11-2024T07:52:20 - [TEST_STEP][PASSED] - click(findTestObject("Выполнение бизнес-плана/Кнопка План")): Object: 'Object Repository/Выполнение бизнес-плана/Кнопка План' is clicked on

25-11-2024T07:52:21 - [MESSAGE][PASSED] - Object: 'Object Repository/Выполнение бизнес-плана/Кнопка План' is clicked on

25-11-2024T07:52:21 - [TEST_STEP][PASSED] - typeOfDataMain = "План": null

25-11-2024T07:52:21 - [TEST_STEP][PASSED] - otpusk = findTestData("PlanFact").getValue(2, a): null

25-11-2024T07:52:21 - [TEST_STEP][PASSED] - poteri = findTestData("PlanFact").getValue(3, a): null

25-11-2024T07:52:21 - [TEST_STEP][PASSED] - otpusk = otpusk.replaceAll("\s+", ""): null

25-11-2024T07:52:21 - [TEST_STEP][PASSED] - poteri = poteri.replaceAll("\s+", ""): null

25-11-2024T07:52:21 - [TEST_STEP][PASSED] - typeOfData = typeOfDataMain + " Отпуск в сеть": null

25-11-2024T07:52:21 - [TEST_STEP][PASSED] - if (a == 82): null

25-11-2024T07:52:21 - [TEST_STEP][PASSED] - else if (a == 84): null

25-11-2024T07:52:21 - [TEST_STEP][PASSED] - else if (a == 52 || a == 72 || a == 28 || a == 73 || a == 77 || a == 74 || a == 65 || a == 36 || a == 44 || a == 53 || a == 80 || a == 54 || a == 1 || a == 18 || a == 59 || a == 81): null

25-11-2024T07:52:21 - [TEST_STEP][PASSED] - path = dataFolder + "Table Data/" + typeOfData + " за отчётный период " + dzoNum: null

25-11-2024T07:52:21 - [TEST_STEP][PASSED] - println(path): null

25-11-2024T07:52:21 - [TEST_STEP][PASSED] - page = getText(findTestObject(path)): Text of object 'Object Repository/Выполнение бизнес-плана/Значения со страницы Выполнение бизнес-плана/Table Data/План Отпуск в сеть за отчётный период 5' is: '40 452 567'

25-11-2024T07:52:21 - [MESSAGE][PASSED] - Text of object 'Object Repository/Выполнение бизнес-плана/Значения со страницы Выполнение бизнес-плана/Table Data/План Отпуск в сеть за отчётный период 5' is: '40 452 567'

25-11-2024T07:52:21 - [TEST_STEP][PASSED] - page = page.replaceAll("\s+", ""): null

25-11-2024T07:52:21 - [TEST_STEP][PASSED] - fileOtpuskVSet = otpusk.toInteger(): null

25-11-2024T07:52:21 - [TEST_STEP][PASSED] - pageOtpuskVSet = page.toInteger(): null

25-11-2024T07:52:21 - [TEST_STEP][PASSED] - typeOfData = typeOfDataMain + " Потери": null

25-11-2024T07:52:21 - [TEST_STEP][PASSED] - if (a == 82): null

25-11-2024T07:52:21 - [TEST_STEP][PASSED] - else if (a == 84): null

25-11-2024T07:52:21 - [TEST_STEP][PASSED] - else if (a == 52 || a == 72 || a == 28 || a == 73 || a == 77 || a == 74 || a == 65 || a == 36 || a == 44 || a == 53 || a == 80 || a == 54 || a == 1 || a == 18 || a == 59 || a == 81): null

25-11-2024T07:52:21 - [TEST_STEP][PASSED] - path = dataFolder + "Table Data/" + typeOfData + " за отчётный период " + dzoNum: null

25-11-2024T07:52:21 - [TEST_STEP][PASSED] - page = getText(findTestObject(path)): Text of object 'Object Repository/Выполнение бизнес-плана/Значения со страницы Выполнение бизнес-плана/Table Data/План Потери за отчётный период 5' is: '1 016 285'

25-11-2024T07:52:21 - [MESSAGE][PASSED] - Text of object 'Object Repository/Выполнение бизнес-плана/Значения со страницы Выполнение бизнес-плана/Table Data/План Потери за отчётный период 5' is: '1 016 285'

25-11-2024T07:52:21 - [TEST_STEP][PASSED] - page = page.replaceAll("\s+", ""): null

25-11-2024T07:52:21 - [TEST_STEP][PASSED] - filePoteri = poteri.toInteger(): null

25-11-2024T07:52:21 - [TEST_STEP][PASSED] - pagePoteri = page.toInteger(): null

25-11-2024T07:52:21 - [TEST_STEP][PASSED] - compare = pageOtpuskVSet: null

25-11-2024T07:52:21 - [TEST_STEP][PASSED] - if (compare == fileOtpuskVSet): null

25-11-2024T07:52:21 - [TEST_STEP][PASSED] - if (compare == fileOtpuskVSet): null

25-11-2024T07:52:21 - [TEST_STEP][PASSED] - compare = pagePoteri: null

25-11-2024T07:52:21 - [TEST_STEP][PASSED] - if (compare == filePoteri): null

25-11-2024T07:52:21 - [TEST_STEP][PASSED] - if (compare == filePoteri): null

25-11-2024T07:52:21 - [TEST_STEP][PASSED] - if (planFact == 2): Object: 'Object Repository/Выполнение бизнес-плана/Кнопка Факт' is clicked on

25-11-2024T07:52:21 - [TEST_STEP][PASSED] - click(findTestObject("Выполнение бизнес-плана/Кнопка Факт")): Object: 'Object Repository/Выполнение бизнес-плана/Кнопка Факт' is clicked on

25-11-2024T07:52:22 - [MESSAGE][PASSED] - Object: 'Object Repository/Выполнение бизнес-плана/Кнопка Факт' is clicked on

25-11-2024T07:52:22 - [TEST_STEP][PASSED] - if (a == 84 || a == 82): null

25-11-2024T07:52:22 - [TEST_STEP][PASSED] - else if (a == 52 || a == 72 || a == 28 || a == 73 || a == 77 || a == 74 || a == 65 || a == 36 || a == 44 || a == 53 || a == 80 || a == 54 || a == 1 || a == 18 || a == 59 || a == 81): null

25-11-2024T07:52:22 - [TEST_STEP][PASSED] - page1 = getText(findTestObject("Object Repository/Выполнение бизнес-плана/spanPlan" + dzoNum)): Text of object 'Object Repository/Выполнение бизнес-плана/spanPlan5' is: '2.51'

25-11-2024T07:52:22 - [MESSAGE][PASSED] - Text of object 'Object Repository/Выполнение бизнес-плана/spanPlan5' is: '2.51'

25-11-2024T07:52:22 - [TEST_STEP][PASSED] - page1 = page1.replace("|", ""): null

25-11-2024T07:52:22 - [TEST_STEP][PASSED] - page2 = getText(findTestObject("Object Repository/Выполнение бизнес-плана/spanFact" + dzoNum)): Text of object 'Object Repository/Выполнение бизнес-плана/spanFact5' is: '2.60
|'

25-11-2024T07:52:22 - [MESSAGE][PASSED] - Text of object 'Object Repository/Выполнение бизнес-плана/spanFact5' is: '2.60
|'

25-11-2024T07:52:22 - [TEST_STEP][PASSED] - page2 = page2.replace("|", ""): null

25-11-2024T07:52:22 - [TEST_STEP][PASSED] - println("page1: " + page1): null

25-11-2024T07:52:22 - [TEST_STEP][PASSED] - println("page2: " + page2): null

25-11-2024T07:52:22 - [TEST_STEP][PASSED] - file = findTestData("PlanFact").getValue(4, a): null

25-11-2024T07:52:22 - [TEST_STEP][PASSED] - file = file.replace(",", "."): null

25-11-2024T07:52:22 - [TEST_STEP][PASSED] - println("file Plan: " + file): null

25-11-2024T07:52:22 - [TEST_STEP][PASSED] - typeOfData = "План в процентах": null

25-11-2024T07:52:22 - [TEST_STEP][PASSED] - fileDouble = file.toDouble(): null

25-11-2024T07:52:22 - [TEST_STEP][PASSED] - pageDouble = page1.toDouble(): null

25-11-2024T07:52:22 - [TEST_STEP][PASSED] - if (fileDouble != pageDouble): null

25-11-2024T07:52:22 - [TEST_STEP][PASSED] - file = findTestData("PlanFact").getValue(7, a): null

25-11-2024T07:52:22 - [TEST_STEP][PASSED] - file = file.replace(",", "."): null

25-11-2024T07:52:22 - [TEST_STEP][PASSED] - println("file Fact: " + file): null

25-11-2024T07:52:22 - [TEST_STEP][PASSED] - fileDouble = file.toDouble(): null

25-11-2024T07:52:22 - [TEST_STEP][PASSED] - typeOfData = "Факт в процентах": null

25-11-2024T07:52:22 - [TEST_STEP][PASSED] - fileDouble = file.toDouble(): null

25-11-2024T07:52:22 - [TEST_STEP][PASSED] - pageDouble = page2.toDouble(): null

25-11-2024T07:52:22 - [TEST_STEP][PASSED] - if (fileDouble != pageDouble): null

25-11-2024T07:52:22 - [TEST_STEP][PASSED] - if (verifyEqual(numberOfErrors, 0) == false): Actual object '0' and expected object '0' are equal

25-11-2024T07:52:22 - [MESSAGE][PASSED] - Actual object '0' and expected object '0' are equal

25-11-2024T07:52:22 - [TEST_STEP][PASSED] - if (a == 82): null

25-11-2024T07:52:22 - [TEST_STEP][PASSED] - println(dzoNum): null

25-11-2024T07:52:22 - [TEST_STEP][PASSED] - dZO = "Россети Урал (ГК)": null

25-11-2024T07:52:22 - [TEST_STEP][PASSED] - a = 54: null

25-11-2024T07:52:22 - [TEST_STEP][PASSED] - if (x1.contains(dZO)): null

25-11-2024T07:52:22 - [TEST_STEP][PASSED] - else: null

25-11-2024T07:52:22 - [TEST_STEP][PASSED] - Script1718980020443.NoData(a, typeOfData, todaysDate, fileInt, fileDouble, dZO): null

25-11-2024T07:52:22 - [TEST_STEP][PASSED] - println(a): null

25-11-2024T07:52:22 - [TEST_STEP][PASSED] - println(todaysDate): null

25-11-2024T07:52:22 - [TEST_STEP][PASSED] - println(fileInt): null

25-11-2024T07:52:22 - [TEST_STEP][PASSED] - println(fileDouble): null

25-11-2024T07:52:22 - [TEST_STEP][PASSED] - println(dZO): null

25-11-2024T07:52:22 - [TEST_STEP][PASSED] - typeOfData = "Факт Отпуск в сеть": null

25-11-2024T07:52:22 - [TEST_STEP][PASSED] - fileInt = replaceAll("\s+", "").toInteger(): null

25-11-2024T07:52:22 - [TEST_STEP][PASSED] - Script1718980020443.WriteToExcelNoData(a, typeOfData, todaysDate, fileInt, fileDouble, dZO): null

25-11-2024T07:52:22 - [TEST_STEP][PASSED] - sheetName = "Sheet1": null

25-11-2024T07:52:22 - [TEST_STEP][PASSED] - data = findTestData("PlanFact"): null

25-11-2024T07:52:22 - [TEST_STEP][PASSED] - n = data.getRowNumbers() + 1: null

25-11-2024T07:52:22 - [TEST_STEP][PASSED] - year = todaysDate.substring(todaysDate.length() - 4, todaysDate.length()): null

25-11-2024T07:52:22 - [TEST_STEP][PASSED] - y = year.toInteger(): null

25-11-2024T07:52:22 - [TEST_STEP][PASSED] - m = getText(findTestObject("Выполнение бизнес-плана/Период")): Text of object 'Object Repository/Выполнение бизнес-плана/Период' is: '1, 2, 3 кв. 2024 года'

25-11-2024T07:52:23 - [MESSAGE][PASSED] - Text of object 'Object Repository/Выполнение бизнес-плана/Период' is: '1, 2, 3 кв. 2024 года'

25-11-2024T07:52:23 - [TEST_STEP][PASSED] - m = m.substring(0, m.indexOf("2024")): null

25-11-2024T07:52:23 - [TEST_STEP][PASSED] - m = m.trim(): null

25-11-2024T07:52:23 - [TEST_STEP][PASSED] - dashboardName = "Выполнение бизнес-плана": null

25-11-2024T07:52:23 - [TEST_STEP][PASSED] - workbook01 = getWorkbook(excelFilePath): null

25-11-2024T07:52:23 - [TEST_STEP][PASSED] - sheet01 = getExcelSheet(workbook01, sheetName): null

25-11-2024T07:52:23 - [TEST_STEP][PASSED] - setValueToCellByIndex(sheet01, n, 0, dashboardName): null

25-11-2024T07:52:23 - [TEST_STEP][PASSED] - setValueToCellByIndex(sheet01, n, 1, dZO): null

25-11-2024T07:52:23 - [TEST_STEP][PASSED] - setValueToCellByIndex(sheet01, n, 2, typeOfData): null

25-11-2024T07:52:23 - [TEST_STEP][PASSED] - if (typeOfData == "Факт в процентах" || typeOfData == "План в процентах"): null

25-11-2024T07:52:23 - [TEST_STEP][PASSED] - else: null

25-11-2024T07:52:23 - [TEST_STEP][PASSED] - setValueToCellByIndex(sheet01, n, 3, fileInt): null

25-11-2024T07:52:23 - [TEST_STEP][PASSED] - setValueToCellByIndex(sheet01, n, 4, "нет данных"): null

25-11-2024T07:52:23 - [TEST_STEP][PASSED] - setValueToCellByIndex(sheet01, n, 5, m): null

25-11-2024T07:52:23 - [TEST_STEP][PASSED] - setValueToCellByIndex(sheet01, n, 6, y): null

25-11-2024T07:52:23 - [TEST_STEP][PASSED] - setValueToCellByIndex(sheet01, n, 7, todaysDate): null

25-11-2024T07:52:23 - [TEST_STEP][PASSED] - n = n + 1: null

25-11-2024T07:52:23 - [TEST_STEP][PASSED] - saveWorkbook(excelFilePath, workbook01): null

25-11-2024T07:52:23 - [TEST_STEP][PASSED] - typeOfData = "Факт Потери": null

25-11-2024T07:52:23 - [TEST_STEP][PASSED] - fileInt = replaceAll("\s+", "").toInteger(): null

25-11-2024T07:52:23 - [TEST_STEP][PASSED] - Script1718980020443.WriteToExcelNoData(a, typeOfData, todaysDate, fileInt, fileDouble, dZO): null

25-11-2024T07:52:23 - [TEST_STEP][PASSED] - sheetName = "Sheet1": null

25-11-2024T07:52:23 - [TEST_STEP][PASSED] - data = findTestData("PlanFact"): null

25-11-2024T07:52:23 - [TEST_STEP][PASSED] - n = data.getRowNumbers() + 1: null

25-11-2024T07:52:23 - [TEST_STEP][PASSED] - year = todaysDate.substring(todaysDate.length() - 4, todaysDate.length()): null

25-11-2024T07:52:23 - [TEST_STEP][PASSED] - y = year.toInteger(): null

25-11-2024T07:52:23 - [TEST_STEP][PASSED] - m = getText(findTestObject("Выполнение бизнес-плана/Период")): Text of object 'Object Repository/Выполнение бизнес-плана/Период' is: '1, 2, 3 кв. 2024 года'

25-11-2024T07:52:23 - [MESSAGE][PASSED] - Text of object 'Object Repository/Выполнение бизнес-плана/Период' is: '1, 2, 3 кв. 2024 года'

25-11-2024T07:52:23 - [TEST_STEP][PASSED] - m = m.substring(0, m.indexOf("2024")): null

25-11-2024T07:52:23 - [TEST_STEP][PASSED] - m = m.trim(): null

25-11-2024T07:52:23 - [TEST_STEP][PASSED] - dashboardName = "Выполнение бизнес-плана": null

25-11-2024T07:52:23 - [TEST_STEP][PASSED] - workbook01 = getWorkbook(excelFilePath): null

25-11-2024T07:52:23 - [TEST_STEP][PASSED] - sheet01 = getExcelSheet(workbook01, sheetName): null

25-11-2024T07:52:23 - [TEST_STEP][PASSED] - setValueToCellByIndex(sheet01, n, 0, dashboardName): null

25-11-2024T07:52:23 - [TEST_STEP][PASSED] - setValueToCellByIndex(sheet01, n, 1, dZO): null

25-11-2024T07:52:23 - [TEST_STEP][PASSED] - setValueToCellByIndex(sheet01, n, 2, typeOfData): null

25-11-2024T07:52:23 - [TEST_STEP][PASSED] - if (typeOfData == "Факт в процентах" || typeOfData == "План в процентах"): null

25-11-2024T07:52:23 - [TEST_STEP][PASSED] - else: null

25-11-2024T07:52:23 - [TEST_STEP][PASSED] - setValueToCellByIndex(sheet01, n, 3, fileInt): null

25-11-2024T07:52:23 - [TEST_STEP][PASSED] - setValueToCellByIndex(sheet01, n, 4, "нет данных"): null

25-11-2024T07:52:23 - [TEST_STEP][PASSED] - setValueToCellByIndex(sheet01, n, 5, m): null

25-11-2024T07:52:23 - [TEST_STEP][PASSED] - setValueToCellByIndex(sheet01, n, 6, y): null

25-11-2024T07:52:23 - [TEST_STEP][PASSED] - setValueToCellByIndex(sheet01, n, 7, todaysDate): null

25-11-2024T07:52:23 - [TEST_STEP][PASSED] - n = n + 1: null

25-11-2024T07:52:23 - [TEST_STEP][PASSED] - saveWorkbook(excelFilePath, workbook01): null

25-11-2024T07:52:24 - [TEST_STEP][PASSED] - typeOfData = "План Отпуск в сеть": null

25-11-2024T07:52:24 - [TEST_STEP][PASSED] - fileInt = replaceAll("\s+", "").toInteger(): null

25-11-2024T07:52:24 - [TEST_STEP][PASSED] - Script1718980020443.WriteToExcelNoData(a, typeOfData, todaysDate, fileInt, fileDouble, dZO): null

25-11-2024T07:52:24 - [TEST_STEP][PASSED] - sheetName = "Sheet1": null

25-11-2024T07:52:24 - [TEST_STEP][PASSED] - data = findTestData("PlanFact"): null

25-11-2024T07:52:24 - [TEST_STEP][PASSED] - n = data.getRowNumbers() + 1: null

25-11-2024T07:52:24 - [TEST_STEP][PASSED] - year = todaysDate.substring(todaysDate.length() - 4, todaysDate.length()): null

25-11-2024T07:52:24 - [TEST_STEP][PASSED] - y = year.toInteger(): null

25-11-2024T07:52:24 - [TEST_STEP][PASSED] - m = getText(findTestObject("Выполнение бизнес-плана/Период")): Text of object 'Object Repository/Выполнение бизнес-плана/Период' is: '1, 2, 3 кв. 2024 года'

25-11-2024T07:52:24 - [MESSAGE][PASSED] - Text of object 'Object Repository/Выполнение бизнес-плана/Период' is: '1, 2, 3 кв. 2024 года'

25-11-2024T07:52:24 - [TEST_STEP][PASSED] - m = m.substring(0, m.indexOf("2024")): null

25-11-2024T07:52:24 - [TEST_STEP][PASSED] - m = m.trim(): null

25-11-2024T07:52:24 - [TEST_STEP][PASSED] - dashboardName = "Выполнение бизнес-плана": null

25-11-2024T07:52:24 - [TEST_STEP][PASSED] - workbook01 = getWorkbook(excelFilePath): null

25-11-2024T07:52:24 - [TEST_STEP][PASSED] - sheet01 = getExcelSheet(workbook01, sheetName): null

25-11-2024T07:52:24 - [TEST_STEP][PASSED] - setValueToCellByIndex(sheet01, n, 0, dashboardName): null

25-11-2024T07:52:24 - [TEST_STEP][PASSED] - setValueToCellByIndex(sheet01, n, 1, dZO): null

25-11-2024T07:52:24 - [TEST_STEP][PASSED] - setValueToCellByIndex(sheet01, n, 2, typeOfData): null

25-11-2024T07:52:24 - [TEST_STEP][PASSED] - if (typeOfData == "Факт в процентах" || typeOfData == "План в процентах"): null

25-11-2024T07:52:24 - [TEST_STEP][PASSED] - else: null

25-11-2024T07:52:24 - [TEST_STEP][PASSED] - setValueToCellByIndex(sheet01, n, 3, fileInt): null

25-11-2024T07:52:24 - [TEST_STEP][PASSED] - setValueToCellByIndex(sheet01, n, 4, "нет данных"): null

25-11-2024T07:52:24 - [TEST_STEP][PASSED] - setValueToCellByIndex(sheet01, n, 5, m): null

25-11-2024T07:52:24 - [TEST_STEP][PASSED] - setValueToCellByIndex(sheet01, n, 6, y): null

25-11-2024T07:52:24 - [TEST_STEP][PASSED] - setValueToCellByIndex(sheet01, n, 7, todaysDate): null

25-11-2024T07:52:24 - [TEST_STEP][PASSED] - n = n + 1: null

25-11-2024T07:52:24 - [TEST_STEP][PASSED] - saveWorkbook(excelFilePath, workbook01): null

25-11-2024T07:52:24 - [TEST_STEP][PASSED] - typeOfData = "План Потери": null

25-11-2024T07:52:24 - [TEST_STEP][PASSED] - fileInt = replaceAll("\s+", "").toInteger(): null

25-11-2024T07:52:24 - [TEST_STEP][PASSED] - Script1718980020443.WriteToExcelNoData(a, typeOfData, todaysDate, fileInt, fileDouble, dZO): null

25-11-2024T07:52:24 - [TEST_STEP][PASSED] - sheetName = "Sheet1": null

25-11-2024T07:52:24 - [TEST_STEP][PASSED] - data = findTestData("PlanFact"): null

25-11-2024T07:52:25 - [TEST_STEP][PASSED] - n = data.getRowNumbers() + 1: null

25-11-2024T07:52:25 - [TEST_STEP][PASSED] - year = todaysDate.substring(todaysDate.length() - 4, todaysDate.length()): null

25-11-2024T07:52:25 - [TEST_STEP][PASSED] - y = year.toInteger(): null

25-11-2024T07:52:25 - [TEST_STEP][PASSED] - m = getText(findTestObject("Выполнение бизнес-плана/Период")): Text of object 'Object Repository/Выполнение бизнес-плана/Период' is: '1, 2, 3 кв. 2024 года'

25-11-2024T07:52:25 - [MESSAGE][PASSED] - Text of object 'Object Repository/Выполнение бизнес-плана/Период' is: '1, 2, 3 кв. 2024 года'

25-11-2024T07:52:25 - [TEST_STEP][PASSED] - m = m.substring(0, m.indexOf("2024")): null

25-11-2024T07:52:25 - [TEST_STEP][PASSED] - m = m.trim(): null

25-11-2024T07:52:25 - [TEST_STEP][PASSED] - dashboardName = "Выполнение бизнес-плана": null

25-11-2024T07:52:25 - [TEST_STEP][PASSED] - workbook01 = getWorkbook(excelFilePath): null

25-11-2024T07:52:25 - [TEST_STEP][PASSED] - sheet01 = getExcelSheet(workbook01, sheetName): null

25-11-2024T07:52:25 - [TEST_STEP][PASSED] - setValueToCellByIndex(sheet01, n, 0, dashboardName): null

25-11-2024T07:52:25 - [TEST_STEP][PASSED] - setValueToCellByIndex(sheet01, n, 1, dZO): null

25-11-2024T07:52:25 - [TEST_STEP][PASSED] - setValueToCellByIndex(sheet01, n, 2, typeOfData): null

25-11-2024T07:52:25 - [TEST_STEP][PASSED] - if (typeOfData == "Факт в процентах" || typeOfData == "План в процентах"): null

25-11-2024T07:52:25 - [TEST_STEP][PASSED] - else: null

25-11-2024T07:52:25 - [TEST_STEP][PASSED] - setValueToCellByIndex(sheet01, n, 3, fileInt): null

25-11-2024T07:52:25 - [TEST_STEP][PASSED] - setValueToCellByIndex(sheet01, n, 4, "нет данных"): null

25-11-2024T07:52:25 - [TEST_STEP][PASSED] - setValueToCellByIndex(sheet01, n, 5, m): null

25-11-2024T07:52:25 - [TEST_STEP][PASSED] - setValueToCellByIndex(sheet01, n, 6, y): null

25-11-2024T07:52:25 - [TEST_STEP][PASSED] - setValueToCellByIndex(sheet01, n, 7, todaysDate): null

25-11-2024T07:52:25 - [TEST_STEP][PASSED] - n = n + 1: null

25-11-2024T07:52:25 - [TEST_STEP][PASSED] - saveWorkbook(excelFilePath, workbook01): null

25-11-2024T07:52:25 - [TEST_STEP][PASSED] - typeOfData = "План в процентах": null

25-11-2024T07:52:25 - [TEST_STEP][PASSED] - fileDouble = ").toDouble(): null

25-11-2024T07:52:25 - [TEST_STEP][PASSED] - Script1718980020443.WriteToExcelNoData(a, typeOfData, todaysDate, fileInt, fileDouble, dZO): null

25-11-2024T07:52:25 - [TEST_STEP][PASSED] - sheetName = "Sheet1": null

25-11-2024T07:52:25 - [TEST_STEP][PASSED] - data = findTestData("PlanFact"): null

25-11-2024T07:52:25 - [TEST_STEP][PASSED] - n = data.getRowNumbers() + 1: null

25-11-2024T07:52:25 - [TEST_STEP][PASSED] - year = todaysDate.substring(todaysDate.length() - 4, todaysDate.length()): null

25-11-2024T07:52:25 - [TEST_STEP][PASSED] - y = year.toInteger(): null

25-11-2024T07:52:25 - [TEST_STEP][PASSED] - m = getText(findTestObject("Выполнение бизнес-плана/Период")): Text of object 'Object Repository/Выполнение бизнес-плана/Период' is: '1, 2, 3 кв. 2024 года'

25-11-2024T07:52:25 - [MESSAGE][PASSED] - Text of object 'Object Repository/Выполнение бизнес-плана/Период' is: '1, 2, 3 кв. 2024 года'

25-11-2024T07:52:25 - [TEST_STEP][PASSED] - m = m.substring(0, m.indexOf("2024")): null

25-11-2024T07:52:25 - [TEST_STEP][PASSED] - m = m.trim(): null

25-11-2024T07:52:25 - [TEST_STEP][PASSED] - dashboardName = "Выполнение бизнес-плана": null

25-11-2024T07:52:25 - [TEST_STEP][PASSED] - workbook01 = getWorkbook(excelFilePath): null

25-11-2024T07:52:26 - [TEST_STEP][PASSED] - sheet01 = getExcelSheet(workbook01, sheetName): null

25-11-2024T07:52:26 - [TEST_STEP][PASSED] - setValueToCellByIndex(sheet01, n, 0, dashboardName): null

25-11-2024T07:52:26 - [TEST_STEP][PASSED] - setValueToCellByIndex(sheet01, n, 1, dZO): null

25-11-2024T07:52:26 - [TEST_STEP][PASSED] - setValueToCellByIndex(sheet01, n, 2, typeOfData): null

25-11-2024T07:52:26 - [TEST_STEP][PASSED] - if (typeOfData == "Факт в процентах" || typeOfData == "План в процентах"): null

25-11-2024T07:52:26 - [TEST_STEP][PASSED] - setValueToCellByIndex(sheet01, n, 3, fileDouble): null

25-11-2024T07:52:26 - [TEST_STEP][PASSED] - setValueToCellByIndex(sheet01, n, 4, "нет данных"): null

25-11-2024T07:52:26 - [TEST_STEP][PASSED] - setValueToCellByIndex(sheet01, n, 5, m): null

25-11-2024T07:52:26 - [TEST_STEP][PASSED] - setValueToCellByIndex(sheet01, n, 6, y): null

25-11-2024T07:52:26 - [TEST_STEP][PASSED] - setValueToCellByIndex(sheet01, n, 7, todaysDate): null

25-11-2024T07:52:26 - [TEST_STEP][PASSED] - n = n + 1: null

25-11-2024T07:52:26 - [TEST_STEP][PASSED] - saveWorkbook(excelFilePath, workbook01): null

25-11-2024T07:52:26 - [TEST_STEP][PASSED] - typeOfData = "Факт в процентах": null

25-11-2024T07:52:26 - [TEST_STEP][PASSED] - fileDouble = ").toDouble(): null

25-11-2024T07:52:26 - [TEST_STEP][PASSED] - Script1718980020443.WriteToExcelNoData(a, typeOfData, todaysDate, fileInt, fileDouble, dZO): null

25-11-2024T07:52:26 - [TEST_STEP][PASSED] - sheetName = "Sheet1": null

25-11-2024T07:52:26 - [TEST_STEP][PASSED] - data = findTestData("PlanFact"): null

25-11-2024T07:52:26 - [TEST_STEP][PASSED] - n = data.getRowNumbers() + 1: null

25-11-2024T07:52:26 - [TEST_STEP][PASSED] - year = todaysDate.substring(todaysDate.length() - 4, todaysDate.length()): null

25-11-2024T07:52:26 - [TEST_STEP][PASSED] - y = year.toInteger(): null

25-11-2024T07:52:26 - [TEST_STEP][PASSED] - m = getText(findTestObject("Выполнение бизнес-плана/Период")): Text of object 'Object Repository/Выполнение бизнес-плана/Период' is: '1, 2, 3 кв. 2024 года'

25-11-2024T07:52:26 - [MESSAGE][PASSED] - Text of object 'Object Repository/Выполнение бизнес-плана/Период' is: '1, 2, 3 кв. 2024 года'

25-11-2024T07:52:26 - [TEST_STEP][PASSED] - m = m.substring(0, m.indexOf("2024")): null

25-11-2024T07:52:26 - [TEST_STEP][PASSED] - m = m.trim(): null

25-11-2024T07:52:26 - [TEST_STEP][PASSED] - dashboardName = "Выполнение бизнес-плана": null

25-11-2024T07:52:26 - [TEST_STEP][PASSED] - workbook01 = getWorkbook(excelFilePath): null

25-11-2024T07:52:26 - [TEST_STEP][PASSED] - sheet01 = getExcelSheet(workbook01, sheetName): null

25-11-2024T07:52:26 - [TEST_STEP][PASSED] - setValueToCellByIndex(sheet01, n, 0, dashboardName): null

25-11-2024T07:52:26 - [TEST_STEP][PASSED] - setValueToCellByIndex(sheet01, n, 1, dZO): null

25-11-2024T07:52:26 - [TEST_STEP][PASSED] - setValueToCellByIndex(sheet01, n, 2, typeOfData): null

25-11-2024T07:52:26 - [TEST_STEP][PASSED] - if (typeOfData == "Факт в процентах" || typeOfData == "План в процентах"): null

25-11-2024T07:52:26 - [TEST_STEP][PASSED] - setValueToCellByIndex(sheet01, n, 3, fileDouble): null

25-11-2024T07:52:26 - [TEST_STEP][PASSED] - setValueToCellByIndex(sheet01, n, 4, "нет данных"): null

25-11-2024T07:52:26 - [TEST_STEP][PASSED] - setValueToCellByIndex(sheet01, n, 5, m): null

25-11-2024T07:52:26 - [TEST_STEP][PASSED] - setValueToCellByIndex(sheet01, n, 6, y): null

25-11-2024T07:52:26 - [TEST_STEP][PASSED] - setValueToCellByIndex(sheet01, n, 7, todaysDate): null

25-11-2024T07:52:26 - [TEST_STEP][PASSED] - n = n + 1: null

25-11-2024T07:52:26 - [TEST_STEP][PASSED] - saveWorkbook(excelFilePath, workbook01): null

25-11-2024T07:52:26 - [TEST_STEP][PASSED] - println(dzoNum): null

25-11-2024T07:52:26 - [TEST_STEP][PASSED] - dZO = "Россети Центр (ГК)": null

25-11-2024T07:52:26 - [TEST_STEP][PASSED] - a = 1: null

25-11-2024T07:52:26 - [TEST_STEP][PASSED] - if (x1.contains(dZO)): null

25-11-2024T07:52:26 - [TEST_STEP][PASSED] - dzoNum = dzoNum + 1: null

25-11-2024T07:52:26 - [TEST_STEP][PASSED] - Script1718980020443.Numbers(a, typeOfData, todaysDate, pageInt, fileInt, pageDouble, fileDouble, dZO, dzoNum, filialNum): null

25-11-2024T07:52:26 - [TEST_STEP][PASSED] - println(dzoNum): null

25-11-2024T07:52:26 - [TEST_STEP][PASSED] - planFact = <not implemented yet for class: org.codehaus.groovy.ast.expr.EmptyExpression>: null

25-11-2024T07:52:26 - [TEST_STEP][PASSED] - page = <not implemented yet for class: org.codehaus.groovy.ast.expr.EmptyExpression>: null

25-11-2024T07:52:26 - [TEST_STEP][PASSED] - page1 = <not implemented yet for class: org.codehaus.groovy.ast.expr.EmptyExpression>: null

25-11-2024T07:52:26 - [TEST_STEP][PASSED] - page2 = <not implemented yet for class: org.codehaus.groovy.ast.expr.EmptyExpression>: null

25-11-2024T07:52:26 - [TEST_STEP][PASSED] - filialNumberInRow = <not implemented yet for class: org.codehaus.groovy.ast.expr.EmptyExpression>: null

25-11-2024T07:52:26 - [TEST_STEP][PASSED] - filialsDzoNames = <not implemented yet for class: org.codehaus.groovy.ast.expr.EmptyExpression>: null

25-11-2024T07:52:26 - [TEST_STEP][PASSED] - numberOfFilials = <not implemented yet for class: org.codehaus.groovy.ast.expr.EmptyExpression>: null

25-11-2024T07:52:26 - [TEST_STEP][PASSED] - numberOfSpaces = <not implemented yet for class: org.codehaus.groovy.ast.expr.EmptyExpression>: null

25-11-2024T07:52:26 - [TEST_STEP][PASSED] - file = <not implemented yet for class: org.codehaus.groovy.ast.expr.EmptyExpression>: null

25-11-2024T07:52:26 - [TEST_STEP][PASSED] - otpusk = <not implemented yet for class: org.codehaus.groovy.ast.expr.EmptyExpression>: null

25-11-2024T07:52:26 - [TEST_STEP][PASSED] - poteri = <not implemented yet for class: org.codehaus.groovy.ast.expr.EmptyExpression>: null

25-11-2024T07:52:26 - [TEST_STEP][PASSED] - dataFolder = "Выполнение бизнес-плана/Значения со страницы Выполнение бизнес-плана/": null

25-11-2024T07:52:26 - [TEST_STEP][PASSED] - path = <not implemented yet for class: org.codehaus.groovy.ast.expr.EmptyExpression>: null

25-11-2024T07:52:26 - [TEST_STEP][PASSED] - typeOfDataMain = <not implemented yet for class: org.codehaus.groovy.ast.expr.EmptyExpression>: null

25-11-2024T07:52:26 - [TEST_STEP][PASSED] - fileOtpuskVSet = <not implemented yet for class: org.codehaus.groovy.ast.expr.EmptyExpression>: null

25-11-2024T07:52:26 - [TEST_STEP][PASSED] - pageOtpuskVSet = <not implemented yet for class: org.codehaus.groovy.ast.expr.EmptyExpression>: null

25-11-2024T07:52:26 - [TEST_STEP][PASSED] - filePoteri = <not implemented yet for class: org.codehaus.groovy.ast.expr.EmptyExpression>: null

25-11-2024T07:52:26 - [TEST_STEP][PASSED] - pagePoteri = <not implemented yet for class: org.codehaus.groovy.ast.expr.EmptyExpression>: null

25-11-2024T07:52:26 - [TEST_STEP][PASSED] - compare = <not implemented yet for class: org.codehaus.groovy.ast.expr.EmptyExpression>: null

25-11-2024T07:52:26 - [TEST_STEP][PASSED] - b = <not implemented yet for class: org.codehaus.groovy.ast.expr.EmptyExpression>: null

25-11-2024T07:52:26 - [TEST_STEP][PASSED] - i = <not implemented yet for class: org.codehaus.groovy.ast.expr.EmptyExpression>: null

25-11-2024T07:52:26 - [TEST_STEP][PASSED] - ii = <not implemented yet for class: org.codehaus.groovy.ast.expr.EmptyExpression>: null

25-11-2024T07:52:26 - [TEST_STEP][PASSED] - c = <not implemented yet for class: org.codehaus.groovy.ast.expr.EmptyExpression>: null

25-11-2024T07:52:26 - [TEST_STEP][PASSED] - numberOfErrors = 0: null

25-11-2024T07:52:26 - [TEST_STEP][PASSED] - if (a == 82): null

25-11-2024T07:52:26 - [TEST_STEP][PASSED] - b = findTestData("PlanFact").getValue(1, a): null

25-11-2024T07:52:26 - [TEST_STEP][PASSED] - i = b.indexOf(" (ГК)"): null

25-11-2024T07:52:26 - [TEST_STEP][PASSED] - if (i > -1): null

25-11-2024T07:52:26 - [TEST_STEP][PASSED] - b = b.substring(0, i): null

25-11-2024T07:52:26 - [TEST_STEP][PASSED] - b = b.trim(): null

25-11-2024T07:52:26 - [TEST_STEP][PASSED] - i = b.indexOf("О ""): null

25-11-2024T07:52:26 - [TEST_STEP][PASSED] - if (i > -1): null

25-11-2024T07:52:26 - [TEST_STEP][PASSED] - i = b.indexOf("О «"): null

25-11-2024T07:52:26 - [TEST_STEP][PASSED] - if (i > -1): null

25-11-2024T07:52:26 - [TEST_STEP][PASSED] - i = b.indexOf("г. "): null

25-11-2024T07:52:26 - [TEST_STEP][PASSED] - if (i > -1): null

25-11-2024T07:52:26 - [TEST_STEP][PASSED] - println(b): null

25-11-2024T07:52:26 - [TEST_STEP][PASSED] - for ([planFact = 1, planFact < 3, (planFact++)]): null

25-11-2024T07:52:26 - [TEST_STEP][PASSED] - if (planFact == 1): null

25-11-2024T07:52:26 - [TEST_STEP][PASSED] - typeOfDataMain = "Факт": null

25-11-2024T07:52:26 - [TEST_STEP][PASSED] - otpusk = findTestData("PlanFact").getValue(5, a): null

25-11-2024T07:52:27 - [TEST_STEP][PASSED] - poteri = findTestData("PlanFact").getValue(6, a): null

25-11-2024T07:52:27 - [TEST_STEP][PASSED] - otpusk = otpusk.replaceAll("\s+", ""): null

25-11-2024T07:52:27 - [TEST_STEP][PASSED] - poteri = poteri.replaceAll("\s+", ""): null

25-11-2024T07:52:27 - [TEST_STEP][PASSED] - typeOfData = typeOfDataMain + " Отпуск в сеть": null

25-11-2024T07:52:27 - [TEST_STEP][PASSED] - if (a == 82): null

25-11-2024T07:52:27 - [TEST_STEP][PASSED] - else if (a == 84): null

25-11-2024T07:52:27 - [TEST_STEP][PASSED] - else if (a == 52 || a == 72 || a == 28 || a == 73 || a == 77 || a == 74 || a == 65 || a == 36 || a == 44 || a == 53 || a == 80 || a == 54 || a == 1 || a == 18 || a == 59 || a == 81): null

25-11-2024T07:52:27 - [TEST_STEP][PASSED] - path = dataFolder + "Table Data/" + typeOfData + " за отчётный период " + dzoNum: null

25-11-2024T07:52:27 - [TEST_STEP][PASSED] - println(path): null

25-11-2024T07:52:27 - [TEST_STEP][PASSED] - page = getText(findTestObject(path)): Text of object 'Object Repository/Выполнение бизнес-плана/Значения со страницы Выполнение бизнес-плана/Table Data/Факт Отпуск в сеть за отчётный период 6' is: '44 371 600'

25-11-2024T07:52:27 - [MESSAGE][PASSED] - Text of object 'Object Repository/Выполнение бизнес-плана/Значения со страницы Выполнение бизнес-плана/Table Data/Факт Отпуск в сеть за отчётный период 6' is: '44 371 600'

25-11-2024T07:52:27 - [TEST_STEP][PASSED] - page = page.replaceAll("\s+", ""): null

25-11-2024T07:52:27 - [TEST_STEP][PASSED] - fileOtpuskVSet = otpusk.toInteger(): null

25-11-2024T07:52:27 - [TEST_STEP][PASSED] - pageOtpuskVSet = page.toInteger(): null

25-11-2024T07:52:27 - [TEST_STEP][PASSED] - typeOfData = typeOfDataMain + " Потери": null

25-11-2024T07:52:27 - [TEST_STEP][PASSED] - if (a == 82): null

25-11-2024T07:52:27 - [TEST_STEP][PASSED] - else if (a == 84): null

25-11-2024T07:52:27 - [TEST_STEP][PASSED] - else if (a == 52 || a == 72 || a == 28 || a == 73 || a == 77 || a == 74 || a == 65 || a == 36 || a == 44 || a == 53 || a == 80 || a == 54 || a == 1 || a == 18 || a == 59 || a == 81): null

25-11-2024T07:52:27 - [TEST_STEP][PASSED] - path = dataFolder + "Table Data/" + typeOfData + " за отчётный период " + dzoNum: null

25-11-2024T07:52:27 - [TEST_STEP][PASSED] - page = getText(findTestObject(path)): Text of object 'Object Repository/Выполнение бизнес-плана/Значения со страницы Выполнение бизнес-плана/Table Data/Факт Потери за отчётный период 6' is: '4 205 240'

25-11-2024T07:52:27 - [MESSAGE][PASSED] - Text of object 'Object Repository/Выполнение бизнес-плана/Значения со страницы Выполнение бизнес-плана/Table Data/Факт Потери за отчётный период 6' is: '4 205 240'

25-11-2024T07:52:27 - [TEST_STEP][PASSED] - page = page.replaceAll("\s+", ""): null

25-11-2024T07:52:27 - [TEST_STEP][PASSED] - filePoteri = poteri.toInteger(): null

25-11-2024T07:52:27 - [TEST_STEP][PASSED] - pagePoteri = page.toInteger(): null

25-11-2024T07:52:27 - [TEST_STEP][PASSED] - compare = pageOtpuskVSet: null

25-11-2024T07:52:27 - [TEST_STEP][PASSED] - if (compare == fileOtpuskVSet): null

25-11-2024T07:52:27 - [TEST_STEP][PASSED] - else if (compare > fileOtpuskVSet): null

25-11-2024T07:52:27 - [TEST_STEP][PASSED] - else if (compare < fileOtpuskVSet): null

25-11-2024T07:52:27 - [TEST_STEP][PASSED] - compare = compare + 1: null

25-11-2024T07:52:27 - [TEST_STEP][PASSED] - if (compare == fileOtpuskVSet): null

25-11-2024T07:52:27 - [TEST_STEP][PASSED] - else: null

25-11-2024T07:52:27 - [TEST_STEP][PASSED] - numberOfErrors = numberOfErrors + 1: null

25-11-2024T07:52:27 - [TEST_STEP][PASSED] - pageInt = pageOtpuskVSet: null

25-11-2024T07:52:27 - [TEST_STEP][PASSED] - fileInt = fileOtpuskVSet: null

25-11-2024T07:52:27 - [TEST_STEP][PASSED] - typeOfData = typeOfDataMain + " Отпуск в сеть": null

25-11-2024T07:52:27 - [TEST_STEP][PASSED] - Script1718980020443.WriteToExcel(a, typeOfData, todaysDate, pageInt, fileInt, pageDouble, fileDouble, dZO): null

25-11-2024T07:52:27 - [TEST_STEP][PASSED] - sheetName = "Sheet1": null

25-11-2024T07:52:27 - [TEST_STEP][PASSED] - data = findTestData("PlanFact"): null

25-11-2024T07:52:27 - [TEST_STEP][PASSED] - n = data.getRowNumbers() + 1: null

25-11-2024T07:52:27 - [TEST_STEP][PASSED] - year = todaysDate.substring(todaysDate.length() - 4, todaysDate.length()): null

25-11-2024T07:52:27 - [TEST_STEP][PASSED] - y = year.toInteger(): null

25-11-2024T07:52:27 - [TEST_STEP][PASSED] - m = getText(findTestObject("Выполнение бизнес-плана/Период")): Text of object 'Object Repository/Выполнение бизнес-плана/Период' is: '1, 2, 3 кв. 2024 года'

25-11-2024T07:52:28 - [MESSAGE][PASSED] - Text of object 'Object Repository/Выполнение бизнес-плана/Период' is: '1, 2, 3 кв. 2024 года'

25-11-2024T07:52:28 - [TEST_STEP][PASSED] - m = m.substring(0, m.indexOf("2024")): null

25-11-2024T07:52:28 - [TEST_STEP][PASSED] - m = m.trim(): null

25-11-2024T07:52:28 - [TEST_STEP][PASSED] - dashboardName = "Выполнение бизнес-плана": null

25-11-2024T07:52:28 - [TEST_STEP][PASSED] - workbook01 = getWorkbook(excelFilePath): null

25-11-2024T07:52:28 - [TEST_STEP][PASSED] - sheet01 = getExcelSheet(workbook01, sheetName): null

25-11-2024T07:52:28 - [TEST_STEP][PASSED] - setValueToCellByIndex(sheet01, n, 0, dashboardName): null

25-11-2024T07:52:28 - [TEST_STEP][PASSED] - setValueToCellByIndex(sheet01, n, 1, dZO): null

25-11-2024T07:52:28 - [TEST_STEP][PASSED] - setValueToCellByIndex(sheet01, n, 2, typeOfData): null

25-11-2024T07:52:28 - [TEST_STEP][PASSED] - if (typeOfData == "Факт в процентах" || typeOfData == "План в процентах"): null

25-11-2024T07:52:28 - [TEST_STEP][PASSED] - else: null

25-11-2024T07:52:28 - [TEST_STEP][PASSED] - setValueToCellByIndex(sheet01, n, 3, fileInt): null

25-11-2024T07:52:28 - [TEST_STEP][PASSED] - setValueToCellByIndex(sheet01, n, 4, pageInt): null

25-11-2024T07:52:28 - [TEST_STEP][PASSED] - setValueToCellByIndex(sheet01, n, 5, m): null

25-11-2024T07:52:28 - [TEST_STEP][PASSED] - setValueToCellByIndex(sheet01, n, 6, y): null

25-11-2024T07:52:28 - [TEST_STEP][PASSED] - setValueToCellByIndex(sheet01, n, 7, todaysDate): null

25-11-2024T07:52:28 - [TEST_STEP][PASSED] - n = n + 1: null

25-11-2024T07:52:28 - [TEST_STEP][PASSED] - saveWorkbook(excelFilePath, workbook01): null

25-11-2024T07:52:28 - [TEST_STEP][PASSED] - compare = pagePoteri: null

25-11-2024T07:52:28 - [TEST_STEP][PASSED] - if (compare == filePoteri): null

25-11-2024T07:52:28 - [TEST_STEP][PASSED] - else if (compare > filePoteri): null

25-11-2024T07:52:28 - [TEST_STEP][PASSED] - else if (compare < filePoteri): null

25-11-2024T07:52:28 - [TEST_STEP][PASSED] - compare = compare + 1: null

25-11-2024T07:52:28 - [TEST_STEP][PASSED] - if (compare == filePoteri): null

25-11-2024T07:52:28 - [TEST_STEP][PASSED] - else: null

25-11-2024T07:52:28 - [TEST_STEP][PASSED] - numberOfErrors = numberOfErrors + 1: null

25-11-2024T07:52:28 - [TEST_STEP][PASSED] - pageInt = pagePoteri: null

25-11-2024T07:52:28 - [TEST_STEP][PASSED] - fileInt = filePoteri: null

25-11-2024T07:52:28 - [TEST_STEP][PASSED] - typeOfData = typeOfDataMain + " Потери": null

25-11-2024T07:52:28 - [TEST_STEP][PASSED] - Script1718980020443.WriteToExcel(a, typeOfData, todaysDate, pageInt, fileInt, pageDouble, fileDouble, dZO): null

25-11-2024T07:52:28 - [TEST_STEP][PASSED] - sheetName = "Sheet1": null

25-11-2024T07:52:28 - [TEST_STEP][PASSED] - data = findTestData("PlanFact"): null

25-11-2024T07:52:28 - [TEST_STEP][PASSED] - n = data.getRowNumbers() + 1: null

25-11-2024T07:52:28 - [TEST_STEP][PASSED] - year = todaysDate.substring(todaysDate.length() - 4, todaysDate.length()): null

25-11-2024T07:52:28 - [TEST_STEP][PASSED] - y = year.toInteger(): null

25-11-2024T07:52:28 - [TEST_STEP][PASSED] - m = getText(findTestObject("Выполнение бизнес-плана/Период")): Text of object 'Object Repository/Выполнение бизнес-плана/Период' is: '1, 2, 3 кв. 2024 года'

25-11-2024T07:52:28 - [MESSAGE][PASSED] - Text of object 'Object Repository/Выполнение бизнес-плана/Период' is: '1, 2, 3 кв. 2024 года'

25-11-2024T07:52:28 - [TEST_STEP][PASSED] - m = m.substring(0, m.indexOf("2024")): null

25-11-2024T07:52:28 - [TEST_STEP][PASSED] - m = m.trim(): null

25-11-2024T07:52:28 - [TEST_STEP][PASSED] - dashboardName = "Выполнение бизнес-плана": null

25-11-2024T07:52:28 - [TEST_STEP][PASSED] - workbook01 = getWorkbook(excelFilePath): null

25-11-2024T07:52:28 - [TEST_STEP][PASSED] - sheet01 = getExcelSheet(workbook01, sheetName): null

25-11-2024T07:52:28 - [TEST_STEP][PASSED] - setValueToCellByIndex(sheet01, n, 0, dashboardName): null

25-11-2024T07:52:28 - [TEST_STEP][PASSED] - setValueToCellByIndex(sheet01, n, 1, dZO): null

25-11-2024T07:52:28 - [TEST_STEP][PASSED] - setValueToCellByIndex(sheet01, n, 2, typeOfData): null

25-11-2024T07:52:28 - [TEST_STEP][PASSED] - if (typeOfData == "Факт в процентах" || typeOfData == "План в процентах"): null

25-11-2024T07:52:28 - [TEST_STEP][PASSED] - else: null

25-11-2024T07:52:28 - [TEST_STEP][PASSED] - setValueToCellByIndex(sheet01, n, 3, fileInt): null

25-11-2024T07:52:28 - [TEST_STEP][PASSED] - setValueToCellByIndex(sheet01, n, 4, pageInt): null

25-11-2024T07:52:28 - [TEST_STEP][PASSED] - setValueToCellByIndex(sheet01, n, 5, m): null

25-11-2024T07:52:28 - [TEST_STEP][PASSED] - setValueToCellByIndex(sheet01, n, 6, y): null

25-11-2024T07:52:28 - [TEST_STEP][PASSED] - setValueToCellByIndex(sheet01, n, 7, todaysDate): null

25-11-2024T07:52:28 - [TEST_STEP][PASSED] - n = n + 1: null

25-11-2024T07:52:28 - [TEST_STEP][PASSED] - saveWorkbook(excelFilePath, workbook01): null

25-11-2024T07:52:28 - [TEST_STEP][PASSED] - if (planFact == 2): null

25-11-2024T07:52:28 - [TEST_STEP][PASSED] - if (planFact == 1): null

25-11-2024T07:52:28 - [TEST_STEP][PASSED] - else if (planFact == 2): null

25-11-2024T07:52:28 - [TEST_STEP][PASSED] - click(findTestObject("Выполнение бизнес-плана/Кнопка План")): Object: 'Object Repository/Выполнение бизнес-плана/Кнопка План' is clicked on

25-11-2024T07:52:29 - [MESSAGE][PASSED] - Object: 'Object Repository/Выполнение бизнес-плана/Кнопка План' is clicked on

25-11-2024T07:52:29 - [TEST_STEP][PASSED] - typeOfDataMain = "План": null

25-11-2024T07:52:29 - [TEST_STEP][PASSED] - otpusk = findTestData("PlanFact").getValue(2, a): null

25-11-2024T07:52:29 - [TEST_STEP][PASSED] - poteri = findTestData("PlanFact").getValue(3, a): null

25-11-2024T07:52:29 - [TEST_STEP][PASSED] - otpusk = otpusk.replaceAll("\s+", ""): null

25-11-2024T07:52:29 - [TEST_STEP][PASSED] - poteri = poteri.replaceAll("\s+", ""): null

25-11-2024T07:52:29 - [TEST_STEP][PASSED] - typeOfData = typeOfDataMain + " Отпуск в сеть": null

25-11-2024T07:52:29 - [TEST_STEP][PASSED] - if (a == 82): null

25-11-2024T07:52:29 - [TEST_STEP][PASSED] - else if (a == 84): null

25-11-2024T07:52:29 - [TEST_STEP][PASSED] - else if (a == 52 || a == 72 || a == 28 || a == 73 || a == 77 || a == 74 || a == 65 || a == 36 || a == 44 || a == 53 || a == 80 || a == 54 || a == 1 || a == 18 || a == 59 || a == 81): null

25-11-2024T07:52:29 - [TEST_STEP][PASSED] - path = dataFolder + "Table Data/" + typeOfData + " за отчётный период " + dzoNum: null

25-11-2024T07:52:29 - [TEST_STEP][PASSED] - println(path): null

25-11-2024T07:52:29 - [TEST_STEP][PASSED] - page = getText(findTestObject(path)): Text of object 'Object Repository/Выполнение бизнес-плана/Значения со страницы Выполнение бизнес-плана/Table Data/План Отпуск в сеть за отчётный период 6' is: '43 055 315'

25-11-2024T07:52:29 - [MESSAGE][PASSED] - Text of object 'Object Repository/Выполнение бизнес-плана/Значения со страницы Выполнение бизнес-плана/Table Data/План Отпуск в сеть за отчётный период 6' is: '43 055 315'

25-11-2024T07:52:29 - [TEST_STEP][PASSED] - page = page.replaceAll("\s+", ""): null

25-11-2024T07:52:29 - [TEST_STEP][PASSED] - fileOtpuskVSet = otpusk.toInteger(): null

25-11-2024T07:52:29 - [TEST_STEP][PASSED] - pageOtpuskVSet = page.toInteger(): null

25-11-2024T07:52:29 - [TEST_STEP][PASSED] - typeOfData = typeOfDataMain + " Потери": null

25-11-2024T07:52:29 - [TEST_STEP][PASSED] - if (a == 82): null

25-11-2024T07:52:29 - [TEST_STEP][PASSED] - else if (a == 84): null

25-11-2024T07:52:29 - [TEST_STEP][PASSED] - else if (a == 52 || a == 72 || a == 28 || a == 73 || a == 77 || a == 74 || a == 65 || a == 36 || a == 44 || a == 53 || a == 80 || a == 54 || a == 1 || a == 18 || a == 59 || a == 81): null

25-11-2024T07:52:29 - [TEST_STEP][PASSED] - path = dataFolder + "Table Data/" + typeOfData + " за отчётный период " + dzoNum: null

25-11-2024T07:52:29 - [TEST_STEP][PASSED] - page = getText(findTestObject(path)): Text of object 'Object Repository/Выполнение бизнес-плана/Значения со страницы Выполнение бизнес-плана/Table Data/План Потери за отчётный период 6' is: '4 299 069'

25-11-2024T07:52:30 - [MESSAGE][PASSED] - Text of object 'Object Repository/Выполнение бизнес-плана/Значения со страницы Выполнение бизнес-плана/Table Data/План Потери за отчётный период 6' is: '4 299 069'

25-11-2024T07:52:30 - [TEST_STEP][PASSED] - page = page.replaceAll("\s+", ""): null

25-11-2024T07:52:30 - [TEST_STEP][PASSED] - filePoteri = poteri.toInteger(): null

25-11-2024T07:52:30 - [TEST_STEP][PASSED] - pagePoteri = page.toInteger(): null

25-11-2024T07:52:30 - [TEST_STEP][PASSED] - compare = pageOtpuskVSet: null

25-11-2024T07:52:30 - [TEST_STEP][PASSED] - if (compare == fileOtpuskVSet): null

25-11-2024T07:52:30 - [TEST_STEP][PASSED] - else if (compare > fileOtpuskVSet): null

25-11-2024T07:52:30 - [TEST_STEP][PASSED] - else if (compare < fileOtpuskVSet): null

25-11-2024T07:52:30 - [TEST_STEP][PASSED] - compare = compare + 1: null

25-11-2024T07:52:30 - [TEST_STEP][PASSED] - if (compare == fileOtpuskVSet): null

25-11-2024T07:52:30 - [TEST_STEP][PASSED] - else: null

25-11-2024T07:52:30 - [TEST_STEP][PASSED] - numberOfErrors = numberOfErrors + 1: null

25-11-2024T07:52:30 - [TEST_STEP][PASSED] - pageInt = pageOtpuskVSet: null

25-11-2024T07:52:30 - [TEST_STEP][PASSED] - fileInt = fileOtpuskVSet: null

25-11-2024T07:52:30 - [TEST_STEP][PASSED] - typeOfData = typeOfDataMain + " Отпуск в сеть": null

25-11-2024T07:52:30 - [TEST_STEP][PASSED] - Script1718980020443.WriteToExcel(a, typeOfData, todaysDate, pageInt, fileInt, pageDouble, fileDouble, dZO): null

25-11-2024T07:52:30 - [TEST_STEP][PASSED] - sheetName = "Sheet1": null

25-11-2024T07:52:30 - [TEST_STEP][PASSED] - data = findTestData("PlanFact"): null

25-11-2024T07:52:30 - [TEST_STEP][PASSED] - n = data.getRowNumbers() + 1: null

25-11-2024T07:52:30 - [TEST_STEP][PASSED] - year = todaysDate.substring(todaysDate.length() - 4, todaysDate.length()): null

25-11-2024T07:52:30 - [TEST_STEP][PASSED] - y = year.toInteger(): null

25-11-2024T07:52:30 - [TEST_STEP][PASSED] - m = getText(findTestObject("Выполнение бизнес-плана/Период")): Text of object 'Object Repository/Выполнение бизнес-плана/Период' is: '1, 2, 3 кв. 2024 года'

25-11-2024T07:52:30 - [MESSAGE][PASSED] - Text of object 'Object Repository/Выполнение бизнес-плана/Период' is: '1, 2, 3 кв. 2024 года'

25-11-2024T07:52:30 - [TEST_STEP][PASSED] - m = m.substring(0, m.indexOf("2024")): null

25-11-2024T07:52:30 - [TEST_STEP][PASSED] - m = m.trim(): null

25-11-2024T07:52:30 - [TEST_STEP][PASSED] - dashboardName = "Выполнение бизнес-плана": null

25-11-2024T07:52:30 - [TEST_STEP][PASSED] - workbook01 = getWorkbook(excelFilePath): null

25-11-2024T07:52:30 - [TEST_STEP][PASSED] - sheet01 = getExcelSheet(workbook01, sheetName): null

25-11-2024T07:52:30 - [TEST_STEP][PASSED] - setValueToCellByIndex(sheet01, n, 0, dashboardName): null

25-11-2024T07:52:30 - [TEST_STEP][PASSED] - setValueToCellByIndex(sheet01, n, 1, dZO): null

25-11-2024T07:52:30 - [TEST_STEP][PASSED] - setValueToCellByIndex(sheet01, n, 2, typeOfData): null

25-11-2024T07:52:30 - [TEST_STEP][PASSED] - if (typeOfData == "Факт в процентах" || typeOfData == "План в процентах"): null

25-11-2024T07:52:30 - [TEST_STEP][PASSED] - else: null

25-11-2024T07:52:30 - [TEST_STEP][PASSED] - setValueToCellByIndex(sheet01, n, 3, fileInt): null

25-11-2024T07:52:30 - [TEST_STEP][PASSED] - setValueToCellByIndex(sheet01, n, 4, pageInt): null

25-11-2024T07:52:30 - [TEST_STEP][PASSED] - setValueToCellByIndex(sheet01, n, 5, m): null

25-11-2024T07:52:30 - [TEST_STEP][PASSED] - setValueToCellByIndex(sheet01, n, 6, y): null

25-11-2024T07:52:30 - [TEST_STEP][PASSED] - setValueToCellByIndex(sheet01, n, 7, todaysDate): null

25-11-2024T07:52:30 - [TEST_STEP][PASSED] - n = n + 1: null

25-11-2024T07:52:30 - [TEST_STEP][PASSED] - saveWorkbook(excelFilePath, workbook01): null

25-11-2024T07:52:30 - [TEST_STEP][PASSED] - compare = pagePoteri: null

25-11-2024T07:52:30 - [TEST_STEP][PASSED] - if (compare == filePoteri): null

25-11-2024T07:52:30 - [TEST_STEP][PASSED] - else if (compare > filePoteri): null

25-11-2024T07:52:30 - [TEST_STEP][PASSED] - else if (compare < filePoteri): null

25-11-2024T07:52:30 - [TEST_STEP][PASSED] - compare = compare + 1: null

25-11-2024T07:52:30 - [TEST_STEP][PASSED] - if (compare == filePoteri): null

25-11-2024T07:52:30 - [TEST_STEP][PASSED] - else: null

25-11-2024T07:52:30 - [TEST_STEP][PASSED] - numberOfErrors = numberOfErrors + 1: null

25-11-2024T07:52:30 - [TEST_STEP][PASSED] - pageInt = pagePoteri: null

25-11-2024T07:52:30 - [TEST_STEP][PASSED] - fileInt = filePoteri: null

25-11-2024T07:52:30 - [TEST_STEP][PASSED] - typeOfData = typeOfDataMain + " Потери": null

25-11-2024T07:52:30 - [TEST_STEP][PASSED] - Script1718980020443.WriteToExcel(a, typeOfData, todaysDate, pageInt, fileInt, pageDouble, fileDouble, dZO): null

25-11-2024T07:52:30 - [TEST_STEP][PASSED] - sheetName = "Sheet1": null

25-11-2024T07:52:30 - [TEST_STEP][PASSED] - data = findTestData("PlanFact"): null

25-11-2024T07:52:30 - [TEST_STEP][PASSED] - n = data.getRowNumbers() + 1: null

25-11-2024T07:52:30 - [TEST_STEP][PASSED] - year = todaysDate.substring(todaysDate.length() - 4, todaysDate.length()): null

25-11-2024T07:52:30 - [TEST_STEP][PASSED] - y = year.toInteger(): null

25-11-2024T07:52:30 - [TEST_STEP][PASSED] - m = getText(findTestObject("Выполнение бизнес-плана/Период")): Text of object 'Object Repository/Выполнение бизнес-плана/Период' is: '1, 2, 3 кв. 2024 года'

25-11-2024T07:52:30 - [MESSAGE][PASSED] - Text of object 'Object Repository/Выполнение бизнес-плана/Период' is: '1, 2, 3 кв. 2024 года'

25-11-2024T07:52:30 - [TEST_STEP][PASSED] - m = m.substring(0, m.indexOf("2024")): null

25-11-2024T07:52:30 - [TEST_STEP][PASSED] - m = m.trim(): null

25-11-2024T07:52:30 - [TEST_STEP][PASSED] - dashboardName = "Выполнение бизнес-плана": null

25-11-2024T07:52:30 - [TEST_STEP][PASSED] - workbook01 = getWorkbook(excelFilePath): null

25-11-2024T07:52:31 - [TEST_STEP][PASSED] - sheet01 = getExcelSheet(workbook01, sheetName): null

25-11-2024T07:52:31 - [TEST_STEP][PASSED] - setValueToCellByIndex(sheet01, n, 0, dashboardName): null

25-11-2024T07:52:31 - [TEST_STEP][PASSED] - setValueToCellByIndex(sheet01, n, 1, dZO): null

25-11-2024T07:52:31 - [TEST_STEP][PASSED] - setValueToCellByIndex(sheet01, n, 2, typeOfData): null

25-11-2024T07:52:31 - [TEST_STEP][PASSED] - if (typeOfData == "Факт в процентах" || typeOfData == "План в процентах"): null

25-11-2024T07:52:31 - [TEST_STEP][PASSED] - else: null

25-11-2024T07:52:31 - [TEST_STEP][PASSED] - setValueToCellByIndex(sheet01, n, 3, fileInt): null

25-11-2024T07:52:31 - [TEST_STEP][PASSED] - setValueToCellByIndex(sheet01, n, 4, pageInt): null

25-11-2024T07:52:31 - [TEST_STEP][PASSED] - setValueToCellByIndex(sheet01, n, 5, m): null

25-11-2024T07:52:31 - [TEST_STEP][PASSED] - setValueToCellByIndex(sheet01, n, 6, y): null

25-11-2024T07:52:31 - [TEST_STEP][PASSED] - setValueToCellByIndex(sheet01, n, 7, todaysDate): null

25-11-2024T07:52:31 - [TEST_STEP][PASSED] - n = n + 1: null

25-11-2024T07:52:31 - [TEST_STEP][PASSED] - saveWorkbook(excelFilePath, workbook01): Object: 'Object Repository/Выполнение бизнес-плана/Кнопка Факт' is clicked on

25-11-2024T07:52:31 - [TEST_STEP][PASSED] - if (planFact == 2): Object: 'Object Repository/Выполнение бизнес-плана/Кнопка Факт' is clicked on

25-11-2024T07:52:31 - [TEST_STEP][PASSED] - click(findTestObject("Выполнение бизнес-плана/Кнопка Факт")): Object: 'Object Repository/Выполнение бизнес-плана/Кнопка Факт' is clicked on

25-11-2024T07:52:31 - [MESSAGE][PASSED] - Object: 'Object Repository/Выполнение бизнес-плана/Кнопка Факт' is clicked on

25-11-2024T07:52:31 - [TEST_STEP][PASSED] - if (a == 84 || a == 82): null

25-11-2024T07:52:31 - [TEST_STEP][PASSED] - else if (a == 52 || a == 72 || a == 28 || a == 73 || a == 77 || a == 74 || a == 65 || a == 36 || a == 44 || a == 53 || a == 80 || a == 54 || a == 1 || a == 18 || a == 59 || a == 81): null

25-11-2024T07:52:31 - [TEST_STEP][PASSED] - page1 = getText(findTestObject("Object Repository/Выполнение бизнес-плана/spanPlan" + dzoNum)): Text of object 'Object Repository/Выполнение бизнес-плана/spanPlan6' is: '9.98
|'

25-11-2024T07:52:31 - [MESSAGE][PASSED] - Text of object 'Object Repository/Выполнение бизнес-плана/spanPlan6' is: '9.98
|'

25-11-2024T07:52:31 - [TEST_STEP][PASSED] - page1 = page1.replace("|", ""): null

25-11-2024T07:52:31 - [TEST_STEP][PASSED] - page2 = getText(findTestObject("Object Repository/Выполнение бизнес-плана/spanFact" + dzoNum)): Text of object 'Object Repository/Выполнение бизнес-плана/spanFact6' is: '9.48'

25-11-2024T07:52:32 - [MESSAGE][PASSED] - Text of object 'Object Repository/Выполнение бизнес-плана/spanFact6' is: '9.48'

25-11-2024T07:52:32 - [TEST_STEP][PASSED] - page2 = page2.replace("|", ""): null

25-11-2024T07:52:32 - [TEST_STEP][PASSED] - println("page1: " + page1): null

25-11-2024T07:52:32 - [TEST_STEP][PASSED] - println("page2: " + page2): null

25-11-2024T07:52:32 - [TEST_STEP][PASSED] - file = findTestData("PlanFact").getValue(4, a): null

25-11-2024T07:52:32 - [TEST_STEP][PASSED] - file = file.replace(",", "."): null

25-11-2024T07:52:32 - [TEST_STEP][PASSED] - println("file Plan: " + file): null

25-11-2024T07:52:32 - [TEST_STEP][PASSED] - typeOfData = "План в процентах": null

25-11-2024T07:52:32 - [TEST_STEP][PASSED] - fileDouble = file.toDouble(): null

25-11-2024T07:52:32 - [TEST_STEP][PASSED] - pageDouble = page1.toDouble(): null

25-11-2024T07:52:32 - [TEST_STEP][PASSED] - if (fileDouble != pageDouble): null

25-11-2024T07:52:32 - [TEST_STEP][PASSED] - numberOfErrors = numberOfErrors + 1: null

25-11-2024T07:52:32 - [TEST_STEP][PASSED] - Script1718980020443.WriteToExcel(a, typeOfData, todaysDate, pageInt, fileInt, pageDouble, fileDouble, dZO): null

25-11-2024T07:52:32 - [TEST_STEP][PASSED] - sheetName = "Sheet1": null

25-11-2024T07:52:32 - [TEST_STEP][PASSED] - data = findTestData("PlanFact"): null

25-11-2024T07:52:32 - [TEST_STEP][PASSED] - n = data.getRowNumbers() + 1: null

25-11-2024T07:52:32 - [TEST_STEP][PASSED] - year = todaysDate.substring(todaysDate.length() - 4, todaysDate.length()): null

25-11-2024T07:52:32 - [TEST_STEP][PASSED] - y = year.toInteger(): null

25-11-2024T07:52:32 - [TEST_STEP][PASSED] - m = getText(findTestObject("Выполнение бизнес-плана/Период")): Text of object 'Object Repository/Выполнение бизнес-плана/Период' is: '1, 2, 3 кв. 2024 года'

25-11-2024T07:52:32 - [MESSAGE][PASSED] - Text of object 'Object Repository/Выполнение бизнес-плана/Период' is: '1, 2, 3 кв. 2024 года'

25-11-2024T07:52:32 - [TEST_STEP][PASSED] - m = m.substring(0, m.indexOf("2024")): null

25-11-2024T07:52:32 - [TEST_STEP][PASSED] - m = m.trim(): null

25-11-2024T07:52:32 - [TEST_STEP][PASSED] - dashboardName = "Выполнение бизнес-плана": null

25-11-2024T07:52:32 - [TEST_STEP][PASSED] - workbook01 = getWorkbook(excelFilePath): null

25-11-2024T07:52:32 - [TEST_STEP][PASSED] - sheet01 = getExcelSheet(workbook01, sheetName): null

25-11-2024T07:52:32 - [TEST_STEP][PASSED] - setValueToCellByIndex(sheet01, n, 0, dashboardName): null

25-11-2024T07:52:32 - [TEST_STEP][PASSED] - setValueToCellByIndex(sheet01, n, 1, dZO): null

25-11-2024T07:52:32 - [TEST_STEP][PASSED] - setValueToCellByIndex(sheet01, n, 2, typeOfData): null

25-11-2024T07:52:32 - [TEST_STEP][PASSED] - if (typeOfData == "Факт в процентах" || typeOfData == "План в процентах"): null

25-11-2024T07:52:32 - [TEST_STEP][PASSED] - setValueToCellByIndex(sheet01, n, 3, fileDouble): null

25-11-2024T07:52:32 - [TEST_STEP][PASSED] - setValueToCellByIndex(sheet01, n, 4, pageDouble): null

25-11-2024T07:52:32 - [TEST_STEP][PASSED] - setValueToCellByIndex(sheet01, n, 5, m): null

25-11-2024T07:52:32 - [TEST_STEP][PASSED] - setValueToCellByIndex(sheet01, n, 6, y): null

25-11-2024T07:52:32 - [TEST_STEP][PASSED] - setValueToCellByIndex(sheet01, n, 7, todaysDate): null

25-11-2024T07:52:32 - [TEST_STEP][PASSED] - n = n + 1: null

25-11-2024T07:52:32 - [TEST_STEP][PASSED] - saveWorkbook(excelFilePath, workbook01): null

25-11-2024T07:52:32 - [TEST_STEP][PASSED] - file = findTestData("PlanFact").getValue(7, a): null

25-11-2024T07:52:33 - [TEST_STEP][PASSED] - file = file.replace(",", "."): null

25-11-2024T07:52:33 - [TEST_STEP][PASSED] - println("file Fact: " + file): null

25-11-2024T07:52:33 - [TEST_STEP][PASSED] - fileDouble = file.toDouble(): null

25-11-2024T07:52:33 - [TEST_STEP][PASSED] - typeOfData = "Факт в процентах": null

25-11-2024T07:52:33 - [TEST_STEP][PASSED] - fileDouble = file.toDouble(): null

25-11-2024T07:52:33 - [TEST_STEP][PASSED] - pageDouble = page2.toDouble(): null

25-11-2024T07:52:33 - [TEST_STEP][PASSED] - if (fileDouble != pageDouble): null

25-11-2024T07:52:33 - [TEST_STEP][PASSED] - numberOfErrors = numberOfErrors + 1: null

25-11-2024T07:52:33 - [TEST_STEP][PASSED] - Script1718980020443.WriteToExcel(a, typeOfData, todaysDate, pageInt, fileInt, pageDouble, fileDouble, dZO): null

25-11-2024T07:52:33 - [TEST_STEP][PASSED] - sheetName = "Sheet1": null

25-11-2024T07:52:33 - [TEST_STEP][PASSED] - data = findTestData("PlanFact"): null

25-11-2024T07:52:33 - [TEST_STEP][PASSED] - n = data.getRowNumbers() + 1: null

25-11-2024T07:52:33 - [TEST_STEP][PASSED] - year = todaysDate.substring(todaysDate.length() - 4, todaysDate.length()): null

25-11-2024T07:52:33 - [TEST_STEP][PASSED] - y = year.toInteger(): null

25-11-2024T07:52:33 - [TEST_STEP][PASSED] - m = getText(findTestObject("Выполнение бизнес-плана/Период")): Text of object 'Object Repository/Выполнение бизнес-плана/Период' is: '1, 2, 3 кв. 2024 года'

25-11-2024T07:52:33 - [MESSAGE][PASSED] - Text of object 'Object Repository/Выполнение бизнес-плана/Период' is: '1, 2, 3 кв. 2024 года'

25-11-2024T07:52:33 - [TEST_STEP][PASSED] - m = m.substring(0, m.indexOf("2024")): null

25-11-2024T07:52:33 - [TEST_STEP][PASSED] - m = m.trim(): null

25-11-2024T07:52:33 - [TEST_STEP][PASSED] - dashboardName = "Выполнение бизнес-плана": null

25-11-2024T07:52:33 - [TEST_STEP][PASSED] - workbook01 = getWorkbook(excelFilePath): null

25-11-2024T07:52:33 - [TEST_STEP][PASSED] - sheet01 = getExcelSheet(workbook01, sheetName): null

25-11-2024T07:52:33 - [TEST_STEP][PASSED] - setValueToCellByIndex(sheet01, n, 0, dashboardName): null

25-11-2024T07:52:33 - [TEST_STEP][PASSED] - setValueToCellByIndex(sheet01, n, 1, dZO): null

25-11-2024T07:52:33 - [TEST_STEP][PASSED] - setValueToCellByIndex(sheet01, n, 2, typeOfData): null

25-11-2024T07:52:33 - [TEST_STEP][PASSED] - if (typeOfData == "Факт в процентах" || typeOfData == "План в процентах"): null

25-11-2024T07:52:33 - [TEST_STEP][PASSED] - setValueToCellByIndex(sheet01, n, 3, fileDouble): null

25-11-2024T07:52:33 - [TEST_STEP][PASSED] - setValueToCellByIndex(sheet01, n, 4, pageDouble): null

25-11-2024T07:52:33 - [TEST_STEP][PASSED] - setValueToCellByIndex(sheet01, n, 5, m): null

25-11-2024T07:52:33 - [TEST_STEP][PASSED] - setValueToCellByIndex(sheet01, n, 6, y): null

25-11-2024T07:52:33 - [TEST_STEP][PASSED] - setValueToCellByIndex(sheet01, n, 7, todaysDate): null

25-11-2024T07:52:33 - [TEST_STEP][PASSED] - n = n + 1: null

25-11-2024T07:52:33 - [TEST_STEP][PASSED] - saveWorkbook(excelFilePath, workbook01): null

25-11-2024T07:52:33 - [TEST_STEP][FAILED] - if (verifyEqual(numberOfErrors, 0) == false): null

25-11-2024T07:52:33 - [MESSAGE][FAILED] - Unable to verify equal between actual object '6' and expected object '0' (Root cause: com.kms.katalon.core.exception.StepFailedException: Actual object '6' and expected object '0' are not equal
	at com.kms.katalon.core.keyword.builtin.VerifyEqualKeyword$_verifyEqual_closure1.doCall(VerifyEqualKeyword.groovy:58)
	at com.kms.katalon.core.keyword.builtin.VerifyEqualKeyword$_verifyEqual_closure1.call(VerifyEqualKeyword.groovy)
	at com.kms.katalon.core.keyword.internal.KeywordMain.runKeyword(KeywordMain.groovy:75)
	at com.kms.katalon.core.keyword.builtin.VerifyEqualKeyword.verifyEqual(VerifyEqualKeyword.groovy:63)
	at com.kms.katalon.core.keyword.builtin.VerifyEqualKeyword.execute(VerifyEqualKeyword.groovy:44)
	at com.kms.katalon.core.keyword.internal.KeywordExecutor.executeKeywordForPlatform(KeywordExecutor.groovy:74)
	at com.kms.katalon.core.keyword.BuiltinKeywords.verifyEqual(BuiltinKeywords.groovy:146)
	at jdk.internal.reflect.GeneratedMethodAccessor24.invoke(Unknown Source)
	at java.base/jdk.internal.reflect.DelegatingMethodAccessorImpl.invoke(DelegatingMethodAccessorImpl.java:43)
	at Выполнение бизнес-плана Сверка ПАО Россети все филиалы.Numbers(Выполнение бизнес-плана Сверка ПАО Россети все филиалы:740)
	at Выполнение бизнес-плана Сверка ПАО Россети все филиалы.run(Выполнение бизнес-плана Сверка ПАО Россети все филиалы:388)
	at com.kms.katalon.core.main.ScriptEngine.run(ScriptEngine.java:194)
	at com.kms.katalon.core.main.ScriptEngine.runScriptAsRawText(ScriptEngine.java:119)
	at com.kms.katalon.core.main.TestCaseExecutor.runScript(TestCaseExecutor.java:448)
	at com.kms.katalon.core.main.TestCaseExecutor.doExecute(TestCaseExecutor.java:439)
	at com.kms.katalon.core.main.TestCaseExecutor.processExecutionPhase(TestCaseExecutor.java:418)
	at com.kms.katalon.core.main.TestCaseExecutor.accessMainPhase(TestCaseExecutor.java:410)
	at com.kms.katalon.core.main.TestCaseExecutor.execute(TestCaseExecutor.java:285)
	at com.kms.katalon.core.common.CommonExecutor.accessTestCaseMainPhase(CommonExecutor.java:65)
	at com.kms.katalon.core.main.TestSuiteExecutor.accessTestSuiteMainPhase(TestSuiteExecutor.java:150)
	at com.kms.katalon.core.main.TestSuiteExecutor.execute(TestSuiteExecutor.java:106)
	at com.kms.katalon.core.main.TestCaseMain.startTestSuite(TestCaseMain.java:180)
	at TempTestSuite1732509691813.run(TempTestSuite1732509691813.groovy:35)
	at java.base/jdk.internal.reflect.NativeMethodAccessorImpl.invoke0(Native Method)
	at java.base/jdk.internal.reflect.NativeMethodAccessorImpl.invoke(NativeMethodAccessorImpl.java:77)
	at java.base/jdk.internal.reflect.DelegatingMethodAccessorImpl.invoke(DelegatingMethodAccessorImpl.java:43)
)

25-11-2024T07:52:33 - [TEST_STEP][PASSED] - println(numberOfErrors): null

25-11-2024T07:52:33 - [TEST_STEP][PASSED] - if (a == 28 || a == 77 || a == 74 || a == 65 || a == 36 || a == 44 || a == 54 || a == 1 || a == 18 || a == 59): null

25-11-2024T07:52:33 - [TEST_STEP][PASSED] - Script1718980020443.Filials(a, typeOfData, todaysDate, pageInt, fileInt, pageDouble, fileDouble, dZO, dzoNum, filialNum): null

25-11-2024T07:52:33 - [TEST_STEP][PASSED] - i = <not implemented yet for class: org.codehaus.groovy.ast.expr.EmptyExpression>: null

25-11-2024T07:52:33 - [TEST_STEP][PASSED] - c = <not implemented yet for class: org.codehaus.groovy.ast.expr.EmptyExpression>: null

25-11-2024T07:52:33 - [TEST_STEP][PASSED] - page = <not implemented yet for class: org.codehaus.groovy.ast.expr.EmptyExpression>: null

25-11-2024T07:52:33 - [TEST_STEP][PASSED] - println(dZO): null

25-11-2024T07:52:33 - [TEST_STEP][PASSED] - reducedDZO = <not implemented yet for class: org.codehaus.groovy.ast.expr.EmptyExpression>: null

25-11-2024T07:52:33 - [TEST_STEP][PASSED] - reducedDZO = dZO.substring(dZO.indexOf(" ") + 1, dZO.length()): null

25-11-2024T07:52:33 - [TEST_STEP][PASSED] - if (reducedDZO.contains(" ")): null

25-11-2024T07:52:33 - [TEST_STEP][PASSED] - reducedDZO = reducedDZO.substring(reducedDZO.indexOf(" ") + 1, reducedDZO.length()): null

25-11-2024T07:52:33 - [TEST_STEP][PASSED] - if (reducedDZO.contains(" ")): null

25-11-2024T07:52:33 - [TEST_STEP][PASSED] - println(reducedDZO): null

25-11-2024T07:52:33 - [TEST_STEP][PASSED] - dzoCut = <not implemented yet for class: org.codehaus.groovy.ast.expr.EmptyExpression>: null

25-11-2024T07:52:33 - [TEST_STEP][PASSED] - Script1718980020443.DZO(a): null

25-11-2024T07:52:33 - [TEST_STEP][PASSED] - Script1718980020443.OpenFilter(): null

25-11-2024T07:52:33 - [TEST_STEP][PASSED] - click(findTestObject("Object Repository/Выполнение бизнес-плана/Фильтр ДЗО")): Object: 'Object Repository/Выполнение бизнес-плана/Фильтр ДЗО' is clicked on

25-11-2024T07:52:33 - [MESSAGE][PASSED] - Object: 'Object Repository/Выполнение бизнес-плана/Фильтр ДЗО' is clicked on

25-11-2024T07:52:33 - [TEST_STEP][PASSED] - click(findTestObject("Выполнение бизнес-плана/Снять выделение в фильтре ДЗО")): Object: 'Object Repository/Выполнение бизнес-плана/Снять выделение в фильтре ДЗО' is clicked on

25-11-2024T07:52:34 - [MESSAGE][PASSED] - Object: 'Object Repository/Выполнение бизнес-плана/Снять выделение в фильтре ДЗО' is clicked on

25-11-2024T07:52:34 - [TEST_STEP][PASSED] - Script1718980020443.OpenRSK(): null

25-11-2024T07:52:34 - [TEST_STEP][PASSED] - click(findTestObject("Выполнение бизнес-плана/Раскрыть список ПАО Россети в фильтре ДЗО")): Object: 'Object Repository/Выполнение бизнес-плана/Раскрыть список ПАО Россети в фильтре ДЗО' is clicked on

25-11-2024T07:52:34 - [MESSAGE][PASSED] - Object: 'Object Repository/Выполнение бизнес-плана/Раскрыть список ПАО Россети в фильтре ДЗО' is clicked on

25-11-2024T07:52:34 - [TEST_STEP][PASSED] - click(findTestObject("Выполнение бизнес-плана/Раскрыть список РаспредКомплекс в фильтре ДЗО")): Object: 'Object Repository/Выполнение бизнес-плана/Раскрыть список РаспредКомплекс в фильтре ДЗО' is clicked on

25-11-2024T07:52:35 - [MESSAGE][PASSED] - Object: 'Object Repository/Выполнение бизнес-плана/Раскрыть список РаспредКомплекс в фильтре ДЗО' is clicked on

25-11-2024T07:52:35 - [TEST_STEP][PASSED] - if (a == 28): null

25-11-2024T07:52:35 - [TEST_STEP][PASSED] - if (a == 77): null

25-11-2024T07:52:35 - [TEST_STEP][PASSED] - if (a == 74): null

25-11-2024T07:52:35 - [TEST_STEP][PASSED] - if (a == 65): null

25-11-2024T07:52:35 - [TEST_STEP][PASSED] - if (a == 36): null

25-11-2024T07:52:35 - [TEST_STEP][PASSED] - if (a == 44): null

25-11-2024T07:52:35 - [TEST_STEP][PASSED] - if (a == 54): null

25-11-2024T07:52:35 - [TEST_STEP][PASSED] - if (a == 1): Object: 'Object Repository/Выполнение бизнес-плана/Россети Центр' is clicked on

25-11-2024T07:52:35 - [TEST_STEP][PASSED] - scrollToElement(findTestObject("Общие объекты/Раскрыть список Россети Центр"), 30): Scroll to object 'Object Repository/Общие объекты/Раскрыть список Россети Центр' successfully

25-11-2024T07:52:35 - [MESSAGE][PASSED] - Scroll to object 'Object Repository/Общие объекты/Раскрыть список Россети Центр' successfully

25-11-2024T07:52:35 - [TEST_STEP][PASSED] - click(findTestObject("Выполнение бизнес-плана/Россети Центр")): Object: 'Object Repository/Выполнение бизнес-плана/Россети Центр' is clicked on

25-11-2024T07:52:35 - [MESSAGE][PASSED] - Object: 'Object Repository/Выполнение бизнес-плана/Россети Центр' is clicked on

25-11-2024T07:52:35 - [TEST_STEP][PASSED] - if (a == 18): null

25-11-2024T07:52:35 - [TEST_STEP][PASSED] - if (a == 59): null

25-11-2024T07:52:35 - [TEST_STEP][PASSED] - Script1718980020443.CloseFilter(): null

25-11-2024T07:52:35 - [TEST_STEP][PASSED] - scrollToElement(findTestObject("Выполнение бизнес-плана/Заголовок дашборда"), 30): Scroll to object 'Object Repository/Выполнение бизнес-плана/Заголовок дашборда' successfully

25-11-2024T07:52:36 - [MESSAGE][PASSED] - Scroll to object 'Object Repository/Выполнение бизнес-плана/Заголовок дашборда' successfully

25-11-2024T07:52:36 - [TEST_STEP][PASSED] - click(findTestObject("Object Repository/Выполнение бизнес-плана/Применить в фильтре ДЗО")): Object: 'Object Repository/Выполнение бизнес-плана/Применить в фильтре ДЗО' is clicked on

25-11-2024T07:52:37 - [MESSAGE][PASSED] - Object: 'Object Repository/Выполнение бизнес-плана/Применить в фильтре ДЗО' is clicked on

25-11-2024T07:52:37 - [TEST_STEP][PASSED] - Script1718980020443.ZakrytOpoveshenie(): null

25-11-2024T07:52:37 - [TEST_STEP][PASSED] - delay(10): Delayed 10 second(s)

25-11-2024T07:52:47 - [MESSAGE][PASSED] - Delayed 10 second(s)

25-11-2024T07:52:47 - [TEST_STEP][PASSED] - opoveshenie = getText(findTestObject("Выполнение бизнес-плана/Просьба обратить внимание")): Text of object 'Object Repository/Выполнение бизнес-плана/Просьба обратить внимание' is: ''

25-11-2024T07:52:59 - [MESSAGE][PASSED] - Text of object 'Object Repository/Выполнение бизнес-плана/Просьба обратить внимание' is: ''

25-11-2024T07:52:59 - [TEST_STEP][PASSED] - println(opoveshenie): null

25-11-2024T07:52:59 - [TEST_STEP][PASSED] - if (opoveshenie == "Просьба обратить внимание"): null

25-11-2024T07:52:59 - [TEST_STEP][PASSED] - page = getText(findTestObject("Object Repository/Выполнение бизнес-плана/Filials")): Text of object 'Object Repository/Выполнение бизнес-плана/Filials' is: 'Россети Центр (ГК)
0
10
20
30
40
50
60
70'

25-11-2024T07:52:59 - [MESSAGE][PASSED] - Text of object 'Object Repository/Выполнение бизнес-плана/Filials' is: 'Россети Центр (ГК)
0
10
20
30
40
50
60
70'

25-11-2024T07:52:59 - [TEST_STEP][PASSED] - println(page): null

25-11-2024T07:52:59 - [TEST_STEP][PASSED] - c = page.indexOf(reducedDZO): null

25-11-2024T07:52:59 - [TEST_STEP][PASSED] - if (c > -1): null

25-11-2024T07:52:59 - [TEST_STEP][PASSED] - click(findTestObject("Выполнение бизнес-плана/список")): Object: 'Object Repository/Выполнение бизнес-плана/список' is clicked on

25-11-2024T07:52:59 - [MESSAGE][PASSED] - Object: 'Object Repository/Выполнение бизнес-плана/список' is clicked on

25-11-2024T07:52:59 - [TEST_STEP][PASSED] - delay(10): Delayed 10 second(s)

25-11-2024T07:53:09 - [MESSAGE][PASSED] - Delayed 10 second(s)

25-11-2024T07:53:09 - [TEST_STEP][PASSED] - click(findTestObject("Выполнение бизнес-плана/Раскрытие списка")): Object: 'Object Repository/Выполнение бизнес-плана/Раскрытие списка' is clicked on

25-11-2024T07:53:10 - [MESSAGE][PASSED] - Object: 'Object Repository/Выполнение бизнес-плана/Раскрытие списка' is clicked on

25-11-2024T07:53:10 - [TEST_STEP][PASSED] - delay(10): Delayed 10 second(s)

25-11-2024T07:53:20 - [MESSAGE][PASSED] - Delayed 10 second(s)

25-11-2024T07:53:20 - [TEST_STEP][PASSED] - page = getText(findTestObject("Object Repository/Выполнение бизнес-плана/Filials")): Text of object 'Object Repository/Выполнение бизнес-плана/Filials' is: 'АО«Воронежскаягорэлектросеть»
АО «Тульскиегородскиеэлектрическиесети»
АО«Ярославскаяэлектросетеваякомпания»
Белгородэнерго
Брянскэнерго
Воронежэнерго
Костромаэнерго
Курскэнерго
Липецкэнерго
ООО «БрянскЭ…
Орелэнерго
Смоленскэнерго
Тамбовэнерго
Тверьэнерго
Ярэнерго
0
20
40
60
10
30
50
70'

25-11-2024T07:53:20 - [MESSAGE][PASSED] - Text of object 'Object Repository/Выполнение бизнес-плана/Filials' is: 'АО«Воронежскаягорэлектросеть»
АО «Тульскиегородскиеэлектрическиесети»
АО«Ярославскаяэлектросетеваякомпания»
Белгородэнерго
Брянскэнерго
Воронежэнерго
Костромаэнерго
Курскэнерго
Липецкэнерго
ООО «БрянскЭ…
Орелэнерго
Смоленскэнерго
Тамбовэнерго
Тверьэнерго
Ярэнерго
0
20
40
60
10
30
50
70'

25-11-2024T07:53:20 - [TEST_STEP][PASSED] - println(page): null

25-11-2024T07:53:20 - [TEST_STEP][PASSED] - c = page.indexOf(reducedDZO): null

25-11-2024T07:53:20 - [TEST_STEP][PASSED] - x2 = getText(findTestObject("Выполнение бизнес-плана/Список ДЗО старый")): Text of object 'Object Repository/Выполнение бизнес-плана/Список ДЗО старый' is: 'АО«Воронежскаягорэлектросеть»
АО «Тульскиегородскиеэлектрическиесети»
АО«Ярославскаяэлектросетеваякомпания»
Белгородэнерго
Брянскэнерго
Воронежэнерго
Костромаэнерго
Курскэнерго
Липецкэнерго
ООО «БрянскЭ…
Орелэнерго
Смоленскэнерго
Тамбовэнерго
Тверьэнерго
Ярэнерго
0
20
40
60
10
30
50
70'

25-11-2024T07:53:20 - [MESSAGE][PASSED] - Text of object 'Object Repository/Выполнение бизнес-плана/Список ДЗО старый' is: 'АО«Воронежскаягорэлектросеть»
АО «Тульскиегородскиеэлектрическиесети»
АО«Ярославскаяэлектросетеваякомпания»
Белгородэнерго
Брянскэнерго
Воронежэнерго
Костромаэнерго
Курскэнерго
Липецкэнерго
ООО «БрянскЭ…
Орелэнерго
Смоленскэнерго
Тамбовэнерго
Тверьэнерго
Ярэнерго
0
20
40
60
10
30
50
70'

25-11-2024T07:53:20 - [TEST_STEP][PASSED] - if (a == 28): null

25-11-2024T07:53:20 - [TEST_STEP][PASSED] - if (a == 77): null

25-11-2024T07:53:20 - [TEST_STEP][PASSED] - if (a == 74): null

25-11-2024T07:53:20 - [TEST_STEP][PASSED] - if (a == 65): null

25-11-2024T07:53:20 - [TEST_STEP][PASSED] - if (a == 1): null

25-11-2024T07:53:20 - [TEST_STEP][PASSED] - dZO = "АО «Воронежская горэлектросеть»": null

25-11-2024T07:53:20 - [TEST_STEP][PASSED] - a = 14: null

25-11-2024T07:53:20 - [TEST_STEP][PASSED] - i = dZO.length() - 1: null

25-11-2024T07:53:20 - [TEST_STEP][PASSED] - dzoCut = substring(4, i).replaceAll("\s+", ""): null

25-11-2024T07:53:20 - [TEST_STEP][PASSED] - if (x2.contains(dzoCut)): null

25-11-2024T07:53:20 - [TEST_STEP][PASSED] - filialNum = filialNum + 1: null

25-11-2024T07:53:20 - [TEST_STEP][PASSED] - Script1718980020443.Numbers(a, typeOfData, todaysDate, pageInt, fileInt, pageDouble, fileDouble, dZO, dzoNum, filialNum): null

25-11-2024T07:53:20 - [TEST_STEP][PASSED] - println(dzoNum): null

25-11-2024T07:53:20 - [TEST_STEP][PASSED] - planFact = <not implemented yet for class: org.codehaus.groovy.ast.expr.EmptyExpression>: null

25-11-2024T07:53:20 - [TEST_STEP][PASSED] - page = <not implemented yet for class: org.codehaus.groovy.ast.expr.EmptyExpression>: null

25-11-2024T07:53:20 - [TEST_STEP][PASSED] - page1 = <not implemented yet for class: org.codehaus.groovy.ast.expr.EmptyExpression>: null

25-11-2024T07:53:20 - [TEST_STEP][PASSED] - page2 = <not implemented yet for class: org.codehaus.groovy.ast.expr.EmptyExpression>: null

25-11-2024T07:53:20 - [TEST_STEP][PASSED] - filialNumberInRow = <not implemented yet for class: org.codehaus.groovy.ast.expr.EmptyExpression>: null

25-11-2024T07:53:20 - [TEST_STEP][PASSED] - filialsDzoNames = <not implemented yet for class: org.codehaus.groovy.ast.expr.EmptyExpression>: null

25-11-2024T07:53:20 - [TEST_STEP][PASSED] - numberOfFilials = <not implemented yet for class: org.codehaus.groovy.ast.expr.EmptyExpression>: null

25-11-2024T07:53:20 - [TEST_STEP][PASSED] - numberOfSpaces = <not implemented yet for class: org.codehaus.groovy.ast.expr.EmptyExpression>: null

25-11-2024T07:53:20 - [TEST_STEP][PASSED] - file = <not implemented yet for class: org.codehaus.groovy.ast.expr.EmptyExpression>: null

25-11-2024T07:53:20 - [TEST_STEP][PASSED] - otpusk = <not implemented yet for class: org.codehaus.groovy.ast.expr.EmptyExpression>: null

25-11-2024T07:53:20 - [TEST_STEP][PASSED] - poteri = <not implemented yet for class: org.codehaus.groovy.ast.expr.EmptyExpression>: null

25-11-2024T07:53:20 - [TEST_STEP][PASSED] - dataFolder = "Выполнение бизнес-плана/Значения со страницы Выполнение бизнес-плана/": null

25-11-2024T07:53:20 - [TEST_STEP][PASSED] - path = <not implemented yet for class: org.codehaus.groovy.ast.expr.EmptyExpression>: null

25-11-2024T07:53:20 - [TEST_STEP][PASSED] - typeOfDataMain = <not implemented yet for class: org.codehaus.groovy.ast.expr.EmptyExpression>: null

25-11-2024T07:53:20 - [TEST_STEP][PASSED] - fileOtpuskVSet = <not implemented yet for class: org.codehaus.groovy.ast.expr.EmptyExpression>: null

25-11-2024T07:53:20 - [TEST_STEP][PASSED] - pageOtpuskVSet = <not implemented yet for class: org.codehaus.groovy.ast.expr.EmptyExpression>: null

25-11-2024T07:53:20 - [TEST_STEP][PASSED] - filePoteri = <not implemented yet for class: org.codehaus.groovy.ast.expr.EmptyExpression>: null

25-11-2024T07:53:20 - [TEST_STEP][PASSED] - pagePoteri = <not implemented yet for class: org.codehaus.groovy.ast.expr.EmptyExpression>: null

25-11-2024T07:53:20 - [TEST_STEP][PASSED] - compare = <not implemented yet for class: org.codehaus.groovy.ast.expr.EmptyExpression>: null

25-11-2024T07:53:20 - [TEST_STEP][PASSED] - b = <not implemented yet for class: org.codehaus.groovy.ast.expr.EmptyExpression>: null

25-11-2024T07:53:20 - [TEST_STEP][PASSED] - i = <not implemented yet for class: org.codehaus.groovy.ast.expr.EmptyExpression>: null

25-11-2024T07:53:20 - [TEST_STEP][PASSED] - ii = <not implemented yet for class: org.codehaus.groovy.ast.expr.EmptyExpression>: null

25-11-2024T07:53:20 - [TEST_STEP][PASSED] - c = <not implemented yet for class: org.codehaus.groovy.ast.expr.EmptyExpression>: null

25-11-2024T07:53:20 - [TEST_STEP][PASSED] - numberOfErrors = 0: null

25-11-2024T07:53:20 - [TEST_STEP][PASSED] - if (a == 82): null

25-11-2024T07:53:20 - [TEST_STEP][PASSED] - b = findTestData("PlanFact").getValue(1, a): null

25-11-2024T07:53:20 - [TEST_STEP][PASSED] - i = b.indexOf(" (ГК)"): null

25-11-2024T07:53:20 - [TEST_STEP][PASSED] - if (i > -1): null

25-11-2024T07:53:20 - [TEST_STEP][PASSED] - i = b.indexOf("О ""): null

25-11-2024T07:53:20 - [TEST_STEP][PASSED] - if (i > -1): null

25-11-2024T07:53:20 - [TEST_STEP][PASSED] - i = b.indexOf("О «"): null

25-11-2024T07:53:20 - [TEST_STEP][PASSED] - if (i > -1): null

25-11-2024T07:53:20 - [TEST_STEP][PASSED] - b = b.substring(i + 3, b.length()): null

25-11-2024T07:53:20 - [TEST_STEP][PASSED] - i = b.indexOf("»"): null

25-11-2024T07:53:20 - [TEST_STEP][PASSED] - b = b.substring(0, i): null

25-11-2024T07:53:20 - [TEST_STEP][PASSED] - b = b.trim(): null

25-11-2024T07:53:20 - [TEST_STEP][PASSED] - i = b.indexOf("г. "): null

25-11-2024T07:53:20 - [TEST_STEP][PASSED] - if (i > -1): null

25-11-2024T07:53:20 - [TEST_STEP][PASSED] - println(b): null

25-11-2024T07:53:20 - [TEST_STEP][PASSED] - for ([planFact = 1, planFact < 3, (planFact++)]): Object: 'Object Repository/Выполнение бизнес-плана/Кнопка Факт' is clicked on

25-11-2024T07:53:20 - [TEST_STEP][PASSED] - if (planFact == 1): null

25-11-2024T07:53:20 - [TEST_STEP][PASSED] - typeOfDataMain = "Факт": null

25-11-2024T07:53:20 - [TEST_STEP][PASSED] - otpusk = findTestData("PlanFact").getValue(5, a): null

25-11-2024T07:53:20 - [TEST_STEP][PASSED] - poteri = findTestData("PlanFact").getValue(6, a): null

25-11-2024T07:53:21 - [TEST_STEP][PASSED] - otpusk = otpusk.replaceAll("\s+", ""): null

25-11-2024T07:53:21 - [TEST_STEP][PASSED] - poteri = poteri.replaceAll("\s+", ""): null

25-11-2024T07:53:21 - [TEST_STEP][PASSED] - typeOfData = typeOfDataMain + " Отпуск в сеть": null

25-11-2024T07:53:21 - [TEST_STEP][PASSED] - if (a == 82): null

25-11-2024T07:53:21 - [TEST_STEP][PASSED] - else if (a == 84): null

25-11-2024T07:53:21 - [TEST_STEP][PASSED] - else if (a == 52 || a == 72 || a == 28 || a == 73 || a == 77 || a == 74 || a == 65 || a == 36 || a == 44 || a == 53 || a == 80 || a == 54 || a == 1 || a == 18 || a == 59 || a == 81): null

25-11-2024T07:53:21 - [TEST_STEP][PASSED] - else: null

25-11-2024T07:53:21 - [TEST_STEP][PASSED] - path = dataFolder + typeOfData + " за отчётный период " + b: null

25-11-2024T07:53:21 - [TEST_STEP][PASSED] - println(path): null

25-11-2024T07:53:21 - [TEST_STEP][PASSED] - page = getText(findTestObject(path)): Text of object 'Object Repository/Выполнение бизнес-плана/Значения со страницы Выполнение бизнес-плана/Факт Отпуск в сеть за отчётный период Воронежская горэлектросеть' is: '1 478 675'

25-11-2024T07:53:21 - [MESSAGE][PASSED] - Text of object 'Object Repository/Выполнение бизнес-плана/Значения со страницы Выполнение бизнес-плана/Факт Отпуск в сеть за отчётный период Воронежская горэлектросеть' is: '1 478 675'

25-11-2024T07:53:21 - [TEST_STEP][PASSED] - page = page.replaceAll("\s+", ""): null

25-11-2024T07:53:21 - [TEST_STEP][PASSED] - fileOtpuskVSet = otpusk.toInteger(): null

25-11-2024T07:53:21 - [TEST_STEP][PASSED] - pageOtpuskVSet = page.toInteger(): null

25-11-2024T07:53:21 - [TEST_STEP][PASSED] - typeOfData = typeOfDataMain + " Потери": null

25-11-2024T07:53:21 - [TEST_STEP][PASSED] - if (a == 82): null

25-11-2024T07:53:21 - [TEST_STEP][PASSED] - else if (a == 84): null

25-11-2024T07:53:21 - [TEST_STEP][PASSED] - else if (a == 52 || a == 72 || a == 28 || a == 73 || a == 77 || a == 74 || a == 65 || a == 36 || a == 44 || a == 53 || a == 80 || a == 54 || a == 1 || a == 18 || a == 59 || a == 81): null

25-11-2024T07:53:21 - [TEST_STEP][PASSED] - else: null

25-11-2024T07:53:21 - [TEST_STEP][PASSED] - path = dataFolder + typeOfData + " за отчётный период " + b: null

25-11-2024T07:53:21 - [TEST_STEP][PASSED] - page = getText(findTestObject(path)): Text of object 'Object Repository/Выполнение бизнес-плана/Значения со страницы Выполнение бизнес-плана/Факт Потери за отчётный период Воронежская горэлектросеть' is: '179 644'

25-11-2024T07:53:21 - [MESSAGE][PASSED] - Text of object 'Object Repository/Выполнение бизнес-плана/Значения со страницы Выполнение бизнес-плана/Факт Потери за отчётный период Воронежская горэлектросеть' is: '179 644'

25-11-2024T07:53:21 - [TEST_STEP][PASSED] - page = page.replaceAll("\s+", ""): null

25-11-2024T07:53:21 - [TEST_STEP][PASSED] - filePoteri = poteri.toInteger(): null

25-11-2024T07:53:21 - [TEST_STEP][PASSED] - pagePoteri = page.toInteger(): null

25-11-2024T07:53:21 - [TEST_STEP][PASSED] - compare = pageOtpuskVSet: null

25-11-2024T07:53:21 - [TEST_STEP][PASSED] - if (compare == fileOtpuskVSet): null

25-11-2024T07:53:21 - [TEST_STEP][PASSED] - if (compare == fileOtpuskVSet): null

25-11-2024T07:53:21 - [TEST_STEP][PASSED] - compare = pagePoteri: null

25-11-2024T07:53:21 - [TEST_STEP][PASSED] - if (compare == filePoteri): null

25-11-2024T07:53:21 - [TEST_STEP][PASSED] - if (compare == filePoteri): null

25-11-2024T07:53:21 - [TEST_STEP][PASSED] - if (planFact == 2): null

25-11-2024T07:53:21 - [TEST_STEP][PASSED] - if (planFact == 1): null

25-11-2024T07:53:21 - [TEST_STEP][PASSED] - else if (planFact == 2): null

25-11-2024T07:53:21 - [TEST_STEP][PASSED] - click(findTestObject("Выполнение бизнес-плана/Кнопка План")): Object: 'Object Repository/Выполнение бизнес-плана/Кнопка План' is clicked on

25-11-2024T07:53:21 - [MESSAGE][PASSED] - Object: 'Object Repository/Выполнение бизнес-плана/Кнопка План' is clicked on

25-11-2024T07:53:21 - [TEST_STEP][PASSED] - typeOfDataMain = "План": null

25-11-2024T07:53:21 - [TEST_STEP][PASSED] - otpusk = findTestData("PlanFact").getValue(2, a): null

25-11-2024T07:53:22 - [TEST_STEP][PASSED] - poteri = findTestData("PlanFact").getValue(3, a): null

25-11-2024T07:53:22 - [TEST_STEP][PASSED] - otpusk = otpusk.replaceAll("\s+", ""): null

25-11-2024T07:53:22 - [TEST_STEP][PASSED] - poteri = poteri.replaceAll("\s+", ""): null

25-11-2024T07:53:22 - [TEST_STEP][PASSED] - typeOfData = typeOfDataMain + " Отпуск в сеть": null

25-11-2024T07:53:22 - [TEST_STEP][PASSED] - if (a == 82): null

25-11-2024T07:53:22 - [TEST_STEP][PASSED] - else if (a == 84): null

25-11-2024T07:53:22 - [TEST_STEP][PASSED] - else if (a == 52 || a == 72 || a == 28 || a == 73 || a == 77 || a == 74 || a == 65 || a == 36 || a == 44 || a == 53 || a == 80 || a == 54 || a == 1 || a == 18 || a == 59 || a == 81): null

25-11-2024T07:53:22 - [TEST_STEP][PASSED] - else: null

25-11-2024T07:53:22 - [TEST_STEP][PASSED] - path = dataFolder + typeOfData + " за отчётный период " + b: null

25-11-2024T07:53:22 - [TEST_STEP][PASSED] - println(path): null

25-11-2024T07:53:22 - [TEST_STEP][PASSED] - page = getText(findTestObject(path)): Text of object 'Object Repository/Выполнение бизнес-плана/Значения со страницы Выполнение бизнес-плана/План Отпуск в сеть за отчётный период Воронежская горэлектросеть' is: '1 417 252'

25-11-2024T07:53:22 - [MESSAGE][PASSED] - Text of object 'Object Repository/Выполнение бизнес-плана/Значения со страницы Выполнение бизнес-плана/План Отпуск в сеть за отчётный период Воронежская горэлектросеть' is: '1 417 252'

25-11-2024T07:53:22 - [TEST_STEP][PASSED] - page = page.replaceAll("\s+", ""): null

25-11-2024T07:53:22 - [TEST_STEP][PASSED] - fileOtpuskVSet = otpusk.toInteger(): null

25-11-2024T07:53:22 - [TEST_STEP][PASSED] - pageOtpuskVSet = page.toInteger(): null

25-11-2024T07:53:22 - [TEST_STEP][PASSED] - typeOfData = typeOfDataMain + " Потери": null

25-11-2024T07:53:22 - [TEST_STEP][PASSED] - if (a == 82): null

25-11-2024T07:53:22 - [TEST_STEP][PASSED] - else if (a == 84): null

25-11-2024T07:53:22 - [TEST_STEP][PASSED] - else if (a == 52 || a == 72 || a == 28 || a == 73 || a == 77 || a == 74 || a == 65 || a == 36 || a == 44 || a == 53 || a == 80 || a == 54 || a == 1 || a == 18 || a == 59 || a == 81): null

25-11-2024T07:53:22 - [TEST_STEP][PASSED] - else: null

25-11-2024T07:53:22 - [TEST_STEP][PASSED] - path = dataFolder + typeOfData + " за отчётный период " + b: null

25-11-2024T07:53:22 - [TEST_STEP][PASSED] - page = getText(findTestObject(path)): Text of object 'Object Repository/Выполнение бизнес-плана/Значения со страницы Выполнение бизнес-плана/План Потери за отчётный период Воронежская горэлектросеть' is: '178 746'

25-11-2024T07:53:22 - [MESSAGE][PASSED] - Text of object 'Object Repository/Выполнение бизнес-плана/Значения со страницы Выполнение бизнес-плана/План Потери за отчётный период Воронежская горэлектросеть' is: '178 746'

25-11-2024T07:53:22 - [TEST_STEP][PASSED] - page = page.replaceAll("\s+", ""): null

25-11-2024T07:53:22 - [TEST_STEP][PASSED] - filePoteri = poteri.toInteger(): null

25-11-2024T07:53:22 - [TEST_STEP][PASSED] - pagePoteri = page.toInteger(): null

25-11-2024T07:53:22 - [TEST_STEP][PASSED] - compare = pageOtpuskVSet: null

25-11-2024T07:53:22 - [TEST_STEP][PASSED] - if (compare == fileOtpuskVSet): null

25-11-2024T07:53:22 - [TEST_STEP][PASSED] - if (compare == fileOtpuskVSet): null

25-11-2024T07:53:22 - [TEST_STEP][PASSED] - compare = pagePoteri: null

25-11-2024T07:53:22 - [TEST_STEP][PASSED] - if (compare == filePoteri): null

25-11-2024T07:53:22 - [TEST_STEP][PASSED] - if (compare == filePoteri): null

25-11-2024T07:53:22 - [TEST_STEP][PASSED] - if (planFact == 2): Object: 'Object Repository/Выполнение бизнес-плана/Кнопка Факт' is clicked on

25-11-2024T07:53:22 - [TEST_STEP][PASSED] - click(findTestObject("Выполнение бизнес-плана/Кнопка Факт")): Object: 'Object Repository/Выполнение бизнес-плана/Кнопка Факт' is clicked on

25-11-2024T07:53:23 - [MESSAGE][PASSED] - Object: 'Object Repository/Выполнение бизнес-плана/Кнопка Факт' is clicked on

25-11-2024T07:53:23 - [TEST_STEP][PASSED] - if (a == 84 || a == 82): null

25-11-2024T07:53:23 - [TEST_STEP][PASSED] - else if (a == 52 || a == 72 || a == 28 || a == 73 || a == 77 || a == 74 || a == 65 || a == 36 || a == 44 || a == 53 || a == 80 || a == 54 || a == 1 || a == 18 || a == 59 || a == 81): null

25-11-2024T07:53:23 - [TEST_STEP][PASSED] - else: null

25-11-2024T07:53:23 - [TEST_STEP][PASSED] - page1 = getText(findTestObject("Object Repository/Выполнение бизнес-плана/spanPlan" + filialNum)): Text of object 'Object Repository/Выполнение бизнес-плана/spanPlan1' is: '12.61
|'

25-11-2024T07:53:23 - [MESSAGE][PASSED] - Text of object 'Object Repository/Выполнение бизнес-плана/spanPlan1' is: '12.61
|'

25-11-2024T07:53:23 - [TEST_STEP][PASSED] - page1 = page1.replace("|", ""): null

25-11-2024T07:53:23 - [TEST_STEP][PASSED] - page2 = getText(findTestObject("Object Repository/Выполнение бизнес-плана/spanFact" + filialNum)): Text of object 'Object Repository/Выполнение бизнес-плана/spanFact1' is: '12.15
|'

25-11-2024T07:53:23 - [MESSAGE][PASSED] - Text of object 'Object Repository/Выполнение бизнес-плана/spanFact1' is: '12.15
|'

25-11-2024T07:53:23 - [TEST_STEP][PASSED] - page2 = page2.replace("|", ""): null

25-11-2024T07:53:23 - [TEST_STEP][PASSED] - println("page1: " + page1): null

25-11-2024T07:53:23 - [TEST_STEP][PASSED] - println("page2: " + page2): null

25-11-2024T07:53:23 - [TEST_STEP][PASSED] - file = findTestData("PlanFact").getValue(4, a): null

25-11-2024T07:53:23 - [TEST_STEP][PASSED] - file = file.replace(",", "."): null

25-11-2024T07:53:23 - [TEST_STEP][PASSED] - println("file Plan: " + file): null

25-11-2024T07:53:23 - [TEST_STEP][PASSED] - typeOfData = "План в процентах": null

25-11-2024T07:53:23 - [TEST_STEP][PASSED] - fileDouble = file.toDouble(): null

25-11-2024T07:53:23 - [TEST_STEP][PASSED] - pageDouble = page1.toDouble(): null

25-11-2024T07:53:23 - [TEST_STEP][PASSED] - if (fileDouble != pageDouble): null

25-11-2024T07:53:23 - [TEST_STEP][PASSED] - file = findTestData("PlanFact").getValue(7, a): null

25-11-2024T07:53:23 - [TEST_STEP][PASSED] - file = file.replace(",", "."): null

25-11-2024T07:53:23 - [TEST_STEP][PASSED] - println("file Fact: " + file): null

25-11-2024T07:53:23 - [TEST_STEP][PASSED] - fileDouble = file.toDouble(): null

25-11-2024T07:53:23 - [TEST_STEP][PASSED] - typeOfData = "Факт в процентах": null

25-11-2024T07:53:23 - [TEST_STEP][PASSED] - fileDouble = file.toDouble(): null

25-11-2024T07:53:23 - [TEST_STEP][PASSED] - pageDouble = page2.toDouble(): null

25-11-2024T07:53:23 - [TEST_STEP][PASSED] - if (fileDouble != pageDouble): null

25-11-2024T07:53:23 - [TEST_STEP][PASSED] - if (verifyEqual(numberOfErrors, 0) == false): Actual object '0' and expected object '0' are equal

25-11-2024T07:53:23 - [MESSAGE][PASSED] - Actual object '0' and expected object '0' are equal

25-11-2024T07:53:23 - [TEST_STEP][PASSED] - if (a == 82): null

25-11-2024T07:53:23 - [TEST_STEP][PASSED] - dZO = "АО «Тульские городские электрические сети»": null

25-11-2024T07:53:23 - [TEST_STEP][PASSED] - a = 16: null

25-11-2024T07:53:23 - [TEST_STEP][PASSED] - i = dZO.length() - 1: null

25-11-2024T07:53:23 - [TEST_STEP][PASSED] - dzoCut = substring(4, i).replaceAll("\s+", ""): null

25-11-2024T07:53:23 - [TEST_STEP][PASSED] - if (x2.contains(dzoCut)): null

25-11-2024T07:53:23 - [TEST_STEP][PASSED] - filialNum = filialNum + 1: null

25-11-2024T07:53:23 - [TEST_STEP][PASSED] - Script1718980020443.Numbers(a, typeOfData, todaysDate, pageInt, fileInt, pageDouble, fileDouble, dZO, dzoNum, filialNum): null

25-11-2024T07:53:23 - [TEST_STEP][PASSED] - println(dzoNum): null

25-11-2024T07:53:23 - [TEST_STEP][PASSED] - planFact = <not implemented yet for class: org.codehaus.groovy.ast.expr.EmptyExpression>: null

25-11-2024T07:53:23 - [TEST_STEP][PASSED] - page = <not implemented yet for class: org.codehaus.groovy.ast.expr.EmptyExpression>: null

25-11-2024T07:53:23 - [TEST_STEP][PASSED] - page1 = <not implemented yet for class: org.codehaus.groovy.ast.expr.EmptyExpression>: null

25-11-2024T07:53:23 - [TEST_STEP][PASSED] - page2 = <not implemented yet for class: org.codehaus.groovy.ast.expr.EmptyExpression>: null

25-11-2024T07:53:23 - [TEST_STEP][PASSED] - filialNumberInRow = <not implemented yet for class: org.codehaus.groovy.ast.expr.EmptyExpression>: null

25-11-2024T07:53:23 - [TEST_STEP][PASSED] - filialsDzoNames = <not implemented yet for class: org.codehaus.groovy.ast.expr.EmptyExpression>: null

25-11-2024T07:53:23 - [TEST_STEP][PASSED] - numberOfFilials = <not implemented yet for class: org.codehaus.groovy.ast.expr.EmptyExpression>: null

25-11-2024T07:53:23 - [TEST_STEP][PASSED] - numberOfSpaces = <not implemented yet for class: org.codehaus.groovy.ast.expr.EmptyExpression>: null

25-11-2024T07:53:23 - [TEST_STEP][PASSED] - file = <not implemented yet for class: org.codehaus.groovy.ast.expr.EmptyExpression>: null

25-11-2024T07:53:23 - [TEST_STEP][PASSED] - otpusk = <not implemented yet for class: org.codehaus.groovy.ast.expr.EmptyExpression>: null

25-11-2024T07:53:23 - [TEST_STEP][PASSED] - poteri = <not implemented yet for class: org.codehaus.groovy.ast.expr.EmptyExpression>: null

25-11-2024T07:53:23 - [TEST_STEP][PASSED] - dataFolder = "Выполнение бизнес-плана/Значения со страницы Выполнение бизнес-плана/": null

25-11-2024T07:53:23 - [TEST_STEP][PASSED] - path = <not implemented yet for class: org.codehaus.groovy.ast.expr.EmptyExpression>: null

25-11-2024T07:53:23 - [TEST_STEP][PASSED] - typeOfDataMain = <not implemented yet for class: org.codehaus.groovy.ast.expr.EmptyExpression>: null

25-11-2024T07:53:23 - [TEST_STEP][PASSED] - fileOtpuskVSet = <not implemented yet for class: org.codehaus.groovy.ast.expr.EmptyExpression>: null

25-11-2024T07:53:23 - [TEST_STEP][PASSED] - pageOtpuskVSet = <not implemented yet for class: org.codehaus.groovy.ast.expr.EmptyExpression>: null

25-11-2024T07:53:23 - [TEST_STEP][PASSED] - filePoteri = <not implemented yet for class: org.codehaus.groovy.ast.expr.EmptyExpression>: null

25-11-2024T07:53:23 - [TEST_STEP][PASSED] - pagePoteri = <not implemented yet for class: org.codehaus.groovy.ast.expr.EmptyExpression>: null

25-11-2024T07:53:23 - [TEST_STEP][PASSED] - compare = <not implemented yet for class: org.codehaus.groovy.ast.expr.EmptyExpression>: null

25-11-2024T07:53:23 - [TEST_STEP][PASSED] - b = <not implemented yet for class: org.codehaus.groovy.ast.expr.EmptyExpression>: null

25-11-2024T07:53:23 - [TEST_STEP][PASSED] - i = <not implemented yet for class: org.codehaus.groovy.ast.expr.EmptyExpression>: null

25-11-2024T07:53:23 - [TEST_STEP][PASSED] - ii = <not implemented yet for class: org.codehaus.groovy.ast.expr.EmptyExpression>: null

25-11-2024T07:53:23 - [TEST_STEP][PASSED] - c = <not implemented yet for class: org.codehaus.groovy.ast.expr.EmptyExpression>: null

25-11-2024T07:53:23 - [TEST_STEP][PASSED] - numberOfErrors = 0: null

25-11-2024T07:53:23 - [TEST_STEP][PASSED] - if (a == 82): null

25-11-2024T07:53:23 - [TEST_STEP][PASSED] - b = findTestData("PlanFact").getValue(1, a): null

25-11-2024T07:53:23 - [TEST_STEP][PASSED] - i = b.indexOf(" (ГК)"): null

25-11-2024T07:53:23 - [TEST_STEP][PASSED] - if (i > -1): null

25-11-2024T07:53:23 - [TEST_STEP][PASSED] - i = b.indexOf("О ""): null

25-11-2024T07:53:23 - [TEST_STEP][PASSED] - if (i > -1): null

25-11-2024T07:53:23 - [TEST_STEP][PASSED] - i = b.indexOf("О «"): null

25-11-2024T07:53:23 - [TEST_STEP][PASSED] - if (i > -1): null

25-11-2024T07:53:23 - [TEST_STEP][PASSED] - b = b.substring(i + 3, b.length()): null

25-11-2024T07:53:23 - [TEST_STEP][PASSED] - i = b.indexOf("»"): null

25-11-2024T07:53:23 - [TEST_STEP][PASSED] - b = b.substring(0, i): null

25-11-2024T07:53:23 - [TEST_STEP][PASSED] - b = b.trim(): null

25-11-2024T07:53:23 - [TEST_STEP][PASSED] - i = b.indexOf("г. "): null

25-11-2024T07:53:23 - [TEST_STEP][PASSED] - if (i > -1): null

25-11-2024T07:53:23 - [TEST_STEP][PASSED] - println(b): null

25-11-2024T07:53:23 - [TEST_STEP][PASSED] - for ([planFact = 1, planFact < 3, (planFact++)]): Object: 'Object Repository/Выполнение бизнес-плана/Кнопка Факт' is clicked on

25-11-2024T07:53:23 - [TEST_STEP][PASSED] - if (planFact == 1): null

25-11-2024T07:53:23 - [TEST_STEP][PASSED] - typeOfDataMain = "Факт": null

25-11-2024T07:53:23 - [TEST_STEP][PASSED] - otpusk = findTestData("PlanFact").getValue(5, a): null

25-11-2024T07:53:23 - [TEST_STEP][PASSED] - poteri = findTestData("PlanFact").getValue(6, a): null

25-11-2024T07:53:23 - [TEST_STEP][PASSED] - otpusk = otpusk.replaceAll("\s+", ""): null

25-11-2024T07:53:23 - [TEST_STEP][PASSED] - poteri = poteri.replaceAll("\s+", ""): null

25-11-2024T07:53:23 - [TEST_STEP][PASSED] - typeOfData = typeOfDataMain + " Отпуск в сеть": null

25-11-2024T07:53:23 - [TEST_STEP][PASSED] - if (a == 82): null

25-11-2024T07:53:23 - [TEST_STEP][PASSED] - else if (a == 84): null

25-11-2024T07:53:23 - [TEST_STEP][PASSED] - else if (a == 52 || a == 72 || a == 28 || a == 73 || a == 77 || a == 74 || a == 65 || a == 36 || a == 44 || a == 53 || a == 80 || a == 54 || a == 1 || a == 18 || a == 59 || a == 81): null

25-11-2024T07:53:23 - [TEST_STEP][PASSED] - else: null

25-11-2024T07:53:23 - [TEST_STEP][PASSED] - path = dataFolder + typeOfData + " за отчётный период " + b: null

25-11-2024T07:53:23 - [TEST_STEP][PASSED] - println(path): null

25-11-2024T07:53:23 - [TEST_STEP][PASSED] - page = getText(findTestObject(path)): Text of object 'Object Repository/Выполнение бизнес-плана/Значения со страницы Выполнение бизнес-плана/Факт Отпуск в сеть за отчётный период Тульские городские электрические сети' is: '863 423'

25-11-2024T07:53:24 - [MESSAGE][PASSED] - Text of object 'Object Repository/Выполнение бизнес-плана/Значения со страницы Выполнение бизнес-плана/Факт Отпуск в сеть за отчётный период Тульские городские электрические сети' is: '863 423'

25-11-2024T07:53:24 - [TEST_STEP][PASSED] - page = page.replaceAll("\s+", ""): null

25-11-2024T07:53:24 - [TEST_STEP][PASSED] - fileOtpuskVSet = otpusk.toInteger(): null

25-11-2024T07:53:24 - [TEST_STEP][PASSED] - pageOtpuskVSet = page.toInteger(): null

25-11-2024T07:53:24 - [TEST_STEP][PASSED] - typeOfData = typeOfDataMain + " Потери": null

25-11-2024T07:53:24 - [TEST_STEP][PASSED] - if (a == 82): null

25-11-2024T07:53:24 - [TEST_STEP][PASSED] - else if (a == 84): null

25-11-2024T07:53:24 - [TEST_STEP][PASSED] - else if (a == 52 || a == 72 || a == 28 || a == 73 || a == 77 || a == 74 || a == 65 || a == 36 || a == 44 || a == 53 || a == 80 || a == 54 || a == 1 || a == 18 || a == 59 || a == 81): null

25-11-2024T07:53:24 - [TEST_STEP][PASSED] - else: null

25-11-2024T07:53:24 - [TEST_STEP][PASSED] - path = dataFolder + typeOfData + " за отчётный период " + b: null

25-11-2024T07:53:24 - [TEST_STEP][PASSED] - page = getText(findTestObject(path)): Text of object 'Object Repository/Выполнение бизнес-плана/Значения со страницы Выполнение бизнес-плана/Факт Потери за отчётный период Тульские городские электрические сети' is: '85 098'

25-11-2024T07:53:24 - [MESSAGE][PASSED] - Text of object 'Object Repository/Выполнение бизнес-плана/Значения со страницы Выполнение бизнес-плана/Факт Потери за отчётный период Тульские городские электрические сети' is: '85 098'

25-11-2024T07:53:24 - [TEST_STEP][PASSED] - page = page.replaceAll("\s+", ""): null

25-11-2024T07:53:24 - [TEST_STEP][PASSED] - filePoteri = poteri.toInteger(): null

25-11-2024T07:53:24 - [TEST_STEP][PASSED] - pagePoteri = page.toInteger(): null

25-11-2024T07:53:24 - [TEST_STEP][PASSED] - compare = pageOtpuskVSet: null

25-11-2024T07:53:24 - [TEST_STEP][PASSED] - if (compare == fileOtpuskVSet): null

25-11-2024T07:53:24 - [TEST_STEP][PASSED] - if (compare == fileOtpuskVSet): null

25-11-2024T07:53:24 - [TEST_STEP][PASSED] - compare = pagePoteri: null

25-11-2024T07:53:24 - [TEST_STEP][PASSED] - if (compare == filePoteri): null

25-11-2024T07:53:24 - [TEST_STEP][PASSED] - if (compare == filePoteri): null

25-11-2024T07:53:24 - [TEST_STEP][PASSED] - if (planFact == 2): null

25-11-2024T07:53:24 - [TEST_STEP][PASSED] - if (planFact == 1): null

25-11-2024T07:53:24 - [TEST_STEP][PASSED] - else if (planFact == 2): null

25-11-2024T07:53:24 - [TEST_STEP][PASSED] - click(findTestObject("Выполнение бизнес-плана/Кнопка План")): Object: 'Object Repository/Выполнение бизнес-плана/Кнопка План' is clicked on

25-11-2024T07:53:24 - [MESSAGE][PASSED] - Object: 'Object Repository/Выполнение бизнес-плана/Кнопка План' is clicked on

25-11-2024T07:53:24 - [TEST_STEP][PASSED] - typeOfDataMain = "План": null

25-11-2024T07:53:24 - [TEST_STEP][PASSED] - otpusk = findTestData("PlanFact").getValue(2, a): null

25-11-2024T07:53:24 - [TEST_STEP][PASSED] - poteri = findTestData("PlanFact").getValue(3, a): null

25-11-2024T07:53:25 - [TEST_STEP][PASSED] - otpusk = otpusk.replaceAll("\s+", ""): null

25-11-2024T07:53:25 - [TEST_STEP][PASSED] - poteri = poteri.replaceAll("\s+", ""): null

25-11-2024T07:53:25 - [TEST_STEP][PASSED] - typeOfData = typeOfDataMain + " Отпуск в сеть": null

25-11-2024T07:53:25 - [TEST_STEP][PASSED] - if (a == 82): null

25-11-2024T07:53:25 - [TEST_STEP][PASSED] - else if (a == 84): null

25-11-2024T07:53:25 - [TEST_STEP][PASSED] - else if (a == 52 || a == 72 || a == 28 || a == 73 || a == 77 || a == 74 || a == 65 || a == 36 || a == 44 || a == 53 || a == 80 || a == 54 || a == 1 || a == 18 || a == 59 || a == 81): null

25-11-2024T07:53:25 - [TEST_STEP][PASSED] - else: null

25-11-2024T07:53:25 - [TEST_STEP][PASSED] - path = dataFolder + typeOfData + " за отчётный период " + b: null

25-11-2024T07:53:25 - [TEST_STEP][PASSED] - println(path): null

25-11-2024T07:53:25 - [TEST_STEP][PASSED] - page = getText(findTestObject(path)): Text of object 'Object Repository/Выполнение бизнес-плана/Значения со страницы Выполнение бизнес-плана/План Отпуск в сеть за отчётный период Тульские городские электрические сети' is: '842 341'

25-11-2024T07:53:25 - [MESSAGE][PASSED] - Text of object 'Object Repository/Выполнение бизнес-плана/Значения со страницы Выполнение бизнес-плана/План Отпуск в сеть за отчётный период Тульские городские электрические сети' is: '842 341'

25-11-2024T07:53:25 - [TEST_STEP][PASSED] - page = page.replaceAll("\s+", ""): null

25-11-2024T07:53:25 - [TEST_STEP][PASSED] - fileOtpuskVSet = otpusk.toInteger(): null

25-11-2024T07:53:25 - [TEST_STEP][PASSED] - pageOtpuskVSet = page.toInteger(): null

25-11-2024T07:53:25 - [TEST_STEP][PASSED] - typeOfData = typeOfDataMain + " Потери": null

25-11-2024T07:53:25 - [TEST_STEP][PASSED] - if (a == 82): null

25-11-2024T07:53:25 - [TEST_STEP][PASSED] - else if (a == 84): null

25-11-2024T07:53:25 - [TEST_STEP][PASSED] - else if (a == 52 || a == 72 || a == 28 || a == 73 || a == 77 || a == 74 || a == 65 || a == 36 || a == 44 || a == 53 || a == 80 || a == 54 || a == 1 || a == 18 || a == 59 || a == 81): null

25-11-2024T07:53:25 - [TEST_STEP][PASSED] - else: null

25-11-2024T07:53:25 - [TEST_STEP][PASSED] - path = dataFolder + typeOfData + " за отчётный период " + b: null

25-11-2024T07:53:25 - [TEST_STEP][PASSED] - page = getText(findTestObject(path)): Text of object 'Object Repository/Выполнение бизнес-плана/Значения со страницы Выполнение бизнес-плана/План Потери за отчётный период Тульские городские электрические сети' is: '85 646'

25-11-2024T07:53:25 - [MESSAGE][PASSED] - Text of object 'Object Repository/Выполнение бизнес-плана/Значения со страницы Выполнение бизнес-плана/План Потери за отчётный период Тульские городские электрические сети' is: '85 646'

25-11-2024T07:53:25 - [TEST_STEP][PASSED] - page = page.replaceAll("\s+", ""): null

25-11-2024T07:53:25 - [TEST_STEP][PASSED] - filePoteri = poteri.toInteger(): null

25-11-2024T07:53:25 - [TEST_STEP][PASSED] - pagePoteri = page.toInteger(): null

25-11-2024T07:53:25 - [TEST_STEP][PASSED] - compare = pageOtpuskVSet: null

25-11-2024T07:53:25 - [TEST_STEP][PASSED] - if (compare == fileOtpuskVSet): null

25-11-2024T07:53:25 - [TEST_STEP][PASSED] - if (compare == fileOtpuskVSet): null

25-11-2024T07:53:25 - [TEST_STEP][PASSED] - compare = pagePoteri: null

25-11-2024T07:53:25 - [TEST_STEP][PASSED] - if (compare == filePoteri): null

25-11-2024T07:53:25 - [TEST_STEP][PASSED] - if (compare == filePoteri): null

25-11-2024T07:53:25 - [TEST_STEP][PASSED] - if (planFact == 2): Object: 'Object Repository/Выполнение бизнес-плана/Кнопка Факт' is clicked on

25-11-2024T07:53:25 - [TEST_STEP][PASSED] - click(findTestObject("Выполнение бизнес-плана/Кнопка Факт")): Object: 'Object Repository/Выполнение бизнес-плана/Кнопка Факт' is clicked on

25-11-2024T07:53:26 - [MESSAGE][PASSED] - Object: 'Object Repository/Выполнение бизнес-плана/Кнопка Факт' is clicked on

25-11-2024T07:53:26 - [TEST_STEP][PASSED] - if (a == 84 || a == 82): null

25-11-2024T07:53:26 - [TEST_STEP][PASSED] - else if (a == 52 || a == 72 || a == 28 || a == 73 || a == 77 || a == 74 || a == 65 || a == 36 || a == 44 || a == 53 || a == 80 || a == 54 || a == 1 || a == 18 || a == 59 || a == 81): null

25-11-2024T07:53:26 - [TEST_STEP][PASSED] - else: null

25-11-2024T07:53:26 - [TEST_STEP][PASSED] - page1 = getText(findTestObject("Object Repository/Выполнение бизнес-плана/spanPlan" + filialNum)): Text of object 'Object Repository/Выполнение бизнес-плана/spanPlan2' is: '10.17
|'

25-11-2024T07:53:26 - [MESSAGE][PASSED] - Text of object 'Object Repository/Выполнение бизнес-плана/spanPlan2' is: '10.17
|'

25-11-2024T07:53:26 - [TEST_STEP][PASSED] - page1 = page1.replace("|", ""): null

25-11-2024T07:53:26 - [TEST_STEP][PASSED] - page2 = getText(findTestObject("Object Repository/Выполнение бизнес-плана/spanFact" + filialNum)): Text of object 'Object Repository/Выполнение бизнес-плана/spanFact2' is: '9.86
|'

25-11-2024T07:53:26 - [MESSAGE][PASSED] - Text of object 'Object Repository/Выполнение бизнес-плана/spanFact2' is: '9.86
|'

25-11-2024T07:53:26 - [TEST_STEP][PASSED] - page2 = page2.replace("|", ""): null

25-11-2024T07:53:26 - [TEST_STEP][PASSED] - println("page1: " + page1): null

25-11-2024T07:53:26 - [TEST_STEP][PASSED] - println("page2: " + page2): null

25-11-2024T07:53:26 - [TEST_STEP][PASSED] - file = findTestData("PlanFact").getValue(4, a): null

25-11-2024T07:53:26 - [TEST_STEP][PASSED] - file = file.replace(",", "."): null

25-11-2024T07:53:26 - [TEST_STEP][PASSED] - println("file Plan: " + file): null

25-11-2024T07:53:26 - [TEST_STEP][PASSED] - typeOfData = "План в процентах": null

25-11-2024T07:53:26 - [TEST_STEP][PASSED] - fileDouble = file.toDouble(): null

25-11-2024T07:53:26 - [TEST_STEP][PASSED] - pageDouble = page1.toDouble(): null

25-11-2024T07:53:26 - [TEST_STEP][PASSED] - if (fileDouble != pageDouble): null

25-11-2024T07:53:26 - [TEST_STEP][PASSED] - file = findTestData("PlanFact").getValue(7, a): null

25-11-2024T07:53:26 - [TEST_STEP][PASSED] - file = file.replace(",", "."): null

25-11-2024T07:53:26 - [TEST_STEP][PASSED] - println("file Fact: " + file): null

25-11-2024T07:53:26 - [TEST_STEP][PASSED] - fileDouble = file.toDouble(): null

25-11-2024T07:53:26 - [TEST_STEP][PASSED] - typeOfData = "Факт в процентах": null

25-11-2024T07:53:26 - [TEST_STEP][PASSED] - fileDouble = file.toDouble(): null

25-11-2024T07:53:26 - [TEST_STEP][PASSED] - pageDouble = page2.toDouble(): null

25-11-2024T07:53:26 - [TEST_STEP][PASSED] - if (fileDouble != pageDouble): null

25-11-2024T07:53:26 - [TEST_STEP][PASSED] - if (verifyEqual(numberOfErrors, 0) == false): Actual object '0' and expected object '0' are equal

25-11-2024T07:53:26 - [MESSAGE][PASSED] - Actual object '0' and expected object '0' are equal

25-11-2024T07:53:26 - [TEST_STEP][PASSED] - if (a == 82): null

25-11-2024T07:53:26 - [TEST_STEP][PASSED] - dZO = "АО «Ярославская электросетевая компания»": null

25-11-2024T07:53:26 - [TEST_STEP][PASSED] - a = 17: null

25-11-2024T07:53:26 - [TEST_STEP][PASSED] - i = dZO.length() - 1: null

25-11-2024T07:53:26 - [TEST_STEP][PASSED] - dzoCut = substring(4, i).replaceAll("\s+", ""): null

25-11-2024T07:53:26 - [TEST_STEP][PASSED] - if (x2.contains(dzoCut)): null

25-11-2024T07:53:26 - [TEST_STEP][PASSED] - filialNum = filialNum + 1: null

25-11-2024T07:53:26 - [TEST_STEP][PASSED] - Script1718980020443.Numbers(a, typeOfData, todaysDate, pageInt, fileInt, pageDouble, fileDouble, dZO, dzoNum, filialNum): null

25-11-2024T07:53:26 - [TEST_STEP][PASSED] - println(dzoNum): null

25-11-2024T07:53:26 - [TEST_STEP][PASSED] - planFact = <not implemented yet for class: org.codehaus.groovy.ast.expr.EmptyExpression>: null

25-11-2024T07:53:26 - [TEST_STEP][PASSED] - page = <not implemented yet for class: org.codehaus.groovy.ast.expr.EmptyExpression>: null

25-11-2024T07:53:26 - [TEST_STEP][PASSED] - page1 = <not implemented yet for class: org.codehaus.groovy.ast.expr.EmptyExpression>: null

25-11-2024T07:53:26 - [TEST_STEP][PASSED] - page2 = <not implemented yet for class: org.codehaus.groovy.ast.expr.EmptyExpression>: null

25-11-2024T07:53:26 - [TEST_STEP][PASSED] - filialNumberInRow = <not implemented yet for class: org.codehaus.groovy.ast.expr.EmptyExpression>: null

25-11-2024T07:53:26 - [TEST_STEP][PASSED] - filialsDzoNames = <not implemented yet for class: org.codehaus.groovy.ast.expr.EmptyExpression>: null

25-11-2024T07:53:26 - [TEST_STEP][PASSED] - numberOfFilials = <not implemented yet for class: org.codehaus.groovy.ast.expr.EmptyExpression>: null

25-11-2024T07:53:26 - [TEST_STEP][PASSED] - numberOfSpaces = <not implemented yet for class: org.codehaus.groovy.ast.expr.EmptyExpression>: null

25-11-2024T07:53:26 - [TEST_STEP][PASSED] - file = <not implemented yet for class: org.codehaus.groovy.ast.expr.EmptyExpression>: null

25-11-2024T07:53:26 - [TEST_STEP][PASSED] - otpusk = <not implemented yet for class: org.codehaus.groovy.ast.expr.EmptyExpression>: null

25-11-2024T07:53:26 - [TEST_STEP][PASSED] - poteri = <not implemented yet for class: org.codehaus.groovy.ast.expr.EmptyExpression>: null

25-11-2024T07:53:26 - [TEST_STEP][PASSED] - dataFolder = "Выполнение бизнес-плана/Значения со страницы Выполнение бизнес-плана/": null

25-11-2024T07:53:26 - [TEST_STEP][PASSED] - path = <not implemented yet for class: org.codehaus.groovy.ast.expr.EmptyExpression>: null

25-11-2024T07:53:26 - [TEST_STEP][PASSED] - typeOfDataMain = <not implemented yet for class: org.codehaus.groovy.ast.expr.EmptyExpression>: null

25-11-2024T07:53:26 - [TEST_STEP][PASSED] - fileOtpuskVSet = <not implemented yet for class: org.codehaus.groovy.ast.expr.EmptyExpression>: null

25-11-2024T07:53:26 - [TEST_STEP][PASSED] - pageOtpuskVSet = <not implemented yet for class: org.codehaus.groovy.ast.expr.EmptyExpression>: null

25-11-2024T07:53:26 - [TEST_STEP][PASSED] - filePoteri = <not implemented yet for class: org.codehaus.groovy.ast.expr.EmptyExpression>: null

25-11-2024T07:53:26 - [TEST_STEP][PASSED] - pagePoteri = <not implemented yet for class: org.codehaus.groovy.ast.expr.EmptyExpression>: null

25-11-2024T07:53:26 - [TEST_STEP][PASSED] - compare = <not implemented yet for class: org.codehaus.groovy.ast.expr.EmptyExpression>: null

25-11-2024T07:53:26 - [TEST_STEP][PASSED] - b = <not implemented yet for class: org.codehaus.groovy.ast.expr.EmptyExpression>: null

25-11-2024T07:53:26 - [TEST_STEP][PASSED] - i = <not implemented yet for class: org.codehaus.groovy.ast.expr.EmptyExpression>: null

25-11-2024T07:53:26 - [TEST_STEP][PASSED] - ii = <not implemented yet for class: org.codehaus.groovy.ast.expr.EmptyExpression>: null

25-11-2024T07:53:26 - [TEST_STEP][PASSED] - c = <not implemented yet for class: org.codehaus.groovy.ast.expr.EmptyExpression>: null

25-11-2024T07:53:26 - [TEST_STEP][PASSED] - numberOfErrors = 0: null

25-11-2024T07:53:26 - [TEST_STEP][PASSED] - if (a == 82): null

25-11-2024T07:53:26 - [TEST_STEP][PASSED] - b = findTestData("PlanFact").getValue(1, a): null

25-11-2024T07:53:26 - [TEST_STEP][PASSED] - i = b.indexOf(" (ГК)"): null

25-11-2024T07:53:26 - [TEST_STEP][PASSED] - if (i > -1): null

25-11-2024T07:53:26 - [TEST_STEP][PASSED] - i = b.indexOf("О ""): null

25-11-2024T07:53:26 - [TEST_STEP][PASSED] - if (i > -1): null

25-11-2024T07:53:26 - [TEST_STEP][PASSED] - i = b.indexOf("О «"): null

25-11-2024T07:53:26 - [TEST_STEP][PASSED] - if (i > -1): null

25-11-2024T07:53:26 - [TEST_STEP][PASSED] - b = b.substring(i + 3, b.length()): null

25-11-2024T07:53:26 - [TEST_STEP][PASSED] - i = b.indexOf("»"): null

25-11-2024T07:53:26 - [TEST_STEP][PASSED] - b = b.substring(0, i): null

25-11-2024T07:53:26 - [TEST_STEP][PASSED] - b = b.trim(): null

25-11-2024T07:53:26 - [TEST_STEP][PASSED] - i = b.indexOf("г. "): null

25-11-2024T07:53:26 - [TEST_STEP][PASSED] - if (i > -1): null

25-11-2024T07:53:26 - [TEST_STEP][PASSED] - println(b): null

25-11-2024T07:53:26 - [TEST_STEP][PASSED] - for ([planFact = 1, planFact < 3, (planFact++)]): Object: 'Object Repository/Выполнение бизнес-плана/Кнопка Факт' is clicked on

25-11-2024T07:53:26 - [TEST_STEP][PASSED] - if (planFact == 1): null

25-11-2024T07:53:26 - [TEST_STEP][PASSED] - typeOfDataMain = "Факт": null

25-11-2024T07:53:26 - [TEST_STEP][PASSED] - otpusk = findTestData("PlanFact").getValue(5, a): null

25-11-2024T07:53:27 - [TEST_STEP][PASSED] - poteri = findTestData("PlanFact").getValue(6, a): null

25-11-2024T07:53:27 - [TEST_STEP][PASSED] - otpusk = otpusk.replaceAll("\s+", ""): null

25-11-2024T07:53:27 - [TEST_STEP][PASSED] - poteri = poteri.replaceAll("\s+", ""): null

25-11-2024T07:53:27 - [TEST_STEP][PASSED] - typeOfData = typeOfDataMain + " Отпуск в сеть": null

25-11-2024T07:53:27 - [TEST_STEP][PASSED] - if (a == 82): null

25-11-2024T07:53:27 - [TEST_STEP][PASSED] - else if (a == 84): null

25-11-2024T07:53:27 - [TEST_STEP][PASSED] - else if (a == 52 || a == 72 || a == 28 || a == 73 || a == 77 || a == 74 || a == 65 || a == 36 || a == 44 || a == 53 || a == 80 || a == 54 || a == 1 || a == 18 || a == 59 || a == 81): null

25-11-2024T07:53:27 - [TEST_STEP][PASSED] - else: null

25-11-2024T07:53:27 - [TEST_STEP][PASSED] - path = dataFolder + typeOfData + " за отчётный период " + b: null

25-11-2024T07:53:27 - [TEST_STEP][PASSED] - println(path): null

25-11-2024T07:53:27 - [TEST_STEP][PASSED] - page = getText(findTestObject(path)): Text of object 'Object Repository/Выполнение бизнес-плана/Значения со страницы Выполнение бизнес-плана/Факт Отпуск в сеть за отчётный период Ярославская электросетевая компания' is: '189 146'

25-11-2024T07:53:27 - [MESSAGE][PASSED] - Text of object 'Object Repository/Выполнение бизнес-плана/Значения со страницы Выполнение бизнес-плана/Факт Отпуск в сеть за отчётный период Ярославская электросетевая компания' is: '189 146'

25-11-2024T07:53:27 - [TEST_STEP][PASSED] - page = page.replaceAll("\s+", ""): null

25-11-2024T07:53:27 - [TEST_STEP][PASSED] - fileOtpuskVSet = otpusk.toInteger(): null

25-11-2024T07:53:27 - [TEST_STEP][PASSED] - pageOtpuskVSet = page.toInteger(): null

25-11-2024T07:53:27 - [TEST_STEP][PASSED] - typeOfData = typeOfDataMain + " Потери": null

25-11-2024T07:53:27 - [TEST_STEP][PASSED] - if (a == 82): null

25-11-2024T07:53:27 - [TEST_STEP][PASSED] - else if (a == 84): null

25-11-2024T07:53:27 - [TEST_STEP][PASSED] - else if (a == 52 || a == 72 || a == 28 || a == 73 || a == 77 || a == 74 || a == 65 || a == 36 || a == 44 || a == 53 || a == 80 || a == 54 || a == 1 || a == 18 || a == 59 || a == 81): null

25-11-2024T07:53:27 - [TEST_STEP][PASSED] - else: null

25-11-2024T07:53:27 - [TEST_STEP][PASSED] - path = dataFolder + typeOfData + " за отчётный период " + b: null

25-11-2024T07:53:27 - [TEST_STEP][PASSED] - page = getText(findTestObject(path)): Text of object 'Object Repository/Выполнение бизнес-плана/Значения со страницы Выполнение бизнес-плана/Факт Потери за отчётный период Ярославская электросетевая компания' is: '15 551'

25-11-2024T07:53:27 - [MESSAGE][PASSED] - Text of object 'Object Repository/Выполнение бизнес-плана/Значения со страницы Выполнение бизнес-плана/Факт Потери за отчётный период Ярославская электросетевая компания' is: '15 551'

25-11-2024T07:53:27 - [TEST_STEP][PASSED] - page = page.replaceAll("\s+", ""): null

25-11-2024T07:53:27 - [TEST_STEP][PASSED] - filePoteri = poteri.toInteger(): null

25-11-2024T07:53:27 - [TEST_STEP][PASSED] - pagePoteri = page.toInteger(): null

25-11-2024T07:53:27 - [TEST_STEP][PASSED] - compare = pageOtpuskVSet: null

25-11-2024T07:53:27 - [TEST_STEP][PASSED] - if (compare == fileOtpuskVSet): null

25-11-2024T07:53:27 - [TEST_STEP][PASSED] - if (compare == fileOtpuskVSet): null

25-11-2024T07:53:27 - [TEST_STEP][PASSED] - compare = pagePoteri: null

25-11-2024T07:53:27 - [TEST_STEP][PASSED] - if (compare == filePoteri): null

25-11-2024T07:53:27 - [TEST_STEP][PASSED] - if (compare == filePoteri): null

25-11-2024T07:53:27 - [TEST_STEP][PASSED] - if (planFact == 2): null

25-11-2024T07:53:27 - [TEST_STEP][PASSED] - if (planFact == 1): null

25-11-2024T07:53:27 - [TEST_STEP][PASSED] - else if (planFact == 2): null

25-11-2024T07:53:27 - [TEST_STEP][PASSED] - click(findTestObject("Выполнение бизнес-плана/Кнопка План")): Object: 'Object Repository/Выполнение бизнес-плана/Кнопка План' is clicked on

25-11-2024T07:53:28 - [MESSAGE][PASSED] - Object: 'Object Repository/Выполнение бизнес-плана/Кнопка План' is clicked on

25-11-2024T07:53:28 - [TEST_STEP][PASSED] - typeOfDataMain = "План": null

25-11-2024T07:53:28 - [TEST_STEP][PASSED] - otpusk = findTestData("PlanFact").getValue(2, a): null

25-11-2024T07:53:28 - [TEST_STEP][PASSED] - poteri = findTestData("PlanFact").getValue(3, a): null

25-11-2024T07:53:28 - [TEST_STEP][PASSED] - otpusk = otpusk.replaceAll("\s+", ""): null

25-11-2024T07:53:28 - [TEST_STEP][PASSED] - poteri = poteri.replaceAll("\s+", ""): null

25-11-2024T07:53:28 - [TEST_STEP][PASSED] - typeOfData = typeOfDataMain + " Отпуск в сеть": null

25-11-2024T07:53:28 - [TEST_STEP][PASSED] - if (a == 82): null

25-11-2024T07:53:28 - [TEST_STEP][PASSED] - else if (a == 84): null

25-11-2024T07:53:28 - [TEST_STEP][PASSED] - else if (a == 52 || a == 72 || a == 28 || a == 73 || a == 77 || a == 74 || a == 65 || a == 36 || a == 44 || a == 53 || a == 80 || a == 54 || a == 1 || a == 18 || a == 59 || a == 81): null

25-11-2024T07:53:28 - [TEST_STEP][PASSED] - else: null

25-11-2024T07:53:28 - [TEST_STEP][PASSED] - path = dataFolder + typeOfData + " за отчётный период " + b: null

25-11-2024T07:53:28 - [TEST_STEP][PASSED] - println(path): null

25-11-2024T07:53:28 - [TEST_STEP][PASSED] - page = getText(findTestObject(path)): Text of object 'Object Repository/Выполнение бизнес-плана/Значения со страницы Выполнение бизнес-плана/План Отпуск в сеть за отчётный период Ярославская электросетевая компания' is: '185 497'

25-11-2024T07:53:28 - [MESSAGE][PASSED] - Text of object 'Object Repository/Выполнение бизнес-плана/Значения со страницы Выполнение бизнес-плана/План Отпуск в сеть за отчётный период Ярославская электросетевая компания' is: '185 497'

25-11-2024T07:53:28 - [TEST_STEP][PASSED] - page = page.replaceAll("\s+", ""): null

25-11-2024T07:53:28 - [TEST_STEP][PASSED] - fileOtpuskVSet = otpusk.toInteger(): null

25-11-2024T07:53:28 - [TEST_STEP][PASSED] - pageOtpuskVSet = page.toInteger(): null

25-11-2024T07:53:28 - [TEST_STEP][PASSED] - typeOfData = typeOfDataMain + " Потери": null

25-11-2024T07:53:28 - [TEST_STEP][PASSED] - if (a == 82): null

25-11-2024T07:53:28 - [TEST_STEP][PASSED] - else if (a == 84): null

25-11-2024T07:53:28 - [TEST_STEP][PASSED] - else if (a == 52 || a == 72 || a == 28 || a == 73 || a == 77 || a == 74 || a == 65 || a == 36 || a == 44 || a == 53 || a == 80 || a == 54 || a == 1 || a == 18 || a == 59 || a == 81): null

25-11-2024T07:53:28 - [TEST_STEP][PASSED] - else: null

25-11-2024T07:53:28 - [TEST_STEP][PASSED] - path = dataFolder + typeOfData + " за отчётный период " + b: null

25-11-2024T07:53:28 - [TEST_STEP][PASSED] - page = getText(findTestObject(path)): Text of object 'Object Repository/Выполнение бизнес-плана/Значения со страницы Выполнение бизнес-плана/План Потери за отчётный период Ярославская электросетевая компания' is: '18 525'

25-11-2024T07:53:28 - [MESSAGE][PASSED] - Text of object 'Object Repository/Выполнение бизнес-плана/Значения со страницы Выполнение бизнес-плана/План Потери за отчётный период Ярославская электросетевая компания' is: '18 525'

25-11-2024T07:53:28 - [TEST_STEP][PASSED] - page = page.replaceAll("\s+", ""): null

25-11-2024T07:53:28 - [TEST_STEP][PASSED] - filePoteri = poteri.toInteger(): null

25-11-2024T07:53:28 - [TEST_STEP][PASSED] - pagePoteri = page.toInteger(): null

25-11-2024T07:53:28 - [TEST_STEP][PASSED] - compare = pageOtpuskVSet: null

25-11-2024T07:53:28 - [TEST_STEP][PASSED] - if (compare == fileOtpuskVSet): null

25-11-2024T07:53:28 - [TEST_STEP][PASSED] - if (compare == fileOtpuskVSet): null

25-11-2024T07:53:28 - [TEST_STEP][PASSED] - compare = pagePoteri: null

25-11-2024T07:53:28 - [TEST_STEP][PASSED] - if (compare == filePoteri): null

25-11-2024T07:53:28 - [TEST_STEP][PASSED] - if (compare == filePoteri): null

25-11-2024T07:53:28 - [TEST_STEP][PASSED] - if (planFact == 2): Object: 'Object Repository/Выполнение бизнес-плана/Кнопка Факт' is clicked on

25-11-2024T07:53:28 - [TEST_STEP][PASSED] - click(findTestObject("Выполнение бизнес-плана/Кнопка Факт")): Object: 'Object Repository/Выполнение бизнес-плана/Кнопка Факт' is clicked on

25-11-2024T07:53:29 - [MESSAGE][PASSED] - Object: 'Object Repository/Выполнение бизнес-плана/Кнопка Факт' is clicked on

25-11-2024T07:53:29 - [TEST_STEP][PASSED] - if (a == 84 || a == 82): null

25-11-2024T07:53:29 - [TEST_STEP][PASSED] - else if (a == 52 || a == 72 || a == 28 || a == 73 || a == 77 || a == 74 || a == 65 || a == 36 || a == 44 || a == 53 || a == 80 || a == 54 || a == 1 || a == 18 || a == 59 || a == 81): null

25-11-2024T07:53:29 - [TEST_STEP][PASSED] - else: null

25-11-2024T07:53:29 - [TEST_STEP][PASSED] - page1 = getText(findTestObject("Object Repository/Выполнение бизнес-плана/spanPlan" + filialNum)): Text of object 'Object Repository/Выполнение бизнес-плана/spanPlan3' is: '9.99
|'

25-11-2024T07:53:29 - [MESSAGE][PASSED] - Text of object 'Object Repository/Выполнение бизнес-плана/spanPlan3' is: '9.99
|'

25-11-2024T07:53:29 - [TEST_STEP][PASSED] - page1 = page1.replace("|", ""): null

25-11-2024T07:53:29 - [TEST_STEP][PASSED] - page2 = getText(findTestObject("Object Repository/Выполнение бизнес-плана/spanFact" + filialNum)): Text of object 'Object Repository/Выполнение бизнес-плана/spanFact3' is: '8.22
|'

25-11-2024T07:53:29 - [MESSAGE][PASSED] - Text of object 'Object Repository/Выполнение бизнес-плана/spanFact3' is: '8.22
|'

25-11-2024T07:53:29 - [TEST_STEP][PASSED] - page2 = page2.replace("|", ""): null

25-11-2024T07:53:29 - [TEST_STEP][PASSED] - println("page1: " + page1): null

25-11-2024T07:53:29 - [TEST_STEP][PASSED] - println("page2: " + page2): null

25-11-2024T07:53:29 - [TEST_STEP][PASSED] - file = findTestData("PlanFact").getValue(4, a): null

25-11-2024T07:53:29 - [TEST_STEP][PASSED] - file = file.replace(",", "."): null

25-11-2024T07:53:29 - [TEST_STEP][PASSED] - println("file Plan: " + file): null

25-11-2024T07:53:29 - [TEST_STEP][PASSED] - typeOfData = "План в процентах": null

25-11-2024T07:53:29 - [TEST_STEP][PASSED] - fileDouble = file.toDouble(): null

25-11-2024T07:53:29 - [TEST_STEP][PASSED] - pageDouble = page1.toDouble(): null

25-11-2024T07:53:29 - [TEST_STEP][PASSED] - if (fileDouble != pageDouble): null

25-11-2024T07:53:29 - [TEST_STEP][PASSED] - file = findTestData("PlanFact").getValue(7, a): null

25-11-2024T07:53:29 - [TEST_STEP][PASSED] - file = file.replace(",", "."): null

25-11-2024T07:53:29 - [TEST_STEP][PASSED] - println("file Fact: " + file): null

25-11-2024T07:53:29 - [TEST_STEP][PASSED] - fileDouble = file.toDouble(): null

25-11-2024T07:53:29 - [TEST_STEP][PASSED] - typeOfData = "Факт в процентах": null

25-11-2024T07:53:29 - [TEST_STEP][PASSED] - fileDouble = file.toDouble(): null

25-11-2024T07:53:29 - [TEST_STEP][PASSED] - pageDouble = page2.toDouble(): null

25-11-2024T07:53:29 - [TEST_STEP][PASSED] - if (fileDouble != pageDouble): null

25-11-2024T07:53:29 - [TEST_STEP][PASSED] - if (verifyEqual(numberOfErrors, 0) == false): Actual object '0' and expected object '0' are equal

25-11-2024T07:53:29 - [MESSAGE][PASSED] - Actual object '0' and expected object '0' are equal

25-11-2024T07:53:29 - [TEST_STEP][PASSED] - if (a == 82): null

25-11-2024T07:53:29 - [TEST_STEP][PASSED] - dZO = "Белгородэнерго": null

25-11-2024T07:53:29 - [TEST_STEP][PASSED] - a = 2: null

25-11-2024T07:53:29 - [TEST_STEP][PASSED] - if (x2.contains(dZO)): null

25-11-2024T07:53:29 - [TEST_STEP][PASSED] - filialNum = filialNum + 1: null

25-11-2024T07:53:29 - [TEST_STEP][PASSED] - Script1718980020443.Numbers(a, typeOfData, todaysDate, pageInt, fileInt, pageDouble, fileDouble, dZO, dzoNum, filialNum): null

25-11-2024T07:53:29 - [TEST_STEP][PASSED] - println(dzoNum): null

25-11-2024T07:53:29 - [TEST_STEP][PASSED] - planFact = <not implemented yet for class: org.codehaus.groovy.ast.expr.EmptyExpression>: null

25-11-2024T07:53:29 - [TEST_STEP][PASSED] - page = <not implemented yet for class: org.codehaus.groovy.ast.expr.EmptyExpression>: null

25-11-2024T07:53:29 - [TEST_STEP][PASSED] - page1 = <not implemented yet for class: org.codehaus.groovy.ast.expr.EmptyExpression>: null

25-11-2024T07:53:29 - [TEST_STEP][PASSED] - page2 = <not implemented yet for class: org.codehaus.groovy.ast.expr.EmptyExpression>: null

25-11-2024T07:53:29 - [TEST_STEP][PASSED] - filialNumberInRow = <not implemented yet for class: org.codehaus.groovy.ast.expr.EmptyExpression>: null

25-11-2024T07:53:29 - [TEST_STEP][PASSED] - filialsDzoNames = <not implemented yet for class: org.codehaus.groovy.ast.expr.EmptyExpression>: null

25-11-2024T07:53:29 - [TEST_STEP][PASSED] - numberOfFilials = <not implemented yet for class: org.codehaus.groovy.ast.expr.EmptyExpression>: null

25-11-2024T07:53:29 - [TEST_STEP][PASSED] - numberOfSpaces = <not implemented yet for class: org.codehaus.groovy.ast.expr.EmptyExpression>: null

25-11-2024T07:53:29 - [TEST_STEP][PASSED] - file = <not implemented yet for class: org.codehaus.groovy.ast.expr.EmptyExpression>: null

25-11-2024T07:53:29 - [TEST_STEP][PASSED] - otpusk = <not implemented yet for class: org.codehaus.groovy.ast.expr.EmptyExpression>: null

25-11-2024T07:53:29 - [TEST_STEP][PASSED] - poteri = <not implemented yet for class: org.codehaus.groovy.ast.expr.EmptyExpression>: null

25-11-2024T07:53:29 - [TEST_STEP][PASSED] - dataFolder = "Выполнение бизнес-плана/Значения со страницы Выполнение бизнес-плана/": null

25-11-2024T07:53:29 - [TEST_STEP][PASSED] - path = <not implemented yet for class: org.codehaus.groovy.ast.expr.EmptyExpression>: null

25-11-2024T07:53:29 - [TEST_STEP][PASSED] - typeOfDataMain = <not implemented yet for class: org.codehaus.groovy.ast.expr.EmptyExpression>: null

25-11-2024T07:53:29 - [TEST_STEP][PASSED] - fileOtpuskVSet = <not implemented yet for class: org.codehaus.groovy.ast.expr.EmptyExpression>: null

25-11-2024T07:53:29 - [TEST_STEP][PASSED] - pageOtpuskVSet = <not implemented yet for class: org.codehaus.groovy.ast.expr.EmptyExpression>: null

25-11-2024T07:53:29 - [TEST_STEP][PASSED] - filePoteri = <not implemented yet for class: org.codehaus.groovy.ast.expr.EmptyExpression>: null

25-11-2024T07:53:29 - [TEST_STEP][PASSED] - pagePoteri = <not implemented yet for class: org.codehaus.groovy.ast.expr.EmptyExpression>: null

25-11-2024T07:53:29 - [TEST_STEP][PASSED] - compare = <not implemented yet for class: org.codehaus.groovy.ast.expr.EmptyExpression>: null

25-11-2024T07:53:29 - [TEST_STEP][PASSED] - b = <not implemented yet for class: org.codehaus.groovy.ast.expr.EmptyExpression>: null

25-11-2024T07:53:29 - [TEST_STEP][PASSED] - i = <not implemented yet for class: org.codehaus.groovy.ast.expr.EmptyExpression>: null

25-11-2024T07:53:29 - [TEST_STEP][PASSED] - ii = <not implemented yet for class: org.codehaus.groovy.ast.expr.EmptyExpression>: null

25-11-2024T07:53:29 - [TEST_STEP][PASSED] - c = <not implemented yet for class: org.codehaus.groovy.ast.expr.EmptyExpression>: null

25-11-2024T07:53:29 - [TEST_STEP][PASSED] - numberOfErrors = 0: null

25-11-2024T07:53:29 - [TEST_STEP][PASSED] - if (a == 82): null

25-11-2024T07:53:29 - [TEST_STEP][PASSED] - b = findTestData("PlanFact").getValue(1, a): null

25-11-2024T07:53:29 - [TEST_STEP][PASSED] - i = b.indexOf(" (ГК)"): null

25-11-2024T07:53:29 - [TEST_STEP][PASSED] - if (i > -1): null

25-11-2024T07:53:29 - [TEST_STEP][PASSED] - i = b.indexOf("О ""): null

25-11-2024T07:53:29 - [TEST_STEP][PASSED] - if (i > -1): null

25-11-2024T07:53:29 - [TEST_STEP][PASSED] - i = b.indexOf("О «"): null

25-11-2024T07:53:29 - [TEST_STEP][PASSED] - if (i > -1): null

25-11-2024T07:53:29 - [TEST_STEP][PASSED] - i = b.indexOf("г. "): null

25-11-2024T07:53:29 - [TEST_STEP][PASSED] - if (i > -1): null

25-11-2024T07:53:29 - [TEST_STEP][PASSED] - println(b): null

25-11-2024T07:53:29 - [TEST_STEP][PASSED] - for ([planFact = 1, planFact < 3, (planFact++)]): Object: 'Object Repository/Выполнение бизнес-плана/Кнопка Факт' is clicked on

25-11-2024T07:53:29 - [TEST_STEP][PASSED] - if (planFact == 1): null

25-11-2024T07:53:29 - [TEST_STEP][PASSED] - typeOfDataMain = "Факт": null

25-11-2024T07:53:29 - [TEST_STEP][PASSED] - otpusk = findTestData("PlanFact").getValue(5, a): null

25-11-2024T07:53:29 - [TEST_STEP][PASSED] - poteri = findTestData("PlanFact").getValue(6, a): null

25-11-2024T07:53:30 - [TEST_STEP][PASSED] - otpusk = otpusk.replaceAll("\s+", ""): null

25-11-2024T07:53:30 - [TEST_STEP][PASSED] - poteri = poteri.replaceAll("\s+", ""): null

25-11-2024T07:53:30 - [TEST_STEP][PASSED] - typeOfData = typeOfDataMain + " Отпуск в сеть": null

25-11-2024T07:53:30 - [TEST_STEP][PASSED] - if (a == 82): null

25-11-2024T07:53:30 - [TEST_STEP][PASSED] - else if (a == 84): null

25-11-2024T07:53:30 - [TEST_STEP][PASSED] - else if (a == 52 || a == 72 || a == 28 || a == 73 || a == 77 || a == 74 || a == 65 || a == 36 || a == 44 || a == 53 || a == 80 || a == 54 || a == 1 || a == 18 || a == 59 || a == 81): null

25-11-2024T07:53:30 - [TEST_STEP][PASSED] - else: null

25-11-2024T07:53:30 - [TEST_STEP][PASSED] - path = dataFolder + typeOfData + " за отчётный период " + b: null

25-11-2024T07:53:30 - [TEST_STEP][PASSED] - println(path): null

25-11-2024T07:53:30 - [TEST_STEP][PASSED] - page = getText(findTestObject(path)): Text of object 'Object Repository/Выполнение бизнес-плана/Значения со страницы Выполнение бизнес-плана/Факт Отпуск в сеть за отчётный период Белгородэнерго' is: '5 170 937'

25-11-2024T07:53:30 - [MESSAGE][PASSED] - Text of object 'Object Repository/Выполнение бизнес-плана/Значения со страницы Выполнение бизнес-плана/Факт Отпуск в сеть за отчётный период Белгородэнерго' is: '5 170 937'

25-11-2024T07:53:30 - [TEST_STEP][PASSED] - page = page.replaceAll("\s+", ""): null

25-11-2024T07:53:30 - [TEST_STEP][PASSED] - fileOtpuskVSet = otpusk.toInteger(): null

25-11-2024T07:53:30 - [TEST_STEP][PASSED] - pageOtpuskVSet = page.toInteger(): null

25-11-2024T07:53:30 - [TEST_STEP][PASSED] - typeOfData = typeOfDataMain + " Потери": null

25-11-2024T07:53:30 - [TEST_STEP][PASSED] - if (a == 82): null

25-11-2024T07:53:30 - [TEST_STEP][PASSED] - else if (a == 84): null

25-11-2024T07:53:30 - [TEST_STEP][PASSED] - else if (a == 52 || a == 72 || a == 28 || a == 73 || a == 77 || a == 74 || a == 65 || a == 36 || a == 44 || a == 53 || a == 80 || a == 54 || a == 1 || a == 18 || a == 59 || a == 81): null

25-11-2024T07:53:30 - [TEST_STEP][PASSED] - else: null

25-11-2024T07:53:30 - [TEST_STEP][PASSED] - path = dataFolder + typeOfData + " за отчётный период " + b: null

25-11-2024T07:53:30 - [TEST_STEP][PASSED] - page = getText(findTestObject(path)): Text of object 'Object Repository/Выполнение бизнес-плана/Значения со страницы Выполнение бизнес-плана/Факт Потери за отчётный период Белгородэнерго' is: '485 649'

25-11-2024T07:53:30 - [MESSAGE][PASSED] - Text of object 'Object Repository/Выполнение бизнес-плана/Значения со страницы Выполнение бизнес-плана/Факт Потери за отчётный период Белгородэнерго' is: '485 649'

25-11-2024T07:53:30 - [TEST_STEP][PASSED] - page = page.replaceAll("\s+", ""): null

25-11-2024T07:53:30 - [TEST_STEP][PASSED] - filePoteri = poteri.toInteger(): null

25-11-2024T07:53:30 - [TEST_STEP][PASSED] - pagePoteri = page.toInteger(): null

25-11-2024T07:53:30 - [TEST_STEP][PASSED] - compare = pageOtpuskVSet: null

25-11-2024T07:53:30 - [TEST_STEP][PASSED] - if (compare == fileOtpuskVSet): null

25-11-2024T07:53:30 - [TEST_STEP][PASSED] - if (compare == fileOtpuskVSet): null

25-11-2024T07:53:30 - [TEST_STEP][PASSED] - compare = pagePoteri: null

25-11-2024T07:53:30 - [TEST_STEP][PASSED] - if (compare == filePoteri): null

25-11-2024T07:53:30 - [TEST_STEP][PASSED] - if (compare == filePoteri): null

25-11-2024T07:53:30 - [TEST_STEP][PASSED] - if (planFact == 2): null

25-11-2024T07:53:30 - [TEST_STEP][PASSED] - if (planFact == 1): null

25-11-2024T07:53:30 - [TEST_STEP][PASSED] - else if (planFact == 2): null

25-11-2024T07:53:30 - [TEST_STEP][PASSED] - click(findTestObject("Выполнение бизнес-плана/Кнопка План")): Object: 'Object Repository/Выполнение бизнес-плана/Кнопка План' is clicked on

25-11-2024T07:53:30 - [MESSAGE][PASSED] - Object: 'Object Repository/Выполнение бизнес-плана/Кнопка План' is clicked on

25-11-2024T07:53:30 - [TEST_STEP][PASSED] - typeOfDataMain = "План": null

25-11-2024T07:53:30 - [TEST_STEP][PASSED] - otpusk = findTestData("PlanFact").getValue(2, a): null

25-11-2024T07:53:31 - [TEST_STEP][PASSED] - poteri = findTestData("PlanFact").getValue(3, a): null

25-11-2024T07:53:31 - [TEST_STEP][PASSED] - otpusk = otpusk.replaceAll("\s+", ""): null

25-11-2024T07:53:31 - [TEST_STEP][PASSED] - poteri = poteri.replaceAll("\s+", ""): null

25-11-2024T07:53:31 - [TEST_STEP][PASSED] - typeOfData = typeOfDataMain + " Отпуск в сеть": null

25-11-2024T07:53:31 - [TEST_STEP][PASSED] - if (a == 82): null

25-11-2024T07:53:31 - [TEST_STEP][PASSED] - else if (a == 84): null

25-11-2024T07:53:31 - [TEST_STEP][PASSED] - else if (a == 52 || a == 72 || a == 28 || a == 73 || a == 77 || a == 74 || a == 65 || a == 36 || a == 44 || a == 53 || a == 80 || a == 54 || a == 1 || a == 18 || a == 59 || a == 81): null

25-11-2024T07:53:31 - [TEST_STEP][PASSED] - else: null

25-11-2024T07:53:31 - [TEST_STEP][PASSED] - path = dataFolder + typeOfData + " за отчётный период " + b: null

25-11-2024T07:53:31 - [TEST_STEP][PASSED] - println(path): null

25-11-2024T07:53:31 - [TEST_STEP][PASSED] - page = getText(findTestObject(path)): Text of object 'Object Repository/Выполнение бизнес-плана/Значения со страницы Выполнение бизнес-плана/План Отпуск в сеть за отчётный период Белгородэнерго' is: '5 036 799'

25-11-2024T07:53:31 - [MESSAGE][PASSED] - Text of object 'Object Repository/Выполнение бизнес-плана/Значения со страницы Выполнение бизнес-плана/План Отпуск в сеть за отчётный период Белгородэнерго' is: '5 036 799'

25-11-2024T07:53:31 - [TEST_STEP][PASSED] - page = page.replaceAll("\s+", ""): null

25-11-2024T07:53:31 - [TEST_STEP][PASSED] - fileOtpuskVSet = otpusk.toInteger(): null

25-11-2024T07:53:31 - [TEST_STEP][PASSED] - pageOtpuskVSet = page.toInteger(): null

25-11-2024T07:53:31 - [TEST_STEP][PASSED] - typeOfData = typeOfDataMain + " Потери": null

25-11-2024T07:53:31 - [TEST_STEP][PASSED] - if (a == 82): null

25-11-2024T07:53:31 - [TEST_STEP][PASSED] - else if (a == 84): null

25-11-2024T07:53:31 - [TEST_STEP][PASSED] - else if (a == 52 || a == 72 || a == 28 || a == 73 || a == 77 || a == 74 || a == 65 || a == 36 || a == 44 || a == 53 || a == 80 || a == 54 || a == 1 || a == 18 || a == 59 || a == 81): null

25-11-2024T07:53:31 - [TEST_STEP][PASSED] - else: null

25-11-2024T07:53:31 - [TEST_STEP][PASSED] - path = dataFolder + typeOfData + " за отчётный период " + b: null

25-11-2024T07:53:31 - [TEST_STEP][PASSED] - page = getText(findTestObject(path)): Text of object 'Object Repository/Выполнение бизнес-плана/Значения со страницы Выполнение бизнес-плана/План Потери за отчётный период Белгородэнерго' is: '488 869'

25-11-2024T07:53:31 - [MESSAGE][PASSED] - Text of object 'Object Repository/Выполнение бизнес-плана/Значения со страницы Выполнение бизнес-плана/План Потери за отчётный период Белгородэнерго' is: '488 869'

25-11-2024T07:53:31 - [TEST_STEP][PASSED] - page = page.replaceAll("\s+", ""): null

25-11-2024T07:53:31 - [TEST_STEP][PASSED] - filePoteri = poteri.toInteger(): null

25-11-2024T07:53:31 - [TEST_STEP][PASSED] - pagePoteri = page.toInteger(): null

25-11-2024T07:53:31 - [TEST_STEP][PASSED] - compare = pageOtpuskVSet: null

25-11-2024T07:53:31 - [TEST_STEP][PASSED] - if (compare == fileOtpuskVSet): null

25-11-2024T07:53:31 - [TEST_STEP][PASSED] - if (compare == fileOtpuskVSet): null

25-11-2024T07:53:31 - [TEST_STEP][PASSED] - compare = pagePoteri: null

25-11-2024T07:53:31 - [TEST_STEP][PASSED] - if (compare == filePoteri): null

25-11-2024T07:53:31 - [TEST_STEP][PASSED] - if (compare == filePoteri): null

25-11-2024T07:53:31 - [TEST_STEP][PASSED] - if (planFact == 2): Object: 'Object Repository/Выполнение бизнес-плана/Кнопка Факт' is clicked on

25-11-2024T07:53:31 - [TEST_STEP][PASSED] - click(findTestObject("Выполнение бизнес-плана/Кнопка Факт")): Object: 'Object Repository/Выполнение бизнес-плана/Кнопка Факт' is clicked on

25-11-2024T07:53:32 - [MESSAGE][PASSED] - Object: 'Object Repository/Выполнение бизнес-плана/Кнопка Факт' is clicked on

25-11-2024T07:53:32 - [TEST_STEP][PASSED] - if (a == 84 || a == 82): null

25-11-2024T07:53:32 - [TEST_STEP][PASSED] - else if (a == 52 || a == 72 || a == 28 || a == 73 || a == 77 || a == 74 || a == 65 || a == 36 || a == 44 || a == 53 || a == 80 || a == 54 || a == 1 || a == 18 || a == 59 || a == 81): null

25-11-2024T07:53:32 - [TEST_STEP][PASSED] - else: null

25-11-2024T07:53:32 - [TEST_STEP][PASSED] - page1 = getText(findTestObject("Object Repository/Выполнение бизнес-плана/spanPlan" + filialNum)): Text of object 'Object Repository/Выполнение бизнес-плана/spanPlan4' is: '9.71
|'

25-11-2024T07:53:32 - [MESSAGE][PASSED] - Text of object 'Object Repository/Выполнение бизнес-плана/spanPlan4' is: '9.71
|'

25-11-2024T07:53:32 - [TEST_STEP][PASSED] - page1 = page1.replace("|", ""): null

25-11-2024T07:53:32 - [TEST_STEP][PASSED] - page2 = getText(findTestObject("Object Repository/Выполнение бизнес-плана/spanFact" + filialNum)): Text of object 'Object Repository/Выполнение бизнес-плана/spanFact4' is: '9.39
|'

25-11-2024T07:53:32 - [MESSAGE][PASSED] - Text of object 'Object Repository/Выполнение бизнес-плана/spanFact4' is: '9.39
|'

25-11-2024T07:53:32 - [TEST_STEP][PASSED] - page2 = page2.replace("|", ""): null

25-11-2024T07:53:32 - [TEST_STEP][PASSED] - println("page1: " + page1): null

25-11-2024T07:53:32 - [TEST_STEP][PASSED] - println("page2: " + page2): null

25-11-2024T07:53:32 - [TEST_STEP][PASSED] - file = findTestData("PlanFact").getValue(4, a): null

25-11-2024T07:53:32 - [TEST_STEP][PASSED] - file = file.replace(",", "."): null

25-11-2024T07:53:32 - [TEST_STEP][PASSED] - println("file Plan: " + file): null

25-11-2024T07:53:32 - [TEST_STEP][PASSED] - typeOfData = "План в процентах": null

25-11-2024T07:53:32 - [TEST_STEP][PASSED] - fileDouble = file.toDouble(): null

25-11-2024T07:53:32 - [TEST_STEP][PASSED] - pageDouble = page1.toDouble(): null

25-11-2024T07:53:32 - [TEST_STEP][PASSED] - if (fileDouble != pageDouble): null

25-11-2024T07:53:32 - [TEST_STEP][PASSED] - file = findTestData("PlanFact").getValue(7, a): null

25-11-2024T07:53:32 - [TEST_STEP][PASSED] - file = file.replace(",", "."): null

25-11-2024T07:53:32 - [TEST_STEP][PASSED] - println("file Fact: " + file): null

25-11-2024T07:53:32 - [TEST_STEP][PASSED] - fileDouble = file.toDouble(): null

25-11-2024T07:53:32 - [TEST_STEP][PASSED] - typeOfData = "Факт в процентах": null

25-11-2024T07:53:32 - [TEST_STEP][PASSED] - fileDouble = file.toDouble(): null

25-11-2024T07:53:32 - [TEST_STEP][PASSED] - pageDouble = page2.toDouble(): null

25-11-2024T07:53:32 - [TEST_STEP][PASSED] - if (fileDouble != pageDouble): null

25-11-2024T07:53:32 - [TEST_STEP][PASSED] - if (verifyEqual(numberOfErrors, 0) == false): Actual object '0' and expected object '0' are equal

25-11-2024T07:53:32 - [MESSAGE][PASSED] - Actual object '0' and expected object '0' are equal

25-11-2024T07:53:32 - [TEST_STEP][PASSED] - if (a == 82): null

25-11-2024T07:53:32 - [TEST_STEP][PASSED] - dZO = "Брянскэнерго": null

25-11-2024T07:53:32 - [TEST_STEP][PASSED] - a = 3: null

25-11-2024T07:53:32 - [TEST_STEP][PASSED] - if (x2.contains(dZO)): null

25-11-2024T07:53:32 - [TEST_STEP][PASSED] - filialNum = filialNum + 1: null

25-11-2024T07:53:32 - [TEST_STEP][PASSED] - Script1718980020443.Numbers(a, typeOfData, todaysDate, pageInt, fileInt, pageDouble, fileDouble, dZO, dzoNum, filialNum): null

25-11-2024T07:53:32 - [TEST_STEP][PASSED] - println(dzoNum): null

25-11-2024T07:53:32 - [TEST_STEP][PASSED] - planFact = <not implemented yet for class: org.codehaus.groovy.ast.expr.EmptyExpression>: null

25-11-2024T07:53:32 - [TEST_STEP][PASSED] - page = <not implemented yet for class: org.codehaus.groovy.ast.expr.EmptyExpression>: null

25-11-2024T07:53:32 - [TEST_STEP][PASSED] - page1 = <not implemented yet for class: org.codehaus.groovy.ast.expr.EmptyExpression>: null

25-11-2024T07:53:32 - [TEST_STEP][PASSED] - page2 = <not implemented yet for class: org.codehaus.groovy.ast.expr.EmptyExpression>: null

25-11-2024T07:53:32 - [TEST_STEP][PASSED] - filialNumberInRow = <not implemented yet for class: org.codehaus.groovy.ast.expr.EmptyExpression>: null

25-11-2024T07:53:32 - [TEST_STEP][PASSED] - filialsDzoNames = <not implemented yet for class: org.codehaus.groovy.ast.expr.EmptyExpression>: null

25-11-2024T07:53:32 - [TEST_STEP][PASSED] - numberOfFilials = <not implemented yet for class: org.codehaus.groovy.ast.expr.EmptyExpression>: null

25-11-2024T07:53:32 - [TEST_STEP][PASSED] - numberOfSpaces = <not implemented yet for class: org.codehaus.groovy.ast.expr.EmptyExpression>: null

25-11-2024T07:53:32 - [TEST_STEP][PASSED] - file = <not implemented yet for class: org.codehaus.groovy.ast.expr.EmptyExpression>: null

25-11-2024T07:53:32 - [TEST_STEP][PASSED] - otpusk = <not implemented yet for class: org.codehaus.groovy.ast.expr.EmptyExpression>: null

25-11-2024T07:53:32 - [TEST_STEP][PASSED] - poteri = <not implemented yet for class: org.codehaus.groovy.ast.expr.EmptyExpression>: null

25-11-2024T07:53:32 - [TEST_STEP][PASSED] - dataFolder = "Выполнение бизнес-плана/Значения со страницы Выполнение бизнес-плана/": null

25-11-2024T07:53:32 - [TEST_STEP][PASSED] - path = <not implemented yet for class: org.codehaus.groovy.ast.expr.EmptyExpression>: null

25-11-2024T07:53:32 - [TEST_STEP][PASSED] - typeOfDataMain = <not implemented yet for class: org.codehaus.groovy.ast.expr.EmptyExpression>: null

25-11-2024T07:53:32 - [TEST_STEP][PASSED] - fileOtpuskVSet = <not implemented yet for class: org.codehaus.groovy.ast.expr.EmptyExpression>: null

25-11-2024T07:53:32 - [TEST_STEP][PASSED] - pageOtpuskVSet = <not implemented yet for class: org.codehaus.groovy.ast.expr.EmptyExpression>: null

25-11-2024T07:53:32 - [TEST_STEP][PASSED] - filePoteri = <not implemented yet for class: org.codehaus.groovy.ast.expr.EmptyExpression>: null

25-11-2024T07:53:32 - [TEST_STEP][PASSED] - pagePoteri = <not implemented yet for class: org.codehaus.groovy.ast.expr.EmptyExpression>: null

25-11-2024T07:53:32 - [TEST_STEP][PASSED] - compare = <not implemented yet for class: org.codehaus.groovy.ast.expr.EmptyExpression>: null

25-11-2024T07:53:32 - [TEST_STEP][PASSED] - b = <not implemented yet for class: org.codehaus.groovy.ast.expr.EmptyExpression>: null

25-11-2024T07:53:32 - [TEST_STEP][PASSED] - i = <not implemented yet for class: org.codehaus.groovy.ast.expr.EmptyExpression>: null

25-11-2024T07:53:32 - [TEST_STEP][PASSED] - ii = <not implemented yet for class: org.codehaus.groovy.ast.expr.EmptyExpression>: null

25-11-2024T07:53:32 - [TEST_STEP][PASSED] - c = <not implemented yet for class: org.codehaus.groovy.ast.expr.EmptyExpression>: null

25-11-2024T07:53:32 - [TEST_STEP][PASSED] - numberOfErrors = 0: null

25-11-2024T07:53:32 - [TEST_STEP][PASSED] - if (a == 82): null

25-11-2024T07:53:32 - [TEST_STEP][PASSED] - b = findTestData("PlanFact").getValue(1, a): null

25-11-2024T07:53:32 - [TEST_STEP][PASSED] - i = b.indexOf(" (ГК)"): null

25-11-2024T07:53:32 - [TEST_STEP][PASSED] - if (i > -1): null

25-11-2024T07:53:32 - [TEST_STEP][PASSED] - i = b.indexOf("О ""): null

25-11-2024T07:53:32 - [TEST_STEP][PASSED] - if (i > -1): null

25-11-2024T07:53:32 - [TEST_STEP][PASSED] - i = b.indexOf("О «"): null

25-11-2024T07:53:32 - [TEST_STEP][PASSED] - if (i > -1): null

25-11-2024T07:53:32 - [TEST_STEP][PASSED] - i = b.indexOf("г. "): null

25-11-2024T07:53:32 - [TEST_STEP][PASSED] - if (i > -1): null

25-11-2024T07:53:32 - [TEST_STEP][PASSED] - println(b): null

25-11-2024T07:53:32 - [TEST_STEP][PASSED] - for ([planFact = 1, planFact < 3, (planFact++)]): Object: 'Object Repository/Выполнение бизнес-плана/Кнопка Факт' is clicked on

25-11-2024T07:53:32 - [TEST_STEP][PASSED] - if (planFact == 1): null

25-11-2024T07:53:32 - [TEST_STEP][PASSED] - typeOfDataMain = "Факт": null

25-11-2024T07:53:32 - [TEST_STEP][PASSED] - otpusk = findTestData("PlanFact").getValue(5, a): null

25-11-2024T07:53:32 - [TEST_STEP][PASSED] - poteri = findTestData("PlanFact").getValue(6, a): null

25-11-2024T07:53:32 - [TEST_STEP][PASSED] - otpusk = otpusk.replaceAll("\s+", ""): null

25-11-2024T07:53:32 - [TEST_STEP][PASSED] - poteri = poteri.replaceAll("\s+", ""): null

25-11-2024T07:53:32 - [TEST_STEP][PASSED] - typeOfData = typeOfDataMain + " Отпуск в сеть": null

25-11-2024T07:53:32 - [TEST_STEP][PASSED] - if (a == 82): null

25-11-2024T07:53:32 - [TEST_STEP][PASSED] - else if (a == 84): null

25-11-2024T07:53:32 - [TEST_STEP][PASSED] - else if (a == 52 || a == 72 || a == 28 || a == 73 || a == 77 || a == 74 || a == 65 || a == 36 || a == 44 || a == 53 || a == 80 || a == 54 || a == 1 || a == 18 || a == 59 || a == 81): null

25-11-2024T07:53:32 - [TEST_STEP][PASSED] - else: null

25-11-2024T07:53:32 - [TEST_STEP][PASSED] - path = dataFolder + typeOfData + " за отчётный период " + b: null

25-11-2024T07:53:32 - [TEST_STEP][PASSED] - println(path): null

25-11-2024T07:53:32 - [TEST_STEP][PASSED] - page = getText(findTestObject(path)): Text of object 'Object Repository/Выполнение бизнес-плана/Значения со страницы Выполнение бизнес-плана/Факт Отпуск в сеть за отчётный период Брянскэнерго' is: '2 679 742'

25-11-2024T07:53:33 - [MESSAGE][PASSED] - Text of object 'Object Repository/Выполнение бизнес-плана/Значения со страницы Выполнение бизнес-плана/Факт Отпуск в сеть за отчётный период Брянскэнерго' is: '2 679 742'

25-11-2024T07:53:33 - [TEST_STEP][PASSED] - page = page.replaceAll("\s+", ""): null

25-11-2024T07:53:33 - [TEST_STEP][PASSED] - fileOtpuskVSet = otpusk.toInteger(): null

25-11-2024T07:53:33 - [TEST_STEP][PASSED] - pageOtpuskVSet = page.toInteger(): null

25-11-2024T07:53:33 - [TEST_STEP][PASSED] - typeOfData = typeOfDataMain + " Потери": null

25-11-2024T07:53:33 - [TEST_STEP][PASSED] - if (a == 82): null

25-11-2024T07:53:33 - [TEST_STEP][PASSED] - else if (a == 84): null

25-11-2024T07:53:33 - [TEST_STEP][PASSED] - else if (a == 52 || a == 72 || a == 28 || a == 73 || a == 77 || a == 74 || a == 65 || a == 36 || a == 44 || a == 53 || a == 80 || a == 54 || a == 1 || a == 18 || a == 59 || a == 81): null

25-11-2024T07:53:33 - [TEST_STEP][PASSED] - else: null

25-11-2024T07:53:33 - [TEST_STEP][PASSED] - path = dataFolder + typeOfData + " за отчётный период " + b: null

25-11-2024T07:53:33 - [TEST_STEP][PASSED] - page = getText(findTestObject(path)): Text of object 'Object Repository/Выполнение бизнес-плана/Значения со страницы Выполнение бизнес-плана/Факт Потери за отчётный период Брянскэнерго' is: '133 373'

25-11-2024T07:53:33 - [MESSAGE][PASSED] - Text of object 'Object Repository/Выполнение бизнес-плана/Значения со страницы Выполнение бизнес-плана/Факт Потери за отчётный период Брянскэнерго' is: '133 373'

25-11-2024T07:53:33 - [TEST_STEP][PASSED] - page = page.replaceAll("\s+", ""): null

25-11-2024T07:53:33 - [TEST_STEP][PASSED] - filePoteri = poteri.toInteger(): null

25-11-2024T07:53:33 - [TEST_STEP][PASSED] - pagePoteri = page.toInteger(): null

25-11-2024T07:53:33 - [TEST_STEP][PASSED] - compare = pageOtpuskVSet: null

25-11-2024T07:53:33 - [TEST_STEP][PASSED] - if (compare == fileOtpuskVSet): null

25-11-2024T07:53:33 - [TEST_STEP][PASSED] - if (compare == fileOtpuskVSet): null

25-11-2024T07:53:33 - [TEST_STEP][PASSED] - compare = pagePoteri: null

25-11-2024T07:53:33 - [TEST_STEP][PASSED] - if (compare == filePoteri): null

25-11-2024T07:53:33 - [TEST_STEP][PASSED] - if (compare == filePoteri): null

25-11-2024T07:53:33 - [TEST_STEP][PASSED] - if (planFact == 2): null

25-11-2024T07:53:33 - [TEST_STEP][PASSED] - if (planFact == 1): null

25-11-2024T07:53:33 - [TEST_STEP][PASSED] - else if (planFact == 2): null

25-11-2024T07:53:33 - [TEST_STEP][PASSED] - click(findTestObject("Выполнение бизнес-плана/Кнопка План")): Object: 'Object Repository/Выполнение бизнес-плана/Кнопка План' is clicked on

25-11-2024T07:53:33 - [MESSAGE][PASSED] - Object: 'Object Repository/Выполнение бизнес-плана/Кнопка План' is clicked on

25-11-2024T07:53:33 - [TEST_STEP][PASSED] - typeOfDataMain = "План": null

25-11-2024T07:53:33 - [TEST_STEP][PASSED] - otpusk = findTestData("PlanFact").getValue(2, a): null

25-11-2024T07:53:34 - [TEST_STEP][PASSED] - poteri = findTestData("PlanFact").getValue(3, a): null

25-11-2024T07:53:34 - [TEST_STEP][PASSED] - otpusk = otpusk.replaceAll("\s+", ""): null

25-11-2024T07:53:34 - [TEST_STEP][PASSED] - poteri = poteri.replaceAll("\s+", ""): null

25-11-2024T07:53:34 - [TEST_STEP][PASSED] - typeOfData = typeOfDataMain + " Отпуск в сеть": null

25-11-2024T07:53:34 - [TEST_STEP][PASSED] - if (a == 82): null

25-11-2024T07:53:34 - [TEST_STEP][PASSED] - else if (a == 84): null

25-11-2024T07:53:34 - [TEST_STEP][PASSED] - else if (a == 52 || a == 72 || a == 28 || a == 73 || a == 77 || a == 74 || a == 65 || a == 36 || a == 44 || a == 53 || a == 80 || a == 54 || a == 1 || a == 18 || a == 59 || a == 81): null

25-11-2024T07:53:34 - [TEST_STEP][PASSED] - else: null

25-11-2024T07:53:34 - [TEST_STEP][PASSED] - path = dataFolder + typeOfData + " за отчётный период " + b: null

25-11-2024T07:53:34 - [TEST_STEP][PASSED] - println(path): null

25-11-2024T07:53:34 - [TEST_STEP][PASSED] - page = getText(findTestObject(path)): Text of object 'Object Repository/Выполнение бизнес-плана/Значения со страницы Выполнение бизнес-плана/План Отпуск в сеть за отчётный период Брянскэнерго' is: '2 648 295'

25-11-2024T07:53:34 - [MESSAGE][PASSED] - Text of object 'Object Repository/Выполнение бизнес-плана/Значения со страницы Выполнение бизнес-плана/План Отпуск в сеть за отчётный период Брянскэнерго' is: '2 648 295'

25-11-2024T07:53:34 - [TEST_STEP][PASSED] - page = page.replaceAll("\s+", ""): null

25-11-2024T07:53:34 - [TEST_STEP][PASSED] - fileOtpuskVSet = otpusk.toInteger(): null

25-11-2024T07:53:34 - [TEST_STEP][PASSED] - pageOtpuskVSet = page.toInteger(): null

25-11-2024T07:53:34 - [TEST_STEP][PASSED] - typeOfData = typeOfDataMain + " Потери": null

25-11-2024T07:53:34 - [TEST_STEP][PASSED] - if (a == 82): null

25-11-2024T07:53:34 - [TEST_STEP][PASSED] - else if (a == 84): null

25-11-2024T07:53:34 - [TEST_STEP][PASSED] - else if (a == 52 || a == 72 || a == 28 || a == 73 || a == 77 || a == 74 || a == 65 || a == 36 || a == 44 || a == 53 || a == 80 || a == 54 || a == 1 || a == 18 || a == 59 || a == 81): null

25-11-2024T07:53:34 - [TEST_STEP][PASSED] - else: null

25-11-2024T07:53:34 - [TEST_STEP][PASSED] - path = dataFolder + typeOfData + " за отчётный период " + b: null

25-11-2024T07:53:34 - [TEST_STEP][PASSED] - page = getText(findTestObject(path)): Text of object 'Object Repository/Выполнение бизнес-плана/Значения со страницы Выполнение бизнес-плана/План Потери за отчётный период Брянскэнерго' is: '136 726'

25-11-2024T07:53:34 - [MESSAGE][PASSED] - Text of object 'Object Repository/Выполнение бизнес-плана/Значения со страницы Выполнение бизнес-плана/План Потери за отчётный период Брянскэнерго' is: '136 726'

25-11-2024T07:53:34 - [TEST_STEP][PASSED] - page = page.replaceAll("\s+", ""): null

25-11-2024T07:53:34 - [TEST_STEP][PASSED] - filePoteri = poteri.toInteger(): null

25-11-2024T07:53:34 - [TEST_STEP][PASSED] - pagePoteri = page.toInteger(): null

25-11-2024T07:53:34 - [TEST_STEP][PASSED] - compare = pageOtpuskVSet: null

25-11-2024T07:53:34 - [TEST_STEP][PASSED] - if (compare == fileOtpuskVSet): null

25-11-2024T07:53:34 - [TEST_STEP][PASSED] - else if (compare > fileOtpuskVSet): null

25-11-2024T07:53:34 - [TEST_STEP][PASSED] - compare = compare - 1: null

25-11-2024T07:53:34 - [TEST_STEP][PASSED] - if (compare == fileOtpuskVSet): null

25-11-2024T07:53:34 - [TEST_STEP][PASSED] - compare = pagePoteri: null

25-11-2024T07:53:34 - [TEST_STEP][PASSED] - if (compare == filePoteri): null

25-11-2024T07:53:34 - [TEST_STEP][PASSED] - if (compare == filePoteri): null

25-11-2024T07:53:34 - [TEST_STEP][PASSED] - if (planFact == 2): Object: 'Object Repository/Выполнение бизнес-плана/Кнопка Факт' is clicked on

25-11-2024T07:53:34 - [TEST_STEP][PASSED] - click(findTestObject("Выполнение бизнес-плана/Кнопка Факт")): Object: 'Object Repository/Выполнение бизнес-плана/Кнопка Факт' is clicked on

25-11-2024T07:53:35 - [MESSAGE][PASSED] - Object: 'Object Repository/Выполнение бизнес-плана/Кнопка Факт' is clicked on

25-11-2024T07:53:35 - [TEST_STEP][PASSED] - if (a == 84 || a == 82): null

25-11-2024T07:53:35 - [TEST_STEP][PASSED] - else if (a == 52 || a == 72 || a == 28 || a == 73 || a == 77 || a == 74 || a == 65 || a == 36 || a == 44 || a == 53 || a == 80 || a == 54 || a == 1 || a == 18 || a == 59 || a == 81): null

25-11-2024T07:53:35 - [TEST_STEP][PASSED] - else: null

25-11-2024T07:53:35 - [TEST_STEP][PASSED] - page1 = getText(findTestObject("Object Repository/Выполнение бизнес-плана/spanPlan" + filialNum)): Text of object 'Object Repository/Выполнение бизнес-плана/spanPlan5' is: '5.16
|'

25-11-2024T07:53:35 - [MESSAGE][PASSED] - Text of object 'Object Repository/Выполнение бизнес-плана/spanPlan5' is: '5.16
|'

25-11-2024T07:53:35 - [TEST_STEP][PASSED] - page1 = page1.replace("|", ""): null

25-11-2024T07:53:35 - [TEST_STEP][PASSED] - page2 = getText(findTestObject("Object Repository/Выполнение бизнес-плана/spanFact" + filialNum)): Text of object 'Object Repository/Выполнение бизнес-плана/spanFact5' is: '4.98
|'

25-11-2024T07:53:35 - [MESSAGE][PASSED] - Text of object 'Object Repository/Выполнение бизнес-плана/spanFact5' is: '4.98
|'

25-11-2024T07:53:35 - [TEST_STEP][PASSED] - page2 = page2.replace("|", ""): null

25-11-2024T07:53:35 - [TEST_STEP][PASSED] - println("page1: " + page1): null

25-11-2024T07:53:35 - [TEST_STEP][PASSED] - println("page2: " + page2): null

25-11-2024T07:53:35 - [TEST_STEP][PASSED] - file = findTestData("PlanFact").getValue(4, a): null

25-11-2024T07:53:35 - [TEST_STEP][PASSED] - file = file.replace(",", "."): null

25-11-2024T07:53:35 - [TEST_STEP][PASSED] - println("file Plan: " + file): null

25-11-2024T07:53:35 - [TEST_STEP][PASSED] - typeOfData = "План в процентах": null

25-11-2024T07:53:35 - [TEST_STEP][PASSED] - fileDouble = file.toDouble(): null

25-11-2024T07:53:35 - [TEST_STEP][PASSED] - pageDouble = page1.toDouble(): null

25-11-2024T07:53:35 - [TEST_STEP][PASSED] - if (fileDouble != pageDouble): null

25-11-2024T07:53:35 - [TEST_STEP][PASSED] - file = findTestData("PlanFact").getValue(7, a): null

25-11-2024T07:53:35 - [TEST_STEP][PASSED] - file = file.replace(",", "."): null

25-11-2024T07:53:35 - [TEST_STEP][PASSED] - println("file Fact: " + file): null

25-11-2024T07:53:35 - [TEST_STEP][PASSED] - fileDouble = file.toDouble(): null

25-11-2024T07:53:35 - [TEST_STEP][PASSED] - typeOfData = "Факт в процентах": null

25-11-2024T07:53:35 - [TEST_STEP][PASSED] - fileDouble = file.toDouble(): null

25-11-2024T07:53:35 - [TEST_STEP][PASSED] - pageDouble = page2.toDouble(): null

25-11-2024T07:53:35 - [TEST_STEP][PASSED] - if (fileDouble != pageDouble): null

25-11-2024T07:53:35 - [TEST_STEP][PASSED] - if (verifyEqual(numberOfErrors, 0) == false): Actual object '0' and expected object '0' are equal

25-11-2024T07:53:35 - [MESSAGE][PASSED] - Actual object '0' and expected object '0' are equal

25-11-2024T07:53:35 - [TEST_STEP][PASSED] - if (a == 82): null

25-11-2024T07:53:35 - [TEST_STEP][PASSED] - dZO = "Воронежэнерго": null

25-11-2024T07:53:35 - [TEST_STEP][PASSED] - a = 4: null

25-11-2024T07:53:35 - [TEST_STEP][PASSED] - if (x2.contains(dZO)): null

25-11-2024T07:53:35 - [TEST_STEP][PASSED] - filialNum = filialNum + 1: null

25-11-2024T07:53:35 - [TEST_STEP][PASSED] - Script1718980020443.Numbers(a, typeOfData, todaysDate, pageInt, fileInt, pageDouble, fileDouble, dZO, dzoNum, filialNum): null

25-11-2024T07:53:35 - [TEST_STEP][PASSED] - println(dzoNum): null

25-11-2024T07:53:35 - [TEST_STEP][PASSED] - planFact = <not implemented yet for class: org.codehaus.groovy.ast.expr.EmptyExpression>: null

25-11-2024T07:53:35 - [TEST_STEP][PASSED] - page = <not implemented yet for class: org.codehaus.groovy.ast.expr.EmptyExpression>: null

25-11-2024T07:53:35 - [TEST_STEP][PASSED] - page1 = <not implemented yet for class: org.codehaus.groovy.ast.expr.EmptyExpression>: null

25-11-2024T07:53:35 - [TEST_STEP][PASSED] - page2 = <not implemented yet for class: org.codehaus.groovy.ast.expr.EmptyExpression>: null

25-11-2024T07:53:35 - [TEST_STEP][PASSED] - filialNumberInRow = <not implemented yet for class: org.codehaus.groovy.ast.expr.EmptyExpression>: null

25-11-2024T07:53:35 - [TEST_STEP][PASSED] - filialsDzoNames = <not implemented yet for class: org.codehaus.groovy.ast.expr.EmptyExpression>: null

25-11-2024T07:53:35 - [TEST_STEP][PASSED] - numberOfFilials = <not implemented yet for class: org.codehaus.groovy.ast.expr.EmptyExpression>: null

25-11-2024T07:53:35 - [TEST_STEP][PASSED] - numberOfSpaces = <not implemented yet for class: org.codehaus.groovy.ast.expr.EmptyExpression>: null

25-11-2024T07:53:35 - [TEST_STEP][PASSED] - file = <not implemented yet for class: org.codehaus.groovy.ast.expr.EmptyExpression>: null

25-11-2024T07:53:35 - [TEST_STEP][PASSED] - otpusk = <not implemented yet for class: org.codehaus.groovy.ast.expr.EmptyExpression>: null

25-11-2024T07:53:35 - [TEST_STEP][PASSED] - poteri = <not implemented yet for class: org.codehaus.groovy.ast.expr.EmptyExpression>: null

25-11-2024T07:53:35 - [TEST_STEP][PASSED] - dataFolder = "Выполнение бизнес-плана/Значения со страницы Выполнение бизнес-плана/": null

25-11-2024T07:53:35 - [TEST_STEP][PASSED] - path = <not implemented yet for class: org.codehaus.groovy.ast.expr.EmptyExpression>: null

25-11-2024T07:53:35 - [TEST_STEP][PASSED] - typeOfDataMain = <not implemented yet for class: org.codehaus.groovy.ast.expr.EmptyExpression>: null

25-11-2024T07:53:35 - [TEST_STEP][PASSED] - fileOtpuskVSet = <not implemented yet for class: org.codehaus.groovy.ast.expr.EmptyExpression>: null

25-11-2024T07:53:35 - [TEST_STEP][PASSED] - pageOtpuskVSet = <not implemented yet for class: org.codehaus.groovy.ast.expr.EmptyExpression>: null

25-11-2024T07:53:35 - [TEST_STEP][PASSED] - filePoteri = <not implemented yet for class: org.codehaus.groovy.ast.expr.EmptyExpression>: null

25-11-2024T07:53:35 - [TEST_STEP][PASSED] - pagePoteri = <not implemented yet for class: org.codehaus.groovy.ast.expr.EmptyExpression>: null

25-11-2024T07:53:35 - [TEST_STEP][PASSED] - compare = <not implemented yet for class: org.codehaus.groovy.ast.expr.EmptyExpression>: null

25-11-2024T07:53:35 - [TEST_STEP][PASSED] - b = <not implemented yet for class: org.codehaus.groovy.ast.expr.EmptyExpression>: null

25-11-2024T07:53:35 - [TEST_STEP][PASSED] - i = <not implemented yet for class: org.codehaus.groovy.ast.expr.EmptyExpression>: null

25-11-2024T07:53:35 - [TEST_STEP][PASSED] - ii = <not implemented yet for class: org.codehaus.groovy.ast.expr.EmptyExpression>: null

25-11-2024T07:53:35 - [TEST_STEP][PASSED] - c = <not implemented yet for class: org.codehaus.groovy.ast.expr.EmptyExpression>: null

25-11-2024T07:53:35 - [TEST_STEP][PASSED] - numberOfErrors = 0: null

25-11-2024T07:53:35 - [TEST_STEP][PASSED] - if (a == 82): null

25-11-2024T07:53:35 - [TEST_STEP][PASSED] - b = findTestData("PlanFact").getValue(1, a): null

25-11-2024T07:53:35 - [TEST_STEP][PASSED] - i = b.indexOf(" (ГК)"): null

25-11-2024T07:53:35 - [TEST_STEP][PASSED] - if (i > -1): null

25-11-2024T07:53:35 - [TEST_STEP][PASSED] - i = b.indexOf("О ""): null

25-11-2024T07:53:35 - [TEST_STEP][PASSED] - if (i > -1): null

25-11-2024T07:53:35 - [TEST_STEP][PASSED] - i = b.indexOf("О «"): null

25-11-2024T07:53:35 - [TEST_STEP][PASSED] - if (i > -1): null

25-11-2024T07:53:35 - [TEST_STEP][PASSED] - i = b.indexOf("г. "): null

25-11-2024T07:53:35 - [TEST_STEP][PASSED] - if (i > -1): null

25-11-2024T07:53:35 - [TEST_STEP][PASSED] - println(b): null

25-11-2024T07:53:35 - [TEST_STEP][PASSED] - for ([planFact = 1, planFact < 3, (planFact++)]): Object: 'Object Repository/Выполнение бизнес-плана/Кнопка Факт' is clicked on

25-11-2024T07:53:35 - [TEST_STEP][PASSED] - if (planFact == 1): null

25-11-2024T07:53:35 - [TEST_STEP][PASSED] - typeOfDataMain = "Факт": null

25-11-2024T07:53:35 - [TEST_STEP][PASSED] - otpusk = findTestData("PlanFact").getValue(5, a): null

25-11-2024T07:53:35 - [TEST_STEP][PASSED] - poteri = findTestData("PlanFact").getValue(6, a): null

25-11-2024T07:53:35 - [TEST_STEP][PASSED] - otpusk = otpusk.replaceAll("\s+", ""): null

25-11-2024T07:53:35 - [TEST_STEP][PASSED] - poteri = poteri.replaceAll("\s+", ""): null

25-11-2024T07:53:35 - [TEST_STEP][PASSED] - typeOfData = typeOfDataMain + " Отпуск в сеть": null

25-11-2024T07:53:35 - [TEST_STEP][PASSED] - if (a == 82): null

25-11-2024T07:53:35 - [TEST_STEP][PASSED] - else if (a == 84): null

25-11-2024T07:53:35 - [TEST_STEP][PASSED] - else if (a == 52 || a == 72 || a == 28 || a == 73 || a == 77 || a == 74 || a == 65 || a == 36 || a == 44 || a == 53 || a == 80 || a == 54 || a == 1 || a == 18 || a == 59 || a == 81): null

25-11-2024T07:53:35 - [TEST_STEP][PASSED] - else: null

25-11-2024T07:53:35 - [TEST_STEP][PASSED] - path = dataFolder + typeOfData + " за отчётный период " + b: null

25-11-2024T07:53:35 - [TEST_STEP][PASSED] - println(path): null

25-11-2024T07:53:35 - [TEST_STEP][PASSED] - page = getText(findTestObject(path)): Text of object 'Object Repository/Выполнение бизнес-плана/Значения со страницы Выполнение бизнес-плана/Факт Отпуск в сеть за отчётный период Воронежэнерго' is: '7 471 092'

25-11-2024T07:53:36 - [MESSAGE][PASSED] - Text of object 'Object Repository/Выполнение бизнес-плана/Значения со страницы Выполнение бизнес-плана/Факт Отпуск в сеть за отчётный период Воронежэнерго' is: '7 471 092'

25-11-2024T07:53:36 - [TEST_STEP][PASSED] - page = page.replaceAll("\s+", ""): null

25-11-2024T07:53:36 - [TEST_STEP][PASSED] - fileOtpuskVSet = otpusk.toInteger(): null

25-11-2024T07:53:36 - [TEST_STEP][PASSED] - pageOtpuskVSet = page.toInteger(): null

25-11-2024T07:53:36 - [TEST_STEP][PASSED] - typeOfData = typeOfDataMain + " Потери": null

25-11-2024T07:53:36 - [TEST_STEP][PASSED] - if (a == 82): null

25-11-2024T07:53:36 - [TEST_STEP][PASSED] - else if (a == 84): null

25-11-2024T07:53:36 - [TEST_STEP][PASSED] - else if (a == 52 || a == 72 || a == 28 || a == 73 || a == 77 || a == 74 || a == 65 || a == 36 || a == 44 || a == 53 || a == 80 || a == 54 || a == 1 || a == 18 || a == 59 || a == 81): null

25-11-2024T07:53:36 - [TEST_STEP][PASSED] - else: null

25-11-2024T07:53:36 - [TEST_STEP][PASSED] - path = dataFolder + typeOfData + " за отчётный период " + b: null

25-11-2024T07:53:36 - [TEST_STEP][PASSED] - page = getText(findTestObject(path)): Text of object 'Object Repository/Выполнение бизнес-плана/Значения со страницы Выполнение бизнес-плана/Факт Потери за отчётный период Воронежэнерго' is: '540 279'

25-11-2024T07:53:36 - [MESSAGE][PASSED] - Text of object 'Object Repository/Выполнение бизнес-плана/Значения со страницы Выполнение бизнес-плана/Факт Потери за отчётный период Воронежэнерго' is: '540 279'

25-11-2024T07:53:36 - [TEST_STEP][PASSED] - page = page.replaceAll("\s+", ""): null

25-11-2024T07:53:36 - [TEST_STEP][PASSED] - filePoteri = poteri.toInteger(): null

25-11-2024T07:53:36 - [TEST_STEP][PASSED] - pagePoteri = page.toInteger(): null

25-11-2024T07:53:36 - [TEST_STEP][PASSED] - compare = pageOtpuskVSet: null

25-11-2024T07:53:36 - [TEST_STEP][PASSED] - if (compare == fileOtpuskVSet): null

25-11-2024T07:53:36 - [TEST_STEP][PASSED] - if (compare == fileOtpuskVSet): null

25-11-2024T07:53:36 - [TEST_STEP][PASSED] - compare = pagePoteri: null

25-11-2024T07:53:36 - [TEST_STEP][PASSED] - if (compare == filePoteri): null

25-11-2024T07:53:36 - [TEST_STEP][PASSED] - if (compare == filePoteri): null

25-11-2024T07:53:36 - [TEST_STEP][PASSED] - if (planFact == 2): null

25-11-2024T07:53:36 - [TEST_STEP][PASSED] - if (planFact == 1): null

25-11-2024T07:53:36 - [TEST_STEP][PASSED] - else if (planFact == 2): null

25-11-2024T07:53:36 - [TEST_STEP][PASSED] - click(findTestObject("Выполнение бизнес-плана/Кнопка План")): Object: 'Object Repository/Выполнение бизнес-плана/Кнопка План' is clicked on

25-11-2024T07:53:36 - [MESSAGE][PASSED] - Object: 'Object Repository/Выполнение бизнес-плана/Кнопка План' is clicked on

25-11-2024T07:53:36 - [TEST_STEP][PASSED] - typeOfDataMain = "План": null

25-11-2024T07:53:36 - [TEST_STEP][PASSED] - otpusk = findTestData("PlanFact").getValue(2, a): null

25-11-2024T07:53:36 - [TEST_STEP][PASSED] - poteri = findTestData("PlanFact").getValue(3, a): null

25-11-2024T07:53:37 - [TEST_STEP][PASSED] - otpusk = otpusk.replaceAll("\s+", ""): null

25-11-2024T07:53:37 - [TEST_STEP][PASSED] - poteri = poteri.replaceAll("\s+", ""): null

25-11-2024T07:53:37 - [TEST_STEP][PASSED] - typeOfData = typeOfDataMain + " Отпуск в сеть": null

25-11-2024T07:53:37 - [TEST_STEP][PASSED] - if (a == 82): null

25-11-2024T07:53:37 - [TEST_STEP][PASSED] - else if (a == 84): null

25-11-2024T07:53:37 - [TEST_STEP][PASSED] - else if (a == 52 || a == 72 || a == 28 || a == 73 || a == 77 || a == 74 || a == 65 || a == 36 || a == 44 || a == 53 || a == 80 || a == 54 || a == 1 || a == 18 || a == 59 || a == 81): null

25-11-2024T07:53:37 - [TEST_STEP][PASSED] - else: null

25-11-2024T07:53:37 - [TEST_STEP][PASSED] - path = dataFolder + typeOfData + " за отчётный период " + b: null

25-11-2024T07:53:37 - [TEST_STEP][PASSED] - println(path): null

25-11-2024T07:53:37 - [TEST_STEP][PASSED] - page = getText(findTestObject(path)): Text of object 'Object Repository/Выполнение бизнес-плана/Значения со страницы Выполнение бизнес-плана/План Отпуск в сеть за отчётный период Воронежэнерго' is: '7 229 505'

25-11-2024T07:53:37 - [MESSAGE][PASSED] - Text of object 'Object Repository/Выполнение бизнес-плана/Значения со страницы Выполнение бизнес-плана/План Отпуск в сеть за отчётный период Воронежэнерго' is: '7 229 505'

25-11-2024T07:53:37 - [TEST_STEP][PASSED] - page = page.replaceAll("\s+", ""): null

25-11-2024T07:53:37 - [TEST_STEP][PASSED] - fileOtpuskVSet = otpusk.toInteger(): null

25-11-2024T07:53:37 - [TEST_STEP][PASSED] - pageOtpuskVSet = page.toInteger(): null

25-11-2024T07:53:37 - [TEST_STEP][PASSED] - typeOfData = typeOfDataMain + " Потери": null

25-11-2024T07:53:37 - [TEST_STEP][PASSED] - if (a == 82): null

25-11-2024T07:53:37 - [TEST_STEP][PASSED] - else if (a == 84): null

25-11-2024T07:53:37 - [TEST_STEP][PASSED] - else if (a == 52 || a == 72 || a == 28 || a == 73 || a == 77 || a == 74 || a == 65 || a == 36 || a == 44 || a == 53 || a == 80 || a == 54 || a == 1 || a == 18 || a == 59 || a == 81): null

25-11-2024T07:53:37 - [TEST_STEP][PASSED] - else: null

25-11-2024T07:53:37 - [TEST_STEP][PASSED] - path = dataFolder + typeOfData + " за отчётный период " + b: null

25-11-2024T07:53:37 - [TEST_STEP][PASSED] - page = getText(findTestObject(path)): Text of object 'Object Repository/Выполнение бизнес-плана/Значения со страницы Выполнение бизнес-плана/План Потери за отчётный период Воронежэнерго' is: '555 290'

25-11-2024T07:53:37 - [MESSAGE][PASSED] - Text of object 'Object Repository/Выполнение бизнес-плана/Значения со страницы Выполнение бизнес-плана/План Потери за отчётный период Воронежэнерго' is: '555 290'

25-11-2024T07:53:37 - [TEST_STEP][PASSED] - page = page.replaceAll("\s+", ""): null

25-11-2024T07:53:37 - [TEST_STEP][PASSED] - filePoteri = poteri.toInteger(): null

25-11-2024T07:53:37 - [TEST_STEP][PASSED] - pagePoteri = page.toInteger(): null

25-11-2024T07:53:37 - [TEST_STEP][PASSED] - compare = pageOtpuskVSet: null

25-11-2024T07:53:37 - [TEST_STEP][PASSED] - if (compare == fileOtpuskVSet): null

25-11-2024T07:53:37 - [TEST_STEP][PASSED] - if (compare == fileOtpuskVSet): null

25-11-2024T07:53:37 - [TEST_STEP][PASSED] - compare = pagePoteri: null

25-11-2024T07:53:37 - [TEST_STEP][PASSED] - if (compare == filePoteri): null

25-11-2024T07:53:37 - [TEST_STEP][PASSED] - if (compare == filePoteri): null

25-11-2024T07:53:37 - [TEST_STEP][PASSED] - if (planFact == 2): Object: 'Object Repository/Выполнение бизнес-плана/Кнопка Факт' is clicked on

25-11-2024T07:53:37 - [TEST_STEP][PASSED] - click(findTestObject("Выполнение бизнес-плана/Кнопка Факт")): Object: 'Object Repository/Выполнение бизнес-плана/Кнопка Факт' is clicked on

25-11-2024T07:53:37 - [MESSAGE][PASSED] - Object: 'Object Repository/Выполнение бизнес-плана/Кнопка Факт' is clicked on

25-11-2024T07:53:37 - [TEST_STEP][PASSED] - if (a == 84 || a == 82): null

25-11-2024T07:53:37 - [TEST_STEP][PASSED] - else if (a == 52 || a == 72 || a == 28 || a == 73 || a == 77 || a == 74 || a == 65 || a == 36 || a == 44 || a == 53 || a == 80 || a == 54 || a == 1 || a == 18 || a == 59 || a == 81): null

25-11-2024T07:53:37 - [TEST_STEP][PASSED] - else: null

25-11-2024T07:53:37 - [TEST_STEP][PASSED] - page1 = getText(findTestObject("Object Repository/Выполнение бизнес-плана/spanPlan" + filialNum)): Text of object 'Object Repository/Выполнение бизнес-плана/spanPlan6' is: '7.68
|'

25-11-2024T07:53:38 - [MESSAGE][PASSED] - Text of object 'Object Repository/Выполнение бизнес-плана/spanPlan6' is: '7.68
|'

25-11-2024T07:53:38 - [TEST_STEP][PASSED] - page1 = page1.replace("|", ""): null

25-11-2024T07:53:38 - [TEST_STEP][PASSED] - page2 = getText(findTestObject("Object Repository/Выполнение бизнес-плана/spanFact" + filialNum)): Text of object 'Object Repository/Выполнение бизнес-плана/spanFact6' is: '7.23
|'

25-11-2024T07:53:38 - [MESSAGE][PASSED] - Text of object 'Object Repository/Выполнение бизнес-плана/spanFact6' is: '7.23
|'

25-11-2024T07:53:38 - [TEST_STEP][PASSED] - page2 = page2.replace("|", ""): null

25-11-2024T07:53:38 - [TEST_STEP][PASSED] - println("page1: " + page1): null

25-11-2024T07:53:38 - [TEST_STEP][PASSED] - println("page2: " + page2): null

25-11-2024T07:53:38 - [TEST_STEP][PASSED] - file = findTestData("PlanFact").getValue(4, a): null

25-11-2024T07:53:38 - [TEST_STEP][PASSED] - file = file.replace(",", "."): null

25-11-2024T07:53:38 - [TEST_STEP][PASSED] - println("file Plan: " + file): null

25-11-2024T07:53:38 - [TEST_STEP][PASSED] - typeOfData = "План в процентах": null

25-11-2024T07:53:38 - [TEST_STEP][PASSED] - fileDouble = file.toDouble(): null

25-11-2024T07:53:38 - [TEST_STEP][PASSED] - pageDouble = page1.toDouble(): null

25-11-2024T07:53:38 - [TEST_STEP][PASSED] - if (fileDouble != pageDouble): null

25-11-2024T07:53:38 - [TEST_STEP][PASSED] - file = findTestData("PlanFact").getValue(7, a): null

25-11-2024T07:53:38 - [TEST_STEP][PASSED] - file = file.replace(",", "."): null

25-11-2024T07:53:38 - [TEST_STEP][PASSED] - println("file Fact: " + file): null

25-11-2024T07:53:38 - [TEST_STEP][PASSED] - fileDouble = file.toDouble(): null

25-11-2024T07:53:38 - [TEST_STEP][PASSED] - typeOfData = "Факт в процентах": null

25-11-2024T07:53:38 - [TEST_STEP][PASSED] - fileDouble = file.toDouble(): null

25-11-2024T07:53:38 - [TEST_STEP][PASSED] - pageDouble = page2.toDouble(): null

25-11-2024T07:53:38 - [TEST_STEP][PASSED] - if (fileDouble != pageDouble): null

25-11-2024T07:53:38 - [TEST_STEP][PASSED] - if (verifyEqual(numberOfErrors, 0) == false): Actual object '0' and expected object '0' are equal

25-11-2024T07:53:38 - [MESSAGE][PASSED] - Actual object '0' and expected object '0' are equal

25-11-2024T07:53:38 - [TEST_STEP][PASSED] - if (a == 82): null

25-11-2024T07:53:38 - [TEST_STEP][PASSED] - dZO = "Костромаэнерго": null

25-11-2024T07:53:38 - [TEST_STEP][PASSED] - a = 5: null

25-11-2024T07:53:38 - [TEST_STEP][PASSED] - if (x2.contains(dZO)): null

25-11-2024T07:53:38 - [TEST_STEP][PASSED] - filialNum = filialNum + 1: null

25-11-2024T07:53:38 - [TEST_STEP][PASSED] - Script1718980020443.Numbers(a, typeOfData, todaysDate, pageInt, fileInt, pageDouble, fileDouble, dZO, dzoNum, filialNum): null

25-11-2024T07:53:38 - [TEST_STEP][PASSED] - println(dzoNum): null

25-11-2024T07:53:38 - [TEST_STEP][PASSED] - planFact = <not implemented yet for class: org.codehaus.groovy.ast.expr.EmptyExpression>: null

25-11-2024T07:53:38 - [TEST_STEP][PASSED] - page = <not implemented yet for class: org.codehaus.groovy.ast.expr.EmptyExpression>: null

25-11-2024T07:53:38 - [TEST_STEP][PASSED] - page1 = <not implemented yet for class: org.codehaus.groovy.ast.expr.EmptyExpression>: null

25-11-2024T07:53:38 - [TEST_STEP][PASSED] - page2 = <not implemented yet for class: org.codehaus.groovy.ast.expr.EmptyExpression>: null

25-11-2024T07:53:38 - [TEST_STEP][PASSED] - filialNumberInRow = <not implemented yet for class: org.codehaus.groovy.ast.expr.EmptyExpression>: null

25-11-2024T07:53:38 - [TEST_STEP][PASSED] - filialsDzoNames = <not implemented yet for class: org.codehaus.groovy.ast.expr.EmptyExpression>: null

25-11-2024T07:53:38 - [TEST_STEP][PASSED] - numberOfFilials = <not implemented yet for class: org.codehaus.groovy.ast.expr.EmptyExpression>: null

25-11-2024T07:53:38 - [TEST_STEP][PASSED] - numberOfSpaces = <not implemented yet for class: org.codehaus.groovy.ast.expr.EmptyExpression>: null

25-11-2024T07:53:38 - [TEST_STEP][PASSED] - file = <not implemented yet for class: org.codehaus.groovy.ast.expr.EmptyExpression>: null

25-11-2024T07:53:38 - [TEST_STEP][PASSED] - otpusk = <not implemented yet for class: org.codehaus.groovy.ast.expr.EmptyExpression>: null

25-11-2024T07:53:38 - [TEST_STEP][PASSED] - poteri = <not implemented yet for class: org.codehaus.groovy.ast.expr.EmptyExpression>: null

25-11-2024T07:53:38 - [TEST_STEP][PASSED] - dataFolder = "Выполнение бизнес-плана/Значения со страницы Выполнение бизнес-плана/": null

25-11-2024T07:53:38 - [TEST_STEP][PASSED] - path = <not implemented yet for class: org.codehaus.groovy.ast.expr.EmptyExpression>: null

25-11-2024T07:53:38 - [TEST_STEP][PASSED] - typeOfDataMain = <not implemented yet for class: org.codehaus.groovy.ast.expr.EmptyExpression>: null

25-11-2024T07:53:38 - [TEST_STEP][PASSED] - fileOtpuskVSet = <not implemented yet for class: org.codehaus.groovy.ast.expr.EmptyExpression>: null

25-11-2024T07:53:38 - [TEST_STEP][PASSED] - pageOtpuskVSet = <not implemented yet for class: org.codehaus.groovy.ast.expr.EmptyExpression>: null

25-11-2024T07:53:38 - [TEST_STEP][PASSED] - filePoteri = <not implemented yet for class: org.codehaus.groovy.ast.expr.EmptyExpression>: null

25-11-2024T07:53:38 - [TEST_STEP][PASSED] - pagePoteri = <not implemented yet for class: org.codehaus.groovy.ast.expr.EmptyExpression>: null

25-11-2024T07:53:38 - [TEST_STEP][PASSED] - compare = <not implemented yet for class: org.codehaus.groovy.ast.expr.EmptyExpression>: null

25-11-2024T07:53:38 - [TEST_STEP][PASSED] - b = <not implemented yet for class: org.codehaus.groovy.ast.expr.EmptyExpression>: null

25-11-2024T07:53:38 - [TEST_STEP][PASSED] - i = <not implemented yet for class: org.codehaus.groovy.ast.expr.EmptyExpression>: null

25-11-2024T07:53:38 - [TEST_STEP][PASSED] - ii = <not implemented yet for class: org.codehaus.groovy.ast.expr.EmptyExpression>: null

25-11-2024T07:53:38 - [TEST_STEP][PASSED] - c = <not implemented yet for class: org.codehaus.groovy.ast.expr.EmptyExpression>: null

25-11-2024T07:53:38 - [TEST_STEP][PASSED] - numberOfErrors = 0: null

25-11-2024T07:53:38 - [TEST_STEP][PASSED] - if (a == 82): null

25-11-2024T07:53:38 - [TEST_STEP][PASSED] - b = findTestData("PlanFact").getValue(1, a): null

25-11-2024T07:53:38 - [TEST_STEP][PASSED] - i = b.indexOf(" (ГК)"): null

25-11-2024T07:53:38 - [TEST_STEP][PASSED] - if (i > -1): null

25-11-2024T07:53:38 - [TEST_STEP][PASSED] - i = b.indexOf("О ""): null

25-11-2024T07:53:38 - [TEST_STEP][PASSED] - if (i > -1): null

25-11-2024T07:53:38 - [TEST_STEP][PASSED] - i = b.indexOf("О «"): null

25-11-2024T07:53:38 - [TEST_STEP][PASSED] - if (i > -1): null

25-11-2024T07:53:38 - [TEST_STEP][PASSED] - i = b.indexOf("г. "): null

25-11-2024T07:53:38 - [TEST_STEP][PASSED] - if (i > -1): null

25-11-2024T07:53:38 - [TEST_STEP][PASSED] - println(b): null

25-11-2024T07:53:38 - [TEST_STEP][PASSED] - for ([planFact = 1, planFact < 3, (planFact++)]): null

25-11-2024T07:53:38 - [TEST_STEP][PASSED] - if (planFact == 1): null

25-11-2024T07:53:38 - [TEST_STEP][PASSED] - typeOfDataMain = "Факт": null

25-11-2024T07:53:38 - [TEST_STEP][PASSED] - otpusk = findTestData("PlanFact").getValue(5, a): null

25-11-2024T07:53:38 - [TEST_STEP][PASSED] - poteri = findTestData("PlanFact").getValue(6, a): null

25-11-2024T07:53:38 - [TEST_STEP][PASSED] - otpusk = otpusk.replaceAll("\s+", ""): null

25-11-2024T07:53:38 - [TEST_STEP][PASSED] - poteri = poteri.replaceAll("\s+", ""): null

25-11-2024T07:53:38 - [TEST_STEP][PASSED] - typeOfData = typeOfDataMain + " Отпуск в сеть": null

25-11-2024T07:53:38 - [TEST_STEP][PASSED] - if (a == 82): null

25-11-2024T07:53:38 - [TEST_STEP][PASSED] - else if (a == 84): null

25-11-2024T07:53:38 - [TEST_STEP][PASSED] - else if (a == 52 || a == 72 || a == 28 || a == 73 || a == 77 || a == 74 || a == 65 || a == 36 || a == 44 || a == 53 || a == 80 || a == 54 || a == 1 || a == 18 || a == 59 || a == 81): null

25-11-2024T07:53:38 - [TEST_STEP][PASSED] - else: null

25-11-2024T07:53:38 - [TEST_STEP][PASSED] - path = dataFolder + typeOfData + " за отчётный период " + b: null

25-11-2024T07:53:38 - [TEST_STEP][PASSED] - println(path): null

25-11-2024T07:53:38 - [TEST_STEP][PASSED] - page = getText(findTestObject(path)): Text of object 'Object Repository/Выполнение бизнес-плана/Значения со страницы Выполнение бизнес-плана/Факт Отпуск в сеть за отчётный период Костромаэнерго' is: '2 101 668'

25-11-2024T07:53:39 - [MESSAGE][PASSED] - Text of object 'Object Repository/Выполнение бизнес-плана/Значения со страницы Выполнение бизнес-плана/Факт Отпуск в сеть за отчётный период Костромаэнерго' is: '2 101 668'

25-11-2024T07:53:39 - [TEST_STEP][PASSED] - page = page.replaceAll("\s+", ""): null

25-11-2024T07:53:39 - [TEST_STEP][PASSED] - fileOtpuskVSet = otpusk.toInteger(): null

25-11-2024T07:53:39 - [TEST_STEP][PASSED] - pageOtpuskVSet = page.toInteger(): null

25-11-2024T07:53:39 - [TEST_STEP][PASSED] - typeOfData = typeOfDataMain + " Потери": null

25-11-2024T07:53:39 - [TEST_STEP][PASSED] - if (a == 82): null

25-11-2024T07:53:39 - [TEST_STEP][PASSED] - else if (a == 84): null

25-11-2024T07:53:39 - [TEST_STEP][PASSED] - else if (a == 52 || a == 72 || a == 28 || a == 73 || a == 77 || a == 74 || a == 65 || a == 36 || a == 44 || a == 53 || a == 80 || a == 54 || a == 1 || a == 18 || a == 59 || a == 81): null

25-11-2024T07:53:39 - [TEST_STEP][PASSED] - else: null

25-11-2024T07:53:39 - [TEST_STEP][PASSED] - path = dataFolder + typeOfData + " за отчётный период " + b: null

25-11-2024T07:53:39 - [TEST_STEP][PASSED] - page = getText(findTestObject(path)): Text of object 'Object Repository/Выполнение бизнес-плана/Значения со страницы Выполнение бизнес-плана/Факт Потери за отчётный период Костромаэнерго' is: '196 726'

25-11-2024T07:53:39 - [MESSAGE][PASSED] - Text of object 'Object Repository/Выполнение бизнес-плана/Значения со страницы Выполнение бизнес-плана/Факт Потери за отчётный период Костромаэнерго' is: '196 726'

25-11-2024T07:53:39 - [TEST_STEP][PASSED] - page = page.replaceAll("\s+", ""): null

25-11-2024T07:53:39 - [TEST_STEP][PASSED] - filePoteri = poteri.toInteger(): null

25-11-2024T07:53:39 - [TEST_STEP][PASSED] - pagePoteri = page.toInteger(): null

25-11-2024T07:53:39 - [TEST_STEP][PASSED] - compare = pageOtpuskVSet: null

25-11-2024T07:53:39 - [TEST_STEP][PASSED] - if (compare == fileOtpuskVSet): null

25-11-2024T07:53:39 - [TEST_STEP][PASSED] - else if (compare > fileOtpuskVSet): null

25-11-2024T07:53:39 - [TEST_STEP][PASSED] - compare = compare - 1: null

25-11-2024T07:53:39 - [TEST_STEP][PASSED] - if (compare == fileOtpuskVSet): null

25-11-2024T07:53:39 - [TEST_STEP][PASSED] - else: null

25-11-2024T07:53:39 - [TEST_STEP][PASSED] - numberOfErrors = numberOfErrors + 1: null

25-11-2024T07:53:39 - [TEST_STEP][PASSED] - pageInt = pageOtpuskVSet: null

25-11-2024T07:53:39 - [TEST_STEP][PASSED] - fileInt = fileOtpuskVSet: null

25-11-2024T07:53:39 - [TEST_STEP][PASSED] - typeOfData = typeOfDataMain + " Отпуск в сеть": null

25-11-2024T07:53:39 - [TEST_STEP][PASSED] - Script1718980020443.WriteToExcel(a, typeOfData, todaysDate, pageInt, fileInt, pageDouble, fileDouble, dZO): null

25-11-2024T07:53:39 - [TEST_STEP][PASSED] - sheetName = "Sheet1": null

25-11-2024T07:53:39 - [TEST_STEP][PASSED] - data = findTestData("PlanFact"): null

25-11-2024T07:53:39 - [TEST_STEP][PASSED] - n = data.getRowNumbers() + 1: null

25-11-2024T07:53:39 - [TEST_STEP][PASSED] - year = todaysDate.substring(todaysDate.length() - 4, todaysDate.length()): null

25-11-2024T07:53:39 - [TEST_STEP][PASSED] - y = year.toInteger(): null

25-11-2024T07:53:39 - [TEST_STEP][PASSED] - m = getText(findTestObject("Выполнение бизнес-плана/Период")): Text of object 'Object Repository/Выполнение бизнес-плана/Период' is: '1, 2, 3 кв. 2024 года'

25-11-2024T07:53:39 - [MESSAGE][PASSED] - Text of object 'Object Repository/Выполнение бизнес-плана/Период' is: '1, 2, 3 кв. 2024 года'

25-11-2024T07:53:39 - [TEST_STEP][PASSED] - m = m.substring(0, m.indexOf("2024")): null

25-11-2024T07:53:39 - [TEST_STEP][PASSED] - m = m.trim(): null

25-11-2024T07:53:39 - [TEST_STEP][PASSED] - dashboardName = "Выполнение бизнес-плана": null

25-11-2024T07:53:39 - [TEST_STEP][PASSED] - workbook01 = getWorkbook(excelFilePath): null

25-11-2024T07:53:39 - [TEST_STEP][PASSED] - sheet01 = getExcelSheet(workbook01, sheetName): null

25-11-2024T07:53:39 - [TEST_STEP][PASSED] - setValueToCellByIndex(sheet01, n, 0, dashboardName): null

25-11-2024T07:53:39 - [TEST_STEP][PASSED] - setValueToCellByIndex(sheet01, n, 1, dZO): null

25-11-2024T07:53:39 - [TEST_STEP][PASSED] - setValueToCellByIndex(sheet01, n, 2, typeOfData): null

25-11-2024T07:53:39 - [TEST_STEP][PASSED] - if (typeOfData == "Факт в процентах" || typeOfData == "План в процентах"): null

25-11-2024T07:53:39 - [TEST_STEP][PASSED] - else: null

25-11-2024T07:53:39 - [TEST_STEP][PASSED] - setValueToCellByIndex(sheet01, n, 3, fileInt): null

25-11-2024T07:53:39 - [TEST_STEP][PASSED] - setValueToCellByIndex(sheet01, n, 4, pageInt): null

25-11-2024T07:53:39 - [TEST_STEP][PASSED] - setValueToCellByIndex(sheet01, n, 5, m): null

25-11-2024T07:53:39 - [TEST_STEP][PASSED] - setValueToCellByIndex(sheet01, n, 6, y): null

25-11-2024T07:53:39 - [TEST_STEP][PASSED] - setValueToCellByIndex(sheet01, n, 7, todaysDate): null

25-11-2024T07:53:39 - [TEST_STEP][PASSED] - n = n + 1: null

25-11-2024T07:53:39 - [TEST_STEP][PASSED] - saveWorkbook(excelFilePath, workbook01): null

25-11-2024T07:53:40 - [TEST_STEP][PASSED] - compare = pagePoteri: null

25-11-2024T07:53:40 - [TEST_STEP][PASSED] - if (compare == filePoteri): null

25-11-2024T07:53:40 - [TEST_STEP][PASSED] - else if (compare > filePoteri): null

25-11-2024T07:53:40 - [TEST_STEP][PASSED] - compare = compare - 1: null

25-11-2024T07:53:40 - [TEST_STEP][PASSED] - if (compare == filePoteri): null

25-11-2024T07:53:40 - [TEST_STEP][PASSED] - else: null

25-11-2024T07:53:40 - [TEST_STEP][PASSED] - numberOfErrors = numberOfErrors + 1: null

25-11-2024T07:53:40 - [TEST_STEP][PASSED] - pageInt = pagePoteri: null

25-11-2024T07:53:40 - [TEST_STEP][PASSED] - fileInt = filePoteri: null

25-11-2024T07:53:40 - [TEST_STEP][PASSED] - typeOfData = typeOfDataMain + " Потери": null

25-11-2024T07:53:40 - [TEST_STEP][PASSED] - Script1718980020443.WriteToExcel(a, typeOfData, todaysDate, pageInt, fileInt, pageDouble, fileDouble, dZO): null

25-11-2024T07:53:40 - [TEST_STEP][PASSED] - sheetName = "Sheet1": null

25-11-2024T07:53:40 - [TEST_STEP][PASSED] - data = findTestData("PlanFact"): null

25-11-2024T07:53:40 - [TEST_STEP][PASSED] - n = data.getRowNumbers() + 1: null

25-11-2024T07:53:40 - [TEST_STEP][PASSED] - year = todaysDate.substring(todaysDate.length() - 4, todaysDate.length()): null

25-11-2024T07:53:40 - [TEST_STEP][PASSED] - y = year.toInteger(): null

25-11-2024T07:53:40 - [TEST_STEP][PASSED] - m = getText(findTestObject("Выполнение бизнес-плана/Период")): Text of object 'Object Repository/Выполнение бизнес-плана/Период' is: '1, 2, 3 кв. 2024 года'

25-11-2024T07:53:40 - [MESSAGE][PASSED] - Text of object 'Object Repository/Выполнение бизнес-плана/Период' is: '1, 2, 3 кв. 2024 года'

25-11-2024T07:53:40 - [TEST_STEP][PASSED] - m = m.substring(0, m.indexOf("2024")): null

25-11-2024T07:53:40 - [TEST_STEP][PASSED] - m = m.trim(): null

25-11-2024T07:53:40 - [TEST_STEP][PASSED] - dashboardName = "Выполнение бизнес-плана": null

25-11-2024T07:53:40 - [TEST_STEP][PASSED] - workbook01 = getWorkbook(excelFilePath): null

25-11-2024T07:53:40 - [TEST_STEP][PASSED] - sheet01 = getExcelSheet(workbook01, sheetName): null

25-11-2024T07:53:40 - [TEST_STEP][PASSED] - setValueToCellByIndex(sheet01, n, 0, dashboardName): null

25-11-2024T07:53:40 - [TEST_STEP][PASSED] - setValueToCellByIndex(sheet01, n, 1, dZO): null

25-11-2024T07:53:40 - [TEST_STEP][PASSED] - setValueToCellByIndex(sheet01, n, 2, typeOfData): null

25-11-2024T07:53:40 - [TEST_STEP][PASSED] - if (typeOfData == "Факт в процентах" || typeOfData == "План в процентах"): null

25-11-2024T07:53:40 - [TEST_STEP][PASSED] - else: null

25-11-2024T07:53:40 - [TEST_STEP][PASSED] - setValueToCellByIndex(sheet01, n, 3, fileInt): null

25-11-2024T07:53:40 - [TEST_STEP][PASSED] - setValueToCellByIndex(sheet01, n, 4, pageInt): null

25-11-2024T07:53:40 - [TEST_STEP][PASSED] - setValueToCellByIndex(sheet01, n, 5, m): null

25-11-2024T07:53:40 - [TEST_STEP][PASSED] - setValueToCellByIndex(sheet01, n, 6, y): null

25-11-2024T07:53:40 - [TEST_STEP][PASSED] - setValueToCellByIndex(sheet01, n, 7, todaysDate): null

25-11-2024T07:53:40 - [TEST_STEP][PASSED] - n = n + 1: null

25-11-2024T07:53:40 - [TEST_STEP][PASSED] - saveWorkbook(excelFilePath, workbook01): null

25-11-2024T07:53:40 - [TEST_STEP][PASSED] - if (planFact == 2): null

25-11-2024T07:53:40 - [TEST_STEP][PASSED] - if (planFact == 1): null

25-11-2024T07:53:40 - [TEST_STEP][PASSED] - else if (planFact == 2): null

25-11-2024T07:53:40 - [TEST_STEP][PASSED] - click(findTestObject("Выполнение бизнес-плана/Кнопка План")): Object: 'Object Repository/Выполнение бизнес-плана/Кнопка План' is clicked on

25-11-2024T07:53:41 - [MESSAGE][PASSED] - Object: 'Object Repository/Выполнение бизнес-плана/Кнопка План' is clicked on

25-11-2024T07:53:41 - [TEST_STEP][PASSED] - typeOfDataMain = "План": null

25-11-2024T07:53:41 - [TEST_STEP][PASSED] - otpusk = findTestData("PlanFact").getValue(2, a): null

25-11-2024T07:53:41 - [TEST_STEP][PASSED] - poteri = findTestData("PlanFact").getValue(3, a): null

25-11-2024T07:53:41 - [TEST_STEP][PASSED] - otpusk = otpusk.replaceAll("\s+", ""): null

25-11-2024T07:53:41 - [TEST_STEP][PASSED] - poteri = poteri.replaceAll("\s+", ""): null

25-11-2024T07:53:41 - [TEST_STEP][PASSED] - typeOfData = typeOfDataMain + " Отпуск в сеть": null

25-11-2024T07:53:41 - [TEST_STEP][PASSED] - if (a == 82): null

25-11-2024T07:53:41 - [TEST_STEP][PASSED] - else if (a == 84): null

25-11-2024T07:53:41 - [TEST_STEP][PASSED] - else if (a == 52 || a == 72 || a == 28 || a == 73 || a == 77 || a == 74 || a == 65 || a == 36 || a == 44 || a == 53 || a == 80 || a == 54 || a == 1 || a == 18 || a == 59 || a == 81): null

25-11-2024T07:53:41 - [TEST_STEP][PASSED] - else: null

25-11-2024T07:53:41 - [TEST_STEP][PASSED] - path = dataFolder + typeOfData + " за отчётный период " + b: null

25-11-2024T07:53:41 - [TEST_STEP][PASSED] - println(path): null

25-11-2024T07:53:41 - [TEST_STEP][PASSED] - page = getText(findTestObject(path)): Text of object 'Object Repository/Выполнение бизнес-плана/Значения со страницы Выполнение бизнес-плана/План Отпуск в сеть за отчётный период Костромаэнерго' is: '2 068 166'

25-11-2024T07:53:41 - [MESSAGE][PASSED] - Text of object 'Object Repository/Выполнение бизнес-плана/Значения со страницы Выполнение бизнес-плана/План Отпуск в сеть за отчётный период Костромаэнерго' is: '2 068 166'

25-11-2024T07:53:41 - [TEST_STEP][PASSED] - page = page.replaceAll("\s+", ""): null

25-11-2024T07:53:41 - [TEST_STEP][PASSED] - fileOtpuskVSet = otpusk.toInteger(): null

25-11-2024T07:53:41 - [TEST_STEP][PASSED] - pageOtpuskVSet = page.toInteger(): null

25-11-2024T07:53:41 - [TEST_STEP][PASSED] - typeOfData = typeOfDataMain + " Потери": null

25-11-2024T07:53:41 - [TEST_STEP][PASSED] - if (a == 82): null

25-11-2024T07:53:41 - [TEST_STEP][PASSED] - else if (a == 84): null

25-11-2024T07:53:41 - [TEST_STEP][PASSED] - else if (a == 52 || a == 72 || a == 28 || a == 73 || a == 77 || a == 74 || a == 65 || a == 36 || a == 44 || a == 53 || a == 80 || a == 54 || a == 1 || a == 18 || a == 59 || a == 81): null

25-11-2024T07:53:41 - [TEST_STEP][PASSED] - else: null

25-11-2024T07:53:41 - [TEST_STEP][PASSED] - path = dataFolder + typeOfData + " за отчётный период " + b: null

25-11-2024T07:53:41 - [TEST_STEP][PASSED] - page = getText(findTestObject(path)): Text of object 'Object Repository/Выполнение бизнес-плана/Значения со страницы Выполнение бизнес-плана/План Потери за отчётный период Костромаэнерго' is: '193 363'

25-11-2024T07:53:41 - [MESSAGE][PASSED] - Text of object 'Object Repository/Выполнение бизнес-плана/Значения со страницы Выполнение бизнес-плана/План Потери за отчётный период Костромаэнерго' is: '193 363'

25-11-2024T07:53:41 - [TEST_STEP][PASSED] - page = page.replaceAll("\s+", ""): null

25-11-2024T07:53:41 - [TEST_STEP][PASSED] - filePoteri = poteri.toInteger(): null

25-11-2024T07:53:41 - [TEST_STEP][PASSED] - pagePoteri = page.toInteger(): null

25-11-2024T07:53:41 - [TEST_STEP][PASSED] - compare = pageOtpuskVSet: null

25-11-2024T07:53:41 - [TEST_STEP][PASSED] - if (compare == fileOtpuskVSet): null

25-11-2024T07:53:41 - [TEST_STEP][PASSED] - else if (compare > fileOtpuskVSet): null

25-11-2024T07:53:41 - [TEST_STEP][PASSED] - compare = compare - 1: null

25-11-2024T07:53:41 - [TEST_STEP][PASSED] - if (compare == fileOtpuskVSet): null

25-11-2024T07:53:41 - [TEST_STEP][PASSED] - else: null

25-11-2024T07:53:41 - [TEST_STEP][PASSED] - numberOfErrors = numberOfErrors + 1: null

25-11-2024T07:53:41 - [TEST_STEP][PASSED] - pageInt = pageOtpuskVSet: null

25-11-2024T07:53:41 - [TEST_STEP][PASSED] - fileInt = fileOtpuskVSet: null

25-11-2024T07:53:41 - [TEST_STEP][PASSED] - typeOfData = typeOfDataMain + " Отпуск в сеть": null

25-11-2024T07:53:41 - [TEST_STEP][PASSED] - Script1718980020443.WriteToExcel(a, typeOfData, todaysDate, pageInt, fileInt, pageDouble, fileDouble, dZO): null

25-11-2024T07:53:41 - [TEST_STEP][PASSED] - sheetName = "Sheet1": null

25-11-2024T07:53:41 - [TEST_STEP][PASSED] - data = findTestData("PlanFact"): null

25-11-2024T07:53:41 - [TEST_STEP][PASSED] - n = data.getRowNumbers() + 1: null

25-11-2024T07:53:41 - [TEST_STEP][PASSED] - year = todaysDate.substring(todaysDate.length() - 4, todaysDate.length()): null

25-11-2024T07:53:41 - [TEST_STEP][PASSED] - y = year.toInteger(): null

25-11-2024T07:53:41 - [TEST_STEP][PASSED] - m = getText(findTestObject("Выполнение бизнес-плана/Период")): Text of object 'Object Repository/Выполнение бизнес-плана/Период' is: '1, 2, 3 кв. 2024 года'

25-11-2024T07:53:42 - [MESSAGE][PASSED] - Text of object 'Object Repository/Выполнение бизнес-плана/Период' is: '1, 2, 3 кв. 2024 года'

25-11-2024T07:53:42 - [TEST_STEP][PASSED] - m = m.substring(0, m.indexOf("2024")): null

25-11-2024T07:53:42 - [TEST_STEP][PASSED] - m = m.trim(): null

25-11-2024T07:53:42 - [TEST_STEP][PASSED] - dashboardName = "Выполнение бизнес-плана": null

25-11-2024T07:53:42 - [TEST_STEP][PASSED] - workbook01 = getWorkbook(excelFilePath): null

25-11-2024T07:53:42 - [TEST_STEP][PASSED] - sheet01 = getExcelSheet(workbook01, sheetName): null

25-11-2024T07:53:42 - [TEST_STEP][PASSED] - setValueToCellByIndex(sheet01, n, 0, dashboardName): null

25-11-2024T07:53:42 - [TEST_STEP][PASSED] - setValueToCellByIndex(sheet01, n, 1, dZO): null

25-11-2024T07:53:42 - [TEST_STEP][PASSED] - setValueToCellByIndex(sheet01, n, 2, typeOfData): null

25-11-2024T07:53:42 - [TEST_STEP][PASSED] - if (typeOfData == "Факт в процентах" || typeOfData == "План в процентах"): null

25-11-2024T07:53:42 - [TEST_STEP][PASSED] - else: null

25-11-2024T07:53:42 - [TEST_STEP][PASSED] - setValueToCellByIndex(sheet01, n, 3, fileInt): null

25-11-2024T07:53:42 - [TEST_STEP][PASSED] - setValueToCellByIndex(sheet01, n, 4, pageInt): null

25-11-2024T07:53:42 - [TEST_STEP][PASSED] - setValueToCellByIndex(sheet01, n, 5, m): null

25-11-2024T07:53:42 - [TEST_STEP][PASSED] - setValueToCellByIndex(sheet01, n, 6, y): null

25-11-2024T07:53:42 - [TEST_STEP][PASSED] - setValueToCellByIndex(sheet01, n, 7, todaysDate): null

25-11-2024T07:53:42 - [TEST_STEP][PASSED] - n = n + 1: null

25-11-2024T07:53:42 - [TEST_STEP][PASSED] - saveWorkbook(excelFilePath, workbook01): null

25-11-2024T07:53:42 - [TEST_STEP][PASSED] - compare = pagePoteri: null

25-11-2024T07:53:42 - [TEST_STEP][PASSED] - if (compare == filePoteri): null

25-11-2024T07:53:42 - [TEST_STEP][PASSED] - else if (compare > filePoteri): null

25-11-2024T07:53:42 - [TEST_STEP][PASSED] - compare = compare - 1: null

25-11-2024T07:53:42 - [TEST_STEP][PASSED] - if (compare == filePoteri): null

25-11-2024T07:53:42 - [TEST_STEP][PASSED] - else: null

25-11-2024T07:53:42 - [TEST_STEP][PASSED] - numberOfErrors = numberOfErrors + 1: null

25-11-2024T07:53:42 - [TEST_STEP][PASSED] - pageInt = pagePoteri: null

25-11-2024T07:53:42 - [TEST_STEP][PASSED] - fileInt = filePoteri: null

25-11-2024T07:53:42 - [TEST_STEP][PASSED] - typeOfData = typeOfDataMain + " Потери": null

25-11-2024T07:53:42 - [TEST_STEP][PASSED] - Script1718980020443.WriteToExcel(a, typeOfData, todaysDate, pageInt, fileInt, pageDouble, fileDouble, dZO): null

25-11-2024T07:53:42 - [TEST_STEP][PASSED] - sheetName = "Sheet1": null

25-11-2024T07:53:42 - [TEST_STEP][PASSED] - data = findTestData("PlanFact"): null

25-11-2024T07:53:42 - [TEST_STEP][PASSED] - n = data.getRowNumbers() + 1: null

25-11-2024T07:53:42 - [TEST_STEP][PASSED] - year = todaysDate.substring(todaysDate.length() - 4, todaysDate.length()): null

25-11-2024T07:53:42 - [TEST_STEP][PASSED] - y = year.toInteger(): null

25-11-2024T07:53:42 - [TEST_STEP][PASSED] - m = getText(findTestObject("Выполнение бизнес-плана/Период")): Text of object 'Object Repository/Выполнение бизнес-плана/Период' is: '1, 2, 3 кв. 2024 года'

25-11-2024T07:53:42 - [MESSAGE][PASSED] - Text of object 'Object Repository/Выполнение бизнес-плана/Период' is: '1, 2, 3 кв. 2024 года'

25-11-2024T07:53:42 - [TEST_STEP][PASSED] - m = m.substring(0, m.indexOf("2024")): null

25-11-2024T07:53:42 - [TEST_STEP][PASSED] - m = m.trim(): null

25-11-2024T07:53:42 - [TEST_STEP][PASSED] - dashboardName = "Выполнение бизнес-плана": null

25-11-2024T07:53:42 - [TEST_STEP][PASSED] - workbook01 = getWorkbook(excelFilePath): null

25-11-2024T07:53:43 - [TEST_STEP][PASSED] - sheet01 = getExcelSheet(workbook01, sheetName): null

25-11-2024T07:53:43 - [TEST_STEP][PASSED] - setValueToCellByIndex(sheet01, n, 0, dashboardName): null

25-11-2024T07:53:43 - [TEST_STEP][PASSED] - setValueToCellByIndex(sheet01, n, 1, dZO): null

25-11-2024T07:53:43 - [TEST_STEP][PASSED] - setValueToCellByIndex(sheet01, n, 2, typeOfData): null

25-11-2024T07:53:43 - [TEST_STEP][PASSED] - if (typeOfData == "Факт в процентах" || typeOfData == "План в процентах"): null

25-11-2024T07:53:43 - [TEST_STEP][PASSED] - else: null

25-11-2024T07:53:43 - [TEST_STEP][PASSED] - setValueToCellByIndex(sheet01, n, 3, fileInt): null

25-11-2024T07:53:43 - [TEST_STEP][PASSED] - setValueToCellByIndex(sheet01, n, 4, pageInt): null

25-11-2024T07:53:43 - [TEST_STEP][PASSED] - setValueToCellByIndex(sheet01, n, 5, m): null

25-11-2024T07:53:43 - [TEST_STEP][PASSED] - setValueToCellByIndex(sheet01, n, 6, y): null

25-11-2024T07:53:43 - [TEST_STEP][PASSED] - setValueToCellByIndex(sheet01, n, 7, todaysDate): null

25-11-2024T07:53:43 - [TEST_STEP][PASSED] - n = n + 1: null

25-11-2024T07:53:43 - [TEST_STEP][PASSED] - saveWorkbook(excelFilePath, workbook01): Object: 'Object Repository/Выполнение бизнес-плана/Кнопка Факт' is clicked on

25-11-2024T07:53:43 - [TEST_STEP][PASSED] - if (planFact == 2): Object: 'Object Repository/Выполнение бизнес-плана/Кнопка Факт' is clicked on

25-11-2024T07:53:43 - [TEST_STEP][PASSED] - click(findTestObject("Выполнение бизнес-плана/Кнопка Факт")): Object: 'Object Repository/Выполнение бизнес-плана/Кнопка Факт' is clicked on

25-11-2024T07:53:43 - [MESSAGE][PASSED] - Object: 'Object Repository/Выполнение бизнес-плана/Кнопка Факт' is clicked on

25-11-2024T07:53:43 - [TEST_STEP][PASSED] - if (a == 84 || a == 82): null

25-11-2024T07:53:43 - [TEST_STEP][PASSED] - else if (a == 52 || a == 72 || a == 28 || a == 73 || a == 77 || a == 74 || a == 65 || a == 36 || a == 44 || a == 53 || a == 80 || a == 54 || a == 1 || a == 18 || a == 59 || a == 81): null

25-11-2024T07:53:43 - [TEST_STEP][PASSED] - else: null

25-11-2024T07:53:43 - [TEST_STEP][PASSED] - page1 = getText(findTestObject("Object Repository/Выполнение бизнес-плана/spanPlan" + filialNum)): Text of object 'Object Repository/Выполнение бизнес-плана/spanPlan7' is: '9.35
|'

25-11-2024T07:53:43 - [MESSAGE][PASSED] - Text of object 'Object Repository/Выполнение бизнес-плана/spanPlan7' is: '9.35
|'

25-11-2024T07:53:43 - [TEST_STEP][PASSED] - page1 = page1.replace("|", ""): null

25-11-2024T07:53:43 - [TEST_STEP][PASSED] - page2 = getText(findTestObject("Object Repository/Выполнение бизнес-плана/spanFact" + filialNum)): Text of object 'Object Repository/Выполнение бизнес-плана/spanFact7' is: '9.36
|'

25-11-2024T07:53:44 - [MESSAGE][PASSED] - Text of object 'Object Repository/Выполнение бизнес-плана/spanFact7' is: '9.36
|'

25-11-2024T07:53:44 - [TEST_STEP][PASSED] - page2 = page2.replace("|", ""): null

25-11-2024T07:53:44 - [TEST_STEP][PASSED] - println("page1: " + page1): null

25-11-2024T07:53:44 - [TEST_STEP][PASSED] - println("page2: " + page2): null

25-11-2024T07:53:44 - [TEST_STEP][PASSED] - file = findTestData("PlanFact").getValue(4, a): null

25-11-2024T07:53:44 - [TEST_STEP][PASSED] - file = file.replace(",", "."): null

25-11-2024T07:53:44 - [TEST_STEP][PASSED] - println("file Plan: " + file): null

25-11-2024T07:53:44 - [TEST_STEP][PASSED] - typeOfData = "План в процентах": null

25-11-2024T07:53:44 - [TEST_STEP][PASSED] - fileDouble = file.toDouble(): null

25-11-2024T07:53:44 - [TEST_STEP][PASSED] - pageDouble = page1.toDouble(): null

25-11-2024T07:53:44 - [TEST_STEP][PASSED] - if (fileDouble != pageDouble): null

25-11-2024T07:53:44 - [TEST_STEP][PASSED] - numberOfErrors = numberOfErrors + 1: null

25-11-2024T07:53:44 - [TEST_STEP][PASSED] - Script1718980020443.WriteToExcel(a, typeOfData, todaysDate, pageInt, fileInt, pageDouble, fileDouble, dZO): null

25-11-2024T07:53:44 - [TEST_STEP][PASSED] - sheetName = "Sheet1": null

25-11-2024T07:53:44 - [TEST_STEP][PASSED] - data = findTestData("PlanFact"): null

25-11-2024T07:53:44 - [TEST_STEP][PASSED] - n = data.getRowNumbers() + 1: null

25-11-2024T07:53:44 - [TEST_STEP][PASSED] - year = todaysDate.substring(todaysDate.length() - 4, todaysDate.length()): null

25-11-2024T07:53:44 - [TEST_STEP][PASSED] - y = year.toInteger(): null

25-11-2024T07:53:44 - [TEST_STEP][PASSED] - m = getText(findTestObject("Выполнение бизнес-плана/Период")): Text of object 'Object Repository/Выполнение бизнес-плана/Период' is: '1, 2, 3 кв. 2024 года'

25-11-2024T07:53:44 - [MESSAGE][PASSED] - Text of object 'Object Repository/Выполнение бизнес-плана/Период' is: '1, 2, 3 кв. 2024 года'

25-11-2024T07:53:44 - [TEST_STEP][PASSED] - m = m.substring(0, m.indexOf("2024")): null

25-11-2024T07:53:44 - [TEST_STEP][PASSED] - m = m.trim(): null

25-11-2024T07:53:44 - [TEST_STEP][PASSED] - dashboardName = "Выполнение бизнес-плана": null

25-11-2024T07:53:44 - [TEST_STEP][PASSED] - workbook01 = getWorkbook(excelFilePath): null

25-11-2024T07:53:44 - [TEST_STEP][PASSED] - sheet01 = getExcelSheet(workbook01, sheetName): null

25-11-2024T07:53:44 - [TEST_STEP][PASSED] - setValueToCellByIndex(sheet01, n, 0, dashboardName): null

25-11-2024T07:53:44 - [TEST_STEP][PASSED] - setValueToCellByIndex(sheet01, n, 1, dZO): null

25-11-2024T07:53:44 - [TEST_STEP][PASSED] - setValueToCellByIndex(sheet01, n, 2, typeOfData): null

25-11-2024T07:53:44 - [TEST_STEP][PASSED] - if (typeOfData == "Факт в процентах" || typeOfData == "План в процентах"): null

25-11-2024T07:53:44 - [TEST_STEP][PASSED] - setValueToCellByIndex(sheet01, n, 3, fileDouble): null

25-11-2024T07:53:44 - [TEST_STEP][PASSED] - setValueToCellByIndex(sheet01, n, 4, pageDouble): null

25-11-2024T07:53:44 - [TEST_STEP][PASSED] - setValueToCellByIndex(sheet01, n, 5, m): null

25-11-2024T07:53:44 - [TEST_STEP][PASSED] - setValueToCellByIndex(sheet01, n, 6, y): null

25-11-2024T07:53:44 - [TEST_STEP][PASSED] - setValueToCellByIndex(sheet01, n, 7, todaysDate): null

25-11-2024T07:53:44 - [TEST_STEP][PASSED] - n = n + 1: null

25-11-2024T07:53:44 - [TEST_STEP][PASSED] - saveWorkbook(excelFilePath, workbook01): null

25-11-2024T07:53:44 - [TEST_STEP][PASSED] - file = findTestData("PlanFact").getValue(7, a): null

25-11-2024T07:53:45 - [TEST_STEP][PASSED] - file = file.replace(",", "."): null

25-11-2024T07:53:45 - [TEST_STEP][PASSED] - println("file Fact: " + file): null

25-11-2024T07:53:45 - [TEST_STEP][PASSED] - fileDouble = file.toDouble(): null

25-11-2024T07:53:45 - [TEST_STEP][PASSED] - typeOfData = "Факт в процентах": null

25-11-2024T07:53:45 - [TEST_STEP][PASSED] - fileDouble = file.toDouble(): null

25-11-2024T07:53:45 - [TEST_STEP][PASSED] - pageDouble = page2.toDouble(): null

25-11-2024T07:53:45 - [TEST_STEP][PASSED] - if (fileDouble != pageDouble): null

25-11-2024T07:53:45 - [TEST_STEP][PASSED] - numberOfErrors = numberOfErrors + 1: null

25-11-2024T07:53:45 - [TEST_STEP][PASSED] - Script1718980020443.WriteToExcel(a, typeOfData, todaysDate, pageInt, fileInt, pageDouble, fileDouble, dZO): null

25-11-2024T07:53:45 - [TEST_STEP][PASSED] - sheetName = "Sheet1": null

25-11-2024T07:53:45 - [TEST_STEP][PASSED] - data = findTestData("PlanFact"): null

25-11-2024T07:53:45 - [TEST_STEP][PASSED] - n = data.getRowNumbers() + 1: null

25-11-2024T07:53:45 - [TEST_STEP][PASSED] - year = todaysDate.substring(todaysDate.length() - 4, todaysDate.length()): null

25-11-2024T07:53:45 - [TEST_STEP][PASSED] - y = year.toInteger(): null

25-11-2024T07:53:45 - [TEST_STEP][PASSED] - m = getText(findTestObject("Выполнение бизнес-плана/Период")): Text of object 'Object Repository/Выполнение бизнес-плана/Период' is: '1, 2, 3 кв. 2024 года'

25-11-2024T07:53:45 - [MESSAGE][PASSED] - Text of object 'Object Repository/Выполнение бизнес-плана/Период' is: '1, 2, 3 кв. 2024 года'

25-11-2024T07:53:45 - [TEST_STEP][PASSED] - m = m.substring(0, m.indexOf("2024")): null

25-11-2024T07:53:45 - [TEST_STEP][PASSED] - m = m.trim(): null

25-11-2024T07:53:45 - [TEST_STEP][PASSED] - dashboardName = "Выполнение бизнес-плана": null

25-11-2024T07:53:45 - [TEST_STEP][PASSED] - workbook01 = getWorkbook(excelFilePath): null

25-11-2024T07:53:45 - [TEST_STEP][PASSED] - sheet01 = getExcelSheet(workbook01, sheetName): null

25-11-2024T07:53:45 - [TEST_STEP][PASSED] - setValueToCellByIndex(sheet01, n, 0, dashboardName): null

25-11-2024T07:53:45 - [TEST_STEP][PASSED] - setValueToCellByIndex(sheet01, n, 1, dZO): null

25-11-2024T07:53:45 - [TEST_STEP][PASSED] - setValueToCellByIndex(sheet01, n, 2, typeOfData): null

25-11-2024T07:53:45 - [TEST_STEP][PASSED] - if (typeOfData == "Факт в процентах" || typeOfData == "План в процентах"): null

25-11-2024T07:53:45 - [TEST_STEP][PASSED] - setValueToCellByIndex(sheet01, n, 3, fileDouble): null

25-11-2024T07:53:45 - [TEST_STEP][PASSED] - setValueToCellByIndex(sheet01, n, 4, pageDouble): null

25-11-2024T07:53:45 - [TEST_STEP][PASSED] - setValueToCellByIndex(sheet01, n, 5, m): null

25-11-2024T07:53:45 - [TEST_STEP][PASSED] - setValueToCellByIndex(sheet01, n, 6, y): null

25-11-2024T07:53:45 - [TEST_STEP][PASSED] - setValueToCellByIndex(sheet01, n, 7, todaysDate): null

25-11-2024T07:53:45 - [TEST_STEP][PASSED] - n = n + 1: null

25-11-2024T07:53:45 - [TEST_STEP][PASSED] - saveWorkbook(excelFilePath, workbook01): null

25-11-2024T07:53:45 - [TEST_STEP][FAILED] - if (verifyEqual(numberOfErrors, 0) == false): null

25-11-2024T07:53:45 - [MESSAGE][FAILED] - Unable to verify equal between actual object '6' and expected object '0' (Root cause: com.kms.katalon.core.exception.StepFailedException: Actual object '6' and expected object '0' are not equal
	at com.kms.katalon.core.keyword.builtin.VerifyEqualKeyword$_verifyEqual_closure1.doCall(VerifyEqualKeyword.groovy:58)
	at com.kms.katalon.core.keyword.builtin.VerifyEqualKeyword$_verifyEqual_closure1.call(VerifyEqualKeyword.groovy)
	at com.kms.katalon.core.keyword.internal.KeywordMain.runKeyword(KeywordMain.groovy:75)
	at com.kms.katalon.core.keyword.builtin.VerifyEqualKeyword.verifyEqual(VerifyEqualKeyword.groovy:63)
	at com.kms.katalon.core.keyword.builtin.VerifyEqualKeyword.execute(VerifyEqualKeyword.groovy:44)
	at com.kms.katalon.core.keyword.internal.KeywordExecutor.executeKeywordForPlatform(KeywordExecutor.groovy:74)
	at com.kms.katalon.core.keyword.BuiltinKeywords.verifyEqual(BuiltinKeywords.groovy:146)
	at jdk.internal.reflect.GeneratedMethodAccessor24.invoke(Unknown Source)
	at java.base/jdk.internal.reflect.DelegatingMethodAccessorImpl.invoke(DelegatingMethodAccessorImpl.java:43)
	at Выполнение бизнес-плана Сверка ПАО Россети все филиалы.Numbers(Выполнение бизнес-плана Сверка ПАО Россети все филиалы:740)
	at Выполнение бизнес-плана Сверка ПАО Россети все филиалы.Filials(Выполнение бизнес-плана Сверка ПАО Россети все филиалы:1235)
	at Выполнение бизнес-плана Сверка ПАО Россети все филиалы.Numbers(Выполнение бизнес-плана Сверка ПАО Россети все филиалы:745)
	at Выполнение бизнес-плана Сверка ПАО Россети все филиалы.run(Выполнение бизнес-плана Сверка ПАО Россети все филиалы:388)
	at com.kms.katalon.core.main.ScriptEngine.run(ScriptEngine.java:194)
	at com.kms.katalon.core.main.ScriptEngine.runScriptAsRawText(ScriptEngine.java:119)
	at com.kms.katalon.core.main.TestCaseExecutor.runScript(TestCaseExecutor.java:448)
	at com.kms.katalon.core.main.TestCaseExecutor.doExecute(TestCaseExecutor.java:439)
	at com.kms.katalon.core.main.TestCaseExecutor.processExecutionPhase(TestCaseExecutor.java:418)
	at com.kms.katalon.core.main.TestCaseExecutor.accessMainPhase(TestCaseExecutor.java:410)
	at com.kms.katalon.core.main.TestCaseExecutor.execute(TestCaseExecutor.java:285)
	at com.kms.katalon.core.common.CommonExecutor.accessTestCaseMainPhase(CommonExecutor.java:65)
	at com.kms.katalon.core.main.TestSuiteExecutor.accessTestSuiteMainPhase(TestSuiteExecutor.java:150)
	at com.kms.katalon.core.main.TestSuiteExecutor.execute(TestSuiteExecutor.java:106)
	at com.kms.katalon.core.main.TestCaseMain.startTestSuite(TestCaseMain.java:180)
	at TempTestSuite1732509691813.run(TempTestSuite1732509691813.groovy:35)
	at java.base/jdk.internal.reflect.NativeMethodAccessorImpl.invoke0(Native Method)
	at java.base/jdk.internal.reflect.NativeMethodAccessorImpl.invoke(NativeMethodAccessorImpl.java:77)
	at java.base/jdk.internal.reflect.DelegatingMethodAccessorImpl.invoke(DelegatingMethodAccessorImpl.java:43)
)

25-11-2024T07:53:45 - [TEST_STEP][PASSED] - println(numberOfErrors): null

25-11-2024T07:53:45 - [TEST_STEP][PASSED] - if (a == 28 || a == 77 || a == 74 || a == 65 || a == 36 || a == 44 || a == 54 || a == 1 || a == 18 || a == 59): null

25-11-2024T07:53:45 - [TEST_STEP][PASSED] - if (a == 82): null

25-11-2024T07:53:45 - [TEST_STEP][PASSED] - dZO = "Курскэнерго": null

25-11-2024T07:53:45 - [TEST_STEP][PASSED] - a = 6: null

25-11-2024T07:53:45 - [TEST_STEP][PASSED] - if (x2.contains(dZO)): null

25-11-2024T07:53:45 - [TEST_STEP][PASSED] - filialNum = filialNum + 1: null

25-11-2024T07:53:45 - [TEST_STEP][PASSED] - Script1718980020443.Numbers(a, typeOfData, todaysDate, pageInt, fileInt, pageDouble, fileDouble, dZO, dzoNum, filialNum): null

25-11-2024T07:53:45 - [TEST_STEP][PASSED] - println(dzoNum): null

25-11-2024T07:53:45 - [TEST_STEP][PASSED] - planFact = <not implemented yet for class: org.codehaus.groovy.ast.expr.EmptyExpression>: null

25-11-2024T07:53:45 - [TEST_STEP][PASSED] - page = <not implemented yet for class: org.codehaus.groovy.ast.expr.EmptyExpression>: null

25-11-2024T07:53:45 - [TEST_STEP][PASSED] - page1 = <not implemented yet for class: org.codehaus.groovy.ast.expr.EmptyExpression>: null

25-11-2024T07:53:45 - [TEST_STEP][PASSED] - page2 = <not implemented yet for class: org.codehaus.groovy.ast.expr.EmptyExpression>: null

25-11-2024T07:53:45 - [TEST_STEP][PASSED] - filialNumberInRow = <not implemented yet for class: org.codehaus.groovy.ast.expr.EmptyExpression>: null

25-11-2024T07:53:45 - [TEST_STEP][PASSED] - filialsDzoNames = <not implemented yet for class: org.codehaus.groovy.ast.expr.EmptyExpression>: null

25-11-2024T07:53:45 - [TEST_STEP][PASSED] - numberOfFilials = <not implemented yet for class: org.codehaus.groovy.ast.expr.EmptyExpression>: null

25-11-2024T07:53:45 - [TEST_STEP][PASSED] - numberOfSpaces = <not implemented yet for class: org.codehaus.groovy.ast.expr.EmptyExpression>: null

25-11-2024T07:53:45 - [TEST_STEP][PASSED] - file = <not implemented yet for class: org.codehaus.groovy.ast.expr.EmptyExpression>: null

25-11-2024T07:53:45 - [TEST_STEP][PASSED] - otpusk = <not implemented yet for class: org.codehaus.groovy.ast.expr.EmptyExpression>: null

25-11-2024T07:53:45 - [TEST_STEP][PASSED] - poteri = <not implemented yet for class: org.codehaus.groovy.ast.expr.EmptyExpression>: null

25-11-2024T07:53:45 - [TEST_STEP][PASSED] - dataFolder = "Выполнение бизнес-плана/Значения со страницы Выполнение бизнес-плана/": null

25-11-2024T07:53:45 - [TEST_STEP][PASSED] - path = <not implemented yet for class: org.codehaus.groovy.ast.expr.EmptyExpression>: null

25-11-2024T07:53:45 - [TEST_STEP][PASSED] - typeOfDataMain = <not implemented yet for class: org.codehaus.groovy.ast.expr.EmptyExpression>: null

25-11-2024T07:53:45 - [TEST_STEP][PASSED] - fileOtpuskVSet = <not implemented yet for class: org.codehaus.groovy.ast.expr.EmptyExpression>: null

25-11-2024T07:53:45 - [TEST_STEP][PASSED] - pageOtpuskVSet = <not implemented yet for class: org.codehaus.groovy.ast.expr.EmptyExpression>: null

25-11-2024T07:53:45 - [TEST_STEP][PASSED] - filePoteri = <not implemented yet for class: org.codehaus.groovy.ast.expr.EmptyExpression>: null

25-11-2024T07:53:45 - [TEST_STEP][PASSED] - pagePoteri = <not implemented yet for class: org.codehaus.groovy.ast.expr.EmptyExpression>: null

25-11-2024T07:53:45 - [TEST_STEP][PASSED] - compare = <not implemented yet for class: org.codehaus.groovy.ast.expr.EmptyExpression>: null

25-11-2024T07:53:45 - [TEST_STEP][PASSED] - b = <not implemented yet for class: org.codehaus.groovy.ast.expr.EmptyExpression>: null

25-11-2024T07:53:45 - [TEST_STEP][PASSED] - i = <not implemented yet for class: org.codehaus.groovy.ast.expr.EmptyExpression>: null

25-11-2024T07:53:45 - [TEST_STEP][PASSED] - ii = <not implemented yet for class: org.codehaus.groovy.ast.expr.EmptyExpression>: null

25-11-2024T07:53:45 - [TEST_STEP][PASSED] - c = <not implemented yet for class: org.codehaus.groovy.ast.expr.EmptyExpression>: null

25-11-2024T07:53:45 - [TEST_STEP][PASSED] - numberOfErrors = 0: null

25-11-2024T07:53:45 - [TEST_STEP][PASSED] - if (a == 82): null

25-11-2024T07:53:45 - [TEST_STEP][PASSED] - b = findTestData("PlanFact").getValue(1, a): null

25-11-2024T07:53:45 - [TEST_STEP][PASSED] - i = b.indexOf(" (ГК)"): null

25-11-2024T07:53:45 - [TEST_STEP][PASSED] - if (i > -1): null

25-11-2024T07:53:45 - [TEST_STEP][PASSED] - i = b.indexOf("О ""): null

25-11-2024T07:53:45 - [TEST_STEP][PASSED] - if (i > -1): null

25-11-2024T07:53:45 - [TEST_STEP][PASSED] - i = b.indexOf("О «"): null

25-11-2024T07:53:45 - [TEST_STEP][PASSED] - if (i > -1): null

25-11-2024T07:53:45 - [TEST_STEP][PASSED] - i = b.indexOf("г. "): null

25-11-2024T07:53:45 - [TEST_STEP][PASSED] - if (i > -1): null

25-11-2024T07:53:45 - [TEST_STEP][PASSED] - println(b): null

25-11-2024T07:53:45 - [TEST_STEP][PASSED] - for ([planFact = 1, planFact < 3, (planFact++)]): Object: 'Object Repository/Выполнение бизнес-плана/Кнопка Факт' is clicked on

25-11-2024T07:53:45 - [TEST_STEP][PASSED] - if (planFact == 1): null

25-11-2024T07:53:45 - [TEST_STEP][PASSED] - typeOfDataMain = "Факт": null

25-11-2024T07:53:45 - [TEST_STEP][PASSED] - otpusk = findTestData("PlanFact").getValue(5, a): null

25-11-2024T07:53:45 - [TEST_STEP][PASSED] - poteri = findTestData("PlanFact").getValue(6, a): null

25-11-2024T07:53:45 - [TEST_STEP][PASSED] - otpusk = otpusk.replaceAll("\s+", ""): null

25-11-2024T07:53:45 - [TEST_STEP][PASSED] - poteri = poteri.replaceAll("\s+", ""): null

25-11-2024T07:53:45 - [TEST_STEP][PASSED] - typeOfData = typeOfDataMain + " Отпуск в сеть": null

25-11-2024T07:53:45 - [TEST_STEP][PASSED] - if (a == 82): null

25-11-2024T07:53:45 - [TEST_STEP][PASSED] - else if (a == 84): null

25-11-2024T07:53:45 - [TEST_STEP][PASSED] - else if (a == 52 || a == 72 || a == 28 || a == 73 || a == 77 || a == 74 || a == 65 || a == 36 || a == 44 || a == 53 || a == 80 || a == 54 || a == 1 || a == 18 || a == 59 || a == 81): null

25-11-2024T07:53:45 - [TEST_STEP][PASSED] - else: null

25-11-2024T07:53:45 - [TEST_STEP][PASSED] - path = dataFolder + typeOfData + " за отчётный период " + b: null

25-11-2024T07:53:45 - [TEST_STEP][PASSED] - println(path): null

25-11-2024T07:53:45 - [TEST_STEP][PASSED] - page = getText(findTestObject(path)): Text of object 'Object Repository/Выполнение бизнес-плана/Значения со страницы Выполнение бизнес-плана/Факт Отпуск в сеть за отчётный период Курскэнерго' is: '2 718 509'

25-11-2024T07:53:46 - [MESSAGE][PASSED] - Text of object 'Object Repository/Выполнение бизнес-плана/Значения со страницы Выполнение бизнес-плана/Факт Отпуск в сеть за отчётный период Курскэнерго' is: '2 718 509'

25-11-2024T07:53:46 - [TEST_STEP][PASSED] - page = page.replaceAll("\s+", ""): null

25-11-2024T07:53:46 - [TEST_STEP][PASSED] - fileOtpuskVSet = otpusk.toInteger(): null

25-11-2024T07:53:46 - [TEST_STEP][PASSED] - pageOtpuskVSet = page.toInteger(): null

25-11-2024T07:53:46 - [TEST_STEP][PASSED] - typeOfData = typeOfDataMain + " Потери": null

25-11-2024T07:53:46 - [TEST_STEP][PASSED] - if (a == 82): null

25-11-2024T07:53:46 - [TEST_STEP][PASSED] - else if (a == 84): null

25-11-2024T07:53:46 - [TEST_STEP][PASSED] - else if (a == 52 || a == 72 || a == 28 || a == 73 || a == 77 || a == 74 || a == 65 || a == 36 || a == 44 || a == 53 || a == 80 || a == 54 || a == 1 || a == 18 || a == 59 || a == 81): null

25-11-2024T07:53:46 - [TEST_STEP][PASSED] - else: null

25-11-2024T07:53:46 - [TEST_STEP][PASSED] - path = dataFolder + typeOfData + " за отчётный период " + b: null

25-11-2024T07:53:46 - [TEST_STEP][PASSED] - page = getText(findTestObject(path)): Text of object 'Object Repository/Выполнение бизнес-плана/Значения со страницы Выполнение бизнес-плана/Факт Потери за отчётный период Курскэнерго' is: '261 582'

25-11-2024T07:53:46 - [MESSAGE][PASSED] - Text of object 'Object Repository/Выполнение бизнес-плана/Значения со страницы Выполнение бизнес-плана/Факт Потери за отчётный период Курскэнерго' is: '261 582'

25-11-2024T07:53:46 - [TEST_STEP][PASSED] - page = page.replaceAll("\s+", ""): null

25-11-2024T07:53:46 - [TEST_STEP][PASSED] - filePoteri = poteri.toInteger(): null

25-11-2024T07:53:46 - [TEST_STEP][PASSED] - pagePoteri = page.toInteger(): null

25-11-2024T07:53:46 - [TEST_STEP][PASSED] - compare = pageOtpuskVSet: null

25-11-2024T07:53:46 - [TEST_STEP][PASSED] - if (compare == fileOtpuskVSet): null

25-11-2024T07:53:46 - [TEST_STEP][PASSED] - if (compare == fileOtpuskVSet): null

25-11-2024T07:53:46 - [TEST_STEP][PASSED] - compare = pagePoteri: null

25-11-2024T07:53:46 - [TEST_STEP][PASSED] - if (compare == filePoteri): null

25-11-2024T07:53:46 - [TEST_STEP][PASSED] - if (compare == filePoteri): null

25-11-2024T07:53:46 - [TEST_STEP][PASSED] - if (planFact == 2): null

25-11-2024T07:53:46 - [TEST_STEP][PASSED] - if (planFact == 1): null

25-11-2024T07:53:46 - [TEST_STEP][PASSED] - else if (planFact == 2): null

25-11-2024T07:53:46 - [TEST_STEP][PASSED] - click(findTestObject("Выполнение бизнес-плана/Кнопка План")): Object: 'Object Repository/Выполнение бизнес-плана/Кнопка План' is clicked on

25-11-2024T07:53:46 - [MESSAGE][PASSED] - Object: 'Object Repository/Выполнение бизнес-плана/Кнопка План' is clicked on

25-11-2024T07:53:46 - [TEST_STEP][PASSED] - typeOfDataMain = "План": null

25-11-2024T07:53:46 - [TEST_STEP][PASSED] - otpusk = findTestData("PlanFact").getValue(2, a): null

25-11-2024T07:53:46 - [TEST_STEP][PASSED] - poteri = findTestData("PlanFact").getValue(3, a): null

25-11-2024T07:53:47 - [TEST_STEP][PASSED] - otpusk = otpusk.replaceAll("\s+", ""): null

25-11-2024T07:53:47 - [TEST_STEP][PASSED] - poteri = poteri.replaceAll("\s+", ""): null

25-11-2024T07:53:47 - [TEST_STEP][PASSED] - typeOfData = typeOfDataMain + " Отпуск в сеть": null

25-11-2024T07:53:47 - [TEST_STEP][PASSED] - if (a == 82): null

25-11-2024T07:53:47 - [TEST_STEP][PASSED] - else if (a == 84): null

25-11-2024T07:53:47 - [TEST_STEP][PASSED] - else if (a == 52 || a == 72 || a == 28 || a == 73 || a == 77 || a == 74 || a == 65 || a == 36 || a == 44 || a == 53 || a == 80 || a == 54 || a == 1 || a == 18 || a == 59 || a == 81): null

25-11-2024T07:53:47 - [TEST_STEP][PASSED] - else: null

25-11-2024T07:53:47 - [TEST_STEP][PASSED] - path = dataFolder + typeOfData + " за отчётный период " + b: null

25-11-2024T07:53:47 - [TEST_STEP][PASSED] - println(path): null

25-11-2024T07:53:47 - [TEST_STEP][PASSED] - page = getText(findTestObject(path)): Text of object 'Object Repository/Выполнение бизнес-плана/Значения со страницы Выполнение бизнес-плана/План Отпуск в сеть за отчётный период Курскэнерго' is: '2 733 186'

25-11-2024T07:53:47 - [MESSAGE][PASSED] - Text of object 'Object Repository/Выполнение бизнес-плана/Значения со страницы Выполнение бизнес-плана/План Отпуск в сеть за отчётный период Курскэнерго' is: '2 733 186'

25-11-2024T07:53:47 - [TEST_STEP][PASSED] - page = page.replaceAll("\s+", ""): null

25-11-2024T07:53:47 - [TEST_STEP][PASSED] - fileOtpuskVSet = otpusk.toInteger(): null

25-11-2024T07:53:47 - [TEST_STEP][PASSED] - pageOtpuskVSet = page.toInteger(): null

25-11-2024T07:53:47 - [TEST_STEP][PASSED] - typeOfData = typeOfDataMain + " Потери": null

25-11-2024T07:53:47 - [TEST_STEP][PASSED] - if (a == 82): null

25-11-2024T07:53:47 - [TEST_STEP][PASSED] - else if (a == 84): null

25-11-2024T07:53:47 - [TEST_STEP][PASSED] - else if (a == 52 || a == 72 || a == 28 || a == 73 || a == 77 || a == 74 || a == 65 || a == 36 || a == 44 || a == 53 || a == 80 || a == 54 || a == 1 || a == 18 || a == 59 || a == 81): null

25-11-2024T07:53:47 - [TEST_STEP][PASSED] - else: null

25-11-2024T07:53:47 - [TEST_STEP][PASSED] - path = dataFolder + typeOfData + " за отчётный период " + b: null

25-11-2024T07:53:47 - [TEST_STEP][PASSED] - page = getText(findTestObject(path)): Text of object 'Object Repository/Выполнение бизнес-плана/Значения со страницы Выполнение бизнес-плана/План Потери за отчётный период Курскэнерго' is: '292 749'

25-11-2024T07:53:47 - [MESSAGE][PASSED] - Text of object 'Object Repository/Выполнение бизнес-плана/Значения со страницы Выполнение бизнес-плана/План Потери за отчётный период Курскэнерго' is: '292 749'

25-11-2024T07:53:47 - [TEST_STEP][PASSED] - page = page.replaceAll("\s+", ""): null

25-11-2024T07:53:47 - [TEST_STEP][PASSED] - filePoteri = poteri.toInteger(): null

25-11-2024T07:53:47 - [TEST_STEP][PASSED] - pagePoteri = page.toInteger(): null

25-11-2024T07:53:47 - [TEST_STEP][PASSED] - compare = pageOtpuskVSet: null

25-11-2024T07:53:47 - [TEST_STEP][PASSED] - if (compare == fileOtpuskVSet): null

25-11-2024T07:53:47 - [TEST_STEP][PASSED] - if (compare == fileOtpuskVSet): null

25-11-2024T07:53:47 - [TEST_STEP][PASSED] - compare = pagePoteri: null

25-11-2024T07:53:47 - [TEST_STEP][PASSED] - if (compare == filePoteri): null

25-11-2024T07:53:47 - [TEST_STEP][PASSED] - if (compare == filePoteri): null

25-11-2024T07:53:47 - [TEST_STEP][PASSED] - if (planFact == 2): Object: 'Object Repository/Выполнение бизнес-плана/Кнопка Факт' is clicked on

25-11-2024T07:53:47 - [TEST_STEP][PASSED] - click(findTestObject("Выполнение бизнес-плана/Кнопка Факт")): Object: 'Object Repository/Выполнение бизнес-плана/Кнопка Факт' is clicked on

25-11-2024T07:53:47 - [MESSAGE][PASSED] - Object: 'Object Repository/Выполнение бизнес-плана/Кнопка Факт' is clicked on

25-11-2024T07:53:47 - [TEST_STEP][PASSED] - if (a == 84 || a == 82): null

25-11-2024T07:53:47 - [TEST_STEP][PASSED] - else if (a == 52 || a == 72 || a == 28 || a == 73 || a == 77 || a == 74 || a == 65 || a == 36 || a == 44 || a == 53 || a == 80 || a == 54 || a == 1 || a == 18 || a == 59 || a == 81): null

25-11-2024T07:53:47 - [TEST_STEP][PASSED] - else: null

25-11-2024T07:53:47 - [TEST_STEP][PASSED] - page1 = getText(findTestObject("Object Repository/Выполнение бизнес-плана/spanPlan" + filialNum)): Text of object 'Object Repository/Выполнение бизнес-плана/spanPlan8' is: '10.71
|'

25-11-2024T07:53:48 - [MESSAGE][PASSED] - Text of object 'Object Repository/Выполнение бизнес-плана/spanPlan8' is: '10.71
|'

25-11-2024T07:53:48 - [TEST_STEP][PASSED] - page1 = page1.replace("|", ""): null

25-11-2024T07:53:48 - [TEST_STEP][PASSED] - page2 = getText(findTestObject("Object Repository/Выполнение бизнес-плана/spanFact" + filialNum)): Text of object 'Object Repository/Выполнение бизнес-плана/spanFact8' is: '9.62
|'

25-11-2024T07:53:48 - [MESSAGE][PASSED] - Text of object 'Object Repository/Выполнение бизнес-плана/spanFact8' is: '9.62
|'

25-11-2024T07:53:48 - [TEST_STEP][PASSED] - page2 = page2.replace("|", ""): null

25-11-2024T07:53:48 - [TEST_STEP][PASSED] - println("page1: " + page1): null

25-11-2024T07:53:48 - [TEST_STEP][PASSED] - println("page2: " + page2): null

25-11-2024T07:53:48 - [TEST_STEP][PASSED] - file = findTestData("PlanFact").getValue(4, a): null

25-11-2024T07:53:48 - [TEST_STEP][PASSED] - file = file.replace(",", "."): null

25-11-2024T07:53:48 - [TEST_STEP][PASSED] - println("file Plan: " + file): null

25-11-2024T07:53:48 - [TEST_STEP][PASSED] - typeOfData = "План в процентах": null

25-11-2024T07:53:48 - [TEST_STEP][PASSED] - fileDouble = file.toDouble(): null

25-11-2024T07:53:48 - [TEST_STEP][PASSED] - pageDouble = page1.toDouble(): null

25-11-2024T07:53:48 - [TEST_STEP][PASSED] - if (fileDouble != pageDouble): null

25-11-2024T07:53:48 - [TEST_STEP][PASSED] - file = findTestData("PlanFact").getValue(7, a): null

25-11-2024T07:53:48 - [TEST_STEP][PASSED] - file = file.replace(",", "."): null

25-11-2024T07:53:48 - [TEST_STEP][PASSED] - println("file Fact: " + file): null

25-11-2024T07:53:48 - [TEST_STEP][PASSED] - fileDouble = file.toDouble(): null

25-11-2024T07:53:48 - [TEST_STEP][PASSED] - typeOfData = "Факт в процентах": null

25-11-2024T07:53:48 - [TEST_STEP][PASSED] - fileDouble = file.toDouble(): null

25-11-2024T07:53:48 - [TEST_STEP][PASSED] - pageDouble = page2.toDouble(): null

25-11-2024T07:53:48 - [TEST_STEP][PASSED] - if (fileDouble != pageDouble): null

25-11-2024T07:53:48 - [TEST_STEP][PASSED] - if (verifyEqual(numberOfErrors, 0) == false): Actual object '0' and expected object '0' are equal

25-11-2024T07:53:48 - [MESSAGE][PASSED] - Actual object '0' and expected object '0' are equal

25-11-2024T07:53:48 - [TEST_STEP][PASSED] - if (a == 82): null

25-11-2024T07:53:48 - [TEST_STEP][PASSED] - dZO = "Липецкэнерго": null

25-11-2024T07:53:48 - [TEST_STEP][PASSED] - a = 7: null

25-11-2024T07:53:48 - [TEST_STEP][PASSED] - if (x2.contains(dZO)): null

25-11-2024T07:53:48 - [TEST_STEP][PASSED] - filialNum = filialNum + 1: null

25-11-2024T07:53:48 - [TEST_STEP][PASSED] - Script1718980020443.Numbers(a, typeOfData, todaysDate, pageInt, fileInt, pageDouble, fileDouble, dZO, dzoNum, filialNum): null

25-11-2024T07:53:48 - [TEST_STEP][PASSED] - println(dzoNum): null

25-11-2024T07:53:48 - [TEST_STEP][PASSED] - planFact = <not implemented yet for class: org.codehaus.groovy.ast.expr.EmptyExpression>: null

25-11-2024T07:53:48 - [TEST_STEP][PASSED] - page = <not implemented yet for class: org.codehaus.groovy.ast.expr.EmptyExpression>: null

25-11-2024T07:53:48 - [TEST_STEP][PASSED] - page1 = <not implemented yet for class: org.codehaus.groovy.ast.expr.EmptyExpression>: null

25-11-2024T07:53:48 - [TEST_STEP][PASSED] - page2 = <not implemented yet for class: org.codehaus.groovy.ast.expr.EmptyExpression>: null

25-11-2024T07:53:48 - [TEST_STEP][PASSED] - filialNumberInRow = <not implemented yet for class: org.codehaus.groovy.ast.expr.EmptyExpression>: null

25-11-2024T07:53:48 - [TEST_STEP][PASSED] - filialsDzoNames = <not implemented yet for class: org.codehaus.groovy.ast.expr.EmptyExpression>: null

25-11-2024T07:53:48 - [TEST_STEP][PASSED] - numberOfFilials = <not implemented yet for class: org.codehaus.groovy.ast.expr.EmptyExpression>: null

25-11-2024T07:53:48 - [TEST_STEP][PASSED] - numberOfSpaces = <not implemented yet for class: org.codehaus.groovy.ast.expr.EmptyExpression>: null

25-11-2024T07:53:48 - [TEST_STEP][PASSED] - file = <not implemented yet for class: org.codehaus.groovy.ast.expr.EmptyExpression>: null

25-11-2024T07:53:48 - [TEST_STEP][PASSED] - otpusk = <not implemented yet for class: org.codehaus.groovy.ast.expr.EmptyExpression>: null

25-11-2024T07:53:48 - [TEST_STEP][PASSED] - poteri = <not implemented yet for class: org.codehaus.groovy.ast.expr.EmptyExpression>: null

25-11-2024T07:53:48 - [TEST_STEP][PASSED] - dataFolder = "Выполнение бизнес-плана/Значения со страницы Выполнение бизнес-плана/": null

25-11-2024T07:53:48 - [TEST_STEP][PASSED] - path = <not implemented yet for class: org.codehaus.groovy.ast.expr.EmptyExpression>: null

25-11-2024T07:53:48 - [TEST_STEP][PASSED] - typeOfDataMain = <not implemented yet for class: org.codehaus.groovy.ast.expr.EmptyExpression>: null

25-11-2024T07:53:48 - [TEST_STEP][PASSED] - fileOtpuskVSet = <not implemented yet for class: org.codehaus.groovy.ast.expr.EmptyExpression>: null

25-11-2024T07:53:48 - [TEST_STEP][PASSED] - pageOtpuskVSet = <not implemented yet for class: org.codehaus.groovy.ast.expr.EmptyExpression>: null

25-11-2024T07:53:48 - [TEST_STEP][PASSED] - filePoteri = <not implemented yet for class: org.codehaus.groovy.ast.expr.EmptyExpression>: null

25-11-2024T07:53:48 - [TEST_STEP][PASSED] - pagePoteri = <not implemented yet for class: org.codehaus.groovy.ast.expr.EmptyExpression>: null

25-11-2024T07:53:48 - [TEST_STEP][PASSED] - compare = <not implemented yet for class: org.codehaus.groovy.ast.expr.EmptyExpression>: null

25-11-2024T07:53:48 - [TEST_STEP][PASSED] - b = <not implemented yet for class: org.codehaus.groovy.ast.expr.EmptyExpression>: null

25-11-2024T07:53:48 - [TEST_STEP][PASSED] - i = <not implemented yet for class: org.codehaus.groovy.ast.expr.EmptyExpression>: null

25-11-2024T07:53:48 - [TEST_STEP][PASSED] - ii = <not implemented yet for class: org.codehaus.groovy.ast.expr.EmptyExpression>: null

25-11-2024T07:53:48 - [TEST_STEP][PASSED] - c = <not implemented yet for class: org.codehaus.groovy.ast.expr.EmptyExpression>: null

25-11-2024T07:53:48 - [TEST_STEP][PASSED] - numberOfErrors = 0: null

25-11-2024T07:53:48 - [TEST_STEP][PASSED] - if (a == 82): null

25-11-2024T07:53:48 - [TEST_STEP][PASSED] - b = findTestData("PlanFact").getValue(1, a): null

25-11-2024T07:53:48 - [TEST_STEP][PASSED] - i = b.indexOf(" (ГК)"): null

25-11-2024T07:53:48 - [TEST_STEP][PASSED] - if (i > -1): null

25-11-2024T07:53:48 - [TEST_STEP][PASSED] - i = b.indexOf("О ""): null

25-11-2024T07:53:48 - [TEST_STEP][PASSED] - if (i > -1): null

25-11-2024T07:53:48 - [TEST_STEP][PASSED] - i = b.indexOf("О «"): null

25-11-2024T07:53:48 - [TEST_STEP][PASSED] - if (i > -1): null

25-11-2024T07:53:48 - [TEST_STEP][PASSED] - i = b.indexOf("г. "): null

25-11-2024T07:53:48 - [TEST_STEP][PASSED] - if (i > -1): null

25-11-2024T07:53:48 - [TEST_STEP][PASSED] - println(b): null

25-11-2024T07:53:48 - [TEST_STEP][PASSED] - for ([planFact = 1, planFact < 3, (planFact++)]): Object: 'Object Repository/Выполнение бизнес-плана/Кнопка Факт' is clicked on

25-11-2024T07:53:48 - [TEST_STEP][PASSED] - if (planFact == 1): null

25-11-2024T07:53:48 - [TEST_STEP][PASSED] - typeOfDataMain = "Факт": null

25-11-2024T07:53:48 - [TEST_STEP][PASSED] - otpusk = findTestData("PlanFact").getValue(5, a): null

25-11-2024T07:53:48 - [TEST_STEP][PASSED] - poteri = findTestData("PlanFact").getValue(6, a): null

25-11-2024T07:53:48 - [TEST_STEP][PASSED] - otpusk = otpusk.replaceAll("\s+", ""): null

25-11-2024T07:53:48 - [TEST_STEP][PASSED] - poteri = poteri.replaceAll("\s+", ""): null

25-11-2024T07:53:48 - [TEST_STEP][PASSED] - typeOfData = typeOfDataMain + " Отпуск в сеть": null

25-11-2024T07:53:48 - [TEST_STEP][PASSED] - if (a == 82): null

25-11-2024T07:53:48 - [TEST_STEP][PASSED] - else if (a == 84): null

25-11-2024T07:53:48 - [TEST_STEP][PASSED] - else if (a == 52 || a == 72 || a == 28 || a == 73 || a == 77 || a == 74 || a == 65 || a == 36 || a == 44 || a == 53 || a == 80 || a == 54 || a == 1 || a == 18 || a == 59 || a == 81): null

25-11-2024T07:53:48 - [TEST_STEP][PASSED] - else: null

25-11-2024T07:53:48 - [TEST_STEP][PASSED] - path = dataFolder + typeOfData + " за отчётный период " + b: null

25-11-2024T07:53:48 - [TEST_STEP][PASSED] - println(path): null

25-11-2024T07:53:48 - [TEST_STEP][PASSED] - page = getText(findTestObject(path)): Text of object 'Object Repository/Выполнение бизнес-плана/Значения со страницы Выполнение бизнес-плана/Факт Отпуск в сеть за отчётный период Липецкэнерго' is: '4 025 919'

25-11-2024T07:53:49 - [MESSAGE][PASSED] - Text of object 'Object Repository/Выполнение бизнес-плана/Значения со страницы Выполнение бизнес-плана/Факт Отпуск в сеть за отчётный период Липецкэнерго' is: '4 025 919'

25-11-2024T07:53:49 - [TEST_STEP][PASSED] - page = page.replaceAll("\s+", ""): null

25-11-2024T07:53:49 - [TEST_STEP][PASSED] - fileOtpuskVSet = otpusk.toInteger(): null

25-11-2024T07:53:49 - [TEST_STEP][PASSED] - pageOtpuskVSet = page.toInteger(): null

25-11-2024T07:53:49 - [TEST_STEP][PASSED] - typeOfData = typeOfDataMain + " Потери": null

25-11-2024T07:53:49 - [TEST_STEP][PASSED] - if (a == 82): null

25-11-2024T07:53:49 - [TEST_STEP][PASSED] - else if (a == 84): null

25-11-2024T07:53:49 - [TEST_STEP][PASSED] - else if (a == 52 || a == 72 || a == 28 || a == 73 || a == 77 || a == 74 || a == 65 || a == 36 || a == 44 || a == 53 || a == 80 || a == 54 || a == 1 || a == 18 || a == 59 || a == 81): null

25-11-2024T07:53:49 - [TEST_STEP][PASSED] - else: null

25-11-2024T07:53:49 - [TEST_STEP][PASSED] - path = dataFolder + typeOfData + " за отчётный период " + b: null

25-11-2024T07:53:49 - [TEST_STEP][PASSED] - page = getText(findTestObject(path)): Text of object 'Object Repository/Выполнение бизнес-плана/Значения со страницы Выполнение бизнес-плана/Факт Потери за отчётный период Липецкэнерго' is: '547 375'

25-11-2024T07:53:49 - [MESSAGE][PASSED] - Text of object 'Object Repository/Выполнение бизнес-плана/Значения со страницы Выполнение бизнес-плана/Факт Потери за отчётный период Липецкэнерго' is: '547 375'

25-11-2024T07:53:49 - [TEST_STEP][PASSED] - page = page.replaceAll("\s+", ""): null

25-11-2024T07:53:49 - [TEST_STEP][PASSED] - filePoteri = poteri.toInteger(): null

25-11-2024T07:53:49 - [TEST_STEP][PASSED] - pagePoteri = page.toInteger(): null

25-11-2024T07:53:49 - [TEST_STEP][PASSED] - compare = pageOtpuskVSet: null

25-11-2024T07:53:49 - [TEST_STEP][PASSED] - if (compare == fileOtpuskVSet): null

25-11-2024T07:53:49 - [TEST_STEP][PASSED] - if (compare == fileOtpuskVSet): null

25-11-2024T07:53:49 - [TEST_STEP][PASSED] - compare = pagePoteri: null

25-11-2024T07:53:49 - [TEST_STEP][PASSED] - if (compare == filePoteri): null

25-11-2024T07:53:49 - [TEST_STEP][PASSED] - if (compare == filePoteri): null

25-11-2024T07:53:49 - [TEST_STEP][PASSED] - if (planFact == 2): null

25-11-2024T07:53:49 - [TEST_STEP][PASSED] - if (planFact == 1): null

25-11-2024T07:53:49 - [TEST_STEP][PASSED] - else if (planFact == 2): null

25-11-2024T07:53:49 - [TEST_STEP][PASSED] - click(findTestObject("Выполнение бизнес-плана/Кнопка План")): Object: 'Object Repository/Выполнение бизнес-плана/Кнопка План' is clicked on

25-11-2024T07:53:49 - [MESSAGE][PASSED] - Object: 'Object Repository/Выполнение бизнес-плана/Кнопка План' is clicked on

25-11-2024T07:53:49 - [TEST_STEP][PASSED] - typeOfDataMain = "План": null

25-11-2024T07:53:49 - [TEST_STEP][PASSED] - otpusk = findTestData("PlanFact").getValue(2, a): null

25-11-2024T07:53:49 - [TEST_STEP][PASSED] - poteri = findTestData("PlanFact").getValue(3, a): null

25-11-2024T07:53:49 - [TEST_STEP][PASSED] - otpusk = otpusk.replaceAll("\s+", ""): null

25-11-2024T07:53:49 - [TEST_STEP][PASSED] - poteri = poteri.replaceAll("\s+", ""): null

25-11-2024T07:53:49 - [TEST_STEP][PASSED] - typeOfData = typeOfDataMain + " Отпуск в сеть": null

25-11-2024T07:53:49 - [TEST_STEP][PASSED] - if (a == 82): null

25-11-2024T07:53:49 - [TEST_STEP][PASSED] - else if (a == 84): null

25-11-2024T07:53:49 - [TEST_STEP][PASSED] - else if (a == 52 || a == 72 || a == 28 || a == 73 || a == 77 || a == 74 || a == 65 || a == 36 || a == 44 || a == 53 || a == 80 || a == 54 || a == 1 || a == 18 || a == 59 || a == 81): null

25-11-2024T07:53:49 - [TEST_STEP][PASSED] - else: null

25-11-2024T07:53:49 - [TEST_STEP][PASSED] - path = dataFolder + typeOfData + " за отчётный период " + b: null

25-11-2024T07:53:49 - [TEST_STEP][PASSED] - println(path): null

25-11-2024T07:53:49 - [TEST_STEP][PASSED] - page = getText(findTestObject(path)): Text of object 'Object Repository/Выполнение бизнес-плана/Значения со страницы Выполнение бизнес-плана/План Отпуск в сеть за отчётный период Липецкэнерго' is: '3 764 247'

25-11-2024T07:53:50 - [MESSAGE][PASSED] - Text of object 'Object Repository/Выполнение бизнес-плана/Значения со страницы Выполнение бизнес-плана/План Отпуск в сеть за отчётный период Липецкэнерго' is: '3 764 247'

25-11-2024T07:53:50 - [TEST_STEP][PASSED] - page = page.replaceAll("\s+", ""): null

25-11-2024T07:53:50 - [TEST_STEP][PASSED] - fileOtpuskVSet = otpusk.toInteger(): null

25-11-2024T07:53:50 - [TEST_STEP][PASSED] - pageOtpuskVSet = page.toInteger(): null

25-11-2024T07:53:50 - [TEST_STEP][PASSED] - typeOfData = typeOfDataMain + " Потери": null

25-11-2024T07:53:50 - [TEST_STEP][PASSED] - if (a == 82): null

25-11-2024T07:53:50 - [TEST_STEP][PASSED] - else if (a == 84): null

25-11-2024T07:53:50 - [TEST_STEP][PASSED] - else if (a == 52 || a == 72 || a == 28 || a == 73 || a == 77 || a == 74 || a == 65 || a == 36 || a == 44 || a == 53 || a == 80 || a == 54 || a == 1 || a == 18 || a == 59 || a == 81): null

25-11-2024T07:53:50 - [TEST_STEP][PASSED] - else: null

25-11-2024T07:53:50 - [TEST_STEP][PASSED] - path = dataFolder + typeOfData + " за отчётный период " + b: null

25-11-2024T07:53:50 - [TEST_STEP][PASSED] - page = getText(findTestObject(path)): Text of object 'Object Repository/Выполнение бизнес-плана/Значения со страницы Выполнение бизнес-плана/План Потери за отчётный период Липецкэнерго' is: '572 526'

25-11-2024T07:53:50 - [MESSAGE][PASSED] - Text of object 'Object Repository/Выполнение бизнес-плана/Значения со страницы Выполнение бизнес-плана/План Потери за отчётный период Липецкэнерго' is: '572 526'

25-11-2024T07:53:50 - [TEST_STEP][PASSED] - page = page.replaceAll("\s+", ""): null

25-11-2024T07:53:50 - [TEST_STEP][PASSED] - filePoteri = poteri.toInteger(): null

25-11-2024T07:53:50 - [TEST_STEP][PASSED] - pagePoteri = page.toInteger(): null

25-11-2024T07:53:50 - [TEST_STEP][PASSED] - compare = pageOtpuskVSet: null

25-11-2024T07:53:50 - [TEST_STEP][PASSED] - if (compare == fileOtpuskVSet): null

25-11-2024T07:53:50 - [TEST_STEP][PASSED] - if (compare == fileOtpuskVSet): null

25-11-2024T07:53:50 - [TEST_STEP][PASSED] - compare = pagePoteri: null

25-11-2024T07:53:50 - [TEST_STEP][PASSED] - if (compare == filePoteri): null

25-11-2024T07:53:50 - [TEST_STEP][PASSED] - if (compare == filePoteri): null

25-11-2024T07:53:50 - [TEST_STEP][PASSED] - if (planFact == 2): Object: 'Object Repository/Выполнение бизнес-плана/Кнопка Факт' is clicked on

25-11-2024T07:53:50 - [TEST_STEP][PASSED] - click(findTestObject("Выполнение бизнес-плана/Кнопка Факт")): Object: 'Object Repository/Выполнение бизнес-плана/Кнопка Факт' is clicked on

25-11-2024T07:53:50 - [MESSAGE][PASSED] - Object: 'Object Repository/Выполнение бизнес-плана/Кнопка Факт' is clicked on

25-11-2024T07:53:50 - [TEST_STEP][PASSED] - if (a == 84 || a == 82): null

25-11-2024T07:53:50 - [TEST_STEP][PASSED] - else if (a == 52 || a == 72 || a == 28 || a == 73 || a == 77 || a == 74 || a == 65 || a == 36 || a == 44 || a == 53 || a == 80 || a == 54 || a == 1 || a == 18 || a == 59 || a == 81): null

25-11-2024T07:53:50 - [TEST_STEP][PASSED] - else: null

25-11-2024T07:53:50 - [TEST_STEP][PASSED] - page1 = getText(findTestObject("Object Repository/Выполнение бизнес-плана/spanPlan" + filialNum)): Text of object 'Object Repository/Выполнение бизнес-плана/spanPlan9' is: '15.21
|'

25-11-2024T07:53:51 - [MESSAGE][PASSED] - Text of object 'Object Repository/Выполнение бизнес-плана/spanPlan9' is: '15.21
|'

25-11-2024T07:53:51 - [TEST_STEP][PASSED] - page1 = page1.replace("|", ""): null

25-11-2024T07:53:51 - [TEST_STEP][PASSED] - page2 = getText(findTestObject("Object Repository/Выполнение бизнес-плана/spanFact" + filialNum)): Text of object 'Object Repository/Выполнение бизнес-плана/spanFact9' is: '13.60
|'

25-11-2024T07:53:51 - [MESSAGE][PASSED] - Text of object 'Object Repository/Выполнение бизнес-плана/spanFact9' is: '13.60
|'

25-11-2024T07:53:51 - [TEST_STEP][PASSED] - page2 = page2.replace("|", ""): null

25-11-2024T07:53:51 - [TEST_STEP][PASSED] - println("page1: " + page1): null

25-11-2024T07:53:51 - [TEST_STEP][PASSED] - println("page2: " + page2): null

25-11-2024T07:53:51 - [TEST_STEP][PASSED] - file = findTestData("PlanFact").getValue(4, a): null

25-11-2024T07:53:51 - [TEST_STEP][PASSED] - file = file.replace(",", "."): null

25-11-2024T07:53:51 - [TEST_STEP][PASSED] - println("file Plan: " + file): null

25-11-2024T07:53:51 - [TEST_STEP][PASSED] - typeOfData = "План в процентах": null

25-11-2024T07:53:51 - [TEST_STEP][PASSED] - fileDouble = file.toDouble(): null

25-11-2024T07:53:51 - [TEST_STEP][PASSED] - pageDouble = page1.toDouble(): null

25-11-2024T07:53:51 - [TEST_STEP][PASSED] - if (fileDouble != pageDouble): null

25-11-2024T07:53:51 - [TEST_STEP][PASSED] - file = findTestData("PlanFact").getValue(7, a): null

25-11-2024T07:53:51 - [TEST_STEP][PASSED] - file = file.replace(",", "."): null

25-11-2024T07:53:51 - [TEST_STEP][PASSED] - println("file Fact: " + file): null

25-11-2024T07:53:51 - [TEST_STEP][PASSED] - fileDouble = file.toDouble(): null

25-11-2024T07:53:51 - [TEST_STEP][PASSED] - typeOfData = "Факт в процентах": null

25-11-2024T07:53:51 - [TEST_STEP][PASSED] - fileDouble = file.toDouble(): null

25-11-2024T07:53:51 - [TEST_STEP][PASSED] - pageDouble = page2.toDouble(): null

25-11-2024T07:53:51 - [TEST_STEP][PASSED] - if (fileDouble != pageDouble): null

25-11-2024T07:53:51 - [TEST_STEP][PASSED] - if (verifyEqual(numberOfErrors, 0) == false): Actual object '0' and expected object '0' are equal

25-11-2024T07:53:51 - [MESSAGE][PASSED] - Actual object '0' and expected object '0' are equal

25-11-2024T07:53:51 - [TEST_STEP][PASSED] - if (a == 82): null

25-11-2024T07:53:51 - [TEST_STEP][PASSED] - dZO = "ООО «БрянскЭлектро»": null

25-11-2024T07:53:51 - [TEST_STEP][PASSED] - a = 13: null

25-11-2024T07:53:51 - [TEST_STEP][PASSED] - dzoCut = dZO.substring(5, 12): null

25-11-2024T07:53:51 - [TEST_STEP][PASSED] - if (x2.contains(dzoCut)): null

25-11-2024T07:53:51 - [TEST_STEP][PASSED] - filialNum = filialNum + 1: null

25-11-2024T07:53:51 - [TEST_STEP][PASSED] - Script1718980020443.Numbers(a, typeOfData, todaysDate, pageInt, fileInt, pageDouble, fileDouble, dZO, dzoNum, filialNum): null

25-11-2024T07:53:51 - [TEST_STEP][PASSED] - println(dzoNum): null

25-11-2024T07:53:51 - [TEST_STEP][PASSED] - planFact = <not implemented yet for class: org.codehaus.groovy.ast.expr.EmptyExpression>: null

25-11-2024T07:53:51 - [TEST_STEP][PASSED] - page = <not implemented yet for class: org.codehaus.groovy.ast.expr.EmptyExpression>: null

25-11-2024T07:53:51 - [TEST_STEP][PASSED] - page1 = <not implemented yet for class: org.codehaus.groovy.ast.expr.EmptyExpression>: null

25-11-2024T07:53:51 - [TEST_STEP][PASSED] - page2 = <not implemented yet for class: org.codehaus.groovy.ast.expr.EmptyExpression>: null

25-11-2024T07:53:51 - [TEST_STEP][PASSED] - filialNumberInRow = <not implemented yet for class: org.codehaus.groovy.ast.expr.EmptyExpression>: null

25-11-2024T07:53:51 - [TEST_STEP][PASSED] - filialsDzoNames = <not implemented yet for class: org.codehaus.groovy.ast.expr.EmptyExpression>: null

25-11-2024T07:53:51 - [TEST_STEP][PASSED] - numberOfFilials = <not implemented yet for class: org.codehaus.groovy.ast.expr.EmptyExpression>: null

25-11-2024T07:53:51 - [TEST_STEP][PASSED] - numberOfSpaces = <not implemented yet for class: org.codehaus.groovy.ast.expr.EmptyExpression>: null

25-11-2024T07:53:51 - [TEST_STEP][PASSED] - file = <not implemented yet for class: org.codehaus.groovy.ast.expr.EmptyExpression>: null

25-11-2024T07:53:51 - [TEST_STEP][PASSED] - otpusk = <not implemented yet for class: org.codehaus.groovy.ast.expr.EmptyExpression>: null

25-11-2024T07:53:51 - [TEST_STEP][PASSED] - poteri = <not implemented yet for class: org.codehaus.groovy.ast.expr.EmptyExpression>: null

25-11-2024T07:53:51 - [TEST_STEP][PASSED] - dataFolder = "Выполнение бизнес-плана/Значения со страницы Выполнение бизнес-плана/": null

25-11-2024T07:53:51 - [TEST_STEP][PASSED] - path = <not implemented yet for class: org.codehaus.groovy.ast.expr.EmptyExpression>: null

25-11-2024T07:53:51 - [TEST_STEP][PASSED] - typeOfDataMain = <not implemented yet for class: org.codehaus.groovy.ast.expr.EmptyExpression>: null

25-11-2024T07:53:51 - [TEST_STEP][PASSED] - fileOtpuskVSet = <not implemented yet for class: org.codehaus.groovy.ast.expr.EmptyExpression>: null

25-11-2024T07:53:51 - [TEST_STEP][PASSED] - pageOtpuskVSet = <not implemented yet for class: org.codehaus.groovy.ast.expr.EmptyExpression>: null

25-11-2024T07:53:51 - [TEST_STEP][PASSED] - filePoteri = <not implemented yet for class: org.codehaus.groovy.ast.expr.EmptyExpression>: null

25-11-2024T07:53:51 - [TEST_STEP][PASSED] - pagePoteri = <not implemented yet for class: org.codehaus.groovy.ast.expr.EmptyExpression>: null

25-11-2024T07:53:51 - [TEST_STEP][PASSED] - compare = <not implemented yet for class: org.codehaus.groovy.ast.expr.EmptyExpression>: null

25-11-2024T07:53:51 - [TEST_STEP][PASSED] - b = <not implemented yet for class: org.codehaus.groovy.ast.expr.EmptyExpression>: null

25-11-2024T07:53:51 - [TEST_STEP][PASSED] - i = <not implemented yet for class: org.codehaus.groovy.ast.expr.EmptyExpression>: null

25-11-2024T07:53:51 - [TEST_STEP][PASSED] - ii = <not implemented yet for class: org.codehaus.groovy.ast.expr.EmptyExpression>: null

25-11-2024T07:53:51 - [TEST_STEP][PASSED] - c = <not implemented yet for class: org.codehaus.groovy.ast.expr.EmptyExpression>: null

25-11-2024T07:53:51 - [TEST_STEP][PASSED] - numberOfErrors = 0: null

25-11-2024T07:53:51 - [TEST_STEP][PASSED] - if (a == 82): null

25-11-2024T07:53:51 - [TEST_STEP][PASSED] - b = findTestData("PlanFact").getValue(1, a): null

25-11-2024T07:53:51 - [TEST_STEP][PASSED] - i = b.indexOf(" (ГК)"): null

25-11-2024T07:53:51 - [TEST_STEP][PASSED] - if (i > -1): null

25-11-2024T07:53:51 - [TEST_STEP][PASSED] - i = b.indexOf("О ""): null

25-11-2024T07:53:51 - [TEST_STEP][PASSED] - if (i > -1): null

25-11-2024T07:53:51 - [TEST_STEP][PASSED] - i = b.indexOf("О «"): null

25-11-2024T07:53:51 - [TEST_STEP][PASSED] - if (i > -1): null

25-11-2024T07:53:51 - [TEST_STEP][PASSED] - b = b.substring(i + 3, b.length()): null

25-11-2024T07:53:51 - [TEST_STEP][PASSED] - i = b.indexOf("»"): null

25-11-2024T07:53:51 - [TEST_STEP][PASSED] - b = b.substring(0, i): null

25-11-2024T07:53:51 - [TEST_STEP][PASSED] - b = b.trim(): null

25-11-2024T07:53:51 - [TEST_STEP][PASSED] - i = b.indexOf("г. "): null

25-11-2024T07:53:51 - [TEST_STEP][PASSED] - if (i > -1): null

25-11-2024T07:53:51 - [TEST_STEP][PASSED] - println(b): null

25-11-2024T07:53:51 - [TEST_STEP][PASSED] - for ([planFact = 1, planFact < 3, (planFact++)]): Object: 'Object Repository/Выполнение бизнес-плана/Кнопка Факт' is clicked on

25-11-2024T07:53:51 - [TEST_STEP][PASSED] - if (planFact == 1): null

25-11-2024T07:53:51 - [TEST_STEP][PASSED] - typeOfDataMain = "Факт": null

25-11-2024T07:53:51 - [TEST_STEP][PASSED] - otpusk = findTestData("PlanFact").getValue(5, a): null

25-11-2024T07:53:51 - [TEST_STEP][PASSED] - poteri = findTestData("PlanFact").getValue(6, a): null

25-11-2024T07:53:51 - [TEST_STEP][PASSED] - otpusk = otpusk.replaceAll("\s+", ""): null

25-11-2024T07:53:51 - [TEST_STEP][PASSED] - poteri = poteri.replaceAll("\s+", ""): null

25-11-2024T07:53:51 - [TEST_STEP][PASSED] - typeOfData = typeOfDataMain + " Отпуск в сеть": null

25-11-2024T07:53:51 - [TEST_STEP][PASSED] - if (a == 82): null

25-11-2024T07:53:51 - [TEST_STEP][PASSED] - else if (a == 84): null

25-11-2024T07:53:51 - [TEST_STEP][PASSED] - else if (a == 52 || a == 72 || a == 28 || a == 73 || a == 77 || a == 74 || a == 65 || a == 36 || a == 44 || a == 53 || a == 80 || a == 54 || a == 1 || a == 18 || a == 59 || a == 81): null

25-11-2024T07:53:51 - [TEST_STEP][PASSED] - else: null

25-11-2024T07:53:51 - [TEST_STEP][PASSED] - path = dataFolder + typeOfData + " за отчётный период " + b: null

25-11-2024T07:53:51 - [TEST_STEP][PASSED] - println(path): null

25-11-2024T07:53:51 - [TEST_STEP][PASSED] - page = getText(findTestObject(path)): Text of object 'Object Repository/Выполнение бизнес-плана/Значения со страницы Выполнение бизнес-плана/Факт Отпуск в сеть за отчётный период БрянскЭлектро' is: '1 602 993'

25-11-2024T07:53:52 - [MESSAGE][PASSED] - Text of object 'Object Repository/Выполнение бизнес-плана/Значения со страницы Выполнение бизнес-плана/Факт Отпуск в сеть за отчётный период БрянскЭлектро' is: '1 602 993'

25-11-2024T07:53:52 - [TEST_STEP][PASSED] - page = page.replaceAll("\s+", ""): null

25-11-2024T07:53:52 - [TEST_STEP][PASSED] - fileOtpuskVSet = otpusk.toInteger(): null

25-11-2024T07:53:52 - [TEST_STEP][PASSED] - pageOtpuskVSet = page.toInteger(): null

25-11-2024T07:53:52 - [TEST_STEP][PASSED] - typeOfData = typeOfDataMain + " Потери": null

25-11-2024T07:53:52 - [TEST_STEP][PASSED] - if (a == 82): null

25-11-2024T07:53:52 - [TEST_STEP][PASSED] - else if (a == 84): null

25-11-2024T07:53:52 - [TEST_STEP][PASSED] - else if (a == 52 || a == 72 || a == 28 || a == 73 || a == 77 || a == 74 || a == 65 || a == 36 || a == 44 || a == 53 || a == 80 || a == 54 || a == 1 || a == 18 || a == 59 || a == 81): null

25-11-2024T07:53:52 - [TEST_STEP][PASSED] - else: null

25-11-2024T07:53:52 - [TEST_STEP][PASSED] - path = dataFolder + typeOfData + " за отчётный период " + b: null

25-11-2024T07:53:52 - [TEST_STEP][PASSED] - page = getText(findTestObject(path)): Text of object 'Object Repository/Выполнение бизнес-плана/Значения со страницы Выполнение бизнес-плана/Факт Потери за отчётный период БрянскЭлектро' is: '153 860'

25-11-2024T07:53:52 - [MESSAGE][PASSED] - Text of object 'Object Repository/Выполнение бизнес-плана/Значения со страницы Выполнение бизнес-плана/Факт Потери за отчётный период БрянскЭлектро' is: '153 860'

25-11-2024T07:53:52 - [TEST_STEP][PASSED] - page = page.replaceAll("\s+", ""): null

25-11-2024T07:53:52 - [TEST_STEP][PASSED] - filePoteri = poteri.toInteger(): null

25-11-2024T07:53:52 - [TEST_STEP][PASSED] - pagePoteri = page.toInteger(): null

25-11-2024T07:53:52 - [TEST_STEP][PASSED] - compare = pageOtpuskVSet: null

25-11-2024T07:53:52 - [TEST_STEP][PASSED] - if (compare == fileOtpuskVSet): null

25-11-2024T07:53:52 - [TEST_STEP][PASSED] - if (compare == fileOtpuskVSet): null

25-11-2024T07:53:52 - [TEST_STEP][PASSED] - compare = pagePoteri: null

25-11-2024T07:53:52 - [TEST_STEP][PASSED] - if (compare == filePoteri): null

25-11-2024T07:53:52 - [TEST_STEP][PASSED] - if (compare == filePoteri): null

25-11-2024T07:53:52 - [TEST_STEP][PASSED] - if (planFact == 2): null

25-11-2024T07:53:52 - [TEST_STEP][PASSED] - if (planFact == 1): null

25-11-2024T07:53:52 - [TEST_STEP][PASSED] - else if (planFact == 2): null

25-11-2024T07:53:52 - [TEST_STEP][PASSED] - click(findTestObject("Выполнение бизнес-плана/Кнопка План")): Object: 'Object Repository/Выполнение бизнес-плана/Кнопка План' is clicked on

25-11-2024T07:53:52 - [MESSAGE][PASSED] - Object: 'Object Repository/Выполнение бизнес-плана/Кнопка План' is clicked on

25-11-2024T07:53:52 - [TEST_STEP][PASSED] - typeOfDataMain = "План": null

25-11-2024T07:53:52 - [TEST_STEP][PASSED] - otpusk = findTestData("PlanFact").getValue(2, a): null

25-11-2024T07:53:52 - [TEST_STEP][PASSED] - poteri = findTestData("PlanFact").getValue(3, a): null

25-11-2024T07:53:52 - [TEST_STEP][PASSED] - otpusk = otpusk.replaceAll("\s+", ""): null

25-11-2024T07:53:52 - [TEST_STEP][PASSED] - poteri = poteri.replaceAll("\s+", ""): null

25-11-2024T07:53:52 - [TEST_STEP][PASSED] - typeOfData = typeOfDataMain + " Отпуск в сеть": null

25-11-2024T07:53:52 - [TEST_STEP][PASSED] - if (a == 82): null

25-11-2024T07:53:52 - [TEST_STEP][PASSED] - else if (a == 84): null

25-11-2024T07:53:52 - [TEST_STEP][PASSED] - else if (a == 52 || a == 72 || a == 28 || a == 73 || a == 77 || a == 74 || a == 65 || a == 36 || a == 44 || a == 53 || a == 80 || a == 54 || a == 1 || a == 18 || a == 59 || a == 81): null

25-11-2024T07:53:52 - [TEST_STEP][PASSED] - else: null

25-11-2024T07:53:52 - [TEST_STEP][PASSED] - path = dataFolder + typeOfData + " за отчётный период " + b: null

25-11-2024T07:53:52 - [TEST_STEP][PASSED] - println(path): null

25-11-2024T07:53:52 - [TEST_STEP][PASSED] - page = getText(findTestObject(path)): Text of object 'Object Repository/Выполнение бизнес-плана/Значения со страницы Выполнение бизнес-плана/План Отпуск в сеть за отчётный период БрянскЭлектро' is: '1 592 893'

25-11-2024T07:53:53 - [MESSAGE][PASSED] - Text of object 'Object Repository/Выполнение бизнес-плана/Значения со страницы Выполнение бизнес-плана/План Отпуск в сеть за отчётный период БрянскЭлектро' is: '1 592 893'

25-11-2024T07:53:53 - [TEST_STEP][PASSED] - page = page.replaceAll("\s+", ""): null

25-11-2024T07:53:53 - [TEST_STEP][PASSED] - fileOtpuskVSet = otpusk.toInteger(): null

25-11-2024T07:53:53 - [TEST_STEP][PASSED] - pageOtpuskVSet = page.toInteger(): null

25-11-2024T07:53:53 - [TEST_STEP][PASSED] - typeOfData = typeOfDataMain + " Потери": null

25-11-2024T07:53:53 - [TEST_STEP][PASSED] - if (a == 82): null

25-11-2024T07:53:53 - [TEST_STEP][PASSED] - else if (a == 84): null

25-11-2024T07:53:53 - [TEST_STEP][PASSED] - else if (a == 52 || a == 72 || a == 28 || a == 73 || a == 77 || a == 74 || a == 65 || a == 36 || a == 44 || a == 53 || a == 80 || a == 54 || a == 1 || a == 18 || a == 59 || a == 81): null

25-11-2024T07:53:53 - [TEST_STEP][PASSED] - else: null

25-11-2024T07:53:53 - [TEST_STEP][PASSED] - path = dataFolder + typeOfData + " за отчётный период " + b: null

25-11-2024T07:53:53 - [TEST_STEP][PASSED] - page = getText(findTestObject(path)): Text of object 'Object Repository/Выполнение бизнес-плана/Значения со страницы Выполнение бизнес-плана/План Потери за отчётный период БрянскЭлектро' is: '159 867'

25-11-2024T07:53:53 - [MESSAGE][PASSED] - Text of object 'Object Repository/Выполнение бизнес-плана/Значения со страницы Выполнение бизнес-плана/План Потери за отчётный период БрянскЭлектро' is: '159 867'

25-11-2024T07:53:53 - [TEST_STEP][PASSED] - page = page.replaceAll("\s+", ""): null

25-11-2024T07:53:53 - [TEST_STEP][PASSED] - filePoteri = poteri.toInteger(): null

25-11-2024T07:53:53 - [TEST_STEP][PASSED] - pagePoteri = page.toInteger(): null

25-11-2024T07:53:53 - [TEST_STEP][PASSED] - compare = pageOtpuskVSet: null

25-11-2024T07:53:53 - [TEST_STEP][PASSED] - if (compare == fileOtpuskVSet): null

25-11-2024T07:53:53 - [TEST_STEP][PASSED] - if (compare == fileOtpuskVSet): null

25-11-2024T07:53:53 - [TEST_STEP][PASSED] - compare = pagePoteri: null

25-11-2024T07:53:53 - [TEST_STEP][PASSED] - if (compare == filePoteri): null

25-11-2024T07:53:53 - [TEST_STEP][PASSED] - if (compare == filePoteri): null

25-11-2024T07:53:53 - [TEST_STEP][PASSED] - if (planFact == 2): Object: 'Object Repository/Выполнение бизнес-плана/Кнопка Факт' is clicked on

25-11-2024T07:53:53 - [TEST_STEP][PASSED] - click(findTestObject("Выполнение бизнес-плана/Кнопка Факт")): Object: 'Object Repository/Выполнение бизнес-плана/Кнопка Факт' is clicked on

25-11-2024T07:53:53 - [MESSAGE][PASSED] - Object: 'Object Repository/Выполнение бизнес-плана/Кнопка Факт' is clicked on

25-11-2024T07:53:53 - [TEST_STEP][PASSED] - if (a == 84 || a == 82): null

25-11-2024T07:53:53 - [TEST_STEP][PASSED] - else if (a == 52 || a == 72 || a == 28 || a == 73 || a == 77 || a == 74 || a == 65 || a == 36 || a == 44 || a == 53 || a == 80 || a == 54 || a == 1 || a == 18 || a == 59 || a == 81): null

25-11-2024T07:53:53 - [TEST_STEP][PASSED] - else: null

25-11-2024T07:53:53 - [TEST_STEP][PASSED] - page1 = getText(findTestObject("Object Repository/Выполнение бизнес-плана/spanPlan" + filialNum)): Text of object 'Object Repository/Выполнение бизнес-плана/spanPlan10' is: '10.04
|'

25-11-2024T07:53:54 - [MESSAGE][PASSED] - Text of object 'Object Repository/Выполнение бизнес-плана/spanPlan10' is: '10.04
|'

25-11-2024T07:53:54 - [TEST_STEP][PASSED] - page1 = page1.replace("|", ""): null

25-11-2024T07:53:54 - [TEST_STEP][PASSED] - page2 = getText(findTestObject("Object Repository/Выполнение бизнес-плана/spanFact" + filialNum)): Text of object 'Object Repository/Выполнение бизнес-плана/spanFact10' is: '9.60
|'

25-11-2024T07:53:54 - [MESSAGE][PASSED] - Text of object 'Object Repository/Выполнение бизнес-плана/spanFact10' is: '9.60
|'

25-11-2024T07:53:54 - [TEST_STEP][PASSED] - page2 = page2.replace("|", ""): null

25-11-2024T07:53:54 - [TEST_STEP][PASSED] - println("page1: " + page1): null

25-11-2024T07:53:54 - [TEST_STEP][PASSED] - println("page2: " + page2): null

25-11-2024T07:53:54 - [TEST_STEP][PASSED] - file = findTestData("PlanFact").getValue(4, a): null

25-11-2024T07:53:54 - [TEST_STEP][PASSED] - file = file.replace(",", "."): null

25-11-2024T07:53:54 - [TEST_STEP][PASSED] - println("file Plan: " + file): null

25-11-2024T07:53:54 - [TEST_STEP][PASSED] - typeOfData = "План в процентах": null

25-11-2024T07:53:54 - [TEST_STEP][PASSED] - fileDouble = file.toDouble(): null

25-11-2024T07:53:54 - [TEST_STEP][PASSED] - pageDouble = page1.toDouble(): null

25-11-2024T07:53:54 - [TEST_STEP][PASSED] - if (fileDouble != pageDouble): null

25-11-2024T07:53:54 - [TEST_STEP][PASSED] - file = findTestData("PlanFact").getValue(7, a): null

25-11-2024T07:53:54 - [TEST_STEP][PASSED] - file = file.replace(",", "."): null

25-11-2024T07:53:54 - [TEST_STEP][PASSED] - println("file Fact: " + file): null

25-11-2024T07:53:54 - [TEST_STEP][PASSED] - fileDouble = file.toDouble(): null

25-11-2024T07:53:54 - [TEST_STEP][PASSED] - typeOfData = "Факт в процентах": null

25-11-2024T07:53:54 - [TEST_STEP][PASSED] - fileDouble = file.toDouble(): null

25-11-2024T07:53:54 - [TEST_STEP][PASSED] - pageDouble = page2.toDouble(): null

25-11-2024T07:53:54 - [TEST_STEP][PASSED] - if (fileDouble != pageDouble): null

25-11-2024T07:53:54 - [TEST_STEP][PASSED] - if (verifyEqual(numberOfErrors, 0) == false): Actual object '0' and expected object '0' are equal

25-11-2024T07:53:54 - [MESSAGE][PASSED] - Actual object '0' and expected object '0' are equal

25-11-2024T07:53:54 - [TEST_STEP][PASSED] - if (a == 82): null

25-11-2024T07:53:54 - [TEST_STEP][PASSED] - dZO = "Орелэнерго": null

25-11-2024T07:53:54 - [TEST_STEP][PASSED] - a = 8: null

25-11-2024T07:53:54 - [TEST_STEP][PASSED] - if (x2.contains(dZO)): null

25-11-2024T07:53:54 - [TEST_STEP][PASSED] - filialNum = filialNum + 1: null

25-11-2024T07:53:54 - [TEST_STEP][PASSED] - Script1718980020443.Numbers(a, typeOfData, todaysDate, pageInt, fileInt, pageDouble, fileDouble, dZO, dzoNum, filialNum): null

25-11-2024T07:53:54 - [TEST_STEP][PASSED] - println(dzoNum): null

25-11-2024T07:53:54 - [TEST_STEP][PASSED] - planFact = <not implemented yet for class: org.codehaus.groovy.ast.expr.EmptyExpression>: null

25-11-2024T07:53:54 - [TEST_STEP][PASSED] - page = <not implemented yet for class: org.codehaus.groovy.ast.expr.EmptyExpression>: null

25-11-2024T07:53:54 - [TEST_STEP][PASSED] - page1 = <not implemented yet for class: org.codehaus.groovy.ast.expr.EmptyExpression>: null

25-11-2024T07:53:54 - [TEST_STEP][PASSED] - page2 = <not implemented yet for class: org.codehaus.groovy.ast.expr.EmptyExpression>: null

25-11-2024T07:53:54 - [TEST_STEP][PASSED] - filialNumberInRow = <not implemented yet for class: org.codehaus.groovy.ast.expr.EmptyExpression>: null

25-11-2024T07:53:54 - [TEST_STEP][PASSED] - filialsDzoNames = <not implemented yet for class: org.codehaus.groovy.ast.expr.EmptyExpression>: null

25-11-2024T07:53:54 - [TEST_STEP][PASSED] - numberOfFilials = <not implemented yet for class: org.codehaus.groovy.ast.expr.EmptyExpression>: null

25-11-2024T07:53:54 - [TEST_STEP][PASSED] - numberOfSpaces = <not implemented yet for class: org.codehaus.groovy.ast.expr.EmptyExpression>: null

25-11-2024T07:53:54 - [TEST_STEP][PASSED] - file = <not implemented yet for class: org.codehaus.groovy.ast.expr.EmptyExpression>: null

25-11-2024T07:53:54 - [TEST_STEP][PASSED] - otpusk = <not implemented yet for class: org.codehaus.groovy.ast.expr.EmptyExpression>: null

25-11-2024T07:53:54 - [TEST_STEP][PASSED] - poteri = <not implemented yet for class: org.codehaus.groovy.ast.expr.EmptyExpression>: null

25-11-2024T07:53:54 - [TEST_STEP][PASSED] - dataFolder = "Выполнение бизнес-плана/Значения со страницы Выполнение бизнес-плана/": null

25-11-2024T07:53:54 - [TEST_STEP][PASSED] - path = <not implemented yet for class: org.codehaus.groovy.ast.expr.EmptyExpression>: null

25-11-2024T07:53:54 - [TEST_STEP][PASSED] - typeOfDataMain = <not implemented yet for class: org.codehaus.groovy.ast.expr.EmptyExpression>: null

25-11-2024T07:53:54 - [TEST_STEP][PASSED] - fileOtpuskVSet = <not implemented yet for class: org.codehaus.groovy.ast.expr.EmptyExpression>: null

25-11-2024T07:53:54 - [TEST_STEP][PASSED] - pageOtpuskVSet = <not implemented yet for class: org.codehaus.groovy.ast.expr.EmptyExpression>: null

25-11-2024T07:53:54 - [TEST_STEP][PASSED] - filePoteri = <not implemented yet for class: org.codehaus.groovy.ast.expr.EmptyExpression>: null

25-11-2024T07:53:54 - [TEST_STEP][PASSED] - pagePoteri = <not implemented yet for class: org.codehaus.groovy.ast.expr.EmptyExpression>: null

25-11-2024T07:53:54 - [TEST_STEP][PASSED] - compare = <not implemented yet for class: org.codehaus.groovy.ast.expr.EmptyExpression>: null

25-11-2024T07:53:54 - [TEST_STEP][PASSED] - b = <not implemented yet for class: org.codehaus.groovy.ast.expr.EmptyExpression>: null

25-11-2024T07:53:54 - [TEST_STEP][PASSED] - i = <not implemented yet for class: org.codehaus.groovy.ast.expr.EmptyExpression>: null

25-11-2024T07:53:54 - [TEST_STEP][PASSED] - ii = <not implemented yet for class: org.codehaus.groovy.ast.expr.EmptyExpression>: null

25-11-2024T07:53:54 - [TEST_STEP][PASSED] - c = <not implemented yet for class: org.codehaus.groovy.ast.expr.EmptyExpression>: null

25-11-2024T07:53:54 - [TEST_STEP][PASSED] - numberOfErrors = 0: null

25-11-2024T07:53:54 - [TEST_STEP][PASSED] - if (a == 82): null

25-11-2024T07:53:54 - [TEST_STEP][PASSED] - b = findTestData("PlanFact").getValue(1, a): null

25-11-2024T07:53:54 - [TEST_STEP][PASSED] - i = b.indexOf(" (ГК)"): null

25-11-2024T07:53:54 - [TEST_STEP][PASSED] - if (i > -1): null

25-11-2024T07:53:54 - [TEST_STEP][PASSED] - i = b.indexOf("О ""): null

25-11-2024T07:53:54 - [TEST_STEP][PASSED] - if (i > -1): null

25-11-2024T07:53:54 - [TEST_STEP][PASSED] - i = b.indexOf("О «"): null

25-11-2024T07:53:54 - [TEST_STEP][PASSED] - if (i > -1): null

25-11-2024T07:53:54 - [TEST_STEP][PASSED] - i = b.indexOf("г. "): null

25-11-2024T07:53:54 - [TEST_STEP][PASSED] - if (i > -1): null

25-11-2024T07:53:54 - [TEST_STEP][PASSED] - println(b): null

25-11-2024T07:53:54 - [TEST_STEP][PASSED] - for ([planFact = 1, planFact < 3, (planFact++)]): Object: 'Object Repository/Выполнение бизнес-плана/Кнопка Факт' is clicked on

25-11-2024T07:53:54 - [TEST_STEP][PASSED] - if (planFact == 1): null

25-11-2024T07:53:54 - [TEST_STEP][PASSED] - typeOfDataMain = "Факт": null

25-11-2024T07:53:54 - [TEST_STEP][PASSED] - otpusk = findTestData("PlanFact").getValue(5, a): null

25-11-2024T07:53:54 - [TEST_STEP][PASSED] - poteri = findTestData("PlanFact").getValue(6, a): null

25-11-2024T07:53:54 - [TEST_STEP][PASSED] - otpusk = otpusk.replaceAll("\s+", ""): null

25-11-2024T07:53:54 - [TEST_STEP][PASSED] - poteri = poteri.replaceAll("\s+", ""): null

25-11-2024T07:53:54 - [TEST_STEP][PASSED] - typeOfData = typeOfDataMain + " Отпуск в сеть": null

25-11-2024T07:53:54 - [TEST_STEP][PASSED] - if (a == 82): null

25-11-2024T07:53:54 - [TEST_STEP][PASSED] - else if (a == 84): null

25-11-2024T07:53:54 - [TEST_STEP][PASSED] - else if (a == 52 || a == 72 || a == 28 || a == 73 || a == 77 || a == 74 || a == 65 || a == 36 || a == 44 || a == 53 || a == 80 || a == 54 || a == 1 || a == 18 || a == 59 || a == 81): null

25-11-2024T07:53:54 - [TEST_STEP][PASSED] - else: null

25-11-2024T07:53:54 - [TEST_STEP][PASSED] - path = dataFolder + typeOfData + " за отчётный период " + b: null

25-11-2024T07:53:54 - [TEST_STEP][PASSED] - println(path): null

25-11-2024T07:53:54 - [TEST_STEP][PASSED] - page = getText(findTestObject(path)): Text of object 'Object Repository/Выполнение бизнес-плана/Значения со страницы Выполнение бизнес-плана/Факт Отпуск в сеть за отчётный период Орелэнерго' is: '1 788 018'

25-11-2024T07:53:55 - [MESSAGE][PASSED] - Text of object 'Object Repository/Выполнение бизнес-плана/Значения со страницы Выполнение бизнес-плана/Факт Отпуск в сеть за отчётный период Орелэнерго' is: '1 788 018'

25-11-2024T07:53:55 - [TEST_STEP][PASSED] - page = page.replaceAll("\s+", ""): null

25-11-2024T07:53:55 - [TEST_STEP][PASSED] - fileOtpuskVSet = otpusk.toInteger(): null

25-11-2024T07:53:55 - [TEST_STEP][PASSED] - pageOtpuskVSet = page.toInteger(): null

25-11-2024T07:53:55 - [TEST_STEP][PASSED] - typeOfData = typeOfDataMain + " Потери": null

25-11-2024T07:53:55 - [TEST_STEP][PASSED] - if (a == 82): null

25-11-2024T07:53:55 - [TEST_STEP][PASSED] - else if (a == 84): null

25-11-2024T07:53:55 - [TEST_STEP][PASSED] - else if (a == 52 || a == 72 || a == 28 || a == 73 || a == 77 || a == 74 || a == 65 || a == 36 || a == 44 || a == 53 || a == 80 || a == 54 || a == 1 || a == 18 || a == 59 || a == 81): null

25-11-2024T07:53:55 - [TEST_STEP][PASSED] - else: null

25-11-2024T07:53:55 - [TEST_STEP][PASSED] - path = dataFolder + typeOfData + " за отчётный период " + b: null

25-11-2024T07:53:55 - [TEST_STEP][PASSED] - page = getText(findTestObject(path)): Text of object 'Object Repository/Выполнение бизнес-плана/Значения со страницы Выполнение бизнес-плана/Факт Потери за отчётный период Орелэнерго' is: '153 685'

25-11-2024T07:53:55 - [MESSAGE][PASSED] - Text of object 'Object Repository/Выполнение бизнес-плана/Значения со страницы Выполнение бизнес-плана/Факт Потери за отчётный период Орелэнерго' is: '153 685'

25-11-2024T07:53:55 - [TEST_STEP][PASSED] - page = page.replaceAll("\s+", ""): null

25-11-2024T07:53:55 - [TEST_STEP][PASSED] - filePoteri = poteri.toInteger(): null

25-11-2024T07:53:55 - [TEST_STEP][PASSED] - pagePoteri = page.toInteger(): null

25-11-2024T07:53:55 - [TEST_STEP][PASSED] - compare = pageOtpuskVSet: null

25-11-2024T07:53:55 - [TEST_STEP][PASSED] - if (compare == fileOtpuskVSet): null

25-11-2024T07:53:55 - [TEST_STEP][PASSED] - if (compare == fileOtpuskVSet): null

25-11-2024T07:53:55 - [TEST_STEP][PASSED] - compare = pagePoteri: null

25-11-2024T07:53:55 - [TEST_STEP][PASSED] - if (compare == filePoteri): null

25-11-2024T07:53:55 - [TEST_STEP][PASSED] - if (compare == filePoteri): null

25-11-2024T07:53:55 - [TEST_STEP][PASSED] - if (planFact == 2): null

25-11-2024T07:53:55 - [TEST_STEP][PASSED] - if (planFact == 1): null

25-11-2024T07:53:55 - [TEST_STEP][PASSED] - else if (planFact == 2): null

25-11-2024T07:53:55 - [TEST_STEP][PASSED] - click(findTestObject("Выполнение бизнес-плана/Кнопка План")): Object: 'Object Repository/Выполнение бизнес-плана/Кнопка План' is clicked on

25-11-2024T07:53:55 - [MESSAGE][PASSED] - Object: 'Object Repository/Выполнение бизнес-плана/Кнопка План' is clicked on

25-11-2024T07:53:55 - [TEST_STEP][PASSED] - typeOfDataMain = "План": null

25-11-2024T07:53:55 - [TEST_STEP][PASSED] - otpusk = findTestData("PlanFact").getValue(2, a): null

25-11-2024T07:53:55 - [TEST_STEP][PASSED] - poteri = findTestData("PlanFact").getValue(3, a): null

25-11-2024T07:53:55 - [TEST_STEP][PASSED] - otpusk = otpusk.replaceAll("\s+", ""): null

25-11-2024T07:53:55 - [TEST_STEP][PASSED] - poteri = poteri.replaceAll("\s+", ""): null

25-11-2024T07:53:55 - [TEST_STEP][PASSED] - typeOfData = typeOfDataMain + " Отпуск в сеть": null

25-11-2024T07:53:55 - [TEST_STEP][PASSED] - if (a == 82): null

25-11-2024T07:53:55 - [TEST_STEP][PASSED] - else if (a == 84): null

25-11-2024T07:53:55 - [TEST_STEP][PASSED] - else if (a == 52 || a == 72 || a == 28 || a == 73 || a == 77 || a == 74 || a == 65 || a == 36 || a == 44 || a == 53 || a == 80 || a == 54 || a == 1 || a == 18 || a == 59 || a == 81): null

25-11-2024T07:53:55 - [TEST_STEP][PASSED] - else: null

25-11-2024T07:53:55 - [TEST_STEP][PASSED] - path = dataFolder + typeOfData + " за отчётный период " + b: null

25-11-2024T07:53:55 - [TEST_STEP][PASSED] - println(path): null

25-11-2024T07:53:55 - [TEST_STEP][PASSED] - page = getText(findTestObject(path)): Text of object 'Object Repository/Выполнение бизнес-плана/Значения со страницы Выполнение бизнес-плана/План Отпуск в сеть за отчётный период Орелэнерго' is: '1 748 788'

25-11-2024T07:53:56 - [MESSAGE][PASSED] - Text of object 'Object Repository/Выполнение бизнес-плана/Значения со страницы Выполнение бизнес-плана/План Отпуск в сеть за отчётный период Орелэнерго' is: '1 748 788'

25-11-2024T07:53:56 - [TEST_STEP][PASSED] - page = page.replaceAll("\s+", ""): null

25-11-2024T07:53:56 - [TEST_STEP][PASSED] - fileOtpuskVSet = otpusk.toInteger(): null

25-11-2024T07:53:56 - [TEST_STEP][PASSED] - pageOtpuskVSet = page.toInteger(): null

25-11-2024T07:53:56 - [TEST_STEP][PASSED] - typeOfData = typeOfDataMain + " Потери": null

25-11-2024T07:53:56 - [TEST_STEP][PASSED] - if (a == 82): null

25-11-2024T07:53:56 - [TEST_STEP][PASSED] - else if (a == 84): null

25-11-2024T07:53:56 - [TEST_STEP][PASSED] - else if (a == 52 || a == 72 || a == 28 || a == 73 || a == 77 || a == 74 || a == 65 || a == 36 || a == 44 || a == 53 || a == 80 || a == 54 || a == 1 || a == 18 || a == 59 || a == 81): null

25-11-2024T07:53:56 - [TEST_STEP][PASSED] - else: null

25-11-2024T07:53:56 - [TEST_STEP][PASSED] - path = dataFolder + typeOfData + " за отчётный период " + b: null

25-11-2024T07:53:56 - [TEST_STEP][PASSED] - page = getText(findTestObject(path)): Text of object 'Object Repository/Выполнение бизнес-плана/Значения со страницы Выполнение бизнес-плана/План Потери за отчётный период Орелэнерго' is: '158 669'

25-11-2024T07:53:56 - [MESSAGE][PASSED] - Text of object 'Object Repository/Выполнение бизнес-плана/Значения со страницы Выполнение бизнес-плана/План Потери за отчётный период Орелэнерго' is: '158 669'

25-11-2024T07:53:56 - [TEST_STEP][PASSED] - page = page.replaceAll("\s+", ""): null

25-11-2024T07:53:56 - [TEST_STEP][PASSED] - filePoteri = poteri.toInteger(): null

25-11-2024T07:53:56 - [TEST_STEP][PASSED] - pagePoteri = page.toInteger(): null

25-11-2024T07:53:56 - [TEST_STEP][PASSED] - compare = pageOtpuskVSet: null

25-11-2024T07:53:56 - [TEST_STEP][PASSED] - if (compare == fileOtpuskVSet): null

25-11-2024T07:53:56 - [TEST_STEP][PASSED] - if (compare == fileOtpuskVSet): null

25-11-2024T07:53:56 - [TEST_STEP][PASSED] - compare = pagePoteri: null

25-11-2024T07:53:56 - [TEST_STEP][PASSED] - if (compare == filePoteri): null

25-11-2024T07:53:56 - [TEST_STEP][PASSED] - if (compare == filePoteri): null

25-11-2024T07:53:56 - [TEST_STEP][PASSED] - if (planFact == 2): Object: 'Object Repository/Выполнение бизнес-плана/Кнопка Факт' is clicked on

25-11-2024T07:53:56 - [TEST_STEP][PASSED] - click(findTestObject("Выполнение бизнес-плана/Кнопка Факт")): Object: 'Object Repository/Выполнение бизнес-плана/Кнопка Факт' is clicked on

25-11-2024T07:53:56 - [MESSAGE][PASSED] - Object: 'Object Repository/Выполнение бизнес-плана/Кнопка Факт' is clicked on

25-11-2024T07:53:56 - [TEST_STEP][PASSED] - if (a == 84 || a == 82): null

25-11-2024T07:53:56 - [TEST_STEP][PASSED] - else if (a == 52 || a == 72 || a == 28 || a == 73 || a == 77 || a == 74 || a == 65 || a == 36 || a == 44 || a == 53 || a == 80 || a == 54 || a == 1 || a == 18 || a == 59 || a == 81): null

25-11-2024T07:53:56 - [TEST_STEP][PASSED] - else: null

25-11-2024T07:53:56 - [TEST_STEP][PASSED] - page1 = getText(findTestObject("Object Repository/Выполнение бизнес-плана/spanPlan" + filialNum)): Text of object 'Object Repository/Выполнение бизнес-плана/spanPlan11' is: '9.07
|'

25-11-2024T07:53:57 - [MESSAGE][PASSED] - Text of object 'Object Repository/Выполнение бизнес-плана/spanPlan11' is: '9.07
|'

25-11-2024T07:53:57 - [TEST_STEP][PASSED] - page1 = page1.replace("|", ""): null

25-11-2024T07:53:57 - [TEST_STEP][PASSED] - page2 = getText(findTestObject("Object Repository/Выполнение бизнес-плана/spanFact" + filialNum)): Text of object 'Object Repository/Выполнение бизнес-плана/spanFact11' is: '8.60
|'

25-11-2024T07:53:57 - [MESSAGE][PASSED] - Text of object 'Object Repository/Выполнение бизнес-плана/spanFact11' is: '8.60
|'

25-11-2024T07:53:57 - [TEST_STEP][PASSED] - page2 = page2.replace("|", ""): null

25-11-2024T07:53:57 - [TEST_STEP][PASSED] - println("page1: " + page1): null

25-11-2024T07:53:57 - [TEST_STEP][PASSED] - println("page2: " + page2): null

25-11-2024T07:53:57 - [TEST_STEP][PASSED] - file = findTestData("PlanFact").getValue(4, a): null

25-11-2024T07:53:57 - [TEST_STEP][PASSED] - file = file.replace(",", "."): null

25-11-2024T07:53:57 - [TEST_STEP][PASSED] - println("file Plan: " + file): null

25-11-2024T07:53:57 - [TEST_STEP][PASSED] - typeOfData = "План в процентах": null

25-11-2024T07:53:57 - [TEST_STEP][PASSED] - fileDouble = file.toDouble(): null

25-11-2024T07:53:57 - [TEST_STEP][PASSED] - pageDouble = page1.toDouble(): null

25-11-2024T07:53:57 - [TEST_STEP][PASSED] - if (fileDouble != pageDouble): null

25-11-2024T07:53:57 - [TEST_STEP][PASSED] - file = findTestData("PlanFact").getValue(7, a): null

25-11-2024T07:53:57 - [TEST_STEP][PASSED] - file = file.replace(",", "."): null

25-11-2024T07:53:57 - [TEST_STEP][PASSED] - println("file Fact: " + file): null

25-11-2024T07:53:57 - [TEST_STEP][PASSED] - fileDouble = file.toDouble(): null

25-11-2024T07:53:57 - [TEST_STEP][PASSED] - typeOfData = "Факт в процентах": null

25-11-2024T07:53:57 - [TEST_STEP][PASSED] - fileDouble = file.toDouble(): null

25-11-2024T07:53:57 - [TEST_STEP][PASSED] - pageDouble = page2.toDouble(): null

25-11-2024T07:53:57 - [TEST_STEP][PASSED] - if (fileDouble != pageDouble): null

25-11-2024T07:53:57 - [TEST_STEP][PASSED] - if (verifyEqual(numberOfErrors, 0) == false): Actual object '0' and expected object '0' are equal

25-11-2024T07:53:57 - [MESSAGE][PASSED] - Actual object '0' and expected object '0' are equal

25-11-2024T07:53:57 - [TEST_STEP][PASSED] - if (a == 82): null

25-11-2024T07:53:57 - [TEST_STEP][PASSED] - dZO = "Смоленскэнерго": null

25-11-2024T07:53:57 - [TEST_STEP][PASSED] - a = 9: null

25-11-2024T07:53:57 - [TEST_STEP][PASSED] - if (x2.contains(dZO)): null

25-11-2024T07:53:57 - [TEST_STEP][PASSED] - filialNum = filialNum + 1: null

25-11-2024T07:53:57 - [TEST_STEP][PASSED] - Script1718980020443.Numbers(a, typeOfData, todaysDate, pageInt, fileInt, pageDouble, fileDouble, dZO, dzoNum, filialNum): null

25-11-2024T07:53:57 - [TEST_STEP][PASSED] - println(dzoNum): null

25-11-2024T07:53:57 - [TEST_STEP][PASSED] - planFact = <not implemented yet for class: org.codehaus.groovy.ast.expr.EmptyExpression>: null

25-11-2024T07:53:57 - [TEST_STEP][PASSED] - page = <not implemented yet for class: org.codehaus.groovy.ast.expr.EmptyExpression>: null

25-11-2024T07:53:57 - [TEST_STEP][PASSED] - page1 = <not implemented yet for class: org.codehaus.groovy.ast.expr.EmptyExpression>: null

25-11-2024T07:53:57 - [TEST_STEP][PASSED] - page2 = <not implemented yet for class: org.codehaus.groovy.ast.expr.EmptyExpression>: null

25-11-2024T07:53:57 - [TEST_STEP][PASSED] - filialNumberInRow = <not implemented yet for class: org.codehaus.groovy.ast.expr.EmptyExpression>: null

25-11-2024T07:53:57 - [TEST_STEP][PASSED] - filialsDzoNames = <not implemented yet for class: org.codehaus.groovy.ast.expr.EmptyExpression>: null

25-11-2024T07:53:57 - [TEST_STEP][PASSED] - numberOfFilials = <not implemented yet for class: org.codehaus.groovy.ast.expr.EmptyExpression>: null

25-11-2024T07:53:57 - [TEST_STEP][PASSED] - numberOfSpaces = <not implemented yet for class: org.codehaus.groovy.ast.expr.EmptyExpression>: null

25-11-2024T07:53:57 - [TEST_STEP][PASSED] - file = <not implemented yet for class: org.codehaus.groovy.ast.expr.EmptyExpression>: null

25-11-2024T07:53:57 - [TEST_STEP][PASSED] - otpusk = <not implemented yet for class: org.codehaus.groovy.ast.expr.EmptyExpression>: null

25-11-2024T07:53:57 - [TEST_STEP][PASSED] - poteri = <not implemented yet for class: org.codehaus.groovy.ast.expr.EmptyExpression>: null

25-11-2024T07:53:57 - [TEST_STEP][PASSED] - dataFolder = "Выполнение бизнес-плана/Значения со страницы Выполнение бизнес-плана/": null

25-11-2024T07:53:57 - [TEST_STEP][PASSED] - path = <not implemented yet for class: org.codehaus.groovy.ast.expr.EmptyExpression>: null

25-11-2024T07:53:57 - [TEST_STEP][PASSED] - typeOfDataMain = <not implemented yet for class: org.codehaus.groovy.ast.expr.EmptyExpression>: null

25-11-2024T07:53:57 - [TEST_STEP][PASSED] - fileOtpuskVSet = <not implemented yet for class: org.codehaus.groovy.ast.expr.EmptyExpression>: null

25-11-2024T07:53:57 - [TEST_STEP][PASSED] - pageOtpuskVSet = <not implemented yet for class: org.codehaus.groovy.ast.expr.EmptyExpression>: null

25-11-2024T07:53:57 - [TEST_STEP][PASSED] - filePoteri = <not implemented yet for class: org.codehaus.groovy.ast.expr.EmptyExpression>: null

25-11-2024T07:53:57 - [TEST_STEP][PASSED] - pagePoteri = <not implemented yet for class: org.codehaus.groovy.ast.expr.EmptyExpression>: null

25-11-2024T07:53:57 - [TEST_STEP][PASSED] - compare = <not implemented yet for class: org.codehaus.groovy.ast.expr.EmptyExpression>: null

25-11-2024T07:53:57 - [TEST_STEP][PASSED] - b = <not implemented yet for class: org.codehaus.groovy.ast.expr.EmptyExpression>: null

25-11-2024T07:53:57 - [TEST_STEP][PASSED] - i = <not implemented yet for class: org.codehaus.groovy.ast.expr.EmptyExpression>: null

25-11-2024T07:53:57 - [TEST_STEP][PASSED] - ii = <not implemented yet for class: org.codehaus.groovy.ast.expr.EmptyExpression>: null

25-11-2024T07:53:57 - [TEST_STEP][PASSED] - c = <not implemented yet for class: org.codehaus.groovy.ast.expr.EmptyExpression>: null

25-11-2024T07:53:57 - [TEST_STEP][PASSED] - numberOfErrors = 0: null

25-11-2024T07:53:57 - [TEST_STEP][PASSED] - if (a == 82): null

25-11-2024T07:53:57 - [TEST_STEP][PASSED] - b = findTestData("PlanFact").getValue(1, a): null

25-11-2024T07:53:57 - [TEST_STEP][PASSED] - i = b.indexOf(" (ГК)"): null

25-11-2024T07:53:57 - [TEST_STEP][PASSED] - if (i > -1): null

25-11-2024T07:53:57 - [TEST_STEP][PASSED] - i = b.indexOf("О ""): null

25-11-2024T07:53:57 - [TEST_STEP][PASSED] - if (i > -1): null

25-11-2024T07:53:57 - [TEST_STEP][PASSED] - i = b.indexOf("О «"): null

25-11-2024T07:53:57 - [TEST_STEP][PASSED] - if (i > -1): null

25-11-2024T07:53:57 - [TEST_STEP][PASSED] - i = b.indexOf("г. "): null

25-11-2024T07:53:57 - [TEST_STEP][PASSED] - if (i > -1): null

25-11-2024T07:53:57 - [TEST_STEP][PASSED] - println(b): null

25-11-2024T07:53:57 - [TEST_STEP][PASSED] - for ([planFact = 1, planFact < 3, (planFact++)]): Object: 'Object Repository/Выполнение бизнес-плана/Кнопка Факт' is clicked on

25-11-2024T07:53:57 - [TEST_STEP][PASSED] - if (planFact == 1): null

25-11-2024T07:53:57 - [TEST_STEP][PASSED] - typeOfDataMain = "Факт": null

25-11-2024T07:53:57 - [TEST_STEP][PASSED] - otpusk = findTestData("PlanFact").getValue(5, a): null

25-11-2024T07:53:57 - [TEST_STEP][PASSED] - poteri = findTestData("PlanFact").getValue(6, a): null

25-11-2024T07:53:57 - [TEST_STEP][PASSED] - otpusk = otpusk.replaceAll("\s+", ""): null

25-11-2024T07:53:57 - [TEST_STEP][PASSED] - poteri = poteri.replaceAll("\s+", ""): null

25-11-2024T07:53:57 - [TEST_STEP][PASSED] - typeOfData = typeOfDataMain + " Отпуск в сеть": null

25-11-2024T07:53:57 - [TEST_STEP][PASSED] - if (a == 82): null

25-11-2024T07:53:57 - [TEST_STEP][PASSED] - else if (a == 84): null

25-11-2024T07:53:57 - [TEST_STEP][PASSED] - else if (a == 52 || a == 72 || a == 28 || a == 73 || a == 77 || a == 74 || a == 65 || a == 36 || a == 44 || a == 53 || a == 80 || a == 54 || a == 1 || a == 18 || a == 59 || a == 81): null

25-11-2024T07:53:57 - [TEST_STEP][PASSED] - else: null

25-11-2024T07:53:57 - [TEST_STEP][PASSED] - path = dataFolder + typeOfData + " за отчётный период " + b: null

25-11-2024T07:53:57 - [TEST_STEP][PASSED] - println(path): null

25-11-2024T07:53:57 - [TEST_STEP][PASSED] - page = getText(findTestObject(path)): Text of object 'Object Repository/Выполнение бизнес-плана/Значения со страницы Выполнение бизнес-плана/Факт Отпуск в сеть за отчётный период Смоленскэнерго' is: '2 877 695'

25-11-2024T07:53:58 - [MESSAGE][PASSED] - Text of object 'Object Repository/Выполнение бизнес-плана/Значения со страницы Выполнение бизнес-плана/Факт Отпуск в сеть за отчётный период Смоленскэнерго' is: '2 877 695'

25-11-2024T07:53:58 - [TEST_STEP][PASSED] - page = page.replaceAll("\s+", ""): null

25-11-2024T07:53:58 - [TEST_STEP][PASSED] - fileOtpuskVSet = otpusk.toInteger(): null

25-11-2024T07:53:58 - [TEST_STEP][PASSED] - pageOtpuskVSet = page.toInteger(): null

25-11-2024T07:53:58 - [TEST_STEP][PASSED] - typeOfData = typeOfDataMain + " Потери": null

25-11-2024T07:53:58 - [TEST_STEP][PASSED] - if (a == 82): null

25-11-2024T07:53:58 - [TEST_STEP][PASSED] - else if (a == 84): null

25-11-2024T07:53:58 - [TEST_STEP][PASSED] - else if (a == 52 || a == 72 || a == 28 || a == 73 || a == 77 || a == 74 || a == 65 || a == 36 || a == 44 || a == 53 || a == 80 || a == 54 || a == 1 || a == 18 || a == 59 || a == 81): null

25-11-2024T07:53:58 - [TEST_STEP][PASSED] - else: null

25-11-2024T07:53:58 - [TEST_STEP][PASSED] - path = dataFolder + typeOfData + " за отчётный период " + b: null

25-11-2024T07:53:58 - [TEST_STEP][PASSED] - page = getText(findTestObject(path)): Text of object 'Object Repository/Выполнение бизнес-плана/Значения со страницы Выполнение бизнес-плана/Факт Потери за отчётный период Смоленскэнерго' is: '338 207'

25-11-2024T07:53:58 - [MESSAGE][PASSED] - Text of object 'Object Repository/Выполнение бизнес-плана/Значения со страницы Выполнение бизнес-плана/Факт Потери за отчётный период Смоленскэнерго' is: '338 207'

25-11-2024T07:53:58 - [TEST_STEP][PASSED] - page = page.replaceAll("\s+", ""): null

25-11-2024T07:53:58 - [TEST_STEP][PASSED] - filePoteri = poteri.toInteger(): null

25-11-2024T07:53:58 - [TEST_STEP][PASSED] - pagePoteri = page.toInteger(): null

25-11-2024T07:53:58 - [TEST_STEP][PASSED] - compare = pageOtpuskVSet: null

25-11-2024T07:53:58 - [TEST_STEP][PASSED] - if (compare == fileOtpuskVSet): null

25-11-2024T07:53:58 - [TEST_STEP][PASSED] - if (compare == fileOtpuskVSet): null

25-11-2024T07:53:58 - [TEST_STEP][PASSED] - compare = pagePoteri: null

25-11-2024T07:53:58 - [TEST_STEP][PASSED] - if (compare == filePoteri): null

25-11-2024T07:53:58 - [TEST_STEP][PASSED] - if (compare == filePoteri): null

25-11-2024T07:53:58 - [TEST_STEP][PASSED] - if (planFact == 2): null

25-11-2024T07:53:58 - [TEST_STEP][PASSED] - if (planFact == 1): null

25-11-2024T07:53:58 - [TEST_STEP][PASSED] - else if (planFact == 2): null

25-11-2024T07:53:58 - [TEST_STEP][PASSED] - click(findTestObject("Выполнение бизнес-плана/Кнопка План")): Object: 'Object Repository/Выполнение бизнес-плана/Кнопка План' is clicked on

25-11-2024T07:53:58 - [MESSAGE][PASSED] - Object: 'Object Repository/Выполнение бизнес-плана/Кнопка План' is clicked on

25-11-2024T07:53:58 - [TEST_STEP][PASSED] - typeOfDataMain = "План": null

25-11-2024T07:53:58 - [TEST_STEP][PASSED] - otpusk = findTestData("PlanFact").getValue(2, a): null

25-11-2024T07:53:58 - [TEST_STEP][PASSED] - poteri = findTestData("PlanFact").getValue(3, a): null

25-11-2024T07:53:58 - [TEST_STEP][PASSED] - otpusk = otpusk.replaceAll("\s+", ""): null

25-11-2024T07:53:58 - [TEST_STEP][PASSED] - poteri = poteri.replaceAll("\s+", ""): null

25-11-2024T07:53:58 - [TEST_STEP][PASSED] - typeOfData = typeOfDataMain + " Отпуск в сеть": null

25-11-2024T07:53:58 - [TEST_STEP][PASSED] - if (a == 82): null

25-11-2024T07:53:58 - [TEST_STEP][PASSED] - else if (a == 84): null

25-11-2024T07:53:58 - [TEST_STEP][PASSED] - else if (a == 52 || a == 72 || a == 28 || a == 73 || a == 77 || a == 74 || a == 65 || a == 36 || a == 44 || a == 53 || a == 80 || a == 54 || a == 1 || a == 18 || a == 59 || a == 81): null

25-11-2024T07:53:58 - [TEST_STEP][PASSED] - else: null

25-11-2024T07:53:58 - [TEST_STEP][PASSED] - path = dataFolder + typeOfData + " за отчётный период " + b: null

25-11-2024T07:53:58 - [TEST_STEP][PASSED] - println(path): null

25-11-2024T07:53:58 - [TEST_STEP][PASSED] - page = getText(findTestObject(path)): Text of object 'Object Repository/Выполнение бизнес-плана/Значения со страницы Выполнение бизнес-плана/План Отпуск в сеть за отчётный период Смоленскэнерго' is: '2 861 590'

25-11-2024T07:53:59 - [MESSAGE][PASSED] - Text of object 'Object Repository/Выполнение бизнес-плана/Значения со страницы Выполнение бизнес-плана/План Отпуск в сеть за отчётный период Смоленскэнерго' is: '2 861 590'

25-11-2024T07:53:59 - [TEST_STEP][PASSED] - page = page.replaceAll("\s+", ""): null

25-11-2024T07:53:59 - [TEST_STEP][PASSED] - fileOtpuskVSet = otpusk.toInteger(): null

25-11-2024T07:53:59 - [TEST_STEP][PASSED] - pageOtpuskVSet = page.toInteger(): null

25-11-2024T07:53:59 - [TEST_STEP][PASSED] - typeOfData = typeOfDataMain + " Потери": null

25-11-2024T07:53:59 - [TEST_STEP][PASSED] - if (a == 82): null

25-11-2024T07:53:59 - [TEST_STEP][PASSED] - else if (a == 84): null

25-11-2024T07:53:59 - [TEST_STEP][PASSED] - else if (a == 52 || a == 72 || a == 28 || a == 73 || a == 77 || a == 74 || a == 65 || a == 36 || a == 44 || a == 53 || a == 80 || a == 54 || a == 1 || a == 18 || a == 59 || a == 81): null

25-11-2024T07:53:59 - [TEST_STEP][PASSED] - else: null

25-11-2024T07:53:59 - [TEST_STEP][PASSED] - path = dataFolder + typeOfData + " за отчётный период " + b: null

25-11-2024T07:53:59 - [TEST_STEP][PASSED] - page = getText(findTestObject(path)): Text of object 'Object Repository/Выполнение бизнес-плана/Значения со страницы Выполнение бизнес-плана/План Потери за отчётный период Смоленскэнерго' is: '339 390'

25-11-2024T07:53:59 - [MESSAGE][PASSED] - Text of object 'Object Repository/Выполнение бизнес-плана/Значения со страницы Выполнение бизнес-плана/План Потери за отчётный период Смоленскэнерго' is: '339 390'

25-11-2024T07:53:59 - [TEST_STEP][PASSED] - page = page.replaceAll("\s+", ""): null

25-11-2024T07:53:59 - [TEST_STEP][PASSED] - filePoteri = poteri.toInteger(): null

25-11-2024T07:53:59 - [TEST_STEP][PASSED] - pagePoteri = page.toInteger(): null

25-11-2024T07:53:59 - [TEST_STEP][PASSED] - compare = pageOtpuskVSet: null

25-11-2024T07:53:59 - [TEST_STEP][PASSED] - if (compare == fileOtpuskVSet): null

25-11-2024T07:53:59 - [TEST_STEP][PASSED] - if (compare == fileOtpuskVSet): null

25-11-2024T07:53:59 - [TEST_STEP][PASSED] - compare = pagePoteri: null

25-11-2024T07:53:59 - [TEST_STEP][PASSED] - if (compare == filePoteri): null

25-11-2024T07:53:59 - [TEST_STEP][PASSED] - if (compare == filePoteri): null

25-11-2024T07:53:59 - [TEST_STEP][PASSED] - if (planFact == 2): Object: 'Object Repository/Выполнение бизнес-плана/Кнопка Факт' is clicked on

25-11-2024T07:53:59 - [TEST_STEP][PASSED] - click(findTestObject("Выполнение бизнес-плана/Кнопка Факт")): Object: 'Object Repository/Выполнение бизнес-плана/Кнопка Факт' is clicked on

25-11-2024T07:53:59 - [MESSAGE][PASSED] - Object: 'Object Repository/Выполнение бизнес-плана/Кнопка Факт' is clicked on

25-11-2024T07:53:59 - [TEST_STEP][PASSED] - if (a == 84 || a == 82): null

25-11-2024T07:53:59 - [TEST_STEP][PASSED] - else if (a == 52 || a == 72 || a == 28 || a == 73 || a == 77 || a == 74 || a == 65 || a == 36 || a == 44 || a == 53 || a == 80 || a == 54 || a == 1 || a == 18 || a == 59 || a == 81): null

25-11-2024T07:53:59 - [TEST_STEP][PASSED] - else: null

25-11-2024T07:53:59 - [TEST_STEP][PASSED] - page1 = getText(findTestObject("Object Repository/Выполнение бизнес-плана/spanPlan" + filialNum)): Text of object 'Object Repository/Выполнение бизнес-плана/spanPlan12' is: '11.86
|'

25-11-2024T07:54:00 - [MESSAGE][PASSED] - Text of object 'Object Repository/Выполнение бизнес-плана/spanPlan12' is: '11.86
|'

25-11-2024T07:54:00 - [TEST_STEP][PASSED] - page1 = page1.replace("|", ""): null

25-11-2024T07:54:00 - [TEST_STEP][PASSED] - page2 = getText(findTestObject("Object Repository/Выполнение бизнес-плана/spanFact" + filialNum)): Text of object 'Object Repository/Выполнение бизнес-плана/spanFact12' is: '11.75
|'

25-11-2024T07:54:00 - [MESSAGE][PASSED] - Text of object 'Object Repository/Выполнение бизнес-плана/spanFact12' is: '11.75
|'

25-11-2024T07:54:00 - [TEST_STEP][PASSED] - page2 = page2.replace("|", ""): null

25-11-2024T07:54:00 - [TEST_STEP][PASSED] - println("page1: " + page1): null

25-11-2024T07:54:00 - [TEST_STEP][PASSED] - println("page2: " + page2): null

25-11-2024T07:54:00 - [TEST_STEP][PASSED] - file = findTestData("PlanFact").getValue(4, a): null

25-11-2024T07:54:00 - [TEST_STEP][PASSED] - file = file.replace(",", "."): null

25-11-2024T07:54:00 - [TEST_STEP][PASSED] - println("file Plan: " + file): null

25-11-2024T07:54:00 - [TEST_STEP][PASSED] - typeOfData = "План в процентах": null

25-11-2024T07:54:00 - [TEST_STEP][PASSED] - fileDouble = file.toDouble(): null

25-11-2024T07:54:00 - [TEST_STEP][PASSED] - pageDouble = page1.toDouble(): null

25-11-2024T07:54:00 - [TEST_STEP][PASSED] - if (fileDouble != pageDouble): null

25-11-2024T07:54:00 - [TEST_STEP][PASSED] - file = findTestData("PlanFact").getValue(7, a): null

25-11-2024T07:54:00 - [TEST_STEP][PASSED] - file = file.replace(",", "."): null

25-11-2024T07:54:00 - [TEST_STEP][PASSED] - println("file Fact: " + file): null

25-11-2024T07:54:00 - [TEST_STEP][PASSED] - fileDouble = file.toDouble(): null

25-11-2024T07:54:00 - [TEST_STEP][PASSED] - typeOfData = "Факт в процентах": null

25-11-2024T07:54:00 - [TEST_STEP][PASSED] - fileDouble = file.toDouble(): null

25-11-2024T07:54:00 - [TEST_STEP][PASSED] - pageDouble = page2.toDouble(): null

25-11-2024T07:54:00 - [TEST_STEP][PASSED] - if (fileDouble != pageDouble): null

25-11-2024T07:54:00 - [TEST_STEP][PASSED] - if (verifyEqual(numberOfErrors, 0) == false): Actual object '0' and expected object '0' are equal

25-11-2024T07:54:00 - [MESSAGE][PASSED] - Actual object '0' and expected object '0' are equal

25-11-2024T07:54:00 - [TEST_STEP][PASSED] - if (a == 82): null

25-11-2024T07:54:00 - [TEST_STEP][PASSED] - dZO = "Тамбовэнерго": null

25-11-2024T07:54:00 - [TEST_STEP][PASSED] - a = 10: null

25-11-2024T07:54:00 - [TEST_STEP][PASSED] - if (x2.contains(dZO)): null

25-11-2024T07:54:00 - [TEST_STEP][PASSED] - filialNum = filialNum + 1: null

25-11-2024T07:54:00 - [TEST_STEP][PASSED] - Script1718980020443.Numbers(a, typeOfData, todaysDate, pageInt, fileInt, pageDouble, fileDouble, dZO, dzoNum, filialNum): null

25-11-2024T07:54:00 - [TEST_STEP][PASSED] - println(dzoNum): null

25-11-2024T07:54:00 - [TEST_STEP][PASSED] - planFact = <not implemented yet for class: org.codehaus.groovy.ast.expr.EmptyExpression>: null

25-11-2024T07:54:00 - [TEST_STEP][PASSED] - page = <not implemented yet for class: org.codehaus.groovy.ast.expr.EmptyExpression>: null

25-11-2024T07:54:00 - [TEST_STEP][PASSED] - page1 = <not implemented yet for class: org.codehaus.groovy.ast.expr.EmptyExpression>: null

25-11-2024T07:54:00 - [TEST_STEP][PASSED] - page2 = <not implemented yet for class: org.codehaus.groovy.ast.expr.EmptyExpression>: null

25-11-2024T07:54:00 - [TEST_STEP][PASSED] - filialNumberInRow = <not implemented yet for class: org.codehaus.groovy.ast.expr.EmptyExpression>: null

25-11-2024T07:54:00 - [TEST_STEP][PASSED] - filialsDzoNames = <not implemented yet for class: org.codehaus.groovy.ast.expr.EmptyExpression>: null

25-11-2024T07:54:00 - [TEST_STEP][PASSED] - numberOfFilials = <not implemented yet for class: org.codehaus.groovy.ast.expr.EmptyExpression>: null

25-11-2024T07:54:00 - [TEST_STEP][PASSED] - numberOfSpaces = <not implemented yet for class: org.codehaus.groovy.ast.expr.EmptyExpression>: null

25-11-2024T07:54:00 - [TEST_STEP][PASSED] - file = <not implemented yet for class: org.codehaus.groovy.ast.expr.EmptyExpression>: null

25-11-2024T07:54:00 - [TEST_STEP][PASSED] - otpusk = <not implemented yet for class: org.codehaus.groovy.ast.expr.EmptyExpression>: null

25-11-2024T07:54:00 - [TEST_STEP][PASSED] - poteri = <not implemented yet for class: org.codehaus.groovy.ast.expr.EmptyExpression>: null

25-11-2024T07:54:00 - [TEST_STEP][PASSED] - dataFolder = "Выполнение бизнес-плана/Значения со страницы Выполнение бизнес-плана/": null

25-11-2024T07:54:00 - [TEST_STEP][PASSED] - path = <not implemented yet for class: org.codehaus.groovy.ast.expr.EmptyExpression>: null

25-11-2024T07:54:00 - [TEST_STEP][PASSED] - typeOfDataMain = <not implemented yet for class: org.codehaus.groovy.ast.expr.EmptyExpression>: null

25-11-2024T07:54:00 - [TEST_STEP][PASSED] - fileOtpuskVSet = <not implemented yet for class: org.codehaus.groovy.ast.expr.EmptyExpression>: null

25-11-2024T07:54:00 - [TEST_STEP][PASSED] - pageOtpuskVSet = <not implemented yet for class: org.codehaus.groovy.ast.expr.EmptyExpression>: null

25-11-2024T07:54:00 - [TEST_STEP][PASSED] - filePoteri = <not implemented yet for class: org.codehaus.groovy.ast.expr.EmptyExpression>: null

25-11-2024T07:54:00 - [TEST_STEP][PASSED] - pagePoteri = <not implemented yet for class: org.codehaus.groovy.ast.expr.EmptyExpression>: null

25-11-2024T07:54:00 - [TEST_STEP][PASSED] - compare = <not implemented yet for class: org.codehaus.groovy.ast.expr.EmptyExpression>: null

25-11-2024T07:54:00 - [TEST_STEP][PASSED] - b = <not implemented yet for class: org.codehaus.groovy.ast.expr.EmptyExpression>: null

25-11-2024T07:54:00 - [TEST_STEP][PASSED] - i = <not implemented yet for class: org.codehaus.groovy.ast.expr.EmptyExpression>: null

25-11-2024T07:54:00 - [TEST_STEP][PASSED] - ii = <not implemented yet for class: org.codehaus.groovy.ast.expr.EmptyExpression>: null

25-11-2024T07:54:00 - [TEST_STEP][PASSED] - c = <not implemented yet for class: org.codehaus.groovy.ast.expr.EmptyExpression>: null

25-11-2024T07:54:00 - [TEST_STEP][PASSED] - numberOfErrors = 0: null

25-11-2024T07:54:00 - [TEST_STEP][PASSED] - if (a == 82): null

25-11-2024T07:54:00 - [TEST_STEP][PASSED] - b = findTestData("PlanFact").getValue(1, a): null

25-11-2024T07:54:00 - [TEST_STEP][PASSED] - i = b.indexOf(" (ГК)"): null

25-11-2024T07:54:00 - [TEST_STEP][PASSED] - if (i > -1): null

25-11-2024T07:54:00 - [TEST_STEP][PASSED] - i = b.indexOf("О ""): null

25-11-2024T07:54:00 - [TEST_STEP][PASSED] - if (i > -1): null

25-11-2024T07:54:00 - [TEST_STEP][PASSED] - i = b.indexOf("О «"): null

25-11-2024T07:54:00 - [TEST_STEP][PASSED] - if (i > -1): null

25-11-2024T07:54:00 - [TEST_STEP][PASSED] - i = b.indexOf("г. "): null

25-11-2024T07:54:00 - [TEST_STEP][PASSED] - if (i > -1): null

25-11-2024T07:54:00 - [TEST_STEP][PASSED] - println(b): null

25-11-2024T07:54:00 - [TEST_STEP][PASSED] - for ([planFact = 1, planFact < 3, (planFact++)]): Object: 'Object Repository/Выполнение бизнес-плана/Кнопка Факт' is clicked on

25-11-2024T07:54:00 - [TEST_STEP][PASSED] - if (planFact == 1): null

25-11-2024T07:54:00 - [TEST_STEP][PASSED] - typeOfDataMain = "Факт": null

25-11-2024T07:54:00 - [TEST_STEP][PASSED] - otpusk = findTestData("PlanFact").getValue(5, a): null

25-11-2024T07:54:00 - [TEST_STEP][PASSED] - poteri = findTestData("PlanFact").getValue(6, a): null

25-11-2024T07:54:00 - [TEST_STEP][PASSED] - otpusk = otpusk.replaceAll("\s+", ""): null

25-11-2024T07:54:00 - [TEST_STEP][PASSED] - poteri = poteri.replaceAll("\s+", ""): null

25-11-2024T07:54:00 - [TEST_STEP][PASSED] - typeOfData = typeOfDataMain + " Отпуск в сеть": null

25-11-2024T07:54:00 - [TEST_STEP][PASSED] - if (a == 82): null

25-11-2024T07:54:00 - [TEST_STEP][PASSED] - else if (a == 84): null

25-11-2024T07:54:00 - [TEST_STEP][PASSED] - else if (a == 52 || a == 72 || a == 28 || a == 73 || a == 77 || a == 74 || a == 65 || a == 36 || a == 44 || a == 53 || a == 80 || a == 54 || a == 1 || a == 18 || a == 59 || a == 81): null

25-11-2024T07:54:00 - [TEST_STEP][PASSED] - else: null

25-11-2024T07:54:00 - [TEST_STEP][PASSED] - path = dataFolder + typeOfData + " за отчётный период " + b: null

25-11-2024T07:54:00 - [TEST_STEP][PASSED] - println(path): null

25-11-2024T07:54:00 - [TEST_STEP][PASSED] - page = getText(findTestObject(path)): Text of object 'Object Repository/Выполнение бизнес-плана/Значения со страницы Выполнение бизнес-плана/Факт Отпуск в сеть за отчётный период Тамбовэнерго' is: '2 262 998'

25-11-2024T07:54:01 - [MESSAGE][PASSED] - Text of object 'Object Repository/Выполнение бизнес-плана/Значения со страницы Выполнение бизнес-плана/Факт Отпуск в сеть за отчётный период Тамбовэнерго' is: '2 262 998'

25-11-2024T07:54:01 - [TEST_STEP][PASSED] - page = page.replaceAll("\s+", ""): null

25-11-2024T07:54:01 - [TEST_STEP][PASSED] - fileOtpuskVSet = otpusk.toInteger(): null

25-11-2024T07:54:01 - [TEST_STEP][PASSED] - pageOtpuskVSet = page.toInteger(): null

25-11-2024T07:54:01 - [TEST_STEP][PASSED] - typeOfData = typeOfDataMain + " Потери": null

25-11-2024T07:54:01 - [TEST_STEP][PASSED] - if (a == 82): null

25-11-2024T07:54:01 - [TEST_STEP][PASSED] - else if (a == 84): null

25-11-2024T07:54:01 - [TEST_STEP][PASSED] - else if (a == 52 || a == 72 || a == 28 || a == 73 || a == 77 || a == 74 || a == 65 || a == 36 || a == 44 || a == 53 || a == 80 || a == 54 || a == 1 || a == 18 || a == 59 || a == 81): null

25-11-2024T07:54:01 - [TEST_STEP][PASSED] - else: null

25-11-2024T07:54:01 - [TEST_STEP][PASSED] - path = dataFolder + typeOfData + " за отчётный период " + b: null

25-11-2024T07:54:01 - [TEST_STEP][PASSED] - page = getText(findTestObject(path)): Text of object 'Object Repository/Выполнение бизнес-плана/Значения со страницы Выполнение бизнес-плана/Факт Потери за отчётный период Тамбовэнерго' is: '185 079'

25-11-2024T07:54:01 - [MESSAGE][PASSED] - Text of object 'Object Repository/Выполнение бизнес-плана/Значения со страницы Выполнение бизнес-плана/Факт Потери за отчётный период Тамбовэнерго' is: '185 079'

25-11-2024T07:54:01 - [TEST_STEP][PASSED] - page = page.replaceAll("\s+", ""): null

25-11-2024T07:54:01 - [TEST_STEP][PASSED] - filePoteri = poteri.toInteger(): null

25-11-2024T07:54:01 - [TEST_STEP][PASSED] - pagePoteri = page.toInteger(): null

25-11-2024T07:54:01 - [TEST_STEP][PASSED] - compare = pageOtpuskVSet: null

25-11-2024T07:54:01 - [TEST_STEP][PASSED] - if (compare == fileOtpuskVSet): null

25-11-2024T07:54:01 - [TEST_STEP][PASSED] - if (compare == fileOtpuskVSet): null

25-11-2024T07:54:01 - [TEST_STEP][PASSED] - compare = pagePoteri: null

25-11-2024T07:54:01 - [TEST_STEP][PASSED] - if (compare == filePoteri): null

25-11-2024T07:54:01 - [TEST_STEP][PASSED] - if (compare == filePoteri): null

25-11-2024T07:54:01 - [TEST_STEP][PASSED] - if (planFact == 2): null

25-11-2024T07:54:01 - [TEST_STEP][PASSED] - if (planFact == 1): null

25-11-2024T07:54:01 - [TEST_STEP][PASSED] - else if (planFact == 2): null

25-11-2024T07:54:01 - [TEST_STEP][PASSED] - click(findTestObject("Выполнение бизнес-плана/Кнопка План")): Object: 'Object Repository/Выполнение бизнес-плана/Кнопка План' is clicked on

25-11-2024T07:54:01 - [MESSAGE][PASSED] - Object: 'Object Repository/Выполнение бизнес-плана/Кнопка План' is clicked on

25-11-2024T07:54:01 - [TEST_STEP][PASSED] - typeOfDataMain = "План": null

25-11-2024T07:54:01 - [TEST_STEP][PASSED] - otpusk = findTestData("PlanFact").getValue(2, a): null

25-11-2024T07:54:01 - [TEST_STEP][PASSED] - poteri = findTestData("PlanFact").getValue(3, a): null

25-11-2024T07:54:01 - [TEST_STEP][PASSED] - otpusk = otpusk.replaceAll("\s+", ""): null

25-11-2024T07:54:01 - [TEST_STEP][PASSED] - poteri = poteri.replaceAll("\s+", ""): null

25-11-2024T07:54:01 - [TEST_STEP][PASSED] - typeOfData = typeOfDataMain + " Отпуск в сеть": null

25-11-2024T07:54:01 - [TEST_STEP][PASSED] - if (a == 82): null

25-11-2024T07:54:01 - [TEST_STEP][PASSED] - else if (a == 84): null

25-11-2024T07:54:01 - [TEST_STEP][PASSED] - else if (a == 52 || a == 72 || a == 28 || a == 73 || a == 77 || a == 74 || a == 65 || a == 36 || a == 44 || a == 53 || a == 80 || a == 54 || a == 1 || a == 18 || a == 59 || a == 81): null

25-11-2024T07:54:01 - [TEST_STEP][PASSED] - else: null

25-11-2024T07:54:01 - [TEST_STEP][PASSED] - path = dataFolder + typeOfData + " за отчётный период " + b: null

25-11-2024T07:54:01 - [TEST_STEP][PASSED] - println(path): null

25-11-2024T07:54:01 - [TEST_STEP][PASSED] - page = getText(findTestObject(path)): Text of object 'Object Repository/Выполнение бизнес-плана/Значения со страницы Выполнение бизнес-плана/План Отпуск в сеть за отчётный период Тамбовэнерго' is: '2 195 554'

25-11-2024T07:54:02 - [MESSAGE][PASSED] - Text of object 'Object Repository/Выполнение бизнес-плана/Значения со страницы Выполнение бизнес-плана/План Отпуск в сеть за отчётный период Тамбовэнерго' is: '2 195 554'

25-11-2024T07:54:02 - [TEST_STEP][PASSED] - page = page.replaceAll("\s+", ""): null

25-11-2024T07:54:02 - [TEST_STEP][PASSED] - fileOtpuskVSet = otpusk.toInteger(): null

25-11-2024T07:54:02 - [TEST_STEP][PASSED] - pageOtpuskVSet = page.toInteger(): null

25-11-2024T07:54:02 - [TEST_STEP][PASSED] - typeOfData = typeOfDataMain + " Потери": null

25-11-2024T07:54:02 - [TEST_STEP][PASSED] - if (a == 82): null

25-11-2024T07:54:02 - [TEST_STEP][PASSED] - else if (a == 84): null

25-11-2024T07:54:02 - [TEST_STEP][PASSED] - else if (a == 52 || a == 72 || a == 28 || a == 73 || a == 77 || a == 74 || a == 65 || a == 36 || a == 44 || a == 53 || a == 80 || a == 54 || a == 1 || a == 18 || a == 59 || a == 81): null

25-11-2024T07:54:02 - [TEST_STEP][PASSED] - else: null

25-11-2024T07:54:02 - [TEST_STEP][PASSED] - path = dataFolder + typeOfData + " за отчётный период " + b: null

25-11-2024T07:54:02 - [TEST_STEP][PASSED] - page = getText(findTestObject(path)): Text of object 'Object Repository/Выполнение бизнес-плана/Значения со страницы Выполнение бизнес-плана/План Потери за отчётный период Тамбовэнерго' is: '191 492'

25-11-2024T07:54:02 - [MESSAGE][PASSED] - Text of object 'Object Repository/Выполнение бизнес-плана/Значения со страницы Выполнение бизнес-плана/План Потери за отчётный период Тамбовэнерго' is: '191 492'

25-11-2024T07:54:02 - [TEST_STEP][PASSED] - page = page.replaceAll("\s+", ""): null

25-11-2024T07:54:02 - [TEST_STEP][PASSED] - filePoteri = poteri.toInteger(): null

25-11-2024T07:54:02 - [TEST_STEP][PASSED] - pagePoteri = page.toInteger(): null

25-11-2024T07:54:02 - [TEST_STEP][PASSED] - compare = pageOtpuskVSet: null

25-11-2024T07:54:02 - [TEST_STEP][PASSED] - if (compare == fileOtpuskVSet): null

25-11-2024T07:54:02 - [TEST_STEP][PASSED] - if (compare == fileOtpuskVSet): null

25-11-2024T07:54:02 - [TEST_STEP][PASSED] - compare = pagePoteri: null

25-11-2024T07:54:02 - [TEST_STEP][PASSED] - if (compare == filePoteri): null

25-11-2024T07:54:02 - [TEST_STEP][PASSED] - if (compare == filePoteri): null

25-11-2024T07:54:02 - [TEST_STEP][PASSED] - if (planFact == 2): Object: 'Object Repository/Выполнение бизнес-плана/Кнопка Факт' is clicked on

25-11-2024T07:54:02 - [TEST_STEP][PASSED] - click(findTestObject("Выполнение бизнес-плана/Кнопка Факт")): Object: 'Object Repository/Выполнение бизнес-плана/Кнопка Факт' is clicked on

25-11-2024T07:54:02 - [MESSAGE][PASSED] - Object: 'Object Repository/Выполнение бизнес-плана/Кнопка Факт' is clicked on

25-11-2024T07:54:02 - [TEST_STEP][PASSED] - if (a == 84 || a == 82): null

25-11-2024T07:54:02 - [TEST_STEP][PASSED] - else if (a == 52 || a == 72 || a == 28 || a == 73 || a == 77 || a == 74 || a == 65 || a == 36 || a == 44 || a == 53 || a == 80 || a == 54 || a == 1 || a == 18 || a == 59 || a == 81): null

25-11-2024T07:54:02 - [TEST_STEP][PASSED] - else: null

25-11-2024T07:54:02 - [TEST_STEP][PASSED] - page1 = getText(findTestObject("Object Repository/Выполнение бизнес-плана/spanPlan" + filialNum)): Text of object 'Object Repository/Выполнение бизнес-плана/spanPlan13' is: '8.72
|'

25-11-2024T07:54:03 - [MESSAGE][PASSED] - Text of object 'Object Repository/Выполнение бизнес-плана/spanPlan13' is: '8.72
|'

25-11-2024T07:54:03 - [TEST_STEP][PASSED] - page1 = page1.replace("|", ""): null

25-11-2024T07:54:03 - [TEST_STEP][PASSED] - page2 = getText(findTestObject("Object Repository/Выполнение бизнес-плана/spanFact" + filialNum)): Text of object 'Object Repository/Выполнение бизнес-плана/spanFact13' is: '8.18
|'

25-11-2024T07:54:03 - [MESSAGE][PASSED] - Text of object 'Object Repository/Выполнение бизнес-плана/spanFact13' is: '8.18
|'

25-11-2024T07:54:03 - [TEST_STEP][PASSED] - page2 = page2.replace("|", ""): null

25-11-2024T07:54:03 - [TEST_STEP][PASSED] - println("page1: " + page1): null

25-11-2024T07:54:03 - [TEST_STEP][PASSED] - println("page2: " + page2): null

25-11-2024T07:54:03 - [TEST_STEP][PASSED] - file = findTestData("PlanFact").getValue(4, a): null

25-11-2024T07:54:03 - [TEST_STEP][PASSED] - file = file.replace(",", "."): null

25-11-2024T07:54:03 - [TEST_STEP][PASSED] - println("file Plan: " + file): null

25-11-2024T07:54:03 - [TEST_STEP][PASSED] - typeOfData = "План в процентах": null

25-11-2024T07:54:03 - [TEST_STEP][PASSED] - fileDouble = file.toDouble(): null

25-11-2024T07:54:03 - [TEST_STEP][PASSED] - pageDouble = page1.toDouble(): null

25-11-2024T07:54:03 - [TEST_STEP][PASSED] - if (fileDouble != pageDouble): null

25-11-2024T07:54:03 - [TEST_STEP][PASSED] - file = findTestData("PlanFact").getValue(7, a): null

25-11-2024T07:54:03 - [TEST_STEP][PASSED] - file = file.replace(",", "."): null

25-11-2024T07:54:03 - [TEST_STEP][PASSED] - println("file Fact: " + file): null

25-11-2024T07:54:03 - [TEST_STEP][PASSED] - fileDouble = file.toDouble(): null

25-11-2024T07:54:03 - [TEST_STEP][PASSED] - typeOfData = "Факт в процентах": null

25-11-2024T07:54:03 - [TEST_STEP][PASSED] - fileDouble = file.toDouble(): null

25-11-2024T07:54:03 - [TEST_STEP][PASSED] - pageDouble = page2.toDouble(): null

25-11-2024T07:54:03 - [TEST_STEP][PASSED] - if (fileDouble != pageDouble): null

25-11-2024T07:54:03 - [TEST_STEP][PASSED] - if (verifyEqual(numberOfErrors, 0) == false): Actual object '0' and expected object '0' are equal

25-11-2024T07:54:03 - [MESSAGE][PASSED] - Actual object '0' and expected object '0' are equal

25-11-2024T07:54:03 - [TEST_STEP][PASSED] - if (a == 82): null

25-11-2024T07:54:03 - [TEST_STEP][PASSED] - dZO = "Тверьэнерго": null

25-11-2024T07:54:03 - [TEST_STEP][PASSED] - a = 11: null

25-11-2024T07:54:03 - [TEST_STEP][PASSED] - if (x2.contains(dZO)): null

25-11-2024T07:54:03 - [TEST_STEP][PASSED] - filialNum = filialNum + 1: null

25-11-2024T07:54:03 - [TEST_STEP][PASSED] - Script1718980020443.Numbers(a, typeOfData, todaysDate, pageInt, fileInt, pageDouble, fileDouble, dZO, dzoNum, filialNum): null

25-11-2024T07:54:03 - [TEST_STEP][PASSED] - println(dzoNum): null

25-11-2024T07:54:03 - [TEST_STEP][PASSED] - planFact = <not implemented yet for class: org.codehaus.groovy.ast.expr.EmptyExpression>: null

25-11-2024T07:54:03 - [TEST_STEP][PASSED] - page = <not implemented yet for class: org.codehaus.groovy.ast.expr.EmptyExpression>: null

25-11-2024T07:54:03 - [TEST_STEP][PASSED] - page1 = <not implemented yet for class: org.codehaus.groovy.ast.expr.EmptyExpression>: null

25-11-2024T07:54:03 - [TEST_STEP][PASSED] - page2 = <not implemented yet for class: org.codehaus.groovy.ast.expr.EmptyExpression>: null

25-11-2024T07:54:03 - [TEST_STEP][PASSED] - filialNumberInRow = <not implemented yet for class: org.codehaus.groovy.ast.expr.EmptyExpression>: null

25-11-2024T07:54:03 - [TEST_STEP][PASSED] - filialsDzoNames = <not implemented yet for class: org.codehaus.groovy.ast.expr.EmptyExpression>: null

25-11-2024T07:54:03 - [TEST_STEP][PASSED] - numberOfFilials = <not implemented yet for class: org.codehaus.groovy.ast.expr.EmptyExpression>: null

25-11-2024T07:54:03 - [TEST_STEP][PASSED] - numberOfSpaces = <not implemented yet for class: org.codehaus.groovy.ast.expr.EmptyExpression>: null

25-11-2024T07:54:03 - [TEST_STEP][PASSED] - file = <not implemented yet for class: org.codehaus.groovy.ast.expr.EmptyExpression>: null

25-11-2024T07:54:03 - [TEST_STEP][PASSED] - otpusk = <not implemented yet for class: org.codehaus.groovy.ast.expr.EmptyExpression>: null

25-11-2024T07:54:03 - [TEST_STEP][PASSED] - poteri = <not implemented yet for class: org.codehaus.groovy.ast.expr.EmptyExpression>: null

25-11-2024T07:54:03 - [TEST_STEP][PASSED] - dataFolder = "Выполнение бизнес-плана/Значения со страницы Выполнение бизнес-плана/": null

25-11-2024T07:54:03 - [TEST_STEP][PASSED] - path = <not implemented yet for class: org.codehaus.groovy.ast.expr.EmptyExpression>: null

25-11-2024T07:54:03 - [TEST_STEP][PASSED] - typeOfDataMain = <not implemented yet for class: org.codehaus.groovy.ast.expr.EmptyExpression>: null

25-11-2024T07:54:03 - [TEST_STEP][PASSED] - fileOtpuskVSet = <not implemented yet for class: org.codehaus.groovy.ast.expr.EmptyExpression>: null

25-11-2024T07:54:03 - [TEST_STEP][PASSED] - pageOtpuskVSet = <not implemented yet for class: org.codehaus.groovy.ast.expr.EmptyExpression>: null

25-11-2024T07:54:03 - [TEST_STEP][PASSED] - filePoteri = <not implemented yet for class: org.codehaus.groovy.ast.expr.EmptyExpression>: null

25-11-2024T07:54:03 - [TEST_STEP][PASSED] - pagePoteri = <not implemented yet for class: org.codehaus.groovy.ast.expr.EmptyExpression>: null

25-11-2024T07:54:03 - [TEST_STEP][PASSED] - compare = <not implemented yet for class: org.codehaus.groovy.ast.expr.EmptyExpression>: null

25-11-2024T07:54:03 - [TEST_STEP][PASSED] - b = <not implemented yet for class: org.codehaus.groovy.ast.expr.EmptyExpression>: null

25-11-2024T07:54:03 - [TEST_STEP][PASSED] - i = <not implemented yet for class: org.codehaus.groovy.ast.expr.EmptyExpression>: null

25-11-2024T07:54:03 - [TEST_STEP][PASSED] - ii = <not implemented yet for class: org.codehaus.groovy.ast.expr.EmptyExpression>: null

25-11-2024T07:54:03 - [TEST_STEP][PASSED] - c = <not implemented yet for class: org.codehaus.groovy.ast.expr.EmptyExpression>: null

25-11-2024T07:54:03 - [TEST_STEP][PASSED] - numberOfErrors = 0: null

25-11-2024T07:54:03 - [TEST_STEP][PASSED] - if (a == 82): null

25-11-2024T07:54:03 - [TEST_STEP][PASSED] - b = findTestData("PlanFact").getValue(1, a): null

25-11-2024T07:54:03 - [TEST_STEP][PASSED] - i = b.indexOf(" (ГК)"): null

25-11-2024T07:54:03 - [TEST_STEP][PASSED] - if (i > -1): null

25-11-2024T07:54:03 - [TEST_STEP][PASSED] - i = b.indexOf("О ""): null

25-11-2024T07:54:03 - [TEST_STEP][PASSED] - if (i > -1): null

25-11-2024T07:54:03 - [TEST_STEP][PASSED] - i = b.indexOf("О «"): null

25-11-2024T07:54:03 - [TEST_STEP][PASSED] - if (i > -1): null

25-11-2024T07:54:03 - [TEST_STEP][PASSED] - i = b.indexOf("г. "): null

25-11-2024T07:54:03 - [TEST_STEP][PASSED] - if (i > -1): null

25-11-2024T07:54:03 - [TEST_STEP][PASSED] - println(b): null

25-11-2024T07:54:03 - [TEST_STEP][PASSED] - for ([planFact = 1, planFact < 3, (planFact++)]): null

25-11-2024T07:54:03 - [TEST_STEP][PASSED] - if (planFact == 1): null

25-11-2024T07:54:03 - [TEST_STEP][PASSED] - typeOfDataMain = "Факт": null

25-11-2024T07:54:03 - [TEST_STEP][PASSED] - otpusk = findTestData("PlanFact").getValue(5, a): null

25-11-2024T07:54:03 - [TEST_STEP][PASSED] - poteri = findTestData("PlanFact").getValue(6, a): null

25-11-2024T07:54:03 - [TEST_STEP][PASSED] - otpusk = otpusk.replaceAll("\s+", ""): null

25-11-2024T07:54:03 - [TEST_STEP][PASSED] - poteri = poteri.replaceAll("\s+", ""): null

25-11-2024T07:54:03 - [TEST_STEP][PASSED] - typeOfData = typeOfDataMain + " Отпуск в сеть": null

25-11-2024T07:54:03 - [TEST_STEP][PASSED] - if (a == 82): null

25-11-2024T07:54:03 - [TEST_STEP][PASSED] - else if (a == 84): null

25-11-2024T07:54:03 - [TEST_STEP][PASSED] - else if (a == 52 || a == 72 || a == 28 || a == 73 || a == 77 || a == 74 || a == 65 || a == 36 || a == 44 || a == 53 || a == 80 || a == 54 || a == 1 || a == 18 || a == 59 || a == 81): null

25-11-2024T07:54:03 - [TEST_STEP][PASSED] - else: null

25-11-2024T07:54:03 - [TEST_STEP][PASSED] - path = dataFolder + typeOfData + " за отчётный период " + b: null

25-11-2024T07:54:03 - [TEST_STEP][PASSED] - println(path): null

25-11-2024T07:54:03 - [TEST_STEP][PASSED] - page = getText(findTestObject(path)): Text of object 'Object Repository/Выполнение бизнес-плана/Значения со страницы Выполнение бизнес-плана/Факт Отпуск в сеть за отчётный период Тверьэнерго' is: '3 880 878'

25-11-2024T07:54:03 - [MESSAGE][PASSED] - Text of object 'Object Repository/Выполнение бизнес-плана/Значения со страницы Выполнение бизнес-плана/Факт Отпуск в сеть за отчётный период Тверьэнерго' is: '3 880 878'

25-11-2024T07:54:03 - [TEST_STEP][PASSED] - page = page.replaceAll("\s+", ""): null

25-11-2024T07:54:03 - [TEST_STEP][PASSED] - fileOtpuskVSet = otpusk.toInteger(): null

25-11-2024T07:54:03 - [TEST_STEP][PASSED] - pageOtpuskVSet = page.toInteger(): null

25-11-2024T07:54:03 - [TEST_STEP][PASSED] - typeOfData = typeOfDataMain + " Потери": null

25-11-2024T07:54:03 - [TEST_STEP][PASSED] - if (a == 82): null

25-11-2024T07:54:03 - [TEST_STEP][PASSED] - else if (a == 84): null

25-11-2024T07:54:03 - [TEST_STEP][PASSED] - else if (a == 52 || a == 72 || a == 28 || a == 73 || a == 77 || a == 74 || a == 65 || a == 36 || a == 44 || a == 53 || a == 80 || a == 54 || a == 1 || a == 18 || a == 59 || a == 81): null

25-11-2024T07:54:03 - [TEST_STEP][PASSED] - else: null

25-11-2024T07:54:03 - [TEST_STEP][PASSED] - path = dataFolder + typeOfData + " за отчётный период " + b: null

25-11-2024T07:54:03 - [TEST_STEP][PASSED] - page = getText(findTestObject(path)): Text of object 'Object Repository/Выполнение бизнес-плана/Значения со страницы Выполнение бизнес-плана/Факт Потери за отчётный период Тверьэнерго' is: '500 811'

25-11-2024T07:54:04 - [MESSAGE][PASSED] - Text of object 'Object Repository/Выполнение бизнес-плана/Значения со страницы Выполнение бизнес-плана/Факт Потери за отчётный период Тверьэнерго' is: '500 811'

25-11-2024T07:54:04 - [TEST_STEP][PASSED] - page = page.replaceAll("\s+", ""): null

25-11-2024T07:54:04 - [TEST_STEP][PASSED] - filePoteri = poteri.toInteger(): null

25-11-2024T07:54:04 - [TEST_STEP][PASSED] - pagePoteri = page.toInteger(): null

25-11-2024T07:54:04 - [TEST_STEP][PASSED] - compare = pageOtpuskVSet: null

25-11-2024T07:54:04 - [TEST_STEP][PASSED] - if (compare == fileOtpuskVSet): null

25-11-2024T07:54:04 - [TEST_STEP][PASSED] - else if (compare > fileOtpuskVSet): null

25-11-2024T07:54:04 - [TEST_STEP][PASSED] - else if (compare < fileOtpuskVSet): null

25-11-2024T07:54:04 - [TEST_STEP][PASSED] - compare = compare + 1: null

25-11-2024T07:54:04 - [TEST_STEP][PASSED] - if (compare == fileOtpuskVSet): null

25-11-2024T07:54:04 - [TEST_STEP][PASSED] - else: null

25-11-2024T07:54:04 - [TEST_STEP][PASSED] - numberOfErrors = numberOfErrors + 1: null

25-11-2024T07:54:04 - [TEST_STEP][PASSED] - pageInt = pageOtpuskVSet: null

25-11-2024T07:54:04 - [TEST_STEP][PASSED] - fileInt = fileOtpuskVSet: null

25-11-2024T07:54:04 - [TEST_STEP][PASSED] - typeOfData = typeOfDataMain + " Отпуск в сеть": null

25-11-2024T07:54:04 - [TEST_STEP][PASSED] - Script1718980020443.WriteToExcel(a, typeOfData, todaysDate, pageInt, fileInt, pageDouble, fileDouble, dZO): null

25-11-2024T07:54:04 - [TEST_STEP][PASSED] - sheetName = "Sheet1": null

25-11-2024T07:54:04 - [TEST_STEP][PASSED] - data = findTestData("PlanFact"): null

25-11-2024T07:54:04 - [TEST_STEP][PASSED] - n = data.getRowNumbers() + 1: null

25-11-2024T07:54:04 - [TEST_STEP][PASSED] - year = todaysDate.substring(todaysDate.length() - 4, todaysDate.length()): null

25-11-2024T07:54:04 - [TEST_STEP][PASSED] - y = year.toInteger(): null

25-11-2024T07:54:04 - [TEST_STEP][PASSED] - m = getText(findTestObject("Выполнение бизнес-плана/Период")): Text of object 'Object Repository/Выполнение бизнес-плана/Период' is: '1, 2, 3 кв. 2024 года'

25-11-2024T07:54:04 - [MESSAGE][PASSED] - Text of object 'Object Repository/Выполнение бизнес-плана/Период' is: '1, 2, 3 кв. 2024 года'

25-11-2024T07:54:04 - [TEST_STEP][PASSED] - m = m.substring(0, m.indexOf("2024")): null

25-11-2024T07:54:04 - [TEST_STEP][PASSED] - m = m.trim(): null

25-11-2024T07:54:04 - [TEST_STEP][PASSED] - dashboardName = "Выполнение бизнес-плана": null

25-11-2024T07:54:04 - [TEST_STEP][PASSED] - workbook01 = getWorkbook(excelFilePath): null

25-11-2024T07:54:04 - [TEST_STEP][PASSED] - sheet01 = getExcelSheet(workbook01, sheetName): null

25-11-2024T07:54:04 - [TEST_STEP][PASSED] - setValueToCellByIndex(sheet01, n, 0, dashboardName): null

25-11-2024T07:54:04 - [TEST_STEP][PASSED] - setValueToCellByIndex(sheet01, n, 1, dZO): null

25-11-2024T07:54:04 - [TEST_STEP][PASSED] - setValueToCellByIndex(sheet01, n, 2, typeOfData): null

25-11-2024T07:54:04 - [TEST_STEP][PASSED] - if (typeOfData == "Факт в процентах" || typeOfData == "План в процентах"): null

25-11-2024T07:54:04 - [TEST_STEP][PASSED] - else: null

25-11-2024T07:54:04 - [TEST_STEP][PASSED] - setValueToCellByIndex(sheet01, n, 3, fileInt): null

25-11-2024T07:54:04 - [TEST_STEP][PASSED] - setValueToCellByIndex(sheet01, n, 4, pageInt): null

25-11-2024T07:54:04 - [TEST_STEP][PASSED] - setValueToCellByIndex(sheet01, n, 5, m): null

25-11-2024T07:54:04 - [TEST_STEP][PASSED] - setValueToCellByIndex(sheet01, n, 6, y): null

25-11-2024T07:54:04 - [TEST_STEP][PASSED] - setValueToCellByIndex(sheet01, n, 7, todaysDate): null

25-11-2024T07:54:04 - [TEST_STEP][PASSED] - n = n + 1: null

25-11-2024T07:54:04 - [TEST_STEP][PASSED] - saveWorkbook(excelFilePath, workbook01): null

25-11-2024T07:54:04 - [TEST_STEP][PASSED] - compare = pagePoteri: null

25-11-2024T07:54:04 - [TEST_STEP][PASSED] - if (compare == filePoteri): null

25-11-2024T07:54:04 - [TEST_STEP][PASSED] - else if (compare > filePoteri): null

25-11-2024T07:54:04 - [TEST_STEP][PASSED] - else if (compare < filePoteri): null

25-11-2024T07:54:04 - [TEST_STEP][PASSED] - compare = compare + 1: null

25-11-2024T07:54:04 - [TEST_STEP][PASSED] - if (compare == filePoteri): null

25-11-2024T07:54:04 - [TEST_STEP][PASSED] - else: null

25-11-2024T07:54:04 - [TEST_STEP][PASSED] - numberOfErrors = numberOfErrors + 1: null

25-11-2024T07:54:04 - [TEST_STEP][PASSED] - pageInt = pagePoteri: null

25-11-2024T07:54:04 - [TEST_STEP][PASSED] - fileInt = filePoteri: null

25-11-2024T07:54:04 - [TEST_STEP][PASSED] - typeOfData = typeOfDataMain + " Потери": null

25-11-2024T07:54:04 - [TEST_STEP][PASSED] - Script1718980020443.WriteToExcel(a, typeOfData, todaysDate, pageInt, fileInt, pageDouble, fileDouble, dZO): null

25-11-2024T07:54:04 - [TEST_STEP][PASSED] - sheetName = "Sheet1": null

25-11-2024T07:54:04 - [TEST_STEP][PASSED] - data = findTestData("PlanFact"): null

25-11-2024T07:54:04 - [TEST_STEP][PASSED] - n = data.getRowNumbers() + 1: null

25-11-2024T07:54:04 - [TEST_STEP][PASSED] - year = todaysDate.substring(todaysDate.length() - 4, todaysDate.length()): null

25-11-2024T07:54:04 - [TEST_STEP][PASSED] - y = year.toInteger(): null

25-11-2024T07:54:04 - [TEST_STEP][PASSED] - m = getText(findTestObject("Выполнение бизнес-плана/Период")): Text of object 'Object Repository/Выполнение бизнес-плана/Период' is: '1, 2, 3 кв. 2024 года'

25-11-2024T07:54:05 - [MESSAGE][PASSED] - Text of object 'Object Repository/Выполнение бизнес-плана/Период' is: '1, 2, 3 кв. 2024 года'

25-11-2024T07:54:05 - [TEST_STEP][PASSED] - m = m.substring(0, m.indexOf("2024")): null

25-11-2024T07:54:05 - [TEST_STEP][PASSED] - m = m.trim(): null

25-11-2024T07:54:05 - [TEST_STEP][PASSED] - dashboardName = "Выполнение бизнес-плана": null

25-11-2024T07:54:05 - [TEST_STEP][PASSED] - workbook01 = getWorkbook(excelFilePath): null

25-11-2024T07:54:05 - [TEST_STEP][PASSED] - sheet01 = getExcelSheet(workbook01, sheetName): null

25-11-2024T07:54:05 - [TEST_STEP][PASSED] - setValueToCellByIndex(sheet01, n, 0, dashboardName): null

25-11-2024T07:54:05 - [TEST_STEP][PASSED] - setValueToCellByIndex(sheet01, n, 1, dZO): null

25-11-2024T07:54:05 - [TEST_STEP][PASSED] - setValueToCellByIndex(sheet01, n, 2, typeOfData): null

25-11-2024T07:54:05 - [TEST_STEP][PASSED] - if (typeOfData == "Факт в процентах" || typeOfData == "План в процентах"): null

25-11-2024T07:54:05 - [TEST_STEP][PASSED] - else: null

25-11-2024T07:54:05 - [TEST_STEP][PASSED] - setValueToCellByIndex(sheet01, n, 3, fileInt): null

25-11-2024T07:54:05 - [TEST_STEP][PASSED] - setValueToCellByIndex(sheet01, n, 4, pageInt): null

25-11-2024T07:54:05 - [TEST_STEP][PASSED] - setValueToCellByIndex(sheet01, n, 5, m): null

25-11-2024T07:54:05 - [TEST_STEP][PASSED] - setValueToCellByIndex(sheet01, n, 6, y): null

25-11-2024T07:54:05 - [TEST_STEP][PASSED] - setValueToCellByIndex(sheet01, n, 7, todaysDate): null

25-11-2024T07:54:05 - [TEST_STEP][PASSED] - n = n + 1: null

25-11-2024T07:54:05 - [TEST_STEP][PASSED] - saveWorkbook(excelFilePath, workbook01): null

25-11-2024T07:54:05 - [TEST_STEP][PASSED] - if (planFact == 2): null

25-11-2024T07:54:05 - [TEST_STEP][PASSED] - if (planFact == 1): null

25-11-2024T07:54:05 - [TEST_STEP][PASSED] - else if (planFact == 2): null

25-11-2024T07:54:05 - [TEST_STEP][PASSED] - click(findTestObject("Выполнение бизнес-плана/Кнопка План")): Object: 'Object Repository/Выполнение бизнес-плана/Кнопка План' is clicked on

25-11-2024T07:54:05 - [MESSAGE][PASSED] - Object: 'Object Repository/Выполнение бизнес-плана/Кнопка План' is clicked on

25-11-2024T07:54:05 - [TEST_STEP][PASSED] - typeOfDataMain = "План": null

25-11-2024T07:54:05 - [TEST_STEP][PASSED] - otpusk = findTestData("PlanFact").getValue(2, a): null

25-11-2024T07:54:06 - [TEST_STEP][PASSED] - poteri = findTestData("PlanFact").getValue(3, a): null

25-11-2024T07:54:06 - [TEST_STEP][PASSED] - otpusk = otpusk.replaceAll("\s+", ""): null

25-11-2024T07:54:06 - [TEST_STEP][PASSED] - poteri = poteri.replaceAll("\s+", ""): null

25-11-2024T07:54:06 - [TEST_STEP][PASSED] - typeOfData = typeOfDataMain + " Отпуск в сеть": null

25-11-2024T07:54:06 - [TEST_STEP][PASSED] - if (a == 82): null

25-11-2024T07:54:06 - [TEST_STEP][PASSED] - else if (a == 84): null

25-11-2024T07:54:06 - [TEST_STEP][PASSED] - else if (a == 52 || a == 72 || a == 28 || a == 73 || a == 77 || a == 74 || a == 65 || a == 36 || a == 44 || a == 53 || a == 80 || a == 54 || a == 1 || a == 18 || a == 59 || a == 81): null

25-11-2024T07:54:06 - [TEST_STEP][PASSED] - else: null

25-11-2024T07:54:06 - [TEST_STEP][PASSED] - path = dataFolder + typeOfData + " за отчётный период " + b: null

25-11-2024T07:54:06 - [TEST_STEP][PASSED] - println(path): null

25-11-2024T07:54:06 - [TEST_STEP][PASSED] - page = getText(findTestObject(path)): Text of object 'Object Repository/Выполнение бизнес-плана/Значения со страницы Выполнение бизнес-плана/План Отпуск в сеть за отчётный период Тверьэнерго' is: '3 756 188'

25-11-2024T07:54:06 - [MESSAGE][PASSED] - Text of object 'Object Repository/Выполнение бизнес-плана/Значения со страницы Выполнение бизнес-плана/План Отпуск в сеть за отчётный период Тверьэнерго' is: '3 756 188'

25-11-2024T07:54:06 - [TEST_STEP][PASSED] - page = page.replaceAll("\s+", ""): null

25-11-2024T07:54:06 - [TEST_STEP][PASSED] - fileOtpuskVSet = otpusk.toInteger(): null

25-11-2024T07:54:06 - [TEST_STEP][PASSED] - pageOtpuskVSet = page.toInteger(): null

25-11-2024T07:54:06 - [TEST_STEP][PASSED] - typeOfData = typeOfDataMain + " Потери": null

25-11-2024T07:54:06 - [TEST_STEP][PASSED] - if (a == 82): null

25-11-2024T07:54:06 - [TEST_STEP][PASSED] - else if (a == 84): null

25-11-2024T07:54:06 - [TEST_STEP][PASSED] - else if (a == 52 || a == 72 || a == 28 || a == 73 || a == 77 || a == 74 || a == 65 || a == 36 || a == 44 || a == 53 || a == 80 || a == 54 || a == 1 || a == 18 || a == 59 || a == 81): null

25-11-2024T07:54:06 - [TEST_STEP][PASSED] - else: null

25-11-2024T07:54:06 - [TEST_STEP][PASSED] - path = dataFolder + typeOfData + " за отчётный период " + b: null

25-11-2024T07:54:06 - [TEST_STEP][PASSED] - page = getText(findTestObject(path)): Text of object 'Object Repository/Выполнение бизнес-плана/Значения со страницы Выполнение бизнес-плана/План Потери за отчётный период Тверьэнерго' is: '496 983'

25-11-2024T07:54:06 - [MESSAGE][PASSED] - Text of object 'Object Repository/Выполнение бизнес-плана/Значения со страницы Выполнение бизнес-плана/План Потери за отчётный период Тверьэнерго' is: '496 983'

25-11-2024T07:54:06 - [TEST_STEP][PASSED] - page = page.replaceAll("\s+", ""): null

25-11-2024T07:54:06 - [TEST_STEP][PASSED] - filePoteri = poteri.toInteger(): null

25-11-2024T07:54:06 - [TEST_STEP][PASSED] - pagePoteri = page.toInteger(): null

25-11-2024T07:54:06 - [TEST_STEP][PASSED] - compare = pageOtpuskVSet: null

25-11-2024T07:54:06 - [TEST_STEP][PASSED] - if (compare == fileOtpuskVSet): null

25-11-2024T07:54:06 - [TEST_STEP][PASSED] - else if (compare > fileOtpuskVSet): null

25-11-2024T07:54:06 - [TEST_STEP][PASSED] - else if (compare < fileOtpuskVSet): null

25-11-2024T07:54:06 - [TEST_STEP][PASSED] - compare = compare + 1: null

25-11-2024T07:54:06 - [TEST_STEP][PASSED] - if (compare == fileOtpuskVSet): null

25-11-2024T07:54:06 - [TEST_STEP][PASSED] - else: null

25-11-2024T07:54:06 - [TEST_STEP][PASSED] - numberOfErrors = numberOfErrors + 1: null

25-11-2024T07:54:06 - [TEST_STEP][PASSED] - pageInt = pageOtpuskVSet: null

25-11-2024T07:54:06 - [TEST_STEP][PASSED] - fileInt = fileOtpuskVSet: null

25-11-2024T07:54:06 - [TEST_STEP][PASSED] - typeOfData = typeOfDataMain + " Отпуск в сеть": null

25-11-2024T07:54:06 - [TEST_STEP][PASSED] - Script1718980020443.WriteToExcel(a, typeOfData, todaysDate, pageInt, fileInt, pageDouble, fileDouble, dZO): null

25-11-2024T07:54:06 - [TEST_STEP][PASSED] - sheetName = "Sheet1": null

25-11-2024T07:54:06 - [TEST_STEP][PASSED] - data = findTestData("PlanFact"): null

25-11-2024T07:54:06 - [TEST_STEP][PASSED] - n = data.getRowNumbers() + 1: null

25-11-2024T07:54:06 - [TEST_STEP][PASSED] - year = todaysDate.substring(todaysDate.length() - 4, todaysDate.length()): null

25-11-2024T07:54:06 - [TEST_STEP][PASSED] - y = year.toInteger(): null

25-11-2024T07:54:06 - [TEST_STEP][PASSED] - m = getText(findTestObject("Выполнение бизнес-плана/Период")): Text of object 'Object Repository/Выполнение бизнес-плана/Период' is: '1, 2, 3 кв. 2024 года'

25-11-2024T07:54:07 - [MESSAGE][PASSED] - Text of object 'Object Repository/Выполнение бизнес-плана/Период' is: '1, 2, 3 кв. 2024 года'

25-11-2024T07:54:07 - [TEST_STEP][PASSED] - m = m.substring(0, m.indexOf("2024")): null

25-11-2024T07:54:07 - [TEST_STEP][PASSED] - m = m.trim(): null

25-11-2024T07:54:07 - [TEST_STEP][PASSED] - dashboardName = "Выполнение бизнес-плана": null

25-11-2024T07:54:07 - [TEST_STEP][PASSED] - workbook01 = getWorkbook(excelFilePath): null

25-11-2024T07:54:07 - [TEST_STEP][PASSED] - sheet01 = getExcelSheet(workbook01, sheetName): null

25-11-2024T07:54:07 - [TEST_STEP][PASSED] - setValueToCellByIndex(sheet01, n, 0, dashboardName): null

25-11-2024T07:54:07 - [TEST_STEP][PASSED] - setValueToCellByIndex(sheet01, n, 1, dZO): null

25-11-2024T07:54:07 - [TEST_STEP][PASSED] - setValueToCellByIndex(sheet01, n, 2, typeOfData): null

25-11-2024T07:54:07 - [TEST_STEP][PASSED] - if (typeOfData == "Факт в процентах" || typeOfData == "План в процентах"): null

25-11-2024T07:54:07 - [TEST_STEP][PASSED] - else: null

25-11-2024T07:54:07 - [TEST_STEP][PASSED] - setValueToCellByIndex(sheet01, n, 3, fileInt): null

25-11-2024T07:54:07 - [TEST_STEP][PASSED] - setValueToCellByIndex(sheet01, n, 4, pageInt): null

25-11-2024T07:54:07 - [TEST_STEP][PASSED] - setValueToCellByIndex(sheet01, n, 5, m): null

25-11-2024T07:54:07 - [TEST_STEP][PASSED] - setValueToCellByIndex(sheet01, n, 6, y): null

25-11-2024T07:54:07 - [TEST_STEP][PASSED] - setValueToCellByIndex(sheet01, n, 7, todaysDate): null

25-11-2024T07:54:07 - [TEST_STEP][PASSED] - n = n + 1: null

25-11-2024T07:54:07 - [TEST_STEP][PASSED] - saveWorkbook(excelFilePath, workbook01): null

25-11-2024T07:54:07 - [TEST_STEP][PASSED] - compare = pagePoteri: null

25-11-2024T07:54:07 - [TEST_STEP][PASSED] - if (compare == filePoteri): null

25-11-2024T07:54:07 - [TEST_STEP][PASSED] - else if (compare > filePoteri): null

25-11-2024T07:54:07 - [TEST_STEP][PASSED] - else if (compare < filePoteri): null

25-11-2024T07:54:07 - [TEST_STEP][PASSED] - compare = compare + 1: null

25-11-2024T07:54:07 - [TEST_STEP][PASSED] - if (compare == filePoteri): null

25-11-2024T07:54:07 - [TEST_STEP][PASSED] - else: null

25-11-2024T07:54:07 - [TEST_STEP][PASSED] - numberOfErrors = numberOfErrors + 1: null

25-11-2024T07:54:07 - [TEST_STEP][PASSED] - pageInt = pagePoteri: null

25-11-2024T07:54:07 - [TEST_STEP][PASSED] - fileInt = filePoteri: null

25-11-2024T07:54:07 - [TEST_STEP][PASSED] - typeOfData = typeOfDataMain + " Потери": null

25-11-2024T07:54:07 - [TEST_STEP][PASSED] - Script1718980020443.WriteToExcel(a, typeOfData, todaysDate, pageInt, fileInt, pageDouble, fileDouble, dZO): null

25-11-2024T07:54:07 - [TEST_STEP][PASSED] - sheetName = "Sheet1": null

25-11-2024T07:54:07 - [TEST_STEP][PASSED] - data = findTestData("PlanFact"): null

25-11-2024T07:54:07 - [TEST_STEP][PASSED] - n = data.getRowNumbers() + 1: null

25-11-2024T07:54:07 - [TEST_STEP][PASSED] - year = todaysDate.substring(todaysDate.length() - 4, todaysDate.length()): null

25-11-2024T07:54:07 - [TEST_STEP][PASSED] - y = year.toInteger(): null

25-11-2024T07:54:07 - [TEST_STEP][PASSED] - m = getText(findTestObject("Выполнение бизнес-плана/Период")): Text of object 'Object Repository/Выполнение бизнес-плана/Период' is: '1, 2, 3 кв. 2024 года'

25-11-2024T07:54:07 - [MESSAGE][PASSED] - Text of object 'Object Repository/Выполнение бизнес-плана/Период' is: '1, 2, 3 кв. 2024 года'

25-11-2024T07:54:07 - [TEST_STEP][PASSED] - m = m.substring(0, m.indexOf("2024")): null

25-11-2024T07:54:07 - [TEST_STEP][PASSED] - m = m.trim(): null

25-11-2024T07:54:07 - [TEST_STEP][PASSED] - dashboardName = "Выполнение бизнес-плана": null

25-11-2024T07:54:07 - [TEST_STEP][PASSED] - workbook01 = getWorkbook(excelFilePath): null

25-11-2024T07:54:07 - [TEST_STEP][PASSED] - sheet01 = getExcelSheet(workbook01, sheetName): null

25-11-2024T07:54:07 - [TEST_STEP][PASSED] - setValueToCellByIndex(sheet01, n, 0, dashboardName): null

25-11-2024T07:54:07 - [TEST_STEP][PASSED] - setValueToCellByIndex(sheet01, n, 1, dZO): null

25-11-2024T07:54:07 - [TEST_STEP][PASSED] - setValueToCellByIndex(sheet01, n, 2, typeOfData): null

25-11-2024T07:54:07 - [TEST_STEP][PASSED] - if (typeOfData == "Факт в процентах" || typeOfData == "План в процентах"): null

25-11-2024T07:54:07 - [TEST_STEP][PASSED] - else: null

25-11-2024T07:54:07 - [TEST_STEP][PASSED] - setValueToCellByIndex(sheet01, n, 3, fileInt): null

25-11-2024T07:54:07 - [TEST_STEP][PASSED] - setValueToCellByIndex(sheet01, n, 4, pageInt): null

25-11-2024T07:54:07 - [TEST_STEP][PASSED] - setValueToCellByIndex(sheet01, n, 5, m): null

25-11-2024T07:54:07 - [TEST_STEP][PASSED] - setValueToCellByIndex(sheet01, n, 6, y): null

25-11-2024T07:54:07 - [TEST_STEP][PASSED] - setValueToCellByIndex(sheet01, n, 7, todaysDate): null

25-11-2024T07:54:07 - [TEST_STEP][PASSED] - n = n + 1: null

25-11-2024T07:54:07 - [TEST_STEP][PASSED] - saveWorkbook(excelFilePath, workbook01): Object: 'Object Repository/Выполнение бизнес-плана/Кнопка Факт' is clicked on

25-11-2024T07:54:08 - [TEST_STEP][PASSED] - if (planFact == 2): Object: 'Object Repository/Выполнение бизнес-плана/Кнопка Факт' is clicked on

25-11-2024T07:54:08 - [TEST_STEP][PASSED] - click(findTestObject("Выполнение бизнес-плана/Кнопка Факт")): Object: 'Object Repository/Выполнение бизнес-плана/Кнопка Факт' is clicked on

25-11-2024T07:54:08 - [MESSAGE][PASSED] - Object: 'Object Repository/Выполнение бизнес-плана/Кнопка Факт' is clicked on

25-11-2024T07:54:08 - [TEST_STEP][PASSED] - if (a == 84 || a == 82): null

25-11-2024T07:54:08 - [TEST_STEP][PASSED] - else if (a == 52 || a == 72 || a == 28 || a == 73 || a == 77 || a == 74 || a == 65 || a == 36 || a == 44 || a == 53 || a == 80 || a == 54 || a == 1 || a == 18 || a == 59 || a == 81): null

25-11-2024T07:54:08 - [TEST_STEP][PASSED] - else: null

25-11-2024T07:54:08 - [TEST_STEP][PASSED] - page1 = getText(findTestObject("Object Repository/Выполнение бизнес-плана/spanPlan" + filialNum)): Text of object 'Object Repository/Выполнение бизнес-плана/spanPlan14' is: '13.23
|'

25-11-2024T07:54:08 - [MESSAGE][PASSED] - Text of object 'Object Repository/Выполнение бизнес-плана/spanPlan14' is: '13.23
|'

25-11-2024T07:54:08 - [TEST_STEP][PASSED] - page1 = page1.replace("|", ""): null

25-11-2024T07:54:08 - [TEST_STEP][PASSED] - page2 = getText(findTestObject("Object Repository/Выполнение бизнес-плана/spanFact" + filialNum)): Text of object 'Object Repository/Выполнение бизнес-плана/spanFact14' is: '12.90
|'

25-11-2024T07:54:08 - [MESSAGE][PASSED] - Text of object 'Object Repository/Выполнение бизнес-плана/spanFact14' is: '12.90
|'

25-11-2024T07:54:08 - [TEST_STEP][PASSED] - page2 = page2.replace("|", ""): null

25-11-2024T07:54:08 - [TEST_STEP][PASSED] - println("page1: " + page1): null

25-11-2024T07:54:08 - [TEST_STEP][PASSED] - println("page2: " + page2): null

25-11-2024T07:54:08 - [TEST_STEP][PASSED] - file = findTestData("PlanFact").getValue(4, a): null

25-11-2024T07:54:09 - [TEST_STEP][PASSED] - file = file.replace(",", "."): null

25-11-2024T07:54:09 - [TEST_STEP][PASSED] - println("file Plan: " + file): null

25-11-2024T07:54:09 - [TEST_STEP][PASSED] - typeOfData = "План в процентах": null

25-11-2024T07:54:09 - [TEST_STEP][PASSED] - fileDouble = file.toDouble(): null

25-11-2024T07:54:09 - [TEST_STEP][PASSED] - pageDouble = page1.toDouble(): null

25-11-2024T07:54:09 - [TEST_STEP][PASSED] - if (fileDouble != pageDouble): null

25-11-2024T07:54:09 - [TEST_STEP][PASSED] - numberOfErrors = numberOfErrors + 1: null

25-11-2024T07:54:09 - [TEST_STEP][PASSED] - Script1718980020443.WriteToExcel(a, typeOfData, todaysDate, pageInt, fileInt, pageDouble, fileDouble, dZO): null

25-11-2024T07:54:09 - [TEST_STEP][PASSED] - sheetName = "Sheet1": null

25-11-2024T07:54:09 - [TEST_STEP][PASSED] - data = findTestData("PlanFact"): null

25-11-2024T07:54:09 - [TEST_STEP][PASSED] - n = data.getRowNumbers() + 1: null

25-11-2024T07:54:09 - [TEST_STEP][PASSED] - year = todaysDate.substring(todaysDate.length() - 4, todaysDate.length()): null

25-11-2024T07:54:09 - [TEST_STEP][PASSED] - y = year.toInteger(): null

25-11-2024T07:54:09 - [TEST_STEP][PASSED] - m = getText(findTestObject("Выполнение бизнес-плана/Период")): Text of object 'Object Repository/Выполнение бизнес-плана/Период' is: '1, 2, 3 кв. 2024 года'

25-11-2024T07:54:09 - [MESSAGE][PASSED] - Text of object 'Object Repository/Выполнение бизнес-плана/Период' is: '1, 2, 3 кв. 2024 года'

25-11-2024T07:54:09 - [TEST_STEP][PASSED] - m = m.substring(0, m.indexOf("2024")): null

25-11-2024T07:54:09 - [TEST_STEP][PASSED] - m = m.trim(): null

25-11-2024T07:54:09 - [TEST_STEP][PASSED] - dashboardName = "Выполнение бизнес-плана": null

25-11-2024T07:54:09 - [TEST_STEP][PASSED] - workbook01 = getWorkbook(excelFilePath): null

25-11-2024T07:54:09 - [TEST_STEP][PASSED] - sheet01 = getExcelSheet(workbook01, sheetName): null

25-11-2024T07:54:09 - [TEST_STEP][PASSED] - setValueToCellByIndex(sheet01, n, 0, dashboardName): null

25-11-2024T07:54:09 - [TEST_STEP][PASSED] - setValueToCellByIndex(sheet01, n, 1, dZO): null

25-11-2024T07:54:09 - [TEST_STEP][PASSED] - setValueToCellByIndex(sheet01, n, 2, typeOfData): null

25-11-2024T07:54:09 - [TEST_STEP][PASSED] - if (typeOfData == "Факт в процентах" || typeOfData == "План в процентах"): null

25-11-2024T07:54:09 - [TEST_STEP][PASSED] - setValueToCellByIndex(sheet01, n, 3, fileDouble): null

25-11-2024T07:54:09 - [TEST_STEP][PASSED] - setValueToCellByIndex(sheet01, n, 4, pageDouble): null

25-11-2024T07:54:09 - [TEST_STEP][PASSED] - setValueToCellByIndex(sheet01, n, 5, m): null

25-11-2024T07:54:09 - [TEST_STEP][PASSED] - setValueToCellByIndex(sheet01, n, 6, y): null

25-11-2024T07:54:09 - [TEST_STEP][PASSED] - setValueToCellByIndex(sheet01, n, 7, todaysDate): null

25-11-2024T07:54:09 - [TEST_STEP][PASSED] - n = n + 1: null

25-11-2024T07:54:09 - [TEST_STEP][PASSED] - saveWorkbook(excelFilePath, workbook01): null

25-11-2024T07:54:09 - [TEST_STEP][PASSED] - file = findTestData("PlanFact").getValue(7, a): null

25-11-2024T07:54:09 - [TEST_STEP][PASSED] - file = file.replace(",", "."): null

25-11-2024T07:54:09 - [TEST_STEP][PASSED] - println("file Fact: " + file): null

25-11-2024T07:54:09 - [TEST_STEP][PASSED] - fileDouble = file.toDouble(): null

25-11-2024T07:54:09 - [TEST_STEP][PASSED] - typeOfData = "Факт в процентах": null

25-11-2024T07:54:09 - [TEST_STEP][PASSED] - fileDouble = file.toDouble(): null

25-11-2024T07:54:09 - [TEST_STEP][PASSED] - pageDouble = page2.toDouble(): null

25-11-2024T07:54:09 - [TEST_STEP][PASSED] - if (fileDouble != pageDouble): null

25-11-2024T07:54:09 - [TEST_STEP][PASSED] - numberOfErrors = numberOfErrors + 1: null

25-11-2024T07:54:09 - [TEST_STEP][PASSED] - Script1718980020443.WriteToExcel(a, typeOfData, todaysDate, pageInt, fileInt, pageDouble, fileDouble, dZO): null

25-11-2024T07:54:09 - [TEST_STEP][PASSED] - sheetName = "Sheet1": null

25-11-2024T07:54:09 - [TEST_STEP][PASSED] - data = findTestData("PlanFact"): null

25-11-2024T07:54:09 - [TEST_STEP][PASSED] - n = data.getRowNumbers() + 1: null

25-11-2024T07:54:09 - [TEST_STEP][PASSED] - year = todaysDate.substring(todaysDate.length() - 4, todaysDate.length()): null

25-11-2024T07:54:09 - [TEST_STEP][PASSED] - y = year.toInteger(): null

25-11-2024T07:54:09 - [TEST_STEP][PASSED] - m = getText(findTestObject("Выполнение бизнес-плана/Период")): Text of object 'Object Repository/Выполнение бизнес-плана/Период' is: '1, 2, 3 кв. 2024 года'

25-11-2024T07:54:10 - [MESSAGE][PASSED] - Text of object 'Object Repository/Выполнение бизнес-плана/Период' is: '1, 2, 3 кв. 2024 года'

25-11-2024T07:54:10 - [TEST_STEP][PASSED] - m = m.substring(0, m.indexOf("2024")): null

25-11-2024T07:54:10 - [TEST_STEP][PASSED] - m = m.trim(): null

25-11-2024T07:54:10 - [TEST_STEP][PASSED] - dashboardName = "Выполнение бизнес-плана": null

25-11-2024T07:54:10 - [TEST_STEP][PASSED] - workbook01 = getWorkbook(excelFilePath): null

25-11-2024T07:54:10 - [TEST_STEP][PASSED] - sheet01 = getExcelSheet(workbook01, sheetName): null

25-11-2024T07:54:10 - [TEST_STEP][PASSED] - setValueToCellByIndex(sheet01, n, 0, dashboardName): null

25-11-2024T07:54:10 - [TEST_STEP][PASSED] - setValueToCellByIndex(sheet01, n, 1, dZO): null

25-11-2024T07:54:10 - [TEST_STEP][PASSED] - setValueToCellByIndex(sheet01, n, 2, typeOfData): null

25-11-2024T07:54:10 - [TEST_STEP][PASSED] - if (typeOfData == "Факт в процентах" || typeOfData == "План в процентах"): null

25-11-2024T07:54:10 - [TEST_STEP][PASSED] - setValueToCellByIndex(sheet01, n, 3, fileDouble): null

25-11-2024T07:54:10 - [TEST_STEP][PASSED] - setValueToCellByIndex(sheet01, n, 4, pageDouble): null

25-11-2024T07:54:10 - [TEST_STEP][PASSED] - setValueToCellByIndex(sheet01, n, 5, m): null

25-11-2024T07:54:10 - [TEST_STEP][PASSED] - setValueToCellByIndex(sheet01, n, 6, y): null

25-11-2024T07:54:10 - [TEST_STEP][PASSED] - setValueToCellByIndex(sheet01, n, 7, todaysDate): null

25-11-2024T07:54:10 - [TEST_STEP][PASSED] - n = n + 1: null

25-11-2024T07:54:10 - [TEST_STEP][PASSED] - saveWorkbook(excelFilePath, workbook01): null

25-11-2024T07:54:10 - [TEST_STEP][FAILED] - if (verifyEqual(numberOfErrors, 0) == false): null

25-11-2024T07:54:10 - [MESSAGE][FAILED] - Unable to verify equal between actual object '6' and expected object '0' (Root cause: com.kms.katalon.core.exception.StepFailedException: Actual object '6' and expected object '0' are not equal
	at com.kms.katalon.core.keyword.builtin.VerifyEqualKeyword$_verifyEqual_closure1.doCall(VerifyEqualKeyword.groovy:58)
	at com.kms.katalon.core.keyword.builtin.VerifyEqualKeyword$_verifyEqual_closure1.call(VerifyEqualKeyword.groovy)
	at com.kms.katalon.core.keyword.internal.KeywordMain.runKeyword(KeywordMain.groovy:75)
	at com.kms.katalon.core.keyword.builtin.VerifyEqualKeyword.verifyEqual(VerifyEqualKeyword.groovy:63)
	at com.kms.katalon.core.keyword.builtin.VerifyEqualKeyword.execute(VerifyEqualKeyword.groovy:44)
	at com.kms.katalon.core.keyword.internal.KeywordExecutor.executeKeywordForPlatform(KeywordExecutor.groovy:74)
	at com.kms.katalon.core.keyword.BuiltinKeywords.verifyEqual(BuiltinKeywords.groovy:146)
	at jdk.internal.reflect.GeneratedMethodAccessor24.invoke(Unknown Source)
	at java.base/jdk.internal.reflect.DelegatingMethodAccessorImpl.invoke(DelegatingMethodAccessorImpl.java:43)
	at Выполнение бизнес-плана Сверка ПАО Россети все филиалы.Numbers(Выполнение бизнес-плана Сверка ПАО Россети все филиалы:740)
	at Выполнение бизнес-плана Сверка ПАО Россети все филиалы.Filials(Выполнение бизнес-плана Сверка ПАО Россети все филиалы:1321)
	at Выполнение бизнес-плана Сверка ПАО Россети все филиалы.Numbers(Выполнение бизнес-плана Сверка ПАО Россети все филиалы:745)
	at Выполнение бизнес-плана Сверка ПАО Россети все филиалы.run(Выполнение бизнес-плана Сверка ПАО Россети все филиалы:388)
	at com.kms.katalon.core.main.ScriptEngine.run(ScriptEngine.java:194)
	at com.kms.katalon.core.main.ScriptEngine.runScriptAsRawText(ScriptEngine.java:119)
	at com.kms.katalon.core.main.TestCaseExecutor.runScript(TestCaseExecutor.java:448)
	at com.kms.katalon.core.main.TestCaseExecutor.doExecute(TestCaseExecutor.java:439)
	at com.kms.katalon.core.main.TestCaseExecutor.processExecutionPhase(TestCaseExecutor.java:418)
	at com.kms.katalon.core.main.TestCaseExecutor.accessMainPhase(TestCaseExecutor.java:410)
	at com.kms.katalon.core.main.TestCaseExecutor.execute(TestCaseExecutor.java:285)
	at com.kms.katalon.core.common.CommonExecutor.accessTestCaseMainPhase(CommonExecutor.java:65)
	at com.kms.katalon.core.main.TestSuiteExecutor.accessTestSuiteMainPhase(TestSuiteExecutor.java:150)
	at com.kms.katalon.core.main.TestSuiteExecutor.execute(TestSuiteExecutor.java:106)
	at com.kms.katalon.core.main.TestCaseMain.startTestSuite(TestCaseMain.java:180)
	at TempTestSuite1732509691813.run(TempTestSuite1732509691813.groovy:35)
	at java.base/jdk.internal.reflect.NativeMethodAccessorImpl.invoke0(Native Method)
	at java.base/jdk.internal.reflect.NativeMethodAccessorImpl.invoke(NativeMethodAccessorImpl.java:77)
	at java.base/jdk.internal.reflect.DelegatingMethodAccessorImpl.invoke(DelegatingMethodAccessorImpl.java:43)
)

25-11-2024T07:54:10 - [TEST_STEP][PASSED] - println(numberOfErrors): null

25-11-2024T07:54:10 - [TEST_STEP][PASSED] - if (a == 28 || a == 77 || a == 74 || a == 65 || a == 36 || a == 44 || a == 54 || a == 1 || a == 18 || a == 59): null

25-11-2024T07:54:10 - [TEST_STEP][PASSED] - if (a == 82): null

25-11-2024T07:54:10 - [TEST_STEP][PASSED] - dZO = "Ярэнерго": null

25-11-2024T07:54:10 - [TEST_STEP][PASSED] - a = 12: null

25-11-2024T07:54:10 - [TEST_STEP][PASSED] - if (x2.contains(dZO)): null

25-11-2024T07:54:10 - [TEST_STEP][PASSED] - filialNum = filialNum + 1: null

25-11-2024T07:54:10 - [TEST_STEP][PASSED] - Script1718980020443.Numbers(a, typeOfData, todaysDate, pageInt, fileInt, pageDouble, fileDouble, dZO, dzoNum, filialNum): null

25-11-2024T07:54:10 - [TEST_STEP][PASSED] - println(dzoNum): null

25-11-2024T07:54:10 - [TEST_STEP][PASSED] - planFact = <not implemented yet for class: org.codehaus.groovy.ast.expr.EmptyExpression>: null

25-11-2024T07:54:10 - [TEST_STEP][PASSED] - page = <not implemented yet for class: org.codehaus.groovy.ast.expr.EmptyExpression>: null

25-11-2024T07:54:10 - [TEST_STEP][PASSED] - page1 = <not implemented yet for class: org.codehaus.groovy.ast.expr.EmptyExpression>: null

25-11-2024T07:54:10 - [TEST_STEP][PASSED] - page2 = <not implemented yet for class: org.codehaus.groovy.ast.expr.EmptyExpression>: null

25-11-2024T07:54:10 - [TEST_STEP][PASSED] - filialNumberInRow = <not implemented yet for class: org.codehaus.groovy.ast.expr.EmptyExpression>: null

25-11-2024T07:54:10 - [TEST_STEP][PASSED] - filialsDzoNames = <not implemented yet for class: org.codehaus.groovy.ast.expr.EmptyExpression>: null

25-11-2024T07:54:10 - [TEST_STEP][PASSED] - numberOfFilials = <not implemented yet for class: org.codehaus.groovy.ast.expr.EmptyExpression>: null

25-11-2024T07:54:10 - [TEST_STEP][PASSED] - numberOfSpaces = <not implemented yet for class: org.codehaus.groovy.ast.expr.EmptyExpression>: null

25-11-2024T07:54:10 - [TEST_STEP][PASSED] - file = <not implemented yet for class: org.codehaus.groovy.ast.expr.EmptyExpression>: null

25-11-2024T07:54:10 - [TEST_STEP][PASSED] - otpusk = <not implemented yet for class: org.codehaus.groovy.ast.expr.EmptyExpression>: null

25-11-2024T07:54:10 - [TEST_STEP][PASSED] - poteri = <not implemented yet for class: org.codehaus.groovy.ast.expr.EmptyExpression>: null

25-11-2024T07:54:10 - [TEST_STEP][PASSED] - dataFolder = "Выполнение бизнес-плана/Значения со страницы Выполнение бизнес-плана/": null

25-11-2024T07:54:10 - [TEST_STEP][PASSED] - path = <not implemented yet for class: org.codehaus.groovy.ast.expr.EmptyExpression>: null

25-11-2024T07:54:10 - [TEST_STEP][PASSED] - typeOfDataMain = <not implemented yet for class: org.codehaus.groovy.ast.expr.EmptyExpression>: null

25-11-2024T07:54:10 - [TEST_STEP][PASSED] - fileOtpuskVSet = <not implemented yet for class: org.codehaus.groovy.ast.expr.EmptyExpression>: null

25-11-2024T07:54:10 - [TEST_STEP][PASSED] - pageOtpuskVSet = <not implemented yet for class: org.codehaus.groovy.ast.expr.EmptyExpression>: null

25-11-2024T07:54:10 - [TEST_STEP][PASSED] - filePoteri = <not implemented yet for class: org.codehaus.groovy.ast.expr.EmptyExpression>: null

25-11-2024T07:54:10 - [TEST_STEP][PASSED] - pagePoteri = <not implemented yet for class: org.codehaus.groovy.ast.expr.EmptyExpression>: null

25-11-2024T07:54:10 - [TEST_STEP][PASSED] - compare = <not implemented yet for class: org.codehaus.groovy.ast.expr.EmptyExpression>: null

25-11-2024T07:54:10 - [TEST_STEP][PASSED] - b = <not implemented yet for class: org.codehaus.groovy.ast.expr.EmptyExpression>: null

25-11-2024T07:54:10 - [TEST_STEP][PASSED] - i = <not implemented yet for class: org.codehaus.groovy.ast.expr.EmptyExpression>: null

25-11-2024T07:54:10 - [TEST_STEP][PASSED] - ii = <not implemented yet for class: org.codehaus.groovy.ast.expr.EmptyExpression>: null

25-11-2024T07:54:10 - [TEST_STEP][PASSED] - c = <not implemented yet for class: org.codehaus.groovy.ast.expr.EmptyExpression>: null

25-11-2024T07:54:10 - [TEST_STEP][PASSED] - numberOfErrors = 0: null

25-11-2024T07:54:10 - [TEST_STEP][PASSED] - if (a == 82): null

25-11-2024T07:54:10 - [TEST_STEP][PASSED] - b = findTestData("PlanFact").getValue(1, a): null

25-11-2024T07:54:10 - [TEST_STEP][PASSED] - i = b.indexOf(" (ГК)"): null

25-11-2024T07:54:10 - [TEST_STEP][PASSED] - if (i > -1): null

25-11-2024T07:54:10 - [TEST_STEP][PASSED] - i = b.indexOf("О ""): null

25-11-2024T07:54:10 - [TEST_STEP][PASSED] - if (i > -1): null

25-11-2024T07:54:10 - [TEST_STEP][PASSED] - i = b.indexOf("О «"): null

25-11-2024T07:54:10 - [TEST_STEP][PASSED] - if (i > -1): null

25-11-2024T07:54:10 - [TEST_STEP][PASSED] - i = b.indexOf("г. "): null

25-11-2024T07:54:10 - [TEST_STEP][PASSED] - if (i > -1): null

25-11-2024T07:54:10 - [TEST_STEP][PASSED] - println(b): null

25-11-2024T07:54:10 - [TEST_STEP][PASSED] - for ([planFact = 1, planFact < 3, (planFact++)]): Object: 'Object Repository/Выполнение бизнес-плана/Кнопка Факт' is clicked on

25-11-2024T07:54:10 - [TEST_STEP][PASSED] - if (planFact == 1): null

25-11-2024T07:54:10 - [TEST_STEP][PASSED] - typeOfDataMain = "Факт": null

25-11-2024T07:54:10 - [TEST_STEP][PASSED] - otpusk = findTestData("PlanFact").getValue(5, a): null

25-11-2024T07:54:10 - [TEST_STEP][PASSED] - poteri = findTestData("PlanFact").getValue(6, a): null

25-11-2024T07:54:10 - [TEST_STEP][PASSED] - otpusk = otpusk.replaceAll("\s+", ""): null

25-11-2024T07:54:10 - [TEST_STEP][PASSED] - poteri = poteri.replaceAll("\s+", ""): null

25-11-2024T07:54:10 - [TEST_STEP][PASSED] - typeOfData = typeOfDataMain + " Отпуск в сеть": null

25-11-2024T07:54:10 - [TEST_STEP][PASSED] - if (a == 82): null

25-11-2024T07:54:10 - [TEST_STEP][PASSED] - else if (a == 84): null

25-11-2024T07:54:10 - [TEST_STEP][PASSED] - else if (a == 52 || a == 72 || a == 28 || a == 73 || a == 77 || a == 74 || a == 65 || a == 36 || a == 44 || a == 53 || a == 80 || a == 54 || a == 1 || a == 18 || a == 59 || a == 81): null

25-11-2024T07:54:10 - [TEST_STEP][PASSED] - else: null

25-11-2024T07:54:10 - [TEST_STEP][PASSED] - path = dataFolder + typeOfData + " за отчётный период " + b: null

25-11-2024T07:54:10 - [TEST_STEP][PASSED] - println(path): null

25-11-2024T07:54:10 - [TEST_STEP][PASSED] - page = getText(findTestObject(path)): Text of object 'Object Repository/Выполнение бизнес-плана/Значения со страницы Выполнение бизнес-плана/Факт Отпуск в сеть за отчётный период Ярэнерго' is: '5 259 905'

25-11-2024T07:54:10 - [MESSAGE][PASSED] - Text of object 'Object Repository/Выполнение бизнес-плана/Значения со страницы Выполнение бизнес-плана/Факт Отпуск в сеть за отчётный период Ярэнерго' is: '5 259 905'

25-11-2024T07:54:10 - [TEST_STEP][PASSED] - page = page.replaceAll("\s+", ""): null

25-11-2024T07:54:10 - [TEST_STEP][PASSED] - fileOtpuskVSet = otpusk.toInteger(): null

25-11-2024T07:54:10 - [TEST_STEP][PASSED] - pageOtpuskVSet = page.toInteger(): null

25-11-2024T07:54:10 - [TEST_STEP][PASSED] - typeOfData = typeOfDataMain + " Потери": null

25-11-2024T07:54:10 - [TEST_STEP][PASSED] - if (a == 82): null

25-11-2024T07:54:10 - [TEST_STEP][PASSED] - else if (a == 84): null

25-11-2024T07:54:10 - [TEST_STEP][PASSED] - else if (a == 52 || a == 72 || a == 28 || a == 73 || a == 77 || a == 74 || a == 65 || a == 36 || a == 44 || a == 53 || a == 80 || a == 54 || a == 1 || a == 18 || a == 59 || a == 81): null

25-11-2024T07:54:10 - [TEST_STEP][PASSED] - else: null

25-11-2024T07:54:10 - [TEST_STEP][PASSED] - path = dataFolder + typeOfData + " за отчётный период " + b: null

25-11-2024T07:54:10 - [TEST_STEP][PASSED] - page = getText(findTestObject(path)): Text of object 'Object Repository/Выполнение бизнес-плана/Значения со страницы Выполнение бизнес-плана/Факт Потери за отчётный период Ярэнерго' is: '428 321'

25-11-2024T07:54:11 - [MESSAGE][PASSED] - Text of object 'Object Repository/Выполнение бизнес-плана/Значения со страницы Выполнение бизнес-плана/Факт Потери за отчётный период Ярэнерго' is: '428 321'

25-11-2024T07:54:11 - [TEST_STEP][PASSED] - page = page.replaceAll("\s+", ""): null

25-11-2024T07:54:11 - [TEST_STEP][PASSED] - filePoteri = poteri.toInteger(): null

25-11-2024T07:54:11 - [TEST_STEP][PASSED] - pagePoteri = page.toInteger(): null

25-11-2024T07:54:11 - [TEST_STEP][PASSED] - compare = pageOtpuskVSet: null

25-11-2024T07:54:11 - [TEST_STEP][PASSED] - if (compare == fileOtpuskVSet): null

25-11-2024T07:54:11 - [TEST_STEP][PASSED] - if (compare == fileOtpuskVSet): null

25-11-2024T07:54:11 - [TEST_STEP][PASSED] - compare = pagePoteri: null

25-11-2024T07:54:11 - [TEST_STEP][PASSED] - if (compare == filePoteri): null

25-11-2024T07:54:11 - [TEST_STEP][PASSED] - if (compare == filePoteri): null

25-11-2024T07:54:11 - [TEST_STEP][PASSED] - if (planFact == 2): null

25-11-2024T07:54:11 - [TEST_STEP][PASSED] - if (planFact == 1): null

25-11-2024T07:54:11 - [TEST_STEP][PASSED] - else if (planFact == 2): null

25-11-2024T07:54:11 - [TEST_STEP][PASSED] - click(findTestObject("Выполнение бизнес-плана/Кнопка План")): Object: 'Object Repository/Выполнение бизнес-плана/Кнопка План' is clicked on

25-11-2024T07:54:11 - [MESSAGE][PASSED] - Object: 'Object Repository/Выполнение бизнес-плана/Кнопка План' is clicked on

25-11-2024T07:54:11 - [TEST_STEP][PASSED] - typeOfDataMain = "План": null

25-11-2024T07:54:11 - [TEST_STEP][PASSED] - otpusk = findTestData("PlanFact").getValue(2, a): null

25-11-2024T07:54:11 - [TEST_STEP][PASSED] - poteri = findTestData("PlanFact").getValue(3, a): null

25-11-2024T07:54:11 - [TEST_STEP][PASSED] - otpusk = otpusk.replaceAll("\s+", ""): null

25-11-2024T07:54:11 - [TEST_STEP][PASSED] - poteri = poteri.replaceAll("\s+", ""): null

25-11-2024T07:54:11 - [TEST_STEP][PASSED] - typeOfData = typeOfDataMain + " Отпуск в сеть": null

25-11-2024T07:54:11 - [TEST_STEP][PASSED] - if (a == 82): null

25-11-2024T07:54:11 - [TEST_STEP][PASSED] - else if (a == 84): null

25-11-2024T07:54:11 - [TEST_STEP][PASSED] - else if (a == 52 || a == 72 || a == 28 || a == 73 || a == 77 || a == 74 || a == 65 || a == 36 || a == 44 || a == 53 || a == 80 || a == 54 || a == 1 || a == 18 || a == 59 || a == 81): null

25-11-2024T07:54:11 - [TEST_STEP][PASSED] - else: null

25-11-2024T07:54:11 - [TEST_STEP][PASSED] - path = dataFolder + typeOfData + " за отчётный период " + b: null

25-11-2024T07:54:11 - [TEST_STEP][PASSED] - println(path): null

25-11-2024T07:54:11 - [TEST_STEP][PASSED] - page = getText(findTestObject(path)): Text of object 'Object Repository/Выполнение бизнес-плана/Значения со страницы Выполнение бизнес-плана/План Отпуск в сеть за отчётный период Ярэнерго' is: '4 975 014'

25-11-2024T07:54:12 - [MESSAGE][PASSED] - Text of object 'Object Repository/Выполнение бизнес-плана/Значения со страницы Выполнение бизнес-плана/План Отпуск в сеть за отчётный период Ярэнерго' is: '4 975 014'

25-11-2024T07:54:12 - [TEST_STEP][PASSED] - page = page.replaceAll("\s+", ""): null

25-11-2024T07:54:12 - [TEST_STEP][PASSED] - fileOtpuskVSet = otpusk.toInteger(): null

25-11-2024T07:54:12 - [TEST_STEP][PASSED] - pageOtpuskVSet = page.toInteger(): null

25-11-2024T07:54:12 - [TEST_STEP][PASSED] - typeOfData = typeOfDataMain + " Потери": null

25-11-2024T07:54:12 - [TEST_STEP][PASSED] - if (a == 82): null

25-11-2024T07:54:12 - [TEST_STEP][PASSED] - else if (a == 84): null

25-11-2024T07:54:12 - [TEST_STEP][PASSED] - else if (a == 52 || a == 72 || a == 28 || a == 73 || a == 77 || a == 74 || a == 65 || a == 36 || a == 44 || a == 53 || a == 80 || a == 54 || a == 1 || a == 18 || a == 59 || a == 81): null

25-11-2024T07:54:12 - [TEST_STEP][PASSED] - else: null

25-11-2024T07:54:12 - [TEST_STEP][PASSED] - path = dataFolder + typeOfData + " за отчётный период " + b: null

25-11-2024T07:54:12 - [TEST_STEP][PASSED] - page = getText(findTestObject(path)): Text of object 'Object Repository/Выполнение бизнес-плана/Значения со страницы Выполнение бизнес-плана/План Потери за отчётный период Ярэнерго' is: '430 228'

25-11-2024T07:54:12 - [MESSAGE][PASSED] - Text of object 'Object Repository/Выполнение бизнес-плана/Значения со страницы Выполнение бизнес-плана/План Потери за отчётный период Ярэнерго' is: '430 228'

25-11-2024T07:54:12 - [TEST_STEP][PASSED] - page = page.replaceAll("\s+", ""): null

25-11-2024T07:54:12 - [TEST_STEP][PASSED] - filePoteri = poteri.toInteger(): null

25-11-2024T07:54:12 - [TEST_STEP][PASSED] - pagePoteri = page.toInteger(): null

25-11-2024T07:54:12 - [TEST_STEP][PASSED] - compare = pageOtpuskVSet: null

25-11-2024T07:54:12 - [TEST_STEP][PASSED] - if (compare == fileOtpuskVSet): null

25-11-2024T07:54:12 - [TEST_STEP][PASSED] - if (compare == fileOtpuskVSet): null

25-11-2024T07:54:12 - [TEST_STEP][PASSED] - compare = pagePoteri: null

25-11-2024T07:54:12 - [TEST_STEP][PASSED] - if (compare == filePoteri): null

25-11-2024T07:54:12 - [TEST_STEP][PASSED] - if (compare == filePoteri): null

25-11-2024T07:54:12 - [TEST_STEP][PASSED] - if (planFact == 2): Object: 'Object Repository/Выполнение бизнес-плана/Кнопка Факт' is clicked on

25-11-2024T07:54:12 - [TEST_STEP][PASSED] - click(findTestObject("Выполнение бизнес-плана/Кнопка Факт")): Object: 'Object Repository/Выполнение бизнес-плана/Кнопка Факт' is clicked on

25-11-2024T07:54:12 - [MESSAGE][PASSED] - Object: 'Object Repository/Выполнение бизнес-плана/Кнопка Факт' is clicked on

25-11-2024T07:54:12 - [TEST_STEP][PASSED] - if (a == 84 || a == 82): null

25-11-2024T07:54:12 - [TEST_STEP][PASSED] - else if (a == 52 || a == 72 || a == 28 || a == 73 || a == 77 || a == 74 || a == 65 || a == 36 || a == 44 || a == 53 || a == 80 || a == 54 || a == 1 || a == 18 || a == 59 || a == 81): null

25-11-2024T07:54:12 - [TEST_STEP][PASSED] - else: null

25-11-2024T07:54:12 - [TEST_STEP][PASSED] - page1 = getText(findTestObject("Object Repository/Выполнение бизнес-плана/spanPlan" + filialNum)): Text of object 'Object Repository/Выполнение бизнес-плана/spanPlan15' is: '8.65
|'

25-11-2024T07:54:12 - [MESSAGE][PASSED] - Text of object 'Object Repository/Выполнение бизнес-плана/spanPlan15' is: '8.65
|'

25-11-2024T07:54:12 - [TEST_STEP][PASSED] - page1 = page1.replace("|", ""): null

25-11-2024T07:54:12 - [TEST_STEP][PASSED] - page2 = getText(findTestObject("Object Repository/Выполнение бизнес-плана/spanFact" + filialNum)): Text of object 'Object Repository/Выполнение бизнес-плана/spanFact15' is: '8.14
|'

25-11-2024T07:54:13 - [MESSAGE][PASSED] - Text of object 'Object Repository/Выполнение бизнес-плана/spanFact15' is: '8.14
|'

25-11-2024T07:54:13 - [TEST_STEP][PASSED] - page2 = page2.replace("|", ""): null

25-11-2024T07:54:13 - [TEST_STEP][PASSED] - println("page1: " + page1): null

25-11-2024T07:54:13 - [TEST_STEP][PASSED] - println("page2: " + page2): null

25-11-2024T07:54:13 - [TEST_STEP][PASSED] - file = findTestData("PlanFact").getValue(4, a): null

25-11-2024T07:54:13 - [TEST_STEP][PASSED] - file = file.replace(",", "."): null

25-11-2024T07:54:13 - [TEST_STEP][PASSED] - println("file Plan: " + file): null

25-11-2024T07:54:13 - [TEST_STEP][PASSED] - typeOfData = "План в процентах": null

25-11-2024T07:54:13 - [TEST_STEP][PASSED] - fileDouble = file.toDouble(): null

25-11-2024T07:54:13 - [TEST_STEP][PASSED] - pageDouble = page1.toDouble(): null

25-11-2024T07:54:13 - [TEST_STEP][PASSED] - if (fileDouble != pageDouble): null

25-11-2024T07:54:13 - [TEST_STEP][PASSED] - file = findTestData("PlanFact").getValue(7, a): null

25-11-2024T07:54:13 - [TEST_STEP][PASSED] - file = file.replace(",", "."): null

25-11-2024T07:54:13 - [TEST_STEP][PASSED] - println("file Fact: " + file): null

25-11-2024T07:54:13 - [TEST_STEP][PASSED] - fileDouble = file.toDouble(): null

25-11-2024T07:54:13 - [TEST_STEP][PASSED] - typeOfData = "Факт в процентах": null

25-11-2024T07:54:13 - [TEST_STEP][PASSED] - fileDouble = file.toDouble(): null

25-11-2024T07:54:13 - [TEST_STEP][PASSED] - pageDouble = page2.toDouble(): null

25-11-2024T07:54:13 - [TEST_STEP][PASSED] - if (fileDouble != pageDouble): null

25-11-2024T07:54:13 - [TEST_STEP][PASSED] - if (verifyEqual(numberOfErrors, 0) == false): Actual object '0' and expected object '0' are equal

25-11-2024T07:54:13 - [MESSAGE][PASSED] - Actual object '0' and expected object '0' are equal

25-11-2024T07:54:13 - [TEST_STEP][PASSED] - if (a == 82): null

25-11-2024T07:54:13 - [TEST_STEP][PASSED] - filialNum = 0: null

25-11-2024T07:54:13 - [TEST_STEP][PASSED] - if (a == 18): null

25-11-2024T07:54:13 - [TEST_STEP][PASSED] - if (a == 36): null

25-11-2024T07:54:13 - [TEST_STEP][PASSED] - if (a == 44): null

25-11-2024T07:54:13 - [TEST_STEP][PASSED] - if (a == 54): null

25-11-2024T07:54:13 - [TEST_STEP][PASSED] - if (a == 59): null

25-11-2024T07:54:13 - [TEST_STEP][PASSED] - Script1718980020443.OpenFilter(): null

25-11-2024T07:54:13 - [TEST_STEP][PASSED] - click(findTestObject("Object Repository/Выполнение бизнес-плана/Фильтр ДЗО")): Object: 'Object Repository/Выполнение бизнес-плана/Фильтр ДЗО' is clicked on

25-11-2024T07:54:13 - [MESSAGE][PASSED] - Object: 'Object Repository/Выполнение бизнес-плана/Фильтр ДЗО' is clicked on

25-11-2024T07:54:13 - [TEST_STEP][PASSED] - click(findTestObject("Выполнение бизнес-плана/Снять выделение в фильтре ДЗО")): Object: 'Object Repository/Выполнение бизнес-плана/Снять выделение в фильтре ДЗО' is clicked on

25-11-2024T07:54:14 - [MESSAGE][PASSED] - Object: 'Object Repository/Выполнение бизнес-плана/Снять выделение в фильтре ДЗО' is clicked on

25-11-2024T07:54:14 - [TEST_STEP][PASSED] - Script1718980020443.CloseFilter(): null

25-11-2024T07:54:14 - [TEST_STEP][PASSED] - scrollToElement(findTestObject("Выполнение бизнес-плана/Заголовок дашборда"), 30): Scroll to object 'Object Repository/Выполнение бизнес-плана/Заголовок дашборда' successfully

25-11-2024T07:54:14 - [MESSAGE][PASSED] - Scroll to object 'Object Repository/Выполнение бизнес-плана/Заголовок дашборда' successfully

25-11-2024T07:54:14 - [TEST_STEP][PASSED] - click(findTestObject("Object Repository/Выполнение бизнес-плана/Применить в фильтре ДЗО")): Object: 'Object Repository/Выполнение бизнес-плана/Применить в фильтре ДЗО' is clicked on

25-11-2024T07:54:15 - [MESSAGE][PASSED] - Object: 'Object Repository/Выполнение бизнес-плана/Применить в фильтре ДЗО' is clicked on

25-11-2024T07:54:15 - [TEST_STEP][PASSED] - if (a == 82): null

25-11-2024T07:54:15 - [TEST_STEP][PASSED] - println(dzoNum): null

25-11-2024T07:54:15 - [TEST_STEP][PASSED] - dZO = "Россети Центр и Приволжье (ГК)": null

25-11-2024T07:54:15 - [TEST_STEP][PASSED] - a = 18: null

25-11-2024T07:54:15 - [TEST_STEP][PASSED] - if (x1.contains(dZO)): null

25-11-2024T07:54:15 - [TEST_STEP][PASSED] - dzoNum = dzoNum + 1: null

25-11-2024T07:54:15 - [TEST_STEP][PASSED] - Script1718980020443.Numbers(a, typeOfData, todaysDate, pageInt, fileInt, pageDouble, fileDouble, dZO, dzoNum, filialNum): null

25-11-2024T07:54:15 - [TEST_STEP][PASSED] - println(dzoNum): null

25-11-2024T07:54:15 - [TEST_STEP][PASSED] - planFact = <not implemented yet for class: org.codehaus.groovy.ast.expr.EmptyExpression>: null

25-11-2024T07:54:15 - [TEST_STEP][PASSED] - page = <not implemented yet for class: org.codehaus.groovy.ast.expr.EmptyExpression>: null

25-11-2024T07:54:15 - [TEST_STEP][PASSED] - page1 = <not implemented yet for class: org.codehaus.groovy.ast.expr.EmptyExpression>: null

25-11-2024T07:54:15 - [TEST_STEP][PASSED] - page2 = <not implemented yet for class: org.codehaus.groovy.ast.expr.EmptyExpression>: null

25-11-2024T07:54:15 - [TEST_STEP][PASSED] - filialNumberInRow = <not implemented yet for class: org.codehaus.groovy.ast.expr.EmptyExpression>: null

25-11-2024T07:54:15 - [TEST_STEP][PASSED] - filialsDzoNames = <not implemented yet for class: org.codehaus.groovy.ast.expr.EmptyExpression>: null

25-11-2024T07:54:15 - [TEST_STEP][PASSED] - numberOfFilials = <not implemented yet for class: org.codehaus.groovy.ast.expr.EmptyExpression>: null

25-11-2024T07:54:15 - [TEST_STEP][PASSED] - numberOfSpaces = <not implemented yet for class: org.codehaus.groovy.ast.expr.EmptyExpression>: null

25-11-2024T07:54:15 - [TEST_STEP][PASSED] - file = <not implemented yet for class: org.codehaus.groovy.ast.expr.EmptyExpression>: null

25-11-2024T07:54:15 - [TEST_STEP][PASSED] - otpusk = <not implemented yet for class: org.codehaus.groovy.ast.expr.EmptyExpression>: null

25-11-2024T07:54:15 - [TEST_STEP][PASSED] - poteri = <not implemented yet for class: org.codehaus.groovy.ast.expr.EmptyExpression>: null

25-11-2024T07:54:15 - [TEST_STEP][PASSED] - dataFolder = "Выполнение бизнес-плана/Значения со страницы Выполнение бизнес-плана/": null

25-11-2024T07:54:15 - [TEST_STEP][PASSED] - path = <not implemented yet for class: org.codehaus.groovy.ast.expr.EmptyExpression>: null

25-11-2024T07:54:15 - [TEST_STEP][PASSED] - typeOfDataMain = <not implemented yet for class: org.codehaus.groovy.ast.expr.EmptyExpression>: null

25-11-2024T07:54:15 - [TEST_STEP][PASSED] - fileOtpuskVSet = <not implemented yet for class: org.codehaus.groovy.ast.expr.EmptyExpression>: null

25-11-2024T07:54:15 - [TEST_STEP][PASSED] - pageOtpuskVSet = <not implemented yet for class: org.codehaus.groovy.ast.expr.EmptyExpression>: null

25-11-2024T07:54:15 - [TEST_STEP][PASSED] - filePoteri = <not implemented yet for class: org.codehaus.groovy.ast.expr.EmptyExpression>: null

25-11-2024T07:54:15 - [TEST_STEP][PASSED] - pagePoteri = <not implemented yet for class: org.codehaus.groovy.ast.expr.EmptyExpression>: null

25-11-2024T07:54:15 - [TEST_STEP][PASSED] - compare = <not implemented yet for class: org.codehaus.groovy.ast.expr.EmptyExpression>: null

25-11-2024T07:54:15 - [TEST_STEP][PASSED] - b = <not implemented yet for class: org.codehaus.groovy.ast.expr.EmptyExpression>: null

25-11-2024T07:54:15 - [TEST_STEP][PASSED] - i = <not implemented yet for class: org.codehaus.groovy.ast.expr.EmptyExpression>: null

25-11-2024T07:54:15 - [TEST_STEP][PASSED] - ii = <not implemented yet for class: org.codehaus.groovy.ast.expr.EmptyExpression>: null

25-11-2024T07:54:15 - [TEST_STEP][PASSED] - c = <not implemented yet for class: org.codehaus.groovy.ast.expr.EmptyExpression>: null

25-11-2024T07:54:15 - [TEST_STEP][PASSED] - numberOfErrors = 0: null

25-11-2024T07:54:15 - [TEST_STEP][PASSED] - if (a == 82): null

25-11-2024T07:54:15 - [TEST_STEP][PASSED] - b = findTestData("PlanFact").getValue(1, a): null

25-11-2024T07:54:15 - [TEST_STEP][PASSED] - i = b.indexOf(" (ГК)"): null

25-11-2024T07:54:15 - [TEST_STEP][PASSED] - if (i > -1): null

25-11-2024T07:54:15 - [TEST_STEP][PASSED] - b = b.substring(0, i): null

25-11-2024T07:54:15 - [TEST_STEP][PASSED] - b = b.trim(): null

25-11-2024T07:54:15 - [TEST_STEP][PASSED] - i = b.indexOf("О ""): null

25-11-2024T07:54:15 - [TEST_STEP][PASSED] - if (i > -1): null

25-11-2024T07:54:15 - [TEST_STEP][PASSED] - i = b.indexOf("О «"): null

25-11-2024T07:54:15 - [TEST_STEP][PASSED] - if (i > -1): null

25-11-2024T07:54:15 - [TEST_STEP][PASSED] - i = b.indexOf("г. "): null

25-11-2024T07:54:15 - [TEST_STEP][PASSED] - if (i > -1): null

25-11-2024T07:54:15 - [TEST_STEP][PASSED] - println(b): null

25-11-2024T07:54:15 - [TEST_STEP][PASSED] - for ([planFact = 1, planFact < 3, (planFact++)]): null

25-11-2024T07:54:15 - [TEST_STEP][PASSED] - if (planFact == 1): null

25-11-2024T07:54:15 - [TEST_STEP][PASSED] - typeOfDataMain = "Факт": null

25-11-2024T07:54:15 - [TEST_STEP][PASSED] - otpusk = findTestData("PlanFact").getValue(5, a): null

25-11-2024T07:54:15 - [TEST_STEP][PASSED] - poteri = findTestData("PlanFact").getValue(6, a): null

25-11-2024T07:54:15 - [TEST_STEP][PASSED] - otpusk = otpusk.replaceAll("\s+", ""): null

25-11-2024T07:54:15 - [TEST_STEP][PASSED] - poteri = poteri.replaceAll("\s+", ""): null

25-11-2024T07:54:15 - [TEST_STEP][PASSED] - typeOfData = typeOfDataMain + " Отпуск в сеть": null

25-11-2024T07:54:15 - [TEST_STEP][PASSED] - if (a == 82): null

25-11-2024T07:54:15 - [TEST_STEP][PASSED] - else if (a == 84): null

25-11-2024T07:54:15 - [TEST_STEP][PASSED] - else if (a == 52 || a == 72 || a == 28 || a == 73 || a == 77 || a == 74 || a == 65 || a == 36 || a == 44 || a == 53 || a == 80 || a == 54 || a == 1 || a == 18 || a == 59 || a == 81): null

25-11-2024T07:54:15 - [TEST_STEP][PASSED] - path = dataFolder + "Table Data/" + typeOfData + " за отчётный период " + dzoNum: null

25-11-2024T07:54:15 - [TEST_STEP][PASSED] - println(path): null

25-11-2024T07:54:15 - [TEST_STEP][PASSED] - page = getText(findTestObject(path)): Text of object 'Object Repository/Выполнение бизнес-плана/Значения со страницы Выполнение бизнес-плана/Table Data/Факт Отпуск в сеть за отчётный период 7' is: '40 894 236'

25-11-2024T07:54:38 - [MESSAGE][PASSED] - Text of object 'Object Repository/Выполнение бизнес-плана/Значения со страницы Выполнение бизнес-плана/Table Data/Факт Отпуск в сеть за отчётный период 7' is: '40 894 236'

25-11-2024T07:54:38 - [TEST_STEP][PASSED] - page = page.replaceAll("\s+", ""): null

25-11-2024T07:54:38 - [TEST_STEP][PASSED] - fileOtpuskVSet = otpusk.toInteger(): null

25-11-2024T07:54:38 - [TEST_STEP][PASSED] - pageOtpuskVSet = page.toInteger(): null

25-11-2024T07:54:38 - [TEST_STEP][PASSED] - typeOfData = typeOfDataMain + " Потери": null

25-11-2024T07:54:38 - [TEST_STEP][PASSED] - if (a == 82): null

25-11-2024T07:54:38 - [TEST_STEP][PASSED] - else if (a == 84): null

25-11-2024T07:54:38 - [TEST_STEP][PASSED] - else if (a == 52 || a == 72 || a == 28 || a == 73 || a == 77 || a == 74 || a == 65 || a == 36 || a == 44 || a == 53 || a == 80 || a == 54 || a == 1 || a == 18 || a == 59 || a == 81): null

25-11-2024T07:54:38 - [TEST_STEP][PASSED] - path = dataFolder + "Table Data/" + typeOfData + " за отчётный период " + dzoNum: null

25-11-2024T07:54:38 - [TEST_STEP][PASSED] - page = getText(findTestObject(path)): Text of object 'Object Repository/Выполнение бизнес-плана/Значения со страницы Выполнение бизнес-плана/Table Data/Факт Потери за отчётный период 7' is: '2 711 313'

25-11-2024T07:54:38 - [MESSAGE][PASSED] - Text of object 'Object Repository/Выполнение бизнес-плана/Значения со страницы Выполнение бизнес-плана/Table Data/Факт Потери за отчётный период 7' is: '2 711 313'

25-11-2024T07:54:38 - [TEST_STEP][PASSED] - page = page.replaceAll("\s+", ""): null

25-11-2024T07:54:38 - [TEST_STEP][PASSED] - filePoteri = poteri.toInteger(): null

25-11-2024T07:54:38 - [TEST_STEP][PASSED] - pagePoteri = page.toInteger(): null

25-11-2024T07:54:38 - [TEST_STEP][PASSED] - compare = pageOtpuskVSet: null

25-11-2024T07:54:38 - [TEST_STEP][PASSED] - if (compare == fileOtpuskVSet): null

25-11-2024T07:54:38 - [TEST_STEP][PASSED] - else if (compare > fileOtpuskVSet): null

25-11-2024T07:54:38 - [TEST_STEP][PASSED] - else if (compare < fileOtpuskVSet): null

25-11-2024T07:54:38 - [TEST_STEP][PASSED] - compare = compare + 1: null

25-11-2024T07:54:38 - [TEST_STEP][PASSED] - if (compare == fileOtpuskVSet): null

25-11-2024T07:54:38 - [TEST_STEP][PASSED] - else: null

25-11-2024T07:54:38 - [TEST_STEP][PASSED] - numberOfErrors = numberOfErrors + 1: null

25-11-2024T07:54:38 - [TEST_STEP][PASSED] - pageInt = pageOtpuskVSet: null

25-11-2024T07:54:38 - [TEST_STEP][PASSED] - fileInt = fileOtpuskVSet: null

25-11-2024T07:54:38 - [TEST_STEP][PASSED] - typeOfData = typeOfDataMain + " Отпуск в сеть": null

25-11-2024T07:54:38 - [TEST_STEP][PASSED] - Script1718980020443.WriteToExcel(a, typeOfData, todaysDate, pageInt, fileInt, pageDouble, fileDouble, dZO): null

25-11-2024T07:54:38 - [TEST_STEP][PASSED] - sheetName = "Sheet1": null

25-11-2024T07:54:38 - [TEST_STEP][PASSED] - data = findTestData("PlanFact"): null

25-11-2024T07:54:38 - [TEST_STEP][PASSED] - n = data.getRowNumbers() + 1: null

25-11-2024T07:54:38 - [TEST_STEP][PASSED] - year = todaysDate.substring(todaysDate.length() - 4, todaysDate.length()): null

25-11-2024T07:54:38 - [TEST_STEP][PASSED] - y = year.toInteger(): null

25-11-2024T07:54:38 - [TEST_STEP][PASSED] - m = getText(findTestObject("Выполнение бизнес-плана/Период")): Text of object 'Object Repository/Выполнение бизнес-плана/Период' is: '1, 2, 3 кв. 2024 года'

25-11-2024T07:54:38 - [MESSAGE][PASSED] - Text of object 'Object Repository/Выполнение бизнес-плана/Период' is: '1, 2, 3 кв. 2024 года'

25-11-2024T07:54:38 - [TEST_STEP][PASSED] - m = m.substring(0, m.indexOf("2024")): null

25-11-2024T07:54:38 - [TEST_STEP][PASSED] - m = m.trim(): null

25-11-2024T07:54:38 - [TEST_STEP][PASSED] - dashboardName = "Выполнение бизнес-плана": null

25-11-2024T07:54:38 - [TEST_STEP][PASSED] - workbook01 = getWorkbook(excelFilePath): null

25-11-2024T07:54:38 - [TEST_STEP][PASSED] - sheet01 = getExcelSheet(workbook01, sheetName): null

25-11-2024T07:54:38 - [TEST_STEP][PASSED] - setValueToCellByIndex(sheet01, n, 0, dashboardName): null

25-11-2024T07:54:38 - [TEST_STEP][PASSED] - setValueToCellByIndex(sheet01, n, 1, dZO): null

25-11-2024T07:54:38 - [TEST_STEP][PASSED] - setValueToCellByIndex(sheet01, n, 2, typeOfData): null

25-11-2024T07:54:38 - [TEST_STEP][PASSED] - if (typeOfData == "Факт в процентах" || typeOfData == "План в процентах"): null

25-11-2024T07:54:38 - [TEST_STEP][PASSED] - else: null

25-11-2024T07:54:38 - [TEST_STEP][PASSED] - setValueToCellByIndex(sheet01, n, 3, fileInt): null

25-11-2024T07:54:38 - [TEST_STEP][PASSED] - setValueToCellByIndex(sheet01, n, 4, pageInt): null

25-11-2024T07:54:38 - [TEST_STEP][PASSED] - setValueToCellByIndex(sheet01, n, 5, m): null

25-11-2024T07:54:38 - [TEST_STEP][PASSED] - setValueToCellByIndex(sheet01, n, 6, y): null

25-11-2024T07:54:38 - [TEST_STEP][PASSED] - setValueToCellByIndex(sheet01, n, 7, todaysDate): null

25-11-2024T07:54:38 - [TEST_STEP][PASSED] - n = n + 1: null

25-11-2024T07:54:38 - [TEST_STEP][PASSED] - saveWorkbook(excelFilePath, workbook01): null

25-11-2024T07:54:38 - [TEST_STEP][PASSED] - compare = pagePoteri: null

25-11-2024T07:54:38 - [TEST_STEP][PASSED] - if (compare == filePoteri): null

25-11-2024T07:54:38 - [TEST_STEP][PASSED] - else if (compare > filePoteri): null

25-11-2024T07:54:38 - [TEST_STEP][PASSED] - else if (compare < filePoteri): null

25-11-2024T07:54:38 - [TEST_STEP][PASSED] - compare = compare + 1: null

25-11-2024T07:54:38 - [TEST_STEP][PASSED] - if (compare == filePoteri): null

25-11-2024T07:54:38 - [TEST_STEP][PASSED] - else: null

25-11-2024T07:54:38 - [TEST_STEP][PASSED] - numberOfErrors = numberOfErrors + 1: null

25-11-2024T07:54:38 - [TEST_STEP][PASSED] - pageInt = pagePoteri: null

25-11-2024T07:54:38 - [TEST_STEP][PASSED] - fileInt = filePoteri: null

25-11-2024T07:54:38 - [TEST_STEP][PASSED] - typeOfData = typeOfDataMain + " Потери": null

25-11-2024T07:54:38 - [TEST_STEP][PASSED] - Script1718980020443.WriteToExcel(a, typeOfData, todaysDate, pageInt, fileInt, pageDouble, fileDouble, dZO): null

25-11-2024T07:54:38 - [TEST_STEP][PASSED] - sheetName = "Sheet1": null

25-11-2024T07:54:38 - [TEST_STEP][PASSED] - data = findTestData("PlanFact"): null

25-11-2024T07:54:39 - [TEST_STEP][PASSED] - n = data.getRowNumbers() + 1: null

25-11-2024T07:54:39 - [TEST_STEP][PASSED] - year = todaysDate.substring(todaysDate.length() - 4, todaysDate.length()): null

25-11-2024T07:54:39 - [TEST_STEP][PASSED] - y = year.toInteger(): null

25-11-2024T07:54:39 - [TEST_STEP][PASSED] - m = getText(findTestObject("Выполнение бизнес-плана/Период")): Text of object 'Object Repository/Выполнение бизнес-плана/Период' is: '1, 2, 3 кв. 2024 года'

25-11-2024T07:54:39 - [MESSAGE][PASSED] - Text of object 'Object Repository/Выполнение бизнес-плана/Период' is: '1, 2, 3 кв. 2024 года'

25-11-2024T07:54:39 - [TEST_STEP][PASSED] - m = m.substring(0, m.indexOf("2024")): null

25-11-2024T07:54:39 - [TEST_STEP][PASSED] - m = m.trim(): null

25-11-2024T07:54:39 - [TEST_STEP][PASSED] - dashboardName = "Выполнение бизнес-плана": null

25-11-2024T07:54:39 - [TEST_STEP][PASSED] - workbook01 = getWorkbook(excelFilePath): null

25-11-2024T07:54:39 - [TEST_STEP][PASSED] - sheet01 = getExcelSheet(workbook01, sheetName): null

25-11-2024T07:54:39 - [TEST_STEP][PASSED] - setValueToCellByIndex(sheet01, n, 0, dashboardName): null

25-11-2024T07:54:39 - [TEST_STEP][PASSED] - setValueToCellByIndex(sheet01, n, 1, dZO): null

25-11-2024T07:54:39 - [TEST_STEP][PASSED] - setValueToCellByIndex(sheet01, n, 2, typeOfData): null

25-11-2024T07:54:39 - [TEST_STEP][PASSED] - if (typeOfData == "Факт в процентах" || typeOfData == "План в процентах"): null

25-11-2024T07:54:39 - [TEST_STEP][PASSED] - else: null

25-11-2024T07:54:39 - [TEST_STEP][PASSED] - setValueToCellByIndex(sheet01, n, 3, fileInt): null

25-11-2024T07:54:39 - [TEST_STEP][PASSED] - setValueToCellByIndex(sheet01, n, 4, pageInt): null

25-11-2024T07:54:39 - [TEST_STEP][PASSED] - setValueToCellByIndex(sheet01, n, 5, m): null

25-11-2024T07:54:39 - [TEST_STEP][PASSED] - setValueToCellByIndex(sheet01, n, 6, y): null

25-11-2024T07:54:39 - [TEST_STEP][PASSED] - setValueToCellByIndex(sheet01, n, 7, todaysDate): null

25-11-2024T07:54:39 - [TEST_STEP][PASSED] - n = n + 1: null

25-11-2024T07:54:39 - [TEST_STEP][PASSED] - saveWorkbook(excelFilePath, workbook01): Object: 'Object Repository/Выполнение бизнес-плана/Кнопка Факт' is clicked on

25-11-2024T07:54:39 - [TEST_STEP][PASSED] - if (planFact == 2): null

25-11-2024T07:54:39 - [TEST_STEP][PASSED] - if (planFact == 1): null

25-11-2024T07:54:39 - [TEST_STEP][PASSED] - else if (planFact == 2): null

25-11-2024T07:54:39 - [TEST_STEP][PASSED] - click(findTestObject("Выполнение бизнес-плана/Кнопка План")): Object: 'Object Repository/Выполнение бизнес-плана/Кнопка План' is clicked on

25-11-2024T07:54:39 - [MESSAGE][PASSED] - Object: 'Object Repository/Выполнение бизнес-плана/Кнопка План' is clicked on

25-11-2024T07:54:39 - [TEST_STEP][PASSED] - typeOfDataMain = "План": null

25-11-2024T07:54:39 - [TEST_STEP][PASSED] - otpusk = findTestData("PlanFact").getValue(2, a): null

25-11-2024T07:54:40 - [TEST_STEP][PASSED] - poteri = findTestData("PlanFact").getValue(3, a): null

25-11-2024T07:54:40 - [TEST_STEP][PASSED] - otpusk = otpusk.replaceAll("\s+", ""): null

25-11-2024T07:54:40 - [TEST_STEP][PASSED] - poteri = poteri.replaceAll("\s+", ""): null

25-11-2024T07:54:40 - [TEST_STEP][PASSED] - typeOfData = typeOfDataMain + " Отпуск в сеть": null

25-11-2024T07:54:40 - [TEST_STEP][PASSED] - if (a == 82): null

25-11-2024T07:54:40 - [TEST_STEP][PASSED] - else if (a == 84): null

25-11-2024T07:54:40 - [TEST_STEP][PASSED] - else if (a == 52 || a == 72 || a == 28 || a == 73 || a == 77 || a == 74 || a == 65 || a == 36 || a == 44 || a == 53 || a == 80 || a == 54 || a == 1 || a == 18 || a == 59 || a == 81): null

25-11-2024T07:54:40 - [TEST_STEP][PASSED] - path = dataFolder + "Table Data/" + typeOfData + " за отчётный период " + dzoNum: null

25-11-2024T07:54:40 - [TEST_STEP][PASSED] - println(path): null

25-11-2024T07:54:40 - [TEST_STEP][PASSED] - page = getText(findTestObject(path)): Text of object 'Object Repository/Выполнение бизнес-плана/Значения со страницы Выполнение бизнес-плана/Table Data/План Отпуск в сеть за отчётный период 7' is: '39 451 497'

25-11-2024T07:54:40 - [MESSAGE][PASSED] - Text of object 'Object Repository/Выполнение бизнес-плана/Значения со страницы Выполнение бизнес-плана/Table Data/План Отпуск в сеть за отчётный период 7' is: '39 451 497'

25-11-2024T07:54:40 - [TEST_STEP][PASSED] - page = page.replaceAll("\s+", ""): null

25-11-2024T07:54:40 - [TEST_STEP][PASSED] - fileOtpuskVSet = otpusk.toInteger(): null

25-11-2024T07:54:40 - [TEST_STEP][PASSED] - pageOtpuskVSet = page.toInteger(): null

25-11-2024T07:54:40 - [TEST_STEP][PASSED] - typeOfData = typeOfDataMain + " Потери": null

25-11-2024T07:54:40 - [TEST_STEP][PASSED] - if (a == 82): null

25-11-2024T07:54:40 - [TEST_STEP][PASSED] - else if (a == 84): null

25-11-2024T07:54:40 - [TEST_STEP][PASSED] - else if (a == 52 || a == 72 || a == 28 || a == 73 || a == 77 || a == 74 || a == 65 || a == 36 || a == 44 || a == 53 || a == 80 || a == 54 || a == 1 || a == 18 || a == 59 || a == 81): null

25-11-2024T07:54:40 - [TEST_STEP][PASSED] - path = dataFolder + "Table Data/" + typeOfData + " за отчётный период " + dzoNum: null

25-11-2024T07:54:40 - [TEST_STEP][PASSED] - page = getText(findTestObject(path)): Text of object 'Object Repository/Выполнение бизнес-плана/Значения со страницы Выполнение бизнес-плана/Table Data/План Потери за отчётный период 7' is: '2 713 463'

25-11-2024T07:54:40 - [MESSAGE][PASSED] - Text of object 'Object Repository/Выполнение бизнес-плана/Значения со страницы Выполнение бизнес-плана/Table Data/План Потери за отчётный период 7' is: '2 713 463'

25-11-2024T07:54:40 - [TEST_STEP][PASSED] - page = page.replaceAll("\s+", ""): null

25-11-2024T07:54:40 - [TEST_STEP][PASSED] - filePoteri = poteri.toInteger(): null

25-11-2024T07:54:40 - [TEST_STEP][PASSED] - pagePoteri = page.toInteger(): null

25-11-2024T07:54:40 - [TEST_STEP][PASSED] - compare = pageOtpuskVSet: null

25-11-2024T07:54:40 - [TEST_STEP][PASSED] - if (compare == fileOtpuskVSet): null

25-11-2024T07:54:40 - [TEST_STEP][PASSED] - if (compare == fileOtpuskVSet): null

25-11-2024T07:54:40 - [TEST_STEP][PASSED] - compare = pagePoteri: null

25-11-2024T07:54:40 - [TEST_STEP][PASSED] - if (compare == filePoteri): null

25-11-2024T07:54:40 - [TEST_STEP][PASSED] - if (compare == filePoteri): null

25-11-2024T07:54:40 - [TEST_STEP][PASSED] - if (planFact == 2): Object: 'Object Repository/Выполнение бизнес-плана/Кнопка Факт' is clicked on

25-11-2024T07:54:40 - [TEST_STEP][PASSED] - click(findTestObject("Выполнение бизнес-плана/Кнопка Факт")): Object: 'Object Repository/Выполнение бизнес-плана/Кнопка Факт' is clicked on

25-11-2024T07:54:41 - [MESSAGE][PASSED] - Object: 'Object Repository/Выполнение бизнес-плана/Кнопка Факт' is clicked on

25-11-2024T07:54:41 - [TEST_STEP][PASSED] - if (a == 84 || a == 82): null

25-11-2024T07:54:41 - [TEST_STEP][PASSED] - else if (a == 52 || a == 72 || a == 28 || a == 73 || a == 77 || a == 74 || a == 65 || a == 36 || a == 44 || a == 53 || a == 80 || a == 54 || a == 1 || a == 18 || a == 59 || a == 81): null

25-11-2024T07:54:41 - [TEST_STEP][PASSED] - page1 = getText(findTestObject("Object Repository/Выполнение бизнес-плана/spanPlan" + dzoNum)): Text of object 'Object Repository/Выполнение бизнес-плана/spanPlan7' is: '6.88
|'

25-11-2024T07:54:41 - [MESSAGE][PASSED] - Text of object 'Object Repository/Выполнение бизнес-плана/spanPlan7' is: '6.88
|'

25-11-2024T07:54:41 - [TEST_STEP][PASSED] - page1 = page1.replace("|", ""): null

25-11-2024T07:54:41 - [TEST_STEP][PASSED] - page2 = getText(findTestObject("Object Repository/Выполнение бизнес-плана/spanFact" + dzoNum)): Text of object 'Object Repository/Выполнение бизнес-плана/spanFact7' is: '6.63'

25-11-2024T07:54:41 - [MESSAGE][PASSED] - Text of object 'Object Repository/Выполнение бизнес-плана/spanFact7' is: '6.63'

25-11-2024T07:54:41 - [TEST_STEP][PASSED] - page2 = page2.replace("|", ""): null

25-11-2024T07:54:41 - [TEST_STEP][PASSED] - println("page1: " + page1): null

25-11-2024T07:54:41 - [TEST_STEP][PASSED] - println("page2: " + page2): null

25-11-2024T07:54:41 - [TEST_STEP][PASSED] - file = findTestData("PlanFact").getValue(4, a): null

25-11-2024T07:54:41 - [TEST_STEP][PASSED] - file = file.replace(",", "."): null

25-11-2024T07:54:41 - [TEST_STEP][PASSED] - println("file Plan: " + file): null

25-11-2024T07:54:41 - [TEST_STEP][PASSED] - typeOfData = "План в процентах": null

25-11-2024T07:54:41 - [TEST_STEP][PASSED] - fileDouble = file.toDouble(): null

25-11-2024T07:54:41 - [TEST_STEP][PASSED] - pageDouble = page1.toDouble(): null

25-11-2024T07:54:41 - [TEST_STEP][PASSED] - if (fileDouble != pageDouble): null

25-11-2024T07:54:41 - [TEST_STEP][PASSED] - file = findTestData("PlanFact").getValue(7, a): null

25-11-2024T07:54:41 - [TEST_STEP][PASSED] - file = file.replace(",", "."): null

25-11-2024T07:54:41 - [TEST_STEP][PASSED] - println("file Fact: " + file): null

25-11-2024T07:54:41 - [TEST_STEP][PASSED] - fileDouble = file.toDouble(): null

25-11-2024T07:54:41 - [TEST_STEP][PASSED] - typeOfData = "Факт в процентах": null

25-11-2024T07:54:41 - [TEST_STEP][PASSED] - fileDouble = file.toDouble(): null

25-11-2024T07:54:41 - [TEST_STEP][PASSED] - pageDouble = page2.toDouble(): null

25-11-2024T07:54:41 - [TEST_STEP][PASSED] - if (fileDouble != pageDouble): null

25-11-2024T07:54:41 - [TEST_STEP][PASSED] - numberOfErrors = numberOfErrors + 1: null

25-11-2024T07:54:41 - [TEST_STEP][PASSED] - Script1718980020443.WriteToExcel(a, typeOfData, todaysDate, pageInt, fileInt, pageDouble, fileDouble, dZO): null

25-11-2024T07:54:41 - [TEST_STEP][PASSED] - sheetName = "Sheet1": null

25-11-2024T07:54:41 - [TEST_STEP][PASSED] - data = findTestData("PlanFact"): null

25-11-2024T07:54:41 - [TEST_STEP][PASSED] - n = data.getRowNumbers() + 1: null

25-11-2024T07:54:41 - [TEST_STEP][PASSED] - year = todaysDate.substring(todaysDate.length() - 4, todaysDate.length()): null

25-11-2024T07:54:41 - [TEST_STEP][PASSED] - y = year.toInteger(): null

25-11-2024T07:54:41 - [TEST_STEP][PASSED] - m = getText(findTestObject("Выполнение бизнес-плана/Период")): Text of object 'Object Repository/Выполнение бизнес-плана/Период' is: '1, 2, 3 кв. 2024 года'

25-11-2024T07:54:42 - [MESSAGE][PASSED] - Text of object 'Object Repository/Выполнение бизнес-плана/Период' is: '1, 2, 3 кв. 2024 года'

25-11-2024T07:54:42 - [TEST_STEP][PASSED] - m = m.substring(0, m.indexOf("2024")): null

25-11-2024T07:54:42 - [TEST_STEP][PASSED] - m = m.trim(): null

25-11-2024T07:54:42 - [TEST_STEP][PASSED] - dashboardName = "Выполнение бизнес-плана": null

25-11-2024T07:54:42 - [TEST_STEP][PASSED] - workbook01 = getWorkbook(excelFilePath): null

25-11-2024T07:54:42 - [TEST_STEP][PASSED] - sheet01 = getExcelSheet(workbook01, sheetName): null

25-11-2024T07:54:42 - [TEST_STEP][PASSED] - setValueToCellByIndex(sheet01, n, 0, dashboardName): null

25-11-2024T07:54:42 - [TEST_STEP][PASSED] - setValueToCellByIndex(sheet01, n, 1, dZO): null

25-11-2024T07:54:42 - [TEST_STEP][PASSED] - setValueToCellByIndex(sheet01, n, 2, typeOfData): null

25-11-2024T07:54:42 - [TEST_STEP][PASSED] - if (typeOfData == "Факт в процентах" || typeOfData == "План в процентах"): null

25-11-2024T07:54:42 - [TEST_STEP][PASSED] - setValueToCellByIndex(sheet01, n, 3, fileDouble): null

25-11-2024T07:54:42 - [TEST_STEP][PASSED] - setValueToCellByIndex(sheet01, n, 4, pageDouble): null

25-11-2024T07:54:42 - [TEST_STEP][PASSED] - setValueToCellByIndex(sheet01, n, 5, m): null

25-11-2024T07:54:42 - [TEST_STEP][PASSED] - setValueToCellByIndex(sheet01, n, 6, y): null

25-11-2024T07:54:42 - [TEST_STEP][PASSED] - setValueToCellByIndex(sheet01, n, 7, todaysDate): null

25-11-2024T07:54:42 - [TEST_STEP][PASSED] - n = n + 1: null

25-11-2024T07:54:42 - [TEST_STEP][PASSED] - saveWorkbook(excelFilePath, workbook01): null

25-11-2024T07:54:42 - [TEST_STEP][FAILED] - if (verifyEqual(numberOfErrors, 0) == false): null

25-11-2024T07:54:42 - [MESSAGE][FAILED] - Unable to verify equal between actual object '3' and expected object '0' (Root cause: com.kms.katalon.core.exception.StepFailedException: Actual object '3' and expected object '0' are not equal
	at com.kms.katalon.core.keyword.builtin.VerifyEqualKeyword$_verifyEqual_closure1.doCall(VerifyEqualKeyword.groovy:58)
	at com.kms.katalon.core.keyword.builtin.VerifyEqualKeyword$_verifyEqual_closure1.call(VerifyEqualKeyword.groovy)
	at com.kms.katalon.core.keyword.internal.KeywordMain.runKeyword(KeywordMain.groovy:75)
	at com.kms.katalon.core.keyword.builtin.VerifyEqualKeyword.verifyEqual(VerifyEqualKeyword.groovy:63)
	at com.kms.katalon.core.keyword.builtin.VerifyEqualKeyword.execute(VerifyEqualKeyword.groovy:44)
	at com.kms.katalon.core.keyword.internal.KeywordExecutor.executeKeywordForPlatform(KeywordExecutor.groovy:74)
	at com.kms.katalon.core.keyword.BuiltinKeywords.verifyEqual(BuiltinKeywords.groovy:146)
	at jdk.internal.reflect.GeneratedMethodAccessor24.invoke(Unknown Source)
	at java.base/jdk.internal.reflect.DelegatingMethodAccessorImpl.invoke(DelegatingMethodAccessorImpl.java:43)
	at Выполнение бизнес-плана Сверка ПАО Россети все филиалы.Numbers(Выполнение бизнес-плана Сверка ПАО Россети все филиалы:740)
	at Выполнение бизнес-плана Сверка ПАО Россети все филиалы.run(Выполнение бизнес-плана Сверка ПАО Россети все филиалы:402)
	at com.kms.katalon.core.main.ScriptEngine.run(ScriptEngine.java:194)
	at com.kms.katalon.core.main.ScriptEngine.runScriptAsRawText(ScriptEngine.java:119)
	at com.kms.katalon.core.main.TestCaseExecutor.runScript(TestCaseExecutor.java:448)
	at com.kms.katalon.core.main.TestCaseExecutor.doExecute(TestCaseExecutor.java:439)
	at com.kms.katalon.core.main.TestCaseExecutor.processExecutionPhase(TestCaseExecutor.java:418)
	at com.kms.katalon.core.main.TestCaseExecutor.accessMainPhase(TestCaseExecutor.java:410)
	at com.kms.katalon.core.main.TestCaseExecutor.execute(TestCaseExecutor.java:285)
	at com.kms.katalon.core.common.CommonExecutor.accessTestCaseMainPhase(CommonExecutor.java:65)
	at com.kms.katalon.core.main.TestSuiteExecutor.accessTestSuiteMainPhase(TestSuiteExecutor.java:150)
	at com.kms.katalon.core.main.TestSuiteExecutor.execute(TestSuiteExecutor.java:106)
	at com.kms.katalon.core.main.TestCaseMain.startTestSuite(TestCaseMain.java:180)
	at TempTestSuite1732509691813.run(TempTestSuite1732509691813.groovy:35)
	at java.base/jdk.internal.reflect.NativeMethodAccessorImpl.invoke0(Native Method)
	at java.base/jdk.internal.reflect.NativeMethodAccessorImpl.invoke(NativeMethodAccessorImpl.java:77)
	at java.base/jdk.internal.reflect.DelegatingMethodAccessorImpl.invoke(DelegatingMethodAccessorImpl.java:43)
)

25-11-2024T07:54:42 - [TEST_STEP][PASSED] - println(numberOfErrors): null

25-11-2024T07:54:42 - [TEST_STEP][PASSED] - if (a == 28 || a == 77 || a == 74 || a == 65 || a == 36 || a == 44 || a == 54 || a == 1 || a == 18 || a == 59): null

25-11-2024T07:54:42 - [TEST_STEP][PASSED] - Script1718980020443.Filials(a, typeOfData, todaysDate, pageInt, fileInt, pageDouble, fileDouble, dZO, dzoNum, filialNum): null

25-11-2024T07:54:42 - [TEST_STEP][PASSED] - i = <not implemented yet for class: org.codehaus.groovy.ast.expr.EmptyExpression>: null

25-11-2024T07:54:42 - [TEST_STEP][PASSED] - c = <not implemented yet for class: org.codehaus.groovy.ast.expr.EmptyExpression>: null

25-11-2024T07:54:42 - [TEST_STEP][PASSED] - page = <not implemented yet for class: org.codehaus.groovy.ast.expr.EmptyExpression>: null

25-11-2024T07:54:42 - [TEST_STEP][PASSED] - println(dZO): null

25-11-2024T07:54:42 - [TEST_STEP][PASSED] - reducedDZO = <not implemented yet for class: org.codehaus.groovy.ast.expr.EmptyExpression>: null

25-11-2024T07:54:42 - [TEST_STEP][PASSED] - reducedDZO = dZO.substring(dZO.indexOf(" ") + 1, dZO.length()): null

25-11-2024T07:54:42 - [TEST_STEP][PASSED] - if (reducedDZO.contains(" ")): null

25-11-2024T07:54:42 - [TEST_STEP][PASSED] - reducedDZO = reducedDZO.substring(reducedDZO.indexOf(" ") + 1, reducedDZO.length()): null

25-11-2024T07:54:42 - [TEST_STEP][PASSED] - if (reducedDZO.contains(" ")): null

25-11-2024T07:54:42 - [TEST_STEP][PASSED] - reducedDZO = reducedDZO.substring(reducedDZO.indexOf(" ") + 1, reducedDZO.length()): null

25-11-2024T07:54:42 - [TEST_STEP][PASSED] - println(reducedDZO): null

25-11-2024T07:54:42 - [TEST_STEP][PASSED] - dzoCut = <not implemented yet for class: org.codehaus.groovy.ast.expr.EmptyExpression>: null

25-11-2024T07:54:42 - [TEST_STEP][PASSED] - Script1718980020443.DZO(a): null

25-11-2024T07:54:42 - [TEST_STEP][PASSED] - Script1718980020443.OpenFilter(): null

25-11-2024T07:54:42 - [TEST_STEP][PASSED] - click(findTestObject("Object Repository/Выполнение бизнес-плана/Фильтр ДЗО")): Object: 'Object Repository/Выполнение бизнес-плана/Фильтр ДЗО' is clicked on

25-11-2024T07:54:42 - [MESSAGE][PASSED] - Object: 'Object Repository/Выполнение бизнес-плана/Фильтр ДЗО' is clicked on

25-11-2024T07:54:42 - [TEST_STEP][PASSED] - click(findTestObject("Выполнение бизнес-плана/Снять выделение в фильтре ДЗО")): Object: 'Object Repository/Выполнение бизнес-плана/Снять выделение в фильтре ДЗО' is clicked on

25-11-2024T07:54:43 - [MESSAGE][PASSED] - Object: 'Object Repository/Выполнение бизнес-плана/Снять выделение в фильтре ДЗО' is clicked on

25-11-2024T07:54:43 - [TEST_STEP][PASSED] - Script1718980020443.OpenRSK(): null

25-11-2024T07:54:43 - [TEST_STEP][PASSED] - click(findTestObject("Выполнение бизнес-плана/Раскрыть список ПАО Россети в фильтре ДЗО")): Object: 'Object Repository/Выполнение бизнес-плана/Раскрыть список ПАО Россети в фильтре ДЗО' is clicked on

25-11-2024T07:54:43 - [MESSAGE][PASSED] - Object: 'Object Repository/Выполнение бизнес-плана/Раскрыть список ПАО Россети в фильтре ДЗО' is clicked on

25-11-2024T07:54:43 - [TEST_STEP][PASSED] - click(findTestObject("Выполнение бизнес-плана/Раскрыть список РаспредКомплекс в фильтре ДЗО")): Object: 'Object Repository/Выполнение бизнес-плана/Раскрыть список РаспредКомплекс в фильтре ДЗО' is clicked on

25-11-2024T07:54:44 - [MESSAGE][PASSED] - Object: 'Object Repository/Выполнение бизнес-плана/Раскрыть список РаспредКомплекс в фильтре ДЗО' is clicked on

25-11-2024T07:54:44 - [TEST_STEP][PASSED] - if (a == 28): null

25-11-2024T07:54:44 - [TEST_STEP][PASSED] - if (a == 77): null

25-11-2024T07:54:44 - [TEST_STEP][PASSED] - if (a == 74): null

25-11-2024T07:54:44 - [TEST_STEP][PASSED] - if (a == 65): null

25-11-2024T07:54:44 - [TEST_STEP][PASSED] - if (a == 36): null

25-11-2024T07:54:44 - [TEST_STEP][PASSED] - if (a == 44): null

25-11-2024T07:54:44 - [TEST_STEP][PASSED] - if (a == 54): null

25-11-2024T07:54:44 - [TEST_STEP][PASSED] - if (a == 1): null

25-11-2024T07:54:44 - [TEST_STEP][PASSED] - if (a == 18): Object: 'Object Repository/Выполнение бизнес-плана/Россети Центр и Приволжье' is clicked on

25-11-2024T07:54:44 - [TEST_STEP][PASSED] - scrollToElement(findTestObject("Выполнение бизнес-плана/Россети Центр и Приволжье"), 30): Scroll to object 'Object Repository/Выполнение бизнес-плана/Россети Центр и Приволжье' successfully

25-11-2024T07:54:44 - [MESSAGE][PASSED] - Scroll to object 'Object Repository/Выполнение бизнес-плана/Россети Центр и Приволжье' successfully

25-11-2024T07:54:44 - [TEST_STEP][PASSED] - click(findTestObject("Выполнение бизнес-плана/Россети Центр и Приволжье")): Object: 'Object Repository/Выполнение бизнес-плана/Россети Центр и Приволжье' is clicked on

25-11-2024T07:54:44 - [MESSAGE][PASSED] - Object: 'Object Repository/Выполнение бизнес-плана/Россети Центр и Приволжье' is clicked on

25-11-2024T07:54:44 - [TEST_STEP][PASSED] - if (a == 59): null

25-11-2024T07:54:44 - [TEST_STEP][PASSED] - Script1718980020443.CloseFilter(): null

25-11-2024T07:54:44 - [TEST_STEP][PASSED] - scrollToElement(findTestObject("Выполнение бизнес-плана/Заголовок дашборда"), 30): Scroll to object 'Object Repository/Выполнение бизнес-плана/Заголовок дашборда' successfully

25-11-2024T07:54:45 - [MESSAGE][PASSED] - Scroll to object 'Object Repository/Выполнение бизнес-плана/Заголовок дашборда' successfully

25-11-2024T07:54:45 - [TEST_STEP][PASSED] - click(findTestObject("Object Repository/Выполнение бизнес-плана/Применить в фильтре ДЗО")): Object: 'Object Repository/Выполнение бизнес-плана/Применить в фильтре ДЗО' is clicked on

25-11-2024T07:54:46 - [MESSAGE][PASSED] - Object: 'Object Repository/Выполнение бизнес-плана/Применить в фильтре ДЗО' is clicked on

25-11-2024T07:54:46 - [TEST_STEP][PASSED] - Script1718980020443.ZakrytOpoveshenie(): null

25-11-2024T07:54:46 - [TEST_STEP][PASSED] - delay(10): Delayed 10 second(s)

25-11-2024T07:54:56 - [MESSAGE][PASSED] - Delayed 10 second(s)

25-11-2024T07:54:56 - [TEST_STEP][PASSED] - opoveshenie = getText(findTestObject("Выполнение бизнес-плана/Просьба обратить внимание")): Text of object 'Object Repository/Выполнение бизнес-плана/Просьба обратить внимание' is: ''

25-11-2024T07:55:16 - [MESSAGE][PASSED] - Text of object 'Object Repository/Выполнение бизнес-плана/Просьба обратить внимание' is: ''

25-11-2024T07:55:16 - [TEST_STEP][PASSED] - println(opoveshenie): null

25-11-2024T07:55:16 - [TEST_STEP][PASSED] - if (opoveshenie == "Просьба обратить внимание"): null

25-11-2024T07:55:16 - [TEST_STEP][PASSED] - page = getText(findTestObject("Object Repository/Выполнение бизнес-плана/Filials")): Text of object 'Object Repository/Выполнение бизнес-плана/Filials' is: 'Россети Центр и Приволжье (ГК)
0
10
20
30
40
50
60
70'

25-11-2024T07:55:17 - [MESSAGE][PASSED] - Text of object 'Object Repository/Выполнение бизнес-плана/Filials' is: 'Россети Центр и Приволжье (ГК)
0
10
20
30
40
50
60
70'

25-11-2024T07:55:17 - [TEST_STEP][PASSED] - println(page): null

25-11-2024T07:55:17 - [TEST_STEP][PASSED] - c = page.indexOf(reducedDZO): null

25-11-2024T07:55:17 - [TEST_STEP][PASSED] - if (c > -1): null

25-11-2024T07:55:17 - [TEST_STEP][PASSED] - click(findTestObject("Выполнение бизнес-плана/список")): Object: 'Object Repository/Выполнение бизнес-плана/список' is clicked on

25-11-2024T07:55:17 - [MESSAGE][PASSED] - Object: 'Object Repository/Выполнение бизнес-плана/список' is clicked on

25-11-2024T07:55:17 - [TEST_STEP][PASSED] - delay(10): Delayed 10 second(s)

25-11-2024T07:55:27 - [MESSAGE][PASSED] - Delayed 10 second(s)

25-11-2024T07:55:27 - [TEST_STEP][PASSED] - click(findTestObject("Выполнение бизнес-плана/Раскрытие списка")): Object: 'Object Repository/Выполнение бизнес-плана/Раскрытие списка' is clicked on

25-11-2024T07:55:28 - [MESSAGE][PASSED] - Object: 'Object Repository/Выполнение бизнес-плана/Раскрытие списка' is clicked on

25-11-2024T07:55:28 - [TEST_STEP][PASSED] - delay(10): Delayed 10 second(s)

25-11-2024T07:55:38 - [MESSAGE][PASSED] - Delayed 10 second(s)

25-11-2024T07:55:38 - [TEST_STEP][PASSED] - page = getText(findTestObject("Object Repository/Выполнение бизнес-плана/Filials")): Text of object 'Object Repository/Выполнение бизнес-плана/Filials' is: 'Владимирэнерго
Ивэнерго
Калугаэнерго
Кировэнерго
Мариэнерго
Нижновэнерго
Рязаньэнерго
Тулэнерго
Удмуртэнерго
0
10
20
30
40
50
60
70'

25-11-2024T07:55:38 - [MESSAGE][PASSED] - Text of object 'Object Repository/Выполнение бизнес-плана/Filials' is: 'Владимирэнерго
Ивэнерго
Калугаэнерго
Кировэнерго
Мариэнерго
Нижновэнерго
Рязаньэнерго
Тулэнерго
Удмуртэнерго
0
10
20
30
40
50
60
70'

25-11-2024T07:55:38 - [TEST_STEP][PASSED] - println(page): null

25-11-2024T07:55:38 - [TEST_STEP][PASSED] - c = page.indexOf(reducedDZO): null

25-11-2024T07:55:38 - [TEST_STEP][PASSED] - x2 = getText(findTestObject("Выполнение бизнес-плана/Список ДЗО старый")): Text of object 'Object Repository/Выполнение бизнес-плана/Список ДЗО старый' is: 'Владимирэнерго
Ивэнерго
Калугаэнерго
Кировэнерго
Мариэнерго
Нижновэнерго
Рязаньэнерго
Тулэнерго
Удмуртэнерго
0
10
20
30
40
50
60
70'

25-11-2024T07:55:38 - [MESSAGE][PASSED] - Text of object 'Object Repository/Выполнение бизнес-плана/Список ДЗО старый' is: 'Владимирэнерго
Ивэнерго
Калугаэнерго
Кировэнерго
Мариэнерго
Нижновэнерго
Рязаньэнерго
Тулэнерго
Удмуртэнерго
0
10
20
30
40
50
60
70'

25-11-2024T07:55:38 - [TEST_STEP][PASSED] - if (a == 28): null

25-11-2024T07:55:38 - [TEST_STEP][PASSED] - if (a == 77): null

25-11-2024T07:55:38 - [TEST_STEP][PASSED] - if (a == 74): null

25-11-2024T07:55:38 - [TEST_STEP][PASSED] - if (a == 65): null

25-11-2024T07:55:38 - [TEST_STEP][PASSED] - if (a == 1): null

25-11-2024T07:55:38 - [TEST_STEP][PASSED] - if (a == 18): null

25-11-2024T07:55:38 - [TEST_STEP][PASSED] - dZO = "Владимирэнерго": null

25-11-2024T07:55:38 - [TEST_STEP][PASSED] - a = 19: null

25-11-2024T07:55:38 - [TEST_STEP][PASSED] - if (x2.contains(dZO)): null

25-11-2024T07:55:38 - [TEST_STEP][PASSED] - filialNum = filialNum + 1: null

25-11-2024T07:55:38 - [TEST_STEP][PASSED] - Script1718980020443.Numbers(a, typeOfData, todaysDate, pageInt, fileInt, pageDouble, fileDouble, dZO, dzoNum, filialNum): null

25-11-2024T07:55:38 - [TEST_STEP][PASSED] - println(dzoNum): null

25-11-2024T07:55:38 - [TEST_STEP][PASSED] - planFact = <not implemented yet for class: org.codehaus.groovy.ast.expr.EmptyExpression>: null

25-11-2024T07:55:38 - [TEST_STEP][PASSED] - page = <not implemented yet for class: org.codehaus.groovy.ast.expr.EmptyExpression>: null

25-11-2024T07:55:38 - [TEST_STEP][PASSED] - page1 = <not implemented yet for class: org.codehaus.groovy.ast.expr.EmptyExpression>: null

25-11-2024T07:55:38 - [TEST_STEP][PASSED] - page2 = <not implemented yet for class: org.codehaus.groovy.ast.expr.EmptyExpression>: null

25-11-2024T07:55:38 - [TEST_STEP][PASSED] - filialNumberInRow = <not implemented yet for class: org.codehaus.groovy.ast.expr.EmptyExpression>: null

25-11-2024T07:55:38 - [TEST_STEP][PASSED] - filialsDzoNames = <not implemented yet for class: org.codehaus.groovy.ast.expr.EmptyExpression>: null

25-11-2024T07:55:38 - [TEST_STEP][PASSED] - numberOfFilials = <not implemented yet for class: org.codehaus.groovy.ast.expr.EmptyExpression>: null

25-11-2024T07:55:38 - [TEST_STEP][PASSED] - numberOfSpaces = <not implemented yet for class: org.codehaus.groovy.ast.expr.EmptyExpression>: null

25-11-2024T07:55:38 - [TEST_STEP][PASSED] - file = <not implemented yet for class: org.codehaus.groovy.ast.expr.EmptyExpression>: null

25-11-2024T07:55:38 - [TEST_STEP][PASSED] - otpusk = <not implemented yet for class: org.codehaus.groovy.ast.expr.EmptyExpression>: null

25-11-2024T07:55:38 - [TEST_STEP][PASSED] - poteri = <not implemented yet for class: org.codehaus.groovy.ast.expr.EmptyExpression>: null

25-11-2024T07:55:38 - [TEST_STEP][PASSED] - dataFolder = "Выполнение бизнес-плана/Значения со страницы Выполнение бизнес-плана/": null

25-11-2024T07:55:38 - [TEST_STEP][PASSED] - path = <not implemented yet for class: org.codehaus.groovy.ast.expr.EmptyExpression>: null

25-11-2024T07:55:38 - [TEST_STEP][PASSED] - typeOfDataMain = <not implemented yet for class: org.codehaus.groovy.ast.expr.EmptyExpression>: null

25-11-2024T07:55:38 - [TEST_STEP][PASSED] - fileOtpuskVSet = <not implemented yet for class: org.codehaus.groovy.ast.expr.EmptyExpression>: null

25-11-2024T07:55:38 - [TEST_STEP][PASSED] - pageOtpuskVSet = <not implemented yet for class: org.codehaus.groovy.ast.expr.EmptyExpression>: null

25-11-2024T07:55:38 - [TEST_STEP][PASSED] - filePoteri = <not implemented yet for class: org.codehaus.groovy.ast.expr.EmptyExpression>: null

25-11-2024T07:55:38 - [TEST_STEP][PASSED] - pagePoteri = <not implemented yet for class: org.codehaus.groovy.ast.expr.EmptyExpression>: null

25-11-2024T07:55:38 - [TEST_STEP][PASSED] - compare = <not implemented yet for class: org.codehaus.groovy.ast.expr.EmptyExpression>: null

25-11-2024T07:55:38 - [TEST_STEP][PASSED] - b = <not implemented yet for class: org.codehaus.groovy.ast.expr.EmptyExpression>: null

25-11-2024T07:55:38 - [TEST_STEP][PASSED] - i = <not implemented yet for class: org.codehaus.groovy.ast.expr.EmptyExpression>: null

25-11-2024T07:55:38 - [TEST_STEP][PASSED] - ii = <not implemented yet for class: org.codehaus.groovy.ast.expr.EmptyExpression>: null

25-11-2024T07:55:38 - [TEST_STEP][PASSED] - c = <not implemented yet for class: org.codehaus.groovy.ast.expr.EmptyExpression>: null

25-11-2024T07:55:38 - [TEST_STEP][PASSED] - numberOfErrors = 0: null

25-11-2024T07:55:38 - [TEST_STEP][PASSED] - if (a == 82): null

25-11-2024T07:55:38 - [TEST_STEP][PASSED] - b = findTestData("PlanFact").getValue(1, a): null

25-11-2024T07:55:38 - [TEST_STEP][PASSED] - i = b.indexOf(" (ГК)"): null

25-11-2024T07:55:38 - [TEST_STEP][PASSED] - if (i > -1): null

25-11-2024T07:55:38 - [TEST_STEP][PASSED] - i = b.indexOf("О ""): null

25-11-2024T07:55:38 - [TEST_STEP][PASSED] - if (i > -1): null

25-11-2024T07:55:38 - [TEST_STEP][PASSED] - i = b.indexOf("О «"): null

25-11-2024T07:55:38 - [TEST_STEP][PASSED] - if (i > -1): null

25-11-2024T07:55:38 - [TEST_STEP][PASSED] - i = b.indexOf("г. "): null

25-11-2024T07:55:38 - [TEST_STEP][PASSED] - if (i > -1): null

25-11-2024T07:55:38 - [TEST_STEP][PASSED] - println(b): null

25-11-2024T07:55:38 - [TEST_STEP][PASSED] - for ([planFact = 1, planFact < 3, (planFact++)]): Object: 'Object Repository/Выполнение бизнес-плана/Кнопка Факт' is clicked on

25-11-2024T07:55:38 - [TEST_STEP][PASSED] - if (planFact == 1): null

25-11-2024T07:55:38 - [TEST_STEP][PASSED] - typeOfDataMain = "Факт": null

25-11-2024T07:55:38 - [TEST_STEP][PASSED] - otpusk = findTestData("PlanFact").getValue(5, a): null

25-11-2024T07:55:39 - [TEST_STEP][PASSED] - poteri = findTestData("PlanFact").getValue(6, a): null

25-11-2024T07:55:39 - [TEST_STEP][PASSED] - otpusk = otpusk.replaceAll("\s+", ""): null

25-11-2024T07:55:39 - [TEST_STEP][PASSED] - poteri = poteri.replaceAll("\s+", ""): null

25-11-2024T07:55:39 - [TEST_STEP][PASSED] - typeOfData = typeOfDataMain + " Отпуск в сеть": null

25-11-2024T07:55:39 - [TEST_STEP][PASSED] - if (a == 82): null

25-11-2024T07:55:39 - [TEST_STEP][PASSED] - else if (a == 84): null

25-11-2024T07:55:39 - [TEST_STEP][PASSED] - else if (a == 52 || a == 72 || a == 28 || a == 73 || a == 77 || a == 74 || a == 65 || a == 36 || a == 44 || a == 53 || a == 80 || a == 54 || a == 1 || a == 18 || a == 59 || a == 81): null

25-11-2024T07:55:39 - [TEST_STEP][PASSED] - else: null

25-11-2024T07:55:39 - [TEST_STEP][PASSED] - path = dataFolder + typeOfData + " за отчётный период " + b: null

25-11-2024T07:55:39 - [TEST_STEP][PASSED] - println(path): null

25-11-2024T07:55:39 - [TEST_STEP][PASSED] - page = getText(findTestObject(path)): Text of object 'Object Repository/Выполнение бизнес-плана/Значения со страницы Выполнение бизнес-плана/Факт Отпуск в сеть за отчётный период Владимирэнерго' is: '4 581 524'

25-11-2024T07:55:39 - [MESSAGE][PASSED] - Text of object 'Object Repository/Выполнение бизнес-плана/Значения со страницы Выполнение бизнес-плана/Факт Отпуск в сеть за отчётный период Владимирэнерго' is: '4 581 524'

25-11-2024T07:55:39 - [TEST_STEP][PASSED] - page = page.replaceAll("\s+", ""): null

25-11-2024T07:55:39 - [TEST_STEP][PASSED] - fileOtpuskVSet = otpusk.toInteger(): null

25-11-2024T07:55:39 - [TEST_STEP][PASSED] - pageOtpuskVSet = page.toInteger(): null

25-11-2024T07:55:39 - [TEST_STEP][PASSED] - typeOfData = typeOfDataMain + " Потери": null

25-11-2024T07:55:39 - [TEST_STEP][PASSED] - if (a == 82): null

25-11-2024T07:55:39 - [TEST_STEP][PASSED] - else if (a == 84): null

25-11-2024T07:55:39 - [TEST_STEP][PASSED] - else if (a == 52 || a == 72 || a == 28 || a == 73 || a == 77 || a == 74 || a == 65 || a == 36 || a == 44 || a == 53 || a == 80 || a == 54 || a == 1 || a == 18 || a == 59 || a == 81): null

25-11-2024T07:55:39 - [TEST_STEP][PASSED] - else: null

25-11-2024T07:55:39 - [TEST_STEP][PASSED] - path = dataFolder + typeOfData + " за отчётный период " + b: null

25-11-2024T07:55:39 - [TEST_STEP][PASSED] - page = getText(findTestObject(path)): Text of object 'Object Repository/Выполнение бизнес-плана/Значения со страницы Выполнение бизнес-плана/Факт Потери за отчётный период Владимирэнерго' is: '255 337'

25-11-2024T07:55:39 - [MESSAGE][PASSED] - Text of object 'Object Repository/Выполнение бизнес-плана/Значения со страницы Выполнение бизнес-плана/Факт Потери за отчётный период Владимирэнерго' is: '255 337'

25-11-2024T07:55:39 - [TEST_STEP][PASSED] - page = page.replaceAll("\s+", ""): null

25-11-2024T07:55:39 - [TEST_STEP][PASSED] - filePoteri = poteri.toInteger(): null

25-11-2024T07:55:39 - [TEST_STEP][PASSED] - pagePoteri = page.toInteger(): null

25-11-2024T07:55:39 - [TEST_STEP][PASSED] - compare = pageOtpuskVSet: null

25-11-2024T07:55:39 - [TEST_STEP][PASSED] - if (compare == fileOtpuskVSet): null

25-11-2024T07:55:39 - [TEST_STEP][PASSED] - if (compare == fileOtpuskVSet): null

25-11-2024T07:55:39 - [TEST_STEP][PASSED] - compare = pagePoteri: null

25-11-2024T07:55:39 - [TEST_STEP][PASSED] - if (compare == filePoteri): null

25-11-2024T07:55:39 - [TEST_STEP][PASSED] - if (compare == filePoteri): null

25-11-2024T07:55:39 - [TEST_STEP][PASSED] - if (planFact == 2): null

25-11-2024T07:55:39 - [TEST_STEP][PASSED] - if (planFact == 1): null

25-11-2024T07:55:39 - [TEST_STEP][PASSED] - else if (planFact == 2): null

25-11-2024T07:55:39 - [TEST_STEP][PASSED] - click(findTestObject("Выполнение бизнес-плана/Кнопка План")): Object: 'Object Repository/Выполнение бизнес-плана/Кнопка План' is clicked on

25-11-2024T07:55:39 - [MESSAGE][PASSED] - Object: 'Object Repository/Выполнение бизнес-плана/Кнопка План' is clicked on

25-11-2024T07:55:39 - [TEST_STEP][PASSED] - typeOfDataMain = "План": null

25-11-2024T07:55:39 - [TEST_STEP][PASSED] - otpusk = findTestData("PlanFact").getValue(2, a): null

25-11-2024T07:55:40 - [TEST_STEP][PASSED] - poteri = findTestData("PlanFact").getValue(3, a): null

25-11-2024T07:55:40 - [TEST_STEP][PASSED] - otpusk = otpusk.replaceAll("\s+", ""): null

25-11-2024T07:55:40 - [TEST_STEP][PASSED] - poteri = poteri.replaceAll("\s+", ""): null

25-11-2024T07:55:40 - [TEST_STEP][PASSED] - typeOfData = typeOfDataMain + " Отпуск в сеть": null

25-11-2024T07:55:40 - [TEST_STEP][PASSED] - if (a == 82): null

25-11-2024T07:55:40 - [TEST_STEP][PASSED] - else if (a == 84): null

25-11-2024T07:55:40 - [TEST_STEP][PASSED] - else if (a == 52 || a == 72 || a == 28 || a == 73 || a == 77 || a == 74 || a == 65 || a == 36 || a == 44 || a == 53 || a == 80 || a == 54 || a == 1 || a == 18 || a == 59 || a == 81): null

25-11-2024T07:55:40 - [TEST_STEP][PASSED] - else: null

25-11-2024T07:55:40 - [TEST_STEP][PASSED] - path = dataFolder + typeOfData + " за отчётный период " + b: null

25-11-2024T07:55:40 - [TEST_STEP][PASSED] - println(path): null

25-11-2024T07:55:40 - [TEST_STEP][PASSED] - page = getText(findTestObject(path)): Text of object 'Object Repository/Выполнение бизнес-плана/Значения со страницы Выполнение бизнес-плана/План Отпуск в сеть за отчётный период Владимирэнерго' is: '4 404 966'

25-11-2024T07:55:40 - [MESSAGE][PASSED] - Text of object 'Object Repository/Выполнение бизнес-плана/Значения со страницы Выполнение бизнес-плана/План Отпуск в сеть за отчётный период Владимирэнерго' is: '4 404 966'

25-11-2024T07:55:40 - [TEST_STEP][PASSED] - page = page.replaceAll("\s+", ""): null

25-11-2024T07:55:40 - [TEST_STEP][PASSED] - fileOtpuskVSet = otpusk.toInteger(): null

25-11-2024T07:55:40 - [TEST_STEP][PASSED] - pageOtpuskVSet = page.toInteger(): null

25-11-2024T07:55:40 - [TEST_STEP][PASSED] - typeOfData = typeOfDataMain + " Потери": null

25-11-2024T07:55:40 - [TEST_STEP][PASSED] - if (a == 82): null

25-11-2024T07:55:40 - [TEST_STEP][PASSED] - else if (a == 84): null

25-11-2024T07:55:40 - [TEST_STEP][PASSED] - else if (a == 52 || a == 72 || a == 28 || a == 73 || a == 77 || a == 74 || a == 65 || a == 36 || a == 44 || a == 53 || a == 80 || a == 54 || a == 1 || a == 18 || a == 59 || a == 81): null

25-11-2024T07:55:40 - [TEST_STEP][PASSED] - else: null

25-11-2024T07:55:40 - [TEST_STEP][PASSED] - path = dataFolder + typeOfData + " за отчётный период " + b: null

25-11-2024T07:55:40 - [TEST_STEP][PASSED] - page = getText(findTestObject(path)): Text of object 'Object Repository/Выполнение бизнес-плана/Значения со страницы Выполнение бизнес-плана/План Потери за отчётный период Владимирэнерго' is: '276 917'

25-11-2024T07:55:40 - [MESSAGE][PASSED] - Text of object 'Object Repository/Выполнение бизнес-плана/Значения со страницы Выполнение бизнес-плана/План Потери за отчётный период Владимирэнерго' is: '276 917'

25-11-2024T07:55:40 - [TEST_STEP][PASSED] - page = page.replaceAll("\s+", ""): null

25-11-2024T07:55:40 - [TEST_STEP][PASSED] - filePoteri = poteri.toInteger(): null

25-11-2024T07:55:40 - [TEST_STEP][PASSED] - pagePoteri = page.toInteger(): null

25-11-2024T07:55:40 - [TEST_STEP][PASSED] - compare = pageOtpuskVSet: null

25-11-2024T07:55:40 - [TEST_STEP][PASSED] - if (compare == fileOtpuskVSet): null

25-11-2024T07:55:40 - [TEST_STEP][PASSED] - if (compare == fileOtpuskVSet): null

25-11-2024T07:55:40 - [TEST_STEP][PASSED] - compare = pagePoteri: null

25-11-2024T07:55:40 - [TEST_STEP][PASSED] - if (compare == filePoteri): null

25-11-2024T07:55:40 - [TEST_STEP][PASSED] - if (compare == filePoteri): null

25-11-2024T07:55:40 - [TEST_STEP][PASSED] - if (planFact == 2): Object: 'Object Repository/Выполнение бизнес-плана/Кнопка Факт' is clicked on

25-11-2024T07:55:40 - [TEST_STEP][PASSED] - click(findTestObject("Выполнение бизнес-плана/Кнопка Факт")): Object: 'Object Repository/Выполнение бизнес-плана/Кнопка Факт' is clicked on

25-11-2024T07:55:41 - [MESSAGE][PASSED] - Object: 'Object Repository/Выполнение бизнес-плана/Кнопка Факт' is clicked on

25-11-2024T07:55:41 - [TEST_STEP][PASSED] - if (a == 84 || a == 82): null

25-11-2024T07:55:41 - [TEST_STEP][PASSED] - else if (a == 52 || a == 72 || a == 28 || a == 73 || a == 77 || a == 74 || a == 65 || a == 36 || a == 44 || a == 53 || a == 80 || a == 54 || a == 1 || a == 18 || a == 59 || a == 81): null

25-11-2024T07:55:41 - [TEST_STEP][PASSED] - else: null

25-11-2024T07:55:41 - [TEST_STEP][PASSED] - page1 = getText(findTestObject("Object Repository/Выполнение бизнес-плана/spanPlan" + filialNum)): Text of object 'Object Repository/Выполнение бизнес-плана/spanPlan1' is: '6.29
|'

25-11-2024T07:55:41 - [MESSAGE][PASSED] - Text of object 'Object Repository/Выполнение бизнес-плана/spanPlan1' is: '6.29
|'

25-11-2024T07:55:41 - [TEST_STEP][PASSED] - page1 = page1.replace("|", ""): null

25-11-2024T07:55:41 - [TEST_STEP][PASSED] - page2 = getText(findTestObject("Object Repository/Выполнение бизнес-плана/spanFact" + filialNum)): Text of object 'Object Repository/Выполнение бизнес-плана/spanFact1' is: '5.57
|'

25-11-2024T07:55:41 - [MESSAGE][PASSED] - Text of object 'Object Repository/Выполнение бизнес-плана/spanFact1' is: '5.57
|'

25-11-2024T07:55:41 - [TEST_STEP][PASSED] - page2 = page2.replace("|", ""): null

25-11-2024T07:55:41 - [TEST_STEP][PASSED] - println("page1: " + page1): null

25-11-2024T07:55:41 - [TEST_STEP][PASSED] - println("page2: " + page2): null

25-11-2024T07:55:41 - [TEST_STEP][PASSED] - file = findTestData("PlanFact").getValue(4, a): null

25-11-2024T07:55:41 - [TEST_STEP][PASSED] - file = file.replace(",", "."): null

25-11-2024T07:55:41 - [TEST_STEP][PASSED] - println("file Plan: " + file): null

25-11-2024T07:55:41 - [TEST_STEP][PASSED] - typeOfData = "План в процентах": null

25-11-2024T07:55:41 - [TEST_STEP][PASSED] - fileDouble = file.toDouble(): null

25-11-2024T07:55:41 - [TEST_STEP][PASSED] - pageDouble = page1.toDouble(): null

25-11-2024T07:55:41 - [TEST_STEP][PASSED] - if (fileDouble != pageDouble): null

25-11-2024T07:55:41 - [TEST_STEP][PASSED] - file = findTestData("PlanFact").getValue(7, a): null

25-11-2024T07:55:41 - [TEST_STEP][PASSED] - file = file.replace(",", "."): null

25-11-2024T07:55:41 - [TEST_STEP][PASSED] - println("file Fact: " + file): null

25-11-2024T07:55:41 - [TEST_STEP][PASSED] - fileDouble = file.toDouble(): null

25-11-2024T07:55:41 - [TEST_STEP][PASSED] - typeOfData = "Факт в процентах": null

25-11-2024T07:55:41 - [TEST_STEP][PASSED] - fileDouble = file.toDouble(): null

25-11-2024T07:55:41 - [TEST_STEP][PASSED] - pageDouble = page2.toDouble(): null

25-11-2024T07:55:41 - [TEST_STEP][PASSED] - if (fileDouble != pageDouble): null

25-11-2024T07:55:41 - [TEST_STEP][PASSED] - if (verifyEqual(numberOfErrors, 0) == false): Actual object '0' and expected object '0' are equal

25-11-2024T07:55:41 - [MESSAGE][PASSED] - Actual object '0' and expected object '0' are equal

25-11-2024T07:55:41 - [TEST_STEP][PASSED] - if (a == 82): null

25-11-2024T07:55:41 - [TEST_STEP][PASSED] - dZO = "Ивэнерго": null

25-11-2024T07:55:41 - [TEST_STEP][PASSED] - a = 20: null

25-11-2024T07:55:41 - [TEST_STEP][PASSED] - if (x2.contains(dZO)): null

25-11-2024T07:55:41 - [TEST_STEP][PASSED] - filialNum = filialNum + 1: null

25-11-2024T07:55:41 - [TEST_STEP][PASSED] - Script1718980020443.Numbers(a, typeOfData, todaysDate, pageInt, fileInt, pageDouble, fileDouble, dZO, dzoNum, filialNum): null

25-11-2024T07:55:41 - [TEST_STEP][PASSED] - println(dzoNum): null

25-11-2024T07:55:41 - [TEST_STEP][PASSED] - planFact = <not implemented yet for class: org.codehaus.groovy.ast.expr.EmptyExpression>: null

25-11-2024T07:55:41 - [TEST_STEP][PASSED] - page = <not implemented yet for class: org.codehaus.groovy.ast.expr.EmptyExpression>: null

25-11-2024T07:55:41 - [TEST_STEP][PASSED] - page1 = <not implemented yet for class: org.codehaus.groovy.ast.expr.EmptyExpression>: null

25-11-2024T07:55:41 - [TEST_STEP][PASSED] - page2 = <not implemented yet for class: org.codehaus.groovy.ast.expr.EmptyExpression>: null

25-11-2024T07:55:41 - [TEST_STEP][PASSED] - filialNumberInRow = <not implemented yet for class: org.codehaus.groovy.ast.expr.EmptyExpression>: null

25-11-2024T07:55:41 - [TEST_STEP][PASSED] - filialsDzoNames = <not implemented yet for class: org.codehaus.groovy.ast.expr.EmptyExpression>: null

25-11-2024T07:55:41 - [TEST_STEP][PASSED] - numberOfFilials = <not implemented yet for class: org.codehaus.groovy.ast.expr.EmptyExpression>: null

25-11-2024T07:55:41 - [TEST_STEP][PASSED] - numberOfSpaces = <not implemented yet for class: org.codehaus.groovy.ast.expr.EmptyExpression>: null

25-11-2024T07:55:41 - [TEST_STEP][PASSED] - file = <not implemented yet for class: org.codehaus.groovy.ast.expr.EmptyExpression>: null

25-11-2024T07:55:41 - [TEST_STEP][PASSED] - otpusk = <not implemented yet for class: org.codehaus.groovy.ast.expr.EmptyExpression>: null

25-11-2024T07:55:41 - [TEST_STEP][PASSED] - poteri = <not implemented yet for class: org.codehaus.groovy.ast.expr.EmptyExpression>: null

25-11-2024T07:55:41 - [TEST_STEP][PASSED] - dataFolder = "Выполнение бизнес-плана/Значения со страницы Выполнение бизнес-плана/": null

25-11-2024T07:55:41 - [TEST_STEP][PASSED] - path = <not implemented yet for class: org.codehaus.groovy.ast.expr.EmptyExpression>: null

25-11-2024T07:55:41 - [TEST_STEP][PASSED] - typeOfDataMain = <not implemented yet for class: org.codehaus.groovy.ast.expr.EmptyExpression>: null

25-11-2024T07:55:41 - [TEST_STEP][PASSED] - fileOtpuskVSet = <not implemented yet for class: org.codehaus.groovy.ast.expr.EmptyExpression>: null

25-11-2024T07:55:41 - [TEST_STEP][PASSED] - pageOtpuskVSet = <not implemented yet for class: org.codehaus.groovy.ast.expr.EmptyExpression>: null

25-11-2024T07:55:41 - [TEST_STEP][PASSED] - filePoteri = <not implemented yet for class: org.codehaus.groovy.ast.expr.EmptyExpression>: null

25-11-2024T07:55:41 - [TEST_STEP][PASSED] - pagePoteri = <not implemented yet for class: org.codehaus.groovy.ast.expr.EmptyExpression>: null

25-11-2024T07:55:41 - [TEST_STEP][PASSED] - compare = <not implemented yet for class: org.codehaus.groovy.ast.expr.EmptyExpression>: null

25-11-2024T07:55:41 - [TEST_STEP][PASSED] - b = <not implemented yet for class: org.codehaus.groovy.ast.expr.EmptyExpression>: null

25-11-2024T07:55:41 - [TEST_STEP][PASSED] - i = <not implemented yet for class: org.codehaus.groovy.ast.expr.EmptyExpression>: null

25-11-2024T07:55:41 - [TEST_STEP][PASSED] - ii = <not implemented yet for class: org.codehaus.groovy.ast.expr.EmptyExpression>: null

25-11-2024T07:55:41 - [TEST_STEP][PASSED] - c = <not implemented yet for class: org.codehaus.groovy.ast.expr.EmptyExpression>: null

25-11-2024T07:55:41 - [TEST_STEP][PASSED] - numberOfErrors = 0: null

25-11-2024T07:55:41 - [TEST_STEP][PASSED] - if (a == 82): null

25-11-2024T07:55:41 - [TEST_STEP][PASSED] - b = findTestData("PlanFact").getValue(1, a): null

25-11-2024T07:55:41 - [TEST_STEP][PASSED] - i = b.indexOf(" (ГК)"): null

25-11-2024T07:55:41 - [TEST_STEP][PASSED] - if (i > -1): null

25-11-2024T07:55:41 - [TEST_STEP][PASSED] - i = b.indexOf("О ""): null

25-11-2024T07:55:41 - [TEST_STEP][PASSED] - if (i > -1): null

25-11-2024T07:55:41 - [TEST_STEP][PASSED] - i = b.indexOf("О «"): null

25-11-2024T07:55:41 - [TEST_STEP][PASSED] - if (i > -1): null

25-11-2024T07:55:41 - [TEST_STEP][PASSED] - i = b.indexOf("г. "): null

25-11-2024T07:55:41 - [TEST_STEP][PASSED] - if (i > -1): null

25-11-2024T07:55:41 - [TEST_STEP][PASSED] - println(b): null

25-11-2024T07:55:41 - [TEST_STEP][PASSED] - for ([planFact = 1, planFact < 3, (planFact++)]): Object: 'Object Repository/Выполнение бизнес-плана/Кнопка Факт' is clicked on

25-11-2024T07:55:41 - [TEST_STEP][PASSED] - if (planFact == 1): null

25-11-2024T07:55:41 - [TEST_STEP][PASSED] - typeOfDataMain = "Факт": null

25-11-2024T07:55:41 - [TEST_STEP][PASSED] - otpusk = findTestData("PlanFact").getValue(5, a): null

25-11-2024T07:55:41 - [TEST_STEP][PASSED] - poteri = findTestData("PlanFact").getValue(6, a): null

25-11-2024T07:55:41 - [TEST_STEP][PASSED] - otpusk = otpusk.replaceAll("\s+", ""): null

25-11-2024T07:55:41 - [TEST_STEP][PASSED] - poteri = poteri.replaceAll("\s+", ""): null

25-11-2024T07:55:41 - [TEST_STEP][PASSED] - typeOfData = typeOfDataMain + " Отпуск в сеть": null

25-11-2024T07:55:41 - [TEST_STEP][PASSED] - if (a == 82): null

25-11-2024T07:55:41 - [TEST_STEP][PASSED] - else if (a == 84): null

25-11-2024T07:55:41 - [TEST_STEP][PASSED] - else if (a == 52 || a == 72 || a == 28 || a == 73 || a == 77 || a == 74 || a == 65 || a == 36 || a == 44 || a == 53 || a == 80 || a == 54 || a == 1 || a == 18 || a == 59 || a == 81): null

25-11-2024T07:55:41 - [TEST_STEP][PASSED] - else: null

25-11-2024T07:55:41 - [TEST_STEP][PASSED] - path = dataFolder + typeOfData + " за отчётный период " + b: null

25-11-2024T07:55:41 - [TEST_STEP][PASSED] - println(path): null

25-11-2024T07:55:41 - [TEST_STEP][PASSED] - page = getText(findTestObject(path)): Text of object 'Object Repository/Выполнение бизнес-плана/Значения со страницы Выполнение бизнес-плана/Факт Отпуск в сеть за отчётный период Ивэнерго' is: '2 277 416'

25-11-2024T07:55:42 - [MESSAGE][PASSED] - Text of object 'Object Repository/Выполнение бизнес-плана/Значения со страницы Выполнение бизнес-плана/Факт Отпуск в сеть за отчётный период Ивэнерго' is: '2 277 416'

25-11-2024T07:55:42 - [TEST_STEP][PASSED] - page = page.replaceAll("\s+", ""): null

25-11-2024T07:55:42 - [TEST_STEP][PASSED] - fileOtpuskVSet = otpusk.toInteger(): null

25-11-2024T07:55:42 - [TEST_STEP][PASSED] - pageOtpuskVSet = page.toInteger(): null

25-11-2024T07:55:42 - [TEST_STEP][PASSED] - typeOfData = typeOfDataMain + " Потери": null

25-11-2024T07:55:42 - [TEST_STEP][PASSED] - if (a == 82): null

25-11-2024T07:55:42 - [TEST_STEP][PASSED] - else if (a == 84): null

25-11-2024T07:55:42 - [TEST_STEP][PASSED] - else if (a == 52 || a == 72 || a == 28 || a == 73 || a == 77 || a == 74 || a == 65 || a == 36 || a == 44 || a == 53 || a == 80 || a == 54 || a == 1 || a == 18 || a == 59 || a == 81): null

25-11-2024T07:55:42 - [TEST_STEP][PASSED] - else: null

25-11-2024T07:55:42 - [TEST_STEP][PASSED] - path = dataFolder + typeOfData + " за отчётный период " + b: null

25-11-2024T07:55:42 - [TEST_STEP][PASSED] - page = getText(findTestObject(path)): Text of object 'Object Repository/Выполнение бизнес-плана/Значения со страницы Выполнение бизнес-плана/Факт Потери за отчётный период Ивэнерго' is: '191 557'

25-11-2024T07:55:42 - [MESSAGE][PASSED] - Text of object 'Object Repository/Выполнение бизнес-плана/Значения со страницы Выполнение бизнес-плана/Факт Потери за отчётный период Ивэнерго' is: '191 557'

25-11-2024T07:55:42 - [TEST_STEP][PASSED] - page = page.replaceAll("\s+", ""): null

25-11-2024T07:55:42 - [TEST_STEP][PASSED] - filePoteri = poteri.toInteger(): null

25-11-2024T07:55:42 - [TEST_STEP][PASSED] - pagePoteri = page.toInteger(): null

25-11-2024T07:55:42 - [TEST_STEP][PASSED] - compare = pageOtpuskVSet: null

25-11-2024T07:55:42 - [TEST_STEP][PASSED] - if (compare == fileOtpuskVSet): null

25-11-2024T07:55:42 - [TEST_STEP][PASSED] - if (compare == fileOtpuskVSet): null

25-11-2024T07:55:42 - [TEST_STEP][PASSED] - compare = pagePoteri: null

25-11-2024T07:55:42 - [TEST_STEP][PASSED] - if (compare == filePoteri): null

25-11-2024T07:55:42 - [TEST_STEP][PASSED] - if (compare == filePoteri): null

25-11-2024T07:55:42 - [TEST_STEP][PASSED] - if (planFact == 2): null

25-11-2024T07:55:42 - [TEST_STEP][PASSED] - if (planFact == 1): null

25-11-2024T07:55:42 - [TEST_STEP][PASSED] - else if (planFact == 2): null

25-11-2024T07:55:42 - [TEST_STEP][PASSED] - click(findTestObject("Выполнение бизнес-плана/Кнопка План")): Object: 'Object Repository/Выполнение бизнес-плана/Кнопка План' is clicked on

25-11-2024T07:55:42 - [MESSAGE][PASSED] - Object: 'Object Repository/Выполнение бизнес-плана/Кнопка План' is clicked on

25-11-2024T07:55:42 - [TEST_STEP][PASSED] - typeOfDataMain = "План": null

25-11-2024T07:55:42 - [TEST_STEP][PASSED] - otpusk = findTestData("PlanFact").getValue(2, a): null

25-11-2024T07:55:43 - [TEST_STEP][PASSED] - poteri = findTestData("PlanFact").getValue(3, a): null

25-11-2024T07:55:43 - [TEST_STEP][PASSED] - otpusk = otpusk.replaceAll("\s+", ""): null

25-11-2024T07:55:43 - [TEST_STEP][PASSED] - poteri = poteri.replaceAll("\s+", ""): null

25-11-2024T07:55:43 - [TEST_STEP][PASSED] - typeOfData = typeOfDataMain + " Отпуск в сеть": null

25-11-2024T07:55:43 - [TEST_STEP][PASSED] - if (a == 82): null

25-11-2024T07:55:43 - [TEST_STEP][PASSED] - else if (a == 84): null

25-11-2024T07:55:43 - [TEST_STEP][PASSED] - else if (a == 52 || a == 72 || a == 28 || a == 73 || a == 77 || a == 74 || a == 65 || a == 36 || a == 44 || a == 53 || a == 80 || a == 54 || a == 1 || a == 18 || a == 59 || a == 81): null

25-11-2024T07:55:43 - [TEST_STEP][PASSED] - else: null

25-11-2024T07:55:43 - [TEST_STEP][PASSED] - path = dataFolder + typeOfData + " за отчётный период " + b: null

25-11-2024T07:55:43 - [TEST_STEP][PASSED] - println(path): null

25-11-2024T07:55:43 - [TEST_STEP][PASSED] - page = getText(findTestObject(path)): Text of object 'Object Repository/Выполнение бизнес-плана/Значения со страницы Выполнение бизнес-плана/План Отпуск в сеть за отчётный период Ивэнерго' is: '2 196 097'

25-11-2024T07:55:43 - [MESSAGE][PASSED] - Text of object 'Object Repository/Выполнение бизнес-плана/Значения со страницы Выполнение бизнес-плана/План Отпуск в сеть за отчётный период Ивэнерго' is: '2 196 097'

25-11-2024T07:55:43 - [TEST_STEP][PASSED] - page = page.replaceAll("\s+", ""): null

25-11-2024T07:55:43 - [TEST_STEP][PASSED] - fileOtpuskVSet = otpusk.toInteger(): null

25-11-2024T07:55:43 - [TEST_STEP][PASSED] - pageOtpuskVSet = page.toInteger(): null

25-11-2024T07:55:43 - [TEST_STEP][PASSED] - typeOfData = typeOfDataMain + " Потери": null

25-11-2024T07:55:43 - [TEST_STEP][PASSED] - if (a == 82): null

25-11-2024T07:55:43 - [TEST_STEP][PASSED] - else if (a == 84): null

25-11-2024T07:55:43 - [TEST_STEP][PASSED] - else if (a == 52 || a == 72 || a == 28 || a == 73 || a == 77 || a == 74 || a == 65 || a == 36 || a == 44 || a == 53 || a == 80 || a == 54 || a == 1 || a == 18 || a == 59 || a == 81): null

25-11-2024T07:55:43 - [TEST_STEP][PASSED] - else: null

25-11-2024T07:55:43 - [TEST_STEP][PASSED] - path = dataFolder + typeOfData + " за отчётный период " + b: null

25-11-2024T07:55:43 - [TEST_STEP][PASSED] - page = getText(findTestObject(path)): Text of object 'Object Repository/Выполнение бизнес-плана/Значения со страницы Выполнение бизнес-плана/План Потери за отчётный период Ивэнерго' is: '178 853'

25-11-2024T07:55:43 - [MESSAGE][PASSED] - Text of object 'Object Repository/Выполнение бизнес-плана/Значения со страницы Выполнение бизнес-плана/План Потери за отчётный период Ивэнерго' is: '178 853'

25-11-2024T07:55:43 - [TEST_STEP][PASSED] - page = page.replaceAll("\s+", ""): null

25-11-2024T07:55:43 - [TEST_STEP][PASSED] - filePoteri = poteri.toInteger(): null

25-11-2024T07:55:43 - [TEST_STEP][PASSED] - pagePoteri = page.toInteger(): null

25-11-2024T07:55:43 - [TEST_STEP][PASSED] - compare = pageOtpuskVSet: null

25-11-2024T07:55:43 - [TEST_STEP][PASSED] - if (compare == fileOtpuskVSet): null

25-11-2024T07:55:43 - [TEST_STEP][PASSED] - if (compare == fileOtpuskVSet): null

25-11-2024T07:55:43 - [TEST_STEP][PASSED] - compare = pagePoteri: null

25-11-2024T07:55:43 - [TEST_STEP][PASSED] - if (compare == filePoteri): null

25-11-2024T07:55:43 - [TEST_STEP][PASSED] - if (compare == filePoteri): null

25-11-2024T07:55:43 - [TEST_STEP][PASSED] - if (planFact == 2): Object: 'Object Repository/Выполнение бизнес-плана/Кнопка Факт' is clicked on

25-11-2024T07:55:43 - [TEST_STEP][PASSED] - click(findTestObject("Выполнение бизнес-плана/Кнопка Факт")): Object: 'Object Repository/Выполнение бизнес-плана/Кнопка Факт' is clicked on

25-11-2024T07:55:44 - [MESSAGE][PASSED] - Object: 'Object Repository/Выполнение бизнес-плана/Кнопка Факт' is clicked on

25-11-2024T07:55:44 - [TEST_STEP][PASSED] - if (a == 84 || a == 82): null

25-11-2024T07:55:44 - [TEST_STEP][PASSED] - else if (a == 52 || a == 72 || a == 28 || a == 73 || a == 77 || a == 74 || a == 65 || a == 36 || a == 44 || a == 53 || a == 80 || a == 54 || a == 1 || a == 18 || a == 59 || a == 81): null

25-11-2024T07:55:44 - [TEST_STEP][PASSED] - else: null

25-11-2024T07:55:44 - [TEST_STEP][PASSED] - page1 = getText(findTestObject("Object Repository/Выполнение бизнес-плана/spanPlan" + filialNum)): Text of object 'Object Repository/Выполнение бизнес-плана/spanPlan2' is: '8.14
|'

25-11-2024T07:55:44 - [MESSAGE][PASSED] - Text of object 'Object Repository/Выполнение бизнес-плана/spanPlan2' is: '8.14
|'

25-11-2024T07:55:44 - [TEST_STEP][PASSED] - page1 = page1.replace("|", ""): null

25-11-2024T07:55:44 - [TEST_STEP][PASSED] - page2 = getText(findTestObject("Object Repository/Выполнение бизнес-плана/spanFact" + filialNum)): Text of object 'Object Repository/Выполнение бизнес-плана/spanFact2' is: '8.41
|'

25-11-2024T07:55:44 - [MESSAGE][PASSED] - Text of object 'Object Repository/Выполнение бизнес-плана/spanFact2' is: '8.41
|'

25-11-2024T07:55:44 - [TEST_STEP][PASSED] - page2 = page2.replace("|", ""): null

25-11-2024T07:55:44 - [TEST_STEP][PASSED] - println("page1: " + page1): null

25-11-2024T07:55:44 - [TEST_STEP][PASSED] - println("page2: " + page2): null

25-11-2024T07:55:44 - [TEST_STEP][PASSED] - file = findTestData("PlanFact").getValue(4, a): null

25-11-2024T07:55:44 - [TEST_STEP][PASSED] - file = file.replace(",", "."): null

25-11-2024T07:55:44 - [TEST_STEP][PASSED] - println("file Plan: " + file): null

25-11-2024T07:55:44 - [TEST_STEP][PASSED] - typeOfData = "План в процентах": null

25-11-2024T07:55:44 - [TEST_STEP][PASSED] - fileDouble = file.toDouble(): null

25-11-2024T07:55:44 - [TEST_STEP][PASSED] - pageDouble = page1.toDouble(): null

25-11-2024T07:55:44 - [TEST_STEP][PASSED] - if (fileDouble != pageDouble): null

25-11-2024T07:55:44 - [TEST_STEP][PASSED] - file = findTestData("PlanFact").getValue(7, a): null

25-11-2024T07:55:44 - [TEST_STEP][PASSED] - file = file.replace(",", "."): null

25-11-2024T07:55:44 - [TEST_STEP][PASSED] - println("file Fact: " + file): null

25-11-2024T07:55:44 - [TEST_STEP][PASSED] - fileDouble = file.toDouble(): null

25-11-2024T07:55:44 - [TEST_STEP][PASSED] - typeOfData = "Факт в процентах": null

25-11-2024T07:55:44 - [TEST_STEP][PASSED] - fileDouble = file.toDouble(): null

25-11-2024T07:55:44 - [TEST_STEP][PASSED] - pageDouble = page2.toDouble(): null

25-11-2024T07:55:44 - [TEST_STEP][PASSED] - if (fileDouble != pageDouble): null

25-11-2024T07:55:44 - [TEST_STEP][PASSED] - if (verifyEqual(numberOfErrors, 0) == false): Actual object '0' and expected object '0' are equal

25-11-2024T07:55:44 - [MESSAGE][PASSED] - Actual object '0' and expected object '0' are equal

25-11-2024T07:55:44 - [TEST_STEP][PASSED] - if (a == 82): null

25-11-2024T07:55:44 - [TEST_STEP][PASSED] - dZO = "Калугаэнерго": null

25-11-2024T07:55:44 - [TEST_STEP][PASSED] - a = 21: null

25-11-2024T07:55:44 - [TEST_STEP][PASSED] - if (x2.contains(dZO)): null

25-11-2024T07:55:44 - [TEST_STEP][PASSED] - filialNum = filialNum + 1: null

25-11-2024T07:55:44 - [TEST_STEP][PASSED] - Script1718980020443.Numbers(a, typeOfData, todaysDate, pageInt, fileInt, pageDouble, fileDouble, dZO, dzoNum, filialNum): null

25-11-2024T07:55:44 - [TEST_STEP][PASSED] - println(dzoNum): null

25-11-2024T07:55:44 - [TEST_STEP][PASSED] - planFact = <not implemented yet for class: org.codehaus.groovy.ast.expr.EmptyExpression>: null

25-11-2024T07:55:44 - [TEST_STEP][PASSED] - page = <not implemented yet for class: org.codehaus.groovy.ast.expr.EmptyExpression>: null

25-11-2024T07:55:44 - [TEST_STEP][PASSED] - page1 = <not implemented yet for class: org.codehaus.groovy.ast.expr.EmptyExpression>: null

25-11-2024T07:55:44 - [TEST_STEP][PASSED] - page2 = <not implemented yet for class: org.codehaus.groovy.ast.expr.EmptyExpression>: null

25-11-2024T07:55:44 - [TEST_STEP][PASSED] - filialNumberInRow = <not implemented yet for class: org.codehaus.groovy.ast.expr.EmptyExpression>: null

25-11-2024T07:55:44 - [TEST_STEP][PASSED] - filialsDzoNames = <not implemented yet for class: org.codehaus.groovy.ast.expr.EmptyExpression>: null

25-11-2024T07:55:44 - [TEST_STEP][PASSED] - numberOfFilials = <not implemented yet for class: org.codehaus.groovy.ast.expr.EmptyExpression>: null

25-11-2024T07:55:44 - [TEST_STEP][PASSED] - numberOfSpaces = <not implemented yet for class: org.codehaus.groovy.ast.expr.EmptyExpression>: null

25-11-2024T07:55:44 - [TEST_STEP][PASSED] - file = <not implemented yet for class: org.codehaus.groovy.ast.expr.EmptyExpression>: null

25-11-2024T07:55:44 - [TEST_STEP][PASSED] - otpusk = <not implemented yet for class: org.codehaus.groovy.ast.expr.EmptyExpression>: null

25-11-2024T07:55:44 - [TEST_STEP][PASSED] - poteri = <not implemented yet for class: org.codehaus.groovy.ast.expr.EmptyExpression>: null

25-11-2024T07:55:44 - [TEST_STEP][PASSED] - dataFolder = "Выполнение бизнес-плана/Значения со страницы Выполнение бизнес-плана/": null

25-11-2024T07:55:44 - [TEST_STEP][PASSED] - path = <not implemented yet for class: org.codehaus.groovy.ast.expr.EmptyExpression>: null

25-11-2024T07:55:44 - [TEST_STEP][PASSED] - typeOfDataMain = <not implemented yet for class: org.codehaus.groovy.ast.expr.EmptyExpression>: null

25-11-2024T07:55:44 - [TEST_STEP][PASSED] - fileOtpuskVSet = <not implemented yet for class: org.codehaus.groovy.ast.expr.EmptyExpression>: null

25-11-2024T07:55:44 - [TEST_STEP][PASSED] - pageOtpuskVSet = <not implemented yet for class: org.codehaus.groovy.ast.expr.EmptyExpression>: null

25-11-2024T07:55:44 - [TEST_STEP][PASSED] - filePoteri = <not implemented yet for class: org.codehaus.groovy.ast.expr.EmptyExpression>: null

25-11-2024T07:55:44 - [TEST_STEP][PASSED] - pagePoteri = <not implemented yet for class: org.codehaus.groovy.ast.expr.EmptyExpression>: null

25-11-2024T07:55:44 - [TEST_STEP][PASSED] - compare = <not implemented yet for class: org.codehaus.groovy.ast.expr.EmptyExpression>: null

25-11-2024T07:55:44 - [TEST_STEP][PASSED] - b = <not implemented yet for class: org.codehaus.groovy.ast.expr.EmptyExpression>: null

25-11-2024T07:55:44 - [TEST_STEP][PASSED] - i = <not implemented yet for class: org.codehaus.groovy.ast.expr.EmptyExpression>: null

25-11-2024T07:55:44 - [TEST_STEP][PASSED] - ii = <not implemented yet for class: org.codehaus.groovy.ast.expr.EmptyExpression>: null

25-11-2024T07:55:44 - [TEST_STEP][PASSED] - c = <not implemented yet for class: org.codehaus.groovy.ast.expr.EmptyExpression>: null

25-11-2024T07:55:44 - [TEST_STEP][PASSED] - numberOfErrors = 0: null

25-11-2024T07:55:44 - [TEST_STEP][PASSED] - if (a == 82): null

25-11-2024T07:55:44 - [TEST_STEP][PASSED] - b = findTestData("PlanFact").getValue(1, a): null

25-11-2024T07:55:44 - [TEST_STEP][PASSED] - i = b.indexOf(" (ГК)"): null

25-11-2024T07:55:44 - [TEST_STEP][PASSED] - if (i > -1): null

25-11-2024T07:55:44 - [TEST_STEP][PASSED] - i = b.indexOf("О ""): null

25-11-2024T07:55:44 - [TEST_STEP][PASSED] - if (i > -1): null

25-11-2024T07:55:44 - [TEST_STEP][PASSED] - i = b.indexOf("О «"): null

25-11-2024T07:55:44 - [TEST_STEP][PASSED] - if (i > -1): null

25-11-2024T07:55:44 - [TEST_STEP][PASSED] - i = b.indexOf("г. "): null

25-11-2024T07:55:44 - [TEST_STEP][PASSED] - if (i > -1): null

25-11-2024T07:55:44 - [TEST_STEP][PASSED] - println(b): null

25-11-2024T07:55:44 - [TEST_STEP][PASSED] - for ([planFact = 1, planFact < 3, (planFact++)]): Object: 'Object Repository/Выполнение бизнес-плана/Кнопка Факт' is clicked on

25-11-2024T07:55:44 - [TEST_STEP][PASSED] - if (planFact == 1): null

25-11-2024T07:55:44 - [TEST_STEP][PASSED] - typeOfDataMain = "Факт": null

25-11-2024T07:55:44 - [TEST_STEP][PASSED] - otpusk = findTestData("PlanFact").getValue(5, a): null

25-11-2024T07:55:44 - [TEST_STEP][PASSED] - poteri = findTestData("PlanFact").getValue(6, a): null

25-11-2024T07:55:44 - [TEST_STEP][PASSED] - otpusk = otpusk.replaceAll("\s+", ""): null

25-11-2024T07:55:44 - [TEST_STEP][PASSED] - poteri = poteri.replaceAll("\s+", ""): null

25-11-2024T07:55:44 - [TEST_STEP][PASSED] - typeOfData = typeOfDataMain + " Отпуск в сеть": null

25-11-2024T07:55:44 - [TEST_STEP][PASSED] - if (a == 82): null

25-11-2024T07:55:44 - [TEST_STEP][PASSED] - else if (a == 84): null

25-11-2024T07:55:44 - [TEST_STEP][PASSED] - else if (a == 52 || a == 72 || a == 28 || a == 73 || a == 77 || a == 74 || a == 65 || a == 36 || a == 44 || a == 53 || a == 80 || a == 54 || a == 1 || a == 18 || a == 59 || a == 81): null

25-11-2024T07:55:44 - [TEST_STEP][PASSED] - else: null

25-11-2024T07:55:44 - [TEST_STEP][PASSED] - path = dataFolder + typeOfData + " за отчётный период " + b: null

25-11-2024T07:55:44 - [TEST_STEP][PASSED] - println(path): null

25-11-2024T07:55:44 - [TEST_STEP][PASSED] - page = getText(findTestObject(path)): Text of object 'Object Repository/Выполнение бизнес-плана/Значения со страницы Выполнение бизнес-плана/Факт Отпуск в сеть за отчётный период Калугаэнерго' is: '4 177 670'

25-11-2024T07:55:45 - [MESSAGE][PASSED] - Text of object 'Object Repository/Выполнение бизнес-плана/Значения со страницы Выполнение бизнес-плана/Факт Отпуск в сеть за отчётный период Калугаэнерго' is: '4 177 670'

25-11-2024T07:55:45 - [TEST_STEP][PASSED] - page = page.replaceAll("\s+", ""): null

25-11-2024T07:55:45 - [TEST_STEP][PASSED] - fileOtpuskVSet = otpusk.toInteger(): null

25-11-2024T07:55:45 - [TEST_STEP][PASSED] - pageOtpuskVSet = page.toInteger(): null

25-11-2024T07:55:45 - [TEST_STEP][PASSED] - typeOfData = typeOfDataMain + " Потери": null

25-11-2024T07:55:45 - [TEST_STEP][PASSED] - if (a == 82): null

25-11-2024T07:55:45 - [TEST_STEP][PASSED] - else if (a == 84): null

25-11-2024T07:55:45 - [TEST_STEP][PASSED] - else if (a == 52 || a == 72 || a == 28 || a == 73 || a == 77 || a == 74 || a == 65 || a == 36 || a == 44 || a == 53 || a == 80 || a == 54 || a == 1 || a == 18 || a == 59 || a == 81): null

25-11-2024T07:55:45 - [TEST_STEP][PASSED] - else: null

25-11-2024T07:55:45 - [TEST_STEP][PASSED] - path = dataFolder + typeOfData + " за отчётный период " + b: null

25-11-2024T07:55:45 - [TEST_STEP][PASSED] - page = getText(findTestObject(path)): Text of object 'Object Repository/Выполнение бизнес-плана/Значения со страницы Выполнение бизнес-плана/Факт Потери за отчётный период Калугаэнерго' is: '334 842'

25-11-2024T07:55:45 - [MESSAGE][PASSED] - Text of object 'Object Repository/Выполнение бизнес-плана/Значения со страницы Выполнение бизнес-плана/Факт Потери за отчётный период Калугаэнерго' is: '334 842'

25-11-2024T07:55:45 - [TEST_STEP][PASSED] - page = page.replaceAll("\s+", ""): null

25-11-2024T07:55:45 - [TEST_STEP][PASSED] - filePoteri = poteri.toInteger(): null

25-11-2024T07:55:45 - [TEST_STEP][PASSED] - pagePoteri = page.toInteger(): null

25-11-2024T07:55:45 - [TEST_STEP][PASSED] - compare = pageOtpuskVSet: null

25-11-2024T07:55:45 - [TEST_STEP][PASSED] - if (compare == fileOtpuskVSet): null

25-11-2024T07:55:45 - [TEST_STEP][PASSED] - if (compare == fileOtpuskVSet): null

25-11-2024T07:55:45 - [TEST_STEP][PASSED] - compare = pagePoteri: null

25-11-2024T07:55:45 - [TEST_STEP][PASSED] - if (compare == filePoteri): null

25-11-2024T07:55:45 - [TEST_STEP][PASSED] - if (compare == filePoteri): null

25-11-2024T07:55:45 - [TEST_STEP][PASSED] - if (planFact == 2): null

25-11-2024T07:55:45 - [TEST_STEP][PASSED] - if (planFact == 1): null

25-11-2024T07:55:45 - [TEST_STEP][PASSED] - else if (planFact == 2): null

25-11-2024T07:55:45 - [TEST_STEP][PASSED] - click(findTestObject("Выполнение бизнес-плана/Кнопка План")): Object: 'Object Repository/Выполнение бизнес-плана/Кнопка План' is clicked on

25-11-2024T07:55:45 - [MESSAGE][PASSED] - Object: 'Object Repository/Выполнение бизнес-плана/Кнопка План' is clicked on

25-11-2024T07:55:45 - [TEST_STEP][PASSED] - typeOfDataMain = "План": null

25-11-2024T07:55:45 - [TEST_STEP][PASSED] - otpusk = findTestData("PlanFact").getValue(2, a): null

25-11-2024T07:55:45 - [TEST_STEP][PASSED] - poteri = findTestData("PlanFact").getValue(3, a): null

25-11-2024T07:55:46 - [TEST_STEP][PASSED] - otpusk = otpusk.replaceAll("\s+", ""): null

25-11-2024T07:55:46 - [TEST_STEP][PASSED] - poteri = poteri.replaceAll("\s+", ""): null

25-11-2024T07:55:46 - [TEST_STEP][PASSED] - typeOfData = typeOfDataMain + " Отпуск в сеть": null

25-11-2024T07:55:46 - [TEST_STEP][PASSED] - if (a == 82): null

25-11-2024T07:55:46 - [TEST_STEP][PASSED] - else if (a == 84): null

25-11-2024T07:55:46 - [TEST_STEP][PASSED] - else if (a == 52 || a == 72 || a == 28 || a == 73 || a == 77 || a == 74 || a == 65 || a == 36 || a == 44 || a == 53 || a == 80 || a == 54 || a == 1 || a == 18 || a == 59 || a == 81): null

25-11-2024T07:55:46 - [TEST_STEP][PASSED] - else: null

25-11-2024T07:55:46 - [TEST_STEP][PASSED] - path = dataFolder + typeOfData + " за отчётный период " + b: null

25-11-2024T07:55:46 - [TEST_STEP][PASSED] - println(path): null

25-11-2024T07:55:46 - [TEST_STEP][PASSED] - page = getText(findTestObject(path)): Text of object 'Object Repository/Выполнение бизнес-плана/Значения со страницы Выполнение бизнес-плана/План Отпуск в сеть за отчётный период Калугаэнерго' is: '3 975 291'

25-11-2024T07:55:46 - [MESSAGE][PASSED] - Text of object 'Object Repository/Выполнение бизнес-плана/Значения со страницы Выполнение бизнес-плана/План Отпуск в сеть за отчётный период Калугаэнерго' is: '3 975 291'

25-11-2024T07:55:46 - [TEST_STEP][PASSED] - page = page.replaceAll("\s+", ""): null

25-11-2024T07:55:46 - [TEST_STEP][PASSED] - fileOtpuskVSet = otpusk.toInteger(): null

25-11-2024T07:55:46 - [TEST_STEP][PASSED] - pageOtpuskVSet = page.toInteger(): null

25-11-2024T07:55:46 - [TEST_STEP][PASSED] - typeOfData = typeOfDataMain + " Потери": null

25-11-2024T07:55:46 - [TEST_STEP][PASSED] - if (a == 82): null

25-11-2024T07:55:46 - [TEST_STEP][PASSED] - else if (a == 84): null

25-11-2024T07:55:46 - [TEST_STEP][PASSED] - else if (a == 52 || a == 72 || a == 28 || a == 73 || a == 77 || a == 74 || a == 65 || a == 36 || a == 44 || a == 53 || a == 80 || a == 54 || a == 1 || a == 18 || a == 59 || a == 81): null

25-11-2024T07:55:46 - [TEST_STEP][PASSED] - else: null

25-11-2024T07:55:46 - [TEST_STEP][PASSED] - path = dataFolder + typeOfData + " за отчётный период " + b: null

25-11-2024T07:55:46 - [TEST_STEP][PASSED] - page = getText(findTestObject(path)): Text of object 'Object Repository/Выполнение бизнес-плана/Значения со страницы Выполнение бизнес-плана/План Потери за отчётный период Калугаэнерго' is: '330 104'

25-11-2024T07:55:46 - [MESSAGE][PASSED] - Text of object 'Object Repository/Выполнение бизнес-плана/Значения со страницы Выполнение бизнес-плана/План Потери за отчётный период Калугаэнерго' is: '330 104'

25-11-2024T07:55:46 - [TEST_STEP][PASSED] - page = page.replaceAll("\s+", ""): null

25-11-2024T07:55:46 - [TEST_STEP][PASSED] - filePoteri = poteri.toInteger(): null

25-11-2024T07:55:46 - [TEST_STEP][PASSED] - pagePoteri = page.toInteger(): null

25-11-2024T07:55:46 - [TEST_STEP][PASSED] - compare = pageOtpuskVSet: null

25-11-2024T07:55:46 - [TEST_STEP][PASSED] - if (compare == fileOtpuskVSet): null

25-11-2024T07:55:46 - [TEST_STEP][PASSED] - if (compare == fileOtpuskVSet): null

25-11-2024T07:55:46 - [TEST_STEP][PASSED] - compare = pagePoteri: null

25-11-2024T07:55:46 - [TEST_STEP][PASSED] - if (compare == filePoteri): null

25-11-2024T07:55:46 - [TEST_STEP][PASSED] - if (compare == filePoteri): null

25-11-2024T07:55:46 - [TEST_STEP][PASSED] - if (planFact == 2): Object: 'Object Repository/Выполнение бизнес-плана/Кнопка Факт' is clicked on

25-11-2024T07:55:46 - [TEST_STEP][PASSED] - click(findTestObject("Выполнение бизнес-плана/Кнопка Факт")): Object: 'Object Repository/Выполнение бизнес-плана/Кнопка Факт' is clicked on

25-11-2024T07:55:46 - [MESSAGE][PASSED] - Object: 'Object Repository/Выполнение бизнес-плана/Кнопка Факт' is clicked on

25-11-2024T07:55:46 - [TEST_STEP][PASSED] - if (a == 84 || a == 82): null

25-11-2024T07:55:46 - [TEST_STEP][PASSED] - else if (a == 52 || a == 72 || a == 28 || a == 73 || a == 77 || a == 74 || a == 65 || a == 36 || a == 44 || a == 53 || a == 80 || a == 54 || a == 1 || a == 18 || a == 59 || a == 81): null

25-11-2024T07:55:46 - [TEST_STEP][PASSED] - else: null

25-11-2024T07:55:46 - [TEST_STEP][PASSED] - page1 = getText(findTestObject("Object Repository/Выполнение бизнес-плана/spanPlan" + filialNum)): Text of object 'Object Repository/Выполнение бизнес-плана/spanPlan3' is: '8.30
|'

25-11-2024T07:55:47 - [MESSAGE][PASSED] - Text of object 'Object Repository/Выполнение бизнес-плана/spanPlan3' is: '8.30
|'

25-11-2024T07:55:47 - [TEST_STEP][PASSED] - page1 = page1.replace("|", ""): null

25-11-2024T07:55:47 - [TEST_STEP][PASSED] - page2 = getText(findTestObject("Object Repository/Выполнение бизнес-плана/spanFact" + filialNum)): Text of object 'Object Repository/Выполнение бизнес-плана/spanFact3' is: '8.02
|'

25-11-2024T07:55:47 - [MESSAGE][PASSED] - Text of object 'Object Repository/Выполнение бизнес-плана/spanFact3' is: '8.02
|'

25-11-2024T07:55:47 - [TEST_STEP][PASSED] - page2 = page2.replace("|", ""): null

25-11-2024T07:55:47 - [TEST_STEP][PASSED] - println("page1: " + page1): null

25-11-2024T07:55:47 - [TEST_STEP][PASSED] - println("page2: " + page2): null

25-11-2024T07:55:47 - [TEST_STEP][PASSED] - file = findTestData("PlanFact").getValue(4, a): null

25-11-2024T07:55:47 - [TEST_STEP][PASSED] - file = file.replace(",", "."): null

25-11-2024T07:55:47 - [TEST_STEP][PASSED] - println("file Plan: " + file): null

25-11-2024T07:55:47 - [TEST_STEP][PASSED] - typeOfData = "План в процентах": null

25-11-2024T07:55:47 - [TEST_STEP][PASSED] - fileDouble = file.toDouble(): null

25-11-2024T07:55:47 - [TEST_STEP][PASSED] - pageDouble = page1.toDouble(): null

25-11-2024T07:55:47 - [TEST_STEP][PASSED] - if (fileDouble != pageDouble): null

25-11-2024T07:55:47 - [TEST_STEP][PASSED] - file = findTestData("PlanFact").getValue(7, a): null

25-11-2024T07:55:47 - [TEST_STEP][PASSED] - file = file.replace(",", "."): null

25-11-2024T07:55:47 - [TEST_STEP][PASSED] - println("file Fact: " + file): null

25-11-2024T07:55:47 - [TEST_STEP][PASSED] - fileDouble = file.toDouble(): null

25-11-2024T07:55:47 - [TEST_STEP][PASSED] - typeOfData = "Факт в процентах": null

25-11-2024T07:55:47 - [TEST_STEP][PASSED] - fileDouble = file.toDouble(): null

25-11-2024T07:55:47 - [TEST_STEP][PASSED] - pageDouble = page2.toDouble(): null

25-11-2024T07:55:47 - [TEST_STEP][PASSED] - if (fileDouble != pageDouble): null

25-11-2024T07:55:47 - [TEST_STEP][PASSED] - if (verifyEqual(numberOfErrors, 0) == false): Actual object '0' and expected object '0' are equal

25-11-2024T07:55:47 - [MESSAGE][PASSED] - Actual object '0' and expected object '0' are equal

25-11-2024T07:55:47 - [TEST_STEP][PASSED] - if (a == 82): null

25-11-2024T07:55:47 - [TEST_STEP][PASSED] - dZO = "Кировэнерго": null

25-11-2024T07:55:47 - [TEST_STEP][PASSED] - a = 22: null

25-11-2024T07:55:47 - [TEST_STEP][PASSED] - if (x2.contains(dZO)): null

25-11-2024T07:55:47 - [TEST_STEP][PASSED] - filialNum = filialNum + 1: null

25-11-2024T07:55:47 - [TEST_STEP][PASSED] - Script1718980020443.Numbers(a, typeOfData, todaysDate, pageInt, fileInt, pageDouble, fileDouble, dZO, dzoNum, filialNum): null

25-11-2024T07:55:47 - [TEST_STEP][PASSED] - println(dzoNum): null

25-11-2024T07:55:47 - [TEST_STEP][PASSED] - planFact = <not implemented yet for class: org.codehaus.groovy.ast.expr.EmptyExpression>: null

25-11-2024T07:55:47 - [TEST_STEP][PASSED] - page = <not implemented yet for class: org.codehaus.groovy.ast.expr.EmptyExpression>: null

25-11-2024T07:55:47 - [TEST_STEP][PASSED] - page1 = <not implemented yet for class: org.codehaus.groovy.ast.expr.EmptyExpression>: null

25-11-2024T07:55:47 - [TEST_STEP][PASSED] - page2 = <not implemented yet for class: org.codehaus.groovy.ast.expr.EmptyExpression>: null

25-11-2024T07:55:47 - [TEST_STEP][PASSED] - filialNumberInRow = <not implemented yet for class: org.codehaus.groovy.ast.expr.EmptyExpression>: null

25-11-2024T07:55:47 - [TEST_STEP][PASSED] - filialsDzoNames = <not implemented yet for class: org.codehaus.groovy.ast.expr.EmptyExpression>: null

25-11-2024T07:55:47 - [TEST_STEP][PASSED] - numberOfFilials = <not implemented yet for class: org.codehaus.groovy.ast.expr.EmptyExpression>: null

25-11-2024T07:55:47 - [TEST_STEP][PASSED] - numberOfSpaces = <not implemented yet for class: org.codehaus.groovy.ast.expr.EmptyExpression>: null

25-11-2024T07:55:47 - [TEST_STEP][PASSED] - file = <not implemented yet for class: org.codehaus.groovy.ast.expr.EmptyExpression>: null

25-11-2024T07:55:47 - [TEST_STEP][PASSED] - otpusk = <not implemented yet for class: org.codehaus.groovy.ast.expr.EmptyExpression>: null

25-11-2024T07:55:47 - [TEST_STEP][PASSED] - poteri = <not implemented yet for class: org.codehaus.groovy.ast.expr.EmptyExpression>: null

25-11-2024T07:55:47 - [TEST_STEP][PASSED] - dataFolder = "Выполнение бизнес-плана/Значения со страницы Выполнение бизнес-плана/": null

25-11-2024T07:55:47 - [TEST_STEP][PASSED] - path = <not implemented yet for class: org.codehaus.groovy.ast.expr.EmptyExpression>: null

25-11-2024T07:55:47 - [TEST_STEP][PASSED] - typeOfDataMain = <not implemented yet for class: org.codehaus.groovy.ast.expr.EmptyExpression>: null

25-11-2024T07:55:47 - [TEST_STEP][PASSED] - fileOtpuskVSet = <not implemented yet for class: org.codehaus.groovy.ast.expr.EmptyExpression>: null

25-11-2024T07:55:47 - [TEST_STEP][PASSED] - pageOtpuskVSet = <not implemented yet for class: org.codehaus.groovy.ast.expr.EmptyExpression>: null

25-11-2024T07:55:47 - [TEST_STEP][PASSED] - filePoteri = <not implemented yet for class: org.codehaus.groovy.ast.expr.EmptyExpression>: null

25-11-2024T07:55:47 - [TEST_STEP][PASSED] - pagePoteri = <not implemented yet for class: org.codehaus.groovy.ast.expr.EmptyExpression>: null

25-11-2024T07:55:47 - [TEST_STEP][PASSED] - compare = <not implemented yet for class: org.codehaus.groovy.ast.expr.EmptyExpression>: null

25-11-2024T07:55:47 - [TEST_STEP][PASSED] - b = <not implemented yet for class: org.codehaus.groovy.ast.expr.EmptyExpression>: null

25-11-2024T07:55:47 - [TEST_STEP][PASSED] - i = <not implemented yet for class: org.codehaus.groovy.ast.expr.EmptyExpression>: null

25-11-2024T07:55:47 - [TEST_STEP][PASSED] - ii = <not implemented yet for class: org.codehaus.groovy.ast.expr.EmptyExpression>: null

25-11-2024T07:55:47 - [TEST_STEP][PASSED] - c = <not implemented yet for class: org.codehaus.groovy.ast.expr.EmptyExpression>: null

25-11-2024T07:55:47 - [TEST_STEP][PASSED] - numberOfErrors = 0: null

25-11-2024T07:55:47 - [TEST_STEP][PASSED] - if (a == 82): null

25-11-2024T07:55:47 - [TEST_STEP][PASSED] - b = findTestData("PlanFact").getValue(1, a): null

25-11-2024T07:55:47 - [TEST_STEP][PASSED] - i = b.indexOf(" (ГК)"): null

25-11-2024T07:55:47 - [TEST_STEP][PASSED] - if (i > -1): null

25-11-2024T07:55:47 - [TEST_STEP][PASSED] - i = b.indexOf("О ""): null

25-11-2024T07:55:47 - [TEST_STEP][PASSED] - if (i > -1): null

25-11-2024T07:55:47 - [TEST_STEP][PASSED] - i = b.indexOf("О «"): null

25-11-2024T07:55:47 - [TEST_STEP][PASSED] - if (i > -1): null

25-11-2024T07:55:47 - [TEST_STEP][PASSED] - i = b.indexOf("г. "): null

25-11-2024T07:55:47 - [TEST_STEP][PASSED] - if (i > -1): null

25-11-2024T07:55:47 - [TEST_STEP][PASSED] - println(b): null

25-11-2024T07:55:47 - [TEST_STEP][PASSED] - for ([planFact = 1, planFact < 3, (planFact++)]): Object: 'Object Repository/Выполнение бизнес-плана/Кнопка Факт' is clicked on

25-11-2024T07:55:47 - [TEST_STEP][PASSED] - if (planFact == 1): null

25-11-2024T07:55:47 - [TEST_STEP][PASSED] - typeOfDataMain = "Факт": null

25-11-2024T07:55:47 - [TEST_STEP][PASSED] - otpusk = findTestData("PlanFact").getValue(5, a): null

25-11-2024T07:55:47 - [TEST_STEP][PASSED] - poteri = findTestData("PlanFact").getValue(6, a): null

25-11-2024T07:55:47 - [TEST_STEP][PASSED] - otpusk = otpusk.replaceAll("\s+", ""): null

25-11-2024T07:55:47 - [TEST_STEP][PASSED] - poteri = poteri.replaceAll("\s+", ""): null

25-11-2024T07:55:47 - [TEST_STEP][PASSED] - typeOfData = typeOfDataMain + " Отпуск в сеть": null

25-11-2024T07:55:47 - [TEST_STEP][PASSED] - if (a == 82): null

25-11-2024T07:55:47 - [TEST_STEP][PASSED] - else if (a == 84): null

25-11-2024T07:55:47 - [TEST_STEP][PASSED] - else if (a == 52 || a == 72 || a == 28 || a == 73 || a == 77 || a == 74 || a == 65 || a == 36 || a == 44 || a == 53 || a == 80 || a == 54 || a == 1 || a == 18 || a == 59 || a == 81): null

25-11-2024T07:55:47 - [TEST_STEP][PASSED] - else: null

25-11-2024T07:55:47 - [TEST_STEP][PASSED] - path = dataFolder + typeOfData + " за отчётный период " + b: null

25-11-2024T07:55:47 - [TEST_STEP][PASSED] - println(path): null

25-11-2024T07:55:47 - [TEST_STEP][PASSED] - page = getText(findTestObject(path)): Text of object 'Object Repository/Выполнение бизнес-плана/Значения со страницы Выполнение бизнес-плана/Факт Отпуск в сеть за отчётный период Кировэнерго' is: '4 164 243'

25-11-2024T07:55:48 - [MESSAGE][PASSED] - Text of object 'Object Repository/Выполнение бизнес-плана/Значения со страницы Выполнение бизнес-плана/Факт Отпуск в сеть за отчётный период Кировэнерго' is: '4 164 243'

25-11-2024T07:55:48 - [TEST_STEP][PASSED] - page = page.replaceAll("\s+", ""): null

25-11-2024T07:55:48 - [TEST_STEP][PASSED] - fileOtpuskVSet = otpusk.toInteger(): null

25-11-2024T07:55:48 - [TEST_STEP][PASSED] - pageOtpuskVSet = page.toInteger(): null

25-11-2024T07:55:48 - [TEST_STEP][PASSED] - typeOfData = typeOfDataMain + " Потери": null

25-11-2024T07:55:48 - [TEST_STEP][PASSED] - if (a == 82): null

25-11-2024T07:55:48 - [TEST_STEP][PASSED] - else if (a == 84): null

25-11-2024T07:55:48 - [TEST_STEP][PASSED] - else if (a == 52 || a == 72 || a == 28 || a == 73 || a == 77 || a == 74 || a == 65 || a == 36 || a == 44 || a == 53 || a == 80 || a == 54 || a == 1 || a == 18 || a == 59 || a == 81): null

25-11-2024T07:55:48 - [TEST_STEP][PASSED] - else: null

25-11-2024T07:55:48 - [TEST_STEP][PASSED] - path = dataFolder + typeOfData + " за отчётный период " + b: null

25-11-2024T07:55:48 - [TEST_STEP][PASSED] - page = getText(findTestObject(path)): Text of object 'Object Repository/Выполнение бизнес-плана/Значения со страницы Выполнение бизнес-плана/Факт Потери за отчётный период Кировэнерго' is: '145 883'

25-11-2024T07:55:48 - [MESSAGE][PASSED] - Text of object 'Object Repository/Выполнение бизнес-плана/Значения со страницы Выполнение бизнес-плана/Факт Потери за отчётный период Кировэнерго' is: '145 883'

25-11-2024T07:55:48 - [TEST_STEP][PASSED] - page = page.replaceAll("\s+", ""): null

25-11-2024T07:55:48 - [TEST_STEP][PASSED] - filePoteri = poteri.toInteger(): null

25-11-2024T07:55:48 - [TEST_STEP][PASSED] - pagePoteri = page.toInteger(): null

25-11-2024T07:55:48 - [TEST_STEP][PASSED] - compare = pageOtpuskVSet: null

25-11-2024T07:55:48 - [TEST_STEP][PASSED] - if (compare == fileOtpuskVSet): null

25-11-2024T07:55:48 - [TEST_STEP][PASSED] - if (compare == fileOtpuskVSet): null

25-11-2024T07:55:48 - [TEST_STEP][PASSED] - compare = pagePoteri: null

25-11-2024T07:55:48 - [TEST_STEP][PASSED] - if (compare == filePoteri): null

25-11-2024T07:55:48 - [TEST_STEP][PASSED] - if (compare == filePoteri): null

25-11-2024T07:55:48 - [TEST_STEP][PASSED] - if (planFact == 2): null

25-11-2024T07:55:48 - [TEST_STEP][PASSED] - if (planFact == 1): null

25-11-2024T07:55:48 - [TEST_STEP][PASSED] - else if (planFact == 2): null

25-11-2024T07:55:48 - [TEST_STEP][PASSED] - click(findTestObject("Выполнение бизнес-плана/Кнопка План")): Object: 'Object Repository/Выполнение бизнес-плана/Кнопка План' is clicked on

25-11-2024T07:55:48 - [MESSAGE][PASSED] - Object: 'Object Repository/Выполнение бизнес-плана/Кнопка План' is clicked on

25-11-2024T07:55:48 - [TEST_STEP][PASSED] - typeOfDataMain = "План": null

25-11-2024T07:55:48 - [TEST_STEP][PASSED] - otpusk = findTestData("PlanFact").getValue(2, a): null

25-11-2024T07:55:48 - [TEST_STEP][PASSED] - poteri = findTestData("PlanFact").getValue(3, a): null

25-11-2024T07:55:48 - [TEST_STEP][PASSED] - otpusk = otpusk.replaceAll("\s+", ""): null

25-11-2024T07:55:48 - [TEST_STEP][PASSED] - poteri = poteri.replaceAll("\s+", ""): null

25-11-2024T07:55:48 - [TEST_STEP][PASSED] - typeOfData = typeOfDataMain + " Отпуск в сеть": null

25-11-2024T07:55:48 - [TEST_STEP][PASSED] - if (a == 82): null

25-11-2024T07:55:48 - [TEST_STEP][PASSED] - else if (a == 84): null

25-11-2024T07:55:48 - [TEST_STEP][PASSED] - else if (a == 52 || a == 72 || a == 28 || a == 73 || a == 77 || a == 74 || a == 65 || a == 36 || a == 44 || a == 53 || a == 80 || a == 54 || a == 1 || a == 18 || a == 59 || a == 81): null

25-11-2024T07:55:48 - [TEST_STEP][PASSED] - else: null

25-11-2024T07:55:48 - [TEST_STEP][PASSED] - path = dataFolder + typeOfData + " за отчётный период " + b: null

25-11-2024T07:55:48 - [TEST_STEP][PASSED] - println(path): null

25-11-2024T07:55:48 - [TEST_STEP][PASSED] - page = getText(findTestObject(path)): Text of object 'Object Repository/Выполнение бизнес-плана/Значения со страницы Выполнение бизнес-плана/План Отпуск в сеть за отчётный период Кировэнерго' is: '3 988 007'

25-11-2024T07:55:49 - [MESSAGE][PASSED] - Text of object 'Object Repository/Выполнение бизнес-плана/Значения со страницы Выполнение бизнес-плана/План Отпуск в сеть за отчётный период Кировэнерго' is: '3 988 007'

25-11-2024T07:55:49 - [TEST_STEP][PASSED] - page = page.replaceAll("\s+", ""): null

25-11-2024T07:55:49 - [TEST_STEP][PASSED] - fileOtpuskVSet = otpusk.toInteger(): null

25-11-2024T07:55:49 - [TEST_STEP][PASSED] - pageOtpuskVSet = page.toInteger(): null

25-11-2024T07:55:49 - [TEST_STEP][PASSED] - typeOfData = typeOfDataMain + " Потери": null

25-11-2024T07:55:49 - [TEST_STEP][PASSED] - if (a == 82): null

25-11-2024T07:55:49 - [TEST_STEP][PASSED] - else if (a == 84): null

25-11-2024T07:55:49 - [TEST_STEP][PASSED] - else if (a == 52 || a == 72 || a == 28 || a == 73 || a == 77 || a == 74 || a == 65 || a == 36 || a == 44 || a == 53 || a == 80 || a == 54 || a == 1 || a == 18 || a == 59 || a == 81): null

25-11-2024T07:55:49 - [TEST_STEP][PASSED] - else: null

25-11-2024T07:55:49 - [TEST_STEP][PASSED] - path = dataFolder + typeOfData + " за отчётный период " + b: null

25-11-2024T07:55:49 - [TEST_STEP][PASSED] - page = getText(findTestObject(path)): Text of object 'Object Repository/Выполнение бизнес-плана/Значения со страницы Выполнение бизнес-плана/План Потери за отчётный период Кировэнерго' is: '163 583'

25-11-2024T07:55:49 - [MESSAGE][PASSED] - Text of object 'Object Repository/Выполнение бизнес-плана/Значения со страницы Выполнение бизнес-плана/План Потери за отчётный период Кировэнерго' is: '163 583'

25-11-2024T07:55:49 - [TEST_STEP][PASSED] - page = page.replaceAll("\s+", ""): null

25-11-2024T07:55:49 - [TEST_STEP][PASSED] - filePoteri = poteri.toInteger(): null

25-11-2024T07:55:49 - [TEST_STEP][PASSED] - pagePoteri = page.toInteger(): null

25-11-2024T07:55:49 - [TEST_STEP][PASSED] - compare = pageOtpuskVSet: null

25-11-2024T07:55:49 - [TEST_STEP][PASSED] - if (compare == fileOtpuskVSet): null

25-11-2024T07:55:49 - [TEST_STEP][PASSED] - if (compare == fileOtpuskVSet): null

25-11-2024T07:55:49 - [TEST_STEP][PASSED] - compare = pagePoteri: null

25-11-2024T07:55:49 - [TEST_STEP][PASSED] - if (compare == filePoteri): null

25-11-2024T07:55:49 - [TEST_STEP][PASSED] - if (compare == filePoteri): null

25-11-2024T07:55:49 - [TEST_STEP][PASSED] - if (planFact == 2): Object: 'Object Repository/Выполнение бизнес-плана/Кнопка Факт' is clicked on

25-11-2024T07:55:49 - [TEST_STEP][PASSED] - click(findTestObject("Выполнение бизнес-плана/Кнопка Факт")): Object: 'Object Repository/Выполнение бизнес-плана/Кнопка Факт' is clicked on

25-11-2024T07:55:49 - [MESSAGE][PASSED] - Object: 'Object Repository/Выполнение бизнес-плана/Кнопка Факт' is clicked on

25-11-2024T07:55:49 - [TEST_STEP][PASSED] - if (a == 84 || a == 82): null

25-11-2024T07:55:49 - [TEST_STEP][PASSED] - else if (a == 52 || a == 72 || a == 28 || a == 73 || a == 77 || a == 74 || a == 65 || a == 36 || a == 44 || a == 53 || a == 80 || a == 54 || a == 1 || a == 18 || a == 59 || a == 81): null

25-11-2024T07:55:49 - [TEST_STEP][PASSED] - else: null

25-11-2024T07:55:49 - [TEST_STEP][PASSED] - page1 = getText(findTestObject("Object Repository/Выполнение бизнес-плана/spanPlan" + filialNum)): Text of object 'Object Repository/Выполнение бизнес-плана/spanPlan4' is: '4.10
|'

25-11-2024T07:55:50 - [MESSAGE][PASSED] - Text of object 'Object Repository/Выполнение бизнес-плана/spanPlan4' is: '4.10
|'

25-11-2024T07:55:50 - [TEST_STEP][PASSED] - page1 = page1.replace("|", ""): null

25-11-2024T07:55:50 - [TEST_STEP][PASSED] - page2 = getText(findTestObject("Object Repository/Выполнение бизнес-плана/spanFact" + filialNum)): Text of object 'Object Repository/Выполнение бизнес-плана/spanFact4' is: '3.50
|'

25-11-2024T07:55:50 - [MESSAGE][PASSED] - Text of object 'Object Repository/Выполнение бизнес-плана/spanFact4' is: '3.50
|'

25-11-2024T07:55:50 - [TEST_STEP][PASSED] - page2 = page2.replace("|", ""): null

25-11-2024T07:55:50 - [TEST_STEP][PASSED] - println("page1: " + page1): null

25-11-2024T07:55:50 - [TEST_STEP][PASSED] - println("page2: " + page2): null

25-11-2024T07:55:50 - [TEST_STEP][PASSED] - file = findTestData("PlanFact").getValue(4, a): null

25-11-2024T07:55:50 - [TEST_STEP][PASSED] - file = file.replace(",", "."): null

25-11-2024T07:55:50 - [TEST_STEP][PASSED] - println("file Plan: " + file): null

25-11-2024T07:55:50 - [TEST_STEP][PASSED] - typeOfData = "План в процентах": null

25-11-2024T07:55:50 - [TEST_STEP][PASSED] - fileDouble = file.toDouble(): null

25-11-2024T07:55:50 - [TEST_STEP][PASSED] - pageDouble = page1.toDouble(): null

25-11-2024T07:55:50 - [TEST_STEP][PASSED] - if (fileDouble != pageDouble): null

25-11-2024T07:55:50 - [TEST_STEP][PASSED] - file = findTestData("PlanFact").getValue(7, a): null

25-11-2024T07:55:50 - [TEST_STEP][PASSED] - file = file.replace(",", "."): null

25-11-2024T07:55:50 - [TEST_STEP][PASSED] - println("file Fact: " + file): null

25-11-2024T07:55:50 - [TEST_STEP][PASSED] - fileDouble = file.toDouble(): null

25-11-2024T07:55:50 - [TEST_STEP][PASSED] - typeOfData = "Факт в процентах": null

25-11-2024T07:55:50 - [TEST_STEP][PASSED] - fileDouble = file.toDouble(): null

25-11-2024T07:55:50 - [TEST_STEP][PASSED] - pageDouble = page2.toDouble(): null

25-11-2024T07:55:50 - [TEST_STEP][PASSED] - if (fileDouble != pageDouble): null

25-11-2024T07:55:50 - [TEST_STEP][PASSED] - if (verifyEqual(numberOfErrors, 0) == false): Actual object '0' and expected object '0' are equal

25-11-2024T07:55:50 - [MESSAGE][PASSED] - Actual object '0' and expected object '0' are equal

25-11-2024T07:55:50 - [TEST_STEP][PASSED] - if (a == 82): null

25-11-2024T07:55:50 - [TEST_STEP][PASSED] - dZO = "Мариэнерго": null

25-11-2024T07:55:50 - [TEST_STEP][PASSED] - a = 23: null

25-11-2024T07:55:50 - [TEST_STEP][PASSED] - if (x2.contains(dZO)): null

25-11-2024T07:55:50 - [TEST_STEP][PASSED] - filialNum = filialNum + 1: null

25-11-2024T07:55:50 - [TEST_STEP][PASSED] - Script1718980020443.Numbers(a, typeOfData, todaysDate, pageInt, fileInt, pageDouble, fileDouble, dZO, dzoNum, filialNum): null

25-11-2024T07:55:50 - [TEST_STEP][PASSED] - println(dzoNum): null

25-11-2024T07:55:50 - [TEST_STEP][PASSED] - planFact = <not implemented yet for class: org.codehaus.groovy.ast.expr.EmptyExpression>: null

25-11-2024T07:55:50 - [TEST_STEP][PASSED] - page = <not implemented yet for class: org.codehaus.groovy.ast.expr.EmptyExpression>: null

25-11-2024T07:55:50 - [TEST_STEP][PASSED] - page1 = <not implemented yet for class: org.codehaus.groovy.ast.expr.EmptyExpression>: null

25-11-2024T07:55:50 - [TEST_STEP][PASSED] - page2 = <not implemented yet for class: org.codehaus.groovy.ast.expr.EmptyExpression>: null

25-11-2024T07:55:50 - [TEST_STEP][PASSED] - filialNumberInRow = <not implemented yet for class: org.codehaus.groovy.ast.expr.EmptyExpression>: null

25-11-2024T07:55:50 - [TEST_STEP][PASSED] - filialsDzoNames = <not implemented yet for class: org.codehaus.groovy.ast.expr.EmptyExpression>: null

25-11-2024T07:55:50 - [TEST_STEP][PASSED] - numberOfFilials = <not implemented yet for class: org.codehaus.groovy.ast.expr.EmptyExpression>: null

25-11-2024T07:55:50 - [TEST_STEP][PASSED] - numberOfSpaces = <not implemented yet for class: org.codehaus.groovy.ast.expr.EmptyExpression>: null

25-11-2024T07:55:50 - [TEST_STEP][PASSED] - file = <not implemented yet for class: org.codehaus.groovy.ast.expr.EmptyExpression>: null

25-11-2024T07:55:50 - [TEST_STEP][PASSED] - otpusk = <not implemented yet for class: org.codehaus.groovy.ast.expr.EmptyExpression>: null

25-11-2024T07:55:50 - [TEST_STEP][PASSED] - poteri = <not implemented yet for class: org.codehaus.groovy.ast.expr.EmptyExpression>: null

25-11-2024T07:55:50 - [TEST_STEP][PASSED] - dataFolder = "Выполнение бизнес-плана/Значения со страницы Выполнение бизнес-плана/": null

25-11-2024T07:55:50 - [TEST_STEP][PASSED] - path = <not implemented yet for class: org.codehaus.groovy.ast.expr.EmptyExpression>: null

25-11-2024T07:55:50 - [TEST_STEP][PASSED] - typeOfDataMain = <not implemented yet for class: org.codehaus.groovy.ast.expr.EmptyExpression>: null

25-11-2024T07:55:50 - [TEST_STEP][PASSED] - fileOtpuskVSet = <not implemented yet for class: org.codehaus.groovy.ast.expr.EmptyExpression>: null

25-11-2024T07:55:50 - [TEST_STEP][PASSED] - pageOtpuskVSet = <not implemented yet for class: org.codehaus.groovy.ast.expr.EmptyExpression>: null

25-11-2024T07:55:50 - [TEST_STEP][PASSED] - filePoteri = <not implemented yet for class: org.codehaus.groovy.ast.expr.EmptyExpression>: null

25-11-2024T07:55:50 - [TEST_STEP][PASSED] - pagePoteri = <not implemented yet for class: org.codehaus.groovy.ast.expr.EmptyExpression>: null

25-11-2024T07:55:50 - [TEST_STEP][PASSED] - compare = <not implemented yet for class: org.codehaus.groovy.ast.expr.EmptyExpression>: null

25-11-2024T07:55:50 - [TEST_STEP][PASSED] - b = <not implemented yet for class: org.codehaus.groovy.ast.expr.EmptyExpression>: null

25-11-2024T07:55:50 - [TEST_STEP][PASSED] - i = <not implemented yet for class: org.codehaus.groovy.ast.expr.EmptyExpression>: null

25-11-2024T07:55:50 - [TEST_STEP][PASSED] - ii = <not implemented yet for class: org.codehaus.groovy.ast.expr.EmptyExpression>: null

25-11-2024T07:55:50 - [TEST_STEP][PASSED] - c = <not implemented yet for class: org.codehaus.groovy.ast.expr.EmptyExpression>: null

25-11-2024T07:55:50 - [TEST_STEP][PASSED] - numberOfErrors = 0: null

25-11-2024T07:55:50 - [TEST_STEP][PASSED] - if (a == 82): null

25-11-2024T07:55:50 - [TEST_STEP][PASSED] - b = findTestData("PlanFact").getValue(1, a): null

25-11-2024T07:55:50 - [TEST_STEP][PASSED] - i = b.indexOf(" (ГК)"): null

25-11-2024T07:55:50 - [TEST_STEP][PASSED] - if (i > -1): null

25-11-2024T07:55:50 - [TEST_STEP][PASSED] - i = b.indexOf("О ""): null

25-11-2024T07:55:50 - [TEST_STEP][PASSED] - if (i > -1): null

25-11-2024T07:55:50 - [TEST_STEP][PASSED] - i = b.indexOf("О «"): null

25-11-2024T07:55:50 - [TEST_STEP][PASSED] - if (i > -1): null

25-11-2024T07:55:50 - [TEST_STEP][PASSED] - i = b.indexOf("г. "): null

25-11-2024T07:55:50 - [TEST_STEP][PASSED] - if (i > -1): null

25-11-2024T07:55:50 - [TEST_STEP][PASSED] - println(b): null

25-11-2024T07:55:50 - [TEST_STEP][PASSED] - for ([planFact = 1, planFact < 3, (planFact++)]): Object: 'Object Repository/Выполнение бизнес-плана/Кнопка Факт' is clicked on

25-11-2024T07:55:50 - [TEST_STEP][PASSED] - if (planFact == 1): null

25-11-2024T07:55:50 - [TEST_STEP][PASSED] - typeOfDataMain = "Факт": null

25-11-2024T07:55:50 - [TEST_STEP][PASSED] - otpusk = findTestData("PlanFact").getValue(5, a): null

25-11-2024T07:55:50 - [TEST_STEP][PASSED] - poteri = findTestData("PlanFact").getValue(6, a): null

25-11-2024T07:55:50 - [TEST_STEP][PASSED] - otpusk = otpusk.replaceAll("\s+", ""): null

25-11-2024T07:55:50 - [TEST_STEP][PASSED] - poteri = poteri.replaceAll("\s+", ""): null

25-11-2024T07:55:50 - [TEST_STEP][PASSED] - typeOfData = typeOfDataMain + " Отпуск в сеть": null

25-11-2024T07:55:50 - [TEST_STEP][PASSED] - if (a == 82): null

25-11-2024T07:55:50 - [TEST_STEP][PASSED] - else if (a == 84): null

25-11-2024T07:55:50 - [TEST_STEP][PASSED] - else if (a == 52 || a == 72 || a == 28 || a == 73 || a == 77 || a == 74 || a == 65 || a == 36 || a == 44 || a == 53 || a == 80 || a == 54 || a == 1 || a == 18 || a == 59 || a == 81): null

25-11-2024T07:55:50 - [TEST_STEP][PASSED] - else: null

25-11-2024T07:55:50 - [TEST_STEP][PASSED] - path = dataFolder + typeOfData + " за отчётный период " + b: null

25-11-2024T07:55:50 - [TEST_STEP][PASSED] - println(path): null

25-11-2024T07:55:50 - [TEST_STEP][PASSED] - page = getText(findTestObject(path)): Text of object 'Object Repository/Выполнение бизнес-плана/Значения со страницы Выполнение бизнес-плана/Факт Отпуск в сеть за отчётный период Мариэнерго' is: '1 464 353'

25-11-2024T07:55:51 - [MESSAGE][PASSED] - Text of object 'Object Repository/Выполнение бизнес-плана/Значения со страницы Выполнение бизнес-плана/Факт Отпуск в сеть за отчётный период Мариэнерго' is: '1 464 353'

25-11-2024T07:55:51 - [TEST_STEP][PASSED] - page = page.replaceAll("\s+", ""): null

25-11-2024T07:55:51 - [TEST_STEP][PASSED] - fileOtpuskVSet = otpusk.toInteger(): null

25-11-2024T07:55:51 - [TEST_STEP][PASSED] - pageOtpuskVSet = page.toInteger(): null

25-11-2024T07:55:51 - [TEST_STEP][PASSED] - typeOfData = typeOfDataMain + " Потери": null

25-11-2024T07:55:51 - [TEST_STEP][PASSED] - if (a == 82): null

25-11-2024T07:55:51 - [TEST_STEP][PASSED] - else if (a == 84): null

25-11-2024T07:55:51 - [TEST_STEP][PASSED] - else if (a == 52 || a == 72 || a == 28 || a == 73 || a == 77 || a == 74 || a == 65 || a == 36 || a == 44 || a == 53 || a == 80 || a == 54 || a == 1 || a == 18 || a == 59 || a == 81): null

25-11-2024T07:55:51 - [TEST_STEP][PASSED] - else: null

25-11-2024T07:55:51 - [TEST_STEP][PASSED] - path = dataFolder + typeOfData + " за отчётный период " + b: null

25-11-2024T07:55:51 - [TEST_STEP][PASSED] - page = getText(findTestObject(path)): Text of object 'Object Repository/Выполнение бизнес-плана/Значения со страницы Выполнение бизнес-плана/Факт Потери за отчётный период Мариэнерго' is: '114 010'

25-11-2024T07:55:51 - [MESSAGE][PASSED] - Text of object 'Object Repository/Выполнение бизнес-плана/Значения со страницы Выполнение бизнес-плана/Факт Потери за отчётный период Мариэнерго' is: '114 010'

25-11-2024T07:55:51 - [TEST_STEP][PASSED] - page = page.replaceAll("\s+", ""): null

25-11-2024T07:55:51 - [TEST_STEP][PASSED] - filePoteri = poteri.toInteger(): null

25-11-2024T07:55:51 - [TEST_STEP][PASSED] - pagePoteri = page.toInteger(): null

25-11-2024T07:55:51 - [TEST_STEP][PASSED] - compare = pageOtpuskVSet: null

25-11-2024T07:55:51 - [TEST_STEP][PASSED] - if (compare == fileOtpuskVSet): null

25-11-2024T07:55:51 - [TEST_STEP][PASSED] - if (compare == fileOtpuskVSet): null

25-11-2024T07:55:51 - [TEST_STEP][PASSED] - compare = pagePoteri: null

25-11-2024T07:55:51 - [TEST_STEP][PASSED] - if (compare == filePoteri): null

25-11-2024T07:55:51 - [TEST_STEP][PASSED] - if (compare == filePoteri): null

25-11-2024T07:55:51 - [TEST_STEP][PASSED] - if (planFact == 2): null

25-11-2024T07:55:51 - [TEST_STEP][PASSED] - if (planFact == 1): null

25-11-2024T07:55:51 - [TEST_STEP][PASSED] - else if (planFact == 2): null

25-11-2024T07:55:51 - [TEST_STEP][PASSED] - click(findTestObject("Выполнение бизнес-плана/Кнопка План")): Object: 'Object Repository/Выполнение бизнес-плана/Кнопка План' is clicked on

25-11-2024T07:55:51 - [MESSAGE][PASSED] - Object: 'Object Repository/Выполнение бизнес-плана/Кнопка План' is clicked on

25-11-2024T07:55:51 - [TEST_STEP][PASSED] - typeOfDataMain = "План": null

25-11-2024T07:55:51 - [TEST_STEP][PASSED] - otpusk = findTestData("PlanFact").getValue(2, a): null

25-11-2024T07:55:51 - [TEST_STEP][PASSED] - poteri = findTestData("PlanFact").getValue(3, a): null

25-11-2024T07:55:51 - [TEST_STEP][PASSED] - otpusk = otpusk.replaceAll("\s+", ""): null

25-11-2024T07:55:51 - [TEST_STEP][PASSED] - poteri = poteri.replaceAll("\s+", ""): null

25-11-2024T07:55:51 - [TEST_STEP][PASSED] - typeOfData = typeOfDataMain + " Отпуск в сеть": null

25-11-2024T07:55:51 - [TEST_STEP][PASSED] - if (a == 82): null

25-11-2024T07:55:51 - [TEST_STEP][PASSED] - else if (a == 84): null

25-11-2024T07:55:51 - [TEST_STEP][PASSED] - else if (a == 52 || a == 72 || a == 28 || a == 73 || a == 77 || a == 74 || a == 65 || a == 36 || a == 44 || a == 53 || a == 80 || a == 54 || a == 1 || a == 18 || a == 59 || a == 81): null

25-11-2024T07:55:51 - [TEST_STEP][PASSED] - else: null

25-11-2024T07:55:51 - [TEST_STEP][PASSED] - path = dataFolder + typeOfData + " за отчётный период " + b: null

25-11-2024T07:55:51 - [TEST_STEP][PASSED] - println(path): null

25-11-2024T07:55:51 - [TEST_STEP][PASSED] - page = getText(findTestObject(path)): Text of object 'Object Repository/Выполнение бизнес-плана/Значения со страницы Выполнение бизнес-плана/План Отпуск в сеть за отчётный период Мариэнерго' is: '1 417 451'

25-11-2024T07:55:52 - [MESSAGE][PASSED] - Text of object 'Object Repository/Выполнение бизнес-плана/Значения со страницы Выполнение бизнес-плана/План Отпуск в сеть за отчётный период Мариэнерго' is: '1 417 451'

25-11-2024T07:55:52 - [TEST_STEP][PASSED] - page = page.replaceAll("\s+", ""): null

25-11-2024T07:55:52 - [TEST_STEP][PASSED] - fileOtpuskVSet = otpusk.toInteger(): null

25-11-2024T07:55:52 - [TEST_STEP][PASSED] - pageOtpuskVSet = page.toInteger(): null

25-11-2024T07:55:52 - [TEST_STEP][PASSED] - typeOfData = typeOfDataMain + " Потери": null

25-11-2024T07:55:52 - [TEST_STEP][PASSED] - if (a == 82): null

25-11-2024T07:55:52 - [TEST_STEP][PASSED] - else if (a == 84): null

25-11-2024T07:55:52 - [TEST_STEP][PASSED] - else if (a == 52 || a == 72 || a == 28 || a == 73 || a == 77 || a == 74 || a == 65 || a == 36 || a == 44 || a == 53 || a == 80 || a == 54 || a == 1 || a == 18 || a == 59 || a == 81): null

25-11-2024T07:55:52 - [TEST_STEP][PASSED] - else: null

25-11-2024T07:55:52 - [TEST_STEP][PASSED] - path = dataFolder + typeOfData + " за отчётный период " + b: null

25-11-2024T07:55:52 - [TEST_STEP][PASSED] - page = getText(findTestObject(path)): Text of object 'Object Repository/Выполнение бизнес-плана/Значения со страницы Выполнение бизнес-плана/План Потери за отчётный период Мариэнерго' is: '114 726'

25-11-2024T07:55:52 - [MESSAGE][PASSED] - Text of object 'Object Repository/Выполнение бизнес-плана/Значения со страницы Выполнение бизнес-плана/План Потери за отчётный период Мариэнерго' is: '114 726'

25-11-2024T07:55:52 - [TEST_STEP][PASSED] - page = page.replaceAll("\s+", ""): null

25-11-2024T07:55:52 - [TEST_STEP][PASSED] - filePoteri = poteri.toInteger(): null

25-11-2024T07:55:52 - [TEST_STEP][PASSED] - pagePoteri = page.toInteger(): null

25-11-2024T07:55:52 - [TEST_STEP][PASSED] - compare = pageOtpuskVSet: null

25-11-2024T07:55:52 - [TEST_STEP][PASSED] - if (compare == fileOtpuskVSet): null

25-11-2024T07:55:52 - [TEST_STEP][PASSED] - if (compare == fileOtpuskVSet): null

25-11-2024T07:55:52 - [TEST_STEP][PASSED] - compare = pagePoteri: null

25-11-2024T07:55:52 - [TEST_STEP][PASSED] - if (compare == filePoteri): null

25-11-2024T07:55:52 - [TEST_STEP][PASSED] - if (compare == filePoteri): null

25-11-2024T07:55:52 - [TEST_STEP][PASSED] - if (planFact == 2): Object: 'Object Repository/Выполнение бизнес-плана/Кнопка Факт' is clicked on

25-11-2024T07:55:52 - [TEST_STEP][PASSED] - click(findTestObject("Выполнение бизнес-плана/Кнопка Факт")): Object: 'Object Repository/Выполнение бизнес-плана/Кнопка Факт' is clicked on

25-11-2024T07:55:52 - [MESSAGE][PASSED] - Object: 'Object Repository/Выполнение бизнес-плана/Кнопка Факт' is clicked on

25-11-2024T07:55:52 - [TEST_STEP][PASSED] - if (a == 84 || a == 82): null

25-11-2024T07:55:52 - [TEST_STEP][PASSED] - else if (a == 52 || a == 72 || a == 28 || a == 73 || a == 77 || a == 74 || a == 65 || a == 36 || a == 44 || a == 53 || a == 80 || a == 54 || a == 1 || a == 18 || a == 59 || a == 81): null

25-11-2024T07:55:52 - [TEST_STEP][PASSED] - else: null

25-11-2024T07:55:52 - [TEST_STEP][PASSED] - page1 = getText(findTestObject("Object Repository/Выполнение бизнес-плана/spanPlan" + filialNum)): Text of object 'Object Repository/Выполнение бизнес-плана/spanPlan5' is: '8.09
|'

25-11-2024T07:55:53 - [MESSAGE][PASSED] - Text of object 'Object Repository/Выполнение бизнес-плана/spanPlan5' is: '8.09
|'

25-11-2024T07:55:53 - [TEST_STEP][PASSED] - page1 = page1.replace("|", ""): null

25-11-2024T07:55:53 - [TEST_STEP][PASSED] - page2 = getText(findTestObject("Object Repository/Выполнение бизнес-плана/spanFact" + filialNum)): Text of object 'Object Repository/Выполнение бизнес-плана/spanFact5' is: '7.79
|'

25-11-2024T07:55:53 - [MESSAGE][PASSED] - Text of object 'Object Repository/Выполнение бизнес-плана/spanFact5' is: '7.79
|'

25-11-2024T07:55:53 - [TEST_STEP][PASSED] - page2 = page2.replace("|", ""): null

25-11-2024T07:55:53 - [TEST_STEP][PASSED] - println("page1: " + page1): null

25-11-2024T07:55:53 - [TEST_STEP][PASSED] - println("page2: " + page2): null

25-11-2024T07:55:53 - [TEST_STEP][PASSED] - file = findTestData("PlanFact").getValue(4, a): null

25-11-2024T07:55:53 - [TEST_STEP][PASSED] - file = file.replace(",", "."): null

25-11-2024T07:55:53 - [TEST_STEP][PASSED] - println("file Plan: " + file): null

25-11-2024T07:55:53 - [TEST_STEP][PASSED] - typeOfData = "План в процентах": null

25-11-2024T07:55:53 - [TEST_STEP][PASSED] - fileDouble = file.toDouble(): null

25-11-2024T07:55:53 - [TEST_STEP][PASSED] - pageDouble = page1.toDouble(): null

25-11-2024T07:55:53 - [TEST_STEP][PASSED] - if (fileDouble != pageDouble): null

25-11-2024T07:55:53 - [TEST_STEP][PASSED] - file = findTestData("PlanFact").getValue(7, a): null

25-11-2024T07:55:53 - [TEST_STEP][PASSED] - file = file.replace(",", "."): null

25-11-2024T07:55:53 - [TEST_STEP][PASSED] - println("file Fact: " + file): null

25-11-2024T07:55:53 - [TEST_STEP][PASSED] - fileDouble = file.toDouble(): null

25-11-2024T07:55:53 - [TEST_STEP][PASSED] - typeOfData = "Факт в процентах": null

25-11-2024T07:55:53 - [TEST_STEP][PASSED] - fileDouble = file.toDouble(): null

25-11-2024T07:55:53 - [TEST_STEP][PASSED] - pageDouble = page2.toDouble(): null

25-11-2024T07:55:53 - [TEST_STEP][PASSED] - if (fileDouble != pageDouble): null

25-11-2024T07:55:53 - [TEST_STEP][PASSED] - if (verifyEqual(numberOfErrors, 0) == false): Actual object '0' and expected object '0' are equal

25-11-2024T07:55:53 - [MESSAGE][PASSED] - Actual object '0' and expected object '0' are equal

25-11-2024T07:55:53 - [TEST_STEP][PASSED] - if (a == 82): null

25-11-2024T07:55:53 - [TEST_STEP][PASSED] - dZO = "Нижновэнерго": null

25-11-2024T07:55:53 - [TEST_STEP][PASSED] - a = 24: null

25-11-2024T07:55:53 - [TEST_STEP][PASSED] - if (x2.contains(dZO)): null

25-11-2024T07:55:53 - [TEST_STEP][PASSED] - filialNum = filialNum + 1: null

25-11-2024T07:55:53 - [TEST_STEP][PASSED] - Script1718980020443.Numbers(a, typeOfData, todaysDate, pageInt, fileInt, pageDouble, fileDouble, dZO, dzoNum, filialNum): null

25-11-2024T07:55:53 - [TEST_STEP][PASSED] - println(dzoNum): null

25-11-2024T07:55:53 - [TEST_STEP][PASSED] - planFact = <not implemented yet for class: org.codehaus.groovy.ast.expr.EmptyExpression>: null

25-11-2024T07:55:53 - [TEST_STEP][PASSED] - page = <not implemented yet for class: org.codehaus.groovy.ast.expr.EmptyExpression>: null

25-11-2024T07:55:53 - [TEST_STEP][PASSED] - page1 = <not implemented yet for class: org.codehaus.groovy.ast.expr.EmptyExpression>: null

25-11-2024T07:55:53 - [TEST_STEP][PASSED] - page2 = <not implemented yet for class: org.codehaus.groovy.ast.expr.EmptyExpression>: null

25-11-2024T07:55:53 - [TEST_STEP][PASSED] - filialNumberInRow = <not implemented yet for class: org.codehaus.groovy.ast.expr.EmptyExpression>: null

25-11-2024T07:55:53 - [TEST_STEP][PASSED] - filialsDzoNames = <not implemented yet for class: org.codehaus.groovy.ast.expr.EmptyExpression>: null

25-11-2024T07:55:53 - [TEST_STEP][PASSED] - numberOfFilials = <not implemented yet for class: org.codehaus.groovy.ast.expr.EmptyExpression>: null

25-11-2024T07:55:53 - [TEST_STEP][PASSED] - numberOfSpaces = <not implemented yet for class: org.codehaus.groovy.ast.expr.EmptyExpression>: null

25-11-2024T07:55:53 - [TEST_STEP][PASSED] - file = <not implemented yet for class: org.codehaus.groovy.ast.expr.EmptyExpression>: null

25-11-2024T07:55:53 - [TEST_STEP][PASSED] - otpusk = <not implemented yet for class: org.codehaus.groovy.ast.expr.EmptyExpression>: null

25-11-2024T07:55:53 - [TEST_STEP][PASSED] - poteri = <not implemented yet for class: org.codehaus.groovy.ast.expr.EmptyExpression>: null

25-11-2024T07:55:53 - [TEST_STEP][PASSED] - dataFolder = "Выполнение бизнес-плана/Значения со страницы Выполнение бизнес-плана/": null

25-11-2024T07:55:53 - [TEST_STEP][PASSED] - path = <not implemented yet for class: org.codehaus.groovy.ast.expr.EmptyExpression>: null

25-11-2024T07:55:53 - [TEST_STEP][PASSED] - typeOfDataMain = <not implemented yet for class: org.codehaus.groovy.ast.expr.EmptyExpression>: null

25-11-2024T07:55:53 - [TEST_STEP][PASSED] - fileOtpuskVSet = <not implemented yet for class: org.codehaus.groovy.ast.expr.EmptyExpression>: null

25-11-2024T07:55:53 - [TEST_STEP][PASSED] - pageOtpuskVSet = <not implemented yet for class: org.codehaus.groovy.ast.expr.EmptyExpression>: null

25-11-2024T07:55:53 - [TEST_STEP][PASSED] - filePoteri = <not implemented yet for class: org.codehaus.groovy.ast.expr.EmptyExpression>: null

25-11-2024T07:55:53 - [TEST_STEP][PASSED] - pagePoteri = <not implemented yet for class: org.codehaus.groovy.ast.expr.EmptyExpression>: null

25-11-2024T07:55:53 - [TEST_STEP][PASSED] - compare = <not implemented yet for class: org.codehaus.groovy.ast.expr.EmptyExpression>: null

25-11-2024T07:55:53 - [TEST_STEP][PASSED] - b = <not implemented yet for class: org.codehaus.groovy.ast.expr.EmptyExpression>: null

25-11-2024T07:55:53 - [TEST_STEP][PASSED] - i = <not implemented yet for class: org.codehaus.groovy.ast.expr.EmptyExpression>: null

25-11-2024T07:55:53 - [TEST_STEP][PASSED] - ii = <not implemented yet for class: org.codehaus.groovy.ast.expr.EmptyExpression>: null

25-11-2024T07:55:53 - [TEST_STEP][PASSED] - c = <not implemented yet for class: org.codehaus.groovy.ast.expr.EmptyExpression>: null

25-11-2024T07:55:53 - [TEST_STEP][PASSED] - numberOfErrors = 0: null

25-11-2024T07:55:53 - [TEST_STEP][PASSED] - if (a == 82): null

25-11-2024T07:55:53 - [TEST_STEP][PASSED] - b = findTestData("PlanFact").getValue(1, a): null

25-11-2024T07:55:53 - [TEST_STEP][PASSED] - i = b.indexOf(" (ГК)"): null

25-11-2024T07:55:53 - [TEST_STEP][PASSED] - if (i > -1): null

25-11-2024T07:55:53 - [TEST_STEP][PASSED] - i = b.indexOf("О ""): null

25-11-2024T07:55:53 - [TEST_STEP][PASSED] - if (i > -1): null

25-11-2024T07:55:53 - [TEST_STEP][PASSED] - i = b.indexOf("О «"): null

25-11-2024T07:55:53 - [TEST_STEP][PASSED] - if (i > -1): null

25-11-2024T07:55:53 - [TEST_STEP][PASSED] - i = b.indexOf("г. "): null

25-11-2024T07:55:53 - [TEST_STEP][PASSED] - if (i > -1): null

25-11-2024T07:55:53 - [TEST_STEP][PASSED] - println(b): null

25-11-2024T07:55:53 - [TEST_STEP][PASSED] - for ([planFact = 1, planFact < 3, (planFact++)]): Object: 'Object Repository/Выполнение бизнес-плана/Кнопка Факт' is clicked on

25-11-2024T07:55:53 - [TEST_STEP][PASSED] - if (planFact == 1): null

25-11-2024T07:55:53 - [TEST_STEP][PASSED] - typeOfDataMain = "Факт": null

25-11-2024T07:55:53 - [TEST_STEP][PASSED] - otpusk = findTestData("PlanFact").getValue(5, a): null

25-11-2024T07:55:53 - [TEST_STEP][PASSED] - poteri = findTestData("PlanFact").getValue(6, a): null

25-11-2024T07:55:53 - [TEST_STEP][PASSED] - otpusk = otpusk.replaceAll("\s+", ""): null

25-11-2024T07:55:53 - [TEST_STEP][PASSED] - poteri = poteri.replaceAll("\s+", ""): null

25-11-2024T07:55:53 - [TEST_STEP][PASSED] - typeOfData = typeOfDataMain + " Отпуск в сеть": null

25-11-2024T07:55:53 - [TEST_STEP][PASSED] - if (a == 82): null

25-11-2024T07:55:53 - [TEST_STEP][PASSED] - else if (a == 84): null

25-11-2024T07:55:53 - [TEST_STEP][PASSED] - else if (a == 52 || a == 72 || a == 28 || a == 73 || a == 77 || a == 74 || a == 65 || a == 36 || a == 44 || a == 53 || a == 80 || a == 54 || a == 1 || a == 18 || a == 59 || a == 81): null

25-11-2024T07:55:53 - [TEST_STEP][PASSED] - else: null

25-11-2024T07:55:53 - [TEST_STEP][PASSED] - path = dataFolder + typeOfData + " за отчётный период " + b: null

25-11-2024T07:55:53 - [TEST_STEP][PASSED] - println(path): null

25-11-2024T07:55:53 - [TEST_STEP][PASSED] - page = getText(findTestObject(path)): Text of object 'Object Repository/Выполнение бизнес-плана/Значения со страницы Выполнение бизнес-плана/Факт Отпуск в сеть за отчётный период Нижновэнерго' is: '9 396 960'

25-11-2024T07:55:54 - [MESSAGE][PASSED] - Text of object 'Object Repository/Выполнение бизнес-плана/Значения со страницы Выполнение бизнес-плана/Факт Отпуск в сеть за отчётный период Нижновэнерго' is: '9 396 960'

25-11-2024T07:55:54 - [TEST_STEP][PASSED] - page = page.replaceAll("\s+", ""): null

25-11-2024T07:55:54 - [TEST_STEP][PASSED] - fileOtpuskVSet = otpusk.toInteger(): null

25-11-2024T07:55:54 - [TEST_STEP][PASSED] - pageOtpuskVSet = page.toInteger(): null

25-11-2024T07:55:54 - [TEST_STEP][PASSED] - typeOfData = typeOfDataMain + " Потери": null

25-11-2024T07:55:54 - [TEST_STEP][PASSED] - if (a == 82): null

25-11-2024T07:55:54 - [TEST_STEP][PASSED] - else if (a == 84): null

25-11-2024T07:55:54 - [TEST_STEP][PASSED] - else if (a == 52 || a == 72 || a == 28 || a == 73 || a == 77 || a == 74 || a == 65 || a == 36 || a == 44 || a == 53 || a == 80 || a == 54 || a == 1 || a == 18 || a == 59 || a == 81): null

25-11-2024T07:55:54 - [TEST_STEP][PASSED] - else: null

25-11-2024T07:55:54 - [TEST_STEP][PASSED] - path = dataFolder + typeOfData + " за отчётный период " + b: null

25-11-2024T07:55:54 - [TEST_STEP][PASSED] - page = getText(findTestObject(path)): Text of object 'Object Repository/Выполнение бизнес-плана/Значения со страницы Выполнение бизнес-плана/Факт Потери за отчётный период Нижновэнерго' is: '783 521'

25-11-2024T07:55:54 - [MESSAGE][PASSED] - Text of object 'Object Repository/Выполнение бизнес-плана/Значения со страницы Выполнение бизнес-плана/Факт Потери за отчётный период Нижновэнерго' is: '783 521'

25-11-2024T07:55:54 - [TEST_STEP][PASSED] - page = page.replaceAll("\s+", ""): null

25-11-2024T07:55:54 - [TEST_STEP][PASSED] - filePoteri = poteri.toInteger(): null

25-11-2024T07:55:54 - [TEST_STEP][PASSED] - pagePoteri = page.toInteger(): null

25-11-2024T07:55:54 - [TEST_STEP][PASSED] - compare = pageOtpuskVSet: null

25-11-2024T07:55:54 - [TEST_STEP][PASSED] - if (compare == fileOtpuskVSet): null

25-11-2024T07:55:54 - [TEST_STEP][PASSED] - if (compare == fileOtpuskVSet): null

25-11-2024T07:55:54 - [TEST_STEP][PASSED] - compare = pagePoteri: null

25-11-2024T07:55:54 - [TEST_STEP][PASSED] - if (compare == filePoteri): null

25-11-2024T07:55:54 - [TEST_STEP][PASSED] - if (compare == filePoteri): null

25-11-2024T07:55:54 - [TEST_STEP][PASSED] - if (planFact == 2): null

25-11-2024T07:55:54 - [TEST_STEP][PASSED] - if (planFact == 1): null

25-11-2024T07:55:54 - [TEST_STEP][PASSED] - else if (planFact == 2): null

25-11-2024T07:55:54 - [TEST_STEP][PASSED] - click(findTestObject("Выполнение бизнес-плана/Кнопка План")): Object: 'Object Repository/Выполнение бизнес-плана/Кнопка План' is clicked on

25-11-2024T07:55:54 - [MESSAGE][PASSED] - Object: 'Object Repository/Выполнение бизнес-плана/Кнопка План' is clicked on

25-11-2024T07:55:54 - [TEST_STEP][PASSED] - typeOfDataMain = "План": null

25-11-2024T07:55:54 - [TEST_STEP][PASSED] - otpusk = findTestData("PlanFact").getValue(2, a): null

25-11-2024T07:55:54 - [TEST_STEP][PASSED] - poteri = findTestData("PlanFact").getValue(3, a): null

25-11-2024T07:55:54 - [TEST_STEP][PASSED] - otpusk = otpusk.replaceAll("\s+", ""): null

25-11-2024T07:55:54 - [TEST_STEP][PASSED] - poteri = poteri.replaceAll("\s+", ""): null

25-11-2024T07:55:54 - [TEST_STEP][PASSED] - typeOfData = typeOfDataMain + " Отпуск в сеть": null

25-11-2024T07:55:54 - [TEST_STEP][PASSED] - if (a == 82): null

25-11-2024T07:55:54 - [TEST_STEP][PASSED] - else if (a == 84): null

25-11-2024T07:55:54 - [TEST_STEP][PASSED] - else if (a == 52 || a == 72 || a == 28 || a == 73 || a == 77 || a == 74 || a == 65 || a == 36 || a == 44 || a == 53 || a == 80 || a == 54 || a == 1 || a == 18 || a == 59 || a == 81): null

25-11-2024T07:55:54 - [TEST_STEP][PASSED] - else: null

25-11-2024T07:55:54 - [TEST_STEP][PASSED] - path = dataFolder + typeOfData + " за отчётный период " + b: null

25-11-2024T07:55:54 - [TEST_STEP][PASSED] - println(path): null

25-11-2024T07:55:54 - [TEST_STEP][PASSED] - page = getText(findTestObject(path)): Text of object 'Object Repository/Выполнение бизнес-плана/Значения со страницы Выполнение бизнес-плана/План Отпуск в сеть за отчётный период Нижновэнерго' is: '9 157 487'

25-11-2024T07:55:55 - [MESSAGE][PASSED] - Text of object 'Object Repository/Выполнение бизнес-плана/Значения со страницы Выполнение бизнес-плана/План Отпуск в сеть за отчётный период Нижновэнерго' is: '9 157 487'

25-11-2024T07:55:55 - [TEST_STEP][PASSED] - page = page.replaceAll("\s+", ""): null

25-11-2024T07:55:55 - [TEST_STEP][PASSED] - fileOtpuskVSet = otpusk.toInteger(): null

25-11-2024T07:55:55 - [TEST_STEP][PASSED] - pageOtpuskVSet = page.toInteger(): null

25-11-2024T07:55:55 - [TEST_STEP][PASSED] - typeOfData = typeOfDataMain + " Потери": null

25-11-2024T07:55:55 - [TEST_STEP][PASSED] - if (a == 82): null

25-11-2024T07:55:55 - [TEST_STEP][PASSED] - else if (a == 84): null

25-11-2024T07:55:55 - [TEST_STEP][PASSED] - else if (a == 52 || a == 72 || a == 28 || a == 73 || a == 77 || a == 74 || a == 65 || a == 36 || a == 44 || a == 53 || a == 80 || a == 54 || a == 1 || a == 18 || a == 59 || a == 81): null

25-11-2024T07:55:55 - [TEST_STEP][PASSED] - else: null

25-11-2024T07:55:55 - [TEST_STEP][PASSED] - path = dataFolder + typeOfData + " за отчётный период " + b: null

25-11-2024T07:55:55 - [TEST_STEP][PASSED] - page = getText(findTestObject(path)): Text of object 'Object Repository/Выполнение бизнес-плана/Значения со страницы Выполнение бизнес-плана/План Потери за отчётный период Нижновэнерго' is: '751 132'

25-11-2024T07:55:55 - [MESSAGE][PASSED] - Text of object 'Object Repository/Выполнение бизнес-плана/Значения со страницы Выполнение бизнес-плана/План Потери за отчётный период Нижновэнерго' is: '751 132'

25-11-2024T07:55:55 - [TEST_STEP][PASSED] - page = page.replaceAll("\s+", ""): null

25-11-2024T07:55:55 - [TEST_STEP][PASSED] - filePoteri = poteri.toInteger(): null

25-11-2024T07:55:55 - [TEST_STEP][PASSED] - pagePoteri = page.toInteger(): null

25-11-2024T07:55:55 - [TEST_STEP][PASSED] - compare = pageOtpuskVSet: null

25-11-2024T07:55:55 - [TEST_STEP][PASSED] - if (compare == fileOtpuskVSet): null

25-11-2024T07:55:55 - [TEST_STEP][PASSED] - if (compare == fileOtpuskVSet): null

25-11-2024T07:55:55 - [TEST_STEP][PASSED] - compare = pagePoteri: null

25-11-2024T07:55:55 - [TEST_STEP][PASSED] - if (compare == filePoteri): null

25-11-2024T07:55:55 - [TEST_STEP][PASSED] - if (compare == filePoteri): null

25-11-2024T07:55:55 - [TEST_STEP][PASSED] - if (planFact == 2): Object: 'Object Repository/Выполнение бизнес-плана/Кнопка Факт' is clicked on

25-11-2024T07:55:55 - [TEST_STEP][PASSED] - click(findTestObject("Выполнение бизнес-плана/Кнопка Факт")): Object: 'Object Repository/Выполнение бизнес-плана/Кнопка Факт' is clicked on

25-11-2024T07:55:55 - [MESSAGE][PASSED] - Object: 'Object Repository/Выполнение бизнес-плана/Кнопка Факт' is clicked on

25-11-2024T07:55:55 - [TEST_STEP][PASSED] - if (a == 84 || a == 82): null

25-11-2024T07:55:55 - [TEST_STEP][PASSED] - else if (a == 52 || a == 72 || a == 28 || a == 73 || a == 77 || a == 74 || a == 65 || a == 36 || a == 44 || a == 53 || a == 80 || a == 54 || a == 1 || a == 18 || a == 59 || a == 81): null

25-11-2024T07:55:55 - [TEST_STEP][PASSED] - else: null

25-11-2024T07:55:55 - [TEST_STEP][PASSED] - page1 = getText(findTestObject("Object Repository/Выполнение бизнес-плана/spanPlan" + filialNum)): Text of object 'Object Repository/Выполнение бизнес-плана/spanPlan6' is: '8.20
|'

25-11-2024T07:55:56 - [MESSAGE][PASSED] - Text of object 'Object Repository/Выполнение бизнес-плана/spanPlan6' is: '8.20
|'

25-11-2024T07:55:56 - [TEST_STEP][PASSED] - page1 = page1.replace("|", ""): null

25-11-2024T07:55:56 - [TEST_STEP][PASSED] - page2 = getText(findTestObject("Object Repository/Выполнение бизнес-плана/spanFact" + filialNum)): Text of object 'Object Repository/Выполнение бизнес-плана/spanFact6' is: '8.34
|'

25-11-2024T07:55:56 - [MESSAGE][PASSED] - Text of object 'Object Repository/Выполнение бизнес-плана/spanFact6' is: '8.34
|'

25-11-2024T07:55:56 - [TEST_STEP][PASSED] - page2 = page2.replace("|", ""): null

25-11-2024T07:55:56 - [TEST_STEP][PASSED] - println("page1: " + page1): null

25-11-2024T07:55:56 - [TEST_STEP][PASSED] - println("page2: " + page2): null

25-11-2024T07:55:56 - [TEST_STEP][PASSED] - file = findTestData("PlanFact").getValue(4, a): null

25-11-2024T07:55:56 - [TEST_STEP][PASSED] - file = file.replace(",", "."): null

25-11-2024T07:55:56 - [TEST_STEP][PASSED] - println("file Plan: " + file): null

25-11-2024T07:55:56 - [TEST_STEP][PASSED] - typeOfData = "План в процентах": null

25-11-2024T07:55:56 - [TEST_STEP][PASSED] - fileDouble = file.toDouble(): null

25-11-2024T07:55:56 - [TEST_STEP][PASSED] - pageDouble = page1.toDouble(): null

25-11-2024T07:55:56 - [TEST_STEP][PASSED] - if (fileDouble != pageDouble): null

25-11-2024T07:55:56 - [TEST_STEP][PASSED] - file = findTestData("PlanFact").getValue(7, a): null

25-11-2024T07:55:56 - [TEST_STEP][PASSED] - file = file.replace(",", "."): null

25-11-2024T07:55:56 - [TEST_STEP][PASSED] - println("file Fact: " + file): null

25-11-2024T07:55:56 - [TEST_STEP][PASSED] - fileDouble = file.toDouble(): null

25-11-2024T07:55:56 - [TEST_STEP][PASSED] - typeOfData = "Факт в процентах": null

25-11-2024T07:55:56 - [TEST_STEP][PASSED] - fileDouble = file.toDouble(): null

25-11-2024T07:55:56 - [TEST_STEP][PASSED] - pageDouble = page2.toDouble(): null

25-11-2024T07:55:56 - [TEST_STEP][PASSED] - if (fileDouble != pageDouble): null

25-11-2024T07:55:56 - [TEST_STEP][PASSED] - if (verifyEqual(numberOfErrors, 0) == false): Actual object '0' and expected object '0' are equal

25-11-2024T07:55:56 - [MESSAGE][PASSED] - Actual object '0' and expected object '0' are equal

25-11-2024T07:55:56 - [TEST_STEP][PASSED] - if (a == 82): null

25-11-2024T07:55:56 - [TEST_STEP][PASSED] - dZO = "Рязаньэнерго": null

25-11-2024T07:55:56 - [TEST_STEP][PASSED] - a = 25: null

25-11-2024T07:55:56 - [TEST_STEP][PASSED] - if (x2.contains(dZO)): null

25-11-2024T07:55:56 - [TEST_STEP][PASSED] - filialNum = filialNum + 1: null

25-11-2024T07:55:56 - [TEST_STEP][PASSED] - Script1718980020443.Numbers(a, typeOfData, todaysDate, pageInt, fileInt, pageDouble, fileDouble, dZO, dzoNum, filialNum): null

25-11-2024T07:55:56 - [TEST_STEP][PASSED] - println(dzoNum): null

25-11-2024T07:55:56 - [TEST_STEP][PASSED] - planFact = <not implemented yet for class: org.codehaus.groovy.ast.expr.EmptyExpression>: null

25-11-2024T07:55:56 - [TEST_STEP][PASSED] - page = <not implemented yet for class: org.codehaus.groovy.ast.expr.EmptyExpression>: null

25-11-2024T07:55:56 - [TEST_STEP][PASSED] - page1 = <not implemented yet for class: org.codehaus.groovy.ast.expr.EmptyExpression>: null

25-11-2024T07:55:56 - [TEST_STEP][PASSED] - page2 = <not implemented yet for class: org.codehaus.groovy.ast.expr.EmptyExpression>: null

25-11-2024T07:55:56 - [TEST_STEP][PASSED] - filialNumberInRow = <not implemented yet for class: org.codehaus.groovy.ast.expr.EmptyExpression>: null

25-11-2024T07:55:56 - [TEST_STEP][PASSED] - filialsDzoNames = <not implemented yet for class: org.codehaus.groovy.ast.expr.EmptyExpression>: null

25-11-2024T07:55:56 - [TEST_STEP][PASSED] - numberOfFilials = <not implemented yet for class: org.codehaus.groovy.ast.expr.EmptyExpression>: null

25-11-2024T07:55:56 - [TEST_STEP][PASSED] - numberOfSpaces = <not implemented yet for class: org.codehaus.groovy.ast.expr.EmptyExpression>: null

25-11-2024T07:55:56 - [TEST_STEP][PASSED] - file = <not implemented yet for class: org.codehaus.groovy.ast.expr.EmptyExpression>: null

25-11-2024T07:55:56 - [TEST_STEP][PASSED] - otpusk = <not implemented yet for class: org.codehaus.groovy.ast.expr.EmptyExpression>: null

25-11-2024T07:55:56 - [TEST_STEP][PASSED] - poteri = <not implemented yet for class: org.codehaus.groovy.ast.expr.EmptyExpression>: null

25-11-2024T07:55:56 - [TEST_STEP][PASSED] - dataFolder = "Выполнение бизнес-плана/Значения со страницы Выполнение бизнес-плана/": null

25-11-2024T07:55:56 - [TEST_STEP][PASSED] - path = <not implemented yet for class: org.codehaus.groovy.ast.expr.EmptyExpression>: null

25-11-2024T07:55:56 - [TEST_STEP][PASSED] - typeOfDataMain = <not implemented yet for class: org.codehaus.groovy.ast.expr.EmptyExpression>: null

25-11-2024T07:55:56 - [TEST_STEP][PASSED] - fileOtpuskVSet = <not implemented yet for class: org.codehaus.groovy.ast.expr.EmptyExpression>: null

25-11-2024T07:55:56 - [TEST_STEP][PASSED] - pageOtpuskVSet = <not implemented yet for class: org.codehaus.groovy.ast.expr.EmptyExpression>: null

25-11-2024T07:55:56 - [TEST_STEP][PASSED] - filePoteri = <not implemented yet for class: org.codehaus.groovy.ast.expr.EmptyExpression>: null

25-11-2024T07:55:56 - [TEST_STEP][PASSED] - pagePoteri = <not implemented yet for class: org.codehaus.groovy.ast.expr.EmptyExpression>: null

25-11-2024T07:55:56 - [TEST_STEP][PASSED] - compare = <not implemented yet for class: org.codehaus.groovy.ast.expr.EmptyExpression>: null

25-11-2024T07:55:56 - [TEST_STEP][PASSED] - b = <not implemented yet for class: org.codehaus.groovy.ast.expr.EmptyExpression>: null

25-11-2024T07:55:56 - [TEST_STEP][PASSED] - i = <not implemented yet for class: org.codehaus.groovy.ast.expr.EmptyExpression>: null

25-11-2024T07:55:56 - [TEST_STEP][PASSED] - ii = <not implemented yet for class: org.codehaus.groovy.ast.expr.EmptyExpression>: null

25-11-2024T07:55:56 - [TEST_STEP][PASSED] - c = <not implemented yet for class: org.codehaus.groovy.ast.expr.EmptyExpression>: null

25-11-2024T07:55:56 - [TEST_STEP][PASSED] - numberOfErrors = 0: null

25-11-2024T07:55:56 - [TEST_STEP][PASSED] - if (a == 82): null

25-11-2024T07:55:56 - [TEST_STEP][PASSED] - b = findTestData("PlanFact").getValue(1, a): null

25-11-2024T07:55:56 - [TEST_STEP][PASSED] - i = b.indexOf(" (ГК)"): null

25-11-2024T07:55:56 - [TEST_STEP][PASSED] - if (i > -1): null

25-11-2024T07:55:56 - [TEST_STEP][PASSED] - i = b.indexOf("О ""): null

25-11-2024T07:55:56 - [TEST_STEP][PASSED] - if (i > -1): null

25-11-2024T07:55:56 - [TEST_STEP][PASSED] - i = b.indexOf("О «"): null

25-11-2024T07:55:56 - [TEST_STEP][PASSED] - if (i > -1): null

25-11-2024T07:55:56 - [TEST_STEP][PASSED] - i = b.indexOf("г. "): null

25-11-2024T07:55:56 - [TEST_STEP][PASSED] - if (i > -1): null

25-11-2024T07:55:56 - [TEST_STEP][PASSED] - println(b): null

25-11-2024T07:55:56 - [TEST_STEP][PASSED] - for ([planFact = 1, planFact < 3, (planFact++)]): Object: 'Object Repository/Выполнение бизнес-плана/Кнопка Факт' is clicked on

25-11-2024T07:55:56 - [TEST_STEP][PASSED] - if (planFact == 1): null

25-11-2024T07:55:56 - [TEST_STEP][PASSED] - typeOfDataMain = "Факт": null

25-11-2024T07:55:56 - [TEST_STEP][PASSED] - otpusk = findTestData("PlanFact").getValue(5, a): null

25-11-2024T07:55:56 - [TEST_STEP][PASSED] - poteri = findTestData("PlanFact").getValue(6, a): null

25-11-2024T07:55:56 - [TEST_STEP][PASSED] - otpusk = otpusk.replaceAll("\s+", ""): null

25-11-2024T07:55:56 - [TEST_STEP][PASSED] - poteri = poteri.replaceAll("\s+", ""): null

25-11-2024T07:55:56 - [TEST_STEP][PASSED] - typeOfData = typeOfDataMain + " Отпуск в сеть": null

25-11-2024T07:55:56 - [TEST_STEP][PASSED] - if (a == 82): null

25-11-2024T07:55:56 - [TEST_STEP][PASSED] - else if (a == 84): null

25-11-2024T07:55:56 - [TEST_STEP][PASSED] - else if (a == 52 || a == 72 || a == 28 || a == 73 || a == 77 || a == 74 || a == 65 || a == 36 || a == 44 || a == 53 || a == 80 || a == 54 || a == 1 || a == 18 || a == 59 || a == 81): null

25-11-2024T07:55:56 - [TEST_STEP][PASSED] - else: null

25-11-2024T07:55:56 - [TEST_STEP][PASSED] - path = dataFolder + typeOfData + " за отчётный период " + b: null

25-11-2024T07:55:56 - [TEST_STEP][PASSED] - println(path): null

25-11-2024T07:55:56 - [TEST_STEP][PASSED] - page = getText(findTestObject(path)): Text of object 'Object Repository/Выполнение бизнес-плана/Значения со страницы Выполнение бизнес-плана/Факт Отпуск в сеть за отчётный период Рязаньэнерго' is: '4 163 601'

25-11-2024T07:55:57 - [MESSAGE][PASSED] - Text of object 'Object Repository/Выполнение бизнес-плана/Значения со страницы Выполнение бизнес-плана/Факт Отпуск в сеть за отчётный период Рязаньэнерго' is: '4 163 601'

25-11-2024T07:55:57 - [TEST_STEP][PASSED] - page = page.replaceAll("\s+", ""): null

25-11-2024T07:55:57 - [TEST_STEP][PASSED] - fileOtpuskVSet = otpusk.toInteger(): null

25-11-2024T07:55:57 - [TEST_STEP][PASSED] - pageOtpuskVSet = page.toInteger(): null

25-11-2024T07:55:57 - [TEST_STEP][PASSED] - typeOfData = typeOfDataMain + " Потери": null

25-11-2024T07:55:57 - [TEST_STEP][PASSED] - if (a == 82): null

25-11-2024T07:55:57 - [TEST_STEP][PASSED] - else if (a == 84): null

25-11-2024T07:55:57 - [TEST_STEP][PASSED] - else if (a == 52 || a == 72 || a == 28 || a == 73 || a == 77 || a == 74 || a == 65 || a == 36 || a == 44 || a == 53 || a == 80 || a == 54 || a == 1 || a == 18 || a == 59 || a == 81): null

25-11-2024T07:55:57 - [TEST_STEP][PASSED] - else: null

25-11-2024T07:55:57 - [TEST_STEP][PASSED] - path = dataFolder + typeOfData + " за отчётный период " + b: null

25-11-2024T07:55:57 - [TEST_STEP][PASSED] - page = getText(findTestObject(path)): Text of object 'Object Repository/Выполнение бизнес-плана/Значения со страницы Выполнение бизнес-плана/Факт Потери за отчётный период Рязаньэнерго' is: '185 955'

25-11-2024T07:55:57 - [MESSAGE][PASSED] - Text of object 'Object Repository/Выполнение бизнес-плана/Значения со страницы Выполнение бизнес-плана/Факт Потери за отчётный период Рязаньэнерго' is: '185 955'

25-11-2024T07:55:57 - [TEST_STEP][PASSED] - page = page.replaceAll("\s+", ""): null

25-11-2024T07:55:57 - [TEST_STEP][PASSED] - filePoteri = poteri.toInteger(): null

25-11-2024T07:55:57 - [TEST_STEP][PASSED] - pagePoteri = page.toInteger(): null

25-11-2024T07:55:57 - [TEST_STEP][PASSED] - compare = pageOtpuskVSet: null

25-11-2024T07:55:57 - [TEST_STEP][PASSED] - if (compare == fileOtpuskVSet): null

25-11-2024T07:55:57 - [TEST_STEP][PASSED] - if (compare == fileOtpuskVSet): null

25-11-2024T07:55:57 - [TEST_STEP][PASSED] - compare = pagePoteri: null

25-11-2024T07:55:57 - [TEST_STEP][PASSED] - if (compare == filePoteri): null

25-11-2024T07:55:57 - [TEST_STEP][PASSED] - if (compare == filePoteri): null

25-11-2024T07:55:57 - [TEST_STEP][PASSED] - if (planFact == 2): null

25-11-2024T07:55:57 - [TEST_STEP][PASSED] - if (planFact == 1): null

25-11-2024T07:55:57 - [TEST_STEP][PASSED] - else if (planFact == 2): null

25-11-2024T07:55:57 - [TEST_STEP][PASSED] - click(findTestObject("Выполнение бизнес-плана/Кнопка План")): Object: 'Object Repository/Выполнение бизнес-плана/Кнопка План' is clicked on

25-11-2024T07:55:57 - [MESSAGE][PASSED] - Object: 'Object Repository/Выполнение бизнес-плана/Кнопка План' is clicked on

25-11-2024T07:55:57 - [TEST_STEP][PASSED] - typeOfDataMain = "План": null

25-11-2024T07:55:57 - [TEST_STEP][PASSED] - otpusk = findTestData("PlanFact").getValue(2, a): null

25-11-2024T07:55:57 - [TEST_STEP][PASSED] - poteri = findTestData("PlanFact").getValue(3, a): null

25-11-2024T07:55:57 - [TEST_STEP][PASSED] - otpusk = otpusk.replaceAll("\s+", ""): null

25-11-2024T07:55:57 - [TEST_STEP][PASSED] - poteri = poteri.replaceAll("\s+", ""): null

25-11-2024T07:55:57 - [TEST_STEP][PASSED] - typeOfData = typeOfDataMain + " Отпуск в сеть": null

25-11-2024T07:55:57 - [TEST_STEP][PASSED] - if (a == 82): null

25-11-2024T07:55:57 - [TEST_STEP][PASSED] - else if (a == 84): null

25-11-2024T07:55:57 - [TEST_STEP][PASSED] - else if (a == 52 || a == 72 || a == 28 || a == 73 || a == 77 || a == 74 || a == 65 || a == 36 || a == 44 || a == 53 || a == 80 || a == 54 || a == 1 || a == 18 || a == 59 || a == 81): null

25-11-2024T07:55:57 - [TEST_STEP][PASSED] - else: null

25-11-2024T07:55:57 - [TEST_STEP][PASSED] - path = dataFolder + typeOfData + " за отчётный период " + b: null

25-11-2024T07:55:57 - [TEST_STEP][PASSED] - println(path): null

25-11-2024T07:55:57 - [TEST_STEP][PASSED] - page = getText(findTestObject(path)): Text of object 'Object Repository/Выполнение бизнес-плана/Значения со страницы Выполнение бизнес-плана/План Отпуск в сеть за отчётный период Рязаньэнерго' is: '4 037 286'

25-11-2024T07:55:58 - [MESSAGE][PASSED] - Text of object 'Object Repository/Выполнение бизнес-плана/Значения со страницы Выполнение бизнес-плана/План Отпуск в сеть за отчётный период Рязаньэнерго' is: '4 037 286'

25-11-2024T07:55:58 - [TEST_STEP][PASSED] - page = page.replaceAll("\s+", ""): null

25-11-2024T07:55:58 - [TEST_STEP][PASSED] - fileOtpuskVSet = otpusk.toInteger(): null

25-11-2024T07:55:58 - [TEST_STEP][PASSED] - pageOtpuskVSet = page.toInteger(): null

25-11-2024T07:55:58 - [TEST_STEP][PASSED] - typeOfData = typeOfDataMain + " Потери": null

25-11-2024T07:55:58 - [TEST_STEP][PASSED] - if (a == 82): null

25-11-2024T07:55:58 - [TEST_STEP][PASSED] - else if (a == 84): null

25-11-2024T07:55:58 - [TEST_STEP][PASSED] - else if (a == 52 || a == 72 || a == 28 || a == 73 || a == 77 || a == 74 || a == 65 || a == 36 || a == 44 || a == 53 || a == 80 || a == 54 || a == 1 || a == 18 || a == 59 || a == 81): null

25-11-2024T07:55:58 - [TEST_STEP][PASSED] - else: null

25-11-2024T07:55:58 - [TEST_STEP][PASSED] - path = dataFolder + typeOfData + " за отчётный период " + b: null

25-11-2024T07:55:58 - [TEST_STEP][PASSED] - page = getText(findTestObject(path)): Text of object 'Object Repository/Выполнение бизнес-плана/Значения со страницы Выполнение бизнес-плана/План Потери за отчётный период Рязаньэнерго' is: '180 720'

25-11-2024T07:55:58 - [MESSAGE][PASSED] - Text of object 'Object Repository/Выполнение бизнес-плана/Значения со страницы Выполнение бизнес-плана/План Потери за отчётный период Рязаньэнерго' is: '180 720'

25-11-2024T07:55:58 - [TEST_STEP][PASSED] - page = page.replaceAll("\s+", ""): null

25-11-2024T07:55:58 - [TEST_STEP][PASSED] - filePoteri = poteri.toInteger(): null

25-11-2024T07:55:58 - [TEST_STEP][PASSED] - pagePoteri = page.toInteger(): null

25-11-2024T07:55:58 - [TEST_STEP][PASSED] - compare = pageOtpuskVSet: null

25-11-2024T07:55:58 - [TEST_STEP][PASSED] - if (compare == fileOtpuskVSet): null

25-11-2024T07:55:58 - [TEST_STEP][PASSED] - if (compare == fileOtpuskVSet): null

25-11-2024T07:55:58 - [TEST_STEP][PASSED] - compare = pagePoteri: null

25-11-2024T07:55:58 - [TEST_STEP][PASSED] - if (compare == filePoteri): null

25-11-2024T07:55:58 - [TEST_STEP][PASSED] - if (compare == filePoteri): null

25-11-2024T07:55:58 - [TEST_STEP][PASSED] - if (planFact == 2): Object: 'Object Repository/Выполнение бизнес-плана/Кнопка Факт' is clicked on

25-11-2024T07:55:58 - [TEST_STEP][PASSED] - click(findTestObject("Выполнение бизнес-плана/Кнопка Факт")): Object: 'Object Repository/Выполнение бизнес-плана/Кнопка Факт' is clicked on

25-11-2024T07:55:58 - [MESSAGE][PASSED] - Object: 'Object Repository/Выполнение бизнес-плана/Кнопка Факт' is clicked on

25-11-2024T07:55:58 - [TEST_STEP][PASSED] - if (a == 84 || a == 82): null

25-11-2024T07:55:58 - [TEST_STEP][PASSED] - else if (a == 52 || a == 72 || a == 28 || a == 73 || a == 77 || a == 74 || a == 65 || a == 36 || a == 44 || a == 53 || a == 80 || a == 54 || a == 1 || a == 18 || a == 59 || a == 81): null

25-11-2024T07:55:58 - [TEST_STEP][PASSED] - else: null

25-11-2024T07:55:58 - [TEST_STEP][PASSED] - page1 = getText(findTestObject("Object Repository/Выполнение бизнес-плана/spanPlan" + filialNum)): Text of object 'Object Repository/Выполнение бизнес-плана/spanPlan7' is: '4.48
|'

25-11-2024T07:55:59 - [MESSAGE][PASSED] - Text of object 'Object Repository/Выполнение бизнес-плана/spanPlan7' is: '4.48
|'

25-11-2024T07:55:59 - [TEST_STEP][PASSED] - page1 = page1.replace("|", ""): null

25-11-2024T07:55:59 - [TEST_STEP][PASSED] - page2 = getText(findTestObject("Object Repository/Выполнение бизнес-плана/spanFact" + filialNum)): Text of object 'Object Repository/Выполнение бизнес-плана/spanFact7' is: '4.47
|'

25-11-2024T07:55:59 - [MESSAGE][PASSED] - Text of object 'Object Repository/Выполнение бизнес-плана/spanFact7' is: '4.47
|'

25-11-2024T07:55:59 - [TEST_STEP][PASSED] - page2 = page2.replace("|", ""): null

25-11-2024T07:55:59 - [TEST_STEP][PASSED] - println("page1: " + page1): null

25-11-2024T07:55:59 - [TEST_STEP][PASSED] - println("page2: " + page2): null

25-11-2024T07:55:59 - [TEST_STEP][PASSED] - file = findTestData("PlanFact").getValue(4, a): null

25-11-2024T07:55:59 - [TEST_STEP][PASSED] - file = file.replace(",", "."): null

25-11-2024T07:55:59 - [TEST_STEP][PASSED] - println("file Plan: " + file): null

25-11-2024T07:55:59 - [TEST_STEP][PASSED] - typeOfData = "План в процентах": null

25-11-2024T07:55:59 - [TEST_STEP][PASSED] - fileDouble = file.toDouble(): null

25-11-2024T07:55:59 - [TEST_STEP][PASSED] - pageDouble = page1.toDouble(): null

25-11-2024T07:55:59 - [TEST_STEP][PASSED] - if (fileDouble != pageDouble): null

25-11-2024T07:55:59 - [TEST_STEP][PASSED] - file = findTestData("PlanFact").getValue(7, a): null

25-11-2024T07:55:59 - [TEST_STEP][PASSED] - file = file.replace(",", "."): null

25-11-2024T07:55:59 - [TEST_STEP][PASSED] - println("file Fact: " + file): null

25-11-2024T07:55:59 - [TEST_STEP][PASSED] - fileDouble = file.toDouble(): null

25-11-2024T07:55:59 - [TEST_STEP][PASSED] - typeOfData = "Факт в процентах": null

25-11-2024T07:55:59 - [TEST_STEP][PASSED] - fileDouble = file.toDouble(): null

25-11-2024T07:55:59 - [TEST_STEP][PASSED] - pageDouble = page2.toDouble(): null

25-11-2024T07:55:59 - [TEST_STEP][PASSED] - if (fileDouble != pageDouble): null

25-11-2024T07:55:59 - [TEST_STEP][PASSED] - if (verifyEqual(numberOfErrors, 0) == false): Actual object '0' and expected object '0' are equal

25-11-2024T07:55:59 - [MESSAGE][PASSED] - Actual object '0' and expected object '0' are equal

25-11-2024T07:55:59 - [TEST_STEP][PASSED] - if (a == 82): null

25-11-2024T07:55:59 - [TEST_STEP][PASSED] - dZO = "Тулэнерго": null

25-11-2024T07:55:59 - [TEST_STEP][PASSED] - a = 26: null

25-11-2024T07:55:59 - [TEST_STEP][PASSED] - if (x2.contains(dZO)): null

25-11-2024T07:55:59 - [TEST_STEP][PASSED] - filialNum = filialNum + 1: null

25-11-2024T07:55:59 - [TEST_STEP][PASSED] - Script1718980020443.Numbers(a, typeOfData, todaysDate, pageInt, fileInt, pageDouble, fileDouble, dZO, dzoNum, filialNum): null

25-11-2024T07:55:59 - [TEST_STEP][PASSED] - println(dzoNum): null

25-11-2024T07:55:59 - [TEST_STEP][PASSED] - planFact = <not implemented yet for class: org.codehaus.groovy.ast.expr.EmptyExpression>: null

25-11-2024T07:55:59 - [TEST_STEP][PASSED] - page = <not implemented yet for class: org.codehaus.groovy.ast.expr.EmptyExpression>: null

25-11-2024T07:55:59 - [TEST_STEP][PASSED] - page1 = <not implemented yet for class: org.codehaus.groovy.ast.expr.EmptyExpression>: null

25-11-2024T07:55:59 - [TEST_STEP][PASSED] - page2 = <not implemented yet for class: org.codehaus.groovy.ast.expr.EmptyExpression>: null

25-11-2024T07:55:59 - [TEST_STEP][PASSED] - filialNumberInRow = <not implemented yet for class: org.codehaus.groovy.ast.expr.EmptyExpression>: null

25-11-2024T07:55:59 - [TEST_STEP][PASSED] - filialsDzoNames = <not implemented yet for class: org.codehaus.groovy.ast.expr.EmptyExpression>: null

25-11-2024T07:55:59 - [TEST_STEP][PASSED] - numberOfFilials = <not implemented yet for class: org.codehaus.groovy.ast.expr.EmptyExpression>: null

25-11-2024T07:55:59 - [TEST_STEP][PASSED] - numberOfSpaces = <not implemented yet for class: org.codehaus.groovy.ast.expr.EmptyExpression>: null

25-11-2024T07:55:59 - [TEST_STEP][PASSED] - file = <not implemented yet for class: org.codehaus.groovy.ast.expr.EmptyExpression>: null

25-11-2024T07:55:59 - [TEST_STEP][PASSED] - otpusk = <not implemented yet for class: org.codehaus.groovy.ast.expr.EmptyExpression>: null

25-11-2024T07:55:59 - [TEST_STEP][PASSED] - poteri = <not implemented yet for class: org.codehaus.groovy.ast.expr.EmptyExpression>: null

25-11-2024T07:55:59 - [TEST_STEP][PASSED] - dataFolder = "Выполнение бизнес-плана/Значения со страницы Выполнение бизнес-плана/": null

25-11-2024T07:55:59 - [TEST_STEP][PASSED] - path = <not implemented yet for class: org.codehaus.groovy.ast.expr.EmptyExpression>: null

25-11-2024T07:55:59 - [TEST_STEP][PASSED] - typeOfDataMain = <not implemented yet for class: org.codehaus.groovy.ast.expr.EmptyExpression>: null

25-11-2024T07:55:59 - [TEST_STEP][PASSED] - fileOtpuskVSet = <not implemented yet for class: org.codehaus.groovy.ast.expr.EmptyExpression>: null

25-11-2024T07:55:59 - [TEST_STEP][PASSED] - pageOtpuskVSet = <not implemented yet for class: org.codehaus.groovy.ast.expr.EmptyExpression>: null

25-11-2024T07:55:59 - [TEST_STEP][PASSED] - filePoteri = <not implemented yet for class: org.codehaus.groovy.ast.expr.EmptyExpression>: null

25-11-2024T07:55:59 - [TEST_STEP][PASSED] - pagePoteri = <not implemented yet for class: org.codehaus.groovy.ast.expr.EmptyExpression>: null

25-11-2024T07:55:59 - [TEST_STEP][PASSED] - compare = <not implemented yet for class: org.codehaus.groovy.ast.expr.EmptyExpression>: null

25-11-2024T07:55:59 - [TEST_STEP][PASSED] - b = <not implemented yet for class: org.codehaus.groovy.ast.expr.EmptyExpression>: null

25-11-2024T07:55:59 - [TEST_STEP][PASSED] - i = <not implemented yet for class: org.codehaus.groovy.ast.expr.EmptyExpression>: null

25-11-2024T07:55:59 - [TEST_STEP][PASSED] - ii = <not implemented yet for class: org.codehaus.groovy.ast.expr.EmptyExpression>: null

25-11-2024T07:55:59 - [TEST_STEP][PASSED] - c = <not implemented yet for class: org.codehaus.groovy.ast.expr.EmptyExpression>: null

25-11-2024T07:55:59 - [TEST_STEP][PASSED] - numberOfErrors = 0: null

25-11-2024T07:55:59 - [TEST_STEP][PASSED] - if (a == 82): null

25-11-2024T07:55:59 - [TEST_STEP][PASSED] - b = findTestData("PlanFact").getValue(1, a): null

25-11-2024T07:55:59 - [TEST_STEP][PASSED] - i = b.indexOf(" (ГК)"): null

25-11-2024T07:55:59 - [TEST_STEP][PASSED] - if (i > -1): null

25-11-2024T07:55:59 - [TEST_STEP][PASSED] - i = b.indexOf("О ""): null

25-11-2024T07:55:59 - [TEST_STEP][PASSED] - if (i > -1): null

25-11-2024T07:55:59 - [TEST_STEP][PASSED] - i = b.indexOf("О «"): null

25-11-2024T07:55:59 - [TEST_STEP][PASSED] - if (i > -1): null

25-11-2024T07:55:59 - [TEST_STEP][PASSED] - i = b.indexOf("г. "): null

25-11-2024T07:55:59 - [TEST_STEP][PASSED] - if (i > -1): null

25-11-2024T07:55:59 - [TEST_STEP][PASSED] - println(b): null

25-11-2024T07:55:59 - [TEST_STEP][PASSED] - for ([planFact = 1, planFact < 3, (planFact++)]): Object: 'Object Repository/Выполнение бизнес-плана/Кнопка Факт' is clicked on

25-11-2024T07:55:59 - [TEST_STEP][PASSED] - if (planFact == 1): null

25-11-2024T07:55:59 - [TEST_STEP][PASSED] - typeOfDataMain = "Факт": null

25-11-2024T07:55:59 - [TEST_STEP][PASSED] - otpusk = findTestData("PlanFact").getValue(5, a): null

25-11-2024T07:55:59 - [TEST_STEP][PASSED] - poteri = findTestData("PlanFact").getValue(6, a): null

25-11-2024T07:55:59 - [TEST_STEP][PASSED] - otpusk = otpusk.replaceAll("\s+", ""): null

25-11-2024T07:55:59 - [TEST_STEP][PASSED] - poteri = poteri.replaceAll("\s+", ""): null

25-11-2024T07:55:59 - [TEST_STEP][PASSED] - typeOfData = typeOfDataMain + " Отпуск в сеть": null

25-11-2024T07:55:59 - [TEST_STEP][PASSED] - if (a == 82): null

25-11-2024T07:55:59 - [TEST_STEP][PASSED] - else if (a == 84): null

25-11-2024T07:55:59 - [TEST_STEP][PASSED] - else if (a == 52 || a == 72 || a == 28 || a == 73 || a == 77 || a == 74 || a == 65 || a == 36 || a == 44 || a == 53 || a == 80 || a == 54 || a == 1 || a == 18 || a == 59 || a == 81): null

25-11-2024T07:55:59 - [TEST_STEP][PASSED] - else: null

25-11-2024T07:55:59 - [TEST_STEP][PASSED] - path = dataFolder + typeOfData + " за отчётный период " + b: null

25-11-2024T07:55:59 - [TEST_STEP][PASSED] - println(path): null

25-11-2024T07:55:59 - [TEST_STEP][PASSED] - page = getText(findTestObject(path)): Text of object 'Object Repository/Выполнение бизнес-плана/Значения со страницы Выполнение бизнес-плана/Факт Отпуск в сеть за отчётный период Тулэнерго' is: '4 849 854'

25-11-2024T07:56:00 - [MESSAGE][PASSED] - Text of object 'Object Repository/Выполнение бизнес-плана/Значения со страницы Выполнение бизнес-плана/Факт Отпуск в сеть за отчётный период Тулэнерго' is: '4 849 854'

25-11-2024T07:56:00 - [TEST_STEP][PASSED] - page = page.replaceAll("\s+", ""): null

25-11-2024T07:56:00 - [TEST_STEP][PASSED] - fileOtpuskVSet = otpusk.toInteger(): null

25-11-2024T07:56:00 - [TEST_STEP][PASSED] - pageOtpuskVSet = page.toInteger(): null

25-11-2024T07:56:00 - [TEST_STEP][PASSED] - typeOfData = typeOfDataMain + " Потери": null

25-11-2024T07:56:00 - [TEST_STEP][PASSED] - if (a == 82): null

25-11-2024T07:56:00 - [TEST_STEP][PASSED] - else if (a == 84): null

25-11-2024T07:56:00 - [TEST_STEP][PASSED] - else if (a == 52 || a == 72 || a == 28 || a == 73 || a == 77 || a == 74 || a == 65 || a == 36 || a == 44 || a == 53 || a == 80 || a == 54 || a == 1 || a == 18 || a == 59 || a == 81): null

25-11-2024T07:56:00 - [TEST_STEP][PASSED] - else: null

25-11-2024T07:56:00 - [TEST_STEP][PASSED] - path = dataFolder + typeOfData + " за отчётный период " + b: null

25-11-2024T07:56:00 - [TEST_STEP][PASSED] - page = getText(findTestObject(path)): Text of object 'Object Repository/Выполнение бизнес-плана/Значения со страницы Выполнение бизнес-плана/Факт Потери за отчётный период Тулэнерго' is: '347 918'

25-11-2024T07:56:00 - [MESSAGE][PASSED] - Text of object 'Object Repository/Выполнение бизнес-плана/Значения со страницы Выполнение бизнес-плана/Факт Потери за отчётный период Тулэнерго' is: '347 918'

25-11-2024T07:56:00 - [TEST_STEP][PASSED] - page = page.replaceAll("\s+", ""): null

25-11-2024T07:56:00 - [TEST_STEP][PASSED] - filePoteri = poteri.toInteger(): null

25-11-2024T07:56:00 - [TEST_STEP][PASSED] - pagePoteri = page.toInteger(): null

25-11-2024T07:56:00 - [TEST_STEP][PASSED] - compare = pageOtpuskVSet: null

25-11-2024T07:56:00 - [TEST_STEP][PASSED] - if (compare == fileOtpuskVSet): null

25-11-2024T07:56:00 - [TEST_STEP][PASSED] - if (compare == fileOtpuskVSet): null

25-11-2024T07:56:00 - [TEST_STEP][PASSED] - compare = pagePoteri: null

25-11-2024T07:56:00 - [TEST_STEP][PASSED] - if (compare == filePoteri): null

25-11-2024T07:56:00 - [TEST_STEP][PASSED] - if (compare == filePoteri): null

25-11-2024T07:56:00 - [TEST_STEP][PASSED] - if (planFact == 2): null

25-11-2024T07:56:00 - [TEST_STEP][PASSED] - if (planFact == 1): null

25-11-2024T07:56:00 - [TEST_STEP][PASSED] - else if (planFact == 2): null

25-11-2024T07:56:00 - [TEST_STEP][PASSED] - click(findTestObject("Выполнение бизнес-плана/Кнопка План")): Object: 'Object Repository/Выполнение бизнес-плана/Кнопка План' is clicked on

25-11-2024T07:56:00 - [MESSAGE][PASSED] - Object: 'Object Repository/Выполнение бизнес-плана/Кнопка План' is clicked on

25-11-2024T07:56:00 - [TEST_STEP][PASSED] - typeOfDataMain = "План": null

25-11-2024T07:56:00 - [TEST_STEP][PASSED] - otpusk = findTestData("PlanFact").getValue(2, a): null

25-11-2024T07:56:00 - [TEST_STEP][PASSED] - poteri = findTestData("PlanFact").getValue(3, a): null

25-11-2024T07:56:00 - [TEST_STEP][PASSED] - otpusk = otpusk.replaceAll("\s+", ""): null

25-11-2024T07:56:00 - [TEST_STEP][PASSED] - poteri = poteri.replaceAll("\s+", ""): null

25-11-2024T07:56:00 - [TEST_STEP][PASSED] - typeOfData = typeOfDataMain + " Отпуск в сеть": null

25-11-2024T07:56:00 - [TEST_STEP][PASSED] - if (a == 82): null

25-11-2024T07:56:00 - [TEST_STEP][PASSED] - else if (a == 84): null

25-11-2024T07:56:00 - [TEST_STEP][PASSED] - else if (a == 52 || a == 72 || a == 28 || a == 73 || a == 77 || a == 74 || a == 65 || a == 36 || a == 44 || a == 53 || a == 80 || a == 54 || a == 1 || a == 18 || a == 59 || a == 81): null

25-11-2024T07:56:00 - [TEST_STEP][PASSED] - else: null

25-11-2024T07:56:00 - [TEST_STEP][PASSED] - path = dataFolder + typeOfData + " за отчётный период " + b: null

25-11-2024T07:56:00 - [TEST_STEP][PASSED] - println(path): null

25-11-2024T07:56:00 - [TEST_STEP][PASSED] - page = getText(findTestObject(path)): Text of object 'Object Repository/Выполнение бизнес-плана/Значения со страницы Выполнение бизнес-плана/План Отпуск в сеть за отчётный период Тулэнерго' is: '4 646 129'

25-11-2024T07:56:01 - [MESSAGE][PASSED] - Text of object 'Object Repository/Выполнение бизнес-плана/Значения со страницы Выполнение бизнес-плана/План Отпуск в сеть за отчётный период Тулэнерго' is: '4 646 129'

25-11-2024T07:56:01 - [TEST_STEP][PASSED] - page = page.replaceAll("\s+", ""): null

25-11-2024T07:56:01 - [TEST_STEP][PASSED] - fileOtpuskVSet = otpusk.toInteger(): null

25-11-2024T07:56:01 - [TEST_STEP][PASSED] - pageOtpuskVSet = page.toInteger(): null

25-11-2024T07:56:01 - [TEST_STEP][PASSED] - typeOfData = typeOfDataMain + " Потери": null

25-11-2024T07:56:01 - [TEST_STEP][PASSED] - if (a == 82): null

25-11-2024T07:56:01 - [TEST_STEP][PASSED] - else if (a == 84): null

25-11-2024T07:56:01 - [TEST_STEP][PASSED] - else if (a == 52 || a == 72 || a == 28 || a == 73 || a == 77 || a == 74 || a == 65 || a == 36 || a == 44 || a == 53 || a == 80 || a == 54 || a == 1 || a == 18 || a == 59 || a == 81): null

25-11-2024T07:56:01 - [TEST_STEP][PASSED] - else: null

25-11-2024T07:56:01 - [TEST_STEP][PASSED] - path = dataFolder + typeOfData + " за отчётный период " + b: null

25-11-2024T07:56:01 - [TEST_STEP][PASSED] - page = getText(findTestObject(path)): Text of object 'Object Repository/Выполнение бизнес-плана/Значения со страницы Выполнение бизнес-плана/План Потери за отчётный период Тулэнерго' is: '369 626'

25-11-2024T07:56:01 - [MESSAGE][PASSED] - Text of object 'Object Repository/Выполнение бизнес-плана/Значения со страницы Выполнение бизнес-плана/План Потери за отчётный период Тулэнерго' is: '369 626'

25-11-2024T07:56:01 - [TEST_STEP][PASSED] - page = page.replaceAll("\s+", ""): null

25-11-2024T07:56:01 - [TEST_STEP][PASSED] - filePoteri = poteri.toInteger(): null

25-11-2024T07:56:01 - [TEST_STEP][PASSED] - pagePoteri = page.toInteger(): null

25-11-2024T07:56:01 - [TEST_STEP][PASSED] - compare = pageOtpuskVSet: null

25-11-2024T07:56:01 - [TEST_STEP][PASSED] - if (compare == fileOtpuskVSet): null

25-11-2024T07:56:01 - [TEST_STEP][PASSED] - if (compare == fileOtpuskVSet): null

25-11-2024T07:56:01 - [TEST_STEP][PASSED] - compare = pagePoteri: null

25-11-2024T07:56:01 - [TEST_STEP][PASSED] - if (compare == filePoteri): null

25-11-2024T07:56:01 - [TEST_STEP][PASSED] - if (compare == filePoteri): null

25-11-2024T07:56:01 - [TEST_STEP][PASSED] - if (planFact == 2): Object: 'Object Repository/Выполнение бизнес-плана/Кнопка Факт' is clicked on

25-11-2024T07:56:01 - [TEST_STEP][PASSED] - click(findTestObject("Выполнение бизнес-плана/Кнопка Факт")): Object: 'Object Repository/Выполнение бизнес-плана/Кнопка Факт' is clicked on

25-11-2024T07:56:01 - [MESSAGE][PASSED] - Object: 'Object Repository/Выполнение бизнес-плана/Кнопка Факт' is clicked on

25-11-2024T07:56:01 - [TEST_STEP][PASSED] - if (a == 84 || a == 82): null

25-11-2024T07:56:01 - [TEST_STEP][PASSED] - else if (a == 52 || a == 72 || a == 28 || a == 73 || a == 77 || a == 74 || a == 65 || a == 36 || a == 44 || a == 53 || a == 80 || a == 54 || a == 1 || a == 18 || a == 59 || a == 81): null

25-11-2024T07:56:01 - [TEST_STEP][PASSED] - else: null

25-11-2024T07:56:01 - [TEST_STEP][PASSED] - page1 = getText(findTestObject("Object Repository/Выполнение бизнес-плана/spanPlan" + filialNum)): Text of object 'Object Repository/Выполнение бизнес-плана/spanPlan8' is: '7.96
|'

25-11-2024T07:56:02 - [MESSAGE][PASSED] - Text of object 'Object Repository/Выполнение бизнес-плана/spanPlan8' is: '7.96
|'

25-11-2024T07:56:02 - [TEST_STEP][PASSED] - page1 = page1.replace("|", ""): null

25-11-2024T07:56:02 - [TEST_STEP][PASSED] - page2 = getText(findTestObject("Object Repository/Выполнение бизнес-плана/spanFact" + filialNum)): Text of object 'Object Repository/Выполнение бизнес-плана/spanFact8' is: '7.17
|'

25-11-2024T07:56:02 - [MESSAGE][PASSED] - Text of object 'Object Repository/Выполнение бизнес-плана/spanFact8' is: '7.17
|'

25-11-2024T07:56:02 - [TEST_STEP][PASSED] - page2 = page2.replace("|", ""): null

25-11-2024T07:56:02 - [TEST_STEP][PASSED] - println("page1: " + page1): null

25-11-2024T07:56:02 - [TEST_STEP][PASSED] - println("page2: " + page2): null

25-11-2024T07:56:02 - [TEST_STEP][PASSED] - file = findTestData("PlanFact").getValue(4, a): null

25-11-2024T07:56:02 - [TEST_STEP][PASSED] - file = file.replace(",", "."): null

25-11-2024T07:56:02 - [TEST_STEP][PASSED] - println("file Plan: " + file): null

25-11-2024T07:56:02 - [TEST_STEP][PASSED] - typeOfData = "План в процентах": null

25-11-2024T07:56:02 - [TEST_STEP][PASSED] - fileDouble = file.toDouble(): null

25-11-2024T07:56:02 - [TEST_STEP][PASSED] - pageDouble = page1.toDouble(): null

25-11-2024T07:56:02 - [TEST_STEP][PASSED] - if (fileDouble != pageDouble): null

25-11-2024T07:56:02 - [TEST_STEP][PASSED] - file = findTestData("PlanFact").getValue(7, a): null

25-11-2024T07:56:02 - [TEST_STEP][PASSED] - file = file.replace(",", "."): null

25-11-2024T07:56:02 - [TEST_STEP][PASSED] - println("file Fact: " + file): null

25-11-2024T07:56:02 - [TEST_STEP][PASSED] - fileDouble = file.toDouble(): null

25-11-2024T07:56:02 - [TEST_STEP][PASSED] - typeOfData = "Факт в процентах": null

25-11-2024T07:56:02 - [TEST_STEP][PASSED] - fileDouble = file.toDouble(): null

25-11-2024T07:56:02 - [TEST_STEP][PASSED] - pageDouble = page2.toDouble(): null

25-11-2024T07:56:02 - [TEST_STEP][PASSED] - if (fileDouble != pageDouble): null

25-11-2024T07:56:02 - [TEST_STEP][PASSED] - if (verifyEqual(numberOfErrors, 0) == false): Actual object '0' and expected object '0' are equal

25-11-2024T07:56:02 - [MESSAGE][PASSED] - Actual object '0' and expected object '0' are equal

25-11-2024T07:56:02 - [TEST_STEP][PASSED] - if (a == 82): null

25-11-2024T07:56:02 - [TEST_STEP][PASSED] - dZO = "Удмуртэнерго": null

25-11-2024T07:56:02 - [TEST_STEP][PASSED] - a = 27: null

25-11-2024T07:56:02 - [TEST_STEP][PASSED] - if (x2.contains(dZO)): null

25-11-2024T07:56:02 - [TEST_STEP][PASSED] - filialNum = filialNum + 1: null

25-11-2024T07:56:02 - [TEST_STEP][PASSED] - Script1718980020443.Numbers(a, typeOfData, todaysDate, pageInt, fileInt, pageDouble, fileDouble, dZO, dzoNum, filialNum): null

25-11-2024T07:56:02 - [TEST_STEP][PASSED] - println(dzoNum): null

25-11-2024T07:56:02 - [TEST_STEP][PASSED] - planFact = <not implemented yet for class: org.codehaus.groovy.ast.expr.EmptyExpression>: null

25-11-2024T07:56:02 - [TEST_STEP][PASSED] - page = <not implemented yet for class: org.codehaus.groovy.ast.expr.EmptyExpression>: null

25-11-2024T07:56:02 - [TEST_STEP][PASSED] - page1 = <not implemented yet for class: org.codehaus.groovy.ast.expr.EmptyExpression>: null

25-11-2024T07:56:02 - [TEST_STEP][PASSED] - page2 = <not implemented yet for class: org.codehaus.groovy.ast.expr.EmptyExpression>: null

25-11-2024T07:56:02 - [TEST_STEP][PASSED] - filialNumberInRow = <not implemented yet for class: org.codehaus.groovy.ast.expr.EmptyExpression>: null

25-11-2024T07:56:02 - [TEST_STEP][PASSED] - filialsDzoNames = <not implemented yet for class: org.codehaus.groovy.ast.expr.EmptyExpression>: null

25-11-2024T07:56:02 - [TEST_STEP][PASSED] - numberOfFilials = <not implemented yet for class: org.codehaus.groovy.ast.expr.EmptyExpression>: null

25-11-2024T07:56:02 - [TEST_STEP][PASSED] - numberOfSpaces = <not implemented yet for class: org.codehaus.groovy.ast.expr.EmptyExpression>: null

25-11-2024T07:56:02 - [TEST_STEP][PASSED] - file = <not implemented yet for class: org.codehaus.groovy.ast.expr.EmptyExpression>: null

25-11-2024T07:56:02 - [TEST_STEP][PASSED] - otpusk = <not implemented yet for class: org.codehaus.groovy.ast.expr.EmptyExpression>: null

25-11-2024T07:56:02 - [TEST_STEP][PASSED] - poteri = <not implemented yet for class: org.codehaus.groovy.ast.expr.EmptyExpression>: null

25-11-2024T07:56:02 - [TEST_STEP][PASSED] - dataFolder = "Выполнение бизнес-плана/Значения со страницы Выполнение бизнес-плана/": null

25-11-2024T07:56:02 - [TEST_STEP][PASSED] - path = <not implemented yet for class: org.codehaus.groovy.ast.expr.EmptyExpression>: null

25-11-2024T07:56:02 - [TEST_STEP][PASSED] - typeOfDataMain = <not implemented yet for class: org.codehaus.groovy.ast.expr.EmptyExpression>: null

25-11-2024T07:56:02 - [TEST_STEP][PASSED] - fileOtpuskVSet = <not implemented yet for class: org.codehaus.groovy.ast.expr.EmptyExpression>: null

25-11-2024T07:56:02 - [TEST_STEP][PASSED] - pageOtpuskVSet = <not implemented yet for class: org.codehaus.groovy.ast.expr.EmptyExpression>: null

25-11-2024T07:56:02 - [TEST_STEP][PASSED] - filePoteri = <not implemented yet for class: org.codehaus.groovy.ast.expr.EmptyExpression>: null

25-11-2024T07:56:02 - [TEST_STEP][PASSED] - pagePoteri = <not implemented yet for class: org.codehaus.groovy.ast.expr.EmptyExpression>: null

25-11-2024T07:56:02 - [TEST_STEP][PASSED] - compare = <not implemented yet for class: org.codehaus.groovy.ast.expr.EmptyExpression>: null

25-11-2024T07:56:02 - [TEST_STEP][PASSED] - b = <not implemented yet for class: org.codehaus.groovy.ast.expr.EmptyExpression>: null

25-11-2024T07:56:02 - [TEST_STEP][PASSED] - i = <not implemented yet for class: org.codehaus.groovy.ast.expr.EmptyExpression>: null

25-11-2024T07:56:02 - [TEST_STEP][PASSED] - ii = <not implemented yet for class: org.codehaus.groovy.ast.expr.EmptyExpression>: null

25-11-2024T07:56:02 - [TEST_STEP][PASSED] - c = <not implemented yet for class: org.codehaus.groovy.ast.expr.EmptyExpression>: null

25-11-2024T07:56:02 - [TEST_STEP][PASSED] - numberOfErrors = 0: null

25-11-2024T07:56:02 - [TEST_STEP][PASSED] - if (a == 82): null

25-11-2024T07:56:02 - [TEST_STEP][PASSED] - b = findTestData("PlanFact").getValue(1, a): null

25-11-2024T07:56:02 - [TEST_STEP][PASSED] - i = b.indexOf(" (ГК)"): null

25-11-2024T07:56:02 - [TEST_STEP][PASSED] - if (i > -1): null

25-11-2024T07:56:02 - [TEST_STEP][PASSED] - i = b.indexOf("О ""): null

25-11-2024T07:56:02 - [TEST_STEP][PASSED] - if (i > -1): null

25-11-2024T07:56:02 - [TEST_STEP][PASSED] - i = b.indexOf("О «"): null

25-11-2024T07:56:02 - [TEST_STEP][PASSED] - if (i > -1): null

25-11-2024T07:56:02 - [TEST_STEP][PASSED] - i = b.indexOf("г. "): null

25-11-2024T07:56:02 - [TEST_STEP][PASSED] - if (i > -1): null

25-11-2024T07:56:02 - [TEST_STEP][PASSED] - println(b): null

25-11-2024T07:56:02 - [TEST_STEP][PASSED] - for ([planFact = 1, planFact < 3, (planFact++)]): Object: 'Object Repository/Выполнение бизнес-плана/Кнопка Факт' is clicked on

25-11-2024T07:56:02 - [TEST_STEP][PASSED] - if (planFact == 1): null

25-11-2024T07:56:02 - [TEST_STEP][PASSED] - typeOfDataMain = "Факт": null

25-11-2024T07:56:02 - [TEST_STEP][PASSED] - otpusk = findTestData("PlanFact").getValue(5, a): null

25-11-2024T07:56:02 - [TEST_STEP][PASSED] - poteri = findTestData("PlanFact").getValue(6, a): null

25-11-2024T07:56:02 - [TEST_STEP][PASSED] - otpusk = otpusk.replaceAll("\s+", ""): null

25-11-2024T07:56:02 - [TEST_STEP][PASSED] - poteri = poteri.replaceAll("\s+", ""): null

25-11-2024T07:56:02 - [TEST_STEP][PASSED] - typeOfData = typeOfDataMain + " Отпуск в сеть": null

25-11-2024T07:56:02 - [TEST_STEP][PASSED] - if (a == 82): null

25-11-2024T07:56:02 - [TEST_STEP][PASSED] - else if (a == 84): null

25-11-2024T07:56:02 - [TEST_STEP][PASSED] - else if (a == 52 || a == 72 || a == 28 || a == 73 || a == 77 || a == 74 || a == 65 || a == 36 || a == 44 || a == 53 || a == 80 || a == 54 || a == 1 || a == 18 || a == 59 || a == 81): null

25-11-2024T07:56:02 - [TEST_STEP][PASSED] - else: null

25-11-2024T07:56:02 - [TEST_STEP][PASSED] - path = dataFolder + typeOfData + " за отчётный период " + b: null

25-11-2024T07:56:02 - [TEST_STEP][PASSED] - println(path): null

25-11-2024T07:56:02 - [TEST_STEP][PASSED] - page = getText(findTestObject(path)): Text of object 'Object Repository/Выполнение бизнес-плана/Значения со страницы Выполнение бизнес-плана/Факт Отпуск в сеть за отчётный период Удмуртэнерго' is: '5 818 614'

25-11-2024T07:56:02 - [MESSAGE][PASSED] - Text of object 'Object Repository/Выполнение бизнес-плана/Значения со страницы Выполнение бизнес-плана/Факт Отпуск в сеть за отчётный период Удмуртэнерго' is: '5 818 614'

25-11-2024T07:56:02 - [TEST_STEP][PASSED] - page = page.replaceAll("\s+", ""): null

25-11-2024T07:56:02 - [TEST_STEP][PASSED] - fileOtpuskVSet = otpusk.toInteger(): null

25-11-2024T07:56:02 - [TEST_STEP][PASSED] - pageOtpuskVSet = page.toInteger(): null

25-11-2024T07:56:02 - [TEST_STEP][PASSED] - typeOfData = typeOfDataMain + " Потери": null

25-11-2024T07:56:02 - [TEST_STEP][PASSED] - if (a == 82): null

25-11-2024T07:56:02 - [TEST_STEP][PASSED] - else if (a == 84): null

25-11-2024T07:56:02 - [TEST_STEP][PASSED] - else if (a == 52 || a == 72 || a == 28 || a == 73 || a == 77 || a == 74 || a == 65 || a == 36 || a == 44 || a == 53 || a == 80 || a == 54 || a == 1 || a == 18 || a == 59 || a == 81): null

25-11-2024T07:56:02 - [TEST_STEP][PASSED] - else: null

25-11-2024T07:56:02 - [TEST_STEP][PASSED] - path = dataFolder + typeOfData + " за отчётный период " + b: null

25-11-2024T07:56:02 - [TEST_STEP][PASSED] - page = getText(findTestObject(path)): Text of object 'Object Repository/Выполнение бизнес-плана/Значения со страницы Выполнение бизнес-плана/Факт Потери за отчётный период Удмуртэнерго' is: '352 290'

25-11-2024T07:56:03 - [MESSAGE][PASSED] - Text of object 'Object Repository/Выполнение бизнес-плана/Значения со страницы Выполнение бизнес-плана/Факт Потери за отчётный период Удмуртэнерго' is: '352 290'

25-11-2024T07:56:03 - [TEST_STEP][PASSED] - page = page.replaceAll("\s+", ""): null

25-11-2024T07:56:03 - [TEST_STEP][PASSED] - filePoteri = poteri.toInteger(): null

25-11-2024T07:56:03 - [TEST_STEP][PASSED] - pagePoteri = page.toInteger(): null

25-11-2024T07:56:03 - [TEST_STEP][PASSED] - compare = pageOtpuskVSet: null

25-11-2024T07:56:03 - [TEST_STEP][PASSED] - if (compare == fileOtpuskVSet): null

25-11-2024T07:56:03 - [TEST_STEP][PASSED] - if (compare == fileOtpuskVSet): null

25-11-2024T07:56:03 - [TEST_STEP][PASSED] - compare = pagePoteri: null

25-11-2024T07:56:03 - [TEST_STEP][PASSED] - if (compare == filePoteri): null

25-11-2024T07:56:03 - [TEST_STEP][PASSED] - if (compare == filePoteri): null

25-11-2024T07:56:03 - [TEST_STEP][PASSED] - if (planFact == 2): null

25-11-2024T07:56:03 - [TEST_STEP][PASSED] - if (planFact == 1): null

25-11-2024T07:56:03 - [TEST_STEP][PASSED] - else if (planFact == 2): null

25-11-2024T07:56:03 - [TEST_STEP][PASSED] - click(findTestObject("Выполнение бизнес-плана/Кнопка План")): Object: 'Object Repository/Выполнение бизнес-плана/Кнопка План' is clicked on

25-11-2024T07:56:03 - [MESSAGE][PASSED] - Object: 'Object Repository/Выполнение бизнес-плана/Кнопка План' is clicked on

25-11-2024T07:56:03 - [TEST_STEP][PASSED] - typeOfDataMain = "План": null

25-11-2024T07:56:03 - [TEST_STEP][PASSED] - otpusk = findTestData("PlanFact").getValue(2, a): null

25-11-2024T07:56:03 - [TEST_STEP][PASSED] - poteri = findTestData("PlanFact").getValue(3, a): null

25-11-2024T07:56:03 - [TEST_STEP][PASSED] - otpusk = otpusk.replaceAll("\s+", ""): null

25-11-2024T07:56:03 - [TEST_STEP][PASSED] - poteri = poteri.replaceAll("\s+", ""): null

25-11-2024T07:56:03 - [TEST_STEP][PASSED] - typeOfData = typeOfDataMain + " Отпуск в сеть": null

25-11-2024T07:56:03 - [TEST_STEP][PASSED] - if (a == 82): null

25-11-2024T07:56:03 - [TEST_STEP][PASSED] - else if (a == 84): null

25-11-2024T07:56:03 - [TEST_STEP][PASSED] - else if (a == 52 || a == 72 || a == 28 || a == 73 || a == 77 || a == 74 || a == 65 || a == 36 || a == 44 || a == 53 || a == 80 || a == 54 || a == 1 || a == 18 || a == 59 || a == 81): null

25-11-2024T07:56:03 - [TEST_STEP][PASSED] - else: null

25-11-2024T07:56:03 - [TEST_STEP][PASSED] - path = dataFolder + typeOfData + " за отчётный период " + b: null

25-11-2024T07:56:03 - [TEST_STEP][PASSED] - println(path): null

25-11-2024T07:56:03 - [TEST_STEP][PASSED] - page = getText(findTestObject(path)): Text of object 'Object Repository/Выполнение бизнес-плана/Значения со страницы Выполнение бизнес-плана/План Отпуск в сеть за отчётный период Удмуртэнерго' is: '5 628 783'

25-11-2024T07:56:04 - [MESSAGE][PASSED] - Text of object 'Object Repository/Выполнение бизнес-плана/Значения со страницы Выполнение бизнес-плана/План Отпуск в сеть за отчётный период Удмуртэнерго' is: '5 628 783'

25-11-2024T07:56:04 - [TEST_STEP][PASSED] - page = page.replaceAll("\s+", ""): null

25-11-2024T07:56:04 - [TEST_STEP][PASSED] - fileOtpuskVSet = otpusk.toInteger(): null

25-11-2024T07:56:04 - [TEST_STEP][PASSED] - pageOtpuskVSet = page.toInteger(): null

25-11-2024T07:56:04 - [TEST_STEP][PASSED] - typeOfData = typeOfDataMain + " Потери": null

25-11-2024T07:56:04 - [TEST_STEP][PASSED] - if (a == 82): null

25-11-2024T07:56:04 - [TEST_STEP][PASSED] - else if (a == 84): null

25-11-2024T07:56:04 - [TEST_STEP][PASSED] - else if (a == 52 || a == 72 || a == 28 || a == 73 || a == 77 || a == 74 || a == 65 || a == 36 || a == 44 || a == 53 || a == 80 || a == 54 || a == 1 || a == 18 || a == 59 || a == 81): null

25-11-2024T07:56:04 - [TEST_STEP][PASSED] - else: null

25-11-2024T07:56:04 - [TEST_STEP][PASSED] - path = dataFolder + typeOfData + " за отчётный период " + b: null

25-11-2024T07:56:04 - [TEST_STEP][PASSED] - page = getText(findTestObject(path)): Text of object 'Object Repository/Выполнение бизнес-плана/Значения со страницы Выполнение бизнес-плана/План Потери за отчётный период Удмуртэнерго' is: '347 803'

25-11-2024T07:56:04 - [MESSAGE][PASSED] - Text of object 'Object Repository/Выполнение бизнес-плана/Значения со страницы Выполнение бизнес-плана/План Потери за отчётный период Удмуртэнерго' is: '347 803'

25-11-2024T07:56:04 - [TEST_STEP][PASSED] - page = page.replaceAll("\s+", ""): null

25-11-2024T07:56:04 - [TEST_STEP][PASSED] - filePoteri = poteri.toInteger(): null

25-11-2024T07:56:04 - [TEST_STEP][PASSED] - pagePoteri = page.toInteger(): null

25-11-2024T07:56:04 - [TEST_STEP][PASSED] - compare = pageOtpuskVSet: null

25-11-2024T07:56:04 - [TEST_STEP][PASSED] - if (compare == fileOtpuskVSet): null

25-11-2024T07:56:04 - [TEST_STEP][PASSED] - if (compare == fileOtpuskVSet): null

25-11-2024T07:56:04 - [TEST_STEP][PASSED] - compare = pagePoteri: null

25-11-2024T07:56:04 - [TEST_STEP][PASSED] - if (compare == filePoteri): null

25-11-2024T07:56:04 - [TEST_STEP][PASSED] - if (compare == filePoteri): null

25-11-2024T07:56:04 - [TEST_STEP][PASSED] - if (planFact == 2): Object: 'Object Repository/Выполнение бизнес-плана/Кнопка Факт' is clicked on

25-11-2024T07:56:04 - [TEST_STEP][PASSED] - click(findTestObject("Выполнение бизнес-плана/Кнопка Факт")): Object: 'Object Repository/Выполнение бизнес-плана/Кнопка Факт' is clicked on

25-11-2024T07:56:04 - [MESSAGE][PASSED] - Object: 'Object Repository/Выполнение бизнес-плана/Кнопка Факт' is clicked on

25-11-2024T07:56:04 - [TEST_STEP][PASSED] - if (a == 84 || a == 82): null

25-11-2024T07:56:04 - [TEST_STEP][PASSED] - else if (a == 52 || a == 72 || a == 28 || a == 73 || a == 77 || a == 74 || a == 65 || a == 36 || a == 44 || a == 53 || a == 80 || a == 54 || a == 1 || a == 18 || a == 59 || a == 81): null

25-11-2024T07:56:04 - [TEST_STEP][PASSED] - else: null

25-11-2024T07:56:04 - [TEST_STEP][PASSED] - page1 = getText(findTestObject("Object Repository/Выполнение бизнес-плана/spanPlan" + filialNum)): Text of object 'Object Repository/Выполнение бизнес-плана/spanPlan9' is: '6.18
|'

25-11-2024T07:56:04 - [MESSAGE][PASSED] - Text of object 'Object Repository/Выполнение бизнес-плана/spanPlan9' is: '6.18
|'

25-11-2024T07:56:04 - [TEST_STEP][PASSED] - page1 = page1.replace("|", ""): null

25-11-2024T07:56:04 - [TEST_STEP][PASSED] - page2 = getText(findTestObject("Object Repository/Выполнение бизнес-плана/spanFact" + filialNum)): Text of object 'Object Repository/Выполнение бизнес-плана/spanFact9' is: '6.05
|'

25-11-2024T07:56:05 - [MESSAGE][PASSED] - Text of object 'Object Repository/Выполнение бизнес-плана/spanFact9' is: '6.05
|'

25-11-2024T07:56:05 - [TEST_STEP][PASSED] - page2 = page2.replace("|", ""): null

25-11-2024T07:56:05 - [TEST_STEP][PASSED] - println("page1: " + page1): null

25-11-2024T07:56:05 - [TEST_STEP][PASSED] - println("page2: " + page2): null

25-11-2024T07:56:05 - [TEST_STEP][PASSED] - file = findTestData("PlanFact").getValue(4, a): null

25-11-2024T07:56:05 - [TEST_STEP][PASSED] - file = file.replace(",", "."): null

25-11-2024T07:56:05 - [TEST_STEP][PASSED] - println("file Plan: " + file): null

25-11-2024T07:56:05 - [TEST_STEP][PASSED] - typeOfData = "План в процентах": null

25-11-2024T07:56:05 - [TEST_STEP][PASSED] - fileDouble = file.toDouble(): null

25-11-2024T07:56:05 - [TEST_STEP][PASSED] - pageDouble = page1.toDouble(): null

25-11-2024T07:56:05 - [TEST_STEP][PASSED] - if (fileDouble != pageDouble): null

25-11-2024T07:56:05 - [TEST_STEP][PASSED] - file = findTestData("PlanFact").getValue(7, a): null

25-11-2024T07:56:05 - [TEST_STEP][PASSED] - file = file.replace(",", "."): null

25-11-2024T07:56:05 - [TEST_STEP][PASSED] - println("file Fact: " + file): null

25-11-2024T07:56:05 - [TEST_STEP][PASSED] - fileDouble = file.toDouble(): null

25-11-2024T07:56:05 - [TEST_STEP][PASSED] - typeOfData = "Факт в процентах": null

25-11-2024T07:56:05 - [TEST_STEP][PASSED] - fileDouble = file.toDouble(): null

25-11-2024T07:56:05 - [TEST_STEP][PASSED] - pageDouble = page2.toDouble(): null

25-11-2024T07:56:05 - [TEST_STEP][PASSED] - if (fileDouble != pageDouble): null

25-11-2024T07:56:05 - [TEST_STEP][PASSED] - if (verifyEqual(numberOfErrors, 0) == false): Actual object '0' and expected object '0' are equal

25-11-2024T07:56:05 - [MESSAGE][PASSED] - Actual object '0' and expected object '0' are equal

25-11-2024T07:56:05 - [TEST_STEP][PASSED] - if (a == 82): null

25-11-2024T07:56:05 - [TEST_STEP][PASSED] - filialNum = 0: null

25-11-2024T07:56:05 - [TEST_STEP][PASSED] - if (a == 36): null

25-11-2024T07:56:05 - [TEST_STEP][PASSED] - if (a == 44): null

25-11-2024T07:56:05 - [TEST_STEP][PASSED] - if (a == 54): null

25-11-2024T07:56:05 - [TEST_STEP][PASSED] - if (a == 59): null

25-11-2024T07:56:05 - [TEST_STEP][PASSED] - Script1718980020443.OpenFilter(): null

25-11-2024T07:56:05 - [TEST_STEP][PASSED] - click(findTestObject("Object Repository/Выполнение бизнес-плана/Фильтр ДЗО")): Object: 'Object Repository/Выполнение бизнес-плана/Фильтр ДЗО' is clicked on

25-11-2024T07:56:05 - [MESSAGE][PASSED] - Object: 'Object Repository/Выполнение бизнес-плана/Фильтр ДЗО' is clicked on

25-11-2024T07:56:05 - [TEST_STEP][PASSED] - click(findTestObject("Выполнение бизнес-плана/Снять выделение в фильтре ДЗО")): Object: 'Object Repository/Выполнение бизнес-плана/Снять выделение в фильтре ДЗО' is clicked on

25-11-2024T07:56:06 - [MESSAGE][PASSED] - Object: 'Object Repository/Выполнение бизнес-плана/Снять выделение в фильтре ДЗО' is clicked on

25-11-2024T07:56:06 - [TEST_STEP][PASSED] - Script1718980020443.CloseFilter(): null

25-11-2024T07:56:06 - [TEST_STEP][PASSED] - scrollToElement(findTestObject("Выполнение бизнес-плана/Заголовок дашборда"), 30): Scroll to object 'Object Repository/Выполнение бизнес-плана/Заголовок дашборда' successfully

25-11-2024T07:56:06 - [MESSAGE][PASSED] - Scroll to object 'Object Repository/Выполнение бизнес-плана/Заголовок дашборда' successfully

25-11-2024T07:56:06 - [TEST_STEP][PASSED] - click(findTestObject("Object Repository/Выполнение бизнес-плана/Применить в фильтре ДЗО")): Object: 'Object Repository/Выполнение бизнес-плана/Применить в фильтре ДЗО' is clicked on

25-11-2024T07:56:07 - [MESSAGE][PASSED] - Object: 'Object Repository/Выполнение бизнес-плана/Применить в фильтре ДЗО' is clicked on

25-11-2024T07:56:07 - [TEST_STEP][PASSED] - if (a == 82): null

25-11-2024T07:56:07 - [TEST_STEP][PASSED] - println(dzoNum): null

25-11-2024T07:56:07 - [TEST_STEP][PASSED] - dZO = "Россети Юг": null

25-11-2024T07:56:07 - [TEST_STEP][PASSED] - a = 59: null

25-11-2024T07:56:07 - [TEST_STEP][PASSED] - if (x1.contains(dZO)): null

25-11-2024T07:56:07 - [TEST_STEP][PASSED] - else: null

25-11-2024T07:56:07 - [TEST_STEP][PASSED] - Script1718980020443.NoData(a, typeOfData, todaysDate, fileInt, fileDouble, dZO): null

25-11-2024T07:56:07 - [TEST_STEP][PASSED] - println(a): null

25-11-2024T07:56:07 - [TEST_STEP][PASSED] - println(todaysDate): null

25-11-2024T07:56:07 - [TEST_STEP][PASSED] - println(fileInt): null

25-11-2024T07:56:07 - [TEST_STEP][PASSED] - println(fileDouble): null

25-11-2024T07:56:07 - [TEST_STEP][PASSED] - println(dZO): null

25-11-2024T07:56:07 - [TEST_STEP][PASSED] - typeOfData = "Факт Отпуск в сеть": null

25-11-2024T07:56:07 - [TEST_STEP][PASSED] - fileInt = replaceAll("\s+", "").toInteger(): null

25-11-2024T07:56:07 - [TEST_STEP][PASSED] - Script1718980020443.WriteToExcelNoData(a, typeOfData, todaysDate, fileInt, fileDouble, dZO): null

25-11-2024T07:56:07 - [TEST_STEP][PASSED] - sheetName = "Sheet1": null

25-11-2024T07:56:07 - [TEST_STEP][PASSED] - data = findTestData("PlanFact"): null

25-11-2024T07:56:07 - [TEST_STEP][PASSED] - n = data.getRowNumbers() + 1: null

25-11-2024T07:56:07 - [TEST_STEP][PASSED] - year = todaysDate.substring(todaysDate.length() - 4, todaysDate.length()): null

25-11-2024T07:56:07 - [TEST_STEP][PASSED] - y = year.toInteger(): null

25-11-2024T07:56:07 - [TEST_STEP][PASSED] - m = getText(findTestObject("Выполнение бизнес-плана/Период")): Text of object 'Object Repository/Выполнение бизнес-плана/Период' is: '1, 2, 3 кв. 2024 года'

25-11-2024T07:56:28 - [MESSAGE][PASSED] - Text of object 'Object Repository/Выполнение бизнес-плана/Период' is: '1, 2, 3 кв. 2024 года'

25-11-2024T07:56:28 - [TEST_STEP][PASSED] - m = m.substring(0, m.indexOf("2024")): null

25-11-2024T07:56:28 - [TEST_STEP][PASSED] - m = m.trim(): null

25-11-2024T07:56:28 - [TEST_STEP][PASSED] - dashboardName = "Выполнение бизнес-плана": null

25-11-2024T07:56:28 - [TEST_STEP][PASSED] - workbook01 = getWorkbook(excelFilePath): null

25-11-2024T07:56:28 - [TEST_STEP][PASSED] - sheet01 = getExcelSheet(workbook01, sheetName): null

25-11-2024T07:56:28 - [TEST_STEP][PASSED] - setValueToCellByIndex(sheet01, n, 0, dashboardName): null

25-11-2024T07:56:28 - [TEST_STEP][PASSED] - setValueToCellByIndex(sheet01, n, 1, dZO): null

25-11-2024T07:56:28 - [TEST_STEP][PASSED] - setValueToCellByIndex(sheet01, n, 2, typeOfData): null

25-11-2024T07:56:28 - [TEST_STEP][PASSED] - if (typeOfData == "Факт в процентах" || typeOfData == "План в процентах"): null

25-11-2024T07:56:28 - [TEST_STEP][PASSED] - else: null

25-11-2024T07:56:28 - [TEST_STEP][PASSED] - setValueToCellByIndex(sheet01, n, 3, fileInt): null

25-11-2024T07:56:28 - [TEST_STEP][PASSED] - setValueToCellByIndex(sheet01, n, 4, "нет данных"): null

25-11-2024T07:56:28 - [TEST_STEP][PASSED] - setValueToCellByIndex(sheet01, n, 5, m): null

25-11-2024T07:56:28 - [TEST_STEP][PASSED] - setValueToCellByIndex(sheet01, n, 6, y): null

25-11-2024T07:56:28 - [TEST_STEP][PASSED] - setValueToCellByIndex(sheet01, n, 7, todaysDate): null

25-11-2024T07:56:28 - [TEST_STEP][PASSED] - n = n + 1: null

25-11-2024T07:56:28 - [TEST_STEP][PASSED] - saveWorkbook(excelFilePath, workbook01): null

25-11-2024T07:56:28 - [TEST_STEP][PASSED] - typeOfData = "Факт Потери": null

25-11-2024T07:56:28 - [TEST_STEP][PASSED] - fileInt = replaceAll("\s+", "").toInteger(): null

25-11-2024T07:56:28 - [TEST_STEP][PASSED] - Script1718980020443.WriteToExcelNoData(a, typeOfData, todaysDate, fileInt, fileDouble, dZO): null

25-11-2024T07:56:28 - [TEST_STEP][PASSED] - sheetName = "Sheet1": null

25-11-2024T07:56:28 - [TEST_STEP][PASSED] - data = findTestData("PlanFact"): null

25-11-2024T07:56:28 - [TEST_STEP][PASSED] - n = data.getRowNumbers() + 1: null

25-11-2024T07:56:28 - [TEST_STEP][PASSED] - year = todaysDate.substring(todaysDate.length() - 4, todaysDate.length()): null

25-11-2024T07:56:28 - [TEST_STEP][PASSED] - y = year.toInteger(): null

25-11-2024T07:56:28 - [TEST_STEP][PASSED] - m = getText(findTestObject("Выполнение бизнес-плана/Период")): Text of object 'Object Repository/Выполнение бизнес-плана/Период' is: '1, 2, 3 кв. 2024 года'

25-11-2024T07:56:29 - [MESSAGE][PASSED] - Text of object 'Object Repository/Выполнение бизнес-плана/Период' is: '1, 2, 3 кв. 2024 года'

25-11-2024T07:56:29 - [TEST_STEP][PASSED] - m = m.substring(0, m.indexOf("2024")): null

25-11-2024T07:56:29 - [TEST_STEP][PASSED] - m = m.trim(): null

25-11-2024T07:56:29 - [TEST_STEP][PASSED] - dashboardName = "Выполнение бизнес-плана": null

25-11-2024T07:56:29 - [TEST_STEP][PASSED] - workbook01 = getWorkbook(excelFilePath): null

25-11-2024T07:56:29 - [TEST_STEP][PASSED] - sheet01 = getExcelSheet(workbook01, sheetName): null

25-11-2024T07:56:29 - [TEST_STEP][PASSED] - setValueToCellByIndex(sheet01, n, 0, dashboardName): null

25-11-2024T07:56:29 - [TEST_STEP][PASSED] - setValueToCellByIndex(sheet01, n, 1, dZO): null

25-11-2024T07:56:29 - [TEST_STEP][PASSED] - setValueToCellByIndex(sheet01, n, 2, typeOfData): null

25-11-2024T07:56:29 - [TEST_STEP][PASSED] - if (typeOfData == "Факт в процентах" || typeOfData == "План в процентах"): null

25-11-2024T07:56:29 - [TEST_STEP][PASSED] - else: null

25-11-2024T07:56:29 - [TEST_STEP][PASSED] - setValueToCellByIndex(sheet01, n, 3, fileInt): null

25-11-2024T07:56:29 - [TEST_STEP][PASSED] - setValueToCellByIndex(sheet01, n, 4, "нет данных"): null

25-11-2024T07:56:29 - [TEST_STEP][PASSED] - setValueToCellByIndex(sheet01, n, 5, m): null

25-11-2024T07:56:29 - [TEST_STEP][PASSED] - setValueToCellByIndex(sheet01, n, 6, y): null

25-11-2024T07:56:29 - [TEST_STEP][PASSED] - setValueToCellByIndex(sheet01, n, 7, todaysDate): null

25-11-2024T07:56:29 - [TEST_STEP][PASSED] - n = n + 1: null

25-11-2024T07:56:29 - [TEST_STEP][PASSED] - saveWorkbook(excelFilePath, workbook01): null

25-11-2024T07:56:29 - [TEST_STEP][PASSED] - typeOfData = "План Отпуск в сеть": null

25-11-2024T07:56:29 - [TEST_STEP][PASSED] - fileInt = replaceAll("\s+", "").toInteger(): null

25-11-2024T07:56:29 - [TEST_STEP][PASSED] - Script1718980020443.WriteToExcelNoData(a, typeOfData, todaysDate, fileInt, fileDouble, dZO): null

25-11-2024T07:56:29 - [TEST_STEP][PASSED] - sheetName = "Sheet1": null

25-11-2024T07:56:29 - [TEST_STEP][PASSED] - data = findTestData("PlanFact"): null

25-11-2024T07:56:29 - [TEST_STEP][PASSED] - n = data.getRowNumbers() + 1: null

25-11-2024T07:56:29 - [TEST_STEP][PASSED] - year = todaysDate.substring(todaysDate.length() - 4, todaysDate.length()): null

25-11-2024T07:56:29 - [TEST_STEP][PASSED] - y = year.toInteger(): null

25-11-2024T07:56:29 - [TEST_STEP][PASSED] - m = getText(findTestObject("Выполнение бизнес-плана/Период")): Text of object 'Object Repository/Выполнение бизнес-плана/Период' is: '1, 2, 3 кв. 2024 года'

25-11-2024T07:56:29 - [MESSAGE][PASSED] - Text of object 'Object Repository/Выполнение бизнес-плана/Период' is: '1, 2, 3 кв. 2024 года'

25-11-2024T07:56:29 - [TEST_STEP][PASSED] - m = m.substring(0, m.indexOf("2024")): null

25-11-2024T07:56:29 - [TEST_STEP][PASSED] - m = m.trim(): null

25-11-2024T07:56:29 - [TEST_STEP][PASSED] - dashboardName = "Выполнение бизнес-плана": null

25-11-2024T07:56:29 - [TEST_STEP][PASSED] - workbook01 = getWorkbook(excelFilePath): null

25-11-2024T07:56:29 - [TEST_STEP][PASSED] - sheet01 = getExcelSheet(workbook01, sheetName): null

25-11-2024T07:56:29 - [TEST_STEP][PASSED] - setValueToCellByIndex(sheet01, n, 0, dashboardName): null

25-11-2024T07:56:29 - [TEST_STEP][PASSED] - setValueToCellByIndex(sheet01, n, 1, dZO): null

25-11-2024T07:56:29 - [TEST_STEP][PASSED] - setValueToCellByIndex(sheet01, n, 2, typeOfData): null

25-11-2024T07:56:29 - [TEST_STEP][PASSED] - if (typeOfData == "Факт в процентах" || typeOfData == "План в процентах"): null

25-11-2024T07:56:29 - [TEST_STEP][PASSED] - else: null

25-11-2024T07:56:29 - [TEST_STEP][PASSED] - setValueToCellByIndex(sheet01, n, 3, fileInt): null

25-11-2024T07:56:29 - [TEST_STEP][PASSED] - setValueToCellByIndex(sheet01, n, 4, "нет данных"): null

25-11-2024T07:56:29 - [TEST_STEP][PASSED] - setValueToCellByIndex(sheet01, n, 5, m): null

25-11-2024T07:56:29 - [TEST_STEP][PASSED] - setValueToCellByIndex(sheet01, n, 6, y): null

25-11-2024T07:56:29 - [TEST_STEP][PASSED] - setValueToCellByIndex(sheet01, n, 7, todaysDate): null

25-11-2024T07:56:29 - [TEST_STEP][PASSED] - n = n + 1: null

25-11-2024T07:56:29 - [TEST_STEP][PASSED] - saveWorkbook(excelFilePath, workbook01): null

25-11-2024T07:56:30 - [TEST_STEP][PASSED] - typeOfData = "План Потери": null

25-11-2024T07:56:30 - [TEST_STEP][PASSED] - fileInt = replaceAll("\s+", "").toInteger(): null

25-11-2024T07:56:30 - [TEST_STEP][PASSED] - Script1718980020443.WriteToExcelNoData(a, typeOfData, todaysDate, fileInt, fileDouble, dZO): null

25-11-2024T07:56:30 - [TEST_STEP][PASSED] - sheetName = "Sheet1": null

25-11-2024T07:56:30 - [TEST_STEP][PASSED] - data = findTestData("PlanFact"): null

25-11-2024T07:56:30 - [TEST_STEP][PASSED] - n = data.getRowNumbers() + 1: null

25-11-2024T07:56:30 - [TEST_STEP][PASSED] - year = todaysDate.substring(todaysDate.length() - 4, todaysDate.length()): null

25-11-2024T07:56:30 - [TEST_STEP][PASSED] - y = year.toInteger(): null

25-11-2024T07:56:30 - [TEST_STEP][PASSED] - m = getText(findTestObject("Выполнение бизнес-плана/Период")): Text of object 'Object Repository/Выполнение бизнес-плана/Период' is: '1, 2, 3 кв. 2024 года'

25-11-2024T07:56:30 - [MESSAGE][PASSED] - Text of object 'Object Repository/Выполнение бизнес-плана/Период' is: '1, 2, 3 кв. 2024 года'

25-11-2024T07:56:30 - [TEST_STEP][PASSED] - m = m.substring(0, m.indexOf("2024")): null

25-11-2024T07:56:30 - [TEST_STEP][PASSED] - m = m.trim(): null

25-11-2024T07:56:30 - [TEST_STEP][PASSED] - dashboardName = "Выполнение бизнес-плана": null

25-11-2024T07:56:30 - [TEST_STEP][PASSED] - workbook01 = getWorkbook(excelFilePath): null

25-11-2024T07:56:30 - [TEST_STEP][PASSED] - sheet01 = getExcelSheet(workbook01, sheetName): null

25-11-2024T07:56:30 - [TEST_STEP][PASSED] - setValueToCellByIndex(sheet01, n, 0, dashboardName): null

25-11-2024T07:56:30 - [TEST_STEP][PASSED] - setValueToCellByIndex(sheet01, n, 1, dZO): null

25-11-2024T07:56:30 - [TEST_STEP][PASSED] - setValueToCellByIndex(sheet01, n, 2, typeOfData): null

25-11-2024T07:56:30 - [TEST_STEP][PASSED] - if (typeOfData == "Факт в процентах" || typeOfData == "План в процентах"): null

25-11-2024T07:56:30 - [TEST_STEP][PASSED] - else: null

25-11-2024T07:56:30 - [TEST_STEP][PASSED] - setValueToCellByIndex(sheet01, n, 3, fileInt): null

25-11-2024T07:56:30 - [TEST_STEP][PASSED] - setValueToCellByIndex(sheet01, n, 4, "нет данных"): null

25-11-2024T07:56:30 - [TEST_STEP][PASSED] - setValueToCellByIndex(sheet01, n, 5, m): null

25-11-2024T07:56:30 - [TEST_STEP][PASSED] - setValueToCellByIndex(sheet01, n, 6, y): null

25-11-2024T07:56:30 - [TEST_STEP][PASSED] - setValueToCellByIndex(sheet01, n, 7, todaysDate): null

25-11-2024T07:56:30 - [TEST_STEP][PASSED] - n = n + 1: null

25-11-2024T07:56:30 - [TEST_STEP][PASSED] - saveWorkbook(excelFilePath, workbook01): null

25-11-2024T07:56:30 - [TEST_STEP][PASSED] - typeOfData = "План в процентах": null

25-11-2024T07:56:30 - [TEST_STEP][PASSED] - fileDouble = ").toDouble(): null

25-11-2024T07:56:30 - [TEST_STEP][PASSED] - Script1718980020443.WriteToExcelNoData(a, typeOfData, todaysDate, fileInt, fileDouble, dZO): null

25-11-2024T07:56:30 - [TEST_STEP][PASSED] - sheetName = "Sheet1": null

25-11-2024T07:56:30 - [TEST_STEP][PASSED] - data = findTestData("PlanFact"): null

25-11-2024T07:56:30 - [TEST_STEP][PASSED] - n = data.getRowNumbers() + 1: null

25-11-2024T07:56:30 - [TEST_STEP][PASSED] - year = todaysDate.substring(todaysDate.length() - 4, todaysDate.length()): null

25-11-2024T07:56:30 - [TEST_STEP][PASSED] - y = year.toInteger(): null

25-11-2024T07:56:30 - [TEST_STEP][PASSED] - m = getText(findTestObject("Выполнение бизнес-плана/Период")): Text of object 'Object Repository/Выполнение бизнес-плана/Период' is: '1, 2, 3 кв. 2024 года'

25-11-2024T07:56:31 - [MESSAGE][PASSED] - Text of object 'Object Repository/Выполнение бизнес-плана/Период' is: '1, 2, 3 кв. 2024 года'

25-11-2024T07:56:31 - [TEST_STEP][PASSED] - m = m.substring(0, m.indexOf("2024")): null

25-11-2024T07:56:31 - [TEST_STEP][PASSED] - m = m.trim(): null

25-11-2024T07:56:31 - [TEST_STEP][PASSED] - dashboardName = "Выполнение бизнес-плана": null

25-11-2024T07:56:31 - [TEST_STEP][PASSED] - workbook01 = getWorkbook(excelFilePath): null

25-11-2024T07:56:31 - [TEST_STEP][PASSED] - sheet01 = getExcelSheet(workbook01, sheetName): null

25-11-2024T07:56:31 - [TEST_STEP][PASSED] - setValueToCellByIndex(sheet01, n, 0, dashboardName): null

25-11-2024T07:56:31 - [TEST_STEP][PASSED] - setValueToCellByIndex(sheet01, n, 1, dZO): null

25-11-2024T07:56:31 - [TEST_STEP][PASSED] - setValueToCellByIndex(sheet01, n, 2, typeOfData): null

25-11-2024T07:56:31 - [TEST_STEP][PASSED] - if (typeOfData == "Факт в процентах" || typeOfData == "План в процентах"): null

25-11-2024T07:56:31 - [TEST_STEP][PASSED] - setValueToCellByIndex(sheet01, n, 3, fileDouble): null

25-11-2024T07:56:31 - [TEST_STEP][PASSED] - setValueToCellByIndex(sheet01, n, 4, "нет данных"): null

25-11-2024T07:56:31 - [TEST_STEP][PASSED] - setValueToCellByIndex(sheet01, n, 5, m): null

25-11-2024T07:56:31 - [TEST_STEP][PASSED] - setValueToCellByIndex(sheet01, n, 6, y): null

25-11-2024T07:56:31 - [TEST_STEP][PASSED] - setValueToCellByIndex(sheet01, n, 7, todaysDate): null

25-11-2024T07:56:31 - [TEST_STEP][PASSED] - n = n + 1: null

25-11-2024T07:56:31 - [TEST_STEP][PASSED] - saveWorkbook(excelFilePath, workbook01): null

25-11-2024T07:56:31 - [TEST_STEP][PASSED] - typeOfData = "Факт в процентах": null

25-11-2024T07:56:31 - [TEST_STEP][PASSED] - fileDouble = ").toDouble(): null

25-11-2024T07:56:31 - [TEST_STEP][PASSED] - Script1718980020443.WriteToExcelNoData(a, typeOfData, todaysDate, fileInt, fileDouble, dZO): null

25-11-2024T07:56:31 - [TEST_STEP][PASSED] - sheetName = "Sheet1": null

25-11-2024T07:56:31 - [TEST_STEP][PASSED] - data = findTestData("PlanFact"): null

25-11-2024T07:56:31 - [TEST_STEP][PASSED] - n = data.getRowNumbers() + 1: null

25-11-2024T07:56:31 - [TEST_STEP][PASSED] - year = todaysDate.substring(todaysDate.length() - 4, todaysDate.length()): null

25-11-2024T07:56:31 - [TEST_STEP][PASSED] - y = year.toInteger(): null

25-11-2024T07:56:31 - [TEST_STEP][PASSED] - m = getText(findTestObject("Выполнение бизнес-плана/Период")): Text of object 'Object Repository/Выполнение бизнес-плана/Период' is: '1, 2, 3 кв. 2024 года'

25-11-2024T07:56:31 - [MESSAGE][PASSED] - Text of object 'Object Repository/Выполнение бизнес-плана/Период' is: '1, 2, 3 кв. 2024 года'

25-11-2024T07:56:31 - [TEST_STEP][PASSED] - m = m.substring(0, m.indexOf("2024")): null

25-11-2024T07:56:31 - [TEST_STEP][PASSED] - m = m.trim(): null

25-11-2024T07:56:31 - [TEST_STEP][PASSED] - dashboardName = "Выполнение бизнес-плана": null

25-11-2024T07:56:31 - [TEST_STEP][PASSED] - workbook01 = getWorkbook(excelFilePath): null

25-11-2024T07:56:31 - [TEST_STEP][PASSED] - sheet01 = getExcelSheet(workbook01, sheetName): null

25-11-2024T07:56:31 - [TEST_STEP][PASSED] - setValueToCellByIndex(sheet01, n, 0, dashboardName): null

25-11-2024T07:56:31 - [TEST_STEP][PASSED] - setValueToCellByIndex(sheet01, n, 1, dZO): null

25-11-2024T07:56:31 - [TEST_STEP][PASSED] - setValueToCellByIndex(sheet01, n, 2, typeOfData): null

25-11-2024T07:56:31 - [TEST_STEP][PASSED] - if (typeOfData == "Факт в процентах" || typeOfData == "План в процентах"): null

25-11-2024T07:56:31 - [TEST_STEP][PASSED] - setValueToCellByIndex(sheet01, n, 3, fileDouble): null

25-11-2024T07:56:31 - [TEST_STEP][PASSED] - setValueToCellByIndex(sheet01, n, 4, "нет данных"): null

25-11-2024T07:56:31 - [TEST_STEP][PASSED] - setValueToCellByIndex(sheet01, n, 5, m): null

25-11-2024T07:56:31 - [TEST_STEP][PASSED] - setValueToCellByIndex(sheet01, n, 6, y): null

25-11-2024T07:56:31 - [TEST_STEP][PASSED] - setValueToCellByIndex(sheet01, n, 7, todaysDate): null

25-11-2024T07:56:31 - [TEST_STEP][PASSED] - n = n + 1: null

25-11-2024T07:56:31 - [TEST_STEP][PASSED] - saveWorkbook(excelFilePath, workbook01): null

25-11-2024T07:56:32 - [TEST_STEP][PASSED] - println(dzoNum): null

25-11-2024T07:56:32 - [TEST_STEP][PASSED] - dZO = "Россети Янтарь": null

25-11-2024T07:56:32 - [TEST_STEP][PASSED] - a = 81: null

25-11-2024T07:56:32 - [TEST_STEP][PASSED] - if (x1.contains(dZO)): null

25-11-2024T07:56:32 - [TEST_STEP][PASSED] - else: null

25-11-2024T07:56:32 - [TEST_STEP][PASSED] - Script1718980020443.NoData(a, typeOfData, todaysDate, fileInt, fileDouble, dZO): null

25-11-2024T07:56:32 - [TEST_STEP][PASSED] - println(a): null

25-11-2024T07:56:32 - [TEST_STEP][PASSED] - println(todaysDate): null

25-11-2024T07:56:32 - [TEST_STEP][PASSED] - println(fileInt): null

25-11-2024T07:56:32 - [TEST_STEP][PASSED] - println(fileDouble): null

25-11-2024T07:56:32 - [TEST_STEP][PASSED] - println(dZO): null

25-11-2024T07:56:32 - [TEST_STEP][PASSED] - typeOfData = "Факт Отпуск в сеть": null

25-11-2024T07:56:32 - [TEST_STEP][PASSED] - fileInt = replaceAll("\s+", "").toInteger(): null

25-11-2024T07:56:32 - [TEST_STEP][PASSED] - Script1718980020443.WriteToExcelNoData(a, typeOfData, todaysDate, fileInt, fileDouble, dZO): null

25-11-2024T07:56:32 - [TEST_STEP][PASSED] - sheetName = "Sheet1": null

25-11-2024T07:56:32 - [TEST_STEP][PASSED] - data = findTestData("PlanFact"): null

25-11-2024T07:56:32 - [TEST_STEP][PASSED] - n = data.getRowNumbers() + 1: null

25-11-2024T07:56:32 - [TEST_STEP][PASSED] - year = todaysDate.substring(todaysDate.length() - 4, todaysDate.length()): null

25-11-2024T07:56:32 - [TEST_STEP][PASSED] - y = year.toInteger(): null

25-11-2024T07:56:32 - [TEST_STEP][PASSED] - m = getText(findTestObject("Выполнение бизнес-плана/Период")): Text of object 'Object Repository/Выполнение бизнес-плана/Период' is: '1, 2, 3 кв. 2024 года'

25-11-2024T07:56:32 - [MESSAGE][PASSED] - Text of object 'Object Repository/Выполнение бизнес-плана/Период' is: '1, 2, 3 кв. 2024 года'

25-11-2024T07:56:32 - [TEST_STEP][PASSED] - m = m.substring(0, m.indexOf("2024")): null

25-11-2024T07:56:32 - [TEST_STEP][PASSED] - m = m.trim(): null

25-11-2024T07:56:32 - [TEST_STEP][PASSED] - dashboardName = "Выполнение бизнес-плана": null

25-11-2024T07:56:32 - [TEST_STEP][PASSED] - workbook01 = getWorkbook(excelFilePath): null

25-11-2024T07:56:32 - [TEST_STEP][PASSED] - sheet01 = getExcelSheet(workbook01, sheetName): null

25-11-2024T07:56:32 - [TEST_STEP][PASSED] - setValueToCellByIndex(sheet01, n, 0, dashboardName): null

25-11-2024T07:56:32 - [TEST_STEP][PASSED] - setValueToCellByIndex(sheet01, n, 1, dZO): null

25-11-2024T07:56:32 - [TEST_STEP][PASSED] - setValueToCellByIndex(sheet01, n, 2, typeOfData): null

25-11-2024T07:56:32 - [TEST_STEP][PASSED] - if (typeOfData == "Факт в процентах" || typeOfData == "План в процентах"): null

25-11-2024T07:56:32 - [TEST_STEP][PASSED] - else: null

25-11-2024T07:56:32 - [TEST_STEP][PASSED] - setValueToCellByIndex(sheet01, n, 3, fileInt): null

25-11-2024T07:56:32 - [TEST_STEP][PASSED] - setValueToCellByIndex(sheet01, n, 4, "нет данных"): null

25-11-2024T07:56:32 - [TEST_STEP][PASSED] - setValueToCellByIndex(sheet01, n, 5, m): null

25-11-2024T07:56:32 - [TEST_STEP][PASSED] - setValueToCellByIndex(sheet01, n, 6, y): null

25-11-2024T07:56:32 - [TEST_STEP][PASSED] - setValueToCellByIndex(sheet01, n, 7, todaysDate): null

25-11-2024T07:56:32 - [TEST_STEP][PASSED] - n = n + 1: null

25-11-2024T07:56:32 - [TEST_STEP][PASSED] - saveWorkbook(excelFilePath, workbook01): null

25-11-2024T07:56:32 - [TEST_STEP][PASSED] - typeOfData = "Факт Потери": null

25-11-2024T07:56:32 - [TEST_STEP][PASSED] - fileInt = replaceAll("\s+", "").toInteger(): null

25-11-2024T07:56:32 - [TEST_STEP][PASSED] - Script1718980020443.WriteToExcelNoData(a, typeOfData, todaysDate, fileInt, fileDouble, dZO): null

25-11-2024T07:56:32 - [TEST_STEP][PASSED] - sheetName = "Sheet1": null

25-11-2024T07:56:32 - [TEST_STEP][PASSED] - data = findTestData("PlanFact"): null

25-11-2024T07:56:32 - [TEST_STEP][PASSED] - n = data.getRowNumbers() + 1: null

25-11-2024T07:56:32 - [TEST_STEP][PASSED] - year = todaysDate.substring(todaysDate.length() - 4, todaysDate.length()): null

25-11-2024T07:56:32 - [TEST_STEP][PASSED] - y = year.toInteger(): null

25-11-2024T07:56:32 - [TEST_STEP][PASSED] - m = getText(findTestObject("Выполнение бизнес-плана/Период")): Text of object 'Object Repository/Выполнение бизнес-плана/Период' is: '1, 2, 3 кв. 2024 года'

25-11-2024T07:56:33 - [MESSAGE][PASSED] - Text of object 'Object Repository/Выполнение бизнес-плана/Период' is: '1, 2, 3 кв. 2024 года'

25-11-2024T07:56:33 - [TEST_STEP][PASSED] - m = m.substring(0, m.indexOf("2024")): null

25-11-2024T07:56:33 - [TEST_STEP][PASSED] - m = m.trim(): null

25-11-2024T07:56:33 - [TEST_STEP][PASSED] - dashboardName = "Выполнение бизнес-плана": null

25-11-2024T07:56:33 - [TEST_STEP][PASSED] - workbook01 = getWorkbook(excelFilePath): null

25-11-2024T07:56:33 - [TEST_STEP][PASSED] - sheet01 = getExcelSheet(workbook01, sheetName): null

25-11-2024T07:56:33 - [TEST_STEP][PASSED] - setValueToCellByIndex(sheet01, n, 0, dashboardName): null

25-11-2024T07:56:33 - [TEST_STEP][PASSED] - setValueToCellByIndex(sheet01, n, 1, dZO): null

25-11-2024T07:56:33 - [TEST_STEP][PASSED] - setValueToCellByIndex(sheet01, n, 2, typeOfData): null

25-11-2024T07:56:33 - [TEST_STEP][PASSED] - if (typeOfData == "Факт в процентах" || typeOfData == "План в процентах"): null

25-11-2024T07:56:33 - [TEST_STEP][PASSED] - else: null

25-11-2024T07:56:33 - [TEST_STEP][PASSED] - setValueToCellByIndex(sheet01, n, 3, fileInt): null

25-11-2024T07:56:33 - [TEST_STEP][PASSED] - setValueToCellByIndex(sheet01, n, 4, "нет данных"): null

25-11-2024T07:56:33 - [TEST_STEP][PASSED] - setValueToCellByIndex(sheet01, n, 5, m): null

25-11-2024T07:56:33 - [TEST_STEP][PASSED] - setValueToCellByIndex(sheet01, n, 6, y): null

25-11-2024T07:56:33 - [TEST_STEP][PASSED] - setValueToCellByIndex(sheet01, n, 7, todaysDate): null

25-11-2024T07:56:33 - [TEST_STEP][PASSED] - n = n + 1: null

25-11-2024T07:56:33 - [TEST_STEP][PASSED] - saveWorkbook(excelFilePath, workbook01): null

25-11-2024T07:56:33 - [TEST_STEP][PASSED] - typeOfData = "План Отпуск в сеть": null

25-11-2024T07:56:33 - [TEST_STEP][PASSED] - fileInt = replaceAll("\s+", "").toInteger(): null

25-11-2024T07:56:33 - [TEST_STEP][PASSED] - Script1718980020443.WriteToExcelNoData(a, typeOfData, todaysDate, fileInt, fileDouble, dZO): null

25-11-2024T07:56:33 - [TEST_STEP][PASSED] - sheetName = "Sheet1": null

25-11-2024T07:56:33 - [TEST_STEP][PASSED] - data = findTestData("PlanFact"): null

25-11-2024T07:56:33 - [TEST_STEP][PASSED] - n = data.getRowNumbers() + 1: null

25-11-2024T07:56:33 - [TEST_STEP][PASSED] - year = todaysDate.substring(todaysDate.length() - 4, todaysDate.length()): null

25-11-2024T07:56:33 - [TEST_STEP][PASSED] - y = year.toInteger(): null

25-11-2024T07:56:33 - [TEST_STEP][PASSED] - m = getText(findTestObject("Выполнение бизнес-плана/Период")): Text of object 'Object Repository/Выполнение бизнес-плана/Период' is: '1, 2, 3 кв. 2024 года'

25-11-2024T07:56:33 - [MESSAGE][PASSED] - Text of object 'Object Repository/Выполнение бизнес-плана/Период' is: '1, 2, 3 кв. 2024 года'

25-11-2024T07:56:33 - [TEST_STEP][PASSED] - m = m.substring(0, m.indexOf("2024")): null

25-11-2024T07:56:33 - [TEST_STEP][PASSED] - m = m.trim(): null

25-11-2024T07:56:33 - [TEST_STEP][PASSED] - dashboardName = "Выполнение бизнес-плана": null

25-11-2024T07:56:33 - [TEST_STEP][PASSED] - workbook01 = getWorkbook(excelFilePath): null

25-11-2024T07:56:33 - [TEST_STEP][PASSED] - sheet01 = getExcelSheet(workbook01, sheetName): null

25-11-2024T07:56:33 - [TEST_STEP][PASSED] - setValueToCellByIndex(sheet01, n, 0, dashboardName): null

25-11-2024T07:56:33 - [TEST_STEP][PASSED] - setValueToCellByIndex(sheet01, n, 1, dZO): null

25-11-2024T07:56:33 - [TEST_STEP][PASSED] - setValueToCellByIndex(sheet01, n, 2, typeOfData): null

25-11-2024T07:56:33 - [TEST_STEP][PASSED] - if (typeOfData == "Факт в процентах" || typeOfData == "План в процентах"): null

25-11-2024T07:56:33 - [TEST_STEP][PASSED] - else: null

25-11-2024T07:56:33 - [TEST_STEP][PASSED] - setValueToCellByIndex(sheet01, n, 3, fileInt): null

25-11-2024T07:56:33 - [TEST_STEP][PASSED] - setValueToCellByIndex(sheet01, n, 4, "нет данных"): null

25-11-2024T07:56:33 - [TEST_STEP][PASSED] - setValueToCellByIndex(sheet01, n, 5, m): null

25-11-2024T07:56:33 - [TEST_STEP][PASSED] - setValueToCellByIndex(sheet01, n, 6, y): null

25-11-2024T07:56:33 - [TEST_STEP][PASSED] - setValueToCellByIndex(sheet01, n, 7, todaysDate): null

25-11-2024T07:56:33 - [TEST_STEP][PASSED] - n = n + 1: null

25-11-2024T07:56:33 - [TEST_STEP][PASSED] - saveWorkbook(excelFilePath, workbook01): null

25-11-2024T07:56:34 - [TEST_STEP][PASSED] - typeOfData = "План Потери": null

25-11-2024T07:56:34 - [TEST_STEP][PASSED] - fileInt = replaceAll("\s+", "").toInteger(): null

25-11-2024T07:56:34 - [TEST_STEP][PASSED] - Script1718980020443.WriteToExcelNoData(a, typeOfData, todaysDate, fileInt, fileDouble, dZO): null

25-11-2024T07:56:34 - [TEST_STEP][PASSED] - sheetName = "Sheet1": null

25-11-2024T07:56:34 - [TEST_STEP][PASSED] - data = findTestData("PlanFact"): null

25-11-2024T07:56:34 - [TEST_STEP][PASSED] - n = data.getRowNumbers() + 1: null

25-11-2024T07:56:34 - [TEST_STEP][PASSED] - year = todaysDate.substring(todaysDate.length() - 4, todaysDate.length()): null

25-11-2024T07:56:34 - [TEST_STEP][PASSED] - y = year.toInteger(): null

25-11-2024T07:56:34 - [TEST_STEP][PASSED] - m = getText(findTestObject("Выполнение бизнес-плана/Период")): Text of object 'Object Repository/Выполнение бизнес-плана/Период' is: '1, 2, 3 кв. 2024 года'

25-11-2024T07:56:34 - [MESSAGE][PASSED] - Text of object 'Object Repository/Выполнение бизнес-плана/Период' is: '1, 2, 3 кв. 2024 года'

25-11-2024T07:56:34 - [TEST_STEP][PASSED] - m = m.substring(0, m.indexOf("2024")): null

25-11-2024T07:56:34 - [TEST_STEP][PASSED] - m = m.trim(): null

25-11-2024T07:56:34 - [TEST_STEP][PASSED] - dashboardName = "Выполнение бизнес-плана": null

25-11-2024T07:56:34 - [TEST_STEP][PASSED] - workbook01 = getWorkbook(excelFilePath): null

25-11-2024T07:56:34 - [TEST_STEP][PASSED] - sheet01 = getExcelSheet(workbook01, sheetName): null

25-11-2024T07:56:34 - [TEST_STEP][PASSED] - setValueToCellByIndex(sheet01, n, 0, dashboardName): null

25-11-2024T07:56:34 - [TEST_STEP][PASSED] - setValueToCellByIndex(sheet01, n, 1, dZO): null

25-11-2024T07:56:34 - [TEST_STEP][PASSED] - setValueToCellByIndex(sheet01, n, 2, typeOfData): null

25-11-2024T07:56:34 - [TEST_STEP][PASSED] - if (typeOfData == "Факт в процентах" || typeOfData == "План в процентах"): null

25-11-2024T07:56:34 - [TEST_STEP][PASSED] - else: null

25-11-2024T07:56:34 - [TEST_STEP][PASSED] - setValueToCellByIndex(sheet01, n, 3, fileInt): null

25-11-2024T07:56:34 - [TEST_STEP][PASSED] - setValueToCellByIndex(sheet01, n, 4, "нет данных"): null

25-11-2024T07:56:34 - [TEST_STEP][PASSED] - setValueToCellByIndex(sheet01, n, 5, m): null

25-11-2024T07:56:34 - [TEST_STEP][PASSED] - setValueToCellByIndex(sheet01, n, 6, y): null

25-11-2024T07:56:34 - [TEST_STEP][PASSED] - setValueToCellByIndex(sheet01, n, 7, todaysDate): null

25-11-2024T07:56:34 - [TEST_STEP][PASSED] - n = n + 1: null

25-11-2024T07:56:34 - [TEST_STEP][PASSED] - saveWorkbook(excelFilePath, workbook01): null

25-11-2024T07:56:34 - [TEST_STEP][PASSED] - typeOfData = "План в процентах": null

25-11-2024T07:56:34 - [TEST_STEP][PASSED] - fileDouble = ").toDouble(): null

25-11-2024T07:56:34 - [TEST_STEP][PASSED] - Script1718980020443.WriteToExcelNoData(a, typeOfData, todaysDate, fileInt, fileDouble, dZO): null

25-11-2024T07:56:34 - [TEST_STEP][PASSED] - sheetName = "Sheet1": null

25-11-2024T07:56:34 - [TEST_STEP][PASSED] - data = findTestData("PlanFact"): null

25-11-2024T07:56:34 - [TEST_STEP][PASSED] - n = data.getRowNumbers() + 1: null

25-11-2024T07:56:34 - [TEST_STEP][PASSED] - year = todaysDate.substring(todaysDate.length() - 4, todaysDate.length()): null

25-11-2024T07:56:34 - [TEST_STEP][PASSED] - y = year.toInteger(): null

25-11-2024T07:56:34 - [TEST_STEP][PASSED] - m = getText(findTestObject("Выполнение бизнес-плана/Период")): Text of object 'Object Repository/Выполнение бизнес-плана/Период' is: '1, 2, 3 кв. 2024 года'

25-11-2024T07:56:35 - [MESSAGE][PASSED] - Text of object 'Object Repository/Выполнение бизнес-плана/Период' is: '1, 2, 3 кв. 2024 года'

25-11-2024T07:56:35 - [TEST_STEP][PASSED] - m = m.substring(0, m.indexOf("2024")): null

25-11-2024T07:56:35 - [TEST_STEP][PASSED] - m = m.trim(): null

25-11-2024T07:56:35 - [TEST_STEP][PASSED] - dashboardName = "Выполнение бизнес-плана": null

25-11-2024T07:56:35 - [TEST_STEP][PASSED] - workbook01 = getWorkbook(excelFilePath): null

25-11-2024T07:56:35 - [TEST_STEP][PASSED] - sheet01 = getExcelSheet(workbook01, sheetName): null

25-11-2024T07:56:35 - [TEST_STEP][PASSED] - setValueToCellByIndex(sheet01, n, 0, dashboardName): null

25-11-2024T07:56:35 - [TEST_STEP][PASSED] - setValueToCellByIndex(sheet01, n, 1, dZO): null

25-11-2024T07:56:35 - [TEST_STEP][PASSED] - setValueToCellByIndex(sheet01, n, 2, typeOfData): null

25-11-2024T07:56:35 - [TEST_STEP][PASSED] - if (typeOfData == "Факт в процентах" || typeOfData == "План в процентах"): null

25-11-2024T07:56:35 - [TEST_STEP][PASSED] - setValueToCellByIndex(sheet01, n, 3, fileDouble): null

25-11-2024T07:56:35 - [TEST_STEP][PASSED] - setValueToCellByIndex(sheet01, n, 4, "нет данных"): null

25-11-2024T07:56:35 - [TEST_STEP][PASSED] - setValueToCellByIndex(sheet01, n, 5, m): null

25-11-2024T07:56:35 - [TEST_STEP][PASSED] - setValueToCellByIndex(sheet01, n, 6, y): null

25-11-2024T07:56:35 - [TEST_STEP][PASSED] - setValueToCellByIndex(sheet01, n, 7, todaysDate): null

25-11-2024T07:56:35 - [TEST_STEP][PASSED] - n = n + 1: null

25-11-2024T07:56:35 - [TEST_STEP][PASSED] - saveWorkbook(excelFilePath, workbook01): null

25-11-2024T07:56:35 - [TEST_STEP][PASSED] - typeOfData = "Факт в процентах": null

25-11-2024T07:56:35 - [TEST_STEP][PASSED] - fileDouble = ").toDouble(): null

25-11-2024T07:56:35 - [TEST_STEP][PASSED] - Script1718980020443.WriteToExcelNoData(a, typeOfData, todaysDate, fileInt, fileDouble, dZO): null

25-11-2024T07:56:35 - [TEST_STEP][PASSED] - sheetName = "Sheet1": null

25-11-2024T07:56:35 - [TEST_STEP][PASSED] - data = findTestData("PlanFact"): null

25-11-2024T07:56:35 - [TEST_STEP][PASSED] - n = data.getRowNumbers() + 1: null

25-11-2024T07:56:35 - [TEST_STEP][PASSED] - year = todaysDate.substring(todaysDate.length() - 4, todaysDate.length()): null

25-11-2024T07:56:35 - [TEST_STEP][PASSED] - y = year.toInteger(): null

25-11-2024T07:56:35 - [TEST_STEP][PASSED] - m = getText(findTestObject("Выполнение бизнес-плана/Период")): Text of object 'Object Repository/Выполнение бизнес-плана/Период' is: '1, 2, 3 кв. 2024 года'

25-11-2024T07:56:35 - [MESSAGE][PASSED] - Text of object 'Object Repository/Выполнение бизнес-плана/Период' is: '1, 2, 3 кв. 2024 года'

25-11-2024T07:56:35 - [TEST_STEP][PASSED] - m = m.substring(0, m.indexOf("2024")): null

25-11-2024T07:56:35 - [TEST_STEP][PASSED] - m = m.trim(): null

25-11-2024T07:56:35 - [TEST_STEP][PASSED] - dashboardName = "Выполнение бизнес-плана": null

25-11-2024T07:56:35 - [TEST_STEP][PASSED] - workbook01 = getWorkbook(excelFilePath): null

25-11-2024T07:56:35 - [TEST_STEP][PASSED] - sheet01 = getExcelSheet(workbook01, sheetName): null

25-11-2024T07:56:35 - [TEST_STEP][PASSED] - setValueToCellByIndex(sheet01, n, 0, dashboardName): null

25-11-2024T07:56:35 - [TEST_STEP][PASSED] - setValueToCellByIndex(sheet01, n, 1, dZO): null

25-11-2024T07:56:35 - [TEST_STEP][PASSED] - setValueToCellByIndex(sheet01, n, 2, typeOfData): null

25-11-2024T07:56:35 - [TEST_STEP][PASSED] - if (typeOfData == "Факт в процентах" || typeOfData == "План в процентах"): null

25-11-2024T07:56:35 - [TEST_STEP][PASSED] - setValueToCellByIndex(sheet01, n, 3, fileDouble): null

25-11-2024T07:56:35 - [TEST_STEP][PASSED] - setValueToCellByIndex(sheet01, n, 4, "нет данных"): null

25-11-2024T07:56:35 - [TEST_STEP][PASSED] - setValueToCellByIndex(sheet01, n, 5, m): null

25-11-2024T07:56:35 - [TEST_STEP][PASSED] - setValueToCellByIndex(sheet01, n, 6, y): null

25-11-2024T07:56:35 - [TEST_STEP][PASSED] - setValueToCellByIndex(sheet01, n, 7, todaysDate): null

25-11-2024T07:56:35 - [TEST_STEP][PASSED] - n = n + 1: null

25-11-2024T07:56:35 - [TEST_STEP][PASSED] - saveWorkbook(excelFilePath, workbook01): null

25-11-2024T07:56:36 - [TEST_STEP][PASSED] - println(dzoNum): null

25-11-2024T07:56:36 - [TEST_STEP][PASSED] - closeBrowser(): Browser is closed

25-11-2024T07:56:36 - [MESSAGE][PASSED] - Browser is closed]]></system-out>
         <system-err><![CDATA[25-11-2024T07:41:36 - [TEST_CASE][FAILED] - Test Cases/Выполнение бизнес-плана/Выполнение бизнес-плана Сверка ПАО Россети все филиалы: Test Cases/Выполнение бизнес-плана/Выполнение бизнес-плана Сверка ПАО Россети все филиалы FAILED.
Reason:
com.kms.katalon.core.exception.StepFailedException: Unable to verify equal between actual object '6' and expected object '0' (Root cause: com.kms.katalon.core.exception.StepFailedException: Actual object '6' and expected object '0' are not equal
	at com.kms.katalon.core.keyword.builtin.VerifyEqualKeyword$_verifyEqual_closure1.doCall(VerifyEqualKeyword.groovy:58)
	at com.kms.katalon.core.keyword.builtin.VerifyEqualKeyword$_verifyEqual_closure1.call(VerifyEqualKeyword.groovy)
	at com.kms.katalon.core.keyword.internal.KeywordMain.runKeyword(KeywordMain.groovy:75)
	at com.kms.katalon.core.keyword.builtin.VerifyEqualKeyword.verifyEqual(VerifyEqualKeyword.groovy:63)
	at com.kms.katalon.core.keyword.builtin.VerifyEqualKeyword.execute(VerifyEqualKeyword.groovy:44)
	at com.kms.katalon.core.keyword.internal.KeywordExecutor.executeKeywordForPlatform(KeywordExecutor.groovy:74)
	at com.kms.katalon.core.keyword.BuiltinKeywords.verifyEqual(BuiltinKeywords.groovy:146)
	at java.base/jdk.internal.reflect.NativeMethodAccessorImpl.invoke0(Native Method)
	at java.base/jdk.internal.reflect.NativeMethodAccessorImpl.invoke(NativeMethodAccessorImpl.java:77)
	at java.base/jdk.internal.reflect.DelegatingMethodAccessorImpl.invoke(DelegatingMethodAccessorImpl.java:43)
	at Выполнение бизнес-плана Сверка ПАО Россети все филиалы.Numbers(Выполнение бизнес-плана Сверка ПАО Россети все филиалы:740)
	at Выполнение бизнес-плана Сверка ПАО Россети все филиалы.run(Выполнение бизнес-плана Сверка ПАО Россети все филиалы:189)
	at com.kms.katalon.core.main.ScriptEngine.run(ScriptEngine.java:194)
	at com.kms.katalon.core.main.ScriptEngine.runScriptAsRawText(ScriptEngine.java:119)
	at com.kms.katalon.core.main.TestCaseExecutor.runScript(TestCaseExecutor.java:448)
	at com.kms.katalon.core.main.TestCaseExecutor.doExecute(TestCaseExecutor.java:439)
	at com.kms.katalon.core.main.TestCaseExecutor.processExecutionPhase(TestCaseExecutor.java:418)
	at com.kms.katalon.core.main.TestCaseExecutor.accessMainPhase(TestCaseExecutor.java:410)
	at com.kms.katalon.core.main.TestCaseExecutor.execute(TestCaseExecutor.java:285)
	at com.kms.katalon.core.common.CommonExecutor.accessTestCaseMainPhase(CommonExecutor.java:65)
	at com.kms.katalon.core.main.TestSuiteExecutor.accessTestSuiteMainPhase(TestSuiteExecutor.java:150)
	at com.kms.katalon.core.main.TestSuiteExecutor.execute(TestSuiteExecutor.java:106)
	at com.kms.katalon.core.main.TestCaseMain.startTestSuite(TestCaseMain.java:180)
	at TempTestSuite1732509691813.run(TempTestSuite1732509691813.groovy:35)
	at java.base/jdk.internal.reflect.NativeMethodAccessorImpl.invoke0(Native Method)
	at java.base/jdk.internal.reflect.NativeMethodAccessorImpl.invoke(NativeMethodAccessorImpl.java:77)
	at java.base/jdk.internal.reflect.DelegatingMethodAccessorImpl.invoke(DelegatingMethodAccessorImpl.java:43)
)
	at com.kms.katalon.core.keyword.internal.KeywordMain.stepFailed(KeywordMain.groovy:39)
	at com.kms.katalon.core.keyword.internal.KeywordMain.stepFailed(KeywordMain.groovy)
	at com.kms.katalon.core.keyword.internal.KeywordMain.runKeyword(KeywordMain.groovy:77)
	at com.kms.katalon.core.keyword.builtin.VerifyEqualKeyword.verifyEqual(VerifyEqualKeyword.groovy:63)
	at com.kms.katalon.core.keyword.builtin.VerifyEqualKeyword.execute(VerifyEqualKeyword.groovy:44)
	at com.kms.katalon.core.keyword.internal.KeywordExecutor.executeKeywordForPlatform(KeywordExecutor.groovy:74)
	at com.kms.katalon.core.keyword.BuiltinKeywords.verifyEqual(BuiltinKeywords.groovy:146)
	at java.base/jdk.internal.reflect.NativeMethodAccessorImpl.invoke0(Native Method)
	at java.base/jdk.internal.reflect.NativeMethodAccessorImpl.invoke(NativeMethodAccessorImpl.java:77)
	at java.base/jdk.internal.reflect.DelegatingMethodAccessorImpl.invoke(DelegatingMethodAccessorImpl.java:43)
	at Выполнение бизнес-плана Сверка ПАО Россети все филиалы.Numbers(Выполнение бизнес-плана Сверка ПАО Россети все филиалы:740)
	at Выполнение бизнес-плана Сверка ПАО Россети все филиалы.run(Выполнение бизнес-плана Сверка ПАО Россети все филиалы:189)
	at com.kms.katalon.core.main.ScriptEngine.run(ScriptEngine.java:194)
	at com.kms.katalon.core.main.ScriptEngine.runScriptAsRawText(ScriptEngine.java:119)
	at com.kms.katalon.core.main.TestCaseExecutor.runScript(TestCaseExecutor.java:448)
	at com.kms.katalon.core.main.TestCaseExecutor.doExecute(TestCaseExecutor.java:439)
	at com.kms.katalon.core.main.TestCaseExecutor.processExecutionPhase(TestCaseExecutor.java:418)
	at com.kms.katalon.core.main.TestCaseExecutor.accessMainPhase(TestCaseExecutor.java:410)
	at com.kms.katalon.core.main.TestCaseExecutor.execute(TestCaseExecutor.java:285)
	at com.kms.katalon.core.common.CommonExecutor.accessTestCaseMainPhase(CommonExecutor.java:65)
	at com.kms.katalon.core.main.TestSuiteExecutor.accessTestSuiteMainPhase(TestSuiteExecutor.java:150)
	at com.kms.katalon.core.main.TestSuiteExecutor.execute(TestSuiteExecutor.java:106)
	at com.kms.katalon.core.main.TestCaseMain.startTestSuite(TestCaseMain.java:180)
	at TempTestSuite1732509691813.run(TempTestSuite1732509691813.groovy:35)
	at java.base/jdk.internal.reflect.NativeMethodAccessorImpl.invoke0(Native Method)
	at java.base/jdk.internal.reflect.NativeMethodAccessorImpl.invoke(NativeMethodAccessorImpl.java:77)
	at java.base/jdk.internal.reflect.DelegatingMethodAccessorImpl.invoke(DelegatingMethodAccessorImpl.java:43)
Caused by: com.kms.katalon.core.exception.StepFailedException: Actual object '6' and expected object '0' are not equal
	at com.kms.katalon.core.keyword.builtin.VerifyEqualKeyword$_verifyEqual_closure1.doCall(VerifyEqualKeyword.groovy:58)
	at com.kms.katalon.core.keyword.builtin.VerifyEqualKeyword$_verifyEqual_closure1.call(VerifyEqualKeyword.groovy)
	at com.kms.katalon.core.keyword.internal.KeywordMain.runKeyword(KeywordMain.groovy:75)
	... 24 more]]></system-err>
      </testcase>
      <system-out><![CDATA[25-11-2024T07:41:36 - [TEST_SUITE][FAILED] - Сверка с ПБЭ: Test Cases/Выполнение бизнес-плана/Выполнение бизнес-плана Сверка ПАО Россети все филиалы FAILED.
Reason:
com.kms.katalon.core.exception.StepFailedException: Unable to verify equal between actual object '6' and expected object '0' (Root cause: com.kms.katalon.core.exception.StepFailedException: Actual object '6' and expected object '0' are not equal
	at com.kms.katalon.core.keyword.builtin.VerifyEqualKeyword$_verifyEqual_closure1.doCall(VerifyEqualKeyword.groovy:58)
	at com.kms.katalon.core.keyword.builtin.VerifyEqualKeyword$_verifyEqual_closure1.call(VerifyEqualKeyword.groovy)
	at com.kms.katalon.core.keyword.internal.KeywordMain.runKeyword(KeywordMain.groovy:75)
	at com.kms.katalon.core.keyword.builtin.VerifyEqualKeyword.verifyEqual(VerifyEqualKeyword.groovy:63)
	at com.kms.katalon.core.keyword.builtin.VerifyEqualKeyword.execute(VerifyEqualKeyword.groovy:44)
	at com.kms.katalon.core.keyword.internal.KeywordExecutor.executeKeywordForPlatform(KeywordExecutor.groovy:74)
	at com.kms.katalon.core.keyword.BuiltinKeywords.verifyEqual(BuiltinKeywords.groovy:146)
	at java.base/jdk.internal.reflect.NativeMethodAccessorImpl.invoke0(Native Method)
	at java.base/jdk.internal.reflect.NativeMethodAccessorImpl.invoke(NativeMethodAccessorImpl.java:77)
	at java.base/jdk.internal.reflect.DelegatingMethodAccessorImpl.invoke(DelegatingMethodAccessorImpl.java:43)
	at Выполнение бизнес-плана Сверка ПАО Россети все филиалы.Numbers(Выполнение бизнес-плана Сверка ПАО Россети все филиалы:740)
	at Выполнение бизнес-плана Сверка ПАО Россети все филиалы.run(Выполнение бизнес-плана Сверка ПАО Россети все филиалы:189)
	at com.kms.katalon.core.main.ScriptEngine.run(ScriptEngine.java:194)
	at com.kms.katalon.core.main.ScriptEngine.runScriptAsRawText(ScriptEngine.java:119)
	at com.kms.katalon.core.main.TestCaseExecutor.runScript(TestCaseExecutor.java:448)
	at com.kms.katalon.core.main.TestCaseExecutor.doExecute(TestCaseExecutor.java:439)
	at com.kms.katalon.core.main.TestCaseExecutor.processExecutionPhase(TestCaseExecutor.java:418)
	at com.kms.katalon.core.main.TestCaseExecutor.accessMainPhase(TestCaseExecutor.java:410)
	at com.kms.katalon.core.main.TestCaseExecutor.execute(TestCaseExecutor.java:285)
	at com.kms.katalon.core.common.CommonExecutor.accessTestCaseMainPhase(CommonExecutor.java:65)
	at com.kms.katalon.core.main.TestSuiteExecutor.accessTestSuiteMainPhase(TestSuiteExecutor.java:150)
	at com.kms.katalon.core.main.TestSuiteExecutor.execute(TestSuiteExecutor.java:106)
	at com.kms.katalon.core.main.TestCaseMain.startTestSuite(TestCaseMain.java:180)
	at TempTestSuite1732509691813.run(TempTestSuite1732509691813.groovy:35)
	at java.base/jdk.internal.reflect.NativeMethodAccessorImpl.invoke0(Native Method)
	at java.base/jdk.internal.reflect.NativeMethodAccessorImpl.invoke(NativeMethodAccessorImpl.java:77)
	at java.base/jdk.internal.reflect.DelegatingMethodAccessorImpl.invoke(DelegatingMethodAccessorImpl.java:43)
)
	at com.kms.katalon.core.keyword.internal.KeywordMain.stepFailed(KeywordMain.groovy:39)
	at com.kms.katalon.core.keyword.internal.KeywordMain.stepFailed(KeywordMain.groovy)
	at com.kms.katalon.core.keyword.internal.KeywordMain.runKeyword(KeywordMain.groovy:77)
	at com.kms.katalon.core.keyword.builtin.VerifyEqualKeyword.verifyEqual(VerifyEqualKeyword.groovy:63)
	at com.kms.katalon.core.keyword.builtin.VerifyEqualKeyword.execute(VerifyEqualKeyword.groovy:44)
	at com.kms.katalon.core.keyword.internal.KeywordExecutor.executeKeywordForPlatform(KeywordExecutor.groovy:74)
	at com.kms.katalon.core.keyword.BuiltinKeywords.verifyEqual(BuiltinKeywords.groovy:146)
	at java.base/jdk.internal.reflect.NativeMethodAccessorImpl.invoke0(Native Method)
	at java.base/jdk.internal.reflect.NativeMethodAccessorImpl.invoke(NativeMethodAccessorImpl.java:77)
	at java.base/jdk.internal.reflect.DelegatingMethodAccessorImpl.invoke(DelegatingMethodAccessorImpl.java:43)
	at Выполнение бизнес-плана Сверка ПАО Россети все филиалы.Numbers(Выполнение бизнес-плана Сверка ПАО Россети все филиалы:740)
	at Выполнение бизнес-плана Сверка ПАО Россети все филиалы.run(Выполнение бизнес-плана Сверка ПАО Россети все филиалы:189)
	at com.kms.katalon.core.main.ScriptEngine.run(ScriptEngine.java:194)
	at com.kms.katalon.core.main.ScriptEngine.runScriptAsRawText(ScriptEngine.java:119)
	at com.kms.katalon.core.main.TestCaseExecutor.runScript(TestCaseExecutor.java:448)
	at com.kms.katalon.core.main.TestCaseExecutor.doExecute(TestCaseExecutor.java:439)
	at com.kms.katalon.core.main.TestCaseExecutor.processExecutionPhase(TestCaseExecutor.java:418)
	at com.kms.katalon.core.main.TestCaseExecutor.accessMainPhase(TestCaseExecutor.java:410)
	at com.kms.katalon.core.main.TestCaseExecutor.execute(TestCaseExecutor.java:285)
	at com.kms.katalon.core.common.CommonExecutor.accessTestCaseMainPhase(CommonExecutor.java:65)
	at com.kms.katalon.core.main.TestSuiteExecutor.accessTestSuiteMainPhase(TestSuiteExecutor.java:150)
	at com.kms.katalon.core.main.TestSuiteExecutor.execute(TestSuiteExecutor.java:106)
	at com.kms.katalon.core.main.TestCaseMain.startTestSuite(TestCaseMain.java:180)
	at TempTestSuite1732509691813.run(TempTestSuite1732509691813.groovy:35)
	at java.base/jdk.internal.reflect.NativeMethodAccessorImpl.invoke0(Native Method)
	at java.base/jdk.internal.reflect.NativeMethodAccessorImpl.invoke(NativeMethodAccessorImpl.java:77)
	at java.base/jdk.internal.reflect.DelegatingMethodAccessorImpl.invoke(DelegatingMethodAccessorImpl.java:43)
Caused by: com.kms.katalon.core.exception.StepFailedException: Actual object '6' and expected object '0' are not equal
	at com.kms.katalon.core.keyword.builtin.VerifyEqualKeyword$_verifyEqual_closure1.doCall(VerifyEqualKeyword.groovy:58)
	at com.kms.katalon.core.keyword.builtin.VerifyEqualKeyword$_verifyEqual_closure1.call(VerifyEqualKeyword.groovy)
	at com.kms.katalon.core.keyword.internal.KeywordMain.runKeyword(KeywordMain.groovy:75)
	... 24 more]]></system-out>
      <system-err><![CDATA[25-11-2024T07:41:36 - [TEST_SUITE][FAILED] - Сверка с ПБЭ: Test Cases/Выполнение бизнес-плана/Выполнение бизнес-плана Сверка ПАО Россети все филиалы FAILED.
Reason:
com.kms.katalon.core.exception.StepFailedException: Unable to verify equal between actual object '6' and expected object '0' (Root cause: com.kms.katalon.core.exception.StepFailedException: Actual object '6' and expected object '0' are not equal
	at com.kms.katalon.core.keyword.builtin.VerifyEqualKeyword$_verifyEqual_closure1.doCall(VerifyEqualKeyword.groovy:58)
	at com.kms.katalon.core.keyword.builtin.VerifyEqualKeyword$_verifyEqual_closure1.call(VerifyEqualKeyword.groovy)
	at com.kms.katalon.core.keyword.internal.KeywordMain.runKeyword(KeywordMain.groovy:75)
	at com.kms.katalon.core.keyword.builtin.VerifyEqualKeyword.verifyEqual(VerifyEqualKeyword.groovy:63)
	at com.kms.katalon.core.keyword.builtin.VerifyEqualKeyword.execute(VerifyEqualKeyword.groovy:44)
	at com.kms.katalon.core.keyword.internal.KeywordExecutor.executeKeywordForPlatform(KeywordExecutor.groovy:74)
	at com.kms.katalon.core.keyword.BuiltinKeywords.verifyEqual(BuiltinKeywords.groovy:146)
	at java.base/jdk.internal.reflect.NativeMethodAccessorImpl.invoke0(Native Method)
	at java.base/jdk.internal.reflect.NativeMethodAccessorImpl.invoke(NativeMethodAccessorImpl.java:77)
	at java.base/jdk.internal.reflect.DelegatingMethodAccessorImpl.invoke(DelegatingMethodAccessorImpl.java:43)
	at Выполнение бизнес-плана Сверка ПАО Россети все филиалы.Numbers(Выполнение бизнес-плана Сверка ПАО Россети все филиалы:740)
	at Выполнение бизнес-плана Сверка ПАО Россети все филиалы.run(Выполнение бизнес-плана Сверка ПАО Россети все филиалы:189)
	at com.kms.katalon.core.main.ScriptEngine.run(ScriptEngine.java:194)
	at com.kms.katalon.core.main.ScriptEngine.runScriptAsRawText(ScriptEngine.java:119)
	at com.kms.katalon.core.main.TestCaseExecutor.runScript(TestCaseExecutor.java:448)
	at com.kms.katalon.core.main.TestCaseExecutor.doExecute(TestCaseExecutor.java:439)
	at com.kms.katalon.core.main.TestCaseExecutor.processExecutionPhase(TestCaseExecutor.java:418)
	at com.kms.katalon.core.main.TestCaseExecutor.accessMainPhase(TestCaseExecutor.java:410)
	at com.kms.katalon.core.main.TestCaseExecutor.execute(TestCaseExecutor.java:285)
	at com.kms.katalon.core.common.CommonExecutor.accessTestCaseMainPhase(CommonExecutor.java:65)
	at com.kms.katalon.core.main.TestSuiteExecutor.accessTestSuiteMainPhase(TestSuiteExecutor.java:150)
	at com.kms.katalon.core.main.TestSuiteExecutor.execute(TestSuiteExecutor.java:106)
	at com.kms.katalon.core.main.TestCaseMain.startTestSuite(TestCaseMain.java:180)
	at TempTestSuite1732509691813.run(TempTestSuite1732509691813.groovy:35)
	at java.base/jdk.internal.reflect.NativeMethodAccessorImpl.invoke0(Native Method)
	at java.base/jdk.internal.reflect.NativeMethodAccessorImpl.invoke(NativeMethodAccessorImpl.java:77)
	at java.base/jdk.internal.reflect.DelegatingMethodAccessorImpl.invoke(DelegatingMethodAccessorImpl.java:43)
)
	at com.kms.katalon.core.keyword.internal.KeywordMain.stepFailed(KeywordMain.groovy:39)
	at com.kms.katalon.core.keyword.internal.KeywordMain.stepFailed(KeywordMain.groovy)
	at com.kms.katalon.core.keyword.internal.KeywordMain.runKeyword(KeywordMain.groovy:77)
	at com.kms.katalon.core.keyword.builtin.VerifyEqualKeyword.verifyEqual(VerifyEqualKeyword.groovy:63)
	at com.kms.katalon.core.keyword.builtin.VerifyEqualKeyword.execute(VerifyEqualKeyword.groovy:44)
	at com.kms.katalon.core.keyword.internal.KeywordExecutor.executeKeywordForPlatform(KeywordExecutor.groovy:74)
	at com.kms.katalon.core.keyword.BuiltinKeywords.verifyEqual(BuiltinKeywords.groovy:146)
	at java.base/jdk.internal.reflect.NativeMethodAccessorImpl.invoke0(Native Method)
	at java.base/jdk.internal.reflect.NativeMethodAccessorImpl.invoke(NativeMethodAccessorImpl.java:77)
	at java.base/jdk.internal.reflect.DelegatingMethodAccessorImpl.invoke(DelegatingMethodAccessorImpl.java:43)
	at Выполнение бизнес-плана Сверка ПАО Россети все филиалы.Numbers(Выполнение бизнес-плана Сверка ПАО Россети все филиалы:740)
	at Выполнение бизнес-плана Сверка ПАО Россети все филиалы.run(Выполнение бизнес-плана Сверка ПАО Россети все филиалы:189)
	at com.kms.katalon.core.main.ScriptEngine.run(ScriptEngine.java:194)
	at com.kms.katalon.core.main.ScriptEngine.runScriptAsRawText(ScriptEngine.java:119)
	at com.kms.katalon.core.main.TestCaseExecutor.runScript(TestCaseExecutor.java:448)
	at com.kms.katalon.core.main.TestCaseExecutor.doExecute(TestCaseExecutor.java:439)
	at com.kms.katalon.core.main.TestCaseExecutor.processExecutionPhase(TestCaseExecutor.java:418)
	at com.kms.katalon.core.main.TestCaseExecutor.accessMainPhase(TestCaseExecutor.java:410)
	at com.kms.katalon.core.main.TestCaseExecutor.execute(TestCaseExecutor.java:285)
	at com.kms.katalon.core.common.CommonExecutor.accessTestCaseMainPhase(CommonExecutor.java:65)
	at com.kms.katalon.core.main.TestSuiteExecutor.accessTestSuiteMainPhase(TestSuiteExecutor.java:150)
	at com.kms.katalon.core.main.TestSuiteExecutor.execute(TestSuiteExecutor.java:106)
	at com.kms.katalon.core.main.TestCaseMain.startTestSuite(TestCaseMain.java:180)
	at TempTestSuite1732509691813.run(TempTestSuite1732509691813.groovy:35)
	at java.base/jdk.internal.reflect.NativeMethodAccessorImpl.invoke0(Native Method)
	at java.base/jdk.internal.reflect.NativeMethodAccessorImpl.invoke(NativeMethodAccessorImpl.java:77)
	at java.base/jdk.internal.reflect.DelegatingMethodAccessorImpl.invoke(DelegatingMethodAccessorImpl.java:43)
Caused by: com.kms.katalon.core.exception.StepFailedException: Actual object '6' and expected object '0' are not equal
	at com.kms.katalon.core.keyword.builtin.VerifyEqualKeyword$_verifyEqual_closure1.doCall(VerifyEqualKeyword.groovy:58)
	at com.kms.katalon.core.keyword.builtin.VerifyEqualKeyword$_verifyEqual_closure1.call(VerifyEqualKeyword.groovy)
	at com.kms.katalon.core.keyword.internal.KeywordMain.runKeyword(KeywordMain.groovy:75)
	... 24 more]]></system-err>
   </testsuite>
</testsuites>
