<?xml version="1.0" encoding="UTF-8"?>
<testsuites name="Блок руководителя под разными учётками" time="9881.685" tests="1" failures="0" errors="0">
   <testsuite name="Блок руководителя под разными учётками" tests="1" failures="0" errors="0" time="9881.685" skipped="0" timestamp="09-12-2024T08:00:07" hostname="liazgina-di - UVV-WS904-D.ot.ru" id="Test Suites/Пн-Ср-Пт/Блок руководителя под разными учётками">
      <properties>
         <property name="deviceName" value=""/>
         <property name="devicePlatform"/>
         <property name="logFolder" value="C:\\Users\\LIAZGINA-DI\\git\\SPORU\\Reports\\20241209_080001\\\u041F\u043D-\u0421\u0440-\u041F\u0442\\\u0411\u043B\u043E\u043A \u0440\u0443\u043A\u043E\u0432\u043E\u0434\u0438\u0442\u0435\u043B\u044F \u043F\u043E\u0434 \u0440\u0430\u0437\u043D\u044B\u043C\u0438 \u0443\u0447\u0451\u0442\u043A\u0430\u043C\u0438\\20241209_080002"/>
         <property name="logFiles" value="C:\\Users\\LIAZGINA-DI\\git\\SPORU\\Reports\\20241209_080001\\\u041F\u043D-\u0421\u0440-\u041F\u0442\\\u0411\u043B\u043E\u043A \u0440\u0443\u043A\u043E\u0432\u043E\u0434\u0438\u0442\u0435\u043B\u044F \u043F\u043E\u0434 \u0440\u0430\u0437\u043D\u044B\u043C\u0438 \u0443\u0447\u0451\u0442\u043A\u0430\u043C\u0438\\20241209_080002\\execution0.log"/>
         <property name="attachments" value=""/>
         <property name="hostName" value="liazgina-di - UVV-WS904-D.ot.ru"/>
         <property name="os" value="Windows 10 64bit"/>
         <property name="katalonVersion" value="9.5.0.217"/>
         <property name="browser" value="Chrome 131.0.0.0"/>
         <property name="hostAddress" value="192.168.0.19"/>
         <property name="sessionId" value="bd2dd543728551063c9a287656ba450c"/>
         <property name="seleniumVersion" value="3.141.59"/>
         <property name="proxyInformation" value="ProxyInformation { proxyOption=NO_PROXY, proxyServerType=HTTP, username=, password=********, proxyServerAddress=, proxyServerPort=0, executionList=&quot;&quot;, isApplyToDesiredCapabilities=true }"/>
         <property name="platform" value="Windows 10"/>
      </properties>
      <testcase name="Test Cases/Сверки дашбордов/Блок руководителя сверка дашбордов под разными учётками" time="9881.496" classname="Test Cases/Сверки дашбордов/Блок руководителя сверка дашбордов под разными учётками" status="PASSED">
         <system-out><![CDATA[09-12-2024T08:00:07 - [TEST_CASE][PASSED] - Test Cases/Сверки дашбордов/Блок руководителя сверка дашбордов под разными учётками: Test Cases/Сверки дашбордов/Блок руководителя сверка дашбордов под разными учётками

09-12-2024T08:00:08 - [TEST_STEP][PASSED] - run = 1: null

09-12-2024T08:00:08 - [TEST_STEP][PASSED] - data = findTestData("PlanFact"): null

09-12-2024T08:00:09 - [TEST_STEP][PASSED] - n = <not implemented yet for class: org.codehaus.groovy.ast.expr.EmptyExpression>: null

09-12-2024T08:00:09 - [TEST_STEP][PASSED] - urlData = <not implemented yet for class: org.codehaus.groovy.ast.expr.EmptyExpression>: null

09-12-2024T08:00:09 - [TEST_STEP][PASSED] - dashboardName = <not implemented yet for class: org.codehaus.groovy.ast.expr.EmptyExpression>: null

09-12-2024T08:00:09 - [TEST_STEP][PASSED] - a1 = <not implemented yet for class: org.codehaus.groovy.ast.expr.EmptyExpression>: null

09-12-2024T08:00:09 - [TEST_STEP][PASSED] - a2 = <not implemented yet for class: org.codehaus.groovy.ast.expr.EmptyExpression>: null

09-12-2024T08:00:09 - [TEST_STEP][PASSED] - a3 = <not implemented yet for class: org.codehaus.groovy.ast.expr.EmptyExpression>: null

09-12-2024T08:00:09 - [TEST_STEP][PASSED] - a4 = <not implemented yet for class: org.codehaus.groovy.ast.expr.EmptyExpression>: null

09-12-2024T08:00:09 - [TEST_STEP][PASSED] - a5 = <not implemented yet for class: org.codehaus.groovy.ast.expr.EmptyExpression>: null

09-12-2024T08:00:09 - [TEST_STEP][PASSED] - a6 = <not implemented yet for class: org.codehaus.groovy.ast.expr.EmptyExpression>: null

09-12-2024T08:00:09 - [TEST_STEP][PASSED] - a7 = <not implemented yet for class: org.codehaus.groovy.ast.expr.EmptyExpression>: null

09-12-2024T08:00:09 - [TEST_STEP][PASSED] - a8 = <not implemented yet for class: org.codehaus.groovy.ast.expr.EmptyExpression>: null

09-12-2024T08:00:09 - [TEST_STEP][PASSED] - a9 = <not implemented yet for class: org.codehaus.groovy.ast.expr.EmptyExpression>: null

09-12-2024T08:00:09 - [TEST_STEP][PASSED] - user = <not implemented yet for class: org.codehaus.groovy.ast.expr.EmptyExpression>: null

09-12-2024T08:00:09 - [TEST_STEP][PASSED] - for ([run = 1, run < 4, (run++)]): null

09-12-2024T08:00:09 - [TEST_STEP][PASSED] - VipolnenieBiznesPlana(user, dashboardName, n, data, run, a1, a2, a3, a4, a5, a6, a7, a8, a9, urlData): null

09-12-2024T08:00:09 - [TEST_STEP][PASSED] - n = data.getRowNumbers() + 1: null

09-12-2024T08:00:09 - [TEST_STEP][PASSED] - println(n): null

09-12-2024T08:00:09 - [TEST_STEP][PASSED] - dashboardName = "Выполнение бизнес-плана": null

09-12-2024T08:00:09 - [TEST_STEP][PASSED] - openBrowser(""): Browser is opened with url: ''

09-12-2024T08:00:09 - [MESSAGE][INFO] - Starting 'Chrome' driver

09-12-2024T08:00:09 - [MESSAGE][INFO] - Action delay is set to 0 milliseconds

09-12-2024T08:00:11 - [MESSAGE][PASSED] - Browser is opened with url: ''

09-12-2024T08:00:11 - [TEST_STEP][PASSED] - urlData = 1: null

09-12-2024T08:00:11 - [TEST_STEP][PASSED] - Script1686231490255.CheckPageDownload(urlData, run): null

09-12-2024T08:00:11 - [TEST_STEP][PASSED] - i = 1: null

09-12-2024T08:00:11 - [TEST_STEP][PASSED] - ii = 0: null

09-12-2024T08:00:11 - [TEST_STEP][PASSED] - urlText = <not implemented yet for class: org.codehaus.groovy.ast.expr.EmptyExpression>: null

09-12-2024T08:00:11 - [TEST_STEP][PASSED] - searchWord = <not implemented yet for class: org.codehaus.groovy.ast.expr.EmptyExpression>: null

09-12-2024T08:00:11 - [TEST_STEP][PASSED] - deleteAllCookies(): Delete all cookies successfully

09-12-2024T08:00:11 - [MESSAGE][PASSED] - Delete all cookies successfully

09-12-2024T08:00:11 - [TEST_STEP][PASSED] - refresh(): Refresh successfully

09-12-2024T08:00:11 - [MESSAGE][PASSED] - Refresh successfully

09-12-2024T08:00:11 - [TEST_STEP][PASSED] - delay(65): Delayed 65 second(s)

09-12-2024T08:01:16 - [MESSAGE][PASSED] - Delayed 65 second(s)

09-12-2024T08:01:16 - [TEST_STEP][PASSED] - navigateToUrl(findTestData("PlanFact").getValue(10, urlData)): Navigate to 'https://bi.rosseti.digital/viewer?dashboardGuid=d154a8eaf6824e2b9de1bb04dd061c18&sheetGuid=1305e8ce744049e1abdacea1ea397a26&fit=true' successfully

09-12-2024T08:01:26 - [MESSAGE][PASSED] - Navigate to 'https://bi.rosseti.digital/viewer?dashboardGuid=d154a8eaf6824e2b9de1bb04dd061c18&sheetGuid=1305e8ce744049e1abdacea1ea397a26&fit=true' successfully

09-12-2024T08:01:26 - [TEST_STEP][PASSED] - pageLoaded1 = verifyElementPresent(findTestObject("Страница авторизации/Text"), 30): Object 'Object Repository/Страница авторизации/Text' is present

09-12-2024T08:01:29 - [MESSAGE][PASSED] - Object 'Object Repository/Страница авторизации/Text' is present

09-12-2024T08:01:29 - [TEST_STEP][PASSED] - if (pageLoaded1 == false): null

09-12-2024T08:01:29 - [TEST_STEP][PASSED] - urlText = getText(findTestObject("Страница авторизации/Text")): Text of object 'Object Repository/Страница авторизации/Text' is: 'Вход'

09-12-2024T08:01:30 - [MESSAGE][PASSED] - Text of object 'Object Repository/Страница авторизации/Text' is: 'Вход'

09-12-2024T08:01:30 - [TEST_STEP][PASSED] - delay(65): Delayed 65 second(s)

09-12-2024T08:02:35 - [MESSAGE][PASSED] - Delayed 65 second(s)

09-12-2024T08:02:35 - [TEST_STEP][PASSED] - searchWord = "Вход": null

09-12-2024T08:02:35 - [TEST_STEP][PASSED] - if (urlText.contains(searchWord) == false): null

09-12-2024T08:02:35 - [TEST_STEP][PASSED] - setText(findTestObject("Страница авторизации/input__username"), findTestData("PlanFact").getValue(8, run)): Text 'liazgina-di' is set on object 'Object Repository/Страница авторизации/input__username'

09-12-2024T08:02:35 - [MESSAGE][PASSED] - Text 'liazgina-di' is set on object 'Object Repository/Страница авторизации/input__username'

09-12-2024T08:02:35 - [TEST_STEP][PASSED] - setText(findTestObject("Страница авторизации/input__password"), findTestData("PlanFact").getValue(9, run)): Text ')$%5srZ8o688Dm#q' is set on object 'Object Repository/Страница авторизации/input__password'

09-12-2024T08:02:36 - [MESSAGE][PASSED] - Text ')$%5srZ8o688Dm#q' is set on object 'Object Repository/Страница авторизации/input__password'

09-12-2024T08:02:36 - [TEST_STEP][PASSED] - click(findTestObject("Страница авторизации/button_")): Object: 'Object Repository/Страница авторизации/button_' is clicked on

09-12-2024T08:02:40 - [MESSAGE][PASSED] - Object: 'Object Repository/Страница авторизации/button_' is clicked on

09-12-2024T08:02:40 - [TEST_STEP][PASSED] - delay(65): Delayed 65 second(s)

09-12-2024T08:03:45 - [MESSAGE][PASSED] - Delayed 65 second(s)

09-12-2024T08:03:45 - [TEST_STEP][PASSED] - searchWord = "а": null

09-12-2024T08:03:45 - [TEST_STEP][PASSED] - pageLoaded2 = verifyElementPresent(findTestObject("Страница авторизации/Text"), 50): Object 'Object Repository/Страница авторизации/Text' is present

09-12-2024T08:04:02 - [MESSAGE][PASSED] - Object 'Object Repository/Страница авторизации/Text' is present

09-12-2024T08:04:02 - [TEST_STEP][PASSED] - if (pageLoaded2 == false): null

09-12-2024T08:04:02 - [TEST_STEP][PASSED] - urlText = getText(findTestObject("Страница авторизации/Text")): Text of object 'Object Repository/Страница авторизации/Text' is: 'ДЗО 
Все
Период
1, 2, 3 кв., Октябрь 2024 года
Отклонения фактического уровня потерь от бизнес-плана, п.п.
-0.07
3.72
3.84
-0.05
0.15
-0.50
-0.27
АО «Тываэнерго»
АО «Чеченэнерго»
Россети Северный Кавказ
Россети Сибирь
Россети Тюмень
Россети Центр (ГК)
Россети Центр и Приволжье (ГК)
-1
0
1
2
3
4
5
6
7

Уровень потерь электроэнергии
АО «Тываэнерго»
АО «Чеченэнерго»
Россети Северный Кавказ
Россети Сибирь
Россети Тюмень
Россети Центр (ГК)
Россети Центр и Приволжье (ГК)
0
10
20
30
40
50
60
70
21.24
|
32.87
23.70
7.14
|
2.50
10.14
|
7.04
|
21.17
36.59
|
27.54
|
7.09
2.65
|
9.64
6.77
п.п.
0.04
Итого
0
0.02
0.04
0.06
%
5.39 5.39
5.35 5.35
План
Факт
1
100

● Бизнес-план выполнен● ●● Превышение бизнес-плана
Отклонения фактического уровня потерь от бизнес-плана за 3 месяца (нарастающим итогом), п.п.
-0.0-0.0
4.14.1
4.04.0
-0.1-0.1
0.10.1
-0.4-0.4
-0.2-0.2
-0.1-0.1
3.73.7
3.83.8
-0.0-0.0
0.10.1
-0.5-0.5
-0.2-0.2
-0.1-0.1
3.73.7
3.83.8
-0.0-0.0
0.10.1
-0.5-0.5
-0.3-0.3
Россети ФСКЕЭС
АО«Тываэнерго»
АО«Чеченэнерго»
Россети Волга
РоссетиКубань
РоссетиЛенэнерго (ГК)
РоссетиМосковскийрегион
РоссетиСеверныйКавказ (ГК)
Россети Северо-Запад
Россети Сибирь(ГК)
Россети Томск
Россети Тюмень
Россети Урал(ГК)
Россети Центр
Россети Центр иПриволжье (ГК)
Россети Юг (Г…
РоссетиЯнтарь
0
-5
5
п.п.
Отклонения фактического уровня потерь от бизнес-плана за 3 месяца (нарастающим итогом)
-0.2-0.2
-0.0-0.0
0.20.2
-0.1-0.1
4.24.2
-1.7-1.7
-0.1-0.1
-0.3-0.3
-0.1-0.1
0.30.3
-0.7-0.7
-0.4-0.4
8.48.4
0.20.2
13.213.2
-0.2-0.2
-0.1-0.1
-0.5-0.5
-0.3-0.3
3.83.8
-1.8-1.8
-0.1-0.1
-0.3-0.3
-0.2-0.2
0.40.4
-0.7-0.7
-0.4-0.4
8.08.0
0.30.3
13.213.2
-0.1-0.1
-0.2-0.2
-0.3-0.3
-1.8-1.8
-0.1-0.1
-0.3-0.3
-0.2-0.2
0.40.4
-0.7-0.7
-0.5-0.5
0.40.4
Итого по ФСК ЕЭС
Каббалкэнерго
Калмэнерго
Калугаэнерго
АО "Кинешемская электросеть"
АО "Тываэнерго"
АО «ВМЭС»
АО «Воронежская горэлектросеть»
АО «Тульские городские электрические сети»
АО «Чеченэнерго»
АО «Ярославская электросетевая компания»
АО ЕЭСК
Алтайэнерго
Архангельский филиал
Астраханьэнерго
Белгородэнерго
Брянскэнерго
Бурятэнерго
Владимирэнерго
Волгоградэнерго
Вологодский филиал
Воронежэнерго
Дагэнерго
Ивэнерго
Ингушэнерго
-5
15

Статус данных
Просьба обратить внимание
— все данные не занесены
Факт
План
Итого – Факт
Отпуск в сеть 211 719 944
Отпуск из сети 192 987 366
Потери 18 732 578
Итого – План
Отпуск в сеть 206 707 707
Отпуск из сети 189 135 798
Потери 17 571 909
Выполнение бизнес-плана в части показателя «Уровень потерь электроэнергии»
Показатели баланса электроэнергии по ДЗО – Факт 
642 168 3 034 612 17 367 779 52 412 668 43 413 766 49 425 284 45 596 339
506 218 1 924 288 12 584 601 48 697 705 42 264 622 44 662 142 42 504 429
135 950 1 110 325 4 783 177 3 714 964 1 149 143 4 763 141 3 091 910
Показатели баланса электроэнергии по ДЗО – План
608 287 2 822 152 16 300 204 50 003 068 45 056 130 48 037 333 44 041 851
479 095 1 894 447 12 437 092 46 434 624 43 930 370 43 167 677 40 938 806
129 192 927 705 3 863 112 3 568 444 1 125 760 4 869 656 3 103 045'

09-12-2024T08:04:03 - [MESSAGE][PASSED] - Text of object 'Object Repository/Страница авторизации/Text' is: 'ДЗО 
Все
Период
1, 2, 3 кв., Октябрь 2024 года
Отклонения фактического уровня потерь от бизнес-плана, п.п.
-0.07
3.72
3.84
-0.05
0.15
-0.50
-0.27
АО «Тываэнерго»
АО «Чеченэнерго»
Россети Северный Кавказ
Россети Сибирь
Россети Тюмень
Россети Центр (ГК)
Россети Центр и Приволжье (ГК)
-1
0
1
2
3
4
5
6
7

Уровень потерь электроэнергии
АО «Тываэнерго»
АО «Чеченэнерго»
Россети Северный Кавказ
Россети Сибирь
Россети Тюмень
Россети Центр (ГК)
Россети Центр и Приволжье (ГК)
0
10
20
30
40
50
60
70
21.24
|
32.87
23.70
7.14
|
2.50
10.14
|
7.04
|
21.17
36.59
|
27.54
|
7.09
2.65
|
9.64
6.77
п.п.
0.04
Итого
0
0.02
0.04
0.06
%
5.39 5.39
5.35 5.35
План
Факт
1
100

● Бизнес-план выполнен● ●● Превышение бизнес-плана
Отклонения фактического уровня потерь от бизнес-плана за 3 месяца (нарастающим итогом), п.п.
-0.0-0.0
4.14.1
4.04.0
-0.1-0.1
0.10.1
-0.4-0.4
-0.2-0.2
-0.1-0.1
3.73.7
3.83.8
-0.0-0.0
0.10.1
-0.5-0.5
-0.2-0.2
-0.1-0.1
3.73.7
3.83.8
-0.0-0.0
0.10.1
-0.5-0.5
-0.3-0.3
Россети ФСКЕЭС
АО«Тываэнерго»
АО«Чеченэнерго»
Россети Волга
РоссетиКубань
РоссетиЛенэнерго (ГК)
РоссетиМосковскийрегион
РоссетиСеверныйКавказ (ГК)
Россети Северо-Запад
Россети Сибирь(ГК)
Россети Томск
Россети Тюмень
Россети Урал(ГК)
Россети Центр
Россети Центр иПриволжье (ГК)
Россети Юг (Г…
РоссетиЯнтарь
0
-5
5
п.п.
Отклонения фактического уровня потерь от бизнес-плана за 3 месяца (нарастающим итогом)
-0.2-0.2
-0.0-0.0
0.20.2
-0.1-0.1
4.24.2
-1.7-1.7
-0.1-0.1
-0.3-0.3
-0.1-0.1
0.30.3
-0.7-0.7
-0.4-0.4
8.48.4
0.20.2
13.213.2
-0.2-0.2
-0.1-0.1
-0.5-0.5
-0.3-0.3
3.83.8
-1.8-1.8
-0.1-0.1
-0.3-0.3
-0.2-0.2
0.40.4
-0.7-0.7
-0.4-0.4
8.08.0
0.30.3
13.213.2
-0.1-0.1
-0.2-0.2
-0.3-0.3
-1.8-1.8
-0.1-0.1
-0.3-0.3
-0.2-0.2
0.40.4
-0.7-0.7
-0.5-0.5
0.40.4
Итого по ФСК ЕЭС
Каббалкэнерго
Калмэнерго
Калугаэнерго
АО "Кинешемская электросеть"
АО "Тываэнерго"
АО «ВМЭС»
АО «Воронежская горэлектросеть»
АО «Тульские городские электрические сети»
АО «Чеченэнерго»
АО «Ярославская электросетевая компания»
АО ЕЭСК
Алтайэнерго
Архангельский филиал
Астраханьэнерго
Белгородэнерго
Брянскэнерго
Бурятэнерго
Владимирэнерго
Волгоградэнерго
Вологодский филиал
Воронежэнерго
Дагэнерго
Ивэнерго
Ингушэнерго
-5
15

Статус данных
Просьба обратить внимание
— все данные не занесены
Факт
План
Итого – Факт
Отпуск в сеть 211 719 944
Отпуск из сети 192 987 366
Потери 18 732 578
Итого – План
Отпуск в сеть 206 707 707
Отпуск из сети 189 135 798
Потери 17 571 909
Выполнение бизнес-плана в части показателя «Уровень потерь электроэнергии»
Показатели баланса электроэнергии по ДЗО – Факт 
642 168 3 034 612 17 367 779 52 412 668 43 413 766 49 425 284 45 596 339
506 218 1 924 288 12 584 601 48 697 705 42 264 622 44 662 142 42 504 429
135 950 1 110 325 4 783 177 3 714 964 1 149 143 4 763 141 3 091 910
Показатели баланса электроэнергии по ДЗО – План
608 287 2 822 152 16 300 204 50 003 068 45 056 130 48 037 333 44 041 851
479 095 1 894 447 12 437 092 46 434 624 43 930 370 43 167 677 40 938 806
129 192 927 705 3 863 112 3 568 444 1 125 760 4 869 656 3 103 045'

09-12-2024T08:04:03 - [TEST_STEP][PASSED] - if (urlText.contains("ошибка") || urlText.contains(searchWord) == false): null

09-12-2024T08:04:03 - [TEST_STEP][PASSED] - Script1686231490255.ZakrytOpoveshenie(): null

09-12-2024T08:04:03 - [TEST_STEP][PASSED] - opoveshenie = getText(findTestObject("Выполнение бизнес-плана/Просьба обратить внимание")): Text of object 'Object Repository/Выполнение бизнес-плана/Просьба обратить внимание' is: 'Просьба обратить внимание'

09-12-2024T08:04:03 - [MESSAGE][PASSED] - Text of object 'Object Repository/Выполнение бизнес-плана/Просьба обратить внимание' is: 'Просьба обратить внимание'

09-12-2024T08:04:03 - [TEST_STEP][PASSED] - println(opoveshenie): null

09-12-2024T08:04:03 - [TEST_STEP][PASSED] - if (opoveshenie == "Просьба обратить внимание"): Object: 'Object Repository/Выполнение бизнес-плана/Закрыть оповещение' is clicked on

09-12-2024T08:04:03 - [TEST_STEP][PASSED] - click(findTestObject("Выполнение бизнес-плана/Закрыть оповещение")): Object: 'Object Repository/Выполнение бизнес-плана/Закрыть оповещение' is clicked on

09-12-2024T08:04:04 - [MESSAGE][PASSED] - Object: 'Object Repository/Выполнение бизнес-плана/Закрыть оповещение' is clicked on

09-12-2024T08:04:04 - [TEST_STEP][PASSED] - click(findTestObject("Object Repository/Выполнение бизнес-плана/Фильтр Дата")): Object: 'Object Repository/Выполнение бизнес-плана/Фильтр Дата' is clicked on

09-12-2024T08:04:04 - [MESSAGE][PASSED] - Object: 'Object Repository/Выполнение бизнес-плана/Фильтр Дата' is clicked on

09-12-2024T08:04:04 - [TEST_STEP][PASSED] - click(findTestObject("Выполнение бизнес-плана/Снять выделение в фильтре Дата")): Object: 'Object Repository/Выполнение бизнес-плана/Снять выделение в фильтре Дата' is clicked on

09-12-2024T08:04:05 - [MESSAGE][PASSED] - Object: 'Object Repository/Выполнение бизнес-плана/Снять выделение в фильтре Дата' is clicked on

09-12-2024T08:04:05 - [TEST_STEP][PASSED] - click(findTestObject("Object Repository/Выполнение бизнес-плана/Применить в фильтре Дата")): Object: 'Object Repository/Выполнение бизнес-плана/Применить в фильтре Дата' is clicked on

09-12-2024T08:04:05 - [MESSAGE][PASSED] - Object: 'Object Repository/Выполнение бизнес-плана/Применить в фильтре Дата' is clicked on

09-12-2024T08:04:05 - [TEST_STEP][PASSED] - delay(65): Delayed 65 second(s)

09-12-2024T08:05:10 - [MESSAGE][PASSED] - Delayed 65 second(s)

09-12-2024T08:05:10 - [TEST_STEP][PASSED] - Script1686231490255.ZakrytOpoveshenie(): null

09-12-2024T08:05:10 - [TEST_STEP][PASSED] - opoveshenie = getText(findTestObject("Выполнение бизнес-плана/Просьба обратить внимание")): Text of object 'Object Repository/Выполнение бизнес-плана/Просьба обратить внимание' is: 'Просьба обратить внимание'

09-12-2024T08:05:11 - [MESSAGE][PASSED] - Text of object 'Object Repository/Выполнение бизнес-плана/Просьба обратить внимание' is: 'Просьба обратить внимание'

09-12-2024T08:05:11 - [TEST_STEP][PASSED] - println(opoveshenie): null

09-12-2024T08:05:11 - [TEST_STEP][PASSED] - if (opoveshenie == "Просьба обратить внимание"): Object: 'Object Repository/Выполнение бизнес-плана/Закрыть оповещение' is clicked on

09-12-2024T08:05:11 - [TEST_STEP][PASSED] - click(findTestObject("Выполнение бизнес-плана/Закрыть оповещение")): Object: 'Object Repository/Выполнение бизнес-плана/Закрыть оповещение' is clicked on

09-12-2024T08:05:11 - [MESSAGE][PASSED] - Object: 'Object Repository/Выполнение бизнес-плана/Закрыть оповещение' is clicked on

09-12-2024T08:05:11 - [TEST_STEP][PASSED] - click(findTestObject("Object Repository/Выполнение бизнес-плана/Фильтр Дата")): Object: 'Object Repository/Выполнение бизнес-плана/Фильтр Дата' is clicked on

09-12-2024T08:05:11 - [MESSAGE][PASSED] - Object: 'Object Repository/Выполнение бизнес-плана/Фильтр Дата' is clicked on

09-12-2024T08:05:11 - [TEST_STEP][PASSED] - scrollToElement(findTestObject("Выполнение бизнес-плана/2024 список"), 30): Scroll to object 'Object Repository/Выполнение бизнес-плана/2024 список' successfully

09-12-2024T08:05:12 - [MESSAGE][PASSED] - Scroll to object 'Object Repository/Выполнение бизнес-плана/2024 список' successfully

09-12-2024T08:05:12 - [TEST_STEP][PASSED] - click(findTestObject("Выполнение бизнес-плана/2024 список")): Object: 'Object Repository/Выполнение бизнес-плана/2024 список' is clicked on

09-12-2024T08:05:12 - [MESSAGE][PASSED] - Object: 'Object Repository/Выполнение бизнес-плана/2024 список' is clicked on

09-12-2024T08:05:12 - [TEST_STEP][PASSED] - scrollToElement(findTestObject("Выполнение бизнес-плана/4 квартал 2024 список"), 30): Scroll to object 'Object Repository/Выполнение бизнес-плана/4 квартал 2024 список' successfully

09-12-2024T08:05:13 - [MESSAGE][PASSED] - Scroll to object 'Object Repository/Выполнение бизнес-плана/4 квартал 2024 список' successfully

09-12-2024T08:05:13 - [TEST_STEP][PASSED] - scrollToElement(findTestObject("Выполнение бизнес-плана/Заголовок дашборда"), 30): Scroll to object 'Object Repository/Выполнение бизнес-плана/Заголовок дашборда' successfully

09-12-2024T08:05:13 - [MESSAGE][PASSED] - Scroll to object 'Object Repository/Выполнение бизнес-плана/Заголовок дашборда' successfully

09-12-2024T08:05:13 - [TEST_STEP][PASSED] - click(findTestObject("Выполнение бизнес-плана/1 квартал 2024 список")): Object: 'Object Repository/Выполнение бизнес-плана/1 квартал 2024 список' is clicked on

09-12-2024T08:05:14 - [MESSAGE][PASSED] - Object: 'Object Repository/Выполнение бизнес-плана/1 квартал 2024 список' is clicked on

09-12-2024T08:05:14 - [TEST_STEP][PASSED] - click(findTestObject("Выполнение бизнес-плана/Январь 2024")): Object: 'Object Repository/Выполнение бизнес-плана/Январь 2024' is clicked on

09-12-2024T08:05:14 - [MESSAGE][PASSED] - Object: 'Object Repository/Выполнение бизнес-плана/Январь 2024' is clicked on

09-12-2024T08:05:14 - [TEST_STEP][PASSED] - click(findTestObject("Выполнение бизнес-плана/Февраль 2024")): Object: 'Object Repository/Выполнение бизнес-плана/Февраль 2024' is clicked on

09-12-2024T08:05:15 - [MESSAGE][PASSED] - Object: 'Object Repository/Выполнение бизнес-плана/Февраль 2024' is clicked on

09-12-2024T08:05:15 - [TEST_STEP][PASSED] - click(findTestObject("Выполнение бизнес-плана/Март 2024")): Object: 'Object Repository/Выполнение бизнес-плана/Март 2024' is clicked on

09-12-2024T08:05:15 - [MESSAGE][PASSED] - Object: 'Object Repository/Выполнение бизнес-плана/Март 2024' is clicked on

09-12-2024T08:05:15 - [TEST_STEP][PASSED] - scrollToElement(findTestObject("Выполнение бизнес-плана/2 квартал 2024"), 30): Scroll to object 'Object Repository/Выполнение бизнес-плана/2 квартал 2024' successfully

09-12-2024T08:05:16 - [MESSAGE][PASSED] - Scroll to object 'Object Repository/Выполнение бизнес-плана/2 квартал 2024' successfully

09-12-2024T08:05:16 - [TEST_STEP][PASSED] - click(findTestObject("Выполнение бизнес-плана/2 квартал 2024")): Object: 'Object Repository/Выполнение бизнес-плана/2 квартал 2024' is clicked on

09-12-2024T08:05:16 - [MESSAGE][PASSED] - Object: 'Object Repository/Выполнение бизнес-плана/2 квартал 2024' is clicked on

09-12-2024T08:05:16 - [TEST_STEP][PASSED] - scrollToElement(findTestObject("Выполнение бизнес-плана/3 квартал 2024 список"), 30): Scroll to object 'Object Repository/Выполнение бизнес-плана/3 квартал 2024 список' successfully

09-12-2024T08:05:16 - [MESSAGE][PASSED] - Scroll to object 'Object Repository/Выполнение бизнес-плана/3 квартал 2024 список' successfully

09-12-2024T08:05:16 - [TEST_STEP][PASSED] - click(findTestObject("Выполнение бизнес-плана/3 квартал 2024"), CONTINUE_ON_FAILURE): Object: 'Object Repository/Выполнение бизнес-плана/3 квартал 2024' is clicked on

09-12-2024T08:05:17 - [MESSAGE][PASSED] - Object: 'Object Repository/Выполнение бизнес-плана/3 квартал 2024' is clicked on

09-12-2024T08:05:17 - [TEST_STEP][PASSED] - scrollToElement(findTestObject("Выполнение бизнес-плана/4 квартал 2024 список"), 30): Scroll to object 'Object Repository/Выполнение бизнес-плана/4 квартал 2024 список' successfully

09-12-2024T08:05:17 - [MESSAGE][PASSED] - Scroll to object 'Object Repository/Выполнение бизнес-плана/4 квартал 2024 список' successfully

09-12-2024T08:05:17 - [TEST_STEP][PASSED] - click(findTestObject("Выполнение бизнес-плана/4 квартал 2024 список"), CONTINUE_ON_FAILURE): Object: 'Object Repository/Выполнение бизнес-плана/4 квартал 2024 список' is clicked on

09-12-2024T08:05:18 - [MESSAGE][PASSED] - Object: 'Object Repository/Выполнение бизнес-плана/4 квартал 2024 список' is clicked on

09-12-2024T08:05:18 - [TEST_STEP][PASSED] - scrollToElement(findTestObject("Выполнение бизнес-плана/Октябрь 2024"), 30): Scroll to object 'Object Repository/Выполнение бизнес-плана/Октябрь 2024' successfully

09-12-2024T08:05:18 - [MESSAGE][PASSED] - Scroll to object 'Object Repository/Выполнение бизнес-плана/Октябрь 2024' successfully

09-12-2024T08:05:18 - [TEST_STEP][PASSED] - click(findTestObject("Выполнение бизнес-плана/Октябрь 2024"), CONTINUE_ON_FAILURE): Object: 'Object Repository/Выполнение бизнес-плана/Октябрь 2024' is clicked on

09-12-2024T08:05:18 - [MESSAGE][PASSED] - Object: 'Object Repository/Выполнение бизнес-плана/Октябрь 2024' is clicked on

09-12-2024T08:05:18 - [TEST_STEP][PASSED] - click(findTestObject("Object Repository/Выполнение бизнес-плана/Применить в фильтре Дата")): Object: 'Object Repository/Выполнение бизнес-плана/Применить в фильтре Дата' is clicked on

09-12-2024T08:05:19 - [MESSAGE][PASSED] - Object: 'Object Repository/Выполнение бизнес-плана/Применить в фильтре Дата' is clicked on

09-12-2024T08:05:19 - [TEST_STEP][PASSED] - scrollToElement(findTestObject("Выполнение бизнес-плана/Заголовок дашборда"), 30): Scroll to object 'Object Repository/Выполнение бизнес-плана/Заголовок дашборда' successfully

09-12-2024T08:05:49 - [MESSAGE][PASSED] - Scroll to object 'Object Repository/Выполнение бизнес-плана/Заголовок дашборда' successfully

09-12-2024T08:05:49 - [TEST_STEP][PASSED] - delay(65): Delayed 65 second(s)

09-12-2024T08:06:54 - [MESSAGE][PASSED] - Delayed 65 second(s)

09-12-2024T08:06:54 - [TEST_STEP][PASSED] - Script1686231490255.ZakrytOpoveshenie(): null

09-12-2024T08:06:54 - [TEST_STEP][PASSED] - opoveshenie = getText(findTestObject("Выполнение бизнес-плана/Просьба обратить внимание")): Text of object 'Object Repository/Выполнение бизнес-плана/Просьба обратить внимание' is: 'Просьба обратить внимание'

09-12-2024T08:06:55 - [MESSAGE][PASSED] - Text of object 'Object Repository/Выполнение бизнес-плана/Просьба обратить внимание' is: 'Просьба обратить внимание'

09-12-2024T08:06:55 - [TEST_STEP][PASSED] - println(opoveshenie): null

09-12-2024T08:06:55 - [TEST_STEP][PASSED] - if (opoveshenie == "Просьба обратить внимание"): Object: 'Object Repository/Выполнение бизнес-плана/Закрыть оповещение' is clicked on

09-12-2024T08:06:55 - [TEST_STEP][PASSED] - click(findTestObject("Выполнение бизнес-плана/Закрыть оповещение")): Object: 'Object Repository/Выполнение бизнес-плана/Закрыть оповещение' is clicked on

09-12-2024T08:06:55 - [MESSAGE][PASSED] - Object: 'Object Repository/Выполнение бизнес-плана/Закрыть оповещение' is clicked on

09-12-2024T08:06:55 - [TEST_STEP][PASSED] - click(findTestObject("Object Repository/Выполнение бизнес-плана/Фильтр ДЗО")): Object: 'Object Repository/Выполнение бизнес-плана/Фильтр ДЗО' is clicked on

09-12-2024T08:06:55 - [MESSAGE][PASSED] - Object: 'Object Repository/Выполнение бизнес-плана/Фильтр ДЗО' is clicked on

09-12-2024T08:06:55 - [TEST_STEP][PASSED] - click(findTestObject("Выполнение бизнес-плана/Снять выделение в фильтре ДЗО")): Object: 'Object Repository/Выполнение бизнес-плана/Снять выделение в фильтре ДЗО' is clicked on

09-12-2024T08:06:56 - [MESSAGE][PASSED] - Object: 'Object Repository/Выполнение бизнес-плана/Снять выделение в фильтре ДЗО' is clicked on

09-12-2024T08:06:56 - [TEST_STEP][PASSED] - click(findTestObject("Выполнение бизнес-плана/ПАО Россети")): Object: 'Object Repository/Выполнение бизнес-плана/ПАО Россети' is clicked on

09-12-2024T08:06:56 - [MESSAGE][PASSED] - Object: 'Object Repository/Выполнение бизнес-плана/ПАО Россети' is clicked on

09-12-2024T08:06:56 - [TEST_STEP][PASSED] - click(findTestObject("Object Repository/Выполнение бизнес-плана/Применить в фильтре ДЗО")): Object: 'Object Repository/Выполнение бизнес-плана/Применить в фильтре ДЗО' is clicked on

09-12-2024T08:06:57 - [MESSAGE][PASSED] - Object: 'Object Repository/Выполнение бизнес-плана/Применить в фильтре ДЗО' is clicked on

09-12-2024T08:06:57 - [TEST_STEP][PASSED] - delay(65): Delayed 65 second(s)

09-12-2024T08:08:02 - [MESSAGE][PASSED] - Delayed 65 second(s)

09-12-2024T08:08:02 - [TEST_STEP][PASSED] - if (run == 1): null

09-12-2024T08:08:02 - [TEST_STEP][PASSED] - user = "админ": null

09-12-2024T08:08:02 - [TEST_STEP][PASSED] - a1 = getText(findTestObject("Выполнение бизнес-плана/Проценты")): Text of object 'Object Repository/Выполнение бизнес-плана/Проценты' is: '%
5.39 5.39
5.35 5.35
План
Факт
1
100'

09-12-2024T08:08:03 - [MESSAGE][PASSED] - Text of object 'Object Repository/Выполнение бизнес-плана/Проценты' is: '%
5.39 5.39
5.35 5.35
План
Факт
1
100'

09-12-2024T08:08:03 - [TEST_STEP][PASSED] - a2 = getText(findTestObject("Выполнение бизнес-плана/vidget 2")): Text of object 'Object Repository/Выполнение бизнес-плана/vidget 2' is: 'АО «Тываэнерго»
АО «Чеченэнерго»
Россети Северный Кавказ
Россети Сибирь
Россети Тюмень
Россети Центр (ГК)
Россети Центр и Приволжье (ГК)
0
10
20
30
40
50
60
70'

09-12-2024T08:08:03 - [MESSAGE][PASSED] - Text of object 'Object Repository/Выполнение бизнес-плана/vidget 2' is: 'АО «Тываэнерго»
АО «Чеченэнерго»
Россети Северный Кавказ
Россети Сибирь
Россети Тюмень
Россети Центр (ГК)
Россети Центр и Приволжье (ГК)
0
10
20
30
40
50
60
70'

09-12-2024T08:08:03 - [TEST_STEP][PASSED] - a3 = getText(findTestObject("Выполнение бизнес-плана/table")): Text of object 'Object Repository/Выполнение бизнес-плана/table' is: ''

09-12-2024T08:08:03 - [MESSAGE][PASSED] - Text of object 'Object Repository/Выполнение бизнес-плана/table' is: ''

09-12-2024T08:08:03 - [TEST_STEP][PASSED] - a4 = getText(findTestObject("Выполнение бизнес-плана/Список ДЗО")): Text of object 'Object Repository/Выполнение бизнес-плана/Список ДЗО' is: '-0.07
3.72
3.84
-0.05
0.15
-0.50
-0.27
АО «Тываэнерго»
АО «Чеченэнерго»
Россети Северный Кавказ
Россети Сибирь
Россети Тюмень
Россети Центр (ГК)
Россети Центр и Приволжье (ГК)
-1
0
1
2
3
4
5
6
7'

09-12-2024T08:08:04 - [MESSAGE][PASSED] - Text of object 'Object Repository/Выполнение бизнес-плана/Список ДЗО' is: '-0.07
3.72
3.84
-0.05
0.15
-0.50
-0.27
АО «Тываэнерго»
АО «Чеченэнерго»
Россети Северный Кавказ
Россети Сибирь
Россети Тюмень
Россети Центр (ГК)
Россети Центр и Приволжье (ГК)
-1
0
1
2
3
4
5
6
7'

09-12-2024T08:08:04 - [TEST_STEP][PASSED] - a5 = getText(findTestObject("Выполнение бизнес-плана/svg1")): Text of object 'Object Repository/Выполнение бизнес-плана/svg1' is: '%
5.39 5.39
5.35 5.35
План
Факт
1
100'

09-12-2024T08:08:04 - [MESSAGE][PASSED] - Text of object 'Object Repository/Выполнение бизнес-плана/svg1' is: '%
5.39 5.39
5.35 5.35
План
Факт
1
100'

09-12-2024T08:08:04 - [TEST_STEP][PASSED] - a6 = getText(findTestObject("Выполнение бизнес-плана/svg2")): Text of object 'Object Repository/Выполнение бизнес-плана/svg2' is: 'п.п.
0.04
Итого
0
0.02
0.04
0.06'

09-12-2024T08:08:04 - [MESSAGE][PASSED] - Text of object 'Object Repository/Выполнение бизнес-плана/svg2' is: 'п.п.
0.04
Итого
0
0.02
0.04
0.06'

09-12-2024T08:08:04 - [TEST_STEP][PASSED] - a7 = getText(findTestObject("Выполнение бизнес-плана/Значения со страницы Выполнение бизнес-плана/Факт Отпуск в сеть за отчётный период ПАО Россети")): Text of object 'Object Repository/Выполнение бизнес-плана/Значения со страницы Выполнение бизнес-плана/Факт Отпуск в сеть за отчётный период ПАО Россети' is: '211 719 944'

09-12-2024T08:08:05 - [MESSAGE][PASSED] - Text of object 'Object Repository/Выполнение бизнес-плана/Значения со страницы Выполнение бизнес-плана/Факт Отпуск в сеть за отчётный период ПАО Россети' is: '211 719 944'

09-12-2024T08:08:05 - [TEST_STEP][PASSED] - a8 = getText(findTestObject("Выполнение бизнес-плана/Значения со страницы Выполнение бизнес-плана/Факт Отпуск из сети за отчётный период ПАО Россети")): Text of object 'Object Repository/Выполнение бизнес-плана/Значения со страницы Выполнение бизнес-плана/Факт Отпуск из сети за отчётный период ПАО Россети' is: '192 987 366'

09-12-2024T08:08:05 - [MESSAGE][PASSED] - Text of object 'Object Repository/Выполнение бизнес-плана/Значения со страницы Выполнение бизнес-плана/Факт Отпуск из сети за отчётный период ПАО Россети' is: '192 987 366'

09-12-2024T08:08:05 - [TEST_STEP][PASSED] - a9 = getText(findTestObject("Выполнение бизнес-плана/Значения со страницы Выполнение бизнес-плана/Факт Потери за отчётный период ПАО Россети")): Text of object 'Object Repository/Выполнение бизнес-плана/Значения со страницы Выполнение бизнес-плана/Факт Потери за отчётный период ПАО Россети' is: '18 732 578'

09-12-2024T08:08:05 - [MESSAGE][PASSED] - Text of object 'Object Repository/Выполнение бизнес-плана/Значения со страницы Выполнение бизнес-плана/Факт Потери за отчётный период ПАО Россети' is: '18 732 578'

09-12-2024T08:08:05 - [TEST_STEP][PASSED] - Script1686231490255.WriteToExcel(user, dashboardName, n, data, run, a1, a2, a3, a4, a5, a6, a7, a8, a9): null

09-12-2024T08:08:05 - [TEST_STEP][PASSED] - sheetName = "Sheet1": null

09-12-2024T08:08:05 - [TEST_STEP][PASSED] - workbook01 = getWorkbook(excelFilePath): null

09-12-2024T08:08:06 - [TEST_STEP][PASSED] - sheet01 = getExcelSheet(workbook01, sheetName): null

09-12-2024T08:08:06 - [TEST_STEP][PASSED] - setValueToCellByIndex(sheet01, n, 0, dashboardName): null

09-12-2024T08:08:06 - [TEST_STEP][PASSED] - setValueToCellByIndex(sheet01, n, 10, user): null

09-12-2024T08:08:06 - [TEST_STEP][PASSED] - setValueToCellByIndex(sheet01, n, 1, a1): null

09-12-2024T08:08:06 - [TEST_STEP][PASSED] - setValueToCellByIndex(sheet01, n, 2, a2): null

09-12-2024T08:08:06 - [TEST_STEP][PASSED] - setValueToCellByIndex(sheet01, n, 3, a3): null

09-12-2024T08:08:06 - [TEST_STEP][PASSED] - setValueToCellByIndex(sheet01, n, 4, a4): null

09-12-2024T08:08:06 - [TEST_STEP][PASSED] - setValueToCellByIndex(sheet01, n, 5, a5): null

09-12-2024T08:08:06 - [TEST_STEP][PASSED] - setValueToCellByIndex(sheet01, n, 6, a6): null

09-12-2024T08:08:06 - [TEST_STEP][PASSED] - setValueToCellByIndex(sheet01, n, 7, a7): null

09-12-2024T08:08:06 - [TEST_STEP][PASSED] - setValueToCellByIndex(sheet01, n, 8, a8): null

09-12-2024T08:08:06 - [TEST_STEP][PASSED] - setValueToCellByIndex(sheet01, n, 9, a9): null

09-12-2024T08:08:06 - [TEST_STEP][PASSED] - n = n + 1: null

09-12-2024T08:08:06 - [TEST_STEP][PASSED] - saveWorkbook(excelFilePath, workbook01): null

09-12-2024T08:08:06 - [TEST_STEP][PASSED] - if (run == 2): null

09-12-2024T08:08:06 - [TEST_STEP][PASSED] - if (run == 3): null

09-12-2024T08:08:06 - [TEST_STEP][PASSED] - closeBrowser(): null

09-12-2024T08:08:06 - [MESSAGE][PASSED] - Browser is closed

09-12-2024T08:08:06 - [TEST_STEP][PASSED] - VipolnenieBiznesPlana(user, dashboardName, n, data, run, a1, a2, a3, a4, a5, a6, a7, a8, a9, urlData): null

09-12-2024T08:08:06 - [TEST_STEP][PASSED] - n = data.getRowNumbers() + 1: null

09-12-2024T08:08:06 - [TEST_STEP][PASSED] - println(n): null

09-12-2024T08:08:06 - [TEST_STEP][PASSED] - dashboardName = "Выполнение бизнес-плана": null

09-12-2024T08:08:06 - [TEST_STEP][PASSED] - openBrowser(""): Browser is opened with url: ''

09-12-2024T08:08:06 - [MESSAGE][INFO] - Starting 'Chrome' driver

09-12-2024T08:08:06 - [MESSAGE][INFO] - Action delay is set to 0 milliseconds

09-12-2024T08:08:07 - [MESSAGE][PASSED] - Browser is opened with url: ''

09-12-2024T08:08:07 - [TEST_STEP][PASSED] - urlData = 1: null

09-12-2024T08:08:07 - [TEST_STEP][PASSED] - Script1686231490255.CheckPageDownload(urlData, run): null

09-12-2024T08:08:07 - [TEST_STEP][PASSED] - i = 1: null

09-12-2024T08:08:07 - [TEST_STEP][PASSED] - ii = 0: null

09-12-2024T08:08:07 - [TEST_STEP][PASSED] - urlText = <not implemented yet for class: org.codehaus.groovy.ast.expr.EmptyExpression>: null

09-12-2024T08:08:07 - [TEST_STEP][PASSED] - searchWord = <not implemented yet for class: org.codehaus.groovy.ast.expr.EmptyExpression>: null

09-12-2024T08:08:07 - [TEST_STEP][PASSED] - deleteAllCookies(): Delete all cookies successfully

09-12-2024T08:08:07 - [MESSAGE][PASSED] - Delete all cookies successfully

09-12-2024T08:08:07 - [TEST_STEP][PASSED] - refresh(): Refresh successfully

09-12-2024T08:08:07 - [MESSAGE][PASSED] - Refresh successfully

09-12-2024T08:08:07 - [TEST_STEP][PASSED] - delay(65): Delayed 65 second(s)

09-12-2024T08:09:12 - [MESSAGE][PASSED] - Delayed 65 second(s)

09-12-2024T08:09:12 - [TEST_STEP][PASSED] - navigateToUrl(findTestData("PlanFact").getValue(10, urlData)): Navigate to 'https://bi.rosseti.digital/viewer?dashboardGuid=d154a8eaf6824e2b9de1bb04dd061c18&sheetGuid=1305e8ce744049e1abdacea1ea397a26&fit=true' successfully

09-12-2024T08:09:19 - [MESSAGE][PASSED] - Navigate to 'https://bi.rosseti.digital/viewer?dashboardGuid=d154a8eaf6824e2b9de1bb04dd061c18&sheetGuid=1305e8ce744049e1abdacea1ea397a26&fit=true' successfully

09-12-2024T08:09:19 - [TEST_STEP][PASSED] - pageLoaded1 = verifyElementPresent(findTestObject("Страница авторизации/Text"), 30): Object 'Object Repository/Страница авторизации/Text' is present

09-12-2024T08:09:25 - [MESSAGE][PASSED] - Object 'Object Repository/Страница авторизации/Text' is present

09-12-2024T08:09:25 - [TEST_STEP][PASSED] - if (pageLoaded1 == false): null

09-12-2024T08:09:25 - [TEST_STEP][PASSED] - urlText = getText(findTestObject("Страница авторизации/Text")): Text of object 'Object Repository/Страница авторизации/Text' is: 'Вход'

09-12-2024T08:09:26 - [MESSAGE][PASSED] - Text of object 'Object Repository/Страница авторизации/Text' is: 'Вход'

09-12-2024T08:09:26 - [TEST_STEP][PASSED] - delay(65): Delayed 65 second(s)

09-12-2024T08:10:31 - [MESSAGE][PASSED] - Delayed 65 second(s)

09-12-2024T08:10:31 - [TEST_STEP][PASSED] - searchWord = "Вход": null

09-12-2024T08:10:31 - [TEST_STEP][PASSED] - if (urlText.contains(searchWord) == false): null

09-12-2024T08:10:31 - [TEST_STEP][PASSED] - setText(findTestObject("Страница авторизации/input__username"), findTestData("PlanFact").getValue(8, run)): Text 'Andreeva-EV' is set on object 'Object Repository/Страница авторизации/input__username'

09-12-2024T08:10:31 - [MESSAGE][PASSED] - Text 'Andreeva-EV' is set on object 'Object Repository/Страница авторизации/input__username'

09-12-2024T08:10:31 - [TEST_STEP][PASSED] - setText(findTestObject("Страница авторизации/input__password"), findTestData("PlanFact").getValue(9, run)): Text '2nPePKDwCPH3ul7xMZ' is set on object 'Object Repository/Страница авторизации/input__password'

09-12-2024T08:10:32 - [MESSAGE][PASSED] - Text '2nPePKDwCPH3ul7xMZ' is set on object 'Object Repository/Страница авторизации/input__password'

09-12-2024T08:10:32 - [TEST_STEP][PASSED] - click(findTestObject("Страница авторизации/button_")): Object: 'Object Repository/Страница авторизации/button_' is clicked on

09-12-2024T08:10:36 - [MESSAGE][PASSED] - Object: 'Object Repository/Страница авторизации/button_' is clicked on

09-12-2024T08:10:36 - [TEST_STEP][PASSED] - delay(65): Delayed 65 second(s)

09-12-2024T08:11:41 - [MESSAGE][PASSED] - Delayed 65 second(s)

09-12-2024T08:11:41 - [TEST_STEP][PASSED] - searchWord = "а": null

09-12-2024T08:11:41 - [TEST_STEP][PASSED] - pageLoaded2 = verifyElementPresent(findTestObject("Страница авторизации/Text"), 50): Object 'Object Repository/Страница авторизации/Text' is present

09-12-2024T08:12:05 - [MESSAGE][PASSED] - Object 'Object Repository/Страница авторизации/Text' is present

09-12-2024T08:12:05 - [TEST_STEP][PASSED] - if (pageLoaded2 == false): null

09-12-2024T08:12:05 - [TEST_STEP][PASSED] - urlText = getText(findTestObject("Страница авторизации/Text")): Text of object 'Object Repository/Страница авторизации/Text' is: 'ДЗО 
Все
Период
1, 2, 3 кв., Октябрь 2024 года
Отклонения фактического уровня потерь от бизнес-плана, п.п.
-0.07
3.72
3.84
-0.05
0.15
-0.50
-0.27
АО «Тываэнерго»
АО «Чеченэнерго»
Россети Северный Кавказ
Россети Сибирь
Россети Тюмень
Россети Центр (ГК)
Россети Центр и Приволжье (ГК)
-1
0
1
2
3
4
5
6
7

Уровень потерь электроэнергии
АО «Тываэнерго»
АО «Чеченэнерго»
Россети Северный Кавказ
Россети Сибирь
Россети Тюмень
Россети Центр (ГК)
Россети Центр и Приволжье (ГК)
0
10
20
30
40
50
60
70
21.24
|
32.87
23.70
7.14
|
2.50
10.14
|
7.04
|
21.17
36.59
|
27.54
|
7.09
2.65
|
9.64
6.77
п.п.
0.04
Итого
0
0.02
0.04
0.06
%
5.39 5.39
5.35 5.35
План
Факт
1
100

● Бизнес-план выполнен● ●● Превышение бизнес-плана
Отклонения фактического уровня потерь от бизнес-плана за 3 месяца (нарастающим итогом), п.п.
-0.0-0.0
4.14.1
4.04.0
-0.1-0.1
0.10.1
-0.4-0.4
-0.2-0.2
-0.1-0.1
3.73.7
3.83.8
-0.0-0.0
0.10.1
-0.5-0.5
-0.2-0.2
-0.1-0.1
3.73.7
3.83.8
-0.0-0.0
0.10.1
-0.5-0.5
-0.3-0.3
Россети ФСКЕЭС
АО«Тываэнерго»
АО«Чеченэнерго»
Россети Волга
РоссетиКубань
РоссетиЛенэнерго (ГК)
РоссетиМосковскийрегион
РоссетиСеверныйКавказ (ГК)
Россети Северо-Запад
Россети Сибирь(ГК)
Россети Томск
Россети Тюмень
Россети Урал(ГК)
Россети Центр
Россети Центр иПриволжье (ГК)
Россети Юг (Г…
РоссетиЯнтарь
0
-5
5
п.п.
Отклонения фактического уровня потерь от бизнес-плана за 3 месяца (нарастающим итогом)
-0.2-0.2
-0.0-0.0
0.20.2
-0.1-0.1
4.24.2
-1.7-1.7
-0.1-0.1
-0.3-0.3
-0.1-0.1
0.30.3
-0.7-0.7
-0.4-0.4
8.48.4
0.20.2
13.213.2
-0.2-0.2
-0.1-0.1
-0.5-0.5
-0.3-0.3
3.83.8
-1.8-1.8
-0.1-0.1
-0.3-0.3
-0.2-0.2
0.40.4
-0.7-0.7
-0.4-0.4
8.08.0
0.30.3
13.213.2
-0.1-0.1
-0.2-0.2
-0.3-0.3
-1.8-1.8
-0.1-0.1
-0.3-0.3
-0.2-0.2
0.40.4
-0.7-0.7
-0.5-0.5
0.40.4
Итого по ФСК ЕЭС
Каббалкэнерго
Калмэнерго
Калугаэнерго
АО "Кинешемская электросеть"
АО "Тываэнерго"
АО «ВМЭС»
АО «Воронежская горэлектросеть»
АО «Тульские городские электрические сети»
АО «Чеченэнерго»
АО «Ярославская электросетевая компания»
АО ЕЭСК
Алтайэнерго
Архангельский филиал
Астраханьэнерго
Белгородэнерго
Брянскэнерго
Бурятэнерго
Владимирэнерго
Волгоградэнерго
Вологодский филиал
Воронежэнерго
Дагэнерго
Ивэнерго
Ингушэнерго
-5
15

Статус данных
Просьба обратить внимание
— все данные не занесены
Факт
План
Итого – Факт
Отпуск в сеть 211 719 944
Отпуск из сети 192 987 366
Потери 18 732 578
Итого – План
Отпуск в сеть 206 707 707
Отпуск из сети 189 135 798
Потери 17 571 909
Выполнение бизнес-плана в части показателя «Уровень потерь электроэнергии»
Показатели баланса электроэнергии по ДЗО – Факт 
642 168 3 034 612 17 367 779 52 412 668 43 413 766 49 425 284 45 596 339
506 218 1 924 288 12 584 601 48 697 705 42 264 622 44 662 142 42 504 429
135 950 1 110 325 4 783 177 3 714 964 1 149 143 4 763 141 3 091 910
Показатели баланса электроэнергии по ДЗО – План
608 287 2 822 152 16 300 204 50 003 068 45 056 130 48 037 333 44 041 851
479 095 1 894 447 12 437 092 46 434 624 43 930 370 43 167 677 40 938 806
129 192 927 705 3 863 112 3 568 444 1 125 760 4 869 656 3 103 045'

09-12-2024T08:12:07 - [MESSAGE][PASSED] - Text of object 'Object Repository/Страница авторизации/Text' is: 'ДЗО 
Все
Период
1, 2, 3 кв., Октябрь 2024 года
Отклонения фактического уровня потерь от бизнес-плана, п.п.
-0.07
3.72
3.84
-0.05
0.15
-0.50
-0.27
АО «Тываэнерго»
АО «Чеченэнерго»
Россети Северный Кавказ
Россети Сибирь
Россети Тюмень
Россети Центр (ГК)
Россети Центр и Приволжье (ГК)
-1
0
1
2
3
4
5
6
7

Уровень потерь электроэнергии
АО «Тываэнерго»
АО «Чеченэнерго»
Россети Северный Кавказ
Россети Сибирь
Россети Тюмень
Россети Центр (ГК)
Россети Центр и Приволжье (ГК)
0
10
20
30
40
50
60
70
21.24
|
32.87
23.70
7.14
|
2.50
10.14
|
7.04
|
21.17
36.59
|
27.54
|
7.09
2.65
|
9.64
6.77
п.п.
0.04
Итого
0
0.02
0.04
0.06
%
5.39 5.39
5.35 5.35
План
Факт
1
100

● Бизнес-план выполнен● ●● Превышение бизнес-плана
Отклонения фактического уровня потерь от бизнес-плана за 3 месяца (нарастающим итогом), п.п.
-0.0-0.0
4.14.1
4.04.0
-0.1-0.1
0.10.1
-0.4-0.4
-0.2-0.2
-0.1-0.1
3.73.7
3.83.8
-0.0-0.0
0.10.1
-0.5-0.5
-0.2-0.2
-0.1-0.1
3.73.7
3.83.8
-0.0-0.0
0.10.1
-0.5-0.5
-0.3-0.3
Россети ФСКЕЭС
АО«Тываэнерго»
АО«Чеченэнерго»
Россети Волга
РоссетиКубань
РоссетиЛенэнерго (ГК)
РоссетиМосковскийрегион
РоссетиСеверныйКавказ (ГК)
Россети Северо-Запад
Россети Сибирь(ГК)
Россети Томск
Россети Тюмень
Россети Урал(ГК)
Россети Центр
Россети Центр иПриволжье (ГК)
Россети Юг (Г…
РоссетиЯнтарь
0
-5
5
п.п.
Отклонения фактического уровня потерь от бизнес-плана за 3 месяца (нарастающим итогом)
-0.2-0.2
-0.0-0.0
0.20.2
-0.1-0.1
4.24.2
-1.7-1.7
-0.1-0.1
-0.3-0.3
-0.1-0.1
0.30.3
-0.7-0.7
-0.4-0.4
8.48.4
0.20.2
13.213.2
-0.2-0.2
-0.1-0.1
-0.5-0.5
-0.3-0.3
3.83.8
-1.8-1.8
-0.1-0.1
-0.3-0.3
-0.2-0.2
0.40.4
-0.7-0.7
-0.4-0.4
8.08.0
0.30.3
13.213.2
-0.1-0.1
-0.2-0.2
-0.3-0.3
-1.8-1.8
-0.1-0.1
-0.3-0.3
-0.2-0.2
0.40.4
-0.7-0.7
-0.5-0.5
0.40.4
Итого по ФСК ЕЭС
Каббалкэнерго
Калмэнерго
Калугаэнерго
АО "Кинешемская электросеть"
АО "Тываэнерго"
АО «ВМЭС»
АО «Воронежская горэлектросеть»
АО «Тульские городские электрические сети»
АО «Чеченэнерго»
АО «Ярославская электросетевая компания»
АО ЕЭСК
Алтайэнерго
Архангельский филиал
Астраханьэнерго
Белгородэнерго
Брянскэнерго
Бурятэнерго
Владимирэнерго
Волгоградэнерго
Вологодский филиал
Воронежэнерго
Дагэнерго
Ивэнерго
Ингушэнерго
-5
15

Статус данных
Просьба обратить внимание
— все данные не занесены
Факт
План
Итого – Факт
Отпуск в сеть 211 719 944
Отпуск из сети 192 987 366
Потери 18 732 578
Итого – План
Отпуск в сеть 206 707 707
Отпуск из сети 189 135 798
Потери 17 571 909
Выполнение бизнес-плана в части показателя «Уровень потерь электроэнергии»
Показатели баланса электроэнергии по ДЗО – Факт 
642 168 3 034 612 17 367 779 52 412 668 43 413 766 49 425 284 45 596 339
506 218 1 924 288 12 584 601 48 697 705 42 264 622 44 662 142 42 504 429
135 950 1 110 325 4 783 177 3 714 964 1 149 143 4 763 141 3 091 910
Показатели баланса электроэнергии по ДЗО – План
608 287 2 822 152 16 300 204 50 003 068 45 056 130 48 037 333 44 041 851
479 095 1 894 447 12 437 092 46 434 624 43 930 370 43 167 677 40 938 806
129 192 927 705 3 863 112 3 568 444 1 125 760 4 869 656 3 103 045'

09-12-2024T08:12:07 - [TEST_STEP][PASSED] - if (urlText.contains("ошибка") || urlText.contains(searchWord) == false): null

09-12-2024T08:12:07 - [TEST_STEP][PASSED] - Script1686231490255.ZakrytOpoveshenie(): null

09-12-2024T08:12:07 - [TEST_STEP][PASSED] - opoveshenie = getText(findTestObject("Выполнение бизнес-плана/Просьба обратить внимание")): Text of object 'Object Repository/Выполнение бизнес-плана/Просьба обратить внимание' is: 'Просьба обратить внимание'

09-12-2024T08:12:07 - [MESSAGE][PASSED] - Text of object 'Object Repository/Выполнение бизнес-плана/Просьба обратить внимание' is: 'Просьба обратить внимание'

09-12-2024T08:12:07 - [TEST_STEP][PASSED] - println(opoveshenie): null

09-12-2024T08:12:07 - [TEST_STEP][PASSED] - if (opoveshenie == "Просьба обратить внимание"): Object: 'Object Repository/Выполнение бизнес-плана/Закрыть оповещение' is clicked on

09-12-2024T08:12:07 - [TEST_STEP][PASSED] - click(findTestObject("Выполнение бизнес-плана/Закрыть оповещение")): Object: 'Object Repository/Выполнение бизнес-плана/Закрыть оповещение' is clicked on

09-12-2024T08:12:07 - [MESSAGE][PASSED] - Object: 'Object Repository/Выполнение бизнес-плана/Закрыть оповещение' is clicked on

09-12-2024T08:12:07 - [TEST_STEP][PASSED] - click(findTestObject("Object Repository/Выполнение бизнес-плана/Фильтр Дата")): Object: 'Object Repository/Выполнение бизнес-плана/Фильтр Дата' is clicked on

09-12-2024T08:12:08 - [MESSAGE][PASSED] - Object: 'Object Repository/Выполнение бизнес-плана/Фильтр Дата' is clicked on

09-12-2024T08:12:08 - [TEST_STEP][PASSED] - click(findTestObject("Выполнение бизнес-плана/Снять выделение в фильтре Дата")): Object: 'Object Repository/Выполнение бизнес-плана/Снять выделение в фильтре Дата' is clicked on

09-12-2024T08:12:08 - [MESSAGE][PASSED] - Object: 'Object Repository/Выполнение бизнес-плана/Снять выделение в фильтре Дата' is clicked on

09-12-2024T08:12:08 - [TEST_STEP][PASSED] - click(findTestObject("Object Repository/Выполнение бизнес-плана/Применить в фильтре Дата")): Object: 'Object Repository/Выполнение бизнес-плана/Применить в фильтре Дата' is clicked on

09-12-2024T08:12:09 - [MESSAGE][PASSED] - Object: 'Object Repository/Выполнение бизнес-плана/Применить в фильтре Дата' is clicked on

09-12-2024T08:12:09 - [TEST_STEP][PASSED] - delay(65): Delayed 65 second(s)

09-12-2024T08:13:14 - [MESSAGE][PASSED] - Delayed 65 second(s)

09-12-2024T08:13:14 - [TEST_STEP][PASSED] - Script1686231490255.ZakrytOpoveshenie(): null

09-12-2024T08:13:14 - [TEST_STEP][PASSED] - opoveshenie = getText(findTestObject("Выполнение бизнес-плана/Просьба обратить внимание")): Text of object 'Object Repository/Выполнение бизнес-плана/Просьба обратить внимание' is: 'Просьба обратить внимание'

09-12-2024T08:13:14 - [MESSAGE][PASSED] - Text of object 'Object Repository/Выполнение бизнес-плана/Просьба обратить внимание' is: 'Просьба обратить внимание'

09-12-2024T08:13:14 - [TEST_STEP][PASSED] - println(opoveshenie): null

09-12-2024T08:13:14 - [TEST_STEP][PASSED] - if (opoveshenie == "Просьба обратить внимание"): Object: 'Object Repository/Выполнение бизнес-плана/Закрыть оповещение' is clicked on

09-12-2024T08:13:14 - [TEST_STEP][PASSED] - click(findTestObject("Выполнение бизнес-плана/Закрыть оповещение")): Object: 'Object Repository/Выполнение бизнес-плана/Закрыть оповещение' is clicked on

09-12-2024T08:13:15 - [MESSAGE][PASSED] - Object: 'Object Repository/Выполнение бизнес-плана/Закрыть оповещение' is clicked on

09-12-2024T08:13:15 - [TEST_STEP][PASSED] - click(findTestObject("Object Repository/Выполнение бизнес-плана/Фильтр Дата")): Object: 'Object Repository/Выполнение бизнес-плана/Фильтр Дата' is clicked on

09-12-2024T08:13:15 - [MESSAGE][PASSED] - Object: 'Object Repository/Выполнение бизнес-плана/Фильтр Дата' is clicked on

09-12-2024T08:13:15 - [TEST_STEP][PASSED] - scrollToElement(findTestObject("Выполнение бизнес-плана/2024 список"), 30): Scroll to object 'Object Repository/Выполнение бизнес-плана/2024 список' successfully

09-12-2024T08:13:16 - [MESSAGE][PASSED] - Scroll to object 'Object Repository/Выполнение бизнес-плана/2024 список' successfully

09-12-2024T08:13:16 - [TEST_STEP][PASSED] - click(findTestObject("Выполнение бизнес-плана/2024 список")): Object: 'Object Repository/Выполнение бизнес-плана/2024 список' is clicked on

09-12-2024T08:13:16 - [MESSAGE][PASSED] - Object: 'Object Repository/Выполнение бизнес-плана/2024 список' is clicked on

09-12-2024T08:13:16 - [TEST_STEP][PASSED] - scrollToElement(findTestObject("Выполнение бизнес-плана/4 квартал 2024 список"), 30): Scroll to object 'Object Repository/Выполнение бизнес-плана/4 квартал 2024 список' successfully

09-12-2024T08:13:16 - [MESSAGE][PASSED] - Scroll to object 'Object Repository/Выполнение бизнес-плана/4 квартал 2024 список' successfully

09-12-2024T08:13:16 - [TEST_STEP][PASSED] - scrollToElement(findTestObject("Выполнение бизнес-плана/Заголовок дашборда"), 30): Scroll to object 'Object Repository/Выполнение бизнес-плана/Заголовок дашборда' successfully

09-12-2024T08:13:17 - [MESSAGE][PASSED] - Scroll to object 'Object Repository/Выполнение бизнес-плана/Заголовок дашборда' successfully

09-12-2024T08:13:17 - [TEST_STEP][PASSED] - click(findTestObject("Выполнение бизнес-плана/1 квартал 2024 список")): Object: 'Object Repository/Выполнение бизнес-плана/1 квартал 2024 список' is clicked on

09-12-2024T08:13:17 - [MESSAGE][PASSED] - Object: 'Object Repository/Выполнение бизнес-плана/1 квартал 2024 список' is clicked on

09-12-2024T08:13:17 - [TEST_STEP][PASSED] - click(findTestObject("Выполнение бизнес-плана/Январь 2024")): Object: 'Object Repository/Выполнение бизнес-плана/Январь 2024' is clicked on

09-12-2024T08:13:17 - [MESSAGE][PASSED] - Object: 'Object Repository/Выполнение бизнес-плана/Январь 2024' is clicked on

09-12-2024T08:13:17 - [TEST_STEP][PASSED] - click(findTestObject("Выполнение бизнес-плана/Февраль 2024")): Object: 'Object Repository/Выполнение бизнес-плана/Февраль 2024' is clicked on

09-12-2024T08:13:18 - [MESSAGE][PASSED] - Object: 'Object Repository/Выполнение бизнес-плана/Февраль 2024' is clicked on

09-12-2024T08:13:18 - [TEST_STEP][PASSED] - click(findTestObject("Выполнение бизнес-плана/Март 2024")): Object: 'Object Repository/Выполнение бизнес-плана/Март 2024' is clicked on

09-12-2024T08:13:18 - [MESSAGE][PASSED] - Object: 'Object Repository/Выполнение бизнес-плана/Март 2024' is clicked on

09-12-2024T08:13:18 - [TEST_STEP][PASSED] - scrollToElement(findTestObject("Выполнение бизнес-плана/2 квартал 2024"), 30): Scroll to object 'Object Repository/Выполнение бизнес-плана/2 квартал 2024' successfully

09-12-2024T08:13:19 - [MESSAGE][PASSED] - Scroll to object 'Object Repository/Выполнение бизнес-плана/2 квартал 2024' successfully

09-12-2024T08:13:19 - [TEST_STEP][PASSED] - click(findTestObject("Выполнение бизнес-плана/2 квартал 2024")): Object: 'Object Repository/Выполнение бизнес-плана/2 квартал 2024' is clicked on

09-12-2024T08:13:19 - [MESSAGE][PASSED] - Object: 'Object Repository/Выполнение бизнес-плана/2 квартал 2024' is clicked on

09-12-2024T08:13:19 - [TEST_STEP][PASSED] - scrollToElement(findTestObject("Выполнение бизнес-плана/3 квартал 2024 список"), 30): Scroll to object 'Object Repository/Выполнение бизнес-плана/3 квартал 2024 список' successfully

09-12-2024T08:13:20 - [MESSAGE][PASSED] - Scroll to object 'Object Repository/Выполнение бизнес-плана/3 квартал 2024 список' successfully

09-12-2024T08:13:20 - [TEST_STEP][PASSED] - click(findTestObject("Выполнение бизнес-плана/3 квартал 2024"), CONTINUE_ON_FAILURE): Object: 'Object Repository/Выполнение бизнес-плана/3 квартал 2024' is clicked on

09-12-2024T08:13:20 - [MESSAGE][PASSED] - Object: 'Object Repository/Выполнение бизнес-плана/3 квартал 2024' is clicked on

09-12-2024T08:13:20 - [TEST_STEP][PASSED] - scrollToElement(findTestObject("Выполнение бизнес-плана/4 квартал 2024 список"), 30): Scroll to object 'Object Repository/Выполнение бизнес-плана/4 квартал 2024 список' successfully

09-12-2024T08:13:21 - [MESSAGE][PASSED] - Scroll to object 'Object Repository/Выполнение бизнес-плана/4 квартал 2024 список' successfully

09-12-2024T08:13:21 - [TEST_STEP][PASSED] - click(findTestObject("Выполнение бизнес-плана/4 квартал 2024 список"), CONTINUE_ON_FAILURE): Object: 'Object Repository/Выполнение бизнес-плана/4 квартал 2024 список' is clicked on

09-12-2024T08:13:21 - [MESSAGE][PASSED] - Object: 'Object Repository/Выполнение бизнес-плана/4 квартал 2024 список' is clicked on

09-12-2024T08:13:21 - [TEST_STEP][PASSED] - scrollToElement(findTestObject("Выполнение бизнес-плана/Октябрь 2024"), 30): Scroll to object 'Object Repository/Выполнение бизнес-плана/Октябрь 2024' successfully

09-12-2024T08:13:21 - [MESSAGE][PASSED] - Scroll to object 'Object Repository/Выполнение бизнес-плана/Октябрь 2024' successfully

09-12-2024T08:13:21 - [TEST_STEP][PASSED] - click(findTestObject("Выполнение бизнес-плана/Октябрь 2024"), CONTINUE_ON_FAILURE): Object: 'Object Repository/Выполнение бизнес-плана/Октябрь 2024' is clicked on

09-12-2024T08:13:22 - [MESSAGE][PASSED] - Object: 'Object Repository/Выполнение бизнес-плана/Октябрь 2024' is clicked on

09-12-2024T08:13:22 - [TEST_STEP][PASSED] - click(findTestObject("Object Repository/Выполнение бизнес-плана/Применить в фильтре Дата")): Object: 'Object Repository/Выполнение бизнес-плана/Применить в фильтре Дата' is clicked on

09-12-2024T08:13:23 - [MESSAGE][PASSED] - Object: 'Object Repository/Выполнение бизнес-плана/Применить в фильтре Дата' is clicked on

09-12-2024T08:13:23 - [TEST_STEP][PASSED] - scrollToElement(findTestObject("Выполнение бизнес-плана/Заголовок дашборда"), 30): Scroll to object 'Object Repository/Выполнение бизнес-плана/Заголовок дашборда' successfully

09-12-2024T08:13:53 - [MESSAGE][PASSED] - Scroll to object 'Object Repository/Выполнение бизнес-плана/Заголовок дашборда' successfully

09-12-2024T08:13:53 - [TEST_STEP][PASSED] - delay(65): Delayed 65 second(s)

09-12-2024T08:14:58 - [MESSAGE][PASSED] - Delayed 65 second(s)

09-12-2024T08:14:58 - [TEST_STEP][PASSED] - Script1686231490255.ZakrytOpoveshenie(): null

09-12-2024T08:14:58 - [TEST_STEP][PASSED] - opoveshenie = getText(findTestObject("Выполнение бизнес-плана/Просьба обратить внимание")): Text of object 'Object Repository/Выполнение бизнес-плана/Просьба обратить внимание' is: 'Просьба обратить внимание'

09-12-2024T08:14:58 - [MESSAGE][PASSED] - Text of object 'Object Repository/Выполнение бизнес-плана/Просьба обратить внимание' is: 'Просьба обратить внимание'

09-12-2024T08:14:58 - [TEST_STEP][PASSED] - println(opoveshenie): null

09-12-2024T08:14:58 - [TEST_STEP][PASSED] - if (opoveshenie == "Просьба обратить внимание"): Object: 'Object Repository/Выполнение бизнес-плана/Закрыть оповещение' is clicked on

09-12-2024T08:14:58 - [TEST_STEP][PASSED] - click(findTestObject("Выполнение бизнес-плана/Закрыть оповещение")): Object: 'Object Repository/Выполнение бизнес-плана/Закрыть оповещение' is clicked on

09-12-2024T08:14:58 - [MESSAGE][PASSED] - Object: 'Object Repository/Выполнение бизнес-плана/Закрыть оповещение' is clicked on

09-12-2024T08:14:58 - [TEST_STEP][PASSED] - click(findTestObject("Object Repository/Выполнение бизнес-плана/Фильтр ДЗО")): Object: 'Object Repository/Выполнение бизнес-плана/Фильтр ДЗО' is clicked on

09-12-2024T08:14:59 - [MESSAGE][PASSED] - Object: 'Object Repository/Выполнение бизнес-плана/Фильтр ДЗО' is clicked on

09-12-2024T08:14:59 - [TEST_STEP][PASSED] - click(findTestObject("Выполнение бизнес-плана/Снять выделение в фильтре ДЗО")): Object: 'Object Repository/Выполнение бизнес-плана/Снять выделение в фильтре ДЗО' is clicked on

09-12-2024T08:14:59 - [MESSAGE][PASSED] - Object: 'Object Repository/Выполнение бизнес-плана/Снять выделение в фильтре ДЗО' is clicked on

09-12-2024T08:14:59 - [TEST_STEP][PASSED] - click(findTestObject("Выполнение бизнес-плана/ПАО Россети")): Object: 'Object Repository/Выполнение бизнес-плана/ПАО Россети' is clicked on

09-12-2024T08:15:00 - [MESSAGE][PASSED] - Object: 'Object Repository/Выполнение бизнес-плана/ПАО Россети' is clicked on

09-12-2024T08:15:00 - [TEST_STEP][PASSED] - click(findTestObject("Object Repository/Выполнение бизнес-плана/Применить в фильтре ДЗО")): Object: 'Object Repository/Выполнение бизнес-плана/Применить в фильтре ДЗО' is clicked on

09-12-2024T08:15:01 - [MESSAGE][PASSED] - Object: 'Object Repository/Выполнение бизнес-плана/Применить в фильтре ДЗО' is clicked on

09-12-2024T08:15:01 - [TEST_STEP][PASSED] - delay(65): Delayed 65 second(s)

09-12-2024T08:16:06 - [MESSAGE][PASSED] - Delayed 65 second(s)

09-12-2024T08:16:06 - [TEST_STEP][PASSED] - if (run == 1): null

09-12-2024T08:16:06 - [TEST_STEP][PASSED] - if (run == 2): null

09-12-2024T08:16:06 - [TEST_STEP][PASSED] - user = "Андреева": null

09-12-2024T08:16:06 - [TEST_STEP][PASSED] - a1 = getText(findTestObject("Выполнение бизнес-плана/Проценты")): Text of object 'Object Repository/Выполнение бизнес-плана/Проценты' is: '%
5.39 5.39
5.35 5.35
План
Факт
1
100'

09-12-2024T08:16:06 - [MESSAGE][PASSED] - Text of object 'Object Repository/Выполнение бизнес-плана/Проценты' is: '%
5.39 5.39
5.35 5.35
План
Факт
1
100'

09-12-2024T08:16:06 - [TEST_STEP][PASSED] - a2 = getText(findTestObject("Выполнение бизнес-плана/vidget 2")): Text of object 'Object Repository/Выполнение бизнес-плана/vidget 2' is: 'АО «Тываэнерго»
АО «Чеченэнерго»
Россети Северный Кавказ
Россети Сибирь
Россети Тюмень
Россети Центр (ГК)
Россети Центр и Приволжье (ГК)
0
10
20
30
40
50
60
70'

09-12-2024T08:16:06 - [MESSAGE][PASSED] - Text of object 'Object Repository/Выполнение бизнес-плана/vidget 2' is: 'АО «Тываэнерго»
АО «Чеченэнерго»
Россети Северный Кавказ
Россети Сибирь
Россети Тюмень
Россети Центр (ГК)
Россети Центр и Приволжье (ГК)
0
10
20
30
40
50
60
70'

09-12-2024T08:16:06 - [TEST_STEP][PASSED] - a3 = getText(findTestObject("Выполнение бизнес-плана/table")): Text of object 'Object Repository/Выполнение бизнес-плана/table' is: ''

09-12-2024T08:16:07 - [MESSAGE][PASSED] - Text of object 'Object Repository/Выполнение бизнес-плана/table' is: ''

09-12-2024T08:16:07 - [TEST_STEP][PASSED] - a4 = getText(findTestObject("Выполнение бизнес-плана/Список ДЗО")): Text of object 'Object Repository/Выполнение бизнес-плана/Список ДЗО' is: '-0.07
3.72
3.84
-0.05
0.15
-0.50
-0.27
АО «Тываэнерго»
АО «Чеченэнерго»
Россети Северный Кавказ
Россети Сибирь
Россети Тюмень
Россети Центр (ГК)
Россети Центр и Приволжье (ГК)
-1
0
1
2
3
4
5
6
7'

09-12-2024T08:16:07 - [MESSAGE][PASSED] - Text of object 'Object Repository/Выполнение бизнес-плана/Список ДЗО' is: '-0.07
3.72
3.84
-0.05
0.15
-0.50
-0.27
АО «Тываэнерго»
АО «Чеченэнерго»
Россети Северный Кавказ
Россети Сибирь
Россети Тюмень
Россети Центр (ГК)
Россети Центр и Приволжье (ГК)
-1
0
1
2
3
4
5
6
7'

09-12-2024T08:16:07 - [TEST_STEP][PASSED] - a5 = getText(findTestObject("Выполнение бизнес-плана/svg1")): Text of object 'Object Repository/Выполнение бизнес-плана/svg1' is: '%
5.39 5.39
5.35 5.35
План
Факт
1
100'

09-12-2024T08:16:07 - [MESSAGE][PASSED] - Text of object 'Object Repository/Выполнение бизнес-плана/svg1' is: '%
5.39 5.39
5.35 5.35
План
Факт
1
100'

09-12-2024T08:16:07 - [TEST_STEP][PASSED] - a6 = getText(findTestObject("Выполнение бизнес-плана/svg2")): Text of object 'Object Repository/Выполнение бизнес-плана/svg2' is: 'п.п.
0.04
Итого
0
0.02
0.04
0.06'

09-12-2024T08:16:08 - [MESSAGE][PASSED] - Text of object 'Object Repository/Выполнение бизнес-плана/svg2' is: 'п.п.
0.04
Итого
0
0.02
0.04
0.06'

09-12-2024T08:16:08 - [TEST_STEP][PASSED] - a7 = getText(findTestObject("Выполнение бизнес-плана/Значения со страницы Выполнение бизнес-плана/Факт Отпуск в сеть за отчётный период ПАО Россети")): Text of object 'Object Repository/Выполнение бизнес-плана/Значения со страницы Выполнение бизнес-плана/Факт Отпуск в сеть за отчётный период ПАО Россети' is: '211 719 944'

09-12-2024T08:16:08 - [MESSAGE][PASSED] - Text of object 'Object Repository/Выполнение бизнес-плана/Значения со страницы Выполнение бизнес-плана/Факт Отпуск в сеть за отчётный период ПАО Россети' is: '211 719 944'

09-12-2024T08:16:08 - [TEST_STEP][PASSED] - a8 = getText(findTestObject("Выполнение бизнес-плана/Значения со страницы Выполнение бизнес-плана/Факт Отпуск из сети за отчётный период ПАО Россети")): Text of object 'Object Repository/Выполнение бизнес-плана/Значения со страницы Выполнение бизнес-плана/Факт Отпуск из сети за отчётный период ПАО Россети' is: '192 987 366'

09-12-2024T08:16:08 - [MESSAGE][PASSED] - Text of object 'Object Repository/Выполнение бизнес-плана/Значения со страницы Выполнение бизнес-плана/Факт Отпуск из сети за отчётный период ПАО Россети' is: '192 987 366'

09-12-2024T08:16:08 - [TEST_STEP][PASSED] - a9 = getText(findTestObject("Выполнение бизнес-плана/Значения со страницы Выполнение бизнес-плана/Факт Потери за отчётный период ПАО Россети")): Text of object 'Object Repository/Выполнение бизнес-плана/Значения со страницы Выполнение бизнес-плана/Факт Потери за отчётный период ПАО Россети' is: '18 732 578'

09-12-2024T08:16:09 - [MESSAGE][PASSED] - Text of object 'Object Repository/Выполнение бизнес-плана/Значения со страницы Выполнение бизнес-плана/Факт Потери за отчётный период ПАО Россети' is: '18 732 578'

09-12-2024T08:16:09 - [TEST_STEP][PASSED] - n = n + 1: null

09-12-2024T08:16:09 - [TEST_STEP][PASSED] - b = data.getRowNumbers() + 1: null

09-12-2024T08:16:09 - [TEST_STEP][PASSED] - verifyEqual(findTestData("PlanFact").getValue(2, b), a1): Actual object '%
5.39 5.39
5.35 5.35
План
Факт
1
100' and expected object '%
5.39 5.39
5.35 5.35
План
Факт
1
100' are equal

09-12-2024T08:16:09 - [MESSAGE][PASSED] - Actual object '%
5.39 5.39
5.35 5.35
План
Факт
1
100' and expected object '%
5.39 5.39
5.35 5.35
План
Факт
1
100' are equal

09-12-2024T08:16:09 - [TEST_STEP][PASSED] - verifyEqual(findTestData("PlanFact").getValue(3, b), a2): Actual object 'АО «Тываэнерго»
АО «Чеченэнерго»
Россети Северный Кавказ
Россети Сибирь
Россети Тюмень
Россети Центр (ГК)
Россети Центр и Приволжье (ГК)
0
10
20
30
40
50
60
70' and expected object 'АО «Тываэнерго»
АО «Чеченэнерго»
Россети Северный Кавказ
Россети Сибирь
Россети Тюмень
Россети Центр (ГК)
Россети Центр и Приволжье (ГК)
0
10
20
30
40
50
60
70' are equal

09-12-2024T08:16:09 - [MESSAGE][PASSED] - Actual object 'АО «Тываэнерго»
АО «Чеченэнерго»
Россети Северный Кавказ
Россети Сибирь
Россети Тюмень
Россети Центр (ГК)
Россети Центр и Приволжье (ГК)
0
10
20
30
40
50
60
70' and expected object 'АО «Тываэнерго»
АО «Чеченэнерго»
Россети Северный Кавказ
Россети Сибирь
Россети Тюмень
Россети Центр (ГК)
Россети Центр и Приволжье (ГК)
0
10
20
30
40
50
60
70' are equal

09-12-2024T08:16:09 - [TEST_STEP][PASSED] - verifyEqual(findTestData("PlanFact").getValue(4, b), a3): Actual object '' and expected object '' are equal

09-12-2024T08:16:09 - [MESSAGE][PASSED] - Actual object '' and expected object '' are equal

09-12-2024T08:16:09 - [TEST_STEP][PASSED] - verifyEqual(findTestData("PlanFact").getValue(5, b), a4): Actual object '-0.07
3.72
3.84
-0.05
0.15
-0.50
-0.27
АО «Тываэнерго»
АО «Чеченэнерго»
Россети Северный Кавказ
Россети Сибирь
Россети Тюмень
Россети Центр (ГК)
Россети Центр и Приволжье (ГК)
-1
0
1
2
3
4
5
6
7' and expected object '-0.07
3.72
3.84
-0.05
0.15
-0.50
-0.27
АО «Тываэнерго»
АО «Чеченэнерго»
Россети Северный Кавказ
Россети Сибирь
Россети Тюмень
Россети Центр (ГК)
Россети Центр и Приволжье (ГК)
-1
0
1
2
3
4
5
6
7' are equal

09-12-2024T08:16:09 - [MESSAGE][PASSED] - Actual object '-0.07
3.72
3.84
-0.05
0.15
-0.50
-0.27
АО «Тываэнерго»
АО «Чеченэнерго»
Россети Северный Кавказ
Россети Сибирь
Россети Тюмень
Россети Центр (ГК)
Россети Центр и Приволжье (ГК)
-1
0
1
2
3
4
5
6
7' and expected object '-0.07
3.72
3.84
-0.05
0.15
-0.50
-0.27
АО «Тываэнерго»
АО «Чеченэнерго»
Россети Северный Кавказ
Россети Сибирь
Россети Тюмень
Россети Центр (ГК)
Россети Центр и Приволжье (ГК)
-1
0
1
2
3
4
5
6
7' are equal

09-12-2024T08:16:09 - [TEST_STEP][PASSED] - verifyEqual(findTestData("PlanFact").getValue(6, b), a5): Actual object '%
5.39 5.39
5.35 5.35
План
Факт
1
100' and expected object '%
5.39 5.39
5.35 5.35
План
Факт
1
100' are equal

09-12-2024T08:16:09 - [MESSAGE][PASSED] - Actual object '%
5.39 5.39
5.35 5.35
План
Факт
1
100' and expected object '%
5.39 5.39
5.35 5.35
План
Факт
1
100' are equal

09-12-2024T08:16:09 - [TEST_STEP][PASSED] - verifyEqual(findTestData("PlanFact").getValue(7, b), a6): Actual object 'п.п.
0.04
Итого
0
0.02
0.04
0.06' and expected object 'п.п.
0.04
Итого
0
0.02
0.04
0.06' are equal

09-12-2024T08:16:09 - [MESSAGE][PASSED] - Actual object 'п.п.
0.04
Итого
0
0.02
0.04
0.06' and expected object 'п.п.
0.04
Итого
0
0.02
0.04
0.06' are equal

09-12-2024T08:16:09 - [TEST_STEP][PASSED] - verifyEqual(findTestData("PlanFact").getValue(8, b), a7): Actual object '211 719 944' and expected object '211 719 944' are equal

09-12-2024T08:16:09 - [MESSAGE][PASSED] - Actual object '211 719 944' and expected object '211 719 944' are equal

09-12-2024T08:16:09 - [TEST_STEP][PASSED] - verifyEqual(findTestData("PlanFact").getValue(9, b), a8): Actual object '192 987 366' and expected object '192 987 366' are equal

09-12-2024T08:16:09 - [MESSAGE][PASSED] - Actual object '192 987 366' and expected object '192 987 366' are equal

09-12-2024T08:16:09 - [TEST_STEP][PASSED] - verifyEqual(findTestData("PlanFact").getValue(10, b), a9): Actual object '18 732 578' and expected object '18 732 578' are equal

09-12-2024T08:16:09 - [MESSAGE][PASSED] - Actual object '18 732 578' and expected object '18 732 578' are equal

09-12-2024T08:16:09 - [TEST_STEP][PASSED] - Script1686231490255.WriteToExcel(user, dashboardName, n, data, run, a1, a2, a3, a4, a5, a6, a7, a8, a9): null

09-12-2024T08:16:09 - [TEST_STEP][PASSED] - sheetName = "Sheet1": null

09-12-2024T08:16:09 - [TEST_STEP][PASSED] - workbook01 = getWorkbook(excelFilePath): null

09-12-2024T08:16:09 - [TEST_STEP][PASSED] - sheet01 = getExcelSheet(workbook01, sheetName): null

09-12-2024T08:16:09 - [TEST_STEP][PASSED] - setValueToCellByIndex(sheet01, n, 0, dashboardName): null

09-12-2024T08:16:09 - [TEST_STEP][PASSED] - setValueToCellByIndex(sheet01, n, 10, user): null

09-12-2024T08:16:09 - [TEST_STEP][PASSED] - setValueToCellByIndex(sheet01, n, 1, a1): null

09-12-2024T08:16:09 - [TEST_STEP][PASSED] - setValueToCellByIndex(sheet01, n, 2, a2): null

09-12-2024T08:16:09 - [TEST_STEP][PASSED] - setValueToCellByIndex(sheet01, n, 3, a3): null

09-12-2024T08:16:09 - [TEST_STEP][PASSED] - setValueToCellByIndex(sheet01, n, 4, a4): null

09-12-2024T08:16:09 - [TEST_STEP][PASSED] - setValueToCellByIndex(sheet01, n, 5, a5): null

09-12-2024T08:16:09 - [TEST_STEP][PASSED] - setValueToCellByIndex(sheet01, n, 6, a6): null

09-12-2024T08:16:09 - [TEST_STEP][PASSED] - setValueToCellByIndex(sheet01, n, 7, a7): null

09-12-2024T08:16:09 - [TEST_STEP][PASSED] - setValueToCellByIndex(sheet01, n, 8, a8): null

09-12-2024T08:16:09 - [TEST_STEP][PASSED] - setValueToCellByIndex(sheet01, n, 9, a9): null

09-12-2024T08:16:09 - [TEST_STEP][PASSED] - n = n + 1: null

09-12-2024T08:16:09 - [TEST_STEP][PASSED] - saveWorkbook(excelFilePath, workbook01): null

09-12-2024T08:16:09 - [TEST_STEP][PASSED] - if (run == 3): null

09-12-2024T08:16:09 - [TEST_STEP][PASSED] - closeBrowser(): null

09-12-2024T08:16:10 - [MESSAGE][PASSED] - Browser is closed

09-12-2024T08:16:10 - [TEST_STEP][PASSED] - VipolnenieBiznesPlana(user, dashboardName, n, data, run, a1, a2, a3, a4, a5, a6, a7, a8, a9, urlData): null

09-12-2024T08:16:10 - [TEST_STEP][PASSED] - n = data.getRowNumbers() + 1: null

09-12-2024T08:16:10 - [TEST_STEP][PASSED] - println(n): null

09-12-2024T08:16:10 - [TEST_STEP][PASSED] - dashboardName = "Выполнение бизнес-плана": null

09-12-2024T08:16:10 - [TEST_STEP][PASSED] - openBrowser(""): Browser is opened with url: ''

09-12-2024T08:16:10 - [MESSAGE][INFO] - Starting 'Chrome' driver

09-12-2024T08:16:10 - [MESSAGE][INFO] - Action delay is set to 0 milliseconds

09-12-2024T08:16:11 - [MESSAGE][PASSED] - Browser is opened with url: ''

09-12-2024T08:16:11 - [TEST_STEP][PASSED] - urlData = 1: null

09-12-2024T08:16:11 - [TEST_STEP][PASSED] - Script1686231490255.CheckPageDownload(urlData, run): null

09-12-2024T08:16:11 - [TEST_STEP][PASSED] - i = 1: null

09-12-2024T08:16:11 - [TEST_STEP][PASSED] - ii = 0: null

09-12-2024T08:16:11 - [TEST_STEP][PASSED] - urlText = <not implemented yet for class: org.codehaus.groovy.ast.expr.EmptyExpression>: null

09-12-2024T08:16:11 - [TEST_STEP][PASSED] - searchWord = <not implemented yet for class: org.codehaus.groovy.ast.expr.EmptyExpression>: null

09-12-2024T08:16:11 - [TEST_STEP][PASSED] - deleteAllCookies(): Delete all cookies successfully

09-12-2024T08:16:11 - [MESSAGE][PASSED] - Delete all cookies successfully

09-12-2024T08:16:11 - [TEST_STEP][PASSED] - refresh(): Refresh successfully

09-12-2024T08:16:11 - [MESSAGE][PASSED] - Refresh successfully

09-12-2024T08:16:11 - [TEST_STEP][PASSED] - delay(65): Delayed 65 second(s)

09-12-2024T08:17:16 - [MESSAGE][PASSED] - Delayed 65 second(s)

09-12-2024T08:17:16 - [TEST_STEP][PASSED] - navigateToUrl(findTestData("PlanFact").getValue(10, urlData)): Navigate to 'https://bi.rosseti.digital/viewer?dashboardGuid=d154a8eaf6824e2b9de1bb04dd061c18&sheetGuid=1305e8ce744049e1abdacea1ea397a26&fit=true' successfully

09-12-2024T08:17:31 - [MESSAGE][PASSED] - Navigate to 'https://bi.rosseti.digital/viewer?dashboardGuid=d154a8eaf6824e2b9de1bb04dd061c18&sheetGuid=1305e8ce744049e1abdacea1ea397a26&fit=true' successfully

09-12-2024T08:17:31 - [TEST_STEP][PASSED] - pageLoaded1 = verifyElementPresent(findTestObject("Страница авторизации/Text"), 30): Object 'Object Repository/Страница авторизации/Text' is present

09-12-2024T08:17:32 - [MESSAGE][PASSED] - Object 'Object Repository/Страница авторизации/Text' is present

09-12-2024T08:17:32 - [TEST_STEP][PASSED] - if (pageLoaded1 == false): null

09-12-2024T08:17:32 - [TEST_STEP][PASSED] - urlText = getText(findTestObject("Страница авторизации/Text")): Text of object 'Object Repository/Страница авторизации/Text' is: 'Вход'

09-12-2024T08:17:32 - [MESSAGE][PASSED] - Text of object 'Object Repository/Страница авторизации/Text' is: 'Вход'

09-12-2024T08:17:32 - [TEST_STEP][PASSED] - delay(65): Delayed 65 second(s)

09-12-2024T08:18:37 - [MESSAGE][PASSED] - Delayed 65 second(s)

09-12-2024T08:18:37 - [TEST_STEP][PASSED] - searchWord = "Вход": null

09-12-2024T08:18:37 - [TEST_STEP][PASSED] - if (urlText.contains(searchWord) == false): null

09-12-2024T08:18:37 - [TEST_STEP][PASSED] - setText(findTestObject("Страница авторизации/input__username"), findTestData("PlanFact").getValue(8, run)): Text 'Petrova-OV' is set on object 'Object Repository/Страница авторизации/input__username'

09-12-2024T08:18:38 - [MESSAGE][PASSED] - Text 'Petrova-OV' is set on object 'Object Repository/Страница авторизации/input__username'

09-12-2024T08:18:38 - [TEST_STEP][PASSED] - setText(findTestObject("Страница авторизации/input__password"), findTestData("PlanFact").getValue(9, run)): Text '4Ex@~R53r&3x&BVe7' is set on object 'Object Repository/Страница авторизации/input__password'

09-12-2024T08:18:38 - [MESSAGE][PASSED] - Text '4Ex@~R53r&3x&BVe7' is set on object 'Object Repository/Страница авторизации/input__password'

09-12-2024T08:18:38 - [TEST_STEP][PASSED] - click(findTestObject("Страница авторизации/button_")): Object: 'Object Repository/Страница авторизации/button_' is clicked on

09-12-2024T08:18:42 - [MESSAGE][PASSED] - Object: 'Object Repository/Страница авторизации/button_' is clicked on

09-12-2024T08:18:42 - [TEST_STEP][PASSED] - delay(65): Delayed 65 second(s)

09-12-2024T08:19:47 - [MESSAGE][PASSED] - Delayed 65 second(s)

09-12-2024T08:19:47 - [TEST_STEP][PASSED] - searchWord = "а": null

09-12-2024T08:19:47 - [TEST_STEP][PASSED] - pageLoaded2 = verifyElementPresent(findTestObject("Страница авторизации/Text"), 50): Object 'Object Repository/Страница авторизации/Text' is present

09-12-2024T08:20:17 - [MESSAGE][PASSED] - Object 'Object Repository/Страница авторизации/Text' is present

09-12-2024T08:20:17 - [TEST_STEP][PASSED] - if (pageLoaded2 == false): null

09-12-2024T08:20:17 - [TEST_STEP][PASSED] - urlText = getText(findTestObject("Страница авторизации/Text")): Text of object 'Object Repository/Страница авторизации/Text' is: 'ДЗО 
Все
Период
1, 2, 3 кв., Октябрь 2024 года
Отклонения фактического уровня потерь от бизнес-плана, п.п.
-0.07
3.72
3.84
-0.05
0.15
-0.50
-0.27
АО «Тываэнерго»
АО «Чеченэнерго»
Россети Северный Кавказ
Россети Сибирь
Россети Тюмень
Россети Центр (ГК)
Россети Центр и Приволжье (ГК)
-1
0
1
2
3
4
5
6
7

Уровень потерь электроэнергии
АО «Тываэнерго»
АО «Чеченэнерго»
Россети Северный Кавказ
Россети Сибирь
Россети Тюмень
Россети Центр (ГК)
Россети Центр и Приволжье (ГК)
0
10
20
30
40
50
60
70
21.24
|
32.87
23.70
7.14
|
2.50
10.14
|
7.04
|
21.17
36.59
|
27.54
|
7.09
2.65
|
9.64
6.77
п.п.
0.04
Итого
0
0.02
0.04
0.06
%
5.39 5.39
5.35 5.35
План
Факт
1
100


Статус данных
Просьба обратить внимание
— все данные не занесены
Факт
План
Итого – Факт
Отпуск в сеть 211 719 944
Отпуск из сети 192 987 366
Потери 18 732 578
Итого – План
Отпуск в сеть 206 707 707
Отпуск из сети 189 135 798
Потери 17 571 909
Выполнение бизнес-плана в части показателя «Уровень потерь электроэнергии»
Показатели баланса электроэнергии по ДЗО – Факт 
Показатели баланса электроэнергии по ДЗО – План'

09-12-2024T08:20:48 - [MESSAGE][PASSED] - Text of object 'Object Repository/Страница авторизации/Text' is: 'ДЗО 
Все
Период
1, 2, 3 кв., Октябрь 2024 года
Отклонения фактического уровня потерь от бизнес-плана, п.п.
-0.07
3.72
3.84
-0.05
0.15
-0.50
-0.27
АО «Тываэнерго»
АО «Чеченэнерго»
Россети Северный Кавказ
Россети Сибирь
Россети Тюмень
Россети Центр (ГК)
Россети Центр и Приволжье (ГК)
-1
0
1
2
3
4
5
6
7

Уровень потерь электроэнергии
АО «Тываэнерго»
АО «Чеченэнерго»
Россети Северный Кавказ
Россети Сибирь
Россети Тюмень
Россети Центр (ГК)
Россети Центр и Приволжье (ГК)
0
10
20
30
40
50
60
70
21.24
|
32.87
23.70
7.14
|
2.50
10.14
|
7.04
|
21.17
36.59
|
27.54
|
7.09
2.65
|
9.64
6.77
п.п.
0.04
Итого
0
0.02
0.04
0.06
%
5.39 5.39
5.35 5.35
План
Факт
1
100


Статус данных
Просьба обратить внимание
— все данные не занесены
Факт
План
Итого – Факт
Отпуск в сеть 211 719 944
Отпуск из сети 192 987 366
Потери 18 732 578
Итого – План
Отпуск в сеть 206 707 707
Отпуск из сети 189 135 798
Потери 17 571 909
Выполнение бизнес-плана в части показателя «Уровень потерь электроэнергии»
Показатели баланса электроэнергии по ДЗО – Факт 
Показатели баланса электроэнергии по ДЗО – План'

09-12-2024T08:20:48 - [TEST_STEP][PASSED] - if (urlText.contains("ошибка") || urlText.contains(searchWord) == false): null

09-12-2024T08:20:48 - [TEST_STEP][PASSED] - Script1686231490255.ZakrytOpoveshenie(): null

09-12-2024T08:20:48 - [TEST_STEP][PASSED] - opoveshenie = getText(findTestObject("Выполнение бизнес-плана/Просьба обратить внимание")): Text of object 'Object Repository/Выполнение бизнес-плана/Просьба обратить внимание' is: 'Просьба обратить внимание'

09-12-2024T08:21:18 - [MESSAGE][PASSED] - Text of object 'Object Repository/Выполнение бизнес-плана/Просьба обратить внимание' is: 'Просьба обратить внимание'

09-12-2024T08:21:18 - [TEST_STEP][PASSED] - println(opoveshenie): null

09-12-2024T08:21:18 - [TEST_STEP][PASSED] - if (opoveshenie == "Просьба обратить внимание"): Object: 'Object Repository/Выполнение бизнес-плана/Закрыть оповещение' is clicked on

09-12-2024T08:21:18 - [TEST_STEP][PASSED] - click(findTestObject("Выполнение бизнес-плана/Закрыть оповещение")): Object: 'Object Repository/Выполнение бизнес-плана/Закрыть оповещение' is clicked on

09-12-2024T08:21:40 - [MESSAGE][PASSED] - Object: 'Object Repository/Выполнение бизнес-плана/Закрыть оповещение' is clicked on

09-12-2024T08:21:40 - [TEST_STEP][PASSED] - click(findTestObject("Object Repository/Выполнение бизнес-плана/Фильтр Дата")): Object: 'Object Repository/Выполнение бизнес-плана/Фильтр Дата' is clicked on

09-12-2024T08:21:41 - [MESSAGE][PASSED] - Object: 'Object Repository/Выполнение бизнес-плана/Фильтр Дата' is clicked on

09-12-2024T08:21:41 - [TEST_STEP][PASSED] - click(findTestObject("Выполнение бизнес-плана/Снять выделение в фильтре Дата")): Object: 'Object Repository/Выполнение бизнес-плана/Снять выделение в фильтре Дата' is clicked on

09-12-2024T08:21:41 - [MESSAGE][PASSED] - Object: 'Object Repository/Выполнение бизнес-плана/Снять выделение в фильтре Дата' is clicked on

09-12-2024T08:21:41 - [TEST_STEP][PASSED] - click(findTestObject("Object Repository/Выполнение бизнес-плана/Применить в фильтре Дата")): Object: 'Object Repository/Выполнение бизнес-плана/Применить в фильтре Дата' is clicked on

09-12-2024T08:21:42 - [MESSAGE][PASSED] - Object: 'Object Repository/Выполнение бизнес-плана/Применить в фильтре Дата' is clicked on

09-12-2024T08:21:42 - [TEST_STEP][PASSED] - delay(65): Delayed 65 second(s)

09-12-2024T08:22:47 - [MESSAGE][PASSED] - Delayed 65 second(s)

09-12-2024T08:22:47 - [TEST_STEP][PASSED] - Script1686231490255.ZakrytOpoveshenie(): null

09-12-2024T08:22:47 - [TEST_STEP][PASSED] - opoveshenie = getText(findTestObject("Выполнение бизнес-плана/Просьба обратить внимание")): Text of object 'Object Repository/Выполнение бизнес-плана/Просьба обратить внимание' is: 'Просьба обратить внимание'

09-12-2024T08:22:48 - [MESSAGE][PASSED] - Text of object 'Object Repository/Выполнение бизнес-плана/Просьба обратить внимание' is: 'Просьба обратить внимание'

09-12-2024T08:22:48 - [TEST_STEP][PASSED] - println(opoveshenie): null

09-12-2024T08:22:48 - [TEST_STEP][PASSED] - if (opoveshenie == "Просьба обратить внимание"): Object: 'Object Repository/Выполнение бизнес-плана/Закрыть оповещение' is clicked on

09-12-2024T08:22:48 - [TEST_STEP][PASSED] - click(findTestObject("Выполнение бизнес-плана/Закрыть оповещение")): Object: 'Object Repository/Выполнение бизнес-плана/Закрыть оповещение' is clicked on

09-12-2024T08:22:48 - [MESSAGE][PASSED] - Object: 'Object Repository/Выполнение бизнес-плана/Закрыть оповещение' is clicked on

09-12-2024T08:22:48 - [TEST_STEP][PASSED] - click(findTestObject("Object Repository/Выполнение бизнес-плана/Фильтр Дата")): Object: 'Object Repository/Выполнение бизнес-плана/Фильтр Дата' is clicked on

09-12-2024T08:22:48 - [MESSAGE][PASSED] - Object: 'Object Repository/Выполнение бизнес-плана/Фильтр Дата' is clicked on

09-12-2024T08:22:48 - [TEST_STEP][PASSED] - scrollToElement(findTestObject("Выполнение бизнес-плана/2024 список"), 30): Scroll to object 'Object Repository/Выполнение бизнес-плана/2024 список' successfully

09-12-2024T08:22:49 - [MESSAGE][PASSED] - Scroll to object 'Object Repository/Выполнение бизнес-плана/2024 список' successfully

09-12-2024T08:22:49 - [TEST_STEP][PASSED] - click(findTestObject("Выполнение бизнес-плана/2024 список")): Object: 'Object Repository/Выполнение бизнес-плана/2024 список' is clicked on

09-12-2024T08:22:49 - [MESSAGE][PASSED] - Object: 'Object Repository/Выполнение бизнес-плана/2024 список' is clicked on

09-12-2024T08:22:49 - [TEST_STEP][PASSED] - scrollToElement(findTestObject("Выполнение бизнес-плана/4 квартал 2024 список"), 30): Scroll to object 'Object Repository/Выполнение бизнес-плана/4 квартал 2024 список' successfully

09-12-2024T08:22:50 - [MESSAGE][PASSED] - Scroll to object 'Object Repository/Выполнение бизнес-плана/4 квартал 2024 список' successfully

09-12-2024T08:22:50 - [TEST_STEP][PASSED] - scrollToElement(findTestObject("Выполнение бизнес-плана/Заголовок дашборда"), 30): Scroll to object 'Object Repository/Выполнение бизнес-плана/Заголовок дашборда' successfully

09-12-2024T08:22:50 - [MESSAGE][PASSED] - Scroll to object 'Object Repository/Выполнение бизнес-плана/Заголовок дашборда' successfully

09-12-2024T08:22:50 - [TEST_STEP][PASSED] - click(findTestObject("Выполнение бизнес-плана/1 квартал 2024 список")): Object: 'Object Repository/Выполнение бизнес-плана/1 квартал 2024 список' is clicked on

09-12-2024T08:22:50 - [MESSAGE][PASSED] - Object: 'Object Repository/Выполнение бизнес-плана/1 квартал 2024 список' is clicked on

09-12-2024T08:22:50 - [TEST_STEP][PASSED] - click(findTestObject("Выполнение бизнес-плана/Январь 2024")): Object: 'Object Repository/Выполнение бизнес-плана/Январь 2024' is clicked on

09-12-2024T08:22:51 - [MESSAGE][PASSED] - Object: 'Object Repository/Выполнение бизнес-плана/Январь 2024' is clicked on

09-12-2024T08:22:51 - [TEST_STEP][PASSED] - click(findTestObject("Выполнение бизнес-плана/Февраль 2024")): Object: 'Object Repository/Выполнение бизнес-плана/Февраль 2024' is clicked on

09-12-2024T08:22:51 - [MESSAGE][PASSED] - Object: 'Object Repository/Выполнение бизнес-плана/Февраль 2024' is clicked on

09-12-2024T08:22:51 - [TEST_STEP][PASSED] - click(findTestObject("Выполнение бизнес-плана/Март 2024")): Object: 'Object Repository/Выполнение бизнес-плана/Март 2024' is clicked on

09-12-2024T08:22:52 - [MESSAGE][PASSED] - Object: 'Object Repository/Выполнение бизнес-плана/Март 2024' is clicked on

09-12-2024T08:22:52 - [TEST_STEP][PASSED] - scrollToElement(findTestObject("Выполнение бизнес-плана/2 квартал 2024"), 30): Scroll to object 'Object Repository/Выполнение бизнес-плана/2 квартал 2024' successfully

09-12-2024T08:22:52 - [MESSAGE][PASSED] - Scroll to object 'Object Repository/Выполнение бизнес-плана/2 квартал 2024' successfully

09-12-2024T08:22:52 - [TEST_STEP][PASSED] - click(findTestObject("Выполнение бизнес-плана/2 квартал 2024")): Object: 'Object Repository/Выполнение бизнес-плана/2 квартал 2024' is clicked on

09-12-2024T08:22:53 - [MESSAGE][PASSED] - Object: 'Object Repository/Выполнение бизнес-плана/2 квартал 2024' is clicked on

09-12-2024T08:22:53 - [TEST_STEP][PASSED] - scrollToElement(findTestObject("Выполнение бизнес-плана/3 квартал 2024 список"), 30): Scroll to object 'Object Repository/Выполнение бизнес-плана/3 квартал 2024 список' successfully

09-12-2024T08:22:53 - [MESSAGE][PASSED] - Scroll to object 'Object Repository/Выполнение бизнес-плана/3 квартал 2024 список' successfully

09-12-2024T08:22:53 - [TEST_STEP][PASSED] - click(findTestObject("Выполнение бизнес-плана/3 квартал 2024"), CONTINUE_ON_FAILURE): Object: 'Object Repository/Выполнение бизнес-плана/3 квартал 2024' is clicked on

09-12-2024T08:22:54 - [MESSAGE][PASSED] - Object: 'Object Repository/Выполнение бизнес-плана/3 квартал 2024' is clicked on

09-12-2024T08:22:54 - [TEST_STEP][PASSED] - scrollToElement(findTestObject("Выполнение бизнес-плана/4 квартал 2024 список"), 30): Scroll to object 'Object Repository/Выполнение бизнес-плана/4 квартал 2024 список' successfully

09-12-2024T08:22:54 - [MESSAGE][PASSED] - Scroll to object 'Object Repository/Выполнение бизнес-плана/4 квартал 2024 список' successfully

09-12-2024T08:22:54 - [TEST_STEP][PASSED] - click(findTestObject("Выполнение бизнес-плана/4 квартал 2024 список"), CONTINUE_ON_FAILURE): Object: 'Object Repository/Выполнение бизнес-плана/4 квартал 2024 список' is clicked on

09-12-2024T08:22:54 - [MESSAGE][PASSED] - Object: 'Object Repository/Выполнение бизнес-плана/4 квартал 2024 список' is clicked on

09-12-2024T08:22:54 - [TEST_STEP][PASSED] - scrollToElement(findTestObject("Выполнение бизнес-плана/Октябрь 2024"), 30): Scroll to object 'Object Repository/Выполнение бизнес-плана/Октябрь 2024' successfully

09-12-2024T08:22:55 - [MESSAGE][PASSED] - Scroll to object 'Object Repository/Выполнение бизнес-плана/Октябрь 2024' successfully

09-12-2024T08:22:55 - [TEST_STEP][PASSED] - click(findTestObject("Выполнение бизнес-плана/Октябрь 2024"), CONTINUE_ON_FAILURE): Object: 'Object Repository/Выполнение бизнес-плана/Октябрь 2024' is clicked on

09-12-2024T08:22:55 - [MESSAGE][PASSED] - Object: 'Object Repository/Выполнение бизнес-плана/Октябрь 2024' is clicked on

09-12-2024T08:22:55 - [TEST_STEP][PASSED] - click(findTestObject("Object Repository/Выполнение бизнес-плана/Применить в фильтре Дата")): Object: 'Object Repository/Выполнение бизнес-плана/Применить в фильтре Дата' is clicked on

09-12-2024T08:22:56 - [MESSAGE][PASSED] - Object: 'Object Repository/Выполнение бизнес-плана/Применить в фильтре Дата' is clicked on

09-12-2024T08:22:56 - [TEST_STEP][PASSED] - scrollToElement(findTestObject("Выполнение бизнес-плана/Заголовок дашборда"), 30): Scroll to object 'Object Repository/Выполнение бизнес-плана/Заголовок дашборда' successfully

09-12-2024T08:23:26 - [MESSAGE][PASSED] - Scroll to object 'Object Repository/Выполнение бизнес-плана/Заголовок дашборда' successfully

09-12-2024T08:23:26 - [TEST_STEP][PASSED] - delay(65): Delayed 65 second(s)

09-12-2024T08:24:31 - [MESSAGE][PASSED] - Delayed 65 second(s)

09-12-2024T08:24:31 - [TEST_STEP][PASSED] - Script1686231490255.ZakrytOpoveshenie(): null

09-12-2024T08:24:31 - [TEST_STEP][PASSED] - opoveshenie = getText(findTestObject("Выполнение бизнес-плана/Просьба обратить внимание")): Text of object 'Object Repository/Выполнение бизнес-плана/Просьба обратить внимание' is: 'Просьба обратить внимание'

09-12-2024T08:24:31 - [MESSAGE][PASSED] - Text of object 'Object Repository/Выполнение бизнес-плана/Просьба обратить внимание' is: 'Просьба обратить внимание'

09-12-2024T08:24:31 - [TEST_STEP][PASSED] - println(opoveshenie): null

09-12-2024T08:24:31 - [TEST_STEP][PASSED] - if (opoveshenie == "Просьба обратить внимание"): Object: 'Object Repository/Выполнение бизнес-плана/Закрыть оповещение' is clicked on

09-12-2024T08:24:31 - [TEST_STEP][PASSED] - click(findTestObject("Выполнение бизнес-плана/Закрыть оповещение")): Object: 'Object Repository/Выполнение бизнес-плана/Закрыть оповещение' is clicked on

09-12-2024T08:24:32 - [MESSAGE][PASSED] - Object: 'Object Repository/Выполнение бизнес-плана/Закрыть оповещение' is clicked on

09-12-2024T08:24:32 - [TEST_STEP][PASSED] - click(findTestObject("Object Repository/Выполнение бизнес-плана/Фильтр ДЗО")): Object: 'Object Repository/Выполнение бизнес-плана/Фильтр ДЗО' is clicked on

09-12-2024T08:24:32 - [MESSAGE][PASSED] - Object: 'Object Repository/Выполнение бизнес-плана/Фильтр ДЗО' is clicked on

09-12-2024T08:24:32 - [TEST_STEP][PASSED] - click(findTestObject("Выполнение бизнес-плана/Снять выделение в фильтре ДЗО")): Object: 'Object Repository/Выполнение бизнес-плана/Снять выделение в фильтре ДЗО' is clicked on

09-12-2024T08:24:33 - [MESSAGE][PASSED] - Object: 'Object Repository/Выполнение бизнес-плана/Снять выделение в фильтре ДЗО' is clicked on

09-12-2024T08:24:33 - [TEST_STEP][PASSED] - click(findTestObject("Выполнение бизнес-плана/ПАО Россети")): Object: 'Object Repository/Выполнение бизнес-плана/ПАО Россети' is clicked on

09-12-2024T08:24:33 - [MESSAGE][PASSED] - Object: 'Object Repository/Выполнение бизнес-плана/ПАО Россети' is clicked on

09-12-2024T08:24:33 - [TEST_STEP][PASSED] - click(findTestObject("Object Repository/Выполнение бизнес-плана/Применить в фильтре ДЗО")): Object: 'Object Repository/Выполнение бизнес-плана/Применить в фильтре ДЗО' is clicked on

09-12-2024T08:24:34 - [MESSAGE][PASSED] - Object: 'Object Repository/Выполнение бизнес-плана/Применить в фильтре ДЗО' is clicked on

09-12-2024T08:24:34 - [TEST_STEP][PASSED] - delay(65): Delayed 65 second(s)

09-12-2024T08:25:39 - [MESSAGE][PASSED] - Delayed 65 second(s)

09-12-2024T08:25:39 - [TEST_STEP][PASSED] - if (run == 1): null

09-12-2024T08:25:39 - [TEST_STEP][PASSED] - if (run == 2): null

09-12-2024T08:25:39 - [TEST_STEP][PASSED] - if (run == 3): null

09-12-2024T08:25:39 - [TEST_STEP][PASSED] - user = "Попова": null

09-12-2024T08:25:39 - [TEST_STEP][PASSED] - a1 = getText(findTestObject("Выполнение бизнес-плана/Проценты")): Text of object 'Object Repository/Выполнение бизнес-плана/Проценты' is: '%
5.39 5.39
5.35 5.35
План
Факт
1
100'

09-12-2024T08:25:39 - [MESSAGE][PASSED] - Text of object 'Object Repository/Выполнение бизнес-плана/Проценты' is: '%
5.39 5.39
5.35 5.35
План
Факт
1
100'

09-12-2024T08:25:39 - [TEST_STEP][PASSED] - a2 = getText(findTestObject("Выполнение бизнес-плана/vidget 2")): Text of object 'Object Repository/Выполнение бизнес-плана/vidget 2' is: 'АО «Тываэнерго»
АО «Чеченэнерго»
Россети Северный Кавказ
Россети Сибирь
Россети Тюмень
Россети Центр (ГК)
Россети Центр и Приволжье (ГК)
0
10
20
30
40
50
60
70'

09-12-2024T08:25:40 - [MESSAGE][PASSED] - Text of object 'Object Repository/Выполнение бизнес-плана/vidget 2' is: 'АО «Тываэнерго»
АО «Чеченэнерго»
Россети Северный Кавказ
Россети Сибирь
Россети Тюмень
Россети Центр (ГК)
Россети Центр и Приволжье (ГК)
0
10
20
30
40
50
60
70'

09-12-2024T08:25:40 - [TEST_STEP][PASSED] - a3 = getText(findTestObject("Выполнение бизнес-плана/table")): Text of object 'Object Repository/Выполнение бизнес-плана/table' is: ''

09-12-2024T08:25:40 - [MESSAGE][PASSED] - Text of object 'Object Repository/Выполнение бизнес-плана/table' is: ''

09-12-2024T08:25:40 - [TEST_STEP][PASSED] - a4 = getText(findTestObject("Выполнение бизнес-плана/Список ДЗО")): Text of object 'Object Repository/Выполнение бизнес-плана/Список ДЗО' is: '-0.07
3.72
3.84
-0.05
0.15
-0.50
-0.27
АО «Тываэнерго»
АО «Чеченэнерго»
Россети Северный Кавказ
Россети Сибирь
Россети Тюмень
Россети Центр (ГК)
Россети Центр и Приволжье (ГК)
-1
0
1
2
3
4
5
6
7'

09-12-2024T08:25:40 - [MESSAGE][PASSED] - Text of object 'Object Repository/Выполнение бизнес-плана/Список ДЗО' is: '-0.07
3.72
3.84
-0.05
0.15
-0.50
-0.27
АО «Тываэнерго»
АО «Чеченэнерго»
Россети Северный Кавказ
Россети Сибирь
Россети Тюмень
Россети Центр (ГК)
Россети Центр и Приволжье (ГК)
-1
0
1
2
3
4
5
6
7'

09-12-2024T08:25:40 - [TEST_STEP][PASSED] - a5 = getText(findTestObject("Выполнение бизнес-плана/svg1")): Text of object 'Object Repository/Выполнение бизнес-плана/svg1' is: '%
5.39 5.39
5.35 5.35
План
Факт
1
100'

09-12-2024T08:25:41 - [MESSAGE][PASSED] - Text of object 'Object Repository/Выполнение бизнес-плана/svg1' is: '%
5.39 5.39
5.35 5.35
План
Факт
1
100'

09-12-2024T08:25:41 - [TEST_STEP][PASSED] - a6 = getText(findTestObject("Выполнение бизнес-плана/svg2")): Text of object 'Object Repository/Выполнение бизнес-плана/svg2' is: 'п.п.
0.04
Итого
0
0.02
0.04
0.06'

09-12-2024T08:25:41 - [MESSAGE][PASSED] - Text of object 'Object Repository/Выполнение бизнес-плана/svg2' is: 'п.п.
0.04
Итого
0
0.02
0.04
0.06'

09-12-2024T08:25:41 - [TEST_STEP][PASSED] - a7 = getText(findTestObject("Выполнение бизнес-плана/Значения со страницы Выполнение бизнес-плана/Факт Отпуск в сеть за отчётный период ПАО Россети")): Text of object 'Object Repository/Выполнение бизнес-плана/Значения со страницы Выполнение бизнес-плана/Факт Отпуск в сеть за отчётный период ПАО Россети' is: '211 719 944'

09-12-2024T08:25:41 - [MESSAGE][PASSED] - Text of object 'Object Repository/Выполнение бизнес-плана/Значения со страницы Выполнение бизнес-плана/Факт Отпуск в сеть за отчётный период ПАО Россети' is: '211 719 944'

09-12-2024T08:25:41 - [TEST_STEP][PASSED] - a8 = getText(findTestObject("Выполнение бизнес-плана/Значения со страницы Выполнение бизнес-плана/Факт Отпуск из сети за отчётный период ПАО Россети")): Text of object 'Object Repository/Выполнение бизнес-плана/Значения со страницы Выполнение бизнес-плана/Факт Отпуск из сети за отчётный период ПАО Россети' is: '192 987 366'

09-12-2024T08:25:41 - [MESSAGE][PASSED] - Text of object 'Object Repository/Выполнение бизнес-плана/Значения со страницы Выполнение бизнес-плана/Факт Отпуск из сети за отчётный период ПАО Россети' is: '192 987 366'

09-12-2024T08:25:41 - [TEST_STEP][PASSED] - a9 = getText(findTestObject("Выполнение бизнес-плана/Значения со страницы Выполнение бизнес-плана/Факт Потери за отчётный период ПАО Россети")): Text of object 'Object Repository/Выполнение бизнес-плана/Значения со страницы Выполнение бизнес-плана/Факт Потери за отчётный период ПАО Россети' is: '18 732 578'

09-12-2024T08:25:42 - [MESSAGE][PASSED] - Text of object 'Object Repository/Выполнение бизнес-плана/Значения со страницы Выполнение бизнес-плана/Факт Потери за отчётный период ПАО Россети' is: '18 732 578'

09-12-2024T08:25:42 - [TEST_STEP][PASSED] - n = n + 2: null

09-12-2024T08:25:42 - [TEST_STEP][PASSED] - b = data.getRowNumbers() + 1: null

09-12-2024T08:25:42 - [TEST_STEP][PASSED] - verifyEqual(findTestData("PlanFact").getValue(2, b), a1): Actual object '%
5.39 5.39
5.35 5.35
План
Факт
1
100' and expected object '%
5.39 5.39
5.35 5.35
План
Факт
1
100' are equal

09-12-2024T08:25:42 - [MESSAGE][PASSED] - Actual object '%
5.39 5.39
5.35 5.35
План
Факт
1
100' and expected object '%
5.39 5.39
5.35 5.35
План
Факт
1
100' are equal

09-12-2024T08:25:42 - [TEST_STEP][PASSED] - verifyEqual(findTestData("PlanFact").getValue(3, b), a2): Actual object 'АО «Тываэнерго»
АО «Чеченэнерго»
Россети Северный Кавказ
Россети Сибирь
Россети Тюмень
Россети Центр (ГК)
Россети Центр и Приволжье (ГК)
0
10
20
30
40
50
60
70' and expected object 'АО «Тываэнерго»
АО «Чеченэнерго»
Россети Северный Кавказ
Россети Сибирь
Россети Тюмень
Россети Центр (ГК)
Россети Центр и Приволжье (ГК)
0
10
20
30
40
50
60
70' are equal

09-12-2024T08:25:42 - [MESSAGE][PASSED] - Actual object 'АО «Тываэнерго»
АО «Чеченэнерго»
Россети Северный Кавказ
Россети Сибирь
Россети Тюмень
Россети Центр (ГК)
Россети Центр и Приволжье (ГК)
0
10
20
30
40
50
60
70' and expected object 'АО «Тываэнерго»
АО «Чеченэнерго»
Россети Северный Кавказ
Россети Сибирь
Россети Тюмень
Россети Центр (ГК)
Россети Центр и Приволжье (ГК)
0
10
20
30
40
50
60
70' are equal

09-12-2024T08:25:42 - [TEST_STEP][PASSED] - verifyEqual(findTestData("PlanFact").getValue(4, b), a3): Actual object '' and expected object '' are equal

09-12-2024T08:25:42 - [MESSAGE][PASSED] - Actual object '' and expected object '' are equal

09-12-2024T08:25:42 - [TEST_STEP][PASSED] - verifyEqual(findTestData("PlanFact").getValue(5, b), a4): Actual object '-0.07
3.72
3.84
-0.05
0.15
-0.50
-0.27
АО «Тываэнерго»
АО «Чеченэнерго»
Россети Северный Кавказ
Россети Сибирь
Россети Тюмень
Россети Центр (ГК)
Россети Центр и Приволжье (ГК)
-1
0
1
2
3
4
5
6
7' and expected object '-0.07
3.72
3.84
-0.05
0.15
-0.50
-0.27
АО «Тываэнерго»
АО «Чеченэнерго»
Россети Северный Кавказ
Россети Сибирь
Россети Тюмень
Россети Центр (ГК)
Россети Центр и Приволжье (ГК)
-1
0
1
2
3
4
5
6
7' are equal

09-12-2024T08:25:42 - [MESSAGE][PASSED] - Actual object '-0.07
3.72
3.84
-0.05
0.15
-0.50
-0.27
АО «Тываэнерго»
АО «Чеченэнерго»
Россети Северный Кавказ
Россети Сибирь
Россети Тюмень
Россети Центр (ГК)
Россети Центр и Приволжье (ГК)
-1
0
1
2
3
4
5
6
7' and expected object '-0.07
3.72
3.84
-0.05
0.15
-0.50
-0.27
АО «Тываэнерго»
АО «Чеченэнерго»
Россети Северный Кавказ
Россети Сибирь
Россети Тюмень
Россети Центр (ГК)
Россети Центр и Приволжье (ГК)
-1
0
1
2
3
4
5
6
7' are equal

09-12-2024T08:25:42 - [TEST_STEP][PASSED] - verifyEqual(findTestData("PlanFact").getValue(6, b), a5): Actual object '%
5.39 5.39
5.35 5.35
План
Факт
1
100' and expected object '%
5.39 5.39
5.35 5.35
План
Факт
1
100' are equal

09-12-2024T08:25:42 - [MESSAGE][PASSED] - Actual object '%
5.39 5.39
5.35 5.35
План
Факт
1
100' and expected object '%
5.39 5.39
5.35 5.35
План
Факт
1
100' are equal

09-12-2024T08:25:42 - [TEST_STEP][PASSED] - verifyEqual(findTestData("PlanFact").getValue(7, b), a6): Actual object 'п.п.
0.04
Итого
0
0.02
0.04
0.06' and expected object 'п.п.
0.04
Итого
0
0.02
0.04
0.06' are equal

09-12-2024T08:25:42 - [MESSAGE][PASSED] - Actual object 'п.п.
0.04
Итого
0
0.02
0.04
0.06' and expected object 'п.п.
0.04
Итого
0
0.02
0.04
0.06' are equal

09-12-2024T08:25:42 - [TEST_STEP][PASSED] - verifyEqual(findTestData("PlanFact").getValue(8, b), a7): Actual object '211 719 944' and expected object '211 719 944' are equal

09-12-2024T08:25:42 - [MESSAGE][PASSED] - Actual object '211 719 944' and expected object '211 719 944' are equal

09-12-2024T08:25:42 - [TEST_STEP][PASSED] - verifyEqual(findTestData("PlanFact").getValue(9, b), a8): Actual object '192 987 366' and expected object '192 987 366' are equal

09-12-2024T08:25:42 - [MESSAGE][PASSED] - Actual object '192 987 366' and expected object '192 987 366' are equal

09-12-2024T08:25:42 - [TEST_STEP][PASSED] - verifyEqual(findTestData("PlanFact").getValue(10, b), a9): Actual object '18 732 578' and expected object '18 732 578' are equal

09-12-2024T08:25:42 - [MESSAGE][PASSED] - Actual object '18 732 578' and expected object '18 732 578' are equal

09-12-2024T08:25:42 - [TEST_STEP][PASSED] - Script1686231490255.WriteToExcel(user, dashboardName, n, data, run, a1, a2, a3, a4, a5, a6, a7, a8, a9): null

09-12-2024T08:25:42 - [TEST_STEP][PASSED] - sheetName = "Sheet1": null

09-12-2024T08:25:42 - [TEST_STEP][PASSED] - workbook01 = getWorkbook(excelFilePath): null

09-12-2024T08:25:42 - [TEST_STEP][PASSED] - sheet01 = getExcelSheet(workbook01, sheetName): null

09-12-2024T08:25:42 - [TEST_STEP][PASSED] - setValueToCellByIndex(sheet01, n, 0, dashboardName): null

09-12-2024T08:25:42 - [TEST_STEP][PASSED] - setValueToCellByIndex(sheet01, n, 10, user): null

09-12-2024T08:25:42 - [TEST_STEP][PASSED] - setValueToCellByIndex(sheet01, n, 1, a1): null

09-12-2024T08:25:42 - [TEST_STEP][PASSED] - setValueToCellByIndex(sheet01, n, 2, a2): null

09-12-2024T08:25:42 - [TEST_STEP][PASSED] - setValueToCellByIndex(sheet01, n, 3, a3): null

09-12-2024T08:25:42 - [TEST_STEP][PASSED] - setValueToCellByIndex(sheet01, n, 4, a4): null

09-12-2024T08:25:42 - [TEST_STEP][PASSED] - setValueToCellByIndex(sheet01, n, 5, a5): null

09-12-2024T08:25:42 - [TEST_STEP][PASSED] - setValueToCellByIndex(sheet01, n, 6, a6): null

09-12-2024T08:25:42 - [TEST_STEP][PASSED] - setValueToCellByIndex(sheet01, n, 7, a7): null

09-12-2024T08:25:42 - [TEST_STEP][PASSED] - setValueToCellByIndex(sheet01, n, 8, a8): null

09-12-2024T08:25:42 - [TEST_STEP][PASSED] - setValueToCellByIndex(sheet01, n, 9, a9): null

09-12-2024T08:25:42 - [TEST_STEP][PASSED] - n = n + 1: null

09-12-2024T08:25:42 - [TEST_STEP][PASSED] - saveWorkbook(excelFilePath, workbook01): null

09-12-2024T08:25:43 - [TEST_STEP][PASSED] - closeBrowser(): Browser is closed

09-12-2024T08:25:43 - [MESSAGE][PASSED] - Browser is closed

09-12-2024T08:25:43 - [TEST_STEP][PASSED] - delay(65): Delayed 65 second(s)

09-12-2024T08:26:48 - [MESSAGE][PASSED] - Delayed 65 second(s)

09-12-2024T08:26:48 - [TEST_STEP][PASSED] - for ([run = 1, run < 4, (run++)]): null

09-12-2024T08:26:48 - [TEST_STEP][PASSED] - ViruchkaVRublyah(user, dashboardName, n, data, run, a1, a2, a3, a4, a5, a6, a7, a8, a9, urlData): null

09-12-2024T08:26:48 - [TEST_STEP][PASSED] - n = data.getRowNumbers() + 1: null

09-12-2024T08:26:48 - [TEST_STEP][PASSED] - println(n): null

09-12-2024T08:26:48 - [TEST_STEP][PASSED] - dashboardName = "Вырука в рублях": null

09-12-2024T08:26:48 - [TEST_STEP][PASSED] - openBrowser(""): Browser is opened with url: ''

09-12-2024T08:26:48 - [MESSAGE][INFO] - Starting 'Chrome' driver

09-12-2024T08:26:48 - [MESSAGE][INFO] - Action delay is set to 0 milliseconds

09-12-2024T08:26:49 - [MESSAGE][PASSED] - Browser is opened with url: ''

09-12-2024T08:26:49 - [TEST_STEP][PASSED] - urlData = 2: null

09-12-2024T08:26:49 - [TEST_STEP][PASSED] - Script1686231490255.CheckPageDownload(urlData, run): null

09-12-2024T08:26:49 - [TEST_STEP][PASSED] - i = 1: null

09-12-2024T08:26:49 - [TEST_STEP][PASSED] - ii = 0: null

09-12-2024T08:26:49 - [TEST_STEP][PASSED] - urlText = <not implemented yet for class: org.codehaus.groovy.ast.expr.EmptyExpression>: null

09-12-2024T08:26:49 - [TEST_STEP][PASSED] - searchWord = <not implemented yet for class: org.codehaus.groovy.ast.expr.EmptyExpression>: null

09-12-2024T08:26:49 - [TEST_STEP][PASSED] - deleteAllCookies(): Delete all cookies successfully

09-12-2024T08:26:49 - [MESSAGE][PASSED] - Delete all cookies successfully

09-12-2024T08:26:49 - [TEST_STEP][PASSED] - refresh(): Refresh successfully

09-12-2024T08:26:49 - [MESSAGE][PASSED] - Refresh successfully

09-12-2024T08:26:49 - [TEST_STEP][PASSED] - delay(65): Delayed 65 second(s)

09-12-2024T08:27:54 - [MESSAGE][PASSED] - Delayed 65 second(s)

09-12-2024T08:27:54 - [TEST_STEP][PASSED] - navigateToUrl(findTestData("PlanFact").getValue(10, urlData)): Navigate to 'https://bi.rosseti.digital/viewer?dashboardGuid=2301950b23be4ed89c1df75f2020051e&sheetGuid=b723206f698544fb87299f3095c00435&fit=true' successfully

09-12-2024T08:28:00 - [MESSAGE][PASSED] - Navigate to 'https://bi.rosseti.digital/viewer?dashboardGuid=2301950b23be4ed89c1df75f2020051e&sheetGuid=b723206f698544fb87299f3095c00435&fit=true' successfully

09-12-2024T08:28:00 - [TEST_STEP][PASSED] - pageLoaded1 = verifyElementPresent(findTestObject("Страница авторизации/Text"), 30): Object 'Object Repository/Страница авторизации/Text' is present

09-12-2024T08:28:05 - [MESSAGE][PASSED] - Object 'Object Repository/Страница авторизации/Text' is present

09-12-2024T08:28:05 - [TEST_STEP][PASSED] - if (pageLoaded1 == false): null

09-12-2024T08:28:05 - [TEST_STEP][PASSED] - urlText = getText(findTestObject("Страница авторизации/Text")): Text of object 'Object Repository/Страница авторизации/Text' is: 'Вход'

09-12-2024T08:28:05 - [MESSAGE][PASSED] - Text of object 'Object Repository/Страница авторизации/Text' is: 'Вход'

09-12-2024T08:28:05 - [TEST_STEP][PASSED] - delay(65): Delayed 65 second(s)

09-12-2024T08:29:10 - [MESSAGE][PASSED] - Delayed 65 second(s)

09-12-2024T08:29:10 - [TEST_STEP][PASSED] - searchWord = "Вход": null

09-12-2024T08:29:10 - [TEST_STEP][PASSED] - if (urlText.contains(searchWord) == false): null

09-12-2024T08:29:10 - [TEST_STEP][PASSED] - setText(findTestObject("Страница авторизации/input__username"), findTestData("PlanFact").getValue(8, run)): Text 'liazgina-di' is set on object 'Object Repository/Страница авторизации/input__username'

09-12-2024T08:29:11 - [MESSAGE][PASSED] - Text 'liazgina-di' is set on object 'Object Repository/Страница авторизации/input__username'

09-12-2024T08:29:11 - [TEST_STEP][PASSED] - setText(findTestObject("Страница авторизации/input__password"), findTestData("PlanFact").getValue(9, run)): Text ')$%5srZ8o688Dm#q' is set on object 'Object Repository/Страница авторизации/input__password'

09-12-2024T08:29:11 - [MESSAGE][PASSED] - Text ')$%5srZ8o688Dm#q' is set on object 'Object Repository/Страница авторизации/input__password'

09-12-2024T08:29:11 - [TEST_STEP][PASSED] - click(findTestObject("Страница авторизации/button_")): Object: 'Object Repository/Страница авторизации/button_' is clicked on

09-12-2024T08:29:15 - [MESSAGE][PASSED] - Object: 'Object Repository/Страница авторизации/button_' is clicked on

09-12-2024T08:29:15 - [TEST_STEP][PASSED] - delay(65): Delayed 65 second(s)

09-12-2024T08:30:20 - [MESSAGE][PASSED] - Delayed 65 second(s)

09-12-2024T08:30:20 - [TEST_STEP][PASSED] - searchWord = "а": null

09-12-2024T08:30:20 - [TEST_STEP][PASSED] - pageLoaded2 = verifyElementPresent(findTestObject("Страница авторизации/Text"), 50): Object 'Object Repository/Страница авторизации/Text' is present

09-12-2024T08:30:21 - [MESSAGE][PASSED] - Object 'Object Repository/Страница авторизации/Text' is present

09-12-2024T08:30:21 - [TEST_STEP][PASSED] - if (pageLoaded2 == false): null

09-12-2024T08:30:21 - [TEST_STEP][PASSED] - urlText = getText(findTestObject("Страница авторизации/Text")): Text of object 'Object Repository/Страница авторизации/Text' is: 'Период
1, 2, 3 кв., Октябрь 2024 года
Выручка
Все
Выполнение плановых показателей по ПАО Россети за 1, 2, 3 кв., Октябрь 2024 года
План
Факт
Динамика
2024 год
0 млн.руб.
100 000 млн.руб.
200 000 млн.руб.
300 000 млн.руб.
400 000 млн.руб.
500 000 млн.руб.
600 000 млн.руб.
700 000 млн.руб.
800 000 млн.руб.
900 000 млн.руб.
1 000 000 млн.руб.
1 100 000 млн.руб.
1 200 000 млн.руб.
1 300 000 млн.руб.
1 400 000 млн.руб.
1 180 677
1 181 459
↑
ДЗО 
Все
Внутренний оборот - выручка за услуги по передаче электрической энергии, учтенная в выручке за электроэнергию для конечных потребителей, при выполнении ДЗО функций гарантирующего поставщика
Подписи данных
⬤Отклонение
АО «Тываэнерго»
АО «Чеченэнерго»
Россети Волга
Россети Кубань
Россети Ленэнерго (ГК)
Россети Московский регион
Россети Северный Кавказ (ГК)
Россети Северо-Запад
Россети Сибирь (ГК)
Россети Томск
Россети Тюмень
Россети Урал (ГК)
Россети ФСК ЕЭС
Россети Центр
Россети Центр и Приволжье (ГК)
Россети Юг (ГК)
Россети Янтарь
-25 000млн.руб.
-20 000млн.руб.
-15 000млн.руб.
-10 000млн.руб.
-5 000млн.руб.
0млн.руб.
5 000млн.руб.
10 …
-30 000млн.руб.
300
101
156
3 953
4 462
7 500
888
878
1 274
238
-5 106
1 955
-24 344
2 435
4 419
1 357
318
млн.
%
Выручка
Отклонение выручки по ПАО Россети за 1, 2, 3 кв., Октябрь 2024 года (факт/план, млн. руб)
ПАО Россети
782.4 млн.руб.
 '

09-12-2024T08:30:21 - [MESSAGE][PASSED] - Text of object 'Object Repository/Страница авторизации/Text' is: 'Период
1, 2, 3 кв., Октябрь 2024 года
Выручка
Все
Выполнение плановых показателей по ПАО Россети за 1, 2, 3 кв., Октябрь 2024 года
План
Факт
Динамика
2024 год
0 млн.руб.
100 000 млн.руб.
200 000 млн.руб.
300 000 млн.руб.
400 000 млн.руб.
500 000 млн.руб.
600 000 млн.руб.
700 000 млн.руб.
800 000 млн.руб.
900 000 млн.руб.
1 000 000 млн.руб.
1 100 000 млн.руб.
1 200 000 млн.руб.
1 300 000 млн.руб.
1 400 000 млн.руб.
1 180 677
1 181 459
↑
ДЗО 
Все
Внутренний оборот - выручка за услуги по передаче электрической энергии, учтенная в выручке за электроэнергию для конечных потребителей, при выполнении ДЗО функций гарантирующего поставщика
Подписи данных
⬤Отклонение
АО «Тываэнерго»
АО «Чеченэнерго»
Россети Волга
Россети Кубань
Россети Ленэнерго (ГК)
Россети Московский регион
Россети Северный Кавказ (ГК)
Россети Северо-Запад
Россети Сибирь (ГК)
Россети Томск
Россети Тюмень
Россети Урал (ГК)
Россети ФСК ЕЭС
Россети Центр
Россети Центр и Приволжье (ГК)
Россети Юг (ГК)
Россети Янтарь
-25 000млн.руб.
-20 000млн.руб.
-15 000млн.руб.
-10 000млн.руб.
-5 000млн.руб.
0млн.руб.
5 000млн.руб.
10 …
-30 000млн.руб.
300
101
156
3 953
4 462
7 500
888
878
1 274
238
-5 106
1 955
-24 344
2 435
4 419
1 357
318
млн.
%
Выручка
Отклонение выручки по ПАО Россети за 1, 2, 3 кв., Октябрь 2024 года (факт/план, млн. руб)
ПАО Россети
782.4 млн.руб.
 '

09-12-2024T08:30:21 - [TEST_STEP][PASSED] - if (urlText.contains("ошибка") || urlText.contains(searchWord) == false): null

09-12-2024T08:30:21 - [TEST_STEP][PASSED] - click(findTestObject("Выручка в рублях/Фильтр Период")): Object: 'Object Repository/Выручка в рублях/Фильтр Период' is clicked on

09-12-2024T08:30:22 - [MESSAGE][PASSED] - Object: 'Object Repository/Выручка в рублях/Фильтр Период' is clicked on

09-12-2024T08:30:22 - [TEST_STEP][PASSED] - click(findTestObject("Выручка в рублях/Снять выделение в фильтре Дата")): Object: 'Object Repository/Выручка в рублях/Снять выделение в фильтре Дата' is clicked on

09-12-2024T08:30:22 - [MESSAGE][PASSED] - Object: 'Object Repository/Выручка в рублях/Снять выделение в фильтре Дата' is clicked on

09-12-2024T08:30:22 - [TEST_STEP][PASSED] - click(findTestObject("Выручка в рублях/Применить в фильтре Дата")): Object: 'Object Repository/Выручка в рублях/Применить в фильтре Дата' is clicked on

09-12-2024T08:30:23 - [MESSAGE][PASSED] - Object: 'Object Repository/Выручка в рублях/Применить в фильтре Дата' is clicked on

09-12-2024T08:30:23 - [TEST_STEP][PASSED] - click(findTestObject("Выручка в рублях/Фильтр Период")): Object: 'Object Repository/Выручка в рублях/Фильтр Период' is clicked on

09-12-2024T08:30:27 - [MESSAGE][PASSED] - Object: 'Object Repository/Выручка в рублях/Фильтр Период' is clicked on

09-12-2024T08:30:27 - [TEST_STEP][PASSED] - click(findTestObject("Выручка в рублях/Снять выделение в фильтре Дата")): Object: 'Object Repository/Выручка в рублях/Снять выделение в фильтре Дата' is clicked on

09-12-2024T08:30:27 - [MESSAGE][PASSED] - Object: 'Object Repository/Выручка в рублях/Снять выделение в фильтре Дата' is clicked on

09-12-2024T08:30:27 - [TEST_STEP][PASSED] - scrollToElement(findTestObject("Выручка в рублях/2024 список"), 30): Scroll to object 'Object Repository/Выручка в рублях/2024 список' successfully

09-12-2024T08:30:28 - [MESSAGE][PASSED] - Scroll to object 'Object Repository/Выручка в рублях/2024 список' successfully

09-12-2024T08:30:28 - [TEST_STEP][PASSED] - click(findTestObject("Выручка в рублях/2024 список")): Object: 'Object Repository/Выручка в рублях/2024 список' is clicked on

09-12-2024T08:30:28 - [MESSAGE][PASSED] - Object: 'Object Repository/Выручка в рублях/2024 список' is clicked on

09-12-2024T08:30:28 - [TEST_STEP][PASSED] - scrollToElement(findTestObject("Выручка в рублях/1 квартал 2024 выбрать"), 30): Scroll to object 'Object Repository/Выручка в рублях/1 квартал 2024 выбрать' successfully

09-12-2024T08:30:28 - [MESSAGE][PASSED] - Scroll to object 'Object Repository/Выручка в рублях/1 квартал 2024 выбрать' successfully

09-12-2024T08:30:28 - [TEST_STEP][PASSED] - click(findTestObject("Выручка в рублях/1 квартал 2024 выбрать"), CONTINUE_ON_FAILURE): Object: 'Object Repository/Выручка в рублях/1 квартал 2024 выбрать' is clicked on

09-12-2024T08:30:29 - [MESSAGE][PASSED] - Object: 'Object Repository/Выручка в рублях/1 квартал 2024 выбрать' is clicked on

09-12-2024T08:30:29 - [TEST_STEP][PASSED] - scrollToElement(findTestObject("Выручка в рублях/2 квартал 2024 выбрать"), 30): Scroll to object 'Object Repository/Выручка в рублях/2 квартал 2024 выбрать' successfully

09-12-2024T08:30:29 - [MESSAGE][PASSED] - Scroll to object 'Object Repository/Выручка в рублях/2 квартал 2024 выбрать' successfully

09-12-2024T08:30:29 - [TEST_STEP][PASSED] - click(findTestObject("Выручка в рублях/2 квартал 2024 выбрать")): Object: 'Object Repository/Выручка в рублях/2 квартал 2024 выбрать' is clicked on

09-12-2024T08:30:30 - [MESSAGE][PASSED] - Object: 'Object Repository/Выручка в рублях/2 квартал 2024 выбрать' is clicked on

09-12-2024T08:30:30 - [TEST_STEP][PASSED] - scrollToElement(findTestObject("Выручка в рублях/3 квартал 2024 список"), 30): Scroll to object 'Object Repository/Выручка в рублях/3 квартал 2024 список' successfully

09-12-2024T08:30:30 - [MESSAGE][PASSED] - Scroll to object 'Object Repository/Выручка в рублях/3 квартал 2024 список' successfully

09-12-2024T08:30:30 - [TEST_STEP][PASSED] - click(findTestObject("Выручка в рублях/3 квартал 2024"), CONTINUE_ON_FAILURE): Object: 'Object Repository/Выручка в рублях/3 квартал 2024' is clicked on

09-12-2024T08:30:30 - [MESSAGE][PASSED] - Object: 'Object Repository/Выручка в рублях/3 квартал 2024' is clicked on

09-12-2024T08:30:30 - [TEST_STEP][PASSED] - scrollToElement(findTestObject("Выручка в рублях/4 квартал 2024 список"), 30): Scroll to object 'Object Repository/Выручка в рублях/4 квартал 2024 список' successfully

09-12-2024T08:30:31 - [MESSAGE][PASSED] - Scroll to object 'Object Repository/Выручка в рублях/4 квартал 2024 список' successfully

09-12-2024T08:30:31 - [TEST_STEP][PASSED] - click(findTestObject("Выручка в рублях/4 квартал 2024 список"), CONTINUE_ON_FAILURE): Object: 'Object Repository/Выручка в рублях/4 квартал 2024 список' is clicked on

09-12-2024T08:30:31 - [MESSAGE][PASSED] - Object: 'Object Repository/Выручка в рублях/4 квартал 2024 список' is clicked on

09-12-2024T08:30:31 - [TEST_STEP][PASSED] - scrollToElement(findTestObject("Выручка в рублях/Октябрь 2024"), 30): Scroll to object 'Object Repository/Выручка в рублях/Октябрь 2024' successfully

09-12-2024T08:30:31 - [MESSAGE][PASSED] - Scroll to object 'Object Repository/Выручка в рублях/Октябрь 2024' successfully

09-12-2024T08:30:31 - [TEST_STEP][PASSED] - click(findTestObject("Выручка в рублях/Октябрь 2024"), CONTINUE_ON_FAILURE): Object: 'Object Repository/Выручка в рублях/Октябрь 2024' is clicked on

09-12-2024T08:30:32 - [MESSAGE][PASSED] - Object: 'Object Repository/Выручка в рублях/Октябрь 2024' is clicked on

09-12-2024T08:30:32 - [TEST_STEP][PASSED] - click(findTestObject("Выручка в рублях/Применить в фильтре Дата")): Object: 'Object Repository/Выручка в рублях/Применить в фильтре Дата' is clicked on

09-12-2024T08:30:33 - [MESSAGE][PASSED] - Object: 'Object Repository/Выручка в рублях/Применить в фильтре Дата' is clicked on

09-12-2024T08:30:33 - [TEST_STEP][PASSED] - scrollToElement(findTestObject("Выручка в рублях/Заголовок дашборда"), 30): Scroll to object 'Object Repository/Выручка в рублях/Заголовок дашборда' successfully

09-12-2024T08:30:36 - [MESSAGE][PASSED] - Scroll to object 'Object Repository/Выручка в рублях/Заголовок дашборда' successfully

09-12-2024T08:30:36 - [TEST_STEP][PASSED] - delay(65): Delayed 65 second(s)

09-12-2024T08:31:41 - [MESSAGE][PASSED] - Delayed 65 second(s)

09-12-2024T08:31:41 - [TEST_STEP][PASSED] - a5 = "": null

09-12-2024T08:31:41 - [TEST_STEP][PASSED] - a6 = "": null

09-12-2024T08:31:41 - [TEST_STEP][PASSED] - a7 = "": null

09-12-2024T08:31:41 - [TEST_STEP][PASSED] - a8 = "": null

09-12-2024T08:31:41 - [TEST_STEP][PASSED] - a9 = "": null

09-12-2024T08:31:41 - [TEST_STEP][PASSED] - if (run == 1): null

09-12-2024T08:31:41 - [TEST_STEP][PASSED] - user = "админ": null

09-12-2024T08:31:41 - [TEST_STEP][PASSED] - a1 = getText(findTestObject("Выручка в рублях/График План")): Text of object 'Object Repository/Выручка в рублях/График План' is: '1 180 677'

09-12-2024T08:31:41 - [MESSAGE][PASSED] - Text of object 'Object Repository/Выручка в рублях/График План' is: '1 180 677'

09-12-2024T08:31:41 - [TEST_STEP][PASSED] - a2 = getText(findTestObject("Выручка в рублях/График Факт")): Text of object 'Object Repository/Выручка в рублях/График Факт' is: '1 181 459'

09-12-2024T08:31:42 - [MESSAGE][PASSED] - Text of object 'Object Repository/Выручка в рублях/График Факт' is: '1 181 459'

09-12-2024T08:31:42 - [TEST_STEP][PASSED] - a3 = getText(findTestObject("Выручка в рублях/График Отклонение выручки")): Text of object 'Object Repository/Выручка в рублях/График Отклонение выручки' is: 'Период
1, 2, 3 кв., Октябрь 2024 года
Выручка
Все
Выполнение плановых показателей по ПАО Россети за 1, 2, 3 кв., Октябрь 2024 года
План
Факт
Динамика
2024 год
0 млн.руб.
100 000 млн.руб.
200 000 млн.руб.
300 000 млн.руб.
400 000 млн.руб.
500 000 млн.руб.
600 000 млн.руб.
700 000 млн.руб.
800 000 млн.руб.
900 000 млн.руб.
1 000 000 млн.руб.
1 100 000 млн.руб.
1 200 000 млн.руб.
1 300 000 млн.руб.
1 400 000 млн.руб.
1 180 677
1 181 459
↑
ДЗО 
Все
Внутренний оборот - выручка за услуги по передаче электрической энергии, учтенная в выручке за электроэнергию для конечных потребителей, при выполнении ДЗО функций гарантирующего поставщика
Подписи данных
⬤Отклонение
АО «Тываэнерго»
АО «Чеченэнерго»
Россети Волга
Россети Кубань
Россети Ленэнерго (ГК)
Россети Московский регион
Россети Северный Кавказ (ГК)
Россети Северо-Запад
Россети Сибирь (ГК)
Россети Томск
Россети Тюмень
Россети Урал (ГК)
Россети ФСК ЕЭС
Россети Центр
Россети Центр и Приволжье (ГК)
Россети Юг (ГК)
Россети Янтарь
-25 000млн.руб.
-20 000млн.руб.
-15 000млн.руб.
-10 000млн.руб.
-5 000млн.руб.
0млн.руб.
5 000млн.руб.
10 …
-30 000млн.руб.
300
101
156
3 953
4 462
7 500
888
878
1 274
238
-5 106
1 955
-24 344
2 435
4 419
1 357
318
млн.
%
Выручка
Отклонение выручки по ПАО Россети за 1, 2, 3 кв., Октябрь 2024 года (факт/план, млн. руб)
ПАО Россети
782.4 млн.руб.
 '

09-12-2024T08:31:42 - [MESSAGE][PASSED] - Text of object 'Object Repository/Выручка в рублях/График Отклонение выручки' is: 'Период
1, 2, 3 кв., Октябрь 2024 года
Выручка
Все
Выполнение плановых показателей по ПАО Россети за 1, 2, 3 кв., Октябрь 2024 года
План
Факт
Динамика
2024 год
0 млн.руб.
100 000 млн.руб.
200 000 млн.руб.
300 000 млн.руб.
400 000 млн.руб.
500 000 млн.руб.
600 000 млн.руб.
700 000 млн.руб.
800 000 млн.руб.
900 000 млн.руб.
1 000 000 млн.руб.
1 100 000 млн.руб.
1 200 000 млн.руб.
1 300 000 млн.руб.
1 400 000 млн.руб.
1 180 677
1 181 459
↑
ДЗО 
Все
Внутренний оборот - выручка за услуги по передаче электрической энергии, учтенная в выручке за электроэнергию для конечных потребителей, при выполнении ДЗО функций гарантирующего поставщика
Подписи данных
⬤Отклонение
АО «Тываэнерго»
АО «Чеченэнерго»
Россети Волга
Россети Кубань
Россети Ленэнерго (ГК)
Россети Московский регион
Россети Северный Кавказ (ГК)
Россети Северо-Запад
Россети Сибирь (ГК)
Россети Томск
Россети Тюмень
Россети Урал (ГК)
Россети ФСК ЕЭС
Россети Центр
Россети Центр и Приволжье (ГК)
Россети Юг (ГК)
Россети Янтарь
-25 000млн.руб.
-20 000млн.руб.
-15 000млн.руб.
-10 000млн.руб.
-5 000млн.руб.
0млн.руб.
5 000млн.руб.
10 …
-30 000млн.руб.
300
101
156
3 953
4 462
7 500
888
878
1 274
238
-5 106
1 955
-24 344
2 435
4 419
1 357
318
млн.
%
Выручка
Отклонение выручки по ПАО Россети за 1, 2, 3 кв., Октябрь 2024 года (факт/план, млн. руб)
ПАО Россети
782.4 млн.руб.
 '

09-12-2024T08:31:42 - [TEST_STEP][PASSED] - a3 = a3.substring(a3.lastIndexOf("Отклонение")): null

09-12-2024T08:31:42 - [TEST_STEP][PASSED] - click(findTestObject("Выручка в рублях/Переключить отображение с млн на проценты Выручка в рублях")): Object: 'Object Repository/Выручка в рублях/Переключить отображение с млн на проценты Выручка в рублях' is clicked on

09-12-2024T08:31:43 - [MESSAGE][PASSED] - Object: 'Object Repository/Выручка в рублях/Переключить отображение с млн на проценты Выручка в рублях' is clicked on

09-12-2024T08:31:43 - [TEST_STEP][PASSED] - a4 = getText(findTestObject("Выручка в рублях/График Отклонение выручки")): Text of object 'Object Repository/Выручка в рублях/График Отклонение выручки' is: 'Период
1, 2, 3 кв., Октябрь 2024 года
Выручка
Все
Выполнение плановых показателей по ПАО Россети за 1, 2, 3 кв., Октябрь 2024 года
План
Факт
Динамика
2024 год
0 млн.руб.
100 000 млн.руб.
200 000 млн.руб.
300 000 млн.руб.
400 000 млн.руб.
500 000 млн.руб.
600 000 млн.руб.
700 000 млн.руб.
800 000 млн.руб.
900 000 млн.руб.
1 000 000 млн.руб.
1 100 000 млн.руб.
1 200 000 млн.руб.
1 300 000 млн.руб.
1 400 000 млн.руб.
1 180 677
1 181 459
↑
ДЗО 
Все
Отклонение выручки по ПАО Россети за 1, 2, 3 кв., Октябрь 2024 года (факт/план, %)
ПАО Россети
-25.61 %
Внутренний оборот - выручка за услуги по передаче электрической энергии, учтенная в выручке за электроэнергию для конечных потребителей, при выполнении ДЗО функций гарантирующего поставщика
⬤Отклонение
АО «Тываэнерго»
АО «Чеченэнерго»
Россети Волга
Россети Кубань
Россети Ленэнерго (ГК)
Россети Московский регион
Россети Северный Кавказ (ГК)
Россети Северо-Запад
Россети Сибирь (ГК)
Россети Томск
Россети Тюмень
Россети Урал (ГК)
Россети ФСК ЕЭС
Россети Центр
Россети Центр и Приволжье (ГК)
Россети Юг (ГК)
Россети Янтарь
-60 %
-50 %
-40 %
-30 %
-20 %
-10 %
0 %
10 %
20 %
30 %
19.44 %
-48.66 %
-49.88 %
-46.84 %
-47.31 %
4.39 %
-48.99 %
2.01 %
2.23 %
-48.47 %
-53.69 %
2.27 %
-9.49 %
-31.28 %
4.33 %
-48.42 %
4.04 %
Подписи данных
млн.
%
Выручка
 '

09-12-2024T08:31:43 - [MESSAGE][PASSED] - Text of object 'Object Repository/Выручка в рублях/График Отклонение выручки' is: 'Период
1, 2, 3 кв., Октябрь 2024 года
Выручка
Все
Выполнение плановых показателей по ПАО Россети за 1, 2, 3 кв., Октябрь 2024 года
План
Факт
Динамика
2024 год
0 млн.руб.
100 000 млн.руб.
200 000 млн.руб.
300 000 млн.руб.
400 000 млн.руб.
500 000 млн.руб.
600 000 млн.руб.
700 000 млн.руб.
800 000 млн.руб.
900 000 млн.руб.
1 000 000 млн.руб.
1 100 000 млн.руб.
1 200 000 млн.руб.
1 300 000 млн.руб.
1 400 000 млн.руб.
1 180 677
1 181 459
↑
ДЗО 
Все
Отклонение выручки по ПАО Россети за 1, 2, 3 кв., Октябрь 2024 года (факт/план, %)
ПАО Россети
-25.61 %
Внутренний оборот - выручка за услуги по передаче электрической энергии, учтенная в выручке за электроэнергию для конечных потребителей, при выполнении ДЗО функций гарантирующего поставщика
⬤Отклонение
АО «Тываэнерго»
АО «Чеченэнерго»
Россети Волга
Россети Кубань
Россети Ленэнерго (ГК)
Россети Московский регион
Россети Северный Кавказ (ГК)
Россети Северо-Запад
Россети Сибирь (ГК)
Россети Томск
Россети Тюмень
Россети Урал (ГК)
Россети ФСК ЕЭС
Россети Центр
Россети Центр и Приволжье (ГК)
Россети Юг (ГК)
Россети Янтарь
-60 %
-50 %
-40 %
-30 %
-20 %
-10 %
0 %
10 %
20 %
30 %
19.44 %
-48.66 %
-49.88 %
-46.84 %
-47.31 %
4.39 %
-48.99 %
2.01 %
2.23 %
-48.47 %
-53.69 %
2.27 %
-9.49 %
-31.28 %
4.33 %
-48.42 %
4.04 %
Подписи данных
млн.
%
Выручка
 '

09-12-2024T08:31:43 - [TEST_STEP][PASSED] - a4 = a4.substring(a4.lastIndexOf("Отклонение")): null

09-12-2024T08:31:43 - [TEST_STEP][PASSED] - click(findTestObject("Выручка в рублях/Переключить отображение с процентов на млн Выручка в рублях")): Object: 'Object Repository/Выручка в рублях/Переключить отображение с процентов на млн Выручка в рублях' is clicked on

09-12-2024T08:31:44 - [MESSAGE][PASSED] - Object: 'Object Repository/Выручка в рублях/Переключить отображение с процентов на млн Выручка в рублях' is clicked on

09-12-2024T08:31:44 - [TEST_STEP][PASSED] - n = n + 3: null

09-12-2024T08:31:44 - [TEST_STEP][PASSED] - Script1686231490255.WriteToExcel(user, dashboardName, n, data, run, a1, a2, a3, a4, a5, a6, a7, a8, a9): null

09-12-2024T08:31:44 - [TEST_STEP][PASSED] - sheetName = "Sheet1": null

09-12-2024T08:31:44 - [TEST_STEP][PASSED] - workbook01 = getWorkbook(excelFilePath): null

09-12-2024T08:31:44 - [TEST_STEP][PASSED] - sheet01 = getExcelSheet(workbook01, sheetName): null

09-12-2024T08:31:44 - [TEST_STEP][PASSED] - setValueToCellByIndex(sheet01, n, 0, dashboardName): null

09-12-2024T08:31:44 - [TEST_STEP][PASSED] - setValueToCellByIndex(sheet01, n, 10, user): null

09-12-2024T08:31:44 - [TEST_STEP][PASSED] - setValueToCellByIndex(sheet01, n, 1, a1): null

09-12-2024T08:31:44 - [TEST_STEP][PASSED] - setValueToCellByIndex(sheet01, n, 2, a2): null

09-12-2024T08:31:44 - [TEST_STEP][PASSED] - setValueToCellByIndex(sheet01, n, 3, a3): null

09-12-2024T08:31:44 - [TEST_STEP][PASSED] - setValueToCellByIndex(sheet01, n, 4, a4): null

09-12-2024T08:31:44 - [TEST_STEP][PASSED] - setValueToCellByIndex(sheet01, n, 5, a5): null

09-12-2024T08:31:44 - [TEST_STEP][PASSED] - setValueToCellByIndex(sheet01, n, 6, a6): null

09-12-2024T08:31:44 - [TEST_STEP][PASSED] - setValueToCellByIndex(sheet01, n, 7, a7): null

09-12-2024T08:31:44 - [TEST_STEP][PASSED] - setValueToCellByIndex(sheet01, n, 8, a8): null

09-12-2024T08:31:44 - [TEST_STEP][PASSED] - setValueToCellByIndex(sheet01, n, 9, a9): null

09-12-2024T08:31:44 - [TEST_STEP][PASSED] - n = n + 1: null

09-12-2024T08:31:44 - [TEST_STEP][PASSED] - saveWorkbook(excelFilePath, workbook01): null

09-12-2024T08:31:44 - [TEST_STEP][PASSED] - if (run == 2): null

09-12-2024T08:31:44 - [TEST_STEP][PASSED] - if (run == 3): null

09-12-2024T08:31:44 - [TEST_STEP][PASSED] - closeBrowser(): null

09-12-2024T08:31:44 - [MESSAGE][PASSED] - Browser is closed

09-12-2024T08:31:44 - [TEST_STEP][PASSED] - ViruchkaVRublyah(user, dashboardName, n, data, run, a1, a2, a3, a4, a5, a6, a7, a8, a9, urlData): null

09-12-2024T08:31:44 - [TEST_STEP][PASSED] - n = data.getRowNumbers() + 1: null

09-12-2024T08:31:44 - [TEST_STEP][PASSED] - println(n): null

09-12-2024T08:31:44 - [TEST_STEP][PASSED] - dashboardName = "Вырука в рублях": null

09-12-2024T08:31:44 - [TEST_STEP][PASSED] - openBrowser(""): Browser is opened with url: ''

09-12-2024T08:31:44 - [MESSAGE][INFO] - Starting 'Chrome' driver

09-12-2024T08:31:44 - [MESSAGE][INFO] - Action delay is set to 0 milliseconds

09-12-2024T08:31:45 - [MESSAGE][PASSED] - Browser is opened with url: ''

09-12-2024T08:31:45 - [TEST_STEP][PASSED] - urlData = 2: null

09-12-2024T08:31:45 - [TEST_STEP][PASSED] - Script1686231490255.CheckPageDownload(urlData, run): null

09-12-2024T08:31:45 - [TEST_STEP][PASSED] - i = 1: null

09-12-2024T08:31:45 - [TEST_STEP][PASSED] - ii = 0: null

09-12-2024T08:31:45 - [TEST_STEP][PASSED] - urlText = <not implemented yet for class: org.codehaus.groovy.ast.expr.EmptyExpression>: null

09-12-2024T08:31:45 - [TEST_STEP][PASSED] - searchWord = <not implemented yet for class: org.codehaus.groovy.ast.expr.EmptyExpression>: null

09-12-2024T08:31:45 - [TEST_STEP][PASSED] - deleteAllCookies(): Delete all cookies successfully

09-12-2024T08:31:45 - [MESSAGE][PASSED] - Delete all cookies successfully

09-12-2024T08:31:45 - [TEST_STEP][PASSED] - refresh(): Refresh successfully

09-12-2024T08:31:45 - [MESSAGE][PASSED] - Refresh successfully

09-12-2024T08:31:45 - [TEST_STEP][PASSED] - delay(65): Delayed 65 second(s)

09-12-2024T08:32:50 - [MESSAGE][PASSED] - Delayed 65 second(s)

09-12-2024T08:32:50 - [TEST_STEP][PASSED] - navigateToUrl(findTestData("PlanFact").getValue(10, urlData)): Navigate to 'https://bi.rosseti.digital/viewer?dashboardGuid=2301950b23be4ed89c1df75f2020051e&sheetGuid=b723206f698544fb87299f3095c00435&fit=true' successfully

09-12-2024T08:32:57 - [MESSAGE][PASSED] - Navigate to 'https://bi.rosseti.digital/viewer?dashboardGuid=2301950b23be4ed89c1df75f2020051e&sheetGuid=b723206f698544fb87299f3095c00435&fit=true' successfully

09-12-2024T08:32:57 - [TEST_STEP][PASSED] - pageLoaded1 = verifyElementPresent(findTestObject("Страница авторизации/Text"), 30): Object 'Object Repository/Страница авторизации/Text' is present

09-12-2024T08:33:01 - [MESSAGE][PASSED] - Object 'Object Repository/Страница авторизации/Text' is present

09-12-2024T08:33:01 - [TEST_STEP][PASSED] - if (pageLoaded1 == false): null

09-12-2024T08:33:01 - [TEST_STEP][PASSED] - urlText = getText(findTestObject("Страница авторизации/Text")): Text of object 'Object Repository/Страница авторизации/Text' is: 'Вход'

09-12-2024T08:33:01 - [MESSAGE][PASSED] - Text of object 'Object Repository/Страница авторизации/Text' is: 'Вход'

09-12-2024T08:33:01 - [TEST_STEP][PASSED] - delay(65): Delayed 65 second(s)

09-12-2024T08:34:06 - [MESSAGE][PASSED] - Delayed 65 second(s)

09-12-2024T08:34:06 - [TEST_STEP][PASSED] - searchWord = "Вход": null

09-12-2024T08:34:06 - [TEST_STEP][PASSED] - if (urlText.contains(searchWord) == false): null

09-12-2024T08:34:06 - [TEST_STEP][PASSED] - setText(findTestObject("Страница авторизации/input__username"), findTestData("PlanFact").getValue(8, run)): Text 'Andreeva-EV' is set on object 'Object Repository/Страница авторизации/input__username'

09-12-2024T08:34:07 - [MESSAGE][PASSED] - Text 'Andreeva-EV' is set on object 'Object Repository/Страница авторизации/input__username'

09-12-2024T08:34:07 - [TEST_STEP][PASSED] - setText(findTestObject("Страница авторизации/input__password"), findTestData("PlanFact").getValue(9, run)): Text '2nPePKDwCPH3ul7xMZ' is set on object 'Object Repository/Страница авторизации/input__password'

09-12-2024T08:34:08 - [MESSAGE][PASSED] - Text '2nPePKDwCPH3ul7xMZ' is set on object 'Object Repository/Страница авторизации/input__password'

09-12-2024T08:34:08 - [TEST_STEP][PASSED] - click(findTestObject("Страница авторизации/button_")): Object: 'Object Repository/Страница авторизации/button_' is clicked on

09-12-2024T08:34:12 - [MESSAGE][PASSED] - Object: 'Object Repository/Страница авторизации/button_' is clicked on

09-12-2024T08:34:12 - [TEST_STEP][PASSED] - delay(65): Delayed 65 second(s)

09-12-2024T08:35:17 - [MESSAGE][PASSED] - Delayed 65 second(s)

09-12-2024T08:35:17 - [TEST_STEP][PASSED] - searchWord = "а": null

09-12-2024T08:35:17 - [TEST_STEP][PASSED] - pageLoaded2 = verifyElementPresent(findTestObject("Страница авторизации/Text"), 50): Object 'Object Repository/Страница авторизации/Text' is present

09-12-2024T08:35:18 - [MESSAGE][PASSED] - Object 'Object Repository/Страница авторизации/Text' is present

09-12-2024T08:35:18 - [TEST_STEP][PASSED] - if (pageLoaded2 == false): null

09-12-2024T08:35:18 - [TEST_STEP][PASSED] - urlText = getText(findTestObject("Страница авторизации/Text")): Text of object 'Object Repository/Страница авторизации/Text' is: 'Период
1, 2, 3 кв., Октябрь 2024 года
Выручка
Все
Выполнение плановых показателей по ПАО Россети за 1, 2, 3 кв., Октябрь 2024 года
План
Факт
Динамика
2024 год
0 млн.руб.
100 000 млн.руб.
200 000 млн.руб.
300 000 млн.руб.
400 000 млн.руб.
500 000 млн.руб.
600 000 млн.руб.
700 000 млн.руб.
800 000 млн.руб.
900 000 млн.руб.
1 000 000 млн.руб.
1 100 000 млн.руб.
1 200 000 млн.руб.
1 300 000 млн.руб.
1 400 000 млн.руб.
1 180 677
1 181 459
↑
ДЗО 
Все
Внутренний оборот - выручка за услуги по передаче электрической энергии, учтенная в выручке за электроэнергию для конечных потребителей, при выполнении ДЗО функций гарантирующего поставщика
Подписи данных
⬤Отклонение
АО «Тываэнерго»
АО «Чеченэнерго»
Россети Волга
Россети Кубань
Россети Ленэнерго (ГК)
Россети Московский регион
Россети Северный Кавказ (ГК)
Россети Северо-Запад
Россети Сибирь (ГК)
Россети Томск
Россети Тюмень
Россети Урал (ГК)
Россети ФСК ЕЭС
Россети Центр
Россети Центр и Приволжье (ГК)
Россети Юг (ГК)
Россети Янтарь
-25 000млн.руб.
-20 000млн.руб.
-15 000млн.руб.
-10 000млн.руб.
-5 000млн.руб.
0млн.руб.
5 000млн.руб.
10 …
-30 000млн.руб.
300
101
156
3 953
4 462
7 500
888
878
1 274
238
-5 106
1 955
-24 344
2 435
4 419
1 357
318
млн.
%
Выручка
Отклонение выручки по ПАО Россети за 1, 2, 3 кв., Октябрь 2024 года (факт/план, млн. руб)
ПАО Россети
782.4 млн.руб.
 '

09-12-2024T08:35:18 - [MESSAGE][PASSED] - Text of object 'Object Repository/Страница авторизации/Text' is: 'Период
1, 2, 3 кв., Октябрь 2024 года
Выручка
Все
Выполнение плановых показателей по ПАО Россети за 1, 2, 3 кв., Октябрь 2024 года
План
Факт
Динамика
2024 год
0 млн.руб.
100 000 млн.руб.
200 000 млн.руб.
300 000 млн.руб.
400 000 млн.руб.
500 000 млн.руб.
600 000 млн.руб.
700 000 млн.руб.
800 000 млн.руб.
900 000 млн.руб.
1 000 000 млн.руб.
1 100 000 млн.руб.
1 200 000 млн.руб.
1 300 000 млн.руб.
1 400 000 млн.руб.
1 180 677
1 181 459
↑
ДЗО 
Все
Внутренний оборот - выручка за услуги по передаче электрической энергии, учтенная в выручке за электроэнергию для конечных потребителей, при выполнении ДЗО функций гарантирующего поставщика
Подписи данных
⬤Отклонение
АО «Тываэнерго»
АО «Чеченэнерго»
Россети Волга
Россети Кубань
Россети Ленэнерго (ГК)
Россети Московский регион
Россети Северный Кавказ (ГК)
Россети Северо-Запад
Россети Сибирь (ГК)
Россети Томск
Россети Тюмень
Россети Урал (ГК)
Россети ФСК ЕЭС
Россети Центр
Россети Центр и Приволжье (ГК)
Россети Юг (ГК)
Россети Янтарь
-25 000млн.руб.
-20 000млн.руб.
-15 000млн.руб.
-10 000млн.руб.
-5 000млн.руб.
0млн.руб.
5 000млн.руб.
10 …
-30 000млн.руб.
300
101
156
3 953
4 462
7 500
888
878
1 274
238
-5 106
1 955
-24 344
2 435
4 419
1 357
318
млн.
%
Выручка
Отклонение выручки по ПАО Россети за 1, 2, 3 кв., Октябрь 2024 года (факт/план, млн. руб)
ПАО Россети
782.4 млн.руб.
 '

09-12-2024T08:35:18 - [TEST_STEP][PASSED] - if (urlText.contains("ошибка") || urlText.contains(searchWord) == false): null

09-12-2024T08:35:18 - [TEST_STEP][PASSED] - click(findTestObject("Выручка в рублях/Фильтр Период")): Object: 'Object Repository/Выручка в рублях/Фильтр Период' is clicked on

09-12-2024T08:35:19 - [MESSAGE][PASSED] - Object: 'Object Repository/Выручка в рублях/Фильтр Период' is clicked on

09-12-2024T08:35:19 - [TEST_STEP][PASSED] - click(findTestObject("Выручка в рублях/Снять выделение в фильтре Дата")): Object: 'Object Repository/Выручка в рублях/Снять выделение в фильтре Дата' is clicked on

09-12-2024T08:35:19 - [MESSAGE][PASSED] - Object: 'Object Repository/Выручка в рублях/Снять выделение в фильтре Дата' is clicked on

09-12-2024T08:35:19 - [TEST_STEP][PASSED] - click(findTestObject("Выручка в рублях/Применить в фильтре Дата")): Object: 'Object Repository/Выручка в рублях/Применить в фильтре Дата' is clicked on

09-12-2024T08:35:20 - [MESSAGE][PASSED] - Object: 'Object Repository/Выручка в рублях/Применить в фильтре Дата' is clicked on

09-12-2024T08:35:20 - [TEST_STEP][PASSED] - click(findTestObject("Выручка в рублях/Фильтр Период")): Object: 'Object Repository/Выручка в рублях/Фильтр Период' is clicked on

09-12-2024T08:35:25 - [MESSAGE][PASSED] - Object: 'Object Repository/Выручка в рублях/Фильтр Период' is clicked on

09-12-2024T08:35:25 - [TEST_STEP][PASSED] - click(findTestObject("Выручка в рублях/Снять выделение в фильтре Дата")): Object: 'Object Repository/Выручка в рублях/Снять выделение в фильтре Дата' is clicked on

09-12-2024T08:35:25 - [MESSAGE][PASSED] - Object: 'Object Repository/Выручка в рублях/Снять выделение в фильтре Дата' is clicked on

09-12-2024T08:35:25 - [TEST_STEP][PASSED] - scrollToElement(findTestObject("Выручка в рублях/2024 список"), 30): Scroll to object 'Object Repository/Выручка в рублях/2024 список' successfully

09-12-2024T08:35:26 - [MESSAGE][PASSED] - Scroll to object 'Object Repository/Выручка в рублях/2024 список' successfully

09-12-2024T08:35:26 - [TEST_STEP][PASSED] - click(findTestObject("Выручка в рублях/2024 список")): Object: 'Object Repository/Выручка в рублях/2024 список' is clicked on

09-12-2024T08:35:26 - [MESSAGE][PASSED] - Object: 'Object Repository/Выручка в рублях/2024 список' is clicked on

09-12-2024T08:35:26 - [TEST_STEP][PASSED] - scrollToElement(findTestObject("Выручка в рублях/1 квартал 2024 выбрать"), 30): Scroll to object 'Object Repository/Выручка в рублях/1 квартал 2024 выбрать' successfully

09-12-2024T08:35:26 - [MESSAGE][PASSED] - Scroll to object 'Object Repository/Выручка в рублях/1 квартал 2024 выбрать' successfully

09-12-2024T08:35:26 - [TEST_STEP][PASSED] - click(findTestObject("Выручка в рублях/1 квартал 2024 выбрать"), CONTINUE_ON_FAILURE): Object: 'Object Repository/Выручка в рублях/1 квартал 2024 выбрать' is clicked on

09-12-2024T08:35:27 - [MESSAGE][PASSED] - Object: 'Object Repository/Выручка в рублях/1 квартал 2024 выбрать' is clicked on

09-12-2024T08:35:27 - [TEST_STEP][PASSED] - scrollToElement(findTestObject("Выручка в рублях/2 квартал 2024 выбрать"), 30): Scroll to object 'Object Repository/Выручка в рублях/2 квартал 2024 выбрать' successfully

09-12-2024T08:35:27 - [MESSAGE][PASSED] - Scroll to object 'Object Repository/Выручка в рублях/2 квартал 2024 выбрать' successfully

09-12-2024T08:35:27 - [TEST_STEP][PASSED] - click(findTestObject("Выручка в рублях/2 квартал 2024 выбрать")): Object: 'Object Repository/Выручка в рублях/2 квартал 2024 выбрать' is clicked on

09-12-2024T08:35:28 - [MESSAGE][PASSED] - Object: 'Object Repository/Выручка в рублях/2 квартал 2024 выбрать' is clicked on

09-12-2024T08:35:28 - [TEST_STEP][PASSED] - scrollToElement(findTestObject("Выручка в рублях/3 квартал 2024 список"), 30): Scroll to object 'Object Repository/Выручка в рублях/3 квартал 2024 список' successfully

09-12-2024T08:35:28 - [MESSAGE][PASSED] - Scroll to object 'Object Repository/Выручка в рублях/3 квартал 2024 список' successfully

09-12-2024T08:35:28 - [TEST_STEP][PASSED] - click(findTestObject("Выручка в рублях/3 квартал 2024"), CONTINUE_ON_FAILURE): Object: 'Object Repository/Выручка в рублях/3 квартал 2024' is clicked on

09-12-2024T08:35:28 - [MESSAGE][PASSED] - Object: 'Object Repository/Выручка в рублях/3 квартал 2024' is clicked on

09-12-2024T08:35:28 - [TEST_STEP][PASSED] - scrollToElement(findTestObject("Выручка в рублях/4 квартал 2024 список"), 30): Scroll to object 'Object Repository/Выручка в рублях/4 квартал 2024 список' successfully

09-12-2024T08:35:29 - [MESSAGE][PASSED] - Scroll to object 'Object Repository/Выручка в рублях/4 квартал 2024 список' successfully

09-12-2024T08:35:29 - [TEST_STEP][PASSED] - click(findTestObject("Выручка в рублях/4 квартал 2024 список"), CONTINUE_ON_FAILURE): Object: 'Object Repository/Выручка в рублях/4 квартал 2024 список' is clicked on

09-12-2024T08:35:29 - [MESSAGE][PASSED] - Object: 'Object Repository/Выручка в рублях/4 квартал 2024 список' is clicked on

09-12-2024T08:35:29 - [TEST_STEP][PASSED] - scrollToElement(findTestObject("Выручка в рублях/Октябрь 2024"), 30): Scroll to object 'Object Repository/Выручка в рублях/Октябрь 2024' successfully

09-12-2024T08:35:30 - [MESSAGE][PASSED] - Scroll to object 'Object Repository/Выручка в рублях/Октябрь 2024' successfully

09-12-2024T08:35:30 - [TEST_STEP][PASSED] - click(findTestObject("Выручка в рублях/Октябрь 2024"), CONTINUE_ON_FAILURE): Object: 'Object Repository/Выручка в рублях/Октябрь 2024' is clicked on

09-12-2024T08:35:30 - [MESSAGE][PASSED] - Object: 'Object Repository/Выручка в рублях/Октябрь 2024' is clicked on

09-12-2024T08:35:30 - [TEST_STEP][PASSED] - click(findTestObject("Выручка в рублях/Применить в фильтре Дата")): Object: 'Object Repository/Выручка в рублях/Применить в фильтре Дата' is clicked on

09-12-2024T08:35:31 - [MESSAGE][PASSED] - Object: 'Object Repository/Выручка в рублях/Применить в фильтре Дата' is clicked on

09-12-2024T08:35:31 - [TEST_STEP][PASSED] - scrollToElement(findTestObject("Выручка в рублях/Заголовок дашборда"), 30): Scroll to object 'Object Repository/Выручка в рублях/Заголовок дашборда' successfully

09-12-2024T08:35:32 - [MESSAGE][PASSED] - Scroll to object 'Object Repository/Выручка в рублях/Заголовок дашборда' successfully

09-12-2024T08:35:32 - [TEST_STEP][PASSED] - delay(65): Delayed 65 second(s)

09-12-2024T08:36:37 - [MESSAGE][PASSED] - Delayed 65 second(s)

09-12-2024T08:36:37 - [TEST_STEP][PASSED] - a5 = "": null

09-12-2024T08:36:37 - [TEST_STEP][PASSED] - a6 = "": null

09-12-2024T08:36:37 - [TEST_STEP][PASSED] - a7 = "": null

09-12-2024T08:36:37 - [TEST_STEP][PASSED] - a8 = "": null

09-12-2024T08:36:37 - [TEST_STEP][PASSED] - a9 = "": null

09-12-2024T08:36:37 - [TEST_STEP][PASSED] - if (run == 1): null

09-12-2024T08:36:37 - [TEST_STEP][PASSED] - if (run == 2): null

09-12-2024T08:36:37 - [TEST_STEP][PASSED] - user = "Андреева": null

09-12-2024T08:36:37 - [TEST_STEP][PASSED] - a1 = getText(findTestObject("Выручка в рублях/График План")): Text of object 'Object Repository/Выручка в рублях/График План' is: '1 180 677'

09-12-2024T08:36:38 - [MESSAGE][PASSED] - Text of object 'Object Repository/Выручка в рублях/График План' is: '1 180 677'

09-12-2024T08:36:38 - [TEST_STEP][PASSED] - a2 = getText(findTestObject("Выручка в рублях/График Факт")): Text of object 'Object Repository/Выручка в рублях/График Факт' is: '1 181 459'

09-12-2024T08:36:38 - [MESSAGE][PASSED] - Text of object 'Object Repository/Выручка в рублях/График Факт' is: '1 181 459'

09-12-2024T08:36:38 - [TEST_STEP][PASSED] - a3 = getText(findTestObject("Выручка в рублях/График Отклонение выручки")): Text of object 'Object Repository/Выручка в рублях/График Отклонение выручки' is: 'Период
1, 2, 3 кв., Октябрь 2024 года
Выручка
Все
Выполнение плановых показателей по ПАО Россети за 1, 2, 3 кв., Октябрь 2024 года
План
Факт
Динамика
2024 год
0 млн.руб.
100 000 млн.руб.
200 000 млн.руб.
300 000 млн.руб.
400 000 млн.руб.
500 000 млн.руб.
600 000 млн.руб.
700 000 млн.руб.
800 000 млн.руб.
900 000 млн.руб.
1 000 000 млн.руб.
1 100 000 млн.руб.
1 200 000 млн.руб.
1 300 000 млн.руб.
1 400 000 млн.руб.
1 180 677
1 181 459
↑
ДЗО 
Все
Внутренний оборот - выручка за услуги по передаче электрической энергии, учтенная в выручке за электроэнергию для конечных потребителей, при выполнении ДЗО функций гарантирующего поставщика
Подписи данных
⬤Отклонение
АО «Тываэнерго»
АО «Чеченэнерго»
Россети Волга
Россети Кубань
Россети Ленэнерго (ГК)
Россети Московский регион
Россети Северный Кавказ (ГК)
Россети Северо-Запад
Россети Сибирь (ГК)
Россети Томск
Россети Тюмень
Россети Урал (ГК)
Россети ФСК ЕЭС
Россети Центр
Россети Центр и Приволжье (ГК)
Россети Юг (ГК)
Россети Янтарь
-25 000млн.руб.
-20 000млн.руб.
-15 000млн.руб.
-10 000млн.руб.
-5 000млн.руб.
0млн.руб.
5 000млн.руб.
10 …
-30 000млн.руб.
300
101
156
3 953
4 462
7 500
888
878
1 274
238
-5 106
1 955
-24 344
2 435
4 419
1 357
318
млн.
%
Выручка
Отклонение выручки по ПАО Россети за 1, 2, 3 кв., Октябрь 2024 года (факт/план, млн. руб)
ПАО Россети
782.4 млн.руб.
 '

09-12-2024T08:36:39 - [MESSAGE][PASSED] - Text of object 'Object Repository/Выручка в рублях/График Отклонение выручки' is: 'Период
1, 2, 3 кв., Октябрь 2024 года
Выручка
Все
Выполнение плановых показателей по ПАО Россети за 1, 2, 3 кв., Октябрь 2024 года
План
Факт
Динамика
2024 год
0 млн.руб.
100 000 млн.руб.
200 000 млн.руб.
300 000 млн.руб.
400 000 млн.руб.
500 000 млн.руб.
600 000 млн.руб.
700 000 млн.руб.
800 000 млн.руб.
900 000 млн.руб.
1 000 000 млн.руб.
1 100 000 млн.руб.
1 200 000 млн.руб.
1 300 000 млн.руб.
1 400 000 млн.руб.
1 180 677
1 181 459
↑
ДЗО 
Все
Внутренний оборот - выручка за услуги по передаче электрической энергии, учтенная в выручке за электроэнергию для конечных потребителей, при выполнении ДЗО функций гарантирующего поставщика
Подписи данных
⬤Отклонение
АО «Тываэнерго»
АО «Чеченэнерго»
Россети Волга
Россети Кубань
Россети Ленэнерго (ГК)
Россети Московский регион
Россети Северный Кавказ (ГК)
Россети Северо-Запад
Россети Сибирь (ГК)
Россети Томск
Россети Тюмень
Россети Урал (ГК)
Россети ФСК ЕЭС
Россети Центр
Россети Центр и Приволжье (ГК)
Россети Юг (ГК)
Россети Янтарь
-25 000млн.руб.
-20 000млн.руб.
-15 000млн.руб.
-10 000млн.руб.
-5 000млн.руб.
0млн.руб.
5 000млн.руб.
10 …
-30 000млн.руб.
300
101
156
3 953
4 462
7 500
888
878
1 274
238
-5 106
1 955
-24 344
2 435
4 419
1 357
318
млн.
%
Выручка
Отклонение выручки по ПАО Россети за 1, 2, 3 кв., Октябрь 2024 года (факт/план, млн. руб)
ПАО Россети
782.4 млн.руб.
 '

09-12-2024T08:36:39 - [TEST_STEP][PASSED] - a3 = a3.substring(a3.lastIndexOf("Отклонение")): null

09-12-2024T08:36:39 - [TEST_STEP][PASSED] - click(findTestObject("Выручка в рублях/Переключить отображение с млн на проценты Выручка в рублях")): Object: 'Object Repository/Выручка в рублях/Переключить отображение с млн на проценты Выручка в рублях' is clicked on

09-12-2024T08:36:39 - [MESSAGE][PASSED] - Object: 'Object Repository/Выручка в рублях/Переключить отображение с млн на проценты Выручка в рублях' is clicked on

09-12-2024T08:36:39 - [TEST_STEP][PASSED] - a4 = getText(findTestObject("Выручка в рублях/График Отклонение выручки")): Text of object 'Object Repository/Выручка в рублях/График Отклонение выручки' is: 'Период
1, 2, 3 кв., Октябрь 2024 года
Выручка
Все
Выполнение плановых показателей по ПАО Россети за 1, 2, 3 кв., Октябрь 2024 года
План
Факт
Динамика
2024 год
0 млн.руб.
100 000 млн.руб.
200 000 млн.руб.
300 000 млн.руб.
400 000 млн.руб.
500 000 млн.руб.
600 000 млн.руб.
700 000 млн.руб.
800 000 млн.руб.
900 000 млн.руб.
1 000 000 млн.руб.
1 100 000 млн.руб.
1 200 000 млн.руб.
1 300 000 млн.руб.
1 400 000 млн.руб.
1 180 677
1 181 459
↑
ДЗО 
Все
Отклонение выручки по ПАО Россети за 1, 2, 3 кв., Октябрь 2024 года (факт/план, %)
ПАО Россети
-25.61 %
Внутренний оборот - выручка за услуги по передаче электрической энергии, учтенная в выручке за электроэнергию для конечных потребителей, при выполнении ДЗО функций гарантирующего поставщика
⬤Отклонение
АО «Тываэнерго»
АО «Чеченэнерго»
Россети Волга
Россети Кубань
Россети Ленэнерго (ГК)
Россети Московский регион
Россети Северный Кавказ (ГК)
Россети Северо-Запад
Россети Сибирь (ГК)
Россети Томск
Россети Тюмень
Россети Урал (ГК)
Россети ФСК ЕЭС
Россети Центр
Россети Центр и Приволжье (ГК)
Россети Юг (ГК)
Россети Янтарь
-60 %
-50 %
-40 %
-30 %
-20 %
-10 %
0 %
10 %
20 %
30 %
19.44 %
-48.66 %
-49.88 %
-46.84 %
-47.31 %
4.39 %
-48.99 %
2.01 %
2.23 %
-48.47 %
-53.69 %
2.27 %
-9.49 %
-31.28 %
4.33 %
-48.42 %
4.04 %
Подписи данных
млн.
%
Выручка
 '

09-12-2024T08:36:40 - [MESSAGE][PASSED] - Text of object 'Object Repository/Выручка в рублях/График Отклонение выручки' is: 'Период
1, 2, 3 кв., Октябрь 2024 года
Выручка
Все
Выполнение плановых показателей по ПАО Россети за 1, 2, 3 кв., Октябрь 2024 года
План
Факт
Динамика
2024 год
0 млн.руб.
100 000 млн.руб.
200 000 млн.руб.
300 000 млн.руб.
400 000 млн.руб.
500 000 млн.руб.
600 000 млн.руб.
700 000 млн.руб.
800 000 млн.руб.
900 000 млн.руб.
1 000 000 млн.руб.
1 100 000 млн.руб.
1 200 000 млн.руб.
1 300 000 млн.руб.
1 400 000 млн.руб.
1 180 677
1 181 459
↑
ДЗО 
Все
Отклонение выручки по ПАО Россети за 1, 2, 3 кв., Октябрь 2024 года (факт/план, %)
ПАО Россети
-25.61 %
Внутренний оборот - выручка за услуги по передаче электрической энергии, учтенная в выручке за электроэнергию для конечных потребителей, при выполнении ДЗО функций гарантирующего поставщика
⬤Отклонение
АО «Тываэнерго»
АО «Чеченэнерго»
Россети Волга
Россети Кубань
Россети Ленэнерго (ГК)
Россети Московский регион
Россети Северный Кавказ (ГК)
Россети Северо-Запад
Россети Сибирь (ГК)
Россети Томск
Россети Тюмень
Россети Урал (ГК)
Россети ФСК ЕЭС
Россети Центр
Россети Центр и Приволжье (ГК)
Россети Юг (ГК)
Россети Янтарь
-60 %
-50 %
-40 %
-30 %
-20 %
-10 %
0 %
10 %
20 %
30 %
19.44 %
-48.66 %
-49.88 %
-46.84 %
-47.31 %
4.39 %
-48.99 %
2.01 %
2.23 %
-48.47 %
-53.69 %
2.27 %
-9.49 %
-31.28 %
4.33 %
-48.42 %
4.04 %
Подписи данных
млн.
%
Выручка
 '

09-12-2024T08:36:40 - [TEST_STEP][PASSED] - a4 = a4.substring(a4.lastIndexOf("Отклонение")): null

09-12-2024T08:36:40 - [TEST_STEP][PASSED] - click(findTestObject("Выручка в рублях/Переключить отображение с процентов на млн Выручка в рублях")): Object: 'Object Repository/Выручка в рублях/Переключить отображение с процентов на млн Выручка в рублях' is clicked on

09-12-2024T08:36:40 - [MESSAGE][PASSED] - Object: 'Object Repository/Выручка в рублях/Переключить отображение с процентов на млн Выручка в рублях' is clicked on

09-12-2024T08:36:40 - [TEST_STEP][PASSED] - n = n + 4: null

09-12-2024T08:36:40 - [TEST_STEP][PASSED] - b = n - run + 1: null

09-12-2024T08:36:40 - [TEST_STEP][PASSED] - verifyEqual(findTestData("PlanFact").getValue(2, b), a1): Actual object '1 180 677' and expected object '1 180 677' are equal

09-12-2024T08:36:40 - [MESSAGE][PASSED] - Actual object '1 180 677' and expected object '1 180 677' are equal

09-12-2024T08:36:40 - [TEST_STEP][PASSED] - verifyEqual(findTestData("PlanFact").getValue(3, b), a2): Actual object '1 181 459' and expected object '1 181 459' are equal

09-12-2024T08:36:40 - [MESSAGE][PASSED] - Actual object '1 181 459' and expected object '1 181 459' are equal

09-12-2024T08:36:40 - [TEST_STEP][PASSED] - verifyEqual(findTestData("PlanFact").getValue(4, b), a3): Actual object 'Отклонение выручки по ПАО Россети за 1, 2, 3 кв., Октябрь 2024 года (факт/план, млн. руб)
ПАО Россети
782.4 млн.руб.
 ' and expected object 'Отклонение выручки по ПАО Россети за 1, 2, 3 кв., Октябрь 2024 года (факт/план, млн. руб)
ПАО Россети
782.4 млн.руб.
 ' are equal

09-12-2024T08:36:40 - [MESSAGE][PASSED] - Actual object 'Отклонение выручки по ПАО Россети за 1, 2, 3 кв., Октябрь 2024 года (факт/план, млн. руб)
ПАО Россети
782.4 млн.руб.
 ' and expected object 'Отклонение выручки по ПАО Россети за 1, 2, 3 кв., Октябрь 2024 года (факт/план, млн. руб)
ПАО Россети
782.4 млн.руб.
 ' are equal

09-12-2024T08:36:40 - [TEST_STEP][PASSED] - verifyEqual(findTestData("PlanFact").getValue(5, b), a4): Actual object 'Отклонение
АО «Тываэнерго»
АО «Чеченэнерго»
Россети Волга
Россети Кубань
Россети Ленэнерго (ГК)
Россети Московский регион
Россети Северный Кавказ (ГК)
Россети Северо-Запад
Россети Сибирь (ГК)
Россети Томск
Россети Тюмень
Россети Урал (ГК)
Россети ФСК ЕЭС
Россети Центр
Россети Центр и Приволжье (ГК)
Россети Юг (ГК)
Россети Янтарь
-60 %
-50 %
-40 %
-30 %
-20 %
-10 %
0 %
10 %
20 %
30 %
19.44 %
-48.66 %
-49.88 %
-46.84 %
-47.31 %
4.39 %
-48.99 %
2.01 %
2.23 %
-48.47 %
-53.69 %
2.27 %
-9.49 %
-31.28 %
4.33 %
-48.42 %
4.04 %
Подписи данных
млн.
%
Выручка
 ' and expected object 'Отклонение
АО «Тываэнерго»
АО «Чеченэнерго»
Россети Волга
Россети Кубань
Россети Ленэнерго (ГК)
Россети Московский регион
Россети Северный Кавказ (ГК)
Россети Северо-Запад
Россети Сибирь (ГК)
Россети Томск
Россети Тюмень
Россети Урал (ГК)
Россети ФСК ЕЭС
Россети Центр
Россети Центр и Приволжье (ГК)
Россети Юг (ГК)
Россети Янтарь
-60 %
-50 %
-40 %
-30 %
-20 %
-10 %
0 %
10 %
20 %
30 %
19.44 %
-48.66 %
-49.88 %
-46.84 %
-47.31 %
4.39 %
-48.99 %
2.01 %
2.23 %
-48.47 %
-53.69 %
2.27 %
-9.49 %
-31.28 %
4.33 %
-48.42 %
4.04 %
Подписи данных
млн.
%
Выручка
 ' are equal

09-12-2024T08:36:40 - [MESSAGE][PASSED] - Actual object 'Отклонение
АО «Тываэнерго»
АО «Чеченэнерго»
Россети Волга
Россети Кубань
Россети Ленэнерго (ГК)
Россети Московский регион
Россети Северный Кавказ (ГК)
Россети Северо-Запад
Россети Сибирь (ГК)
Россети Томск
Россети Тюмень
Россети Урал (ГК)
Россети ФСК ЕЭС
Россети Центр
Россети Центр и Приволжье (ГК)
Россети Юг (ГК)
Россети Янтарь
-60 %
-50 %
-40 %
-30 %
-20 %
-10 %
0 %
10 %
20 %
30 %
19.44 %
-48.66 %
-49.88 %
-46.84 %
-47.31 %
4.39 %
-48.99 %
2.01 %
2.23 %
-48.47 %
-53.69 %
2.27 %
-9.49 %
-31.28 %
4.33 %
-48.42 %
4.04 %
Подписи данных
млн.
%
Выручка
 ' and expected object 'Отклонение
АО «Тываэнерго»
АО «Чеченэнерго»
Россети Волга
Россети Кубань
Россети Ленэнерго (ГК)
Россети Московский регион
Россети Северный Кавказ (ГК)
Россети Северо-Запад
Россети Сибирь (ГК)
Россети Томск
Россети Тюмень
Россети Урал (ГК)
Россети ФСК ЕЭС
Россети Центр
Россети Центр и Приволжье (ГК)
Россети Юг (ГК)
Россети Янтарь
-60 %
-50 %
-40 %
-30 %
-20 %
-10 %
0 %
10 %
20 %
30 %
19.44 %
-48.66 %
-49.88 %
-46.84 %
-47.31 %
4.39 %
-48.99 %
2.01 %
2.23 %
-48.47 %
-53.69 %
2.27 %
-9.49 %
-31.28 %
4.33 %
-48.42 %
4.04 %
Подписи данных
млн.
%
Выручка
 ' are equal

09-12-2024T08:36:40 - [TEST_STEP][PASSED] - Script1686231490255.WriteToExcel(user, dashboardName, n, data, run, a1, a2, a3, a4, a5, a6, a7, a8, a9): null

09-12-2024T08:36:40 - [TEST_STEP][PASSED] - sheetName = "Sheet1": null

09-12-2024T08:36:40 - [TEST_STEP][PASSED] - workbook01 = getWorkbook(excelFilePath): null

09-12-2024T08:36:40 - [TEST_STEP][PASSED] - sheet01 = getExcelSheet(workbook01, sheetName): null

09-12-2024T08:36:40 - [TEST_STEP][PASSED] - setValueToCellByIndex(sheet01, n, 0, dashboardName): null

09-12-2024T08:36:40 - [TEST_STEP][PASSED] - setValueToCellByIndex(sheet01, n, 10, user): null

09-12-2024T08:36:40 - [TEST_STEP][PASSED] - setValueToCellByIndex(sheet01, n, 1, a1): null

09-12-2024T08:36:40 - [TEST_STEP][PASSED] - setValueToCellByIndex(sheet01, n, 2, a2): null

09-12-2024T08:36:40 - [TEST_STEP][PASSED] - setValueToCellByIndex(sheet01, n, 3, a3): null

09-12-2024T08:36:40 - [TEST_STEP][PASSED] - setValueToCellByIndex(sheet01, n, 4, a4): null

09-12-2024T08:36:40 - [TEST_STEP][PASSED] - setValueToCellByIndex(sheet01, n, 5, a5): null

09-12-2024T08:36:40 - [TEST_STEP][PASSED] - setValueToCellByIndex(sheet01, n, 6, a6): null

09-12-2024T08:36:40 - [TEST_STEP][PASSED] - setValueToCellByIndex(sheet01, n, 7, a7): null

09-12-2024T08:36:40 - [TEST_STEP][PASSED] - setValueToCellByIndex(sheet01, n, 8, a8): null

09-12-2024T08:36:40 - [TEST_STEP][PASSED] - setValueToCellByIndex(sheet01, n, 9, a9): null

09-12-2024T08:36:40 - [TEST_STEP][PASSED] - n = n + 1: null

09-12-2024T08:36:40 - [TEST_STEP][PASSED] - saveWorkbook(excelFilePath, workbook01): null

09-12-2024T08:36:40 - [TEST_STEP][PASSED] - if (run == 3): null

09-12-2024T08:36:40 - [TEST_STEP][PASSED] - closeBrowser(): null

09-12-2024T08:36:41 - [MESSAGE][PASSED] - Browser is closed

09-12-2024T08:36:41 - [TEST_STEP][PASSED] - ViruchkaVRublyah(user, dashboardName, n, data, run, a1, a2, a3, a4, a5, a6, a7, a8, a9, urlData): null

09-12-2024T08:36:41 - [TEST_STEP][PASSED] - n = data.getRowNumbers() + 1: null

09-12-2024T08:36:41 - [TEST_STEP][PASSED] - println(n): null

09-12-2024T08:36:41 - [TEST_STEP][PASSED] - dashboardName = "Вырука в рублях": null

09-12-2024T08:36:41 - [TEST_STEP][PASSED] - openBrowser(""): Browser is opened with url: ''

09-12-2024T08:36:41 - [MESSAGE][INFO] - Starting 'Chrome' driver

09-12-2024T08:36:41 - [MESSAGE][INFO] - Action delay is set to 0 milliseconds

09-12-2024T08:36:42 - [MESSAGE][PASSED] - Browser is opened with url: ''

09-12-2024T08:36:42 - [TEST_STEP][PASSED] - urlData = 2: null

09-12-2024T08:36:42 - [TEST_STEP][PASSED] - Script1686231490255.CheckPageDownload(urlData, run): null

09-12-2024T08:36:42 - [TEST_STEP][PASSED] - i = 1: null

09-12-2024T08:36:42 - [TEST_STEP][PASSED] - ii = 0: null

09-12-2024T08:36:42 - [TEST_STEP][PASSED] - urlText = <not implemented yet for class: org.codehaus.groovy.ast.expr.EmptyExpression>: null

09-12-2024T08:36:42 - [TEST_STEP][PASSED] - searchWord = <not implemented yet for class: org.codehaus.groovy.ast.expr.EmptyExpression>: null

09-12-2024T08:36:42 - [TEST_STEP][PASSED] - deleteAllCookies(): Delete all cookies successfully

09-12-2024T08:36:42 - [MESSAGE][PASSED] - Delete all cookies successfully

09-12-2024T08:36:42 - [TEST_STEP][PASSED] - refresh(): Refresh successfully

09-12-2024T08:36:42 - [MESSAGE][PASSED] - Refresh successfully

09-12-2024T08:36:42 - [TEST_STEP][PASSED] - delay(65): Delayed 65 second(s)

09-12-2024T08:37:47 - [MESSAGE][PASSED] - Delayed 65 second(s)

09-12-2024T08:37:47 - [TEST_STEP][PASSED] - navigateToUrl(findTestData("PlanFact").getValue(10, urlData)): Navigate to 'https://bi.rosseti.digital/viewer?dashboardGuid=2301950b23be4ed89c1df75f2020051e&sheetGuid=b723206f698544fb87299f3095c00435&fit=true' successfully

09-12-2024T08:37:56 - [MESSAGE][PASSED] - Navigate to 'https://bi.rosseti.digital/viewer?dashboardGuid=2301950b23be4ed89c1df75f2020051e&sheetGuid=b723206f698544fb87299f3095c00435&fit=true' successfully

09-12-2024T08:37:56 - [TEST_STEP][PASSED] - pageLoaded1 = verifyElementPresent(findTestObject("Страница авторизации/Text"), 30): Object 'Object Repository/Страница авторизации/Text' is present

09-12-2024T08:37:59 - [MESSAGE][PASSED] - Object 'Object Repository/Страница авторизации/Text' is present

09-12-2024T08:37:59 - [TEST_STEP][PASSED] - if (pageLoaded1 == false): null

09-12-2024T08:37:59 - [TEST_STEP][PASSED] - urlText = getText(findTestObject("Страница авторизации/Text")): Text of object 'Object Repository/Страница авторизации/Text' is: 'Вход'

09-12-2024T08:38:00 - [MESSAGE][PASSED] - Text of object 'Object Repository/Страница авторизации/Text' is: 'Вход'

09-12-2024T08:38:00 - [TEST_STEP][PASSED] - delay(65): Delayed 65 second(s)

09-12-2024T08:39:05 - [MESSAGE][PASSED] - Delayed 65 second(s)

09-12-2024T08:39:05 - [TEST_STEP][PASSED] - searchWord = "Вход": null

09-12-2024T08:39:05 - [TEST_STEP][PASSED] - if (urlText.contains(searchWord) == false): null

09-12-2024T08:39:05 - [TEST_STEP][PASSED] - setText(findTestObject("Страница авторизации/input__username"), findTestData("PlanFact").getValue(8, run)): Text 'Petrova-OV' is set on object 'Object Repository/Страница авторизации/input__username'

09-12-2024T08:39:05 - [MESSAGE][PASSED] - Text 'Petrova-OV' is set on object 'Object Repository/Страница авторизации/input__username'

09-12-2024T08:39:05 - [TEST_STEP][PASSED] - setText(findTestObject("Страница авторизации/input__password"), findTestData("PlanFact").getValue(9, run)): Text '4Ex@~R53r&3x&BVe7' is set on object 'Object Repository/Страница авторизации/input__password'

09-12-2024T08:39:06 - [MESSAGE][PASSED] - Text '4Ex@~R53r&3x&BVe7' is set on object 'Object Repository/Страница авторизации/input__password'

09-12-2024T08:39:06 - [TEST_STEP][PASSED] - click(findTestObject("Страница авторизации/button_")): Object: 'Object Repository/Страница авторизации/button_' is clicked on

09-12-2024T08:39:10 - [MESSAGE][PASSED] - Object: 'Object Repository/Страница авторизации/button_' is clicked on

09-12-2024T08:39:10 - [TEST_STEP][PASSED] - delay(65): Delayed 65 second(s)

09-12-2024T08:40:15 - [MESSAGE][PASSED] - Delayed 65 second(s)

09-12-2024T08:40:15 - [TEST_STEP][PASSED] - searchWord = "а": null

09-12-2024T08:40:15 - [TEST_STEP][PASSED] - pageLoaded2 = verifyElementPresent(findTestObject("Страница авторизации/Text"), 50): Object 'Object Repository/Страница авторизации/Text' is present

09-12-2024T08:40:16 - [MESSAGE][PASSED] - Object 'Object Repository/Страница авторизации/Text' is present

09-12-2024T08:40:16 - [TEST_STEP][PASSED] - if (pageLoaded2 == false): null

09-12-2024T08:40:16 - [TEST_STEP][PASSED] - urlText = getText(findTestObject("Страница авторизации/Text")): Text of object 'Object Repository/Страница авторизации/Text' is: 'Период
1, 2, 3 кв., Октябрь 2024 года
Выручка
Все
Выполнение плановых показателей по ПАО Россети за 1, 2, 3 кв., Октябрь 2024 года
План
Факт
Динамика
2024 год
0 млн.руб.
100 000 млн.руб.
200 000 млн.руб.
300 000 млн.руб.
400 000 млн.руб.
500 000 млн.руб.
600 000 млн.руб.
700 000 млн.руб.
800 000 млн.руб.
900 000 млн.руб.
1 000 000 млн.руб.
1 100 000 млн.руб.
1 200 000 млн.руб.
1 300 000 млн.руб.
1 400 000 млн.руб.
1 180 677
1 181 459
↑
ДЗО 
Все
Внутренний оборот - выручка за услуги по передаче электрической энергии, учтенная в выручке за электроэнергию для конечных потребителей, при выполнении ДЗО функций гарантирующего поставщика
Подписи данных
⬤Отклонение
АО «Тываэнерго»
АО «Чеченэнерго»
Россети Волга
Россети Кубань
Россети Ленэнерго (ГК)
Россети Московский регион
Россети Северный Кавказ (ГК)
Россети Северо-Запад
Россети Сибирь (ГК)
Россети Томск
Россети Тюмень
Россети Урал (ГК)
Россети ФСК ЕЭС
Россети Центр
Россети Центр и Приволжье (ГК)
Россети Юг (ГК)
Россети Янтарь
-25 000млн.руб.
-20 000млн.руб.
-15 000млн.руб.
-10 000млн.руб.
-5 000млн.руб.
0млн.руб.
5 000млн.руб.
10 …
-30 000млн.руб.
300
101
156
3 953
4 462
7 500
888
878
1 274
238
-5 106
1 955
-24 344
2 435
4 419
1 357
318
млн.
%
Выручка
Отклонение выручки по ПАО Россети за 1, 2, 3 кв., Октябрь 2024 года (факт/план, млн. руб)
ПАО Россети
782.4 млн.руб.
 '

09-12-2024T08:40:16 - [MESSAGE][PASSED] - Text of object 'Object Repository/Страница авторизации/Text' is: 'Период
1, 2, 3 кв., Октябрь 2024 года
Выручка
Все
Выполнение плановых показателей по ПАО Россети за 1, 2, 3 кв., Октябрь 2024 года
План
Факт
Динамика
2024 год
0 млн.руб.
100 000 млн.руб.
200 000 млн.руб.
300 000 млн.руб.
400 000 млн.руб.
500 000 млн.руб.
600 000 млн.руб.
700 000 млн.руб.
800 000 млн.руб.
900 000 млн.руб.
1 000 000 млн.руб.
1 100 000 млн.руб.
1 200 000 млн.руб.
1 300 000 млн.руб.
1 400 000 млн.руб.
1 180 677
1 181 459
↑
ДЗО 
Все
Внутренний оборот - выручка за услуги по передаче электрической энергии, учтенная в выручке за электроэнергию для конечных потребителей, при выполнении ДЗО функций гарантирующего поставщика
Подписи данных
⬤Отклонение
АО «Тываэнерго»
АО «Чеченэнерго»
Россети Волга
Россети Кубань
Россети Ленэнерго (ГК)
Россети Московский регион
Россети Северный Кавказ (ГК)
Россети Северо-Запад
Россети Сибирь (ГК)
Россети Томск
Россети Тюмень
Россети Урал (ГК)
Россети ФСК ЕЭС
Россети Центр
Россети Центр и Приволжье (ГК)
Россети Юг (ГК)
Россети Янтарь
-25 000млн.руб.
-20 000млн.руб.
-15 000млн.руб.
-10 000млн.руб.
-5 000млн.руб.
0млн.руб.
5 000млн.руб.
10 …
-30 000млн.руб.
300
101
156
3 953
4 462
7 500
888
878
1 274
238
-5 106
1 955
-24 344
2 435
4 419
1 357
318
млн.
%
Выручка
Отклонение выручки по ПАО Россети за 1, 2, 3 кв., Октябрь 2024 года (факт/план, млн. руб)
ПАО Россети
782.4 млн.руб.
 '

09-12-2024T08:40:16 - [TEST_STEP][PASSED] - if (urlText.contains("ошибка") || urlText.contains(searchWord) == false): null

09-12-2024T08:40:16 - [TEST_STEP][PASSED] - click(findTestObject("Выручка в рублях/Фильтр Период")): Object: 'Object Repository/Выручка в рублях/Фильтр Период' is clicked on

09-12-2024T08:40:17 - [MESSAGE][PASSED] - Object: 'Object Repository/Выручка в рублях/Фильтр Период' is clicked on

09-12-2024T08:40:17 - [TEST_STEP][PASSED] - click(findTestObject("Выручка в рублях/Снять выделение в фильтре Дата")): Object: 'Object Repository/Выручка в рублях/Снять выделение в фильтре Дата' is clicked on

09-12-2024T08:40:17 - [MESSAGE][PASSED] - Object: 'Object Repository/Выручка в рублях/Снять выделение в фильтре Дата' is clicked on

09-12-2024T08:40:17 - [TEST_STEP][PASSED] - click(findTestObject("Выручка в рублях/Применить в фильтре Дата")): Object: 'Object Repository/Выручка в рублях/Применить в фильтре Дата' is clicked on

09-12-2024T08:40:18 - [MESSAGE][PASSED] - Object: 'Object Repository/Выручка в рублях/Применить в фильтре Дата' is clicked on

09-12-2024T08:40:18 - [TEST_STEP][PASSED] - click(findTestObject("Выручка в рублях/Фильтр Период")): Object: 'Object Repository/Выручка в рублях/Фильтр Период' is clicked on

09-12-2024T08:40:20 - [MESSAGE][PASSED] - Object: 'Object Repository/Выручка в рублях/Фильтр Период' is clicked on

09-12-2024T08:40:20 - [TEST_STEP][PASSED] - click(findTestObject("Выручка в рублях/Снять выделение в фильтре Дата")): Object: 'Object Repository/Выручка в рублях/Снять выделение в фильтре Дата' is clicked on

09-12-2024T08:40:21 - [MESSAGE][PASSED] - Object: 'Object Repository/Выручка в рублях/Снять выделение в фильтре Дата' is clicked on

09-12-2024T08:40:21 - [TEST_STEP][PASSED] - scrollToElement(findTestObject("Выручка в рублях/2024 список"), 30): Scroll to object 'Object Repository/Выручка в рублях/2024 список' successfully

09-12-2024T08:40:21 - [MESSAGE][PASSED] - Scroll to object 'Object Repository/Выручка в рублях/2024 список' successfully

09-12-2024T08:40:21 - [TEST_STEP][PASSED] - click(findTestObject("Выручка в рублях/2024 список")): Object: 'Object Repository/Выручка в рублях/2024 список' is clicked on

09-12-2024T08:40:21 - [MESSAGE][PASSED] - Object: 'Object Repository/Выручка в рублях/2024 список' is clicked on

09-12-2024T08:40:21 - [TEST_STEP][PASSED] - scrollToElement(findTestObject("Выручка в рублях/1 квартал 2024 выбрать"), 30): Scroll to object 'Object Repository/Выручка в рублях/1 квартал 2024 выбрать' successfully

09-12-2024T08:40:22 - [MESSAGE][PASSED] - Scroll to object 'Object Repository/Выручка в рублях/1 квартал 2024 выбрать' successfully

09-12-2024T08:40:22 - [TEST_STEP][PASSED] - click(findTestObject("Выручка в рублях/1 квартал 2024 выбрать"), CONTINUE_ON_FAILURE): Object: 'Object Repository/Выручка в рублях/1 квартал 2024 выбрать' is clicked on

09-12-2024T08:40:22 - [MESSAGE][PASSED] - Object: 'Object Repository/Выручка в рублях/1 квартал 2024 выбрать' is clicked on

09-12-2024T08:40:22 - [TEST_STEP][PASSED] - scrollToElement(findTestObject("Выручка в рублях/2 квартал 2024 выбрать"), 30): Scroll to object 'Object Repository/Выручка в рублях/2 квартал 2024 выбрать' successfully

09-12-2024T08:40:23 - [MESSAGE][PASSED] - Scroll to object 'Object Repository/Выручка в рублях/2 квартал 2024 выбрать' successfully

09-12-2024T08:40:23 - [TEST_STEP][PASSED] - click(findTestObject("Выручка в рублях/2 квартал 2024 выбрать")): Object: 'Object Repository/Выручка в рублях/2 квартал 2024 выбрать' is clicked on

09-12-2024T08:40:23 - [MESSAGE][PASSED] - Object: 'Object Repository/Выручка в рублях/2 квартал 2024 выбрать' is clicked on

09-12-2024T08:40:23 - [TEST_STEP][PASSED] - scrollToElement(findTestObject("Выручка в рублях/3 квартал 2024 список"), 30): Scroll to object 'Object Repository/Выручка в рублях/3 квартал 2024 список' successfully

09-12-2024T08:40:23 - [MESSAGE][PASSED] - Scroll to object 'Object Repository/Выручка в рублях/3 квартал 2024 список' successfully

09-12-2024T08:40:23 - [TEST_STEP][PASSED] - click(findTestObject("Выручка в рублях/3 квартал 2024"), CONTINUE_ON_FAILURE): Object: 'Object Repository/Выручка в рублях/3 квартал 2024' is clicked on

09-12-2024T08:40:24 - [MESSAGE][PASSED] - Object: 'Object Repository/Выручка в рублях/3 квартал 2024' is clicked on

09-12-2024T08:40:24 - [TEST_STEP][PASSED] - scrollToElement(findTestObject("Выручка в рублях/4 квартал 2024 список"), 30): Scroll to object 'Object Repository/Выручка в рублях/4 квартал 2024 список' successfully

09-12-2024T08:40:24 - [MESSAGE][PASSED] - Scroll to object 'Object Repository/Выручка в рублях/4 квартал 2024 список' successfully

09-12-2024T08:40:24 - [TEST_STEP][PASSED] - click(findTestObject("Выручка в рублях/4 квартал 2024 список"), CONTINUE_ON_FAILURE): Object: 'Object Repository/Выручка в рублях/4 квартал 2024 список' is clicked on

09-12-2024T08:40:25 - [MESSAGE][PASSED] - Object: 'Object Repository/Выручка в рублях/4 квартал 2024 список' is clicked on

09-12-2024T08:40:25 - [TEST_STEP][PASSED] - scrollToElement(findTestObject("Выручка в рублях/Октябрь 2024"), 30): Scroll to object 'Object Repository/Выручка в рублях/Октябрь 2024' successfully

09-12-2024T08:40:25 - [MESSAGE][PASSED] - Scroll to object 'Object Repository/Выручка в рублях/Октябрь 2024' successfully

09-12-2024T08:40:25 - [TEST_STEP][PASSED] - click(findTestObject("Выручка в рублях/Октябрь 2024"), CONTINUE_ON_FAILURE): Object: 'Object Repository/Выручка в рублях/Октябрь 2024' is clicked on

09-12-2024T08:40:25 - [MESSAGE][PASSED] - Object: 'Object Repository/Выручка в рублях/Октябрь 2024' is clicked on

09-12-2024T08:40:25 - [TEST_STEP][PASSED] - click(findTestObject("Выручка в рублях/Применить в фильтре Дата")): Object: 'Object Repository/Выручка в рублях/Применить в фильтре Дата' is clicked on

09-12-2024T08:40:26 - [MESSAGE][PASSED] - Object: 'Object Repository/Выручка в рублях/Применить в фильтре Дата' is clicked on

09-12-2024T08:40:26 - [TEST_STEP][PASSED] - scrollToElement(findTestObject("Выручка в рублях/Заголовок дашборда"), 30): Scroll to object 'Object Repository/Выручка в рублях/Заголовок дашборда' successfully

09-12-2024T08:40:28 - [MESSAGE][PASSED] - Scroll to object 'Object Repository/Выручка в рублях/Заголовок дашборда' successfully

09-12-2024T08:40:28 - [TEST_STEP][PASSED] - delay(65): Delayed 65 second(s)

09-12-2024T08:41:33 - [MESSAGE][PASSED] - Delayed 65 second(s)

09-12-2024T08:41:33 - [TEST_STEP][PASSED] - a5 = "": null

09-12-2024T08:41:33 - [TEST_STEP][PASSED] - a6 = "": null

09-12-2024T08:41:33 - [TEST_STEP][PASSED] - a7 = "": null

09-12-2024T08:41:33 - [TEST_STEP][PASSED] - a8 = "": null

09-12-2024T08:41:33 - [TEST_STEP][PASSED] - a9 = "": null

09-12-2024T08:41:33 - [TEST_STEP][PASSED] - if (run == 1): null

09-12-2024T08:41:33 - [TEST_STEP][PASSED] - if (run == 2): null

09-12-2024T08:41:33 - [TEST_STEP][PASSED] - if (run == 3): null

09-12-2024T08:41:33 - [TEST_STEP][PASSED] - user = "Попова": null

09-12-2024T08:41:33 - [TEST_STEP][PASSED] - a1 = getText(findTestObject("Выручка в рублях/График План")): Text of object 'Object Repository/Выручка в рублях/График План' is: '1 180 677'

09-12-2024T08:41:33 - [MESSAGE][PASSED] - Text of object 'Object Repository/Выручка в рублях/График План' is: '1 180 677'

09-12-2024T08:41:33 - [TEST_STEP][PASSED] - a2 = getText(findTestObject("Выручка в рублях/График Факт")): Text of object 'Object Repository/Выручка в рублях/График Факт' is: '1 181 459'

09-12-2024T08:41:33 - [MESSAGE][PASSED] - Text of object 'Object Repository/Выручка в рублях/График Факт' is: '1 181 459'

09-12-2024T08:41:33 - [TEST_STEP][PASSED] - a3 = getText(findTestObject("Выручка в рублях/График Отклонение выручки")): Text of object 'Object Repository/Выручка в рублях/График Отклонение выручки' is: 'Период
1, 2, 3 кв., Октябрь 2024 года
Выручка
Все
Выполнение плановых показателей по ПАО Россети за 1, 2, 3 кв., Октябрь 2024 года
План
Факт
Динамика
2024 год
0 млн.руб.
100 000 млн.руб.
200 000 млн.руб.
300 000 млн.руб.
400 000 млн.руб.
500 000 млн.руб.
600 000 млн.руб.
700 000 млн.руб.
800 000 млн.руб.
900 000 млн.руб.
1 000 000 млн.руб.
1 100 000 млн.руб.
1 200 000 млн.руб.
1 300 000 млн.руб.
1 400 000 млн.руб.
1 180 677
1 181 459
↑
ДЗО 
Все
Внутренний оборот - выручка за услуги по передаче электрической энергии, учтенная в выручке за электроэнергию для конечных потребителей, при выполнении ДЗО функций гарантирующего поставщика
Подписи данных
⬤Отклонение
АО «Тываэнерго»
АО «Чеченэнерго»
Россети Волга
Россети Кубань
Россети Ленэнерго (ГК)
Россети Московский регион
Россети Северный Кавказ (ГК)
Россети Северо-Запад
Россети Сибирь (ГК)
Россети Томск
Россети Тюмень
Россети Урал (ГК)
Россети ФСК ЕЭС
Россети Центр
Россети Центр и Приволжье (ГК)
Россети Юг (ГК)
Россети Янтарь
-25 000млн.руб.
-20 000млн.руб.
-15 000млн.руб.
-10 000млн.руб.
-5 000млн.руб.
0млн.руб.
5 000млн.руб.
10 …
-30 000млн.руб.
300
101
156
3 953
4 462
7 500
888
878
1 274
238
-5 106
1 955
-24 344
2 435
4 419
1 357
318
млн.
%
Выручка
Отклонение выручки по ПАО Россети за 1, 2, 3 кв., Октябрь 2024 года (факт/план, млн. руб)
ПАО Россети
782.4 млн.руб.
 '

09-12-2024T08:41:34 - [MESSAGE][PASSED] - Text of object 'Object Repository/Выручка в рублях/График Отклонение выручки' is: 'Период
1, 2, 3 кв., Октябрь 2024 года
Выручка
Все
Выполнение плановых показателей по ПАО Россети за 1, 2, 3 кв., Октябрь 2024 года
План
Факт
Динамика
2024 год
0 млн.руб.
100 000 млн.руб.
200 000 млн.руб.
300 000 млн.руб.
400 000 млн.руб.
500 000 млн.руб.
600 000 млн.руб.
700 000 млн.руб.
800 000 млн.руб.
900 000 млн.руб.
1 000 000 млн.руб.
1 100 000 млн.руб.
1 200 000 млн.руб.
1 300 000 млн.руб.
1 400 000 млн.руб.
1 180 677
1 181 459
↑
ДЗО 
Все
Внутренний оборот - выручка за услуги по передаче электрической энергии, учтенная в выручке за электроэнергию для конечных потребителей, при выполнении ДЗО функций гарантирующего поставщика
Подписи данных
⬤Отклонение
АО «Тываэнерго»
АО «Чеченэнерго»
Россети Волга
Россети Кубань
Россети Ленэнерго (ГК)
Россети Московский регион
Россети Северный Кавказ (ГК)
Россети Северо-Запад
Россети Сибирь (ГК)
Россети Томск
Россети Тюмень
Россети Урал (ГК)
Россети ФСК ЕЭС
Россети Центр
Россети Центр и Приволжье (ГК)
Россети Юг (ГК)
Россети Янтарь
-25 000млн.руб.
-20 000млн.руб.
-15 000млн.руб.
-10 000млн.руб.
-5 000млн.руб.
0млн.руб.
5 000млн.руб.
10 …
-30 000млн.руб.
300
101
156
3 953
4 462
7 500
888
878
1 274
238
-5 106
1 955
-24 344
2 435
4 419
1 357
318
млн.
%
Выручка
Отклонение выручки по ПАО Россети за 1, 2, 3 кв., Октябрь 2024 года (факт/план, млн. руб)
ПАО Россети
782.4 млн.руб.
 '

09-12-2024T08:41:34 - [TEST_STEP][PASSED] - a3 = a3.substring(a3.lastIndexOf("Отклонение")): null

09-12-2024T08:41:34 - [TEST_STEP][PASSED] - click(findTestObject("Выручка в рублях/Переключить отображение с млн на проценты Выручка в рублях")): Object: 'Object Repository/Выручка в рублях/Переключить отображение с млн на проценты Выручка в рублях' is clicked on

09-12-2024T08:41:34 - [MESSAGE][PASSED] - Object: 'Object Repository/Выручка в рублях/Переключить отображение с млн на проценты Выручка в рублях' is clicked on

09-12-2024T08:41:34 - [TEST_STEP][PASSED] - a4 = getText(findTestObject("Выручка в рублях/График Отклонение выручки")): Text of object 'Object Repository/Выручка в рублях/График Отклонение выручки' is: 'Период
1, 2, 3 кв., Октябрь 2024 года
Выручка
Все
Выполнение плановых показателей по ПАО Россети за 1, 2, 3 кв., Октябрь 2024 года
План
Факт
Динамика
2024 год
0 млн.руб.
100 000 млн.руб.
200 000 млн.руб.
300 000 млн.руб.
400 000 млн.руб.
500 000 млн.руб.
600 000 млн.руб.
700 000 млн.руб.
800 000 млн.руб.
900 000 млн.руб.
1 000 000 млн.руб.
1 100 000 млн.руб.
1 200 000 млн.руб.
1 300 000 млн.руб.
1 400 000 млн.руб.
1 180 677
1 181 459
↑
ДЗО 
Все
Отклонение выручки по ПАО Россети за 1, 2, 3 кв., Октябрь 2024 года (факт/план, %)
ПАО Россети
-25.61 %
Внутренний оборот - выручка за услуги по передаче электрической энергии, учтенная в выручке за электроэнергию для конечных потребителей, при выполнении ДЗО функций гарантирующего поставщика
⬤Отклонение
АО «Тываэнерго»
АО «Чеченэнерго»
Россети Волга
Россети Кубань
Россети Ленэнерго (ГК)
Россети Московский регион
Россети Северный Кавказ (ГК)
Россети Северо-Запад
Россети Сибирь (ГК)
Россети Томск
Россети Тюмень
Россети Урал (ГК)
Россети ФСК ЕЭС
Россети Центр
Россети Центр и Приволжье (ГК)
Россети Юг (ГК)
Россети Янтарь
-60 %
-50 %
-40 %
-30 %
-20 %
-10 %
0 %
10 %
20 %
30 %
19.44 %
-48.66 %
-49.88 %
-46.84 %
-47.31 %
4.39 %
-48.99 %
2.01 %
2.23 %
-48.47 %
-53.69 %
2.27 %
-9.49 %
-31.28 %
4.33 %
-48.42 %
4.04 %
Подписи данных
млн.
%
Выручка
 '

09-12-2024T08:41:35 - [MESSAGE][PASSED] - Text of object 'Object Repository/Выручка в рублях/График Отклонение выручки' is: 'Период
1, 2, 3 кв., Октябрь 2024 года
Выручка
Все
Выполнение плановых показателей по ПАО Россети за 1, 2, 3 кв., Октябрь 2024 года
План
Факт
Динамика
2024 год
0 млн.руб.
100 000 млн.руб.
200 000 млн.руб.
300 000 млн.руб.
400 000 млн.руб.
500 000 млн.руб.
600 000 млн.руб.
700 000 млн.руб.
800 000 млн.руб.
900 000 млн.руб.
1 000 000 млн.руб.
1 100 000 млн.руб.
1 200 000 млн.руб.
1 300 000 млн.руб.
1 400 000 млн.руб.
1 180 677
1 181 459
↑
ДЗО 
Все
Отклонение выручки по ПАО Россети за 1, 2, 3 кв., Октябрь 2024 года (факт/план, %)
ПАО Россети
-25.61 %
Внутренний оборот - выручка за услуги по передаче электрической энергии, учтенная в выручке за электроэнергию для конечных потребителей, при выполнении ДЗО функций гарантирующего поставщика
⬤Отклонение
АО «Тываэнерго»
АО «Чеченэнерго»
Россети Волга
Россети Кубань
Россети Ленэнерго (ГК)
Россети Московский регион
Россети Северный Кавказ (ГК)
Россети Северо-Запад
Россети Сибирь (ГК)
Россети Томск
Россети Тюмень
Россети Урал (ГК)
Россети ФСК ЕЭС
Россети Центр
Россети Центр и Приволжье (ГК)
Россети Юг (ГК)
Россети Янтарь
-60 %
-50 %
-40 %
-30 %
-20 %
-10 %
0 %
10 %
20 %
30 %
19.44 %
-48.66 %
-49.88 %
-46.84 %
-47.31 %
4.39 %
-48.99 %
2.01 %
2.23 %
-48.47 %
-53.69 %
2.27 %
-9.49 %
-31.28 %
4.33 %
-48.42 %
4.04 %
Подписи данных
млн.
%
Выручка
 '

09-12-2024T08:41:35 - [TEST_STEP][PASSED] - a4 = a4.substring(a4.lastIndexOf("Отклонение")): null

09-12-2024T08:41:35 - [TEST_STEP][PASSED] - click(findTestObject("Выручка в рублях/Переключить отображение с процентов на млн Выручка в рублях")): Object: 'Object Repository/Выручка в рублях/Переключить отображение с процентов на млн Выручка в рублях' is clicked on

09-12-2024T08:41:35 - [MESSAGE][PASSED] - Object: 'Object Repository/Выручка в рублях/Переключить отображение с процентов на млн Выручка в рублях' is clicked on

09-12-2024T08:41:35 - [TEST_STEP][PASSED] - n = n + 5: null

09-12-2024T08:41:35 - [TEST_STEP][PASSED] - b = n - run + 1: null

09-12-2024T08:41:35 - [TEST_STEP][PASSED] - verifyEqual(findTestData("PlanFact").getValue(2, b), a1): Actual object '1 180 677' and expected object '1 180 677' are equal

09-12-2024T08:41:35 - [MESSAGE][PASSED] - Actual object '1 180 677' and expected object '1 180 677' are equal

09-12-2024T08:41:35 - [TEST_STEP][PASSED] - verifyEqual(findTestData("PlanFact").getValue(3, b), a2): Actual object '1 181 459' and expected object '1 181 459' are equal

09-12-2024T08:41:35 - [MESSAGE][PASSED] - Actual object '1 181 459' and expected object '1 181 459' are equal

09-12-2024T08:41:35 - [TEST_STEP][PASSED] - verifyEqual(findTestData("PlanFact").getValue(4, b), a3): Actual object 'Отклонение выручки по ПАО Россети за 1, 2, 3 кв., Октябрь 2024 года (факт/план, млн. руб)
ПАО Россети
782.4 млн.руб.
 ' and expected object 'Отклонение выручки по ПАО Россети за 1, 2, 3 кв., Октябрь 2024 года (факт/план, млн. руб)
ПАО Россети
782.4 млн.руб.
 ' are equal

09-12-2024T08:41:36 - [MESSAGE][PASSED] - Actual object 'Отклонение выручки по ПАО Россети за 1, 2, 3 кв., Октябрь 2024 года (факт/план, млн. руб)
ПАО Россети
782.4 млн.руб.
 ' and expected object 'Отклонение выручки по ПАО Россети за 1, 2, 3 кв., Октябрь 2024 года (факт/план, млн. руб)
ПАО Россети
782.4 млн.руб.
 ' are equal

09-12-2024T08:41:36 - [TEST_STEP][PASSED] - verifyEqual(findTestData("PlanFact").getValue(5, b), a4): Actual object 'Отклонение
АО «Тываэнерго»
АО «Чеченэнерго»
Россети Волга
Россети Кубань
Россети Ленэнерго (ГК)
Россети Московский регион
Россети Северный Кавказ (ГК)
Россети Северо-Запад
Россети Сибирь (ГК)
Россети Томск
Россети Тюмень
Россети Урал (ГК)
Россети ФСК ЕЭС
Россети Центр
Россети Центр и Приволжье (ГК)
Россети Юг (ГК)
Россети Янтарь
-60 %
-50 %
-40 %
-30 %
-20 %
-10 %
0 %
10 %
20 %
30 %
19.44 %
-48.66 %
-49.88 %
-46.84 %
-47.31 %
4.39 %
-48.99 %
2.01 %
2.23 %
-48.47 %
-53.69 %
2.27 %
-9.49 %
-31.28 %
4.33 %
-48.42 %
4.04 %
Подписи данных
млн.
%
Выручка
 ' and expected object 'Отклонение
АО «Тываэнерго»
АО «Чеченэнерго»
Россети Волга
Россети Кубань
Россети Ленэнерго (ГК)
Россети Московский регион
Россети Северный Кавказ (ГК)
Россети Северо-Запад
Россети Сибирь (ГК)
Россети Томск
Россети Тюмень
Россети Урал (ГК)
Россети ФСК ЕЭС
Россети Центр
Россети Центр и Приволжье (ГК)
Россети Юг (ГК)
Россети Янтарь
-60 %
-50 %
-40 %
-30 %
-20 %
-10 %
0 %
10 %
20 %
30 %
19.44 %
-48.66 %
-49.88 %
-46.84 %
-47.31 %
4.39 %
-48.99 %
2.01 %
2.23 %
-48.47 %
-53.69 %
2.27 %
-9.49 %
-31.28 %
4.33 %
-48.42 %
4.04 %
Подписи данных
млн.
%
Выручка
 ' are equal

09-12-2024T08:41:36 - [MESSAGE][PASSED] - Actual object 'Отклонение
АО «Тываэнерго»
АО «Чеченэнерго»
Россети Волга
Россети Кубань
Россети Ленэнерго (ГК)
Россети Московский регион
Россети Северный Кавказ (ГК)
Россети Северо-Запад
Россети Сибирь (ГК)
Россети Томск
Россети Тюмень
Россети Урал (ГК)
Россети ФСК ЕЭС
Россети Центр
Россети Центр и Приволжье (ГК)
Россети Юг (ГК)
Россети Янтарь
-60 %
-50 %
-40 %
-30 %
-20 %
-10 %
0 %
10 %
20 %
30 %
19.44 %
-48.66 %
-49.88 %
-46.84 %
-47.31 %
4.39 %
-48.99 %
2.01 %
2.23 %
-48.47 %
-53.69 %
2.27 %
-9.49 %
-31.28 %
4.33 %
-48.42 %
4.04 %
Подписи данных
млн.
%
Выручка
 ' and expected object 'Отклонение
АО «Тываэнерго»
АО «Чеченэнерго»
Россети Волга
Россети Кубань
Россети Ленэнерго (ГК)
Россети Московский регион
Россети Северный Кавказ (ГК)
Россети Северо-Запад
Россети Сибирь (ГК)
Россети Томск
Россети Тюмень
Россети Урал (ГК)
Россети ФСК ЕЭС
Россети Центр
Россети Центр и Приволжье (ГК)
Россети Юг (ГК)
Россети Янтарь
-60 %
-50 %
-40 %
-30 %
-20 %
-10 %
0 %
10 %
20 %
30 %
19.44 %
-48.66 %
-49.88 %
-46.84 %
-47.31 %
4.39 %
-48.99 %
2.01 %
2.23 %
-48.47 %
-53.69 %
2.27 %
-9.49 %
-31.28 %
4.33 %
-48.42 %
4.04 %
Подписи данных
млн.
%
Выручка
 ' are equal

09-12-2024T08:41:36 - [TEST_STEP][PASSED] - Script1686231490255.WriteToExcel(user, dashboardName, n, data, run, a1, a2, a3, a4, a5, a6, a7, a8, a9): null

09-12-2024T08:41:36 - [TEST_STEP][PASSED] - sheetName = "Sheet1": null

09-12-2024T08:41:36 - [TEST_STEP][PASSED] - workbook01 = getWorkbook(excelFilePath): null

09-12-2024T08:41:36 - [TEST_STEP][PASSED] - sheet01 = getExcelSheet(workbook01, sheetName): null

09-12-2024T08:41:36 - [TEST_STEP][PASSED] - setValueToCellByIndex(sheet01, n, 0, dashboardName): null

09-12-2024T08:41:36 - [TEST_STEP][PASSED] - setValueToCellByIndex(sheet01, n, 10, user): null

09-12-2024T08:41:36 - [TEST_STEP][PASSED] - setValueToCellByIndex(sheet01, n, 1, a1): null

09-12-2024T08:41:36 - [TEST_STEP][PASSED] - setValueToCellByIndex(sheet01, n, 2, a2): null

09-12-2024T08:41:36 - [TEST_STEP][PASSED] - setValueToCellByIndex(sheet01, n, 3, a3): null

09-12-2024T08:41:36 - [TEST_STEP][PASSED] - setValueToCellByIndex(sheet01, n, 4, a4): null

09-12-2024T08:41:36 - [TEST_STEP][PASSED] - setValueToCellByIndex(sheet01, n, 5, a5): null

09-12-2024T08:41:36 - [TEST_STEP][PASSED] - setValueToCellByIndex(sheet01, n, 6, a6): null

09-12-2024T08:41:36 - [TEST_STEP][PASSED] - setValueToCellByIndex(sheet01, n, 7, a7): null

09-12-2024T08:41:36 - [TEST_STEP][PASSED] - setValueToCellByIndex(sheet01, n, 8, a8): null

09-12-2024T08:41:36 - [TEST_STEP][PASSED] - setValueToCellByIndex(sheet01, n, 9, a9): null

09-12-2024T08:41:36 - [TEST_STEP][PASSED] - n = n + 1: null

09-12-2024T08:41:36 - [TEST_STEP][PASSED] - saveWorkbook(excelFilePath, workbook01): null

09-12-2024T08:41:36 - [TEST_STEP][PASSED] - closeBrowser(): Browser is closed

09-12-2024T08:41:36 - [MESSAGE][PASSED] - Browser is closed

09-12-2024T08:41:36 - [TEST_STEP][PASSED] - delay(65): Delayed 65 second(s)

09-12-2024T08:42:41 - [MESSAGE][PASSED] - Delayed 65 second(s)

09-12-2024T08:42:41 - [TEST_STEP][PASSED] - for ([run = 1, run < 4, (run++)]): null

09-12-2024T08:42:41 - [TEST_STEP][PASSED] - ObyemPoter(user, dashboardName, n, data, run, a1, a2, a3, a4, a5, a6, a7, a8, a9, urlData): null

09-12-2024T08:42:41 - [TEST_STEP][PASSED] - n = data.getRowNumbers() + 1: null

09-12-2024T08:42:41 - [TEST_STEP][PASSED] - println(n): null

09-12-2024T08:42:41 - [TEST_STEP][PASSED] - dashboardName = "Объём потерь": null

09-12-2024T08:42:41 - [TEST_STEP][PASSED] - openBrowser(""): Browser is opened with url: ''

09-12-2024T08:42:41 - [MESSAGE][INFO] - Starting 'Chrome' driver

09-12-2024T08:42:41 - [MESSAGE][INFO] - Action delay is set to 0 milliseconds

09-12-2024T08:42:42 - [MESSAGE][PASSED] - Browser is opened with url: ''

09-12-2024T08:42:42 - [TEST_STEP][PASSED] - urlData = 14: null

09-12-2024T08:42:42 - [TEST_STEP][PASSED] - Script1686231490255.CheckPageDownload(urlData, run): null

09-12-2024T08:42:42 - [TEST_STEP][PASSED] - i = 1: null

09-12-2024T08:42:42 - [TEST_STEP][PASSED] - ii = 0: null

09-12-2024T08:42:42 - [TEST_STEP][PASSED] - urlText = <not implemented yet for class: org.codehaus.groovy.ast.expr.EmptyExpression>: null

09-12-2024T08:42:42 - [TEST_STEP][PASSED] - searchWord = <not implemented yet for class: org.codehaus.groovy.ast.expr.EmptyExpression>: null

09-12-2024T08:42:42 - [TEST_STEP][PASSED] - deleteAllCookies(): Delete all cookies successfully

09-12-2024T08:42:42 - [MESSAGE][PASSED] - Delete all cookies successfully

09-12-2024T08:42:42 - [TEST_STEP][PASSED] - refresh(): Refresh successfully

09-12-2024T08:42:42 - [MESSAGE][PASSED] - Refresh successfully

09-12-2024T08:42:42 - [TEST_STEP][PASSED] - delay(65): Delayed 65 second(s)

09-12-2024T08:43:47 - [MESSAGE][PASSED] - Delayed 65 second(s)

09-12-2024T08:43:47 - [TEST_STEP][PASSED] - navigateToUrl(findTestData("PlanFact").getValue(10, urlData)): Navigate to 'https://bi.rosseti.digital/viewer?dashboardGuid=d154a8eaf6824e2b9de1bb04dd061c18&sheetGuid=aa9766f159804cfeb6006ba98edf3a23&fit=true' successfully

09-12-2024T08:43:54 - [MESSAGE][PASSED] - Navigate to 'https://bi.rosseti.digital/viewer?dashboardGuid=d154a8eaf6824e2b9de1bb04dd061c18&sheetGuid=aa9766f159804cfeb6006ba98edf3a23&fit=true' successfully

09-12-2024T08:43:54 - [TEST_STEP][PASSED] - pageLoaded1 = verifyElementPresent(findTestObject("Страница авторизации/Text"), 30): Object 'Object Repository/Страница авторизации/Text' is present

09-12-2024T08:43:57 - [MESSAGE][PASSED] - Object 'Object Repository/Страница авторизации/Text' is present

09-12-2024T08:43:57 - [TEST_STEP][PASSED] - if (pageLoaded1 == false): null

09-12-2024T08:43:57 - [TEST_STEP][PASSED] - urlText = getText(findTestObject("Страница авторизации/Text")): Text of object 'Object Repository/Страница авторизации/Text' is: 'Вход'

09-12-2024T08:43:58 - [MESSAGE][PASSED] - Text of object 'Object Repository/Страница авторизации/Text' is: 'Вход'

09-12-2024T08:43:58 - [TEST_STEP][PASSED] - delay(65): Delayed 65 second(s)

09-12-2024T08:45:03 - [MESSAGE][PASSED] - Delayed 65 second(s)

09-12-2024T08:45:03 - [TEST_STEP][PASSED] - searchWord = "Вход": null

09-12-2024T08:45:03 - [TEST_STEP][PASSED] - if (urlText.contains(searchWord) == false): null

09-12-2024T08:45:03 - [TEST_STEP][PASSED] - setText(findTestObject("Страница авторизации/input__username"), findTestData("PlanFact").getValue(8, run)): Text 'liazgina-di' is set on object 'Object Repository/Страница авторизации/input__username'

09-12-2024T08:45:03 - [MESSAGE][PASSED] - Text 'liazgina-di' is set on object 'Object Repository/Страница авторизации/input__username'

09-12-2024T08:45:03 - [TEST_STEP][PASSED] - setText(findTestObject("Страница авторизации/input__password"), findTestData("PlanFact").getValue(9, run)): Text ')$%5srZ8o688Dm#q' is set on object 'Object Repository/Страница авторизации/input__password'

09-12-2024T08:45:04 - [MESSAGE][PASSED] - Text ')$%5srZ8o688Dm#q' is set on object 'Object Repository/Страница авторизации/input__password'

09-12-2024T08:45:04 - [TEST_STEP][PASSED] - click(findTestObject("Страница авторизации/button_")): Object: 'Object Repository/Страница авторизации/button_' is clicked on

09-12-2024T08:45:08 - [MESSAGE][PASSED] - Object: 'Object Repository/Страница авторизации/button_' is clicked on

09-12-2024T08:45:08 - [TEST_STEP][PASSED] - delay(65): Delayed 65 second(s)

09-12-2024T08:46:13 - [MESSAGE][PASSED] - Delayed 65 second(s)

09-12-2024T08:46:13 - [TEST_STEP][PASSED] - searchWord = "а": null

09-12-2024T08:46:13 - [TEST_STEP][PASSED] - pageLoaded2 = verifyElementPresent(findTestObject("Страница авторизации/Text"), 50): Object 'Object Repository/Страница авторизации/Text' is present

09-12-2024T08:46:14 - [MESSAGE][PASSED] - Object 'Object Repository/Страница авторизации/Text' is present

09-12-2024T08:46:14 - [TEST_STEP][PASSED] - if (pageLoaded2 == false): null

09-12-2024T08:46:14 - [TEST_STEP][PASSED] - urlText = getText(findTestObject("Страница авторизации/Text")): Text of object 'Object Repository/Страница авторизации/Text' is: 'ДЗО 
Все
Период
Выбрано: 12
тыс. кВт⋅ч
п.п.
Объем потерь
57 852 74957 852 749
59 408 90159 408 901
59 011 00959 011 009
2022 год
2023 год
2024 год
0
10 000
20 000
30 000
40 000
50 000
60 000
70 000
Уровень потерь
8.278.27
8.378.37
7.937.93
Факт
2022 год
2023 год
2024 год
0
2
4
6
8
10
●● Отклонения, тыс. кВт⋅ч
тыс. кВт⋅ч
Отклонения объема потерь
1 556 1511 556 151
-397 892-397 892
2022/2023
2023/2024
-500 000
0
500 000
1 000 000
1 500 000
2 000 000
●● Отклонения, п.п.
п.п.
Отклонения уровня потерь
0.110.11
-0.45-0.45
2022/2023
2023/2024
-0.5
-0.4
-0.3
-0.2
-0.1
0
0.1
0.2
Фактические данные по объему и уровню потерь электроэнергии'

09-12-2024T08:46:14 - [MESSAGE][PASSED] - Text of object 'Object Repository/Страница авторизации/Text' is: 'ДЗО 
Все
Период
Выбрано: 12
тыс. кВт⋅ч
п.п.
Объем потерь
57 852 74957 852 749
59 408 90159 408 901
59 011 00959 011 009
2022 год
2023 год
2024 год
0
10 000
20 000
30 000
40 000
50 000
60 000
70 000
Уровень потерь
8.278.27
8.378.37
7.937.93
Факт
2022 год
2023 год
2024 год
0
2
4
6
8
10
●● Отклонения, тыс. кВт⋅ч
тыс. кВт⋅ч
Отклонения объема потерь
1 556 1511 556 151
-397 892-397 892
2022/2023
2023/2024
-500 000
0
500 000
1 000 000
1 500 000
2 000 000
●● Отклонения, п.п.
п.п.
Отклонения уровня потерь
0.110.11
-0.45-0.45
2022/2023
2023/2024
-0.5
-0.4
-0.3
-0.2
-0.1
0
0.1
0.2
Фактические данные по объему и уровню потерь электроэнергии'

09-12-2024T08:46:14 - [TEST_STEP][PASSED] - if (urlText.contains("ошибка") || urlText.contains(searchWord) == false): null

09-12-2024T08:46:14 - [TEST_STEP][PASSED] - a9 = "": null

09-12-2024T08:46:14 - [TEST_STEP][PASSED] - a3 = "": null

09-12-2024T08:46:14 - [TEST_STEP][PASSED] - a6 = "": null

09-12-2024T08:46:14 - [TEST_STEP][PASSED] - if (run == 1): null

09-12-2024T08:46:14 - [TEST_STEP][PASSED] - user = "админ": null

09-12-2024T08:46:14 - [TEST_STEP][PASSED] - a1 = getText(findTestObject("Объем потерь/divObemPoter")): Text of object 'Object Repository/Объем потерь/divObemPoter' is: 'Объем потерь
57 852 74957 852 749
59 408 90159 408 901
59 011 00959 011 009
2022 год
2023 год
2024 год
0
10 000
20 000
30 000
40 000
50 000
60 000
70 000'

09-12-2024T08:46:15 - [MESSAGE][PASSED] - Text of object 'Object Repository/Объем потерь/divObemPoter' is: 'Объем потерь
57 852 74957 852 749
59 408 90159 408 901
59 011 00959 011 009
2022 год
2023 год
2024 год
0
10 000
20 000
30 000
40 000
50 000
60 000
70 000'

09-12-2024T08:46:15 - [TEST_STEP][PASSED] - a2 = getText(findTestObject("Объем потерь/divUrovenPoter")): Text of object 'Object Repository/Объем потерь/divUrovenPoter' is: 'Уровень потерь
8.278.27
8.378.37
7.937.93
Факт
2022 год
2023 год
2024 год
0
2
4
6
8
10'

09-12-2024T08:46:15 - [MESSAGE][PASSED] - Text of object 'Object Repository/Объем потерь/divUrovenPoter' is: 'Уровень потерь
8.278.27
8.378.37
7.937.93
Факт
2022 год
2023 год
2024 год
0
2
4
6
8
10'

09-12-2024T08:46:15 - [TEST_STEP][PASSED] - a3 = getText(findTestObject("Объем потерь/divOtkloneniyaObemaPoter")): Text of object 'Object Repository/Объем потерь/divOtkloneniyaObemaPoter' is: '●● Отклонения, тыс. кВт⋅ч
тыс. кВт⋅ч
Отклонения объема потерь
1 556 1511 556 151
-397 892-397 892
2022/2023
2023/2024
-500 000
0
500 000
1 000 000
1 500 000
2 000 000'

09-12-2024T08:46:15 - [MESSAGE][PASSED] - Text of object 'Object Repository/Объем потерь/divOtkloneniyaObemaPoter' is: '●● Отклонения, тыс. кВт⋅ч
тыс. кВт⋅ч
Отклонения объема потерь
1 556 1511 556 151
-397 892-397 892
2022/2023
2023/2024
-500 000
0
500 000
1 000 000
1 500 000
2 000 000'

09-12-2024T08:46:15 - [TEST_STEP][PASSED] - a4 = getText(findTestObject("Объем потерь/divOtkloneniyaUrovnyaPoter")): Text of object 'Object Repository/Объем потерь/divOtkloneniyaUrovnyaPoter' is: '●● Отклонения, п.п.
п.п.
Отклонения уровня потерь
0.110.11
-0.45-0.45
2022/2023
2023/2024
-0.5
-0.4
-0.3
-0.2
-0.1
0
0.1
0.2'

09-12-2024T08:46:16 - [MESSAGE][PASSED] - Text of object 'Object Repository/Объем потерь/divOtkloneniyaUrovnyaPoter' is: '●● Отклонения, п.п.
п.п.
Отклонения уровня потерь
0.110.11
-0.45-0.45
2022/2023
2023/2024
-0.5
-0.4
-0.3
-0.2
-0.1
0
0.1
0.2'

09-12-2024T08:46:16 - [TEST_STEP][PASSED] - n = n + 6: null

09-12-2024T08:46:16 - [TEST_STEP][PASSED] - Script1686231490255.WriteToExcel(user, dashboardName, n, data, run, a1, a2, a3, a4, a5, a6, a7, a8, a9): null

09-12-2024T08:46:16 - [TEST_STEP][PASSED] - sheetName = "Sheet1": null

09-12-2024T08:46:16 - [TEST_STEP][PASSED] - workbook01 = getWorkbook(excelFilePath): null

09-12-2024T08:46:16 - [TEST_STEP][PASSED] - sheet01 = getExcelSheet(workbook01, sheetName): null

09-12-2024T08:46:16 - [TEST_STEP][PASSED] - setValueToCellByIndex(sheet01, n, 0, dashboardName): null

09-12-2024T08:46:16 - [TEST_STEP][PASSED] - setValueToCellByIndex(sheet01, n, 10, user): null

09-12-2024T08:46:16 - [TEST_STEP][PASSED] - setValueToCellByIndex(sheet01, n, 1, a1): null

09-12-2024T08:46:16 - [TEST_STEP][PASSED] - setValueToCellByIndex(sheet01, n, 2, a2): null

09-12-2024T08:46:16 - [TEST_STEP][PASSED] - setValueToCellByIndex(sheet01, n, 3, a3): null

09-12-2024T08:46:16 - [TEST_STEP][PASSED] - setValueToCellByIndex(sheet01, n, 4, a4): null

09-12-2024T08:46:16 - [TEST_STEP][PASSED] - setValueToCellByIndex(sheet01, n, 5, a5): null

09-12-2024T08:46:16 - [TEST_STEP][PASSED] - setValueToCellByIndex(sheet01, n, 6, a6): null

09-12-2024T08:46:16 - [TEST_STEP][PASSED] - setValueToCellByIndex(sheet01, n, 7, a7): null

09-12-2024T08:46:16 - [TEST_STEP][PASSED] - setValueToCellByIndex(sheet01, n, 8, a8): null

09-12-2024T08:46:16 - [TEST_STEP][PASSED] - setValueToCellByIndex(sheet01, n, 9, a9): null

09-12-2024T08:46:16 - [TEST_STEP][PASSED] - n = n + 1: null

09-12-2024T08:46:16 - [TEST_STEP][PASSED] - saveWorkbook(excelFilePath, workbook01): null

09-12-2024T08:46:16 - [TEST_STEP][PASSED] - if (run == 2): null

09-12-2024T08:46:16 - [TEST_STEP][PASSED] - if (run == 3): null

09-12-2024T08:46:16 - [TEST_STEP][PASSED] - closeBrowser(): null

09-12-2024T08:46:16 - [MESSAGE][PASSED] - Browser is closed

09-12-2024T08:46:16 - [TEST_STEP][PASSED] - ObyemPoter(user, dashboardName, n, data, run, a1, a2, a3, a4, a5, a6, a7, a8, a9, urlData): null

09-12-2024T08:46:16 - [TEST_STEP][PASSED] - n = data.getRowNumbers() + 1: null

09-12-2024T08:46:16 - [TEST_STEP][PASSED] - println(n): null

09-12-2024T08:46:16 - [TEST_STEP][PASSED] - dashboardName = "Объём потерь": null

09-12-2024T08:46:16 - [TEST_STEP][PASSED] - openBrowser(""): Browser is opened with url: ''

09-12-2024T08:46:16 - [MESSAGE][INFO] - Starting 'Chrome' driver

09-12-2024T08:46:16 - [MESSAGE][INFO] - Action delay is set to 0 milliseconds

09-12-2024T08:46:17 - [MESSAGE][PASSED] - Browser is opened with url: ''

09-12-2024T08:46:17 - [TEST_STEP][PASSED] - urlData = 14: null

09-12-2024T08:46:17 - [TEST_STEP][PASSED] - Script1686231490255.CheckPageDownload(urlData, run): null

09-12-2024T08:46:17 - [TEST_STEP][PASSED] - i = 1: null

09-12-2024T08:46:17 - [TEST_STEP][PASSED] - ii = 0: null

09-12-2024T08:46:17 - [TEST_STEP][PASSED] - urlText = <not implemented yet for class: org.codehaus.groovy.ast.expr.EmptyExpression>: null

09-12-2024T08:46:17 - [TEST_STEP][PASSED] - searchWord = <not implemented yet for class: org.codehaus.groovy.ast.expr.EmptyExpression>: null

09-12-2024T08:46:17 - [TEST_STEP][PASSED] - deleteAllCookies(): Delete all cookies successfully

09-12-2024T08:46:17 - [MESSAGE][PASSED] - Delete all cookies successfully

09-12-2024T08:46:17 - [TEST_STEP][PASSED] - refresh(): Refresh successfully

09-12-2024T08:46:17 - [MESSAGE][PASSED] - Refresh successfully

09-12-2024T08:46:17 - [TEST_STEP][PASSED] - delay(65): Delayed 65 second(s)

09-12-2024T08:47:22 - [MESSAGE][PASSED] - Delayed 65 second(s)

09-12-2024T08:47:22 - [TEST_STEP][PASSED] - navigateToUrl(findTestData("PlanFact").getValue(10, urlData)): Navigate to 'https://bi.rosseti.digital/viewer?dashboardGuid=d154a8eaf6824e2b9de1bb04dd061c18&sheetGuid=aa9766f159804cfeb6006ba98edf3a23&fit=true' successfully

09-12-2024T08:47:30 - [MESSAGE][PASSED] - Navigate to 'https://bi.rosseti.digital/viewer?dashboardGuid=d154a8eaf6824e2b9de1bb04dd061c18&sheetGuid=aa9766f159804cfeb6006ba98edf3a23&fit=true' successfully

09-12-2024T08:47:30 - [TEST_STEP][PASSED] - pageLoaded1 = verifyElementPresent(findTestObject("Страница авторизации/Text"), 30): Object 'Object Repository/Страница авторизации/Text' is present

09-12-2024T08:47:33 - [MESSAGE][PASSED] - Object 'Object Repository/Страница авторизации/Text' is present

09-12-2024T08:47:33 - [TEST_STEP][PASSED] - if (pageLoaded1 == false): null

09-12-2024T08:47:33 - [TEST_STEP][PASSED] - urlText = getText(findTestObject("Страница авторизации/Text")): Text of object 'Object Repository/Страница авторизации/Text' is: 'Вход'

09-12-2024T08:47:34 - [MESSAGE][PASSED] - Text of object 'Object Repository/Страница авторизации/Text' is: 'Вход'

09-12-2024T08:47:34 - [TEST_STEP][PASSED] - delay(65): Delayed 65 second(s)

09-12-2024T08:48:39 - [MESSAGE][PASSED] - Delayed 65 second(s)

09-12-2024T08:48:39 - [TEST_STEP][PASSED] - searchWord = "Вход": null

09-12-2024T08:48:39 - [TEST_STEP][PASSED] - if (urlText.contains(searchWord) == false): null

09-12-2024T08:48:39 - [TEST_STEP][PASSED] - setText(findTestObject("Страница авторизации/input__username"), findTestData("PlanFact").getValue(8, run)): Text 'Andreeva-EV' is set on object 'Object Repository/Страница авторизации/input__username'

09-12-2024T08:48:39 - [MESSAGE][PASSED] - Text 'Andreeva-EV' is set on object 'Object Repository/Страница авторизации/input__username'

09-12-2024T08:48:39 - [TEST_STEP][PASSED] - setText(findTestObject("Страница авторизации/input__password"), findTestData("PlanFact").getValue(9, run)): Text '2nPePKDwCPH3ul7xMZ' is set on object 'Object Repository/Страница авторизации/input__password'

09-12-2024T08:48:40 - [MESSAGE][PASSED] - Text '2nPePKDwCPH3ul7xMZ' is set on object 'Object Repository/Страница авторизации/input__password'

09-12-2024T08:48:40 - [TEST_STEP][PASSED] - click(findTestObject("Страница авторизации/button_")): Object: 'Object Repository/Страница авторизации/button_' is clicked on

09-12-2024T08:48:44 - [MESSAGE][PASSED] - Object: 'Object Repository/Страница авторизации/button_' is clicked on

09-12-2024T08:48:44 - [TEST_STEP][PASSED] - delay(65): Delayed 65 second(s)

09-12-2024T08:49:49 - [MESSAGE][PASSED] - Delayed 65 second(s)

09-12-2024T08:49:49 - [TEST_STEP][PASSED] - searchWord = "а": null

09-12-2024T08:49:49 - [TEST_STEP][PASSED] - pageLoaded2 = verifyElementPresent(findTestObject("Страница авторизации/Text"), 50): Object 'Object Repository/Страница авторизации/Text' is present

09-12-2024T08:49:49 - [MESSAGE][PASSED] - Object 'Object Repository/Страница авторизации/Text' is present

09-12-2024T08:49:49 - [TEST_STEP][PASSED] - if (pageLoaded2 == false): null

09-12-2024T08:49:49 - [TEST_STEP][PASSED] - urlText = getText(findTestObject("Страница авторизации/Text")): Text of object 'Object Repository/Страница авторизации/Text' is: 'ДЗО 
Все
Период
Выбрано: 12
тыс. кВт⋅ч
п.п.
Объем потерь
57 852 74957 852 749
59 408 90159 408 901
59 011 00959 011 009
2022 год
2023 год
2024 год
0
10 000
20 000
30 000
40 000
50 000
60 000
70 000
Уровень потерь
8.278.27
8.378.37
7.937.93
Факт
2022 год
2023 год
2024 год
0
2
4
6
8
10
●● Отклонения, тыс. кВт⋅ч
тыс. кВт⋅ч
Отклонения объема потерь
1 556 1511 556 151
-397 892-397 892
2022/2023
2023/2024
-500 000
0
500 000
1 000 000
1 500 000
2 000 000
●● Отклонения, п.п.
п.п.
Отклонения уровня потерь
0.110.11
-0.45-0.45
2022/2023
2023/2024
-0.5
-0.4
-0.3
-0.2
-0.1
0
0.1
0.2
Фактические данные по объему и уровню потерь электроэнергии'

09-12-2024T08:49:50 - [MESSAGE][PASSED] - Text of object 'Object Repository/Страница авторизации/Text' is: 'ДЗО 
Все
Период
Выбрано: 12
тыс. кВт⋅ч
п.п.
Объем потерь
57 852 74957 852 749
59 408 90159 408 901
59 011 00959 011 009
2022 год
2023 год
2024 год
0
10 000
20 000
30 000
40 000
50 000
60 000
70 000
Уровень потерь
8.278.27
8.378.37
7.937.93
Факт
2022 год
2023 год
2024 год
0
2
4
6
8
10
●● Отклонения, тыс. кВт⋅ч
тыс. кВт⋅ч
Отклонения объема потерь
1 556 1511 556 151
-397 892-397 892
2022/2023
2023/2024
-500 000
0
500 000
1 000 000
1 500 000
2 000 000
●● Отклонения, п.п.
п.п.
Отклонения уровня потерь
0.110.11
-0.45-0.45
2022/2023
2023/2024
-0.5
-0.4
-0.3
-0.2
-0.1
0
0.1
0.2
Фактические данные по объему и уровню потерь электроэнергии'

09-12-2024T08:49:50 - [TEST_STEP][PASSED] - if (urlText.contains("ошибка") || urlText.contains(searchWord) == false): null

09-12-2024T08:49:50 - [TEST_STEP][PASSED] - a9 = "": null

09-12-2024T08:49:50 - [TEST_STEP][PASSED] - a3 = "": null

09-12-2024T08:49:50 - [TEST_STEP][PASSED] - a6 = "": null

09-12-2024T08:49:50 - [TEST_STEP][PASSED] - if (run == 1): null

09-12-2024T08:49:50 - [TEST_STEP][PASSED] - if (run == 2): null

09-12-2024T08:49:50 - [TEST_STEP][PASSED] - user = "Андреева": null

09-12-2024T08:49:50 - [TEST_STEP][PASSED] - a1 = getText(findTestObject("Объем потерь/divObemPoter")): Text of object 'Object Repository/Объем потерь/divObemPoter' is: 'Объем потерь
57 852 74957 852 749
59 408 90159 408 901
59 011 00959 011 009
2022 год
2023 год
2024 год
0
10 000
20 000
30 000
40 000
50 000
60 000
70 000'

09-12-2024T08:49:50 - [MESSAGE][PASSED] - Text of object 'Object Repository/Объем потерь/divObemPoter' is: 'Объем потерь
57 852 74957 852 749
59 408 90159 408 901
59 011 00959 011 009
2022 год
2023 год
2024 год
0
10 000
20 000
30 000
40 000
50 000
60 000
70 000'

09-12-2024T08:49:50 - [TEST_STEP][PASSED] - a2 = getText(findTestObject("Объем потерь/divUrovenPoter")): Text of object 'Object Repository/Объем потерь/divUrovenPoter' is: 'Уровень потерь
8.278.27
8.378.37
7.937.93
Факт
2022 год
2023 год
2024 год
0
2
4
6
8
10'

09-12-2024T08:49:50 - [MESSAGE][PASSED] - Text of object 'Object Repository/Объем потерь/divUrovenPoter' is: 'Уровень потерь
8.278.27
8.378.37
7.937.93
Факт
2022 год
2023 год
2024 год
0
2
4
6
8
10'

09-12-2024T08:49:50 - [TEST_STEP][PASSED] - a3 = getText(findTestObject("Объем потерь/divOtkloneniyaObemaPoter")): Text of object 'Object Repository/Объем потерь/divOtkloneniyaObemaPoter' is: '●● Отклонения, тыс. кВт⋅ч
тыс. кВт⋅ч
Отклонения объема потерь
1 556 1511 556 151
-397 892-397 892
2022/2023
2023/2024
-500 000
0
500 000
1 000 000
1 500 000
2 000 000'

09-12-2024T08:49:51 - [MESSAGE][PASSED] - Text of object 'Object Repository/Объем потерь/divOtkloneniyaObemaPoter' is: '●● Отклонения, тыс. кВт⋅ч
тыс. кВт⋅ч
Отклонения объема потерь
1 556 1511 556 151
-397 892-397 892
2022/2023
2023/2024
-500 000
0
500 000
1 000 000
1 500 000
2 000 000'

09-12-2024T08:49:51 - [TEST_STEP][PASSED] - a4 = getText(findTestObject("Объем потерь/divOtkloneniyaUrovnyaPoter")): Text of object 'Object Repository/Объем потерь/divOtkloneniyaUrovnyaPoter' is: '●● Отклонения, п.п.
п.п.
Отклонения уровня потерь
0.110.11
-0.45-0.45
2022/2023
2023/2024
-0.5
-0.4
-0.3
-0.2
-0.1
0
0.1
0.2'

09-12-2024T08:49:51 - [MESSAGE][PASSED] - Text of object 'Object Repository/Объем потерь/divOtkloneniyaUrovnyaPoter' is: '●● Отклонения, п.п.
п.п.
Отклонения уровня потерь
0.110.11
-0.45-0.45
2022/2023
2023/2024
-0.5
-0.4
-0.3
-0.2
-0.1
0
0.1
0.2'

09-12-2024T08:49:51 - [TEST_STEP][PASSED] - n = n + 7: null

09-12-2024T08:49:51 - [TEST_STEP][PASSED] - b = n - run + 1: null

09-12-2024T08:49:51 - [TEST_STEP][PASSED] - verifyEqual(findTestData("PlanFact").getValue(2, b), a1): Actual object 'Объем потерь
57 852 74957 852 749
59 408 90159 408 901
59 011 00959 011 009
2022 год
2023 год
2024 год
0
10 000
20 000
30 000
40 000
50 000
60 000
70 000' and expected object 'Объем потерь
57 852 74957 852 749
59 408 90159 408 901
59 011 00959 011 009
2022 год
2023 год
2024 год
0
10 000
20 000
30 000
40 000
50 000
60 000
70 000' are equal

09-12-2024T08:49:51 - [MESSAGE][PASSED] - Actual object 'Объем потерь
57 852 74957 852 749
59 408 90159 408 901
59 011 00959 011 009
2022 год
2023 год
2024 год
0
10 000
20 000
30 000
40 000
50 000
60 000
70 000' and expected object 'Объем потерь
57 852 74957 852 749
59 408 90159 408 901
59 011 00959 011 009
2022 год
2023 год
2024 год
0
10 000
20 000
30 000
40 000
50 000
60 000
70 000' are equal

09-12-2024T08:49:51 - [TEST_STEP][PASSED] - verifyEqual(findTestData("PlanFact").getValue(3, b), a2): Actual object 'Уровень потерь
8.278.27
8.378.37
7.937.93
Факт
2022 год
2023 год
2024 год
0
2
4
6
8
10' and expected object 'Уровень потерь
8.278.27
8.378.37
7.937.93
Факт
2022 год
2023 год
2024 год
0
2
4
6
8
10' are equal

09-12-2024T08:49:51 - [MESSAGE][PASSED] - Actual object 'Уровень потерь
8.278.27
8.378.37
7.937.93
Факт
2022 год
2023 год
2024 год
0
2
4
6
8
10' and expected object 'Уровень потерь
8.278.27
8.378.37
7.937.93
Факт
2022 год
2023 год
2024 год
0
2
4
6
8
10' are equal

09-12-2024T08:49:51 - [TEST_STEP][PASSED] - verifyEqual(findTestData("PlanFact").getValue(4, b), a3): Actual object '●● Отклонения, тыс. кВт⋅ч
тыс. кВт⋅ч
Отклонения объема потерь
1 556 1511 556 151
-397 892-397 892
2022/2023
2023/2024
-500 000
0
500 000
1 000 000
1 500 000
2 000 000' and expected object '●● Отклонения, тыс. кВт⋅ч
тыс. кВт⋅ч
Отклонения объема потерь
1 556 1511 556 151
-397 892-397 892
2022/2023
2023/2024
-500 000
0
500 000
1 000 000
1 500 000
2 000 000' are equal

09-12-2024T08:49:51 - [MESSAGE][PASSED] - Actual object '●● Отклонения, тыс. кВт⋅ч
тыс. кВт⋅ч
Отклонения объема потерь
1 556 1511 556 151
-397 892-397 892
2022/2023
2023/2024
-500 000
0
500 000
1 000 000
1 500 000
2 000 000' and expected object '●● Отклонения, тыс. кВт⋅ч
тыс. кВт⋅ч
Отклонения объема потерь
1 556 1511 556 151
-397 892-397 892
2022/2023
2023/2024
-500 000
0
500 000
1 000 000
1 500 000
2 000 000' are equal

09-12-2024T08:49:51 - [TEST_STEP][PASSED] - verifyEqual(findTestData("PlanFact").getValue(5, b), a4): Actual object '●● Отклонения, п.п.
п.п.
Отклонения уровня потерь
0.110.11
-0.45-0.45
2022/2023
2023/2024
-0.5
-0.4
-0.3
-0.2
-0.1
0
0.1
0.2' and expected object '●● Отклонения, п.п.
п.п.
Отклонения уровня потерь
0.110.11
-0.45-0.45
2022/2023
2023/2024
-0.5
-0.4
-0.3
-0.2
-0.1
0
0.1
0.2' are equal

09-12-2024T08:49:51 - [MESSAGE][PASSED] - Actual object '●● Отклонения, п.п.
п.п.
Отклонения уровня потерь
0.110.11
-0.45-0.45
2022/2023
2023/2024
-0.5
-0.4
-0.3
-0.2
-0.1
0
0.1
0.2' and expected object '●● Отклонения, п.п.
п.п.
Отклонения уровня потерь
0.110.11
-0.45-0.45
2022/2023
2023/2024
-0.5
-0.4
-0.3
-0.2
-0.1
0
0.1
0.2' are equal

09-12-2024T08:49:51 - [TEST_STEP][PASSED] - Script1686231490255.WriteToExcel(user, dashboardName, n, data, run, a1, a2, a3, a4, a5, a6, a7, a8, a9): null

09-12-2024T08:49:51 - [TEST_STEP][PASSED] - sheetName = "Sheet1": null

09-12-2024T08:49:51 - [TEST_STEP][PASSED] - workbook01 = getWorkbook(excelFilePath): null

09-12-2024T08:49:51 - [TEST_STEP][PASSED] - sheet01 = getExcelSheet(workbook01, sheetName): null

09-12-2024T08:49:51 - [TEST_STEP][PASSED] - setValueToCellByIndex(sheet01, n, 0, dashboardName): null

09-12-2024T08:49:51 - [TEST_STEP][PASSED] - setValueToCellByIndex(sheet01, n, 10, user): null

09-12-2024T08:49:51 - [TEST_STEP][PASSED] - setValueToCellByIndex(sheet01, n, 1, a1): null

09-12-2024T08:49:51 - [TEST_STEP][PASSED] - setValueToCellByIndex(sheet01, n, 2, a2): null

09-12-2024T08:49:51 - [TEST_STEP][PASSED] - setValueToCellByIndex(sheet01, n, 3, a3): null

09-12-2024T08:49:51 - [TEST_STEP][PASSED] - setValueToCellByIndex(sheet01, n, 4, a4): null

09-12-2024T08:49:51 - [TEST_STEP][PASSED] - setValueToCellByIndex(sheet01, n, 5, a5): null

09-12-2024T08:49:51 - [TEST_STEP][PASSED] - setValueToCellByIndex(sheet01, n, 6, a6): null

09-12-2024T08:49:51 - [TEST_STEP][PASSED] - setValueToCellByIndex(sheet01, n, 7, a7): null

09-12-2024T08:49:51 - [TEST_STEP][PASSED] - setValueToCellByIndex(sheet01, n, 8, a8): null

09-12-2024T08:49:51 - [TEST_STEP][PASSED] - setValueToCellByIndex(sheet01, n, 9, a9): null

09-12-2024T08:49:51 - [TEST_STEP][PASSED] - n = n + 1: null

09-12-2024T08:49:51 - [TEST_STEP][PASSED] - saveWorkbook(excelFilePath, workbook01): null

09-12-2024T08:49:51 - [TEST_STEP][PASSED] - if (run == 3): null

09-12-2024T08:49:51 - [TEST_STEP][PASSED] - closeBrowser(): null

09-12-2024T08:49:52 - [MESSAGE][PASSED] - Browser is closed

09-12-2024T08:49:52 - [TEST_STEP][PASSED] - ObyemPoter(user, dashboardName, n, data, run, a1, a2, a3, a4, a5, a6, a7, a8, a9, urlData): null

09-12-2024T08:49:52 - [TEST_STEP][PASSED] - n = data.getRowNumbers() + 1: null

09-12-2024T08:49:52 - [TEST_STEP][PASSED] - println(n): null

09-12-2024T08:49:52 - [TEST_STEP][PASSED] - dashboardName = "Объём потерь": null

09-12-2024T08:49:52 - [TEST_STEP][PASSED] - openBrowser(""): Browser is opened with url: ''

09-12-2024T08:49:52 - [MESSAGE][INFO] - Starting 'Chrome' driver

09-12-2024T08:49:52 - [MESSAGE][INFO] - Action delay is set to 0 milliseconds

09-12-2024T08:49:53 - [MESSAGE][PASSED] - Browser is opened with url: ''

09-12-2024T08:49:53 - [TEST_STEP][PASSED] - urlData = 14: null

09-12-2024T08:49:53 - [TEST_STEP][PASSED] - Script1686231490255.CheckPageDownload(urlData, run): null

09-12-2024T08:49:53 - [TEST_STEP][PASSED] - i = 1: null

09-12-2024T08:49:53 - [TEST_STEP][PASSED] - ii = 0: null

09-12-2024T08:49:53 - [TEST_STEP][PASSED] - urlText = <not implemented yet for class: org.codehaus.groovy.ast.expr.EmptyExpression>: null

09-12-2024T08:49:53 - [TEST_STEP][PASSED] - searchWord = <not implemented yet for class: org.codehaus.groovy.ast.expr.EmptyExpression>: null

09-12-2024T08:49:53 - [TEST_STEP][PASSED] - deleteAllCookies(): Delete all cookies successfully

09-12-2024T08:49:53 - [MESSAGE][PASSED] - Delete all cookies successfully

09-12-2024T08:49:53 - [TEST_STEP][PASSED] - refresh(): Refresh successfully

09-12-2024T08:49:53 - [MESSAGE][PASSED] - Refresh successfully

09-12-2024T08:49:53 - [TEST_STEP][PASSED] - delay(65): Delayed 65 second(s)

09-12-2024T08:50:58 - [MESSAGE][PASSED] - Delayed 65 second(s)

09-12-2024T08:50:58 - [TEST_STEP][PASSED] - navigateToUrl(findTestData("PlanFact").getValue(10, urlData)): Navigate to 'https://bi.rosseti.digital/viewer?dashboardGuid=d154a8eaf6824e2b9de1bb04dd061c18&sheetGuid=aa9766f159804cfeb6006ba98edf3a23&fit=true' successfully

09-12-2024T08:51:07 - [MESSAGE][PASSED] - Navigate to 'https://bi.rosseti.digital/viewer?dashboardGuid=d154a8eaf6824e2b9de1bb04dd061c18&sheetGuid=aa9766f159804cfeb6006ba98edf3a23&fit=true' successfully

09-12-2024T08:51:07 - [TEST_STEP][PASSED] - pageLoaded1 = verifyElementPresent(findTestObject("Страница авторизации/Text"), 30): Object 'Object Repository/Страница авторизации/Text' is present

09-12-2024T08:51:07 - [MESSAGE][PASSED] - Object 'Object Repository/Страница авторизации/Text' is present

09-12-2024T08:51:07 - [TEST_STEP][PASSED] - if (pageLoaded1 == false): null

09-12-2024T08:51:07 - [TEST_STEP][PASSED] - urlText = getText(findTestObject("Страница авторизации/Text")): Text of object 'Object Repository/Страница авторизации/Text' is: 'Вход'

09-12-2024T08:51:08 - [MESSAGE][PASSED] - Text of object 'Object Repository/Страница авторизации/Text' is: 'Вход'

09-12-2024T08:51:08 - [TEST_STEP][PASSED] - delay(65): Delayed 65 second(s)

09-12-2024T08:52:13 - [MESSAGE][PASSED] - Delayed 65 second(s)

09-12-2024T08:52:13 - [TEST_STEP][PASSED] - searchWord = "Вход": null

09-12-2024T08:52:13 - [TEST_STEP][PASSED] - if (urlText.contains(searchWord) == false): null

09-12-2024T08:52:13 - [TEST_STEP][PASSED] - setText(findTestObject("Страница авторизации/input__username"), findTestData("PlanFact").getValue(8, run)): Text 'Petrova-OV' is set on object 'Object Repository/Страница авторизации/input__username'

09-12-2024T08:52:13 - [MESSAGE][PASSED] - Text 'Petrova-OV' is set on object 'Object Repository/Страница авторизации/input__username'

09-12-2024T08:52:13 - [TEST_STEP][PASSED] - setText(findTestObject("Страница авторизации/input__password"), findTestData("PlanFact").getValue(9, run)): Text '4Ex@~R53r&3x&BVe7' is set on object 'Object Repository/Страница авторизации/input__password'

09-12-2024T08:52:14 - [MESSAGE][PASSED] - Text '4Ex@~R53r&3x&BVe7' is set on object 'Object Repository/Страница авторизации/input__password'

09-12-2024T08:52:14 - [TEST_STEP][PASSED] - click(findTestObject("Страница авторизации/button_")): Object: 'Object Repository/Страница авторизации/button_' is clicked on

09-12-2024T08:52:17 - [MESSAGE][PASSED] - Object: 'Object Repository/Страница авторизации/button_' is clicked on

09-12-2024T08:52:17 - [TEST_STEP][PASSED] - delay(65): Delayed 65 second(s)

09-12-2024T08:53:22 - [MESSAGE][PASSED] - Delayed 65 second(s)

09-12-2024T08:53:22 - [TEST_STEP][PASSED] - searchWord = "а": null

09-12-2024T08:53:22 - [TEST_STEP][PASSED] - pageLoaded2 = verifyElementPresent(findTestObject("Страница авторизации/Text"), 50): Object 'Object Repository/Страница авторизации/Text' is present

09-12-2024T08:53:23 - [MESSAGE][PASSED] - Object 'Object Repository/Страница авторизации/Text' is present

09-12-2024T08:53:23 - [TEST_STEP][PASSED] - if (pageLoaded2 == false): null

09-12-2024T08:53:23 - [TEST_STEP][PASSED] - urlText = getText(findTestObject("Страница авторизации/Text")): Text of object 'Object Repository/Страница авторизации/Text' is: 'ДЗО 
Все
Период
Выбрано: 12
тыс. кВт⋅ч
п.п.
Объем потерь
57 852 74957 852 749
59 408 90159 408 901
59 011 00959 011 009
2022 год
2023 год
2024 год
0
10 000
20 000
30 000
40 000
50 000
60 000
70 000
Уровень потерь
8.278.27
8.378.37
7.937.93
Факт
2022 год
2023 год
2024 год
0
2
4
6
8
10
●● Отклонения, тыс. кВт⋅ч
тыс. кВт⋅ч
Отклонения объема потерь
1 556 1511 556 151
-397 892-397 892
2022/2023
2023/2024
-500 000
0
500 000
1 000 000
1 500 000
2 000 000
●● Отклонения, п.п.
п.п.
Отклонения уровня потерь
0.110.11
-0.45-0.45
2022/2023
2023/2024
-0.5
-0.4
-0.3
-0.2
-0.1
0
0.1
0.2
Фактические данные по объему и уровню потерь электроэнергии'

09-12-2024T08:53:23 - [MESSAGE][PASSED] - Text of object 'Object Repository/Страница авторизации/Text' is: 'ДЗО 
Все
Период
Выбрано: 12
тыс. кВт⋅ч
п.п.
Объем потерь
57 852 74957 852 749
59 408 90159 408 901
59 011 00959 011 009
2022 год
2023 год
2024 год
0
10 000
20 000
30 000
40 000
50 000
60 000
70 000
Уровень потерь
8.278.27
8.378.37
7.937.93
Факт
2022 год
2023 год
2024 год
0
2
4
6
8
10
●● Отклонения, тыс. кВт⋅ч
тыс. кВт⋅ч
Отклонения объема потерь
1 556 1511 556 151
-397 892-397 892
2022/2023
2023/2024
-500 000
0
500 000
1 000 000
1 500 000
2 000 000
●● Отклонения, п.п.
п.п.
Отклонения уровня потерь
0.110.11
-0.45-0.45
2022/2023
2023/2024
-0.5
-0.4
-0.3
-0.2
-0.1
0
0.1
0.2
Фактические данные по объему и уровню потерь электроэнергии'

09-12-2024T08:53:23 - [TEST_STEP][PASSED] - if (urlText.contains("ошибка") || urlText.contains(searchWord) == false): null

09-12-2024T08:53:23 - [TEST_STEP][PASSED] - a9 = "": null

09-12-2024T08:53:23 - [TEST_STEP][PASSED] - a3 = "": null

09-12-2024T08:53:23 - [TEST_STEP][PASSED] - a6 = "": null

09-12-2024T08:53:23 - [TEST_STEP][PASSED] - if (run == 1): null

09-12-2024T08:53:23 - [TEST_STEP][PASSED] - if (run == 2): null

09-12-2024T08:53:23 - [TEST_STEP][PASSED] - if (run == 3): null

09-12-2024T08:53:23 - [TEST_STEP][PASSED] - user = "Попова": null

09-12-2024T08:53:23 - [TEST_STEP][PASSED] - a1 = getText(findTestObject("Объем потерь/divObemPoter")): Text of object 'Object Repository/Объем потерь/divObemPoter' is: 'Объем потерь
57 852 74957 852 749
59 408 90159 408 901
59 011 00959 011 009
2022 год
2023 год
2024 год
0
10 000
20 000
30 000
40 000
50 000
60 000
70 000'

09-12-2024T08:53:23 - [MESSAGE][PASSED] - Text of object 'Object Repository/Объем потерь/divObemPoter' is: 'Объем потерь
57 852 74957 852 749
59 408 90159 408 901
59 011 00959 011 009
2022 год
2023 год
2024 год
0
10 000
20 000
30 000
40 000
50 000
60 000
70 000'

09-12-2024T08:53:23 - [TEST_STEP][PASSED] - a2 = getText(findTestObject("Объем потерь/divUrovenPoter")): Text of object 'Object Repository/Объем потерь/divUrovenPoter' is: 'Уровень потерь
8.278.27
8.378.37
7.937.93
Факт
2022 год
2023 год
2024 год
0
2
4
6
8
10'

09-12-2024T08:53:24 - [MESSAGE][PASSED] - Text of object 'Object Repository/Объем потерь/divUrovenPoter' is: 'Уровень потерь
8.278.27
8.378.37
7.937.93
Факт
2022 год
2023 год
2024 год
0
2
4
6
8
10'

09-12-2024T08:53:24 - [TEST_STEP][PASSED] - a3 = getText(findTestObject("Объем потерь/divOtkloneniyaObemaPoter")): Text of object 'Object Repository/Объем потерь/divOtkloneniyaObemaPoter' is: '●● Отклонения, тыс. кВт⋅ч
тыс. кВт⋅ч
Отклонения объема потерь
1 556 1511 556 151
-397 892-397 892
2022/2023
2023/2024
-500 000
0
500 000
1 000 000
1 500 000
2 000 000'

09-12-2024T08:53:24 - [MESSAGE][PASSED] - Text of object 'Object Repository/Объем потерь/divOtkloneniyaObemaPoter' is: '●● Отклонения, тыс. кВт⋅ч
тыс. кВт⋅ч
Отклонения объема потерь
1 556 1511 556 151
-397 892-397 892
2022/2023
2023/2024
-500 000
0
500 000
1 000 000
1 500 000
2 000 000'

09-12-2024T08:53:24 - [TEST_STEP][PASSED] - a4 = getText(findTestObject("Объем потерь/divOtkloneniyaUrovnyaPoter")): Text of object 'Object Repository/Объем потерь/divOtkloneniyaUrovnyaPoter' is: '●● Отклонения, п.п.
п.п.
Отклонения уровня потерь
0.110.11
-0.45-0.45
2022/2023
2023/2024
-0.5
-0.4
-0.3
-0.2
-0.1
0
0.1
0.2'

09-12-2024T08:53:24 - [MESSAGE][PASSED] - Text of object 'Object Repository/Объем потерь/divOtkloneniyaUrovnyaPoter' is: '●● Отклонения, п.п.
п.п.
Отклонения уровня потерь
0.110.11
-0.45-0.45
2022/2023
2023/2024
-0.5
-0.4
-0.3
-0.2
-0.1
0
0.1
0.2'

09-12-2024T08:53:24 - [TEST_STEP][PASSED] - n = n + 8: null

09-12-2024T08:53:24 - [TEST_STEP][PASSED] - b = n - run + 1: null

09-12-2024T08:53:24 - [TEST_STEP][PASSED] - verifyEqual(findTestData("PlanFact").getValue(2, b), a1): Actual object 'Объем потерь
57 852 74957 852 749
59 408 90159 408 901
59 011 00959 011 009
2022 год
2023 год
2024 год
0
10 000
20 000
30 000
40 000
50 000
60 000
70 000' and expected object 'Объем потерь
57 852 74957 852 749
59 408 90159 408 901
59 011 00959 011 009
2022 год
2023 год
2024 год
0
10 000
20 000
30 000
40 000
50 000
60 000
70 000' are equal

09-12-2024T08:53:24 - [MESSAGE][PASSED] - Actual object 'Объем потерь
57 852 74957 852 749
59 408 90159 408 901
59 011 00959 011 009
2022 год
2023 год
2024 год
0
10 000
20 000
30 000
40 000
50 000
60 000
70 000' and expected object 'Объем потерь
57 852 74957 852 749
59 408 90159 408 901
59 011 00959 011 009
2022 год
2023 год
2024 год
0
10 000
20 000
30 000
40 000
50 000
60 000
70 000' are equal

09-12-2024T08:53:24 - [TEST_STEP][PASSED] - verifyEqual(findTestData("PlanFact").getValue(3, b), a2): Actual object 'Уровень потерь
8.278.27
8.378.37
7.937.93
Факт
2022 год
2023 год
2024 год
0
2
4
6
8
10' and expected object 'Уровень потерь
8.278.27
8.378.37
7.937.93
Факт
2022 год
2023 год
2024 год
0
2
4
6
8
10' are equal

09-12-2024T08:53:24 - [MESSAGE][PASSED] - Actual object 'Уровень потерь
8.278.27
8.378.37
7.937.93
Факт
2022 год
2023 год
2024 год
0
2
4
6
8
10' and expected object 'Уровень потерь
8.278.27
8.378.37
7.937.93
Факт
2022 год
2023 год
2024 год
0
2
4
6
8
10' are equal

09-12-2024T08:53:24 - [TEST_STEP][PASSED] - verifyEqual(findTestData("PlanFact").getValue(4, b), a3): Actual object '●● Отклонения, тыс. кВт⋅ч
тыс. кВт⋅ч
Отклонения объема потерь
1 556 1511 556 151
-397 892-397 892
2022/2023
2023/2024
-500 000
0
500 000
1 000 000
1 500 000
2 000 000' and expected object '●● Отклонения, тыс. кВт⋅ч
тыс. кВт⋅ч
Отклонения объема потерь
1 556 1511 556 151
-397 892-397 892
2022/2023
2023/2024
-500 000
0
500 000
1 000 000
1 500 000
2 000 000' are equal

09-12-2024T08:53:25 - [MESSAGE][PASSED] - Actual object '●● Отклонения, тыс. кВт⋅ч
тыс. кВт⋅ч
Отклонения объема потерь
1 556 1511 556 151
-397 892-397 892
2022/2023
2023/2024
-500 000
0
500 000
1 000 000
1 500 000
2 000 000' and expected object '●● Отклонения, тыс. кВт⋅ч
тыс. кВт⋅ч
Отклонения объема потерь
1 556 1511 556 151
-397 892-397 892
2022/2023
2023/2024
-500 000
0
500 000
1 000 000
1 500 000
2 000 000' are equal

09-12-2024T08:53:25 - [TEST_STEP][PASSED] - verifyEqual(findTestData("PlanFact").getValue(5, b), a4): Actual object '●● Отклонения, п.п.
п.п.
Отклонения уровня потерь
0.110.11
-0.45-0.45
2022/2023
2023/2024
-0.5
-0.4
-0.3
-0.2
-0.1
0
0.1
0.2' and expected object '●● Отклонения, п.п.
п.п.
Отклонения уровня потерь
0.110.11
-0.45-0.45
2022/2023
2023/2024
-0.5
-0.4
-0.3
-0.2
-0.1
0
0.1
0.2' are equal

09-12-2024T08:53:25 - [MESSAGE][PASSED] - Actual object '●● Отклонения, п.п.
п.п.
Отклонения уровня потерь
0.110.11
-0.45-0.45
2022/2023
2023/2024
-0.5
-0.4
-0.3
-0.2
-0.1
0
0.1
0.2' and expected object '●● Отклонения, п.п.
п.п.
Отклонения уровня потерь
0.110.11
-0.45-0.45
2022/2023
2023/2024
-0.5
-0.4
-0.3
-0.2
-0.1
0
0.1
0.2' are equal

09-12-2024T08:53:25 - [TEST_STEP][PASSED] - Script1686231490255.WriteToExcel(user, dashboardName, n, data, run, a1, a2, a3, a4, a5, a6, a7, a8, a9): null

09-12-2024T08:53:25 - [TEST_STEP][PASSED] - sheetName = "Sheet1": null

09-12-2024T08:53:25 - [TEST_STEP][PASSED] - workbook01 = getWorkbook(excelFilePath): null

09-12-2024T08:53:25 - [TEST_STEP][PASSED] - sheet01 = getExcelSheet(workbook01, sheetName): null

09-12-2024T08:53:25 - [TEST_STEP][PASSED] - setValueToCellByIndex(sheet01, n, 0, dashboardName): null

09-12-2024T08:53:25 - [TEST_STEP][PASSED] - setValueToCellByIndex(sheet01, n, 10, user): null

09-12-2024T08:53:25 - [TEST_STEP][PASSED] - setValueToCellByIndex(sheet01, n, 1, a1): null

09-12-2024T08:53:25 - [TEST_STEP][PASSED] - setValueToCellByIndex(sheet01, n, 2, a2): null

09-12-2024T08:53:25 - [TEST_STEP][PASSED] - setValueToCellByIndex(sheet01, n, 3, a3): null

09-12-2024T08:53:25 - [TEST_STEP][PASSED] - setValueToCellByIndex(sheet01, n, 4, a4): null

09-12-2024T08:53:25 - [TEST_STEP][PASSED] - setValueToCellByIndex(sheet01, n, 5, a5): null

09-12-2024T08:53:25 - [TEST_STEP][PASSED] - setValueToCellByIndex(sheet01, n, 6, a6): null

09-12-2024T08:53:25 - [TEST_STEP][PASSED] - setValueToCellByIndex(sheet01, n, 7, a7): null

09-12-2024T08:53:25 - [TEST_STEP][PASSED] - setValueToCellByIndex(sheet01, n, 8, a8): null

09-12-2024T08:53:25 - [TEST_STEP][PASSED] - setValueToCellByIndex(sheet01, n, 9, a9): null

09-12-2024T08:53:25 - [TEST_STEP][PASSED] - n = n + 1: null

09-12-2024T08:53:25 - [TEST_STEP][PASSED] - saveWorkbook(excelFilePath, workbook01): null

09-12-2024T08:53:25 - [TEST_STEP][PASSED] - closeBrowser(): Browser is closed

09-12-2024T08:53:25 - [MESSAGE][PASSED] - Browser is closed

09-12-2024T08:53:25 - [TEST_STEP][PASSED] - delay(65): Delayed 65 second(s)

09-12-2024T08:54:30 - [MESSAGE][PASSED] - Delayed 65 second(s)

09-12-2024T08:54:30 - [TEST_STEP][PASSED] - for ([run = 1, run < 4, (run++)]): null

09-12-2024T08:54:30 - [TEST_STEP][PASSED] - OtpuskIzSeti(user, dashboardName, n, data, run, a1, a2, a3, a4, a5, a6, a7, a8, a9, urlData): null

09-12-2024T08:54:30 - [TEST_STEP][PASSED] - n = data.getRowNumbers() + 1: null

09-12-2024T08:54:30 - [TEST_STEP][PASSED] - println(n): null

09-12-2024T08:54:30 - [TEST_STEP][PASSED] - dashboardName = "Отпуск из сети": null

09-12-2024T08:54:30 - [TEST_STEP][PASSED] - openBrowser(""): Browser is opened with url: ''

09-12-2024T08:54:30 - [MESSAGE][INFO] - Starting 'Chrome' driver

09-12-2024T08:54:30 - [MESSAGE][INFO] - Action delay is set to 0 milliseconds

09-12-2024T08:54:31 - [MESSAGE][PASSED] - Browser is opened with url: ''

09-12-2024T08:54:31 - [TEST_STEP][PASSED] - urlData = 15: null

09-12-2024T08:54:31 - [TEST_STEP][PASSED] - Script1686231490255.CheckPageDownload(urlData, run): null

09-12-2024T08:54:31 - [TEST_STEP][PASSED] - i = 1: null

09-12-2024T08:54:31 - [TEST_STEP][PASSED] - ii = 0: null

09-12-2024T08:54:31 - [TEST_STEP][PASSED] - urlText = <not implemented yet for class: org.codehaus.groovy.ast.expr.EmptyExpression>: null

09-12-2024T08:54:31 - [TEST_STEP][PASSED] - searchWord = <not implemented yet for class: org.codehaus.groovy.ast.expr.EmptyExpression>: null

09-12-2024T08:54:31 - [TEST_STEP][PASSED] - deleteAllCookies(): Delete all cookies successfully

09-12-2024T08:54:31 - [MESSAGE][PASSED] - Delete all cookies successfully

09-12-2024T08:54:31 - [TEST_STEP][PASSED] - refresh(): Refresh successfully

09-12-2024T08:54:31 - [MESSAGE][PASSED] - Refresh successfully

09-12-2024T08:54:31 - [TEST_STEP][PASSED] - delay(65): Delayed 65 second(s)

09-12-2024T08:55:36 - [MESSAGE][PASSED] - Delayed 65 second(s)

09-12-2024T08:55:36 - [TEST_STEP][PASSED] - navigateToUrl(findTestData("PlanFact").getValue(10, urlData)): Navigate to 'https://bi.rosseti.digital/viewer?dashboardGuid=d154a8eaf6824e2b9de1bb04dd061c18&sheetGuid=f217cc6775674247871931fed0993c14&fit=true' successfully

09-12-2024T08:55:45 - [MESSAGE][PASSED] - Navigate to 'https://bi.rosseti.digital/viewer?dashboardGuid=d154a8eaf6824e2b9de1bb04dd061c18&sheetGuid=f217cc6775674247871931fed0993c14&fit=true' successfully

09-12-2024T08:55:45 - [TEST_STEP][PASSED] - pageLoaded1 = verifyElementPresent(findTestObject("Страница авторизации/Text"), 30): Object 'Object Repository/Страница авторизации/Text' is present

09-12-2024T08:55:49 - [MESSAGE][PASSED] - Object 'Object Repository/Страница авторизации/Text' is present

09-12-2024T08:55:49 - [TEST_STEP][PASSED] - if (pageLoaded1 == false): null

09-12-2024T08:55:49 - [TEST_STEP][PASSED] - urlText = getText(findTestObject("Страница авторизации/Text")): Text of object 'Object Repository/Страница авторизации/Text' is: 'Вход'

09-12-2024T08:55:50 - [MESSAGE][PASSED] - Text of object 'Object Repository/Страница авторизации/Text' is: 'Вход'

09-12-2024T08:55:50 - [TEST_STEP][PASSED] - delay(65): Delayed 65 second(s)

09-12-2024T08:56:55 - [MESSAGE][PASSED] - Delayed 65 second(s)

09-12-2024T08:56:55 - [TEST_STEP][PASSED] - searchWord = "Вход": null

09-12-2024T08:56:55 - [TEST_STEP][PASSED] - if (urlText.contains(searchWord) == false): null

09-12-2024T08:56:55 - [TEST_STEP][PASSED] - setText(findTestObject("Страница авторизации/input__username"), findTestData("PlanFact").getValue(8, run)): Text 'liazgina-di' is set on object 'Object Repository/Страница авторизации/input__username'

09-12-2024T08:56:55 - [MESSAGE][PASSED] - Text 'liazgina-di' is set on object 'Object Repository/Страница авторизации/input__username'

09-12-2024T08:56:55 - [TEST_STEP][PASSED] - setText(findTestObject("Страница авторизации/input__password"), findTestData("PlanFact").getValue(9, run)): Text ')$%5srZ8o688Dm#q' is set on object 'Object Repository/Страница авторизации/input__password'

09-12-2024T08:56:56 - [MESSAGE][PASSED] - Text ')$%5srZ8o688Dm#q' is set on object 'Object Repository/Страница авторизации/input__password'

09-12-2024T08:56:56 - [TEST_STEP][PASSED] - click(findTestObject("Страница авторизации/button_")): Object: 'Object Repository/Страница авторизации/button_' is clicked on

09-12-2024T08:57:00 - [MESSAGE][PASSED] - Object: 'Object Repository/Страница авторизации/button_' is clicked on

09-12-2024T08:57:00 - [TEST_STEP][PASSED] - delay(65): Delayed 65 second(s)

09-12-2024T08:58:05 - [MESSAGE][PASSED] - Delayed 65 second(s)

09-12-2024T08:58:05 - [TEST_STEP][PASSED] - searchWord = "а": null

09-12-2024T08:58:05 - [TEST_STEP][PASSED] - pageLoaded2 = verifyElementPresent(findTestObject("Страница авторизации/Text"), 50): Object 'Object Repository/Страница авторизации/Text' is present

09-12-2024T08:58:05 - [MESSAGE][PASSED] - Object 'Object Repository/Страница авторизации/Text' is present

09-12-2024T08:58:05 - [TEST_STEP][PASSED] - if (pageLoaded2 == false): null

09-12-2024T08:58:05 - [TEST_STEP][PASSED] - urlText = getText(findTestObject("Страница авторизации/Text")): Text of object 'Object Repository/Страница авторизации/Text' is: 'ДЗО 
Все
Период
Выбрано: 12
Отпуск из сети
Факт
2022 год
2023 год
2024 год
0
50 000
100 000
150 000
200 000
250 000
300 000
350 000
400 000
450 000
500 000
550 000
600 000
650 000
700 000
641 927 913
650 059 370
192 987 366
●● Отклонения, тыс. кВт⋅ч
тыс. кВт⋅ч
Отклонения по отпуску из сети
8 131 4568 131 456
-457 072 004-457 072 004
2022/2023
2023/2024
-500 000 000
-400 000 000
-300 000 000
-200 000 000
-100 000 000
0
100 000 000
●● Отклонения, %
%
Отклонения по отпуску из сети
1.271.27
-70.31-70.31
2022/2023
2023/2024
-80
-60
-40
-20
0
20
тыс. кВт⋅ч
Фактические данные по отпуску из сети'

09-12-2024T08:58:05 - [MESSAGE][PASSED] - Text of object 'Object Repository/Страница авторизации/Text' is: 'ДЗО 
Все
Период
Выбрано: 12
Отпуск из сети
Факт
2022 год
2023 год
2024 год
0
50 000
100 000
150 000
200 000
250 000
300 000
350 000
400 000
450 000
500 000
550 000
600 000
650 000
700 000
641 927 913
650 059 370
192 987 366
●● Отклонения, тыс. кВт⋅ч
тыс. кВт⋅ч
Отклонения по отпуску из сети
8 131 4568 131 456
-457 072 004-457 072 004
2022/2023
2023/2024
-500 000 000
-400 000 000
-300 000 000
-200 000 000
-100 000 000
0
100 000 000
●● Отклонения, %
%
Отклонения по отпуску из сети
1.271.27
-70.31-70.31
2022/2023
2023/2024
-80
-60
-40
-20
0
20
тыс. кВт⋅ч
Фактические данные по отпуску из сети'

09-12-2024T08:58:05 - [TEST_STEP][PASSED] - if (urlText.contains("ошибка") || urlText.contains(searchWord) == false): null

09-12-2024T08:58:05 - [TEST_STEP][PASSED] - a6 = "": null

09-12-2024T08:58:05 - [TEST_STEP][PASSED] - a7 = "": null

09-12-2024T08:58:05 - [TEST_STEP][PASSED] - a8 = "": null

09-12-2024T08:58:05 - [TEST_STEP][PASSED] - a9 = "": null

09-12-2024T08:58:05 - [TEST_STEP][PASSED] - if (run == 1): null

09-12-2024T08:58:05 - [TEST_STEP][PASSED] - user = "админ": null

09-12-2024T08:58:05 - [TEST_STEP][PASSED] - a1 = getText(findTestObject("Отпуск из сети/span1")): Text of object 'Object Repository/Отпуск из сети/span1' is: '641 927 913'

09-12-2024T08:58:06 - [MESSAGE][PASSED] - Text of object 'Object Repository/Отпуск из сети/span1' is: '641 927 913'

09-12-2024T08:58:06 - [TEST_STEP][PASSED] - a2 = getText(findTestObject("Отпуск из сети/span2")): Text of object 'Object Repository/Отпуск из сети/span2' is: '650 059 370'

09-12-2024T08:58:06 - [MESSAGE][PASSED] - Text of object 'Object Repository/Отпуск из сети/span2' is: '650 059 370'

09-12-2024T08:58:06 - [TEST_STEP][PASSED] - a3 = getText(findTestObject("Отпуск из сети/span3")): Text of object 'Object Repository/Отпуск из сети/span3' is: '192 987 366'

09-12-2024T08:58:06 - [MESSAGE][PASSED] - Text of object 'Object Repository/Отпуск из сети/span3' is: '192 987 366'

09-12-2024T08:58:06 - [TEST_STEP][PASSED] - a4 = getText(findTestObject("Отпуск из сети/График1")): Text of object 'Object Repository/Отпуск из сети/График1' is: '●● Отклонения, тыс. кВт⋅ч
тыс. кВт⋅ч
Отклонения по отпуску из сети
8 131 4568 131 456
-457 072 004-457 072 004
2022/2023
2023/2024
-500 000 000
-400 000 000
-300 000 000
-200 000 000
-100 000 000
0
100 000 000'

09-12-2024T08:58:07 - [MESSAGE][PASSED] - Text of object 'Object Repository/Отпуск из сети/График1' is: '●● Отклонения, тыс. кВт⋅ч
тыс. кВт⋅ч
Отклонения по отпуску из сети
8 131 4568 131 456
-457 072 004-457 072 004
2022/2023
2023/2024
-500 000 000
-400 000 000
-300 000 000
-200 000 000
-100 000 000
0
100 000 000'

09-12-2024T08:58:07 - [TEST_STEP][PASSED] - a5 = getText(findTestObject("Отпуск из сети/График2")): Text of object 'Object Repository/Отпуск из сети/График2' is: '●● Отклонения, %
%
Отклонения по отпуску из сети
1.271.27
-70.31-70.31
2022/2023
2023/2024
-80
-60
-40
-20
0
20'

09-12-2024T08:58:07 - [MESSAGE][PASSED] - Text of object 'Object Repository/Отпуск из сети/График2' is: '●● Отклонения, %
%
Отклонения по отпуску из сети
1.271.27
-70.31-70.31
2022/2023
2023/2024
-80
-60
-40
-20
0
20'

09-12-2024T08:58:07 - [TEST_STEP][PASSED] - n = n + 9: null

09-12-2024T08:58:07 - [TEST_STEP][PASSED] - Script1686231490255.WriteToExcel(user, dashboardName, n, data, run, a1, a2, a3, a4, a5, a6, a7, a8, a9): null

09-12-2024T08:58:07 - [TEST_STEP][PASSED] - sheetName = "Sheet1": null

09-12-2024T08:58:07 - [TEST_STEP][PASSED] - workbook01 = getWorkbook(excelFilePath): null

09-12-2024T08:58:07 - [TEST_STEP][PASSED] - sheet01 = getExcelSheet(workbook01, sheetName): null

09-12-2024T08:58:07 - [TEST_STEP][PASSED] - setValueToCellByIndex(sheet01, n, 0, dashboardName): null

09-12-2024T08:58:07 - [TEST_STEP][PASSED] - setValueToCellByIndex(sheet01, n, 10, user): null

09-12-2024T08:58:07 - [TEST_STEP][PASSED] - setValueToCellByIndex(sheet01, n, 1, a1): null

09-12-2024T08:58:07 - [TEST_STEP][PASSED] - setValueToCellByIndex(sheet01, n, 2, a2): null

09-12-2024T08:58:07 - [TEST_STEP][PASSED] - setValueToCellByIndex(sheet01, n, 3, a3): null

09-12-2024T08:58:07 - [TEST_STEP][PASSED] - setValueToCellByIndex(sheet01, n, 4, a4): null

09-12-2024T08:58:07 - [TEST_STEP][PASSED] - setValueToCellByIndex(sheet01, n, 5, a5): null

09-12-2024T08:58:07 - [TEST_STEP][PASSED] - setValueToCellByIndex(sheet01, n, 6, a6): null

09-12-2024T08:58:07 - [TEST_STEP][PASSED] - setValueToCellByIndex(sheet01, n, 7, a7): null

09-12-2024T08:58:07 - [TEST_STEP][PASSED] - setValueToCellByIndex(sheet01, n, 8, a8): null

09-12-2024T08:58:07 - [TEST_STEP][PASSED] - setValueToCellByIndex(sheet01, n, 9, a9): null

09-12-2024T08:58:07 - [TEST_STEP][PASSED] - n = n + 1: null

09-12-2024T08:58:07 - [TEST_STEP][PASSED] - saveWorkbook(excelFilePath, workbook01): null

09-12-2024T08:58:07 - [TEST_STEP][PASSED] - if (run == 2): null

09-12-2024T08:58:07 - [TEST_STEP][PASSED] - if (run == 3): null

09-12-2024T08:58:07 - [TEST_STEP][PASSED] - closeBrowser(): null

09-12-2024T08:58:07 - [MESSAGE][PASSED] - Browser is closed

09-12-2024T08:58:07 - [TEST_STEP][PASSED] - OtpuskIzSeti(user, dashboardName, n, data, run, a1, a2, a3, a4, a5, a6, a7, a8, a9, urlData): null

09-12-2024T08:58:07 - [TEST_STEP][PASSED] - n = data.getRowNumbers() + 1: null

09-12-2024T08:58:07 - [TEST_STEP][PASSED] - println(n): null

09-12-2024T08:58:07 - [TEST_STEP][PASSED] - dashboardName = "Отпуск из сети": null

09-12-2024T08:58:07 - [TEST_STEP][PASSED] - openBrowser(""): Browser is opened with url: ''

09-12-2024T08:58:07 - [MESSAGE][INFO] - Starting 'Chrome' driver

09-12-2024T08:58:07 - [MESSAGE][INFO] - Action delay is set to 0 milliseconds

09-12-2024T08:58:08 - [MESSAGE][PASSED] - Browser is opened with url: ''

09-12-2024T08:58:08 - [TEST_STEP][PASSED] - urlData = 15: null

09-12-2024T08:58:08 - [TEST_STEP][PASSED] - Script1686231490255.CheckPageDownload(urlData, run): null

09-12-2024T08:58:08 - [TEST_STEP][PASSED] - i = 1: null

09-12-2024T08:58:08 - [TEST_STEP][PASSED] - ii = 0: null

09-12-2024T08:58:08 - [TEST_STEP][PASSED] - urlText = <not implemented yet for class: org.codehaus.groovy.ast.expr.EmptyExpression>: null

09-12-2024T08:58:08 - [TEST_STEP][PASSED] - searchWord = <not implemented yet for class: org.codehaus.groovy.ast.expr.EmptyExpression>: null

09-12-2024T08:58:08 - [TEST_STEP][PASSED] - deleteAllCookies(): Delete all cookies successfully

09-12-2024T08:58:08 - [MESSAGE][PASSED] - Delete all cookies successfully

09-12-2024T08:58:08 - [TEST_STEP][PASSED] - refresh(): Refresh successfully

09-12-2024T08:58:08 - [MESSAGE][PASSED] - Refresh successfully

09-12-2024T08:58:08 - [TEST_STEP][PASSED] - delay(65): Delayed 65 second(s)

09-12-2024T08:59:13 - [MESSAGE][PASSED] - Delayed 65 second(s)

09-12-2024T08:59:13 - [TEST_STEP][PASSED] - navigateToUrl(findTestData("PlanFact").getValue(10, urlData)): Navigate to 'https://bi.rosseti.digital/viewer?dashboardGuid=d154a8eaf6824e2b9de1bb04dd061c18&sheetGuid=f217cc6775674247871931fed0993c14&fit=true' successfully

09-12-2024T08:59:20 - [MESSAGE][PASSED] - Navigate to 'https://bi.rosseti.digital/viewer?dashboardGuid=d154a8eaf6824e2b9de1bb04dd061c18&sheetGuid=f217cc6775674247871931fed0993c14&fit=true' successfully

09-12-2024T08:59:20 - [TEST_STEP][PASSED] - pageLoaded1 = verifyElementPresent(findTestObject("Страница авторизации/Text"), 30): Object 'Object Repository/Страница авторизации/Text' is present

09-12-2024T08:59:28 - [MESSAGE][PASSED] - Object 'Object Repository/Страница авторизации/Text' is present

09-12-2024T08:59:28 - [TEST_STEP][PASSED] - if (pageLoaded1 == false): null

09-12-2024T08:59:28 - [TEST_STEP][PASSED] - urlText = getText(findTestObject("Страница авторизации/Text")): Text of object 'Object Repository/Страница авторизации/Text' is: 'Вход'

09-12-2024T08:59:28 - [MESSAGE][PASSED] - Text of object 'Object Repository/Страница авторизации/Text' is: 'Вход'

09-12-2024T08:59:28 - [TEST_STEP][PASSED] - delay(65): Delayed 65 second(s)

09-12-2024T09:00:33 - [MESSAGE][PASSED] - Delayed 65 second(s)

09-12-2024T09:00:33 - [TEST_STEP][PASSED] - searchWord = "Вход": null

09-12-2024T09:00:33 - [TEST_STEP][PASSED] - if (urlText.contains(searchWord) == false): null

09-12-2024T09:00:33 - [TEST_STEP][PASSED] - setText(findTestObject("Страница авторизации/input__username"), findTestData("PlanFact").getValue(8, run)): Text 'Andreeva-EV' is set on object 'Object Repository/Страница авторизации/input__username'

09-12-2024T09:00:34 - [MESSAGE][PASSED] - Text 'Andreeva-EV' is set on object 'Object Repository/Страница авторизации/input__username'

09-12-2024T09:00:34 - [TEST_STEP][PASSED] - setText(findTestObject("Страница авторизации/input__password"), findTestData("PlanFact").getValue(9, run)): Text '2nPePKDwCPH3ul7xMZ' is set on object 'Object Repository/Страница авторизации/input__password'

09-12-2024T09:00:34 - [MESSAGE][PASSED] - Text '2nPePKDwCPH3ul7xMZ' is set on object 'Object Repository/Страница авторизации/input__password'

09-12-2024T09:00:34 - [TEST_STEP][PASSED] - click(findTestObject("Страница авторизации/button_")): Object: 'Object Repository/Страница авторизации/button_' is clicked on

09-12-2024T09:00:38 - [MESSAGE][PASSED] - Object: 'Object Repository/Страница авторизации/button_' is clicked on

09-12-2024T09:00:38 - [TEST_STEP][PASSED] - delay(65): Delayed 65 second(s)

09-12-2024T09:01:43 - [MESSAGE][PASSED] - Delayed 65 second(s)

09-12-2024T09:01:43 - [TEST_STEP][PASSED] - searchWord = "а": null

09-12-2024T09:01:43 - [TEST_STEP][PASSED] - pageLoaded2 = verifyElementPresent(findTestObject("Страница авторизации/Text"), 50): Object 'Object Repository/Страница авторизации/Text' is present

09-12-2024T09:01:44 - [MESSAGE][PASSED] - Object 'Object Repository/Страница авторизации/Text' is present

09-12-2024T09:01:44 - [TEST_STEP][PASSED] - if (pageLoaded2 == false): null

09-12-2024T09:01:44 - [TEST_STEP][PASSED] - urlText = getText(findTestObject("Страница авторизации/Text")): Text of object 'Object Repository/Страница авторизации/Text' is: 'ДЗО 
Все
Период
Выбрано: 12
Отпуск из сети
Факт
2022 год
2023 год
2024 год
0
50 000
100 000
150 000
200 000
250 000
300 000
350 000
400 000
450 000
500 000
550 000
600 000
650 000
700 000
641 927 913
650 059 370
192 987 366
●● Отклонения, тыс. кВт⋅ч
тыс. кВт⋅ч
Отклонения по отпуску из сети
8 131 4568 131 456
-457 072 004-457 072 004
2022/2023
2023/2024
-500 000 000
-400 000 000
-300 000 000
-200 000 000
-100 000 000
0
100 000 000
●● Отклонения, %
%
Отклонения по отпуску из сети
1.271.27
-70.31-70.31
2022/2023
2023/2024
-80
-60
-40
-20
0
20
тыс. кВт⋅ч
Фактические данные по отпуску из сети'

09-12-2024T09:01:44 - [MESSAGE][PASSED] - Text of object 'Object Repository/Страница авторизации/Text' is: 'ДЗО 
Все
Период
Выбрано: 12
Отпуск из сети
Факт
2022 год
2023 год
2024 год
0
50 000
100 000
150 000
200 000
250 000
300 000
350 000
400 000
450 000
500 000
550 000
600 000
650 000
700 000
641 927 913
650 059 370
192 987 366
●● Отклонения, тыс. кВт⋅ч
тыс. кВт⋅ч
Отклонения по отпуску из сети
8 131 4568 131 456
-457 072 004-457 072 004
2022/2023
2023/2024
-500 000 000
-400 000 000
-300 000 000
-200 000 000
-100 000 000
0
100 000 000
●● Отклонения, %
%
Отклонения по отпуску из сети
1.271.27
-70.31-70.31
2022/2023
2023/2024
-80
-60
-40
-20
0
20
тыс. кВт⋅ч
Фактические данные по отпуску из сети'

09-12-2024T09:01:44 - [TEST_STEP][PASSED] - if (urlText.contains("ошибка") || urlText.contains(searchWord) == false): null

09-12-2024T09:01:44 - [TEST_STEP][PASSED] - a6 = "": null

09-12-2024T09:01:44 - [TEST_STEP][PASSED] - a7 = "": null

09-12-2024T09:01:44 - [TEST_STEP][PASSED] - a8 = "": null

09-12-2024T09:01:44 - [TEST_STEP][PASSED] - a9 = "": null

09-12-2024T09:01:44 - [TEST_STEP][PASSED] - if (run == 1): null

09-12-2024T09:01:44 - [TEST_STEP][PASSED] - if (run == 2): null

09-12-2024T09:01:44 - [TEST_STEP][PASSED] - user = "Андреева": null

09-12-2024T09:01:44 - [TEST_STEP][PASSED] - a1 = getText(findTestObject("Отпуск из сети/span1")): Text of object 'Object Repository/Отпуск из сети/span1' is: '641 927 913'

09-12-2024T09:01:45 - [MESSAGE][PASSED] - Text of object 'Object Repository/Отпуск из сети/span1' is: '641 927 913'

09-12-2024T09:01:45 - [TEST_STEP][PASSED] - a2 = getText(findTestObject("Отпуск из сети/span2")): Text of object 'Object Repository/Отпуск из сети/span2' is: '650 059 370'

09-12-2024T09:01:45 - [MESSAGE][PASSED] - Text of object 'Object Repository/Отпуск из сети/span2' is: '650 059 370'

09-12-2024T09:01:45 - [TEST_STEP][PASSED] - a3 = getText(findTestObject("Отпуск из сети/span3")): Text of object 'Object Repository/Отпуск из сети/span3' is: '192 987 366'

09-12-2024T09:01:45 - [MESSAGE][PASSED] - Text of object 'Object Repository/Отпуск из сети/span3' is: '192 987 366'

09-12-2024T09:01:45 - [TEST_STEP][PASSED] - a4 = getText(findTestObject("Отпуск из сети/График1")): Text of object 'Object Repository/Отпуск из сети/График1' is: '●● Отклонения, тыс. кВт⋅ч
тыс. кВт⋅ч
Отклонения по отпуску из сети
8 131 4568 131 456
-457 072 004-457 072 004
2022/2023
2023/2024
-500 000 000
-400 000 000
-300 000 000
-200 000 000
-100 000 000
0
100 000 000'

09-12-2024T09:01:45 - [MESSAGE][PASSED] - Text of object 'Object Repository/Отпуск из сети/График1' is: '●● Отклонения, тыс. кВт⋅ч
тыс. кВт⋅ч
Отклонения по отпуску из сети
8 131 4568 131 456
-457 072 004-457 072 004
2022/2023
2023/2024
-500 000 000
-400 000 000
-300 000 000
-200 000 000
-100 000 000
0
100 000 000'

09-12-2024T09:01:45 - [TEST_STEP][PASSED] - a5 = getText(findTestObject("Отпуск из сети/График2")): Text of object 'Object Repository/Отпуск из сети/График2' is: '●● Отклонения, %
%
Отклонения по отпуску из сети
1.271.27
-70.31-70.31
2022/2023
2023/2024
-80
-60
-40
-20
0
20'

09-12-2024T09:01:46 - [MESSAGE][PASSED] - Text of object 'Object Repository/Отпуск из сети/График2' is: '●● Отклонения, %
%
Отклонения по отпуску из сети
1.271.27
-70.31-70.31
2022/2023
2023/2024
-80
-60
-40
-20
0
20'

09-12-2024T09:01:46 - [TEST_STEP][PASSED] - n = n + 10: null

09-12-2024T09:01:46 - [TEST_STEP][PASSED] - b = n - run + 1: null

09-12-2024T09:01:46 - [TEST_STEP][PASSED] - verifyEqual(findTestData("PlanFact").getValue(2, b), a1): Actual object '641 927 913' and expected object '641 927 913' are equal

09-12-2024T09:01:46 - [MESSAGE][PASSED] - Actual object '641 927 913' and expected object '641 927 913' are equal

09-12-2024T09:01:46 - [TEST_STEP][PASSED] - verifyEqual(findTestData("PlanFact").getValue(3, b), a2): Actual object '650 059 370' and expected object '650 059 370' are equal

09-12-2024T09:01:46 - [MESSAGE][PASSED] - Actual object '650 059 370' and expected object '650 059 370' are equal

09-12-2024T09:01:46 - [TEST_STEP][PASSED] - verifyEqual(findTestData("PlanFact").getValue(4, b), a3): Actual object '192 987 366' and expected object '192 987 366' are equal

09-12-2024T09:01:46 - [MESSAGE][PASSED] - Actual object '192 987 366' and expected object '192 987 366' are equal

09-12-2024T09:01:46 - [TEST_STEP][PASSED] - verifyEqual(findTestData("PlanFact").getValue(5, b), a4): Actual object '●● Отклонения, тыс. кВт⋅ч
тыс. кВт⋅ч
Отклонения по отпуску из сети
8 131 4568 131 456
-457 072 004-457 072 004
2022/2023
2023/2024
-500 000 000
-400 000 000
-300 000 000
-200 000 000
-100 000 000
0
100 000 000' and expected object '●● Отклонения, тыс. кВт⋅ч
тыс. кВт⋅ч
Отклонения по отпуску из сети
8 131 4568 131 456
-457 072 004-457 072 004
2022/2023
2023/2024
-500 000 000
-400 000 000
-300 000 000
-200 000 000
-100 000 000
0
100 000 000' are equal

09-12-2024T09:01:46 - [MESSAGE][PASSED] - Actual object '●● Отклонения, тыс. кВт⋅ч
тыс. кВт⋅ч
Отклонения по отпуску из сети
8 131 4568 131 456
-457 072 004-457 072 004
2022/2023
2023/2024
-500 000 000
-400 000 000
-300 000 000
-200 000 000
-100 000 000
0
100 000 000' and expected object '●● Отклонения, тыс. кВт⋅ч
тыс. кВт⋅ч
Отклонения по отпуску из сети
8 131 4568 131 456
-457 072 004-457 072 004
2022/2023
2023/2024
-500 000 000
-400 000 000
-300 000 000
-200 000 000
-100 000 000
0
100 000 000' are equal

09-12-2024T09:01:46 - [TEST_STEP][PASSED] - verifyEqual(findTestData("PlanFact").getValue(6, b), a5): Actual object '●● Отклонения, %
%
Отклонения по отпуску из сети
1.271.27
-70.31-70.31
2022/2023
2023/2024
-80
-60
-40
-20
0
20' and expected object '●● Отклонения, %
%
Отклонения по отпуску из сети
1.271.27
-70.31-70.31
2022/2023
2023/2024
-80
-60
-40
-20
0
20' are equal

09-12-2024T09:01:46 - [MESSAGE][PASSED] - Actual object '●● Отклонения, %
%
Отклонения по отпуску из сети
1.271.27
-70.31-70.31
2022/2023
2023/2024
-80
-60
-40
-20
0
20' and expected object '●● Отклонения, %
%
Отклонения по отпуску из сети
1.271.27
-70.31-70.31
2022/2023
2023/2024
-80
-60
-40
-20
0
20' are equal

09-12-2024T09:01:46 - [TEST_STEP][PASSED] - Script1686231490255.WriteToExcel(user, dashboardName, n, data, run, a1, a2, a3, a4, a5, a6, a7, a8, a9): null

09-12-2024T09:01:46 - [TEST_STEP][PASSED] - sheetName = "Sheet1": null

09-12-2024T09:01:46 - [TEST_STEP][PASSED] - workbook01 = getWorkbook(excelFilePath): null

09-12-2024T09:01:46 - [TEST_STEP][PASSED] - sheet01 = getExcelSheet(workbook01, sheetName): null

09-12-2024T09:01:46 - [TEST_STEP][PASSED] - setValueToCellByIndex(sheet01, n, 0, dashboardName): null

09-12-2024T09:01:46 - [TEST_STEP][PASSED] - setValueToCellByIndex(sheet01, n, 10, user): null

09-12-2024T09:01:46 - [TEST_STEP][PASSED] - setValueToCellByIndex(sheet01, n, 1, a1): null

09-12-2024T09:01:46 - [TEST_STEP][PASSED] - setValueToCellByIndex(sheet01, n, 2, a2): null

09-12-2024T09:01:46 - [TEST_STEP][PASSED] - setValueToCellByIndex(sheet01, n, 3, a3): null

09-12-2024T09:01:46 - [TEST_STEP][PASSED] - setValueToCellByIndex(sheet01, n, 4, a4): null

09-12-2024T09:01:46 - [TEST_STEP][PASSED] - setValueToCellByIndex(sheet01, n, 5, a5): null

09-12-2024T09:01:46 - [TEST_STEP][PASSED] - setValueToCellByIndex(sheet01, n, 6, a6): null

09-12-2024T09:01:46 - [TEST_STEP][PASSED] - setValueToCellByIndex(sheet01, n, 7, a7): null

09-12-2024T09:01:46 - [TEST_STEP][PASSED] - setValueToCellByIndex(sheet01, n, 8, a8): null

09-12-2024T09:01:46 - [TEST_STEP][PASSED] - setValueToCellByIndex(sheet01, n, 9, a9): null

09-12-2024T09:01:46 - [TEST_STEP][PASSED] - n = n + 1: null

09-12-2024T09:01:46 - [TEST_STEP][PASSED] - saveWorkbook(excelFilePath, workbook01): null

09-12-2024T09:01:46 - [TEST_STEP][PASSED] - if (run == 3): null

09-12-2024T09:01:46 - [TEST_STEP][PASSED] - closeBrowser(): null

09-12-2024T09:01:47 - [MESSAGE][PASSED] - Browser is closed

09-12-2024T09:01:47 - [TEST_STEP][PASSED] - OtpuskIzSeti(user, dashboardName, n, data, run, a1, a2, a3, a4, a5, a6, a7, a8, a9, urlData): null

09-12-2024T09:01:47 - [TEST_STEP][PASSED] - n = data.getRowNumbers() + 1: null

09-12-2024T09:01:47 - [TEST_STEP][PASSED] - println(n): null

09-12-2024T09:01:47 - [TEST_STEP][PASSED] - dashboardName = "Отпуск из сети": null

09-12-2024T09:01:47 - [TEST_STEP][PASSED] - openBrowser(""): Browser is opened with url: ''

09-12-2024T09:01:47 - [MESSAGE][INFO] - Starting 'Chrome' driver

09-12-2024T09:01:47 - [MESSAGE][INFO] - Action delay is set to 0 milliseconds

09-12-2024T09:01:47 - [MESSAGE][PASSED] - Browser is opened with url: ''

09-12-2024T09:01:47 - [TEST_STEP][PASSED] - urlData = 15: null

09-12-2024T09:01:47 - [TEST_STEP][PASSED] - Script1686231490255.CheckPageDownload(urlData, run): null

09-12-2024T09:01:47 - [TEST_STEP][PASSED] - i = 1: null

09-12-2024T09:01:47 - [TEST_STEP][PASSED] - ii = 0: null

09-12-2024T09:01:47 - [TEST_STEP][PASSED] - urlText = <not implemented yet for class: org.codehaus.groovy.ast.expr.EmptyExpression>: null

09-12-2024T09:01:47 - [TEST_STEP][PASSED] - searchWord = <not implemented yet for class: org.codehaus.groovy.ast.expr.EmptyExpression>: null

09-12-2024T09:01:47 - [TEST_STEP][PASSED] - deleteAllCookies(): Delete all cookies successfully

09-12-2024T09:01:48 - [MESSAGE][PASSED] - Delete all cookies successfully

09-12-2024T09:01:48 - [TEST_STEP][PASSED] - refresh(): Refresh successfully

09-12-2024T09:01:48 - [MESSAGE][PASSED] - Refresh successfully

09-12-2024T09:01:48 - [TEST_STEP][PASSED] - delay(65): Delayed 65 second(s)

09-12-2024T09:02:53 - [MESSAGE][PASSED] - Delayed 65 second(s)

09-12-2024T09:02:53 - [TEST_STEP][PASSED] - navigateToUrl(findTestData("PlanFact").getValue(10, urlData)): Navigate to 'https://bi.rosseti.digital/viewer?dashboardGuid=d154a8eaf6824e2b9de1bb04dd061c18&sheetGuid=f217cc6775674247871931fed0993c14&fit=true' successfully

09-12-2024T09:03:00 - [MESSAGE][PASSED] - Navigate to 'https://bi.rosseti.digital/viewer?dashboardGuid=d154a8eaf6824e2b9de1bb04dd061c18&sheetGuid=f217cc6775674247871931fed0993c14&fit=true' successfully

09-12-2024T09:03:00 - [TEST_STEP][PASSED] - pageLoaded1 = verifyElementPresent(findTestObject("Страница авторизации/Text"), 30): Object 'Object Repository/Страница авторизации/Text' is present

09-12-2024T09:03:04 - [MESSAGE][PASSED] - Object 'Object Repository/Страница авторизации/Text' is present

09-12-2024T09:03:04 - [TEST_STEP][PASSED] - if (pageLoaded1 == false): null

09-12-2024T09:03:04 - [TEST_STEP][PASSED] - urlText = getText(findTestObject("Страница авторизации/Text")): Text of object 'Object Repository/Страница авторизации/Text' is: 'Вход'

09-12-2024T09:03:04 - [MESSAGE][PASSED] - Text of object 'Object Repository/Страница авторизации/Text' is: 'Вход'

09-12-2024T09:03:04 - [TEST_STEP][PASSED] - delay(65): Delayed 65 second(s)

09-12-2024T09:04:09 - [MESSAGE][PASSED] - Delayed 65 second(s)

09-12-2024T09:04:09 - [TEST_STEP][PASSED] - searchWord = "Вход": null

09-12-2024T09:04:09 - [TEST_STEP][PASSED] - if (urlText.contains(searchWord) == false): null

09-12-2024T09:04:09 - [TEST_STEP][PASSED] - setText(findTestObject("Страница авторизации/input__username"), findTestData("PlanFact").getValue(8, run)): Text 'Petrova-OV' is set on object 'Object Repository/Страница авторизации/input__username'

09-12-2024T09:04:10 - [MESSAGE][PASSED] - Text 'Petrova-OV' is set on object 'Object Repository/Страница авторизации/input__username'

09-12-2024T09:04:10 - [TEST_STEP][PASSED] - setText(findTestObject("Страница авторизации/input__password"), findTestData("PlanFact").getValue(9, run)): Text '4Ex@~R53r&3x&BVe7' is set on object 'Object Repository/Страница авторизации/input__password'

09-12-2024T09:04:11 - [MESSAGE][PASSED] - Text '4Ex@~R53r&3x&BVe7' is set on object 'Object Repository/Страница авторизации/input__password'

09-12-2024T09:04:11 - [TEST_STEP][PASSED] - click(findTestObject("Страница авторизации/button_")): Object: 'Object Repository/Страница авторизации/button_' is clicked on

09-12-2024T09:04:15 - [MESSAGE][PASSED] - Object: 'Object Repository/Страница авторизации/button_' is clicked on

09-12-2024T09:04:15 - [TEST_STEP][PASSED] - delay(65): Delayed 65 second(s)

09-12-2024T09:05:20 - [MESSAGE][PASSED] - Delayed 65 second(s)

09-12-2024T09:05:20 - [TEST_STEP][PASSED] - searchWord = "а": null

09-12-2024T09:05:20 - [TEST_STEP][PASSED] - pageLoaded2 = verifyElementPresent(findTestObject("Страница авторизации/Text"), 50): Object 'Object Repository/Страница авторизации/Text' is present

09-12-2024T09:05:20 - [MESSAGE][PASSED] - Object 'Object Repository/Страница авторизации/Text' is present

09-12-2024T09:05:20 - [TEST_STEP][PASSED] - if (pageLoaded2 == false): null

09-12-2024T09:05:20 - [TEST_STEP][PASSED] - urlText = getText(findTestObject("Страница авторизации/Text")): Text of object 'Object Repository/Страница авторизации/Text' is: 'ДЗО 
Все
Период
Выбрано: 12
Отпуск из сети
Факт
2022 год
2023 год
2024 год
0
50 000
100 000
150 000
200 000
250 000
300 000
350 000
400 000
450 000
500 000
550 000
600 000
650 000
700 000
641 927 913
650 059 370
192 987 366
●● Отклонения, тыс. кВт⋅ч
тыс. кВт⋅ч
Отклонения по отпуску из сети
8 131 4568 131 456
-457 072 004-457 072 004
2022/2023
2023/2024
-500 000 000
-400 000 000
-300 000 000
-200 000 000
-100 000 000
0
100 000 000
●● Отклонения, %
%
Отклонения по отпуску из сети
1.271.27
-70.31-70.31
2022/2023
2023/2024
-80
-60
-40
-20
0
20
тыс. кВт⋅ч
Фактические данные по отпуску из сети'

09-12-2024T09:05:20 - [MESSAGE][PASSED] - Text of object 'Object Repository/Страница авторизации/Text' is: 'ДЗО 
Все
Период
Выбрано: 12
Отпуск из сети
Факт
2022 год
2023 год
2024 год
0
50 000
100 000
150 000
200 000
250 000
300 000
350 000
400 000
450 000
500 000
550 000
600 000
650 000
700 000
641 927 913
650 059 370
192 987 366
●● Отклонения, тыс. кВт⋅ч
тыс. кВт⋅ч
Отклонения по отпуску из сети
8 131 4568 131 456
-457 072 004-457 072 004
2022/2023
2023/2024
-500 000 000
-400 000 000
-300 000 000
-200 000 000
-100 000 000
0
100 000 000
●● Отклонения, %
%
Отклонения по отпуску из сети
1.271.27
-70.31-70.31
2022/2023
2023/2024
-80
-60
-40
-20
0
20
тыс. кВт⋅ч
Фактические данные по отпуску из сети'

09-12-2024T09:05:20 - [TEST_STEP][PASSED] - if (urlText.contains("ошибка") || urlText.contains(searchWord) == false): null

09-12-2024T09:05:20 - [TEST_STEP][PASSED] - a6 = "": null

09-12-2024T09:05:20 - [TEST_STEP][PASSED] - a7 = "": null

09-12-2024T09:05:20 - [TEST_STEP][PASSED] - a8 = "": null

09-12-2024T09:05:20 - [TEST_STEP][PASSED] - a9 = "": null

09-12-2024T09:05:20 - [TEST_STEP][PASSED] - if (run == 1): null

09-12-2024T09:05:20 - [TEST_STEP][PASSED] - if (run == 2): null

09-12-2024T09:05:20 - [TEST_STEP][PASSED] - if (run == 3): null

09-12-2024T09:05:20 - [TEST_STEP][PASSED] - user = "Попова": null

09-12-2024T09:05:20 - [TEST_STEP][PASSED] - a1 = getText(findTestObject("Отпуск из сети/span1")): Text of object 'Object Repository/Отпуск из сети/span1' is: '641 927 913'

09-12-2024T09:05:21 - [MESSAGE][PASSED] - Text of object 'Object Repository/Отпуск из сети/span1' is: '641 927 913'

09-12-2024T09:05:21 - [TEST_STEP][PASSED] - a2 = getText(findTestObject("Отпуск из сети/span2")): Text of object 'Object Repository/Отпуск из сети/span2' is: '650 059 370'

09-12-2024T09:05:21 - [MESSAGE][PASSED] - Text of object 'Object Repository/Отпуск из сети/span2' is: '650 059 370'

09-12-2024T09:05:21 - [TEST_STEP][PASSED] - a3 = getText(findTestObject("Отпуск из сети/span3")): Text of object 'Object Repository/Отпуск из сети/span3' is: '192 987 366'

09-12-2024T09:05:21 - [MESSAGE][PASSED] - Text of object 'Object Repository/Отпуск из сети/span3' is: '192 987 366'

09-12-2024T09:05:21 - [TEST_STEP][PASSED] - a4 = getText(findTestObject("Отпуск из сети/График1")): Text of object 'Object Repository/Отпуск из сети/График1' is: '●● Отклонения, тыс. кВт⋅ч
тыс. кВт⋅ч
Отклонения по отпуску из сети
8 131 4568 131 456
-457 072 004-457 072 004
2022/2023
2023/2024
-500 000 000
-400 000 000
-300 000 000
-200 000 000
-100 000 000
0
100 000 000'

09-12-2024T09:05:22 - [MESSAGE][PASSED] - Text of object 'Object Repository/Отпуск из сети/График1' is: '●● Отклонения, тыс. кВт⋅ч
тыс. кВт⋅ч
Отклонения по отпуску из сети
8 131 4568 131 456
-457 072 004-457 072 004
2022/2023
2023/2024
-500 000 000
-400 000 000
-300 000 000
-200 000 000
-100 000 000
0
100 000 000'

09-12-2024T09:05:22 - [TEST_STEP][PASSED] - a5 = getText(findTestObject("Отпуск из сети/График2")): Text of object 'Object Repository/Отпуск из сети/График2' is: '●● Отклонения, %
%
Отклонения по отпуску из сети
1.271.27
-70.31-70.31
2022/2023
2023/2024
-80
-60
-40
-20
0
20'

09-12-2024T09:05:22 - [MESSAGE][PASSED] - Text of object 'Object Repository/Отпуск из сети/График2' is: '●● Отклонения, %
%
Отклонения по отпуску из сети
1.271.27
-70.31-70.31
2022/2023
2023/2024
-80
-60
-40
-20
0
20'

09-12-2024T09:05:22 - [TEST_STEP][PASSED] - n = n + 11: null

09-12-2024T09:05:22 - [TEST_STEP][PASSED] - b = n - run + 1: null

09-12-2024T09:05:22 - [TEST_STEP][PASSED] - verifyEqual(findTestData("PlanFact").getValue(2, b), a1): Actual object '641 927 913' and expected object '641 927 913' are equal

09-12-2024T09:05:22 - [MESSAGE][PASSED] - Actual object '641 927 913' and expected object '641 927 913' are equal

09-12-2024T09:05:22 - [TEST_STEP][PASSED] - verifyEqual(findTestData("PlanFact").getValue(3, b), a2): Actual object '650 059 370' and expected object '650 059 370' are equal

09-12-2024T09:05:22 - [MESSAGE][PASSED] - Actual object '650 059 370' and expected object '650 059 370' are equal

09-12-2024T09:05:22 - [TEST_STEP][PASSED] - verifyEqual(findTestData("PlanFact").getValue(4, b), a3): Actual object '192 987 366' and expected object '192 987 366' are equal

09-12-2024T09:05:22 - [MESSAGE][PASSED] - Actual object '192 987 366' and expected object '192 987 366' are equal

09-12-2024T09:05:22 - [TEST_STEP][PASSED] - verifyEqual(findTestData("PlanFact").getValue(5, b), a4): Actual object '●● Отклонения, тыс. кВт⋅ч
тыс. кВт⋅ч
Отклонения по отпуску из сети
8 131 4568 131 456
-457 072 004-457 072 004
2022/2023
2023/2024
-500 000 000
-400 000 000
-300 000 000
-200 000 000
-100 000 000
0
100 000 000' and expected object '●● Отклонения, тыс. кВт⋅ч
тыс. кВт⋅ч
Отклонения по отпуску из сети
8 131 4568 131 456
-457 072 004-457 072 004
2022/2023
2023/2024
-500 000 000
-400 000 000
-300 000 000
-200 000 000
-100 000 000
0
100 000 000' are equal

09-12-2024T09:05:22 - [MESSAGE][PASSED] - Actual object '●● Отклонения, тыс. кВт⋅ч
тыс. кВт⋅ч
Отклонения по отпуску из сети
8 131 4568 131 456
-457 072 004-457 072 004
2022/2023
2023/2024
-500 000 000
-400 000 000
-300 000 000
-200 000 000
-100 000 000
0
100 000 000' and expected object '●● Отклонения, тыс. кВт⋅ч
тыс. кВт⋅ч
Отклонения по отпуску из сети
8 131 4568 131 456
-457 072 004-457 072 004
2022/2023
2023/2024
-500 000 000
-400 000 000
-300 000 000
-200 000 000
-100 000 000
0
100 000 000' are equal

09-12-2024T09:05:22 - [TEST_STEP][PASSED] - verifyEqual(findTestData("PlanFact").getValue(6, b), a5): Actual object '●● Отклонения, %
%
Отклонения по отпуску из сети
1.271.27
-70.31-70.31
2022/2023
2023/2024
-80
-60
-40
-20
0
20' and expected object '●● Отклонения, %
%
Отклонения по отпуску из сети
1.271.27
-70.31-70.31
2022/2023
2023/2024
-80
-60
-40
-20
0
20' are equal

09-12-2024T09:05:22 - [MESSAGE][PASSED] - Actual object '●● Отклонения, %
%
Отклонения по отпуску из сети
1.271.27
-70.31-70.31
2022/2023
2023/2024
-80
-60
-40
-20
0
20' and expected object '●● Отклонения, %
%
Отклонения по отпуску из сети
1.271.27
-70.31-70.31
2022/2023
2023/2024
-80
-60
-40
-20
0
20' are equal

09-12-2024T09:05:22 - [TEST_STEP][PASSED] - Script1686231490255.WriteToExcel(user, dashboardName, n, data, run, a1, a2, a3, a4, a5, a6, a7, a8, a9): null

09-12-2024T09:05:22 - [TEST_STEP][PASSED] - sheetName = "Sheet1": null

09-12-2024T09:05:22 - [TEST_STEP][PASSED] - workbook01 = getWorkbook(excelFilePath): null

09-12-2024T09:05:22 - [TEST_STEP][PASSED] - sheet01 = getExcelSheet(workbook01, sheetName): null

09-12-2024T09:05:22 - [TEST_STEP][PASSED] - setValueToCellByIndex(sheet01, n, 0, dashboardName): null

09-12-2024T09:05:22 - [TEST_STEP][PASSED] - setValueToCellByIndex(sheet01, n, 10, user): null

09-12-2024T09:05:22 - [TEST_STEP][PASSED] - setValueToCellByIndex(sheet01, n, 1, a1): null

09-12-2024T09:05:22 - [TEST_STEP][PASSED] - setValueToCellByIndex(sheet01, n, 2, a2): null

09-12-2024T09:05:22 - [TEST_STEP][PASSED] - setValueToCellByIndex(sheet01, n, 3, a3): null

09-12-2024T09:05:22 - [TEST_STEP][PASSED] - setValueToCellByIndex(sheet01, n, 4, a4): null

09-12-2024T09:05:22 - [TEST_STEP][PASSED] - setValueToCellByIndex(sheet01, n, 5, a5): null

09-12-2024T09:05:22 - [TEST_STEP][PASSED] - setValueToCellByIndex(sheet01, n, 6, a6): null

09-12-2024T09:05:22 - [TEST_STEP][PASSED] - setValueToCellByIndex(sheet01, n, 7, a7): null

09-12-2024T09:05:22 - [TEST_STEP][PASSED] - setValueToCellByIndex(sheet01, n, 8, a8): null

09-12-2024T09:05:22 - [TEST_STEP][PASSED] - setValueToCellByIndex(sheet01, n, 9, a9): null

09-12-2024T09:05:22 - [TEST_STEP][PASSED] - n = n + 1: null

09-12-2024T09:05:22 - [TEST_STEP][PASSED] - saveWorkbook(excelFilePath, workbook01): null

09-12-2024T09:05:23 - [TEST_STEP][PASSED] - closeBrowser(): Browser is closed

09-12-2024T09:05:23 - [MESSAGE][PASSED] - Browser is closed

09-12-2024T09:05:23 - [TEST_STEP][PASSED] - delay(65): Delayed 65 second(s)

09-12-2024T09:06:28 - [MESSAGE][PASSED] - Delayed 65 second(s)

09-12-2024T09:06:28 - [TEST_STEP][PASSED] - for ([run = 1, run < 4, (run++)]): null

09-12-2024T09:06:28 - [TEST_STEP][PASSED] - OtpuskVSet(user, dashboardName, n, data, run, a1, a2, a3, a4, a5, a6, a7, a8, a9, urlData): null

09-12-2024T09:06:28 - [TEST_STEP][PASSED] - n = data.getRowNumbers() + 1: null

09-12-2024T09:06:28 - [TEST_STEP][PASSED] - println(n): null

09-12-2024T09:06:28 - [TEST_STEP][PASSED] - dashboardName = "Отпуск в сеть": null

09-12-2024T09:06:28 - [TEST_STEP][PASSED] - openBrowser(""): Browser is opened with url: ''

09-12-2024T09:06:28 - [MESSAGE][INFO] - Starting 'Chrome' driver

09-12-2024T09:06:28 - [MESSAGE][INFO] - Action delay is set to 0 milliseconds

09-12-2024T09:06:29 - [MESSAGE][PASSED] - Browser is opened with url: ''

09-12-2024T09:06:29 - [TEST_STEP][PASSED] - urlData = 16: null

09-12-2024T09:06:29 - [TEST_STEP][PASSED] - Script1686231490255.CheckPageDownload(urlData, run): null

09-12-2024T09:06:29 - [TEST_STEP][PASSED] - i = 1: null

09-12-2024T09:06:29 - [TEST_STEP][PASSED] - ii = 0: null

09-12-2024T09:06:29 - [TEST_STEP][PASSED] - urlText = <not implemented yet for class: org.codehaus.groovy.ast.expr.EmptyExpression>: null

09-12-2024T09:06:29 - [TEST_STEP][PASSED] - searchWord = <not implemented yet for class: org.codehaus.groovy.ast.expr.EmptyExpression>: null

09-12-2024T09:06:29 - [TEST_STEP][PASSED] - deleteAllCookies(): Delete all cookies successfully

09-12-2024T09:06:29 - [MESSAGE][PASSED] - Delete all cookies successfully

09-12-2024T09:06:29 - [TEST_STEP][PASSED] - refresh(): Refresh successfully

09-12-2024T09:06:29 - [MESSAGE][PASSED] - Refresh successfully

09-12-2024T09:06:29 - [TEST_STEP][PASSED] - delay(65): Delayed 65 second(s)

09-12-2024T09:07:34 - [MESSAGE][PASSED] - Delayed 65 second(s)

09-12-2024T09:07:34 - [TEST_STEP][PASSED] - navigateToUrl(findTestData("PlanFact").getValue(10, urlData)): Navigate to 'https://bi.rosseti.digital/viewer?dashboardGuid=d154a8eaf6824e2b9de1bb04dd061c18&sheetGuid=33f591ea3cbf498897e314a4cd5a9f29&fit=true' successfully

09-12-2024T09:08:04 - [MESSAGE][PASSED] - Navigate to 'https://bi.rosseti.digital/viewer?dashboardGuid=d154a8eaf6824e2b9de1bb04dd061c18&sheetGuid=33f591ea3cbf498897e314a4cd5a9f29&fit=true' successfully

09-12-2024T09:08:04 - [TEST_STEP][PASSED] - pageLoaded1 = verifyElementPresent(findTestObject("Страница авторизации/Text"), 30): Object 'Object Repository/Страница авторизации/Text' is present

09-12-2024T09:08:04 - [MESSAGE][PASSED] - Object 'Object Repository/Страница авторизации/Text' is present

09-12-2024T09:08:04 - [TEST_STEP][PASSED] - if (pageLoaded1 == false): null

09-12-2024T09:08:04 - [TEST_STEP][PASSED] - urlText = getText(findTestObject("Страница авторизации/Text")): Text of object 'Object Repository/Страница авторизации/Text' is: 'Не удается получить доступ к сайту
Превышено время ожидания ответа от сайта bi.rosseti.digital.
Попробуйте сделать следующее:
Проверьте подключение к интернету.
Проверьте настройки прокси-сервера и брандмауэра.
Выполните диагностику сети в Windows
ERR_TIMED_OUT
Перезагрузить
Сведения'

09-12-2024T09:08:04 - [MESSAGE][PASSED] - Text of object 'Object Repository/Страница авторизации/Text' is: 'Не удается получить доступ к сайту
Превышено время ожидания ответа от сайта bi.rosseti.digital.
Попробуйте сделать следующее:
Проверьте подключение к интернету.
Проверьте настройки прокси-сервера и брандмауэра.
Выполните диагностику сети в Windows
ERR_TIMED_OUT
Перезагрузить
Сведения'

09-12-2024T09:08:04 - [TEST_STEP][PASSED] - delay(65): Delayed 65 second(s)

09-12-2024T09:09:09 - [MESSAGE][PASSED] - Delayed 65 second(s)

09-12-2024T09:09:09 - [TEST_STEP][PASSED] - searchWord = "Вход": null

09-12-2024T09:09:09 - [TEST_STEP][PASSED] - if (urlText.contains(searchWord) == false): Text of object 'Object Repository/Страница авторизации/Text' is: 'Вход'

09-12-2024T09:09:09 - [TEST_STEP][PASSED] - for ([urlText.contains(searchWord) == false, i < 4, (ii++)]): Text of object 'Object Repository/Страница авторизации/Text' is: 'Вход'

09-12-2024T09:09:09 - [TEST_STEP][PASSED] - i = i + 1: null

09-12-2024T09:09:09 - [TEST_STEP][PASSED] - refresh(): Refresh successfully

09-12-2024T09:09:15 - [MESSAGE][PASSED] - Refresh successfully

09-12-2024T09:09:15 - [TEST_STEP][PASSED] - delay(65): Delayed 65 second(s)

09-12-2024T09:10:20 - [MESSAGE][PASSED] - Delayed 65 second(s)

09-12-2024T09:10:20 - [TEST_STEP][PASSED] - navigateToUrl(findTestData("PlanFact").getValue(10, urlData)): Navigate to 'https://bi.rosseti.digital/viewer?dashboardGuid=d154a8eaf6824e2b9de1bb04dd061c18&sheetGuid=33f591ea3cbf498897e314a4cd5a9f29&fit=true' successfully

09-12-2024T09:10:22 - [MESSAGE][PASSED] - Navigate to 'https://bi.rosseti.digital/viewer?dashboardGuid=d154a8eaf6824e2b9de1bb04dd061c18&sheetGuid=33f591ea3cbf498897e314a4cd5a9f29&fit=true' successfully

09-12-2024T09:10:22 - [TEST_STEP][PASSED] - delay(65): Delayed 65 second(s)

09-12-2024T09:11:27 - [MESSAGE][PASSED] - Delayed 65 second(s)

09-12-2024T09:11:27 - [TEST_STEP][PASSED] - urlText = getText(findTestObject("Страница авторизации/Text")): Text of object 'Object Repository/Страница авторизации/Text' is: 'Вход'

09-12-2024T09:11:27 - [MESSAGE][PASSED] - Text of object 'Object Repository/Страница авторизации/Text' is: 'Вход'

09-12-2024T09:11:27 - [TEST_STEP][PASSED] - i = i + 1: null

09-12-2024T09:11:27 - [TEST_STEP][PASSED] - refresh(): Refresh successfully

09-12-2024T09:11:28 - [MESSAGE][PASSED] - Refresh successfully

09-12-2024T09:11:28 - [TEST_STEP][PASSED] - delay(65): Delayed 65 second(s)

09-12-2024T09:12:33 - [MESSAGE][PASSED] - Delayed 65 second(s)

09-12-2024T09:12:33 - [TEST_STEP][PASSED] - navigateToUrl(findTestData("PlanFact").getValue(10, urlData)): Navigate to 'https://bi.rosseti.digital/viewer?dashboardGuid=d154a8eaf6824e2b9de1bb04dd061c18&sheetGuid=33f591ea3cbf498897e314a4cd5a9f29&fit=true' successfully

09-12-2024T09:12:34 - [MESSAGE][PASSED] - Navigate to 'https://bi.rosseti.digital/viewer?dashboardGuid=d154a8eaf6824e2b9de1bb04dd061c18&sheetGuid=33f591ea3cbf498897e314a4cd5a9f29&fit=true' successfully

09-12-2024T09:12:34 - [TEST_STEP][PASSED] - delay(65): Delayed 65 second(s)

09-12-2024T09:13:39 - [MESSAGE][PASSED] - Delayed 65 second(s)

09-12-2024T09:13:39 - [TEST_STEP][PASSED] - urlText = getText(findTestObject("Страница авторизации/Text")): Text of object 'Object Repository/Страница авторизации/Text' is: 'Вход'

09-12-2024T09:13:39 - [MESSAGE][PASSED] - Text of object 'Object Repository/Страница авторизации/Text' is: 'Вход'

09-12-2024T09:13:39 - [TEST_STEP][PASSED] - i = i + 1: null

09-12-2024T09:13:39 - [TEST_STEP][PASSED] - refresh(): Refresh successfully

09-12-2024T09:13:40 - [MESSAGE][PASSED] - Refresh successfully

09-12-2024T09:13:40 - [TEST_STEP][PASSED] - delay(65): Delayed 65 second(s)

09-12-2024T09:14:45 - [MESSAGE][PASSED] - Delayed 65 second(s)

09-12-2024T09:14:45 - [TEST_STEP][PASSED] - navigateToUrl(findTestData("PlanFact").getValue(10, urlData)): Navigate to 'https://bi.rosseti.digital/viewer?dashboardGuid=d154a8eaf6824e2b9de1bb04dd061c18&sheetGuid=33f591ea3cbf498897e314a4cd5a9f29&fit=true' successfully

09-12-2024T09:14:46 - [MESSAGE][PASSED] - Navigate to 'https://bi.rosseti.digital/viewer?dashboardGuid=d154a8eaf6824e2b9de1bb04dd061c18&sheetGuid=33f591ea3cbf498897e314a4cd5a9f29&fit=true' successfully

09-12-2024T09:14:46 - [TEST_STEP][PASSED] - delay(65): Delayed 65 second(s)

09-12-2024T09:15:51 - [MESSAGE][PASSED] - Delayed 65 second(s)

09-12-2024T09:15:51 - [TEST_STEP][PASSED] - urlText = getText(findTestObject("Страница авторизации/Text")): Text of object 'Object Repository/Страница авторизации/Text' is: 'Вход'

09-12-2024T09:15:51 - [MESSAGE][PASSED] - Text of object 'Object Repository/Страница авторизации/Text' is: 'Вход'

09-12-2024T09:15:51 - [TEST_STEP][PASSED] - setText(findTestObject("Страница авторизации/input__username"), findTestData("PlanFact").getValue(8, run)): Text 'liazgina-di' is set on object 'Object Repository/Страница авторизации/input__username'

09-12-2024T09:15:52 - [MESSAGE][PASSED] - Text 'liazgina-di' is set on object 'Object Repository/Страница авторизации/input__username'

09-12-2024T09:15:52 - [TEST_STEP][PASSED] - setText(findTestObject("Страница авторизации/input__password"), findTestData("PlanFact").getValue(9, run)): Text ')$%5srZ8o688Dm#q' is set on object 'Object Repository/Страница авторизации/input__password'

09-12-2024T09:15:52 - [MESSAGE][PASSED] - Text ')$%5srZ8o688Dm#q' is set on object 'Object Repository/Страница авторизации/input__password'

09-12-2024T09:15:52 - [TEST_STEP][PASSED] - click(findTestObject("Страница авторизации/button_")): Object: 'Object Repository/Страница авторизации/button_' is clicked on

09-12-2024T09:15:58 - [MESSAGE][PASSED] - Object: 'Object Repository/Страница авторизации/button_' is clicked on

09-12-2024T09:15:58 - [TEST_STEP][PASSED] - delay(65): Delayed 65 second(s)

09-12-2024T09:17:03 - [MESSAGE][PASSED] - Delayed 65 second(s)

09-12-2024T09:17:03 - [TEST_STEP][PASSED] - searchWord = "а": null

09-12-2024T09:17:03 - [TEST_STEP][PASSED] - pageLoaded2 = verifyElementPresent(findTestObject("Страница авторизации/Text"), 50): Object 'Object Repository/Страница авторизации/Text' is present

09-12-2024T09:17:03 - [MESSAGE][PASSED] - Object 'Object Repository/Страница авторизации/Text' is present

09-12-2024T09:17:03 - [TEST_STEP][PASSED] - if (pageLoaded2 == false): null

09-12-2024T09:17:03 - [TEST_STEP][PASSED] - urlText = getText(findTestObject("Страница авторизации/Text")): Text of object 'Object Repository/Страница авторизации/Text' is: 'ДЗО 
Все
Период
Выбрано: 12
тыс. кВт⋅ч
Отпуск в сеть
Факт
2022 год
2023 год
2024 год
0
100 000
200 000
300 000
400 000
500 000
600 000
700 000
800 000
699 780 662
709 468 270
211 719 944
●● Отклонения, %
%
Отклонения по отпуску в сеть
1.381.38
-70.16-70.16
2022/2023
2023/2024
-80
-60
-40
-20
0
20
●● Отклонения, тыс. кВт⋅ч
тыс. кВт⋅ч
Отклонения по отпуску в сеть
9 687 6089 687 608
-497 748 327-497 748 327
2022/2023
2023/2024
-600 000 000
-500 000 000
-400 000 000
-300 000 000
-200 000 000
-100 000 000
0
100 000 000
Фактические данные по отпуску в сеть'

09-12-2024T09:17:04 - [MESSAGE][PASSED] - Text of object 'Object Repository/Страница авторизации/Text' is: 'ДЗО 
Все
Период
Выбрано: 12
тыс. кВт⋅ч
Отпуск в сеть
Факт
2022 год
2023 год
2024 год
0
100 000
200 000
300 000
400 000
500 000
600 000
700 000
800 000
699 780 662
709 468 270
211 719 944
●● Отклонения, %
%
Отклонения по отпуску в сеть
1.381.38
-70.16-70.16
2022/2023
2023/2024
-80
-60
-40
-20
0
20
●● Отклонения, тыс. кВт⋅ч
тыс. кВт⋅ч
Отклонения по отпуску в сеть
9 687 6089 687 608
-497 748 327-497 748 327
2022/2023
2023/2024
-600 000 000
-500 000 000
-400 000 000
-300 000 000
-200 000 000
-100 000 000
0
100 000 000
Фактические данные по отпуску в сеть'

09-12-2024T09:17:04 - [TEST_STEP][PASSED] - if (urlText.contains("ошибка") || urlText.contains(searchWord) == false): null

09-12-2024T09:17:04 - [TEST_STEP][PASSED] - a5 = "": null

09-12-2024T09:17:04 - [TEST_STEP][PASSED] - a6 = "": null

09-12-2024T09:17:04 - [TEST_STEP][PASSED] - a7 = "": null

09-12-2024T09:17:04 - [TEST_STEP][PASSED] - a8 = "": null

09-12-2024T09:17:04 - [TEST_STEP][PASSED] - a9 = "": null

09-12-2024T09:17:04 - [TEST_STEP][PASSED] - if (run == 1): null

09-12-2024T09:17:04 - [TEST_STEP][PASSED] - user = "админ": null

09-12-2024T09:17:04 - [TEST_STEP][PASSED] - a1 = getText(findTestObject("Отпуск в сеть/span1")): Text of object 'Object Repository/Отпуск в сеть/span1' is: '699 780 662'

09-12-2024T09:17:04 - [MESSAGE][PASSED] - Text of object 'Object Repository/Отпуск в сеть/span1' is: '699 780 662'

09-12-2024T09:17:04 - [TEST_STEP][PASSED] - a2 = getText(findTestObject("Отпуск в сеть/span2")): Text of object 'Object Repository/Отпуск в сеть/span2' is: '709 468 270'

09-12-2024T09:17:04 - [MESSAGE][PASSED] - Text of object 'Object Repository/Отпуск в сеть/span2' is: '709 468 270'

09-12-2024T09:17:04 - [TEST_STEP][PASSED] - a3 = getText(findTestObject("Отпуск в сеть/График1")): Text of object 'Object Repository/Отпуск в сеть/График1' is: '●● Отклонения, тыс. кВт⋅ч
тыс. кВт⋅ч
Отклонения по отпуску в сеть
9 687 6089 687 608
-497 748 327-497 748 327
2022/2023
2023/2024
-600 000 000
-500 000 000
-400 000 000
-300 000 000
-200 000 000
-100 000 000
0
100 000 000'

09-12-2024T09:17:05 - [MESSAGE][PASSED] - Text of object 'Object Repository/Отпуск в сеть/График1' is: '●● Отклонения, тыс. кВт⋅ч
тыс. кВт⋅ч
Отклонения по отпуску в сеть
9 687 6089 687 608
-497 748 327-497 748 327
2022/2023
2023/2024
-600 000 000
-500 000 000
-400 000 000
-300 000 000
-200 000 000
-100 000 000
0
100 000 000'

09-12-2024T09:17:05 - [TEST_STEP][PASSED] - a4 = getText(findTestObject("Отпуск в сеть/График2")): Text of object 'Object Repository/Отпуск в сеть/График2' is: '●● Отклонения, %
%
Отклонения по отпуску в сеть
1.381.38
-70.16-70.16
2022/2023
2023/2024
-80
-60
-40
-20
0
20'

09-12-2024T09:17:05 - [MESSAGE][PASSED] - Text of object 'Object Repository/Отпуск в сеть/График2' is: '●● Отклонения, %
%
Отклонения по отпуску в сеть
1.381.38
-70.16-70.16
2022/2023
2023/2024
-80
-60
-40
-20
0
20'

09-12-2024T09:17:05 - [TEST_STEP][PASSED] - n = n + 12: null

09-12-2024T09:17:05 - [TEST_STEP][PASSED] - Script1686231490255.WriteToExcel(user, dashboardName, n, data, run, a1, a2, a3, a4, a5, a6, a7, a8, a9): null

09-12-2024T09:17:05 - [TEST_STEP][PASSED] - sheetName = "Sheet1": null

09-12-2024T09:17:05 - [TEST_STEP][PASSED] - workbook01 = getWorkbook(excelFilePath): null

09-12-2024T09:17:05 - [TEST_STEP][PASSED] - sheet01 = getExcelSheet(workbook01, sheetName): null

09-12-2024T09:17:05 - [TEST_STEP][PASSED] - setValueToCellByIndex(sheet01, n, 0, dashboardName): null

09-12-2024T09:17:05 - [TEST_STEP][PASSED] - setValueToCellByIndex(sheet01, n, 10, user): null

09-12-2024T09:17:05 - [TEST_STEP][PASSED] - setValueToCellByIndex(sheet01, n, 1, a1): null

09-12-2024T09:17:05 - [TEST_STEP][PASSED] - setValueToCellByIndex(sheet01, n, 2, a2): null

09-12-2024T09:17:05 - [TEST_STEP][PASSED] - setValueToCellByIndex(sheet01, n, 3, a3): null

09-12-2024T09:17:05 - [TEST_STEP][PASSED] - setValueToCellByIndex(sheet01, n, 4, a4): null

09-12-2024T09:17:05 - [TEST_STEP][PASSED] - setValueToCellByIndex(sheet01, n, 5, a5): null

09-12-2024T09:17:05 - [TEST_STEP][PASSED] - setValueToCellByIndex(sheet01, n, 6, a6): null

09-12-2024T09:17:05 - [TEST_STEP][PASSED] - setValueToCellByIndex(sheet01, n, 7, a7): null

09-12-2024T09:17:05 - [TEST_STEP][PASSED] - setValueToCellByIndex(sheet01, n, 8, a8): null

09-12-2024T09:17:05 - [TEST_STEP][PASSED] - setValueToCellByIndex(sheet01, n, 9, a9): null

09-12-2024T09:17:05 - [TEST_STEP][PASSED] - n = n + 1: null

09-12-2024T09:17:05 - [TEST_STEP][PASSED] - saveWorkbook(excelFilePath, workbook01): null

09-12-2024T09:17:05 - [TEST_STEP][PASSED] - if (run == 2): null

09-12-2024T09:17:05 - [TEST_STEP][PASSED] - if (run == 3): null

09-12-2024T09:17:05 - [TEST_STEP][PASSED] - closeBrowser(): null

09-12-2024T09:17:05 - [MESSAGE][PASSED] - Browser is closed

09-12-2024T09:17:05 - [TEST_STEP][PASSED] - OtpuskVSet(user, dashboardName, n, data, run, a1, a2, a3, a4, a5, a6, a7, a8, a9, urlData): null

09-12-2024T09:17:05 - [TEST_STEP][PASSED] - n = data.getRowNumbers() + 1: null

09-12-2024T09:17:05 - [TEST_STEP][PASSED] - println(n): null

09-12-2024T09:17:05 - [TEST_STEP][PASSED] - dashboardName = "Отпуск в сеть": null

09-12-2024T09:17:05 - [TEST_STEP][PASSED] - openBrowser(""): Browser is opened with url: ''

09-12-2024T09:17:05 - [MESSAGE][INFO] - Starting 'Chrome' driver

09-12-2024T09:17:05 - [MESSAGE][INFO] - Action delay is set to 0 milliseconds

09-12-2024T09:17:07 - [MESSAGE][PASSED] - Browser is opened with url: ''

09-12-2024T09:17:07 - [TEST_STEP][PASSED] - urlData = 16: null

09-12-2024T09:17:07 - [TEST_STEP][PASSED] - Script1686231490255.CheckPageDownload(urlData, run): null

09-12-2024T09:17:07 - [TEST_STEP][PASSED] - i = 1: null

09-12-2024T09:17:07 - [TEST_STEP][PASSED] - ii = 0: null

09-12-2024T09:17:07 - [TEST_STEP][PASSED] - urlText = <not implemented yet for class: org.codehaus.groovy.ast.expr.EmptyExpression>: null

09-12-2024T09:17:07 - [TEST_STEP][PASSED] - searchWord = <not implemented yet for class: org.codehaus.groovy.ast.expr.EmptyExpression>: null

09-12-2024T09:17:07 - [TEST_STEP][PASSED] - deleteAllCookies(): Delete all cookies successfully

09-12-2024T09:17:07 - [MESSAGE][PASSED] - Delete all cookies successfully

09-12-2024T09:17:07 - [TEST_STEP][PASSED] - refresh(): Refresh successfully

09-12-2024T09:17:07 - [MESSAGE][PASSED] - Refresh successfully

09-12-2024T09:17:07 - [TEST_STEP][PASSED] - delay(65): Delayed 65 second(s)

09-12-2024T09:18:12 - [MESSAGE][PASSED] - Delayed 65 second(s)

09-12-2024T09:18:12 - [TEST_STEP][PASSED] - navigateToUrl(findTestData("PlanFact").getValue(10, urlData)): Navigate to 'https://bi.rosseti.digital/viewer?dashboardGuid=d154a8eaf6824e2b9de1bb04dd061c18&sheetGuid=33f591ea3cbf498897e314a4cd5a9f29&fit=true' successfully

09-12-2024T09:18:18 - [MESSAGE][PASSED] - Navigate to 'https://bi.rosseti.digital/viewer?dashboardGuid=d154a8eaf6824e2b9de1bb04dd061c18&sheetGuid=33f591ea3cbf498897e314a4cd5a9f29&fit=true' successfully

09-12-2024T09:18:18 - [TEST_STEP][PASSED] - pageLoaded1 = verifyElementPresent(findTestObject("Страница авторизации/Text"), 30): Object 'Object Repository/Страница авторизации/Text' is present

09-12-2024T09:18:22 - [MESSAGE][PASSED] - Object 'Object Repository/Страница авторизации/Text' is present

09-12-2024T09:18:22 - [TEST_STEP][PASSED] - if (pageLoaded1 == false): null

09-12-2024T09:18:22 - [TEST_STEP][PASSED] - urlText = getText(findTestObject("Страница авторизации/Text")): Text of object 'Object Repository/Страница авторизации/Text' is: 'Вход'

09-12-2024T09:18:22 - [MESSAGE][PASSED] - Text of object 'Object Repository/Страница авторизации/Text' is: 'Вход'

09-12-2024T09:18:22 - [TEST_STEP][PASSED] - delay(65): Delayed 65 second(s)

09-12-2024T09:19:27 - [MESSAGE][PASSED] - Delayed 65 second(s)

09-12-2024T09:19:27 - [TEST_STEP][PASSED] - searchWord = "Вход": null

09-12-2024T09:19:27 - [TEST_STEP][PASSED] - if (urlText.contains(searchWord) == false): null

09-12-2024T09:19:27 - [TEST_STEP][PASSED] - setText(findTestObject("Страница авторизации/input__username"), findTestData("PlanFact").getValue(8, run)): Text 'Andreeva-EV' is set on object 'Object Repository/Страница авторизации/input__username'

09-12-2024T09:19:28 - [MESSAGE][PASSED] - Text 'Andreeva-EV' is set on object 'Object Repository/Страница авторизации/input__username'

09-12-2024T09:19:28 - [TEST_STEP][PASSED] - setText(findTestObject("Страница авторизации/input__password"), findTestData("PlanFact").getValue(9, run)): Text '2nPePKDwCPH3ul7xMZ' is set on object 'Object Repository/Страница авторизации/input__password'

09-12-2024T09:19:29 - [MESSAGE][PASSED] - Text '2nPePKDwCPH3ul7xMZ' is set on object 'Object Repository/Страница авторизации/input__password'

09-12-2024T09:19:29 - [TEST_STEP][PASSED] - click(findTestObject("Страница авторизации/button_")): Object: 'Object Repository/Страница авторизации/button_' is clicked on

09-12-2024T09:19:33 - [MESSAGE][PASSED] - Object: 'Object Repository/Страница авторизации/button_' is clicked on

09-12-2024T09:19:33 - [TEST_STEP][PASSED] - delay(65): Delayed 65 second(s)

09-12-2024T09:20:38 - [MESSAGE][PASSED] - Delayed 65 second(s)

09-12-2024T09:20:38 - [TEST_STEP][PASSED] - searchWord = "а": null

09-12-2024T09:20:38 - [TEST_STEP][PASSED] - pageLoaded2 = verifyElementPresent(findTestObject("Страница авторизации/Text"), 50): Object 'Object Repository/Страница авторизации/Text' is present

09-12-2024T09:20:38 - [MESSAGE][PASSED] - Object 'Object Repository/Страница авторизации/Text' is present

09-12-2024T09:20:38 - [TEST_STEP][PASSED] - if (pageLoaded2 == false): null

09-12-2024T09:20:38 - [TEST_STEP][PASSED] - urlText = getText(findTestObject("Страница авторизации/Text")): Text of object 'Object Repository/Страница авторизации/Text' is: 'ДЗО 
Все
Период
Выбрано: 12
тыс. кВт⋅ч
Отпуск в сеть
Факт
2022 год
2023 год
2024 год
0
100 000
200 000
300 000
400 000
500 000
600 000
700 000
800 000
699 780 662
709 468 270
211 719 944
●● Отклонения, %
%
Отклонения по отпуску в сеть
1.381.38
-70.16-70.16
2022/2023
2023/2024
-80
-60
-40
-20
0
20
●● Отклонения, тыс. кВт⋅ч
тыс. кВт⋅ч
Отклонения по отпуску в сеть
9 687 6089 687 608
-497 748 327-497 748 327
2022/2023
2023/2024
-600 000 000
-500 000 000
-400 000 000
-300 000 000
-200 000 000
-100 000 000
0
100 000 000
Фактические данные по отпуску в сеть'

09-12-2024T09:20:39 - [MESSAGE][PASSED] - Text of object 'Object Repository/Страница авторизации/Text' is: 'ДЗО 
Все
Период
Выбрано: 12
тыс. кВт⋅ч
Отпуск в сеть
Факт
2022 год
2023 год
2024 год
0
100 000
200 000
300 000
400 000
500 000
600 000
700 000
800 000
699 780 662
709 468 270
211 719 944
●● Отклонения, %
%
Отклонения по отпуску в сеть
1.381.38
-70.16-70.16
2022/2023
2023/2024
-80
-60
-40
-20
0
20
●● Отклонения, тыс. кВт⋅ч
тыс. кВт⋅ч
Отклонения по отпуску в сеть
9 687 6089 687 608
-497 748 327-497 748 327
2022/2023
2023/2024
-600 000 000
-500 000 000
-400 000 000
-300 000 000
-200 000 000
-100 000 000
0
100 000 000
Фактические данные по отпуску в сеть'

09-12-2024T09:20:39 - [TEST_STEP][PASSED] - if (urlText.contains("ошибка") || urlText.contains(searchWord) == false): null

09-12-2024T09:20:39 - [TEST_STEP][PASSED] - a5 = "": null

09-12-2024T09:20:39 - [TEST_STEP][PASSED] - a6 = "": null

09-12-2024T09:20:39 - [TEST_STEP][PASSED] - a7 = "": null

09-12-2024T09:20:39 - [TEST_STEP][PASSED] - a8 = "": null

09-12-2024T09:20:39 - [TEST_STEP][PASSED] - a9 = "": null

09-12-2024T09:20:39 - [TEST_STEP][PASSED] - if (run == 1): null

09-12-2024T09:20:39 - [TEST_STEP][PASSED] - if (run == 2): null

09-12-2024T09:20:39 - [TEST_STEP][PASSED] - user = "Андреева": null

09-12-2024T09:20:39 - [TEST_STEP][PASSED] - a1 = getText(findTestObject("Отпуск в сеть/span1")): Text of object 'Object Repository/Отпуск в сеть/span1' is: '699 780 662'

09-12-2024T09:20:39 - [MESSAGE][PASSED] - Text of object 'Object Repository/Отпуск в сеть/span1' is: '699 780 662'

09-12-2024T09:20:39 - [TEST_STEP][PASSED] - a2 = getText(findTestObject("Отпуск в сеть/span2")): Text of object 'Object Repository/Отпуск в сеть/span2' is: '709 468 270'

09-12-2024T09:20:39 - [MESSAGE][PASSED] - Text of object 'Object Repository/Отпуск в сеть/span2' is: '709 468 270'

09-12-2024T09:20:39 - [TEST_STEP][PASSED] - a3 = getText(findTestObject("Отпуск в сеть/График1")): Text of object 'Object Repository/Отпуск в сеть/График1' is: '●● Отклонения, тыс. кВт⋅ч
тыс. кВт⋅ч
Отклонения по отпуску в сеть
9 687 6089 687 608
-497 748 327-497 748 327
2022/2023
2023/2024
-600 000 000
-500 000 000
-400 000 000
-300 000 000
-200 000 000
-100 000 000
0
100 000 000'

09-12-2024T09:20:40 - [MESSAGE][PASSED] - Text of object 'Object Repository/Отпуск в сеть/График1' is: '●● Отклонения, тыс. кВт⋅ч
тыс. кВт⋅ч
Отклонения по отпуску в сеть
9 687 6089 687 608
-497 748 327-497 748 327
2022/2023
2023/2024
-600 000 000
-500 000 000
-400 000 000
-300 000 000
-200 000 000
-100 000 000
0
100 000 000'

09-12-2024T09:20:40 - [TEST_STEP][PASSED] - a4 = getText(findTestObject("Отпуск в сеть/График2")): Text of object 'Object Repository/Отпуск в сеть/График2' is: '●● Отклонения, %
%
Отклонения по отпуску в сеть
1.381.38
-70.16-70.16
2022/2023
2023/2024
-80
-60
-40
-20
0
20'

09-12-2024T09:20:40 - [MESSAGE][PASSED] - Text of object 'Object Repository/Отпуск в сеть/График2' is: '●● Отклонения, %
%
Отклонения по отпуску в сеть
1.381.38
-70.16-70.16
2022/2023
2023/2024
-80
-60
-40
-20
0
20'

09-12-2024T09:20:40 - [TEST_STEP][PASSED] - n = n + 13: null

09-12-2024T09:20:40 - [TEST_STEP][PASSED] - b = n - run + 1: null

09-12-2024T09:20:40 - [TEST_STEP][PASSED] - verifyEqual(findTestData("PlanFact").getValue(2, b), a1): Actual object '699 780 662' and expected object '699 780 662' are equal

09-12-2024T09:20:40 - [MESSAGE][PASSED] - Actual object '699 780 662' and expected object '699 780 662' are equal

09-12-2024T09:20:40 - [TEST_STEP][PASSED] - verifyEqual(findTestData("PlanFact").getValue(3, b), a2): Actual object '709 468 270' and expected object '709 468 270' are equal

09-12-2024T09:20:40 - [MESSAGE][PASSED] - Actual object '709 468 270' and expected object '709 468 270' are equal

09-12-2024T09:20:40 - [TEST_STEP][PASSED] - verifyEqual(findTestData("PlanFact").getValue(4, b), a3): Actual object '●● Отклонения, тыс. кВт⋅ч
тыс. кВт⋅ч
Отклонения по отпуску в сеть
9 687 6089 687 608
-497 748 327-497 748 327
2022/2023
2023/2024
-600 000 000
-500 000 000
-400 000 000
-300 000 000
-200 000 000
-100 000 000
0
100 000 000' and expected object '●● Отклонения, тыс. кВт⋅ч
тыс. кВт⋅ч
Отклонения по отпуску в сеть
9 687 6089 687 608
-497 748 327-497 748 327
2022/2023
2023/2024
-600 000 000
-500 000 000
-400 000 000
-300 000 000
-200 000 000
-100 000 000
0
100 000 000' are equal

09-12-2024T09:20:40 - [MESSAGE][PASSED] - Actual object '●● Отклонения, тыс. кВт⋅ч
тыс. кВт⋅ч
Отклонения по отпуску в сеть
9 687 6089 687 608
-497 748 327-497 748 327
2022/2023
2023/2024
-600 000 000
-500 000 000
-400 000 000
-300 000 000
-200 000 000
-100 000 000
0
100 000 000' and expected object '●● Отклонения, тыс. кВт⋅ч
тыс. кВт⋅ч
Отклонения по отпуску в сеть
9 687 6089 687 608
-497 748 327-497 748 327
2022/2023
2023/2024
-600 000 000
-500 000 000
-400 000 000
-300 000 000
-200 000 000
-100 000 000
0
100 000 000' are equal

09-12-2024T09:20:40 - [TEST_STEP][PASSED] - verifyEqual(findTestData("PlanFact").getValue(5, b), a4): Actual object '●● Отклонения, %
%
Отклонения по отпуску в сеть
1.381.38
-70.16-70.16
2022/2023
2023/2024
-80
-60
-40
-20
0
20' and expected object '●● Отклонения, %
%
Отклонения по отпуску в сеть
1.381.38
-70.16-70.16
2022/2023
2023/2024
-80
-60
-40
-20
0
20' are equal

09-12-2024T09:20:40 - [MESSAGE][PASSED] - Actual object '●● Отклонения, %
%
Отклонения по отпуску в сеть
1.381.38
-70.16-70.16
2022/2023
2023/2024
-80
-60
-40
-20
0
20' and expected object '●● Отклонения, %
%
Отклонения по отпуску в сеть
1.381.38
-70.16-70.16
2022/2023
2023/2024
-80
-60
-40
-20
0
20' are equal

09-12-2024T09:20:40 - [TEST_STEP][PASSED] - Script1686231490255.WriteToExcel(user, dashboardName, n, data, run, a1, a2, a3, a4, a5, a6, a7, a8, a9): null

09-12-2024T09:20:40 - [TEST_STEP][PASSED] - sheetName = "Sheet1": null

09-12-2024T09:20:40 - [TEST_STEP][PASSED] - workbook01 = getWorkbook(excelFilePath): null

09-12-2024T09:20:40 - [TEST_STEP][PASSED] - sheet01 = getExcelSheet(workbook01, sheetName): null

09-12-2024T09:20:40 - [TEST_STEP][PASSED] - setValueToCellByIndex(sheet01, n, 0, dashboardName): null

09-12-2024T09:20:40 - [TEST_STEP][PASSED] - setValueToCellByIndex(sheet01, n, 10, user): null

09-12-2024T09:20:40 - [TEST_STEP][PASSED] - setValueToCellByIndex(sheet01, n, 1, a1): null

09-12-2024T09:20:40 - [TEST_STEP][PASSED] - setValueToCellByIndex(sheet01, n, 2, a2): null

09-12-2024T09:20:40 - [TEST_STEP][PASSED] - setValueToCellByIndex(sheet01, n, 3, a3): null

09-12-2024T09:20:40 - [TEST_STEP][PASSED] - setValueToCellByIndex(sheet01, n, 4, a4): null

09-12-2024T09:20:40 - [TEST_STEP][PASSED] - setValueToCellByIndex(sheet01, n, 5, a5): null

09-12-2024T09:20:40 - [TEST_STEP][PASSED] - setValueToCellByIndex(sheet01, n, 6, a6): null

09-12-2024T09:20:40 - [TEST_STEP][PASSED] - setValueToCellByIndex(sheet01, n, 7, a7): null

09-12-2024T09:20:40 - [TEST_STEP][PASSED] - setValueToCellByIndex(sheet01, n, 8, a8): null

09-12-2024T09:20:40 - [TEST_STEP][PASSED] - setValueToCellByIndex(sheet01, n, 9, a9): null

09-12-2024T09:20:40 - [TEST_STEP][PASSED] - n = n + 1: null

09-12-2024T09:20:40 - [TEST_STEP][PASSED] - saveWorkbook(excelFilePath, workbook01): null

09-12-2024T09:20:40 - [TEST_STEP][PASSED] - if (run == 3): null

09-12-2024T09:20:40 - [TEST_STEP][PASSED] - closeBrowser(): null

09-12-2024T09:20:41 - [MESSAGE][PASSED] - Browser is closed

09-12-2024T09:20:41 - [TEST_STEP][PASSED] - OtpuskVSet(user, dashboardName, n, data, run, a1, a2, a3, a4, a5, a6, a7, a8, a9, urlData): null

09-12-2024T09:20:41 - [TEST_STEP][PASSED] - n = data.getRowNumbers() + 1: null

09-12-2024T09:20:41 - [TEST_STEP][PASSED] - println(n): null

09-12-2024T09:20:41 - [TEST_STEP][PASSED] - dashboardName = "Отпуск в сеть": null

09-12-2024T09:20:41 - [TEST_STEP][PASSED] - openBrowser(""): Browser is opened with url: ''

09-12-2024T09:20:41 - [MESSAGE][INFO] - Starting 'Chrome' driver

09-12-2024T09:20:41 - [MESSAGE][INFO] - Action delay is set to 0 milliseconds

09-12-2024T09:20:42 - [MESSAGE][PASSED] - Browser is opened with url: ''

09-12-2024T09:20:42 - [TEST_STEP][PASSED] - urlData = 16: null

09-12-2024T09:20:42 - [TEST_STEP][PASSED] - Script1686231490255.CheckPageDownload(urlData, run): null

09-12-2024T09:20:42 - [TEST_STEP][PASSED] - i = 1: null

09-12-2024T09:20:42 - [TEST_STEP][PASSED] - ii = 0: null

09-12-2024T09:20:42 - [TEST_STEP][PASSED] - urlText = <not implemented yet for class: org.codehaus.groovy.ast.expr.EmptyExpression>: null

09-12-2024T09:20:42 - [TEST_STEP][PASSED] - searchWord = <not implemented yet for class: org.codehaus.groovy.ast.expr.EmptyExpression>: null

09-12-2024T09:20:42 - [TEST_STEP][PASSED] - deleteAllCookies(): Delete all cookies successfully

09-12-2024T09:20:42 - [MESSAGE][PASSED] - Delete all cookies successfully

09-12-2024T09:20:42 - [TEST_STEP][PASSED] - refresh(): Refresh successfully

09-12-2024T09:20:42 - [MESSAGE][PASSED] - Refresh successfully

09-12-2024T09:20:42 - [TEST_STEP][PASSED] - delay(65): Delayed 65 second(s)

09-12-2024T09:21:47 - [MESSAGE][PASSED] - Delayed 65 second(s)

09-12-2024T09:21:47 - [TEST_STEP][PASSED] - navigateToUrl(findTestData("PlanFact").getValue(10, urlData)): Navigate to 'https://bi.rosseti.digital/viewer?dashboardGuid=d154a8eaf6824e2b9de1bb04dd061c18&sheetGuid=33f591ea3cbf498897e314a4cd5a9f29&fit=true' successfully

09-12-2024T09:21:58 - [MESSAGE][PASSED] - Navigate to 'https://bi.rosseti.digital/viewer?dashboardGuid=d154a8eaf6824e2b9de1bb04dd061c18&sheetGuid=33f591ea3cbf498897e314a4cd5a9f29&fit=true' successfully

09-12-2024T09:21:58 - [TEST_STEP][PASSED] - pageLoaded1 = verifyElementPresent(findTestObject("Страница авторизации/Text"), 30): Object 'Object Repository/Страница авторизации/Text' is present

09-12-2024T09:21:58 - [MESSAGE][PASSED] - Object 'Object Repository/Страница авторизации/Text' is present

09-12-2024T09:21:58 - [TEST_STEP][PASSED] - if (pageLoaded1 == false): null

09-12-2024T09:21:58 - [TEST_STEP][PASSED] - urlText = getText(findTestObject("Страница авторизации/Text")): Text of object 'Object Repository/Страница авторизации/Text' is: 'Вход'

09-12-2024T09:21:58 - [MESSAGE][PASSED] - Text of object 'Object Repository/Страница авторизации/Text' is: 'Вход'

09-12-2024T09:21:58 - [TEST_STEP][PASSED] - delay(65): Delayed 65 second(s)

09-12-2024T09:23:03 - [MESSAGE][PASSED] - Delayed 65 second(s)

09-12-2024T09:23:03 - [TEST_STEP][PASSED] - searchWord = "Вход": null

09-12-2024T09:23:03 - [TEST_STEP][PASSED] - if (urlText.contains(searchWord) == false): null

09-12-2024T09:23:03 - [TEST_STEP][PASSED] - setText(findTestObject("Страница авторизации/input__username"), findTestData("PlanFact").getValue(8, run)): Text 'Petrova-OV' is set on object 'Object Repository/Страница авторизации/input__username'

09-12-2024T09:23:04 - [MESSAGE][PASSED] - Text 'Petrova-OV' is set on object 'Object Repository/Страница авторизации/input__username'

09-12-2024T09:23:04 - [TEST_STEP][PASSED] - setText(findTestObject("Страница авторизации/input__password"), findTestData("PlanFact").getValue(9, run)): Text '4Ex@~R53r&3x&BVe7' is set on object 'Object Repository/Страница авторизации/input__password'

09-12-2024T09:23:05 - [MESSAGE][PASSED] - Text '4Ex@~R53r&3x&BVe7' is set on object 'Object Repository/Страница авторизации/input__password'

09-12-2024T09:23:05 - [TEST_STEP][PASSED] - click(findTestObject("Страница авторизации/button_")): Object: 'Object Repository/Страница авторизации/button_' is clicked on

09-12-2024T09:23:08 - [MESSAGE][PASSED] - Object: 'Object Repository/Страница авторизации/button_' is clicked on

09-12-2024T09:23:08 - [TEST_STEP][PASSED] - delay(65): Delayed 65 second(s)

09-12-2024T09:24:13 - [MESSAGE][PASSED] - Delayed 65 second(s)

09-12-2024T09:24:13 - [TEST_STEP][PASSED] - searchWord = "а": null

09-12-2024T09:24:13 - [TEST_STEP][PASSED] - pageLoaded2 = verifyElementPresent(findTestObject("Страница авторизации/Text"), 50): Object 'Object Repository/Страница авторизации/Text' is present

09-12-2024T09:24:14 - [MESSAGE][PASSED] - Object 'Object Repository/Страница авторизации/Text' is present

09-12-2024T09:24:14 - [TEST_STEP][PASSED] - if (pageLoaded2 == false): null

09-12-2024T09:24:14 - [TEST_STEP][PASSED] - urlText = getText(findTestObject("Страница авторизации/Text")): Text of object 'Object Repository/Страница авторизации/Text' is: 'ДЗО 
Все
Период
Выбрано: 12
тыс. кВт⋅ч
Отпуск в сеть
Факт
2022 год
2023 год
2024 год
0
100 000
200 000
300 000
400 000
500 000
600 000
700 000
800 000
699 780 662
709 468 270
211 719 944
●● Отклонения, %
%
Отклонения по отпуску в сеть
1.381.38
-70.16-70.16
2022/2023
2023/2024
-80
-60
-40
-20
0
20
●● Отклонения, тыс. кВт⋅ч
тыс. кВт⋅ч
Отклонения по отпуску в сеть
9 687 6089 687 608
-497 748 327-497 748 327
2022/2023
2023/2024
-600 000 000
-500 000 000
-400 000 000
-300 000 000
-200 000 000
-100 000 000
0
100 000 000
Фактические данные по отпуску в сеть'

09-12-2024T09:24:14 - [MESSAGE][PASSED] - Text of object 'Object Repository/Страница авторизации/Text' is: 'ДЗО 
Все
Период
Выбрано: 12
тыс. кВт⋅ч
Отпуск в сеть
Факт
2022 год
2023 год
2024 год
0
100 000
200 000
300 000
400 000
500 000
600 000
700 000
800 000
699 780 662
709 468 270
211 719 944
●● Отклонения, %
%
Отклонения по отпуску в сеть
1.381.38
-70.16-70.16
2022/2023
2023/2024
-80
-60
-40
-20
0
20
●● Отклонения, тыс. кВт⋅ч
тыс. кВт⋅ч
Отклонения по отпуску в сеть
9 687 6089 687 608
-497 748 327-497 748 327
2022/2023
2023/2024
-600 000 000
-500 000 000
-400 000 000
-300 000 000
-200 000 000
-100 000 000
0
100 000 000
Фактические данные по отпуску в сеть'

09-12-2024T09:24:14 - [TEST_STEP][PASSED] - if (urlText.contains("ошибка") || urlText.contains(searchWord) == false): null

09-12-2024T09:24:14 - [TEST_STEP][PASSED] - a5 = "": null

09-12-2024T09:24:14 - [TEST_STEP][PASSED] - a6 = "": null

09-12-2024T09:24:14 - [TEST_STEP][PASSED] - a7 = "": null

09-12-2024T09:24:14 - [TEST_STEP][PASSED] - a8 = "": null

09-12-2024T09:24:14 - [TEST_STEP][PASSED] - a9 = "": null

09-12-2024T09:24:14 - [TEST_STEP][PASSED] - if (run == 1): null

09-12-2024T09:24:14 - [TEST_STEP][PASSED] - if (run == 2): null

09-12-2024T09:24:14 - [TEST_STEP][PASSED] - if (run == 3): null

09-12-2024T09:24:14 - [TEST_STEP][PASSED] - user = "Попова": null

09-12-2024T09:24:14 - [TEST_STEP][PASSED] - a1 = getText(findTestObject("Отпуск в сеть/span1")): Text of object 'Object Repository/Отпуск в сеть/span1' is: '699 780 662'

09-12-2024T09:24:14 - [MESSAGE][PASSED] - Text of object 'Object Repository/Отпуск в сеть/span1' is: '699 780 662'

09-12-2024T09:24:14 - [TEST_STEP][PASSED] - a2 = getText(findTestObject("Отпуск в сеть/span2")): Text of object 'Object Repository/Отпуск в сеть/span2' is: '709 468 270'

09-12-2024T09:24:15 - [MESSAGE][PASSED] - Text of object 'Object Repository/Отпуск в сеть/span2' is: '709 468 270'

09-12-2024T09:24:15 - [TEST_STEP][PASSED] - a3 = getText(findTestObject("Отпуск в сеть/График1")): Text of object 'Object Repository/Отпуск в сеть/График1' is: '●● Отклонения, тыс. кВт⋅ч
тыс. кВт⋅ч
Отклонения по отпуску в сеть
9 687 6089 687 608
-497 748 327-497 748 327
2022/2023
2023/2024
-600 000 000
-500 000 000
-400 000 000
-300 000 000
-200 000 000
-100 000 000
0
100 000 000'

09-12-2024T09:24:15 - [MESSAGE][PASSED] - Text of object 'Object Repository/Отпуск в сеть/График1' is: '●● Отклонения, тыс. кВт⋅ч
тыс. кВт⋅ч
Отклонения по отпуску в сеть
9 687 6089 687 608
-497 748 327-497 748 327
2022/2023
2023/2024
-600 000 000
-500 000 000
-400 000 000
-300 000 000
-200 000 000
-100 000 000
0
100 000 000'

09-12-2024T09:24:15 - [TEST_STEP][PASSED] - a4 = getText(findTestObject("Отпуск в сеть/График2")): Text of object 'Object Repository/Отпуск в сеть/График2' is: '●● Отклонения, %
%
Отклонения по отпуску в сеть
1.381.38
-70.16-70.16
2022/2023
2023/2024
-80
-60
-40
-20
0
20'

09-12-2024T09:24:15 - [MESSAGE][PASSED] - Text of object 'Object Repository/Отпуск в сеть/График2' is: '●● Отклонения, %
%
Отклонения по отпуску в сеть
1.381.38
-70.16-70.16
2022/2023
2023/2024
-80
-60
-40
-20
0
20'

09-12-2024T09:24:15 - [TEST_STEP][PASSED] - n = n + 14: null

09-12-2024T09:24:15 - [TEST_STEP][PASSED] - b = n - run + 1: null

09-12-2024T09:24:15 - [TEST_STEP][PASSED] - verifyEqual(findTestData("PlanFact").getValue(2, b), a1): Actual object '699 780 662' and expected object '699 780 662' are equal

09-12-2024T09:24:15 - [MESSAGE][PASSED] - Actual object '699 780 662' and expected object '699 780 662' are equal

09-12-2024T09:24:15 - [TEST_STEP][PASSED] - verifyEqual(findTestData("PlanFact").getValue(3, b), a2): Actual object '709 468 270' and expected object '709 468 270' are equal

09-12-2024T09:24:15 - [MESSAGE][PASSED] - Actual object '709 468 270' and expected object '709 468 270' are equal

09-12-2024T09:24:15 - [TEST_STEP][PASSED] - verifyEqual(findTestData("PlanFact").getValue(4, b), a3): Actual object '●● Отклонения, тыс. кВт⋅ч
тыс. кВт⋅ч
Отклонения по отпуску в сеть
9 687 6089 687 608
-497 748 327-497 748 327
2022/2023
2023/2024
-600 000 000
-500 000 000
-400 000 000
-300 000 000
-200 000 000
-100 000 000
0
100 000 000' and expected object '●● Отклонения, тыс. кВт⋅ч
тыс. кВт⋅ч
Отклонения по отпуску в сеть
9 687 6089 687 608
-497 748 327-497 748 327
2022/2023
2023/2024
-600 000 000
-500 000 000
-400 000 000
-300 000 000
-200 000 000
-100 000 000
0
100 000 000' are equal

09-12-2024T09:24:16 - [MESSAGE][PASSED] - Actual object '●● Отклонения, тыс. кВт⋅ч
тыс. кВт⋅ч
Отклонения по отпуску в сеть
9 687 6089 687 608
-497 748 327-497 748 327
2022/2023
2023/2024
-600 000 000
-500 000 000
-400 000 000
-300 000 000
-200 000 000
-100 000 000
0
100 000 000' and expected object '●● Отклонения, тыс. кВт⋅ч
тыс. кВт⋅ч
Отклонения по отпуску в сеть
9 687 6089 687 608
-497 748 327-497 748 327
2022/2023
2023/2024
-600 000 000
-500 000 000
-400 000 000
-300 000 000
-200 000 000
-100 000 000
0
100 000 000' are equal

09-12-2024T09:24:16 - [TEST_STEP][PASSED] - verifyEqual(findTestData("PlanFact").getValue(5, b), a4): Actual object '●● Отклонения, %
%
Отклонения по отпуску в сеть
1.381.38
-70.16-70.16
2022/2023
2023/2024
-80
-60
-40
-20
0
20' and expected object '●● Отклонения, %
%
Отклонения по отпуску в сеть
1.381.38
-70.16-70.16
2022/2023
2023/2024
-80
-60
-40
-20
0
20' are equal

09-12-2024T09:24:16 - [MESSAGE][PASSED] - Actual object '●● Отклонения, %
%
Отклонения по отпуску в сеть
1.381.38
-70.16-70.16
2022/2023
2023/2024
-80
-60
-40
-20
0
20' and expected object '●● Отклонения, %
%
Отклонения по отпуску в сеть
1.381.38
-70.16-70.16
2022/2023
2023/2024
-80
-60
-40
-20
0
20' are equal

09-12-2024T09:24:16 - [TEST_STEP][PASSED] - Script1686231490255.WriteToExcel(user, dashboardName, n, data, run, a1, a2, a3, a4, a5, a6, a7, a8, a9): null

09-12-2024T09:24:16 - [TEST_STEP][PASSED] - sheetName = "Sheet1": null

09-12-2024T09:24:16 - [TEST_STEP][PASSED] - workbook01 = getWorkbook(excelFilePath): null

09-12-2024T09:24:16 - [TEST_STEP][PASSED] - sheet01 = getExcelSheet(workbook01, sheetName): null

09-12-2024T09:24:16 - [TEST_STEP][PASSED] - setValueToCellByIndex(sheet01, n, 0, dashboardName): null

09-12-2024T09:24:16 - [TEST_STEP][PASSED] - setValueToCellByIndex(sheet01, n, 10, user): null

09-12-2024T09:24:16 - [TEST_STEP][PASSED] - setValueToCellByIndex(sheet01, n, 1, a1): null

09-12-2024T09:24:16 - [TEST_STEP][PASSED] - setValueToCellByIndex(sheet01, n, 2, a2): null

09-12-2024T09:24:16 - [TEST_STEP][PASSED] - setValueToCellByIndex(sheet01, n, 3, a3): null

09-12-2024T09:24:16 - [TEST_STEP][PASSED] - setValueToCellByIndex(sheet01, n, 4, a4): null

09-12-2024T09:24:16 - [TEST_STEP][PASSED] - setValueToCellByIndex(sheet01, n, 5, a5): null

09-12-2024T09:24:16 - [TEST_STEP][PASSED] - setValueToCellByIndex(sheet01, n, 6, a6): null

09-12-2024T09:24:16 - [TEST_STEP][PASSED] - setValueToCellByIndex(sheet01, n, 7, a7): null

09-12-2024T09:24:16 - [TEST_STEP][PASSED] - setValueToCellByIndex(sheet01, n, 8, a8): null

09-12-2024T09:24:16 - [TEST_STEP][PASSED] - setValueToCellByIndex(sheet01, n, 9, a9): null

09-12-2024T09:24:16 - [TEST_STEP][PASSED] - n = n + 1: null

09-12-2024T09:24:16 - [TEST_STEP][PASSED] - saveWorkbook(excelFilePath, workbook01): null

09-12-2024T09:24:16 - [TEST_STEP][PASSED] - closeBrowser(): Browser is closed

09-12-2024T09:24:16 - [MESSAGE][PASSED] - Browser is closed

09-12-2024T09:24:16 - [TEST_STEP][PASSED] - delay(65): Delayed 65 second(s)

09-12-2024T09:25:21 - [MESSAGE][PASSED] - Delayed 65 second(s)

09-12-2024T09:25:21 - [TEST_STEP][PASSED] - for ([run = 1, run < 4, (run++)]): null

09-12-2024T09:25:21 - [TEST_STEP][PASSED] - KotlovoyPolezniyOtpusk(user, dashboardName, n, data, run, a1, a2, a3, a4, a5, a6, a7, a8, a9, urlData): null

09-12-2024T09:25:21 - [TEST_STEP][PASSED] - n = data.getRowNumbers() + 1: null

09-12-2024T09:25:21 - [TEST_STEP][PASSED] - println(n): null

09-12-2024T09:25:21 - [TEST_STEP][PASSED] - dashboardName = "Котловой полезный отпуск": null

09-12-2024T09:25:21 - [TEST_STEP][PASSED] - openBrowser(""): Browser is opened with url: ''

09-12-2024T09:25:21 - [MESSAGE][INFO] - Starting 'Chrome' driver

09-12-2024T09:25:21 - [MESSAGE][INFO] - Action delay is set to 0 milliseconds

09-12-2024T09:25:22 - [MESSAGE][PASSED] - Browser is opened with url: ''

09-12-2024T09:25:22 - [TEST_STEP][PASSED] - urlData = 18: null

09-12-2024T09:25:22 - [TEST_STEP][PASSED] - Script1686231490255.CheckPageDownload(urlData, run): null

09-12-2024T09:25:22 - [TEST_STEP][PASSED] - i = 1: null

09-12-2024T09:25:22 - [TEST_STEP][PASSED] - ii = 0: null

09-12-2024T09:25:22 - [TEST_STEP][PASSED] - urlText = <not implemented yet for class: org.codehaus.groovy.ast.expr.EmptyExpression>: null

09-12-2024T09:25:22 - [TEST_STEP][PASSED] - searchWord = <not implemented yet for class: org.codehaus.groovy.ast.expr.EmptyExpression>: null

09-12-2024T09:25:22 - [TEST_STEP][PASSED] - deleteAllCookies(): Delete all cookies successfully

09-12-2024T09:25:22 - [MESSAGE][PASSED] - Delete all cookies successfully

09-12-2024T09:25:22 - [TEST_STEP][PASSED] - refresh(): Refresh successfully

09-12-2024T09:25:22 - [MESSAGE][PASSED] - Refresh successfully

09-12-2024T09:25:22 - [TEST_STEP][PASSED] - delay(65): Delayed 65 second(s)

09-12-2024T09:26:27 - [MESSAGE][PASSED] - Delayed 65 second(s)

09-12-2024T09:26:27 - [TEST_STEP][PASSED] - navigateToUrl(findTestData("PlanFact").getValue(10, urlData)): Navigate to 'https://bi.rosseti.digital/viewer?dashboardGuid=2301950b23be4ed89c1df75f2020051e&sheetGuid=9de09c51f7e14f6a9e9103985ef32ea6&fit=true' successfully

09-12-2024T09:26:38 - [MESSAGE][PASSED] - Navigate to 'https://bi.rosseti.digital/viewer?dashboardGuid=2301950b23be4ed89c1df75f2020051e&sheetGuid=9de09c51f7e14f6a9e9103985ef32ea6&fit=true' successfully

09-12-2024T09:26:38 - [TEST_STEP][PASSED] - pageLoaded1 = verifyElementPresent(findTestObject("Страница авторизации/Text"), 30): Object 'Object Repository/Страница авторизации/Text' is present

09-12-2024T09:26:41 - [MESSAGE][PASSED] - Object 'Object Repository/Страница авторизации/Text' is present

09-12-2024T09:26:41 - [TEST_STEP][PASSED] - if (pageLoaded1 == false): null

09-12-2024T09:26:41 - [TEST_STEP][PASSED] - urlText = getText(findTestObject("Страница авторизации/Text")): Text of object 'Object Repository/Страница авторизации/Text' is: 'Вход'

09-12-2024T09:26:41 - [MESSAGE][PASSED] - Text of object 'Object Repository/Страница авторизации/Text' is: 'Вход'

09-12-2024T09:26:41 - [TEST_STEP][PASSED] - delay(65): Delayed 65 second(s)

09-12-2024T09:27:46 - [MESSAGE][PASSED] - Delayed 65 second(s)

09-12-2024T09:27:46 - [TEST_STEP][PASSED] - searchWord = "Вход": null

09-12-2024T09:27:46 - [TEST_STEP][PASSED] - if (urlText.contains(searchWord) == false): null

09-12-2024T09:27:46 - [TEST_STEP][PASSED] - setText(findTestObject("Страница авторизации/input__username"), findTestData("PlanFact").getValue(8, run)): Text 'liazgina-di' is set on object 'Object Repository/Страница авторизации/input__username'

09-12-2024T09:27:47 - [MESSAGE][PASSED] - Text 'liazgina-di' is set on object 'Object Repository/Страница авторизации/input__username'

09-12-2024T09:27:47 - [TEST_STEP][PASSED] - setText(findTestObject("Страница авторизации/input__password"), findTestData("PlanFact").getValue(9, run)): Text ')$%5srZ8o688Dm#q' is set on object 'Object Repository/Страница авторизации/input__password'

09-12-2024T09:27:48 - [MESSAGE][PASSED] - Text ')$%5srZ8o688Dm#q' is set on object 'Object Repository/Страница авторизации/input__password'

09-12-2024T09:27:48 - [TEST_STEP][PASSED] - click(findTestObject("Страница авторизации/button_")): Object: 'Object Repository/Страница авторизации/button_' is clicked on

09-12-2024T09:27:52 - [MESSAGE][PASSED] - Object: 'Object Repository/Страница авторизации/button_' is clicked on

09-12-2024T09:27:52 - [TEST_STEP][PASSED] - delay(65): Delayed 65 second(s)

09-12-2024T09:28:57 - [MESSAGE][PASSED] - Delayed 65 second(s)

09-12-2024T09:28:57 - [TEST_STEP][PASSED] - searchWord = "а": null

09-12-2024T09:28:57 - [TEST_STEP][PASSED] - pageLoaded2 = verifyElementPresent(findTestObject("Страница авторизации/Text"), 50): Object 'Object Repository/Страница авторизации/Text' is present

09-12-2024T09:28:57 - [MESSAGE][PASSED] - Object 'Object Repository/Страница авторизации/Text' is present

09-12-2024T09:28:57 - [TEST_STEP][PASSED] - if (pageLoaded2 == false): null

09-12-2024T09:28:57 - [TEST_STEP][PASSED] - urlText = getText(findTestObject("Страница авторизации/Text")): Text of object 'Object Repository/Страница авторизации/Text' is: 'Период
1, 2, 3 кв., Октябрь 2024 года
Выручка
Все
ДЗО 
Все
Внутренний оборот – выручка за услуги по передаче электрической энергии, входящая в стоимость электроэнергии (продажа) при выполнении ДЗО функций гарантирующего поставщика
Подписи данных
Отклонение котлового полезного отпуска ПАО Россети за 1, 2, 3 кв., Октябрь 2024 года (факт/план, млн. кВтч)
ПАО Россети
9 232 млн.кВтч.
млн.
%
Котловой полезный отпуск
Выполнение плановых показателей по ПАО Россети за 1, 2, 3 кв., Октябрь 2024 года
План
Факт
Динамика
2024 год
0 млн.кВтч.
50 000 млн.кВтч.
100 000 млн.кВтч.
150 000 млн.кВтч.
200 000 млн.кВтч.
250 000 млн.кВтч.
300 000 млн.кВтч.
350 000 млн.кВтч.
400 000 млн.кВтч.
450 000 млн.кВтч.
500 000 млн.кВтч.
550 000 млн.кВтч.
432 975
443 545
↑
⬤Отклонение
АО «Тываэнерго»
АО «Чеченэнерго»
Россети Волга
Россети Кубань
Россети Ленэнерго (ГК)
Россети Московский регион
Россети Северный Кавказ (ГК)
Россети Северо-Запад
Россети Сибирь (ГК)
Россети Томск
Россети Тюмень
Россети Урал (ГК)
Россети ФСК ЕЭС
Россети Центр
Россети Центр и Приволжье (ГК)
Россети Юг (ГК)
Россети Янтарь
-3 000млн.кВтч.
-2 000млн.кВтч.
-1 000млн.кВтч.
0млн.кВтч.
1 000млн.кВтч.
2 000млн.кВтч.
3 000млн.кВтч.
4 00…
116
38
1 199
1 085
1 186
3 260
188
438
259
174
-2 396
1 440
-1 338
1 008
1 657
771
148'

09-12-2024T09:28:58 - [MESSAGE][PASSED] - Text of object 'Object Repository/Страница авторизации/Text' is: 'Период
1, 2, 3 кв., Октябрь 2024 года
Выручка
Все
ДЗО 
Все
Внутренний оборот – выручка за услуги по передаче электрической энергии, входящая в стоимость электроэнергии (продажа) при выполнении ДЗО функций гарантирующего поставщика
Подписи данных
Отклонение котлового полезного отпуска ПАО Россети за 1, 2, 3 кв., Октябрь 2024 года (факт/план, млн. кВтч)
ПАО Россети
9 232 млн.кВтч.
млн.
%
Котловой полезный отпуск
Выполнение плановых показателей по ПАО Россети за 1, 2, 3 кв., Октябрь 2024 года
План
Факт
Динамика
2024 год
0 млн.кВтч.
50 000 млн.кВтч.
100 000 млн.кВтч.
150 000 млн.кВтч.
200 000 млн.кВтч.
250 000 млн.кВтч.
300 000 млн.кВтч.
350 000 млн.кВтч.
400 000 млн.кВтч.
450 000 млн.кВтч.
500 000 млн.кВтч.
550 000 млн.кВтч.
432 975
443 545
↑
⬤Отклонение
АО «Тываэнерго»
АО «Чеченэнерго»
Россети Волга
Россети Кубань
Россети Ленэнерго (ГК)
Россети Московский регион
Россети Северный Кавказ (ГК)
Россети Северо-Запад
Россети Сибирь (ГК)
Россети Томск
Россети Тюмень
Россети Урал (ГК)
Россети ФСК ЕЭС
Россети Центр
Россети Центр и Приволжье (ГК)
Россети Юг (ГК)
Россети Янтарь
-3 000млн.кВтч.
-2 000млн.кВтч.
-1 000млн.кВтч.
0млн.кВтч.
1 000млн.кВтч.
2 000млн.кВтч.
3 000млн.кВтч.
4 00…
116
38
1 199
1 085
1 186
3 260
188
438
259
174
-2 396
1 440
-1 338
1 008
1 657
771
148'

09-12-2024T09:28:58 - [TEST_STEP][PASSED] - if (urlText.contains("ошибка") || urlText.contains(searchWord) == false): null

09-12-2024T09:28:58 - [TEST_STEP][PASSED] - a2 = "": null

09-12-2024T09:28:58 - [TEST_STEP][PASSED] - a3 = "": null

09-12-2024T09:28:58 - [TEST_STEP][PASSED] - a4 = "": null

09-12-2024T09:28:58 - [TEST_STEP][PASSED] - a5 = "": null

09-12-2024T09:28:58 - [TEST_STEP][PASSED] - a6 = "": null

09-12-2024T09:28:58 - [TEST_STEP][PASSED] - a7 = "": null

09-12-2024T09:28:58 - [TEST_STEP][PASSED] - a8 = "": null

09-12-2024T09:28:58 - [TEST_STEP][PASSED] - a9 = "": null

09-12-2024T09:28:58 - [TEST_STEP][PASSED] - if (run == 1): null

09-12-2024T09:28:58 - [TEST_STEP][PASSED] - user = "админ": null

09-12-2024T09:28:58 - [TEST_STEP][PASSED] - a1 = getText(findTestObject("Котловой полезный отпуск/График 1")): Text of object 'Object Repository/Котловой полезный отпуск/График 1' is: 'Период
1, 2, 3 кв., Октябрь 2024 года
Выручка
Все
ДЗО 
Все
Внутренний оборот – выручка за услуги по передаче электрической энергии, входящая в стоимость электроэнергии (продажа) при выполнении ДЗО функций гарантирующего поставщика
Подписи данных
Отклонение котлового полезного отпуска ПАО Россети за 1, 2, 3 кв., Октябрь 2024 года (факт/план, млн. кВтч)
ПАО Россети
9 232 млн.кВтч.
млн.
%
Котловой полезный отпуск
Выполнение плановых показателей по ПАО Россети за 1, 2, 3 кв., Октябрь 2024 года
План
Факт
Динамика
2024 год
0 млн.кВтч.
50 000 млн.кВтч.
100 000 млн.кВтч.
150 000 млн.кВтч.
200 000 млн.кВтч.
250 000 млн.кВтч.
300 000 млн.кВтч.
350 000 млн.кВтч.
400 000 млн.кВтч.
450 000 млн.кВтч.
500 000 млн.кВтч.
550 000 млн.кВтч.
432 975
443 545
↑
⬤Отклонение
АО «Тываэнерго»
АО «Чеченэнерго»
Россети Волга
Россети Кубань
Россети Ленэнерго (ГК)
Россети Московский регион
Россети Северный Кавказ (ГК)
Россети Северо-Запад
Россети Сибирь (ГК)
Россети Томск
Россети Тюмень
Россети Урал (ГК)
Россети ФСК ЕЭС
Россети Центр
Россети Центр и Приволжье (ГК)
Россети Юг (ГК)
Россети Янтарь
-3 000млн.кВтч.
-2 000млн.кВтч.
-1 000млн.кВтч.
0млн.кВтч.
1 000млн.кВтч.
2 000млн.кВтч.
3 000млн.кВтч.
4 00…
116
38
1 199
1 085
1 186
3 260
188
438
259
174
-2 396
1 440
-1 338
1 008
1 657
771
148'

09-12-2024T09:28:58 - [MESSAGE][PASSED] - Text of object 'Object Repository/Котловой полезный отпуск/График 1' is: 'Период
1, 2, 3 кв., Октябрь 2024 года
Выручка
Все
ДЗО 
Все
Внутренний оборот – выручка за услуги по передаче электрической энергии, входящая в стоимость электроэнергии (продажа) при выполнении ДЗО функций гарантирующего поставщика
Подписи данных
Отклонение котлового полезного отпуска ПАО Россети за 1, 2, 3 кв., Октябрь 2024 года (факт/план, млн. кВтч)
ПАО Россети
9 232 млн.кВтч.
млн.
%
Котловой полезный отпуск
Выполнение плановых показателей по ПАО Россети за 1, 2, 3 кв., Октябрь 2024 года
План
Факт
Динамика
2024 год
0 млн.кВтч.
50 000 млн.кВтч.
100 000 млн.кВтч.
150 000 млн.кВтч.
200 000 млн.кВтч.
250 000 млн.кВтч.
300 000 млн.кВтч.
350 000 млн.кВтч.
400 000 млн.кВтч.
450 000 млн.кВтч.
500 000 млн.кВтч.
550 000 млн.кВтч.
432 975
443 545
↑
⬤Отклонение
АО «Тываэнерго»
АО «Чеченэнерго»
Россети Волга
Россети Кубань
Россети Ленэнерго (ГК)
Россети Московский регион
Россети Северный Кавказ (ГК)
Россети Северо-Запад
Россети Сибирь (ГК)
Россети Томск
Россети Тюмень
Россети Урал (ГК)
Россети ФСК ЕЭС
Россети Центр
Россети Центр и Приволжье (ГК)
Россети Юг (ГК)
Россети Янтарь
-3 000млн.кВтч.
-2 000млн.кВтч.
-1 000млн.кВтч.
0млн.кВтч.
1 000млн.кВтч.
2 000млн.кВтч.
3 000млн.кВтч.
4 00…
116
38
1 199
1 085
1 186
3 260
188
438
259
174
-2 396
1 440
-1 338
1 008
1 657
771
148'

09-12-2024T09:28:58 - [TEST_STEP][PASSED] - a1 = replaceAll("[\r?
|
]", "").replaceAll("\s+", ""): null

09-12-2024T09:28:58 - [TEST_STEP][PASSED] - if (a1 == ""): null

09-12-2024T09:28:58 - [TEST_STEP][PASSED] - n = n + 21: null

09-12-2024T09:28:58 - [TEST_STEP][PASSED] - Script1686231490255.WriteToExcel(user, dashboardName, n, data, run, a1, a2, a3, a4, a5, a6, a7, a8, a9): null

09-12-2024T09:28:58 - [TEST_STEP][PASSED] - sheetName = "Sheet1": null

09-12-2024T09:28:58 - [TEST_STEP][PASSED] - workbook01 = getWorkbook(excelFilePath): null

09-12-2024T09:28:59 - [TEST_STEP][PASSED] - sheet01 = getExcelSheet(workbook01, sheetName): null

09-12-2024T09:28:59 - [TEST_STEP][PASSED] - setValueToCellByIndex(sheet01, n, 0, dashboardName): null

09-12-2024T09:28:59 - [TEST_STEP][PASSED] - setValueToCellByIndex(sheet01, n, 10, user): null

09-12-2024T09:28:59 - [TEST_STEP][PASSED] - setValueToCellByIndex(sheet01, n, 1, a1): null

09-12-2024T09:28:59 - [TEST_STEP][PASSED] - setValueToCellByIndex(sheet01, n, 2, a2): null

09-12-2024T09:28:59 - [TEST_STEP][PASSED] - setValueToCellByIndex(sheet01, n, 3, a3): null

09-12-2024T09:28:59 - [TEST_STEP][PASSED] - setValueToCellByIndex(sheet01, n, 4, a4): null

09-12-2024T09:28:59 - [TEST_STEP][PASSED] - setValueToCellByIndex(sheet01, n, 5, a5): null

09-12-2024T09:28:59 - [TEST_STEP][PASSED] - setValueToCellByIndex(sheet01, n, 6, a6): null

09-12-2024T09:28:59 - [TEST_STEP][PASSED] - setValueToCellByIndex(sheet01, n, 7, a7): null

09-12-2024T09:28:59 - [TEST_STEP][PASSED] - setValueToCellByIndex(sheet01, n, 8, a8): null

09-12-2024T09:28:59 - [TEST_STEP][PASSED] - setValueToCellByIndex(sheet01, n, 9, a9): null

09-12-2024T09:28:59 - [TEST_STEP][PASSED] - n = n + 1: null

09-12-2024T09:28:59 - [TEST_STEP][PASSED] - saveWorkbook(excelFilePath, workbook01): null

09-12-2024T09:28:59 - [TEST_STEP][PASSED] - if (run == 2): null

09-12-2024T09:28:59 - [TEST_STEP][PASSED] - if (run == 3): null

09-12-2024T09:28:59 - [TEST_STEP][PASSED] - closeBrowser(): null

09-12-2024T09:28:59 - [MESSAGE][PASSED] - Browser is closed

09-12-2024T09:28:59 - [TEST_STEP][PASSED] - KotlovoyPolezniyOtpusk(user, dashboardName, n, data, run, a1, a2, a3, a4, a5, a6, a7, a8, a9, urlData): null

09-12-2024T09:28:59 - [TEST_STEP][PASSED] - n = data.getRowNumbers() + 1: null

09-12-2024T09:28:59 - [TEST_STEP][PASSED] - println(n): null

09-12-2024T09:28:59 - [TEST_STEP][PASSED] - dashboardName = "Котловой полезный отпуск": null

09-12-2024T09:28:59 - [TEST_STEP][PASSED] - openBrowser(""): Browser is opened with url: ''

09-12-2024T09:28:59 - [MESSAGE][INFO] - Starting 'Chrome' driver

09-12-2024T09:28:59 - [MESSAGE][INFO] - Action delay is set to 0 milliseconds

09-12-2024T09:29:00 - [MESSAGE][PASSED] - Browser is opened with url: ''

09-12-2024T09:29:00 - [TEST_STEP][PASSED] - urlData = 18: null

09-12-2024T09:29:00 - [TEST_STEP][PASSED] - Script1686231490255.CheckPageDownload(urlData, run): null

09-12-2024T09:29:00 - [TEST_STEP][PASSED] - i = 1: null

09-12-2024T09:29:00 - [TEST_STEP][PASSED] - ii = 0: null

09-12-2024T09:29:00 - [TEST_STEP][PASSED] - urlText = <not implemented yet for class: org.codehaus.groovy.ast.expr.EmptyExpression>: null

09-12-2024T09:29:00 - [TEST_STEP][PASSED] - searchWord = <not implemented yet for class: org.codehaus.groovy.ast.expr.EmptyExpression>: null

09-12-2024T09:29:00 - [TEST_STEP][PASSED] - deleteAllCookies(): Delete all cookies successfully

09-12-2024T09:29:00 - [MESSAGE][PASSED] - Delete all cookies successfully

09-12-2024T09:29:00 - [TEST_STEP][PASSED] - refresh(): Refresh successfully

09-12-2024T09:29:00 - [MESSAGE][PASSED] - Refresh successfully

09-12-2024T09:29:00 - [TEST_STEP][PASSED] - delay(65): Delayed 65 second(s)

09-12-2024T09:30:05 - [MESSAGE][PASSED] - Delayed 65 second(s)

09-12-2024T09:30:05 - [TEST_STEP][PASSED] - navigateToUrl(findTestData("PlanFact").getValue(10, urlData)): Navigate to 'https://bi.rosseti.digital/viewer?dashboardGuid=2301950b23be4ed89c1df75f2020051e&sheetGuid=9de09c51f7e14f6a9e9103985ef32ea6&fit=true' successfully

09-12-2024T09:30:11 - [MESSAGE][PASSED] - Navigate to 'https://bi.rosseti.digital/viewer?dashboardGuid=2301950b23be4ed89c1df75f2020051e&sheetGuid=9de09c51f7e14f6a9e9103985ef32ea6&fit=true' successfully

09-12-2024T09:30:11 - [TEST_STEP][PASSED] - pageLoaded1 = verifyElementPresent(findTestObject("Страница авторизации/Text"), 30): Object 'Object Repository/Страница авторизации/Text' is present

09-12-2024T09:30:15 - [MESSAGE][PASSED] - Object 'Object Repository/Страница авторизации/Text' is present

09-12-2024T09:30:15 - [TEST_STEP][PASSED] - if (pageLoaded1 == false): null

09-12-2024T09:30:15 - [TEST_STEP][PASSED] - urlText = getText(findTestObject("Страница авторизации/Text")): Text of object 'Object Repository/Страница авторизации/Text' is: 'Вход'

09-12-2024T09:30:15 - [MESSAGE][PASSED] - Text of object 'Object Repository/Страница авторизации/Text' is: 'Вход'

09-12-2024T09:30:15 - [TEST_STEP][PASSED] - delay(65): Delayed 65 second(s)

09-12-2024T09:31:20 - [MESSAGE][PASSED] - Delayed 65 second(s)

09-12-2024T09:31:20 - [TEST_STEP][PASSED] - searchWord = "Вход": null

09-12-2024T09:31:20 - [TEST_STEP][PASSED] - if (urlText.contains(searchWord) == false): null

09-12-2024T09:31:20 - [TEST_STEP][PASSED] - setText(findTestObject("Страница авторизации/input__username"), findTestData("PlanFact").getValue(8, run)): Text 'Andreeva-EV' is set on object 'Object Repository/Страница авторизации/input__username'

09-12-2024T09:31:21 - [MESSAGE][PASSED] - Text 'Andreeva-EV' is set on object 'Object Repository/Страница авторизации/input__username'

09-12-2024T09:31:21 - [TEST_STEP][PASSED] - setText(findTestObject("Страница авторизации/input__password"), findTestData("PlanFact").getValue(9, run)): Text '2nPePKDwCPH3ul7xMZ' is set on object 'Object Repository/Страница авторизации/input__password'

09-12-2024T09:31:22 - [MESSAGE][PASSED] - Text '2nPePKDwCPH3ul7xMZ' is set on object 'Object Repository/Страница авторизации/input__password'

09-12-2024T09:31:22 - [TEST_STEP][PASSED] - click(findTestObject("Страница авторизации/button_")): Object: 'Object Repository/Страница авторизации/button_' is clicked on

09-12-2024T09:31:27 - [MESSAGE][PASSED] - Object: 'Object Repository/Страница авторизации/button_' is clicked on

09-12-2024T09:31:27 - [TEST_STEP][PASSED] - delay(65): Delayed 65 second(s)

09-12-2024T09:32:32 - [MESSAGE][PASSED] - Delayed 65 second(s)

09-12-2024T09:32:32 - [TEST_STEP][PASSED] - searchWord = "а": null

09-12-2024T09:32:32 - [TEST_STEP][PASSED] - pageLoaded2 = verifyElementPresent(findTestObject("Страница авторизации/Text"), 50): Object 'Object Repository/Страница авторизации/Text' is present

09-12-2024T09:32:32 - [MESSAGE][PASSED] - Object 'Object Repository/Страница авторизации/Text' is present

09-12-2024T09:32:32 - [TEST_STEP][PASSED] - if (pageLoaded2 == false): null

09-12-2024T09:32:32 - [TEST_STEP][PASSED] - urlText = getText(findTestObject("Страница авторизации/Text")): Text of object 'Object Repository/Страница авторизации/Text' is: 'Период
1, 2, 3 кв., Октябрь 2024 года
Выручка
Все
ДЗО 
Все
Внутренний оборот – выручка за услуги по передаче электрической энергии, входящая в стоимость электроэнергии (продажа) при выполнении ДЗО функций гарантирующего поставщика
Подписи данных
Отклонение котлового полезного отпуска ПАО Россети за 1, 2, 3 кв., Октябрь 2024 года (факт/план, млн. кВтч)
ПАО Россети
9 232 млн.кВтч.
млн.
%
Котловой полезный отпуск
Выполнение плановых показателей по ПАО Россети за 1, 2, 3 кв., Октябрь 2024 года
План
Факт
Динамика
2024 год
0 млн.кВтч.
50 000 млн.кВтч.
100 000 млн.кВтч.
150 000 млн.кВтч.
200 000 млн.кВтч.
250 000 млн.кВтч.
300 000 млн.кВтч.
350 000 млн.кВтч.
400 000 млн.кВтч.
450 000 млн.кВтч.
500 000 млн.кВтч.
550 000 млн.кВтч.
432 975
443 545
↑
⬤Отклонение
АО «Тываэнерго»
АО «Чеченэнерго»
Россети Волга
Россети Кубань
Россети Ленэнерго (ГК)
Россети Московский регион
Россети Северный Кавказ (ГК)
Россети Северо-Запад
Россети Сибирь (ГК)
Россети Томск
Россети Тюмень
Россети Урал (ГК)
Россети ФСК ЕЭС
Россети Центр
Россети Центр и Приволжье (ГК)
Россети Юг (ГК)
Россети Янтарь
-3 000млн.кВтч.
-2 000млн.кВтч.
-1 000млн.кВтч.
0млн.кВтч.
1 000млн.кВтч.
2 000млн.кВтч.
3 000млн.кВтч.
4 00…
116
38
1 199
1 085
1 186
3 260
188
438
259
174
-2 396
1 440
-1 338
1 008
1 657
771
148'

09-12-2024T09:32:33 - [MESSAGE][PASSED] - Text of object 'Object Repository/Страница авторизации/Text' is: 'Период
1, 2, 3 кв., Октябрь 2024 года
Выручка
Все
ДЗО 
Все
Внутренний оборот – выручка за услуги по передаче электрической энергии, входящая в стоимость электроэнергии (продажа) при выполнении ДЗО функций гарантирующего поставщика
Подписи данных
Отклонение котлового полезного отпуска ПАО Россети за 1, 2, 3 кв., Октябрь 2024 года (факт/план, млн. кВтч)
ПАО Россети
9 232 млн.кВтч.
млн.
%
Котловой полезный отпуск
Выполнение плановых показателей по ПАО Россети за 1, 2, 3 кв., Октябрь 2024 года
План
Факт
Динамика
2024 год
0 млн.кВтч.
50 000 млн.кВтч.
100 000 млн.кВтч.
150 000 млн.кВтч.
200 000 млн.кВтч.
250 000 млн.кВтч.
300 000 млн.кВтч.
350 000 млн.кВтч.
400 000 млн.кВтч.
450 000 млн.кВтч.
500 000 млн.кВтч.
550 000 млн.кВтч.
432 975
443 545
↑
⬤Отклонение
АО «Тываэнерго»
АО «Чеченэнерго»
Россети Волга
Россети Кубань
Россети Ленэнерго (ГК)
Россети Московский регион
Россети Северный Кавказ (ГК)
Россети Северо-Запад
Россети Сибирь (ГК)
Россети Томск
Россети Тюмень
Россети Урал (ГК)
Россети ФСК ЕЭС
Россети Центр
Россети Центр и Приволжье (ГК)
Россети Юг (ГК)
Россети Янтарь
-3 000млн.кВтч.
-2 000млн.кВтч.
-1 000млн.кВтч.
0млн.кВтч.
1 000млн.кВтч.
2 000млн.кВтч.
3 000млн.кВтч.
4 00…
116
38
1 199
1 085
1 186
3 260
188
438
259
174
-2 396
1 440
-1 338
1 008
1 657
771
148'

09-12-2024T09:32:33 - [TEST_STEP][PASSED] - if (urlText.contains("ошибка") || urlText.contains(searchWord) == false): null

09-12-2024T09:32:33 - [TEST_STEP][PASSED] - a2 = "": null

09-12-2024T09:32:33 - [TEST_STEP][PASSED] - a3 = "": null

09-12-2024T09:32:33 - [TEST_STEP][PASSED] - a4 = "": null

09-12-2024T09:32:33 - [TEST_STEP][PASSED] - a5 = "": null

09-12-2024T09:32:33 - [TEST_STEP][PASSED] - a6 = "": null

09-12-2024T09:32:33 - [TEST_STEP][PASSED] - a7 = "": null

09-12-2024T09:32:33 - [TEST_STEP][PASSED] - a8 = "": null

09-12-2024T09:32:33 - [TEST_STEP][PASSED] - a9 = "": null

09-12-2024T09:32:33 - [TEST_STEP][PASSED] - if (run == 1): null

09-12-2024T09:32:33 - [TEST_STEP][PASSED] - if (run == 2): null

09-12-2024T09:32:33 - [TEST_STEP][PASSED] - user = "Андреева": null

09-12-2024T09:32:33 - [TEST_STEP][PASSED] - a1 = getText(findTestObject("Котловой полезный отпуск/График 1")): Text of object 'Object Repository/Котловой полезный отпуск/График 1' is: 'Период
1, 2, 3 кв., Октябрь 2024 года
Выручка
Все
ДЗО 
Все
Внутренний оборот – выручка за услуги по передаче электрической энергии, входящая в стоимость электроэнергии (продажа) при выполнении ДЗО функций гарантирующего поставщика
Подписи данных
Отклонение котлового полезного отпуска ПАО Россети за 1, 2, 3 кв., Октябрь 2024 года (факт/план, млн. кВтч)
ПАО Россети
9 232 млн.кВтч.
млн.
%
Котловой полезный отпуск
Выполнение плановых показателей по ПАО Россети за 1, 2, 3 кв., Октябрь 2024 года
План
Факт
Динамика
2024 год
0 млн.кВтч.
50 000 млн.кВтч.
100 000 млн.кВтч.
150 000 млн.кВтч.
200 000 млн.кВтч.
250 000 млн.кВтч.
300 000 млн.кВтч.
350 000 млн.кВтч.
400 000 млн.кВтч.
450 000 млн.кВтч.
500 000 млн.кВтч.
550 000 млн.кВтч.
432 975
443 545
↑
⬤Отклонение
АО «Тываэнерго»
АО «Чеченэнерго»
Россети Волга
Россети Кубань
Россети Ленэнерго (ГК)
Россети Московский регион
Россети Северный Кавказ (ГК)
Россети Северо-Запад
Россети Сибирь (ГК)
Россети Томск
Россети Тюмень
Россети Урал (ГК)
Россети ФСК ЕЭС
Россети Центр
Россети Центр и Приволжье (ГК)
Россети Юг (ГК)
Россети Янтарь
-3 000млн.кВтч.
-2 000млн.кВтч.
-1 000млн.кВтч.
0млн.кВтч.
1 000млн.кВтч.
2 000млн.кВтч.
3 000млн.кВтч.
4 00…
116
38
1 199
1 085
1 186
3 260
188
438
259
174
-2 396
1 440
-1 338
1 008
1 657
771
148'

09-12-2024T09:32:34 - [MESSAGE][PASSED] - Text of object 'Object Repository/Котловой полезный отпуск/График 1' is: 'Период
1, 2, 3 кв., Октябрь 2024 года
Выручка
Все
ДЗО 
Все
Внутренний оборот – выручка за услуги по передаче электрической энергии, входящая в стоимость электроэнергии (продажа) при выполнении ДЗО функций гарантирующего поставщика
Подписи данных
Отклонение котлового полезного отпуска ПАО Россети за 1, 2, 3 кв., Октябрь 2024 года (факт/план, млн. кВтч)
ПАО Россети
9 232 млн.кВтч.
млн.
%
Котловой полезный отпуск
Выполнение плановых показателей по ПАО Россети за 1, 2, 3 кв., Октябрь 2024 года
План
Факт
Динамика
2024 год
0 млн.кВтч.
50 000 млн.кВтч.
100 000 млн.кВтч.
150 000 млн.кВтч.
200 000 млн.кВтч.
250 000 млн.кВтч.
300 000 млн.кВтч.
350 000 млн.кВтч.
400 000 млн.кВтч.
450 000 млн.кВтч.
500 000 млн.кВтч.
550 000 млн.кВтч.
432 975
443 545
↑
⬤Отклонение
АО «Тываэнерго»
АО «Чеченэнерго»
Россети Волга
Россети Кубань
Россети Ленэнерго (ГК)
Россети Московский регион
Россети Северный Кавказ (ГК)
Россети Северо-Запад
Россети Сибирь (ГК)
Россети Томск
Россети Тюмень
Россети Урал (ГК)
Россети ФСК ЕЭС
Россети Центр
Россети Центр и Приволжье (ГК)
Россети Юг (ГК)
Россети Янтарь
-3 000млн.кВтч.
-2 000млн.кВтч.
-1 000млн.кВтч.
0млн.кВтч.
1 000млн.кВтч.
2 000млн.кВтч.
3 000млн.кВтч.
4 00…
116
38
1 199
1 085
1 186
3 260
188
438
259
174
-2 396
1 440
-1 338
1 008
1 657
771
148'

09-12-2024T09:32:34 - [TEST_STEP][PASSED] - a1 = replaceAll("[\r?
|
]", "").replaceAll("\s+", ""): null

09-12-2024T09:32:34 - [TEST_STEP][PASSED] - if (a1 == ""): null

09-12-2024T09:32:34 - [TEST_STEP][PASSED] - n = n + 22: null

09-12-2024T09:32:34 - [TEST_STEP][PASSED] - b = n - run + 1: null

09-12-2024T09:32:34 - [TEST_STEP][PASSED] - verifyEqual(findTestData("PlanFact").getValue(2, b), a1): Actual object '12320241232024923212320242024050000100000150000200000250000300000350000400000450000500000550000432975443545↑⬤300020001000010002000300040011638119910851186326018843825917423961440133810081657771148' and expected object '12320241232024923212320242024050000100000150000200000250000300000350000400000450000500000550000432975443545↑⬤300020001000010002000300040011638119910851186326018843825917423961440133810081657771148' are equal

09-12-2024T09:32:34 - [MESSAGE][PASSED] - Actual object '12320241232024923212320242024050000100000150000200000250000300000350000400000450000500000550000432975443545↑⬤300020001000010002000300040011638119910851186326018843825917423961440133810081657771148' and expected object '12320241232024923212320242024050000100000150000200000250000300000350000400000450000500000550000432975443545↑⬤300020001000010002000300040011638119910851186326018843825917423961440133810081657771148' are equal

09-12-2024T09:32:34 - [TEST_STEP][PASSED] - Script1686231490255.WriteToExcel(user, dashboardName, n, data, run, a1, a2, a3, a4, a5, a6, a7, a8, a9): null

09-12-2024T09:32:34 - [TEST_STEP][PASSED] - sheetName = "Sheet1": null

09-12-2024T09:32:34 - [TEST_STEP][PASSED] - workbook01 = getWorkbook(excelFilePath): null

09-12-2024T09:32:34 - [TEST_STEP][PASSED] - sheet01 = getExcelSheet(workbook01, sheetName): null

09-12-2024T09:32:34 - [TEST_STEP][PASSED] - setValueToCellByIndex(sheet01, n, 0, dashboardName): null

09-12-2024T09:32:34 - [TEST_STEP][PASSED] - setValueToCellByIndex(sheet01, n, 10, user): null

09-12-2024T09:32:34 - [TEST_STEP][PASSED] - setValueToCellByIndex(sheet01, n, 1, a1): null

09-12-2024T09:32:34 - [TEST_STEP][PASSED] - setValueToCellByIndex(sheet01, n, 2, a2): null

09-12-2024T09:32:34 - [TEST_STEP][PASSED] - setValueToCellByIndex(sheet01, n, 3, a3): null

09-12-2024T09:32:34 - [TEST_STEP][PASSED] - setValueToCellByIndex(sheet01, n, 4, a4): null

09-12-2024T09:32:34 - [TEST_STEP][PASSED] - setValueToCellByIndex(sheet01, n, 5, a5): null

09-12-2024T09:32:34 - [TEST_STEP][PASSED] - setValueToCellByIndex(sheet01, n, 6, a6): null

09-12-2024T09:32:34 - [TEST_STEP][PASSED] - setValueToCellByIndex(sheet01, n, 7, a7): null

09-12-2024T09:32:34 - [TEST_STEP][PASSED] - setValueToCellByIndex(sheet01, n, 8, a8): null

09-12-2024T09:32:34 - [TEST_STEP][PASSED] - setValueToCellByIndex(sheet01, n, 9, a9): null

09-12-2024T09:32:34 - [TEST_STEP][PASSED] - n = n + 1: null

09-12-2024T09:32:34 - [TEST_STEP][PASSED] - saveWorkbook(excelFilePath, workbook01): null

09-12-2024T09:32:34 - [TEST_STEP][PASSED] - if (run == 3): null

09-12-2024T09:32:34 - [TEST_STEP][PASSED] - closeBrowser(): null

09-12-2024T09:32:34 - [MESSAGE][PASSED] - Browser is closed

09-12-2024T09:32:34 - [TEST_STEP][PASSED] - KotlovoyPolezniyOtpusk(user, dashboardName, n, data, run, a1, a2, a3, a4, a5, a6, a7, a8, a9, urlData): null

09-12-2024T09:32:34 - [TEST_STEP][PASSED] - n = data.getRowNumbers() + 1: null

09-12-2024T09:32:34 - [TEST_STEP][PASSED] - println(n): null

09-12-2024T09:32:34 - [TEST_STEP][PASSED] - dashboardName = "Котловой полезный отпуск": null

09-12-2024T09:32:34 - [TEST_STEP][PASSED] - openBrowser(""): Browser is opened with url: ''

09-12-2024T09:32:34 - [MESSAGE][INFO] - Starting 'Chrome' driver

09-12-2024T09:32:34 - [MESSAGE][INFO] - Action delay is set to 0 milliseconds

09-12-2024T09:32:35 - [MESSAGE][PASSED] - Browser is opened with url: ''

09-12-2024T09:32:35 - [TEST_STEP][PASSED] - urlData = 18: null

09-12-2024T09:32:35 - [TEST_STEP][PASSED] - Script1686231490255.CheckPageDownload(urlData, run): null

09-12-2024T09:32:35 - [TEST_STEP][PASSED] - i = 1: null

09-12-2024T09:32:35 - [TEST_STEP][PASSED] - ii = 0: null

09-12-2024T09:32:35 - [TEST_STEP][PASSED] - urlText = <not implemented yet for class: org.codehaus.groovy.ast.expr.EmptyExpression>: null

09-12-2024T09:32:35 - [TEST_STEP][PASSED] - searchWord = <not implemented yet for class: org.codehaus.groovy.ast.expr.EmptyExpression>: null

09-12-2024T09:32:35 - [TEST_STEP][PASSED] - deleteAllCookies(): Delete all cookies successfully

09-12-2024T09:32:35 - [MESSAGE][PASSED] - Delete all cookies successfully

09-12-2024T09:32:35 - [TEST_STEP][PASSED] - refresh(): Refresh successfully

09-12-2024T09:32:35 - [MESSAGE][PASSED] - Refresh successfully

09-12-2024T09:32:35 - [TEST_STEP][PASSED] - delay(65): Delayed 65 second(s)

09-12-2024T09:33:40 - [MESSAGE][PASSED] - Delayed 65 second(s)

09-12-2024T09:33:40 - [TEST_STEP][PASSED] - navigateToUrl(findTestData("PlanFact").getValue(10, urlData)): Navigate to 'https://bi.rosseti.digital/viewer?dashboardGuid=2301950b23be4ed89c1df75f2020051e&sheetGuid=9de09c51f7e14f6a9e9103985ef32ea6&fit=true' successfully

09-12-2024T09:33:48 - [MESSAGE][PASSED] - Navigate to 'https://bi.rosseti.digital/viewer?dashboardGuid=2301950b23be4ed89c1df75f2020051e&sheetGuid=9de09c51f7e14f6a9e9103985ef32ea6&fit=true' successfully

09-12-2024T09:33:48 - [TEST_STEP][PASSED] - pageLoaded1 = verifyElementPresent(findTestObject("Страница авторизации/Text"), 30): Object 'Object Repository/Страница авторизации/Text' is present

09-12-2024T09:33:51 - [MESSAGE][PASSED] - Object 'Object Repository/Страница авторизации/Text' is present

09-12-2024T09:33:51 - [TEST_STEP][PASSED] - if (pageLoaded1 == false): null

09-12-2024T09:33:51 - [TEST_STEP][PASSED] - urlText = getText(findTestObject("Страница авторизации/Text")): Text of object 'Object Repository/Страница авторизации/Text' is: 'Вход'

09-12-2024T09:33:51 - [MESSAGE][PASSED] - Text of object 'Object Repository/Страница авторизации/Text' is: 'Вход'

09-12-2024T09:33:51 - [TEST_STEP][PASSED] - delay(65): Delayed 65 second(s)

09-12-2024T09:34:56 - [MESSAGE][PASSED] - Delayed 65 second(s)

09-12-2024T09:34:56 - [TEST_STEP][PASSED] - searchWord = "Вход": null

09-12-2024T09:34:56 - [TEST_STEP][PASSED] - if (urlText.contains(searchWord) == false): null

09-12-2024T09:34:56 - [TEST_STEP][PASSED] - setText(findTestObject("Страница авторизации/input__username"), findTestData("PlanFact").getValue(8, run)): Text 'Petrova-OV' is set on object 'Object Repository/Страница авторизации/input__username'

09-12-2024T09:34:57 - [MESSAGE][PASSED] - Text 'Petrova-OV' is set on object 'Object Repository/Страница авторизации/input__username'

09-12-2024T09:34:57 - [TEST_STEP][PASSED] - setText(findTestObject("Страница авторизации/input__password"), findTestData("PlanFact").getValue(9, run)): Text '4Ex@~R53r&3x&BVe7' is set on object 'Object Repository/Страница авторизации/input__password'

09-12-2024T09:34:57 - [MESSAGE][PASSED] - Text '4Ex@~R53r&3x&BVe7' is set on object 'Object Repository/Страница авторизации/input__password'

09-12-2024T09:34:57 - [TEST_STEP][PASSED] - click(findTestObject("Страница авторизации/button_")): Object: 'Object Repository/Страница авторизации/button_' is clicked on

09-12-2024T09:35:01 - [MESSAGE][PASSED] - Object: 'Object Repository/Страница авторизации/button_' is clicked on

09-12-2024T09:35:01 - [TEST_STEP][PASSED] - delay(65): Delayed 65 second(s)

09-12-2024T09:36:06 - [MESSAGE][PASSED] - Delayed 65 second(s)

09-12-2024T09:36:06 - [TEST_STEP][PASSED] - searchWord = "а": null

09-12-2024T09:36:06 - [TEST_STEP][PASSED] - pageLoaded2 = verifyElementPresent(findTestObject("Страница авторизации/Text"), 50): Object 'Object Repository/Страница авторизации/Text' is present

09-12-2024T09:36:06 - [MESSAGE][PASSED] - Object 'Object Repository/Страница авторизации/Text' is present

09-12-2024T09:36:06 - [TEST_STEP][PASSED] - if (pageLoaded2 == false): null

09-12-2024T09:36:06 - [TEST_STEP][PASSED] - urlText = getText(findTestObject("Страница авторизации/Text")): Text of object 'Object Repository/Страница авторизации/Text' is: 'Период
1, 2, 3 кв., Октябрь 2024 года
Выручка
Все
ДЗО 
Все
Внутренний оборот – выручка за услуги по передаче электрической энергии, входящая в стоимость электроэнергии (продажа) при выполнении ДЗО функций гарантирующего поставщика
Подписи данных
Отклонение котлового полезного отпуска ПАО Россети за 1, 2, 3 кв., Октябрь 2024 года (факт/план, млн. кВтч)
ПАО Россети
9 232 млн.кВтч.
млн.
%
Котловой полезный отпуск
Выполнение плановых показателей по ПАО Россети за 1, 2, 3 кв., Октябрь 2024 года
План
Факт
Динамика
2024 год
0 млн.кВтч.
50 000 млн.кВтч.
100 000 млн.кВтч.
150 000 млн.кВтч.
200 000 млн.кВтч.
250 000 млн.кВтч.
300 000 млн.кВтч.
350 000 млн.кВтч.
400 000 млн.кВтч.
450 000 млн.кВтч.
500 000 млн.кВтч.
550 000 млн.кВтч.
432 975
443 545
↑
⬤Отклонение
АО «Тываэнерго»
АО «Чеченэнерго»
Россети Волга
Россети Кубань
Россети Ленэнерго (ГК)
Россети Московский регион
Россети Северный Кавказ (ГК)
Россети Северо-Запад
Россети Сибирь (ГК)
Россети Томск
Россети Тюмень
Россети Урал (ГК)
Россети ФСК ЕЭС
Россети Центр
Россети Центр и Приволжье (ГК)
Россети Юг (ГК)
Россети Янтарь
-3 000млн.кВтч.
-2 000млн.кВтч.
-1 000млн.кВтч.
0млн.кВтч.
1 000млн.кВтч.
2 000млн.кВтч.
3 000млн.кВтч.
4 00…
116
38
1 199
1 085
1 186
3 260
188
438
259
174
-2 396
1 440
-1 338
1 008
1 657
771
148'

09-12-2024T09:36:07 - [MESSAGE][PASSED] - Text of object 'Object Repository/Страница авторизации/Text' is: 'Период
1, 2, 3 кв., Октябрь 2024 года
Выручка
Все
ДЗО 
Все
Внутренний оборот – выручка за услуги по передаче электрической энергии, входящая в стоимость электроэнергии (продажа) при выполнении ДЗО функций гарантирующего поставщика
Подписи данных
Отклонение котлового полезного отпуска ПАО Россети за 1, 2, 3 кв., Октябрь 2024 года (факт/план, млн. кВтч)
ПАО Россети
9 232 млн.кВтч.
млн.
%
Котловой полезный отпуск
Выполнение плановых показателей по ПАО Россети за 1, 2, 3 кв., Октябрь 2024 года
План
Факт
Динамика
2024 год
0 млн.кВтч.
50 000 млн.кВтч.
100 000 млн.кВтч.
150 000 млн.кВтч.
200 000 млн.кВтч.
250 000 млн.кВтч.
300 000 млн.кВтч.
350 000 млн.кВтч.
400 000 млн.кВтч.
450 000 млн.кВтч.
500 000 млн.кВтч.
550 000 млн.кВтч.
432 975
443 545
↑
⬤Отклонение
АО «Тываэнерго»
АО «Чеченэнерго»
Россети Волга
Россети Кубань
Россети Ленэнерго (ГК)
Россети Московский регион
Россети Северный Кавказ (ГК)
Россети Северо-Запад
Россети Сибирь (ГК)
Россети Томск
Россети Тюмень
Россети Урал (ГК)
Россети ФСК ЕЭС
Россети Центр
Россети Центр и Приволжье (ГК)
Россети Юг (ГК)
Россети Янтарь
-3 000млн.кВтч.
-2 000млн.кВтч.
-1 000млн.кВтч.
0млн.кВтч.
1 000млн.кВтч.
2 000млн.кВтч.
3 000млн.кВтч.
4 00…
116
38
1 199
1 085
1 186
3 260
188
438
259
174
-2 396
1 440
-1 338
1 008
1 657
771
148'

09-12-2024T09:36:07 - [TEST_STEP][PASSED] - if (urlText.contains("ошибка") || urlText.contains(searchWord) == false): null

09-12-2024T09:36:07 - [TEST_STEP][PASSED] - a2 = "": null

09-12-2024T09:36:07 - [TEST_STEP][PASSED] - a3 = "": null

09-12-2024T09:36:07 - [TEST_STEP][PASSED] - a4 = "": null

09-12-2024T09:36:07 - [TEST_STEP][PASSED] - a5 = "": null

09-12-2024T09:36:07 - [TEST_STEP][PASSED] - a6 = "": null

09-12-2024T09:36:07 - [TEST_STEP][PASSED] - a7 = "": null

09-12-2024T09:36:07 - [TEST_STEP][PASSED] - a8 = "": null

09-12-2024T09:36:07 - [TEST_STEP][PASSED] - a9 = "": null

09-12-2024T09:36:07 - [TEST_STEP][PASSED] - if (run == 1): null

09-12-2024T09:36:07 - [TEST_STEP][PASSED] - if (run == 2): null

09-12-2024T09:36:07 - [TEST_STEP][PASSED] - if (run == 3): null

09-12-2024T09:36:07 - [TEST_STEP][PASSED] - user = "Попова": null

09-12-2024T09:36:07 - [TEST_STEP][PASSED] - a1 = getText(findTestObject("Котловой полезный отпуск/График 1")): Text of object 'Object Repository/Котловой полезный отпуск/График 1' is: 'Период
1, 2, 3 кв., Октябрь 2024 года
Выручка
Все
ДЗО 
Все
Внутренний оборот – выручка за услуги по передаче электрической энергии, входящая в стоимость электроэнергии (продажа) при выполнении ДЗО функций гарантирующего поставщика
Подписи данных
Отклонение котлового полезного отпуска ПАО Россети за 1, 2, 3 кв., Октябрь 2024 года (факт/план, млн. кВтч)
ПАО Россети
9 232 млн.кВтч.
млн.
%
Котловой полезный отпуск
Выполнение плановых показателей по ПАО Россети за 1, 2, 3 кв., Октябрь 2024 года
План
Факт
Динамика
2024 год
0 млн.кВтч.
50 000 млн.кВтч.
100 000 млн.кВтч.
150 000 млн.кВтч.
200 000 млн.кВтч.
250 000 млн.кВтч.
300 000 млн.кВтч.
350 000 млн.кВтч.
400 000 млн.кВтч.
450 000 млн.кВтч.
500 000 млн.кВтч.
550 000 млн.кВтч.
432 975
443 545
↑
⬤Отклонение
АО «Тываэнерго»
АО «Чеченэнерго»
Россети Волга
Россети Кубань
Россети Ленэнерго (ГК)
Россети Московский регион
Россети Северный Кавказ (ГК)
Россети Северо-Запад
Россети Сибирь (ГК)
Россети Томск
Россети Тюмень
Россети Урал (ГК)
Россети ФСК ЕЭС
Россети Центр
Россети Центр и Приволжье (ГК)
Россети Юг (ГК)
Россети Янтарь
-3 000млн.кВтч.
-2 000млн.кВтч.
-1 000млн.кВтч.
0млн.кВтч.
1 000млн.кВтч.
2 000млн.кВтч.
3 000млн.кВтч.
4 00…
116
38
1 199
1 085
1 186
3 260
188
438
259
174
-2 396
1 440
-1 338
1 008
1 657
771
148'

09-12-2024T09:36:08 - [MESSAGE][PASSED] - Text of object 'Object Repository/Котловой полезный отпуск/График 1' is: 'Период
1, 2, 3 кв., Октябрь 2024 года
Выручка
Все
ДЗО 
Все
Внутренний оборот – выручка за услуги по передаче электрической энергии, входящая в стоимость электроэнергии (продажа) при выполнении ДЗО функций гарантирующего поставщика
Подписи данных
Отклонение котлового полезного отпуска ПАО Россети за 1, 2, 3 кв., Октябрь 2024 года (факт/план, млн. кВтч)
ПАО Россети
9 232 млн.кВтч.
млн.
%
Котловой полезный отпуск
Выполнение плановых показателей по ПАО Россети за 1, 2, 3 кв., Октябрь 2024 года
План
Факт
Динамика
2024 год
0 млн.кВтч.
50 000 млн.кВтч.
100 000 млн.кВтч.
150 000 млн.кВтч.
200 000 млн.кВтч.
250 000 млн.кВтч.
300 000 млн.кВтч.
350 000 млн.кВтч.
400 000 млн.кВтч.
450 000 млн.кВтч.
500 000 млн.кВтч.
550 000 млн.кВтч.
432 975
443 545
↑
⬤Отклонение
АО «Тываэнерго»
АО «Чеченэнерго»
Россети Волга
Россети Кубань
Россети Ленэнерго (ГК)
Россети Московский регион
Россети Северный Кавказ (ГК)
Россети Северо-Запад
Россети Сибирь (ГК)
Россети Томск
Россети Тюмень
Россети Урал (ГК)
Россети ФСК ЕЭС
Россети Центр
Россети Центр и Приволжье (ГК)
Россети Юг (ГК)
Россети Янтарь
-3 000млн.кВтч.
-2 000млн.кВтч.
-1 000млн.кВтч.
0млн.кВтч.
1 000млн.кВтч.
2 000млн.кВтч.
3 000млн.кВтч.
4 00…
116
38
1 199
1 085
1 186
3 260
188
438
259
174
-2 396
1 440
-1 338
1 008
1 657
771
148'

09-12-2024T09:36:08 - [TEST_STEP][PASSED] - a1 = replaceAll("[\r?
|
]", "").replaceAll("\s+", ""): null

09-12-2024T09:36:08 - [TEST_STEP][PASSED] - if (a1 == ""): null

09-12-2024T09:36:08 - [TEST_STEP][PASSED] - n = n + 23: null

09-12-2024T09:36:08 - [TEST_STEP][PASSED] - b = n - run + 1: null

09-12-2024T09:36:08 - [TEST_STEP][PASSED] - verifyEqual(findTestData("PlanFact").getValue(2, b), a1): Actual object '12320241232024923212320242024050000100000150000200000250000300000350000400000450000500000550000432975443545↑⬤300020001000010002000300040011638119910851186326018843825917423961440133810081657771148' and expected object '12320241232024923212320242024050000100000150000200000250000300000350000400000450000500000550000432975443545↑⬤300020001000010002000300040011638119910851186326018843825917423961440133810081657771148' are equal

09-12-2024T09:36:08 - [MESSAGE][PASSED] - Actual object '12320241232024923212320242024050000100000150000200000250000300000350000400000450000500000550000432975443545↑⬤300020001000010002000300040011638119910851186326018843825917423961440133810081657771148' and expected object '12320241232024923212320242024050000100000150000200000250000300000350000400000450000500000550000432975443545↑⬤300020001000010002000300040011638119910851186326018843825917423961440133810081657771148' are equal

09-12-2024T09:36:08 - [TEST_STEP][PASSED] - Script1686231490255.WriteToExcel(user, dashboardName, n, data, run, a1, a2, a3, a4, a5, a6, a7, a8, a9): null

09-12-2024T09:36:08 - [TEST_STEP][PASSED] - sheetName = "Sheet1": null

09-12-2024T09:36:08 - [TEST_STEP][PASSED] - workbook01 = getWorkbook(excelFilePath): null

09-12-2024T09:36:08 - [TEST_STEP][PASSED] - sheet01 = getExcelSheet(workbook01, sheetName): null

09-12-2024T09:36:08 - [TEST_STEP][PASSED] - setValueToCellByIndex(sheet01, n, 0, dashboardName): null

09-12-2024T09:36:08 - [TEST_STEP][PASSED] - setValueToCellByIndex(sheet01, n, 10, user): null

09-12-2024T09:36:08 - [TEST_STEP][PASSED] - setValueToCellByIndex(sheet01, n, 1, a1): null

09-12-2024T09:36:08 - [TEST_STEP][PASSED] - setValueToCellByIndex(sheet01, n, 2, a2): null

09-12-2024T09:36:08 - [TEST_STEP][PASSED] - setValueToCellByIndex(sheet01, n, 3, a3): null

09-12-2024T09:36:08 - [TEST_STEP][PASSED] - setValueToCellByIndex(sheet01, n, 4, a4): null

09-12-2024T09:36:08 - [TEST_STEP][PASSED] - setValueToCellByIndex(sheet01, n, 5, a5): null

09-12-2024T09:36:08 - [TEST_STEP][PASSED] - setValueToCellByIndex(sheet01, n, 6, a6): null

09-12-2024T09:36:08 - [TEST_STEP][PASSED] - setValueToCellByIndex(sheet01, n, 7, a7): null

09-12-2024T09:36:08 - [TEST_STEP][PASSED] - setValueToCellByIndex(sheet01, n, 8, a8): null

09-12-2024T09:36:08 - [TEST_STEP][PASSED] - setValueToCellByIndex(sheet01, n, 9, a9): null

09-12-2024T09:36:08 - [TEST_STEP][PASSED] - n = n + 1: null

09-12-2024T09:36:08 - [TEST_STEP][PASSED] - saveWorkbook(excelFilePath, workbook01): null

09-12-2024T09:36:08 - [TEST_STEP][PASSED] - closeBrowser(): Browser is closed

09-12-2024T09:36:08 - [MESSAGE][PASSED] - Browser is closed

09-12-2024T09:36:08 - [TEST_STEP][PASSED] - delay(65): Delayed 65 second(s)

09-12-2024T09:37:13 - [MESSAGE][PASSED] - Delayed 65 second(s)

09-12-2024T09:37:13 - [TEST_STEP][PASSED] - for ([run = 1, run < 4, (run++)]): null

09-12-2024T09:37:13 - [TEST_STEP][PASSED] - FaktorniyAnaliz(user, dashboardName, n, data, run, a1, a2, a3, a4, a5, a6, a7, a8, a9, urlData): null

09-12-2024T09:37:13 - [TEST_STEP][PASSED] - n = data.getRowNumbers() + 1: null

09-12-2024T09:37:13 - [TEST_STEP][PASSED] - println(n): null

09-12-2024T09:37:13 - [TEST_STEP][PASSED] - dashboardName = "Факторный анализ": null

09-12-2024T09:37:13 - [TEST_STEP][PASSED] - openBrowser(""): Browser is opened with url: ''

09-12-2024T09:37:13 - [MESSAGE][INFO] - Starting 'Chrome' driver

09-12-2024T09:37:13 - [MESSAGE][INFO] - Action delay is set to 0 milliseconds

09-12-2024T09:37:14 - [MESSAGE][PASSED] - Browser is opened with url: ''

09-12-2024T09:37:14 - [TEST_STEP][PASSED] - urlData = 3: null

09-12-2024T09:37:14 - [TEST_STEP][PASSED] - Script1686231490255.CheckPageDownload(urlData, run): null

09-12-2024T09:37:14 - [TEST_STEP][PASSED] - i = 1: null

09-12-2024T09:37:14 - [TEST_STEP][PASSED] - ii = 0: null

09-12-2024T09:37:14 - [TEST_STEP][PASSED] - urlText = <not implemented yet for class: org.codehaus.groovy.ast.expr.EmptyExpression>: null

09-12-2024T09:37:14 - [TEST_STEP][PASSED] - searchWord = <not implemented yet for class: org.codehaus.groovy.ast.expr.EmptyExpression>: null

09-12-2024T09:37:14 - [TEST_STEP][PASSED] - deleteAllCookies(): Delete all cookies successfully

09-12-2024T09:37:14 - [MESSAGE][PASSED] - Delete all cookies successfully

09-12-2024T09:37:14 - [TEST_STEP][PASSED] - refresh(): Refresh successfully

09-12-2024T09:37:14 - [MESSAGE][PASSED] - Refresh successfully

09-12-2024T09:37:14 - [TEST_STEP][PASSED] - delay(65): Delayed 65 second(s)

09-12-2024T09:38:19 - [MESSAGE][PASSED] - Delayed 65 second(s)

09-12-2024T09:38:19 - [TEST_STEP][PASSED] - navigateToUrl(findTestData("PlanFact").getValue(10, urlData)): Navigate to 'https://bi.rosseti.digital/viewer?dashboardGuid=2301950b23be4ed89c1df75f2020051e&sheetGuid=ccd7d7486b3d4e6fa0ee9b1eaebed46c&fit=true' successfully

09-12-2024T09:38:27 - [MESSAGE][PASSED] - Navigate to 'https://bi.rosseti.digital/viewer?dashboardGuid=2301950b23be4ed89c1df75f2020051e&sheetGuid=ccd7d7486b3d4e6fa0ee9b1eaebed46c&fit=true' successfully

09-12-2024T09:38:27 - [TEST_STEP][PASSED] - pageLoaded1 = verifyElementPresent(findTestObject("Страница авторизации/Text"), 30): Object 'Object Repository/Страница авторизации/Text' is present

09-12-2024T09:38:32 - [MESSAGE][PASSED] - Object 'Object Repository/Страница авторизации/Text' is present

09-12-2024T09:38:32 - [TEST_STEP][PASSED] - if (pageLoaded1 == false): null

09-12-2024T09:38:32 - [TEST_STEP][PASSED] - urlText = getText(findTestObject("Страница авторизации/Text")): Text of object 'Object Repository/Страница авторизации/Text' is: 'Вход'

09-12-2024T09:38:32 - [MESSAGE][PASSED] - Text of object 'Object Repository/Страница авторизации/Text' is: 'Вход'

09-12-2024T09:38:32 - [TEST_STEP][PASSED] - delay(65): Delayed 65 second(s)

09-12-2024T09:39:37 - [MESSAGE][PASSED] - Delayed 65 second(s)

09-12-2024T09:39:37 - [TEST_STEP][PASSED] - searchWord = "Вход": null

09-12-2024T09:39:37 - [TEST_STEP][PASSED] - if (urlText.contains(searchWord) == false): null

09-12-2024T09:39:37 - [TEST_STEP][PASSED] - setText(findTestObject("Страница авторизации/input__username"), findTestData("PlanFact").getValue(8, run)): Text 'liazgina-di' is set on object 'Object Repository/Страница авторизации/input__username'

09-12-2024T09:39:38 - [MESSAGE][PASSED] - Text 'liazgina-di' is set on object 'Object Repository/Страница авторизации/input__username'

09-12-2024T09:39:38 - [TEST_STEP][PASSED] - setText(findTestObject("Страница авторизации/input__password"), findTestData("PlanFact").getValue(9, run)): Text ')$%5srZ8o688Dm#q' is set on object 'Object Repository/Страница авторизации/input__password'

09-12-2024T09:39:38 - [MESSAGE][PASSED] - Text ')$%5srZ8o688Dm#q' is set on object 'Object Repository/Страница авторизации/input__password'

09-12-2024T09:39:38 - [TEST_STEP][PASSED] - click(findTestObject("Страница авторизации/button_")): Object: 'Object Repository/Страница авторизации/button_' is clicked on

09-12-2024T09:39:42 - [MESSAGE][PASSED] - Object: 'Object Repository/Страница авторизации/button_' is clicked on

09-12-2024T09:39:42 - [TEST_STEP][PASSED] - delay(65): Delayed 65 second(s)

09-12-2024T09:40:47 - [MESSAGE][PASSED] - Delayed 65 second(s)

09-12-2024T09:40:47 - [TEST_STEP][PASSED] - searchWord = "а": null

09-12-2024T09:40:47 - [TEST_STEP][PASSED] - pageLoaded2 = verifyElementPresent(findTestObject("Страница авторизации/Text"), 50): Object 'Object Repository/Страница авторизации/Text' is present

09-12-2024T09:40:47 - [MESSAGE][PASSED] - Object 'Object Repository/Страница авторизации/Text' is present

09-12-2024T09:40:47 - [TEST_STEP][PASSED] - if (pageLoaded2 == false): null

09-12-2024T09:40:47 - [TEST_STEP][PASSED] - urlText = getText(findTestObject("Страница авторизации/Text")): Text of object 'Object Repository/Страница авторизации/Text' is: 'Период
1, 2, 3 кв., Октябрь 2024 года
ДЗО 
Все
Подписи данных
Итого отклонения по группе компаний: - 404 755 млн.руб.
Филиал
Месяц
Факторный анализ
Всего отклонения по факторам по ПАО Россети за 1, 2, 3 кв., Октябрь 2024 года
ДЗО
Филиал
Отклонение (объём услуг)
Отклонение (средний тариф)
АО «Тываэнерго» АО "Тываэнерго" 375 -75
АО «Чеченэнерго» АО «Чеченэнерго» -3 688 26
Россети Волга Мордовэнерго -3 164 -87
Оренбургэнерго -12 384 - 140
Пензаэнерго -7 568 -65
Самарские РС -14 726 -1 123
Саратовские РС -14 917 - 495
Ульяновские РС -5 446 - 209
Чувашэнерго -4 717 137
Россети Кубань Кубаньэнерго -58 965 411
Россети Ленэнерго (ГК) Ленинградская область -33 086 831
г. Санкт-Петербург -46 070 - 104
Россети Московский регион Московская область 4 745 - 627
г. Москва 3 358 23
Россети Северный Кавказ (ГК) Дагестанская энергосбытовая компания - 111 69
Дагэнерго -7 161 537
Ингушэнерго -1 584 122
Каббалкэнерго -2 966 50
Карачаево-Черкесскэнерго -1 924 0
Севкавказэнерго -3 380 144
Ставропольэнерго -9 375 - 200
Россети Северо-Запад Архангельский филиал 80 -86
Вологодский филиал 264 2
Карельский филиал -67 185
Мурманский филиал 111 57
Новгородский филиал 216 -48
Псковский филиал 161 -20
филиал в Республике Коми -16 41
Россети Сибирь (ГК) Алтайэнерго - 545 222
Бурятэнерго - 123 303
ГАЭС 131 -17
Красноярскэнерго 1 233 - 537
Кузбассэнерго-РЭС - 406 827
Омскэнерго 182 -85
Хакасэнерго 371 - 399
Читаэнерго -47 162
Россети Томск Томская распределительная компания -7 417 - 135
Россети Тюмень Россети Тюмень -73 665 - 565
Россети Урал (ГК) Пермэнерго 631 - 215
Свердловэнерго 891 277
Челябэнерго 1 051 - 680
Россети ФСК ЕЭС Итого по ФСК ЕЭС -18 111 -6 233
Россети Центр Белгородэнерго 321 125
Брянскэнерго -5 112 27
Воронежэнерго -13 856 181
Костромаэнерго 102 -4
Курскэнерго -2 444 151
Липецкэнерго 805 - 346
Орелэнерго -4 049 -34
Смоленскэнерго -7 617 42
Тамбовэнерго -5 959 -2
Тверьэнерго - 740 57
Ярэнерго -6 294 65
Россети Центр и Приволжье (ГК) Владимирэнерго 562 52
Ивэнерго 195 55
Калугаэнерго 625 -50
Кировэнерго 464 20
Мариэнерго 173 23
Нижновэнерго 751 319
Рязаньэнерго 246 50
Тулэнерго 791 - 235
Удмуртэнерго 362 13
Россети Юг (ГК) АО «ВМЭС» -3 789 51
Астраханьэнерго -5 702 100
Волгоградэнерго -9 960 - 352
Калмэнерго -1 662 -3
Ростовэнерго -20 264 66
Россети Янтарь Россети Янтарь 360 -42
Отклонения выручки по факторам по выбранным ДЗО, руб
-399 523-399 523
-7 388-7 388
Отклонение (объём услуг)
Отклонение (средний тариф)
ПАО Россети'

09-12-2024T09:40:48 - [MESSAGE][PASSED] - Text of object 'Object Repository/Страница авторизации/Text' is: 'Период
1, 2, 3 кв., Октябрь 2024 года
ДЗО 
Все
Подписи данных
Итого отклонения по группе компаний: - 404 755 млн.руб.
Филиал
Месяц
Факторный анализ
Всего отклонения по факторам по ПАО Россети за 1, 2, 3 кв., Октябрь 2024 года
ДЗО
Филиал
Отклонение (объём услуг)
Отклонение (средний тариф)
АО «Тываэнерго» АО "Тываэнерго" 375 -75
АО «Чеченэнерго» АО «Чеченэнерго» -3 688 26
Россети Волга Мордовэнерго -3 164 -87
Оренбургэнерго -12 384 - 140
Пензаэнерго -7 568 -65
Самарские РС -14 726 -1 123
Саратовские РС -14 917 - 495
Ульяновские РС -5 446 - 209
Чувашэнерго -4 717 137
Россети Кубань Кубаньэнерго -58 965 411
Россети Ленэнерго (ГК) Ленинградская область -33 086 831
г. Санкт-Петербург -46 070 - 104
Россети Московский регион Московская область 4 745 - 627
г. Москва 3 358 23
Россети Северный Кавказ (ГК) Дагестанская энергосбытовая компания - 111 69
Дагэнерго -7 161 537
Ингушэнерго -1 584 122
Каббалкэнерго -2 966 50
Карачаево-Черкесскэнерго -1 924 0
Севкавказэнерго -3 380 144
Ставропольэнерго -9 375 - 200
Россети Северо-Запад Архангельский филиал 80 -86
Вологодский филиал 264 2
Карельский филиал -67 185
Мурманский филиал 111 57
Новгородский филиал 216 -48
Псковский филиал 161 -20
филиал в Республике Коми -16 41
Россети Сибирь (ГК) Алтайэнерго - 545 222
Бурятэнерго - 123 303
ГАЭС 131 -17
Красноярскэнерго 1 233 - 537
Кузбассэнерго-РЭС - 406 827
Омскэнерго 182 -85
Хакасэнерго 371 - 399
Читаэнерго -47 162
Россети Томск Томская распределительная компания -7 417 - 135
Россети Тюмень Россети Тюмень -73 665 - 565
Россети Урал (ГК) Пермэнерго 631 - 215
Свердловэнерго 891 277
Челябэнерго 1 051 - 680
Россети ФСК ЕЭС Итого по ФСК ЕЭС -18 111 -6 233
Россети Центр Белгородэнерго 321 125
Брянскэнерго -5 112 27
Воронежэнерго -13 856 181
Костромаэнерго 102 -4
Курскэнерго -2 444 151
Липецкэнерго 805 - 346
Орелэнерго -4 049 -34
Смоленскэнерго -7 617 42
Тамбовэнерго -5 959 -2
Тверьэнерго - 740 57
Ярэнерго -6 294 65
Россети Центр и Приволжье (ГК) Владимирэнерго 562 52
Ивэнерго 195 55
Калугаэнерго 625 -50
Кировэнерго 464 20
Мариэнерго 173 23
Нижновэнерго 751 319
Рязаньэнерго 246 50
Тулэнерго 791 - 235
Удмуртэнерго 362 13
Россети Юг (ГК) АО «ВМЭС» -3 789 51
Астраханьэнерго -5 702 100
Волгоградэнерго -9 960 - 352
Калмэнерго -1 662 -3
Ростовэнерго -20 264 66
Россети Янтарь Россети Янтарь 360 -42
Отклонения выручки по факторам по выбранным ДЗО, руб
-399 523-399 523
-7 388-7 388
Отклонение (объём услуг)
Отклонение (средний тариф)
ПАО Россети'

09-12-2024T09:40:48 - [TEST_STEP][PASSED] - if (urlText.contains("ошибка") || urlText.contains(searchWord) == false): null

09-12-2024T09:40:48 - [TEST_STEP][PASSED] - click(findTestObject("Факторный анализ/Фильтр Период")): Object: 'Object Repository/Факторный анализ/Фильтр Период' is clicked on

09-12-2024T09:40:48 - [MESSAGE][PASSED] - Object: 'Object Repository/Факторный анализ/Фильтр Период' is clicked on

09-12-2024T09:40:48 - [TEST_STEP][PASSED] - click(findTestObject("Факторный анализ/Снять выделение в фильтре Дата")): Object: 'Object Repository/Факторный анализ/Снять выделение в фильтре Дата' is clicked on

09-12-2024T09:40:49 - [MESSAGE][PASSED] - Object: 'Object Repository/Факторный анализ/Снять выделение в фильтре Дата' is clicked on

09-12-2024T09:40:49 - [TEST_STEP][PASSED] - click(findTestObject("Факторный анализ/Применить в фильтре Дата")): Object: 'Object Repository/Факторный анализ/Применить в фильтре Дата' is clicked on

09-12-2024T09:40:49 - [MESSAGE][PASSED] - Object: 'Object Repository/Факторный анализ/Применить в фильтре Дата' is clicked on

09-12-2024T09:40:49 - [TEST_STEP][PASSED] - click(findTestObject("Факторный анализ/Фильтр Период")): Object: 'Object Repository/Факторный анализ/Фильтр Период' is clicked on

09-12-2024T09:40:55 - [MESSAGE][PASSED] - Object: 'Object Repository/Факторный анализ/Фильтр Период' is clicked on

09-12-2024T09:40:55 - [TEST_STEP][PASSED] - click(findTestObject("Факторный анализ/Снять выделение в фильтре Дата")): Object: 'Object Repository/Факторный анализ/Снять выделение в фильтре Дата' is clicked on

09-12-2024T09:40:55 - [MESSAGE][PASSED] - Object: 'Object Repository/Факторный анализ/Снять выделение в фильтре Дата' is clicked on

09-12-2024T09:40:55 - [TEST_STEP][PASSED] - scrollToElement(findTestObject("Факторный анализ/2024 список"), 30): Scroll to object 'Object Repository/Факторный анализ/2024 список' successfully

09-12-2024T09:40:56 - [MESSAGE][PASSED] - Scroll to object 'Object Repository/Факторный анализ/2024 список' successfully

09-12-2024T09:40:56 - [TEST_STEP][PASSED] - click(findTestObject("Факторный анализ/2024 список")): Object: 'Object Repository/Факторный анализ/2024 список' is clicked on

09-12-2024T09:40:56 - [MESSAGE][PASSED] - Object: 'Object Repository/Факторный анализ/2024 список' is clicked on

09-12-2024T09:40:56 - [TEST_STEP][PASSED] - scrollToElement(findTestObject("Факторный анализ/1 квартал 2024 выбрать"), 30): Scroll to object 'Object Repository/Факторный анализ/1 квартал 2024 выбрать' successfully

09-12-2024T09:40:56 - [MESSAGE][PASSED] - Scroll to object 'Object Repository/Факторный анализ/1 квартал 2024 выбрать' successfully

09-12-2024T09:40:56 - [TEST_STEP][PASSED] - click(findTestObject("Факторный анализ/1 квартал 2024 выбрать")): Object: 'Object Repository/Факторный анализ/1 квартал 2024 выбрать' is clicked on

09-12-2024T09:40:57 - [MESSAGE][PASSED] - Object: 'Object Repository/Факторный анализ/1 квартал 2024 выбрать' is clicked on

09-12-2024T09:40:57 - [TEST_STEP][PASSED] - scrollToElement(findTestObject("Факторный анализ/1 квартал 2024 выбрать"), 30): Scroll to object 'Object Repository/Факторный анализ/1 квартал 2024 выбрать' successfully

09-12-2024T09:40:57 - [MESSAGE][PASSED] - Scroll to object 'Object Repository/Факторный анализ/1 квартал 2024 выбрать' successfully

09-12-2024T09:40:57 - [TEST_STEP][PASSED] - click(findTestObject("Факторный анализ/2 квартал 2024 выбрать"), CONTINUE_ON_FAILURE): Object: 'Object Repository/Факторный анализ/2 квартал 2024 выбрать' is clicked on

09-12-2024T09:40:58 - [MESSAGE][PASSED] - Object: 'Object Repository/Факторный анализ/2 квартал 2024 выбрать' is clicked on

09-12-2024T09:40:58 - [TEST_STEP][PASSED] - scrollToElement(findTestObject("Факторный анализ/3 квартал 2024 список"), 30): Scroll to object 'Object Repository/Факторный анализ/3 квартал 2024 список' successfully

09-12-2024T09:40:58 - [MESSAGE][PASSED] - Scroll to object 'Object Repository/Факторный анализ/3 квартал 2024 список' successfully

09-12-2024T09:40:58 - [TEST_STEP][PASSED] - click(findTestObject("Факторный анализ/3 квартал 2024 выбрать"), CONTINUE_ON_FAILURE): Object: 'Object Repository/Факторный анализ/3 квартал 2024 выбрать' is clicked on

09-12-2024T09:40:58 - [MESSAGE][PASSED] - Object: 'Object Repository/Факторный анализ/3 квартал 2024 выбрать' is clicked on

09-12-2024T09:40:58 - [TEST_STEP][PASSED] - scrollToElement(findTestObject("Факторный анализ/4 квартал 2024 список"), 30): Scroll to object 'Object Repository/Факторный анализ/4 квартал 2024 список' successfully

09-12-2024T09:40:59 - [MESSAGE][PASSED] - Scroll to object 'Object Repository/Факторный анализ/4 квартал 2024 список' successfully

09-12-2024T09:40:59 - [TEST_STEP][PASSED] - click(findTestObject("Факторный анализ/4 квартал 2024 список"), CONTINUE_ON_FAILURE): Object: 'Object Repository/Факторный анализ/4 квартал 2024 список' is clicked on

09-12-2024T09:40:59 - [MESSAGE][PASSED] - Object: 'Object Repository/Факторный анализ/4 квартал 2024 список' is clicked on

09-12-2024T09:40:59 - [TEST_STEP][PASSED] - scrollToElement(findTestObject("Факторный анализ/Октябрь 2024"), 30): Scroll to object 'Object Repository/Факторный анализ/Октябрь 2024' successfully

09-12-2024T09:41:00 - [MESSAGE][PASSED] - Scroll to object 'Object Repository/Факторный анализ/Октябрь 2024' successfully

09-12-2024T09:41:00 - [TEST_STEP][PASSED] - click(findTestObject("Факторный анализ/Октябрь 2024"), CONTINUE_ON_FAILURE): Object: 'Object Repository/Факторный анализ/Октябрь 2024' is clicked on

09-12-2024T09:41:00 - [MESSAGE][PASSED] - Object: 'Object Repository/Факторный анализ/Октябрь 2024' is clicked on

09-12-2024T09:41:00 - [TEST_STEP][PASSED] - scrollToElement(findTestObject("Факторный анализ/Заголовок дашборда"), 30): Scroll to object 'Object Repository/Факторный анализ/Заголовок дашборда' successfully

09-12-2024T09:41:00 - [MESSAGE][PASSED] - Scroll to object 'Object Repository/Факторный анализ/Заголовок дашборда' successfully

09-12-2024T09:41:00 - [TEST_STEP][PASSED] - click(findTestObject("Факторный анализ/Применить в фильтре Дата")): Object: 'Object Repository/Факторный анализ/Применить в фильтре Дата' is clicked on

09-12-2024T09:41:01 - [MESSAGE][PASSED] - Object: 'Object Repository/Факторный анализ/Применить в фильтре Дата' is clicked on

09-12-2024T09:41:01 - [TEST_STEP][PASSED] - a5 = "": null

09-12-2024T09:41:01 - [TEST_STEP][PASSED] - a6 = "": null

09-12-2024T09:41:01 - [TEST_STEP][PASSED] - a7 = "": null

09-12-2024T09:41:01 - [TEST_STEP][PASSED] - a8 = "": null

09-12-2024T09:41:01 - [TEST_STEP][PASSED] - a9 = "": null

09-12-2024T09:41:01 - [TEST_STEP][PASSED] - if (run == 1): null

09-12-2024T09:41:01 - [TEST_STEP][PASSED] - user = "админ": null

09-12-2024T09:41:01 - [TEST_STEP][PASSED] - a1 = getText(findTestObject("Факторный анализ/span1 Блок руководителя")): Text of object 'Object Repository/Факторный анализ/span1 Блок руководителя' is: ''

09-12-2024T09:41:04 - [MESSAGE][PASSED] - Text of object 'Object Repository/Факторный анализ/span1 Блок руководителя' is: ''

09-12-2024T09:41:04 - [TEST_STEP][PASSED] - a2 = getText(findTestObject("Факторный анализ/span2 Блок руководителя")): Text of object 'Object Repository/Факторный анализ/span2 Блок руководителя' is: ''

09-12-2024T09:41:04 - [MESSAGE][PASSED] - Text of object 'Object Repository/Факторный анализ/span2 Блок руководителя' is: ''

09-12-2024T09:41:04 - [TEST_STEP][PASSED] - a3 = getText(findTestObject("Факторный анализ/График Всего отклонения по факторам Блок руководителя")): Text of object 'Object Repository/Факторный анализ/График Всего отклонения по факторам Блок руководителя' is: 'ДЗО
Филиал
Отклонение (объём услуг)
Отклонение (средний тариф)
АО «Тываэнерго» АО "Тываэнерго" 375 -75
АО «Чеченэнерго» АО «Чеченэнерго» -3 688 26
Россети Волга Мордовэнерго -3 164 -87
Оренбургэнерго -12 384 - 140
Пензаэнерго -7 568 -65
Самарские РС -14 726 -1 123
Саратовские РС -14 917 - 495
Ульяновские РС -5 446 - 209
Чувашэнерго -4 717 137
Россети Кубань Кубаньэнерго -58 965 411
Россети Ленэнерго (ГК) Ленинградская область -33 086 831
г. Санкт-Петербург -46 070 - 104
Россети Московский регион Московская область 4 745 - 627
г. Москва 3 358 23
Россети Северный Кавказ (ГК) Дагестанская энергосбытовая компания - 111 69
Дагэнерго -7 161 537
Ингушэнерго -1 584 122
Каббалкэнерго -2 966 50
Карачаево-Черкесскэнерго -1 924 0
Севкавказэнерго -3 380 144
Ставропольэнерго -9 375 - 200
Россети Северо-Запад Архангельский филиал 80 -86
Вологодский филиал 264 2
Карельский филиал -67 185
Мурманский филиал 111 57
Новгородский филиал 216 -48
Псковский филиал 161 -20
филиал в Республике Коми -16 41
Россети Сибирь (ГК) Алтайэнерго - 545 222
Бурятэнерго - 123 303
ГАЭС 131 -17
Красноярскэнерго 1 233 - 537
Кузбассэнерго-РЭС - 406 827
Омскэнерго 182 -85
Хакасэнерго 371 - 399
Читаэнерго -47 162
Россети Томск Томская распределительная компания -7 417 - 135
Россети Тюмень Россети Тюмень -73 665 - 565
Россети Урал (ГК) Пермэнерго 631 - 215
Свердловэнерго 891 277
Челябэнерго 1 051 - 680
Россети ФСК ЕЭС Итого по ФСК ЕЭС -18 111 -6 233
Россети Центр Белгородэнерго 321 125
Брянскэнерго -5 112 27
Воронежэнерго -13 856 181
Костромаэнерго 102 -4
Курскэнерго -2 444 151
Липецкэнерго 805 - 346
Орелэнерго -4 049 -34
Смоленскэнерго -7 617 42
Тамбовэнерго -5 959 -2
Тверьэнерго - 740 57
Ярэнерго -6 294 65
Россети Центр и Приволжье (ГК) Владимирэнерго 562 52
Ивэнерго 195 55
Калугаэнерго 625 -50
Кировэнерго 464 20
Мариэнерго 173 23
Нижновэнерго 751 319
Рязаньэнерго 246 50
Тулэнерго 791 - 235
Удмуртэнерго 362 13
Россети Юг (ГК) АО «ВМЭС» -3 789 51
Астраханьэнерго -5 702 100
Волгоградэнерго -9 960 - 352
Калмэнерго -1 662 -3
Ростовэнерго -20 264 66
Россети Янтарь Россети Янтарь 360 -42'

09-12-2024T09:41:04 - [MESSAGE][PASSED] - Text of object 'Object Repository/Факторный анализ/График Всего отклонения по факторам Блок руководителя' is: 'ДЗО
Филиал
Отклонение (объём услуг)
Отклонение (средний тариф)
АО «Тываэнерго» АО "Тываэнерго" 375 -75
АО «Чеченэнерго» АО «Чеченэнерго» -3 688 26
Россети Волга Мордовэнерго -3 164 -87
Оренбургэнерго -12 384 - 140
Пензаэнерго -7 568 -65
Самарские РС -14 726 -1 123
Саратовские РС -14 917 - 495
Ульяновские РС -5 446 - 209
Чувашэнерго -4 717 137
Россети Кубань Кубаньэнерго -58 965 411
Россети Ленэнерго (ГК) Ленинградская область -33 086 831
г. Санкт-Петербург -46 070 - 104
Россети Московский регион Московская область 4 745 - 627
г. Москва 3 358 23
Россети Северный Кавказ (ГК) Дагестанская энергосбытовая компания - 111 69
Дагэнерго -7 161 537
Ингушэнерго -1 584 122
Каббалкэнерго -2 966 50
Карачаево-Черкесскэнерго -1 924 0
Севкавказэнерго -3 380 144
Ставропольэнерго -9 375 - 200
Россети Северо-Запад Архангельский филиал 80 -86
Вологодский филиал 264 2
Карельский филиал -67 185
Мурманский филиал 111 57
Новгородский филиал 216 -48
Псковский филиал 161 -20
филиал в Республике Коми -16 41
Россети Сибирь (ГК) Алтайэнерго - 545 222
Бурятэнерго - 123 303
ГАЭС 131 -17
Красноярскэнерго 1 233 - 537
Кузбассэнерго-РЭС - 406 827
Омскэнерго 182 -85
Хакасэнерго 371 - 399
Читаэнерго -47 162
Россети Томск Томская распределительная компания -7 417 - 135
Россети Тюмень Россети Тюмень -73 665 - 565
Россети Урал (ГК) Пермэнерго 631 - 215
Свердловэнерго 891 277
Челябэнерго 1 051 - 680
Россети ФСК ЕЭС Итого по ФСК ЕЭС -18 111 -6 233
Россети Центр Белгородэнерго 321 125
Брянскэнерго -5 112 27
Воронежэнерго -13 856 181
Костромаэнерго 102 -4
Курскэнерго -2 444 151
Липецкэнерго 805 - 346
Орелэнерго -4 049 -34
Смоленскэнерго -7 617 42
Тамбовэнерго -5 959 -2
Тверьэнерго - 740 57
Ярэнерго -6 294 65
Россети Центр и Приволжье (ГК) Владимирэнерго 562 52
Ивэнерго 195 55
Калугаэнерго 625 -50
Кировэнерго 464 20
Мариэнерго 173 23
Нижновэнерго 751 319
Рязаньэнерго 246 50
Тулэнерго 791 - 235
Удмуртэнерго 362 13
Россети Юг (ГК) АО «ВМЭС» -3 789 51
Астраханьэнерго -5 702 100
Волгоградэнерго -9 960 - 352
Калмэнерго -1 662 -3
Ростовэнерго -20 264 66
Россети Янтарь Россети Янтарь 360 -42'

09-12-2024T09:41:04 - [TEST_STEP][PASSED] - click(findTestObject("Факторный анализ/Переключить отображение с филиала на месяц")): Object: 'Object Repository/Факторный анализ/Переключить отображение с филиала на месяц' is clicked on

09-12-2024T09:41:05 - [MESSAGE][PASSED] - Object: 'Object Repository/Факторный анализ/Переключить отображение с филиала на месяц' is clicked on

09-12-2024T09:41:05 - [TEST_STEP][PASSED] - a4 = getText(findTestObject("Факторный анализ/График Всего отклонения по факторам Блок руководителя")): Text of object 'Object Repository/Факторный анализ/График Всего отклонения по факторам Блок руководителя' is: 'ДЗО
Филиал
Отклонение (объём услуг)
Отклонение (средний тариф)
АО «Тываэнерго» АО "Тываэнерго" 375 -75
АО «Чеченэнерго» АО «Чеченэнерго» -3 688 26
Россети Волга Мордовэнерго -3 164 -87
Оренбургэнерго -12 384 - 140
Пензаэнерго -7 568 -65
Самарские РС -14 726 -1 123
Саратовские РС -14 917 - 495
Ульяновские РС -5 446 - 209
Чувашэнерго -4 717 137
Россети Кубань Кубаньэнерго -58 965 411
Россети Ленэнерго (ГК) Ленинградская область -33 086 831
г. Санкт-Петербург -46 070 - 104
Россети Московский регион Московская область 4 745 - 627
г. Москва 3 358 23
Россети Северный Кавказ (ГК) Дагестанская энергосбытовая компания - 111 69
Дагэнерго -7 161 537
Ингушэнерго -1 584 122
Каббалкэнерго -2 966 50
Карачаево-Черкесскэнерго -1 924 0
Севкавказэнерго -3 380 144
Ставропольэнерго -9 375 - 200
Россети Северо-Запад Архангельский филиал 80 -86
Вологодский филиал 264 2
Карельский филиал -67 185
Мурманский филиал 111 57
Новгородский филиал 216 -48
Псковский филиал 161 -20
филиал в Республике Коми -16 41
Россети Сибирь (ГК) Алтайэнерго - 545 222
Бурятэнерго - 123 303
ГАЭС 131 -17
Красноярскэнерго 1 233 - 537
Кузбассэнерго-РЭС - 406 827
Омскэнерго 182 -85
Хакасэнерго 371 - 399
Читаэнерго -47 162
Россети Томск Томская распределительная компания -7 417 - 135
Россети Тюмень Россети Тюмень -73 665 - 565
Россети Урал (ГК) Пермэнерго 631 - 215
Свердловэнерго 891 277
Челябэнерго 1 051 - 680
Россети ФСК ЕЭС Итого по ФСК ЕЭС -18 111 -6 233
Россети Центр Белгородэнерго 321 125
Брянскэнерго -5 112 27
Воронежэнерго -13 856 181
Костромаэнерго 102 -4
Курскэнерго -2 444 151
Липецкэнерго 805 - 346
Орелэнерго -4 049 -34
Смоленскэнерго -7 617 42
Тамбовэнерго -5 959 -2
Тверьэнерго - 740 57
Ярэнерго -6 294 65
Россети Центр и Приволжье (ГК) Владимирэнерго 562 52
Ивэнерго 195 55
Калугаэнерго 625 -50
Кировэнерго 464 20
Мариэнерго 173 23
Нижновэнерго 751 319
Рязаньэнерго 246 50
Тулэнерго 791 - 235
Удмуртэнерго 362 13
Россети Юг (ГК) АО «ВМЭС» -3 789 51
Астраханьэнерго -5 702 100
Волгоградэнерго -9 960 - 352
Калмэнерго -1 662 -3
Ростовэнерго -20 264 66
Россети Янтарь Россети Янтарь 360 -42'

09-12-2024T09:41:05 - [MESSAGE][PASSED] - Text of object 'Object Repository/Факторный анализ/График Всего отклонения по факторам Блок руководителя' is: 'ДЗО
Филиал
Отклонение (объём услуг)
Отклонение (средний тариф)
АО «Тываэнерго» АО "Тываэнерго" 375 -75
АО «Чеченэнерго» АО «Чеченэнерго» -3 688 26
Россети Волга Мордовэнерго -3 164 -87
Оренбургэнерго -12 384 - 140
Пензаэнерго -7 568 -65
Самарские РС -14 726 -1 123
Саратовские РС -14 917 - 495
Ульяновские РС -5 446 - 209
Чувашэнерго -4 717 137
Россети Кубань Кубаньэнерго -58 965 411
Россети Ленэнерго (ГК) Ленинградская область -33 086 831
г. Санкт-Петербург -46 070 - 104
Россети Московский регион Московская область 4 745 - 627
г. Москва 3 358 23
Россети Северный Кавказ (ГК) Дагестанская энергосбытовая компания - 111 69
Дагэнерго -7 161 537
Ингушэнерго -1 584 122
Каббалкэнерго -2 966 50
Карачаево-Черкесскэнерго -1 924 0
Севкавказэнерго -3 380 144
Ставропольэнерго -9 375 - 200
Россети Северо-Запад Архангельский филиал 80 -86
Вологодский филиал 264 2
Карельский филиал -67 185
Мурманский филиал 111 57
Новгородский филиал 216 -48
Псковский филиал 161 -20
филиал в Республике Коми -16 41
Россети Сибирь (ГК) Алтайэнерго - 545 222
Бурятэнерго - 123 303
ГАЭС 131 -17
Красноярскэнерго 1 233 - 537
Кузбассэнерго-РЭС - 406 827
Омскэнерго 182 -85
Хакасэнерго 371 - 399
Читаэнерго -47 162
Россети Томск Томская распределительная компания -7 417 - 135
Россети Тюмень Россети Тюмень -73 665 - 565
Россети Урал (ГК) Пермэнерго 631 - 215
Свердловэнерго 891 277
Челябэнерго 1 051 - 680
Россети ФСК ЕЭС Итого по ФСК ЕЭС -18 111 -6 233
Россети Центр Белгородэнерго 321 125
Брянскэнерго -5 112 27
Воронежэнерго -13 856 181
Костромаэнерго 102 -4
Курскэнерго -2 444 151
Липецкэнерго 805 - 346
Орелэнерго -4 049 -34
Смоленскэнерго -7 617 42
Тамбовэнерго -5 959 -2
Тверьэнерго - 740 57
Ярэнерго -6 294 65
Россети Центр и Приволжье (ГК) Владимирэнерго 562 52
Ивэнерго 195 55
Калугаэнерго 625 -50
Кировэнерго 464 20
Мариэнерго 173 23
Нижновэнерго 751 319
Рязаньэнерго 246 50
Тулэнерго 791 - 235
Удмуртэнерго 362 13
Россети Юг (ГК) АО «ВМЭС» -3 789 51
Астраханьэнерго -5 702 100
Волгоградэнерго -9 960 - 352
Калмэнерго -1 662 -3
Ростовэнерго -20 264 66
Россети Янтарь Россети Янтарь 360 -42'

09-12-2024T09:41:05 - [TEST_STEP][PASSED] - n = n + 24: null

09-12-2024T09:41:05 - [TEST_STEP][PASSED] - Script1686231490255.WriteToExcel(user, dashboardName, n, data, run, a1, a2, a3, a4, a5, a6, a7, a8, a9): null

09-12-2024T09:41:05 - [TEST_STEP][PASSED] - sheetName = "Sheet1": null

09-12-2024T09:41:05 - [TEST_STEP][PASSED] - workbook01 = getWorkbook(excelFilePath): null

09-12-2024T09:41:05 - [TEST_STEP][PASSED] - sheet01 = getExcelSheet(workbook01, sheetName): null

09-12-2024T09:41:05 - [TEST_STEP][PASSED] - setValueToCellByIndex(sheet01, n, 0, dashboardName): null

09-12-2024T09:41:05 - [TEST_STEP][PASSED] - setValueToCellByIndex(sheet01, n, 10, user): null

09-12-2024T09:41:05 - [TEST_STEP][PASSED] - setValueToCellByIndex(sheet01, n, 1, a1): null

09-12-2024T09:41:05 - [TEST_STEP][PASSED] - setValueToCellByIndex(sheet01, n, 2, a2): null

09-12-2024T09:41:05 - [TEST_STEP][PASSED] - setValueToCellByIndex(sheet01, n, 3, a3): null

09-12-2024T09:41:05 - [TEST_STEP][PASSED] - setValueToCellByIndex(sheet01, n, 4, a4): null

09-12-2024T09:41:05 - [TEST_STEP][PASSED] - setValueToCellByIndex(sheet01, n, 5, a5): null

09-12-2024T09:41:05 - [TEST_STEP][PASSED] - setValueToCellByIndex(sheet01, n, 6, a6): null

09-12-2024T09:41:05 - [TEST_STEP][PASSED] - setValueToCellByIndex(sheet01, n, 7, a7): null

09-12-2024T09:41:05 - [TEST_STEP][PASSED] - setValueToCellByIndex(sheet01, n, 8, a8): null

09-12-2024T09:41:05 - [TEST_STEP][PASSED] - setValueToCellByIndex(sheet01, n, 9, a9): null

09-12-2024T09:41:05 - [TEST_STEP][PASSED] - n = n + 1: null

09-12-2024T09:41:05 - [TEST_STEP][PASSED] - saveWorkbook(excelFilePath, workbook01): null

09-12-2024T09:41:05 - [TEST_STEP][PASSED] - if (run == 2): null

09-12-2024T09:41:05 - [TEST_STEP][PASSED] - if (run == 3): null

09-12-2024T09:41:05 - [TEST_STEP][PASSED] - closeBrowser(): null

09-12-2024T09:41:06 - [MESSAGE][PASSED] - Browser is closed

09-12-2024T09:41:06 - [TEST_STEP][PASSED] - FaktorniyAnaliz(user, dashboardName, n, data, run, a1, a2, a3, a4, a5, a6, a7, a8, a9, urlData): null

09-12-2024T09:41:06 - [TEST_STEP][PASSED] - n = data.getRowNumbers() + 1: null

09-12-2024T09:41:06 - [TEST_STEP][PASSED] - println(n): null

09-12-2024T09:41:06 - [TEST_STEP][PASSED] - dashboardName = "Факторный анализ": null

09-12-2024T09:41:06 - [TEST_STEP][PASSED] - openBrowser(""): Browser is opened with url: ''

09-12-2024T09:41:06 - [MESSAGE][INFO] - Starting 'Chrome' driver

09-12-2024T09:41:06 - [MESSAGE][INFO] - Action delay is set to 0 milliseconds

09-12-2024T09:41:06 - [MESSAGE][PASSED] - Browser is opened with url: ''

09-12-2024T09:41:06 - [TEST_STEP][PASSED] - urlData = 3: null

09-12-2024T09:41:06 - [TEST_STEP][PASSED] - Script1686231490255.CheckPageDownload(urlData, run): null

09-12-2024T09:41:06 - [TEST_STEP][PASSED] - i = 1: null

09-12-2024T09:41:06 - [TEST_STEP][PASSED] - ii = 0: null

09-12-2024T09:41:06 - [TEST_STEP][PASSED] - urlText = <not implemented yet for class: org.codehaus.groovy.ast.expr.EmptyExpression>: null

09-12-2024T09:41:06 - [TEST_STEP][PASSED] - searchWord = <not implemented yet for class: org.codehaus.groovy.ast.expr.EmptyExpression>: null

09-12-2024T09:41:06 - [TEST_STEP][PASSED] - deleteAllCookies(): Delete all cookies successfully

09-12-2024T09:41:06 - [MESSAGE][PASSED] - Delete all cookies successfully

09-12-2024T09:41:06 - [TEST_STEP][PASSED] - refresh(): Refresh successfully

09-12-2024T09:41:06 - [MESSAGE][PASSED] - Refresh successfully

09-12-2024T09:41:06 - [TEST_STEP][PASSED] - delay(65): Delayed 65 second(s)

09-12-2024T09:42:11 - [MESSAGE][PASSED] - Delayed 65 second(s)

09-12-2024T09:42:11 - [TEST_STEP][PASSED] - navigateToUrl(findTestData("PlanFact").getValue(10, urlData)): Navigate to 'https://bi.rosseti.digital/viewer?dashboardGuid=2301950b23be4ed89c1df75f2020051e&sheetGuid=ccd7d7486b3d4e6fa0ee9b1eaebed46c&fit=true' successfully

09-12-2024T09:42:18 - [MESSAGE][PASSED] - Navigate to 'https://bi.rosseti.digital/viewer?dashboardGuid=2301950b23be4ed89c1df75f2020051e&sheetGuid=ccd7d7486b3d4e6fa0ee9b1eaebed46c&fit=true' successfully

09-12-2024T09:42:18 - [TEST_STEP][PASSED] - pageLoaded1 = verifyElementPresent(findTestObject("Страница авторизации/Text"), 30): Object 'Object Repository/Страница авторизации/Text' is present

09-12-2024T09:42:21 - [MESSAGE][PASSED] - Object 'Object Repository/Страница авторизации/Text' is present

09-12-2024T09:42:21 - [TEST_STEP][PASSED] - if (pageLoaded1 == false): null

09-12-2024T09:42:21 - [TEST_STEP][PASSED] - urlText = getText(findTestObject("Страница авторизации/Text")): Text of object 'Object Repository/Страница авторизации/Text' is: 'Вход'

09-12-2024T09:42:22 - [MESSAGE][PASSED] - Text of object 'Object Repository/Страница авторизации/Text' is: 'Вход'

09-12-2024T09:42:22 - [TEST_STEP][PASSED] - delay(65): Delayed 65 second(s)

09-12-2024T09:43:27 - [MESSAGE][PASSED] - Delayed 65 second(s)

09-12-2024T09:43:27 - [TEST_STEP][PASSED] - searchWord = "Вход": null

09-12-2024T09:43:27 - [TEST_STEP][PASSED] - if (urlText.contains(searchWord) == false): null

09-12-2024T09:43:27 - [TEST_STEP][PASSED] - setText(findTestObject("Страница авторизации/input__username"), findTestData("PlanFact").getValue(8, run)): Text 'Andreeva-EV' is set on object 'Object Repository/Страница авторизации/input__username'

09-12-2024T09:43:27 - [MESSAGE][PASSED] - Text 'Andreeva-EV' is set on object 'Object Repository/Страница авторизации/input__username'

09-12-2024T09:43:27 - [TEST_STEP][PASSED] - setText(findTestObject("Страница авторизации/input__password"), findTestData("PlanFact").getValue(9, run)): Text '2nPePKDwCPH3ul7xMZ' is set on object 'Object Repository/Страница авторизации/input__password'

09-12-2024T09:43:28 - [MESSAGE][PASSED] - Text '2nPePKDwCPH3ul7xMZ' is set on object 'Object Repository/Страница авторизации/input__password'

09-12-2024T09:43:28 - [TEST_STEP][PASSED] - click(findTestObject("Страница авторизации/button_")): Object: 'Object Repository/Страница авторизации/button_' is clicked on

09-12-2024T09:43:32 - [MESSAGE][PASSED] - Object: 'Object Repository/Страница авторизации/button_' is clicked on

09-12-2024T09:43:32 - [TEST_STEP][PASSED] - delay(65): Delayed 65 second(s)

09-12-2024T09:44:37 - [MESSAGE][PASSED] - Delayed 65 second(s)

09-12-2024T09:44:37 - [TEST_STEP][PASSED] - searchWord = "а": null

09-12-2024T09:44:37 - [TEST_STEP][PASSED] - pageLoaded2 = verifyElementPresent(findTestObject("Страница авторизации/Text"), 50): Object 'Object Repository/Страница авторизации/Text' is present

09-12-2024T09:44:37 - [MESSAGE][PASSED] - Object 'Object Repository/Страница авторизации/Text' is present

09-12-2024T09:44:37 - [TEST_STEP][PASSED] - if (pageLoaded2 == false): null

09-12-2024T09:44:37 - [TEST_STEP][PASSED] - urlText = getText(findTestObject("Страница авторизации/Text")): Text of object 'Object Repository/Страница авторизации/Text' is: ''

09-12-2024T09:44:38 - [MESSAGE][PASSED] - Text of object 'Object Repository/Страница авторизации/Text' is: ''

09-12-2024T09:44:38 - [TEST_STEP][PASSED] - if (urlText.contains("ошибка") || urlText.contains(searchWord) == false): Text of object 'Object Repository/Страница авторизации/Text' is: 'Период
1, 2, 3 кв., Октябрь 2024 года
ДЗО 
Все
Подписи данных
Итого отклонения по группе компаний: - 404 755 млн.руб.
Филиал
Месяц
Факторный анализ
Всего отклонения по факторам по ПАО Россети за 1, 2, 3 кв., Октябрь 2024 года
ДЗО
Филиал
Отклонение (объём услуг)
Отклонение (средний тариф)
АО «Тываэнерго» АО "Тываэнерго" 375 -75
АО «Чеченэнерго» АО «Чеченэнерго» -3 688 26
Россети Волга Мордовэнерго -3 164 -87
Оренбургэнерго -12 384 - 140
Пензаэнерго -7 568 -65
Самарские РС -14 726 -1 123
Саратовские РС -14 917 - 495
Ульяновские РС -5 446 - 209
Чувашэнерго -4 717 137
Россети Кубань Кубаньэнерго -58 965 411
Россети Ленэнерго (ГК) Ленинградская область -33 086 831
г. Санкт-Петербург -46 070 - 104
Россети Московский регион Московская область 4 745 - 627
г. Москва 3 358 23
Россети Северный Кавказ (ГК) Дагестанская энергосбытовая компания - 111 69
Дагэнерго -7 161 537
Ингушэнерго -1 584 122
Каббалкэнерго -2 966 50
Карачаево-Черкесскэнерго -1 924 0
Севкавказэнерго -3 380 144
Ставропольэнерго -9 375 - 200
Россети Северо-Запад Архангельский филиал 80 -86
Вологодский филиал 264 2
Карельский филиал -67 185
Мурманский филиал 111 57
Новгородский филиал 216 -48
Псковский филиал 161 -20
филиал в Республике Коми -16 41
Россети Сибирь (ГК) Алтайэнерго - 545 222
Бурятэнерго - 123 303
ГАЭС 131 -17
Красноярскэнерго 1 233 - 537
Кузбассэнерго-РЭС - 406 827
Омскэнерго 182 -85
Хакасэнерго 371 - 399
Читаэнерго -47 162
Россети Томск Томская распределительная компания -7 417 - 135
Россети Тюмень Россети Тюмень -73 665 - 565
Россети Урал (ГК) Пермэнерго 631 - 215
Свердловэнерго 891 277
Челябэнерго 1 051 - 680
Россети ФСК ЕЭС Итого по ФСК ЕЭС -18 111 -6 233
Россети Центр Белгородэнерго 321 125
Брянскэнерго -5 112 27
Воронежэнерго -13 856 181
Костромаэнерго 102 -4
Курскэнерго -2 444 151
Липецкэнерго 805 - 346
Орелэнерго -4 049 -34
Смоленскэнерго -7 617 42
Тамбовэнерго -5 959 -2
Тверьэнерго - 740 57
Ярэнерго -6 294 65
Россети Центр и Приволжье (ГК) Владимирэнерго 562 52
Ивэнерго 195 55
Калугаэнерго 625 -50
Кировэнерго 464 20
Мариэнерго 173 23
Нижновэнерго 751 319
Рязаньэнерго 246 50
Тулэнерго 791 - 235
Удмуртэнерго 362 13
Россети Юг (ГК) АО «ВМЭС» -3 789 51
Астраханьэнерго -5 702 100
Волгоградэнерго -9 960 - 352
Калмэнерго -1 662 -3
Ростовэнерго -20 264 66
Россети Янтарь Россети Янтарь 360 -42
Отклонения выручки по факторам по выбранным ДЗО, руб
-399 523-399 523
-7 388-7 388
Отклонение (объём услуг)
Отклонение (средний тариф)
ПАО Россети'

09-12-2024T09:44:38 - [TEST_STEP][PASSED] - for ([urlText.contains(searchWord) == false, i < 10, (ii++)]): Text of object 'Object Repository/Страница авторизации/Text' is: 'Период
1, 2, 3 кв., Октябрь 2024 года
ДЗО 
Все
Подписи данных
Итого отклонения по группе компаний: - 404 755 млн.руб.
Филиал
Месяц
Факторный анализ
Всего отклонения по факторам по ПАО Россети за 1, 2, 3 кв., Октябрь 2024 года
ДЗО
Филиал
Отклонение (объём услуг)
Отклонение (средний тариф)
АО «Тываэнерго» АО "Тываэнерго" 375 -75
АО «Чеченэнерго» АО «Чеченэнерго» -3 688 26
Россети Волга Мордовэнерго -3 164 -87
Оренбургэнерго -12 384 - 140
Пензаэнерго -7 568 -65
Самарские РС -14 726 -1 123
Саратовские РС -14 917 - 495
Ульяновские РС -5 446 - 209
Чувашэнерго -4 717 137
Россети Кубань Кубаньэнерго -58 965 411
Россети Ленэнерго (ГК) Ленинградская область -33 086 831
г. Санкт-Петербург -46 070 - 104
Россети Московский регион Московская область 4 745 - 627
г. Москва 3 358 23
Россети Северный Кавказ (ГК) Дагестанская энергосбытовая компания - 111 69
Дагэнерго -7 161 537
Ингушэнерго -1 584 122
Каббалкэнерго -2 966 50
Карачаево-Черкесскэнерго -1 924 0
Севкавказэнерго -3 380 144
Ставропольэнерго -9 375 - 200
Россети Северо-Запад Архангельский филиал 80 -86
Вологодский филиал 264 2
Карельский филиал -67 185
Мурманский филиал 111 57
Новгородский филиал 216 -48
Псковский филиал 161 -20
филиал в Республике Коми -16 41
Россети Сибирь (ГК) Алтайэнерго - 545 222
Бурятэнерго - 123 303
ГАЭС 131 -17
Красноярскэнерго 1 233 - 537
Кузбассэнерго-РЭС - 406 827
Омскэнерго 182 -85
Хакасэнерго 371 - 399
Читаэнерго -47 162
Россети Томск Томская распределительная компания -7 417 - 135
Россети Тюмень Россети Тюмень -73 665 - 565
Россети Урал (ГК) Пермэнерго 631 - 215
Свердловэнерго 891 277
Челябэнерго 1 051 - 680
Россети ФСК ЕЭС Итого по ФСК ЕЭС -18 111 -6 233
Россети Центр Белгородэнерго 321 125
Брянскэнерго -5 112 27
Воронежэнерго -13 856 181
Костромаэнерго 102 -4
Курскэнерго -2 444 151
Липецкэнерго 805 - 346
Орелэнерго -4 049 -34
Смоленскэнерго -7 617 42
Тамбовэнерго -5 959 -2
Тверьэнерго - 740 57
Ярэнерго -6 294 65
Россети Центр и Приволжье (ГК) Владимирэнерго 562 52
Ивэнерго 195 55
Калугаэнерго 625 -50
Кировэнерго 464 20
Мариэнерго 173 23
Нижновэнерго 751 319
Рязаньэнерго 246 50
Тулэнерго 791 - 235
Удмуртэнерго 362 13
Россети Юг (ГК) АО «ВМЭС» -3 789 51
Астраханьэнерго -5 702 100
Волгоградэнерго -9 960 - 352
Калмэнерго -1 662 -3
Ростовэнерго -20 264 66
Россети Янтарь Россети Янтарь 360 -42
Отклонения выручки по факторам по выбранным ДЗО, руб
-399 523-399 523
-7 388-7 388
Отклонение (объём услуг)
Отклонение (средний тариф)
ПАО Россети'

09-12-2024T09:44:38 - [TEST_STEP][PASSED] - i = i + 1: null

09-12-2024T09:44:38 - [TEST_STEP][PASSED] - refresh(): Refresh successfully

09-12-2024T09:44:38 - [MESSAGE][PASSED] - Refresh successfully

09-12-2024T09:44:38 - [TEST_STEP][PASSED] - delay(65): Delayed 65 second(s)

09-12-2024T09:45:43 - [MESSAGE][PASSED] - Delayed 65 second(s)

09-12-2024T09:45:43 - [TEST_STEP][PASSED] - navigateToUrl(findTestData("PlanFact").getValue(10, urlData)): Navigate to 'https://bi.rosseti.digital/viewer?dashboardGuid=2301950b23be4ed89c1df75f2020051e&sheetGuid=ccd7d7486b3d4e6fa0ee9b1eaebed46c&fit=true' successfully

09-12-2024T09:45:44 - [MESSAGE][PASSED] - Navigate to 'https://bi.rosseti.digital/viewer?dashboardGuid=2301950b23be4ed89c1df75f2020051e&sheetGuid=ccd7d7486b3d4e6fa0ee9b1eaebed46c&fit=true' successfully

09-12-2024T09:45:44 - [TEST_STEP][PASSED] - delay(65): Delayed 65 second(s)

09-12-2024T09:46:49 - [MESSAGE][PASSED] - Delayed 65 second(s)

09-12-2024T09:46:49 - [TEST_STEP][PASSED] - urlText = getText(findTestObject("Страница авторизации/Text")): Text of object 'Object Repository/Страница авторизации/Text' is: 'Период
1, 2, 3 кв., Октябрь 2024 года
ДЗО 
Все
Подписи данных
Итого отклонения по группе компаний: - 404 755 млн.руб.
Филиал
Месяц
Факторный анализ
Всего отклонения по факторам по ПАО Россети за 1, 2, 3 кв., Октябрь 2024 года
ДЗО
Филиал
Отклонение (объём услуг)
Отклонение (средний тариф)
АО «Тываэнерго» АО "Тываэнерго" 375 -75
АО «Чеченэнерго» АО «Чеченэнерго» -3 688 26
Россети Волга Мордовэнерго -3 164 -87
Оренбургэнерго -12 384 - 140
Пензаэнерго -7 568 -65
Самарские РС -14 726 -1 123
Саратовские РС -14 917 - 495
Ульяновские РС -5 446 - 209
Чувашэнерго -4 717 137
Россети Кубань Кубаньэнерго -58 965 411
Россети Ленэнерго (ГК) Ленинградская область -33 086 831
г. Санкт-Петербург -46 070 - 104
Россети Московский регион Московская область 4 745 - 627
г. Москва 3 358 23
Россети Северный Кавказ (ГК) Дагестанская энергосбытовая компания - 111 69
Дагэнерго -7 161 537
Ингушэнерго -1 584 122
Каббалкэнерго -2 966 50
Карачаево-Черкесскэнерго -1 924 0
Севкавказэнерго -3 380 144
Ставропольэнерго -9 375 - 200
Россети Северо-Запад Архангельский филиал 80 -86
Вологодский филиал 264 2
Карельский филиал -67 185
Мурманский филиал 111 57
Новгородский филиал 216 -48
Псковский филиал 161 -20
филиал в Республике Коми -16 41
Россети Сибирь (ГК) Алтайэнерго - 545 222
Бурятэнерго - 123 303
ГАЭС 131 -17
Красноярскэнерго 1 233 - 537
Кузбассэнерго-РЭС - 406 827
Омскэнерго 182 -85
Хакасэнерго 371 - 399
Читаэнерго -47 162
Россети Томск Томская распределительная компания -7 417 - 135
Россети Тюмень Россети Тюмень -73 665 - 565
Россети Урал (ГК) Пермэнерго 631 - 215
Свердловэнерго 891 277
Челябэнерго 1 051 - 680
Россети ФСК ЕЭС Итого по ФСК ЕЭС -18 111 -6 233
Россети Центр Белгородэнерго 321 125
Брянскэнерго -5 112 27
Воронежэнерго -13 856 181
Костромаэнерго 102 -4
Курскэнерго -2 444 151
Липецкэнерго 805 - 346
Орелэнерго -4 049 -34
Смоленскэнерго -7 617 42
Тамбовэнерго -5 959 -2
Тверьэнерго - 740 57
Ярэнерго -6 294 65
Россети Центр и Приволжье (ГК) Владимирэнерго 562 52
Ивэнерго 195 55
Калугаэнерго 625 -50
Кировэнерго 464 20
Мариэнерго 173 23
Нижновэнерго 751 319
Рязаньэнерго 246 50
Тулэнерго 791 - 235
Удмуртэнерго 362 13
Россети Юг (ГК) АО «ВМЭС» -3 789 51
Астраханьэнерго -5 702 100
Волгоградэнерго -9 960 - 352
Калмэнерго -1 662 -3
Ростовэнерго -20 264 66
Россети Янтарь Россети Янтарь 360 -42
Отклонения выручки по факторам по выбранным ДЗО, руб
-399 523-399 523
-7 388-7 388
Отклонение (объём услуг)
Отклонение (средний тариф)
ПАО Россети'

09-12-2024T09:46:50 - [MESSAGE][PASSED] - Text of object 'Object Repository/Страница авторизации/Text' is: 'Период
1, 2, 3 кв., Октябрь 2024 года
ДЗО 
Все
Подписи данных
Итого отклонения по группе компаний: - 404 755 млн.руб.
Филиал
Месяц
Факторный анализ
Всего отклонения по факторам по ПАО Россети за 1, 2, 3 кв., Октябрь 2024 года
ДЗО
Филиал
Отклонение (объём услуг)
Отклонение (средний тариф)
АО «Тываэнерго» АО "Тываэнерго" 375 -75
АО «Чеченэнерго» АО «Чеченэнерго» -3 688 26
Россети Волга Мордовэнерго -3 164 -87
Оренбургэнерго -12 384 - 140
Пензаэнерго -7 568 -65
Самарские РС -14 726 -1 123
Саратовские РС -14 917 - 495
Ульяновские РС -5 446 - 209
Чувашэнерго -4 717 137
Россети Кубань Кубаньэнерго -58 965 411
Россети Ленэнерго (ГК) Ленинградская область -33 086 831
г. Санкт-Петербург -46 070 - 104
Россети Московский регион Московская область 4 745 - 627
г. Москва 3 358 23
Россети Северный Кавказ (ГК) Дагестанская энергосбытовая компания - 111 69
Дагэнерго -7 161 537
Ингушэнерго -1 584 122
Каббалкэнерго -2 966 50
Карачаево-Черкесскэнерго -1 924 0
Севкавказэнерго -3 380 144
Ставропольэнерго -9 375 - 200
Россети Северо-Запад Архангельский филиал 80 -86
Вологодский филиал 264 2
Карельский филиал -67 185
Мурманский филиал 111 57
Новгородский филиал 216 -48
Псковский филиал 161 -20
филиал в Республике Коми -16 41
Россети Сибирь (ГК) Алтайэнерго - 545 222
Бурятэнерго - 123 303
ГАЭС 131 -17
Красноярскэнерго 1 233 - 537
Кузбассэнерго-РЭС - 406 827
Омскэнерго 182 -85
Хакасэнерго 371 - 399
Читаэнерго -47 162
Россети Томск Томская распределительная компания -7 417 - 135
Россети Тюмень Россети Тюмень -73 665 - 565
Россети Урал (ГК) Пермэнерго 631 - 215
Свердловэнерго 891 277
Челябэнерго 1 051 - 680
Россети ФСК ЕЭС Итого по ФСК ЕЭС -18 111 -6 233
Россети Центр Белгородэнерго 321 125
Брянскэнерго -5 112 27
Воронежэнерго -13 856 181
Костромаэнерго 102 -4
Курскэнерго -2 444 151
Липецкэнерго 805 - 346
Орелэнерго -4 049 -34
Смоленскэнерго -7 617 42
Тамбовэнерго -5 959 -2
Тверьэнерго - 740 57
Ярэнерго -6 294 65
Россети Центр и Приволжье (ГК) Владимирэнерго 562 52
Ивэнерго 195 55
Калугаэнерго 625 -50
Кировэнерго 464 20
Мариэнерго 173 23
Нижновэнерго 751 319
Рязаньэнерго 246 50
Тулэнерго 791 - 235
Удмуртэнерго 362 13
Россети Юг (ГК) АО «ВМЭС» -3 789 51
Астраханьэнерго -5 702 100
Волгоградэнерго -9 960 - 352
Калмэнерго -1 662 -3
Ростовэнерго -20 264 66
Россети Янтарь Россети Янтарь 360 -42
Отклонения выручки по факторам по выбранным ДЗО, руб
-399 523-399 523
-7 388-7 388
Отклонение (объём услуг)
Отклонение (средний тариф)
ПАО Россети'

09-12-2024T09:46:50 - [TEST_STEP][PASSED] - i = i + 1: null

09-12-2024T09:46:50 - [TEST_STEP][PASSED] - refresh(): Refresh successfully

09-12-2024T09:46:50 - [MESSAGE][PASSED] - Refresh successfully

09-12-2024T09:46:50 - [TEST_STEP][PASSED] - delay(65): Delayed 65 second(s)

09-12-2024T09:47:55 - [MESSAGE][PASSED] - Delayed 65 second(s)

09-12-2024T09:47:55 - [TEST_STEP][PASSED] - navigateToUrl(findTestData("PlanFact").getValue(10, urlData)): Navigate to 'https://bi.rosseti.digital/viewer?dashboardGuid=2301950b23be4ed89c1df75f2020051e&sheetGuid=ccd7d7486b3d4e6fa0ee9b1eaebed46c&fit=true' successfully

09-12-2024T09:47:56 - [MESSAGE][PASSED] - Navigate to 'https://bi.rosseti.digital/viewer?dashboardGuid=2301950b23be4ed89c1df75f2020051e&sheetGuid=ccd7d7486b3d4e6fa0ee9b1eaebed46c&fit=true' successfully

09-12-2024T09:47:56 - [TEST_STEP][PASSED] - delay(65): Delayed 65 second(s)

09-12-2024T09:49:01 - [MESSAGE][PASSED] - Delayed 65 second(s)

09-12-2024T09:49:01 - [TEST_STEP][PASSED] - urlText = getText(findTestObject("Страница авторизации/Text")): Text of object 'Object Repository/Страница авторизации/Text' is: 'Период
1, 2, 3 кв., Октябрь 2024 года
ДЗО 
Все
Подписи данных
Итого отклонения по группе компаний: - 404 755 млн.руб.
Филиал
Месяц
Факторный анализ
Всего отклонения по факторам по ПАО Россети за 1, 2, 3 кв., Октябрь 2024 года
ДЗО
Филиал
Отклонение (объём услуг)
Отклонение (средний тариф)
АО «Тываэнерго» АО "Тываэнерго" 375 -75
АО «Чеченэнерго» АО «Чеченэнерго» -3 688 26
Россети Волга Мордовэнерго -3 164 -87
Оренбургэнерго -12 384 - 140
Пензаэнерго -7 568 -65
Самарские РС -14 726 -1 123
Саратовские РС -14 917 - 495
Ульяновские РС -5 446 - 209
Чувашэнерго -4 717 137
Россети Кубань Кубаньэнерго -58 965 411
Россети Ленэнерго (ГК) Ленинградская область -33 086 831
г. Санкт-Петербург -46 070 - 104
Россети Московский регион Московская область 4 745 - 627
г. Москва 3 358 23
Россети Северный Кавказ (ГК) Дагестанская энергосбытовая компания - 111 69
Дагэнерго -7 161 537
Ингушэнерго -1 584 122
Каббалкэнерго -2 966 50
Карачаево-Черкесскэнерго -1 924 0
Севкавказэнерго -3 380 144
Ставропольэнерго -9 375 - 200
Россети Северо-Запад Архангельский филиал 80 -86
Вологодский филиал 264 2
Карельский филиал -67 185
Мурманский филиал 111 57
Новгородский филиал 216 -48
Псковский филиал 161 -20
филиал в Республике Коми -16 41
Россети Сибирь (ГК) Алтайэнерго - 545 222
Бурятэнерго - 123 303
ГАЭС 131 -17
Красноярскэнерго 1 233 - 537
Кузбассэнерго-РЭС - 406 827
Омскэнерго 182 -85
Хакасэнерго 371 - 399
Читаэнерго -47 162
Россети Томск Томская распределительная компания -7 417 - 135
Россети Тюмень Россети Тюмень -73 665 - 565
Россети Урал (ГК) Пермэнерго 631 - 215
Свердловэнерго 891 277
Челябэнерго 1 051 - 680
Россети ФСК ЕЭС Итого по ФСК ЕЭС -18 111 -6 233
Россети Центр Белгородэнерго 321 125
Брянскэнерго -5 112 27
Воронежэнерго -13 856 181
Костромаэнерго 102 -4
Курскэнерго -2 444 151
Липецкэнерго 805 - 346
Орелэнерго -4 049 -34
Смоленскэнерго -7 617 42
Тамбовэнерго -5 959 -2
Тверьэнерго - 740 57
Ярэнерго -6 294 65
Россети Центр и Приволжье (ГК) Владимирэнерго 562 52
Ивэнерго 195 55
Калугаэнерго 625 -50
Кировэнерго 464 20
Мариэнерго 173 23
Нижновэнерго 751 319
Рязаньэнерго 246 50
Тулэнерго 791 - 235
Удмуртэнерго 362 13
Россети Юг (ГК) АО «ВМЭС» -3 789 51
Астраханьэнерго -5 702 100
Волгоградэнерго -9 960 - 352
Калмэнерго -1 662 -3
Ростовэнерго -20 264 66
Россети Янтарь Россети Янтарь 360 -42
Отклонения выручки по факторам по выбранным ДЗО, руб
-399 523-399 523
-7 388-7 388
Отклонение (объём услуг)
Отклонение (средний тариф)
ПАО Россети'

09-12-2024T09:49:02 - [MESSAGE][PASSED] - Text of object 'Object Repository/Страница авторизации/Text' is: 'Период
1, 2, 3 кв., Октябрь 2024 года
ДЗО 
Все
Подписи данных
Итого отклонения по группе компаний: - 404 755 млн.руб.
Филиал
Месяц
Факторный анализ
Всего отклонения по факторам по ПАО Россети за 1, 2, 3 кв., Октябрь 2024 года
ДЗО
Филиал
Отклонение (объём услуг)
Отклонение (средний тариф)
АО «Тываэнерго» АО "Тываэнерго" 375 -75
АО «Чеченэнерго» АО «Чеченэнерго» -3 688 26
Россети Волга Мордовэнерго -3 164 -87
Оренбургэнерго -12 384 - 140
Пензаэнерго -7 568 -65
Самарские РС -14 726 -1 123
Саратовские РС -14 917 - 495
Ульяновские РС -5 446 - 209
Чувашэнерго -4 717 137
Россети Кубань Кубаньэнерго -58 965 411
Россети Ленэнерго (ГК) Ленинградская область -33 086 831
г. Санкт-Петербург -46 070 - 104
Россети Московский регион Московская область 4 745 - 627
г. Москва 3 358 23
Россети Северный Кавказ (ГК) Дагестанская энергосбытовая компания - 111 69
Дагэнерго -7 161 537
Ингушэнерго -1 584 122
Каббалкэнерго -2 966 50
Карачаево-Черкесскэнерго -1 924 0
Севкавказэнерго -3 380 144
Ставропольэнерго -9 375 - 200
Россети Северо-Запад Архангельский филиал 80 -86
Вологодский филиал 264 2
Карельский филиал -67 185
Мурманский филиал 111 57
Новгородский филиал 216 -48
Псковский филиал 161 -20
филиал в Республике Коми -16 41
Россети Сибирь (ГК) Алтайэнерго - 545 222
Бурятэнерго - 123 303
ГАЭС 131 -17
Красноярскэнерго 1 233 - 537
Кузбассэнерго-РЭС - 406 827
Омскэнерго 182 -85
Хакасэнерго 371 - 399
Читаэнерго -47 162
Россети Томск Томская распределительная компания -7 417 - 135
Россети Тюмень Россети Тюмень -73 665 - 565
Россети Урал (ГК) Пермэнерго 631 - 215
Свердловэнерго 891 277
Челябэнерго 1 051 - 680
Россети ФСК ЕЭС Итого по ФСК ЕЭС -18 111 -6 233
Россети Центр Белгородэнерго 321 125
Брянскэнерго -5 112 27
Воронежэнерго -13 856 181
Костромаэнерго 102 -4
Курскэнерго -2 444 151
Липецкэнерго 805 - 346
Орелэнерго -4 049 -34
Смоленскэнерго -7 617 42
Тамбовэнерго -5 959 -2
Тверьэнерго - 740 57
Ярэнерго -6 294 65
Россети Центр и Приволжье (ГК) Владимирэнерго 562 52
Ивэнерго 195 55
Калугаэнерго 625 -50
Кировэнерго 464 20
Мариэнерго 173 23
Нижновэнерго 751 319
Рязаньэнерго 246 50
Тулэнерго 791 - 235
Удмуртэнерго 362 13
Россети Юг (ГК) АО «ВМЭС» -3 789 51
Астраханьэнерго -5 702 100
Волгоградэнерго -9 960 - 352
Калмэнерго -1 662 -3
Ростовэнерго -20 264 66
Россети Янтарь Россети Янтарь 360 -42
Отклонения выручки по факторам по выбранным ДЗО, руб
-399 523-399 523
-7 388-7 388
Отклонение (объём услуг)
Отклонение (средний тариф)
ПАО Россети'

09-12-2024T09:49:02 - [TEST_STEP][PASSED] - i = i + 1: null

09-12-2024T09:49:02 - [TEST_STEP][PASSED] - refresh(): Refresh successfully

09-12-2024T09:49:03 - [MESSAGE][PASSED] - Refresh successfully

09-12-2024T09:49:03 - [TEST_STEP][PASSED] - delay(65): Delayed 65 second(s)

09-12-2024T09:50:08 - [MESSAGE][PASSED] - Delayed 65 second(s)

09-12-2024T09:50:08 - [TEST_STEP][PASSED] - navigateToUrl(findTestData("PlanFact").getValue(10, urlData)): Navigate to 'https://bi.rosseti.digital/viewer?dashboardGuid=2301950b23be4ed89c1df75f2020051e&sheetGuid=ccd7d7486b3d4e6fa0ee9b1eaebed46c&fit=true' successfully

09-12-2024T09:50:09 - [MESSAGE][PASSED] - Navigate to 'https://bi.rosseti.digital/viewer?dashboardGuid=2301950b23be4ed89c1df75f2020051e&sheetGuid=ccd7d7486b3d4e6fa0ee9b1eaebed46c&fit=true' successfully

09-12-2024T09:50:09 - [TEST_STEP][PASSED] - delay(65): Delayed 65 second(s)

09-12-2024T09:51:14 - [MESSAGE][PASSED] - Delayed 65 second(s)

09-12-2024T09:51:14 - [TEST_STEP][PASSED] - urlText = getText(findTestObject("Страница авторизации/Text")): Text of object 'Object Repository/Страница авторизации/Text' is: 'Период
1, 2, 3 кв., Октябрь 2024 года
ДЗО 
Все
Подписи данных
Итого отклонения по группе компаний: - 404 755 млн.руб.
Филиал
Месяц
Факторный анализ
Всего отклонения по факторам по ПАО Россети за 1, 2, 3 кв., Октябрь 2024 года
ДЗО
Филиал
Отклонение (объём услуг)
Отклонение (средний тариф)
АО «Тываэнерго» АО "Тываэнерго" 375 -75
АО «Чеченэнерго» АО «Чеченэнерго» -3 688 26
Россети Волга Мордовэнерго -3 164 -87
Оренбургэнерго -12 384 - 140
Пензаэнерго -7 568 -65
Самарские РС -14 726 -1 123
Саратовские РС -14 917 - 495
Ульяновские РС -5 446 - 209
Чувашэнерго -4 717 137
Россети Кубань Кубаньэнерго -58 965 411
Россети Ленэнерго (ГК) Ленинградская область -33 086 831
г. Санкт-Петербург -46 070 - 104
Россети Московский регион Московская область 4 745 - 627
г. Москва 3 358 23
Россети Северный Кавказ (ГК) Дагестанская энергосбытовая компания - 111 69
Дагэнерго -7 161 537
Ингушэнерго -1 584 122
Каббалкэнерго -2 966 50
Карачаево-Черкесскэнерго -1 924 0
Севкавказэнерго -3 380 144
Ставропольэнерго -9 375 - 200
Россети Северо-Запад Архангельский филиал 80 -86
Вологодский филиал 264 2
Карельский филиал -67 185
Мурманский филиал 111 57
Новгородский филиал 216 -48
Псковский филиал 161 -20
филиал в Республике Коми -16 41
Россети Сибирь (ГК) Алтайэнерго - 545 222
Бурятэнерго - 123 303
ГАЭС 131 -17
Красноярскэнерго 1 233 - 537
Кузбассэнерго-РЭС - 406 827
Омскэнерго 182 -85
Хакасэнерго 371 - 399
Читаэнерго -47 162
Россети Томск Томская распределительная компания -7 417 - 135
Россети Тюмень Россети Тюмень -73 665 - 565
Россети Урал (ГК) Пермэнерго 631 - 215
Свердловэнерго 891 277
Челябэнерго 1 051 - 680
Россети ФСК ЕЭС Итого по ФСК ЕЭС -18 111 -6 233
Россети Центр Белгородэнерго 321 125
Брянскэнерго -5 112 27
Воронежэнерго -13 856 181
Костромаэнерго 102 -4
Курскэнерго -2 444 151
Липецкэнерго 805 - 346
Орелэнерго -4 049 -34
Смоленскэнерго -7 617 42
Тамбовэнерго -5 959 -2
Тверьэнерго - 740 57
Ярэнерго -6 294 65
Россети Центр и Приволжье (ГК) Владимирэнерго 562 52
Ивэнерго 195 55
Калугаэнерго 625 -50
Кировэнерго 464 20
Мариэнерго 173 23
Нижновэнерго 751 319
Рязаньэнерго 246 50
Тулэнерго 791 - 235
Удмуртэнерго 362 13
Россети Юг (ГК) АО «ВМЭС» -3 789 51
Астраханьэнерго -5 702 100
Волгоградэнерго -9 960 - 352
Калмэнерго -1 662 -3
Ростовэнерго -20 264 66
Россети Янтарь Россети Янтарь 360 -42
Отклонения выручки по факторам по выбранным ДЗО, руб
-399 523-399 523
-7 388-7 388
Отклонение (объём услуг)
Отклонение (средний тариф)
ПАО Россети'

09-12-2024T09:51:15 - [MESSAGE][PASSED] - Text of object 'Object Repository/Страница авторизации/Text' is: 'Период
1, 2, 3 кв., Октябрь 2024 года
ДЗО 
Все
Подписи данных
Итого отклонения по группе компаний: - 404 755 млн.руб.
Филиал
Месяц
Факторный анализ
Всего отклонения по факторам по ПАО Россети за 1, 2, 3 кв., Октябрь 2024 года
ДЗО
Филиал
Отклонение (объём услуг)
Отклонение (средний тариф)
АО «Тываэнерго» АО "Тываэнерго" 375 -75
АО «Чеченэнерго» АО «Чеченэнерго» -3 688 26
Россети Волга Мордовэнерго -3 164 -87
Оренбургэнерго -12 384 - 140
Пензаэнерго -7 568 -65
Самарские РС -14 726 -1 123
Саратовские РС -14 917 - 495
Ульяновские РС -5 446 - 209
Чувашэнерго -4 717 137
Россети Кубань Кубаньэнерго -58 965 411
Россети Ленэнерго (ГК) Ленинградская область -33 086 831
г. Санкт-Петербург -46 070 - 104
Россети Московский регион Московская область 4 745 - 627
г. Москва 3 358 23
Россети Северный Кавказ (ГК) Дагестанская энергосбытовая компания - 111 69
Дагэнерго -7 161 537
Ингушэнерго -1 584 122
Каббалкэнерго -2 966 50
Карачаево-Черкесскэнерго -1 924 0
Севкавказэнерго -3 380 144
Ставропольэнерго -9 375 - 200
Россети Северо-Запад Архангельский филиал 80 -86
Вологодский филиал 264 2
Карельский филиал -67 185
Мурманский филиал 111 57
Новгородский филиал 216 -48
Псковский филиал 161 -20
филиал в Республике Коми -16 41
Россети Сибирь (ГК) Алтайэнерго - 545 222
Бурятэнерго - 123 303
ГАЭС 131 -17
Красноярскэнерго 1 233 - 537
Кузбассэнерго-РЭС - 406 827
Омскэнерго 182 -85
Хакасэнерго 371 - 399
Читаэнерго -47 162
Россети Томск Томская распределительная компания -7 417 - 135
Россети Тюмень Россети Тюмень -73 665 - 565
Россети Урал (ГК) Пермэнерго 631 - 215
Свердловэнерго 891 277
Челябэнерго 1 051 - 680
Россети ФСК ЕЭС Итого по ФСК ЕЭС -18 111 -6 233
Россети Центр Белгородэнерго 321 125
Брянскэнерго -5 112 27
Воронежэнерго -13 856 181
Костромаэнерго 102 -4
Курскэнерго -2 444 151
Липецкэнерго 805 - 346
Орелэнерго -4 049 -34
Смоленскэнерго -7 617 42
Тамбовэнерго -5 959 -2
Тверьэнерго - 740 57
Ярэнерго -6 294 65
Россети Центр и Приволжье (ГК) Владимирэнерго 562 52
Ивэнерго 195 55
Калугаэнерго 625 -50
Кировэнерго 464 20
Мариэнерго 173 23
Нижновэнерго 751 319
Рязаньэнерго 246 50
Тулэнерго 791 - 235
Удмуртэнерго 362 13
Россети Юг (ГК) АО «ВМЭС» -3 789 51
Астраханьэнерго -5 702 100
Волгоградэнерго -9 960 - 352
Калмэнерго -1 662 -3
Ростовэнерго -20 264 66
Россети Янтарь Россети Янтарь 360 -42
Отклонения выручки по факторам по выбранным ДЗО, руб
-399 523-399 523
-7 388-7 388
Отклонение (объём услуг)
Отклонение (средний тариф)
ПАО Россети'

09-12-2024T09:51:15 - [TEST_STEP][PASSED] - i = i + 1: null

09-12-2024T09:51:15 - [TEST_STEP][PASSED] - refresh(): Refresh successfully

09-12-2024T09:51:16 - [MESSAGE][PASSED] - Refresh successfully

09-12-2024T09:51:16 - [TEST_STEP][PASSED] - delay(65): Delayed 65 second(s)

09-12-2024T09:52:21 - [MESSAGE][PASSED] - Delayed 65 second(s)

09-12-2024T09:52:21 - [TEST_STEP][PASSED] - navigateToUrl(findTestData("PlanFact").getValue(10, urlData)): Navigate to 'https://bi.rosseti.digital/viewer?dashboardGuid=2301950b23be4ed89c1df75f2020051e&sheetGuid=ccd7d7486b3d4e6fa0ee9b1eaebed46c&fit=true' successfully

09-12-2024T09:52:22 - [MESSAGE][PASSED] - Navigate to 'https://bi.rosseti.digital/viewer?dashboardGuid=2301950b23be4ed89c1df75f2020051e&sheetGuid=ccd7d7486b3d4e6fa0ee9b1eaebed46c&fit=true' successfully

09-12-2024T09:52:22 - [TEST_STEP][PASSED] - delay(65): Delayed 65 second(s)

09-12-2024T09:53:27 - [MESSAGE][PASSED] - Delayed 65 second(s)

09-12-2024T09:53:27 - [TEST_STEP][PASSED] - urlText = getText(findTestObject("Страница авторизации/Text")): Text of object 'Object Repository/Страница авторизации/Text' is: 'Период
1, 2, 3 кв., Октябрь 2024 года
ДЗО 
Все
Подписи данных
Итого отклонения по группе компаний: - 404 755 млн.руб.
Филиал
Месяц
Факторный анализ
Всего отклонения по факторам по ПАО Россети за 1, 2, 3 кв., Октябрь 2024 года
ДЗО
Филиал
Отклонение (объём услуг)
Отклонение (средний тариф)
АО «Тываэнерго» АО "Тываэнерго" 375 -75
АО «Чеченэнерго» АО «Чеченэнерго» -3 688 26
Россети Волга Мордовэнерго -3 164 -87
Оренбургэнерго -12 384 - 140
Пензаэнерго -7 568 -65
Самарские РС -14 726 -1 123
Саратовские РС -14 917 - 495
Ульяновские РС -5 446 - 209
Чувашэнерго -4 717 137
Россети Кубань Кубаньэнерго -58 965 411
Россети Ленэнерго (ГК) Ленинградская область -33 086 831
г. Санкт-Петербург -46 070 - 104
Россети Московский регион Московская область 4 745 - 627
г. Москва 3 358 23
Россети Северный Кавказ (ГК) Дагестанская энергосбытовая компания - 111 69
Дагэнерго -7 161 537
Ингушэнерго -1 584 122
Каббалкэнерго -2 966 50
Карачаево-Черкесскэнерго -1 924 0
Севкавказэнерго -3 380 144
Ставропольэнерго -9 375 - 200
Россети Северо-Запад Архангельский филиал 80 -86
Вологодский филиал 264 2
Карельский филиал -67 185
Мурманский филиал 111 57
Новгородский филиал 216 -48
Псковский филиал 161 -20
филиал в Республике Коми -16 41
Россети Сибирь (ГК) Алтайэнерго - 545 222
Бурятэнерго - 123 303
ГАЭС 131 -17
Красноярскэнерго 1 233 - 537
Кузбассэнерго-РЭС - 406 827
Омскэнерго 182 -85
Хакасэнерго 371 - 399
Читаэнерго -47 162
Россети Томск Томская распределительная компания -7 417 - 135
Россети Тюмень Россети Тюмень -73 665 - 565
Россети Урал (ГК) Пермэнерго 631 - 215
Свердловэнерго 891 277
Челябэнерго 1 051 - 680
Россети ФСК ЕЭС Итого по ФСК ЕЭС -18 111 -6 233
Россети Центр Белгородэнерго 321 125
Брянскэнерго -5 112 27
Воронежэнерго -13 856 181
Костромаэнерго 102 -4
Курскэнерго -2 444 151
Липецкэнерго 805 - 346
Орелэнерго -4 049 -34
Смоленскэнерго -7 617 42
Тамбовэнерго -5 959 -2
Тверьэнерго - 740 57
Ярэнерго -6 294 65
Россети Центр и Приволжье (ГК) Владимирэнерго 562 52
Ивэнерго 195 55
Калугаэнерго 625 -50
Кировэнерго 464 20
Мариэнерго 173 23
Нижновэнерго 751 319
Рязаньэнерго 246 50
Тулэнерго 791 - 235
Удмуртэнерго 362 13
Россети Юг (ГК) АО «ВМЭС» -3 789 51
Астраханьэнерго -5 702 100
Волгоградэнерго -9 960 - 352
Калмэнерго -1 662 -3
Ростовэнерго -20 264 66
Россети Янтарь Россети Янтарь 360 -42
Отклонения выручки по факторам по выбранным ДЗО, руб
-399 523-399 523
-7 388-7 388
Отклонение (объём услуг)
Отклонение (средний тариф)
ПАО Россети'

09-12-2024T09:53:27 - [MESSAGE][PASSED] - Text of object 'Object Repository/Страница авторизации/Text' is: 'Период
1, 2, 3 кв., Октябрь 2024 года
ДЗО 
Все
Подписи данных
Итого отклонения по группе компаний: - 404 755 млн.руб.
Филиал
Месяц
Факторный анализ
Всего отклонения по факторам по ПАО Россети за 1, 2, 3 кв., Октябрь 2024 года
ДЗО
Филиал
Отклонение (объём услуг)
Отклонение (средний тариф)
АО «Тываэнерго» АО "Тываэнерго" 375 -75
АО «Чеченэнерго» АО «Чеченэнерго» -3 688 26
Россети Волга Мордовэнерго -3 164 -87
Оренбургэнерго -12 384 - 140
Пензаэнерго -7 568 -65
Самарские РС -14 726 -1 123
Саратовские РС -14 917 - 495
Ульяновские РС -5 446 - 209
Чувашэнерго -4 717 137
Россети Кубань Кубаньэнерго -58 965 411
Россети Ленэнерго (ГК) Ленинградская область -33 086 831
г. Санкт-Петербург -46 070 - 104
Россети Московский регион Московская область 4 745 - 627
г. Москва 3 358 23
Россети Северный Кавказ (ГК) Дагестанская энергосбытовая компания - 111 69
Дагэнерго -7 161 537
Ингушэнерго -1 584 122
Каббалкэнерго -2 966 50
Карачаево-Черкесскэнерго -1 924 0
Севкавказэнерго -3 380 144
Ставропольэнерго -9 375 - 200
Россети Северо-Запад Архангельский филиал 80 -86
Вологодский филиал 264 2
Карельский филиал -67 185
Мурманский филиал 111 57
Новгородский филиал 216 -48
Псковский филиал 161 -20
филиал в Республике Коми -16 41
Россети Сибирь (ГК) Алтайэнерго - 545 222
Бурятэнерго - 123 303
ГАЭС 131 -17
Красноярскэнерго 1 233 - 537
Кузбассэнерго-РЭС - 406 827
Омскэнерго 182 -85
Хакасэнерго 371 - 399
Читаэнерго -47 162
Россети Томск Томская распределительная компания -7 417 - 135
Россети Тюмень Россети Тюмень -73 665 - 565
Россети Урал (ГК) Пермэнерго 631 - 215
Свердловэнерго 891 277
Челябэнерго 1 051 - 680
Россети ФСК ЕЭС Итого по ФСК ЕЭС -18 111 -6 233
Россети Центр Белгородэнерго 321 125
Брянскэнерго -5 112 27
Воронежэнерго -13 856 181
Костромаэнерго 102 -4
Курскэнерго -2 444 151
Липецкэнерго 805 - 346
Орелэнерго -4 049 -34
Смоленскэнерго -7 617 42
Тамбовэнерго -5 959 -2
Тверьэнерго - 740 57
Ярэнерго -6 294 65
Россети Центр и Приволжье (ГК) Владимирэнерго 562 52
Ивэнерго 195 55
Калугаэнерго 625 -50
Кировэнерго 464 20
Мариэнерго 173 23
Нижновэнерго 751 319
Рязаньэнерго 246 50
Тулэнерго 791 - 235
Удмуртэнерго 362 13
Россети Юг (ГК) АО «ВМЭС» -3 789 51
Астраханьэнерго -5 702 100
Волгоградэнерго -9 960 - 352
Калмэнерго -1 662 -3
Ростовэнерго -20 264 66
Россети Янтарь Россети Янтарь 360 -42
Отклонения выручки по факторам по выбранным ДЗО, руб
-399 523-399 523
-7 388-7 388
Отклонение (объём услуг)
Отклонение (средний тариф)
ПАО Россети'

09-12-2024T09:53:27 - [TEST_STEP][PASSED] - i = i + 1: null

09-12-2024T09:53:27 - [TEST_STEP][PASSED] - refresh(): Refresh successfully

09-12-2024T09:53:28 - [MESSAGE][PASSED] - Refresh successfully

09-12-2024T09:53:28 - [TEST_STEP][PASSED] - delay(65): Delayed 65 second(s)

09-12-2024T09:54:33 - [MESSAGE][PASSED] - Delayed 65 second(s)

09-12-2024T09:54:33 - [TEST_STEP][PASSED] - navigateToUrl(findTestData("PlanFact").getValue(10, urlData)): Navigate to 'https://bi.rosseti.digital/viewer?dashboardGuid=2301950b23be4ed89c1df75f2020051e&sheetGuid=ccd7d7486b3d4e6fa0ee9b1eaebed46c&fit=true' successfully

09-12-2024T09:54:34 - [MESSAGE][PASSED] - Navigate to 'https://bi.rosseti.digital/viewer?dashboardGuid=2301950b23be4ed89c1df75f2020051e&sheetGuid=ccd7d7486b3d4e6fa0ee9b1eaebed46c&fit=true' successfully

09-12-2024T09:54:34 - [TEST_STEP][PASSED] - delay(65): Delayed 65 second(s)

09-12-2024T09:55:39 - [MESSAGE][PASSED] - Delayed 65 second(s)

09-12-2024T09:55:39 - [TEST_STEP][PASSED] - urlText = getText(findTestObject("Страница авторизации/Text")): Text of object 'Object Repository/Страница авторизации/Text' is: 'Период
1, 2, 3 кв., Октябрь 2024 года
ДЗО 
Все
Подписи данных
Итого отклонения по группе компаний: - 404 755 млн.руб.
Филиал
Месяц
Факторный анализ
Всего отклонения по факторам по ПАО Россети за 1, 2, 3 кв., Октябрь 2024 года
ДЗО
Филиал
Отклонение (объём услуг)
Отклонение (средний тариф)
АО «Тываэнерго» АО "Тываэнерго" 375 -75
АО «Чеченэнерго» АО «Чеченэнерго» -3 688 26
Россети Волга Мордовэнерго -3 164 -87
Оренбургэнерго -12 384 - 140
Пензаэнерго -7 568 -65
Самарские РС -14 726 -1 123
Саратовские РС -14 917 - 495
Ульяновские РС -5 446 - 209
Чувашэнерго -4 717 137
Россети Кубань Кубаньэнерго -58 965 411
Россети Ленэнерго (ГК) Ленинградская область -33 086 831
г. Санкт-Петербург -46 070 - 104
Россети Московский регион Московская область 4 745 - 627
г. Москва 3 358 23
Россети Северный Кавказ (ГК) Дагестанская энергосбытовая компания - 111 69
Дагэнерго -7 161 537
Ингушэнерго -1 584 122
Каббалкэнерго -2 966 50
Карачаево-Черкесскэнерго -1 924 0
Севкавказэнерго -3 380 144
Ставропольэнерго -9 375 - 200
Россети Северо-Запад Архангельский филиал 80 -86
Вологодский филиал 264 2
Карельский филиал -67 185
Мурманский филиал 111 57
Новгородский филиал 216 -48
Псковский филиал 161 -20
филиал в Республике Коми -16 41
Россети Сибирь (ГК) Алтайэнерго - 545 222
Бурятэнерго - 123 303
ГАЭС 131 -17
Красноярскэнерго 1 233 - 537
Кузбассэнерго-РЭС - 406 827
Омскэнерго 182 -85
Хакасэнерго 371 - 399
Читаэнерго -47 162
Россети Томск Томская распределительная компания -7 417 - 135
Россети Тюмень Россети Тюмень -73 665 - 565
Россети Урал (ГК) Пермэнерго 631 - 215
Свердловэнерго 891 277
Челябэнерго 1 051 - 680
Россети ФСК ЕЭС Итого по ФСК ЕЭС -18 111 -6 233
Россети Центр Белгородэнерго 321 125
Брянскэнерго -5 112 27
Воронежэнерго -13 856 181
Костромаэнерго 102 -4
Курскэнерго -2 444 151
Липецкэнерго 805 - 346
Орелэнерго -4 049 -34
Смоленскэнерго -7 617 42
Тамбовэнерго -5 959 -2
Тверьэнерго - 740 57
Ярэнерго -6 294 65
Россети Центр и Приволжье (ГК) Владимирэнерго 562 52
Ивэнерго 195 55
Калугаэнерго 625 -50
Кировэнерго 464 20
Мариэнерго 173 23
Нижновэнерго 751 319
Рязаньэнерго 246 50
Тулэнерго 791 - 235
Удмуртэнерго 362 13
Россети Юг (ГК) АО «ВМЭС» -3 789 51
Астраханьэнерго -5 702 100
Волгоградэнерго -9 960 - 352
Калмэнерго -1 662 -3
Ростовэнерго -20 264 66
Россети Янтарь Россети Янтарь 360 -42
Отклонения выручки по факторам по выбранным ДЗО, руб
-399 523-399 523
-7 388-7 388
Отклонение (объём услуг)
Отклонение (средний тариф)
ПАО Россети'

09-12-2024T09:55:39 - [MESSAGE][PASSED] - Text of object 'Object Repository/Страница авторизации/Text' is: 'Период
1, 2, 3 кв., Октябрь 2024 года
ДЗО 
Все
Подписи данных
Итого отклонения по группе компаний: - 404 755 млн.руб.
Филиал
Месяц
Факторный анализ
Всего отклонения по факторам по ПАО Россети за 1, 2, 3 кв., Октябрь 2024 года
ДЗО
Филиал
Отклонение (объём услуг)
Отклонение (средний тариф)
АО «Тываэнерго» АО "Тываэнерго" 375 -75
АО «Чеченэнерго» АО «Чеченэнерго» -3 688 26
Россети Волга Мордовэнерго -3 164 -87
Оренбургэнерго -12 384 - 140
Пензаэнерго -7 568 -65
Самарские РС -14 726 -1 123
Саратовские РС -14 917 - 495
Ульяновские РС -5 446 - 209
Чувашэнерго -4 717 137
Россети Кубань Кубаньэнерго -58 965 411
Россети Ленэнерго (ГК) Ленинградская область -33 086 831
г. Санкт-Петербург -46 070 - 104
Россети Московский регион Московская область 4 745 - 627
г. Москва 3 358 23
Россети Северный Кавказ (ГК) Дагестанская энергосбытовая компания - 111 69
Дагэнерго -7 161 537
Ингушэнерго -1 584 122
Каббалкэнерго -2 966 50
Карачаево-Черкесскэнерго -1 924 0
Севкавказэнерго -3 380 144
Ставропольэнерго -9 375 - 200
Россети Северо-Запад Архангельский филиал 80 -86
Вологодский филиал 264 2
Карельский филиал -67 185
Мурманский филиал 111 57
Новгородский филиал 216 -48
Псковский филиал 161 -20
филиал в Республике Коми -16 41
Россети Сибирь (ГК) Алтайэнерго - 545 222
Бурятэнерго - 123 303
ГАЭС 131 -17
Красноярскэнерго 1 233 - 537
Кузбассэнерго-РЭС - 406 827
Омскэнерго 182 -85
Хакасэнерго 371 - 399
Читаэнерго -47 162
Россети Томск Томская распределительная компания -7 417 - 135
Россети Тюмень Россети Тюмень -73 665 - 565
Россети Урал (ГК) Пермэнерго 631 - 215
Свердловэнерго 891 277
Челябэнерго 1 051 - 680
Россети ФСК ЕЭС Итого по ФСК ЕЭС -18 111 -6 233
Россети Центр Белгородэнерго 321 125
Брянскэнерго -5 112 27
Воронежэнерго -13 856 181
Костромаэнерго 102 -4
Курскэнерго -2 444 151
Липецкэнерго 805 - 346
Орелэнерго -4 049 -34
Смоленскэнерго -7 617 42
Тамбовэнерго -5 959 -2
Тверьэнерго - 740 57
Ярэнерго -6 294 65
Россети Центр и Приволжье (ГК) Владимирэнерго 562 52
Ивэнерго 195 55
Калугаэнерго 625 -50
Кировэнерго 464 20
Мариэнерго 173 23
Нижновэнерго 751 319
Рязаньэнерго 246 50
Тулэнерго 791 - 235
Удмуртэнерго 362 13
Россети Юг (ГК) АО «ВМЭС» -3 789 51
Астраханьэнерго -5 702 100
Волгоградэнерго -9 960 - 352
Калмэнерго -1 662 -3
Ростовэнерго -20 264 66
Россети Янтарь Россети Янтарь 360 -42
Отклонения выручки по факторам по выбранным ДЗО, руб
-399 523-399 523
-7 388-7 388
Отклонение (объём услуг)
Отклонение (средний тариф)
ПАО Россети'

09-12-2024T09:55:39 - [TEST_STEP][PASSED] - i = i + 1: null

09-12-2024T09:55:39 - [TEST_STEP][PASSED] - refresh(): Refresh successfully

09-12-2024T09:55:40 - [MESSAGE][PASSED] - Refresh successfully

09-12-2024T09:55:40 - [TEST_STEP][PASSED] - delay(65): Delayed 65 second(s)

09-12-2024T09:56:45 - [MESSAGE][PASSED] - Delayed 65 second(s)

09-12-2024T09:56:45 - [TEST_STEP][PASSED] - navigateToUrl(findTestData("PlanFact").getValue(10, urlData)): Navigate to 'https://bi.rosseti.digital/viewer?dashboardGuid=2301950b23be4ed89c1df75f2020051e&sheetGuid=ccd7d7486b3d4e6fa0ee9b1eaebed46c&fit=true' successfully

09-12-2024T09:56:46 - [MESSAGE][PASSED] - Navigate to 'https://bi.rosseti.digital/viewer?dashboardGuid=2301950b23be4ed89c1df75f2020051e&sheetGuid=ccd7d7486b3d4e6fa0ee9b1eaebed46c&fit=true' successfully

09-12-2024T09:56:46 - [TEST_STEP][PASSED] - delay(65): Delayed 65 second(s)

09-12-2024T09:57:51 - [MESSAGE][PASSED] - Delayed 65 second(s)

09-12-2024T09:57:51 - [TEST_STEP][PASSED] - urlText = getText(findTestObject("Страница авторизации/Text")): Text of object 'Object Repository/Страница авторизации/Text' is: 'Период
1, 2, 3 кв., Октябрь 2024 года
ДЗО 
Все
Подписи данных
Итого отклонения по группе компаний: - 404 755 млн.руб.
Филиал
Месяц
Факторный анализ
Всего отклонения по факторам по ПАО Россети за 1, 2, 3 кв., Октябрь 2024 года
ДЗО
Филиал
Отклонение (объём услуг)
Отклонение (средний тариф)
АО «Тываэнерго» АО "Тываэнерго" 375 -75
АО «Чеченэнерго» АО «Чеченэнерго» -3 688 26
Россети Волга Мордовэнерго -3 164 -87
Оренбургэнерго -12 384 - 140
Пензаэнерго -7 568 -65
Самарские РС -14 726 -1 123
Саратовские РС -14 917 - 495
Ульяновские РС -5 446 - 209
Чувашэнерго -4 717 137
Россети Кубань Кубаньэнерго -58 965 411
Россети Ленэнерго (ГК) Ленинградская область -33 086 831
г. Санкт-Петербург -46 070 - 104
Россети Московский регион Московская область 4 745 - 627
г. Москва 3 358 23
Россети Северный Кавказ (ГК) Дагестанская энергосбытовая компания - 111 69
Дагэнерго -7 161 537
Ингушэнерго -1 584 122
Каббалкэнерго -2 966 50
Карачаево-Черкесскэнерго -1 924 0
Севкавказэнерго -3 380 144
Ставропольэнерго -9 375 - 200
Россети Северо-Запад Архангельский филиал 80 -86
Вологодский филиал 264 2
Карельский филиал -67 185
Мурманский филиал 111 57
Новгородский филиал 216 -48
Псковский филиал 161 -20
филиал в Республике Коми -16 41
Россети Сибирь (ГК) Алтайэнерго - 545 222
Бурятэнерго - 123 303
ГАЭС 131 -17
Красноярскэнерго 1 233 - 537
Кузбассэнерго-РЭС - 406 827
Омскэнерго 182 -85
Хакасэнерго 371 - 399
Читаэнерго -47 162
Россети Томск Томская распределительная компания -7 417 - 135
Россети Тюмень Россети Тюмень -73 665 - 565
Россети Урал (ГК) Пермэнерго 631 - 215
Свердловэнерго 891 277
Челябэнерго 1 051 - 680
Россети ФСК ЕЭС Итого по ФСК ЕЭС -18 111 -6 233
Россети Центр Белгородэнерго 321 125
Брянскэнерго -5 112 27
Воронежэнерго -13 856 181
Костромаэнерго 102 -4
Курскэнерго -2 444 151
Липецкэнерго 805 - 346
Орелэнерго -4 049 -34
Смоленскэнерго -7 617 42
Тамбовэнерго -5 959 -2
Тверьэнерго - 740 57
Ярэнерго -6 294 65
Россети Центр и Приволжье (ГК) Владимирэнерго 562 52
Ивэнерго 195 55
Калугаэнерго 625 -50
Кировэнерго 464 20
Мариэнерго 173 23
Нижновэнерго 751 319
Рязаньэнерго 246 50
Тулэнерго 791 - 235
Удмуртэнерго 362 13
Россети Юг (ГК) АО «ВМЭС» -3 789 51
Астраханьэнерго -5 702 100
Волгоградэнерго -9 960 - 352
Калмэнерго -1 662 -3
Ростовэнерго -20 264 66
Россети Янтарь Россети Янтарь 360 -42
Отклонения выручки по факторам по выбранным ДЗО, руб
-399 523-399 523
-7 388-7 388
Отклонение (объём услуг)
Отклонение (средний тариф)
ПАО Россети'

09-12-2024T09:57:51 - [MESSAGE][PASSED] - Text of object 'Object Repository/Страница авторизации/Text' is: 'Период
1, 2, 3 кв., Октябрь 2024 года
ДЗО 
Все
Подписи данных
Итого отклонения по группе компаний: - 404 755 млн.руб.
Филиал
Месяц
Факторный анализ
Всего отклонения по факторам по ПАО Россети за 1, 2, 3 кв., Октябрь 2024 года
ДЗО
Филиал
Отклонение (объём услуг)
Отклонение (средний тариф)
АО «Тываэнерго» АО "Тываэнерго" 375 -75
АО «Чеченэнерго» АО «Чеченэнерго» -3 688 26
Россети Волга Мордовэнерго -3 164 -87
Оренбургэнерго -12 384 - 140
Пензаэнерго -7 568 -65
Самарские РС -14 726 -1 123
Саратовские РС -14 917 - 495
Ульяновские РС -5 446 - 209
Чувашэнерго -4 717 137
Россети Кубань Кубаньэнерго -58 965 411
Россети Ленэнерго (ГК) Ленинградская область -33 086 831
г. Санкт-Петербург -46 070 - 104
Россети Московский регион Московская область 4 745 - 627
г. Москва 3 358 23
Россети Северный Кавказ (ГК) Дагестанская энергосбытовая компания - 111 69
Дагэнерго -7 161 537
Ингушэнерго -1 584 122
Каббалкэнерго -2 966 50
Карачаево-Черкесскэнерго -1 924 0
Севкавказэнерго -3 380 144
Ставропольэнерго -9 375 - 200
Россети Северо-Запад Архангельский филиал 80 -86
Вологодский филиал 264 2
Карельский филиал -67 185
Мурманский филиал 111 57
Новгородский филиал 216 -48
Псковский филиал 161 -20
филиал в Республике Коми -16 41
Россети Сибирь (ГК) Алтайэнерго - 545 222
Бурятэнерго - 123 303
ГАЭС 131 -17
Красноярскэнерго 1 233 - 537
Кузбассэнерго-РЭС - 406 827
Омскэнерго 182 -85
Хакасэнерго 371 - 399
Читаэнерго -47 162
Россети Томск Томская распределительная компания -7 417 - 135
Россети Тюмень Россети Тюмень -73 665 - 565
Россети Урал (ГК) Пермэнерго 631 - 215
Свердловэнерго 891 277
Челябэнерго 1 051 - 680
Россети ФСК ЕЭС Итого по ФСК ЕЭС -18 111 -6 233
Россети Центр Белгородэнерго 321 125
Брянскэнерго -5 112 27
Воронежэнерго -13 856 181
Костромаэнерго 102 -4
Курскэнерго -2 444 151
Липецкэнерго 805 - 346
Орелэнерго -4 049 -34
Смоленскэнерго -7 617 42
Тамбовэнерго -5 959 -2
Тверьэнерго - 740 57
Ярэнерго -6 294 65
Россети Центр и Приволжье (ГК) Владимирэнерго 562 52
Ивэнерго 195 55
Калугаэнерго 625 -50
Кировэнерго 464 20
Мариэнерго 173 23
Нижновэнерго 751 319
Рязаньэнерго 246 50
Тулэнерго 791 - 235
Удмуртэнерго 362 13
Россети Юг (ГК) АО «ВМЭС» -3 789 51
Астраханьэнерго -5 702 100
Волгоградэнерго -9 960 - 352
Калмэнерго -1 662 -3
Ростовэнерго -20 264 66
Россети Янтарь Россети Янтарь 360 -42
Отклонения выручки по факторам по выбранным ДЗО, руб
-399 523-399 523
-7 388-7 388
Отклонение (объём услуг)
Отклонение (средний тариф)
ПАО Россети'

09-12-2024T09:57:51 - [TEST_STEP][PASSED] - i = i + 1: null

09-12-2024T09:57:51 - [TEST_STEP][PASSED] - refresh(): Refresh successfully

09-12-2024T09:57:52 - [MESSAGE][PASSED] - Refresh successfully

09-12-2024T09:57:52 - [TEST_STEP][PASSED] - delay(65): Delayed 65 second(s)

09-12-2024T09:58:57 - [MESSAGE][PASSED] - Delayed 65 second(s)

09-12-2024T09:58:57 - [TEST_STEP][PASSED] - navigateToUrl(findTestData("PlanFact").getValue(10, urlData)): Navigate to 'https://bi.rosseti.digital/viewer?dashboardGuid=2301950b23be4ed89c1df75f2020051e&sheetGuid=ccd7d7486b3d4e6fa0ee9b1eaebed46c&fit=true' successfully

09-12-2024T09:58:58 - [MESSAGE][PASSED] - Navigate to 'https://bi.rosseti.digital/viewer?dashboardGuid=2301950b23be4ed89c1df75f2020051e&sheetGuid=ccd7d7486b3d4e6fa0ee9b1eaebed46c&fit=true' successfully

09-12-2024T09:58:58 - [TEST_STEP][PASSED] - delay(65): Delayed 65 second(s)

09-12-2024T10:00:03 - [MESSAGE][PASSED] - Delayed 65 second(s)

09-12-2024T10:00:03 - [TEST_STEP][PASSED] - urlText = getText(findTestObject("Страница авторизации/Text")): Text of object 'Object Repository/Страница авторизации/Text' is: 'Период
1, 2, 3 кв., Октябрь 2024 года
ДЗО 
Все
Подписи данных
Итого отклонения по группе компаний: - 404 755 млн.руб.
Филиал
Месяц
Факторный анализ
Всего отклонения по факторам по ПАО Россети за 1, 2, 3 кв., Октябрь 2024 года
ДЗО
Филиал
Отклонение (объём услуг)
Отклонение (средний тариф)
АО «Тываэнерго» АО "Тываэнерго" 375 -75
АО «Чеченэнерго» АО «Чеченэнерго» -3 688 26
Россети Волга Мордовэнерго -3 164 -87
Оренбургэнерго -12 384 - 140
Пензаэнерго -7 568 -65
Самарские РС -14 726 -1 123
Саратовские РС -14 917 - 495
Ульяновские РС -5 446 - 209
Чувашэнерго -4 717 137
Россети Кубань Кубаньэнерго -58 965 411
Россети Ленэнерго (ГК) Ленинградская область -33 086 831
г. Санкт-Петербург -46 070 - 104
Россети Московский регион Московская область 4 745 - 627
г. Москва 3 358 23
Россети Северный Кавказ (ГК) Дагестанская энергосбытовая компания - 111 69
Дагэнерго -7 161 537
Ингушэнерго -1 584 122
Каббалкэнерго -2 966 50
Карачаево-Черкесскэнерго -1 924 0
Севкавказэнерго -3 380 144
Ставропольэнерго -9 375 - 200
Россети Северо-Запад Архангельский филиал 80 -86
Вологодский филиал 264 2
Карельский филиал -67 185
Мурманский филиал 111 57
Новгородский филиал 216 -48
Псковский филиал 161 -20
филиал в Республике Коми -16 41
Россети Сибирь (ГК) Алтайэнерго - 545 222
Бурятэнерго - 123 303
ГАЭС 131 -17
Красноярскэнерго 1 233 - 537
Кузбассэнерго-РЭС - 406 827
Омскэнерго 182 -85
Хакасэнерго 371 - 399
Читаэнерго -47 162
Россети Томск Томская распределительная компания -7 417 - 135
Россети Тюмень Россети Тюмень -73 665 - 565
Россети Урал (ГК) Пермэнерго 631 - 215
Свердловэнерго 891 277
Челябэнерго 1 051 - 680
Россети ФСК ЕЭС Итого по ФСК ЕЭС -18 111 -6 233
Россети Центр Белгородэнерго 321 125
Брянскэнерго -5 112 27
Воронежэнерго -13 856 181
Костромаэнерго 102 -4
Курскэнерго -2 444 151
Липецкэнерго 805 - 346
Орелэнерго -4 049 -34
Смоленскэнерго -7 617 42
Тамбовэнерго -5 959 -2
Тверьэнерго - 740 57
Ярэнерго -6 294 65
Россети Центр и Приволжье (ГК) Владимирэнерго 562 52
Ивэнерго 195 55
Калугаэнерго 625 -50
Кировэнерго 464 20
Мариэнерго 173 23
Нижновэнерго 751 319
Рязаньэнерго 246 50
Тулэнерго 791 - 235
Удмуртэнерго 362 13
Россети Юг (ГК) АО «ВМЭС» -3 789 51
Астраханьэнерго -5 702 100
Волгоградэнерго -9 960 - 352
Калмэнерго -1 662 -3
Ростовэнерго -20 264 66
Россети Янтарь Россети Янтарь 360 -42
Отклонения выручки по факторам по выбранным ДЗО, руб
-399 523-399 523
-7 388-7 388
Отклонение (объём услуг)
Отклонение (средний тариф)
ПАО Россети'

09-12-2024T10:00:04 - [MESSAGE][PASSED] - Text of object 'Object Repository/Страница авторизации/Text' is: 'Период
1, 2, 3 кв., Октябрь 2024 года
ДЗО 
Все
Подписи данных
Итого отклонения по группе компаний: - 404 755 млн.руб.
Филиал
Месяц
Факторный анализ
Всего отклонения по факторам по ПАО Россети за 1, 2, 3 кв., Октябрь 2024 года
ДЗО
Филиал
Отклонение (объём услуг)
Отклонение (средний тариф)
АО «Тываэнерго» АО "Тываэнерго" 375 -75
АО «Чеченэнерго» АО «Чеченэнерго» -3 688 26
Россети Волга Мордовэнерго -3 164 -87
Оренбургэнерго -12 384 - 140
Пензаэнерго -7 568 -65
Самарские РС -14 726 -1 123
Саратовские РС -14 917 - 495
Ульяновские РС -5 446 - 209
Чувашэнерго -4 717 137
Россети Кубань Кубаньэнерго -58 965 411
Россети Ленэнерго (ГК) Ленинградская область -33 086 831
г. Санкт-Петербург -46 070 - 104
Россети Московский регион Московская область 4 745 - 627
г. Москва 3 358 23
Россети Северный Кавказ (ГК) Дагестанская энергосбытовая компания - 111 69
Дагэнерго -7 161 537
Ингушэнерго -1 584 122
Каббалкэнерго -2 966 50
Карачаево-Черкесскэнерго -1 924 0
Севкавказэнерго -3 380 144
Ставропольэнерго -9 375 - 200
Россети Северо-Запад Архангельский филиал 80 -86
Вологодский филиал 264 2
Карельский филиал -67 185
Мурманский филиал 111 57
Новгородский филиал 216 -48
Псковский филиал 161 -20
филиал в Республике Коми -16 41
Россети Сибирь (ГК) Алтайэнерго - 545 222
Бурятэнерго - 123 303
ГАЭС 131 -17
Красноярскэнерго 1 233 - 537
Кузбассэнерго-РЭС - 406 827
Омскэнерго 182 -85
Хакасэнерго 371 - 399
Читаэнерго -47 162
Россети Томск Томская распределительная компания -7 417 - 135
Россети Тюмень Россети Тюмень -73 665 - 565
Россети Урал (ГК) Пермэнерго 631 - 215
Свердловэнерго 891 277
Челябэнерго 1 051 - 680
Россети ФСК ЕЭС Итого по ФСК ЕЭС -18 111 -6 233
Россети Центр Белгородэнерго 321 125
Брянскэнерго -5 112 27
Воронежэнерго -13 856 181
Костромаэнерго 102 -4
Курскэнерго -2 444 151
Липецкэнерго 805 - 346
Орелэнерго -4 049 -34
Смоленскэнерго -7 617 42
Тамбовэнерго -5 959 -2
Тверьэнерго - 740 57
Ярэнерго -6 294 65
Россети Центр и Приволжье (ГК) Владимирэнерго 562 52
Ивэнерго 195 55
Калугаэнерго 625 -50
Кировэнерго 464 20
Мариэнерго 173 23
Нижновэнерго 751 319
Рязаньэнерго 246 50
Тулэнерго 791 - 235
Удмуртэнерго 362 13
Россети Юг (ГК) АО «ВМЭС» -3 789 51
Астраханьэнерго -5 702 100
Волгоградэнерго -9 960 - 352
Калмэнерго -1 662 -3
Ростовэнерго -20 264 66
Россети Янтарь Россети Янтарь 360 -42
Отклонения выручки по факторам по выбранным ДЗО, руб
-399 523-399 523
-7 388-7 388
Отклонение (объём услуг)
Отклонение (средний тариф)
ПАО Россети'

09-12-2024T10:00:04 - [TEST_STEP][PASSED] - i = i + 1: null

09-12-2024T10:00:04 - [TEST_STEP][PASSED] - refresh(): Refresh successfully

09-12-2024T10:00:04 - [MESSAGE][PASSED] - Refresh successfully

09-12-2024T10:00:04 - [TEST_STEP][PASSED] - delay(65): Delayed 65 second(s)

09-12-2024T10:01:09 - [MESSAGE][PASSED] - Delayed 65 second(s)

09-12-2024T10:01:09 - [TEST_STEP][PASSED] - navigateToUrl(findTestData("PlanFact").getValue(10, urlData)): Navigate to 'https://bi.rosseti.digital/viewer?dashboardGuid=2301950b23be4ed89c1df75f2020051e&sheetGuid=ccd7d7486b3d4e6fa0ee9b1eaebed46c&fit=true' successfully

09-12-2024T10:01:10 - [MESSAGE][PASSED] - Navigate to 'https://bi.rosseti.digital/viewer?dashboardGuid=2301950b23be4ed89c1df75f2020051e&sheetGuid=ccd7d7486b3d4e6fa0ee9b1eaebed46c&fit=true' successfully

09-12-2024T10:01:10 - [TEST_STEP][PASSED] - delay(65): Delayed 65 second(s)

09-12-2024T10:02:15 - [MESSAGE][PASSED] - Delayed 65 second(s)

09-12-2024T10:02:15 - [TEST_STEP][PASSED] - urlText = getText(findTestObject("Страница авторизации/Text")): Text of object 'Object Repository/Страница авторизации/Text' is: 'Период
1, 2, 3 кв., Октябрь 2024 года
ДЗО 
Все
Подписи данных
Итого отклонения по группе компаний: - 404 755 млн.руб.
Филиал
Месяц
Факторный анализ
Всего отклонения по факторам по ПАО Россети за 1, 2, 3 кв., Октябрь 2024 года
ДЗО
Филиал
Отклонение (объём услуг)
Отклонение (средний тариф)
АО «Тываэнерго» АО "Тываэнерго" 375 -75
АО «Чеченэнерго» АО «Чеченэнерго» -3 688 26
Россети Волга Мордовэнерго -3 164 -87
Оренбургэнерго -12 384 - 140
Пензаэнерго -7 568 -65
Самарские РС -14 726 -1 123
Саратовские РС -14 917 - 495
Ульяновские РС -5 446 - 209
Чувашэнерго -4 717 137
Россети Кубань Кубаньэнерго -58 965 411
Россети Ленэнерго (ГК) Ленинградская область -33 086 831
г. Санкт-Петербург -46 070 - 104
Россети Московский регион Московская область 4 745 - 627
г. Москва 3 358 23
Россети Северный Кавказ (ГК) Дагестанская энергосбытовая компания - 111 69
Дагэнерго -7 161 537
Ингушэнерго -1 584 122
Каббалкэнерго -2 966 50
Карачаево-Черкесскэнерго -1 924 0
Севкавказэнерго -3 380 144
Ставропольэнерго -9 375 - 200
Россети Северо-Запад Архангельский филиал 80 -86
Вологодский филиал 264 2
Карельский филиал -67 185
Мурманский филиал 111 57
Новгородский филиал 216 -48
Псковский филиал 161 -20
филиал в Республике Коми -16 41
Россети Сибирь (ГК) Алтайэнерго - 545 222
Бурятэнерго - 123 303
ГАЭС 131 -17
Красноярскэнерго 1 233 - 537
Кузбассэнерго-РЭС - 406 827
Омскэнерго 182 -85
Хакасэнерго 371 - 399
Читаэнерго -47 162
Россети Томск Томская распределительная компания -7 417 - 135
Россети Тюмень Россети Тюмень -73 665 - 565
Россети Урал (ГК) Пермэнерго 631 - 215
Свердловэнерго 891 277
Челябэнерго 1 051 - 680
Россети ФСК ЕЭС Итого по ФСК ЕЭС -18 111 -6 233
Россети Центр Белгородэнерго 321 125
Брянскэнерго -5 112 27
Воронежэнерго -13 856 181
Костромаэнерго 102 -4
Курскэнерго -2 444 151
Липецкэнерго 805 - 346
Орелэнерго -4 049 -34
Смоленскэнерго -7 617 42
Тамбовэнерго -5 959 -2
Тверьэнерго - 740 57
Ярэнерго -6 294 65
Россети Центр и Приволжье (ГК) Владимирэнерго 562 52
Ивэнерго 195 55
Калугаэнерго 625 -50
Кировэнерго 464 20
Мариэнерго 173 23
Нижновэнерго 751 319
Рязаньэнерго 246 50
Тулэнерго 791 - 235
Удмуртэнерго 362 13
Россети Юг (ГК) АО «ВМЭС» -3 789 51
Астраханьэнерго -5 702 100
Волгоградэнерго -9 960 - 352
Калмэнерго -1 662 -3
Ростовэнерго -20 264 66
Россети Янтарь Россети Янтарь 360 -42
Отклонения выручки по факторам по выбранным ДЗО, руб
-399 523-399 523
-7 388-7 388
Отклонение (объём услуг)
Отклонение (средний тариф)
ПАО Россети'

09-12-2024T10:02:16 - [MESSAGE][PASSED] - Text of object 'Object Repository/Страница авторизации/Text' is: 'Период
1, 2, 3 кв., Октябрь 2024 года
ДЗО 
Все
Подписи данных
Итого отклонения по группе компаний: - 404 755 млн.руб.
Филиал
Месяц
Факторный анализ
Всего отклонения по факторам по ПАО Россети за 1, 2, 3 кв., Октябрь 2024 года
ДЗО
Филиал
Отклонение (объём услуг)
Отклонение (средний тариф)
АО «Тываэнерго» АО "Тываэнерго" 375 -75
АО «Чеченэнерго» АО «Чеченэнерго» -3 688 26
Россети Волга Мордовэнерго -3 164 -87
Оренбургэнерго -12 384 - 140
Пензаэнерго -7 568 -65
Самарские РС -14 726 -1 123
Саратовские РС -14 917 - 495
Ульяновские РС -5 446 - 209
Чувашэнерго -4 717 137
Россети Кубань Кубаньэнерго -58 965 411
Россети Ленэнерго (ГК) Ленинградская область -33 086 831
г. Санкт-Петербург -46 070 - 104
Россети Московский регион Московская область 4 745 - 627
г. Москва 3 358 23
Россети Северный Кавказ (ГК) Дагестанская энергосбытовая компания - 111 69
Дагэнерго -7 161 537
Ингушэнерго -1 584 122
Каббалкэнерго -2 966 50
Карачаево-Черкесскэнерго -1 924 0
Севкавказэнерго -3 380 144
Ставропольэнерго -9 375 - 200
Россети Северо-Запад Архангельский филиал 80 -86
Вологодский филиал 264 2
Карельский филиал -67 185
Мурманский филиал 111 57
Новгородский филиал 216 -48
Псковский филиал 161 -20
филиал в Республике Коми -16 41
Россети Сибирь (ГК) Алтайэнерго - 545 222
Бурятэнерго - 123 303
ГАЭС 131 -17
Красноярскэнерго 1 233 - 537
Кузбассэнерго-РЭС - 406 827
Омскэнерго 182 -85
Хакасэнерго 371 - 399
Читаэнерго -47 162
Россети Томск Томская распределительная компания -7 417 - 135
Россети Тюмень Россети Тюмень -73 665 - 565
Россети Урал (ГК) Пермэнерго 631 - 215
Свердловэнерго 891 277
Челябэнерго 1 051 - 680
Россети ФСК ЕЭС Итого по ФСК ЕЭС -18 111 -6 233
Россети Центр Белгородэнерго 321 125
Брянскэнерго -5 112 27
Воронежэнерго -13 856 181
Костромаэнерго 102 -4
Курскэнерго -2 444 151
Липецкэнерго 805 - 346
Орелэнерго -4 049 -34
Смоленскэнерго -7 617 42
Тамбовэнерго -5 959 -2
Тверьэнерго - 740 57
Ярэнерго -6 294 65
Россети Центр и Приволжье (ГК) Владимирэнерго 562 52
Ивэнерго 195 55
Калугаэнерго 625 -50
Кировэнерго 464 20
Мариэнерго 173 23
Нижновэнерго 751 319
Рязаньэнерго 246 50
Тулэнерго 791 - 235
Удмуртэнерго 362 13
Россети Юг (ГК) АО «ВМЭС» -3 789 51
Астраханьэнерго -5 702 100
Волгоградэнерго -9 960 - 352
Калмэнерго -1 662 -3
Ростовэнерго -20 264 66
Россети Янтарь Россети Янтарь 360 -42
Отклонения выручки по факторам по выбранным ДЗО, руб
-399 523-399 523
-7 388-7 388
Отклонение (объём услуг)
Отклонение (средний тариф)
ПАО Россети'

09-12-2024T10:02:16 - [TEST_STEP][PASSED] - i = i + 1: null

09-12-2024T10:02:16 - [TEST_STEP][PASSED] - refresh(): Refresh successfully

09-12-2024T10:02:16 - [MESSAGE][PASSED] - Refresh successfully

09-12-2024T10:02:16 - [TEST_STEP][PASSED] - delay(65): Delayed 65 second(s)

09-12-2024T10:03:21 - [MESSAGE][PASSED] - Delayed 65 second(s)

09-12-2024T10:03:21 - [TEST_STEP][PASSED] - navigateToUrl(findTestData("PlanFact").getValue(10, urlData)): Navigate to 'https://bi.rosseti.digital/viewer?dashboardGuid=2301950b23be4ed89c1df75f2020051e&sheetGuid=ccd7d7486b3d4e6fa0ee9b1eaebed46c&fit=true' successfully

09-12-2024T10:03:22 - [MESSAGE][PASSED] - Navigate to 'https://bi.rosseti.digital/viewer?dashboardGuid=2301950b23be4ed89c1df75f2020051e&sheetGuid=ccd7d7486b3d4e6fa0ee9b1eaebed46c&fit=true' successfully

09-12-2024T10:03:22 - [TEST_STEP][PASSED] - delay(65): Delayed 65 second(s)

09-12-2024T10:04:27 - [MESSAGE][PASSED] - Delayed 65 second(s)

09-12-2024T10:04:27 - [TEST_STEP][PASSED] - urlText = getText(findTestObject("Страница авторизации/Text")): Text of object 'Object Repository/Страница авторизации/Text' is: 'Период
1, 2, 3 кв., Октябрь 2024 года
ДЗО 
Все
Подписи данных
Итого отклонения по группе компаний: - 404 755 млн.руб.
Филиал
Месяц
Факторный анализ
Всего отклонения по факторам по ПАО Россети за 1, 2, 3 кв., Октябрь 2024 года
ДЗО
Филиал
Отклонение (объём услуг)
Отклонение (средний тариф)
АО «Тываэнерго» АО "Тываэнерго" 375 -75
АО «Чеченэнерго» АО «Чеченэнерго» -3 688 26
Россети Волга Мордовэнерго -3 164 -87
Оренбургэнерго -12 384 - 140
Пензаэнерго -7 568 -65
Самарские РС -14 726 -1 123
Саратовские РС -14 917 - 495
Ульяновские РС -5 446 - 209
Чувашэнерго -4 717 137
Россети Кубань Кубаньэнерго -58 965 411
Россети Ленэнерго (ГК) Ленинградская область -33 086 831
г. Санкт-Петербург -46 070 - 104
Россети Московский регион Московская область 4 745 - 627
г. Москва 3 358 23
Россети Северный Кавказ (ГК) Дагестанская энергосбытовая компания - 111 69
Дагэнерго -7 161 537
Ингушэнерго -1 584 122
Каббалкэнерго -2 966 50
Карачаево-Черкесскэнерго -1 924 0
Севкавказэнерго -3 380 144
Ставропольэнерго -9 375 - 200
Россети Северо-Запад Архангельский филиал 80 -86
Вологодский филиал 264 2
Карельский филиал -67 185
Мурманский филиал 111 57
Новгородский филиал 216 -48
Псковский филиал 161 -20
филиал в Республике Коми -16 41
Россети Сибирь (ГК) Алтайэнерго - 545 222
Бурятэнерго - 123 303
ГАЭС 131 -17
Красноярскэнерго 1 233 - 537
Кузбассэнерго-РЭС - 406 827
Омскэнерго 182 -85
Хакасэнерго 371 - 399
Читаэнерго -47 162
Россети Томск Томская распределительная компания -7 417 - 135
Россети Тюмень Россети Тюмень -73 665 - 565
Россети Урал (ГК) Пермэнерго 631 - 215
Свердловэнерго 891 277
Челябэнерго 1 051 - 680
Россети ФСК ЕЭС Итого по ФСК ЕЭС -18 111 -6 233
Россети Центр Белгородэнерго 321 125
Брянскэнерго -5 112 27
Воронежэнерго -13 856 181
Костромаэнерго 102 -4
Курскэнерго -2 444 151
Липецкэнерго 805 - 346
Орелэнерго -4 049 -34
Смоленскэнерго -7 617 42
Тамбовэнерго -5 959 -2
Тверьэнерго - 740 57
Ярэнерго -6 294 65
Россети Центр и Приволжье (ГК) Владимирэнерго 562 52
Ивэнерго 195 55
Калугаэнерго 625 -50
Кировэнерго 464 20
Мариэнерго 173 23
Нижновэнерго 751 319
Рязаньэнерго 246 50
Тулэнерго 791 - 235
Удмуртэнерго 362 13
Россети Юг (ГК) АО «ВМЭС» -3 789 51
Астраханьэнерго -5 702 100
Волгоградэнерго -9 960 - 352
Калмэнерго -1 662 -3
Ростовэнерго -20 264 66
Россети Янтарь Россети Янтарь 360 -42
Отклонения выручки по факторам по выбранным ДЗО, руб
-399 523-399 523
-7 388-7 388
Отклонение (объём услуг)
Отклонение (средний тариф)
ПАО Россети'

09-12-2024T10:04:27 - [MESSAGE][PASSED] - Text of object 'Object Repository/Страница авторизации/Text' is: 'Период
1, 2, 3 кв., Октябрь 2024 года
ДЗО 
Все
Подписи данных
Итого отклонения по группе компаний: - 404 755 млн.руб.
Филиал
Месяц
Факторный анализ
Всего отклонения по факторам по ПАО Россети за 1, 2, 3 кв., Октябрь 2024 года
ДЗО
Филиал
Отклонение (объём услуг)
Отклонение (средний тариф)
АО «Тываэнерго» АО "Тываэнерго" 375 -75
АО «Чеченэнерго» АО «Чеченэнерго» -3 688 26
Россети Волга Мордовэнерго -3 164 -87
Оренбургэнерго -12 384 - 140
Пензаэнерго -7 568 -65
Самарские РС -14 726 -1 123
Саратовские РС -14 917 - 495
Ульяновские РС -5 446 - 209
Чувашэнерго -4 717 137
Россети Кубань Кубаньэнерго -58 965 411
Россети Ленэнерго (ГК) Ленинградская область -33 086 831
г. Санкт-Петербург -46 070 - 104
Россети Московский регион Московская область 4 745 - 627
г. Москва 3 358 23
Россети Северный Кавказ (ГК) Дагестанская энергосбытовая компания - 111 69
Дагэнерго -7 161 537
Ингушэнерго -1 584 122
Каббалкэнерго -2 966 50
Карачаево-Черкесскэнерго -1 924 0
Севкавказэнерго -3 380 144
Ставропольэнерго -9 375 - 200
Россети Северо-Запад Архангельский филиал 80 -86
Вологодский филиал 264 2
Карельский филиал -67 185
Мурманский филиал 111 57
Новгородский филиал 216 -48
Псковский филиал 161 -20
филиал в Республике Коми -16 41
Россети Сибирь (ГК) Алтайэнерго - 545 222
Бурятэнерго - 123 303
ГАЭС 131 -17
Красноярскэнерго 1 233 - 537
Кузбассэнерго-РЭС - 406 827
Омскэнерго 182 -85
Хакасэнерго 371 - 399
Читаэнерго -47 162
Россети Томск Томская распределительная компания -7 417 - 135
Россети Тюмень Россети Тюмень -73 665 - 565
Россети Урал (ГК) Пермэнерго 631 - 215
Свердловэнерго 891 277
Челябэнерго 1 051 - 680
Россети ФСК ЕЭС Итого по ФСК ЕЭС -18 111 -6 233
Россети Центр Белгородэнерго 321 125
Брянскэнерго -5 112 27
Воронежэнерго -13 856 181
Костромаэнерго 102 -4
Курскэнерго -2 444 151
Липецкэнерго 805 - 346
Орелэнерго -4 049 -34
Смоленскэнерго -7 617 42
Тамбовэнерго -5 959 -2
Тверьэнерго - 740 57
Ярэнерго -6 294 65
Россети Центр и Приволжье (ГК) Владимирэнерго 562 52
Ивэнерго 195 55
Калугаэнерго 625 -50
Кировэнерго 464 20
Мариэнерго 173 23
Нижновэнерго 751 319
Рязаньэнерго 246 50
Тулэнерго 791 - 235
Удмуртэнерго 362 13
Россети Юг (ГК) АО «ВМЭС» -3 789 51
Астраханьэнерго -5 702 100
Волгоградэнерго -9 960 - 352
Калмэнерго -1 662 -3
Ростовэнерго -20 264 66
Россети Янтарь Россети Янтарь 360 -42
Отклонения выручки по факторам по выбранным ДЗО, руб
-399 523-399 523
-7 388-7 388
Отклонение (объём услуг)
Отклонение (средний тариф)
ПАО Россети'

09-12-2024T10:04:27 - [TEST_STEP][PASSED] - click(findTestObject("Факторный анализ/Фильтр Период")): Object: 'Object Repository/Факторный анализ/Фильтр Период' is clicked on

09-12-2024T10:04:28 - [MESSAGE][PASSED] - Object: 'Object Repository/Факторный анализ/Фильтр Период' is clicked on

09-12-2024T10:04:28 - [TEST_STEP][PASSED] - click(findTestObject("Факторный анализ/Снять выделение в фильтре Дата")): Object: 'Object Repository/Факторный анализ/Снять выделение в фильтре Дата' is clicked on

09-12-2024T10:04:28 - [MESSAGE][PASSED] - Object: 'Object Repository/Факторный анализ/Снять выделение в фильтре Дата' is clicked on

09-12-2024T10:04:28 - [TEST_STEP][PASSED] - click(findTestObject("Факторный анализ/Применить в фильтре Дата")): Object: 'Object Repository/Факторный анализ/Применить в фильтре Дата' is clicked on

09-12-2024T10:04:29 - [MESSAGE][PASSED] - Object: 'Object Repository/Факторный анализ/Применить в фильтре Дата' is clicked on

09-12-2024T10:04:29 - [TEST_STEP][PASSED] - click(findTestObject("Факторный анализ/Фильтр Период")): Object: 'Object Repository/Факторный анализ/Фильтр Период' is clicked on

09-12-2024T10:04:32 - [MESSAGE][PASSED] - Object: 'Object Repository/Факторный анализ/Фильтр Период' is clicked on

09-12-2024T10:04:32 - [TEST_STEP][PASSED] - click(findTestObject("Факторный анализ/Снять выделение в фильтре Дата")): Object: 'Object Repository/Факторный анализ/Снять выделение в фильтре Дата' is clicked on

09-12-2024T10:04:32 - [MESSAGE][PASSED] - Object: 'Object Repository/Факторный анализ/Снять выделение в фильтре Дата' is clicked on

09-12-2024T10:04:32 - [TEST_STEP][PASSED] - scrollToElement(findTestObject("Факторный анализ/2024 список"), 30): Scroll to object 'Object Repository/Факторный анализ/2024 список' successfully

09-12-2024T10:04:32 - [MESSAGE][PASSED] - Scroll to object 'Object Repository/Факторный анализ/2024 список' successfully

09-12-2024T10:04:32 - [TEST_STEP][PASSED] - click(findTestObject("Факторный анализ/2024 список")): Object: 'Object Repository/Факторный анализ/2024 список' is clicked on

09-12-2024T10:04:33 - [MESSAGE][PASSED] - Object: 'Object Repository/Факторный анализ/2024 список' is clicked on

09-12-2024T10:04:33 - [TEST_STEP][PASSED] - scrollToElement(findTestObject("Факторный анализ/1 квартал 2024 выбрать"), 30): Scroll to object 'Object Repository/Факторный анализ/1 квартал 2024 выбрать' successfully

09-12-2024T10:04:33 - [MESSAGE][PASSED] - Scroll to object 'Object Repository/Факторный анализ/1 квартал 2024 выбрать' successfully

09-12-2024T10:04:33 - [TEST_STEP][PASSED] - click(findTestObject("Факторный анализ/1 квартал 2024 выбрать")): Object: 'Object Repository/Факторный анализ/1 квартал 2024 выбрать' is clicked on

09-12-2024T10:04:34 - [MESSAGE][PASSED] - Object: 'Object Repository/Факторный анализ/1 квартал 2024 выбрать' is clicked on

09-12-2024T10:04:34 - [TEST_STEP][PASSED] - scrollToElement(findTestObject("Факторный анализ/1 квартал 2024 выбрать"), 30): Scroll to object 'Object Repository/Факторный анализ/1 квартал 2024 выбрать' successfully

09-12-2024T10:04:34 - [MESSAGE][PASSED] - Scroll to object 'Object Repository/Факторный анализ/1 квартал 2024 выбрать' successfully

09-12-2024T10:04:34 - [TEST_STEP][PASSED] - click(findTestObject("Факторный анализ/2 квартал 2024 выбрать"), CONTINUE_ON_FAILURE): Object: 'Object Repository/Факторный анализ/2 квартал 2024 выбрать' is clicked on

09-12-2024T10:04:34 - [MESSAGE][PASSED] - Object: 'Object Repository/Факторный анализ/2 квартал 2024 выбрать' is clicked on

09-12-2024T10:04:34 - [TEST_STEP][PASSED] - scrollToElement(findTestObject("Факторный анализ/3 квартал 2024 список"), 30): Scroll to object 'Object Repository/Факторный анализ/3 квартал 2024 список' successfully

09-12-2024T10:04:35 - [MESSAGE][PASSED] - Scroll to object 'Object Repository/Факторный анализ/3 квартал 2024 список' successfully

09-12-2024T10:04:35 - [TEST_STEP][PASSED] - click(findTestObject("Факторный анализ/3 квартал 2024 выбрать"), CONTINUE_ON_FAILURE): Object: 'Object Repository/Факторный анализ/3 квартал 2024 выбрать' is clicked on

09-12-2024T10:04:35 - [MESSAGE][PASSED] - Object: 'Object Repository/Факторный анализ/3 квартал 2024 выбрать' is clicked on

09-12-2024T10:04:35 - [TEST_STEP][PASSED] - scrollToElement(findTestObject("Факторный анализ/4 квартал 2024 список"), 30): Scroll to object 'Object Repository/Факторный анализ/4 квартал 2024 список' successfully

09-12-2024T10:04:36 - [MESSAGE][PASSED] - Scroll to object 'Object Repository/Факторный анализ/4 квартал 2024 список' successfully

09-12-2024T10:04:36 - [TEST_STEP][PASSED] - click(findTestObject("Факторный анализ/4 квартал 2024 список"), CONTINUE_ON_FAILURE): Object: 'Object Repository/Факторный анализ/4 квартал 2024 список' is clicked on

09-12-2024T10:04:36 - [MESSAGE][PASSED] - Object: 'Object Repository/Факторный анализ/4 квартал 2024 список' is clicked on

09-12-2024T10:04:36 - [TEST_STEP][PASSED] - scrollToElement(findTestObject("Факторный анализ/Октябрь 2024"), 30): Scroll to object 'Object Repository/Факторный анализ/Октябрь 2024' successfully

09-12-2024T10:04:36 - [MESSAGE][PASSED] - Scroll to object 'Object Repository/Факторный анализ/Октябрь 2024' successfully

09-12-2024T10:04:36 - [TEST_STEP][PASSED] - click(findTestObject("Факторный анализ/Октябрь 2024"), CONTINUE_ON_FAILURE): Object: 'Object Repository/Факторный анализ/Октябрь 2024' is clicked on

09-12-2024T10:04:37 - [MESSAGE][PASSED] - Object: 'Object Repository/Факторный анализ/Октябрь 2024' is clicked on

09-12-2024T10:04:37 - [TEST_STEP][PASSED] - scrollToElement(findTestObject("Факторный анализ/Заголовок дашборда"), 30): Scroll to object 'Object Repository/Факторный анализ/Заголовок дашборда' successfully

09-12-2024T10:04:37 - [MESSAGE][PASSED] - Scroll to object 'Object Repository/Факторный анализ/Заголовок дашборда' successfully

09-12-2024T10:04:37 - [TEST_STEP][PASSED] - click(findTestObject("Факторный анализ/Применить в фильтре Дата")): Object: 'Object Repository/Факторный анализ/Применить в фильтре Дата' is clicked on

09-12-2024T10:04:38 - [MESSAGE][PASSED] - Object: 'Object Repository/Факторный анализ/Применить в фильтре Дата' is clicked on

09-12-2024T10:04:38 - [TEST_STEP][PASSED] - a5 = "": null

09-12-2024T10:04:38 - [TEST_STEP][PASSED] - a6 = "": null

09-12-2024T10:04:38 - [TEST_STEP][PASSED] - a7 = "": null

09-12-2024T10:04:38 - [TEST_STEP][PASSED] - a8 = "": null

09-12-2024T10:04:38 - [TEST_STEP][PASSED] - a9 = "": null

09-12-2024T10:04:38 - [TEST_STEP][PASSED] - if (run == 1): null

09-12-2024T10:04:38 - [TEST_STEP][PASSED] - if (run == 2): null

09-12-2024T10:04:38 - [TEST_STEP][PASSED] - user = "Андреева": null

09-12-2024T10:04:38 - [TEST_STEP][PASSED] - a1 = getText(findTestObject("Факторный анализ/span1 Блок руководителя")): Text of object 'Object Repository/Факторный анализ/span1 Блок руководителя' is: ''

09-12-2024T10:04:40 - [MESSAGE][PASSED] - Text of object 'Object Repository/Факторный анализ/span1 Блок руководителя' is: ''

09-12-2024T10:04:40 - [TEST_STEP][PASSED] - a2 = getText(findTestObject("Факторный анализ/span2 Блок руководителя")): Text of object 'Object Repository/Факторный анализ/span2 Блок руководителя' is: ''

09-12-2024T10:04:40 - [MESSAGE][PASSED] - Text of object 'Object Repository/Факторный анализ/span2 Блок руководителя' is: ''

09-12-2024T10:04:40 - [TEST_STEP][PASSED] - a3 = getText(findTestObject("Факторный анализ/График Всего отклонения по факторам Блок руководителя")): Text of object 'Object Repository/Факторный анализ/График Всего отклонения по факторам Блок руководителя' is: 'ДЗО
Филиал
Отклонение (объём услуг)
Отклонение (средний тариф)
АО «Тываэнерго» АО "Тываэнерго" 375 -75
АО «Чеченэнерго» АО «Чеченэнерго» -3 688 26
Россети Волга Мордовэнерго -3 164 -87
Оренбургэнерго -12 384 - 140
Пензаэнерго -7 568 -65
Самарские РС -14 726 -1 123
Саратовские РС -14 917 - 495
Ульяновские РС -5 446 - 209
Чувашэнерго -4 717 137
Россети Кубань Кубаньэнерго -58 965 411
Россети Ленэнерго (ГК) Ленинградская область -33 086 831
г. Санкт-Петербург -46 070 - 104
Россети Московский регион Московская область 4 745 - 627
г. Москва 3 358 23
Россети Северный Кавказ (ГК) Дагестанская энергосбытовая компания - 111 69
Дагэнерго -7 161 537
Ингушэнерго -1 584 122
Каббалкэнерго -2 966 50
Карачаево-Черкесскэнерго -1 924 0
Севкавказэнерго -3 380 144
Ставропольэнерго -9 375 - 200
Россети Северо-Запад Архангельский филиал 80 -86
Вологодский филиал 264 2
Карельский филиал -67 185
Мурманский филиал 111 57
Новгородский филиал 216 -48
Псковский филиал 161 -20
филиал в Республике Коми -16 41
Россети Сибирь (ГК) Алтайэнерго - 545 222
Бурятэнерго - 123 303
ГАЭС 131 -17
Красноярскэнерго 1 233 - 537
Кузбассэнерго-РЭС - 406 827
Омскэнерго 182 -85
Хакасэнерго 371 - 399
Читаэнерго -47 162
Россети Томск Томская распределительная компания -7 417 - 135
Россети Тюмень Россети Тюмень -73 665 - 565
Россети Урал (ГК) Пермэнерго 631 - 215
Свердловэнерго 891 277
Челябэнерго 1 051 - 680
Россети ФСК ЕЭС Итого по ФСК ЕЭС -18 111 -6 233
Россети Центр Белгородэнерго 321 125
Брянскэнерго -5 112 27
Воронежэнерго -13 856 181
Костромаэнерго 102 -4
Курскэнерго -2 444 151
Липецкэнерго 805 - 346
Орелэнерго -4 049 -34
Смоленскэнерго -7 617 42
Тамбовэнерго -5 959 -2
Тверьэнерго - 740 57
Ярэнерго -6 294 65
Россети Центр и Приволжье (ГК) Владимирэнерго 562 52
Ивэнерго 195 55
Калугаэнерго 625 -50
Кировэнерго 464 20
Мариэнерго 173 23
Нижновэнерго 751 319
Рязаньэнерго 246 50
Тулэнерго 791 - 235
Удмуртэнерго 362 13
Россети Юг (ГК) АО «ВМЭС» -3 789 51
Астраханьэнерго -5 702 100
Волгоградэнерго -9 960 - 352
Калмэнерго -1 662 -3
Ростовэнерго -20 264 66
Россети Янтарь Россети Янтарь 360 -42'

09-12-2024T10:04:41 - [MESSAGE][PASSED] - Text of object 'Object Repository/Факторный анализ/График Всего отклонения по факторам Блок руководителя' is: 'ДЗО
Филиал
Отклонение (объём услуг)
Отклонение (средний тариф)
АО «Тываэнерго» АО "Тываэнерго" 375 -75
АО «Чеченэнерго» АО «Чеченэнерго» -3 688 26
Россети Волга Мордовэнерго -3 164 -87
Оренбургэнерго -12 384 - 140
Пензаэнерго -7 568 -65
Самарские РС -14 726 -1 123
Саратовские РС -14 917 - 495
Ульяновские РС -5 446 - 209
Чувашэнерго -4 717 137
Россети Кубань Кубаньэнерго -58 965 411
Россети Ленэнерго (ГК) Ленинградская область -33 086 831
г. Санкт-Петербург -46 070 - 104
Россети Московский регион Московская область 4 745 - 627
г. Москва 3 358 23
Россети Северный Кавказ (ГК) Дагестанская энергосбытовая компания - 111 69
Дагэнерго -7 161 537
Ингушэнерго -1 584 122
Каббалкэнерго -2 966 50
Карачаево-Черкесскэнерго -1 924 0
Севкавказэнерго -3 380 144
Ставропольэнерго -9 375 - 200
Россети Северо-Запад Архангельский филиал 80 -86
Вологодский филиал 264 2
Карельский филиал -67 185
Мурманский филиал 111 57
Новгородский филиал 216 -48
Псковский филиал 161 -20
филиал в Республике Коми -16 41
Россети Сибирь (ГК) Алтайэнерго - 545 222
Бурятэнерго - 123 303
ГАЭС 131 -17
Красноярскэнерго 1 233 - 537
Кузбассэнерго-РЭС - 406 827
Омскэнерго 182 -85
Хакасэнерго 371 - 399
Читаэнерго -47 162
Россети Томск Томская распределительная компания -7 417 - 135
Россети Тюмень Россети Тюмень -73 665 - 565
Россети Урал (ГК) Пермэнерго 631 - 215
Свердловэнерго 891 277
Челябэнерго 1 051 - 680
Россети ФСК ЕЭС Итого по ФСК ЕЭС -18 111 -6 233
Россети Центр Белгородэнерго 321 125
Брянскэнерго -5 112 27
Воронежэнерго -13 856 181
Костромаэнерго 102 -4
Курскэнерго -2 444 151
Липецкэнерго 805 - 346
Орелэнерго -4 049 -34
Смоленскэнерго -7 617 42
Тамбовэнерго -5 959 -2
Тверьэнерго - 740 57
Ярэнерго -6 294 65
Россети Центр и Приволжье (ГК) Владимирэнерго 562 52
Ивэнерго 195 55
Калугаэнерго 625 -50
Кировэнерго 464 20
Мариэнерго 173 23
Нижновэнерго 751 319
Рязаньэнерго 246 50
Тулэнерго 791 - 235
Удмуртэнерго 362 13
Россети Юг (ГК) АО «ВМЭС» -3 789 51
Астраханьэнерго -5 702 100
Волгоградэнерго -9 960 - 352
Калмэнерго -1 662 -3
Ростовэнерго -20 264 66
Россети Янтарь Россети Янтарь 360 -42'

09-12-2024T10:04:41 - [TEST_STEP][PASSED] - click(findTestObject("Факторный анализ/Переключить отображение с филиала на месяц")): Object: 'Object Repository/Факторный анализ/Переключить отображение с филиала на месяц' is clicked on

09-12-2024T10:04:41 - [MESSAGE][PASSED] - Object: 'Object Repository/Факторный анализ/Переключить отображение с филиала на месяц' is clicked on

09-12-2024T10:04:41 - [TEST_STEP][PASSED] - a4 = getText(findTestObject("Факторный анализ/График Всего отклонения по факторам Блок руководителя")): Text of object 'Object Repository/Факторный анализ/График Всего отклонения по факторам Блок руководителя' is: 'ДЗО
Филиал
Отклонение (объём услуг)
Отклонение (средний тариф)
АО «Тываэнерго» АО "Тываэнерго" 375 -75
АО «Чеченэнерго» АО «Чеченэнерго» -3 688 26
Россети Волга Мордовэнерго -3 164 -87
Оренбургэнерго -12 384 - 140
Пензаэнерго -7 568 -65
Самарские РС -14 726 -1 123
Саратовские РС -14 917 - 495
Ульяновские РС -5 446 - 209
Чувашэнерго -4 717 137
Россети Кубань Кубаньэнерго -58 965 411
Россети Ленэнерго (ГК) Ленинградская область -33 086 831
г. Санкт-Петербург -46 070 - 104
Россети Московский регион Московская область 4 745 - 627
г. Москва 3 358 23
Россети Северный Кавказ (ГК) Дагестанская энергосбытовая компания - 111 69
Дагэнерго -7 161 537
Ингушэнерго -1 584 122
Каббалкэнерго -2 966 50
Карачаево-Черкесскэнерго -1 924 0
Севкавказэнерго -3 380 144
Ставропольэнерго -9 375 - 200
Россети Северо-Запад Архангельский филиал 80 -86
Вологодский филиал 264 2
Карельский филиал -67 185
Мурманский филиал 111 57
Новгородский филиал 216 -48
Псковский филиал 161 -20
филиал в Республике Коми -16 41
Россети Сибирь (ГК) Алтайэнерго - 545 222
Бурятэнерго - 123 303
ГАЭС 131 -17
Красноярскэнерго 1 233 - 537
Кузбассэнерго-РЭС - 406 827
Омскэнерго 182 -85
Хакасэнерго 371 - 399
Читаэнерго -47 162
Россети Томск Томская распределительная компания -7 417 - 135
Россети Тюмень Россети Тюмень -73 665 - 565
Россети Урал (ГК) Пермэнерго 631 - 215
Свердловэнерго 891 277
Челябэнерго 1 051 - 680
Россети ФСК ЕЭС Итого по ФСК ЕЭС -18 111 -6 233
Россети Центр Белгородэнерго 321 125
Брянскэнерго -5 112 27
Воронежэнерго -13 856 181
Костромаэнерго 102 -4
Курскэнерго -2 444 151
Липецкэнерго 805 - 346
Орелэнерго -4 049 -34
Смоленскэнерго -7 617 42
Тамбовэнерго -5 959 -2
Тверьэнерго - 740 57
Ярэнерго -6 294 65
Россети Центр и Приволжье (ГК) Владимирэнерго 562 52
Ивэнерго 195 55
Калугаэнерго 625 -50
Кировэнерго 464 20
Мариэнерго 173 23
Нижновэнерго 751 319
Рязаньэнерго 246 50
Тулэнерго 791 - 235
Удмуртэнерго 362 13
Россети Юг (ГК) АО «ВМЭС» -3 789 51
Астраханьэнерго -5 702 100
Волгоградэнерго -9 960 - 352
Калмэнерго -1 662 -3
Ростовэнерго -20 264 66
Россети Янтарь Россети Янтарь 360 -42'

09-12-2024T10:04:41 - [MESSAGE][PASSED] - Text of object 'Object Repository/Факторный анализ/График Всего отклонения по факторам Блок руководителя' is: 'ДЗО
Филиал
Отклонение (объём услуг)
Отклонение (средний тариф)
АО «Тываэнерго» АО "Тываэнерго" 375 -75
АО «Чеченэнерго» АО «Чеченэнерго» -3 688 26
Россети Волга Мордовэнерго -3 164 -87
Оренбургэнерго -12 384 - 140
Пензаэнерго -7 568 -65
Самарские РС -14 726 -1 123
Саратовские РС -14 917 - 495
Ульяновские РС -5 446 - 209
Чувашэнерго -4 717 137
Россети Кубань Кубаньэнерго -58 965 411
Россети Ленэнерго (ГК) Ленинградская область -33 086 831
г. Санкт-Петербург -46 070 - 104
Россети Московский регион Московская область 4 745 - 627
г. Москва 3 358 23
Россети Северный Кавказ (ГК) Дагестанская энергосбытовая компания - 111 69
Дагэнерго -7 161 537
Ингушэнерго -1 584 122
Каббалкэнерго -2 966 50
Карачаево-Черкесскэнерго -1 924 0
Севкавказэнерго -3 380 144
Ставропольэнерго -9 375 - 200
Россети Северо-Запад Архангельский филиал 80 -86
Вологодский филиал 264 2
Карельский филиал -67 185
Мурманский филиал 111 57
Новгородский филиал 216 -48
Псковский филиал 161 -20
филиал в Республике Коми -16 41
Россети Сибирь (ГК) Алтайэнерго - 545 222
Бурятэнерго - 123 303
ГАЭС 131 -17
Красноярскэнерго 1 233 - 537
Кузбассэнерго-РЭС - 406 827
Омскэнерго 182 -85
Хакасэнерго 371 - 399
Читаэнерго -47 162
Россети Томск Томская распределительная компания -7 417 - 135
Россети Тюмень Россети Тюмень -73 665 - 565
Россети Урал (ГК) Пермэнерго 631 - 215
Свердловэнерго 891 277
Челябэнерго 1 051 - 680
Россети ФСК ЕЭС Итого по ФСК ЕЭС -18 111 -6 233
Россети Центр Белгородэнерго 321 125
Брянскэнерго -5 112 27
Воронежэнерго -13 856 181
Костромаэнерго 102 -4
Курскэнерго -2 444 151
Липецкэнерго 805 - 346
Орелэнерго -4 049 -34
Смоленскэнерго -7 617 42
Тамбовэнерго -5 959 -2
Тверьэнерго - 740 57
Ярэнерго -6 294 65
Россети Центр и Приволжье (ГК) Владимирэнерго 562 52
Ивэнерго 195 55
Калугаэнерго 625 -50
Кировэнерго 464 20
Мариэнерго 173 23
Нижновэнерго 751 319
Рязаньэнерго 246 50
Тулэнерго 791 - 235
Удмуртэнерго 362 13
Россети Юг (ГК) АО «ВМЭС» -3 789 51
Астраханьэнерго -5 702 100
Волгоградэнерго -9 960 - 352
Калмэнерго -1 662 -3
Ростовэнерго -20 264 66
Россети Янтарь Россети Янтарь 360 -42'

09-12-2024T10:04:41 - [TEST_STEP][PASSED] - n = n + 25: null

09-12-2024T10:04:41 - [TEST_STEP][PASSED] - b = n - run + 1: null

09-12-2024T10:04:41 - [TEST_STEP][PASSED] - verifyEqual(findTestData("PlanFact").getValue(2, b), a1): Actual object '' and expected object '' are equal

09-12-2024T10:04:42 - [MESSAGE][PASSED] - Actual object '' and expected object '' are equal

09-12-2024T10:04:42 - [TEST_STEP][PASSED] - verifyEqual(findTestData("PlanFact").getValue(3, b), a2): Actual object '' and expected object '' are equal

09-12-2024T10:04:42 - [MESSAGE][PASSED] - Actual object '' and expected object '' are equal

09-12-2024T10:04:42 - [TEST_STEP][PASSED] - verifyEqual(findTestData("PlanFact").getValue(4, b), a3): Actual object 'ДЗО
Филиал
Отклонение (объём услуг)
Отклонение (средний тариф)
АО «Тываэнерго» АО "Тываэнерго" 375 -75
АО «Чеченэнерго» АО «Чеченэнерго» -3 688 26
Россети Волга Мордовэнерго -3 164 -87
Оренбургэнерго -12 384 - 140
Пензаэнерго -7 568 -65
Самарские РС -14 726 -1 123
Саратовские РС -14 917 - 495
Ульяновские РС -5 446 - 209
Чувашэнерго -4 717 137
Россети Кубань Кубаньэнерго -58 965 411
Россети Ленэнерго (ГК) Ленинградская область -33 086 831
г. Санкт-Петербург -46 070 - 104
Россети Московский регион Московская область 4 745 - 627
г. Москва 3 358 23
Россети Северный Кавказ (ГК) Дагестанская энергосбытовая компания - 111 69
Дагэнерго -7 161 537
Ингушэнерго -1 584 122
Каббалкэнерго -2 966 50
Карачаево-Черкесскэнерго -1 924 0
Севкавказэнерго -3 380 144
Ставропольэнерго -9 375 - 200
Россети Северо-Запад Архангельский филиал 80 -86
Вологодский филиал 264 2
Карельский филиал -67 185
Мурманский филиал 111 57
Новгородский филиал 216 -48
Псковский филиал 161 -20
филиал в Республике Коми -16 41
Россети Сибирь (ГК) Алтайэнерго - 545 222
Бурятэнерго - 123 303
ГАЭС 131 -17
Красноярскэнерго 1 233 - 537
Кузбассэнерго-РЭС - 406 827
Омскэнерго 182 -85
Хакасэнерго 371 - 399
Читаэнерго -47 162
Россети Томск Томская распределительная компания -7 417 - 135
Россети Тюмень Россети Тюмень -73 665 - 565
Россети Урал (ГК) Пермэнерго 631 - 215
Свердловэнерго 891 277
Челябэнерго 1 051 - 680
Россети ФСК ЕЭС Итого по ФСК ЕЭС -18 111 -6 233
Россети Центр Белгородэнерго 321 125
Брянскэнерго -5 112 27
Воронежэнерго -13 856 181
Костромаэнерго 102 -4
Курскэнерго -2 444 151
Липецкэнерго 805 - 346
Орелэнерго -4 049 -34
Смоленскэнерго -7 617 42
Тамбовэнерго -5 959 -2
Тверьэнерго - 740 57
Ярэнерго -6 294 65
Россети Центр и Приволжье (ГК) Владимирэнерго 562 52
Ивэнерго 195 55
Калугаэнерго 625 -50
Кировэнерго 464 20
Мариэнерго 173 23
Нижновэнерго 751 319
Рязаньэнерго 246 50
Тулэнерго 791 - 235
Удмуртэнерго 362 13
Россети Юг (ГК) АО «ВМЭС» -3 789 51
Астраханьэнерго -5 702 100
Волгоградэнерго -9 960 - 352
Калмэнерго -1 662 -3
Ростовэнерго -20 264 66
Россети Янтарь Россети Янтарь 360 -42' and expected object 'ДЗО
Филиал
Отклонение (объём услуг)
Отклонение (средний тариф)
АО «Тываэнерго» АО "Тываэнерго" 375 -75
АО «Чеченэнерго» АО «Чеченэнерго» -3 688 26
Россети Волга Мордовэнерго -3 164 -87
Оренбургэнерго -12 384 - 140
Пензаэнерго -7 568 -65
Самарские РС -14 726 -1 123
Саратовские РС -14 917 - 495
Ульяновские РС -5 446 - 209
Чувашэнерго -4 717 137
Россети Кубань Кубаньэнерго -58 965 411
Россети Ленэнерго (ГК) Ленинградская область -33 086 831
г. Санкт-Петербург -46 070 - 104
Россети Московский регион Московская область 4 745 - 627
г. Москва 3 358 23
Россети Северный Кавказ (ГК) Дагестанская энергосбытовая компания - 111 69
Дагэнерго -7 161 537
Ингушэнерго -1 584 122
Каббалкэнерго -2 966 50
Карачаево-Черкесскэнерго -1 924 0
Севкавказэнерго -3 380 144
Ставропольэнерго -9 375 - 200
Россети Северо-Запад Архангельский филиал 80 -86
Вологодский филиал 264 2
Карельский филиал -67 185
Мурманский филиал 111 57
Новгородский филиал 216 -48
Псковский филиал 161 -20
филиал в Республике Коми -16 41
Россети Сибирь (ГК) Алтайэнерго - 545 222
Бурятэнерго - 123 303
ГАЭС 131 -17
Красноярскэнерго 1 233 - 537
Кузбассэнерго-РЭС - 406 827
Омскэнерго 182 -85
Хакасэнерго 371 - 399
Читаэнерго -47 162
Россети Томск Томская распределительная компания -7 417 - 135
Россети Тюмень Россети Тюмень -73 665 - 565
Россети Урал (ГК) Пермэнерго 631 - 215
Свердловэнерго 891 277
Челябэнерго 1 051 - 680
Россети ФСК ЕЭС Итого по ФСК ЕЭС -18 111 -6 233
Россети Центр Белгородэнерго 321 125
Брянскэнерго -5 112 27
Воронежэнерго -13 856 181
Костромаэнерго 102 -4
Курскэнерго -2 444 151
Липецкэнерго 805 - 346
Орелэнерго -4 049 -34
Смоленскэнерго -7 617 42
Тамбовэнерго -5 959 -2
Тверьэнерго - 740 57
Ярэнерго -6 294 65
Россети Центр и Приволжье (ГК) Владимирэнерго 562 52
Ивэнерго 195 55
Калугаэнерго 625 -50
Кировэнерго 464 20
Мариэнерго 173 23
Нижновэнерго 751 319
Рязаньэнерго 246 50
Тулэнерго 791 - 235
Удмуртэнерго 362 13
Россети Юг (ГК) АО «ВМЭС» -3 789 51
Астраханьэнерго -5 702 100
Волгоградэнерго -9 960 - 352
Калмэнерго -1 662 -3
Ростовэнерго -20 264 66
Россети Янтарь Россети Янтарь 360 -42' are equal

09-12-2024T10:04:42 - [MESSAGE][PASSED] - Actual object 'ДЗО
Филиал
Отклонение (объём услуг)
Отклонение (средний тариф)
АО «Тываэнерго» АО "Тываэнерго" 375 -75
АО «Чеченэнерго» АО «Чеченэнерго» -3 688 26
Россети Волга Мордовэнерго -3 164 -87
Оренбургэнерго -12 384 - 140
Пензаэнерго -7 568 -65
Самарские РС -14 726 -1 123
Саратовские РС -14 917 - 495
Ульяновские РС -5 446 - 209
Чувашэнерго -4 717 137
Россети Кубань Кубаньэнерго -58 965 411
Россети Ленэнерго (ГК) Ленинградская область -33 086 831
г. Санкт-Петербург -46 070 - 104
Россети Московский регион Московская область 4 745 - 627
г. Москва 3 358 23
Россети Северный Кавказ (ГК) Дагестанская энергосбытовая компания - 111 69
Дагэнерго -7 161 537
Ингушэнерго -1 584 122
Каббалкэнерго -2 966 50
Карачаево-Черкесскэнерго -1 924 0
Севкавказэнерго -3 380 144
Ставропольэнерго -9 375 - 200
Россети Северо-Запад Архангельский филиал 80 -86
Вологодский филиал 264 2
Карельский филиал -67 185
Мурманский филиал 111 57
Новгородский филиал 216 -48
Псковский филиал 161 -20
филиал в Республике Коми -16 41
Россети Сибирь (ГК) Алтайэнерго - 545 222
Бурятэнерго - 123 303
ГАЭС 131 -17
Красноярскэнерго 1 233 - 537
Кузбассэнерго-РЭС - 406 827
Омскэнерго 182 -85
Хакасэнерго 371 - 399
Читаэнерго -47 162
Россети Томск Томская распределительная компания -7 417 - 135
Россети Тюмень Россети Тюмень -73 665 - 565
Россети Урал (ГК) Пермэнерго 631 - 215
Свердловэнерго 891 277
Челябэнерго 1 051 - 680
Россети ФСК ЕЭС Итого по ФСК ЕЭС -18 111 -6 233
Россети Центр Белгородэнерго 321 125
Брянскэнерго -5 112 27
Воронежэнерго -13 856 181
Костромаэнерго 102 -4
Курскэнерго -2 444 151
Липецкэнерго 805 - 346
Орелэнерго -4 049 -34
Смоленскэнерго -7 617 42
Тамбовэнерго -5 959 -2
Тверьэнерго - 740 57
Ярэнерго -6 294 65
Россети Центр и Приволжье (ГК) Владимирэнерго 562 52
Ивэнерго 195 55
Калугаэнерго 625 -50
Кировэнерго 464 20
Мариэнерго 173 23
Нижновэнерго 751 319
Рязаньэнерго 246 50
Тулэнерго 791 - 235
Удмуртэнерго 362 13
Россети Юг (ГК) АО «ВМЭС» -3 789 51
Астраханьэнерго -5 702 100
Волгоградэнерго -9 960 - 352
Калмэнерго -1 662 -3
Ростовэнерго -20 264 66
Россети Янтарь Россети Янтарь 360 -42' and expected object 'ДЗО
Филиал
Отклонение (объём услуг)
Отклонение (средний тариф)
АО «Тываэнерго» АО "Тываэнерго" 375 -75
АО «Чеченэнерго» АО «Чеченэнерго» -3 688 26
Россети Волга Мордовэнерго -3 164 -87
Оренбургэнерго -12 384 - 140
Пензаэнерго -7 568 -65
Самарские РС -14 726 -1 123
Саратовские РС -14 917 - 495
Ульяновские РС -5 446 - 209
Чувашэнерго -4 717 137
Россети Кубань Кубаньэнерго -58 965 411
Россети Ленэнерго (ГК) Ленинградская область -33 086 831
г. Санкт-Петербург -46 070 - 104
Россети Московский регион Московская область 4 745 - 627
г. Москва 3 358 23
Россети Северный Кавказ (ГК) Дагестанская энергосбытовая компания - 111 69
Дагэнерго -7 161 537
Ингушэнерго -1 584 122
Каббалкэнерго -2 966 50
Карачаево-Черкесскэнерго -1 924 0
Севкавказэнерго -3 380 144
Ставропольэнерго -9 375 - 200
Россети Северо-Запад Архангельский филиал 80 -86
Вологодский филиал 264 2
Карельский филиал -67 185
Мурманский филиал 111 57
Новгородский филиал 216 -48
Псковский филиал 161 -20
филиал в Республике Коми -16 41
Россети Сибирь (ГК) Алтайэнерго - 545 222
Бурятэнерго - 123 303
ГАЭС 131 -17
Красноярскэнерго 1 233 - 537
Кузбассэнерго-РЭС - 406 827
Омскэнерго 182 -85
Хакасэнерго 371 - 399
Читаэнерго -47 162
Россети Томск Томская распределительная компания -7 417 - 135
Россети Тюмень Россети Тюмень -73 665 - 565
Россети Урал (ГК) Пермэнерго 631 - 215
Свердловэнерго 891 277
Челябэнерго 1 051 - 680
Россети ФСК ЕЭС Итого по ФСК ЕЭС -18 111 -6 233
Россети Центр Белгородэнерго 321 125
Брянскэнерго -5 112 27
Воронежэнерго -13 856 181
Костромаэнерго 102 -4
Курскэнерго -2 444 151
Липецкэнерго 805 - 346
Орелэнерго -4 049 -34
Смоленскэнерго -7 617 42
Тамбовэнерго -5 959 -2
Тверьэнерго - 740 57
Ярэнерго -6 294 65
Россети Центр и Приволжье (ГК) Владимирэнерго 562 52
Ивэнерго 195 55
Калугаэнерго 625 -50
Кировэнерго 464 20
Мариэнерго 173 23
Нижновэнерго 751 319
Рязаньэнерго 246 50
Тулэнерго 791 - 235
Удмуртэнерго 362 13
Россети Юг (ГК) АО «ВМЭС» -3 789 51
Астраханьэнерго -5 702 100
Волгоградэнерго -9 960 - 352
Калмэнерго -1 662 -3
Ростовэнерго -20 264 66
Россети Янтарь Россети Янтарь 360 -42' are equal

09-12-2024T10:04:42 - [TEST_STEP][PASSED] - verifyEqual(findTestData("PlanFact").getValue(5, b), a4): Actual object 'ДЗО
Филиал
Отклонение (объём услуг)
Отклонение (средний тариф)
АО «Тываэнерго» АО "Тываэнерго" 375 -75
АО «Чеченэнерго» АО «Чеченэнерго» -3 688 26
Россети Волга Мордовэнерго -3 164 -87
Оренбургэнерго -12 384 - 140
Пензаэнерго -7 568 -65
Самарские РС -14 726 -1 123
Саратовские РС -14 917 - 495
Ульяновские РС -5 446 - 209
Чувашэнерго -4 717 137
Россети Кубань Кубаньэнерго -58 965 411
Россети Ленэнерго (ГК) Ленинградская область -33 086 831
г. Санкт-Петербург -46 070 - 104
Россети Московский регион Московская область 4 745 - 627
г. Москва 3 358 23
Россети Северный Кавказ (ГК) Дагестанская энергосбытовая компания - 111 69
Дагэнерго -7 161 537
Ингушэнерго -1 584 122
Каббалкэнерго -2 966 50
Карачаево-Черкесскэнерго -1 924 0
Севкавказэнерго -3 380 144
Ставропольэнерго -9 375 - 200
Россети Северо-Запад Архангельский филиал 80 -86
Вологодский филиал 264 2
Карельский филиал -67 185
Мурманский филиал 111 57
Новгородский филиал 216 -48
Псковский филиал 161 -20
филиал в Республике Коми -16 41
Россети Сибирь (ГК) Алтайэнерго - 545 222
Бурятэнерго - 123 303
ГАЭС 131 -17
Красноярскэнерго 1 233 - 537
Кузбассэнерго-РЭС - 406 827
Омскэнерго 182 -85
Хакасэнерго 371 - 399
Читаэнерго -47 162
Россети Томск Томская распределительная компания -7 417 - 135
Россети Тюмень Россети Тюмень -73 665 - 565
Россети Урал (ГК) Пермэнерго 631 - 215
Свердловэнерго 891 277
Челябэнерго 1 051 - 680
Россети ФСК ЕЭС Итого по ФСК ЕЭС -18 111 -6 233
Россети Центр Белгородэнерго 321 125
Брянскэнерго -5 112 27
Воронежэнерго -13 856 181
Костромаэнерго 102 -4
Курскэнерго -2 444 151
Липецкэнерго 805 - 346
Орелэнерго -4 049 -34
Смоленскэнерго -7 617 42
Тамбовэнерго -5 959 -2
Тверьэнерго - 740 57
Ярэнерго -6 294 65
Россети Центр и Приволжье (ГК) Владимирэнерго 562 52
Ивэнерго 195 55
Калугаэнерго 625 -50
Кировэнерго 464 20
Мариэнерго 173 23
Нижновэнерго 751 319
Рязаньэнерго 246 50
Тулэнерго 791 - 235
Удмуртэнерго 362 13
Россети Юг (ГК) АО «ВМЭС» -3 789 51
Астраханьэнерго -5 702 100
Волгоградэнерго -9 960 - 352
Калмэнерго -1 662 -3
Ростовэнерго -20 264 66
Россети Янтарь Россети Янтарь 360 -42' and expected object 'ДЗО
Филиал
Отклонение (объём услуг)
Отклонение (средний тариф)
АО «Тываэнерго» АО "Тываэнерго" 375 -75
АО «Чеченэнерго» АО «Чеченэнерго» -3 688 26
Россети Волга Мордовэнерго -3 164 -87
Оренбургэнерго -12 384 - 140
Пензаэнерго -7 568 -65
Самарские РС -14 726 -1 123
Саратовские РС -14 917 - 495
Ульяновские РС -5 446 - 209
Чувашэнерго -4 717 137
Россети Кубань Кубаньэнерго -58 965 411
Россети Ленэнерго (ГК) Ленинградская область -33 086 831
г. Санкт-Петербург -46 070 - 104
Россети Московский регион Московская область 4 745 - 627
г. Москва 3 358 23
Россети Северный Кавказ (ГК) Дагестанская энергосбытовая компания - 111 69
Дагэнерго -7 161 537
Ингушэнерго -1 584 122
Каббалкэнерго -2 966 50
Карачаево-Черкесскэнерго -1 924 0
Севкавказэнерго -3 380 144
Ставропольэнерго -9 375 - 200
Россети Северо-Запад Архангельский филиал 80 -86
Вологодский филиал 264 2
Карельский филиал -67 185
Мурманский филиал 111 57
Новгородский филиал 216 -48
Псковский филиал 161 -20
филиал в Республике Коми -16 41
Россети Сибирь (ГК) Алтайэнерго - 545 222
Бурятэнерго - 123 303
ГАЭС 131 -17
Красноярскэнерго 1 233 - 537
Кузбассэнерго-РЭС - 406 827
Омскэнерго 182 -85
Хакасэнерго 371 - 399
Читаэнерго -47 162
Россети Томск Томская распределительная компания -7 417 - 135
Россети Тюмень Россети Тюмень -73 665 - 565
Россети Урал (ГК) Пермэнерго 631 - 215
Свердловэнерго 891 277
Челябэнерго 1 051 - 680
Россети ФСК ЕЭС Итого по ФСК ЕЭС -18 111 -6 233
Россети Центр Белгородэнерго 321 125
Брянскэнерго -5 112 27
Воронежэнерго -13 856 181
Костромаэнерго 102 -4
Курскэнерго -2 444 151
Липецкэнерго 805 - 346
Орелэнерго -4 049 -34
Смоленскэнерго -7 617 42
Тамбовэнерго -5 959 -2
Тверьэнерго - 740 57
Ярэнерго -6 294 65
Россети Центр и Приволжье (ГК) Владимирэнерго 562 52
Ивэнерго 195 55
Калугаэнерго 625 -50
Кировэнерго 464 20
Мариэнерго 173 23
Нижновэнерго 751 319
Рязаньэнерго 246 50
Тулэнерго 791 - 235
Удмуртэнерго 362 13
Россети Юг (ГК) АО «ВМЭС» -3 789 51
Астраханьэнерго -5 702 100
Волгоградэнерго -9 960 - 352
Калмэнерго -1 662 -3
Ростовэнерго -20 264 66
Россети Янтарь Россети Янтарь 360 -42' are equal

09-12-2024T10:04:42 - [MESSAGE][PASSED] - Actual object 'ДЗО
Филиал
Отклонение (объём услуг)
Отклонение (средний тариф)
АО «Тываэнерго» АО "Тываэнерго" 375 -75
АО «Чеченэнерго» АО «Чеченэнерго» -3 688 26
Россети Волга Мордовэнерго -3 164 -87
Оренбургэнерго -12 384 - 140
Пензаэнерго -7 568 -65
Самарские РС -14 726 -1 123
Саратовские РС -14 917 - 495
Ульяновские РС -5 446 - 209
Чувашэнерго -4 717 137
Россети Кубань Кубаньэнерго -58 965 411
Россети Ленэнерго (ГК) Ленинградская область -33 086 831
г. Санкт-Петербург -46 070 - 104
Россети Московский регион Московская область 4 745 - 627
г. Москва 3 358 23
Россети Северный Кавказ (ГК) Дагестанская энергосбытовая компания - 111 69
Дагэнерго -7 161 537
Ингушэнерго -1 584 122
Каббалкэнерго -2 966 50
Карачаево-Черкесскэнерго -1 924 0
Севкавказэнерго -3 380 144
Ставропольэнерго -9 375 - 200
Россети Северо-Запад Архангельский филиал 80 -86
Вологодский филиал 264 2
Карельский филиал -67 185
Мурманский филиал 111 57
Новгородский филиал 216 -48
Псковский филиал 161 -20
филиал в Республике Коми -16 41
Россети Сибирь (ГК) Алтайэнерго - 545 222
Бурятэнерго - 123 303
ГАЭС 131 -17
Красноярскэнерго 1 233 - 537
Кузбассэнерго-РЭС - 406 827
Омскэнерго 182 -85
Хакасэнерго 371 - 399
Читаэнерго -47 162
Россети Томск Томская распределительная компания -7 417 - 135
Россети Тюмень Россети Тюмень -73 665 - 565
Россети Урал (ГК) Пермэнерго 631 - 215
Свердловэнерго 891 277
Челябэнерго 1 051 - 680
Россети ФСК ЕЭС Итого по ФСК ЕЭС -18 111 -6 233
Россети Центр Белгородэнерго 321 125
Брянскэнерго -5 112 27
Воронежэнерго -13 856 181
Костромаэнерго 102 -4
Курскэнерго -2 444 151
Липецкэнерго 805 - 346
Орелэнерго -4 049 -34
Смоленскэнерго -7 617 42
Тамбовэнерго -5 959 -2
Тверьэнерго - 740 57
Ярэнерго -6 294 65
Россети Центр и Приволжье (ГК) Владимирэнерго 562 52
Ивэнерго 195 55
Калугаэнерго 625 -50
Кировэнерго 464 20
Мариэнерго 173 23
Нижновэнерго 751 319
Рязаньэнерго 246 50
Тулэнерго 791 - 235
Удмуртэнерго 362 13
Россети Юг (ГК) АО «ВМЭС» -3 789 51
Астраханьэнерго -5 702 100
Волгоградэнерго -9 960 - 352
Калмэнерго -1 662 -3
Ростовэнерго -20 264 66
Россети Янтарь Россети Янтарь 360 -42' and expected object 'ДЗО
Филиал
Отклонение (объём услуг)
Отклонение (средний тариф)
АО «Тываэнерго» АО "Тываэнерго" 375 -75
АО «Чеченэнерго» АО «Чеченэнерго» -3 688 26
Россети Волга Мордовэнерго -3 164 -87
Оренбургэнерго -12 384 - 140
Пензаэнерго -7 568 -65
Самарские РС -14 726 -1 123
Саратовские РС -14 917 - 495
Ульяновские РС -5 446 - 209
Чувашэнерго -4 717 137
Россети Кубань Кубаньэнерго -58 965 411
Россети Ленэнерго (ГК) Ленинградская область -33 086 831
г. Санкт-Петербург -46 070 - 104
Россети Московский регион Московская область 4 745 - 627
г. Москва 3 358 23
Россети Северный Кавказ (ГК) Дагестанская энергосбытовая компания - 111 69
Дагэнерго -7 161 537
Ингушэнерго -1 584 122
Каббалкэнерго -2 966 50
Карачаево-Черкесскэнерго -1 924 0
Севкавказэнерго -3 380 144
Ставропольэнерго -9 375 - 200
Россети Северо-Запад Архангельский филиал 80 -86
Вологодский филиал 264 2
Карельский филиал -67 185
Мурманский филиал 111 57
Новгородский филиал 216 -48
Псковский филиал 161 -20
филиал в Республике Коми -16 41
Россети Сибирь (ГК) Алтайэнерго - 545 222
Бурятэнерго - 123 303
ГАЭС 131 -17
Красноярскэнерго 1 233 - 537
Кузбассэнерго-РЭС - 406 827
Омскэнерго 182 -85
Хакасэнерго 371 - 399
Читаэнерго -47 162
Россети Томск Томская распределительная компания -7 417 - 135
Россети Тюмень Россети Тюмень -73 665 - 565
Россети Урал (ГК) Пермэнерго 631 - 215
Свердловэнерго 891 277
Челябэнерго 1 051 - 680
Россети ФСК ЕЭС Итого по ФСК ЕЭС -18 111 -6 233
Россети Центр Белгородэнерго 321 125
Брянскэнерго -5 112 27
Воронежэнерго -13 856 181
Костромаэнерго 102 -4
Курскэнерго -2 444 151
Липецкэнерго 805 - 346
Орелэнерго -4 049 -34
Смоленскэнерго -7 617 42
Тамбовэнерго -5 959 -2
Тверьэнерго - 740 57
Ярэнерго -6 294 65
Россети Центр и Приволжье (ГК) Владимирэнерго 562 52
Ивэнерго 195 55
Калугаэнерго 625 -50
Кировэнерго 464 20
Мариэнерго 173 23
Нижновэнерго 751 319
Рязаньэнерго 246 50
Тулэнерго 791 - 235
Удмуртэнерго 362 13
Россети Юг (ГК) АО «ВМЭС» -3 789 51
Астраханьэнерго -5 702 100
Волгоградэнерго -9 960 - 352
Калмэнерго -1 662 -3
Ростовэнерго -20 264 66
Россети Янтарь Россети Янтарь 360 -42' are equal

09-12-2024T10:04:42 - [TEST_STEP][PASSED] - Script1686231490255.WriteToExcel(user, dashboardName, n, data, run, a1, a2, a3, a4, a5, a6, a7, a8, a9): null

09-12-2024T10:04:42 - [TEST_STEP][PASSED] - sheetName = "Sheet1": null

09-12-2024T10:04:42 - [TEST_STEP][PASSED] - workbook01 = getWorkbook(excelFilePath): null

09-12-2024T10:04:42 - [TEST_STEP][PASSED] - sheet01 = getExcelSheet(workbook01, sheetName): null

09-12-2024T10:04:42 - [TEST_STEP][PASSED] - setValueToCellByIndex(sheet01, n, 0, dashboardName): null

09-12-2024T10:04:42 - [TEST_STEP][PASSED] - setValueToCellByIndex(sheet01, n, 10, user): null

09-12-2024T10:04:42 - [TEST_STEP][PASSED] - setValueToCellByIndex(sheet01, n, 1, a1): null

09-12-2024T10:04:42 - [TEST_STEP][PASSED] - setValueToCellByIndex(sheet01, n, 2, a2): null

09-12-2024T10:04:42 - [TEST_STEP][PASSED] - setValueToCellByIndex(sheet01, n, 3, a3): null

09-12-2024T10:04:42 - [TEST_STEP][PASSED] - setValueToCellByIndex(sheet01, n, 4, a4): null

09-12-2024T10:04:42 - [TEST_STEP][PASSED] - setValueToCellByIndex(sheet01, n, 5, a5): null

09-12-2024T10:04:42 - [TEST_STEP][PASSED] - setValueToCellByIndex(sheet01, n, 6, a6): null

09-12-2024T10:04:42 - [TEST_STEP][PASSED] - setValueToCellByIndex(sheet01, n, 7, a7): null

09-12-2024T10:04:42 - [TEST_STEP][PASSED] - setValueToCellByIndex(sheet01, n, 8, a8): null

09-12-2024T10:04:42 - [TEST_STEP][PASSED] - setValueToCellByIndex(sheet01, n, 9, a9): null

09-12-2024T10:04:42 - [TEST_STEP][PASSED] - n = n + 1: null

09-12-2024T10:04:42 - [TEST_STEP][PASSED] - saveWorkbook(excelFilePath, workbook01): null

09-12-2024T10:04:42 - [TEST_STEP][PASSED] - if (run == 3): null

09-12-2024T10:04:42 - [TEST_STEP][PASSED] - closeBrowser(): null

09-12-2024T10:04:42 - [MESSAGE][PASSED] - Browser is closed

09-12-2024T10:04:42 - [TEST_STEP][PASSED] - FaktorniyAnaliz(user, dashboardName, n, data, run, a1, a2, a3, a4, a5, a6, a7, a8, a9, urlData): null

09-12-2024T10:04:42 - [TEST_STEP][PASSED] - n = data.getRowNumbers() + 1: null

09-12-2024T10:04:42 - [TEST_STEP][PASSED] - println(n): null

09-12-2024T10:04:42 - [TEST_STEP][PASSED] - dashboardName = "Факторный анализ": null

09-12-2024T10:04:42 - [TEST_STEP][PASSED] - openBrowser(""): Browser is opened with url: ''

09-12-2024T10:04:42 - [MESSAGE][INFO] - Starting 'Chrome' driver

09-12-2024T10:04:42 - [MESSAGE][INFO] - Action delay is set to 0 milliseconds

09-12-2024T10:04:45 - [MESSAGE][PASSED] - Browser is opened with url: ''

09-12-2024T10:04:45 - [TEST_STEP][PASSED] - urlData = 3: null

09-12-2024T10:04:45 - [TEST_STEP][PASSED] - Script1686231490255.CheckPageDownload(urlData, run): null

09-12-2024T10:04:45 - [TEST_STEP][PASSED] - i = 1: null

09-12-2024T10:04:45 - [TEST_STEP][PASSED] - ii = 0: null

09-12-2024T10:04:45 - [TEST_STEP][PASSED] - urlText = <not implemented yet for class: org.codehaus.groovy.ast.expr.EmptyExpression>: null

09-12-2024T10:04:45 - [TEST_STEP][PASSED] - searchWord = <not implemented yet for class: org.codehaus.groovy.ast.expr.EmptyExpression>: null

09-12-2024T10:04:45 - [TEST_STEP][PASSED] - deleteAllCookies(): Delete all cookies successfully

09-12-2024T10:04:45 - [MESSAGE][PASSED] - Delete all cookies successfully

09-12-2024T10:04:45 - [TEST_STEP][PASSED] - refresh(): Refresh successfully

09-12-2024T10:04:45 - [MESSAGE][PASSED] - Refresh successfully

09-12-2024T10:04:45 - [TEST_STEP][PASSED] - delay(65): Delayed 65 second(s)

09-12-2024T10:05:50 - [MESSAGE][PASSED] - Delayed 65 second(s)

09-12-2024T10:05:50 - [TEST_STEP][PASSED] - navigateToUrl(findTestData("PlanFact").getValue(10, urlData)): Navigate to 'https://bi.rosseti.digital/viewer?dashboardGuid=2301950b23be4ed89c1df75f2020051e&sheetGuid=ccd7d7486b3d4e6fa0ee9b1eaebed46c&fit=true' successfully

09-12-2024T10:05:56 - [MESSAGE][PASSED] - Navigate to 'https://bi.rosseti.digital/viewer?dashboardGuid=2301950b23be4ed89c1df75f2020051e&sheetGuid=ccd7d7486b3d4e6fa0ee9b1eaebed46c&fit=true' successfully

09-12-2024T10:05:56 - [TEST_STEP][PASSED] - pageLoaded1 = verifyElementPresent(findTestObject("Страница авторизации/Text"), 30): Object 'Object Repository/Страница авторизации/Text' is present

09-12-2024T10:06:00 - [MESSAGE][PASSED] - Object 'Object Repository/Страница авторизации/Text' is present

09-12-2024T10:06:00 - [TEST_STEP][PASSED] - if (pageLoaded1 == false): null

09-12-2024T10:06:00 - [TEST_STEP][PASSED] - urlText = getText(findTestObject("Страница авторизации/Text")): Text of object 'Object Repository/Страница авторизации/Text' is: 'Вход'

09-12-2024T10:06:01 - [MESSAGE][PASSED] - Text of object 'Object Repository/Страница авторизации/Text' is: 'Вход'

09-12-2024T10:06:01 - [TEST_STEP][PASSED] - delay(65): Delayed 65 second(s)

09-12-2024T10:07:06 - [MESSAGE][PASSED] - Delayed 65 second(s)

09-12-2024T10:07:06 - [TEST_STEP][PASSED] - searchWord = "Вход": null

09-12-2024T10:07:06 - [TEST_STEP][PASSED] - if (urlText.contains(searchWord) == false): null

09-12-2024T10:07:06 - [TEST_STEP][PASSED] - setText(findTestObject("Страница авторизации/input__username"), findTestData("PlanFact").getValue(8, run)): Text 'Petrova-OV' is set on object 'Object Repository/Страница авторизации/input__username'

09-12-2024T10:07:06 - [MESSAGE][PASSED] - Text 'Petrova-OV' is set on object 'Object Repository/Страница авторизации/input__username'

09-12-2024T10:07:06 - [TEST_STEP][PASSED] - setText(findTestObject("Страница авторизации/input__password"), findTestData("PlanFact").getValue(9, run)): Text '4Ex@~R53r&3x&BVe7' is set on object 'Object Repository/Страница авторизации/input__password'

09-12-2024T10:07:07 - [MESSAGE][PASSED] - Text '4Ex@~R53r&3x&BVe7' is set on object 'Object Repository/Страница авторизации/input__password'

09-12-2024T10:07:07 - [TEST_STEP][PASSED] - click(findTestObject("Страница авторизации/button_")): Object: 'Object Repository/Страница авторизации/button_' is clicked on

09-12-2024T10:07:10 - [MESSAGE][PASSED] - Object: 'Object Repository/Страница авторизации/button_' is clicked on

09-12-2024T10:07:10 - [TEST_STEP][PASSED] - delay(65): Delayed 65 second(s)

09-12-2024T10:08:15 - [MESSAGE][PASSED] - Delayed 65 second(s)

09-12-2024T10:08:15 - [TEST_STEP][PASSED] - searchWord = "а": null

09-12-2024T10:08:15 - [TEST_STEP][PASSED] - pageLoaded2 = verifyElementPresent(findTestObject("Страница авторизации/Text"), 50): Object 'Object Repository/Страница авторизации/Text' is present

09-12-2024T10:08:16 - [MESSAGE][PASSED] - Object 'Object Repository/Страница авторизации/Text' is present

09-12-2024T10:08:16 - [TEST_STEP][PASSED] - if (pageLoaded2 == false): null

09-12-2024T10:08:16 - [TEST_STEP][PASSED] - urlText = getText(findTestObject("Страница авторизации/Text")): Text of object 'Object Repository/Страница авторизации/Text' is: 'Период
1, 2, 3 кв., Октябрь 2024 года
ДЗО 
Все
Подписи данных
Итого отклонения по группе компаний: - 404 755 млн.руб.
Филиал
Месяц
Факторный анализ
Всего отклонения по факторам по ПАО Россети за 1, 2, 3 кв., Октябрь 2024 года
ДЗО
Филиал
Отклонение (объём услуг)
Отклонение (средний тариф)
АО «Тываэнерго» АО "Тываэнерго" 375 -75
АО «Чеченэнерго» АО «Чеченэнерго» -3 688 26
Россети Волга Мордовэнерго -3 164 -87
Оренбургэнерго -12 384 - 140
Пензаэнерго -7 568 -65
Самарские РС -14 726 -1 123
Саратовские РС -14 917 - 495
Ульяновские РС -5 446 - 209
Чувашэнерго -4 717 137
Россети Кубань Кубаньэнерго -58 965 411
Россети Ленэнерго (ГК) Ленинградская область -33 086 831
г. Санкт-Петербург -46 070 - 104
Россети Московский регион Московская область 4 745 - 627
г. Москва 3 358 23
Россети Северный Кавказ (ГК) Дагестанская энергосбытовая компания - 111 69
Дагэнерго -7 161 537
Ингушэнерго -1 584 122
Каббалкэнерго -2 966 50
Карачаево-Черкесскэнерго -1 924 0
Севкавказэнерго -3 380 144
Ставропольэнерго -9 375 - 200
Россети Северо-Запад Архангельский филиал 80 -86
Вологодский филиал 264 2
Карельский филиал -67 185
Мурманский филиал 111 57
Новгородский филиал 216 -48
Псковский филиал 161 -20
филиал в Республике Коми -16 41
Россети Сибирь (ГК) Алтайэнерго - 545 222
Бурятэнерго - 123 303
ГАЭС 131 -17
Красноярскэнерго 1 233 - 537
Кузбассэнерго-РЭС - 406 827
Омскэнерго 182 -85
Хакасэнерго 371 - 399
Читаэнерго -47 162
Россети Томск Томская распределительная компания -7 417 - 135
Россети Тюмень Россети Тюмень -73 665 - 565
Россети Урал (ГК) Пермэнерго 631 - 215
Свердловэнерго 891 277
Челябэнерго 1 051 - 680
Россети ФСК ЕЭС Итого по ФСК ЕЭС -18 111 -6 233
Россети Центр Белгородэнерго 321 125
Брянскэнерго -5 112 27
Воронежэнерго -13 856 181
Костромаэнерго 102 -4
Курскэнерго -2 444 151
Липецкэнерго 805 - 346
Орелэнерго -4 049 -34
Смоленскэнерго -7 617 42
Тамбовэнерго -5 959 -2
Тверьэнерго - 740 57
Ярэнерго -6 294 65
Россети Центр и Приволжье (ГК) Владимирэнерго 562 52
Ивэнерго 195 55
Калугаэнерго 625 -50
Кировэнерго 464 20
Мариэнерго 173 23
Нижновэнерго 751 319
Рязаньэнерго 246 50
Тулэнерго 791 - 235
Удмуртэнерго 362 13
Россети Юг (ГК) АО «ВМЭС» -3 789 51
Астраханьэнерго -5 702 100
Волгоградэнерго -9 960 - 352
Калмэнерго -1 662 -3
Ростовэнерго -20 264 66
Россети Янтарь Россети Янтарь 360 -42
Отклонения выручки по факторам по выбранным ДЗО, руб
-399 523-399 523
-7 388-7 388
Отклонение (объём услуг)
Отклонение (средний тариф)
ПАО Россети'

09-12-2024T10:08:16 - [MESSAGE][PASSED] - Text of object 'Object Repository/Страница авторизации/Text' is: 'Период
1, 2, 3 кв., Октябрь 2024 года
ДЗО 
Все
Подписи данных
Итого отклонения по группе компаний: - 404 755 млн.руб.
Филиал
Месяц
Факторный анализ
Всего отклонения по факторам по ПАО Россети за 1, 2, 3 кв., Октябрь 2024 года
ДЗО
Филиал
Отклонение (объём услуг)
Отклонение (средний тариф)
АО «Тываэнерго» АО "Тываэнерго" 375 -75
АО «Чеченэнерго» АО «Чеченэнерго» -3 688 26
Россети Волга Мордовэнерго -3 164 -87
Оренбургэнерго -12 384 - 140
Пензаэнерго -7 568 -65
Самарские РС -14 726 -1 123
Саратовские РС -14 917 - 495
Ульяновские РС -5 446 - 209
Чувашэнерго -4 717 137
Россети Кубань Кубаньэнерго -58 965 411
Россети Ленэнерго (ГК) Ленинградская область -33 086 831
г. Санкт-Петербург -46 070 - 104
Россети Московский регион Московская область 4 745 - 627
г. Москва 3 358 23
Россети Северный Кавказ (ГК) Дагестанская энергосбытовая компания - 111 69
Дагэнерго -7 161 537
Ингушэнерго -1 584 122
Каббалкэнерго -2 966 50
Карачаево-Черкесскэнерго -1 924 0
Севкавказэнерго -3 380 144
Ставропольэнерго -9 375 - 200
Россети Северо-Запад Архангельский филиал 80 -86
Вологодский филиал 264 2
Карельский филиал -67 185
Мурманский филиал 111 57
Новгородский филиал 216 -48
Псковский филиал 161 -20
филиал в Республике Коми -16 41
Россети Сибирь (ГК) Алтайэнерго - 545 222
Бурятэнерго - 123 303
ГАЭС 131 -17
Красноярскэнерго 1 233 - 537
Кузбассэнерго-РЭС - 406 827
Омскэнерго 182 -85
Хакасэнерго 371 - 399
Читаэнерго -47 162
Россети Томск Томская распределительная компания -7 417 - 135
Россети Тюмень Россети Тюмень -73 665 - 565
Россети Урал (ГК) Пермэнерго 631 - 215
Свердловэнерго 891 277
Челябэнерго 1 051 - 680
Россети ФСК ЕЭС Итого по ФСК ЕЭС -18 111 -6 233
Россети Центр Белгородэнерго 321 125
Брянскэнерго -5 112 27
Воронежэнерго -13 856 181
Костромаэнерго 102 -4
Курскэнерго -2 444 151
Липецкэнерго 805 - 346
Орелэнерго -4 049 -34
Смоленскэнерго -7 617 42
Тамбовэнерго -5 959 -2
Тверьэнерго - 740 57
Ярэнерго -6 294 65
Россети Центр и Приволжье (ГК) Владимирэнерго 562 52
Ивэнерго 195 55
Калугаэнерго 625 -50
Кировэнерго 464 20
Мариэнерго 173 23
Нижновэнерго 751 319
Рязаньэнерго 246 50
Тулэнерго 791 - 235
Удмуртэнерго 362 13
Россети Юг (ГК) АО «ВМЭС» -3 789 51
Астраханьэнерго -5 702 100
Волгоградэнерго -9 960 - 352
Калмэнерго -1 662 -3
Ростовэнерго -20 264 66
Россети Янтарь Россети Янтарь 360 -42
Отклонения выручки по факторам по выбранным ДЗО, руб
-399 523-399 523
-7 388-7 388
Отклонение (объём услуг)
Отклонение (средний тариф)
ПАО Россети'

09-12-2024T10:08:16 - [TEST_STEP][PASSED] - if (urlText.contains("ошибка") || urlText.contains(searchWord) == false): null

09-12-2024T10:08:16 - [TEST_STEP][PASSED] - click(findTestObject("Факторный анализ/Фильтр Период")): Object: 'Object Repository/Факторный анализ/Фильтр Период' is clicked on

09-12-2024T10:08:17 - [MESSAGE][PASSED] - Object: 'Object Repository/Факторный анализ/Фильтр Период' is clicked on

09-12-2024T10:08:17 - [TEST_STEP][PASSED] - click(findTestObject("Факторный анализ/Снять выделение в фильтре Дата")): Object: 'Object Repository/Факторный анализ/Снять выделение в фильтре Дата' is clicked on

09-12-2024T10:08:17 - [MESSAGE][PASSED] - Object: 'Object Repository/Факторный анализ/Снять выделение в фильтре Дата' is clicked on

09-12-2024T10:08:17 - [TEST_STEP][PASSED] - click(findTestObject("Факторный анализ/Применить в фильтре Дата")): Object: 'Object Repository/Факторный анализ/Применить в фильтре Дата' is clicked on

09-12-2024T10:08:18 - [MESSAGE][PASSED] - Object: 'Object Repository/Факторный анализ/Применить в фильтре Дата' is clicked on

09-12-2024T10:08:18 - [TEST_STEP][PASSED] - click(findTestObject("Факторный анализ/Фильтр Период")): Object: 'Object Repository/Факторный анализ/Фильтр Период' is clicked on

09-12-2024T10:08:21 - [MESSAGE][PASSED] - Object: 'Object Repository/Факторный анализ/Фильтр Период' is clicked on

09-12-2024T10:08:21 - [TEST_STEP][PASSED] - click(findTestObject("Факторный анализ/Снять выделение в фильтре Дата")): Object: 'Object Repository/Факторный анализ/Снять выделение в фильтре Дата' is clicked on

09-12-2024T10:08:22 - [MESSAGE][PASSED] - Object: 'Object Repository/Факторный анализ/Снять выделение в фильтре Дата' is clicked on

09-12-2024T10:08:22 - [TEST_STEP][PASSED] - scrollToElement(findTestObject("Факторный анализ/2024 список"), 30): Scroll to object 'Object Repository/Факторный анализ/2024 список' successfully

09-12-2024T10:08:22 - [MESSAGE][PASSED] - Scroll to object 'Object Repository/Факторный анализ/2024 список' successfully

09-12-2024T10:08:22 - [TEST_STEP][PASSED] - click(findTestObject("Факторный анализ/2024 список")): Object: 'Object Repository/Факторный анализ/2024 список' is clicked on

09-12-2024T10:08:23 - [MESSAGE][PASSED] - Object: 'Object Repository/Факторный анализ/2024 список' is clicked on

09-12-2024T10:08:23 - [TEST_STEP][PASSED] - scrollToElement(findTestObject("Факторный анализ/1 квартал 2024 выбрать"), 30): Scroll to object 'Object Repository/Факторный анализ/1 квартал 2024 выбрать' successfully

09-12-2024T10:08:23 - [MESSAGE][PASSED] - Scroll to object 'Object Repository/Факторный анализ/1 квартал 2024 выбрать' successfully

09-12-2024T10:08:23 - [TEST_STEP][PASSED] - click(findTestObject("Факторный анализ/1 квартал 2024 выбрать")): Object: 'Object Repository/Факторный анализ/1 квартал 2024 выбрать' is clicked on

09-12-2024T10:08:23 - [MESSAGE][PASSED] - Object: 'Object Repository/Факторный анализ/1 квартал 2024 выбрать' is clicked on

09-12-2024T10:08:23 - [TEST_STEP][PASSED] - scrollToElement(findTestObject("Факторный анализ/1 квартал 2024 выбрать"), 30): Scroll to object 'Object Repository/Факторный анализ/1 квартал 2024 выбрать' successfully

09-12-2024T10:08:24 - [MESSAGE][PASSED] - Scroll to object 'Object Repository/Факторный анализ/1 квартал 2024 выбрать' successfully

09-12-2024T10:08:24 - [TEST_STEP][PASSED] - click(findTestObject("Факторный анализ/2 квартал 2024 выбрать"), CONTINUE_ON_FAILURE): Object: 'Object Repository/Факторный анализ/2 квартал 2024 выбрать' is clicked on

09-12-2024T10:08:24 - [MESSAGE][PASSED] - Object: 'Object Repository/Факторный анализ/2 квартал 2024 выбрать' is clicked on

09-12-2024T10:08:24 - [TEST_STEP][PASSED] - scrollToElement(findTestObject("Факторный анализ/3 квартал 2024 список"), 30): Scroll to object 'Object Repository/Факторный анализ/3 квартал 2024 список' successfully

09-12-2024T10:08:25 - [MESSAGE][PASSED] - Scroll to object 'Object Repository/Факторный анализ/3 квартал 2024 список' successfully

09-12-2024T10:08:25 - [TEST_STEP][PASSED] - click(findTestObject("Факторный анализ/3 квартал 2024 выбрать"), CONTINUE_ON_FAILURE): Object: 'Object Repository/Факторный анализ/3 квартал 2024 выбрать' is clicked on

09-12-2024T10:08:25 - [MESSAGE][PASSED] - Object: 'Object Repository/Факторный анализ/3 квартал 2024 выбрать' is clicked on

09-12-2024T10:08:25 - [TEST_STEP][PASSED] - scrollToElement(findTestObject("Факторный анализ/4 квартал 2024 список"), 30): Scroll to object 'Object Repository/Факторный анализ/4 квартал 2024 список' successfully

09-12-2024T10:08:26 - [MESSAGE][PASSED] - Scroll to object 'Object Repository/Факторный анализ/4 квартал 2024 список' successfully

09-12-2024T10:08:26 - [TEST_STEP][PASSED] - click(findTestObject("Факторный анализ/4 квартал 2024 список"), CONTINUE_ON_FAILURE): Object: 'Object Repository/Факторный анализ/4 квартал 2024 список' is clicked on

09-12-2024T10:08:26 - [MESSAGE][PASSED] - Object: 'Object Repository/Факторный анализ/4 квартал 2024 список' is clicked on

09-12-2024T10:08:26 - [TEST_STEP][PASSED] - scrollToElement(findTestObject("Факторный анализ/Октябрь 2024"), 30): Scroll to object 'Object Repository/Факторный анализ/Октябрь 2024' successfully

09-12-2024T10:08:26 - [MESSAGE][PASSED] - Scroll to object 'Object Repository/Факторный анализ/Октябрь 2024' successfully

09-12-2024T10:08:26 - [TEST_STEP][PASSED] - click(findTestObject("Факторный анализ/Октябрь 2024"), CONTINUE_ON_FAILURE): Object: 'Object Repository/Факторный анализ/Октябрь 2024' is clicked on

09-12-2024T10:08:27 - [MESSAGE][PASSED] - Object: 'Object Repository/Факторный анализ/Октябрь 2024' is clicked on

09-12-2024T10:08:27 - [TEST_STEP][PASSED] - scrollToElement(findTestObject("Факторный анализ/Заголовок дашборда"), 30): Scroll to object 'Object Repository/Факторный анализ/Заголовок дашборда' successfully

09-12-2024T10:08:27 - [MESSAGE][PASSED] - Scroll to object 'Object Repository/Факторный анализ/Заголовок дашборда' successfully

09-12-2024T10:08:27 - [TEST_STEP][PASSED] - click(findTestObject("Факторный анализ/Применить в фильтре Дата")): Object: 'Object Repository/Факторный анализ/Применить в фильтре Дата' is clicked on

09-12-2024T10:08:28 - [MESSAGE][PASSED] - Object: 'Object Repository/Факторный анализ/Применить в фильтре Дата' is clicked on

09-12-2024T10:08:28 - [TEST_STEP][PASSED] - a5 = "": null

09-12-2024T10:08:28 - [TEST_STEP][PASSED] - a6 = "": null

09-12-2024T10:08:28 - [TEST_STEP][PASSED] - a7 = "": null

09-12-2024T10:08:28 - [TEST_STEP][PASSED] - a8 = "": null

09-12-2024T10:08:28 - [TEST_STEP][PASSED] - a9 = "": null

09-12-2024T10:08:28 - [TEST_STEP][PASSED] - if (run == 1): null

09-12-2024T10:08:28 - [TEST_STEP][PASSED] - if (run == 2): null

09-12-2024T10:08:28 - [TEST_STEP][PASSED] - if (run == 3): null

09-12-2024T10:08:28 - [TEST_STEP][PASSED] - user = "Попова": null

09-12-2024T10:08:28 - [TEST_STEP][PASSED] - a1 = getText(findTestObject("Факторный анализ/span1 Блок руководителя")): Text of object 'Object Repository/Факторный анализ/span1 Блок руководителя' is: ''

09-12-2024T10:08:30 - [MESSAGE][PASSED] - Text of object 'Object Repository/Факторный анализ/span1 Блок руководителя' is: ''

09-12-2024T10:08:30 - [TEST_STEP][PASSED] - a2 = getText(findTestObject("Факторный анализ/span2 Блок руководителя")): Text of object 'Object Repository/Факторный анализ/span2 Блок руководителя' is: ''

09-12-2024T10:08:30 - [MESSAGE][PASSED] - Text of object 'Object Repository/Факторный анализ/span2 Блок руководителя' is: ''

09-12-2024T10:08:30 - [TEST_STEP][PASSED] - a3 = getText(findTestObject("Факторный анализ/График Всего отклонения по факторам Блок руководителя")): Text of object 'Object Repository/Факторный анализ/График Всего отклонения по факторам Блок руководителя' is: 'ДЗО
Филиал
Отклонение (объём услуг)
Отклонение (средний тариф)
АО «Тываэнерго» АО "Тываэнерго" 375 -75
АО «Чеченэнерго» АО «Чеченэнерго» -3 688 26
Россети Волга Мордовэнерго -3 164 -87
Оренбургэнерго -12 384 - 140
Пензаэнерго -7 568 -65
Самарские РС -14 726 -1 123
Саратовские РС -14 917 - 495
Ульяновские РС -5 446 - 209
Чувашэнерго -4 717 137
Россети Кубань Кубаньэнерго -58 965 411
Россети Ленэнерго (ГК) Ленинградская область -33 086 831
г. Санкт-Петербург -46 070 - 104
Россети Московский регион Московская область 4 745 - 627
г. Москва 3 358 23
Россети Северный Кавказ (ГК) Дагестанская энергосбытовая компания - 111 69
Дагэнерго -7 161 537
Ингушэнерго -1 584 122
Каббалкэнерго -2 966 50
Карачаево-Черкесскэнерго -1 924 0
Севкавказэнерго -3 380 144
Ставропольэнерго -9 375 - 200
Россети Северо-Запад Архангельский филиал 80 -86
Вологодский филиал 264 2
Карельский филиал -67 185
Мурманский филиал 111 57
Новгородский филиал 216 -48
Псковский филиал 161 -20
филиал в Республике Коми -16 41
Россети Сибирь (ГК) Алтайэнерго - 545 222
Бурятэнерго - 123 303
ГАЭС 131 -17
Красноярскэнерго 1 233 - 537
Кузбассэнерго-РЭС - 406 827
Омскэнерго 182 -85
Хакасэнерго 371 - 399
Читаэнерго -47 162
Россети Томск Томская распределительная компания -7 417 - 135
Россети Тюмень Россети Тюмень -73 665 - 565
Россети Урал (ГК) Пермэнерго 631 - 215
Свердловэнерго 891 277
Челябэнерго 1 051 - 680
Россети ФСК ЕЭС Итого по ФСК ЕЭС -18 111 -6 233
Россети Центр Белгородэнерго 321 125
Брянскэнерго -5 112 27
Воронежэнерго -13 856 181
Костромаэнерго 102 -4
Курскэнерго -2 444 151
Липецкэнерго 805 - 346
Орелэнерго -4 049 -34
Смоленскэнерго -7 617 42
Тамбовэнерго -5 959 -2
Тверьэнерго - 740 57
Ярэнерго -6 294 65
Россети Центр и Приволжье (ГК) Владимирэнерго 562 52
Ивэнерго 195 55
Калугаэнерго 625 -50
Кировэнерго 464 20
Мариэнерго 173 23
Нижновэнерго 751 319
Рязаньэнерго 246 50
Тулэнерго 791 - 235
Удмуртэнерго 362 13
Россети Юг (ГК) АО «ВМЭС» -3 789 51
Астраханьэнерго -5 702 100
Волгоградэнерго -9 960 - 352
Калмэнерго -1 662 -3
Ростовэнерго -20 264 66
Россети Янтарь Россети Янтарь 360 -42'

09-12-2024T10:08:31 - [MESSAGE][PASSED] - Text of object 'Object Repository/Факторный анализ/График Всего отклонения по факторам Блок руководителя' is: 'ДЗО
Филиал
Отклонение (объём услуг)
Отклонение (средний тариф)
АО «Тываэнерго» АО "Тываэнерго" 375 -75
АО «Чеченэнерго» АО «Чеченэнерго» -3 688 26
Россети Волга Мордовэнерго -3 164 -87
Оренбургэнерго -12 384 - 140
Пензаэнерго -7 568 -65
Самарские РС -14 726 -1 123
Саратовские РС -14 917 - 495
Ульяновские РС -5 446 - 209
Чувашэнерго -4 717 137
Россети Кубань Кубаньэнерго -58 965 411
Россети Ленэнерго (ГК) Ленинградская область -33 086 831
г. Санкт-Петербург -46 070 - 104
Россети Московский регион Московская область 4 745 - 627
г. Москва 3 358 23
Россети Северный Кавказ (ГК) Дагестанская энергосбытовая компания - 111 69
Дагэнерго -7 161 537
Ингушэнерго -1 584 122
Каббалкэнерго -2 966 50
Карачаево-Черкесскэнерго -1 924 0
Севкавказэнерго -3 380 144
Ставропольэнерго -9 375 - 200
Россети Северо-Запад Архангельский филиал 80 -86
Вологодский филиал 264 2
Карельский филиал -67 185
Мурманский филиал 111 57
Новгородский филиал 216 -48
Псковский филиал 161 -20
филиал в Республике Коми -16 41
Россети Сибирь (ГК) Алтайэнерго - 545 222
Бурятэнерго - 123 303
ГАЭС 131 -17
Красноярскэнерго 1 233 - 537
Кузбассэнерго-РЭС - 406 827
Омскэнерго 182 -85
Хакасэнерго 371 - 399
Читаэнерго -47 162
Россети Томск Томская распределительная компания -7 417 - 135
Россети Тюмень Россети Тюмень -73 665 - 565
Россети Урал (ГК) Пермэнерго 631 - 215
Свердловэнерго 891 277
Челябэнерго 1 051 - 680
Россети ФСК ЕЭС Итого по ФСК ЕЭС -18 111 -6 233
Россети Центр Белгородэнерго 321 125
Брянскэнерго -5 112 27
Воронежэнерго -13 856 181
Костромаэнерго 102 -4
Курскэнерго -2 444 151
Липецкэнерго 805 - 346
Орелэнерго -4 049 -34
Смоленскэнерго -7 617 42
Тамбовэнерго -5 959 -2
Тверьэнерго - 740 57
Ярэнерго -6 294 65
Россети Центр и Приволжье (ГК) Владимирэнерго 562 52
Ивэнерго 195 55
Калугаэнерго 625 -50
Кировэнерго 464 20
Мариэнерго 173 23
Нижновэнерго 751 319
Рязаньэнерго 246 50
Тулэнерго 791 - 235
Удмуртэнерго 362 13
Россети Юг (ГК) АО «ВМЭС» -3 789 51
Астраханьэнерго -5 702 100
Волгоградэнерго -9 960 - 352
Калмэнерго -1 662 -3
Ростовэнерго -20 264 66
Россети Янтарь Россети Янтарь 360 -42'

09-12-2024T10:08:31 - [TEST_STEP][PASSED] - click(findTestObject("Факторный анализ/Переключить отображение с филиала на месяц")): Object: 'Object Repository/Факторный анализ/Переключить отображение с филиала на месяц' is clicked on

09-12-2024T10:08:31 - [MESSAGE][PASSED] - Object: 'Object Repository/Факторный анализ/Переключить отображение с филиала на месяц' is clicked on

09-12-2024T10:08:31 - [TEST_STEP][PASSED] - a4 = getText(findTestObject("Факторный анализ/График Всего отклонения по факторам Блок руководителя")): Text of object 'Object Repository/Факторный анализ/График Всего отклонения по факторам Блок руководителя' is: 'ДЗО
Филиал
Отклонение (объём услуг)
Отклонение (средний тариф)
АО «Тываэнерго» АО "Тываэнерго" 375 -75
АО «Чеченэнерго» АО «Чеченэнерго» -3 688 26
Россети Волга Мордовэнерго -3 164 -87
Оренбургэнерго -12 384 - 140
Пензаэнерго -7 568 -65
Самарские РС -14 726 -1 123
Саратовские РС -14 917 - 495
Ульяновские РС -5 446 - 209
Чувашэнерго -4 717 137
Россети Кубань Кубаньэнерго -58 965 411
Россети Ленэнерго (ГК) Ленинградская область -33 086 831
г. Санкт-Петербург -46 070 - 104
Россети Московский регион Московская область 4 745 - 627
г. Москва 3 358 23
Россети Северный Кавказ (ГК) Дагестанская энергосбытовая компания - 111 69
Дагэнерго -7 161 537
Ингушэнерго -1 584 122
Каббалкэнерго -2 966 50
Карачаево-Черкесскэнерго -1 924 0
Севкавказэнерго -3 380 144
Ставропольэнерго -9 375 - 200
Россети Северо-Запад Архангельский филиал 80 -86
Вологодский филиал 264 2
Карельский филиал -67 185
Мурманский филиал 111 57
Новгородский филиал 216 -48
Псковский филиал 161 -20
филиал в Республике Коми -16 41
Россети Сибирь (ГК) Алтайэнерго - 545 222
Бурятэнерго - 123 303
ГАЭС 131 -17
Красноярскэнерго 1 233 - 537
Кузбассэнерго-РЭС - 406 827
Омскэнерго 182 -85
Хакасэнерго 371 - 399
Читаэнерго -47 162
Россети Томск Томская распределительная компания -7 417 - 135
Россети Тюмень Россети Тюмень -73 665 - 565
Россети Урал (ГК) Пермэнерго 631 - 215
Свердловэнерго 891 277
Челябэнерго 1 051 - 680
Россети ФСК ЕЭС Итого по ФСК ЕЭС -18 111 -6 233
Россети Центр Белгородэнерго 321 125
Брянскэнерго -5 112 27
Воронежэнерго -13 856 181
Костромаэнерго 102 -4
Курскэнерго -2 444 151
Липецкэнерго 805 - 346
Орелэнерго -4 049 -34
Смоленскэнерго -7 617 42
Тамбовэнерго -5 959 -2
Тверьэнерго - 740 57
Ярэнерго -6 294 65
Россети Центр и Приволжье (ГК) Владимирэнерго 562 52
Ивэнерго 195 55
Калугаэнерго 625 -50
Кировэнерго 464 20
Мариэнерго 173 23
Нижновэнерго 751 319
Рязаньэнерго 246 50
Тулэнерго 791 - 235
Удмуртэнерго 362 13
Россети Юг (ГК) АО «ВМЭС» -3 789 51
Астраханьэнерго -5 702 100
Волгоградэнерго -9 960 - 352
Калмэнерго -1 662 -3
Ростовэнерго -20 264 66
Россети Янтарь Россети Янтарь 360 -42'

09-12-2024T10:08:31 - [MESSAGE][PASSED] - Text of object 'Object Repository/Факторный анализ/График Всего отклонения по факторам Блок руководителя' is: 'ДЗО
Филиал
Отклонение (объём услуг)
Отклонение (средний тариф)
АО «Тываэнерго» АО "Тываэнерго" 375 -75
АО «Чеченэнерго» АО «Чеченэнерго» -3 688 26
Россети Волга Мордовэнерго -3 164 -87
Оренбургэнерго -12 384 - 140
Пензаэнерго -7 568 -65
Самарские РС -14 726 -1 123
Саратовские РС -14 917 - 495
Ульяновские РС -5 446 - 209
Чувашэнерго -4 717 137
Россети Кубань Кубаньэнерго -58 965 411
Россети Ленэнерго (ГК) Ленинградская область -33 086 831
г. Санкт-Петербург -46 070 - 104
Россети Московский регион Московская область 4 745 - 627
г. Москва 3 358 23
Россети Северный Кавказ (ГК) Дагестанская энергосбытовая компания - 111 69
Дагэнерго -7 161 537
Ингушэнерго -1 584 122
Каббалкэнерго -2 966 50
Карачаево-Черкесскэнерго -1 924 0
Севкавказэнерго -3 380 144
Ставропольэнерго -9 375 - 200
Россети Северо-Запад Архангельский филиал 80 -86
Вологодский филиал 264 2
Карельский филиал -67 185
Мурманский филиал 111 57
Новгородский филиал 216 -48
Псковский филиал 161 -20
филиал в Республике Коми -16 41
Россети Сибирь (ГК) Алтайэнерго - 545 222
Бурятэнерго - 123 303
ГАЭС 131 -17
Красноярскэнерго 1 233 - 537
Кузбассэнерго-РЭС - 406 827
Омскэнерго 182 -85
Хакасэнерго 371 - 399
Читаэнерго -47 162
Россети Томск Томская распределительная компания -7 417 - 135
Россети Тюмень Россети Тюмень -73 665 - 565
Россети Урал (ГК) Пермэнерго 631 - 215
Свердловэнерго 891 277
Челябэнерго 1 051 - 680
Россети ФСК ЕЭС Итого по ФСК ЕЭС -18 111 -6 233
Россети Центр Белгородэнерго 321 125
Брянскэнерго -5 112 27
Воронежэнерго -13 856 181
Костромаэнерго 102 -4
Курскэнерго -2 444 151
Липецкэнерго 805 - 346
Орелэнерго -4 049 -34
Смоленскэнерго -7 617 42
Тамбовэнерго -5 959 -2
Тверьэнерго - 740 57
Ярэнерго -6 294 65
Россети Центр и Приволжье (ГК) Владимирэнерго 562 52
Ивэнерго 195 55
Калугаэнерго 625 -50
Кировэнерго 464 20
Мариэнерго 173 23
Нижновэнерго 751 319
Рязаньэнерго 246 50
Тулэнерго 791 - 235
Удмуртэнерго 362 13
Россети Юг (ГК) АО «ВМЭС» -3 789 51
Астраханьэнерго -5 702 100
Волгоградэнерго -9 960 - 352
Калмэнерго -1 662 -3
Ростовэнерго -20 264 66
Россети Янтарь Россети Янтарь 360 -42'

09-12-2024T10:08:31 - [TEST_STEP][PASSED] - n = n + 26: null

09-12-2024T10:08:31 - [TEST_STEP][PASSED] - b = n - run + 1: null

09-12-2024T10:08:31 - [TEST_STEP][PASSED] - verifyEqual(findTestData("PlanFact").getValue(2, b), a1): Actual object '' and expected object '' are equal

09-12-2024T10:08:31 - [MESSAGE][PASSED] - Actual object '' and expected object '' are equal

09-12-2024T10:08:31 - [TEST_STEP][PASSED] - verifyEqual(findTestData("PlanFact").getValue(3, b), a2): Actual object '' and expected object '' are equal

09-12-2024T10:08:31 - [MESSAGE][PASSED] - Actual object '' and expected object '' are equal

09-12-2024T10:08:31 - [TEST_STEP][PASSED] - verifyEqual(findTestData("PlanFact").getValue(4, b), a3): Actual object 'ДЗО
Филиал
Отклонение (объём услуг)
Отклонение (средний тариф)
АО «Тываэнерго» АО "Тываэнерго" 375 -75
АО «Чеченэнерго» АО «Чеченэнерго» -3 688 26
Россети Волга Мордовэнерго -3 164 -87
Оренбургэнерго -12 384 - 140
Пензаэнерго -7 568 -65
Самарские РС -14 726 -1 123
Саратовские РС -14 917 - 495
Ульяновские РС -5 446 - 209
Чувашэнерго -4 717 137
Россети Кубань Кубаньэнерго -58 965 411
Россети Ленэнерго (ГК) Ленинградская область -33 086 831
г. Санкт-Петербург -46 070 - 104
Россети Московский регион Московская область 4 745 - 627
г. Москва 3 358 23
Россети Северный Кавказ (ГК) Дагестанская энергосбытовая компания - 111 69
Дагэнерго -7 161 537
Ингушэнерго -1 584 122
Каббалкэнерго -2 966 50
Карачаево-Черкесскэнерго -1 924 0
Севкавказэнерго -3 380 144
Ставропольэнерго -9 375 - 200
Россети Северо-Запад Архангельский филиал 80 -86
Вологодский филиал 264 2
Карельский филиал -67 185
Мурманский филиал 111 57
Новгородский филиал 216 -48
Псковский филиал 161 -20
филиал в Республике Коми -16 41
Россети Сибирь (ГК) Алтайэнерго - 545 222
Бурятэнерго - 123 303
ГАЭС 131 -17
Красноярскэнерго 1 233 - 537
Кузбассэнерго-РЭС - 406 827
Омскэнерго 182 -85
Хакасэнерго 371 - 399
Читаэнерго -47 162
Россети Томск Томская распределительная компания -7 417 - 135
Россети Тюмень Россети Тюмень -73 665 - 565
Россети Урал (ГК) Пермэнерго 631 - 215
Свердловэнерго 891 277
Челябэнерго 1 051 - 680
Россети ФСК ЕЭС Итого по ФСК ЕЭС -18 111 -6 233
Россети Центр Белгородэнерго 321 125
Брянскэнерго -5 112 27
Воронежэнерго -13 856 181
Костромаэнерго 102 -4
Курскэнерго -2 444 151
Липецкэнерго 805 - 346
Орелэнерго -4 049 -34
Смоленскэнерго -7 617 42
Тамбовэнерго -5 959 -2
Тверьэнерго - 740 57
Ярэнерго -6 294 65
Россети Центр и Приволжье (ГК) Владимирэнерго 562 52
Ивэнерго 195 55
Калугаэнерго 625 -50
Кировэнерго 464 20
Мариэнерго 173 23
Нижновэнерго 751 319
Рязаньэнерго 246 50
Тулэнерго 791 - 235
Удмуртэнерго 362 13
Россети Юг (ГК) АО «ВМЭС» -3 789 51
Астраханьэнерго -5 702 100
Волгоградэнерго -9 960 - 352
Калмэнерго -1 662 -3
Ростовэнерго -20 264 66
Россети Янтарь Россети Янтарь 360 -42' and expected object 'ДЗО
Филиал
Отклонение (объём услуг)
Отклонение (средний тариф)
АО «Тываэнерго» АО "Тываэнерго" 375 -75
АО «Чеченэнерго» АО «Чеченэнерго» -3 688 26
Россети Волга Мордовэнерго -3 164 -87
Оренбургэнерго -12 384 - 140
Пензаэнерго -7 568 -65
Самарские РС -14 726 -1 123
Саратовские РС -14 917 - 495
Ульяновские РС -5 446 - 209
Чувашэнерго -4 717 137
Россети Кубань Кубаньэнерго -58 965 411
Россети Ленэнерго (ГК) Ленинградская область -33 086 831
г. Санкт-Петербург -46 070 - 104
Россети Московский регион Московская область 4 745 - 627
г. Москва 3 358 23
Россети Северный Кавказ (ГК) Дагестанская энергосбытовая компания - 111 69
Дагэнерго -7 161 537
Ингушэнерго -1 584 122
Каббалкэнерго -2 966 50
Карачаево-Черкесскэнерго -1 924 0
Севкавказэнерго -3 380 144
Ставропольэнерго -9 375 - 200
Россети Северо-Запад Архангельский филиал 80 -86
Вологодский филиал 264 2
Карельский филиал -67 185
Мурманский филиал 111 57
Новгородский филиал 216 -48
Псковский филиал 161 -20
филиал в Республике Коми -16 41
Россети Сибирь (ГК) Алтайэнерго - 545 222
Бурятэнерго - 123 303
ГАЭС 131 -17
Красноярскэнерго 1 233 - 537
Кузбассэнерго-РЭС - 406 827
Омскэнерго 182 -85
Хакасэнерго 371 - 399
Читаэнерго -47 162
Россети Томск Томская распределительная компания -7 417 - 135
Россети Тюмень Россети Тюмень -73 665 - 565
Россети Урал (ГК) Пермэнерго 631 - 215
Свердловэнерго 891 277
Челябэнерго 1 051 - 680
Россети ФСК ЕЭС Итого по ФСК ЕЭС -18 111 -6 233
Россети Центр Белгородэнерго 321 125
Брянскэнерго -5 112 27
Воронежэнерго -13 856 181
Костромаэнерго 102 -4
Курскэнерго -2 444 151
Липецкэнерго 805 - 346
Орелэнерго -4 049 -34
Смоленскэнерго -7 617 42
Тамбовэнерго -5 959 -2
Тверьэнерго - 740 57
Ярэнерго -6 294 65
Россети Центр и Приволжье (ГК) Владимирэнерго 562 52
Ивэнерго 195 55
Калугаэнерго 625 -50
Кировэнерго 464 20
Мариэнерго 173 23
Нижновэнерго 751 319
Рязаньэнерго 246 50
Тулэнерго 791 - 235
Удмуртэнерго 362 13
Россети Юг (ГК) АО «ВМЭС» -3 789 51
Астраханьэнерго -5 702 100
Волгоградэнерго -9 960 - 352
Калмэнерго -1 662 -3
Ростовэнерго -20 264 66
Россети Янтарь Россети Янтарь 360 -42' are equal

09-12-2024T10:08:31 - [MESSAGE][PASSED] - Actual object 'ДЗО
Филиал
Отклонение (объём услуг)
Отклонение (средний тариф)
АО «Тываэнерго» АО "Тываэнерго" 375 -75
АО «Чеченэнерго» АО «Чеченэнерго» -3 688 26
Россети Волга Мордовэнерго -3 164 -87
Оренбургэнерго -12 384 - 140
Пензаэнерго -7 568 -65
Самарские РС -14 726 -1 123
Саратовские РС -14 917 - 495
Ульяновские РС -5 446 - 209
Чувашэнерго -4 717 137
Россети Кубань Кубаньэнерго -58 965 411
Россети Ленэнерго (ГК) Ленинградская область -33 086 831
г. Санкт-Петербург -46 070 - 104
Россети Московский регион Московская область 4 745 - 627
г. Москва 3 358 23
Россети Северный Кавказ (ГК) Дагестанская энергосбытовая компания - 111 69
Дагэнерго -7 161 537
Ингушэнерго -1 584 122
Каббалкэнерго -2 966 50
Карачаево-Черкесскэнерго -1 924 0
Севкавказэнерго -3 380 144
Ставропольэнерго -9 375 - 200
Россети Северо-Запад Архангельский филиал 80 -86
Вологодский филиал 264 2
Карельский филиал -67 185
Мурманский филиал 111 57
Новгородский филиал 216 -48
Псковский филиал 161 -20
филиал в Республике Коми -16 41
Россети Сибирь (ГК) Алтайэнерго - 545 222
Бурятэнерго - 123 303
ГАЭС 131 -17
Красноярскэнерго 1 233 - 537
Кузбассэнерго-РЭС - 406 827
Омскэнерго 182 -85
Хакасэнерго 371 - 399
Читаэнерго -47 162
Россети Томск Томская распределительная компания -7 417 - 135
Россети Тюмень Россети Тюмень -73 665 - 565
Россети Урал (ГК) Пермэнерго 631 - 215
Свердловэнерго 891 277
Челябэнерго 1 051 - 680
Россети ФСК ЕЭС Итого по ФСК ЕЭС -18 111 -6 233
Россети Центр Белгородэнерго 321 125
Брянскэнерго -5 112 27
Воронежэнерго -13 856 181
Костромаэнерго 102 -4
Курскэнерго -2 444 151
Липецкэнерго 805 - 346
Орелэнерго -4 049 -34
Смоленскэнерго -7 617 42
Тамбовэнерго -5 959 -2
Тверьэнерго - 740 57
Ярэнерго -6 294 65
Россети Центр и Приволжье (ГК) Владимирэнерго 562 52
Ивэнерго 195 55
Калугаэнерго 625 -50
Кировэнерго 464 20
Мариэнерго 173 23
Нижновэнерго 751 319
Рязаньэнерго 246 50
Тулэнерго 791 - 235
Удмуртэнерго 362 13
Россети Юг (ГК) АО «ВМЭС» -3 789 51
Астраханьэнерго -5 702 100
Волгоградэнерго -9 960 - 352
Калмэнерго -1 662 -3
Ростовэнерго -20 264 66
Россети Янтарь Россети Янтарь 360 -42' and expected object 'ДЗО
Филиал
Отклонение (объём услуг)
Отклонение (средний тариф)
АО «Тываэнерго» АО "Тываэнерго" 375 -75
АО «Чеченэнерго» АО «Чеченэнерго» -3 688 26
Россети Волга Мордовэнерго -3 164 -87
Оренбургэнерго -12 384 - 140
Пензаэнерго -7 568 -65
Самарские РС -14 726 -1 123
Саратовские РС -14 917 - 495
Ульяновские РС -5 446 - 209
Чувашэнерго -4 717 137
Россети Кубань Кубаньэнерго -58 965 411
Россети Ленэнерго (ГК) Ленинградская область -33 086 831
г. Санкт-Петербург -46 070 - 104
Россети Московский регион Московская область 4 745 - 627
г. Москва 3 358 23
Россети Северный Кавказ (ГК) Дагестанская энергосбытовая компания - 111 69
Дагэнерго -7 161 537
Ингушэнерго -1 584 122
Каббалкэнерго -2 966 50
Карачаево-Черкесскэнерго -1 924 0
Севкавказэнерго -3 380 144
Ставропольэнерго -9 375 - 200
Россети Северо-Запад Архангельский филиал 80 -86
Вологодский филиал 264 2
Карельский филиал -67 185
Мурманский филиал 111 57
Новгородский филиал 216 -48
Псковский филиал 161 -20
филиал в Республике Коми -16 41
Россети Сибирь (ГК) Алтайэнерго - 545 222
Бурятэнерго - 123 303
ГАЭС 131 -17
Красноярскэнерго 1 233 - 537
Кузбассэнерго-РЭС - 406 827
Омскэнерго 182 -85
Хакасэнерго 371 - 399
Читаэнерго -47 162
Россети Томск Томская распределительная компания -7 417 - 135
Россети Тюмень Россети Тюмень -73 665 - 565
Россети Урал (ГК) Пермэнерго 631 - 215
Свердловэнерго 891 277
Челябэнерго 1 051 - 680
Россети ФСК ЕЭС Итого по ФСК ЕЭС -18 111 -6 233
Россети Центр Белгородэнерго 321 125
Брянскэнерго -5 112 27
Воронежэнерго -13 856 181
Костромаэнерго 102 -4
Курскэнерго -2 444 151
Липецкэнерго 805 - 346
Орелэнерго -4 049 -34
Смоленскэнерго -7 617 42
Тамбовэнерго -5 959 -2
Тверьэнерго - 740 57
Ярэнерго -6 294 65
Россети Центр и Приволжье (ГК) Владимирэнерго 562 52
Ивэнерго 195 55
Калугаэнерго 625 -50
Кировэнерго 464 20
Мариэнерго 173 23
Нижновэнерго 751 319
Рязаньэнерго 246 50
Тулэнерго 791 - 235
Удмуртэнерго 362 13
Россети Юг (ГК) АО «ВМЭС» -3 789 51
Астраханьэнерго -5 702 100
Волгоградэнерго -9 960 - 352
Калмэнерго -1 662 -3
Ростовэнерго -20 264 66
Россети Янтарь Россети Янтарь 360 -42' are equal

09-12-2024T10:08:31 - [TEST_STEP][PASSED] - verifyEqual(findTestData("PlanFact").getValue(5, b), a4): Actual object 'ДЗО
Филиал
Отклонение (объём услуг)
Отклонение (средний тариф)
АО «Тываэнерго» АО "Тываэнерго" 375 -75
АО «Чеченэнерго» АО «Чеченэнерго» -3 688 26
Россети Волга Мордовэнерго -3 164 -87
Оренбургэнерго -12 384 - 140
Пензаэнерго -7 568 -65
Самарские РС -14 726 -1 123
Саратовские РС -14 917 - 495
Ульяновские РС -5 446 - 209
Чувашэнерго -4 717 137
Россети Кубань Кубаньэнерго -58 965 411
Россети Ленэнерго (ГК) Ленинградская область -33 086 831
г. Санкт-Петербург -46 070 - 104
Россети Московский регион Московская область 4 745 - 627
г. Москва 3 358 23
Россети Северный Кавказ (ГК) Дагестанская энергосбытовая компания - 111 69
Дагэнерго -7 161 537
Ингушэнерго -1 584 122
Каббалкэнерго -2 966 50
Карачаево-Черкесскэнерго -1 924 0
Севкавказэнерго -3 380 144
Ставропольэнерго -9 375 - 200
Россети Северо-Запад Архангельский филиал 80 -86
Вологодский филиал 264 2
Карельский филиал -67 185
Мурманский филиал 111 57
Новгородский филиал 216 -48
Псковский филиал 161 -20
филиал в Республике Коми -16 41
Россети Сибирь (ГК) Алтайэнерго - 545 222
Бурятэнерго - 123 303
ГАЭС 131 -17
Красноярскэнерго 1 233 - 537
Кузбассэнерго-РЭС - 406 827
Омскэнерго 182 -85
Хакасэнерго 371 - 399
Читаэнерго -47 162
Россети Томск Томская распределительная компания -7 417 - 135
Россети Тюмень Россети Тюмень -73 665 - 565
Россети Урал (ГК) Пермэнерго 631 - 215
Свердловэнерго 891 277
Челябэнерго 1 051 - 680
Россети ФСК ЕЭС Итого по ФСК ЕЭС -18 111 -6 233
Россети Центр Белгородэнерго 321 125
Брянскэнерго -5 112 27
Воронежэнерго -13 856 181
Костромаэнерго 102 -4
Курскэнерго -2 444 151
Липецкэнерго 805 - 346
Орелэнерго -4 049 -34
Смоленскэнерго -7 617 42
Тамбовэнерго -5 959 -2
Тверьэнерго - 740 57
Ярэнерго -6 294 65
Россети Центр и Приволжье (ГК) Владимирэнерго 562 52
Ивэнерго 195 55
Калугаэнерго 625 -50
Кировэнерго 464 20
Мариэнерго 173 23
Нижновэнерго 751 319
Рязаньэнерго 246 50
Тулэнерго 791 - 235
Удмуртэнерго 362 13
Россети Юг (ГК) АО «ВМЭС» -3 789 51
Астраханьэнерго -5 702 100
Волгоградэнерго -9 960 - 352
Калмэнерго -1 662 -3
Ростовэнерго -20 264 66
Россети Янтарь Россети Янтарь 360 -42' and expected object 'ДЗО
Филиал
Отклонение (объём услуг)
Отклонение (средний тариф)
АО «Тываэнерго» АО "Тываэнерго" 375 -75
АО «Чеченэнерго» АО «Чеченэнерго» -3 688 26
Россети Волга Мордовэнерго -3 164 -87
Оренбургэнерго -12 384 - 140
Пензаэнерго -7 568 -65
Самарские РС -14 726 -1 123
Саратовские РС -14 917 - 495
Ульяновские РС -5 446 - 209
Чувашэнерго -4 717 137
Россети Кубань Кубаньэнерго -58 965 411
Россети Ленэнерго (ГК) Ленинградская область -33 086 831
г. Санкт-Петербург -46 070 - 104
Россети Московский регион Московская область 4 745 - 627
г. Москва 3 358 23
Россети Северный Кавказ (ГК) Дагестанская энергосбытовая компания - 111 69
Дагэнерго -7 161 537
Ингушэнерго -1 584 122
Каббалкэнерго -2 966 50
Карачаево-Черкесскэнерго -1 924 0
Севкавказэнерго -3 380 144
Ставропольэнерго -9 375 - 200
Россети Северо-Запад Архангельский филиал 80 -86
Вологодский филиал 264 2
Карельский филиал -67 185
Мурманский филиал 111 57
Новгородский филиал 216 -48
Псковский филиал 161 -20
филиал в Республике Коми -16 41
Россети Сибирь (ГК) Алтайэнерго - 545 222
Бурятэнерго - 123 303
ГАЭС 131 -17
Красноярскэнерго 1 233 - 537
Кузбассэнерго-РЭС - 406 827
Омскэнерго 182 -85
Хакасэнерго 371 - 399
Читаэнерго -47 162
Россети Томск Томская распределительная компания -7 417 - 135
Россети Тюмень Россети Тюмень -73 665 - 565
Россети Урал (ГК) Пермэнерго 631 - 215
Свердловэнерго 891 277
Челябэнерго 1 051 - 680
Россети ФСК ЕЭС Итого по ФСК ЕЭС -18 111 -6 233
Россети Центр Белгородэнерго 321 125
Брянскэнерго -5 112 27
Воронежэнерго -13 856 181
Костромаэнерго 102 -4
Курскэнерго -2 444 151
Липецкэнерго 805 - 346
Орелэнерго -4 049 -34
Смоленскэнерго -7 617 42
Тамбовэнерго -5 959 -2
Тверьэнерго - 740 57
Ярэнерго -6 294 65
Россети Центр и Приволжье (ГК) Владимирэнерго 562 52
Ивэнерго 195 55
Калугаэнерго 625 -50
Кировэнерго 464 20
Мариэнерго 173 23
Нижновэнерго 751 319
Рязаньэнерго 246 50
Тулэнерго 791 - 235
Удмуртэнерго 362 13
Россети Юг (ГК) АО «ВМЭС» -3 789 51
Астраханьэнерго -5 702 100
Волгоградэнерго -9 960 - 352
Калмэнерго -1 662 -3
Ростовэнерго -20 264 66
Россети Янтарь Россети Янтарь 360 -42' are equal

09-12-2024T10:08:32 - [MESSAGE][PASSED] - Actual object 'ДЗО
Филиал
Отклонение (объём услуг)
Отклонение (средний тариф)
АО «Тываэнерго» АО "Тываэнерго" 375 -75
АО «Чеченэнерго» АО «Чеченэнерго» -3 688 26
Россети Волга Мордовэнерго -3 164 -87
Оренбургэнерго -12 384 - 140
Пензаэнерго -7 568 -65
Самарские РС -14 726 -1 123
Саратовские РС -14 917 - 495
Ульяновские РС -5 446 - 209
Чувашэнерго -4 717 137
Россети Кубань Кубаньэнерго -58 965 411
Россети Ленэнерго (ГК) Ленинградская область -33 086 831
г. Санкт-Петербург -46 070 - 104
Россети Московский регион Московская область 4 745 - 627
г. Москва 3 358 23
Россети Северный Кавказ (ГК) Дагестанская энергосбытовая компания - 111 69
Дагэнерго -7 161 537
Ингушэнерго -1 584 122
Каббалкэнерго -2 966 50
Карачаево-Черкесскэнерго -1 924 0
Севкавказэнерго -3 380 144
Ставропольэнерго -9 375 - 200
Россети Северо-Запад Архангельский филиал 80 -86
Вологодский филиал 264 2
Карельский филиал -67 185
Мурманский филиал 111 57
Новгородский филиал 216 -48
Псковский филиал 161 -20
филиал в Республике Коми -16 41
Россети Сибирь (ГК) Алтайэнерго - 545 222
Бурятэнерго - 123 303
ГАЭС 131 -17
Красноярскэнерго 1 233 - 537
Кузбассэнерго-РЭС - 406 827
Омскэнерго 182 -85
Хакасэнерго 371 - 399
Читаэнерго -47 162
Россети Томск Томская распределительная компания -7 417 - 135
Россети Тюмень Россети Тюмень -73 665 - 565
Россети Урал (ГК) Пермэнерго 631 - 215
Свердловэнерго 891 277
Челябэнерго 1 051 - 680
Россети ФСК ЕЭС Итого по ФСК ЕЭС -18 111 -6 233
Россети Центр Белгородэнерго 321 125
Брянскэнерго -5 112 27
Воронежэнерго -13 856 181
Костромаэнерго 102 -4
Курскэнерго -2 444 151
Липецкэнерго 805 - 346
Орелэнерго -4 049 -34
Смоленскэнерго -7 617 42
Тамбовэнерго -5 959 -2
Тверьэнерго - 740 57
Ярэнерго -6 294 65
Россети Центр и Приволжье (ГК) Владимирэнерго 562 52
Ивэнерго 195 55
Калугаэнерго 625 -50
Кировэнерго 464 20
Мариэнерго 173 23
Нижновэнерго 751 319
Рязаньэнерго 246 50
Тулэнерго 791 - 235
Удмуртэнерго 362 13
Россети Юг (ГК) АО «ВМЭС» -3 789 51
Астраханьэнерго -5 702 100
Волгоградэнерго -9 960 - 352
Калмэнерго -1 662 -3
Ростовэнерго -20 264 66
Россети Янтарь Россети Янтарь 360 -42' and expected object 'ДЗО
Филиал
Отклонение (объём услуг)
Отклонение (средний тариф)
АО «Тываэнерго» АО "Тываэнерго" 375 -75
АО «Чеченэнерго» АО «Чеченэнерго» -3 688 26
Россети Волга Мордовэнерго -3 164 -87
Оренбургэнерго -12 384 - 140
Пензаэнерго -7 568 -65
Самарские РС -14 726 -1 123
Саратовские РС -14 917 - 495
Ульяновские РС -5 446 - 209
Чувашэнерго -4 717 137
Россети Кубань Кубаньэнерго -58 965 411
Россети Ленэнерго (ГК) Ленинградская область -33 086 831
г. Санкт-Петербург -46 070 - 104
Россети Московский регион Московская область 4 745 - 627
г. Москва 3 358 23
Россети Северный Кавказ (ГК) Дагестанская энергосбытовая компания - 111 69
Дагэнерго -7 161 537
Ингушэнерго -1 584 122
Каббалкэнерго -2 966 50
Карачаево-Черкесскэнерго -1 924 0
Севкавказэнерго -3 380 144
Ставропольэнерго -9 375 - 200
Россети Северо-Запад Архангельский филиал 80 -86
Вологодский филиал 264 2
Карельский филиал -67 185
Мурманский филиал 111 57
Новгородский филиал 216 -48
Псковский филиал 161 -20
филиал в Республике Коми -16 41
Россети Сибирь (ГК) Алтайэнерго - 545 222
Бурятэнерго - 123 303
ГАЭС 131 -17
Красноярскэнерго 1 233 - 537
Кузбассэнерго-РЭС - 406 827
Омскэнерго 182 -85
Хакасэнерго 371 - 399
Читаэнерго -47 162
Россети Томск Томская распределительная компания -7 417 - 135
Россети Тюмень Россети Тюмень -73 665 - 565
Россети Урал (ГК) Пермэнерго 631 - 215
Свердловэнерго 891 277
Челябэнерго 1 051 - 680
Россети ФСК ЕЭС Итого по ФСК ЕЭС -18 111 -6 233
Россети Центр Белгородэнерго 321 125
Брянскэнерго -5 112 27
Воронежэнерго -13 856 181
Костромаэнерго 102 -4
Курскэнерго -2 444 151
Липецкэнерго 805 - 346
Орелэнерго -4 049 -34
Смоленскэнерго -7 617 42
Тамбовэнерго -5 959 -2
Тверьэнерго - 740 57
Ярэнерго -6 294 65
Россети Центр и Приволжье (ГК) Владимирэнерго 562 52
Ивэнерго 195 55
Калугаэнерго 625 -50
Кировэнерго 464 20
Мариэнерго 173 23
Нижновэнерго 751 319
Рязаньэнерго 246 50
Тулэнерго 791 - 235
Удмуртэнерго 362 13
Россети Юг (ГК) АО «ВМЭС» -3 789 51
Астраханьэнерго -5 702 100
Волгоградэнерго -9 960 - 352
Калмэнерго -1 662 -3
Ростовэнерго -20 264 66
Россети Янтарь Россети Янтарь 360 -42' are equal

09-12-2024T10:08:32 - [TEST_STEP][PASSED] - Script1686231490255.WriteToExcel(user, dashboardName, n, data, run, a1, a2, a3, a4, a5, a6, a7, a8, a9): null

09-12-2024T10:08:32 - [TEST_STEP][PASSED] - sheetName = "Sheet1": null

09-12-2024T10:08:32 - [TEST_STEP][PASSED] - workbook01 = getWorkbook(excelFilePath): null

09-12-2024T10:08:32 - [TEST_STEP][PASSED] - sheet01 = getExcelSheet(workbook01, sheetName): null

09-12-2024T10:08:32 - [TEST_STEP][PASSED] - setValueToCellByIndex(sheet01, n, 0, dashboardName): null

09-12-2024T10:08:32 - [TEST_STEP][PASSED] - setValueToCellByIndex(sheet01, n, 10, user): null

09-12-2024T10:08:32 - [TEST_STEP][PASSED] - setValueToCellByIndex(sheet01, n, 1, a1): null

09-12-2024T10:08:32 - [TEST_STEP][PASSED] - setValueToCellByIndex(sheet01, n, 2, a2): null

09-12-2024T10:08:32 - [TEST_STEP][PASSED] - setValueToCellByIndex(sheet01, n, 3, a3): null

09-12-2024T10:08:32 - [TEST_STEP][PASSED] - setValueToCellByIndex(sheet01, n, 4, a4): null

09-12-2024T10:08:32 - [TEST_STEP][PASSED] - setValueToCellByIndex(sheet01, n, 5, a5): null

09-12-2024T10:08:32 - [TEST_STEP][PASSED] - setValueToCellByIndex(sheet01, n, 6, a6): null

09-12-2024T10:08:32 - [TEST_STEP][PASSED] - setValueToCellByIndex(sheet01, n, 7, a7): null

09-12-2024T10:08:32 - [TEST_STEP][PASSED] - setValueToCellByIndex(sheet01, n, 8, a8): null

09-12-2024T10:08:32 - [TEST_STEP][PASSED] - setValueToCellByIndex(sheet01, n, 9, a9): null

09-12-2024T10:08:32 - [TEST_STEP][PASSED] - n = n + 1: null

09-12-2024T10:08:32 - [TEST_STEP][PASSED] - saveWorkbook(excelFilePath, workbook01): null

09-12-2024T10:08:32 - [TEST_STEP][PASSED] - closeBrowser(): Browser is closed

09-12-2024T10:08:32 - [MESSAGE][PASSED] - Browser is closed

09-12-2024T10:08:32 - [TEST_STEP][PASSED] - delay(65): Delayed 65 second(s)

09-12-2024T10:09:37 - [MESSAGE][PASSED] - Delayed 65 second(s)

09-12-2024T10:09:37 - [TEST_STEP][PASSED] - for ([run = 1, run < 4, (run++)]): null

09-12-2024T10:09:37 - [TEST_STEP][PASSED] - ViruchkaPoDZO(user, dashboardName, n, data, run, a1, a2, a3, a4, a5, a6, a7, a8, a9, urlData): null

09-12-2024T10:09:37 - [TEST_STEP][PASSED] - n = data.getRowNumbers() + 1: null

09-12-2024T10:09:37 - [TEST_STEP][PASSED] - println(n): null

09-12-2024T10:09:37 - [TEST_STEP][PASSED] - dashboardName = "Выручка по ДЗО": null

09-12-2024T10:09:37 - [TEST_STEP][PASSED] - openBrowser(""): Browser is opened with url: ''

09-12-2024T10:09:37 - [MESSAGE][INFO] - Starting 'Chrome' driver

09-12-2024T10:09:37 - [MESSAGE][INFO] - Action delay is set to 0 milliseconds

09-12-2024T10:09:38 - [MESSAGE][PASSED] - Browser is opened with url: ''

09-12-2024T10:09:38 - [TEST_STEP][PASSED] - urlData = 5: null

09-12-2024T10:09:38 - [TEST_STEP][PASSED] - Script1686231490255.CheckPageDownload(urlData, run): null

09-12-2024T10:09:38 - [TEST_STEP][PASSED] - i = 1: null

09-12-2024T10:09:38 - [TEST_STEP][PASSED] - ii = 0: null

09-12-2024T10:09:38 - [TEST_STEP][PASSED] - urlText = <not implemented yet for class: org.codehaus.groovy.ast.expr.EmptyExpression>: null

09-12-2024T10:09:38 - [TEST_STEP][PASSED] - searchWord = <not implemented yet for class: org.codehaus.groovy.ast.expr.EmptyExpression>: null

09-12-2024T10:09:38 - [TEST_STEP][PASSED] - deleteAllCookies(): Delete all cookies successfully

09-12-2024T10:09:38 - [MESSAGE][PASSED] - Delete all cookies successfully

09-12-2024T10:09:38 - [TEST_STEP][PASSED] - refresh(): Refresh successfully

09-12-2024T10:09:38 - [MESSAGE][PASSED] - Refresh successfully

09-12-2024T10:09:38 - [TEST_STEP][PASSED] - delay(65): Delayed 65 second(s)

09-12-2024T10:10:43 - [MESSAGE][PASSED] - Delayed 65 second(s)

09-12-2024T10:10:43 - [TEST_STEP][PASSED] - navigateToUrl(findTestData("PlanFact").getValue(10, urlData)): Navigate to 'https://bi.rosseti.digital/viewer?dashboardGuid=2301950b23be4ed89c1df75f2020051e&sheetGuid=31530aa0b6664c09b016b7f2ab9d853e&fit=true' successfully

09-12-2024T10:10:50 - [MESSAGE][PASSED] - Navigate to 'https://bi.rosseti.digital/viewer?dashboardGuid=2301950b23be4ed89c1df75f2020051e&sheetGuid=31530aa0b6664c09b016b7f2ab9d853e&fit=true' successfully

09-12-2024T10:10:50 - [TEST_STEP][PASSED] - pageLoaded1 = verifyElementPresent(findTestObject("Страница авторизации/Text"), 30): Object 'Object Repository/Страница авторизации/Text' is present

09-12-2024T10:10:54 - [MESSAGE][PASSED] - Object 'Object Repository/Страница авторизации/Text' is present

09-12-2024T10:10:54 - [TEST_STEP][PASSED] - if (pageLoaded1 == false): null

09-12-2024T10:10:54 - [TEST_STEP][PASSED] - urlText = getText(findTestObject("Страница авторизации/Text")): Text of object 'Object Repository/Страница авторизации/Text' is: 'Вход'

09-12-2024T10:10:54 - [MESSAGE][PASSED] - Text of object 'Object Repository/Страница авторизации/Text' is: 'Вход'

09-12-2024T10:10:54 - [TEST_STEP][PASSED] - delay(65): Delayed 65 second(s)

09-12-2024T10:11:59 - [MESSAGE][PASSED] - Delayed 65 second(s)

09-12-2024T10:11:59 - [TEST_STEP][PASSED] - searchWord = "Вход": null

09-12-2024T10:11:59 - [TEST_STEP][PASSED] - if (urlText.contains(searchWord) == false): null

09-12-2024T10:11:59 - [TEST_STEP][PASSED] - setText(findTestObject("Страница авторизации/input__username"), findTestData("PlanFact").getValue(8, run)): Text 'liazgina-di' is set on object 'Object Repository/Страница авторизации/input__username'

09-12-2024T10:12:00 - [MESSAGE][PASSED] - Text 'liazgina-di' is set on object 'Object Repository/Страница авторизации/input__username'

09-12-2024T10:12:00 - [TEST_STEP][PASSED] - setText(findTestObject("Страница авторизации/input__password"), findTestData("PlanFact").getValue(9, run)): Text ')$%5srZ8o688Dm#q' is set on object 'Object Repository/Страница авторизации/input__password'

09-12-2024T10:12:00 - [MESSAGE][PASSED] - Text ')$%5srZ8o688Dm#q' is set on object 'Object Repository/Страница авторизации/input__password'

09-12-2024T10:12:00 - [TEST_STEP][PASSED] - click(findTestObject("Страница авторизации/button_")): Object: 'Object Repository/Страница авторизации/button_' is clicked on

09-12-2024T10:12:04 - [MESSAGE][PASSED] - Object: 'Object Repository/Страница авторизации/button_' is clicked on

09-12-2024T10:12:04 - [TEST_STEP][PASSED] - delay(65): Delayed 65 second(s)

09-12-2024T10:13:09 - [MESSAGE][PASSED] - Delayed 65 second(s)

09-12-2024T10:13:09 - [TEST_STEP][PASSED] - searchWord = "а": null

09-12-2024T10:13:09 - [TEST_STEP][PASSED] - pageLoaded2 = verifyElementPresent(findTestObject("Страница авторизации/Text"), 50): Object 'Object Repository/Страница авторизации/Text' is present

09-12-2024T10:13:10 - [MESSAGE][PASSED] - Object 'Object Repository/Страница авторизации/Text' is present

09-12-2024T10:13:10 - [TEST_STEP][PASSED] - if (pageLoaded2 == false): null

09-12-2024T10:13:10 - [TEST_STEP][PASSED] - urlText = getText(findTestObject("Страница авторизации/Text")): Text of object 'Object Repository/Страница авторизации/Text' is: 'Период
1, 2, 3 кв., Октябрь 2024 года
Выручка
Все
ДЗО 
Все
Выручка по ДЗО
Выполнение плановых показателей по ПАО Россети за 1, 2, 3 кв., Октябрь 2024 года
1 542 1 542
3 763 3 763
65 060 65 060
62 507 62 507
82 891 82 891
170 850 170 850
25 956 25 956
43 630 43 630
57 204 57 204
7 790 7 790
69 123 69 123
86 018 86 018
256 418 256 418
95 186 95 186
101 997 101 997
42 872 42 872
7 868 7 868
1 841 1 841
3 864 3 864
65 216 65 216
66 460 66 460
87 353 87 353
178 351 178 351
26 843 26 843
44 509 44 509
58 478 58 478
8 028 8 028
64 017 64 017
87 973 87 973
232 074 232 074
97 621 97 621
106 416 106 416
44 229 44 229
8 185 8 185
План
Факт
АО «Тываэнерго»
АО «Чеченэнерго»
Россети Волга
Россети Кубань
Россети Ленэнерго (ГК)
Россети Московский регион
Россети Северный Кавказ (ГК)
Россети Северо-Запад
Россети Сибирь (ГК)
Россети Томск
Россети Тюмень
Россети Урал (ГК)
Россети ФСК ЕЭС
Россети Центр
Россети Центр и Приволжье (ГК)
Россети Юг (ГК)
Россети Янтарь
0 млн. руб.
25 000 млн. руб.
50 000 млн. руб.
75 000 млн. руб.
100 000 млн. руб.
125 000 млн. руб.
150 000 млн. руб.
175 000 млн. руб.
200 000 млн. руб.
225 000 млн. руб.
250 000 млн. руб.
275 000 млн. руб.
Выполнение плановых показателей по ПАО Россети за 1, 2, 3 кв., Октябрь 2024 года
0,16%0,16%
0,33%0,33%
5,52%5,52%
5,63%5,63%
7,39%7,39%
15,1%15,1%
2,27%2,27%
3,77%3,77%
4,95%4,95%
0,68%0,68%
5,42%5,42%
7,45%7,45%
19,64%19,64%
8,26%8,26%
9,01%9,01%
3,74%3,74%
0,69%0,69%
АО «Тываэнерго»
АО «Чеченэнерго»
Россети Волга
Россети Кубань
Россети Ленэнерго (ГК)
Россети Московский регион
Россети Северный Кавказ (ГК)
Россети Северо-Запад
Россети Сибирь (ГК)
Россети Томск
Россети Тюмень
Россети Урал (ГК)
Россети ФСК ЕЭС
Россети Центр
Россети Центр и Приволжье (ГК)
Россети Юг (ГК)
Россети Янтарь'

09-12-2024T10:13:10 - [MESSAGE][PASSED] - Text of object 'Object Repository/Страница авторизации/Text' is: 'Период
1, 2, 3 кв., Октябрь 2024 года
Выручка
Все
ДЗО 
Все
Выручка по ДЗО
Выполнение плановых показателей по ПАО Россети за 1, 2, 3 кв., Октябрь 2024 года
1 542 1 542
3 763 3 763
65 060 65 060
62 507 62 507
82 891 82 891
170 850 170 850
25 956 25 956
43 630 43 630
57 204 57 204
7 790 7 790
69 123 69 123
86 018 86 018
256 418 256 418
95 186 95 186
101 997 101 997
42 872 42 872
7 868 7 868
1 841 1 841
3 864 3 864
65 216 65 216
66 460 66 460
87 353 87 353
178 351 178 351
26 843 26 843
44 509 44 509
58 478 58 478
8 028 8 028
64 017 64 017
87 973 87 973
232 074 232 074
97 621 97 621
106 416 106 416
44 229 44 229
8 185 8 185
План
Факт
АО «Тываэнерго»
АО «Чеченэнерго»
Россети Волга
Россети Кубань
Россети Ленэнерго (ГК)
Россети Московский регион
Россети Северный Кавказ (ГК)
Россети Северо-Запад
Россети Сибирь (ГК)
Россети Томск
Россети Тюмень
Россети Урал (ГК)
Россети ФСК ЕЭС
Россети Центр
Россети Центр и Приволжье (ГК)
Россети Юг (ГК)
Россети Янтарь
0 млн. руб.
25 000 млн. руб.
50 000 млн. руб.
75 000 млн. руб.
100 000 млн. руб.
125 000 млн. руб.
150 000 млн. руб.
175 000 млн. руб.
200 000 млн. руб.
225 000 млн. руб.
250 000 млн. руб.
275 000 млн. руб.
Выполнение плановых показателей по ПАО Россети за 1, 2, 3 кв., Октябрь 2024 года
0,16%0,16%
0,33%0,33%
5,52%5,52%
5,63%5,63%
7,39%7,39%
15,1%15,1%
2,27%2,27%
3,77%3,77%
4,95%4,95%
0,68%0,68%
5,42%5,42%
7,45%7,45%
19,64%19,64%
8,26%8,26%
9,01%9,01%
3,74%3,74%
0,69%0,69%
АО «Тываэнерго»
АО «Чеченэнерго»
Россети Волга
Россети Кубань
Россети Ленэнерго (ГК)
Россети Московский регион
Россети Северный Кавказ (ГК)
Россети Северо-Запад
Россети Сибирь (ГК)
Россети Томск
Россети Тюмень
Россети Урал (ГК)
Россети ФСК ЕЭС
Россети Центр
Россети Центр и Приволжье (ГК)
Россети Юг (ГК)
Россети Янтарь'

09-12-2024T10:13:10 - [TEST_STEP][PASSED] - if (urlText.contains("ошибка") || urlText.contains(searchWord) == false): null

09-12-2024T10:13:10 - [TEST_STEP][PASSED] - click(findTestObject("Выручка по ДЗО/Фильтр Дата")): Object: 'Object Repository/Выручка по ДЗО/Фильтр Дата' is clicked on

09-12-2024T10:13:11 - [MESSAGE][PASSED] - Object: 'Object Repository/Выручка по ДЗО/Фильтр Дата' is clicked on

09-12-2024T10:13:11 - [TEST_STEP][PASSED] - click(findTestObject("Выручка по ДЗО/Снять выделение в фильтре Дата")): Object: 'Object Repository/Выручка по ДЗО/Снять выделение в фильтре Дата' is clicked on

09-12-2024T10:13:11 - [MESSAGE][PASSED] - Object: 'Object Repository/Выручка по ДЗО/Снять выделение в фильтре Дата' is clicked on

09-12-2024T10:13:11 - [TEST_STEP][PASSED] - click(findTestObject("Выручка по ДЗО/Применить в фильтре Дата")): Object: 'Object Repository/Выручка по ДЗО/Применить в фильтре Дата' is clicked on

09-12-2024T10:13:12 - [MESSAGE][PASSED] - Object: 'Object Repository/Выручка по ДЗО/Применить в фильтре Дата' is clicked on

09-12-2024T10:13:12 - [TEST_STEP][PASSED] - click(findTestObject("Выручка по ДЗО/Фильтр Дата")): Object: 'Object Repository/Выручка по ДЗО/Фильтр Дата' is clicked on

09-12-2024T10:13:15 - [MESSAGE][PASSED] - Object: 'Object Repository/Выручка по ДЗО/Фильтр Дата' is clicked on

09-12-2024T10:13:15 - [TEST_STEP][PASSED] - click(findTestObject("Выручка по ДЗО/Снять выделение в фильтре Дата")): Object: 'Object Repository/Выручка по ДЗО/Снять выделение в фильтре Дата' is clicked on

09-12-2024T10:13:15 - [MESSAGE][PASSED] - Object: 'Object Repository/Выручка по ДЗО/Снять выделение в фильтре Дата' is clicked on

09-12-2024T10:13:15 - [TEST_STEP][PASSED] - scrollToElement(findTestObject("Выручка по ДЗО/2024 список"), 30): Scroll to object 'Object Repository/Выручка по ДЗО/2024 список' successfully

09-12-2024T10:13:16 - [MESSAGE][PASSED] - Scroll to object 'Object Repository/Выручка по ДЗО/2024 список' successfully

09-12-2024T10:13:16 - [TEST_STEP][PASSED] - click(findTestObject("Выручка по ДЗО/2024 список")): Object: 'Object Repository/Выручка по ДЗО/2024 список' is clicked on

09-12-2024T10:13:16 - [MESSAGE][PASSED] - Object: 'Object Repository/Выручка по ДЗО/2024 список' is clicked on

09-12-2024T10:13:16 - [TEST_STEP][PASSED] - scrollToElement(findTestObject("Выручка по ДЗО/1 квартал 2024 выбрать"), 30): Scroll to object 'Object Repository/Выручка по ДЗО/1 квартал 2024 выбрать' successfully

09-12-2024T10:13:16 - [MESSAGE][PASSED] - Scroll to object 'Object Repository/Выручка по ДЗО/1 квартал 2024 выбрать' successfully

09-12-2024T10:13:16 - [TEST_STEP][PASSED] - click(findTestObject("Выручка по ДЗО/1 квартал 2024 выбрать")): Object: 'Object Repository/Выручка по ДЗО/1 квартал 2024 выбрать' is clicked on

09-12-2024T10:13:17 - [MESSAGE][PASSED] - Object: 'Object Repository/Выручка по ДЗО/1 квартал 2024 выбрать' is clicked on

09-12-2024T10:13:17 - [TEST_STEP][PASSED] - scrollToElement(findTestObject("Выручка по ДЗО/2 квартал 2024 выбрать"), 30): Scroll to object 'Object Repository/Выручка по ДЗО/2 квартал 2024 выбрать' successfully

09-12-2024T10:13:17 - [MESSAGE][PASSED] - Scroll to object 'Object Repository/Выручка по ДЗО/2 квартал 2024 выбрать' successfully

09-12-2024T10:13:17 - [TEST_STEP][PASSED] - click(findTestObject("Выручка по ДЗО/2 квартал 2024 выбрать"), CONTINUE_ON_FAILURE): Object: 'Object Repository/Выручка по ДЗО/2 квартал 2024 выбрать' is clicked on

09-12-2024T10:13:18 - [MESSAGE][PASSED] - Object: 'Object Repository/Выручка по ДЗО/2 квартал 2024 выбрать' is clicked on

09-12-2024T10:13:18 - [TEST_STEP][PASSED] - scrollToElement(findTestObject("Выручка по ДЗО/3 квартал 2024 список"), 30): Scroll to object 'Object Repository/Выручка по ДЗО/3 квартал 2024 список' successfully

09-12-2024T10:13:18 - [MESSAGE][PASSED] - Scroll to object 'Object Repository/Выручка по ДЗО/3 квартал 2024 список' successfully

09-12-2024T10:13:18 - [TEST_STEP][PASSED] - click(findTestObject("Выручка по ДЗО/3 квартал 2024 выбрать"), CONTINUE_ON_FAILURE): Object: 'Object Repository/Выручка по ДЗО/3 квартал 2024 выбрать' is clicked on

09-12-2024T10:13:19 - [MESSAGE][PASSED] - Object: 'Object Repository/Выручка по ДЗО/3 квартал 2024 выбрать' is clicked on

09-12-2024T10:13:19 - [TEST_STEP][PASSED] - scrollToElement(findTestObject("Выручка по ДЗО/4 квартал 2024 список"), 30): Scroll to object 'Object Repository/Выручка по ДЗО/4 квартал 2024 список' successfully

09-12-2024T10:13:19 - [MESSAGE][PASSED] - Scroll to object 'Object Repository/Выручка по ДЗО/4 квартал 2024 список' successfully

09-12-2024T10:13:19 - [TEST_STEP][PASSED] - click(findTestObject("Выручка по ДЗО/4 квартал 2024 список"), CONTINUE_ON_FAILURE): Object: 'Object Repository/Выручка по ДЗО/4 квартал 2024 список' is clicked on

09-12-2024T10:13:19 - [MESSAGE][PASSED] - Object: 'Object Repository/Выручка по ДЗО/4 квартал 2024 список' is clicked on

09-12-2024T10:13:19 - [TEST_STEP][PASSED] - scrollToElement(findTestObject("Выручка по ДЗО/Октябрь 2024"), 30): Scroll to object 'Object Repository/Выручка по ДЗО/Октябрь 2024' successfully

09-12-2024T10:13:20 - [MESSAGE][PASSED] - Scroll to object 'Object Repository/Выручка по ДЗО/Октябрь 2024' successfully

09-12-2024T10:13:20 - [TEST_STEP][PASSED] - click(findTestObject("Выручка по ДЗО/Октябрь 2024"), CONTINUE_ON_FAILURE): Object: 'Object Repository/Выручка по ДЗО/Октябрь 2024' is clicked on

09-12-2024T10:13:20 - [MESSAGE][PASSED] - Object: 'Object Repository/Выручка по ДЗО/Октябрь 2024' is clicked on

09-12-2024T10:13:20 - [TEST_STEP][PASSED] - scrollToElement(findTestObject("Выручка по ДЗО/Заголовок дашборда"), 30): Scroll to object 'Object Repository/Выручка по ДЗО/Заголовок дашборда' successfully

09-12-2024T10:13:21 - [MESSAGE][PASSED] - Scroll to object 'Object Repository/Выручка по ДЗО/Заголовок дашборда' successfully

09-12-2024T10:13:21 - [TEST_STEP][PASSED] - click(findTestObject("Выручка по ДЗО/Применить в фильтре Дата")): Object: 'Object Repository/Выручка по ДЗО/Применить в фильтре Дата' is clicked on

09-12-2024T10:13:21 - [MESSAGE][PASSED] - Object: 'Object Repository/Выручка по ДЗО/Применить в фильтре Дата' is clicked on

09-12-2024T10:13:21 - [TEST_STEP][PASSED] - a3 = "": null

09-12-2024T10:13:21 - [TEST_STEP][PASSED] - a4 = "": null

09-12-2024T10:13:21 - [TEST_STEP][PASSED] - a5 = "": null

09-12-2024T10:13:21 - [TEST_STEP][PASSED] - a6 = "": null

09-12-2024T10:13:21 - [TEST_STEP][PASSED] - a7 = "": null

09-12-2024T10:13:21 - [TEST_STEP][PASSED] - a8 = "": null

09-12-2024T10:13:21 - [TEST_STEP][PASSED] - a9 = "": null

09-12-2024T10:13:21 - [TEST_STEP][PASSED] - if (run == 1): null

09-12-2024T10:13:21 - [TEST_STEP][PASSED] - user = "админ": null

09-12-2024T10:13:21 - [TEST_STEP][PASSED] - a1 = getText(findTestObject("Выручка по ДЗО/График1 Выполнение плановых показателей Блок руководителя")): Text of object 'Object Repository/Выручка по ДЗО/График1 Выполнение плановых показателей Блок руководителя' is: '1 542 1 542
3 763 3 763
65 060 65 060
62 507 62 507
82 891 82 891
170 850 170 850
25 956 25 956
43 630 43 630
57 204 57 204
7 790 7 790
69 123 69 123
86 018 86 018
256 418 256 418
95 186 95 186
101 997 101 997
42 872 42 872
7 868 7 868
1 841 1 841
3 864 3 864
65 216 65 216
66 460 66 460
87 353 87 353
178 351 178 351
26 843 26 843
44 509 44 509
58 478 58 478
8 028 8 028
64 017 64 017
87 973 87 973
232 074 232 074
97 621 97 621
106 416 106 416
44 229 44 229
8 185 8 185
План
Факт
АО «Тываэнерго»
АО «Чеченэнерго»
Россети Волга
Россети Кубань
Россети Ленэнерго (ГК)
Россети Московский регион
Россети Северный Кавказ (ГК)
Россети Северо-Запад
Россети Сибирь (ГК)
Россети Томск
Россети Тюмень
Россети Урал (ГК)
Россети ФСК ЕЭС
Россети Центр
Россети Центр и Приволжье (ГК)
Россети Юг (ГК)
Россети Янтарь
0 млн. руб.
25 000 млн. руб.
50 000 млн. руб.
75 000 млн. руб.
100 000 млн. руб.
125 000 млн. руб.
150 000 млн. руб.
175 000 млн. руб.
200 000 млн. руб.
225 000 млн. руб.
250 000 млн. руб.
275 000 млн. руб.'

09-12-2024T10:13:26 - [MESSAGE][PASSED] - Text of object 'Object Repository/Выручка по ДЗО/График1 Выполнение плановых показателей Блок руководителя' is: '1 542 1 542
3 763 3 763
65 060 65 060
62 507 62 507
82 891 82 891
170 850 170 850
25 956 25 956
43 630 43 630
57 204 57 204
7 790 7 790
69 123 69 123
86 018 86 018
256 418 256 418
95 186 95 186
101 997 101 997
42 872 42 872
7 868 7 868
1 841 1 841
3 864 3 864
65 216 65 216
66 460 66 460
87 353 87 353
178 351 178 351
26 843 26 843
44 509 44 509
58 478 58 478
8 028 8 028
64 017 64 017
87 973 87 973
232 074 232 074
97 621 97 621
106 416 106 416
44 229 44 229
8 185 8 185
План
Факт
АО «Тываэнерго»
АО «Чеченэнерго»
Россети Волга
Россети Кубань
Россети Ленэнерго (ГК)
Россети Московский регион
Россети Северный Кавказ (ГК)
Россети Северо-Запад
Россети Сибирь (ГК)
Россети Томск
Россети Тюмень
Россети Урал (ГК)
Россети ФСК ЕЭС
Россети Центр
Россети Центр и Приволжье (ГК)
Россети Юг (ГК)
Россети Янтарь
0 млн. руб.
25 000 млн. руб.
50 000 млн. руб.
75 000 млн. руб.
100 000 млн. руб.
125 000 млн. руб.
150 000 млн. руб.
175 000 млн. руб.
200 000 млн. руб.
225 000 млн. руб.
250 000 млн. руб.
275 000 млн. руб.'

09-12-2024T10:13:26 - [TEST_STEP][PASSED] - a2 = getText(findTestObject("Выручка по ДЗО/График2 Выполнение плановых показателей Блок руководителя")): Text of object 'Object Repository/Выручка по ДЗО/График2 Выполнение плановых показателей Блок руководителя' is: '0,16%0,16%
0,33%0,33%
5,52%5,52%
5,63%5,63%
7,39%7,39%
15,1%15,1%
2,27%2,27%
3,77%3,77%
4,95%4,95%
0,68%0,68%
5,42%5,42%
7,45%7,45%
19,64%19,64%
8,26%8,26%
9,01%9,01%
3,74%3,74%
0,69%0,69%
АО «Тываэнерго»
АО «Чеченэнерго»
Россети Волга
Россети Кубань
Россети Ленэнерго (ГК)
Россети Московский регион
Россети Северный Кавказ (ГК)
Россети Северо-Запад
Россети Сибирь (ГК)
Россети Томск
Россети Тюмень
Россети Урал (ГК)
Россети ФСК ЕЭС
Россети Центр
Россети Центр и Приволжье (ГК)
Россети Юг (ГК)
Россети Янтарь
Россети Центр и Приволжье (ГК): 106 415 543,98'

09-12-2024T10:13:26 - [MESSAGE][PASSED] - Text of object 'Object Repository/Выручка по ДЗО/График2 Выполнение плановых показателей Блок руководителя' is: '0,16%0,16%
0,33%0,33%
5,52%5,52%
5,63%5,63%
7,39%7,39%
15,1%15,1%
2,27%2,27%
3,77%3,77%
4,95%4,95%
0,68%0,68%
5,42%5,42%
7,45%7,45%
19,64%19,64%
8,26%8,26%
9,01%9,01%
3,74%3,74%
0,69%0,69%
АО «Тываэнерго»
АО «Чеченэнерго»
Россети Волга
Россети Кубань
Россети Ленэнерго (ГК)
Россети Московский регион
Россети Северный Кавказ (ГК)
Россети Северо-Запад
Россети Сибирь (ГК)
Россети Томск
Россети Тюмень
Россети Урал (ГК)
Россети ФСК ЕЭС
Россети Центр
Россети Центр и Приволжье (ГК)
Россети Юг (ГК)
Россети Янтарь
Россети Центр и Приволжье (ГК): 106 415 543,98'

09-12-2024T10:13:26 - [TEST_STEP][PASSED] - a2 = indexOf("АО «Тываэнерго»")).replaceAll("[а-яА-Я]", ""): null

09-12-2024T10:13:26 - [TEST_STEP][PASSED] - n = n + 27: null

09-12-2024T10:13:26 - [TEST_STEP][PASSED] - Script1686231490255.WriteToExcel(user, dashboardName, n, data, run, a1, a2, a3, a4, a5, a6, a7, a8, a9): null

09-12-2024T10:13:26 - [TEST_STEP][PASSED] - sheetName = "Sheet1": null

09-12-2024T10:13:26 - [TEST_STEP][PASSED] - workbook01 = getWorkbook(excelFilePath): null

09-12-2024T10:13:26 - [TEST_STEP][PASSED] - sheet01 = getExcelSheet(workbook01, sheetName): null

09-12-2024T10:13:26 - [TEST_STEP][PASSED] - setValueToCellByIndex(sheet01, n, 0, dashboardName): null

09-12-2024T10:13:26 - [TEST_STEP][PASSED] - setValueToCellByIndex(sheet01, n, 10, user): null

09-12-2024T10:13:26 - [TEST_STEP][PASSED] - setValueToCellByIndex(sheet01, n, 1, a1): null

09-12-2024T10:13:26 - [TEST_STEP][PASSED] - setValueToCellByIndex(sheet01, n, 2, a2): null

09-12-2024T10:13:26 - [TEST_STEP][PASSED] - setValueToCellByIndex(sheet01, n, 3, a3): null

09-12-2024T10:13:26 - [TEST_STEP][PASSED] - setValueToCellByIndex(sheet01, n, 4, a4): null

09-12-2024T10:13:26 - [TEST_STEP][PASSED] - setValueToCellByIndex(sheet01, n, 5, a5): null

09-12-2024T10:13:26 - [TEST_STEP][PASSED] - setValueToCellByIndex(sheet01, n, 6, a6): null

09-12-2024T10:13:26 - [TEST_STEP][PASSED] - setValueToCellByIndex(sheet01, n, 7, a7): null

09-12-2024T10:13:26 - [TEST_STEP][PASSED] - setValueToCellByIndex(sheet01, n, 8, a8): null

09-12-2024T10:13:26 - [TEST_STEP][PASSED] - setValueToCellByIndex(sheet01, n, 9, a9): null

09-12-2024T10:13:26 - [TEST_STEP][PASSED] - n = n + 1: null

09-12-2024T10:13:26 - [TEST_STEP][PASSED] - saveWorkbook(excelFilePath, workbook01): null

09-12-2024T10:13:26 - [TEST_STEP][PASSED] - if (run == 2): null

09-12-2024T10:13:26 - [TEST_STEP][PASSED] - if (run == 3): null

09-12-2024T10:13:26 - [TEST_STEP][PASSED] - closeBrowser(): null

09-12-2024T10:13:26 - [MESSAGE][PASSED] - Browser is closed

09-12-2024T10:13:26 - [TEST_STEP][PASSED] - ViruchkaPoDZO(user, dashboardName, n, data, run, a1, a2, a3, a4, a5, a6, a7, a8, a9, urlData): null

09-12-2024T10:13:26 - [TEST_STEP][PASSED] - n = data.getRowNumbers() + 1: null

09-12-2024T10:13:26 - [TEST_STEP][PASSED] - println(n): null

09-12-2024T10:13:26 - [TEST_STEP][PASSED] - dashboardName = "Выручка по ДЗО": null

09-12-2024T10:13:26 - [TEST_STEP][PASSED] - openBrowser(""): Browser is opened with url: ''

09-12-2024T10:13:26 - [MESSAGE][INFO] - Starting 'Chrome' driver

09-12-2024T10:13:26 - [MESSAGE][INFO] - Action delay is set to 0 milliseconds

09-12-2024T10:13:27 - [MESSAGE][PASSED] - Browser is opened with url: ''

09-12-2024T10:13:27 - [TEST_STEP][PASSED] - urlData = 5: null

09-12-2024T10:13:27 - [TEST_STEP][PASSED] - Script1686231490255.CheckPageDownload(urlData, run): null

09-12-2024T10:13:27 - [TEST_STEP][PASSED] - i = 1: null

09-12-2024T10:13:27 - [TEST_STEP][PASSED] - ii = 0: null

09-12-2024T10:13:27 - [TEST_STEP][PASSED] - urlText = <not implemented yet for class: org.codehaus.groovy.ast.expr.EmptyExpression>: null

09-12-2024T10:13:27 - [TEST_STEP][PASSED] - searchWord = <not implemented yet for class: org.codehaus.groovy.ast.expr.EmptyExpression>: null

09-12-2024T10:13:27 - [TEST_STEP][PASSED] - deleteAllCookies(): Delete all cookies successfully

09-12-2024T10:13:27 - [MESSAGE][PASSED] - Delete all cookies successfully

09-12-2024T10:13:27 - [TEST_STEP][PASSED] - refresh(): Refresh successfully

09-12-2024T10:13:27 - [MESSAGE][PASSED] - Refresh successfully

09-12-2024T10:13:27 - [TEST_STEP][PASSED] - delay(65): Delayed 65 second(s)

09-12-2024T10:14:32 - [MESSAGE][PASSED] - Delayed 65 second(s)

09-12-2024T10:14:32 - [TEST_STEP][PASSED] - navigateToUrl(findTestData("PlanFact").getValue(10, urlData)): Navigate to 'https://bi.rosseti.digital/viewer?dashboardGuid=2301950b23be4ed89c1df75f2020051e&sheetGuid=31530aa0b6664c09b016b7f2ab9d853e&fit=true' successfully

09-12-2024T10:14:40 - [MESSAGE][PASSED] - Navigate to 'https://bi.rosseti.digital/viewer?dashboardGuid=2301950b23be4ed89c1df75f2020051e&sheetGuid=31530aa0b6664c09b016b7f2ab9d853e&fit=true' successfully

09-12-2024T10:14:40 - [TEST_STEP][PASSED] - pageLoaded1 = verifyElementPresent(findTestObject("Страница авторизации/Text"), 30): Object 'Object Repository/Страница авторизации/Text' is present

09-12-2024T10:14:44 - [MESSAGE][PASSED] - Object 'Object Repository/Страница авторизации/Text' is present

09-12-2024T10:14:44 - [TEST_STEP][PASSED] - if (pageLoaded1 == false): null

09-12-2024T10:14:44 - [TEST_STEP][PASSED] - urlText = getText(findTestObject("Страница авторизации/Text")): Text of object 'Object Repository/Страница авторизации/Text' is: 'Вход'

09-12-2024T10:14:44 - [MESSAGE][PASSED] - Text of object 'Object Repository/Страница авторизации/Text' is: 'Вход'

09-12-2024T10:14:44 - [TEST_STEP][PASSED] - delay(65): Delayed 65 second(s)

09-12-2024T10:15:49 - [MESSAGE][PASSED] - Delayed 65 second(s)

09-12-2024T10:15:49 - [TEST_STEP][PASSED] - searchWord = "Вход": null

09-12-2024T10:15:49 - [TEST_STEP][PASSED] - if (urlText.contains(searchWord) == false): null

09-12-2024T10:15:49 - [TEST_STEP][PASSED] - setText(findTestObject("Страница авторизации/input__username"), findTestData("PlanFact").getValue(8, run)): Text 'Andreeva-EV' is set on object 'Object Repository/Страница авторизации/input__username'

09-12-2024T10:15:50 - [MESSAGE][PASSED] - Text 'Andreeva-EV' is set on object 'Object Repository/Страница авторизации/input__username'

09-12-2024T10:15:50 - [TEST_STEP][PASSED] - setText(findTestObject("Страница авторизации/input__password"), findTestData("PlanFact").getValue(9, run)): Text '2nPePKDwCPH3ul7xMZ' is set on object 'Object Repository/Страница авторизации/input__password'

09-12-2024T10:15:51 - [MESSAGE][PASSED] - Text '2nPePKDwCPH3ul7xMZ' is set on object 'Object Repository/Страница авторизации/input__password'

09-12-2024T10:15:51 - [TEST_STEP][PASSED] - click(findTestObject("Страница авторизации/button_")): Object: 'Object Repository/Страница авторизации/button_' is clicked on

09-12-2024T10:15:55 - [MESSAGE][PASSED] - Object: 'Object Repository/Страница авторизации/button_' is clicked on

09-12-2024T10:15:55 - [TEST_STEP][PASSED] - delay(65): Delayed 65 second(s)

09-12-2024T10:17:00 - [MESSAGE][PASSED] - Delayed 65 second(s)

09-12-2024T10:17:00 - [TEST_STEP][PASSED] - searchWord = "а": null

09-12-2024T10:17:00 - [TEST_STEP][PASSED] - pageLoaded2 = verifyElementPresent(findTestObject("Страница авторизации/Text"), 50): Object 'Object Repository/Страница авторизации/Text' is present

09-12-2024T10:17:00 - [MESSAGE][PASSED] - Object 'Object Repository/Страница авторизации/Text' is present

09-12-2024T10:17:00 - [TEST_STEP][PASSED] - if (pageLoaded2 == false): null

09-12-2024T10:17:00 - [TEST_STEP][PASSED] - urlText = getText(findTestObject("Страница авторизации/Text")): Text of object 'Object Repository/Страница авторизации/Text' is: 'Период
1, 2, 3 кв., Октябрь 2024 года
Выручка
Все
ДЗО 
Все
Выручка по ДЗО
Выполнение плановых показателей по ПАО Россети за 1, 2, 3 кв., Октябрь 2024 года
1 542 1 542
3 763 3 763
65 060 65 060
62 507 62 507
82 891 82 891
170 850 170 850
25 956 25 956
43 630 43 630
57 204 57 204
7 790 7 790
69 123 69 123
86 018 86 018
256 418 256 418
95 186 95 186
101 997 101 997
42 872 42 872
7 868 7 868
1 841 1 841
3 864 3 864
65 216 65 216
66 460 66 460
87 353 87 353
178 351 178 351
26 843 26 843
44 509 44 509
58 478 58 478
8 028 8 028
64 017 64 017
87 973 87 973
232 074 232 074
97 621 97 621
106 416 106 416
44 229 44 229
8 185 8 185
План
Факт
АО «Тываэнерго»
АО «Чеченэнерго»
Россети Волга
Россети Кубань
Россети Ленэнерго (ГК)
Россети Московский регион
Россети Северный Кавказ (ГК)
Россети Северо-Запад
Россети Сибирь (ГК)
Россети Томск
Россети Тюмень
Россети Урал (ГК)
Россети ФСК ЕЭС
Россети Центр
Россети Центр и Приволжье (ГК)
Россети Юг (ГК)
Россети Янтарь
0 млн. руб.
25 000 млн. руб.
50 000 млн. руб.
75 000 млн. руб.
100 000 млн. руб.
125 000 млн. руб.
150 000 млн. руб.
175 000 млн. руб.
200 000 млн. руб.
225 000 млн. руб.
250 000 млн. руб.
275 000 млн. руб.
Выполнение плановых показателей по ПАО Россети за 1, 2, 3 кв., Октябрь 2024 года
0,16%0,16%
0,33%0,33%
5,52%5,52%
5,63%5,63%
7,39%7,39%
15,1%15,1%
2,27%2,27%
3,77%3,77%
4,95%4,95%
0,68%0,68%
5,42%5,42%
7,45%7,45%
19,64%19,64%
8,26%8,26%
9,01%9,01%
3,74%3,74%
0,69%0,69%
АО «Тываэнерго»
АО «Чеченэнерго»
Россети Волга
Россети Кубань
Россети Ленэнерго (ГК)
Россети Московский регион
Россети Северный Кавказ (ГК)
Россети Северо-Запад
Россети Сибирь (ГК)
Россети Томск
Россети Тюмень
Россети Урал (ГК)
Россети ФСК ЕЭС
Россети Центр
Россети Центр и Приволжье (ГК)
Россети Юг (ГК)
Россети Янтарь'

09-12-2024T10:17:01 - [MESSAGE][PASSED] - Text of object 'Object Repository/Страница авторизации/Text' is: 'Период
1, 2, 3 кв., Октябрь 2024 года
Выручка
Все
ДЗО 
Все
Выручка по ДЗО
Выполнение плановых показателей по ПАО Россети за 1, 2, 3 кв., Октябрь 2024 года
1 542 1 542
3 763 3 763
65 060 65 060
62 507 62 507
82 891 82 891
170 850 170 850
25 956 25 956
43 630 43 630
57 204 57 204
7 790 7 790
69 123 69 123
86 018 86 018
256 418 256 418
95 186 95 186
101 997 101 997
42 872 42 872
7 868 7 868
1 841 1 841
3 864 3 864
65 216 65 216
66 460 66 460
87 353 87 353
178 351 178 351
26 843 26 843
44 509 44 509
58 478 58 478
8 028 8 028
64 017 64 017
87 973 87 973
232 074 232 074
97 621 97 621
106 416 106 416
44 229 44 229
8 185 8 185
План
Факт
АО «Тываэнерго»
АО «Чеченэнерго»
Россети Волга
Россети Кубань
Россети Ленэнерго (ГК)
Россети Московский регион
Россети Северный Кавказ (ГК)
Россети Северо-Запад
Россети Сибирь (ГК)
Россети Томск
Россети Тюмень
Россети Урал (ГК)
Россети ФСК ЕЭС
Россети Центр
Россети Центр и Приволжье (ГК)
Россети Юг (ГК)
Россети Янтарь
0 млн. руб.
25 000 млн. руб.
50 000 млн. руб.
75 000 млн. руб.
100 000 млн. руб.
125 000 млн. руб.
150 000 млн. руб.
175 000 млн. руб.
200 000 млн. руб.
225 000 млн. руб.
250 000 млн. руб.
275 000 млн. руб.
Выполнение плановых показателей по ПАО Россети за 1, 2, 3 кв., Октябрь 2024 года
0,16%0,16%
0,33%0,33%
5,52%5,52%
5,63%5,63%
7,39%7,39%
15,1%15,1%
2,27%2,27%
3,77%3,77%
4,95%4,95%
0,68%0,68%
5,42%5,42%
7,45%7,45%
19,64%19,64%
8,26%8,26%
9,01%9,01%
3,74%3,74%
0,69%0,69%
АО «Тываэнерго»
АО «Чеченэнерго»
Россети Волга
Россети Кубань
Россети Ленэнерго (ГК)
Россети Московский регион
Россети Северный Кавказ (ГК)
Россети Северо-Запад
Россети Сибирь (ГК)
Россети Томск
Россети Тюмень
Россети Урал (ГК)
Россети ФСК ЕЭС
Россети Центр
Россети Центр и Приволжье (ГК)
Россети Юг (ГК)
Россети Янтарь'

09-12-2024T10:17:01 - [TEST_STEP][PASSED] - if (urlText.contains("ошибка") || urlText.contains(searchWord) == false): null

09-12-2024T10:17:01 - [TEST_STEP][PASSED] - click(findTestObject("Выручка по ДЗО/Фильтр Дата")): Object: 'Object Repository/Выручка по ДЗО/Фильтр Дата' is clicked on

09-12-2024T10:17:01 - [MESSAGE][PASSED] - Object: 'Object Repository/Выручка по ДЗО/Фильтр Дата' is clicked on

09-12-2024T10:17:01 - [TEST_STEP][PASSED] - click(findTestObject("Выручка по ДЗО/Снять выделение в фильтре Дата")): Object: 'Object Repository/Выручка по ДЗО/Снять выделение в фильтре Дата' is clicked on

09-12-2024T10:17:02 - [MESSAGE][PASSED] - Object: 'Object Repository/Выручка по ДЗО/Снять выделение в фильтре Дата' is clicked on

09-12-2024T10:17:02 - [TEST_STEP][PASSED] - click(findTestObject("Выручка по ДЗО/Применить в фильтре Дата")): Object: 'Object Repository/Выручка по ДЗО/Применить в фильтре Дата' is clicked on

09-12-2024T10:17:02 - [MESSAGE][PASSED] - Object: 'Object Repository/Выручка по ДЗО/Применить в фильтре Дата' is clicked on

09-12-2024T10:17:02 - [TEST_STEP][PASSED] - click(findTestObject("Выручка по ДЗО/Фильтр Дата")): Object: 'Object Repository/Выручка по ДЗО/Фильтр Дата' is clicked on

09-12-2024T10:17:05 - [MESSAGE][PASSED] - Object: 'Object Repository/Выручка по ДЗО/Фильтр Дата' is clicked on

09-12-2024T10:17:05 - [TEST_STEP][PASSED] - click(findTestObject("Выручка по ДЗО/Снять выделение в фильтре Дата")): Object: 'Object Repository/Выручка по ДЗО/Снять выделение в фильтре Дата' is clicked on

09-12-2024T10:17:05 - [MESSAGE][PASSED] - Object: 'Object Repository/Выручка по ДЗО/Снять выделение в фильтре Дата' is clicked on

09-12-2024T10:17:05 - [TEST_STEP][PASSED] - scrollToElement(findTestObject("Выручка по ДЗО/2024 список"), 30): Scroll to object 'Object Repository/Выручка по ДЗО/2024 список' successfully

09-12-2024T10:17:06 - [MESSAGE][PASSED] - Scroll to object 'Object Repository/Выручка по ДЗО/2024 список' successfully

09-12-2024T10:17:06 - [TEST_STEP][PASSED] - click(findTestObject("Выручка по ДЗО/2024 список")): Object: 'Object Repository/Выручка по ДЗО/2024 список' is clicked on

09-12-2024T10:17:06 - [MESSAGE][PASSED] - Object: 'Object Repository/Выручка по ДЗО/2024 список' is clicked on

09-12-2024T10:17:06 - [TEST_STEP][PASSED] - scrollToElement(findTestObject("Выручка по ДЗО/1 квартал 2024 выбрать"), 30): Scroll to object 'Object Repository/Выручка по ДЗО/1 квартал 2024 выбрать' successfully

09-12-2024T10:17:06 - [MESSAGE][PASSED] - Scroll to object 'Object Repository/Выручка по ДЗО/1 квартал 2024 выбрать' successfully

09-12-2024T10:17:06 - [TEST_STEP][PASSED] - click(findTestObject("Выручка по ДЗО/1 квартал 2024 выбрать")): Object: 'Object Repository/Выручка по ДЗО/1 квартал 2024 выбрать' is clicked on

09-12-2024T10:17:07 - [MESSAGE][PASSED] - Object: 'Object Repository/Выручка по ДЗО/1 квартал 2024 выбрать' is clicked on

09-12-2024T10:17:07 - [TEST_STEP][PASSED] - scrollToElement(findTestObject("Выручка по ДЗО/2 квартал 2024 выбрать"), 30): Scroll to object 'Object Repository/Выручка по ДЗО/2 квартал 2024 выбрать' successfully

09-12-2024T10:17:07 - [MESSAGE][PASSED] - Scroll to object 'Object Repository/Выручка по ДЗО/2 квартал 2024 выбрать' successfully

09-12-2024T10:17:07 - [TEST_STEP][PASSED] - click(findTestObject("Выручка по ДЗО/2 квартал 2024 выбрать"), CONTINUE_ON_FAILURE): Object: 'Object Repository/Выручка по ДЗО/2 квартал 2024 выбрать' is clicked on

09-12-2024T10:17:08 - [MESSAGE][PASSED] - Object: 'Object Repository/Выручка по ДЗО/2 квартал 2024 выбрать' is clicked on

09-12-2024T10:17:08 - [TEST_STEP][PASSED] - scrollToElement(findTestObject("Выручка по ДЗО/3 квартал 2024 список"), 30): Scroll to object 'Object Repository/Выручка по ДЗО/3 квартал 2024 список' successfully

09-12-2024T10:17:08 - [MESSAGE][PASSED] - Scroll to object 'Object Repository/Выручка по ДЗО/3 квартал 2024 список' successfully

09-12-2024T10:17:08 - [TEST_STEP][PASSED] - click(findTestObject("Выручка по ДЗО/3 квартал 2024 выбрать"), CONTINUE_ON_FAILURE): Object: 'Object Repository/Выручка по ДЗО/3 квартал 2024 выбрать' is clicked on

09-12-2024T10:17:08 - [MESSAGE][PASSED] - Object: 'Object Repository/Выручка по ДЗО/3 квартал 2024 выбрать' is clicked on

09-12-2024T10:17:08 - [TEST_STEP][PASSED] - scrollToElement(findTestObject("Выручка по ДЗО/4 квартал 2024 список"), 30): Scroll to object 'Object Repository/Выручка по ДЗО/4 квартал 2024 список' successfully

09-12-2024T10:17:09 - [MESSAGE][PASSED] - Scroll to object 'Object Repository/Выручка по ДЗО/4 квартал 2024 список' successfully

09-12-2024T10:17:09 - [TEST_STEP][PASSED] - click(findTestObject("Выручка по ДЗО/4 квартал 2024 список"), CONTINUE_ON_FAILURE): Object: 'Object Repository/Выручка по ДЗО/4 квартал 2024 список' is clicked on

09-12-2024T10:17:09 - [MESSAGE][PASSED] - Object: 'Object Repository/Выручка по ДЗО/4 квартал 2024 список' is clicked on

09-12-2024T10:17:09 - [TEST_STEP][PASSED] - scrollToElement(findTestObject("Выручка по ДЗО/Октябрь 2024"), 30): Scroll to object 'Object Repository/Выручка по ДЗО/Октябрь 2024' successfully

09-12-2024T10:17:10 - [MESSAGE][PASSED] - Scroll to object 'Object Repository/Выручка по ДЗО/Октябрь 2024' successfully

09-12-2024T10:17:10 - [TEST_STEP][PASSED] - click(findTestObject("Выручка по ДЗО/Октябрь 2024"), CONTINUE_ON_FAILURE): Object: 'Object Repository/Выручка по ДЗО/Октябрь 2024' is clicked on

09-12-2024T10:17:10 - [MESSAGE][PASSED] - Object: 'Object Repository/Выручка по ДЗО/Октябрь 2024' is clicked on

09-12-2024T10:17:10 - [TEST_STEP][PASSED] - scrollToElement(findTestObject("Выручка по ДЗО/Заголовок дашборда"), 30): Scroll to object 'Object Repository/Выручка по ДЗО/Заголовок дашборда' successfully

09-12-2024T10:17:10 - [MESSAGE][PASSED] - Scroll to object 'Object Repository/Выручка по ДЗО/Заголовок дашборда' successfully

09-12-2024T10:17:10 - [TEST_STEP][PASSED] - click(findTestObject("Выручка по ДЗО/Применить в фильтре Дата")): Object: 'Object Repository/Выручка по ДЗО/Применить в фильтре Дата' is clicked on

09-12-2024T10:17:11 - [MESSAGE][PASSED] - Object: 'Object Repository/Выручка по ДЗО/Применить в фильтре Дата' is clicked on

09-12-2024T10:17:11 - [TEST_STEP][PASSED] - a3 = "": null

09-12-2024T10:17:11 - [TEST_STEP][PASSED] - a4 = "": null

09-12-2024T10:17:11 - [TEST_STEP][PASSED] - a5 = "": null

09-12-2024T10:17:11 - [TEST_STEP][PASSED] - a6 = "": null

09-12-2024T10:17:11 - [TEST_STEP][PASSED] - a7 = "": null

09-12-2024T10:17:11 - [TEST_STEP][PASSED] - a8 = "": null

09-12-2024T10:17:11 - [TEST_STEP][PASSED] - a9 = "": null

09-12-2024T10:17:11 - [TEST_STEP][PASSED] - if (run == 1): null

09-12-2024T10:17:11 - [TEST_STEP][PASSED] - if (run == 2): null

09-12-2024T10:17:11 - [TEST_STEP][PASSED] - user = "Андреева": null

09-12-2024T10:17:11 - [TEST_STEP][PASSED] - a1 = getText(findTestObject("Выручка по ДЗО/График1 Выполнение плановых показателей Блок руководителя")): Text of object 'Object Repository/Выручка по ДЗО/График1 Выполнение плановых показателей Блок руководителя' is: '1 542 1 542
3 763 3 763
65 060 65 060
62 507 62 507
82 891 82 891
170 850 170 850
25 956 25 956
43 630 43 630
57 204 57 204
7 790 7 790
69 123 69 123
86 018 86 018
256 418 256 418
95 186 95 186
101 997 101 997
42 872 42 872
7 868 7 868
1 841 1 841
3 864 3 864
65 216 65 216
66 460 66 460
87 353 87 353
178 351 178 351
26 843 26 843
44 509 44 509
58 478 58 478
8 028 8 028
64 017 64 017
87 973 87 973
232 074 232 074
97 621 97 621
106 416 106 416
44 229 44 229
8 185 8 185
План
Факт
АО «Тываэнерго»
АО «Чеченэнерго»
Россети Волга
Россети Кубань
Россети Ленэнерго (ГК)
Россети Московский регион
Россети Северный Кавказ (ГК)
Россети Северо-Запад
Россети Сибирь (ГК)
Россети Томск
Россети Тюмень
Россети Урал (ГК)
Россети ФСК ЕЭС
Россети Центр
Россети Центр и Приволжье (ГК)
Россети Юг (ГК)
Россети Янтарь
0 млн. руб.
25 000 млн. руб.
50 000 млн. руб.
75 000 млн. руб.
100 000 млн. руб.
125 000 млн. руб.
150 000 млн. руб.
175 000 млн. руб.
200 000 млн. руб.
225 000 млн. руб.
250 000 млн. руб.
275 000 млн. руб.'

09-12-2024T10:17:13 - [MESSAGE][PASSED] - Text of object 'Object Repository/Выручка по ДЗО/График1 Выполнение плановых показателей Блок руководителя' is: '1 542 1 542
3 763 3 763
65 060 65 060
62 507 62 507
82 891 82 891
170 850 170 850
25 956 25 956
43 630 43 630
57 204 57 204
7 790 7 790
69 123 69 123
86 018 86 018
256 418 256 418
95 186 95 186
101 997 101 997
42 872 42 872
7 868 7 868
1 841 1 841
3 864 3 864
65 216 65 216
66 460 66 460
87 353 87 353
178 351 178 351
26 843 26 843
44 509 44 509
58 478 58 478
8 028 8 028
64 017 64 017
87 973 87 973
232 074 232 074
97 621 97 621
106 416 106 416
44 229 44 229
8 185 8 185
План
Факт
АО «Тываэнерго»
АО «Чеченэнерго»
Россети Волга
Россети Кубань
Россети Ленэнерго (ГК)
Россети Московский регион
Россети Северный Кавказ (ГК)
Россети Северо-Запад
Россети Сибирь (ГК)
Россети Томск
Россети Тюмень
Россети Урал (ГК)
Россети ФСК ЕЭС
Россети Центр
Россети Центр и Приволжье (ГК)
Россети Юг (ГК)
Россети Янтарь
0 млн. руб.
25 000 млн. руб.
50 000 млн. руб.
75 000 млн. руб.
100 000 млн. руб.
125 000 млн. руб.
150 000 млн. руб.
175 000 млн. руб.
200 000 млн. руб.
225 000 млн. руб.
250 000 млн. руб.
275 000 млн. руб.'

09-12-2024T10:17:13 - [TEST_STEP][PASSED] - a2 = getText(findTestObject("Выручка по ДЗО/График2 Выполнение плановых показателей Блок руководителя")): Text of object 'Object Repository/Выручка по ДЗО/График2 Выполнение плановых показателей Блок руководителя' is: '0,16%0,16%
0,33%0,33%
5,52%5,52%
5,63%5,63%
7,39%7,39%
15,1%15,1%
2,27%2,27%
3,77%3,77%
4,95%4,95%
0,68%0,68%
5,42%5,42%
7,45%7,45%
19,64%19,64%
8,26%8,26%
9,01%9,01%
3,74%3,74%
0,69%0,69%
АО «Тываэнерго»
АО «Чеченэнерго»
Россети Волга
Россети Кубань
Россети Ленэнерго (ГК)
Россети Московский регион
Россети Северный Кавказ (ГК)
Россети Северо-Запад
Россети Сибирь (ГК)
Россети Томск
Россети Тюмень
Россети Урал (ГК)
Россети ФСК ЕЭС
Россети Центр
Россети Центр и Приволжье (ГК)
Россети Юг (ГК)
Россети Янтарь
Россети Центр и Приволжье (ГК): 106 415 543,98'

09-12-2024T10:17:14 - [MESSAGE][PASSED] - Text of object 'Object Repository/Выручка по ДЗО/График2 Выполнение плановых показателей Блок руководителя' is: '0,16%0,16%
0,33%0,33%
5,52%5,52%
5,63%5,63%
7,39%7,39%
15,1%15,1%
2,27%2,27%
3,77%3,77%
4,95%4,95%
0,68%0,68%
5,42%5,42%
7,45%7,45%
19,64%19,64%
8,26%8,26%
9,01%9,01%
3,74%3,74%
0,69%0,69%
АО «Тываэнерго»
АО «Чеченэнерго»
Россети Волга
Россети Кубань
Россети Ленэнерго (ГК)
Россети Московский регион
Россети Северный Кавказ (ГК)
Россети Северо-Запад
Россети Сибирь (ГК)
Россети Томск
Россети Тюмень
Россети Урал (ГК)
Россети ФСК ЕЭС
Россети Центр
Россети Центр и Приволжье (ГК)
Россети Юг (ГК)
Россети Янтарь
Россети Центр и Приволжье (ГК): 106 415 543,98'

09-12-2024T10:17:14 - [TEST_STEP][PASSED] - a2 = indexOf("АО «Тываэнерго»")).replaceAll("[а-яА-Я]", ""): null

09-12-2024T10:17:14 - [TEST_STEP][PASSED] - n = n + 28: null

09-12-2024T10:17:14 - [TEST_STEP][PASSED] - b = n - run + 1: null

09-12-2024T10:17:14 - [TEST_STEP][PASSED] - verifyEqual(findTestData("PlanFact").getValue(2, b), a1): Actual object '1 542 1 542
3 763 3 763
65 060 65 060
62 507 62 507
82 891 82 891
170 850 170 850
25 956 25 956
43 630 43 630
57 204 57 204
7 790 7 790
69 123 69 123
86 018 86 018
256 418 256 418
95 186 95 186
101 997 101 997
42 872 42 872
7 868 7 868
1 841 1 841
3 864 3 864
65 216 65 216
66 460 66 460
87 353 87 353
178 351 178 351
26 843 26 843
44 509 44 509
58 478 58 478
8 028 8 028
64 017 64 017
87 973 87 973
232 074 232 074
97 621 97 621
106 416 106 416
44 229 44 229
8 185 8 185
План
Факт
АО «Тываэнерго»
АО «Чеченэнерго»
Россети Волга
Россети Кубань
Россети Ленэнерго (ГК)
Россети Московский регион
Россети Северный Кавказ (ГК)
Россети Северо-Запад
Россети Сибирь (ГК)
Россети Томск
Россети Тюмень
Россети Урал (ГК)
Россети ФСК ЕЭС
Россети Центр
Россети Центр и Приволжье (ГК)
Россети Юг (ГК)
Россети Янтарь
0 млн. руб.
25 000 млн. руб.
50 000 млн. руб.
75 000 млн. руб.
100 000 млн. руб.
125 000 млн. руб.
150 000 млн. руб.
175 000 млн. руб.
200 000 млн. руб.
225 000 млн. руб.
250 000 млн. руб.
275 000 млн. руб.' and expected object '1 542 1 542
3 763 3 763
65 060 65 060
62 507 62 507
82 891 82 891
170 850 170 850
25 956 25 956
43 630 43 630
57 204 57 204
7 790 7 790
69 123 69 123
86 018 86 018
256 418 256 418
95 186 95 186
101 997 101 997
42 872 42 872
7 868 7 868
1 841 1 841
3 864 3 864
65 216 65 216
66 460 66 460
87 353 87 353
178 351 178 351
26 843 26 843
44 509 44 509
58 478 58 478
8 028 8 028
64 017 64 017
87 973 87 973
232 074 232 074
97 621 97 621
106 416 106 416
44 229 44 229
8 185 8 185
План
Факт
АО «Тываэнерго»
АО «Чеченэнерго»
Россети Волга
Россети Кубань
Россети Ленэнерго (ГК)
Россети Московский регион
Россети Северный Кавказ (ГК)
Россети Северо-Запад
Россети Сибирь (ГК)
Россети Томск
Россети Тюмень
Россети Урал (ГК)
Россети ФСК ЕЭС
Россети Центр
Россети Центр и Приволжье (ГК)
Россети Юг (ГК)
Россети Янтарь
0 млн. руб.
25 000 млн. руб.
50 000 млн. руб.
75 000 млн. руб.
100 000 млн. руб.
125 000 млн. руб.
150 000 млн. руб.
175 000 млн. руб.
200 000 млн. руб.
225 000 млн. руб.
250 000 млн. руб.
275 000 млн. руб.' are equal

09-12-2024T10:17:14 - [MESSAGE][PASSED] - Actual object '1 542 1 542
3 763 3 763
65 060 65 060
62 507 62 507
82 891 82 891
170 850 170 850
25 956 25 956
43 630 43 630
57 204 57 204
7 790 7 790
69 123 69 123
86 018 86 018
256 418 256 418
95 186 95 186
101 997 101 997
42 872 42 872
7 868 7 868
1 841 1 841
3 864 3 864
65 216 65 216
66 460 66 460
87 353 87 353
178 351 178 351
26 843 26 843
44 509 44 509
58 478 58 478
8 028 8 028
64 017 64 017
87 973 87 973
232 074 232 074
97 621 97 621
106 416 106 416
44 229 44 229
8 185 8 185
План
Факт
АО «Тываэнерго»
АО «Чеченэнерго»
Россети Волга
Россети Кубань
Россети Ленэнерго (ГК)
Россети Московский регион
Россети Северный Кавказ (ГК)
Россети Северо-Запад
Россети Сибирь (ГК)
Россети Томск
Россети Тюмень
Россети Урал (ГК)
Россети ФСК ЕЭС
Россети Центр
Россети Центр и Приволжье (ГК)
Россети Юг (ГК)
Россети Янтарь
0 млн. руб.
25 000 млн. руб.
50 000 млн. руб.
75 000 млн. руб.
100 000 млн. руб.
125 000 млн. руб.
150 000 млн. руб.
175 000 млн. руб.
200 000 млн. руб.
225 000 млн. руб.
250 000 млн. руб.
275 000 млн. руб.' and expected object '1 542 1 542
3 763 3 763
65 060 65 060
62 507 62 507
82 891 82 891
170 850 170 850
25 956 25 956
43 630 43 630
57 204 57 204
7 790 7 790
69 123 69 123
86 018 86 018
256 418 256 418
95 186 95 186
101 997 101 997
42 872 42 872
7 868 7 868
1 841 1 841
3 864 3 864
65 216 65 216
66 460 66 460
87 353 87 353
178 351 178 351
26 843 26 843
44 509 44 509
58 478 58 478
8 028 8 028
64 017 64 017
87 973 87 973
232 074 232 074
97 621 97 621
106 416 106 416
44 229 44 229
8 185 8 185
План
Факт
АО «Тываэнерго»
АО «Чеченэнерго»
Россети Волга
Россети Кубань
Россети Ленэнерго (ГК)
Россети Московский регион
Россети Северный Кавказ (ГК)
Россети Северо-Запад
Россети Сибирь (ГК)
Россети Томск
Россети Тюмень
Россети Урал (ГК)
Россети ФСК ЕЭС
Россети Центр
Россети Центр и Приволжье (ГК)
Россети Юг (ГК)
Россети Янтарь
0 млн. руб.
25 000 млн. руб.
50 000 млн. руб.
75 000 млн. руб.
100 000 млн. руб.
125 000 млн. руб.
150 000 млн. руб.
175 000 млн. руб.
200 000 млн. руб.
225 000 млн. руб.
250 000 млн. руб.
275 000 млн. руб.' are equal

09-12-2024T10:17:14 - [TEST_STEP][PASSED] - verifyEqual(findTestData("PlanFact").getValue(3, b), a2): Actual object '0,16%0,16%
0,33%0,33%
5,52%5,52%
5,63%5,63%
7,39%7,39%
15,1%15,1%
2,27%2,27%
3,77%3,77%
4,95%4,95%
0,68%0,68%
5,42%5,42%
7,45%7,45%
19,64%19,64%
8,26%8,26%
9,01%9,01%
3,74%3,74%
0,69%0,69%
' and expected object '0,16%0,16%
0,33%0,33%
5,52%5,52%
5,63%5,63%
7,39%7,39%
15,1%15,1%
2,27%2,27%
3,77%3,77%
4,95%4,95%
0,68%0,68%
5,42%5,42%
7,45%7,45%
19,64%19,64%
8,26%8,26%
9,01%9,01%
3,74%3,74%
0,69%0,69%
' are equal

09-12-2024T10:17:14 - [MESSAGE][PASSED] - Actual object '0,16%0,16%
0,33%0,33%
5,52%5,52%
5,63%5,63%
7,39%7,39%
15,1%15,1%
2,27%2,27%
3,77%3,77%
4,95%4,95%
0,68%0,68%
5,42%5,42%
7,45%7,45%
19,64%19,64%
8,26%8,26%
9,01%9,01%
3,74%3,74%
0,69%0,69%
' and expected object '0,16%0,16%
0,33%0,33%
5,52%5,52%
5,63%5,63%
7,39%7,39%
15,1%15,1%
2,27%2,27%
3,77%3,77%
4,95%4,95%
0,68%0,68%
5,42%5,42%
7,45%7,45%
19,64%19,64%
8,26%8,26%
9,01%9,01%
3,74%3,74%
0,69%0,69%
' are equal

09-12-2024T10:17:14 - [TEST_STEP][PASSED] - Script1686231490255.WriteToExcel(user, dashboardName, n, data, run, a1, a2, a3, a4, a5, a6, a7, a8, a9): null

09-12-2024T10:17:14 - [TEST_STEP][PASSED] - sheetName = "Sheet1": null

09-12-2024T10:17:14 - [TEST_STEP][PASSED] - workbook01 = getWorkbook(excelFilePath): null

09-12-2024T10:17:14 - [TEST_STEP][PASSED] - sheet01 = getExcelSheet(workbook01, sheetName): null

09-12-2024T10:17:14 - [TEST_STEP][PASSED] - setValueToCellByIndex(sheet01, n, 0, dashboardName): null

09-12-2024T10:17:14 - [TEST_STEP][PASSED] - setValueToCellByIndex(sheet01, n, 10, user): null

09-12-2024T10:17:14 - [TEST_STEP][PASSED] - setValueToCellByIndex(sheet01, n, 1, a1): null

09-12-2024T10:17:14 - [TEST_STEP][PASSED] - setValueToCellByIndex(sheet01, n, 2, a2): null

09-12-2024T10:17:14 - [TEST_STEP][PASSED] - setValueToCellByIndex(sheet01, n, 3, a3): null

09-12-2024T10:17:14 - [TEST_STEP][PASSED] - setValueToCellByIndex(sheet01, n, 4, a4): null

09-12-2024T10:17:14 - [TEST_STEP][PASSED] - setValueToCellByIndex(sheet01, n, 5, a5): null

09-12-2024T10:17:14 - [TEST_STEP][PASSED] - setValueToCellByIndex(sheet01, n, 6, a6): null

09-12-2024T10:17:14 - [TEST_STEP][PASSED] - setValueToCellByIndex(sheet01, n, 7, a7): null

09-12-2024T10:17:14 - [TEST_STEP][PASSED] - setValueToCellByIndex(sheet01, n, 8, a8): null

09-12-2024T10:17:14 - [TEST_STEP][PASSED] - setValueToCellByIndex(sheet01, n, 9, a9): null

09-12-2024T10:17:14 - [TEST_STEP][PASSED] - n = n + 1: null

09-12-2024T10:17:14 - [TEST_STEP][PASSED] - saveWorkbook(excelFilePath, workbook01): null

09-12-2024T10:17:14 - [TEST_STEP][PASSED] - if (run == 3): null

09-12-2024T10:17:14 - [TEST_STEP][PASSED] - closeBrowser(): null

09-12-2024T10:17:14 - [MESSAGE][PASSED] - Browser is closed

09-12-2024T10:17:14 - [TEST_STEP][PASSED] - ViruchkaPoDZO(user, dashboardName, n, data, run, a1, a2, a3, a4, a5, a6, a7, a8, a9, urlData): null

09-12-2024T10:17:14 - [TEST_STEP][PASSED] - n = data.getRowNumbers() + 1: null

09-12-2024T10:17:14 - [TEST_STEP][PASSED] - println(n): null

09-12-2024T10:17:14 - [TEST_STEP][PASSED] - dashboardName = "Выручка по ДЗО": null

09-12-2024T10:17:14 - [TEST_STEP][PASSED] - openBrowser(""): Browser is opened with url: ''

09-12-2024T10:17:14 - [MESSAGE][INFO] - Starting 'Chrome' driver

09-12-2024T10:17:14 - [MESSAGE][INFO] - Action delay is set to 0 milliseconds

09-12-2024T10:17:15 - [MESSAGE][PASSED] - Browser is opened with url: ''

09-12-2024T10:17:15 - [TEST_STEP][PASSED] - urlData = 5: null

09-12-2024T10:17:15 - [TEST_STEP][PASSED] - Script1686231490255.CheckPageDownload(urlData, run): null

09-12-2024T10:17:15 - [TEST_STEP][PASSED] - i = 1: null

09-12-2024T10:17:15 - [TEST_STEP][PASSED] - ii = 0: null

09-12-2024T10:17:15 - [TEST_STEP][PASSED] - urlText = <not implemented yet for class: org.codehaus.groovy.ast.expr.EmptyExpression>: null

09-12-2024T10:17:15 - [TEST_STEP][PASSED] - searchWord = <not implemented yet for class: org.codehaus.groovy.ast.expr.EmptyExpression>: null

09-12-2024T10:17:15 - [TEST_STEP][PASSED] - deleteAllCookies(): Delete all cookies successfully

09-12-2024T10:17:15 - [MESSAGE][PASSED] - Delete all cookies successfully

09-12-2024T10:17:15 - [TEST_STEP][PASSED] - refresh(): Refresh successfully

09-12-2024T10:17:15 - [MESSAGE][PASSED] - Refresh successfully

09-12-2024T10:17:15 - [TEST_STEP][PASSED] - delay(65): Delayed 65 second(s)

09-12-2024T10:18:20 - [MESSAGE][PASSED] - Delayed 65 second(s)

09-12-2024T10:18:20 - [TEST_STEP][PASSED] - navigateToUrl(findTestData("PlanFact").getValue(10, urlData)): Navigate to 'https://bi.rosseti.digital/viewer?dashboardGuid=2301950b23be4ed89c1df75f2020051e&sheetGuid=31530aa0b6664c09b016b7f2ab9d853e&fit=true' successfully

09-12-2024T10:18:26 - [MESSAGE][PASSED] - Navigate to 'https://bi.rosseti.digital/viewer?dashboardGuid=2301950b23be4ed89c1df75f2020051e&sheetGuid=31530aa0b6664c09b016b7f2ab9d853e&fit=true' successfully

09-12-2024T10:18:26 - [TEST_STEP][PASSED] - pageLoaded1 = verifyElementPresent(findTestObject("Страница авторизации/Text"), 30): Object 'Object Repository/Страница авторизации/Text' is present

09-12-2024T10:18:30 - [MESSAGE][PASSED] - Object 'Object Repository/Страница авторизации/Text' is present

09-12-2024T10:18:30 - [TEST_STEP][PASSED] - if (pageLoaded1 == false): null

09-12-2024T10:18:30 - [TEST_STEP][PASSED] - urlText = getText(findTestObject("Страница авторизации/Text")): Text of object 'Object Repository/Страница авторизации/Text' is: 'Вход'

09-12-2024T10:18:31 - [MESSAGE][PASSED] - Text of object 'Object Repository/Страница авторизации/Text' is: 'Вход'

09-12-2024T10:18:31 - [TEST_STEP][PASSED] - delay(65): Delayed 65 second(s)

09-12-2024T10:19:36 - [MESSAGE][PASSED] - Delayed 65 second(s)

09-12-2024T10:19:36 - [TEST_STEP][PASSED] - searchWord = "Вход": null

09-12-2024T10:19:36 - [TEST_STEP][PASSED] - if (urlText.contains(searchWord) == false): null

09-12-2024T10:19:36 - [TEST_STEP][PASSED] - setText(findTestObject("Страница авторизации/input__username"), findTestData("PlanFact").getValue(8, run)): Text 'Petrova-OV' is set on object 'Object Repository/Страница авторизации/input__username'

09-12-2024T10:19:36 - [MESSAGE][PASSED] - Text 'Petrova-OV' is set on object 'Object Repository/Страница авторизации/input__username'

09-12-2024T10:19:36 - [TEST_STEP][PASSED] - setText(findTestObject("Страница авторизации/input__password"), findTestData("PlanFact").getValue(9, run)): Text '4Ex@~R53r&3x&BVe7' is set on object 'Object Repository/Страница авторизации/input__password'

09-12-2024T10:19:37 - [MESSAGE][PASSED] - Text '4Ex@~R53r&3x&BVe7' is set on object 'Object Repository/Страница авторизации/input__password'

09-12-2024T10:19:37 - [TEST_STEP][PASSED] - click(findTestObject("Страница авторизации/button_")): Object: 'Object Repository/Страница авторизации/button_' is clicked on

09-12-2024T10:19:41 - [MESSAGE][PASSED] - Object: 'Object Repository/Страница авторизации/button_' is clicked on

09-12-2024T10:19:41 - [TEST_STEP][PASSED] - delay(65): Delayed 65 second(s)

09-12-2024T10:20:46 - [MESSAGE][PASSED] - Delayed 65 second(s)

09-12-2024T10:20:46 - [TEST_STEP][PASSED] - searchWord = "а": null

09-12-2024T10:20:46 - [TEST_STEP][PASSED] - pageLoaded2 = verifyElementPresent(findTestObject("Страница авторизации/Text"), 50): Object 'Object Repository/Страница авторизации/Text' is present

09-12-2024T10:20:46 - [MESSAGE][PASSED] - Object 'Object Repository/Страница авторизации/Text' is present

09-12-2024T10:20:46 - [TEST_STEP][PASSED] - if (pageLoaded2 == false): null

09-12-2024T10:20:46 - [TEST_STEP][PASSED] - urlText = getText(findTestObject("Страница авторизации/Text")): Text of object 'Object Repository/Страница авторизации/Text' is: 'Период
1, 2, 3 кв., Октябрь 2024 года
Выручка
Все
ДЗО 
Все
Выручка по ДЗО
Выполнение плановых показателей по ПАО Россети за 1, 2, 3 кв., Октябрь 2024 года
1 542 1 542
3 763 3 763
65 060 65 060
62 507 62 507
82 891 82 891
170 850 170 850
25 956 25 956
43 630 43 630
57 204 57 204
7 790 7 790
69 123 69 123
86 018 86 018
256 418 256 418
95 186 95 186
101 997 101 997
42 872 42 872
7 868 7 868
1 841 1 841
3 864 3 864
65 216 65 216
66 460 66 460
87 353 87 353
178 351 178 351
26 843 26 843
44 509 44 509
58 478 58 478
8 028 8 028
64 017 64 017
87 973 87 973
232 074 232 074
97 621 97 621
106 416 106 416
44 229 44 229
8 185 8 185
План
Факт
АО «Тываэнерго»
АО «Чеченэнерго»
Россети Волга
Россети Кубань
Россети Ленэнерго (ГК)
Россети Московский регион
Россети Северный Кавказ (ГК)
Россети Северо-Запад
Россети Сибирь (ГК)
Россети Томск
Россети Тюмень
Россети Урал (ГК)
Россети ФСК ЕЭС
Россети Центр
Россети Центр и Приволжье (ГК)
Россети Юг (ГК)
Россети Янтарь
0 млн. руб.
25 000 млн. руб.
50 000 млн. руб.
75 000 млн. руб.
100 000 млн. руб.
125 000 млн. руб.
150 000 млн. руб.
175 000 млн. руб.
200 000 млн. руб.
225 000 млн. руб.
250 000 млн. руб.
275 000 млн. руб.
Выполнение плановых показателей по ПАО Россети за 1, 2, 3 кв., Октябрь 2024 года
0,16%0,16%
0,33%0,33%
5,52%5,52%
5,63%5,63%
7,39%7,39%
15,1%15,1%
2,27%2,27%
3,77%3,77%
4,95%4,95%
0,68%0,68%
5,42%5,42%
7,45%7,45%
19,64%19,64%
8,26%8,26%
9,01%9,01%
3,74%3,74%
0,69%0,69%
АО «Тываэнерго»
АО «Чеченэнерго»
Россети Волга
Россети Кубань
Россети Ленэнерго (ГК)
Россети Московский регион
Россети Северный Кавказ (ГК)
Россети Северо-Запад
Россети Сибирь (ГК)
Россети Томск
Россети Тюмень
Россети Урал (ГК)
Россети ФСК ЕЭС
Россети Центр
Россети Центр и Приволжье (ГК)
Россети Юг (ГК)
Россети Янтарь'

09-12-2024T10:20:47 - [MESSAGE][PASSED] - Text of object 'Object Repository/Страница авторизации/Text' is: 'Период
1, 2, 3 кв., Октябрь 2024 года
Выручка
Все
ДЗО 
Все
Выручка по ДЗО
Выполнение плановых показателей по ПАО Россети за 1, 2, 3 кв., Октябрь 2024 года
1 542 1 542
3 763 3 763
65 060 65 060
62 507 62 507
82 891 82 891
170 850 170 850
25 956 25 956
43 630 43 630
57 204 57 204
7 790 7 790
69 123 69 123
86 018 86 018
256 418 256 418
95 186 95 186
101 997 101 997
42 872 42 872
7 868 7 868
1 841 1 841
3 864 3 864
65 216 65 216
66 460 66 460
87 353 87 353
178 351 178 351
26 843 26 843
44 509 44 509
58 478 58 478
8 028 8 028
64 017 64 017
87 973 87 973
232 074 232 074
97 621 97 621
106 416 106 416
44 229 44 229
8 185 8 185
План
Факт
АО «Тываэнерго»
АО «Чеченэнерго»
Россети Волга
Россети Кубань
Россети Ленэнерго (ГК)
Россети Московский регион
Россети Северный Кавказ (ГК)
Россети Северо-Запад
Россети Сибирь (ГК)
Россети Томск
Россети Тюмень
Россети Урал (ГК)
Россети ФСК ЕЭС
Россети Центр
Россети Центр и Приволжье (ГК)
Россети Юг (ГК)
Россети Янтарь
0 млн. руб.
25 000 млн. руб.
50 000 млн. руб.
75 000 млн. руб.
100 000 млн. руб.
125 000 млн. руб.
150 000 млн. руб.
175 000 млн. руб.
200 000 млн. руб.
225 000 млн. руб.
250 000 млн. руб.
275 000 млн. руб.
Выполнение плановых показателей по ПАО Россети за 1, 2, 3 кв., Октябрь 2024 года
0,16%0,16%
0,33%0,33%
5,52%5,52%
5,63%5,63%
7,39%7,39%
15,1%15,1%
2,27%2,27%
3,77%3,77%
4,95%4,95%
0,68%0,68%
5,42%5,42%
7,45%7,45%
19,64%19,64%
8,26%8,26%
9,01%9,01%
3,74%3,74%
0,69%0,69%
АО «Тываэнерго»
АО «Чеченэнерго»
Россети Волга
Россети Кубань
Россети Ленэнерго (ГК)
Россети Московский регион
Россети Северный Кавказ (ГК)
Россети Северо-Запад
Россети Сибирь (ГК)
Россети Томск
Россети Тюмень
Россети Урал (ГК)
Россети ФСК ЕЭС
Россети Центр
Россети Центр и Приволжье (ГК)
Россети Юг (ГК)
Россети Янтарь'

09-12-2024T10:20:47 - [TEST_STEP][PASSED] - if (urlText.contains("ошибка") || urlText.contains(searchWord) == false): null

09-12-2024T10:20:47 - [TEST_STEP][PASSED] - click(findTestObject("Выручка по ДЗО/Фильтр Дата")): Object: 'Object Repository/Выручка по ДЗО/Фильтр Дата' is clicked on

09-12-2024T10:20:47 - [MESSAGE][PASSED] - Object: 'Object Repository/Выручка по ДЗО/Фильтр Дата' is clicked on

09-12-2024T10:20:47 - [TEST_STEP][PASSED] - click(findTestObject("Выручка по ДЗО/Снять выделение в фильтре Дата")): Object: 'Object Repository/Выручка по ДЗО/Снять выделение в фильтре Дата' is clicked on

09-12-2024T10:20:48 - [MESSAGE][PASSED] - Object: 'Object Repository/Выручка по ДЗО/Снять выделение в фильтре Дата' is clicked on

09-12-2024T10:20:48 - [TEST_STEP][PASSED] - click(findTestObject("Выручка по ДЗО/Применить в фильтре Дата")): Object: 'Object Repository/Выручка по ДЗО/Применить в фильтре Дата' is clicked on

09-12-2024T10:20:48 - [MESSAGE][PASSED] - Object: 'Object Repository/Выручка по ДЗО/Применить в фильтре Дата' is clicked on

09-12-2024T10:20:48 - [TEST_STEP][PASSED] - click(findTestObject("Выручка по ДЗО/Фильтр Дата")): Object: 'Object Repository/Выручка по ДЗО/Фильтр Дата' is clicked on

09-12-2024T10:20:51 - [MESSAGE][PASSED] - Object: 'Object Repository/Выручка по ДЗО/Фильтр Дата' is clicked on

09-12-2024T10:20:51 - [TEST_STEP][PASSED] - click(findTestObject("Выручка по ДЗО/Снять выделение в фильтре Дата")): Object: 'Object Repository/Выручка по ДЗО/Снять выделение в фильтре Дата' is clicked on

09-12-2024T10:20:52 - [MESSAGE][PASSED] - Object: 'Object Repository/Выручка по ДЗО/Снять выделение в фильтре Дата' is clicked on

09-12-2024T10:20:52 - [TEST_STEP][PASSED] - scrollToElement(findTestObject("Выручка по ДЗО/2024 список"), 30): Scroll to object 'Object Repository/Выручка по ДЗО/2024 список' successfully

09-12-2024T10:20:52 - [MESSAGE][PASSED] - Scroll to object 'Object Repository/Выручка по ДЗО/2024 список' successfully

09-12-2024T10:20:52 - [TEST_STEP][PASSED] - click(findTestObject("Выручка по ДЗО/2024 список")): Object: 'Object Repository/Выручка по ДЗО/2024 список' is clicked on

09-12-2024T10:20:53 - [MESSAGE][PASSED] - Object: 'Object Repository/Выручка по ДЗО/2024 список' is clicked on

09-12-2024T10:20:53 - [TEST_STEP][PASSED] - scrollToElement(findTestObject("Выручка по ДЗО/1 квартал 2024 выбрать"), 30): Scroll to object 'Object Repository/Выручка по ДЗО/1 квартал 2024 выбрать' successfully

09-12-2024T10:20:53 - [MESSAGE][PASSED] - Scroll to object 'Object Repository/Выручка по ДЗО/1 квартал 2024 выбрать' successfully

09-12-2024T10:20:53 - [TEST_STEP][PASSED] - click(findTestObject("Выручка по ДЗО/1 квартал 2024 выбрать")): Object: 'Object Repository/Выручка по ДЗО/1 квартал 2024 выбрать' is clicked on

09-12-2024T10:20:53 - [MESSAGE][PASSED] - Object: 'Object Repository/Выручка по ДЗО/1 квартал 2024 выбрать' is clicked on

09-12-2024T10:20:53 - [TEST_STEP][PASSED] - scrollToElement(findTestObject("Выручка по ДЗО/2 квартал 2024 выбрать"), 30): Scroll to object 'Object Repository/Выручка по ДЗО/2 квартал 2024 выбрать' successfully

09-12-2024T10:20:54 - [MESSAGE][PASSED] - Scroll to object 'Object Repository/Выручка по ДЗО/2 квартал 2024 выбрать' successfully

09-12-2024T10:20:54 - [TEST_STEP][PASSED] - click(findTestObject("Выручка по ДЗО/2 квартал 2024 выбрать"), CONTINUE_ON_FAILURE): Object: 'Object Repository/Выручка по ДЗО/2 квартал 2024 выбрать' is clicked on

09-12-2024T10:20:54 - [MESSAGE][PASSED] - Object: 'Object Repository/Выручка по ДЗО/2 квартал 2024 выбрать' is clicked on

09-12-2024T10:20:54 - [TEST_STEP][PASSED] - scrollToElement(findTestObject("Выручка по ДЗО/3 квартал 2024 список"), 30): Scroll to object 'Object Repository/Выручка по ДЗО/3 квартал 2024 список' successfully

09-12-2024T10:20:55 - [MESSAGE][PASSED] - Scroll to object 'Object Repository/Выручка по ДЗО/3 квартал 2024 список' successfully

09-12-2024T10:20:55 - [TEST_STEP][PASSED] - click(findTestObject("Выручка по ДЗО/3 квартал 2024 выбрать"), CONTINUE_ON_FAILURE): Object: 'Object Repository/Выручка по ДЗО/3 квартал 2024 выбрать' is clicked on

09-12-2024T10:20:55 - [MESSAGE][PASSED] - Object: 'Object Repository/Выручка по ДЗО/3 квартал 2024 выбрать' is clicked on

09-12-2024T10:20:55 - [TEST_STEP][PASSED] - scrollToElement(findTestObject("Выручка по ДЗО/4 квартал 2024 список"), 30): Scroll to object 'Object Repository/Выручка по ДЗО/4 квартал 2024 список' successfully

09-12-2024T10:20:56 - [MESSAGE][PASSED] - Scroll to object 'Object Repository/Выручка по ДЗО/4 квартал 2024 список' successfully

09-12-2024T10:20:56 - [TEST_STEP][PASSED] - click(findTestObject("Выручка по ДЗО/4 квартал 2024 список"), CONTINUE_ON_FAILURE): Object: 'Object Repository/Выручка по ДЗО/4 квартал 2024 список' is clicked on

09-12-2024T10:20:56 - [MESSAGE][PASSED] - Object: 'Object Repository/Выручка по ДЗО/4 квартал 2024 список' is clicked on

09-12-2024T10:20:56 - [TEST_STEP][PASSED] - scrollToElement(findTestObject("Выручка по ДЗО/Октябрь 2024"), 30): Scroll to object 'Object Repository/Выручка по ДЗО/Октябрь 2024' successfully

09-12-2024T10:20:56 - [MESSAGE][PASSED] - Scroll to object 'Object Repository/Выручка по ДЗО/Октябрь 2024' successfully

09-12-2024T10:20:56 - [TEST_STEP][PASSED] - click(findTestObject("Выручка по ДЗО/Октябрь 2024"), CONTINUE_ON_FAILURE): Object: 'Object Repository/Выручка по ДЗО/Октябрь 2024' is clicked on

09-12-2024T10:20:57 - [MESSAGE][PASSED] - Object: 'Object Repository/Выручка по ДЗО/Октябрь 2024' is clicked on

09-12-2024T10:20:57 - [TEST_STEP][PASSED] - scrollToElement(findTestObject("Выручка по ДЗО/Заголовок дашборда"), 30): Scroll to object 'Object Repository/Выручка по ДЗО/Заголовок дашборда' successfully

09-12-2024T10:20:57 - [MESSAGE][PASSED] - Scroll to object 'Object Repository/Выручка по ДЗО/Заголовок дашборда' successfully

09-12-2024T10:20:57 - [TEST_STEP][PASSED] - click(findTestObject("Выручка по ДЗО/Применить в фильтре Дата")): Object: 'Object Repository/Выручка по ДЗО/Применить в фильтре Дата' is clicked on

09-12-2024T10:20:58 - [MESSAGE][PASSED] - Object: 'Object Repository/Выручка по ДЗО/Применить в фильтре Дата' is clicked on

09-12-2024T10:20:58 - [TEST_STEP][PASSED] - a3 = "": null

09-12-2024T10:20:58 - [TEST_STEP][PASSED] - a4 = "": null

09-12-2024T10:20:58 - [TEST_STEP][PASSED] - a5 = "": null

09-12-2024T10:20:58 - [TEST_STEP][PASSED] - a6 = "": null

09-12-2024T10:20:58 - [TEST_STEP][PASSED] - a7 = "": null

09-12-2024T10:20:58 - [TEST_STEP][PASSED] - a8 = "": null

09-12-2024T10:20:58 - [TEST_STEP][PASSED] - a9 = "": null

09-12-2024T10:20:58 - [TEST_STEP][PASSED] - if (run == 1): null

09-12-2024T10:20:58 - [TEST_STEP][PASSED] - if (run == 2): null

09-12-2024T10:20:58 - [TEST_STEP][PASSED] - if (run == 3): null

09-12-2024T10:20:58 - [TEST_STEP][PASSED] - user = "Попова": null

09-12-2024T10:20:58 - [TEST_STEP][PASSED] - a1 = getText(findTestObject("Выручка по ДЗО/График1 Выполнение плановых показателей Блок руководителя")): Text of object 'Object Repository/Выручка по ДЗО/График1 Выполнение плановых показателей Блок руководителя' is: '1 542 1 542
3 763 3 763
65 060 65 060
62 507 62 507
82 891 82 891
170 850 170 850
25 956 25 956
43 630 43 630
57 204 57 204
7 790 7 790
69 123 69 123
86 018 86 018
256 418 256 418
95 186 95 186
101 997 101 997
42 872 42 872
7 868 7 868
1 841 1 841
3 864 3 864
65 216 65 216
66 460 66 460
87 353 87 353
178 351 178 351
26 843 26 843
44 509 44 509
58 478 58 478
8 028 8 028
64 017 64 017
87 973 87 973
232 074 232 074
97 621 97 621
106 416 106 416
44 229 44 229
8 185 8 185
План
Факт
АО «Тываэнерго»
АО «Чеченэнерго»
Россети Волга
Россети Кубань
Россети Ленэнерго (ГК)
Россети Московский регион
Россети Северный Кавказ (ГК)
Россети Северо-Запад
Россети Сибирь (ГК)
Россети Томск
Россети Тюмень
Россети Урал (ГК)
Россети ФСК ЕЭС
Россети Центр
Россети Центр и Приволжье (ГК)
Россети Юг (ГК)
Россети Янтарь
0 млн. руб.
25 000 млн. руб.
50 000 млн. руб.
75 000 млн. руб.
100 000 млн. руб.
125 000 млн. руб.
150 000 млн. руб.
175 000 млн. руб.
200 000 млн. руб.
225 000 млн. руб.
250 000 млн. руб.
275 000 млн. руб.'

09-12-2024T10:21:00 - [MESSAGE][PASSED] - Text of object 'Object Repository/Выручка по ДЗО/График1 Выполнение плановых показателей Блок руководителя' is: '1 542 1 542
3 763 3 763
65 060 65 060
62 507 62 507
82 891 82 891
170 850 170 850
25 956 25 956
43 630 43 630
57 204 57 204
7 790 7 790
69 123 69 123
86 018 86 018
256 418 256 418
95 186 95 186
101 997 101 997
42 872 42 872
7 868 7 868
1 841 1 841
3 864 3 864
65 216 65 216
66 460 66 460
87 353 87 353
178 351 178 351
26 843 26 843
44 509 44 509
58 478 58 478
8 028 8 028
64 017 64 017
87 973 87 973
232 074 232 074
97 621 97 621
106 416 106 416
44 229 44 229
8 185 8 185
План
Факт
АО «Тываэнерго»
АО «Чеченэнерго»
Россети Волга
Россети Кубань
Россети Ленэнерго (ГК)
Россети Московский регион
Россети Северный Кавказ (ГК)
Россети Северо-Запад
Россети Сибирь (ГК)
Россети Томск
Россети Тюмень
Россети Урал (ГК)
Россети ФСК ЕЭС
Россети Центр
Россети Центр и Приволжье (ГК)
Россети Юг (ГК)
Россети Янтарь
0 млн. руб.
25 000 млн. руб.
50 000 млн. руб.
75 000 млн. руб.
100 000 млн. руб.
125 000 млн. руб.
150 000 млн. руб.
175 000 млн. руб.
200 000 млн. руб.
225 000 млн. руб.
250 000 млн. руб.
275 000 млн. руб.'

09-12-2024T10:21:00 - [TEST_STEP][PASSED] - a2 = getText(findTestObject("Выручка по ДЗО/График2 Выполнение плановых показателей Блок руководителя")): Text of object 'Object Repository/Выручка по ДЗО/График2 Выполнение плановых показателей Блок руководителя' is: '0,16%0,16%
0,33%0,33%
5,52%5,52%
5,63%5,63%
7,39%7,39%
15,1%15,1%
2,27%2,27%
3,77%3,77%
4,95%4,95%
0,68%0,68%
5,42%5,42%
7,45%7,45%
19,64%19,64%
8,26%8,26%
9,01%9,01%
3,74%3,74%
0,69%0,69%
АО «Тываэнерго»
АО «Чеченэнерго»
Россети Волга
Россети Кубань
Россети Ленэнерго (ГК)
Россети Московский регион
Россети Северный Кавказ (ГК)
Россети Северо-Запад
Россети Сибирь (ГК)
Россети Томск
Россети Тюмень
Россети Урал (ГК)
Россети ФСК ЕЭС
Россети Центр
Россети Центр и Приволжье (ГК)
Россети Юг (ГК)
Россети Янтарь
Россети Центр и Приволжье (ГК): 106 415 543,98'

09-12-2024T10:21:01 - [MESSAGE][PASSED] - Text of object 'Object Repository/Выручка по ДЗО/График2 Выполнение плановых показателей Блок руководителя' is: '0,16%0,16%
0,33%0,33%
5,52%5,52%
5,63%5,63%
7,39%7,39%
15,1%15,1%
2,27%2,27%
3,77%3,77%
4,95%4,95%
0,68%0,68%
5,42%5,42%
7,45%7,45%
19,64%19,64%
8,26%8,26%
9,01%9,01%
3,74%3,74%
0,69%0,69%
АО «Тываэнерго»
АО «Чеченэнерго»
Россети Волга
Россети Кубань
Россети Ленэнерго (ГК)
Россети Московский регион
Россети Северный Кавказ (ГК)
Россети Северо-Запад
Россети Сибирь (ГК)
Россети Томск
Россети Тюмень
Россети Урал (ГК)
Россети ФСК ЕЭС
Россети Центр
Россети Центр и Приволжье (ГК)
Россети Юг (ГК)
Россети Янтарь
Россети Центр и Приволжье (ГК): 106 415 543,98'

09-12-2024T10:21:01 - [TEST_STEP][PASSED] - a2 = indexOf("АО «Тываэнерго»")).replaceAll("[а-яА-Я]", ""): null

09-12-2024T10:21:01 - [TEST_STEP][PASSED] - n = n + 29: null

09-12-2024T10:21:01 - [TEST_STEP][PASSED] - b = n - run + 1: null

09-12-2024T10:21:01 - [TEST_STEP][PASSED] - verifyEqual(findTestData("PlanFact").getValue(2, b), a1): Actual object '1 542 1 542
3 763 3 763
65 060 65 060
62 507 62 507
82 891 82 891
170 850 170 850
25 956 25 956
43 630 43 630
57 204 57 204
7 790 7 790
69 123 69 123
86 018 86 018
256 418 256 418
95 186 95 186
101 997 101 997
42 872 42 872
7 868 7 868
1 841 1 841
3 864 3 864
65 216 65 216
66 460 66 460
87 353 87 353
178 351 178 351
26 843 26 843
44 509 44 509
58 478 58 478
8 028 8 028
64 017 64 017
87 973 87 973
232 074 232 074
97 621 97 621
106 416 106 416
44 229 44 229
8 185 8 185
План
Факт
АО «Тываэнерго»
АО «Чеченэнерго»
Россети Волга
Россети Кубань
Россети Ленэнерго (ГК)
Россети Московский регион
Россети Северный Кавказ (ГК)
Россети Северо-Запад
Россети Сибирь (ГК)
Россети Томск
Россети Тюмень
Россети Урал (ГК)
Россети ФСК ЕЭС
Россети Центр
Россети Центр и Приволжье (ГК)
Россети Юг (ГК)
Россети Янтарь
0 млн. руб.
25 000 млн. руб.
50 000 млн. руб.
75 000 млн. руб.
100 000 млн. руб.
125 000 млн. руб.
150 000 млн. руб.
175 000 млн. руб.
200 000 млн. руб.
225 000 млн. руб.
250 000 млн. руб.
275 000 млн. руб.' and expected object '1 542 1 542
3 763 3 763
65 060 65 060
62 507 62 507
82 891 82 891
170 850 170 850
25 956 25 956
43 630 43 630
57 204 57 204
7 790 7 790
69 123 69 123
86 018 86 018
256 418 256 418
95 186 95 186
101 997 101 997
42 872 42 872
7 868 7 868
1 841 1 841
3 864 3 864
65 216 65 216
66 460 66 460
87 353 87 353
178 351 178 351
26 843 26 843
44 509 44 509
58 478 58 478
8 028 8 028
64 017 64 017
87 973 87 973
232 074 232 074
97 621 97 621
106 416 106 416
44 229 44 229
8 185 8 185
План
Факт
АО «Тываэнерго»
АО «Чеченэнерго»
Россети Волга
Россети Кубань
Россети Ленэнерго (ГК)
Россети Московский регион
Россети Северный Кавказ (ГК)
Россети Северо-Запад
Россети Сибирь (ГК)
Россети Томск
Россети Тюмень
Россети Урал (ГК)
Россети ФСК ЕЭС
Россети Центр
Россети Центр и Приволжье (ГК)
Россети Юг (ГК)
Россети Янтарь
0 млн. руб.
25 000 млн. руб.
50 000 млн. руб.
75 000 млн. руб.
100 000 млн. руб.
125 000 млн. руб.
150 000 млн. руб.
175 000 млн. руб.
200 000 млн. руб.
225 000 млн. руб.
250 000 млн. руб.
275 000 млн. руб.' are equal

09-12-2024T10:21:01 - [MESSAGE][PASSED] - Actual object '1 542 1 542
3 763 3 763
65 060 65 060
62 507 62 507
82 891 82 891
170 850 170 850
25 956 25 956
43 630 43 630
57 204 57 204
7 790 7 790
69 123 69 123
86 018 86 018
256 418 256 418
95 186 95 186
101 997 101 997
42 872 42 872
7 868 7 868
1 841 1 841
3 864 3 864
65 216 65 216
66 460 66 460
87 353 87 353
178 351 178 351
26 843 26 843
44 509 44 509
58 478 58 478
8 028 8 028
64 017 64 017
87 973 87 973
232 074 232 074
97 621 97 621
106 416 106 416
44 229 44 229
8 185 8 185
План
Факт
АО «Тываэнерго»
АО «Чеченэнерго»
Россети Волга
Россети Кубань
Россети Ленэнерго (ГК)
Россети Московский регион
Россети Северный Кавказ (ГК)
Россети Северо-Запад
Россети Сибирь (ГК)
Россети Томск
Россети Тюмень
Россети Урал (ГК)
Россети ФСК ЕЭС
Россети Центр
Россети Центр и Приволжье (ГК)
Россети Юг (ГК)
Россети Янтарь
0 млн. руб.
25 000 млн. руб.
50 000 млн. руб.
75 000 млн. руб.
100 000 млн. руб.
125 000 млн. руб.
150 000 млн. руб.
175 000 млн. руб.
200 000 млн. руб.
225 000 млн. руб.
250 000 млн. руб.
275 000 млн. руб.' and expected object '1 542 1 542
3 763 3 763
65 060 65 060
62 507 62 507
82 891 82 891
170 850 170 850
25 956 25 956
43 630 43 630
57 204 57 204
7 790 7 790
69 123 69 123
86 018 86 018
256 418 256 418
95 186 95 186
101 997 101 997
42 872 42 872
7 868 7 868
1 841 1 841
3 864 3 864
65 216 65 216
66 460 66 460
87 353 87 353
178 351 178 351
26 843 26 843
44 509 44 509
58 478 58 478
8 028 8 028
64 017 64 017
87 973 87 973
232 074 232 074
97 621 97 621
106 416 106 416
44 229 44 229
8 185 8 185
План
Факт
АО «Тываэнерго»
АО «Чеченэнерго»
Россети Волга
Россети Кубань
Россети Ленэнерго (ГК)
Россети Московский регион
Россети Северный Кавказ (ГК)
Россети Северо-Запад
Россети Сибирь (ГК)
Россети Томск
Россети Тюмень
Россети Урал (ГК)
Россети ФСК ЕЭС
Россети Центр
Россети Центр и Приволжье (ГК)
Россети Юг (ГК)
Россети Янтарь
0 млн. руб.
25 000 млн. руб.
50 000 млн. руб.
75 000 млн. руб.
100 000 млн. руб.
125 000 млн. руб.
150 000 млн. руб.
175 000 млн. руб.
200 000 млн. руб.
225 000 млн. руб.
250 000 млн. руб.
275 000 млн. руб.' are equal

09-12-2024T10:21:01 - [TEST_STEP][PASSED] - verifyEqual(findTestData("PlanFact").getValue(3, b), a2): Actual object '0,16%0,16%
0,33%0,33%
5,52%5,52%
5,63%5,63%
7,39%7,39%
15,1%15,1%
2,27%2,27%
3,77%3,77%
4,95%4,95%
0,68%0,68%
5,42%5,42%
7,45%7,45%
19,64%19,64%
8,26%8,26%
9,01%9,01%
3,74%3,74%
0,69%0,69%
' and expected object '0,16%0,16%
0,33%0,33%
5,52%5,52%
5,63%5,63%
7,39%7,39%
15,1%15,1%
2,27%2,27%
3,77%3,77%
4,95%4,95%
0,68%0,68%
5,42%5,42%
7,45%7,45%
19,64%19,64%
8,26%8,26%
9,01%9,01%
3,74%3,74%
0,69%0,69%
' are equal

09-12-2024T10:21:01 - [MESSAGE][PASSED] - Actual object '0,16%0,16%
0,33%0,33%
5,52%5,52%
5,63%5,63%
7,39%7,39%
15,1%15,1%
2,27%2,27%
3,77%3,77%
4,95%4,95%
0,68%0,68%
5,42%5,42%
7,45%7,45%
19,64%19,64%
8,26%8,26%
9,01%9,01%
3,74%3,74%
0,69%0,69%
' and expected object '0,16%0,16%
0,33%0,33%
5,52%5,52%
5,63%5,63%
7,39%7,39%
15,1%15,1%
2,27%2,27%
3,77%3,77%
4,95%4,95%
0,68%0,68%
5,42%5,42%
7,45%7,45%
19,64%19,64%
8,26%8,26%
9,01%9,01%
3,74%3,74%
0,69%0,69%
' are equal

09-12-2024T10:21:01 - [TEST_STEP][PASSED] - Script1686231490255.WriteToExcel(user, dashboardName, n, data, run, a1, a2, a3, a4, a5, a6, a7, a8, a9): null

09-12-2024T10:21:01 - [TEST_STEP][PASSED] - sheetName = "Sheet1": null

09-12-2024T10:21:01 - [TEST_STEP][PASSED] - workbook01 = getWorkbook(excelFilePath): null

09-12-2024T10:21:01 - [TEST_STEP][PASSED] - sheet01 = getExcelSheet(workbook01, sheetName): null

09-12-2024T10:21:01 - [TEST_STEP][PASSED] - setValueToCellByIndex(sheet01, n, 0, dashboardName): null

09-12-2024T10:21:01 - [TEST_STEP][PASSED] - setValueToCellByIndex(sheet01, n, 10, user): null

09-12-2024T10:21:01 - [TEST_STEP][PASSED] - setValueToCellByIndex(sheet01, n, 1, a1): null

09-12-2024T10:21:01 - [TEST_STEP][PASSED] - setValueToCellByIndex(sheet01, n, 2, a2): null

09-12-2024T10:21:01 - [TEST_STEP][PASSED] - setValueToCellByIndex(sheet01, n, 3, a3): null

09-12-2024T10:21:01 - [TEST_STEP][PASSED] - setValueToCellByIndex(sheet01, n, 4, a4): null

09-12-2024T10:21:01 - [TEST_STEP][PASSED] - setValueToCellByIndex(sheet01, n, 5, a5): null

09-12-2024T10:21:01 - [TEST_STEP][PASSED] - setValueToCellByIndex(sheet01, n, 6, a6): null

09-12-2024T10:21:01 - [TEST_STEP][PASSED] - setValueToCellByIndex(sheet01, n, 7, a7): null

09-12-2024T10:21:01 - [TEST_STEP][PASSED] - setValueToCellByIndex(sheet01, n, 8, a8): null

09-12-2024T10:21:01 - [TEST_STEP][PASSED] - setValueToCellByIndex(sheet01, n, 9, a9): null

09-12-2024T10:21:01 - [TEST_STEP][PASSED] - n = n + 1: null

09-12-2024T10:21:01 - [TEST_STEP][PASSED] - saveWorkbook(excelFilePath, workbook01): null

09-12-2024T10:21:01 - [TEST_STEP][PASSED] - closeBrowser(): Browser is closed

09-12-2024T10:21:01 - [MESSAGE][PASSED] - Browser is closed

09-12-2024T10:21:01 - [TEST_STEP][PASSED] - delay(65): Delayed 65 second(s)

09-12-2024T10:22:06 - [MESSAGE][PASSED] - Delayed 65 second(s)

09-12-2024T10:22:06 - [TEST_STEP][PASSED] - for ([run = 1, run < 4, (run++)]): null

09-12-2024T10:22:06 - [TEST_STEP][PASSED] - PrognozPoDZO(user, dashboardName, n, data, run, a1, a2, a3, a4, a5, a6, a7, a8, a9, urlData): null

09-12-2024T10:22:06 - [TEST_STEP][PASSED] - n = data.getRowNumbers() + 1: null

09-12-2024T10:22:06 - [TEST_STEP][PASSED] - println(n): null

09-12-2024T10:22:06 - [TEST_STEP][PASSED] - dashboardName = "Прогноз по ДЗО": null

09-12-2024T10:22:06 - [TEST_STEP][PASSED] - openBrowser(""): Browser is opened with url: ''

09-12-2024T10:22:06 - [MESSAGE][INFO] - Starting 'Chrome' driver

09-12-2024T10:22:06 - [MESSAGE][INFO] - Action delay is set to 0 milliseconds

09-12-2024T10:22:07 - [MESSAGE][PASSED] - Browser is opened with url: ''

09-12-2024T10:22:07 - [TEST_STEP][PASSED] - urlData = 19: null

09-12-2024T10:22:07 - [TEST_STEP][PASSED] - Script1686231490255.CheckPageDownload(urlData, run): null

09-12-2024T10:22:07 - [TEST_STEP][PASSED] - i = 1: null

09-12-2024T10:22:07 - [TEST_STEP][PASSED] - ii = 0: null

09-12-2024T10:22:07 - [TEST_STEP][PASSED] - urlText = <not implemented yet for class: org.codehaus.groovy.ast.expr.EmptyExpression>: null

09-12-2024T10:22:07 - [TEST_STEP][PASSED] - searchWord = <not implemented yet for class: org.codehaus.groovy.ast.expr.EmptyExpression>: null

09-12-2024T10:22:07 - [TEST_STEP][PASSED] - deleteAllCookies(): Delete all cookies successfully

09-12-2024T10:22:07 - [MESSAGE][PASSED] - Delete all cookies successfully

09-12-2024T10:22:07 - [TEST_STEP][PASSED] - refresh(): Refresh successfully

09-12-2024T10:22:07 - [MESSAGE][PASSED] - Refresh successfully

09-12-2024T10:22:07 - [TEST_STEP][PASSED] - delay(65): Delayed 65 second(s)

09-12-2024T10:23:12 - [MESSAGE][PASSED] - Delayed 65 second(s)

09-12-2024T10:23:12 - [TEST_STEP][PASSED] - navigateToUrl(findTestData("PlanFact").getValue(10, urlData)): Navigate to 'https://bi.rosseti.digital/viewer?dashboardGuid=d6acb5b1a7114a9791b34de39263106e&sheetGuid=752a4d1009e74632abe0071aea7fa3c6&fit=true' successfully

09-12-2024T10:23:19 - [MESSAGE][PASSED] - Navigate to 'https://bi.rosseti.digital/viewer?dashboardGuid=d6acb5b1a7114a9791b34de39263106e&sheetGuid=752a4d1009e74632abe0071aea7fa3c6&fit=true' successfully

09-12-2024T10:23:19 - [TEST_STEP][PASSED] - pageLoaded1 = verifyElementPresent(findTestObject("Страница авторизации/Text"), 30): Object 'Object Repository/Страница авторизации/Text' is present

09-12-2024T10:23:25 - [MESSAGE][PASSED] - Object 'Object Repository/Страница авторизации/Text' is present

09-12-2024T10:23:25 - [TEST_STEP][PASSED] - if (pageLoaded1 == false): null

09-12-2024T10:23:25 - [TEST_STEP][PASSED] - urlText = getText(findTestObject("Страница авторизации/Text")): Text of object 'Object Repository/Страница авторизации/Text' is: 'Вход'

09-12-2024T10:23:25 - [MESSAGE][PASSED] - Text of object 'Object Repository/Страница авторизации/Text' is: 'Вход'

09-12-2024T10:23:25 - [TEST_STEP][PASSED] - delay(65): Delayed 65 second(s)

09-12-2024T10:24:30 - [MESSAGE][PASSED] - Delayed 65 second(s)

09-12-2024T10:24:30 - [TEST_STEP][PASSED] - searchWord = "Вход": null

09-12-2024T10:24:30 - [TEST_STEP][PASSED] - if (urlText.contains(searchWord) == false): null

09-12-2024T10:24:30 - [TEST_STEP][PASSED] - setText(findTestObject("Страница авторизации/input__username"), findTestData("PlanFact").getValue(8, run)): Text 'liazgina-di' is set on object 'Object Repository/Страница авторизации/input__username'

09-12-2024T10:24:31 - [MESSAGE][PASSED] - Text 'liazgina-di' is set on object 'Object Repository/Страница авторизации/input__username'

09-12-2024T10:24:31 - [TEST_STEP][PASSED] - setText(findTestObject("Страница авторизации/input__password"), findTestData("PlanFact").getValue(9, run)): Text ')$%5srZ8o688Dm#q' is set on object 'Object Repository/Страница авторизации/input__password'

09-12-2024T10:24:32 - [MESSAGE][PASSED] - Text ')$%5srZ8o688Dm#q' is set on object 'Object Repository/Страница авторизации/input__password'

09-12-2024T10:24:32 - [TEST_STEP][PASSED] - click(findTestObject("Страница авторизации/button_")): Object: 'Object Repository/Страница авторизации/button_' is clicked on

09-12-2024T10:24:35 - [MESSAGE][PASSED] - Object: 'Object Repository/Страница авторизации/button_' is clicked on

09-12-2024T10:24:35 - [TEST_STEP][PASSED] - delay(65): Delayed 65 second(s)

09-12-2024T10:25:40 - [MESSAGE][PASSED] - Delayed 65 second(s)

09-12-2024T10:25:40 - [TEST_STEP][PASSED] - searchWord = "а": null

09-12-2024T10:25:40 - [TEST_STEP][PASSED] - pageLoaded2 = verifyElementPresent(findTestObject("Страница авторизации/Text"), 50): Object 'Object Repository/Страница авторизации/Text' is present

09-12-2024T10:25:41 - [MESSAGE][PASSED] - Object 'Object Repository/Страница авторизации/Text' is present

09-12-2024T10:25:41 - [TEST_STEP][PASSED] - if (pageLoaded2 == false): null

09-12-2024T10:25:41 - [TEST_STEP][PASSED] - urlText = getText(findTestObject("Страница авторизации/Text")): Text of object 'Object Repository/Страница авторизации/Text' is: 'Сравнение с 
План
абс.
%
Отклонения по ПАО Россети на 2024 год
⬤ Отклонение, %
Выручка отклонения по ПАО Россети на 2024 год
⬤ Отклонение, %
Год 
2024 год
Динамика электропотребления, млрд. кВт.ч.
У виджета нет данных
Выручка, млрд. руб.
У виджета нет данных
Прогноз на месяц 
Ноябрь
КПО/Отпуск из сети 
Отпуск из сети, млн. кВт.ч
Организация 
Все

Прогноз электропотребления и выручки за услуги по передаче в разрезе ДЗО'

09-12-2024T10:25:41 - [MESSAGE][PASSED] - Text of object 'Object Repository/Страница авторизации/Text' is: 'Сравнение с 
План
абс.
%
Отклонения по ПАО Россети на 2024 год
⬤ Отклонение, %
Выручка отклонения по ПАО Россети на 2024 год
⬤ Отклонение, %
Год 
2024 год
Динамика электропотребления, млрд. кВт.ч.
У виджета нет данных
Выручка, млрд. руб.
У виджета нет данных
Прогноз на месяц 
Ноябрь
КПО/Отпуск из сети 
Отпуск из сети, млн. кВт.ч
Организация 
Все

Прогноз электропотребления и выручки за услуги по передаче в разрезе ДЗО'

09-12-2024T10:25:41 - [TEST_STEP][PASSED] - if (urlText.contains("ошибка") || urlText.contains(searchWord) == false): null

09-12-2024T10:25:41 - [TEST_STEP][PASSED] - a3 = "": null

09-12-2024T10:25:41 - [TEST_STEP][PASSED] - a4 = "": null

09-12-2024T10:25:41 - [TEST_STEP][PASSED] - a5 = "": null

09-12-2024T10:25:41 - [TEST_STEP][PASSED] - a6 = "": null

09-12-2024T10:25:41 - [TEST_STEP][PASSED] - a7 = "": null

09-12-2024T10:25:41 - [TEST_STEP][PASSED] - a8 = "": null

09-12-2024T10:25:41 - [TEST_STEP][PASSED] - a9 = "": null

09-12-2024T10:25:41 - [TEST_STEP][PASSED] - if (run == 1): null

09-12-2024T10:25:41 - [TEST_STEP][PASSED] - user = "админ": null

09-12-2024T10:25:41 - [TEST_STEP][PASSED] - a1 = getText(findTestObject("Прогноз по ДЗО/График1")): Text of object 'Object Repository/Прогноз по ДЗО/График1' is: 'Динамика электропотребления, млрд. кВт.ч.
У виджета нет данных'

09-12-2024T10:25:41 - [MESSAGE][PASSED] - Text of object 'Object Repository/Прогноз по ДЗО/График1' is: 'Динамика электропотребления, млрд. кВт.ч.
У виджета нет данных'

09-12-2024T10:25:41 - [TEST_STEP][PASSED] - i = a1.indexOf("по ПАО Россети на 2023 год"): null

09-12-2024T10:25:41 - [TEST_STEP][PASSED] - if (i > -1): null

09-12-2024T10:25:41 - [TEST_STEP][PASSED] - i = a1.indexOf("Динамика электропотребления, млн. кВт.ч."): null

09-12-2024T10:25:41 - [TEST_STEP][PASSED] - if (i > -1): null

09-12-2024T10:25:41 - [TEST_STEP][PASSED] - a1 = a1.trim(): null

09-12-2024T10:25:41 - [TEST_STEP][PASSED] - a2 = getText(findTestObject("Прогноз по ДЗО/График2")): Text of object 'Object Repository/Прогноз по ДЗО/График2' is: 'Выручка, млрд. руб.
У виджета нет данных'

09-12-2024T10:25:42 - [MESSAGE][PASSED] - Text of object 'Object Repository/Прогноз по ДЗО/График2' is: 'Выручка, млрд. руб.
У виджета нет данных'

09-12-2024T10:25:42 - [TEST_STEP][PASSED] - a3 = getText(findTestObject("Прогноз по ДЗО/График3")): Text of object 'Object Repository/Прогноз по ДЗО/График3' is: 'Отклонения по ПАО Россети на 2024 год
⬤ Отклонение, %'

09-12-2024T10:25:42 - [MESSAGE][PASSED] - Text of object 'Object Repository/Прогноз по ДЗО/График3' is: 'Отклонения по ПАО Россети на 2024 год
⬤ Отклонение, %'

09-12-2024T10:25:42 - [TEST_STEP][PASSED] - a4 = getText(findTestObject("Прогноз по ДЗО/График4")): Text of object 'Object Repository/Прогноз по ДЗО/График4' is: 'Выручка отклонения по ПАО Россети на 2024 год
⬤ Отклонение, %'

09-12-2024T10:25:42 - [MESSAGE][PASSED] - Text of object 'Object Repository/Прогноз по ДЗО/График4' is: 'Выручка отклонения по ПАО Россети на 2024 год
⬤ Отклонение, %'

09-12-2024T10:25:42 - [TEST_STEP][PASSED] - click(findTestObject("Прогноз по ДЗО/Переключить отображение с процентов на абс Блок руководителя")): Object: 'Object Repository/Прогноз по ДЗО/Переключить отображение с процентов на абс Блок руководителя' is clicked on

09-12-2024T10:25:43 - [MESSAGE][PASSED] - Object: 'Object Repository/Прогноз по ДЗО/Переключить отображение с процентов на абс Блок руководителя' is clicked on

09-12-2024T10:25:43 - [TEST_STEP][PASSED] - a5 = getText(findTestObject("Прогноз по ДЗО/График5")): Text of object 'Object Repository/Прогноз по ДЗО/График5' is: 'Отклонения по ПАО Россети на 2024 год
⬤ Отклонение, млн. кВт.ч'

09-12-2024T10:25:43 - [MESSAGE][PASSED] - Text of object 'Object Repository/Прогноз по ДЗО/График5' is: 'Отклонения по ПАО Россети на 2024 год
⬤ Отклонение, млн. кВт.ч'

09-12-2024T10:25:43 - [TEST_STEP][PASSED] - a6 = getText(findTestObject("Прогноз по ДЗО/График6")): Text of object 'Object Repository/Прогноз по ДЗО/График6' is: 'Выручка отклонения по ПАО Россети на 2024 год
⬤ Отклонение, млн. руб'

09-12-2024T10:25:43 - [MESSAGE][PASSED] - Text of object 'Object Repository/Прогноз по ДЗО/График6' is: 'Выручка отклонения по ПАО Россети на 2024 год
⬤ Отклонение, млн. руб'

09-12-2024T10:25:43 - [TEST_STEP][PASSED] - click(findTestObject("Прогноз по ДЗО/Переключить отображение с абс на проценты")): Object: 'Object Repository/Прогноз по ДЗО/Переключить отображение с абс на проценты' is clicked on

09-12-2024T10:25:44 - [MESSAGE][PASSED] - Object: 'Object Repository/Прогноз по ДЗО/Переключить отображение с абс на проценты' is clicked on

09-12-2024T10:25:44 - [TEST_STEP][PASSED] - n = n + 30: null

09-12-2024T10:25:44 - [TEST_STEP][PASSED] - Script1686231490255.WriteToExcel(user, dashboardName, n, data, run, a1, a2, a3, a4, a5, a6, a7, a8, a9): null

09-12-2024T10:25:44 - [TEST_STEP][PASSED] - sheetName = "Sheet1": null

09-12-2024T10:25:44 - [TEST_STEP][PASSED] - workbook01 = getWorkbook(excelFilePath): null

09-12-2024T10:25:44 - [TEST_STEP][PASSED] - sheet01 = getExcelSheet(workbook01, sheetName): null

09-12-2024T10:25:44 - [TEST_STEP][PASSED] - setValueToCellByIndex(sheet01, n, 0, dashboardName): null

09-12-2024T10:25:44 - [TEST_STEP][PASSED] - setValueToCellByIndex(sheet01, n, 10, user): null

09-12-2024T10:25:44 - [TEST_STEP][PASSED] - setValueToCellByIndex(sheet01, n, 1, a1): null

09-12-2024T10:25:44 - [TEST_STEP][PASSED] - setValueToCellByIndex(sheet01, n, 2, a2): null

09-12-2024T10:25:44 - [TEST_STEP][PASSED] - setValueToCellByIndex(sheet01, n, 3, a3): null

09-12-2024T10:25:44 - [TEST_STEP][PASSED] - setValueToCellByIndex(sheet01, n, 4, a4): null

09-12-2024T10:25:44 - [TEST_STEP][PASSED] - setValueToCellByIndex(sheet01, n, 5, a5): null

09-12-2024T10:25:44 - [TEST_STEP][PASSED] - setValueToCellByIndex(sheet01, n, 6, a6): null

09-12-2024T10:25:44 - [TEST_STEP][PASSED] - setValueToCellByIndex(sheet01, n, 7, a7): null

09-12-2024T10:25:44 - [TEST_STEP][PASSED] - setValueToCellByIndex(sheet01, n, 8, a8): null

09-12-2024T10:25:44 - [TEST_STEP][PASSED] - setValueToCellByIndex(sheet01, n, 9, a9): null

09-12-2024T10:25:44 - [TEST_STEP][PASSED] - n = n + 1: null

09-12-2024T10:25:44 - [TEST_STEP][PASSED] - saveWorkbook(excelFilePath, workbook01): null

09-12-2024T10:25:44 - [TEST_STEP][PASSED] - if (run == 2): null

09-12-2024T10:25:44 - [TEST_STEP][PASSED] - if (run == 3): null

09-12-2024T10:25:44 - [TEST_STEP][PASSED] - closeBrowser(): null

09-12-2024T10:25:44 - [MESSAGE][PASSED] - Browser is closed

09-12-2024T10:25:44 - [TEST_STEP][PASSED] - PrognozPoDZO(user, dashboardName, n, data, run, a1, a2, a3, a4, a5, a6, a7, a8, a9, urlData): null

09-12-2024T10:25:44 - [TEST_STEP][PASSED] - n = data.getRowNumbers() + 1: null

09-12-2024T10:25:44 - [TEST_STEP][PASSED] - println(n): null

09-12-2024T10:25:44 - [TEST_STEP][PASSED] - dashboardName = "Прогноз по ДЗО": null

09-12-2024T10:25:44 - [TEST_STEP][PASSED] - openBrowser(""): Browser is opened with url: ''

09-12-2024T10:25:44 - [MESSAGE][INFO] - Starting 'Chrome' driver

09-12-2024T10:25:44 - [MESSAGE][INFO] - Action delay is set to 0 milliseconds

09-12-2024T10:25:45 - [MESSAGE][PASSED] - Browser is opened with url: ''

09-12-2024T10:25:45 - [TEST_STEP][PASSED] - urlData = 19: null

09-12-2024T10:25:45 - [TEST_STEP][PASSED] - Script1686231490255.CheckPageDownload(urlData, run): null

09-12-2024T10:25:45 - [TEST_STEP][PASSED] - i = 1: null

09-12-2024T10:25:45 - [TEST_STEP][PASSED] - ii = 0: null

09-12-2024T10:25:45 - [TEST_STEP][PASSED] - urlText = <not implemented yet for class: org.codehaus.groovy.ast.expr.EmptyExpression>: null

09-12-2024T10:25:45 - [TEST_STEP][PASSED] - searchWord = <not implemented yet for class: org.codehaus.groovy.ast.expr.EmptyExpression>: null

09-12-2024T10:25:45 - [TEST_STEP][PASSED] - deleteAllCookies(): Delete all cookies successfully

09-12-2024T10:25:45 - [MESSAGE][PASSED] - Delete all cookies successfully

09-12-2024T10:25:45 - [TEST_STEP][PASSED] - refresh(): Refresh successfully

09-12-2024T10:25:45 - [MESSAGE][PASSED] - Refresh successfully

09-12-2024T10:25:45 - [TEST_STEP][PASSED] - delay(65): Delayed 65 second(s)

09-12-2024T10:26:50 - [MESSAGE][PASSED] - Delayed 65 second(s)

09-12-2024T10:26:50 - [TEST_STEP][PASSED] - navigateToUrl(findTestData("PlanFact").getValue(10, urlData)): Navigate to 'https://bi.rosseti.digital/viewer?dashboardGuid=d6acb5b1a7114a9791b34de39263106e&sheetGuid=752a4d1009e74632abe0071aea7fa3c6&fit=true' successfully

09-12-2024T10:26:57 - [MESSAGE][PASSED] - Navigate to 'https://bi.rosseti.digital/viewer?dashboardGuid=d6acb5b1a7114a9791b34de39263106e&sheetGuid=752a4d1009e74632abe0071aea7fa3c6&fit=true' successfully

09-12-2024T10:26:57 - [TEST_STEP][PASSED] - pageLoaded1 = verifyElementPresent(findTestObject("Страница авторизации/Text"), 30): Object 'Object Repository/Страница авторизации/Text' is present

09-12-2024T10:27:01 - [MESSAGE][PASSED] - Object 'Object Repository/Страница авторизации/Text' is present

09-12-2024T10:27:01 - [TEST_STEP][PASSED] - if (pageLoaded1 == false): null

09-12-2024T10:27:01 - [TEST_STEP][PASSED] - urlText = getText(findTestObject("Страница авторизации/Text")): Text of object 'Object Repository/Страница авторизации/Text' is: 'Вход'

09-12-2024T10:27:02 - [MESSAGE][PASSED] - Text of object 'Object Repository/Страница авторизации/Text' is: 'Вход'

09-12-2024T10:27:02 - [TEST_STEP][PASSED] - delay(65): Delayed 65 second(s)

09-12-2024T10:28:07 - [MESSAGE][PASSED] - Delayed 65 second(s)

09-12-2024T10:28:07 - [TEST_STEP][PASSED] - searchWord = "Вход": null

09-12-2024T10:28:07 - [TEST_STEP][PASSED] - if (urlText.contains(searchWord) == false): null

09-12-2024T10:28:07 - [TEST_STEP][PASSED] - setText(findTestObject("Страница авторизации/input__username"), findTestData("PlanFact").getValue(8, run)): Text 'Andreeva-EV' is set on object 'Object Repository/Страница авторизации/input__username'

09-12-2024T10:28:07 - [MESSAGE][PASSED] - Text 'Andreeva-EV' is set on object 'Object Repository/Страница авторизации/input__username'

09-12-2024T10:28:07 - [TEST_STEP][PASSED] - setText(findTestObject("Страница авторизации/input__password"), findTestData("PlanFact").getValue(9, run)): Text '2nPePKDwCPH3ul7xMZ' is set on object 'Object Repository/Страница авторизации/input__password'

09-12-2024T10:28:08 - [MESSAGE][PASSED] - Text '2nPePKDwCPH3ul7xMZ' is set on object 'Object Repository/Страница авторизации/input__password'

09-12-2024T10:28:08 - [TEST_STEP][PASSED] - click(findTestObject("Страница авторизации/button_")): Object: 'Object Repository/Страница авторизации/button_' is clicked on

09-12-2024T10:28:14 - [MESSAGE][PASSED] - Object: 'Object Repository/Страница авторизации/button_' is clicked on

09-12-2024T10:28:14 - [TEST_STEP][PASSED] - delay(65): Delayed 65 second(s)

09-12-2024T10:29:19 - [MESSAGE][PASSED] - Delayed 65 second(s)

09-12-2024T10:29:19 - [TEST_STEP][PASSED] - searchWord = "а": null

09-12-2024T10:29:19 - [TEST_STEP][PASSED] - pageLoaded2 = verifyElementPresent(findTestObject("Страница авторизации/Text"), 50): Object 'Object Repository/Страница авторизации/Text' is present

09-12-2024T10:29:19 - [MESSAGE][PASSED] - Object 'Object Repository/Страница авторизации/Text' is present

09-12-2024T10:29:19 - [TEST_STEP][PASSED] - if (pageLoaded2 == false): null

09-12-2024T10:29:19 - [TEST_STEP][PASSED] - urlText = getText(findTestObject("Страница авторизации/Text")): Text of object 'Object Repository/Страница авторизации/Text' is: 'Сравнение с 
План
абс.
%
Отклонения по ПАО Россети на 2024 год
⬤ Отклонение, %
Выручка отклонения по ПАО Россети на 2024 год
⬤ Отклонение, %
Год 
2024 год
Динамика электропотребления, млрд. кВт.ч.
У виджета нет данных
Выручка, млрд. руб.
У виджета нет данных
Прогноз на месяц 
Ноябрь
КПО/Отпуск из сети 
Отпуск из сети, млн. кВт.ч
Организация 
Все

Прогноз электропотребления и выручки за услуги по передаче в разрезе ДЗО'

09-12-2024T10:29:20 - [MESSAGE][PASSED] - Text of object 'Object Repository/Страница авторизации/Text' is: 'Сравнение с 
План
абс.
%
Отклонения по ПАО Россети на 2024 год
⬤ Отклонение, %
Выручка отклонения по ПАО Россети на 2024 год
⬤ Отклонение, %
Год 
2024 год
Динамика электропотребления, млрд. кВт.ч.
У виджета нет данных
Выручка, млрд. руб.
У виджета нет данных
Прогноз на месяц 
Ноябрь
КПО/Отпуск из сети 
Отпуск из сети, млн. кВт.ч
Организация 
Все

Прогноз электропотребления и выручки за услуги по передаче в разрезе ДЗО'

09-12-2024T10:29:20 - [TEST_STEP][PASSED] - if (urlText.contains("ошибка") || urlText.contains(searchWord) == false): null

09-12-2024T10:29:20 - [TEST_STEP][PASSED] - a3 = "": null

09-12-2024T10:29:20 - [TEST_STEP][PASSED] - a4 = "": null

09-12-2024T10:29:20 - [TEST_STEP][PASSED] - a5 = "": null

09-12-2024T10:29:20 - [TEST_STEP][PASSED] - a6 = "": null

09-12-2024T10:29:20 - [TEST_STEP][PASSED] - a7 = "": null

09-12-2024T10:29:20 - [TEST_STEP][PASSED] - a8 = "": null

09-12-2024T10:29:20 - [TEST_STEP][PASSED] - a9 = "": null

09-12-2024T10:29:20 - [TEST_STEP][PASSED] - if (run == 1): null

09-12-2024T10:29:20 - [TEST_STEP][PASSED] - if (run == 2): null

09-12-2024T10:29:20 - [TEST_STEP][PASSED] - user = "Андреева": null

09-12-2024T10:29:20 - [TEST_STEP][PASSED] - a1 = getText(findTestObject("Прогноз по ДЗО/График1")): Text of object 'Object Repository/Прогноз по ДЗО/График1' is: 'Динамика электропотребления, млрд. кВт.ч.
У виджета нет данных'

09-12-2024T10:29:20 - [MESSAGE][PASSED] - Text of object 'Object Repository/Прогноз по ДЗО/График1' is: 'Динамика электропотребления, млрд. кВт.ч.
У виджета нет данных'

09-12-2024T10:29:20 - [TEST_STEP][PASSED] - i = a1.indexOf("по ПАО Россети на 2023 год"): null

09-12-2024T10:29:20 - [TEST_STEP][PASSED] - if (i > -1): null

09-12-2024T10:29:20 - [TEST_STEP][PASSED] - i = a1.indexOf("Динамика электропотребления, млн. кВт.ч."): null

09-12-2024T10:29:20 - [TEST_STEP][PASSED] - if (i > -1): null

09-12-2024T10:29:20 - [TEST_STEP][PASSED] - a1 = a1.trim(): null

09-12-2024T10:29:20 - [TEST_STEP][PASSED] - a2 = getText(findTestObject("Прогноз по ДЗО/График2")): Text of object 'Object Repository/Прогноз по ДЗО/График2' is: 'Выручка, млрд. руб.
У виджета нет данных'

09-12-2024T10:29:20 - [MESSAGE][PASSED] - Text of object 'Object Repository/Прогноз по ДЗО/График2' is: 'Выручка, млрд. руб.
У виджета нет данных'

09-12-2024T10:29:20 - [TEST_STEP][PASSED] - a3 = getText(findTestObject("Прогноз по ДЗО/График3")): Text of object 'Object Repository/Прогноз по ДЗО/График3' is: 'Отклонения по ПАО Россети на 2024 год
⬤ Отклонение, %'

09-12-2024T10:29:21 - [MESSAGE][PASSED] - Text of object 'Object Repository/Прогноз по ДЗО/График3' is: 'Отклонения по ПАО Россети на 2024 год
⬤ Отклонение, %'

09-12-2024T10:29:21 - [TEST_STEP][PASSED] - a4 = getText(findTestObject("Прогноз по ДЗО/График4")): Text of object 'Object Repository/Прогноз по ДЗО/График4' is: 'Выручка отклонения по ПАО Россети на 2024 год
⬤ Отклонение, %'

09-12-2024T10:29:21 - [MESSAGE][PASSED] - Text of object 'Object Repository/Прогноз по ДЗО/График4' is: 'Выручка отклонения по ПАО Россети на 2024 год
⬤ Отклонение, %'

09-12-2024T10:29:21 - [TEST_STEP][PASSED] - click(findTestObject("Прогноз по ДЗО/Переключить отображение с процентов на абс Блок руководителя")): Object: 'Object Repository/Прогноз по ДЗО/Переключить отображение с процентов на абс Блок руководителя' is clicked on

09-12-2024T10:29:21 - [MESSAGE][PASSED] - Object: 'Object Repository/Прогноз по ДЗО/Переключить отображение с процентов на абс Блок руководителя' is clicked on

09-12-2024T10:29:21 - [TEST_STEP][PASSED] - a5 = getText(findTestObject("Прогноз по ДЗО/График5")): Text of object 'Object Repository/Прогноз по ДЗО/График5' is: 'Отклонения по ПАО Россети на 2024 год
⬤ Отклонение, млн. кВт.ч'

09-12-2024T10:29:22 - [MESSAGE][PASSED] - Text of object 'Object Repository/Прогноз по ДЗО/График5' is: 'Отклонения по ПАО Россети на 2024 год
⬤ Отклонение, млн. кВт.ч'

09-12-2024T10:29:22 - [TEST_STEP][PASSED] - a6 = getText(findTestObject("Прогноз по ДЗО/График6")): Text of object 'Object Repository/Прогноз по ДЗО/График6' is: 'Выручка отклонения по ПАО Россети на 2024 год
⬤ Отклонение, млн. руб'

09-12-2024T10:29:22 - [MESSAGE][PASSED] - Text of object 'Object Repository/Прогноз по ДЗО/График6' is: 'Выручка отклонения по ПАО Россети на 2024 год
⬤ Отклонение, млн. руб'

09-12-2024T10:29:22 - [TEST_STEP][PASSED] - click(findTestObject("Прогноз по ДЗО/Переключить отображение с абс на проценты")): Object: 'Object Repository/Прогноз по ДЗО/Переключить отображение с абс на проценты' is clicked on

09-12-2024T10:29:22 - [MESSAGE][PASSED] - Object: 'Object Repository/Прогноз по ДЗО/Переключить отображение с абс на проценты' is clicked on

09-12-2024T10:29:22 - [TEST_STEP][PASSED] - n = n + 31: null

09-12-2024T10:29:22 - [TEST_STEP][PASSED] - b = n - run + 1: null

09-12-2024T10:29:22 - [TEST_STEP][PASSED] - verifyEqual(findTestData("PlanFact").getValue(2, b), a1): Actual object 'Динамика электропотребления, млрд. кВт.ч.
У виджета нет данных' and expected object 'Динамика электропотребления, млрд. кВт.ч.
У виджета нет данных' are equal

09-12-2024T10:29:22 - [MESSAGE][PASSED] - Actual object 'Динамика электропотребления, млрд. кВт.ч.
У виджета нет данных' and expected object 'Динамика электропотребления, млрд. кВт.ч.
У виджета нет данных' are equal

09-12-2024T10:29:22 - [TEST_STEP][PASSED] - verifyEqual(findTestData("PlanFact").getValue(3, b), a2): Actual object 'Выручка, млрд. руб.
У виджета нет данных' and expected object 'Выручка, млрд. руб.
У виджета нет данных' are equal

09-12-2024T10:29:22 - [MESSAGE][PASSED] - Actual object 'Выручка, млрд. руб.
У виджета нет данных' and expected object 'Выручка, млрд. руб.
У виджета нет данных' are equal

09-12-2024T10:29:22 - [TEST_STEP][PASSED] - verifyEqual(findTestData("PlanFact").getValue(4, b), a3): Actual object 'Отклонения по ПАО Россети на 2024 год
⬤ Отклонение, %' and expected object 'Отклонения по ПАО Россети на 2024 год
⬤ Отклонение, %' are equal

09-12-2024T10:29:22 - [MESSAGE][PASSED] - Actual object 'Отклонения по ПАО Россети на 2024 год
⬤ Отклонение, %' and expected object 'Отклонения по ПАО Россети на 2024 год
⬤ Отклонение, %' are equal

09-12-2024T10:29:22 - [TEST_STEP][PASSED] - verifyEqual(findTestData("PlanFact").getValue(5, b), a4): Actual object 'Выручка отклонения по ПАО Россети на 2024 год
⬤ Отклонение, %' and expected object 'Выручка отклонения по ПАО Россети на 2024 год
⬤ Отклонение, %' are equal

09-12-2024T10:29:23 - [MESSAGE][PASSED] - Actual object 'Выручка отклонения по ПАО Россети на 2024 год
⬤ Отклонение, %' and expected object 'Выручка отклонения по ПАО Россети на 2024 год
⬤ Отклонение, %' are equal

09-12-2024T10:29:23 - [TEST_STEP][PASSED] - verifyEqual(findTestData("PlanFact").getValue(6, b), a5): Actual object 'Отклонения по ПАО Россети на 2024 год
⬤ Отклонение, млн. кВт.ч' and expected object 'Отклонения по ПАО Россети на 2024 год
⬤ Отклонение, млн. кВт.ч' are equal

09-12-2024T10:29:23 - [MESSAGE][PASSED] - Actual object 'Отклонения по ПАО Россети на 2024 год
⬤ Отклонение, млн. кВт.ч' and expected object 'Отклонения по ПАО Россети на 2024 год
⬤ Отклонение, млн. кВт.ч' are equal

09-12-2024T10:29:23 - [TEST_STEP][PASSED] - verifyEqual(findTestData("PlanFact").getValue(7, b), a6): Actual object 'Выручка отклонения по ПАО Россети на 2024 год
⬤ Отклонение, млн. руб' and expected object 'Выручка отклонения по ПАО Россети на 2024 год
⬤ Отклонение, млн. руб' are equal

09-12-2024T10:29:23 - [MESSAGE][PASSED] - Actual object 'Выручка отклонения по ПАО Россети на 2024 год
⬤ Отклонение, млн. руб' and expected object 'Выручка отклонения по ПАО Россети на 2024 год
⬤ Отклонение, млн. руб' are equal

09-12-2024T10:29:23 - [TEST_STEP][PASSED] - Script1686231490255.WriteToExcel(user, dashboardName, n, data, run, a1, a2, a3, a4, a5, a6, a7, a8, a9): null

09-12-2024T10:29:23 - [TEST_STEP][PASSED] - sheetName = "Sheet1": null

09-12-2024T10:29:23 - [TEST_STEP][PASSED] - workbook01 = getWorkbook(excelFilePath): null

09-12-2024T10:29:23 - [TEST_STEP][PASSED] - sheet01 = getExcelSheet(workbook01, sheetName): null

09-12-2024T10:29:23 - [TEST_STEP][PASSED] - setValueToCellByIndex(sheet01, n, 0, dashboardName): null

09-12-2024T10:29:23 - [TEST_STEP][PASSED] - setValueToCellByIndex(sheet01, n, 10, user): null

09-12-2024T10:29:23 - [TEST_STEP][PASSED] - setValueToCellByIndex(sheet01, n, 1, a1): null

09-12-2024T10:29:23 - [TEST_STEP][PASSED] - setValueToCellByIndex(sheet01, n, 2, a2): null

09-12-2024T10:29:23 - [TEST_STEP][PASSED] - setValueToCellByIndex(sheet01, n, 3, a3): null

09-12-2024T10:29:23 - [TEST_STEP][PASSED] - setValueToCellByIndex(sheet01, n, 4, a4): null

09-12-2024T10:29:23 - [TEST_STEP][PASSED] - setValueToCellByIndex(sheet01, n, 5, a5): null

09-12-2024T10:29:23 - [TEST_STEP][PASSED] - setValueToCellByIndex(sheet01, n, 6, a6): null

09-12-2024T10:29:23 - [TEST_STEP][PASSED] - setValueToCellByIndex(sheet01, n, 7, a7): null

09-12-2024T10:29:23 - [TEST_STEP][PASSED] - setValueToCellByIndex(sheet01, n, 8, a8): null

09-12-2024T10:29:23 - [TEST_STEP][PASSED] - setValueToCellByIndex(sheet01, n, 9, a9): null

09-12-2024T10:29:23 - [TEST_STEP][PASSED] - n = n + 1: null

09-12-2024T10:29:23 - [TEST_STEP][PASSED] - saveWorkbook(excelFilePath, workbook01): null

09-12-2024T10:29:23 - [TEST_STEP][PASSED] - if (run == 3): null

09-12-2024T10:29:23 - [TEST_STEP][PASSED] - closeBrowser(): null

09-12-2024T10:29:23 - [MESSAGE][PASSED] - Browser is closed

09-12-2024T10:29:23 - [TEST_STEP][PASSED] - PrognozPoDZO(user, dashboardName, n, data, run, a1, a2, a3, a4, a5, a6, a7, a8, a9, urlData): null

09-12-2024T10:29:23 - [TEST_STEP][PASSED] - n = data.getRowNumbers() + 1: null

09-12-2024T10:29:23 - [TEST_STEP][PASSED] - println(n): null

09-12-2024T10:29:23 - [TEST_STEP][PASSED] - dashboardName = "Прогноз по ДЗО": null

09-12-2024T10:29:23 - [TEST_STEP][PASSED] - openBrowser(""): Browser is opened with url: ''

09-12-2024T10:29:23 - [MESSAGE][INFO] - Starting 'Chrome' driver

09-12-2024T10:29:23 - [MESSAGE][INFO] - Action delay is set to 0 milliseconds

09-12-2024T10:29:24 - [MESSAGE][PASSED] - Browser is opened with url: ''

09-12-2024T10:29:24 - [TEST_STEP][PASSED] - urlData = 19: null

09-12-2024T10:29:24 - [TEST_STEP][PASSED] - Script1686231490255.CheckPageDownload(urlData, run): null

09-12-2024T10:29:24 - [TEST_STEP][PASSED] - i = 1: null

09-12-2024T10:29:24 - [TEST_STEP][PASSED] - ii = 0: null

09-12-2024T10:29:24 - [TEST_STEP][PASSED] - urlText = <not implemented yet for class: org.codehaus.groovy.ast.expr.EmptyExpression>: null

09-12-2024T10:29:24 - [TEST_STEP][PASSED] - searchWord = <not implemented yet for class: org.codehaus.groovy.ast.expr.EmptyExpression>: null

09-12-2024T10:29:24 - [TEST_STEP][PASSED] - deleteAllCookies(): Delete all cookies successfully

09-12-2024T10:29:24 - [MESSAGE][PASSED] - Delete all cookies successfully

09-12-2024T10:29:24 - [TEST_STEP][PASSED] - refresh(): Refresh successfully

09-12-2024T10:29:24 - [MESSAGE][PASSED] - Refresh successfully

09-12-2024T10:29:24 - [TEST_STEP][PASSED] - delay(65): Delayed 65 second(s)

09-12-2024T10:30:29 - [MESSAGE][PASSED] - Delayed 65 second(s)

09-12-2024T10:30:29 - [TEST_STEP][PASSED] - navigateToUrl(findTestData("PlanFact").getValue(10, urlData)): Navigate to 'https://bi.rosseti.digital/viewer?dashboardGuid=d6acb5b1a7114a9791b34de39263106e&sheetGuid=752a4d1009e74632abe0071aea7fa3c6&fit=true' successfully

09-12-2024T10:30:37 - [MESSAGE][PASSED] - Navigate to 'https://bi.rosseti.digital/viewer?dashboardGuid=d6acb5b1a7114a9791b34de39263106e&sheetGuid=752a4d1009e74632abe0071aea7fa3c6&fit=true' successfully

09-12-2024T10:30:37 - [TEST_STEP][PASSED] - pageLoaded1 = verifyElementPresent(findTestObject("Страница авторизации/Text"), 30): Object 'Object Repository/Страница авторизации/Text' is present

09-12-2024T10:30:40 - [MESSAGE][PASSED] - Object 'Object Repository/Страница авторизации/Text' is present

09-12-2024T10:30:40 - [TEST_STEP][PASSED] - if (pageLoaded1 == false): null

09-12-2024T10:30:40 - [TEST_STEP][PASSED] - urlText = getText(findTestObject("Страница авторизации/Text")): Text of object 'Object Repository/Страница авторизации/Text' is: 'Вход'

09-12-2024T10:30:40 - [MESSAGE][PASSED] - Text of object 'Object Repository/Страница авторизации/Text' is: 'Вход'

09-12-2024T10:30:40 - [TEST_STEP][PASSED] - delay(65): Delayed 65 second(s)

09-12-2024T10:31:45 - [MESSAGE][PASSED] - Delayed 65 second(s)

09-12-2024T10:31:45 - [TEST_STEP][PASSED] - searchWord = "Вход": null

09-12-2024T10:31:45 - [TEST_STEP][PASSED] - if (urlText.contains(searchWord) == false): null

09-12-2024T10:31:45 - [TEST_STEP][PASSED] - setText(findTestObject("Страница авторизации/input__username"), findTestData("PlanFact").getValue(8, run)): Text 'Petrova-OV' is set on object 'Object Repository/Страница авторизации/input__username'

09-12-2024T10:31:46 - [MESSAGE][PASSED] - Text 'Petrova-OV' is set on object 'Object Repository/Страница авторизации/input__username'

09-12-2024T10:31:46 - [TEST_STEP][PASSED] - setText(findTestObject("Страница авторизации/input__password"), findTestData("PlanFact").getValue(9, run)): Text '4Ex@~R53r&3x&BVe7' is set on object 'Object Repository/Страница авторизации/input__password'

09-12-2024T10:31:47 - [MESSAGE][PASSED] - Text '4Ex@~R53r&3x&BVe7' is set on object 'Object Repository/Страница авторизации/input__password'

09-12-2024T10:31:47 - [TEST_STEP][PASSED] - click(findTestObject("Страница авторизации/button_")): Object: 'Object Repository/Страница авторизации/button_' is clicked on

09-12-2024T10:31:50 - [MESSAGE][PASSED] - Object: 'Object Repository/Страница авторизации/button_' is clicked on

09-12-2024T10:31:50 - [TEST_STEP][PASSED] - delay(65): Delayed 65 second(s)

09-12-2024T10:32:55 - [MESSAGE][PASSED] - Delayed 65 second(s)

09-12-2024T10:32:55 - [TEST_STEP][PASSED] - searchWord = "а": null

09-12-2024T10:32:55 - [TEST_STEP][PASSED] - pageLoaded2 = verifyElementPresent(findTestObject("Страница авторизации/Text"), 50): Object 'Object Repository/Страница авторизации/Text' is present

09-12-2024T10:32:56 - [MESSAGE][PASSED] - Object 'Object Repository/Страница авторизации/Text' is present

09-12-2024T10:32:56 - [TEST_STEP][PASSED] - if (pageLoaded2 == false): null

09-12-2024T10:32:56 - [TEST_STEP][PASSED] - urlText = getText(findTestObject("Страница авторизации/Text")): Text of object 'Object Repository/Страница авторизации/Text' is: 'Сравнение с 
План
абс.
%
Отклонения по ПАО Россети на 2024 год
⬤ Отклонение, %
Выручка отклонения по ПАО Россети на 2024 год
⬤ Отклонение, %
Год 
2024 год
Динамика электропотребления, млрд. кВт.ч.
У виджета нет данных
Выручка, млрд. руб.
У виджета нет данных
Прогноз на месяц 
Ноябрь
КПО/Отпуск из сети 
Отпуск из сети, млн. кВт.ч
Организация 
Все

Прогноз электропотребления и выручки за услуги по передаче в разрезе ДЗО'

09-12-2024T10:32:56 - [MESSAGE][PASSED] - Text of object 'Object Repository/Страница авторизации/Text' is: 'Сравнение с 
План
абс.
%
Отклонения по ПАО Россети на 2024 год
⬤ Отклонение, %
Выручка отклонения по ПАО Россети на 2024 год
⬤ Отклонение, %
Год 
2024 год
Динамика электропотребления, млрд. кВт.ч.
У виджета нет данных
Выручка, млрд. руб.
У виджета нет данных
Прогноз на месяц 
Ноябрь
КПО/Отпуск из сети 
Отпуск из сети, млн. кВт.ч
Организация 
Все

Прогноз электропотребления и выручки за услуги по передаче в разрезе ДЗО'

09-12-2024T10:32:56 - [TEST_STEP][PASSED] - if (urlText.contains("ошибка") || urlText.contains(searchWord) == false): null

09-12-2024T10:32:56 - [TEST_STEP][PASSED] - a3 = "": null

09-12-2024T10:32:56 - [TEST_STEP][PASSED] - a4 = "": null

09-12-2024T10:32:56 - [TEST_STEP][PASSED] - a5 = "": null

09-12-2024T10:32:56 - [TEST_STEP][PASSED] - a6 = "": null

09-12-2024T10:32:56 - [TEST_STEP][PASSED] - a7 = "": null

09-12-2024T10:32:56 - [TEST_STEP][PASSED] - a8 = "": null

09-12-2024T10:32:56 - [TEST_STEP][PASSED] - a9 = "": null

09-12-2024T10:32:56 - [TEST_STEP][PASSED] - if (run == 1): null

09-12-2024T10:32:56 - [TEST_STEP][PASSED] - if (run == 2): null

09-12-2024T10:32:56 - [TEST_STEP][PASSED] - if (run == 3): null

09-12-2024T10:32:56 - [TEST_STEP][PASSED] - user = "Попова": null

09-12-2024T10:32:56 - [TEST_STEP][PASSED] - a1 = getText(findTestObject("Прогноз по ДЗО/График1")): Text of object 'Object Repository/Прогноз по ДЗО/График1' is: 'Динамика электропотребления, млрд. кВт.ч.
У виджета нет данных'

09-12-2024T10:32:56 - [MESSAGE][PASSED] - Text of object 'Object Repository/Прогноз по ДЗО/График1' is: 'Динамика электропотребления, млрд. кВт.ч.
У виджета нет данных'

09-12-2024T10:32:56 - [TEST_STEP][PASSED] - i = a1.indexOf("по ПАО Россети на 2023 год"): null

09-12-2024T10:32:56 - [TEST_STEP][PASSED] - if (i > -1): null

09-12-2024T10:32:56 - [TEST_STEP][PASSED] - i = a1.indexOf("Динамика электропотребления, млн. кВт.ч."): null

09-12-2024T10:32:56 - [TEST_STEP][PASSED] - if (i > -1): null

09-12-2024T10:32:56 - [TEST_STEP][PASSED] - a1 = a1.trim(): null

09-12-2024T10:32:56 - [TEST_STEP][PASSED] - a2 = getText(findTestObject("Прогноз по ДЗО/График2")): Text of object 'Object Repository/Прогноз по ДЗО/График2' is: 'Выручка, млрд. руб.
У виджета нет данных'

09-12-2024T10:32:57 - [MESSAGE][PASSED] - Text of object 'Object Repository/Прогноз по ДЗО/График2' is: 'Выручка, млрд. руб.
У виджета нет данных'

09-12-2024T10:32:57 - [TEST_STEP][PASSED] - a3 = getText(findTestObject("Прогноз по ДЗО/График3")): Text of object 'Object Repository/Прогноз по ДЗО/График3' is: 'Отклонения по ПАО Россети на 2024 год
⬤ Отклонение, %'

09-12-2024T10:32:57 - [MESSAGE][PASSED] - Text of object 'Object Repository/Прогноз по ДЗО/График3' is: 'Отклонения по ПАО Россети на 2024 год
⬤ Отклонение, %'

09-12-2024T10:32:57 - [TEST_STEP][PASSED] - a4 = getText(findTestObject("Прогноз по ДЗО/График4")): Text of object 'Object Repository/Прогноз по ДЗО/График4' is: 'Выручка отклонения по ПАО Россети на 2024 год
⬤ Отклонение, %'

09-12-2024T10:32:57 - [MESSAGE][PASSED] - Text of object 'Object Repository/Прогноз по ДЗО/График4' is: 'Выручка отклонения по ПАО Россети на 2024 год
⬤ Отклонение, %'

09-12-2024T10:32:57 - [TEST_STEP][PASSED] - click(findTestObject("Прогноз по ДЗО/Переключить отображение с процентов на абс Блок руководителя")): Object: 'Object Repository/Прогноз по ДЗО/Переключить отображение с процентов на абс Блок руководителя' is clicked on

09-12-2024T10:32:58 - [MESSAGE][PASSED] - Object: 'Object Repository/Прогноз по ДЗО/Переключить отображение с процентов на абс Блок руководителя' is clicked on

09-12-2024T10:32:58 - [TEST_STEP][PASSED] - a5 = getText(findTestObject("Прогноз по ДЗО/График5")): Text of object 'Object Repository/Прогноз по ДЗО/График5' is: 'Отклонения по ПАО Россети на 2024 год
⬤ Отклонение, млн. кВт.ч'

09-12-2024T10:32:58 - [MESSAGE][PASSED] - Text of object 'Object Repository/Прогноз по ДЗО/График5' is: 'Отклонения по ПАО Россети на 2024 год
⬤ Отклонение, млн. кВт.ч'

09-12-2024T10:32:58 - [TEST_STEP][PASSED] - a6 = getText(findTestObject("Прогноз по ДЗО/График6")): Text of object 'Object Repository/Прогноз по ДЗО/График6' is: 'Выручка отклонения по ПАО Россети на 2024 год
⬤ Отклонение, млн. руб'

09-12-2024T10:32:58 - [MESSAGE][PASSED] - Text of object 'Object Repository/Прогноз по ДЗО/График6' is: 'Выручка отклонения по ПАО Россети на 2024 год
⬤ Отклонение, млн. руб'

09-12-2024T10:32:58 - [TEST_STEP][PASSED] - click(findTestObject("Прогноз по ДЗО/Переключить отображение с абс на проценты")): Object: 'Object Repository/Прогноз по ДЗО/Переключить отображение с абс на проценты' is clicked on

09-12-2024T10:32:59 - [MESSAGE][PASSED] - Object: 'Object Repository/Прогноз по ДЗО/Переключить отображение с абс на проценты' is clicked on

09-12-2024T10:32:59 - [TEST_STEP][PASSED] - n = n + 32: null

09-12-2024T10:32:59 - [TEST_STEP][PASSED] - b = n - run + 1: null

09-12-2024T10:32:59 - [TEST_STEP][PASSED] - verifyEqual(findTestData("PlanFact").getValue(2, b), a1): Actual object 'Динамика электропотребления, млрд. кВт.ч.
У виджета нет данных' and expected object 'Динамика электропотребления, млрд. кВт.ч.
У виджета нет данных' are equal

09-12-2024T10:32:59 - [MESSAGE][PASSED] - Actual object 'Динамика электропотребления, млрд. кВт.ч.
У виджета нет данных' and expected object 'Динамика электропотребления, млрд. кВт.ч.
У виджета нет данных' are equal

09-12-2024T10:32:59 - [TEST_STEP][PASSED] - verifyEqual(findTestData("PlanFact").getValue(3, b), a2): Actual object 'Выручка, млрд. руб.
У виджета нет данных' and expected object 'Выручка, млрд. руб.
У виджета нет данных' are equal

09-12-2024T10:32:59 - [MESSAGE][PASSED] - Actual object 'Выручка, млрд. руб.
У виджета нет данных' and expected object 'Выручка, млрд. руб.
У виджета нет данных' are equal

09-12-2024T10:32:59 - [TEST_STEP][PASSED] - verifyEqual(findTestData("PlanFact").getValue(4, b), a3): Actual object 'Отклонения по ПАО Россети на 2024 год
⬤ Отклонение, %' and expected object 'Отклонения по ПАО Россети на 2024 год
⬤ Отклонение, %' are equal

09-12-2024T10:32:59 - [MESSAGE][PASSED] - Actual object 'Отклонения по ПАО Россети на 2024 год
⬤ Отклонение, %' and expected object 'Отклонения по ПАО Россети на 2024 год
⬤ Отклонение, %' are equal

09-12-2024T10:32:59 - [TEST_STEP][PASSED] - verifyEqual(findTestData("PlanFact").getValue(5, b), a4): Actual object 'Выручка отклонения по ПАО Россети на 2024 год
⬤ Отклонение, %' and expected object 'Выручка отклонения по ПАО Россети на 2024 год
⬤ Отклонение, %' are equal

09-12-2024T10:32:59 - [MESSAGE][PASSED] - Actual object 'Выручка отклонения по ПАО Россети на 2024 год
⬤ Отклонение, %' and expected object 'Выручка отклонения по ПАО Россети на 2024 год
⬤ Отклонение, %' are equal

09-12-2024T10:32:59 - [TEST_STEP][PASSED] - verifyEqual(findTestData("PlanFact").getValue(6, b), a5): Actual object 'Отклонения по ПАО Россети на 2024 год
⬤ Отклонение, млн. кВт.ч' and expected object 'Отклонения по ПАО Россети на 2024 год
⬤ Отклонение, млн. кВт.ч' are equal

09-12-2024T10:32:59 - [MESSAGE][PASSED] - Actual object 'Отклонения по ПАО Россети на 2024 год
⬤ Отклонение, млн. кВт.ч' and expected object 'Отклонения по ПАО Россети на 2024 год
⬤ Отклонение, млн. кВт.ч' are equal

09-12-2024T10:32:59 - [TEST_STEP][PASSED] - verifyEqual(findTestData("PlanFact").getValue(7, b), a6): Actual object 'Выручка отклонения по ПАО Россети на 2024 год
⬤ Отклонение, млн. руб' and expected object 'Выручка отклонения по ПАО Россети на 2024 год
⬤ Отклонение, млн. руб' are equal

09-12-2024T10:32:59 - [MESSAGE][PASSED] - Actual object 'Выручка отклонения по ПАО Россети на 2024 год
⬤ Отклонение, млн. руб' and expected object 'Выручка отклонения по ПАО Россети на 2024 год
⬤ Отклонение, млн. руб' are equal

09-12-2024T10:32:59 - [TEST_STEP][PASSED] - Script1686231490255.WriteToExcel(user, dashboardName, n, data, run, a1, a2, a3, a4, a5, a6, a7, a8, a9): null

09-12-2024T10:32:59 - [TEST_STEP][PASSED] - sheetName = "Sheet1": null

09-12-2024T10:32:59 - [TEST_STEP][PASSED] - workbook01 = getWorkbook(excelFilePath): null

09-12-2024T10:32:59 - [TEST_STEP][PASSED] - sheet01 = getExcelSheet(workbook01, sheetName): null

09-12-2024T10:32:59 - [TEST_STEP][PASSED] - setValueToCellByIndex(sheet01, n, 0, dashboardName): null

09-12-2024T10:32:59 - [TEST_STEP][PASSED] - setValueToCellByIndex(sheet01, n, 10, user): null

09-12-2024T10:32:59 - [TEST_STEP][PASSED] - setValueToCellByIndex(sheet01, n, 1, a1): null

09-12-2024T10:32:59 - [TEST_STEP][PASSED] - setValueToCellByIndex(sheet01, n, 2, a2): null

09-12-2024T10:32:59 - [TEST_STEP][PASSED] - setValueToCellByIndex(sheet01, n, 3, a3): null

09-12-2024T10:32:59 - [TEST_STEP][PASSED] - setValueToCellByIndex(sheet01, n, 4, a4): null

09-12-2024T10:32:59 - [TEST_STEP][PASSED] - setValueToCellByIndex(sheet01, n, 5, a5): null

09-12-2024T10:32:59 - [TEST_STEP][PASSED] - setValueToCellByIndex(sheet01, n, 6, a6): null

09-12-2024T10:32:59 - [TEST_STEP][PASSED] - setValueToCellByIndex(sheet01, n, 7, a7): null

09-12-2024T10:32:59 - [TEST_STEP][PASSED] - setValueToCellByIndex(sheet01, n, 8, a8): null

09-12-2024T10:32:59 - [TEST_STEP][PASSED] - setValueToCellByIndex(sheet01, n, 9, a9): null

09-12-2024T10:32:59 - [TEST_STEP][PASSED] - n = n + 1: null

09-12-2024T10:32:59 - [TEST_STEP][PASSED] - saveWorkbook(excelFilePath, workbook01): null

09-12-2024T10:32:59 - [TEST_STEP][PASSED] - closeBrowser(): Browser is closed

09-12-2024T10:33:00 - [MESSAGE][PASSED] - Browser is closed

09-12-2024T10:33:00 - [TEST_STEP][PASSED] - delay(65): Delayed 65 second(s)

09-12-2024T10:34:05 - [MESSAGE][PASSED] - Delayed 65 second(s)

09-12-2024T10:34:05 - [TEST_STEP][PASSED] - for ([run = 1, run < 4, (run++)]): null

09-12-2024T10:34:05 - [TEST_STEP][PASSED] - PrognozPoOtraslyam(user, dashboardName, n, data, run, a1, a2, a3, a4, a5, a6, a7, a8, a9, urlData): null

09-12-2024T10:34:05 - [TEST_STEP][PASSED] - n = data.getRowNumbers() + 1: null

09-12-2024T10:34:05 - [TEST_STEP][PASSED] - println(n): null

09-12-2024T10:34:05 - [TEST_STEP][PASSED] - dashboardName = "Прогноз по отраслям": null

09-12-2024T10:34:05 - [TEST_STEP][PASSED] - openBrowser(""): Browser is opened with url: ''

09-12-2024T10:34:05 - [MESSAGE][INFO] - Starting 'Chrome' driver

09-12-2024T10:34:05 - [MESSAGE][INFO] - Action delay is set to 0 milliseconds

09-12-2024T10:34:05 - [MESSAGE][PASSED] - Browser is opened with url: ''

09-12-2024T10:34:05 - [TEST_STEP][PASSED] - urlData = 6: null

09-12-2024T10:34:05 - [TEST_STEP][PASSED] - Script1686231490255.CheckPageDownload(urlData, run): null

09-12-2024T10:34:05 - [TEST_STEP][PASSED] - i = 1: null

09-12-2024T10:34:05 - [TEST_STEP][PASSED] - ii = 0: null

09-12-2024T10:34:05 - [TEST_STEP][PASSED] - urlText = <not implemented yet for class: org.codehaus.groovy.ast.expr.EmptyExpression>: null

09-12-2024T10:34:05 - [TEST_STEP][PASSED] - searchWord = <not implemented yet for class: org.codehaus.groovy.ast.expr.EmptyExpression>: null

09-12-2024T10:34:05 - [TEST_STEP][PASSED] - deleteAllCookies(): Delete all cookies successfully

09-12-2024T10:34:05 - [MESSAGE][PASSED] - Delete all cookies successfully

09-12-2024T10:34:05 - [TEST_STEP][PASSED] - refresh(): Refresh successfully

09-12-2024T10:34:05 - [MESSAGE][PASSED] - Refresh successfully

09-12-2024T10:34:05 - [TEST_STEP][PASSED] - delay(65): Delayed 65 second(s)

09-12-2024T10:35:10 - [MESSAGE][PASSED] - Delayed 65 second(s)

09-12-2024T10:35:10 - [TEST_STEP][PASSED] - navigateToUrl(findTestData("PlanFact").getValue(10, urlData)): Navigate to 'https://bi.rosseti.digital/viewer?dashboardGuid=d6acb5b1a7114a9791b34de39263106e&sheetGuid=0b6d261d7f7b4424a967aa8f3a724189&fit=true' successfully

09-12-2024T10:35:17 - [MESSAGE][PASSED] - Navigate to 'https://bi.rosseti.digital/viewer?dashboardGuid=d6acb5b1a7114a9791b34de39263106e&sheetGuid=0b6d261d7f7b4424a967aa8f3a724189&fit=true' successfully

09-12-2024T10:35:17 - [TEST_STEP][PASSED] - pageLoaded1 = verifyElementPresent(findTestObject("Страница авторизации/Text"), 30): Object 'Object Repository/Страница авторизации/Text' is present

09-12-2024T10:35:21 - [MESSAGE][PASSED] - Object 'Object Repository/Страница авторизации/Text' is present

09-12-2024T10:35:21 - [TEST_STEP][PASSED] - if (pageLoaded1 == false): null

09-12-2024T10:35:21 - [TEST_STEP][PASSED] - urlText = getText(findTestObject("Страница авторизации/Text")): Text of object 'Object Repository/Страница авторизации/Text' is: 'Вход'

09-12-2024T10:35:21 - [MESSAGE][PASSED] - Text of object 'Object Repository/Страница авторизации/Text' is: 'Вход'

09-12-2024T10:35:21 - [TEST_STEP][PASSED] - delay(65): Delayed 65 second(s)

09-12-2024T10:36:26 - [MESSAGE][PASSED] - Delayed 65 second(s)

09-12-2024T10:36:26 - [TEST_STEP][PASSED] - searchWord = "Вход": null

09-12-2024T10:36:26 - [TEST_STEP][PASSED] - if (urlText.contains(searchWord) == false): null

09-12-2024T10:36:26 - [TEST_STEP][PASSED] - setText(findTestObject("Страница авторизации/input__username"), findTestData("PlanFact").getValue(8, run)): Text 'liazgina-di' is set on object 'Object Repository/Страница авторизации/input__username'

09-12-2024T10:36:27 - [MESSAGE][PASSED] - Text 'liazgina-di' is set on object 'Object Repository/Страница авторизации/input__username'

09-12-2024T10:36:27 - [TEST_STEP][PASSED] - setText(findTestObject("Страница авторизации/input__password"), findTestData("PlanFact").getValue(9, run)): Text ')$%5srZ8o688Dm#q' is set on object 'Object Repository/Страница авторизации/input__password'

09-12-2024T10:36:27 - [MESSAGE][PASSED] - Text ')$%5srZ8o688Dm#q' is set on object 'Object Repository/Страница авторизации/input__password'

09-12-2024T10:36:27 - [TEST_STEP][PASSED] - click(findTestObject("Страница авторизации/button_")): Object: 'Object Repository/Страница авторизации/button_' is clicked on

09-12-2024T10:36:31 - [MESSAGE][PASSED] - Object: 'Object Repository/Страница авторизации/button_' is clicked on

09-12-2024T10:36:31 - [TEST_STEP][PASSED] - delay(65): Delayed 65 second(s)

09-12-2024T10:37:36 - [MESSAGE][PASSED] - Delayed 65 second(s)

09-12-2024T10:37:36 - [TEST_STEP][PASSED] - searchWord = "а": null

09-12-2024T10:37:36 - [TEST_STEP][PASSED] - pageLoaded2 = verifyElementPresent(findTestObject("Страница авторизации/Text"), 50): Object 'Object Repository/Страница авторизации/Text' is present

09-12-2024T10:37:36 - [MESSAGE][PASSED] - Object 'Object Repository/Страница авторизации/Text' is present

09-12-2024T10:37:36 - [TEST_STEP][PASSED] - if (pageLoaded2 == false): null

09-12-2024T10:37:36 - [TEST_STEP][PASSED] - urlText = getText(findTestObject("Страница авторизации/Text")): Text of object 'Object Repository/Страница авторизации/Text' is: 'Год 
2023 год
Сравнение с 
План
Динамика электропотребления, млрд. кВт.ч. по ПАО Россети на 2023 год
10 10
190 190
36 36
14 14
9 9
14 14
4 4
17 17
80 80
19 19
82 82
588 588
10 10
197 197
37 37
48 48
10 10
15 15
4 4
18 18
80 80
19 19
82 82
608 608
План
Ожидаемое (прогноз по конца года)
Интер РАО (дляФСК)
Промышленныепотребители
Транспорт
Нефтедобыча
Нефтепереработка
Нефтепроводы
Газопроводы
Сельскоехозяйство ипищеваяпромышленность
Непромышленныепотребители
Государственные(муниципальные)организации ипрочиебюджетныепотребители
Население иприравненныегруппыпотребителей
Территориальныесетевыеорганизации
Выручка по ПАО Россети на 2023 год
5 5
319 319
81 81
16 16
16 16
20 20
2 2
56 56
215 215
67 67
218 218
239 239
6 6
331 331
82 82
77 77
20 20
20 20
3 3
57 57
220 220
68 68
214 214
258 258
План
Ожидаемое (прогноз по конца года)
Интер РАО (дляФСК)
Промышленныепотребители
Транспорт
Нефтедобыча
Нефтепереработка
Нефтепроводы
Газопроводы
Сельскоехозяйство ипищеваяпромышленность
Непромышленныепотребители
Государственные(муниципальные)организации ипрочиебюджетныепотребители
Население иприравненныегруппыпотребителей
Территориальныесетевыеорганизации
Отклонения по ПАО Россети на 2023 год
-4.7% -4.7%
3.8% 3.8%
1.9% 1.9%
230.3% 230.3%
10.9% 10.9%
4.2% 4.2%
21.7% 21.7%
3.9% 3.9%
-0.6% -0.6%
1.6% 1.6%
-1.0% -1.0%
3.3% 3.3%
⬤ Отклонение, %
Интер РАО (для ФСК)
Промышленные потребители
Транспорт
Нефтедобыча
Нефтепереработка
Нефтепроводы
Газопроводы
Сельское хозяйство и пищевая пр…
Непромышленные потребители
Государственные (муниципальные…
Население и приравненные групп…
Территориальные сетевые органи…
Выручка отклонения по ПАО Россети на 2023 год
15.6% 15.6%
3.8% 3.8%
1.2% 1.2%
398.2% 398.2%
26.9% 26.9%
-0.6% -0.6%
26.9% 26.9%
1.5% 1.5%
2.7% 2.7%
2.0% 2.0%
-2.0% -2.0%
7.9% 7.9%
⬤ Отклонение, %
Интер РАО (для ФСК)
Промышленные потребители
Транспорт
Нефтедобыча
Нефтепереработка
Нефтепроводы
Газопроводы
Сельское хозяйство и пищевая пр…
Непромышленные потребители
Государственные (муниципальные…
Население и приравненные групп…
Территориальные сетевые органи…
абс.
%
Прогноз на месяц 
Ноябрь
КПО/Отпуск из сети 
Отпуск из сети, млн. кВт.ч
Организация 
Все
Прогноз электропотребления и выручки за услуги по передаче в разрезе отраслей'

09-12-2024T10:37:37 - [MESSAGE][PASSED] - Text of object 'Object Repository/Страница авторизации/Text' is: 'Год 
2023 год
Сравнение с 
План
Динамика электропотребления, млрд. кВт.ч. по ПАО Россети на 2023 год
10 10
190 190
36 36
14 14
9 9
14 14
4 4
17 17
80 80
19 19
82 82
588 588
10 10
197 197
37 37
48 48
10 10
15 15
4 4
18 18
80 80
19 19
82 82
608 608
План
Ожидаемое (прогноз по конца года)
Интер РАО (дляФСК)
Промышленныепотребители
Транспорт
Нефтедобыча
Нефтепереработка
Нефтепроводы
Газопроводы
Сельскоехозяйство ипищеваяпромышленность
Непромышленныепотребители
Государственные(муниципальные)организации ипрочиебюджетныепотребители
Население иприравненныегруппыпотребителей
Территориальныесетевыеорганизации
Выручка по ПАО Россети на 2023 год
5 5
319 319
81 81
16 16
16 16
20 20
2 2
56 56
215 215
67 67
218 218
239 239
6 6
331 331
82 82
77 77
20 20
20 20
3 3
57 57
220 220
68 68
214 214
258 258
План
Ожидаемое (прогноз по конца года)
Интер РАО (дляФСК)
Промышленныепотребители
Транспорт
Нефтедобыча
Нефтепереработка
Нефтепроводы
Газопроводы
Сельскоехозяйство ипищеваяпромышленность
Непромышленныепотребители
Государственные(муниципальные)организации ипрочиебюджетныепотребители
Население иприравненныегруппыпотребителей
Территориальныесетевыеорганизации
Отклонения по ПАО Россети на 2023 год
-4.7% -4.7%
3.8% 3.8%
1.9% 1.9%
230.3% 230.3%
10.9% 10.9%
4.2% 4.2%
21.7% 21.7%
3.9% 3.9%
-0.6% -0.6%
1.6% 1.6%
-1.0% -1.0%
3.3% 3.3%
⬤ Отклонение, %
Интер РАО (для ФСК)
Промышленные потребители
Транспорт
Нефтедобыча
Нефтепереработка
Нефтепроводы
Газопроводы
Сельское хозяйство и пищевая пр…
Непромышленные потребители
Государственные (муниципальные…
Население и приравненные групп…
Территориальные сетевые органи…
Выручка отклонения по ПАО Россети на 2023 год
15.6% 15.6%
3.8% 3.8%
1.2% 1.2%
398.2% 398.2%
26.9% 26.9%
-0.6% -0.6%
26.9% 26.9%
1.5% 1.5%
2.7% 2.7%
2.0% 2.0%
-2.0% -2.0%
7.9% 7.9%
⬤ Отклонение, %
Интер РАО (для ФСК)
Промышленные потребители
Транспорт
Нефтедобыча
Нефтепереработка
Нефтепроводы
Газопроводы
Сельское хозяйство и пищевая пр…
Непромышленные потребители
Государственные (муниципальные…
Население и приравненные групп…
Территориальные сетевые органи…
абс.
%
Прогноз на месяц 
Ноябрь
КПО/Отпуск из сети 
Отпуск из сети, млн. кВт.ч
Организация 
Все
Прогноз электропотребления и выручки за услуги по передаче в разрезе отраслей'

09-12-2024T10:37:37 - [TEST_STEP][PASSED] - if (urlText.contains("ошибка") || urlText.contains(searchWord) == false): null

09-12-2024T10:37:37 - [TEST_STEP][PASSED] - a3 = "": null

09-12-2024T10:37:37 - [TEST_STEP][PASSED] - a4 = "": null

09-12-2024T10:37:37 - [TEST_STEP][PASSED] - a5 = "": null

09-12-2024T10:37:37 - [TEST_STEP][PASSED] - a6 = "": null

09-12-2024T10:37:37 - [TEST_STEP][PASSED] - a7 = "": null

09-12-2024T10:37:37 - [TEST_STEP][PASSED] - a8 = "": null

09-12-2024T10:37:37 - [TEST_STEP][PASSED] - a9 = "": null

09-12-2024T10:37:37 - [TEST_STEP][PASSED] - if (run == 1): null

09-12-2024T10:37:37 - [TEST_STEP][PASSED] - user = "админ": null

09-12-2024T10:37:37 - [TEST_STEP][PASSED] - a1 = getText(findTestObject("Прогноз по отраслям/Виджеты дашборда")): Text of object 'Object Repository/Прогноз по отраслям/Виджеты дашборда' is: 'Год 
2023 год
Сравнение с 
План
Динамика электропотребления, млрд. кВт.ч. по ПАО Россети на 2023 год
10 10
190 190
36 36
14 14
9 9
14 14
4 4
17 17
80 80
19 19
82 82
588 588
10 10
197 197
37 37
48 48
10 10
15 15
4 4
18 18
80 80
19 19
82 82
608 608
План
Ожидаемое (прогноз по конца года)
Интер РАО (дляФСК)
Промышленныепотребители
Транспорт
Нефтедобыча
Нефтепереработка
Нефтепроводы
Газопроводы
Сельскоехозяйство ипищеваяпромышленность
Непромышленныепотребители
Государственные(муниципальные)организации ипрочиебюджетныепотребители
Население иприравненныегруппыпотребителей
Территориальныесетевыеорганизации
Выручка по ПАО Россети на 2023 год
5 5
319 319
81 81
16 16
16 16
20 20
2 2
56 56
215 215
67 67
218 218
239 239
6 6
331 331
82 82
77 77
20 20
20 20
3 3
57 57
220 220
68 68
214 214
258 258
План
Ожидаемое (прогноз по конца года)
Интер РАО (дляФСК)
Промышленныепотребители
Транспорт
Нефтедобыча
Нефтепереработка
Нефтепроводы
Газопроводы
Сельскоехозяйство ипищеваяпромышленность
Непромышленныепотребители
Государственные(муниципальные)организации ипрочиебюджетныепотребители
Население иприравненныегруппыпотребителей
Территориальныесетевыеорганизации
Отклонения по ПАО Россети на 2023 год
-4.7% -4.7%
3.8% 3.8%
1.9% 1.9%
230.3% 230.3%
10.9% 10.9%
4.2% 4.2%
21.7% 21.7%
3.9% 3.9%
-0.6% -0.6%
1.6% 1.6%
-1.0% -1.0%
3.3% 3.3%
⬤ Отклонение, %
Интер РАО (для ФСК)
Промышленные потребители
Транспорт
Нефтедобыча
Нефтепереработка
Нефтепроводы
Газопроводы
Сельское хозяйство и пищевая пр…
Непромышленные потребители
Государственные (муниципальные…
Население и приравненные групп…
Территориальные сетевые органи…
Выручка отклонения по ПАО Россети на 2023 год
15.6% 15.6%
3.8% 3.8%
1.2% 1.2%
398.2% 398.2%
26.9% 26.9%
-0.6% -0.6%
26.9% 26.9%
1.5% 1.5%
2.7% 2.7%
2.0% 2.0%
-2.0% -2.0%
7.9% 7.9%
⬤ Отклонение, %
Интер РАО (для ФСК)
Промышленные потребители
Транспорт
Нефтедобыча
Нефтепереработка
Нефтепроводы
Газопроводы
Сельское хозяйство и пищевая пр…
Непромышленные потребители
Государственные (муниципальные…
Население и приравненные групп…
Территориальные сетевые органи…
абс.
%
Прогноз на месяц 
Ноябрь
КПО/Отпуск из сети 
Отпуск из сети, млн. кВт.ч
Организация 
Все
Прогноз электропотребления и выручки за услуги по передаче в разрезе отраслей'

09-12-2024T10:37:37 - [MESSAGE][PASSED] - Text of object 'Object Repository/Прогноз по отраслям/Виджеты дашборда' is: 'Год 
2023 год
Сравнение с 
План
Динамика электропотребления, млрд. кВт.ч. по ПАО Россети на 2023 год
10 10
190 190
36 36
14 14
9 9
14 14
4 4
17 17
80 80
19 19
82 82
588 588
10 10
197 197
37 37
48 48
10 10
15 15
4 4
18 18
80 80
19 19
82 82
608 608
План
Ожидаемое (прогноз по конца года)
Интер РАО (дляФСК)
Промышленныепотребители
Транспорт
Нефтедобыча
Нефтепереработка
Нефтепроводы
Газопроводы
Сельскоехозяйство ипищеваяпромышленность
Непромышленныепотребители
Государственные(муниципальные)организации ипрочиебюджетныепотребители
Население иприравненныегруппыпотребителей
Территориальныесетевыеорганизации
Выручка по ПАО Россети на 2023 год
5 5
319 319
81 81
16 16
16 16
20 20
2 2
56 56
215 215
67 67
218 218
239 239
6 6
331 331
82 82
77 77
20 20
20 20
3 3
57 57
220 220
68 68
214 214
258 258
План
Ожидаемое (прогноз по конца года)
Интер РАО (дляФСК)
Промышленныепотребители
Транспорт
Нефтедобыча
Нефтепереработка
Нефтепроводы
Газопроводы
Сельскоехозяйство ипищеваяпромышленность
Непромышленныепотребители
Государственные(муниципальные)организации ипрочиебюджетныепотребители
Население иприравненныегруппыпотребителей
Территориальныесетевыеорганизации
Отклонения по ПАО Россети на 2023 год
-4.7% -4.7%
3.8% 3.8%
1.9% 1.9%
230.3% 230.3%
10.9% 10.9%
4.2% 4.2%
21.7% 21.7%
3.9% 3.9%
-0.6% -0.6%
1.6% 1.6%
-1.0% -1.0%
3.3% 3.3%
⬤ Отклонение, %
Интер РАО (для ФСК)
Промышленные потребители
Транспорт
Нефтедобыча
Нефтепереработка
Нефтепроводы
Газопроводы
Сельское хозяйство и пищевая пр…
Непромышленные потребители
Государственные (муниципальные…
Население и приравненные групп…
Территориальные сетевые органи…
Выручка отклонения по ПАО Россети на 2023 год
15.6% 15.6%
3.8% 3.8%
1.2% 1.2%
398.2% 398.2%
26.9% 26.9%
-0.6% -0.6%
26.9% 26.9%
1.5% 1.5%
2.7% 2.7%
2.0% 2.0%
-2.0% -2.0%
7.9% 7.9%
⬤ Отклонение, %
Интер РАО (для ФСК)
Промышленные потребители
Транспорт
Нефтедобыча
Нефтепереработка
Нефтепроводы
Газопроводы
Сельское хозяйство и пищевая пр…
Непромышленные потребители
Государственные (муниципальные…
Население и приравненные групп…
Территориальные сетевые органи…
абс.
%
Прогноз на месяц 
Ноябрь
КПО/Отпуск из сети 
Отпуск из сети, млн. кВт.ч
Организация 
Все
Прогноз электропотребления и выручки за услуги по передаче в разрезе отраслей'

09-12-2024T10:37:37 - [TEST_STEP][PASSED] - click(findTestObject("Прогноз по отраслям/Переключить отображение с процентов на абс Блок руководителя")): Object: 'Object Repository/Прогноз по отраслям/Переключить отображение с процентов на абс Блок руководителя' is clicked on

09-12-2024T10:37:38 - [MESSAGE][PASSED] - Object: 'Object Repository/Прогноз по отраслям/Переключить отображение с процентов на абс Блок руководителя' is clicked on

09-12-2024T10:37:38 - [TEST_STEP][PASSED] - a2 = getText(findTestObject("Прогноз по отраслям/Виджеты дашборда")): Text of object 'Object Repository/Прогноз по отраслям/Виджеты дашборда' is: 'Год 
2023 год
Сравнение с 
План
Отклонения по ПАО Россети на 2023 год
-492.2 -492.2
7 165.1 7 165.1
689.3 689.3
33 271.7 33 271.7
986.4 986.4
593.8 593.8
764.0 764.0
670.4 670.4
-592.4 -592.4
308.8 308.8
-940.9 -940.9
19 604.1 19 604.1
⬤ Отклонение, млн. кВт.ч
Интер РАО (для ФСК)
Промышленные потребители
Транспорт
Нефтедобыча
Нефтепереработка
Нефтепроводы
Газопроводы
Сельское хозяйство и пищевая пр…
Непромышленные потребители
Государственные (муниципальные…
Население и приравненные групп…
Территориальные сетевые органи…
Выручка отклонения по ПАО Россети на 2023 год
794.9 794.9
12 195.0 12 195.0
972.7 972.7
61 803.9 61 803.9
4 222.3 4 222.3
-121.8 -121.8
666.2 666.2
873.2 873.2
5 809.6 5 809.6
1 342.6 1 342.6
-4 463.2 -4 463.2
18 375.5 18 375.5
⬤ Отклонение, млн. руб.
Интер РАО (для ФСК)
Промышленные потребители
Транспорт
Нефтедобыча
Нефтепереработка
Нефтепроводы
Газопроводы
Сельское хозяйство и пищевая пр…
Непромышленные потребители
Государственные (муниципальные…
Население и приравненные групп…
Территориальные сетевые органи…
Динамика электропотребления, млрд. кВт.ч. по ПАО Россети на 2023 год
10 10
190 190
36 36
14 14
9 9
14 14
4 4
17 17
80 80
19 19
82 82
588 588
10 10
197 197
37 37
48 48
10 10
15 15
4 4
18 18
80 80
19 19
82 82
608 608
План
Ожидаемое (прогноз по конца года)
Интер РАО (дляФСК)
Промышленныепотребители
Транспорт
Нефтедобыча
Нефтепереработка
Нефтепроводы
Газопроводы
Сельскоехозяйство ипищеваяпромышленность
Непромышленныепотребители
Государственные(муниципальные)организации ипрочиебюджетныепотребители
Население иприравненныегруппыпотребителей
Территориальныесетевыеорганизации
Выручка по ПАО Россети на 2023 год
5 5
319 319
81 81
16 16
16 16
20 20
2 2
56 56
215 215
67 67
218 218
239 239
6 6
331 331
82 82
77 77
20 20
20 20
3 3
57 57
220 220
68 68
214 214
258 258
План
Ожидаемое (прогноз по конца года)
Интер РАО (дляФСК)
Промышленныепотребители
Транспорт
Нефтедобыча
Нефтепереработка
Нефтепроводы
Газопроводы
Сельскоехозяйство ипищеваяпромышленность
Непромышленныепотребители
Государственные(муниципальные)организации ипрочиебюджетныепотребители
Население иприравненныегруппыпотребителей
Территориальныесетевыеорганизации
абс.
%
Прогноз на месяц 
Ноябрь
КПО/Отпуск из сети 
Отпуск из сети, млн. кВт.ч
Организация 
Все
Прогноз электропотребления и выручки за услуги по передаче в разрезе отраслей'

09-12-2024T10:37:38 - [MESSAGE][PASSED] - Text of object 'Object Repository/Прогноз по отраслям/Виджеты дашборда' is: 'Год 
2023 год
Сравнение с 
План
Отклонения по ПАО Россети на 2023 год
-492.2 -492.2
7 165.1 7 165.1
689.3 689.3
33 271.7 33 271.7
986.4 986.4
593.8 593.8
764.0 764.0
670.4 670.4
-592.4 -592.4
308.8 308.8
-940.9 -940.9
19 604.1 19 604.1
⬤ Отклонение, млн. кВт.ч
Интер РАО (для ФСК)
Промышленные потребители
Транспорт
Нефтедобыча
Нефтепереработка
Нефтепроводы
Газопроводы
Сельское хозяйство и пищевая пр…
Непромышленные потребители
Государственные (муниципальные…
Население и приравненные групп…
Территориальные сетевые органи…
Выручка отклонения по ПАО Россети на 2023 год
794.9 794.9
12 195.0 12 195.0
972.7 972.7
61 803.9 61 803.9
4 222.3 4 222.3
-121.8 -121.8
666.2 666.2
873.2 873.2
5 809.6 5 809.6
1 342.6 1 342.6
-4 463.2 -4 463.2
18 375.5 18 375.5
⬤ Отклонение, млн. руб.
Интер РАО (для ФСК)
Промышленные потребители
Транспорт
Нефтедобыча
Нефтепереработка
Нефтепроводы
Газопроводы
Сельское хозяйство и пищевая пр…
Непромышленные потребители
Государственные (муниципальные…
Население и приравненные групп…
Территориальные сетевые органи…
Динамика электропотребления, млрд. кВт.ч. по ПАО Россети на 2023 год
10 10
190 190
36 36
14 14
9 9
14 14
4 4
17 17
80 80
19 19
82 82
588 588
10 10
197 197
37 37
48 48
10 10
15 15
4 4
18 18
80 80
19 19
82 82
608 608
План
Ожидаемое (прогноз по конца года)
Интер РАО (дляФСК)
Промышленныепотребители
Транспорт
Нефтедобыча
Нефтепереработка
Нефтепроводы
Газопроводы
Сельскоехозяйство ипищеваяпромышленность
Непромышленныепотребители
Государственные(муниципальные)организации ипрочиебюджетныепотребители
Население иприравненныегруппыпотребителей
Территориальныесетевыеорганизации
Выручка по ПАО Россети на 2023 год
5 5
319 319
81 81
16 16
16 16
20 20
2 2
56 56
215 215
67 67
218 218
239 239
6 6
331 331
82 82
77 77
20 20
20 20
3 3
57 57
220 220
68 68
214 214
258 258
План
Ожидаемое (прогноз по конца года)
Интер РАО (дляФСК)
Промышленныепотребители
Транспорт
Нефтедобыча
Нефтепереработка
Нефтепроводы
Газопроводы
Сельскоехозяйство ипищеваяпромышленность
Непромышленныепотребители
Государственные(муниципальные)организации ипрочиебюджетныепотребители
Население иприравненныегруппыпотребителей
Территориальныесетевыеорганизации
абс.
%
Прогноз на месяц 
Ноябрь
КПО/Отпуск из сети 
Отпуск из сети, млн. кВт.ч
Организация 
Все
Прогноз электропотребления и выручки за услуги по передаче в разрезе отраслей'

09-12-2024T10:37:38 - [TEST_STEP][PASSED] - click(findTestObject("Прогноз по отраслям/Переключить отображение с абс на проценты")): Object: 'Object Repository/Прогноз по отраслям/Переключить отображение с абс на проценты' is clicked on

09-12-2024T10:37:39 - [MESSAGE][PASSED] - Object: 'Object Repository/Прогноз по отраслям/Переключить отображение с абс на проценты' is clicked on

09-12-2024T10:37:39 - [TEST_STEP][PASSED] - i = a1.indexOf("млрд. кВт.ч."): null

09-12-2024T10:37:39 - [TEST_STEP][PASSED] - if (i > -1): null

09-12-2024T10:37:39 - [TEST_STEP][PASSED] - a1 = a1.substring(0, i) + a1.substring(i + 12, a1.length()): null

09-12-2024T10:37:39 - [TEST_STEP][PASSED] - i = a1.indexOf("Выручка"): null

09-12-2024T10:37:39 - [TEST_STEP][PASSED] - if (i > -1): null

09-12-2024T10:37:39 - [TEST_STEP][PASSED] - a1 = a1.substring(0, i) + a1.substring(i + 8, a1.length()): null

09-12-2024T10:37:39 - [TEST_STEP][PASSED] - i = a1.indexOf("по ПАО Россети на 2023 год"): null

09-12-2024T10:37:39 - [TEST_STEP][PASSED] - if (i > -1): null

09-12-2024T10:37:39 - [TEST_STEP][PASSED] - a1 = a1.substring(0, i) + a1.substring(i + 27, a1.length()): null

09-12-2024T10:37:39 - [TEST_STEP][PASSED] - i = a1.indexOf("по ПАО Россети на 2023 год"): null

09-12-2024T10:37:39 - [TEST_STEP][PASSED] - if (i > -1): null

09-12-2024T10:37:39 - [TEST_STEP][PASSED] - a1 = a1.substring(0, i) + a1.substring(i + 27, a1.length()): null

09-12-2024T10:37:39 - [TEST_STEP][PASSED] - i = a1.indexOf("по ПАО Россети на 2023 год"): null

09-12-2024T10:37:39 - [TEST_STEP][PASSED] - if (i > -1): null

09-12-2024T10:37:39 - [TEST_STEP][PASSED] - a1 = a1.substring(0, i) + a1.substring(i + 27, a1.length()): null

09-12-2024T10:37:39 - [TEST_STEP][PASSED] - i = a1.indexOf("Отклонения"): null

09-12-2024T10:37:39 - [TEST_STEP][PASSED] - if (i > -1): null

09-12-2024T10:37:39 - [TEST_STEP][PASSED] - a1 = a1.substring(0, i) + a1.substring(i + 11, a1.length()): null

09-12-2024T10:37:39 - [TEST_STEP][PASSED] - n = n + 33: null

09-12-2024T10:37:39 - [TEST_STEP][PASSED] - Script1686231490255.WriteToExcel(user, dashboardName, n, data, run, a1, a2, a3, a4, a5, a6, a7, a8, a9): null

09-12-2024T10:37:39 - [TEST_STEP][PASSED] - sheetName = "Sheet1": null

09-12-2024T10:37:39 - [TEST_STEP][PASSED] - workbook01 = getWorkbook(excelFilePath): null

09-12-2024T10:37:39 - [TEST_STEP][PASSED] - sheet01 = getExcelSheet(workbook01, sheetName): null

09-12-2024T10:37:39 - [TEST_STEP][PASSED] - setValueToCellByIndex(sheet01, n, 0, dashboardName): null

09-12-2024T10:37:39 - [TEST_STEP][PASSED] - setValueToCellByIndex(sheet01, n, 10, user): null

09-12-2024T10:37:39 - [TEST_STEP][PASSED] - setValueToCellByIndex(sheet01, n, 1, a1): null

09-12-2024T10:37:39 - [TEST_STEP][PASSED] - setValueToCellByIndex(sheet01, n, 2, a2): null

09-12-2024T10:37:39 - [TEST_STEP][PASSED] - setValueToCellByIndex(sheet01, n, 3, a3): null

09-12-2024T10:37:39 - [TEST_STEP][PASSED] - setValueToCellByIndex(sheet01, n, 4, a4): null

09-12-2024T10:37:39 - [TEST_STEP][PASSED] - setValueToCellByIndex(sheet01, n, 5, a5): null

09-12-2024T10:37:39 - [TEST_STEP][PASSED] - setValueToCellByIndex(sheet01, n, 6, a6): null

09-12-2024T10:37:39 - [TEST_STEP][PASSED] - setValueToCellByIndex(sheet01, n, 7, a7): null

09-12-2024T10:37:39 - [TEST_STEP][PASSED] - setValueToCellByIndex(sheet01, n, 8, a8): null

09-12-2024T10:37:39 - [TEST_STEP][PASSED] - setValueToCellByIndex(sheet01, n, 9, a9): null

09-12-2024T10:37:39 - [TEST_STEP][PASSED] - n = n + 1: null

09-12-2024T10:37:39 - [TEST_STEP][PASSED] - saveWorkbook(excelFilePath, workbook01): null

09-12-2024T10:37:39 - [TEST_STEP][PASSED] - if (run == 2): null

09-12-2024T10:37:39 - [TEST_STEP][PASSED] - if (run == 3): null

09-12-2024T10:37:39 - [TEST_STEP][PASSED] - closeBrowser(): null

09-12-2024T10:37:39 - [MESSAGE][PASSED] - Browser is closed

09-12-2024T10:37:39 - [TEST_STEP][PASSED] - PrognozPoOtraslyam(user, dashboardName, n, data, run, a1, a2, a3, a4, a5, a6, a7, a8, a9, urlData): null

09-12-2024T10:37:39 - [TEST_STEP][PASSED] - n = data.getRowNumbers() + 1: null

09-12-2024T10:37:39 - [TEST_STEP][PASSED] - println(n): null

09-12-2024T10:37:39 - [TEST_STEP][PASSED] - dashboardName = "Прогноз по отраслям": null

09-12-2024T10:37:39 - [TEST_STEP][PASSED] - openBrowser(""): Browser is opened with url: ''

09-12-2024T10:37:39 - [MESSAGE][INFO] - Starting 'Chrome' driver

09-12-2024T10:37:39 - [MESSAGE][INFO] - Action delay is set to 0 milliseconds

09-12-2024T10:37:40 - [MESSAGE][PASSED] - Browser is opened with url: ''

09-12-2024T10:37:40 - [TEST_STEP][PASSED] - urlData = 6: null

09-12-2024T10:37:40 - [TEST_STEP][PASSED] - Script1686231490255.CheckPageDownload(urlData, run): null

09-12-2024T10:37:40 - [TEST_STEP][PASSED] - i = 1: null

09-12-2024T10:37:40 - [TEST_STEP][PASSED] - ii = 0: null

09-12-2024T10:37:40 - [TEST_STEP][PASSED] - urlText = <not implemented yet for class: org.codehaus.groovy.ast.expr.EmptyExpression>: null

09-12-2024T10:37:40 - [TEST_STEP][PASSED] - searchWord = <not implemented yet for class: org.codehaus.groovy.ast.expr.EmptyExpression>: null

09-12-2024T10:37:40 - [TEST_STEP][PASSED] - deleteAllCookies(): Delete all cookies successfully

09-12-2024T10:37:40 - [MESSAGE][PASSED] - Delete all cookies successfully

09-12-2024T10:37:40 - [TEST_STEP][PASSED] - refresh(): Refresh successfully

09-12-2024T10:37:40 - [MESSAGE][PASSED] - Refresh successfully

09-12-2024T10:37:40 - [TEST_STEP][PASSED] - delay(65): Delayed 65 second(s)

09-12-2024T10:38:45 - [MESSAGE][PASSED] - Delayed 65 second(s)

09-12-2024T10:38:45 - [TEST_STEP][PASSED] - navigateToUrl(findTestData("PlanFact").getValue(10, urlData)): Navigate to 'https://bi.rosseti.digital/viewer?dashboardGuid=d6acb5b1a7114a9791b34de39263106e&sheetGuid=0b6d261d7f7b4424a967aa8f3a724189&fit=true' successfully

09-12-2024T10:38:52 - [MESSAGE][PASSED] - Navigate to 'https://bi.rosseti.digital/viewer?dashboardGuid=d6acb5b1a7114a9791b34de39263106e&sheetGuid=0b6d261d7f7b4424a967aa8f3a724189&fit=true' successfully

09-12-2024T10:38:52 - [TEST_STEP][PASSED] - pageLoaded1 = verifyElementPresent(findTestObject("Страница авторизации/Text"), 30): Object 'Object Repository/Страница авторизации/Text' is present

09-12-2024T10:38:56 - [MESSAGE][PASSED] - Object 'Object Repository/Страница авторизации/Text' is present

09-12-2024T10:38:56 - [TEST_STEP][PASSED] - if (pageLoaded1 == false): null

09-12-2024T10:38:56 - [TEST_STEP][PASSED] - urlText = getText(findTestObject("Страница авторизации/Text")): Text of object 'Object Repository/Страница авторизации/Text' is: 'Вход'

09-12-2024T10:38:57 - [MESSAGE][PASSED] - Text of object 'Object Repository/Страница авторизации/Text' is: 'Вход'

09-12-2024T10:38:57 - [TEST_STEP][PASSED] - delay(65): Delayed 65 second(s)

09-12-2024T10:40:02 - [MESSAGE][PASSED] - Delayed 65 second(s)

09-12-2024T10:40:02 - [TEST_STEP][PASSED] - searchWord = "Вход": null

09-12-2024T10:40:02 - [TEST_STEP][PASSED] - if (urlText.contains(searchWord) == false): null

09-12-2024T10:40:02 - [TEST_STEP][PASSED] - setText(findTestObject("Страница авторизации/input__username"), findTestData("PlanFact").getValue(8, run)): Text 'Andreeva-EV' is set on object 'Object Repository/Страница авторизации/input__username'

09-12-2024T10:40:02 - [MESSAGE][PASSED] - Text 'Andreeva-EV' is set on object 'Object Repository/Страница авторизации/input__username'

09-12-2024T10:40:02 - [TEST_STEP][PASSED] - setText(findTestObject("Страница авторизации/input__password"), findTestData("PlanFact").getValue(9, run)): Text '2nPePKDwCPH3ul7xMZ' is set on object 'Object Repository/Страница авторизации/input__password'

09-12-2024T10:40:03 - [MESSAGE][PASSED] - Text '2nPePKDwCPH3ul7xMZ' is set on object 'Object Repository/Страница авторизации/input__password'

09-12-2024T10:40:03 - [TEST_STEP][PASSED] - click(findTestObject("Страница авторизации/button_")): Object: 'Object Repository/Страница авторизации/button_' is clicked on

09-12-2024T10:40:06 - [MESSAGE][PASSED] - Object: 'Object Repository/Страница авторизации/button_' is clicked on

09-12-2024T10:40:06 - [TEST_STEP][PASSED] - delay(65): Delayed 65 second(s)

09-12-2024T10:41:11 - [MESSAGE][PASSED] - Delayed 65 second(s)

09-12-2024T10:41:11 - [TEST_STEP][PASSED] - searchWord = "а": null

09-12-2024T10:41:11 - [TEST_STEP][PASSED] - pageLoaded2 = verifyElementPresent(findTestObject("Страница авторизации/Text"), 50): Object 'Object Repository/Страница авторизации/Text' is present

09-12-2024T10:41:11 - [MESSAGE][PASSED] - Object 'Object Repository/Страница авторизации/Text' is present

09-12-2024T10:41:11 - [TEST_STEP][PASSED] - if (pageLoaded2 == false): null

09-12-2024T10:41:11 - [TEST_STEP][PASSED] - urlText = getText(findTestObject("Страница авторизации/Text")): Text of object 'Object Repository/Страница авторизации/Text' is: 'Год 
2023 год
Сравнение с 
План
Динамика электропотребления, млрд. кВт.ч. по ПАО Россети на 2023 год
10 10
190 190
36 36
14 14
9 9
14 14
4 4
17 17
80 80
19 19
82 82
588 588
10 10
197 197
37 37
48 48
10 10
15 15
4 4
18 18
80 80
19 19
82 82
608 608
План
Ожидаемое (прогноз по конца года)
Интер РАО (дляФСК)
Промышленныепотребители
Транспорт
Нефтедобыча
Нефтепереработка
Нефтепроводы
Газопроводы
Сельскоехозяйство ипищеваяпромышленность
Непромышленныепотребители
Государственные(муниципальные)организации ипрочиебюджетныепотребители
Население иприравненныегруппыпотребителей
Территориальныесетевыеорганизации
Выручка по ПАО Россети на 2023 год
5 5
319 319
81 81
16 16
16 16
20 20
2 2
56 56
215 215
67 67
218 218
239 239
6 6
331 331
82 82
77 77
20 20
20 20
3 3
57 57
220 220
68 68
214 214
258 258
План
Ожидаемое (прогноз по конца года)
Интер РАО (дляФСК)
Промышленныепотребители
Транспорт
Нефтедобыча
Нефтепереработка
Нефтепроводы
Газопроводы
Сельскоехозяйство ипищеваяпромышленность
Непромышленныепотребители
Государственные(муниципальные)организации ипрочиебюджетныепотребители
Население иприравненныегруппыпотребителей
Территориальныесетевыеорганизации
Отклонения по ПАО Россети на 2023 год
-4.7% -4.7%
3.8% 3.8%
1.9% 1.9%
230.3% 230.3%
10.9% 10.9%
4.2% 4.2%
21.7% 21.7%
3.9% 3.9%
-0.6% -0.6%
1.6% 1.6%
-1.0% -1.0%
3.3% 3.3%
⬤ Отклонение, %
Интер РАО (для ФСК)
Промышленные потребители
Транспорт
Нефтедобыча
Нефтепереработка
Нефтепроводы
Газопроводы
Сельское хозяйство и пищевая пр…
Непромышленные потребители
Государственные (муниципальные…
Население и приравненные групп…
Территориальные сетевые органи…
Выручка отклонения по ПАО Россети на 2023 год
15.6% 15.6%
3.8% 3.8%
1.2% 1.2%
398.2% 398.2%
26.9% 26.9%
-0.6% -0.6%
26.9% 26.9%
1.5% 1.5%
2.7% 2.7%
2.0% 2.0%
-2.0% -2.0%
7.9% 7.9%
⬤ Отклонение, %
Интер РАО (для ФСК)
Промышленные потребители
Транспорт
Нефтедобыча
Нефтепереработка
Нефтепроводы
Газопроводы
Сельское хозяйство и пищевая пр…
Непромышленные потребители
Государственные (муниципальные…
Население и приравненные групп…
Территориальные сетевые органи…
абс.
%
Прогноз на месяц 
Ноябрь
КПО/Отпуск из сети 
Отпуск из сети, млн. кВт.ч
Организация 
Все
Прогноз электропотребления и выручки за услуги по передаче в разрезе отраслей'

09-12-2024T10:41:12 - [MESSAGE][PASSED] - Text of object 'Object Repository/Страница авторизации/Text' is: 'Год 
2023 год
Сравнение с 
План
Динамика электропотребления, млрд. кВт.ч. по ПАО Россети на 2023 год
10 10
190 190
36 36
14 14
9 9
14 14
4 4
17 17
80 80
19 19
82 82
588 588
10 10
197 197
37 37
48 48
10 10
15 15
4 4
18 18
80 80
19 19
82 82
608 608
План
Ожидаемое (прогноз по конца года)
Интер РАО (дляФСК)
Промышленныепотребители
Транспорт
Нефтедобыча
Нефтепереработка
Нефтепроводы
Газопроводы
Сельскоехозяйство ипищеваяпромышленность
Непромышленныепотребители
Государственные(муниципальные)организации ипрочиебюджетныепотребители
Население иприравненныегруппыпотребителей
Территориальныесетевыеорганизации
Выручка по ПАО Россети на 2023 год
5 5
319 319
81 81
16 16
16 16
20 20
2 2
56 56
215 215
67 67
218 218
239 239
6 6
331 331
82 82
77 77
20 20
20 20
3 3
57 57
220 220
68 68
214 214
258 258
План
Ожидаемое (прогноз по конца года)
Интер РАО (дляФСК)
Промышленныепотребители
Транспорт
Нефтедобыча
Нефтепереработка
Нефтепроводы
Газопроводы
Сельскоехозяйство ипищеваяпромышленность
Непромышленныепотребители
Государственные(муниципальные)организации ипрочиебюджетныепотребители
Население иприравненныегруппыпотребителей
Территориальныесетевыеорганизации
Отклонения по ПАО Россети на 2023 год
-4.7% -4.7%
3.8% 3.8%
1.9% 1.9%
230.3% 230.3%
10.9% 10.9%
4.2% 4.2%
21.7% 21.7%
3.9% 3.9%
-0.6% -0.6%
1.6% 1.6%
-1.0% -1.0%
3.3% 3.3%
⬤ Отклонение, %
Интер РАО (для ФСК)
Промышленные потребители
Транспорт
Нефтедобыча
Нефтепереработка
Нефтепроводы
Газопроводы
Сельское хозяйство и пищевая пр…
Непромышленные потребители
Государственные (муниципальные…
Население и приравненные групп…
Территориальные сетевые органи…
Выручка отклонения по ПАО Россети на 2023 год
15.6% 15.6%
3.8% 3.8%
1.2% 1.2%
398.2% 398.2%
26.9% 26.9%
-0.6% -0.6%
26.9% 26.9%
1.5% 1.5%
2.7% 2.7%
2.0% 2.0%
-2.0% -2.0%
7.9% 7.9%
⬤ Отклонение, %
Интер РАО (для ФСК)
Промышленные потребители
Транспорт
Нефтедобыча
Нефтепереработка
Нефтепроводы
Газопроводы
Сельское хозяйство и пищевая пр…
Непромышленные потребители
Государственные (муниципальные…
Население и приравненные групп…
Территориальные сетевые органи…
абс.
%
Прогноз на месяц 
Ноябрь
КПО/Отпуск из сети 
Отпуск из сети, млн. кВт.ч
Организация 
Все
Прогноз электропотребления и выручки за услуги по передаче в разрезе отраслей'

09-12-2024T10:41:12 - [TEST_STEP][PASSED] - if (urlText.contains("ошибка") || urlText.contains(searchWord) == false): null

09-12-2024T10:41:12 - [TEST_STEP][PASSED] - a3 = "": null

09-12-2024T10:41:12 - [TEST_STEP][PASSED] - a4 = "": null

09-12-2024T10:41:12 - [TEST_STEP][PASSED] - a5 = "": null

09-12-2024T10:41:12 - [TEST_STEP][PASSED] - a6 = "": null

09-12-2024T10:41:12 - [TEST_STEP][PASSED] - a7 = "": null

09-12-2024T10:41:12 - [TEST_STEP][PASSED] - a8 = "": null

09-12-2024T10:41:12 - [TEST_STEP][PASSED] - a9 = "": null

09-12-2024T10:41:12 - [TEST_STEP][PASSED] - if (run == 1): null

09-12-2024T10:41:12 - [TEST_STEP][PASSED] - if (run == 2): null

09-12-2024T10:41:12 - [TEST_STEP][PASSED] - user = "Андреева": null

09-12-2024T10:41:12 - [TEST_STEP][PASSED] - a1 = getText(findTestObject("Прогноз по отраслям/Виджеты дашборда")): Text of object 'Object Repository/Прогноз по отраслям/Виджеты дашборда' is: 'Год 
2023 год
Сравнение с 
План
Динамика электропотребления, млрд. кВт.ч. по ПАО Россети на 2023 год
10 10
190 190
36 36
14 14
9 9
14 14
4 4
17 17
80 80
19 19
82 82
588 588
10 10
197 197
37 37
48 48
10 10
15 15
4 4
18 18
80 80
19 19
82 82
608 608
План
Ожидаемое (прогноз по конца года)
Интер РАО (дляФСК)
Промышленныепотребители
Транспорт
Нефтедобыча
Нефтепереработка
Нефтепроводы
Газопроводы
Сельскоехозяйство ипищеваяпромышленность
Непромышленныепотребители
Государственные(муниципальные)организации ипрочиебюджетныепотребители
Население иприравненныегруппыпотребителей
Территориальныесетевыеорганизации
Выручка по ПАО Россети на 2023 год
5 5
319 319
81 81
16 16
16 16
20 20
2 2
56 56
215 215
67 67
218 218
239 239
6 6
331 331
82 82
77 77
20 20
20 20
3 3
57 57
220 220
68 68
214 214
258 258
План
Ожидаемое (прогноз по конца года)
Интер РАО (дляФСК)
Промышленныепотребители
Транспорт
Нефтедобыча
Нефтепереработка
Нефтепроводы
Газопроводы
Сельскоехозяйство ипищеваяпромышленность
Непромышленныепотребители
Государственные(муниципальные)организации ипрочиебюджетныепотребители
Население иприравненныегруппыпотребителей
Территориальныесетевыеорганизации
Отклонения по ПАО Россети на 2023 год
-4.7% -4.7%
3.8% 3.8%
1.9% 1.9%
230.3% 230.3%
10.9% 10.9%
4.2% 4.2%
21.7% 21.7%
3.9% 3.9%
-0.6% -0.6%
1.6% 1.6%
-1.0% -1.0%
3.3% 3.3%
⬤ Отклонение, %
Интер РАО (для ФСК)
Промышленные потребители
Транспорт
Нефтедобыча
Нефтепереработка
Нефтепроводы
Газопроводы
Сельское хозяйство и пищевая пр…
Непромышленные потребители
Государственные (муниципальные…
Население и приравненные групп…
Территориальные сетевые органи…
Выручка отклонения по ПАО Россети на 2023 год
15.6% 15.6%
3.8% 3.8%
1.2% 1.2%
398.2% 398.2%
26.9% 26.9%
-0.6% -0.6%
26.9% 26.9%
1.5% 1.5%
2.7% 2.7%
2.0% 2.0%
-2.0% -2.0%
7.9% 7.9%
⬤ Отклонение, %
Интер РАО (для ФСК)
Промышленные потребители
Транспорт
Нефтедобыча
Нефтепереработка
Нефтепроводы
Газопроводы
Сельское хозяйство и пищевая пр…
Непромышленные потребители
Государственные (муниципальные…
Население и приравненные групп…
Территориальные сетевые органи…
абс.
%
Прогноз на месяц 
Ноябрь
КПО/Отпуск из сети 
Отпуск из сети, млн. кВт.ч
Организация 
Все
Прогноз электропотребления и выручки за услуги по передаче в разрезе отраслей'

09-12-2024T10:41:12 - [MESSAGE][PASSED] - Text of object 'Object Repository/Прогноз по отраслям/Виджеты дашборда' is: 'Год 
2023 год
Сравнение с 
План
Динамика электропотребления, млрд. кВт.ч. по ПАО Россети на 2023 год
10 10
190 190
36 36
14 14
9 9
14 14
4 4
17 17
80 80
19 19
82 82
588 588
10 10
197 197
37 37
48 48
10 10
15 15
4 4
18 18
80 80
19 19
82 82
608 608
План
Ожидаемое (прогноз по конца года)
Интер РАО (дляФСК)
Промышленныепотребители
Транспорт
Нефтедобыча
Нефтепереработка
Нефтепроводы
Газопроводы
Сельскоехозяйство ипищеваяпромышленность
Непромышленныепотребители
Государственные(муниципальные)организации ипрочиебюджетныепотребители
Население иприравненныегруппыпотребителей
Территориальныесетевыеорганизации
Выручка по ПАО Россети на 2023 год
5 5
319 319
81 81
16 16
16 16
20 20
2 2
56 56
215 215
67 67
218 218
239 239
6 6
331 331
82 82
77 77
20 20
20 20
3 3
57 57
220 220
68 68
214 214
258 258
План
Ожидаемое (прогноз по конца года)
Интер РАО (дляФСК)
Промышленныепотребители
Транспорт
Нефтедобыча
Нефтепереработка
Нефтепроводы
Газопроводы
Сельскоехозяйство ипищеваяпромышленность
Непромышленныепотребители
Государственные(муниципальные)организации ипрочиебюджетныепотребители
Население иприравненныегруппыпотребителей
Территориальныесетевыеорганизации
Отклонения по ПАО Россети на 2023 год
-4.7% -4.7%
3.8% 3.8%
1.9% 1.9%
230.3% 230.3%
10.9% 10.9%
4.2% 4.2%
21.7% 21.7%
3.9% 3.9%
-0.6% -0.6%
1.6% 1.6%
-1.0% -1.0%
3.3% 3.3%
⬤ Отклонение, %
Интер РАО (для ФСК)
Промышленные потребители
Транспорт
Нефтедобыча
Нефтепереработка
Нефтепроводы
Газопроводы
Сельское хозяйство и пищевая пр…
Непромышленные потребители
Государственные (муниципальные…
Население и приравненные групп…
Территориальные сетевые органи…
Выручка отклонения по ПАО Россети на 2023 год
15.6% 15.6%
3.8% 3.8%
1.2% 1.2%
398.2% 398.2%
26.9% 26.9%
-0.6% -0.6%
26.9% 26.9%
1.5% 1.5%
2.7% 2.7%
2.0% 2.0%
-2.0% -2.0%
7.9% 7.9%
⬤ Отклонение, %
Интер РАО (для ФСК)
Промышленные потребители
Транспорт
Нефтедобыча
Нефтепереработка
Нефтепроводы
Газопроводы
Сельское хозяйство и пищевая пр…
Непромышленные потребители
Государственные (муниципальные…
Население и приравненные групп…
Территориальные сетевые органи…
абс.
%
Прогноз на месяц 
Ноябрь
КПО/Отпуск из сети 
Отпуск из сети, млн. кВт.ч
Организация 
Все
Прогноз электропотребления и выручки за услуги по передаче в разрезе отраслей'

09-12-2024T10:41:12 - [TEST_STEP][PASSED] - click(findTestObject("Прогноз по отраслям/Переключить отображение с процентов на абс Блок руководителя")): Object: 'Object Repository/Прогноз по отраслям/Переключить отображение с процентов на абс Блок руководителя' is clicked on

09-12-2024T10:41:13 - [MESSAGE][PASSED] - Object: 'Object Repository/Прогноз по отраслям/Переключить отображение с процентов на абс Блок руководителя' is clicked on

09-12-2024T10:41:13 - [TEST_STEP][PASSED] - a2 = getText(findTestObject("Прогноз по отраслям/Виджеты дашборда")): Text of object 'Object Repository/Прогноз по отраслям/Виджеты дашборда' is: 'Год 
2023 год
Сравнение с 
План
Отклонения по ПАО Россети на 2023 год
-492.2 -492.2
7 165.1 7 165.1
689.3 689.3
33 271.7 33 271.7
986.4 986.4
593.8 593.8
764.0 764.0
670.4 670.4
-592.4 -592.4
308.8 308.8
-940.9 -940.9
19 604.1 19 604.1
⬤ Отклонение, млн. кВт.ч
Интер РАО (для ФСК)
Промышленные потребители
Транспорт
Нефтедобыча
Нефтепереработка
Нефтепроводы
Газопроводы
Сельское хозяйство и пищевая пр…
Непромышленные потребители
Государственные (муниципальные…
Население и приравненные групп…
Территориальные сетевые органи…
Выручка отклонения по ПАО Россети на 2023 год
794.9 794.9
12 195.0 12 195.0
972.7 972.7
61 803.9 61 803.9
4 222.3 4 222.3
-121.8 -121.8
666.2 666.2
873.2 873.2
5 809.6 5 809.6
1 342.6 1 342.6
-4 463.2 -4 463.2
18 375.5 18 375.5
⬤ Отклонение, млн. руб.
Интер РАО (для ФСК)
Промышленные потребители
Транспорт
Нефтедобыча
Нефтепереработка
Нефтепроводы
Газопроводы
Сельское хозяйство и пищевая пр…
Непромышленные потребители
Государственные (муниципальные…
Население и приравненные групп…
Территориальные сетевые органи…
Динамика электропотребления, млрд. кВт.ч. по ПАО Россети на 2023 год
10 10
190 190
36 36
14 14
9 9
14 14
4 4
17 17
80 80
19 19
82 82
588 588
10 10
197 197
37 37
48 48
10 10
15 15
4 4
18 18
80 80
19 19
82 82
608 608
План
Ожидаемое (прогноз по конца года)
Интер РАО (дляФСК)
Промышленныепотребители
Транспорт
Нефтедобыча
Нефтепереработка
Нефтепроводы
Газопроводы
Сельскоехозяйство ипищеваяпромышленность
Непромышленныепотребители
Государственные(муниципальные)организации ипрочиебюджетныепотребители
Население иприравненныегруппыпотребителей
Территориальныесетевыеорганизации
Выручка по ПАО Россети на 2023 год
5 5
319 319
81 81
16 16
16 16
20 20
2 2
56 56
215 215
67 67
218 218
239 239
6 6
331 331
82 82
77 77
20 20
20 20
3 3
57 57
220 220
68 68
214 214
258 258
План
Ожидаемое (прогноз по конца года)
Интер РАО (дляФСК)
Промышленныепотребители
Транспорт
Нефтедобыча
Нефтепереработка
Нефтепроводы
Газопроводы
Сельскоехозяйство ипищеваяпромышленность
Непромышленныепотребители
Государственные(муниципальные)организации ипрочиебюджетныепотребители
Население иприравненныегруппыпотребителей
Территориальныесетевыеорганизации
абс.
%
Прогноз на месяц 
Ноябрь
КПО/Отпуск из сети 
Отпуск из сети, млн. кВт.ч
Организация 
Все
Прогноз электропотребления и выручки за услуги по передаче в разрезе отраслей'

09-12-2024T10:41:13 - [MESSAGE][PASSED] - Text of object 'Object Repository/Прогноз по отраслям/Виджеты дашборда' is: 'Год 
2023 год
Сравнение с 
План
Отклонения по ПАО Россети на 2023 год
-492.2 -492.2
7 165.1 7 165.1
689.3 689.3
33 271.7 33 271.7
986.4 986.4
593.8 593.8
764.0 764.0
670.4 670.4
-592.4 -592.4
308.8 308.8
-940.9 -940.9
19 604.1 19 604.1
⬤ Отклонение, млн. кВт.ч
Интер РАО (для ФСК)
Промышленные потребители
Транспорт
Нефтедобыча
Нефтепереработка
Нефтепроводы
Газопроводы
Сельское хозяйство и пищевая пр…
Непромышленные потребители
Государственные (муниципальные…
Население и приравненные групп…
Территориальные сетевые органи…
Выручка отклонения по ПАО Россети на 2023 год
794.9 794.9
12 195.0 12 195.0
972.7 972.7
61 803.9 61 803.9
4 222.3 4 222.3
-121.8 -121.8
666.2 666.2
873.2 873.2
5 809.6 5 809.6
1 342.6 1 342.6
-4 463.2 -4 463.2
18 375.5 18 375.5
⬤ Отклонение, млн. руб.
Интер РАО (для ФСК)
Промышленные потребители
Транспорт
Нефтедобыча
Нефтепереработка
Нефтепроводы
Газопроводы
Сельское хозяйство и пищевая пр…
Непромышленные потребители
Государственные (муниципальные…
Население и приравненные групп…
Территориальные сетевые органи…
Динамика электропотребления, млрд. кВт.ч. по ПАО Россети на 2023 год
10 10
190 190
36 36
14 14
9 9
14 14
4 4
17 17
80 80
19 19
82 82
588 588
10 10
197 197
37 37
48 48
10 10
15 15
4 4
18 18
80 80
19 19
82 82
608 608
План
Ожидаемое (прогноз по конца года)
Интер РАО (дляФСК)
Промышленныепотребители
Транспорт
Нефтедобыча
Нефтепереработка
Нефтепроводы
Газопроводы
Сельскоехозяйство ипищеваяпромышленность
Непромышленныепотребители
Государственные(муниципальные)организации ипрочиебюджетныепотребители
Население иприравненныегруппыпотребителей
Территориальныесетевыеорганизации
Выручка по ПАО Россети на 2023 год
5 5
319 319
81 81
16 16
16 16
20 20
2 2
56 56
215 215
67 67
218 218
239 239
6 6
331 331
82 82
77 77
20 20
20 20
3 3
57 57
220 220
68 68
214 214
258 258
План
Ожидаемое (прогноз по конца года)
Интер РАО (дляФСК)
Промышленныепотребители
Транспорт
Нефтедобыча
Нефтепереработка
Нефтепроводы
Газопроводы
Сельскоехозяйство ипищеваяпромышленность
Непромышленныепотребители
Государственные(муниципальные)организации ипрочиебюджетныепотребители
Население иприравненныегруппыпотребителей
Территориальныесетевыеорганизации
абс.
%
Прогноз на месяц 
Ноябрь
КПО/Отпуск из сети 
Отпуск из сети, млн. кВт.ч
Организация 
Все
Прогноз электропотребления и выручки за услуги по передаче в разрезе отраслей'

09-12-2024T10:41:13 - [TEST_STEP][PASSED] - click(findTestObject("Прогноз по отраслям/Переключить отображение с абс на проценты")): Object: 'Object Repository/Прогноз по отраслям/Переключить отображение с абс на проценты' is clicked on

09-12-2024T10:41:14 - [MESSAGE][PASSED] - Object: 'Object Repository/Прогноз по отраслям/Переключить отображение с абс на проценты' is clicked on

09-12-2024T10:41:14 - [TEST_STEP][PASSED] - i = a1.indexOf("млрд. кВт.ч."): null

09-12-2024T10:41:14 - [TEST_STEP][PASSED] - if (i > -1): null

09-12-2024T10:41:14 - [TEST_STEP][PASSED] - a1 = a1.substring(0, i) + a1.substring(i + 12, a1.length()): null

09-12-2024T10:41:14 - [TEST_STEP][PASSED] - i = a1.indexOf("по ПАО Россети на 2023 год"): null

09-12-2024T10:41:14 - [TEST_STEP][PASSED] - if (i > -1): null

09-12-2024T10:41:14 - [TEST_STEP][PASSED] - a1 = a1.substring(0, i) + a1.substring(i + 27, a1.length()): null

09-12-2024T10:41:14 - [TEST_STEP][PASSED] - i = a1.indexOf("Выручка"): null

09-12-2024T10:41:14 - [TEST_STEP][PASSED] - if (i > -1): null

09-12-2024T10:41:14 - [TEST_STEP][PASSED] - a1 = a1.substring(0, i) + a1.substring(i + 8, a1.length()): null

09-12-2024T10:41:14 - [TEST_STEP][PASSED] - i = a1.indexOf("по ПАО Россети на 2023 год"): null

09-12-2024T10:41:14 - [TEST_STEP][PASSED] - if (i > -1): null

09-12-2024T10:41:14 - [TEST_STEP][PASSED] - a1 = a1.substring(0, i) + a1.substring(i + 27, a1.length()): null

09-12-2024T10:41:14 - [TEST_STEP][PASSED] - i = a1.indexOf("по ПАО Россети на 2023 год"): null

09-12-2024T10:41:14 - [TEST_STEP][PASSED] - if (i > -1): null

09-12-2024T10:41:14 - [TEST_STEP][PASSED] - a1 = a1.substring(0, i) + a1.substring(i + 27, a1.length()): null

09-12-2024T10:41:14 - [TEST_STEP][PASSED] - i = a1.indexOf("Отклонения по ПАО Россети на 2023 год"): null

09-12-2024T10:41:14 - [TEST_STEP][PASSED] - if (i > -1): null

09-12-2024T10:41:14 - [TEST_STEP][PASSED] - i = a1.indexOf("Отклонения"): null

09-12-2024T10:41:14 - [TEST_STEP][PASSED] - if (i > -1): null

09-12-2024T10:41:14 - [TEST_STEP][PASSED] - a1 = a1.substring(0, i) + a1.substring(i + 11, a1.length()): null

09-12-2024T10:41:14 - [TEST_STEP][PASSED] - n = n + 34: null

09-12-2024T10:41:14 - [TEST_STEP][PASSED] - b = n - run + 1: null

09-12-2024T10:41:14 - [TEST_STEP][PASSED] - verifyEqual(findTestData("PlanFact").getValue(2, b), a1): Actual object 'Год 
2023 год
Сравнение с 
План
Динамика электропотребления,  10 10
190 190
36 36
14 14
9 9
14 14
4 4
17 17
80 80
19 19
82 82
588 588
10 10
197 197
37 37
48 48
10 10
15 15
4 4
18 18
80 80
19 19
82 82
608 608
План
Ожидаемое (прогноз по конца года)
Интер РАО (дляФСК)
Промышленныепотребители
Транспорт
Нефтедобыча
Нефтепереработка
Нефтепроводы
Газопроводы
Сельскоехозяйство ипищеваяпромышленность
Непромышленныепотребители
Государственные(муниципальные)организации ипрочиебюджетныепотребители
Население иприравненныегруппыпотребителей
Территориальныесетевыеорганизации
5 5
319 319
81 81
16 16
16 16
20 20
2 2
56 56
215 215
67 67
218 218
239 239
6 6
331 331
82 82
77 77
20 20
20 20
3 3
57 57
220 220
68 68
214 214
258 258
План
Ожидаемое (прогноз по конца года)
Интер РАО (дляФСК)
Промышленныепотребители
Транспорт
Нефтедобыча
Нефтепереработка
Нефтепроводы
Газопроводы
Сельскоехозяйство ипищеваяпромышленность
Непромышленныепотребители
Государственные(муниципальные)организации ипрочиебюджетныепотребители
Население иприравненныегруппыпотребителей
Территориальныесетевыеорганизации
-4.7% -4.7%
3.8% 3.8%
1.9% 1.9%
230.3% 230.3%
10.9% 10.9%
4.2% 4.2%
21.7% 21.7%
3.9% 3.9%
-0.6% -0.6%
1.6% 1.6%
-1.0% -1.0%
3.3% 3.3%
⬤ Отклонение, %
Интер РАО (для ФСК)
Промышленные потребители
Транспорт
Нефтедобыча
Нефтепереработка
Нефтепроводы
Газопроводы
Сельское хозяйство и пищевая пр…
Непромышленные потребители
Государственные (муниципальные…
Население и приравненные групп…
Территориальные сетевые органи…
Выручка отклонения по ПАО Россети на 2023 год
15.6% 15.6%
3.8% 3.8%
1.2% 1.2%
398.2% 398.2%
26.9% 26.9%
-0.6% -0.6%
26.9% 26.9%
1.5% 1.5%
2.7% 2.7%
2.0% 2.0%
-2.0% -2.0%
7.9% 7.9%
⬤ Отклонение, %
Интер РАО (для ФСК)
Промышленные потребители
Транспорт
Нефтедобыча
Нефтепереработка
Нефтепроводы
Газопроводы
Сельское хозяйство и пищевая пр…
Непромышленные потребители
Государственные (муниципальные…
Население и приравненные групп…
Территориальные сетевые органи…
абс.
%
Прогноз на месяц 
Ноябрь
КПО/Отпуск из сети 
Отпуск из сети, млн. кВт.ч
Организация 
Все
Прогноз электропотребления и выручки за услуги по передаче в разрезе отраслей' and expected object 'Год 
2023 год
Сравнение с 
План
Динамика электропотребления,  10 10
190 190
36 36
14 14
9 9
14 14
4 4
17 17
80 80
19 19
82 82
588 588
10 10
197 197
37 37
48 48
10 10
15 15
4 4
18 18
80 80
19 19
82 82
608 608
План
Ожидаемое (прогноз по конца года)
Интер РАО (дляФСК)
Промышленныепотребители
Транспорт
Нефтедобыча
Нефтепереработка
Нефтепроводы
Газопроводы
Сельскоехозяйство ипищеваяпромышленность
Непромышленныепотребители
Государственные(муниципальные)организации ипрочиебюджетныепотребители
Население иприравненныегруппыпотребителей
Территориальныесетевыеорганизации
5 5
319 319
81 81
16 16
16 16
20 20
2 2
56 56
215 215
67 67
218 218
239 239
6 6
331 331
82 82
77 77
20 20
20 20
3 3
57 57
220 220
68 68
214 214
258 258
План
Ожидаемое (прогноз по конца года)
Интер РАО (дляФСК)
Промышленныепотребители
Транспорт
Нефтедобыча
Нефтепереработка
Нефтепроводы
Газопроводы
Сельскоехозяйство ипищеваяпромышленность
Непромышленныепотребители
Государственные(муниципальные)организации ипрочиебюджетныепотребители
Население иприравненныегруппыпотребителей
Территориальныесетевыеорганизации
-4.7% -4.7%
3.8% 3.8%
1.9% 1.9%
230.3% 230.3%
10.9% 10.9%
4.2% 4.2%
21.7% 21.7%
3.9% 3.9%
-0.6% -0.6%
1.6% 1.6%
-1.0% -1.0%
3.3% 3.3%
⬤ Отклонение, %
Интер РАО (для ФСК)
Промышленные потребители
Транспорт
Нефтедобыча
Нефтепереработка
Нефтепроводы
Газопроводы
Сельское хозяйство и пищевая пр…
Непромышленные потребители
Государственные (муниципальные…
Население и приравненные групп…
Территориальные сетевые органи…
Выручка отклонения по ПАО Россети на 2023 год
15.6% 15.6%
3.8% 3.8%
1.2% 1.2%
398.2% 398.2%
26.9% 26.9%
-0.6% -0.6%
26.9% 26.9%
1.5% 1.5%
2.7% 2.7%
2.0% 2.0%
-2.0% -2.0%
7.9% 7.9%
⬤ Отклонение, %
Интер РАО (для ФСК)
Промышленные потребители
Транспорт
Нефтедобыча
Нефтепереработка
Нефтепроводы
Газопроводы
Сельское хозяйство и пищевая пр…
Непромышленные потребители
Государственные (муниципальные…
Население и приравненные групп…
Территориальные сетевые органи…
абс.
%
Прогноз на месяц 
Ноябрь
КПО/Отпуск из сети 
Отпуск из сети, млн. кВт.ч
Организация 
Все
Прогноз электропотребления и выручки за услуги по передаче в разрезе отраслей' are equal

09-12-2024T10:41:14 - [MESSAGE][PASSED] - Actual object 'Год 
2023 год
Сравнение с 
План
Динамика электропотребления,  10 10
190 190
36 36
14 14
9 9
14 14
4 4
17 17
80 80
19 19
82 82
588 588
10 10
197 197
37 37
48 48
10 10
15 15
4 4
18 18
80 80
19 19
82 82
608 608
План
Ожидаемое (прогноз по конца года)
Интер РАО (дляФСК)
Промышленныепотребители
Транспорт
Нефтедобыча
Нефтепереработка
Нефтепроводы
Газопроводы
Сельскоехозяйство ипищеваяпромышленность
Непромышленныепотребители
Государственные(муниципальные)организации ипрочиебюджетныепотребители
Население иприравненныегруппыпотребителей
Территориальныесетевыеорганизации
5 5
319 319
81 81
16 16
16 16
20 20
2 2
56 56
215 215
67 67
218 218
239 239
6 6
331 331
82 82
77 77
20 20
20 20
3 3
57 57
220 220
68 68
214 214
258 258
План
Ожидаемое (прогноз по конца года)
Интер РАО (дляФСК)
Промышленныепотребители
Транспорт
Нефтедобыча
Нефтепереработка
Нефтепроводы
Газопроводы
Сельскоехозяйство ипищеваяпромышленность
Непромышленныепотребители
Государственные(муниципальные)организации ипрочиебюджетныепотребители
Население иприравненныегруппыпотребителей
Территориальныесетевыеорганизации
-4.7% -4.7%
3.8% 3.8%
1.9% 1.9%
230.3% 230.3%
10.9% 10.9%
4.2% 4.2%
21.7% 21.7%
3.9% 3.9%
-0.6% -0.6%
1.6% 1.6%
-1.0% -1.0%
3.3% 3.3%
⬤ Отклонение, %
Интер РАО (для ФСК)
Промышленные потребители
Транспорт
Нефтедобыча
Нефтепереработка
Нефтепроводы
Газопроводы
Сельское хозяйство и пищевая пр…
Непромышленные потребители
Государственные (муниципальные…
Население и приравненные групп…
Территориальные сетевые органи…
Выручка отклонения по ПАО Россети на 2023 год
15.6% 15.6%
3.8% 3.8%
1.2% 1.2%
398.2% 398.2%
26.9% 26.9%
-0.6% -0.6%
26.9% 26.9%
1.5% 1.5%
2.7% 2.7%
2.0% 2.0%
-2.0% -2.0%
7.9% 7.9%
⬤ Отклонение, %
Интер РАО (для ФСК)
Промышленные потребители
Транспорт
Нефтедобыча
Нефтепереработка
Нефтепроводы
Газопроводы
Сельское хозяйство и пищевая пр…
Непромышленные потребители
Государственные (муниципальные…
Население и приравненные групп…
Территориальные сетевые органи…
абс.
%
Прогноз на месяц 
Ноябрь
КПО/Отпуск из сети 
Отпуск из сети, млн. кВт.ч
Организация 
Все
Прогноз электропотребления и выручки за услуги по передаче в разрезе отраслей' and expected object 'Год 
2023 год
Сравнение с 
План
Динамика электропотребления,  10 10
190 190
36 36
14 14
9 9
14 14
4 4
17 17
80 80
19 19
82 82
588 588
10 10
197 197
37 37
48 48
10 10
15 15
4 4
18 18
80 80
19 19
82 82
608 608
План
Ожидаемое (прогноз по конца года)
Интер РАО (дляФСК)
Промышленныепотребители
Транспорт
Нефтедобыча
Нефтепереработка
Нефтепроводы
Газопроводы
Сельскоехозяйство ипищеваяпромышленность
Непромышленныепотребители
Государственные(муниципальные)организации ипрочиебюджетныепотребители
Население иприравненныегруппыпотребителей
Территориальныесетевыеорганизации
5 5
319 319
81 81
16 16
16 16
20 20
2 2
56 56
215 215
67 67
218 218
239 239
6 6
331 331
82 82
77 77
20 20
20 20
3 3
57 57
220 220
68 68
214 214
258 258
План
Ожидаемое (прогноз по конца года)
Интер РАО (дляФСК)
Промышленныепотребители
Транспорт
Нефтедобыча
Нефтепереработка
Нефтепроводы
Газопроводы
Сельскоехозяйство ипищеваяпромышленность
Непромышленныепотребители
Государственные(муниципальные)организации ипрочиебюджетныепотребители
Население иприравненныегруппыпотребителей
Территориальныесетевыеорганизации
-4.7% -4.7%
3.8% 3.8%
1.9% 1.9%
230.3% 230.3%
10.9% 10.9%
4.2% 4.2%
21.7% 21.7%
3.9% 3.9%
-0.6% -0.6%
1.6% 1.6%
-1.0% -1.0%
3.3% 3.3%
⬤ Отклонение, %
Интер РАО (для ФСК)
Промышленные потребители
Транспорт
Нефтедобыча
Нефтепереработка
Нефтепроводы
Газопроводы
Сельское хозяйство и пищевая пр…
Непромышленные потребители
Государственные (муниципальные…
Население и приравненные групп…
Территориальные сетевые органи…
Выручка отклонения по ПАО Россети на 2023 год
15.6% 15.6%
3.8% 3.8%
1.2% 1.2%
398.2% 398.2%
26.9% 26.9%
-0.6% -0.6%
26.9% 26.9%
1.5% 1.5%
2.7% 2.7%
2.0% 2.0%
-2.0% -2.0%
7.9% 7.9%
⬤ Отклонение, %
Интер РАО (для ФСК)
Промышленные потребители
Транспорт
Нефтедобыча
Нефтепереработка
Нефтепроводы
Газопроводы
Сельское хозяйство и пищевая пр…
Непромышленные потребители
Государственные (муниципальные…
Население и приравненные групп…
Территориальные сетевые органи…
абс.
%
Прогноз на месяц 
Ноябрь
КПО/Отпуск из сети 
Отпуск из сети, млн. кВт.ч
Организация 
Все
Прогноз электропотребления и выручки за услуги по передаче в разрезе отраслей' are equal

09-12-2024T10:41:14 - [TEST_STEP][PASSED] - verifyEqual(findTestData("PlanFact").getValue(3, b), a2): Actual object 'Год 
2023 год
Сравнение с 
План
Отклонения по ПАО Россети на 2023 год
-492.2 -492.2
7 165.1 7 165.1
689.3 689.3
33 271.7 33 271.7
986.4 986.4
593.8 593.8
764.0 764.0
670.4 670.4
-592.4 -592.4
308.8 308.8
-940.9 -940.9
19 604.1 19 604.1
⬤ Отклонение, млн. кВт.ч
Интер РАО (для ФСК)
Промышленные потребители
Транспорт
Нефтедобыча
Нефтепереработка
Нефтепроводы
Газопроводы
Сельское хозяйство и пищевая пр…
Непромышленные потребители
Государственные (муниципальные…
Население и приравненные групп…
Территориальные сетевые органи…
Выручка отклонения по ПАО Россети на 2023 год
794.9 794.9
12 195.0 12 195.0
972.7 972.7
61 803.9 61 803.9
4 222.3 4 222.3
-121.8 -121.8
666.2 666.2
873.2 873.2
5 809.6 5 809.6
1 342.6 1 342.6
-4 463.2 -4 463.2
18 375.5 18 375.5
⬤ Отклонение, млн. руб.
Интер РАО (для ФСК)
Промышленные потребители
Транспорт
Нефтедобыча
Нефтепереработка
Нефтепроводы
Газопроводы
Сельское хозяйство и пищевая пр…
Непромышленные потребители
Государственные (муниципальные…
Население и приравненные групп…
Территориальные сетевые органи…
Динамика электропотребления, млрд. кВт.ч. по ПАО Россети на 2023 год
10 10
190 190
36 36
14 14
9 9
14 14
4 4
17 17
80 80
19 19
82 82
588 588
10 10
197 197
37 37
48 48
10 10
15 15
4 4
18 18
80 80
19 19
82 82
608 608
План
Ожидаемое (прогноз по конца года)
Интер РАО (дляФСК)
Промышленныепотребители
Транспорт
Нефтедобыча
Нефтепереработка
Нефтепроводы
Газопроводы
Сельскоехозяйство ипищеваяпромышленность
Непромышленныепотребители
Государственные(муниципальные)организации ипрочиебюджетныепотребители
Население иприравненныегруппыпотребителей
Территориальныесетевыеорганизации
Выручка по ПАО Россети на 2023 год
5 5
319 319
81 81
16 16
16 16
20 20
2 2
56 56
215 215
67 67
218 218
239 239
6 6
331 331
82 82
77 77
20 20
20 20
3 3
57 57
220 220
68 68
214 214
258 258
План
Ожидаемое (прогноз по конца года)
Интер РАО (дляФСК)
Промышленныепотребители
Транспорт
Нефтедобыча
Нефтепереработка
Нефтепроводы
Газопроводы
Сельскоехозяйство ипищеваяпромышленность
Непромышленныепотребители
Государственные(муниципальные)организации ипрочиебюджетныепотребители
Население иприравненныегруппыпотребителей
Территориальныесетевыеорганизации
абс.
%
Прогноз на месяц 
Ноябрь
КПО/Отпуск из сети 
Отпуск из сети, млн. кВт.ч
Организация 
Все
Прогноз электропотребления и выручки за услуги по передаче в разрезе отраслей' and expected object 'Год 
2023 год
Сравнение с 
План
Отклонения по ПАО Россети на 2023 год
-492.2 -492.2
7 165.1 7 165.1
689.3 689.3
33 271.7 33 271.7
986.4 986.4
593.8 593.8
764.0 764.0
670.4 670.4
-592.4 -592.4
308.8 308.8
-940.9 -940.9
19 604.1 19 604.1
⬤ Отклонение, млн. кВт.ч
Интер РАО (для ФСК)
Промышленные потребители
Транспорт
Нефтедобыча
Нефтепереработка
Нефтепроводы
Газопроводы
Сельское хозяйство и пищевая пр…
Непромышленные потребители
Государственные (муниципальные…
Население и приравненные групп…
Территориальные сетевые органи…
Выручка отклонения по ПАО Россети на 2023 год
794.9 794.9
12 195.0 12 195.0
972.7 972.7
61 803.9 61 803.9
4 222.3 4 222.3
-121.8 -121.8
666.2 666.2
873.2 873.2
5 809.6 5 809.6
1 342.6 1 342.6
-4 463.2 -4 463.2
18 375.5 18 375.5
⬤ Отклонение, млн. руб.
Интер РАО (для ФСК)
Промышленные потребители
Транспорт
Нефтедобыча
Нефтепереработка
Нефтепроводы
Газопроводы
Сельское хозяйство и пищевая пр…
Непромышленные потребители
Государственные (муниципальные…
Население и приравненные групп…
Территориальные сетевые органи…
Динамика электропотребления, млрд. кВт.ч. по ПАО Россети на 2023 год
10 10
190 190
36 36
14 14
9 9
14 14
4 4
17 17
80 80
19 19
82 82
588 588
10 10
197 197
37 37
48 48
10 10
15 15
4 4
18 18
80 80
19 19
82 82
608 608
План
Ожидаемое (прогноз по конца года)
Интер РАО (дляФСК)
Промышленныепотребители
Транспорт
Нефтедобыча
Нефтепереработка
Нефтепроводы
Газопроводы
Сельскоехозяйство ипищеваяпромышленность
Непромышленныепотребители
Государственные(муниципальные)организации ипрочиебюджетныепотребители
Население иприравненныегруппыпотребителей
Территориальныесетевыеорганизации
Выручка по ПАО Россети на 2023 год
5 5
319 319
81 81
16 16
16 16
20 20
2 2
56 56
215 215
67 67
218 218
239 239
6 6
331 331
82 82
77 77
20 20
20 20
3 3
57 57
220 220
68 68
214 214
258 258
План
Ожидаемое (прогноз по конца года)
Интер РАО (дляФСК)
Промышленныепотребители
Транспорт
Нефтедобыча
Нефтепереработка
Нефтепроводы
Газопроводы
Сельскоехозяйство ипищеваяпромышленность
Непромышленныепотребители
Государственные(муниципальные)организации ипрочиебюджетныепотребители
Население иприравненныегруппыпотребителей
Территориальныесетевыеорганизации
абс.
%
Прогноз на месяц 
Ноябрь
КПО/Отпуск из сети 
Отпуск из сети, млн. кВт.ч
Организация 
Все
Прогноз электропотребления и выручки за услуги по передаче в разрезе отраслей' are equal

09-12-2024T10:41:14 - [MESSAGE][PASSED] - Actual object 'Год 
2023 год
Сравнение с 
План
Отклонения по ПАО Россети на 2023 год
-492.2 -492.2
7 165.1 7 165.1
689.3 689.3
33 271.7 33 271.7
986.4 986.4
593.8 593.8
764.0 764.0
670.4 670.4
-592.4 -592.4
308.8 308.8
-940.9 -940.9
19 604.1 19 604.1
⬤ Отклонение, млн. кВт.ч
Интер РАО (для ФСК)
Промышленные потребители
Транспорт
Нефтедобыча
Нефтепереработка
Нефтепроводы
Газопроводы
Сельское хозяйство и пищевая пр…
Непромышленные потребители
Государственные (муниципальные…
Население и приравненные групп…
Территориальные сетевые органи…
Выручка отклонения по ПАО Россети на 2023 год
794.9 794.9
12 195.0 12 195.0
972.7 972.7
61 803.9 61 803.9
4 222.3 4 222.3
-121.8 -121.8
666.2 666.2
873.2 873.2
5 809.6 5 809.6
1 342.6 1 342.6
-4 463.2 -4 463.2
18 375.5 18 375.5
⬤ Отклонение, млн. руб.
Интер РАО (для ФСК)
Промышленные потребители
Транспорт
Нефтедобыча
Нефтепереработка
Нефтепроводы
Газопроводы
Сельское хозяйство и пищевая пр…
Непромышленные потребители
Государственные (муниципальные…
Население и приравненные групп…
Территориальные сетевые органи…
Динамика электропотребления, млрд. кВт.ч. по ПАО Россети на 2023 год
10 10
190 190
36 36
14 14
9 9
14 14
4 4
17 17
80 80
19 19
82 82
588 588
10 10
197 197
37 37
48 48
10 10
15 15
4 4
18 18
80 80
19 19
82 82
608 608
План
Ожидаемое (прогноз по конца года)
Интер РАО (дляФСК)
Промышленныепотребители
Транспорт
Нефтедобыча
Нефтепереработка
Нефтепроводы
Газопроводы
Сельскоехозяйство ипищеваяпромышленность
Непромышленныепотребители
Государственные(муниципальные)организации ипрочиебюджетныепотребители
Население иприравненныегруппыпотребителей
Территориальныесетевыеорганизации
Выручка по ПАО Россети на 2023 год
5 5
319 319
81 81
16 16
16 16
20 20
2 2
56 56
215 215
67 67
218 218
239 239
6 6
331 331
82 82
77 77
20 20
20 20
3 3
57 57
220 220
68 68
214 214
258 258
План
Ожидаемое (прогноз по конца года)
Интер РАО (дляФСК)
Промышленныепотребители
Транспорт
Нефтедобыча
Нефтепереработка
Нефтепроводы
Газопроводы
Сельскоехозяйство ипищеваяпромышленность
Непромышленныепотребители
Государственные(муниципальные)организации ипрочиебюджетныепотребители
Население иприравненныегруппыпотребителей
Территориальныесетевыеорганизации
абс.
%
Прогноз на месяц 
Ноябрь
КПО/Отпуск из сети 
Отпуск из сети, млн. кВт.ч
Организация 
Все
Прогноз электропотребления и выручки за услуги по передаче в разрезе отраслей' and expected object 'Год 
2023 год
Сравнение с 
План
Отклонения по ПАО Россети на 2023 год
-492.2 -492.2
7 165.1 7 165.1
689.3 689.3
33 271.7 33 271.7
986.4 986.4
593.8 593.8
764.0 764.0
670.4 670.4
-592.4 -592.4
308.8 308.8
-940.9 -940.9
19 604.1 19 604.1
⬤ Отклонение, млн. кВт.ч
Интер РАО (для ФСК)
Промышленные потребители
Транспорт
Нефтедобыча
Нефтепереработка
Нефтепроводы
Газопроводы
Сельское хозяйство и пищевая пр…
Непромышленные потребители
Государственные (муниципальные…
Население и приравненные групп…
Территориальные сетевые органи…
Выручка отклонения по ПАО Россети на 2023 год
794.9 794.9
12 195.0 12 195.0
972.7 972.7
61 803.9 61 803.9
4 222.3 4 222.3
-121.8 -121.8
666.2 666.2
873.2 873.2
5 809.6 5 809.6
1 342.6 1 342.6
-4 463.2 -4 463.2
18 375.5 18 375.5
⬤ Отклонение, млн. руб.
Интер РАО (для ФСК)
Промышленные потребители
Транспорт
Нефтедобыча
Нефтепереработка
Нефтепроводы
Газопроводы
Сельское хозяйство и пищевая пр…
Непромышленные потребители
Государственные (муниципальные…
Население и приравненные групп…
Территориальные сетевые органи…
Динамика электропотребления, млрд. кВт.ч. по ПАО Россети на 2023 год
10 10
190 190
36 36
14 14
9 9
14 14
4 4
17 17
80 80
19 19
82 82
588 588
10 10
197 197
37 37
48 48
10 10
15 15
4 4
18 18
80 80
19 19
82 82
608 608
План
Ожидаемое (прогноз по конца года)
Интер РАО (дляФСК)
Промышленныепотребители
Транспорт
Нефтедобыча
Нефтепереработка
Нефтепроводы
Газопроводы
Сельскоехозяйство ипищеваяпромышленность
Непромышленныепотребители
Государственные(муниципальные)организации ипрочиебюджетныепотребители
Население иприравненныегруппыпотребителей
Территориальныесетевыеорганизации
Выручка по ПАО Россети на 2023 год
5 5
319 319
81 81
16 16
16 16
20 20
2 2
56 56
215 215
67 67
218 218
239 239
6 6
331 331
82 82
77 77
20 20
20 20
3 3
57 57
220 220
68 68
214 214
258 258
План
Ожидаемое (прогноз по конца года)
Интер РАО (дляФСК)
Промышленныепотребители
Транспорт
Нефтедобыча
Нефтепереработка
Нефтепроводы
Газопроводы
Сельскоехозяйство ипищеваяпромышленность
Непромышленныепотребители
Государственные(муниципальные)организации ипрочиебюджетныепотребители
Население иприравненныегруппыпотребителей
Территориальныесетевыеорганизации
абс.
%
Прогноз на месяц 
Ноябрь
КПО/Отпуск из сети 
Отпуск из сети, млн. кВт.ч
Организация 
Все
Прогноз электропотребления и выручки за услуги по передаче в разрезе отраслей' are equal

09-12-2024T10:41:14 - [TEST_STEP][PASSED] - Script1686231490255.WriteToExcel(user, dashboardName, n, data, run, a1, a2, a3, a4, a5, a6, a7, a8, a9): null

09-12-2024T10:41:14 - [TEST_STEP][PASSED] - sheetName = "Sheet1": null

09-12-2024T10:41:14 - [TEST_STEP][PASSED] - workbook01 = getWorkbook(excelFilePath): null

09-12-2024T10:41:14 - [TEST_STEP][PASSED] - sheet01 = getExcelSheet(workbook01, sheetName): null

09-12-2024T10:41:14 - [TEST_STEP][PASSED] - setValueToCellByIndex(sheet01, n, 0, dashboardName): null

09-12-2024T10:41:14 - [TEST_STEP][PASSED] - setValueToCellByIndex(sheet01, n, 10, user): null

09-12-2024T10:41:14 - [TEST_STEP][PASSED] - setValueToCellByIndex(sheet01, n, 1, a1): null

09-12-2024T10:41:14 - [TEST_STEP][PASSED] - setValueToCellByIndex(sheet01, n, 2, a2): null

09-12-2024T10:41:14 - [TEST_STEP][PASSED] - setValueToCellByIndex(sheet01, n, 3, a3): null

09-12-2024T10:41:14 - [TEST_STEP][PASSED] - setValueToCellByIndex(sheet01, n, 4, a4): null

09-12-2024T10:41:14 - [TEST_STEP][PASSED] - setValueToCellByIndex(sheet01, n, 5, a5): null

09-12-2024T10:41:14 - [TEST_STEP][PASSED] - setValueToCellByIndex(sheet01, n, 6, a6): null

09-12-2024T10:41:14 - [TEST_STEP][PASSED] - setValueToCellByIndex(sheet01, n, 7, a7): null

09-12-2024T10:41:14 - [TEST_STEP][PASSED] - setValueToCellByIndex(sheet01, n, 8, a8): null

09-12-2024T10:41:14 - [TEST_STEP][PASSED] - setValueToCellByIndex(sheet01, n, 9, a9): null

09-12-2024T10:41:14 - [TEST_STEP][PASSED] - n = n + 1: null

09-12-2024T10:41:14 - [TEST_STEP][PASSED] - saveWorkbook(excelFilePath, workbook01): null

09-12-2024T10:41:14 - [TEST_STEP][PASSED] - if (run == 3): null

09-12-2024T10:41:14 - [TEST_STEP][PASSED] - closeBrowser(): null

09-12-2024T10:41:14 - [MESSAGE][PASSED] - Browser is closed

09-12-2024T10:41:14 - [TEST_STEP][PASSED] - PrognozPoOtraslyam(user, dashboardName, n, data, run, a1, a2, a3, a4, a5, a6, a7, a8, a9, urlData): null

09-12-2024T10:41:14 - [TEST_STEP][PASSED] - n = data.getRowNumbers() + 1: null

09-12-2024T10:41:14 - [TEST_STEP][PASSED] - println(n): null

09-12-2024T10:41:14 - [TEST_STEP][PASSED] - dashboardName = "Прогноз по отраслям": null

09-12-2024T10:41:14 - [TEST_STEP][PASSED] - openBrowser(""): Browser is opened with url: ''

09-12-2024T10:41:14 - [MESSAGE][INFO] - Starting 'Chrome' driver

09-12-2024T10:41:14 - [MESSAGE][INFO] - Action delay is set to 0 milliseconds

09-12-2024T10:41:15 - [MESSAGE][PASSED] - Browser is opened with url: ''

09-12-2024T10:41:15 - [TEST_STEP][PASSED] - urlData = 6: null

09-12-2024T10:41:15 - [TEST_STEP][PASSED] - Script1686231490255.CheckPageDownload(urlData, run): null

09-12-2024T10:41:15 - [TEST_STEP][PASSED] - i = 1: null

09-12-2024T10:41:15 - [TEST_STEP][PASSED] - ii = 0: null

09-12-2024T10:41:15 - [TEST_STEP][PASSED] - urlText = <not implemented yet for class: org.codehaus.groovy.ast.expr.EmptyExpression>: null

09-12-2024T10:41:15 - [TEST_STEP][PASSED] - searchWord = <not implemented yet for class: org.codehaus.groovy.ast.expr.EmptyExpression>: null

09-12-2024T10:41:15 - [TEST_STEP][PASSED] - deleteAllCookies(): Delete all cookies successfully

09-12-2024T10:41:15 - [MESSAGE][PASSED] - Delete all cookies successfully

09-12-2024T10:41:15 - [TEST_STEP][PASSED] - refresh(): Refresh successfully

09-12-2024T10:41:15 - [MESSAGE][PASSED] - Refresh successfully

09-12-2024T10:41:15 - [TEST_STEP][PASSED] - delay(65): Delayed 65 second(s)

09-12-2024T10:42:20 - [MESSAGE][PASSED] - Delayed 65 second(s)

09-12-2024T10:42:20 - [TEST_STEP][PASSED] - navigateToUrl(findTestData("PlanFact").getValue(10, urlData)): Navigate to 'https://bi.rosseti.digital/viewer?dashboardGuid=d6acb5b1a7114a9791b34de39263106e&sheetGuid=0b6d261d7f7b4424a967aa8f3a724189&fit=true' successfully

09-12-2024T10:42:30 - [MESSAGE][PASSED] - Navigate to 'https://bi.rosseti.digital/viewer?dashboardGuid=d6acb5b1a7114a9791b34de39263106e&sheetGuid=0b6d261d7f7b4424a967aa8f3a724189&fit=true' successfully

09-12-2024T10:42:30 - [TEST_STEP][PASSED] - pageLoaded1 = verifyElementPresent(findTestObject("Страница авторизации/Text"), 30): Object 'Object Repository/Страница авторизации/Text' is present

09-12-2024T10:42:30 - [MESSAGE][PASSED] - Object 'Object Repository/Страница авторизации/Text' is present

09-12-2024T10:42:30 - [TEST_STEP][PASSED] - if (pageLoaded1 == false): null

09-12-2024T10:42:30 - [TEST_STEP][PASSED] - urlText = getText(findTestObject("Страница авторизации/Text")): Text of object 'Object Repository/Страница авторизации/Text' is: 'Вход'

09-12-2024T10:42:30 - [MESSAGE][PASSED] - Text of object 'Object Repository/Страница авторизации/Text' is: 'Вход'

09-12-2024T10:42:30 - [TEST_STEP][PASSED] - delay(65): Delayed 65 second(s)

09-12-2024T10:43:35 - [MESSAGE][PASSED] - Delayed 65 second(s)

09-12-2024T10:43:35 - [TEST_STEP][PASSED] - searchWord = "Вход": null

09-12-2024T10:43:35 - [TEST_STEP][PASSED] - if (urlText.contains(searchWord) == false): null

09-12-2024T10:43:35 - [TEST_STEP][PASSED] - setText(findTestObject("Страница авторизации/input__username"), findTestData("PlanFact").getValue(8, run)): Text 'Petrova-OV' is set on object 'Object Repository/Страница авторизации/input__username'

09-12-2024T10:43:36 - [MESSAGE][PASSED] - Text 'Petrova-OV' is set on object 'Object Repository/Страница авторизации/input__username'

09-12-2024T10:43:36 - [TEST_STEP][PASSED] - setText(findTestObject("Страница авторизации/input__password"), findTestData("PlanFact").getValue(9, run)): Text '4Ex@~R53r&3x&BVe7' is set on object 'Object Repository/Страница авторизации/input__password'

09-12-2024T10:43:37 - [MESSAGE][PASSED] - Text '4Ex@~R53r&3x&BVe7' is set on object 'Object Repository/Страница авторизации/input__password'

09-12-2024T10:43:37 - [TEST_STEP][PASSED] - click(findTestObject("Страница авторизации/button_")): Object: 'Object Repository/Страница авторизации/button_' is clicked on

09-12-2024T10:43:40 - [MESSAGE][PASSED] - Object: 'Object Repository/Страница авторизации/button_' is clicked on

09-12-2024T10:43:40 - [TEST_STEP][PASSED] - delay(65): Delayed 65 second(s)

09-12-2024T10:44:45 - [MESSAGE][PASSED] - Delayed 65 second(s)

09-12-2024T10:44:45 - [TEST_STEP][PASSED] - searchWord = "а": null

09-12-2024T10:44:45 - [TEST_STEP][PASSED] - pageLoaded2 = verifyElementPresent(findTestObject("Страница авторизации/Text"), 50): Object 'Object Repository/Страница авторизации/Text' is present

09-12-2024T10:44:46 - [MESSAGE][PASSED] - Object 'Object Repository/Страница авторизации/Text' is present

09-12-2024T10:44:46 - [TEST_STEP][PASSED] - if (pageLoaded2 == false): null

09-12-2024T10:44:46 - [TEST_STEP][PASSED] - urlText = getText(findTestObject("Страница авторизации/Text")): Text of object 'Object Repository/Страница авторизации/Text' is: 'Год 
2023 год
Сравнение с 
План
Динамика электропотребления, млрд. кВт.ч. по ПАО Россети на 2023 год
10 10
190 190
36 36
14 14
9 9
14 14
4 4
17 17
80 80
19 19
82 82
588 588
10 10
197 197
37 37
48 48
10 10
15 15
4 4
18 18
80 80
19 19
82 82
608 608
План
Ожидаемое (прогноз по конца года)
Интер РАО (дляФСК)
Промышленныепотребители
Транспорт
Нефтедобыча
Нефтепереработка
Нефтепроводы
Газопроводы
Сельскоехозяйство ипищеваяпромышленность
Непромышленныепотребители
Государственные(муниципальные)организации ипрочиебюджетныепотребители
Население иприравненныегруппыпотребителей
Территориальныесетевыеорганизации
Выручка по ПАО Россети на 2023 год
5 5
319 319
81 81
16 16
16 16
20 20
2 2
56 56
215 215
67 67
218 218
239 239
6 6
331 331
82 82
77 77
20 20
20 20
3 3
57 57
220 220
68 68
214 214
258 258
План
Ожидаемое (прогноз по конца года)
Интер РАО (дляФСК)
Промышленныепотребители
Транспорт
Нефтедобыча
Нефтепереработка
Нефтепроводы
Газопроводы
Сельскоехозяйство ипищеваяпромышленность
Непромышленныепотребители
Государственные(муниципальные)организации ипрочиебюджетныепотребители
Население иприравненныегруппыпотребителей
Территориальныесетевыеорганизации
Отклонения по ПАО Россети на 2023 год
-4.7% -4.7%
3.8% 3.8%
1.9% 1.9%
230.3% 230.3%
10.9% 10.9%
4.2% 4.2%
21.7% 21.7%
3.9% 3.9%
-0.6% -0.6%
1.6% 1.6%
-1.0% -1.0%
3.3% 3.3%
⬤ Отклонение, %
Интер РАО (для ФСК)
Промышленные потребители
Транспорт
Нефтедобыча
Нефтепереработка
Нефтепроводы
Газопроводы
Сельское хозяйство и пищевая пр…
Непромышленные потребители
Государственные (муниципальные…
Население и приравненные групп…
Территориальные сетевые органи…
Выручка отклонения по ПАО Россети на 2023 год
15.6% 15.6%
3.8% 3.8%
1.2% 1.2%
398.2% 398.2%
26.9% 26.9%
-0.6% -0.6%
26.9% 26.9%
1.5% 1.5%
2.7% 2.7%
2.0% 2.0%
-2.0% -2.0%
7.9% 7.9%
⬤ Отклонение, %
Интер РАО (для ФСК)
Промышленные потребители
Транспорт
Нефтедобыча
Нефтепереработка
Нефтепроводы
Газопроводы
Сельское хозяйство и пищевая пр…
Непромышленные потребители
Государственные (муниципальные…
Население и приравненные групп…
Территориальные сетевые органи…
абс.
%
Прогноз на месяц 
Ноябрь
КПО/Отпуск из сети 
Отпуск из сети, млн. кВт.ч
Организация 
Все
Прогноз электропотребления и выручки за услуги по передаче в разрезе отраслей'

09-12-2024T10:44:46 - [MESSAGE][PASSED] - Text of object 'Object Repository/Страница авторизации/Text' is: 'Год 
2023 год
Сравнение с 
План
Динамика электропотребления, млрд. кВт.ч. по ПАО Россети на 2023 год
10 10
190 190
36 36
14 14
9 9
14 14
4 4
17 17
80 80
19 19
82 82
588 588
10 10
197 197
37 37
48 48
10 10
15 15
4 4
18 18
80 80
19 19
82 82
608 608
План
Ожидаемое (прогноз по конца года)
Интер РАО (дляФСК)
Промышленныепотребители
Транспорт
Нефтедобыча
Нефтепереработка
Нефтепроводы
Газопроводы
Сельскоехозяйство ипищеваяпромышленность
Непромышленныепотребители
Государственные(муниципальные)организации ипрочиебюджетныепотребители
Население иприравненныегруппыпотребителей
Территориальныесетевыеорганизации
Выручка по ПАО Россети на 2023 год
5 5
319 319
81 81
16 16
16 16
20 20
2 2
56 56
215 215
67 67
218 218
239 239
6 6
331 331
82 82
77 77
20 20
20 20
3 3
57 57
220 220
68 68
214 214
258 258
План
Ожидаемое (прогноз по конца года)
Интер РАО (дляФСК)
Промышленныепотребители
Транспорт
Нефтедобыча
Нефтепереработка
Нефтепроводы
Газопроводы
Сельскоехозяйство ипищеваяпромышленность
Непромышленныепотребители
Государственные(муниципальные)организации ипрочиебюджетныепотребители
Население иприравненныегруппыпотребителей
Территориальныесетевыеорганизации
Отклонения по ПАО Россети на 2023 год
-4.7% -4.7%
3.8% 3.8%
1.9% 1.9%
230.3% 230.3%
10.9% 10.9%
4.2% 4.2%
21.7% 21.7%
3.9% 3.9%
-0.6% -0.6%
1.6% 1.6%
-1.0% -1.0%
3.3% 3.3%
⬤ Отклонение, %
Интер РАО (для ФСК)
Промышленные потребители
Транспорт
Нефтедобыча
Нефтепереработка
Нефтепроводы
Газопроводы
Сельское хозяйство и пищевая пр…
Непромышленные потребители
Государственные (муниципальные…
Население и приравненные групп…
Территориальные сетевые органи…
Выручка отклонения по ПАО Россети на 2023 год
15.6% 15.6%
3.8% 3.8%
1.2% 1.2%
398.2% 398.2%
26.9% 26.9%
-0.6% -0.6%
26.9% 26.9%
1.5% 1.5%
2.7% 2.7%
2.0% 2.0%
-2.0% -2.0%
7.9% 7.9%
⬤ Отклонение, %
Интер РАО (для ФСК)
Промышленные потребители
Транспорт
Нефтедобыча
Нефтепереработка
Нефтепроводы
Газопроводы
Сельское хозяйство и пищевая пр…
Непромышленные потребители
Государственные (муниципальные…
Население и приравненные групп…
Территориальные сетевые органи…
абс.
%
Прогноз на месяц 
Ноябрь
КПО/Отпуск из сети 
Отпуск из сети, млн. кВт.ч
Организация 
Все
Прогноз электропотребления и выручки за услуги по передаче в разрезе отраслей'

09-12-2024T10:44:46 - [TEST_STEP][PASSED] - if (urlText.contains("ошибка") || urlText.contains(searchWord) == false): null

09-12-2024T10:44:46 - [TEST_STEP][PASSED] - a3 = "": null

09-12-2024T10:44:46 - [TEST_STEP][PASSED] - a4 = "": null

09-12-2024T10:44:46 - [TEST_STEP][PASSED] - a5 = "": null

09-12-2024T10:44:46 - [TEST_STEP][PASSED] - a6 = "": null

09-12-2024T10:44:46 - [TEST_STEP][PASSED] - a7 = "": null

09-12-2024T10:44:46 - [TEST_STEP][PASSED] - a8 = "": null

09-12-2024T10:44:46 - [TEST_STEP][PASSED] - a9 = "": null

09-12-2024T10:44:46 - [TEST_STEP][PASSED] - if (run == 1): null

09-12-2024T10:44:46 - [TEST_STEP][PASSED] - if (run == 2): null

09-12-2024T10:44:46 - [TEST_STEP][PASSED] - if (run == 3): null

09-12-2024T10:44:46 - [TEST_STEP][PASSED] - user = "Попова": null

09-12-2024T10:44:46 - [TEST_STEP][PASSED] - a1 = getText(findTestObject("Прогноз по отраслям/Виджеты дашборда")): Text of object 'Object Repository/Прогноз по отраслям/Виджеты дашборда' is: 'Год 
2023 год
Сравнение с 
План
Динамика электропотребления, млрд. кВт.ч. по ПАО Россети на 2023 год
10 10
190 190
36 36
14 14
9 9
14 14
4 4
17 17
80 80
19 19
82 82
588 588
10 10
197 197
37 37
48 48
10 10
15 15
4 4
18 18
80 80
19 19
82 82
608 608
План
Ожидаемое (прогноз по конца года)
Интер РАО (дляФСК)
Промышленныепотребители
Транспорт
Нефтедобыча
Нефтепереработка
Нефтепроводы
Газопроводы
Сельскоехозяйство ипищеваяпромышленность
Непромышленныепотребители
Государственные(муниципальные)организации ипрочиебюджетныепотребители
Население иприравненныегруппыпотребителей
Территориальныесетевыеорганизации
Выручка по ПАО Россети на 2023 год
5 5
319 319
81 81
16 16
16 16
20 20
2 2
56 56
215 215
67 67
218 218
239 239
6 6
331 331
82 82
77 77
20 20
20 20
3 3
57 57
220 220
68 68
214 214
258 258
План
Ожидаемое (прогноз по конца года)
Интер РАО (дляФСК)
Промышленныепотребители
Транспорт
Нефтедобыча
Нефтепереработка
Нефтепроводы
Газопроводы
Сельскоехозяйство ипищеваяпромышленность
Непромышленныепотребители
Государственные(муниципальные)организации ипрочиебюджетныепотребители
Население иприравненныегруппыпотребителей
Территориальныесетевыеорганизации
Отклонения по ПАО Россети на 2023 год
-4.7% -4.7%
3.8% 3.8%
1.9% 1.9%
230.3% 230.3%
10.9% 10.9%
4.2% 4.2%
21.7% 21.7%
3.9% 3.9%
-0.6% -0.6%
1.6% 1.6%
-1.0% -1.0%
3.3% 3.3%
⬤ Отклонение, %
Интер РАО (для ФСК)
Промышленные потребители
Транспорт
Нефтедобыча
Нефтепереработка
Нефтепроводы
Газопроводы
Сельское хозяйство и пищевая пр…
Непромышленные потребители
Государственные (муниципальные…
Население и приравненные групп…
Территориальные сетевые органи…
Выручка отклонения по ПАО Россети на 2023 год
15.6% 15.6%
3.8% 3.8%
1.2% 1.2%
398.2% 398.2%
26.9% 26.9%
-0.6% -0.6%
26.9% 26.9%
1.5% 1.5%
2.7% 2.7%
2.0% 2.0%
-2.0% -2.0%
7.9% 7.9%
⬤ Отклонение, %
Интер РАО (для ФСК)
Промышленные потребители
Транспорт
Нефтедобыча
Нефтепереработка
Нефтепроводы
Газопроводы
Сельское хозяйство и пищевая пр…
Непромышленные потребители
Государственные (муниципальные…
Население и приравненные групп…
Территориальные сетевые органи…
абс.
%
Прогноз на месяц 
Ноябрь
КПО/Отпуск из сети 
Отпуск из сети, млн. кВт.ч
Организация 
Все
Прогноз электропотребления и выручки за услуги по передаче в разрезе отраслей'

09-12-2024T10:44:47 - [MESSAGE][PASSED] - Text of object 'Object Repository/Прогноз по отраслям/Виджеты дашборда' is: 'Год 
2023 год
Сравнение с 
План
Динамика электропотребления, млрд. кВт.ч. по ПАО Россети на 2023 год
10 10
190 190
36 36
14 14
9 9
14 14
4 4
17 17
80 80
19 19
82 82
588 588
10 10
197 197
37 37
48 48
10 10
15 15
4 4
18 18
80 80
19 19
82 82
608 608
План
Ожидаемое (прогноз по конца года)
Интер РАО (дляФСК)
Промышленныепотребители
Транспорт
Нефтедобыча
Нефтепереработка
Нефтепроводы
Газопроводы
Сельскоехозяйство ипищеваяпромышленность
Непромышленныепотребители
Государственные(муниципальные)организации ипрочиебюджетныепотребители
Население иприравненныегруппыпотребителей
Территориальныесетевыеорганизации
Выручка по ПАО Россети на 2023 год
5 5
319 319
81 81
16 16
16 16
20 20
2 2
56 56
215 215
67 67
218 218
239 239
6 6
331 331
82 82
77 77
20 20
20 20
3 3
57 57
220 220
68 68
214 214
258 258
План
Ожидаемое (прогноз по конца года)
Интер РАО (дляФСК)
Промышленныепотребители
Транспорт
Нефтедобыча
Нефтепереработка
Нефтепроводы
Газопроводы
Сельскоехозяйство ипищеваяпромышленность
Непромышленныепотребители
Государственные(муниципальные)организации ипрочиебюджетныепотребители
Население иприравненныегруппыпотребителей
Территориальныесетевыеорганизации
Отклонения по ПАО Россети на 2023 год
-4.7% -4.7%
3.8% 3.8%
1.9% 1.9%
230.3% 230.3%
10.9% 10.9%
4.2% 4.2%
21.7% 21.7%
3.9% 3.9%
-0.6% -0.6%
1.6% 1.6%
-1.0% -1.0%
3.3% 3.3%
⬤ Отклонение, %
Интер РАО (для ФСК)
Промышленные потребители
Транспорт
Нефтедобыча
Нефтепереработка
Нефтепроводы
Газопроводы
Сельское хозяйство и пищевая пр…
Непромышленные потребители
Государственные (муниципальные…
Население и приравненные групп…
Территориальные сетевые органи…
Выручка отклонения по ПАО Россети на 2023 год
15.6% 15.6%
3.8% 3.8%
1.2% 1.2%
398.2% 398.2%
26.9% 26.9%
-0.6% -0.6%
26.9% 26.9%
1.5% 1.5%
2.7% 2.7%
2.0% 2.0%
-2.0% -2.0%
7.9% 7.9%
⬤ Отклонение, %
Интер РАО (для ФСК)
Промышленные потребители
Транспорт
Нефтедобыча
Нефтепереработка
Нефтепроводы
Газопроводы
Сельское хозяйство и пищевая пр…
Непромышленные потребители
Государственные (муниципальные…
Население и приравненные групп…
Территориальные сетевые органи…
абс.
%
Прогноз на месяц 
Ноябрь
КПО/Отпуск из сети 
Отпуск из сети, млн. кВт.ч
Организация 
Все
Прогноз электропотребления и выручки за услуги по передаче в разрезе отраслей'

09-12-2024T10:44:47 - [TEST_STEP][PASSED] - click(findTestObject("Прогноз по отраслям/Переключить отображение с процентов на абс Блок руководителя")): Object: 'Object Repository/Прогноз по отраслям/Переключить отображение с процентов на абс Блок руководителя' is clicked on

09-12-2024T10:44:47 - [MESSAGE][PASSED] - Object: 'Object Repository/Прогноз по отраслям/Переключить отображение с процентов на абс Блок руководителя' is clicked on

09-12-2024T10:44:47 - [TEST_STEP][PASSED] - a2 = getText(findTestObject("Прогноз по отраслям/Виджеты дашборда")): Text of object 'Object Repository/Прогноз по отраслям/Виджеты дашборда' is: 'Год 
2023 год
Сравнение с 
План
Отклонения по ПАО Россети на 2023 год
-492.2 -492.2
7 165.1 7 165.1
689.3 689.3
33 271.7 33 271.7
986.4 986.4
593.8 593.8
764.0 764.0
670.4 670.4
-592.4 -592.4
308.8 308.8
-940.9 -940.9
19 604.1 19 604.1
⬤ Отклонение, млн. кВт.ч
Интер РАО (для ФСК)
Промышленные потребители
Транспорт
Нефтедобыча
Нефтепереработка
Нефтепроводы
Газопроводы
Сельское хозяйство и пищевая пр…
Непромышленные потребители
Государственные (муниципальные…
Население и приравненные групп…
Территориальные сетевые органи…
Выручка отклонения по ПАО Россети на 2023 год
794.9 794.9
12 195.0 12 195.0
972.7 972.7
61 803.9 61 803.9
4 222.3 4 222.3
-121.8 -121.8
666.2 666.2
873.2 873.2
5 809.6 5 809.6
1 342.6 1 342.6
-4 463.2 -4 463.2
18 375.5 18 375.5
⬤ Отклонение, млн. руб.
Интер РАО (для ФСК)
Промышленные потребители
Транспорт
Нефтедобыча
Нефтепереработка
Нефтепроводы
Газопроводы
Сельское хозяйство и пищевая пр…
Непромышленные потребители
Государственные (муниципальные…
Население и приравненные групп…
Территориальные сетевые органи…
Динамика электропотребления, млрд. кВт.ч. по ПАО Россети на 2023 год
10 10
190 190
36 36
14 14
9 9
14 14
4 4
17 17
80 80
19 19
82 82
588 588
10 10
197 197
37 37
48 48
10 10
15 15
4 4
18 18
80 80
19 19
82 82
608 608
План
Ожидаемое (прогноз по конца года)
Интер РАО (дляФСК)
Промышленныепотребители
Транспорт
Нефтедобыча
Нефтепереработка
Нефтепроводы
Газопроводы
Сельскоехозяйство ипищеваяпромышленность
Непромышленныепотребители
Государственные(муниципальные)организации ипрочиебюджетныепотребители
Население иприравненныегруппыпотребителей
Территориальныесетевыеорганизации
Выручка по ПАО Россети на 2023 год
5 5
319 319
81 81
16 16
16 16
20 20
2 2
56 56
215 215
67 67
218 218
239 239
6 6
331 331
82 82
77 77
20 20
20 20
3 3
57 57
220 220
68 68
214 214
258 258
План
Ожидаемое (прогноз по конца года)
Интер РАО (дляФСК)
Промышленныепотребители
Транспорт
Нефтедобыча
Нефтепереработка
Нефтепроводы
Газопроводы
Сельскоехозяйство ипищеваяпромышленность
Непромышленныепотребители
Государственные(муниципальные)организации ипрочиебюджетныепотребители
Население иприравненныегруппыпотребителей
Территориальныесетевыеорганизации
абс.
%
Прогноз на месяц 
Ноябрь
КПО/Отпуск из сети 
Отпуск из сети, млн. кВт.ч
Организация 
Все
Прогноз электропотребления и выручки за услуги по передаче в разрезе отраслей'

09-12-2024T10:44:47 - [MESSAGE][PASSED] - Text of object 'Object Repository/Прогноз по отраслям/Виджеты дашборда' is: 'Год 
2023 год
Сравнение с 
План
Отклонения по ПАО Россети на 2023 год
-492.2 -492.2
7 165.1 7 165.1
689.3 689.3
33 271.7 33 271.7
986.4 986.4
593.8 593.8
764.0 764.0
670.4 670.4
-592.4 -592.4
308.8 308.8
-940.9 -940.9
19 604.1 19 604.1
⬤ Отклонение, млн. кВт.ч
Интер РАО (для ФСК)
Промышленные потребители
Транспорт
Нефтедобыча
Нефтепереработка
Нефтепроводы
Газопроводы
Сельское хозяйство и пищевая пр…
Непромышленные потребители
Государственные (муниципальные…
Население и приравненные групп…
Территориальные сетевые органи…
Выручка отклонения по ПАО Россети на 2023 год
794.9 794.9
12 195.0 12 195.0
972.7 972.7
61 803.9 61 803.9
4 222.3 4 222.3
-121.8 -121.8
666.2 666.2
873.2 873.2
5 809.6 5 809.6
1 342.6 1 342.6
-4 463.2 -4 463.2
18 375.5 18 375.5
⬤ Отклонение, млн. руб.
Интер РАО (для ФСК)
Промышленные потребители
Транспорт
Нефтедобыча
Нефтепереработка
Нефтепроводы
Газопроводы
Сельское хозяйство и пищевая пр…
Непромышленные потребители
Государственные (муниципальные…
Население и приравненные групп…
Территориальные сетевые органи…
Динамика электропотребления, млрд. кВт.ч. по ПАО Россети на 2023 год
10 10
190 190
36 36
14 14
9 9
14 14
4 4
17 17
80 80
19 19
82 82
588 588
10 10
197 197
37 37
48 48
10 10
15 15
4 4
18 18
80 80
19 19
82 82
608 608
План
Ожидаемое (прогноз по конца года)
Интер РАО (дляФСК)
Промышленныепотребители
Транспорт
Нефтедобыча
Нефтепереработка
Нефтепроводы
Газопроводы
Сельскоехозяйство ипищеваяпромышленность
Непромышленныепотребители
Государственные(муниципальные)организации ипрочиебюджетныепотребители
Население иприравненныегруппыпотребителей
Территориальныесетевыеорганизации
Выручка по ПАО Россети на 2023 год
5 5
319 319
81 81
16 16
16 16
20 20
2 2
56 56
215 215
67 67
218 218
239 239
6 6
331 331
82 82
77 77
20 20
20 20
3 3
57 57
220 220
68 68
214 214
258 258
План
Ожидаемое (прогноз по конца года)
Интер РАО (дляФСК)
Промышленныепотребители
Транспорт
Нефтедобыча
Нефтепереработка
Нефтепроводы
Газопроводы
Сельскоехозяйство ипищеваяпромышленность
Непромышленныепотребители
Государственные(муниципальные)организации ипрочиебюджетныепотребители
Население иприравненныегруппыпотребителей
Территориальныесетевыеорганизации
абс.
%
Прогноз на месяц 
Ноябрь
КПО/Отпуск из сети 
Отпуск из сети, млн. кВт.ч
Организация 
Все
Прогноз электропотребления и выручки за услуги по передаче в разрезе отраслей'

09-12-2024T10:44:47 - [TEST_STEP][PASSED] - click(findTestObject("Прогноз по отраслям/Переключить отображение с абс на проценты")): Object: 'Object Repository/Прогноз по отраслям/Переключить отображение с абс на проценты' is clicked on

09-12-2024T10:44:48 - [MESSAGE][PASSED] - Object: 'Object Repository/Прогноз по отраслям/Переключить отображение с абс на проценты' is clicked on

09-12-2024T10:44:48 - [TEST_STEP][PASSED] - i = a1.indexOf("млрд. кВт.ч."): null

09-12-2024T10:44:48 - [TEST_STEP][PASSED] - if (i > -1): null

09-12-2024T10:44:48 - [TEST_STEP][PASSED] - a1 = a1.substring(0, i) + a1.substring(i + 12, a1.length()): null

09-12-2024T10:44:48 - [TEST_STEP][PASSED] - i = a1.indexOf("Выручка, млрд. руб."): null

09-12-2024T10:44:48 - [TEST_STEP][PASSED] - if (i > -1): null

09-12-2024T10:44:48 - [TEST_STEP][PASSED] - i = a1.indexOf("Выручка"): null

09-12-2024T10:44:48 - [TEST_STEP][PASSED] - if (i > -1): null

09-12-2024T10:44:48 - [TEST_STEP][PASSED] - a1 = a1.substring(0, i) + a1.substring(i + 8, a1.length()): null

09-12-2024T10:44:48 - [TEST_STEP][PASSED] - i = a1.indexOf("по ПАО Россети на 2023 год"): null

09-12-2024T10:44:48 - [TEST_STEP][PASSED] - if (i > -1): null

09-12-2024T10:44:48 - [TEST_STEP][PASSED] - a1 = a1.substring(0, i) + a1.substring(i + 27, a1.length()): null

09-12-2024T10:44:48 - [TEST_STEP][PASSED] - i = a1.indexOf("Отклонения"): null

09-12-2024T10:44:48 - [TEST_STEP][PASSED] - if (i > -1): null

09-12-2024T10:44:48 - [TEST_STEP][PASSED] - a1 = a1.substring(0, i) + a1.substring(i + 11, a1.length()): null

09-12-2024T10:44:48 - [TEST_STEP][PASSED] - i = a1.indexOf("по ПАО Россети на 2023 год"): null

09-12-2024T10:44:48 - [TEST_STEP][PASSED] - if (i > -1): null

09-12-2024T10:44:48 - [TEST_STEP][PASSED] - a1 = a1.substring(0, i) + a1.substring(i + 27, a1.length()): null

09-12-2024T10:44:48 - [TEST_STEP][PASSED] - i = a1.indexOf("по ПАО Россети на 2023 год"): null

09-12-2024T10:44:48 - [TEST_STEP][PASSED] - if (i > -1): null

09-12-2024T10:44:48 - [TEST_STEP][PASSED] - a1 = a1.substring(0, i) + a1.substring(i + 27, a1.length()): null

09-12-2024T10:44:48 - [TEST_STEP][PASSED] - println(a1): null

09-12-2024T10:44:48 - [TEST_STEP][PASSED] - n = n + 35: null

09-12-2024T10:44:48 - [TEST_STEP][PASSED] - b = n - run + 1: null

09-12-2024T10:44:48 - [TEST_STEP][PASSED] - verifyEqual(findTestData("PlanFact").getValue(2, b), a1): Actual object 'Год 
2023 год
Сравнение с 
План
Динамика электропотребления,  10 10
190 190
36 36
14 14
9 9
14 14
4 4
17 17
80 80
19 19
82 82
588 588
10 10
197 197
37 37
48 48
10 10
15 15
4 4
18 18
80 80
19 19
82 82
608 608
План
Ожидаемое (прогноз по конца года)
Интер РАО (дляФСК)
Промышленныепотребители
Транспорт
Нефтедобыча
Нефтепереработка
Нефтепроводы
Газопроводы
Сельскоехозяйство ипищеваяпромышленность
Непромышленныепотребители
Государственные(муниципальные)организации ипрочиебюджетныепотребители
Население иприравненныегруппыпотребителей
Территориальныесетевыеорганизации
5 5
319 319
81 81
16 16
16 16
20 20
2 2
56 56
215 215
67 67
218 218
239 239
6 6
331 331
82 82
77 77
20 20
20 20
3 3
57 57
220 220
68 68
214 214
258 258
План
Ожидаемое (прогноз по конца года)
Интер РАО (дляФСК)
Промышленныепотребители
Транспорт
Нефтедобыча
Нефтепереработка
Нефтепроводы
Газопроводы
Сельскоехозяйство ипищеваяпромышленность
Непромышленныепотребители
Государственные(муниципальные)организации ипрочиебюджетныепотребители
Население иприравненныегруппыпотребителей
Территориальныесетевыеорганизации
-4.7% -4.7%
3.8% 3.8%
1.9% 1.9%
230.3% 230.3%
10.9% 10.9%
4.2% 4.2%
21.7% 21.7%
3.9% 3.9%
-0.6% -0.6%
1.6% 1.6%
-1.0% -1.0%
3.3% 3.3%
⬤ Отклонение, %
Интер РАО (для ФСК)
Промышленные потребители
Транспорт
Нефтедобыча
Нефтепереработка
Нефтепроводы
Газопроводы
Сельское хозяйство и пищевая пр…
Непромышленные потребители
Государственные (муниципальные…
Население и приравненные групп…
Территориальные сетевые органи…
Выручка отклонения по ПАО Россети на 2023 год
15.6% 15.6%
3.8% 3.8%
1.2% 1.2%
398.2% 398.2%
26.9% 26.9%
-0.6% -0.6%
26.9% 26.9%
1.5% 1.5%
2.7% 2.7%
2.0% 2.0%
-2.0% -2.0%
7.9% 7.9%
⬤ Отклонение, %
Интер РАО (для ФСК)
Промышленные потребители
Транспорт
Нефтедобыча
Нефтепереработка
Нефтепроводы
Газопроводы
Сельское хозяйство и пищевая пр…
Непромышленные потребители
Государственные (муниципальные…
Население и приравненные групп…
Территориальные сетевые органи…
абс.
%
Прогноз на месяц 
Ноябрь
КПО/Отпуск из сети 
Отпуск из сети, млн. кВт.ч
Организация 
Все
Прогноз электропотребления и выручки за услуги по передаче в разрезе отраслей' and expected object 'Год 
2023 год
Сравнение с 
План
Динамика электропотребления,  10 10
190 190
36 36
14 14
9 9
14 14
4 4
17 17
80 80
19 19
82 82
588 588
10 10
197 197
37 37
48 48
10 10
15 15
4 4
18 18
80 80
19 19
82 82
608 608
План
Ожидаемое (прогноз по конца года)
Интер РАО (дляФСК)
Промышленныепотребители
Транспорт
Нефтедобыча
Нефтепереработка
Нефтепроводы
Газопроводы
Сельскоехозяйство ипищеваяпромышленность
Непромышленныепотребители
Государственные(муниципальные)организации ипрочиебюджетныепотребители
Население иприравненныегруппыпотребителей
Территориальныесетевыеорганизации
5 5
319 319
81 81
16 16
16 16
20 20
2 2
56 56
215 215
67 67
218 218
239 239
6 6
331 331
82 82
77 77
20 20
20 20
3 3
57 57
220 220
68 68
214 214
258 258
План
Ожидаемое (прогноз по конца года)
Интер РАО (дляФСК)
Промышленныепотребители
Транспорт
Нефтедобыча
Нефтепереработка
Нефтепроводы
Газопроводы
Сельскоехозяйство ипищеваяпромышленность
Непромышленныепотребители
Государственные(муниципальные)организации ипрочиебюджетныепотребители
Население иприравненныегруппыпотребителей
Территориальныесетевыеорганизации
-4.7% -4.7%
3.8% 3.8%
1.9% 1.9%
230.3% 230.3%
10.9% 10.9%
4.2% 4.2%
21.7% 21.7%
3.9% 3.9%
-0.6% -0.6%
1.6% 1.6%
-1.0% -1.0%
3.3% 3.3%
⬤ Отклонение, %
Интер РАО (для ФСК)
Промышленные потребители
Транспорт
Нефтедобыча
Нефтепереработка
Нефтепроводы
Газопроводы
Сельское хозяйство и пищевая пр…
Непромышленные потребители
Государственные (муниципальные…
Население и приравненные групп…
Территориальные сетевые органи…
Выручка отклонения по ПАО Россети на 2023 год
15.6% 15.6%
3.8% 3.8%
1.2% 1.2%
398.2% 398.2%
26.9% 26.9%
-0.6% -0.6%
26.9% 26.9%
1.5% 1.5%
2.7% 2.7%
2.0% 2.0%
-2.0% -2.0%
7.9% 7.9%
⬤ Отклонение, %
Интер РАО (для ФСК)
Промышленные потребители
Транспорт
Нефтедобыча
Нефтепереработка
Нефтепроводы
Газопроводы
Сельское хозяйство и пищевая пр…
Непромышленные потребители
Государственные (муниципальные…
Население и приравненные групп…
Территориальные сетевые органи…
абс.
%
Прогноз на месяц 
Ноябрь
КПО/Отпуск из сети 
Отпуск из сети, млн. кВт.ч
Организация 
Все
Прогноз электропотребления и выручки за услуги по передаче в разрезе отраслей' are equal

09-12-2024T10:44:48 - [MESSAGE][PASSED] - Actual object 'Год 
2023 год
Сравнение с 
План
Динамика электропотребления,  10 10
190 190
36 36
14 14
9 9
14 14
4 4
17 17
80 80
19 19
82 82
588 588
10 10
197 197
37 37
48 48
10 10
15 15
4 4
18 18
80 80
19 19
82 82
608 608
План
Ожидаемое (прогноз по конца года)
Интер РАО (дляФСК)
Промышленныепотребители
Транспорт
Нефтедобыча
Нефтепереработка
Нефтепроводы
Газопроводы
Сельскоехозяйство ипищеваяпромышленность
Непромышленныепотребители
Государственные(муниципальные)организации ипрочиебюджетныепотребители
Население иприравненныегруппыпотребителей
Территориальныесетевыеорганизации
5 5
319 319
81 81
16 16
16 16
20 20
2 2
56 56
215 215
67 67
218 218
239 239
6 6
331 331
82 82
77 77
20 20
20 20
3 3
57 57
220 220
68 68
214 214
258 258
План
Ожидаемое (прогноз по конца года)
Интер РАО (дляФСК)
Промышленныепотребители
Транспорт
Нефтедобыча
Нефтепереработка
Нефтепроводы
Газопроводы
Сельскоехозяйство ипищеваяпромышленность
Непромышленныепотребители
Государственные(муниципальные)организации ипрочиебюджетныепотребители
Население иприравненныегруппыпотребителей
Территориальныесетевыеорганизации
-4.7% -4.7%
3.8% 3.8%
1.9% 1.9%
230.3% 230.3%
10.9% 10.9%
4.2% 4.2%
21.7% 21.7%
3.9% 3.9%
-0.6% -0.6%
1.6% 1.6%
-1.0% -1.0%
3.3% 3.3%
⬤ Отклонение, %
Интер РАО (для ФСК)
Промышленные потребители
Транспорт
Нефтедобыча
Нефтепереработка
Нефтепроводы
Газопроводы
Сельское хозяйство и пищевая пр…
Непромышленные потребители
Государственные (муниципальные…
Население и приравненные групп…
Территориальные сетевые органи…
Выручка отклонения по ПАО Россети на 2023 год
15.6% 15.6%
3.8% 3.8%
1.2% 1.2%
398.2% 398.2%
26.9% 26.9%
-0.6% -0.6%
26.9% 26.9%
1.5% 1.5%
2.7% 2.7%
2.0% 2.0%
-2.0% -2.0%
7.9% 7.9%
⬤ Отклонение, %
Интер РАО (для ФСК)
Промышленные потребители
Транспорт
Нефтедобыча
Нефтепереработка
Нефтепроводы
Газопроводы
Сельское хозяйство и пищевая пр…
Непромышленные потребители
Государственные (муниципальные…
Население и приравненные групп…
Территориальные сетевые органи…
абс.
%
Прогноз на месяц 
Ноябрь
КПО/Отпуск из сети 
Отпуск из сети, млн. кВт.ч
Организация 
Все
Прогноз электропотребления и выручки за услуги по передаче в разрезе отраслей' and expected object 'Год 
2023 год
Сравнение с 
План
Динамика электропотребления,  10 10
190 190
36 36
14 14
9 9
14 14
4 4
17 17
80 80
19 19
82 82
588 588
10 10
197 197
37 37
48 48
10 10
15 15
4 4
18 18
80 80
19 19
82 82
608 608
План
Ожидаемое (прогноз по конца года)
Интер РАО (дляФСК)
Промышленныепотребители
Транспорт
Нефтедобыча
Нефтепереработка
Нефтепроводы
Газопроводы
Сельскоехозяйство ипищеваяпромышленность
Непромышленныепотребители
Государственные(муниципальные)организации ипрочиебюджетныепотребители
Население иприравненныегруппыпотребителей
Территориальныесетевыеорганизации
5 5
319 319
81 81
16 16
16 16
20 20
2 2
56 56
215 215
67 67
218 218
239 239
6 6
331 331
82 82
77 77
20 20
20 20
3 3
57 57
220 220
68 68
214 214
258 258
План
Ожидаемое (прогноз по конца года)
Интер РАО (дляФСК)
Промышленныепотребители
Транспорт
Нефтедобыча
Нефтепереработка
Нефтепроводы
Газопроводы
Сельскоехозяйство ипищеваяпромышленность
Непромышленныепотребители
Государственные(муниципальные)организации ипрочиебюджетныепотребители
Население иприравненныегруппыпотребителей
Территориальныесетевыеорганизации
-4.7% -4.7%
3.8% 3.8%
1.9% 1.9%
230.3% 230.3%
10.9% 10.9%
4.2% 4.2%
21.7% 21.7%
3.9% 3.9%
-0.6% -0.6%
1.6% 1.6%
-1.0% -1.0%
3.3% 3.3%
⬤ Отклонение, %
Интер РАО (для ФСК)
Промышленные потребители
Транспорт
Нефтедобыча
Нефтепереработка
Нефтепроводы
Газопроводы
Сельское хозяйство и пищевая пр…
Непромышленные потребители
Государственные (муниципальные…
Население и приравненные групп…
Территориальные сетевые органи…
Выручка отклонения по ПАО Россети на 2023 год
15.6% 15.6%
3.8% 3.8%
1.2% 1.2%
398.2% 398.2%
26.9% 26.9%
-0.6% -0.6%
26.9% 26.9%
1.5% 1.5%
2.7% 2.7%
2.0% 2.0%
-2.0% -2.0%
7.9% 7.9%
⬤ Отклонение, %
Интер РАО (для ФСК)
Промышленные потребители
Транспорт
Нефтедобыча
Нефтепереработка
Нефтепроводы
Газопроводы
Сельское хозяйство и пищевая пр…
Непромышленные потребители
Государственные (муниципальные…
Население и приравненные групп…
Территориальные сетевые органи…
абс.
%
Прогноз на месяц 
Ноябрь
КПО/Отпуск из сети 
Отпуск из сети, млн. кВт.ч
Организация 
Все
Прогноз электропотребления и выручки за услуги по передаче в разрезе отраслей' are equal

09-12-2024T10:44:48 - [TEST_STEP][PASSED] - verifyEqual(findTestData("PlanFact").getValue(3, b), a2): Actual object 'Год 
2023 год
Сравнение с 
План
Отклонения по ПАО Россети на 2023 год
-492.2 -492.2
7 165.1 7 165.1
689.3 689.3
33 271.7 33 271.7
986.4 986.4
593.8 593.8
764.0 764.0
670.4 670.4
-592.4 -592.4
308.8 308.8
-940.9 -940.9
19 604.1 19 604.1
⬤ Отклонение, млн. кВт.ч
Интер РАО (для ФСК)
Промышленные потребители
Транспорт
Нефтедобыча
Нефтепереработка
Нефтепроводы
Газопроводы
Сельское хозяйство и пищевая пр…
Непромышленные потребители
Государственные (муниципальные…
Население и приравненные групп…
Территориальные сетевые органи…
Выручка отклонения по ПАО Россети на 2023 год
794.9 794.9
12 195.0 12 195.0
972.7 972.7
61 803.9 61 803.9
4 222.3 4 222.3
-121.8 -121.8
666.2 666.2
873.2 873.2
5 809.6 5 809.6
1 342.6 1 342.6
-4 463.2 -4 463.2
18 375.5 18 375.5
⬤ Отклонение, млн. руб.
Интер РАО (для ФСК)
Промышленные потребители
Транспорт
Нефтедобыча
Нефтепереработка
Нефтепроводы
Газопроводы
Сельское хозяйство и пищевая пр…
Непромышленные потребители
Государственные (муниципальные…
Население и приравненные групп…
Территориальные сетевые органи…
Динамика электропотребления, млрд. кВт.ч. по ПАО Россети на 2023 год
10 10
190 190
36 36
14 14
9 9
14 14
4 4
17 17
80 80
19 19
82 82
588 588
10 10
197 197
37 37
48 48
10 10
15 15
4 4
18 18
80 80
19 19
82 82
608 608
План
Ожидаемое (прогноз по конца года)
Интер РАО (дляФСК)
Промышленныепотребители
Транспорт
Нефтедобыча
Нефтепереработка
Нефтепроводы
Газопроводы
Сельскоехозяйство ипищеваяпромышленность
Непромышленныепотребители
Государственные(муниципальные)организации ипрочиебюджетныепотребители
Население иприравненныегруппыпотребителей
Территориальныесетевыеорганизации
Выручка по ПАО Россети на 2023 год
5 5
319 319
81 81
16 16
16 16
20 20
2 2
56 56
215 215
67 67
218 218
239 239
6 6
331 331
82 82
77 77
20 20
20 20
3 3
57 57
220 220
68 68
214 214
258 258
План
Ожидаемое (прогноз по конца года)
Интер РАО (дляФСК)
Промышленныепотребители
Транспорт
Нефтедобыча
Нефтепереработка
Нефтепроводы
Газопроводы
Сельскоехозяйство ипищеваяпромышленность
Непромышленныепотребители
Государственные(муниципальные)организации ипрочиебюджетныепотребители
Население иприравненныегруппыпотребителей
Территориальныесетевыеорганизации
абс.
%
Прогноз на месяц 
Ноябрь
КПО/Отпуск из сети 
Отпуск из сети, млн. кВт.ч
Организация 
Все
Прогноз электропотребления и выручки за услуги по передаче в разрезе отраслей' and expected object 'Год 
2023 год
Сравнение с 
План
Отклонения по ПАО Россети на 2023 год
-492.2 -492.2
7 165.1 7 165.1
689.3 689.3
33 271.7 33 271.7
986.4 986.4
593.8 593.8
764.0 764.0
670.4 670.4
-592.4 -592.4
308.8 308.8
-940.9 -940.9
19 604.1 19 604.1
⬤ Отклонение, млн. кВт.ч
Интер РАО (для ФСК)
Промышленные потребители
Транспорт
Нефтедобыча
Нефтепереработка
Нефтепроводы
Газопроводы
Сельское хозяйство и пищевая пр…
Непромышленные потребители
Государственные (муниципальные…
Население и приравненные групп…
Территориальные сетевые органи…
Выручка отклонения по ПАО Россети на 2023 год
794.9 794.9
12 195.0 12 195.0
972.7 972.7
61 803.9 61 803.9
4 222.3 4 222.3
-121.8 -121.8
666.2 666.2
873.2 873.2
5 809.6 5 809.6
1 342.6 1 342.6
-4 463.2 -4 463.2
18 375.5 18 375.5
⬤ Отклонение, млн. руб.
Интер РАО (для ФСК)
Промышленные потребители
Транспорт
Нефтедобыча
Нефтепереработка
Нефтепроводы
Газопроводы
Сельское хозяйство и пищевая пр…
Непромышленные потребители
Государственные (муниципальные…
Население и приравненные групп…
Территориальные сетевые органи…
Динамика электропотребления, млрд. кВт.ч. по ПАО Россети на 2023 год
10 10
190 190
36 36
14 14
9 9
14 14
4 4
17 17
80 80
19 19
82 82
588 588
10 10
197 197
37 37
48 48
10 10
15 15
4 4
18 18
80 80
19 19
82 82
608 608
План
Ожидаемое (прогноз по конца года)
Интер РАО (дляФСК)
Промышленныепотребители
Транспорт
Нефтедобыча
Нефтепереработка
Нефтепроводы
Газопроводы
Сельскоехозяйство ипищеваяпромышленность
Непромышленныепотребители
Государственные(муниципальные)организации ипрочиебюджетныепотребители
Население иприравненныегруппыпотребителей
Территориальныесетевыеорганизации
Выручка по ПАО Россети на 2023 год
5 5
319 319
81 81
16 16
16 16
20 20
2 2
56 56
215 215
67 67
218 218
239 239
6 6
331 331
82 82
77 77
20 20
20 20
3 3
57 57
220 220
68 68
214 214
258 258
План
Ожидаемое (прогноз по конца года)
Интер РАО (дляФСК)
Промышленныепотребители
Транспорт
Нефтедобыча
Нефтепереработка
Нефтепроводы
Газопроводы
Сельскоехозяйство ипищеваяпромышленность
Непромышленныепотребители
Государственные(муниципальные)организации ипрочиебюджетныепотребители
Население иприравненныегруппыпотребителей
Территориальныесетевыеорганизации
абс.
%
Прогноз на месяц 
Ноябрь
КПО/Отпуск из сети 
Отпуск из сети, млн. кВт.ч
Организация 
Все
Прогноз электропотребления и выручки за услуги по передаче в разрезе отраслей' are equal

09-12-2024T10:44:48 - [MESSAGE][PASSED] - Actual object 'Год 
2023 год
Сравнение с 
План
Отклонения по ПАО Россети на 2023 год
-492.2 -492.2
7 165.1 7 165.1
689.3 689.3
33 271.7 33 271.7
986.4 986.4
593.8 593.8
764.0 764.0
670.4 670.4
-592.4 -592.4
308.8 308.8
-940.9 -940.9
19 604.1 19 604.1
⬤ Отклонение, млн. кВт.ч
Интер РАО (для ФСК)
Промышленные потребители
Транспорт
Нефтедобыча
Нефтепереработка
Нефтепроводы
Газопроводы
Сельское хозяйство и пищевая пр…
Непромышленные потребители
Государственные (муниципальные…
Население и приравненные групп…
Территориальные сетевые органи…
Выручка отклонения по ПАО Россети на 2023 год
794.9 794.9
12 195.0 12 195.0
972.7 972.7
61 803.9 61 803.9
4 222.3 4 222.3
-121.8 -121.8
666.2 666.2
873.2 873.2
5 809.6 5 809.6
1 342.6 1 342.6
-4 463.2 -4 463.2
18 375.5 18 375.5
⬤ Отклонение, млн. руб.
Интер РАО (для ФСК)
Промышленные потребители
Транспорт
Нефтедобыча
Нефтепереработка
Нефтепроводы
Газопроводы
Сельское хозяйство и пищевая пр…
Непромышленные потребители
Государственные (муниципальные…
Население и приравненные групп…
Территориальные сетевые органи…
Динамика электропотребления, млрд. кВт.ч. по ПАО Россети на 2023 год
10 10
190 190
36 36
14 14
9 9
14 14
4 4
17 17
80 80
19 19
82 82
588 588
10 10
197 197
37 37
48 48
10 10
15 15
4 4
18 18
80 80
19 19
82 82
608 608
План
Ожидаемое (прогноз по конца года)
Интер РАО (дляФСК)
Промышленныепотребители
Транспорт
Нефтедобыча
Нефтепереработка
Нефтепроводы
Газопроводы
Сельскоехозяйство ипищеваяпромышленность
Непромышленныепотребители
Государственные(муниципальные)организации ипрочиебюджетныепотребители
Население иприравненныегруппыпотребителей
Территориальныесетевыеорганизации
Выручка по ПАО Россети на 2023 год
5 5
319 319
81 81
16 16
16 16
20 20
2 2
56 56
215 215
67 67
218 218
239 239
6 6
331 331
82 82
77 77
20 20
20 20
3 3
57 57
220 220
68 68
214 214
258 258
План
Ожидаемое (прогноз по конца года)
Интер РАО (дляФСК)
Промышленныепотребители
Транспорт
Нефтедобыча
Нефтепереработка
Нефтепроводы
Газопроводы
Сельскоехозяйство ипищеваяпромышленность
Непромышленныепотребители
Государственные(муниципальные)организации ипрочиебюджетныепотребители
Население иприравненныегруппыпотребителей
Территориальныесетевыеорганизации
абс.
%
Прогноз на месяц 
Ноябрь
КПО/Отпуск из сети 
Отпуск из сети, млн. кВт.ч
Организация 
Все
Прогноз электропотребления и выручки за услуги по передаче в разрезе отраслей' and expected object 'Год 
2023 год
Сравнение с 
План
Отклонения по ПАО Россети на 2023 год
-492.2 -492.2
7 165.1 7 165.1
689.3 689.3
33 271.7 33 271.7
986.4 986.4
593.8 593.8
764.0 764.0
670.4 670.4
-592.4 -592.4
308.8 308.8
-940.9 -940.9
19 604.1 19 604.1
⬤ Отклонение, млн. кВт.ч
Интер РАО (для ФСК)
Промышленные потребители
Транспорт
Нефтедобыча
Нефтепереработка
Нефтепроводы
Газопроводы
Сельское хозяйство и пищевая пр…
Непромышленные потребители
Государственные (муниципальные…
Население и приравненные групп…
Территориальные сетевые органи…
Выручка отклонения по ПАО Россети на 2023 год
794.9 794.9
12 195.0 12 195.0
972.7 972.7
61 803.9 61 803.9
4 222.3 4 222.3
-121.8 -121.8
666.2 666.2
873.2 873.2
5 809.6 5 809.6
1 342.6 1 342.6
-4 463.2 -4 463.2
18 375.5 18 375.5
⬤ Отклонение, млн. руб.
Интер РАО (для ФСК)
Промышленные потребители
Транспорт
Нефтедобыча
Нефтепереработка
Нефтепроводы
Газопроводы
Сельское хозяйство и пищевая пр…
Непромышленные потребители
Государственные (муниципальные…
Население и приравненные групп…
Территориальные сетевые органи…
Динамика электропотребления, млрд. кВт.ч. по ПАО Россети на 2023 год
10 10
190 190
36 36
14 14
9 9
14 14
4 4
17 17
80 80
19 19
82 82
588 588
10 10
197 197
37 37
48 48
10 10
15 15
4 4
18 18
80 80
19 19
82 82
608 608
План
Ожидаемое (прогноз по конца года)
Интер РАО (дляФСК)
Промышленныепотребители
Транспорт
Нефтедобыча
Нефтепереработка
Нефтепроводы
Газопроводы
Сельскоехозяйство ипищеваяпромышленность
Непромышленныепотребители
Государственные(муниципальные)организации ипрочиебюджетныепотребители
Население иприравненныегруппыпотребителей
Территориальныесетевыеорганизации
Выручка по ПАО Россети на 2023 год
5 5
319 319
81 81
16 16
16 16
20 20
2 2
56 56
215 215
67 67
218 218
239 239
6 6
331 331
82 82
77 77
20 20
20 20
3 3
57 57
220 220
68 68
214 214
258 258
План
Ожидаемое (прогноз по конца года)
Интер РАО (дляФСК)
Промышленныепотребители
Транспорт
Нефтедобыча
Нефтепереработка
Нефтепроводы
Газопроводы
Сельскоехозяйство ипищеваяпромышленность
Непромышленныепотребители
Государственные(муниципальные)организации ипрочиебюджетныепотребители
Население иприравненныегруппыпотребителей
Территориальныесетевыеорганизации
абс.
%
Прогноз на месяц 
Ноябрь
КПО/Отпуск из сети 
Отпуск из сети, млн. кВт.ч
Организация 
Все
Прогноз электропотребления и выручки за услуги по передаче в разрезе отраслей' are equal

09-12-2024T10:44:48 - [TEST_STEP][PASSED] - Script1686231490255.WriteToExcel(user, dashboardName, n, data, run, a1, a2, a3, a4, a5, a6, a7, a8, a9): null

09-12-2024T10:44:48 - [TEST_STEP][PASSED] - sheetName = "Sheet1": null

09-12-2024T10:44:48 - [TEST_STEP][PASSED] - workbook01 = getWorkbook(excelFilePath): null

09-12-2024T10:44:48 - [TEST_STEP][PASSED] - sheet01 = getExcelSheet(workbook01, sheetName): null

09-12-2024T10:44:48 - [TEST_STEP][PASSED] - setValueToCellByIndex(sheet01, n, 0, dashboardName): null

09-12-2024T10:44:48 - [TEST_STEP][PASSED] - setValueToCellByIndex(sheet01, n, 10, user): null

09-12-2024T10:44:48 - [TEST_STEP][PASSED] - setValueToCellByIndex(sheet01, n, 1, a1): null

09-12-2024T10:44:48 - [TEST_STEP][PASSED] - setValueToCellByIndex(sheet01, n, 2, a2): null

09-12-2024T10:44:48 - [TEST_STEP][PASSED] - setValueToCellByIndex(sheet01, n, 3, a3): null

09-12-2024T10:44:48 - [TEST_STEP][PASSED] - setValueToCellByIndex(sheet01, n, 4, a4): null

09-12-2024T10:44:48 - [TEST_STEP][PASSED] - setValueToCellByIndex(sheet01, n, 5, a5): null

09-12-2024T10:44:48 - [TEST_STEP][PASSED] - setValueToCellByIndex(sheet01, n, 6, a6): null

09-12-2024T10:44:48 - [TEST_STEP][PASSED] - setValueToCellByIndex(sheet01, n, 7, a7): null

09-12-2024T10:44:48 - [TEST_STEP][PASSED] - setValueToCellByIndex(sheet01, n, 8, a8): null

09-12-2024T10:44:48 - [TEST_STEP][PASSED] - setValueToCellByIndex(sheet01, n, 9, a9): null

09-12-2024T10:44:48 - [TEST_STEP][PASSED] - n = n + 1: null

09-12-2024T10:44:48 - [TEST_STEP][PASSED] - saveWorkbook(excelFilePath, workbook01): null

09-12-2024T10:44:48 - [TEST_STEP][PASSED] - closeBrowser(): Browser is closed

09-12-2024T10:44:48 - [MESSAGE][PASSED] - Browser is closed]]></system-out>
         <system-err><![CDATA[]]></system-err>
      </testcase>
      <system-out><![CDATA[09-12-2024T08:00:07 - [TEST_SUITE][PASSED] - Блок руководителя под разными учётками: Test Cases/Сверки дашбордов/Блок руководителя сверка дашбордов под разными учётками]]></system-out>
      <system-err><![CDATA[]]></system-err>
   </testsuite>
</testsuites>
