<?xml version="1.0" encoding="UTF-8"?>
<testsuites name="Сверка дашбордов из разных блоков" time="15978.162" tests="7" failures="6" errors="0">
   <testsuite name="Сверка дашбордов из разных блоков" tests="7" failures="6" errors="0" time="15978.162" skipped="0" timestamp="29-01-2025T02:37:05" hostname="liazgina-di - UVV-WS904-D.ot.ru" id="Test Suites/Пн-Ср-Пт/Сверка дашбордов из разных блоков">
      <properties>
         <property name="deviceName" value=""/>
         <property name="devicePlatform"/>
         <property name="logFolder" value="C:\\Users\\LIAZGINA-DI\\git\\SPORU\\Reports\\20250129_023701\\\u041F\u043D-\u0421\u0440-\u041F\u0442\\\u0421\u0432\u0435\u0440\u043A\u0430 \u0434\u0430\u0448\u0431\u043E\u0440\u0434\u043E\u0432 \u0438\u0437 \u0440\u0430\u0437\u043D\u044B\u0445 \u0431\u043B\u043E\u043A\u043E\u0432\\20250129_023701"/>
         <property name="logFiles" value="C:\\Users\\LIAZGINA-DI\\git\\SPORU\\Reports\\20250129_023701\\\u041F\u043D-\u0421\u0440-\u041F\u0442\\\u0421\u0432\u0435\u0440\u043A\u0430 \u0434\u0430\u0448\u0431\u043E\u0440\u0434\u043E\u0432 \u0438\u0437 \u0440\u0430\u0437\u043D\u044B\u0445 \u0431\u043B\u043E\u043A\u043E\u0432\\20250129_023701\\execution0.log, C:\\Users\\LIAZGINA-DI\\git\\SPORU\\Reports\\20250129_023701\\\u041F\u043D-\u0421\u0440-\u041F\u0442\\\u0421\u0432\u0435\u0440\u043A\u0430 \u0434\u0430\u0448\u0431\u043E\u0440\u0434\u043E\u0432 \u0438\u0437 \u0440\u0430\u0437\u043D\u044B\u0445 \u0431\u043B\u043E\u043A\u043E\u0432\\20250129_023701\\execution1.log"/>
         <property name="attachments" value="C:\\Users\\LIAZGINA-DI\\git\\SPORU\\Reports\\20250129_023701\\\u041F\u043D-\u0421\u0440-\u041F\u0442\\\u0421\u0432\u0435\u0440\u043A\u0430 \u0434\u0430\u0448\u0431\u043E\u0440\u0434\u043E\u0432 \u0438\u0437 \u0440\u0430\u0437\u043D\u044B\u0445 \u0431\u043B\u043E\u043A\u043E\u0432\\20250129_023701\\1738107856704.png, C:\\Users\\LIAZGINA-DI\\git\\SPORU\\Reports\\20250129_023701\\\u041F\u043D-\u0421\u0440-\u041F\u0442\\\u0421\u0432\u0435\u0440\u043A\u0430 \u0434\u0430\u0448\u0431\u043E\u0440\u0434\u043E\u0432 \u0438\u0437 \u0440\u0430\u0437\u043D\u044B\u0445 \u0431\u043B\u043E\u043A\u043E\u0432\\20250129_023701\\1738107920897.png, C:\\Users\\LIAZGINA-DI\\git\\SPORU\\Reports\\20250129_023701\\\u041F\u043D-\u0421\u0440-\u041F\u0442\\\u0421\u0432\u0435\u0440\u043A\u0430 \u0434\u0430\u0448\u0431\u043E\u0440\u0434\u043E\u0432 \u0438\u0437 \u0440\u0430\u0437\u043D\u044B\u0445 \u0431\u043B\u043E\u043A\u043E\u0432\\20250129_023701\\1738113183733.png"/>
         <property name="hostName" value="liazgina-di - UVV-WS904-D.ot.ru"/>
         <property name="os" value="Windows 10 64bit"/>
         <property name="katalonVersion" value="9.5.0.217"/>
         <property name="browser" value="Chrome 132.0.0.0"/>
         <property name="hostAddress" value="192.168.0.19"/>
         <property name="sessionId" value="141987c4c2b2e5f4509fb5378efeca08"/>
         <property name="seleniumVersion" value="3.141.59"/>
         <property name="proxyInformation" value="ProxyInformation { proxyOption=NO_PROXY, proxyServerType=HTTP, username=, password=********, proxyServerAddress=, proxyServerPort=0, executionList=&quot;&quot;, isApplyToDesiredCapabilities=true }"/>
         <property name="platform" value="Windows 10"/>
      </properties>
      <testcase name="Test Cases/Сверки дашбордов/Выполнение бизнес-плана сверка дашбордов" time="545.057" classname="Test Cases/Сверки дашбордов/Выполнение бизнес-плана сверка дашбордов" status="FAILED">
         <failure type="FAILED" message="Test Cases/Сверки дашбордов/Выполнение бизнес-плана сверка дашбордов FAILED.&#xa;Reason:&#xa;com.kms.katalon.core.exception.StepFailedException: Unable to click on object 'Object Repository/Выполнение бизнес-плана/Выполнение бизнес-плана Балансы/2024 год' (Root cause: com.kms.katalon.core.exception.StepFailedException: Unable to click on object 'Object Repository/Выполнение бизнес-плана/Выполнение бизнес-плана Балансы/2024 год'&#xa;	at com.kms.katalon.core.webui.keyword.internal.WebUIKeywordMain.stepFailed(WebUIKeywordMain.groovy:64)&#xa;	at com.kms.katalon.core.webui.keyword.internal.WebUIKeywordMain.runKeyword(WebUIKeywordMain.groovy:26)&#xa;	at com.kms.katalon.core.webui.keyword.builtin.ClickKeyword.click(ClickKeyword.groovy:74)&#xa;	at com.kms.katalon.core.webui.keyword.builtin.ClickKeyword.execute(ClickKeyword.groovy:40)&#xa;	at com.kms.katalon.core.keyword.internal.KeywordExecutor.executeKeywordForPlatform(KeywordExecutor.groovy:74)&#xa;	at com.kms.katalon.core.webui.keyword.WebUiBuiltInKeywords.click(WebUiBuiltInKeywords.groovy:659)&#xa;	at Выполнение бизнес-плана сверка дашбордов.Presettings(Выполнение бизнес-плана сверка дашбордов:1728)&#xa;	at Выполнение бизнес-плана сверка дашбордов.run(Выполнение бизнес-плана сверка дашбордов:359)&#xa;	at com.kms.katalon.core.main.ScriptEngine.run(ScriptEngine.java:194)&#xa;	at com.kms.katalon.core.main.ScriptEngine.runScriptAsRawText(ScriptEngine.java:119)&#xa;	at com.kms.katalon.core.main.TestCaseExecutor.runScript(TestCaseExecutor.java:448)&#xa;	at com.kms.katalon.core.main.TestCaseExecutor.doExecute(TestCaseExecutor.java:439)&#xa;	at com.kms.katalon.core.main.TestCaseExecutor.processExecutionPhase(TestCaseExecutor.java:418)&#xa;	at com.kms.katalon.core.main.TestCaseExecutor.accessMainPhase(TestCaseExecutor.java:410)&#xa;	at com.kms.katalon.core.main.TestCaseExecutor.execute(TestCaseExecutor.java:285)&#xa;	at com.kms.katalon.core.common.CommonExecutor.accessTestCaseMainPhase(CommonExecutor.java:65)&#xa;	at com.kms.katalon.core.main.TestSuiteExecutor.accessTestSuiteMainPhase(TestSuiteExecutor.java:150)&#xa;	at com.kms.katalon.core.main.TestSuiteExecutor.execute(TestSuiteExecutor.java:106)&#xa;	at com.kms.katalon.core.main.TestCaseMain.startTestSuite(TestCaseMain.java:180)&#xa;	at TempTestSuite1738107421100.run(TempTestSuite1738107421100.groovy:35)&#xa;	at java.base/jdk.internal.reflect.NativeMethodAccessorImpl.invoke0(Native Method)&#xa;	at java.base/jdk.internal.reflect.NativeMethodAccessorImpl.invoke(NativeMethodAccessorImpl.java:77)&#xa;	at java.base/jdk.internal.reflect.DelegatingMethodAccessorImpl.invoke(DelegatingMethodAccessorImpl.java:43)&#xa;Caused by: org.openqa.selenium.ElementNotInteractableException: element not interactable&#xa;  (Session info: chrome=132.0.6834.159)&#xa;Build info: version: '3.141.59', revision: 'unknown', time: 'unknown'&#xa;System info: host: 'UVV-WS904-D', ip: '192.168.0.19', os.name: 'Windows 10', os.arch: 'amd64', os.version: '10.0', java.version: '17.0.7'&#xa;Driver info: com.kms.katalon.selenium.driver.CChromeDriver&#xa;Capabilities {acceptInsecureCerts: false, browserName: chrome, browserVersion: 132.0.6834.159, chrome: {chromedriverVersion: 131.0.6778.108 (3b014839fbc..., userDataDir: C:\Users\LIAZGI~1\AppData\L...}, fedcm:accounts: true, goog:chromeOptions: {debuggerAddress: localhost:55885}, javascriptEnabled: true, networkConnectionEnabled: false, pageLoadStrategy: normal, platform: WINDOWS, platformName: WINDOWS, proxy: Proxy(), setWindowRect: true, strictFileInteractability: false, timeouts: {implicit: 0, pageLoad: 300000, script: 30000}, unhandledPromptBehavior: dismiss and notify, webauthn:extension:credBlob: true, webauthn:extension:largeBlob: true, webauthn:extension:minPinLength: true, webauthn:extension:prf: true, webauthn:virtualAuthenticators: true}&#xa;Session ID: 49bba81899ab17328e3a6f5463c4b9b8&#xa;	at java.base/jdk.internal.reflect.NativeConstructorAccessorImpl.newInstance0(Native Method)&#xa;	at java.base/jdk.internal.reflect.NativeConstructorAccessorImpl.newInstance(NativeConstructorAccessorImpl.java:77)&#xa;	at java.base/jdk.internal.reflect.DelegatingConstructorAccessorImpl.newInstance(DelegatingConstructorAccessorImpl.java:45)&#xa;	at org.openqa.selenium.remote.http.W3CHttpResponseCodec.createException(W3CHttpResponseCodec.java:187)&#xa;	at org.openqa.selenium.remote.http.W3CHttpResponseCodec.decode(W3CHttpResponseCodec.java:122)&#xa;	at org.openqa.selenium.remote.http.W3CHttpResponseCodec.decode(W3CHttpResponseCodec.java:49)&#xa;	at org.openqa.selenium.remote.HttpCommandExecutor.execute(HttpCommandExecutor.java:158)&#xa;	at org.openqa.selenium.remote.service.DriverCommandExecutor.execute(DriverCommandExecutor.java:83)&#xa;	at org.openqa.selenium.remote.RemoteWebDriver.execute(RemoteWebDriver.java:552)&#xa;	at com.kms.katalon.selenium.driver.CChromeDriver.execute(CChromeDriver.java:19)&#xa;	at org.openqa.selenium.remote.RemoteWebElement.execute(RemoteWebElement.java:285)&#xa;	at org.openqa.selenium.remote.RemoteWebElement.click(RemoteWebElement.java:84)&#xa;	at jdk.internal.reflect.GeneratedMethodAccessor15.invoke(Unknown Source)&#xa;	at java.base/jdk.internal.reflect.DelegatingMethodAccessorImpl.invoke(DelegatingMethodAccessorImpl.java:43)&#xa;	at org.openqa.selenium.support.events.EventFiringWebDriver$EventFiringWebElement.lambda$new$0(EventFiringWebDriver.java:404)&#xa;	at jdk.proxy2/jdk.proxy2.$Proxy24.click(Unknown Source)&#xa;	at org.openqa.selenium.support.events.EventFiringWebDriver$EventFiringWebElement.click(EventFiringWebDriver.java:417)&#xa;	at org.openqa.selenium.WebElement$click.call(Unknown Source)&#xa;	at com.kms.katalon.core.webui.keyword.builtin.ClickKeyword.clickUntilSuccessWithTimeout(ClickKeyword.groovy:81)&#xa;	at com.kms.katalon.core.webui.keyword.builtin.ClickKeyword.clickUntilSuccessWithTimeout(ClickKeyword.groovy)&#xa;	at jdk.internal.reflect.GeneratedMethodAccessor13.invoke(Unknown Source)&#xa;	at java.base/jdk.internal.reflect.DelegatingMethodAccessorImpl.invoke(DelegatingMethodAccessorImpl.java:43)&#xa;	at com.kms.katalon.core.webui.keyword.builtin.ClickKeyword$_click_closure1.doCall(ClickKeyword.groovy:67)&#xa;	at com.kms.katalon.core.webui.keyword.builtin.ClickKeyword$_click_closure1.call(ClickKeyword.groovy)&#xa;	at com.kms.katalon.core.webui.keyword.internal.WebUIKeywordMain.runKeyword(WebUIKeywordMain.groovy:20)&#xa;	at com.kms.katalon.core.webui.keyword.builtin.ClickKeyword.click(ClickKeyword.groovy:74)&#xa;	at com.kms.katalon.core.webui.keyword.builtin.ClickKeyword.execute(ClickKeyword.groovy:40)&#xa;	at com.kms.katalon.core.keyword.internal.KeywordExecutor.executeKeywordForPlatform(KeywordExecutor.groovy:74)&#xa;	at com.kms.katalon.core.webui.keyword.WebUiBuiltInKeywords.click(WebUiBuiltInKeywords.groovy:659)&#xa;	at Script1719299571342.Presettings(Script1719299571342.groovy:1728)&#xa;	at Script1719299571342.run(Script1719299571342.groovy:359)&#xa;	... 15 more&#xa;)&#xa;	at com.kms.katalon.core.keyword.internal.KeywordMain.stepFailed(KeywordMain.groovy:39)&#xa;	at com.kms.katalon.core.webui.keyword.internal.WebUIKeywordMain.stepFailed(WebUIKeywordMain.groovy:64)&#xa;	at com.kms.katalon.core.webui.keyword.internal.WebUIKeywordMain.runKeyword(WebUIKeywordMain.groovy:26)&#xa;	at com.kms.katalon.core.webui.keyword.builtin.ClickKeyword.click(ClickKeyword.groovy:74)&#xa;	at com.kms.katalon.core.webui.keyword.builtin.ClickKeyword.execute(ClickKeyword.groovy:40)&#xa;	at com.kms.katalon.core.keyword.internal.KeywordExecutor.executeKeywordForPlatform(KeywordExecutor.groovy:74)&#xa;	at com.kms.katalon.core.webui.keyword.WebUiBuiltInKeywords.click(WebUiBuiltInKeywords.groovy:659)&#xa;	at Выполнение бизнес-плана сверка дашбордов.Presettings(Выполнение бизнес-плана сверка дашбордов:1728)&#xa;	at Выполнение бизнес-плана сверка дашбордов.run(Выполнение бизнес-плана сверка дашбордов:359)&#xa;	at com.kms.katalon.core.main.ScriptEngine.run(ScriptEngine.java:194)&#xa;	at com.kms.katalon.core.main.ScriptEngine.runScriptAsRawText(ScriptEngine.java:119)&#xa;	at com.kms.katalon.core.main.TestCaseExecutor.runScript(TestCaseExecutor.java:448)&#xa;	at com.kms.katalon.core.main.TestCaseExecutor.doExecute(TestCaseExecutor.java:439)&#xa;	at com.kms.katalon.core.main.TestCaseExecutor.processExecutionPhase(TestCaseExecutor.java:418)&#xa;	at com.kms.katalon.core.main.TestCaseExecutor.accessMainPhase(TestCaseExecutor.java:410)&#xa;	at com.kms.katalon.core.main.TestCaseExecutor.execute(TestCaseExecutor.java:285)&#xa;	at com.kms.katalon.core.common.CommonExecutor.accessTestCaseMainPhase(CommonExecutor.java:65)&#xa;	at com.kms.katalon.core.main.TestSuiteExecutor.accessTestSuiteMainPhase(TestSuiteExecutor.java:150)&#xa;	at com.kms.katalon.core.main.TestSuiteExecutor.execute(TestSuiteExecutor.java:106)&#xa;	at com.kms.katalon.core.main.TestCaseMain.startTestSuite(TestCaseMain.java:180)&#xa;	at TempTestSuite1738107421100.run(TempTestSuite1738107421100.groovy:35)&#xa;	at java.base/jdk.internal.reflect.NativeMethodAccessorImpl.invoke0(Native Method)&#xa;	at java.base/jdk.internal.reflect.NativeMethodAccessorImpl.invoke(NativeMethodAccessorImpl.java:77)&#xa;	at java.base/jdk.internal.reflect.DelegatingMethodAccessorImpl.invoke(DelegatingMethodAccessorImpl.java:43)&#xa;Caused by: com.kms.katalon.core.exception.StepFailedException: Unable to click on object 'Object Repository/Выполнение бизнес-плана/Выполнение бизнес-плана Балансы/2024 год'&#xa;	... 23 more&#xa;Caused by: org.openqa.selenium.ElementNotInteractableException: element not interactable&#xa;  (Session info: chrome=132.0.6834.159)&#xa;Build info: version: '3.141.59', revision: 'unknown', time: 'unknown'&#xa;System info: host: 'UVV-WS904-D', ip: '192.168.0.19', os.name: 'Windows 10', os.arch: 'amd64', os.version: '10.0', java.version: '17.0.7'&#xa;Driver info: com.kms.katalon.selenium.driver.CChromeDriver&#xa;Capabilities {acceptInsecureCerts: false, browserName: chrome, browserVersion: 132.0.6834.159, chrome: {chromedriverVersion: 131.0.6778.108 (3b014839fbc..., userDataDir: C:\Users\LIAZGI~1\AppData\L...}, fedcm:accounts: true, goog:chromeOptions: {debuggerAddress: localhost:55885}, javascriptEnabled: true, networkConnectionEnabled: false, pageLoadStrategy: normal, platform: WINDOWS, platformName: WINDOWS, proxy: Proxy(), setWindowRect: true, strictFileInteractability: false, timeouts: {implicit: 0, pageLoad: 300000, script: 30000}, unhandledPromptBehavior: dismiss and notify, webauthn:extension:credBlob: true, webauthn:extension:largeBlob: true, webauthn:extension:minPinLength: true, webauthn:extension:prf: true, webauthn:virtualAuthenticators: true}&#xa;Session ID: 49bba81899ab17328e3a6f5463c4b9b8&#xa;	at java.base/jdk.internal.reflect.NativeConstructorAccessorImpl.newInstance0(Native Method)&#xa;	at java.base/jdk.internal.reflect.NativeConstructorAccessorImpl.newInstance(NativeConstructorAccessorImpl.java:77)&#xa;	at java.base/jdk.internal.reflect.DelegatingConstructorAccessorImpl.newInstance(DelegatingConstructorAccessorImpl.java:45)&#xa;	at org.openqa.selenium.remote.http.W3CHttpResponseCodec.createException(W3CHttpResponseCodec.java:187)&#xa;	at org.openqa.selenium.remote.http.W3CHttpResponseCodec.decode(W3CHttpResponseCodec.java:122)&#xa;	at org.openqa.selenium.remote.http.W3CHttpResponseCodec.decode(W3CHttpResponseCodec.java:49)&#xa;	at org.openqa.selenium.remote.HttpCommandExecutor.execute(HttpCommandExecutor.java:158)&#xa;	at org.openqa.selenium.remote.service.DriverCommandExecutor.execute(DriverCommandExecutor.java:83)&#xa;	at org.openqa.selenium.remote.RemoteWebDriver.execute(RemoteWebDriver.java:552)&#xa;	at com.kms.katalon.selenium.driver.CChromeDriver.execute(CChromeDriver.java:19)&#xa;	at org.openqa.selenium.remote.RemoteWebElement.execute(RemoteWebElement.java:285)&#xa;	at org.openqa.selenium.remote.RemoteWebElement.click(RemoteWebElement.java:84)&#xa;	at jdk.internal.reflect.GeneratedMethodAccessor15.invoke(Unknown Source)&#xa;	at java.base/jdk.internal.reflect.DelegatingMethodAccessorImpl.invoke(DelegatingMethodAccessorImpl.java:43)&#xa;	at org.openqa.selenium.support.events.EventFiringWebDriver$EventFiringWebElement.lambda$new$0(EventFiringWebDriver.java:404)&#xa;	at jdk.proxy2/jdk.proxy2.$Proxy24.click(Unknown Source)&#xa;	at org.openqa.selenium.support.events.EventFiringWebDriver$EventFiringWebElement.click(EventFiringWebDriver.java:417)&#xa;	at org.openqa.selenium.WebElement$click.call(Unknown Source)&#xa;	at com.kms.katalon.core.webui.keyword.builtin.ClickKeyword.clickUntilSuccessWithTimeout(ClickKeyword.groovy:81)&#xa;	at com.kms.katalon.core.webui.keyword.builtin.ClickKeyword.clickUntilSuccessWithTimeout(ClickKeyword.groovy)&#xa;	at jdk.internal.reflect.GeneratedMethodAccessor13.invoke(Unknown Source)&#xa;	at java.base/jdk.internal.reflect.DelegatingMethodAccessorImpl.invoke(DelegatingMethodAccessorImpl.java:43)&#xa;	at com.kms.katalon.core.webui.keyword.builtin.ClickKeyword$_click_closure1.doCall(ClickKeyword.groovy:67)&#xa;	at com.kms.katalon.core.webui.keyword.builtin.ClickKeyword$_click_closure1.call(ClickKeyword.groovy)&#xa;	at com.kms.katalon.core.webui.keyword.internal.WebUIKeywordMain.runKeyword(WebUIKeywordMain.groovy:20)&#xa;	... 21 more&#xa;"/>
         <system-out><![CDATA[29-01-2025T02:37:05 - [TEST_CASE][FAILED] - Test Cases/Сверки дашбордов/Выполнение бизнес-плана сверка дашбордов: Test Cases/Сверки дашбордов/Выполнение бизнес-плана сверка дашбордов FAILED.
Reason:
com.kms.katalon.core.exception.StepFailedException: Unable to click on object 'Object Repository/Выполнение бизнес-плана/Выполнение бизнес-плана Балансы/2024 год' (Root cause: com.kms.katalon.core.exception.StepFailedException: Unable to click on object 'Object Repository/Выполнение бизнес-плана/Выполнение бизнес-плана Балансы/2024 год'
	at com.kms.katalon.core.webui.keyword.internal.WebUIKeywordMain.stepFailed(WebUIKeywordMain.groovy:64)
	at com.kms.katalon.core.webui.keyword.internal.WebUIKeywordMain.runKeyword(WebUIKeywordMain.groovy:26)
	at com.kms.katalon.core.webui.keyword.builtin.ClickKeyword.click(ClickKeyword.groovy:74)
	at com.kms.katalon.core.webui.keyword.builtin.ClickKeyword.execute(ClickKeyword.groovy:40)
	at com.kms.katalon.core.keyword.internal.KeywordExecutor.executeKeywordForPlatform(KeywordExecutor.groovy:74)
	at com.kms.katalon.core.webui.keyword.WebUiBuiltInKeywords.click(WebUiBuiltInKeywords.groovy:659)
	at Выполнение бизнес-плана сверка дашбордов.Presettings(Выполнение бизнес-плана сверка дашбордов:1728)
	at Выполнение бизнес-плана сверка дашбордов.run(Выполнение бизнес-плана сверка дашбордов:359)
	at com.kms.katalon.core.main.ScriptEngine.run(ScriptEngine.java:194)
	at com.kms.katalon.core.main.ScriptEngine.runScriptAsRawText(ScriptEngine.java:119)
	at com.kms.katalon.core.main.TestCaseExecutor.runScript(TestCaseExecutor.java:448)
	at com.kms.katalon.core.main.TestCaseExecutor.doExecute(TestCaseExecutor.java:439)
	at com.kms.katalon.core.main.TestCaseExecutor.processExecutionPhase(TestCaseExecutor.java:418)
	at com.kms.katalon.core.main.TestCaseExecutor.accessMainPhase(TestCaseExecutor.java:410)
	at com.kms.katalon.core.main.TestCaseExecutor.execute(TestCaseExecutor.java:285)
	at com.kms.katalon.core.common.CommonExecutor.accessTestCaseMainPhase(CommonExecutor.java:65)
	at com.kms.katalon.core.main.TestSuiteExecutor.accessTestSuiteMainPhase(TestSuiteExecutor.java:150)
	at com.kms.katalon.core.main.TestSuiteExecutor.execute(TestSuiteExecutor.java:106)
	at com.kms.katalon.core.main.TestCaseMain.startTestSuite(TestCaseMain.java:180)
	at TempTestSuite1738107421100.run(TempTestSuite1738107421100.groovy:35)
	at java.base/jdk.internal.reflect.NativeMethodAccessorImpl.invoke0(Native Method)
	at java.base/jdk.internal.reflect.NativeMethodAccessorImpl.invoke(NativeMethodAccessorImpl.java:77)
	at java.base/jdk.internal.reflect.DelegatingMethodAccessorImpl.invoke(DelegatingMethodAccessorImpl.java:43)
Caused by: org.openqa.selenium.ElementNotInteractableException: element not interactable
  (Session info: chrome=132.0.6834.159)
Build info: version: '3.141.59', revision: 'unknown', time: 'unknown'
System info: host: 'UVV-WS904-D', ip: '192.168.0.19', os.name: 'Windows 10', os.arch: 'amd64', os.version: '10.0', java.version: '17.0.7'
Driver info: com.kms.katalon.selenium.driver.CChromeDriver
Capabilities {acceptInsecureCerts: false, browserName: chrome, browserVersion: 132.0.6834.159, chrome: {chromedriverVersion: 131.0.6778.108 (3b014839fbc..., userDataDir: C:\Users\LIAZGI~1\AppData\L...}, fedcm:accounts: true, goog:chromeOptions: {debuggerAddress: localhost:55885}, javascriptEnabled: true, networkConnectionEnabled: false, pageLoadStrategy: normal, platform: WINDOWS, platformName: WINDOWS, proxy: Proxy(), setWindowRect: true, strictFileInteractability: false, timeouts: {implicit: 0, pageLoad: 300000, script: 30000}, unhandledPromptBehavior: dismiss and notify, webauthn:extension:credBlob: true, webauthn:extension:largeBlob: true, webauthn:extension:minPinLength: true, webauthn:extension:prf: true, webauthn:virtualAuthenticators: true}
Session ID: 49bba81899ab17328e3a6f5463c4b9b8
	at java.base/jdk.internal.reflect.NativeConstructorAccessorImpl.newInstance0(Native Method)
	at java.base/jdk.internal.reflect.NativeConstructorAccessorImpl.newInstance(NativeConstructorAccessorImpl.java:77)
	at java.base/jdk.internal.reflect.DelegatingConstructorAccessorImpl.newInstance(DelegatingConstructorAccessorImpl.java:45)
	at org.openqa.selenium.remote.http.W3CHttpResponseCodec.createException(W3CHttpResponseCodec.java:187)
	at org.openqa.selenium.remote.http.W3CHttpResponseCodec.decode(W3CHttpResponseCodec.java:122)
	at org.openqa.selenium.remote.http.W3CHttpResponseCodec.decode(W3CHttpResponseCodec.java:49)
	at org.openqa.selenium.remote.HttpCommandExecutor.execute(HttpCommandExecutor.java:158)
	at org.openqa.selenium.remote.service.DriverCommandExecutor.execute(DriverCommandExecutor.java:83)
	at org.openqa.selenium.remote.RemoteWebDriver.execute(RemoteWebDriver.java:552)
	at com.kms.katalon.selenium.driver.CChromeDriver.execute(CChromeDriver.java:19)
	at org.openqa.selenium.remote.RemoteWebElement.execute(RemoteWebElement.java:285)
	at org.openqa.selenium.remote.RemoteWebElement.click(RemoteWebElement.java:84)
	at jdk.internal.reflect.GeneratedMethodAccessor15.invoke(Unknown Source)
	at java.base/jdk.internal.reflect.DelegatingMethodAccessorImpl.invoke(DelegatingMethodAccessorImpl.java:43)
	at org.openqa.selenium.support.events.EventFiringWebDriver$EventFiringWebElement.lambda$new$0(EventFiringWebDriver.java:404)
	at jdk.proxy2/jdk.proxy2.$Proxy24.click(Unknown Source)
	at org.openqa.selenium.support.events.EventFiringWebDriver$EventFiringWebElement.click(EventFiringWebDriver.java:417)
	at org.openqa.selenium.WebElement$click.call(Unknown Source)
	at com.kms.katalon.core.webui.keyword.builtin.ClickKeyword.clickUntilSuccessWithTimeout(ClickKeyword.groovy:81)
	at com.kms.katalon.core.webui.keyword.builtin.ClickKeyword.clickUntilSuccessWithTimeout(ClickKeyword.groovy)
	at jdk.internal.reflect.GeneratedMethodAccessor13.invoke(Unknown Source)
	at java.base/jdk.internal.reflect.DelegatingMethodAccessorImpl.invoke(DelegatingMethodAccessorImpl.java:43)
	at com.kms.katalon.core.webui.keyword.builtin.ClickKeyword$_click_closure1.doCall(ClickKeyword.groovy:67)
	at com.kms.katalon.core.webui.keyword.builtin.ClickKeyword$_click_closure1.call(ClickKeyword.groovy)
	at com.kms.katalon.core.webui.keyword.internal.WebUIKeywordMain.runKeyword(WebUIKeywordMain.groovy:20)
	at com.kms.katalon.core.webui.keyword.builtin.ClickKeyword.click(ClickKeyword.groovy:74)
	at com.kms.katalon.core.webui.keyword.builtin.ClickKeyword.execute(ClickKeyword.groovy:40)
	at com.kms.katalon.core.keyword.internal.KeywordExecutor.executeKeywordForPlatform(KeywordExecutor.groovy:74)
	at com.kms.katalon.core.webui.keyword.WebUiBuiltInKeywords.click(WebUiBuiltInKeywords.groovy:659)
	at Script1719299571342.Presettings(Script1719299571342.groovy:1728)
	at Script1719299571342.run(Script1719299571342.groovy:359)
	... 15 more
)
	at com.kms.katalon.core.keyword.internal.KeywordMain.stepFailed(KeywordMain.groovy:39)
	at com.kms.katalon.core.webui.keyword.internal.WebUIKeywordMain.stepFailed(WebUIKeywordMain.groovy:64)
	at com.kms.katalon.core.webui.keyword.internal.WebUIKeywordMain.runKeyword(WebUIKeywordMain.groovy:26)
	at com.kms.katalon.core.webui.keyword.builtin.ClickKeyword.click(ClickKeyword.groovy:74)
	at com.kms.katalon.core.webui.keyword.builtin.ClickKeyword.execute(ClickKeyword.groovy:40)
	at com.kms.katalon.core.keyword.internal.KeywordExecutor.executeKeywordForPlatform(KeywordExecutor.groovy:74)
	at com.kms.katalon.core.webui.keyword.WebUiBuiltInKeywords.click(WebUiBuiltInKeywords.groovy:659)
	at Выполнение бизнес-плана сверка дашбордов.Presettings(Выполнение бизнес-плана сверка дашбордов:1728)
	at Выполнение бизнес-плана сверка дашбордов.run(Выполнение бизнес-плана сверка дашбордов:359)
	at com.kms.katalon.core.main.ScriptEngine.run(ScriptEngine.java:194)
	at com.kms.katalon.core.main.ScriptEngine.runScriptAsRawText(ScriptEngine.java:119)
	at com.kms.katalon.core.main.TestCaseExecutor.runScript(TestCaseExecutor.java:448)
	at com.kms.katalon.core.main.TestCaseExecutor.doExecute(TestCaseExecutor.java:439)
	at com.kms.katalon.core.main.TestCaseExecutor.processExecutionPhase(TestCaseExecutor.java:418)
	at com.kms.katalon.core.main.TestCaseExecutor.accessMainPhase(TestCaseExecutor.java:410)
	at com.kms.katalon.core.main.TestCaseExecutor.execute(TestCaseExecutor.java:285)
	at com.kms.katalon.core.common.CommonExecutor.accessTestCaseMainPhase(CommonExecutor.java:65)
	at com.kms.katalon.core.main.TestSuiteExecutor.accessTestSuiteMainPhase(TestSuiteExecutor.java:150)
	at com.kms.katalon.core.main.TestSuiteExecutor.execute(TestSuiteExecutor.java:106)
	at com.kms.katalon.core.main.TestCaseMain.startTestSuite(TestCaseMain.java:180)
	at TempTestSuite1738107421100.run(TempTestSuite1738107421100.groovy:35)
	at java.base/jdk.internal.reflect.NativeMethodAccessorImpl.invoke0(Native Method)
	at java.base/jdk.internal.reflect.NativeMethodAccessorImpl.invoke(NativeMethodAccessorImpl.java:77)
	at java.base/jdk.internal.reflect.DelegatingMethodAccessorImpl.invoke(DelegatingMethodAccessorImpl.java:43)
Caused by: com.kms.katalon.core.exception.StepFailedException: Unable to click on object 'Object Repository/Выполнение бизнес-плана/Выполнение бизнес-плана Балансы/2024 год'
	... 23 more
Caused by: org.openqa.selenium.ElementNotInteractableException: element not interactable
  (Session info: chrome=132.0.6834.159)
Build info: version: '3.141.59', revision: 'unknown', time: 'unknown'
System info: host: 'UVV-WS904-D', ip: '192.168.0.19', os.name: 'Windows 10', os.arch: 'amd64', os.version: '10.0', java.version: '17.0.7'
Driver info: com.kms.katalon.selenium.driver.CChromeDriver
Capabilities {acceptInsecureCerts: false, browserName: chrome, browserVersion: 132.0.6834.159, chrome: {chromedriverVersion: 131.0.6778.108 (3b014839fbc..., userDataDir: C:\Users\LIAZGI~1\AppData\L...}, fedcm:accounts: true, goog:chromeOptions: {debuggerAddress: localhost:55885}, javascriptEnabled: true, networkConnectionEnabled: false, pageLoadStrategy: normal, platform: WINDOWS, platformName: WINDOWS, proxy: Proxy(), setWindowRect: true, strictFileInteractability: false, timeouts: {implicit: 0, pageLoad: 300000, script: 30000}, unhandledPromptBehavior: dismiss and notify, webauthn:extension:credBlob: true, webauthn:extension:largeBlob: true, webauthn:extension:minPinLength: true, webauthn:extension:prf: true, webauthn:virtualAuthenticators: true}
Session ID: 49bba81899ab17328e3a6f5463c4b9b8
	at java.base/jdk.internal.reflect.NativeConstructorAccessorImpl.newInstance0(Native Method)
	at java.base/jdk.internal.reflect.NativeConstructorAccessorImpl.newInstance(NativeConstructorAccessorImpl.java:77)
	at java.base/jdk.internal.reflect.DelegatingConstructorAccessorImpl.newInstance(DelegatingConstructorAccessorImpl.java:45)
	at org.openqa.selenium.remote.http.W3CHttpResponseCodec.createException(W3CHttpResponseCodec.java:187)
	at org.openqa.selenium.remote.http.W3CHttpResponseCodec.decode(W3CHttpResponseCodec.java:122)
	at org.openqa.selenium.remote.http.W3CHttpResponseCodec.decode(W3CHttpResponseCodec.java:49)
	at org.openqa.selenium.remote.HttpCommandExecutor.execute(HttpCommandExecutor.java:158)
	at org.openqa.selenium.remote.service.DriverCommandExecutor.execute(DriverCommandExecutor.java:83)
	at org.openqa.selenium.remote.RemoteWebDriver.execute(RemoteWebDriver.java:552)
	at com.kms.katalon.selenium.driver.CChromeDriver.execute(CChromeDriver.java:19)
	at org.openqa.selenium.remote.RemoteWebElement.execute(RemoteWebElement.java:285)
	at org.openqa.selenium.remote.RemoteWebElement.click(RemoteWebElement.java:84)
	at jdk.internal.reflect.GeneratedMethodAccessor15.invoke(Unknown Source)
	at java.base/jdk.internal.reflect.DelegatingMethodAccessorImpl.invoke(DelegatingMethodAccessorImpl.java:43)
	at org.openqa.selenium.support.events.EventFiringWebDriver$EventFiringWebElement.lambda$new$0(EventFiringWebDriver.java:404)
	at jdk.proxy2/jdk.proxy2.$Proxy24.click(Unknown Source)
	at org.openqa.selenium.support.events.EventFiringWebDriver$EventFiringWebElement.click(EventFiringWebDriver.java:417)
	at org.openqa.selenium.WebElement$click.call(Unknown Source)
	at com.kms.katalon.core.webui.keyword.builtin.ClickKeyword.clickUntilSuccessWithTimeout(ClickKeyword.groovy:81)
	at com.kms.katalon.core.webui.keyword.builtin.ClickKeyword.clickUntilSuccessWithTimeout(ClickKeyword.groovy)
	at jdk.internal.reflect.GeneratedMethodAccessor13.invoke(Unknown Source)
	at java.base/jdk.internal.reflect.DelegatingMethodAccessorImpl.invoke(DelegatingMethodAccessorImpl.java:43)
	at com.kms.katalon.core.webui.keyword.builtin.ClickKeyword$_click_closure1.doCall(ClickKeyword.groovy:67)
	at com.kms.katalon.core.webui.keyword.builtin.ClickKeyword$_click_closure1.call(ClickKeyword.groovy)
	at com.kms.katalon.core.webui.keyword.internal.WebUIKeywordMain.runKeyword(WebUIKeywordMain.groovy:20)
	... 21 more


29-01-2025T02:37:07 - [TEST_STEP][PASSED] - date = new java.util.Date(): null

29-01-2025T02:37:07 - [TEST_STEP][PASSED] - todaysDate = date.format("dd.MM.yyyy"): null

29-01-2025T02:37:07 - [TEST_STEP][PASSED] - blockNum = <not implemented yet for class: org.codehaus.groovy.ast.expr.EmptyExpression>: null

29-01-2025T02:37:07 - [TEST_STEP][PASSED] - path = <not implemented yet for class: org.codehaus.groovy.ast.expr.EmptyExpression>: null

29-01-2025T02:37:07 - [TEST_STEP][PASSED] - typeOfData = <not implemented yet for class: org.codehaus.groovy.ast.expr.EmptyExpression>: null

29-01-2025T02:37:07 - [TEST_STEP][PASSED] - i = <not implemented yet for class: org.codehaus.groovy.ast.expr.EmptyExpression>: null

29-01-2025T02:37:07 - [TEST_STEP][PASSED] - dZO = <not implemented yet for class: org.codehaus.groovy.ast.expr.EmptyExpression>: null

29-01-2025T02:37:07 - [TEST_STEP][PASSED] - vidget = <not implemented yet for class: org.codehaus.groovy.ast.expr.EmptyExpression>: null

29-01-2025T02:37:07 - [TEST_STEP][PASSED] - tabR = <not implemented yet for class: org.codehaus.groovy.ast.expr.EmptyExpression>: null

29-01-2025T02:37:07 - [TEST_STEP][PASSED] - tabB = <not implemented yet for class: org.codehaus.groovy.ast.expr.EmptyExpression>: null

29-01-2025T02:37:07 - [TEST_STEP][PASSED] - o1R = <not implemented yet for class: org.codehaus.groovy.ast.expr.EmptyExpression>: null

29-01-2025T02:37:07 - [TEST_STEP][PASSED] - o1B = <not implemented yet for class: org.codehaus.groovy.ast.expr.EmptyExpression>: null

29-01-2025T02:37:07 - [TEST_STEP][PASSED] - PercPlanR = <not implemented yet for class: org.codehaus.groovy.ast.expr.EmptyExpression>: null

29-01-2025T02:37:07 - [TEST_STEP][PASSED] - PercPlanB = <not implemented yet for class: org.codehaus.groovy.ast.expr.EmptyExpression>: null

29-01-2025T02:37:07 - [TEST_STEP][PASSED] - PercFactR = <not implemented yet for class: org.codehaus.groovy.ast.expr.EmptyExpression>: null

29-01-2025T02:37:07 - [TEST_STEP][PASSED] - PercFactB = <not implemented yet for class: org.codehaus.groovy.ast.expr.EmptyExpression>: null

29-01-2025T02:37:07 - [TEST_STEP][PASSED] - pRR = "ПАО Россети/": null

29-01-2025T02:37:07 - [TEST_STEP][PASSED] - fR = "Россети ФСК ЕЭС/": null

29-01-2025T02:37:07 - [TEST_STEP][PASSED] - tyR = "АО "Тываэнерго"/": null

29-01-2025T02:37:07 - [TEST_STEP][PASSED] - chR = "Чеченэнерго": null

29-01-2025T02:37:07 - [TEST_STEP][PASSED] - vR = "Россети Волга/": null

29-01-2025T02:37:07 - [TEST_STEP][PASSED] - kR = "Россети Кубань/": null

29-01-2025T02:37:07 - [TEST_STEP][PASSED] - lR = "Россети Ленэнерго (ГК)/": null

29-01-2025T02:37:07 - [TEST_STEP][PASSED] - mR = "Россети Московский регион/": null

29-01-2025T02:37:07 - [TEST_STEP][PASSED] - sKR = "Россети Северный Кавказ (ГК)/": null

29-01-2025T02:37:07 - [TEST_STEP][PASSED] - sZR = "Россети Северо-Запад/": null

29-01-2025T02:37:07 - [TEST_STEP][PASSED] - siR = "Россети Сибирь (ГК)/": null

29-01-2025T02:37:07 - [TEST_STEP][PASSED] - tomR = "Россети Томск/": null

29-01-2025T02:37:07 - [TEST_STEP][PASSED] - tyumR = "Россети Тюмень/": null

29-01-2025T02:37:07 - [TEST_STEP][PASSED] - urR = "Россети Урал (ГК)/": null

29-01-2025T02:37:07 - [TEST_STEP][PASSED] - cenR = "Россети Центр (ГК)/": null

29-01-2025T02:37:07 - [TEST_STEP][PASSED] - cIPR = "Россети Центр и Приволжье (ГК)/": null

29-01-2025T02:37:07 - [TEST_STEP][PASSED] - ugR = "Россети Юг (ГК)/": null

29-01-2025T02:37:07 - [TEST_STEP][PASSED] - yR = "Россети Янтарь/": null

29-01-2025T02:37:07 - [TEST_STEP][PASSED] - pRB = "ПАО Россети/": null

29-01-2025T02:37:07 - [TEST_STEP][PASSED] - fB = "Россети ФСК ЕЭС/": null

29-01-2025T02:37:07 - [TEST_STEP][PASSED] - tyB = "АО "Тываэнерго"/": null

29-01-2025T02:37:07 - [TEST_STEP][PASSED] - chB = "Чеченэнерго": null

29-01-2025T02:37:07 - [TEST_STEP][PASSED] - vB = "Россети Волга/": null

29-01-2025T02:37:07 - [TEST_STEP][PASSED] - kB = "Россети Кубань/": null

29-01-2025T02:37:07 - [TEST_STEP][PASSED] - lB = "Россети Ленэнерго (ГК)/": null

29-01-2025T02:37:07 - [TEST_STEP][PASSED] - mB = "Россети Московский регион/": null

29-01-2025T02:37:07 - [TEST_STEP][PASSED] - sKB = "Россети Северный Кавказ (ГК)/": null

29-01-2025T02:37:07 - [TEST_STEP][PASSED] - sZB = "Россети Северо-Запад/": null

29-01-2025T02:37:07 - [TEST_STEP][PASSED] - siB = "Россети Сибирь (ГК)/": null

29-01-2025T02:37:07 - [TEST_STEP][PASSED] - tomB = "Россети Томск/": null

29-01-2025T02:37:07 - [TEST_STEP][PASSED] - tyumB = "Россети Тюмень/": null

29-01-2025T02:37:07 - [TEST_STEP][PASSED] - urB = "Россети Урал (ГК)/": null

29-01-2025T02:37:07 - [TEST_STEP][PASSED] - cenB = "Россети Центр (ГК)/": null

29-01-2025T02:37:07 - [TEST_STEP][PASSED] - cIPB = "Россети Центр и Приволжье (ГК)/": null

29-01-2025T02:37:07 - [TEST_STEP][PASSED] - ugB = "Россети Юг (ГК)/": null

29-01-2025T02:37:07 - [TEST_STEP][PASSED] - yB = "Россети Янтарь/": null

29-01-2025T02:37:07 - [TEST_STEP][PASSED] - VseDZO = <not implemented yet for class: org.codehaus.groovy.ast.expr.EmptyExpression>: null

29-01-2025T02:37:07 - [TEST_STEP][PASSED] - a = <not implemented yet for class: org.codehaus.groovy.ast.expr.EmptyExpression>: null

29-01-2025T02:37:07 - [TEST_STEP][PASSED] - b = <not implemented yet for class: org.codehaus.groovy.ast.expr.EmptyExpression>: null

29-01-2025T02:37:07 - [TEST_STEP][PASSED] - dZONum = 0: null

29-01-2025T02:37:07 - [TEST_STEP][PASSED] - x = <not implemented yet for class: org.codehaus.groovy.ast.expr.EmptyExpression>: null

29-01-2025T02:37:07 - [TEST_STEP][PASSED] - blockNum = 1: null

29-01-2025T02:37:07 - [TEST_STEP][PASSED] - path = "Object Repository/Выполнение бизнес-плана/": null

29-01-2025T02:37:07 - [TEST_STEP][PASSED] - Script1719299571342.Presettings(blockNum, path): null

29-01-2025T02:37:07 - [TEST_STEP][PASSED] - blockNumber = <not implemented yet for class: org.codehaus.groovy.ast.expr.EmptyExpression>: null

29-01-2025T02:37:07 - [TEST_STEP][PASSED] - urlText = <not implemented yet for class: org.codehaus.groovy.ast.expr.EmptyExpression>: null

29-01-2025T02:37:07 - [TEST_STEP][PASSED] - searchWord = <not implemented yet for class: org.codehaus.groovy.ast.expr.EmptyExpression>: null

29-01-2025T02:37:07 - [TEST_STEP][PASSED] - i = <not implemented yet for class: org.codehaus.groovy.ast.expr.EmptyExpression>: null

29-01-2025T02:37:07 - [TEST_STEP][PASSED] - ii = <not implemented yet for class: org.codehaus.groovy.ast.expr.EmptyExpression>: null

29-01-2025T02:37:07 - [TEST_STEP][PASSED] - openBrowser(""): Browser is opened with url: ''

29-01-2025T02:37:08 - [MESSAGE][INFO] - Starting 'Chrome' driver

29-01-2025T02:37:08 - [MESSAGE][INFO] - Action delay is set to 0 milliseconds

29-01-2025T02:37:09 - [MESSAGE][PASSED] - Browser is opened with url: ''

29-01-2025T02:37:09 - [TEST_STEP][PASSED] - if (blockNum == 1): null

29-01-2025T02:37:09 - [TEST_STEP][PASSED] - path = "Object Repository/Выполнение бизнес-плана/": null

29-01-2025T02:37:09 - [TEST_STEP][PASSED] - blockNumber = 1: null

29-01-2025T02:37:09 - [TEST_STEP][PASSED] - navigateToUrl(findTestData("PlanFact").getValue(10, blockNumber)): Navigate to 'https://bi.rosseti.digital/viewer?dashboardGuid=d154a8eaf6824e2b9de1bb04dd061c18&sheetGuid=1305e8ce744049e1abdacea1ea397a26&fit=true' successfully

29-01-2025T02:37:14 - [MESSAGE][PASSED] - Navigate to 'https://bi.rosseti.digital/viewer?dashboardGuid=d154a8eaf6824e2b9de1bb04dd061c18&sheetGuid=1305e8ce744049e1abdacea1ea397a26&fit=true' successfully

29-01-2025T02:37:14 - [TEST_STEP][PASSED] - urlText = getText(findTestObject("Страница авторизации/Text")): Text of object 'Object Repository/Страница авторизации/Text' is: 'Вход'

29-01-2025T02:37:16 - [MESSAGE][PASSED] - Text of object 'Object Repository/Страница авторизации/Text' is: 'Вход'

29-01-2025T02:37:16 - [TEST_STEP][PASSED] - delay(10): Delayed 10 second(s)

29-01-2025T02:37:26 - [MESSAGE][PASSED] - Delayed 10 second(s)

29-01-2025T02:37:26 - [TEST_STEP][PASSED] - searchWord = "Вход": null

29-01-2025T02:37:26 - [TEST_STEP][PASSED] - if (urlText.contains(searchWord) == false): null

29-01-2025T02:37:26 - [TEST_STEP][PASSED] - setText(findTestObject("Страница авторизации/input__username"), findTestData("PlanFact").getValue(8, 1)): Text 'liazgina-di' is set on object 'Object Repository/Страница авторизации/input__username'

29-01-2025T02:37:27 - [MESSAGE][PASSED] - Text 'liazgina-di' is set on object 'Object Repository/Страница авторизации/input__username'

29-01-2025T02:37:27 - [TEST_STEP][PASSED] - setText(findTestObject("Страница авторизации/input__password"), findTestData("PlanFact").getValue(9, 1)): Text ')$%5srZ8o688Dm#q' is set on object 'Object Repository/Страница авторизации/input__password'

29-01-2025T02:37:27 - [MESSAGE][PASSED] - Text ')$%5srZ8o688Dm#q' is set on object 'Object Repository/Страница авторизации/input__password'

29-01-2025T02:37:27 - [TEST_STEP][PASSED] - click(findTestObject("Страница авторизации/button_")): Object: 'Object Repository/Страница авторизации/button_' is clicked on

29-01-2025T02:37:28 - [MESSAGE][PASSED] - Object: 'Object Repository/Страница авторизации/button_' is clicked on

29-01-2025T02:37:28 - [TEST_STEP][PASSED] - delay(50): Delayed 50 second(s)

29-01-2025T02:38:18 - [MESSAGE][PASSED] - Delayed 50 second(s)

29-01-2025T02:38:18 - [TEST_STEP][PASSED] - searchWord = "ДЗО": null

29-01-2025T02:38:18 - [TEST_STEP][PASSED] - urlText = getText(findTestObject("Страница авторизации/Text")): Text of object 'Object Repository/Страница авторизации/Text' is: 'ДЗО 
ПАО Россети
Период
2024 год
Отклонения фактического уровня потерь от бизнес-плана, п.п.
-0.21
-80.57
-0.44
-0.64
-0.02
0.20
-0.33
-92.64
-0.02
0.20
-0.17
0.40
0.77
-0.49
-0.11
Россети ФСКЕЭС
АО«Тываэнерго»
Россети Волга
Россети Кубань
РоссетиЛенэнерго (ГК)
РоссетиМосковскийрегион
Россети Северо-Запад
Россети Сибирь
Россети Томск
Россети Тюмень
Россети Урал(ГК)
Россети Центр(ГК)
Россети Центри Приволжье(ГК)
Россети Юг(ГК)
Россети Янтарь
0
-102
-85
-68
-51
-34
-17
17

Уровень потерь электроэнергии
Россети ФСКЕЭС
АО«Тываэнерго»
Россети Волга
Россети Кубань
РоссетиЛенэнерго (ГК)
РоссетиМосковскийрегион
Россети Северо-Запад
Россети Сибирь
Россети Томск
Россети Тюмень
Россети Урал(ГК)
Россети Центр(ГК)
Россети Центри Приволжье(ГК)
Россети Юг(ГК)
Россети Янтарь
0
20
40
60
-20
80
3.93
|

5.78
|
9.39
|
10.91
|
7.62
6.08
|

9.01
|
3.08
6.07
|
13.44
9.30
9.21
|
9.32
|
3.72
-0.00
5.33
8.76
10.89
7.82
|
5.75
-0.00
8.99
3.27
|
5.90
13.84
|
10.08
|
8.73
9.21
п.п.
2.36
Итого
0
1
2
3
%
5.48 5.48
7.84 7.84
План
Факт
1
100


Статус данных
Просьба обратить внимание
— данные занесены не полностью
Факт
План
Итого – Факт
Отпуск в сеть 643 171 953
Отпуск из сети 592 758 840
Потери 50 413 112
Итого – План
Отпуск в сеть 972 755 413
Отпуск из сети 919 425 576
Потери 53 329 836
Выполнение бизнес-плана в части показателя «Уровень потерь электроэнергии»
Показатели баланса электроэнергии по ДЗО – Факт 
628 869 369 681 757 3 631 955 58 408 593 25 855 039 34 954 264 104 134 403 20 651 499 33 379 839 53 124 310 5 175 776 52 550 349 78 097 898 61 308 908 55 815 923 28 608 896 4 647 452
606 329 271 506 218 2 312 442 55 259 019 23 591 243 31 148 311 95 987 829 15 078 002 31 460 760 49 049 657 4 710 610 51 105 150 73 469 328 55 069 554 51 792 314 26 108 534 4 219 589
22 540 098 135 949 1 319 513 3 149 574 2 263 796 3 805 953 8 146 574 5 573 496 1 919 079 3 714 964 465 166 1 445 199 4 628 569 6 239 354 4 023 609 2 500 363 427 863
Показатели баланса электроэнергии по ДЗО – План
609 305 966 689 053 3 403 997 56 729 408 24 737 079 33 422 359 98 965 831 19 485 633 33 056 576 55 771 012 5 006 761 55 037 919 75 299 546 59 895 276 54 005 476 27 838 881 4 470 333
586 252 051 494 789 2 272 993 53 425 459 22 413 833 29 775 403 91 420 590 14 949 980 31 046 621 46 966 394 4 555 629 53 612 860 70 721 200 53 517 675 50 017 436 25 273 744 4 053 696
23 053 915 194 264 1 131 004 3 303 949 2 323 246 3 646 956 7 545 241 4 535 653 2 009 955 8 804 618 451 132 1 425 059 4 578 346 6 377 601 3 988 040 2 565 137 416 637'

29-01-2025T02:38:49 - [MESSAGE][PASSED] - Text of object 'Object Repository/Страница авторизации/Text' is: 'ДЗО 
ПАО Россети
Период
2024 год
Отклонения фактического уровня потерь от бизнес-плана, п.п.
-0.21
-80.57
-0.44
-0.64
-0.02
0.20
-0.33
-92.64
-0.02
0.20
-0.17
0.40
0.77
-0.49
-0.11
Россети ФСКЕЭС
АО«Тываэнерго»
Россети Волга
Россети Кубань
РоссетиЛенэнерго (ГК)
РоссетиМосковскийрегион
Россети Северо-Запад
Россети Сибирь
Россети Томск
Россети Тюмень
Россети Урал(ГК)
Россети Центр(ГК)
Россети Центри Приволжье(ГК)
Россети Юг(ГК)
Россети Янтарь
0
-102
-85
-68
-51
-34
-17
17

Уровень потерь электроэнергии
Россети ФСКЕЭС
АО«Тываэнерго»
Россети Волга
Россети Кубань
РоссетиЛенэнерго (ГК)
РоссетиМосковскийрегион
Россети Северо-Запад
Россети Сибирь
Россети Томск
Россети Тюмень
Россети Урал(ГК)
Россети Центр(ГК)
Россети Центри Приволжье(ГК)
Россети Юг(ГК)
Россети Янтарь
0
20
40
60
-20
80
3.93
|

5.78
|
9.39
|
10.91
|
7.62
6.08
|

9.01
|
3.08
6.07
|
13.44
9.30
9.21
|
9.32
|
3.72
-0.00
5.33
8.76
10.89
7.82
|
5.75
-0.00
8.99
3.27
|
5.90
13.84
|
10.08
|
8.73
9.21
п.п.
2.36
Итого
0
1
2
3
%
5.48 5.48
7.84 7.84
План
Факт
1
100


Статус данных
Просьба обратить внимание
— данные занесены не полностью
Факт
План
Итого – Факт
Отпуск в сеть 643 171 953
Отпуск из сети 592 758 840
Потери 50 413 112
Итого – План
Отпуск в сеть 972 755 413
Отпуск из сети 919 425 576
Потери 53 329 836
Выполнение бизнес-плана в части показателя «Уровень потерь электроэнергии»
Показатели баланса электроэнергии по ДЗО – Факт 
628 869 369 681 757 3 631 955 58 408 593 25 855 039 34 954 264 104 134 403 20 651 499 33 379 839 53 124 310 5 175 776 52 550 349 78 097 898 61 308 908 55 815 923 28 608 896 4 647 452
606 329 271 506 218 2 312 442 55 259 019 23 591 243 31 148 311 95 987 829 15 078 002 31 460 760 49 049 657 4 710 610 51 105 150 73 469 328 55 069 554 51 792 314 26 108 534 4 219 589
22 540 098 135 949 1 319 513 3 149 574 2 263 796 3 805 953 8 146 574 5 573 496 1 919 079 3 714 964 465 166 1 445 199 4 628 569 6 239 354 4 023 609 2 500 363 427 863
Показатели баланса электроэнергии по ДЗО – План
609 305 966 689 053 3 403 997 56 729 408 24 737 079 33 422 359 98 965 831 19 485 633 33 056 576 55 771 012 5 006 761 55 037 919 75 299 546 59 895 276 54 005 476 27 838 881 4 470 333
586 252 051 494 789 2 272 993 53 425 459 22 413 833 29 775 403 91 420 590 14 949 980 31 046 621 46 966 394 4 555 629 53 612 860 70 721 200 53 517 675 50 017 436 25 273 744 4 053 696
23 053 915 194 264 1 131 004 3 303 949 2 323 246 3 646 956 7 545 241 4 535 653 2 009 955 8 804 618 451 132 1 425 059 4 578 346 6 377 601 3 988 040 2 565 137 416 637'

29-01-2025T02:38:49 - [TEST_STEP][PASSED] - if (urlText.contains("ошибка") || urlText.contains(searchWord) == false): null

29-01-2025T02:38:49 - [TEST_STEP][PASSED] - Script1719299571342.ZakrytOpoveshenie(): null

29-01-2025T02:38:49 - [TEST_STEP][PASSED] - opoveshenie = getText(findTestObject("Выполнение бизнес-плана/Просьба обратить внимание")): Text of object 'Object Repository/Выполнение бизнес-плана/Просьба обратить внимание' is: 'Просьба обратить внимание'

29-01-2025T02:38:55 - [MESSAGE][PASSED] - Text of object 'Object Repository/Выполнение бизнес-плана/Просьба обратить внимание' is: 'Просьба обратить внимание'

29-01-2025T02:38:55 - [TEST_STEP][PASSED] - if (opoveshenie == "Просьба обратить внимание"): Object: 'Object Repository/Выполнение бизнес-плана/Закрыть оповещение' is clicked on

29-01-2025T02:38:55 - [TEST_STEP][PASSED] - click(findTestObject("Выполнение бизнес-плана/Закрыть оповещение")): Object: 'Object Repository/Выполнение бизнес-плана/Закрыть оповещение' is clicked on

29-01-2025T02:38:55 - [MESSAGE][PASSED] - Object: 'Object Repository/Выполнение бизнес-плана/Закрыть оповещение' is clicked on

29-01-2025T02:38:55 - [TEST_STEP][PASSED] - click(findTestObject(path + "Фильтр Дата")): Object: 'Object Repository/Выполнение бизнес-плана/Фильтр Дата' is clicked on

29-01-2025T02:38:56 - [MESSAGE][PASSED] - Object: 'Object Repository/Выполнение бизнес-плана/Фильтр Дата' is clicked on

29-01-2025T02:38:56 - [TEST_STEP][PASSED] - click(findTestObject(path + "Снять выделение в фильтре Дата")): Object: 'Object Repository/Выполнение бизнес-плана/Снять выделение в фильтре Дата' is clicked on

29-01-2025T02:38:57 - [MESSAGE][PASSED] - Object: 'Object Repository/Выполнение бизнес-плана/Снять выделение в фильтре Дата' is clicked on

29-01-2025T02:38:57 - [TEST_STEP][PASSED] - click(findTestObject(path + "Применить в фильтре Дата")): Object: 'Object Repository/Выполнение бизнес-плана/Применить в фильтре Дата' is clicked on

29-01-2025T02:38:57 - [MESSAGE][PASSED] - Object: 'Object Repository/Выполнение бизнес-плана/Применить в фильтре Дата' is clicked on

29-01-2025T02:38:57 - [TEST_STEP][PASSED] - delay(50): Delayed 50 second(s)

29-01-2025T02:39:47 - [MESSAGE][PASSED] - Delayed 50 second(s)

29-01-2025T02:39:47 - [TEST_STEP][PASSED] - Script1719299571342.ZakrytOpoveshenie(): null

29-01-2025T02:39:47 - [TEST_STEP][PASSED] - opoveshenie = getText(findTestObject("Выполнение бизнес-плана/Просьба обратить внимание")): Text of object 'Object Repository/Выполнение бизнес-плана/Просьба обратить внимание' is: 'Просьба обратить внимание'

29-01-2025T02:39:48 - [MESSAGE][PASSED] - Text of object 'Object Repository/Выполнение бизнес-плана/Просьба обратить внимание' is: 'Просьба обратить внимание'

29-01-2025T02:39:48 - [TEST_STEP][PASSED] - if (opoveshenie == "Просьба обратить внимание"): Object: 'Object Repository/Выполнение бизнес-плана/Закрыть оповещение' is clicked on

29-01-2025T02:39:48 - [TEST_STEP][PASSED] - click(findTestObject("Выполнение бизнес-плана/Закрыть оповещение")): Object: 'Object Repository/Выполнение бизнес-плана/Закрыть оповещение' is clicked on

29-01-2025T02:39:48 - [MESSAGE][PASSED] - Object: 'Object Repository/Выполнение бизнес-плана/Закрыть оповещение' is clicked on

29-01-2025T02:39:48 - [TEST_STEP][PASSED] - click(findTestObject(path + "Фильтр Дата")): Object: 'Object Repository/Выполнение бизнес-плана/Фильтр Дата' is clicked on

29-01-2025T02:39:49 - [MESSAGE][PASSED] - Object: 'Object Repository/Выполнение бизнес-плана/Фильтр Дата' is clicked on

29-01-2025T02:39:49 - [TEST_STEP][PASSED] - scrollToElement(findTestObject(path + "2024 список"), 30): Scroll to object 'Object Repository/Выполнение бизнес-плана/2024 список' successfully

29-01-2025T02:39:49 - [MESSAGE][PASSED] - Scroll to object 'Object Repository/Выполнение бизнес-плана/2024 список' successfully

29-01-2025T02:39:49 - [TEST_STEP][PASSED] - click(findTestObject(path + "2024 год")): Object: 'Object Repository/Выполнение бизнес-плана/2024 год' is clicked on

29-01-2025T02:39:50 - [MESSAGE][PASSED] - Object: 'Object Repository/Выполнение бизнес-плана/2024 год' is clicked on

29-01-2025T02:39:50 - [TEST_STEP][PASSED] - scrollToElement(findTestObject(path + "Заголовок дашборда"), 30): Scroll to object 'Object Repository/Выполнение бизнес-плана/Заголовок дашборда' successfully

29-01-2025T02:39:50 - [MESSAGE][PASSED] - Scroll to object 'Object Repository/Выполнение бизнес-плана/Заголовок дашборда' successfully

29-01-2025T02:39:50 - [TEST_STEP][PASSED] - click(findTestObject(path + "Применить в фильтре Дата")): Object: 'Object Repository/Выполнение бизнес-плана/Применить в фильтре Дата' is clicked on

29-01-2025T02:39:51 - [MESSAGE][PASSED] - Object: 'Object Repository/Выполнение бизнес-плана/Применить в фильтре Дата' is clicked on

29-01-2025T02:39:51 - [TEST_STEP][PASSED] - delay(30): Delayed 30 second(s)

29-01-2025T02:40:21 - [MESSAGE][PASSED] - Delayed 30 second(s)

29-01-2025T02:40:21 - [TEST_STEP][PASSED] - Script1719299571342.ZakrytOpoveshenie(): null

29-01-2025T02:40:21 - [TEST_STEP][PASSED] - opoveshenie = getText(findTestObject("Выполнение бизнес-плана/Просьба обратить внимание")): Text of object 'Object Repository/Выполнение бизнес-плана/Просьба обратить внимание' is: 'Просьба обратить внимание'

29-01-2025T02:40:21 - [MESSAGE][PASSED] - Text of object 'Object Repository/Выполнение бизнес-плана/Просьба обратить внимание' is: 'Просьба обратить внимание'

29-01-2025T02:40:21 - [TEST_STEP][PASSED] - if (opoveshenie == "Просьба обратить внимание"): Object: 'Object Repository/Выполнение бизнес-плана/Закрыть оповещение' is clicked on

29-01-2025T02:40:21 - [TEST_STEP][PASSED] - click(findTestObject("Выполнение бизнес-плана/Закрыть оповещение")): Object: 'Object Repository/Выполнение бизнес-плана/Закрыть оповещение' is clicked on

29-01-2025T02:40:22 - [MESSAGE][PASSED] - Object: 'Object Repository/Выполнение бизнес-плана/Закрыть оповещение' is clicked on

29-01-2025T02:40:22 - [TEST_STEP][PASSED] - click(findTestObject(path + "Фильтр ДЗО")): Object: 'Object Repository/Выполнение бизнес-плана/Фильтр ДЗО' is clicked on

29-01-2025T02:40:22 - [MESSAGE][PASSED] - Object: 'Object Repository/Выполнение бизнес-плана/Фильтр ДЗО' is clicked on

29-01-2025T02:40:22 - [TEST_STEP][PASSED] - click(findTestObject(path + "Снять выделение в фильтре ДЗО")): Object: 'Object Repository/Выполнение бизнес-плана/Снять выделение в фильтре ДЗО' is clicked on

29-01-2025T02:40:23 - [MESSAGE][PASSED] - Object: 'Object Repository/Выполнение бизнес-плана/Снять выделение в фильтре ДЗО' is clicked on

29-01-2025T02:40:23 - [TEST_STEP][PASSED] - click(findTestObject(path + "ПАО Россети")): Object: 'Object Repository/Выполнение бизнес-плана/ПАО Россети' is clicked on

29-01-2025T02:40:23 - [MESSAGE][PASSED] - Object: 'Object Repository/Выполнение бизнес-плана/ПАО Россети' is clicked on

29-01-2025T02:40:23 - [TEST_STEP][PASSED] - click(findTestObject(path + "Применить в фильтре ДЗО")): Object: 'Object Repository/Выполнение бизнес-плана/Применить в фильтре ДЗО' is clicked on

29-01-2025T02:40:24 - [MESSAGE][PASSED] - Object: 'Object Repository/Выполнение бизнес-плана/Применить в фильтре ДЗО' is clicked on

29-01-2025T02:40:24 - [TEST_STEP][PASSED] - delay(30): Delayed 30 second(s)

29-01-2025T02:40:54 - [MESSAGE][PASSED] - Delayed 30 second(s)

29-01-2025T02:40:54 - [TEST_STEP][PASSED] - VseDZO = getText(findTestObject(path + "Список ДЗО")): Text of object 'Object Repository/Выполнение бизнес-плана/Список ДЗО' is: '-0.21
-80.57
-0.44
-0.64
-0.02
0.20
-0.33
-92.64
-0.02
0.20
-0.17
0.40
0.77
-0.49
-0.11
Россети ФСКЕЭС
АО«Тываэнерго»
Россети Волга
Россети Кубань
РоссетиЛенэнерго (ГК)
РоссетиМосковскийрегион
Россети Северо-Запад
Россети Сибирь
Россети Томск
Россети Тюмень
Россети Урал(ГК)
Россети Центр(ГК)
Россети Центри Приволжье(ГК)
Россети Юг(ГК)
Россети Янтарь
0
-102
-85
-68
-51
-34
-17
17'

29-01-2025T02:40:54 - [MESSAGE][PASSED] - Text of object 'Object Repository/Выполнение бизнес-плана/Список ДЗО' is: '-0.21
-80.57
-0.44
-0.64
-0.02
0.20
-0.33
-92.64
-0.02
0.20
-0.17
0.40
0.77
-0.49
-0.11
Россети ФСКЕЭС
АО«Тываэнерго»
Россети Волга
Россети Кубань
РоссетиЛенэнерго (ГК)
РоссетиМосковскийрегион
Россети Северо-Запад
Россети Сибирь
Россети Томск
Россети Тюмень
Россети Урал(ГК)
Россети Центр(ГК)
Россети Центри Приволжье(ГК)
Россети Юг(ГК)
Россети Янтарь
0
-102
-85
-68
-51
-34
-17
17'

29-01-2025T02:40:54 - [TEST_STEP][PASSED] - pRR = GetAllPAOData(path, dZONum, VseDZO, z = "ПАО Россети/"): null

29-01-2025T02:40:54 - [TEST_STEP][PASSED] - path2 = "Значения со страницы Выполнение бизнес-плана/Table Data/": null

29-01-2025T02:40:54 - [TEST_STEP][PASSED] - ii = <not implemented yet for class: org.codehaus.groovy.ast.expr.EmptyExpression>: null

29-01-2025T02:40:54 - [TEST_STEP][PASSED] - i1 = <not implemented yet for class: org.codehaus.groovy.ast.expr.EmptyExpression>: null

29-01-2025T02:40:54 - [TEST_STEP][PASSED] - z = <not implemented yet for class: org.codehaus.groovy.ast.expr.EmptyExpression>: null

29-01-2025T02:40:54 - [TEST_STEP][PASSED] - z1 = <not implemented yet for class: org.codehaus.groovy.ast.expr.EmptyExpression>: null

29-01-2025T02:40:54 - [TEST_STEP][PASSED] - println("path: " + path): null

29-01-2025T02:40:54 - [TEST_STEP][PASSED] - z = getText(findTestObject(path + "Итого")).replaceAll("[\r?
|
]", "/"): Text of object 'Object Repository/Выполнение бизнес-плана/Итого' is: '%
5.48 5.48
7.84 7.84
План
Факт
1
100'

29-01-2025T02:40:55 - [MESSAGE][PASSED] - Text of object 'Object Repository/Выполнение бизнес-плана/Итого' is: '%
5.48 5.48
7.84 7.84
План
Факт
1
100'

29-01-2025T02:40:55 - [TEST_STEP][PASSED] - ii = z.indexOf("%") + 2: null

29-01-2025T02:40:55 - [TEST_STEP][PASSED] - if (ii > -1): null

29-01-2025T02:40:55 - [TEST_STEP][PASSED] - z = z.substring(ii, z.length()): null

29-01-2025T02:40:55 - [TEST_STEP][PASSED] - println(z): null

29-01-2025T02:40:55 - [TEST_STEP][PASSED] - ii = z.indexOf("/1/100") - 1: null

29-01-2025T02:40:55 - [TEST_STEP][PASSED] - if (ii > -1): null

29-01-2025T02:40:55 - [TEST_STEP][PASSED] - z = z.substring(0, ii): null

29-01-2025T02:40:55 - [TEST_STEP][PASSED] - println(z): null

29-01-2025T02:40:55 - [TEST_STEP][PASSED] - ii = z.indexOf("План"): null

29-01-2025T02:40:55 - [TEST_STEP][PASSED] - if (ii > -1): null

29-01-2025T02:40:55 - [TEST_STEP][PASSED] - z = z.substring(0, ii): null

29-01-2025T02:40:55 - [TEST_STEP][PASSED] - println(z): null

29-01-2025T02:40:55 - [TEST_STEP][PASSED] - ii = z.indexOf("/") + 1: null

29-01-2025T02:40:55 - [TEST_STEP][PASSED] - z1 = z.substring(0, ii): null

29-01-2025T02:40:55 - [TEST_STEP][PASSED] - println(z1): null

29-01-2025T02:40:55 - [TEST_STEP][PASSED] - z = z.substring(ii, z.length()): null

29-01-2025T02:40:55 - [TEST_STEP][PASSED] - println(z): null

29-01-2025T02:40:55 - [TEST_STEP][PASSED] - ii = z1.length() / 2: null

29-01-2025T02:40:55 - [TEST_STEP][PASSED] - z1 = replaceAll("[\r?
|
]", "/").trim(): null

29-01-2025T02:40:55 - [TEST_STEP][PASSED] - println(z1): null

29-01-2025T02:40:55 - [TEST_STEP][PASSED] - ii = z.length() / 2: null

29-01-2025T02:40:55 - [TEST_STEP][PASSED] - z = replace("/", "").trim(): null

29-01-2025T02:40:55 - [TEST_STEP][PASSED] - println(z): null

29-01-2025T02:40:55 - [TEST_STEP][PASSED] - x = x + z1 + "/" + z: null

29-01-2025T02:40:55 - [TEST_STEP][PASSED] - println(x): null

29-01-2025T02:40:55 - [TEST_STEP][PASSED] - if (verifyElementPresent(findTestObject(path + "Таблица Итого-Факт"), 30)): null

29-01-2025T02:40:55 - [MESSAGE][PASSED] - Object 'Object Repository/Выполнение бизнес-плана/Таблица Итого-Факт' is present

29-01-2025T02:40:55 - [TEST_STEP][PASSED] - z = replaceAll("\s+", "").replaceAll("[а-яА-Я]", ""): Text of object 'Object Repository/Выполнение бизнес-плана/Таблица Итого-Факт' is: 'Отпуск в сеть 643 171 953
Отпуск из сети 592 758 840
Потери 50 413 112'

29-01-2025T02:40:55 - [MESSAGE][PASSED] - Text of object 'Object Repository/Выполнение бизнес-плана/Таблица Итого-Факт' is: 'Отпуск в сеть 643 171 953
Отпуск из сети 592 758 840
Потери 50 413 112'

29-01-2025T02:40:55 - [TEST_STEP][PASSED] - println(z): null

29-01-2025T02:40:55 - [TEST_STEP][PASSED] - x = x + "/" + z: null

29-01-2025T02:40:55 - [TEST_STEP][PASSED] - println(x): null

29-01-2025T02:40:55 - [TEST_STEP][PASSED] - click(findTestObject(path + "Кнопка План")): Object: 'Object Repository/Выполнение бизнес-плана/Кнопка План' is clicked on

29-01-2025T02:40:56 - [MESSAGE][PASSED] - Object: 'Object Repository/Выполнение бизнес-плана/Кнопка План' is clicked on

29-01-2025T02:40:56 - [TEST_STEP][PASSED] - z = replaceAll("\s+", "").replaceAll("[а-яА-Я]", ""): Text of object 'Object Repository/Выполнение бизнес-плана/Таблица Итого-План' is: 'Отпуск в сеть 972 755 413
Отпуск из сети 919 425 576
Потери 53 329 836'

29-01-2025T02:40:56 - [MESSAGE][PASSED] - Text of object 'Object Repository/Выполнение бизнес-плана/Таблица Итого-План' is: 'Отпуск в сеть 972 755 413
Отпуск из сети 919 425 576
Потери 53 329 836'

29-01-2025T02:40:56 - [TEST_STEP][PASSED] - x = x + "/" + z: null

29-01-2025T02:40:56 - [TEST_STEP][PASSED] - println(x): null

29-01-2025T02:40:56 - [TEST_STEP][PASSED] - click(findTestObject(path + "Кнопка Факт")): Object: 'Object Repository/Выполнение бизнес-плана/Кнопка Факт' is clicked on

29-01-2025T02:40:56 - [MESSAGE][PASSED] - Object: 'Object Repository/Выполнение бизнес-плана/Кнопка Факт' is clicked on

29-01-2025T02:40:56 - [TEST_STEP][PASSED] - return x: null

29-01-2025T02:40:56 - [TEST_STEP][PASSED] - println("pRR: " + pRR): null

29-01-2025T02:40:56 - [TEST_STEP][PASSED] - i = VseDZO.indexOf("ЕЭС"): null

29-01-2025T02:40:56 - [TEST_STEP][PASSED] - if (i > -1): null

29-01-2025T02:40:56 - [TEST_STEP][PASSED] - dZONum = dZONum + 1: null

29-01-2025T02:40:56 - [TEST_STEP][PASSED] - fR = GetAllData(path, dZONum, VseDZO, x = "Россети ФСК ЕЭС/"): null

29-01-2025T02:40:56 - [TEST_STEP][PASSED] - ii = <not implemented yet for class: org.codehaus.groovy.ast.expr.EmptyExpression>: null

29-01-2025T02:40:56 - [TEST_STEP][PASSED] - i1 = <not implemented yet for class: org.codehaus.groovy.ast.expr.EmptyExpression>: null

29-01-2025T02:40:56 - [TEST_STEP][PASSED] - z = <not implemented yet for class: org.codehaus.groovy.ast.expr.EmptyExpression>: null

29-01-2025T02:40:56 - [TEST_STEP][PASSED] - path2 = "Значения со страницы Выполнение бизнес-плана/Table Data/": null

29-01-2025T02:40:56 - [TEST_STEP][PASSED] - println("path: " + path): null

29-01-2025T02:40:56 - [TEST_STEP][PASSED] - println("dZONum: " + dZONum): null

29-01-2025T02:40:56 - [TEST_STEP][PASSED] - z = getText(findTestObject(path + "spanPlan" + dZONum)): Text of object 'Object Repository/Выполнение бизнес-плана/spanPlan1' is: '3.93
|'

29-01-2025T02:40:57 - [MESSAGE][PASSED] - Text of object 'Object Repository/Выполнение бизнес-плана/spanPlan1' is: '3.93
|'

29-01-2025T02:40:57 - [TEST_STEP][PASSED] - println(z): null

29-01-2025T02:40:57 - [TEST_STEP][PASSED] - ii = z.indexOf("|"): null

29-01-2025T02:40:57 - [TEST_STEP][PASSED] - if (ii > -1): null

29-01-2025T02:40:57 - [TEST_STEP][PASSED] - z = z.substring(0, z.length() - 1): null

29-01-2025T02:40:57 - [TEST_STEP][PASSED] - println(z): null

29-01-2025T02:40:57 - [TEST_STEP][PASSED] - z = z.replaceAll("\s+", ""): null

29-01-2025T02:40:57 - [TEST_STEP][PASSED] - z = z.replace("[\r?
|
]", "/"): null

29-01-2025T02:40:57 - [TEST_STEP][PASSED] - println(z): null

29-01-2025T02:40:57 - [TEST_STEP][PASSED] - x = x + z: null

29-01-2025T02:40:57 - [TEST_STEP][PASSED] - z = getText(findTestObject(path + "spanFact" + dZONum)): Text of object 'Object Repository/Выполнение бизнес-плана/spanFact1' is: '3.72'

29-01-2025T02:40:57 - [MESSAGE][PASSED] - Text of object 'Object Repository/Выполнение бизнес-плана/spanFact1' is: '3.72'

29-01-2025T02:40:57 - [TEST_STEP][PASSED] - ii = z.indexOf("|"): null

29-01-2025T02:40:57 - [TEST_STEP][PASSED] - if (ii > -1): null

29-01-2025T02:40:57 - [TEST_STEP][PASSED] - x = x + "/" + z: null

29-01-2025T02:40:57 - [TEST_STEP][PASSED] - z = getText(findTestObject(path + path2 + "Факт Отпуск в сеть за отчётный период " + dZONum)).replaceAll("\s+", ""): Text of object 'Object Repository/Выполнение бизнес-плана/Значения со страницы Выполнение бизнес-плана/Table Data/Факт Отпуск в сеть за отчётный период 1' is: '628 869 369'

29-01-2025T02:40:57 - [MESSAGE][PASSED] - Text of object 'Object Repository/Выполнение бизнес-плана/Значения со страницы Выполнение бизнес-плана/Table Data/Факт Отпуск в сеть за отчётный период 1' is: '628 869 369'

29-01-2025T02:40:57 - [TEST_STEP][PASSED] - println("z=" + z): null

29-01-2025T02:40:57 - [TEST_STEP][PASSED] - x = x + "/" + z: null

29-01-2025T02:40:57 - [TEST_STEP][PASSED] - z = getText(findTestObject(path + path2 + "Факт Отпуск из сети за отчётный период " + dZONum)).replaceAll("\s+", ""): Text of object 'Object Repository/Выполнение бизнес-плана/Значения со страницы Выполнение бизнес-плана/Table Data/Факт Отпуск из сети за отчётный период 1' is: '606 329 271'

29-01-2025T02:40:58 - [MESSAGE][PASSED] - Text of object 'Object Repository/Выполнение бизнес-плана/Значения со страницы Выполнение бизнес-плана/Table Data/Факт Отпуск из сети за отчётный период 1' is: '606 329 271'

29-01-2025T02:40:58 - [TEST_STEP][PASSED] - x = x + "/" + z: null

29-01-2025T02:40:58 - [TEST_STEP][PASSED] - z = getText(findTestObject(path + path2 + "Факт Потери за отчётный период " + dZONum)).replaceAll("\s+", ""): Text of object 'Object Repository/Выполнение бизнес-плана/Значения со страницы Выполнение бизнес-плана/Table Data/Факт Потери за отчётный период 1' is: '22 540 098'

29-01-2025T02:40:58 - [MESSAGE][PASSED] - Text of object 'Object Repository/Выполнение бизнес-плана/Значения со страницы Выполнение бизнес-плана/Table Data/Факт Потери за отчётный период 1' is: '22 540 098'

29-01-2025T02:40:58 - [TEST_STEP][PASSED] - x = x + "/" + z: null

29-01-2025T02:40:58 - [TEST_STEP][PASSED] - z = getText(findTestObject(path + path2 + "План Отпуск в сеть за отчётный период " + dZONum)).replaceAll("\s+", ""): Text of object 'Object Repository/Выполнение бизнес-плана/Значения со страницы Выполнение бизнес-плана/Table Data/План Отпуск в сеть за отчётный период 1' is: '609 305 966'

29-01-2025T02:40:58 - [MESSAGE][PASSED] - Text of object 'Object Repository/Выполнение бизнес-плана/Значения со страницы Выполнение бизнес-плана/Table Data/План Отпуск в сеть за отчётный период 1' is: '609 305 966'

29-01-2025T02:40:58 - [TEST_STEP][PASSED] - x = x + "/" + z: null

29-01-2025T02:40:58 - [TEST_STEP][PASSED] - z = getText(findTestObject(path + path2 + "План Отпуск из сети за отчётный период " + dZONum)).replaceAll("\s+", ""): Text of object 'Object Repository/Выполнение бизнес-плана/Значения со страницы Выполнение бизнес-плана/Table Data/План Отпуск из сети за отчётный период 1' is: '586 252 051'

29-01-2025T02:40:58 - [MESSAGE][PASSED] - Text of object 'Object Repository/Выполнение бизнес-плана/Значения со страницы Выполнение бизнес-плана/Table Data/План Отпуск из сети за отчётный период 1' is: '586 252 051'

29-01-2025T02:40:58 - [TEST_STEP][PASSED] - x = x + "/" + z: null

29-01-2025T02:40:58 - [TEST_STEP][PASSED] - z = getText(findTestObject(path + path2 + "План Потери за отчётный период " + dZONum)).replaceAll("\s+", ""): Text of object 'Object Repository/Выполнение бизнес-плана/Значения со страницы Выполнение бизнес-плана/Table Data/План Потери за отчётный период 1' is: '23 053 915'

29-01-2025T02:40:59 - [MESSAGE][PASSED] - Text of object 'Object Repository/Выполнение бизнес-плана/Значения со страницы Выполнение бизнес-плана/Table Data/План Потери за отчётный период 1' is: '23 053 915'

29-01-2025T02:40:59 - [TEST_STEP][PASSED] - x = x + "/" + z: null

29-01-2025T02:40:59 - [TEST_STEP][PASSED] - z = getText(findTestObject(path + "Список ДЗО")).replaceAll("[\r?
|
]", "/"): Text of object 'Object Repository/Выполнение бизнес-плана/Список ДЗО' is: '-0.21
-80.57
-0.44
-0.64
-0.02
0.20
-0.33
-92.64
-0.02
0.20
-0.17
0.40
0.77
-0.49
-0.11
Россети ФСКЕЭС
АО«Тываэнерго»
Россети Волга
Россети Кубань
РоссетиЛенэнерго (ГК)
РоссетиМосковскийрегион
Россети Северо-Запад
Россети Сибирь
Россети Томск
Россети Тюмень
Россети Урал(ГК)
Россети Центр(ГК)
Россети Центри Приволжье(ГК)
Россети Юг(ГК)
Россети Янтарь
0
-102
-85
-68
-51
-34
-17
17'

29-01-2025T02:40:59 - [MESSAGE][PASSED] - Text of object 'Object Repository/Выполнение бизнес-плана/Список ДЗО' is: '-0.21
-80.57
-0.44
-0.64
-0.02
0.20
-0.33
-92.64
-0.02
0.20
-0.17
0.40
0.77
-0.49
-0.11
Россети ФСКЕЭС
АО«Тываэнерго»
Россети Волга
Россети Кубань
РоссетиЛенэнерго (ГК)
РоссетиМосковскийрегион
Россети Северо-Запад
Россети Сибирь
Россети Томск
Россети Тюмень
Россети Урал(ГК)
Россети Центр(ГК)
Россети Центри Приволжье(ГК)
Россети Юг(ГК)
Россети Янтарь
0
-102
-85
-68
-51
-34
-17
17'

29-01-2025T02:40:59 - [TEST_STEP][PASSED] - for ([ii = 1, ii < dZONum, (ii++)]): null

29-01-2025T02:40:59 - [TEST_STEP][PASSED] - i1 = z.indexOf("/"): null

29-01-2025T02:40:59 - [TEST_STEP][PASSED] - if (i1 > -1): null

29-01-2025T02:40:59 - [TEST_STEP][PASSED] - z = z.substring(0, i1): null

29-01-2025T02:40:59 - [TEST_STEP][PASSED] - z = z.replace(",", "."): null

29-01-2025T02:40:59 - [TEST_STEP][PASSED] - println(z): null

29-01-2025T02:40:59 - [TEST_STEP][PASSED] - x = x + "/" + z: null

29-01-2025T02:40:59 - [TEST_STEP][PASSED] - x = x.replaceAll("[\r?
|
]", ""): null

29-01-2025T02:40:59 - [TEST_STEP][PASSED] - println("x =" + x): null

29-01-2025T02:40:59 - [TEST_STEP][PASSED] - return x: null

29-01-2025T02:40:59 - [TEST_STEP][PASSED] - println("fR: " + fR): null

29-01-2025T02:40:59 - [TEST_STEP][PASSED] - i = VseDZO.indexOf("Тываэнерго"): null

29-01-2025T02:40:59 - [TEST_STEP][PASSED] - if (i > -1): null

29-01-2025T02:40:59 - [TEST_STEP][PASSED] - dZONum = dZONum + 1: null

29-01-2025T02:40:59 - [TEST_STEP][PASSED] - tyR = GetAllData(path, dZONum, VseDZO, x = "АО "Тываэнерго"/"): null

29-01-2025T02:40:59 - [TEST_STEP][PASSED] - ii = <not implemented yet for class: org.codehaus.groovy.ast.expr.EmptyExpression>: null

29-01-2025T02:40:59 - [TEST_STEP][PASSED] - i1 = <not implemented yet for class: org.codehaus.groovy.ast.expr.EmptyExpression>: null

29-01-2025T02:40:59 - [TEST_STEP][PASSED] - z = <not implemented yet for class: org.codehaus.groovy.ast.expr.EmptyExpression>: null

29-01-2025T02:40:59 - [TEST_STEP][PASSED] - path2 = "Значения со страницы Выполнение бизнес-плана/Table Data/": null

29-01-2025T02:40:59 - [TEST_STEP][PASSED] - println("path: " + path): null

29-01-2025T02:40:59 - [TEST_STEP][PASSED] - println("dZONum: " + dZONum): null

29-01-2025T02:40:59 - [TEST_STEP][PASSED] - z = getText(findTestObject(path + "spanPlan" + dZONum)): Text of object 'Object Repository/Выполнение бизнес-плана/spanPlan2' is: ''

29-01-2025T02:40:59 - [MESSAGE][PASSED] - Text of object 'Object Repository/Выполнение бизнес-плана/spanPlan2' is: ''

29-01-2025T02:40:59 - [TEST_STEP][PASSED] - println(z): null

29-01-2025T02:40:59 - [TEST_STEP][PASSED] - ii = z.indexOf("|"): null

29-01-2025T02:40:59 - [TEST_STEP][PASSED] - if (ii > -1): null

29-01-2025T02:40:59 - [TEST_STEP][PASSED] - z = z.replaceAll("\s+", ""): null

29-01-2025T02:40:59 - [TEST_STEP][PASSED] - z = z.replace("[\r?
|
]", "/"): null

29-01-2025T02:40:59 - [TEST_STEP][PASSED] - println(z): null

29-01-2025T02:40:59 - [TEST_STEP][PASSED] - x = x + z: null

29-01-2025T02:40:59 - [TEST_STEP][PASSED] - z = getText(findTestObject(path + "spanFact" + dZONum)): Text of object 'Object Repository/Выполнение бизнес-плана/spanFact2' is: '-0.00'

29-01-2025T02:41:00 - [MESSAGE][PASSED] - Text of object 'Object Repository/Выполнение бизнес-плана/spanFact2' is: '-0.00'

29-01-2025T02:41:00 - [TEST_STEP][PASSED] - ii = z.indexOf("|"): null

29-01-2025T02:41:00 - [TEST_STEP][PASSED] - if (ii > -1): null

29-01-2025T02:41:00 - [TEST_STEP][PASSED] - x = x + "/" + z: null

29-01-2025T02:41:00 - [TEST_STEP][PASSED] - z = getText(findTestObject(path + path2 + "Факт Отпуск в сеть за отчётный период " + dZONum)).replaceAll("\s+", ""): Text of object 'Object Repository/Выполнение бизнес-плана/Значения со страницы Выполнение бизнес-плана/Table Data/Факт Отпуск в сеть за отчётный период 2' is: '681 757'

29-01-2025T02:41:00 - [MESSAGE][PASSED] - Text of object 'Object Repository/Выполнение бизнес-плана/Значения со страницы Выполнение бизнес-плана/Table Data/Факт Отпуск в сеть за отчётный период 2' is: '681 757'

29-01-2025T02:41:00 - [TEST_STEP][PASSED] - println("z=" + z): null

29-01-2025T02:41:00 - [TEST_STEP][PASSED] - x = x + "/" + z: null

29-01-2025T02:41:00 - [TEST_STEP][PASSED] - z = getText(findTestObject(path + path2 + "Факт Отпуск из сети за отчётный период " + dZONum)).replaceAll("\s+", ""): Text of object 'Object Repository/Выполнение бизнес-плана/Значения со страницы Выполнение бизнес-плана/Table Data/Факт Отпуск из сети за отчётный период 2' is: '506 218'

29-01-2025T02:41:00 - [MESSAGE][PASSED] - Text of object 'Object Repository/Выполнение бизнес-плана/Значения со страницы Выполнение бизнес-плана/Table Data/Факт Отпуск из сети за отчётный период 2' is: '506 218'

29-01-2025T02:41:00 - [TEST_STEP][PASSED] - x = x + "/" + z: null

29-01-2025T02:41:00 - [TEST_STEP][PASSED] - z = getText(findTestObject(path + path2 + "Факт Потери за отчётный период " + dZONum)).replaceAll("\s+", ""): Text of object 'Object Repository/Выполнение бизнес-плана/Значения со страницы Выполнение бизнес-плана/Table Data/Факт Потери за отчётный период 2' is: '135 949'

29-01-2025T02:41:01 - [MESSAGE][PASSED] - Text of object 'Object Repository/Выполнение бизнес-плана/Значения со страницы Выполнение бизнес-плана/Table Data/Факт Потери за отчётный период 2' is: '135 949'

29-01-2025T02:41:01 - [TEST_STEP][PASSED] - x = x + "/" + z: null

29-01-2025T02:41:01 - [TEST_STEP][PASSED] - z = getText(findTestObject(path + path2 + "План Отпуск в сеть за отчётный период " + dZONum)).replaceAll("\s+", ""): Text of object 'Object Repository/Выполнение бизнес-плана/Значения со страницы Выполнение бизнес-плана/Table Data/План Отпуск в сеть за отчётный период 2' is: '689 053'

29-01-2025T02:41:01 - [MESSAGE][PASSED] - Text of object 'Object Repository/Выполнение бизнес-плана/Значения со страницы Выполнение бизнес-плана/Table Data/План Отпуск в сеть за отчётный период 2' is: '689 053'

29-01-2025T02:41:01 - [TEST_STEP][PASSED] - x = x + "/" + z: null

29-01-2025T02:41:01 - [TEST_STEP][PASSED] - z = getText(findTestObject(path + path2 + "План Отпуск из сети за отчётный период " + dZONum)).replaceAll("\s+", ""): Text of object 'Object Repository/Выполнение бизнес-плана/Значения со страницы Выполнение бизнес-плана/Table Data/План Отпуск из сети за отчётный период 2' is: '494 789'

29-01-2025T02:41:01 - [MESSAGE][PASSED] - Text of object 'Object Repository/Выполнение бизнес-плана/Значения со страницы Выполнение бизнес-плана/Table Data/План Отпуск из сети за отчётный период 2' is: '494 789'

29-01-2025T02:41:01 - [TEST_STEP][PASSED] - x = x + "/" + z: null

29-01-2025T02:41:01 - [TEST_STEP][PASSED] - z = getText(findTestObject(path + path2 + "План Потери за отчётный период " + dZONum)).replaceAll("\s+", ""): Text of object 'Object Repository/Выполнение бизнес-плана/Значения со страницы Выполнение бизнес-плана/Table Data/План Потери за отчётный период 2' is: '194 264'

29-01-2025T02:41:02 - [MESSAGE][PASSED] - Text of object 'Object Repository/Выполнение бизнес-плана/Значения со страницы Выполнение бизнес-плана/Table Data/План Потери за отчётный период 2' is: '194 264'

29-01-2025T02:41:02 - [TEST_STEP][PASSED] - x = x + "/" + z: null

29-01-2025T02:41:02 - [TEST_STEP][PASSED] - z = getText(findTestObject(path + "Список ДЗО")).replaceAll("[\r?
|
]", "/"): Text of object 'Object Repository/Выполнение бизнес-плана/Список ДЗО' is: '-0.21
-80.57
-0.44
-0.64
-0.02
0.20
-0.33
-92.64
-0.02
0.20
-0.17
0.40
0.77
-0.49
-0.11
Россети ФСКЕЭС
АО«Тываэнерго»
Россети Волга
Россети Кубань
РоссетиЛенэнерго (ГК)
РоссетиМосковскийрегион
Россети Северо-Запад
Россети Сибирь
Россети Томск
Россети Тюмень
Россети Урал(ГК)
Россети Центр(ГК)
Россети Центри Приволжье(ГК)
Россети Юг(ГК)
Россети Янтарь
0
-102
-85
-68
-51
-34
-17
17'

29-01-2025T02:41:02 - [MESSAGE][PASSED] - Text of object 'Object Repository/Выполнение бизнес-плана/Список ДЗО' is: '-0.21
-80.57
-0.44
-0.64
-0.02
0.20
-0.33
-92.64
-0.02
0.20
-0.17
0.40
0.77
-0.49
-0.11
Россети ФСКЕЭС
АО«Тываэнерго»
Россети Волга
Россети Кубань
РоссетиЛенэнерго (ГК)
РоссетиМосковскийрегион
Россети Северо-Запад
Россети Сибирь
Россети Томск
Россети Тюмень
Россети Урал(ГК)
Россети Центр(ГК)
Россети Центри Приволжье(ГК)
Россети Юг(ГК)
Россети Янтарь
0
-102
-85
-68
-51
-34
-17
17'

29-01-2025T02:41:02 - [TEST_STEP][PASSED] - for ([ii = 1, ii < dZONum, (ii++)]): null

29-01-2025T02:41:02 - [TEST_STEP][PASSED] - i1 = z.indexOf("/") + 1: null

29-01-2025T02:41:02 - [TEST_STEP][PASSED] - if (i1 > -1): null

29-01-2025T02:41:02 - [TEST_STEP][PASSED] - z = z.substring(i1, z.length()): null

29-01-2025T02:41:02 - [TEST_STEP][PASSED] - i1 = z.indexOf("/"): null

29-01-2025T02:41:02 - [TEST_STEP][PASSED] - i1 = z.indexOf("/"): null

29-01-2025T02:41:02 - [TEST_STEP][PASSED] - if (i1 > -1): null

29-01-2025T02:41:02 - [TEST_STEP][PASSED] - z = z.substring(0, i1): null

29-01-2025T02:41:02 - [TEST_STEP][PASSED] - z = z.replace(",", "."): null

29-01-2025T02:41:02 - [TEST_STEP][PASSED] - println(z): null

29-01-2025T02:41:02 - [TEST_STEP][PASSED] - x = x + "/" + z: null

29-01-2025T02:41:02 - [TEST_STEP][PASSED] - x = x.replaceAll("[\r?
|
]", ""): null

29-01-2025T02:41:02 - [TEST_STEP][PASSED] - println("x =" + x): null

29-01-2025T02:41:02 - [TEST_STEP][PASSED] - return x: null

29-01-2025T02:41:02 - [TEST_STEP][PASSED] - println("tyR: " + tyR): null

29-01-2025T02:41:02 - [TEST_STEP][PASSED] - i = VseDZO.indexOf("Чеченэнерго"): null

29-01-2025T02:41:02 - [TEST_STEP][PASSED] - if (i > -1): null

29-01-2025T02:41:02 - [TEST_STEP][PASSED] - else: null

29-01-2025T02:41:02 - [TEST_STEP][PASSED] - chR = chR + "нет данных/нет данных/нет данных/нет данных/нет данных/нет данных/нет данных/нет данных/нет данных": null

29-01-2025T02:41:02 - [TEST_STEP][PASSED] - println("chR: " + chR): null

29-01-2025T02:41:02 - [TEST_STEP][PASSED] - i = VseDZO.indexOf("Волга"): null

29-01-2025T02:41:02 - [TEST_STEP][PASSED] - if (i > -1): null

29-01-2025T02:41:02 - [TEST_STEP][PASSED] - dZONum = dZONum + 1: null

29-01-2025T02:41:02 - [TEST_STEP][PASSED] - vR = GetAllData(path, dZONum, VseDZO, x = "Россети Волга/"): null

29-01-2025T02:41:02 - [TEST_STEP][PASSED] - ii = <not implemented yet for class: org.codehaus.groovy.ast.expr.EmptyExpression>: null

29-01-2025T02:41:02 - [TEST_STEP][PASSED] - i1 = <not implemented yet for class: org.codehaus.groovy.ast.expr.EmptyExpression>: null

29-01-2025T02:41:02 - [TEST_STEP][PASSED] - z = <not implemented yet for class: org.codehaus.groovy.ast.expr.EmptyExpression>: null

29-01-2025T02:41:02 - [TEST_STEP][PASSED] - path2 = "Значения со страницы Выполнение бизнес-плана/Table Data/": null

29-01-2025T02:41:02 - [TEST_STEP][PASSED] - println("path: " + path): null

29-01-2025T02:41:02 - [TEST_STEP][PASSED] - println("dZONum: " + dZONum): null

29-01-2025T02:41:02 - [TEST_STEP][PASSED] - z = getText(findTestObject(path + "spanPlan" + dZONum)): Text of object 'Object Repository/Выполнение бизнес-плана/spanPlan3' is: '5.78
|'

29-01-2025T02:41:02 - [MESSAGE][PASSED] - Text of object 'Object Repository/Выполнение бизнес-плана/spanPlan3' is: '5.78
|'

29-01-2025T02:41:02 - [TEST_STEP][PASSED] - println(z): null

29-01-2025T02:41:02 - [TEST_STEP][PASSED] - ii = z.indexOf("|"): null

29-01-2025T02:41:02 - [TEST_STEP][PASSED] - if (ii > -1): null

29-01-2025T02:41:02 - [TEST_STEP][PASSED] - z = z.substring(0, z.length() - 1): null

29-01-2025T02:41:02 - [TEST_STEP][PASSED] - println(z): null

29-01-2025T02:41:02 - [TEST_STEP][PASSED] - z = z.replaceAll("\s+", ""): null

29-01-2025T02:41:02 - [TEST_STEP][PASSED] - z = z.replace("[\r?
|
]", "/"): null

29-01-2025T02:41:02 - [TEST_STEP][PASSED] - println(z): null

29-01-2025T02:41:02 - [TEST_STEP][PASSED] - x = x + z: null

29-01-2025T02:41:02 - [TEST_STEP][PASSED] - z = getText(findTestObject(path + "spanFact" + dZONum)): Text of object 'Object Repository/Выполнение бизнес-плана/spanFact3' is: '5.33'

29-01-2025T02:41:03 - [MESSAGE][PASSED] - Text of object 'Object Repository/Выполнение бизнес-плана/spanFact3' is: '5.33'

29-01-2025T02:41:03 - [TEST_STEP][PASSED] - ii = z.indexOf("|"): null

29-01-2025T02:41:03 - [TEST_STEP][PASSED] - if (ii > -1): null

29-01-2025T02:41:03 - [TEST_STEP][PASSED] - x = x + "/" + z: null

29-01-2025T02:41:03 - [TEST_STEP][PASSED] - z = getText(findTestObject(path + path2 + "Факт Отпуск в сеть за отчётный период " + dZONum)).replaceAll("\s+", ""): Text of object 'Object Repository/Выполнение бизнес-плана/Значения со страницы Выполнение бизнес-плана/Table Data/Факт Отпуск в сеть за отчётный период 3' is: '3 631 955'

29-01-2025T02:41:03 - [MESSAGE][PASSED] - Text of object 'Object Repository/Выполнение бизнес-плана/Значения со страницы Выполнение бизнес-плана/Table Data/Факт Отпуск в сеть за отчётный период 3' is: '3 631 955'

29-01-2025T02:41:03 - [TEST_STEP][PASSED] - println("z=" + z): null

29-01-2025T02:41:03 - [TEST_STEP][PASSED] - x = x + "/" + z: null

29-01-2025T02:41:03 - [TEST_STEP][PASSED] - z = getText(findTestObject(path + path2 + "Факт Отпуск из сети за отчётный период " + dZONum)).replaceAll("\s+", ""): Text of object 'Object Repository/Выполнение бизнес-плана/Значения со страницы Выполнение бизнес-плана/Table Data/Факт Отпуск из сети за отчётный период 3' is: '2 312 442'

29-01-2025T02:41:03 - [MESSAGE][PASSED] - Text of object 'Object Repository/Выполнение бизнес-плана/Значения со страницы Выполнение бизнес-плана/Table Data/Факт Отпуск из сети за отчётный период 3' is: '2 312 442'

29-01-2025T02:41:03 - [TEST_STEP][PASSED] - x = x + "/" + z: null

29-01-2025T02:41:03 - [TEST_STEP][PASSED] - z = getText(findTestObject(path + path2 + "Факт Потери за отчётный период " + dZONum)).replaceAll("\s+", ""): Text of object 'Object Repository/Выполнение бизнес-плана/Значения со страницы Выполнение бизнес-плана/Table Data/Факт Потери за отчётный период 3' is: '1 319 513'

29-01-2025T02:41:03 - [MESSAGE][PASSED] - Text of object 'Object Repository/Выполнение бизнес-плана/Значения со страницы Выполнение бизнес-плана/Table Data/Факт Потери за отчётный период 3' is: '1 319 513'

29-01-2025T02:41:03 - [TEST_STEP][PASSED] - x = x + "/" + z: null

29-01-2025T02:41:03 - [TEST_STEP][PASSED] - z = getText(findTestObject(path + path2 + "План Отпуск в сеть за отчётный период " + dZONum)).replaceAll("\s+", ""): Text of object 'Object Repository/Выполнение бизнес-плана/Значения со страницы Выполнение бизнес-плана/Table Data/План Отпуск в сеть за отчётный период 3' is: '3 403 997'

29-01-2025T02:41:04 - [MESSAGE][PASSED] - Text of object 'Object Repository/Выполнение бизнес-плана/Значения со страницы Выполнение бизнес-плана/Table Data/План Отпуск в сеть за отчётный период 3' is: '3 403 997'

29-01-2025T02:41:04 - [TEST_STEP][PASSED] - x = x + "/" + z: null

29-01-2025T02:41:04 - [TEST_STEP][PASSED] - z = getText(findTestObject(path + path2 + "План Отпуск из сети за отчётный период " + dZONum)).replaceAll("\s+", ""): Text of object 'Object Repository/Выполнение бизнес-плана/Значения со страницы Выполнение бизнес-плана/Table Data/План Отпуск из сети за отчётный период 3' is: '2 272 993'

29-01-2025T02:41:04 - [MESSAGE][PASSED] - Text of object 'Object Repository/Выполнение бизнес-плана/Значения со страницы Выполнение бизнес-плана/Table Data/План Отпуск из сети за отчётный период 3' is: '2 272 993'

29-01-2025T02:41:04 - [TEST_STEP][PASSED] - x = x + "/" + z: null

29-01-2025T02:41:04 - [TEST_STEP][PASSED] - z = getText(findTestObject(path + path2 + "План Потери за отчётный период " + dZONum)).replaceAll("\s+", ""): Text of object 'Object Repository/Выполнение бизнес-плана/Значения со страницы Выполнение бизнес-плана/Table Data/План Потери за отчётный период 3' is: '1 131 004'

29-01-2025T02:41:04 - [MESSAGE][PASSED] - Text of object 'Object Repository/Выполнение бизнес-плана/Значения со страницы Выполнение бизнес-плана/Table Data/План Потери за отчётный период 3' is: '1 131 004'

29-01-2025T02:41:04 - [TEST_STEP][PASSED] - x = x + "/" + z: null

29-01-2025T02:41:04 - [TEST_STEP][PASSED] - z = getText(findTestObject(path + "Список ДЗО")).replaceAll("[\r?
|
]", "/"): Text of object 'Object Repository/Выполнение бизнес-плана/Список ДЗО' is: '-0.21
-80.57
-0.44
-0.64
-0.02
0.20
-0.33
-92.64
-0.02
0.20
-0.17
0.40
0.77
-0.49
-0.11
Россети ФСКЕЭС
АО«Тываэнерго»
Россети Волга
Россети Кубань
РоссетиЛенэнерго (ГК)
РоссетиМосковскийрегион
Россети Северо-Запад
Россети Сибирь
Россети Томск
Россети Тюмень
Россети Урал(ГК)
Россети Центр(ГК)
Россети Центри Приволжье(ГК)
Россети Юг(ГК)
Россети Янтарь
0
-102
-85
-68
-51
-34
-17
17'

29-01-2025T02:41:05 - [MESSAGE][PASSED] - Text of object 'Object Repository/Выполнение бизнес-плана/Список ДЗО' is: '-0.21
-80.57
-0.44
-0.64
-0.02
0.20
-0.33
-92.64
-0.02
0.20
-0.17
0.40
0.77
-0.49
-0.11
Россети ФСКЕЭС
АО«Тываэнерго»
Россети Волга
Россети Кубань
РоссетиЛенэнерго (ГК)
РоссетиМосковскийрегион
Россети Северо-Запад
Россети Сибирь
Россети Томск
Россети Тюмень
Россети Урал(ГК)
Россети Центр(ГК)
Россети Центри Приволжье(ГК)
Россети Юг(ГК)
Россети Янтарь
0
-102
-85
-68
-51
-34
-17
17'

29-01-2025T02:41:05 - [TEST_STEP][PASSED] - for ([ii = 1, ii < dZONum, (ii++)]): null

29-01-2025T02:41:05 - [TEST_STEP][PASSED] - i1 = z.indexOf("/") + 1: null

29-01-2025T02:41:05 - [TEST_STEP][PASSED] - if (i1 > -1): null

29-01-2025T02:41:05 - [TEST_STEP][PASSED] - z = z.substring(i1, z.length()): null

29-01-2025T02:41:05 - [TEST_STEP][PASSED] - i1 = z.indexOf("/"): null

29-01-2025T02:41:05 - [TEST_STEP][PASSED] - i1 = z.indexOf("/") + 1: null

29-01-2025T02:41:05 - [TEST_STEP][PASSED] - if (i1 > -1): null

29-01-2025T02:41:05 - [TEST_STEP][PASSED] - z = z.substring(i1, z.length()): null

29-01-2025T02:41:05 - [TEST_STEP][PASSED] - i1 = z.indexOf("/"): null

29-01-2025T02:41:05 - [TEST_STEP][PASSED] - i1 = z.indexOf("/"): null

29-01-2025T02:41:05 - [TEST_STEP][PASSED] - if (i1 > -1): null

29-01-2025T02:41:05 - [TEST_STEP][PASSED] - z = z.substring(0, i1): null

29-01-2025T02:41:05 - [TEST_STEP][PASSED] - z = z.replace(",", "."): null

29-01-2025T02:41:05 - [TEST_STEP][PASSED] - println(z): null

29-01-2025T02:41:05 - [TEST_STEP][PASSED] - x = x + "/" + z: null

29-01-2025T02:41:05 - [TEST_STEP][PASSED] - x = x.replaceAll("[\r?
|
]", ""): null

29-01-2025T02:41:05 - [TEST_STEP][PASSED] - println("x =" + x): null

29-01-2025T02:41:05 - [TEST_STEP][PASSED] - return x: null

29-01-2025T02:41:05 - [TEST_STEP][PASSED] - println("vR: " + vR): null

29-01-2025T02:41:05 - [TEST_STEP][PASSED] - i = VseDZO.indexOf("Кубань"): null

29-01-2025T02:41:05 - [TEST_STEP][PASSED] - if (i > -1): null

29-01-2025T02:41:05 - [TEST_STEP][PASSED] - dZONum = dZONum + 1: null

29-01-2025T02:41:05 - [TEST_STEP][PASSED] - kR = GetAllData(path, dZONum, VseDZO, x = "Россети Кубань/"): null

29-01-2025T02:41:05 - [TEST_STEP][PASSED] - ii = <not implemented yet for class: org.codehaus.groovy.ast.expr.EmptyExpression>: null

29-01-2025T02:41:05 - [TEST_STEP][PASSED] - i1 = <not implemented yet for class: org.codehaus.groovy.ast.expr.EmptyExpression>: null

29-01-2025T02:41:05 - [TEST_STEP][PASSED] - z = <not implemented yet for class: org.codehaus.groovy.ast.expr.EmptyExpression>: null

29-01-2025T02:41:05 - [TEST_STEP][PASSED] - path2 = "Значения со страницы Выполнение бизнес-плана/Table Data/": null

29-01-2025T02:41:05 - [TEST_STEP][PASSED] - println("path: " + path): null

29-01-2025T02:41:05 - [TEST_STEP][PASSED] - println("dZONum: " + dZONum): null

29-01-2025T02:41:05 - [TEST_STEP][PASSED] - z = getText(findTestObject(path + "spanPlan" + dZONum)): Text of object 'Object Repository/Выполнение бизнес-плана/spanPlan4' is: '9.39
|'

29-01-2025T02:41:05 - [MESSAGE][PASSED] - Text of object 'Object Repository/Выполнение бизнес-плана/spanPlan4' is: '9.39
|'

29-01-2025T02:41:05 - [TEST_STEP][PASSED] - println(z): null

29-01-2025T02:41:05 - [TEST_STEP][PASSED] - ii = z.indexOf("|"): null

29-01-2025T02:41:05 - [TEST_STEP][PASSED] - if (ii > -1): null

29-01-2025T02:41:05 - [TEST_STEP][PASSED] - z = z.substring(0, z.length() - 1): null

29-01-2025T02:41:05 - [TEST_STEP][PASSED] - println(z): null

29-01-2025T02:41:05 - [TEST_STEP][PASSED] - z = z.replaceAll("\s+", ""): null

29-01-2025T02:41:05 - [TEST_STEP][PASSED] - z = z.replace("[\r?
|
]", "/"): null

29-01-2025T02:41:05 - [TEST_STEP][PASSED] - println(z): null

29-01-2025T02:41:05 - [TEST_STEP][PASSED] - x = x + z: null

29-01-2025T02:41:05 - [TEST_STEP][PASSED] - z = getText(findTestObject(path + "spanFact" + dZONum)): Text of object 'Object Repository/Выполнение бизнес-плана/spanFact4' is: '8.76'

29-01-2025T02:41:05 - [MESSAGE][PASSED] - Text of object 'Object Repository/Выполнение бизнес-плана/spanFact4' is: '8.76'

29-01-2025T02:41:05 - [TEST_STEP][PASSED] - ii = z.indexOf("|"): null

29-01-2025T02:41:05 - [TEST_STEP][PASSED] - if (ii > -1): null

29-01-2025T02:41:05 - [TEST_STEP][PASSED] - x = x + "/" + z: null

29-01-2025T02:41:05 - [TEST_STEP][PASSED] - z = getText(findTestObject(path + path2 + "Факт Отпуск в сеть за отчётный период " + dZONum)).replaceAll("\s+", ""): Text of object 'Object Repository/Выполнение бизнес-плана/Значения со страницы Выполнение бизнес-плана/Table Data/Факт Отпуск в сеть за отчётный период 4' is: '58 408 593'

29-01-2025T02:41:06 - [MESSAGE][PASSED] - Text of object 'Object Repository/Выполнение бизнес-плана/Значения со страницы Выполнение бизнес-плана/Table Data/Факт Отпуск в сеть за отчётный период 4' is: '58 408 593'

29-01-2025T02:41:06 - [TEST_STEP][PASSED] - println("z=" + z): null

29-01-2025T02:41:06 - [TEST_STEP][PASSED] - x = x + "/" + z: null

29-01-2025T02:41:06 - [TEST_STEP][PASSED] - z = getText(findTestObject(path + path2 + "Факт Отпуск из сети за отчётный период " + dZONum)).replaceAll("\s+", ""): Text of object 'Object Repository/Выполнение бизнес-плана/Значения со страницы Выполнение бизнес-плана/Table Data/Факт Отпуск из сети за отчётный период 4' is: '55 259 019'

29-01-2025T02:41:06 - [MESSAGE][PASSED] - Text of object 'Object Repository/Выполнение бизнес-плана/Значения со страницы Выполнение бизнес-плана/Table Data/Факт Отпуск из сети за отчётный период 4' is: '55 259 019'

29-01-2025T02:41:06 - [TEST_STEP][PASSED] - x = x + "/" + z: null

29-01-2025T02:41:06 - [TEST_STEP][PASSED] - z = getText(findTestObject(path + path2 + "Факт Потери за отчётный период " + dZONum)).replaceAll("\s+", ""): Text of object 'Object Repository/Выполнение бизнес-плана/Значения со страницы Выполнение бизнес-плана/Table Data/Факт Потери за отчётный период 4' is: '3 149 574'

29-01-2025T02:41:06 - [MESSAGE][PASSED] - Text of object 'Object Repository/Выполнение бизнес-плана/Значения со страницы Выполнение бизнес-плана/Table Data/Факт Потери за отчётный период 4' is: '3 149 574'

29-01-2025T02:41:06 - [TEST_STEP][PASSED] - x = x + "/" + z: null

29-01-2025T02:41:06 - [TEST_STEP][PASSED] - z = getText(findTestObject(path + path2 + "План Отпуск в сеть за отчётный период " + dZONum)).replaceAll("\s+", ""): Text of object 'Object Repository/Выполнение бизнес-плана/Значения со страницы Выполнение бизнес-плана/Table Data/План Отпуск в сеть за отчётный период 4' is: '56 729 408'

29-01-2025T02:41:07 - [MESSAGE][PASSED] - Text of object 'Object Repository/Выполнение бизнес-плана/Значения со страницы Выполнение бизнес-плана/Table Data/План Отпуск в сеть за отчётный период 4' is: '56 729 408'

29-01-2025T02:41:07 - [TEST_STEP][PASSED] - x = x + "/" + z: null

29-01-2025T02:41:07 - [TEST_STEP][PASSED] - z = getText(findTestObject(path + path2 + "План Отпуск из сети за отчётный период " + dZONum)).replaceAll("\s+", ""): Text of object 'Object Repository/Выполнение бизнес-плана/Значения со страницы Выполнение бизнес-плана/Table Data/План Отпуск из сети за отчётный период 4' is: '53 425 459'

29-01-2025T02:41:07 - [MESSAGE][PASSED] - Text of object 'Object Repository/Выполнение бизнес-плана/Значения со страницы Выполнение бизнес-плана/Table Data/План Отпуск из сети за отчётный период 4' is: '53 425 459'

29-01-2025T02:41:07 - [TEST_STEP][PASSED] - x = x + "/" + z: null

29-01-2025T02:41:07 - [TEST_STEP][PASSED] - z = getText(findTestObject(path + path2 + "План Потери за отчётный период " + dZONum)).replaceAll("\s+", ""): Text of object 'Object Repository/Выполнение бизнес-плана/Значения со страницы Выполнение бизнес-плана/Table Data/План Потери за отчётный период 4' is: '3 303 949'

29-01-2025T02:41:07 - [MESSAGE][PASSED] - Text of object 'Object Repository/Выполнение бизнес-плана/Значения со страницы Выполнение бизнес-плана/Table Data/План Потери за отчётный период 4' is: '3 303 949'

29-01-2025T02:41:07 - [TEST_STEP][PASSED] - x = x + "/" + z: null

29-01-2025T02:41:07 - [TEST_STEP][PASSED] - z = getText(findTestObject(path + "Список ДЗО")).replaceAll("[\r?
|
]", "/"): Text of object 'Object Repository/Выполнение бизнес-плана/Список ДЗО' is: '-0.21
-80.57
-0.44
-0.64
-0.02
0.20
-0.33
-92.64
-0.02
0.20
-0.17
0.40
0.77
-0.49
-0.11
Россети ФСКЕЭС
АО«Тываэнерго»
Россети Волга
Россети Кубань
РоссетиЛенэнерго (ГК)
РоссетиМосковскийрегион
Россети Северо-Запад
Россети Сибирь
Россети Томск
Россети Тюмень
Россети Урал(ГК)
Россети Центр(ГК)
Россети Центри Приволжье(ГК)
Россети Юг(ГК)
Россети Янтарь
0
-102
-85
-68
-51
-34
-17
17'

29-01-2025T02:41:07 - [MESSAGE][PASSED] - Text of object 'Object Repository/Выполнение бизнес-плана/Список ДЗО' is: '-0.21
-80.57
-0.44
-0.64
-0.02
0.20
-0.33
-92.64
-0.02
0.20
-0.17
0.40
0.77
-0.49
-0.11
Россети ФСКЕЭС
АО«Тываэнерго»
Россети Волга
Россети Кубань
РоссетиЛенэнерго (ГК)
РоссетиМосковскийрегион
Россети Северо-Запад
Россети Сибирь
Россети Томск
Россети Тюмень
Россети Урал(ГК)
Россети Центр(ГК)
Россети Центри Приволжье(ГК)
Россети Юг(ГК)
Россети Янтарь
0
-102
-85
-68
-51
-34
-17
17'

29-01-2025T02:41:07 - [TEST_STEP][PASSED] - for ([ii = 1, ii < dZONum, (ii++)]): null

29-01-2025T02:41:07 - [TEST_STEP][PASSED] - i1 = z.indexOf("/") + 1: null

29-01-2025T02:41:07 - [TEST_STEP][PASSED] - if (i1 > -1): null

29-01-2025T02:41:07 - [TEST_STEP][PASSED] - z = z.substring(i1, z.length()): null

29-01-2025T02:41:07 - [TEST_STEP][PASSED] - i1 = z.indexOf("/"): null

29-01-2025T02:41:07 - [TEST_STEP][PASSED] - i1 = z.indexOf("/") + 1: null

29-01-2025T02:41:07 - [TEST_STEP][PASSED] - if (i1 > -1): null

29-01-2025T02:41:07 - [TEST_STEP][PASSED] - z = z.substring(i1, z.length()): null

29-01-2025T02:41:07 - [TEST_STEP][PASSED] - i1 = z.indexOf("/"): null

29-01-2025T02:41:07 - [TEST_STEP][PASSED] - i1 = z.indexOf("/") + 1: null

29-01-2025T02:41:07 - [TEST_STEP][PASSED] - if (i1 > -1): null

29-01-2025T02:41:07 - [TEST_STEP][PASSED] - z = z.substring(i1, z.length()): null

29-01-2025T02:41:07 - [TEST_STEP][PASSED] - i1 = z.indexOf("/"): null

29-01-2025T02:41:07 - [TEST_STEP][PASSED] - i1 = z.indexOf("/"): null

29-01-2025T02:41:07 - [TEST_STEP][PASSED] - if (i1 > -1): null

29-01-2025T02:41:07 - [TEST_STEP][PASSED] - z = z.substring(0, i1): null

29-01-2025T02:41:07 - [TEST_STEP][PASSED] - z = z.replace(",", "."): null

29-01-2025T02:41:07 - [TEST_STEP][PASSED] - println(z): null

29-01-2025T02:41:07 - [TEST_STEP][PASSED] - x = x + "/" + z: null

29-01-2025T02:41:07 - [TEST_STEP][PASSED] - x = x.replaceAll("[\r?
|
]", ""): null

29-01-2025T02:41:07 - [TEST_STEP][PASSED] - println("x =" + x): null

29-01-2025T02:41:07 - [TEST_STEP][PASSED] - return x: null

29-01-2025T02:41:07 - [TEST_STEP][PASSED] - println("kR: " + kR): null

29-01-2025T02:41:07 - [TEST_STEP][PASSED] - i = VseDZO.indexOf("Ленэнерго"): null

29-01-2025T02:41:07 - [TEST_STEP][PASSED] - if (i > -1): null

29-01-2025T02:41:07 - [TEST_STEP][PASSED] - dZONum = dZONum + 1: null

29-01-2025T02:41:07 - [TEST_STEP][PASSED] - lR = GetAllData(path, dZONum, VseDZO, x = "Россети Ленэнерго (ГК)/"): null

29-01-2025T02:41:07 - [TEST_STEP][PASSED] - ii = <not implemented yet for class: org.codehaus.groovy.ast.expr.EmptyExpression>: null

29-01-2025T02:41:07 - [TEST_STEP][PASSED] - i1 = <not implemented yet for class: org.codehaus.groovy.ast.expr.EmptyExpression>: null

29-01-2025T02:41:07 - [TEST_STEP][PASSED] - z = <not implemented yet for class: org.codehaus.groovy.ast.expr.EmptyExpression>: null

29-01-2025T02:41:07 - [TEST_STEP][PASSED] - path2 = "Значения со страницы Выполнение бизнес-плана/Table Data/": null

29-01-2025T02:41:07 - [TEST_STEP][PASSED] - println("path: " + path): null

29-01-2025T02:41:07 - [TEST_STEP][PASSED] - println("dZONum: " + dZONum): null

29-01-2025T02:41:07 - [TEST_STEP][PASSED] - z = getText(findTestObject(path + "spanPlan" + dZONum)): Text of object 'Object Repository/Выполнение бизнес-плана/spanPlan5' is: '10.91
|'

29-01-2025T02:41:08 - [MESSAGE][PASSED] - Text of object 'Object Repository/Выполнение бизнес-плана/spanPlan5' is: '10.91
|'

29-01-2025T02:41:08 - [TEST_STEP][PASSED] - println(z): null

29-01-2025T02:41:08 - [TEST_STEP][PASSED] - ii = z.indexOf("|"): null

29-01-2025T02:41:08 - [TEST_STEP][PASSED] - if (ii > -1): null

29-01-2025T02:41:08 - [TEST_STEP][PASSED] - z = z.substring(0, z.length() - 1): null

29-01-2025T02:41:08 - [TEST_STEP][PASSED] - println(z): null

29-01-2025T02:41:08 - [TEST_STEP][PASSED] - z = z.replaceAll("\s+", ""): null

29-01-2025T02:41:08 - [TEST_STEP][PASSED] - z = z.replace("[\r?
|
]", "/"): null

29-01-2025T02:41:08 - [TEST_STEP][PASSED] - println(z): null

29-01-2025T02:41:08 - [TEST_STEP][PASSED] - x = x + z: null

29-01-2025T02:41:08 - [TEST_STEP][PASSED] - z = getText(findTestObject(path + "spanFact" + dZONum)): Text of object 'Object Repository/Выполнение бизнес-плана/spanFact5' is: '10.89'

29-01-2025T02:41:08 - [MESSAGE][PASSED] - Text of object 'Object Repository/Выполнение бизнес-плана/spanFact5' is: '10.89'

29-01-2025T02:41:08 - [TEST_STEP][PASSED] - ii = z.indexOf("|"): null

29-01-2025T02:41:08 - [TEST_STEP][PASSED] - if (ii > -1): null

29-01-2025T02:41:08 - [TEST_STEP][PASSED] - x = x + "/" + z: null

29-01-2025T02:41:08 - [TEST_STEP][PASSED] - z = getText(findTestObject(path + path2 + "Факт Отпуск в сеть за отчётный период " + dZONum)).replaceAll("\s+", ""): Text of object 'Object Repository/Выполнение бизнес-плана/Значения со страницы Выполнение бизнес-плана/Table Data/Факт Отпуск в сеть за отчётный период 5' is: '25 855 039'

29-01-2025T02:41:08 - [MESSAGE][PASSED] - Text of object 'Object Repository/Выполнение бизнес-плана/Значения со страницы Выполнение бизнес-плана/Table Data/Факт Отпуск в сеть за отчётный период 5' is: '25 855 039'

29-01-2025T02:41:08 - [TEST_STEP][PASSED] - println("z=" + z): null

29-01-2025T02:41:08 - [TEST_STEP][PASSED] - x = x + "/" + z: null

29-01-2025T02:41:08 - [TEST_STEP][PASSED] - z = getText(findTestObject(path + path2 + "Факт Отпуск из сети за отчётный период " + dZONum)).replaceAll("\s+", ""): Text of object 'Object Repository/Выполнение бизнес-плана/Значения со страницы Выполнение бизнес-плана/Table Data/Факт Отпуск из сети за отчётный период 5' is: '23 591 243'

29-01-2025T02:41:09 - [MESSAGE][PASSED] - Text of object 'Object Repository/Выполнение бизнес-плана/Значения со страницы Выполнение бизнес-плана/Table Data/Факт Отпуск из сети за отчётный период 5' is: '23 591 243'

29-01-2025T02:41:09 - [TEST_STEP][PASSED] - x = x + "/" + z: null

29-01-2025T02:41:09 - [TEST_STEP][PASSED] - z = getText(findTestObject(path + path2 + "Факт Потери за отчётный период " + dZONum)).replaceAll("\s+", ""): Text of object 'Object Repository/Выполнение бизнес-плана/Значения со страницы Выполнение бизнес-плана/Table Data/Факт Потери за отчётный период 5' is: '2 263 796'

29-01-2025T02:41:09 - [MESSAGE][PASSED] - Text of object 'Object Repository/Выполнение бизнес-плана/Значения со страницы Выполнение бизнес-плана/Table Data/Факт Потери за отчётный период 5' is: '2 263 796'

29-01-2025T02:41:09 - [TEST_STEP][PASSED] - x = x + "/" + z: null

29-01-2025T02:41:09 - [TEST_STEP][PASSED] - z = getText(findTestObject(path + path2 + "План Отпуск в сеть за отчётный период " + dZONum)).replaceAll("\s+", ""): Text of object 'Object Repository/Выполнение бизнес-плана/Значения со страницы Выполнение бизнес-плана/Table Data/План Отпуск в сеть за отчётный период 5' is: '24 737 079'

29-01-2025T02:41:09 - [MESSAGE][PASSED] - Text of object 'Object Repository/Выполнение бизнес-плана/Значения со страницы Выполнение бизнес-плана/Table Data/План Отпуск в сеть за отчётный период 5' is: '24 737 079'

29-01-2025T02:41:09 - [TEST_STEP][PASSED] - x = x + "/" + z: null

29-01-2025T02:41:09 - [TEST_STEP][PASSED] - z = getText(findTestObject(path + path2 + "План Отпуск из сети за отчётный период " + dZONum)).replaceAll("\s+", ""): Text of object 'Object Repository/Выполнение бизнес-плана/Значения со страницы Выполнение бизнес-плана/Table Data/План Отпуск из сети за отчётный период 5' is: '22 413 833'

29-01-2025T02:41:10 - [MESSAGE][PASSED] - Text of object 'Object Repository/Выполнение бизнес-плана/Значения со страницы Выполнение бизнес-плана/Table Data/План Отпуск из сети за отчётный период 5' is: '22 413 833'

29-01-2025T02:41:10 - [TEST_STEP][PASSED] - x = x + "/" + z: null

29-01-2025T02:41:10 - [TEST_STEP][PASSED] - z = getText(findTestObject(path + path2 + "План Потери за отчётный период " + dZONum)).replaceAll("\s+", ""): Text of object 'Object Repository/Выполнение бизнес-плана/Значения со страницы Выполнение бизнес-плана/Table Data/План Потери за отчётный период 5' is: '2 323 246'

29-01-2025T02:41:10 - [MESSAGE][PASSED] - Text of object 'Object Repository/Выполнение бизнес-плана/Значения со страницы Выполнение бизнес-плана/Table Data/План Потери за отчётный период 5' is: '2 323 246'

29-01-2025T02:41:10 - [TEST_STEP][PASSED] - x = x + "/" + z: null

29-01-2025T02:41:10 - [TEST_STEP][PASSED] - z = getText(findTestObject(path + "Список ДЗО")).replaceAll("[\r?
|
]", "/"): Text of object 'Object Repository/Выполнение бизнес-плана/Список ДЗО' is: '-0.21
-80.57
-0.44
-0.64
-0.02
0.20
-0.33
-92.64
-0.02
0.20
-0.17
0.40
0.77
-0.49
-0.11
Россети ФСКЕЭС
АО«Тываэнерго»
Россети Волга
Россети Кубань
РоссетиЛенэнерго (ГК)
РоссетиМосковскийрегион
Россети Северо-Запад
Россети Сибирь
Россети Томск
Россети Тюмень
Россети Урал(ГК)
Россети Центр(ГК)
Россети Центри Приволжье(ГК)
Россети Юг(ГК)
Россети Янтарь
0
-102
-85
-68
-51
-34
-17
17'

29-01-2025T02:41:10 - [MESSAGE][PASSED] - Text of object 'Object Repository/Выполнение бизнес-плана/Список ДЗО' is: '-0.21
-80.57
-0.44
-0.64
-0.02
0.20
-0.33
-92.64
-0.02
0.20
-0.17
0.40
0.77
-0.49
-0.11
Россети ФСКЕЭС
АО«Тываэнерго»
Россети Волга
Россети Кубань
РоссетиЛенэнерго (ГК)
РоссетиМосковскийрегион
Россети Северо-Запад
Россети Сибирь
Россети Томск
Россети Тюмень
Россети Урал(ГК)
Россети Центр(ГК)
Россети Центри Приволжье(ГК)
Россети Юг(ГК)
Россети Янтарь
0
-102
-85
-68
-51
-34
-17
17'

29-01-2025T02:41:10 - [TEST_STEP][PASSED] - for ([ii = 1, ii < dZONum, (ii++)]): null

29-01-2025T02:41:10 - [TEST_STEP][PASSED] - i1 = z.indexOf("/") + 1: null

29-01-2025T02:41:10 - [TEST_STEP][PASSED] - if (i1 > -1): null

29-01-2025T02:41:10 - [TEST_STEP][PASSED] - z = z.substring(i1, z.length()): null

29-01-2025T02:41:10 - [TEST_STEP][PASSED] - i1 = z.indexOf("/"): null

29-01-2025T02:41:10 - [TEST_STEP][PASSED] - i1 = z.indexOf("/") + 1: null

29-01-2025T02:41:10 - [TEST_STEP][PASSED] - if (i1 > -1): null

29-01-2025T02:41:10 - [TEST_STEP][PASSED] - z = z.substring(i1, z.length()): null

29-01-2025T02:41:10 - [TEST_STEP][PASSED] - i1 = z.indexOf("/"): null

29-01-2025T02:41:10 - [TEST_STEP][PASSED] - i1 = z.indexOf("/") + 1: null

29-01-2025T02:41:10 - [TEST_STEP][PASSED] - if (i1 > -1): null

29-01-2025T02:41:10 - [TEST_STEP][PASSED] - z = z.substring(i1, z.length()): null

29-01-2025T02:41:10 - [TEST_STEP][PASSED] - i1 = z.indexOf("/"): null

29-01-2025T02:41:10 - [TEST_STEP][PASSED] - i1 = z.indexOf("/") + 1: null

29-01-2025T02:41:10 - [TEST_STEP][PASSED] - if (i1 > -1): null

29-01-2025T02:41:10 - [TEST_STEP][PASSED] - z = z.substring(i1, z.length()): null

29-01-2025T02:41:10 - [TEST_STEP][PASSED] - i1 = z.indexOf("/"): null

29-01-2025T02:41:10 - [TEST_STEP][PASSED] - i1 = z.indexOf("/"): null

29-01-2025T02:41:10 - [TEST_STEP][PASSED] - if (i1 > -1): null

29-01-2025T02:41:10 - [TEST_STEP][PASSED] - z = z.substring(0, i1): null

29-01-2025T02:41:10 - [TEST_STEP][PASSED] - z = z.replace(",", "."): null

29-01-2025T02:41:10 - [TEST_STEP][PASSED] - println(z): null

29-01-2025T02:41:10 - [TEST_STEP][PASSED] - x = x + "/" + z: null

29-01-2025T02:41:10 - [TEST_STEP][PASSED] - x = x.replaceAll("[\r?
|
]", ""): null

29-01-2025T02:41:10 - [TEST_STEP][PASSED] - println("x =" + x): null

29-01-2025T02:41:10 - [TEST_STEP][PASSED] - return x: null

29-01-2025T02:41:10 - [TEST_STEP][PASSED] - println("lR: " + lR): null

29-01-2025T02:41:10 - [TEST_STEP][PASSED] - i = VseDZO.indexOf("Московский"): null

29-01-2025T02:41:10 - [TEST_STEP][PASSED] - if (i > -1): null

29-01-2025T02:41:10 - [TEST_STEP][PASSED] - dZONum = dZONum + 1: null

29-01-2025T02:41:10 - [TEST_STEP][PASSED] - mR = GetAllData(path, dZONum, VseDZO, x = "Россети Московский регион/"): null

29-01-2025T02:41:10 - [TEST_STEP][PASSED] - ii = <not implemented yet for class: org.codehaus.groovy.ast.expr.EmptyExpression>: null

29-01-2025T02:41:10 - [TEST_STEP][PASSED] - i1 = <not implemented yet for class: org.codehaus.groovy.ast.expr.EmptyExpression>: null

29-01-2025T02:41:10 - [TEST_STEP][PASSED] - z = <not implemented yet for class: org.codehaus.groovy.ast.expr.EmptyExpression>: null

29-01-2025T02:41:10 - [TEST_STEP][PASSED] - path2 = "Значения со страницы Выполнение бизнес-плана/Table Data/": null

29-01-2025T02:41:10 - [TEST_STEP][PASSED] - println("path: " + path): null

29-01-2025T02:41:10 - [TEST_STEP][PASSED] - println("dZONum: " + dZONum): null

29-01-2025T02:41:10 - [TEST_STEP][PASSED] - z = getText(findTestObject(path + "spanPlan" + dZONum)): Text of object 'Object Repository/Выполнение бизнес-плана/spanPlan6' is: '7.62'

29-01-2025T02:41:11 - [MESSAGE][PASSED] - Text of object 'Object Repository/Выполнение бизнес-плана/spanPlan6' is: '7.62'

29-01-2025T02:41:11 - [TEST_STEP][PASSED] - println(z): null

29-01-2025T02:41:11 - [TEST_STEP][PASSED] - ii = z.indexOf("|"): null

29-01-2025T02:41:11 - [TEST_STEP][PASSED] - if (ii > -1): null

29-01-2025T02:41:11 - [TEST_STEP][PASSED] - z = z.replaceAll("\s+", ""): null

29-01-2025T02:41:11 - [TEST_STEP][PASSED] - z = z.replace("[\r?
|
]", "/"): null

29-01-2025T02:41:11 - [TEST_STEP][PASSED] - println(z): null

29-01-2025T02:41:11 - [TEST_STEP][PASSED] - x = x + z: null

29-01-2025T02:41:11 - [TEST_STEP][PASSED] - z = getText(findTestObject(path + "spanFact" + dZONum)): Text of object 'Object Repository/Выполнение бизнес-плана/spanFact6' is: '7.82
|'

29-01-2025T02:41:11 - [MESSAGE][PASSED] - Text of object 'Object Repository/Выполнение бизнес-плана/spanFact6' is: '7.82
|'

29-01-2025T02:41:11 - [TEST_STEP][PASSED] - ii = z.indexOf("|"): null

29-01-2025T02:41:11 - [TEST_STEP][PASSED] - if (ii > -1): null

29-01-2025T02:41:11 - [TEST_STEP][PASSED] - z = length() - 1).replace("[\r?
|
]", "/"): null

29-01-2025T02:41:11 - [TEST_STEP][PASSED] - x = x + "/" + z: null

29-01-2025T02:41:11 - [TEST_STEP][PASSED] - z = getText(findTestObject(path + path2 + "Факт Отпуск в сеть за отчётный период " + dZONum)).replaceAll("\s+", ""): Text of object 'Object Repository/Выполнение бизнес-плана/Значения со страницы Выполнение бизнес-плана/Table Data/Факт Отпуск в сеть за отчётный период 6' is: '34 954 264'

29-01-2025T02:41:11 - [MESSAGE][PASSED] - Text of object 'Object Repository/Выполнение бизнес-плана/Значения со страницы Выполнение бизнес-плана/Table Data/Факт Отпуск в сеть за отчётный период 6' is: '34 954 264'

29-01-2025T02:41:11 - [TEST_STEP][PASSED] - println("z=" + z): null

29-01-2025T02:41:11 - [TEST_STEP][PASSED] - x = x + "/" + z: null

29-01-2025T02:41:11 - [TEST_STEP][PASSED] - z = getText(findTestObject(path + path2 + "Факт Отпуск из сети за отчётный период " + dZONum)).replaceAll("\s+", ""): Text of object 'Object Repository/Выполнение бизнес-плана/Значения со страницы Выполнение бизнес-плана/Table Data/Факт Отпуск из сети за отчётный период 6' is: '31 148 311'

29-01-2025T02:41:12 - [MESSAGE][PASSED] - Text of object 'Object Repository/Выполнение бизнес-плана/Значения со страницы Выполнение бизнес-плана/Table Data/Факт Отпуск из сети за отчётный период 6' is: '31 148 311'

29-01-2025T02:41:12 - [TEST_STEP][PASSED] - x = x + "/" + z: null

29-01-2025T02:41:12 - [TEST_STEP][PASSED] - z = getText(findTestObject(path + path2 + "Факт Потери за отчётный период " + dZONum)).replaceAll("\s+", ""): Text of object 'Object Repository/Выполнение бизнес-плана/Значения со страницы Выполнение бизнес-плана/Table Data/Факт Потери за отчётный период 6' is: '3 805 953'

29-01-2025T02:41:12 - [MESSAGE][PASSED] - Text of object 'Object Repository/Выполнение бизнес-плана/Значения со страницы Выполнение бизнес-плана/Table Data/Факт Потери за отчётный период 6' is: '3 805 953'

29-01-2025T02:41:12 - [TEST_STEP][PASSED] - x = x + "/" + z: null

29-01-2025T02:41:12 - [TEST_STEP][PASSED] - z = getText(findTestObject(path + path2 + "План Отпуск в сеть за отчётный период " + dZONum)).replaceAll("\s+", ""): Text of object 'Object Repository/Выполнение бизнес-плана/Значения со страницы Выполнение бизнес-плана/Table Data/План Отпуск в сеть за отчётный период 6' is: '33 422 359'

29-01-2025T02:41:12 - [MESSAGE][PASSED] - Text of object 'Object Repository/Выполнение бизнес-плана/Значения со страницы Выполнение бизнес-плана/Table Data/План Отпуск в сеть за отчётный период 6' is: '33 422 359'

29-01-2025T02:41:12 - [TEST_STEP][PASSED] - x = x + "/" + z: null

29-01-2025T02:41:12 - [TEST_STEP][PASSED] - z = getText(findTestObject(path + path2 + "План Отпуск из сети за отчётный период " + dZONum)).replaceAll("\s+", ""): Text of object 'Object Repository/Выполнение бизнес-плана/Значения со страницы Выполнение бизнес-плана/Table Data/План Отпуск из сети за отчётный период 6' is: '29 775 403'

29-01-2025T02:41:12 - [MESSAGE][PASSED] - Text of object 'Object Repository/Выполнение бизнес-плана/Значения со страницы Выполнение бизнес-плана/Table Data/План Отпуск из сети за отчётный период 6' is: '29 775 403'

29-01-2025T02:41:12 - [TEST_STEP][PASSED] - x = x + "/" + z: null

29-01-2025T02:41:12 - [TEST_STEP][PASSED] - z = getText(findTestObject(path + path2 + "План Потери за отчётный период " + dZONum)).replaceAll("\s+", ""): Text of object 'Object Repository/Выполнение бизнес-плана/Значения со страницы Выполнение бизнес-плана/Table Data/План Потери за отчётный период 6' is: '3 646 956'

29-01-2025T02:41:13 - [MESSAGE][PASSED] - Text of object 'Object Repository/Выполнение бизнес-плана/Значения со страницы Выполнение бизнес-плана/Table Data/План Потери за отчётный период 6' is: '3 646 956'

29-01-2025T02:41:13 - [TEST_STEP][PASSED] - x = x + "/" + z: null

29-01-2025T02:41:13 - [TEST_STEP][PASSED] - z = getText(findTestObject(path + "Список ДЗО")).replaceAll("[\r?
|
]", "/"): Text of object 'Object Repository/Выполнение бизнес-плана/Список ДЗО' is: '-0.21
-80.57
-0.44
-0.64
-0.02
0.20
-0.33
-92.64
-0.02
0.20
-0.17
0.40
0.77
-0.49
-0.11
Россети ФСКЕЭС
АО«Тываэнерго»
Россети Волга
Россети Кубань
РоссетиЛенэнерго (ГК)
РоссетиМосковскийрегион
Россети Северо-Запад
Россети Сибирь
Россети Томск
Россети Тюмень
Россети Урал(ГК)
Россети Центр(ГК)
Россети Центри Приволжье(ГК)
Россети Юг(ГК)
Россети Янтарь
0
-102
-85
-68
-51
-34
-17
17'

29-01-2025T02:41:13 - [MESSAGE][PASSED] - Text of object 'Object Repository/Выполнение бизнес-плана/Список ДЗО' is: '-0.21
-80.57
-0.44
-0.64
-0.02
0.20
-0.33
-92.64
-0.02
0.20
-0.17
0.40
0.77
-0.49
-0.11
Россети ФСКЕЭС
АО«Тываэнерго»
Россети Волга
Россети Кубань
РоссетиЛенэнерго (ГК)
РоссетиМосковскийрегион
Россети Северо-Запад
Россети Сибирь
Россети Томск
Россети Тюмень
Россети Урал(ГК)
Россети Центр(ГК)
Россети Центри Приволжье(ГК)
Россети Юг(ГК)
Россети Янтарь
0
-102
-85
-68
-51
-34
-17
17'

29-01-2025T02:41:13 - [TEST_STEP][PASSED] - for ([ii = 1, ii < dZONum, (ii++)]): null

29-01-2025T02:41:13 - [TEST_STEP][PASSED] - i1 = z.indexOf("/") + 1: null

29-01-2025T02:41:13 - [TEST_STEP][PASSED] - if (i1 > -1): null

29-01-2025T02:41:13 - [TEST_STEP][PASSED] - z = z.substring(i1, z.length()): null

29-01-2025T02:41:13 - [TEST_STEP][PASSED] - i1 = z.indexOf("/"): null

29-01-2025T02:41:13 - [TEST_STEP][PASSED] - i1 = z.indexOf("/") + 1: null

29-01-2025T02:41:13 - [TEST_STEP][PASSED] - if (i1 > -1): null

29-01-2025T02:41:13 - [TEST_STEP][PASSED] - z = z.substring(i1, z.length()): null

29-01-2025T02:41:13 - [TEST_STEP][PASSED] - i1 = z.indexOf("/"): null

29-01-2025T02:41:13 - [TEST_STEP][PASSED] - i1 = z.indexOf("/") + 1: null

29-01-2025T02:41:13 - [TEST_STEP][PASSED] - if (i1 > -1): null

29-01-2025T02:41:13 - [TEST_STEP][PASSED] - z = z.substring(i1, z.length()): null

29-01-2025T02:41:13 - [TEST_STEP][PASSED] - i1 = z.indexOf("/"): null

29-01-2025T02:41:13 - [TEST_STEP][PASSED] - i1 = z.indexOf("/") + 1: null

29-01-2025T02:41:13 - [TEST_STEP][PASSED] - if (i1 > -1): null

29-01-2025T02:41:13 - [TEST_STEP][PASSED] - z = z.substring(i1, z.length()): null

29-01-2025T02:41:13 - [TEST_STEP][PASSED] - i1 = z.indexOf("/"): null

29-01-2025T02:41:13 - [TEST_STEP][PASSED] - i1 = z.indexOf("/") + 1: null

29-01-2025T02:41:13 - [TEST_STEP][PASSED] - if (i1 > -1): null

29-01-2025T02:41:13 - [TEST_STEP][PASSED] - z = z.substring(i1, z.length()): null

29-01-2025T02:41:13 - [TEST_STEP][PASSED] - i1 = z.indexOf("/"): null

29-01-2025T02:41:13 - [TEST_STEP][PASSED] - i1 = z.indexOf("/"): null

29-01-2025T02:41:13 - [TEST_STEP][PASSED] - if (i1 > -1): null

29-01-2025T02:41:13 - [TEST_STEP][PASSED] - z = z.substring(0, i1): null

29-01-2025T02:41:13 - [TEST_STEP][PASSED] - z = z.replace(",", "."): null

29-01-2025T02:41:13 - [TEST_STEP][PASSED] - println(z): null

29-01-2025T02:41:13 - [TEST_STEP][PASSED] - x = x + "/" + z: null

29-01-2025T02:41:13 - [TEST_STEP][PASSED] - x = x.replaceAll("[\r?
|
]", ""): null

29-01-2025T02:41:13 - [TEST_STEP][PASSED] - println("x =" + x): null

29-01-2025T02:41:13 - [TEST_STEP][PASSED] - return x: null

29-01-2025T02:41:13 - [TEST_STEP][PASSED] - println("mR: " + mR): null

29-01-2025T02:41:13 - [TEST_STEP][PASSED] - i = VseDZO.indexOf("Кавказ"): null

29-01-2025T02:41:13 - [TEST_STEP][PASSED] - if (i > -1): null

29-01-2025T02:41:13 - [TEST_STEP][PASSED] - else: null

29-01-2025T02:41:13 - [TEST_STEP][PASSED] - sKR = sKR + "нет данных/нет данных/нет данных/нет данных/нет данных/нет данных/нет данных/нет данных/нет данных": null

29-01-2025T02:41:13 - [TEST_STEP][PASSED] - println("sKR: " + sKR): null

29-01-2025T02:41:13 - [TEST_STEP][PASSED] - i = VseDZO.indexOf("Запад"): null

29-01-2025T02:41:13 - [TEST_STEP][PASSED] - if (i > -1): null

29-01-2025T02:41:13 - [TEST_STEP][PASSED] - dZONum = dZONum + 1: null

29-01-2025T02:41:13 - [TEST_STEP][PASSED] - sZR = GetAllData(path, dZONum, VseDZO, x = "Россети Северо-Запад/"): null

29-01-2025T02:41:13 - [TEST_STEP][PASSED] - ii = <not implemented yet for class: org.codehaus.groovy.ast.expr.EmptyExpression>: null

29-01-2025T02:41:13 - [TEST_STEP][PASSED] - i1 = <not implemented yet for class: org.codehaus.groovy.ast.expr.EmptyExpression>: null

29-01-2025T02:41:13 - [TEST_STEP][PASSED] - z = <not implemented yet for class: org.codehaus.groovy.ast.expr.EmptyExpression>: null

29-01-2025T02:41:13 - [TEST_STEP][PASSED] - path2 = "Значения со страницы Выполнение бизнес-плана/Table Data/": null

29-01-2025T02:41:13 - [TEST_STEP][PASSED] - println("path: " + path): null

29-01-2025T02:41:13 - [TEST_STEP][PASSED] - println("dZONum: " + dZONum): null

29-01-2025T02:41:13 - [TEST_STEP][PASSED] - z = getText(findTestObject(path + "spanPlan" + dZONum)): Text of object 'Object Repository/Выполнение бизнес-плана/spanPlan7' is: '6.08
|'

29-01-2025T02:41:13 - [MESSAGE][PASSED] - Text of object 'Object Repository/Выполнение бизнес-плана/spanPlan7' is: '6.08
|'

29-01-2025T02:41:13 - [TEST_STEP][PASSED] - println(z): null

29-01-2025T02:41:13 - [TEST_STEP][PASSED] - ii = z.indexOf("|"): null

29-01-2025T02:41:13 - [TEST_STEP][PASSED] - if (ii > -1): null

29-01-2025T02:41:13 - [TEST_STEP][PASSED] - z = z.substring(0, z.length() - 1): null

29-01-2025T02:41:13 - [TEST_STEP][PASSED] - println(z): null

29-01-2025T02:41:13 - [TEST_STEP][PASSED] - z = z.replaceAll("\s+", ""): null

29-01-2025T02:41:13 - [TEST_STEP][PASSED] - z = z.replace("[\r?
|
]", "/"): null

29-01-2025T02:41:13 - [TEST_STEP][PASSED] - println(z): null

29-01-2025T02:41:13 - [TEST_STEP][PASSED] - x = x + z: null

29-01-2025T02:41:13 - [TEST_STEP][PASSED] - z = getText(findTestObject(path + "spanFact" + dZONum)): Text of object 'Object Repository/Выполнение бизнес-плана/spanFact7' is: '5.75'

29-01-2025T02:41:14 - [MESSAGE][PASSED] - Text of object 'Object Repository/Выполнение бизнес-плана/spanFact7' is: '5.75'

29-01-2025T02:41:14 - [TEST_STEP][PASSED] - ii = z.indexOf("|"): null

29-01-2025T02:41:14 - [TEST_STEP][PASSED] - if (ii > -1): null

29-01-2025T02:41:14 - [TEST_STEP][PASSED] - x = x + "/" + z: null

29-01-2025T02:41:14 - [TEST_STEP][PASSED] - z = getText(findTestObject(path + path2 + "Факт Отпуск в сеть за отчётный период " + dZONum)).replaceAll("\s+", ""): Text of object 'Object Repository/Выполнение бизнес-плана/Значения со страницы Выполнение бизнес-плана/Table Data/Факт Отпуск в сеть за отчётный период 7' is: '104 134 403'

29-01-2025T02:41:14 - [MESSAGE][PASSED] - Text of object 'Object Repository/Выполнение бизнес-плана/Значения со страницы Выполнение бизнес-плана/Table Data/Факт Отпуск в сеть за отчётный период 7' is: '104 134 403'

29-01-2025T02:41:14 - [TEST_STEP][PASSED] - println("z=" + z): null

29-01-2025T02:41:14 - [TEST_STEP][PASSED] - x = x + "/" + z: null

29-01-2025T02:41:14 - [TEST_STEP][PASSED] - z = getText(findTestObject(path + path2 + "Факт Отпуск из сети за отчётный период " + dZONum)).replaceAll("\s+", ""): Text of object 'Object Repository/Выполнение бизнес-плана/Значения со страницы Выполнение бизнес-плана/Table Data/Факт Отпуск из сети за отчётный период 7' is: '95 987 829'

29-01-2025T02:41:14 - [MESSAGE][PASSED] - Text of object 'Object Repository/Выполнение бизнес-плана/Значения со страницы Выполнение бизнес-плана/Table Data/Факт Отпуск из сети за отчётный период 7' is: '95 987 829'

29-01-2025T02:41:14 - [TEST_STEP][PASSED] - x = x + "/" + z: null

29-01-2025T02:41:14 - [TEST_STEP][PASSED] - z = getText(findTestObject(path + path2 + "Факт Потери за отчётный период " + dZONum)).replaceAll("\s+", ""): Text of object 'Object Repository/Выполнение бизнес-плана/Значения со страницы Выполнение бизнес-плана/Table Data/Факт Потери за отчётный период 7' is: '8 146 574'

29-01-2025T02:41:15 - [MESSAGE][PASSED] - Text of object 'Object Repository/Выполнение бизнес-плана/Значения со страницы Выполнение бизнес-плана/Table Data/Факт Потери за отчётный период 7' is: '8 146 574'

29-01-2025T02:41:15 - [TEST_STEP][PASSED] - x = x + "/" + z: null

29-01-2025T02:41:15 - [TEST_STEP][PASSED] - z = getText(findTestObject(path + path2 + "План Отпуск в сеть за отчётный период " + dZONum)).replaceAll("\s+", ""): Text of object 'Object Repository/Выполнение бизнес-плана/Значения со страницы Выполнение бизнес-плана/Table Data/План Отпуск в сеть за отчётный период 7' is: '98 965 831'

29-01-2025T02:41:15 - [MESSAGE][PASSED] - Text of object 'Object Repository/Выполнение бизнес-плана/Значения со страницы Выполнение бизнес-плана/Table Data/План Отпуск в сеть за отчётный период 7' is: '98 965 831'

29-01-2025T02:41:15 - [TEST_STEP][PASSED] - x = x + "/" + z: null

29-01-2025T02:41:15 - [TEST_STEP][PASSED] - z = getText(findTestObject(path + path2 + "План Отпуск из сети за отчётный период " + dZONum)).replaceAll("\s+", ""): Text of object 'Object Repository/Выполнение бизнес-плана/Значения со страницы Выполнение бизнес-плана/Table Data/План Отпуск из сети за отчётный период 7' is: '91 420 590'

29-01-2025T02:41:15 - [MESSAGE][PASSED] - Text of object 'Object Repository/Выполнение бизнес-плана/Значения со страницы Выполнение бизнес-плана/Table Data/План Отпуск из сети за отчётный период 7' is: '91 420 590'

29-01-2025T02:41:15 - [TEST_STEP][PASSED] - x = x + "/" + z: null

29-01-2025T02:41:15 - [TEST_STEP][PASSED] - z = getText(findTestObject(path + path2 + "План Потери за отчётный период " + dZONum)).replaceAll("\s+", ""): Text of object 'Object Repository/Выполнение бизнес-плана/Значения со страницы Выполнение бизнес-плана/Table Data/План Потери за отчётный период 7' is: '7 545 241'

29-01-2025T02:41:16 - [MESSAGE][PASSED] - Text of object 'Object Repository/Выполнение бизнес-плана/Значения со страницы Выполнение бизнес-плана/Table Data/План Потери за отчётный период 7' is: '7 545 241'

29-01-2025T02:41:16 - [TEST_STEP][PASSED] - x = x + "/" + z: null

29-01-2025T02:41:16 - [TEST_STEP][PASSED] - z = getText(findTestObject(path + "Список ДЗО")).replaceAll("[\r?
|
]", "/"): Text of object 'Object Repository/Выполнение бизнес-плана/Список ДЗО' is: '-0.21
-80.57
-0.44
-0.64
-0.02
0.20
-0.33
-92.64
-0.02
0.20
-0.17
0.40
0.77
-0.49
-0.11
Россети ФСКЕЭС
АО«Тываэнерго»
Россети Волга
Россети Кубань
РоссетиЛенэнерго (ГК)
РоссетиМосковскийрегион
Россети Северо-Запад
Россети Сибирь
Россети Томск
Россети Тюмень
Россети Урал(ГК)
Россети Центр(ГК)
Россети Центри Приволжье(ГК)
Россети Юг(ГК)
Россети Янтарь
0
-102
-85
-68
-51
-34
-17
17'

29-01-2025T02:41:16 - [MESSAGE][PASSED] - Text of object 'Object Repository/Выполнение бизнес-плана/Список ДЗО' is: '-0.21
-80.57
-0.44
-0.64
-0.02
0.20
-0.33
-92.64
-0.02
0.20
-0.17
0.40
0.77
-0.49
-0.11
Россети ФСКЕЭС
АО«Тываэнерго»
Россети Волга
Россети Кубань
РоссетиЛенэнерго (ГК)
РоссетиМосковскийрегион
Россети Северо-Запад
Россети Сибирь
Россети Томск
Россети Тюмень
Россети Урал(ГК)
Россети Центр(ГК)
Россети Центри Приволжье(ГК)
Россети Юг(ГК)
Россети Янтарь
0
-102
-85
-68
-51
-34
-17
17'

29-01-2025T02:41:16 - [TEST_STEP][PASSED] - for ([ii = 1, ii < dZONum, (ii++)]): null

29-01-2025T02:41:16 - [TEST_STEP][PASSED] - i1 = z.indexOf("/") + 1: null

29-01-2025T02:41:16 - [TEST_STEP][PASSED] - if (i1 > -1): null

29-01-2025T02:41:16 - [TEST_STEP][PASSED] - z = z.substring(i1, z.length()): null

29-01-2025T02:41:16 - [TEST_STEP][PASSED] - i1 = z.indexOf("/"): null

29-01-2025T02:41:16 - [TEST_STEP][PASSED] - i1 = z.indexOf("/") + 1: null

29-01-2025T02:41:16 - [TEST_STEP][PASSED] - if (i1 > -1): null

29-01-2025T02:41:16 - [TEST_STEP][PASSED] - z = z.substring(i1, z.length()): null

29-01-2025T02:41:16 - [TEST_STEP][PASSED] - i1 = z.indexOf("/"): null

29-01-2025T02:41:16 - [TEST_STEP][PASSED] - i1 = z.indexOf("/") + 1: null

29-01-2025T02:41:16 - [TEST_STEP][PASSED] - if (i1 > -1): null

29-01-2025T02:41:16 - [TEST_STEP][PASSED] - z = z.substring(i1, z.length()): null

29-01-2025T02:41:16 - [TEST_STEP][PASSED] - i1 = z.indexOf("/"): null

29-01-2025T02:41:16 - [TEST_STEP][PASSED] - i1 = z.indexOf("/") + 1: null

29-01-2025T02:41:16 - [TEST_STEP][PASSED] - if (i1 > -1): null

29-01-2025T02:41:16 - [TEST_STEP][PASSED] - z = z.substring(i1, z.length()): null

29-01-2025T02:41:16 - [TEST_STEP][PASSED] - i1 = z.indexOf("/"): null

29-01-2025T02:41:16 - [TEST_STEP][PASSED] - i1 = z.indexOf("/") + 1: null

29-01-2025T02:41:16 - [TEST_STEP][PASSED] - if (i1 > -1): null

29-01-2025T02:41:16 - [TEST_STEP][PASSED] - z = z.substring(i1, z.length()): null

29-01-2025T02:41:16 - [TEST_STEP][PASSED] - i1 = z.indexOf("/"): null

29-01-2025T02:41:16 - [TEST_STEP][PASSED] - i1 = z.indexOf("/") + 1: null

29-01-2025T02:41:16 - [TEST_STEP][PASSED] - if (i1 > -1): null

29-01-2025T02:41:16 - [TEST_STEP][PASSED] - z = z.substring(i1, z.length()): null

29-01-2025T02:41:16 - [TEST_STEP][PASSED] - i1 = z.indexOf("/"): null

29-01-2025T02:41:16 - [TEST_STEP][PASSED] - i1 = z.indexOf("/"): null

29-01-2025T02:41:16 - [TEST_STEP][PASSED] - if (i1 > -1): null

29-01-2025T02:41:16 - [TEST_STEP][PASSED] - z = z.substring(0, i1): null

29-01-2025T02:41:16 - [TEST_STEP][PASSED] - z = z.replace(",", "."): null

29-01-2025T02:41:16 - [TEST_STEP][PASSED] - println(z): null

29-01-2025T02:41:16 - [TEST_STEP][PASSED] - x = x + "/" + z: null

29-01-2025T02:41:16 - [TEST_STEP][PASSED] - x = x.replaceAll("[\r?
|
]", ""): null

29-01-2025T02:41:16 - [TEST_STEP][PASSED] - println("x =" + x): null

29-01-2025T02:41:16 - [TEST_STEP][PASSED] - return x: null

29-01-2025T02:41:16 - [TEST_STEP][PASSED] - println("sZR: " + sZR): null

29-01-2025T02:41:16 - [TEST_STEP][PASSED] - i = VseDZO.indexOf("Сибирь"): null

29-01-2025T02:41:16 - [TEST_STEP][PASSED] - if (i > -1): null

29-01-2025T02:41:16 - [TEST_STEP][PASSED] - dZONum = dZONum + 1: null

29-01-2025T02:41:16 - [TEST_STEP][PASSED] - siR = GetAllData(path, dZONum, VseDZO, x = "Россети Сибирь (ГК)/"): null

29-01-2025T02:41:16 - [TEST_STEP][PASSED] - ii = <not implemented yet for class: org.codehaus.groovy.ast.expr.EmptyExpression>: null

29-01-2025T02:41:16 - [TEST_STEP][PASSED] - i1 = <not implemented yet for class: org.codehaus.groovy.ast.expr.EmptyExpression>: null

29-01-2025T02:41:16 - [TEST_STEP][PASSED] - z = <not implemented yet for class: org.codehaus.groovy.ast.expr.EmptyExpression>: null

29-01-2025T02:41:16 - [TEST_STEP][PASSED] - path2 = "Значения со страницы Выполнение бизнес-плана/Table Data/": null

29-01-2025T02:41:16 - [TEST_STEP][PASSED] - println("path: " + path): null

29-01-2025T02:41:16 - [TEST_STEP][PASSED] - println("dZONum: " + dZONum): null

29-01-2025T02:41:16 - [TEST_STEP][PASSED] - z = getText(findTestObject(path + "spanPlan" + dZONum)): Text of object 'Object Repository/Выполнение бизнес-плана/spanPlan8' is: ''

29-01-2025T02:41:16 - [MESSAGE][PASSED] - Text of object 'Object Repository/Выполнение бизнес-плана/spanPlan8' is: ''

29-01-2025T02:41:16 - [TEST_STEP][PASSED] - println(z): null

29-01-2025T02:41:16 - [TEST_STEP][PASSED] - ii = z.indexOf("|"): null

29-01-2025T02:41:16 - [TEST_STEP][PASSED] - if (ii > -1): null

29-01-2025T02:41:16 - [TEST_STEP][PASSED] - z = z.replaceAll("\s+", ""): null

29-01-2025T02:41:16 - [TEST_STEP][PASSED] - z = z.replace("[\r?
|
]", "/"): null

29-01-2025T02:41:16 - [TEST_STEP][PASSED] - println(z): null

29-01-2025T02:41:16 - [TEST_STEP][PASSED] - x = x + z: null

29-01-2025T02:41:16 - [TEST_STEP][PASSED] - z = getText(findTestObject(path + "spanFact" + dZONum)): Text of object 'Object Repository/Выполнение бизнес-плана/spanFact8' is: '-0.00'

29-01-2025T02:41:16 - [MESSAGE][PASSED] - Text of object 'Object Repository/Выполнение бизнес-плана/spanFact8' is: '-0.00'

29-01-2025T02:41:16 - [TEST_STEP][PASSED] - ii = z.indexOf("|"): null

29-01-2025T02:41:16 - [TEST_STEP][PASSED] - if (ii > -1): null

29-01-2025T02:41:16 - [TEST_STEP][PASSED] - x = x + "/" + z: null

29-01-2025T02:41:16 - [TEST_STEP][PASSED] - z = getText(findTestObject(path + path2 + "Факт Отпуск в сеть за отчётный период " + dZONum)).replaceAll("\s+", ""): Text of object 'Object Repository/Выполнение бизнес-плана/Значения со страницы Выполнение бизнес-плана/Table Data/Факт Отпуск в сеть за отчётный период 8' is: '20 651 499'

29-01-2025T02:41:17 - [MESSAGE][PASSED] - Text of object 'Object Repository/Выполнение бизнес-плана/Значения со страницы Выполнение бизнес-плана/Table Data/Факт Отпуск в сеть за отчётный период 8' is: '20 651 499'

29-01-2025T02:41:17 - [TEST_STEP][PASSED] - println("z=" + z): null

29-01-2025T02:41:17 - [TEST_STEP][PASSED] - x = x + "/" + z: null

29-01-2025T02:41:17 - [TEST_STEP][PASSED] - z = getText(findTestObject(path + path2 + "Факт Отпуск из сети за отчётный период " + dZONum)).replaceAll("\s+", ""): Text of object 'Object Repository/Выполнение бизнес-плана/Значения со страницы Выполнение бизнес-плана/Table Data/Факт Отпуск из сети за отчётный период 8' is: '15 078 002'

29-01-2025T02:41:17 - [MESSAGE][PASSED] - Text of object 'Object Repository/Выполнение бизнес-плана/Значения со страницы Выполнение бизнес-плана/Table Data/Факт Отпуск из сети за отчётный период 8' is: '15 078 002'

29-01-2025T02:41:17 - [TEST_STEP][PASSED] - x = x + "/" + z: null

29-01-2025T02:41:17 - [TEST_STEP][PASSED] - z = getText(findTestObject(path + path2 + "Факт Потери за отчётный период " + dZONum)).replaceAll("\s+", ""): Text of object 'Object Repository/Выполнение бизнес-плана/Значения со страницы Выполнение бизнес-плана/Table Data/Факт Потери за отчётный период 8' is: '5 573 496'

29-01-2025T02:41:17 - [MESSAGE][PASSED] - Text of object 'Object Repository/Выполнение бизнес-плана/Значения со страницы Выполнение бизнес-плана/Table Data/Факт Потери за отчётный период 8' is: '5 573 496'

29-01-2025T02:41:17 - [TEST_STEP][PASSED] - x = x + "/" + z: null

29-01-2025T02:41:17 - [TEST_STEP][PASSED] - z = getText(findTestObject(path + path2 + "План Отпуск в сеть за отчётный период " + dZONum)).replaceAll("\s+", ""): Text of object 'Object Repository/Выполнение бизнес-плана/Значения со страницы Выполнение бизнес-плана/Table Data/План Отпуск в сеть за отчётный период 8' is: '19 485 633'

29-01-2025T02:41:18 - [MESSAGE][PASSED] - Text of object 'Object Repository/Выполнение бизнес-плана/Значения со страницы Выполнение бизнес-плана/Table Data/План Отпуск в сеть за отчётный период 8' is: '19 485 633'

29-01-2025T02:41:18 - [TEST_STEP][PASSED] - x = x + "/" + z: null

29-01-2025T02:41:18 - [TEST_STEP][PASSED] - z = getText(findTestObject(path + path2 + "План Отпуск из сети за отчётный период " + dZONum)).replaceAll("\s+", ""): Text of object 'Object Repository/Выполнение бизнес-плана/Значения со страницы Выполнение бизнес-плана/Table Data/План Отпуск из сети за отчётный период 8' is: '14 949 980'

29-01-2025T02:41:18 - [MESSAGE][PASSED] - Text of object 'Object Repository/Выполнение бизнес-плана/Значения со страницы Выполнение бизнес-плана/Table Data/План Отпуск из сети за отчётный период 8' is: '14 949 980'

29-01-2025T02:41:18 - [TEST_STEP][PASSED] - x = x + "/" + z: null

29-01-2025T02:41:18 - [TEST_STEP][PASSED] - z = getText(findTestObject(path + path2 + "План Потери за отчётный период " + dZONum)).replaceAll("\s+", ""): Text of object 'Object Repository/Выполнение бизнес-плана/Значения со страницы Выполнение бизнес-плана/Table Data/План Потери за отчётный период 8' is: '4 535 653'

29-01-2025T02:41:18 - [MESSAGE][PASSED] - Text of object 'Object Repository/Выполнение бизнес-плана/Значения со страницы Выполнение бизнес-плана/Table Data/План Потери за отчётный период 8' is: '4 535 653'

29-01-2025T02:41:18 - [TEST_STEP][PASSED] - x = x + "/" + z: null

29-01-2025T02:41:18 - [TEST_STEP][PASSED] - z = getText(findTestObject(path + "Список ДЗО")).replaceAll("[\r?
|
]", "/"): Text of object 'Object Repository/Выполнение бизнес-плана/Список ДЗО' is: '-0.21
-80.57
-0.44
-0.64
-0.02
0.20
-0.33
-92.64
-0.02
0.20
-0.17
0.40
0.77
-0.49
-0.11
Россети ФСКЕЭС
АО«Тываэнерго»
Россети Волга
Россети Кубань
РоссетиЛенэнерго (ГК)
РоссетиМосковскийрегион
Россети Северо-Запад
Россети Сибирь
Россети Томск
Россети Тюмень
Россети Урал(ГК)
Россети Центр(ГК)
Россети Центри Приволжье(ГК)
Россети Юг(ГК)
Россети Янтарь
0
-102
-85
-68
-51
-34
-17
17'

29-01-2025T02:41:19 - [MESSAGE][PASSED] - Text of object 'Object Repository/Выполнение бизнес-плана/Список ДЗО' is: '-0.21
-80.57
-0.44
-0.64
-0.02
0.20
-0.33
-92.64
-0.02
0.20
-0.17
0.40
0.77
-0.49
-0.11
Россети ФСКЕЭС
АО«Тываэнерго»
Россети Волга
Россети Кубань
РоссетиЛенэнерго (ГК)
РоссетиМосковскийрегион
Россети Северо-Запад
Россети Сибирь
Россети Томск
Россети Тюмень
Россети Урал(ГК)
Россети Центр(ГК)
Россети Центри Приволжье(ГК)
Россети Юг(ГК)
Россети Янтарь
0
-102
-85
-68
-51
-34
-17
17'

29-01-2025T02:41:19 - [TEST_STEP][PASSED] - for ([ii = 1, ii < dZONum, (ii++)]): null

29-01-2025T02:41:19 - [TEST_STEP][PASSED] - i1 = z.indexOf("/") + 1: null

29-01-2025T02:41:19 - [TEST_STEP][PASSED] - if (i1 > -1): null

29-01-2025T02:41:19 - [TEST_STEP][PASSED] - z = z.substring(i1, z.length()): null

29-01-2025T02:41:19 - [TEST_STEP][PASSED] - i1 = z.indexOf("/"): null

29-01-2025T02:41:19 - [TEST_STEP][PASSED] - i1 = z.indexOf("/") + 1: null

29-01-2025T02:41:19 - [TEST_STEP][PASSED] - if (i1 > -1): null

29-01-2025T02:41:19 - [TEST_STEP][PASSED] - z = z.substring(i1, z.length()): null

29-01-2025T02:41:19 - [TEST_STEP][PASSED] - i1 = z.indexOf("/"): null

29-01-2025T02:41:19 - [TEST_STEP][PASSED] - i1 = z.indexOf("/") + 1: null

29-01-2025T02:41:19 - [TEST_STEP][PASSED] - if (i1 > -1): null

29-01-2025T02:41:19 - [TEST_STEP][PASSED] - z = z.substring(i1, z.length()): null

29-01-2025T02:41:19 - [TEST_STEP][PASSED] - i1 = z.indexOf("/"): null

29-01-2025T02:41:19 - [TEST_STEP][PASSED] - i1 = z.indexOf("/") + 1: null

29-01-2025T02:41:19 - [TEST_STEP][PASSED] - if (i1 > -1): null

29-01-2025T02:41:19 - [TEST_STEP][PASSED] - z = z.substring(i1, z.length()): null

29-01-2025T02:41:19 - [TEST_STEP][PASSED] - i1 = z.indexOf("/"): null

29-01-2025T02:41:19 - [TEST_STEP][PASSED] - i1 = z.indexOf("/") + 1: null

29-01-2025T02:41:19 - [TEST_STEP][PASSED] - if (i1 > -1): null

29-01-2025T02:41:19 - [TEST_STEP][PASSED] - z = z.substring(i1, z.length()): null

29-01-2025T02:41:19 - [TEST_STEP][PASSED] - i1 = z.indexOf("/"): null

29-01-2025T02:41:19 - [TEST_STEP][PASSED] - i1 = z.indexOf("/") + 1: null

29-01-2025T02:41:19 - [TEST_STEP][PASSED] - if (i1 > -1): null

29-01-2025T02:41:19 - [TEST_STEP][PASSED] - z = z.substring(i1, z.length()): null

29-01-2025T02:41:19 - [TEST_STEP][PASSED] - i1 = z.indexOf("/"): null

29-01-2025T02:41:19 - [TEST_STEP][PASSED] - i1 = z.indexOf("/") + 1: null

29-01-2025T02:41:19 - [TEST_STEP][PASSED] - if (i1 > -1): null

29-01-2025T02:41:19 - [TEST_STEP][PASSED] - z = z.substring(i1, z.length()): null

29-01-2025T02:41:19 - [TEST_STEP][PASSED] - i1 = z.indexOf("/"): null

29-01-2025T02:41:19 - [TEST_STEP][PASSED] - i1 = z.indexOf("/"): null

29-01-2025T02:41:19 - [TEST_STEP][PASSED] - if (i1 > -1): null

29-01-2025T02:41:19 - [TEST_STEP][PASSED] - z = z.substring(0, i1): null

29-01-2025T02:41:19 - [TEST_STEP][PASSED] - z = z.replace(",", "."): null

29-01-2025T02:41:19 - [TEST_STEP][PASSED] - println(z): null

29-01-2025T02:41:19 - [TEST_STEP][PASSED] - x = x + "/" + z: null

29-01-2025T02:41:19 - [TEST_STEP][PASSED] - x = x.replaceAll("[\r?
|
]", ""): null

29-01-2025T02:41:19 - [TEST_STEP][PASSED] - println("x =" + x): null

29-01-2025T02:41:19 - [TEST_STEP][PASSED] - return x: null

29-01-2025T02:41:19 - [TEST_STEP][PASSED] - println("siR: " + siR): null

29-01-2025T02:41:19 - [TEST_STEP][PASSED] - i = VseDZO.indexOf("Томск"): null

29-01-2025T02:41:19 - [TEST_STEP][PASSED] - if (i > -1): null

29-01-2025T02:41:19 - [TEST_STEP][PASSED] - dZONum = dZONum + 1: null

29-01-2025T02:41:19 - [TEST_STEP][PASSED] - tomR = GetAllData(path, dZONum, VseDZO, x = "Россети Томск/"): null

29-01-2025T02:41:19 - [TEST_STEP][PASSED] - ii = <not implemented yet for class: org.codehaus.groovy.ast.expr.EmptyExpression>: null

29-01-2025T02:41:19 - [TEST_STEP][PASSED] - i1 = <not implemented yet for class: org.codehaus.groovy.ast.expr.EmptyExpression>: null

29-01-2025T02:41:19 - [TEST_STEP][PASSED] - z = <not implemented yet for class: org.codehaus.groovy.ast.expr.EmptyExpression>: null

29-01-2025T02:41:19 - [TEST_STEP][PASSED] - path2 = "Значения со страницы Выполнение бизнес-плана/Table Data/": null

29-01-2025T02:41:19 - [TEST_STEP][PASSED] - println("path: " + path): null

29-01-2025T02:41:19 - [TEST_STEP][PASSED] - println("dZONum: " + dZONum): null

29-01-2025T02:41:19 - [TEST_STEP][PASSED] - z = getText(findTestObject(path + "spanPlan" + dZONum)): Text of object 'Object Repository/Выполнение бизнес-плана/spanPlan9' is: '9.01
|'

29-01-2025T02:41:19 - [MESSAGE][PASSED] - Text of object 'Object Repository/Выполнение бизнес-плана/spanPlan9' is: '9.01
|'

29-01-2025T02:41:19 - [TEST_STEP][PASSED] - println(z): null

29-01-2025T02:41:19 - [TEST_STEP][PASSED] - ii = z.indexOf("|"): null

29-01-2025T02:41:19 - [TEST_STEP][PASSED] - if (ii > -1): null

29-01-2025T02:41:19 - [TEST_STEP][PASSED] - z = z.substring(0, z.length() - 1): null

29-01-2025T02:41:19 - [TEST_STEP][PASSED] - println(z): null

29-01-2025T02:41:19 - [TEST_STEP][PASSED] - z = z.replaceAll("\s+", ""): null

29-01-2025T02:41:19 - [TEST_STEP][PASSED] - z = z.replace("[\r?
|
]", "/"): null

29-01-2025T02:41:19 - [TEST_STEP][PASSED] - println(z): null

29-01-2025T02:41:19 - [TEST_STEP][PASSED] - x = x + z: null

29-01-2025T02:41:19 - [TEST_STEP][PASSED] - z = getText(findTestObject(path + "spanFact" + dZONum)): Text of object 'Object Repository/Выполнение бизнес-плана/spanFact9' is: '8.99'

29-01-2025T02:41:19 - [MESSAGE][PASSED] - Text of object 'Object Repository/Выполнение бизнес-плана/spanFact9' is: '8.99'

29-01-2025T02:41:19 - [TEST_STEP][PASSED] - ii = z.indexOf("|"): null

29-01-2025T02:41:19 - [TEST_STEP][PASSED] - if (ii > -1): null

29-01-2025T02:41:19 - [TEST_STEP][PASSED] - x = x + "/" + z: null

29-01-2025T02:41:19 - [TEST_STEP][PASSED] - z = getText(findTestObject(path + path2 + "Факт Отпуск в сеть за отчётный период " + dZONum)).replaceAll("\s+", ""): Text of object 'Object Repository/Выполнение бизнес-плана/Значения со страницы Выполнение бизнес-плана/Table Data/Факт Отпуск в сеть за отчётный период 9' is: '33 379 839'

29-01-2025T02:41:19 - [MESSAGE][PASSED] - Text of object 'Object Repository/Выполнение бизнес-плана/Значения со страницы Выполнение бизнес-плана/Table Data/Факт Отпуск в сеть за отчётный период 9' is: '33 379 839'

29-01-2025T02:41:19 - [TEST_STEP][PASSED] - println("z=" + z): null

29-01-2025T02:41:19 - [TEST_STEP][PASSED] - x = x + "/" + z: null

29-01-2025T02:41:19 - [TEST_STEP][PASSED] - z = getText(findTestObject(path + path2 + "Факт Отпуск из сети за отчётный период " + dZONum)).replaceAll("\s+", ""): Text of object 'Object Repository/Выполнение бизнес-плана/Значения со страницы Выполнение бизнес-плана/Table Data/Факт Отпуск из сети за отчётный период 9' is: '31 460 760'

29-01-2025T02:41:20 - [MESSAGE][PASSED] - Text of object 'Object Repository/Выполнение бизнес-плана/Значения со страницы Выполнение бизнес-плана/Table Data/Факт Отпуск из сети за отчётный период 9' is: '31 460 760'

29-01-2025T02:41:20 - [TEST_STEP][PASSED] - x = x + "/" + z: null

29-01-2025T02:41:20 - [TEST_STEP][PASSED] - z = getText(findTestObject(path + path2 + "Факт Потери за отчётный период " + dZONum)).replaceAll("\s+", ""): Text of object 'Object Repository/Выполнение бизнес-плана/Значения со страницы Выполнение бизнес-плана/Table Data/Факт Потери за отчётный период 9' is: '1 919 079'

29-01-2025T02:41:20 - [MESSAGE][PASSED] - Text of object 'Object Repository/Выполнение бизнес-плана/Значения со страницы Выполнение бизнес-плана/Table Data/Факт Потери за отчётный период 9' is: '1 919 079'

29-01-2025T02:41:20 - [TEST_STEP][PASSED] - x = x + "/" + z: null

29-01-2025T02:41:20 - [TEST_STEP][PASSED] - z = getText(findTestObject(path + path2 + "План Отпуск в сеть за отчётный период " + dZONum)).replaceAll("\s+", ""): Text of object 'Object Repository/Выполнение бизнес-плана/Значения со страницы Выполнение бизнес-плана/Table Data/План Отпуск в сеть за отчётный период 9' is: '33 056 576'

29-01-2025T02:41:20 - [MESSAGE][PASSED] - Text of object 'Object Repository/Выполнение бизнес-плана/Значения со страницы Выполнение бизнес-плана/Table Data/План Отпуск в сеть за отчётный период 9' is: '33 056 576'

29-01-2025T02:41:20 - [TEST_STEP][PASSED] - x = x + "/" + z: null

29-01-2025T02:41:20 - [TEST_STEP][PASSED] - z = getText(findTestObject(path + path2 + "План Отпуск из сети за отчётный период " + dZONum)).replaceAll("\s+", ""): Text of object 'Object Repository/Выполнение бизнес-плана/Значения со страницы Выполнение бизнес-плана/Table Data/План Отпуск из сети за отчётный период 9' is: '31 046 621'

29-01-2025T02:41:21 - [MESSAGE][PASSED] - Text of object 'Object Repository/Выполнение бизнес-плана/Значения со страницы Выполнение бизнес-плана/Table Data/План Отпуск из сети за отчётный период 9' is: '31 046 621'

29-01-2025T02:41:21 - [TEST_STEP][PASSED] - x = x + "/" + z: null

29-01-2025T02:41:21 - [TEST_STEP][PASSED] - z = getText(findTestObject(path + path2 + "План Потери за отчётный период " + dZONum)).replaceAll("\s+", ""): Text of object 'Object Repository/Выполнение бизнес-плана/Значения со страницы Выполнение бизнес-плана/Table Data/План Потери за отчётный период 9' is: '2 009 955'

29-01-2025T02:41:21 - [MESSAGE][PASSED] - Text of object 'Object Repository/Выполнение бизнес-плана/Значения со страницы Выполнение бизнес-плана/Table Data/План Потери за отчётный период 9' is: '2 009 955'

29-01-2025T02:41:21 - [TEST_STEP][PASSED] - x = x + "/" + z: null

29-01-2025T02:41:21 - [TEST_STEP][PASSED] - z = getText(findTestObject(path + "Список ДЗО")).replaceAll("[\r?
|
]", "/"): Text of object 'Object Repository/Выполнение бизнес-плана/Список ДЗО' is: '-0.21
-80.57
-0.44
-0.64
-0.02
0.20
-0.33
-92.64
-0.02
0.20
-0.17
0.40
0.77
-0.49
-0.11
Россети ФСКЕЭС
АО«Тываэнерго»
Россети Волга
Россети Кубань
РоссетиЛенэнерго (ГК)
РоссетиМосковскийрегион
Россети Северо-Запад
Россети Сибирь
Россети Томск
Россети Тюмень
Россети Урал(ГК)
Россети Центр(ГК)
Россети Центри Приволжье(ГК)
Россети Юг(ГК)
Россети Янтарь
0
-102
-85
-68
-51
-34
-17
17'

29-01-2025T02:41:21 - [MESSAGE][PASSED] - Text of object 'Object Repository/Выполнение бизнес-плана/Список ДЗО' is: '-0.21
-80.57
-0.44
-0.64
-0.02
0.20
-0.33
-92.64
-0.02
0.20
-0.17
0.40
0.77
-0.49
-0.11
Россети ФСКЕЭС
АО«Тываэнерго»
Россети Волга
Россети Кубань
РоссетиЛенэнерго (ГК)
РоссетиМосковскийрегион
Россети Северо-Запад
Россети Сибирь
Россети Томск
Россети Тюмень
Россети Урал(ГК)
Россети Центр(ГК)
Россети Центри Приволжье(ГК)
Россети Юг(ГК)
Россети Янтарь
0
-102
-85
-68
-51
-34
-17
17'

29-01-2025T02:41:21 - [TEST_STEP][PASSED] - for ([ii = 1, ii < dZONum, (ii++)]): null

29-01-2025T02:41:21 - [TEST_STEP][PASSED] - i1 = z.indexOf("/") + 1: null

29-01-2025T02:41:21 - [TEST_STEP][PASSED] - if (i1 > -1): null

29-01-2025T02:41:21 - [TEST_STEP][PASSED] - z = z.substring(i1, z.length()): null

29-01-2025T02:41:21 - [TEST_STEP][PASSED] - i1 = z.indexOf("/"): null

29-01-2025T02:41:21 - [TEST_STEP][PASSED] - i1 = z.indexOf("/") + 1: null

29-01-2025T02:41:21 - [TEST_STEP][PASSED] - if (i1 > -1): null

29-01-2025T02:41:21 - [TEST_STEP][PASSED] - z = z.substring(i1, z.length()): null

29-01-2025T02:41:21 - [TEST_STEP][PASSED] - i1 = z.indexOf("/"): null

29-01-2025T02:41:21 - [TEST_STEP][PASSED] - i1 = z.indexOf("/") + 1: null

29-01-2025T02:41:21 - [TEST_STEP][PASSED] - if (i1 > -1): null

29-01-2025T02:41:21 - [TEST_STEP][PASSED] - z = z.substring(i1, z.length()): null

29-01-2025T02:41:21 - [TEST_STEP][PASSED] - i1 = z.indexOf("/"): null

29-01-2025T02:41:21 - [TEST_STEP][PASSED] - i1 = z.indexOf("/") + 1: null

29-01-2025T02:41:21 - [TEST_STEP][PASSED] - if (i1 > -1): null

29-01-2025T02:41:21 - [TEST_STEP][PASSED] - z = z.substring(i1, z.length()): null

29-01-2025T02:41:21 - [TEST_STEP][PASSED] - i1 = z.indexOf("/"): null

29-01-2025T02:41:21 - [TEST_STEP][PASSED] - i1 = z.indexOf("/") + 1: null

29-01-2025T02:41:21 - [TEST_STEP][PASSED] - if (i1 > -1): null

29-01-2025T02:41:21 - [TEST_STEP][PASSED] - z = z.substring(i1, z.length()): null

29-01-2025T02:41:21 - [TEST_STEP][PASSED] - i1 = z.indexOf("/"): null

29-01-2025T02:41:21 - [TEST_STEP][PASSED] - i1 = z.indexOf("/") + 1: null

29-01-2025T02:41:21 - [TEST_STEP][PASSED] - if (i1 > -1): null

29-01-2025T02:41:21 - [TEST_STEP][PASSED] - z = z.substring(i1, z.length()): null

29-01-2025T02:41:21 - [TEST_STEP][PASSED] - i1 = z.indexOf("/"): null

29-01-2025T02:41:21 - [TEST_STEP][PASSED] - i1 = z.indexOf("/") + 1: null

29-01-2025T02:41:21 - [TEST_STEP][PASSED] - if (i1 > -1): null

29-01-2025T02:41:21 - [TEST_STEP][PASSED] - z = z.substring(i1, z.length()): null

29-01-2025T02:41:21 - [TEST_STEP][PASSED] - i1 = z.indexOf("/"): null

29-01-2025T02:41:21 - [TEST_STEP][PASSED] - i1 = z.indexOf("/") + 1: null

29-01-2025T02:41:21 - [TEST_STEP][PASSED] - if (i1 > -1): null

29-01-2025T02:41:21 - [TEST_STEP][PASSED] - z = z.substring(i1, z.length()): null

29-01-2025T02:41:21 - [TEST_STEP][PASSED] - i1 = z.indexOf("/"): null

29-01-2025T02:41:21 - [TEST_STEP][PASSED] - i1 = z.indexOf("/"): null

29-01-2025T02:41:21 - [TEST_STEP][PASSED] - if (i1 > -1): null

29-01-2025T02:41:21 - [TEST_STEP][PASSED] - z = z.substring(0, i1): null

29-01-2025T02:41:21 - [TEST_STEP][PASSED] - z = z.replace(",", "."): null

29-01-2025T02:41:21 - [TEST_STEP][PASSED] - println(z): null

29-01-2025T02:41:21 - [TEST_STEP][PASSED] - x = x + "/" + z: null

29-01-2025T02:41:21 - [TEST_STEP][PASSED] - x = x.replaceAll("[\r?
|
]", ""): null

29-01-2025T02:41:21 - [TEST_STEP][PASSED] - println("x =" + x): null

29-01-2025T02:41:21 - [TEST_STEP][PASSED] - return x: null

29-01-2025T02:41:21 - [TEST_STEP][PASSED] - println("tomR: " + tomR): null

29-01-2025T02:41:21 - [TEST_STEP][PASSED] - i = VseDZO.indexOf("Тюмень"): null

29-01-2025T02:41:21 - [TEST_STEP][PASSED] - if (i > -1): null

29-01-2025T02:41:21 - [TEST_STEP][PASSED] - dZONum = dZONum + 1: null

29-01-2025T02:41:21 - [TEST_STEP][PASSED] - tyumR = GetAllData(path, dZONum, VseDZO, x = "Россети Тюмень/"): null

29-01-2025T02:41:21 - [TEST_STEP][PASSED] - ii = <not implemented yet for class: org.codehaus.groovy.ast.expr.EmptyExpression>: null

29-01-2025T02:41:21 - [TEST_STEP][PASSED] - i1 = <not implemented yet for class: org.codehaus.groovy.ast.expr.EmptyExpression>: null

29-01-2025T02:41:21 - [TEST_STEP][PASSED] - z = <not implemented yet for class: org.codehaus.groovy.ast.expr.EmptyExpression>: null

29-01-2025T02:41:21 - [TEST_STEP][PASSED] - path2 = "Значения со страницы Выполнение бизнес-плана/Table Data/": null

29-01-2025T02:41:21 - [TEST_STEP][PASSED] - println("path: " + path): null

29-01-2025T02:41:21 - [TEST_STEP][PASSED] - println("dZONum: " + dZONum): null

29-01-2025T02:41:21 - [TEST_STEP][PASSED] - z = getText(findTestObject(path + "spanPlan" + dZONum)): Text of object 'Object Repository/Выполнение бизнес-плана/spanPlan10' is: '3.08'

29-01-2025T02:41:22 - [MESSAGE][PASSED] - Text of object 'Object Repository/Выполнение бизнес-плана/spanPlan10' is: '3.08'

29-01-2025T02:41:22 - [TEST_STEP][PASSED] - println(z): null

29-01-2025T02:41:22 - [TEST_STEP][PASSED] - ii = z.indexOf("|"): null

29-01-2025T02:41:22 - [TEST_STEP][PASSED] - if (ii > -1): null

29-01-2025T02:41:22 - [TEST_STEP][PASSED] - z = z.replaceAll("\s+", ""): null

29-01-2025T02:41:22 - [TEST_STEP][PASSED] - z = z.replace("[\r?
|
]", "/"): null

29-01-2025T02:41:22 - [TEST_STEP][PASSED] - println(z): null

29-01-2025T02:41:22 - [TEST_STEP][PASSED] - x = x + z: null

29-01-2025T02:41:22 - [TEST_STEP][PASSED] - z = getText(findTestObject(path + "spanFact" + dZONum)): Text of object 'Object Repository/Выполнение бизнес-плана/spanFact10' is: '3.27
|'

29-01-2025T02:41:22 - [MESSAGE][PASSED] - Text of object 'Object Repository/Выполнение бизнес-плана/spanFact10' is: '3.27
|'

29-01-2025T02:41:22 - [TEST_STEP][PASSED] - ii = z.indexOf("|"): null

29-01-2025T02:41:22 - [TEST_STEP][PASSED] - if (ii > -1): null

29-01-2025T02:41:22 - [TEST_STEP][PASSED] - z = length() - 1).replace("[\r?
|
]", "/"): null

29-01-2025T02:41:22 - [TEST_STEP][PASSED] - x = x + "/" + z: null

29-01-2025T02:41:22 - [TEST_STEP][PASSED] - z = getText(findTestObject(path + path2 + "Факт Отпуск в сеть за отчётный период " + dZONum)).replaceAll("\s+", ""): Text of object 'Object Repository/Выполнение бизнес-плана/Значения со страницы Выполнение бизнес-плана/Table Data/Факт Отпуск в сеть за отчётный период 10' is: '53 124 310'

29-01-2025T02:41:22 - [MESSAGE][PASSED] - Text of object 'Object Repository/Выполнение бизнес-плана/Значения со страницы Выполнение бизнес-плана/Table Data/Факт Отпуск в сеть за отчётный период 10' is: '53 124 310'

29-01-2025T02:41:22 - [TEST_STEP][PASSED] - println("z=" + z): null

29-01-2025T02:41:22 - [TEST_STEP][PASSED] - x = x + "/" + z: null

29-01-2025T02:41:22 - [TEST_STEP][PASSED] - z = getText(findTestObject(path + path2 + "Факт Отпуск из сети за отчётный период " + dZONum)).replaceAll("\s+", ""): Text of object 'Object Repository/Выполнение бизнес-плана/Значения со страницы Выполнение бизнес-плана/Table Data/Факт Отпуск из сети за отчётный период 10' is: '49 049 657'

29-01-2025T02:41:23 - [MESSAGE][PASSED] - Text of object 'Object Repository/Выполнение бизнес-плана/Значения со страницы Выполнение бизнес-плана/Table Data/Факт Отпуск из сети за отчётный период 10' is: '49 049 657'

29-01-2025T02:41:23 - [TEST_STEP][PASSED] - x = x + "/" + z: null

29-01-2025T02:41:23 - [TEST_STEP][PASSED] - z = getText(findTestObject(path + path2 + "Факт Потери за отчётный период " + dZONum)).replaceAll("\s+", ""): Text of object 'Object Repository/Выполнение бизнес-плана/Значения со страницы Выполнение бизнес-плана/Table Data/Факт Потери за отчётный период 10' is: '3 714 964'

29-01-2025T02:41:23 - [MESSAGE][PASSED] - Text of object 'Object Repository/Выполнение бизнес-плана/Значения со страницы Выполнение бизнес-плана/Table Data/Факт Потери за отчётный период 10' is: '3 714 964'

29-01-2025T02:41:23 - [TEST_STEP][PASSED] - x = x + "/" + z: null

29-01-2025T02:41:23 - [TEST_STEP][PASSED] - z = getText(findTestObject(path + path2 + "План Отпуск в сеть за отчётный период " + dZONum)).replaceAll("\s+", ""): Text of object 'Object Repository/Выполнение бизнес-плана/Значения со страницы Выполнение бизнес-плана/Table Data/План Отпуск в сеть за отчётный период 10' is: '55 771 012'

29-01-2025T02:41:23 - [MESSAGE][PASSED] - Text of object 'Object Repository/Выполнение бизнес-плана/Значения со страницы Выполнение бизнес-плана/Table Data/План Отпуск в сеть за отчётный период 10' is: '55 771 012'

29-01-2025T02:41:23 - [TEST_STEP][PASSED] - x = x + "/" + z: null

29-01-2025T02:41:23 - [TEST_STEP][PASSED] - z = getText(findTestObject(path + path2 + "План Отпуск из сети за отчётный период " + dZONum)).replaceAll("\s+", ""): Text of object 'Object Repository/Выполнение бизнес-плана/Значения со страницы Выполнение бизнес-плана/Table Data/План Отпуск из сети за отчётный период 10' is: '46 966 394'

29-01-2025T02:41:23 - [MESSAGE][PASSED] - Text of object 'Object Repository/Выполнение бизнес-плана/Значения со страницы Выполнение бизнес-плана/Table Data/План Отпуск из сети за отчётный период 10' is: '46 966 394'

29-01-2025T02:41:23 - [TEST_STEP][PASSED] - x = x + "/" + z: null

29-01-2025T02:41:23 - [TEST_STEP][PASSED] - z = getText(findTestObject(path + path2 + "План Потери за отчётный период " + dZONum)).replaceAll("\s+", ""): Text of object 'Object Repository/Выполнение бизнес-плана/Значения со страницы Выполнение бизнес-плана/Table Data/План Потери за отчётный период 10' is: '8 804 618'

29-01-2025T02:41:24 - [MESSAGE][PASSED] - Text of object 'Object Repository/Выполнение бизнес-плана/Значения со страницы Выполнение бизнес-плана/Table Data/План Потери за отчётный период 10' is: '8 804 618'

29-01-2025T02:41:24 - [TEST_STEP][PASSED] - x = x + "/" + z: null

29-01-2025T02:41:24 - [TEST_STEP][PASSED] - z = getText(findTestObject(path + "Список ДЗО")).replaceAll("[\r?
|
]", "/"): Text of object 'Object Repository/Выполнение бизнес-плана/Список ДЗО' is: '-0.21
-80.57
-0.44
-0.64
-0.02
0.20
-0.33
-92.64
-0.02
0.20
-0.17
0.40
0.77
-0.49
-0.11
Россети ФСКЕЭС
АО«Тываэнерго»
Россети Волга
Россети Кубань
РоссетиЛенэнерго (ГК)
РоссетиМосковскийрегион
Россети Северо-Запад
Россети Сибирь
Россети Томск
Россети Тюмень
Россети Урал(ГК)
Россети Центр(ГК)
Россети Центри Приволжье(ГК)
Россети Юг(ГК)
Россети Янтарь
0
-102
-85
-68
-51
-34
-17
17'

29-01-2025T02:41:24 - [MESSAGE][PASSED] - Text of object 'Object Repository/Выполнение бизнес-плана/Список ДЗО' is: '-0.21
-80.57
-0.44
-0.64
-0.02
0.20
-0.33
-92.64
-0.02
0.20
-0.17
0.40
0.77
-0.49
-0.11
Россети ФСКЕЭС
АО«Тываэнерго»
Россети Волга
Россети Кубань
РоссетиЛенэнерго (ГК)
РоссетиМосковскийрегион
Россети Северо-Запад
Россети Сибирь
Россети Томск
Россети Тюмень
Россети Урал(ГК)
Россети Центр(ГК)
Россети Центри Приволжье(ГК)
Россети Юг(ГК)
Россети Янтарь
0
-102
-85
-68
-51
-34
-17
17'

29-01-2025T02:41:24 - [TEST_STEP][PASSED] - for ([ii = 1, ii < dZONum, (ii++)]): null

29-01-2025T02:41:24 - [TEST_STEP][PASSED] - i1 = z.indexOf("/") + 1: null

29-01-2025T02:41:24 - [TEST_STEP][PASSED] - if (i1 > -1): null

29-01-2025T02:41:24 - [TEST_STEP][PASSED] - z = z.substring(i1, z.length()): null

29-01-2025T02:41:24 - [TEST_STEP][PASSED] - i1 = z.indexOf("/"): null

29-01-2025T02:41:24 - [TEST_STEP][PASSED] - i1 = z.indexOf("/") + 1: null

29-01-2025T02:41:24 - [TEST_STEP][PASSED] - if (i1 > -1): null

29-01-2025T02:41:24 - [TEST_STEP][PASSED] - z = z.substring(i1, z.length()): null

29-01-2025T02:41:24 - [TEST_STEP][PASSED] - i1 = z.indexOf("/"): null

29-01-2025T02:41:24 - [TEST_STEP][PASSED] - i1 = z.indexOf("/") + 1: null

29-01-2025T02:41:24 - [TEST_STEP][PASSED] - if (i1 > -1): null

29-01-2025T02:41:24 - [TEST_STEP][PASSED] - z = z.substring(i1, z.length()): null

29-01-2025T02:41:24 - [TEST_STEP][PASSED] - i1 = z.indexOf("/"): null

29-01-2025T02:41:24 - [TEST_STEP][PASSED] - i1 = z.indexOf("/") + 1: null

29-01-2025T02:41:24 - [TEST_STEP][PASSED] - if (i1 > -1): null

29-01-2025T02:41:24 - [TEST_STEP][PASSED] - z = z.substring(i1, z.length()): null

29-01-2025T02:41:24 - [TEST_STEP][PASSED] - i1 = z.indexOf("/"): null

29-01-2025T02:41:24 - [TEST_STEP][PASSED] - i1 = z.indexOf("/") + 1: null

29-01-2025T02:41:24 - [TEST_STEP][PASSED] - if (i1 > -1): null

29-01-2025T02:41:24 - [TEST_STEP][PASSED] - z = z.substring(i1, z.length()): null

29-01-2025T02:41:24 - [TEST_STEP][PASSED] - i1 = z.indexOf("/"): null

29-01-2025T02:41:24 - [TEST_STEP][PASSED] - i1 = z.indexOf("/") + 1: null

29-01-2025T02:41:24 - [TEST_STEP][PASSED] - if (i1 > -1): null

29-01-2025T02:41:24 - [TEST_STEP][PASSED] - z = z.substring(i1, z.length()): null

29-01-2025T02:41:24 - [TEST_STEP][PASSED] - i1 = z.indexOf("/"): null

29-01-2025T02:41:24 - [TEST_STEP][PASSED] - i1 = z.indexOf("/") + 1: null

29-01-2025T02:41:24 - [TEST_STEP][PASSED] - if (i1 > -1): null

29-01-2025T02:41:24 - [TEST_STEP][PASSED] - z = z.substring(i1, z.length()): null

29-01-2025T02:41:24 - [TEST_STEP][PASSED] - i1 = z.indexOf("/"): null

29-01-2025T02:41:24 - [TEST_STEP][PASSED] - i1 = z.indexOf("/") + 1: null

29-01-2025T02:41:24 - [TEST_STEP][PASSED] - if (i1 > -1): null

29-01-2025T02:41:24 - [TEST_STEP][PASSED] - z = z.substring(i1, z.length()): null

29-01-2025T02:41:24 - [TEST_STEP][PASSED] - i1 = z.indexOf("/"): null

29-01-2025T02:41:24 - [TEST_STEP][PASSED] - i1 = z.indexOf("/") + 1: null

29-01-2025T02:41:24 - [TEST_STEP][PASSED] - if (i1 > -1): null

29-01-2025T02:41:24 - [TEST_STEP][PASSED] - z = z.substring(i1, z.length()): null

29-01-2025T02:41:24 - [TEST_STEP][PASSED] - i1 = z.indexOf("/"): null

29-01-2025T02:41:24 - [TEST_STEP][PASSED] - i1 = z.indexOf("/"): null

29-01-2025T02:41:24 - [TEST_STEP][PASSED] - if (i1 > -1): null

29-01-2025T02:41:24 - [TEST_STEP][PASSED] - z = z.substring(0, i1): null

29-01-2025T02:41:24 - [TEST_STEP][PASSED] - z = z.replace(",", "."): null

29-01-2025T02:41:24 - [TEST_STEP][PASSED] - println(z): null

29-01-2025T02:41:24 - [TEST_STEP][PASSED] - x = x + "/" + z: null

29-01-2025T02:41:24 - [TEST_STEP][PASSED] - x = x.replaceAll("[\r?
|
]", ""): null

29-01-2025T02:41:24 - [TEST_STEP][PASSED] - println("x =" + x): null

29-01-2025T02:41:24 - [TEST_STEP][PASSED] - return x: null

29-01-2025T02:41:24 - [TEST_STEP][PASSED] - println("tyumR: " + tyumR): null

29-01-2025T02:41:24 - [TEST_STEP][PASSED] - i = VseDZO.indexOf("Урал"): null

29-01-2025T02:41:24 - [TEST_STEP][PASSED] - if (i > -1): null

29-01-2025T02:41:24 - [TEST_STEP][PASSED] - dZONum = dZONum + 1: null

29-01-2025T02:41:24 - [TEST_STEP][PASSED] - urR = GetAllData(path, dZONum, VseDZO, x = "Россети Урал (ГК)/"): null

29-01-2025T02:41:24 - [TEST_STEP][PASSED] - ii = <not implemented yet for class: org.codehaus.groovy.ast.expr.EmptyExpression>: null

29-01-2025T02:41:24 - [TEST_STEP][PASSED] - i1 = <not implemented yet for class: org.codehaus.groovy.ast.expr.EmptyExpression>: null

29-01-2025T02:41:24 - [TEST_STEP][PASSED] - z = <not implemented yet for class: org.codehaus.groovy.ast.expr.EmptyExpression>: null

29-01-2025T02:41:24 - [TEST_STEP][PASSED] - path2 = "Значения со страницы Выполнение бизнес-плана/Table Data/": null

29-01-2025T02:41:24 - [TEST_STEP][PASSED] - println("path: " + path): null

29-01-2025T02:41:24 - [TEST_STEP][PASSED] - println("dZONum: " + dZONum): null

29-01-2025T02:41:24 - [TEST_STEP][PASSED] - z = getText(findTestObject(path + "spanPlan" + dZONum)): Text of object 'Object Repository/Выполнение бизнес-плана/spanPlan11' is: '6.07
|'

29-01-2025T02:41:24 - [MESSAGE][PASSED] - Text of object 'Object Repository/Выполнение бизнес-плана/spanPlan11' is: '6.07
|'

29-01-2025T02:41:24 - [TEST_STEP][PASSED] - println(z): null

29-01-2025T02:41:24 - [TEST_STEP][PASSED] - ii = z.indexOf("|"): null

29-01-2025T02:41:24 - [TEST_STEP][PASSED] - if (ii > -1): null

29-01-2025T02:41:24 - [TEST_STEP][PASSED] - z = z.substring(0, z.length() - 1): null

29-01-2025T02:41:24 - [TEST_STEP][PASSED] - println(z): null

29-01-2025T02:41:24 - [TEST_STEP][PASSED] - z = z.replaceAll("\s+", ""): null

29-01-2025T02:41:24 - [TEST_STEP][PASSED] - z = z.replace("[\r?
|
]", "/"): null

29-01-2025T02:41:24 - [TEST_STEP][PASSED] - println(z): null

29-01-2025T02:41:24 - [TEST_STEP][PASSED] - x = x + z: null

29-01-2025T02:41:24 - [TEST_STEP][PASSED] - z = getText(findTestObject(path + "spanFact" + dZONum)): Text of object 'Object Repository/Выполнение бизнес-плана/spanFact11' is: '5.90'

29-01-2025T02:41:25 - [MESSAGE][PASSED] - Text of object 'Object Repository/Выполнение бизнес-плана/spanFact11' is: '5.90'

29-01-2025T02:41:25 - [TEST_STEP][PASSED] - ii = z.indexOf("|"): null

29-01-2025T02:41:25 - [TEST_STEP][PASSED] - if (ii > -1): null

29-01-2025T02:41:25 - [TEST_STEP][PASSED] - x = x + "/" + z: null

29-01-2025T02:41:25 - [TEST_STEP][PASSED] - z = getText(findTestObject(path + path2 + "Факт Отпуск в сеть за отчётный период " + dZONum)).replaceAll("\s+", ""): Text of object 'Object Repository/Выполнение бизнес-плана/Значения со страницы Выполнение бизнес-плана/Table Data/Факт Отпуск в сеть за отчётный период 11' is: '5 175 776'

29-01-2025T02:41:25 - [MESSAGE][PASSED] - Text of object 'Object Repository/Выполнение бизнес-плана/Значения со страницы Выполнение бизнес-плана/Table Data/Факт Отпуск в сеть за отчётный период 11' is: '5 175 776'

29-01-2025T02:41:25 - [TEST_STEP][PASSED] - println("z=" + z): null

29-01-2025T02:41:25 - [TEST_STEP][PASSED] - x = x + "/" + z: null

29-01-2025T02:41:25 - [TEST_STEP][PASSED] - z = getText(findTestObject(path + path2 + "Факт Отпуск из сети за отчётный период " + dZONum)).replaceAll("\s+", ""): Text of object 'Object Repository/Выполнение бизнес-плана/Значения со страницы Выполнение бизнес-плана/Table Data/Факт Отпуск из сети за отчётный период 11' is: '4 710 610'

29-01-2025T02:41:25 - [MESSAGE][PASSED] - Text of object 'Object Repository/Выполнение бизнес-плана/Значения со страницы Выполнение бизнес-плана/Table Data/Факт Отпуск из сети за отчётный период 11' is: '4 710 610'

29-01-2025T02:41:25 - [TEST_STEP][PASSED] - x = x + "/" + z: null

29-01-2025T02:41:25 - [TEST_STEP][PASSED] - z = getText(findTestObject(path + path2 + "Факт Потери за отчётный период " + dZONum)).replaceAll("\s+", ""): Text of object 'Object Repository/Выполнение бизнес-плана/Значения со страницы Выполнение бизнес-плана/Table Data/Факт Потери за отчётный период 11' is: '465 166'

29-01-2025T02:41:26 - [MESSAGE][PASSED] - Text of object 'Object Repository/Выполнение бизнес-плана/Значения со страницы Выполнение бизнес-плана/Table Data/Факт Потери за отчётный период 11' is: '465 166'

29-01-2025T02:41:26 - [TEST_STEP][PASSED] - x = x + "/" + z: null

29-01-2025T02:41:26 - [TEST_STEP][PASSED] - z = getText(findTestObject(path + path2 + "План Отпуск в сеть за отчётный период " + dZONum)).replaceAll("\s+", ""): Text of object 'Object Repository/Выполнение бизнес-плана/Значения со страницы Выполнение бизнес-плана/Table Data/План Отпуск в сеть за отчётный период 11' is: '5 006 761'

29-01-2025T02:41:26 - [MESSAGE][PASSED] - Text of object 'Object Repository/Выполнение бизнес-плана/Значения со страницы Выполнение бизнес-плана/Table Data/План Отпуск в сеть за отчётный период 11' is: '5 006 761'

29-01-2025T02:41:26 - [TEST_STEP][PASSED] - x = x + "/" + z: null

29-01-2025T02:41:26 - [TEST_STEP][PASSED] - z = getText(findTestObject(path + path2 + "План Отпуск из сети за отчётный период " + dZONum)).replaceAll("\s+", ""): Text of object 'Object Repository/Выполнение бизнес-плана/Значения со страницы Выполнение бизнес-плана/Table Data/План Отпуск из сети за отчётный период 11' is: '4 555 629'

29-01-2025T02:41:26 - [MESSAGE][PASSED] - Text of object 'Object Repository/Выполнение бизнес-плана/Значения со страницы Выполнение бизнес-плана/Table Data/План Отпуск из сети за отчётный период 11' is: '4 555 629'

29-01-2025T02:41:26 - [TEST_STEP][PASSED] - x = x + "/" + z: null

29-01-2025T02:41:26 - [TEST_STEP][PASSED] - z = getText(findTestObject(path + path2 + "План Потери за отчётный период " + dZONum)).replaceAll("\s+", ""): Text of object 'Object Repository/Выполнение бизнес-плана/Значения со страницы Выполнение бизнес-плана/Table Data/План Потери за отчётный период 11' is: '451 132'

29-01-2025T02:41:27 - [MESSAGE][PASSED] - Text of object 'Object Repository/Выполнение бизнес-плана/Значения со страницы Выполнение бизнес-плана/Table Data/План Потери за отчётный период 11' is: '451 132'

29-01-2025T02:41:27 - [TEST_STEP][PASSED] - x = x + "/" + z: null

29-01-2025T02:41:27 - [TEST_STEP][PASSED] - z = getText(findTestObject(path + "Список ДЗО")).replaceAll("[\r?
|
]", "/"): Text of object 'Object Repository/Выполнение бизнес-плана/Список ДЗО' is: '-0.21
-80.57
-0.44
-0.64
-0.02
0.20
-0.33
-92.64
-0.02
0.20
-0.17
0.40
0.77
-0.49
-0.11
Россети ФСКЕЭС
АО«Тываэнерго»
Россети Волга
Россети Кубань
РоссетиЛенэнерго (ГК)
РоссетиМосковскийрегион
Россети Северо-Запад
Россети Сибирь
Россети Томск
Россети Тюмень
Россети Урал(ГК)
Россети Центр(ГК)
Россети Центри Приволжье(ГК)
Россети Юг(ГК)
Россети Янтарь
0
-102
-85
-68
-51
-34
-17
17'

29-01-2025T02:41:27 - [MESSAGE][PASSED] - Text of object 'Object Repository/Выполнение бизнес-плана/Список ДЗО' is: '-0.21
-80.57
-0.44
-0.64
-0.02
0.20
-0.33
-92.64
-0.02
0.20
-0.17
0.40
0.77
-0.49
-0.11
Россети ФСКЕЭС
АО«Тываэнерго»
Россети Волга
Россети Кубань
РоссетиЛенэнерго (ГК)
РоссетиМосковскийрегион
Россети Северо-Запад
Россети Сибирь
Россети Томск
Россети Тюмень
Россети Урал(ГК)
Россети Центр(ГК)
Россети Центри Приволжье(ГК)
Россети Юг(ГК)
Россети Янтарь
0
-102
-85
-68
-51
-34
-17
17'

29-01-2025T02:41:27 - [TEST_STEP][PASSED] - for ([ii = 1, ii < dZONum, (ii++)]): null

29-01-2025T02:41:27 - [TEST_STEP][PASSED] - i1 = z.indexOf("/") + 1: null

29-01-2025T02:41:27 - [TEST_STEP][PASSED] - if (i1 > -1): null

29-01-2025T02:41:27 - [TEST_STEP][PASSED] - z = z.substring(i1, z.length()): null

29-01-2025T02:41:27 - [TEST_STEP][PASSED] - i1 = z.indexOf("/"): null

29-01-2025T02:41:27 - [TEST_STEP][PASSED] - i1 = z.indexOf("/") + 1: null

29-01-2025T02:41:27 - [TEST_STEP][PASSED] - if (i1 > -1): null

29-01-2025T02:41:27 - [TEST_STEP][PASSED] - z = z.substring(i1, z.length()): null

29-01-2025T02:41:27 - [TEST_STEP][PASSED] - i1 = z.indexOf("/"): null

29-01-2025T02:41:27 - [TEST_STEP][PASSED] - i1 = z.indexOf("/") + 1: null

29-01-2025T02:41:27 - [TEST_STEP][PASSED] - if (i1 > -1): null

29-01-2025T02:41:27 - [TEST_STEP][PASSED] - z = z.substring(i1, z.length()): null

29-01-2025T02:41:27 - [TEST_STEP][PASSED] - i1 = z.indexOf("/"): null

29-01-2025T02:41:27 - [TEST_STEP][PASSED] - i1 = z.indexOf("/") + 1: null

29-01-2025T02:41:27 - [TEST_STEP][PASSED] - if (i1 > -1): null

29-01-2025T02:41:27 - [TEST_STEP][PASSED] - z = z.substring(i1, z.length()): null

29-01-2025T02:41:27 - [TEST_STEP][PASSED] - i1 = z.indexOf("/"): null

29-01-2025T02:41:27 - [TEST_STEP][PASSED] - i1 = z.indexOf("/") + 1: null

29-01-2025T02:41:27 - [TEST_STEP][PASSED] - if (i1 > -1): null

29-01-2025T02:41:27 - [TEST_STEP][PASSED] - z = z.substring(i1, z.length()): null

29-01-2025T02:41:27 - [TEST_STEP][PASSED] - i1 = z.indexOf("/"): null

29-01-2025T02:41:27 - [TEST_STEP][PASSED] - i1 = z.indexOf("/") + 1: null

29-01-2025T02:41:27 - [TEST_STEP][PASSED] - if (i1 > -1): null

29-01-2025T02:41:27 - [TEST_STEP][PASSED] - z = z.substring(i1, z.length()): null

29-01-2025T02:41:27 - [TEST_STEP][PASSED] - i1 = z.indexOf("/"): null

29-01-2025T02:41:27 - [TEST_STEP][PASSED] - i1 = z.indexOf("/") + 1: null

29-01-2025T02:41:27 - [TEST_STEP][PASSED] - if (i1 > -1): null

29-01-2025T02:41:27 - [TEST_STEP][PASSED] - z = z.substring(i1, z.length()): null

29-01-2025T02:41:27 - [TEST_STEP][PASSED] - i1 = z.indexOf("/"): null

29-01-2025T02:41:27 - [TEST_STEP][PASSED] - i1 = z.indexOf("/") + 1: null

29-01-2025T02:41:27 - [TEST_STEP][PASSED] - if (i1 > -1): null

29-01-2025T02:41:27 - [TEST_STEP][PASSED] - z = z.substring(i1, z.length()): null

29-01-2025T02:41:27 - [TEST_STEP][PASSED] - i1 = z.indexOf("/"): null

29-01-2025T02:41:27 - [TEST_STEP][PASSED] - i1 = z.indexOf("/") + 1: null

29-01-2025T02:41:27 - [TEST_STEP][PASSED] - if (i1 > -1): null

29-01-2025T02:41:27 - [TEST_STEP][PASSED] - z = z.substring(i1, z.length()): null

29-01-2025T02:41:27 - [TEST_STEP][PASSED] - i1 = z.indexOf("/"): null

29-01-2025T02:41:27 - [TEST_STEP][PASSED] - i1 = z.indexOf("/") + 1: null

29-01-2025T02:41:27 - [TEST_STEP][PASSED] - if (i1 > -1): null

29-01-2025T02:41:27 - [TEST_STEP][PASSED] - z = z.substring(i1, z.length()): null

29-01-2025T02:41:27 - [TEST_STEP][PASSED] - i1 = z.indexOf("/"): null

29-01-2025T02:41:27 - [TEST_STEP][PASSED] - i1 = z.indexOf("/"): null

29-01-2025T02:41:27 - [TEST_STEP][PASSED] - if (i1 > -1): null

29-01-2025T02:41:27 - [TEST_STEP][PASSED] - z = z.substring(0, i1): null

29-01-2025T02:41:27 - [TEST_STEP][PASSED] - z = z.replace(",", "."): null

29-01-2025T02:41:27 - [TEST_STEP][PASSED] - println(z): null

29-01-2025T02:41:27 - [TEST_STEP][PASSED] - x = x + "/" + z: null

29-01-2025T02:41:27 - [TEST_STEP][PASSED] - x = x.replaceAll("[\r?
|
]", ""): null

29-01-2025T02:41:27 - [TEST_STEP][PASSED] - println("x =" + x): null

29-01-2025T02:41:27 - [TEST_STEP][PASSED] - return x: null

29-01-2025T02:41:27 - [TEST_STEP][PASSED] - println("urR: " + urR): null

29-01-2025T02:41:27 - [TEST_STEP][PASSED] - i = VseDZO.indexOf("Центр"): null

29-01-2025T02:41:27 - [TEST_STEP][PASSED] - if (i > -1): null

29-01-2025T02:41:27 - [TEST_STEP][PASSED] - dZONum = dZONum + 1: null

29-01-2025T02:41:27 - [TEST_STEP][PASSED] - cenR = GetAllData(path, dZONum, VseDZO, x = "Россети Центр (ГК)/"): null

29-01-2025T02:41:27 - [TEST_STEP][PASSED] - ii = <not implemented yet for class: org.codehaus.groovy.ast.expr.EmptyExpression>: null

29-01-2025T02:41:27 - [TEST_STEP][PASSED] - i1 = <not implemented yet for class: org.codehaus.groovy.ast.expr.EmptyExpression>: null

29-01-2025T02:41:27 - [TEST_STEP][PASSED] - z = <not implemented yet for class: org.codehaus.groovy.ast.expr.EmptyExpression>: null

29-01-2025T02:41:27 - [TEST_STEP][PASSED] - path2 = "Значения со страницы Выполнение бизнес-плана/Table Data/": null

29-01-2025T02:41:27 - [TEST_STEP][PASSED] - println("path: " + path): null

29-01-2025T02:41:27 - [TEST_STEP][PASSED] - println("dZONum: " + dZONum): null

29-01-2025T02:41:27 - [TEST_STEP][PASSED] - z = getText(findTestObject(path + "spanPlan" + dZONum)): Text of object 'Object Repository/Выполнение бизнес-плана/spanPlan12' is: '13.44'

29-01-2025T02:41:27 - [MESSAGE][PASSED] - Text of object 'Object Repository/Выполнение бизнес-плана/spanPlan12' is: '13.44'

29-01-2025T02:41:27 - [TEST_STEP][PASSED] - println(z): null

29-01-2025T02:41:27 - [TEST_STEP][PASSED] - ii = z.indexOf("|"): null

29-01-2025T02:41:27 - [TEST_STEP][PASSED] - if (ii > -1): null

29-01-2025T02:41:27 - [TEST_STEP][PASSED] - z = z.replaceAll("\s+", ""): null

29-01-2025T02:41:27 - [TEST_STEP][PASSED] - z = z.replace("[\r?
|
]", "/"): null

29-01-2025T02:41:27 - [TEST_STEP][PASSED] - println(z): null

29-01-2025T02:41:27 - [TEST_STEP][PASSED] - x = x + z: null

29-01-2025T02:41:27 - [TEST_STEP][PASSED] - z = getText(findTestObject(path + "spanFact" + dZONum)): Text of object 'Object Repository/Выполнение бизнес-плана/spanFact12' is: '13.84
|'

29-01-2025T02:41:27 - [MESSAGE][PASSED] - Text of object 'Object Repository/Выполнение бизнес-плана/spanFact12' is: '13.84
|'

29-01-2025T02:41:27 - [TEST_STEP][PASSED] - ii = z.indexOf("|"): null

29-01-2025T02:41:27 - [TEST_STEP][PASSED] - if (ii > -1): null

29-01-2025T02:41:27 - [TEST_STEP][PASSED] - z = length() - 1).replace("[\r?
|
]", "/"): null

29-01-2025T02:41:27 - [TEST_STEP][PASSED] - x = x + "/" + z: null

29-01-2025T02:41:27 - [TEST_STEP][PASSED] - z = getText(findTestObject(path + path2 + "Факт Отпуск в сеть за отчётный период " + dZONum)).replaceAll("\s+", ""): Text of object 'Object Repository/Выполнение бизнес-плана/Значения со страницы Выполнение бизнес-плана/Table Data/Факт Отпуск в сеть за отчётный период 12' is: '52 550 349'

29-01-2025T02:41:28 - [MESSAGE][PASSED] - Text of object 'Object Repository/Выполнение бизнес-плана/Значения со страницы Выполнение бизнес-плана/Table Data/Факт Отпуск в сеть за отчётный период 12' is: '52 550 349'

29-01-2025T02:41:28 - [TEST_STEP][PASSED] - println("z=" + z): null

29-01-2025T02:41:28 - [TEST_STEP][PASSED] - x = x + "/" + z: null

29-01-2025T02:41:28 - [TEST_STEP][PASSED] - z = getText(findTestObject(path + path2 + "Факт Отпуск из сети за отчётный период " + dZONum)).replaceAll("\s+", ""): Text of object 'Object Repository/Выполнение бизнес-плана/Значения со страницы Выполнение бизнес-плана/Table Data/Факт Отпуск из сети за отчётный период 12' is: '51 105 150'

29-01-2025T02:41:28 - [MESSAGE][PASSED] - Text of object 'Object Repository/Выполнение бизнес-плана/Значения со страницы Выполнение бизнес-плана/Table Data/Факт Отпуск из сети за отчётный период 12' is: '51 105 150'

29-01-2025T02:41:28 - [TEST_STEP][PASSED] - x = x + "/" + z: null

29-01-2025T02:41:28 - [TEST_STEP][PASSED] - z = getText(findTestObject(path + path2 + "Факт Потери за отчётный период " + dZONum)).replaceAll("\s+", ""): Text of object 'Object Repository/Выполнение бизнес-плана/Значения со страницы Выполнение бизнес-плана/Table Data/Факт Потери за отчётный период 12' is: '1 445 199'

29-01-2025T02:41:28 - [MESSAGE][PASSED] - Text of object 'Object Repository/Выполнение бизнес-плана/Значения со страницы Выполнение бизнес-плана/Table Data/Факт Потери за отчётный период 12' is: '1 445 199'

29-01-2025T02:41:28 - [TEST_STEP][PASSED] - x = x + "/" + z: null

29-01-2025T02:41:28 - [TEST_STEP][PASSED] - z = getText(findTestObject(path + path2 + "План Отпуск в сеть за отчётный период " + dZONum)).replaceAll("\s+", ""): Text of object 'Object Repository/Выполнение бизнес-плана/Значения со страницы Выполнение бизнес-плана/Table Data/План Отпуск в сеть за отчётный период 12' is: '55 037 919'

29-01-2025T02:41:29 - [MESSAGE][PASSED] - Text of object 'Object Repository/Выполнение бизнес-плана/Значения со страницы Выполнение бизнес-плана/Table Data/План Отпуск в сеть за отчётный период 12' is: '55 037 919'

29-01-2025T02:41:29 - [TEST_STEP][PASSED] - x = x + "/" + z: null

29-01-2025T02:41:29 - [TEST_STEP][PASSED] - z = getText(findTestObject(path + path2 + "План Отпуск из сети за отчётный период " + dZONum)).replaceAll("\s+", ""): Text of object 'Object Repository/Выполнение бизнес-плана/Значения со страницы Выполнение бизнес-плана/Table Data/План Отпуск из сети за отчётный период 12' is: '53 612 860'

29-01-2025T02:41:29 - [MESSAGE][PASSED] - Text of object 'Object Repository/Выполнение бизнес-плана/Значения со страницы Выполнение бизнес-плана/Table Data/План Отпуск из сети за отчётный период 12' is: '53 612 860'

29-01-2025T02:41:29 - [TEST_STEP][PASSED] - x = x + "/" + z: null

29-01-2025T02:41:29 - [TEST_STEP][PASSED] - z = getText(findTestObject(path + path2 + "План Потери за отчётный период " + dZONum)).replaceAll("\s+", ""): Text of object 'Object Repository/Выполнение бизнес-плана/Значения со страницы Выполнение бизнес-плана/Table Data/План Потери за отчётный период 12' is: '1 425 059'

29-01-2025T02:41:29 - [MESSAGE][PASSED] - Text of object 'Object Repository/Выполнение бизнес-плана/Значения со страницы Выполнение бизнес-плана/Table Data/План Потери за отчётный период 12' is: '1 425 059'

29-01-2025T02:41:29 - [TEST_STEP][PASSED] - x = x + "/" + z: null

29-01-2025T02:41:29 - [TEST_STEP][PASSED] - z = getText(findTestObject(path + "Список ДЗО")).replaceAll("[\r?
|
]", "/"): Text of object 'Object Repository/Выполнение бизнес-плана/Список ДЗО' is: '-0.21
-80.57
-0.44
-0.64
-0.02
0.20
-0.33
-92.64
-0.02
0.20
-0.17
0.40
0.77
-0.49
-0.11
Россети ФСКЕЭС
АО«Тываэнерго»
Россети Волга
Россети Кубань
РоссетиЛенэнерго (ГК)
РоссетиМосковскийрегион
Россети Северо-Запад
Россети Сибирь
Россети Томск
Россети Тюмень
Россети Урал(ГК)
Россети Центр(ГК)
Россети Центри Приволжье(ГК)
Россети Юг(ГК)
Россети Янтарь
0
-102
-85
-68
-51
-34
-17
17'

29-01-2025T02:41:30 - [MESSAGE][PASSED] - Text of object 'Object Repository/Выполнение бизнес-плана/Список ДЗО' is: '-0.21
-80.57
-0.44
-0.64
-0.02
0.20
-0.33
-92.64
-0.02
0.20
-0.17
0.40
0.77
-0.49
-0.11
Россети ФСКЕЭС
АО«Тываэнерго»
Россети Волга
Россети Кубань
РоссетиЛенэнерго (ГК)
РоссетиМосковскийрегион
Россети Северо-Запад
Россети Сибирь
Россети Томск
Россети Тюмень
Россети Урал(ГК)
Россети Центр(ГК)
Россети Центри Приволжье(ГК)
Россети Юг(ГК)
Россети Янтарь
0
-102
-85
-68
-51
-34
-17
17'

29-01-2025T02:41:30 - [TEST_STEP][PASSED] - for ([ii = 1, ii < dZONum, (ii++)]): null

29-01-2025T02:41:30 - [TEST_STEP][PASSED] - i1 = z.indexOf("/") + 1: null

29-01-2025T02:41:30 - [TEST_STEP][PASSED] - if (i1 > -1): null

29-01-2025T02:41:30 - [TEST_STEP][PASSED] - z = z.substring(i1, z.length()): null

29-01-2025T02:41:30 - [TEST_STEP][PASSED] - i1 = z.indexOf("/"): null

29-01-2025T02:41:30 - [TEST_STEP][PASSED] - i1 = z.indexOf("/") + 1: null

29-01-2025T02:41:30 - [TEST_STEP][PASSED] - if (i1 > -1): null

29-01-2025T02:41:30 - [TEST_STEP][PASSED] - z = z.substring(i1, z.length()): null

29-01-2025T02:41:30 - [TEST_STEP][PASSED] - i1 = z.indexOf("/"): null

29-01-2025T02:41:30 - [TEST_STEP][PASSED] - i1 = z.indexOf("/") + 1: null

29-01-2025T02:41:30 - [TEST_STEP][PASSED] - if (i1 > -1): null

29-01-2025T02:41:30 - [TEST_STEP][PASSED] - z = z.substring(i1, z.length()): null

29-01-2025T02:41:30 - [TEST_STEP][PASSED] - i1 = z.indexOf("/"): null

29-01-2025T02:41:30 - [TEST_STEP][PASSED] - i1 = z.indexOf("/") + 1: null

29-01-2025T02:41:30 - [TEST_STEP][PASSED] - if (i1 > -1): null

29-01-2025T02:41:30 - [TEST_STEP][PASSED] - z = z.substring(i1, z.length()): null

29-01-2025T02:41:30 - [TEST_STEP][PASSED] - i1 = z.indexOf("/"): null

29-01-2025T02:41:30 - [TEST_STEP][PASSED] - i1 = z.indexOf("/") + 1: null

29-01-2025T02:41:30 - [TEST_STEP][PASSED] - if (i1 > -1): null

29-01-2025T02:41:30 - [TEST_STEP][PASSED] - z = z.substring(i1, z.length()): null

29-01-2025T02:41:30 - [TEST_STEP][PASSED] - i1 = z.indexOf("/"): null

29-01-2025T02:41:30 - [TEST_STEP][PASSED] - i1 = z.indexOf("/") + 1: null

29-01-2025T02:41:30 - [TEST_STEP][PASSED] - if (i1 > -1): null

29-01-2025T02:41:30 - [TEST_STEP][PASSED] - z = z.substring(i1, z.length()): null

29-01-2025T02:41:30 - [TEST_STEP][PASSED] - i1 = z.indexOf("/"): null

29-01-2025T02:41:30 - [TEST_STEP][PASSED] - i1 = z.indexOf("/") + 1: null

29-01-2025T02:41:30 - [TEST_STEP][PASSED] - if (i1 > -1): null

29-01-2025T02:41:30 - [TEST_STEP][PASSED] - z = z.substring(i1, z.length()): null

29-01-2025T02:41:30 - [TEST_STEP][PASSED] - i1 = z.indexOf("/"): null

29-01-2025T02:41:30 - [TEST_STEP][PASSED] - i1 = z.indexOf("/") + 1: null

29-01-2025T02:41:30 - [TEST_STEP][PASSED] - if (i1 > -1): null

29-01-2025T02:41:30 - [TEST_STEP][PASSED] - z = z.substring(i1, z.length()): null

29-01-2025T02:41:30 - [TEST_STEP][PASSED] - i1 = z.indexOf("/"): null

29-01-2025T02:41:30 - [TEST_STEP][PASSED] - i1 = z.indexOf("/") + 1: null

29-01-2025T02:41:30 - [TEST_STEP][PASSED] - if (i1 > -1): null

29-01-2025T02:41:30 - [TEST_STEP][PASSED] - z = z.substring(i1, z.length()): null

29-01-2025T02:41:30 - [TEST_STEP][PASSED] - i1 = z.indexOf("/"): null

29-01-2025T02:41:30 - [TEST_STEP][PASSED] - i1 = z.indexOf("/") + 1: null

29-01-2025T02:41:30 - [TEST_STEP][PASSED] - if (i1 > -1): null

29-01-2025T02:41:30 - [TEST_STEP][PASSED] - z = z.substring(i1, z.length()): null

29-01-2025T02:41:30 - [TEST_STEP][PASSED] - i1 = z.indexOf("/"): null

29-01-2025T02:41:30 - [TEST_STEP][PASSED] - i1 = z.indexOf("/") + 1: null

29-01-2025T02:41:30 - [TEST_STEP][PASSED] - if (i1 > -1): null

29-01-2025T02:41:30 - [TEST_STEP][PASSED] - z = z.substring(i1, z.length()): null

29-01-2025T02:41:30 - [TEST_STEP][PASSED] - i1 = z.indexOf("/"): null

29-01-2025T02:41:30 - [TEST_STEP][PASSED] - i1 = z.indexOf("/"): null

29-01-2025T02:41:30 - [TEST_STEP][PASSED] - if (i1 > -1): null

29-01-2025T02:41:30 - [TEST_STEP][PASSED] - z = z.substring(0, i1): null

29-01-2025T02:41:30 - [TEST_STEP][PASSED] - z = z.replace(",", "."): null

29-01-2025T02:41:30 - [TEST_STEP][PASSED] - println(z): null

29-01-2025T02:41:30 - [TEST_STEP][PASSED] - x = x + "/" + z: null

29-01-2025T02:41:30 - [TEST_STEP][PASSED] - x = x.replaceAll("[\r?
|
]", ""): null

29-01-2025T02:41:30 - [TEST_STEP][PASSED] - println("x =" + x): null

29-01-2025T02:41:30 - [TEST_STEP][PASSED] - return x: null

29-01-2025T02:41:30 - [TEST_STEP][PASSED] - println("cenR: " + cenR): null

29-01-2025T02:41:30 - [TEST_STEP][PASSED] - i = VseDZO.indexOf("Приволжье"): null

29-01-2025T02:41:30 - [TEST_STEP][PASSED] - if (i > -1): null

29-01-2025T02:41:30 - [TEST_STEP][PASSED] - dZONum = dZONum + 1: null

29-01-2025T02:41:30 - [TEST_STEP][PASSED] - cIPR = GetAllData(path, dZONum, VseDZO, x = "Россети Центр и Приволжье (ГК)/"): null

29-01-2025T02:41:30 - [TEST_STEP][PASSED] - ii = <not implemented yet for class: org.codehaus.groovy.ast.expr.EmptyExpression>: null

29-01-2025T02:41:30 - [TEST_STEP][PASSED] - i1 = <not implemented yet for class: org.codehaus.groovy.ast.expr.EmptyExpression>: null

29-01-2025T02:41:30 - [TEST_STEP][PASSED] - z = <not implemented yet for class: org.codehaus.groovy.ast.expr.EmptyExpression>: null

29-01-2025T02:41:30 - [TEST_STEP][PASSED] - path2 = "Значения со страницы Выполнение бизнес-плана/Table Data/": null

29-01-2025T02:41:30 - [TEST_STEP][PASSED] - println("path: " + path): null

29-01-2025T02:41:30 - [TEST_STEP][PASSED] - println("dZONum: " + dZONum): null

29-01-2025T02:41:30 - [TEST_STEP][PASSED] - z = getText(findTestObject(path + "spanPlan" + dZONum)): Text of object 'Object Repository/Выполнение бизнес-плана/spanPlan13' is: '9.30'

29-01-2025T02:41:30 - [MESSAGE][PASSED] - Text of object 'Object Repository/Выполнение бизнес-плана/spanPlan13' is: '9.30'

29-01-2025T02:41:30 - [TEST_STEP][PASSED] - println(z): null

29-01-2025T02:41:30 - [TEST_STEP][PASSED] - ii = z.indexOf("|"): null

29-01-2025T02:41:30 - [TEST_STEP][PASSED] - if (ii > -1): null

29-01-2025T02:41:30 - [TEST_STEP][PASSED] - z = z.replaceAll("\s+", ""): null

29-01-2025T02:41:30 - [TEST_STEP][PASSED] - z = z.replace("[\r?
|
]", "/"): null

29-01-2025T02:41:30 - [TEST_STEP][PASSED] - println(z): null

29-01-2025T02:41:30 - [TEST_STEP][PASSED] - x = x + z: null

29-01-2025T02:41:30 - [TEST_STEP][PASSED] - z = getText(findTestObject(path + "spanFact" + dZONum)): Text of object 'Object Repository/Выполнение бизнес-плана/spanFact13' is: '10.08
|'

29-01-2025T02:41:30 - [MESSAGE][PASSED] - Text of object 'Object Repository/Выполнение бизнес-плана/spanFact13' is: '10.08
|'

29-01-2025T02:41:30 - [TEST_STEP][PASSED] - ii = z.indexOf("|"): null

29-01-2025T02:41:30 - [TEST_STEP][PASSED] - if (ii > -1): null

29-01-2025T02:41:30 - [TEST_STEP][PASSED] - z = length() - 1).replace("[\r?
|
]", "/"): null

29-01-2025T02:41:30 - [TEST_STEP][PASSED] - x = x + "/" + z: null

29-01-2025T02:41:30 - [TEST_STEP][PASSED] - z = getText(findTestObject(path + path2 + "Факт Отпуск в сеть за отчётный период " + dZONum)).replaceAll("\s+", ""): Text of object 'Object Repository/Выполнение бизнес-плана/Значения со страницы Выполнение бизнес-плана/Table Data/Факт Отпуск в сеть за отчётный период 13' is: '78 097 898'

29-01-2025T02:41:31 - [MESSAGE][PASSED] - Text of object 'Object Repository/Выполнение бизнес-плана/Значения со страницы Выполнение бизнес-плана/Table Data/Факт Отпуск в сеть за отчётный период 13' is: '78 097 898'

29-01-2025T02:41:31 - [TEST_STEP][PASSED] - println("z=" + z): null

29-01-2025T02:41:31 - [TEST_STEP][PASSED] - x = x + "/" + z: null

29-01-2025T02:41:31 - [TEST_STEP][PASSED] - z = getText(findTestObject(path + path2 + "Факт Отпуск из сети за отчётный период " + dZONum)).replaceAll("\s+", ""): Text of object 'Object Repository/Выполнение бизнес-плана/Значения со страницы Выполнение бизнес-плана/Table Data/Факт Отпуск из сети за отчётный период 13' is: '73 469 328'

29-01-2025T02:41:31 - [MESSAGE][PASSED] - Text of object 'Object Repository/Выполнение бизнес-плана/Значения со страницы Выполнение бизнес-плана/Table Data/Факт Отпуск из сети за отчётный период 13' is: '73 469 328'

29-01-2025T02:41:31 - [TEST_STEP][PASSED] - x = x + "/" + z: null

29-01-2025T02:41:31 - [TEST_STEP][PASSED] - z = getText(findTestObject(path + path2 + "Факт Потери за отчётный период " + dZONum)).replaceAll("\s+", ""): Text of object 'Object Repository/Выполнение бизнес-плана/Значения со страницы Выполнение бизнес-плана/Table Data/Факт Потери за отчётный период 13' is: '4 628 569'

29-01-2025T02:41:31 - [MESSAGE][PASSED] - Text of object 'Object Repository/Выполнение бизнес-плана/Значения со страницы Выполнение бизнес-плана/Table Data/Факт Потери за отчётный период 13' is: '4 628 569'

29-01-2025T02:41:31 - [TEST_STEP][PASSED] - x = x + "/" + z: null

29-01-2025T02:41:31 - [TEST_STEP][PASSED] - z = getText(findTestObject(path + path2 + "План Отпуск в сеть за отчётный период " + dZONum)).replaceAll("\s+", ""): Text of object 'Object Repository/Выполнение бизнес-плана/Значения со страницы Выполнение бизнес-плана/Table Data/План Отпуск в сеть за отчётный период 13' is: '75 299 546'

29-01-2025T02:41:32 - [MESSAGE][PASSED] - Text of object 'Object Repository/Выполнение бизнес-плана/Значения со страницы Выполнение бизнес-плана/Table Data/План Отпуск в сеть за отчётный период 13' is: '75 299 546'

29-01-2025T02:41:32 - [TEST_STEP][PASSED] - x = x + "/" + z: null

29-01-2025T02:41:32 - [TEST_STEP][PASSED] - z = getText(findTestObject(path + path2 + "План Отпуск из сети за отчётный период " + dZONum)).replaceAll("\s+", ""): Text of object 'Object Repository/Выполнение бизнес-плана/Значения со страницы Выполнение бизнес-плана/Table Data/План Отпуск из сети за отчётный период 13' is: '70 721 200'

29-01-2025T02:41:32 - [MESSAGE][PASSED] - Text of object 'Object Repository/Выполнение бизнес-плана/Значения со страницы Выполнение бизнес-плана/Table Data/План Отпуск из сети за отчётный период 13' is: '70 721 200'

29-01-2025T02:41:32 - [TEST_STEP][PASSED] - x = x + "/" + z: null

29-01-2025T02:41:32 - [TEST_STEP][PASSED] - z = getText(findTestObject(path + path2 + "План Потери за отчётный период " + dZONum)).replaceAll("\s+", ""): Text of object 'Object Repository/Выполнение бизнес-плана/Значения со страницы Выполнение бизнес-плана/Table Data/План Потери за отчётный период 13' is: '4 578 346'

29-01-2025T02:41:32 - [MESSAGE][PASSED] - Text of object 'Object Repository/Выполнение бизнес-плана/Значения со страницы Выполнение бизнес-плана/Table Data/План Потери за отчётный период 13' is: '4 578 346'

29-01-2025T02:41:32 - [TEST_STEP][PASSED] - x = x + "/" + z: null

29-01-2025T02:41:32 - [TEST_STEP][PASSED] - z = getText(findTestObject(path + "Список ДЗО")).replaceAll("[\r?
|
]", "/"): Text of object 'Object Repository/Выполнение бизнес-плана/Список ДЗО' is: '-0.21
-80.57
-0.44
-0.64
-0.02
0.20
-0.33
-92.64
-0.02
0.20
-0.17
0.40
0.77
-0.49
-0.11
Россети ФСКЕЭС
АО«Тываэнерго»
Россети Волга
Россети Кубань
РоссетиЛенэнерго (ГК)
РоссетиМосковскийрегион
Россети Северо-Запад
Россети Сибирь
Россети Томск
Россети Тюмень
Россети Урал(ГК)
Россети Центр(ГК)
Россети Центри Приволжье(ГК)
Россети Юг(ГК)
Россети Янтарь
0
-102
-85
-68
-51
-34
-17
17'

29-01-2025T02:41:32 - [MESSAGE][PASSED] - Text of object 'Object Repository/Выполнение бизнес-плана/Список ДЗО' is: '-0.21
-80.57
-0.44
-0.64
-0.02
0.20
-0.33
-92.64
-0.02
0.20
-0.17
0.40
0.77
-0.49
-0.11
Россети ФСКЕЭС
АО«Тываэнерго»
Россети Волга
Россети Кубань
РоссетиЛенэнерго (ГК)
РоссетиМосковскийрегион
Россети Северо-Запад
Россети Сибирь
Россети Томск
Россети Тюмень
Россети Урал(ГК)
Россети Центр(ГК)
Россети Центри Приволжье(ГК)
Россети Юг(ГК)
Россети Янтарь
0
-102
-85
-68
-51
-34
-17
17'

29-01-2025T02:41:32 - [TEST_STEP][PASSED] - for ([ii = 1, ii < dZONum, (ii++)]): null

29-01-2025T02:41:32 - [TEST_STEP][PASSED] - i1 = z.indexOf("/") + 1: null

29-01-2025T02:41:32 - [TEST_STEP][PASSED] - if (i1 > -1): null

29-01-2025T02:41:32 - [TEST_STEP][PASSED] - z = z.substring(i1, z.length()): null

29-01-2025T02:41:32 - [TEST_STEP][PASSED] - i1 = z.indexOf("/"): null

29-01-2025T02:41:32 - [TEST_STEP][PASSED] - i1 = z.indexOf("/") + 1: null

29-01-2025T02:41:32 - [TEST_STEP][PASSED] - if (i1 > -1): null

29-01-2025T02:41:32 - [TEST_STEP][PASSED] - z = z.substring(i1, z.length()): null

29-01-2025T02:41:32 - [TEST_STEP][PASSED] - i1 = z.indexOf("/"): null

29-01-2025T02:41:32 - [TEST_STEP][PASSED] - i1 = z.indexOf("/") + 1: null

29-01-2025T02:41:32 - [TEST_STEP][PASSED] - if (i1 > -1): null

29-01-2025T02:41:32 - [TEST_STEP][PASSED] - z = z.substring(i1, z.length()): null

29-01-2025T02:41:32 - [TEST_STEP][PASSED] - i1 = z.indexOf("/"): null

29-01-2025T02:41:32 - [TEST_STEP][PASSED] - i1 = z.indexOf("/") + 1: null

29-01-2025T02:41:32 - [TEST_STEP][PASSED] - if (i1 > -1): null

29-01-2025T02:41:32 - [TEST_STEP][PASSED] - z = z.substring(i1, z.length()): null

29-01-2025T02:41:32 - [TEST_STEP][PASSED] - i1 = z.indexOf("/"): null

29-01-2025T02:41:32 - [TEST_STEP][PASSED] - i1 = z.indexOf("/") + 1: null

29-01-2025T02:41:32 - [TEST_STEP][PASSED] - if (i1 > -1): null

29-01-2025T02:41:32 - [TEST_STEP][PASSED] - z = z.substring(i1, z.length()): null

29-01-2025T02:41:32 - [TEST_STEP][PASSED] - i1 = z.indexOf("/"): null

29-01-2025T02:41:32 - [TEST_STEP][PASSED] - i1 = z.indexOf("/") + 1: null

29-01-2025T02:41:32 - [TEST_STEP][PASSED] - if (i1 > -1): null

29-01-2025T02:41:32 - [TEST_STEP][PASSED] - z = z.substring(i1, z.length()): null

29-01-2025T02:41:32 - [TEST_STEP][PASSED] - i1 = z.indexOf("/"): null

29-01-2025T02:41:32 - [TEST_STEP][PASSED] - i1 = z.indexOf("/") + 1: null

29-01-2025T02:41:32 - [TEST_STEP][PASSED] - if (i1 > -1): null

29-01-2025T02:41:32 - [TEST_STEP][PASSED] - z = z.substring(i1, z.length()): null

29-01-2025T02:41:32 - [TEST_STEP][PASSED] - i1 = z.indexOf("/"): null

29-01-2025T02:41:32 - [TEST_STEP][PASSED] - i1 = z.indexOf("/") + 1: null

29-01-2025T02:41:32 - [TEST_STEP][PASSED] - if (i1 > -1): null

29-01-2025T02:41:32 - [TEST_STEP][PASSED] - z = z.substring(i1, z.length()): null

29-01-2025T02:41:32 - [TEST_STEP][PASSED] - i1 = z.indexOf("/"): null

29-01-2025T02:41:32 - [TEST_STEP][PASSED] - i1 = z.indexOf("/") + 1: null

29-01-2025T02:41:32 - [TEST_STEP][PASSED] - if (i1 > -1): null

29-01-2025T02:41:32 - [TEST_STEP][PASSED] - z = z.substring(i1, z.length()): null

29-01-2025T02:41:32 - [TEST_STEP][PASSED] - i1 = z.indexOf("/"): null

29-01-2025T02:41:32 - [TEST_STEP][PASSED] - i1 = z.indexOf("/") + 1: null

29-01-2025T02:41:32 - [TEST_STEP][PASSED] - if (i1 > -1): null

29-01-2025T02:41:32 - [TEST_STEP][PASSED] - z = z.substring(i1, z.length()): null

29-01-2025T02:41:32 - [TEST_STEP][PASSED] - i1 = z.indexOf("/"): null

29-01-2025T02:41:32 - [TEST_STEP][PASSED] - i1 = z.indexOf("/") + 1: null

29-01-2025T02:41:32 - [TEST_STEP][PASSED] - if (i1 > -1): null

29-01-2025T02:41:32 - [TEST_STEP][PASSED] - z = z.substring(i1, z.length()): null

29-01-2025T02:41:32 - [TEST_STEP][PASSED] - i1 = z.indexOf("/"): null

29-01-2025T02:41:32 - [TEST_STEP][PASSED] - i1 = z.indexOf("/") + 1: null

29-01-2025T02:41:32 - [TEST_STEP][PASSED] - if (i1 > -1): null

29-01-2025T02:41:32 - [TEST_STEP][PASSED] - z = z.substring(i1, z.length()): null

29-01-2025T02:41:32 - [TEST_STEP][PASSED] - i1 = z.indexOf("/"): null

29-01-2025T02:41:32 - [TEST_STEP][PASSED] - i1 = z.indexOf("/"): null

29-01-2025T02:41:32 - [TEST_STEP][PASSED] - if (i1 > -1): null

29-01-2025T02:41:32 - [TEST_STEP][PASSED] - z = z.substring(0, i1): null

29-01-2025T02:41:32 - [TEST_STEP][PASSED] - z = z.replace(",", "."): null

29-01-2025T02:41:32 - [TEST_STEP][PASSED] - println(z): null

29-01-2025T02:41:32 - [TEST_STEP][PASSED] - x = x + "/" + z: null

29-01-2025T02:41:32 - [TEST_STEP][PASSED] - x = x.replaceAll("[\r?
|
]", ""): null

29-01-2025T02:41:32 - [TEST_STEP][PASSED] - println("x =" + x): null

29-01-2025T02:41:32 - [TEST_STEP][PASSED] - return x: null

29-01-2025T02:41:32 - [TEST_STEP][PASSED] - println("cIPR: " + cIPR): null

29-01-2025T02:41:32 - [TEST_STEP][PASSED] - i = VseDZO.indexOf("Юг"): null

29-01-2025T02:41:32 - [TEST_STEP][PASSED] - if (i > -1): null

29-01-2025T02:41:32 - [TEST_STEP][PASSED] - dZONum = dZONum + 1: null

29-01-2025T02:41:32 - [TEST_STEP][PASSED] - ugR = GetAllData(path, dZONum, VseDZO, x = "Россети Юг (ГК)/"): null

29-01-2025T02:41:32 - [TEST_STEP][PASSED] - ii = <not implemented yet for class: org.codehaus.groovy.ast.expr.EmptyExpression>: null

29-01-2025T02:41:32 - [TEST_STEP][PASSED] - i1 = <not implemented yet for class: org.codehaus.groovy.ast.expr.EmptyExpression>: null

29-01-2025T02:41:32 - [TEST_STEP][PASSED] - z = <not implemented yet for class: org.codehaus.groovy.ast.expr.EmptyExpression>: null

29-01-2025T02:41:32 - [TEST_STEP][PASSED] - path2 = "Значения со страницы Выполнение бизнес-плана/Table Data/": null

29-01-2025T02:41:32 - [TEST_STEP][PASSED] - println("path: " + path): null

29-01-2025T02:41:32 - [TEST_STEP][PASSED] - println("dZONum: " + dZONum): null

29-01-2025T02:41:32 - [TEST_STEP][PASSED] - z = getText(findTestObject(path + "spanPlan" + dZONum)): Text of object 'Object Repository/Выполнение бизнес-плана/spanPlan14' is: '9.21
|'

29-01-2025T02:41:33 - [MESSAGE][PASSED] - Text of object 'Object Repository/Выполнение бизнес-плана/spanPlan14' is: '9.21
|'

29-01-2025T02:41:33 - [TEST_STEP][PASSED] - println(z): null

29-01-2025T02:41:33 - [TEST_STEP][PASSED] - ii = z.indexOf("|"): null

29-01-2025T02:41:33 - [TEST_STEP][PASSED] - if (ii > -1): null

29-01-2025T02:41:33 - [TEST_STEP][PASSED] - z = z.substring(0, z.length() - 1): null

29-01-2025T02:41:33 - [TEST_STEP][PASSED] - println(z): null

29-01-2025T02:41:33 - [TEST_STEP][PASSED] - z = z.replaceAll("\s+", ""): null

29-01-2025T02:41:33 - [TEST_STEP][PASSED] - z = z.replace("[\r?
|
]", "/"): null

29-01-2025T02:41:33 - [TEST_STEP][PASSED] - println(z): null

29-01-2025T02:41:33 - [TEST_STEP][PASSED] - x = x + z: null

29-01-2025T02:41:33 - [TEST_STEP][PASSED] - z = getText(findTestObject(path + "spanFact" + dZONum)): Text of object 'Object Repository/Выполнение бизнес-плана/spanFact14' is: '8.73'

29-01-2025T02:41:33 - [MESSAGE][PASSED] - Text of object 'Object Repository/Выполнение бизнес-плана/spanFact14' is: '8.73'

29-01-2025T02:41:33 - [TEST_STEP][PASSED] - ii = z.indexOf("|"): null

29-01-2025T02:41:33 - [TEST_STEP][PASSED] - if (ii > -1): null

29-01-2025T02:41:33 - [TEST_STEP][PASSED] - x = x + "/" + z: null

29-01-2025T02:41:33 - [TEST_STEP][PASSED] - z = getText(findTestObject(path + path2 + "Факт Отпуск в сеть за отчётный период " + dZONum)).replaceAll("\s+", ""): Text of object 'Object Repository/Выполнение бизнес-плана/Значения со страницы Выполнение бизнес-плана/Table Data/Факт Отпуск в сеть за отчётный период 14' is: '61 308 908'

29-01-2025T02:41:33 - [MESSAGE][PASSED] - Text of object 'Object Repository/Выполнение бизнес-плана/Значения со страницы Выполнение бизнес-плана/Table Data/Факт Отпуск в сеть за отчётный период 14' is: '61 308 908'

29-01-2025T02:41:33 - [TEST_STEP][PASSED] - println("z=" + z): null

29-01-2025T02:41:33 - [TEST_STEP][PASSED] - x = x + "/" + z: null

29-01-2025T02:41:33 - [TEST_STEP][PASSED] - z = getText(findTestObject(path + path2 + "Факт Отпуск из сети за отчётный период " + dZONum)).replaceAll("\s+", ""): Text of object 'Object Repository/Выполнение бизнес-плана/Значения со страницы Выполнение бизнес-плана/Table Data/Факт Отпуск из сети за отчётный период 14' is: '55 069 554'

29-01-2025T02:41:34 - [MESSAGE][PASSED] - Text of object 'Object Repository/Выполнение бизнес-плана/Значения со страницы Выполнение бизнес-плана/Table Data/Факт Отпуск из сети за отчётный период 14' is: '55 069 554'

29-01-2025T02:41:34 - [TEST_STEP][PASSED] - x = x + "/" + z: null

29-01-2025T02:41:34 - [TEST_STEP][PASSED] - z = getText(findTestObject(path + path2 + "Факт Потери за отчётный период " + dZONum)).replaceAll("\s+", ""): Text of object 'Object Repository/Выполнение бизнес-плана/Значения со страницы Выполнение бизнес-плана/Table Data/Факт Потери за отчётный период 14' is: '6 239 354'

29-01-2025T02:41:34 - [MESSAGE][PASSED] - Text of object 'Object Repository/Выполнение бизнес-плана/Значения со страницы Выполнение бизнес-плана/Table Data/Факт Потери за отчётный период 14' is: '6 239 354'

29-01-2025T02:41:34 - [TEST_STEP][PASSED] - x = x + "/" + z: null

29-01-2025T02:41:34 - [TEST_STEP][PASSED] - z = getText(findTestObject(path + path2 + "План Отпуск в сеть за отчётный период " + dZONum)).replaceAll("\s+", ""): Text of object 'Object Repository/Выполнение бизнес-плана/Значения со страницы Выполнение бизнес-плана/Table Data/План Отпуск в сеть за отчётный период 14' is: '59 895 276'

29-01-2025T02:41:34 - [MESSAGE][PASSED] - Text of object 'Object Repository/Выполнение бизнес-плана/Значения со страницы Выполнение бизнес-плана/Table Data/План Отпуск в сеть за отчётный период 14' is: '59 895 276'

29-01-2025T02:41:34 - [TEST_STEP][PASSED] - x = x + "/" + z: null

29-01-2025T02:41:34 - [TEST_STEP][PASSED] - z = getText(findTestObject(path + path2 + "План Отпуск из сети за отчётный период " + dZONum)).replaceAll("\s+", ""): Text of object 'Object Repository/Выполнение бизнес-плана/Значения со страницы Выполнение бизнес-плана/Table Data/План Отпуск из сети за отчётный период 14' is: '53 517 675'

29-01-2025T02:41:35 - [MESSAGE][PASSED] - Text of object 'Object Repository/Выполнение бизнес-плана/Значения со страницы Выполнение бизнес-плана/Table Data/План Отпуск из сети за отчётный период 14' is: '53 517 675'

29-01-2025T02:41:35 - [TEST_STEP][PASSED] - x = x + "/" + z: null

29-01-2025T02:41:35 - [TEST_STEP][PASSED] - z = getText(findTestObject(path + path2 + "План Потери за отчётный период " + dZONum)).replaceAll("\s+", ""): Text of object 'Object Repository/Выполнение бизнес-плана/Значения со страницы Выполнение бизнес-плана/Table Data/План Потери за отчётный период 14' is: '6 377 601'

29-01-2025T02:41:35 - [MESSAGE][PASSED] - Text of object 'Object Repository/Выполнение бизнес-плана/Значения со страницы Выполнение бизнес-плана/Table Data/План Потери за отчётный период 14' is: '6 377 601'

29-01-2025T02:41:35 - [TEST_STEP][PASSED] - x = x + "/" + z: null

29-01-2025T02:41:35 - [TEST_STEP][PASSED] - z = getText(findTestObject(path + "Список ДЗО")).replaceAll("[\r?
|
]", "/"): Text of object 'Object Repository/Выполнение бизнес-плана/Список ДЗО' is: '-0.21
-80.57
-0.44
-0.64
-0.02
0.20
-0.33
-92.64
-0.02
0.20
-0.17
0.40
0.77
-0.49
-0.11
Россети ФСКЕЭС
АО«Тываэнерго»
Россети Волга
Россети Кубань
РоссетиЛенэнерго (ГК)
РоссетиМосковскийрегион
Россети Северо-Запад
Россети Сибирь
Россети Томск
Россети Тюмень
Россети Урал(ГК)
Россети Центр(ГК)
Россети Центри Приволжье(ГК)
Россети Юг(ГК)
Россети Янтарь
0
-102
-85
-68
-51
-34
-17
17'

29-01-2025T02:41:35 - [MESSAGE][PASSED] - Text of object 'Object Repository/Выполнение бизнес-плана/Список ДЗО' is: '-0.21
-80.57
-0.44
-0.64
-0.02
0.20
-0.33
-92.64
-0.02
0.20
-0.17
0.40
0.77
-0.49
-0.11
Россети ФСКЕЭС
АО«Тываэнерго»
Россети Волга
Россети Кубань
РоссетиЛенэнерго (ГК)
РоссетиМосковскийрегион
Россети Северо-Запад
Россети Сибирь
Россети Томск
Россети Тюмень
Россети Урал(ГК)
Россети Центр(ГК)
Россети Центри Приволжье(ГК)
Россети Юг(ГК)
Россети Янтарь
0
-102
-85
-68
-51
-34
-17
17'

29-01-2025T02:41:35 - [TEST_STEP][PASSED] - for ([ii = 1, ii < dZONum, (ii++)]): null

29-01-2025T02:41:35 - [TEST_STEP][PASSED] - i1 = z.indexOf("/") + 1: null

29-01-2025T02:41:35 - [TEST_STEP][PASSED] - if (i1 > -1): null

29-01-2025T02:41:35 - [TEST_STEP][PASSED] - z = z.substring(i1, z.length()): null

29-01-2025T02:41:35 - [TEST_STEP][PASSED] - i1 = z.indexOf("/"): null

29-01-2025T02:41:35 - [TEST_STEP][PASSED] - i1 = z.indexOf("/") + 1: null

29-01-2025T02:41:35 - [TEST_STEP][PASSED] - if (i1 > -1): null

29-01-2025T02:41:35 - [TEST_STEP][PASSED] - z = z.substring(i1, z.length()): null

29-01-2025T02:41:35 - [TEST_STEP][PASSED] - i1 = z.indexOf("/"): null

29-01-2025T02:41:35 - [TEST_STEP][PASSED] - i1 = z.indexOf("/") + 1: null

29-01-2025T02:41:35 - [TEST_STEP][PASSED] - if (i1 > -1): null

29-01-2025T02:41:35 - [TEST_STEP][PASSED] - z = z.substring(i1, z.length()): null

29-01-2025T02:41:35 - [TEST_STEP][PASSED] - i1 = z.indexOf("/"): null

29-01-2025T02:41:35 - [TEST_STEP][PASSED] - i1 = z.indexOf("/") + 1: null

29-01-2025T02:41:35 - [TEST_STEP][PASSED] - if (i1 > -1): null

29-01-2025T02:41:35 - [TEST_STEP][PASSED] - z = z.substring(i1, z.length()): null

29-01-2025T02:41:35 - [TEST_STEP][PASSED] - i1 = z.indexOf("/"): null

29-01-2025T02:41:35 - [TEST_STEP][PASSED] - i1 = z.indexOf("/") + 1: null

29-01-2025T02:41:35 - [TEST_STEP][PASSED] - if (i1 > -1): null

29-01-2025T02:41:35 - [TEST_STEP][PASSED] - z = z.substring(i1, z.length()): null

29-01-2025T02:41:35 - [TEST_STEP][PASSED] - i1 = z.indexOf("/"): null

29-01-2025T02:41:35 - [TEST_STEP][PASSED] - i1 = z.indexOf("/") + 1: null

29-01-2025T02:41:35 - [TEST_STEP][PASSED] - if (i1 > -1): null

29-01-2025T02:41:35 - [TEST_STEP][PASSED] - z = z.substring(i1, z.length()): null

29-01-2025T02:41:35 - [TEST_STEP][PASSED] - i1 = z.indexOf("/"): null

29-01-2025T02:41:35 - [TEST_STEP][PASSED] - i1 = z.indexOf("/") + 1: null

29-01-2025T02:41:35 - [TEST_STEP][PASSED] - if (i1 > -1): null

29-01-2025T02:41:35 - [TEST_STEP][PASSED] - z = z.substring(i1, z.length()): null

29-01-2025T02:41:35 - [TEST_STEP][PASSED] - i1 = z.indexOf("/"): null

29-01-2025T02:41:35 - [TEST_STEP][PASSED] - i1 = z.indexOf("/") + 1: null

29-01-2025T02:41:35 - [TEST_STEP][PASSED] - if (i1 > -1): null

29-01-2025T02:41:35 - [TEST_STEP][PASSED] - z = z.substring(i1, z.length()): null

29-01-2025T02:41:35 - [TEST_STEP][PASSED] - i1 = z.indexOf("/"): null

29-01-2025T02:41:35 - [TEST_STEP][PASSED] - i1 = z.indexOf("/") + 1: null

29-01-2025T02:41:35 - [TEST_STEP][PASSED] - if (i1 > -1): null

29-01-2025T02:41:35 - [TEST_STEP][PASSED] - z = z.substring(i1, z.length()): null

29-01-2025T02:41:35 - [TEST_STEP][PASSED] - i1 = z.indexOf("/"): null

29-01-2025T02:41:35 - [TEST_STEP][PASSED] - i1 = z.indexOf("/") + 1: null

29-01-2025T02:41:35 - [TEST_STEP][PASSED] - if (i1 > -1): null

29-01-2025T02:41:35 - [TEST_STEP][PASSED] - z = z.substring(i1, z.length()): null

29-01-2025T02:41:35 - [TEST_STEP][PASSED] - i1 = z.indexOf("/"): null

29-01-2025T02:41:35 - [TEST_STEP][PASSED] - i1 = z.indexOf("/") + 1: null

29-01-2025T02:41:35 - [TEST_STEP][PASSED] - if (i1 > -1): null

29-01-2025T02:41:35 - [TEST_STEP][PASSED] - z = z.substring(i1, z.length()): null

29-01-2025T02:41:35 - [TEST_STEP][PASSED] - i1 = z.indexOf("/"): null

29-01-2025T02:41:35 - [TEST_STEP][PASSED] - i1 = z.indexOf("/") + 1: null

29-01-2025T02:41:35 - [TEST_STEP][PASSED] - if (i1 > -1): null

29-01-2025T02:41:35 - [TEST_STEP][PASSED] - z = z.substring(i1, z.length()): null

29-01-2025T02:41:35 - [TEST_STEP][PASSED] - i1 = z.indexOf("/"): null

29-01-2025T02:41:35 - [TEST_STEP][PASSED] - i1 = z.indexOf("/") + 1: null

29-01-2025T02:41:35 - [TEST_STEP][PASSED] - if (i1 > -1): null

29-01-2025T02:41:35 - [TEST_STEP][PASSED] - z = z.substring(i1, z.length()): null

29-01-2025T02:41:35 - [TEST_STEP][PASSED] - i1 = z.indexOf("/"): null

29-01-2025T02:41:35 - [TEST_STEP][PASSED] - i1 = z.indexOf("/"): null

29-01-2025T02:41:35 - [TEST_STEP][PASSED] - if (i1 > -1): null

29-01-2025T02:41:35 - [TEST_STEP][PASSED] - z = z.substring(0, i1): null

29-01-2025T02:41:35 - [TEST_STEP][PASSED] - z = z.replace(",", "."): null

29-01-2025T02:41:35 - [TEST_STEP][PASSED] - println(z): null

29-01-2025T02:41:35 - [TEST_STEP][PASSED] - x = x + "/" + z: null

29-01-2025T02:41:35 - [TEST_STEP][PASSED] - x = x.replaceAll("[\r?
|
]", ""): null

29-01-2025T02:41:35 - [TEST_STEP][PASSED] - println("x =" + x): null

29-01-2025T02:41:35 - [TEST_STEP][PASSED] - return x: null

29-01-2025T02:41:35 - [TEST_STEP][PASSED] - println("ugR: " + ugR): null

29-01-2025T02:41:35 - [TEST_STEP][PASSED] - i = VseDZO.indexOf("Янтарь"): null

29-01-2025T02:41:35 - [TEST_STEP][PASSED] - if (i > -1): null

29-01-2025T02:41:35 - [TEST_STEP][PASSED] - dZONum = dZONum + 1: null

29-01-2025T02:41:35 - [TEST_STEP][PASSED] - yR = GetAllData(path, dZONum, VseDZO, x = "Россети Янтарь/"): null

29-01-2025T02:41:35 - [TEST_STEP][PASSED] - ii = <not implemented yet for class: org.codehaus.groovy.ast.expr.EmptyExpression>: null

29-01-2025T02:41:35 - [TEST_STEP][PASSED] - i1 = <not implemented yet for class: org.codehaus.groovy.ast.expr.EmptyExpression>: null

29-01-2025T02:41:35 - [TEST_STEP][PASSED] - z = <not implemented yet for class: org.codehaus.groovy.ast.expr.EmptyExpression>: null

29-01-2025T02:41:35 - [TEST_STEP][PASSED] - path2 = "Значения со страницы Выполнение бизнес-плана/Table Data/": null

29-01-2025T02:41:35 - [TEST_STEP][PASSED] - println("path: " + path): null

29-01-2025T02:41:35 - [TEST_STEP][PASSED] - println("dZONum: " + dZONum): null

29-01-2025T02:41:35 - [TEST_STEP][PASSED] - z = getText(findTestObject(path + "spanPlan" + dZONum)): Text of object 'Object Repository/Выполнение бизнес-плана/spanPlan15' is: '9.32
|'

29-01-2025T02:41:35 - [MESSAGE][PASSED] - Text of object 'Object Repository/Выполнение бизнес-плана/spanPlan15' is: '9.32
|'

29-01-2025T02:41:35 - [TEST_STEP][PASSED] - println(z): null

29-01-2025T02:41:35 - [TEST_STEP][PASSED] - ii = z.indexOf("|"): null

29-01-2025T02:41:35 - [TEST_STEP][PASSED] - if (ii > -1): null

29-01-2025T02:41:35 - [TEST_STEP][PASSED] - z = z.substring(0, z.length() - 1): null

29-01-2025T02:41:35 - [TEST_STEP][PASSED] - println(z): null

29-01-2025T02:41:35 - [TEST_STEP][PASSED] - z = z.replaceAll("\s+", ""): null

29-01-2025T02:41:35 - [TEST_STEP][PASSED] - z = z.replace("[\r?
|
]", "/"): null

29-01-2025T02:41:35 - [TEST_STEP][PASSED] - println(z): null

29-01-2025T02:41:35 - [TEST_STEP][PASSED] - x = x + z: null

29-01-2025T02:41:35 - [TEST_STEP][PASSED] - z = getText(findTestObject(path + "spanFact" + dZONum)): Text of object 'Object Repository/Выполнение бизнес-плана/spanFact15' is: '9.21'

29-01-2025T02:41:36 - [MESSAGE][PASSED] - Text of object 'Object Repository/Выполнение бизнес-плана/spanFact15' is: '9.21'

29-01-2025T02:41:36 - [TEST_STEP][PASSED] - ii = z.indexOf("|"): null

29-01-2025T02:41:36 - [TEST_STEP][PASSED] - if (ii > -1): null

29-01-2025T02:41:36 - [TEST_STEP][PASSED] - x = x + "/" + z: null

29-01-2025T02:41:36 - [TEST_STEP][PASSED] - z = getText(findTestObject(path + path2 + "Факт Отпуск в сеть за отчётный период " + dZONum)).replaceAll("\s+", ""): Text of object 'Object Repository/Выполнение бизнес-плана/Значения со страницы Выполнение бизнес-плана/Table Data/Факт Отпуск в сеть за отчётный период 15' is: '55 815 923'

29-01-2025T02:41:36 - [MESSAGE][PASSED] - Text of object 'Object Repository/Выполнение бизнес-плана/Значения со страницы Выполнение бизнес-плана/Table Data/Факт Отпуск в сеть за отчётный период 15' is: '55 815 923'

29-01-2025T02:41:36 - [TEST_STEP][PASSED] - println("z=" + z): null

29-01-2025T02:41:36 - [TEST_STEP][PASSED] - x = x + "/" + z: null

29-01-2025T02:41:36 - [TEST_STEP][PASSED] - z = getText(findTestObject(path + path2 + "Факт Отпуск из сети за отчётный период " + dZONum)).replaceAll("\s+", ""): Text of object 'Object Repository/Выполнение бизнес-плана/Значения со страницы Выполнение бизнес-плана/Table Data/Факт Отпуск из сети за отчётный период 15' is: '51 792 314'

29-01-2025T02:41:36 - [MESSAGE][PASSED] - Text of object 'Object Repository/Выполнение бизнес-плана/Значения со страницы Выполнение бизнес-плана/Table Data/Факт Отпуск из сети за отчётный период 15' is: '51 792 314'

29-01-2025T02:41:36 - [TEST_STEP][PASSED] - x = x + "/" + z: null

29-01-2025T02:41:36 - [TEST_STEP][PASSED] - z = getText(findTestObject(path + path2 + "Факт Потери за отчётный период " + dZONum)).replaceAll("\s+", ""): Text of object 'Object Repository/Выполнение бизнес-плана/Значения со страницы Выполнение бизнес-плана/Table Data/Факт Потери за отчётный период 15' is: '4 023 609'

29-01-2025T02:41:37 - [MESSAGE][PASSED] - Text of object 'Object Repository/Выполнение бизнес-плана/Значения со страницы Выполнение бизнес-плана/Table Data/Факт Потери за отчётный период 15' is: '4 023 609'

29-01-2025T02:41:37 - [TEST_STEP][PASSED] - x = x + "/" + z: null

29-01-2025T02:41:37 - [TEST_STEP][PASSED] - z = getText(findTestObject(path + path2 + "План Отпуск в сеть за отчётный период " + dZONum)).replaceAll("\s+", ""): Text of object 'Object Repository/Выполнение бизнес-плана/Значения со страницы Выполнение бизнес-плана/Table Data/План Отпуск в сеть за отчётный период 15' is: '54 005 476'

29-01-2025T02:41:37 - [MESSAGE][PASSED] - Text of object 'Object Repository/Выполнение бизнес-плана/Значения со страницы Выполнение бизнес-плана/Table Data/План Отпуск в сеть за отчётный период 15' is: '54 005 476'

29-01-2025T02:41:37 - [TEST_STEP][PASSED] - x = x + "/" + z: null

29-01-2025T02:41:37 - [TEST_STEP][PASSED] - z = getText(findTestObject(path + path2 + "План Отпуск из сети за отчётный период " + dZONum)).replaceAll("\s+", ""): Text of object 'Object Repository/Выполнение бизнес-плана/Значения со страницы Выполнение бизнес-плана/Table Data/План Отпуск из сети за отчётный период 15' is: '50 017 436'

29-01-2025T02:41:37 - [MESSAGE][PASSED] - Text of object 'Object Repository/Выполнение бизнес-плана/Значения со страницы Выполнение бизнес-плана/Table Data/План Отпуск из сети за отчётный период 15' is: '50 017 436'

29-01-2025T02:41:37 - [TEST_STEP][PASSED] - x = x + "/" + z: null

29-01-2025T02:41:37 - [TEST_STEP][PASSED] - z = getText(findTestObject(path + path2 + "План Потери за отчётный период " + dZONum)).replaceAll("\s+", ""): Text of object 'Object Repository/Выполнение бизнес-плана/Значения со страницы Выполнение бизнес-плана/Table Data/План Потери за отчётный период 15' is: '3 988 040'

29-01-2025T02:41:38 - [MESSAGE][PASSED] - Text of object 'Object Repository/Выполнение бизнес-плана/Значения со страницы Выполнение бизнес-плана/Table Data/План Потери за отчётный период 15' is: '3 988 040'

29-01-2025T02:41:38 - [TEST_STEP][PASSED] - x = x + "/" + z: null

29-01-2025T02:41:38 - [TEST_STEP][PASSED] - z = getText(findTestObject(path + "Список ДЗО")).replaceAll("[\r?
|
]", "/"): Text of object 'Object Repository/Выполнение бизнес-плана/Список ДЗО' is: '-0.21
-80.57
-0.44
-0.64
-0.02
0.20
-0.33
-92.64
-0.02
0.20
-0.17
0.40
0.77
-0.49
-0.11
Россети ФСКЕЭС
АО«Тываэнерго»
Россети Волга
Россети Кубань
РоссетиЛенэнерго (ГК)
РоссетиМосковскийрегион
Россети Северо-Запад
Россети Сибирь
Россети Томск
Россети Тюмень
Россети Урал(ГК)
Россети Центр(ГК)
Россети Центри Приволжье(ГК)
Россети Юг(ГК)
Россети Янтарь
0
-102
-85
-68
-51
-34
-17
17'

29-01-2025T02:41:38 - [MESSAGE][PASSED] - Text of object 'Object Repository/Выполнение бизнес-плана/Список ДЗО' is: '-0.21
-80.57
-0.44
-0.64
-0.02
0.20
-0.33
-92.64
-0.02
0.20
-0.17
0.40
0.77
-0.49
-0.11
Россети ФСКЕЭС
АО«Тываэнерго»
Россети Волга
Россети Кубань
РоссетиЛенэнерго (ГК)
РоссетиМосковскийрегион
Россети Северо-Запад
Россети Сибирь
Россети Томск
Россети Тюмень
Россети Урал(ГК)
Россети Центр(ГК)
Россети Центри Приволжье(ГК)
Россети Юг(ГК)
Россети Янтарь
0
-102
-85
-68
-51
-34
-17
17'

29-01-2025T02:41:38 - [TEST_STEP][PASSED] - for ([ii = 1, ii < dZONum, (ii++)]): null

29-01-2025T02:41:38 - [TEST_STEP][PASSED] - i1 = z.indexOf("/") + 1: null

29-01-2025T02:41:38 - [TEST_STEP][PASSED] - if (i1 > -1): null

29-01-2025T02:41:38 - [TEST_STEP][PASSED] - z = z.substring(i1, z.length()): null

29-01-2025T02:41:38 - [TEST_STEP][PASSED] - i1 = z.indexOf("/"): null

29-01-2025T02:41:38 - [TEST_STEP][PASSED] - i1 = z.indexOf("/") + 1: null

29-01-2025T02:41:38 - [TEST_STEP][PASSED] - if (i1 > -1): null

29-01-2025T02:41:38 - [TEST_STEP][PASSED] - z = z.substring(i1, z.length()): null

29-01-2025T02:41:38 - [TEST_STEP][PASSED] - i1 = z.indexOf("/"): null

29-01-2025T02:41:38 - [TEST_STEP][PASSED] - i1 = z.indexOf("/") + 1: null

29-01-2025T02:41:38 - [TEST_STEP][PASSED] - if (i1 > -1): null

29-01-2025T02:41:38 - [TEST_STEP][PASSED] - z = z.substring(i1, z.length()): null

29-01-2025T02:41:38 - [TEST_STEP][PASSED] - i1 = z.indexOf("/"): null

29-01-2025T02:41:38 - [TEST_STEP][PASSED] - i1 = z.indexOf("/") + 1: null

29-01-2025T02:41:38 - [TEST_STEP][PASSED] - if (i1 > -1): null

29-01-2025T02:41:38 - [TEST_STEP][PASSED] - z = z.substring(i1, z.length()): null

29-01-2025T02:41:38 - [TEST_STEP][PASSED] - i1 = z.indexOf("/"): null

29-01-2025T02:41:38 - [TEST_STEP][PASSED] - i1 = z.indexOf("/") + 1: null

29-01-2025T02:41:38 - [TEST_STEP][PASSED] - if (i1 > -1): null

29-01-2025T02:41:38 - [TEST_STEP][PASSED] - z = z.substring(i1, z.length()): null

29-01-2025T02:41:38 - [TEST_STEP][PASSED] - i1 = z.indexOf("/"): null

29-01-2025T02:41:38 - [TEST_STEP][PASSED] - i1 = z.indexOf("/") + 1: null

29-01-2025T02:41:38 - [TEST_STEP][PASSED] - if (i1 > -1): null

29-01-2025T02:41:38 - [TEST_STEP][PASSED] - z = z.substring(i1, z.length()): null

29-01-2025T02:41:38 - [TEST_STEP][PASSED] - i1 = z.indexOf("/"): null

29-01-2025T02:41:38 - [TEST_STEP][PASSED] - i1 = z.indexOf("/") + 1: null

29-01-2025T02:41:38 - [TEST_STEP][PASSED] - if (i1 > -1): null

29-01-2025T02:41:38 - [TEST_STEP][PASSED] - z = z.substring(i1, z.length()): null

29-01-2025T02:41:38 - [TEST_STEP][PASSED] - i1 = z.indexOf("/"): null

29-01-2025T02:41:38 - [TEST_STEP][PASSED] - i1 = z.indexOf("/") + 1: null

29-01-2025T02:41:38 - [TEST_STEP][PASSED] - if (i1 > -1): null

29-01-2025T02:41:38 - [TEST_STEP][PASSED] - z = z.substring(i1, z.length()): null

29-01-2025T02:41:38 - [TEST_STEP][PASSED] - i1 = z.indexOf("/"): null

29-01-2025T02:41:38 - [TEST_STEP][PASSED] - i1 = z.indexOf("/") + 1: null

29-01-2025T02:41:38 - [TEST_STEP][PASSED] - if (i1 > -1): null

29-01-2025T02:41:38 - [TEST_STEP][PASSED] - z = z.substring(i1, z.length()): null

29-01-2025T02:41:38 - [TEST_STEP][PASSED] - i1 = z.indexOf("/"): null

29-01-2025T02:41:38 - [TEST_STEP][PASSED] - i1 = z.indexOf("/") + 1: null

29-01-2025T02:41:38 - [TEST_STEP][PASSED] - if (i1 > -1): null

29-01-2025T02:41:38 - [TEST_STEP][PASSED] - z = z.substring(i1, z.length()): null

29-01-2025T02:41:38 - [TEST_STEP][PASSED] - i1 = z.indexOf("/"): null

29-01-2025T02:41:38 - [TEST_STEP][PASSED] - i1 = z.indexOf("/") + 1: null

29-01-2025T02:41:38 - [TEST_STEP][PASSED] - if (i1 > -1): null

29-01-2025T02:41:38 - [TEST_STEP][PASSED] - z = z.substring(i1, z.length()): null

29-01-2025T02:41:38 - [TEST_STEP][PASSED] - i1 = z.indexOf("/"): null

29-01-2025T02:41:38 - [TEST_STEP][PASSED] - i1 = z.indexOf("/") + 1: null

29-01-2025T02:41:38 - [TEST_STEP][PASSED] - if (i1 > -1): null

29-01-2025T02:41:38 - [TEST_STEP][PASSED] - z = z.substring(i1, z.length()): null

29-01-2025T02:41:38 - [TEST_STEP][PASSED] - i1 = z.indexOf("/"): null

29-01-2025T02:41:38 - [TEST_STEP][PASSED] - i1 = z.indexOf("/") + 1: null

29-01-2025T02:41:38 - [TEST_STEP][PASSED] - if (i1 > -1): null

29-01-2025T02:41:38 - [TEST_STEP][PASSED] - z = z.substring(i1, z.length()): null

29-01-2025T02:41:38 - [TEST_STEP][PASSED] - i1 = z.indexOf("/"): null

29-01-2025T02:41:38 - [TEST_STEP][PASSED] - i1 = z.indexOf("/") + 1: null

29-01-2025T02:41:38 - [TEST_STEP][PASSED] - if (i1 > -1): null

29-01-2025T02:41:38 - [TEST_STEP][PASSED] - z = z.substring(i1, z.length()): null

29-01-2025T02:41:38 - [TEST_STEP][PASSED] - i1 = z.indexOf("/"): null

29-01-2025T02:41:38 - [TEST_STEP][PASSED] - i1 = z.indexOf("/"): null

29-01-2025T02:41:38 - [TEST_STEP][PASSED] - if (i1 > -1): null

29-01-2025T02:41:38 - [TEST_STEP][PASSED] - z = z.substring(0, i1): null

29-01-2025T02:41:38 - [TEST_STEP][PASSED] - z = z.replace(",", "."): null

29-01-2025T02:41:38 - [TEST_STEP][PASSED] - println(z): null

29-01-2025T02:41:38 - [TEST_STEP][PASSED] - x = x + "/" + z: null

29-01-2025T02:41:38 - [TEST_STEP][PASSED] - x = x.replaceAll("[\r?
|
]", ""): null

29-01-2025T02:41:38 - [TEST_STEP][PASSED] - println("x =" + x): null

29-01-2025T02:41:38 - [TEST_STEP][PASSED] - return x: null

29-01-2025T02:41:38 - [TEST_STEP][PASSED] - println("yR: " + yR): null

29-01-2025T02:41:38 - [TEST_STEP][PASSED] - blockNum = 2: null

29-01-2025T02:41:38 - [TEST_STEP][PASSED] - path = "Object Repository/Выполнение бизнес-плана/Выполнение бизнес-плана Балансы/": null

29-01-2025T02:41:38 - [TEST_STEP][PASSED] - Script1719299571342.Presettings(blockNum, path): null

29-01-2025T02:41:38 - [TEST_STEP][PASSED] - blockNumber = <not implemented yet for class: org.codehaus.groovy.ast.expr.EmptyExpression>: null

29-01-2025T02:41:38 - [TEST_STEP][PASSED] - urlText = <not implemented yet for class: org.codehaus.groovy.ast.expr.EmptyExpression>: null

29-01-2025T02:41:38 - [TEST_STEP][PASSED] - searchWord = <not implemented yet for class: org.codehaus.groovy.ast.expr.EmptyExpression>: null

29-01-2025T02:41:38 - [TEST_STEP][PASSED] - i = <not implemented yet for class: org.codehaus.groovy.ast.expr.EmptyExpression>: null

29-01-2025T02:41:38 - [TEST_STEP][PASSED] - ii = <not implemented yet for class: org.codehaus.groovy.ast.expr.EmptyExpression>: null

29-01-2025T02:41:38 - [TEST_STEP][PASSED] - openBrowser(""): Browser is opened with url: ''

29-01-2025T02:41:38 - [MESSAGE][WARNING] - A browser is already opened. Closing browser and opening a new one

29-01-2025T02:41:38 - [MESSAGE][INFO] - Starting 'Chrome' driver

29-01-2025T02:41:38 - [MESSAGE][INFO] - Action delay is set to 0 milliseconds

29-01-2025T02:41:40 - [MESSAGE][PASSED] - Browser is opened with url: ''

29-01-2025T02:41:40 - [TEST_STEP][PASSED] - if (blockNum == 1): null

29-01-2025T02:41:40 - [TEST_STEP][PASSED] - else: null

29-01-2025T02:41:40 - [TEST_STEP][PASSED] - path = "Object Repository/Выполнение бизнес-плана/Выполнение бизнес-плана Балансы/": null

29-01-2025T02:41:40 - [TEST_STEP][PASSED] - blockNumber = 4: null

29-01-2025T02:41:40 - [TEST_STEP][PASSED] - navigateToUrl(findTestData("PlanFact").getValue(10, blockNumber)): Navigate to 'https://bi.rosseti.digital/viewer?dashboardGuid=5ed11b2f4eb2434fa5c5ff1537a71532&sheetGuid=0d90a67b6f664f58b2e6cf8ff5d9a66c&fit=true' successfully

29-01-2025T02:41:46 - [MESSAGE][PASSED] - Navigate to 'https://bi.rosseti.digital/viewer?dashboardGuid=5ed11b2f4eb2434fa5c5ff1537a71532&sheetGuid=0d90a67b6f664f58b2e6cf8ff5d9a66c&fit=true' successfully

29-01-2025T02:41:46 - [TEST_STEP][PASSED] - urlText = getText(findTestObject("Страница авторизации/Text")): Text of object 'Object Repository/Страница авторизации/Text' is: 'Вход'

29-01-2025T02:41:47 - [MESSAGE][PASSED] - Text of object 'Object Repository/Страница авторизации/Text' is: 'Вход'

29-01-2025T02:41:47 - [TEST_STEP][PASSED] - delay(10): Delayed 10 second(s)

29-01-2025T02:41:57 - [MESSAGE][PASSED] - Delayed 10 second(s)

29-01-2025T02:41:57 - [TEST_STEP][PASSED] - searchWord = "Вход": null

29-01-2025T02:41:57 - [TEST_STEP][PASSED] - if (urlText.contains(searchWord) == false): null

29-01-2025T02:41:57 - [TEST_STEP][PASSED] - setText(findTestObject("Страница авторизации/input__username"), findTestData("PlanFact").getValue(8, 1)): Text 'liazgina-di' is set on object 'Object Repository/Страница авторизации/input__username'

29-01-2025T02:41:58 - [MESSAGE][PASSED] - Text 'liazgina-di' is set on object 'Object Repository/Страница авторизации/input__username'

29-01-2025T02:41:58 - [TEST_STEP][PASSED] - setText(findTestObject("Страница авторизации/input__password"), findTestData("PlanFact").getValue(9, 1)): Text ')$%5srZ8o688Dm#q' is set on object 'Object Repository/Страница авторизации/input__password'

29-01-2025T02:41:59 - [MESSAGE][PASSED] - Text ')$%5srZ8o688Dm#q' is set on object 'Object Repository/Страница авторизации/input__password'

29-01-2025T02:41:59 - [TEST_STEP][PASSED] - click(findTestObject("Страница авторизации/button_")): Object: 'Object Repository/Страница авторизации/button_' is clicked on

29-01-2025T02:41:59 - [MESSAGE][PASSED] - Object: 'Object Repository/Страница авторизации/button_' is clicked on

29-01-2025T02:41:59 - [TEST_STEP][PASSED] - delay(50): Delayed 50 second(s)

29-01-2025T02:42:49 - [MESSAGE][PASSED] - Delayed 50 second(s)

29-01-2025T02:42:49 - [TEST_STEP][PASSED] - searchWord = "ДЗО": null

29-01-2025T02:42:49 - [TEST_STEP][PASSED] - urlText = getText(findTestObject("Страница авторизации/Text")): Text of object 'Object Repository/Страница авторизации/Text' is: 'ДЗО 
ПАО Россети
Период
2024 год

Показатели баланса электроэнергии по ДЗО – Факт
628 869 369 39 590 54 006 534 25 855 039 34 954 264 104 134 403 33 379 839 314 299 5 175 776 4 684 628 66 742 094 6 868 235 5 294 437 27 351 234 4 647 452
606 329 271 0 51 126 538 23 591 243 31 148 311 95 987 829 31 460 760 236 776 4 710 610 4 531 381 62 801 450 5 917 790 4 760 977 24 964 441 4 219 589
22 540 098 0 2 879 995 2 263 796 3 805 953 8 146 574 1 919 079 0 465 166 153 246 3 940 644 950 446 533 460 2 386 793 427 863
Итого
п.п.
2.36
0
1
2
3
Итого
%
5.48 5.48
7.84 7.84
1
100

Выполнение бизнес-плана в части показателя «Уровень потерь электроэнергии»
Итого – Факт
Отпуск в сеть 643 171 953
Отпуск из сети 592 758 840
Потери 50 413 112
Статус данных
Просьба обратить внимание
— данные занесены не полностью
Показатели баланса электроэнергии по ДЗО – План
609 305 966 80 767 52 427 095 24 737 079 33 422 359 98 965 831 33 056 576 3 104 597 5 006 761 5 166 268 64 417 509 6 765 460 5 186 359 26 608 604 4 470 333
586 252 051 15 695 49 399 341 22 413 833 29 775 403 91 420 590 31 046 621 228 528 4 555 629 5 007 385 60 502 749 5 856 109 4 703 816 24 157 268 4 053 696
23 053 915 65 072 3 027 754 2 323 246 3 646 956 7 545 241 2 009 955 2 876 069 451 132 158 883 3 914 760 909 351 482 543 2 451 336 416 637
Факт
План
Итого – План
Отпуск в сеть 972 721 565
Отпуск из сети 919 388 714
Потери 53 332 851
● Бизнес-план выполнен● ●● Превышение бизнес-плана
Отклонения фактического уровня потерь от бизнес-плана за 3 месяца (нарастающим итогом), п.п.
Россети ФСКЕЭС
АО«Тываэнерго»
АО«Чеченэнерго»
Россети Волга
РоссетиКубань
РоссетиЛенэнерго(ГК)
РоссетиМосковскийрегион
РоссетиСеверныйКавказ (ГК)
Россети Северо-Запад
Россети Сибирь(ГК)
Россети Томск
Россети Тюмень
Россети Урал(ГК)
Россети Центр
Россети Центри Приволжье(ГК)
Россети Юг (Г…
РоссетиЯнтарь
-100
0
100
Отклонения фактического уровня потерь от бизнес-плана, п.п. 
-0.21
-80.57
-0.44
-0.64
-0.02
0.20
-0.33
-92.64
-0.02
0.20
-0.17
0.40
0.77
-0.49
-0.11
Россети ФСКЕЭС
АО«Тываэнерго»
Россети Волга
Россети Кубань
РоссетиЛенэнерго (ГК)
РоссетиМосковскийрегион
Россети Северо-Запад
Россети Сибирь
Россети Томск
Россети Тюмень
Россети Урал(ГК)
Россети Центр(ГК)
Россети Центри Приволжье(ГК)
Россети Юг(ГК)
Россети Янтарь
0
-105
-90
-75
-60
-45
-30
-15
15
Уровень потерь электроэнергии 
Россети ФСКЕЭС
АО«Тываэнерго»
Россети Волга
Россети Кубань
РоссетиЛенэнерго (ГК)
РоссетиМосковскийрегион
Россети Северо-Запад
Россети Сибирь
Россети Томск
Россети Тюмень
Россети Урал(ГК)
Россети Центр(ГК)
Россети Центри Приволжье(ГК)
Россети Юг(ГК)
Россети Янтарь
-10
0
10
20
30
40
50
60
70
3.93
|

5.78
|
9.39
|
10.91
|
7.62
6.08
|

9.01
|
3.08
6.07
|
13.44
9.30
9.21
|
9.32
|
3.72
-0.00
5.33
8.76
10.89
7.82
|
5.75
-0.00
8.99
3.27
|
5.90
13.84
|
10.08
|
8.73
9.21'

29-01-2025T02:43:21 - [MESSAGE][PASSED] - Text of object 'Object Repository/Страница авторизации/Text' is: 'ДЗО 
ПАО Россети
Период
2024 год

Показатели баланса электроэнергии по ДЗО – Факт
628 869 369 39 590 54 006 534 25 855 039 34 954 264 104 134 403 33 379 839 314 299 5 175 776 4 684 628 66 742 094 6 868 235 5 294 437 27 351 234 4 647 452
606 329 271 0 51 126 538 23 591 243 31 148 311 95 987 829 31 460 760 236 776 4 710 610 4 531 381 62 801 450 5 917 790 4 760 977 24 964 441 4 219 589
22 540 098 0 2 879 995 2 263 796 3 805 953 8 146 574 1 919 079 0 465 166 153 246 3 940 644 950 446 533 460 2 386 793 427 863
Итого
п.п.
2.36
0
1
2
3
Итого
%
5.48 5.48
7.84 7.84
1
100

Выполнение бизнес-плана в части показателя «Уровень потерь электроэнергии»
Итого – Факт
Отпуск в сеть 643 171 953
Отпуск из сети 592 758 840
Потери 50 413 112
Статус данных
Просьба обратить внимание
— данные занесены не полностью
Показатели баланса электроэнергии по ДЗО – План
609 305 966 80 767 52 427 095 24 737 079 33 422 359 98 965 831 33 056 576 3 104 597 5 006 761 5 166 268 64 417 509 6 765 460 5 186 359 26 608 604 4 470 333
586 252 051 15 695 49 399 341 22 413 833 29 775 403 91 420 590 31 046 621 228 528 4 555 629 5 007 385 60 502 749 5 856 109 4 703 816 24 157 268 4 053 696
23 053 915 65 072 3 027 754 2 323 246 3 646 956 7 545 241 2 009 955 2 876 069 451 132 158 883 3 914 760 909 351 482 543 2 451 336 416 637
Факт
План
Итого – План
Отпуск в сеть 972 721 565
Отпуск из сети 919 388 714
Потери 53 332 851
● Бизнес-план выполнен● ●● Превышение бизнес-плана
Отклонения фактического уровня потерь от бизнес-плана за 3 месяца (нарастающим итогом), п.п.
Россети ФСКЕЭС
АО«Тываэнерго»
АО«Чеченэнерго»
Россети Волга
РоссетиКубань
РоссетиЛенэнерго(ГК)
РоссетиМосковскийрегион
РоссетиСеверныйКавказ (ГК)
Россети Северо-Запад
Россети Сибирь(ГК)
Россети Томск
Россети Тюмень
Россети Урал(ГК)
Россети Центр
Россети Центри Приволжье(ГК)
Россети Юг (Г…
РоссетиЯнтарь
-100
0
100
Отклонения фактического уровня потерь от бизнес-плана, п.п. 
-0.21
-80.57
-0.44
-0.64
-0.02
0.20
-0.33
-92.64
-0.02
0.20
-0.17
0.40
0.77
-0.49
-0.11
Россети ФСКЕЭС
АО«Тываэнерго»
Россети Волга
Россети Кубань
РоссетиЛенэнерго (ГК)
РоссетиМосковскийрегион
Россети Северо-Запад
Россети Сибирь
Россети Томск
Россети Тюмень
Россети Урал(ГК)
Россети Центр(ГК)
Россети Центри Приволжье(ГК)
Россети Юг(ГК)
Россети Янтарь
0
-105
-90
-75
-60
-45
-30
-15
15
Уровень потерь электроэнергии 
Россети ФСКЕЭС
АО«Тываэнерго»
Россети Волга
Россети Кубань
РоссетиЛенэнерго (ГК)
РоссетиМосковскийрегион
Россети Северо-Запад
Россети Сибирь
Россети Томск
Россети Тюмень
Россети Урал(ГК)
Россети Центр(ГК)
Россети Центри Приволжье(ГК)
Россети Юг(ГК)
Россети Янтарь
-10
0
10
20
30
40
50
60
70
3.93
|

5.78
|
9.39
|
10.91
|
7.62
6.08
|

9.01
|
3.08
6.07
|
13.44
9.30
9.21
|
9.32
|
3.72
-0.00
5.33
8.76
10.89
7.82
|
5.75
-0.00
8.99
3.27
|
5.90
13.84
|
10.08
|
8.73
9.21'

29-01-2025T02:43:21 - [TEST_STEP][PASSED] - if (urlText.contains("ошибка") || urlText.contains(searchWord) == false): null

29-01-2025T02:43:21 - [TEST_STEP][PASSED] - Script1719299571342.ZakrytOpoveshenie(): null

29-01-2025T02:43:21 - [TEST_STEP][PASSED] - opoveshenie = getText(findTestObject("Выполнение бизнес-плана/Просьба обратить внимание")): Text of object 'Object Repository/Выполнение бизнес-плана/Просьба обратить внимание' is: 'Просьба обратить внимание'

29-01-2025T02:43:22 - [MESSAGE][PASSED] - Text of object 'Object Repository/Выполнение бизнес-плана/Просьба обратить внимание' is: 'Просьба обратить внимание'

29-01-2025T02:43:22 - [TEST_STEP][PASSED] - if (opoveshenie == "Просьба обратить внимание"): Object: 'Object Repository/Выполнение бизнес-плана/Закрыть оповещение' is clicked on

29-01-2025T02:43:22 - [TEST_STEP][PASSED] - click(findTestObject("Выполнение бизнес-плана/Закрыть оповещение")): Object: 'Object Repository/Выполнение бизнес-плана/Закрыть оповещение' is clicked on

29-01-2025T02:43:22 - [MESSAGE][PASSED] - Object: 'Object Repository/Выполнение бизнес-плана/Закрыть оповещение' is clicked on

29-01-2025T02:43:22 - [TEST_STEP][PASSED] - click(findTestObject(path + "Фильтр Дата")): Object: 'Object Repository/Выполнение бизнес-плана/Выполнение бизнес-плана Балансы/Фильтр Дата' is clicked on

29-01-2025T02:43:23 - [MESSAGE][PASSED] - Object: 'Object Repository/Выполнение бизнес-плана/Выполнение бизнес-плана Балансы/Фильтр Дата' is clicked on

29-01-2025T02:43:23 - [TEST_STEP][PASSED] - click(findTestObject(path + "Снять выделение в фильтре Дата")): Object: 'Object Repository/Выполнение бизнес-плана/Выполнение бизнес-плана Балансы/Снять выделение в фильтре Дата' is clicked on

29-01-2025T02:43:23 - [MESSAGE][PASSED] - Object: 'Object Repository/Выполнение бизнес-плана/Выполнение бизнес-плана Балансы/Снять выделение в фильтре Дата' is clicked on

29-01-2025T02:43:23 - [TEST_STEP][PASSED] - click(findTestObject(path + "Применить в фильтре Дата")): Object: 'Object Repository/Выполнение бизнес-плана/Выполнение бизнес-плана Балансы/Применить в фильтре Дата' is clicked on

29-01-2025T02:43:24 - [MESSAGE][PASSED] - Object: 'Object Repository/Выполнение бизнес-плана/Выполнение бизнес-плана Балансы/Применить в фильтре Дата' is clicked on

29-01-2025T02:43:24 - [TEST_STEP][PASSED] - delay(50): Delayed 50 second(s)

29-01-2025T02:44:14 - [MESSAGE][PASSED] - Delayed 50 second(s)

29-01-2025T02:44:14 - [TEST_STEP][PASSED] - Script1719299571342.ZakrytOpoveshenie(): null

29-01-2025T02:44:14 - [TEST_STEP][PASSED] - opoveshenie = getText(findTestObject("Выполнение бизнес-плана/Просьба обратить внимание")): Text of object 'Object Repository/Выполнение бизнес-плана/Просьба обратить внимание' is: 'Просьба обратить внимание'

29-01-2025T02:44:15 - [MESSAGE][PASSED] - Text of object 'Object Repository/Выполнение бизнес-плана/Просьба обратить внимание' is: 'Просьба обратить внимание'

29-01-2025T02:44:15 - [TEST_STEP][PASSED] - if (opoveshenie == "Просьба обратить внимание"): Object: 'Object Repository/Выполнение бизнес-плана/Закрыть оповещение' is clicked on

29-01-2025T02:44:15 - [TEST_STEP][PASSED] - click(findTestObject("Выполнение бизнес-плана/Закрыть оповещение")): Object: 'Object Repository/Выполнение бизнес-плана/Закрыть оповещение' is clicked on

29-01-2025T02:44:15 - [MESSAGE][PASSED] - Object: 'Object Repository/Выполнение бизнес-плана/Закрыть оповещение' is clicked on

29-01-2025T02:44:15 - [TEST_STEP][PASSED] - click(findTestObject(path + "Фильтр Дата")): Object: 'Object Repository/Выполнение бизнес-плана/Выполнение бизнес-плана Балансы/Фильтр Дата' is clicked on

29-01-2025T02:44:15 - [MESSAGE][PASSED] - Object: 'Object Repository/Выполнение бизнес-плана/Выполнение бизнес-плана Балансы/Фильтр Дата' is clicked on

29-01-2025T02:44:15 - [TEST_STEP][PASSED] - scrollToElement(findTestObject(path + "2024 список"), 30): Scroll to object 'Object Repository/Выполнение бизнес-плана/Выполнение бизнес-плана Балансы/2024 список' successfully

29-01-2025T02:44:16 - [MESSAGE][PASSED] - Scroll to object 'Object Repository/Выполнение бизнес-плана/Выполнение бизнес-плана Балансы/2024 список' successfully

29-01-2025T02:44:16 - [TEST_STEP][FAILED] - click(findTestObject(path + "2024 год")): Unable to click on object 'Object Repository/Выполнение бизнес-плана/Выполнение бизнес-плана Балансы/2024 год' (Root cause: com.kms.katalon.core.exception.StepFailedException: Unable to click on object 'Object Repository/Выполнение бизнес-плана/Выполнение бизнес-плана Балансы/2024 год'
	at com.kms.katalon.core.webui.keyword.internal.WebUIKeywordMain.stepFailed(WebUIKeywordMain.groovy:64)
	at com.kms.katalon.core.webui.keyword.internal.WebUIKeywordMain.runKeyword(WebUIKeywordMain.groovy:26)
	at com.kms.katalon.core.webui.keyword.builtin.ClickKeyword.click(ClickKeyword.groovy:74)
	at com.kms.katalon.core.webui.keyword.builtin.ClickKeyword.execute(ClickKeyword.groovy:40)
	at com.kms.katalon.core.keyword.internal.KeywordExecutor.executeKeywordForPlatform(KeywordExecutor.groovy:74)
	at com.kms.katalon.core.webui.keyword.WebUiBuiltInKeywords.click(WebUiBuiltInKeywords.groovy:659)
	at Выполнение бизнес-плана сверка дашбордов.Presettings(Выполнение бизнес-плана сверка дашбордов:1728)
	at Выполнение бизнес-плана сверка дашбордов.run(Выполнение бизнес-плана сверка дашбордов:359)
	at com.kms.katalon.core.main.ScriptEngine.run(ScriptEngine.java:194)
	at com.kms.katalon.core.main.ScriptEngine.runScriptAsRawText(ScriptEngine.java:119)
	at com.kms.katalon.core.main.TestCaseExecutor.runScript(TestCaseExecutor.java:448)
	at com.kms.katalon.core.main.TestCaseExecutor.doExecute(TestCaseExecutor.java:439)
	at com.kms.katalon.core.main.TestCaseExecutor.processExecutionPhase(TestCaseExecutor.java:418)
	at com.kms.katalon.core.main.TestCaseExecutor.accessMainPhase(TestCaseExecutor.java:410)
	at com.kms.katalon.core.main.TestCaseExecutor.execute(TestCaseExecutor.java:285)
	at com.kms.katalon.core.common.CommonExecutor.accessTestCaseMainPhase(CommonExecutor.java:65)
	at com.kms.katalon.core.main.TestSuiteExecutor.accessTestSuiteMainPhase(TestSuiteExecutor.java:150)
	at com.kms.katalon.core.main.TestSuiteExecutor.execute(TestSuiteExecutor.java:106)
	at com.kms.katalon.core.main.TestCaseMain.startTestSuite(TestCaseMain.java:180)
	at TempTestSuite1738107421100.run(TempTestSuite1738107421100.groovy:35)
	at java.base/jdk.internal.reflect.NativeMethodAccessorImpl.invoke0(Native Method)
	at java.base/jdk.internal.reflect.NativeMethodAccessorImpl.invoke(NativeMethodAccessorImpl.java:77)
	at java.base/jdk.internal.reflect.DelegatingMethodAccessorImpl.invoke(DelegatingMethodAccessorImpl.java:43)
Caused by: org.openqa.selenium.ElementNotInteractableException: element not interactable
  (Session info: chrome=132.0.6834.159)
Build info: version: '3.141.59', revision: 'unknown', time: 'unknown'
System info: host: 'UVV-WS904-D', ip: '192.168.0.19', os.name: 'Windows 10', os.arch: 'amd64', os.version: '10.0', java.version: '17.0.7'
Driver info: com.kms.katalon.selenium.driver.CChromeDriver
Capabilities {acceptInsecureCerts: false, browserName: chrome, browserVersion: 132.0.6834.159, chrome: {chromedriverVersion: 131.0.6778.108 (3b014839fbc..., userDataDir: C:\Users\LIAZGI~1\AppData\L...}, fedcm:accounts: true, goog:chromeOptions: {debuggerAddress: localhost:55885}, javascriptEnabled: true, networkConnectionEnabled: false, pageLoadStrategy: normal, platform: WINDOWS, platformName: WINDOWS, proxy: Proxy(), setWindowRect: true, strictFileInteractability: false, timeouts: {implicit: 0, pageLoad: 300000, script: 30000}, unhandledPromptBehavior: dismiss and notify, webauthn:extension:credBlob: true, webauthn:extension:largeBlob: true, webauthn:extension:minPinLength: true, webauthn:extension:prf: true, webauthn:virtualAuthenticators: true}
Session ID: 49bba81899ab17328e3a6f5463c4b9b8
	at java.base/jdk.internal.reflect.NativeConstructorAccessorImpl.newInstance0(Native Method)
	at java.base/jdk.internal.reflect.NativeConstructorAccessorImpl.newInstance(NativeConstructorAccessorImpl.java:77)
	at java.base/jdk.internal.reflect.DelegatingConstructorAccessorImpl.newInstance(DelegatingConstructorAccessorImpl.java:45)
	at org.openqa.selenium.remote.http.W3CHttpResponseCodec.createException(W3CHttpResponseCodec.java:187)
	at org.openqa.selenium.remote.http.W3CHttpResponseCodec.decode(W3CHttpResponseCodec.java:122)
	at org.openqa.selenium.remote.http.W3CHttpResponseCodec.decode(W3CHttpResponseCodec.java:49)
	at org.openqa.selenium.remote.HttpCommandExecutor.execute(HttpCommandExecutor.java:158)
	at org.openqa.selenium.remote.service.DriverCommandExecutor.execute(DriverCommandExecutor.java:83)
	at org.openqa.selenium.remote.RemoteWebDriver.execute(RemoteWebDriver.java:552)
	at com.kms.katalon.selenium.driver.CChromeDriver.execute(CChromeDriver.java:19)
	at org.openqa.selenium.remote.RemoteWebElement.execute(RemoteWebElement.java:285)
	at org.openqa.selenium.remote.RemoteWebElement.click(RemoteWebElement.java:84)
	at jdk.internal.reflect.GeneratedMethodAccessor15.invoke(Unknown Source)
	at java.base/jdk.internal.reflect.DelegatingMethodAccessorImpl.invoke(DelegatingMethodAccessorImpl.java:43)
	at org.openqa.selenium.support.events.EventFiringWebDriver$EventFiringWebElement.lambda$new$0(EventFiringWebDriver.java:404)
	at jdk.proxy2/jdk.proxy2.$Proxy24.click(Unknown Source)
	at org.openqa.selenium.support.events.EventFiringWebDriver$EventFiringWebElement.click(EventFiringWebDriver.java:417)
	at org.openqa.selenium.WebElement$click.call(Unknown Source)
	at com.kms.katalon.core.webui.keyword.builtin.ClickKeyword.clickUntilSuccessWithTimeout(ClickKeyword.groovy:81)
	at com.kms.katalon.core.webui.keyword.builtin.ClickKeyword.clickUntilSuccessWithTimeout(ClickKeyword.groovy)
	at jdk.internal.reflect.GeneratedMethodAccessor13.invoke(Unknown Source)
	at java.base/jdk.internal.reflect.DelegatingMethodAccessorImpl.invoke(DelegatingMethodAccessorImpl.java:43)
	at com.kms.katalon.core.webui.keyword.builtin.ClickKeyword$_click_closure1.doCall(ClickKeyword.groovy:67)
	at com.kms.katalon.core.webui.keyword.builtin.ClickKeyword$_click_closure1.call(ClickKeyword.groovy)
	at com.kms.katalon.core.webui.keyword.internal.WebUIKeywordMain.runKeyword(WebUIKeywordMain.groovy:20)
	at com.kms.katalon.core.webui.keyword.builtin.ClickKeyword.click(ClickKeyword.groovy:74)
	at com.kms.katalon.core.webui.keyword.builtin.ClickKeyword.execute(ClickKeyword.groovy:40)
	at com.kms.katalon.core.keyword.internal.KeywordExecutor.executeKeywordForPlatform(KeywordExecutor.groovy:74)
	at com.kms.katalon.core.webui.keyword.WebUiBuiltInKeywords.click(WebUiBuiltInKeywords.groovy:659)
	at Script1719299571342.Presettings(Script1719299571342.groovy:1728)
	at Script1719299571342.run(Script1719299571342.groovy:359)
	... 15 more
)

29-01-2025T02:44:16 - [MESSAGE][FAILED] - Unable to click on object 'Object Repository/Выполнение бизнес-плана/Выполнение бизнес-плана Балансы/2024 год' (Root cause: com.kms.katalon.core.exception.StepFailedException: Unable to click on object 'Object Repository/Выполнение бизнес-плана/Выполнение бизнес-плана Балансы/2024 год'
	at com.kms.katalon.core.webui.keyword.internal.WebUIKeywordMain.stepFailed(WebUIKeywordMain.groovy:64)
	at com.kms.katalon.core.webui.keyword.internal.WebUIKeywordMain.runKeyword(WebUIKeywordMain.groovy:26)
	at com.kms.katalon.core.webui.keyword.builtin.ClickKeyword.click(ClickKeyword.groovy:74)
	at com.kms.katalon.core.webui.keyword.builtin.ClickKeyword.execute(ClickKeyword.groovy:40)
	at com.kms.katalon.core.keyword.internal.KeywordExecutor.executeKeywordForPlatform(KeywordExecutor.groovy:74)
	at com.kms.katalon.core.webui.keyword.WebUiBuiltInKeywords.click(WebUiBuiltInKeywords.groovy:659)
	at Выполнение бизнес-плана сверка дашбордов.Presettings(Выполнение бизнес-плана сверка дашбордов:1728)
	at Выполнение бизнес-плана сверка дашбордов.run(Выполнение бизнес-плана сверка дашбордов:359)
	at com.kms.katalon.core.main.ScriptEngine.run(ScriptEngine.java:194)
	at com.kms.katalon.core.main.ScriptEngine.runScriptAsRawText(ScriptEngine.java:119)
	at com.kms.katalon.core.main.TestCaseExecutor.runScript(TestCaseExecutor.java:448)
	at com.kms.katalon.core.main.TestCaseExecutor.doExecute(TestCaseExecutor.java:439)
	at com.kms.katalon.core.main.TestCaseExecutor.processExecutionPhase(TestCaseExecutor.java:418)
	at com.kms.katalon.core.main.TestCaseExecutor.accessMainPhase(TestCaseExecutor.java:410)
	at com.kms.katalon.core.main.TestCaseExecutor.execute(TestCaseExecutor.java:285)
	at com.kms.katalon.core.common.CommonExecutor.accessTestCaseMainPhase(CommonExecutor.java:65)
	at com.kms.katalon.core.main.TestSuiteExecutor.accessTestSuiteMainPhase(TestSuiteExecutor.java:150)
	at com.kms.katalon.core.main.TestSuiteExecutor.execute(TestSuiteExecutor.java:106)
	at com.kms.katalon.core.main.TestCaseMain.startTestSuite(TestCaseMain.java:180)
	at TempTestSuite1738107421100.run(TempTestSuite1738107421100.groovy:35)
	at java.base/jdk.internal.reflect.NativeMethodAccessorImpl.invoke0(Native Method)
	at java.base/jdk.internal.reflect.NativeMethodAccessorImpl.invoke(NativeMethodAccessorImpl.java:77)
	at java.base/jdk.internal.reflect.DelegatingMethodAccessorImpl.invoke(DelegatingMethodAccessorImpl.java:43)
Caused by: org.openqa.selenium.ElementNotInteractableException: element not interactable
  (Session info: chrome=132.0.6834.159)
Build info: version: '3.141.59', revision: 'unknown', time: 'unknown'
System info: host: 'UVV-WS904-D', ip: '192.168.0.19', os.name: 'Windows 10', os.arch: 'amd64', os.version: '10.0', java.version: '17.0.7'
Driver info: com.kms.katalon.selenium.driver.CChromeDriver
Capabilities {acceptInsecureCerts: false, browserName: chrome, browserVersion: 132.0.6834.159, chrome: {chromedriverVersion: 131.0.6778.108 (3b014839fbc..., userDataDir: C:\Users\LIAZGI~1\AppData\L...}, fedcm:accounts: true, goog:chromeOptions: {debuggerAddress: localhost:55885}, javascriptEnabled: true, networkConnectionEnabled: false, pageLoadStrategy: normal, platform: WINDOWS, platformName: WINDOWS, proxy: Proxy(), setWindowRect: true, strictFileInteractability: false, timeouts: {implicit: 0, pageLoad: 300000, script: 30000}, unhandledPromptBehavior: dismiss and notify, webauthn:extension:credBlob: true, webauthn:extension:largeBlob: true, webauthn:extension:minPinLength: true, webauthn:extension:prf: true, webauthn:virtualAuthenticators: true}
Session ID: 49bba81899ab17328e3a6f5463c4b9b8
	at java.base/jdk.internal.reflect.NativeConstructorAccessorImpl.newInstance0(Native Method)
	at java.base/jdk.internal.reflect.NativeConstructorAccessorImpl.newInstance(NativeConstructorAccessorImpl.java:77)
	at java.base/jdk.internal.reflect.DelegatingConstructorAccessorImpl.newInstance(DelegatingConstructorAccessorImpl.java:45)
	at org.openqa.selenium.remote.http.W3CHttpResponseCodec.createException(W3CHttpResponseCodec.java:187)
	at org.openqa.selenium.remote.http.W3CHttpResponseCodec.decode(W3CHttpResponseCodec.java:122)
	at org.openqa.selenium.remote.http.W3CHttpResponseCodec.decode(W3CHttpResponseCodec.java:49)
	at org.openqa.selenium.remote.HttpCommandExecutor.execute(HttpCommandExecutor.java:158)
	at org.openqa.selenium.remote.service.DriverCommandExecutor.execute(DriverCommandExecutor.java:83)
	at org.openqa.selenium.remote.RemoteWebDriver.execute(RemoteWebDriver.java:552)
	at com.kms.katalon.selenium.driver.CChromeDriver.execute(CChromeDriver.java:19)
	at org.openqa.selenium.remote.RemoteWebElement.execute(RemoteWebElement.java:285)
	at org.openqa.selenium.remote.RemoteWebElement.click(RemoteWebElement.java:84)
	at jdk.internal.reflect.GeneratedMethodAccessor15.invoke(Unknown Source)
	at java.base/jdk.internal.reflect.DelegatingMethodAccessorImpl.invoke(DelegatingMethodAccessorImpl.java:43)
	at org.openqa.selenium.support.events.EventFiringWebDriver$EventFiringWebElement.lambda$new$0(EventFiringWebDriver.java:404)
	at jdk.proxy2/jdk.proxy2.$Proxy24.click(Unknown Source)
	at org.openqa.selenium.support.events.EventFiringWebDriver$EventFiringWebElement.click(EventFiringWebDriver.java:417)
	at org.openqa.selenium.WebElement$click.call(Unknown Source)
	at com.kms.katalon.core.webui.keyword.builtin.ClickKeyword.clickUntilSuccessWithTimeout(ClickKeyword.groovy:81)
	at com.kms.katalon.core.webui.keyword.builtin.ClickKeyword.clickUntilSuccessWithTimeout(ClickKeyword.groovy)
	at jdk.internal.reflect.GeneratedMethodAccessor13.invoke(Unknown Source)
	at java.base/jdk.internal.reflect.DelegatingMethodAccessorImpl.invoke(DelegatingMethodAccessorImpl.java:43)
	at com.kms.katalon.core.webui.keyword.builtin.ClickKeyword$_click_closure1.doCall(ClickKeyword.groovy:67)
	at com.kms.katalon.core.webui.keyword.builtin.ClickKeyword$_click_closure1.call(ClickKeyword.groovy)
	at com.kms.katalon.core.webui.keyword.internal.WebUIKeywordMain.runKeyword(WebUIKeywordMain.groovy:20)
	at com.kms.katalon.core.webui.keyword.builtin.ClickKeyword.click(ClickKeyword.groovy:74)
	at com.kms.katalon.core.webui.keyword.builtin.ClickKeyword.execute(ClickKeyword.groovy:40)
	at com.kms.katalon.core.keyword.internal.KeywordExecutor.executeKeywordForPlatform(KeywordExecutor.groovy:74)
	at com.kms.katalon.core.webui.keyword.WebUiBuiltInKeywords.click(WebUiBuiltInKeywords.groovy:659)
	at Script1719299571342.Presettings(Script1719299571342.groovy:1728)
	at Script1719299571342.run(Script1719299571342.groovy:359)
	... 15 more
)
[[ATTACHMENT|C:\\Users\\LIAZGINA-DI\\git\\SPORU\\Reports\\20250129_023701\\\u041F\u043D-\u0421\u0440-\u041F\u0442\\\u0421\u0432\u0435\u0440\u043A\u0430 \u0434\u0430\u0448\u0431\u043E\u0440\u0434\u043E\u0432 \u0438\u0437 \u0440\u0430\u0437\u043D\u044B\u0445 \u0431\u043B\u043E\u043A\u043E\u0432\\20250129_023701\\1738107856704.png]]

29-01-2025T02:44:16 - [TEST_STEP][PASSED] - scrollToElement(findTestObject(path + "Заголовок дашборда"), 30): Scroll to object 'Object Repository/Выполнение бизнес-плана/Выполнение бизнес-плана Балансы/Заголовок дашборда' successfully

29-01-2025T02:44:17 - [MESSAGE][PASSED] - Scroll to object 'Object Repository/Выполнение бизнес-плана/Выполнение бизнес-плана Балансы/Заголовок дашборда' successfully

29-01-2025T02:44:17 - [TEST_STEP][PASSED] - click(findTestObject(path + "Применить в фильтре Дата")): Object: 'Object Repository/Выполнение бизнес-плана/Выполнение бизнес-плана Балансы/Применить в фильтре Дата' is clicked on

29-01-2025T02:44:17 - [MESSAGE][PASSED] - Object: 'Object Repository/Выполнение бизнес-плана/Выполнение бизнес-плана Балансы/Применить в фильтре Дата' is clicked on

29-01-2025T02:44:17 - [TEST_STEP][PASSED] - delay(30): Delayed 30 second(s)

29-01-2025T02:44:47 - [MESSAGE][PASSED] - Delayed 30 second(s)

29-01-2025T02:44:47 - [TEST_STEP][PASSED] - Script1719299571342.ZakrytOpoveshenie(): null

29-01-2025T02:44:47 - [TEST_STEP][PASSED] - opoveshenie = getText(findTestObject("Выполнение бизнес-плана/Просьба обратить внимание")): Text of object 'Object Repository/Выполнение бизнес-плана/Просьба обратить внимание' is: ''

29-01-2025T02:44:48 - [MESSAGE][PASSED] - Text of object 'Object Repository/Выполнение бизнес-плана/Просьба обратить внимание' is: ''

29-01-2025T02:44:48 - [TEST_STEP][PASSED] - if (opoveshenie == "Просьба обратить внимание"): null

29-01-2025T02:44:48 - [TEST_STEP][PASSED] - click(findTestObject(path + "Фильтр ДЗО")): Object: 'Object Repository/Выполнение бизнес-плана/Выполнение бизнес-плана Балансы/Фильтр ДЗО' is clicked on

29-01-2025T02:44:48 - [MESSAGE][PASSED] - Object: 'Object Repository/Выполнение бизнес-плана/Выполнение бизнес-плана Балансы/Фильтр ДЗО' is clicked on

29-01-2025T02:44:48 - [TEST_STEP][PASSED] - click(findTestObject(path + "Снять выделение в фильтре ДЗО")): Object: 'Object Repository/Выполнение бизнес-плана/Выполнение бизнес-плана Балансы/Снять выделение в фильтре ДЗО' is clicked on

29-01-2025T02:44:49 - [MESSAGE][PASSED] - Object: 'Object Repository/Выполнение бизнес-плана/Выполнение бизнес-плана Балансы/Снять выделение в фильтре ДЗО' is clicked on

29-01-2025T02:44:49 - [TEST_STEP][PASSED] - click(findTestObject(path + "ПАО Россети")): Object: 'Object Repository/Выполнение бизнес-плана/Выполнение бизнес-плана Балансы/ПАО Россети' is clicked on

29-01-2025T02:44:49 - [MESSAGE][PASSED] - Object: 'Object Repository/Выполнение бизнес-плана/Выполнение бизнес-плана Балансы/ПАО Россети' is clicked on

29-01-2025T02:44:49 - [TEST_STEP][PASSED] - click(findTestObject(path + "Применить в фильтре ДЗО")): Object: 'Object Repository/Выполнение бизнес-плана/Выполнение бизнес-плана Балансы/Применить в фильтре ДЗО' is clicked on

29-01-2025T02:44:50 - [MESSAGE][PASSED] - Object: 'Object Repository/Выполнение бизнес-плана/Выполнение бизнес-плана Балансы/Применить в фильтре ДЗО' is clicked on

29-01-2025T02:44:50 - [TEST_STEP][PASSED] - delay(30): Delayed 30 second(s)

29-01-2025T02:45:20 - [MESSAGE][PASSED] - Delayed 30 second(s)

29-01-2025T02:45:20 - [TEST_STEP][PASSED] - pRB = GetAllPAOData(path, dZONum, VseDZO, z = "ПАО Россети/"): null

29-01-2025T02:45:20 - [TEST_STEP][PASSED] - path2 = "Значения со страницы Выполнение бизнес-плана/Table Data/": null

29-01-2025T02:45:20 - [TEST_STEP][PASSED] - ii = <not implemented yet for class: org.codehaus.groovy.ast.expr.EmptyExpression>: null

29-01-2025T02:45:20 - [TEST_STEP][PASSED] - i1 = <not implemented yet for class: org.codehaus.groovy.ast.expr.EmptyExpression>: null

29-01-2025T02:45:20 - [TEST_STEP][PASSED] - z = <not implemented yet for class: org.codehaus.groovy.ast.expr.EmptyExpression>: null

29-01-2025T02:45:20 - [TEST_STEP][PASSED] - z1 = <not implemented yet for class: org.codehaus.groovy.ast.expr.EmptyExpression>: null

29-01-2025T02:45:20 - [TEST_STEP][PASSED] - println("path: " + path): null

29-01-2025T02:45:20 - [TEST_STEP][PASSED] - z = getText(findTestObject(path + "Итого")).replaceAll("[\r?
|
]", "/"): Text of object 'Object Repository/Выполнение бизнес-плана/Выполнение бизнес-плана Балансы/Итого' is: 'Итого
%
8.46 8.46
8.64 8.64
1
100'

29-01-2025T02:45:20 - [MESSAGE][PASSED] - Text of object 'Object Repository/Выполнение бизнес-плана/Выполнение бизнес-плана Балансы/Итого' is: 'Итого
%
8.46 8.46
8.64 8.64
1
100'

29-01-2025T02:45:20 - [TEST_STEP][PASSED] - ii = z.indexOf("%") + 2: null

29-01-2025T02:45:20 - [TEST_STEP][PASSED] - if (ii > -1): null

29-01-2025T02:45:20 - [TEST_STEP][PASSED] - z = z.substring(ii, z.length()): null

29-01-2025T02:45:20 - [TEST_STEP][PASSED] - println(z): null

29-01-2025T02:45:20 - [TEST_STEP][PASSED] - ii = z.indexOf("/1/100") - 1: null

29-01-2025T02:45:20 - [TEST_STEP][PASSED] - if (ii > -1): null

29-01-2025T02:45:20 - [TEST_STEP][PASSED] - z = z.substring(0, ii): null

29-01-2025T02:45:20 - [TEST_STEP][PASSED] - println(z): null

29-01-2025T02:45:20 - [TEST_STEP][PASSED] - ii = z.indexOf("План"): null

29-01-2025T02:45:20 - [TEST_STEP][PASSED] - if (ii > -1): null

29-01-2025T02:45:20 - [TEST_STEP][PASSED] - ii = z.indexOf("/") + 1: null

29-01-2025T02:45:20 - [TEST_STEP][PASSED] - z1 = z.substring(0, ii): null

29-01-2025T02:45:20 - [TEST_STEP][PASSED] - println(z1): null

29-01-2025T02:45:20 - [TEST_STEP][PASSED] - z = z.substring(ii, z.length()): null

29-01-2025T02:45:20 - [TEST_STEP][PASSED] - println(z): null

29-01-2025T02:45:20 - [TEST_STEP][PASSED] - ii = z1.length() / 2: null

29-01-2025T02:45:20 - [TEST_STEP][PASSED] - z1 = replaceAll("[\r?
|
]", "/").trim(): null

29-01-2025T02:45:20 - [TEST_STEP][PASSED] - println(z1): null

29-01-2025T02:45:20 - [TEST_STEP][PASSED] - ii = z.length() / 2: null

29-01-2025T02:45:20 - [TEST_STEP][PASSED] - z = replace("/", "").trim(): null

29-01-2025T02:45:20 - [TEST_STEP][PASSED] - println(z): null

29-01-2025T02:45:20 - [TEST_STEP][PASSED] - x = x + z1 + "/" + z: null

29-01-2025T02:45:20 - [TEST_STEP][PASSED] - println(x): null

29-01-2025T02:45:20 - [TEST_STEP][FAILED] - if (verifyElementPresent(findTestObject(path + "Таблица Итого-Факт"), 30)): Unable to verify object is present (Root cause: com.kms.katalon.core.exception.StepFailedException: Unable to verify object is present
	at com.kms.katalon.core.webui.keyword.internal.WebUIKeywordMain.stepFailed(WebUIKeywordMain.groovy:64)
	at com.kms.katalon.core.webui.keyword.internal.WebUIKeywordMain.runKeyword(WebUIKeywordMain.groovy:26)
	at com.kms.katalon.core.webui.keyword.builtin.VerifyElementPresentKeyword.verifyElementPresent(VerifyElementPresentKeyword.groovy:92)
	at com.kms.katalon.core.webui.keyword.builtin.VerifyElementPresentKeyword.execute(VerifyElementPresentKeyword.groovy:68)
	at com.kms.katalon.core.keyword.internal.KeywordExecutor.executeKeywordForPlatform(KeywordExecutor.groovy:74)
	at com.kms.katalon.core.webui.keyword.WebUiBuiltInKeywords.verifyElementPresent(WebUiBuiltInKeywords.groovy:1503)
	at Выполнение бизнес-плана сверка дашбордов.GetAllPAOData(Выполнение бизнес-плана сверка дашбордов:862)
	at Выполнение бизнес-плана сверка дашбордов.run(Выполнение бизнес-плана сверка дашбордов:362)
	at com.kms.katalon.core.main.ScriptEngine.run(ScriptEngine.java:194)
	at com.kms.katalon.core.main.ScriptEngine.runScriptAsRawText(ScriptEngine.java:119)
	at com.kms.katalon.core.main.TestCaseExecutor.runScript(TestCaseExecutor.java:448)
	at com.kms.katalon.core.main.TestCaseExecutor.doExecute(TestCaseExecutor.java:439)
	at com.kms.katalon.core.main.TestCaseExecutor.processExecutionPhase(TestCaseExecutor.java:418)
	at com.kms.katalon.core.main.TestCaseExecutor.accessMainPhase(TestCaseExecutor.java:410)
	at com.kms.katalon.core.main.TestCaseExecutor.execute(TestCaseExecutor.java:285)
	at com.kms.katalon.core.common.CommonExecutor.accessTestCaseMainPhase(CommonExecutor.java:65)
	at com.kms.katalon.core.main.TestSuiteExecutor.accessTestSuiteMainPhase(TestSuiteExecutor.java:150)
	at com.kms.katalon.core.main.TestSuiteExecutor.execute(TestSuiteExecutor.java:106)
	at com.kms.katalon.core.main.TestCaseMain.startTestSuite(TestCaseMain.java:180)
	at TempTestSuite1738107421100.run(TempTestSuite1738107421100.groovy:35)
	at java.base/jdk.internal.reflect.NativeMethodAccessorImpl.invoke0(Native Method)
	at java.base/jdk.internal.reflect.NativeMethodAccessorImpl.invoke(NativeMethodAccessorImpl.java:77)
	at java.base/jdk.internal.reflect.DelegatingMethodAccessorImpl.invoke(DelegatingMethodAccessorImpl.java:43)
Caused by: java.lang.IllegalArgumentException: Object is null
	at com.kms.katalon.core.helper.KeywordHelper.checkTestObjectParameter(KeywordHelper.java:33)
	at com.kms.katalon.core.webui.keyword.builtin.VerifyElementPresentKeyword$_verifyElementPresent_closure1.doCall(VerifyElementPresentKeyword.groovy:76)
	at com.kms.katalon.core.webui.keyword.builtin.VerifyElementPresentKeyword$_verifyElementPresent_closure1.call(VerifyElementPresentKeyword.groovy)
	at com.kms.katalon.core.webui.keyword.internal.WebUIKeywordMain.runKeyword(WebUIKeywordMain.groovy:20)
	at com.kms.katalon.core.webui.keyword.builtin.VerifyElementPresentKeyword.verifyElementPresent(VerifyElementPresentKeyword.groovy:92)
	at com.kms.katalon.core.webui.keyword.builtin.VerifyElementPresentKeyword.execute(VerifyElementPresentKeyword.groovy:68)
	at com.kms.katalon.core.keyword.internal.KeywordExecutor.executeKeywordForPlatform(KeywordExecutor.groovy:74)
	at com.kms.katalon.core.webui.keyword.WebUiBuiltInKeywords.verifyElementPresent(WebUiBuiltInKeywords.groovy:1503)
	at Script1719299571342.GetAllPAOData(Script1719299571342.groovy:862)
	at Script1719299571342.run(Script1719299571342.groovy:362)
	... 15 more
)

29-01-2025T02:45:20 - [MESSAGE][WARNING] - Test object with id 'Object Repository/Выполнение бизнес-плана/Выполнение бизнес-плана Балансы/Таблица Итого-Факт' does not exist

29-01-2025T02:45:20 - [MESSAGE][WARNING] - Test object with id 'Object Repository/' does not exist

29-01-2025T02:45:21 - [MESSAGE][FAILED] - Unable to verify object is present (Root cause: com.kms.katalon.core.exception.StepFailedException: Unable to verify object is present
	at com.kms.katalon.core.webui.keyword.internal.WebUIKeywordMain.stepFailed(WebUIKeywordMain.groovy:64)
	at com.kms.katalon.core.webui.keyword.internal.WebUIKeywordMain.runKeyword(WebUIKeywordMain.groovy:26)
	at com.kms.katalon.core.webui.keyword.builtin.VerifyElementPresentKeyword.verifyElementPresent(VerifyElementPresentKeyword.groovy:92)
	at com.kms.katalon.core.webui.keyword.builtin.VerifyElementPresentKeyword.execute(VerifyElementPresentKeyword.groovy:68)
	at com.kms.katalon.core.keyword.internal.KeywordExecutor.executeKeywordForPlatform(KeywordExecutor.groovy:74)
	at com.kms.katalon.core.webui.keyword.WebUiBuiltInKeywords.verifyElementPresent(WebUiBuiltInKeywords.groovy:1503)
	at Выполнение бизнес-плана сверка дашбордов.GetAllPAOData(Выполнение бизнес-плана сверка дашбордов:862)
	at Выполнение бизнес-плана сверка дашбордов.run(Выполнение бизнес-плана сверка дашбордов:362)
	at com.kms.katalon.core.main.ScriptEngine.run(ScriptEngine.java:194)
	at com.kms.katalon.core.main.ScriptEngine.runScriptAsRawText(ScriptEngine.java:119)
	at com.kms.katalon.core.main.TestCaseExecutor.runScript(TestCaseExecutor.java:448)
	at com.kms.katalon.core.main.TestCaseExecutor.doExecute(TestCaseExecutor.java:439)
	at com.kms.katalon.core.main.TestCaseExecutor.processExecutionPhase(TestCaseExecutor.java:418)
	at com.kms.katalon.core.main.TestCaseExecutor.accessMainPhase(TestCaseExecutor.java:410)
	at com.kms.katalon.core.main.TestCaseExecutor.execute(TestCaseExecutor.java:285)
	at com.kms.katalon.core.common.CommonExecutor.accessTestCaseMainPhase(CommonExecutor.java:65)
	at com.kms.katalon.core.main.TestSuiteExecutor.accessTestSuiteMainPhase(TestSuiteExecutor.java:150)
	at com.kms.katalon.core.main.TestSuiteExecutor.execute(TestSuiteExecutor.java:106)
	at com.kms.katalon.core.main.TestCaseMain.startTestSuite(TestCaseMain.java:180)
	at TempTestSuite1738107421100.run(TempTestSuite1738107421100.groovy:35)
	at java.base/jdk.internal.reflect.NativeMethodAccessorImpl.invoke0(Native Method)
	at java.base/jdk.internal.reflect.NativeMethodAccessorImpl.invoke(NativeMethodAccessorImpl.java:77)
	at java.base/jdk.internal.reflect.DelegatingMethodAccessorImpl.invoke(DelegatingMethodAccessorImpl.java:43)
Caused by: java.lang.IllegalArgumentException: Object is null
	at com.kms.katalon.core.helper.KeywordHelper.checkTestObjectParameter(KeywordHelper.java:33)
	at com.kms.katalon.core.webui.keyword.builtin.VerifyElementPresentKeyword$_verifyElementPresent_closure1.doCall(VerifyElementPresentKeyword.groovy:76)
	at com.kms.katalon.core.webui.keyword.builtin.VerifyElementPresentKeyword$_verifyElementPresent_closure1.call(VerifyElementPresentKeyword.groovy)
	at com.kms.katalon.core.webui.keyword.internal.WebUIKeywordMain.runKeyword(WebUIKeywordMain.groovy:20)
	at com.kms.katalon.core.webui.keyword.builtin.VerifyElementPresentKeyword.verifyElementPresent(VerifyElementPresentKeyword.groovy:92)
	at com.kms.katalon.core.webui.keyword.builtin.VerifyElementPresentKeyword.execute(VerifyElementPresentKeyword.groovy:68)
	at com.kms.katalon.core.keyword.internal.KeywordExecutor.executeKeywordForPlatform(KeywordExecutor.groovy:74)
	at com.kms.katalon.core.webui.keyword.WebUiBuiltInKeywords.verifyElementPresent(WebUiBuiltInKeywords.groovy:1503)
	at Script1719299571342.GetAllPAOData(Script1719299571342.groovy:862)
	at Script1719299571342.run(Script1719299571342.groovy:362)
	... 15 more
)
[[ATTACHMENT|C:\\Users\\LIAZGINA-DI\\git\\SPORU\\Reports\\20250129_023701\\\u041F\u043D-\u0421\u0440-\u041F\u0442\\\u0421\u0432\u0435\u0440\u043A\u0430 \u0434\u0430\u0448\u0431\u043E\u0440\u0434\u043E\u0432 \u0438\u0437 \u0440\u0430\u0437\u043D\u044B\u0445 \u0431\u043B\u043E\u043A\u043E\u0432\\20250129_023701\\1738107920897.png]]

29-01-2025T02:45:21 - [TEST_STEP][PASSED] - else: null

29-01-2025T02:45:21 - [TEST_STEP][PASSED] - z = getText(findTestObject(path + "Факт Отпуск в сеть за отчётный период ПАО Россети")).replaceAll("\s+", ""): Text of object 'Object Repository/Выполнение бизнес-плана/Выполнение бизнес-плана Балансы/Факт Отпуск в сеть за отчётный период ПАО Россети' is: '6 286 413 139'

29-01-2025T02:45:21 - [MESSAGE][PASSED] - Text of object 'Object Repository/Выполнение бизнес-плана/Выполнение бизнес-плана Балансы/Факт Отпуск в сеть за отчётный период ПАО Россети' is: '6 286 413 139'

29-01-2025T02:45:21 - [TEST_STEP][PASSED] - x = x + "/" + z: null

29-01-2025T02:45:21 - [TEST_STEP][PASSED] - z = getText(findTestObject(path + "Факт Отпуск из сети за отчётный период ПАО Россети")).replaceAll("\s+", ""): Text of object 'Object Repository/Выполнение бизнес-плана/Выполнение бизнес-плана Балансы/Факт Отпуск из сети за отчётный период ПАО Россети' is: '5 742 999 407'

29-01-2025T02:45:21 - [MESSAGE][PASSED] - Text of object 'Object Repository/Выполнение бизнес-плана/Выполнение бизнес-плана Балансы/Факт Отпуск из сети за отчётный период ПАО Россети' is: '5 742 999 407'

29-01-2025T02:45:21 - [TEST_STEP][PASSED] - x = x + "/" + z: null

29-01-2025T02:45:21 - [TEST_STEP][PASSED] - z = getText(findTestObject(path + "Факт Потери за отчётный период ПАО Россети")).replaceAll("\s+", ""): Text of object 'Object Repository/Выполнение бизнес-плана/Выполнение бизнес-плана Балансы/Факт Потери за отчётный период ПАО Россети' is: '543 413 732'

29-01-2025T02:45:21 - [MESSAGE][PASSED] - Text of object 'Object Repository/Выполнение бизнес-плана/Выполнение бизнес-плана Балансы/Факт Потери за отчётный период ПАО Россети' is: '543 413 732'

29-01-2025T02:45:21 - [TEST_STEP][PASSED] - x = x + "/" + z: null

29-01-2025T02:45:21 - [TEST_STEP][PASSED] - z = getText(findTestObject(path + "План Отпуск в сеть за отчётный период ПАО Россети")).replaceAll("\s+", ""): Text of object 'Object Repository/Выполнение бизнес-плана/Выполнение бизнес-плана Балансы/План Отпуск в сеть за отчётный период ПАО Россети' is: '6 445 364 192'

29-01-2025T02:45:22 - [MESSAGE][PASSED] - Text of object 'Object Repository/Выполнение бизнес-плана/Выполнение бизнес-плана Балансы/План Отпуск в сеть за отчётный период ПАО Россети' is: '6 445 364 192'

29-01-2025T02:45:22 - [TEST_STEP][PASSED] - x = x + "/" + z: null

29-01-2025T02:45:22 - [TEST_STEP][PASSED] - z = getText(findTestObject(path + "План Отпуск из сети за отчётный период ПАО Россети")).replaceAll("\s+", ""): Text of object 'Object Repository/Выполнение бизнес-плана/Выполнение бизнес-плана Балансы/План Отпуск из сети за отчётный период ПАО Россети' is: '5 900 620 819'

29-01-2025T02:45:22 - [MESSAGE][PASSED] - Text of object 'Object Repository/Выполнение бизнес-плана/Выполнение бизнес-плана Балансы/План Отпуск из сети за отчётный период ПАО Россети' is: '5 900 620 819'

29-01-2025T02:45:22 - [TEST_STEP][PASSED] - x = x + "/" + z: null

29-01-2025T02:45:22 - [TEST_STEP][PASSED] - z = getText(findTestObject(path + "План Потери за отчётный период ПАО Россети")).replaceAll("\s+", ""): Text of object 'Object Repository/Выполнение бизнес-плана/Выполнение бизнес-плана Балансы/План Потери за отчётный период ПАО Россети' is: '544 743 373'

29-01-2025T02:45:22 - [MESSAGE][PASSED] - Text of object 'Object Repository/Выполнение бизнес-плана/Выполнение бизнес-плана Балансы/План Потери за отчётный период ПАО Россети' is: '544 743 373'

29-01-2025T02:45:22 - [TEST_STEP][PASSED] - x = x + "/" + z: null

29-01-2025T02:45:22 - [TEST_STEP][PASSED] - return x: null

29-01-2025T02:45:22 - [TEST_STEP][PASSED] - println("pRB: " + pRB): null

29-01-2025T02:45:22 - [TEST_STEP][PASSED] - VseDZO = getText(findTestObject(path + "Список ДЗО")): Text of object 'Object Repository/Выполнение бизнес-плана/Выполнение бизнес-плана Балансы/Список ДЗО' is: '-0.18
-1.02
4.98
-0.31
-0.62
0.03
0.08
3.04
-0.18
-1.14
-0.10
-0.02
-0.28
-0.02
-0.15
-0.09
-0.79
Россети ФСКЕЭС
АО«Тываэнерго»
АО«Чеченэнерго»
Россети Волга
РоссетиКубань
РоссетиЛенэнерго(ГК)
РоссетиМосковскийрегион
РоссетиСеверныйКавказ
РоссетиСеверо-Запад
РоссетиСибирь
РоссетиТомск
РоссетиТюмень
Россети Урал(ГК)
РоссетиЦентр (ГК)
РоссетиЦентр иПриволжье(ГК)
Россети Юг(ГК)
РоссетиЯнтарь
-2
0
2
4
6
8'

29-01-2025T02:45:23 - [MESSAGE][PASSED] - Text of object 'Object Repository/Выполнение бизнес-плана/Выполнение бизнес-плана Балансы/Список ДЗО' is: '-0.18
-1.02
4.98
-0.31
-0.62
0.03
0.08
3.04
-0.18
-1.14
-0.10
-0.02
-0.28
-0.02
-0.15
-0.09
-0.79
Россети ФСКЕЭС
АО«Тываэнерго»
АО«Чеченэнерго»
Россети Волга
РоссетиКубань
РоссетиЛенэнерго(ГК)
РоссетиМосковскийрегион
РоссетиСеверныйКавказ
РоссетиСеверо-Запад
РоссетиСибирь
РоссетиТомск
РоссетиТюмень
Россети Урал(ГК)
РоссетиЦентр (ГК)
РоссетиЦентр иПриволжье(ГК)
Россети Юг(ГК)
РоссетиЯнтарь
-2
0
2
4
6
8'

29-01-2025T02:45:23 - [TEST_STEP][PASSED] - dZONum = 0: null

29-01-2025T02:45:23 - [TEST_STEP][PASSED] - i = VseDZO.indexOf("ЕЭС"): null

29-01-2025T02:45:23 - [TEST_STEP][PASSED] - if (i > -1): null

29-01-2025T02:45:23 - [TEST_STEP][PASSED] - dZONum = dZONum + 1: null

29-01-2025T02:45:23 - [TEST_STEP][PASSED] - fB = GetAllData(path, dZONum, VseDZO, x = "Россети ФСК ЕЭС/"): null

29-01-2025T02:45:23 - [TEST_STEP][PASSED] - ii = <not implemented yet for class: org.codehaus.groovy.ast.expr.EmptyExpression>: null

29-01-2025T02:45:23 - [TEST_STEP][PASSED] - i1 = <not implemented yet for class: org.codehaus.groovy.ast.expr.EmptyExpression>: null

29-01-2025T02:45:23 - [TEST_STEP][PASSED] - z = <not implemented yet for class: org.codehaus.groovy.ast.expr.EmptyExpression>: null

29-01-2025T02:45:23 - [TEST_STEP][PASSED] - path2 = "Значения со страницы Выполнение бизнес-плана/Table Data/": null

29-01-2025T02:45:23 - [TEST_STEP][PASSED] - println("path: " + path): null

29-01-2025T02:45:23 - [TEST_STEP][PASSED] - println("dZONum: " + dZONum): null

29-01-2025T02:45:23 - [TEST_STEP][PASSED] - z = getText(findTestObject(path + "spanPlan" + dZONum)): Text of object 'Object Repository/Выполнение бизнес-плана/Выполнение бизнес-плана Балансы/spanPlan1' is: '4.40
|'

29-01-2025T02:45:23 - [MESSAGE][PASSED] - Text of object 'Object Repository/Выполнение бизнес-плана/Выполнение бизнес-плана Балансы/spanPlan1' is: '4.40
|'

29-01-2025T02:45:23 - [TEST_STEP][PASSED] - println(z): null

29-01-2025T02:45:23 - [TEST_STEP][PASSED] - ii = z.indexOf("|"): null

29-01-2025T02:45:23 - [TEST_STEP][PASSED] - if (ii > -1): null

29-01-2025T02:45:23 - [TEST_STEP][PASSED] - z = z.substring(0, z.length() - 1): null

29-01-2025T02:45:23 - [TEST_STEP][PASSED] - println(z): null

29-01-2025T02:45:23 - [TEST_STEP][PASSED] - z = z.replaceAll("\s+", ""): null

29-01-2025T02:45:23 - [TEST_STEP][PASSED] - z = z.replace("[\r?
|
]", "/"): null

29-01-2025T02:45:23 - [TEST_STEP][PASSED] - println(z): null

29-01-2025T02:45:23 - [TEST_STEP][PASSED] - x = x + z: null

29-01-2025T02:45:23 - [TEST_STEP][PASSED] - z = getText(findTestObject(path + "spanFact" + dZONum)): Text of object 'Object Repository/Выполнение бизнес-плана/Выполнение бизнес-плана Балансы/spanFact1' is: '4.22'

29-01-2025T02:45:23 - [MESSAGE][PASSED] - Text of object 'Object Repository/Выполнение бизнес-плана/Выполнение бизнес-плана Балансы/spanFact1' is: '4.22'

29-01-2025T02:45:23 - [TEST_STEP][PASSED] - ii = z.indexOf("|"): null

29-01-2025T02:45:23 - [TEST_STEP][PASSED] - if (ii > -1): null

29-01-2025T02:45:23 - [TEST_STEP][PASSED] - x = x + "/" + z: null

29-01-2025T02:45:23 - [TEST_STEP][PASSED] - z = getText(findTestObject(path + path2 + "Факт Отпуск в сеть за отчётный период " + dZONum)).replaceAll("\s+", ""): Text of object 'Object Repository/Выполнение бизнес-плана/Выполнение бизнес-плана Балансы/Значения со страницы Выполнение бизнес-плана/Table Data/Факт Отпуск в сеть за отчётный период 1' is: '2 892 559 297'

29-01-2025T02:45:24 - [MESSAGE][PASSED] - Text of object 'Object Repository/Выполнение бизнес-плана/Выполнение бизнес-плана Балансы/Значения со страницы Выполнение бизнес-плана/Table Data/Факт Отпуск в сеть за отчётный период 1' is: '2 892 559 297'

29-01-2025T02:45:24 - [TEST_STEP][PASSED] - println("z=" + z): null

29-01-2025T02:45:24 - [TEST_STEP][PASSED] - x = x + "/" + z: null

29-01-2025T02:45:24 - [TEST_STEP][PASSED] - z = getText(findTestObject(path + path2 + "Факт Отпуск из сети за отчётный период " + dZONum)).replaceAll("\s+", ""): Text of object 'Object Repository/Выполнение бизнес-плана/Выполнение бизнес-плана Балансы/Значения со страницы Выполнение бизнес-плана/Table Data/Факт Отпуск из сети за отчётный период 1' is: '2 773 048 155'

29-01-2025T02:45:24 - [MESSAGE][PASSED] - Text of object 'Object Repository/Выполнение бизнес-плана/Выполнение бизнес-плана Балансы/Значения со страницы Выполнение бизнес-плана/Table Data/Факт Отпуск из сети за отчётный период 1' is: '2 773 048 155'

29-01-2025T02:45:24 - [TEST_STEP][PASSED] - x = x + "/" + z: null

29-01-2025T02:45:24 - [TEST_STEP][PASSED] - z = getText(findTestObject(path + path2 + "Факт Потери за отчётный период " + dZONum)).replaceAll("\s+", ""): Text of object 'Object Repository/Выполнение бизнес-плана/Выполнение бизнес-плана Балансы/Значения со страницы Выполнение бизнес-плана/Table Data/Факт Потери за отчётный период 1' is: '119 511 140'

29-01-2025T02:45:24 - [MESSAGE][PASSED] - Text of object 'Object Repository/Выполнение бизнес-плана/Выполнение бизнес-плана Балансы/Значения со страницы Выполнение бизнес-плана/Table Data/Факт Потери за отчётный период 1' is: '119 511 140'

29-01-2025T02:45:24 - [TEST_STEP][PASSED] - x = x + "/" + z: null

29-01-2025T02:45:24 - [TEST_STEP][PASSED] - z = getText(findTestObject(path + path2 + "План Отпуск в сеть за отчётный период " + dZONum)).replaceAll("\s+", ""): Text of object 'Object Repository/Выполнение бизнес-плана/Выполнение бизнес-плана Балансы/Значения со страницы Выполнение бизнес-плана/Table Data/План Отпуск в сеть за отчётный период 1' is: '2 848 996 673'

29-01-2025T02:45:24 - [MESSAGE][PASSED] - Text of object 'Object Repository/Выполнение бизнес-плана/Выполнение бизнес-плана Балансы/Значения со страницы Выполнение бизнес-плана/Table Data/План Отпуск в сеть за отчётный период 1' is: '2 848 996 673'

29-01-2025T02:45:24 - [TEST_STEP][PASSED] - x = x + "/" + z: null

29-01-2025T02:45:24 - [TEST_STEP][PASSED] - z = getText(findTestObject(path + path2 + "План Отпуск из сети за отчётный период " + dZONum)).replaceAll("\s+", ""): Text of object 'Object Repository/Выполнение бизнес-плана/Выполнение бизнес-плана Балансы/Значения со страницы Выполнение бизнес-плана/Table Data/План Отпуск из сети за отчётный период 1' is: '2 725 633 555'

29-01-2025T02:45:25 - [MESSAGE][PASSED] - Text of object 'Object Repository/Выполнение бизнес-плана/Выполнение бизнес-плана Балансы/Значения со страницы Выполнение бизнес-плана/Table Data/План Отпуск из сети за отчётный период 1' is: '2 725 633 555'

29-01-2025T02:45:25 - [TEST_STEP][PASSED] - x = x + "/" + z: null

29-01-2025T02:45:25 - [TEST_STEP][PASSED] - z = getText(findTestObject(path + path2 + "План Потери за отчётный период " + dZONum)).replaceAll("\s+", ""): Text of object 'Object Repository/Выполнение бизнес-плана/Выполнение бизнес-плана Балансы/Значения со страницы Выполнение бизнес-плана/Table Data/План Потери за отчётный период 1' is: '123 363 118'

29-01-2025T02:45:25 - [MESSAGE][PASSED] - Text of object 'Object Repository/Выполнение бизнес-плана/Выполнение бизнес-плана Балансы/Значения со страницы Выполнение бизнес-плана/Table Data/План Потери за отчётный период 1' is: '123 363 118'

29-01-2025T02:45:25 - [TEST_STEP][PASSED] - x = x + "/" + z: null

29-01-2025T02:45:25 - [TEST_STEP][PASSED] - z = getText(findTestObject(path + "Список ДЗО")).replaceAll("[\r?
|
]", "/"): Text of object 'Object Repository/Выполнение бизнес-плана/Выполнение бизнес-плана Балансы/Список ДЗО' is: '-0.18
-1.02
4.98
-0.31
-0.62
0.03
0.08
3.04
-0.18
-1.14
-0.10
-0.02
-0.28
-0.02
-0.15
-0.09
-0.79
Россети ФСКЕЭС
АО«Тываэнерго»
АО«Чеченэнерго»
Россети Волга
РоссетиКубань
РоссетиЛенэнерго(ГК)
РоссетиМосковскийрегион
РоссетиСеверныйКавказ
РоссетиСеверо-Запад
РоссетиСибирь
РоссетиТомск
РоссетиТюмень
Россети Урал(ГК)
РоссетиЦентр (ГК)
РоссетиЦентр иПриволжье(ГК)
Россети Юг(ГК)
РоссетиЯнтарь
-2
0
2
4
6
8'

29-01-2025T02:45:25 - [MESSAGE][PASSED] - Text of object 'Object Repository/Выполнение бизнес-плана/Выполнение бизнес-плана Балансы/Список ДЗО' is: '-0.18
-1.02
4.98
-0.31
-0.62
0.03
0.08
3.04
-0.18
-1.14
-0.10
-0.02
-0.28
-0.02
-0.15
-0.09
-0.79
Россети ФСКЕЭС
АО«Тываэнерго»
АО«Чеченэнерго»
Россети Волга
РоссетиКубань
РоссетиЛенэнерго(ГК)
РоссетиМосковскийрегион
РоссетиСеверныйКавказ
РоссетиСеверо-Запад
РоссетиСибирь
РоссетиТомск
РоссетиТюмень
Россети Урал(ГК)
РоссетиЦентр (ГК)
РоссетиЦентр иПриволжье(ГК)
Россети Юг(ГК)
РоссетиЯнтарь
-2
0
2
4
6
8'

29-01-2025T02:45:25 - [TEST_STEP][PASSED] - for ([ii = 1, ii < dZONum, (ii++)]): null

29-01-2025T02:45:25 - [TEST_STEP][PASSED] - i1 = z.indexOf("/"): null

29-01-2025T02:45:25 - [TEST_STEP][PASSED] - if (i1 > -1): null

29-01-2025T02:45:25 - [TEST_STEP][PASSED] - z = z.substring(0, i1): null

29-01-2025T02:45:25 - [TEST_STEP][PASSED] - z = z.replace(",", "."): null

29-01-2025T02:45:25 - [TEST_STEP][PASSED] - println(z): null

29-01-2025T02:45:25 - [TEST_STEP][PASSED] - x = x + "/" + z: null

29-01-2025T02:45:25 - [TEST_STEP][PASSED] - x = x.replaceAll("[\r?
|
]", ""): null

29-01-2025T02:45:25 - [TEST_STEP][PASSED] - println("x =" + x): null

29-01-2025T02:45:25 - [TEST_STEP][PASSED] - return x: null

29-01-2025T02:45:25 - [TEST_STEP][PASSED] - println("fB: " + fB): null

29-01-2025T02:45:25 - [TEST_STEP][PASSED] - i = VseDZO.indexOf("Тываэнерго"): null

29-01-2025T02:45:25 - [TEST_STEP][PASSED] - if (i > -1): null

29-01-2025T02:45:25 - [TEST_STEP][PASSED] - dZONum = dZONum + 1: null

29-01-2025T02:45:25 - [TEST_STEP][PASSED] - tyB = GetAllData(path, dZONum, VseDZO, x = "АО "Тываэнерго"/"): null

29-01-2025T02:45:25 - [TEST_STEP][PASSED] - ii = <not implemented yet for class: org.codehaus.groovy.ast.expr.EmptyExpression>: null

29-01-2025T02:45:25 - [TEST_STEP][PASSED] - i1 = <not implemented yet for class: org.codehaus.groovy.ast.expr.EmptyExpression>: null

29-01-2025T02:45:25 - [TEST_STEP][PASSED] - z = <not implemented yet for class: org.codehaus.groovy.ast.expr.EmptyExpression>: null

29-01-2025T02:45:25 - [TEST_STEP][PASSED] - path2 = "Значения со страницы Выполнение бизнес-плана/Table Data/": null

29-01-2025T02:45:25 - [TEST_STEP][PASSED] - println("path: " + path): null

29-01-2025T02:45:25 - [TEST_STEP][PASSED] - println("dZONum: " + dZONum): null

29-01-2025T02:45:25 - [TEST_STEP][PASSED] - z = getText(findTestObject(path + "spanPlan" + dZONum)): Text of object 'Object Repository/Выполнение бизнес-плана/Выполнение бизнес-плана Балансы/spanPlan2' is: '29.57
|'

29-01-2025T02:45:26 - [MESSAGE][PASSED] - Text of object 'Object Repository/Выполнение бизнес-плана/Выполнение бизнес-плана Балансы/spanPlan2' is: '29.57
|'

29-01-2025T02:45:26 - [TEST_STEP][PASSED] - println(z): null

29-01-2025T02:45:26 - [TEST_STEP][PASSED] - ii = z.indexOf("|"): null

29-01-2025T02:45:26 - [TEST_STEP][PASSED] - if (ii > -1): null

29-01-2025T02:45:26 - [TEST_STEP][PASSED] - z = z.substring(0, z.length() - 1): null

29-01-2025T02:45:26 - [TEST_STEP][PASSED] - println(z): null

29-01-2025T02:45:26 - [TEST_STEP][PASSED] - z = z.replaceAll("\s+", ""): null

29-01-2025T02:45:26 - [TEST_STEP][PASSED] - z = z.replace("[\r?
|
]", "/"): null

29-01-2025T02:45:26 - [TEST_STEP][PASSED] - println(z): null

29-01-2025T02:45:26 - [TEST_STEP][PASSED] - x = x + z: null

29-01-2025T02:45:26 - [TEST_STEP][PASSED] - z = getText(findTestObject(path + "spanFact" + dZONum)): Text of object 'Object Repository/Выполнение бизнес-плана/Выполнение бизнес-плана Балансы/spanFact2' is: '28.55'

29-01-2025T02:45:26 - [MESSAGE][PASSED] - Text of object 'Object Repository/Выполнение бизнес-плана/Выполнение бизнес-плана Балансы/spanFact2' is: '28.55'

29-01-2025T02:45:26 - [TEST_STEP][PASSED] - ii = z.indexOf("|"): null

29-01-2025T02:45:26 - [TEST_STEP][PASSED] - if (ii > -1): null

29-01-2025T02:45:26 - [TEST_STEP][PASSED] - x = x + "/" + z: null

29-01-2025T02:45:26 - [TEST_STEP][PASSED] - z = getText(findTestObject(path + path2 + "Факт Отпуск в сеть за отчётный период " + dZONum)).replaceAll("\s+", ""): Text of object 'Object Repository/Выполнение бизнес-плана/Выполнение бизнес-плана Балансы/Значения со страницы Выполнение бизнес-плана/Table Data/Факт Отпуск в сеть за отчётный период 2' is: '3 590 455'

29-01-2025T02:45:26 - [MESSAGE][PASSED] - Text of object 'Object Repository/Выполнение бизнес-плана/Выполнение бизнес-плана Балансы/Значения со страницы Выполнение бизнес-плана/Table Data/Факт Отпуск в сеть за отчётный период 2' is: '3 590 455'

29-01-2025T02:45:26 - [TEST_STEP][PASSED] - println("z=" + z): null

29-01-2025T02:45:26 - [TEST_STEP][PASSED] - x = x + "/" + z: null

29-01-2025T02:45:26 - [TEST_STEP][PASSED] - z = getText(findTestObject(path + path2 + "Факт Отпуск из сети за отчётный период " + dZONum)).replaceAll("\s+", ""): Text of object 'Object Repository/Выполнение бизнес-плана/Выполнение бизнес-плана Балансы/Значения со страницы Выполнение бизнес-плана/Table Data/Факт Отпуск из сети за отчётный период 2' is: '2 492 845'

29-01-2025T02:45:27 - [MESSAGE][PASSED] - Text of object 'Object Repository/Выполнение бизнес-плана/Выполнение бизнес-плана Балансы/Значения со страницы Выполнение бизнес-плана/Table Data/Факт Отпуск из сети за отчётный период 2' is: '2 492 845'

29-01-2025T02:45:27 - [TEST_STEP][PASSED] - x = x + "/" + z: null

29-01-2025T02:45:27 - [TEST_STEP][PASSED] - z = getText(findTestObject(path + path2 + "Факт Потери за отчётный период " + dZONum)).replaceAll("\s+", ""): Text of object 'Object Repository/Выполнение бизнес-плана/Выполнение бизнес-плана Балансы/Значения со страницы Выполнение бизнес-плана/Table Data/Факт Потери за отчётный период 2' is: '1 097 609'

29-01-2025T02:45:27 - [MESSAGE][PASSED] - Text of object 'Object Repository/Выполнение бизнес-плана/Выполнение бизнес-плана Балансы/Значения со страницы Выполнение бизнес-плана/Table Data/Факт Потери за отчётный период 2' is: '1 097 609'

29-01-2025T02:45:27 - [TEST_STEP][PASSED] - x = x + "/" + z: null

29-01-2025T02:45:27 - [TEST_STEP][PASSED] - z = getText(findTestObject(path + path2 + "План Отпуск в сеть за отчётный период " + dZONum)).replaceAll("\s+", ""): Text of object 'Object Repository/Выполнение бизнес-плана/Выполнение бизнес-плана Балансы/Значения со страницы Выполнение бизнес-плана/Table Data/План Отпуск в сеть за отчётный период 2' is: '3 507 202'

29-01-2025T02:45:27 - [MESSAGE][PASSED] - Text of object 'Object Repository/Выполнение бизнес-плана/Выполнение бизнес-плана Балансы/Значения со страницы Выполнение бизнес-плана/Table Data/План Отпуск в сеть за отчётный период 2' is: '3 507 202'

29-01-2025T02:45:27 - [TEST_STEP][PASSED] - x = x + "/" + z: null

29-01-2025T02:45:27 - [TEST_STEP][PASSED] - z = getText(findTestObject(path + path2 + "План Отпуск из сети за отчётный период " + dZONum)).replaceAll("\s+", ""): Text of object 'Object Repository/Выполнение бизнес-плана/Выполнение бизнес-плана Балансы/Значения со страницы Выполнение бизнес-плана/Table Data/План Отпуск из сети за отчётный период 2' is: '2 443 887'

29-01-2025T02:45:28 - [MESSAGE][PASSED] - Text of object 'Object Repository/Выполнение бизнес-плана/Выполнение бизнес-плана Балансы/Значения со страницы Выполнение бизнес-плана/Table Data/План Отпуск из сети за отчётный период 2' is: '2 443 887'

29-01-2025T02:45:28 - [TEST_STEP][PASSED] - x = x + "/" + z: null

29-01-2025T02:45:28 - [TEST_STEP][PASSED] - z = getText(findTestObject(path + path2 + "План Потери за отчётный период " + dZONum)).replaceAll("\s+", ""): Text of object 'Object Repository/Выполнение бизнес-плана/Выполнение бизнес-плана Балансы/Значения со страницы Выполнение бизнес-плана/Table Data/План Потери за отчётный период 2' is: '1 063 315'

29-01-2025T02:45:28 - [MESSAGE][PASSED] - Text of object 'Object Repository/Выполнение бизнес-плана/Выполнение бизнес-плана Балансы/Значения со страницы Выполнение бизнес-плана/Table Data/План Потери за отчётный период 2' is: '1 063 315'

29-01-2025T02:45:28 - [TEST_STEP][PASSED] - x = x + "/" + z: null

29-01-2025T02:45:28 - [TEST_STEP][PASSED] - z = getText(findTestObject(path + "Список ДЗО")).replaceAll("[\r?
|
]", "/"): Text of object 'Object Repository/Выполнение бизнес-плана/Выполнение бизнес-плана Балансы/Список ДЗО' is: '-0.18
-1.02
4.98
-0.31
-0.62
0.03
0.08
3.04
-0.18
-1.14
-0.10
-0.02
-0.28
-0.02
-0.15
-0.09
-0.79
Россети ФСКЕЭС
АО«Тываэнерго»
АО«Чеченэнерго»
Россети Волга
РоссетиКубань
РоссетиЛенэнерго(ГК)
РоссетиМосковскийрегион
РоссетиСеверныйКавказ
РоссетиСеверо-Запад
РоссетиСибирь
РоссетиТомск
РоссетиТюмень
Россети Урал(ГК)
РоссетиЦентр (ГК)
РоссетиЦентр иПриволжье(ГК)
Россети Юг(ГК)
РоссетиЯнтарь
-2
0
2
4
6
8'

29-01-2025T02:45:28 - [MESSAGE][PASSED] - Text of object 'Object Repository/Выполнение бизнес-плана/Выполнение бизнес-плана Балансы/Список ДЗО' is: '-0.18
-1.02
4.98
-0.31
-0.62
0.03
0.08
3.04
-0.18
-1.14
-0.10
-0.02
-0.28
-0.02
-0.15
-0.09
-0.79
Россети ФСКЕЭС
АО«Тываэнерго»
АО«Чеченэнерго»
Россети Волга
РоссетиКубань
РоссетиЛенэнерго(ГК)
РоссетиМосковскийрегион
РоссетиСеверныйКавказ
РоссетиСеверо-Запад
РоссетиСибирь
РоссетиТомск
РоссетиТюмень
Россети Урал(ГК)
РоссетиЦентр (ГК)
РоссетиЦентр иПриволжье(ГК)
Россети Юг(ГК)
РоссетиЯнтарь
-2
0
2
4
6
8'

29-01-2025T02:45:28 - [TEST_STEP][PASSED] - for ([ii = 1, ii < dZONum, (ii++)]): null

29-01-2025T02:45:28 - [TEST_STEP][PASSED] - i1 = z.indexOf("/") + 1: null

29-01-2025T02:45:28 - [TEST_STEP][PASSED] - if (i1 > -1): null

29-01-2025T02:45:28 - [TEST_STEP][PASSED] - z = z.substring(i1, z.length()): null

29-01-2025T02:45:28 - [TEST_STEP][PASSED] - i1 = z.indexOf("/"): null

29-01-2025T02:45:28 - [TEST_STEP][PASSED] - i1 = z.indexOf("/"): null

29-01-2025T02:45:28 - [TEST_STEP][PASSED] - if (i1 > -1): null

29-01-2025T02:45:28 - [TEST_STEP][PASSED] - z = z.substring(0, i1): null

29-01-2025T02:45:28 - [TEST_STEP][PASSED] - z = z.replace(",", "."): null

29-01-2025T02:45:28 - [TEST_STEP][PASSED] - println(z): null

29-01-2025T02:45:28 - [TEST_STEP][PASSED] - x = x + "/" + z: null

29-01-2025T02:45:28 - [TEST_STEP][PASSED] - x = x.replaceAll("[\r?
|
]", ""): null

29-01-2025T02:45:28 - [TEST_STEP][PASSED] - println("x =" + x): null

29-01-2025T02:45:28 - [TEST_STEP][PASSED] - return x: null

29-01-2025T02:45:28 - [TEST_STEP][PASSED] - println("tyB: " + tyB): null

29-01-2025T02:45:28 - [TEST_STEP][PASSED] - i = VseDZO.indexOf("Чеченэнерго"): null

29-01-2025T02:45:28 - [TEST_STEP][PASSED] - if (i > -1): null

29-01-2025T02:45:28 - [TEST_STEP][PASSED] - dZONum = dZONum + 1: null

29-01-2025T02:45:28 - [TEST_STEP][PASSED] - chB = GetAllData(path, dZONum, VseDZO, x = "АО "Чеченэнерго"/"): null

29-01-2025T02:45:28 - [TEST_STEP][PASSED] - ii = <not implemented yet for class: org.codehaus.groovy.ast.expr.EmptyExpression>: null

29-01-2025T02:45:28 - [TEST_STEP][PASSED] - i1 = <not implemented yet for class: org.codehaus.groovy.ast.expr.EmptyExpression>: null

29-01-2025T02:45:28 - [TEST_STEP][PASSED] - z = <not implemented yet for class: org.codehaus.groovy.ast.expr.EmptyExpression>: null

29-01-2025T02:45:28 - [TEST_STEP][PASSED] - path2 = "Значения со страницы Выполнение бизнес-плана/Table Data/": null

29-01-2025T02:45:28 - [TEST_STEP][PASSED] - println("path: " + path): null

29-01-2025T02:45:28 - [TEST_STEP][PASSED] - println("dZONum: " + dZONum): null

29-01-2025T02:45:28 - [TEST_STEP][PASSED] - z = getText(findTestObject(path + "spanPlan" + dZONum)): Text of object 'Object Repository/Выполнение бизнес-плана/Выполнение бизнес-плана Балансы/spanPlan3' is: '29.95'

29-01-2025T02:45:29 - [MESSAGE][PASSED] - Text of object 'Object Repository/Выполнение бизнес-плана/Выполнение бизнес-плана Балансы/spanPlan3' is: '29.95'

29-01-2025T02:45:29 - [TEST_STEP][PASSED] - println(z): null

29-01-2025T02:45:29 - [TEST_STEP][PASSED] - ii = z.indexOf("|"): null

29-01-2025T02:45:29 - [TEST_STEP][PASSED] - if (ii > -1): null

29-01-2025T02:45:29 - [TEST_STEP][PASSED] - z = z.replaceAll("\s+", ""): null

29-01-2025T02:45:29 - [TEST_STEP][PASSED] - z = z.replace("[\r?
|
]", "/"): null

29-01-2025T02:45:29 - [TEST_STEP][PASSED] - println(z): null

29-01-2025T02:45:29 - [TEST_STEP][PASSED] - x = x + z: null

29-01-2025T02:45:29 - [TEST_STEP][PASSED] - z = getText(findTestObject(path + "spanFact" + dZONum)): Text of object 'Object Repository/Выполнение бизнес-плана/Выполнение бизнес-плана Балансы/spanFact3' is: '34.93
|'

29-01-2025T02:45:29 - [MESSAGE][PASSED] - Text of object 'Object Repository/Выполнение бизнес-плана/Выполнение бизнес-плана Балансы/spanFact3' is: '34.93
|'

29-01-2025T02:45:29 - [TEST_STEP][PASSED] - ii = z.indexOf("|"): null

29-01-2025T02:45:29 - [TEST_STEP][PASSED] - if (ii > -1): null

29-01-2025T02:45:29 - [TEST_STEP][PASSED] - z = length() - 1).replace("[\r?
|
]", "/"): null

29-01-2025T02:45:29 - [TEST_STEP][PASSED] - x = x + "/" + z: null

29-01-2025T02:45:29 - [TEST_STEP][PASSED] - z = getText(findTestObject(path + path2 + "Факт Отпуск в сеть за отчётный период " + dZONum)).replaceAll("\s+", ""): Text of object 'Object Repository/Выполнение бизнес-плана/Выполнение бизнес-плана Балансы/Значения со страницы Выполнение бизнес-плана/Table Data/Факт Отпуск в сеть за отчётный период 3' is: '14 382 745'

29-01-2025T02:45:29 - [MESSAGE][PASSED] - Text of object 'Object Repository/Выполнение бизнес-плана/Выполнение бизнес-плана Балансы/Значения со страницы Выполнение бизнес-плана/Table Data/Факт Отпуск в сеть за отчётный период 3' is: '14 382 745'

29-01-2025T02:45:29 - [TEST_STEP][PASSED] - println("z=" + z): null

29-01-2025T02:45:29 - [TEST_STEP][PASSED] - x = x + "/" + z: null

29-01-2025T02:45:29 - [TEST_STEP][PASSED] - z = getText(findTestObject(path + path2 + "Факт Отпуск из сети за отчётный период " + dZONum)).replaceAll("\s+", ""): Text of object 'Object Repository/Выполнение бизнес-плана/Выполнение бизнес-плана Балансы/Значения со страницы Выполнение бизнес-плана/Table Data/Факт Отпуск из сети за отчётный период 3' is: '9 281 224'

29-01-2025T02:45:29 - [MESSAGE][PASSED] - Text of object 'Object Repository/Выполнение бизнес-плана/Выполнение бизнес-плана Балансы/Значения со страницы Выполнение бизнес-плана/Table Data/Факт Отпуск из сети за отчётный период 3' is: '9 281 224'

29-01-2025T02:45:29 - [TEST_STEP][PASSED] - x = x + "/" + z: null

29-01-2025T02:45:29 - [TEST_STEP][PASSED] - z = getText(findTestObject(path + path2 + "Факт Потери за отчётный период " + dZONum)).replaceAll("\s+", ""): Text of object 'Object Repository/Выполнение бизнес-плана/Выполнение бизнес-плана Балансы/Значения со страницы Выполнение бизнес-плана/Table Data/Факт Потери за отчётный период 3' is: '5 101 521'

29-01-2025T02:45:30 - [MESSAGE][PASSED] - Text of object 'Object Repository/Выполнение бизнес-плана/Выполнение бизнес-плана Балансы/Значения со страницы Выполнение бизнес-плана/Table Data/Факт Потери за отчётный период 3' is: '5 101 521'

29-01-2025T02:45:30 - [TEST_STEP][PASSED] - x = x + "/" + z: null

29-01-2025T02:45:30 - [TEST_STEP][PASSED] - z = getText(findTestObject(path + path2 + "План Отпуск в сеть за отчётный период " + dZONum)).replaceAll("\s+", ""): Text of object 'Object Repository/Выполнение бизнес-плана/Выполнение бизнес-плана Балансы/Значения со страницы Выполнение бизнес-плана/Table Data/План Отпуск в сеть за отчётный период 3' is: '13 842 657'

29-01-2025T02:45:30 - [MESSAGE][PASSED] - Text of object 'Object Repository/Выполнение бизнес-плана/Выполнение бизнес-плана Балансы/Значения со страницы Выполнение бизнес-плана/Table Data/План Отпуск в сеть за отчётный период 3' is: '13 842 657'

29-01-2025T02:45:30 - [TEST_STEP][PASSED] - x = x + "/" + z: null

29-01-2025T02:45:30 - [TEST_STEP][PASSED] - z = getText(findTestObject(path + path2 + "План Отпуск из сети за отчётный период " + dZONum)).replaceAll("\s+", ""): Text of object 'Object Repository/Выполнение бизнес-плана/Выполнение бизнес-плана Балансы/Значения со страницы Выполнение бизнес-плана/Table Data/План Отпуск из сети за отчётный период 3' is: '9 780 709'

29-01-2025T02:45:30 - [MESSAGE][PASSED] - Text of object 'Object Repository/Выполнение бизнес-плана/Выполнение бизнес-плана Балансы/Значения со страницы Выполнение бизнес-плана/Table Data/План Отпуск из сети за отчётный период 3' is: '9 780 709'

29-01-2025T02:45:30 - [TEST_STEP][PASSED] - x = x + "/" + z: null

29-01-2025T02:45:30 - [TEST_STEP][PASSED] - z = getText(findTestObject(path + path2 + "План Потери за отчётный период " + dZONum)).replaceAll("\s+", ""): Text of object 'Object Repository/Выполнение бизнес-плана/Выполнение бизнес-плана Балансы/Значения со страницы Выполнение бизнес-плана/Table Data/План Потери за отчётный период 3' is: '4 061 948'

29-01-2025T02:45:31 - [MESSAGE][PASSED] - Text of object 'Object Repository/Выполнение бизнес-плана/Выполнение бизнес-плана Балансы/Значения со страницы Выполнение бизнес-плана/Table Data/План Потери за отчётный период 3' is: '4 061 948'

29-01-2025T02:45:31 - [TEST_STEP][PASSED] - x = x + "/" + z: null

29-01-2025T02:45:31 - [TEST_STEP][PASSED] - z = getText(findTestObject(path + "Список ДЗО")).replaceAll("[\r?
|
]", "/"): Text of object 'Object Repository/Выполнение бизнес-плана/Выполнение бизнес-плана Балансы/Список ДЗО' is: '-0.18
-1.02
4.98
-0.31
-0.62
0.03
0.08
3.04
-0.18
-1.14
-0.10
-0.02
-0.28
-0.02
-0.15
-0.09
-0.79
Россети ФСКЕЭС
АО«Тываэнерго»
АО«Чеченэнерго»
Россети Волга
РоссетиКубань
РоссетиЛенэнерго(ГК)
РоссетиМосковскийрегион
РоссетиСеверныйКавказ
РоссетиСеверо-Запад
РоссетиСибирь
РоссетиТомск
РоссетиТюмень
Россети Урал(ГК)
РоссетиЦентр (ГК)
РоссетиЦентр иПриволжье(ГК)
Россети Юг(ГК)
РоссетиЯнтарь
-2
0
2
4
6
8'

29-01-2025T02:45:31 - [MESSAGE][PASSED] - Text of object 'Object Repository/Выполнение бизнес-плана/Выполнение бизнес-плана Балансы/Список ДЗО' is: '-0.18
-1.02
4.98
-0.31
-0.62
0.03
0.08
3.04
-0.18
-1.14
-0.10
-0.02
-0.28
-0.02
-0.15
-0.09
-0.79
Россети ФСКЕЭС
АО«Тываэнерго»
АО«Чеченэнерго»
Россети Волга
РоссетиКубань
РоссетиЛенэнерго(ГК)
РоссетиМосковскийрегион
РоссетиСеверныйКавказ
РоссетиСеверо-Запад
РоссетиСибирь
РоссетиТомск
РоссетиТюмень
Россети Урал(ГК)
РоссетиЦентр (ГК)
РоссетиЦентр иПриволжье(ГК)
Россети Юг(ГК)
РоссетиЯнтарь
-2
0
2
4
6
8'

29-01-2025T02:45:31 - [TEST_STEP][PASSED] - for ([ii = 1, ii < dZONum, (ii++)]): null

29-01-2025T02:45:31 - [TEST_STEP][PASSED] - i1 = z.indexOf("/") + 1: null

29-01-2025T02:45:31 - [TEST_STEP][PASSED] - if (i1 > -1): null

29-01-2025T02:45:31 - [TEST_STEP][PASSED] - z = z.substring(i1, z.length()): null

29-01-2025T02:45:31 - [TEST_STEP][PASSED] - i1 = z.indexOf("/"): null

29-01-2025T02:45:31 - [TEST_STEP][PASSED] - i1 = z.indexOf("/") + 1: null

29-01-2025T02:45:31 - [TEST_STEP][PASSED] - if (i1 > -1): null

29-01-2025T02:45:31 - [TEST_STEP][PASSED] - z = z.substring(i1, z.length()): null

29-01-2025T02:45:31 - [TEST_STEP][PASSED] - i1 = z.indexOf("/"): null

29-01-2025T02:45:31 - [TEST_STEP][PASSED] - i1 = z.indexOf("/"): null

29-01-2025T02:45:31 - [TEST_STEP][PASSED] - if (i1 > -1): null

29-01-2025T02:45:31 - [TEST_STEP][PASSED] - z = z.substring(0, i1): null

29-01-2025T02:45:31 - [TEST_STEP][PASSED] - z = z.replace(",", "."): null

29-01-2025T02:45:31 - [TEST_STEP][PASSED] - println(z): null

29-01-2025T02:45:31 - [TEST_STEP][PASSED] - x = x + "/" + z: null

29-01-2025T02:45:31 - [TEST_STEP][PASSED] - x = x.replaceAll("[\r?
|
]", ""): null

29-01-2025T02:45:31 - [TEST_STEP][PASSED] - println("x =" + x): null

29-01-2025T02:45:31 - [TEST_STEP][PASSED] - return x: null

29-01-2025T02:45:31 - [TEST_STEP][PASSED] - println("chB: " + chB): null

29-01-2025T02:45:31 - [TEST_STEP][PASSED] - i = VseDZO.indexOf("Волга"): null

29-01-2025T02:45:31 - [TEST_STEP][PASSED] - if (i > -1): null

29-01-2025T02:45:31 - [TEST_STEP][PASSED] - dZONum = dZONum + 1: null

29-01-2025T02:45:31 - [TEST_STEP][PASSED] - vB = GetAllData(path, dZONum, VseDZO, x = "Россети Волга/"): null

29-01-2025T02:45:31 - [TEST_STEP][PASSED] - ii = <not implemented yet for class: org.codehaus.groovy.ast.expr.EmptyExpression>: null

29-01-2025T02:45:31 - [TEST_STEP][PASSED] - i1 = <not implemented yet for class: org.codehaus.groovy.ast.expr.EmptyExpression>: null

29-01-2025T02:45:31 - [TEST_STEP][PASSED] - z = <not implemented yet for class: org.codehaus.groovy.ast.expr.EmptyExpression>: null

29-01-2025T02:45:31 - [TEST_STEP][PASSED] - path2 = "Значения со страницы Выполнение бизнес-плана/Table Data/": null

29-01-2025T02:45:31 - [TEST_STEP][PASSED] - println("path: " + path): null

29-01-2025T02:45:31 - [TEST_STEP][PASSED] - println("dZONum: " + dZONum): null

29-01-2025T02:45:31 - [TEST_STEP][PASSED] - z = getText(findTestObject(path + "spanPlan" + dZONum)): Text of object 'Object Repository/Выполнение бизнес-плана/Выполнение бизнес-плана Балансы/spanPlan4' is: '6.28
|'

29-01-2025T02:45:31 - [MESSAGE][PASSED] - Text of object 'Object Repository/Выполнение бизнес-плана/Выполнение бизнес-плана Балансы/spanPlan4' is: '6.28
|'

29-01-2025T02:45:31 - [TEST_STEP][PASSED] - println(z): null

29-01-2025T02:45:31 - [TEST_STEP][PASSED] - ii = z.indexOf("|"): null

29-01-2025T02:45:31 - [TEST_STEP][PASSED] - if (ii > -1): null

29-01-2025T02:45:31 - [TEST_STEP][PASSED] - z = z.substring(0, z.length() - 1): null

29-01-2025T02:45:31 - [TEST_STEP][PASSED] - println(z): null

29-01-2025T02:45:31 - [TEST_STEP][PASSED] - z = z.replaceAll("\s+", ""): null

29-01-2025T02:45:31 - [TEST_STEP][PASSED] - z = z.replace("[\r?
|
]", "/"): null

29-01-2025T02:45:31 - [TEST_STEP][PASSED] - println(z): null

29-01-2025T02:45:31 - [TEST_STEP][PASSED] - x = x + z: null

29-01-2025T02:45:31 - [TEST_STEP][PASSED] - z = getText(findTestObject(path + "spanFact" + dZONum)): Text of object 'Object Repository/Выполнение бизнес-плана/Выполнение бизнес-плана Балансы/spanFact4' is: '5.98'

29-01-2025T02:45:32 - [MESSAGE][PASSED] - Text of object 'Object Repository/Выполнение бизнес-плана/Выполнение бизнес-плана Балансы/spanFact4' is: '5.98'

29-01-2025T02:45:32 - [TEST_STEP][PASSED] - ii = z.indexOf("|"): null

29-01-2025T02:45:32 - [TEST_STEP][PASSED] - if (ii > -1): null

29-01-2025T02:45:32 - [TEST_STEP][PASSED] - x = x + "/" + z: null

29-01-2025T02:45:32 - [TEST_STEP][PASSED] - z = getText(findTestObject(path + path2 + "Факт Отпуск в сеть за отчётный период " + dZONum)).replaceAll("\s+", ""): Text of object 'Object Repository/Выполнение бизнес-плана/Выполнение бизнес-плана Балансы/Значения со страницы Выполнение бизнес-плана/Table Data/Факт Отпуск в сеть за отчётный период 4' is: '260 669 144'

29-01-2025T02:45:32 - [MESSAGE][PASSED] - Text of object 'Object Repository/Выполнение бизнес-плана/Выполнение бизнес-плана Балансы/Значения со страницы Выполнение бизнес-плана/Table Data/Факт Отпуск в сеть за отчётный период 4' is: '260 669 144'

29-01-2025T02:45:32 - [TEST_STEP][PASSED] - println("z=" + z): null

29-01-2025T02:45:32 - [TEST_STEP][PASSED] - x = x + "/" + z: null

29-01-2025T02:45:32 - [TEST_STEP][PASSED] - z = getText(findTestObject(path + path2 + "Факт Отпуск из сети за отчётный период " + dZONum)).replaceAll("\s+", ""): Text of object 'Object Repository/Выполнение бизнес-плана/Выполнение бизнес-плана Балансы/Значения со страницы Выполнение бизнес-плана/Table Data/Факт Отпуск из сети за отчётный период 4' is: '244 406 636'

29-01-2025T02:45:32 - [MESSAGE][PASSED] - Text of object 'Object Repository/Выполнение бизнес-плана/Выполнение бизнес-плана Балансы/Значения со страницы Выполнение бизнес-плана/Table Data/Факт Отпуск из сети за отчётный период 4' is: '244 406 636'

29-01-2025T02:45:32 - [TEST_STEP][PASSED] - x = x + "/" + z: null

29-01-2025T02:45:32 - [TEST_STEP][PASSED] - z = getText(findTestObject(path + path2 + "Факт Потери за отчётный период " + dZONum)).replaceAll("\s+", ""): Text of object 'Object Repository/Выполнение бизнес-плана/Выполнение бизнес-плана Балансы/Значения со страницы Выполнение бизнес-плана/Table Data/Факт Потери за отчётный период 4' is: '16 262 508'

29-01-2025T02:45:33 - [MESSAGE][PASSED] - Text of object 'Object Repository/Выполнение бизнес-плана/Выполнение бизнес-плана Балансы/Значения со страницы Выполнение бизнес-плана/Table Data/Факт Потери за отчётный период 4' is: '16 262 508'

29-01-2025T02:45:33 - [TEST_STEP][PASSED] - x = x + "/" + z: null

29-01-2025T02:45:33 - [TEST_STEP][PASSED] - z = getText(findTestObject(path + path2 + "План Отпуск в сеть за отчётный период " + dZONum)).replaceAll("\s+", ""): Text of object 'Object Repository/Выполнение бизнес-плана/Выполнение бизнес-плана Балансы/Значения со страницы Выполнение бизнес-плана/Table Data/План Отпуск в сеть за отчётный период 4' is: '258 790 354'

29-01-2025T02:45:33 - [MESSAGE][PASSED] - Text of object 'Object Repository/Выполнение бизнес-плана/Выполнение бизнес-плана Балансы/Значения со страницы Выполнение бизнес-плана/Table Data/План Отпуск в сеть за отчётный период 4' is: '258 790 354'

29-01-2025T02:45:33 - [TEST_STEP][PASSED] - x = x + "/" + z: null

29-01-2025T02:45:33 - [TEST_STEP][PASSED] - z = getText(findTestObject(path + path2 + "План Отпуск из сети за отчётный период " + dZONum)).replaceAll("\s+", ""): Text of object 'Object Repository/Выполнение бизнес-плана/Выполнение бизнес-плана Балансы/Значения со страницы Выполнение бизнес-плана/Table Data/План Отпуск из сети за отчётный период 4' is: '242 065 875'

29-01-2025T02:45:33 - [MESSAGE][PASSED] - Text of object 'Object Repository/Выполнение бизнес-плана/Выполнение бизнес-плана Балансы/Значения со страницы Выполнение бизнес-плана/Table Data/План Отпуск из сети за отчётный период 4' is: '242 065 875'

29-01-2025T02:45:33 - [TEST_STEP][PASSED] - x = x + "/" + z: null

29-01-2025T02:45:33 - [TEST_STEP][PASSED] - z = getText(findTestObject(path + path2 + "План Потери за отчётный период " + dZONum)).replaceAll("\s+", ""): Text of object 'Object Repository/Выполнение бизнес-плана/Выполнение бизнес-плана Балансы/Значения со страницы Выполнение бизнес-плана/Table Data/План Потери за отчётный период 4' is: '16 724 479'

29-01-2025T02:45:33 - [MESSAGE][PASSED] - Text of object 'Object Repository/Выполнение бизнес-плана/Выполнение бизнес-плана Балансы/Значения со страницы Выполнение бизнес-плана/Table Data/План Потери за отчётный период 4' is: '16 724 479'

29-01-2025T02:45:33 - [TEST_STEP][PASSED] - x = x + "/" + z: null

29-01-2025T02:45:33 - [TEST_STEP][PASSED] - z = getText(findTestObject(path + "Список ДЗО")).replaceAll("[\r?
|
]", "/"): Text of object 'Object Repository/Выполнение бизнес-плана/Выполнение бизнес-плана Балансы/Список ДЗО' is: '-0.18
-1.02
4.98
-0.31
-0.62
0.03
0.08
3.04
-0.18
-1.14
-0.10
-0.02
-0.28
-0.02
-0.15
-0.09
-0.79
Россети ФСКЕЭС
АО«Тываэнерго»
АО«Чеченэнерго»
Россети Волга
РоссетиКубань
РоссетиЛенэнерго(ГК)
РоссетиМосковскийрегион
РоссетиСеверныйКавказ
РоссетиСеверо-Запад
РоссетиСибирь
РоссетиТомск
РоссетиТюмень
Россети Урал(ГК)
РоссетиЦентр (ГК)
РоссетиЦентр иПриволжье(ГК)
Россети Юг(ГК)
РоссетиЯнтарь
-2
0
2
4
6
8'

29-01-2025T02:45:34 - [MESSAGE][PASSED] - Text of object 'Object Repository/Выполнение бизнес-плана/Выполнение бизнес-плана Балансы/Список ДЗО' is: '-0.18
-1.02
4.98
-0.31
-0.62
0.03
0.08
3.04
-0.18
-1.14
-0.10
-0.02
-0.28
-0.02
-0.15
-0.09
-0.79
Россети ФСКЕЭС
АО«Тываэнерго»
АО«Чеченэнерго»
Россети Волга
РоссетиКубань
РоссетиЛенэнерго(ГК)
РоссетиМосковскийрегион
РоссетиСеверныйКавказ
РоссетиСеверо-Запад
РоссетиСибирь
РоссетиТомск
РоссетиТюмень
Россети Урал(ГК)
РоссетиЦентр (ГК)
РоссетиЦентр иПриволжье(ГК)
Россети Юг(ГК)
РоссетиЯнтарь
-2
0
2
4
6
8'

29-01-2025T02:45:34 - [TEST_STEP][PASSED] - for ([ii = 1, ii < dZONum, (ii++)]): null

29-01-2025T02:45:34 - [TEST_STEP][PASSED] - i1 = z.indexOf("/") + 1: null

29-01-2025T02:45:34 - [TEST_STEP][PASSED] - if (i1 > -1): null

29-01-2025T02:45:34 - [TEST_STEP][PASSED] - z = z.substring(i1, z.length()): null

29-01-2025T02:45:34 - [TEST_STEP][PASSED] - i1 = z.indexOf("/"): null

29-01-2025T02:45:34 - [TEST_STEP][PASSED] - i1 = z.indexOf("/") + 1: null

29-01-2025T02:45:34 - [TEST_STEP][PASSED] - if (i1 > -1): null

29-01-2025T02:45:34 - [TEST_STEP][PASSED] - z = z.substring(i1, z.length()): null

29-01-2025T02:45:34 - [TEST_STEP][PASSED] - i1 = z.indexOf("/"): null

29-01-2025T02:45:34 - [TEST_STEP][PASSED] - i1 = z.indexOf("/") + 1: null

29-01-2025T02:45:34 - [TEST_STEP][PASSED] - if (i1 > -1): null

29-01-2025T02:45:34 - [TEST_STEP][PASSED] - z = z.substring(i1, z.length()): null

29-01-2025T02:45:34 - [TEST_STEP][PASSED] - i1 = z.indexOf("/"): null

29-01-2025T02:45:34 - [TEST_STEP][PASSED] - i1 = z.indexOf("/"): null

29-01-2025T02:45:34 - [TEST_STEP][PASSED] - if (i1 > -1): null

29-01-2025T02:45:34 - [TEST_STEP][PASSED] - z = z.substring(0, i1): null

29-01-2025T02:45:34 - [TEST_STEP][PASSED] - z = z.replace(",", "."): null

29-01-2025T02:45:34 - [TEST_STEP][PASSED] - println(z): null

29-01-2025T02:45:34 - [TEST_STEP][PASSED] - x = x + "/" + z: null

29-01-2025T02:45:34 - [TEST_STEP][PASSED] - x = x.replaceAll("[\r?
|
]", ""): null

29-01-2025T02:45:34 - [TEST_STEP][PASSED] - println("x =" + x): null

29-01-2025T02:45:34 - [TEST_STEP][PASSED] - return x: null

29-01-2025T02:45:34 - [TEST_STEP][PASSED] - println("vB: " + vB): null

29-01-2025T02:45:34 - [TEST_STEP][PASSED] - i = VseDZO.indexOf("Кубань"): null

29-01-2025T02:45:34 - [TEST_STEP][PASSED] - if (i > -1): null

29-01-2025T02:45:34 - [TEST_STEP][PASSED] - dZONum = dZONum + 1: null

29-01-2025T02:45:34 - [TEST_STEP][PASSED] - kB = GetAllData(path, dZONum, VseDZO, x = "Россети Кубань/"): null

29-01-2025T02:45:34 - [TEST_STEP][PASSED] - ii = <not implemented yet for class: org.codehaus.groovy.ast.expr.EmptyExpression>: null

29-01-2025T02:45:34 - [TEST_STEP][PASSED] - i1 = <not implemented yet for class: org.codehaus.groovy.ast.expr.EmptyExpression>: null

29-01-2025T02:45:34 - [TEST_STEP][PASSED] - z = <not implemented yet for class: org.codehaus.groovy.ast.expr.EmptyExpression>: null

29-01-2025T02:45:34 - [TEST_STEP][PASSED] - path2 = "Значения со страницы Выполнение бизнес-плана/Table Data/": null

29-01-2025T02:45:34 - [TEST_STEP][PASSED] - println("path: " + path): null

29-01-2025T02:45:34 - [TEST_STEP][PASSED] - println("dZONum: " + dZONum): null

29-01-2025T02:45:34 - [TEST_STEP][PASSED] - z = getText(findTestObject(path + "spanPlan" + dZONum)): Text of object 'Object Repository/Выполнение бизнес-плана/Выполнение бизнес-плана Балансы/spanPlan5' is: '10.78
|'

29-01-2025T02:45:34 - [MESSAGE][PASSED] - Text of object 'Object Repository/Выполнение бизнес-плана/Выполнение бизнес-плана Балансы/spanPlan5' is: '10.78
|'

29-01-2025T02:45:34 - [TEST_STEP][PASSED] - println(z): null

29-01-2025T02:45:34 - [TEST_STEP][PASSED] - ii = z.indexOf("|"): null

29-01-2025T02:45:34 - [TEST_STEP][PASSED] - if (ii > -1): null

29-01-2025T02:45:34 - [TEST_STEP][PASSED] - z = z.substring(0, z.length() - 1): null

29-01-2025T02:45:34 - [TEST_STEP][PASSED] - println(z): null

29-01-2025T02:45:34 - [TEST_STEP][PASSED] - z = z.replaceAll("\s+", ""): null

29-01-2025T02:45:34 - [TEST_STEP][PASSED] - z = z.replace("[\r?
|
]", "/"): null

29-01-2025T02:45:34 - [TEST_STEP][PASSED] - println(z): null

29-01-2025T02:45:34 - [TEST_STEP][PASSED] - x = x + z: null

29-01-2025T02:45:34 - [TEST_STEP][PASSED] - z = getText(findTestObject(path + "spanFact" + dZONum)): Text of object 'Object Repository/Выполнение бизнес-плана/Выполнение бизнес-плана Балансы/spanFact5' is: '10.15'

29-01-2025T02:45:34 - [MESSAGE][PASSED] - Text of object 'Object Repository/Выполнение бизнес-плана/Выполнение бизнес-плана Балансы/spanFact5' is: '10.15'

29-01-2025T02:45:34 - [TEST_STEP][PASSED] - ii = z.indexOf("|"): null

29-01-2025T02:45:34 - [TEST_STEP][PASSED] - if (ii > -1): null

29-01-2025T02:45:34 - [TEST_STEP][PASSED] - x = x + "/" + z: null

29-01-2025T02:45:34 - [TEST_STEP][PASSED] - z = getText(findTestObject(path + path2 + "Факт Отпуск в сеть за отчётный период " + dZONum)).replaceAll("\s+", ""): Text of object 'Object Repository/Выполнение бизнес-плана/Выполнение бизнес-плана Балансы/Значения со страницы Выполнение бизнес-плана/Table Data/Факт Отпуск в сеть за отчётный период 5' is: '116 746 135'

29-01-2025T02:45:35 - [MESSAGE][PASSED] - Text of object 'Object Repository/Выполнение бизнес-плана/Выполнение бизнес-плана Балансы/Значения со страницы Выполнение бизнес-плана/Table Data/Факт Отпуск в сеть за отчётный период 5' is: '116 746 135'

29-01-2025T02:45:35 - [TEST_STEP][PASSED] - println("z=" + z): null

29-01-2025T02:45:35 - [TEST_STEP][PASSED] - x = x + "/" + z: null

29-01-2025T02:45:35 - [TEST_STEP][PASSED] - z = getText(findTestObject(path + path2 + "Факт Отпуск из сети за отчётный период " + dZONum)).replaceAll("\s+", ""): Text of object 'Object Repository/Выполнение бизнес-плана/Выполнение бизнес-плана Балансы/Значения со страницы Выполнение бизнес-плана/Table Data/Факт Отпуск из сети за отчётный период 5' is: '104 187 781'

29-01-2025T02:45:35 - [MESSAGE][PASSED] - Text of object 'Object Repository/Выполнение бизнес-плана/Выполнение бизнес-плана Балансы/Значения со страницы Выполнение бизнес-плана/Table Data/Факт Отпуск из сети за отчётный период 5' is: '104 187 781'

29-01-2025T02:45:35 - [TEST_STEP][PASSED] - x = x + "/" + z: null

29-01-2025T02:45:35 - [TEST_STEP][PASSED] - z = getText(findTestObject(path + path2 + "Факт Потери за отчётный период " + dZONum)).replaceAll("\s+", ""): Text of object 'Object Repository/Выполнение бизнес-плана/Выполнение бизнес-плана Балансы/Значения со страницы Выполнение бизнес-плана/Table Data/Факт Потери за отчётный период 5' is: '12 558 354'

29-01-2025T02:45:35 - [MESSAGE][PASSED] - Text of object 'Object Repository/Выполнение бизнес-плана/Выполнение бизнес-плана Балансы/Значения со страницы Выполнение бизнес-плана/Table Data/Факт Потери за отчётный период 5' is: '12 558 354'

29-01-2025T02:45:35 - [TEST_STEP][PASSED] - x = x + "/" + z: null

29-01-2025T02:45:35 - [TEST_STEP][PASSED] - z = getText(findTestObject(path + path2 + "План Отпуск в сеть за отчётный период " + dZONum)).replaceAll("\s+", ""): Text of object 'Object Repository/Выполнение бизнес-плана/Выполнение бизнес-плана Балансы/Значения со страницы Выполнение бизнес-плана/Table Data/План Отпуск в сеть за отчётный период 5' is: '115 691 908'

29-01-2025T02:45:35 - [MESSAGE][PASSED] - Text of object 'Object Repository/Выполнение бизнес-плана/Выполнение бизнес-плана Балансы/Значения со страницы Выполнение бизнес-плана/Table Data/План Отпуск в сеть за отчётный период 5' is: '115 691 908'

29-01-2025T02:45:35 - [TEST_STEP][PASSED] - x = x + "/" + z: null

29-01-2025T02:45:35 - [TEST_STEP][PASSED] - z = getText(findTestObject(path + path2 + "План Отпуск из сети за отчётный период " + dZONum)).replaceAll("\s+", ""): Text of object 'Object Repository/Выполнение бизнес-плана/Выполнение бизнес-плана Балансы/Значения со страницы Выполнение бизнес-плана/Table Data/План Отпуск из сети за отчётный период 5' is: '102 490 800'

29-01-2025T02:45:36 - [MESSAGE][PASSED] - Text of object 'Object Repository/Выполнение бизнес-плана/Выполнение бизнес-плана Балансы/Значения со страницы Выполнение бизнес-плана/Table Data/План Отпуск из сети за отчётный период 5' is: '102 490 800'

29-01-2025T02:45:36 - [TEST_STEP][PASSED] - x = x + "/" + z: null

29-01-2025T02:45:36 - [TEST_STEP][PASSED] - z = getText(findTestObject(path + path2 + "План Потери за отчётный период " + dZONum)).replaceAll("\s+", ""): Text of object 'Object Repository/Выполнение бизнес-плана/Выполнение бизнес-плана Балансы/Значения со страницы Выполнение бизнес-плана/Table Data/План Потери за отчётный период 5' is: '13 201 108'

29-01-2025T02:45:36 - [MESSAGE][PASSED] - Text of object 'Object Repository/Выполнение бизнес-плана/Выполнение бизнес-плана Балансы/Значения со страницы Выполнение бизнес-плана/Table Data/План Потери за отчётный период 5' is: '13 201 108'

29-01-2025T02:45:36 - [TEST_STEP][PASSED] - x = x + "/" + z: null

29-01-2025T02:45:36 - [TEST_STEP][PASSED] - z = getText(findTestObject(path + "Список ДЗО")).replaceAll("[\r?
|
]", "/"): Text of object 'Object Repository/Выполнение бизнес-плана/Выполнение бизнес-плана Балансы/Список ДЗО' is: '-0.18
-1.02
4.98
-0.31
-0.62
0.03
0.08
3.04
-0.18
-1.14
-0.10
-0.02
-0.28
-0.02
-0.15
-0.09
-0.79
Россети ФСКЕЭС
АО«Тываэнерго»
АО«Чеченэнерго»
Россети Волга
РоссетиКубань
РоссетиЛенэнерго(ГК)
РоссетиМосковскийрегион
РоссетиСеверныйКавказ
РоссетиСеверо-Запад
РоссетиСибирь
РоссетиТомск
РоссетиТюмень
Россети Урал(ГК)
РоссетиЦентр (ГК)
РоссетиЦентр иПриволжье(ГК)
Россети Юг(ГК)
РоссетиЯнтарь
-2
0
2
4
6
8'

29-01-2025T02:45:36 - [MESSAGE][PASSED] - Text of object 'Object Repository/Выполнение бизнес-плана/Выполнение бизнес-плана Балансы/Список ДЗО' is: '-0.18
-1.02
4.98
-0.31
-0.62
0.03
0.08
3.04
-0.18
-1.14
-0.10
-0.02
-0.28
-0.02
-0.15
-0.09
-0.79
Россети ФСКЕЭС
АО«Тываэнерго»
АО«Чеченэнерго»
Россети Волга
РоссетиКубань
РоссетиЛенэнерго(ГК)
РоссетиМосковскийрегион
РоссетиСеверныйКавказ
РоссетиСеверо-Запад
РоссетиСибирь
РоссетиТомск
РоссетиТюмень
Россети Урал(ГК)
РоссетиЦентр (ГК)
РоссетиЦентр иПриволжье(ГК)
Россети Юг(ГК)
РоссетиЯнтарь
-2
0
2
4
6
8'

29-01-2025T02:45:36 - [TEST_STEP][PASSED] - for ([ii = 1, ii < dZONum, (ii++)]): null

29-01-2025T02:45:36 - [TEST_STEP][PASSED] - i1 = z.indexOf("/") + 1: null

29-01-2025T02:45:36 - [TEST_STEP][PASSED] - if (i1 > -1): null

29-01-2025T02:45:36 - [TEST_STEP][PASSED] - z = z.substring(i1, z.length()): null

29-01-2025T02:45:36 - [TEST_STEP][PASSED] - i1 = z.indexOf("/"): null

29-01-2025T02:45:36 - [TEST_STEP][PASSED] - i1 = z.indexOf("/") + 1: null

29-01-2025T02:45:36 - [TEST_STEP][PASSED] - if (i1 > -1): null

29-01-2025T02:45:36 - [TEST_STEP][PASSED] - z = z.substring(i1, z.length()): null

29-01-2025T02:45:36 - [TEST_STEP][PASSED] - i1 = z.indexOf("/"): null

29-01-2025T02:45:36 - [TEST_STEP][PASSED] - i1 = z.indexOf("/") + 1: null

29-01-2025T02:45:36 - [TEST_STEP][PASSED] - if (i1 > -1): null

29-01-2025T02:45:36 - [TEST_STEP][PASSED] - z = z.substring(i1, z.length()): null

29-01-2025T02:45:36 - [TEST_STEP][PASSED] - i1 = z.indexOf("/"): null

29-01-2025T02:45:36 - [TEST_STEP][PASSED] - i1 = z.indexOf("/") + 1: null

29-01-2025T02:45:36 - [TEST_STEP][PASSED] - if (i1 > -1): null

29-01-2025T02:45:36 - [TEST_STEP][PASSED] - z = z.substring(i1, z.length()): null

29-01-2025T02:45:36 - [TEST_STEP][PASSED] - i1 = z.indexOf("/"): null

29-01-2025T02:45:36 - [TEST_STEP][PASSED] - i1 = z.indexOf("/"): null

29-01-2025T02:45:36 - [TEST_STEP][PASSED] - if (i1 > -1): null

29-01-2025T02:45:36 - [TEST_STEP][PASSED] - z = z.substring(0, i1): null

29-01-2025T02:45:36 - [TEST_STEP][PASSED] - z = z.replace(",", "."): null

29-01-2025T02:45:36 - [TEST_STEP][PASSED] - println(z): null

29-01-2025T02:45:36 - [TEST_STEP][PASSED] - x = x + "/" + z: null

29-01-2025T02:45:36 - [TEST_STEP][PASSED] - x = x.replaceAll("[\r?
|
]", ""): null

29-01-2025T02:45:36 - [TEST_STEP][PASSED] - println("x =" + x): null

29-01-2025T02:45:36 - [TEST_STEP][PASSED] - return x: null

29-01-2025T02:45:36 - [TEST_STEP][PASSED] - println("kB: " + kB): null

29-01-2025T02:45:36 - [TEST_STEP][PASSED] - i = VseDZO.indexOf("Ленэнерго"): null

29-01-2025T02:45:36 - [TEST_STEP][PASSED] - if (i > -1): null

29-01-2025T02:45:36 - [TEST_STEP][PASSED] - dZONum = dZONum + 1: null

29-01-2025T02:45:36 - [TEST_STEP][PASSED] - lB = GetAllData(path, dZONum, VseDZO, x = "Россети Ленэнерго (ГК)/"): null

29-01-2025T02:45:36 - [TEST_STEP][PASSED] - ii = <not implemented yet for class: org.codehaus.groovy.ast.expr.EmptyExpression>: null

29-01-2025T02:45:36 - [TEST_STEP][PASSED] - i1 = <not implemented yet for class: org.codehaus.groovy.ast.expr.EmptyExpression>: null

29-01-2025T02:45:36 - [TEST_STEP][PASSED] - z = <not implemented yet for class: org.codehaus.groovy.ast.expr.EmptyExpression>: null

29-01-2025T02:45:36 - [TEST_STEP][PASSED] - path2 = "Значения со страницы Выполнение бизнес-плана/Table Data/": null

29-01-2025T02:45:36 - [TEST_STEP][PASSED] - println("path: " + path): null

29-01-2025T02:45:36 - [TEST_STEP][PASSED] - println("dZONum: " + dZONum): null

29-01-2025T02:45:36 - [TEST_STEP][PASSED] - z = getText(findTestObject(path + "spanPlan" + dZONum)): Text of object 'Object Repository/Выполнение бизнес-плана/Выполнение бизнес-плана Балансы/spanPlan6' is: '10.89
|'

29-01-2025T02:45:37 - [MESSAGE][PASSED] - Text of object 'Object Repository/Выполнение бизнес-плана/Выполнение бизнес-плана Балансы/spanPlan6' is: '10.89
|'

29-01-2025T02:45:37 - [TEST_STEP][PASSED] - println(z): null

29-01-2025T02:45:37 - [TEST_STEP][PASSED] - ii = z.indexOf("|"): null

29-01-2025T02:45:37 - [TEST_STEP][PASSED] - if (ii > -1): null

29-01-2025T02:45:37 - [TEST_STEP][PASSED] - z = z.substring(0, z.length() - 1): null

29-01-2025T02:45:37 - [TEST_STEP][PASSED] - println(z): null

29-01-2025T02:45:37 - [TEST_STEP][PASSED] - z = z.replaceAll("\s+", ""): null

29-01-2025T02:45:37 - [TEST_STEP][PASSED] - z = z.replace("[\r?
|
]", "/"): null

29-01-2025T02:45:37 - [TEST_STEP][PASSED] - println(z): null

29-01-2025T02:45:37 - [TEST_STEP][PASSED] - x = x + z: null

29-01-2025T02:45:37 - [TEST_STEP][PASSED] - z = getText(findTestObject(path + "spanFact" + dZONum)): Text of object 'Object Repository/Выполнение бизнес-плана/Выполнение бизнес-плана Балансы/spanFact6' is: '10.79'

29-01-2025T02:45:37 - [MESSAGE][PASSED] - Text of object 'Object Repository/Выполнение бизнес-плана/Выполнение бизнес-плана Балансы/spanFact6' is: '10.79'

29-01-2025T02:45:37 - [TEST_STEP][PASSED] - ii = z.indexOf("|"): null

29-01-2025T02:45:37 - [TEST_STEP][PASSED] - if (ii > -1): null

29-01-2025T02:45:37 - [TEST_STEP][PASSED] - x = x + "/" + z: null

29-01-2025T02:45:37 - [TEST_STEP][PASSED] - z = getText(findTestObject(path + path2 + "Факт Отпуск в сеть за отчётный период " + dZONum)).replaceAll("\s+", ""): Text of object 'Object Repository/Выполнение бизнес-плана/Выполнение бизнес-плана Балансы/Значения со страницы Выполнение бизнес-плана/Table Data/Факт Отпуск в сеть за отчётный период 6' is: '195 070 866'

29-01-2025T02:45:37 - [MESSAGE][PASSED] - Text of object 'Object Repository/Выполнение бизнес-плана/Выполнение бизнес-плана Балансы/Значения со страницы Выполнение бизнес-плана/Table Data/Факт Отпуск в сеть за отчётный период 6' is: '195 070 866'

29-01-2025T02:45:37 - [TEST_STEP][PASSED] - println("z=" + z): null

29-01-2025T02:45:37 - [TEST_STEP][PASSED] - x = x + "/" + z: null

29-01-2025T02:45:37 - [TEST_STEP][PASSED] - z = getText(findTestObject(path + path2 + "Факт Отпуск из сети за отчётный период " + dZONum)).replaceAll("\s+", ""): Text of object 'Object Repository/Выполнение бизнес-плана/Выполнение бизнес-плана Балансы/Значения со страницы Выполнение бизнес-плана/Table Data/Факт Отпуск из сети за отчётный период 6' is: '173 255 446'

29-01-2025T02:45:38 - [MESSAGE][PASSED] - Text of object 'Object Repository/Выполнение бизнес-плана/Выполнение бизнес-плана Балансы/Значения со страницы Выполнение бизнес-плана/Table Data/Факт Отпуск из сети за отчётный период 6' is: '173 255 446'

29-01-2025T02:45:38 - [TEST_STEP][PASSED] - x = x + "/" + z: null

29-01-2025T02:45:38 - [TEST_STEP][PASSED] - z = getText(findTestObject(path + path2 + "Факт Потери за отчётный период " + dZONum)).replaceAll("\s+", ""): Text of object 'Object Repository/Выполнение бизнес-плана/Выполнение бизнес-плана Балансы/Значения со страницы Выполнение бизнес-плана/Table Data/Факт Потери за отчётный период 6' is: '21 815 420'

29-01-2025T02:45:38 - [MESSAGE][PASSED] - Text of object 'Object Repository/Выполнение бизнес-плана/Выполнение бизнес-плана Балансы/Значения со страницы Выполнение бизнес-плана/Table Data/Факт Потери за отчётный период 6' is: '21 815 420'

29-01-2025T02:45:38 - [TEST_STEP][PASSED] - x = x + "/" + z: null

29-01-2025T02:45:38 - [TEST_STEP][PASSED] - z = getText(findTestObject(path + path2 + "План Отпуск в сеть за отчётный период " + dZONum)).replaceAll("\s+", ""): Text of object 'Object Repository/Выполнение бизнес-плана/Выполнение бизнес-плана Балансы/Значения со страницы Выполнение бизнес-плана/Table Data/План Отпуск в сеть за отчётный период 6' is: '191 496 582'

29-01-2025T02:45:38 - [MESSAGE][PASSED] - Text of object 'Object Repository/Выполнение бизнес-плана/Выполнение бизнес-плана Балансы/Значения со страницы Выполнение бизнес-плана/Table Data/План Отпуск в сеть за отчётный период 6' is: '191 496 582'

29-01-2025T02:45:38 - [TEST_STEP][PASSED] - x = x + "/" + z: null

29-01-2025T02:45:38 - [TEST_STEP][PASSED] - z = getText(findTestObject(path + path2 + "План Отпуск из сети за отчётный период " + dZONum)).replaceAll("\s+", ""): Text of object 'Object Repository/Выполнение бизнес-плана/Выполнение бизнес-плана Балансы/Значения со страницы Выполнение бизнес-плана/Table Data/План Отпуск из сети за отчётный период 6' is: '169 971 197'

29-01-2025T02:45:39 - [MESSAGE][PASSED] - Text of object 'Object Repository/Выполнение бизнес-плана/Выполнение бизнес-плана Балансы/Значения со страницы Выполнение бизнес-плана/Table Data/План Отпуск из сети за отчётный период 6' is: '169 971 197'

29-01-2025T02:45:39 - [TEST_STEP][PASSED] - x = x + "/" + z: null

29-01-2025T02:45:39 - [TEST_STEP][PASSED] - z = getText(findTestObject(path + path2 + "План Потери за отчётный период " + dZONum)).replaceAll("\s+", ""): Text of object 'Object Repository/Выполнение бизнес-плана/Выполнение бизнес-плана Балансы/Значения со страницы Выполнение бизнес-плана/Table Data/План Потери за отчётный период 6' is: '21 525 385'

29-01-2025T02:45:39 - [MESSAGE][PASSED] - Text of object 'Object Repository/Выполнение бизнес-плана/Выполнение бизнес-плана Балансы/Значения со страницы Выполнение бизнес-плана/Table Data/План Потери за отчётный период 6' is: '21 525 385'

29-01-2025T02:45:39 - [TEST_STEP][PASSED] - x = x + "/" + z: null

29-01-2025T02:45:39 - [TEST_STEP][PASSED] - z = getText(findTestObject(path + "Список ДЗО")).replaceAll("[\r?
|
]", "/"): Text of object 'Object Repository/Выполнение бизнес-плана/Выполнение бизнес-плана Балансы/Список ДЗО' is: '-0.18
-1.02
4.98
-0.31
-0.62
0.03
0.08
3.04
-0.18
-1.14
-0.10
-0.02
-0.28
-0.02
-0.15
-0.09
-0.79
Россети ФСКЕЭС
АО«Тываэнерго»
АО«Чеченэнерго»
Россети Волга
РоссетиКубань
РоссетиЛенэнерго(ГК)
РоссетиМосковскийрегион
РоссетиСеверныйКавказ
РоссетиСеверо-Запад
РоссетиСибирь
РоссетиТомск
РоссетиТюмень
Россети Урал(ГК)
РоссетиЦентр (ГК)
РоссетиЦентр иПриволжье(ГК)
Россети Юг(ГК)
РоссетиЯнтарь
-2
0
2
4
6
8'

29-01-2025T02:45:39 - [MESSAGE][PASSED] - Text of object 'Object Repository/Выполнение бизнес-плана/Выполнение бизнес-плана Балансы/Список ДЗО' is: '-0.18
-1.02
4.98
-0.31
-0.62
0.03
0.08
3.04
-0.18
-1.14
-0.10
-0.02
-0.28
-0.02
-0.15
-0.09
-0.79
Россети ФСКЕЭС
АО«Тываэнерго»
АО«Чеченэнерго»
Россети Волга
РоссетиКубань
РоссетиЛенэнерго(ГК)
РоссетиМосковскийрегион
РоссетиСеверныйКавказ
РоссетиСеверо-Запад
РоссетиСибирь
РоссетиТомск
РоссетиТюмень
Россети Урал(ГК)
РоссетиЦентр (ГК)
РоссетиЦентр иПриволжье(ГК)
Россети Юг(ГК)
РоссетиЯнтарь
-2
0
2
4
6
8'

29-01-2025T02:45:39 - [TEST_STEP][PASSED] - for ([ii = 1, ii < dZONum, (ii++)]): null

29-01-2025T02:45:39 - [TEST_STEP][PASSED] - i1 = z.indexOf("/") + 1: null

29-01-2025T02:45:39 - [TEST_STEP][PASSED] - if (i1 > -1): null

29-01-2025T02:45:39 - [TEST_STEP][PASSED] - z = z.substring(i1, z.length()): null

29-01-2025T02:45:39 - [TEST_STEP][PASSED] - i1 = z.indexOf("/"): null

29-01-2025T02:45:39 - [TEST_STEP][PASSED] - i1 = z.indexOf("/") + 1: null

29-01-2025T02:45:39 - [TEST_STEP][PASSED] - if (i1 > -1): null

29-01-2025T02:45:39 - [TEST_STEP][PASSED] - z = z.substring(i1, z.length()): null

29-01-2025T02:45:39 - [TEST_STEP][PASSED] - i1 = z.indexOf("/"): null

29-01-2025T02:45:39 - [TEST_STEP][PASSED] - i1 = z.indexOf("/") + 1: null

29-01-2025T02:45:39 - [TEST_STEP][PASSED] - if (i1 > -1): null

29-01-2025T02:45:39 - [TEST_STEP][PASSED] - z = z.substring(i1, z.length()): null

29-01-2025T02:45:39 - [TEST_STEP][PASSED] - i1 = z.indexOf("/"): null

29-01-2025T02:45:39 - [TEST_STEP][PASSED] - i1 = z.indexOf("/") + 1: null

29-01-2025T02:45:39 - [TEST_STEP][PASSED] - if (i1 > -1): null

29-01-2025T02:45:39 - [TEST_STEP][PASSED] - z = z.substring(i1, z.length()): null

29-01-2025T02:45:39 - [TEST_STEP][PASSED] - i1 = z.indexOf("/"): null

29-01-2025T02:45:39 - [TEST_STEP][PASSED] - i1 = z.indexOf("/") + 1: null

29-01-2025T02:45:39 - [TEST_STEP][PASSED] - if (i1 > -1): null

29-01-2025T02:45:39 - [TEST_STEP][PASSED] - z = z.substring(i1, z.length()): null

29-01-2025T02:45:39 - [TEST_STEP][PASSED] - i1 = z.indexOf("/"): null

29-01-2025T02:45:39 - [TEST_STEP][PASSED] - i1 = z.indexOf("/"): null

29-01-2025T02:45:39 - [TEST_STEP][PASSED] - if (i1 > -1): null

29-01-2025T02:45:39 - [TEST_STEP][PASSED] - z = z.substring(0, i1): null

29-01-2025T02:45:39 - [TEST_STEP][PASSED] - z = z.replace(",", "."): null

29-01-2025T02:45:39 - [TEST_STEP][PASSED] - println(z): null

29-01-2025T02:45:39 - [TEST_STEP][PASSED] - x = x + "/" + z: null

29-01-2025T02:45:39 - [TEST_STEP][PASSED] - x = x.replaceAll("[\r?
|
]", ""): null

29-01-2025T02:45:39 - [TEST_STEP][PASSED] - println("x =" + x): null

29-01-2025T02:45:39 - [TEST_STEP][PASSED] - return x: null

29-01-2025T02:45:39 - [TEST_STEP][PASSED] - println("lB: " + lB): null

29-01-2025T02:45:39 - [TEST_STEP][PASSED] - i = VseDZO.indexOf("Московский"): null

29-01-2025T02:45:39 - [TEST_STEP][PASSED] - if (i > -1): null

29-01-2025T02:45:39 - [TEST_STEP][PASSED] - dZONum = dZONum + 1: null

29-01-2025T02:45:39 - [TEST_STEP][PASSED] - mB = GetAllData(path, dZONum, VseDZO, x = "Россети Московский регион/"): null

29-01-2025T02:45:39 - [TEST_STEP][PASSED] - ii = <not implemented yet for class: org.codehaus.groovy.ast.expr.EmptyExpression>: null

29-01-2025T02:45:39 - [TEST_STEP][PASSED] - i1 = <not implemented yet for class: org.codehaus.groovy.ast.expr.EmptyExpression>: null

29-01-2025T02:45:39 - [TEST_STEP][PASSED] - z = <not implemented yet for class: org.codehaus.groovy.ast.expr.EmptyExpression>: null

29-01-2025T02:45:39 - [TEST_STEP][PASSED] - path2 = "Значения со страницы Выполнение бизнес-плана/Table Data/": null

29-01-2025T02:45:39 - [TEST_STEP][PASSED] - println("path: " + path): null

29-01-2025T02:45:39 - [TEST_STEP][PASSED] - println("dZONum: " + dZONum): null

29-01-2025T02:45:39 - [TEST_STEP][PASSED] - z = getText(findTestObject(path + "spanPlan" + dZONum)): Text of object 'Object Repository/Выполнение бизнес-плана/Выполнение бизнес-плана Балансы/spanPlan7' is: '7.74'

29-01-2025T02:45:40 - [MESSAGE][PASSED] - Text of object 'Object Repository/Выполнение бизнес-плана/Выполнение бизнес-плана Балансы/spanPlan7' is: '7.74'

29-01-2025T02:45:40 - [TEST_STEP][PASSED] - println(z): null

29-01-2025T02:45:40 - [TEST_STEP][PASSED] - ii = z.indexOf("|"): null

29-01-2025T02:45:40 - [TEST_STEP][PASSED] - if (ii > -1): null

29-01-2025T02:45:40 - [TEST_STEP][PASSED] - z = z.replaceAll("\s+", ""): null

29-01-2025T02:45:40 - [TEST_STEP][PASSED] - z = z.replace("[\r?
|
]", "/"): null

29-01-2025T02:45:40 - [TEST_STEP][PASSED] - println(z): null

29-01-2025T02:45:40 - [TEST_STEP][PASSED] - x = x + z: null

29-01-2025T02:45:40 - [TEST_STEP][PASSED] - z = getText(findTestObject(path + "spanFact" + dZONum)): Text of object 'Object Repository/Выполнение бизнес-плана/Выполнение бизнес-плана Балансы/spanFact7' is: '7.81
|'

29-01-2025T02:45:40 - [MESSAGE][PASSED] - Text of object 'Object Repository/Выполнение бизнес-плана/Выполнение бизнес-плана Балансы/spanFact7' is: '7.81
|'

29-01-2025T02:45:40 - [TEST_STEP][PASSED] - ii = z.indexOf("|"): null

29-01-2025T02:45:40 - [TEST_STEP][PASSED] - if (ii > -1): null

29-01-2025T02:45:40 - [TEST_STEP][PASSED] - z = length() - 1).replace("[\r?
|
]", "/"): null

29-01-2025T02:45:40 - [TEST_STEP][PASSED] - x = x + "/" + z: null

29-01-2025T02:45:40 - [TEST_STEP][PASSED] - z = getText(findTestObject(path + path2 + "Факт Отпуск в сеть за отчётный период " + dZONum)).replaceAll("\s+", ""): Text of object 'Object Repository/Выполнение бизнес-плана/Выполнение бизнес-плана Балансы/Значения со страницы Выполнение бизнес-плана/Table Data/Факт Отпуск в сеть за отчётный период 7' is: '461 445 095'

29-01-2025T02:45:40 - [MESSAGE][PASSED] - Text of object 'Object Repository/Выполнение бизнес-плана/Выполнение бизнес-плана Балансы/Значения со страницы Выполнение бизнес-плана/Table Data/Факт Отпуск в сеть за отчётный период 7' is: '461 445 095'

29-01-2025T02:45:40 - [TEST_STEP][PASSED] - println("z=" + z): null

29-01-2025T02:45:40 - [TEST_STEP][PASSED] - x = x + "/" + z: null

29-01-2025T02:45:40 - [TEST_STEP][PASSED] - z = getText(findTestObject(path + path2 + "Факт Отпуск из сети за отчётный период " + dZONum)).replaceAll("\s+", ""): Text of object 'Object Repository/Выполнение бизнес-плана/Выполнение бизнес-плана Балансы/Значения со страницы Выполнение бизнес-плана/Table Data/Факт Отпуск из сети за отчётный период 7' is: '425 101 758'

29-01-2025T02:45:40 - [MESSAGE][PASSED] - Text of object 'Object Repository/Выполнение бизнес-плана/Выполнение бизнес-плана Балансы/Значения со страницы Выполнение бизнес-плана/Table Data/Факт Отпуск из сети за отчётный период 7' is: '425 101 758'

29-01-2025T02:45:40 - [TEST_STEP][PASSED] - x = x + "/" + z: null

29-01-2025T02:45:40 - [TEST_STEP][PASSED] - z = getText(findTestObject(path + path2 + "Факт Потери за отчётный период " + dZONum)).replaceAll("\s+", ""): Text of object 'Object Repository/Выполнение бизнес-плана/Выполнение бизнес-плана Балансы/Значения со страницы Выполнение бизнес-плана/Table Data/Факт Потери за отчётный период 7' is: '36 343 337'

29-01-2025T02:45:41 - [MESSAGE][PASSED] - Text of object 'Object Repository/Выполнение бизнес-плана/Выполнение бизнес-плана Балансы/Значения со страницы Выполнение бизнес-плана/Table Data/Факт Потери за отчётный период 7' is: '36 343 337'

29-01-2025T02:45:41 - [TEST_STEP][PASSED] - x = x + "/" + z: null

29-01-2025T02:45:41 - [TEST_STEP][PASSED] - z = getText(findTestObject(path + path2 + "План Отпуск в сеть за отчётный период " + dZONum)).replaceAll("\s+", ""): Text of object 'Object Repository/Выполнение бизнес-плана/Выполнение бизнес-плана Балансы/Значения со страницы Выполнение бизнес-плана/Table Data/План Отпуск в сеть за отчётный период 7' is: '455 849 142'

29-01-2025T02:45:41 - [MESSAGE][PASSED] - Text of object 'Object Repository/Выполнение бизнес-плана/Выполнение бизнес-плана Балансы/Значения со страницы Выполнение бизнес-плана/Table Data/План Отпуск в сеть за отчётный период 7' is: '455 849 142'

29-01-2025T02:45:41 - [TEST_STEP][PASSED] - x = x + "/" + z: null

29-01-2025T02:45:41 - [TEST_STEP][PASSED] - z = getText(findTestObject(path + path2 + "План Отпуск из сети за отчётный период " + dZONum)).replaceAll("\s+", ""): Text of object 'Object Repository/Выполнение бизнес-плана/Выполнение бизнес-плана Балансы/Значения со страницы Выполнение бизнес-плана/Table Data/План Отпуск из сети за отчётный период 7' is: '420 379 002'

29-01-2025T02:45:41 - [MESSAGE][PASSED] - Text of object 'Object Repository/Выполнение бизнес-плана/Выполнение бизнес-плана Балансы/Значения со страницы Выполнение бизнес-плана/Table Data/План Отпуск из сети за отчётный период 7' is: '420 379 002'

29-01-2025T02:45:41 - [TEST_STEP][PASSED] - x = x + "/" + z: null

29-01-2025T02:45:41 - [TEST_STEP][PASSED] - z = getText(findTestObject(path + path2 + "План Потери за отчётный период " + dZONum)).replaceAll("\s+", ""): Text of object 'Object Repository/Выполнение бизнес-плана/Выполнение бизнес-плана Балансы/Значения со страницы Выполнение бизнес-плана/Table Data/План Потери за отчётный период 7' is: '35 470 140'

29-01-2025T02:45:42 - [MESSAGE][PASSED] - Text of object 'Object Repository/Выполнение бизнес-плана/Выполнение бизнес-плана Балансы/Значения со страницы Выполнение бизнес-плана/Table Data/План Потери за отчётный период 7' is: '35 470 140'

29-01-2025T02:45:42 - [TEST_STEP][PASSED] - x = x + "/" + z: null

29-01-2025T02:45:42 - [TEST_STEP][PASSED] - z = getText(findTestObject(path + "Список ДЗО")).replaceAll("[\r?
|
]", "/"): Text of object 'Object Repository/Выполнение бизнес-плана/Выполнение бизнес-плана Балансы/Список ДЗО' is: '-0.18
-1.02
4.98
-0.31
-0.62
0.03
0.08
3.04
-0.18
-1.14
-0.10
-0.02
-0.28
-0.02
-0.15
-0.09
-0.79
Россети ФСКЕЭС
АО«Тываэнерго»
АО«Чеченэнерго»
Россети Волга
РоссетиКубань
РоссетиЛенэнерго(ГК)
РоссетиМосковскийрегион
РоссетиСеверныйКавказ
РоссетиСеверо-Запад
РоссетиСибирь
РоссетиТомск
РоссетиТюмень
Россети Урал(ГК)
РоссетиЦентр (ГК)
РоссетиЦентр иПриволжье(ГК)
Россети Юг(ГК)
РоссетиЯнтарь
-2
0
2
4
6
8'

29-01-2025T02:45:42 - [MESSAGE][PASSED] - Text of object 'Object Repository/Выполнение бизнес-плана/Выполнение бизнес-плана Балансы/Список ДЗО' is: '-0.18
-1.02
4.98
-0.31
-0.62
0.03
0.08
3.04
-0.18
-1.14
-0.10
-0.02
-0.28
-0.02
-0.15
-0.09
-0.79
Россети ФСКЕЭС
АО«Тываэнерго»
АО«Чеченэнерго»
Россети Волга
РоссетиКубань
РоссетиЛенэнерго(ГК)
РоссетиМосковскийрегион
РоссетиСеверныйКавказ
РоссетиСеверо-Запад
РоссетиСибирь
РоссетиТомск
РоссетиТюмень
Россети Урал(ГК)
РоссетиЦентр (ГК)
РоссетиЦентр иПриволжье(ГК)
Россети Юг(ГК)
РоссетиЯнтарь
-2
0
2
4
6
8'

29-01-2025T02:45:42 - [TEST_STEP][PASSED] - for ([ii = 1, ii < dZONum, (ii++)]): null

29-01-2025T02:45:42 - [TEST_STEP][PASSED] - i1 = z.indexOf("/") + 1: null

29-01-2025T02:45:42 - [TEST_STEP][PASSED] - if (i1 > -1): null

29-01-2025T02:45:42 - [TEST_STEP][PASSED] - z = z.substring(i1, z.length()): null

29-01-2025T02:45:42 - [TEST_STEP][PASSED] - i1 = z.indexOf("/"): null

29-01-2025T02:45:42 - [TEST_STEP][PASSED] - i1 = z.indexOf("/") + 1: null

29-01-2025T02:45:42 - [TEST_STEP][PASSED] - if (i1 > -1): null

29-01-2025T02:45:42 - [TEST_STEP][PASSED] - z = z.substring(i1, z.length()): null

29-01-2025T02:45:42 - [TEST_STEP][PASSED] - i1 = z.indexOf("/"): null

29-01-2025T02:45:42 - [TEST_STEP][PASSED] - i1 = z.indexOf("/") + 1: null

29-01-2025T02:45:42 - [TEST_STEP][PASSED] - if (i1 > -1): null

29-01-2025T02:45:42 - [TEST_STEP][PASSED] - z = z.substring(i1, z.length()): null

29-01-2025T02:45:42 - [TEST_STEP][PASSED] - i1 = z.indexOf("/"): null

29-01-2025T02:45:42 - [TEST_STEP][PASSED] - i1 = z.indexOf("/") + 1: null

29-01-2025T02:45:42 - [TEST_STEP][PASSED] - if (i1 > -1): null

29-01-2025T02:45:42 - [TEST_STEP][PASSED] - z = z.substring(i1, z.length()): null

29-01-2025T02:45:42 - [TEST_STEP][PASSED] - i1 = z.indexOf("/"): null

29-01-2025T02:45:42 - [TEST_STEP][PASSED] - i1 = z.indexOf("/") + 1: null

29-01-2025T02:45:42 - [TEST_STEP][PASSED] - if (i1 > -1): null

29-01-2025T02:45:42 - [TEST_STEP][PASSED] - z = z.substring(i1, z.length()): null

29-01-2025T02:45:42 - [TEST_STEP][PASSED] - i1 = z.indexOf("/"): null

29-01-2025T02:45:42 - [TEST_STEP][PASSED] - i1 = z.indexOf("/") + 1: null

29-01-2025T02:45:42 - [TEST_STEP][PASSED] - if (i1 > -1): null

29-01-2025T02:45:42 - [TEST_STEP][PASSED] - z = z.substring(i1, z.length()): null

29-01-2025T02:45:42 - [TEST_STEP][PASSED] - i1 = z.indexOf("/"): null

29-01-2025T02:45:42 - [TEST_STEP][PASSED] - i1 = z.indexOf("/"): null

29-01-2025T02:45:42 - [TEST_STEP][PASSED] - if (i1 > -1): null

29-01-2025T02:45:42 - [TEST_STEP][PASSED] - z = z.substring(0, i1): null

29-01-2025T02:45:42 - [TEST_STEP][PASSED] - z = z.replace(",", "."): null

29-01-2025T02:45:42 - [TEST_STEP][PASSED] - println(z): null

29-01-2025T02:45:42 - [TEST_STEP][PASSED] - x = x + "/" + z: null

29-01-2025T02:45:42 - [TEST_STEP][PASSED] - x = x.replaceAll("[\r?
|
]", ""): null

29-01-2025T02:45:42 - [TEST_STEP][PASSED] - println("x =" + x): null

29-01-2025T02:45:42 - [TEST_STEP][PASSED] - return x: null

29-01-2025T02:45:42 - [TEST_STEP][PASSED] - println("mB: " + mB): null

29-01-2025T02:45:42 - [TEST_STEP][PASSED] - i = VseDZO.indexOf("Кавказ"): null

29-01-2025T02:45:42 - [TEST_STEP][PASSED] - if (i > -1): null

29-01-2025T02:45:42 - [TEST_STEP][PASSED] - dZONum = dZONum + 1: null

29-01-2025T02:45:42 - [TEST_STEP][PASSED] - sKB = GetAllData(path, dZONum, VseDZO, x = "Россети Северный Кавказ (ГК)/"): null

29-01-2025T02:45:42 - [TEST_STEP][PASSED] - ii = <not implemented yet for class: org.codehaus.groovy.ast.expr.EmptyExpression>: null

29-01-2025T02:45:42 - [TEST_STEP][PASSED] - i1 = <not implemented yet for class: org.codehaus.groovy.ast.expr.EmptyExpression>: null

29-01-2025T02:45:42 - [TEST_STEP][PASSED] - z = <not implemented yet for class: org.codehaus.groovy.ast.expr.EmptyExpression>: null

29-01-2025T02:45:42 - [TEST_STEP][PASSED] - path2 = "Значения со страницы Выполнение бизнес-плана/Table Data/": null

29-01-2025T02:45:42 - [TEST_STEP][PASSED] - println("path: " + path): null

29-01-2025T02:45:42 - [TEST_STEP][PASSED] - println("dZONum: " + dZONum): null

29-01-2025T02:45:42 - [TEST_STEP][PASSED] - z = getText(findTestObject(path + "spanPlan" + dZONum)): Text of object 'Object Repository/Выполнение бизнес-плана/Выполнение бизнес-плана Балансы/spanPlan8' is: '19.94'

29-01-2025T02:45:42 - [MESSAGE][PASSED] - Text of object 'Object Repository/Выполнение бизнес-плана/Выполнение бизнес-плана Балансы/spanPlan8' is: '19.94'

29-01-2025T02:45:42 - [TEST_STEP][PASSED] - println(z): null

29-01-2025T02:45:42 - [TEST_STEP][PASSED] - ii = z.indexOf("|"): null

29-01-2025T02:45:42 - [TEST_STEP][PASSED] - if (ii > -1): null

29-01-2025T02:45:42 - [TEST_STEP][PASSED] - z = z.replaceAll("\s+", ""): null

29-01-2025T02:45:42 - [TEST_STEP][PASSED] - z = z.replace("[\r?
|
]", "/"): null

29-01-2025T02:45:42 - [TEST_STEP][PASSED] - println(z): null

29-01-2025T02:45:42 - [TEST_STEP][PASSED] - x = x + z: null

29-01-2025T02:45:42 - [TEST_STEP][PASSED] - z = getText(findTestObject(path + "spanFact" + dZONum)): Text of object 'Object Repository/Выполнение бизнес-плана/Выполнение бизнес-плана Балансы/spanFact8' is: '22.98
|'

29-01-2025T02:45:43 - [MESSAGE][PASSED] - Text of object 'Object Repository/Выполнение бизнес-плана/Выполнение бизнес-плана Балансы/spanFact8' is: '22.98
|'

29-01-2025T02:45:43 - [TEST_STEP][PASSED] - ii = z.indexOf("|"): null

29-01-2025T02:45:43 - [TEST_STEP][PASSED] - if (ii > -1): null

29-01-2025T02:45:43 - [TEST_STEP][PASSED] - z = length() - 1).replace("[\r?
|
]", "/"): null

29-01-2025T02:45:43 - [TEST_STEP][PASSED] - x = x + "/" + z: null

29-01-2025T02:45:43 - [TEST_STEP][PASSED] - z = getText(findTestObject(path + path2 + "Факт Отпуск в сеть за отчётный период " + dZONum)).replaceAll("\s+", ""): Text of object 'Object Repository/Выполнение бизнес-плана/Выполнение бизнес-плана Балансы/Значения со страницы Выполнение бизнес-плана/Table Data/Факт Отпуск в сеть за отчётный период 8' is: '94 747 242'

29-01-2025T02:45:43 - [MESSAGE][PASSED] - Text of object 'Object Repository/Выполнение бизнес-плана/Выполнение бизнес-плана Балансы/Значения со страницы Выполнение бизнес-плана/Table Data/Факт Отпуск в сеть за отчётный период 8' is: '94 747 242'

29-01-2025T02:45:43 - [TEST_STEP][PASSED] - println("z=" + z): null

29-01-2025T02:45:43 - [TEST_STEP][PASSED] - x = x + "/" + z: null

29-01-2025T02:45:43 - [TEST_STEP][PASSED] - z = getText(findTestObject(path + path2 + "Факт Отпуск из сети за отчётный период " + dZONum)).replaceAll("\s+", ""): Text of object 'Object Repository/Выполнение бизнес-плана/Выполнение бизнес-плана Балансы/Значения со страницы Выполнение бизнес-плана/Table Data/Факт Отпуск из сети за отчётный период 8' is: '73 480 943'

29-01-2025T02:45:43 - [MESSAGE][PASSED] - Text of object 'Object Repository/Выполнение бизнес-плана/Выполнение бизнес-плана Балансы/Значения со страницы Выполнение бизнес-плана/Table Data/Факт Отпуск из сети за отчётный период 8' is: '73 480 943'

29-01-2025T02:45:43 - [TEST_STEP][PASSED] - x = x + "/" + z: null

29-01-2025T02:45:43 - [TEST_STEP][PASSED] - z = getText(findTestObject(path + path2 + "Факт Потери за отчётный период " + dZONum)).replaceAll("\s+", ""): Text of object 'Object Repository/Выполнение бизнес-плана/Выполнение бизнес-плана Балансы/Значения со страницы Выполнение бизнес-плана/Table Data/Факт Потери за отчётный период 8' is: '21 266 299'

29-01-2025T02:45:44 - [MESSAGE][PASSED] - Text of object 'Object Repository/Выполнение бизнес-плана/Выполнение бизнес-плана Балансы/Значения со страницы Выполнение бизнес-плана/Table Data/Факт Потери за отчётный период 8' is: '21 266 299'

29-01-2025T02:45:44 - [TEST_STEP][PASSED] - x = x + "/" + z: null

29-01-2025T02:45:44 - [TEST_STEP][PASSED] - z = getText(findTestObject(path + path2 + "План Отпуск в сеть за отчётный период " + dZONum)).replaceAll("\s+", ""): Text of object 'Object Repository/Выполнение бизнес-плана/Выполнение бизнес-плана Балансы/Значения со страницы Выполнение бизнес-плана/Table Data/План Отпуск в сеть за отчётный период 8' is: '93 930 184'

29-01-2025T02:45:44 - [MESSAGE][PASSED] - Text of object 'Object Repository/Выполнение бизнес-плана/Выполнение бизнес-плана Балансы/Значения со страницы Выполнение бизнес-плана/Table Data/План Отпуск в сеть за отчётный период 8' is: '93 930 184'

29-01-2025T02:45:44 - [TEST_STEP][PASSED] - x = x + "/" + z: null

29-01-2025T02:45:44 - [TEST_STEP][PASSED] - z = getText(findTestObject(path + path2 + "План Отпуск из сети за отчётный период " + dZONum)).replaceAll("\s+", ""): Text of object 'Object Repository/Выполнение бизнес-плана/Выполнение бизнес-плана Балансы/Значения со страницы Выполнение бизнес-плана/Table Data/План Отпуск из сети за отчётный период 8' is: '75 863 972'

29-01-2025T02:45:44 - [MESSAGE][PASSED] - Text of object 'Object Repository/Выполнение бизнес-плана/Выполнение бизнес-плана Балансы/Значения со страницы Выполнение бизнес-плана/Table Data/План Отпуск из сети за отчётный период 8' is: '75 863 972'

29-01-2025T02:45:44 - [TEST_STEP][PASSED] - x = x + "/" + z: null

29-01-2025T02:45:44 - [TEST_STEP][PASSED] - z = getText(findTestObject(path + path2 + "План Потери за отчётный период " + dZONum)).replaceAll("\s+", ""): Text of object 'Object Repository/Выполнение бизнес-плана/Выполнение бизнес-плана Балансы/Значения со страницы Выполнение бизнес-плана/Table Data/План Потери за отчётный период 8' is: '18 066 212'

29-01-2025T02:45:44 - [MESSAGE][PASSED] - Text of object 'Object Repository/Выполнение бизнес-плана/Выполнение бизнес-плана Балансы/Значения со страницы Выполнение бизнес-плана/Table Data/План Потери за отчётный период 8' is: '18 066 212'

29-01-2025T02:45:44 - [TEST_STEP][PASSED] - x = x + "/" + z: null

29-01-2025T02:45:44 - [TEST_STEP][PASSED] - z = getText(findTestObject(path + "Список ДЗО")).replaceAll("[\r?
|
]", "/"): Text of object 'Object Repository/Выполнение бизнес-плана/Выполнение бизнес-плана Балансы/Список ДЗО' is: '-0.18
-1.02
4.98
-0.31
-0.62
0.03
0.08
3.04
-0.18
-1.14
-0.10
-0.02
-0.28
-0.02
-0.15
-0.09
-0.79
Россети ФСКЕЭС
АО«Тываэнерго»
АО«Чеченэнерго»
Россети Волга
РоссетиКубань
РоссетиЛенэнерго(ГК)
РоссетиМосковскийрегион
РоссетиСеверныйКавказ
РоссетиСеверо-Запад
РоссетиСибирь
РоссетиТомск
РоссетиТюмень
Россети Урал(ГК)
РоссетиЦентр (ГК)
РоссетиЦентр иПриволжье(ГК)
Россети Юг(ГК)
РоссетиЯнтарь
-2
0
2
4
6
8'

29-01-2025T02:45:45 - [MESSAGE][PASSED] - Text of object 'Object Repository/Выполнение бизнес-плана/Выполнение бизнес-плана Балансы/Список ДЗО' is: '-0.18
-1.02
4.98
-0.31
-0.62
0.03
0.08
3.04
-0.18
-1.14
-0.10
-0.02
-0.28
-0.02
-0.15
-0.09
-0.79
Россети ФСКЕЭС
АО«Тываэнерго»
АО«Чеченэнерго»
Россети Волга
РоссетиКубань
РоссетиЛенэнерго(ГК)
РоссетиМосковскийрегион
РоссетиСеверныйКавказ
РоссетиСеверо-Запад
РоссетиСибирь
РоссетиТомск
РоссетиТюмень
Россети Урал(ГК)
РоссетиЦентр (ГК)
РоссетиЦентр иПриволжье(ГК)
Россети Юг(ГК)
РоссетиЯнтарь
-2
0
2
4
6
8'

29-01-2025T02:45:45 - [TEST_STEP][PASSED] - for ([ii = 1, ii < dZONum, (ii++)]): null

29-01-2025T02:45:45 - [TEST_STEP][PASSED] - i1 = z.indexOf("/") + 1: null

29-01-2025T02:45:45 - [TEST_STEP][PASSED] - if (i1 > -1): null

29-01-2025T02:45:45 - [TEST_STEP][PASSED] - z = z.substring(i1, z.length()): null

29-01-2025T02:45:45 - [TEST_STEP][PASSED] - i1 = z.indexOf("/"): null

29-01-2025T02:45:45 - [TEST_STEP][PASSED] - i1 = z.indexOf("/") + 1: null

29-01-2025T02:45:45 - [TEST_STEP][PASSED] - if (i1 > -1): null

29-01-2025T02:45:45 - [TEST_STEP][PASSED] - z = z.substring(i1, z.length()): null

29-01-2025T02:45:45 - [TEST_STEP][PASSED] - i1 = z.indexOf("/"): null

29-01-2025T02:45:45 - [TEST_STEP][PASSED] - i1 = z.indexOf("/") + 1: null

29-01-2025T02:45:45 - [TEST_STEP][PASSED] - if (i1 > -1): null

29-01-2025T02:45:45 - [TEST_STEP][PASSED] - z = z.substring(i1, z.length()): null

29-01-2025T02:45:45 - [TEST_STEP][PASSED] - i1 = z.indexOf("/"): null

29-01-2025T02:45:45 - [TEST_STEP][PASSED] - i1 = z.indexOf("/") + 1: null

29-01-2025T02:45:45 - [TEST_STEP][PASSED] - if (i1 > -1): null

29-01-2025T02:45:45 - [TEST_STEP][PASSED] - z = z.substring(i1, z.length()): null

29-01-2025T02:45:45 - [TEST_STEP][PASSED] - i1 = z.indexOf("/"): null

29-01-2025T02:45:45 - [TEST_STEP][PASSED] - i1 = z.indexOf("/") + 1: null

29-01-2025T02:45:45 - [TEST_STEP][PASSED] - if (i1 > -1): null

29-01-2025T02:45:45 - [TEST_STEP][PASSED] - z = z.substring(i1, z.length()): null

29-01-2025T02:45:45 - [TEST_STEP][PASSED] - i1 = z.indexOf("/"): null

29-01-2025T02:45:45 - [TEST_STEP][PASSED] - i1 = z.indexOf("/") + 1: null

29-01-2025T02:45:45 - [TEST_STEP][PASSED] - if (i1 > -1): null

29-01-2025T02:45:45 - [TEST_STEP][PASSED] - z = z.substring(i1, z.length()): null

29-01-2025T02:45:45 - [TEST_STEP][PASSED] - i1 = z.indexOf("/"): null

29-01-2025T02:45:45 - [TEST_STEP][PASSED] - i1 = z.indexOf("/") + 1: null

29-01-2025T02:45:45 - [TEST_STEP][PASSED] - if (i1 > -1): null

29-01-2025T02:45:45 - [TEST_STEP][PASSED] - z = z.substring(i1, z.length()): null

29-01-2025T02:45:45 - [TEST_STEP][PASSED] - i1 = z.indexOf("/"): null

29-01-2025T02:45:45 - [TEST_STEP][PASSED] - i1 = z.indexOf("/"): null

29-01-2025T02:45:45 - [TEST_STEP][PASSED] - if (i1 > -1): null

29-01-2025T02:45:45 - [TEST_STEP][PASSED] - z = z.substring(0, i1): null

29-01-2025T02:45:45 - [TEST_STEP][PASSED] - z = z.replace(",", "."): null

29-01-2025T02:45:45 - [TEST_STEP][PASSED] - println(z): null

29-01-2025T02:45:45 - [TEST_STEP][PASSED] - x = x + "/" + z: null

29-01-2025T02:45:45 - [TEST_STEP][PASSED] - x = x.replaceAll("[\r?
|
]", ""): null

29-01-2025T02:45:45 - [TEST_STEP][PASSED] - println("x =" + x): null

29-01-2025T02:45:45 - [TEST_STEP][PASSED] - return x: null

29-01-2025T02:45:45 - [TEST_STEP][PASSED] - println("sKB: " + sKB): null

29-01-2025T02:45:45 - [TEST_STEP][PASSED] - i = VseDZO.indexOf("Запад"): null

29-01-2025T02:45:45 - [TEST_STEP][PASSED] - if (i > -1): null

29-01-2025T02:45:45 - [TEST_STEP][PASSED] - dZONum = dZONum + 1: null

29-01-2025T02:45:45 - [TEST_STEP][PASSED] - sZB = GetAllData(path, dZONum, VseDZO, x = "Россети Северо-Запад/"): null

29-01-2025T02:45:45 - [TEST_STEP][PASSED] - ii = <not implemented yet for class: org.codehaus.groovy.ast.expr.EmptyExpression>: null

29-01-2025T02:45:45 - [TEST_STEP][PASSED] - i1 = <not implemented yet for class: org.codehaus.groovy.ast.expr.EmptyExpression>: null

29-01-2025T02:45:45 - [TEST_STEP][PASSED] - z = <not implemented yet for class: org.codehaus.groovy.ast.expr.EmptyExpression>: null

29-01-2025T02:45:45 - [TEST_STEP][PASSED] - path2 = "Значения со страницы Выполнение бизнес-плана/Table Data/": null

29-01-2025T02:45:45 - [TEST_STEP][PASSED] - println("path: " + path): null

29-01-2025T02:45:45 - [TEST_STEP][PASSED] - println("dZONum: " + dZONum): null

29-01-2025T02:45:45 - [TEST_STEP][PASSED] - z = getText(findTestObject(path + "spanPlan" + dZONum)): Text of object 'Object Repository/Выполнение бизнес-плана/Выполнение бизнес-плана Балансы/spanPlan9' is: '6.29
|'

29-01-2025T02:45:45 - [MESSAGE][PASSED] - Text of object 'Object Repository/Выполнение бизнес-плана/Выполнение бизнес-плана Балансы/spanPlan9' is: '6.29
|'

29-01-2025T02:45:45 - [TEST_STEP][PASSED] - println(z): null

29-01-2025T02:45:45 - [TEST_STEP][PASSED] - ii = z.indexOf("|"): null

29-01-2025T02:45:45 - [TEST_STEP][PASSED] - if (ii > -1): null

29-01-2025T02:45:45 - [TEST_STEP][PASSED] - z = z.substring(0, z.length() - 1): null

29-01-2025T02:45:45 - [TEST_STEP][PASSED] - println(z): null

29-01-2025T02:45:45 - [TEST_STEP][PASSED] - z = z.replaceAll("\s+", ""): null

29-01-2025T02:45:45 - [TEST_STEP][PASSED] - z = z.replace("[\r?
|
]", "/"): null

29-01-2025T02:45:45 - [TEST_STEP][PASSED] - println(z): null

29-01-2025T02:45:45 - [TEST_STEP][PASSED] - x = x + z: null

29-01-2025T02:45:45 - [TEST_STEP][PASSED] - z = getText(findTestObject(path + "spanFact" + dZONum)): Text of object 'Object Repository/Выполнение бизнес-плана/Выполнение бизнес-плана Балансы/spanFact9' is: '6.11'

29-01-2025T02:45:45 - [MESSAGE][PASSED] - Text of object 'Object Repository/Выполнение бизнес-плана/Выполнение бизнес-плана Балансы/spanFact9' is: '6.11'

29-01-2025T02:45:45 - [TEST_STEP][PASSED] - ii = z.indexOf("|"): null

29-01-2025T02:45:45 - [TEST_STEP][PASSED] - if (ii > -1): null

29-01-2025T02:45:45 - [TEST_STEP][PASSED] - x = x + "/" + z: null

29-01-2025T02:45:45 - [TEST_STEP][PASSED] - z = getText(findTestObject(path + path2 + "Факт Отпуск в сеть за отчётный период " + dZONum)).replaceAll("\s+", ""): Text of object 'Object Repository/Выполнение бизнес-плана/Выполнение бизнес-плана Балансы/Значения со страницы Выполнение бизнес-плана/Table Data/Факт Отпуск в сеть за отчётный период 9' is: '173 422 110'

29-01-2025T02:45:46 - [MESSAGE][PASSED] - Text of object 'Object Repository/Выполнение бизнес-плана/Выполнение бизнес-плана Балансы/Значения со страницы Выполнение бизнес-плана/Table Data/Факт Отпуск в сеть за отчётный период 9' is: '173 422 110'

29-01-2025T02:45:46 - [TEST_STEP][PASSED] - println("z=" + z): null

29-01-2025T02:45:46 - [TEST_STEP][PASSED] - x = x + "/" + z: null

29-01-2025T02:45:46 - [TEST_STEP][PASSED] - z = getText(findTestObject(path + path2 + "Факт Отпуск из сети за отчётный период " + dZONum)).replaceAll("\s+", ""): Text of object 'Object Repository/Выполнение бизнес-плана/Выполнение бизнес-плана Балансы/Значения со страницы Выполнение бизнес-плана/Table Data/Факт Отпуск из сети за отчётный период 9' is: '162 539 076'

29-01-2025T02:45:46 - [MESSAGE][PASSED] - Text of object 'Object Repository/Выполнение бизнес-плана/Выполнение бизнес-плана Балансы/Значения со страницы Выполнение бизнес-плана/Table Data/Факт Отпуск из сети за отчётный период 9' is: '162 539 076'

29-01-2025T02:45:46 - [TEST_STEP][PASSED] - x = x + "/" + z: null

29-01-2025T02:45:46 - [TEST_STEP][PASSED] - z = getText(findTestObject(path + path2 + "Факт Потери за отчётный период " + dZONum)).replaceAll("\s+", ""): Text of object 'Object Repository/Выполнение бизнес-плана/Выполнение бизнес-плана Балансы/Значения со страницы Выполнение бизнес-плана/Table Data/Факт Потери за отчётный период 9' is: '10 883 034'

29-01-2025T02:45:46 - [MESSAGE][PASSED] - Text of object 'Object Repository/Выполнение бизнес-плана/Выполнение бизнес-плана Балансы/Значения со страницы Выполнение бизнес-плана/Table Data/Факт Потери за отчётный период 9' is: '10 883 034'

29-01-2025T02:45:46 - [TEST_STEP][PASSED] - x = x + "/" + z: null

29-01-2025T02:45:46 - [TEST_STEP][PASSED] - z = getText(findTestObject(path + path2 + "План Отпуск в сеть за отчётный период " + dZONum)).replaceAll("\s+", ""): Text of object 'Object Repository/Выполнение бизнес-плана/Выполнение бизнес-плана Балансы/Значения со страницы Выполнение бизнес-плана/Table Data/План Отпуск в сеть за отчётный период 9' is: '172 198 734'

29-01-2025T02:45:47 - [MESSAGE][PASSED] - Text of object 'Object Repository/Выполнение бизнес-плана/Выполнение бизнес-плана Балансы/Значения со страницы Выполнение бизнес-плана/Table Data/План Отпуск в сеть за отчётный период 9' is: '172 198 734'

29-01-2025T02:45:47 - [TEST_STEP][PASSED] - x = x + "/" + z: null

29-01-2025T02:45:47 - [TEST_STEP][PASSED] - z = getText(findTestObject(path + path2 + "План Отпуск из сети за отчётный период " + dZONum)).replaceAll("\s+", ""): Text of object 'Object Repository/Выполнение бизнес-плана/Выполнение бизнес-плана Балансы/Значения со страницы Выполнение бизнес-плана/Table Data/План Отпуск из сети за отчётный период 9' is: '161 135 037'

29-01-2025T02:45:47 - [MESSAGE][PASSED] - Text of object 'Object Repository/Выполнение бизнес-плана/Выполнение бизнес-плана Балансы/Значения со страницы Выполнение бизнес-плана/Table Data/План Отпуск из сети за отчётный период 9' is: '161 135 037'

29-01-2025T02:45:47 - [TEST_STEP][PASSED] - x = x + "/" + z: null

29-01-2025T02:45:47 - [TEST_STEP][PASSED] - z = getText(findTestObject(path + path2 + "План Потери за отчётный период " + dZONum)).replaceAll("\s+", ""): Text of object 'Object Repository/Выполнение бизнес-плана/Выполнение бизнес-плана Балансы/Значения со страницы Выполнение бизнес-плана/Table Data/План Потери за отчётный период 9' is: '11 063 697'

29-01-2025T02:45:47 - [MESSAGE][PASSED] - Text of object 'Object Repository/Выполнение бизнес-плана/Выполнение бизнес-плана Балансы/Значения со страницы Выполнение бизнес-плана/Table Data/План Потери за отчётный период 9' is: '11 063 697'

29-01-2025T02:45:47 - [TEST_STEP][PASSED] - x = x + "/" + z: null

29-01-2025T02:45:47 - [TEST_STEP][PASSED] - z = getText(findTestObject(path + "Список ДЗО")).replaceAll("[\r?
|
]", "/"): Text of object 'Object Repository/Выполнение бизнес-плана/Выполнение бизнес-плана Балансы/Список ДЗО' is: '-0.18
-1.02
4.98
-0.31
-0.62
0.03
0.08
3.04
-0.18
-1.14
-0.10
-0.02
-0.28
-0.02
-0.15
-0.09
-0.79
Россети ФСКЕЭС
АО«Тываэнерго»
АО«Чеченэнерго»
Россети Волга
РоссетиКубань
РоссетиЛенэнерго(ГК)
РоссетиМосковскийрегион
РоссетиСеверныйКавказ
РоссетиСеверо-Запад
РоссетиСибирь
РоссетиТомск
РоссетиТюмень
Россети Урал(ГК)
РоссетиЦентр (ГК)
РоссетиЦентр иПриволжье(ГК)
Россети Юг(ГК)
РоссетиЯнтарь
-2
0
2
4
6
8'

29-01-2025T02:45:48 - [MESSAGE][PASSED] - Text of object 'Object Repository/Выполнение бизнес-плана/Выполнение бизнес-плана Балансы/Список ДЗО' is: '-0.18
-1.02
4.98
-0.31
-0.62
0.03
0.08
3.04
-0.18
-1.14
-0.10
-0.02
-0.28
-0.02
-0.15
-0.09
-0.79
Россети ФСКЕЭС
АО«Тываэнерго»
АО«Чеченэнерго»
Россети Волга
РоссетиКубань
РоссетиЛенэнерго(ГК)
РоссетиМосковскийрегион
РоссетиСеверныйКавказ
РоссетиСеверо-Запад
РоссетиСибирь
РоссетиТомск
РоссетиТюмень
Россети Урал(ГК)
РоссетиЦентр (ГК)
РоссетиЦентр иПриволжье(ГК)
Россети Юг(ГК)
РоссетиЯнтарь
-2
0
2
4
6
8'

29-01-2025T02:45:48 - [TEST_STEP][PASSED] - for ([ii = 1, ii < dZONum, (ii++)]): null

29-01-2025T02:45:48 - [TEST_STEP][PASSED] - i1 = z.indexOf("/") + 1: null

29-01-2025T02:45:48 - [TEST_STEP][PASSED] - if (i1 > -1): null

29-01-2025T02:45:48 - [TEST_STEP][PASSED] - z = z.substring(i1, z.length()): null

29-01-2025T02:45:48 - [TEST_STEP][PASSED] - i1 = z.indexOf("/"): null

29-01-2025T02:45:48 - [TEST_STEP][PASSED] - i1 = z.indexOf("/") + 1: null

29-01-2025T02:45:48 - [TEST_STEP][PASSED] - if (i1 > -1): null

29-01-2025T02:45:48 - [TEST_STEP][PASSED] - z = z.substring(i1, z.length()): null

29-01-2025T02:45:48 - [TEST_STEP][PASSED] - i1 = z.indexOf("/"): null

29-01-2025T02:45:48 - [TEST_STEP][PASSED] - i1 = z.indexOf("/") + 1: null

29-01-2025T02:45:48 - [TEST_STEP][PASSED] - if (i1 > -1): null

29-01-2025T02:45:48 - [TEST_STEP][PASSED] - z = z.substring(i1, z.length()): null

29-01-2025T02:45:48 - [TEST_STEP][PASSED] - i1 = z.indexOf("/"): null

29-01-2025T02:45:48 - [TEST_STEP][PASSED] - i1 = z.indexOf("/") + 1: null

29-01-2025T02:45:48 - [TEST_STEP][PASSED] - if (i1 > -1): null

29-01-2025T02:45:48 - [TEST_STEP][PASSED] - z = z.substring(i1, z.length()): null

29-01-2025T02:45:48 - [TEST_STEP][PASSED] - i1 = z.indexOf("/"): null

29-01-2025T02:45:48 - [TEST_STEP][PASSED] - i1 = z.indexOf("/") + 1: null

29-01-2025T02:45:48 - [TEST_STEP][PASSED] - if (i1 > -1): null

29-01-2025T02:45:48 - [TEST_STEP][PASSED] - z = z.substring(i1, z.length()): null

29-01-2025T02:45:48 - [TEST_STEP][PASSED] - i1 = z.indexOf("/"): null

29-01-2025T02:45:48 - [TEST_STEP][PASSED] - i1 = z.indexOf("/") + 1: null

29-01-2025T02:45:48 - [TEST_STEP][PASSED] - if (i1 > -1): null

29-01-2025T02:45:48 - [TEST_STEP][PASSED] - z = z.substring(i1, z.length()): null

29-01-2025T02:45:48 - [TEST_STEP][PASSED] - i1 = z.indexOf("/"): null

29-01-2025T02:45:48 - [TEST_STEP][PASSED] - i1 = z.indexOf("/") + 1: null

29-01-2025T02:45:48 - [TEST_STEP][PASSED] - if (i1 > -1): null

29-01-2025T02:45:48 - [TEST_STEP][PASSED] - z = z.substring(i1, z.length()): null

29-01-2025T02:45:48 - [TEST_STEP][PASSED] - i1 = z.indexOf("/"): null

29-01-2025T02:45:48 - [TEST_STEP][PASSED] - i1 = z.indexOf("/") + 1: null

29-01-2025T02:45:48 - [TEST_STEP][PASSED] - if (i1 > -1): null

29-01-2025T02:45:48 - [TEST_STEP][PASSED] - z = z.substring(i1, z.length()): null

29-01-2025T02:45:48 - [TEST_STEP][PASSED] - i1 = z.indexOf("/"): null

29-01-2025T02:45:48 - [TEST_STEP][PASSED] - i1 = z.indexOf("/"): null

29-01-2025T02:45:48 - [TEST_STEP][PASSED] - if (i1 > -1): null

29-01-2025T02:45:48 - [TEST_STEP][PASSED] - z = z.substring(0, i1): null

29-01-2025T02:45:48 - [TEST_STEP][PASSED] - z = z.replace(",", "."): null

29-01-2025T02:45:48 - [TEST_STEP][PASSED] - println(z): null

29-01-2025T02:45:48 - [TEST_STEP][PASSED] - x = x + "/" + z: null

29-01-2025T02:45:48 - [TEST_STEP][PASSED] - x = x.replaceAll("[\r?
|
]", ""): null

29-01-2025T02:45:48 - [TEST_STEP][PASSED] - println("x =" + x): null

29-01-2025T02:45:48 - [TEST_STEP][PASSED] - return x: null

29-01-2025T02:45:48 - [TEST_STEP][PASSED] - println("sZB: " + sZB): null

29-01-2025T02:45:48 - [TEST_STEP][PASSED] - i = VseDZO.indexOf("Сибирь"): null

29-01-2025T02:45:48 - [TEST_STEP][PASSED] - if (i > -1): null

29-01-2025T02:45:48 - [TEST_STEP][PASSED] - dZONum = dZONum + 1: null

29-01-2025T02:45:48 - [TEST_STEP][PASSED] - siB = GetAllData(path, dZONum, VseDZO, x = "Россети Сибирь (ГК)/"): null

29-01-2025T02:45:48 - [TEST_STEP][PASSED] - ii = <not implemented yet for class: org.codehaus.groovy.ast.expr.EmptyExpression>: null

29-01-2025T02:45:48 - [TEST_STEP][PASSED] - i1 = <not implemented yet for class: org.codehaus.groovy.ast.expr.EmptyExpression>: null

29-01-2025T02:45:48 - [TEST_STEP][PASSED] - z = <not implemented yet for class: org.codehaus.groovy.ast.expr.EmptyExpression>: null

29-01-2025T02:45:48 - [TEST_STEP][PASSED] - path2 = "Значения со страницы Выполнение бизнес-плана/Table Data/": null

29-01-2025T02:45:48 - [TEST_STEP][PASSED] - println("path: " + path): null

29-01-2025T02:45:48 - [TEST_STEP][PASSED] - println("dZONum: " + dZONum): null

29-01-2025T02:45:48 - [TEST_STEP][PASSED] - z = getText(findTestObject(path + "spanPlan" + dZONum)): Text of object 'Object Repository/Выполнение бизнес-плана/Выполнение бизнес-плана Балансы/spanPlan10' is: '8.54
|'

29-01-2025T02:45:48 - [MESSAGE][PASSED] - Text of object 'Object Repository/Выполнение бизнес-плана/Выполнение бизнес-плана Балансы/spanPlan10' is: '8.54
|'

29-01-2025T02:45:48 - [TEST_STEP][PASSED] - println(z): null

29-01-2025T02:45:48 - [TEST_STEP][PASSED] - ii = z.indexOf("|"): null

29-01-2025T02:45:48 - [TEST_STEP][PASSED] - if (ii > -1): null

29-01-2025T02:45:48 - [TEST_STEP][PASSED] - z = z.substring(0, z.length() - 1): null

29-01-2025T02:45:48 - [TEST_STEP][PASSED] - println(z): null

29-01-2025T02:45:48 - [TEST_STEP][PASSED] - z = z.replaceAll("\s+", ""): null

29-01-2025T02:45:48 - [TEST_STEP][PASSED] - z = z.replace("[\r?
|
]", "/"): null

29-01-2025T02:45:48 - [TEST_STEP][PASSED] - println(z): null

29-01-2025T02:45:48 - [TEST_STEP][PASSED] - x = x + z: null

29-01-2025T02:45:48 - [TEST_STEP][PASSED] - z = getText(findTestObject(path + "spanFact" + dZONum)): Text of object 'Object Repository/Выполнение бизнес-плана/Выполнение бизнес-плана Балансы/spanFact10' is: '7.40'

29-01-2025T02:45:48 - [MESSAGE][PASSED] - Text of object 'Object Repository/Выполнение бизнес-плана/Выполнение бизнес-плана Балансы/spanFact10' is: '7.40'

29-01-2025T02:45:48 - [TEST_STEP][PASSED] - ii = z.indexOf("|"): null

29-01-2025T02:45:48 - [TEST_STEP][PASSED] - if (ii > -1): null

29-01-2025T02:45:48 - [TEST_STEP][PASSED] - x = x + "/" + z: null

29-01-2025T02:45:48 - [TEST_STEP][PASSED] - z = getText(findTestObject(path + path2 + "Факт Отпуск в сеть за отчётный период " + dZONum)).replaceAll("\s+", ""): Text of object 'Object Repository/Выполнение бизнес-плана/Выполнение бизнес-плана Балансы/Значения со страницы Выполнение бизнес-плана/Table Data/Факт Отпуск в сеть за отчётный период 10' is: '305 183 449'

29-01-2025T02:45:48 - [MESSAGE][PASSED] - Text of object 'Object Repository/Выполнение бизнес-плана/Выполнение бизнес-плана Балансы/Значения со страницы Выполнение бизнес-плана/Table Data/Факт Отпуск в сеть за отчётный период 10' is: '305 183 449'

29-01-2025T02:45:48 - [TEST_STEP][PASSED] - println("z=" + z): null

29-01-2025T02:45:48 - [TEST_STEP][PASSED] - x = x + "/" + z: null

29-01-2025T02:45:48 - [TEST_STEP][PASSED] - z = getText(findTestObject(path + path2 + "Факт Отпуск из сети за отчётный период " + dZONum)).replaceAll("\s+", ""): Text of object 'Object Repository/Выполнение бизнес-плана/Выполнение бизнес-плана Балансы/Значения со страницы Выполнение бизнес-плана/Table Data/Факт Отпуск из сети за отчётный период 10' is: '282 623 558'

29-01-2025T02:45:49 - [MESSAGE][PASSED] - Text of object 'Object Repository/Выполнение бизнес-плана/Выполнение бизнес-плана Балансы/Значения со страницы Выполнение бизнес-плана/Table Data/Факт Отпуск из сети за отчётный период 10' is: '282 623 558'

29-01-2025T02:45:49 - [TEST_STEP][PASSED] - x = x + "/" + z: null

29-01-2025T02:45:49 - [TEST_STEP][PASSED] - z = getText(findTestObject(path + path2 + "Факт Потери за отчётный период " + dZONum)).replaceAll("\s+", ""): Text of object 'Object Repository/Выполнение бизнес-плана/Выполнение бизнес-плана Балансы/Значения со страницы Выполнение бизнес-плана/Table Data/Факт Потери за отчётный период 10' is: '22 559 891'

29-01-2025T02:45:49 - [MESSAGE][PASSED] - Text of object 'Object Repository/Выполнение бизнес-плана/Выполнение бизнес-плана Балансы/Значения со страницы Выполнение бизнес-плана/Table Data/Факт Потери за отчётный период 10' is: '22 559 891'

29-01-2025T02:45:49 - [TEST_STEP][PASSED] - x = x + "/" + z: null

29-01-2025T02:45:49 - [TEST_STEP][PASSED] - z = getText(findTestObject(path + path2 + "План Отпуск в сеть за отчётный период " + dZONum)).replaceAll("\s+", ""): Text of object 'Object Repository/Выполнение бизнес-плана/Выполнение бизнес-плана Балансы/Значения со страницы Выполнение бизнес-плана/Table Data/План Отпуск в сеть за отчётный период 10' is: '240 467 411'

29-01-2025T02:45:49 - [MESSAGE][PASSED] - Text of object 'Object Repository/Выполнение бизнес-плана/Выполнение бизнес-плана Балансы/Значения со страницы Выполнение бизнес-плана/Table Data/План Отпуск в сеть за отчётный период 10' is: '240 467 411'

29-01-2025T02:45:49 - [TEST_STEP][PASSED] - x = x + "/" + z: null

29-01-2025T02:45:49 - [TEST_STEP][PASSED] - z = getText(findTestObject(path + path2 + "План Отпуск из сети за отчётный период " + dZONum)).replaceAll("\s+", ""): Text of object 'Object Repository/Выполнение бизнес-плана/Выполнение бизнес-плана Балансы/Значения со страницы Выполнение бизнес-плана/Table Data/План Отпуск из сети за отчётный период 10' is: '219 852 597'

29-01-2025T02:45:50 - [MESSAGE][PASSED] - Text of object 'Object Repository/Выполнение бизнес-плана/Выполнение бизнес-плана Балансы/Значения со страницы Выполнение бизнес-плана/Table Data/План Отпуск из сети за отчётный период 10' is: '219 852 597'

29-01-2025T02:45:50 - [TEST_STEP][PASSED] - x = x + "/" + z: null

29-01-2025T02:45:50 - [TEST_STEP][PASSED] - z = getText(findTestObject(path + path2 + "План Потери за отчётный период " + dZONum)).replaceAll("\s+", ""): Text of object 'Object Repository/Выполнение бизнес-плана/Выполнение бизнес-плана Балансы/Значения со страницы Выполнение бизнес-плана/Table Data/План Потери за отчётный период 10' is: '20 614 814'

29-01-2025T02:45:50 - [MESSAGE][PASSED] - Text of object 'Object Repository/Выполнение бизнес-плана/Выполнение бизнес-плана Балансы/Значения со страницы Выполнение бизнес-плана/Table Data/План Потери за отчётный период 10' is: '20 614 814'

29-01-2025T02:45:50 - [TEST_STEP][PASSED] - x = x + "/" + z: null

29-01-2025T02:45:50 - [TEST_STEP][PASSED] - z = getText(findTestObject(path + "Список ДЗО")).replaceAll("[\r?
|
]", "/"): Text of object 'Object Repository/Выполнение бизнес-плана/Выполнение бизнес-плана Балансы/Список ДЗО' is: '-0.18
-1.02
4.98
-0.31
-0.62
0.03
0.08
3.04
-0.18
-1.14
-0.10
-0.02
-0.28
-0.02
-0.15
-0.09
-0.79
Россети ФСКЕЭС
АО«Тываэнерго»
АО«Чеченэнерго»
Россети Волга
РоссетиКубань
РоссетиЛенэнерго(ГК)
РоссетиМосковскийрегион
РоссетиСеверныйКавказ
РоссетиСеверо-Запад
РоссетиСибирь
РоссетиТомск
РоссетиТюмень
Россети Урал(ГК)
РоссетиЦентр (ГК)
РоссетиЦентр иПриволжье(ГК)
Россети Юг(ГК)
РоссетиЯнтарь
-2
0
2
4
6
8'

29-01-2025T02:45:50 - [MESSAGE][PASSED] - Text of object 'Object Repository/Выполнение бизнес-плана/Выполнение бизнес-плана Балансы/Список ДЗО' is: '-0.18
-1.02
4.98
-0.31
-0.62
0.03
0.08
3.04
-0.18
-1.14
-0.10
-0.02
-0.28
-0.02
-0.15
-0.09
-0.79
Россети ФСКЕЭС
АО«Тываэнерго»
АО«Чеченэнерго»
Россети Волга
РоссетиКубань
РоссетиЛенэнерго(ГК)
РоссетиМосковскийрегион
РоссетиСеверныйКавказ
РоссетиСеверо-Запад
РоссетиСибирь
РоссетиТомск
РоссетиТюмень
Россети Урал(ГК)
РоссетиЦентр (ГК)
РоссетиЦентр иПриволжье(ГК)
Россети Юг(ГК)
РоссетиЯнтарь
-2
0
2
4
6
8'

29-01-2025T02:45:50 - [TEST_STEP][PASSED] - for ([ii = 1, ii < dZONum, (ii++)]): null

29-01-2025T02:45:50 - [TEST_STEP][PASSED] - i1 = z.indexOf("/") + 1: null

29-01-2025T02:45:50 - [TEST_STEP][PASSED] - if (i1 > -1): null

29-01-2025T02:45:50 - [TEST_STEP][PASSED] - z = z.substring(i1, z.length()): null

29-01-2025T02:45:50 - [TEST_STEP][PASSED] - i1 = z.indexOf("/"): null

29-01-2025T02:45:50 - [TEST_STEP][PASSED] - i1 = z.indexOf("/") + 1: null

29-01-2025T02:45:50 - [TEST_STEP][PASSED] - if (i1 > -1): null

29-01-2025T02:45:50 - [TEST_STEP][PASSED] - z = z.substring(i1, z.length()): null

29-01-2025T02:45:50 - [TEST_STEP][PASSED] - i1 = z.indexOf("/"): null

29-01-2025T02:45:50 - [TEST_STEP][PASSED] - i1 = z.indexOf("/") + 1: null

29-01-2025T02:45:50 - [TEST_STEP][PASSED] - if (i1 > -1): null

29-01-2025T02:45:50 - [TEST_STEP][PASSED] - z = z.substring(i1, z.length()): null

29-01-2025T02:45:50 - [TEST_STEP][PASSED] - i1 = z.indexOf("/"): null

29-01-2025T02:45:50 - [TEST_STEP][PASSED] - i1 = z.indexOf("/") + 1: null

29-01-2025T02:45:50 - [TEST_STEP][PASSED] - if (i1 > -1): null

29-01-2025T02:45:50 - [TEST_STEP][PASSED] - z = z.substring(i1, z.length()): null

29-01-2025T02:45:50 - [TEST_STEP][PASSED] - i1 = z.indexOf("/"): null

29-01-2025T02:45:50 - [TEST_STEP][PASSED] - i1 = z.indexOf("/") + 1: null

29-01-2025T02:45:50 - [TEST_STEP][PASSED] - if (i1 > -1): null

29-01-2025T02:45:50 - [TEST_STEP][PASSED] - z = z.substring(i1, z.length()): null

29-01-2025T02:45:50 - [TEST_STEP][PASSED] - i1 = z.indexOf("/"): null

29-01-2025T02:45:50 - [TEST_STEP][PASSED] - i1 = z.indexOf("/") + 1: null

29-01-2025T02:45:50 - [TEST_STEP][PASSED] - if (i1 > -1): null

29-01-2025T02:45:50 - [TEST_STEP][PASSED] - z = z.substring(i1, z.length()): null

29-01-2025T02:45:50 - [TEST_STEP][PASSED] - i1 = z.indexOf("/"): null

29-01-2025T02:45:50 - [TEST_STEP][PASSED] - i1 = z.indexOf("/") + 1: null

29-01-2025T02:45:50 - [TEST_STEP][PASSED] - if (i1 > -1): null

29-01-2025T02:45:50 - [TEST_STEP][PASSED] - z = z.substring(i1, z.length()): null

29-01-2025T02:45:50 - [TEST_STEP][PASSED] - i1 = z.indexOf("/"): null

29-01-2025T02:45:50 - [TEST_STEP][PASSED] - i1 = z.indexOf("/") + 1: null

29-01-2025T02:45:50 - [TEST_STEP][PASSED] - if (i1 > -1): null

29-01-2025T02:45:50 - [TEST_STEP][PASSED] - z = z.substring(i1, z.length()): null

29-01-2025T02:45:50 - [TEST_STEP][PASSED] - i1 = z.indexOf("/"): null

29-01-2025T02:45:50 - [TEST_STEP][PASSED] - i1 = z.indexOf("/") + 1: null

29-01-2025T02:45:50 - [TEST_STEP][PASSED] - if (i1 > -1): null

29-01-2025T02:45:50 - [TEST_STEP][PASSED] - z = z.substring(i1, z.length()): null

29-01-2025T02:45:50 - [TEST_STEP][PASSED] - i1 = z.indexOf("/"): null

29-01-2025T02:45:50 - [TEST_STEP][PASSED] - i1 = z.indexOf("/"): null

29-01-2025T02:45:50 - [TEST_STEP][PASSED] - if (i1 > -1): null

29-01-2025T02:45:50 - [TEST_STEP][PASSED] - z = z.substring(0, i1): null

29-01-2025T02:45:50 - [TEST_STEP][PASSED] - z = z.replace(",", "."): null

29-01-2025T02:45:50 - [TEST_STEP][PASSED] - println(z): null

29-01-2025T02:45:50 - [TEST_STEP][PASSED] - x = x + "/" + z: null

29-01-2025T02:45:50 - [TEST_STEP][PASSED] - x = x.replaceAll("[\r?
|
]", ""): null

29-01-2025T02:45:50 - [TEST_STEP][PASSED] - println("x =" + x): null

29-01-2025T02:45:50 - [TEST_STEP][PASSED] - return x: null

29-01-2025T02:45:50 - [TEST_STEP][PASSED] - println("siB: " + siB): null

29-01-2025T02:45:50 - [TEST_STEP][PASSED] - i = VseDZO.indexOf("Томск"): null

29-01-2025T02:45:50 - [TEST_STEP][PASSED] - if (i > -1): null

29-01-2025T02:45:50 - [TEST_STEP][PASSED] - dZONum = dZONum + 1: null

29-01-2025T02:45:50 - [TEST_STEP][PASSED] - tomB = GetAllData(path, dZONum, VseDZO, x = "Россети Томск/"): null

29-01-2025T02:45:50 - [TEST_STEP][PASSED] - ii = <not implemented yet for class: org.codehaus.groovy.ast.expr.EmptyExpression>: null

29-01-2025T02:45:50 - [TEST_STEP][PASSED] - i1 = <not implemented yet for class: org.codehaus.groovy.ast.expr.EmptyExpression>: null

29-01-2025T02:45:50 - [TEST_STEP][PASSED] - z = <not implemented yet for class: org.codehaus.groovy.ast.expr.EmptyExpression>: null

29-01-2025T02:45:50 - [TEST_STEP][PASSED] - path2 = "Значения со страницы Выполнение бизнес-плана/Table Data/": null

29-01-2025T02:45:50 - [TEST_STEP][PASSED] - println("path: " + path): null

29-01-2025T02:45:50 - [TEST_STEP][PASSED] - println("dZONum: " + dZONum): null

29-01-2025T02:45:50 - [TEST_STEP][PASSED] - z = getText(findTestObject(path + "spanPlan" + dZONum)): Text of object 'Object Repository/Выполнение бизнес-плана/Выполнение бизнес-плана Балансы/spanPlan11' is: '9.02
|'

29-01-2025T02:45:51 - [MESSAGE][PASSED] - Text of object 'Object Repository/Выполнение бизнес-плана/Выполнение бизнес-плана Балансы/spanPlan11' is: '9.02
|'

29-01-2025T02:45:51 - [TEST_STEP][PASSED] - println(z): null

29-01-2025T02:45:51 - [TEST_STEP][PASSED] - ii = z.indexOf("|"): null

29-01-2025T02:45:51 - [TEST_STEP][PASSED] - if (ii > -1): null

29-01-2025T02:45:51 - [TEST_STEP][PASSED] - z = z.substring(0, z.length() - 1): null

29-01-2025T02:45:51 - [TEST_STEP][PASSED] - println(z): null

29-01-2025T02:45:51 - [TEST_STEP][PASSED] - z = z.replaceAll("\s+", ""): null

29-01-2025T02:45:51 - [TEST_STEP][PASSED] - z = z.replace("[\r?
|
]", "/"): null

29-01-2025T02:45:51 - [TEST_STEP][PASSED] - println(z): null

29-01-2025T02:45:51 - [TEST_STEP][PASSED] - x = x + z: null

29-01-2025T02:45:51 - [TEST_STEP][PASSED] - z = getText(findTestObject(path + "spanFact" + dZONum)): Text of object 'Object Repository/Выполнение бизнес-плана/Выполнение бизнес-плана Балансы/spanFact11' is: '8.92'

29-01-2025T02:45:51 - [MESSAGE][PASSED] - Text of object 'Object Repository/Выполнение бизнес-плана/Выполнение бизнес-плана Балансы/spanFact11' is: '8.92'

29-01-2025T02:45:51 - [TEST_STEP][PASSED] - ii = z.indexOf("|"): null

29-01-2025T02:45:51 - [TEST_STEP][PASSED] - if (ii > -1): null

29-01-2025T02:45:51 - [TEST_STEP][PASSED] - x = x + "/" + z: null

29-01-2025T02:45:51 - [TEST_STEP][PASSED] - z = getText(findTestObject(path + path2 + "Факт Отпуск в сеть за отчётный период " + dZONum)).replaceAll("\s+", ""): Text of object 'Object Repository/Выполнение бизнес-плана/Выполнение бизнес-плана Балансы/Значения со страницы Выполнение бизнес-плана/Table Data/Факт Отпуск в сеть за отчётный период 11' is: '25 730 540'

29-01-2025T02:45:51 - [MESSAGE][PASSED] - Text of object 'Object Repository/Выполнение бизнес-плана/Выполнение бизнес-плана Балансы/Значения со страницы Выполнение бизнес-плана/Table Data/Факт Отпуск в сеть за отчётный период 11' is: '25 730 540'

29-01-2025T02:45:51 - [TEST_STEP][PASSED] - println("z=" + z): null

29-01-2025T02:45:51 - [TEST_STEP][PASSED] - x = x + "/" + z: null

29-01-2025T02:45:51 - [TEST_STEP][PASSED] - z = getText(findTestObject(path + path2 + "Факт Отпуск из сети за отчётный период " + dZONum)).replaceAll("\s+", ""): Text of object 'Object Repository/Выполнение бизнес-плана/Выполнение бизнес-плана Балансы/Значения со страницы Выполнение бизнес-плана/Table Data/Факт Отпуск из сети за отчётный период 11' is: '23 441 706'

29-01-2025T02:45:52 - [MESSAGE][PASSED] - Text of object 'Object Repository/Выполнение бизнес-плана/Выполнение бизнес-плана Балансы/Значения со страницы Выполнение бизнес-плана/Table Data/Факт Отпуск из сети за отчётный период 11' is: '23 441 706'

29-01-2025T02:45:52 - [TEST_STEP][PASSED] - x = x + "/" + z: null

29-01-2025T02:45:52 - [TEST_STEP][PASSED] - z = getText(findTestObject(path + path2 + "Факт Потери за отчётный период " + dZONum)).replaceAll("\s+", ""): Text of object 'Object Repository/Выполнение бизнес-плана/Выполнение бизнес-плана Балансы/Значения со страницы Выполнение бизнес-плана/Table Data/Факт Потери за отчётный период 11' is: '2 288 834'

29-01-2025T02:45:52 - [MESSAGE][PASSED] - Text of object 'Object Repository/Выполнение бизнес-плана/Выполнение бизнес-плана Балансы/Значения со страницы Выполнение бизнес-плана/Table Data/Факт Потери за отчётный период 11' is: '2 288 834'

29-01-2025T02:45:52 - [TEST_STEP][PASSED] - x = x + "/" + z: null

29-01-2025T02:45:52 - [TEST_STEP][PASSED] - z = getText(findTestObject(path + path2 + "План Отпуск в сеть за отчётный период " + dZONum)).replaceAll("\s+", ""): Text of object 'Object Repository/Выполнение бизнес-плана/Выполнение бизнес-плана Балансы/Значения со страницы Выполнение бизнес-плана/Table Data/План Отпуск в сеть за отчётный период 11' is: '25 249 701'

29-01-2025T02:45:52 - [MESSAGE][PASSED] - Text of object 'Object Repository/Выполнение бизнес-плана/Выполнение бизнес-плана Балансы/Значения со страницы Выполнение бизнес-плана/Table Data/План Отпуск в сеть за отчётный период 11' is: '25 249 701'

29-01-2025T02:45:52 - [TEST_STEP][PASSED] - x = x + "/" + z: null

29-01-2025T02:45:52 - [TEST_STEP][PASSED] - z = getText(findTestObject(path + path2 + "План Отпуск из сети за отчётный период " + dZONum)).replaceAll("\s+", ""): Text of object 'Object Repository/Выполнение бизнес-плана/Выполнение бизнес-плана Балансы/Значения со страницы Выполнение бизнес-плана/Table Data/План Отпуск из сети за отчётный период 11' is: '22 966 789'

29-01-2025T02:45:52 - [MESSAGE][PASSED] - Text of object 'Object Repository/Выполнение бизнес-плана/Выполнение бизнес-плана Балансы/Значения со страницы Выполнение бизнес-плана/Table Data/План Отпуск из сети за отчётный период 11' is: '22 966 789'

29-01-2025T02:45:52 - [TEST_STEP][PASSED] - x = x + "/" + z: null

29-01-2025T02:45:52 - [TEST_STEP][PASSED] - z = getText(findTestObject(path + path2 + "План Потери за отчётный период " + dZONum)).replaceAll("\s+", ""): Text of object 'Object Repository/Выполнение бизнес-плана/Выполнение бизнес-плана Балансы/Значения со страницы Выполнение бизнес-плана/Table Data/План Потери за отчётный период 11' is: '2 282 912'

29-01-2025T02:45:53 - [MESSAGE][PASSED] - Text of object 'Object Repository/Выполнение бизнес-плана/Выполнение бизнес-плана Балансы/Значения со страницы Выполнение бизнес-плана/Table Data/План Потери за отчётный период 11' is: '2 282 912'

29-01-2025T02:45:53 - [TEST_STEP][PASSED] - x = x + "/" + z: null

29-01-2025T02:45:53 - [TEST_STEP][PASSED] - z = getText(findTestObject(path + "Список ДЗО")).replaceAll("[\r?
|
]", "/"): Text of object 'Object Repository/Выполнение бизнес-плана/Выполнение бизнес-плана Балансы/Список ДЗО' is: '-0.18
-1.02
4.98
-0.31
-0.62
0.03
0.08
3.04
-0.18
-1.14
-0.10
-0.02
-0.28
-0.02
-0.15
-0.09
-0.79
Россети ФСКЕЭС
АО«Тываэнерго»
АО«Чеченэнерго»
Россети Волга
РоссетиКубань
РоссетиЛенэнерго(ГК)
РоссетиМосковскийрегион
РоссетиСеверныйКавказ
РоссетиСеверо-Запад
РоссетиСибирь
РоссетиТомск
РоссетиТюмень
Россети Урал(ГК)
РоссетиЦентр (ГК)
РоссетиЦентр иПриволжье(ГК)
Россети Юг(ГК)
РоссетиЯнтарь
-2
0
2
4
6
8'

29-01-2025T02:45:53 - [MESSAGE][PASSED] - Text of object 'Object Repository/Выполнение бизнес-плана/Выполнение бизнес-плана Балансы/Список ДЗО' is: '-0.18
-1.02
4.98
-0.31
-0.62
0.03
0.08
3.04
-0.18
-1.14
-0.10
-0.02
-0.28
-0.02
-0.15
-0.09
-0.79
Россети ФСКЕЭС
АО«Тываэнерго»
АО«Чеченэнерго»
Россети Волга
РоссетиКубань
РоссетиЛенэнерго(ГК)
РоссетиМосковскийрегион
РоссетиСеверныйКавказ
РоссетиСеверо-Запад
РоссетиСибирь
РоссетиТомск
РоссетиТюмень
Россети Урал(ГК)
РоссетиЦентр (ГК)
РоссетиЦентр иПриволжье(ГК)
Россети Юг(ГК)
РоссетиЯнтарь
-2
0
2
4
6
8'

29-01-2025T02:45:53 - [TEST_STEP][PASSED] - for ([ii = 1, ii < dZONum, (ii++)]): null

29-01-2025T02:45:53 - [TEST_STEP][PASSED] - i1 = z.indexOf("/") + 1: null

29-01-2025T02:45:53 - [TEST_STEP][PASSED] - if (i1 > -1): null

29-01-2025T02:45:53 - [TEST_STEP][PASSED] - z = z.substring(i1, z.length()): null

29-01-2025T02:45:53 - [TEST_STEP][PASSED] - i1 = z.indexOf("/"): null

29-01-2025T02:45:53 - [TEST_STEP][PASSED] - i1 = z.indexOf("/") + 1: null

29-01-2025T02:45:53 - [TEST_STEP][PASSED] - if (i1 > -1): null

29-01-2025T02:45:53 - [TEST_STEP][PASSED] - z = z.substring(i1, z.length()): null

29-01-2025T02:45:53 - [TEST_STEP][PASSED] - i1 = z.indexOf("/"): null

29-01-2025T02:45:53 - [TEST_STEP][PASSED] - i1 = z.indexOf("/") + 1: null

29-01-2025T02:45:53 - [TEST_STEP][PASSED] - if (i1 > -1): null

29-01-2025T02:45:53 - [TEST_STEP][PASSED] - z = z.substring(i1, z.length()): null

29-01-2025T02:45:53 - [TEST_STEP][PASSED] - i1 = z.indexOf("/"): null

29-01-2025T02:45:53 - [TEST_STEP][PASSED] - i1 = z.indexOf("/") + 1: null

29-01-2025T02:45:53 - [TEST_STEP][PASSED] - if (i1 > -1): null

29-01-2025T02:45:53 - [TEST_STEP][PASSED] - z = z.substring(i1, z.length()): null

29-01-2025T02:45:53 - [TEST_STEP][PASSED] - i1 = z.indexOf("/"): null

29-01-2025T02:45:53 - [TEST_STEP][PASSED] - i1 = z.indexOf("/") + 1: null

29-01-2025T02:45:53 - [TEST_STEP][PASSED] - if (i1 > -1): null

29-01-2025T02:45:53 - [TEST_STEP][PASSED] - z = z.substring(i1, z.length()): null

29-01-2025T02:45:53 - [TEST_STEP][PASSED] - i1 = z.indexOf("/"): null

29-01-2025T02:45:53 - [TEST_STEP][PASSED] - i1 = z.indexOf("/") + 1: null

29-01-2025T02:45:53 - [TEST_STEP][PASSED] - if (i1 > -1): null

29-01-2025T02:45:53 - [TEST_STEP][PASSED] - z = z.substring(i1, z.length()): null

29-01-2025T02:45:53 - [TEST_STEP][PASSED] - i1 = z.indexOf("/"): null

29-01-2025T02:45:53 - [TEST_STEP][PASSED] - i1 = z.indexOf("/") + 1: null

29-01-2025T02:45:53 - [TEST_STEP][PASSED] - if (i1 > -1): null

29-01-2025T02:45:53 - [TEST_STEP][PASSED] - z = z.substring(i1, z.length()): null

29-01-2025T02:45:53 - [TEST_STEP][PASSED] - i1 = z.indexOf("/"): null

29-01-2025T02:45:53 - [TEST_STEP][PASSED] - i1 = z.indexOf("/") + 1: null

29-01-2025T02:45:53 - [TEST_STEP][PASSED] - if (i1 > -1): null

29-01-2025T02:45:53 - [TEST_STEP][PASSED] - z = z.substring(i1, z.length()): null

29-01-2025T02:45:53 - [TEST_STEP][PASSED] - i1 = z.indexOf("/"): null

29-01-2025T02:45:53 - [TEST_STEP][PASSED] - i1 = z.indexOf("/") + 1: null

29-01-2025T02:45:53 - [TEST_STEP][PASSED] - if (i1 > -1): null

29-01-2025T02:45:53 - [TEST_STEP][PASSED] - z = z.substring(i1, z.length()): null

29-01-2025T02:45:53 - [TEST_STEP][PASSED] - i1 = z.indexOf("/"): null

29-01-2025T02:45:53 - [TEST_STEP][PASSED] - i1 = z.indexOf("/") + 1: null

29-01-2025T02:45:53 - [TEST_STEP][PASSED] - if (i1 > -1): null

29-01-2025T02:45:53 - [TEST_STEP][PASSED] - z = z.substring(i1, z.length()): null

29-01-2025T02:45:53 - [TEST_STEP][PASSED] - i1 = z.indexOf("/"): null

29-01-2025T02:45:53 - [TEST_STEP][PASSED] - i1 = z.indexOf("/"): null

29-01-2025T02:45:53 - [TEST_STEP][PASSED] - if (i1 > -1): null

29-01-2025T02:45:53 - [TEST_STEP][PASSED] - z = z.substring(0, i1): null

29-01-2025T02:45:53 - [TEST_STEP][PASSED] - z = z.replace(",", "."): null

29-01-2025T02:45:53 - [TEST_STEP][PASSED] - println(z): null

29-01-2025T02:45:53 - [TEST_STEP][PASSED] - x = x + "/" + z: null

29-01-2025T02:45:53 - [TEST_STEP][PASSED] - x = x.replaceAll("[\r?
|
]", ""): null

29-01-2025T02:45:53 - [TEST_STEP][PASSED] - println("x =" + x): null

29-01-2025T02:45:53 - [TEST_STEP][PASSED] - return x: null

29-01-2025T02:45:53 - [TEST_STEP][PASSED] - println("tomB: " + tomB): null

29-01-2025T02:45:53 - [TEST_STEP][PASSED] - i = VseDZO.indexOf("Тюмень"): null

29-01-2025T02:45:53 - [TEST_STEP][PASSED] - if (i > -1): null

29-01-2025T02:45:53 - [TEST_STEP][PASSED] - dZONum = dZONum + 1: null

29-01-2025T02:45:53 - [TEST_STEP][PASSED] - tyumB = GetAllData(path, dZONum, VseDZO, x = "Россети Тюмень/"): null

29-01-2025T02:45:53 - [TEST_STEP][PASSED] - ii = <not implemented yet for class: org.codehaus.groovy.ast.expr.EmptyExpression>: null

29-01-2025T02:45:53 - [TEST_STEP][PASSED] - i1 = <not implemented yet for class: org.codehaus.groovy.ast.expr.EmptyExpression>: null

29-01-2025T02:45:53 - [TEST_STEP][PASSED] - z = <not implemented yet for class: org.codehaus.groovy.ast.expr.EmptyExpression>: null

29-01-2025T02:45:53 - [TEST_STEP][PASSED] - path2 = "Значения со страницы Выполнение бизнес-плана/Table Data/": null

29-01-2025T02:45:53 - [TEST_STEP][PASSED] - println("path: " + path): null

29-01-2025T02:45:53 - [TEST_STEP][PASSED] - println("dZONum: " + dZONum): null

29-01-2025T02:45:53 - [TEST_STEP][PASSED] - z = getText(findTestObject(path + "spanPlan" + dZONum)): Text of object 'Object Repository/Выполнение бизнес-плана/Выполнение бизнес-плана Балансы/spanPlan12' is: '2.72
|'

29-01-2025T02:45:53 - [MESSAGE][PASSED] - Text of object 'Object Repository/Выполнение бизнес-плана/Выполнение бизнес-плана Балансы/spanPlan12' is: '2.72
|'

29-01-2025T02:45:53 - [TEST_STEP][PASSED] - println(z): null

29-01-2025T02:45:53 - [TEST_STEP][PASSED] - ii = z.indexOf("|"): null

29-01-2025T02:45:53 - [TEST_STEP][PASSED] - if (ii > -1): null

29-01-2025T02:45:53 - [TEST_STEP][PASSED] - z = z.substring(0, z.length() - 1): null

29-01-2025T02:45:53 - [TEST_STEP][PASSED] - println(z): null

29-01-2025T02:45:53 - [TEST_STEP][PASSED] - z = z.replaceAll("\s+", ""): null

29-01-2025T02:45:53 - [TEST_STEP][PASSED] - z = z.replace("[\r?
|
]", "/"): null

29-01-2025T02:45:53 - [TEST_STEP][PASSED] - println(z): null

29-01-2025T02:45:53 - [TEST_STEP][PASSED] - x = x + z: null

29-01-2025T02:45:53 - [TEST_STEP][PASSED] - z = getText(findTestObject(path + "spanFact" + dZONum)): Text of object 'Object Repository/Выполнение бизнес-плана/Выполнение бизнес-плана Балансы/spanFact12' is: '2.70'

29-01-2025T02:45:54 - [MESSAGE][PASSED] - Text of object 'Object Repository/Выполнение бизнес-плана/Выполнение бизнес-плана Балансы/spanFact12' is: '2.70'

29-01-2025T02:45:54 - [TEST_STEP][PASSED] - ii = z.indexOf("|"): null

29-01-2025T02:45:54 - [TEST_STEP][PASSED] - if (ii > -1): null

29-01-2025T02:45:54 - [TEST_STEP][PASSED] - x = x + "/" + z: null

29-01-2025T02:45:54 - [TEST_STEP][PASSED] - z = getText(findTestObject(path + path2 + "Факт Отпуск в сеть за отчётный период " + dZONum)).replaceAll("\s+", ""): Text of object 'Object Repository/Выполнение бизнес-плана/Выполнение бизнес-плана Балансы/Значения со страницы Выполнение бизнес-плана/Table Data/Факт Отпуск в сеть за отчётный период 12' is: '285 791 996'

29-01-2025T02:45:54 - [MESSAGE][PASSED] - Text of object 'Object Repository/Выполнение бизнес-плана/Выполнение бизнес-плана Балансы/Значения со страницы Выполнение бизнес-плана/Table Data/Факт Отпуск в сеть за отчётный период 12' is: '285 791 996'

29-01-2025T02:45:54 - [TEST_STEP][PASSED] - println("z=" + z): null

29-01-2025T02:45:54 - [TEST_STEP][PASSED] - x = x + "/" + z: null

29-01-2025T02:45:54 - [TEST_STEP][PASSED] - z = getText(findTestObject(path + path2 + "Факт Отпуск из сети за отчётный период " + dZONum)).replaceAll("\s+", ""): Text of object 'Object Repository/Выполнение бизнес-плана/Выполнение бизнес-плана Балансы/Значения со страницы Выполнение бизнес-плана/Table Data/Факт Отпуск из сети за отчётный период 12' is: '278 074 803'

29-01-2025T02:45:54 - [MESSAGE][PASSED] - Text of object 'Object Repository/Выполнение бизнес-плана/Выполнение бизнес-плана Балансы/Значения со страницы Выполнение бизнес-плана/Table Data/Факт Отпуск из сети за отчётный период 12' is: '278 074 803'

29-01-2025T02:45:54 - [TEST_STEP][PASSED] - x = x + "/" + z: null

29-01-2025T02:45:54 - [TEST_STEP][PASSED] - z = getText(findTestObject(path + path2 + "Факт Потери за отчётный период " + dZONum)).replaceAll("\s+", ""): Text of object 'Object Repository/Выполнение бизнес-плана/Выполнение бизнес-плана Балансы/Значения со страницы Выполнение бизнес-плана/Table Data/Факт Потери за отчётный период 12' is: '7 717 193'

29-01-2025T02:45:55 - [MESSAGE][PASSED] - Text of object 'Object Repository/Выполнение бизнес-плана/Выполнение бизнес-плана Балансы/Значения со страницы Выполнение бизнес-плана/Table Data/Факт Потери за отчётный период 12' is: '7 717 193'

29-01-2025T02:45:55 - [TEST_STEP][PASSED] - x = x + "/" + z: null

29-01-2025T02:45:55 - [TEST_STEP][PASSED] - z = getText(findTestObject(path + path2 + "План Отпуск в сеть за отчётный период " + dZONum)).replaceAll("\s+", ""): Text of object 'Object Repository/Выполнение бизнес-плана/Выполнение бизнес-плана Балансы/Значения со страницы Выполнение бизнес-плана/Table Data/План Отпуск в сеть за отчётный период 12' is: '297 873 397'

29-01-2025T02:45:55 - [MESSAGE][PASSED] - Text of object 'Object Repository/Выполнение бизнес-плана/Выполнение бизнес-плана Балансы/Значения со страницы Выполнение бизнес-плана/Table Data/План Отпуск в сеть за отчётный период 12' is: '297 873 397'

29-01-2025T02:45:55 - [TEST_STEP][PASSED] - x = x + "/" + z: null

29-01-2025T02:45:55 - [TEST_STEP][PASSED] - z = getText(findTestObject(path + path2 + "План Отпуск из сети за отчётный период " + dZONum)).replaceAll("\s+", ""): Text of object 'Object Repository/Выполнение бизнес-плана/Выполнение бизнес-плана Балансы/Значения со страницы Выполнение бизнес-плана/Table Data/План Отпуск из сети за отчётный период 12' is: '289 807 707'

29-01-2025T02:45:55 - [MESSAGE][PASSED] - Text of object 'Object Repository/Выполнение бизнес-плана/Выполнение бизнес-плана Балансы/Значения со страницы Выполнение бизнес-плана/Table Data/План Отпуск из сети за отчётный период 12' is: '289 807 707'

29-01-2025T02:45:55 - [TEST_STEP][PASSED] - x = x + "/" + z: null

29-01-2025T02:45:55 - [TEST_STEP][PASSED] - z = getText(findTestObject(path + path2 + "План Потери за отчётный период " + dZONum)).replaceAll("\s+", ""): Text of object 'Object Repository/Выполнение бизнес-плана/Выполнение бизнес-плана Балансы/Значения со страницы Выполнение бизнес-плана/Table Data/План Потери за отчётный период 12' is: '8 065 690'

29-01-2025T02:45:56 - [MESSAGE][PASSED] - Text of object 'Object Repository/Выполнение бизнес-плана/Выполнение бизнес-плана Балансы/Значения со страницы Выполнение бизнес-плана/Table Data/План Потери за отчётный период 12' is: '8 065 690'

29-01-2025T02:45:56 - [TEST_STEP][PASSED] - x = x + "/" + z: null

29-01-2025T02:45:56 - [TEST_STEP][PASSED] - z = getText(findTestObject(path + "Список ДЗО")).replaceAll("[\r?
|
]", "/"): Text of object 'Object Repository/Выполнение бизнес-плана/Выполнение бизнес-плана Балансы/Список ДЗО' is: '-0.18
-1.02
4.98
-0.31
-0.62
0.03
0.08
3.04
-0.18
-1.14
-0.10
-0.02
-0.28
-0.02
-0.15
-0.09
-0.79
Россети ФСКЕЭС
АО«Тываэнерго»
АО«Чеченэнерго»
Россети Волга
РоссетиКубань
РоссетиЛенэнерго(ГК)
РоссетиМосковскийрегион
РоссетиСеверныйКавказ
РоссетиСеверо-Запад
РоссетиСибирь
РоссетиТомск
РоссетиТюмень
Россети Урал(ГК)
РоссетиЦентр (ГК)
РоссетиЦентр иПриволжье(ГК)
Россети Юг(ГК)
РоссетиЯнтарь
-2
0
2
4
6
8'

29-01-2025T02:45:56 - [MESSAGE][PASSED] - Text of object 'Object Repository/Выполнение бизнес-плана/Выполнение бизнес-плана Балансы/Список ДЗО' is: '-0.18
-1.02
4.98
-0.31
-0.62
0.03
0.08
3.04
-0.18
-1.14
-0.10
-0.02
-0.28
-0.02
-0.15
-0.09
-0.79
Россети ФСКЕЭС
АО«Тываэнерго»
АО«Чеченэнерго»
Россети Волга
РоссетиКубань
РоссетиЛенэнерго(ГК)
РоссетиМосковскийрегион
РоссетиСеверныйКавказ
РоссетиСеверо-Запад
РоссетиСибирь
РоссетиТомск
РоссетиТюмень
Россети Урал(ГК)
РоссетиЦентр (ГК)
РоссетиЦентр иПриволжье(ГК)
Россети Юг(ГК)
РоссетиЯнтарь
-2
0
2
4
6
8'

29-01-2025T02:45:56 - [TEST_STEP][PASSED] - for ([ii = 1, ii < dZONum, (ii++)]): null

29-01-2025T02:45:56 - [TEST_STEP][PASSED] - i1 = z.indexOf("/") + 1: null

29-01-2025T02:45:56 - [TEST_STEP][PASSED] - if (i1 > -1): null

29-01-2025T02:45:56 - [TEST_STEP][PASSED] - z = z.substring(i1, z.length()): null

29-01-2025T02:45:56 - [TEST_STEP][PASSED] - i1 = z.indexOf("/"): null

29-01-2025T02:45:56 - [TEST_STEP][PASSED] - i1 = z.indexOf("/") + 1: null

29-01-2025T02:45:56 - [TEST_STEP][PASSED] - if (i1 > -1): null

29-01-2025T02:45:56 - [TEST_STEP][PASSED] - z = z.substring(i1, z.length()): null

29-01-2025T02:45:56 - [TEST_STEP][PASSED] - i1 = z.indexOf("/"): null

29-01-2025T02:45:56 - [TEST_STEP][PASSED] - i1 = z.indexOf("/") + 1: null

29-01-2025T02:45:56 - [TEST_STEP][PASSED] - if (i1 > -1): null

29-01-2025T02:45:56 - [TEST_STEP][PASSED] - z = z.substring(i1, z.length()): null

29-01-2025T02:45:56 - [TEST_STEP][PASSED] - i1 = z.indexOf("/"): null

29-01-2025T02:45:56 - [TEST_STEP][PASSED] - i1 = z.indexOf("/") + 1: null

29-01-2025T02:45:56 - [TEST_STEP][PASSED] - if (i1 > -1): null

29-01-2025T02:45:56 - [TEST_STEP][PASSED] - z = z.substring(i1, z.length()): null

29-01-2025T02:45:56 - [TEST_STEP][PASSED] - i1 = z.indexOf("/"): null

29-01-2025T02:45:56 - [TEST_STEP][PASSED] - i1 = z.indexOf("/") + 1: null

29-01-2025T02:45:56 - [TEST_STEP][PASSED] - if (i1 > -1): null

29-01-2025T02:45:56 - [TEST_STEP][PASSED] - z = z.substring(i1, z.length()): null

29-01-2025T02:45:56 - [TEST_STEP][PASSED] - i1 = z.indexOf("/"): null

29-01-2025T02:45:56 - [TEST_STEP][PASSED] - i1 = z.indexOf("/") + 1: null

29-01-2025T02:45:56 - [TEST_STEP][PASSED] - if (i1 > -1): null

29-01-2025T02:45:56 - [TEST_STEP][PASSED] - z = z.substring(i1, z.length()): null

29-01-2025T02:45:56 - [TEST_STEP][PASSED] - i1 = z.indexOf("/"): null

29-01-2025T02:45:56 - [TEST_STEP][PASSED] - i1 = z.indexOf("/") + 1: null

29-01-2025T02:45:56 - [TEST_STEP][PASSED] - if (i1 > -1): null

29-01-2025T02:45:56 - [TEST_STEP][PASSED] - z = z.substring(i1, z.length()): null

29-01-2025T02:45:56 - [TEST_STEP][PASSED] - i1 = z.indexOf("/"): null

29-01-2025T02:45:56 - [TEST_STEP][PASSED] - i1 = z.indexOf("/") + 1: null

29-01-2025T02:45:56 - [TEST_STEP][PASSED] - if (i1 > -1): null

29-01-2025T02:45:56 - [TEST_STEP][PASSED] - z = z.substring(i1, z.length()): null

29-01-2025T02:45:56 - [TEST_STEP][PASSED] - i1 = z.indexOf("/"): null

29-01-2025T02:45:56 - [TEST_STEP][PASSED] - i1 = z.indexOf("/") + 1: null

29-01-2025T02:45:56 - [TEST_STEP][PASSED] - if (i1 > -1): null

29-01-2025T02:45:56 - [TEST_STEP][PASSED] - z = z.substring(i1, z.length()): null

29-01-2025T02:45:56 - [TEST_STEP][PASSED] - i1 = z.indexOf("/"): null

29-01-2025T02:45:56 - [TEST_STEP][PASSED] - i1 = z.indexOf("/") + 1: null

29-01-2025T02:45:56 - [TEST_STEP][PASSED] - if (i1 > -1): null

29-01-2025T02:45:56 - [TEST_STEP][PASSED] - z = z.substring(i1, z.length()): null

29-01-2025T02:45:56 - [TEST_STEP][PASSED] - i1 = z.indexOf("/"): null

29-01-2025T02:45:56 - [TEST_STEP][PASSED] - i1 = z.indexOf("/") + 1: null

29-01-2025T02:45:56 - [TEST_STEP][PASSED] - if (i1 > -1): null

29-01-2025T02:45:56 - [TEST_STEP][PASSED] - z = z.substring(i1, z.length()): null

29-01-2025T02:45:56 - [TEST_STEP][PASSED] - i1 = z.indexOf("/"): null

29-01-2025T02:45:56 - [TEST_STEP][PASSED] - i1 = z.indexOf("/"): null

29-01-2025T02:45:56 - [TEST_STEP][PASSED] - if (i1 > -1): null

29-01-2025T02:45:56 - [TEST_STEP][PASSED] - z = z.substring(0, i1): null

29-01-2025T02:45:56 - [TEST_STEP][PASSED] - z = z.replace(",", "."): null

29-01-2025T02:45:56 - [TEST_STEP][PASSED] - println(z): null

29-01-2025T02:45:56 - [TEST_STEP][PASSED] - x = x + "/" + z: null

29-01-2025T02:45:56 - [TEST_STEP][PASSED] - x = x.replaceAll("[\r?
|
]", ""): null

29-01-2025T02:45:56 - [TEST_STEP][PASSED] - println("x =" + x): null

29-01-2025T02:45:56 - [TEST_STEP][PASSED] - return x: null

29-01-2025T02:45:56 - [TEST_STEP][PASSED] - println("tyumB: " + tyumB): null

29-01-2025T02:45:56 - [TEST_STEP][PASSED] - i = VseDZO.indexOf("Урал"): null

29-01-2025T02:45:56 - [TEST_STEP][PASSED] - if (i > -1): null

29-01-2025T02:45:56 - [TEST_STEP][PASSED] - dZONum = dZONum + 1: null

29-01-2025T02:45:56 - [TEST_STEP][PASSED] - urB = GetAllData(path, dZONum, VseDZO, x = "Россети Урал (ГК)/"): null

29-01-2025T02:45:56 - [TEST_STEP][PASSED] - ii = <not implemented yet for class: org.codehaus.groovy.ast.expr.EmptyExpression>: null

29-01-2025T02:45:56 - [TEST_STEP][PASSED] - i1 = <not implemented yet for class: org.codehaus.groovy.ast.expr.EmptyExpression>: null

29-01-2025T02:45:56 - [TEST_STEP][PASSED] - z = <not implemented yet for class: org.codehaus.groovy.ast.expr.EmptyExpression>: null

29-01-2025T02:45:56 - [TEST_STEP][PASSED] - path2 = "Значения со страницы Выполнение бизнес-плана/Table Data/": null

29-01-2025T02:45:56 - [TEST_STEP][PASSED] - println("path: " + path): null

29-01-2025T02:45:56 - [TEST_STEP][PASSED] - println("dZONum: " + dZONum): null

29-01-2025T02:45:56 - [TEST_STEP][PASSED] - z = getText(findTestObject(path + "spanPlan" + dZONum)): Text of object 'Object Repository/Выполнение бизнес-плана/Выполнение бизнес-плана Балансы/spanPlan13' is: '7.07
|'

29-01-2025T02:45:56 - [MESSAGE][PASSED] - Text of object 'Object Repository/Выполнение бизнес-плана/Выполнение бизнес-плана Балансы/spanPlan13' is: '7.07
|'

29-01-2025T02:45:56 - [TEST_STEP][PASSED] - println(z): null

29-01-2025T02:45:56 - [TEST_STEP][PASSED] - ii = z.indexOf("|"): null

29-01-2025T02:45:56 - [TEST_STEP][PASSED] - if (ii > -1): null

29-01-2025T02:45:56 - [TEST_STEP][PASSED] - z = z.substring(0, z.length() - 1): null

29-01-2025T02:45:56 - [TEST_STEP][PASSED] - println(z): null

29-01-2025T02:45:56 - [TEST_STEP][PASSED] - z = z.replaceAll("\s+", ""): null

29-01-2025T02:45:56 - [TEST_STEP][PASSED] - z = z.replace("[\r?
|
]", "/"): null

29-01-2025T02:45:56 - [TEST_STEP][PASSED] - println(z): null

29-01-2025T02:45:56 - [TEST_STEP][PASSED] - x = x + z: null

29-01-2025T02:45:56 - [TEST_STEP][PASSED] - z = getText(findTestObject(path + "spanFact" + dZONum)): Text of object 'Object Repository/Выполнение бизнес-плана/Выполнение бизнес-плана Балансы/spanFact13' is: '6.79'

29-01-2025T02:45:56 - [MESSAGE][PASSED] - Text of object 'Object Repository/Выполнение бизнес-плана/Выполнение бизнес-плана Балансы/spanFact13' is: '6.79'

29-01-2025T02:45:56 - [TEST_STEP][PASSED] - ii = z.indexOf("|"): null

29-01-2025T02:45:56 - [TEST_STEP][PASSED] - if (ii > -1): null

29-01-2025T02:45:56 - [TEST_STEP][PASSED] - x = x + "/" + z: null

29-01-2025T02:45:56 - [TEST_STEP][PASSED] - z = getText(findTestObject(path + path2 + "Факт Отпуск в сеть за отчётный период " + dZONum)).replaceAll("\s+", ""): Text of object 'Object Repository/Выполнение бизнес-плана/Выполнение бизнес-плана Балансы/Значения со страницы Выполнение бизнес-плана/Table Data/Факт Отпуск в сеть за отчётный период 13' is: '357 293 498'

29-01-2025T02:45:57 - [MESSAGE][PASSED] - Text of object 'Object Repository/Выполнение бизнес-плана/Выполнение бизнес-плана Балансы/Значения со страницы Выполнение бизнес-плана/Table Data/Факт Отпуск в сеть за отчётный период 13' is: '357 293 498'

29-01-2025T02:45:57 - [TEST_STEP][PASSED] - println("z=" + z): null

29-01-2025T02:45:57 - [TEST_STEP][PASSED] - x = x + "/" + z: null

29-01-2025T02:45:57 - [TEST_STEP][PASSED] - z = getText(findTestObject(path + path2 + "Факт Отпуск из сети за отчётный период " + dZONum)).replaceAll("\s+", ""): Text of object 'Object Repository/Выполнение бизнес-плана/Выполнение бизнес-плана Балансы/Значения со страницы Выполнение бизнес-плана/Table Data/Факт Отпуск из сети за отчётный период 13' is: '331 891 629'

29-01-2025T02:45:57 - [MESSAGE][PASSED] - Text of object 'Object Repository/Выполнение бизнес-плана/Выполнение бизнес-плана Балансы/Значения со страницы Выполнение бизнес-плана/Table Data/Факт Отпуск из сети за отчётный период 13' is: '331 891 629'

29-01-2025T02:45:57 - [TEST_STEP][PASSED] - x = x + "/" + z: null

29-01-2025T02:45:57 - [TEST_STEP][PASSED] - z = getText(findTestObject(path + path2 + "Факт Потери за отчётный период " + dZONum)).replaceAll("\s+", ""): Text of object 'Object Repository/Выполнение бизнес-плана/Выполнение бизнес-плана Балансы/Значения со страницы Выполнение бизнес-плана/Table Data/Факт Потери за отчётный период 13' is: '25 401 870'

29-01-2025T02:45:57 - [MESSAGE][PASSED] - Text of object 'Object Repository/Выполнение бизнес-плана/Выполнение бизнес-плана Балансы/Значения со страницы Выполнение бизнес-плана/Table Data/Факт Потери за отчётный период 13' is: '25 401 870'

29-01-2025T02:45:57 - [TEST_STEP][PASSED] - x = x + "/" + z: null

29-01-2025T02:45:57 - [TEST_STEP][PASSED] - z = getText(findTestObject(path + path2 + "План Отпуск в сеть за отчётный период " + dZONum)).replaceAll("\s+", ""): Text of object 'Object Repository/Выполнение бизнес-плана/Выполнение бизнес-плана Балансы/Значения со страницы Выполнение бизнес-плана/Table Data/План Отпуск в сеть за отчётный период 13' is: '357 000 451'

29-01-2025T02:45:58 - [MESSAGE][PASSED] - Text of object 'Object Repository/Выполнение бизнес-плана/Выполнение бизнес-плана Балансы/Значения со страницы Выполнение бизнес-плана/Table Data/План Отпуск в сеть за отчётный период 13' is: '357 000 451'

29-01-2025T02:45:58 - [TEST_STEP][PASSED] - x = x + "/" + z: null

29-01-2025T02:45:58 - [TEST_STEP][PASSED] - z = getText(findTestObject(path + path2 + "План Отпуск из сети за отчётный период " + dZONum)).replaceAll("\s+", ""): Text of object 'Object Repository/Выполнение бизнес-плана/Выполнение бизнес-плана Балансы/Значения со страницы Выполнение бизнес-плана/Table Data/План Отпуск из сети за отчётный период 13' is: '330 643 574'

29-01-2025T02:45:58 - [MESSAGE][PASSED] - Text of object 'Object Repository/Выполнение бизнес-плана/Выполнение бизнес-плана Балансы/Значения со страницы Выполнение бизнес-плана/Table Data/План Отпуск из сети за отчётный период 13' is: '330 643 574'

29-01-2025T02:45:58 - [TEST_STEP][PASSED] - x = x + "/" + z: null

29-01-2025T02:45:58 - [TEST_STEP][PASSED] - z = getText(findTestObject(path + path2 + "План Потери за отчётный период " + dZONum)).replaceAll("\s+", ""): Text of object 'Object Repository/Выполнение бизнес-плана/Выполнение бизнес-плана Балансы/Значения со страницы Выполнение бизнес-плана/Table Data/План Потери за отчётный период 13' is: '26 356 877'

29-01-2025T02:45:58 - [MESSAGE][PASSED] - Text of object 'Object Repository/Выполнение бизнес-плана/Выполнение бизнес-плана Балансы/Значения со страницы Выполнение бизнес-плана/Table Data/План Потери за отчётный период 13' is: '26 356 877'

29-01-2025T02:45:58 - [TEST_STEP][PASSED] - x = x + "/" + z: null

29-01-2025T02:45:58 - [TEST_STEP][PASSED] - z = getText(findTestObject(path + "Список ДЗО")).replaceAll("[\r?
|
]", "/"): Text of object 'Object Repository/Выполнение бизнес-плана/Выполнение бизнес-плана Балансы/Список ДЗО' is: '-0.18
-1.02
4.98
-0.31
-0.62
0.03
0.08
3.04
-0.18
-1.14
-0.10
-0.02
-0.28
-0.02
-0.15
-0.09
-0.79
Россети ФСКЕЭС
АО«Тываэнерго»
АО«Чеченэнерго»
Россети Волга
РоссетиКубань
РоссетиЛенэнерго(ГК)
РоссетиМосковскийрегион
РоссетиСеверныйКавказ
РоссетиСеверо-Запад
РоссетиСибирь
РоссетиТомск
РоссетиТюмень
Россети Урал(ГК)
РоссетиЦентр (ГК)
РоссетиЦентр иПриволжье(ГК)
Россети Юг(ГК)
РоссетиЯнтарь
-2
0
2
4
6
8'

29-01-2025T02:45:59 - [MESSAGE][PASSED] - Text of object 'Object Repository/Выполнение бизнес-плана/Выполнение бизнес-плана Балансы/Список ДЗО' is: '-0.18
-1.02
4.98
-0.31
-0.62
0.03
0.08
3.04
-0.18
-1.14
-0.10
-0.02
-0.28
-0.02
-0.15
-0.09
-0.79
Россети ФСКЕЭС
АО«Тываэнерго»
АО«Чеченэнерго»
Россети Волга
РоссетиКубань
РоссетиЛенэнерго(ГК)
РоссетиМосковскийрегион
РоссетиСеверныйКавказ
РоссетиСеверо-Запад
РоссетиСибирь
РоссетиТомск
РоссетиТюмень
Россети Урал(ГК)
РоссетиЦентр (ГК)
РоссетиЦентр иПриволжье(ГК)
Россети Юг(ГК)
РоссетиЯнтарь
-2
0
2
4
6
8'

29-01-2025T02:45:59 - [TEST_STEP][PASSED] - for ([ii = 1, ii < dZONum, (ii++)]): null

29-01-2025T02:45:59 - [TEST_STEP][PASSED] - i1 = z.indexOf("/") + 1: null

29-01-2025T02:45:59 - [TEST_STEP][PASSED] - if (i1 > -1): null

29-01-2025T02:45:59 - [TEST_STEP][PASSED] - z = z.substring(i1, z.length()): null

29-01-2025T02:45:59 - [TEST_STEP][PASSED] - i1 = z.indexOf("/"): null

29-01-2025T02:45:59 - [TEST_STEP][PASSED] - i1 = z.indexOf("/") + 1: null

29-01-2025T02:45:59 - [TEST_STEP][PASSED] - if (i1 > -1): null

29-01-2025T02:45:59 - [TEST_STEP][PASSED] - z = z.substring(i1, z.length()): null

29-01-2025T02:45:59 - [TEST_STEP][PASSED] - i1 = z.indexOf("/"): null

29-01-2025T02:45:59 - [TEST_STEP][PASSED] - i1 = z.indexOf("/") + 1: null

29-01-2025T02:45:59 - [TEST_STEP][PASSED] - if (i1 > -1): null

29-01-2025T02:45:59 - [TEST_STEP][PASSED] - z = z.substring(i1, z.length()): null

29-01-2025T02:45:59 - [TEST_STEP][PASSED] - i1 = z.indexOf("/"): null

29-01-2025T02:45:59 - [TEST_STEP][PASSED] - i1 = z.indexOf("/") + 1: null

29-01-2025T02:45:59 - [TEST_STEP][PASSED] - if (i1 > -1): null

29-01-2025T02:45:59 - [TEST_STEP][PASSED] - z = z.substring(i1, z.length()): null

29-01-2025T02:45:59 - [TEST_STEP][PASSED] - i1 = z.indexOf("/"): null

29-01-2025T02:45:59 - [TEST_STEP][PASSED] - i1 = z.indexOf("/") + 1: null

29-01-2025T02:45:59 - [TEST_STEP][PASSED] - if (i1 > -1): null

29-01-2025T02:45:59 - [TEST_STEP][PASSED] - z = z.substring(i1, z.length()): null

29-01-2025T02:45:59 - [TEST_STEP][PASSED] - i1 = z.indexOf("/"): null

29-01-2025T02:45:59 - [TEST_STEP][PASSED] - i1 = z.indexOf("/") + 1: null

29-01-2025T02:45:59 - [TEST_STEP][PASSED] - if (i1 > -1): null

29-01-2025T02:45:59 - [TEST_STEP][PASSED] - z = z.substring(i1, z.length()): null

29-01-2025T02:45:59 - [TEST_STEP][PASSED] - i1 = z.indexOf("/"): null

29-01-2025T02:45:59 - [TEST_STEP][PASSED] - i1 = z.indexOf("/") + 1: null

29-01-2025T02:45:59 - [TEST_STEP][PASSED] - if (i1 > -1): null

29-01-2025T02:45:59 - [TEST_STEP][PASSED] - z = z.substring(i1, z.length()): null

29-01-2025T02:45:59 - [TEST_STEP][PASSED] - i1 = z.indexOf("/"): null

29-01-2025T02:45:59 - [TEST_STEP][PASSED] - i1 = z.indexOf("/") + 1: null

29-01-2025T02:45:59 - [TEST_STEP][PASSED] - if (i1 > -1): null

29-01-2025T02:45:59 - [TEST_STEP][PASSED] - z = z.substring(i1, z.length()): null

29-01-2025T02:45:59 - [TEST_STEP][PASSED] - i1 = z.indexOf("/"): null

29-01-2025T02:45:59 - [TEST_STEP][PASSED] - i1 = z.indexOf("/") + 1: null

29-01-2025T02:45:59 - [TEST_STEP][PASSED] - if (i1 > -1): null

29-01-2025T02:45:59 - [TEST_STEP][PASSED] - z = z.substring(i1, z.length()): null

29-01-2025T02:45:59 - [TEST_STEP][PASSED] - i1 = z.indexOf("/"): null

29-01-2025T02:45:59 - [TEST_STEP][PASSED] - i1 = z.indexOf("/") + 1: null

29-01-2025T02:45:59 - [TEST_STEP][PASSED] - if (i1 > -1): null

29-01-2025T02:45:59 - [TEST_STEP][PASSED] - z = z.substring(i1, z.length()): null

29-01-2025T02:45:59 - [TEST_STEP][PASSED] - i1 = z.indexOf("/"): null

29-01-2025T02:45:59 - [TEST_STEP][PASSED] - i1 = z.indexOf("/") + 1: null

29-01-2025T02:45:59 - [TEST_STEP][PASSED] - if (i1 > -1): null

29-01-2025T02:45:59 - [TEST_STEP][PASSED] - z = z.substring(i1, z.length()): null

29-01-2025T02:45:59 - [TEST_STEP][PASSED] - i1 = z.indexOf("/"): null

29-01-2025T02:45:59 - [TEST_STEP][PASSED] - i1 = z.indexOf("/") + 1: null

29-01-2025T02:45:59 - [TEST_STEP][PASSED] - if (i1 > -1): null

29-01-2025T02:45:59 - [TEST_STEP][PASSED] - z = z.substring(i1, z.length()): null

29-01-2025T02:45:59 - [TEST_STEP][PASSED] - i1 = z.indexOf("/"): null

29-01-2025T02:45:59 - [TEST_STEP][PASSED] - i1 = z.indexOf("/"): null

29-01-2025T02:45:59 - [TEST_STEP][PASSED] - if (i1 > -1): null

29-01-2025T02:45:59 - [TEST_STEP][PASSED] - z = z.substring(0, i1): null

29-01-2025T02:45:59 - [TEST_STEP][PASSED] - z = z.replace(",", "."): null

29-01-2025T02:45:59 - [TEST_STEP][PASSED] - println(z): null

29-01-2025T02:45:59 - [TEST_STEP][PASSED] - x = x + "/" + z: null

29-01-2025T02:45:59 - [TEST_STEP][PASSED] - x = x.replaceAll("[\r?
|
]", ""): null

29-01-2025T02:45:59 - [TEST_STEP][PASSED] - println("x =" + x): null

29-01-2025T02:45:59 - [TEST_STEP][PASSED] - return x: null

29-01-2025T02:45:59 - [TEST_STEP][PASSED] - println("urB: " + urB): null

29-01-2025T02:45:59 - [TEST_STEP][PASSED] - i = VseDZO.indexOf("Центр"): null

29-01-2025T02:45:59 - [TEST_STEP][PASSED] - if (i > -1): null

29-01-2025T02:45:59 - [TEST_STEP][PASSED] - dZONum = dZONum + 1: null

29-01-2025T02:45:59 - [TEST_STEP][PASSED] - cenB = GetAllData(path, dZONum, VseDZO, x = "Россети Центр (ГК)/"): null

29-01-2025T02:45:59 - [TEST_STEP][PASSED] - ii = <not implemented yet for class: org.codehaus.groovy.ast.expr.EmptyExpression>: null

29-01-2025T02:45:59 - [TEST_STEP][PASSED] - i1 = <not implemented yet for class: org.codehaus.groovy.ast.expr.EmptyExpression>: null

29-01-2025T02:45:59 - [TEST_STEP][PASSED] - z = <not implemented yet for class: org.codehaus.groovy.ast.expr.EmptyExpression>: null

29-01-2025T02:45:59 - [TEST_STEP][PASSED] - path2 = "Значения со страницы Выполнение бизнес-плана/Table Data/": null

29-01-2025T02:45:59 - [TEST_STEP][PASSED] - println("path: " + path): null

29-01-2025T02:45:59 - [TEST_STEP][PASSED] - println("dZONum: " + dZONum): null

29-01-2025T02:45:59 - [TEST_STEP][PASSED] - z = getText(findTestObject(path + "spanPlan" + dZONum)): Text of object 'Object Repository/Выполнение бизнес-плана/Выполнение бизнес-плана Балансы/spanPlan14' is: '10.19
|'

29-01-2025T02:45:59 - [MESSAGE][PASSED] - Text of object 'Object Repository/Выполнение бизнес-плана/Выполнение бизнес-плана Балансы/spanPlan14' is: '10.19
|'

29-01-2025T02:45:59 - [TEST_STEP][PASSED] - println(z): null

29-01-2025T02:45:59 - [TEST_STEP][PASSED] - ii = z.indexOf("|"): null

29-01-2025T02:45:59 - [TEST_STEP][PASSED] - if (ii > -1): null

29-01-2025T02:45:59 - [TEST_STEP][PASSED] - z = z.substring(0, z.length() - 1): null

29-01-2025T02:45:59 - [TEST_STEP][PASSED] - println(z): null

29-01-2025T02:45:59 - [TEST_STEP][PASSED] - z = z.replaceAll("\s+", ""): null

29-01-2025T02:45:59 - [TEST_STEP][PASSED] - z = z.replace("[\r?
|
]", "/"): null

29-01-2025T02:45:59 - [TEST_STEP][PASSED] - println(z): null

29-01-2025T02:45:59 - [TEST_STEP][PASSED] - x = x + z: null

29-01-2025T02:45:59 - [TEST_STEP][PASSED] - z = getText(findTestObject(path + "spanFact" + dZONum)): Text of object 'Object Repository/Выполнение бизнес-плана/Выполнение бизнес-плана Балансы/spanFact14' is: '10.16'

29-01-2025T02:45:59 - [MESSAGE][PASSED] - Text of object 'Object Repository/Выполнение бизнес-плана/Выполнение бизнес-плана Балансы/spanFact14' is: '10.16'

29-01-2025T02:45:59 - [TEST_STEP][PASSED] - ii = z.indexOf("|"): null

29-01-2025T02:45:59 - [TEST_STEP][PASSED] - if (ii > -1): null

29-01-2025T02:45:59 - [TEST_STEP][PASSED] - x = x + "/" + z: null

29-01-2025T02:45:59 - [TEST_STEP][PASSED] - z = getText(findTestObject(path + path2 + "Факт Отпуск в сеть за отчётный период " + dZONum)).replaceAll("\s+", ""): Text of object 'Object Repository/Выполнение бизнес-плана/Выполнение бизнес-плана Балансы/Значения со страницы Выполнение бизнес-плана/Table Data/Факт Отпуск в сеть за отчётный период 14' is: '273 075 832'

29-01-2025T02:45:59 - [MESSAGE][PASSED] - Text of object 'Object Repository/Выполнение бизнес-плана/Выполнение бизнес-плана Балансы/Значения со страницы Выполнение бизнес-плана/Table Data/Факт Отпуск в сеть за отчётный период 14' is: '273 075 832'

29-01-2025T02:45:59 - [TEST_STEP][PASSED] - println("z=" + z): null

29-01-2025T02:45:59 - [TEST_STEP][PASSED] - x = x + "/" + z: null

29-01-2025T02:45:59 - [TEST_STEP][PASSED] - z = getText(findTestObject(path + path2 + "Факт Отпуск из сети за отчётный период " + dZONum)).replaceAll("\s+", ""): Text of object 'Object Repository/Выполнение бизнес-плана/Выполнение бизнес-плана Балансы/Значения со страницы Выполнение бизнес-плана/Table Data/Факт Отпуск из сети за отчётный период 14' is: '245 617 948'

29-01-2025T02:46:00 - [MESSAGE][PASSED] - Text of object 'Object Repository/Выполнение бизнес-плана/Выполнение бизнес-плана Балансы/Значения со страницы Выполнение бизнес-плана/Table Data/Факт Отпуск из сети за отчётный период 14' is: '245 617 948'

29-01-2025T02:46:00 - [TEST_STEP][PASSED] - x = x + "/" + z: null

29-01-2025T02:46:00 - [TEST_STEP][PASSED] - z = getText(findTestObject(path + path2 + "Факт Потери за отчётный период " + dZONum)).replaceAll("\s+", ""): Text of object 'Object Repository/Выполнение бизнес-плана/Выполнение бизнес-плана Балансы/Значения со страницы Выполнение бизнес-плана/Table Data/Факт Потери за отчётный период 14' is: '27 457 262'

29-01-2025T02:46:00 - [MESSAGE][PASSED] - Text of object 'Object Repository/Выполнение бизнес-плана/Выполнение бизнес-плана Балансы/Значения со страницы Выполнение бизнес-плана/Table Data/Факт Потери за отчётный период 14' is: '27 457 262'

29-01-2025T02:46:00 - [TEST_STEP][PASSED] - x = x + "/" + z: null

29-01-2025T02:46:00 - [TEST_STEP][PASSED] - z = getText(findTestObject(path + path2 + "План Отпуск в сеть за отчётный период " + dZONum)).replaceAll("\s+", ""): Text of object 'Object Repository/Выполнение бизнес-плана/Выполнение бизнес-плана Балансы/Значения со страницы Выполнение бизнес-плана/Table Data/План Отпуск в сеть за отчётный период 14' is: '270 269 023'

29-01-2025T02:46:00 - [MESSAGE][PASSED] - Text of object 'Object Repository/Выполнение бизнес-плана/Выполнение бизнес-плана Балансы/Значения со страницы Выполнение бизнес-плана/Table Data/План Отпуск в сеть за отчётный период 14' is: '270 269 023'

29-01-2025T02:46:00 - [TEST_STEP][PASSED] - x = x + "/" + z: null

29-01-2025T02:46:00 - [TEST_STEP][PASSED] - z = getText(findTestObject(path + path2 + "План Отпуск из сети за отчётный период " + dZONum)).replaceAll("\s+", ""): Text of object 'Object Repository/Выполнение бизнес-плана/Выполнение бизнес-плана Балансы/Значения со страницы Выполнение бизнес-плана/Table Data/План Отпуск из сети за отчётный период 14' is: '242 807 418'

29-01-2025T02:46:01 - [MESSAGE][PASSED] - Text of object 'Object Repository/Выполнение бизнес-плана/Выполнение бизнес-плана Балансы/Значения со страницы Выполнение бизнес-плана/Table Data/План Отпуск из сети за отчётный период 14' is: '242 807 418'

29-01-2025T02:46:01 - [TEST_STEP][PASSED] - x = x + "/" + z: null

29-01-2025T02:46:01 - [TEST_STEP][PASSED] - z = getText(findTestObject(path + path2 + "План Потери за отчётный период " + dZONum)).replaceAll("\s+", ""): Text of object 'Object Repository/Выполнение бизнес-плана/Выполнение бизнес-плана Балансы/Значения со страницы Выполнение бизнес-плана/Table Data/План Потери за отчётный период 14' is: '27 461 605'

29-01-2025T02:46:01 - [MESSAGE][PASSED] - Text of object 'Object Repository/Выполнение бизнес-плана/Выполнение бизнес-плана Балансы/Значения со страницы Выполнение бизнес-плана/Table Data/План Потери за отчётный период 14' is: '27 461 605'

29-01-2025T02:46:01 - [TEST_STEP][PASSED] - x = x + "/" + z: null

29-01-2025T02:46:01 - [TEST_STEP][PASSED] - z = getText(findTestObject(path + "Список ДЗО")).replaceAll("[\r?
|
]", "/"): Text of object 'Object Repository/Выполнение бизнес-плана/Выполнение бизнес-плана Балансы/Список ДЗО' is: '-0.18
-1.02
4.98
-0.31
-0.62
0.03
0.08
3.04
-0.18
-1.14
-0.10
-0.02
-0.28
-0.02
-0.15
-0.09
-0.79
Россети ФСКЕЭС
АО«Тываэнерго»
АО«Чеченэнерго»
Россети Волга
РоссетиКубань
РоссетиЛенэнерго(ГК)
РоссетиМосковскийрегион
РоссетиСеверныйКавказ
РоссетиСеверо-Запад
РоссетиСибирь
РоссетиТомск
РоссетиТюмень
Россети Урал(ГК)
РоссетиЦентр (ГК)
РоссетиЦентр иПриволжье(ГК)
Россети Юг(ГК)
РоссетиЯнтарь
-2
0
2
4
6
8'

29-01-2025T02:46:01 - [MESSAGE][PASSED] - Text of object 'Object Repository/Выполнение бизнес-плана/Выполнение бизнес-плана Балансы/Список ДЗО' is: '-0.18
-1.02
4.98
-0.31
-0.62
0.03
0.08
3.04
-0.18
-1.14
-0.10
-0.02
-0.28
-0.02
-0.15
-0.09
-0.79
Россети ФСКЕЭС
АО«Тываэнерго»
АО«Чеченэнерго»
Россети Волга
РоссетиКубань
РоссетиЛенэнерго(ГК)
РоссетиМосковскийрегион
РоссетиСеверныйКавказ
РоссетиСеверо-Запад
РоссетиСибирь
РоссетиТомск
РоссетиТюмень
Россети Урал(ГК)
РоссетиЦентр (ГК)
РоссетиЦентр иПриволжье(ГК)
Россети Юг(ГК)
РоссетиЯнтарь
-2
0
2
4
6
8'

29-01-2025T02:46:01 - [TEST_STEP][PASSED] - for ([ii = 1, ii < dZONum, (ii++)]): null

29-01-2025T02:46:01 - [TEST_STEP][PASSED] - i1 = z.indexOf("/") + 1: null

29-01-2025T02:46:01 - [TEST_STEP][PASSED] - if (i1 > -1): null

29-01-2025T02:46:01 - [TEST_STEP][PASSED] - z = z.substring(i1, z.length()): null

29-01-2025T02:46:01 - [TEST_STEP][PASSED] - i1 = z.indexOf("/"): null

29-01-2025T02:46:01 - [TEST_STEP][PASSED] - i1 = z.indexOf("/") + 1: null

29-01-2025T02:46:01 - [TEST_STEP][PASSED] - if (i1 > -1): null

29-01-2025T02:46:01 - [TEST_STEP][PASSED] - z = z.substring(i1, z.length()): null

29-01-2025T02:46:01 - [TEST_STEP][PASSED] - i1 = z.indexOf("/"): null

29-01-2025T02:46:01 - [TEST_STEP][PASSED] - i1 = z.indexOf("/") + 1: null

29-01-2025T02:46:01 - [TEST_STEP][PASSED] - if (i1 > -1): null

29-01-2025T02:46:01 - [TEST_STEP][PASSED] - z = z.substring(i1, z.length()): null

29-01-2025T02:46:01 - [TEST_STEP][PASSED] - i1 = z.indexOf("/"): null

29-01-2025T02:46:01 - [TEST_STEP][PASSED] - i1 = z.indexOf("/") + 1: null

29-01-2025T02:46:01 - [TEST_STEP][PASSED] - if (i1 > -1): null

29-01-2025T02:46:01 - [TEST_STEP][PASSED] - z = z.substring(i1, z.length()): null

29-01-2025T02:46:01 - [TEST_STEP][PASSED] - i1 = z.indexOf("/"): null

29-01-2025T02:46:01 - [TEST_STEP][PASSED] - i1 = z.indexOf("/") + 1: null

29-01-2025T02:46:01 - [TEST_STEP][PASSED] - if (i1 > -1): null

29-01-2025T02:46:01 - [TEST_STEP][PASSED] - z = z.substring(i1, z.length()): null

29-01-2025T02:46:01 - [TEST_STEP][PASSED] - i1 = z.indexOf("/"): null

29-01-2025T02:46:01 - [TEST_STEP][PASSED] - i1 = z.indexOf("/") + 1: null

29-01-2025T02:46:01 - [TEST_STEP][PASSED] - if (i1 > -1): null

29-01-2025T02:46:01 - [TEST_STEP][PASSED] - z = z.substring(i1, z.length()): null

29-01-2025T02:46:01 - [TEST_STEP][PASSED] - i1 = z.indexOf("/"): null

29-01-2025T02:46:01 - [TEST_STEP][PASSED] - i1 = z.indexOf("/") + 1: null

29-01-2025T02:46:01 - [TEST_STEP][PASSED] - if (i1 > -1): null

29-01-2025T02:46:01 - [TEST_STEP][PASSED] - z = z.substring(i1, z.length()): null

29-01-2025T02:46:01 - [TEST_STEP][PASSED] - i1 = z.indexOf("/"): null

29-01-2025T02:46:01 - [TEST_STEP][PASSED] - i1 = z.indexOf("/") + 1: null

29-01-2025T02:46:01 - [TEST_STEP][PASSED] - if (i1 > -1): null

29-01-2025T02:46:01 - [TEST_STEP][PASSED] - z = z.substring(i1, z.length()): null

29-01-2025T02:46:01 - [TEST_STEP][PASSED] - i1 = z.indexOf("/"): null

29-01-2025T02:46:01 - [TEST_STEP][PASSED] - i1 = z.indexOf("/") + 1: null

29-01-2025T02:46:01 - [TEST_STEP][PASSED] - if (i1 > -1): null

29-01-2025T02:46:01 - [TEST_STEP][PASSED] - z = z.substring(i1, z.length()): null

29-01-2025T02:46:01 - [TEST_STEP][PASSED] - i1 = z.indexOf("/"): null

29-01-2025T02:46:01 - [TEST_STEP][PASSED] - i1 = z.indexOf("/") + 1: null

29-01-2025T02:46:01 - [TEST_STEP][PASSED] - if (i1 > -1): null

29-01-2025T02:46:01 - [TEST_STEP][PASSED] - z = z.substring(i1, z.length()): null

29-01-2025T02:46:01 - [TEST_STEP][PASSED] - i1 = z.indexOf("/"): null

29-01-2025T02:46:01 - [TEST_STEP][PASSED] - i1 = z.indexOf("/") + 1: null

29-01-2025T02:46:01 - [TEST_STEP][PASSED] - if (i1 > -1): null

29-01-2025T02:46:01 - [TEST_STEP][PASSED] - z = z.substring(i1, z.length()): null

29-01-2025T02:46:01 - [TEST_STEP][PASSED] - i1 = z.indexOf("/"): null

29-01-2025T02:46:01 - [TEST_STEP][PASSED] - i1 = z.indexOf("/") + 1: null

29-01-2025T02:46:01 - [TEST_STEP][PASSED] - if (i1 > -1): null

29-01-2025T02:46:01 - [TEST_STEP][PASSED] - z = z.substring(i1, z.length()): null

29-01-2025T02:46:01 - [TEST_STEP][PASSED] - i1 = z.indexOf("/"): null

29-01-2025T02:46:01 - [TEST_STEP][PASSED] - i1 = z.indexOf("/") + 1: null

29-01-2025T02:46:01 - [TEST_STEP][PASSED] - if (i1 > -1): null

29-01-2025T02:46:01 - [TEST_STEP][PASSED] - z = z.substring(i1, z.length()): null

29-01-2025T02:46:01 - [TEST_STEP][PASSED] - i1 = z.indexOf("/"): null

29-01-2025T02:46:01 - [TEST_STEP][PASSED] - i1 = z.indexOf("/"): null

29-01-2025T02:46:01 - [TEST_STEP][PASSED] - if (i1 > -1): null

29-01-2025T02:46:01 - [TEST_STEP][PASSED] - z = z.substring(0, i1): null

29-01-2025T02:46:01 - [TEST_STEP][PASSED] - z = z.replace(",", "."): null

29-01-2025T02:46:01 - [TEST_STEP][PASSED] - println(z): null

29-01-2025T02:46:01 - [TEST_STEP][PASSED] - x = x + "/" + z: null

29-01-2025T02:46:01 - [TEST_STEP][PASSED] - x = x.replaceAll("[\r?
|
]", ""): null

29-01-2025T02:46:01 - [TEST_STEP][PASSED] - println("x =" + x): null

29-01-2025T02:46:01 - [TEST_STEP][PASSED] - return x: null

29-01-2025T02:46:01 - [TEST_STEP][PASSED] - println("cenB: " + cenB): null

29-01-2025T02:46:01 - [TEST_STEP][PASSED] - i = VseDZO.indexOf("Приволжье"): null

29-01-2025T02:46:01 - [TEST_STEP][PASSED] - if (i > -1): null

29-01-2025T02:46:01 - [TEST_STEP][PASSED] - dZONum = dZONum + 1: null

29-01-2025T02:46:01 - [TEST_STEP][PASSED] - cIPB = GetAllData(path, dZONum, VseDZO, x = "Россети Центр и Приволжье (ГК)/"): null

29-01-2025T02:46:01 - [TEST_STEP][PASSED] - ii = <not implemented yet for class: org.codehaus.groovy.ast.expr.EmptyExpression>: null

29-01-2025T02:46:01 - [TEST_STEP][PASSED] - i1 = <not implemented yet for class: org.codehaus.groovy.ast.expr.EmptyExpression>: null

29-01-2025T02:46:01 - [TEST_STEP][PASSED] - z = <not implemented yet for class: org.codehaus.groovy.ast.expr.EmptyExpression>: null

29-01-2025T02:46:01 - [TEST_STEP][PASSED] - path2 = "Значения со страницы Выполнение бизнес-плана/Table Data/": null

29-01-2025T02:46:01 - [TEST_STEP][PASSED] - println("path: " + path): null

29-01-2025T02:46:01 - [TEST_STEP][PASSED] - println("dZONum: " + dZONum): null

29-01-2025T02:46:01 - [TEST_STEP][PASSED] - z = getText(findTestObject(path + "spanPlan" + dZONum)): Text of object 'Object Repository/Выполнение бизнес-плана/Выполнение бизнес-плана Балансы/spanPlan15' is: '7.89
|'

29-01-2025T02:46:02 - [MESSAGE][PASSED] - Text of object 'Object Repository/Выполнение бизнес-плана/Выполнение бизнес-плана Балансы/spanPlan15' is: '7.89
|'

29-01-2025T02:46:02 - [TEST_STEP][PASSED] - println(z): null

29-01-2025T02:46:02 - [TEST_STEP][PASSED] - ii = z.indexOf("|"): null

29-01-2025T02:46:02 - [TEST_STEP][PASSED] - if (ii > -1): null

29-01-2025T02:46:02 - [TEST_STEP][PASSED] - z = z.substring(0, z.length() - 1): null

29-01-2025T02:46:02 - [TEST_STEP][PASSED] - println(z): null

29-01-2025T02:46:02 - [TEST_STEP][PASSED] - z = z.replaceAll("\s+", ""): null

29-01-2025T02:46:02 - [TEST_STEP][PASSED] - z = z.replace("[\r?
|
]", "/"): null

29-01-2025T02:46:02 - [TEST_STEP][PASSED] - println(z): null

29-01-2025T02:46:02 - [TEST_STEP][PASSED] - x = x + z: null

29-01-2025T02:46:02 - [TEST_STEP][PASSED] - z = getText(findTestObject(path + "spanFact" + dZONum)): Text of object 'Object Repository/Выполнение бизнес-плана/Выполнение бизнес-плана Балансы/spanFact15' is: '7.74'

29-01-2025T02:46:02 - [MESSAGE][PASSED] - Text of object 'Object Repository/Выполнение бизнес-плана/Выполнение бизнес-плана Балансы/spanFact15' is: '7.74'

29-01-2025T02:46:02 - [TEST_STEP][PASSED] - ii = z.indexOf("|"): null

29-01-2025T02:46:02 - [TEST_STEP][PASSED] - if (ii > -1): null

29-01-2025T02:46:02 - [TEST_STEP][PASSED] - x = x + "/" + z: null

29-01-2025T02:46:02 - [TEST_STEP][PASSED] - z = getText(findTestObject(path + path2 + "Факт Отпуск в сеть за отчётный период " + dZONum)).replaceAll("\s+", ""): Text of object 'Object Repository/Выполнение бизнес-плана/Выполнение бизнес-плана Балансы/Значения со страницы Выполнение бизнес-плана/Table Data/Факт Отпуск в сеть за отчётный период 15' is: '267 284 817'

29-01-2025T02:46:02 - [MESSAGE][PASSED] - Text of object 'Object Repository/Выполнение бизнес-плана/Выполнение бизнес-плана Балансы/Значения со страницы Выполнение бизнес-плана/Table Data/Факт Отпуск в сеть за отчётный период 15' is: '267 284 817'

29-01-2025T02:46:02 - [TEST_STEP][PASSED] - println("z=" + z): null

29-01-2025T02:46:02 - [TEST_STEP][PASSED] - x = x + "/" + z: null

29-01-2025T02:46:02 - [TEST_STEP][PASSED] - z = getText(findTestObject(path + path2 + "Факт Отпуск из сети за отчётный период " + dZONum)).replaceAll("\s+", ""): Text of object 'Object Repository/Выполнение бизнес-плана/Выполнение бизнес-плана Балансы/Значения со страницы Выполнение бизнес-плана/Table Data/Факт Отпуск из сети за отчётный период 15' is: '246 431 065'

29-01-2025T02:46:03 - [MESSAGE][PASSED] - Text of object 'Object Repository/Выполнение бизнес-плана/Выполнение бизнес-плана Балансы/Значения со страницы Выполнение бизнес-плана/Table Data/Факт Отпуск из сети за отчётный период 15' is: '246 431 065'

29-01-2025T02:46:03 - [TEST_STEP][PASSED] - x = x + "/" + z: null

29-01-2025T02:46:03 - [TEST_STEP][PASSED] - z = getText(findTestObject(path + path2 + "Факт Потери за отчётный период " + dZONum)).replaceAll("\s+", ""): Text of object 'Object Repository/Выполнение бизнес-плана/Выполнение бизнес-плана Балансы/Значения со страницы Выполнение бизнес-плана/Table Data/Факт Потери за отчётный период 15' is: '20 853 752'

29-01-2025T02:46:03 - [MESSAGE][PASSED] - Text of object 'Object Repository/Выполнение бизнес-плана/Выполнение бизнес-плана Балансы/Значения со страницы Выполнение бизнес-плана/Table Data/Факт Потери за отчётный период 15' is: '20 853 752'

29-01-2025T02:46:03 - [TEST_STEP][PASSED] - x = x + "/" + z: null

29-01-2025T02:46:03 - [TEST_STEP][PASSED] - z = getText(findTestObject(path + path2 + "План Отпуск в сеть за отчётный период " + dZONum)).replaceAll("\s+", ""): Text of object 'Object Repository/Выполнение бизнес-плана/Выполнение бизнес-плана Балансы/Значения со страницы Выполнение бизнес-плана/Table Data/План Отпуск в сеть за отчётный период 15' is: '264 162 788'

29-01-2025T02:46:03 - [MESSAGE][PASSED] - Text of object 'Object Repository/Выполнение бизнес-плана/Выполнение бизнес-плана Балансы/Значения со страницы Выполнение бизнес-плана/Table Data/План Отпуск в сеть за отчётный период 15' is: '264 162 788'

29-01-2025T02:46:03 - [TEST_STEP][PASSED] - x = x + "/" + z: null

29-01-2025T02:46:03 - [TEST_STEP][PASSED] - z = getText(findTestObject(path + path2 + "План Отпуск из сети за отчётный период " + dZONum)).replaceAll("\s+", ""): Text of object 'Object Repository/Выполнение бизнес-плана/Выполнение бизнес-плана Балансы/Значения со страницы Выполнение бизнес-плана/Table Data/План Отпуск из сети за отчётный период 15' is: '243 046 452'

29-01-2025T02:46:03 - [MESSAGE][PASSED] - Text of object 'Object Repository/Выполнение бизнес-плана/Выполнение бизнес-плана Балансы/Значения со страницы Выполнение бизнес-плана/Table Data/План Отпуск из сети за отчётный период 15' is: '243 046 452'

29-01-2025T02:46:03 - [TEST_STEP][PASSED] - x = x + "/" + z: null

29-01-2025T02:46:03 - [TEST_STEP][PASSED] - z = getText(findTestObject(path + path2 + "План Потери за отчётный период " + dZONum)).replaceAll("\s+", ""): Text of object 'Object Repository/Выполнение бизнес-плана/Выполнение бизнес-плана Балансы/Значения со страницы Выполнение бизнес-плана/Table Data/План Потери за отчётный период 15' is: '21 116 336'

29-01-2025T02:46:04 - [MESSAGE][PASSED] - Text of object 'Object Repository/Выполнение бизнес-плана/Выполнение бизнес-плана Балансы/Значения со страницы Выполнение бизнес-плана/Table Data/План Потери за отчётный период 15' is: '21 116 336'

29-01-2025T02:46:04 - [TEST_STEP][PASSED] - x = x + "/" + z: null

29-01-2025T02:46:04 - [TEST_STEP][PASSED] - z = getText(findTestObject(path + "Список ДЗО")).replaceAll("[\r?
|
]", "/"): Text of object 'Object Repository/Выполнение бизнес-плана/Выполнение бизнес-плана Балансы/Список ДЗО' is: '-0.18
-1.02
4.98
-0.31
-0.62
0.03
0.08
3.04
-0.18
-1.14
-0.10
-0.02
-0.28
-0.02
-0.15
-0.09
-0.79
Россети ФСКЕЭС
АО«Тываэнерго»
АО«Чеченэнерго»
Россети Волга
РоссетиКубань
РоссетиЛенэнерго(ГК)
РоссетиМосковскийрегион
РоссетиСеверныйКавказ
РоссетиСеверо-Запад
РоссетиСибирь
РоссетиТомск
РоссетиТюмень
Россети Урал(ГК)
РоссетиЦентр (ГК)
РоссетиЦентр иПриволжье(ГК)
Россети Юг(ГК)
РоссетиЯнтарь
-2
0
2
4
6
8'

29-01-2025T02:46:04 - [MESSAGE][PASSED] - Text of object 'Object Repository/Выполнение бизнес-плана/Выполнение бизнес-плана Балансы/Список ДЗО' is: '-0.18
-1.02
4.98
-0.31
-0.62
0.03
0.08
3.04
-0.18
-1.14
-0.10
-0.02
-0.28
-0.02
-0.15
-0.09
-0.79
Россети ФСКЕЭС
АО«Тываэнерго»
АО«Чеченэнерго»
Россети Волга
РоссетиКубань
РоссетиЛенэнерго(ГК)
РоссетиМосковскийрегион
РоссетиСеверныйКавказ
РоссетиСеверо-Запад
РоссетиСибирь
РоссетиТомск
РоссетиТюмень
Россети Урал(ГК)
РоссетиЦентр (ГК)
РоссетиЦентр иПриволжье(ГК)
Россети Юг(ГК)
РоссетиЯнтарь
-2
0
2
4
6
8'

29-01-2025T02:46:04 - [TEST_STEP][PASSED] - for ([ii = 1, ii < dZONum, (ii++)]): null

29-01-2025T02:46:04 - [TEST_STEP][PASSED] - i1 = z.indexOf("/") + 1: null

29-01-2025T02:46:04 - [TEST_STEP][PASSED] - if (i1 > -1): null

29-01-2025T02:46:04 - [TEST_STEP][PASSED] - z = z.substring(i1, z.length()): null

29-01-2025T02:46:04 - [TEST_STEP][PASSED] - i1 = z.indexOf("/"): null

29-01-2025T02:46:04 - [TEST_STEP][PASSED] - i1 = z.indexOf("/") + 1: null

29-01-2025T02:46:04 - [TEST_STEP][PASSED] - if (i1 > -1): null

29-01-2025T02:46:04 - [TEST_STEP][PASSED] - z = z.substring(i1, z.length()): null

29-01-2025T02:46:04 - [TEST_STEP][PASSED] - i1 = z.indexOf("/"): null

29-01-2025T02:46:04 - [TEST_STEP][PASSED] - i1 = z.indexOf("/") + 1: null

29-01-2025T02:46:04 - [TEST_STEP][PASSED] - if (i1 > -1): null

29-01-2025T02:46:04 - [TEST_STEP][PASSED] - z = z.substring(i1, z.length()): null

29-01-2025T02:46:04 - [TEST_STEP][PASSED] - i1 = z.indexOf("/"): null

29-01-2025T02:46:04 - [TEST_STEP][PASSED] - i1 = z.indexOf("/") + 1: null

29-01-2025T02:46:04 - [TEST_STEP][PASSED] - if (i1 > -1): null

29-01-2025T02:46:04 - [TEST_STEP][PASSED] - z = z.substring(i1, z.length()): null

29-01-2025T02:46:04 - [TEST_STEP][PASSED] - i1 = z.indexOf("/"): null

29-01-2025T02:46:04 - [TEST_STEP][PASSED] - i1 = z.indexOf("/") + 1: null

29-01-2025T02:46:04 - [TEST_STEP][PASSED] - if (i1 > -1): null

29-01-2025T02:46:04 - [TEST_STEP][PASSED] - z = z.substring(i1, z.length()): null

29-01-2025T02:46:04 - [TEST_STEP][PASSED] - i1 = z.indexOf("/"): null

29-01-2025T02:46:04 - [TEST_STEP][PASSED] - i1 = z.indexOf("/") + 1: null

29-01-2025T02:46:04 - [TEST_STEP][PASSED] - if (i1 > -1): null

29-01-2025T02:46:04 - [TEST_STEP][PASSED] - z = z.substring(i1, z.length()): null

29-01-2025T02:46:04 - [TEST_STEP][PASSED] - i1 = z.indexOf("/"): null

29-01-2025T02:46:04 - [TEST_STEP][PASSED] - i1 = z.indexOf("/") + 1: null

29-01-2025T02:46:04 - [TEST_STEP][PASSED] - if (i1 > -1): null

29-01-2025T02:46:04 - [TEST_STEP][PASSED] - z = z.substring(i1, z.length()): null

29-01-2025T02:46:04 - [TEST_STEP][PASSED] - i1 = z.indexOf("/"): null

29-01-2025T02:46:04 - [TEST_STEP][PASSED] - i1 = z.indexOf("/") + 1: null

29-01-2025T02:46:04 - [TEST_STEP][PASSED] - if (i1 > -1): null

29-01-2025T02:46:04 - [TEST_STEP][PASSED] - z = z.substring(i1, z.length()): null

29-01-2025T02:46:04 - [TEST_STEP][PASSED] - i1 = z.indexOf("/"): null

29-01-2025T02:46:04 - [TEST_STEP][PASSED] - i1 = z.indexOf("/") + 1: null

29-01-2025T02:46:04 - [TEST_STEP][PASSED] - if (i1 > -1): null

29-01-2025T02:46:04 - [TEST_STEP][PASSED] - z = z.substring(i1, z.length()): null

29-01-2025T02:46:04 - [TEST_STEP][PASSED] - i1 = z.indexOf("/"): null

29-01-2025T02:46:04 - [TEST_STEP][PASSED] - i1 = z.indexOf("/") + 1: null

29-01-2025T02:46:04 - [TEST_STEP][PASSED] - if (i1 > -1): null

29-01-2025T02:46:04 - [TEST_STEP][PASSED] - z = z.substring(i1, z.length()): null

29-01-2025T02:46:04 - [TEST_STEP][PASSED] - i1 = z.indexOf("/"): null

29-01-2025T02:46:04 - [TEST_STEP][PASSED] - i1 = z.indexOf("/") + 1: null

29-01-2025T02:46:04 - [TEST_STEP][PASSED] - if (i1 > -1): null

29-01-2025T02:46:04 - [TEST_STEP][PASSED] - z = z.substring(i1, z.length()): null

29-01-2025T02:46:04 - [TEST_STEP][PASSED] - i1 = z.indexOf("/"): null

29-01-2025T02:46:04 - [TEST_STEP][PASSED] - i1 = z.indexOf("/") + 1: null

29-01-2025T02:46:04 - [TEST_STEP][PASSED] - if (i1 > -1): null

29-01-2025T02:46:04 - [TEST_STEP][PASSED] - z = z.substring(i1, z.length()): null

29-01-2025T02:46:04 - [TEST_STEP][PASSED] - i1 = z.indexOf("/"): null

29-01-2025T02:46:04 - [TEST_STEP][PASSED] - i1 = z.indexOf("/") + 1: null

29-01-2025T02:46:04 - [TEST_STEP][PASSED] - if (i1 > -1): null

29-01-2025T02:46:04 - [TEST_STEP][PASSED] - z = z.substring(i1, z.length()): null

29-01-2025T02:46:04 - [TEST_STEP][PASSED] - i1 = z.indexOf("/"): null

29-01-2025T02:46:04 - [TEST_STEP][PASSED] - i1 = z.indexOf("/") + 1: null

29-01-2025T02:46:04 - [TEST_STEP][PASSED] - if (i1 > -1): null

29-01-2025T02:46:04 - [TEST_STEP][PASSED] - z = z.substring(i1, z.length()): null

29-01-2025T02:46:04 - [TEST_STEP][PASSED] - i1 = z.indexOf("/"): null

29-01-2025T02:46:04 - [TEST_STEP][PASSED] - i1 = z.indexOf("/"): null

29-01-2025T02:46:04 - [TEST_STEP][PASSED] - if (i1 > -1): null

29-01-2025T02:46:04 - [TEST_STEP][PASSED] - z = z.substring(0, i1): null

29-01-2025T02:46:04 - [TEST_STEP][PASSED] - z = z.replace(",", "."): null

29-01-2025T02:46:04 - [TEST_STEP][PASSED] - println(z): null

29-01-2025T02:46:04 - [TEST_STEP][PASSED] - x = x + "/" + z: null

29-01-2025T02:46:04 - [TEST_STEP][PASSED] - x = x.replaceAll("[\r?
|
]", ""): null

29-01-2025T02:46:04 - [TEST_STEP][PASSED] - println("x =" + x): null

29-01-2025T02:46:04 - [TEST_STEP][PASSED] - return x: null

29-01-2025T02:46:04 - [TEST_STEP][PASSED] - println("cIPB: " + cIPB): null

29-01-2025T02:46:04 - [TEST_STEP][PASSED] - i = VseDZO.indexOf("Юг"): null

29-01-2025T02:46:04 - [TEST_STEP][PASSED] - if (i > -1): null

29-01-2025T02:46:04 - [TEST_STEP][PASSED] - dZONum = dZONum + 1: null

29-01-2025T02:46:04 - [TEST_STEP][PASSED] - ugB = GetAllData(path, dZONum, VseDZO, x = "Россети Юг (ГК)/"): null

29-01-2025T02:46:04 - [TEST_STEP][PASSED] - ii = <not implemented yet for class: org.codehaus.groovy.ast.expr.EmptyExpression>: null

29-01-2025T02:46:04 - [TEST_STEP][PASSED] - i1 = <not implemented yet for class: org.codehaus.groovy.ast.expr.EmptyExpression>: null

29-01-2025T02:46:04 - [TEST_STEP][PASSED] - z = <not implemented yet for class: org.codehaus.groovy.ast.expr.EmptyExpression>: null

29-01-2025T02:46:04 - [TEST_STEP][PASSED] - path2 = "Значения со страницы Выполнение бизнес-плана/Table Data/": null

29-01-2025T02:46:04 - [TEST_STEP][PASSED] - println("path: " + path): null

29-01-2025T02:46:04 - [TEST_STEP][PASSED] - println("dZONum: " + dZONum): null

29-01-2025T02:46:04 - [TEST_STEP][PASSED] - z = getText(findTestObject(path + "spanPlan" + dZONum)): Text of object 'Object Repository/Выполнение бизнес-плана/Выполнение бизнес-плана Балансы/spanPlan16' is: '9.42
|'

29-01-2025T02:46:04 - [MESSAGE][PASSED] - Text of object 'Object Repository/Выполнение бизнес-плана/Выполнение бизнес-плана Балансы/spanPlan16' is: '9.42
|'

29-01-2025T02:46:04 - [TEST_STEP][PASSED] - println(z): null

29-01-2025T02:46:04 - [TEST_STEP][PASSED] - ii = z.indexOf("|"): null

29-01-2025T02:46:04 - [TEST_STEP][PASSED] - if (ii > -1): null

29-01-2025T02:46:04 - [TEST_STEP][PASSED] - z = z.substring(0, z.length() - 1): null

29-01-2025T02:46:04 - [TEST_STEP][PASSED] - println(z): null

29-01-2025T02:46:04 - [TEST_STEP][PASSED] - z = z.replaceAll("\s+", ""): null

29-01-2025T02:46:04 - [TEST_STEP][PASSED] - z = z.replace("[\r?
|
]", "/"): null

29-01-2025T02:46:04 - [TEST_STEP][PASSED] - println(z): null

29-01-2025T02:46:04 - [TEST_STEP][PASSED] - x = x + z: null

29-01-2025T02:46:04 - [TEST_STEP][PASSED] - z = getText(findTestObject(path + "spanFact" + dZONum)): Text of object 'Object Repository/Выполнение бизнес-плана/Выполнение бизнес-плана Балансы/spanFact16' is: '9.33'

29-01-2025T02:46:05 - [MESSAGE][PASSED] - Text of object 'Object Repository/Выполнение бизнес-плана/Выполнение бизнес-плана Балансы/spanFact16' is: '9.33'

29-01-2025T02:46:05 - [TEST_STEP][PASSED] - ii = z.indexOf("|"): null

29-01-2025T02:46:05 - [TEST_STEP][PASSED] - if (ii > -1): null

29-01-2025T02:46:05 - [TEST_STEP][PASSED] - x = x + "/" + z: null

29-01-2025T02:46:05 - [TEST_STEP][PASSED] - z = getText(findTestObject(path + path2 + "Факт Отпуск в сеть за отчётный период " + dZONum)).replaceAll("\s+", ""): Text of object 'Object Repository/Выполнение бизнес-плана/Выполнение бизнес-плана Балансы/Значения со страницы Выполнение бизнес-плана/Table Data/Факт Отпуск в сеть за отчётный период 16' is: '137 594 987'

29-01-2025T02:46:05 - [MESSAGE][PASSED] - Text of object 'Object Repository/Выполнение бизнес-плана/Выполнение бизнес-плана Балансы/Значения со страницы Выполнение бизнес-плана/Table Data/Факт Отпуск в сеть за отчётный период 16' is: '137 594 987'

29-01-2025T02:46:05 - [TEST_STEP][PASSED] - println("z=" + z): null

29-01-2025T02:46:05 - [TEST_STEP][PASSED] - x = x + "/" + z: null

29-01-2025T02:46:05 - [TEST_STEP][PASSED] - z = getText(findTestObject(path + path2 + "Факт Отпуск из сети за отчётный период " + dZONum)).replaceAll("\s+", ""): Text of object 'Object Repository/Выполнение бизнес-плана/Выполнение бизнес-плана Балансы/Значения со страницы Выполнение бизнес-плана/Table Data/Факт Отпуск из сети за отчётный период 16' is: '124 685 634'

29-01-2025T02:46:05 - [MESSAGE][PASSED] - Text of object 'Object Repository/Выполнение бизнес-плана/Выполнение бизнес-плана Балансы/Значения со страницы Выполнение бизнес-плана/Table Data/Факт Отпуск из сети за отчётный период 16' is: '124 685 634'

29-01-2025T02:46:05 - [TEST_STEP][PASSED] - x = x + "/" + z: null

29-01-2025T02:46:05 - [TEST_STEP][PASSED] - z = getText(findTestObject(path + path2 + "Факт Потери за отчётный период " + dZONum)).replaceAll("\s+", ""): Text of object 'Object Repository/Выполнение бизнес-плана/Выполнение бизнес-плана Балансы/Значения со страницы Выполнение бизнес-плана/Table Data/Факт Потери за отчётный период 16' is: '12 909 353'

29-01-2025T02:46:06 - [MESSAGE][PASSED] - Text of object 'Object Repository/Выполнение бизнес-плана/Выполнение бизнес-плана Балансы/Значения со страницы Выполнение бизнес-плана/Table Data/Факт Потери за отчётный период 16' is: '12 909 353'

29-01-2025T02:46:06 - [TEST_STEP][PASSED] - x = x + "/" + z: null

29-01-2025T02:46:06 - [TEST_STEP][PASSED] - z = getText(findTestObject(path + path2 + "План Отпуск в сеть за отчётный период " + dZONum)).replaceAll("\s+", ""): Text of object 'Object Repository/Выполнение бизнес-плана/Выполнение бизнес-плана Балансы/Значения со страницы Выполнение бизнес-плана/Table Data/План Отпуск в сеть за отчётный период 16' is: '135 496 012'

29-01-2025T02:46:06 - [MESSAGE][PASSED] - Text of object 'Object Repository/Выполнение бизнес-плана/Выполнение бизнес-плана Балансы/Значения со страницы Выполнение бизнес-плана/Table Data/План Отпуск в сеть за отчётный период 16' is: '135 496 012'

29-01-2025T02:46:06 - [TEST_STEP][PASSED] - x = x + "/" + z: null

29-01-2025T02:46:06 - [TEST_STEP][PASSED] - z = getText(findTestObject(path + path2 + "План Отпуск из сети за отчётный период " + dZONum)).replaceAll("\s+", ""): Text of object 'Object Repository/Выполнение бизнес-плана/Выполнение бизнес-плана Балансы/Значения со страницы Выполнение бизнес-плана/Table Data/План Отпуск из сети за отчётный период 16' is: '122 920 340'

29-01-2025T02:46:06 - [MESSAGE][PASSED] - Text of object 'Object Repository/Выполнение бизнес-плана/Выполнение бизнес-плана Балансы/Значения со страницы Выполнение бизнес-плана/Table Data/План Отпуск из сети за отчётный период 16' is: '122 920 340'

29-01-2025T02:46:06 - [TEST_STEP][PASSED] - x = x + "/" + z: null

29-01-2025T02:46:06 - [TEST_STEP][PASSED] - z = getText(findTestObject(path + path2 + "План Потери за отчётный период " + dZONum)).replaceAll("\s+", ""): Text of object 'Object Repository/Выполнение бизнес-плана/Выполнение бизнес-плана Балансы/Значения со страницы Выполнение бизнес-плана/Table Data/План Потери за отчётный период 16' is: '12 575 672'

29-01-2025T02:46:06 - [MESSAGE][PASSED] - Text of object 'Object Repository/Выполнение бизнес-плана/Выполнение бизнес-плана Балансы/Значения со страницы Выполнение бизнес-плана/Table Data/План Потери за отчётный период 16' is: '12 575 672'

29-01-2025T02:46:06 - [TEST_STEP][PASSED] - x = x + "/" + z: null

29-01-2025T02:46:06 - [TEST_STEP][PASSED] - z = getText(findTestObject(path + "Список ДЗО")).replaceAll("[\r?
|
]", "/"): Text of object 'Object Repository/Выполнение бизнес-плана/Выполнение бизнес-плана Балансы/Список ДЗО' is: '-0.18
-1.02
4.98
-0.31
-0.62
0.03
0.08
3.04
-0.18
-1.14
-0.10
-0.02
-0.28
-0.02
-0.15
-0.09
-0.79
Россети ФСКЕЭС
АО«Тываэнерго»
АО«Чеченэнерго»
Россети Волга
РоссетиКубань
РоссетиЛенэнерго(ГК)
РоссетиМосковскийрегион
РоссетиСеверныйКавказ
РоссетиСеверо-Запад
РоссетиСибирь
РоссетиТомск
РоссетиТюмень
Россети Урал(ГК)
РоссетиЦентр (ГК)
РоссетиЦентр иПриволжье(ГК)
Россети Юг(ГК)
РоссетиЯнтарь
-2
0
2
4
6
8'

29-01-2025T02:46:07 - [MESSAGE][PASSED] - Text of object 'Object Repository/Выполнение бизнес-плана/Выполнение бизнес-плана Балансы/Список ДЗО' is: '-0.18
-1.02
4.98
-0.31
-0.62
0.03
0.08
3.04
-0.18
-1.14
-0.10
-0.02
-0.28
-0.02
-0.15
-0.09
-0.79
Россети ФСКЕЭС
АО«Тываэнерго»
АО«Чеченэнерго»
Россети Волга
РоссетиКубань
РоссетиЛенэнерго(ГК)
РоссетиМосковскийрегион
РоссетиСеверныйКавказ
РоссетиСеверо-Запад
РоссетиСибирь
РоссетиТомск
РоссетиТюмень
Россети Урал(ГК)
РоссетиЦентр (ГК)
РоссетиЦентр иПриволжье(ГК)
Россети Юг(ГК)
РоссетиЯнтарь
-2
0
2
4
6
8'

29-01-2025T02:46:07 - [TEST_STEP][PASSED] - for ([ii = 1, ii < dZONum, (ii++)]): null

29-01-2025T02:46:07 - [TEST_STEP][PASSED] - i1 = z.indexOf("/") + 1: null

29-01-2025T02:46:07 - [TEST_STEP][PASSED] - if (i1 > -1): null

29-01-2025T02:46:07 - [TEST_STEP][PASSED] - z = z.substring(i1, z.length()): null

29-01-2025T02:46:07 - [TEST_STEP][PASSED] - i1 = z.indexOf("/"): null

29-01-2025T02:46:07 - [TEST_STEP][PASSED] - i1 = z.indexOf("/") + 1: null

29-01-2025T02:46:07 - [TEST_STEP][PASSED] - if (i1 > -1): null

29-01-2025T02:46:07 - [TEST_STEP][PASSED] - z = z.substring(i1, z.length()): null

29-01-2025T02:46:07 - [TEST_STEP][PASSED] - i1 = z.indexOf("/"): null

29-01-2025T02:46:07 - [TEST_STEP][PASSED] - i1 = z.indexOf("/") + 1: null

29-01-2025T02:46:07 - [TEST_STEP][PASSED] - if (i1 > -1): null

29-01-2025T02:46:07 - [TEST_STEP][PASSED] - z = z.substring(i1, z.length()): null

29-01-2025T02:46:07 - [TEST_STEP][PASSED] - i1 = z.indexOf("/"): null

29-01-2025T02:46:07 - [TEST_STEP][PASSED] - i1 = z.indexOf("/") + 1: null

29-01-2025T02:46:07 - [TEST_STEP][PASSED] - if (i1 > -1): null

29-01-2025T02:46:07 - [TEST_STEP][PASSED] - z = z.substring(i1, z.length()): null

29-01-2025T02:46:07 - [TEST_STEP][PASSED] - i1 = z.indexOf("/"): null

29-01-2025T02:46:07 - [TEST_STEP][PASSED] - i1 = z.indexOf("/") + 1: null

29-01-2025T02:46:07 - [TEST_STEP][PASSED] - if (i1 > -1): null

29-01-2025T02:46:07 - [TEST_STEP][PASSED] - z = z.substring(i1, z.length()): null

29-01-2025T02:46:07 - [TEST_STEP][PASSED] - i1 = z.indexOf("/"): null

29-01-2025T02:46:07 - [TEST_STEP][PASSED] - i1 = z.indexOf("/") + 1: null

29-01-2025T02:46:07 - [TEST_STEP][PASSED] - if (i1 > -1): null

29-01-2025T02:46:07 - [TEST_STEP][PASSED] - z = z.substring(i1, z.length()): null

29-01-2025T02:46:07 - [TEST_STEP][PASSED] - i1 = z.indexOf("/"): null

29-01-2025T02:46:07 - [TEST_STEP][PASSED] - i1 = z.indexOf("/") + 1: null

29-01-2025T02:46:07 - [TEST_STEP][PASSED] - if (i1 > -1): null

29-01-2025T02:46:07 - [TEST_STEP][PASSED] - z = z.substring(i1, z.length()): null

29-01-2025T02:46:07 - [TEST_STEP][PASSED] - i1 = z.indexOf("/"): null

29-01-2025T02:46:07 - [TEST_STEP][PASSED] - i1 = z.indexOf("/") + 1: null

29-01-2025T02:46:07 - [TEST_STEP][PASSED] - if (i1 > -1): null

29-01-2025T02:46:07 - [TEST_STEP][PASSED] - z = z.substring(i1, z.length()): null

29-01-2025T02:46:07 - [TEST_STEP][PASSED] - i1 = z.indexOf("/"): null

29-01-2025T02:46:07 - [TEST_STEP][PASSED] - i1 = z.indexOf("/") + 1: null

29-01-2025T02:46:07 - [TEST_STEP][PASSED] - if (i1 > -1): null

29-01-2025T02:46:07 - [TEST_STEP][PASSED] - z = z.substring(i1, z.length()): null

29-01-2025T02:46:07 - [TEST_STEP][PASSED] - i1 = z.indexOf("/"): null

29-01-2025T02:46:07 - [TEST_STEP][PASSED] - i1 = z.indexOf("/") + 1: null

29-01-2025T02:46:07 - [TEST_STEP][PASSED] - if (i1 > -1): null

29-01-2025T02:46:07 - [TEST_STEP][PASSED] - z = z.substring(i1, z.length()): null

29-01-2025T02:46:07 - [TEST_STEP][PASSED] - i1 = z.indexOf("/"): null

29-01-2025T02:46:07 - [TEST_STEP][PASSED] - i1 = z.indexOf("/") + 1: null

29-01-2025T02:46:07 - [TEST_STEP][PASSED] - if (i1 > -1): null

29-01-2025T02:46:07 - [TEST_STEP][PASSED] - z = z.substring(i1, z.length()): null

29-01-2025T02:46:07 - [TEST_STEP][PASSED] - i1 = z.indexOf("/"): null

29-01-2025T02:46:07 - [TEST_STEP][PASSED] - i1 = z.indexOf("/") + 1: null

29-01-2025T02:46:07 - [TEST_STEP][PASSED] - if (i1 > -1): null

29-01-2025T02:46:07 - [TEST_STEP][PASSED] - z = z.substring(i1, z.length()): null

29-01-2025T02:46:07 - [TEST_STEP][PASSED] - i1 = z.indexOf("/"): null

29-01-2025T02:46:07 - [TEST_STEP][PASSED] - i1 = z.indexOf("/") + 1: null

29-01-2025T02:46:07 - [TEST_STEP][PASSED] - if (i1 > -1): null

29-01-2025T02:46:07 - [TEST_STEP][PASSED] - z = z.substring(i1, z.length()): null

29-01-2025T02:46:07 - [TEST_STEP][PASSED] - i1 = z.indexOf("/"): null

29-01-2025T02:46:07 - [TEST_STEP][PASSED] - i1 = z.indexOf("/") + 1: null

29-01-2025T02:46:07 - [TEST_STEP][PASSED] - if (i1 > -1): null

29-01-2025T02:46:07 - [TEST_STEP][PASSED] - z = z.substring(i1, z.length()): null

29-01-2025T02:46:07 - [TEST_STEP][PASSED] - i1 = z.indexOf("/"): null

29-01-2025T02:46:07 - [TEST_STEP][PASSED] - i1 = z.indexOf("/") + 1: null

29-01-2025T02:46:07 - [TEST_STEP][PASSED] - if (i1 > -1): null

29-01-2025T02:46:07 - [TEST_STEP][PASSED] - z = z.substring(i1, z.length()): null

29-01-2025T02:46:07 - [TEST_STEP][PASSED] - i1 = z.indexOf("/"): null

29-01-2025T02:46:07 - [TEST_STEP][PASSED] - i1 = z.indexOf("/"): null

29-01-2025T02:46:07 - [TEST_STEP][PASSED] - if (i1 > -1): null

29-01-2025T02:46:07 - [TEST_STEP][PASSED] - z = z.substring(0, i1): null

29-01-2025T02:46:07 - [TEST_STEP][PASSED] - z = z.replace(",", "."): null

29-01-2025T02:46:07 - [TEST_STEP][PASSED] - println(z): null

29-01-2025T02:46:07 - [TEST_STEP][PASSED] - x = x + "/" + z: null

29-01-2025T02:46:07 - [TEST_STEP][PASSED] - x = x.replaceAll("[\r?
|
]", ""): null

29-01-2025T02:46:07 - [TEST_STEP][PASSED] - println("x =" + x): null

29-01-2025T02:46:07 - [TEST_STEP][PASSED] - return x: null

29-01-2025T02:46:07 - [TEST_STEP][PASSED] - println("ugB: " + ugB): null

29-01-2025T02:46:07 - [TEST_STEP][PASSED] - i = VseDZO.indexOf("Янтарь"): null

29-01-2025T02:46:07 - [TEST_STEP][PASSED] - if (i > -1): null

29-01-2025T02:46:07 - [TEST_STEP][PASSED] - dZONum = dZONum + 1: null

29-01-2025T02:46:07 - [TEST_STEP][PASSED] - yB = GetAllData(path, dZONum, VseDZO, x = "Россети Янтарь/"): null

29-01-2025T02:46:07 - [TEST_STEP][PASSED] - ii = <not implemented yet for class: org.codehaus.groovy.ast.expr.EmptyExpression>: null

29-01-2025T02:46:07 - [TEST_STEP][PASSED] - i1 = <not implemented yet for class: org.codehaus.groovy.ast.expr.EmptyExpression>: null

29-01-2025T02:46:07 - [TEST_STEP][PASSED] - z = <not implemented yet for class: org.codehaus.groovy.ast.expr.EmptyExpression>: null

29-01-2025T02:46:07 - [TEST_STEP][PASSED] - path2 = "Значения со страницы Выполнение бизнес-плана/Table Data/": null

29-01-2025T02:46:07 - [TEST_STEP][PASSED] - println("path: " + path): null

29-01-2025T02:46:07 - [TEST_STEP][PASSED] - println("dZONum: " + dZONum): null

29-01-2025T02:46:07 - [TEST_STEP][PASSED] - z = getText(findTestObject(path + "spanPlan" + dZONum)): Text of object 'Object Repository/Выполнение бизнес-плана/Выполнение бизнес-плана Балансы/spanPlan17' is: '11.62
|'

29-01-2025T02:46:07 - [MESSAGE][PASSED] - Text of object 'Object Repository/Выполнение бизнес-плана/Выполнение бизнес-плана Балансы/spanPlan17' is: '11.62
|'

29-01-2025T02:46:07 - [TEST_STEP][PASSED] - println(z): null

29-01-2025T02:46:07 - [TEST_STEP][PASSED] - ii = z.indexOf("|"): null

29-01-2025T02:46:07 - [TEST_STEP][PASSED] - if (ii > -1): null

29-01-2025T02:46:07 - [TEST_STEP][PASSED] - z = z.substring(0, z.length() - 1): null

29-01-2025T02:46:07 - [TEST_STEP][PASSED] - println(z): null

29-01-2025T02:46:07 - [TEST_STEP][PASSED] - z = z.replaceAll("\s+", ""): null

29-01-2025T02:46:07 - [TEST_STEP][PASSED] - z = z.replace("[\r?
|
]", "/"): null

29-01-2025T02:46:07 - [TEST_STEP][PASSED] - println(z): null

29-01-2025T02:46:07 - [TEST_STEP][PASSED] - x = x + z: null

29-01-2025T02:46:07 - [TEST_STEP][PASSED] - z = getText(findTestObject(path + "spanFact" + dZONum)): Text of object 'Object Repository/Выполнение бизнес-плана/Выполнение бизнес-плана Балансы/spanFact17' is: '10.83'

29-01-2025T02:46:07 - [MESSAGE][PASSED] - Text of object 'Object Repository/Выполнение бизнес-плана/Выполнение бизнес-плана Балансы/spanFact17' is: '10.83'

29-01-2025T02:46:07 - [TEST_STEP][PASSED] - ii = z.indexOf("|"): null

29-01-2025T02:46:07 - [TEST_STEP][PASSED] - if (ii > -1): null

29-01-2025T02:46:07 - [TEST_STEP][PASSED] - x = x + "/" + z: null

29-01-2025T02:46:07 - [TEST_STEP][PASSED] - z = getText(findTestObject(path + path2 + "Факт Отпуск в сеть за отчётный период " + dZONum)).replaceAll("\s+", ""): Text of object 'Object Repository/Выполнение бизнес-плана/Выполнение бизнес-плана Балансы/Значения со страницы Выполнение бизнес-плана/Table Data/Факт Отпуск в сеть за отчётный период 17' is: '20 917 905'

29-01-2025T02:46:08 - [MESSAGE][PASSED] - Text of object 'Object Repository/Выполнение бизнес-плана/Выполнение бизнес-плана Балансы/Значения со страницы Выполнение бизнес-плана/Table Data/Факт Отпуск в сеть за отчётный период 17' is: '20 917 905'

29-01-2025T02:46:08 - [TEST_STEP][PASSED] - println("z=" + z): null

29-01-2025T02:46:08 - [TEST_STEP][PASSED] - x = x + "/" + z: null

29-01-2025T02:46:08 - [TEST_STEP][PASSED] - z = getText(findTestObject(path + path2 + "Факт Отпуск из сети за отчётный период " + dZONum)).replaceAll("\s+", ""): Text of object 'Object Repository/Выполнение бизнес-плана/Выполнение бизнес-плана Балансы/Значения со страницы Выполнение бизнес-плана/Table Data/Факт Отпуск из сети за отчётный период 17' is: '18 444 858'

29-01-2025T02:46:08 - [MESSAGE][PASSED] - Text of object 'Object Repository/Выполнение бизнес-плана/Выполнение бизнес-плана Балансы/Значения со страницы Выполнение бизнес-плана/Table Data/Факт Отпуск из сети за отчётный период 17' is: '18 444 858'

29-01-2025T02:46:08 - [TEST_STEP][PASSED] - x = x + "/" + z: null

29-01-2025T02:46:08 - [TEST_STEP][PASSED] - z = getText(findTestObject(path + path2 + "Факт Потери за отчётный период " + dZONum)).replaceAll("\s+", ""): Text of object 'Object Repository/Выполнение бизнес-плана/Выполнение бизнес-плана Балансы/Значения со страницы Выполнение бизнес-плана/Table Data/Факт Потери за отчётный период 17' is: '2 473 047'

29-01-2025T02:46:08 - [MESSAGE][PASSED] - Text of object 'Object Repository/Выполнение бизнес-плана/Выполнение бизнес-плана Балансы/Значения со страницы Выполнение бизнес-плана/Table Data/Факт Потери за отчётный период 17' is: '2 473 047'

29-01-2025T02:46:08 - [TEST_STEP][PASSED] - x = x + "/" + z: null

29-01-2025T02:46:08 - [TEST_STEP][PASSED] - z = getText(findTestObject(path + path2 + "План Отпуск в сеть за отчётный период " + dZONum)).replaceAll("\s+", ""): Text of object 'Object Repository/Выполнение бизнес-плана/Выполнение бизнес-плана Балансы/Значения со страницы Выполнение бизнес-плана/Table Data/План Отпуск в сеть за отчётный период 17' is: '20 799 332'

29-01-2025T02:46:09 - [MESSAGE][PASSED] - Text of object 'Object Repository/Выполнение бизнес-плана/Выполнение бизнес-плана Балансы/Значения со страницы Выполнение бизнес-плана/Table Data/План Отпуск в сеть за отчётный период 17' is: '20 799 332'

29-01-2025T02:46:09 - [TEST_STEP][PASSED] - x = x + "/" + z: null

29-01-2025T02:46:09 - [TEST_STEP][PASSED] - z = getText(findTestObject(path + path2 + "План Отпуск из сети за отчётный период " + dZONum)).replaceAll("\s+", ""): Text of object 'Object Repository/Выполнение бизнес-плана/Выполнение бизнес-плана Балансы/Значения со страницы Выполнение бизнес-плана/Table Data/План Отпуск из сети за отчётный период 17' is: '18 080 184'

29-01-2025T02:46:09 - [MESSAGE][PASSED] - Text of object 'Object Repository/Выполнение бизнес-плана/Выполнение бизнес-плана Балансы/Значения со страницы Выполнение бизнес-плана/Table Data/План Отпуск из сети за отчётный период 17' is: '18 080 184'

29-01-2025T02:46:09 - [TEST_STEP][PASSED] - x = x + "/" + z: null

29-01-2025T02:46:09 - [TEST_STEP][PASSED] - z = getText(findTestObject(path + path2 + "План Потери за отчётный период " + dZONum)).replaceAll("\s+", ""): Text of object 'Object Repository/Выполнение бизнес-плана/Выполнение бизнес-плана Балансы/Значения со страницы Выполнение бизнес-плана/Table Data/План Потери за отчётный период 17' is: '2 719 148'

29-01-2025T02:46:09 - [MESSAGE][PASSED] - Text of object 'Object Repository/Выполнение бизнес-плана/Выполнение бизнес-плана Балансы/Значения со страницы Выполнение бизнес-плана/Table Data/План Потери за отчётный период 17' is: '2 719 148'

29-01-2025T02:46:09 - [TEST_STEP][PASSED] - x = x + "/" + z: null

29-01-2025T02:46:09 - [TEST_STEP][PASSED] - z = getText(findTestObject(path + "Список ДЗО")).replaceAll("[\r?
|
]", "/"): Text of object 'Object Repository/Выполнение бизнес-плана/Выполнение бизнес-плана Балансы/Список ДЗО' is: '-0.18
-1.02
4.98
-0.31
-0.62
0.03
0.08
3.04
-0.18
-1.14
-0.10
-0.02
-0.28
-0.02
-0.15
-0.09
-0.79
Россети ФСКЕЭС
АО«Тываэнерго»
АО«Чеченэнерго»
Россети Волга
РоссетиКубань
РоссетиЛенэнерго(ГК)
РоссетиМосковскийрегион
РоссетиСеверныйКавказ
РоссетиСеверо-Запад
РоссетиСибирь
РоссетиТомск
РоссетиТюмень
Россети Урал(ГК)
РоссетиЦентр (ГК)
РоссетиЦентр иПриволжье(ГК)
Россети Юг(ГК)
РоссетиЯнтарь
-2
0
2
4
6
8'

29-01-2025T02:46:10 - [MESSAGE][PASSED] - Text of object 'Object Repository/Выполнение бизнес-плана/Выполнение бизнес-плана Балансы/Список ДЗО' is: '-0.18
-1.02
4.98
-0.31
-0.62
0.03
0.08
3.04
-0.18
-1.14
-0.10
-0.02
-0.28
-0.02
-0.15
-0.09
-0.79
Россети ФСКЕЭС
АО«Тываэнерго»
АО«Чеченэнерго»
Россети Волга
РоссетиКубань
РоссетиЛенэнерго(ГК)
РоссетиМосковскийрегион
РоссетиСеверныйКавказ
РоссетиСеверо-Запад
РоссетиСибирь
РоссетиТомск
РоссетиТюмень
Россети Урал(ГК)
РоссетиЦентр (ГК)
РоссетиЦентр иПриволжье(ГК)
Россети Юг(ГК)
РоссетиЯнтарь
-2
0
2
4
6
8'

29-01-2025T02:46:10 - [TEST_STEP][PASSED] - for ([ii = 1, ii < dZONum, (ii++)]): null

29-01-2025T02:46:10 - [TEST_STEP][PASSED] - i1 = z.indexOf("/") + 1: null

29-01-2025T02:46:10 - [TEST_STEP][PASSED] - if (i1 > -1): null

29-01-2025T02:46:10 - [TEST_STEP][PASSED] - z = z.substring(i1, z.length()): null

29-01-2025T02:46:10 - [TEST_STEP][PASSED] - i1 = z.indexOf("/"): null

29-01-2025T02:46:10 - [TEST_STEP][PASSED] - i1 = z.indexOf("/") + 1: null

29-01-2025T02:46:10 - [TEST_STEP][PASSED] - if (i1 > -1): null

29-01-2025T02:46:10 - [TEST_STEP][PASSED] - z = z.substring(i1, z.length()): null

29-01-2025T02:46:10 - [TEST_STEP][PASSED] - i1 = z.indexOf("/"): null

29-01-2025T02:46:10 - [TEST_STEP][PASSED] - i1 = z.indexOf("/") + 1: null

29-01-2025T02:46:10 - [TEST_STEP][PASSED] - if (i1 > -1): null

29-01-2025T02:46:10 - [TEST_STEP][PASSED] - z = z.substring(i1, z.length()): null

29-01-2025T02:46:10 - [TEST_STEP][PASSED] - i1 = z.indexOf("/"): null

29-01-2025T02:46:10 - [TEST_STEP][PASSED] - i1 = z.indexOf("/") + 1: null

29-01-2025T02:46:10 - [TEST_STEP][PASSED] - if (i1 > -1): null

29-01-2025T02:46:10 - [TEST_STEP][PASSED] - z = z.substring(i1, z.length()): null

29-01-2025T02:46:10 - [TEST_STEP][PASSED] - i1 = z.indexOf("/"): null

29-01-2025T02:46:10 - [TEST_STEP][PASSED] - i1 = z.indexOf("/") + 1: null

29-01-2025T02:46:10 - [TEST_STEP][PASSED] - if (i1 > -1): null

29-01-2025T02:46:10 - [TEST_STEP][PASSED] - z = z.substring(i1, z.length()): null

29-01-2025T02:46:10 - [TEST_STEP][PASSED] - i1 = z.indexOf("/"): null

29-01-2025T02:46:10 - [TEST_STEP][PASSED] - i1 = z.indexOf("/") + 1: null

29-01-2025T02:46:10 - [TEST_STEP][PASSED] - if (i1 > -1): null

29-01-2025T02:46:10 - [TEST_STEP][PASSED] - z = z.substring(i1, z.length()): null

29-01-2025T02:46:10 - [TEST_STEP][PASSED] - i1 = z.indexOf("/"): null

29-01-2025T02:46:10 - [TEST_STEP][PASSED] - i1 = z.indexOf("/") + 1: null

29-01-2025T02:46:10 - [TEST_STEP][PASSED] - if (i1 > -1): null

29-01-2025T02:46:10 - [TEST_STEP][PASSED] - z = z.substring(i1, z.length()): null

29-01-2025T02:46:10 - [TEST_STEP][PASSED] - i1 = z.indexOf("/"): null

29-01-2025T02:46:10 - [TEST_STEP][PASSED] - i1 = z.indexOf("/") + 1: null

29-01-2025T02:46:10 - [TEST_STEP][PASSED] - if (i1 > -1): null

29-01-2025T02:46:10 - [TEST_STEP][PASSED] - z = z.substring(i1, z.length()): null

29-01-2025T02:46:10 - [TEST_STEP][PASSED] - i1 = z.indexOf("/"): null

29-01-2025T02:46:10 - [TEST_STEP][PASSED] - i1 = z.indexOf("/") + 1: null

29-01-2025T02:46:10 - [TEST_STEP][PASSED] - if (i1 > -1): null

29-01-2025T02:46:10 - [TEST_STEP][PASSED] - z = z.substring(i1, z.length()): null

29-01-2025T02:46:10 - [TEST_STEP][PASSED] - i1 = z.indexOf("/"): null

29-01-2025T02:46:10 - [TEST_STEP][PASSED] - i1 = z.indexOf("/") + 1: null

29-01-2025T02:46:10 - [TEST_STEP][PASSED] - if (i1 > -1): null

29-01-2025T02:46:10 - [TEST_STEP][PASSED] - z = z.substring(i1, z.length()): null

29-01-2025T02:46:10 - [TEST_STEP][PASSED] - i1 = z.indexOf("/"): null

29-01-2025T02:46:10 - [TEST_STEP][PASSED] - i1 = z.indexOf("/") + 1: null

29-01-2025T02:46:10 - [TEST_STEP][PASSED] - if (i1 > -1): null

29-01-2025T02:46:10 - [TEST_STEP][PASSED] - z = z.substring(i1, z.length()): null

29-01-2025T02:46:10 - [TEST_STEP][PASSED] - i1 = z.indexOf("/"): null

29-01-2025T02:46:10 - [TEST_STEP][PASSED] - i1 = z.indexOf("/") + 1: null

29-01-2025T02:46:10 - [TEST_STEP][PASSED] - if (i1 > -1): null

29-01-2025T02:46:10 - [TEST_STEP][PASSED] - z = z.substring(i1, z.length()): null

29-01-2025T02:46:10 - [TEST_STEP][PASSED] - i1 = z.indexOf("/"): null

29-01-2025T02:46:10 - [TEST_STEP][PASSED] - i1 = z.indexOf("/") + 1: null

29-01-2025T02:46:10 - [TEST_STEP][PASSED] - if (i1 > -1): null

29-01-2025T02:46:10 - [TEST_STEP][PASSED] - z = z.substring(i1, z.length()): null

29-01-2025T02:46:10 - [TEST_STEP][PASSED] - i1 = z.indexOf("/"): null

29-01-2025T02:46:10 - [TEST_STEP][PASSED] - i1 = z.indexOf("/") + 1: null

29-01-2025T02:46:10 - [TEST_STEP][PASSED] - if (i1 > -1): null

29-01-2025T02:46:10 - [TEST_STEP][PASSED] - z = z.substring(i1, z.length()): null

29-01-2025T02:46:10 - [TEST_STEP][PASSED] - i1 = z.indexOf("/"): null

29-01-2025T02:46:10 - [TEST_STEP][PASSED] - i1 = z.indexOf("/") + 1: null

29-01-2025T02:46:10 - [TEST_STEP][PASSED] - if (i1 > -1): null

29-01-2025T02:46:10 - [TEST_STEP][PASSED] - z = z.substring(i1, z.length()): null

29-01-2025T02:46:10 - [TEST_STEP][PASSED] - i1 = z.indexOf("/"): null

29-01-2025T02:46:10 - [TEST_STEP][PASSED] - i1 = z.indexOf("/") + 1: null

29-01-2025T02:46:10 - [TEST_STEP][PASSED] - if (i1 > -1): null

29-01-2025T02:46:10 - [TEST_STEP][PASSED] - z = z.substring(i1, z.length()): null

29-01-2025T02:46:10 - [TEST_STEP][PASSED] - i1 = z.indexOf("/"): null

29-01-2025T02:46:10 - [TEST_STEP][PASSED] - i1 = z.indexOf("/"): null

29-01-2025T02:46:10 - [TEST_STEP][PASSED] - if (i1 > -1): null

29-01-2025T02:46:10 - [TEST_STEP][PASSED] - z = z.substring(0, i1): null

29-01-2025T02:46:10 - [TEST_STEP][PASSED] - z = z.replace(",", "."): null

29-01-2025T02:46:10 - [TEST_STEP][PASSED] - println(z): null

29-01-2025T02:46:10 - [TEST_STEP][PASSED] - x = x + "/" + z: null

29-01-2025T02:46:10 - [TEST_STEP][PASSED] - x = x.replaceAll("[\r?
|
]", ""): null

29-01-2025T02:46:10 - [TEST_STEP][PASSED] - println("x =" + x): null

29-01-2025T02:46:10 - [TEST_STEP][PASSED] - return x: null

29-01-2025T02:46:10 - [TEST_STEP][PASSED] - println("yB: " + yB): null

29-01-2025T02:46:10 - [TEST_STEP][PASSED] - VseDZO = getText(findTestObject(path + "Список ДЗО")): Text of object 'Object Repository/Выполнение бизнес-плана/Выполнение бизнес-плана Балансы/Список ДЗО' is: '-0.18
-1.02
4.98
-0.31
-0.62
0.03
0.08
3.04
-0.18
-1.14
-0.10
-0.02
-0.28
-0.02
-0.15
-0.09
-0.79
Россети ФСКЕЭС
АО«Тываэнерго»
АО«Чеченэнерго»
Россети Волга
РоссетиКубань
РоссетиЛенэнерго(ГК)
РоссетиМосковскийрегион
РоссетиСеверныйКавказ
РоссетиСеверо-Запад
РоссетиСибирь
РоссетиТомск
РоссетиТюмень
Россети Урал(ГК)
РоссетиЦентр (ГК)
РоссетиЦентр иПриволжье(ГК)
Россети Юг(ГК)
РоссетиЯнтарь
-2
0
2
4
6
8'

29-01-2025T02:46:10 - [MESSAGE][PASSED] - Text of object 'Object Repository/Выполнение бизнес-плана/Выполнение бизнес-плана Балансы/Список ДЗО' is: '-0.18
-1.02
4.98
-0.31
-0.62
0.03
0.08
3.04
-0.18
-1.14
-0.10
-0.02
-0.28
-0.02
-0.15
-0.09
-0.79
Россети ФСКЕЭС
АО«Тываэнерго»
АО«Чеченэнерго»
Россети Волга
РоссетиКубань
РоссетиЛенэнерго(ГК)
РоссетиМосковскийрегион
РоссетиСеверныйКавказ
РоссетиСеверо-Запад
РоссетиСибирь
РоссетиТомск
РоссетиТюмень
Россети Урал(ГК)
РоссетиЦентр (ГК)
РоссетиЦентр иПриволжье(ГК)
Россети Юг(ГК)
РоссетиЯнтарь
-2
0
2
4
6
8'

29-01-2025T02:46:10 - [TEST_STEP][FAILED] - if (blockNum == 2): null

29-01-2025T02:46:10 - [TEST_STEP][FAILED] - if (verifyEqual(pRR, pRB) == false): null

29-01-2025T02:46:10 - [MESSAGE][FAILED] - Unable to verify equal between actual object 'ПАО Россети/5.48/7.84/643171953/592758840/50413112/972755413/919425576/53329836' and expected object 'ПАО Россети/8.46/8.64/6286413139/5742999407/543413732/6445364192/5900620819/544743373' (Root cause: com.kms.katalon.core.exception.StepFailedException: Actual object 'ПАО Россети/5.48/7.84/643171953/592758840/50413112/972755413/919425576/53329836' and expected object 'ПАО Россети/8.46/8.64/6286413139/5742999407/543413732/6445364192/5900620819/544743373' are not equal
	at com.kms.katalon.core.keyword.builtin.VerifyEqualKeyword$_verifyEqual_closure1.doCall(VerifyEqualKeyword.groovy:58)
	at com.kms.katalon.core.keyword.builtin.VerifyEqualKeyword$_verifyEqual_closure1.call(VerifyEqualKeyword.groovy)
	at com.kms.katalon.core.keyword.internal.KeywordMain.runKeyword(KeywordMain.groovy:75)
	at com.kms.katalon.core.keyword.builtin.VerifyEqualKeyword.verifyEqual(VerifyEqualKeyword.groovy:63)
	at com.kms.katalon.core.keyword.builtin.VerifyEqualKeyword.execute(VerifyEqualKeyword.groovy:44)
	at com.kms.katalon.core.keyword.internal.KeywordExecutor.executeKeywordForPlatform(KeywordExecutor.groovy:74)
	at com.kms.katalon.core.keyword.BuiltinKeywords.verifyEqual(BuiltinKeywords.groovy:146)
	at java.base/jdk.internal.reflect.NativeMethodAccessorImpl.invoke0(Native Method)
	at java.base/jdk.internal.reflect.NativeMethodAccessorImpl.invoke(NativeMethodAccessorImpl.java:77)
	at java.base/jdk.internal.reflect.DelegatingMethodAccessorImpl.invoke(DelegatingMethodAccessorImpl.java:43)
	at Выполнение бизнес-плана сверка дашбордов.run(Выполнение бизнес-плана сверка дашбордов:577)
	at com.kms.katalon.core.main.ScriptEngine.run(ScriptEngine.java:194)
	at com.kms.katalon.core.main.ScriptEngine.runScriptAsRawText(ScriptEngine.java:119)
	at com.kms.katalon.core.main.TestCaseExecutor.runScript(TestCaseExecutor.java:448)
	at com.kms.katalon.core.main.TestCaseExecutor.doExecute(TestCaseExecutor.java:439)
	at com.kms.katalon.core.main.TestCaseExecutor.processExecutionPhase(TestCaseExecutor.java:418)
	at com.kms.katalon.core.main.TestCaseExecutor.accessMainPhase(TestCaseExecutor.java:410)
	at com.kms.katalon.core.main.TestCaseExecutor.execute(TestCaseExecutor.java:285)
	at com.kms.katalon.core.common.CommonExecutor.accessTestCaseMainPhase(CommonExecutor.java:65)
	at com.kms.katalon.core.main.TestSuiteExecutor.accessTestSuiteMainPhase(TestSuiteExecutor.java:150)
	at com.kms.katalon.core.main.TestSuiteExecutor.execute(TestSuiteExecutor.java:106)
	at com.kms.katalon.core.main.TestCaseMain.startTestSuite(TestCaseMain.java:180)
	at TempTestSuite1738107421100.run(TempTestSuite1738107421100.groovy:35)
	at java.base/jdk.internal.reflect.NativeMethodAccessorImpl.invoke0(Native Method)
	at java.base/jdk.internal.reflect.NativeMethodAccessorImpl.invoke(NativeMethodAccessorImpl.java:77)
	at java.base/jdk.internal.reflect.DelegatingMethodAccessorImpl.invoke(DelegatingMethodAccessorImpl.java:43)
)

29-01-2025T02:46:10 - [TEST_STEP][PASSED] - result = CompareDZOData(a = pRR, b = pRB, dZO, typeOfData, PercPlanR, PercPlanB, PercFactR, PercFactB, todaysDate, x, vidget, tabR, tabB, o1R, o1B): null

29-01-2025T02:46:10 - [TEST_STEP][PASSED] - ii2 = <not implemented yet for class: org.codehaus.groovy.ast.expr.EmptyExpression>: null

29-01-2025T02:46:10 - [TEST_STEP][FAILED] - if (verifyEqual(a, b) == false): null

29-01-2025T02:46:10 - [MESSAGE][FAILED] - Unable to verify equal between actual object 'ПАО Россети/5.48/7.84/643171953/592758840/50413112/972755413/919425576/53329836' and expected object 'ПАО Россети/8.46/8.64/6286413139/5742999407/543413732/6445364192/5900620819/544743373' (Root cause: com.kms.katalon.core.exception.StepFailedException: Actual object 'ПАО Россети/5.48/7.84/643171953/592758840/50413112/972755413/919425576/53329836' and expected object 'ПАО Россети/8.46/8.64/6286413139/5742999407/543413732/6445364192/5900620819/544743373' are not equal
	at com.kms.katalon.core.keyword.builtin.VerifyEqualKeyword$_verifyEqual_closure1.doCall(VerifyEqualKeyword.groovy:58)
	at com.kms.katalon.core.keyword.builtin.VerifyEqualKeyword$_verifyEqual_closure1.call(VerifyEqualKeyword.groovy)
	at com.kms.katalon.core.keyword.internal.KeywordMain.runKeyword(KeywordMain.groovy:75)
	at com.kms.katalon.core.keyword.builtin.VerifyEqualKeyword.verifyEqual(VerifyEqualKeyword.groovy:63)
	at com.kms.katalon.core.keyword.builtin.VerifyEqualKeyword.execute(VerifyEqualKeyword.groovy:44)
	at com.kms.katalon.core.keyword.internal.KeywordExecutor.executeKeywordForPlatform(KeywordExecutor.groovy:74)
	at com.kms.katalon.core.keyword.BuiltinKeywords.verifyEqual(BuiltinKeywords.groovy:146)
	at java.base/jdk.internal.reflect.NativeMethodAccessorImpl.invoke0(Native Method)
	at java.base/jdk.internal.reflect.NativeMethodAccessorImpl.invoke(NativeMethodAccessorImpl.java:77)
	at java.base/jdk.internal.reflect.DelegatingMethodAccessorImpl.invoke(DelegatingMethodAccessorImpl.java:43)
	at Выполнение бизнес-плана сверка дашбордов.CompareDZOData(Выполнение бизнес-плана сверка дашбордов:673)
	at Выполнение бизнес-плана сверка дашбордов.run(Выполнение бизнес-плана сверка дашбордов:578)
	at com.kms.katalon.core.main.ScriptEngine.run(ScriptEngine.java:194)
	at com.kms.katalon.core.main.ScriptEngine.runScriptAsRawText(ScriptEngine.java:119)
	at com.kms.katalon.core.main.TestCaseExecutor.runScript(TestCaseExecutor.java:448)
	at com.kms.katalon.core.main.TestCaseExecutor.doExecute(TestCaseExecutor.java:439)
	at com.kms.katalon.core.main.TestCaseExecutor.processExecutionPhase(TestCaseExecutor.java:418)
	at com.kms.katalon.core.main.TestCaseExecutor.accessMainPhase(TestCaseExecutor.java:410)
	at com.kms.katalon.core.main.TestCaseExecutor.execute(TestCaseExecutor.java:285)
	at com.kms.katalon.core.common.CommonExecutor.accessTestCaseMainPhase(CommonExecutor.java:65)
	at com.kms.katalon.core.main.TestSuiteExecutor.accessTestSuiteMainPhase(TestSuiteExecutor.java:150)
	at com.kms.katalon.core.main.TestSuiteExecutor.execute(TestSuiteExecutor.java:106)
	at com.kms.katalon.core.main.TestCaseMain.startTestSuite(TestCaseMain.java:180)
	at TempTestSuite1738107421100.run(TempTestSuite1738107421100.groovy:35)
	at java.base/jdk.internal.reflect.NativeMethodAccessorImpl.invoke0(Native Method)
	at java.base/jdk.internal.reflect.NativeMethodAccessorImpl.invoke(NativeMethodAccessorImpl.java:77)
	at java.base/jdk.internal.reflect.DelegatingMethodAccessorImpl.invoke(DelegatingMethodAccessorImpl.java:43)
)

29-01-2025T02:46:10 - [TEST_STEP][PASSED] - vidget = "Уровень потерь электроэнергии": null

29-01-2025T02:46:10 - [TEST_STEP][PASSED] - typeOfData = "План": null

29-01-2025T02:46:10 - [TEST_STEP][PASSED] - PercPlanR = GetPercPlanR(x = a): null

29-01-2025T02:46:10 - [TEST_STEP][PASSED] - i1 = <not implemented yet for class: org.codehaus.groovy.ast.expr.EmptyExpression>: null

29-01-2025T02:46:10 - [TEST_STEP][PASSED] - i1 = x.indexOf("/") + 1: null

29-01-2025T02:46:10 - [TEST_STEP][PASSED] - if (i1 > -1): null

29-01-2025T02:46:10 - [TEST_STEP][PASSED] - x = x.substring(i1, x.length()): null

29-01-2025T02:46:10 - [TEST_STEP][PASSED] - i1 = x.indexOf("/"): null

29-01-2025T02:46:10 - [TEST_STEP][PASSED] - if (i1 > -1): null

29-01-2025T02:46:10 - [TEST_STEP][PASSED] - x = x.substring(0, i1): null

29-01-2025T02:46:10 - [TEST_STEP][PASSED] - return x: null

29-01-2025T02:46:10 - [TEST_STEP][PASSED] - PercPlanB = GetPercPlanB(x = b): null

29-01-2025T02:46:10 - [TEST_STEP][PASSED] - i1 = <not implemented yet for class: org.codehaus.groovy.ast.expr.EmptyExpression>: null

29-01-2025T02:46:10 - [TEST_STEP][PASSED] - i1 = x.indexOf("/") + 1: null

29-01-2025T02:46:10 - [TEST_STEP][PASSED] - if (i1 > -1): null

29-01-2025T02:46:10 - [TEST_STEP][PASSED] - x = x.substring(i1, x.length()): null

29-01-2025T02:46:10 - [TEST_STEP][PASSED] - i1 = x.indexOf("/"): null

29-01-2025T02:46:10 - [TEST_STEP][PASSED] - if (i1 > -1): null

29-01-2025T02:46:10 - [TEST_STEP][PASSED] - x = x.substring(0, i1): null

29-01-2025T02:46:10 - [TEST_STEP][FAILED] - return x: null

29-01-2025T02:46:10 - [TEST_STEP][FAILED] - if (verifyEqual(PercPlanR, PercPlanB) == false): null

29-01-2025T02:46:10 - [MESSAGE][FAILED] - Unable to verify equal between actual object '5.48' and expected object '8.46' (Root cause: com.kms.katalon.core.exception.StepFailedException: Actual object '5.48' and expected object '8.46' are not equal
	at com.kms.katalon.core.keyword.builtin.VerifyEqualKeyword$_verifyEqual_closure1.doCall(VerifyEqualKeyword.groovy:58)
	at com.kms.katalon.core.keyword.builtin.VerifyEqualKeyword$_verifyEqual_closure1.call(VerifyEqualKeyword.groovy)
	at com.kms.katalon.core.keyword.internal.KeywordMain.runKeyword(KeywordMain.groovy:75)
	at com.kms.katalon.core.keyword.builtin.VerifyEqualKeyword.verifyEqual(VerifyEqualKeyword.groovy:63)
	at com.kms.katalon.core.keyword.builtin.VerifyEqualKeyword.execute(VerifyEqualKeyword.groovy:44)
	at com.kms.katalon.core.keyword.internal.KeywordExecutor.executeKeywordForPlatform(KeywordExecutor.groovy:74)
	at com.kms.katalon.core.keyword.BuiltinKeywords.verifyEqual(BuiltinKeywords.groovy:146)
	at java.base/jdk.internal.reflect.NativeMethodAccessorImpl.invoke0(Native Method)
	at java.base/jdk.internal.reflect.NativeMethodAccessorImpl.invoke(NativeMethodAccessorImpl.java:77)
	at java.base/jdk.internal.reflect.DelegatingMethodAccessorImpl.invoke(DelegatingMethodAccessorImpl.java:43)
	at Выполнение бизнес-плана сверка дашбордов.CompareDZOData(Выполнение бизнес-плана сверка дашбордов:682)
	at Выполнение бизнес-плана сверка дашбордов.run(Выполнение бизнес-плана сверка дашбордов:578)
	at com.kms.katalon.core.main.ScriptEngine.run(ScriptEngine.java:194)
	at com.kms.katalon.core.main.ScriptEngine.runScriptAsRawText(ScriptEngine.java:119)
	at com.kms.katalon.core.main.TestCaseExecutor.runScript(TestCaseExecutor.java:448)
	at com.kms.katalon.core.main.TestCaseExecutor.doExecute(TestCaseExecutor.java:439)
	at com.kms.katalon.core.main.TestCaseExecutor.processExecutionPhase(TestCaseExecutor.java:418)
	at com.kms.katalon.core.main.TestCaseExecutor.accessMainPhase(TestCaseExecutor.java:410)
	at com.kms.katalon.core.main.TestCaseExecutor.execute(TestCaseExecutor.java:285)
	at com.kms.katalon.core.common.CommonExecutor.accessTestCaseMainPhase(CommonExecutor.java:65)
	at com.kms.katalon.core.main.TestSuiteExecutor.accessTestSuiteMainPhase(TestSuiteExecutor.java:150)
	at com.kms.katalon.core.main.TestSuiteExecutor.execute(TestSuiteExecutor.java:106)
	at com.kms.katalon.core.main.TestCaseMain.startTestSuite(TestCaseMain.java:180)
	at TempTestSuite1738107421100.run(TempTestSuite1738107421100.groovy:35)
	at java.base/jdk.internal.reflect.NativeMethodAccessorImpl.invoke0(Native Method)
	at java.base/jdk.internal.reflect.NativeMethodAccessorImpl.invoke(NativeMethodAccessorImpl.java:77)
	at java.base/jdk.internal.reflect.DelegatingMethodAccessorImpl.invoke(DelegatingMethodAccessorImpl.java:43)
)

29-01-2025T02:46:10 - [TEST_STEP][PASSED] - result = WriteToExcel(typeOfData, todaysDate, PercPlanR, PercPlanB, PercFactR, PercFactB, x, tabR, tabB, o1R, o1B, vidget): null

29-01-2025T02:46:10 - [TEST_STEP][PASSED] - iii = dZO.indexOf("/"): null

29-01-2025T02:46:10 - [TEST_STEP][PASSED] - println(iii): null

29-01-2025T02:46:10 - [TEST_STEP][PASSED] - dZO = dZO.substring(0, iii): null

29-01-2025T02:46:10 - [TEST_STEP][PASSED] - println(dZO): null

29-01-2025T02:46:10 - [TEST_STEP][PASSED] - println(PercPlanR): null

29-01-2025T02:46:10 - [TEST_STEP][PASSED] - println(PercPlanB): null

29-01-2025T02:46:10 - [TEST_STEP][PASSED] - println(PercFactR): null

29-01-2025T02:46:10 - [TEST_STEP][PASSED] - println(PercFactB): null

29-01-2025T02:46:10 - [TEST_STEP][PASSED] - println(tabR): null

29-01-2025T02:46:10 - [TEST_STEP][PASSED] - println(tabB): null

29-01-2025T02:46:10 - [TEST_STEP][PASSED] - println(o1R): null

29-01-2025T02:46:10 - [TEST_STEP][PASSED] - println(o1B): null

29-01-2025T02:46:10 - [TEST_STEP][PASSED] - PR = <not implemented yet for class: org.codehaus.groovy.ast.expr.EmptyExpression>: null

29-01-2025T02:46:10 - [TEST_STEP][PASSED] - FR = <not implemented yet for class: org.codehaus.groovy.ast.expr.EmptyExpression>: null

29-01-2025T02:46:10 - [TEST_STEP][PASSED] - PB = <not implemented yet for class: org.codehaus.groovy.ast.expr.EmptyExpression>: null

29-01-2025T02:46:10 - [TEST_STEP][PASSED] - FB = <not implemented yet for class: org.codehaus.groovy.ast.expr.EmptyExpression>: null

29-01-2025T02:46:10 - [TEST_STEP][PASSED] - TR = <not implemented yet for class: org.codehaus.groovy.ast.expr.EmptyExpression>: null

29-01-2025T02:46:10 - [TEST_STEP][PASSED] - TB = <not implemented yet for class: org.codehaus.groovy.ast.expr.EmptyExpression>: null

29-01-2025T02:46:10 - [TEST_STEP][PASSED] - sheetName = "Sheet1": null

29-01-2025T02:46:10 - [TEST_STEP][PASSED] - data = findTestData("PlanFact"): null

29-01-2025T02:46:10 - [TEST_STEP][PASSED] - n = data.getRowNumbers() + 1: null

29-01-2025T02:46:10 - [TEST_STEP][PASSED] - year = todaysDate.substring(todaysDate.length() - 4, todaysDate.length()): null

29-01-2025T02:46:10 - [TEST_STEP][PASSED] - y = year.toInteger(): null

29-01-2025T02:46:10 - [TEST_STEP][PASSED] - m = getText(findTestObject("Выполнение бизнес-плана/Выполнение бизнес-плана Балансы/Фильтр Дата")): Text of object 'Object Repository/Выполнение бизнес-плана/Выполнение бизнес-плана Балансы/Фильтр Дата' is: 'Все'

29-01-2025T02:46:11 - [MESSAGE][PASSED] - Text of object 'Object Repository/Выполнение бизнес-плана/Выполнение бизнес-плана Балансы/Фильтр Дата' is: 'Все'

29-01-2025T02:46:11 - [TEST_STEP][ERROR] - m = m.substring(0, m.indexOf("2024")): Test Cases/Сверки дашбордов/Выполнение бизнес-плана сверка дашбордов FAILED.
Reason:
java.lang.StringIndexOutOfBoundsException: begin 0, end -1, length 3
	at Выполнение бизнес-плана сверка дашбордов.WriteToExcel(Выполнение бизнес-плана сверка дашбордов:1513)
	at Выполнение бизнес-плана сверка дашбордов.CompareDZOData(Выполнение бизнес-плана сверка дашбордов:683)
	at Выполнение бизнес-плана сверка дашбордов.run(Выполнение бизнес-плана сверка дашбордов:578)
	at com.kms.katalon.core.main.ScriptEngine.run(ScriptEngine.java:194)
	at com.kms.katalon.core.main.ScriptEngine.runScriptAsRawText(ScriptEngine.java:119)
	at com.kms.katalon.core.main.TestCaseExecutor.runScript(TestCaseExecutor.java:448)
	at com.kms.katalon.core.main.TestCaseExecutor.doExecute(TestCaseExecutor.java:439)
	at com.kms.katalon.core.main.TestCaseExecutor.processExecutionPhase(TestCaseExecutor.java:418)
	at com.kms.katalon.core.main.TestCaseExecutor.accessMainPhase(TestCaseExecutor.java:410)
	at com.kms.katalon.core.main.TestCaseExecutor.execute(TestCaseExecutor.java:285)
	at com.kms.katalon.core.common.CommonExecutor.accessTestCaseMainPhase(CommonExecutor.java:65)
	at com.kms.katalon.core.main.TestSuiteExecutor.accessTestSuiteMainPhase(TestSuiteExecutor.java:150)
	at com.kms.katalon.core.main.TestSuiteExecutor.execute(TestSuiteExecutor.java:106)
	at com.kms.katalon.core.main.TestCaseMain.startTestSuite(TestCaseMain.java:180)
	at TempTestSuite1738107421100.run(TempTestSuite1738107421100.groovy:35)
	at java.base/jdk.internal.reflect.NativeMethodAccessorImpl.invoke0(Native Method)
	at java.base/jdk.internal.reflect.NativeMethodAccessorImpl.invoke(NativeMethodAccessorImpl.java:77)
	at java.base/jdk.internal.reflect.DelegatingMethodAccessorImpl.invoke(DelegatingMethodAccessorImpl.java:43)


29-01-2025T02:46:11 - [MESSAGE][ERROR] - Test Cases/Сверки дашбордов/Выполнение бизнес-плана сверка дашбордов FAILED.
Reason:
java.lang.StringIndexOutOfBoundsException: begin 0, end -1, length 3
	at Выполнение бизнес-плана сверка дашбордов.WriteToExcel(Выполнение бизнес-плана сверка дашбордов:1513)
	at Выполнение бизнес-плана сверка дашбордов.CompareDZOData(Выполнение бизнес-плана сверка дашбордов:683)
	at Выполнение бизнес-плана сверка дашбордов.run(Выполнение бизнес-плана сверка дашбордов:578)
	at com.kms.katalon.core.main.ScriptEngine.run(ScriptEngine.java:194)
	at com.kms.katalon.core.main.ScriptEngine.runScriptAsRawText(ScriptEngine.java:119)
	at com.kms.katalon.core.main.TestCaseExecutor.runScript(TestCaseExecutor.java:448)
	at com.kms.katalon.core.main.TestCaseExecutor.doExecute(TestCaseExecutor.java:439)
	at com.kms.katalon.core.main.TestCaseExecutor.processExecutionPhase(TestCaseExecutor.java:418)
	at com.kms.katalon.core.main.TestCaseExecutor.accessMainPhase(TestCaseExecutor.java:410)
	at com.kms.katalon.core.main.TestCaseExecutor.execute(TestCaseExecutor.java:285)
	at com.kms.katalon.core.common.CommonExecutor.accessTestCaseMainPhase(CommonExecutor.java:65)
	at com.kms.katalon.core.main.TestSuiteExecutor.accessTestSuiteMainPhase(TestSuiteExecutor.java:150)
	at com.kms.katalon.core.main.TestSuiteExecutor.execute(TestSuiteExecutor.java:106)
	at com.kms.katalon.core.main.TestCaseMain.startTestSuite(TestCaseMain.java:180)
	at TempTestSuite1738107421100.run(TempTestSuite1738107421100.groovy:35)
	at java.base/jdk.internal.reflect.NativeMethodAccessorImpl.invoke0(Native Method)
	at java.base/jdk.internal.reflect.NativeMethodAccessorImpl.invoke(NativeMethodAccessorImpl.java:77)
	at java.base/jdk.internal.reflect.DelegatingMethodAccessorImpl.invoke(DelegatingMethodAccessorImpl.java:43)]]></system-out>
         <system-err><![CDATA[29-01-2025T02:37:05 - [TEST_CASE][FAILED] - Test Cases/Сверки дашбордов/Выполнение бизнес-плана сверка дашбордов: Test Cases/Сверки дашбордов/Выполнение бизнес-плана сверка дашбордов FAILED.
Reason:
com.kms.katalon.core.exception.StepFailedException: Unable to click on object 'Object Repository/Выполнение бизнес-плана/Выполнение бизнес-плана Балансы/2024 год' (Root cause: com.kms.katalon.core.exception.StepFailedException: Unable to click on object 'Object Repository/Выполнение бизнес-плана/Выполнение бизнес-плана Балансы/2024 год'
	at com.kms.katalon.core.webui.keyword.internal.WebUIKeywordMain.stepFailed(WebUIKeywordMain.groovy:64)
	at com.kms.katalon.core.webui.keyword.internal.WebUIKeywordMain.runKeyword(WebUIKeywordMain.groovy:26)
	at com.kms.katalon.core.webui.keyword.builtin.ClickKeyword.click(ClickKeyword.groovy:74)
	at com.kms.katalon.core.webui.keyword.builtin.ClickKeyword.execute(ClickKeyword.groovy:40)
	at com.kms.katalon.core.keyword.internal.KeywordExecutor.executeKeywordForPlatform(KeywordExecutor.groovy:74)
	at com.kms.katalon.core.webui.keyword.WebUiBuiltInKeywords.click(WebUiBuiltInKeywords.groovy:659)
	at Выполнение бизнес-плана сверка дашбордов.Presettings(Выполнение бизнес-плана сверка дашбордов:1728)
	at Выполнение бизнес-плана сверка дашбордов.run(Выполнение бизнес-плана сверка дашбордов:359)
	at com.kms.katalon.core.main.ScriptEngine.run(ScriptEngine.java:194)
	at com.kms.katalon.core.main.ScriptEngine.runScriptAsRawText(ScriptEngine.java:119)
	at com.kms.katalon.core.main.TestCaseExecutor.runScript(TestCaseExecutor.java:448)
	at com.kms.katalon.core.main.TestCaseExecutor.doExecute(TestCaseExecutor.java:439)
	at com.kms.katalon.core.main.TestCaseExecutor.processExecutionPhase(TestCaseExecutor.java:418)
	at com.kms.katalon.core.main.TestCaseExecutor.accessMainPhase(TestCaseExecutor.java:410)
	at com.kms.katalon.core.main.TestCaseExecutor.execute(TestCaseExecutor.java:285)
	at com.kms.katalon.core.common.CommonExecutor.accessTestCaseMainPhase(CommonExecutor.java:65)
	at com.kms.katalon.core.main.TestSuiteExecutor.accessTestSuiteMainPhase(TestSuiteExecutor.java:150)
	at com.kms.katalon.core.main.TestSuiteExecutor.execute(TestSuiteExecutor.java:106)
	at com.kms.katalon.core.main.TestCaseMain.startTestSuite(TestCaseMain.java:180)
	at TempTestSuite1738107421100.run(TempTestSuite1738107421100.groovy:35)
	at java.base/jdk.internal.reflect.NativeMethodAccessorImpl.invoke0(Native Method)
	at java.base/jdk.internal.reflect.NativeMethodAccessorImpl.invoke(NativeMethodAccessorImpl.java:77)
	at java.base/jdk.internal.reflect.DelegatingMethodAccessorImpl.invoke(DelegatingMethodAccessorImpl.java:43)
Caused by: org.openqa.selenium.ElementNotInteractableException: element not interactable
  (Session info: chrome=132.0.6834.159)
Build info: version: '3.141.59', revision: 'unknown', time: 'unknown'
System info: host: 'UVV-WS904-D', ip: '192.168.0.19', os.name: 'Windows 10', os.arch: 'amd64', os.version: '10.0', java.version: '17.0.7'
Driver info: com.kms.katalon.selenium.driver.CChromeDriver
Capabilities {acceptInsecureCerts: false, browserName: chrome, browserVersion: 132.0.6834.159, chrome: {chromedriverVersion: 131.0.6778.108 (3b014839fbc..., userDataDir: C:\Users\LIAZGI~1\AppData\L...}, fedcm:accounts: true, goog:chromeOptions: {debuggerAddress: localhost:55885}, javascriptEnabled: true, networkConnectionEnabled: false, pageLoadStrategy: normal, platform: WINDOWS, platformName: WINDOWS, proxy: Proxy(), setWindowRect: true, strictFileInteractability: false, timeouts: {implicit: 0, pageLoad: 300000, script: 30000}, unhandledPromptBehavior: dismiss and notify, webauthn:extension:credBlob: true, webauthn:extension:largeBlob: true, webauthn:extension:minPinLength: true, webauthn:extension:prf: true, webauthn:virtualAuthenticators: true}
Session ID: 49bba81899ab17328e3a6f5463c4b9b8
	at java.base/jdk.internal.reflect.NativeConstructorAccessorImpl.newInstance0(Native Method)
	at java.base/jdk.internal.reflect.NativeConstructorAccessorImpl.newInstance(NativeConstructorAccessorImpl.java:77)
	at java.base/jdk.internal.reflect.DelegatingConstructorAccessorImpl.newInstance(DelegatingConstructorAccessorImpl.java:45)
	at org.openqa.selenium.remote.http.W3CHttpResponseCodec.createException(W3CHttpResponseCodec.java:187)
	at org.openqa.selenium.remote.http.W3CHttpResponseCodec.decode(W3CHttpResponseCodec.java:122)
	at org.openqa.selenium.remote.http.W3CHttpResponseCodec.decode(W3CHttpResponseCodec.java:49)
	at org.openqa.selenium.remote.HttpCommandExecutor.execute(HttpCommandExecutor.java:158)
	at org.openqa.selenium.remote.service.DriverCommandExecutor.execute(DriverCommandExecutor.java:83)
	at org.openqa.selenium.remote.RemoteWebDriver.execute(RemoteWebDriver.java:552)
	at com.kms.katalon.selenium.driver.CChromeDriver.execute(CChromeDriver.java:19)
	at org.openqa.selenium.remote.RemoteWebElement.execute(RemoteWebElement.java:285)
	at org.openqa.selenium.remote.RemoteWebElement.click(RemoteWebElement.java:84)
	at jdk.internal.reflect.GeneratedMethodAccessor15.invoke(Unknown Source)
	at java.base/jdk.internal.reflect.DelegatingMethodAccessorImpl.invoke(DelegatingMethodAccessorImpl.java:43)
	at org.openqa.selenium.support.events.EventFiringWebDriver$EventFiringWebElement.lambda$new$0(EventFiringWebDriver.java:404)
	at jdk.proxy2/jdk.proxy2.$Proxy24.click(Unknown Source)
	at org.openqa.selenium.support.events.EventFiringWebDriver$EventFiringWebElement.click(EventFiringWebDriver.java:417)
	at org.openqa.selenium.WebElement$click.call(Unknown Source)
	at com.kms.katalon.core.webui.keyword.builtin.ClickKeyword.clickUntilSuccessWithTimeout(ClickKeyword.groovy:81)
	at com.kms.katalon.core.webui.keyword.builtin.ClickKeyword.clickUntilSuccessWithTimeout(ClickKeyword.groovy)
	at jdk.internal.reflect.GeneratedMethodAccessor13.invoke(Unknown Source)
	at java.base/jdk.internal.reflect.DelegatingMethodAccessorImpl.invoke(DelegatingMethodAccessorImpl.java:43)
	at com.kms.katalon.core.webui.keyword.builtin.ClickKeyword$_click_closure1.doCall(ClickKeyword.groovy:67)
	at com.kms.katalon.core.webui.keyword.builtin.ClickKeyword$_click_closure1.call(ClickKeyword.groovy)
	at com.kms.katalon.core.webui.keyword.internal.WebUIKeywordMain.runKeyword(WebUIKeywordMain.groovy:20)
	at com.kms.katalon.core.webui.keyword.builtin.ClickKeyword.click(ClickKeyword.groovy:74)
	at com.kms.katalon.core.webui.keyword.builtin.ClickKeyword.execute(ClickKeyword.groovy:40)
	at com.kms.katalon.core.keyword.internal.KeywordExecutor.executeKeywordForPlatform(KeywordExecutor.groovy:74)
	at com.kms.katalon.core.webui.keyword.WebUiBuiltInKeywords.click(WebUiBuiltInKeywords.groovy:659)
	at Script1719299571342.Presettings(Script1719299571342.groovy:1728)
	at Script1719299571342.run(Script1719299571342.groovy:359)
	... 15 more
)
	at com.kms.katalon.core.keyword.internal.KeywordMain.stepFailed(KeywordMain.groovy:39)
	at com.kms.katalon.core.webui.keyword.internal.WebUIKeywordMain.stepFailed(WebUIKeywordMain.groovy:64)
	at com.kms.katalon.core.webui.keyword.internal.WebUIKeywordMain.runKeyword(WebUIKeywordMain.groovy:26)
	at com.kms.katalon.core.webui.keyword.builtin.ClickKeyword.click(ClickKeyword.groovy:74)
	at com.kms.katalon.core.webui.keyword.builtin.ClickKeyword.execute(ClickKeyword.groovy:40)
	at com.kms.katalon.core.keyword.internal.KeywordExecutor.executeKeywordForPlatform(KeywordExecutor.groovy:74)
	at com.kms.katalon.core.webui.keyword.WebUiBuiltInKeywords.click(WebUiBuiltInKeywords.groovy:659)
	at Выполнение бизнес-плана сверка дашбордов.Presettings(Выполнение бизнес-плана сверка дашбордов:1728)
	at Выполнение бизнес-плана сверка дашбордов.run(Выполнение бизнес-плана сверка дашбордов:359)
	at com.kms.katalon.core.main.ScriptEngine.run(ScriptEngine.java:194)
	at com.kms.katalon.core.main.ScriptEngine.runScriptAsRawText(ScriptEngine.java:119)
	at com.kms.katalon.core.main.TestCaseExecutor.runScript(TestCaseExecutor.java:448)
	at com.kms.katalon.core.main.TestCaseExecutor.doExecute(TestCaseExecutor.java:439)
	at com.kms.katalon.core.main.TestCaseExecutor.processExecutionPhase(TestCaseExecutor.java:418)
	at com.kms.katalon.core.main.TestCaseExecutor.accessMainPhase(TestCaseExecutor.java:410)
	at com.kms.katalon.core.main.TestCaseExecutor.execute(TestCaseExecutor.java:285)
	at com.kms.katalon.core.common.CommonExecutor.accessTestCaseMainPhase(CommonExecutor.java:65)
	at com.kms.katalon.core.main.TestSuiteExecutor.accessTestSuiteMainPhase(TestSuiteExecutor.java:150)
	at com.kms.katalon.core.main.TestSuiteExecutor.execute(TestSuiteExecutor.java:106)
	at com.kms.katalon.core.main.TestCaseMain.startTestSuite(TestCaseMain.java:180)
	at TempTestSuite1738107421100.run(TempTestSuite1738107421100.groovy:35)
	at java.base/jdk.internal.reflect.NativeMethodAccessorImpl.invoke0(Native Method)
	at java.base/jdk.internal.reflect.NativeMethodAccessorImpl.invoke(NativeMethodAccessorImpl.java:77)
	at java.base/jdk.internal.reflect.DelegatingMethodAccessorImpl.invoke(DelegatingMethodAccessorImpl.java:43)
Caused by: com.kms.katalon.core.exception.StepFailedException: Unable to click on object 'Object Repository/Выполнение бизнес-плана/Выполнение бизнес-плана Балансы/2024 год'
	... 23 more
Caused by: org.openqa.selenium.ElementNotInteractableException: element not interactable
  (Session info: chrome=132.0.6834.159)
Build info: version: '3.141.59', revision: 'unknown', time: 'unknown'
System info: host: 'UVV-WS904-D', ip: '192.168.0.19', os.name: 'Windows 10', os.arch: 'amd64', os.version: '10.0', java.version: '17.0.7'
Driver info: com.kms.katalon.selenium.driver.CChromeDriver
Capabilities {acceptInsecureCerts: false, browserName: chrome, browserVersion: 132.0.6834.159, chrome: {chromedriverVersion: 131.0.6778.108 (3b014839fbc..., userDataDir: C:\Users\LIAZGI~1\AppData\L...}, fedcm:accounts: true, goog:chromeOptions: {debuggerAddress: localhost:55885}, javascriptEnabled: true, networkConnectionEnabled: false, pageLoadStrategy: normal, platform: WINDOWS, platformName: WINDOWS, proxy: Proxy(), setWindowRect: true, strictFileInteractability: false, timeouts: {implicit: 0, pageLoad: 300000, script: 30000}, unhandledPromptBehavior: dismiss and notify, webauthn:extension:credBlob: true, webauthn:extension:largeBlob: true, webauthn:extension:minPinLength: true, webauthn:extension:prf: true, webauthn:virtualAuthenticators: true}
Session ID: 49bba81899ab17328e3a6f5463c4b9b8
	at java.base/jdk.internal.reflect.NativeConstructorAccessorImpl.newInstance0(Native Method)
	at java.base/jdk.internal.reflect.NativeConstructorAccessorImpl.newInstance(NativeConstructorAccessorImpl.java:77)
	at java.base/jdk.internal.reflect.DelegatingConstructorAccessorImpl.newInstance(DelegatingConstructorAccessorImpl.java:45)
	at org.openqa.selenium.remote.http.W3CHttpResponseCodec.createException(W3CHttpResponseCodec.java:187)
	at org.openqa.selenium.remote.http.W3CHttpResponseCodec.decode(W3CHttpResponseCodec.java:122)
	at org.openqa.selenium.remote.http.W3CHttpResponseCodec.decode(W3CHttpResponseCodec.java:49)
	at org.openqa.selenium.remote.HttpCommandExecutor.execute(HttpCommandExecutor.java:158)
	at org.openqa.selenium.remote.service.DriverCommandExecutor.execute(DriverCommandExecutor.java:83)
	at org.openqa.selenium.remote.RemoteWebDriver.execute(RemoteWebDriver.java:552)
	at com.kms.katalon.selenium.driver.CChromeDriver.execute(CChromeDriver.java:19)
	at org.openqa.selenium.remote.RemoteWebElement.execute(RemoteWebElement.java:285)
	at org.openqa.selenium.remote.RemoteWebElement.click(RemoteWebElement.java:84)
	at jdk.internal.reflect.GeneratedMethodAccessor15.invoke(Unknown Source)
	at java.base/jdk.internal.reflect.DelegatingMethodAccessorImpl.invoke(DelegatingMethodAccessorImpl.java:43)
	at org.openqa.selenium.support.events.EventFiringWebDriver$EventFiringWebElement.lambda$new$0(EventFiringWebDriver.java:404)
	at jdk.proxy2/jdk.proxy2.$Proxy24.click(Unknown Source)
	at org.openqa.selenium.support.events.EventFiringWebDriver$EventFiringWebElement.click(EventFiringWebDriver.java:417)
	at org.openqa.selenium.WebElement$click.call(Unknown Source)
	at com.kms.katalon.core.webui.keyword.builtin.ClickKeyword.clickUntilSuccessWithTimeout(ClickKeyword.groovy:81)
	at com.kms.katalon.core.webui.keyword.builtin.ClickKeyword.clickUntilSuccessWithTimeout(ClickKeyword.groovy)
	at jdk.internal.reflect.GeneratedMethodAccessor13.invoke(Unknown Source)
	at java.base/jdk.internal.reflect.DelegatingMethodAccessorImpl.invoke(DelegatingMethodAccessorImpl.java:43)
	at com.kms.katalon.core.webui.keyword.builtin.ClickKeyword$_click_closure1.doCall(ClickKeyword.groovy:67)
	at com.kms.katalon.core.webui.keyword.builtin.ClickKeyword$_click_closure1.call(ClickKeyword.groovy)
	at com.kms.katalon.core.webui.keyword.internal.WebUIKeywordMain.runKeyword(WebUIKeywordMain.groovy:20)
	... 21 more]]></system-err>
      </testcase>
      <testcase name="Test Cases/Сверки дашбордов/Выручка в рублях сверка дашбордов ПАО Россети" time="5069.245" classname="Test Cases/Сверки дашбордов/Выручка в рублях сверка дашбордов ПАО Россети" status="FAILED">
         <failure type="FAILED" message="Test Cases/Сверки дашбордов/Выручка в рублях сверка дашбордов ПАО Россети FAILED.&#xa;Reason:&#xa;com.kms.katalon.core.exception.StepFailedException: Unable to verify equal between actual object '-86.83' and expected object '0.49' (Root cause: com.kms.katalon.core.exception.StepFailedException: Actual object '-86.83' and expected object '0.49' are not equal&#xa;	at com.kms.katalon.core.keyword.builtin.VerifyEqualKeyword$_verifyEqual_closure1.doCall(VerifyEqualKeyword.groovy:58)&#xa;	at com.kms.katalon.core.keyword.builtin.VerifyEqualKeyword$_verifyEqual_closure1.call(VerifyEqualKeyword.groovy)&#xa;	at com.kms.katalon.core.keyword.internal.KeywordMain.runKeyword(KeywordMain.groovy:75)&#xa;	at com.kms.katalon.core.keyword.builtin.VerifyEqualKeyword.verifyEqual(VerifyEqualKeyword.groovy:63)&#xa;	at com.kms.katalon.core.keyword.builtin.VerifyEqualKeyword.execute(VerifyEqualKeyword.groovy:44)&#xa;	at com.kms.katalon.core.keyword.internal.KeywordExecutor.executeKeywordForPlatform(KeywordExecutor.groovy:74)&#xa;	at com.kms.katalon.core.keyword.BuiltinKeywords.verifyEqual(BuiltinKeywords.groovy:146)&#xa;	at jdk.internal.reflect.GeneratedMethodAccessor25.invoke(Unknown Source)&#xa;	at java.base/jdk.internal.reflect.DelegatingMethodAccessorImpl.invoke(DelegatingMethodAccessorImpl.java:43)&#xa;	at Выручка в рублях сверка дашбордов ПАО Россети.Blocks(Выручка в рублях сверка дашбордов ПАО Россети:357)&#xa;	at Выручка в рублях сверка дашбордов ПАО Россети.ViruchkaChange(Выручка в рублях сверка дашбордов ПАО Россети:60)&#xa;	at Выручка в рублях сверка дашбордов ПАО Россети.run(Выручка в рублях сверка дашбордов ПАО Россети:55)&#xa;	at com.kms.katalon.core.main.ScriptEngine.run(ScriptEngine.java:194)&#xa;	at com.kms.katalon.core.main.ScriptEngine.runScriptAsRawText(ScriptEngine.java:119)&#xa;	at com.kms.katalon.core.main.TestCaseExecutor.runScript(TestCaseExecutor.java:448)&#xa;	at com.kms.katalon.core.main.TestCaseExecutor.doExecute(TestCaseExecutor.java:439)&#xa;	at com.kms.katalon.core.main.TestCaseExecutor.processExecutionPhase(TestCaseExecutor.java:418)&#xa;	at com.kms.katalon.core.main.TestCaseExecutor.accessMainPhase(TestCaseExecutor.java:410)&#xa;	at com.kms.katalon.core.main.TestCaseExecutor.execute(TestCaseExecutor.java:285)&#xa;	at com.kms.katalon.core.common.CommonExecutor.accessTestCaseMainPhase(CommonExecutor.java:65)&#xa;	at com.kms.katalon.core.main.TestSuiteExecutor.accessTestSuiteMainPhase(TestSuiteExecutor.java:150)&#xa;	at com.kms.katalon.core.main.TestSuiteExecutor.execute(TestSuiteExecutor.java:106)&#xa;	at com.kms.katalon.core.main.TestCaseMain.startTestSuite(TestCaseMain.java:180)&#xa;	at TempTestSuite1738107421100.run(TempTestSuite1738107421100.groovy:35)&#xa;	at java.base/jdk.internal.reflect.NativeMethodAccessorImpl.invoke0(Native Method)&#xa;	at java.base/jdk.internal.reflect.NativeMethodAccessorImpl.invoke(NativeMethodAccessorImpl.java:77)&#xa;	at java.base/jdk.internal.reflect.DelegatingMethodAccessorImpl.invoke(DelegatingMethodAccessorImpl.java:43)&#xa;)&#xa;	at com.kms.katalon.core.keyword.internal.KeywordMain.stepFailed(KeywordMain.groovy:39)&#xa;	at com.kms.katalon.core.keyword.internal.KeywordMain.stepFailed(KeywordMain.groovy)&#xa;	at com.kms.katalon.core.keyword.internal.KeywordMain.runKeyword(KeywordMain.groovy:77)&#xa;	at com.kms.katalon.core.keyword.builtin.VerifyEqualKeyword.verifyEqual(VerifyEqualKeyword.groovy:63)&#xa;	at com.kms.katalon.core.keyword.builtin.VerifyEqualKeyword.execute(VerifyEqualKeyword.groovy:44)&#xa;	at com.kms.katalon.core.keyword.internal.KeywordExecutor.executeKeywordForPlatform(KeywordExecutor.groovy:74)&#xa;	at com.kms.katalon.core.keyword.BuiltinKeywords.verifyEqual(BuiltinKeywords.groovy:146)&#xa;	at jdk.internal.reflect.GeneratedMethodAccessor25.invoke(Unknown Source)&#xa;	at java.base/jdk.internal.reflect.DelegatingMethodAccessorImpl.invoke(DelegatingMethodAccessorImpl.java:43)&#xa;	at Выручка в рублях сверка дашбордов ПАО Россети.Blocks(Выручка в рублях сверка дашбордов ПАО Россети:357)&#xa;	at Выручка в рублях сверка дашбордов ПАО Россети.ViruchkaChange(Выручка в рублях сверка дашбордов ПАО Россети:60)&#xa;	at Выручка в рублях сверка дашбордов ПАО Россети.run(Выручка в рублях сверка дашбордов ПАО Россети:55)&#xa;	at com.kms.katalon.core.main.ScriptEngine.run(ScriptEngine.java:194)&#xa;	at com.kms.katalon.core.main.ScriptEngine.runScriptAsRawText(ScriptEngine.java:119)&#xa;	at com.kms.katalon.core.main.TestCaseExecutor.runScript(TestCaseExecutor.java:448)&#xa;	at com.kms.katalon.core.main.TestCaseExecutor.doExecute(TestCaseExecutor.java:439)&#xa;	at com.kms.katalon.core.main.TestCaseExecutor.processExecutionPhase(TestCaseExecutor.java:418)&#xa;	at com.kms.katalon.core.main.TestCaseExecutor.accessMainPhase(TestCaseExecutor.java:410)&#xa;	at com.kms.katalon.core.main.TestCaseExecutor.execute(TestCaseExecutor.java:285)&#xa;	at com.kms.katalon.core.common.CommonExecutor.accessTestCaseMainPhase(CommonExecutor.java:65)&#xa;	at com.kms.katalon.core.main.TestSuiteExecutor.accessTestSuiteMainPhase(TestSuiteExecutor.java:150)&#xa;	at com.kms.katalon.core.main.TestSuiteExecutor.execute(TestSuiteExecutor.java:106)&#xa;	at com.kms.katalon.core.main.TestCaseMain.startTestSuite(TestCaseMain.java:180)&#xa;	at TempTestSuite1738107421100.run(TempTestSuite1738107421100.groovy:35)&#xa;	at java.base/jdk.internal.reflect.NativeMethodAccessorImpl.invoke0(Native Method)&#xa;	at java.base/jdk.internal.reflect.NativeMethodAccessorImpl.invoke(NativeMethodAccessorImpl.java:77)&#xa;	at java.base/jdk.internal.reflect.DelegatingMethodAccessorImpl.invoke(DelegatingMethodAccessorImpl.java:43)&#xa;Caused by: com.kms.katalon.core.exception.StepFailedException: Actual object '-86.83' and expected object '0.49' are not equal&#xa;	at com.kms.katalon.core.keyword.builtin.VerifyEqualKeyword$_verifyEqual_closure1.doCall(VerifyEqualKeyword.groovy:58)&#xa;	at com.kms.katalon.core.keyword.builtin.VerifyEqualKeyword$_verifyEqual_closure1.call(VerifyEqualKeyword.groovy)&#xa;	at com.kms.katalon.core.keyword.internal.KeywordMain.runKeyword(KeywordMain.groovy:75)&#xa;	... 24 more&#xa;"/>
         <system-out><![CDATA[29-01-2025T02:46:11 - [TEST_CASE][FAILED] - Test Cases/Сверки дашбордов/Выручка в рублях сверка дашбордов ПАО Россети: Test Cases/Сверки дашбордов/Выручка в рублях сверка дашбордов ПАО Россети FAILED.
Reason:
com.kms.katalon.core.exception.StepFailedException: Unable to verify equal between actual object '-86.83' and expected object '0.49' (Root cause: com.kms.katalon.core.exception.StepFailedException: Actual object '-86.83' and expected object '0.49' are not equal
	at com.kms.katalon.core.keyword.builtin.VerifyEqualKeyword$_verifyEqual_closure1.doCall(VerifyEqualKeyword.groovy:58)
	at com.kms.katalon.core.keyword.builtin.VerifyEqualKeyword$_verifyEqual_closure1.call(VerifyEqualKeyword.groovy)
	at com.kms.katalon.core.keyword.internal.KeywordMain.runKeyword(KeywordMain.groovy:75)
	at com.kms.katalon.core.keyword.builtin.VerifyEqualKeyword.verifyEqual(VerifyEqualKeyword.groovy:63)
	at com.kms.katalon.core.keyword.builtin.VerifyEqualKeyword.execute(VerifyEqualKeyword.groovy:44)
	at com.kms.katalon.core.keyword.internal.KeywordExecutor.executeKeywordForPlatform(KeywordExecutor.groovy:74)
	at com.kms.katalon.core.keyword.BuiltinKeywords.verifyEqual(BuiltinKeywords.groovy:146)
	at jdk.internal.reflect.GeneratedMethodAccessor25.invoke(Unknown Source)
	at java.base/jdk.internal.reflect.DelegatingMethodAccessorImpl.invoke(DelegatingMethodAccessorImpl.java:43)
	at Выручка в рублях сверка дашбордов ПАО Россети.Blocks(Выручка в рублях сверка дашбордов ПАО Россети:357)
	at Выручка в рублях сверка дашбордов ПАО Россети.ViruchkaChange(Выручка в рублях сверка дашбордов ПАО Россети:60)
	at Выручка в рублях сверка дашбордов ПАО Россети.run(Выручка в рублях сверка дашбордов ПАО Россети:55)
	at com.kms.katalon.core.main.ScriptEngine.run(ScriptEngine.java:194)
	at com.kms.katalon.core.main.ScriptEngine.runScriptAsRawText(ScriptEngine.java:119)
	at com.kms.katalon.core.main.TestCaseExecutor.runScript(TestCaseExecutor.java:448)
	at com.kms.katalon.core.main.TestCaseExecutor.doExecute(TestCaseExecutor.java:439)
	at com.kms.katalon.core.main.TestCaseExecutor.processExecutionPhase(TestCaseExecutor.java:418)
	at com.kms.katalon.core.main.TestCaseExecutor.accessMainPhase(TestCaseExecutor.java:410)
	at com.kms.katalon.core.main.TestCaseExecutor.execute(TestCaseExecutor.java:285)
	at com.kms.katalon.core.common.CommonExecutor.accessTestCaseMainPhase(CommonExecutor.java:65)
	at com.kms.katalon.core.main.TestSuiteExecutor.accessTestSuiteMainPhase(TestSuiteExecutor.java:150)
	at com.kms.katalon.core.main.TestSuiteExecutor.execute(TestSuiteExecutor.java:106)
	at com.kms.katalon.core.main.TestCaseMain.startTestSuite(TestCaseMain.java:180)
	at TempTestSuite1738107421100.run(TempTestSuite1738107421100.groovy:35)
	at java.base/jdk.internal.reflect.NativeMethodAccessorImpl.invoke0(Native Method)
	at java.base/jdk.internal.reflect.NativeMethodAccessorImpl.invoke(NativeMethodAccessorImpl.java:77)
	at java.base/jdk.internal.reflect.DelegatingMethodAccessorImpl.invoke(DelegatingMethodAccessorImpl.java:43)
)
	at com.kms.katalon.core.keyword.internal.KeywordMain.stepFailed(KeywordMain.groovy:39)
	at com.kms.katalon.core.keyword.internal.KeywordMain.stepFailed(KeywordMain.groovy)
	at com.kms.katalon.core.keyword.internal.KeywordMain.runKeyword(KeywordMain.groovy:77)
	at com.kms.katalon.core.keyword.builtin.VerifyEqualKeyword.verifyEqual(VerifyEqualKeyword.groovy:63)
	at com.kms.katalon.core.keyword.builtin.VerifyEqualKeyword.execute(VerifyEqualKeyword.groovy:44)
	at com.kms.katalon.core.keyword.internal.KeywordExecutor.executeKeywordForPlatform(KeywordExecutor.groovy:74)
	at com.kms.katalon.core.keyword.BuiltinKeywords.verifyEqual(BuiltinKeywords.groovy:146)
	at jdk.internal.reflect.GeneratedMethodAccessor25.invoke(Unknown Source)
	at java.base/jdk.internal.reflect.DelegatingMethodAccessorImpl.invoke(DelegatingMethodAccessorImpl.java:43)
	at Выручка в рублях сверка дашбордов ПАО Россети.Blocks(Выручка в рублях сверка дашбордов ПАО Россети:357)
	at Выручка в рублях сверка дашбордов ПАО Россети.ViruchkaChange(Выручка в рублях сверка дашбордов ПАО Россети:60)
	at Выручка в рублях сверка дашбордов ПАО Россети.run(Выручка в рублях сверка дашбордов ПАО Россети:55)
	at com.kms.katalon.core.main.ScriptEngine.run(ScriptEngine.java:194)
	at com.kms.katalon.core.main.ScriptEngine.runScriptAsRawText(ScriptEngine.java:119)
	at com.kms.katalon.core.main.TestCaseExecutor.runScript(TestCaseExecutor.java:448)
	at com.kms.katalon.core.main.TestCaseExecutor.doExecute(TestCaseExecutor.java:439)
	at com.kms.katalon.core.main.TestCaseExecutor.processExecutionPhase(TestCaseExecutor.java:418)
	at com.kms.katalon.core.main.TestCaseExecutor.accessMainPhase(TestCaseExecutor.java:410)
	at com.kms.katalon.core.main.TestCaseExecutor.execute(TestCaseExecutor.java:285)
	at com.kms.katalon.core.common.CommonExecutor.accessTestCaseMainPhase(CommonExecutor.java:65)
	at com.kms.katalon.core.main.TestSuiteExecutor.accessTestSuiteMainPhase(TestSuiteExecutor.java:150)
	at com.kms.katalon.core.main.TestSuiteExecutor.execute(TestSuiteExecutor.java:106)
	at com.kms.katalon.core.main.TestCaseMain.startTestSuite(TestCaseMain.java:180)
	at TempTestSuite1738107421100.run(TempTestSuite1738107421100.groovy:35)
	at java.base/jdk.internal.reflect.NativeMethodAccessorImpl.invoke0(Native Method)
	at java.base/jdk.internal.reflect.NativeMethodAccessorImpl.invoke(NativeMethodAccessorImpl.java:77)
	at java.base/jdk.internal.reflect.DelegatingMethodAccessorImpl.invoke(DelegatingMethodAccessorImpl.java:43)
Caused by: com.kms.katalon.core.exception.StepFailedException: Actual object '-86.83' and expected object '0.49' are not equal
	at com.kms.katalon.core.keyword.builtin.VerifyEqualKeyword$_verifyEqual_closure1.doCall(VerifyEqualKeyword.groovy:58)
	at com.kms.katalon.core.keyword.builtin.VerifyEqualKeyword$_verifyEqual_closure1.call(VerifyEqualKeyword.groovy)
	at com.kms.katalon.core.keyword.internal.KeywordMain.runKeyword(KeywordMain.groovy:75)
	... 24 more


29-01-2025T02:46:11 - [TEST_STEP][PASSED] - date = new java.util.Date(): null

29-01-2025T02:46:11 - [TEST_STEP][PASSED] - todaysDate = date.format("dd.MM.yyyy"): null

29-01-2025T02:46:11 - [TEST_STEP][PASSED] - println(todaysDate): null

29-01-2025T02:46:11 - [TEST_STEP][PASSED] - run = 1: null

29-01-2025T02:46:11 - [TEST_STEP][PASSED] - vir = 1: null

29-01-2025T02:46:11 - [TEST_STEP][PASSED] - block = 1: null

29-01-2025T02:46:11 - [TEST_STEP][PASSED] - vidget = <not implemented yet for class: org.codehaus.groovy.ast.expr.EmptyExpression>: null

29-01-2025T02:46:11 - [TEST_STEP][PASSED] - nameOfBlock = <not implemented yet for class: org.codehaus.groovy.ast.expr.EmptyExpression>: null

29-01-2025T02:46:11 - [TEST_STEP][PASSED] - typeOfData = <not implemented yet for class: org.codehaus.groovy.ast.expr.EmptyExpression>: null

29-01-2025T02:46:11 - [TEST_STEP][PASSED] - viruchka = <not implemented yet for class: org.codehaus.groovy.ast.expr.EmptyExpression>: null

29-01-2025T02:46:11 - [TEST_STEP][PASSED] - a = <not implemented yet for class: org.codehaus.groovy.ast.expr.EmptyExpression>: null

29-01-2025T02:46:11 - [TEST_STEP][PASSED] - b = <not implemented yet for class: org.codehaus.groovy.ast.expr.EmptyExpression>: null

29-01-2025T02:46:11 - [TEST_STEP][PASSED] - x = <not implemented yet for class: org.codehaus.groovy.ast.expr.EmptyExpression>: null

29-01-2025T02:46:11 - [TEST_STEP][PASSED] - y = <not implemented yet for class: org.codehaus.groovy.ast.expr.EmptyExpression>: null

29-01-2025T02:46:11 - [TEST_STEP][PASSED] - dZO = "ПАО Россети": null

29-01-2025T02:46:11 - [TEST_STEP][PASSED] - for ([run = 1, run < 3, (run++)]): null

29-01-2025T02:46:11 - [TEST_STEP][PASSED] - Script1710234207206.ViruchkaChange(run, vir, block, nameOfBlock, typeOfData, viruchka, vidget, todaysDate, a, b, dZO, x, y): null

29-01-2025T02:46:11 - [TEST_STEP][PASSED] - for ([vir = 1, vir < 4, (vir++)]): null

29-01-2025T02:46:11 - [TEST_STEP][PASSED] - Script1710234207206.Blocks(run, vir, block, nameOfBlock, typeOfData, viruchka, vidget, todaysDate, a, b, dZO, x, y): null

29-01-2025T02:46:11 - [TEST_STEP][PASSED] - i = <not implemented yet for class: org.codehaus.groovy.ast.expr.EmptyExpression>: null

29-01-2025T02:46:11 - [TEST_STEP][PASSED] - perc = "": null

29-01-2025T02:46:11 - [TEST_STEP][PASSED] - a1 = <not implemented yet for class: org.codehaus.groovy.ast.expr.EmptyExpression>: null

29-01-2025T02:46:11 - [TEST_STEP][PASSED] - a2 = <not implemented yet for class: org.codehaus.groovy.ast.expr.EmptyExpression>: null

29-01-2025T02:46:11 - [TEST_STEP][PASSED] - a30 = <not implemented yet for class: org.codehaus.groovy.ast.expr.EmptyExpression>: null

29-01-2025T02:46:11 - [TEST_STEP][PASSED] - a31 = <not implemented yet for class: org.codehaus.groovy.ast.expr.EmptyExpression>: null

29-01-2025T02:46:11 - [TEST_STEP][PASSED] - a32 = <not implemented yet for class: org.codehaus.groovy.ast.expr.EmptyExpression>: null

29-01-2025T02:46:11 - [TEST_STEP][PASSED] - a33 = <not implemented yet for class: org.codehaus.groovy.ast.expr.EmptyExpression>: null

29-01-2025T02:46:11 - [TEST_STEP][PASSED] - a34 = <not implemented yet for class: org.codehaus.groovy.ast.expr.EmptyExpression>: null

29-01-2025T02:46:11 - [TEST_STEP][PASSED] - a35 = <not implemented yet for class: org.codehaus.groovy.ast.expr.EmptyExpression>: null

29-01-2025T02:46:11 - [TEST_STEP][PASSED] - a36 = <not implemented yet for class: org.codehaus.groovy.ast.expr.EmptyExpression>: null

29-01-2025T02:46:11 - [TEST_STEP][PASSED] - a37 = <not implemented yet for class: org.codehaus.groovy.ast.expr.EmptyExpression>: null

29-01-2025T02:46:11 - [TEST_STEP][PASSED] - a38 = <not implemented yet for class: org.codehaus.groovy.ast.expr.EmptyExpression>: null

29-01-2025T02:46:11 - [TEST_STEP][PASSED] - a39 = <not implemented yet for class: org.codehaus.groovy.ast.expr.EmptyExpression>: null

29-01-2025T02:46:11 - [TEST_STEP][PASSED] - a310 = <not implemented yet for class: org.codehaus.groovy.ast.expr.EmptyExpression>: null

29-01-2025T02:46:11 - [TEST_STEP][PASSED] - a311 = <not implemented yet for class: org.codehaus.groovy.ast.expr.EmptyExpression>: null

29-01-2025T02:46:11 - [TEST_STEP][PASSED] - a312 = <not implemented yet for class: org.codehaus.groovy.ast.expr.EmptyExpression>: null

29-01-2025T02:46:11 - [TEST_STEP][PASSED] - a313 = <not implemented yet for class: org.codehaus.groovy.ast.expr.EmptyExpression>: null

29-01-2025T02:46:11 - [TEST_STEP][PASSED] - a314 = <not implemented yet for class: org.codehaus.groovy.ast.expr.EmptyExpression>: null

29-01-2025T02:46:11 - [TEST_STEP][PASSED] - a315 = <not implemented yet for class: org.codehaus.groovy.ast.expr.EmptyExpression>: null

29-01-2025T02:46:11 - [TEST_STEP][PASSED] - a316 = <not implemented yet for class: org.codehaus.groovy.ast.expr.EmptyExpression>: null

29-01-2025T02:46:11 - [TEST_STEP][PASSED] - a317 = <not implemented yet for class: org.codehaus.groovy.ast.expr.EmptyExpression>: null

29-01-2025T02:46:11 - [TEST_STEP][PASSED] - b1 = <not implemented yet for class: org.codehaus.groovy.ast.expr.EmptyExpression>: null

29-01-2025T02:46:11 - [TEST_STEP][PASSED] - b2 = <not implemented yet for class: org.codehaus.groovy.ast.expr.EmptyExpression>: null

29-01-2025T02:46:11 - [TEST_STEP][PASSED] - b30 = <not implemented yet for class: org.codehaus.groovy.ast.expr.EmptyExpression>: null

29-01-2025T02:46:11 - [TEST_STEP][PASSED] - b31 = <not implemented yet for class: org.codehaus.groovy.ast.expr.EmptyExpression>: null

29-01-2025T02:46:11 - [TEST_STEP][PASSED] - b32 = <not implemented yet for class: org.codehaus.groovy.ast.expr.EmptyExpression>: null

29-01-2025T02:46:11 - [TEST_STEP][PASSED] - b33 = <not implemented yet for class: org.codehaus.groovy.ast.expr.EmptyExpression>: null

29-01-2025T02:46:11 - [TEST_STEP][PASSED] - b34 = <not implemented yet for class: org.codehaus.groovy.ast.expr.EmptyExpression>: null

29-01-2025T02:46:11 - [TEST_STEP][PASSED] - b35 = <not implemented yet for class: org.codehaus.groovy.ast.expr.EmptyExpression>: null

29-01-2025T02:46:11 - [TEST_STEP][PASSED] - b36 = <not implemented yet for class: org.codehaus.groovy.ast.expr.EmptyExpression>: null

29-01-2025T02:46:11 - [TEST_STEP][PASSED] - b37 = <not implemented yet for class: org.codehaus.groovy.ast.expr.EmptyExpression>: null

29-01-2025T02:46:11 - [TEST_STEP][PASSED] - b38 = <not implemented yet for class: org.codehaus.groovy.ast.expr.EmptyExpression>: null

29-01-2025T02:46:11 - [TEST_STEP][PASSED] - b39 = <not implemented yet for class: org.codehaus.groovy.ast.expr.EmptyExpression>: null

29-01-2025T02:46:11 - [TEST_STEP][PASSED] - b310 = <not implemented yet for class: org.codehaus.groovy.ast.expr.EmptyExpression>: null

29-01-2025T02:46:11 - [TEST_STEP][PASSED] - b311 = <not implemented yet for class: org.codehaus.groovy.ast.expr.EmptyExpression>: null

29-01-2025T02:46:11 - [TEST_STEP][PASSED] - b312 = <not implemented yet for class: org.codehaus.groovy.ast.expr.EmptyExpression>: null

29-01-2025T02:46:11 - [TEST_STEP][PASSED] - b313 = <not implemented yet for class: org.codehaus.groovy.ast.expr.EmptyExpression>: null

29-01-2025T02:46:11 - [TEST_STEP][PASSED] - b314 = <not implemented yet for class: org.codehaus.groovy.ast.expr.EmptyExpression>: null

29-01-2025T02:46:11 - [TEST_STEP][PASSED] - b315 = <not implemented yet for class: org.codehaus.groovy.ast.expr.EmptyExpression>: null

29-01-2025T02:46:11 - [TEST_STEP][PASSED] - b316 = <not implemented yet for class: org.codehaus.groovy.ast.expr.EmptyExpression>: null

29-01-2025T02:46:11 - [TEST_STEP][PASSED] - b317 = <not implemented yet for class: org.codehaus.groovy.ast.expr.EmptyExpression>: null

29-01-2025T02:46:11 - [TEST_STEP][PASSED] - block = 1: null

29-01-2025T02:46:11 - [TEST_STEP][PASSED] - nameOfBlock = "": null

29-01-2025T02:46:11 - [TEST_STEP][PASSED] - Script1710234207206.PreSettings(run, vir, block, nameOfBlock, typeOfData, todaysDate): null

29-01-2025T02:46:11 - [TEST_STEP][PASSED] - openBrowser(""): Browser is opened with url: ''

29-01-2025T02:46:11 - [MESSAGE][WARNING] - A browser is already opened. Closing browser and opening a new one

29-01-2025T02:46:11 - [MESSAGE][INFO] - Starting 'Chrome' driver

29-01-2025T02:46:11 - [MESSAGE][INFO] - Action delay is set to 0 milliseconds

29-01-2025T02:46:13 - [MESSAGE][PASSED] - Browser is opened with url: ''

29-01-2025T02:46:13 - [TEST_STEP][PASSED] - refresh(): Refresh successfully

29-01-2025T02:46:13 - [MESSAGE][PASSED] - Refresh successfully

29-01-2025T02:46:13 - [TEST_STEP][PASSED] - delay(50): Delayed 50 second(s)

29-01-2025T02:47:03 - [MESSAGE][PASSED] - Delayed 50 second(s)

29-01-2025T02:47:03 - [TEST_STEP][PASSED] - println("run:" + run): null

29-01-2025T02:47:03 - [TEST_STEP][PASSED] - println("vir:" + vir): null

29-01-2025T02:47:03 - [TEST_STEP][PASSED] - println("block:" + block): null

29-01-2025T02:47:03 - [TEST_STEP][PASSED] - if (block == 1): null

29-01-2025T02:47:03 - [TEST_STEP][PASSED] - nameOfBlock = "": null

29-01-2025T02:47:03 - [TEST_STEP][PASSED] - println("nameOfBlock:" + nameOfBlock): null

29-01-2025T02:47:03 - [TEST_STEP][PASSED] - println("typeOfData:" + typeOfData): null

29-01-2025T02:47:03 - [TEST_STEP][PASSED] - println("todaysDate:" + todaysDate): null

29-01-2025T02:47:03 - [TEST_STEP][PASSED] - Script1710234207206.Autorization(block, nameOfBlock): null

29-01-2025T02:47:03 - [TEST_STEP][PASSED] - i = <not implemented yet for class: org.codehaus.groovy.ast.expr.EmptyExpression>: null

29-01-2025T02:47:03 - [TEST_STEP][PASSED] - ii = <not implemented yet for class: org.codehaus.groovy.ast.expr.EmptyExpression>: null

29-01-2025T02:47:03 - [TEST_STEP][PASSED] - urlData = <not implemented yet for class: org.codehaus.groovy.ast.expr.EmptyExpression>: null

29-01-2025T02:47:03 - [TEST_STEP][PASSED] - searchWord = <not implemented yet for class: org.codehaus.groovy.ast.expr.EmptyExpression>: null

29-01-2025T02:47:03 - [TEST_STEP][PASSED] - urlText = <not implemented yet for class: org.codehaus.groovy.ast.expr.EmptyExpression>: null

29-01-2025T02:47:03 - [TEST_STEP][PASSED] - println("block:" + block): null

29-01-2025T02:47:03 - [TEST_STEP][PASSED] - if (block == 1): null

29-01-2025T02:47:03 - [TEST_STEP][PASSED] - nameOfBlock = "": null

29-01-2025T02:47:03 - [TEST_STEP][PASSED] - println("nameOfBlock:" + nameOfBlock): null

29-01-2025T02:47:03 - [TEST_STEP][PASSED] - if (block == 1): Delayed 45 second(s)

29-01-2025T02:47:03 - [TEST_STEP][PASSED] - urlData = 2: null

29-01-2025T02:47:03 - [TEST_STEP][PASSED] - delay(45): Delayed 45 second(s)

29-01-2025T02:47:48 - [MESSAGE][PASSED] - Delayed 45 second(s)

29-01-2025T02:47:48 - [TEST_STEP][PASSED] - navigateToUrl(findTestData("PlanFact").getValue(10, urlData)): Navigate to 'https://bi.rosseti.digital/viewer?dashboardGuid=2301950b23be4ed89c1df75f2020051e&sheetGuid=b723206f698544fb87299f3095c00435&fit=true' successfully

29-01-2025T02:47:59 - [MESSAGE][PASSED] - Navigate to 'https://bi.rosseti.digital/viewer?dashboardGuid=2301950b23be4ed89c1df75f2020051e&sheetGuid=b723206f698544fb87299f3095c00435&fit=true' successfully

29-01-2025T02:47:59 - [TEST_STEP][PASSED] - urlText = getText(findTestObject("Страница авторизации/Text")): Text of object 'Object Repository/Страница авторизации/Text' is: 'Вход'

29-01-2025T02:48:01 - [MESSAGE][PASSED] - Text of object 'Object Repository/Страница авторизации/Text' is: 'Вход'

29-01-2025T02:48:01 - [TEST_STEP][PASSED] - searchWord = "Вход": null

29-01-2025T02:48:01 - [TEST_STEP][PASSED] - if (urlText == null || urlText.contains("ошибка") || urlText.contains(searchWord) == false): null

29-01-2025T02:48:01 - [TEST_STEP][PASSED] - if (verifyElementPresent(findTestObject("Страница авторизации/button_"), 30) == true): null

29-01-2025T02:48:01 - [MESSAGE][PASSED] - Object 'Object Repository/Страница авторизации/button_' is present

29-01-2025T02:48:01 - [TEST_STEP][PASSED] - setText(findTestObject("Страница авторизации/input__username"), findTestData("PlanFact").getValue(8, 1)): Text 'liazgina-di' is set on object 'Object Repository/Страница авторизации/input__username'

29-01-2025T02:48:02 - [MESSAGE][PASSED] - Text 'liazgina-di' is set on object 'Object Repository/Страница авторизации/input__username'

29-01-2025T02:48:02 - [TEST_STEP][PASSED] - setText(findTestObject("Страница авторизации/input__password"), findTestData("PlanFact").getValue(9, 1)): Text ')$%5srZ8o688Dm#q' is set on object 'Object Repository/Страница авторизации/input__password'

29-01-2025T02:48:02 - [MESSAGE][PASSED] - Text ')$%5srZ8o688Dm#q' is set on object 'Object Repository/Страница авторизации/input__password'

29-01-2025T02:48:02 - [TEST_STEP][PASSED] - click(findTestObject("Страница авторизации/button_")): Object: 'Object Repository/Страница авторизации/button_' is clicked on

29-01-2025T02:48:04 - [MESSAGE][PASSED] - Object: 'Object Repository/Страница авторизации/button_' is clicked on

29-01-2025T02:48:04 - [TEST_STEP][PASSED] - delay(45): Delayed 45 second(s)

29-01-2025T02:48:49 - [MESSAGE][PASSED] - Delayed 45 second(s)

29-01-2025T02:48:49 - [TEST_STEP][PASSED] - urlText = getText(findTestObject("Страница авторизации/Text")): Text of object 'Object Repository/Страница авторизации/Text' is: 'Период
2024 год
Выручка
Все
Выполнение плановых показателей по ПАО Россети за 2024 год
План
Факт
Динамика
2024 год
0 млн.руб.
200 000 млн.руб.
400 000 млн.руб.
600 000 млн.руб.
800 000 млн.руб.
1 000 000 млн.руб.
1 200 000 млн.руб.
1 400 000 млн.руб.
1 600 000 млн.руб.
1 800 000 млн.руб.
1 449 221
1 456 358
↑
ДЗО 
ПАО Россети
Внутренний оборот - выручка за услуги по передаче электрической энергии, учтенная в выручке за электроэнергию для конечных потребителей, при выполнении ДЗО функций гарантирующего поставщика
Подписи данных
⬤Отклонение
АО «Тываэнерго»
АО «Чеченэнерго»
Россети Волга
Россети Кубань
Россети Ленэнерго (ГК)
Россети Московский регион
Россети Северный Кавказ (ГК)
Россети Северо-Запад
Россети Сибирь (ГК)
Россети Томск
Россети Тюмень
Россети Урал (ГК)
Россети ФСК ЕЭС
Россети Центр
Россети Центр и Приволжье (ГК)
Россети Юг (ГК)
Россети Янтарь
-25 000млн.руб.
-20 000млн.руб.
-15 000млн.руб.
-10 000млн.руб.
-5 000млн.руб.
0млн.руб.
5 000млн.руб.
10 000млн.руб.
15 …
433
145
175
5 315
5 768
8 943
951
696
2 625
198
-7 329
1 914
-23 145
3 692
5 160
1 206
390
млн.
%
Выручка
Отклонение выручки по ПАО Россети за 2024 год (факт/план, млн. руб)
ПАО Россети
7 136.5 млн.руб.
 '

29-01-2025T02:48:50 - [MESSAGE][PASSED] - Text of object 'Object Repository/Страница авторизации/Text' is: 'Период
2024 год
Выручка
Все
Выполнение плановых показателей по ПАО Россети за 2024 год
План
Факт
Динамика
2024 год
0 млн.руб.
200 000 млн.руб.
400 000 млн.руб.
600 000 млн.руб.
800 000 млн.руб.
1 000 000 млн.руб.
1 200 000 млн.руб.
1 400 000 млн.руб.
1 600 000 млн.руб.
1 800 000 млн.руб.
1 449 221
1 456 358
↑
ДЗО 
ПАО Россети
Внутренний оборот - выручка за услуги по передаче электрической энергии, учтенная в выручке за электроэнергию для конечных потребителей, при выполнении ДЗО функций гарантирующего поставщика
Подписи данных
⬤Отклонение
АО «Тываэнерго»
АО «Чеченэнерго»
Россети Волга
Россети Кубань
Россети Ленэнерго (ГК)
Россети Московский регион
Россети Северный Кавказ (ГК)
Россети Северо-Запад
Россети Сибирь (ГК)
Россети Томск
Россети Тюмень
Россети Урал (ГК)
Россети ФСК ЕЭС
Россети Центр
Россети Центр и Приволжье (ГК)
Россети Юг (ГК)
Россети Янтарь
-25 000млн.руб.
-20 000млн.руб.
-15 000млн.руб.
-10 000млн.руб.
-5 000млн.руб.
0млн.руб.
5 000млн.руб.
10 000млн.руб.
15 …
433
145
175
5 315
5 768
8 943
951
696
2 625
198
-7 329
1 914
-23 145
3 692
5 160
1 206
390
млн.
%
Выручка
Отклонение выручки по ПАО Россети за 2024 год (факт/план, млн. руб)
ПАО Россети
7 136.5 млн.руб.
 '

29-01-2025T02:48:50 - [TEST_STEP][PASSED] - searchWord = "а": null

29-01-2025T02:48:50 - [TEST_STEP][PASSED] - if (urlText.contains("ошибка") || urlText.contains(searchWord) == false): null

29-01-2025T02:48:50 - [TEST_STEP][PASSED] - delay(45): Delayed 45 second(s)

29-01-2025T02:49:35 - [MESSAGE][PASSED] - Delayed 45 second(s)

29-01-2025T02:49:35 - [TEST_STEP][PASSED] - if (block == 2): null

29-01-2025T02:49:35 - [TEST_STEP][PASSED] - click(findTestObject("Выручка в рублях/Фильтр Период" + nameOfBlock)): Object: 'Object Repository/Выручка в рублях/Фильтр Период' is clicked on

29-01-2025T02:49:35 - [MESSAGE][PASSED] - Object: 'Object Repository/Выручка в рублях/Фильтр Период' is clicked on

29-01-2025T02:49:35 - [TEST_STEP][PASSED] - click(findTestObject("Выручка в рублях/Снять выделение в фильтре Дата" + nameOfBlock)): Object: 'Object Repository/Выручка в рублях/Снять выделение в фильтре Дата' is clicked on

29-01-2025T02:49:36 - [MESSAGE][PASSED] - Object: 'Object Repository/Выручка в рублях/Снять выделение в фильтре Дата' is clicked on

29-01-2025T02:49:36 - [TEST_STEP][PASSED] - click(findTestObject("Выручка в рублях/Применить в фильтре Дата" + nameOfBlock)): Object: 'Object Repository/Выручка в рублях/Применить в фильтре Дата' is clicked on

29-01-2025T02:49:36 - [MESSAGE][PASSED] - Object: 'Object Repository/Выручка в рублях/Применить в фильтре Дата' is clicked on

29-01-2025T02:49:36 - [TEST_STEP][PASSED] - delay(50): Delayed 50 second(s)

29-01-2025T02:50:26 - [MESSAGE][PASSED] - Delayed 50 second(s)

29-01-2025T02:50:26 - [TEST_STEP][PASSED] - click(findTestObject("Выручка в рублях/Фильтр Период" + nameOfBlock)): Object: 'Object Repository/Выручка в рублях/Фильтр Период' is clicked on

29-01-2025T02:50:27 - [MESSAGE][PASSED] - Object: 'Object Repository/Выручка в рублях/Фильтр Период' is clicked on

29-01-2025T02:50:27 - [TEST_STEP][PASSED] - click(findTestObject("Выручка в рублях/Снять выделение в фильтре Дата" + nameOfBlock)): Object: 'Object Repository/Выручка в рублях/Снять выделение в фильтре Дата' is clicked on

29-01-2025T02:50:27 - [MESSAGE][PASSED] - Object: 'Object Repository/Выручка в рублях/Снять выделение в фильтре Дата' is clicked on

29-01-2025T02:50:27 - [TEST_STEP][PASSED] - scrollToElement(findTestObject("Выручка в рублях/2024 список" + nameOfBlock), 30): Scroll to object 'Object Repository/Выручка в рублях/2024 список' successfully

29-01-2025T02:50:27 - [MESSAGE][PASSED] - Scroll to object 'Object Repository/Выручка в рублях/2024 список' successfully

29-01-2025T02:50:27 - [TEST_STEP][PASSED] - click(findTestObject("Выручка в рублях/2024 год" + nameOfBlock)): Object: 'Object Repository/Выручка в рублях/2024 год' is clicked on

29-01-2025T02:50:28 - [MESSAGE][PASSED] - Object: 'Object Repository/Выручка в рублях/2024 год' is clicked on

29-01-2025T02:50:28 - [TEST_STEP][PASSED] - scrollToElement(findTestObject("Выручка в рублях/Заголовок дашборда" + nameOfBlock), 30): Scroll to object 'Object Repository/Выручка в рублях/Заголовок дашборда' successfully

29-01-2025T02:50:28 - [MESSAGE][PASSED] - Scroll to object 'Object Repository/Выручка в рублях/Заголовок дашборда' successfully

29-01-2025T02:50:28 - [TEST_STEP][PASSED] - click(findTestObject("Выручка в рублях/Применить в фильтре Дата" + nameOfBlock)): Object: 'Object Repository/Выручка в рублях/Применить в фильтре Дата' is clicked on

29-01-2025T02:50:29 - [MESSAGE][PASSED] - Object: 'Object Repository/Выручка в рублях/Применить в фильтре Дата' is clicked on

29-01-2025T02:50:29 - [TEST_STEP][PASSED] - delay(55): Delayed 55 second(s)

29-01-2025T02:51:24 - [MESSAGE][PASSED] - Delayed 55 second(s)

29-01-2025T02:51:24 - [TEST_STEP][PASSED] - click(findTestObject("Выручка в рублях/Фильтр ДЗО" + nameOfBlock)): Object: 'Object Repository/Выручка в рублях/Фильтр ДЗО' is clicked on

29-01-2025T02:51:24 - [MESSAGE][PASSED] - Object: 'Object Repository/Выручка в рублях/Фильтр ДЗО' is clicked on

29-01-2025T02:51:24 - [TEST_STEP][PASSED] - click(findTestObject("Выручка в рублях/Снять выделение в фильтре ДЗО" + nameOfBlock)): Object: 'Object Repository/Выручка в рублях/Снять выделение в фильтре ДЗО' is clicked on

29-01-2025T02:51:25 - [MESSAGE][PASSED] - Object: 'Object Repository/Выручка в рублях/Снять выделение в фильтре ДЗО' is clicked on

29-01-2025T02:51:25 - [TEST_STEP][PASSED] - click(findTestObject("Выручка в рублях/Применить в фильтре ДЗО" + nameOfBlock)): Object: 'Object Repository/Выручка в рублях/Применить в фильтре ДЗО' is clicked on

29-01-2025T02:51:25 - [MESSAGE][PASSED] - Object: 'Object Repository/Выручка в рублях/Применить в фильтре ДЗО' is clicked on

29-01-2025T02:51:25 - [TEST_STEP][PASSED] - delay(50): Delayed 50 second(s)

29-01-2025T02:52:15 - [MESSAGE][PASSED] - Delayed 50 second(s)

29-01-2025T02:52:15 - [TEST_STEP][PASSED] - Script1710234207206.Tumbler(run, vir, block, nameOfBlock): null

29-01-2025T02:52:15 - [TEST_STEP][PASSED] - println("run:" + run): null

29-01-2025T02:52:15 - [TEST_STEP][PASSED] - println("vir:" + vir): null

29-01-2025T02:52:15 - [TEST_STEP][PASSED] - println("block:" + block): null

29-01-2025T02:52:15 - [TEST_STEP][PASSED] - println("nameOfBlock:" + nameOfBlock): null

29-01-2025T02:52:15 - [TEST_STEP][PASSED] - if (vir == 1): null

29-01-2025T02:52:15 - [TEST_STEP][PASSED] - if (run == 2): null

29-01-2025T02:52:15 - [TEST_STEP][PASSED] - click(findTestObject("Выручка в рублях/Фильтр ДЗО" + nameOfBlock)): Object: 'Object Repository/Выручка в рублях/Фильтр ДЗО' is clicked on

29-01-2025T02:52:16 - [MESSAGE][PASSED] - Object: 'Object Repository/Выручка в рублях/Фильтр ДЗО' is clicked on

29-01-2025T02:52:16 - [TEST_STEP][PASSED] - Script1710234207206.Rosseti(nameOfBlock): null

29-01-2025T02:52:16 - [TEST_STEP][PASSED] - println("nameOfBlock:" + nameOfBlock): null

29-01-2025T02:52:16 - [TEST_STEP][PASSED] - click(findTestObject("Выручка в рублях/ПАО Россети" + nameOfBlock)): Object: 'Object Repository/Выручка в рублях/ПАО Россети' is clicked on

29-01-2025T02:52:16 - [MESSAGE][PASSED] - Object: 'Object Repository/Выручка в рублях/ПАО Россети' is clicked on

29-01-2025T02:52:16 - [TEST_STEP][PASSED] - click(findTestObject("Выручка в рублях/Применить в фильтре ДЗО" + nameOfBlock)): Object: 'Object Repository/Выручка в рублях/Применить в фильтре ДЗО' is clicked on

29-01-2025T02:52:17 - [MESSAGE][PASSED] - Object: 'Object Repository/Выручка в рублях/Применить в фильтре ДЗО' is clicked on

29-01-2025T02:52:17 - [TEST_STEP][PASSED] - if (run == 2): null

29-01-2025T02:52:17 - [TEST_STEP][PASSED] - if (vir == 1 || vir == 2): Text of object 'Object Repository/Выручка в рублях/График План' is: '1 449 221'

29-01-2025T02:52:17 - [TEST_STEP][PASSED] - a1 = getText(findTestObject("Выручка в рублях/График План")): Text of object 'Object Repository/Выручка в рублях/График План' is: '1 449 221'

29-01-2025T02:52:18 - [MESSAGE][PASSED] - Text of object 'Object Repository/Выручка в рублях/График План' is: '1 449 221'

29-01-2025T02:52:18 - [TEST_STEP][PASSED] - if (vir == 1 || vir == 2): Text of object 'Object Repository/Выручка в рублях/График Факт' is: '1 456 358'

29-01-2025T02:52:18 - [TEST_STEP][PASSED] - a2 = getText(findTestObject("Выручка в рублях/График Факт")): Text of object 'Object Repository/Выручка в рублях/График Факт' is: '1 456 358'

29-01-2025T02:52:19 - [MESSAGE][PASSED] - Text of object 'Object Repository/Выручка в рублях/График Факт' is: '1 456 358'

29-01-2025T02:52:19 - [TEST_STEP][PASSED] - a30 = getText(findTestObject("Выручка в рублях/span1" + perc)): Text of object 'Object Repository/Выручка в рублях/span1' is: '7 136.5 млн.руб.'

29-01-2025T02:52:19 - [MESSAGE][PASSED] - Text of object 'Object Repository/Выручка в рублях/span1' is: '7 136.5 млн.руб.'

29-01-2025T02:52:19 - [TEST_STEP][PASSED] - i = a30.indexOf("млн.руб."): null

29-01-2025T02:52:19 - [TEST_STEP][PASSED] - if (i > -1): null

29-01-2025T02:52:19 - [TEST_STEP][PASSED] - a30 = a30.substring(0, i): null

29-01-2025T02:52:19 - [TEST_STEP][PASSED] - a30 = a30.replaceAll(" ", ""): null

29-01-2025T02:52:19 - [TEST_STEP][PASSED] - if (a30.contains("%")): null

29-01-2025T02:52:19 - [TEST_STEP][PASSED] - a30 = ").trim(): null

29-01-2025T02:52:19 - [TEST_STEP][PASSED] - println("a30: " + a30): null

29-01-2025T02:52:19 - [TEST_STEP][PASSED] - if (vir == 1 || vir == 2): Text of object 'Object Repository/Выручка в рублях/span2' is: '433'

29-01-2025T02:52:19 - [TEST_STEP][PASSED] - a31 = ").trim(): Text of object 'Object Repository/Выручка в рублях/span2' is: '433'

29-01-2025T02:52:19 - [MESSAGE][PASSED] - Text of object 'Object Repository/Выручка в рублях/span2' is: '433'

29-01-2025T02:52:19 - [TEST_STEP][PASSED] - if (vir == 1 || vir == 2): Text of object 'Object Repository/Выручка в рублях/span3' is: '145'

29-01-2025T02:52:19 - [TEST_STEP][PASSED] - a32 = ").trim(): Text of object 'Object Repository/Выручка в рублях/span3' is: '145'

29-01-2025T02:52:20 - [MESSAGE][PASSED] - Text of object 'Object Repository/Выручка в рублях/span3' is: '145'

29-01-2025T02:52:20 - [TEST_STEP][PASSED] - if (vir == 1 || vir == 2): Text of object 'Object Repository/Выручка в рублях/span8' is: '951'

29-01-2025T02:52:20 - [TEST_STEP][PASSED] - a33 = ").trim(): Text of object 'Object Repository/Выручка в рублях/span4' is: '175'

29-01-2025T02:52:20 - [MESSAGE][PASSED] - Text of object 'Object Repository/Выручка в рублях/span4' is: '175'

29-01-2025T02:52:20 - [TEST_STEP][PASSED] - a34 = ").trim(): Text of object 'Object Repository/Выручка в рублях/span5' is: '5 315'

29-01-2025T02:52:20 - [MESSAGE][PASSED] - Text of object 'Object Repository/Выручка в рублях/span5' is: '5 315'

29-01-2025T02:52:20 - [TEST_STEP][PASSED] - a35 = ").trim(): Text of object 'Object Repository/Выручка в рублях/span6' is: '5 768'

29-01-2025T02:52:21 - [MESSAGE][PASSED] - Text of object 'Object Repository/Выручка в рублях/span6' is: '5 768'

29-01-2025T02:52:21 - [TEST_STEP][PASSED] - a36 = ").trim(): Text of object 'Object Repository/Выручка в рублях/span7' is: '8 943'

29-01-2025T02:52:21 - [MESSAGE][PASSED] - Text of object 'Object Repository/Выручка в рублях/span7' is: '8 943'

29-01-2025T02:52:21 - [TEST_STEP][PASSED] - a37 = ").trim(): Text of object 'Object Repository/Выручка в рублях/span8' is: '951'

29-01-2025T02:52:21 - [MESSAGE][PASSED] - Text of object 'Object Repository/Выручка в рублях/span8' is: '951'

29-01-2025T02:52:21 - [TEST_STEP][PASSED] - if (vir == 1 || vir == 2): Text of object 'Object Repository/Выручка в рублях/span17' is: '1 206'

29-01-2025T02:52:21 - [TEST_STEP][PASSED] - a38 = ").trim(): Text of object 'Object Repository/Выручка в рублях/span9' is: '696'

29-01-2025T02:52:21 - [MESSAGE][PASSED] - Text of object 'Object Repository/Выручка в рублях/span9' is: '696'

29-01-2025T02:52:21 - [TEST_STEP][PASSED] - a39 = ").trim(): Text of object 'Object Repository/Выручка в рублях/span10' is: '2 625'

29-01-2025T02:52:22 - [MESSAGE][PASSED] - Text of object 'Object Repository/Выручка в рублях/span10' is: '2 625'

29-01-2025T02:52:22 - [TEST_STEP][PASSED] - a310 = ").trim(): Text of object 'Object Repository/Выручка в рублях/span11' is: '198'

29-01-2025T02:52:22 - [MESSAGE][PASSED] - Text of object 'Object Repository/Выручка в рублях/span11' is: '198'

29-01-2025T02:52:22 - [TEST_STEP][PASSED] - a311 = ").trim(): Text of object 'Object Repository/Выручка в рублях/span12' is: '-7 329'

29-01-2025T02:52:22 - [MESSAGE][PASSED] - Text of object 'Object Repository/Выручка в рублях/span12' is: '-7 329'

29-01-2025T02:52:22 - [TEST_STEP][PASSED] - a312 = ").trim(): Text of object 'Object Repository/Выручка в рублях/span13' is: '1 914'

29-01-2025T02:52:23 - [MESSAGE][PASSED] - Text of object 'Object Repository/Выручка в рублях/span13' is: '1 914'

29-01-2025T02:52:23 - [TEST_STEP][PASSED] - a313 = ").trim(): Text of object 'Object Repository/Выручка в рублях/span14' is: '-23 145'

29-01-2025T02:52:23 - [MESSAGE][PASSED] - Text of object 'Object Repository/Выручка в рублях/span14' is: '-23 145'

29-01-2025T02:52:23 - [TEST_STEP][PASSED] - a314 = ").trim(): Text of object 'Object Repository/Выручка в рублях/span15' is: '3 692'

29-01-2025T02:52:23 - [MESSAGE][PASSED] - Text of object 'Object Repository/Выручка в рублях/span15' is: '3 692'

29-01-2025T02:52:23 - [TEST_STEP][PASSED] - a315 = ").trim(): Text of object 'Object Repository/Выручка в рублях/span16' is: '5 160'

29-01-2025T02:52:24 - [MESSAGE][PASSED] - Text of object 'Object Repository/Выручка в рублях/span16' is: '5 160'

29-01-2025T02:52:24 - [TEST_STEP][PASSED] - a316 = ").trim(): Text of object 'Object Repository/Выручка в рублях/span17' is: '1 206'

29-01-2025T02:52:24 - [MESSAGE][PASSED] - Text of object 'Object Repository/Выручка в рублях/span17' is: '1 206'

29-01-2025T02:52:24 - [TEST_STEP][PASSED] - if (vir == 1 || vir == 2): Text of object 'Object Repository/Выручка в рублях/span18' is: '390'

29-01-2025T02:52:24 - [TEST_STEP][PASSED] - a317 = ").trim(): Text of object 'Object Repository/Выручка в рублях/span18' is: '390'

29-01-2025T02:52:24 - [MESSAGE][PASSED] - Text of object 'Object Repository/Выручка в рублях/span18' is: '390'

29-01-2025T02:52:24 - [TEST_STEP][PASSED] - block = 2: null

29-01-2025T02:52:24 - [TEST_STEP][PASSED] - nameOfBlock = " Выручка": null

29-01-2025T02:52:24 - [TEST_STEP][PASSED] - Script1710234207206.PreSettings(run, vir, block, nameOfBlock, typeOfData, todaysDate): null

29-01-2025T02:52:24 - [TEST_STEP][PASSED] - openBrowser(""): Browser is opened with url: ''

29-01-2025T02:52:24 - [MESSAGE][WARNING] - A browser is already opened. Closing browser and opening a new one

29-01-2025T02:52:24 - [MESSAGE][INFO] - Starting 'Chrome' driver

29-01-2025T02:52:24 - [MESSAGE][INFO] - Action delay is set to 0 milliseconds

29-01-2025T02:52:25 - [MESSAGE][PASSED] - Browser is opened with url: ''

29-01-2025T02:52:25 - [TEST_STEP][PASSED] - refresh(): Refresh successfully

29-01-2025T02:52:25 - [MESSAGE][PASSED] - Refresh successfully

29-01-2025T02:52:25 - [TEST_STEP][PASSED] - delay(50): Delayed 50 second(s)

29-01-2025T02:53:15 - [MESSAGE][PASSED] - Delayed 50 second(s)

29-01-2025T02:53:15 - [TEST_STEP][PASSED] - println("run:" + run): null

29-01-2025T02:53:15 - [TEST_STEP][PASSED] - println("vir:" + vir): null

29-01-2025T02:53:15 - [TEST_STEP][PASSED] - println("block:" + block): null

29-01-2025T02:53:15 - [TEST_STEP][PASSED] - if (block == 1): null

29-01-2025T02:53:15 - [TEST_STEP][PASSED] - else: null

29-01-2025T02:53:15 - [TEST_STEP][PASSED] - nameOfBlock = " Выручка": null

29-01-2025T02:53:15 - [TEST_STEP][PASSED] - println("nameOfBlock:" + nameOfBlock): null

29-01-2025T02:53:15 - [TEST_STEP][PASSED] - println("typeOfData:" + typeOfData): null

29-01-2025T02:53:15 - [TEST_STEP][PASSED] - println("todaysDate:" + todaysDate): null

29-01-2025T02:53:15 - [TEST_STEP][PASSED] - Script1710234207206.Autorization(block, nameOfBlock): null

29-01-2025T02:53:15 - [TEST_STEP][PASSED] - i = <not implemented yet for class: org.codehaus.groovy.ast.expr.EmptyExpression>: null

29-01-2025T02:53:15 - [TEST_STEP][PASSED] - ii = <not implemented yet for class: org.codehaus.groovy.ast.expr.EmptyExpression>: null

29-01-2025T02:53:15 - [TEST_STEP][PASSED] - urlData = <not implemented yet for class: org.codehaus.groovy.ast.expr.EmptyExpression>: null

29-01-2025T02:53:15 - [TEST_STEP][PASSED] - searchWord = <not implemented yet for class: org.codehaus.groovy.ast.expr.EmptyExpression>: null

29-01-2025T02:53:15 - [TEST_STEP][PASSED] - urlText = <not implemented yet for class: org.codehaus.groovy.ast.expr.EmptyExpression>: null

29-01-2025T02:53:15 - [TEST_STEP][PASSED] - println("block:" + block): null

29-01-2025T02:53:15 - [TEST_STEP][PASSED] - if (block == 1): null

29-01-2025T02:53:15 - [TEST_STEP][PASSED] - else: null

29-01-2025T02:53:15 - [TEST_STEP][PASSED] - delay(45): Delayed 45 second(s)

29-01-2025T02:54:00 - [MESSAGE][PASSED] - Delayed 45 second(s)

29-01-2025T02:54:00 - [TEST_STEP][PASSED] - nameOfBlock = " Выручка": null

29-01-2025T02:54:00 - [TEST_STEP][PASSED] - println("nameOfBlock:" + nameOfBlock): null

29-01-2025T02:54:00 - [TEST_STEP][PASSED] - if (block == 1): null

29-01-2025T02:54:00 - [TEST_STEP][PASSED] - else: Delayed 45 second(s)

29-01-2025T02:54:00 - [TEST_STEP][PASSED] - urlData = 9: null

29-01-2025T02:54:00 - [TEST_STEP][PASSED] - delay(45): Delayed 45 second(s)

29-01-2025T02:54:45 - [MESSAGE][PASSED] - Delayed 45 second(s)

29-01-2025T02:54:45 - [TEST_STEP][PASSED] - navigateToUrl(findTestData("PlanFact").getValue(10, urlData)): Navigate to 'https://bi.rosseti.digital/viewer?dashboardGuid=a1fd28b3785d443cbc4d7690a1d78e31&sheetGuid=86092a20c5984827a0c87b24cac76a50&fit=true' successfully

29-01-2025T02:54:51 - [MESSAGE][PASSED] - Navigate to 'https://bi.rosseti.digital/viewer?dashboardGuid=a1fd28b3785d443cbc4d7690a1d78e31&sheetGuid=86092a20c5984827a0c87b24cac76a50&fit=true' successfully

29-01-2025T02:54:51 - [TEST_STEP][PASSED] - urlText = getText(findTestObject("Страница авторизации/Text")): Text of object 'Object Repository/Страница авторизации/Text' is: 'Вход'

29-01-2025T02:54:53 - [MESSAGE][PASSED] - Text of object 'Object Repository/Страница авторизации/Text' is: 'Вход'

29-01-2025T02:54:53 - [TEST_STEP][PASSED] - searchWord = "Вход": null

29-01-2025T02:54:53 - [TEST_STEP][PASSED] - if (urlText == null || urlText.contains("ошибка") || urlText.contains(searchWord) == false): null

29-01-2025T02:54:53 - [TEST_STEP][PASSED] - if (verifyElementPresent(findTestObject("Страница авторизации/button_"), 30) == true): null

29-01-2025T02:54:53 - [MESSAGE][PASSED] - Object 'Object Repository/Страница авторизации/button_' is present

29-01-2025T02:54:53 - [TEST_STEP][PASSED] - setText(findTestObject("Страница авторизации/input__username"), findTestData("PlanFact").getValue(8, 1)): Text 'liazgina-di' is set on object 'Object Repository/Страница авторизации/input__username'

29-01-2025T02:54:54 - [MESSAGE][PASSED] - Text 'liazgina-di' is set on object 'Object Repository/Страница авторизации/input__username'

29-01-2025T02:54:54 - [TEST_STEP][PASSED] - setText(findTestObject("Страница авторизации/input__password"), findTestData("PlanFact").getValue(9, 1)): Text ')$%5srZ8o688Dm#q' is set on object 'Object Repository/Страница авторизации/input__password'

29-01-2025T02:54:55 - [MESSAGE][PASSED] - Text ')$%5srZ8o688Dm#q' is set on object 'Object Repository/Страница авторизации/input__password'

29-01-2025T02:54:55 - [TEST_STEP][PASSED] - click(findTestObject("Страница авторизации/button_")): Object: 'Object Repository/Страница авторизации/button_' is clicked on

29-01-2025T02:54:56 - [MESSAGE][PASSED] - Object: 'Object Repository/Страница авторизации/button_' is clicked on

29-01-2025T02:54:56 - [TEST_STEP][PASSED] - delay(45): Delayed 45 second(s)

29-01-2025T02:55:41 - [MESSAGE][PASSED] - Delayed 45 second(s)

29-01-2025T02:55:41 - [TEST_STEP][PASSED] - urlText = getText(findTestObject("Страница авторизации/Text")): Text of object 'Object Repository/Страница авторизации/Text' is: 'Период
Январь, Февраль, Март, Апрель, Май, Июнь, Июль, Август, Сентябрь, Октябрь, Ноябрь, Декабрь 2024 года
Выручка
Все
Выполнение плановых показателей по ПАО Россети за Январь, Февраль, Март, Апрель, Май, Июнь, Июль, Август, Сентябрь, Октябрь, Ноябрь, Декабрь 2024 года
План
Факт
Динамика
2024 год
0 млн.руб.
200 000 млн.руб.
400 000 млн.руб.
600 000 млн.руб.
800 000 млн.руб.
1 000 000 млн.руб.
1 200 000 млн.руб.
1 400 000 млн.руб.
1 600 000 млн.руб.
1 800 000 млн.руб.
1 449 221
1 456 358
↑
ДЗО 
Все
Подписи данных
⬤Отклонение
АО «Тываэнерго»
АО «Чеченэнерго»
Россети Волга
Россети Кубань
Россети Ленэнерго (ГК)
Россети Московский регион
Россети Северный Кавказ (ГК)
Россети Северо-Запад
Россети Сибирь (ГК)
Россети Томск
Россети Тюмень
Россети Урал (ГК)
Россети ФСК ЕЭС
Россети Центр
Россети Центр и Приволжье (ГК)
Россети Юг (ГК)
Россети Янтарь
-25 000 млн.руб.
-22 500 млн.руб.
-20 000 млн.руб.
-17 500 млн.руб.
-15 000 млн.руб.
-12 500 млн.руб.
-10 000 млн.руб.
-7 500 млн.руб.
-5 000 млн.руб.
-2 500 млн.руб.
0 млн.руб.
2 500 млн.руб.
5 000 млн.руб.
7 500 млн.руб.
10 000 млн.руб.
12 500 млн.руб.
433
145
175
5 315
5 768
8 943
951
696
2 625
198
-7 329
1 914
-23 145
3 692
5 160
1 206
390
млн.
%
Выручка
Отклонение выручки по ПАО Россети за Январь, Февраль, Март, Апрель, Май, Июнь, Июль, Август, Сентябрь, Октябрь, Ноябрь, Декабрь 2024 года (факт/план, млн. руб)
ПАО Россети
7 136.5 млн.руб.
Статус данных
×
Просьба обратить внимание
Данные занесены не полностью
ВЫБРАННЫЕ ЗНАЧЕНИЯ ФИЛЬТРОВ
ДЗО | ПЕРИОД
ПАО Россети: [«Выбраны все филиалы по всем ДЗО по всем категориям»]
2024: [«Весь год»]
*Внутренний оборот'

29-01-2025T02:55:42 - [MESSAGE][PASSED] - Text of object 'Object Repository/Страница авторизации/Text' is: 'Период
Январь, Февраль, Март, Апрель, Май, Июнь, Июль, Август, Сентябрь, Октябрь, Ноябрь, Декабрь 2024 года
Выручка
Все
Выполнение плановых показателей по ПАО Россети за Январь, Февраль, Март, Апрель, Май, Июнь, Июль, Август, Сентябрь, Октябрь, Ноябрь, Декабрь 2024 года
План
Факт
Динамика
2024 год
0 млн.руб.
200 000 млн.руб.
400 000 млн.руб.
600 000 млн.руб.
800 000 млн.руб.
1 000 000 млн.руб.
1 200 000 млн.руб.
1 400 000 млн.руб.
1 600 000 млн.руб.
1 800 000 млн.руб.
1 449 221
1 456 358
↑
ДЗО 
Все
Подписи данных
⬤Отклонение
АО «Тываэнерго»
АО «Чеченэнерго»
Россети Волга
Россети Кубань
Россети Ленэнерго (ГК)
Россети Московский регион
Россети Северный Кавказ (ГК)
Россети Северо-Запад
Россети Сибирь (ГК)
Россети Томск
Россети Тюмень
Россети Урал (ГК)
Россети ФСК ЕЭС
Россети Центр
Россети Центр и Приволжье (ГК)
Россети Юг (ГК)
Россети Янтарь
-25 000 млн.руб.
-22 500 млн.руб.
-20 000 млн.руб.
-17 500 млн.руб.
-15 000 млн.руб.
-12 500 млн.руб.
-10 000 млн.руб.
-7 500 млн.руб.
-5 000 млн.руб.
-2 500 млн.руб.
0 млн.руб.
2 500 млн.руб.
5 000 млн.руб.
7 500 млн.руб.
10 000 млн.руб.
12 500 млн.руб.
433
145
175
5 315
5 768
8 943
951
696
2 625
198
-7 329
1 914
-23 145
3 692
5 160
1 206
390
млн.
%
Выручка
Отклонение выручки по ПАО Россети за Январь, Февраль, Март, Апрель, Май, Июнь, Июль, Август, Сентябрь, Октябрь, Ноябрь, Декабрь 2024 года (факт/план, млн. руб)
ПАО Россети
7 136.5 млн.руб.
Статус данных
×
Просьба обратить внимание
Данные занесены не полностью
ВЫБРАННЫЕ ЗНАЧЕНИЯ ФИЛЬТРОВ
ДЗО | ПЕРИОД
ПАО Россети: [«Выбраны все филиалы по всем ДЗО по всем категориям»]
2024: [«Весь год»]
*Внутренний оборот'

29-01-2025T02:55:42 - [TEST_STEP][PASSED] - searchWord = "а": null

29-01-2025T02:55:42 - [TEST_STEP][PASSED] - if (urlText.contains("ошибка") || urlText.contains(searchWord) == false): null

29-01-2025T02:55:42 - [TEST_STEP][PASSED] - delay(45): Delayed 45 second(s)

29-01-2025T02:56:27 - [MESSAGE][PASSED] - Delayed 45 second(s)

29-01-2025T02:56:27 - [TEST_STEP][PASSED] - if (block == 2): Delayed 50 second(s)

29-01-2025T02:56:27 - [TEST_STEP][PASSED] - opoveshenie = getText(findTestObject("Выручка в рублях/Просьба обратить внимание")): Text of object 'Object Repository/Выручка в рублях/Просьба обратить внимание' is: 'Просьба обратить внимание'

29-01-2025T02:56:27 - [MESSAGE][PASSED] - Text of object 'Object Repository/Выручка в рублях/Просьба обратить внимание' is: 'Просьба обратить внимание'

29-01-2025T02:56:27 - [TEST_STEP][PASSED] - if (opoveshenie == "Просьба обратить внимание"): Delayed 50 second(s)

29-01-2025T02:56:27 - [TEST_STEP][PASSED] - click(findTestObject("Выручка в рублях/Закрыть оповещение")): Object: 'Object Repository/Выручка в рублях/Закрыть оповещение' is clicked on

29-01-2025T02:56:27 - [MESSAGE][PASSED] - Object: 'Object Repository/Выручка в рублях/Закрыть оповещение' is clicked on

29-01-2025T02:56:27 - [TEST_STEP][PASSED] - delay(50): Delayed 50 second(s)

29-01-2025T02:57:17 - [MESSAGE][PASSED] - Delayed 50 second(s)

29-01-2025T02:57:17 - [TEST_STEP][PASSED] - click(findTestObject("Выручка в рублях/Фильтр Период" + nameOfBlock)): Object: 'Object Repository/Выручка в рублях/Фильтр Период Выручка' is clicked on

29-01-2025T02:57:18 - [MESSAGE][PASSED] - Object: 'Object Repository/Выручка в рублях/Фильтр Период Выручка' is clicked on

29-01-2025T02:57:18 - [TEST_STEP][PASSED] - click(findTestObject("Выручка в рублях/Снять выделение в фильтре Дата" + nameOfBlock)): Object: 'Object Repository/Выручка в рублях/Снять выделение в фильтре Дата Выручка' is clicked on

29-01-2025T02:57:18 - [MESSAGE][PASSED] - Object: 'Object Repository/Выручка в рублях/Снять выделение в фильтре Дата Выручка' is clicked on

29-01-2025T02:57:18 - [TEST_STEP][PASSED] - click(findTestObject("Выручка в рублях/Применить в фильтре Дата" + nameOfBlock)): Object: 'Object Repository/Выручка в рублях/Применить в фильтре Дата Выручка' is clicked on

29-01-2025T02:57:19 - [MESSAGE][PASSED] - Object: 'Object Repository/Выручка в рублях/Применить в фильтре Дата Выручка' is clicked on

29-01-2025T02:57:19 - [TEST_STEP][PASSED] - delay(50): Delayed 50 second(s)

29-01-2025T02:58:09 - [MESSAGE][PASSED] - Delayed 50 second(s)

29-01-2025T02:58:09 - [TEST_STEP][PASSED] - click(findTestObject("Выручка в рублях/Фильтр Период" + nameOfBlock)): Object: 'Object Repository/Выручка в рублях/Фильтр Период Выручка' is clicked on

29-01-2025T02:58:09 - [MESSAGE][PASSED] - Object: 'Object Repository/Выручка в рублях/Фильтр Период Выручка' is clicked on

29-01-2025T02:58:09 - [TEST_STEP][PASSED] - click(findTestObject("Выручка в рублях/Снять выделение в фильтре Дата" + nameOfBlock)): Object: 'Object Repository/Выручка в рублях/Снять выделение в фильтре Дата Выручка' is clicked on

29-01-2025T02:58:10 - [MESSAGE][PASSED] - Object: 'Object Repository/Выручка в рублях/Снять выделение в фильтре Дата Выручка' is clicked on

29-01-2025T02:58:10 - [TEST_STEP][PASSED] - scrollToElement(findTestObject("Выручка в рублях/2024 список" + nameOfBlock), 30): Scroll to object 'Object Repository/Выручка в рублях/2024 список Выручка' successfully

29-01-2025T02:58:10 - [MESSAGE][PASSED] - Scroll to object 'Object Repository/Выручка в рублях/2024 список Выручка' successfully

29-01-2025T02:58:10 - [TEST_STEP][PASSED] - click(findTestObject("Выручка в рублях/2024 год" + nameOfBlock)): Object: 'Object Repository/Выручка в рублях/2024 год Выручка' is clicked on

29-01-2025T02:58:10 - [MESSAGE][PASSED] - Object: 'Object Repository/Выручка в рублях/2024 год Выручка' is clicked on

29-01-2025T02:58:10 - [TEST_STEP][PASSED] - scrollToElement(findTestObject("Выручка в рублях/Заголовок дашборда" + nameOfBlock), 30): Scroll to object 'Object Repository/Выручка в рублях/Заголовок дашборда Выручка' successfully

29-01-2025T02:58:11 - [MESSAGE][PASSED] - Scroll to object 'Object Repository/Выручка в рублях/Заголовок дашборда Выручка' successfully

29-01-2025T02:58:11 - [TEST_STEP][PASSED] - click(findTestObject("Выручка в рублях/Применить в фильтре Дата" + nameOfBlock)): Object: 'Object Repository/Выручка в рублях/Применить в фильтре Дата Выручка' is clicked on

29-01-2025T02:58:12 - [MESSAGE][PASSED] - Object: 'Object Repository/Выручка в рублях/Применить в фильтре Дата Выручка' is clicked on

29-01-2025T02:58:12 - [TEST_STEP][PASSED] - delay(55): Delayed 55 second(s)

29-01-2025T02:59:07 - [MESSAGE][PASSED] - Delayed 55 second(s)

29-01-2025T02:59:07 - [TEST_STEP][PASSED] - click(findTestObject("Выручка в рублях/Фильтр ДЗО" + nameOfBlock)): Object: 'Object Repository/Выручка в рублях/Фильтр ДЗО Выручка' is clicked on

29-01-2025T02:59:07 - [MESSAGE][PASSED] - Object: 'Object Repository/Выручка в рублях/Фильтр ДЗО Выручка' is clicked on

29-01-2025T02:59:07 - [TEST_STEP][PASSED] - click(findTestObject("Выручка в рублях/Снять выделение в фильтре ДЗО" + nameOfBlock)): Object: 'Object Repository/Выручка в рублях/Снять выделение в фильтре ДЗО Выручка' is clicked on

29-01-2025T02:59:07 - [MESSAGE][PASSED] - Object: 'Object Repository/Выручка в рублях/Снять выделение в фильтре ДЗО Выручка' is clicked on

29-01-2025T02:59:07 - [TEST_STEP][PASSED] - click(findTestObject("Выручка в рублях/Применить в фильтре ДЗО" + nameOfBlock)): Object: 'Object Repository/Выручка в рублях/Применить в фильтре ДЗО Выручка' is clicked on

29-01-2025T02:59:08 - [MESSAGE][PASSED] - Object: 'Object Repository/Выручка в рублях/Применить в фильтре ДЗО Выручка' is clicked on

29-01-2025T02:59:08 - [TEST_STEP][PASSED] - delay(50): Delayed 50 second(s)

29-01-2025T02:59:58 - [MESSAGE][PASSED] - Delayed 50 second(s)

29-01-2025T02:59:58 - [TEST_STEP][PASSED] - Script1710234207206.Tumbler(run, vir, block, nameOfBlock): null

29-01-2025T02:59:58 - [TEST_STEP][PASSED] - println("run:" + run): null

29-01-2025T02:59:58 - [TEST_STEP][PASSED] - println("vir:" + vir): null

29-01-2025T02:59:58 - [TEST_STEP][PASSED] - println("block:" + block): null

29-01-2025T02:59:58 - [TEST_STEP][PASSED] - println("nameOfBlock:" + nameOfBlock): null

29-01-2025T02:59:58 - [TEST_STEP][PASSED] - if (vir == 1): null

29-01-2025T02:59:58 - [TEST_STEP][PASSED] - if (run == 2): null

29-01-2025T02:59:58 - [TEST_STEP][PASSED] - click(findTestObject("Выручка в рублях/Фильтр ДЗО" + nameOfBlock)): Object: 'Object Repository/Выручка в рублях/Фильтр ДЗО Выручка' is clicked on

29-01-2025T02:59:58 - [MESSAGE][PASSED] - Object: 'Object Repository/Выручка в рублях/Фильтр ДЗО Выручка' is clicked on

29-01-2025T02:59:58 - [TEST_STEP][PASSED] - Script1710234207206.Rosseti(nameOfBlock): null

29-01-2025T02:59:58 - [TEST_STEP][PASSED] - println("nameOfBlock:" + nameOfBlock): null

29-01-2025T02:59:58 - [TEST_STEP][PASSED] - click(findTestObject("Выручка в рублях/ПАО Россети" + nameOfBlock)): Object: 'Object Repository/Выручка в рублях/ПАО Россети Выручка' is clicked on

29-01-2025T02:59:59 - [MESSAGE][PASSED] - Object: 'Object Repository/Выручка в рублях/ПАО Россети Выручка' is clicked on

29-01-2025T02:59:59 - [TEST_STEP][PASSED] - click(findTestObject("Выручка в рублях/Применить в фильтре ДЗО" + nameOfBlock)): Object: 'Object Repository/Выручка в рублях/Применить в фильтре ДЗО Выручка' is clicked on

29-01-2025T03:00:00 - [MESSAGE][PASSED] - Object: 'Object Repository/Выручка в рублях/Применить в фильтре ДЗО Выручка' is clicked on

29-01-2025T03:00:00 - [TEST_STEP][PASSED] - if (vir == 1 || vir == 2): Text of object 'Object Repository/Выручка в рублях/График План Выручка' is: '1 449 221'

29-01-2025T03:00:00 - [TEST_STEP][PASSED] - b1 = getText(findTestObject("Выручка в рублях/График План Выручка")): Text of object 'Object Repository/Выручка в рублях/График План Выручка' is: '1 449 221'

29-01-2025T03:00:01 - [MESSAGE][PASSED] - Text of object 'Object Repository/Выручка в рублях/График План Выручка' is: '1 449 221'

29-01-2025T03:00:01 - [TEST_STEP][PASSED] - if (vir == 1 || vir == 2): Text of object 'Object Repository/Выручка в рублях/График Факт Выручка' is: '1 456 358'

29-01-2025T03:00:01 - [TEST_STEP][PASSED] - b2 = getText(findTestObject("Выручка в рублях/График Факт Выручка")): Text of object 'Object Repository/Выручка в рублях/График Факт Выручка' is: '1 456 358'

29-01-2025T03:00:01 - [MESSAGE][PASSED] - Text of object 'Object Repository/Выручка в рублях/График Факт Выручка' is: '1 456 358'

29-01-2025T03:00:01 - [TEST_STEP][PASSED] - b30 = getText(findTestObject("Выручка в рублях/span1" + perc)): Text of object 'Object Repository/Выручка в рублях/span1' is: '7 136.5 млн.руб.'

29-01-2025T03:00:02 - [MESSAGE][PASSED] - Text of object 'Object Repository/Выручка в рублях/span1' is: '7 136.5 млн.руб.'

29-01-2025T03:00:02 - [TEST_STEP][PASSED] - i = b30.indexOf("млн.руб."): null

29-01-2025T03:00:02 - [TEST_STEP][PASSED] - if (i > -1): null

29-01-2025T03:00:02 - [TEST_STEP][PASSED] - b30 = b30.substring(0, i): null

29-01-2025T03:00:02 - [TEST_STEP][PASSED] - b30 = b30.replaceAll(" ", ""): null

29-01-2025T03:00:02 - [TEST_STEP][PASSED] - if (b30.contains("%")): null

29-01-2025T03:00:02 - [TEST_STEP][PASSED] - b30 = ").trim(): null

29-01-2025T03:00:02 - [TEST_STEP][PASSED] - println("b30: " + b30): null

29-01-2025T03:00:02 - [TEST_STEP][PASSED] - if (vir == 1 || vir == 2): Text of object 'Object Repository/Выручка в рублях/span2' is: '433'

29-01-2025T03:00:02 - [TEST_STEP][PASSED] - b31 = ").trim(): Text of object 'Object Repository/Выручка в рублях/span2' is: '433'

29-01-2025T03:00:02 - [MESSAGE][PASSED] - Text of object 'Object Repository/Выручка в рублях/span2' is: '433'

29-01-2025T03:00:02 - [TEST_STEP][PASSED] - if (vir == 1 || vir == 2): Text of object 'Object Repository/Выручка в рублях/span3' is: '145'

29-01-2025T03:00:02 - [TEST_STEP][PASSED] - b32 = ").trim(): Text of object 'Object Repository/Выручка в рублях/span3' is: '145'

29-01-2025T03:00:02 - [MESSAGE][PASSED] - Text of object 'Object Repository/Выручка в рублях/span3' is: '145'

29-01-2025T03:00:02 - [TEST_STEP][PASSED] - if (vir == 1 || vir == 2): Text of object 'Object Repository/Выручка в рублях/span8' is: '951'

29-01-2025T03:00:02 - [TEST_STEP][PASSED] - b33 = ").trim(): Text of object 'Object Repository/Выручка в рублях/span4' is: '175'

29-01-2025T03:00:02 - [MESSAGE][PASSED] - Text of object 'Object Repository/Выручка в рублях/span4' is: '175'

29-01-2025T03:00:02 - [TEST_STEP][PASSED] - b34 = ").trim(): Text of object 'Object Repository/Выручка в рублях/span5' is: '5 315'

29-01-2025T03:00:03 - [MESSAGE][PASSED] - Text of object 'Object Repository/Выручка в рублях/span5' is: '5 315'

29-01-2025T03:00:03 - [TEST_STEP][PASSED] - b35 = ").trim(): Text of object 'Object Repository/Выручка в рублях/span6' is: '5 768'

29-01-2025T03:00:03 - [MESSAGE][PASSED] - Text of object 'Object Repository/Выручка в рублях/span6' is: '5 768'

29-01-2025T03:00:03 - [TEST_STEP][PASSED] - b36 = ").trim(): Text of object 'Object Repository/Выручка в рублях/span7' is: '8 943'

29-01-2025T03:00:03 - [MESSAGE][PASSED] - Text of object 'Object Repository/Выручка в рублях/span7' is: '8 943'

29-01-2025T03:00:03 - [TEST_STEP][PASSED] - b37 = ").trim(): Text of object 'Object Repository/Выручка в рублях/span8' is: '951'

29-01-2025T03:00:04 - [MESSAGE][PASSED] - Text of object 'Object Repository/Выручка в рублях/span8' is: '951'

29-01-2025T03:00:04 - [TEST_STEP][PASSED] - if (vir == 1 || vir == 2): Text of object 'Object Repository/Выручка в рублях/span17' is: '1 206'

29-01-2025T03:00:04 - [TEST_STEP][PASSED] - b38 = ").trim(): Text of object 'Object Repository/Выручка в рублях/span9' is: '696'

29-01-2025T03:00:04 - [MESSAGE][PASSED] - Text of object 'Object Repository/Выручка в рублях/span9' is: '696'

29-01-2025T03:00:04 - [TEST_STEP][PASSED] - b39 = ").trim(): Text of object 'Object Repository/Выручка в рублях/span10' is: '2 625'

29-01-2025T03:00:04 - [MESSAGE][PASSED] - Text of object 'Object Repository/Выручка в рублях/span10' is: '2 625'

29-01-2025T03:00:04 - [TEST_STEP][PASSED] - b310 = ").trim(): Text of object 'Object Repository/Выручка в рублях/span11' is: '198'

29-01-2025T03:00:05 - [MESSAGE][PASSED] - Text of object 'Object Repository/Выручка в рублях/span11' is: '198'

29-01-2025T03:00:05 - [TEST_STEP][PASSED] - b311 = ").trim(): Text of object 'Object Repository/Выручка в рублях/span12' is: '-7 329'

29-01-2025T03:00:05 - [MESSAGE][PASSED] - Text of object 'Object Repository/Выручка в рублях/span12' is: '-7 329'

29-01-2025T03:00:05 - [TEST_STEP][PASSED] - b312 = ").trim(): Text of object 'Object Repository/Выручка в рублях/span13' is: '1 914'

29-01-2025T03:00:05 - [MESSAGE][PASSED] - Text of object 'Object Repository/Выручка в рублях/span13' is: '1 914'

29-01-2025T03:00:05 - [TEST_STEP][PASSED] - b313 = ").trim(): Text of object 'Object Repository/Выручка в рублях/span14' is: '-23 145'

29-01-2025T03:00:05 - [MESSAGE][PASSED] - Text of object 'Object Repository/Выручка в рублях/span14' is: '-23 145'

29-01-2025T03:00:05 - [TEST_STEP][PASSED] - b314 = ").trim(): Text of object 'Object Repository/Выручка в рублях/span15' is: '3 692'

29-01-2025T03:00:06 - [MESSAGE][PASSED] - Text of object 'Object Repository/Выручка в рублях/span15' is: '3 692'

29-01-2025T03:00:06 - [TEST_STEP][PASSED] - b315 = ").trim(): Text of object 'Object Repository/Выручка в рублях/span16' is: '5 160'

29-01-2025T03:00:06 - [MESSAGE][PASSED] - Text of object 'Object Repository/Выручка в рублях/span16' is: '5 160'

29-01-2025T03:00:06 - [TEST_STEP][PASSED] - b316 = ").trim(): Text of object 'Object Repository/Выручка в рублях/span17' is: '1 206'

29-01-2025T03:00:06 - [MESSAGE][PASSED] - Text of object 'Object Repository/Выручка в рублях/span17' is: '1 206'

29-01-2025T03:00:06 - [TEST_STEP][PASSED] - if (vir == 1 || vir == 2): Text of object 'Object Repository/Выручка в рублях/span18' is: '390'

29-01-2025T03:00:06 - [TEST_STEP][PASSED] - b317 = ").trim(): Text of object 'Object Repository/Выручка в рублях/span18' is: '390'

29-01-2025T03:00:07 - [MESSAGE][PASSED] - Text of object 'Object Repository/Выручка в рублях/span18' is: '390'

29-01-2025T03:00:07 - [TEST_STEP][PASSED] - dZO = "ПАО Россети": null

29-01-2025T03:00:07 - [TEST_STEP][PASSED] - if (verifyEqual(a1, b1) == false): Actual object '1 449 221' and expected object '1 449 221' are equal

29-01-2025T03:00:07 - [MESSAGE][PASSED] - Actual object '1 449 221' and expected object '1 449 221' are equal

29-01-2025T03:00:07 - [TEST_STEP][PASSED] - if (verifyEqual(a2, b2) == false): Actual object '1 456 358' and expected object '1 456 358' are equal

29-01-2025T03:00:07 - [MESSAGE][PASSED] - Actual object '1 456 358' and expected object '1 456 358' are equal

29-01-2025T03:00:07 - [TEST_STEP][PASSED] - vidget = "Отклонения": null

29-01-2025T03:00:07 - [TEST_STEP][PASSED] - if (verifyEqual(a30, b30) == false): Actual object '7136.5' and expected object '7136.5' are equal

29-01-2025T03:00:07 - [MESSAGE][PASSED] - Actual object '7136.5' and expected object '7136.5' are equal

29-01-2025T03:00:07 - [TEST_STEP][PASSED] - dZO = "АО «Тываэнерго»": null

29-01-2025T03:00:07 - [TEST_STEP][PASSED] - if (verifyEqual(a31, b31) == false): Actual object '433' and expected object '433' are equal

29-01-2025T03:00:07 - [MESSAGE][PASSED] - Actual object '433' and expected object '433' are equal

29-01-2025T03:00:07 - [TEST_STEP][PASSED] - dZO = "АО «Чеченэнерго»": null

29-01-2025T03:00:07 - [TEST_STEP][PASSED] - if (verifyEqual(a32, b32) == false): Actual object '145' and expected object '145' are equal

29-01-2025T03:00:07 - [MESSAGE][PASSED] - Actual object '145' and expected object '145' are equal

29-01-2025T03:00:07 - [TEST_STEP][PASSED] - dZO = "Россети Волга": null

29-01-2025T03:00:07 - [TEST_STEP][PASSED] - if (verifyEqual(a33, b33) == false): Actual object '175' and expected object '175' are equal

29-01-2025T03:00:07 - [MESSAGE][PASSED] - Actual object '175' and expected object '175' are equal

29-01-2025T03:00:07 - [TEST_STEP][PASSED] - dZO = "Россети Кубань": null

29-01-2025T03:00:07 - [TEST_STEP][PASSED] - if (verifyEqual(a34, b34) == false): Actual object '5 315' and expected object '5 315' are equal

29-01-2025T03:00:07 - [MESSAGE][PASSED] - Actual object '5 315' and expected object '5 315' are equal

29-01-2025T03:00:07 - [TEST_STEP][PASSED] - dZO = "Россети Ленэнерго (ГК)": null

29-01-2025T03:00:07 - [TEST_STEP][PASSED] - if (verifyEqual(a35, b35) == false): Actual object '5 768' and expected object '5 768' are equal

29-01-2025T03:00:07 - [MESSAGE][PASSED] - Actual object '5 768' and expected object '5 768' are equal

29-01-2025T03:00:07 - [TEST_STEP][PASSED] - dZO = "Россети Московский регион": null

29-01-2025T03:00:07 - [TEST_STEP][PASSED] - if (verifyEqual(a36, b36) == false): Actual object '8 943' and expected object '8 943' are equal

29-01-2025T03:00:07 - [MESSAGE][PASSED] - Actual object '8 943' and expected object '8 943' are equal

29-01-2025T03:00:07 - [TEST_STEP][PASSED] - dZO = "Россети Северный Кавказ (ГК)": null

29-01-2025T03:00:07 - [TEST_STEP][PASSED] - if (verifyEqual(a37, b37) == false): Actual object '951' and expected object '951' are equal

29-01-2025T03:00:07 - [MESSAGE][PASSED] - Actual object '951' and expected object '951' are equal

29-01-2025T03:00:07 - [TEST_STEP][PASSED] - dZO = "Россети Северо-Запад": null

29-01-2025T03:00:07 - [TEST_STEP][PASSED] - if (verifyEqual(a38, b38) == false): Actual object '696' and expected object '696' are equal

29-01-2025T03:00:07 - [MESSAGE][PASSED] - Actual object '696' and expected object '696' are equal

29-01-2025T03:00:07 - [TEST_STEP][PASSED] - dZO = "Россети Сибирь (ГК)": null

29-01-2025T03:00:07 - [TEST_STEP][PASSED] - if (verifyEqual(a39, b39) == false): Actual object '2 625' and expected object '2 625' are equal

29-01-2025T03:00:07 - [MESSAGE][PASSED] - Actual object '2 625' and expected object '2 625' are equal

29-01-2025T03:00:07 - [TEST_STEP][PASSED] - dZO = "Россети Томск": null

29-01-2025T03:00:07 - [TEST_STEP][PASSED] - if (verifyEqual(a310, b310) == false): Actual object '198' and expected object '198' are equal

29-01-2025T03:00:07 - [MESSAGE][PASSED] - Actual object '198' and expected object '198' are equal

29-01-2025T03:00:07 - [TEST_STEP][PASSED] - dZO = "Россети Тюмень": null

29-01-2025T03:00:07 - [TEST_STEP][PASSED] - if (verifyEqual(a311, b311) == false): Actual object '-7 329' and expected object '-7 329' are equal

29-01-2025T03:00:07 - [MESSAGE][PASSED] - Actual object '-7 329' and expected object '-7 329' are equal

29-01-2025T03:00:07 - [TEST_STEP][PASSED] - dZO = "Россети Урал (ГК)": null

29-01-2025T03:00:07 - [TEST_STEP][PASSED] - if (verifyEqual(a312, b312) == false): Actual object '1 914' and expected object '1 914' are equal

29-01-2025T03:00:07 - [MESSAGE][PASSED] - Actual object '1 914' and expected object '1 914' are equal

29-01-2025T03:00:07 - [TEST_STEP][PASSED] - dZO = "Россети ФСК ЕЭС": null

29-01-2025T03:00:07 - [TEST_STEP][PASSED] - if (verifyEqual(a313, b313) == false): Actual object '-23 145' and expected object '-23 145' are equal

29-01-2025T03:00:07 - [MESSAGE][PASSED] - Actual object '-23 145' and expected object '-23 145' are equal

29-01-2025T03:00:07 - [TEST_STEP][PASSED] - dZO = "Россети Центр": null

29-01-2025T03:00:07 - [TEST_STEP][PASSED] - if (verifyEqual(a314, b314) == false): Actual object '3 692' and expected object '3 692' are equal

29-01-2025T03:00:07 - [MESSAGE][PASSED] - Actual object '3 692' and expected object '3 692' are equal

29-01-2025T03:00:07 - [TEST_STEP][PASSED] - dZO = "Россети Центр и Приволжье (ГК)": null

29-01-2025T03:00:07 - [TEST_STEP][PASSED] - if (verifyEqual(a315, b315) == false): Actual object '5 160' and expected object '5 160' are equal

29-01-2025T03:00:07 - [MESSAGE][PASSED] - Actual object '5 160' and expected object '5 160' are equal

29-01-2025T03:00:07 - [TEST_STEP][PASSED] - dZO = "Россети Юг (ГК)": null

29-01-2025T03:00:07 - [TEST_STEP][PASSED] - if (verifyEqual(a316, b316) == false): Actual object '1 206' and expected object '1 206' are equal

29-01-2025T03:00:07 - [MESSAGE][PASSED] - Actual object '1 206' and expected object '1 206' are equal

29-01-2025T03:00:07 - [TEST_STEP][PASSED] - dZO = "Россети Янтарь": null

29-01-2025T03:00:07 - [TEST_STEP][PASSED] - if (verifyEqual(a317, b317) == false): Actual object '390' and expected object '390' are equal

29-01-2025T03:00:07 - [MESSAGE][PASSED] - Actual object '390' and expected object '390' are equal

29-01-2025T03:00:07 - [TEST_STEP][PASSED] - closeBrowser(): null

29-01-2025T03:00:07 - [MESSAGE][PASSED] - Browser is closed

29-01-2025T03:00:07 - [TEST_STEP][PASSED] - Script1710234207206.Blocks(run, vir, block, nameOfBlock, typeOfData, viruchka, vidget, todaysDate, a, b, dZO, x, y): null

29-01-2025T03:00:07 - [TEST_STEP][PASSED] - i = <not implemented yet for class: org.codehaus.groovy.ast.expr.EmptyExpression>: null

29-01-2025T03:00:07 - [TEST_STEP][PASSED] - perc = "": null

29-01-2025T03:00:07 - [TEST_STEP][PASSED] - a1 = <not implemented yet for class: org.codehaus.groovy.ast.expr.EmptyExpression>: null

29-01-2025T03:00:07 - [TEST_STEP][PASSED] - a2 = <not implemented yet for class: org.codehaus.groovy.ast.expr.EmptyExpression>: null

29-01-2025T03:00:07 - [TEST_STEP][PASSED] - a30 = <not implemented yet for class: org.codehaus.groovy.ast.expr.EmptyExpression>: null

29-01-2025T03:00:07 - [TEST_STEP][PASSED] - a31 = <not implemented yet for class: org.codehaus.groovy.ast.expr.EmptyExpression>: null

29-01-2025T03:00:07 - [TEST_STEP][PASSED] - a32 = <not implemented yet for class: org.codehaus.groovy.ast.expr.EmptyExpression>: null

29-01-2025T03:00:07 - [TEST_STEP][PASSED] - a33 = <not implemented yet for class: org.codehaus.groovy.ast.expr.EmptyExpression>: null

29-01-2025T03:00:07 - [TEST_STEP][PASSED] - a34 = <not implemented yet for class: org.codehaus.groovy.ast.expr.EmptyExpression>: null

29-01-2025T03:00:07 - [TEST_STEP][PASSED] - a35 = <not implemented yet for class: org.codehaus.groovy.ast.expr.EmptyExpression>: null

29-01-2025T03:00:07 - [TEST_STEP][PASSED] - a36 = <not implemented yet for class: org.codehaus.groovy.ast.expr.EmptyExpression>: null

29-01-2025T03:00:07 - [TEST_STEP][PASSED] - a37 = <not implemented yet for class: org.codehaus.groovy.ast.expr.EmptyExpression>: null

29-01-2025T03:00:07 - [TEST_STEP][PASSED] - a38 = <not implemented yet for class: org.codehaus.groovy.ast.expr.EmptyExpression>: null

29-01-2025T03:00:07 - [TEST_STEP][PASSED] - a39 = <not implemented yet for class: org.codehaus.groovy.ast.expr.EmptyExpression>: null

29-01-2025T03:00:07 - [TEST_STEP][PASSED] - a310 = <not implemented yet for class: org.codehaus.groovy.ast.expr.EmptyExpression>: null

29-01-2025T03:00:07 - [TEST_STEP][PASSED] - a311 = <not implemented yet for class: org.codehaus.groovy.ast.expr.EmptyExpression>: null

29-01-2025T03:00:07 - [TEST_STEP][PASSED] - a312 = <not implemented yet for class: org.codehaus.groovy.ast.expr.EmptyExpression>: null

29-01-2025T03:00:07 - [TEST_STEP][PASSED] - a313 = <not implemented yet for class: org.codehaus.groovy.ast.expr.EmptyExpression>: null

29-01-2025T03:00:07 - [TEST_STEP][PASSED] - a314 = <not implemented yet for class: org.codehaus.groovy.ast.expr.EmptyExpression>: null

29-01-2025T03:00:07 - [TEST_STEP][PASSED] - a315 = <not implemented yet for class: org.codehaus.groovy.ast.expr.EmptyExpression>: null

29-01-2025T03:00:07 - [TEST_STEP][PASSED] - a316 = <not implemented yet for class: org.codehaus.groovy.ast.expr.EmptyExpression>: null

29-01-2025T03:00:07 - [TEST_STEP][PASSED] - a317 = <not implemented yet for class: org.codehaus.groovy.ast.expr.EmptyExpression>: null

29-01-2025T03:00:07 - [TEST_STEP][PASSED] - b1 = <not implemented yet for class: org.codehaus.groovy.ast.expr.EmptyExpression>: null

29-01-2025T03:00:07 - [TEST_STEP][PASSED] - b2 = <not implemented yet for class: org.codehaus.groovy.ast.expr.EmptyExpression>: null

29-01-2025T03:00:07 - [TEST_STEP][PASSED] - b30 = <not implemented yet for class: org.codehaus.groovy.ast.expr.EmptyExpression>: null

29-01-2025T03:00:07 - [TEST_STEP][PASSED] - b31 = <not implemented yet for class: org.codehaus.groovy.ast.expr.EmptyExpression>: null

29-01-2025T03:00:07 - [TEST_STEP][PASSED] - b32 = <not implemented yet for class: org.codehaus.groovy.ast.expr.EmptyExpression>: null

29-01-2025T03:00:07 - [TEST_STEP][PASSED] - b33 = <not implemented yet for class: org.codehaus.groovy.ast.expr.EmptyExpression>: null

29-01-2025T03:00:07 - [TEST_STEP][PASSED] - b34 = <not implemented yet for class: org.codehaus.groovy.ast.expr.EmptyExpression>: null

29-01-2025T03:00:07 - [TEST_STEP][PASSED] - b35 = <not implemented yet for class: org.codehaus.groovy.ast.expr.EmptyExpression>: null

29-01-2025T03:00:07 - [TEST_STEP][PASSED] - b36 = <not implemented yet for class: org.codehaus.groovy.ast.expr.EmptyExpression>: null

29-01-2025T03:00:07 - [TEST_STEP][PASSED] - b37 = <not implemented yet for class: org.codehaus.groovy.ast.expr.EmptyExpression>: null

29-01-2025T03:00:07 - [TEST_STEP][PASSED] - b38 = <not implemented yet for class: org.codehaus.groovy.ast.expr.EmptyExpression>: null

29-01-2025T03:00:07 - [TEST_STEP][PASSED] - b39 = <not implemented yet for class: org.codehaus.groovy.ast.expr.EmptyExpression>: null

29-01-2025T03:00:07 - [TEST_STEP][PASSED] - b310 = <not implemented yet for class: org.codehaus.groovy.ast.expr.EmptyExpression>: null

29-01-2025T03:00:07 - [TEST_STEP][PASSED] - b311 = <not implemented yet for class: org.codehaus.groovy.ast.expr.EmptyExpression>: null

29-01-2025T03:00:07 - [TEST_STEP][PASSED] - b312 = <not implemented yet for class: org.codehaus.groovy.ast.expr.EmptyExpression>: null

29-01-2025T03:00:07 - [TEST_STEP][PASSED] - b313 = <not implemented yet for class: org.codehaus.groovy.ast.expr.EmptyExpression>: null

29-01-2025T03:00:07 - [TEST_STEP][PASSED] - b314 = <not implemented yet for class: org.codehaus.groovy.ast.expr.EmptyExpression>: null

29-01-2025T03:00:07 - [TEST_STEP][PASSED] - b315 = <not implemented yet for class: org.codehaus.groovy.ast.expr.EmptyExpression>: null

29-01-2025T03:00:07 - [TEST_STEP][PASSED] - b316 = <not implemented yet for class: org.codehaus.groovy.ast.expr.EmptyExpression>: null

29-01-2025T03:00:07 - [TEST_STEP][PASSED] - b317 = <not implemented yet for class: org.codehaus.groovy.ast.expr.EmptyExpression>: null

29-01-2025T03:00:07 - [TEST_STEP][PASSED] - block = 1: null

29-01-2025T03:00:07 - [TEST_STEP][PASSED] - nameOfBlock = "": null

29-01-2025T03:00:07 - [TEST_STEP][PASSED] - Script1710234207206.PreSettings(run, vir, block, nameOfBlock, typeOfData, todaysDate): null

29-01-2025T03:00:07 - [TEST_STEP][PASSED] - openBrowser(""): Browser is opened with url: ''

29-01-2025T03:00:07 - [MESSAGE][INFO] - Starting 'Chrome' driver

29-01-2025T03:00:07 - [MESSAGE][INFO] - Action delay is set to 0 milliseconds

29-01-2025T03:00:08 - [MESSAGE][PASSED] - Browser is opened with url: ''

29-01-2025T03:00:08 - [TEST_STEP][PASSED] - refresh(): Refresh successfully

29-01-2025T03:00:08 - [MESSAGE][PASSED] - Refresh successfully

29-01-2025T03:00:08 - [TEST_STEP][PASSED] - delay(50): Delayed 50 second(s)

29-01-2025T03:00:58 - [MESSAGE][PASSED] - Delayed 50 second(s)

29-01-2025T03:00:58 - [TEST_STEP][PASSED] - println("run:" + run): null

29-01-2025T03:00:58 - [TEST_STEP][PASSED] - println("vir:" + vir): null

29-01-2025T03:00:58 - [TEST_STEP][PASSED] - println("block:" + block): null

29-01-2025T03:00:58 - [TEST_STEP][PASSED] - if (block == 1): null

29-01-2025T03:00:58 - [TEST_STEP][PASSED] - nameOfBlock = "": null

29-01-2025T03:00:58 - [TEST_STEP][PASSED] - println("nameOfBlock:" + nameOfBlock): null

29-01-2025T03:00:58 - [TEST_STEP][PASSED] - println("typeOfData:" + typeOfData): null

29-01-2025T03:00:58 - [TEST_STEP][PASSED] - println("todaysDate:" + todaysDate): null

29-01-2025T03:00:58 - [TEST_STEP][PASSED] - Script1710234207206.Autorization(block, nameOfBlock): null

29-01-2025T03:00:58 - [TEST_STEP][PASSED] - i = <not implemented yet for class: org.codehaus.groovy.ast.expr.EmptyExpression>: null

29-01-2025T03:00:58 - [TEST_STEP][PASSED] - ii = <not implemented yet for class: org.codehaus.groovy.ast.expr.EmptyExpression>: null

29-01-2025T03:00:58 - [TEST_STEP][PASSED] - urlData = <not implemented yet for class: org.codehaus.groovy.ast.expr.EmptyExpression>: null

29-01-2025T03:00:58 - [TEST_STEP][PASSED] - searchWord = <not implemented yet for class: org.codehaus.groovy.ast.expr.EmptyExpression>: null

29-01-2025T03:00:58 - [TEST_STEP][PASSED] - urlText = <not implemented yet for class: org.codehaus.groovy.ast.expr.EmptyExpression>: null

29-01-2025T03:00:58 - [TEST_STEP][PASSED] - println("block:" + block): null

29-01-2025T03:00:58 - [TEST_STEP][PASSED] - if (block == 1): null

29-01-2025T03:00:58 - [TEST_STEP][PASSED] - nameOfBlock = "": null

29-01-2025T03:00:58 - [TEST_STEP][PASSED] - println("nameOfBlock:" + nameOfBlock): null

29-01-2025T03:00:58 - [TEST_STEP][PASSED] - if (block == 1): Delayed 45 second(s)

29-01-2025T03:00:58 - [TEST_STEP][PASSED] - urlData = 2: null

29-01-2025T03:00:58 - [TEST_STEP][PASSED] - delay(45): Delayed 45 second(s)

29-01-2025T03:01:43 - [MESSAGE][PASSED] - Delayed 45 second(s)

29-01-2025T03:01:43 - [TEST_STEP][PASSED] - navigateToUrl(findTestData("PlanFact").getValue(10, urlData)): Navigate to 'https://bi.rosseti.digital/viewer?dashboardGuid=2301950b23be4ed89c1df75f2020051e&sheetGuid=b723206f698544fb87299f3095c00435&fit=true' successfully

29-01-2025T03:01:51 - [MESSAGE][PASSED] - Navigate to 'https://bi.rosseti.digital/viewer?dashboardGuid=2301950b23be4ed89c1df75f2020051e&sheetGuid=b723206f698544fb87299f3095c00435&fit=true' successfully

29-01-2025T03:01:51 - [TEST_STEP][PASSED] - urlText = getText(findTestObject("Страница авторизации/Text")): Text of object 'Object Repository/Страница авторизации/Text' is: 'Вход'

29-01-2025T03:01:56 - [MESSAGE][PASSED] - Text of object 'Object Repository/Страница авторизации/Text' is: 'Вход'

29-01-2025T03:01:56 - [TEST_STEP][PASSED] - searchWord = "Вход": null

29-01-2025T03:01:56 - [TEST_STEP][PASSED] - if (urlText == null || urlText.contains("ошибка") || urlText.contains(searchWord) == false): null

29-01-2025T03:01:56 - [TEST_STEP][PASSED] - if (verifyElementPresent(findTestObject("Страница авторизации/button_"), 30) == true): null

29-01-2025T03:01:56 - [MESSAGE][PASSED] - Object 'Object Repository/Страница авторизации/button_' is present

29-01-2025T03:01:56 - [TEST_STEP][PASSED] - setText(findTestObject("Страница авторизации/input__username"), findTestData("PlanFact").getValue(8, 1)): Text 'liazgina-di' is set on object 'Object Repository/Страница авторизации/input__username'

29-01-2025T03:01:57 - [MESSAGE][PASSED] - Text 'liazgina-di' is set on object 'Object Repository/Страница авторизации/input__username'

29-01-2025T03:01:57 - [TEST_STEP][PASSED] - setText(findTestObject("Страница авторизации/input__password"), findTestData("PlanFact").getValue(9, 1)): Text ')$%5srZ8o688Dm#q' is set on object 'Object Repository/Страница авторизации/input__password'

29-01-2025T03:01:57 - [MESSAGE][PASSED] - Text ')$%5srZ8o688Dm#q' is set on object 'Object Repository/Страница авторизации/input__password'

29-01-2025T03:01:57 - [TEST_STEP][PASSED] - click(findTestObject("Страница авторизации/button_")): Object: 'Object Repository/Страница авторизации/button_' is clicked on

29-01-2025T03:01:59 - [MESSAGE][PASSED] - Object: 'Object Repository/Страница авторизации/button_' is clicked on

29-01-2025T03:01:59 - [TEST_STEP][PASSED] - delay(45): Delayed 45 second(s)

29-01-2025T03:02:44 - [MESSAGE][PASSED] - Delayed 45 second(s)

29-01-2025T03:02:44 - [TEST_STEP][PASSED] - urlText = getText(findTestObject("Страница авторизации/Text")): Text of object 'Object Repository/Страница авторизации/Text' is: 'Период
2024 год
Выручка
Все
Выполнение плановых показателей по ПАО Россети за 2024 год
План
Факт
Динамика
2024 год
0 млн.руб.
200 000 млн.руб.
400 000 млн.руб.
600 000 млн.руб.
800 000 млн.руб.
1 000 000 млн.руб.
1 200 000 млн.руб.
1 400 000 млн.руб.
1 600 000 млн.руб.
1 800 000 млн.руб.
1 449 221
1 456 358
↑
ДЗО 
ПАО Россети
Внутренний оборот - выручка за услуги по передаче электрической энергии, учтенная в выручке за электроэнергию для конечных потребителей, при выполнении ДЗО функций гарантирующего поставщика
Подписи данных
⬤Отклонение
АО «Тываэнерго»
АО «Чеченэнерго»
Россети Волга
Россети Кубань
Россети Ленэнерго (ГК)
Россети Московский регион
Россети Северный Кавказ (ГК)
Россети Северо-Запад
Россети Сибирь (ГК)
Россети Томск
Россети Тюмень
Россети Урал (ГК)
Россети ФСК ЕЭС
Россети Центр
Россети Центр и Приволжье (ГК)
Россети Юг (ГК)
Россети Янтарь
-25 000млн.руб.
-20 000млн.руб.
-15 000млн.руб.
-10 000млн.руб.
-5 000млн.руб.
0млн.руб.
5 000млн.руб.
10 000млн.руб.
15 …
433
145
175
5 315
5 768
8 943
951
696
2 625
198
-7 329
1 914
-23 145
3 692
5 160
1 206
390
млн.
%
Выручка
Отклонение выручки по ПАО Россети за 2024 год (факт/план, млн. руб)
ПАО Россети
7 136.5 млн.руб.
 '

29-01-2025T03:02:45 - [MESSAGE][PASSED] - Text of object 'Object Repository/Страница авторизации/Text' is: 'Период
2024 год
Выручка
Все
Выполнение плановых показателей по ПАО Россети за 2024 год
План
Факт
Динамика
2024 год
0 млн.руб.
200 000 млн.руб.
400 000 млн.руб.
600 000 млн.руб.
800 000 млн.руб.
1 000 000 млн.руб.
1 200 000 млн.руб.
1 400 000 млн.руб.
1 600 000 млн.руб.
1 800 000 млн.руб.
1 449 221
1 456 358
↑
ДЗО 
ПАО Россети
Внутренний оборот - выручка за услуги по передаче электрической энергии, учтенная в выручке за электроэнергию для конечных потребителей, при выполнении ДЗО функций гарантирующего поставщика
Подписи данных
⬤Отклонение
АО «Тываэнерго»
АО «Чеченэнерго»
Россети Волга
Россети Кубань
Россети Ленэнерго (ГК)
Россети Московский регион
Россети Северный Кавказ (ГК)
Россети Северо-Запад
Россети Сибирь (ГК)
Россети Томск
Россети Тюмень
Россети Урал (ГК)
Россети ФСК ЕЭС
Россети Центр
Россети Центр и Приволжье (ГК)
Россети Юг (ГК)
Россети Янтарь
-25 000млн.руб.
-20 000млн.руб.
-15 000млн.руб.
-10 000млн.руб.
-5 000млн.руб.
0млн.руб.
5 000млн.руб.
10 000млн.руб.
15 …
433
145
175
5 315
5 768
8 943
951
696
2 625
198
-7 329
1 914
-23 145
3 692
5 160
1 206
390
млн.
%
Выручка
Отклонение выручки по ПАО Россети за 2024 год (факт/план, млн. руб)
ПАО Россети
7 136.5 млн.руб.
 '

29-01-2025T03:02:45 - [TEST_STEP][PASSED] - searchWord = "а": null

29-01-2025T03:02:45 - [TEST_STEP][PASSED] - if (urlText.contains("ошибка") || urlText.contains(searchWord) == false): null

29-01-2025T03:02:45 - [TEST_STEP][PASSED] - delay(45): Delayed 45 second(s)

29-01-2025T03:03:30 - [MESSAGE][PASSED] - Delayed 45 second(s)

29-01-2025T03:03:30 - [TEST_STEP][PASSED] - if (block == 2): null

29-01-2025T03:03:30 - [TEST_STEP][PASSED] - click(findTestObject("Выручка в рублях/Фильтр Период" + nameOfBlock)): Object: 'Object Repository/Выручка в рублях/Фильтр Период' is clicked on

29-01-2025T03:03:30 - [MESSAGE][PASSED] - Object: 'Object Repository/Выручка в рублях/Фильтр Период' is clicked on

29-01-2025T03:03:30 - [TEST_STEP][PASSED] - click(findTestObject("Выручка в рублях/Снять выделение в фильтре Дата" + nameOfBlock)): Object: 'Object Repository/Выручка в рублях/Снять выделение в фильтре Дата' is clicked on

29-01-2025T03:03:31 - [MESSAGE][PASSED] - Object: 'Object Repository/Выручка в рублях/Снять выделение в фильтре Дата' is clicked on

29-01-2025T03:03:31 - [TEST_STEP][PASSED] - click(findTestObject("Выручка в рублях/Применить в фильтре Дата" + nameOfBlock)): Object: 'Object Repository/Выручка в рублях/Применить в фильтре Дата' is clicked on

29-01-2025T03:03:31 - [MESSAGE][PASSED] - Object: 'Object Repository/Выручка в рублях/Применить в фильтре Дата' is clicked on

29-01-2025T03:03:31 - [TEST_STEP][PASSED] - delay(50): Delayed 50 second(s)

29-01-2025T03:04:21 - [MESSAGE][PASSED] - Delayed 50 second(s)

29-01-2025T03:04:21 - [TEST_STEP][PASSED] - click(findTestObject("Выручка в рублях/Фильтр Период" + nameOfBlock)): Object: 'Object Repository/Выручка в рублях/Фильтр Период' is clicked on

29-01-2025T03:04:22 - [MESSAGE][PASSED] - Object: 'Object Repository/Выручка в рублях/Фильтр Период' is clicked on

29-01-2025T03:04:22 - [TEST_STEP][PASSED] - click(findTestObject("Выручка в рублях/Снять выделение в фильтре Дата" + nameOfBlock)): Object: 'Object Repository/Выручка в рублях/Снять выделение в фильтре Дата' is clicked on

29-01-2025T03:04:22 - [MESSAGE][PASSED] - Object: 'Object Repository/Выручка в рублях/Снять выделение в фильтре Дата' is clicked on

29-01-2025T03:04:22 - [TEST_STEP][PASSED] - scrollToElement(findTestObject("Выручка в рублях/2024 список" + nameOfBlock), 30): Scroll to object 'Object Repository/Выручка в рублях/2024 список' successfully

29-01-2025T03:04:22 - [MESSAGE][PASSED] - Scroll to object 'Object Repository/Выручка в рублях/2024 список' successfully

29-01-2025T03:04:22 - [TEST_STEP][PASSED] - click(findTestObject("Выручка в рублях/2024 год" + nameOfBlock)): Object: 'Object Repository/Выручка в рублях/2024 год' is clicked on

29-01-2025T03:04:23 - [MESSAGE][PASSED] - Object: 'Object Repository/Выручка в рублях/2024 год' is clicked on

29-01-2025T03:04:23 - [TEST_STEP][PASSED] - scrollToElement(findTestObject("Выручка в рублях/Заголовок дашборда" + nameOfBlock), 30): Scroll to object 'Object Repository/Выручка в рублях/Заголовок дашборда' successfully

29-01-2025T03:04:23 - [MESSAGE][PASSED] - Scroll to object 'Object Repository/Выручка в рублях/Заголовок дашборда' successfully

29-01-2025T03:04:23 - [TEST_STEP][PASSED] - click(findTestObject("Выручка в рублях/Применить в фильтре Дата" + nameOfBlock)): Object: 'Object Repository/Выручка в рублях/Применить в фильтре Дата' is clicked on

29-01-2025T03:04:24 - [MESSAGE][PASSED] - Object: 'Object Repository/Выручка в рублях/Применить в фильтре Дата' is clicked on

29-01-2025T03:04:24 - [TEST_STEP][PASSED] - delay(55): Delayed 55 second(s)

29-01-2025T03:05:19 - [MESSAGE][PASSED] - Delayed 55 second(s)

29-01-2025T03:05:19 - [TEST_STEP][PASSED] - click(findTestObject("Выручка в рублях/Фильтр ДЗО" + nameOfBlock)): Object: 'Object Repository/Выручка в рублях/Фильтр ДЗО' is clicked on

29-01-2025T03:05:19 - [MESSAGE][PASSED] - Object: 'Object Repository/Выручка в рублях/Фильтр ДЗО' is clicked on

29-01-2025T03:05:19 - [TEST_STEP][PASSED] - click(findTestObject("Выручка в рублях/Снять выделение в фильтре ДЗО" + nameOfBlock)): Object: 'Object Repository/Выручка в рублях/Снять выделение в фильтре ДЗО' is clicked on

29-01-2025T03:05:20 - [MESSAGE][PASSED] - Object: 'Object Repository/Выручка в рублях/Снять выделение в фильтре ДЗО' is clicked on

29-01-2025T03:05:20 - [TEST_STEP][PASSED] - click(findTestObject("Выручка в рублях/Применить в фильтре ДЗО" + nameOfBlock)): Object: 'Object Repository/Выручка в рублях/Применить в фильтре ДЗО' is clicked on

29-01-2025T03:05:20 - [MESSAGE][PASSED] - Object: 'Object Repository/Выручка в рублях/Применить в фильтре ДЗО' is clicked on

29-01-2025T03:05:20 - [TEST_STEP][PASSED] - delay(50): Delayed 50 second(s)

29-01-2025T03:06:10 - [MESSAGE][PASSED] - Delayed 50 second(s)

29-01-2025T03:06:10 - [TEST_STEP][PASSED] - Script1710234207206.Tumbler(run, vir, block, nameOfBlock): null

29-01-2025T03:06:10 - [TEST_STEP][PASSED] - println("run:" + run): null

29-01-2025T03:06:10 - [TEST_STEP][PASSED] - println("vir:" + vir): null

29-01-2025T03:06:10 - [TEST_STEP][PASSED] - println("block:" + block): null

29-01-2025T03:06:10 - [TEST_STEP][PASSED] - println("nameOfBlock:" + nameOfBlock): null

29-01-2025T03:06:10 - [TEST_STEP][PASSED] - if (vir == 1): null

29-01-2025T03:06:10 - [TEST_STEP][PASSED] - else if (vir == 2): Object: 'Object Repository/Выручка в рублях/Применить в фильтре Выручка' is clicked on

29-01-2025T03:06:10 - [TEST_STEP][PASSED] - if (run == 2): null

29-01-2025T03:06:10 - [TEST_STEP][PASSED] - click(findTestObject("Выручка в рублях/Фильтр Выручка" + nameOfBlock)): Object: 'Object Repository/Выручка в рублях/Фильтр Выручка' is clicked on

29-01-2025T03:06:11 - [MESSAGE][PASSED] - Object: 'Object Repository/Выручка в рублях/Фильтр Выручка' is clicked on

29-01-2025T03:06:11 - [TEST_STEP][PASSED] - click(findTestObject("Выручка в рублях/Итого в фильтре Выручка" + nameOfBlock)): Object: 'Object Repository/Выручка в рублях/Итого в фильтре Выручка' is clicked on

29-01-2025T03:06:11 - [MESSAGE][PASSED] - Object: 'Object Repository/Выручка в рублях/Итого в фильтре Выручка' is clicked on

29-01-2025T03:06:11 - [TEST_STEP][PASSED] - click(findTestObject("Выручка в рублях/Применить в фильтре Выручка" + nameOfBlock)): Object: 'Object Repository/Выручка в рублях/Применить в фильтре Выручка' is clicked on

29-01-2025T03:06:12 - [MESSAGE][PASSED] - Object: 'Object Repository/Выручка в рублях/Применить в фильтре Выручка' is clicked on

29-01-2025T03:06:12 - [TEST_STEP][PASSED] - click(findTestObject("Выручка в рублях/Фильтр ДЗО" + nameOfBlock)): Object: 'Object Repository/Выручка в рублях/Фильтр ДЗО' is clicked on

29-01-2025T03:06:13 - [MESSAGE][PASSED] - Object: 'Object Repository/Выручка в рублях/Фильтр ДЗО' is clicked on

29-01-2025T03:06:13 - [TEST_STEP][PASSED] - Script1710234207206.Rosseti(nameOfBlock): null

29-01-2025T03:06:13 - [TEST_STEP][PASSED] - println("nameOfBlock:" + nameOfBlock): null

29-01-2025T03:06:13 - [TEST_STEP][PASSED] - click(findTestObject("Выручка в рублях/ПАО Россети" + nameOfBlock)): Object: 'Object Repository/Выручка в рублях/ПАО Россети' is clicked on

29-01-2025T03:06:14 - [MESSAGE][PASSED] - Object: 'Object Repository/Выручка в рублях/ПАО Россети' is clicked on

29-01-2025T03:06:14 - [TEST_STEP][PASSED] - click(findTestObject("Выручка в рублях/Применить в фильтре ДЗО" + nameOfBlock)): Object: 'Object Repository/Выручка в рублях/Применить в фильтре ДЗО' is clicked on

29-01-2025T03:06:15 - [MESSAGE][PASSED] - Object: 'Object Repository/Выручка в рублях/Применить в фильтре ДЗО' is clicked on

29-01-2025T03:06:15 - [TEST_STEP][PASSED] - if (run == 2): null

29-01-2025T03:06:15 - [TEST_STEP][PASSED] - if (vir == 1 || vir == 2): Text of object 'Object Repository/Выручка в рублях/График План' is: '1 424 495'

29-01-2025T03:06:15 - [TEST_STEP][PASSED] - a1 = getText(findTestObject("Выручка в рублях/График План")): Text of object 'Object Repository/Выручка в рублях/График План' is: '1 424 495'

29-01-2025T03:06:16 - [MESSAGE][PASSED] - Text of object 'Object Repository/Выручка в рублях/График План' is: '1 424 495'

29-01-2025T03:06:16 - [TEST_STEP][PASSED] - if (vir == 1 || vir == 2): Text of object 'Object Repository/Выручка в рублях/График Факт' is: '1 430 916'

29-01-2025T03:06:16 - [TEST_STEP][PASSED] - a2 = getText(findTestObject("Выручка в рублях/График Факт")): Text of object 'Object Repository/Выручка в рублях/График Факт' is: '1 430 916'

29-01-2025T03:06:16 - [MESSAGE][PASSED] - Text of object 'Object Repository/Выручка в рублях/График Факт' is: '1 430 916'

29-01-2025T03:06:16 - [TEST_STEP][PASSED] - a30 = getText(findTestObject("Выручка в рублях/span1" + perc)): Text of object 'Object Repository/Выручка в рублях/span1' is: '6 421.5 млн.руб.'

29-01-2025T03:06:16 - [MESSAGE][PASSED] - Text of object 'Object Repository/Выручка в рублях/span1' is: '6 421.5 млн.руб.'

29-01-2025T03:06:16 - [TEST_STEP][PASSED] - i = a30.indexOf("млн.руб."): null

29-01-2025T03:06:16 - [TEST_STEP][PASSED] - if (i > -1): null

29-01-2025T03:06:16 - [TEST_STEP][PASSED] - a30 = a30.substring(0, i): null

29-01-2025T03:06:16 - [TEST_STEP][PASSED] - a30 = a30.replaceAll(" ", ""): null

29-01-2025T03:06:16 - [TEST_STEP][PASSED] - if (a30.contains("%")): null

29-01-2025T03:06:16 - [TEST_STEP][PASSED] - a30 = ").trim(): null

29-01-2025T03:06:16 - [TEST_STEP][PASSED] - println("a30: " + a30): null

29-01-2025T03:06:16 - [TEST_STEP][PASSED] - if (vir == 1 || vir == 2): Text of object 'Object Repository/Выручка в рублях/span2' is: '580'

29-01-2025T03:06:16 - [TEST_STEP][PASSED] - a31 = ").trim(): Text of object 'Object Repository/Выручка в рублях/span2' is: '580'

29-01-2025T03:06:17 - [MESSAGE][PASSED] - Text of object 'Object Repository/Выручка в рублях/span2' is: '580'

29-01-2025T03:06:17 - [TEST_STEP][PASSED] - if (vir == 1 || vir == 2): Text of object 'Object Repository/Выручка в рублях/span3' is: '-14'

29-01-2025T03:06:17 - [TEST_STEP][PASSED] - a32 = ").trim(): Text of object 'Object Repository/Выручка в рублях/span3' is: '-14'

29-01-2025T03:06:17 - [MESSAGE][PASSED] - Text of object 'Object Repository/Выручка в рублях/span3' is: '-14'

29-01-2025T03:06:17 - [TEST_STEP][PASSED] - if (vir == 1 || vir == 2): Text of object 'Object Repository/Выручка в рублях/span8' is: '291'

29-01-2025T03:06:17 - [TEST_STEP][PASSED] - a33 = ").trim(): Text of object 'Object Repository/Выручка в рублях/span4' is: '175'

29-01-2025T03:06:17 - [MESSAGE][PASSED] - Text of object 'Object Repository/Выручка в рублях/span4' is: '175'

29-01-2025T03:06:17 - [TEST_STEP][PASSED] - a34 = ").trim(): Text of object 'Object Repository/Выручка в рублях/span5' is: '5 315'

29-01-2025T03:06:17 - [MESSAGE][PASSED] - Text of object 'Object Repository/Выручка в рублях/span5' is: '5 315'

29-01-2025T03:06:17 - [TEST_STEP][PASSED] - a35 = ").trim(): Text of object 'Object Repository/Выручка в рублях/span6' is: '5 768'

29-01-2025T03:06:18 - [MESSAGE][PASSED] - Text of object 'Object Repository/Выручка в рублях/span6' is: '5 768'

29-01-2025T03:06:18 - [TEST_STEP][PASSED] - a36 = ").trim(): Text of object 'Object Repository/Выручка в рублях/span7' is: '8 943'

29-01-2025T03:06:18 - [MESSAGE][PASSED] - Text of object 'Object Repository/Выручка в рублях/span7' is: '8 943'

29-01-2025T03:06:18 - [TEST_STEP][PASSED] - a37 = ").trim(): Text of object 'Object Repository/Выручка в рублях/span8' is: '291'

29-01-2025T03:06:18 - [MESSAGE][PASSED] - Text of object 'Object Repository/Выручка в рублях/span8' is: '291'

29-01-2025T03:06:18 - [TEST_STEP][PASSED] - if (vir == 1 || vir == 2): Text of object 'Object Repository/Выручка в рублях/span17' is: '1 163'

29-01-2025T03:06:18 - [TEST_STEP][PASSED] - a38 = ").trim(): Text of object 'Object Repository/Выручка в рублях/span9' is: '696'

29-01-2025T03:06:19 - [MESSAGE][PASSED] - Text of object 'Object Repository/Выручка в рублях/span9' is: '696'

29-01-2025T03:06:19 - [TEST_STEP][PASSED] - a39 = ").trim(): Text of object 'Object Repository/Выручка в рублях/span10' is: '2 625'

29-01-2025T03:06:19 - [MESSAGE][PASSED] - Text of object 'Object Repository/Выручка в рублях/span10' is: '2 625'

29-01-2025T03:06:19 - [TEST_STEP][PASSED] - a310 = ").trim(): Text of object 'Object Repository/Выручка в рублях/span11' is: '198'

29-01-2025T03:06:19 - [MESSAGE][PASSED] - Text of object 'Object Repository/Выручка в рублях/span11' is: '198'

29-01-2025T03:06:19 - [TEST_STEP][PASSED] - a311 = ").trim(): Text of object 'Object Repository/Выручка в рублях/span12' is: '-7 329'

29-01-2025T03:06:20 - [MESSAGE][PASSED] - Text of object 'Object Repository/Выручка в рублях/span12' is: '-7 329'

29-01-2025T03:06:20 - [TEST_STEP][PASSED] - a312 = ").trim(): Text of object 'Object Repository/Выручка в рублях/span13' is: '1 914'

29-01-2025T03:06:20 - [MESSAGE][PASSED] - Text of object 'Object Repository/Выручка в рублях/span13' is: '1 914'

29-01-2025T03:06:20 - [TEST_STEP][PASSED] - a313 = ").trim(): Text of object 'Object Repository/Выручка в рублях/span14' is: '-23 145'

29-01-2025T03:06:20 - [MESSAGE][PASSED] - Text of object 'Object Repository/Выручка в рублях/span14' is: '-23 145'

29-01-2025T03:06:20 - [TEST_STEP][PASSED] - a314 = ").trim(): Text of object 'Object Repository/Выручка в рублях/span15' is: '3 692'

29-01-2025T03:06:20 - [MESSAGE][PASSED] - Text of object 'Object Repository/Выручка в рублях/span15' is: '3 692'

29-01-2025T03:06:20 - [TEST_STEP][PASSED] - a315 = ").trim(): Text of object 'Object Repository/Выручка в рублях/span16' is: '5 160'

29-01-2025T03:06:21 - [MESSAGE][PASSED] - Text of object 'Object Repository/Выручка в рублях/span16' is: '5 160'

29-01-2025T03:06:21 - [TEST_STEP][PASSED] - a316 = ").trim(): Text of object 'Object Repository/Выручка в рублях/span17' is: '1 163'

29-01-2025T03:06:21 - [MESSAGE][PASSED] - Text of object 'Object Repository/Выручка в рублях/span17' is: '1 163'

29-01-2025T03:06:21 - [TEST_STEP][PASSED] - if (vir == 1 || vir == 2): Text of object 'Object Repository/Выручка в рублях/span18' is: '390'

29-01-2025T03:06:21 - [TEST_STEP][PASSED] - a317 = ").trim(): Text of object 'Object Repository/Выручка в рублях/span18' is: '390'

29-01-2025T03:06:21 - [MESSAGE][PASSED] - Text of object 'Object Repository/Выручка в рублях/span18' is: '390'

29-01-2025T03:06:21 - [TEST_STEP][PASSED] - block = 2: null

29-01-2025T03:06:21 - [TEST_STEP][PASSED] - nameOfBlock = " Выручка": null

29-01-2025T03:06:21 - [TEST_STEP][PASSED] - Script1710234207206.PreSettings(run, vir, block, nameOfBlock, typeOfData, todaysDate): null

29-01-2025T03:06:21 - [TEST_STEP][PASSED] - openBrowser(""): Browser is opened with url: ''

29-01-2025T03:06:21 - [MESSAGE][WARNING] - A browser is already opened. Closing browser and opening a new one

29-01-2025T03:06:22 - [MESSAGE][INFO] - Starting 'Chrome' driver

29-01-2025T03:06:22 - [MESSAGE][INFO] - Action delay is set to 0 milliseconds

29-01-2025T03:06:23 - [MESSAGE][PASSED] - Browser is opened with url: ''

29-01-2025T03:06:23 - [TEST_STEP][PASSED] - refresh(): Refresh successfully

29-01-2025T03:06:23 - [MESSAGE][PASSED] - Refresh successfully

29-01-2025T03:06:23 - [TEST_STEP][PASSED] - delay(50): Delayed 50 second(s)

29-01-2025T03:07:13 - [MESSAGE][PASSED] - Delayed 50 second(s)

29-01-2025T03:07:13 - [TEST_STEP][PASSED] - println("run:" + run): null

29-01-2025T03:07:13 - [TEST_STEP][PASSED] - println("vir:" + vir): null

29-01-2025T03:07:13 - [TEST_STEP][PASSED] - println("block:" + block): null

29-01-2025T03:07:13 - [TEST_STEP][PASSED] - if (block == 1): null

29-01-2025T03:07:13 - [TEST_STEP][PASSED] - else: null

29-01-2025T03:07:13 - [TEST_STEP][PASSED] - nameOfBlock = " Выручка": null

29-01-2025T03:07:13 - [TEST_STEP][PASSED] - println("nameOfBlock:" + nameOfBlock): null

29-01-2025T03:07:13 - [TEST_STEP][PASSED] - println("typeOfData:" + typeOfData): null

29-01-2025T03:07:13 - [TEST_STEP][PASSED] - println("todaysDate:" + todaysDate): null

29-01-2025T03:07:13 - [TEST_STEP][PASSED] - Script1710234207206.Autorization(block, nameOfBlock): null

29-01-2025T03:07:13 - [TEST_STEP][PASSED] - i = <not implemented yet for class: org.codehaus.groovy.ast.expr.EmptyExpression>: null

29-01-2025T03:07:13 - [TEST_STEP][PASSED] - ii = <not implemented yet for class: org.codehaus.groovy.ast.expr.EmptyExpression>: null

29-01-2025T03:07:13 - [TEST_STEP][PASSED] - urlData = <not implemented yet for class: org.codehaus.groovy.ast.expr.EmptyExpression>: null

29-01-2025T03:07:13 - [TEST_STEP][PASSED] - searchWord = <not implemented yet for class: org.codehaus.groovy.ast.expr.EmptyExpression>: null

29-01-2025T03:07:13 - [TEST_STEP][PASSED] - urlText = <not implemented yet for class: org.codehaus.groovy.ast.expr.EmptyExpression>: null

29-01-2025T03:07:13 - [TEST_STEP][PASSED] - println("block:" + block): null

29-01-2025T03:07:13 - [TEST_STEP][PASSED] - if (block == 1): null

29-01-2025T03:07:13 - [TEST_STEP][PASSED] - else: null

29-01-2025T03:07:13 - [TEST_STEP][PASSED] - delay(45): Delayed 45 second(s)

29-01-2025T03:07:58 - [MESSAGE][PASSED] - Delayed 45 second(s)

29-01-2025T03:07:58 - [TEST_STEP][PASSED] - nameOfBlock = " Выручка": null

29-01-2025T03:07:58 - [TEST_STEP][PASSED] - println("nameOfBlock:" + nameOfBlock): null

29-01-2025T03:07:58 - [TEST_STEP][PASSED] - if (block == 1): null

29-01-2025T03:07:58 - [TEST_STEP][PASSED] - else: Delayed 45 second(s)

29-01-2025T03:07:58 - [TEST_STEP][PASSED] - urlData = 9: null

29-01-2025T03:07:58 - [TEST_STEP][PASSED] - delay(45): Delayed 45 second(s)

29-01-2025T03:08:43 - [MESSAGE][PASSED] - Delayed 45 second(s)

29-01-2025T03:08:43 - [TEST_STEP][PASSED] - navigateToUrl(findTestData("PlanFact").getValue(10, urlData)): Navigate to 'https://bi.rosseti.digital/viewer?dashboardGuid=a1fd28b3785d443cbc4d7690a1d78e31&sheetGuid=86092a20c5984827a0c87b24cac76a50&fit=true' successfully

29-01-2025T03:08:52 - [MESSAGE][PASSED] - Navigate to 'https://bi.rosseti.digital/viewer?dashboardGuid=a1fd28b3785d443cbc4d7690a1d78e31&sheetGuid=86092a20c5984827a0c87b24cac76a50&fit=true' successfully

29-01-2025T03:08:52 - [TEST_STEP][PASSED] - urlText = getText(findTestObject("Страница авторизации/Text")): Text of object 'Object Repository/Страница авторизации/Text' is: 'Вход'

29-01-2025T03:08:53 - [MESSAGE][PASSED] - Text of object 'Object Repository/Страница авторизации/Text' is: 'Вход'

29-01-2025T03:08:53 - [TEST_STEP][PASSED] - searchWord = "Вход": null

29-01-2025T03:08:53 - [TEST_STEP][PASSED] - if (urlText == null || urlText.contains("ошибка") || urlText.contains(searchWord) == false): null

29-01-2025T03:08:53 - [TEST_STEP][PASSED] - if (verifyElementPresent(findTestObject("Страница авторизации/button_"), 30) == true): null

29-01-2025T03:08:53 - [MESSAGE][PASSED] - Object 'Object Repository/Страница авторизации/button_' is present

29-01-2025T03:08:53 - [TEST_STEP][PASSED] - setText(findTestObject("Страница авторизации/input__username"), findTestData("PlanFact").getValue(8, 1)): Text 'liazgina-di' is set on object 'Object Repository/Страница авторизации/input__username'

29-01-2025T03:08:54 - [MESSAGE][PASSED] - Text 'liazgina-di' is set on object 'Object Repository/Страница авторизации/input__username'

29-01-2025T03:08:54 - [TEST_STEP][PASSED] - setText(findTestObject("Страница авторизации/input__password"), findTestData("PlanFact").getValue(9, 1)): Text ')$%5srZ8o688Dm#q' is set on object 'Object Repository/Страница авторизации/input__password'

29-01-2025T03:08:54 - [MESSAGE][PASSED] - Text ')$%5srZ8o688Dm#q' is set on object 'Object Repository/Страница авторизации/input__password'

29-01-2025T03:08:54 - [TEST_STEP][PASSED] - click(findTestObject("Страница авторизации/button_")): Object: 'Object Repository/Страница авторизации/button_' is clicked on

29-01-2025T03:08:56 - [MESSAGE][PASSED] - Object: 'Object Repository/Страница авторизации/button_' is clicked on

29-01-2025T03:08:56 - [TEST_STEP][PASSED] - delay(45): Delayed 45 second(s)

29-01-2025T03:09:41 - [MESSAGE][PASSED] - Delayed 45 second(s)

29-01-2025T03:09:41 - [TEST_STEP][PASSED] - urlText = getText(findTestObject("Страница авторизации/Text")): Text of object 'Object Repository/Страница авторизации/Text' is: 'Период
Январь, Февраль, Март, Апрель, Май, Июнь, Июль, Август, Сентябрь, Октябрь, Ноябрь, Декабрь 2024 года
Выручка
Все
Выполнение плановых показателей по ПАО Россети за Январь, Февраль, Март, Апрель, Май, Июнь, Июль, Август, Сентябрь, Октябрь, Ноябрь, Декабрь 2024 года
План
Факт
Динамика
2024 год
0 млн.руб.
200 000 млн.руб.
400 000 млн.руб.
600 000 млн.руб.
800 000 млн.руб.
1 000 000 млн.руб.
1 200 000 млн.руб.
1 400 000 млн.руб.
1 600 000 млн.руб.
1 800 000 млн.руб.
1 449 221
1 456 358
↑
ДЗО 
Все
Подписи данных
⬤Отклонение
АО «Тываэнерго»
АО «Чеченэнерго»
Россети Волга
Россети Кубань
Россети Ленэнерго (ГК)
Россети Московский регион
Россети Северный Кавказ (ГК)
Россети Северо-Запад
Россети Сибирь (ГК)
Россети Томск
Россети Тюмень
Россети Урал (ГК)
Россети ФСК ЕЭС
Россети Центр
Россети Центр и Приволжье (ГК)
Россети Юг (ГК)
Россети Янтарь
-25 000 млн.руб.
-22 500 млн.руб.
-20 000 млн.руб.
-17 500 млн.руб.
-15 000 млн.руб.
-12 500 млн.руб.
-10 000 млн.руб.
-7 500 млн.руб.
-5 000 млн.руб.
-2 500 млн.руб.
0 млн.руб.
2 500 млн.руб.
5 000 млн.руб.
7 500 млн.руб.
10 000 млн.руб.
12 500 млн.руб.
433
145
175
5 315
5 768
8 943
951
696
2 625
198
-7 329
1 914
-23 145
3 692
5 160
1 206
390
млн.
%
Выручка
Отклонение выручки по ПАО Россети за Январь, Февраль, Март, Апрель, Май, Июнь, Июль, Август, Сентябрь, Октябрь, Ноябрь, Декабрь 2024 года (факт/план, млн. руб)
ПАО Россети
7 136.5 млн.руб.
Статус данных
×
Просьба обратить внимание
Данные занесены не полностью
ВЫБРАННЫЕ ЗНАЧЕНИЯ ФИЛЬТРОВ
ДЗО | ПЕРИОД
ПАО Россети: [«Выбраны все филиалы по всем ДЗО по всем категориям»]
2024: [«Весь год»]
*Внутренний оборот'

29-01-2025T03:09:41 - [MESSAGE][PASSED] - Text of object 'Object Repository/Страница авторизации/Text' is: 'Период
Январь, Февраль, Март, Апрель, Май, Июнь, Июль, Август, Сентябрь, Октябрь, Ноябрь, Декабрь 2024 года
Выручка
Все
Выполнение плановых показателей по ПАО Россети за Январь, Февраль, Март, Апрель, Май, Июнь, Июль, Август, Сентябрь, Октябрь, Ноябрь, Декабрь 2024 года
План
Факт
Динамика
2024 год
0 млн.руб.
200 000 млн.руб.
400 000 млн.руб.
600 000 млн.руб.
800 000 млн.руб.
1 000 000 млн.руб.
1 200 000 млн.руб.
1 400 000 млн.руб.
1 600 000 млн.руб.
1 800 000 млн.руб.
1 449 221
1 456 358
↑
ДЗО 
Все
Подписи данных
⬤Отклонение
АО «Тываэнерго»
АО «Чеченэнерго»
Россети Волга
Россети Кубань
Россети Ленэнерго (ГК)
Россети Московский регион
Россети Северный Кавказ (ГК)
Россети Северо-Запад
Россети Сибирь (ГК)
Россети Томск
Россети Тюмень
Россети Урал (ГК)
Россети ФСК ЕЭС
Россети Центр
Россети Центр и Приволжье (ГК)
Россети Юг (ГК)
Россети Янтарь
-25 000 млн.руб.
-22 500 млн.руб.
-20 000 млн.руб.
-17 500 млн.руб.
-15 000 млн.руб.
-12 500 млн.руб.
-10 000 млн.руб.
-7 500 млн.руб.
-5 000 млн.руб.
-2 500 млн.руб.
0 млн.руб.
2 500 млн.руб.
5 000 млн.руб.
7 500 млн.руб.
10 000 млн.руб.
12 500 млн.руб.
433
145
175
5 315
5 768
8 943
951
696
2 625
198
-7 329
1 914
-23 145
3 692
5 160
1 206
390
млн.
%
Выручка
Отклонение выручки по ПАО Россети за Январь, Февраль, Март, Апрель, Май, Июнь, Июль, Август, Сентябрь, Октябрь, Ноябрь, Декабрь 2024 года (факт/план, млн. руб)
ПАО Россети
7 136.5 млн.руб.
Статус данных
×
Просьба обратить внимание
Данные занесены не полностью
ВЫБРАННЫЕ ЗНАЧЕНИЯ ФИЛЬТРОВ
ДЗО | ПЕРИОД
ПАО Россети: [«Выбраны все филиалы по всем ДЗО по всем категориям»]
2024: [«Весь год»]
*Внутренний оборот'

29-01-2025T03:09:41 - [TEST_STEP][PASSED] - searchWord = "а": null

29-01-2025T03:09:41 - [TEST_STEP][PASSED] - if (urlText.contains("ошибка") || urlText.contains(searchWord) == false): null

29-01-2025T03:09:41 - [TEST_STEP][PASSED] - delay(45): Delayed 45 second(s)

29-01-2025T03:10:26 - [MESSAGE][PASSED] - Delayed 45 second(s)

29-01-2025T03:10:26 - [TEST_STEP][PASSED] - if (block == 2): Delayed 50 second(s)

29-01-2025T03:10:26 - [TEST_STEP][PASSED] - opoveshenie = getText(findTestObject("Выручка в рублях/Просьба обратить внимание")): Text of object 'Object Repository/Выручка в рублях/Просьба обратить внимание' is: 'Просьба обратить внимание'

29-01-2025T03:10:27 - [MESSAGE][PASSED] - Text of object 'Object Repository/Выручка в рублях/Просьба обратить внимание' is: 'Просьба обратить внимание'

29-01-2025T03:10:27 - [TEST_STEP][PASSED] - if (opoveshenie == "Просьба обратить внимание"): Delayed 50 second(s)

29-01-2025T03:10:27 - [TEST_STEP][PASSED] - click(findTestObject("Выручка в рублях/Закрыть оповещение")): Object: 'Object Repository/Выручка в рублях/Закрыть оповещение' is clicked on

29-01-2025T03:10:27 - [MESSAGE][PASSED] - Object: 'Object Repository/Выручка в рублях/Закрыть оповещение' is clicked on

29-01-2025T03:10:27 - [TEST_STEP][PASSED] - delay(50): Delayed 50 second(s)

29-01-2025T03:11:17 - [MESSAGE][PASSED] - Delayed 50 second(s)

29-01-2025T03:11:17 - [TEST_STEP][PASSED] - click(findTestObject("Выручка в рублях/Фильтр Период" + nameOfBlock)): Object: 'Object Repository/Выручка в рублях/Фильтр Период Выручка' is clicked on

29-01-2025T03:11:18 - [MESSAGE][PASSED] - Object: 'Object Repository/Выручка в рублях/Фильтр Период Выручка' is clicked on

29-01-2025T03:11:18 - [TEST_STEP][PASSED] - click(findTestObject("Выручка в рублях/Снять выделение в фильтре Дата" + nameOfBlock)): Object: 'Object Repository/Выручка в рублях/Снять выделение в фильтре Дата Выручка' is clicked on

29-01-2025T03:11:18 - [MESSAGE][PASSED] - Object: 'Object Repository/Выручка в рублях/Снять выделение в фильтре Дата Выручка' is clicked on

29-01-2025T03:11:18 - [TEST_STEP][PASSED] - click(findTestObject("Выручка в рублях/Применить в фильтре Дата" + nameOfBlock)): Object: 'Object Repository/Выручка в рублях/Применить в фильтре Дата Выручка' is clicked on

29-01-2025T03:11:19 - [MESSAGE][PASSED] - Object: 'Object Repository/Выручка в рублях/Применить в фильтре Дата Выручка' is clicked on

29-01-2025T03:11:19 - [TEST_STEP][PASSED] - delay(50): Delayed 50 second(s)

29-01-2025T03:12:09 - [MESSAGE][PASSED] - Delayed 50 second(s)

29-01-2025T03:12:09 - [TEST_STEP][PASSED] - click(findTestObject("Выручка в рублях/Фильтр Период" + nameOfBlock)): Object: 'Object Repository/Выручка в рублях/Фильтр Период Выручка' is clicked on

29-01-2025T03:12:09 - [MESSAGE][PASSED] - Object: 'Object Repository/Выручка в рублях/Фильтр Период Выручка' is clicked on

29-01-2025T03:12:09 - [TEST_STEP][PASSED] - click(findTestObject("Выручка в рублях/Снять выделение в фильтре Дата" + nameOfBlock)): Object: 'Object Repository/Выручка в рублях/Снять выделение в фильтре Дата Выручка' is clicked on

29-01-2025T03:12:10 - [MESSAGE][PASSED] - Object: 'Object Repository/Выручка в рублях/Снять выделение в фильтре Дата Выручка' is clicked on

29-01-2025T03:12:10 - [TEST_STEP][PASSED] - scrollToElement(findTestObject("Выручка в рублях/2024 список" + nameOfBlock), 30): Scroll to object 'Object Repository/Выручка в рублях/2024 список Выручка' successfully

29-01-2025T03:12:10 - [MESSAGE][PASSED] - Scroll to object 'Object Repository/Выручка в рублях/2024 список Выручка' successfully

29-01-2025T03:12:10 - [TEST_STEP][PASSED] - click(findTestObject("Выручка в рублях/2024 год" + nameOfBlock)): Object: 'Object Repository/Выручка в рублях/2024 год Выручка' is clicked on

29-01-2025T03:12:10 - [MESSAGE][PASSED] - Object: 'Object Repository/Выручка в рублях/2024 год Выручка' is clicked on

29-01-2025T03:12:10 - [TEST_STEP][PASSED] - scrollToElement(findTestObject("Выручка в рублях/Заголовок дашборда" + nameOfBlock), 30): Scroll to object 'Object Repository/Выручка в рублях/Заголовок дашборда Выручка' successfully

29-01-2025T03:12:11 - [MESSAGE][PASSED] - Scroll to object 'Object Repository/Выручка в рублях/Заголовок дашборда Выручка' successfully

29-01-2025T03:12:11 - [TEST_STEP][PASSED] - click(findTestObject("Выручка в рублях/Применить в фильтре Дата" + nameOfBlock)): Object: 'Object Repository/Выручка в рублях/Применить в фильтре Дата Выручка' is clicked on

29-01-2025T03:12:11 - [MESSAGE][PASSED] - Object: 'Object Repository/Выручка в рублях/Применить в фильтре Дата Выручка' is clicked on

29-01-2025T03:12:11 - [TEST_STEP][PASSED] - delay(55): Delayed 55 second(s)

29-01-2025T03:13:06 - [MESSAGE][PASSED] - Delayed 55 second(s)

29-01-2025T03:13:06 - [TEST_STEP][PASSED] - click(findTestObject("Выручка в рублях/Фильтр ДЗО" + nameOfBlock)): Object: 'Object Repository/Выручка в рублях/Фильтр ДЗО Выручка' is clicked on

29-01-2025T03:13:07 - [MESSAGE][PASSED] - Object: 'Object Repository/Выручка в рублях/Фильтр ДЗО Выручка' is clicked on

29-01-2025T03:13:07 - [TEST_STEP][PASSED] - click(findTestObject("Выручка в рублях/Снять выделение в фильтре ДЗО" + nameOfBlock)): Object: 'Object Repository/Выручка в рублях/Снять выделение в фильтре ДЗО Выручка' is clicked on

29-01-2025T03:13:07 - [MESSAGE][PASSED] - Object: 'Object Repository/Выручка в рублях/Снять выделение в фильтре ДЗО Выручка' is clicked on

29-01-2025T03:13:07 - [TEST_STEP][PASSED] - click(findTestObject("Выручка в рублях/Применить в фильтре ДЗО" + nameOfBlock)): Object: 'Object Repository/Выручка в рублях/Применить в фильтре ДЗО Выручка' is clicked on

29-01-2025T03:13:08 - [MESSAGE][PASSED] - Object: 'Object Repository/Выручка в рублях/Применить в фильтре ДЗО Выручка' is clicked on

29-01-2025T03:13:08 - [TEST_STEP][PASSED] - delay(50): Delayed 50 second(s)

29-01-2025T03:13:58 - [MESSAGE][PASSED] - Delayed 50 second(s)

29-01-2025T03:13:58 - [TEST_STEP][PASSED] - Script1710234207206.Tumbler(run, vir, block, nameOfBlock): null

29-01-2025T03:13:58 - [TEST_STEP][PASSED] - println("run:" + run): null

29-01-2025T03:13:58 - [TEST_STEP][PASSED] - println("vir:" + vir): null

29-01-2025T03:13:58 - [TEST_STEP][PASSED] - println("block:" + block): null

29-01-2025T03:13:58 - [TEST_STEP][PASSED] - println("nameOfBlock:" + nameOfBlock): null

29-01-2025T03:13:58 - [TEST_STEP][PASSED] - if (vir == 1): null

29-01-2025T03:13:58 - [TEST_STEP][PASSED] - else if (vir == 2): Object: 'Object Repository/Выручка в рублях/Применить в фильтре Выручка Выручка' is clicked on

29-01-2025T03:13:58 - [TEST_STEP][PASSED] - if (run == 2): null

29-01-2025T03:13:58 - [TEST_STEP][PASSED] - click(findTestObject("Выручка в рублях/Фильтр Выручка" + nameOfBlock)): Object: 'Object Repository/Выручка в рублях/Фильтр Выручка Выручка' is clicked on

29-01-2025T03:13:58 - [MESSAGE][PASSED] - Object: 'Object Repository/Выручка в рублях/Фильтр Выручка Выручка' is clicked on

29-01-2025T03:13:58 - [TEST_STEP][PASSED] - click(findTestObject("Выручка в рублях/Итого в фильтре Выручка" + nameOfBlock)): Object: 'Object Repository/Выручка в рублях/Итого в фильтре Выручка Выручка' is clicked on

29-01-2025T03:13:59 - [MESSAGE][PASSED] - Object: 'Object Repository/Выручка в рублях/Итого в фильтре Выручка Выручка' is clicked on

29-01-2025T03:13:59 - [TEST_STEP][PASSED] - click(findTestObject("Выручка в рублях/Применить в фильтре Выручка" + nameOfBlock)): Object: 'Object Repository/Выручка в рублях/Применить в фильтре Выручка Выручка' is clicked on

29-01-2025T03:13:59 - [MESSAGE][PASSED] - Object: 'Object Repository/Выручка в рублях/Применить в фильтре Выручка Выручка' is clicked on

29-01-2025T03:13:59 - [TEST_STEP][PASSED] - click(findTestObject("Выручка в рублях/Фильтр ДЗО" + nameOfBlock)): Object: 'Object Repository/Выручка в рублях/Фильтр ДЗО Выручка' is clicked on

29-01-2025T03:14:01 - [MESSAGE][PASSED] - Object: 'Object Repository/Выручка в рублях/Фильтр ДЗО Выручка' is clicked on

29-01-2025T03:14:01 - [TEST_STEP][PASSED] - Script1710234207206.Rosseti(nameOfBlock): null

29-01-2025T03:14:01 - [TEST_STEP][PASSED] - println("nameOfBlock:" + nameOfBlock): null

29-01-2025T03:14:01 - [TEST_STEP][PASSED] - click(findTestObject("Выручка в рублях/ПАО Россети" + nameOfBlock)): Object: 'Object Repository/Выручка в рублях/ПАО Россети Выручка' is clicked on

29-01-2025T03:14:02 - [MESSAGE][PASSED] - Object: 'Object Repository/Выручка в рублях/ПАО Россети Выручка' is clicked on

29-01-2025T03:14:02 - [TEST_STEP][PASSED] - click(findTestObject("Выручка в рублях/Применить в фильтре ДЗО" + nameOfBlock)): Object: 'Object Repository/Выручка в рублях/Применить в фильтре ДЗО Выручка' is clicked on

29-01-2025T03:14:02 - [MESSAGE][PASSED] - Object: 'Object Repository/Выручка в рублях/Применить в фильтре ДЗО Выручка' is clicked on

29-01-2025T03:14:02 - [TEST_STEP][PASSED] - if (vir == 1 || vir == 2): Text of object 'Object Repository/Выручка в рублях/График План Выручка' is: '1 424 495'

29-01-2025T03:14:02 - [TEST_STEP][PASSED] - b1 = getText(findTestObject("Выручка в рублях/График План Выручка")): Text of object 'Object Repository/Выручка в рублях/График План Выручка' is: '1 424 495'

29-01-2025T03:14:03 - [MESSAGE][PASSED] - Text of object 'Object Repository/Выручка в рублях/График План Выручка' is: '1 424 495'

29-01-2025T03:14:03 - [TEST_STEP][PASSED] - if (vir == 1 || vir == 2): Text of object 'Object Repository/Выручка в рублях/График Факт Выручка' is: '1 430 916'

29-01-2025T03:14:03 - [TEST_STEP][PASSED] - b2 = getText(findTestObject("Выручка в рублях/График Факт Выручка")): Text of object 'Object Repository/Выручка в рублях/График Факт Выручка' is: '1 430 916'

29-01-2025T03:14:04 - [MESSAGE][PASSED] - Text of object 'Object Repository/Выручка в рублях/График Факт Выручка' is: '1 430 916'

29-01-2025T03:14:04 - [TEST_STEP][PASSED] - b30 = getText(findTestObject("Выручка в рублях/span1" + perc)): Text of object 'Object Repository/Выручка в рублях/span1' is: '6 421.5 млн.руб.'

29-01-2025T03:14:04 - [MESSAGE][PASSED] - Text of object 'Object Repository/Выручка в рублях/span1' is: '6 421.5 млн.руб.'

29-01-2025T03:14:04 - [TEST_STEP][PASSED] - i = b30.indexOf("млн.руб."): null

29-01-2025T03:14:04 - [TEST_STEP][PASSED] - if (i > -1): null

29-01-2025T03:14:04 - [TEST_STEP][PASSED] - b30 = b30.substring(0, i): null

29-01-2025T03:14:04 - [TEST_STEP][PASSED] - b30 = b30.replaceAll(" ", ""): null

29-01-2025T03:14:04 - [TEST_STEP][PASSED] - if (b30.contains("%")): null

29-01-2025T03:14:04 - [TEST_STEP][PASSED] - b30 = ").trim(): null

29-01-2025T03:14:04 - [TEST_STEP][PASSED] - println("b30: " + b30): null

29-01-2025T03:14:04 - [TEST_STEP][PASSED] - if (vir == 1 || vir == 2): Text of object 'Object Repository/Выручка в рублях/span2' is: '580'

29-01-2025T03:14:04 - [TEST_STEP][PASSED] - b31 = ").trim(): Text of object 'Object Repository/Выручка в рублях/span2' is: '580'

29-01-2025T03:14:04 - [MESSAGE][PASSED] - Text of object 'Object Repository/Выручка в рублях/span2' is: '580'

29-01-2025T03:14:04 - [TEST_STEP][PASSED] - if (vir == 1 || vir == 2): Text of object 'Object Repository/Выручка в рублях/span3' is: '-14'

29-01-2025T03:14:04 - [TEST_STEP][PASSED] - b32 = ").trim(): Text of object 'Object Repository/Выручка в рублях/span3' is: '-14'

29-01-2025T03:14:04 - [MESSAGE][PASSED] - Text of object 'Object Repository/Выручка в рублях/span3' is: '-14'

29-01-2025T03:14:04 - [TEST_STEP][PASSED] - if (vir == 1 || vir == 2): Text of object 'Object Repository/Выручка в рублях/span8' is: '291'

29-01-2025T03:14:04 - [TEST_STEP][PASSED] - b33 = ").trim(): Text of object 'Object Repository/Выручка в рублях/span4' is: '175'

29-01-2025T03:14:05 - [MESSAGE][PASSED] - Text of object 'Object Repository/Выручка в рублях/span4' is: '175'

29-01-2025T03:14:05 - [TEST_STEP][PASSED] - b34 = ").trim(): Text of object 'Object Repository/Выручка в рублях/span5' is: '5 315'

29-01-2025T03:14:05 - [MESSAGE][PASSED] - Text of object 'Object Repository/Выручка в рублях/span5' is: '5 315'

29-01-2025T03:14:05 - [TEST_STEP][PASSED] - b35 = ").trim(): Text of object 'Object Repository/Выручка в рублях/span6' is: '5 768'

29-01-2025T03:14:05 - [MESSAGE][PASSED] - Text of object 'Object Repository/Выручка в рублях/span6' is: '5 768'

29-01-2025T03:14:05 - [TEST_STEP][PASSED] - b36 = ").trim(): Text of object 'Object Repository/Выручка в рублях/span7' is: '8 943'

29-01-2025T03:14:06 - [MESSAGE][PASSED] - Text of object 'Object Repository/Выручка в рублях/span7' is: '8 943'

29-01-2025T03:14:06 - [TEST_STEP][PASSED] - b37 = ").trim(): Text of object 'Object Repository/Выручка в рублях/span8' is: '291'

29-01-2025T03:14:06 - [MESSAGE][PASSED] - Text of object 'Object Repository/Выручка в рублях/span8' is: '291'

29-01-2025T03:14:06 - [TEST_STEP][PASSED] - if (vir == 1 || vir == 2): Text of object 'Object Repository/Выручка в рублях/span17' is: '1 163'

29-01-2025T03:14:06 - [TEST_STEP][PASSED] - b38 = ").trim(): Text of object 'Object Repository/Выручка в рублях/span9' is: '696'

29-01-2025T03:14:06 - [MESSAGE][PASSED] - Text of object 'Object Repository/Выручка в рублях/span9' is: '696'

29-01-2025T03:14:06 - [TEST_STEP][PASSED] - b39 = ").trim(): Text of object 'Object Repository/Выручка в рублях/span10' is: '2 625'

29-01-2025T03:14:07 - [MESSAGE][PASSED] - Text of object 'Object Repository/Выручка в рублях/span10' is: '2 625'

29-01-2025T03:14:07 - [TEST_STEP][PASSED] - b310 = ").trim(): Text of object 'Object Repository/Выручка в рублях/span11' is: '198'

29-01-2025T03:14:07 - [MESSAGE][PASSED] - Text of object 'Object Repository/Выручка в рублях/span11' is: '198'

29-01-2025T03:14:07 - [TEST_STEP][PASSED] - b311 = ").trim(): Text of object 'Object Repository/Выручка в рублях/span12' is: '-7 329'

29-01-2025T03:14:07 - [MESSAGE][PASSED] - Text of object 'Object Repository/Выручка в рублях/span12' is: '-7 329'

29-01-2025T03:14:07 - [TEST_STEP][PASSED] - b312 = ").trim(): Text of object 'Object Repository/Выручка в рублях/span13' is: '1 914'

29-01-2025T03:14:07 - [MESSAGE][PASSED] - Text of object 'Object Repository/Выручка в рублях/span13' is: '1 914'

29-01-2025T03:14:07 - [TEST_STEP][PASSED] - b313 = ").trim(): Text of object 'Object Repository/Выручка в рублях/span14' is: '-23 145'

29-01-2025T03:14:08 - [MESSAGE][PASSED] - Text of object 'Object Repository/Выручка в рублях/span14' is: '-23 145'

29-01-2025T03:14:08 - [TEST_STEP][PASSED] - b314 = ").trim(): Text of object 'Object Repository/Выручка в рублях/span15' is: '3 692'

29-01-2025T03:14:08 - [MESSAGE][PASSED] - Text of object 'Object Repository/Выручка в рублях/span15' is: '3 692'

29-01-2025T03:14:08 - [TEST_STEP][PASSED] - b315 = ").trim(): Text of object 'Object Repository/Выручка в рублях/span16' is: '5 160'

29-01-2025T03:14:08 - [MESSAGE][PASSED] - Text of object 'Object Repository/Выручка в рублях/span16' is: '5 160'

29-01-2025T03:14:08 - [TEST_STEP][PASSED] - b316 = ").trim(): Text of object 'Object Repository/Выручка в рублях/span17' is: '1 163'

29-01-2025T03:14:09 - [MESSAGE][PASSED] - Text of object 'Object Repository/Выручка в рублях/span17' is: '1 163'

29-01-2025T03:14:09 - [TEST_STEP][PASSED] - if (vir == 1 || vir == 2): Text of object 'Object Repository/Выручка в рублях/span18' is: '390'

29-01-2025T03:14:09 - [TEST_STEP][PASSED] - b317 = ").trim(): Text of object 'Object Repository/Выручка в рублях/span18' is: '390'

29-01-2025T03:14:09 - [MESSAGE][PASSED] - Text of object 'Object Repository/Выручка в рублях/span18' is: '390'

29-01-2025T03:14:09 - [TEST_STEP][PASSED] - dZO = "ПАО Россети": null

29-01-2025T03:14:09 - [TEST_STEP][PASSED] - if (verifyEqual(a1, b1) == false): Actual object '1 424 495' and expected object '1 424 495' are equal

29-01-2025T03:14:09 - [MESSAGE][PASSED] - Actual object '1 424 495' and expected object '1 424 495' are equal

29-01-2025T03:14:09 - [TEST_STEP][PASSED] - if (verifyEqual(a2, b2) == false): Actual object '1 430 916' and expected object '1 430 916' are equal

29-01-2025T03:14:09 - [MESSAGE][PASSED] - Actual object '1 430 916' and expected object '1 430 916' are equal

29-01-2025T03:14:09 - [TEST_STEP][PASSED] - vidget = "Отклонения": null

29-01-2025T03:14:09 - [TEST_STEP][PASSED] - if (verifyEqual(a30, b30) == false): Actual object '6421.5' and expected object '6421.5' are equal

29-01-2025T03:14:09 - [MESSAGE][PASSED] - Actual object '6421.5' and expected object '6421.5' are equal

29-01-2025T03:14:09 - [TEST_STEP][PASSED] - dZO = "АО «Тываэнерго»": null

29-01-2025T03:14:09 - [TEST_STEP][PASSED] - if (verifyEqual(a31, b31) == false): Actual object '580' and expected object '580' are equal

29-01-2025T03:14:09 - [MESSAGE][PASSED] - Actual object '580' and expected object '580' are equal

29-01-2025T03:14:09 - [TEST_STEP][PASSED] - dZO = "АО «Чеченэнерго»": null

29-01-2025T03:14:09 - [TEST_STEP][PASSED] - if (verifyEqual(a32, b32) == false): Actual object '-14' and expected object '-14' are equal

29-01-2025T03:14:09 - [MESSAGE][PASSED] - Actual object '-14' and expected object '-14' are equal

29-01-2025T03:14:09 - [TEST_STEP][PASSED] - dZO = "Россети Волга": null

29-01-2025T03:14:09 - [TEST_STEP][PASSED] - if (verifyEqual(a33, b33) == false): Actual object '175' and expected object '175' are equal

29-01-2025T03:14:09 - [MESSAGE][PASSED] - Actual object '175' and expected object '175' are equal

29-01-2025T03:14:09 - [TEST_STEP][PASSED] - dZO = "Россети Кубань": null

29-01-2025T03:14:09 - [TEST_STEP][PASSED] - if (verifyEqual(a34, b34) == false): Actual object '5 315' and expected object '5 315' are equal

29-01-2025T03:14:09 - [MESSAGE][PASSED] - Actual object '5 315' and expected object '5 315' are equal

29-01-2025T03:14:09 - [TEST_STEP][PASSED] - dZO = "Россети Ленэнерго (ГК)": null

29-01-2025T03:14:09 - [TEST_STEP][PASSED] - if (verifyEqual(a35, b35) == false): Actual object '5 768' and expected object '5 768' are equal

29-01-2025T03:14:09 - [MESSAGE][PASSED] - Actual object '5 768' and expected object '5 768' are equal

29-01-2025T03:14:09 - [TEST_STEP][PASSED] - dZO = "Россети Московский регион": null

29-01-2025T03:14:09 - [TEST_STEP][PASSED] - if (verifyEqual(a36, b36) == false): Actual object '8 943' and expected object '8 943' are equal

29-01-2025T03:14:09 - [MESSAGE][PASSED] - Actual object '8 943' and expected object '8 943' are equal

29-01-2025T03:14:09 - [TEST_STEP][PASSED] - dZO = "Россети Северный Кавказ (ГК)": null

29-01-2025T03:14:09 - [TEST_STEP][PASSED] - if (verifyEqual(a37, b37) == false): Actual object '291' and expected object '291' are equal

29-01-2025T03:14:09 - [MESSAGE][PASSED] - Actual object '291' and expected object '291' are equal

29-01-2025T03:14:09 - [TEST_STEP][PASSED] - dZO = "Россети Северо-Запад": null

29-01-2025T03:14:09 - [TEST_STEP][PASSED] - if (verifyEqual(a38, b38) == false): Actual object '696' and expected object '696' are equal

29-01-2025T03:14:09 - [MESSAGE][PASSED] - Actual object '696' and expected object '696' are equal

29-01-2025T03:14:09 - [TEST_STEP][PASSED] - dZO = "Россети Сибирь (ГК)": null

29-01-2025T03:14:09 - [TEST_STEP][PASSED] - if (verifyEqual(a39, b39) == false): Actual object '2 625' and expected object '2 625' are equal

29-01-2025T03:14:09 - [MESSAGE][PASSED] - Actual object '2 625' and expected object '2 625' are equal

29-01-2025T03:14:09 - [TEST_STEP][PASSED] - dZO = "Россети Томск": null

29-01-2025T03:14:09 - [TEST_STEP][PASSED] - if (verifyEqual(a310, b310) == false): Actual object '198' and expected object '198' are equal

29-01-2025T03:14:09 - [MESSAGE][PASSED] - Actual object '198' and expected object '198' are equal

29-01-2025T03:14:09 - [TEST_STEP][PASSED] - dZO = "Россети Тюмень": null

29-01-2025T03:14:09 - [TEST_STEP][PASSED] - if (verifyEqual(a311, b311) == false): Actual object '-7 329' and expected object '-7 329' are equal

29-01-2025T03:14:09 - [MESSAGE][PASSED] - Actual object '-7 329' and expected object '-7 329' are equal

29-01-2025T03:14:09 - [TEST_STEP][PASSED] - dZO = "Россети Урал (ГК)": null

29-01-2025T03:14:09 - [TEST_STEP][PASSED] - if (verifyEqual(a312, b312) == false): Actual object '1 914' and expected object '1 914' are equal

29-01-2025T03:14:09 - [MESSAGE][PASSED] - Actual object '1 914' and expected object '1 914' are equal

29-01-2025T03:14:09 - [TEST_STEP][PASSED] - dZO = "Россети ФСК ЕЭС": null

29-01-2025T03:14:09 - [TEST_STEP][PASSED] - if (verifyEqual(a313, b313) == false): Actual object '-23 145' and expected object '-23 145' are equal

29-01-2025T03:14:09 - [MESSAGE][PASSED] - Actual object '-23 145' and expected object '-23 145' are equal

29-01-2025T03:14:09 - [TEST_STEP][PASSED] - dZO = "Россети Центр": null

29-01-2025T03:14:09 - [TEST_STEP][PASSED] - if (verifyEqual(a314, b314) == false): Actual object '3 692' and expected object '3 692' are equal

29-01-2025T03:14:09 - [MESSAGE][PASSED] - Actual object '3 692' and expected object '3 692' are equal

29-01-2025T03:14:09 - [TEST_STEP][PASSED] - dZO = "Россети Центр и Приволжье (ГК)": null

29-01-2025T03:14:09 - [TEST_STEP][PASSED] - if (verifyEqual(a315, b315) == false): Actual object '5 160' and expected object '5 160' are equal

29-01-2025T03:14:09 - [MESSAGE][PASSED] - Actual object '5 160' and expected object '5 160' are equal

29-01-2025T03:14:09 - [TEST_STEP][PASSED] - dZO = "Россети Юг (ГК)": null

29-01-2025T03:14:09 - [TEST_STEP][PASSED] - if (verifyEqual(a316, b316) == false): Actual object '1 163' and expected object '1 163' are equal

29-01-2025T03:14:09 - [MESSAGE][PASSED] - Actual object '1 163' and expected object '1 163' are equal

29-01-2025T03:14:09 - [TEST_STEP][PASSED] - dZO = "Россети Янтарь": null

29-01-2025T03:14:09 - [TEST_STEP][PASSED] - if (verifyEqual(a317, b317) == false): Actual object '390' and expected object '390' are equal

29-01-2025T03:14:09 - [MESSAGE][PASSED] - Actual object '390' and expected object '390' are equal

29-01-2025T03:14:09 - [TEST_STEP][PASSED] - closeBrowser(): null

29-01-2025T03:14:09 - [MESSAGE][PASSED] - Browser is closed

29-01-2025T03:14:09 - [TEST_STEP][PASSED] - Script1710234207206.Blocks(run, vir, block, nameOfBlock, typeOfData, viruchka, vidget, todaysDate, a, b, dZO, x, y): null

29-01-2025T03:14:09 - [TEST_STEP][PASSED] - i = <not implemented yet for class: org.codehaus.groovy.ast.expr.EmptyExpression>: null

29-01-2025T03:14:09 - [TEST_STEP][PASSED] - perc = "": null

29-01-2025T03:14:09 - [TEST_STEP][PASSED] - a1 = <not implemented yet for class: org.codehaus.groovy.ast.expr.EmptyExpression>: null

29-01-2025T03:14:09 - [TEST_STEP][PASSED] - a2 = <not implemented yet for class: org.codehaus.groovy.ast.expr.EmptyExpression>: null

29-01-2025T03:14:09 - [TEST_STEP][PASSED] - a30 = <not implemented yet for class: org.codehaus.groovy.ast.expr.EmptyExpression>: null

29-01-2025T03:14:09 - [TEST_STEP][PASSED] - a31 = <not implemented yet for class: org.codehaus.groovy.ast.expr.EmptyExpression>: null

29-01-2025T03:14:09 - [TEST_STEP][PASSED] - a32 = <not implemented yet for class: org.codehaus.groovy.ast.expr.EmptyExpression>: null

29-01-2025T03:14:09 - [TEST_STEP][PASSED] - a33 = <not implemented yet for class: org.codehaus.groovy.ast.expr.EmptyExpression>: null

29-01-2025T03:14:09 - [TEST_STEP][PASSED] - a34 = <not implemented yet for class: org.codehaus.groovy.ast.expr.EmptyExpression>: null

29-01-2025T03:14:09 - [TEST_STEP][PASSED] - a35 = <not implemented yet for class: org.codehaus.groovy.ast.expr.EmptyExpression>: null

29-01-2025T03:14:09 - [TEST_STEP][PASSED] - a36 = <not implemented yet for class: org.codehaus.groovy.ast.expr.EmptyExpression>: null

29-01-2025T03:14:09 - [TEST_STEP][PASSED] - a37 = <not implemented yet for class: org.codehaus.groovy.ast.expr.EmptyExpression>: null

29-01-2025T03:14:09 - [TEST_STEP][PASSED] - a38 = <not implemented yet for class: org.codehaus.groovy.ast.expr.EmptyExpression>: null

29-01-2025T03:14:09 - [TEST_STEP][PASSED] - a39 = <not implemented yet for class: org.codehaus.groovy.ast.expr.EmptyExpression>: null

29-01-2025T03:14:09 - [TEST_STEP][PASSED] - a310 = <not implemented yet for class: org.codehaus.groovy.ast.expr.EmptyExpression>: null

29-01-2025T03:14:09 - [TEST_STEP][PASSED] - a311 = <not implemented yet for class: org.codehaus.groovy.ast.expr.EmptyExpression>: null

29-01-2025T03:14:09 - [TEST_STEP][PASSED] - a312 = <not implemented yet for class: org.codehaus.groovy.ast.expr.EmptyExpression>: null

29-01-2025T03:14:09 - [TEST_STEP][PASSED] - a313 = <not implemented yet for class: org.codehaus.groovy.ast.expr.EmptyExpression>: null

29-01-2025T03:14:09 - [TEST_STEP][PASSED] - a314 = <not implemented yet for class: org.codehaus.groovy.ast.expr.EmptyExpression>: null

29-01-2025T03:14:09 - [TEST_STEP][PASSED] - a315 = <not implemented yet for class: org.codehaus.groovy.ast.expr.EmptyExpression>: null

29-01-2025T03:14:09 - [TEST_STEP][PASSED] - a316 = <not implemented yet for class: org.codehaus.groovy.ast.expr.EmptyExpression>: null

29-01-2025T03:14:09 - [TEST_STEP][PASSED] - a317 = <not implemented yet for class: org.codehaus.groovy.ast.expr.EmptyExpression>: null

29-01-2025T03:14:09 - [TEST_STEP][PASSED] - b1 = <not implemented yet for class: org.codehaus.groovy.ast.expr.EmptyExpression>: null

29-01-2025T03:14:09 - [TEST_STEP][PASSED] - b2 = <not implemented yet for class: org.codehaus.groovy.ast.expr.EmptyExpression>: null

29-01-2025T03:14:09 - [TEST_STEP][PASSED] - b30 = <not implemented yet for class: org.codehaus.groovy.ast.expr.EmptyExpression>: null

29-01-2025T03:14:09 - [TEST_STEP][PASSED] - b31 = <not implemented yet for class: org.codehaus.groovy.ast.expr.EmptyExpression>: null

29-01-2025T03:14:09 - [TEST_STEP][PASSED] - b32 = <not implemented yet for class: org.codehaus.groovy.ast.expr.EmptyExpression>: null

29-01-2025T03:14:09 - [TEST_STEP][PASSED] - b33 = <not implemented yet for class: org.codehaus.groovy.ast.expr.EmptyExpression>: null

29-01-2025T03:14:09 - [TEST_STEP][PASSED] - b34 = <not implemented yet for class: org.codehaus.groovy.ast.expr.EmptyExpression>: null

29-01-2025T03:14:09 - [TEST_STEP][PASSED] - b35 = <not implemented yet for class: org.codehaus.groovy.ast.expr.EmptyExpression>: null

29-01-2025T03:14:09 - [TEST_STEP][PASSED] - b36 = <not implemented yet for class: org.codehaus.groovy.ast.expr.EmptyExpression>: null

29-01-2025T03:14:09 - [TEST_STEP][PASSED] - b37 = <not implemented yet for class: org.codehaus.groovy.ast.expr.EmptyExpression>: null

29-01-2025T03:14:09 - [TEST_STEP][PASSED] - b38 = <not implemented yet for class: org.codehaus.groovy.ast.expr.EmptyExpression>: null

29-01-2025T03:14:09 - [TEST_STEP][PASSED] - b39 = <not implemented yet for class: org.codehaus.groovy.ast.expr.EmptyExpression>: null

29-01-2025T03:14:09 - [TEST_STEP][PASSED] - b310 = <not implemented yet for class: org.codehaus.groovy.ast.expr.EmptyExpression>: null

29-01-2025T03:14:09 - [TEST_STEP][PASSED] - b311 = <not implemented yet for class: org.codehaus.groovy.ast.expr.EmptyExpression>: null

29-01-2025T03:14:09 - [TEST_STEP][PASSED] - b312 = <not implemented yet for class: org.codehaus.groovy.ast.expr.EmptyExpression>: null

29-01-2025T03:14:09 - [TEST_STEP][PASSED] - b313 = <not implemented yet for class: org.codehaus.groovy.ast.expr.EmptyExpression>: null

29-01-2025T03:14:09 - [TEST_STEP][PASSED] - b314 = <not implemented yet for class: org.codehaus.groovy.ast.expr.EmptyExpression>: null

29-01-2025T03:14:09 - [TEST_STEP][PASSED] - b315 = <not implemented yet for class: org.codehaus.groovy.ast.expr.EmptyExpression>: null

29-01-2025T03:14:09 - [TEST_STEP][PASSED] - b316 = <not implemented yet for class: org.codehaus.groovy.ast.expr.EmptyExpression>: null

29-01-2025T03:14:09 - [TEST_STEP][PASSED] - b317 = <not implemented yet for class: org.codehaus.groovy.ast.expr.EmptyExpression>: null

29-01-2025T03:14:09 - [TEST_STEP][PASSED] - block = 1: null

29-01-2025T03:14:09 - [TEST_STEP][PASSED] - nameOfBlock = "": null

29-01-2025T03:14:09 - [TEST_STEP][PASSED] - Script1710234207206.PreSettings(run, vir, block, nameOfBlock, typeOfData, todaysDate): null

29-01-2025T03:14:09 - [TEST_STEP][PASSED] - openBrowser(""): Browser is opened with url: ''

29-01-2025T03:14:09 - [MESSAGE][INFO] - Starting 'Chrome' driver

29-01-2025T03:14:09 - [MESSAGE][INFO] - Action delay is set to 0 milliseconds

29-01-2025T03:14:10 - [MESSAGE][PASSED] - Browser is opened with url: ''

29-01-2025T03:14:10 - [TEST_STEP][PASSED] - refresh(): Refresh successfully

29-01-2025T03:14:10 - [MESSAGE][PASSED] - Refresh successfully

29-01-2025T03:14:10 - [TEST_STEP][PASSED] - delay(50): Delayed 50 second(s)

29-01-2025T03:15:00 - [MESSAGE][PASSED] - Delayed 50 second(s)

29-01-2025T03:15:00 - [TEST_STEP][PASSED] - println("run:" + run): null

29-01-2025T03:15:00 - [TEST_STEP][PASSED] - println("vir:" + vir): null

29-01-2025T03:15:00 - [TEST_STEP][PASSED] - println("block:" + block): null

29-01-2025T03:15:00 - [TEST_STEP][PASSED] - if (block == 1): null

29-01-2025T03:15:00 - [TEST_STEP][PASSED] - nameOfBlock = "": null

29-01-2025T03:15:00 - [TEST_STEP][PASSED] - println("nameOfBlock:" + nameOfBlock): null

29-01-2025T03:15:01 - [TEST_STEP][PASSED] - println("typeOfData:" + typeOfData): null

29-01-2025T03:15:01 - [TEST_STEP][PASSED] - println("todaysDate:" + todaysDate): null

29-01-2025T03:15:01 - [TEST_STEP][PASSED] - Script1710234207206.Autorization(block, nameOfBlock): null

29-01-2025T03:15:01 - [TEST_STEP][PASSED] - i = <not implemented yet for class: org.codehaus.groovy.ast.expr.EmptyExpression>: null

29-01-2025T03:15:01 - [TEST_STEP][PASSED] - ii = <not implemented yet for class: org.codehaus.groovy.ast.expr.EmptyExpression>: null

29-01-2025T03:15:01 - [TEST_STEP][PASSED] - urlData = <not implemented yet for class: org.codehaus.groovy.ast.expr.EmptyExpression>: null

29-01-2025T03:15:01 - [TEST_STEP][PASSED] - searchWord = <not implemented yet for class: org.codehaus.groovy.ast.expr.EmptyExpression>: null

29-01-2025T03:15:01 - [TEST_STEP][PASSED] - urlText = <not implemented yet for class: org.codehaus.groovy.ast.expr.EmptyExpression>: null

29-01-2025T03:15:01 - [TEST_STEP][PASSED] - println("block:" + block): null

29-01-2025T03:15:01 - [TEST_STEP][PASSED] - if (block == 1): null

29-01-2025T03:15:01 - [TEST_STEP][PASSED] - nameOfBlock = "": null

29-01-2025T03:15:01 - [TEST_STEP][PASSED] - println("nameOfBlock:" + nameOfBlock): null

29-01-2025T03:15:01 - [TEST_STEP][PASSED] - if (block == 1): Delayed 45 second(s)

29-01-2025T03:15:01 - [TEST_STEP][PASSED] - urlData = 2: null

29-01-2025T03:15:01 - [TEST_STEP][PASSED] - delay(45): Delayed 45 second(s)

29-01-2025T03:15:46 - [MESSAGE][PASSED] - Delayed 45 second(s)

29-01-2025T03:15:46 - [TEST_STEP][PASSED] - navigateToUrl(findTestData("PlanFact").getValue(10, urlData)): Navigate to 'https://bi.rosseti.digital/viewer?dashboardGuid=2301950b23be4ed89c1df75f2020051e&sheetGuid=b723206f698544fb87299f3095c00435&fit=true' successfully

29-01-2025T03:15:56 - [MESSAGE][PASSED] - Navigate to 'https://bi.rosseti.digital/viewer?dashboardGuid=2301950b23be4ed89c1df75f2020051e&sheetGuid=b723206f698544fb87299f3095c00435&fit=true' successfully

29-01-2025T03:15:56 - [TEST_STEP][PASSED] - urlText = getText(findTestObject("Страница авторизации/Text")): Text of object 'Object Repository/Страница авторизации/Text' is: 'Вход'

29-01-2025T03:15:58 - [MESSAGE][PASSED] - Text of object 'Object Repository/Страница авторизации/Text' is: 'Вход'

29-01-2025T03:15:58 - [TEST_STEP][PASSED] - searchWord = "Вход": null

29-01-2025T03:15:58 - [TEST_STEP][PASSED] - if (urlText == null || urlText.contains("ошибка") || urlText.contains(searchWord) == false): null

29-01-2025T03:15:58 - [TEST_STEP][PASSED] - if (verifyElementPresent(findTestObject("Страница авторизации/button_"), 30) == true): null

29-01-2025T03:15:58 - [MESSAGE][PASSED] - Object 'Object Repository/Страница авторизации/button_' is present

29-01-2025T03:15:58 - [TEST_STEP][PASSED] - setText(findTestObject("Страница авторизации/input__username"), findTestData("PlanFact").getValue(8, 1)): Text 'liazgina-di' is set on object 'Object Repository/Страница авторизации/input__username'

29-01-2025T03:15:59 - [MESSAGE][PASSED] - Text 'liazgina-di' is set on object 'Object Repository/Страница авторизации/input__username'

29-01-2025T03:15:59 - [TEST_STEP][PASSED] - setText(findTestObject("Страница авторизации/input__password"), findTestData("PlanFact").getValue(9, 1)): Text ')$%5srZ8o688Dm#q' is set on object 'Object Repository/Страница авторизации/input__password'

29-01-2025T03:15:59 - [MESSAGE][PASSED] - Text ')$%5srZ8o688Dm#q' is set on object 'Object Repository/Страница авторизации/input__password'

29-01-2025T03:15:59 - [TEST_STEP][PASSED] - click(findTestObject("Страница авторизации/button_")): Object: 'Object Repository/Страница авторизации/button_' is clicked on

29-01-2025T03:16:01 - [MESSAGE][PASSED] - Object: 'Object Repository/Страница авторизации/button_' is clicked on

29-01-2025T03:16:01 - [TEST_STEP][PASSED] - delay(45): Delayed 45 second(s)

29-01-2025T03:16:46 - [MESSAGE][PASSED] - Delayed 45 second(s)

29-01-2025T03:16:46 - [TEST_STEP][PASSED] - urlText = getText(findTestObject("Страница авторизации/Text")): Text of object 'Object Repository/Страница авторизации/Text' is: 'Период
2024 год
Выручка
Все
Выполнение плановых показателей по ПАО Россети за 2024 год
План
Факт
Динамика
2024 год
0 млн.руб.
200 000 млн.руб.
400 000 млн.руб.
600 000 млн.руб.
800 000 млн.руб.
1 000 000 млн.руб.
1 200 000 млн.руб.
1 400 000 млн.руб.
1 600 000 млн.руб.
1 800 000 млн.руб.
1 449 221
1 456 358
↑
ДЗО 
ПАО Россети
Внутренний оборот - выручка за услуги по передаче электрической энергии, учтенная в выручке за электроэнергию для конечных потребителей, при выполнении ДЗО функций гарантирующего поставщика
Подписи данных
⬤Отклонение
АО «Тываэнерго»
АО «Чеченэнерго»
Россети Волга
Россети Кубань
Россети Ленэнерго (ГК)
Россети Московский регион
Россети Северный Кавказ (ГК)
Россети Северо-Запад
Россети Сибирь (ГК)
Россети Томск
Россети Тюмень
Россети Урал (ГК)
Россети ФСК ЕЭС
Россети Центр
Россети Центр и Приволжье (ГК)
Россети Юг (ГК)
Россети Янтарь
-25 000млн.руб.
-20 000млн.руб.
-15 000млн.руб.
-10 000млн.руб.
-5 000млн.руб.
0млн.руб.
5 000млн.руб.
10 000млн.руб.
15 …
433
145
175
5 315
5 768
8 943
951
696
2 625
198
-7 329
1 914
-23 145
3 692
5 160
1 206
390
млн.
%
Выручка
Отклонение выручки по ПАО Россети за 2024 год (факт/план, млн. руб)
ПАО Россети
7 136.5 млн.руб.
 '

29-01-2025T03:16:47 - [MESSAGE][PASSED] - Text of object 'Object Repository/Страница авторизации/Text' is: 'Период
2024 год
Выручка
Все
Выполнение плановых показателей по ПАО Россети за 2024 год
План
Факт
Динамика
2024 год
0 млн.руб.
200 000 млн.руб.
400 000 млн.руб.
600 000 млн.руб.
800 000 млн.руб.
1 000 000 млн.руб.
1 200 000 млн.руб.
1 400 000 млн.руб.
1 600 000 млн.руб.
1 800 000 млн.руб.
1 449 221
1 456 358
↑
ДЗО 
ПАО Россети
Внутренний оборот - выручка за услуги по передаче электрической энергии, учтенная в выручке за электроэнергию для конечных потребителей, при выполнении ДЗО функций гарантирующего поставщика
Подписи данных
⬤Отклонение
АО «Тываэнерго»
АО «Чеченэнерго»
Россети Волга
Россети Кубань
Россети Ленэнерго (ГК)
Россети Московский регион
Россети Северный Кавказ (ГК)
Россети Северо-Запад
Россети Сибирь (ГК)
Россети Томск
Россети Тюмень
Россети Урал (ГК)
Россети ФСК ЕЭС
Россети Центр
Россети Центр и Приволжье (ГК)
Россети Юг (ГК)
Россети Янтарь
-25 000млн.руб.
-20 000млн.руб.
-15 000млн.руб.
-10 000млн.руб.
-5 000млн.руб.
0млн.руб.
5 000млн.руб.
10 000млн.руб.
15 …
433
145
175
5 315
5 768
8 943
951
696
2 625
198
-7 329
1 914
-23 145
3 692
5 160
1 206
390
млн.
%
Выручка
Отклонение выручки по ПАО Россети за 2024 год (факт/план, млн. руб)
ПАО Россети
7 136.5 млн.руб.
 '

29-01-2025T03:16:47 - [TEST_STEP][PASSED] - searchWord = "а": null

29-01-2025T03:16:47 - [TEST_STEP][PASSED] - if (urlText.contains("ошибка") || urlText.contains(searchWord) == false): null

29-01-2025T03:16:47 - [TEST_STEP][PASSED] - delay(45): Delayed 45 second(s)

29-01-2025T03:17:32 - [MESSAGE][PASSED] - Delayed 45 second(s)

29-01-2025T03:17:32 - [TEST_STEP][PASSED] - if (block == 2): null

29-01-2025T03:17:32 - [TEST_STEP][PASSED] - click(findTestObject("Выручка в рублях/Фильтр Период" + nameOfBlock)): Object: 'Object Repository/Выручка в рублях/Фильтр Период' is clicked on

29-01-2025T03:17:32 - [MESSAGE][PASSED] - Object: 'Object Repository/Выручка в рублях/Фильтр Период' is clicked on

29-01-2025T03:17:32 - [TEST_STEP][PASSED] - click(findTestObject("Выручка в рублях/Снять выделение в фильтре Дата" + nameOfBlock)): Object: 'Object Repository/Выручка в рублях/Снять выделение в фильтре Дата' is clicked on

29-01-2025T03:17:33 - [MESSAGE][PASSED] - Object: 'Object Repository/Выручка в рублях/Снять выделение в фильтре Дата' is clicked on

29-01-2025T03:17:33 - [TEST_STEP][PASSED] - click(findTestObject("Выручка в рублях/Применить в фильтре Дата" + nameOfBlock)): Object: 'Object Repository/Выручка в рублях/Применить в фильтре Дата' is clicked on

29-01-2025T03:17:33 - [MESSAGE][PASSED] - Object: 'Object Repository/Выручка в рублях/Применить в фильтре Дата' is clicked on

29-01-2025T03:17:33 - [TEST_STEP][PASSED] - delay(50): Delayed 50 second(s)

29-01-2025T03:18:23 - [MESSAGE][PASSED] - Delayed 50 second(s)

29-01-2025T03:18:23 - [TEST_STEP][PASSED] - click(findTestObject("Выручка в рублях/Фильтр Период" + nameOfBlock)): Object: 'Object Repository/Выручка в рублях/Фильтр Период' is clicked on

29-01-2025T03:18:23 - [MESSAGE][PASSED] - Object: 'Object Repository/Выручка в рублях/Фильтр Период' is clicked on

29-01-2025T03:18:23 - [TEST_STEP][PASSED] - click(findTestObject("Выручка в рублях/Снять выделение в фильтре Дата" + nameOfBlock)): Object: 'Object Repository/Выручка в рублях/Снять выделение в фильтре Дата' is clicked on

29-01-2025T03:18:24 - [MESSAGE][PASSED] - Object: 'Object Repository/Выручка в рублях/Снять выделение в фильтре Дата' is clicked on

29-01-2025T03:18:24 - [TEST_STEP][PASSED] - scrollToElement(findTestObject("Выручка в рублях/2024 список" + nameOfBlock), 30): Scroll to object 'Object Repository/Выручка в рублях/2024 список' successfully

29-01-2025T03:18:24 - [MESSAGE][PASSED] - Scroll to object 'Object Repository/Выручка в рублях/2024 список' successfully

29-01-2025T03:18:24 - [TEST_STEP][PASSED] - click(findTestObject("Выручка в рублях/2024 год" + nameOfBlock)): Object: 'Object Repository/Выручка в рублях/2024 год' is clicked on

29-01-2025T03:18:25 - [MESSAGE][PASSED] - Object: 'Object Repository/Выручка в рублях/2024 год' is clicked on

29-01-2025T03:18:25 - [TEST_STEP][PASSED] - scrollToElement(findTestObject("Выручка в рублях/Заголовок дашборда" + nameOfBlock), 30): Scroll to object 'Object Repository/Выручка в рублях/Заголовок дашборда' successfully

29-01-2025T03:18:25 - [MESSAGE][PASSED] - Scroll to object 'Object Repository/Выручка в рублях/Заголовок дашборда' successfully

29-01-2025T03:18:25 - [TEST_STEP][PASSED] - click(findTestObject("Выручка в рублях/Применить в фильтре Дата" + nameOfBlock)): Object: 'Object Repository/Выручка в рублях/Применить в фильтре Дата' is clicked on

29-01-2025T03:18:26 - [MESSAGE][PASSED] - Object: 'Object Repository/Выручка в рублях/Применить в фильтре Дата' is clicked on

29-01-2025T03:18:26 - [TEST_STEP][PASSED] - delay(55): Delayed 55 second(s)

29-01-2025T03:19:21 - [MESSAGE][PASSED] - Delayed 55 second(s)

29-01-2025T03:19:21 - [TEST_STEP][PASSED] - click(findTestObject("Выручка в рублях/Фильтр ДЗО" + nameOfBlock)): Object: 'Object Repository/Выручка в рублях/Фильтр ДЗО' is clicked on

29-01-2025T03:19:21 - [MESSAGE][PASSED] - Object: 'Object Repository/Выручка в рублях/Фильтр ДЗО' is clicked on

29-01-2025T03:19:21 - [TEST_STEP][PASSED] - click(findTestObject("Выручка в рублях/Снять выделение в фильтре ДЗО" + nameOfBlock)): Object: 'Object Repository/Выручка в рублях/Снять выделение в фильтре ДЗО' is clicked on

29-01-2025T03:19:22 - [MESSAGE][PASSED] - Object: 'Object Repository/Выручка в рублях/Снять выделение в фильтре ДЗО' is clicked on

29-01-2025T03:19:22 - [TEST_STEP][PASSED] - click(findTestObject("Выручка в рублях/Применить в фильтре ДЗО" + nameOfBlock)): Object: 'Object Repository/Выручка в рублях/Применить в фильтре ДЗО' is clicked on

29-01-2025T03:19:22 - [MESSAGE][PASSED] - Object: 'Object Repository/Выручка в рублях/Применить в фильтре ДЗО' is clicked on

29-01-2025T03:19:22 - [TEST_STEP][PASSED] - delay(50): Delayed 50 second(s)

29-01-2025T03:20:12 - [MESSAGE][PASSED] - Delayed 50 second(s)

29-01-2025T03:20:12 - [TEST_STEP][PASSED] - Script1710234207206.Tumbler(run, vir, block, nameOfBlock): null

29-01-2025T03:20:12 - [TEST_STEP][PASSED] - println("run:" + run): null

29-01-2025T03:20:12 - [TEST_STEP][PASSED] - println("vir:" + vir): null

29-01-2025T03:20:12 - [TEST_STEP][PASSED] - println("block:" + block): null

29-01-2025T03:20:12 - [TEST_STEP][PASSED] - println("nameOfBlock:" + nameOfBlock): null

29-01-2025T03:20:12 - [TEST_STEP][PASSED] - if (vir == 1): null

29-01-2025T03:20:12 - [TEST_STEP][PASSED] - else if (vir == 2): null

29-01-2025T03:20:12 - [TEST_STEP][PASSED] - else if (vir == 3): Object: 'Object Repository/Выручка в рублях/Применить в фильтре Выручка' is clicked on

29-01-2025T03:20:12 - [TEST_STEP][PASSED] - if (run == 2): null

29-01-2025T03:20:12 - [TEST_STEP][PASSED] - click(findTestObject("Выручка в рублях/Фильтр Выручка" + nameOfBlock)): Object: 'Object Repository/Выручка в рублях/Фильтр Выручка' is clicked on

29-01-2025T03:20:12 - [MESSAGE][PASSED] - Object: 'Object Repository/Выручка в рублях/Фильтр Выручка' is clicked on

29-01-2025T03:20:12 - [TEST_STEP][PASSED] - click(findTestObject("Выручка в рублях/Внутренний оборот в фильтре Выручка" + nameOfBlock)): Object: 'Object Repository/Выручка в рублях/Внутренний оборот в фильтре Выручка' is clicked on

29-01-2025T03:20:13 - [MESSAGE][PASSED] - Object: 'Object Repository/Выручка в рублях/Внутренний оборот в фильтре Выручка' is clicked on

29-01-2025T03:20:13 - [TEST_STEP][PASSED] - click(findTestObject("Выручка в рублях/Применить в фильтре Выручка" + nameOfBlock)): Object: 'Object Repository/Выручка в рублях/Применить в фильтре Выручка' is clicked on

29-01-2025T03:20:14 - [MESSAGE][PASSED] - Object: 'Object Repository/Выручка в рублях/Применить в фильтре Выручка' is clicked on

29-01-2025T03:20:14 - [TEST_STEP][PASSED] - click(findTestObject("Выручка в рублях/Фильтр ДЗО" + nameOfBlock)): Object: 'Object Repository/Выручка в рублях/Фильтр ДЗО' is clicked on

29-01-2025T03:20:15 - [MESSAGE][PASSED] - Object: 'Object Repository/Выручка в рублях/Фильтр ДЗО' is clicked on

29-01-2025T03:20:15 - [TEST_STEP][PASSED] - Script1710234207206.Rosseti(nameOfBlock): null

29-01-2025T03:20:15 - [TEST_STEP][PASSED] - println("nameOfBlock:" + nameOfBlock): null

29-01-2025T03:20:15 - [TEST_STEP][PASSED] - click(findTestObject("Выручка в рублях/ПАО Россети" + nameOfBlock)): Object: 'Object Repository/Выручка в рублях/ПАО Россети' is clicked on

29-01-2025T03:20:15 - [MESSAGE][PASSED] - Object: 'Object Repository/Выручка в рублях/ПАО Россети' is clicked on

29-01-2025T03:20:15 - [TEST_STEP][PASSED] - click(findTestObject("Выручка в рублях/Применить в фильтре ДЗО" + nameOfBlock)): Object: 'Object Repository/Выручка в рублях/Применить в фильтре ДЗО' is clicked on

29-01-2025T03:20:16 - [MESSAGE][PASSED] - Object: 'Object Repository/Выручка в рублях/Применить в фильтре ДЗО' is clicked on

29-01-2025T03:20:16 - [TEST_STEP][PASSED] - if (run == 2): null

29-01-2025T03:20:16 - [TEST_STEP][PASSED] - if (vir == 1 || vir == 2): null

29-01-2025T03:20:16 - [TEST_STEP][PASSED] - else: Text of object 'Object Repository/Выручка в рублях/vir3Plan' is: '24 726'

29-01-2025T03:20:16 - [TEST_STEP][PASSED] - a1 = getText(findTestObject("Выручка в рублях/vir3Plan")): Text of object 'Object Repository/Выручка в рублях/vir3Plan' is: '24 726'

29-01-2025T03:20:17 - [MESSAGE][PASSED] - Text of object 'Object Repository/Выручка в рублях/vir3Plan' is: '24 726'

29-01-2025T03:20:17 - [TEST_STEP][PASSED] - if (vir == 1 || vir == 2): null

29-01-2025T03:20:17 - [TEST_STEP][PASSED] - else: Text of object 'Object Repository/Выручка в рублях/vir3Fact' is: '25 441'

29-01-2025T03:20:17 - [TEST_STEP][PASSED] - a2 = getText(findTestObject("Выручка в рублях/vir3Fact")): Text of object 'Object Repository/Выручка в рублях/vir3Fact' is: '25 441'

29-01-2025T03:20:17 - [MESSAGE][PASSED] - Text of object 'Object Repository/Выручка в рублях/vir3Fact' is: '25 441'

29-01-2025T03:20:17 - [TEST_STEP][PASSED] - a30 = getText(findTestObject("Выручка в рублях/span1" + perc)): Text of object 'Object Repository/Выручка в рублях/span1' is: '715 млн.руб.'

29-01-2025T03:20:18 - [MESSAGE][PASSED] - Text of object 'Object Repository/Выручка в рублях/span1' is: '715 млн.руб.'

29-01-2025T03:20:18 - [TEST_STEP][PASSED] - i = a30.indexOf("млн.руб."): null

29-01-2025T03:20:18 - [TEST_STEP][PASSED] - if (i > -1): null

29-01-2025T03:20:18 - [TEST_STEP][PASSED] - a30 = a30.substring(0, i): null

29-01-2025T03:20:18 - [TEST_STEP][PASSED] - a30 = a30.replaceAll(" ", ""): null

29-01-2025T03:20:18 - [TEST_STEP][PASSED] - if (a30.contains("%")): null

29-01-2025T03:20:18 - [TEST_STEP][PASSED] - a30 = ").trim(): null

29-01-2025T03:20:18 - [TEST_STEP][PASSED] - println("a30: " + a30): null

29-01-2025T03:20:18 - [TEST_STEP][PASSED] - if (vir == 1 || vir == 2): null

29-01-2025T03:20:18 - [TEST_STEP][PASSED] - else: Text of object 'Object Repository/Выручка в рублях/span15' is: '159'

29-01-2025T03:20:18 - [TEST_STEP][PASSED] - a31 = ").trim(): Text of object 'Object Repository/Выручка в рублях/span15' is: '159'

29-01-2025T03:20:18 - [MESSAGE][PASSED] - Text of object 'Object Repository/Выручка в рублях/span15' is: '159'

29-01-2025T03:20:18 - [TEST_STEP][PASSED] - if (vir == 1 || vir == 2): null

29-01-2025T03:20:18 - [TEST_STEP][PASSED] - else: Text of object 'Object Repository/Выручка в рублях/span16' is: '660'

29-01-2025T03:20:18 - [TEST_STEP][PASSED] - a32 = ").trim(): Text of object 'Object Repository/Выручка в рублях/span16' is: '660'

29-01-2025T03:20:18 - [MESSAGE][PASSED] - Text of object 'Object Repository/Выручка в рублях/span16' is: '660'

29-01-2025T03:20:18 - [TEST_STEP][PASSED] - if (vir == 1 || vir == 2): null

29-01-2025T03:20:18 - [TEST_STEP][PASSED] - else: Text of object 'Object Repository/Выручка в рублях/span17' is: '0'

29-01-2025T03:20:18 - [TEST_STEP][PASSED] - a37 = ").trim(): Text of object 'Object Repository/Выручка в рублях/span17' is: '0'

29-01-2025T03:20:18 - [MESSAGE][PASSED] - Text of object 'Object Repository/Выручка в рублях/span17' is: '0'

29-01-2025T03:20:18 - [TEST_STEP][PASSED] - if (vir == 1 || vir == 2): null

29-01-2025T03:20:18 - [TEST_STEP][PASSED] - else: Text of object 'Object Repository/Выручка в рублях/span18' is: '43'

29-01-2025T03:20:18 - [TEST_STEP][PASSED] - a316 = ").trim(): Text of object 'Object Repository/Выручка в рублях/span18' is: '43'

29-01-2025T03:20:19 - [MESSAGE][PASSED] - Text of object 'Object Repository/Выручка в рублях/span18' is: '43'

29-01-2025T03:20:19 - [TEST_STEP][PASSED] - if (vir == 1 || vir == 2): null

29-01-2025T03:20:19 - [TEST_STEP][PASSED] - block = 2: null

29-01-2025T03:20:19 - [TEST_STEP][PASSED] - nameOfBlock = " Выручка": null

29-01-2025T03:20:19 - [TEST_STEP][PASSED] - Script1710234207206.PreSettings(run, vir, block, nameOfBlock, typeOfData, todaysDate): null

29-01-2025T03:20:19 - [TEST_STEP][PASSED] - openBrowser(""): Browser is opened with url: ''

29-01-2025T03:20:19 - [MESSAGE][WARNING] - A browser is already opened. Closing browser and opening a new one

29-01-2025T03:20:19 - [MESSAGE][INFO] - Starting 'Chrome' driver

29-01-2025T03:20:19 - [MESSAGE][INFO] - Action delay is set to 0 milliseconds

29-01-2025T03:20:20 - [MESSAGE][PASSED] - Browser is opened with url: ''

29-01-2025T03:20:20 - [TEST_STEP][PASSED] - refresh(): Refresh successfully

29-01-2025T03:20:20 - [MESSAGE][PASSED] - Refresh successfully

29-01-2025T03:20:20 - [TEST_STEP][PASSED] - delay(50): Delayed 50 second(s)

29-01-2025T03:21:10 - [MESSAGE][PASSED] - Delayed 50 second(s)

29-01-2025T03:21:10 - [TEST_STEP][PASSED] - println("run:" + run): null

29-01-2025T03:21:10 - [TEST_STEP][PASSED] - println("vir:" + vir): null

29-01-2025T03:21:10 - [TEST_STEP][PASSED] - println("block:" + block): null

29-01-2025T03:21:10 - [TEST_STEP][PASSED] - if (block == 1): null

29-01-2025T03:21:10 - [TEST_STEP][PASSED] - else: null

29-01-2025T03:21:10 - [TEST_STEP][PASSED] - nameOfBlock = " Выручка": null

29-01-2025T03:21:10 - [TEST_STEP][PASSED] - println("nameOfBlock:" + nameOfBlock): null

29-01-2025T03:21:10 - [TEST_STEP][PASSED] - println("typeOfData:" + typeOfData): null

29-01-2025T03:21:10 - [TEST_STEP][PASSED] - println("todaysDate:" + todaysDate): null

29-01-2025T03:21:10 - [TEST_STEP][PASSED] - Script1710234207206.Autorization(block, nameOfBlock): null

29-01-2025T03:21:10 - [TEST_STEP][PASSED] - i = <not implemented yet for class: org.codehaus.groovy.ast.expr.EmptyExpression>: null

29-01-2025T03:21:10 - [TEST_STEP][PASSED] - ii = <not implemented yet for class: org.codehaus.groovy.ast.expr.EmptyExpression>: null

29-01-2025T03:21:10 - [TEST_STEP][PASSED] - urlData = <not implemented yet for class: org.codehaus.groovy.ast.expr.EmptyExpression>: null

29-01-2025T03:21:10 - [TEST_STEP][PASSED] - searchWord = <not implemented yet for class: org.codehaus.groovy.ast.expr.EmptyExpression>: null

29-01-2025T03:21:10 - [TEST_STEP][PASSED] - urlText = <not implemented yet for class: org.codehaus.groovy.ast.expr.EmptyExpression>: null

29-01-2025T03:21:10 - [TEST_STEP][PASSED] - println("block:" + block): null

29-01-2025T03:21:10 - [TEST_STEP][PASSED] - if (block == 1): null

29-01-2025T03:21:10 - [TEST_STEP][PASSED] - else: null

29-01-2025T03:21:10 - [TEST_STEP][PASSED] - delay(45): Delayed 45 second(s)

29-01-2025T03:21:55 - [MESSAGE][PASSED] - Delayed 45 second(s)

29-01-2025T03:21:55 - [TEST_STEP][PASSED] - nameOfBlock = " Выручка": null

29-01-2025T03:21:55 - [TEST_STEP][PASSED] - println("nameOfBlock:" + nameOfBlock): null

29-01-2025T03:21:55 - [TEST_STEP][PASSED] - if (block == 1): null

29-01-2025T03:21:55 - [TEST_STEP][PASSED] - else: Delayed 45 second(s)

29-01-2025T03:21:55 - [TEST_STEP][PASSED] - urlData = 9: null

29-01-2025T03:21:55 - [TEST_STEP][PASSED] - delay(45): Delayed 45 second(s)

29-01-2025T03:22:40 - [MESSAGE][PASSED] - Delayed 45 second(s)

29-01-2025T03:22:40 - [TEST_STEP][PASSED] - navigateToUrl(findTestData("PlanFact").getValue(10, urlData)): Navigate to 'https://bi.rosseti.digital/viewer?dashboardGuid=a1fd28b3785d443cbc4d7690a1d78e31&sheetGuid=86092a20c5984827a0c87b24cac76a50&fit=true' successfully

29-01-2025T03:22:45 - [MESSAGE][PASSED] - Navigate to 'https://bi.rosseti.digital/viewer?dashboardGuid=a1fd28b3785d443cbc4d7690a1d78e31&sheetGuid=86092a20c5984827a0c87b24cac76a50&fit=true' successfully

29-01-2025T03:22:45 - [TEST_STEP][PASSED] - urlText = getText(findTestObject("Страница авторизации/Text")): Text of object 'Object Repository/Страница авторизации/Text' is: 'Вход'

29-01-2025T03:22:47 - [MESSAGE][PASSED] - Text of object 'Object Repository/Страница авторизации/Text' is: 'Вход'

29-01-2025T03:22:47 - [TEST_STEP][PASSED] - searchWord = "Вход": null

29-01-2025T03:22:47 - [TEST_STEP][PASSED] - if (urlText == null || urlText.contains("ошибка") || urlText.contains(searchWord) == false): null

29-01-2025T03:22:47 - [TEST_STEP][PASSED] - if (verifyElementPresent(findTestObject("Страница авторизации/button_"), 30) == true): null

29-01-2025T03:22:47 - [MESSAGE][PASSED] - Object 'Object Repository/Страница авторизации/button_' is present

29-01-2025T03:22:47 - [TEST_STEP][PASSED] - setText(findTestObject("Страница авторизации/input__username"), findTestData("PlanFact").getValue(8, 1)): Text 'liazgina-di' is set on object 'Object Repository/Страница авторизации/input__username'

29-01-2025T03:22:47 - [MESSAGE][PASSED] - Text 'liazgina-di' is set on object 'Object Repository/Страница авторизации/input__username'

29-01-2025T03:22:47 - [TEST_STEP][PASSED] - setText(findTestObject("Страница авторизации/input__password"), findTestData("PlanFact").getValue(9, 1)): Text ')$%5srZ8o688Dm#q' is set on object 'Object Repository/Страница авторизации/input__password'

29-01-2025T03:22:48 - [MESSAGE][PASSED] - Text ')$%5srZ8o688Dm#q' is set on object 'Object Repository/Страница авторизации/input__password'

29-01-2025T03:22:48 - [TEST_STEP][PASSED] - click(findTestObject("Страница авторизации/button_")): Object: 'Object Repository/Страница авторизации/button_' is clicked on

29-01-2025T03:22:49 - [MESSAGE][PASSED] - Object: 'Object Repository/Страница авторизации/button_' is clicked on

29-01-2025T03:22:49 - [TEST_STEP][PASSED] - delay(45): Delayed 45 second(s)

29-01-2025T03:23:34 - [MESSAGE][PASSED] - Delayed 45 second(s)

29-01-2025T03:23:34 - [TEST_STEP][PASSED] - urlText = getText(findTestObject("Страница авторизации/Text")): Text of object 'Object Repository/Страница авторизации/Text' is: 'Период
Январь, Февраль, Март, Апрель, Май, Июнь, Июль, Август, Сентябрь, Октябрь, Ноябрь, Декабрь 2024 года
Выручка
Все
Выполнение плановых показателей по ПАО Россети за Январь, Февраль, Март, Апрель, Май, Июнь, Июль, Август, Сентябрь, Октябрь, Ноябрь, Декабрь 2024 года
План
Факт
Динамика
2024 год
0 млн.руб.
200 000 млн.руб.
400 000 млн.руб.
600 000 млн.руб.
800 000 млн.руб.
1 000 000 млн.руб.
1 200 000 млн.руб.
1 400 000 млн.руб.
1 600 000 млн.руб.
1 800 000 млн.руб.
1 449 221
1 456 358
↑
ДЗО 
Все
Подписи данных
⬤Отклонение
АО «Тываэнерго»
АО «Чеченэнерго»
Россети Волга
Россети Кубань
Россети Ленэнерго (ГК)
Россети Московский регион
Россети Северный Кавказ (ГК)
Россети Северо-Запад
Россети Сибирь (ГК)
Россети Томск
Россети Тюмень
Россети Урал (ГК)
Россети ФСК ЕЭС
Россети Центр
Россети Центр и Приволжье (ГК)
Россети Юг (ГК)
Россети Янтарь
-25 000 млн.руб.
-22 500 млн.руб.
-20 000 млн.руб.
-17 500 млн.руб.
-15 000 млн.руб.
-12 500 млн.руб.
-10 000 млн.руб.
-7 500 млн.руб.
-5 000 млн.руб.
-2 500 млн.руб.
0 млн.руб.
2 500 млн.руб.
5 000 млн.руб.
7 500 млн.руб.
10 000 млн.руб.
12 500 млн.руб.
433
145
175
5 315
5 768
8 943
951
696
2 625
198
-7 329
1 914
-23 145
3 692
5 160
1 206
390
млн.
%
Выручка
Отклонение выручки по ПАО Россети за Январь, Февраль, Март, Апрель, Май, Июнь, Июль, Август, Сентябрь, Октябрь, Ноябрь, Декабрь 2024 года (факт/план, млн. руб)
ПАО Россети
7 136.5 млн.руб.
Статус данных
×
Просьба обратить внимание
Данные занесены не полностью
ВЫБРАННЫЕ ЗНАЧЕНИЯ ФИЛЬТРОВ
ДЗО | ПЕРИОД
ПАО Россети: [«Выбраны все филиалы по всем ДЗО по всем категориям»]
2024: [«Весь год»]
*Внутренний оборот'

29-01-2025T03:23:35 - [MESSAGE][PASSED] - Text of object 'Object Repository/Страница авторизации/Text' is: 'Период
Январь, Февраль, Март, Апрель, Май, Июнь, Июль, Август, Сентябрь, Октябрь, Ноябрь, Декабрь 2024 года
Выручка
Все
Выполнение плановых показателей по ПАО Россети за Январь, Февраль, Март, Апрель, Май, Июнь, Июль, Август, Сентябрь, Октябрь, Ноябрь, Декабрь 2024 года
План
Факт
Динамика
2024 год
0 млн.руб.
200 000 млн.руб.
400 000 млн.руб.
600 000 млн.руб.
800 000 млн.руб.
1 000 000 млн.руб.
1 200 000 млн.руб.
1 400 000 млн.руб.
1 600 000 млн.руб.
1 800 000 млн.руб.
1 449 221
1 456 358
↑
ДЗО 
Все
Подписи данных
⬤Отклонение
АО «Тываэнерго»
АО «Чеченэнерго»
Россети Волга
Россети Кубань
Россети Ленэнерго (ГК)
Россети Московский регион
Россети Северный Кавказ (ГК)
Россети Северо-Запад
Россети Сибирь (ГК)
Россети Томск
Россети Тюмень
Россети Урал (ГК)
Россети ФСК ЕЭС
Россети Центр
Россети Центр и Приволжье (ГК)
Россети Юг (ГК)
Россети Янтарь
-25 000 млн.руб.
-22 500 млн.руб.
-20 000 млн.руб.
-17 500 млн.руб.
-15 000 млн.руб.
-12 500 млн.руб.
-10 000 млн.руб.
-7 500 млн.руб.
-5 000 млн.руб.
-2 500 млн.руб.
0 млн.руб.
2 500 млн.руб.
5 000 млн.руб.
7 500 млн.руб.
10 000 млн.руб.
12 500 млн.руб.
433
145
175
5 315
5 768
8 943
951
696
2 625
198
-7 329
1 914
-23 145
3 692
5 160
1 206
390
млн.
%
Выручка
Отклонение выручки по ПАО Россети за Январь, Февраль, Март, Апрель, Май, Июнь, Июль, Август, Сентябрь, Октябрь, Ноябрь, Декабрь 2024 года (факт/план, млн. руб)
ПАО Россети
7 136.5 млн.руб.
Статус данных
×
Просьба обратить внимание
Данные занесены не полностью
ВЫБРАННЫЕ ЗНАЧЕНИЯ ФИЛЬТРОВ
ДЗО | ПЕРИОД
ПАО Россети: [«Выбраны все филиалы по всем ДЗО по всем категориям»]
2024: [«Весь год»]
*Внутренний оборот'

29-01-2025T03:23:35 - [TEST_STEP][PASSED] - searchWord = "а": null

29-01-2025T03:23:35 - [TEST_STEP][PASSED] - if (urlText.contains("ошибка") || urlText.contains(searchWord) == false): null

29-01-2025T03:23:35 - [TEST_STEP][PASSED] - delay(45): Delayed 45 second(s)

29-01-2025T03:24:20 - [MESSAGE][PASSED] - Delayed 45 second(s)

29-01-2025T03:24:20 - [TEST_STEP][PASSED] - if (block == 2): Delayed 50 second(s)

29-01-2025T03:24:20 - [TEST_STEP][PASSED] - opoveshenie = getText(findTestObject("Выручка в рублях/Просьба обратить внимание")): Text of object 'Object Repository/Выручка в рублях/Просьба обратить внимание' is: 'Просьба обратить внимание'

29-01-2025T03:24:20 - [MESSAGE][PASSED] - Text of object 'Object Repository/Выручка в рублях/Просьба обратить внимание' is: 'Просьба обратить внимание'

29-01-2025T03:24:20 - [TEST_STEP][PASSED] - if (opoveshenie == "Просьба обратить внимание"): Delayed 50 second(s)

29-01-2025T03:24:20 - [TEST_STEP][PASSED] - click(findTestObject("Выручка в рублях/Закрыть оповещение")): Object: 'Object Repository/Выручка в рублях/Закрыть оповещение' is clicked on

29-01-2025T03:24:20 - [MESSAGE][PASSED] - Object: 'Object Repository/Выручка в рублях/Закрыть оповещение' is clicked on

29-01-2025T03:24:20 - [TEST_STEP][PASSED] - delay(50): Delayed 50 second(s)

29-01-2025T03:25:10 - [MESSAGE][PASSED] - Delayed 50 second(s)

29-01-2025T03:25:10 - [TEST_STEP][PASSED] - click(findTestObject("Выручка в рублях/Фильтр Период" + nameOfBlock)): Object: 'Object Repository/Выручка в рублях/Фильтр Период Выручка' is clicked on

29-01-2025T03:25:11 - [MESSAGE][PASSED] - Object: 'Object Repository/Выручка в рублях/Фильтр Период Выручка' is clicked on

29-01-2025T03:25:11 - [TEST_STEP][PASSED] - click(findTestObject("Выручка в рублях/Снять выделение в фильтре Дата" + nameOfBlock)): Object: 'Object Repository/Выручка в рублях/Снять выделение в фильтре Дата Выручка' is clicked on

29-01-2025T03:25:11 - [MESSAGE][PASSED] - Object: 'Object Repository/Выручка в рублях/Снять выделение в фильтре Дата Выручка' is clicked on

29-01-2025T03:25:11 - [TEST_STEP][PASSED] - click(findTestObject("Выручка в рублях/Применить в фильтре Дата" + nameOfBlock)): Object: 'Object Repository/Выручка в рублях/Применить в фильтре Дата Выручка' is clicked on

29-01-2025T03:25:12 - [MESSAGE][PASSED] - Object: 'Object Repository/Выручка в рублях/Применить в фильтре Дата Выручка' is clicked on

29-01-2025T03:25:12 - [TEST_STEP][PASSED] - delay(50): Delayed 50 second(s)

29-01-2025T03:26:02 - [MESSAGE][PASSED] - Delayed 50 second(s)

29-01-2025T03:26:02 - [TEST_STEP][PASSED] - click(findTestObject("Выручка в рублях/Фильтр Период" + nameOfBlock)): Object: 'Object Repository/Выручка в рублях/Фильтр Период Выручка' is clicked on

29-01-2025T03:26:02 - [MESSAGE][PASSED] - Object: 'Object Repository/Выручка в рублях/Фильтр Период Выручка' is clicked on

29-01-2025T03:26:02 - [TEST_STEP][PASSED] - click(findTestObject("Выручка в рублях/Снять выделение в фильтре Дата" + nameOfBlock)): Object: 'Object Repository/Выручка в рублях/Снять выделение в фильтре Дата Выручка' is clicked on

29-01-2025T03:26:03 - [MESSAGE][PASSED] - Object: 'Object Repository/Выручка в рублях/Снять выделение в фильтре Дата Выручка' is clicked on

29-01-2025T03:26:03 - [TEST_STEP][PASSED] - scrollToElement(findTestObject("Выручка в рублях/2024 список" + nameOfBlock), 30): Scroll to object 'Object Repository/Выручка в рублях/2024 список Выручка' successfully

29-01-2025T03:26:03 - [MESSAGE][PASSED] - Scroll to object 'Object Repository/Выручка в рублях/2024 список Выручка' successfully

29-01-2025T03:26:03 - [TEST_STEP][PASSED] - click(findTestObject("Выручка в рублях/2024 год" + nameOfBlock)): Object: 'Object Repository/Выручка в рублях/2024 год Выручка' is clicked on

29-01-2025T03:26:03 - [MESSAGE][PASSED] - Object: 'Object Repository/Выручка в рублях/2024 год Выручка' is clicked on

29-01-2025T03:26:03 - [TEST_STEP][PASSED] - scrollToElement(findTestObject("Выручка в рублях/Заголовок дашборда" + nameOfBlock), 30): Scroll to object 'Object Repository/Выручка в рублях/Заголовок дашборда Выручка' successfully

29-01-2025T03:26:04 - [MESSAGE][PASSED] - Scroll to object 'Object Repository/Выручка в рублях/Заголовок дашборда Выручка' successfully

29-01-2025T03:26:04 - [TEST_STEP][PASSED] - click(findTestObject("Выручка в рублях/Применить в фильтре Дата" + nameOfBlock)): Object: 'Object Repository/Выручка в рублях/Применить в фильтре Дата Выручка' is clicked on

29-01-2025T03:26:05 - [MESSAGE][PASSED] - Object: 'Object Repository/Выручка в рублях/Применить в фильтре Дата Выручка' is clicked on

29-01-2025T03:26:05 - [TEST_STEP][PASSED] - delay(55): Delayed 55 second(s)

29-01-2025T03:27:00 - [MESSAGE][PASSED] - Delayed 55 second(s)

29-01-2025T03:27:00 - [TEST_STEP][PASSED] - click(findTestObject("Выручка в рублях/Фильтр ДЗО" + nameOfBlock)): Object: 'Object Repository/Выручка в рублях/Фильтр ДЗО Выручка' is clicked on

29-01-2025T03:27:00 - [MESSAGE][PASSED] - Object: 'Object Repository/Выручка в рублях/Фильтр ДЗО Выручка' is clicked on

29-01-2025T03:27:00 - [TEST_STEP][PASSED] - click(findTestObject("Выручка в рублях/Снять выделение в фильтре ДЗО" + nameOfBlock)): Object: 'Object Repository/Выручка в рублях/Снять выделение в фильтре ДЗО Выручка' is clicked on

29-01-2025T03:27:00 - [MESSAGE][PASSED] - Object: 'Object Repository/Выручка в рублях/Снять выделение в фильтре ДЗО Выручка' is clicked on

29-01-2025T03:27:00 - [TEST_STEP][PASSED] - click(findTestObject("Выручка в рублях/Применить в фильтре ДЗО" + nameOfBlock)): Object: 'Object Repository/Выручка в рублях/Применить в фильтре ДЗО Выручка' is clicked on

29-01-2025T03:27:01 - [MESSAGE][PASSED] - Object: 'Object Repository/Выручка в рублях/Применить в фильтре ДЗО Выручка' is clicked on

29-01-2025T03:27:01 - [TEST_STEP][PASSED] - delay(50): Delayed 50 second(s)

29-01-2025T03:27:51 - [MESSAGE][PASSED] - Delayed 50 second(s)

29-01-2025T03:27:51 - [TEST_STEP][PASSED] - Script1710234207206.Tumbler(run, vir, block, nameOfBlock): null

29-01-2025T03:27:51 - [TEST_STEP][PASSED] - println("run:" + run): null

29-01-2025T03:27:51 - [TEST_STEP][PASSED] - println("vir:" + vir): null

29-01-2025T03:27:51 - [TEST_STEP][PASSED] - println("block:" + block): null

29-01-2025T03:27:51 - [TEST_STEP][PASSED] - println("nameOfBlock:" + nameOfBlock): null

29-01-2025T03:27:51 - [TEST_STEP][PASSED] - if (vir == 1): null

29-01-2025T03:27:51 - [TEST_STEP][PASSED] - else if (vir == 2): null

29-01-2025T03:27:51 - [TEST_STEP][PASSED] - else if (vir == 3): Object: 'Object Repository/Выручка в рублях/Применить в фильтре Выручка Выручка' is clicked on

29-01-2025T03:27:51 - [TEST_STEP][PASSED] - if (run == 2): null

29-01-2025T03:27:51 - [TEST_STEP][PASSED] - click(findTestObject("Выручка в рублях/Фильтр Выручка" + nameOfBlock)): Object: 'Object Repository/Выручка в рублях/Фильтр Выручка Выручка' is clicked on

29-01-2025T03:27:51 - [MESSAGE][PASSED] - Object: 'Object Repository/Выручка в рублях/Фильтр Выручка Выручка' is clicked on

29-01-2025T03:27:51 - [TEST_STEP][PASSED] - click(findTestObject("Выручка в рублях/Внутренний оборот в фильтре Выручка" + nameOfBlock)): Object: 'Object Repository/Выручка в рублях/Внутренний оборот в фильтре Выручка Выручка' is clicked on

29-01-2025T03:27:52 - [MESSAGE][PASSED] - Object: 'Object Repository/Выручка в рублях/Внутренний оборот в фильтре Выручка Выручка' is clicked on

29-01-2025T03:27:52 - [TEST_STEP][PASSED] - click(findTestObject("Выручка в рублях/Применить в фильтре Выручка" + nameOfBlock)): Object: 'Object Repository/Выручка в рублях/Применить в фильтре Выручка Выручка' is clicked on

29-01-2025T03:27:53 - [MESSAGE][PASSED] - Object: 'Object Repository/Выручка в рублях/Применить в фильтре Выручка Выручка' is clicked on

29-01-2025T03:27:53 - [TEST_STEP][PASSED] - click(findTestObject("Выручка в рублях/Фильтр ДЗО" + nameOfBlock)): Object: 'Object Repository/Выручка в рублях/Фильтр ДЗО Выручка' is clicked on

29-01-2025T03:27:56 - [MESSAGE][PASSED] - Object: 'Object Repository/Выручка в рублях/Фильтр ДЗО Выручка' is clicked on

29-01-2025T03:27:56 - [TEST_STEP][PASSED] - Script1710234207206.Rosseti(nameOfBlock): null

29-01-2025T03:27:56 - [TEST_STEP][PASSED] - println("nameOfBlock:" + nameOfBlock): null

29-01-2025T03:27:56 - [TEST_STEP][PASSED] - click(findTestObject("Выручка в рублях/ПАО Россети" + nameOfBlock)): Object: 'Object Repository/Выручка в рублях/ПАО Россети Выручка' is clicked on

29-01-2025T03:27:56 - [MESSAGE][PASSED] - Object: 'Object Repository/Выручка в рублях/ПАО Россети Выручка' is clicked on

29-01-2025T03:27:56 - [TEST_STEP][PASSED] - click(findTestObject("Выручка в рублях/Применить в фильтре ДЗО" + nameOfBlock)): Object: 'Object Repository/Выручка в рублях/Применить в фильтре ДЗО Выручка' is clicked on

29-01-2025T03:27:57 - [MESSAGE][PASSED] - Object: 'Object Repository/Выручка в рублях/Применить в фильтре ДЗО Выручка' is clicked on

29-01-2025T03:27:57 - [TEST_STEP][PASSED] - if (vir == 1 || vir == 2): null

29-01-2025T03:27:57 - [TEST_STEP][PASSED] - else: Text of object 'Object Repository/Выручка в рублях/vir3Plan Выручка' is: '24 726'

29-01-2025T03:27:57 - [TEST_STEP][PASSED] - b1 = getText(findTestObject("Выручка в рублях/vir3Plan Выручка")): Text of object 'Object Repository/Выручка в рублях/vir3Plan Выручка' is: '24 726'

29-01-2025T03:27:59 - [MESSAGE][PASSED] - Text of object 'Object Repository/Выручка в рублях/vir3Plan Выручка' is: '24 726'

29-01-2025T03:27:59 - [TEST_STEP][PASSED] - if (vir == 1 || vir == 2): null

29-01-2025T03:27:59 - [TEST_STEP][PASSED] - else: Text of object 'Object Repository/Выручка в рублях/vir3Fact Выручка' is: '25 441'

29-01-2025T03:27:59 - [TEST_STEP][PASSED] - b2 = getText(findTestObject("Выручка в рублях/vir3Fact Выручка")): Text of object 'Object Repository/Выручка в рублях/vir3Fact Выручка' is: '25 441'

29-01-2025T03:27:59 - [MESSAGE][PASSED] - Text of object 'Object Repository/Выручка в рублях/vir3Fact Выручка' is: '25 441'

29-01-2025T03:27:59 - [TEST_STEP][PASSED] - b30 = getText(findTestObject("Выручка в рублях/span1" + perc)): Text of object 'Object Repository/Выручка в рублях/span1' is: '715 млн.руб.'

29-01-2025T03:27:59 - [MESSAGE][PASSED] - Text of object 'Object Repository/Выручка в рублях/span1' is: '715 млн.руб.'

29-01-2025T03:27:59 - [TEST_STEP][PASSED] - i = b30.indexOf("млн.руб."): null

29-01-2025T03:27:59 - [TEST_STEP][PASSED] - if (i > -1): null

29-01-2025T03:27:59 - [TEST_STEP][PASSED] - b30 = b30.substring(0, i): null

29-01-2025T03:27:59 - [TEST_STEP][PASSED] - b30 = b30.replaceAll(" ", ""): null

29-01-2025T03:27:59 - [TEST_STEP][PASSED] - if (b30.contains("%")): null

29-01-2025T03:27:59 - [TEST_STEP][PASSED] - b30 = ").trim(): null

29-01-2025T03:27:59 - [TEST_STEP][PASSED] - println("b30: " + b30): null

29-01-2025T03:27:59 - [TEST_STEP][PASSED] - if (vir == 1 || vir == 2): null

29-01-2025T03:27:59 - [TEST_STEP][PASSED] - else: Text of object 'Object Repository/Выручка в рублях/span15' is: '159'

29-01-2025T03:27:59 - [TEST_STEP][PASSED] - b31 = ").trim(): Text of object 'Object Repository/Выручка в рублях/span15' is: '159'

29-01-2025T03:27:59 - [MESSAGE][PASSED] - Text of object 'Object Repository/Выручка в рублях/span15' is: '159'

29-01-2025T03:27:59 - [TEST_STEP][PASSED] - if (vir == 1 || vir == 2): null

29-01-2025T03:27:59 - [TEST_STEP][PASSED] - else: Text of object 'Object Repository/Выручка в рублях/span16' is: '660'

29-01-2025T03:27:59 - [TEST_STEP][PASSED] - b32 = ").trim(): Text of object 'Object Repository/Выручка в рублях/span16' is: '660'

29-01-2025T03:28:00 - [MESSAGE][PASSED] - Text of object 'Object Repository/Выручка в рублях/span16' is: '660'

29-01-2025T03:28:00 - [TEST_STEP][PASSED] - if (vir == 1 || vir == 2): null

29-01-2025T03:28:00 - [TEST_STEP][PASSED] - else: Text of object 'Object Repository/Выручка в рублях/span17' is: '0'

29-01-2025T03:28:00 - [TEST_STEP][PASSED] - b37 = ").trim(): Text of object 'Object Repository/Выручка в рублях/span17' is: '0'

29-01-2025T03:28:00 - [MESSAGE][PASSED] - Text of object 'Object Repository/Выручка в рублях/span17' is: '0'

29-01-2025T03:28:00 - [TEST_STEP][PASSED] - if (vir == 1 || vir == 2): null

29-01-2025T03:28:00 - [TEST_STEP][PASSED] - else: Text of object 'Object Repository/Выручка в рублях/span18' is: '43'

29-01-2025T03:28:00 - [TEST_STEP][PASSED] - b316 = ").trim(): Text of object 'Object Repository/Выручка в рублях/span18' is: '43'

29-01-2025T03:28:00 - [MESSAGE][PASSED] - Text of object 'Object Repository/Выручка в рублях/span18' is: '43'

29-01-2025T03:28:00 - [TEST_STEP][PASSED] - if (vir == 1 || vir == 2): null

29-01-2025T03:28:00 - [TEST_STEP][PASSED] - dZO = "ПАО Россети": null

29-01-2025T03:28:00 - [TEST_STEP][PASSED] - if (verifyEqual(a1, b1) == false): Actual object '24 726' and expected object '24 726' are equal

29-01-2025T03:28:00 - [MESSAGE][PASSED] - Actual object '24 726' and expected object '24 726' are equal

29-01-2025T03:28:00 - [TEST_STEP][PASSED] - if (verifyEqual(a2, b2) == false): Actual object '25 441' and expected object '25 441' are equal

29-01-2025T03:28:00 - [MESSAGE][PASSED] - Actual object '25 441' and expected object '25 441' are equal

29-01-2025T03:28:00 - [TEST_STEP][PASSED] - vidget = "Отклонения": null

29-01-2025T03:28:00 - [TEST_STEP][PASSED] - if (verifyEqual(a30, b30) == false): Actual object '715' and expected object '715' are equal

29-01-2025T03:28:00 - [MESSAGE][PASSED] - Actual object '715' and expected object '715' are equal

29-01-2025T03:28:00 - [TEST_STEP][PASSED] - dZO = "АО «Тываэнерго»": null

29-01-2025T03:28:00 - [TEST_STEP][PASSED] - if (verifyEqual(a31, b31) == false): Actual object '159' and expected object '159' are equal

29-01-2025T03:28:00 - [MESSAGE][PASSED] - Actual object '159' and expected object '159' are equal

29-01-2025T03:28:00 - [TEST_STEP][PASSED] - dZO = "АО «Чеченэнерго»": null

29-01-2025T03:28:00 - [TEST_STEP][PASSED] - if (verifyEqual(a32, b32) == false): Actual object '660' and expected object '660' are equal

29-01-2025T03:28:00 - [MESSAGE][PASSED] - Actual object '660' and expected object '660' are equal

29-01-2025T03:28:00 - [TEST_STEP][PASSED] - dZO = "Россети Волга": null

29-01-2025T03:28:00 - [TEST_STEP][PASSED] - if (verifyEqual(a33, b33) == false): Actual object 'null' and expected object 'null' are equal

29-01-2025T03:28:00 - [MESSAGE][PASSED] - Actual object 'null' and expected object 'null' are equal

29-01-2025T03:28:00 - [TEST_STEP][PASSED] - dZO = "Россети Кубань": null

29-01-2025T03:28:00 - [TEST_STEP][PASSED] - if (verifyEqual(a34, b34) == false): Actual object 'null' and expected object 'null' are equal

29-01-2025T03:28:00 - [MESSAGE][PASSED] - Actual object 'null' and expected object 'null' are equal

29-01-2025T03:28:00 - [TEST_STEP][PASSED] - dZO = "Россети Ленэнерго (ГК)": null

29-01-2025T03:28:00 - [TEST_STEP][PASSED] - if (verifyEqual(a35, b35) == false): Actual object 'null' and expected object 'null' are equal

29-01-2025T03:28:00 - [MESSAGE][PASSED] - Actual object 'null' and expected object 'null' are equal

29-01-2025T03:28:00 - [TEST_STEP][PASSED] - dZO = "Россети Московский регион": null

29-01-2025T03:28:00 - [TEST_STEP][PASSED] - if (verifyEqual(a36, b36) == false): Actual object 'null' and expected object 'null' are equal

29-01-2025T03:28:00 - [MESSAGE][PASSED] - Actual object 'null' and expected object 'null' are equal

29-01-2025T03:28:00 - [TEST_STEP][PASSED] - dZO = "Россети Северный Кавказ (ГК)": null

29-01-2025T03:28:00 - [TEST_STEP][PASSED] - if (verifyEqual(a37, b37) == false): Actual object '0' and expected object '0' are equal

29-01-2025T03:28:00 - [MESSAGE][PASSED] - Actual object '0' and expected object '0' are equal

29-01-2025T03:28:00 - [TEST_STEP][PASSED] - dZO = "Россети Северо-Запад": null

29-01-2025T03:28:00 - [TEST_STEP][PASSED] - if (verifyEqual(a38, b38) == false): Actual object 'null' and expected object 'null' are equal

29-01-2025T03:28:00 - [MESSAGE][PASSED] - Actual object 'null' and expected object 'null' are equal

29-01-2025T03:28:00 - [TEST_STEP][PASSED] - dZO = "Россети Сибирь (ГК)": null

29-01-2025T03:28:00 - [TEST_STEP][PASSED] - if (verifyEqual(a39, b39) == false): Actual object 'null' and expected object 'null' are equal

29-01-2025T03:28:00 - [MESSAGE][PASSED] - Actual object 'null' and expected object 'null' are equal

29-01-2025T03:28:00 - [TEST_STEP][PASSED] - dZO = "Россети Томск": null

29-01-2025T03:28:00 - [TEST_STEP][PASSED] - if (verifyEqual(a310, b310) == false): Actual object 'null' and expected object 'null' are equal

29-01-2025T03:28:00 - [MESSAGE][PASSED] - Actual object 'null' and expected object 'null' are equal

29-01-2025T03:28:00 - [TEST_STEP][PASSED] - dZO = "Россети Тюмень": null

29-01-2025T03:28:00 - [TEST_STEP][PASSED] - if (verifyEqual(a311, b311) == false): Actual object 'null' and expected object 'null' are equal

29-01-2025T03:28:00 - [MESSAGE][PASSED] - Actual object 'null' and expected object 'null' are equal

29-01-2025T03:28:00 - [TEST_STEP][PASSED] - dZO = "Россети Урал (ГК)": null

29-01-2025T03:28:00 - [TEST_STEP][PASSED] - if (verifyEqual(a312, b312) == false): Actual object 'null' and expected object 'null' are equal

29-01-2025T03:28:00 - [MESSAGE][PASSED] - Actual object 'null' and expected object 'null' are equal

29-01-2025T03:28:00 - [TEST_STEP][PASSED] - dZO = "Россети ФСК ЕЭС": null

29-01-2025T03:28:00 - [TEST_STEP][PASSED] - if (verifyEqual(a313, b313) == false): Actual object 'null' and expected object 'null' are equal

29-01-2025T03:28:00 - [MESSAGE][PASSED] - Actual object 'null' and expected object 'null' are equal

29-01-2025T03:28:00 - [TEST_STEP][PASSED] - dZO = "Россети Центр": null

29-01-2025T03:28:00 - [TEST_STEP][PASSED] - if (verifyEqual(a314, b314) == false): Actual object 'null' and expected object 'null' are equal

29-01-2025T03:28:00 - [MESSAGE][PASSED] - Actual object 'null' and expected object 'null' are equal

29-01-2025T03:28:00 - [TEST_STEP][PASSED] - dZO = "Россети Центр и Приволжье (ГК)": null

29-01-2025T03:28:00 - [TEST_STEP][PASSED] - if (verifyEqual(a315, b315) == false): Actual object 'null' and expected object 'null' are equal

29-01-2025T03:28:00 - [MESSAGE][PASSED] - Actual object 'null' and expected object 'null' are equal

29-01-2025T03:28:00 - [TEST_STEP][PASSED] - dZO = "Россети Юг (ГК)": null

29-01-2025T03:28:00 - [TEST_STEP][PASSED] - if (verifyEqual(a316, b316) == false): Actual object '43' and expected object '43' are equal

29-01-2025T03:28:00 - [MESSAGE][PASSED] - Actual object '43' and expected object '43' are equal

29-01-2025T03:28:00 - [TEST_STEP][PASSED] - dZO = "Россети Янтарь": null

29-01-2025T03:28:00 - [TEST_STEP][PASSED] - if (verifyEqual(a317, b317) == false): Actual object 'null' and expected object 'null' are equal

29-01-2025T03:28:00 - [MESSAGE][PASSED] - Actual object 'null' and expected object 'null' are equal

29-01-2025T03:28:00 - [TEST_STEP][PASSED] - closeBrowser(): null

29-01-2025T03:28:01 - [MESSAGE][PASSED] - Browser is closed

29-01-2025T03:28:01 - [TEST_STEP][PASSED] - Script1710234207206.ViruchkaChange(run, vir, block, nameOfBlock, typeOfData, viruchka, vidget, todaysDate, a, b, dZO, x, y): null

29-01-2025T03:28:01 - [TEST_STEP][PASSED] - for ([vir = 1, vir < 4, (vir++)]): null

29-01-2025T03:28:01 - [TEST_STEP][PASSED] - Script1710234207206.Blocks(run, vir, block, nameOfBlock, typeOfData, viruchka, vidget, todaysDate, a, b, dZO, x, y): null

29-01-2025T03:28:01 - [TEST_STEP][PASSED] - i = <not implemented yet for class: org.codehaus.groovy.ast.expr.EmptyExpression>: null

29-01-2025T03:28:01 - [TEST_STEP][PASSED] - perc = "": null

29-01-2025T03:28:01 - [TEST_STEP][PASSED] - a1 = <not implemented yet for class: org.codehaus.groovy.ast.expr.EmptyExpression>: null

29-01-2025T03:28:01 - [TEST_STEP][PASSED] - a2 = <not implemented yet for class: org.codehaus.groovy.ast.expr.EmptyExpression>: null

29-01-2025T03:28:01 - [TEST_STEP][PASSED] - a30 = <not implemented yet for class: org.codehaus.groovy.ast.expr.EmptyExpression>: null

29-01-2025T03:28:01 - [TEST_STEP][PASSED] - a31 = <not implemented yet for class: org.codehaus.groovy.ast.expr.EmptyExpression>: null

29-01-2025T03:28:01 - [TEST_STEP][PASSED] - a32 = <not implemented yet for class: org.codehaus.groovy.ast.expr.EmptyExpression>: null

29-01-2025T03:28:01 - [TEST_STEP][PASSED] - a33 = <not implemented yet for class: org.codehaus.groovy.ast.expr.EmptyExpression>: null

29-01-2025T03:28:01 - [TEST_STEP][PASSED] - a34 = <not implemented yet for class: org.codehaus.groovy.ast.expr.EmptyExpression>: null

29-01-2025T03:28:01 - [TEST_STEP][PASSED] - a35 = <not implemented yet for class: org.codehaus.groovy.ast.expr.EmptyExpression>: null

29-01-2025T03:28:01 - [TEST_STEP][PASSED] - a36 = <not implemented yet for class: org.codehaus.groovy.ast.expr.EmptyExpression>: null

29-01-2025T03:28:01 - [TEST_STEP][PASSED] - a37 = <not implemented yet for class: org.codehaus.groovy.ast.expr.EmptyExpression>: null

29-01-2025T03:28:01 - [TEST_STEP][PASSED] - a38 = <not implemented yet for class: org.codehaus.groovy.ast.expr.EmptyExpression>: null

29-01-2025T03:28:01 - [TEST_STEP][PASSED] - a39 = <not implemented yet for class: org.codehaus.groovy.ast.expr.EmptyExpression>: null

29-01-2025T03:28:01 - [TEST_STEP][PASSED] - a310 = <not implemented yet for class: org.codehaus.groovy.ast.expr.EmptyExpression>: null

29-01-2025T03:28:01 - [TEST_STEP][PASSED] - a311 = <not implemented yet for class: org.codehaus.groovy.ast.expr.EmptyExpression>: null

29-01-2025T03:28:01 - [TEST_STEP][PASSED] - a312 = <not implemented yet for class: org.codehaus.groovy.ast.expr.EmptyExpression>: null

29-01-2025T03:28:01 - [TEST_STEP][PASSED] - a313 = <not implemented yet for class: org.codehaus.groovy.ast.expr.EmptyExpression>: null

29-01-2025T03:28:01 - [TEST_STEP][PASSED] - a314 = <not implemented yet for class: org.codehaus.groovy.ast.expr.EmptyExpression>: null

29-01-2025T03:28:01 - [TEST_STEP][PASSED] - a315 = <not implemented yet for class: org.codehaus.groovy.ast.expr.EmptyExpression>: null

29-01-2025T03:28:01 - [TEST_STEP][PASSED] - a316 = <not implemented yet for class: org.codehaus.groovy.ast.expr.EmptyExpression>: null

29-01-2025T03:28:01 - [TEST_STEP][PASSED] - a317 = <not implemented yet for class: org.codehaus.groovy.ast.expr.EmptyExpression>: null

29-01-2025T03:28:01 - [TEST_STEP][PASSED] - b1 = <not implemented yet for class: org.codehaus.groovy.ast.expr.EmptyExpression>: null

29-01-2025T03:28:01 - [TEST_STEP][PASSED] - b2 = <not implemented yet for class: org.codehaus.groovy.ast.expr.EmptyExpression>: null

29-01-2025T03:28:01 - [TEST_STEP][PASSED] - b30 = <not implemented yet for class: org.codehaus.groovy.ast.expr.EmptyExpression>: null

29-01-2025T03:28:01 - [TEST_STEP][PASSED] - b31 = <not implemented yet for class: org.codehaus.groovy.ast.expr.EmptyExpression>: null

29-01-2025T03:28:01 - [TEST_STEP][PASSED] - b32 = <not implemented yet for class: org.codehaus.groovy.ast.expr.EmptyExpression>: null

29-01-2025T03:28:01 - [TEST_STEP][PASSED] - b33 = <not implemented yet for class: org.codehaus.groovy.ast.expr.EmptyExpression>: null

29-01-2025T03:28:01 - [TEST_STEP][PASSED] - b34 = <not implemented yet for class: org.codehaus.groovy.ast.expr.EmptyExpression>: null

29-01-2025T03:28:01 - [TEST_STEP][PASSED] - b35 = <not implemented yet for class: org.codehaus.groovy.ast.expr.EmptyExpression>: null

29-01-2025T03:28:01 - [TEST_STEP][PASSED] - b36 = <not implemented yet for class: org.codehaus.groovy.ast.expr.EmptyExpression>: null

29-01-2025T03:28:01 - [TEST_STEP][PASSED] - b37 = <not implemented yet for class: org.codehaus.groovy.ast.expr.EmptyExpression>: null

29-01-2025T03:28:01 - [TEST_STEP][PASSED] - b38 = <not implemented yet for class: org.codehaus.groovy.ast.expr.EmptyExpression>: null

29-01-2025T03:28:01 - [TEST_STEP][PASSED] - b39 = <not implemented yet for class: org.codehaus.groovy.ast.expr.EmptyExpression>: null

29-01-2025T03:28:01 - [TEST_STEP][PASSED] - b310 = <not implemented yet for class: org.codehaus.groovy.ast.expr.EmptyExpression>: null

29-01-2025T03:28:01 - [TEST_STEP][PASSED] - b311 = <not implemented yet for class: org.codehaus.groovy.ast.expr.EmptyExpression>: null

29-01-2025T03:28:01 - [TEST_STEP][PASSED] - b312 = <not implemented yet for class: org.codehaus.groovy.ast.expr.EmptyExpression>: null

29-01-2025T03:28:01 - [TEST_STEP][PASSED] - b313 = <not implemented yet for class: org.codehaus.groovy.ast.expr.EmptyExpression>: null

29-01-2025T03:28:01 - [TEST_STEP][PASSED] - b314 = <not implemented yet for class: org.codehaus.groovy.ast.expr.EmptyExpression>: null

29-01-2025T03:28:01 - [TEST_STEP][PASSED] - b315 = <not implemented yet for class: org.codehaus.groovy.ast.expr.EmptyExpression>: null

29-01-2025T03:28:01 - [TEST_STEP][PASSED] - b316 = <not implemented yet for class: org.codehaus.groovy.ast.expr.EmptyExpression>: null

29-01-2025T03:28:01 - [TEST_STEP][PASSED] - b317 = <not implemented yet for class: org.codehaus.groovy.ast.expr.EmptyExpression>: null

29-01-2025T03:28:01 - [TEST_STEP][PASSED] - block = 1: null

29-01-2025T03:28:01 - [TEST_STEP][PASSED] - nameOfBlock = "": null

29-01-2025T03:28:01 - [TEST_STEP][PASSED] - Script1710234207206.PreSettings(run, vir, block, nameOfBlock, typeOfData, todaysDate): null

29-01-2025T03:28:01 - [TEST_STEP][PASSED] - openBrowser(""): Browser is opened with url: ''

29-01-2025T03:28:01 - [MESSAGE][INFO] - Starting 'Chrome' driver

29-01-2025T03:28:01 - [MESSAGE][INFO] - Action delay is set to 0 milliseconds

29-01-2025T03:28:02 - [MESSAGE][PASSED] - Browser is opened with url: ''

29-01-2025T03:28:02 - [TEST_STEP][PASSED] - refresh(): Refresh successfully

29-01-2025T03:28:02 - [MESSAGE][PASSED] - Refresh successfully

29-01-2025T03:28:02 - [TEST_STEP][PASSED] - delay(50): Delayed 50 second(s)

29-01-2025T03:28:52 - [MESSAGE][PASSED] - Delayed 50 second(s)

29-01-2025T03:28:52 - [TEST_STEP][PASSED] - println("run:" + run): null

29-01-2025T03:28:52 - [TEST_STEP][PASSED] - println("vir:" + vir): null

29-01-2025T03:28:52 - [TEST_STEP][PASSED] - println("block:" + block): null

29-01-2025T03:28:52 - [TEST_STEP][PASSED] - if (block == 1): null

29-01-2025T03:28:52 - [TEST_STEP][PASSED] - nameOfBlock = "": null

29-01-2025T03:28:52 - [TEST_STEP][PASSED] - println("nameOfBlock:" + nameOfBlock): null

29-01-2025T03:28:52 - [TEST_STEP][PASSED] - println("typeOfData:" + typeOfData): null

29-01-2025T03:28:52 - [TEST_STEP][PASSED] - println("todaysDate:" + todaysDate): null

29-01-2025T03:28:52 - [TEST_STEP][PASSED] - Script1710234207206.Autorization(block, nameOfBlock): null

29-01-2025T03:28:52 - [TEST_STEP][PASSED] - i = <not implemented yet for class: org.codehaus.groovy.ast.expr.EmptyExpression>: null

29-01-2025T03:28:52 - [TEST_STEP][PASSED] - ii = <not implemented yet for class: org.codehaus.groovy.ast.expr.EmptyExpression>: null

29-01-2025T03:28:52 - [TEST_STEP][PASSED] - urlData = <not implemented yet for class: org.codehaus.groovy.ast.expr.EmptyExpression>: null

29-01-2025T03:28:52 - [TEST_STEP][PASSED] - searchWord = <not implemented yet for class: org.codehaus.groovy.ast.expr.EmptyExpression>: null

29-01-2025T03:28:52 - [TEST_STEP][PASSED] - urlText = <not implemented yet for class: org.codehaus.groovy.ast.expr.EmptyExpression>: null

29-01-2025T03:28:52 - [TEST_STEP][PASSED] - println("block:" + block): null

29-01-2025T03:28:52 - [TEST_STEP][PASSED] - if (block == 1): null

29-01-2025T03:28:52 - [TEST_STEP][PASSED] - nameOfBlock = "": null

29-01-2025T03:28:52 - [TEST_STEP][PASSED] - println("nameOfBlock:" + nameOfBlock): null

29-01-2025T03:28:52 - [TEST_STEP][PASSED] - if (block == 1): Delayed 45 second(s)

29-01-2025T03:28:52 - [TEST_STEP][PASSED] - urlData = 2: null

29-01-2025T03:28:52 - [TEST_STEP][PASSED] - delay(45): Delayed 45 second(s)

29-01-2025T03:29:37 - [MESSAGE][PASSED] - Delayed 45 second(s)

29-01-2025T03:29:37 - [TEST_STEP][PASSED] - navigateToUrl(findTestData("PlanFact").getValue(10, urlData)): Navigate to 'https://bi.rosseti.digital/viewer?dashboardGuid=2301950b23be4ed89c1df75f2020051e&sheetGuid=b723206f698544fb87299f3095c00435&fit=true' successfully

29-01-2025T03:29:40 - [MESSAGE][PASSED] - Navigate to 'https://bi.rosseti.digital/viewer?dashboardGuid=2301950b23be4ed89c1df75f2020051e&sheetGuid=b723206f698544fb87299f3095c00435&fit=true' successfully

29-01-2025T03:29:40 - [TEST_STEP][PASSED] - urlText = getText(findTestObject("Страница авторизации/Text")): Text of object 'Object Repository/Страница авторизации/Text' is: 'Вход'

29-01-2025T03:29:42 - [MESSAGE][PASSED] - Text of object 'Object Repository/Страница авторизации/Text' is: 'Вход'

29-01-2025T03:29:42 - [TEST_STEP][PASSED] - searchWord = "Вход": null

29-01-2025T03:29:42 - [TEST_STEP][PASSED] - if (urlText == null || urlText.contains("ошибка") || urlText.contains(searchWord) == false): null

29-01-2025T03:29:42 - [TEST_STEP][PASSED] - if (verifyElementPresent(findTestObject("Страница авторизации/button_"), 30) == true): null

29-01-2025T03:29:43 - [MESSAGE][PASSED] - Object 'Object Repository/Страница авторизации/button_' is present

29-01-2025T03:29:43 - [TEST_STEP][PASSED] - setText(findTestObject("Страница авторизации/input__username"), findTestData("PlanFact").getValue(8, 1)): Text 'liazgina-di' is set on object 'Object Repository/Страница авторизации/input__username'

29-01-2025T03:29:43 - [MESSAGE][PASSED] - Text 'liazgina-di' is set on object 'Object Repository/Страница авторизации/input__username'

29-01-2025T03:29:43 - [TEST_STEP][PASSED] - setText(findTestObject("Страница авторизации/input__password"), findTestData("PlanFact").getValue(9, 1)): Text ')$%5srZ8o688Dm#q' is set on object 'Object Repository/Страница авторизации/input__password'

29-01-2025T03:29:44 - [MESSAGE][PASSED] - Text ')$%5srZ8o688Dm#q' is set on object 'Object Repository/Страница авторизации/input__password'

29-01-2025T03:29:44 - [TEST_STEP][PASSED] - click(findTestObject("Страница авторизации/button_")): Object: 'Object Repository/Страница авторизации/button_' is clicked on

29-01-2025T03:29:45 - [MESSAGE][PASSED] - Object: 'Object Repository/Страница авторизации/button_' is clicked on

29-01-2025T03:29:45 - [TEST_STEP][PASSED] - delay(45): Delayed 45 second(s)

29-01-2025T03:30:31 - [MESSAGE][PASSED] - Delayed 45 second(s)

29-01-2025T03:30:31 - [TEST_STEP][PASSED] - urlText = getText(findTestObject("Страница авторизации/Text")): Text of object 'Object Repository/Страница авторизации/Text' is: 'Период
2024 год
Выручка
Все
Выполнение плановых показателей по ПАО Россети за 2024 год
План
Факт
Динамика
2024 год
0 млн.руб.
200 000 млн.руб.
400 000 млн.руб.
600 000 млн.руб.
800 000 млн.руб.
1 000 000 млн.руб.
1 200 000 млн.руб.
1 400 000 млн.руб.
1 600 000 млн.руб.
1 800 000 млн.руб.
1 449 221
1 456 358
↑
ДЗО 
ПАО Россети
Внутренний оборот - выручка за услуги по передаче электрической энергии, учтенная в выручке за электроэнергию для конечных потребителей, при выполнении ДЗО функций гарантирующего поставщика
Подписи данных
⬤Отклонение
АО «Тываэнерго»
АО «Чеченэнерго»
Россети Волга
Россети Кубань
Россети Ленэнерго (ГК)
Россети Московский регион
Россети Северный Кавказ (ГК)
Россети Северо-Запад
Россети Сибирь (ГК)
Россети Томск
Россети Тюмень
Россети Урал (ГК)
Россети ФСК ЕЭС
Россети Центр
Россети Центр и Приволжье (ГК)
Россети Юг (ГК)
Россети Янтарь
-25 000млн.руб.
-20 000млн.руб.
-15 000млн.руб.
-10 000млн.руб.
-5 000млн.руб.
0млн.руб.
5 000млн.руб.
10 000млн.руб.
15 …
433
145
175
5 315
5 768
8 943
951
696
2 625
198
-7 329
1 914
-23 145
3 692
5 160
1 206
390
млн.
%
Выручка
Отклонение выручки по ПАО Россети за 2024 год (факт/план, млн. руб)
ПАО Россети
7 136.5 млн.руб.
 '

29-01-2025T03:30:56 - [MESSAGE][PASSED] - Text of object 'Object Repository/Страница авторизации/Text' is: 'Период
2024 год
Выручка
Все
Выполнение плановых показателей по ПАО Россети за 2024 год
План
Факт
Динамика
2024 год
0 млн.руб.
200 000 млн.руб.
400 000 млн.руб.
600 000 млн.руб.
800 000 млн.руб.
1 000 000 млн.руб.
1 200 000 млн.руб.
1 400 000 млн.руб.
1 600 000 млн.руб.
1 800 000 млн.руб.
1 449 221
1 456 358
↑
ДЗО 
ПАО Россети
Внутренний оборот - выручка за услуги по передаче электрической энергии, учтенная в выручке за электроэнергию для конечных потребителей, при выполнении ДЗО функций гарантирующего поставщика
Подписи данных
⬤Отклонение
АО «Тываэнерго»
АО «Чеченэнерго»
Россети Волга
Россети Кубань
Россети Ленэнерго (ГК)
Россети Московский регион
Россети Северный Кавказ (ГК)
Россети Северо-Запад
Россети Сибирь (ГК)
Россети Томск
Россети Тюмень
Россети Урал (ГК)
Россети ФСК ЕЭС
Россети Центр
Россети Центр и Приволжье (ГК)
Россети Юг (ГК)
Россети Янтарь
-25 000млн.руб.
-20 000млн.руб.
-15 000млн.руб.
-10 000млн.руб.
-5 000млн.руб.
0млн.руб.
5 000млн.руб.
10 000млн.руб.
15 …
433
145
175
5 315
5 768
8 943
951
696
2 625
198
-7 329
1 914
-23 145
3 692
5 160
1 206
390
млн.
%
Выручка
Отклонение выручки по ПАО Россети за 2024 год (факт/план, млн. руб)
ПАО Россети
7 136.5 млн.руб.
 '

29-01-2025T03:30:56 - [TEST_STEP][PASSED] - searchWord = "а": null

29-01-2025T03:30:56 - [TEST_STEP][PASSED] - if (urlText.contains("ошибка") || urlText.contains(searchWord) == false): null

29-01-2025T03:30:56 - [TEST_STEP][PASSED] - delay(45): Delayed 45 second(s)

29-01-2025T03:31:41 - [MESSAGE][PASSED] - Delayed 45 second(s)

29-01-2025T03:31:41 - [TEST_STEP][PASSED] - if (block == 2): null

29-01-2025T03:31:41 - [TEST_STEP][PASSED] - click(findTestObject("Выручка в рублях/Фильтр Период" + nameOfBlock)): Object: 'Object Repository/Выручка в рублях/Фильтр Период' is clicked on

29-01-2025T03:31:41 - [MESSAGE][PASSED] - Object: 'Object Repository/Выручка в рублях/Фильтр Период' is clicked on

29-01-2025T03:31:41 - [TEST_STEP][PASSED] - click(findTestObject("Выручка в рублях/Снять выделение в фильтре Дата" + nameOfBlock)): Object: 'Object Repository/Выручка в рублях/Снять выделение в фильтре Дата' is clicked on

29-01-2025T03:31:42 - [MESSAGE][PASSED] - Object: 'Object Repository/Выручка в рублях/Снять выделение в фильтре Дата' is clicked on

29-01-2025T03:31:42 - [TEST_STEP][PASSED] - click(findTestObject("Выручка в рублях/Применить в фильтре Дата" + nameOfBlock)): Object: 'Object Repository/Выручка в рублях/Применить в фильтре Дата' is clicked on

29-01-2025T03:31:42 - [MESSAGE][PASSED] - Object: 'Object Repository/Выручка в рублях/Применить в фильтре Дата' is clicked on

29-01-2025T03:31:42 - [TEST_STEP][PASSED] - delay(50): Delayed 50 second(s)

29-01-2025T03:32:32 - [MESSAGE][PASSED] - Delayed 50 second(s)

29-01-2025T03:32:32 - [TEST_STEP][PASSED] - click(findTestObject("Выручка в рублях/Фильтр Период" + nameOfBlock)): Object: 'Object Repository/Выручка в рублях/Фильтр Период' is clicked on

29-01-2025T03:32:33 - [MESSAGE][PASSED] - Object: 'Object Repository/Выручка в рублях/Фильтр Период' is clicked on

29-01-2025T03:32:33 - [TEST_STEP][PASSED] - click(findTestObject("Выручка в рублях/Снять выделение в фильтре Дата" + nameOfBlock)): Object: 'Object Repository/Выручка в рублях/Снять выделение в фильтре Дата' is clicked on

29-01-2025T03:32:33 - [MESSAGE][PASSED] - Object: 'Object Repository/Выручка в рублях/Снять выделение в фильтре Дата' is clicked on

29-01-2025T03:32:33 - [TEST_STEP][PASSED] - scrollToElement(findTestObject("Выручка в рублях/2024 список" + nameOfBlock), 30): Scroll to object 'Object Repository/Выручка в рублях/2024 список' successfully

29-01-2025T03:32:33 - [MESSAGE][PASSED] - Scroll to object 'Object Repository/Выручка в рублях/2024 список' successfully

29-01-2025T03:32:33 - [TEST_STEP][PASSED] - click(findTestObject("Выручка в рублях/2024 год" + nameOfBlock)): Object: 'Object Repository/Выручка в рублях/2024 год' is clicked on

29-01-2025T03:32:34 - [MESSAGE][PASSED] - Object: 'Object Repository/Выручка в рублях/2024 год' is clicked on

29-01-2025T03:32:34 - [TEST_STEP][PASSED] - scrollToElement(findTestObject("Выручка в рублях/Заголовок дашборда" + nameOfBlock), 30): Scroll to object 'Object Repository/Выручка в рублях/Заголовок дашборда' successfully

29-01-2025T03:32:34 - [MESSAGE][PASSED] - Scroll to object 'Object Repository/Выручка в рублях/Заголовок дашборда' successfully

29-01-2025T03:32:34 - [TEST_STEP][PASSED] - click(findTestObject("Выручка в рублях/Применить в фильтре Дата" + nameOfBlock)): Object: 'Object Repository/Выручка в рублях/Применить в фильтре Дата' is clicked on

29-01-2025T03:32:35 - [MESSAGE][PASSED] - Object: 'Object Repository/Выручка в рублях/Применить в фильтре Дата' is clicked on

29-01-2025T03:32:35 - [TEST_STEP][PASSED] - delay(55): Delayed 55 second(s)

29-01-2025T03:33:30 - [MESSAGE][PASSED] - Delayed 55 second(s)

29-01-2025T03:33:30 - [TEST_STEP][PASSED] - click(findTestObject("Выручка в рублях/Фильтр ДЗО" + nameOfBlock)): Object: 'Object Repository/Выручка в рублях/Фильтр ДЗО' is clicked on

29-01-2025T03:33:30 - [MESSAGE][PASSED] - Object: 'Object Repository/Выручка в рублях/Фильтр ДЗО' is clicked on

29-01-2025T03:33:30 - [TEST_STEP][PASSED] - click(findTestObject("Выручка в рублях/Снять выделение в фильтре ДЗО" + nameOfBlock)): Object: 'Object Repository/Выручка в рублях/Снять выделение в фильтре ДЗО' is clicked on

29-01-2025T03:33:31 - [MESSAGE][PASSED] - Object: 'Object Repository/Выручка в рублях/Снять выделение в фильтре ДЗО' is clicked on

29-01-2025T03:33:31 - [TEST_STEP][PASSED] - click(findTestObject("Выручка в рублях/Применить в фильтре ДЗО" + nameOfBlock)): Object: 'Object Repository/Выручка в рублях/Применить в фильтре ДЗО' is clicked on

29-01-2025T03:33:31 - [MESSAGE][PASSED] - Object: 'Object Repository/Выручка в рублях/Применить в фильтре ДЗО' is clicked on

29-01-2025T03:33:31 - [TEST_STEP][PASSED] - delay(50): Delayed 50 second(s)

29-01-2025T03:34:21 - [MESSAGE][PASSED] - Delayed 50 second(s)

29-01-2025T03:34:21 - [TEST_STEP][PASSED] - Script1710234207206.Tumbler(run, vir, block, nameOfBlock): null

29-01-2025T03:34:21 - [TEST_STEP][PASSED] - println("run:" + run): null

29-01-2025T03:34:21 - [TEST_STEP][PASSED] - println("vir:" + vir): null

29-01-2025T03:34:21 - [TEST_STEP][PASSED] - println("block:" + block): null

29-01-2025T03:34:21 - [TEST_STEP][PASSED] - println("nameOfBlock:" + nameOfBlock): null

29-01-2025T03:34:21 - [TEST_STEP][PASSED] - if (vir == 1): Object: 'Object Repository/Выручка в рублях/Переключить отображение с млн на проценты Выручка в рублях' is clicked on

29-01-2025T03:34:21 - [TEST_STEP][PASSED] - if (run == 2): Object: 'Object Repository/Выручка в рублях/Переключить отображение с млн на проценты Выручка в рублях' is clicked on

29-01-2025T03:34:21 - [TEST_STEP][PASSED] - click(findTestObject("Выручка в рублях/Переключить отображение с млн на проценты Выручка в рублях" + nameOfBlock)): Object: 'Object Repository/Выручка в рублях/Переключить отображение с млн на проценты Выручка в рублях' is clicked on

29-01-2025T03:34:22 - [MESSAGE][PASSED] - Object: 'Object Repository/Выручка в рублях/Переключить отображение с млн на проценты Выручка в рублях' is clicked on

29-01-2025T03:34:22 - [TEST_STEP][PASSED] - click(findTestObject("Выручка в рублях/Фильтр ДЗО" + nameOfBlock)): Object: 'Object Repository/Выручка в рублях/Фильтр ДЗО' is clicked on

29-01-2025T03:34:22 - [MESSAGE][PASSED] - Object: 'Object Repository/Выручка в рублях/Фильтр ДЗО' is clicked on

29-01-2025T03:34:22 - [TEST_STEP][PASSED] - Script1710234207206.Rosseti(nameOfBlock): null

29-01-2025T03:34:22 - [TEST_STEP][PASSED] - println("nameOfBlock:" + nameOfBlock): null

29-01-2025T03:34:22 - [TEST_STEP][PASSED] - click(findTestObject("Выручка в рублях/ПАО Россети" + nameOfBlock)): Object: 'Object Repository/Выручка в рублях/ПАО Россети' is clicked on

29-01-2025T03:34:22 - [MESSAGE][PASSED] - Object: 'Object Repository/Выручка в рублях/ПАО Россети' is clicked on

29-01-2025T03:34:22 - [TEST_STEP][PASSED] - click(findTestObject("Выручка в рублях/Применить в фильтре ДЗО" + nameOfBlock)): Object: 'Object Repository/Выручка в рублях/Применить в фильтре ДЗО' is clicked on

29-01-2025T03:34:23 - [MESSAGE][PASSED] - Object: 'Object Repository/Выручка в рублях/Применить в фильтре ДЗО' is clicked on

29-01-2025T03:34:23 - [TEST_STEP][PASSED] - if (run == 2): null

29-01-2025T03:34:23 - [TEST_STEP][PASSED] - perc = " Perc": null

29-01-2025T03:34:23 - [TEST_STEP][PASSED] - if (vir == 1 || vir == 2): Text of object 'Object Repository/Выручка в рублях/График План' is: '1 449 221'

29-01-2025T03:34:23 - [TEST_STEP][PASSED] - a1 = getText(findTestObject("Выручка в рублях/График План")): Text of object 'Object Repository/Выручка в рублях/График План' is: '1 449 221'

29-01-2025T03:34:25 - [MESSAGE][PASSED] - Text of object 'Object Repository/Выручка в рублях/График План' is: '1 449 221'

29-01-2025T03:34:25 - [TEST_STEP][PASSED] - if (vir == 1 || vir == 2): Text of object 'Object Repository/Выручка в рублях/График Факт' is: '1 456 358'

29-01-2025T03:34:25 - [TEST_STEP][PASSED] - a2 = getText(findTestObject("Выручка в рублях/График Факт")): Text of object 'Object Repository/Выручка в рублях/График Факт' is: '1 456 358'

29-01-2025T03:34:25 - [MESSAGE][PASSED] - Text of object 'Object Repository/Выручка в рублях/График Факт' is: '1 456 358'

29-01-2025T03:34:25 - [TEST_STEP][PASSED] - a30 = getText(findTestObject("Выручка в рублях/span1" + perc)): Text of object 'Object Repository/Выручка в рублях/span1 Perc' is: '-86.83 %'

29-01-2025T03:34:25 - [MESSAGE][PASSED] - Text of object 'Object Repository/Выручка в рублях/span1 Perc' is: '-86.83 %'

29-01-2025T03:34:25 - [TEST_STEP][PASSED] - i = a30.indexOf("млн.руб."): null

29-01-2025T03:34:25 - [TEST_STEP][PASSED] - if (i > -1): null

29-01-2025T03:34:25 - [TEST_STEP][PASSED] - if (a30.contains("%")): null

29-01-2025T03:34:25 - [TEST_STEP][PASSED] - a30 = a30.replaceAll("%", ""): null

29-01-2025T03:34:25 - [TEST_STEP][PASSED] - a30 = ").trim(): null

29-01-2025T03:34:25 - [TEST_STEP][PASSED] - println("a30: " + a30): null

29-01-2025T03:34:25 - [TEST_STEP][PASSED] - if (vir == 1 || vir == 2): Text of object 'Object Repository/Выручка в рублях/span2 Perc' is: '-87.3 %'

29-01-2025T03:34:25 - [TEST_STEP][PASSED] - a31 = ").trim(): Text of object 'Object Repository/Выручка в рублях/span2 Perc' is: '-87.3 %'

29-01-2025T03:34:26 - [MESSAGE][PASSED] - Text of object 'Object Repository/Выручка в рублях/span2 Perc' is: '-87.3 %'

29-01-2025T03:34:26 - [TEST_STEP][PASSED] - if (vir == 1 || vir == 2): Text of object 'Object Repository/Выручка в рублях/span3 Perc' is: '-84.13 %'

29-01-2025T03:34:26 - [TEST_STEP][PASSED] - a32 = ").trim(): Text of object 'Object Repository/Выручка в рублях/span3 Perc' is: '-84.13 %'

29-01-2025T03:34:26 - [MESSAGE][PASSED] - Text of object 'Object Repository/Выручка в рублях/span3 Perc' is: '-84.13 %'

29-01-2025T03:34:26 - [TEST_STEP][PASSED] - if (vir == 1 || vir == 2): Text of object 'Object Repository/Выручка в рублях/span8 Perc' is: '-83.84 %'

29-01-2025T03:34:26 - [TEST_STEP][PASSED] - a33 = ").trim(): Text of object 'Object Repository/Выручка в рублях/span4 Perc' is: '-84.13 %'

29-01-2025T03:34:26 - [MESSAGE][PASSED] - Text of object 'Object Repository/Выручка в рублях/span4 Perc' is: '-84.13 %'

29-01-2025T03:34:26 - [TEST_STEP][PASSED] - a34 = ").trim(): Text of object 'Object Repository/Выручка в рублях/span5 Perc' is: '-84.31 %'

29-01-2025T03:34:26 - [MESSAGE][PASSED] - Text of object 'Object Repository/Выручка в рублях/span5 Perc' is: '-84.31 %'

29-01-2025T03:34:26 - [TEST_STEP][PASSED] - a35 = ").trim(): Text of object 'Object Repository/Выручка в рублях/span6 Perc' is: '-82.77 %'

29-01-2025T03:34:27 - [MESSAGE][PASSED] - Text of object 'Object Repository/Выручка в рублях/span6 Perc' is: '-82.77 %'

29-01-2025T03:34:27 - [TEST_STEP][PASSED] - a36 = ").trim(): Text of object 'Object Repository/Выручка в рублях/span7 Perc' is: '-89.74 %'

29-01-2025T03:34:27 - [MESSAGE][PASSED] - Text of object 'Object Repository/Выручка в рублях/span7 Perc' is: '-89.74 %'

29-01-2025T03:34:27 - [TEST_STEP][PASSED] - a37 = ").trim(): Text of object 'Object Repository/Выручка в рублях/span8 Perc' is: '-83.84 %'

29-01-2025T03:34:27 - [MESSAGE][PASSED] - Text of object 'Object Repository/Выручка в рублях/span8 Perc' is: '-83.84 %'

29-01-2025T03:34:27 - [TEST_STEP][PASSED] - if (vir == 1 || vir == 2): Text of object 'Object Repository/Выручка в рублях/span17 Perc' is: '-84.71 %'

29-01-2025T03:34:27 - [TEST_STEP][PASSED] - a38 = ").trim(): Text of object 'Object Repository/Выручка в рублях/span9 Perc' is: '-80.35 %'

29-01-2025T03:34:28 - [MESSAGE][PASSED] - Text of object 'Object Repository/Выручка в рублях/span9 Perc' is: '-80.35 %'

29-01-2025T03:34:28 - [TEST_STEP][PASSED] - a39 = ").trim(): Text of object 'Object Repository/Выручка в рублях/span10 Perc' is: '-89 %'

29-01-2025T03:34:28 - [MESSAGE][PASSED] - Text of object 'Object Repository/Выручка в рублях/span10 Perc' is: '-89 %'

29-01-2025T03:34:28 - [TEST_STEP][PASSED] - a310 = ").trim(): Text of object 'Object Repository/Выручка в рублях/span11 Perc' is: '-84.13 %'

29-01-2025T03:34:28 - [MESSAGE][PASSED] - Text of object 'Object Repository/Выручка в рублях/span11 Perc' is: '-84.13 %'

29-01-2025T03:34:28 - [TEST_STEP][PASSED] - a311 = ").trim(): Text of object 'Object Repository/Выручка в рублях/span12 Perc' is: '-86.76 %'

29-01-2025T03:34:28 - [MESSAGE][PASSED] - Text of object 'Object Repository/Выручка в рублях/span12 Perc' is: '-86.76 %'

29-01-2025T03:34:28 - [TEST_STEP][PASSED] - a312 = ").trim(): Text of object 'Object Repository/Выручка в рублях/span13 Perc' is: '-81.08 %'

29-01-2025T03:34:29 - [MESSAGE][PASSED] - Text of object 'Object Repository/Выручка в рублях/span13 Perc' is: '-81.08 %'

29-01-2025T03:34:29 - [TEST_STEP][PASSED] - a313 = ").trim(): Text of object 'Object Repository/Выручка в рублях/span14 Perc' is: '-91.14 %'

29-01-2025T03:34:29 - [MESSAGE][PASSED] - Text of object 'Object Repository/Выручка в рублях/span14 Perc' is: '-91.14 %'

29-01-2025T03:34:29 - [TEST_STEP][PASSED] - a314 = ").trim(): Text of object 'Object Repository/Выручка в рублях/span15 Perc' is: '-90.58 %'

29-01-2025T03:34:29 - [MESSAGE][PASSED] - Text of object 'Object Repository/Выручка в рублях/span15 Perc' is: '-90.58 %'

29-01-2025T03:34:29 - [TEST_STEP][PASSED] - a315 = ").trim(): Text of object 'Object Repository/Выручка в рублях/span16 Perc' is: '-83.94 %'

29-01-2025T03:34:30 - [MESSAGE][PASSED] - Text of object 'Object Repository/Выручка в рублях/span16 Perc' is: '-83.94 %'

29-01-2025T03:34:30 - [TEST_STEP][PASSED] - a316 = ").trim(): Text of object 'Object Repository/Выручка в рублях/span17 Perc' is: '-84.71 %'

29-01-2025T03:34:30 - [MESSAGE][PASSED] - Text of object 'Object Repository/Выручка в рублях/span17 Perc' is: '-84.71 %'

29-01-2025T03:34:30 - [TEST_STEP][PASSED] - if (vir == 1 || vir == 2): Text of object 'Object Repository/Выручка в рублях/span18 Perc' is: '-89.55 %'

29-01-2025T03:34:30 - [TEST_STEP][PASSED] - a317 = ").trim(): Text of object 'Object Repository/Выручка в рублях/span18 Perc' is: '-89.55 %'

29-01-2025T03:34:30 - [MESSAGE][PASSED] - Text of object 'Object Repository/Выручка в рублях/span18 Perc' is: '-89.55 %'

29-01-2025T03:34:30 - [TEST_STEP][PASSED] - block = 2: null

29-01-2025T03:34:30 - [TEST_STEP][PASSED] - nameOfBlock = " Выручка": null

29-01-2025T03:34:30 - [TEST_STEP][PASSED] - Script1710234207206.PreSettings(run, vir, block, nameOfBlock, typeOfData, todaysDate): null

29-01-2025T03:34:30 - [TEST_STEP][PASSED] - openBrowser(""): Browser is opened with url: ''

29-01-2025T03:34:30 - [MESSAGE][WARNING] - A browser is already opened. Closing browser and opening a new one

29-01-2025T03:34:31 - [MESSAGE][INFO] - Starting 'Chrome' driver

29-01-2025T03:34:31 - [MESSAGE][INFO] - Action delay is set to 0 milliseconds

29-01-2025T03:34:32 - [MESSAGE][PASSED] - Browser is opened with url: ''

29-01-2025T03:34:32 - [TEST_STEP][PASSED] - refresh(): Refresh successfully

29-01-2025T03:34:32 - [MESSAGE][PASSED] - Refresh successfully

29-01-2025T03:34:32 - [TEST_STEP][PASSED] - delay(50): Delayed 50 second(s)

29-01-2025T03:35:22 - [MESSAGE][PASSED] - Delayed 50 second(s)

29-01-2025T03:35:22 - [TEST_STEP][PASSED] - println("run:" + run): null

29-01-2025T03:35:22 - [TEST_STEP][PASSED] - println("vir:" + vir): null

29-01-2025T03:35:22 - [TEST_STEP][PASSED] - println("block:" + block): null

29-01-2025T03:35:22 - [TEST_STEP][PASSED] - if (block == 1): null

29-01-2025T03:35:22 - [TEST_STEP][PASSED] - else: null

29-01-2025T03:35:22 - [TEST_STEP][PASSED] - nameOfBlock = " Выручка": null

29-01-2025T03:35:22 - [TEST_STEP][PASSED] - println("nameOfBlock:" + nameOfBlock): null

29-01-2025T03:35:22 - [TEST_STEP][PASSED] - println("typeOfData:" + typeOfData): null

29-01-2025T03:35:22 - [TEST_STEP][PASSED] - println("todaysDate:" + todaysDate): null

29-01-2025T03:35:22 - [TEST_STEP][PASSED] - Script1710234207206.Autorization(block, nameOfBlock): null

29-01-2025T03:35:22 - [TEST_STEP][PASSED] - i = <not implemented yet for class: org.codehaus.groovy.ast.expr.EmptyExpression>: null

29-01-2025T03:35:22 - [TEST_STEP][PASSED] - ii = <not implemented yet for class: org.codehaus.groovy.ast.expr.EmptyExpression>: null

29-01-2025T03:35:22 - [TEST_STEP][PASSED] - urlData = <not implemented yet for class: org.codehaus.groovy.ast.expr.EmptyExpression>: null

29-01-2025T03:35:22 - [TEST_STEP][PASSED] - searchWord = <not implemented yet for class: org.codehaus.groovy.ast.expr.EmptyExpression>: null

29-01-2025T03:35:22 - [TEST_STEP][PASSED] - urlText = <not implemented yet for class: org.codehaus.groovy.ast.expr.EmptyExpression>: null

29-01-2025T03:35:22 - [TEST_STEP][PASSED] - println("block:" + block): null

29-01-2025T03:35:22 - [TEST_STEP][PASSED] - if (block == 1): null

29-01-2025T03:35:22 - [TEST_STEP][PASSED] - else: null

29-01-2025T03:35:22 - [TEST_STEP][PASSED] - delay(45): Delayed 45 second(s)

29-01-2025T03:36:07 - [MESSAGE][PASSED] - Delayed 45 second(s)

29-01-2025T03:36:07 - [TEST_STEP][PASSED] - nameOfBlock = " Выручка": null

29-01-2025T03:36:07 - [TEST_STEP][PASSED] - println("nameOfBlock:" + nameOfBlock): null

29-01-2025T03:36:07 - [TEST_STEP][PASSED] - if (block == 1): null

29-01-2025T03:36:07 - [TEST_STEP][PASSED] - else: Delayed 45 second(s)

29-01-2025T03:36:07 - [TEST_STEP][PASSED] - urlData = 9: null

29-01-2025T03:36:07 - [TEST_STEP][PASSED] - delay(45): Delayed 45 second(s)

29-01-2025T03:36:52 - [MESSAGE][PASSED] - Delayed 45 second(s)

29-01-2025T03:36:52 - [TEST_STEP][PASSED] - navigateToUrl(findTestData("PlanFact").getValue(10, urlData)): Navigate to 'https://bi.rosseti.digital/viewer?dashboardGuid=a1fd28b3785d443cbc4d7690a1d78e31&sheetGuid=86092a20c5984827a0c87b24cac76a50&fit=true' successfully

29-01-2025T03:36:55 - [MESSAGE][PASSED] - Navigate to 'https://bi.rosseti.digital/viewer?dashboardGuid=a1fd28b3785d443cbc4d7690a1d78e31&sheetGuid=86092a20c5984827a0c87b24cac76a50&fit=true' successfully

29-01-2025T03:36:55 - [TEST_STEP][PASSED] - urlText = getText(findTestObject("Страница авторизации/Text")): Text of object 'Object Repository/Страница авторизации/Text' is: 'Вход'

29-01-2025T03:36:57 - [MESSAGE][PASSED] - Text of object 'Object Repository/Страница авторизации/Text' is: 'Вход'

29-01-2025T03:36:57 - [TEST_STEP][PASSED] - searchWord = "Вход": null

29-01-2025T03:36:57 - [TEST_STEP][PASSED] - if (urlText == null || urlText.contains("ошибка") || urlText.contains(searchWord) == false): null

29-01-2025T03:36:57 - [TEST_STEP][PASSED] - if (verifyElementPresent(findTestObject("Страница авторизации/button_"), 30) == true): null

29-01-2025T03:36:57 - [MESSAGE][PASSED] - Object 'Object Repository/Страница авторизации/button_' is present

29-01-2025T03:36:57 - [TEST_STEP][PASSED] - setText(findTestObject("Страница авторизации/input__username"), findTestData("PlanFact").getValue(8, 1)): Text 'liazgina-di' is set on object 'Object Repository/Страница авторизации/input__username'

29-01-2025T03:36:58 - [MESSAGE][PASSED] - Text 'liazgina-di' is set on object 'Object Repository/Страница авторизации/input__username'

29-01-2025T03:36:58 - [TEST_STEP][PASSED] - setText(findTestObject("Страница авторизации/input__password"), findTestData("PlanFact").getValue(9, 1)): Text ')$%5srZ8o688Dm#q' is set on object 'Object Repository/Страница авторизации/input__password'

29-01-2025T03:36:59 - [MESSAGE][PASSED] - Text ')$%5srZ8o688Dm#q' is set on object 'Object Repository/Страница авторизации/input__password'

29-01-2025T03:36:59 - [TEST_STEP][PASSED] - click(findTestObject("Страница авторизации/button_")): Object: 'Object Repository/Страница авторизации/button_' is clicked on

29-01-2025T03:37:00 - [MESSAGE][PASSED] - Object: 'Object Repository/Страница авторизации/button_' is clicked on

29-01-2025T03:37:00 - [TEST_STEP][PASSED] - delay(45): Delayed 45 second(s)

29-01-2025T03:37:45 - [MESSAGE][PASSED] - Delayed 45 second(s)

29-01-2025T03:37:45 - [TEST_STEP][PASSED] - urlText = getText(findTestObject("Страница авторизации/Text")): Text of object 'Object Repository/Страница авторизации/Text' is: 'Период
Январь, Февраль, Март, Апрель, Май, Июнь, Июль, Август, Сентябрь, Октябрь, Ноябрь, Декабрь 2024 года
Выручка
Все
Выполнение плановых показателей по ПАО Россети за Январь, Февраль, Март, Апрель, Май, Июнь, Июль, Август, Сентябрь, Октябрь, Ноябрь, Декабрь 2024 года
План
Факт
Динамика
2024 год
0 млн.руб.
200 000 млн.руб.
400 000 млн.руб.
600 000 млн.руб.
800 000 млн.руб.
1 000 000 млн.руб.
1 200 000 млн.руб.
1 400 000 млн.руб.
1 600 000 млн.руб.
1 800 000 млн.руб.
1 449 221
1 456 358
↑
ДЗО 
Все
Подписи данных
⬤Отклонение
АО «Тываэнерго»
АО «Чеченэнерго»
Россети Волга
Россети Кубань
Россети Ленэнерго (ГК)
Россети Московский регион
Россети Северный Кавказ (ГК)
Россети Северо-Запад
Россети Сибирь (ГК)
Россети Томск
Россети Тюмень
Россети Урал (ГК)
Россети ФСК ЕЭС
Россети Центр
Россети Центр и Приволжье (ГК)
Россети Юг (ГК)
Россети Янтарь
-25 000 млн.руб.
-22 500 млн.руб.
-20 000 млн.руб.
-17 500 млн.руб.
-15 000 млн.руб.
-12 500 млн.руб.
-10 000 млн.руб.
-7 500 млн.руб.
-5 000 млн.руб.
-2 500 млн.руб.
0 млн.руб.
2 500 млн.руб.
5 000 млн.руб.
7 500 млн.руб.
10 000 млн.руб.
12 500 млн.руб.
433
145
175
5 315
5 768
8 943
951
696
2 625
198
-7 329
1 914
-23 145
3 692
5 160
1 206
390
млн.
%
Выручка
Отклонение выручки по ПАО Россети за Январь, Февраль, Март, Апрель, Май, Июнь, Июль, Август, Сентябрь, Октябрь, Ноябрь, Декабрь 2024 года (факт/план, млн. руб)
ПАО Россети
7 136.5 млн.руб.
Статус данных
×
Просьба обратить внимание
Данные занесены не полностью
ВЫБРАННЫЕ ЗНАЧЕНИЯ ФИЛЬТРОВ
ДЗО | ПЕРИОД
ПАО Россети: [«Выбраны все филиалы по всем ДЗО по всем категориям»]
2024: [«Весь год»]
*Внутренний оборот'

29-01-2025T03:37:46 - [MESSAGE][PASSED] - Text of object 'Object Repository/Страница авторизации/Text' is: 'Период
Январь, Февраль, Март, Апрель, Май, Июнь, Июль, Август, Сентябрь, Октябрь, Ноябрь, Декабрь 2024 года
Выручка
Все
Выполнение плановых показателей по ПАО Россети за Январь, Февраль, Март, Апрель, Май, Июнь, Июль, Август, Сентябрь, Октябрь, Ноябрь, Декабрь 2024 года
План
Факт
Динамика
2024 год
0 млн.руб.
200 000 млн.руб.
400 000 млн.руб.
600 000 млн.руб.
800 000 млн.руб.
1 000 000 млн.руб.
1 200 000 млн.руб.
1 400 000 млн.руб.
1 600 000 млн.руб.
1 800 000 млн.руб.
1 449 221
1 456 358
↑
ДЗО 
Все
Подписи данных
⬤Отклонение
АО «Тываэнерго»
АО «Чеченэнерго»
Россети Волга
Россети Кубань
Россети Ленэнерго (ГК)
Россети Московский регион
Россети Северный Кавказ (ГК)
Россети Северо-Запад
Россети Сибирь (ГК)
Россети Томск
Россети Тюмень
Россети Урал (ГК)
Россети ФСК ЕЭС
Россети Центр
Россети Центр и Приволжье (ГК)
Россети Юг (ГК)
Россети Янтарь
-25 000 млн.руб.
-22 500 млн.руб.
-20 000 млн.руб.
-17 500 млн.руб.
-15 000 млн.руб.
-12 500 млн.руб.
-10 000 млн.руб.
-7 500 млн.руб.
-5 000 млн.руб.
-2 500 млн.руб.
0 млн.руб.
2 500 млн.руб.
5 000 млн.руб.
7 500 млн.руб.
10 000 млн.руб.
12 500 млн.руб.
433
145
175
5 315
5 768
8 943
951
696
2 625
198
-7 329
1 914
-23 145
3 692
5 160
1 206
390
млн.
%
Выручка
Отклонение выручки по ПАО Россети за Январь, Февраль, Март, Апрель, Май, Июнь, Июль, Август, Сентябрь, Октябрь, Ноябрь, Декабрь 2024 года (факт/план, млн. руб)
ПАО Россети
7 136.5 млн.руб.
Статус данных
×
Просьба обратить внимание
Данные занесены не полностью
ВЫБРАННЫЕ ЗНАЧЕНИЯ ФИЛЬТРОВ
ДЗО | ПЕРИОД
ПАО Россети: [«Выбраны все филиалы по всем ДЗО по всем категориям»]
2024: [«Весь год»]
*Внутренний оборот'

29-01-2025T03:37:46 - [TEST_STEP][PASSED] - searchWord = "а": null

29-01-2025T03:37:46 - [TEST_STEP][PASSED] - if (urlText.contains("ошибка") || urlText.contains(searchWord) == false): null

29-01-2025T03:37:46 - [TEST_STEP][PASSED] - delay(45): Delayed 45 second(s)

29-01-2025T03:38:31 - [MESSAGE][PASSED] - Delayed 45 second(s)

29-01-2025T03:38:31 - [TEST_STEP][PASSED] - if (block == 2): Delayed 50 second(s)

29-01-2025T03:38:31 - [TEST_STEP][PASSED] - opoveshenie = getText(findTestObject("Выручка в рублях/Просьба обратить внимание")): Text of object 'Object Repository/Выручка в рублях/Просьба обратить внимание' is: 'Просьба обратить внимание'

29-01-2025T03:38:31 - [MESSAGE][PASSED] - Text of object 'Object Repository/Выручка в рублях/Просьба обратить внимание' is: 'Просьба обратить внимание'

29-01-2025T03:38:31 - [TEST_STEP][PASSED] - if (opoveshenie == "Просьба обратить внимание"): Delayed 50 second(s)

29-01-2025T03:38:31 - [TEST_STEP][PASSED] - click(findTestObject("Выручка в рублях/Закрыть оповещение")): Object: 'Object Repository/Выручка в рублях/Закрыть оповещение' is clicked on

29-01-2025T03:38:31 - [MESSAGE][PASSED] - Object: 'Object Repository/Выручка в рублях/Закрыть оповещение' is clicked on

29-01-2025T03:38:31 - [TEST_STEP][PASSED] - delay(50): Delayed 50 second(s)

29-01-2025T03:39:21 - [MESSAGE][PASSED] - Delayed 50 second(s)

29-01-2025T03:39:21 - [TEST_STEP][PASSED] - click(findTestObject("Выручка в рублях/Фильтр Период" + nameOfBlock)): Object: 'Object Repository/Выручка в рублях/Фильтр Период Выручка' is clicked on

29-01-2025T03:39:22 - [MESSAGE][PASSED] - Object: 'Object Repository/Выручка в рублях/Фильтр Период Выручка' is clicked on

29-01-2025T03:39:22 - [TEST_STEP][PASSED] - click(findTestObject("Выручка в рублях/Снять выделение в фильтре Дата" + nameOfBlock)): Object: 'Object Repository/Выручка в рублях/Снять выделение в фильтре Дата Выручка' is clicked on

29-01-2025T03:39:22 - [MESSAGE][PASSED] - Object: 'Object Repository/Выручка в рублях/Снять выделение в фильтре Дата Выручка' is clicked on

29-01-2025T03:39:22 - [TEST_STEP][PASSED] - click(findTestObject("Выручка в рублях/Применить в фильтре Дата" + nameOfBlock)): Object: 'Object Repository/Выручка в рублях/Применить в фильтре Дата Выручка' is clicked on

29-01-2025T03:39:23 - [MESSAGE][PASSED] - Object: 'Object Repository/Выручка в рублях/Применить в фильтре Дата Выручка' is clicked on

29-01-2025T03:39:23 - [TEST_STEP][PASSED] - delay(50): Delayed 50 second(s)

29-01-2025T03:40:13 - [MESSAGE][PASSED] - Delayed 50 second(s)

29-01-2025T03:40:13 - [TEST_STEP][PASSED] - click(findTestObject("Выручка в рублях/Фильтр Период" + nameOfBlock)): Object: 'Object Repository/Выручка в рублях/Фильтр Период Выручка' is clicked on

29-01-2025T03:40:13 - [MESSAGE][PASSED] - Object: 'Object Repository/Выручка в рублях/Фильтр Период Выручка' is clicked on

29-01-2025T03:40:13 - [TEST_STEP][PASSED] - click(findTestObject("Выручка в рублях/Снять выделение в фильтре Дата" + nameOfBlock)): Object: 'Object Repository/Выручка в рублях/Снять выделение в фильтре Дата Выручка' is clicked on

29-01-2025T03:40:14 - [MESSAGE][PASSED] - Object: 'Object Repository/Выручка в рублях/Снять выделение в фильтре Дата Выручка' is clicked on

29-01-2025T03:40:14 - [TEST_STEP][PASSED] - scrollToElement(findTestObject("Выручка в рублях/2024 список" + nameOfBlock), 30): Scroll to object 'Object Repository/Выручка в рублях/2024 список Выручка' successfully

29-01-2025T03:40:14 - [MESSAGE][PASSED] - Scroll to object 'Object Repository/Выручка в рублях/2024 список Выручка' successfully

29-01-2025T03:40:14 - [TEST_STEP][PASSED] - click(findTestObject("Выручка в рублях/2024 год" + nameOfBlock)): Object: 'Object Repository/Выручка в рублях/2024 год Выручка' is clicked on

29-01-2025T03:40:14 - [MESSAGE][PASSED] - Object: 'Object Repository/Выручка в рублях/2024 год Выручка' is clicked on

29-01-2025T03:40:14 - [TEST_STEP][PASSED] - scrollToElement(findTestObject("Выручка в рублях/Заголовок дашборда" + nameOfBlock), 30): Scroll to object 'Object Repository/Выручка в рублях/Заголовок дашборда Выручка' successfully

29-01-2025T03:40:15 - [MESSAGE][PASSED] - Scroll to object 'Object Repository/Выручка в рублях/Заголовок дашборда Выручка' successfully

29-01-2025T03:40:15 - [TEST_STEP][PASSED] - click(findTestObject("Выручка в рублях/Применить в фильтре Дата" + nameOfBlock)): Object: 'Object Repository/Выручка в рублях/Применить в фильтре Дата Выручка' is clicked on

29-01-2025T03:40:15 - [MESSAGE][PASSED] - Object: 'Object Repository/Выручка в рублях/Применить в фильтре Дата Выручка' is clicked on

29-01-2025T03:40:15 - [TEST_STEP][PASSED] - delay(55): Delayed 55 second(s)

29-01-2025T03:41:10 - [MESSAGE][PASSED] - Delayed 55 second(s)

29-01-2025T03:41:10 - [TEST_STEP][PASSED] - click(findTestObject("Выручка в рублях/Фильтр ДЗО" + nameOfBlock)): Object: 'Object Repository/Выручка в рублях/Фильтр ДЗО Выручка' is clicked on

29-01-2025T03:41:11 - [MESSAGE][PASSED] - Object: 'Object Repository/Выручка в рублях/Фильтр ДЗО Выручка' is clicked on

29-01-2025T03:41:11 - [TEST_STEP][PASSED] - click(findTestObject("Выручка в рублях/Снять выделение в фильтре ДЗО" + nameOfBlock)): Object: 'Object Repository/Выручка в рублях/Снять выделение в фильтре ДЗО Выручка' is clicked on

29-01-2025T03:41:11 - [MESSAGE][PASSED] - Object: 'Object Repository/Выручка в рублях/Снять выделение в фильтре ДЗО Выручка' is clicked on

29-01-2025T03:41:11 - [TEST_STEP][PASSED] - click(findTestObject("Выручка в рублях/Применить в фильтре ДЗО" + nameOfBlock)): Object: 'Object Repository/Выручка в рублях/Применить в фильтре ДЗО Выручка' is clicked on

29-01-2025T03:41:12 - [MESSAGE][PASSED] - Object: 'Object Repository/Выручка в рублях/Применить в фильтре ДЗО Выручка' is clicked on

29-01-2025T03:41:12 - [TEST_STEP][PASSED] - delay(50): Delayed 50 second(s)

29-01-2025T03:42:02 - [MESSAGE][PASSED] - Delayed 50 second(s)

29-01-2025T03:42:02 - [TEST_STEP][PASSED] - Script1710234207206.Tumbler(run, vir, block, nameOfBlock): null

29-01-2025T03:42:02 - [TEST_STEP][PASSED] - println("run:" + run): null

29-01-2025T03:42:02 - [TEST_STEP][PASSED] - println("vir:" + vir): null

29-01-2025T03:42:02 - [TEST_STEP][PASSED] - println("block:" + block): null

29-01-2025T03:42:02 - [TEST_STEP][PASSED] - println("nameOfBlock:" + nameOfBlock): null

29-01-2025T03:42:02 - [TEST_STEP][PASSED] - if (vir == 1): Object: 'Object Repository/Выручка в рублях/Переключить отображение с млн на проценты Выручка в рублях Выручка' is clicked on

29-01-2025T03:42:02 - [TEST_STEP][PASSED] - if (run == 2): Object: 'Object Repository/Выручка в рублях/Переключить отображение с млн на проценты Выручка в рублях Выручка' is clicked on

29-01-2025T03:42:02 - [TEST_STEP][PASSED] - click(findTestObject("Выручка в рублях/Переключить отображение с млн на проценты Выручка в рублях" + nameOfBlock)): Object: 'Object Repository/Выручка в рублях/Переключить отображение с млн на проценты Выручка в рублях Выручка' is clicked on

29-01-2025T03:42:02 - [MESSAGE][PASSED] - Object: 'Object Repository/Выручка в рублях/Переключить отображение с млн на проценты Выручка в рублях Выручка' is clicked on

29-01-2025T03:42:02 - [TEST_STEP][PASSED] - click(findTestObject("Выручка в рублях/Фильтр ДЗО" + nameOfBlock)): Object: 'Object Repository/Выручка в рублях/Фильтр ДЗО Выручка' is clicked on

29-01-2025T03:42:03 - [MESSAGE][PASSED] - Object: 'Object Repository/Выручка в рублях/Фильтр ДЗО Выручка' is clicked on

29-01-2025T03:42:03 - [TEST_STEP][PASSED] - Script1710234207206.Rosseti(nameOfBlock): null

29-01-2025T03:42:03 - [TEST_STEP][PASSED] - println("nameOfBlock:" + nameOfBlock): null

29-01-2025T03:42:03 - [TEST_STEP][PASSED] - click(findTestObject("Выручка в рублях/ПАО Россети" + nameOfBlock)): Object: 'Object Repository/Выручка в рублях/ПАО Россети Выручка' is clicked on

29-01-2025T03:42:03 - [MESSAGE][PASSED] - Object: 'Object Repository/Выручка в рублях/ПАО Россети Выручка' is clicked on

29-01-2025T03:42:03 - [TEST_STEP][PASSED] - click(findTestObject("Выручка в рублях/Применить в фильтре ДЗО" + nameOfBlock)): Object: 'Object Repository/Выручка в рублях/Применить в фильтре ДЗО Выручка' is clicked on

29-01-2025T03:42:04 - [MESSAGE][PASSED] - Object: 'Object Repository/Выручка в рублях/Применить в фильтре ДЗО Выручка' is clicked on

29-01-2025T03:42:04 - [TEST_STEP][PASSED] - if (vir == 1 || vir == 2): Text of object 'Object Repository/Выручка в рублях/График План Выручка' is: '1 449 221'

29-01-2025T03:42:04 - [TEST_STEP][PASSED] - b1 = getText(findTestObject("Выручка в рублях/График План Выручка")): Text of object 'Object Repository/Выручка в рублях/График План Выручка' is: '1 449 221'

29-01-2025T03:42:05 - [MESSAGE][PASSED] - Text of object 'Object Repository/Выручка в рублях/График План Выручка' is: '1 449 221'

29-01-2025T03:42:05 - [TEST_STEP][PASSED] - if (vir == 1 || vir == 2): Text of object 'Object Repository/Выручка в рублях/График Факт Выручка' is: '1 456 358'

29-01-2025T03:42:05 - [TEST_STEP][PASSED] - b2 = getText(findTestObject("Выручка в рублях/График Факт Выручка")): Text of object 'Object Repository/Выручка в рублях/График Факт Выручка' is: '1 456 358'

29-01-2025T03:42:06 - [MESSAGE][PASSED] - Text of object 'Object Repository/Выручка в рублях/График Факт Выручка' is: '1 456 358'

29-01-2025T03:42:06 - [TEST_STEP][PASSED] - b30 = getText(findTestObject("Выручка в рублях/span1" + perc)): Text of object 'Object Repository/Выручка в рублях/span1 Perc' is: '0.49 %'

29-01-2025T03:42:06 - [MESSAGE][PASSED] - Text of object 'Object Repository/Выручка в рублях/span1 Perc' is: '0.49 %'

29-01-2025T03:42:06 - [TEST_STEP][PASSED] - i = b30.indexOf("млн.руб."): null

29-01-2025T03:42:06 - [TEST_STEP][PASSED] - if (i > -1): null

29-01-2025T03:42:06 - [TEST_STEP][PASSED] - if (b30.contains("%")): null

29-01-2025T03:42:06 - [TEST_STEP][PASSED] - b30 = b30.replaceAll("%", ""): null

29-01-2025T03:42:06 - [TEST_STEP][PASSED] - b30 = ").trim(): null

29-01-2025T03:42:06 - [TEST_STEP][PASSED] - println("b30: " + b30): null

29-01-2025T03:42:06 - [TEST_STEP][PASSED] - if (vir == 1 || vir == 2): Text of object 'Object Repository/Выручка в рублях/span2 Perc' is: '22.22 %'

29-01-2025T03:42:06 - [TEST_STEP][PASSED] - b31 = ").trim(): Text of object 'Object Repository/Выручка в рублях/span2 Perc' is: '22.22 %'

29-01-2025T03:42:06 - [MESSAGE][PASSED] - Text of object 'Object Repository/Выручка в рублях/span2 Perc' is: '22.22 %'

29-01-2025T03:42:06 - [TEST_STEP][PASSED] - if (vir == 1 || vir == 2): Text of object 'Object Repository/Выручка в рублях/span3 Perc' is: '3.18 %'

29-01-2025T03:42:06 - [TEST_STEP][PASSED] - b32 = ").trim(): Text of object 'Object Repository/Выручка в рублях/span3 Perc' is: '3.18 %'

29-01-2025T03:42:07 - [MESSAGE][PASSED] - Text of object 'Object Repository/Выручка в рублях/span3 Perc' is: '3.18 %'

29-01-2025T03:42:07 - [TEST_STEP][PASSED] - if (vir == 1 || vir == 2): Text of object 'Object Repository/Выручка в рублях/span8 Perc' is: '2.97 %'

29-01-2025T03:42:07 - [TEST_STEP][PASSED] - b33 = ").trim(): Text of object 'Object Repository/Выручка в рублях/span4 Perc' is: '0.22 %'

29-01-2025T03:42:07 - [MESSAGE][PASSED] - Text of object 'Object Repository/Выручка в рублях/span4 Perc' is: '0.22 %'

29-01-2025T03:42:07 - [TEST_STEP][PASSED] - b34 = ").trim(): Text of object 'Object Repository/Выручка в рублях/span5 Perc' is: '7.1 %'

29-01-2025T03:42:07 - [MESSAGE][PASSED] - Text of object 'Object Repository/Выручка в рублях/span5 Perc' is: '7.1 %'

29-01-2025T03:42:07 - [TEST_STEP][PASSED] - b35 = ").trim(): Text of object 'Object Repository/Выручка в рублях/span6 Perc' is: '5.62 %'

29-01-2025T03:42:08 - [MESSAGE][PASSED] - Text of object 'Object Repository/Выручка в рублях/span6 Perc' is: '5.62 %'

29-01-2025T03:42:08 - [TEST_STEP][PASSED] - b36 = ").trim(): Text of object 'Object Repository/Выручка в рублях/span7 Perc' is: '4.23 %'

29-01-2025T03:42:08 - [MESSAGE][PASSED] - Text of object 'Object Repository/Выручка в рублях/span7 Perc' is: '4.23 %'

29-01-2025T03:42:08 - [TEST_STEP][PASSED] - b37 = ").trim(): Text of object 'Object Repository/Выручка в рублях/span8 Perc' is: '2.97 %'

29-01-2025T03:42:08 - [MESSAGE][PASSED] - Text of object 'Object Repository/Выручка в рублях/span8 Perc' is: '2.97 %'

29-01-2025T03:42:08 - [TEST_STEP][PASSED] - if (vir == 1 || vir == 2): Text of object 'Object Repository/Выручка в рублях/span17 Perc' is: '2.3 %'

29-01-2025T03:42:08 - [TEST_STEP][PASSED] - b38 = ").trim(): Text of object 'Object Repository/Выручка в рублях/span9 Perc' is: '1.28 %'

29-01-2025T03:42:08 - [MESSAGE][PASSED] - Text of object 'Object Repository/Выручка в рублях/span9 Perc' is: '1.28 %'

29-01-2025T03:42:08 - [TEST_STEP][PASSED] - b39 = ").trim(): Text of object 'Object Repository/Выручка в рублях/span10 Perc' is: '3.69 %'

29-01-2025T03:42:09 - [MESSAGE][PASSED] - Text of object 'Object Repository/Выручка в рублях/span10 Perc' is: '3.69 %'

29-01-2025T03:42:09 - [TEST_STEP][PASSED] - b310 = ").trim(): Text of object 'Object Repository/Выручка в рублях/span11 Perc' is: '2.05 %'

29-01-2025T03:42:09 - [MESSAGE][PASSED] - Text of object 'Object Repository/Выручка в рублях/span11 Perc' is: '2.05 %'

29-01-2025T03:42:09 - [TEST_STEP][PASSED] - b311 = ").trim(): Text of object 'Object Repository/Выручка в рублях/span12 Perc' is: '-8.66 %'

29-01-2025T03:42:09 - [MESSAGE][PASSED] - Text of object 'Object Repository/Выручка в рублях/span12 Perc' is: '-8.66 %'

29-01-2025T03:42:09 - [TEST_STEP][PASSED] - b312 = ").trim(): Text of object 'Object Repository/Выручка в рублях/span13 Perc' is: '1.8 %'

29-01-2025T03:42:10 - [MESSAGE][PASSED] - Text of object 'Object Repository/Выручка в рублях/span13 Perc' is: '1.8 %'

29-01-2025T03:42:10 - [TEST_STEP][PASSED] - b313 = ").trim(): Text of object 'Object Repository/Выручка в рублях/span14 Perc' is: '-7.48 %'

29-01-2025T03:42:10 - [MESSAGE][PASSED] - Text of object 'Object Repository/Выручка в рублях/span14 Perc' is: '-7.48 %'

29-01-2025T03:42:10 - [TEST_STEP][PASSED] - b314 = ").trim(): Text of object 'Object Repository/Выручка в рублях/span15 Perc' is: '3.13 %'

29-01-2025T03:42:10 - [MESSAGE][PASSED] - Text of object 'Object Repository/Выручка в рублях/span15 Perc' is: '3.13 %'

29-01-2025T03:42:10 - [TEST_STEP][PASSED] - b315 = ").trim(): Text of object 'Object Repository/Выручка в рублях/span16 Perc' is: '4.09 %'

29-01-2025T03:42:10 - [MESSAGE][PASSED] - Text of object 'Object Repository/Выручка в рублях/span16 Perc' is: '4.09 %'

29-01-2025T03:42:10 - [TEST_STEP][PASSED] - b316 = ").trim(): Text of object 'Object Repository/Выручка в рублях/span17 Perc' is: '2.3 %'

29-01-2025T03:42:11 - [MESSAGE][PASSED] - Text of object 'Object Repository/Выручка в рублях/span17 Perc' is: '2.3 %'

29-01-2025T03:42:11 - [TEST_STEP][PASSED] - if (vir == 1 || vir == 2): Text of object 'Object Repository/Выручка в рублях/span18 Perc' is: '3.99 %'

29-01-2025T03:42:11 - [TEST_STEP][PASSED] - b317 = ").trim(): Text of object 'Object Repository/Выручка в рублях/span18 Perc' is: '3.99 %'

29-01-2025T03:42:11 - [MESSAGE][PASSED] - Text of object 'Object Repository/Выручка в рублях/span18 Perc' is: '3.99 %'

29-01-2025T03:42:11 - [TEST_STEP][PASSED] - dZO = "ПАО Россети": null

29-01-2025T03:42:11 - [TEST_STEP][PASSED] - if (verifyEqual(a1, b1) == false): Actual object '1 449 221' and expected object '1 449 221' are equal

29-01-2025T03:42:11 - [MESSAGE][PASSED] - Actual object '1 449 221' and expected object '1 449 221' are equal

29-01-2025T03:42:11 - [TEST_STEP][PASSED] - if (verifyEqual(a2, b2) == false): Actual object '1 456 358' and expected object '1 456 358' are equal

29-01-2025T03:42:11 - [MESSAGE][PASSED] - Actual object '1 456 358' and expected object '1 456 358' are equal

29-01-2025T03:42:11 - [TEST_STEP][PASSED] - vidget = "Отклонения": null

29-01-2025T03:42:11 - [TEST_STEP][FAILED] - if (verifyEqual(a30, b30) == false): null

29-01-2025T03:42:11 - [MESSAGE][FAILED] - Unable to verify equal between actual object '-86.83' and expected object '0.49' (Root cause: com.kms.katalon.core.exception.StepFailedException: Actual object '-86.83' and expected object '0.49' are not equal
	at com.kms.katalon.core.keyword.builtin.VerifyEqualKeyword$_verifyEqual_closure1.doCall(VerifyEqualKeyword.groovy:58)
	at com.kms.katalon.core.keyword.builtin.VerifyEqualKeyword$_verifyEqual_closure1.call(VerifyEqualKeyword.groovy)
	at com.kms.katalon.core.keyword.internal.KeywordMain.runKeyword(KeywordMain.groovy:75)
	at com.kms.katalon.core.keyword.builtin.VerifyEqualKeyword.verifyEqual(VerifyEqualKeyword.groovy:63)
	at com.kms.katalon.core.keyword.builtin.VerifyEqualKeyword.execute(VerifyEqualKeyword.groovy:44)
	at com.kms.katalon.core.keyword.internal.KeywordExecutor.executeKeywordForPlatform(KeywordExecutor.groovy:74)
	at com.kms.katalon.core.keyword.BuiltinKeywords.verifyEqual(BuiltinKeywords.groovy:146)
	at jdk.internal.reflect.GeneratedMethodAccessor25.invoke(Unknown Source)
	at java.base/jdk.internal.reflect.DelegatingMethodAccessorImpl.invoke(DelegatingMethodAccessorImpl.java:43)
	at Выручка в рублях сверка дашбордов ПАО Россети.Blocks(Выручка в рублях сверка дашбордов ПАО Россети:357)
	at Выручка в рублях сверка дашбордов ПАО Россети.ViruchkaChange(Выручка в рублях сверка дашбордов ПАО Россети:60)
	at Выручка в рублях сверка дашбордов ПАО Россети.run(Выручка в рублях сверка дашбордов ПАО Россети:55)
	at com.kms.katalon.core.main.ScriptEngine.run(ScriptEngine.java:194)
	at com.kms.katalon.core.main.ScriptEngine.runScriptAsRawText(ScriptEngine.java:119)
	at com.kms.katalon.core.main.TestCaseExecutor.runScript(TestCaseExecutor.java:448)
	at com.kms.katalon.core.main.TestCaseExecutor.doExecute(TestCaseExecutor.java:439)
	at com.kms.katalon.core.main.TestCaseExecutor.processExecutionPhase(TestCaseExecutor.java:418)
	at com.kms.katalon.core.main.TestCaseExecutor.accessMainPhase(TestCaseExecutor.java:410)
	at com.kms.katalon.core.main.TestCaseExecutor.execute(TestCaseExecutor.java:285)
	at com.kms.katalon.core.common.CommonExecutor.accessTestCaseMainPhase(CommonExecutor.java:65)
	at com.kms.katalon.core.main.TestSuiteExecutor.accessTestSuiteMainPhase(TestSuiteExecutor.java:150)
	at com.kms.katalon.core.main.TestSuiteExecutor.execute(TestSuiteExecutor.java:106)
	at com.kms.katalon.core.main.TestCaseMain.startTestSuite(TestCaseMain.java:180)
	at TempTestSuite1738107421100.run(TempTestSuite1738107421100.groovy:35)
	at java.base/jdk.internal.reflect.NativeMethodAccessorImpl.invoke0(Native Method)
	at java.base/jdk.internal.reflect.NativeMethodAccessorImpl.invoke(NativeMethodAccessorImpl.java:77)
	at java.base/jdk.internal.reflect.DelegatingMethodAccessorImpl.invoke(DelegatingMethodAccessorImpl.java:43)
)

29-01-2025T03:42:11 - [TEST_STEP][PASSED] - a = replaceAll("\s+", "").toDouble(): null

29-01-2025T03:42:11 - [TEST_STEP][PASSED] - b = replaceAll("\s+", "").toDouble(): null

29-01-2025T03:42:11 - [TEST_STEP][PASSED] - Script1710234207206.WriteToExcel(todaysDate, run, vir, block, typeOfData, viruchka, vidget, nameOfBlock, a, b, dZO): null

29-01-2025T03:42:11 - [TEST_STEP][PASSED] - println(run): null

29-01-2025T03:42:11 - [TEST_STEP][PASSED] - if (run == 1): null

29-01-2025T03:42:11 - [TEST_STEP][PASSED] - else if (run == 2): null

29-01-2025T03:42:11 - [TEST_STEP][PASSED] - typeOfData = "Проценты": null

29-01-2025T03:42:11 - [TEST_STEP][PASSED] - println("todaysDate:" + todaysDate): null

29-01-2025T03:42:11 - [TEST_STEP][PASSED] - println("typeOfData:" + typeOfData): null

29-01-2025T03:42:11 - [TEST_STEP][PASSED] - viruchka = getText(findTestObject("Выручка в рублях/Фильтр Выручка" + nameOfBlock)): Text of object 'Object Repository/Выручка в рублях/Фильтр Выручка Выручка' is: 'Все'

29-01-2025T03:42:11 - [MESSAGE][PASSED] - Text of object 'Object Repository/Выручка в рублях/Фильтр Выручка Выручка' is: 'Все'

29-01-2025T03:42:11 - [TEST_STEP][PASSED] - println("viruchka" + viruchka): null

29-01-2025T03:42:11 - [TEST_STEP][PASSED] - println("vidget" + vidget): null

29-01-2025T03:42:11 - [TEST_STEP][PASSED] - println("a" + a): null

29-01-2025T03:42:11 - [TEST_STEP][PASSED] - println("b" + b): null

29-01-2025T03:42:11 - [TEST_STEP][PASSED] - sheetName = "Sheet1": null

29-01-2025T03:42:11 - [TEST_STEP][PASSED] - data = findTestData("PlanFact"): null

29-01-2025T03:42:11 - [TEST_STEP][PASSED] - n = data.getRowNumbers() + 1: null

29-01-2025T03:42:11 - [TEST_STEP][PASSED] - period = getText(findTestObject("Выручка в рублях/Фильтр Период")): Text of object 'Object Repository/Выручка в рублях/Фильтр Период' is: '2024'

29-01-2025T03:42:12 - [MESSAGE][PASSED] - Text of object 'Object Repository/Выручка в рублях/Фильтр Период' is: '2024'

29-01-2025T03:42:12 - [TEST_STEP][PASSED] - println(period): null

29-01-2025T03:42:12 - [TEST_STEP][PASSED] - dashboardName = "Выручка в рублях": null

29-01-2025T03:42:12 - [TEST_STEP][PASSED] - workbook01 = getWorkbook(excelFilePath): null

29-01-2025T03:42:12 - [TEST_STEP][PASSED] - sheet01 = getExcelSheet(workbook01, sheetName): null

29-01-2025T03:42:12 - [TEST_STEP][PASSED] - setValueToCellByIndex(sheet01, n, 0, dashboardName): null

29-01-2025T03:42:12 - [TEST_STEP][PASSED] - setValueToCellByIndex(sheet01, n, 1, dZO): null

29-01-2025T03:42:12 - [TEST_STEP][PASSED] - setValueToCellByIndex(sheet01, n, 2, vidget): null

29-01-2025T03:42:12 - [TEST_STEP][PASSED] - setValueToCellByIndex(sheet01, n, 3, viruchka): null

29-01-2025T03:42:12 - [TEST_STEP][PASSED] - setValueToCellByIndex(sheet01, n, 4, typeOfData): null

29-01-2025T03:42:12 - [TEST_STEP][PASSED] - if (a == null): null

29-01-2025T03:42:12 - [TEST_STEP][PASSED] - else: null

29-01-2025T03:42:12 - [TEST_STEP][PASSED] - setValueToCellByIndex(sheet01, n, 5, a): null

29-01-2025T03:42:12 - [TEST_STEP][PASSED] - if (b == null): null

29-01-2025T03:42:12 - [TEST_STEP][PASSED] - else: null

29-01-2025T03:42:12 - [TEST_STEP][PASSED] - setValueToCellByIndex(sheet01, n, 6, b): null

29-01-2025T03:42:12 - [TEST_STEP][PASSED] - setValueToCellByIndex(sheet01, n, 7, period): null

29-01-2025T03:42:12 - [TEST_STEP][PASSED] - setValueToCellByIndex(sheet01, n, 8, todaysDate): null

29-01-2025T03:42:12 - [TEST_STEP][PASSED] - n = n + 1: null

29-01-2025T03:42:12 - [TEST_STEP][PASSED] - saveWorkbook(excelFilePath, workbook01): null

29-01-2025T03:42:12 - [TEST_STEP][PASSED] - dZO = "АО «Тываэнерго»": null

29-01-2025T03:42:12 - [TEST_STEP][FAILED] - if (verifyEqual(a31, b31) == false): null

29-01-2025T03:42:12 - [MESSAGE][FAILED] - Unable to verify equal between actual object '-87.3' and expected object '22.22' (Root cause: com.kms.katalon.core.exception.StepFailedException: Actual object '-87.3' and expected object '22.22' are not equal
	at com.kms.katalon.core.keyword.builtin.VerifyEqualKeyword$_verifyEqual_closure1.doCall(VerifyEqualKeyword.groovy:58)
	at com.kms.katalon.core.keyword.builtin.VerifyEqualKeyword$_verifyEqual_closure1.call(VerifyEqualKeyword.groovy)
	at com.kms.katalon.core.keyword.internal.KeywordMain.runKeyword(KeywordMain.groovy:75)
	at com.kms.katalon.core.keyword.builtin.VerifyEqualKeyword.verifyEqual(VerifyEqualKeyword.groovy:63)
	at com.kms.katalon.core.keyword.builtin.VerifyEqualKeyword.execute(VerifyEqualKeyword.groovy:44)
	at com.kms.katalon.core.keyword.internal.KeywordExecutor.executeKeywordForPlatform(KeywordExecutor.groovy:74)
	at com.kms.katalon.core.keyword.BuiltinKeywords.verifyEqual(BuiltinKeywords.groovy:146)
	at jdk.internal.reflect.GeneratedMethodAccessor25.invoke(Unknown Source)
	at java.base/jdk.internal.reflect.DelegatingMethodAccessorImpl.invoke(DelegatingMethodAccessorImpl.java:43)
	at Выручка в рублях сверка дашбордов ПАО Россети.Blocks(Выручка в рублях сверка дашбордов ПАО Россети:367)
	at Выручка в рублях сверка дашбордов ПАО Россети.ViruchkaChange(Выручка в рублях сверка дашбордов ПАО Россети:60)
	at Выручка в рублях сверка дашбордов ПАО Россети.run(Выручка в рублях сверка дашбордов ПАО Россети:55)
	at com.kms.katalon.core.main.ScriptEngine.run(ScriptEngine.java:194)
	at com.kms.katalon.core.main.ScriptEngine.runScriptAsRawText(ScriptEngine.java:119)
	at com.kms.katalon.core.main.TestCaseExecutor.runScript(TestCaseExecutor.java:448)
	at com.kms.katalon.core.main.TestCaseExecutor.doExecute(TestCaseExecutor.java:439)
	at com.kms.katalon.core.main.TestCaseExecutor.processExecutionPhase(TestCaseExecutor.java:418)
	at com.kms.katalon.core.main.TestCaseExecutor.accessMainPhase(TestCaseExecutor.java:410)
	at com.kms.katalon.core.main.TestCaseExecutor.execute(TestCaseExecutor.java:285)
	at com.kms.katalon.core.common.CommonExecutor.accessTestCaseMainPhase(CommonExecutor.java:65)
	at com.kms.katalon.core.main.TestSuiteExecutor.accessTestSuiteMainPhase(TestSuiteExecutor.java:150)
	at com.kms.katalon.core.main.TestSuiteExecutor.execute(TestSuiteExecutor.java:106)
	at com.kms.katalon.core.main.TestCaseMain.startTestSuite(TestCaseMain.java:180)
	at TempTestSuite1738107421100.run(TempTestSuite1738107421100.groovy:35)
	at java.base/jdk.internal.reflect.NativeMethodAccessorImpl.invoke0(Native Method)
	at java.base/jdk.internal.reflect.NativeMethodAccessorImpl.invoke(NativeMethodAccessorImpl.java:77)
	at java.base/jdk.internal.reflect.DelegatingMethodAccessorImpl.invoke(DelegatingMethodAccessorImpl.java:43)
)

29-01-2025T03:42:12 - [TEST_STEP][PASSED] - a = replaceAll("\s+", "").toDouble(): null

29-01-2025T03:42:12 - [TEST_STEP][PASSED] - b = replaceAll("\s+", "").toDouble(): null

29-01-2025T03:42:12 - [TEST_STEP][PASSED] - Script1710234207206.WriteToExcel(todaysDate, run, vir, block, typeOfData, viruchka, vidget, nameOfBlock, a, b, dZO): null

29-01-2025T03:42:12 - [TEST_STEP][PASSED] - println(run): null

29-01-2025T03:42:12 - [TEST_STEP][PASSED] - if (run == 1): null

29-01-2025T03:42:12 - [TEST_STEP][PASSED] - else if (run == 2): null

29-01-2025T03:42:12 - [TEST_STEP][PASSED] - typeOfData = "Проценты": null

29-01-2025T03:42:12 - [TEST_STEP][PASSED] - println("todaysDate:" + todaysDate): null

29-01-2025T03:42:12 - [TEST_STEP][PASSED] - println("typeOfData:" + typeOfData): null

29-01-2025T03:42:12 - [TEST_STEP][PASSED] - viruchka = getText(findTestObject("Выручка в рублях/Фильтр Выручка" + nameOfBlock)): Text of object 'Object Repository/Выручка в рублях/Фильтр Выручка Выручка' is: 'Все'

29-01-2025T03:42:13 - [MESSAGE][PASSED] - Text of object 'Object Repository/Выручка в рублях/Фильтр Выручка Выручка' is: 'Все'

29-01-2025T03:42:13 - [TEST_STEP][PASSED] - println("viruchka" + viruchka): null

29-01-2025T03:42:13 - [TEST_STEP][PASSED] - println("vidget" + vidget): null

29-01-2025T03:42:13 - [TEST_STEP][PASSED] - println("a" + a): null

29-01-2025T03:42:13 - [TEST_STEP][PASSED] - println("b" + b): null

29-01-2025T03:42:13 - [TEST_STEP][PASSED] - sheetName = "Sheet1": null

29-01-2025T03:42:13 - [TEST_STEP][PASSED] - data = findTestData("PlanFact"): null

29-01-2025T03:42:13 - [TEST_STEP][PASSED] - n = data.getRowNumbers() + 1: null

29-01-2025T03:42:13 - [TEST_STEP][PASSED] - period = getText(findTestObject("Выручка в рублях/Фильтр Период")): Text of object 'Object Repository/Выручка в рублях/Фильтр Период' is: '2024'

29-01-2025T03:42:13 - [MESSAGE][PASSED] - Text of object 'Object Repository/Выручка в рублях/Фильтр Период' is: '2024'

29-01-2025T03:42:13 - [TEST_STEP][PASSED] - println(period): null

29-01-2025T03:42:13 - [TEST_STEP][PASSED] - dashboardName = "Выручка в рублях": null

29-01-2025T03:42:13 - [TEST_STEP][PASSED] - workbook01 = getWorkbook(excelFilePath): null

29-01-2025T03:42:13 - [TEST_STEP][PASSED] - sheet01 = getExcelSheet(workbook01, sheetName): null

29-01-2025T03:42:13 - [TEST_STEP][PASSED] - setValueToCellByIndex(sheet01, n, 0, dashboardName): null

29-01-2025T03:42:13 - [TEST_STEP][PASSED] - setValueToCellByIndex(sheet01, n, 1, dZO): null

29-01-2025T03:42:13 - [TEST_STEP][PASSED] - setValueToCellByIndex(sheet01, n, 2, vidget): null

29-01-2025T03:42:13 - [TEST_STEP][PASSED] - setValueToCellByIndex(sheet01, n, 3, viruchka): null

29-01-2025T03:42:13 - [TEST_STEP][PASSED] - setValueToCellByIndex(sheet01, n, 4, typeOfData): null

29-01-2025T03:42:13 - [TEST_STEP][PASSED] - if (a == null): null

29-01-2025T03:42:13 - [TEST_STEP][PASSED] - else: null

29-01-2025T03:42:13 - [TEST_STEP][PASSED] - setValueToCellByIndex(sheet01, n, 5, a): null

29-01-2025T03:42:13 - [TEST_STEP][PASSED] - if (b == null): null

29-01-2025T03:42:13 - [TEST_STEP][PASSED] - else: null

29-01-2025T03:42:13 - [TEST_STEP][PASSED] - setValueToCellByIndex(sheet01, n, 6, b): null

29-01-2025T03:42:13 - [TEST_STEP][PASSED] - setValueToCellByIndex(sheet01, n, 7, period): null

29-01-2025T03:42:13 - [TEST_STEP][PASSED] - setValueToCellByIndex(sheet01, n, 8, todaysDate): null

29-01-2025T03:42:13 - [TEST_STEP][PASSED] - n = n + 1: null

29-01-2025T03:42:13 - [TEST_STEP][PASSED] - saveWorkbook(excelFilePath, workbook01): null

29-01-2025T03:42:13 - [TEST_STEP][PASSED] - dZO = "АО «Чеченэнерго»": null

29-01-2025T03:42:13 - [TEST_STEP][FAILED] - if (verifyEqual(a32, b32) == false): null

29-01-2025T03:42:13 - [MESSAGE][FAILED] - Unable to verify equal between actual object '-84.13' and expected object '3.18' (Root cause: com.kms.katalon.core.exception.StepFailedException: Actual object '-84.13' and expected object '3.18' are not equal
	at com.kms.katalon.core.keyword.builtin.VerifyEqualKeyword$_verifyEqual_closure1.doCall(VerifyEqualKeyword.groovy:58)
	at com.kms.katalon.core.keyword.builtin.VerifyEqualKeyword$_verifyEqual_closure1.call(VerifyEqualKeyword.groovy)
	at com.kms.katalon.core.keyword.internal.KeywordMain.runKeyword(KeywordMain.groovy:75)
	at com.kms.katalon.core.keyword.builtin.VerifyEqualKeyword.verifyEqual(VerifyEqualKeyword.groovy:63)
	at com.kms.katalon.core.keyword.builtin.VerifyEqualKeyword.execute(VerifyEqualKeyword.groovy:44)
	at com.kms.katalon.core.keyword.internal.KeywordExecutor.executeKeywordForPlatform(KeywordExecutor.groovy:74)
	at com.kms.katalon.core.keyword.BuiltinKeywords.verifyEqual(BuiltinKeywords.groovy:146)
	at jdk.internal.reflect.GeneratedMethodAccessor25.invoke(Unknown Source)
	at java.base/jdk.internal.reflect.DelegatingMethodAccessorImpl.invoke(DelegatingMethodAccessorImpl.java:43)
	at Выручка в рублях сверка дашбордов ПАО Россети.Blocks(Выручка в рублях сверка дашбордов ПАО Россети:377)
	at Выручка в рублях сверка дашбордов ПАО Россети.ViruchkaChange(Выручка в рублях сверка дашбордов ПАО Россети:60)
	at Выручка в рублях сверка дашбордов ПАО Россети.run(Выручка в рублях сверка дашбордов ПАО Россети:55)
	at com.kms.katalon.core.main.ScriptEngine.run(ScriptEngine.java:194)
	at com.kms.katalon.core.main.ScriptEngine.runScriptAsRawText(ScriptEngine.java:119)
	at com.kms.katalon.core.main.TestCaseExecutor.runScript(TestCaseExecutor.java:448)
	at com.kms.katalon.core.main.TestCaseExecutor.doExecute(TestCaseExecutor.java:439)
	at com.kms.katalon.core.main.TestCaseExecutor.processExecutionPhase(TestCaseExecutor.java:418)
	at com.kms.katalon.core.main.TestCaseExecutor.accessMainPhase(TestCaseExecutor.java:410)
	at com.kms.katalon.core.main.TestCaseExecutor.execute(TestCaseExecutor.java:285)
	at com.kms.katalon.core.common.CommonExecutor.accessTestCaseMainPhase(CommonExecutor.java:65)
	at com.kms.katalon.core.main.TestSuiteExecutor.accessTestSuiteMainPhase(TestSuiteExecutor.java:150)
	at com.kms.katalon.core.main.TestSuiteExecutor.execute(TestSuiteExecutor.java:106)
	at com.kms.katalon.core.main.TestCaseMain.startTestSuite(TestCaseMain.java:180)
	at TempTestSuite1738107421100.run(TempTestSuite1738107421100.groovy:35)
	at java.base/jdk.internal.reflect.NativeMethodAccessorImpl.invoke0(Native Method)
	at java.base/jdk.internal.reflect.NativeMethodAccessorImpl.invoke(NativeMethodAccessorImpl.java:77)
	at java.base/jdk.internal.reflect.DelegatingMethodAccessorImpl.invoke(DelegatingMethodAccessorImpl.java:43)
)

29-01-2025T03:42:13 - [TEST_STEP][PASSED] - a = replaceAll("\s+", "").toDouble(): null

29-01-2025T03:42:13 - [TEST_STEP][PASSED] - b = replaceAll("\s+", "").toDouble(): null

29-01-2025T03:42:13 - [TEST_STEP][PASSED] - Script1710234207206.WriteToExcel(todaysDate, run, vir, block, typeOfData, viruchka, vidget, nameOfBlock, a, b, dZO): null

29-01-2025T03:42:13 - [TEST_STEP][PASSED] - println(run): null

29-01-2025T03:42:13 - [TEST_STEP][PASSED] - if (run == 1): null

29-01-2025T03:42:13 - [TEST_STEP][PASSED] - else if (run == 2): null

29-01-2025T03:42:13 - [TEST_STEP][PASSED] - typeOfData = "Проценты": null

29-01-2025T03:42:13 - [TEST_STEP][PASSED] - println("todaysDate:" + todaysDate): null

29-01-2025T03:42:13 - [TEST_STEP][PASSED] - println("typeOfData:" + typeOfData): null

29-01-2025T03:42:13 - [TEST_STEP][PASSED] - viruchka = getText(findTestObject("Выручка в рублях/Фильтр Выручка" + nameOfBlock)): Text of object 'Object Repository/Выручка в рублях/Фильтр Выручка Выручка' is: 'Все'

29-01-2025T03:42:14 - [MESSAGE][PASSED] - Text of object 'Object Repository/Выручка в рублях/Фильтр Выручка Выручка' is: 'Все'

29-01-2025T03:42:14 - [TEST_STEP][PASSED] - println("viruchka" + viruchka): null

29-01-2025T03:42:14 - [TEST_STEP][PASSED] - println("vidget" + vidget): null

29-01-2025T03:42:14 - [TEST_STEP][PASSED] - println("a" + a): null

29-01-2025T03:42:14 - [TEST_STEP][PASSED] - println("b" + b): null

29-01-2025T03:42:14 - [TEST_STEP][PASSED] - sheetName = "Sheet1": null

29-01-2025T03:42:14 - [TEST_STEP][PASSED] - data = findTestData("PlanFact"): null

29-01-2025T03:42:14 - [TEST_STEP][PASSED] - n = data.getRowNumbers() + 1: null

29-01-2025T03:42:14 - [TEST_STEP][PASSED] - period = getText(findTestObject("Выручка в рублях/Фильтр Период")): Text of object 'Object Repository/Выручка в рублях/Фильтр Период' is: '2024'

29-01-2025T03:42:14 - [MESSAGE][PASSED] - Text of object 'Object Repository/Выручка в рублях/Фильтр Период' is: '2024'

29-01-2025T03:42:14 - [TEST_STEP][PASSED] - println(period): null

29-01-2025T03:42:14 - [TEST_STEP][PASSED] - dashboardName = "Выручка в рублях": null

29-01-2025T03:42:14 - [TEST_STEP][PASSED] - workbook01 = getWorkbook(excelFilePath): null

29-01-2025T03:42:14 - [TEST_STEP][PASSED] - sheet01 = getExcelSheet(workbook01, sheetName): null

29-01-2025T03:42:14 - [TEST_STEP][PASSED] - setValueToCellByIndex(sheet01, n, 0, dashboardName): null

29-01-2025T03:42:14 - [TEST_STEP][PASSED] - setValueToCellByIndex(sheet01, n, 1, dZO): null

29-01-2025T03:42:14 - [TEST_STEP][PASSED] - setValueToCellByIndex(sheet01, n, 2, vidget): null

29-01-2025T03:42:14 - [TEST_STEP][PASSED] - setValueToCellByIndex(sheet01, n, 3, viruchka): null

29-01-2025T03:42:14 - [TEST_STEP][PASSED] - setValueToCellByIndex(sheet01, n, 4, typeOfData): null

29-01-2025T03:42:14 - [TEST_STEP][PASSED] - if (a == null): null

29-01-2025T03:42:14 - [TEST_STEP][PASSED] - else: null

29-01-2025T03:42:14 - [TEST_STEP][PASSED] - setValueToCellByIndex(sheet01, n, 5, a): null

29-01-2025T03:42:14 - [TEST_STEP][PASSED] - if (b == null): null

29-01-2025T03:42:14 - [TEST_STEP][PASSED] - else: null

29-01-2025T03:42:14 - [TEST_STEP][PASSED] - setValueToCellByIndex(sheet01, n, 6, b): null

29-01-2025T03:42:14 - [TEST_STEP][PASSED] - setValueToCellByIndex(sheet01, n, 7, period): null

29-01-2025T03:42:14 - [TEST_STEP][PASSED] - setValueToCellByIndex(sheet01, n, 8, todaysDate): null

29-01-2025T03:42:14 - [TEST_STEP][PASSED] - n = n + 1: null

29-01-2025T03:42:14 - [TEST_STEP][PASSED] - saveWorkbook(excelFilePath, workbook01): null

29-01-2025T03:42:14 - [TEST_STEP][PASSED] - dZO = "Россети Волга": null

29-01-2025T03:42:14 - [TEST_STEP][FAILED] - if (verifyEqual(a33, b33) == false): null

29-01-2025T03:42:14 - [MESSAGE][FAILED] - Unable to verify equal between actual object '-84.13' and expected object '0.22' (Root cause: com.kms.katalon.core.exception.StepFailedException: Actual object '-84.13' and expected object '0.22' are not equal
	at com.kms.katalon.core.keyword.builtin.VerifyEqualKeyword$_verifyEqual_closure1.doCall(VerifyEqualKeyword.groovy:58)
	at com.kms.katalon.core.keyword.builtin.VerifyEqualKeyword$_verifyEqual_closure1.call(VerifyEqualKeyword.groovy)
	at com.kms.katalon.core.keyword.internal.KeywordMain.runKeyword(KeywordMain.groovy:75)
	at com.kms.katalon.core.keyword.builtin.VerifyEqualKeyword.verifyEqual(VerifyEqualKeyword.groovy:63)
	at com.kms.katalon.core.keyword.builtin.VerifyEqualKeyword.execute(VerifyEqualKeyword.groovy:44)
	at com.kms.katalon.core.keyword.internal.KeywordExecutor.executeKeywordForPlatform(KeywordExecutor.groovy:74)
	at com.kms.katalon.core.keyword.BuiltinKeywords.verifyEqual(BuiltinKeywords.groovy:146)
	at jdk.internal.reflect.GeneratedMethodAccessor25.invoke(Unknown Source)
	at java.base/jdk.internal.reflect.DelegatingMethodAccessorImpl.invoke(DelegatingMethodAccessorImpl.java:43)
	at Выручка в рублях сверка дашбордов ПАО Россети.Blocks(Выручка в рублях сверка дашбордов ПАО Россети:387)
	at Выручка в рублях сверка дашбордов ПАО Россети.ViruchkaChange(Выручка в рублях сверка дашбордов ПАО Россети:60)
	at Выручка в рублях сверка дашбордов ПАО Россети.run(Выручка в рублях сверка дашбордов ПАО Россети:55)
	at com.kms.katalon.core.main.ScriptEngine.run(ScriptEngine.java:194)
	at com.kms.katalon.core.main.ScriptEngine.runScriptAsRawText(ScriptEngine.java:119)
	at com.kms.katalon.core.main.TestCaseExecutor.runScript(TestCaseExecutor.java:448)
	at com.kms.katalon.core.main.TestCaseExecutor.doExecute(TestCaseExecutor.java:439)
	at com.kms.katalon.core.main.TestCaseExecutor.processExecutionPhase(TestCaseExecutor.java:418)
	at com.kms.katalon.core.main.TestCaseExecutor.accessMainPhase(TestCaseExecutor.java:410)
	at com.kms.katalon.core.main.TestCaseExecutor.execute(TestCaseExecutor.java:285)
	at com.kms.katalon.core.common.CommonExecutor.accessTestCaseMainPhase(CommonExecutor.java:65)
	at com.kms.katalon.core.main.TestSuiteExecutor.accessTestSuiteMainPhase(TestSuiteExecutor.java:150)
	at com.kms.katalon.core.main.TestSuiteExecutor.execute(TestSuiteExecutor.java:106)
	at com.kms.katalon.core.main.TestCaseMain.startTestSuite(TestCaseMain.java:180)
	at TempTestSuite1738107421100.run(TempTestSuite1738107421100.groovy:35)
	at java.base/jdk.internal.reflect.NativeMethodAccessorImpl.invoke0(Native Method)
	at java.base/jdk.internal.reflect.NativeMethodAccessorImpl.invoke(NativeMethodAccessorImpl.java:77)
	at java.base/jdk.internal.reflect.DelegatingMethodAccessorImpl.invoke(DelegatingMethodAccessorImpl.java:43)
)

29-01-2025T03:42:14 - [TEST_STEP][PASSED] - a = replaceAll("\s+", "").toDouble(): null

29-01-2025T03:42:14 - [TEST_STEP][PASSED] - b = replaceAll("\s+", "").toDouble(): null

29-01-2025T03:42:14 - [TEST_STEP][PASSED] - Script1710234207206.WriteToExcel(todaysDate, run, vir, block, typeOfData, viruchka, vidget, nameOfBlock, a, b, dZO): null

29-01-2025T03:42:14 - [TEST_STEP][PASSED] - println(run): null

29-01-2025T03:42:14 - [TEST_STEP][PASSED] - if (run == 1): null

29-01-2025T03:42:14 - [TEST_STEP][PASSED] - else if (run == 2): null

29-01-2025T03:42:14 - [TEST_STEP][PASSED] - typeOfData = "Проценты": null

29-01-2025T03:42:14 - [TEST_STEP][PASSED] - println("todaysDate:" + todaysDate): null

29-01-2025T03:42:14 - [TEST_STEP][PASSED] - println("typeOfData:" + typeOfData): null

29-01-2025T03:42:14 - [TEST_STEP][PASSED] - viruchka = getText(findTestObject("Выручка в рублях/Фильтр Выручка" + nameOfBlock)): Text of object 'Object Repository/Выручка в рублях/Фильтр Выручка Выручка' is: 'Все'

29-01-2025T03:42:15 - [MESSAGE][PASSED] - Text of object 'Object Repository/Выручка в рублях/Фильтр Выручка Выручка' is: 'Все'

29-01-2025T03:42:15 - [TEST_STEP][PASSED] - println("viruchka" + viruchka): null

29-01-2025T03:42:15 - [TEST_STEP][PASSED] - println("vidget" + vidget): null

29-01-2025T03:42:15 - [TEST_STEP][PASSED] - println("a" + a): null

29-01-2025T03:42:15 - [TEST_STEP][PASSED] - println("b" + b): null

29-01-2025T03:42:15 - [TEST_STEP][PASSED] - sheetName = "Sheet1": null

29-01-2025T03:42:15 - [TEST_STEP][PASSED] - data = findTestData("PlanFact"): null

29-01-2025T03:42:15 - [TEST_STEP][PASSED] - n = data.getRowNumbers() + 1: null

29-01-2025T03:42:15 - [TEST_STEP][PASSED] - period = getText(findTestObject("Выручка в рублях/Фильтр Период")): Text of object 'Object Repository/Выручка в рублях/Фильтр Период' is: '2024'

29-01-2025T03:42:15 - [MESSAGE][PASSED] - Text of object 'Object Repository/Выручка в рублях/Фильтр Период' is: '2024'

29-01-2025T03:42:15 - [TEST_STEP][PASSED] - println(period): null

29-01-2025T03:42:15 - [TEST_STEP][PASSED] - dashboardName = "Выручка в рублях": null

29-01-2025T03:42:15 - [TEST_STEP][PASSED] - workbook01 = getWorkbook(excelFilePath): null

29-01-2025T03:42:15 - [TEST_STEP][PASSED] - sheet01 = getExcelSheet(workbook01, sheetName): null

29-01-2025T03:42:15 - [TEST_STEP][PASSED] - setValueToCellByIndex(sheet01, n, 0, dashboardName): null

29-01-2025T03:42:15 - [TEST_STEP][PASSED] - setValueToCellByIndex(sheet01, n, 1, dZO): null

29-01-2025T03:42:15 - [TEST_STEP][PASSED] - setValueToCellByIndex(sheet01, n, 2, vidget): null

29-01-2025T03:42:15 - [TEST_STEP][PASSED] - setValueToCellByIndex(sheet01, n, 3, viruchka): null

29-01-2025T03:42:15 - [TEST_STEP][PASSED] - setValueToCellByIndex(sheet01, n, 4, typeOfData): null

29-01-2025T03:42:15 - [TEST_STEP][PASSED] - if (a == null): null

29-01-2025T03:42:15 - [TEST_STEP][PASSED] - else: null

29-01-2025T03:42:15 - [TEST_STEP][PASSED] - setValueToCellByIndex(sheet01, n, 5, a): null

29-01-2025T03:42:15 - [TEST_STEP][PASSED] - if (b == null): null

29-01-2025T03:42:15 - [TEST_STEP][PASSED] - else: null

29-01-2025T03:42:15 - [TEST_STEP][PASSED] - setValueToCellByIndex(sheet01, n, 6, b): null

29-01-2025T03:42:15 - [TEST_STEP][PASSED] - setValueToCellByIndex(sheet01, n, 7, period): null

29-01-2025T03:42:15 - [TEST_STEP][PASSED] - setValueToCellByIndex(sheet01, n, 8, todaysDate): null

29-01-2025T03:42:15 - [TEST_STEP][PASSED] - n = n + 1: null

29-01-2025T03:42:15 - [TEST_STEP][PASSED] - saveWorkbook(excelFilePath, workbook01): null

29-01-2025T03:42:15 - [TEST_STEP][PASSED] - dZO = "Россети Кубань": null

29-01-2025T03:42:15 - [TEST_STEP][FAILED] - if (verifyEqual(a34, b34) == false): null

29-01-2025T03:42:15 - [MESSAGE][FAILED] - Unable to verify equal between actual object '-84.31' and expected object '7.1' (Root cause: com.kms.katalon.core.exception.StepFailedException: Actual object '-84.31' and expected object '7.1' are not equal
	at com.kms.katalon.core.keyword.builtin.VerifyEqualKeyword$_verifyEqual_closure1.doCall(VerifyEqualKeyword.groovy:58)
	at com.kms.katalon.core.keyword.builtin.VerifyEqualKeyword$_verifyEqual_closure1.call(VerifyEqualKeyword.groovy)
	at com.kms.katalon.core.keyword.internal.KeywordMain.runKeyword(KeywordMain.groovy:75)
	at com.kms.katalon.core.keyword.builtin.VerifyEqualKeyword.verifyEqual(VerifyEqualKeyword.groovy:63)
	at com.kms.katalon.core.keyword.builtin.VerifyEqualKeyword.execute(VerifyEqualKeyword.groovy:44)
	at com.kms.katalon.core.keyword.internal.KeywordExecutor.executeKeywordForPlatform(KeywordExecutor.groovy:74)
	at com.kms.katalon.core.keyword.BuiltinKeywords.verifyEqual(BuiltinKeywords.groovy:146)
	at jdk.internal.reflect.GeneratedMethodAccessor25.invoke(Unknown Source)
	at java.base/jdk.internal.reflect.DelegatingMethodAccessorImpl.invoke(DelegatingMethodAccessorImpl.java:43)
	at Выручка в рублях сверка дашбордов ПАО Россети.Blocks(Выручка в рублях сверка дашбордов ПАО Россети:397)
	at Выручка в рублях сверка дашбордов ПАО Россети.ViruchkaChange(Выручка в рублях сверка дашбордов ПАО Россети:60)
	at Выручка в рублях сверка дашбордов ПАО Россети.run(Выручка в рублях сверка дашбордов ПАО Россети:55)
	at com.kms.katalon.core.main.ScriptEngine.run(ScriptEngine.java:194)
	at com.kms.katalon.core.main.ScriptEngine.runScriptAsRawText(ScriptEngine.java:119)
	at com.kms.katalon.core.main.TestCaseExecutor.runScript(TestCaseExecutor.java:448)
	at com.kms.katalon.core.main.TestCaseExecutor.doExecute(TestCaseExecutor.java:439)
	at com.kms.katalon.core.main.TestCaseExecutor.processExecutionPhase(TestCaseExecutor.java:418)
	at com.kms.katalon.core.main.TestCaseExecutor.accessMainPhase(TestCaseExecutor.java:410)
	at com.kms.katalon.core.main.TestCaseExecutor.execute(TestCaseExecutor.java:285)
	at com.kms.katalon.core.common.CommonExecutor.accessTestCaseMainPhase(CommonExecutor.java:65)
	at com.kms.katalon.core.main.TestSuiteExecutor.accessTestSuiteMainPhase(TestSuiteExecutor.java:150)
	at com.kms.katalon.core.main.TestSuiteExecutor.execute(TestSuiteExecutor.java:106)
	at com.kms.katalon.core.main.TestCaseMain.startTestSuite(TestCaseMain.java:180)
	at TempTestSuite1738107421100.run(TempTestSuite1738107421100.groovy:35)
	at java.base/jdk.internal.reflect.NativeMethodAccessorImpl.invoke0(Native Method)
	at java.base/jdk.internal.reflect.NativeMethodAccessorImpl.invoke(NativeMethodAccessorImpl.java:77)
	at java.base/jdk.internal.reflect.DelegatingMethodAccessorImpl.invoke(DelegatingMethodAccessorImpl.java:43)
)

29-01-2025T03:42:15 - [TEST_STEP][PASSED] - a = replaceAll("\s+", "").toDouble(): null

29-01-2025T03:42:15 - [TEST_STEP][PASSED] - b = replaceAll("\s+", "").toDouble(): null

29-01-2025T03:42:15 - [TEST_STEP][PASSED] - Script1710234207206.WriteToExcel(todaysDate, run, vir, block, typeOfData, viruchka, vidget, nameOfBlock, a, b, dZO): null

29-01-2025T03:42:15 - [TEST_STEP][PASSED] - println(run): null

29-01-2025T03:42:15 - [TEST_STEP][PASSED] - if (run == 1): null

29-01-2025T03:42:15 - [TEST_STEP][PASSED] - else if (run == 2): null

29-01-2025T03:42:15 - [TEST_STEP][PASSED] - typeOfData = "Проценты": null

29-01-2025T03:42:15 - [TEST_STEP][PASSED] - println("todaysDate:" + todaysDate): null

29-01-2025T03:42:15 - [TEST_STEP][PASSED] - println("typeOfData:" + typeOfData): null

29-01-2025T03:42:15 - [TEST_STEP][PASSED] - viruchka = getText(findTestObject("Выручка в рублях/Фильтр Выручка" + nameOfBlock)): Text of object 'Object Repository/Выручка в рублях/Фильтр Выручка Выручка' is: 'Все'

29-01-2025T03:42:15 - [MESSAGE][PASSED] - Text of object 'Object Repository/Выручка в рублях/Фильтр Выручка Выручка' is: 'Все'

29-01-2025T03:42:15 - [TEST_STEP][PASSED] - println("viruchka" + viruchka): null

29-01-2025T03:42:15 - [TEST_STEP][PASSED] - println("vidget" + vidget): null

29-01-2025T03:42:15 - [TEST_STEP][PASSED] - println("a" + a): null

29-01-2025T03:42:15 - [TEST_STEP][PASSED] - println("b" + b): null

29-01-2025T03:42:15 - [TEST_STEP][PASSED] - sheetName = "Sheet1": null

29-01-2025T03:42:15 - [TEST_STEP][PASSED] - data = findTestData("PlanFact"): null

29-01-2025T03:42:16 - [TEST_STEP][PASSED] - n = data.getRowNumbers() + 1: null

29-01-2025T03:42:16 - [TEST_STEP][PASSED] - period = getText(findTestObject("Выручка в рублях/Фильтр Период")): Text of object 'Object Repository/Выручка в рублях/Фильтр Период' is: '2024'

29-01-2025T03:42:16 - [MESSAGE][PASSED] - Text of object 'Object Repository/Выручка в рублях/Фильтр Период' is: '2024'

29-01-2025T03:42:16 - [TEST_STEP][PASSED] - println(period): null

29-01-2025T03:42:16 - [TEST_STEP][PASSED] - dashboardName = "Выручка в рублях": null

29-01-2025T03:42:16 - [TEST_STEP][PASSED] - workbook01 = getWorkbook(excelFilePath): null

29-01-2025T03:42:16 - [TEST_STEP][PASSED] - sheet01 = getExcelSheet(workbook01, sheetName): null

29-01-2025T03:42:16 - [TEST_STEP][PASSED] - setValueToCellByIndex(sheet01, n, 0, dashboardName): null

29-01-2025T03:42:16 - [TEST_STEP][PASSED] - setValueToCellByIndex(sheet01, n, 1, dZO): null

29-01-2025T03:42:16 - [TEST_STEP][PASSED] - setValueToCellByIndex(sheet01, n, 2, vidget): null

29-01-2025T03:42:16 - [TEST_STEP][PASSED] - setValueToCellByIndex(sheet01, n, 3, viruchka): null

29-01-2025T03:42:16 - [TEST_STEP][PASSED] - setValueToCellByIndex(sheet01, n, 4, typeOfData): null

29-01-2025T03:42:16 - [TEST_STEP][PASSED] - if (a == null): null

29-01-2025T03:42:16 - [TEST_STEP][PASSED] - else: null

29-01-2025T03:42:16 - [TEST_STEP][PASSED] - setValueToCellByIndex(sheet01, n, 5, a): null

29-01-2025T03:42:16 - [TEST_STEP][PASSED] - if (b == null): null

29-01-2025T03:42:16 - [TEST_STEP][PASSED] - else: null

29-01-2025T03:42:16 - [TEST_STEP][PASSED] - setValueToCellByIndex(sheet01, n, 6, b): null

29-01-2025T03:42:16 - [TEST_STEP][PASSED] - setValueToCellByIndex(sheet01, n, 7, period): null

29-01-2025T03:42:16 - [TEST_STEP][PASSED] - setValueToCellByIndex(sheet01, n, 8, todaysDate): null

29-01-2025T03:42:16 - [TEST_STEP][PASSED] - n = n + 1: null

29-01-2025T03:42:16 - [TEST_STEP][PASSED] - saveWorkbook(excelFilePath, workbook01): null

29-01-2025T03:42:16 - [TEST_STEP][PASSED] - dZO = "Россети Ленэнерго (ГК)": null

29-01-2025T03:42:16 - [TEST_STEP][FAILED] - if (verifyEqual(a35, b35) == false): null

29-01-2025T03:42:16 - [MESSAGE][FAILED] - Unable to verify equal between actual object '-82.77' and expected object '5.62' (Root cause: com.kms.katalon.core.exception.StepFailedException: Actual object '-82.77' and expected object '5.62' are not equal
	at com.kms.katalon.core.keyword.builtin.VerifyEqualKeyword$_verifyEqual_closure1.doCall(VerifyEqualKeyword.groovy:58)
	at com.kms.katalon.core.keyword.builtin.VerifyEqualKeyword$_verifyEqual_closure1.call(VerifyEqualKeyword.groovy)
	at com.kms.katalon.core.keyword.internal.KeywordMain.runKeyword(KeywordMain.groovy:75)
	at com.kms.katalon.core.keyword.builtin.VerifyEqualKeyword.verifyEqual(VerifyEqualKeyword.groovy:63)
	at com.kms.katalon.core.keyword.builtin.VerifyEqualKeyword.execute(VerifyEqualKeyword.groovy:44)
	at com.kms.katalon.core.keyword.internal.KeywordExecutor.executeKeywordForPlatform(KeywordExecutor.groovy:74)
	at com.kms.katalon.core.keyword.BuiltinKeywords.verifyEqual(BuiltinKeywords.groovy:146)
	at jdk.internal.reflect.GeneratedMethodAccessor25.invoke(Unknown Source)
	at java.base/jdk.internal.reflect.DelegatingMethodAccessorImpl.invoke(DelegatingMethodAccessorImpl.java:43)
	at Выручка в рублях сверка дашбордов ПАО Россети.Blocks(Выручка в рублях сверка дашбордов ПАО Россети:407)
	at Выручка в рублях сверка дашбордов ПАО Россети.ViruchkaChange(Выручка в рублях сверка дашбордов ПАО Россети:60)
	at Выручка в рублях сверка дашбордов ПАО Россети.run(Выручка в рублях сверка дашбордов ПАО Россети:55)
	at com.kms.katalon.core.main.ScriptEngine.run(ScriptEngine.java:194)
	at com.kms.katalon.core.main.ScriptEngine.runScriptAsRawText(ScriptEngine.java:119)
	at com.kms.katalon.core.main.TestCaseExecutor.runScript(TestCaseExecutor.java:448)
	at com.kms.katalon.core.main.TestCaseExecutor.doExecute(TestCaseExecutor.java:439)
	at com.kms.katalon.core.main.TestCaseExecutor.processExecutionPhase(TestCaseExecutor.java:418)
	at com.kms.katalon.core.main.TestCaseExecutor.accessMainPhase(TestCaseExecutor.java:410)
	at com.kms.katalon.core.main.TestCaseExecutor.execute(TestCaseExecutor.java:285)
	at com.kms.katalon.core.common.CommonExecutor.accessTestCaseMainPhase(CommonExecutor.java:65)
	at com.kms.katalon.core.main.TestSuiteExecutor.accessTestSuiteMainPhase(TestSuiteExecutor.java:150)
	at com.kms.katalon.core.main.TestSuiteExecutor.execute(TestSuiteExecutor.java:106)
	at com.kms.katalon.core.main.TestCaseMain.startTestSuite(TestCaseMain.java:180)
	at TempTestSuite1738107421100.run(TempTestSuite1738107421100.groovy:35)
	at java.base/jdk.internal.reflect.NativeMethodAccessorImpl.invoke0(Native Method)
	at java.base/jdk.internal.reflect.NativeMethodAccessorImpl.invoke(NativeMethodAccessorImpl.java:77)
	at java.base/jdk.internal.reflect.DelegatingMethodAccessorImpl.invoke(DelegatingMethodAccessorImpl.java:43)
)

29-01-2025T03:42:16 - [TEST_STEP][PASSED] - a = replaceAll("\s+", "").toDouble(): null

29-01-2025T03:42:16 - [TEST_STEP][PASSED] - b = replaceAll("\s+", "").toDouble(): null

29-01-2025T03:42:16 - [TEST_STEP][PASSED] - Script1710234207206.WriteToExcel(todaysDate, run, vir, block, typeOfData, viruchka, vidget, nameOfBlock, a, b, dZO): null

29-01-2025T03:42:16 - [TEST_STEP][PASSED] - println(run): null

29-01-2025T03:42:16 - [TEST_STEP][PASSED] - if (run == 1): null

29-01-2025T03:42:16 - [TEST_STEP][PASSED] - else if (run == 2): null

29-01-2025T03:42:16 - [TEST_STEP][PASSED] - typeOfData = "Проценты": null

29-01-2025T03:42:16 - [TEST_STEP][PASSED] - println("todaysDate:" + todaysDate): null

29-01-2025T03:42:16 - [TEST_STEP][PASSED] - println("typeOfData:" + typeOfData): null

29-01-2025T03:42:16 - [TEST_STEP][PASSED] - viruchka = getText(findTestObject("Выручка в рублях/Фильтр Выручка" + nameOfBlock)): Text of object 'Object Repository/Выручка в рублях/Фильтр Выручка Выручка' is: 'Все'

29-01-2025T03:42:17 - [MESSAGE][PASSED] - Text of object 'Object Repository/Выручка в рублях/Фильтр Выручка Выручка' is: 'Все'

29-01-2025T03:42:17 - [TEST_STEP][PASSED] - println("viruchka" + viruchka): null

29-01-2025T03:42:17 - [TEST_STEP][PASSED] - println("vidget" + vidget): null

29-01-2025T03:42:17 - [TEST_STEP][PASSED] - println("a" + a): null

29-01-2025T03:42:17 - [TEST_STEP][PASSED] - println("b" + b): null

29-01-2025T03:42:17 - [TEST_STEP][PASSED] - sheetName = "Sheet1": null

29-01-2025T03:42:17 - [TEST_STEP][PASSED] - data = findTestData("PlanFact"): null

29-01-2025T03:42:17 - [TEST_STEP][PASSED] - n = data.getRowNumbers() + 1: null

29-01-2025T03:42:17 - [TEST_STEP][PASSED] - period = getText(findTestObject("Выручка в рублях/Фильтр Период")): Text of object 'Object Repository/Выручка в рублях/Фильтр Период' is: '2024'

29-01-2025T03:42:17 - [MESSAGE][PASSED] - Text of object 'Object Repository/Выручка в рублях/Фильтр Период' is: '2024'

29-01-2025T03:42:17 - [TEST_STEP][PASSED] - println(period): null

29-01-2025T03:42:17 - [TEST_STEP][PASSED] - dashboardName = "Выручка в рублях": null

29-01-2025T03:42:17 - [TEST_STEP][PASSED] - workbook01 = getWorkbook(excelFilePath): null

29-01-2025T03:42:17 - [TEST_STEP][PASSED] - sheet01 = getExcelSheet(workbook01, sheetName): null

29-01-2025T03:42:17 - [TEST_STEP][PASSED] - setValueToCellByIndex(sheet01, n, 0, dashboardName): null

29-01-2025T03:42:17 - [TEST_STEP][PASSED] - setValueToCellByIndex(sheet01, n, 1, dZO): null

29-01-2025T03:42:17 - [TEST_STEP][PASSED] - setValueToCellByIndex(sheet01, n, 2, vidget): null

29-01-2025T03:42:17 - [TEST_STEP][PASSED] - setValueToCellByIndex(sheet01, n, 3, viruchka): null

29-01-2025T03:42:17 - [TEST_STEP][PASSED] - setValueToCellByIndex(sheet01, n, 4, typeOfData): null

29-01-2025T03:42:17 - [TEST_STEP][PASSED] - if (a == null): null

29-01-2025T03:42:17 - [TEST_STEP][PASSED] - else: null

29-01-2025T03:42:17 - [TEST_STEP][PASSED] - setValueToCellByIndex(sheet01, n, 5, a): null

29-01-2025T03:42:17 - [TEST_STEP][PASSED] - if (b == null): null

29-01-2025T03:42:17 - [TEST_STEP][PASSED] - else: null

29-01-2025T03:42:17 - [TEST_STEP][PASSED] - setValueToCellByIndex(sheet01, n, 6, b): null

29-01-2025T03:42:17 - [TEST_STEP][PASSED] - setValueToCellByIndex(sheet01, n, 7, period): null

29-01-2025T03:42:17 - [TEST_STEP][PASSED] - setValueToCellByIndex(sheet01, n, 8, todaysDate): null

29-01-2025T03:42:17 - [TEST_STEP][PASSED] - n = n + 1: null

29-01-2025T03:42:17 - [TEST_STEP][PASSED] - saveWorkbook(excelFilePath, workbook01): null

29-01-2025T03:42:17 - [TEST_STEP][PASSED] - dZO = "Россети Московский регион": null

29-01-2025T03:42:17 - [TEST_STEP][FAILED] - if (verifyEqual(a36, b36) == false): null

29-01-2025T03:42:17 - [MESSAGE][FAILED] - Unable to verify equal between actual object '-89.74' and expected object '4.23' (Root cause: com.kms.katalon.core.exception.StepFailedException: Actual object '-89.74' and expected object '4.23' are not equal
	at com.kms.katalon.core.keyword.builtin.VerifyEqualKeyword$_verifyEqual_closure1.doCall(VerifyEqualKeyword.groovy:58)
	at com.kms.katalon.core.keyword.builtin.VerifyEqualKeyword$_verifyEqual_closure1.call(VerifyEqualKeyword.groovy)
	at com.kms.katalon.core.keyword.internal.KeywordMain.runKeyword(KeywordMain.groovy:75)
	at com.kms.katalon.core.keyword.builtin.VerifyEqualKeyword.verifyEqual(VerifyEqualKeyword.groovy:63)
	at com.kms.katalon.core.keyword.builtin.VerifyEqualKeyword.execute(VerifyEqualKeyword.groovy:44)
	at com.kms.katalon.core.keyword.internal.KeywordExecutor.executeKeywordForPlatform(KeywordExecutor.groovy:74)
	at com.kms.katalon.core.keyword.BuiltinKeywords.verifyEqual(BuiltinKeywords.groovy:146)
	at jdk.internal.reflect.GeneratedMethodAccessor25.invoke(Unknown Source)
	at java.base/jdk.internal.reflect.DelegatingMethodAccessorImpl.invoke(DelegatingMethodAccessorImpl.java:43)
	at Выручка в рублях сверка дашбордов ПАО Россети.Blocks(Выручка в рублях сверка дашбордов ПАО Россети:417)
	at Выручка в рублях сверка дашбордов ПАО Россети.ViruchkaChange(Выручка в рублях сверка дашбордов ПАО Россети:60)
	at Выручка в рублях сверка дашбордов ПАО Россети.run(Выручка в рублях сверка дашбордов ПАО Россети:55)
	at com.kms.katalon.core.main.ScriptEngine.run(ScriptEngine.java:194)
	at com.kms.katalon.core.main.ScriptEngine.runScriptAsRawText(ScriptEngine.java:119)
	at com.kms.katalon.core.main.TestCaseExecutor.runScript(TestCaseExecutor.java:448)
	at com.kms.katalon.core.main.TestCaseExecutor.doExecute(TestCaseExecutor.java:439)
	at com.kms.katalon.core.main.TestCaseExecutor.processExecutionPhase(TestCaseExecutor.java:418)
	at com.kms.katalon.core.main.TestCaseExecutor.accessMainPhase(TestCaseExecutor.java:410)
	at com.kms.katalon.core.main.TestCaseExecutor.execute(TestCaseExecutor.java:285)
	at com.kms.katalon.core.common.CommonExecutor.accessTestCaseMainPhase(CommonExecutor.java:65)
	at com.kms.katalon.core.main.TestSuiteExecutor.accessTestSuiteMainPhase(TestSuiteExecutor.java:150)
	at com.kms.katalon.core.main.TestSuiteExecutor.execute(TestSuiteExecutor.java:106)
	at com.kms.katalon.core.main.TestCaseMain.startTestSuite(TestCaseMain.java:180)
	at TempTestSuite1738107421100.run(TempTestSuite1738107421100.groovy:35)
	at java.base/jdk.internal.reflect.NativeMethodAccessorImpl.invoke0(Native Method)
	at java.base/jdk.internal.reflect.NativeMethodAccessorImpl.invoke(NativeMethodAccessorImpl.java:77)
	at java.base/jdk.internal.reflect.DelegatingMethodAccessorImpl.invoke(DelegatingMethodAccessorImpl.java:43)
)

29-01-2025T03:42:17 - [TEST_STEP][PASSED] - a = replaceAll("\s+", "").toDouble(): null

29-01-2025T03:42:17 - [TEST_STEP][PASSED] - b = replaceAll("\s+", "").toDouble(): null

29-01-2025T03:42:17 - [TEST_STEP][PASSED] - Script1710234207206.WriteToExcel(todaysDate, run, vir, block, typeOfData, viruchka, vidget, nameOfBlock, a, b, dZO): null

29-01-2025T03:42:17 - [TEST_STEP][PASSED] - println(run): null

29-01-2025T03:42:17 - [TEST_STEP][PASSED] - if (run == 1): null

29-01-2025T03:42:17 - [TEST_STEP][PASSED] - else if (run == 2): null

29-01-2025T03:42:17 - [TEST_STEP][PASSED] - typeOfData = "Проценты": null

29-01-2025T03:42:17 - [TEST_STEP][PASSED] - println("todaysDate:" + todaysDate): null

29-01-2025T03:42:17 - [TEST_STEP][PASSED] - println("typeOfData:" + typeOfData): null

29-01-2025T03:42:17 - [TEST_STEP][PASSED] - viruchka = getText(findTestObject("Выручка в рублях/Фильтр Выручка" + nameOfBlock)): Text of object 'Object Repository/Выручка в рублях/Фильтр Выручка Выручка' is: 'Все'

29-01-2025T03:42:17 - [MESSAGE][PASSED] - Text of object 'Object Repository/Выручка в рублях/Фильтр Выручка Выручка' is: 'Все'

29-01-2025T03:42:17 - [TEST_STEP][PASSED] - println("viruchka" + viruchka): null

29-01-2025T03:42:17 - [TEST_STEP][PASSED] - println("vidget" + vidget): null

29-01-2025T03:42:17 - [TEST_STEP][PASSED] - println("a" + a): null

29-01-2025T03:42:17 - [TEST_STEP][PASSED] - println("b" + b): null

29-01-2025T03:42:17 - [TEST_STEP][PASSED] - sheetName = "Sheet1": null

29-01-2025T03:42:17 - [TEST_STEP][PASSED] - data = findTestData("PlanFact"): null

29-01-2025T03:42:18 - [TEST_STEP][PASSED] - n = data.getRowNumbers() + 1: null

29-01-2025T03:42:18 - [TEST_STEP][PASSED] - period = getText(findTestObject("Выручка в рублях/Фильтр Период")): Text of object 'Object Repository/Выручка в рублях/Фильтр Период' is: '2024'

29-01-2025T03:42:18 - [MESSAGE][PASSED] - Text of object 'Object Repository/Выручка в рублях/Фильтр Период' is: '2024'

29-01-2025T03:42:18 - [TEST_STEP][PASSED] - println(period): null

29-01-2025T03:42:18 - [TEST_STEP][PASSED] - dashboardName = "Выручка в рублях": null

29-01-2025T03:42:18 - [TEST_STEP][PASSED] - workbook01 = getWorkbook(excelFilePath): null

29-01-2025T03:42:18 - [TEST_STEP][PASSED] - sheet01 = getExcelSheet(workbook01, sheetName): null

29-01-2025T03:42:18 - [TEST_STEP][PASSED] - setValueToCellByIndex(sheet01, n, 0, dashboardName): null

29-01-2025T03:42:18 - [TEST_STEP][PASSED] - setValueToCellByIndex(sheet01, n, 1, dZO): null

29-01-2025T03:42:18 - [TEST_STEP][PASSED] - setValueToCellByIndex(sheet01, n, 2, vidget): null

29-01-2025T03:42:18 - [TEST_STEP][PASSED] - setValueToCellByIndex(sheet01, n, 3, viruchka): null

29-01-2025T03:42:18 - [TEST_STEP][PASSED] - setValueToCellByIndex(sheet01, n, 4, typeOfData): null

29-01-2025T03:42:18 - [TEST_STEP][PASSED] - if (a == null): null

29-01-2025T03:42:18 - [TEST_STEP][PASSED] - else: null

29-01-2025T03:42:18 - [TEST_STEP][PASSED] - setValueToCellByIndex(sheet01, n, 5, a): null

29-01-2025T03:42:18 - [TEST_STEP][PASSED] - if (b == null): null

29-01-2025T03:42:18 - [TEST_STEP][PASSED] - else: null

29-01-2025T03:42:18 - [TEST_STEP][PASSED] - setValueToCellByIndex(sheet01, n, 6, b): null

29-01-2025T03:42:18 - [TEST_STEP][PASSED] - setValueToCellByIndex(sheet01, n, 7, period): null

29-01-2025T03:42:18 - [TEST_STEP][PASSED] - setValueToCellByIndex(sheet01, n, 8, todaysDate): null

29-01-2025T03:42:18 - [TEST_STEP][PASSED] - n = n + 1: null

29-01-2025T03:42:18 - [TEST_STEP][PASSED] - saveWorkbook(excelFilePath, workbook01): null

29-01-2025T03:42:18 - [TEST_STEP][PASSED] - dZO = "Россети Северный Кавказ (ГК)": null

29-01-2025T03:42:18 - [TEST_STEP][FAILED] - if (verifyEqual(a37, b37) == false): null

29-01-2025T03:42:18 - [MESSAGE][FAILED] - Unable to verify equal between actual object '-83.84' and expected object '2.97' (Root cause: com.kms.katalon.core.exception.StepFailedException: Actual object '-83.84' and expected object '2.97' are not equal
	at com.kms.katalon.core.keyword.builtin.VerifyEqualKeyword$_verifyEqual_closure1.doCall(VerifyEqualKeyword.groovy:58)
	at com.kms.katalon.core.keyword.builtin.VerifyEqualKeyword$_verifyEqual_closure1.call(VerifyEqualKeyword.groovy)
	at com.kms.katalon.core.keyword.internal.KeywordMain.runKeyword(KeywordMain.groovy:75)
	at com.kms.katalon.core.keyword.builtin.VerifyEqualKeyword.verifyEqual(VerifyEqualKeyword.groovy:63)
	at com.kms.katalon.core.keyword.builtin.VerifyEqualKeyword.execute(VerifyEqualKeyword.groovy:44)
	at com.kms.katalon.core.keyword.internal.KeywordExecutor.executeKeywordForPlatform(KeywordExecutor.groovy:74)
	at com.kms.katalon.core.keyword.BuiltinKeywords.verifyEqual(BuiltinKeywords.groovy:146)
	at jdk.internal.reflect.GeneratedMethodAccessor25.invoke(Unknown Source)
	at java.base/jdk.internal.reflect.DelegatingMethodAccessorImpl.invoke(DelegatingMethodAccessorImpl.java:43)
	at Выручка в рублях сверка дашбордов ПАО Россети.Blocks(Выручка в рублях сверка дашбордов ПАО Россети:427)
	at Выручка в рублях сверка дашбордов ПАО Россети.ViruchkaChange(Выручка в рублях сверка дашбордов ПАО Россети:60)
	at Выручка в рублях сверка дашбордов ПАО Россети.run(Выручка в рублях сверка дашбордов ПАО Россети:55)
	at com.kms.katalon.core.main.ScriptEngine.run(ScriptEngine.java:194)
	at com.kms.katalon.core.main.ScriptEngine.runScriptAsRawText(ScriptEngine.java:119)
	at com.kms.katalon.core.main.TestCaseExecutor.runScript(TestCaseExecutor.java:448)
	at com.kms.katalon.core.main.TestCaseExecutor.doExecute(TestCaseExecutor.java:439)
	at com.kms.katalon.core.main.TestCaseExecutor.processExecutionPhase(TestCaseExecutor.java:418)
	at com.kms.katalon.core.main.TestCaseExecutor.accessMainPhase(TestCaseExecutor.java:410)
	at com.kms.katalon.core.main.TestCaseExecutor.execute(TestCaseExecutor.java:285)
	at com.kms.katalon.core.common.CommonExecutor.accessTestCaseMainPhase(CommonExecutor.java:65)
	at com.kms.katalon.core.main.TestSuiteExecutor.accessTestSuiteMainPhase(TestSuiteExecutor.java:150)
	at com.kms.katalon.core.main.TestSuiteExecutor.execute(TestSuiteExecutor.java:106)
	at com.kms.katalon.core.main.TestCaseMain.startTestSuite(TestCaseMain.java:180)
	at TempTestSuite1738107421100.run(TempTestSuite1738107421100.groovy:35)
	at java.base/jdk.internal.reflect.NativeMethodAccessorImpl.invoke0(Native Method)
	at java.base/jdk.internal.reflect.NativeMethodAccessorImpl.invoke(NativeMethodAccessorImpl.java:77)
	at java.base/jdk.internal.reflect.DelegatingMethodAccessorImpl.invoke(DelegatingMethodAccessorImpl.java:43)
)

29-01-2025T03:42:18 - [TEST_STEP][PASSED] - a = replaceAll("\s+", "").toDouble(): null

29-01-2025T03:42:18 - [TEST_STEP][PASSED] - b = replaceAll("\s+", "").toDouble(): null

29-01-2025T03:42:18 - [TEST_STEP][PASSED] - Script1710234207206.WriteToExcel(todaysDate, run, vir, block, typeOfData, viruchka, vidget, nameOfBlock, a, b, dZO): null

29-01-2025T03:42:18 - [TEST_STEP][PASSED] - println(run): null

29-01-2025T03:42:18 - [TEST_STEP][PASSED] - if (run == 1): null

29-01-2025T03:42:18 - [TEST_STEP][PASSED] - else if (run == 2): null

29-01-2025T03:42:18 - [TEST_STEP][PASSED] - typeOfData = "Проценты": null

29-01-2025T03:42:18 - [TEST_STEP][PASSED] - println("todaysDate:" + todaysDate): null

29-01-2025T03:42:18 - [TEST_STEP][PASSED] - println("typeOfData:" + typeOfData): null

29-01-2025T03:42:18 - [TEST_STEP][PASSED] - viruchka = getText(findTestObject("Выручка в рублях/Фильтр Выручка" + nameOfBlock)): Text of object 'Object Repository/Выручка в рублях/Фильтр Выручка Выручка' is: 'Все'

29-01-2025T03:42:19 - [MESSAGE][PASSED] - Text of object 'Object Repository/Выручка в рублях/Фильтр Выручка Выручка' is: 'Все'

29-01-2025T03:42:19 - [TEST_STEP][PASSED] - println("viruchka" + viruchka): null

29-01-2025T03:42:19 - [TEST_STEP][PASSED] - println("vidget" + vidget): null

29-01-2025T03:42:19 - [TEST_STEP][PASSED] - println("a" + a): null

29-01-2025T03:42:19 - [TEST_STEP][PASSED] - println("b" + b): null

29-01-2025T03:42:19 - [TEST_STEP][PASSED] - sheetName = "Sheet1": null

29-01-2025T03:42:19 - [TEST_STEP][PASSED] - data = findTestData("PlanFact"): null

29-01-2025T03:42:19 - [TEST_STEP][PASSED] - n = data.getRowNumbers() + 1: null

29-01-2025T03:42:19 - [TEST_STEP][PASSED] - period = getText(findTestObject("Выручка в рублях/Фильтр Период")): Text of object 'Object Repository/Выручка в рублях/Фильтр Период' is: '2024'

29-01-2025T03:42:19 - [MESSAGE][PASSED] - Text of object 'Object Repository/Выручка в рублях/Фильтр Период' is: '2024'

29-01-2025T03:42:19 - [TEST_STEP][PASSED] - println(period): null

29-01-2025T03:42:19 - [TEST_STEP][PASSED] - dashboardName = "Выручка в рублях": null

29-01-2025T03:42:19 - [TEST_STEP][PASSED] - workbook01 = getWorkbook(excelFilePath): null

29-01-2025T03:42:19 - [TEST_STEP][PASSED] - sheet01 = getExcelSheet(workbook01, sheetName): null

29-01-2025T03:42:19 - [TEST_STEP][PASSED] - setValueToCellByIndex(sheet01, n, 0, dashboardName): null

29-01-2025T03:42:19 - [TEST_STEP][PASSED] - setValueToCellByIndex(sheet01, n, 1, dZO): null

29-01-2025T03:42:19 - [TEST_STEP][PASSED] - setValueToCellByIndex(sheet01, n, 2, vidget): null

29-01-2025T03:42:19 - [TEST_STEP][PASSED] - setValueToCellByIndex(sheet01, n, 3, viruchka): null

29-01-2025T03:42:19 - [TEST_STEP][PASSED] - setValueToCellByIndex(sheet01, n, 4, typeOfData): null

29-01-2025T03:42:19 - [TEST_STEP][PASSED] - if (a == null): null

29-01-2025T03:42:19 - [TEST_STEP][PASSED] - else: null

29-01-2025T03:42:19 - [TEST_STEP][PASSED] - setValueToCellByIndex(sheet01, n, 5, a): null

29-01-2025T03:42:19 - [TEST_STEP][PASSED] - if (b == null): null

29-01-2025T03:42:19 - [TEST_STEP][PASSED] - else: null

29-01-2025T03:42:19 - [TEST_STEP][PASSED] - setValueToCellByIndex(sheet01, n, 6, b): null

29-01-2025T03:42:19 - [TEST_STEP][PASSED] - setValueToCellByIndex(sheet01, n, 7, period): null

29-01-2025T03:42:19 - [TEST_STEP][PASSED] - setValueToCellByIndex(sheet01, n, 8, todaysDate): null

29-01-2025T03:42:19 - [TEST_STEP][PASSED] - n = n + 1: null

29-01-2025T03:42:19 - [TEST_STEP][PASSED] - saveWorkbook(excelFilePath, workbook01): null

29-01-2025T03:42:19 - [TEST_STEP][PASSED] - dZO = "Россети Северо-Запад": null

29-01-2025T03:42:19 - [TEST_STEP][FAILED] - if (verifyEqual(a38, b38) == false): null

29-01-2025T03:42:19 - [MESSAGE][FAILED] - Unable to verify equal between actual object '-80.35' and expected object '1.28' (Root cause: com.kms.katalon.core.exception.StepFailedException: Actual object '-80.35' and expected object '1.28' are not equal
	at com.kms.katalon.core.keyword.builtin.VerifyEqualKeyword$_verifyEqual_closure1.doCall(VerifyEqualKeyword.groovy:58)
	at com.kms.katalon.core.keyword.builtin.VerifyEqualKeyword$_verifyEqual_closure1.call(VerifyEqualKeyword.groovy)
	at com.kms.katalon.core.keyword.internal.KeywordMain.runKeyword(KeywordMain.groovy:75)
	at com.kms.katalon.core.keyword.builtin.VerifyEqualKeyword.verifyEqual(VerifyEqualKeyword.groovy:63)
	at com.kms.katalon.core.keyword.builtin.VerifyEqualKeyword.execute(VerifyEqualKeyword.groovy:44)
	at com.kms.katalon.core.keyword.internal.KeywordExecutor.executeKeywordForPlatform(KeywordExecutor.groovy:74)
	at com.kms.katalon.core.keyword.BuiltinKeywords.verifyEqual(BuiltinKeywords.groovy:146)
	at jdk.internal.reflect.GeneratedMethodAccessor25.invoke(Unknown Source)
	at java.base/jdk.internal.reflect.DelegatingMethodAccessorImpl.invoke(DelegatingMethodAccessorImpl.java:43)
	at Выручка в рублях сверка дашбордов ПАО Россети.Blocks(Выручка в рублях сверка дашбордов ПАО Россети:437)
	at Выручка в рублях сверка дашбордов ПАО Россети.ViruchkaChange(Выручка в рублях сверка дашбордов ПАО Россети:60)
	at Выручка в рублях сверка дашбордов ПАО Россети.run(Выручка в рублях сверка дашбордов ПАО Россети:55)
	at com.kms.katalon.core.main.ScriptEngine.run(ScriptEngine.java:194)
	at com.kms.katalon.core.main.ScriptEngine.runScriptAsRawText(ScriptEngine.java:119)
	at com.kms.katalon.core.main.TestCaseExecutor.runScript(TestCaseExecutor.java:448)
	at com.kms.katalon.core.main.TestCaseExecutor.doExecute(TestCaseExecutor.java:439)
	at com.kms.katalon.core.main.TestCaseExecutor.processExecutionPhase(TestCaseExecutor.java:418)
	at com.kms.katalon.core.main.TestCaseExecutor.accessMainPhase(TestCaseExecutor.java:410)
	at com.kms.katalon.core.main.TestCaseExecutor.execute(TestCaseExecutor.java:285)
	at com.kms.katalon.core.common.CommonExecutor.accessTestCaseMainPhase(CommonExecutor.java:65)
	at com.kms.katalon.core.main.TestSuiteExecutor.accessTestSuiteMainPhase(TestSuiteExecutor.java:150)
	at com.kms.katalon.core.main.TestSuiteExecutor.execute(TestSuiteExecutor.java:106)
	at com.kms.katalon.core.main.TestCaseMain.startTestSuite(TestCaseMain.java:180)
	at TempTestSuite1738107421100.run(TempTestSuite1738107421100.groovy:35)
	at java.base/jdk.internal.reflect.NativeMethodAccessorImpl.invoke0(Native Method)
	at java.base/jdk.internal.reflect.NativeMethodAccessorImpl.invoke(NativeMethodAccessorImpl.java:77)
	at java.base/jdk.internal.reflect.DelegatingMethodAccessorImpl.invoke(DelegatingMethodAccessorImpl.java:43)
)

29-01-2025T03:42:19 - [TEST_STEP][PASSED] - a = replaceAll("\s+", "").toDouble(): null

29-01-2025T03:42:19 - [TEST_STEP][PASSED] - b = replaceAll("\s+", "").toDouble(): null

29-01-2025T03:42:19 - [TEST_STEP][PASSED] - Script1710234207206.WriteToExcel(todaysDate, run, vir, block, typeOfData, viruchka, vidget, nameOfBlock, a, b, dZO): null

29-01-2025T03:42:19 - [TEST_STEP][PASSED] - println(run): null

29-01-2025T03:42:19 - [TEST_STEP][PASSED] - if (run == 1): null

29-01-2025T03:42:19 - [TEST_STEP][PASSED] - else if (run == 2): null

29-01-2025T03:42:19 - [TEST_STEP][PASSED] - typeOfData = "Проценты": null

29-01-2025T03:42:19 - [TEST_STEP][PASSED] - println("todaysDate:" + todaysDate): null

29-01-2025T03:42:19 - [TEST_STEP][PASSED] - println("typeOfData:" + typeOfData): null

29-01-2025T03:42:19 - [TEST_STEP][PASSED] - viruchka = getText(findTestObject("Выручка в рублях/Фильтр Выручка" + nameOfBlock)): Text of object 'Object Repository/Выручка в рублях/Фильтр Выручка Выручка' is: 'Все'

29-01-2025T03:42:19 - [MESSAGE][PASSED] - Text of object 'Object Repository/Выручка в рублях/Фильтр Выручка Выручка' is: 'Все'

29-01-2025T03:42:19 - [TEST_STEP][PASSED] - println("viruchka" + viruchka): null

29-01-2025T03:42:19 - [TEST_STEP][PASSED] - println("vidget" + vidget): null

29-01-2025T03:42:19 - [TEST_STEP][PASSED] - println("a" + a): null

29-01-2025T03:42:19 - [TEST_STEP][PASSED] - println("b" + b): null

29-01-2025T03:42:19 - [TEST_STEP][PASSED] - sheetName = "Sheet1": null

29-01-2025T03:42:19 - [TEST_STEP][PASSED] - data = findTestData("PlanFact"): null

29-01-2025T03:42:20 - [TEST_STEP][PASSED] - n = data.getRowNumbers() + 1: null

29-01-2025T03:42:20 - [TEST_STEP][PASSED] - period = getText(findTestObject("Выручка в рублях/Фильтр Период")): Text of object 'Object Repository/Выручка в рублях/Фильтр Период' is: '2024'

29-01-2025T03:42:20 - [MESSAGE][PASSED] - Text of object 'Object Repository/Выручка в рублях/Фильтр Период' is: '2024'

29-01-2025T03:42:20 - [TEST_STEP][PASSED] - println(period): null

29-01-2025T03:42:20 - [TEST_STEP][PASSED] - dashboardName = "Выручка в рублях": null

29-01-2025T03:42:20 - [TEST_STEP][PASSED] - workbook01 = getWorkbook(excelFilePath): null

29-01-2025T03:42:20 - [TEST_STEP][PASSED] - sheet01 = getExcelSheet(workbook01, sheetName): null

29-01-2025T03:42:20 - [TEST_STEP][PASSED] - setValueToCellByIndex(sheet01, n, 0, dashboardName): null

29-01-2025T03:42:20 - [TEST_STEP][PASSED] - setValueToCellByIndex(sheet01, n, 1, dZO): null

29-01-2025T03:42:20 - [TEST_STEP][PASSED] - setValueToCellByIndex(sheet01, n, 2, vidget): null

29-01-2025T03:42:20 - [TEST_STEP][PASSED] - setValueToCellByIndex(sheet01, n, 3, viruchka): null

29-01-2025T03:42:20 - [TEST_STEP][PASSED] - setValueToCellByIndex(sheet01, n, 4, typeOfData): null

29-01-2025T03:42:20 - [TEST_STEP][PASSED] - if (a == null): null

29-01-2025T03:42:20 - [TEST_STEP][PASSED] - else: null

29-01-2025T03:42:20 - [TEST_STEP][PASSED] - setValueToCellByIndex(sheet01, n, 5, a): null

29-01-2025T03:42:20 - [TEST_STEP][PASSED] - if (b == null): null

29-01-2025T03:42:20 - [TEST_STEP][PASSED] - else: null

29-01-2025T03:42:20 - [TEST_STEP][PASSED] - setValueToCellByIndex(sheet01, n, 6, b): null

29-01-2025T03:42:20 - [TEST_STEP][PASSED] - setValueToCellByIndex(sheet01, n, 7, period): null

29-01-2025T03:42:20 - [TEST_STEP][PASSED] - setValueToCellByIndex(sheet01, n, 8, todaysDate): null

29-01-2025T03:42:20 - [TEST_STEP][PASSED] - n = n + 1: null

29-01-2025T03:42:20 - [TEST_STEP][PASSED] - saveWorkbook(excelFilePath, workbook01): null

29-01-2025T03:42:20 - [TEST_STEP][PASSED] - dZO = "Россети Сибирь (ГК)": null

29-01-2025T03:42:20 - [TEST_STEP][FAILED] - if (verifyEqual(a39, b39) == false): null

29-01-2025T03:42:20 - [MESSAGE][FAILED] - Unable to verify equal between actual object '-89' and expected object '3.69' (Root cause: com.kms.katalon.core.exception.StepFailedException: Actual object '-89' and expected object '3.69' are not equal
	at com.kms.katalon.core.keyword.builtin.VerifyEqualKeyword$_verifyEqual_closure1.doCall(VerifyEqualKeyword.groovy:58)
	at com.kms.katalon.core.keyword.builtin.VerifyEqualKeyword$_verifyEqual_closure1.call(VerifyEqualKeyword.groovy)
	at com.kms.katalon.core.keyword.internal.KeywordMain.runKeyword(KeywordMain.groovy:75)
	at com.kms.katalon.core.keyword.builtin.VerifyEqualKeyword.verifyEqual(VerifyEqualKeyword.groovy:63)
	at com.kms.katalon.core.keyword.builtin.VerifyEqualKeyword.execute(VerifyEqualKeyword.groovy:44)
	at com.kms.katalon.core.keyword.internal.KeywordExecutor.executeKeywordForPlatform(KeywordExecutor.groovy:74)
	at com.kms.katalon.core.keyword.BuiltinKeywords.verifyEqual(BuiltinKeywords.groovy:146)
	at jdk.internal.reflect.GeneratedMethodAccessor25.invoke(Unknown Source)
	at java.base/jdk.internal.reflect.DelegatingMethodAccessorImpl.invoke(DelegatingMethodAccessorImpl.java:43)
	at Выручка в рублях сверка дашбордов ПАО Россети.Blocks(Выручка в рублях сверка дашбордов ПАО Россети:447)
	at Выручка в рублях сверка дашбордов ПАО Россети.ViruchkaChange(Выручка в рублях сверка дашбордов ПАО Россети:60)
	at Выручка в рублях сверка дашбордов ПАО Россети.run(Выручка в рублях сверка дашбордов ПАО Россети:55)
	at com.kms.katalon.core.main.ScriptEngine.run(ScriptEngine.java:194)
	at com.kms.katalon.core.main.ScriptEngine.runScriptAsRawText(ScriptEngine.java:119)
	at com.kms.katalon.core.main.TestCaseExecutor.runScript(TestCaseExecutor.java:448)
	at com.kms.katalon.core.main.TestCaseExecutor.doExecute(TestCaseExecutor.java:439)
	at com.kms.katalon.core.main.TestCaseExecutor.processExecutionPhase(TestCaseExecutor.java:418)
	at com.kms.katalon.core.main.TestCaseExecutor.accessMainPhase(TestCaseExecutor.java:410)
	at com.kms.katalon.core.main.TestCaseExecutor.execute(TestCaseExecutor.java:285)
	at com.kms.katalon.core.common.CommonExecutor.accessTestCaseMainPhase(CommonExecutor.java:65)
	at com.kms.katalon.core.main.TestSuiteExecutor.accessTestSuiteMainPhase(TestSuiteExecutor.java:150)
	at com.kms.katalon.core.main.TestSuiteExecutor.execute(TestSuiteExecutor.java:106)
	at com.kms.katalon.core.main.TestCaseMain.startTestSuite(TestCaseMain.java:180)
	at TempTestSuite1738107421100.run(TempTestSuite1738107421100.groovy:35)
	at java.base/jdk.internal.reflect.NativeMethodAccessorImpl.invoke0(Native Method)
	at java.base/jdk.internal.reflect.NativeMethodAccessorImpl.invoke(NativeMethodAccessorImpl.java:77)
	at java.base/jdk.internal.reflect.DelegatingMethodAccessorImpl.invoke(DelegatingMethodAccessorImpl.java:43)
)

29-01-2025T03:42:20 - [TEST_STEP][PASSED] - a = replaceAll("\s+", "").toDouble(): null

29-01-2025T03:42:20 - [TEST_STEP][PASSED] - b = replaceAll("\s+", "").toDouble(): null

29-01-2025T03:42:20 - [TEST_STEP][PASSED] - Script1710234207206.WriteToExcel(todaysDate, run, vir, block, typeOfData, viruchka, vidget, nameOfBlock, a, b, dZO): null

29-01-2025T03:42:20 - [TEST_STEP][PASSED] - println(run): null

29-01-2025T03:42:20 - [TEST_STEP][PASSED] - if (run == 1): null

29-01-2025T03:42:20 - [TEST_STEP][PASSED] - else if (run == 2): null

29-01-2025T03:42:20 - [TEST_STEP][PASSED] - typeOfData = "Проценты": null

29-01-2025T03:42:20 - [TEST_STEP][PASSED] - println("todaysDate:" + todaysDate): null

29-01-2025T03:42:20 - [TEST_STEP][PASSED] - println("typeOfData:" + typeOfData): null

29-01-2025T03:42:20 - [TEST_STEP][PASSED] - viruchka = getText(findTestObject("Выручка в рублях/Фильтр Выручка" + nameOfBlock)): Text of object 'Object Repository/Выручка в рублях/Фильтр Выручка Выручка' is: 'Все'

29-01-2025T03:42:20 - [MESSAGE][PASSED] - Text of object 'Object Repository/Выручка в рублях/Фильтр Выручка Выручка' is: 'Все'

29-01-2025T03:42:20 - [TEST_STEP][PASSED] - println("viruchka" + viruchka): null

29-01-2025T03:42:20 - [TEST_STEP][PASSED] - println("vidget" + vidget): null

29-01-2025T03:42:20 - [TEST_STEP][PASSED] - println("a" + a): null

29-01-2025T03:42:20 - [TEST_STEP][PASSED] - println("b" + b): null

29-01-2025T03:42:20 - [TEST_STEP][PASSED] - sheetName = "Sheet1": null

29-01-2025T03:42:20 - [TEST_STEP][PASSED] - data = findTestData("PlanFact"): null

29-01-2025T03:42:20 - [TEST_STEP][PASSED] - n = data.getRowNumbers() + 1: null

29-01-2025T03:42:20 - [TEST_STEP][PASSED] - period = getText(findTestObject("Выручка в рублях/Фильтр Период")): Text of object 'Object Repository/Выручка в рублях/Фильтр Период' is: '2024'

29-01-2025T03:42:21 - [MESSAGE][PASSED] - Text of object 'Object Repository/Выручка в рублях/Фильтр Период' is: '2024'

29-01-2025T03:42:21 - [TEST_STEP][PASSED] - println(period): null

29-01-2025T03:42:21 - [TEST_STEP][PASSED] - dashboardName = "Выручка в рублях": null

29-01-2025T03:42:21 - [TEST_STEP][PASSED] - workbook01 = getWorkbook(excelFilePath): null

29-01-2025T03:42:21 - [TEST_STEP][PASSED] - sheet01 = getExcelSheet(workbook01, sheetName): null

29-01-2025T03:42:21 - [TEST_STEP][PASSED] - setValueToCellByIndex(sheet01, n, 0, dashboardName): null

29-01-2025T03:42:21 - [TEST_STEP][PASSED] - setValueToCellByIndex(sheet01, n, 1, dZO): null

29-01-2025T03:42:21 - [TEST_STEP][PASSED] - setValueToCellByIndex(sheet01, n, 2, vidget): null

29-01-2025T03:42:21 - [TEST_STEP][PASSED] - setValueToCellByIndex(sheet01, n, 3, viruchka): null

29-01-2025T03:42:21 - [TEST_STEP][PASSED] - setValueToCellByIndex(sheet01, n, 4, typeOfData): null

29-01-2025T03:42:21 - [TEST_STEP][PASSED] - if (a == null): null

29-01-2025T03:42:21 - [TEST_STEP][PASSED] - else: null

29-01-2025T03:42:21 - [TEST_STEP][PASSED] - setValueToCellByIndex(sheet01, n, 5, a): null

29-01-2025T03:42:21 - [TEST_STEP][PASSED] - if (b == null): null

29-01-2025T03:42:21 - [TEST_STEP][PASSED] - else: null

29-01-2025T03:42:21 - [TEST_STEP][PASSED] - setValueToCellByIndex(sheet01, n, 6, b): null

29-01-2025T03:42:21 - [TEST_STEP][PASSED] - setValueToCellByIndex(sheet01, n, 7, period): null

29-01-2025T03:42:21 - [TEST_STEP][PASSED] - setValueToCellByIndex(sheet01, n, 8, todaysDate): null

29-01-2025T03:42:21 - [TEST_STEP][PASSED] - n = n + 1: null

29-01-2025T03:42:21 - [TEST_STEP][PASSED] - saveWorkbook(excelFilePath, workbook01): null

29-01-2025T03:42:21 - [TEST_STEP][PASSED] - dZO = "Россети Томск": null

29-01-2025T03:42:21 - [TEST_STEP][FAILED] - if (verifyEqual(a310, b310) == false): null

29-01-2025T03:42:21 - [MESSAGE][FAILED] - Unable to verify equal between actual object '-84.13' and expected object '2.05' (Root cause: com.kms.katalon.core.exception.StepFailedException: Actual object '-84.13' and expected object '2.05' are not equal
	at com.kms.katalon.core.keyword.builtin.VerifyEqualKeyword$_verifyEqual_closure1.doCall(VerifyEqualKeyword.groovy:58)
	at com.kms.katalon.core.keyword.builtin.VerifyEqualKeyword$_verifyEqual_closure1.call(VerifyEqualKeyword.groovy)
	at com.kms.katalon.core.keyword.internal.KeywordMain.runKeyword(KeywordMain.groovy:75)
	at com.kms.katalon.core.keyword.builtin.VerifyEqualKeyword.verifyEqual(VerifyEqualKeyword.groovy:63)
	at com.kms.katalon.core.keyword.builtin.VerifyEqualKeyword.execute(VerifyEqualKeyword.groovy:44)
	at com.kms.katalon.core.keyword.internal.KeywordExecutor.executeKeywordForPlatform(KeywordExecutor.groovy:74)
	at com.kms.katalon.core.keyword.BuiltinKeywords.verifyEqual(BuiltinKeywords.groovy:146)
	at jdk.internal.reflect.GeneratedMethodAccessor25.invoke(Unknown Source)
	at java.base/jdk.internal.reflect.DelegatingMethodAccessorImpl.invoke(DelegatingMethodAccessorImpl.java:43)
	at Выручка в рублях сверка дашбордов ПАО Россети.Blocks(Выручка в рублях сверка дашбордов ПАО Россети:457)
	at Выручка в рублях сверка дашбордов ПАО Россети.ViruchkaChange(Выручка в рублях сверка дашбордов ПАО Россети:60)
	at Выручка в рублях сверка дашбордов ПАО Россети.run(Выручка в рублях сверка дашбордов ПАО Россети:55)
	at com.kms.katalon.core.main.ScriptEngine.run(ScriptEngine.java:194)
	at com.kms.katalon.core.main.ScriptEngine.runScriptAsRawText(ScriptEngine.java:119)
	at com.kms.katalon.core.main.TestCaseExecutor.runScript(TestCaseExecutor.java:448)
	at com.kms.katalon.core.main.TestCaseExecutor.doExecute(TestCaseExecutor.java:439)
	at com.kms.katalon.core.main.TestCaseExecutor.processExecutionPhase(TestCaseExecutor.java:418)
	at com.kms.katalon.core.main.TestCaseExecutor.accessMainPhase(TestCaseExecutor.java:410)
	at com.kms.katalon.core.main.TestCaseExecutor.execute(TestCaseExecutor.java:285)
	at com.kms.katalon.core.common.CommonExecutor.accessTestCaseMainPhase(CommonExecutor.java:65)
	at com.kms.katalon.core.main.TestSuiteExecutor.accessTestSuiteMainPhase(TestSuiteExecutor.java:150)
	at com.kms.katalon.core.main.TestSuiteExecutor.execute(TestSuiteExecutor.java:106)
	at com.kms.katalon.core.main.TestCaseMain.startTestSuite(TestCaseMain.java:180)
	at TempTestSuite1738107421100.run(TempTestSuite1738107421100.groovy:35)
	at java.base/jdk.internal.reflect.NativeMethodAccessorImpl.invoke0(Native Method)
	at java.base/jdk.internal.reflect.NativeMethodAccessorImpl.invoke(NativeMethodAccessorImpl.java:77)
	at java.base/jdk.internal.reflect.DelegatingMethodAccessorImpl.invoke(DelegatingMethodAccessorImpl.java:43)
)

29-01-2025T03:42:21 - [TEST_STEP][PASSED] - a = replaceAll("\s+", "").toDouble(): null

29-01-2025T03:42:21 - [TEST_STEP][PASSED] - b = replaceAll("\s+", "").toDouble(): null

29-01-2025T03:42:21 - [TEST_STEP][PASSED] - Script1710234207206.WriteToExcel(todaysDate, run, vir, block, typeOfData, viruchka, vidget, nameOfBlock, a, b, dZO): null

29-01-2025T03:42:21 - [TEST_STEP][PASSED] - println(run): null

29-01-2025T03:42:21 - [TEST_STEP][PASSED] - if (run == 1): null

29-01-2025T03:42:21 - [TEST_STEP][PASSED] - else if (run == 2): null

29-01-2025T03:42:21 - [TEST_STEP][PASSED] - typeOfData = "Проценты": null

29-01-2025T03:42:21 - [TEST_STEP][PASSED] - println("todaysDate:" + todaysDate): null

29-01-2025T03:42:21 - [TEST_STEP][PASSED] - println("typeOfData:" + typeOfData): null

29-01-2025T03:42:21 - [TEST_STEP][PASSED] - viruchka = getText(findTestObject("Выручка в рублях/Фильтр Выручка" + nameOfBlock)): Text of object 'Object Repository/Выручка в рублях/Фильтр Выручка Выручка' is: 'Все'

29-01-2025T03:42:21 - [MESSAGE][PASSED] - Text of object 'Object Repository/Выручка в рублях/Фильтр Выручка Выручка' is: 'Все'

29-01-2025T03:42:21 - [TEST_STEP][PASSED] - println("viruchka" + viruchka): null

29-01-2025T03:42:21 - [TEST_STEP][PASSED] - println("vidget" + vidget): null

29-01-2025T03:42:21 - [TEST_STEP][PASSED] - println("a" + a): null

29-01-2025T03:42:21 - [TEST_STEP][PASSED] - println("b" + b): null

29-01-2025T03:42:21 - [TEST_STEP][PASSED] - sheetName = "Sheet1": null

29-01-2025T03:42:21 - [TEST_STEP][PASSED] - data = findTestData("PlanFact"): null

29-01-2025T03:42:21 - [TEST_STEP][PASSED] - n = data.getRowNumbers() + 1: null

29-01-2025T03:42:21 - [TEST_STEP][PASSED] - period = getText(findTestObject("Выручка в рублях/Фильтр Период")): Text of object 'Object Repository/Выручка в рублях/Фильтр Период' is: '2024'

29-01-2025T03:42:22 - [MESSAGE][PASSED] - Text of object 'Object Repository/Выручка в рублях/Фильтр Период' is: '2024'

29-01-2025T03:42:22 - [TEST_STEP][PASSED] - println(period): null

29-01-2025T03:42:22 - [TEST_STEP][PASSED] - dashboardName = "Выручка в рублях": null

29-01-2025T03:42:22 - [TEST_STEP][PASSED] - workbook01 = getWorkbook(excelFilePath): null

29-01-2025T03:42:22 - [TEST_STEP][PASSED] - sheet01 = getExcelSheet(workbook01, sheetName): null

29-01-2025T03:42:22 - [TEST_STEP][PASSED] - setValueToCellByIndex(sheet01, n, 0, dashboardName): null

29-01-2025T03:42:22 - [TEST_STEP][PASSED] - setValueToCellByIndex(sheet01, n, 1, dZO): null

29-01-2025T03:42:22 - [TEST_STEP][PASSED] - setValueToCellByIndex(sheet01, n, 2, vidget): null

29-01-2025T03:42:22 - [TEST_STEP][PASSED] - setValueToCellByIndex(sheet01, n, 3, viruchka): null

29-01-2025T03:42:22 - [TEST_STEP][PASSED] - setValueToCellByIndex(sheet01, n, 4, typeOfData): null

29-01-2025T03:42:22 - [TEST_STEP][PASSED] - if (a == null): null

29-01-2025T03:42:22 - [TEST_STEP][PASSED] - else: null

29-01-2025T03:42:22 - [TEST_STEP][PASSED] - setValueToCellByIndex(sheet01, n, 5, a): null

29-01-2025T03:42:22 - [TEST_STEP][PASSED] - if (b == null): null

29-01-2025T03:42:22 - [TEST_STEP][PASSED] - else: null

29-01-2025T03:42:22 - [TEST_STEP][PASSED] - setValueToCellByIndex(sheet01, n, 6, b): null

29-01-2025T03:42:22 - [TEST_STEP][PASSED] - setValueToCellByIndex(sheet01, n, 7, period): null

29-01-2025T03:42:22 - [TEST_STEP][PASSED] - setValueToCellByIndex(sheet01, n, 8, todaysDate): null

29-01-2025T03:42:22 - [TEST_STEP][PASSED] - n = n + 1: null

29-01-2025T03:42:22 - [TEST_STEP][PASSED] - saveWorkbook(excelFilePath, workbook01): null

29-01-2025T03:42:22 - [TEST_STEP][PASSED] - dZO = "Россети Тюмень": null

29-01-2025T03:42:22 - [TEST_STEP][FAILED] - if (verifyEqual(a311, b311) == false): null

29-01-2025T03:42:22 - [MESSAGE][FAILED] - Unable to verify equal between actual object '-86.76' and expected object '-8.66' (Root cause: com.kms.katalon.core.exception.StepFailedException: Actual object '-86.76' and expected object '-8.66' are not equal
	at com.kms.katalon.core.keyword.builtin.VerifyEqualKeyword$_verifyEqual_closure1.doCall(VerifyEqualKeyword.groovy:58)
	at com.kms.katalon.core.keyword.builtin.VerifyEqualKeyword$_verifyEqual_closure1.call(VerifyEqualKeyword.groovy)
	at com.kms.katalon.core.keyword.internal.KeywordMain.runKeyword(KeywordMain.groovy:75)
	at com.kms.katalon.core.keyword.builtin.VerifyEqualKeyword.verifyEqual(VerifyEqualKeyword.groovy:63)
	at com.kms.katalon.core.keyword.builtin.VerifyEqualKeyword.execute(VerifyEqualKeyword.groovy:44)
	at com.kms.katalon.core.keyword.internal.KeywordExecutor.executeKeywordForPlatform(KeywordExecutor.groovy:74)
	at com.kms.katalon.core.keyword.BuiltinKeywords.verifyEqual(BuiltinKeywords.groovy:146)
	at jdk.internal.reflect.GeneratedMethodAccessor25.invoke(Unknown Source)
	at java.base/jdk.internal.reflect.DelegatingMethodAccessorImpl.invoke(DelegatingMethodAccessorImpl.java:43)
	at Выручка в рублях сверка дашбордов ПАО Россети.Blocks(Выручка в рублях сверка дашбордов ПАО Россети:467)
	at Выручка в рублях сверка дашбордов ПАО Россети.ViruchkaChange(Выручка в рублях сверка дашбордов ПАО Россети:60)
	at Выручка в рублях сверка дашбордов ПАО Россети.run(Выручка в рублях сверка дашбордов ПАО Россети:55)
	at com.kms.katalon.core.main.ScriptEngine.run(ScriptEngine.java:194)
	at com.kms.katalon.core.main.ScriptEngine.runScriptAsRawText(ScriptEngine.java:119)
	at com.kms.katalon.core.main.TestCaseExecutor.runScript(TestCaseExecutor.java:448)
	at com.kms.katalon.core.main.TestCaseExecutor.doExecute(TestCaseExecutor.java:439)
	at com.kms.katalon.core.main.TestCaseExecutor.processExecutionPhase(TestCaseExecutor.java:418)
	at com.kms.katalon.core.main.TestCaseExecutor.accessMainPhase(TestCaseExecutor.java:410)
	at com.kms.katalon.core.main.TestCaseExecutor.execute(TestCaseExecutor.java:285)
	at com.kms.katalon.core.common.CommonExecutor.accessTestCaseMainPhase(CommonExecutor.java:65)
	at com.kms.katalon.core.main.TestSuiteExecutor.accessTestSuiteMainPhase(TestSuiteExecutor.java:150)
	at com.kms.katalon.core.main.TestSuiteExecutor.execute(TestSuiteExecutor.java:106)
	at com.kms.katalon.core.main.TestCaseMain.startTestSuite(TestCaseMain.java:180)
	at TempTestSuite1738107421100.run(TempTestSuite1738107421100.groovy:35)
	at java.base/jdk.internal.reflect.NativeMethodAccessorImpl.invoke0(Native Method)
	at java.base/jdk.internal.reflect.NativeMethodAccessorImpl.invoke(NativeMethodAccessorImpl.java:77)
	at java.base/jdk.internal.reflect.DelegatingMethodAccessorImpl.invoke(DelegatingMethodAccessorImpl.java:43)
)

29-01-2025T03:42:22 - [TEST_STEP][PASSED] - a = replaceAll("\s+", "").toDouble(): null

29-01-2025T03:42:22 - [TEST_STEP][PASSED] - b = replaceAll("\s+", "").toDouble(): null

29-01-2025T03:42:22 - [TEST_STEP][PASSED] - Script1710234207206.WriteToExcel(todaysDate, run, vir, block, typeOfData, viruchka, vidget, nameOfBlock, a, b, dZO): null

29-01-2025T03:42:22 - [TEST_STEP][PASSED] - println(run): null

29-01-2025T03:42:22 - [TEST_STEP][PASSED] - if (run == 1): null

29-01-2025T03:42:22 - [TEST_STEP][PASSED] - else if (run == 2): null

29-01-2025T03:42:22 - [TEST_STEP][PASSED] - typeOfData = "Проценты": null

29-01-2025T03:42:22 - [TEST_STEP][PASSED] - println("todaysDate:" + todaysDate): null

29-01-2025T03:42:22 - [TEST_STEP][PASSED] - println("typeOfData:" + typeOfData): null

29-01-2025T03:42:22 - [TEST_STEP][PASSED] - viruchka = getText(findTestObject("Выручка в рублях/Фильтр Выручка" + nameOfBlock)): Text of object 'Object Repository/Выручка в рублях/Фильтр Выручка Выручка' is: 'Все'

29-01-2025T03:42:22 - [MESSAGE][PASSED] - Text of object 'Object Repository/Выручка в рублях/Фильтр Выручка Выручка' is: 'Все'

29-01-2025T03:42:22 - [TEST_STEP][PASSED] - println("viruchka" + viruchka): null

29-01-2025T03:42:22 - [TEST_STEP][PASSED] - println("vidget" + vidget): null

29-01-2025T03:42:22 - [TEST_STEP][PASSED] - println("a" + a): null

29-01-2025T03:42:22 - [TEST_STEP][PASSED] - println("b" + b): null

29-01-2025T03:42:22 - [TEST_STEP][PASSED] - sheetName = "Sheet1": null

29-01-2025T03:42:22 - [TEST_STEP][PASSED] - data = findTestData("PlanFact"): null

29-01-2025T03:42:22 - [TEST_STEP][PASSED] - n = data.getRowNumbers() + 1: null

29-01-2025T03:42:22 - [TEST_STEP][PASSED] - period = getText(findTestObject("Выручка в рублях/Фильтр Период")): Text of object 'Object Repository/Выручка в рублях/Фильтр Период' is: '2024'

29-01-2025T03:42:23 - [MESSAGE][PASSED] - Text of object 'Object Repository/Выручка в рублях/Фильтр Период' is: '2024'

29-01-2025T03:42:23 - [TEST_STEP][PASSED] - println(period): null

29-01-2025T03:42:23 - [TEST_STEP][PASSED] - dashboardName = "Выручка в рублях": null

29-01-2025T03:42:23 - [TEST_STEP][PASSED] - workbook01 = getWorkbook(excelFilePath): null

29-01-2025T03:42:23 - [TEST_STEP][PASSED] - sheet01 = getExcelSheet(workbook01, sheetName): null

29-01-2025T03:42:23 - [TEST_STEP][PASSED] - setValueToCellByIndex(sheet01, n, 0, dashboardName): null

29-01-2025T03:42:23 - [TEST_STEP][PASSED] - setValueToCellByIndex(sheet01, n, 1, dZO): null

29-01-2025T03:42:23 - [TEST_STEP][PASSED] - setValueToCellByIndex(sheet01, n, 2, vidget): null

29-01-2025T03:42:23 - [TEST_STEP][PASSED] - setValueToCellByIndex(sheet01, n, 3, viruchka): null

29-01-2025T03:42:23 - [TEST_STEP][PASSED] - setValueToCellByIndex(sheet01, n, 4, typeOfData): null

29-01-2025T03:42:23 - [TEST_STEP][PASSED] - if (a == null): null

29-01-2025T03:42:23 - [TEST_STEP][PASSED] - else: null

29-01-2025T03:42:23 - [TEST_STEP][PASSED] - setValueToCellByIndex(sheet01, n, 5, a): null

29-01-2025T03:42:23 - [TEST_STEP][PASSED] - if (b == null): null

29-01-2025T03:42:23 - [TEST_STEP][PASSED] - else: null

29-01-2025T03:42:23 - [TEST_STEP][PASSED] - setValueToCellByIndex(sheet01, n, 6, b): null

29-01-2025T03:42:23 - [TEST_STEP][PASSED] - setValueToCellByIndex(sheet01, n, 7, period): null

29-01-2025T03:42:23 - [TEST_STEP][PASSED] - setValueToCellByIndex(sheet01, n, 8, todaysDate): null

29-01-2025T03:42:23 - [TEST_STEP][PASSED] - n = n + 1: null

29-01-2025T03:42:23 - [TEST_STEP][PASSED] - saveWorkbook(excelFilePath, workbook01): null

29-01-2025T03:42:23 - [TEST_STEP][PASSED] - dZO = "Россети Урал (ГК)": null

29-01-2025T03:42:23 - [TEST_STEP][FAILED] - if (verifyEqual(a312, b312) == false): null

29-01-2025T03:42:23 - [MESSAGE][FAILED] - Unable to verify equal between actual object '-81.08' and expected object '1.8' (Root cause: com.kms.katalon.core.exception.StepFailedException: Actual object '-81.08' and expected object '1.8' are not equal
	at com.kms.katalon.core.keyword.builtin.VerifyEqualKeyword$_verifyEqual_closure1.doCall(VerifyEqualKeyword.groovy:58)
	at com.kms.katalon.core.keyword.builtin.VerifyEqualKeyword$_verifyEqual_closure1.call(VerifyEqualKeyword.groovy)
	at com.kms.katalon.core.keyword.internal.KeywordMain.runKeyword(KeywordMain.groovy:75)
	at com.kms.katalon.core.keyword.builtin.VerifyEqualKeyword.verifyEqual(VerifyEqualKeyword.groovy:63)
	at com.kms.katalon.core.keyword.builtin.VerifyEqualKeyword.execute(VerifyEqualKeyword.groovy:44)
	at com.kms.katalon.core.keyword.internal.KeywordExecutor.executeKeywordForPlatform(KeywordExecutor.groovy:74)
	at com.kms.katalon.core.keyword.BuiltinKeywords.verifyEqual(BuiltinKeywords.groovy:146)
	at jdk.internal.reflect.GeneratedMethodAccessor25.invoke(Unknown Source)
	at java.base/jdk.internal.reflect.DelegatingMethodAccessorImpl.invoke(DelegatingMethodAccessorImpl.java:43)
	at Выручка в рублях сверка дашбордов ПАО Россети.Blocks(Выручка в рублях сверка дашбордов ПАО Россети:477)
	at Выручка в рублях сверка дашбордов ПАО Россети.ViruchkaChange(Выручка в рублях сверка дашбордов ПАО Россети:60)
	at Выручка в рублях сверка дашбордов ПАО Россети.run(Выручка в рублях сверка дашбордов ПАО Россети:55)
	at com.kms.katalon.core.main.ScriptEngine.run(ScriptEngine.java:194)
	at com.kms.katalon.core.main.ScriptEngine.runScriptAsRawText(ScriptEngine.java:119)
	at com.kms.katalon.core.main.TestCaseExecutor.runScript(TestCaseExecutor.java:448)
	at com.kms.katalon.core.main.TestCaseExecutor.doExecute(TestCaseExecutor.java:439)
	at com.kms.katalon.core.main.TestCaseExecutor.processExecutionPhase(TestCaseExecutor.java:418)
	at com.kms.katalon.core.main.TestCaseExecutor.accessMainPhase(TestCaseExecutor.java:410)
	at com.kms.katalon.core.main.TestCaseExecutor.execute(TestCaseExecutor.java:285)
	at com.kms.katalon.core.common.CommonExecutor.accessTestCaseMainPhase(CommonExecutor.java:65)
	at com.kms.katalon.core.main.TestSuiteExecutor.accessTestSuiteMainPhase(TestSuiteExecutor.java:150)
	at com.kms.katalon.core.main.TestSuiteExecutor.execute(TestSuiteExecutor.java:106)
	at com.kms.katalon.core.main.TestCaseMain.startTestSuite(TestCaseMain.java:180)
	at TempTestSuite1738107421100.run(TempTestSuite1738107421100.groovy:35)
	at java.base/jdk.internal.reflect.NativeMethodAccessorImpl.invoke0(Native Method)
	at java.base/jdk.internal.reflect.NativeMethodAccessorImpl.invoke(NativeMethodAccessorImpl.java:77)
	at java.base/jdk.internal.reflect.DelegatingMethodAccessorImpl.invoke(DelegatingMethodAccessorImpl.java:43)
)

29-01-2025T03:42:23 - [TEST_STEP][PASSED] - a = replaceAll("\s+", "").toDouble(): null

29-01-2025T03:42:23 - [TEST_STEP][PASSED] - b = replaceAll("\s+", "").toDouble(): null

29-01-2025T03:42:23 - [TEST_STEP][PASSED] - Script1710234207206.WriteToExcel(todaysDate, run, vir, block, typeOfData, viruchka, vidget, nameOfBlock, a, b, dZO): null

29-01-2025T03:42:23 - [TEST_STEP][PASSED] - println(run): null

29-01-2025T03:42:23 - [TEST_STEP][PASSED] - if (run == 1): null

29-01-2025T03:42:23 - [TEST_STEP][PASSED] - else if (run == 2): null

29-01-2025T03:42:23 - [TEST_STEP][PASSED] - typeOfData = "Проценты": null

29-01-2025T03:42:23 - [TEST_STEP][PASSED] - println("todaysDate:" + todaysDate): null

29-01-2025T03:42:23 - [TEST_STEP][PASSED] - println("typeOfData:" + typeOfData): null

29-01-2025T03:42:23 - [TEST_STEP][PASSED] - viruchka = getText(findTestObject("Выручка в рублях/Фильтр Выручка" + nameOfBlock)): Text of object 'Object Repository/Выручка в рублях/Фильтр Выручка Выручка' is: 'Все'

29-01-2025T03:42:23 - [MESSAGE][PASSED] - Text of object 'Object Repository/Выручка в рублях/Фильтр Выручка Выручка' is: 'Все'

29-01-2025T03:42:23 - [TEST_STEP][PASSED] - println("viruchka" + viruchka): null

29-01-2025T03:42:23 - [TEST_STEP][PASSED] - println("vidget" + vidget): null

29-01-2025T03:42:23 - [TEST_STEP][PASSED] - println("a" + a): null

29-01-2025T03:42:23 - [TEST_STEP][PASSED] - println("b" + b): null

29-01-2025T03:42:23 - [TEST_STEP][PASSED] - sheetName = "Sheet1": null

29-01-2025T03:42:23 - [TEST_STEP][PASSED] - data = findTestData("PlanFact"): null

29-01-2025T03:42:23 - [TEST_STEP][PASSED] - n = data.getRowNumbers() + 1: null

29-01-2025T03:42:23 - [TEST_STEP][PASSED] - period = getText(findTestObject("Выручка в рублях/Фильтр Период")): Text of object 'Object Repository/Выручка в рублях/Фильтр Период' is: '2024'

29-01-2025T03:42:24 - [MESSAGE][PASSED] - Text of object 'Object Repository/Выручка в рублях/Фильтр Период' is: '2024'

29-01-2025T03:42:24 - [TEST_STEP][PASSED] - println(period): null

29-01-2025T03:42:24 - [TEST_STEP][PASSED] - dashboardName = "Выручка в рублях": null

29-01-2025T03:42:24 - [TEST_STEP][PASSED] - workbook01 = getWorkbook(excelFilePath): null

29-01-2025T03:42:24 - [TEST_STEP][PASSED] - sheet01 = getExcelSheet(workbook01, sheetName): null

29-01-2025T03:42:24 - [TEST_STEP][PASSED] - setValueToCellByIndex(sheet01, n, 0, dashboardName): null

29-01-2025T03:42:24 - [TEST_STEP][PASSED] - setValueToCellByIndex(sheet01, n, 1, dZO): null

29-01-2025T03:42:24 - [TEST_STEP][PASSED] - setValueToCellByIndex(sheet01, n, 2, vidget): null

29-01-2025T03:42:24 - [TEST_STEP][PASSED] - setValueToCellByIndex(sheet01, n, 3, viruchka): null

29-01-2025T03:42:24 - [TEST_STEP][PASSED] - setValueToCellByIndex(sheet01, n, 4, typeOfData): null

29-01-2025T03:42:24 - [TEST_STEP][PASSED] - if (a == null): null

29-01-2025T03:42:24 - [TEST_STEP][PASSED] - else: null

29-01-2025T03:42:24 - [TEST_STEP][PASSED] - setValueToCellByIndex(sheet01, n, 5, a): null

29-01-2025T03:42:24 - [TEST_STEP][PASSED] - if (b == null): null

29-01-2025T03:42:24 - [TEST_STEP][PASSED] - else: null

29-01-2025T03:42:24 - [TEST_STEP][PASSED] - setValueToCellByIndex(sheet01, n, 6, b): null

29-01-2025T03:42:24 - [TEST_STEP][PASSED] - setValueToCellByIndex(sheet01, n, 7, period): null

29-01-2025T03:42:24 - [TEST_STEP][PASSED] - setValueToCellByIndex(sheet01, n, 8, todaysDate): null

29-01-2025T03:42:24 - [TEST_STEP][PASSED] - n = n + 1: null

29-01-2025T03:42:24 - [TEST_STEP][PASSED] - saveWorkbook(excelFilePath, workbook01): null

29-01-2025T03:42:24 - [TEST_STEP][PASSED] - dZO = "Россети ФСК ЕЭС": null

29-01-2025T03:42:24 - [TEST_STEP][FAILED] - if (verifyEqual(a313, b313) == false): null

29-01-2025T03:42:24 - [MESSAGE][FAILED] - Unable to verify equal between actual object '-91.14' and expected object '-7.48' (Root cause: com.kms.katalon.core.exception.StepFailedException: Actual object '-91.14' and expected object '-7.48' are not equal
	at com.kms.katalon.core.keyword.builtin.VerifyEqualKeyword$_verifyEqual_closure1.doCall(VerifyEqualKeyword.groovy:58)
	at com.kms.katalon.core.keyword.builtin.VerifyEqualKeyword$_verifyEqual_closure1.call(VerifyEqualKeyword.groovy)
	at com.kms.katalon.core.keyword.internal.KeywordMain.runKeyword(KeywordMain.groovy:75)
	at com.kms.katalon.core.keyword.builtin.VerifyEqualKeyword.verifyEqual(VerifyEqualKeyword.groovy:63)
	at com.kms.katalon.core.keyword.builtin.VerifyEqualKeyword.execute(VerifyEqualKeyword.groovy:44)
	at com.kms.katalon.core.keyword.internal.KeywordExecutor.executeKeywordForPlatform(KeywordExecutor.groovy:74)
	at com.kms.katalon.core.keyword.BuiltinKeywords.verifyEqual(BuiltinKeywords.groovy:146)
	at jdk.internal.reflect.GeneratedMethodAccessor25.invoke(Unknown Source)
	at java.base/jdk.internal.reflect.DelegatingMethodAccessorImpl.invoke(DelegatingMethodAccessorImpl.java:43)
	at Выручка в рублях сверка дашбордов ПАО Россети.Blocks(Выручка в рублях сверка дашбордов ПАО Россети:487)
	at Выручка в рублях сверка дашбордов ПАО Россети.ViruchkaChange(Выручка в рублях сверка дашбордов ПАО Россети:60)
	at Выручка в рублях сверка дашбордов ПАО Россети.run(Выручка в рублях сверка дашбордов ПАО Россети:55)
	at com.kms.katalon.core.main.ScriptEngine.run(ScriptEngine.java:194)
	at com.kms.katalon.core.main.ScriptEngine.runScriptAsRawText(ScriptEngine.java:119)
	at com.kms.katalon.core.main.TestCaseExecutor.runScript(TestCaseExecutor.java:448)
	at com.kms.katalon.core.main.TestCaseExecutor.doExecute(TestCaseExecutor.java:439)
	at com.kms.katalon.core.main.TestCaseExecutor.processExecutionPhase(TestCaseExecutor.java:418)
	at com.kms.katalon.core.main.TestCaseExecutor.accessMainPhase(TestCaseExecutor.java:410)
	at com.kms.katalon.core.main.TestCaseExecutor.execute(TestCaseExecutor.java:285)
	at com.kms.katalon.core.common.CommonExecutor.accessTestCaseMainPhase(CommonExecutor.java:65)
	at com.kms.katalon.core.main.TestSuiteExecutor.accessTestSuiteMainPhase(TestSuiteExecutor.java:150)
	at com.kms.katalon.core.main.TestSuiteExecutor.execute(TestSuiteExecutor.java:106)
	at com.kms.katalon.core.main.TestCaseMain.startTestSuite(TestCaseMain.java:180)
	at TempTestSuite1738107421100.run(TempTestSuite1738107421100.groovy:35)
	at java.base/jdk.internal.reflect.NativeMethodAccessorImpl.invoke0(Native Method)
	at java.base/jdk.internal.reflect.NativeMethodAccessorImpl.invoke(NativeMethodAccessorImpl.java:77)
	at java.base/jdk.internal.reflect.DelegatingMethodAccessorImpl.invoke(DelegatingMethodAccessorImpl.java:43)
)

29-01-2025T03:42:24 - [TEST_STEP][PASSED] - a = replaceAll("\s+", "").toDouble(): null

29-01-2025T03:42:24 - [TEST_STEP][PASSED] - b = replaceAll("\s+", "").toDouble(): null

29-01-2025T03:42:24 - [TEST_STEP][PASSED] - Script1710234207206.WriteToExcel(todaysDate, run, vir, block, typeOfData, viruchka, vidget, nameOfBlock, a, b, dZO): null

29-01-2025T03:42:24 - [TEST_STEP][PASSED] - println(run): null

29-01-2025T03:42:24 - [TEST_STEP][PASSED] - if (run == 1): null

29-01-2025T03:42:24 - [TEST_STEP][PASSED] - else if (run == 2): null

29-01-2025T03:42:24 - [TEST_STEP][PASSED] - typeOfData = "Проценты": null

29-01-2025T03:42:24 - [TEST_STEP][PASSED] - println("todaysDate:" + todaysDate): null

29-01-2025T03:42:24 - [TEST_STEP][PASSED] - println("typeOfData:" + typeOfData): null

29-01-2025T03:42:24 - [TEST_STEP][PASSED] - viruchka = getText(findTestObject("Выручка в рублях/Фильтр Выручка" + nameOfBlock)): Text of object 'Object Repository/Выручка в рублях/Фильтр Выручка Выручка' is: 'Все'

29-01-2025T03:42:24 - [MESSAGE][PASSED] - Text of object 'Object Repository/Выручка в рублях/Фильтр Выручка Выручка' is: 'Все'

29-01-2025T03:42:24 - [TEST_STEP][PASSED] - println("viruchka" + viruchka): null

29-01-2025T03:42:24 - [TEST_STEP][PASSED] - println("vidget" + vidget): null

29-01-2025T03:42:24 - [TEST_STEP][PASSED] - println("a" + a): null

29-01-2025T03:42:24 - [TEST_STEP][PASSED] - println("b" + b): null

29-01-2025T03:42:24 - [TEST_STEP][PASSED] - sheetName = "Sheet1": null

29-01-2025T03:42:24 - [TEST_STEP][PASSED] - data = findTestData("PlanFact"): null

29-01-2025T03:42:24 - [TEST_STEP][PASSED] - n = data.getRowNumbers() + 1: null

29-01-2025T03:42:24 - [TEST_STEP][PASSED] - period = getText(findTestObject("Выручка в рублях/Фильтр Период")): Text of object 'Object Repository/Выручка в рублях/Фильтр Период' is: '2024'

29-01-2025T03:42:25 - [MESSAGE][PASSED] - Text of object 'Object Repository/Выручка в рублях/Фильтр Период' is: '2024'

29-01-2025T03:42:25 - [TEST_STEP][PASSED] - println(period): null

29-01-2025T03:42:25 - [TEST_STEP][PASSED] - dashboardName = "Выручка в рублях": null

29-01-2025T03:42:25 - [TEST_STEP][PASSED] - workbook01 = getWorkbook(excelFilePath): null

29-01-2025T03:42:25 - [TEST_STEP][PASSED] - sheet01 = getExcelSheet(workbook01, sheetName): null

29-01-2025T03:42:25 - [TEST_STEP][PASSED] - setValueToCellByIndex(sheet01, n, 0, dashboardName): null

29-01-2025T03:42:25 - [TEST_STEP][PASSED] - setValueToCellByIndex(sheet01, n, 1, dZO): null

29-01-2025T03:42:25 - [TEST_STEP][PASSED] - setValueToCellByIndex(sheet01, n, 2, vidget): null

29-01-2025T03:42:25 - [TEST_STEP][PASSED] - setValueToCellByIndex(sheet01, n, 3, viruchka): null

29-01-2025T03:42:25 - [TEST_STEP][PASSED] - setValueToCellByIndex(sheet01, n, 4, typeOfData): null

29-01-2025T03:42:25 - [TEST_STEP][PASSED] - if (a == null): null

29-01-2025T03:42:25 - [TEST_STEP][PASSED] - else: null

29-01-2025T03:42:25 - [TEST_STEP][PASSED] - setValueToCellByIndex(sheet01, n, 5, a): null

29-01-2025T03:42:25 - [TEST_STEP][PASSED] - if (b == null): null

29-01-2025T03:42:25 - [TEST_STEP][PASSED] - else: null

29-01-2025T03:42:25 - [TEST_STEP][PASSED] - setValueToCellByIndex(sheet01, n, 6, b): null

29-01-2025T03:42:25 - [TEST_STEP][PASSED] - setValueToCellByIndex(sheet01, n, 7, period): null

29-01-2025T03:42:25 - [TEST_STEP][PASSED] - setValueToCellByIndex(sheet01, n, 8, todaysDate): null

29-01-2025T03:42:25 - [TEST_STEP][PASSED] - n = n + 1: null

29-01-2025T03:42:25 - [TEST_STEP][PASSED] - saveWorkbook(excelFilePath, workbook01): null

29-01-2025T03:42:25 - [TEST_STEP][PASSED] - dZO = "Россети Центр": null

29-01-2025T03:42:25 - [TEST_STEP][FAILED] - if (verifyEqual(a314, b314) == false): null

29-01-2025T03:42:25 - [MESSAGE][FAILED] - Unable to verify equal between actual object '-90.58' and expected object '3.13' (Root cause: com.kms.katalon.core.exception.StepFailedException: Actual object '-90.58' and expected object '3.13' are not equal
	at com.kms.katalon.core.keyword.builtin.VerifyEqualKeyword$_verifyEqual_closure1.doCall(VerifyEqualKeyword.groovy:58)
	at com.kms.katalon.core.keyword.builtin.VerifyEqualKeyword$_verifyEqual_closure1.call(VerifyEqualKeyword.groovy)
	at com.kms.katalon.core.keyword.internal.KeywordMain.runKeyword(KeywordMain.groovy:75)
	at com.kms.katalon.core.keyword.builtin.VerifyEqualKeyword.verifyEqual(VerifyEqualKeyword.groovy:63)
	at com.kms.katalon.core.keyword.builtin.VerifyEqualKeyword.execute(VerifyEqualKeyword.groovy:44)
	at com.kms.katalon.core.keyword.internal.KeywordExecutor.executeKeywordForPlatform(KeywordExecutor.groovy:74)
	at com.kms.katalon.core.keyword.BuiltinKeywords.verifyEqual(BuiltinKeywords.groovy:146)
	at jdk.internal.reflect.GeneratedMethodAccessor25.invoke(Unknown Source)
	at java.base/jdk.internal.reflect.DelegatingMethodAccessorImpl.invoke(DelegatingMethodAccessorImpl.java:43)
	at Выручка в рублях сверка дашбордов ПАО Россети.Blocks(Выручка в рублях сверка дашбордов ПАО Россети:497)
	at Выручка в рублях сверка дашбордов ПАО Россети.ViruchkaChange(Выручка в рублях сверка дашбордов ПАО Россети:60)
	at Выручка в рублях сверка дашбордов ПАО Россети.run(Выручка в рублях сверка дашбордов ПАО Россети:55)
	at com.kms.katalon.core.main.ScriptEngine.run(ScriptEngine.java:194)
	at com.kms.katalon.core.main.ScriptEngine.runScriptAsRawText(ScriptEngine.java:119)
	at com.kms.katalon.core.main.TestCaseExecutor.runScript(TestCaseExecutor.java:448)
	at com.kms.katalon.core.main.TestCaseExecutor.doExecute(TestCaseExecutor.java:439)
	at com.kms.katalon.core.main.TestCaseExecutor.processExecutionPhase(TestCaseExecutor.java:418)
	at com.kms.katalon.core.main.TestCaseExecutor.accessMainPhase(TestCaseExecutor.java:410)
	at com.kms.katalon.core.main.TestCaseExecutor.execute(TestCaseExecutor.java:285)
	at com.kms.katalon.core.common.CommonExecutor.accessTestCaseMainPhase(CommonExecutor.java:65)
	at com.kms.katalon.core.main.TestSuiteExecutor.accessTestSuiteMainPhase(TestSuiteExecutor.java:150)
	at com.kms.katalon.core.main.TestSuiteExecutor.execute(TestSuiteExecutor.java:106)
	at com.kms.katalon.core.main.TestCaseMain.startTestSuite(TestCaseMain.java:180)
	at TempTestSuite1738107421100.run(TempTestSuite1738107421100.groovy:35)
	at java.base/jdk.internal.reflect.NativeMethodAccessorImpl.invoke0(Native Method)
	at java.base/jdk.internal.reflect.NativeMethodAccessorImpl.invoke(NativeMethodAccessorImpl.java:77)
	at java.base/jdk.internal.reflect.DelegatingMethodAccessorImpl.invoke(DelegatingMethodAccessorImpl.java:43)
)

29-01-2025T03:42:25 - [TEST_STEP][PASSED] - a = replaceAll("\s+", "").toDouble(): null

29-01-2025T03:42:25 - [TEST_STEP][PASSED] - b = replaceAll("\s+", "").toDouble(): null

29-01-2025T03:42:25 - [TEST_STEP][PASSED] - Script1710234207206.WriteToExcel(todaysDate, run, vir, block, typeOfData, viruchka, vidget, nameOfBlock, a, b, dZO): null

29-01-2025T03:42:25 - [TEST_STEP][PASSED] - println(run): null

29-01-2025T03:42:25 - [TEST_STEP][PASSED] - if (run == 1): null

29-01-2025T03:42:25 - [TEST_STEP][PASSED] - else if (run == 2): null

29-01-2025T03:42:25 - [TEST_STEP][PASSED] - typeOfData = "Проценты": null

29-01-2025T03:42:25 - [TEST_STEP][PASSED] - println("todaysDate:" + todaysDate): null

29-01-2025T03:42:25 - [TEST_STEP][PASSED] - println("typeOfData:" + typeOfData): null

29-01-2025T03:42:25 - [TEST_STEP][PASSED] - viruchka = getText(findTestObject("Выручка в рублях/Фильтр Выручка" + nameOfBlock)): Text of object 'Object Repository/Выручка в рублях/Фильтр Выручка Выручка' is: 'Все'

29-01-2025T03:42:25 - [MESSAGE][PASSED] - Text of object 'Object Repository/Выручка в рублях/Фильтр Выручка Выручка' is: 'Все'

29-01-2025T03:42:25 - [TEST_STEP][PASSED] - println("viruchka" + viruchka): null

29-01-2025T03:42:25 - [TEST_STEP][PASSED] - println("vidget" + vidget): null

29-01-2025T03:42:25 - [TEST_STEP][PASSED] - println("a" + a): null

29-01-2025T03:42:25 - [TEST_STEP][PASSED] - println("b" + b): null

29-01-2025T03:42:25 - [TEST_STEP][PASSED] - sheetName = "Sheet1": null

29-01-2025T03:42:25 - [TEST_STEP][PASSED] - data = findTestData("PlanFact"): null

29-01-2025T03:42:25 - [TEST_STEP][PASSED] - n = data.getRowNumbers() + 1: null

29-01-2025T03:42:25 - [TEST_STEP][PASSED] - period = getText(findTestObject("Выручка в рублях/Фильтр Период")): Text of object 'Object Repository/Выручка в рублях/Фильтр Период' is: '2024'

29-01-2025T03:42:26 - [MESSAGE][PASSED] - Text of object 'Object Repository/Выручка в рублях/Фильтр Период' is: '2024'

29-01-2025T03:42:26 - [TEST_STEP][PASSED] - println(period): null

29-01-2025T03:42:26 - [TEST_STEP][PASSED] - dashboardName = "Выручка в рублях": null

29-01-2025T03:42:26 - [TEST_STEP][PASSED] - workbook01 = getWorkbook(excelFilePath): null

29-01-2025T03:42:26 - [TEST_STEP][PASSED] - sheet01 = getExcelSheet(workbook01, sheetName): null

29-01-2025T03:42:26 - [TEST_STEP][PASSED] - setValueToCellByIndex(sheet01, n, 0, dashboardName): null

29-01-2025T03:42:26 - [TEST_STEP][PASSED] - setValueToCellByIndex(sheet01, n, 1, dZO): null

29-01-2025T03:42:26 - [TEST_STEP][PASSED] - setValueToCellByIndex(sheet01, n, 2, vidget): null

29-01-2025T03:42:26 - [TEST_STEP][PASSED] - setValueToCellByIndex(sheet01, n, 3, viruchka): null

29-01-2025T03:42:26 - [TEST_STEP][PASSED] - setValueToCellByIndex(sheet01, n, 4, typeOfData): null

29-01-2025T03:42:26 - [TEST_STEP][PASSED] - if (a == null): null

29-01-2025T03:42:26 - [TEST_STEP][PASSED] - else: null

29-01-2025T03:42:26 - [TEST_STEP][PASSED] - setValueToCellByIndex(sheet01, n, 5, a): null

29-01-2025T03:42:26 - [TEST_STEP][PASSED] - if (b == null): null

29-01-2025T03:42:26 - [TEST_STEP][PASSED] - else: null

29-01-2025T03:42:26 - [TEST_STEP][PASSED] - setValueToCellByIndex(sheet01, n, 6, b): null

29-01-2025T03:42:26 - [TEST_STEP][PASSED] - setValueToCellByIndex(sheet01, n, 7, period): null

29-01-2025T03:42:26 - [TEST_STEP][PASSED] - setValueToCellByIndex(sheet01, n, 8, todaysDate): null

29-01-2025T03:42:26 - [TEST_STEP][PASSED] - n = n + 1: null

29-01-2025T03:42:26 - [TEST_STEP][PASSED] - saveWorkbook(excelFilePath, workbook01): null

29-01-2025T03:42:26 - [TEST_STEP][PASSED] - dZO = "Россети Центр и Приволжье (ГК)": null

29-01-2025T03:42:26 - [TEST_STEP][FAILED] - if (verifyEqual(a315, b315) == false): null

29-01-2025T03:42:26 - [MESSAGE][FAILED] - Unable to verify equal between actual object '-83.94' and expected object '4.09' (Root cause: com.kms.katalon.core.exception.StepFailedException: Actual object '-83.94' and expected object '4.09' are not equal
	at com.kms.katalon.core.keyword.builtin.VerifyEqualKeyword$_verifyEqual_closure1.doCall(VerifyEqualKeyword.groovy:58)
	at com.kms.katalon.core.keyword.builtin.VerifyEqualKeyword$_verifyEqual_closure1.call(VerifyEqualKeyword.groovy)
	at com.kms.katalon.core.keyword.internal.KeywordMain.runKeyword(KeywordMain.groovy:75)
	at com.kms.katalon.core.keyword.builtin.VerifyEqualKeyword.verifyEqual(VerifyEqualKeyword.groovy:63)
	at com.kms.katalon.core.keyword.builtin.VerifyEqualKeyword.execute(VerifyEqualKeyword.groovy:44)
	at com.kms.katalon.core.keyword.internal.KeywordExecutor.executeKeywordForPlatform(KeywordExecutor.groovy:74)
	at com.kms.katalon.core.keyword.BuiltinKeywords.verifyEqual(BuiltinKeywords.groovy:146)
	at jdk.internal.reflect.GeneratedMethodAccessor25.invoke(Unknown Source)
	at java.base/jdk.internal.reflect.DelegatingMethodAccessorImpl.invoke(DelegatingMethodAccessorImpl.java:43)
	at Выручка в рублях сверка дашбордов ПАО Россети.Blocks(Выручка в рублях сверка дашбордов ПАО Россети:507)
	at Выручка в рублях сверка дашбордов ПАО Россети.ViruchkaChange(Выручка в рублях сверка дашбордов ПАО Россети:60)
	at Выручка в рублях сверка дашбордов ПАО Россети.run(Выручка в рублях сверка дашбордов ПАО Россети:55)
	at com.kms.katalon.core.main.ScriptEngine.run(ScriptEngine.java:194)
	at com.kms.katalon.core.main.ScriptEngine.runScriptAsRawText(ScriptEngine.java:119)
	at com.kms.katalon.core.main.TestCaseExecutor.runScript(TestCaseExecutor.java:448)
	at com.kms.katalon.core.main.TestCaseExecutor.doExecute(TestCaseExecutor.java:439)
	at com.kms.katalon.core.main.TestCaseExecutor.processExecutionPhase(TestCaseExecutor.java:418)
	at com.kms.katalon.core.main.TestCaseExecutor.accessMainPhase(TestCaseExecutor.java:410)
	at com.kms.katalon.core.main.TestCaseExecutor.execute(TestCaseExecutor.java:285)
	at com.kms.katalon.core.common.CommonExecutor.accessTestCaseMainPhase(CommonExecutor.java:65)
	at com.kms.katalon.core.main.TestSuiteExecutor.accessTestSuiteMainPhase(TestSuiteExecutor.java:150)
	at com.kms.katalon.core.main.TestSuiteExecutor.execute(TestSuiteExecutor.java:106)
	at com.kms.katalon.core.main.TestCaseMain.startTestSuite(TestCaseMain.java:180)
	at TempTestSuite1738107421100.run(TempTestSuite1738107421100.groovy:35)
	at java.base/jdk.internal.reflect.NativeMethodAccessorImpl.invoke0(Native Method)
	at java.base/jdk.internal.reflect.NativeMethodAccessorImpl.invoke(NativeMethodAccessorImpl.java:77)
	at java.base/jdk.internal.reflect.DelegatingMethodAccessorImpl.invoke(DelegatingMethodAccessorImpl.java:43)
)

29-01-2025T03:42:26 - [TEST_STEP][PASSED] - a = replaceAll("\s+", "").toDouble(): null

29-01-2025T03:42:26 - [TEST_STEP][PASSED] - b = replaceAll("\s+", "").toDouble(): null

29-01-2025T03:42:26 - [TEST_STEP][PASSED] - Script1710234207206.WriteToExcel(todaysDate, run, vir, block, typeOfData, viruchka, vidget, nameOfBlock, a, b, dZO): null

29-01-2025T03:42:26 - [TEST_STEP][PASSED] - println(run): null

29-01-2025T03:42:26 - [TEST_STEP][PASSED] - if (run == 1): null

29-01-2025T03:42:26 - [TEST_STEP][PASSED] - else if (run == 2): null

29-01-2025T03:42:26 - [TEST_STEP][PASSED] - typeOfData = "Проценты": null

29-01-2025T03:42:26 - [TEST_STEP][PASSED] - println("todaysDate:" + todaysDate): null

29-01-2025T03:42:26 - [TEST_STEP][PASSED] - println("typeOfData:" + typeOfData): null

29-01-2025T03:42:26 - [TEST_STEP][PASSED] - viruchka = getText(findTestObject("Выручка в рублях/Фильтр Выручка" + nameOfBlock)): Text of object 'Object Repository/Выручка в рублях/Фильтр Выручка Выручка' is: 'Все'

29-01-2025T03:42:26 - [MESSAGE][PASSED] - Text of object 'Object Repository/Выручка в рублях/Фильтр Выручка Выручка' is: 'Все'

29-01-2025T03:42:26 - [TEST_STEP][PASSED] - println("viruchka" + viruchka): null

29-01-2025T03:42:26 - [TEST_STEP][PASSED] - println("vidget" + vidget): null

29-01-2025T03:42:26 - [TEST_STEP][PASSED] - println("a" + a): null

29-01-2025T03:42:26 - [TEST_STEP][PASSED] - println("b" + b): null

29-01-2025T03:42:26 - [TEST_STEP][PASSED] - sheetName = "Sheet1": null

29-01-2025T03:42:26 - [TEST_STEP][PASSED] - data = findTestData("PlanFact"): null

29-01-2025T03:42:26 - [TEST_STEP][PASSED] - n = data.getRowNumbers() + 1: null

29-01-2025T03:42:26 - [TEST_STEP][PASSED] - period = getText(findTestObject("Выручка в рублях/Фильтр Период")): Text of object 'Object Repository/Выручка в рублях/Фильтр Период' is: '2024'

29-01-2025T03:42:27 - [MESSAGE][PASSED] - Text of object 'Object Repository/Выручка в рублях/Фильтр Период' is: '2024'

29-01-2025T03:42:27 - [TEST_STEP][PASSED] - println(period): null

29-01-2025T03:42:27 - [TEST_STEP][PASSED] - dashboardName = "Выручка в рублях": null

29-01-2025T03:42:27 - [TEST_STEP][PASSED] - workbook01 = getWorkbook(excelFilePath): null

29-01-2025T03:42:27 - [TEST_STEP][PASSED] - sheet01 = getExcelSheet(workbook01, sheetName): null

29-01-2025T03:42:27 - [TEST_STEP][PASSED] - setValueToCellByIndex(sheet01, n, 0, dashboardName): null

29-01-2025T03:42:27 - [TEST_STEP][PASSED] - setValueToCellByIndex(sheet01, n, 1, dZO): null

29-01-2025T03:42:27 - [TEST_STEP][PASSED] - setValueToCellByIndex(sheet01, n, 2, vidget): null

29-01-2025T03:42:27 - [TEST_STEP][PASSED] - setValueToCellByIndex(sheet01, n, 3, viruchka): null

29-01-2025T03:42:27 - [TEST_STEP][PASSED] - setValueToCellByIndex(sheet01, n, 4, typeOfData): null

29-01-2025T03:42:27 - [TEST_STEP][PASSED] - if (a == null): null

29-01-2025T03:42:27 - [TEST_STEP][PASSED] - else: null

29-01-2025T03:42:27 - [TEST_STEP][PASSED] - setValueToCellByIndex(sheet01, n, 5, a): null

29-01-2025T03:42:27 - [TEST_STEP][PASSED] - if (b == null): null

29-01-2025T03:42:27 - [TEST_STEP][PASSED] - else: null

29-01-2025T03:42:27 - [TEST_STEP][PASSED] - setValueToCellByIndex(sheet01, n, 6, b): null

29-01-2025T03:42:27 - [TEST_STEP][PASSED] - setValueToCellByIndex(sheet01, n, 7, period): null

29-01-2025T03:42:27 - [TEST_STEP][PASSED] - setValueToCellByIndex(sheet01, n, 8, todaysDate): null

29-01-2025T03:42:27 - [TEST_STEP][PASSED] - n = n + 1: null

29-01-2025T03:42:27 - [TEST_STEP][PASSED] - saveWorkbook(excelFilePath, workbook01): null

29-01-2025T03:42:27 - [TEST_STEP][PASSED] - dZO = "Россети Юг (ГК)": null

29-01-2025T03:42:27 - [TEST_STEP][FAILED] - if (verifyEqual(a316, b316) == false): null

29-01-2025T03:42:27 - [MESSAGE][FAILED] - Unable to verify equal between actual object '-84.71' and expected object '2.3' (Root cause: com.kms.katalon.core.exception.StepFailedException: Actual object '-84.71' and expected object '2.3' are not equal
	at com.kms.katalon.core.keyword.builtin.VerifyEqualKeyword$_verifyEqual_closure1.doCall(VerifyEqualKeyword.groovy:58)
	at com.kms.katalon.core.keyword.builtin.VerifyEqualKeyword$_verifyEqual_closure1.call(VerifyEqualKeyword.groovy)
	at com.kms.katalon.core.keyword.internal.KeywordMain.runKeyword(KeywordMain.groovy:75)
	at com.kms.katalon.core.keyword.builtin.VerifyEqualKeyword.verifyEqual(VerifyEqualKeyword.groovy:63)
	at com.kms.katalon.core.keyword.builtin.VerifyEqualKeyword.execute(VerifyEqualKeyword.groovy:44)
	at com.kms.katalon.core.keyword.internal.KeywordExecutor.executeKeywordForPlatform(KeywordExecutor.groovy:74)
	at com.kms.katalon.core.keyword.BuiltinKeywords.verifyEqual(BuiltinKeywords.groovy:146)
	at jdk.internal.reflect.GeneratedMethodAccessor25.invoke(Unknown Source)
	at java.base/jdk.internal.reflect.DelegatingMethodAccessorImpl.invoke(DelegatingMethodAccessorImpl.java:43)
	at Выручка в рублях сверка дашбордов ПАО Россети.Blocks(Выручка в рублях сверка дашбордов ПАО Россети:517)
	at Выручка в рублях сверка дашбордов ПАО Россети.ViruchkaChange(Выручка в рублях сверка дашбордов ПАО Россети:60)
	at Выручка в рублях сверка дашбордов ПАО Россети.run(Выручка в рублях сверка дашбордов ПАО Россети:55)
	at com.kms.katalon.core.main.ScriptEngine.run(ScriptEngine.java:194)
	at com.kms.katalon.core.main.ScriptEngine.runScriptAsRawText(ScriptEngine.java:119)
	at com.kms.katalon.core.main.TestCaseExecutor.runScript(TestCaseExecutor.java:448)
	at com.kms.katalon.core.main.TestCaseExecutor.doExecute(TestCaseExecutor.java:439)
	at com.kms.katalon.core.main.TestCaseExecutor.processExecutionPhase(TestCaseExecutor.java:418)
	at com.kms.katalon.core.main.TestCaseExecutor.accessMainPhase(TestCaseExecutor.java:410)
	at com.kms.katalon.core.main.TestCaseExecutor.execute(TestCaseExecutor.java:285)
	at com.kms.katalon.core.common.CommonExecutor.accessTestCaseMainPhase(CommonExecutor.java:65)
	at com.kms.katalon.core.main.TestSuiteExecutor.accessTestSuiteMainPhase(TestSuiteExecutor.java:150)
	at com.kms.katalon.core.main.TestSuiteExecutor.execute(TestSuiteExecutor.java:106)
	at com.kms.katalon.core.main.TestCaseMain.startTestSuite(TestCaseMain.java:180)
	at TempTestSuite1738107421100.run(TempTestSuite1738107421100.groovy:35)
	at java.base/jdk.internal.reflect.NativeMethodAccessorImpl.invoke0(Native Method)
	at java.base/jdk.internal.reflect.NativeMethodAccessorImpl.invoke(NativeMethodAccessorImpl.java:77)
	at java.base/jdk.internal.reflect.DelegatingMethodAccessorImpl.invoke(DelegatingMethodAccessorImpl.java:43)
)

29-01-2025T03:42:27 - [TEST_STEP][PASSED] - a = replaceAll("\s+", "").toDouble(): null

29-01-2025T03:42:27 - [TEST_STEP][PASSED] - b = replaceAll("\s+", "").toDouble(): null

29-01-2025T03:42:27 - [TEST_STEP][PASSED] - Script1710234207206.WriteToExcel(todaysDate, run, vir, block, typeOfData, viruchka, vidget, nameOfBlock, a, b, dZO): null

29-01-2025T03:42:27 - [TEST_STEP][PASSED] - println(run): null

29-01-2025T03:42:27 - [TEST_STEP][PASSED] - if (run == 1): null

29-01-2025T03:42:27 - [TEST_STEP][PASSED] - else if (run == 2): null

29-01-2025T03:42:27 - [TEST_STEP][PASSED] - typeOfData = "Проценты": null

29-01-2025T03:42:27 - [TEST_STEP][PASSED] - println("todaysDate:" + todaysDate): null

29-01-2025T03:42:27 - [TEST_STEP][PASSED] - println("typeOfData:" + typeOfData): null

29-01-2025T03:42:27 - [TEST_STEP][PASSED] - viruchka = getText(findTestObject("Выручка в рублях/Фильтр Выручка" + nameOfBlock)): Text of object 'Object Repository/Выручка в рублях/Фильтр Выручка Выручка' is: 'Все'

29-01-2025T03:42:27 - [MESSAGE][PASSED] - Text of object 'Object Repository/Выручка в рублях/Фильтр Выручка Выручка' is: 'Все'

29-01-2025T03:42:27 - [TEST_STEP][PASSED] - println("viruchka" + viruchka): null

29-01-2025T03:42:27 - [TEST_STEP][PASSED] - println("vidget" + vidget): null

29-01-2025T03:42:27 - [TEST_STEP][PASSED] - println("a" + a): null

29-01-2025T03:42:27 - [TEST_STEP][PASSED] - println("b" + b): null

29-01-2025T03:42:27 - [TEST_STEP][PASSED] - sheetName = "Sheet1": null

29-01-2025T03:42:27 - [TEST_STEP][PASSED] - data = findTestData("PlanFact"): null

29-01-2025T03:42:27 - [TEST_STEP][PASSED] - n = data.getRowNumbers() + 1: null

29-01-2025T03:42:27 - [TEST_STEP][PASSED] - period = getText(findTestObject("Выручка в рублях/Фильтр Период")): Text of object 'Object Repository/Выручка в рублях/Фильтр Период' is: '2024'

29-01-2025T03:42:27 - [MESSAGE][PASSED] - Text of object 'Object Repository/Выручка в рублях/Фильтр Период' is: '2024'

29-01-2025T03:42:28 - [TEST_STEP][PASSED] - println(period): null

29-01-2025T03:42:28 - [TEST_STEP][PASSED] - dashboardName = "Выручка в рублях": null

29-01-2025T03:42:28 - [TEST_STEP][PASSED] - workbook01 = getWorkbook(excelFilePath): null

29-01-2025T03:42:28 - [TEST_STEP][PASSED] - sheet01 = getExcelSheet(workbook01, sheetName): null

29-01-2025T03:42:28 - [TEST_STEP][PASSED] - setValueToCellByIndex(sheet01, n, 0, dashboardName): null

29-01-2025T03:42:28 - [TEST_STEP][PASSED] - setValueToCellByIndex(sheet01, n, 1, dZO): null

29-01-2025T03:42:28 - [TEST_STEP][PASSED] - setValueToCellByIndex(sheet01, n, 2, vidget): null

29-01-2025T03:42:28 - [TEST_STEP][PASSED] - setValueToCellByIndex(sheet01, n, 3, viruchka): null

29-01-2025T03:42:28 - [TEST_STEP][PASSED] - setValueToCellByIndex(sheet01, n, 4, typeOfData): null

29-01-2025T03:42:28 - [TEST_STEP][PASSED] - if (a == null): null

29-01-2025T03:42:28 - [TEST_STEP][PASSED] - else: null

29-01-2025T03:42:28 - [TEST_STEP][PASSED] - setValueToCellByIndex(sheet01, n, 5, a): null

29-01-2025T03:42:28 - [TEST_STEP][PASSED] - if (b == null): null

29-01-2025T03:42:28 - [TEST_STEP][PASSED] - else: null

29-01-2025T03:42:28 - [TEST_STEP][PASSED] - setValueToCellByIndex(sheet01, n, 6, b): null

29-01-2025T03:42:28 - [TEST_STEP][PASSED] - setValueToCellByIndex(sheet01, n, 7, period): null

29-01-2025T03:42:28 - [TEST_STEP][PASSED] - setValueToCellByIndex(sheet01, n, 8, todaysDate): null

29-01-2025T03:42:28 - [TEST_STEP][PASSED] - n = n + 1: null

29-01-2025T03:42:28 - [TEST_STEP][PASSED] - saveWorkbook(excelFilePath, workbook01): null

29-01-2025T03:42:28 - [TEST_STEP][PASSED] - dZO = "Россети Янтарь": null

29-01-2025T03:42:28 - [TEST_STEP][FAILED] - if (verifyEqual(a317, b317) == false): null

29-01-2025T03:42:28 - [MESSAGE][FAILED] - Unable to verify equal between actual object '-89.55' and expected object '3.99' (Root cause: com.kms.katalon.core.exception.StepFailedException: Actual object '-89.55' and expected object '3.99' are not equal
	at com.kms.katalon.core.keyword.builtin.VerifyEqualKeyword$_verifyEqual_closure1.doCall(VerifyEqualKeyword.groovy:58)
	at com.kms.katalon.core.keyword.builtin.VerifyEqualKeyword$_verifyEqual_closure1.call(VerifyEqualKeyword.groovy)
	at com.kms.katalon.core.keyword.internal.KeywordMain.runKeyword(KeywordMain.groovy:75)
	at com.kms.katalon.core.keyword.builtin.VerifyEqualKeyword.verifyEqual(VerifyEqualKeyword.groovy:63)
	at com.kms.katalon.core.keyword.builtin.VerifyEqualKeyword.execute(VerifyEqualKeyword.groovy:44)
	at com.kms.katalon.core.keyword.internal.KeywordExecutor.executeKeywordForPlatform(KeywordExecutor.groovy:74)
	at com.kms.katalon.core.keyword.BuiltinKeywords.verifyEqual(BuiltinKeywords.groovy:146)
	at jdk.internal.reflect.GeneratedMethodAccessor25.invoke(Unknown Source)
	at java.base/jdk.internal.reflect.DelegatingMethodAccessorImpl.invoke(DelegatingMethodAccessorImpl.java:43)
	at Выручка в рублях сверка дашбордов ПАО Россети.Blocks(Выручка в рублях сверка дашбордов ПАО Россети:527)
	at Выручка в рублях сверка дашбордов ПАО Россети.ViruchkaChange(Выручка в рублях сверка дашбордов ПАО Россети:60)
	at Выручка в рублях сверка дашбордов ПАО Россети.run(Выручка в рублях сверка дашбордов ПАО Россети:55)
	at com.kms.katalon.core.main.ScriptEngine.run(ScriptEngine.java:194)
	at com.kms.katalon.core.main.ScriptEngine.runScriptAsRawText(ScriptEngine.java:119)
	at com.kms.katalon.core.main.TestCaseExecutor.runScript(TestCaseExecutor.java:448)
	at com.kms.katalon.core.main.TestCaseExecutor.doExecute(TestCaseExecutor.java:439)
	at com.kms.katalon.core.main.TestCaseExecutor.processExecutionPhase(TestCaseExecutor.java:418)
	at com.kms.katalon.core.main.TestCaseExecutor.accessMainPhase(TestCaseExecutor.java:410)
	at com.kms.katalon.core.main.TestCaseExecutor.execute(TestCaseExecutor.java:285)
	at com.kms.katalon.core.common.CommonExecutor.accessTestCaseMainPhase(CommonExecutor.java:65)
	at com.kms.katalon.core.main.TestSuiteExecutor.accessTestSuiteMainPhase(TestSuiteExecutor.java:150)
	at com.kms.katalon.core.main.TestSuiteExecutor.execute(TestSuiteExecutor.java:106)
	at com.kms.katalon.core.main.TestCaseMain.startTestSuite(TestCaseMain.java:180)
	at TempTestSuite1738107421100.run(TempTestSuite1738107421100.groovy:35)
	at java.base/jdk.internal.reflect.NativeMethodAccessorImpl.invoke0(Native Method)
	at java.base/jdk.internal.reflect.NativeMethodAccessorImpl.invoke(NativeMethodAccessorImpl.java:77)
	at java.base/jdk.internal.reflect.DelegatingMethodAccessorImpl.invoke(DelegatingMethodAccessorImpl.java:43)
)

29-01-2025T03:42:28 - [TEST_STEP][PASSED] - a = replaceAll("\s+", "").toDouble(): null

29-01-2025T03:42:28 - [TEST_STEP][PASSED] - b = replaceAll("\s+", "").toDouble(): null

29-01-2025T03:42:28 - [TEST_STEP][PASSED] - Script1710234207206.WriteToExcel(todaysDate, run, vir, block, typeOfData, viruchka, vidget, nameOfBlock, a, b, dZO): null

29-01-2025T03:42:28 - [TEST_STEP][PASSED] - println(run): null

29-01-2025T03:42:28 - [TEST_STEP][PASSED] - if (run == 1): null

29-01-2025T03:42:28 - [TEST_STEP][PASSED] - else if (run == 2): null

29-01-2025T03:42:28 - [TEST_STEP][PASSED] - typeOfData = "Проценты": null

29-01-2025T03:42:28 - [TEST_STEP][PASSED] - println("todaysDate:" + todaysDate): null

29-01-2025T03:42:28 - [TEST_STEP][PASSED] - println("typeOfData:" + typeOfData): null

29-01-2025T03:42:28 - [TEST_STEP][PASSED] - viruchka = getText(findTestObject("Выручка в рублях/Фильтр Выручка" + nameOfBlock)): Text of object 'Object Repository/Выручка в рублях/Фильтр Выручка Выручка' is: 'Все'

29-01-2025T03:42:28 - [MESSAGE][PASSED] - Text of object 'Object Repository/Выручка в рублях/Фильтр Выручка Выручка' is: 'Все'

29-01-2025T03:42:28 - [TEST_STEP][PASSED] - println("viruchka" + viruchka): null

29-01-2025T03:42:28 - [TEST_STEP][PASSED] - println("vidget" + vidget): null

29-01-2025T03:42:28 - [TEST_STEP][PASSED] - println("a" + a): null

29-01-2025T03:42:28 - [TEST_STEP][PASSED] - println("b" + b): null

29-01-2025T03:42:28 - [TEST_STEP][PASSED] - sheetName = "Sheet1": null

29-01-2025T03:42:28 - [TEST_STEP][PASSED] - data = findTestData("PlanFact"): null

29-01-2025T03:42:28 - [TEST_STEP][PASSED] - n = data.getRowNumbers() + 1: null

29-01-2025T03:42:28 - [TEST_STEP][PASSED] - period = getText(findTestObject("Выручка в рублях/Фильтр Период")): Text of object 'Object Repository/Выручка в рублях/Фильтр Период' is: '2024'

29-01-2025T03:42:28 - [MESSAGE][PASSED] - Text of object 'Object Repository/Выручка в рублях/Фильтр Период' is: '2024'

29-01-2025T03:42:28 - [TEST_STEP][PASSED] - println(period): null

29-01-2025T03:42:28 - [TEST_STEP][PASSED] - dashboardName = "Выручка в рублях": null

29-01-2025T03:42:28 - [TEST_STEP][PASSED] - workbook01 = getWorkbook(excelFilePath): null

29-01-2025T03:42:29 - [TEST_STEP][PASSED] - sheet01 = getExcelSheet(workbook01, sheetName): null

29-01-2025T03:42:29 - [TEST_STEP][PASSED] - setValueToCellByIndex(sheet01, n, 0, dashboardName): null

29-01-2025T03:42:29 - [TEST_STEP][PASSED] - setValueToCellByIndex(sheet01, n, 1, dZO): null

29-01-2025T03:42:29 - [TEST_STEP][PASSED] - setValueToCellByIndex(sheet01, n, 2, vidget): null

29-01-2025T03:42:29 - [TEST_STEP][PASSED] - setValueToCellByIndex(sheet01, n, 3, viruchka): null

29-01-2025T03:42:29 - [TEST_STEP][PASSED] - setValueToCellByIndex(sheet01, n, 4, typeOfData): null

29-01-2025T03:42:29 - [TEST_STEP][PASSED] - if (a == null): null

29-01-2025T03:42:29 - [TEST_STEP][PASSED] - else: null

29-01-2025T03:42:29 - [TEST_STEP][PASSED] - setValueToCellByIndex(sheet01, n, 5, a): null

29-01-2025T03:42:29 - [TEST_STEP][PASSED] - if (b == null): null

29-01-2025T03:42:29 - [TEST_STEP][PASSED] - else: null

29-01-2025T03:42:29 - [TEST_STEP][PASSED] - setValueToCellByIndex(sheet01, n, 6, b): null

29-01-2025T03:42:29 - [TEST_STEP][PASSED] - setValueToCellByIndex(sheet01, n, 7, period): null

29-01-2025T03:42:29 - [TEST_STEP][PASSED] - setValueToCellByIndex(sheet01, n, 8, todaysDate): null

29-01-2025T03:42:29 - [TEST_STEP][PASSED] - n = n + 1: null

29-01-2025T03:42:29 - [TEST_STEP][PASSED] - saveWorkbook(excelFilePath, workbook01): null

29-01-2025T03:42:29 - [TEST_STEP][PASSED] - closeBrowser(): null

29-01-2025T03:42:29 - [MESSAGE][PASSED] - Browser is closed

29-01-2025T03:42:29 - [TEST_STEP][PASSED] - Script1710234207206.Blocks(run, vir, block, nameOfBlock, typeOfData, viruchka, vidget, todaysDate, a, b, dZO, x, y): null

29-01-2025T03:42:29 - [TEST_STEP][PASSED] - i = <not implemented yet for class: org.codehaus.groovy.ast.expr.EmptyExpression>: null

29-01-2025T03:42:29 - [TEST_STEP][PASSED] - perc = "": null

29-01-2025T03:42:29 - [TEST_STEP][PASSED] - a1 = <not implemented yet for class: org.codehaus.groovy.ast.expr.EmptyExpression>: null

29-01-2025T03:42:29 - [TEST_STEP][PASSED] - a2 = <not implemented yet for class: org.codehaus.groovy.ast.expr.EmptyExpression>: null

29-01-2025T03:42:29 - [TEST_STEP][PASSED] - a30 = <not implemented yet for class: org.codehaus.groovy.ast.expr.EmptyExpression>: null

29-01-2025T03:42:29 - [TEST_STEP][PASSED] - a31 = <not implemented yet for class: org.codehaus.groovy.ast.expr.EmptyExpression>: null

29-01-2025T03:42:29 - [TEST_STEP][PASSED] - a32 = <not implemented yet for class: org.codehaus.groovy.ast.expr.EmptyExpression>: null

29-01-2025T03:42:29 - [TEST_STEP][PASSED] - a33 = <not implemented yet for class: org.codehaus.groovy.ast.expr.EmptyExpression>: null

29-01-2025T03:42:29 - [TEST_STEP][PASSED] - a34 = <not implemented yet for class: org.codehaus.groovy.ast.expr.EmptyExpression>: null

29-01-2025T03:42:29 - [TEST_STEP][PASSED] - a35 = <not implemented yet for class: org.codehaus.groovy.ast.expr.EmptyExpression>: null

29-01-2025T03:42:29 - [TEST_STEP][PASSED] - a36 = <not implemented yet for class: org.codehaus.groovy.ast.expr.EmptyExpression>: null

29-01-2025T03:42:29 - [TEST_STEP][PASSED] - a37 = <not implemented yet for class: org.codehaus.groovy.ast.expr.EmptyExpression>: null

29-01-2025T03:42:29 - [TEST_STEP][PASSED] - a38 = <not implemented yet for class: org.codehaus.groovy.ast.expr.EmptyExpression>: null

29-01-2025T03:42:29 - [TEST_STEP][PASSED] - a39 = <not implemented yet for class: org.codehaus.groovy.ast.expr.EmptyExpression>: null

29-01-2025T03:42:29 - [TEST_STEP][PASSED] - a310 = <not implemented yet for class: org.codehaus.groovy.ast.expr.EmptyExpression>: null

29-01-2025T03:42:29 - [TEST_STEP][PASSED] - a311 = <not implemented yet for class: org.codehaus.groovy.ast.expr.EmptyExpression>: null

29-01-2025T03:42:29 - [TEST_STEP][PASSED] - a312 = <not implemented yet for class: org.codehaus.groovy.ast.expr.EmptyExpression>: null

29-01-2025T03:42:29 - [TEST_STEP][PASSED] - a313 = <not implemented yet for class: org.codehaus.groovy.ast.expr.EmptyExpression>: null

29-01-2025T03:42:29 - [TEST_STEP][PASSED] - a314 = <not implemented yet for class: org.codehaus.groovy.ast.expr.EmptyExpression>: null

29-01-2025T03:42:29 - [TEST_STEP][PASSED] - a315 = <not implemented yet for class: org.codehaus.groovy.ast.expr.EmptyExpression>: null

29-01-2025T03:42:29 - [TEST_STEP][PASSED] - a316 = <not implemented yet for class: org.codehaus.groovy.ast.expr.EmptyExpression>: null

29-01-2025T03:42:29 - [TEST_STEP][PASSED] - a317 = <not implemented yet for class: org.codehaus.groovy.ast.expr.EmptyExpression>: null

29-01-2025T03:42:29 - [TEST_STEP][PASSED] - b1 = <not implemented yet for class: org.codehaus.groovy.ast.expr.EmptyExpression>: null

29-01-2025T03:42:29 - [TEST_STEP][PASSED] - b2 = <not implemented yet for class: org.codehaus.groovy.ast.expr.EmptyExpression>: null

29-01-2025T03:42:29 - [TEST_STEP][PASSED] - b30 = <not implemented yet for class: org.codehaus.groovy.ast.expr.EmptyExpression>: null

29-01-2025T03:42:29 - [TEST_STEP][PASSED] - b31 = <not implemented yet for class: org.codehaus.groovy.ast.expr.EmptyExpression>: null

29-01-2025T03:42:29 - [TEST_STEP][PASSED] - b32 = <not implemented yet for class: org.codehaus.groovy.ast.expr.EmptyExpression>: null

29-01-2025T03:42:29 - [TEST_STEP][PASSED] - b33 = <not implemented yet for class: org.codehaus.groovy.ast.expr.EmptyExpression>: null

29-01-2025T03:42:29 - [TEST_STEP][PASSED] - b34 = <not implemented yet for class: org.codehaus.groovy.ast.expr.EmptyExpression>: null

29-01-2025T03:42:29 - [TEST_STEP][PASSED] - b35 = <not implemented yet for class: org.codehaus.groovy.ast.expr.EmptyExpression>: null

29-01-2025T03:42:29 - [TEST_STEP][PASSED] - b36 = <not implemented yet for class: org.codehaus.groovy.ast.expr.EmptyExpression>: null

29-01-2025T03:42:29 - [TEST_STEP][PASSED] - b37 = <not implemented yet for class: org.codehaus.groovy.ast.expr.EmptyExpression>: null

29-01-2025T03:42:29 - [TEST_STEP][PASSED] - b38 = <not implemented yet for class: org.codehaus.groovy.ast.expr.EmptyExpression>: null

29-01-2025T03:42:29 - [TEST_STEP][PASSED] - b39 = <not implemented yet for class: org.codehaus.groovy.ast.expr.EmptyExpression>: null

29-01-2025T03:42:29 - [TEST_STEP][PASSED] - b310 = <not implemented yet for class: org.codehaus.groovy.ast.expr.EmptyExpression>: null

29-01-2025T03:42:29 - [TEST_STEP][PASSED] - b311 = <not implemented yet for class: org.codehaus.groovy.ast.expr.EmptyExpression>: null

29-01-2025T03:42:29 - [TEST_STEP][PASSED] - b312 = <not implemented yet for class: org.codehaus.groovy.ast.expr.EmptyExpression>: null

29-01-2025T03:42:29 - [TEST_STEP][PASSED] - b313 = <not implemented yet for class: org.codehaus.groovy.ast.expr.EmptyExpression>: null

29-01-2025T03:42:29 - [TEST_STEP][PASSED] - b314 = <not implemented yet for class: org.codehaus.groovy.ast.expr.EmptyExpression>: null

29-01-2025T03:42:29 - [TEST_STEP][PASSED] - b315 = <not implemented yet for class: org.codehaus.groovy.ast.expr.EmptyExpression>: null

29-01-2025T03:42:29 - [TEST_STEP][PASSED] - b316 = <not implemented yet for class: org.codehaus.groovy.ast.expr.EmptyExpression>: null

29-01-2025T03:42:29 - [TEST_STEP][PASSED] - b317 = <not implemented yet for class: org.codehaus.groovy.ast.expr.EmptyExpression>: null

29-01-2025T03:42:29 - [TEST_STEP][PASSED] - block = 1: null

29-01-2025T03:42:29 - [TEST_STEP][PASSED] - nameOfBlock = "": null

29-01-2025T03:42:29 - [TEST_STEP][PASSED] - Script1710234207206.PreSettings(run, vir, block, nameOfBlock, typeOfData, todaysDate): null

29-01-2025T03:42:29 - [TEST_STEP][PASSED] - openBrowser(""): Browser is opened with url: ''

29-01-2025T03:42:29 - [MESSAGE][INFO] - Starting 'Chrome' driver

29-01-2025T03:42:29 - [MESSAGE][INFO] - Action delay is set to 0 milliseconds

29-01-2025T03:42:30 - [MESSAGE][PASSED] - Browser is opened with url: ''

29-01-2025T03:42:30 - [TEST_STEP][PASSED] - refresh(): Refresh successfully

29-01-2025T03:42:30 - [MESSAGE][PASSED] - Refresh successfully

29-01-2025T03:42:30 - [TEST_STEP][PASSED] - delay(50): Delayed 50 second(s)

29-01-2025T03:43:20 - [MESSAGE][PASSED] - Delayed 50 second(s)

29-01-2025T03:43:20 - [TEST_STEP][PASSED] - println("run:" + run): null

29-01-2025T03:43:20 - [TEST_STEP][PASSED] - println("vir:" + vir): null

29-01-2025T03:43:20 - [TEST_STEP][PASSED] - println("block:" + block): null

29-01-2025T03:43:20 - [TEST_STEP][PASSED] - if (block == 1): null

29-01-2025T03:43:20 - [TEST_STEP][PASSED] - nameOfBlock = "": null

29-01-2025T03:43:20 - [TEST_STEP][PASSED] - println("nameOfBlock:" + nameOfBlock): null

29-01-2025T03:43:20 - [TEST_STEP][PASSED] - println("typeOfData:" + typeOfData): null

29-01-2025T03:43:20 - [TEST_STEP][PASSED] - println("todaysDate:" + todaysDate): null

29-01-2025T03:43:20 - [TEST_STEP][PASSED] - Script1710234207206.Autorization(block, nameOfBlock): null

29-01-2025T03:43:20 - [TEST_STEP][PASSED] - i = <not implemented yet for class: org.codehaus.groovy.ast.expr.EmptyExpression>: null

29-01-2025T03:43:20 - [TEST_STEP][PASSED] - ii = <not implemented yet for class: org.codehaus.groovy.ast.expr.EmptyExpression>: null

29-01-2025T03:43:20 - [TEST_STEP][PASSED] - urlData = <not implemented yet for class: org.codehaus.groovy.ast.expr.EmptyExpression>: null

29-01-2025T03:43:20 - [TEST_STEP][PASSED] - searchWord = <not implemented yet for class: org.codehaus.groovy.ast.expr.EmptyExpression>: null

29-01-2025T03:43:20 - [TEST_STEP][PASSED] - urlText = <not implemented yet for class: org.codehaus.groovy.ast.expr.EmptyExpression>: null

29-01-2025T03:43:20 - [TEST_STEP][PASSED] - println("block:" + block): null

29-01-2025T03:43:20 - [TEST_STEP][PASSED] - if (block == 1): null

29-01-2025T03:43:20 - [TEST_STEP][PASSED] - nameOfBlock = "": null

29-01-2025T03:43:20 - [TEST_STEP][PASSED] - println("nameOfBlock:" + nameOfBlock): null

29-01-2025T03:43:20 - [TEST_STEP][PASSED] - if (block == 1): Delayed 45 second(s)

29-01-2025T03:43:20 - [TEST_STEP][PASSED] - urlData = 2: null

29-01-2025T03:43:20 - [TEST_STEP][PASSED] - delay(45): Delayed 45 second(s)

29-01-2025T03:44:05 - [MESSAGE][PASSED] - Delayed 45 second(s)

29-01-2025T03:44:05 - [TEST_STEP][PASSED] - navigateToUrl(findTestData("PlanFact").getValue(10, urlData)): Navigate to 'https://bi.rosseti.digital/viewer?dashboardGuid=2301950b23be4ed89c1df75f2020051e&sheetGuid=b723206f698544fb87299f3095c00435&fit=true' successfully

29-01-2025T03:44:13 - [MESSAGE][PASSED] - Navigate to 'https://bi.rosseti.digital/viewer?dashboardGuid=2301950b23be4ed89c1df75f2020051e&sheetGuid=b723206f698544fb87299f3095c00435&fit=true' successfully

29-01-2025T03:44:13 - [TEST_STEP][PASSED] - urlText = getText(findTestObject("Страница авторизации/Text")): Text of object 'Object Repository/Страница авторизации/Text' is: 'Вход'

29-01-2025T03:44:14 - [MESSAGE][PASSED] - Text of object 'Object Repository/Страница авторизации/Text' is: 'Вход'

29-01-2025T03:44:14 - [TEST_STEP][PASSED] - searchWord = "Вход": null

29-01-2025T03:44:14 - [TEST_STEP][PASSED] - if (urlText == null || urlText.contains("ошибка") || urlText.contains(searchWord) == false): null

29-01-2025T03:44:14 - [TEST_STEP][PASSED] - if (verifyElementPresent(findTestObject("Страница авторизации/button_"), 30) == true): null

29-01-2025T03:44:14 - [MESSAGE][PASSED] - Object 'Object Repository/Страница авторизации/button_' is present

29-01-2025T03:44:14 - [TEST_STEP][PASSED] - setText(findTestObject("Страница авторизации/input__username"), findTestData("PlanFact").getValue(8, 1)): Text 'liazgina-di' is set on object 'Object Repository/Страница авторизации/input__username'

29-01-2025T03:44:15 - [MESSAGE][PASSED] - Text 'liazgina-di' is set on object 'Object Repository/Страница авторизации/input__username'

29-01-2025T03:44:15 - [TEST_STEP][PASSED] - setText(findTestObject("Страница авторизации/input__password"), findTestData("PlanFact").getValue(9, 1)): Text ')$%5srZ8o688Dm#q' is set on object 'Object Repository/Страница авторизации/input__password'

29-01-2025T03:44:16 - [MESSAGE][PASSED] - Text ')$%5srZ8o688Dm#q' is set on object 'Object Repository/Страница авторизации/input__password'

29-01-2025T03:44:16 - [TEST_STEP][PASSED] - click(findTestObject("Страница авторизации/button_")): Object: 'Object Repository/Страница авторизации/button_' is clicked on

29-01-2025T03:44:17 - [MESSAGE][PASSED] - Object: 'Object Repository/Страница авторизации/button_' is clicked on

29-01-2025T03:44:17 - [TEST_STEP][PASSED] - delay(45): Delayed 45 second(s)

29-01-2025T03:45:02 - [MESSAGE][PASSED] - Delayed 45 second(s)

29-01-2025T03:45:02 - [TEST_STEP][PASSED] - urlText = getText(findTestObject("Страница авторизации/Text")): Text of object 'Object Repository/Страница авторизации/Text' is: 'Период
2024 год
Выручка
Все
Выполнение плановых показателей по ПАО Россети за 2024 год
План
Факт
Динамика
2024 год
0 млн.руб.
200 000 млн.руб.
400 000 млн.руб.
600 000 млн.руб.
800 000 млн.руб.
1 000 000 млн.руб.
1 200 000 млн.руб.
1 400 000 млн.руб.
1 600 000 млн.руб.
1 800 000 млн.руб.
1 449 221
1 456 358
↑
ДЗО 
ПАО Россети
Внутренний оборот - выручка за услуги по передаче электрической энергии, учтенная в выручке за электроэнергию для конечных потребителей, при выполнении ДЗО функций гарантирующего поставщика
Подписи данных
⬤Отклонение
АО «Тываэнерго»
АО «Чеченэнерго»
Россети Волга
Россети Кубань
Россети Ленэнерго (ГК)
Россети Московский регион
Россети Северный Кавказ (ГК)
Россети Северо-Запад
Россети Сибирь (ГК)
Россети Томск
Россети Тюмень
Россети Урал (ГК)
Россети ФСК ЕЭС
Россети Центр
Россети Центр и Приволжье (ГК)
Россети Юг (ГК)
Россети Янтарь
-25 000млн.руб.
-20 000млн.руб.
-15 000млн.руб.
-10 000млн.руб.
-5 000млн.руб.
0млн.руб.
5 000млн.руб.
10 000млн.руб.
15 …
433
145
175
5 315
5 768
8 943
951
696
2 625
198
-7 329
1 914
-23 145
3 692
5 160
1 206
390
млн.
%
Выручка
Отклонение выручки по ПАО Россети за 2024 год (факт/план, млн. руб)
ПАО Россети
7 136.5 млн.руб.
 '

29-01-2025T03:45:03 - [MESSAGE][PASSED] - Text of object 'Object Repository/Страница авторизации/Text' is: 'Период
2024 год
Выручка
Все
Выполнение плановых показателей по ПАО Россети за 2024 год
План
Факт
Динамика
2024 год
0 млн.руб.
200 000 млн.руб.
400 000 млн.руб.
600 000 млн.руб.
800 000 млн.руб.
1 000 000 млн.руб.
1 200 000 млн.руб.
1 400 000 млн.руб.
1 600 000 млн.руб.
1 800 000 млн.руб.
1 449 221
1 456 358
↑
ДЗО 
ПАО Россети
Внутренний оборот - выручка за услуги по передаче электрической энергии, учтенная в выручке за электроэнергию для конечных потребителей, при выполнении ДЗО функций гарантирующего поставщика
Подписи данных
⬤Отклонение
АО «Тываэнерго»
АО «Чеченэнерго»
Россети Волга
Россети Кубань
Россети Ленэнерго (ГК)
Россети Московский регион
Россети Северный Кавказ (ГК)
Россети Северо-Запад
Россети Сибирь (ГК)
Россети Томск
Россети Тюмень
Россети Урал (ГК)
Россети ФСК ЕЭС
Россети Центр
Россети Центр и Приволжье (ГК)
Россети Юг (ГК)
Россети Янтарь
-25 000млн.руб.
-20 000млн.руб.
-15 000млн.руб.
-10 000млн.руб.
-5 000млн.руб.
0млн.руб.
5 000млн.руб.
10 000млн.руб.
15 …
433
145
175
5 315
5 768
8 943
951
696
2 625
198
-7 329
1 914
-23 145
3 692
5 160
1 206
390
млн.
%
Выручка
Отклонение выручки по ПАО Россети за 2024 год (факт/план, млн. руб)
ПАО Россети
7 136.5 млн.руб.
 '

29-01-2025T03:45:03 - [TEST_STEP][PASSED] - searchWord = "а": null

29-01-2025T03:45:03 - [TEST_STEP][PASSED] - if (urlText.contains("ошибка") || urlText.contains(searchWord) == false): null

29-01-2025T03:45:03 - [TEST_STEP][PASSED] - delay(45): Delayed 45 second(s)

29-01-2025T03:45:48 - [MESSAGE][PASSED] - Delayed 45 second(s)

29-01-2025T03:45:48 - [TEST_STEP][PASSED] - if (block == 2): null

29-01-2025T03:45:48 - [TEST_STEP][PASSED] - click(findTestObject("Выручка в рублях/Фильтр Период" + nameOfBlock)): Object: 'Object Repository/Выручка в рублях/Фильтр Период' is clicked on

29-01-2025T03:45:48 - [MESSAGE][PASSED] - Object: 'Object Repository/Выручка в рублях/Фильтр Период' is clicked on

29-01-2025T03:45:48 - [TEST_STEP][PASSED] - click(findTestObject("Выручка в рублях/Снять выделение в фильтре Дата" + nameOfBlock)): Object: 'Object Repository/Выручка в рублях/Снять выделение в фильтре Дата' is clicked on

29-01-2025T03:45:48 - [MESSAGE][PASSED] - Object: 'Object Repository/Выручка в рублях/Снять выделение в фильтре Дата' is clicked on

29-01-2025T03:45:48 - [TEST_STEP][PASSED] - click(findTestObject("Выручка в рублях/Применить в фильтре Дата" + nameOfBlock)): Object: 'Object Repository/Выручка в рублях/Применить в фильтре Дата' is clicked on

29-01-2025T03:45:49 - [MESSAGE][PASSED] - Object: 'Object Repository/Выручка в рублях/Применить в фильтре Дата' is clicked on

29-01-2025T03:45:49 - [TEST_STEP][PASSED] - delay(50): Delayed 50 second(s)

29-01-2025T03:46:39 - [MESSAGE][PASSED] - Delayed 50 second(s)

29-01-2025T03:46:39 - [TEST_STEP][PASSED] - click(findTestObject("Выручка в рублях/Фильтр Период" + nameOfBlock)): Object: 'Object Repository/Выручка в рублях/Фильтр Период' is clicked on

29-01-2025T03:46:39 - [MESSAGE][PASSED] - Object: 'Object Repository/Выручка в рублях/Фильтр Период' is clicked on

29-01-2025T03:46:39 - [TEST_STEP][PASSED] - click(findTestObject("Выручка в рублях/Снять выделение в фильтре Дата" + nameOfBlock)): Object: 'Object Repository/Выручка в рублях/Снять выделение в фильтре Дата' is clicked on

29-01-2025T03:46:40 - [MESSAGE][PASSED] - Object: 'Object Repository/Выручка в рублях/Снять выделение в фильтре Дата' is clicked on

29-01-2025T03:46:40 - [TEST_STEP][PASSED] - scrollToElement(findTestObject("Выручка в рублях/2024 список" + nameOfBlock), 30): Scroll to object 'Object Repository/Выручка в рублях/2024 список' successfully

29-01-2025T03:46:40 - [MESSAGE][PASSED] - Scroll to object 'Object Repository/Выручка в рублях/2024 список' successfully

29-01-2025T03:46:40 - [TEST_STEP][PASSED] - click(findTestObject("Выручка в рублях/2024 год" + nameOfBlock)): Object: 'Object Repository/Выручка в рублях/2024 год' is clicked on

29-01-2025T03:46:41 - [MESSAGE][PASSED] - Object: 'Object Repository/Выручка в рублях/2024 год' is clicked on

29-01-2025T03:46:41 - [TEST_STEP][PASSED] - scrollToElement(findTestObject("Выручка в рублях/Заголовок дашборда" + nameOfBlock), 30): Scroll to object 'Object Repository/Выручка в рублях/Заголовок дашборда' successfully

29-01-2025T03:46:41 - [MESSAGE][PASSED] - Scroll to object 'Object Repository/Выручка в рублях/Заголовок дашборда' successfully

29-01-2025T03:46:41 - [TEST_STEP][PASSED] - click(findTestObject("Выручка в рублях/Применить в фильтре Дата" + nameOfBlock)): Object: 'Object Repository/Выручка в рублях/Применить в фильтре Дата' is clicked on

29-01-2025T03:46:42 - [MESSAGE][PASSED] - Object: 'Object Repository/Выручка в рублях/Применить в фильтре Дата' is clicked on

29-01-2025T03:46:42 - [TEST_STEP][PASSED] - delay(55): Delayed 55 second(s)

29-01-2025T03:47:37 - [MESSAGE][PASSED] - Delayed 55 second(s)

29-01-2025T03:47:37 - [TEST_STEP][PASSED] - click(findTestObject("Выручка в рублях/Фильтр ДЗО" + nameOfBlock)): Object: 'Object Repository/Выручка в рублях/Фильтр ДЗО' is clicked on

29-01-2025T03:47:37 - [MESSAGE][PASSED] - Object: 'Object Repository/Выручка в рублях/Фильтр ДЗО' is clicked on

29-01-2025T03:47:37 - [TEST_STEP][PASSED] - click(findTestObject("Выручка в рублях/Снять выделение в фильтре ДЗО" + nameOfBlock)): Object: 'Object Repository/Выручка в рублях/Снять выделение в фильтре ДЗО' is clicked on

29-01-2025T03:47:37 - [MESSAGE][PASSED] - Object: 'Object Repository/Выручка в рублях/Снять выделение в фильтре ДЗО' is clicked on

29-01-2025T03:47:37 - [TEST_STEP][PASSED] - click(findTestObject("Выручка в рублях/Применить в фильтре ДЗО" + nameOfBlock)): Object: 'Object Repository/Выручка в рублях/Применить в фильтре ДЗО' is clicked on

29-01-2025T03:47:38 - [MESSAGE][PASSED] - Object: 'Object Repository/Выручка в рублях/Применить в фильтре ДЗО' is clicked on

29-01-2025T03:47:38 - [TEST_STEP][PASSED] - delay(50): Delayed 50 second(s)

29-01-2025T03:48:28 - [MESSAGE][PASSED] - Delayed 50 second(s)

29-01-2025T03:48:28 - [TEST_STEP][PASSED] - Script1710234207206.Tumbler(run, vir, block, nameOfBlock): null

29-01-2025T03:48:28 - [TEST_STEP][PASSED] - println("run:" + run): null

29-01-2025T03:48:28 - [TEST_STEP][PASSED] - println("vir:" + vir): null

29-01-2025T03:48:28 - [TEST_STEP][PASSED] - println("block:" + block): null

29-01-2025T03:48:28 - [TEST_STEP][PASSED] - println("nameOfBlock:" + nameOfBlock): null

29-01-2025T03:48:28 - [TEST_STEP][PASSED] - if (vir == 1): null

29-01-2025T03:48:28 - [TEST_STEP][PASSED] - else if (vir == 2): Object: 'Object Repository/Выручка в рублях/Применить в фильтре Выручка' is clicked on

29-01-2025T03:48:28 - [TEST_STEP][PASSED] - if (run == 2): Object: 'Object Repository/Выручка в рублях/Переключить отображение с млн на проценты Выручка в рублях' is clicked on

29-01-2025T03:48:28 - [TEST_STEP][PASSED] - click(findTestObject("Выручка в рублях/Переключить отображение с млн на проценты Выручка в рублях" + nameOfBlock)): Object: 'Object Repository/Выручка в рублях/Переключить отображение с млн на проценты Выручка в рублях' is clicked on

29-01-2025T03:48:28 - [MESSAGE][PASSED] - Object: 'Object Repository/Выручка в рублях/Переключить отображение с млн на проценты Выручка в рублях' is clicked on

29-01-2025T03:48:28 - [TEST_STEP][PASSED] - click(findTestObject("Выручка в рублях/Фильтр Выручка" + nameOfBlock)): Object: 'Object Repository/Выручка в рублях/Фильтр Выручка' is clicked on

29-01-2025T03:48:29 - [MESSAGE][PASSED] - Object: 'Object Repository/Выручка в рублях/Фильтр Выручка' is clicked on

29-01-2025T03:48:29 - [TEST_STEP][PASSED] - click(findTestObject("Выручка в рублях/Итого в фильтре Выручка" + nameOfBlock)): Object: 'Object Repository/Выручка в рублях/Итого в фильтре Выручка' is clicked on

29-01-2025T03:48:29 - [MESSAGE][PASSED] - Object: 'Object Repository/Выручка в рублях/Итого в фильтре Выручка' is clicked on

29-01-2025T03:48:29 - [TEST_STEP][PASSED] - click(findTestObject("Выручка в рублях/Применить в фильтре Выручка" + nameOfBlock)): Object: 'Object Repository/Выручка в рублях/Применить в фильтре Выручка' is clicked on

29-01-2025T03:48:30 - [MESSAGE][PASSED] - Object: 'Object Repository/Выручка в рублях/Применить в фильтре Выручка' is clicked on

29-01-2025T03:48:30 - [TEST_STEP][PASSED] - click(findTestObject("Выручка в рублях/Фильтр ДЗО" + nameOfBlock)): Object: 'Object Repository/Выручка в рублях/Фильтр ДЗО' is clicked on

29-01-2025T03:48:32 - [MESSAGE][PASSED] - Object: 'Object Repository/Выручка в рублях/Фильтр ДЗО' is clicked on

29-01-2025T03:48:32 - [TEST_STEP][PASSED] - Script1710234207206.Rosseti(nameOfBlock): null

29-01-2025T03:48:32 - [TEST_STEP][PASSED] - println("nameOfBlock:" + nameOfBlock): null

29-01-2025T03:48:32 - [TEST_STEP][PASSED] - click(findTestObject("Выручка в рублях/ПАО Россети" + nameOfBlock)): Object: 'Object Repository/Выручка в рублях/ПАО Россети' is clicked on

29-01-2025T03:48:32 - [MESSAGE][PASSED] - Object: 'Object Repository/Выручка в рублях/ПАО Россети' is clicked on

29-01-2025T03:48:32 - [TEST_STEP][PASSED] - click(findTestObject("Выручка в рублях/Применить в фильтре ДЗО" + nameOfBlock)): Object: 'Object Repository/Выручка в рублях/Применить в фильтре ДЗО' is clicked on

29-01-2025T03:48:33 - [MESSAGE][PASSED] - Object: 'Object Repository/Выручка в рублях/Применить в фильтре ДЗО' is clicked on

29-01-2025T03:48:33 - [TEST_STEP][PASSED] - if (run == 2): null

29-01-2025T03:48:33 - [TEST_STEP][PASSED] - perc = " Perc": null

29-01-2025T03:48:33 - [TEST_STEP][PASSED] - if (vir == 1 || vir == 2): Text of object 'Object Repository/Выручка в рублях/График План' is: '1 424 495'

29-01-2025T03:48:33 - [TEST_STEP][PASSED] - a1 = getText(findTestObject("Выручка в рублях/График План")): Text of object 'Object Repository/Выручка в рублях/График План' is: '1 424 495'

29-01-2025T03:48:34 - [MESSAGE][PASSED] - Text of object 'Object Repository/Выручка в рублях/График План' is: '1 424 495'

29-01-2025T03:48:34 - [TEST_STEP][PASSED] - if (vir == 1 || vir == 2): Text of object 'Object Repository/Выручка в рублях/График Факт' is: '1 430 916'

29-01-2025T03:48:34 - [TEST_STEP][PASSED] - a2 = getText(findTestObject("Выручка в рублях/График Факт")): Text of object 'Object Repository/Выручка в рублях/График Факт' is: '1 430 916'

29-01-2025T03:48:34 - [MESSAGE][PASSED] - Text of object 'Object Repository/Выручка в рублях/График Факт' is: '1 430 916'

29-01-2025T03:48:34 - [TEST_STEP][PASSED] - a30 = getText(findTestObject("Выручка в рублях/span1" + perc)): Text of object 'Object Repository/Выручка в рублях/span1 Perc' is: '-86.88 %'

29-01-2025T03:48:34 - [MESSAGE][PASSED] - Text of object 'Object Repository/Выручка в рублях/span1 Perc' is: '-86.88 %'

29-01-2025T03:48:34 - [TEST_STEP][PASSED] - i = a30.indexOf("млн.руб."): null

29-01-2025T03:48:34 - [TEST_STEP][PASSED] - if (i > -1): null

29-01-2025T03:48:34 - [TEST_STEP][PASSED] - if (a30.contains("%")): null

29-01-2025T03:48:34 - [TEST_STEP][PASSED] - a30 = a30.replaceAll("%", ""): null

29-01-2025T03:48:34 - [TEST_STEP][PASSED] - a30 = ").trim(): null

29-01-2025T03:48:34 - [TEST_STEP][PASSED] - println("a30: " + a30): null

29-01-2025T03:48:34 - [TEST_STEP][PASSED] - if (vir == 1 || vir == 2): Text of object 'Object Repository/Выручка в рублях/span2 Perc' is: '-26.16 %'

29-01-2025T03:48:34 - [TEST_STEP][PASSED] - a31 = ").trim(): Text of object 'Object Repository/Выручка в рублях/span2 Perc' is: '-26.16 %'

29-01-2025T03:48:35 - [MESSAGE][PASSED] - Text of object 'Object Repository/Выручка в рублях/span2 Perc' is: '-26.16 %'

29-01-2025T03:48:35 - [TEST_STEP][PASSED] - if (vir == 1 || vir == 2): Text of object 'Object Repository/Выручка в рублях/span3 Perc' is: '-90.63 %'

29-01-2025T03:48:35 - [TEST_STEP][PASSED] - a32 = ").trim(): Text of object 'Object Repository/Выручка в рублях/span3 Perc' is: '-90.63 %'

29-01-2025T03:48:35 - [MESSAGE][PASSED] - Text of object 'Object Repository/Выручка в рублях/span3 Perc' is: '-90.63 %'

29-01-2025T03:48:35 - [TEST_STEP][PASSED] - if (vir == 1 || vir == 2): Text of object 'Object Repository/Выручка в рублях/span8 Perc' is: '-84.29 %'

29-01-2025T03:48:35 - [TEST_STEP][PASSED] - a33 = ").trim(): Text of object 'Object Repository/Выручка в рублях/span4 Perc' is: '-84.13 %'

29-01-2025T03:48:35 - [MESSAGE][PASSED] - Text of object 'Object Repository/Выручка в рублях/span4 Perc' is: '-84.13 %'

29-01-2025T03:48:35 - [TEST_STEP][PASSED] - a34 = ").trim(): Text of object 'Object Repository/Выручка в рублях/span5 Perc' is: '-84.31 %'

29-01-2025T03:48:36 - [MESSAGE][PASSED] - Text of object 'Object Repository/Выручка в рублях/span5 Perc' is: '-84.31 %'

29-01-2025T03:48:36 - [TEST_STEP][PASSED] - a35 = ").trim(): Text of object 'Object Repository/Выручка в рублях/span6 Perc' is: '-82.77 %'

29-01-2025T03:48:36 - [MESSAGE][PASSED] - Text of object 'Object Repository/Выручка в рублях/span6 Perc' is: '-82.77 %'

29-01-2025T03:48:36 - [TEST_STEP][PASSED] - a36 = ").trim(): Text of object 'Object Repository/Выручка в рублях/span7 Perc' is: '-89.74 %'

29-01-2025T03:48:36 - [MESSAGE][PASSED] - Text of object 'Object Repository/Выручка в рублях/span7 Perc' is: '-89.74 %'

29-01-2025T03:48:36 - [TEST_STEP][PASSED] - a37 = ").trim(): Text of object 'Object Repository/Выручка в рублях/span8 Perc' is: '-84.29 %'

29-01-2025T03:48:36 - [MESSAGE][PASSED] - Text of object 'Object Repository/Выручка в рублях/span8 Perc' is: '-84.29 %'

29-01-2025T03:48:36 - [TEST_STEP][PASSED] - if (vir == 1 || vir == 2): Text of object 'Object Repository/Выручка в рублях/span17 Perc' is: '-84.71 %'

29-01-2025T03:48:36 - [TEST_STEP][PASSED] - a38 = ").trim(): Text of object 'Object Repository/Выручка в рублях/span9 Perc' is: '-80.35 %'

29-01-2025T03:48:37 - [MESSAGE][PASSED] - Text of object 'Object Repository/Выручка в рублях/span9 Perc' is: '-80.35 %'

29-01-2025T03:48:37 - [TEST_STEP][PASSED] - a39 = ").trim(): Text of object 'Object Repository/Выручка в рублях/span10 Perc' is: '-89 %'

29-01-2025T03:48:37 - [MESSAGE][PASSED] - Text of object 'Object Repository/Выручка в рублях/span10 Perc' is: '-89 %'

29-01-2025T03:48:37 - [TEST_STEP][PASSED] - a310 = ").trim(): Text of object 'Object Repository/Выручка в рублях/span11 Perc' is: '-84.13 %'

29-01-2025T03:48:37 - [MESSAGE][PASSED] - Text of object 'Object Repository/Выручка в рублях/span11 Perc' is: '-84.13 %'

29-01-2025T03:48:37 - [TEST_STEP][PASSED] - a311 = ").trim(): Text of object 'Object Repository/Выручка в рублях/span12 Perc' is: '-86.76 %'

29-01-2025T03:48:38 - [MESSAGE][PASSED] - Text of object 'Object Repository/Выручка в рублях/span12 Perc' is: '-86.76 %'

29-01-2025T03:48:38 - [TEST_STEP][PASSED] - a312 = ").trim(): Text of object 'Object Repository/Выручка в рублях/span13 Perc' is: '-81.08 %'

29-01-2025T03:48:38 - [MESSAGE][PASSED] - Text of object 'Object Repository/Выручка в рублях/span13 Perc' is: '-81.08 %'

29-01-2025T03:48:38 - [TEST_STEP][PASSED] - a313 = ").trim(): Text of object 'Object Repository/Выручка в рублях/span14 Perc' is: '-91.14 %'

29-01-2025T03:48:38 - [MESSAGE][PASSED] - Text of object 'Object Repository/Выручка в рублях/span14 Perc' is: '-91.14 %'

29-01-2025T03:48:38 - [TEST_STEP][PASSED] - a314 = ").trim(): Text of object 'Object Repository/Выручка в рублях/span15 Perc' is: '-90.58 %'

29-01-2025T03:48:39 - [MESSAGE][PASSED] - Text of object 'Object Repository/Выручка в рублях/span15 Perc' is: '-90.58 %'

29-01-2025T03:48:39 - [TEST_STEP][PASSED] - a315 = ").trim(): Text of object 'Object Repository/Выручка в рублях/span16 Perc' is: '-83.94 %'

29-01-2025T03:48:39 - [MESSAGE][PASSED] - Text of object 'Object Repository/Выручка в рублях/span16 Perc' is: '-83.94 %'

29-01-2025T03:48:39 - [TEST_STEP][PASSED] - a316 = ").trim(): Text of object 'Object Repository/Выручка в рублях/span17 Perc' is: '-84.71 %'

29-01-2025T03:48:39 - [MESSAGE][PASSED] - Text of object 'Object Repository/Выручка в рублях/span17 Perc' is: '-84.71 %'

29-01-2025T03:48:39 - [TEST_STEP][PASSED] - if (vir == 1 || vir == 2): Text of object 'Object Repository/Выручка в рублях/span18 Perc' is: '-89.55 %'

29-01-2025T03:48:39 - [TEST_STEP][PASSED] - a317 = ").trim(): Text of object 'Object Repository/Выручка в рублях/span18 Perc' is: '-89.55 %'

29-01-2025T03:48:39 - [MESSAGE][PASSED] - Text of object 'Object Repository/Выручка в рублях/span18 Perc' is: '-89.55 %'

29-01-2025T03:48:39 - [TEST_STEP][PASSED] - block = 2: null

29-01-2025T03:48:39 - [TEST_STEP][PASSED] - nameOfBlock = " Выручка": null

29-01-2025T03:48:39 - [TEST_STEP][PASSED] - Script1710234207206.PreSettings(run, vir, block, nameOfBlock, typeOfData, todaysDate): null

29-01-2025T03:48:39 - [TEST_STEP][PASSED] - openBrowser(""): Browser is opened with url: ''

29-01-2025T03:48:39 - [MESSAGE][WARNING] - A browser is already opened. Closing browser and opening a new one

29-01-2025T03:48:40 - [MESSAGE][INFO] - Starting 'Chrome' driver

29-01-2025T03:48:40 - [MESSAGE][INFO] - Action delay is set to 0 milliseconds

29-01-2025T03:48:41 - [MESSAGE][PASSED] - Browser is opened with url: ''

29-01-2025T03:48:41 - [TEST_STEP][PASSED] - refresh(): Refresh successfully

29-01-2025T03:48:41 - [MESSAGE][PASSED] - Refresh successfully

29-01-2025T03:48:41 - [TEST_STEP][PASSED] - delay(50): Delayed 50 second(s)

29-01-2025T03:49:31 - [MESSAGE][PASSED] - Delayed 50 second(s)

29-01-2025T03:49:31 - [TEST_STEP][PASSED] - println("run:" + run): null

29-01-2025T03:49:31 - [TEST_STEP][PASSED] - println("vir:" + vir): null

29-01-2025T03:49:31 - [TEST_STEP][PASSED] - println("block:" + block): null

29-01-2025T03:49:31 - [TEST_STEP][PASSED] - if (block == 1): null

29-01-2025T03:49:31 - [TEST_STEP][PASSED] - else: null

29-01-2025T03:49:31 - [TEST_STEP][PASSED] - nameOfBlock = " Выручка": null

29-01-2025T03:49:31 - [TEST_STEP][PASSED] - println("nameOfBlock:" + nameOfBlock): null

29-01-2025T03:49:31 - [TEST_STEP][PASSED] - println("typeOfData:" + typeOfData): null

29-01-2025T03:49:31 - [TEST_STEP][PASSED] - println("todaysDate:" + todaysDate): null

29-01-2025T03:49:31 - [TEST_STEP][PASSED] - Script1710234207206.Autorization(block, nameOfBlock): null

29-01-2025T03:49:31 - [TEST_STEP][PASSED] - i = <not implemented yet for class: org.codehaus.groovy.ast.expr.EmptyExpression>: null

29-01-2025T03:49:31 - [TEST_STEP][PASSED] - ii = <not implemented yet for class: org.codehaus.groovy.ast.expr.EmptyExpression>: null

29-01-2025T03:49:31 - [TEST_STEP][PASSED] - urlData = <not implemented yet for class: org.codehaus.groovy.ast.expr.EmptyExpression>: null

29-01-2025T03:49:31 - [TEST_STEP][PASSED] - searchWord = <not implemented yet for class: org.codehaus.groovy.ast.expr.EmptyExpression>: null

29-01-2025T03:49:31 - [TEST_STEP][PASSED] - urlText = <not implemented yet for class: org.codehaus.groovy.ast.expr.EmptyExpression>: null

29-01-2025T03:49:31 - [TEST_STEP][PASSED] - println("block:" + block): null

29-01-2025T03:49:31 - [TEST_STEP][PASSED] - if (block == 1): null

29-01-2025T03:49:31 - [TEST_STEP][PASSED] - else: null

29-01-2025T03:49:31 - [TEST_STEP][PASSED] - delay(45): Delayed 45 second(s)

29-01-2025T03:50:16 - [MESSAGE][PASSED] - Delayed 45 second(s)

29-01-2025T03:50:16 - [TEST_STEP][PASSED] - nameOfBlock = " Выручка": null

29-01-2025T03:50:16 - [TEST_STEP][PASSED] - println("nameOfBlock:" + nameOfBlock): null

29-01-2025T03:50:16 - [TEST_STEP][PASSED] - if (block == 1): null

29-01-2025T03:50:16 - [TEST_STEP][PASSED] - else: Delayed 45 second(s)

29-01-2025T03:50:16 - [TEST_STEP][PASSED] - urlData = 9: null

29-01-2025T03:50:16 - [TEST_STEP][PASSED] - delay(45): Delayed 45 second(s)

29-01-2025T03:51:01 - [MESSAGE][PASSED] - Delayed 45 second(s)

29-01-2025T03:51:01 - [TEST_STEP][PASSED] - navigateToUrl(findTestData("PlanFact").getValue(10, urlData)): Navigate to 'https://bi.rosseti.digital/viewer?dashboardGuid=a1fd28b3785d443cbc4d7690a1d78e31&sheetGuid=86092a20c5984827a0c87b24cac76a50&fit=true' successfully

29-01-2025T03:51:08 - [MESSAGE][PASSED] - Navigate to 'https://bi.rosseti.digital/viewer?dashboardGuid=a1fd28b3785d443cbc4d7690a1d78e31&sheetGuid=86092a20c5984827a0c87b24cac76a50&fit=true' successfully

29-01-2025T03:51:08 - [TEST_STEP][PASSED] - urlText = getText(findTestObject("Страница авторизации/Text")): Text of object 'Object Repository/Страница авторизации/Text' is: 'Вход'

29-01-2025T03:51:09 - [MESSAGE][PASSED] - Text of object 'Object Repository/Страница авторизации/Text' is: 'Вход'

29-01-2025T03:51:09 - [TEST_STEP][PASSED] - searchWord = "Вход": null

29-01-2025T03:51:09 - [TEST_STEP][PASSED] - if (urlText == null || urlText.contains("ошибка") || urlText.contains(searchWord) == false): null

29-01-2025T03:51:09 - [TEST_STEP][PASSED] - if (verifyElementPresent(findTestObject("Страница авторизации/button_"), 30) == true): null

29-01-2025T03:51:10 - [MESSAGE][PASSED] - Object 'Object Repository/Страница авторизации/button_' is present

29-01-2025T03:51:10 - [TEST_STEP][PASSED] - setText(findTestObject("Страница авторизации/input__username"), findTestData("PlanFact").getValue(8, 1)): Text 'liazgina-di' is set on object 'Object Repository/Страница авторизации/input__username'

29-01-2025T03:51:10 - [MESSAGE][PASSED] - Text 'liazgina-di' is set on object 'Object Repository/Страница авторизации/input__username'

29-01-2025T03:51:10 - [TEST_STEP][PASSED] - setText(findTestObject("Страница авторизации/input__password"), findTestData("PlanFact").getValue(9, 1)): Text ')$%5srZ8o688Dm#q' is set on object 'Object Repository/Страница авторизации/input__password'

29-01-2025T03:51:11 - [MESSAGE][PASSED] - Text ')$%5srZ8o688Dm#q' is set on object 'Object Repository/Страница авторизации/input__password'

29-01-2025T03:51:11 - [TEST_STEP][PASSED] - click(findTestObject("Страница авторизации/button_")): Object: 'Object Repository/Страница авторизации/button_' is clicked on

29-01-2025T03:51:12 - [MESSAGE][PASSED] - Object: 'Object Repository/Страница авторизации/button_' is clicked on

29-01-2025T03:51:12 - [TEST_STEP][PASSED] - delay(45): Delayed 45 second(s)

29-01-2025T03:51:57 - [MESSAGE][PASSED] - Delayed 45 second(s)

29-01-2025T03:51:57 - [TEST_STEP][PASSED] - urlText = getText(findTestObject("Страница авторизации/Text")): Text of object 'Object Repository/Страница авторизации/Text' is: 'Период
Январь, Февраль, Март, Апрель, Май, Июнь, Июль, Август, Сентябрь, Октябрь, Ноябрь, Декабрь 2024 года
Выручка
Все
Выполнение плановых показателей по ПАО Россети за Январь, Февраль, Март, Апрель, Май, Июнь, Июль, Август, Сентябрь, Октябрь, Ноябрь, Декабрь 2024 года
План
Факт
Динамика
2024 год
0 млн.руб.
200 000 млн.руб.
400 000 млн.руб.
600 000 млн.руб.
800 000 млн.руб.
1 000 000 млн.руб.
1 200 000 млн.руб.
1 400 000 млн.руб.
1 600 000 млн.руб.
1 800 000 млн.руб.
1 449 221
1 456 358
↑
ДЗО 
Все
Подписи данных
⬤Отклонение
АО «Тываэнерго»
АО «Чеченэнерго»
Россети Волга
Россети Кубань
Россети Ленэнерго (ГК)
Россети Московский регион
Россети Северный Кавказ (ГК)
Россети Северо-Запад
Россети Сибирь (ГК)
Россети Томск
Россети Тюмень
Россети Урал (ГК)
Россети ФСК ЕЭС
Россети Центр
Россети Центр и Приволжье (ГК)
Россети Юг (ГК)
Россети Янтарь
-25 000 млн.руб.
-22 500 млн.руб.
-20 000 млн.руб.
-17 500 млн.руб.
-15 000 млн.руб.
-12 500 млн.руб.
-10 000 млн.руб.
-7 500 млн.руб.
-5 000 млн.руб.
-2 500 млн.руб.
0 млн.руб.
2 500 млн.руб.
5 000 млн.руб.
7 500 млн.руб.
10 000 млн.руб.
12 500 млн.руб.
433
145
175
5 315
5 768
8 943
951
696
2 625
198
-7 329
1 914
-23 145
3 692
5 160
1 206
390
млн.
%
Выручка
Отклонение выручки по ПАО Россети за Январь, Февраль, Март, Апрель, Май, Июнь, Июль, Август, Сентябрь, Октябрь, Ноябрь, Декабрь 2024 года (факт/план, млн. руб)
ПАО Россети
7 136.5 млн.руб.
Статус данных
×
Просьба обратить внимание
Данные занесены не полностью
ВЫБРАННЫЕ ЗНАЧЕНИЯ ФИЛЬТРОВ
ДЗО | ПЕРИОД
ПАО Россети: [«Выбраны все филиалы по всем ДЗО по всем категориям»]
2024: [«Весь год»]
*Внутренний оборот'

29-01-2025T03:51:58 - [MESSAGE][PASSED] - Text of object 'Object Repository/Страница авторизации/Text' is: 'Период
Январь, Февраль, Март, Апрель, Май, Июнь, Июль, Август, Сентябрь, Октябрь, Ноябрь, Декабрь 2024 года
Выручка
Все
Выполнение плановых показателей по ПАО Россети за Январь, Февраль, Март, Апрель, Май, Июнь, Июль, Август, Сентябрь, Октябрь, Ноябрь, Декабрь 2024 года
План
Факт
Динамика
2024 год
0 млн.руб.
200 000 млн.руб.
400 000 млн.руб.
600 000 млн.руб.
800 000 млн.руб.
1 000 000 млн.руб.
1 200 000 млн.руб.
1 400 000 млн.руб.
1 600 000 млн.руб.
1 800 000 млн.руб.
1 449 221
1 456 358
↑
ДЗО 
Все
Подписи данных
⬤Отклонение
АО «Тываэнерго»
АО «Чеченэнерго»
Россети Волга
Россети Кубань
Россети Ленэнерго (ГК)
Россети Московский регион
Россети Северный Кавказ (ГК)
Россети Северо-Запад
Россети Сибирь (ГК)
Россети Томск
Россети Тюмень
Россети Урал (ГК)
Россети ФСК ЕЭС
Россети Центр
Россети Центр и Приволжье (ГК)
Россети Юг (ГК)
Россети Янтарь
-25 000 млн.руб.
-22 500 млн.руб.
-20 000 млн.руб.
-17 500 млн.руб.
-15 000 млн.руб.
-12 500 млн.руб.
-10 000 млн.руб.
-7 500 млн.руб.
-5 000 млн.руб.
-2 500 млн.руб.
0 млн.руб.
2 500 млн.руб.
5 000 млн.руб.
7 500 млн.руб.
10 000 млн.руб.
12 500 млн.руб.
433
145
175
5 315
5 768
8 943
951
696
2 625
198
-7 329
1 914
-23 145
3 692
5 160
1 206
390
млн.
%
Выручка
Отклонение выручки по ПАО Россети за Январь, Февраль, Март, Апрель, Май, Июнь, Июль, Август, Сентябрь, Октябрь, Ноябрь, Декабрь 2024 года (факт/план, млн. руб)
ПАО Россети
7 136.5 млн.руб.
Статус данных
×
Просьба обратить внимание
Данные занесены не полностью
ВЫБРАННЫЕ ЗНАЧЕНИЯ ФИЛЬТРОВ
ДЗО | ПЕРИОД
ПАО Россети: [«Выбраны все филиалы по всем ДЗО по всем категориям»]
2024: [«Весь год»]
*Внутренний оборот'

29-01-2025T03:51:58 - [TEST_STEP][PASSED] - searchWord = "а": null

29-01-2025T03:51:58 - [TEST_STEP][PASSED] - if (urlText.contains("ошибка") || urlText.contains(searchWord) == false): null

29-01-2025T03:51:58 - [TEST_STEP][PASSED] - delay(45): Delayed 45 second(s)

29-01-2025T03:52:43 - [MESSAGE][PASSED] - Delayed 45 second(s)

29-01-2025T03:52:43 - [TEST_STEP][PASSED] - if (block == 2): Delayed 50 second(s)

29-01-2025T03:52:43 - [TEST_STEP][PASSED] - opoveshenie = getText(findTestObject("Выручка в рублях/Просьба обратить внимание")): Text of object 'Object Repository/Выручка в рублях/Просьба обратить внимание' is: 'Просьба обратить внимание'

29-01-2025T03:52:44 - [MESSAGE][PASSED] - Text of object 'Object Repository/Выручка в рублях/Просьба обратить внимание' is: 'Просьба обратить внимание'

29-01-2025T03:52:44 - [TEST_STEP][PASSED] - if (opoveshenie == "Просьба обратить внимание"): Delayed 50 second(s)

29-01-2025T03:52:44 - [TEST_STEP][PASSED] - click(findTestObject("Выручка в рублях/Закрыть оповещение")): Object: 'Object Repository/Выручка в рублях/Закрыть оповещение' is clicked on

29-01-2025T03:52:44 - [MESSAGE][PASSED] - Object: 'Object Repository/Выручка в рублях/Закрыть оповещение' is clicked on

29-01-2025T03:52:44 - [TEST_STEP][PASSED] - delay(50): Delayed 50 second(s)

29-01-2025T03:53:34 - [MESSAGE][PASSED] - Delayed 50 second(s)

29-01-2025T03:53:34 - [TEST_STEP][PASSED] - click(findTestObject("Выручка в рублях/Фильтр Период" + nameOfBlock)): Object: 'Object Repository/Выручка в рублях/Фильтр Период Выручка' is clicked on

29-01-2025T03:53:34 - [MESSAGE][PASSED] - Object: 'Object Repository/Выручка в рублях/Фильтр Период Выручка' is clicked on

29-01-2025T03:53:34 - [TEST_STEP][PASSED] - click(findTestObject("Выручка в рублях/Снять выделение в фильтре Дата" + nameOfBlock)): Object: 'Object Repository/Выручка в рублях/Снять выделение в фильтре Дата Выручка' is clicked on

29-01-2025T03:53:35 - [MESSAGE][PASSED] - Object: 'Object Repository/Выручка в рублях/Снять выделение в фильтре Дата Выручка' is clicked on

29-01-2025T03:53:35 - [TEST_STEP][PASSED] - click(findTestObject("Выручка в рублях/Применить в фильтре Дата" + nameOfBlock)): Object: 'Object Repository/Выручка в рублях/Применить в фильтре Дата Выручка' is clicked on

29-01-2025T03:53:36 - [MESSAGE][PASSED] - Object: 'Object Repository/Выручка в рублях/Применить в фильтре Дата Выручка' is clicked on

29-01-2025T03:53:36 - [TEST_STEP][PASSED] - delay(50): Delayed 50 second(s)

29-01-2025T03:54:26 - [MESSAGE][PASSED] - Delayed 50 second(s)

29-01-2025T03:54:26 - [TEST_STEP][PASSED] - click(findTestObject("Выручка в рублях/Фильтр Период" + nameOfBlock)): Object: 'Object Repository/Выручка в рублях/Фильтр Период Выручка' is clicked on

29-01-2025T03:54:26 - [MESSAGE][PASSED] - Object: 'Object Repository/Выручка в рублях/Фильтр Период Выручка' is clicked on

29-01-2025T03:54:26 - [TEST_STEP][PASSED] - click(findTestObject("Выручка в рублях/Снять выделение в фильтре Дата" + nameOfBlock)): Object: 'Object Repository/Выручка в рублях/Снять выделение в фильтре Дата Выручка' is clicked on

29-01-2025T03:54:26 - [MESSAGE][PASSED] - Object: 'Object Repository/Выручка в рублях/Снять выделение в фильтре Дата Выручка' is clicked on

29-01-2025T03:54:26 - [TEST_STEP][PASSED] - scrollToElement(findTestObject("Выручка в рублях/2024 список" + nameOfBlock), 30): Scroll to object 'Object Repository/Выручка в рублях/2024 список Выручка' successfully

29-01-2025T03:54:27 - [MESSAGE][PASSED] - Scroll to object 'Object Repository/Выручка в рублях/2024 список Выручка' successfully

29-01-2025T03:54:27 - [TEST_STEP][PASSED] - click(findTestObject("Выручка в рублях/2024 год" + nameOfBlock)): Object: 'Object Repository/Выручка в рублях/2024 год Выручка' is clicked on

29-01-2025T03:54:27 - [MESSAGE][PASSED] - Object: 'Object Repository/Выручка в рублях/2024 год Выручка' is clicked on

29-01-2025T03:54:27 - [TEST_STEP][PASSED] - scrollToElement(findTestObject("Выручка в рублях/Заголовок дашборда" + nameOfBlock), 30): Scroll to object 'Object Repository/Выручка в рублях/Заголовок дашборда Выручка' successfully

29-01-2025T03:54:28 - [MESSAGE][PASSED] - Scroll to object 'Object Repository/Выручка в рублях/Заголовок дашборда Выручка' successfully

29-01-2025T03:54:28 - [TEST_STEP][PASSED] - click(findTestObject("Выручка в рублях/Применить в фильтре Дата" + nameOfBlock)): Object: 'Object Repository/Выручка в рублях/Применить в фильтре Дата Выручка' is clicked on

29-01-2025T03:54:28 - [MESSAGE][PASSED] - Object: 'Object Repository/Выручка в рублях/Применить в фильтре Дата Выручка' is clicked on

29-01-2025T03:54:28 - [TEST_STEP][PASSED] - delay(55): Delayed 55 second(s)

29-01-2025T03:55:23 - [MESSAGE][PASSED] - Delayed 55 second(s)

29-01-2025T03:55:23 - [TEST_STEP][PASSED] - click(findTestObject("Выручка в рублях/Фильтр ДЗО" + nameOfBlock)): Object: 'Object Repository/Выручка в рублях/Фильтр ДЗО Выручка' is clicked on

29-01-2025T03:55:23 - [MESSAGE][PASSED] - Object: 'Object Repository/Выручка в рублях/Фильтр ДЗО Выручка' is clicked on

29-01-2025T03:55:23 - [TEST_STEP][PASSED] - click(findTestObject("Выручка в рублях/Снять выделение в фильтре ДЗО" + nameOfBlock)): Object: 'Object Repository/Выручка в рублях/Снять выделение в фильтре ДЗО Выручка' is clicked on

29-01-2025T03:55:24 - [MESSAGE][PASSED] - Object: 'Object Repository/Выручка в рублях/Снять выделение в фильтре ДЗО Выручка' is clicked on

29-01-2025T03:55:24 - [TEST_STEP][PASSED] - click(findTestObject("Выручка в рублях/Применить в фильтре ДЗО" + nameOfBlock)): Object: 'Object Repository/Выручка в рублях/Применить в фильтре ДЗО Выручка' is clicked on

29-01-2025T03:55:25 - [MESSAGE][PASSED] - Object: 'Object Repository/Выручка в рублях/Применить в фильтре ДЗО Выручка' is clicked on

29-01-2025T03:55:25 - [TEST_STEP][PASSED] - delay(50): Delayed 50 second(s)

29-01-2025T03:56:15 - [MESSAGE][PASSED] - Delayed 50 second(s)

29-01-2025T03:56:15 - [TEST_STEP][PASSED] - Script1710234207206.Tumbler(run, vir, block, nameOfBlock): null

29-01-2025T03:56:15 - [TEST_STEP][PASSED] - println("run:" + run): null

29-01-2025T03:56:15 - [TEST_STEP][PASSED] - println("vir:" + vir): null

29-01-2025T03:56:15 - [TEST_STEP][PASSED] - println("block:" + block): null

29-01-2025T03:56:15 - [TEST_STEP][PASSED] - println("nameOfBlock:" + nameOfBlock): null

29-01-2025T03:56:15 - [TEST_STEP][PASSED] - if (vir == 1): null

29-01-2025T03:56:15 - [TEST_STEP][PASSED] - else if (vir == 2): Object: 'Object Repository/Выручка в рублях/Применить в фильтре Выручка Выручка' is clicked on

29-01-2025T03:56:15 - [TEST_STEP][PASSED] - if (run == 2): Object: 'Object Repository/Выручка в рублях/Переключить отображение с млн на проценты Выручка в рублях Выручка' is clicked on

29-01-2025T03:56:15 - [TEST_STEP][PASSED] - click(findTestObject("Выручка в рублях/Переключить отображение с млн на проценты Выручка в рублях" + nameOfBlock)): Object: 'Object Repository/Выручка в рублях/Переключить отображение с млн на проценты Выручка в рублях Выручка' is clicked on

29-01-2025T03:56:15 - [MESSAGE][PASSED] - Object: 'Object Repository/Выручка в рублях/Переключить отображение с млн на проценты Выручка в рублях Выручка' is clicked on

29-01-2025T03:56:15 - [TEST_STEP][PASSED] - click(findTestObject("Выручка в рублях/Фильтр Выручка" + nameOfBlock)): Object: 'Object Repository/Выручка в рублях/Фильтр Выручка Выручка' is clicked on

29-01-2025T03:56:15 - [MESSAGE][PASSED] - Object: 'Object Repository/Выручка в рублях/Фильтр Выручка Выручка' is clicked on

29-01-2025T03:56:15 - [TEST_STEP][PASSED] - click(findTestObject("Выручка в рублях/Итого в фильтре Выручка" + nameOfBlock)): Object: 'Object Repository/Выручка в рублях/Итого в фильтре Выручка Выручка' is clicked on

29-01-2025T03:56:16 - [MESSAGE][PASSED] - Object: 'Object Repository/Выручка в рублях/Итого в фильтре Выручка Выручка' is clicked on

29-01-2025T03:56:16 - [TEST_STEP][PASSED] - click(findTestObject("Выручка в рублях/Применить в фильтре Выручка" + nameOfBlock)): Object: 'Object Repository/Выручка в рублях/Применить в фильтре Выручка Выручка' is clicked on

29-01-2025T03:56:17 - [MESSAGE][PASSED] - Object: 'Object Repository/Выручка в рублях/Применить в фильтре Выручка Выручка' is clicked on

29-01-2025T03:56:17 - [TEST_STEP][PASSED] - click(findTestObject("Выручка в рублях/Фильтр ДЗО" + nameOfBlock)): Object: 'Object Repository/Выручка в рублях/Фильтр ДЗО Выручка' is clicked on

29-01-2025T03:56:18 - [MESSAGE][PASSED] - Object: 'Object Repository/Выручка в рублях/Фильтр ДЗО Выручка' is clicked on

29-01-2025T03:56:18 - [TEST_STEP][PASSED] - Script1710234207206.Rosseti(nameOfBlock): null

29-01-2025T03:56:18 - [TEST_STEP][PASSED] - println("nameOfBlock:" + nameOfBlock): null

29-01-2025T03:56:18 - [TEST_STEP][PASSED] - click(findTestObject("Выручка в рублях/ПАО Россети" + nameOfBlock)): Object: 'Object Repository/Выручка в рублях/ПАО Россети Выручка' is clicked on

29-01-2025T03:56:19 - [MESSAGE][PASSED] - Object: 'Object Repository/Выручка в рублях/ПАО Россети Выручка' is clicked on

29-01-2025T03:56:19 - [TEST_STEP][PASSED] - click(findTestObject("Выручка в рублях/Применить в фильтре ДЗО" + nameOfBlock)): Object: 'Object Repository/Выручка в рублях/Применить в фильтре ДЗО Выручка' is clicked on

29-01-2025T03:56:19 - [MESSAGE][PASSED] - Object: 'Object Repository/Выручка в рублях/Применить в фильтре ДЗО Выручка' is clicked on

29-01-2025T03:56:19 - [TEST_STEP][PASSED] - if (vir == 1 || vir == 2): Text of object 'Object Repository/Выручка в рублях/График План Выручка' is: '1 424 495'

29-01-2025T03:56:19 - [TEST_STEP][PASSED] - b1 = getText(findTestObject("Выручка в рублях/График План Выручка")): Text of object 'Object Repository/Выручка в рублях/График План Выручка' is: '1 424 495'

29-01-2025T03:56:20 - [MESSAGE][PASSED] - Text of object 'Object Repository/Выручка в рублях/График План Выручка' is: '1 424 495'

29-01-2025T03:56:20 - [TEST_STEP][PASSED] - if (vir == 1 || vir == 2): Text of object 'Object Repository/Выручка в рублях/График Факт Выручка' is: '1 430 916'

29-01-2025T03:56:20 - [TEST_STEP][PASSED] - b2 = getText(findTestObject("Выручка в рублях/График Факт Выручка")): Text of object 'Object Repository/Выручка в рублях/График Факт Выручка' is: '1 430 916'

29-01-2025T03:56:21 - [MESSAGE][PASSED] - Text of object 'Object Repository/Выручка в рублях/График Факт Выручка' is: '1 430 916'

29-01-2025T03:56:21 - [TEST_STEP][PASSED] - b30 = getText(findTestObject("Выручка в рублях/span1" + perc)): Text of object 'Object Repository/Выручка в рублях/span1 Perc' is: '0.45 %'

29-01-2025T03:56:21 - [MESSAGE][PASSED] - Text of object 'Object Repository/Выручка в рублях/span1 Perc' is: '0.45 %'

29-01-2025T03:56:21 - [TEST_STEP][PASSED] - i = b30.indexOf("млн.руб."): null

29-01-2025T03:56:21 - [TEST_STEP][PASSED] - if (i > -1): null

29-01-2025T03:56:21 - [TEST_STEP][PASSED] - if (b30.contains("%")): null

29-01-2025T03:56:21 - [TEST_STEP][PASSED] - b30 = b30.replaceAll("%", ""): null

29-01-2025T03:56:21 - [TEST_STEP][PASSED] - b30 = ").trim(): null

29-01-2025T03:56:21 - [TEST_STEP][PASSED] - println("b30: " + b30): null

29-01-2025T03:56:21 - [TEST_STEP][PASSED] - if (vir == 1 || vir == 2): Text of object 'Object Repository/Выручка в рублях/span2 Perc' is: '385.31 %'

29-01-2025T03:56:21 - [TEST_STEP][PASSED] - b31 = ").trim(): Text of object 'Object Repository/Выручка в рублях/span2 Perc' is: '385.31 %'

29-01-2025T03:56:21 - [MESSAGE][PASSED] - Text of object 'Object Repository/Выручка в рублях/span2 Perc' is: '385.31 %'

29-01-2025T03:56:21 - [TEST_STEP][PASSED] - if (vir == 1 || vir == 2): Text of object 'Object Repository/Выручка в рублях/span3 Perc' is: '-43.75 %'

29-01-2025T03:56:21 - [TEST_STEP][PASSED] - b32 = ").trim(): Text of object 'Object Repository/Выручка в рублях/span3 Perc' is: '-43.75 %'

29-01-2025T03:56:22 - [MESSAGE][PASSED] - Text of object 'Object Repository/Выручка в рублях/span3 Perc' is: '-43.75 %'

29-01-2025T03:56:22 - [TEST_STEP][PASSED] - if (vir == 1 || vir == 2): Text of object 'Object Repository/Выручка в рублях/span8 Perc' is: '2.05 %'

29-01-2025T03:56:22 - [TEST_STEP][PASSED] - b33 = ").trim(): Text of object 'Object Repository/Выручка в рублях/span4 Perc' is: '0.22 %'

29-01-2025T03:56:22 - [MESSAGE][PASSED] - Text of object 'Object Repository/Выручка в рублях/span4 Perc' is: '0.22 %'

29-01-2025T03:56:22 - [TEST_STEP][PASSED] - b34 = ").trim(): Text of object 'Object Repository/Выручка в рублях/span5 Perc' is: '7.1 %'

29-01-2025T03:56:22 - [MESSAGE][PASSED] - Text of object 'Object Repository/Выручка в рублях/span5 Perc' is: '7.1 %'

29-01-2025T03:56:22 - [TEST_STEP][PASSED] - b35 = ").trim(): Text of object 'Object Repository/Выручка в рублях/span6 Perc' is: '5.62 %'

29-01-2025T03:56:23 - [MESSAGE][PASSED] - Text of object 'Object Repository/Выручка в рублях/span6 Perc' is: '5.62 %'

29-01-2025T03:56:23 - [TEST_STEP][PASSED] - b36 = ").trim(): Text of object 'Object Repository/Выручка в рублях/span7 Perc' is: '4.23 %'

29-01-2025T03:56:23 - [MESSAGE][PASSED] - Text of object 'Object Repository/Выручка в рублях/span7 Perc' is: '4.23 %'

29-01-2025T03:56:23 - [TEST_STEP][PASSED] - b37 = ").trim(): Text of object 'Object Repository/Выручка в рублях/span8 Perc' is: '2.05 %'

29-01-2025T03:56:23 - [MESSAGE][PASSED] - Text of object 'Object Repository/Выручка в рублях/span8 Perc' is: '2.05 %'

29-01-2025T03:56:23 - [TEST_STEP][PASSED] - if (vir == 1 || vir == 2): Text of object 'Object Repository/Выручка в рублях/span17 Perc' is: '2.24 %'

29-01-2025T03:56:23 - [TEST_STEP][PASSED] - b38 = ").trim(): Text of object 'Object Repository/Выручка в рублях/span9 Perc' is: '1.28 %'

29-01-2025T03:56:23 - [MESSAGE][PASSED] - Text of object 'Object Repository/Выручка в рублях/span9 Perc' is: '1.28 %'

29-01-2025T03:56:23 - [TEST_STEP][PASSED] - b39 = ").trim(): Text of object 'Object Repository/Выручка в рублях/span10 Perc' is: '3.69 %'

29-01-2025T03:56:24 - [MESSAGE][PASSED] - Text of object 'Object Repository/Выручка в рублях/span10 Perc' is: '3.69 %'

29-01-2025T03:56:24 - [TEST_STEP][PASSED] - b310 = ").trim(): Text of object 'Object Repository/Выручка в рублях/span11 Perc' is: '2.05 %'

29-01-2025T03:56:24 - [MESSAGE][PASSED] - Text of object 'Object Repository/Выручка в рублях/span11 Perc' is: '2.05 %'

29-01-2025T03:56:24 - [TEST_STEP][PASSED] - b311 = ").trim(): Text of object 'Object Repository/Выручка в рублях/span12 Perc' is: '-8.66 %'

29-01-2025T03:56:24 - [MESSAGE][PASSED] - Text of object 'Object Repository/Выручка в рублях/span12 Perc' is: '-8.66 %'

29-01-2025T03:56:24 - [TEST_STEP][PASSED] - b312 = ").trim(): Text of object 'Object Repository/Выручка в рублях/span13 Perc' is: '1.8 %'

29-01-2025T03:56:25 - [MESSAGE][PASSED] - Text of object 'Object Repository/Выручка в рублях/span13 Perc' is: '1.8 %'

29-01-2025T03:56:25 - [TEST_STEP][PASSED] - b313 = ").trim(): Text of object 'Object Repository/Выручка в рублях/span14 Perc' is: '-7.48 %'

29-01-2025T03:56:25 - [MESSAGE][PASSED] - Text of object 'Object Repository/Выручка в рублях/span14 Perc' is: '-7.48 %'

29-01-2025T03:56:25 - [TEST_STEP][PASSED] - b314 = ").trim(): Text of object 'Object Repository/Выручка в рублях/span15 Perc' is: '3.13 %'

29-01-2025T03:56:25 - [MESSAGE][PASSED] - Text of object 'Object Repository/Выручка в рублях/span15 Perc' is: '3.13 %'

29-01-2025T03:56:25 - [TEST_STEP][PASSED] - b315 = ").trim(): Text of object 'Object Repository/Выручка в рублях/span16 Perc' is: '4.09 %'

29-01-2025T03:56:26 - [MESSAGE][PASSED] - Text of object 'Object Repository/Выручка в рублях/span16 Perc' is: '4.09 %'

29-01-2025T03:56:26 - [TEST_STEP][PASSED] - b316 = ").trim(): Text of object 'Object Repository/Выручка в рублях/span17 Perc' is: '2.24 %'

29-01-2025T03:56:26 - [MESSAGE][PASSED] - Text of object 'Object Repository/Выручка в рублях/span17 Perc' is: '2.24 %'

29-01-2025T03:56:26 - [TEST_STEP][PASSED] - if (vir == 1 || vir == 2): Text of object 'Object Repository/Выручка в рублях/span18 Perc' is: '3.99 %'

29-01-2025T03:56:26 - [TEST_STEP][PASSED] - b317 = ").trim(): Text of object 'Object Repository/Выручка в рублях/span18 Perc' is: '3.99 %'

29-01-2025T03:56:26 - [MESSAGE][PASSED] - Text of object 'Object Repository/Выручка в рублях/span18 Perc' is: '3.99 %'

29-01-2025T03:56:26 - [TEST_STEP][PASSED] - dZO = "ПАО Россети": null

29-01-2025T03:56:26 - [TEST_STEP][PASSED] - if (verifyEqual(a1, b1) == false): Actual object '1 424 495' and expected object '1 424 495' are equal

29-01-2025T03:56:26 - [MESSAGE][PASSED] - Actual object '1 424 495' and expected object '1 424 495' are equal

29-01-2025T03:56:26 - [TEST_STEP][PASSED] - if (verifyEqual(a2, b2) == false): Actual object '1 430 916' and expected object '1 430 916' are equal

29-01-2025T03:56:26 - [MESSAGE][PASSED] - Actual object '1 430 916' and expected object '1 430 916' are equal

29-01-2025T03:56:26 - [TEST_STEP][PASSED] - vidget = "Отклонения": null

29-01-2025T03:56:26 - [TEST_STEP][FAILED] - if (verifyEqual(a30, b30) == false): null

29-01-2025T03:56:26 - [MESSAGE][FAILED] - Unable to verify equal between actual object '-86.88' and expected object '0.45' (Root cause: com.kms.katalon.core.exception.StepFailedException: Actual object '-86.88' and expected object '0.45' are not equal
	at com.kms.katalon.core.keyword.builtin.VerifyEqualKeyword$_verifyEqual_closure1.doCall(VerifyEqualKeyword.groovy:58)
	at com.kms.katalon.core.keyword.builtin.VerifyEqualKeyword$_verifyEqual_closure1.call(VerifyEqualKeyword.groovy)
	at com.kms.katalon.core.keyword.internal.KeywordMain.runKeyword(KeywordMain.groovy:75)
	at com.kms.katalon.core.keyword.builtin.VerifyEqualKeyword.verifyEqual(VerifyEqualKeyword.groovy:63)
	at com.kms.katalon.core.keyword.builtin.VerifyEqualKeyword.execute(VerifyEqualKeyword.groovy:44)
	at com.kms.katalon.core.keyword.internal.KeywordExecutor.executeKeywordForPlatform(KeywordExecutor.groovy:74)
	at com.kms.katalon.core.keyword.BuiltinKeywords.verifyEqual(BuiltinKeywords.groovy:146)
	at jdk.internal.reflect.GeneratedMethodAccessor25.invoke(Unknown Source)
	at java.base/jdk.internal.reflect.DelegatingMethodAccessorImpl.invoke(DelegatingMethodAccessorImpl.java:43)
	at Выручка в рублях сверка дашбордов ПАО Россети.Blocks(Выручка в рублях сверка дашбордов ПАО Россети:357)
	at Выручка в рублях сверка дашбордов ПАО Россети.ViruchkaChange(Выручка в рублях сверка дашбордов ПАО Россети:60)
	at Выручка в рублях сверка дашбордов ПАО Россети.run(Выручка в рублях сверка дашбордов ПАО Россети:55)
	at com.kms.katalon.core.main.ScriptEngine.run(ScriptEngine.java:194)
	at com.kms.katalon.core.main.ScriptEngine.runScriptAsRawText(ScriptEngine.java:119)
	at com.kms.katalon.core.main.TestCaseExecutor.runScript(TestCaseExecutor.java:448)
	at com.kms.katalon.core.main.TestCaseExecutor.doExecute(TestCaseExecutor.java:439)
	at com.kms.katalon.core.main.TestCaseExecutor.processExecutionPhase(TestCaseExecutor.java:418)
	at com.kms.katalon.core.main.TestCaseExecutor.accessMainPhase(TestCaseExecutor.java:410)
	at com.kms.katalon.core.main.TestCaseExecutor.execute(TestCaseExecutor.java:285)
	at com.kms.katalon.core.common.CommonExecutor.accessTestCaseMainPhase(CommonExecutor.java:65)
	at com.kms.katalon.core.main.TestSuiteExecutor.accessTestSuiteMainPhase(TestSuiteExecutor.java:150)
	at com.kms.katalon.core.main.TestSuiteExecutor.execute(TestSuiteExecutor.java:106)
	at com.kms.katalon.core.main.TestCaseMain.startTestSuite(TestCaseMain.java:180)
	at TempTestSuite1738107421100.run(TempTestSuite1738107421100.groovy:35)
	at java.base/jdk.internal.reflect.NativeMethodAccessorImpl.invoke0(Native Method)
	at java.base/jdk.internal.reflect.NativeMethodAccessorImpl.invoke(NativeMethodAccessorImpl.java:77)
	at java.base/jdk.internal.reflect.DelegatingMethodAccessorImpl.invoke(DelegatingMethodAccessorImpl.java:43)
)

29-01-2025T03:56:26 - [TEST_STEP][PASSED] - a = replaceAll("\s+", "").toDouble(): null

29-01-2025T03:56:26 - [TEST_STEP][PASSED] - b = replaceAll("\s+", "").toDouble(): null

29-01-2025T03:56:26 - [TEST_STEP][PASSED] - Script1710234207206.WriteToExcel(todaysDate, run, vir, block, typeOfData, viruchka, vidget, nameOfBlock, a, b, dZO): null

29-01-2025T03:56:26 - [TEST_STEP][PASSED] - println(run): null

29-01-2025T03:56:26 - [TEST_STEP][PASSED] - if (run == 1): null

29-01-2025T03:56:26 - [TEST_STEP][PASSED] - else if (run == 2): null

29-01-2025T03:56:26 - [TEST_STEP][PASSED] - typeOfData = "Проценты": null

29-01-2025T03:56:26 - [TEST_STEP][PASSED] - println("todaysDate:" + todaysDate): null

29-01-2025T03:56:26 - [TEST_STEP][PASSED] - println("typeOfData:" + typeOfData): null

29-01-2025T03:56:26 - [TEST_STEP][PASSED] - viruchka = getText(findTestObject("Выручка в рублях/Фильтр Выручка" + nameOfBlock)): Text of object 'Object Repository/Выручка в рублях/Фильтр Выручка Выручка' is: 'ПЕРЕДАЧА ЭЛЕКТРОЭНЕРГИИ (ИТОГО, по всем видам тарифа)'

29-01-2025T03:56:26 - [MESSAGE][PASSED] - Text of object 'Object Repository/Выручка в рублях/Фильтр Выручка Выручка' is: 'ПЕРЕДАЧА ЭЛЕКТРОЭНЕРГИИ (ИТОГО, по всем видам тарифа)'

29-01-2025T03:56:26 - [TEST_STEP][PASSED] - println("viruchka" + viruchka): null

29-01-2025T03:56:26 - [TEST_STEP][PASSED] - println("vidget" + vidget): null

29-01-2025T03:56:26 - [TEST_STEP][PASSED] - println("a" + a): null

29-01-2025T03:56:26 - [TEST_STEP][PASSED] - println("b" + b): null

29-01-2025T03:56:26 - [TEST_STEP][PASSED] - sheetName = "Sheet1": null

29-01-2025T03:56:26 - [TEST_STEP][PASSED] - data = findTestData("PlanFact"): null

29-01-2025T03:56:26 - [TEST_STEP][PASSED] - n = data.getRowNumbers() + 1: null

29-01-2025T03:56:26 - [TEST_STEP][PASSED] - period = getText(findTestObject("Выручка в рублях/Фильтр Период")): Text of object 'Object Repository/Выручка в рублях/Фильтр Период' is: '2024'

29-01-2025T03:56:27 - [MESSAGE][PASSED] - Text of object 'Object Repository/Выручка в рублях/Фильтр Период' is: '2024'

29-01-2025T03:56:27 - [TEST_STEP][PASSED] - println(period): null

29-01-2025T03:56:27 - [TEST_STEP][PASSED] - dashboardName = "Выручка в рублях": null

29-01-2025T03:56:27 - [TEST_STEP][PASSED] - workbook01 = getWorkbook(excelFilePath): null

29-01-2025T03:56:27 - [TEST_STEP][PASSED] - sheet01 = getExcelSheet(workbook01, sheetName): null

29-01-2025T03:56:27 - [TEST_STEP][PASSED] - setValueToCellByIndex(sheet01, n, 0, dashboardName): null

29-01-2025T03:56:27 - [TEST_STEP][PASSED] - setValueToCellByIndex(sheet01, n, 1, dZO): null

29-01-2025T03:56:27 - [TEST_STEP][PASSED] - setValueToCellByIndex(sheet01, n, 2, vidget): null

29-01-2025T03:56:27 - [TEST_STEP][PASSED] - setValueToCellByIndex(sheet01, n, 3, viruchka): null

29-01-2025T03:56:27 - [TEST_STEP][PASSED] - setValueToCellByIndex(sheet01, n, 4, typeOfData): null

29-01-2025T03:56:27 - [TEST_STEP][PASSED] - if (a == null): null

29-01-2025T03:56:27 - [TEST_STEP][PASSED] - else: null

29-01-2025T03:56:27 - [TEST_STEP][PASSED] - setValueToCellByIndex(sheet01, n, 5, a): null

29-01-2025T03:56:27 - [TEST_STEP][PASSED] - if (b == null): null

29-01-2025T03:56:27 - [TEST_STEP][PASSED] - else: null

29-01-2025T03:56:27 - [TEST_STEP][PASSED] - setValueToCellByIndex(sheet01, n, 6, b): null

29-01-2025T03:56:27 - [TEST_STEP][PASSED] - setValueToCellByIndex(sheet01, n, 7, period): null

29-01-2025T03:56:27 - [TEST_STEP][PASSED] - setValueToCellByIndex(sheet01, n, 8, todaysDate): null

29-01-2025T03:56:27 - [TEST_STEP][PASSED] - n = n + 1: null

29-01-2025T03:56:27 - [TEST_STEP][PASSED] - saveWorkbook(excelFilePath, workbook01): null

29-01-2025T03:56:27 - [TEST_STEP][PASSED] - dZO = "АО «Тываэнерго»": null

29-01-2025T03:56:27 - [TEST_STEP][FAILED] - if (verifyEqual(a31, b31) == false): null

29-01-2025T03:56:27 - [MESSAGE][FAILED] - Unable to verify equal between actual object '-26.16' and expected object '385.31' (Root cause: com.kms.katalon.core.exception.StepFailedException: Actual object '-26.16' and expected object '385.31' are not equal
	at com.kms.katalon.core.keyword.builtin.VerifyEqualKeyword$_verifyEqual_closure1.doCall(VerifyEqualKeyword.groovy:58)
	at com.kms.katalon.core.keyword.builtin.VerifyEqualKeyword$_verifyEqual_closure1.call(VerifyEqualKeyword.groovy)
	at com.kms.katalon.core.keyword.internal.KeywordMain.runKeyword(KeywordMain.groovy:75)
	at com.kms.katalon.core.keyword.builtin.VerifyEqualKeyword.verifyEqual(VerifyEqualKeyword.groovy:63)
	at com.kms.katalon.core.keyword.builtin.VerifyEqualKeyword.execute(VerifyEqualKeyword.groovy:44)
	at com.kms.katalon.core.keyword.internal.KeywordExecutor.executeKeywordForPlatform(KeywordExecutor.groovy:74)
	at com.kms.katalon.core.keyword.BuiltinKeywords.verifyEqual(BuiltinKeywords.groovy:146)
	at jdk.internal.reflect.GeneratedMethodAccessor25.invoke(Unknown Source)
	at java.base/jdk.internal.reflect.DelegatingMethodAccessorImpl.invoke(DelegatingMethodAccessorImpl.java:43)
	at Выручка в рублях сверка дашбордов ПАО Россети.Blocks(Выручка в рублях сверка дашбордов ПАО Россети:367)
	at Выручка в рублях сверка дашбордов ПАО Россети.ViruchkaChange(Выручка в рублях сверка дашбордов ПАО Россети:60)
	at Выручка в рублях сверка дашбордов ПАО Россети.run(Выручка в рублях сверка дашбордов ПАО Россети:55)
	at com.kms.katalon.core.main.ScriptEngine.run(ScriptEngine.java:194)
	at com.kms.katalon.core.main.ScriptEngine.runScriptAsRawText(ScriptEngine.java:119)
	at com.kms.katalon.core.main.TestCaseExecutor.runScript(TestCaseExecutor.java:448)
	at com.kms.katalon.core.main.TestCaseExecutor.doExecute(TestCaseExecutor.java:439)
	at com.kms.katalon.core.main.TestCaseExecutor.processExecutionPhase(TestCaseExecutor.java:418)
	at com.kms.katalon.core.main.TestCaseExecutor.accessMainPhase(TestCaseExecutor.java:410)
	at com.kms.katalon.core.main.TestCaseExecutor.execute(TestCaseExecutor.java:285)
	at com.kms.katalon.core.common.CommonExecutor.accessTestCaseMainPhase(CommonExecutor.java:65)
	at com.kms.katalon.core.main.TestSuiteExecutor.accessTestSuiteMainPhase(TestSuiteExecutor.java:150)
	at com.kms.katalon.core.main.TestSuiteExecutor.execute(TestSuiteExecutor.java:106)
	at com.kms.katalon.core.main.TestCaseMain.startTestSuite(TestCaseMain.java:180)
	at TempTestSuite1738107421100.run(TempTestSuite1738107421100.groovy:35)
	at java.base/jdk.internal.reflect.NativeMethodAccessorImpl.invoke0(Native Method)
	at java.base/jdk.internal.reflect.NativeMethodAccessorImpl.invoke(NativeMethodAccessorImpl.java:77)
	at java.base/jdk.internal.reflect.DelegatingMethodAccessorImpl.invoke(DelegatingMethodAccessorImpl.java:43)
)

29-01-2025T03:56:27 - [TEST_STEP][PASSED] - a = replaceAll("\s+", "").toDouble(): null

29-01-2025T03:56:27 - [TEST_STEP][PASSED] - b = replaceAll("\s+", "").toDouble(): null

29-01-2025T03:56:27 - [TEST_STEP][PASSED] - Script1710234207206.WriteToExcel(todaysDate, run, vir, block, typeOfData, viruchka, vidget, nameOfBlock, a, b, dZO): null

29-01-2025T03:56:27 - [TEST_STEP][PASSED] - println(run): null

29-01-2025T03:56:27 - [TEST_STEP][PASSED] - if (run == 1): null

29-01-2025T03:56:27 - [TEST_STEP][PASSED] - else if (run == 2): null

29-01-2025T03:56:27 - [TEST_STEP][PASSED] - typeOfData = "Проценты": null

29-01-2025T03:56:27 - [TEST_STEP][PASSED] - println("todaysDate:" + todaysDate): null

29-01-2025T03:56:27 - [TEST_STEP][PASSED] - println("typeOfData:" + typeOfData): null

29-01-2025T03:56:27 - [TEST_STEP][PASSED] - viruchka = getText(findTestObject("Выручка в рублях/Фильтр Выручка" + nameOfBlock)): Text of object 'Object Repository/Выручка в рублях/Фильтр Выручка Выручка' is: 'ПЕРЕДАЧА ЭЛЕКТРОЭНЕРГИИ (ИТОГО, по всем видам тарифа)'

29-01-2025T03:56:27 - [MESSAGE][PASSED] - Text of object 'Object Repository/Выручка в рублях/Фильтр Выручка Выручка' is: 'ПЕРЕДАЧА ЭЛЕКТРОЭНЕРГИИ (ИТОГО, по всем видам тарифа)'

29-01-2025T03:56:27 - [TEST_STEP][PASSED] - println("viruchka" + viruchka): null

29-01-2025T03:56:27 - [TEST_STEP][PASSED] - println("vidget" + vidget): null

29-01-2025T03:56:27 - [TEST_STEP][PASSED] - println("a" + a): null

29-01-2025T03:56:27 - [TEST_STEP][PASSED] - println("b" + b): null

29-01-2025T03:56:27 - [TEST_STEP][PASSED] - sheetName = "Sheet1": null

29-01-2025T03:56:27 - [TEST_STEP][PASSED] - data = findTestData("PlanFact"): null

29-01-2025T03:56:27 - [TEST_STEP][PASSED] - n = data.getRowNumbers() + 1: null

29-01-2025T03:56:27 - [TEST_STEP][PASSED] - period = getText(findTestObject("Выручка в рублях/Фильтр Период")): Text of object 'Object Repository/Выручка в рублях/Фильтр Период' is: '2024'

29-01-2025T03:56:28 - [MESSAGE][PASSED] - Text of object 'Object Repository/Выручка в рублях/Фильтр Период' is: '2024'

29-01-2025T03:56:28 - [TEST_STEP][PASSED] - println(period): null

29-01-2025T03:56:28 - [TEST_STEP][PASSED] - dashboardName = "Выручка в рублях": null

29-01-2025T03:56:28 - [TEST_STEP][PASSED] - workbook01 = getWorkbook(excelFilePath): null

29-01-2025T03:56:28 - [TEST_STEP][PASSED] - sheet01 = getExcelSheet(workbook01, sheetName): null

29-01-2025T03:56:28 - [TEST_STEP][PASSED] - setValueToCellByIndex(sheet01, n, 0, dashboardName): null

29-01-2025T03:56:28 - [TEST_STEP][PASSED] - setValueToCellByIndex(sheet01, n, 1, dZO): null

29-01-2025T03:56:28 - [TEST_STEP][PASSED] - setValueToCellByIndex(sheet01, n, 2, vidget): null

29-01-2025T03:56:28 - [TEST_STEP][PASSED] - setValueToCellByIndex(sheet01, n, 3, viruchka): null

29-01-2025T03:56:28 - [TEST_STEP][PASSED] - setValueToCellByIndex(sheet01, n, 4, typeOfData): null

29-01-2025T03:56:28 - [TEST_STEP][PASSED] - if (a == null): null

29-01-2025T03:56:28 - [TEST_STEP][PASSED] - else: null

29-01-2025T03:56:28 - [TEST_STEP][PASSED] - setValueToCellByIndex(sheet01, n, 5, a): null

29-01-2025T03:56:28 - [TEST_STEP][PASSED] - if (b == null): null

29-01-2025T03:56:28 - [TEST_STEP][PASSED] - else: null

29-01-2025T03:56:28 - [TEST_STEP][PASSED] - setValueToCellByIndex(sheet01, n, 6, b): null

29-01-2025T03:56:28 - [TEST_STEP][PASSED] - setValueToCellByIndex(sheet01, n, 7, period): null

29-01-2025T03:56:28 - [TEST_STEP][PASSED] - setValueToCellByIndex(sheet01, n, 8, todaysDate): null

29-01-2025T03:56:28 - [TEST_STEP][PASSED] - n = n + 1: null

29-01-2025T03:56:28 - [TEST_STEP][PASSED] - saveWorkbook(excelFilePath, workbook01): null

29-01-2025T03:56:28 - [TEST_STEP][PASSED] - dZO = "АО «Чеченэнерго»": null

29-01-2025T03:56:28 - [TEST_STEP][FAILED] - if (verifyEqual(a32, b32) == false): null

29-01-2025T03:56:28 - [MESSAGE][FAILED] - Unable to verify equal between actual object '-90.63' and expected object '-43.75' (Root cause: com.kms.katalon.core.exception.StepFailedException: Actual object '-90.63' and expected object '-43.75' are not equal
	at com.kms.katalon.core.keyword.builtin.VerifyEqualKeyword$_verifyEqual_closure1.doCall(VerifyEqualKeyword.groovy:58)
	at com.kms.katalon.core.keyword.builtin.VerifyEqualKeyword$_verifyEqual_closure1.call(VerifyEqualKeyword.groovy)
	at com.kms.katalon.core.keyword.internal.KeywordMain.runKeyword(KeywordMain.groovy:75)
	at com.kms.katalon.core.keyword.builtin.VerifyEqualKeyword.verifyEqual(VerifyEqualKeyword.groovy:63)
	at com.kms.katalon.core.keyword.builtin.VerifyEqualKeyword.execute(VerifyEqualKeyword.groovy:44)
	at com.kms.katalon.core.keyword.internal.KeywordExecutor.executeKeywordForPlatform(KeywordExecutor.groovy:74)
	at com.kms.katalon.core.keyword.BuiltinKeywords.verifyEqual(BuiltinKeywords.groovy:146)
	at jdk.internal.reflect.GeneratedMethodAccessor25.invoke(Unknown Source)
	at java.base/jdk.internal.reflect.DelegatingMethodAccessorImpl.invoke(DelegatingMethodAccessorImpl.java:43)
	at Выручка в рублях сверка дашбордов ПАО Россети.Blocks(Выручка в рублях сверка дашбордов ПАО Россети:377)
	at Выручка в рублях сверка дашбордов ПАО Россети.ViruchkaChange(Выручка в рублях сверка дашбордов ПАО Россети:60)
	at Выручка в рублях сверка дашбордов ПАО Россети.run(Выручка в рублях сверка дашбордов ПАО Россети:55)
	at com.kms.katalon.core.main.ScriptEngine.run(ScriptEngine.java:194)
	at com.kms.katalon.core.main.ScriptEngine.runScriptAsRawText(ScriptEngine.java:119)
	at com.kms.katalon.core.main.TestCaseExecutor.runScript(TestCaseExecutor.java:448)
	at com.kms.katalon.core.main.TestCaseExecutor.doExecute(TestCaseExecutor.java:439)
	at com.kms.katalon.core.main.TestCaseExecutor.processExecutionPhase(TestCaseExecutor.java:418)
	at com.kms.katalon.core.main.TestCaseExecutor.accessMainPhase(TestCaseExecutor.java:410)
	at com.kms.katalon.core.main.TestCaseExecutor.execute(TestCaseExecutor.java:285)
	at com.kms.katalon.core.common.CommonExecutor.accessTestCaseMainPhase(CommonExecutor.java:65)
	at com.kms.katalon.core.main.TestSuiteExecutor.accessTestSuiteMainPhase(TestSuiteExecutor.java:150)
	at com.kms.katalon.core.main.TestSuiteExecutor.execute(TestSuiteExecutor.java:106)
	at com.kms.katalon.core.main.TestCaseMain.startTestSuite(TestCaseMain.java:180)
	at TempTestSuite1738107421100.run(TempTestSuite1738107421100.groovy:35)
	at java.base/jdk.internal.reflect.NativeMethodAccessorImpl.invoke0(Native Method)
	at java.base/jdk.internal.reflect.NativeMethodAccessorImpl.invoke(NativeMethodAccessorImpl.java:77)
	at java.base/jdk.internal.reflect.DelegatingMethodAccessorImpl.invoke(DelegatingMethodAccessorImpl.java:43)
)

29-01-2025T03:56:28 - [TEST_STEP][PASSED] - a = replaceAll("\s+", "").toDouble(): null

29-01-2025T03:56:28 - [TEST_STEP][PASSED] - b = replaceAll("\s+", "").toDouble(): null

29-01-2025T03:56:28 - [TEST_STEP][PASSED] - Script1710234207206.WriteToExcel(todaysDate, run, vir, block, typeOfData, viruchka, vidget, nameOfBlock, a, b, dZO): null

29-01-2025T03:56:28 - [TEST_STEP][PASSED] - println(run): null

29-01-2025T03:56:28 - [TEST_STEP][PASSED] - if (run == 1): null

29-01-2025T03:56:28 - [TEST_STEP][PASSED] - else if (run == 2): null

29-01-2025T03:56:28 - [TEST_STEP][PASSED] - typeOfData = "Проценты": null

29-01-2025T03:56:28 - [TEST_STEP][PASSED] - println("todaysDate:" + todaysDate): null

29-01-2025T03:56:28 - [TEST_STEP][PASSED] - println("typeOfData:" + typeOfData): null

29-01-2025T03:56:28 - [TEST_STEP][PASSED] - viruchka = getText(findTestObject("Выручка в рублях/Фильтр Выручка" + nameOfBlock)): Text of object 'Object Repository/Выручка в рублях/Фильтр Выручка Выручка' is: 'ПЕРЕДАЧА ЭЛЕКТРОЭНЕРГИИ (ИТОГО, по всем видам тарифа)'

29-01-2025T03:56:28 - [MESSAGE][PASSED] - Text of object 'Object Repository/Выручка в рублях/Фильтр Выручка Выручка' is: 'ПЕРЕДАЧА ЭЛЕКТРОЭНЕРГИИ (ИТОГО, по всем видам тарифа)'

29-01-2025T03:56:28 - [TEST_STEP][PASSED] - println("viruchka" + viruchka): null

29-01-2025T03:56:28 - [TEST_STEP][PASSED] - println("vidget" + vidget): null

29-01-2025T03:56:28 - [TEST_STEP][PASSED] - println("a" + a): null

29-01-2025T03:56:28 - [TEST_STEP][PASSED] - println("b" + b): null

29-01-2025T03:56:28 - [TEST_STEP][PASSED] - sheetName = "Sheet1": null

29-01-2025T03:56:28 - [TEST_STEP][PASSED] - data = findTestData("PlanFact"): null

29-01-2025T03:56:28 - [TEST_STEP][PASSED] - n = data.getRowNumbers() + 1: null

29-01-2025T03:56:28 - [TEST_STEP][PASSED] - period = getText(findTestObject("Выручка в рублях/Фильтр Период")): Text of object 'Object Repository/Выручка в рублях/Фильтр Период' is: '2024'

29-01-2025T03:56:29 - [MESSAGE][PASSED] - Text of object 'Object Repository/Выручка в рублях/Фильтр Период' is: '2024'

29-01-2025T03:56:29 - [TEST_STEP][PASSED] - println(period): null

29-01-2025T03:56:29 - [TEST_STEP][PASSED] - dashboardName = "Выручка в рублях": null

29-01-2025T03:56:29 - [TEST_STEP][PASSED] - workbook01 = getWorkbook(excelFilePath): null

29-01-2025T03:56:29 - [TEST_STEP][PASSED] - sheet01 = getExcelSheet(workbook01, sheetName): null

29-01-2025T03:56:29 - [TEST_STEP][PASSED] - setValueToCellByIndex(sheet01, n, 0, dashboardName): null

29-01-2025T03:56:29 - [TEST_STEP][PASSED] - setValueToCellByIndex(sheet01, n, 1, dZO): null

29-01-2025T03:56:29 - [TEST_STEP][PASSED] - setValueToCellByIndex(sheet01, n, 2, vidget): null

29-01-2025T03:56:29 - [TEST_STEP][PASSED] - setValueToCellByIndex(sheet01, n, 3, viruchka): null

29-01-2025T03:56:29 - [TEST_STEP][PASSED] - setValueToCellByIndex(sheet01, n, 4, typeOfData): null

29-01-2025T03:56:29 - [TEST_STEP][PASSED] - if (a == null): null

29-01-2025T03:56:29 - [TEST_STEP][PASSED] - else: null

29-01-2025T03:56:29 - [TEST_STEP][PASSED] - setValueToCellByIndex(sheet01, n, 5, a): null

29-01-2025T03:56:29 - [TEST_STEP][PASSED] - if (b == null): null

29-01-2025T03:56:29 - [TEST_STEP][PASSED] - else: null

29-01-2025T03:56:29 - [TEST_STEP][PASSED] - setValueToCellByIndex(sheet01, n, 6, b): null

29-01-2025T03:56:29 - [TEST_STEP][PASSED] - setValueToCellByIndex(sheet01, n, 7, period): null

29-01-2025T03:56:29 - [TEST_STEP][PASSED] - setValueToCellByIndex(sheet01, n, 8, todaysDate): null

29-01-2025T03:56:29 - [TEST_STEP][PASSED] - n = n + 1: null

29-01-2025T03:56:29 - [TEST_STEP][PASSED] - saveWorkbook(excelFilePath, workbook01): null

29-01-2025T03:56:29 - [TEST_STEP][PASSED] - dZO = "Россети Волга": null

29-01-2025T03:56:29 - [TEST_STEP][FAILED] - if (verifyEqual(a33, b33) == false): null

29-01-2025T03:56:29 - [MESSAGE][FAILED] - Unable to verify equal between actual object '-84.13' and expected object '0.22' (Root cause: com.kms.katalon.core.exception.StepFailedException: Actual object '-84.13' and expected object '0.22' are not equal
	at com.kms.katalon.core.keyword.builtin.VerifyEqualKeyword$_verifyEqual_closure1.doCall(VerifyEqualKeyword.groovy:58)
	at com.kms.katalon.core.keyword.builtin.VerifyEqualKeyword$_verifyEqual_closure1.call(VerifyEqualKeyword.groovy)
	at com.kms.katalon.core.keyword.internal.KeywordMain.runKeyword(KeywordMain.groovy:75)
	at com.kms.katalon.core.keyword.builtin.VerifyEqualKeyword.verifyEqual(VerifyEqualKeyword.groovy:63)
	at com.kms.katalon.core.keyword.builtin.VerifyEqualKeyword.execute(VerifyEqualKeyword.groovy:44)
	at com.kms.katalon.core.keyword.internal.KeywordExecutor.executeKeywordForPlatform(KeywordExecutor.groovy:74)
	at com.kms.katalon.core.keyword.BuiltinKeywords.verifyEqual(BuiltinKeywords.groovy:146)
	at jdk.internal.reflect.GeneratedMethodAccessor25.invoke(Unknown Source)
	at java.base/jdk.internal.reflect.DelegatingMethodAccessorImpl.invoke(DelegatingMethodAccessorImpl.java:43)
	at Выручка в рублях сверка дашбордов ПАО Россети.Blocks(Выручка в рублях сверка дашбордов ПАО Россети:387)
	at Выручка в рублях сверка дашбордов ПАО Россети.ViruchkaChange(Выручка в рублях сверка дашбордов ПАО Россети:60)
	at Выручка в рублях сверка дашбордов ПАО Россети.run(Выручка в рублях сверка дашбордов ПАО Россети:55)
	at com.kms.katalon.core.main.ScriptEngine.run(ScriptEngine.java:194)
	at com.kms.katalon.core.main.ScriptEngine.runScriptAsRawText(ScriptEngine.java:119)
	at com.kms.katalon.core.main.TestCaseExecutor.runScript(TestCaseExecutor.java:448)
	at com.kms.katalon.core.main.TestCaseExecutor.doExecute(TestCaseExecutor.java:439)
	at com.kms.katalon.core.main.TestCaseExecutor.processExecutionPhase(TestCaseExecutor.java:418)
	at com.kms.katalon.core.main.TestCaseExecutor.accessMainPhase(TestCaseExecutor.java:410)
	at com.kms.katalon.core.main.TestCaseExecutor.execute(TestCaseExecutor.java:285)
	at com.kms.katalon.core.common.CommonExecutor.accessTestCaseMainPhase(CommonExecutor.java:65)
	at com.kms.katalon.core.main.TestSuiteExecutor.accessTestSuiteMainPhase(TestSuiteExecutor.java:150)
	at com.kms.katalon.core.main.TestSuiteExecutor.execute(TestSuiteExecutor.java:106)
	at com.kms.katalon.core.main.TestCaseMain.startTestSuite(TestCaseMain.java:180)
	at TempTestSuite1738107421100.run(TempTestSuite1738107421100.groovy:35)
	at java.base/jdk.internal.reflect.NativeMethodAccessorImpl.invoke0(Native Method)
	at java.base/jdk.internal.reflect.NativeMethodAccessorImpl.invoke(NativeMethodAccessorImpl.java:77)
	at java.base/jdk.internal.reflect.DelegatingMethodAccessorImpl.invoke(DelegatingMethodAccessorImpl.java:43)
)

29-01-2025T03:56:29 - [TEST_STEP][PASSED] - a = replaceAll("\s+", "").toDouble(): null

29-01-2025T03:56:29 - [TEST_STEP][PASSED] - b = replaceAll("\s+", "").toDouble(): null

29-01-2025T03:56:29 - [TEST_STEP][PASSED] - Script1710234207206.WriteToExcel(todaysDate, run, vir, block, typeOfData, viruchka, vidget, nameOfBlock, a, b, dZO): null

29-01-2025T03:56:29 - [TEST_STEP][PASSED] - println(run): null

29-01-2025T03:56:29 - [TEST_STEP][PASSED] - if (run == 1): null

29-01-2025T03:56:29 - [TEST_STEP][PASSED] - else if (run == 2): null

29-01-2025T03:56:29 - [TEST_STEP][PASSED] - typeOfData = "Проценты": null

29-01-2025T03:56:29 - [TEST_STEP][PASSED] - println("todaysDate:" + todaysDate): null

29-01-2025T03:56:29 - [TEST_STEP][PASSED] - println("typeOfData:" + typeOfData): null

29-01-2025T03:56:29 - [TEST_STEP][PASSED] - viruchka = getText(findTestObject("Выручка в рублях/Фильтр Выручка" + nameOfBlock)): Text of object 'Object Repository/Выручка в рублях/Фильтр Выручка Выручка' is: 'ПЕРЕДАЧА ЭЛЕКТРОЭНЕРГИИ (ИТОГО, по всем видам тарифа)'

29-01-2025T03:56:29 - [MESSAGE][PASSED] - Text of object 'Object Repository/Выручка в рублях/Фильтр Выручка Выручка' is: 'ПЕРЕДАЧА ЭЛЕКТРОЭНЕРГИИ (ИТОГО, по всем видам тарифа)'

29-01-2025T03:56:29 - [TEST_STEP][PASSED] - println("viruchka" + viruchka): null

29-01-2025T03:56:29 - [TEST_STEP][PASSED] - println("vidget" + vidget): null

29-01-2025T03:56:29 - [TEST_STEP][PASSED] - println("a" + a): null

29-01-2025T03:56:29 - [TEST_STEP][PASSED] - println("b" + b): null

29-01-2025T03:56:29 - [TEST_STEP][PASSED] - sheetName = "Sheet1": null

29-01-2025T03:56:29 - [TEST_STEP][PASSED] - data = findTestData("PlanFact"): null

29-01-2025T03:56:29 - [TEST_STEP][PASSED] - n = data.getRowNumbers() + 1: null

29-01-2025T03:56:29 - [TEST_STEP][PASSED] - period = getText(findTestObject("Выручка в рублях/Фильтр Период")): Text of object 'Object Repository/Выручка в рублях/Фильтр Период' is: '2024'

29-01-2025T03:56:30 - [MESSAGE][PASSED] - Text of object 'Object Repository/Выручка в рублях/Фильтр Период' is: '2024'

29-01-2025T03:56:30 - [TEST_STEP][PASSED] - println(period): null

29-01-2025T03:56:30 - [TEST_STEP][PASSED] - dashboardName = "Выручка в рублях": null

29-01-2025T03:56:30 - [TEST_STEP][PASSED] - workbook01 = getWorkbook(excelFilePath): null

29-01-2025T03:56:30 - [TEST_STEP][PASSED] - sheet01 = getExcelSheet(workbook01, sheetName): null

29-01-2025T03:56:30 - [TEST_STEP][PASSED] - setValueToCellByIndex(sheet01, n, 0, dashboardName): null

29-01-2025T03:56:30 - [TEST_STEP][PASSED] - setValueToCellByIndex(sheet01, n, 1, dZO): null

29-01-2025T03:56:30 - [TEST_STEP][PASSED] - setValueToCellByIndex(sheet01, n, 2, vidget): null

29-01-2025T03:56:30 - [TEST_STEP][PASSED] - setValueToCellByIndex(sheet01, n, 3, viruchka): null

29-01-2025T03:56:30 - [TEST_STEP][PASSED] - setValueToCellByIndex(sheet01, n, 4, typeOfData): null

29-01-2025T03:56:30 - [TEST_STEP][PASSED] - if (a == null): null

29-01-2025T03:56:30 - [TEST_STEP][PASSED] - else: null

29-01-2025T03:56:30 - [TEST_STEP][PASSED] - setValueToCellByIndex(sheet01, n, 5, a): null

29-01-2025T03:56:30 - [TEST_STEP][PASSED] - if (b == null): null

29-01-2025T03:56:30 - [TEST_STEP][PASSED] - else: null

29-01-2025T03:56:30 - [TEST_STEP][PASSED] - setValueToCellByIndex(sheet01, n, 6, b): null

29-01-2025T03:56:30 - [TEST_STEP][PASSED] - setValueToCellByIndex(sheet01, n, 7, period): null

29-01-2025T03:56:30 - [TEST_STEP][PASSED] - setValueToCellByIndex(sheet01, n, 8, todaysDate): null

29-01-2025T03:56:30 - [TEST_STEP][PASSED] - n = n + 1: null

29-01-2025T03:56:30 - [TEST_STEP][PASSED] - saveWorkbook(excelFilePath, workbook01): null

29-01-2025T03:56:30 - [TEST_STEP][PASSED] - dZO = "Россети Кубань": null

29-01-2025T03:56:30 - [TEST_STEP][FAILED] - if (verifyEqual(a34, b34) == false): null

29-01-2025T03:56:30 - [MESSAGE][FAILED] - Unable to verify equal between actual object '-84.31' and expected object '7.1' (Root cause: com.kms.katalon.core.exception.StepFailedException: Actual object '-84.31' and expected object '7.1' are not equal
	at com.kms.katalon.core.keyword.builtin.VerifyEqualKeyword$_verifyEqual_closure1.doCall(VerifyEqualKeyword.groovy:58)
	at com.kms.katalon.core.keyword.builtin.VerifyEqualKeyword$_verifyEqual_closure1.call(VerifyEqualKeyword.groovy)
	at com.kms.katalon.core.keyword.internal.KeywordMain.runKeyword(KeywordMain.groovy:75)
	at com.kms.katalon.core.keyword.builtin.VerifyEqualKeyword.verifyEqual(VerifyEqualKeyword.groovy:63)
	at com.kms.katalon.core.keyword.builtin.VerifyEqualKeyword.execute(VerifyEqualKeyword.groovy:44)
	at com.kms.katalon.core.keyword.internal.KeywordExecutor.executeKeywordForPlatform(KeywordExecutor.groovy:74)
	at com.kms.katalon.core.keyword.BuiltinKeywords.verifyEqual(BuiltinKeywords.groovy:146)
	at jdk.internal.reflect.GeneratedMethodAccessor25.invoke(Unknown Source)
	at java.base/jdk.internal.reflect.DelegatingMethodAccessorImpl.invoke(DelegatingMethodAccessorImpl.java:43)
	at Выручка в рублях сверка дашбордов ПАО Россети.Blocks(Выручка в рублях сверка дашбордов ПАО Россети:397)
	at Выручка в рублях сверка дашбордов ПАО Россети.ViruchkaChange(Выручка в рублях сверка дашбордов ПАО Россети:60)
	at Выручка в рублях сверка дашбордов ПАО Россети.run(Выручка в рублях сверка дашбордов ПАО Россети:55)
	at com.kms.katalon.core.main.ScriptEngine.run(ScriptEngine.java:194)
	at com.kms.katalon.core.main.ScriptEngine.runScriptAsRawText(ScriptEngine.java:119)
	at com.kms.katalon.core.main.TestCaseExecutor.runScript(TestCaseExecutor.java:448)
	at com.kms.katalon.core.main.TestCaseExecutor.doExecute(TestCaseExecutor.java:439)
	at com.kms.katalon.core.main.TestCaseExecutor.processExecutionPhase(TestCaseExecutor.java:418)
	at com.kms.katalon.core.main.TestCaseExecutor.accessMainPhase(TestCaseExecutor.java:410)
	at com.kms.katalon.core.main.TestCaseExecutor.execute(TestCaseExecutor.java:285)
	at com.kms.katalon.core.common.CommonExecutor.accessTestCaseMainPhase(CommonExecutor.java:65)
	at com.kms.katalon.core.main.TestSuiteExecutor.accessTestSuiteMainPhase(TestSuiteExecutor.java:150)
	at com.kms.katalon.core.main.TestSuiteExecutor.execute(TestSuiteExecutor.java:106)
	at com.kms.katalon.core.main.TestCaseMain.startTestSuite(TestCaseMain.java:180)
	at TempTestSuite1738107421100.run(TempTestSuite1738107421100.groovy:35)
	at java.base/jdk.internal.reflect.NativeMethodAccessorImpl.invoke0(Native Method)
	at java.base/jdk.internal.reflect.NativeMethodAccessorImpl.invoke(NativeMethodAccessorImpl.java:77)
	at java.base/jdk.internal.reflect.DelegatingMethodAccessorImpl.invoke(DelegatingMethodAccessorImpl.java:43)
)

29-01-2025T03:56:30 - [TEST_STEP][PASSED] - a = replaceAll("\s+", "").toDouble(): null

29-01-2025T03:56:30 - [TEST_STEP][PASSED] - b = replaceAll("\s+", "").toDouble(): null

29-01-2025T03:56:30 - [TEST_STEP][PASSED] - Script1710234207206.WriteToExcel(todaysDate, run, vir, block, typeOfData, viruchka, vidget, nameOfBlock, a, b, dZO): null

29-01-2025T03:56:30 - [TEST_STEP][PASSED] - println(run): null

29-01-2025T03:56:30 - [TEST_STEP][PASSED] - if (run == 1): null

29-01-2025T03:56:30 - [TEST_STEP][PASSED] - else if (run == 2): null

29-01-2025T03:56:30 - [TEST_STEP][PASSED] - typeOfData = "Проценты": null

29-01-2025T03:56:30 - [TEST_STEP][PASSED] - println("todaysDate:" + todaysDate): null

29-01-2025T03:56:30 - [TEST_STEP][PASSED] - println("typeOfData:" + typeOfData): null

29-01-2025T03:56:30 - [TEST_STEP][PASSED] - viruchka = getText(findTestObject("Выручка в рублях/Фильтр Выручка" + nameOfBlock)): Text of object 'Object Repository/Выручка в рублях/Фильтр Выручка Выручка' is: 'ПЕРЕДАЧА ЭЛЕКТРОЭНЕРГИИ (ИТОГО, по всем видам тарифа)'

29-01-2025T03:56:30 - [MESSAGE][PASSED] - Text of object 'Object Repository/Выручка в рублях/Фильтр Выручка Выручка' is: 'ПЕРЕДАЧА ЭЛЕКТРОЭНЕРГИИ (ИТОГО, по всем видам тарифа)'

29-01-2025T03:56:30 - [TEST_STEP][PASSED] - println("viruchka" + viruchka): null

29-01-2025T03:56:30 - [TEST_STEP][PASSED] - println("vidget" + vidget): null

29-01-2025T03:56:30 - [TEST_STEP][PASSED] - println("a" + a): null

29-01-2025T03:56:30 - [TEST_STEP][PASSED] - println("b" + b): null

29-01-2025T03:56:30 - [TEST_STEP][PASSED] - sheetName = "Sheet1": null

29-01-2025T03:56:30 - [TEST_STEP][PASSED] - data = findTestData("PlanFact"): null

29-01-2025T03:56:30 - [TEST_STEP][PASSED] - n = data.getRowNumbers() + 1: null

29-01-2025T03:56:30 - [TEST_STEP][PASSED] - period = getText(findTestObject("Выручка в рублях/Фильтр Период")): Text of object 'Object Repository/Выручка в рублях/Фильтр Период' is: '2024'

29-01-2025T03:56:31 - [MESSAGE][PASSED] - Text of object 'Object Repository/Выручка в рублях/Фильтр Период' is: '2024'

29-01-2025T03:56:31 - [TEST_STEP][PASSED] - println(period): null

29-01-2025T03:56:31 - [TEST_STEP][PASSED] - dashboardName = "Выручка в рублях": null

29-01-2025T03:56:31 - [TEST_STEP][PASSED] - workbook01 = getWorkbook(excelFilePath): null

29-01-2025T03:56:31 - [TEST_STEP][PASSED] - sheet01 = getExcelSheet(workbook01, sheetName): null

29-01-2025T03:56:31 - [TEST_STEP][PASSED] - setValueToCellByIndex(sheet01, n, 0, dashboardName): null

29-01-2025T03:56:31 - [TEST_STEP][PASSED] - setValueToCellByIndex(sheet01, n, 1, dZO): null

29-01-2025T03:56:31 - [TEST_STEP][PASSED] - setValueToCellByIndex(sheet01, n, 2, vidget): null

29-01-2025T03:56:31 - [TEST_STEP][PASSED] - setValueToCellByIndex(sheet01, n, 3, viruchka): null

29-01-2025T03:56:31 - [TEST_STEP][PASSED] - setValueToCellByIndex(sheet01, n, 4, typeOfData): null

29-01-2025T03:56:31 - [TEST_STEP][PASSED] - if (a == null): null

29-01-2025T03:56:31 - [TEST_STEP][PASSED] - else: null

29-01-2025T03:56:31 - [TEST_STEP][PASSED] - setValueToCellByIndex(sheet01, n, 5, a): null

29-01-2025T03:56:31 - [TEST_STEP][PASSED] - if (b == null): null

29-01-2025T03:56:31 - [TEST_STEP][PASSED] - else: null

29-01-2025T03:56:31 - [TEST_STEP][PASSED] - setValueToCellByIndex(sheet01, n, 6, b): null

29-01-2025T03:56:31 - [TEST_STEP][PASSED] - setValueToCellByIndex(sheet01, n, 7, period): null

29-01-2025T03:56:31 - [TEST_STEP][PASSED] - setValueToCellByIndex(sheet01, n, 8, todaysDate): null

29-01-2025T03:56:31 - [TEST_STEP][PASSED] - n = n + 1: null

29-01-2025T03:56:31 - [TEST_STEP][PASSED] - saveWorkbook(excelFilePath, workbook01): null

29-01-2025T03:56:31 - [TEST_STEP][PASSED] - dZO = "Россети Ленэнерго (ГК)": null

29-01-2025T03:56:31 - [TEST_STEP][FAILED] - if (verifyEqual(a35, b35) == false): null

29-01-2025T03:56:31 - [MESSAGE][FAILED] - Unable to verify equal between actual object '-82.77' and expected object '5.62' (Root cause: com.kms.katalon.core.exception.StepFailedException: Actual object '-82.77' and expected object '5.62' are not equal
	at com.kms.katalon.core.keyword.builtin.VerifyEqualKeyword$_verifyEqual_closure1.doCall(VerifyEqualKeyword.groovy:58)
	at com.kms.katalon.core.keyword.builtin.VerifyEqualKeyword$_verifyEqual_closure1.call(VerifyEqualKeyword.groovy)
	at com.kms.katalon.core.keyword.internal.KeywordMain.runKeyword(KeywordMain.groovy:75)
	at com.kms.katalon.core.keyword.builtin.VerifyEqualKeyword.verifyEqual(VerifyEqualKeyword.groovy:63)
	at com.kms.katalon.core.keyword.builtin.VerifyEqualKeyword.execute(VerifyEqualKeyword.groovy:44)
	at com.kms.katalon.core.keyword.internal.KeywordExecutor.executeKeywordForPlatform(KeywordExecutor.groovy:74)
	at com.kms.katalon.core.keyword.BuiltinKeywords.verifyEqual(BuiltinKeywords.groovy:146)
	at jdk.internal.reflect.GeneratedMethodAccessor25.invoke(Unknown Source)
	at java.base/jdk.internal.reflect.DelegatingMethodAccessorImpl.invoke(DelegatingMethodAccessorImpl.java:43)
	at Выручка в рублях сверка дашбордов ПАО Россети.Blocks(Выручка в рублях сверка дашбордов ПАО Россети:407)
	at Выручка в рублях сверка дашбордов ПАО Россети.ViruchkaChange(Выручка в рублях сверка дашбордов ПАО Россети:60)
	at Выручка в рублях сверка дашбордов ПАО Россети.run(Выручка в рублях сверка дашбордов ПАО Россети:55)
	at com.kms.katalon.core.main.ScriptEngine.run(ScriptEngine.java:194)
	at com.kms.katalon.core.main.ScriptEngine.runScriptAsRawText(ScriptEngine.java:119)
	at com.kms.katalon.core.main.TestCaseExecutor.runScript(TestCaseExecutor.java:448)
	at com.kms.katalon.core.main.TestCaseExecutor.doExecute(TestCaseExecutor.java:439)
	at com.kms.katalon.core.main.TestCaseExecutor.processExecutionPhase(TestCaseExecutor.java:418)
	at com.kms.katalon.core.main.TestCaseExecutor.accessMainPhase(TestCaseExecutor.java:410)
	at com.kms.katalon.core.main.TestCaseExecutor.execute(TestCaseExecutor.java:285)
	at com.kms.katalon.core.common.CommonExecutor.accessTestCaseMainPhase(CommonExecutor.java:65)
	at com.kms.katalon.core.main.TestSuiteExecutor.accessTestSuiteMainPhase(TestSuiteExecutor.java:150)
	at com.kms.katalon.core.main.TestSuiteExecutor.execute(TestSuiteExecutor.java:106)
	at com.kms.katalon.core.main.TestCaseMain.startTestSuite(TestCaseMain.java:180)
	at TempTestSuite1738107421100.run(TempTestSuite1738107421100.groovy:35)
	at java.base/jdk.internal.reflect.NativeMethodAccessorImpl.invoke0(Native Method)
	at java.base/jdk.internal.reflect.NativeMethodAccessorImpl.invoke(NativeMethodAccessorImpl.java:77)
	at java.base/jdk.internal.reflect.DelegatingMethodAccessorImpl.invoke(DelegatingMethodAccessorImpl.java:43)
)

29-01-2025T03:56:31 - [TEST_STEP][PASSED] - a = replaceAll("\s+", "").toDouble(): null

29-01-2025T03:56:31 - [TEST_STEP][PASSED] - b = replaceAll("\s+", "").toDouble(): null

29-01-2025T03:56:31 - [TEST_STEP][PASSED] - Script1710234207206.WriteToExcel(todaysDate, run, vir, block, typeOfData, viruchka, vidget, nameOfBlock, a, b, dZO): null

29-01-2025T03:56:31 - [TEST_STEP][PASSED] - println(run): null

29-01-2025T03:56:31 - [TEST_STEP][PASSED] - if (run == 1): null

29-01-2025T03:56:31 - [TEST_STEP][PASSED] - else if (run == 2): null

29-01-2025T03:56:31 - [TEST_STEP][PASSED] - typeOfData = "Проценты": null

29-01-2025T03:56:31 - [TEST_STEP][PASSED] - println("todaysDate:" + todaysDate): null

29-01-2025T03:56:31 - [TEST_STEP][PASSED] - println("typeOfData:" + typeOfData): null

29-01-2025T03:56:31 - [TEST_STEP][PASSED] - viruchka = getText(findTestObject("Выручка в рублях/Фильтр Выручка" + nameOfBlock)): Text of object 'Object Repository/Выручка в рублях/Фильтр Выручка Выручка' is: 'ПЕРЕДАЧА ЭЛЕКТРОЭНЕРГИИ (ИТОГО, по всем видам тарифа)'

29-01-2025T03:56:31 - [MESSAGE][PASSED] - Text of object 'Object Repository/Выручка в рублях/Фильтр Выручка Выручка' is: 'ПЕРЕДАЧА ЭЛЕКТРОЭНЕРГИИ (ИТОГО, по всем видам тарифа)'

29-01-2025T03:56:31 - [TEST_STEP][PASSED] - println("viruchka" + viruchka): null

29-01-2025T03:56:31 - [TEST_STEP][PASSED] - println("vidget" + vidget): null

29-01-2025T03:56:31 - [TEST_STEP][PASSED] - println("a" + a): null

29-01-2025T03:56:31 - [TEST_STEP][PASSED] - println("b" + b): null

29-01-2025T03:56:31 - [TEST_STEP][PASSED] - sheetName = "Sheet1": null

29-01-2025T03:56:31 - [TEST_STEP][PASSED] - data = findTestData("PlanFact"): null

29-01-2025T03:56:31 - [TEST_STEP][PASSED] - n = data.getRowNumbers() + 1: null

29-01-2025T03:56:31 - [TEST_STEP][PASSED] - period = getText(findTestObject("Выручка в рублях/Фильтр Период")): Text of object 'Object Repository/Выручка в рублях/Фильтр Период' is: '2024'

29-01-2025T03:56:32 - [MESSAGE][PASSED] - Text of object 'Object Repository/Выручка в рублях/Фильтр Период' is: '2024'

29-01-2025T03:56:32 - [TEST_STEP][PASSED] - println(period): null

29-01-2025T03:56:32 - [TEST_STEP][PASSED] - dashboardName = "Выручка в рублях": null

29-01-2025T03:56:32 - [TEST_STEP][PASSED] - workbook01 = getWorkbook(excelFilePath): null

29-01-2025T03:56:32 - [TEST_STEP][PASSED] - sheet01 = getExcelSheet(workbook01, sheetName): null

29-01-2025T03:56:32 - [TEST_STEP][PASSED] - setValueToCellByIndex(sheet01, n, 0, dashboardName): null

29-01-2025T03:56:32 - [TEST_STEP][PASSED] - setValueToCellByIndex(sheet01, n, 1, dZO): null

29-01-2025T03:56:32 - [TEST_STEP][PASSED] - setValueToCellByIndex(sheet01, n, 2, vidget): null

29-01-2025T03:56:32 - [TEST_STEP][PASSED] - setValueToCellByIndex(sheet01, n, 3, viruchka): null

29-01-2025T03:56:32 - [TEST_STEP][PASSED] - setValueToCellByIndex(sheet01, n, 4, typeOfData): null

29-01-2025T03:56:32 - [TEST_STEP][PASSED] - if (a == null): null

29-01-2025T03:56:32 - [TEST_STEP][PASSED] - else: null

29-01-2025T03:56:32 - [TEST_STEP][PASSED] - setValueToCellByIndex(sheet01, n, 5, a): null

29-01-2025T03:56:32 - [TEST_STEP][PASSED] - if (b == null): null

29-01-2025T03:56:32 - [TEST_STEP][PASSED] - else: null

29-01-2025T03:56:32 - [TEST_STEP][PASSED] - setValueToCellByIndex(sheet01, n, 6, b): null

29-01-2025T03:56:32 - [TEST_STEP][PASSED] - setValueToCellByIndex(sheet01, n, 7, period): null

29-01-2025T03:56:32 - [TEST_STEP][PASSED] - setValueToCellByIndex(sheet01, n, 8, todaysDate): null

29-01-2025T03:56:32 - [TEST_STEP][PASSED] - n = n + 1: null

29-01-2025T03:56:32 - [TEST_STEP][PASSED] - saveWorkbook(excelFilePath, workbook01): null

29-01-2025T03:56:32 - [TEST_STEP][PASSED] - dZO = "Россети Московский регион": null

29-01-2025T03:56:32 - [TEST_STEP][FAILED] - if (verifyEqual(a36, b36) == false): null

29-01-2025T03:56:32 - [MESSAGE][FAILED] - Unable to verify equal between actual object '-89.74' and expected object '4.23' (Root cause: com.kms.katalon.core.exception.StepFailedException: Actual object '-89.74' and expected object '4.23' are not equal
	at com.kms.katalon.core.keyword.builtin.VerifyEqualKeyword$_verifyEqual_closure1.doCall(VerifyEqualKeyword.groovy:58)
	at com.kms.katalon.core.keyword.builtin.VerifyEqualKeyword$_verifyEqual_closure1.call(VerifyEqualKeyword.groovy)
	at com.kms.katalon.core.keyword.internal.KeywordMain.runKeyword(KeywordMain.groovy:75)
	at com.kms.katalon.core.keyword.builtin.VerifyEqualKeyword.verifyEqual(VerifyEqualKeyword.groovy:63)
	at com.kms.katalon.core.keyword.builtin.VerifyEqualKeyword.execute(VerifyEqualKeyword.groovy:44)
	at com.kms.katalon.core.keyword.internal.KeywordExecutor.executeKeywordForPlatform(KeywordExecutor.groovy:74)
	at com.kms.katalon.core.keyword.BuiltinKeywords.verifyEqual(BuiltinKeywords.groovy:146)
	at jdk.internal.reflect.GeneratedMethodAccessor25.invoke(Unknown Source)
	at java.base/jdk.internal.reflect.DelegatingMethodAccessorImpl.invoke(DelegatingMethodAccessorImpl.java:43)
	at Выручка в рублях сверка дашбордов ПАО Россети.Blocks(Выручка в рублях сверка дашбордов ПАО Россети:417)
	at Выручка в рублях сверка дашбордов ПАО Россети.ViruchkaChange(Выручка в рублях сверка дашбордов ПАО Россети:60)
	at Выручка в рублях сверка дашбордов ПАО Россети.run(Выручка в рублях сверка дашбордов ПАО Россети:55)
	at com.kms.katalon.core.main.ScriptEngine.run(ScriptEngine.java:194)
	at com.kms.katalon.core.main.ScriptEngine.runScriptAsRawText(ScriptEngine.java:119)
	at com.kms.katalon.core.main.TestCaseExecutor.runScript(TestCaseExecutor.java:448)
	at com.kms.katalon.core.main.TestCaseExecutor.doExecute(TestCaseExecutor.java:439)
	at com.kms.katalon.core.main.TestCaseExecutor.processExecutionPhase(TestCaseExecutor.java:418)
	at com.kms.katalon.core.main.TestCaseExecutor.accessMainPhase(TestCaseExecutor.java:410)
	at com.kms.katalon.core.main.TestCaseExecutor.execute(TestCaseExecutor.java:285)
	at com.kms.katalon.core.common.CommonExecutor.accessTestCaseMainPhase(CommonExecutor.java:65)
	at com.kms.katalon.core.main.TestSuiteExecutor.accessTestSuiteMainPhase(TestSuiteExecutor.java:150)
	at com.kms.katalon.core.main.TestSuiteExecutor.execute(TestSuiteExecutor.java:106)
	at com.kms.katalon.core.main.TestCaseMain.startTestSuite(TestCaseMain.java:180)
	at TempTestSuite1738107421100.run(TempTestSuite1738107421100.groovy:35)
	at java.base/jdk.internal.reflect.NativeMethodAccessorImpl.invoke0(Native Method)
	at java.base/jdk.internal.reflect.NativeMethodAccessorImpl.invoke(NativeMethodAccessorImpl.java:77)
	at java.base/jdk.internal.reflect.DelegatingMethodAccessorImpl.invoke(DelegatingMethodAccessorImpl.java:43)
)

29-01-2025T03:56:32 - [TEST_STEP][PASSED] - a = replaceAll("\s+", "").toDouble(): null

29-01-2025T03:56:32 - [TEST_STEP][PASSED] - b = replaceAll("\s+", "").toDouble(): null

29-01-2025T03:56:32 - [TEST_STEP][PASSED] - Script1710234207206.WriteToExcel(todaysDate, run, vir, block, typeOfData, viruchka, vidget, nameOfBlock, a, b, dZO): null

29-01-2025T03:56:32 - [TEST_STEP][PASSED] - println(run): null

29-01-2025T03:56:32 - [TEST_STEP][PASSED] - if (run == 1): null

29-01-2025T03:56:32 - [TEST_STEP][PASSED] - else if (run == 2): null

29-01-2025T03:56:32 - [TEST_STEP][PASSED] - typeOfData = "Проценты": null

29-01-2025T03:56:32 - [TEST_STEP][PASSED] - println("todaysDate:" + todaysDate): null

29-01-2025T03:56:32 - [TEST_STEP][PASSED] - println("typeOfData:" + typeOfData): null

29-01-2025T03:56:32 - [TEST_STEP][PASSED] - viruchka = getText(findTestObject("Выручка в рублях/Фильтр Выручка" + nameOfBlock)): Text of object 'Object Repository/Выручка в рублях/Фильтр Выручка Выручка' is: 'ПЕРЕДАЧА ЭЛЕКТРОЭНЕРГИИ (ИТОГО, по всем видам тарифа)'

29-01-2025T03:56:32 - [MESSAGE][PASSED] - Text of object 'Object Repository/Выручка в рублях/Фильтр Выручка Выручка' is: 'ПЕРЕДАЧА ЭЛЕКТРОЭНЕРГИИ (ИТОГО, по всем видам тарифа)'

29-01-2025T03:56:32 - [TEST_STEP][PASSED] - println("viruchka" + viruchka): null

29-01-2025T03:56:32 - [TEST_STEP][PASSED] - println("vidget" + vidget): null

29-01-2025T03:56:32 - [TEST_STEP][PASSED] - println("a" + a): null

29-01-2025T03:56:32 - [TEST_STEP][PASSED] - println("b" + b): null

29-01-2025T03:56:32 - [TEST_STEP][PASSED] - sheetName = "Sheet1": null

29-01-2025T03:56:32 - [TEST_STEP][PASSED] - data = findTestData("PlanFact"): null

29-01-2025T03:56:32 - [TEST_STEP][PASSED] - n = data.getRowNumbers() + 1: null

29-01-2025T03:56:32 - [TEST_STEP][PASSED] - period = getText(findTestObject("Выручка в рублях/Фильтр Период")): Text of object 'Object Repository/Выручка в рублях/Фильтр Период' is: '2024'

29-01-2025T03:56:33 - [MESSAGE][PASSED] - Text of object 'Object Repository/Выручка в рублях/Фильтр Период' is: '2024'

29-01-2025T03:56:33 - [TEST_STEP][PASSED] - println(period): null

29-01-2025T03:56:33 - [TEST_STEP][PASSED] - dashboardName = "Выручка в рублях": null

29-01-2025T03:56:33 - [TEST_STEP][PASSED] - workbook01 = getWorkbook(excelFilePath): null

29-01-2025T03:56:33 - [TEST_STEP][PASSED] - sheet01 = getExcelSheet(workbook01, sheetName): null

29-01-2025T03:56:33 - [TEST_STEP][PASSED] - setValueToCellByIndex(sheet01, n, 0, dashboardName): null

29-01-2025T03:56:33 - [TEST_STEP][PASSED] - setValueToCellByIndex(sheet01, n, 1, dZO): null

29-01-2025T03:56:33 - [TEST_STEP][PASSED] - setValueToCellByIndex(sheet01, n, 2, vidget): null

29-01-2025T03:56:33 - [TEST_STEP][PASSED] - setValueToCellByIndex(sheet01, n, 3, viruchka): null

29-01-2025T03:56:33 - [TEST_STEP][PASSED] - setValueToCellByIndex(sheet01, n, 4, typeOfData): null

29-01-2025T03:56:33 - [TEST_STEP][PASSED] - if (a == null): null

29-01-2025T03:56:33 - [TEST_STEP][PASSED] - else: null

29-01-2025T03:56:33 - [TEST_STEP][PASSED] - setValueToCellByIndex(sheet01, n, 5, a): null

29-01-2025T03:56:33 - [TEST_STEP][PASSED] - if (b == null): null

29-01-2025T03:56:33 - [TEST_STEP][PASSED] - else: null

29-01-2025T03:56:33 - [TEST_STEP][PASSED] - setValueToCellByIndex(sheet01, n, 6, b): null

29-01-2025T03:56:33 - [TEST_STEP][PASSED] - setValueToCellByIndex(sheet01, n, 7, period): null

29-01-2025T03:56:33 - [TEST_STEP][PASSED] - setValueToCellByIndex(sheet01, n, 8, todaysDate): null

29-01-2025T03:56:33 - [TEST_STEP][PASSED] - n = n + 1: null

29-01-2025T03:56:33 - [TEST_STEP][PASSED] - saveWorkbook(excelFilePath, workbook01): null

29-01-2025T03:56:33 - [TEST_STEP][PASSED] - dZO = "Россети Северный Кавказ (ГК)": null

29-01-2025T03:56:33 - [TEST_STEP][FAILED] - if (verifyEqual(a37, b37) == false): null

29-01-2025T03:56:33 - [MESSAGE][FAILED] - Unable to verify equal between actual object '-84.29' and expected object '2.05' (Root cause: com.kms.katalon.core.exception.StepFailedException: Actual object '-84.29' and expected object '2.05' are not equal
	at com.kms.katalon.core.keyword.builtin.VerifyEqualKeyword$_verifyEqual_closure1.doCall(VerifyEqualKeyword.groovy:58)
	at com.kms.katalon.core.keyword.builtin.VerifyEqualKeyword$_verifyEqual_closure1.call(VerifyEqualKeyword.groovy)
	at com.kms.katalon.core.keyword.internal.KeywordMain.runKeyword(KeywordMain.groovy:75)
	at com.kms.katalon.core.keyword.builtin.VerifyEqualKeyword.verifyEqual(VerifyEqualKeyword.groovy:63)
	at com.kms.katalon.core.keyword.builtin.VerifyEqualKeyword.execute(VerifyEqualKeyword.groovy:44)
	at com.kms.katalon.core.keyword.internal.KeywordExecutor.executeKeywordForPlatform(KeywordExecutor.groovy:74)
	at com.kms.katalon.core.keyword.BuiltinKeywords.verifyEqual(BuiltinKeywords.groovy:146)
	at jdk.internal.reflect.GeneratedMethodAccessor25.invoke(Unknown Source)
	at java.base/jdk.internal.reflect.DelegatingMethodAccessorImpl.invoke(DelegatingMethodAccessorImpl.java:43)
	at Выручка в рублях сверка дашбордов ПАО Россети.Blocks(Выручка в рублях сверка дашбордов ПАО Россети:427)
	at Выручка в рублях сверка дашбордов ПАО Россети.ViruchkaChange(Выручка в рублях сверка дашбордов ПАО Россети:60)
	at Выручка в рублях сверка дашбордов ПАО Россети.run(Выручка в рублях сверка дашбордов ПАО Россети:55)
	at com.kms.katalon.core.main.ScriptEngine.run(ScriptEngine.java:194)
	at com.kms.katalon.core.main.ScriptEngine.runScriptAsRawText(ScriptEngine.java:119)
	at com.kms.katalon.core.main.TestCaseExecutor.runScript(TestCaseExecutor.java:448)
	at com.kms.katalon.core.main.TestCaseExecutor.doExecute(TestCaseExecutor.java:439)
	at com.kms.katalon.core.main.TestCaseExecutor.processExecutionPhase(TestCaseExecutor.java:418)
	at com.kms.katalon.core.main.TestCaseExecutor.accessMainPhase(TestCaseExecutor.java:410)
	at com.kms.katalon.core.main.TestCaseExecutor.execute(TestCaseExecutor.java:285)
	at com.kms.katalon.core.common.CommonExecutor.accessTestCaseMainPhase(CommonExecutor.java:65)
	at com.kms.katalon.core.main.TestSuiteExecutor.accessTestSuiteMainPhase(TestSuiteExecutor.java:150)
	at com.kms.katalon.core.main.TestSuiteExecutor.execute(TestSuiteExecutor.java:106)
	at com.kms.katalon.core.main.TestCaseMain.startTestSuite(TestCaseMain.java:180)
	at TempTestSuite1738107421100.run(TempTestSuite1738107421100.groovy:35)
	at java.base/jdk.internal.reflect.NativeMethodAccessorImpl.invoke0(Native Method)
	at java.base/jdk.internal.reflect.NativeMethodAccessorImpl.invoke(NativeMethodAccessorImpl.java:77)
	at java.base/jdk.internal.reflect.DelegatingMethodAccessorImpl.invoke(DelegatingMethodAccessorImpl.java:43)
)

29-01-2025T03:56:33 - [TEST_STEP][PASSED] - a = replaceAll("\s+", "").toDouble(): null

29-01-2025T03:56:33 - [TEST_STEP][PASSED] - b = replaceAll("\s+", "").toDouble(): null

29-01-2025T03:56:33 - [TEST_STEP][PASSED] - Script1710234207206.WriteToExcel(todaysDate, run, vir, block, typeOfData, viruchka, vidget, nameOfBlock, a, b, dZO): null

29-01-2025T03:56:33 - [TEST_STEP][PASSED] - println(run): null

29-01-2025T03:56:33 - [TEST_STEP][PASSED] - if (run == 1): null

29-01-2025T03:56:33 - [TEST_STEP][PASSED] - else if (run == 2): null

29-01-2025T03:56:33 - [TEST_STEP][PASSED] - typeOfData = "Проценты": null

29-01-2025T03:56:33 - [TEST_STEP][PASSED] - println("todaysDate:" + todaysDate): null

29-01-2025T03:56:33 - [TEST_STEP][PASSED] - println("typeOfData:" + typeOfData): null

29-01-2025T03:56:33 - [TEST_STEP][PASSED] - viruchka = getText(findTestObject("Выручка в рублях/Фильтр Выручка" + nameOfBlock)): Text of object 'Object Repository/Выручка в рублях/Фильтр Выручка Выручка' is: 'ПЕРЕДАЧА ЭЛЕКТРОЭНЕРГИИ (ИТОГО, по всем видам тарифа)'

29-01-2025T03:56:33 - [MESSAGE][PASSED] - Text of object 'Object Repository/Выручка в рублях/Фильтр Выручка Выручка' is: 'ПЕРЕДАЧА ЭЛЕКТРОЭНЕРГИИ (ИТОГО, по всем видам тарифа)'

29-01-2025T03:56:33 - [TEST_STEP][PASSED] - println("viruchka" + viruchka): null

29-01-2025T03:56:33 - [TEST_STEP][PASSED] - println("vidget" + vidget): null

29-01-2025T03:56:33 - [TEST_STEP][PASSED] - println("a" + a): null

29-01-2025T03:56:33 - [TEST_STEP][PASSED] - println("b" + b): null

29-01-2025T03:56:33 - [TEST_STEP][PASSED] - sheetName = "Sheet1": null

29-01-2025T03:56:33 - [TEST_STEP][PASSED] - data = findTestData("PlanFact"): null

29-01-2025T03:56:33 - [TEST_STEP][PASSED] - n = data.getRowNumbers() + 1: null

29-01-2025T03:56:33 - [TEST_STEP][PASSED] - period = getText(findTestObject("Выручка в рублях/Фильтр Период")): Text of object 'Object Repository/Выручка в рублях/Фильтр Период' is: '2024'

29-01-2025T03:56:34 - [MESSAGE][PASSED] - Text of object 'Object Repository/Выручка в рублях/Фильтр Период' is: '2024'

29-01-2025T03:56:34 - [TEST_STEP][PASSED] - println(period): null

29-01-2025T03:56:34 - [TEST_STEP][PASSED] - dashboardName = "Выручка в рублях": null

29-01-2025T03:56:34 - [TEST_STEP][PASSED] - workbook01 = getWorkbook(excelFilePath): null

29-01-2025T03:56:34 - [TEST_STEP][PASSED] - sheet01 = getExcelSheet(workbook01, sheetName): null

29-01-2025T03:56:34 - [TEST_STEP][PASSED] - setValueToCellByIndex(sheet01, n, 0, dashboardName): null

29-01-2025T03:56:34 - [TEST_STEP][PASSED] - setValueToCellByIndex(sheet01, n, 1, dZO): null

29-01-2025T03:56:34 - [TEST_STEP][PASSED] - setValueToCellByIndex(sheet01, n, 2, vidget): null

29-01-2025T03:56:34 - [TEST_STEP][PASSED] - setValueToCellByIndex(sheet01, n, 3, viruchka): null

29-01-2025T03:56:34 - [TEST_STEP][PASSED] - setValueToCellByIndex(sheet01, n, 4, typeOfData): null

29-01-2025T03:56:34 - [TEST_STEP][PASSED] - if (a == null): null

29-01-2025T03:56:34 - [TEST_STEP][PASSED] - else: null

29-01-2025T03:56:34 - [TEST_STEP][PASSED] - setValueToCellByIndex(sheet01, n, 5, a): null

29-01-2025T03:56:34 - [TEST_STEP][PASSED] - if (b == null): null

29-01-2025T03:56:34 - [TEST_STEP][PASSED] - else: null

29-01-2025T03:56:34 - [TEST_STEP][PASSED] - setValueToCellByIndex(sheet01, n, 6, b): null

29-01-2025T03:56:34 - [TEST_STEP][PASSED] - setValueToCellByIndex(sheet01, n, 7, period): null

29-01-2025T03:56:34 - [TEST_STEP][PASSED] - setValueToCellByIndex(sheet01, n, 8, todaysDate): null

29-01-2025T03:56:34 - [TEST_STEP][PASSED] - n = n + 1: null

29-01-2025T03:56:34 - [TEST_STEP][PASSED] - saveWorkbook(excelFilePath, workbook01): null

29-01-2025T03:56:34 - [TEST_STEP][PASSED] - dZO = "Россети Северо-Запад": null

29-01-2025T03:56:34 - [TEST_STEP][FAILED] - if (verifyEqual(a38, b38) == false): null

29-01-2025T03:56:34 - [MESSAGE][FAILED] - Unable to verify equal between actual object '-80.35' and expected object '1.28' (Root cause: com.kms.katalon.core.exception.StepFailedException: Actual object '-80.35' and expected object '1.28' are not equal
	at com.kms.katalon.core.keyword.builtin.VerifyEqualKeyword$_verifyEqual_closure1.doCall(VerifyEqualKeyword.groovy:58)
	at com.kms.katalon.core.keyword.builtin.VerifyEqualKeyword$_verifyEqual_closure1.call(VerifyEqualKeyword.groovy)
	at com.kms.katalon.core.keyword.internal.KeywordMain.runKeyword(KeywordMain.groovy:75)
	at com.kms.katalon.core.keyword.builtin.VerifyEqualKeyword.verifyEqual(VerifyEqualKeyword.groovy:63)
	at com.kms.katalon.core.keyword.builtin.VerifyEqualKeyword.execute(VerifyEqualKeyword.groovy:44)
	at com.kms.katalon.core.keyword.internal.KeywordExecutor.executeKeywordForPlatform(KeywordExecutor.groovy:74)
	at com.kms.katalon.core.keyword.BuiltinKeywords.verifyEqual(BuiltinKeywords.groovy:146)
	at jdk.internal.reflect.GeneratedMethodAccessor25.invoke(Unknown Source)
	at java.base/jdk.internal.reflect.DelegatingMethodAccessorImpl.invoke(DelegatingMethodAccessorImpl.java:43)
	at Выручка в рублях сверка дашбордов ПАО Россети.Blocks(Выручка в рублях сверка дашбордов ПАО Россети:437)
	at Выручка в рублях сверка дашбордов ПАО Россети.ViruchkaChange(Выручка в рублях сверка дашбордов ПАО Россети:60)
	at Выручка в рублях сверка дашбордов ПАО Россети.run(Выручка в рублях сверка дашбордов ПАО Россети:55)
	at com.kms.katalon.core.main.ScriptEngine.run(ScriptEngine.java:194)
	at com.kms.katalon.core.main.ScriptEngine.runScriptAsRawText(ScriptEngine.java:119)
	at com.kms.katalon.core.main.TestCaseExecutor.runScript(TestCaseExecutor.java:448)
	at com.kms.katalon.core.main.TestCaseExecutor.doExecute(TestCaseExecutor.java:439)
	at com.kms.katalon.core.main.TestCaseExecutor.processExecutionPhase(TestCaseExecutor.java:418)
	at com.kms.katalon.core.main.TestCaseExecutor.accessMainPhase(TestCaseExecutor.java:410)
	at com.kms.katalon.core.main.TestCaseExecutor.execute(TestCaseExecutor.java:285)
	at com.kms.katalon.core.common.CommonExecutor.accessTestCaseMainPhase(CommonExecutor.java:65)
	at com.kms.katalon.core.main.TestSuiteExecutor.accessTestSuiteMainPhase(TestSuiteExecutor.java:150)
	at com.kms.katalon.core.main.TestSuiteExecutor.execute(TestSuiteExecutor.java:106)
	at com.kms.katalon.core.main.TestCaseMain.startTestSuite(TestCaseMain.java:180)
	at TempTestSuite1738107421100.run(TempTestSuite1738107421100.groovy:35)
	at java.base/jdk.internal.reflect.NativeMethodAccessorImpl.invoke0(Native Method)
	at java.base/jdk.internal.reflect.NativeMethodAccessorImpl.invoke(NativeMethodAccessorImpl.java:77)
	at java.base/jdk.internal.reflect.DelegatingMethodAccessorImpl.invoke(DelegatingMethodAccessorImpl.java:43)
)

29-01-2025T03:56:34 - [TEST_STEP][PASSED] - a = replaceAll("\s+", "").toDouble(): null

29-01-2025T03:56:34 - [TEST_STEP][PASSED] - b = replaceAll("\s+", "").toDouble(): null

29-01-2025T03:56:34 - [TEST_STEP][PASSED] - Script1710234207206.WriteToExcel(todaysDate, run, vir, block, typeOfData, viruchka, vidget, nameOfBlock, a, b, dZO): null

29-01-2025T03:56:34 - [TEST_STEP][PASSED] - println(run): null

29-01-2025T03:56:34 - [TEST_STEP][PASSED] - if (run == 1): null

29-01-2025T03:56:34 - [TEST_STEP][PASSED] - else if (run == 2): null

29-01-2025T03:56:34 - [TEST_STEP][PASSED] - typeOfData = "Проценты": null

29-01-2025T03:56:34 - [TEST_STEP][PASSED] - println("todaysDate:" + todaysDate): null

29-01-2025T03:56:34 - [TEST_STEP][PASSED] - println("typeOfData:" + typeOfData): null

29-01-2025T03:56:34 - [TEST_STEP][PASSED] - viruchka = getText(findTestObject("Выручка в рублях/Фильтр Выручка" + nameOfBlock)): Text of object 'Object Repository/Выручка в рублях/Фильтр Выручка Выручка' is: 'ПЕРЕДАЧА ЭЛЕКТРОЭНЕРГИИ (ИТОГО, по всем видам тарифа)'

29-01-2025T03:56:34 - [MESSAGE][PASSED] - Text of object 'Object Repository/Выручка в рублях/Фильтр Выручка Выручка' is: 'ПЕРЕДАЧА ЭЛЕКТРОЭНЕРГИИ (ИТОГО, по всем видам тарифа)'

29-01-2025T03:56:34 - [TEST_STEP][PASSED] - println("viruchka" + viruchka): null

29-01-2025T03:56:34 - [TEST_STEP][PASSED] - println("vidget" + vidget): null

29-01-2025T03:56:34 - [TEST_STEP][PASSED] - println("a" + a): null

29-01-2025T03:56:34 - [TEST_STEP][PASSED] - println("b" + b): null

29-01-2025T03:56:34 - [TEST_STEP][PASSED] - sheetName = "Sheet1": null

29-01-2025T03:56:34 - [TEST_STEP][PASSED] - data = findTestData("PlanFact"): null

29-01-2025T03:56:34 - [TEST_STEP][PASSED] - n = data.getRowNumbers() + 1: null

29-01-2025T03:56:34 - [TEST_STEP][PASSED] - period = getText(findTestObject("Выручка в рублях/Фильтр Период")): Text of object 'Object Repository/Выручка в рублях/Фильтр Период' is: '2024'

29-01-2025T03:56:35 - [MESSAGE][PASSED] - Text of object 'Object Repository/Выручка в рублях/Фильтр Период' is: '2024'

29-01-2025T03:56:35 - [TEST_STEP][PASSED] - println(period): null

29-01-2025T03:56:35 - [TEST_STEP][PASSED] - dashboardName = "Выручка в рублях": null

29-01-2025T03:56:35 - [TEST_STEP][PASSED] - workbook01 = getWorkbook(excelFilePath): null

29-01-2025T03:56:35 - [TEST_STEP][PASSED] - sheet01 = getExcelSheet(workbook01, sheetName): null

29-01-2025T03:56:35 - [TEST_STEP][PASSED] - setValueToCellByIndex(sheet01, n, 0, dashboardName): null

29-01-2025T03:56:35 - [TEST_STEP][PASSED] - setValueToCellByIndex(sheet01, n, 1, dZO): null

29-01-2025T03:56:35 - [TEST_STEP][PASSED] - setValueToCellByIndex(sheet01, n, 2, vidget): null

29-01-2025T03:56:35 - [TEST_STEP][PASSED] - setValueToCellByIndex(sheet01, n, 3, viruchka): null

29-01-2025T03:56:35 - [TEST_STEP][PASSED] - setValueToCellByIndex(sheet01, n, 4, typeOfData): null

29-01-2025T03:56:35 - [TEST_STEP][PASSED] - if (a == null): null

29-01-2025T03:56:35 - [TEST_STEP][PASSED] - else: null

29-01-2025T03:56:35 - [TEST_STEP][PASSED] - setValueToCellByIndex(sheet01, n, 5, a): null

29-01-2025T03:56:35 - [TEST_STEP][PASSED] - if (b == null): null

29-01-2025T03:56:35 - [TEST_STEP][PASSED] - else: null

29-01-2025T03:56:35 - [TEST_STEP][PASSED] - setValueToCellByIndex(sheet01, n, 6, b): null

29-01-2025T03:56:35 - [TEST_STEP][PASSED] - setValueToCellByIndex(sheet01, n, 7, period): null

29-01-2025T03:56:35 - [TEST_STEP][PASSED] - setValueToCellByIndex(sheet01, n, 8, todaysDate): null

29-01-2025T03:56:35 - [TEST_STEP][PASSED] - n = n + 1: null

29-01-2025T03:56:35 - [TEST_STEP][PASSED] - saveWorkbook(excelFilePath, workbook01): null

29-01-2025T03:56:35 - [TEST_STEP][PASSED] - dZO = "Россети Сибирь (ГК)": null

29-01-2025T03:56:35 - [TEST_STEP][FAILED] - if (verifyEqual(a39, b39) == false): null

29-01-2025T03:56:35 - [MESSAGE][FAILED] - Unable to verify equal between actual object '-89' and expected object '3.69' (Root cause: com.kms.katalon.core.exception.StepFailedException: Actual object '-89' and expected object '3.69' are not equal
	at com.kms.katalon.core.keyword.builtin.VerifyEqualKeyword$_verifyEqual_closure1.doCall(VerifyEqualKeyword.groovy:58)
	at com.kms.katalon.core.keyword.builtin.VerifyEqualKeyword$_verifyEqual_closure1.call(VerifyEqualKeyword.groovy)
	at com.kms.katalon.core.keyword.internal.KeywordMain.runKeyword(KeywordMain.groovy:75)
	at com.kms.katalon.core.keyword.builtin.VerifyEqualKeyword.verifyEqual(VerifyEqualKeyword.groovy:63)
	at com.kms.katalon.core.keyword.builtin.VerifyEqualKeyword.execute(VerifyEqualKeyword.groovy:44)
	at com.kms.katalon.core.keyword.internal.KeywordExecutor.executeKeywordForPlatform(KeywordExecutor.groovy:74)
	at com.kms.katalon.core.keyword.BuiltinKeywords.verifyEqual(BuiltinKeywords.groovy:146)
	at jdk.internal.reflect.GeneratedMethodAccessor25.invoke(Unknown Source)
	at java.base/jdk.internal.reflect.DelegatingMethodAccessorImpl.invoke(DelegatingMethodAccessorImpl.java:43)
	at Выручка в рублях сверка дашбордов ПАО Россети.Blocks(Выручка в рублях сверка дашбордов ПАО Россети:447)
	at Выручка в рублях сверка дашбордов ПАО Россети.ViruchkaChange(Выручка в рублях сверка дашбордов ПАО Россети:60)
	at Выручка в рублях сверка дашбордов ПАО Россети.run(Выручка в рублях сверка дашбордов ПАО Россети:55)
	at com.kms.katalon.core.main.ScriptEngine.run(ScriptEngine.java:194)
	at com.kms.katalon.core.main.ScriptEngine.runScriptAsRawText(ScriptEngine.java:119)
	at com.kms.katalon.core.main.TestCaseExecutor.runScript(TestCaseExecutor.java:448)
	at com.kms.katalon.core.main.TestCaseExecutor.doExecute(TestCaseExecutor.java:439)
	at com.kms.katalon.core.main.TestCaseExecutor.processExecutionPhase(TestCaseExecutor.java:418)
	at com.kms.katalon.core.main.TestCaseExecutor.accessMainPhase(TestCaseExecutor.java:410)
	at com.kms.katalon.core.main.TestCaseExecutor.execute(TestCaseExecutor.java:285)
	at com.kms.katalon.core.common.CommonExecutor.accessTestCaseMainPhase(CommonExecutor.java:65)
	at com.kms.katalon.core.main.TestSuiteExecutor.accessTestSuiteMainPhase(TestSuiteExecutor.java:150)
	at com.kms.katalon.core.main.TestSuiteExecutor.execute(TestSuiteExecutor.java:106)
	at com.kms.katalon.core.main.TestCaseMain.startTestSuite(TestCaseMain.java:180)
	at TempTestSuite1738107421100.run(TempTestSuite1738107421100.groovy:35)
	at java.base/jdk.internal.reflect.NativeMethodAccessorImpl.invoke0(Native Method)
	at java.base/jdk.internal.reflect.NativeMethodAccessorImpl.invoke(NativeMethodAccessorImpl.java:77)
	at java.base/jdk.internal.reflect.DelegatingMethodAccessorImpl.invoke(DelegatingMethodAccessorImpl.java:43)
)

29-01-2025T03:56:35 - [TEST_STEP][PASSED] - a = replaceAll("\s+", "").toDouble(): null

29-01-2025T03:56:35 - [TEST_STEP][PASSED] - b = replaceAll("\s+", "").toDouble(): null

29-01-2025T03:56:35 - [TEST_STEP][PASSED] - Script1710234207206.WriteToExcel(todaysDate, run, vir, block, typeOfData, viruchka, vidget, nameOfBlock, a, b, dZO): null

29-01-2025T03:56:35 - [TEST_STEP][PASSED] - println(run): null

29-01-2025T03:56:35 - [TEST_STEP][PASSED] - if (run == 1): null

29-01-2025T03:56:35 - [TEST_STEP][PASSED] - else if (run == 2): null

29-01-2025T03:56:35 - [TEST_STEP][PASSED] - typeOfData = "Проценты": null

29-01-2025T03:56:35 - [TEST_STEP][PASSED] - println("todaysDate:" + todaysDate): null

29-01-2025T03:56:35 - [TEST_STEP][PASSED] - println("typeOfData:" + typeOfData): null

29-01-2025T03:56:35 - [TEST_STEP][PASSED] - viruchka = getText(findTestObject("Выручка в рублях/Фильтр Выручка" + nameOfBlock)): Text of object 'Object Repository/Выручка в рублях/Фильтр Выручка Выручка' is: 'ПЕРЕДАЧА ЭЛЕКТРОЭНЕРГИИ (ИТОГО, по всем видам тарифа)'

29-01-2025T03:56:35 - [MESSAGE][PASSED] - Text of object 'Object Repository/Выручка в рублях/Фильтр Выручка Выручка' is: 'ПЕРЕДАЧА ЭЛЕКТРОЭНЕРГИИ (ИТОГО, по всем видам тарифа)'

29-01-2025T03:56:35 - [TEST_STEP][PASSED] - println("viruchka" + viruchka): null

29-01-2025T03:56:35 - [TEST_STEP][PASSED] - println("vidget" + vidget): null

29-01-2025T03:56:35 - [TEST_STEP][PASSED] - println("a" + a): null

29-01-2025T03:56:35 - [TEST_STEP][PASSED] - println("b" + b): null

29-01-2025T03:56:35 - [TEST_STEP][PASSED] - sheetName = "Sheet1": null

29-01-2025T03:56:35 - [TEST_STEP][PASSED] - data = findTestData("PlanFact"): null

29-01-2025T03:56:35 - [TEST_STEP][PASSED] - n = data.getRowNumbers() + 1: null

29-01-2025T03:56:35 - [TEST_STEP][PASSED] - period = getText(findTestObject("Выручка в рублях/Фильтр Период")): Text of object 'Object Repository/Выручка в рублях/Фильтр Период' is: '2024'

29-01-2025T03:56:35 - [MESSAGE][PASSED] - Text of object 'Object Repository/Выручка в рублях/Фильтр Период' is: '2024'

29-01-2025T03:56:35 - [TEST_STEP][PASSED] - println(period): null

29-01-2025T03:56:35 - [TEST_STEP][PASSED] - dashboardName = "Выручка в рублях": null

29-01-2025T03:56:35 - [TEST_STEP][PASSED] - workbook01 = getWorkbook(excelFilePath): null

29-01-2025T03:56:36 - [TEST_STEP][PASSED] - sheet01 = getExcelSheet(workbook01, sheetName): null

29-01-2025T03:56:36 - [TEST_STEP][PASSED] - setValueToCellByIndex(sheet01, n, 0, dashboardName): null

29-01-2025T03:56:36 - [TEST_STEP][PASSED] - setValueToCellByIndex(sheet01, n, 1, dZO): null

29-01-2025T03:56:36 - [TEST_STEP][PASSED] - setValueToCellByIndex(sheet01, n, 2, vidget): null

29-01-2025T03:56:36 - [TEST_STEP][PASSED] - setValueToCellByIndex(sheet01, n, 3, viruchka): null

29-01-2025T03:56:36 - [TEST_STEP][PASSED] - setValueToCellByIndex(sheet01, n, 4, typeOfData): null

29-01-2025T03:56:36 - [TEST_STEP][PASSED] - if (a == null): null

29-01-2025T03:56:36 - [TEST_STEP][PASSED] - else: null

29-01-2025T03:56:36 - [TEST_STEP][PASSED] - setValueToCellByIndex(sheet01, n, 5, a): null

29-01-2025T03:56:36 - [TEST_STEP][PASSED] - if (b == null): null

29-01-2025T03:56:36 - [TEST_STEP][PASSED] - else: null

29-01-2025T03:56:36 - [TEST_STEP][PASSED] - setValueToCellByIndex(sheet01, n, 6, b): null

29-01-2025T03:56:36 - [TEST_STEP][PASSED] - setValueToCellByIndex(sheet01, n, 7, period): null

29-01-2025T03:56:36 - [TEST_STEP][PASSED] - setValueToCellByIndex(sheet01, n, 8, todaysDate): null

29-01-2025T03:56:36 - [TEST_STEP][PASSED] - n = n + 1: null

29-01-2025T03:56:36 - [TEST_STEP][PASSED] - saveWorkbook(excelFilePath, workbook01): null

29-01-2025T03:56:36 - [TEST_STEP][PASSED] - dZO = "Россети Томск": null

29-01-2025T03:56:36 - [TEST_STEP][FAILED] - if (verifyEqual(a310, b310) == false): null

29-01-2025T03:56:36 - [MESSAGE][FAILED] - Unable to verify equal between actual object '-84.13' and expected object '2.05' (Root cause: com.kms.katalon.core.exception.StepFailedException: Actual object '-84.13' and expected object '2.05' are not equal
	at com.kms.katalon.core.keyword.builtin.VerifyEqualKeyword$_verifyEqual_closure1.doCall(VerifyEqualKeyword.groovy:58)
	at com.kms.katalon.core.keyword.builtin.VerifyEqualKeyword$_verifyEqual_closure1.call(VerifyEqualKeyword.groovy)
	at com.kms.katalon.core.keyword.internal.KeywordMain.runKeyword(KeywordMain.groovy:75)
	at com.kms.katalon.core.keyword.builtin.VerifyEqualKeyword.verifyEqual(VerifyEqualKeyword.groovy:63)
	at com.kms.katalon.core.keyword.builtin.VerifyEqualKeyword.execute(VerifyEqualKeyword.groovy:44)
	at com.kms.katalon.core.keyword.internal.KeywordExecutor.executeKeywordForPlatform(KeywordExecutor.groovy:74)
	at com.kms.katalon.core.keyword.BuiltinKeywords.verifyEqual(BuiltinKeywords.groovy:146)
	at jdk.internal.reflect.GeneratedMethodAccessor25.invoke(Unknown Source)
	at java.base/jdk.internal.reflect.DelegatingMethodAccessorImpl.invoke(DelegatingMethodAccessorImpl.java:43)
	at Выручка в рублях сверка дашбордов ПАО Россети.Blocks(Выручка в рублях сверка дашбордов ПАО Россети:457)
	at Выручка в рублях сверка дашбордов ПАО Россети.ViruchkaChange(Выручка в рублях сверка дашбордов ПАО Россети:60)
	at Выручка в рублях сверка дашбордов ПАО Россети.run(Выручка в рублях сверка дашбордов ПАО Россети:55)
	at com.kms.katalon.core.main.ScriptEngine.run(ScriptEngine.java:194)
	at com.kms.katalon.core.main.ScriptEngine.runScriptAsRawText(ScriptEngine.java:119)
	at com.kms.katalon.core.main.TestCaseExecutor.runScript(TestCaseExecutor.java:448)
	at com.kms.katalon.core.main.TestCaseExecutor.doExecute(TestCaseExecutor.java:439)
	at com.kms.katalon.core.main.TestCaseExecutor.processExecutionPhase(TestCaseExecutor.java:418)
	at com.kms.katalon.core.main.TestCaseExecutor.accessMainPhase(TestCaseExecutor.java:410)
	at com.kms.katalon.core.main.TestCaseExecutor.execute(TestCaseExecutor.java:285)
	at com.kms.katalon.core.common.CommonExecutor.accessTestCaseMainPhase(CommonExecutor.java:65)
	at com.kms.katalon.core.main.TestSuiteExecutor.accessTestSuiteMainPhase(TestSuiteExecutor.java:150)
	at com.kms.katalon.core.main.TestSuiteExecutor.execute(TestSuiteExecutor.java:106)
	at com.kms.katalon.core.main.TestCaseMain.startTestSuite(TestCaseMain.java:180)
	at TempTestSuite1738107421100.run(TempTestSuite1738107421100.groovy:35)
	at java.base/jdk.internal.reflect.NativeMethodAccessorImpl.invoke0(Native Method)
	at java.base/jdk.internal.reflect.NativeMethodAccessorImpl.invoke(NativeMethodAccessorImpl.java:77)
	at java.base/jdk.internal.reflect.DelegatingMethodAccessorImpl.invoke(DelegatingMethodAccessorImpl.java:43)
)

29-01-2025T03:56:36 - [TEST_STEP][PASSED] - a = replaceAll("\s+", "").toDouble(): null

29-01-2025T03:56:36 - [TEST_STEP][PASSED] - b = replaceAll("\s+", "").toDouble(): null

29-01-2025T03:56:36 - [TEST_STEP][PASSED] - Script1710234207206.WriteToExcel(todaysDate, run, vir, block, typeOfData, viruchka, vidget, nameOfBlock, a, b, dZO): null

29-01-2025T03:56:36 - [TEST_STEP][PASSED] - println(run): null

29-01-2025T03:56:36 - [TEST_STEP][PASSED] - if (run == 1): null

29-01-2025T03:56:36 - [TEST_STEP][PASSED] - else if (run == 2): null

29-01-2025T03:56:36 - [TEST_STEP][PASSED] - typeOfData = "Проценты": null

29-01-2025T03:56:36 - [TEST_STEP][PASSED] - println("todaysDate:" + todaysDate): null

29-01-2025T03:56:36 - [TEST_STEP][PASSED] - println("typeOfData:" + typeOfData): null

29-01-2025T03:56:36 - [TEST_STEP][PASSED] - viruchka = getText(findTestObject("Выручка в рублях/Фильтр Выручка" + nameOfBlock)): Text of object 'Object Repository/Выручка в рублях/Фильтр Выручка Выручка' is: 'ПЕРЕДАЧА ЭЛЕКТРОЭНЕРГИИ (ИТОГО, по всем видам тарифа)'

29-01-2025T03:56:36 - [MESSAGE][PASSED] - Text of object 'Object Repository/Выручка в рублях/Фильтр Выручка Выручка' is: 'ПЕРЕДАЧА ЭЛЕКТРОЭНЕРГИИ (ИТОГО, по всем видам тарифа)'

29-01-2025T03:56:36 - [TEST_STEP][PASSED] - println("viruchka" + viruchka): null

29-01-2025T03:56:36 - [TEST_STEP][PASSED] - println("vidget" + vidget): null

29-01-2025T03:56:36 - [TEST_STEP][PASSED] - println("a" + a): null

29-01-2025T03:56:36 - [TEST_STEP][PASSED] - println("b" + b): null

29-01-2025T03:56:36 - [TEST_STEP][PASSED] - sheetName = "Sheet1": null

29-01-2025T03:56:36 - [TEST_STEP][PASSED] - data = findTestData("PlanFact"): null

29-01-2025T03:56:36 - [TEST_STEP][PASSED] - n = data.getRowNumbers() + 1: null

29-01-2025T03:56:36 - [TEST_STEP][PASSED] - period = getText(findTestObject("Выручка в рублях/Фильтр Период")): Text of object 'Object Repository/Выручка в рублях/Фильтр Период' is: '2024'

29-01-2025T03:56:36 - [MESSAGE][PASSED] - Text of object 'Object Repository/Выручка в рублях/Фильтр Период' is: '2024'

29-01-2025T03:56:36 - [TEST_STEP][PASSED] - println(period): null

29-01-2025T03:56:36 - [TEST_STEP][PASSED] - dashboardName = "Выручка в рублях": null

29-01-2025T03:56:36 - [TEST_STEP][PASSED] - workbook01 = getWorkbook(excelFilePath): null

29-01-2025T03:56:37 - [TEST_STEP][PASSED] - sheet01 = getExcelSheet(workbook01, sheetName): null

29-01-2025T03:56:37 - [TEST_STEP][PASSED] - setValueToCellByIndex(sheet01, n, 0, dashboardName): null

29-01-2025T03:56:37 - [TEST_STEP][PASSED] - setValueToCellByIndex(sheet01, n, 1, dZO): null

29-01-2025T03:56:37 - [TEST_STEP][PASSED] - setValueToCellByIndex(sheet01, n, 2, vidget): null

29-01-2025T03:56:37 - [TEST_STEP][PASSED] - setValueToCellByIndex(sheet01, n, 3, viruchka): null

29-01-2025T03:56:37 - [TEST_STEP][PASSED] - setValueToCellByIndex(sheet01, n, 4, typeOfData): null

29-01-2025T03:56:37 - [TEST_STEP][PASSED] - if (a == null): null

29-01-2025T03:56:37 - [TEST_STEP][PASSED] - else: null

29-01-2025T03:56:37 - [TEST_STEP][PASSED] - setValueToCellByIndex(sheet01, n, 5, a): null

29-01-2025T03:56:37 - [TEST_STEP][PASSED] - if (b == null): null

29-01-2025T03:56:37 - [TEST_STEP][PASSED] - else: null

29-01-2025T03:56:37 - [TEST_STEP][PASSED] - setValueToCellByIndex(sheet01, n, 6, b): null

29-01-2025T03:56:37 - [TEST_STEP][PASSED] - setValueToCellByIndex(sheet01, n, 7, period): null

29-01-2025T03:56:37 - [TEST_STEP][PASSED] - setValueToCellByIndex(sheet01, n, 8, todaysDate): null

29-01-2025T03:56:37 - [TEST_STEP][PASSED] - n = n + 1: null

29-01-2025T03:56:37 - [TEST_STEP][PASSED] - saveWorkbook(excelFilePath, workbook01): null

29-01-2025T03:56:37 - [TEST_STEP][PASSED] - dZO = "Россети Тюмень": null

29-01-2025T03:56:37 - [TEST_STEP][FAILED] - if (verifyEqual(a311, b311) == false): null

29-01-2025T03:56:37 - [MESSAGE][FAILED] - Unable to verify equal between actual object '-86.76' and expected object '-8.66' (Root cause: com.kms.katalon.core.exception.StepFailedException: Actual object '-86.76' and expected object '-8.66' are not equal
	at com.kms.katalon.core.keyword.builtin.VerifyEqualKeyword$_verifyEqual_closure1.doCall(VerifyEqualKeyword.groovy:58)
	at com.kms.katalon.core.keyword.builtin.VerifyEqualKeyword$_verifyEqual_closure1.call(VerifyEqualKeyword.groovy)
	at com.kms.katalon.core.keyword.internal.KeywordMain.runKeyword(KeywordMain.groovy:75)
	at com.kms.katalon.core.keyword.builtin.VerifyEqualKeyword.verifyEqual(VerifyEqualKeyword.groovy:63)
	at com.kms.katalon.core.keyword.builtin.VerifyEqualKeyword.execute(VerifyEqualKeyword.groovy:44)
	at com.kms.katalon.core.keyword.internal.KeywordExecutor.executeKeywordForPlatform(KeywordExecutor.groovy:74)
	at com.kms.katalon.core.keyword.BuiltinKeywords.verifyEqual(BuiltinKeywords.groovy:146)
	at jdk.internal.reflect.GeneratedMethodAccessor25.invoke(Unknown Source)
	at java.base/jdk.internal.reflect.DelegatingMethodAccessorImpl.invoke(DelegatingMethodAccessorImpl.java:43)
	at Выручка в рублях сверка дашбордов ПАО Россети.Blocks(Выручка в рублях сверка дашбордов ПАО Россети:467)
	at Выручка в рублях сверка дашбордов ПАО Россети.ViruchkaChange(Выручка в рублях сверка дашбордов ПАО Россети:60)
	at Выручка в рублях сверка дашбордов ПАО Россети.run(Выручка в рублях сверка дашбордов ПАО Россети:55)
	at com.kms.katalon.core.main.ScriptEngine.run(ScriptEngine.java:194)
	at com.kms.katalon.core.main.ScriptEngine.runScriptAsRawText(ScriptEngine.java:119)
	at com.kms.katalon.core.main.TestCaseExecutor.runScript(TestCaseExecutor.java:448)
	at com.kms.katalon.core.main.TestCaseExecutor.doExecute(TestCaseExecutor.java:439)
	at com.kms.katalon.core.main.TestCaseExecutor.processExecutionPhase(TestCaseExecutor.java:418)
	at com.kms.katalon.core.main.TestCaseExecutor.accessMainPhase(TestCaseExecutor.java:410)
	at com.kms.katalon.core.main.TestCaseExecutor.execute(TestCaseExecutor.java:285)
	at com.kms.katalon.core.common.CommonExecutor.accessTestCaseMainPhase(CommonExecutor.java:65)
	at com.kms.katalon.core.main.TestSuiteExecutor.accessTestSuiteMainPhase(TestSuiteExecutor.java:150)
	at com.kms.katalon.core.main.TestSuiteExecutor.execute(TestSuiteExecutor.java:106)
	at com.kms.katalon.core.main.TestCaseMain.startTestSuite(TestCaseMain.java:180)
	at TempTestSuite1738107421100.run(TempTestSuite1738107421100.groovy:35)
	at java.base/jdk.internal.reflect.NativeMethodAccessorImpl.invoke0(Native Method)
	at java.base/jdk.internal.reflect.NativeMethodAccessorImpl.invoke(NativeMethodAccessorImpl.java:77)
	at java.base/jdk.internal.reflect.DelegatingMethodAccessorImpl.invoke(DelegatingMethodAccessorImpl.java:43)
)

29-01-2025T03:56:37 - [TEST_STEP][PASSED] - a = replaceAll("\s+", "").toDouble(): null

29-01-2025T03:56:37 - [TEST_STEP][PASSED] - b = replaceAll("\s+", "").toDouble(): null

29-01-2025T03:56:37 - [TEST_STEP][PASSED] - Script1710234207206.WriteToExcel(todaysDate, run, vir, block, typeOfData, viruchka, vidget, nameOfBlock, a, b, dZO): null

29-01-2025T03:56:37 - [TEST_STEP][PASSED] - println(run): null

29-01-2025T03:56:37 - [TEST_STEP][PASSED] - if (run == 1): null

29-01-2025T03:56:37 - [TEST_STEP][PASSED] - else if (run == 2): null

29-01-2025T03:56:37 - [TEST_STEP][PASSED] - typeOfData = "Проценты": null

29-01-2025T03:56:37 - [TEST_STEP][PASSED] - println("todaysDate:" + todaysDate): null

29-01-2025T03:56:37 - [TEST_STEP][PASSED] - println("typeOfData:" + typeOfData): null

29-01-2025T03:56:37 - [TEST_STEP][PASSED] - viruchka = getText(findTestObject("Выручка в рублях/Фильтр Выручка" + nameOfBlock)): Text of object 'Object Repository/Выручка в рублях/Фильтр Выручка Выручка' is: 'ПЕРЕДАЧА ЭЛЕКТРОЭНЕРГИИ (ИТОГО, по всем видам тарифа)'

29-01-2025T03:56:37 - [MESSAGE][PASSED] - Text of object 'Object Repository/Выручка в рублях/Фильтр Выручка Выручка' is: 'ПЕРЕДАЧА ЭЛЕКТРОЭНЕРГИИ (ИТОГО, по всем видам тарифа)'

29-01-2025T03:56:37 - [TEST_STEP][PASSED] - println("viruchka" + viruchka): null

29-01-2025T03:56:37 - [TEST_STEP][PASSED] - println("vidget" + vidget): null

29-01-2025T03:56:37 - [TEST_STEP][PASSED] - println("a" + a): null

29-01-2025T03:56:37 - [TEST_STEP][PASSED] - println("b" + b): null

29-01-2025T03:56:37 - [TEST_STEP][PASSED] - sheetName = "Sheet1": null

29-01-2025T03:56:37 - [TEST_STEP][PASSED] - data = findTestData("PlanFact"): null

29-01-2025T03:56:37 - [TEST_STEP][PASSED] - n = data.getRowNumbers() + 1: null

29-01-2025T03:56:37 - [TEST_STEP][PASSED] - period = getText(findTestObject("Выручка в рублях/Фильтр Период")): Text of object 'Object Repository/Выручка в рублях/Фильтр Период' is: '2024'

29-01-2025T03:56:37 - [MESSAGE][PASSED] - Text of object 'Object Repository/Выручка в рублях/Фильтр Период' is: '2024'

29-01-2025T03:56:37 - [TEST_STEP][PASSED] - println(period): null

29-01-2025T03:56:37 - [TEST_STEP][PASSED] - dashboardName = "Выручка в рублях": null

29-01-2025T03:56:37 - [TEST_STEP][PASSED] - workbook01 = getWorkbook(excelFilePath): null

29-01-2025T03:56:37 - [TEST_STEP][PASSED] - sheet01 = getExcelSheet(workbook01, sheetName): null

29-01-2025T03:56:37 - [TEST_STEP][PASSED] - setValueToCellByIndex(sheet01, n, 0, dashboardName): null

29-01-2025T03:56:37 - [TEST_STEP][PASSED] - setValueToCellByIndex(sheet01, n, 1, dZO): null

29-01-2025T03:56:37 - [TEST_STEP][PASSED] - setValueToCellByIndex(sheet01, n, 2, vidget): null

29-01-2025T03:56:37 - [TEST_STEP][PASSED] - setValueToCellByIndex(sheet01, n, 3, viruchka): null

29-01-2025T03:56:37 - [TEST_STEP][PASSED] - setValueToCellByIndex(sheet01, n, 4, typeOfData): null

29-01-2025T03:56:37 - [TEST_STEP][PASSED] - if (a == null): null

29-01-2025T03:56:37 - [TEST_STEP][PASSED] - else: null

29-01-2025T03:56:37 - [TEST_STEP][PASSED] - setValueToCellByIndex(sheet01, n, 5, a): null

29-01-2025T03:56:37 - [TEST_STEP][PASSED] - if (b == null): null

29-01-2025T03:56:37 - [TEST_STEP][PASSED] - else: null

29-01-2025T03:56:37 - [TEST_STEP][PASSED] - setValueToCellByIndex(sheet01, n, 6, b): null

29-01-2025T03:56:37 - [TEST_STEP][PASSED] - setValueToCellByIndex(sheet01, n, 7, period): null

29-01-2025T03:56:37 - [TEST_STEP][PASSED] - setValueToCellByIndex(sheet01, n, 8, todaysDate): null

29-01-2025T03:56:37 - [TEST_STEP][PASSED] - n = n + 1: null

29-01-2025T03:56:37 - [TEST_STEP][PASSED] - saveWorkbook(excelFilePath, workbook01): null

29-01-2025T03:56:38 - [TEST_STEP][PASSED] - dZO = "Россети Урал (ГК)": null

29-01-2025T03:56:38 - [TEST_STEP][FAILED] - if (verifyEqual(a312, b312) == false): null

29-01-2025T03:56:38 - [MESSAGE][FAILED] - Unable to verify equal between actual object '-81.08' and expected object '1.8' (Root cause: com.kms.katalon.core.exception.StepFailedException: Actual object '-81.08' and expected object '1.8' are not equal
	at com.kms.katalon.core.keyword.builtin.VerifyEqualKeyword$_verifyEqual_closure1.doCall(VerifyEqualKeyword.groovy:58)
	at com.kms.katalon.core.keyword.builtin.VerifyEqualKeyword$_verifyEqual_closure1.call(VerifyEqualKeyword.groovy)
	at com.kms.katalon.core.keyword.internal.KeywordMain.runKeyword(KeywordMain.groovy:75)
	at com.kms.katalon.core.keyword.builtin.VerifyEqualKeyword.verifyEqual(VerifyEqualKeyword.groovy:63)
	at com.kms.katalon.core.keyword.builtin.VerifyEqualKeyword.execute(VerifyEqualKeyword.groovy:44)
	at com.kms.katalon.core.keyword.internal.KeywordExecutor.executeKeywordForPlatform(KeywordExecutor.groovy:74)
	at com.kms.katalon.core.keyword.BuiltinKeywords.verifyEqual(BuiltinKeywords.groovy:146)
	at jdk.internal.reflect.GeneratedMethodAccessor25.invoke(Unknown Source)
	at java.base/jdk.internal.reflect.DelegatingMethodAccessorImpl.invoke(DelegatingMethodAccessorImpl.java:43)
	at Выручка в рублях сверка дашбордов ПАО Россети.Blocks(Выручка в рублях сверка дашбордов ПАО Россети:477)
	at Выручка в рублях сверка дашбордов ПАО Россети.ViruchkaChange(Выручка в рублях сверка дашбордов ПАО Россети:60)
	at Выручка в рублях сверка дашбордов ПАО Россети.run(Выручка в рублях сверка дашбордов ПАО Россети:55)
	at com.kms.katalon.core.main.ScriptEngine.run(ScriptEngine.java:194)
	at com.kms.katalon.core.main.ScriptEngine.runScriptAsRawText(ScriptEngine.java:119)
	at com.kms.katalon.core.main.TestCaseExecutor.runScript(TestCaseExecutor.java:448)
	at com.kms.katalon.core.main.TestCaseExecutor.doExecute(TestCaseExecutor.java:439)
	at com.kms.katalon.core.main.TestCaseExecutor.processExecutionPhase(TestCaseExecutor.java:418)
	at com.kms.katalon.core.main.TestCaseExecutor.accessMainPhase(TestCaseExecutor.java:410)
	at com.kms.katalon.core.main.TestCaseExecutor.execute(TestCaseExecutor.java:285)
	at com.kms.katalon.core.common.CommonExecutor.accessTestCaseMainPhase(CommonExecutor.java:65)
	at com.kms.katalon.core.main.TestSuiteExecutor.accessTestSuiteMainPhase(TestSuiteExecutor.java:150)
	at com.kms.katalon.core.main.TestSuiteExecutor.execute(TestSuiteExecutor.java:106)
	at com.kms.katalon.core.main.TestCaseMain.startTestSuite(TestCaseMain.java:180)
	at TempTestSuite1738107421100.run(TempTestSuite1738107421100.groovy:35)
	at java.base/jdk.internal.reflect.NativeMethodAccessorImpl.invoke0(Native Method)
	at java.base/jdk.internal.reflect.NativeMethodAccessorImpl.invoke(NativeMethodAccessorImpl.java:77)
	at java.base/jdk.internal.reflect.DelegatingMethodAccessorImpl.invoke(DelegatingMethodAccessorImpl.java:43)
)

29-01-2025T03:56:38 - [TEST_STEP][PASSED] - a = replaceAll("\s+", "").toDouble(): null

29-01-2025T03:56:38 - [TEST_STEP][PASSED] - b = replaceAll("\s+", "").toDouble(): null

29-01-2025T03:56:38 - [TEST_STEP][PASSED] - Script1710234207206.WriteToExcel(todaysDate, run, vir, block, typeOfData, viruchka, vidget, nameOfBlock, a, b, dZO): null

29-01-2025T03:56:38 - [TEST_STEP][PASSED] - println(run): null

29-01-2025T03:56:38 - [TEST_STEP][PASSED] - if (run == 1): null

29-01-2025T03:56:38 - [TEST_STEP][PASSED] - else if (run == 2): null

29-01-2025T03:56:38 - [TEST_STEP][PASSED] - typeOfData = "Проценты": null

29-01-2025T03:56:38 - [TEST_STEP][PASSED] - println("todaysDate:" + todaysDate): null

29-01-2025T03:56:38 - [TEST_STEP][PASSED] - println("typeOfData:" + typeOfData): null

29-01-2025T03:56:38 - [TEST_STEP][PASSED] - viruchka = getText(findTestObject("Выручка в рублях/Фильтр Выручка" + nameOfBlock)): Text of object 'Object Repository/Выручка в рублях/Фильтр Выручка Выручка' is: 'ПЕРЕДАЧА ЭЛЕКТРОЭНЕРГИИ (ИТОГО, по всем видам тарифа)'

29-01-2025T03:56:38 - [MESSAGE][PASSED] - Text of object 'Object Repository/Выручка в рублях/Фильтр Выручка Выручка' is: 'ПЕРЕДАЧА ЭЛЕКТРОЭНЕРГИИ (ИТОГО, по всем видам тарифа)'

29-01-2025T03:56:38 - [TEST_STEP][PASSED] - println("viruchka" + viruchka): null

29-01-2025T03:56:38 - [TEST_STEP][PASSED] - println("vidget" + vidget): null

29-01-2025T03:56:38 - [TEST_STEP][PASSED] - println("a" + a): null

29-01-2025T03:56:38 - [TEST_STEP][PASSED] - println("b" + b): null

29-01-2025T03:56:38 - [TEST_STEP][PASSED] - sheetName = "Sheet1": null

29-01-2025T03:56:38 - [TEST_STEP][PASSED] - data = findTestData("PlanFact"): null

29-01-2025T03:56:38 - [TEST_STEP][PASSED] - n = data.getRowNumbers() + 1: null

29-01-2025T03:56:38 - [TEST_STEP][PASSED] - period = getText(findTestObject("Выручка в рублях/Фильтр Период")): Text of object 'Object Repository/Выручка в рублях/Фильтр Период' is: '2024'

29-01-2025T03:56:38 - [MESSAGE][PASSED] - Text of object 'Object Repository/Выручка в рублях/Фильтр Период' is: '2024'

29-01-2025T03:56:38 - [TEST_STEP][PASSED] - println(period): null

29-01-2025T03:56:38 - [TEST_STEP][PASSED] - dashboardName = "Выручка в рублях": null

29-01-2025T03:56:38 - [TEST_STEP][PASSED] - workbook01 = getWorkbook(excelFilePath): null

29-01-2025T03:56:39 - [TEST_STEP][PASSED] - sheet01 = getExcelSheet(workbook01, sheetName): null

29-01-2025T03:56:39 - [TEST_STEP][PASSED] - setValueToCellByIndex(sheet01, n, 0, dashboardName): null

29-01-2025T03:56:39 - [TEST_STEP][PASSED] - setValueToCellByIndex(sheet01, n, 1, dZO): null

29-01-2025T03:56:39 - [TEST_STEP][PASSED] - setValueToCellByIndex(sheet01, n, 2, vidget): null

29-01-2025T03:56:39 - [TEST_STEP][PASSED] - setValueToCellByIndex(sheet01, n, 3, viruchka): null

29-01-2025T03:56:39 - [TEST_STEP][PASSED] - setValueToCellByIndex(sheet01, n, 4, typeOfData): null

29-01-2025T03:56:39 - [TEST_STEP][PASSED] - if (a == null): null

29-01-2025T03:56:39 - [TEST_STEP][PASSED] - else: null

29-01-2025T03:56:39 - [TEST_STEP][PASSED] - setValueToCellByIndex(sheet01, n, 5, a): null

29-01-2025T03:56:39 - [TEST_STEP][PASSED] - if (b == null): null

29-01-2025T03:56:39 - [TEST_STEP][PASSED] - else: null

29-01-2025T03:56:39 - [TEST_STEP][PASSED] - setValueToCellByIndex(sheet01, n, 6, b): null

29-01-2025T03:56:39 - [TEST_STEP][PASSED] - setValueToCellByIndex(sheet01, n, 7, period): null

29-01-2025T03:56:39 - [TEST_STEP][PASSED] - setValueToCellByIndex(sheet01, n, 8, todaysDate): null

29-01-2025T03:56:39 - [TEST_STEP][PASSED] - n = n + 1: null

29-01-2025T03:56:39 - [TEST_STEP][PASSED] - saveWorkbook(excelFilePath, workbook01): null

29-01-2025T03:56:39 - [TEST_STEP][PASSED] - dZO = "Россети ФСК ЕЭС": null

29-01-2025T03:56:39 - [TEST_STEP][FAILED] - if (verifyEqual(a313, b313) == false): null

29-01-2025T03:56:39 - [MESSAGE][FAILED] - Unable to verify equal between actual object '-91.14' and expected object '-7.48' (Root cause: com.kms.katalon.core.exception.StepFailedException: Actual object '-91.14' and expected object '-7.48' are not equal
	at com.kms.katalon.core.keyword.builtin.VerifyEqualKeyword$_verifyEqual_closure1.doCall(VerifyEqualKeyword.groovy:58)
	at com.kms.katalon.core.keyword.builtin.VerifyEqualKeyword$_verifyEqual_closure1.call(VerifyEqualKeyword.groovy)
	at com.kms.katalon.core.keyword.internal.KeywordMain.runKeyword(KeywordMain.groovy:75)
	at com.kms.katalon.core.keyword.builtin.VerifyEqualKeyword.verifyEqual(VerifyEqualKeyword.groovy:63)
	at com.kms.katalon.core.keyword.builtin.VerifyEqualKeyword.execute(VerifyEqualKeyword.groovy:44)
	at com.kms.katalon.core.keyword.internal.KeywordExecutor.executeKeywordForPlatform(KeywordExecutor.groovy:74)
	at com.kms.katalon.core.keyword.BuiltinKeywords.verifyEqual(BuiltinKeywords.groovy:146)
	at jdk.internal.reflect.GeneratedMethodAccessor25.invoke(Unknown Source)
	at java.base/jdk.internal.reflect.DelegatingMethodAccessorImpl.invoke(DelegatingMethodAccessorImpl.java:43)
	at Выручка в рублях сверка дашбордов ПАО Россети.Blocks(Выручка в рублях сверка дашбордов ПАО Россети:487)
	at Выручка в рублях сверка дашбордов ПАО Россети.ViruchkaChange(Выручка в рублях сверка дашбордов ПАО Россети:60)
	at Выручка в рублях сверка дашбордов ПАО Россети.run(Выручка в рублях сверка дашбордов ПАО Россети:55)
	at com.kms.katalon.core.main.ScriptEngine.run(ScriptEngine.java:194)
	at com.kms.katalon.core.main.ScriptEngine.runScriptAsRawText(ScriptEngine.java:119)
	at com.kms.katalon.core.main.TestCaseExecutor.runScript(TestCaseExecutor.java:448)
	at com.kms.katalon.core.main.TestCaseExecutor.doExecute(TestCaseExecutor.java:439)
	at com.kms.katalon.core.main.TestCaseExecutor.processExecutionPhase(TestCaseExecutor.java:418)
	at com.kms.katalon.core.main.TestCaseExecutor.accessMainPhase(TestCaseExecutor.java:410)
	at com.kms.katalon.core.main.TestCaseExecutor.execute(TestCaseExecutor.java:285)
	at com.kms.katalon.core.common.CommonExecutor.accessTestCaseMainPhase(CommonExecutor.java:65)
	at com.kms.katalon.core.main.TestSuiteExecutor.accessTestSuiteMainPhase(TestSuiteExecutor.java:150)
	at com.kms.katalon.core.main.TestSuiteExecutor.execute(TestSuiteExecutor.java:106)
	at com.kms.katalon.core.main.TestCaseMain.startTestSuite(TestCaseMain.java:180)
	at TempTestSuite1738107421100.run(TempTestSuite1738107421100.groovy:35)
	at java.base/jdk.internal.reflect.NativeMethodAccessorImpl.invoke0(Native Method)
	at java.base/jdk.internal.reflect.NativeMethodAccessorImpl.invoke(NativeMethodAccessorImpl.java:77)
	at java.base/jdk.internal.reflect.DelegatingMethodAccessorImpl.invoke(DelegatingMethodAccessorImpl.java:43)
)

29-01-2025T03:56:39 - [TEST_STEP][PASSED] - a = replaceAll("\s+", "").toDouble(): null

29-01-2025T03:56:39 - [TEST_STEP][PASSED] - b = replaceAll("\s+", "").toDouble(): null

29-01-2025T03:56:39 - [TEST_STEP][PASSED] - Script1710234207206.WriteToExcel(todaysDate, run, vir, block, typeOfData, viruchka, vidget, nameOfBlock, a, b, dZO): null

29-01-2025T03:56:39 - [TEST_STEP][PASSED] - println(run): null

29-01-2025T03:56:39 - [TEST_STEP][PASSED] - if (run == 1): null

29-01-2025T03:56:39 - [TEST_STEP][PASSED] - else if (run == 2): null

29-01-2025T03:56:39 - [TEST_STEP][PASSED] - typeOfData = "Проценты": null

29-01-2025T03:56:39 - [TEST_STEP][PASSED] - println("todaysDate:" + todaysDate): null

29-01-2025T03:56:39 - [TEST_STEP][PASSED] - println("typeOfData:" + typeOfData): null

29-01-2025T03:56:39 - [TEST_STEP][PASSED] - viruchka = getText(findTestObject("Выручка в рублях/Фильтр Выручка" + nameOfBlock)): Text of object 'Object Repository/Выручка в рублях/Фильтр Выручка Выручка' is: 'ПЕРЕДАЧА ЭЛЕКТРОЭНЕРГИИ (ИТОГО, по всем видам тарифа)'

29-01-2025T03:56:39 - [MESSAGE][PASSED] - Text of object 'Object Repository/Выручка в рублях/Фильтр Выручка Выручка' is: 'ПЕРЕДАЧА ЭЛЕКТРОЭНЕРГИИ (ИТОГО, по всем видам тарифа)'

29-01-2025T03:56:39 - [TEST_STEP][PASSED] - println("viruchka" + viruchka): null

29-01-2025T03:56:39 - [TEST_STEP][PASSED] - println("vidget" + vidget): null

29-01-2025T03:56:39 - [TEST_STEP][PASSED] - println("a" + a): null

29-01-2025T03:56:39 - [TEST_STEP][PASSED] - println("b" + b): null

29-01-2025T03:56:39 - [TEST_STEP][PASSED] - sheetName = "Sheet1": null

29-01-2025T03:56:39 - [TEST_STEP][PASSED] - data = findTestData("PlanFact"): null

29-01-2025T03:56:39 - [TEST_STEP][PASSED] - n = data.getRowNumbers() + 1: null

29-01-2025T03:56:39 - [TEST_STEP][PASSED] - period = getText(findTestObject("Выручка в рублях/Фильтр Период")): Text of object 'Object Repository/Выручка в рублях/Фильтр Период' is: '2024'

29-01-2025T03:56:39 - [MESSAGE][PASSED] - Text of object 'Object Repository/Выручка в рублях/Фильтр Период' is: '2024'

29-01-2025T03:56:39 - [TEST_STEP][PASSED] - println(period): null

29-01-2025T03:56:39 - [TEST_STEP][PASSED] - dashboardName = "Выручка в рублях": null

29-01-2025T03:56:39 - [TEST_STEP][PASSED] - workbook01 = getWorkbook(excelFilePath): null

29-01-2025T03:56:39 - [TEST_STEP][PASSED] - sheet01 = getExcelSheet(workbook01, sheetName): null

29-01-2025T03:56:39 - [TEST_STEP][PASSED] - setValueToCellByIndex(sheet01, n, 0, dashboardName): null

29-01-2025T03:56:39 - [TEST_STEP][PASSED] - setValueToCellByIndex(sheet01, n, 1, dZO): null

29-01-2025T03:56:39 - [TEST_STEP][PASSED] - setValueToCellByIndex(sheet01, n, 2, vidget): null

29-01-2025T03:56:39 - [TEST_STEP][PASSED] - setValueToCellByIndex(sheet01, n, 3, viruchka): null

29-01-2025T03:56:39 - [TEST_STEP][PASSED] - setValueToCellByIndex(sheet01, n, 4, typeOfData): null

29-01-2025T03:56:39 - [TEST_STEP][PASSED] - if (a == null): null

29-01-2025T03:56:39 - [TEST_STEP][PASSED] - else: null

29-01-2025T03:56:39 - [TEST_STEP][PASSED] - setValueToCellByIndex(sheet01, n, 5, a): null

29-01-2025T03:56:39 - [TEST_STEP][PASSED] - if (b == null): null

29-01-2025T03:56:39 - [TEST_STEP][PASSED] - else: null

29-01-2025T03:56:39 - [TEST_STEP][PASSED] - setValueToCellByIndex(sheet01, n, 6, b): null

29-01-2025T03:56:39 - [TEST_STEP][PASSED] - setValueToCellByIndex(sheet01, n, 7, period): null

29-01-2025T03:56:39 - [TEST_STEP][PASSED] - setValueToCellByIndex(sheet01, n, 8, todaysDate): null

29-01-2025T03:56:39 - [TEST_STEP][PASSED] - n = n + 1: null

29-01-2025T03:56:39 - [TEST_STEP][PASSED] - saveWorkbook(excelFilePath, workbook01): null

29-01-2025T03:56:40 - [TEST_STEP][PASSED] - dZO = "Россети Центр": null

29-01-2025T03:56:40 - [TEST_STEP][FAILED] - if (verifyEqual(a314, b314) == false): null

29-01-2025T03:56:40 - [MESSAGE][FAILED] - Unable to verify equal between actual object '-90.58' and expected object '3.13' (Root cause: com.kms.katalon.core.exception.StepFailedException: Actual object '-90.58' and expected object '3.13' are not equal
	at com.kms.katalon.core.keyword.builtin.VerifyEqualKeyword$_verifyEqual_closure1.doCall(VerifyEqualKeyword.groovy:58)
	at com.kms.katalon.core.keyword.builtin.VerifyEqualKeyword$_verifyEqual_closure1.call(VerifyEqualKeyword.groovy)
	at com.kms.katalon.core.keyword.internal.KeywordMain.runKeyword(KeywordMain.groovy:75)
	at com.kms.katalon.core.keyword.builtin.VerifyEqualKeyword.verifyEqual(VerifyEqualKeyword.groovy:63)
	at com.kms.katalon.core.keyword.builtin.VerifyEqualKeyword.execute(VerifyEqualKeyword.groovy:44)
	at com.kms.katalon.core.keyword.internal.KeywordExecutor.executeKeywordForPlatform(KeywordExecutor.groovy:74)
	at com.kms.katalon.core.keyword.BuiltinKeywords.verifyEqual(BuiltinKeywords.groovy:146)
	at jdk.internal.reflect.GeneratedMethodAccessor25.invoke(Unknown Source)
	at java.base/jdk.internal.reflect.DelegatingMethodAccessorImpl.invoke(DelegatingMethodAccessorImpl.java:43)
	at Выручка в рублях сверка дашбордов ПАО Россети.Blocks(Выручка в рублях сверка дашбордов ПАО Россети:497)
	at Выручка в рублях сверка дашбордов ПАО Россети.ViruchkaChange(Выручка в рублях сверка дашбордов ПАО Россети:60)
	at Выручка в рублях сверка дашбордов ПАО Россети.run(Выручка в рублях сверка дашбордов ПАО Россети:55)
	at com.kms.katalon.core.main.ScriptEngine.run(ScriptEngine.java:194)
	at com.kms.katalon.core.main.ScriptEngine.runScriptAsRawText(ScriptEngine.java:119)
	at com.kms.katalon.core.main.TestCaseExecutor.runScript(TestCaseExecutor.java:448)
	at com.kms.katalon.core.main.TestCaseExecutor.doExecute(TestCaseExecutor.java:439)
	at com.kms.katalon.core.main.TestCaseExecutor.processExecutionPhase(TestCaseExecutor.java:418)
	at com.kms.katalon.core.main.TestCaseExecutor.accessMainPhase(TestCaseExecutor.java:410)
	at com.kms.katalon.core.main.TestCaseExecutor.execute(TestCaseExecutor.java:285)
	at com.kms.katalon.core.common.CommonExecutor.accessTestCaseMainPhase(CommonExecutor.java:65)
	at com.kms.katalon.core.main.TestSuiteExecutor.accessTestSuiteMainPhase(TestSuiteExecutor.java:150)
	at com.kms.katalon.core.main.TestSuiteExecutor.execute(TestSuiteExecutor.java:106)
	at com.kms.katalon.core.main.TestCaseMain.startTestSuite(TestCaseMain.java:180)
	at TempTestSuite1738107421100.run(TempTestSuite1738107421100.groovy:35)
	at java.base/jdk.internal.reflect.NativeMethodAccessorImpl.invoke0(Native Method)
	at java.base/jdk.internal.reflect.NativeMethodAccessorImpl.invoke(NativeMethodAccessorImpl.java:77)
	at java.base/jdk.internal.reflect.DelegatingMethodAccessorImpl.invoke(DelegatingMethodAccessorImpl.java:43)
)

29-01-2025T03:56:40 - [TEST_STEP][PASSED] - a = replaceAll("\s+", "").toDouble(): null

29-01-2025T03:56:40 - [TEST_STEP][PASSED] - b = replaceAll("\s+", "").toDouble(): null

29-01-2025T03:56:40 - [TEST_STEP][PASSED] - Script1710234207206.WriteToExcel(todaysDate, run, vir, block, typeOfData, viruchka, vidget, nameOfBlock, a, b, dZO): null

29-01-2025T03:56:40 - [TEST_STEP][PASSED] - println(run): null

29-01-2025T03:56:40 - [TEST_STEP][PASSED] - if (run == 1): null

29-01-2025T03:56:40 - [TEST_STEP][PASSED] - else if (run == 2): null

29-01-2025T03:56:40 - [TEST_STEP][PASSED] - typeOfData = "Проценты": null

29-01-2025T03:56:40 - [TEST_STEP][PASSED] - println("todaysDate:" + todaysDate): null

29-01-2025T03:56:40 - [TEST_STEP][PASSED] - println("typeOfData:" + typeOfData): null

29-01-2025T03:56:40 - [TEST_STEP][PASSED] - viruchka = getText(findTestObject("Выручка в рублях/Фильтр Выручка" + nameOfBlock)): Text of object 'Object Repository/Выручка в рублях/Фильтр Выручка Выручка' is: 'ПЕРЕДАЧА ЭЛЕКТРОЭНЕРГИИ (ИТОГО, по всем видам тарифа)'

29-01-2025T03:56:40 - [MESSAGE][PASSED] - Text of object 'Object Repository/Выручка в рублях/Фильтр Выручка Выручка' is: 'ПЕРЕДАЧА ЭЛЕКТРОЭНЕРГИИ (ИТОГО, по всем видам тарифа)'

29-01-2025T03:56:40 - [TEST_STEP][PASSED] - println("viruchka" + viruchka): null

29-01-2025T03:56:40 - [TEST_STEP][PASSED] - println("vidget" + vidget): null

29-01-2025T03:56:40 - [TEST_STEP][PASSED] - println("a" + a): null

29-01-2025T03:56:40 - [TEST_STEP][PASSED] - println("b" + b): null

29-01-2025T03:56:40 - [TEST_STEP][PASSED] - sheetName = "Sheet1": null

29-01-2025T03:56:40 - [TEST_STEP][PASSED] - data = findTestData("PlanFact"): null

29-01-2025T03:56:40 - [TEST_STEP][PASSED] - n = data.getRowNumbers() + 1: null

29-01-2025T03:56:40 - [TEST_STEP][PASSED] - period = getText(findTestObject("Выручка в рублях/Фильтр Период")): Text of object 'Object Repository/Выручка в рублях/Фильтр Период' is: '2024'

29-01-2025T03:56:40 - [MESSAGE][PASSED] - Text of object 'Object Repository/Выручка в рублях/Фильтр Период' is: '2024'

29-01-2025T03:56:40 - [TEST_STEP][PASSED] - println(period): null

29-01-2025T03:56:40 - [TEST_STEP][PASSED] - dashboardName = "Выручка в рублях": null

29-01-2025T03:56:40 - [TEST_STEP][PASSED] - workbook01 = getWorkbook(excelFilePath): null

29-01-2025T03:56:40 - [TEST_STEP][PASSED] - sheet01 = getExcelSheet(workbook01, sheetName): null

29-01-2025T03:56:40 - [TEST_STEP][PASSED] - setValueToCellByIndex(sheet01, n, 0, dashboardName): null

29-01-2025T03:56:40 - [TEST_STEP][PASSED] - setValueToCellByIndex(sheet01, n, 1, dZO): null

29-01-2025T03:56:40 - [TEST_STEP][PASSED] - setValueToCellByIndex(sheet01, n, 2, vidget): null

29-01-2025T03:56:40 - [TEST_STEP][PASSED] - setValueToCellByIndex(sheet01, n, 3, viruchka): null

29-01-2025T03:56:40 - [TEST_STEP][PASSED] - setValueToCellByIndex(sheet01, n, 4, typeOfData): null

29-01-2025T03:56:40 - [TEST_STEP][PASSED] - if (a == null): null

29-01-2025T03:56:40 - [TEST_STEP][PASSED] - else: null

29-01-2025T03:56:40 - [TEST_STEP][PASSED] - setValueToCellByIndex(sheet01, n, 5, a): null

29-01-2025T03:56:40 - [TEST_STEP][PASSED] - if (b == null): null

29-01-2025T03:56:40 - [TEST_STEP][PASSED] - else: null

29-01-2025T03:56:40 - [TEST_STEP][PASSED] - setValueToCellByIndex(sheet01, n, 6, b): null

29-01-2025T03:56:40 - [TEST_STEP][PASSED] - setValueToCellByIndex(sheet01, n, 7, period): null

29-01-2025T03:56:40 - [TEST_STEP][PASSED] - setValueToCellByIndex(sheet01, n, 8, todaysDate): null

29-01-2025T03:56:40 - [TEST_STEP][PASSED] - n = n + 1: null

29-01-2025T03:56:40 - [TEST_STEP][PASSED] - saveWorkbook(excelFilePath, workbook01): null

29-01-2025T03:56:41 - [TEST_STEP][PASSED] - dZO = "Россети Центр и Приволжье (ГК)": null

29-01-2025T03:56:41 - [TEST_STEP][FAILED] - if (verifyEqual(a315, b315) == false): null

29-01-2025T03:56:41 - [MESSAGE][FAILED] - Unable to verify equal between actual object '-83.94' and expected object '4.09' (Root cause: com.kms.katalon.core.exception.StepFailedException: Actual object '-83.94' and expected object '4.09' are not equal
	at com.kms.katalon.core.keyword.builtin.VerifyEqualKeyword$_verifyEqual_closure1.doCall(VerifyEqualKeyword.groovy:58)
	at com.kms.katalon.core.keyword.builtin.VerifyEqualKeyword$_verifyEqual_closure1.call(VerifyEqualKeyword.groovy)
	at com.kms.katalon.core.keyword.internal.KeywordMain.runKeyword(KeywordMain.groovy:75)
	at com.kms.katalon.core.keyword.builtin.VerifyEqualKeyword.verifyEqual(VerifyEqualKeyword.groovy:63)
	at com.kms.katalon.core.keyword.builtin.VerifyEqualKeyword.execute(VerifyEqualKeyword.groovy:44)
	at com.kms.katalon.core.keyword.internal.KeywordExecutor.executeKeywordForPlatform(KeywordExecutor.groovy:74)
	at com.kms.katalon.core.keyword.BuiltinKeywords.verifyEqual(BuiltinKeywords.groovy:146)
	at jdk.internal.reflect.GeneratedMethodAccessor25.invoke(Unknown Source)
	at java.base/jdk.internal.reflect.DelegatingMethodAccessorImpl.invoke(DelegatingMethodAccessorImpl.java:43)
	at Выручка в рублях сверка дашбордов ПАО Россети.Blocks(Выручка в рублях сверка дашбордов ПАО Россети:507)
	at Выручка в рублях сверка дашбордов ПАО Россети.ViruchkaChange(Выручка в рублях сверка дашбордов ПАО Россети:60)
	at Выручка в рублях сверка дашбордов ПАО Россети.run(Выручка в рублях сверка дашбордов ПАО Россети:55)
	at com.kms.katalon.core.main.ScriptEngine.run(ScriptEngine.java:194)
	at com.kms.katalon.core.main.ScriptEngine.runScriptAsRawText(ScriptEngine.java:119)
	at com.kms.katalon.core.main.TestCaseExecutor.runScript(TestCaseExecutor.java:448)
	at com.kms.katalon.core.main.TestCaseExecutor.doExecute(TestCaseExecutor.java:439)
	at com.kms.katalon.core.main.TestCaseExecutor.processExecutionPhase(TestCaseExecutor.java:418)
	at com.kms.katalon.core.main.TestCaseExecutor.accessMainPhase(TestCaseExecutor.java:410)
	at com.kms.katalon.core.main.TestCaseExecutor.execute(TestCaseExecutor.java:285)
	at com.kms.katalon.core.common.CommonExecutor.accessTestCaseMainPhase(CommonExecutor.java:65)
	at com.kms.katalon.core.main.TestSuiteExecutor.accessTestSuiteMainPhase(TestSuiteExecutor.java:150)
	at com.kms.katalon.core.main.TestSuiteExecutor.execute(TestSuiteExecutor.java:106)
	at com.kms.katalon.core.main.TestCaseMain.startTestSuite(TestCaseMain.java:180)
	at TempTestSuite1738107421100.run(TempTestSuite1738107421100.groovy:35)
	at java.base/jdk.internal.reflect.NativeMethodAccessorImpl.invoke0(Native Method)
	at java.base/jdk.internal.reflect.NativeMethodAccessorImpl.invoke(NativeMethodAccessorImpl.java:77)
	at java.base/jdk.internal.reflect.DelegatingMethodAccessorImpl.invoke(DelegatingMethodAccessorImpl.java:43)
)

29-01-2025T03:56:41 - [TEST_STEP][PASSED] - a = replaceAll("\s+", "").toDouble(): null

29-01-2025T03:56:41 - [TEST_STEP][PASSED] - b = replaceAll("\s+", "").toDouble(): null

29-01-2025T03:56:41 - [TEST_STEP][PASSED] - Script1710234207206.WriteToExcel(todaysDate, run, vir, block, typeOfData, viruchka, vidget, nameOfBlock, a, b, dZO): null

29-01-2025T03:56:41 - [TEST_STEP][PASSED] - println(run): null

29-01-2025T03:56:41 - [TEST_STEP][PASSED] - if (run == 1): null

29-01-2025T03:56:41 - [TEST_STEP][PASSED] - else if (run == 2): null

29-01-2025T03:56:41 - [TEST_STEP][PASSED] - typeOfData = "Проценты": null

29-01-2025T03:56:41 - [TEST_STEP][PASSED] - println("todaysDate:" + todaysDate): null

29-01-2025T03:56:41 - [TEST_STEP][PASSED] - println("typeOfData:" + typeOfData): null

29-01-2025T03:56:41 - [TEST_STEP][PASSED] - viruchka = getText(findTestObject("Выручка в рублях/Фильтр Выручка" + nameOfBlock)): Text of object 'Object Repository/Выручка в рублях/Фильтр Выручка Выручка' is: 'ПЕРЕДАЧА ЭЛЕКТРОЭНЕРГИИ (ИТОГО, по всем видам тарифа)'

29-01-2025T03:56:41 - [MESSAGE][PASSED] - Text of object 'Object Repository/Выручка в рублях/Фильтр Выручка Выручка' is: 'ПЕРЕДАЧА ЭЛЕКТРОЭНЕРГИИ (ИТОГО, по всем видам тарифа)'

29-01-2025T03:56:41 - [TEST_STEP][PASSED] - println("viruchka" + viruchka): null

29-01-2025T03:56:41 - [TEST_STEP][PASSED] - println("vidget" + vidget): null

29-01-2025T03:56:41 - [TEST_STEP][PASSED] - println("a" + a): null

29-01-2025T03:56:41 - [TEST_STEP][PASSED] - println("b" + b): null

29-01-2025T03:56:41 - [TEST_STEP][PASSED] - sheetName = "Sheet1": null

29-01-2025T03:56:41 - [TEST_STEP][PASSED] - data = findTestData("PlanFact"): null

29-01-2025T03:56:41 - [TEST_STEP][PASSED] - n = data.getRowNumbers() + 1: null

29-01-2025T03:56:41 - [TEST_STEP][PASSED] - period = getText(findTestObject("Выручка в рублях/Фильтр Период")): Text of object 'Object Repository/Выручка в рублях/Фильтр Период' is: '2024'

29-01-2025T03:56:41 - [MESSAGE][PASSED] - Text of object 'Object Repository/Выручка в рублях/Фильтр Период' is: '2024'

29-01-2025T03:56:41 - [TEST_STEP][PASSED] - println(period): null

29-01-2025T03:56:41 - [TEST_STEP][PASSED] - dashboardName = "Выручка в рублях": null

29-01-2025T03:56:41 - [TEST_STEP][PASSED] - workbook01 = getWorkbook(excelFilePath): null

29-01-2025T03:56:41 - [TEST_STEP][PASSED] - sheet01 = getExcelSheet(workbook01, sheetName): null

29-01-2025T03:56:41 - [TEST_STEP][PASSED] - setValueToCellByIndex(sheet01, n, 0, dashboardName): null

29-01-2025T03:56:41 - [TEST_STEP][PASSED] - setValueToCellByIndex(sheet01, n, 1, dZO): null

29-01-2025T03:56:41 - [TEST_STEP][PASSED] - setValueToCellByIndex(sheet01, n, 2, vidget): null

29-01-2025T03:56:41 - [TEST_STEP][PASSED] - setValueToCellByIndex(sheet01, n, 3, viruchka): null

29-01-2025T03:56:41 - [TEST_STEP][PASSED] - setValueToCellByIndex(sheet01, n, 4, typeOfData): null

29-01-2025T03:56:41 - [TEST_STEP][PASSED] - if (a == null): null

29-01-2025T03:56:41 - [TEST_STEP][PASSED] - else: null

29-01-2025T03:56:41 - [TEST_STEP][PASSED] - setValueToCellByIndex(sheet01, n, 5, a): null

29-01-2025T03:56:41 - [TEST_STEP][PASSED] - if (b == null): null

29-01-2025T03:56:41 - [TEST_STEP][PASSED] - else: null

29-01-2025T03:56:41 - [TEST_STEP][PASSED] - setValueToCellByIndex(sheet01, n, 6, b): null

29-01-2025T03:56:41 - [TEST_STEP][PASSED] - setValueToCellByIndex(sheet01, n, 7, period): null

29-01-2025T03:56:41 - [TEST_STEP][PASSED] - setValueToCellByIndex(sheet01, n, 8, todaysDate): null

29-01-2025T03:56:41 - [TEST_STEP][PASSED] - n = n + 1: null

29-01-2025T03:56:41 - [TEST_STEP][PASSED] - saveWorkbook(excelFilePath, workbook01): null

29-01-2025T03:56:42 - [TEST_STEP][PASSED] - dZO = "Россети Юг (ГК)": null

29-01-2025T03:56:42 - [TEST_STEP][FAILED] - if (verifyEqual(a316, b316) == false): null

29-01-2025T03:56:42 - [MESSAGE][FAILED] - Unable to verify equal between actual object '-84.71' and expected object '2.24' (Root cause: com.kms.katalon.core.exception.StepFailedException: Actual object '-84.71' and expected object '2.24' are not equal
	at com.kms.katalon.core.keyword.builtin.VerifyEqualKeyword$_verifyEqual_closure1.doCall(VerifyEqualKeyword.groovy:58)
	at com.kms.katalon.core.keyword.builtin.VerifyEqualKeyword$_verifyEqual_closure1.call(VerifyEqualKeyword.groovy)
	at com.kms.katalon.core.keyword.internal.KeywordMain.runKeyword(KeywordMain.groovy:75)
	at com.kms.katalon.core.keyword.builtin.VerifyEqualKeyword.verifyEqual(VerifyEqualKeyword.groovy:63)
	at com.kms.katalon.core.keyword.builtin.VerifyEqualKeyword.execute(VerifyEqualKeyword.groovy:44)
	at com.kms.katalon.core.keyword.internal.KeywordExecutor.executeKeywordForPlatform(KeywordExecutor.groovy:74)
	at com.kms.katalon.core.keyword.BuiltinKeywords.verifyEqual(BuiltinKeywords.groovy:146)
	at jdk.internal.reflect.GeneratedMethodAccessor25.invoke(Unknown Source)
	at java.base/jdk.internal.reflect.DelegatingMethodAccessorImpl.invoke(DelegatingMethodAccessorImpl.java:43)
	at Выручка в рублях сверка дашбордов ПАО Россети.Blocks(Выручка в рублях сверка дашбордов ПАО Россети:517)
	at Выручка в рублях сверка дашбордов ПАО Россети.ViruchkaChange(Выручка в рублях сверка дашбордов ПАО Россети:60)
	at Выручка в рублях сверка дашбордов ПАО Россети.run(Выручка в рублях сверка дашбордов ПАО Россети:55)
	at com.kms.katalon.core.main.ScriptEngine.run(ScriptEngine.java:194)
	at com.kms.katalon.core.main.ScriptEngine.runScriptAsRawText(ScriptEngine.java:119)
	at com.kms.katalon.core.main.TestCaseExecutor.runScript(TestCaseExecutor.java:448)
	at com.kms.katalon.core.main.TestCaseExecutor.doExecute(TestCaseExecutor.java:439)
	at com.kms.katalon.core.main.TestCaseExecutor.processExecutionPhase(TestCaseExecutor.java:418)
	at com.kms.katalon.core.main.TestCaseExecutor.accessMainPhase(TestCaseExecutor.java:410)
	at com.kms.katalon.core.main.TestCaseExecutor.execute(TestCaseExecutor.java:285)
	at com.kms.katalon.core.common.CommonExecutor.accessTestCaseMainPhase(CommonExecutor.java:65)
	at com.kms.katalon.core.main.TestSuiteExecutor.accessTestSuiteMainPhase(TestSuiteExecutor.java:150)
	at com.kms.katalon.core.main.TestSuiteExecutor.execute(TestSuiteExecutor.java:106)
	at com.kms.katalon.core.main.TestCaseMain.startTestSuite(TestCaseMain.java:180)
	at TempTestSuite1738107421100.run(TempTestSuite1738107421100.groovy:35)
	at java.base/jdk.internal.reflect.NativeMethodAccessorImpl.invoke0(Native Method)
	at java.base/jdk.internal.reflect.NativeMethodAccessorImpl.invoke(NativeMethodAccessorImpl.java:77)
	at java.base/jdk.internal.reflect.DelegatingMethodAccessorImpl.invoke(DelegatingMethodAccessorImpl.java:43)
)

29-01-2025T03:56:42 - [TEST_STEP][PASSED] - a = replaceAll("\s+", "").toDouble(): null

29-01-2025T03:56:42 - [TEST_STEP][PASSED] - b = replaceAll("\s+", "").toDouble(): null

29-01-2025T03:56:42 - [TEST_STEP][PASSED] - Script1710234207206.WriteToExcel(todaysDate, run, vir, block, typeOfData, viruchka, vidget, nameOfBlock, a, b, dZO): null

29-01-2025T03:56:42 - [TEST_STEP][PASSED] - println(run): null

29-01-2025T03:56:42 - [TEST_STEP][PASSED] - if (run == 1): null

29-01-2025T03:56:42 - [TEST_STEP][PASSED] - else if (run == 2): null

29-01-2025T03:56:42 - [TEST_STEP][PASSED] - typeOfData = "Проценты": null

29-01-2025T03:56:42 - [TEST_STEP][PASSED] - println("todaysDate:" + todaysDate): null

29-01-2025T03:56:42 - [TEST_STEP][PASSED] - println("typeOfData:" + typeOfData): null

29-01-2025T03:56:42 - [TEST_STEP][PASSED] - viruchka = getText(findTestObject("Выручка в рублях/Фильтр Выручка" + nameOfBlock)): Text of object 'Object Repository/Выручка в рублях/Фильтр Выручка Выручка' is: 'ПЕРЕДАЧА ЭЛЕКТРОЭНЕРГИИ (ИТОГО, по всем видам тарифа)'

29-01-2025T03:56:42 - [MESSAGE][PASSED] - Text of object 'Object Repository/Выручка в рублях/Фильтр Выручка Выручка' is: 'ПЕРЕДАЧА ЭЛЕКТРОЭНЕРГИИ (ИТОГО, по всем видам тарифа)'

29-01-2025T03:56:42 - [TEST_STEP][PASSED] - println("viruchka" + viruchka): null

29-01-2025T03:56:42 - [TEST_STEP][PASSED] - println("vidget" + vidget): null

29-01-2025T03:56:42 - [TEST_STEP][PASSED] - println("a" + a): null

29-01-2025T03:56:42 - [TEST_STEP][PASSED] - println("b" + b): null

29-01-2025T03:56:42 - [TEST_STEP][PASSED] - sheetName = "Sheet1": null

29-01-2025T03:56:42 - [TEST_STEP][PASSED] - data = findTestData("PlanFact"): null

29-01-2025T03:56:42 - [TEST_STEP][PASSED] - n = data.getRowNumbers() + 1: null

29-01-2025T03:56:42 - [TEST_STEP][PASSED] - period = getText(findTestObject("Выручка в рублях/Фильтр Период")): Text of object 'Object Repository/Выручка в рублях/Фильтр Период' is: '2024'

29-01-2025T03:56:42 - [MESSAGE][PASSED] - Text of object 'Object Repository/Выручка в рублях/Фильтр Период' is: '2024'

29-01-2025T03:56:42 - [TEST_STEP][PASSED] - println(period): null

29-01-2025T03:56:42 - [TEST_STEP][PASSED] - dashboardName = "Выручка в рублях": null

29-01-2025T03:56:42 - [TEST_STEP][PASSED] - workbook01 = getWorkbook(excelFilePath): null

29-01-2025T03:56:42 - [TEST_STEP][PASSED] - sheet01 = getExcelSheet(workbook01, sheetName): null

29-01-2025T03:56:42 - [TEST_STEP][PASSED] - setValueToCellByIndex(sheet01, n, 0, dashboardName): null

29-01-2025T03:56:42 - [TEST_STEP][PASSED] - setValueToCellByIndex(sheet01, n, 1, dZO): null

29-01-2025T03:56:42 - [TEST_STEP][PASSED] - setValueToCellByIndex(sheet01, n, 2, vidget): null

29-01-2025T03:56:42 - [TEST_STEP][PASSED] - setValueToCellByIndex(sheet01, n, 3, viruchka): null

29-01-2025T03:56:42 - [TEST_STEP][PASSED] - setValueToCellByIndex(sheet01, n, 4, typeOfData): null

29-01-2025T03:56:42 - [TEST_STEP][PASSED] - if (a == null): null

29-01-2025T03:56:42 - [TEST_STEP][PASSED] - else: null

29-01-2025T03:56:42 - [TEST_STEP][PASSED] - setValueToCellByIndex(sheet01, n, 5, a): null

29-01-2025T03:56:42 - [TEST_STEP][PASSED] - if (b == null): null

29-01-2025T03:56:42 - [TEST_STEP][PASSED] - else: null

29-01-2025T03:56:42 - [TEST_STEP][PASSED] - setValueToCellByIndex(sheet01, n, 6, b): null

29-01-2025T03:56:42 - [TEST_STEP][PASSED] - setValueToCellByIndex(sheet01, n, 7, period): null

29-01-2025T03:56:42 - [TEST_STEP][PASSED] - setValueToCellByIndex(sheet01, n, 8, todaysDate): null

29-01-2025T03:56:42 - [TEST_STEP][PASSED] - n = n + 1: null

29-01-2025T03:56:42 - [TEST_STEP][PASSED] - saveWorkbook(excelFilePath, workbook01): null

29-01-2025T03:56:43 - [TEST_STEP][PASSED] - dZO = "Россети Янтарь": null

29-01-2025T03:56:43 - [TEST_STEP][FAILED] - if (verifyEqual(a317, b317) == false): null

29-01-2025T03:56:43 - [MESSAGE][FAILED] - Unable to verify equal between actual object '-89.55' and expected object '3.99' (Root cause: com.kms.katalon.core.exception.StepFailedException: Actual object '-89.55' and expected object '3.99' are not equal
	at com.kms.katalon.core.keyword.builtin.VerifyEqualKeyword$_verifyEqual_closure1.doCall(VerifyEqualKeyword.groovy:58)
	at com.kms.katalon.core.keyword.builtin.VerifyEqualKeyword$_verifyEqual_closure1.call(VerifyEqualKeyword.groovy)
	at com.kms.katalon.core.keyword.internal.KeywordMain.runKeyword(KeywordMain.groovy:75)
	at com.kms.katalon.core.keyword.builtin.VerifyEqualKeyword.verifyEqual(VerifyEqualKeyword.groovy:63)
	at com.kms.katalon.core.keyword.builtin.VerifyEqualKeyword.execute(VerifyEqualKeyword.groovy:44)
	at com.kms.katalon.core.keyword.internal.KeywordExecutor.executeKeywordForPlatform(KeywordExecutor.groovy:74)
	at com.kms.katalon.core.keyword.BuiltinKeywords.verifyEqual(BuiltinKeywords.groovy:146)
	at jdk.internal.reflect.GeneratedMethodAccessor25.invoke(Unknown Source)
	at java.base/jdk.internal.reflect.DelegatingMethodAccessorImpl.invoke(DelegatingMethodAccessorImpl.java:43)
	at Выручка в рублях сверка дашбордов ПАО Россети.Blocks(Выручка в рублях сверка дашбордов ПАО Россети:527)
	at Выручка в рублях сверка дашбордов ПАО Россети.ViruchkaChange(Выручка в рублях сверка дашбордов ПАО Россети:60)
	at Выручка в рублях сверка дашбордов ПАО Россети.run(Выручка в рублях сверка дашбордов ПАО Россети:55)
	at com.kms.katalon.core.main.ScriptEngine.run(ScriptEngine.java:194)
	at com.kms.katalon.core.main.ScriptEngine.runScriptAsRawText(ScriptEngine.java:119)
	at com.kms.katalon.core.main.TestCaseExecutor.runScript(TestCaseExecutor.java:448)
	at com.kms.katalon.core.main.TestCaseExecutor.doExecute(TestCaseExecutor.java:439)
	at com.kms.katalon.core.main.TestCaseExecutor.processExecutionPhase(TestCaseExecutor.java:418)
	at com.kms.katalon.core.main.TestCaseExecutor.accessMainPhase(TestCaseExecutor.java:410)
	at com.kms.katalon.core.main.TestCaseExecutor.execute(TestCaseExecutor.java:285)
	at com.kms.katalon.core.common.CommonExecutor.accessTestCaseMainPhase(CommonExecutor.java:65)
	at com.kms.katalon.core.main.TestSuiteExecutor.accessTestSuiteMainPhase(TestSuiteExecutor.java:150)
	at com.kms.katalon.core.main.TestSuiteExecutor.execute(TestSuiteExecutor.java:106)
	at com.kms.katalon.core.main.TestCaseMain.startTestSuite(TestCaseMain.java:180)
	at TempTestSuite1738107421100.run(TempTestSuite1738107421100.groovy:35)
	at java.base/jdk.internal.reflect.NativeMethodAccessorImpl.invoke0(Native Method)
	at java.base/jdk.internal.reflect.NativeMethodAccessorImpl.invoke(NativeMethodAccessorImpl.java:77)
	at java.base/jdk.internal.reflect.DelegatingMethodAccessorImpl.invoke(DelegatingMethodAccessorImpl.java:43)
)

29-01-2025T03:56:43 - [TEST_STEP][PASSED] - a = replaceAll("\s+", "").toDouble(): null

29-01-2025T03:56:43 - [TEST_STEP][PASSED] - b = replaceAll("\s+", "").toDouble(): null

29-01-2025T03:56:43 - [TEST_STEP][PASSED] - Script1710234207206.WriteToExcel(todaysDate, run, vir, block, typeOfData, viruchka, vidget, nameOfBlock, a, b, dZO): null

29-01-2025T03:56:43 - [TEST_STEP][PASSED] - println(run): null

29-01-2025T03:56:43 - [TEST_STEP][PASSED] - if (run == 1): null

29-01-2025T03:56:43 - [TEST_STEP][PASSED] - else if (run == 2): null

29-01-2025T03:56:43 - [TEST_STEP][PASSED] - typeOfData = "Проценты": null

29-01-2025T03:56:43 - [TEST_STEP][PASSED] - println("todaysDate:" + todaysDate): null

29-01-2025T03:56:43 - [TEST_STEP][PASSED] - println("typeOfData:" + typeOfData): null

29-01-2025T03:56:43 - [TEST_STEP][PASSED] - viruchka = getText(findTestObject("Выручка в рублях/Фильтр Выручка" + nameOfBlock)): Text of object 'Object Repository/Выручка в рублях/Фильтр Выручка Выручка' is: 'ПЕРЕДАЧА ЭЛЕКТРОЭНЕРГИИ (ИТОГО, по всем видам тарифа)'

29-01-2025T03:56:43 - [MESSAGE][PASSED] - Text of object 'Object Repository/Выручка в рублях/Фильтр Выручка Выручка' is: 'ПЕРЕДАЧА ЭЛЕКТРОЭНЕРГИИ (ИТОГО, по всем видам тарифа)'

29-01-2025T03:56:43 - [TEST_STEP][PASSED] - println("viruchka" + viruchka): null

29-01-2025T03:56:43 - [TEST_STEP][PASSED] - println("vidget" + vidget): null

29-01-2025T03:56:43 - [TEST_STEP][PASSED] - println("a" + a): null

29-01-2025T03:56:43 - [TEST_STEP][PASSED] - println("b" + b): null

29-01-2025T03:56:43 - [TEST_STEP][PASSED] - sheetName = "Sheet1": null

29-01-2025T03:56:43 - [TEST_STEP][PASSED] - data = findTestData("PlanFact"): null

29-01-2025T03:56:43 - [TEST_STEP][PASSED] - n = data.getRowNumbers() + 1: null

29-01-2025T03:56:43 - [TEST_STEP][PASSED] - period = getText(findTestObject("Выручка в рублях/Фильтр Период")): Text of object 'Object Repository/Выручка в рублях/Фильтр Период' is: '2024'

29-01-2025T03:56:43 - [MESSAGE][PASSED] - Text of object 'Object Repository/Выручка в рублях/Фильтр Период' is: '2024'

29-01-2025T03:56:43 - [TEST_STEP][PASSED] - println(period): null

29-01-2025T03:56:43 - [TEST_STEP][PASSED] - dashboardName = "Выручка в рублях": null

29-01-2025T03:56:43 - [TEST_STEP][PASSED] - workbook01 = getWorkbook(excelFilePath): null

29-01-2025T03:56:43 - [TEST_STEP][PASSED] - sheet01 = getExcelSheet(workbook01, sheetName): null

29-01-2025T03:56:43 - [TEST_STEP][PASSED] - setValueToCellByIndex(sheet01, n, 0, dashboardName): null

29-01-2025T03:56:43 - [TEST_STEP][PASSED] - setValueToCellByIndex(sheet01, n, 1, dZO): null

29-01-2025T03:56:43 - [TEST_STEP][PASSED] - setValueToCellByIndex(sheet01, n, 2, vidget): null

29-01-2025T03:56:43 - [TEST_STEP][PASSED] - setValueToCellByIndex(sheet01, n, 3, viruchka): null

29-01-2025T03:56:43 - [TEST_STEP][PASSED] - setValueToCellByIndex(sheet01, n, 4, typeOfData): null

29-01-2025T03:56:43 - [TEST_STEP][PASSED] - if (a == null): null

29-01-2025T03:56:43 - [TEST_STEP][PASSED] - else: null

29-01-2025T03:56:43 - [TEST_STEP][PASSED] - setValueToCellByIndex(sheet01, n, 5, a): null

29-01-2025T03:56:43 - [TEST_STEP][PASSED] - if (b == null): null

29-01-2025T03:56:43 - [TEST_STEP][PASSED] - else: null

29-01-2025T03:56:43 - [TEST_STEP][PASSED] - setValueToCellByIndex(sheet01, n, 6, b): null

29-01-2025T03:56:43 - [TEST_STEP][PASSED] - setValueToCellByIndex(sheet01, n, 7, period): null

29-01-2025T03:56:43 - [TEST_STEP][PASSED] - setValueToCellByIndex(sheet01, n, 8, todaysDate): null

29-01-2025T03:56:43 - [TEST_STEP][PASSED] - n = n + 1: null

29-01-2025T03:56:43 - [TEST_STEP][PASSED] - saveWorkbook(excelFilePath, workbook01): null

29-01-2025T03:56:44 - [TEST_STEP][PASSED] - closeBrowser(): null

29-01-2025T03:56:44 - [MESSAGE][PASSED] - Browser is closed

29-01-2025T03:56:44 - [TEST_STEP][PASSED] - Script1710234207206.Blocks(run, vir, block, nameOfBlock, typeOfData, viruchka, vidget, todaysDate, a, b, dZO, x, y): null

29-01-2025T03:56:44 - [TEST_STEP][PASSED] - i = <not implemented yet for class: org.codehaus.groovy.ast.expr.EmptyExpression>: null

29-01-2025T03:56:44 - [TEST_STEP][PASSED] - perc = "": null

29-01-2025T03:56:44 - [TEST_STEP][PASSED] - a1 = <not implemented yet for class: org.codehaus.groovy.ast.expr.EmptyExpression>: null

29-01-2025T03:56:44 - [TEST_STEP][PASSED] - a2 = <not implemented yet for class: org.codehaus.groovy.ast.expr.EmptyExpression>: null

29-01-2025T03:56:44 - [TEST_STEP][PASSED] - a30 = <not implemented yet for class: org.codehaus.groovy.ast.expr.EmptyExpression>: null

29-01-2025T03:56:44 - [TEST_STEP][PASSED] - a31 = <not implemented yet for class: org.codehaus.groovy.ast.expr.EmptyExpression>: null

29-01-2025T03:56:44 - [TEST_STEP][PASSED] - a32 = <not implemented yet for class: org.codehaus.groovy.ast.expr.EmptyExpression>: null

29-01-2025T03:56:44 - [TEST_STEP][PASSED] - a33 = <not implemented yet for class: org.codehaus.groovy.ast.expr.EmptyExpression>: null

29-01-2025T03:56:44 - [TEST_STEP][PASSED] - a34 = <not implemented yet for class: org.codehaus.groovy.ast.expr.EmptyExpression>: null

29-01-2025T03:56:44 - [TEST_STEP][PASSED] - a35 = <not implemented yet for class: org.codehaus.groovy.ast.expr.EmptyExpression>: null

29-01-2025T03:56:44 - [TEST_STEP][PASSED] - a36 = <not implemented yet for class: org.codehaus.groovy.ast.expr.EmptyExpression>: null

29-01-2025T03:56:44 - [TEST_STEP][PASSED] - a37 = <not implemented yet for class: org.codehaus.groovy.ast.expr.EmptyExpression>: null

29-01-2025T03:56:44 - [TEST_STEP][PASSED] - a38 = <not implemented yet for class: org.codehaus.groovy.ast.expr.EmptyExpression>: null

29-01-2025T03:56:44 - [TEST_STEP][PASSED] - a39 = <not implemented yet for class: org.codehaus.groovy.ast.expr.EmptyExpression>: null

29-01-2025T03:56:44 - [TEST_STEP][PASSED] - a310 = <not implemented yet for class: org.codehaus.groovy.ast.expr.EmptyExpression>: null

29-01-2025T03:56:44 - [TEST_STEP][PASSED] - a311 = <not implemented yet for class: org.codehaus.groovy.ast.expr.EmptyExpression>: null

29-01-2025T03:56:44 - [TEST_STEP][PASSED] - a312 = <not implemented yet for class: org.codehaus.groovy.ast.expr.EmptyExpression>: null

29-01-2025T03:56:44 - [TEST_STEP][PASSED] - a313 = <not implemented yet for class: org.codehaus.groovy.ast.expr.EmptyExpression>: null

29-01-2025T03:56:44 - [TEST_STEP][PASSED] - a314 = <not implemented yet for class: org.codehaus.groovy.ast.expr.EmptyExpression>: null

29-01-2025T03:56:44 - [TEST_STEP][PASSED] - a315 = <not implemented yet for class: org.codehaus.groovy.ast.expr.EmptyExpression>: null

29-01-2025T03:56:44 - [TEST_STEP][PASSED] - a316 = <not implemented yet for class: org.codehaus.groovy.ast.expr.EmptyExpression>: null

29-01-2025T03:56:44 - [TEST_STEP][PASSED] - a317 = <not implemented yet for class: org.codehaus.groovy.ast.expr.EmptyExpression>: null

29-01-2025T03:56:44 - [TEST_STEP][PASSED] - b1 = <not implemented yet for class: org.codehaus.groovy.ast.expr.EmptyExpression>: null

29-01-2025T03:56:44 - [TEST_STEP][PASSED] - b2 = <not implemented yet for class: org.codehaus.groovy.ast.expr.EmptyExpression>: null

29-01-2025T03:56:44 - [TEST_STEP][PASSED] - b30 = <not implemented yet for class: org.codehaus.groovy.ast.expr.EmptyExpression>: null

29-01-2025T03:56:44 - [TEST_STEP][PASSED] - b31 = <not implemented yet for class: org.codehaus.groovy.ast.expr.EmptyExpression>: null

29-01-2025T03:56:44 - [TEST_STEP][PASSED] - b32 = <not implemented yet for class: org.codehaus.groovy.ast.expr.EmptyExpression>: null

29-01-2025T03:56:44 - [TEST_STEP][PASSED] - b33 = <not implemented yet for class: org.codehaus.groovy.ast.expr.EmptyExpression>: null

29-01-2025T03:56:44 - [TEST_STEP][PASSED] - b34 = <not implemented yet for class: org.codehaus.groovy.ast.expr.EmptyExpression>: null

29-01-2025T03:56:44 - [TEST_STEP][PASSED] - b35 = <not implemented yet for class: org.codehaus.groovy.ast.expr.EmptyExpression>: null

29-01-2025T03:56:44 - [TEST_STEP][PASSED] - b36 = <not implemented yet for class: org.codehaus.groovy.ast.expr.EmptyExpression>: null

29-01-2025T03:56:44 - [TEST_STEP][PASSED] - b37 = <not implemented yet for class: org.codehaus.groovy.ast.expr.EmptyExpression>: null

29-01-2025T03:56:44 - [TEST_STEP][PASSED] - b38 = <not implemented yet for class: org.codehaus.groovy.ast.expr.EmptyExpression>: null

29-01-2025T03:56:44 - [TEST_STEP][PASSED] - b39 = <not implemented yet for class: org.codehaus.groovy.ast.expr.EmptyExpression>: null

29-01-2025T03:56:44 - [TEST_STEP][PASSED] - b310 = <not implemented yet for class: org.codehaus.groovy.ast.expr.EmptyExpression>: null

29-01-2025T03:56:44 - [TEST_STEP][PASSED] - b311 = <not implemented yet for class: org.codehaus.groovy.ast.expr.EmptyExpression>: null

29-01-2025T03:56:44 - [TEST_STEP][PASSED] - b312 = <not implemented yet for class: org.codehaus.groovy.ast.expr.EmptyExpression>: null

29-01-2025T03:56:44 - [TEST_STEP][PASSED] - b313 = <not implemented yet for class: org.codehaus.groovy.ast.expr.EmptyExpression>: null

29-01-2025T03:56:44 - [TEST_STEP][PASSED] - b314 = <not implemented yet for class: org.codehaus.groovy.ast.expr.EmptyExpression>: null

29-01-2025T03:56:44 - [TEST_STEP][PASSED] - b315 = <not implemented yet for class: org.codehaus.groovy.ast.expr.EmptyExpression>: null

29-01-2025T03:56:44 - [TEST_STEP][PASSED] - b316 = <not implemented yet for class: org.codehaus.groovy.ast.expr.EmptyExpression>: null

29-01-2025T03:56:44 - [TEST_STEP][PASSED] - b317 = <not implemented yet for class: org.codehaus.groovy.ast.expr.EmptyExpression>: null

29-01-2025T03:56:44 - [TEST_STEP][PASSED] - block = 1: null

29-01-2025T03:56:44 - [TEST_STEP][PASSED] - nameOfBlock = "": null

29-01-2025T03:56:44 - [TEST_STEP][PASSED] - Script1710234207206.PreSettings(run, vir, block, nameOfBlock, typeOfData, todaysDate): null

29-01-2025T03:56:44 - [TEST_STEP][PASSED] - openBrowser(""): Browser is opened with url: ''

29-01-2025T03:56:44 - [MESSAGE][INFO] - Starting 'Chrome' driver

29-01-2025T03:56:44 - [MESSAGE][INFO] - Action delay is set to 0 milliseconds

29-01-2025T03:56:45 - [MESSAGE][PASSED] - Browser is opened with url: ''

29-01-2025T03:56:45 - [TEST_STEP][PASSED] - refresh(): Refresh successfully

29-01-2025T03:56:45 - [MESSAGE][PASSED] - Refresh successfully

29-01-2025T03:56:45 - [TEST_STEP][PASSED] - delay(50): Delayed 50 second(s)

29-01-2025T03:57:35 - [MESSAGE][PASSED] - Delayed 50 second(s)

29-01-2025T03:57:35 - [TEST_STEP][PASSED] - println("run:" + run): null

29-01-2025T03:57:35 - [TEST_STEP][PASSED] - println("vir:" + vir): null

29-01-2025T03:57:35 - [TEST_STEP][PASSED] - println("block:" + block): null

29-01-2025T03:57:35 - [TEST_STEP][PASSED] - if (block == 1): null

29-01-2025T03:57:35 - [TEST_STEP][PASSED] - nameOfBlock = "": null

29-01-2025T03:57:35 - [TEST_STEP][PASSED] - println("nameOfBlock:" + nameOfBlock): null

29-01-2025T03:57:35 - [TEST_STEP][PASSED] - println("typeOfData:" + typeOfData): null

29-01-2025T03:57:35 - [TEST_STEP][PASSED] - println("todaysDate:" + todaysDate): null

29-01-2025T03:57:35 - [TEST_STEP][PASSED] - Script1710234207206.Autorization(block, nameOfBlock): null

29-01-2025T03:57:35 - [TEST_STEP][PASSED] - i = <not implemented yet for class: org.codehaus.groovy.ast.expr.EmptyExpression>: null

29-01-2025T03:57:35 - [TEST_STEP][PASSED] - ii = <not implemented yet for class: org.codehaus.groovy.ast.expr.EmptyExpression>: null

29-01-2025T03:57:35 - [TEST_STEP][PASSED] - urlData = <not implemented yet for class: org.codehaus.groovy.ast.expr.EmptyExpression>: null

29-01-2025T03:57:35 - [TEST_STEP][PASSED] - searchWord = <not implemented yet for class: org.codehaus.groovy.ast.expr.EmptyExpression>: null

29-01-2025T03:57:35 - [TEST_STEP][PASSED] - urlText = <not implemented yet for class: org.codehaus.groovy.ast.expr.EmptyExpression>: null

29-01-2025T03:57:35 - [TEST_STEP][PASSED] - println("block:" + block): null

29-01-2025T03:57:35 - [TEST_STEP][PASSED] - if (block == 1): null

29-01-2025T03:57:35 - [TEST_STEP][PASSED] - nameOfBlock = "": null

29-01-2025T03:57:35 - [TEST_STEP][PASSED] - println("nameOfBlock:" + nameOfBlock): null

29-01-2025T03:57:35 - [TEST_STEP][PASSED] - if (block == 1): Delayed 45 second(s)

29-01-2025T03:57:35 - [TEST_STEP][PASSED] - urlData = 2: null

29-01-2025T03:57:35 - [TEST_STEP][PASSED] - delay(45): Delayed 45 second(s)

29-01-2025T03:58:20 - [MESSAGE][PASSED] - Delayed 45 second(s)

29-01-2025T03:58:20 - [TEST_STEP][PASSED] - navigateToUrl(findTestData("PlanFact").getValue(10, urlData)): Navigate to 'https://bi.rosseti.digital/viewer?dashboardGuid=2301950b23be4ed89c1df75f2020051e&sheetGuid=b723206f698544fb87299f3095c00435&fit=true' successfully

29-01-2025T03:58:33 - [MESSAGE][PASSED] - Navigate to 'https://bi.rosseti.digital/viewer?dashboardGuid=2301950b23be4ed89c1df75f2020051e&sheetGuid=b723206f698544fb87299f3095c00435&fit=true' successfully

29-01-2025T03:58:33 - [TEST_STEP][PASSED] - urlText = getText(findTestObject("Страница авторизации/Text")): Text of object 'Object Repository/Страница авторизации/Text' is: 'Вход'

29-01-2025T03:58:33 - [MESSAGE][PASSED] - Text of object 'Object Repository/Страница авторизации/Text' is: 'Вход'

29-01-2025T03:58:33 - [TEST_STEP][PASSED] - searchWord = "Вход": null

29-01-2025T03:58:33 - [TEST_STEP][PASSED] - if (urlText == null || urlText.contains("ошибка") || urlText.contains(searchWord) == false): null

29-01-2025T03:58:33 - [TEST_STEP][PASSED] - if (verifyElementPresent(findTestObject("Страница авторизации/button_"), 30) == true): null

29-01-2025T03:58:34 - [MESSAGE][PASSED] - Object 'Object Repository/Страница авторизации/button_' is present

29-01-2025T03:58:34 - [TEST_STEP][PASSED] - setText(findTestObject("Страница авторизации/input__username"), findTestData("PlanFact").getValue(8, 1)): Text 'liazgina-di' is set on object 'Object Repository/Страница авторизации/input__username'

29-01-2025T03:58:34 - [MESSAGE][PASSED] - Text 'liazgina-di' is set on object 'Object Repository/Страница авторизации/input__username'

29-01-2025T03:58:34 - [TEST_STEP][PASSED] - setText(findTestObject("Страница авторизации/input__password"), findTestData("PlanFact").getValue(9, 1)): Text ')$%5srZ8o688Dm#q' is set on object 'Object Repository/Страница авторизации/input__password'

29-01-2025T03:58:35 - [MESSAGE][PASSED] - Text ')$%5srZ8o688Dm#q' is set on object 'Object Repository/Страница авторизации/input__password'

29-01-2025T03:58:35 - [TEST_STEP][PASSED] - click(findTestObject("Страница авторизации/button_")): Object: 'Object Repository/Страница авторизации/button_' is clicked on

29-01-2025T03:58:36 - [MESSAGE][PASSED] - Object: 'Object Repository/Страница авторизации/button_' is clicked on

29-01-2025T03:58:36 - [TEST_STEP][PASSED] - delay(45): Delayed 45 second(s)

29-01-2025T03:59:21 - [MESSAGE][PASSED] - Delayed 45 second(s)

29-01-2025T03:59:21 - [TEST_STEP][PASSED] - urlText = getText(findTestObject("Страница авторизации/Text")): Text of object 'Object Repository/Страница авторизации/Text' is: 'Период
2024 год
Выручка
Все
Выполнение плановых показателей по ПАО Россети за 2024 год
План
Факт
Динамика
2024 год
0 млн.руб.
200 000 млн.руб.
400 000 млн.руб.
600 000 млн.руб.
800 000 млн.руб.
1 000 000 млн.руб.
1 200 000 млн.руб.
1 400 000 млн.руб.
1 600 000 млн.руб.
1 800 000 млн.руб.
1 449 221
1 456 358
↑
ДЗО 
ПАО Россети
Внутренний оборот - выручка за услуги по передаче электрической энергии, учтенная в выручке за электроэнергию для конечных потребителей, при выполнении ДЗО функций гарантирующего поставщика
Подписи данных
⬤Отклонение
АО «Тываэнерго»
АО «Чеченэнерго»
Россети Волга
Россети Кубань
Россети Ленэнерго (ГК)
Россети Московский регион
Россети Северный Кавказ (ГК)
Россети Северо-Запад
Россети Сибирь (ГК)
Россети Томск
Россети Тюмень
Россети Урал (ГК)
Россети ФСК ЕЭС
Россети Центр
Россети Центр и Приволжье (ГК)
Россети Юг (ГК)
Россети Янтарь
-25 000млн.руб.
-20 000млн.руб.
-15 000млн.руб.
-10 000млн.руб.
-5 000млн.руб.
0млн.руб.
5 000млн.руб.
10 000млн.руб.
15 …
433
145
175
5 315
5 768
8 943
951
696
2 625
198
-7 329
1 914
-23 145
3 692
5 160
1 206
390
млн.
%
Выручка
Отклонение выручки по ПАО Россети за 2024 год (факт/план, млн. руб)
ПАО Россети
7 136.5 млн.руб.
 '

29-01-2025T03:59:21 - [MESSAGE][PASSED] - Text of object 'Object Repository/Страница авторизации/Text' is: 'Период
2024 год
Выручка
Все
Выполнение плановых показателей по ПАО Россети за 2024 год
План
Факт
Динамика
2024 год
0 млн.руб.
200 000 млн.руб.
400 000 млн.руб.
600 000 млн.руб.
800 000 млн.руб.
1 000 000 млн.руб.
1 200 000 млн.руб.
1 400 000 млн.руб.
1 600 000 млн.руб.
1 800 000 млн.руб.
1 449 221
1 456 358
↑
ДЗО 
ПАО Россети
Внутренний оборот - выручка за услуги по передаче электрической энергии, учтенная в выручке за электроэнергию для конечных потребителей, при выполнении ДЗО функций гарантирующего поставщика
Подписи данных
⬤Отклонение
АО «Тываэнерго»
АО «Чеченэнерго»
Россети Волга
Россети Кубань
Россети Ленэнерго (ГК)
Россети Московский регион
Россети Северный Кавказ (ГК)
Россети Северо-Запад
Россети Сибирь (ГК)
Россети Томск
Россети Тюмень
Россети Урал (ГК)
Россети ФСК ЕЭС
Россети Центр
Россети Центр и Приволжье (ГК)
Россети Юг (ГК)
Россети Янтарь
-25 000млн.руб.
-20 000млн.руб.
-15 000млн.руб.
-10 000млн.руб.
-5 000млн.руб.
0млн.руб.
5 000млн.руб.
10 000млн.руб.
15 …
433
145
175
5 315
5 768
8 943
951
696
2 625
198
-7 329
1 914
-23 145
3 692
5 160
1 206
390
млн.
%
Выручка
Отклонение выручки по ПАО Россети за 2024 год (факт/план, млн. руб)
ПАО Россети
7 136.5 млн.руб.
 '

29-01-2025T03:59:21 - [TEST_STEP][PASSED] - searchWord = "а": null

29-01-2025T03:59:21 - [TEST_STEP][PASSED] - if (urlText.contains("ошибка") || urlText.contains(searchWord) == false): null

29-01-2025T03:59:21 - [TEST_STEP][PASSED] - delay(45): Delayed 45 second(s)

29-01-2025T04:00:06 - [MESSAGE][PASSED] - Delayed 45 second(s)

29-01-2025T04:00:06 - [TEST_STEP][PASSED] - if (block == 2): null

29-01-2025T04:00:06 - [TEST_STEP][PASSED] - click(findTestObject("Выручка в рублях/Фильтр Период" + nameOfBlock)): Object: 'Object Repository/Выручка в рублях/Фильтр Период' is clicked on

29-01-2025T04:00:07 - [MESSAGE][PASSED] - Object: 'Object Repository/Выручка в рублях/Фильтр Период' is clicked on

29-01-2025T04:00:07 - [TEST_STEP][PASSED] - click(findTestObject("Выручка в рублях/Снять выделение в фильтре Дата" + nameOfBlock)): Object: 'Object Repository/Выручка в рублях/Снять выделение в фильтре Дата' is clicked on

29-01-2025T04:00:07 - [MESSAGE][PASSED] - Object: 'Object Repository/Выручка в рублях/Снять выделение в фильтре Дата' is clicked on

29-01-2025T04:00:07 - [TEST_STEP][PASSED] - click(findTestObject("Выручка в рублях/Применить в фильтре Дата" + nameOfBlock)): Object: 'Object Repository/Выручка в рублях/Применить в фильтре Дата' is clicked on

29-01-2025T04:00:08 - [MESSAGE][PASSED] - Object: 'Object Repository/Выручка в рублях/Применить в фильтре Дата' is clicked on

29-01-2025T04:00:08 - [TEST_STEP][PASSED] - delay(50): Delayed 50 second(s)

29-01-2025T04:00:58 - [MESSAGE][PASSED] - Delayed 50 second(s)

29-01-2025T04:00:58 - [TEST_STEP][PASSED] - click(findTestObject("Выручка в рублях/Фильтр Период" + nameOfBlock)): Object: 'Object Repository/Выручка в рублях/Фильтр Период' is clicked on

29-01-2025T04:00:58 - [MESSAGE][PASSED] - Object: 'Object Repository/Выручка в рублях/Фильтр Период' is clicked on

29-01-2025T04:00:58 - [TEST_STEP][PASSED] - click(findTestObject("Выручка в рублях/Снять выделение в фильтре Дата" + nameOfBlock)): Object: 'Object Repository/Выручка в рублях/Снять выделение в фильтре Дата' is clicked on

29-01-2025T04:00:59 - [MESSAGE][PASSED] - Object: 'Object Repository/Выручка в рублях/Снять выделение в фильтре Дата' is clicked on

29-01-2025T04:00:59 - [TEST_STEP][PASSED] - scrollToElement(findTestObject("Выручка в рублях/2024 список" + nameOfBlock), 30): Scroll to object 'Object Repository/Выручка в рублях/2024 список' successfully

29-01-2025T04:00:59 - [MESSAGE][PASSED] - Scroll to object 'Object Repository/Выручка в рублях/2024 список' successfully

29-01-2025T04:00:59 - [TEST_STEP][PASSED] - click(findTestObject("Выручка в рублях/2024 год" + nameOfBlock)): Object: 'Object Repository/Выручка в рублях/2024 год' is clicked on

29-01-2025T04:00:59 - [MESSAGE][PASSED] - Object: 'Object Repository/Выручка в рублях/2024 год' is clicked on

29-01-2025T04:00:59 - [TEST_STEP][PASSED] - scrollToElement(findTestObject("Выручка в рублях/Заголовок дашборда" + nameOfBlock), 30): Scroll to object 'Object Repository/Выручка в рублях/Заголовок дашборда' successfully

29-01-2025T04:01:00 - [MESSAGE][PASSED] - Scroll to object 'Object Repository/Выручка в рублях/Заголовок дашборда' successfully

29-01-2025T04:01:00 - [TEST_STEP][PASSED] - click(findTestObject("Выручка в рублях/Применить в фильтре Дата" + nameOfBlock)): Object: 'Object Repository/Выручка в рублях/Применить в фильтре Дата' is clicked on

29-01-2025T04:01:00 - [MESSAGE][PASSED] - Object: 'Object Repository/Выручка в рублях/Применить в фильтре Дата' is clicked on

29-01-2025T04:01:00 - [TEST_STEP][PASSED] - delay(55): Delayed 55 second(s)

29-01-2025T04:01:55 - [MESSAGE][PASSED] - Delayed 55 second(s)

29-01-2025T04:01:55 - [TEST_STEP][PASSED] - click(findTestObject("Выручка в рублях/Фильтр ДЗО" + nameOfBlock)): Object: 'Object Repository/Выручка в рублях/Фильтр ДЗО' is clicked on

29-01-2025T04:01:56 - [MESSAGE][PASSED] - Object: 'Object Repository/Выручка в рублях/Фильтр ДЗО' is clicked on

29-01-2025T04:01:56 - [TEST_STEP][PASSED] - click(findTestObject("Выручка в рублях/Снять выделение в фильтре ДЗО" + nameOfBlock)): Object: 'Object Repository/Выручка в рублях/Снять выделение в фильтре ДЗО' is clicked on

29-01-2025T04:01:56 - [MESSAGE][PASSED] - Object: 'Object Repository/Выручка в рублях/Снять выделение в фильтре ДЗО' is clicked on

29-01-2025T04:01:56 - [TEST_STEP][PASSED] - click(findTestObject("Выручка в рублях/Применить в фильтре ДЗО" + nameOfBlock)): Object: 'Object Repository/Выручка в рублях/Применить в фильтре ДЗО' is clicked on

29-01-2025T04:01:57 - [MESSAGE][PASSED] - Object: 'Object Repository/Выручка в рублях/Применить в фильтре ДЗО' is clicked on

29-01-2025T04:01:57 - [TEST_STEP][PASSED] - delay(50): Delayed 50 second(s)

29-01-2025T04:02:47 - [MESSAGE][PASSED] - Delayed 50 second(s)

29-01-2025T04:02:47 - [TEST_STEP][PASSED] - Script1710234207206.Tumbler(run, vir, block, nameOfBlock): null

29-01-2025T04:02:47 - [TEST_STEP][PASSED] - println("run:" + run): null

29-01-2025T04:02:47 - [TEST_STEP][PASSED] - println("vir:" + vir): null

29-01-2025T04:02:47 - [TEST_STEP][PASSED] - println("block:" + block): null

29-01-2025T04:02:47 - [TEST_STEP][PASSED] - println("nameOfBlock:" + nameOfBlock): null

29-01-2025T04:02:47 - [TEST_STEP][PASSED] - if (vir == 1): null

29-01-2025T04:02:47 - [TEST_STEP][PASSED] - else if (vir == 2): null

29-01-2025T04:02:47 - [TEST_STEP][PASSED] - else if (vir == 3): Object: 'Object Repository/Выручка в рублях/Применить в фильтре Выручка' is clicked on

29-01-2025T04:02:47 - [TEST_STEP][PASSED] - if (run == 2): Object: 'Object Repository/Выручка в рублях/Переключить отображение с млн на проценты Выручка в рублях' is clicked on

29-01-2025T04:02:47 - [TEST_STEP][PASSED] - click(findTestObject("Выручка в рублях/Переключить отображение с млн на проценты Выручка в рублях" + nameOfBlock)): Object: 'Object Repository/Выручка в рублях/Переключить отображение с млн на проценты Выручка в рублях' is clicked on

29-01-2025T04:02:47 - [MESSAGE][PASSED] - Object: 'Object Repository/Выручка в рублях/Переключить отображение с млн на проценты Выручка в рублях' is clicked on

29-01-2025T04:02:47 - [TEST_STEP][PASSED] - click(findTestObject("Выручка в рублях/Фильтр Выручка" + nameOfBlock)): Object: 'Object Repository/Выручка в рублях/Фильтр Выручка' is clicked on

29-01-2025T04:02:48 - [MESSAGE][PASSED] - Object: 'Object Repository/Выручка в рублях/Фильтр Выручка' is clicked on

29-01-2025T04:02:48 - [TEST_STEP][PASSED] - click(findTestObject("Выручка в рублях/Внутренний оборот в фильтре Выручка" + nameOfBlock)): Object: 'Object Repository/Выручка в рублях/Внутренний оборот в фильтре Выручка' is clicked on

29-01-2025T04:02:48 - [MESSAGE][PASSED] - Object: 'Object Repository/Выручка в рублях/Внутренний оборот в фильтре Выручка' is clicked on

29-01-2025T04:02:48 - [TEST_STEP][PASSED] - click(findTestObject("Выручка в рублях/Применить в фильтре Выручка" + nameOfBlock)): Object: 'Object Repository/Выручка в рублях/Применить в фильтре Выручка' is clicked on

29-01-2025T04:02:49 - [MESSAGE][PASSED] - Object: 'Object Repository/Выручка в рублях/Применить в фильтре Выручка' is clicked on

29-01-2025T04:02:49 - [TEST_STEP][PASSED] - click(findTestObject("Выручка в рублях/Фильтр ДЗО" + nameOfBlock)): Object: 'Object Repository/Выручка в рублях/Фильтр ДЗО' is clicked on

29-01-2025T04:02:50 - [MESSAGE][PASSED] - Object: 'Object Repository/Выручка в рублях/Фильтр ДЗО' is clicked on

29-01-2025T04:02:50 - [TEST_STEP][PASSED] - Script1710234207206.Rosseti(nameOfBlock): null

29-01-2025T04:02:50 - [TEST_STEP][PASSED] - println("nameOfBlock:" + nameOfBlock): null

29-01-2025T04:02:50 - [TEST_STEP][PASSED] - click(findTestObject("Выручка в рублях/ПАО Россети" + nameOfBlock)): Object: 'Object Repository/Выручка в рублях/ПАО Россети' is clicked on

29-01-2025T04:02:51 - [MESSAGE][PASSED] - Object: 'Object Repository/Выручка в рублях/ПАО Россети' is clicked on

29-01-2025T04:02:51 - [TEST_STEP][PASSED] - click(findTestObject("Выручка в рублях/Применить в фильтре ДЗО" + nameOfBlock)): Object: 'Object Repository/Выручка в рублях/Применить в фильтре ДЗО' is clicked on

29-01-2025T04:02:52 - [MESSAGE][PASSED] - Object: 'Object Repository/Выручка в рублях/Применить в фильтре ДЗО' is clicked on

29-01-2025T04:02:52 - [TEST_STEP][PASSED] - if (run == 2): null

29-01-2025T04:02:52 - [TEST_STEP][PASSED] - perc = " Perc": null

29-01-2025T04:02:52 - [TEST_STEP][PASSED] - if (vir == 1 || vir == 2): null

29-01-2025T04:02:52 - [TEST_STEP][PASSED] - else: Text of object 'Object Repository/Выручка в рублях/vir3Plan' is: '24 726'

29-01-2025T04:02:52 - [TEST_STEP][PASSED] - a1 = getText(findTestObject("Выручка в рублях/vir3Plan")): Text of object 'Object Repository/Выручка в рублях/vir3Plan' is: '24 726'

29-01-2025T04:02:53 - [MESSAGE][PASSED] - Text of object 'Object Repository/Выручка в рублях/vir3Plan' is: '24 726'

29-01-2025T04:02:53 - [TEST_STEP][PASSED] - if (vir == 1 || vir == 2): null

29-01-2025T04:02:53 - [TEST_STEP][PASSED] - else: Text of object 'Object Repository/Выручка в рублях/vir3Fact' is: '25 441'

29-01-2025T04:02:53 - [TEST_STEP][PASSED] - a2 = getText(findTestObject("Выручка в рублях/vir3Fact")): Text of object 'Object Repository/Выручка в рублях/vir3Fact' is: '25 441'

29-01-2025T04:02:53 - [MESSAGE][PASSED] - Text of object 'Object Repository/Выручка в рублях/vir3Fact' is: '25 441'

29-01-2025T04:02:53 - [TEST_STEP][PASSED] - a30 = getText(findTestObject("Выручка в рублях/span1" + perc)): Text of object 'Object Repository/Выручка в рублях/span1 Perc' is: '-84.17 %'

29-01-2025T04:02:53 - [MESSAGE][PASSED] - Text of object 'Object Repository/Выручка в рублях/span1 Perc' is: '-84.17 %'

29-01-2025T04:02:53 - [TEST_STEP][PASSED] - i = a30.indexOf("млн.руб."): null

29-01-2025T04:02:53 - [TEST_STEP][PASSED] - if (i > -1): null

29-01-2025T04:02:53 - [TEST_STEP][PASSED] - if (a30.contains("%")): null

29-01-2025T04:02:53 - [TEST_STEP][PASSED] - a30 = a30.replaceAll("%", ""): null

29-01-2025T04:02:53 - [TEST_STEP][PASSED] - a30 = ").trim(): null

29-01-2025T04:02:53 - [TEST_STEP][PASSED] - println("a30: " + a30): null

29-01-2025T04:02:53 - [TEST_STEP][PASSED] - if (vir == 1 || vir == 2): null

29-01-2025T04:02:53 - [TEST_STEP][PASSED] - else: Text of object 'Object Repository/Выручка в рублях/span15 Perc' is: '-92.42 %'

29-01-2025T04:02:53 - [TEST_STEP][PASSED] - a31 = ").trim(): Text of object 'Object Repository/Выручка в рублях/span15 Perc' is: '-92.42 %'

29-01-2025T04:02:53 - [MESSAGE][PASSED] - Text of object 'Object Repository/Выручка в рублях/span15 Perc' is: '-92.42 %'

29-01-2025T04:02:54 - [TEST_STEP][PASSED] - if (vir == 1 || vir == 2): null

29-01-2025T04:02:54 - [TEST_STEP][PASSED] - else: Text of object 'Object Repository/Выручка в рублях/span16 Perc' is: '-84.08 %'

29-01-2025T04:02:54 - [TEST_STEP][PASSED] - a32 = ").trim(): Text of object 'Object Repository/Выручка в рублях/span16 Perc' is: '-84.08 %'

29-01-2025T04:02:54 - [MESSAGE][PASSED] - Text of object 'Object Repository/Выручка в рублях/span16 Perc' is: '-84.08 %'

29-01-2025T04:02:54 - [TEST_STEP][PASSED] - if (vir == 1 || vir == 2): null

29-01-2025T04:02:54 - [TEST_STEP][PASSED] - else: Text of object 'Object Repository/Выручка в рублях/span17 Perc' is: '-83.49 %'

29-01-2025T04:02:54 - [TEST_STEP][PASSED] - a37 = ").trim(): Text of object 'Object Repository/Выручка в рублях/span17 Perc' is: '-83.49 %'

29-01-2025T04:02:54 - [MESSAGE][PASSED] - Text of object 'Object Repository/Выручка в рублях/span17 Perc' is: '-83.49 %'

29-01-2025T04:02:54 - [TEST_STEP][PASSED] - if (vir == 1 || vir == 2): null

29-01-2025T04:02:54 - [TEST_STEP][PASSED] - else: Text of object 'Object Repository/Выручка в рублях/span18 Perc' is: '-84.47 %'

29-01-2025T04:02:54 - [TEST_STEP][PASSED] - a316 = ").trim(): Text of object 'Object Repository/Выручка в рублях/span18 Perc' is: '-84.47 %'

29-01-2025T04:02:54 - [MESSAGE][PASSED] - Text of object 'Object Repository/Выручка в рублях/span18 Perc' is: '-84.47 %'

29-01-2025T04:02:54 - [TEST_STEP][PASSED] - if (vir == 1 || vir == 2): null

29-01-2025T04:02:54 - [TEST_STEP][PASSED] - block = 2: null

29-01-2025T04:02:54 - [TEST_STEP][PASSED] - nameOfBlock = " Выручка": null

29-01-2025T04:02:54 - [TEST_STEP][PASSED] - Script1710234207206.PreSettings(run, vir, block, nameOfBlock, typeOfData, todaysDate): null

29-01-2025T04:02:54 - [TEST_STEP][PASSED] - openBrowser(""): Browser is opened with url: ''

29-01-2025T04:02:54 - [MESSAGE][WARNING] - A browser is already opened. Closing browser and opening a new one

29-01-2025T04:02:55 - [MESSAGE][INFO] - Starting 'Chrome' driver

29-01-2025T04:02:55 - [MESSAGE][INFO] - Action delay is set to 0 milliseconds

29-01-2025T04:02:56 - [MESSAGE][PASSED] - Browser is opened with url: ''

29-01-2025T04:02:56 - [TEST_STEP][PASSED] - refresh(): Refresh successfully

29-01-2025T04:02:56 - [MESSAGE][PASSED] - Refresh successfully

29-01-2025T04:02:56 - [TEST_STEP][PASSED] - delay(50): Delayed 50 second(s)

29-01-2025T04:03:46 - [MESSAGE][PASSED] - Delayed 50 second(s)

29-01-2025T04:03:46 - [TEST_STEP][PASSED] - println("run:" + run): null

29-01-2025T04:03:46 - [TEST_STEP][PASSED] - println("vir:" + vir): null

29-01-2025T04:03:46 - [TEST_STEP][PASSED] - println("block:" + block): null

29-01-2025T04:03:46 - [TEST_STEP][PASSED] - if (block == 1): null

29-01-2025T04:03:46 - [TEST_STEP][PASSED] - else: null

29-01-2025T04:03:46 - [TEST_STEP][PASSED] - nameOfBlock = " Выручка": null

29-01-2025T04:03:46 - [TEST_STEP][PASSED] - println("nameOfBlock:" + nameOfBlock): null

29-01-2025T04:03:46 - [TEST_STEP][PASSED] - println("typeOfData:" + typeOfData): null

29-01-2025T04:03:46 - [TEST_STEP][PASSED] - println("todaysDate:" + todaysDate): null

29-01-2025T04:03:46 - [TEST_STEP][PASSED] - Script1710234207206.Autorization(block, nameOfBlock): null

29-01-2025T04:03:46 - [TEST_STEP][PASSED] - i = <not implemented yet for class: org.codehaus.groovy.ast.expr.EmptyExpression>: null

29-01-2025T04:03:46 - [TEST_STEP][PASSED] - ii = <not implemented yet for class: org.codehaus.groovy.ast.expr.EmptyExpression>: null

29-01-2025T04:03:46 - [TEST_STEP][PASSED] - urlData = <not implemented yet for class: org.codehaus.groovy.ast.expr.EmptyExpression>: null

29-01-2025T04:03:46 - [TEST_STEP][PASSED] - searchWord = <not implemented yet for class: org.codehaus.groovy.ast.expr.EmptyExpression>: null

29-01-2025T04:03:46 - [TEST_STEP][PASSED] - urlText = <not implemented yet for class: org.codehaus.groovy.ast.expr.EmptyExpression>: null

29-01-2025T04:03:46 - [TEST_STEP][PASSED] - println("block:" + block): null

29-01-2025T04:03:46 - [TEST_STEP][PASSED] - if (block == 1): null

29-01-2025T04:03:46 - [TEST_STEP][PASSED] - else: null

29-01-2025T04:03:46 - [TEST_STEP][PASSED] - delay(45): Delayed 45 second(s)

29-01-2025T04:04:31 - [MESSAGE][PASSED] - Delayed 45 second(s)

29-01-2025T04:04:31 - [TEST_STEP][PASSED] - nameOfBlock = " Выручка": null

29-01-2025T04:04:31 - [TEST_STEP][PASSED] - println("nameOfBlock:" + nameOfBlock): null

29-01-2025T04:04:31 - [TEST_STEP][PASSED] - if (block == 1): null

29-01-2025T04:04:31 - [TEST_STEP][PASSED] - else: Delayed 45 second(s)

29-01-2025T04:04:31 - [TEST_STEP][PASSED] - urlData = 9: null

29-01-2025T04:04:31 - [TEST_STEP][PASSED] - delay(45): Delayed 45 second(s)

29-01-2025T04:05:16 - [MESSAGE][PASSED] - Delayed 45 second(s)

29-01-2025T04:05:16 - [TEST_STEP][PASSED] - navigateToUrl(findTestData("PlanFact").getValue(10, urlData)): Navigate to 'https://bi.rosseti.digital/viewer?dashboardGuid=a1fd28b3785d443cbc4d7690a1d78e31&sheetGuid=86092a20c5984827a0c87b24cac76a50&fit=true' successfully

29-01-2025T04:05:22 - [MESSAGE][PASSED] - Navigate to 'https://bi.rosseti.digital/viewer?dashboardGuid=a1fd28b3785d443cbc4d7690a1d78e31&sheetGuid=86092a20c5984827a0c87b24cac76a50&fit=true' successfully

29-01-2025T04:05:22 - [TEST_STEP][PASSED] - urlText = getText(findTestObject("Страница авторизации/Text")): Text of object 'Object Repository/Страница авторизации/Text' is: 'Вход'

29-01-2025T04:05:22 - [MESSAGE][PASSED] - Text of object 'Object Repository/Страница авторизации/Text' is: 'Вход'

29-01-2025T04:05:22 - [TEST_STEP][PASSED] - searchWord = "Вход": null

29-01-2025T04:05:22 - [TEST_STEP][PASSED] - if (urlText == null || urlText.contains("ошибка") || urlText.contains(searchWord) == false): null

29-01-2025T04:05:22 - [TEST_STEP][PASSED] - if (verifyElementPresent(findTestObject("Страница авторизации/button_"), 30) == true): null

29-01-2025T04:05:22 - [MESSAGE][PASSED] - Object 'Object Repository/Страница авторизации/button_' is present

29-01-2025T04:05:22 - [TEST_STEP][PASSED] - setText(findTestObject("Страница авторизации/input__username"), findTestData("PlanFact").getValue(8, 1)): Text 'liazgina-di' is set on object 'Object Repository/Страница авторизации/input__username'

29-01-2025T04:05:23 - [MESSAGE][PASSED] - Text 'liazgina-di' is set on object 'Object Repository/Страница авторизации/input__username'

29-01-2025T04:05:23 - [TEST_STEP][PASSED] - setText(findTestObject("Страница авторизации/input__password"), findTestData("PlanFact").getValue(9, 1)): Text ')$%5srZ8o688Dm#q' is set on object 'Object Repository/Страница авторизации/input__password'

29-01-2025T04:05:24 - [MESSAGE][PASSED] - Text ')$%5srZ8o688Dm#q' is set on object 'Object Repository/Страница авторизации/input__password'

29-01-2025T04:05:24 - [TEST_STEP][PASSED] - click(findTestObject("Страница авторизации/button_")): Object: 'Object Repository/Страница авторизации/button_' is clicked on

29-01-2025T04:05:25 - [MESSAGE][PASSED] - Object: 'Object Repository/Страница авторизации/button_' is clicked on

29-01-2025T04:05:25 - [TEST_STEP][PASSED] - delay(45): Delayed 45 second(s)

29-01-2025T04:06:10 - [MESSAGE][PASSED] - Delayed 45 second(s)

29-01-2025T04:06:10 - [TEST_STEP][PASSED] - urlText = getText(findTestObject("Страница авторизации/Text")): Text of object 'Object Repository/Страница авторизации/Text' is: 'Период
Январь, Февраль, Март, Апрель, Май, Июнь, Июль, Август, Сентябрь, Октябрь, Ноябрь, Декабрь 2024 года
Выручка
Все
Выполнение плановых показателей, млн.руб.
План
Факт
Динамика
2024 год
0 млн.руб.
200 000 млн.руб.
400 000 млн.руб.
600 000 млн.руб.
800 000 млн.руб.
1 000 000 млн.руб.
1 200 000 млн.руб.
1 400 000 млн.руб.
1 600 000 млн.руб.
1 800 000 млн.руб.
1 449 221
1 456 358
↑
ДЗО 
Все
Подписи данных
⬤Отклонение
АО «Тываэнерго»
АО «Чеченэнерго»
Россети Волга
Россети Кубань
Россети Ленэнерго (ГК)
Россети Московский регион
Россети Северный Кавказ (ГК)
Россети Северо-Запад
Россети Сибирь (ГК)
Россети Томск
Россети Тюмень
Россети Урал (ГК)
Россети ФСК ЕЭС
Россети Центр
Россети Центр и Приволжье (ГК)
Россети Юг (ГК)
Россети Янтарь
-25 000 млн.руб.
-22 500 млн.руб.
-20 000 млн.руб.
-17 500 млн.руб.
-15 000 млн.руб.
-12 500 млн.руб.
-10 000 млн.руб.
-7 500 млн.руб.
-5 000 млн.руб.
-2 500 млн.руб.
0 млн.руб.
2 500 млн.руб.
5 000 млн.руб.
7 500 млн.руб.
10 000 млн.руб.
12 500 млн.руб.
433
145
175
5 315
5 768
8 943
951
696
2 625
198
-7 329
1 914
-23 145
3 692
5 160
1 206
390
млн.
%
Выручка
Отклонение выручки по ПАО Россети за Январь, Февраль, Март, Апрель, Май, Июнь, Июль, Август, Сентябрь, Октябрь, Ноябрь, Декабрь 2024 года (факт/план, млн. руб)
ПАО Россети
7 136.5 млн.руб.
Статус данных
×
Просьба обратить внимание
Данные занесены не полностью
ВЫБРАННЫЕ ЗНАЧЕНИЯ ФИЛЬТРОВ
ДЗО | ПЕРИОД
ПАО Россети: [«Выбраны все филиалы по всем ДЗО по всем категориям»]
2024: [«Весь год»]
*Внутренний оборот'

29-01-2025T04:06:11 - [MESSAGE][PASSED] - Text of object 'Object Repository/Страница авторизации/Text' is: 'Период
Январь, Февраль, Март, Апрель, Май, Июнь, Июль, Август, Сентябрь, Октябрь, Ноябрь, Декабрь 2024 года
Выручка
Все
Выполнение плановых показателей, млн.руб.
План
Факт
Динамика
2024 год
0 млн.руб.
200 000 млн.руб.
400 000 млн.руб.
600 000 млн.руб.
800 000 млн.руб.
1 000 000 млн.руб.
1 200 000 млн.руб.
1 400 000 млн.руб.
1 600 000 млн.руб.
1 800 000 млн.руб.
1 449 221
1 456 358
↑
ДЗО 
Все
Подписи данных
⬤Отклонение
АО «Тываэнерго»
АО «Чеченэнерго»
Россети Волга
Россети Кубань
Россети Ленэнерго (ГК)
Россети Московский регион
Россети Северный Кавказ (ГК)
Россети Северо-Запад
Россети Сибирь (ГК)
Россети Томск
Россети Тюмень
Россети Урал (ГК)
Россети ФСК ЕЭС
Россети Центр
Россети Центр и Приволжье (ГК)
Россети Юг (ГК)
Россети Янтарь
-25 000 млн.руб.
-22 500 млн.руб.
-20 000 млн.руб.
-17 500 млн.руб.
-15 000 млн.руб.
-12 500 млн.руб.
-10 000 млн.руб.
-7 500 млн.руб.
-5 000 млн.руб.
-2 500 млн.руб.
0 млн.руб.
2 500 млн.руб.
5 000 млн.руб.
7 500 млн.руб.
10 000 млн.руб.
12 500 млн.руб.
433
145
175
5 315
5 768
8 943
951
696
2 625
198
-7 329
1 914
-23 145
3 692
5 160
1 206
390
млн.
%
Выручка
Отклонение выручки по ПАО Россети за Январь, Февраль, Март, Апрель, Май, Июнь, Июль, Август, Сентябрь, Октябрь, Ноябрь, Декабрь 2024 года (факт/план, млн. руб)
ПАО Россети
7 136.5 млн.руб.
Статус данных
×
Просьба обратить внимание
Данные занесены не полностью
ВЫБРАННЫЕ ЗНАЧЕНИЯ ФИЛЬТРОВ
ДЗО | ПЕРИОД
ПАО Россети: [«Выбраны все филиалы по всем ДЗО по всем категориям»]
2024: [«Весь год»]
*Внутренний оборот'

29-01-2025T04:06:11 - [TEST_STEP][PASSED] - searchWord = "а": null

29-01-2025T04:06:11 - [TEST_STEP][PASSED] - if (urlText.contains("ошибка") || urlText.contains(searchWord) == false): null

29-01-2025T04:06:11 - [TEST_STEP][PASSED] - delay(45): Delayed 45 second(s)

29-01-2025T04:06:56 - [MESSAGE][PASSED] - Delayed 45 second(s)

29-01-2025T04:06:56 - [TEST_STEP][PASSED] - if (block == 2): Delayed 50 second(s)

29-01-2025T04:06:56 - [TEST_STEP][PASSED] - opoveshenie = getText(findTestObject("Выручка в рублях/Просьба обратить внимание")): Text of object 'Object Repository/Выручка в рублях/Просьба обратить внимание' is: 'Просьба обратить внимание'

29-01-2025T04:06:56 - [MESSAGE][PASSED] - Text of object 'Object Repository/Выручка в рублях/Просьба обратить внимание' is: 'Просьба обратить внимание'

29-01-2025T04:06:56 - [TEST_STEP][PASSED] - if (opoveshenie == "Просьба обратить внимание"): Delayed 50 second(s)

29-01-2025T04:06:56 - [TEST_STEP][PASSED] - click(findTestObject("Выручка в рублях/Закрыть оповещение")): Object: 'Object Repository/Выручка в рублях/Закрыть оповещение' is clicked on

29-01-2025T04:06:57 - [MESSAGE][PASSED] - Object: 'Object Repository/Выручка в рублях/Закрыть оповещение' is clicked on

29-01-2025T04:06:57 - [TEST_STEP][PASSED] - delay(50): Delayed 50 second(s)

29-01-2025T04:07:47 - [MESSAGE][PASSED] - Delayed 50 second(s)

29-01-2025T04:07:47 - [TEST_STEP][PASSED] - click(findTestObject("Выручка в рублях/Фильтр Период" + nameOfBlock)): Object: 'Object Repository/Выручка в рублях/Фильтр Период Выручка' is clicked on

29-01-2025T04:07:47 - [MESSAGE][PASSED] - Object: 'Object Repository/Выручка в рублях/Фильтр Период Выручка' is clicked on

29-01-2025T04:07:47 - [TEST_STEP][PASSED] - click(findTestObject("Выручка в рублях/Снять выделение в фильтре Дата" + nameOfBlock)): Object: 'Object Repository/Выручка в рублях/Снять выделение в фильтре Дата Выручка' is clicked on

29-01-2025T04:07:47 - [MESSAGE][PASSED] - Object: 'Object Repository/Выручка в рублях/Снять выделение в фильтре Дата Выручка' is clicked on

29-01-2025T04:07:47 - [TEST_STEP][PASSED] - click(findTestObject("Выручка в рублях/Применить в фильтре Дата" + nameOfBlock)): Object: 'Object Repository/Выручка в рублях/Применить в фильтре Дата Выручка' is clicked on

29-01-2025T04:07:48 - [MESSAGE][PASSED] - Object: 'Object Repository/Выручка в рублях/Применить в фильтре Дата Выручка' is clicked on

29-01-2025T04:07:48 - [TEST_STEP][PASSED] - delay(50): Delayed 50 second(s)

29-01-2025T04:08:38 - [MESSAGE][PASSED] - Delayed 50 second(s)

29-01-2025T04:08:38 - [TEST_STEP][PASSED] - click(findTestObject("Выручка в рублях/Фильтр Период" + nameOfBlock)): Object: 'Object Repository/Выручка в рублях/Фильтр Период Выручка' is clicked on

29-01-2025T04:08:38 - [MESSAGE][PASSED] - Object: 'Object Repository/Выручка в рублях/Фильтр Период Выручка' is clicked on

29-01-2025T04:08:38 - [TEST_STEP][PASSED] - click(findTestObject("Выручка в рублях/Снять выделение в фильтре Дата" + nameOfBlock)): Object: 'Object Repository/Выручка в рублях/Снять выделение в фильтре Дата Выручка' is clicked on

29-01-2025T04:08:39 - [MESSAGE][PASSED] - Object: 'Object Repository/Выручка в рублях/Снять выделение в фильтре Дата Выручка' is clicked on

29-01-2025T04:08:39 - [TEST_STEP][PASSED] - scrollToElement(findTestObject("Выручка в рублях/2024 список" + nameOfBlock), 30): Scroll to object 'Object Repository/Выручка в рублях/2024 список Выручка' successfully

29-01-2025T04:08:39 - [MESSAGE][PASSED] - Scroll to object 'Object Repository/Выручка в рублях/2024 список Выручка' successfully

29-01-2025T04:08:39 - [TEST_STEP][PASSED] - click(findTestObject("Выручка в рублях/2024 год" + nameOfBlock)): Object: 'Object Repository/Выручка в рублях/2024 год Выручка' is clicked on

29-01-2025T04:08:40 - [MESSAGE][PASSED] - Object: 'Object Repository/Выручка в рублях/2024 год Выручка' is clicked on

29-01-2025T04:08:40 - [TEST_STEP][PASSED] - scrollToElement(findTestObject("Выручка в рублях/Заголовок дашборда" + nameOfBlock), 30): Scroll to object 'Object Repository/Выручка в рублях/Заголовок дашборда Выручка' successfully

29-01-2025T04:08:40 - [MESSAGE][PASSED] - Scroll to object 'Object Repository/Выручка в рублях/Заголовок дашборда Выручка' successfully

29-01-2025T04:08:40 - [TEST_STEP][PASSED] - click(findTestObject("Выручка в рублях/Применить в фильтре Дата" + nameOfBlock)): Object: 'Object Repository/Выручка в рублях/Применить в фильтре Дата Выручка' is clicked on

29-01-2025T04:08:41 - [MESSAGE][PASSED] - Object: 'Object Repository/Выручка в рублях/Применить в фильтре Дата Выручка' is clicked on

29-01-2025T04:08:41 - [TEST_STEP][PASSED] - delay(55): Delayed 55 second(s)

29-01-2025T04:09:36 - [MESSAGE][PASSED] - Delayed 55 second(s)

29-01-2025T04:09:36 - [TEST_STEP][PASSED] - click(findTestObject("Выручка в рублях/Фильтр ДЗО" + nameOfBlock)): Object: 'Object Repository/Выручка в рублях/Фильтр ДЗО Выручка' is clicked on

29-01-2025T04:09:36 - [MESSAGE][PASSED] - Object: 'Object Repository/Выручка в рублях/Фильтр ДЗО Выручка' is clicked on

29-01-2025T04:09:36 - [TEST_STEP][PASSED] - click(findTestObject("Выручка в рублях/Снять выделение в фильтре ДЗО" + nameOfBlock)): Object: 'Object Repository/Выручка в рублях/Снять выделение в фильтре ДЗО Выручка' is clicked on

29-01-2025T04:09:37 - [MESSAGE][PASSED] - Object: 'Object Repository/Выручка в рублях/Снять выделение в фильтре ДЗО Выручка' is clicked on

29-01-2025T04:09:37 - [TEST_STEP][PASSED] - click(findTestObject("Выручка в рублях/Применить в фильтре ДЗО" + nameOfBlock)): Object: 'Object Repository/Выручка в рублях/Применить в фильтре ДЗО Выручка' is clicked on

29-01-2025T04:09:37 - [MESSAGE][PASSED] - Object: 'Object Repository/Выручка в рублях/Применить в фильтре ДЗО Выручка' is clicked on

29-01-2025T04:09:37 - [TEST_STEP][PASSED] - delay(50): Delayed 50 second(s)

29-01-2025T04:10:27 - [MESSAGE][PASSED] - Delayed 50 second(s)

29-01-2025T04:10:27 - [TEST_STEP][PASSED] - Script1710234207206.Tumbler(run, vir, block, nameOfBlock): null

29-01-2025T04:10:27 - [TEST_STEP][PASSED] - println("run:" + run): null

29-01-2025T04:10:27 - [TEST_STEP][PASSED] - println("vir:" + vir): null

29-01-2025T04:10:27 - [TEST_STEP][PASSED] - println("block:" + block): null

29-01-2025T04:10:27 - [TEST_STEP][PASSED] - println("nameOfBlock:" + nameOfBlock): null

29-01-2025T04:10:27 - [TEST_STEP][PASSED] - if (vir == 1): null

29-01-2025T04:10:27 - [TEST_STEP][PASSED] - else if (vir == 2): null

29-01-2025T04:10:27 - [TEST_STEP][PASSED] - else if (vir == 3): Object: 'Object Repository/Выручка в рублях/Применить в фильтре Выручка Выручка' is clicked on

29-01-2025T04:10:27 - [TEST_STEP][PASSED] - if (run == 2): Object: 'Object Repository/Выручка в рублях/Переключить отображение с млн на проценты Выручка в рублях Выручка' is clicked on

29-01-2025T04:10:27 - [TEST_STEP][PASSED] - click(findTestObject("Выручка в рублях/Переключить отображение с млн на проценты Выручка в рублях" + nameOfBlock)): Object: 'Object Repository/Выручка в рублях/Переключить отображение с млн на проценты Выручка в рублях Выручка' is clicked on

29-01-2025T04:10:27 - [MESSAGE][PASSED] - Object: 'Object Repository/Выручка в рублях/Переключить отображение с млн на проценты Выручка в рублях Выручка' is clicked on

29-01-2025T04:10:27 - [TEST_STEP][PASSED] - click(findTestObject("Выручка в рублях/Фильтр Выручка" + nameOfBlock)): Object: 'Object Repository/Выручка в рублях/Фильтр Выручка Выручка' is clicked on

29-01-2025T04:10:28 - [MESSAGE][PASSED] - Object: 'Object Repository/Выручка в рублях/Фильтр Выручка Выручка' is clicked on

29-01-2025T04:10:28 - [TEST_STEP][PASSED] - click(findTestObject("Выручка в рублях/Внутренний оборот в фильтре Выручка" + nameOfBlock)): Object: 'Object Repository/Выручка в рублях/Внутренний оборот в фильтре Выручка Выручка' is clicked on

29-01-2025T04:10:28 - [MESSAGE][PASSED] - Object: 'Object Repository/Выручка в рублях/Внутренний оборот в фильтре Выручка Выручка' is clicked on

29-01-2025T04:10:28 - [TEST_STEP][PASSED] - click(findTestObject("Выручка в рублях/Применить в фильтре Выручка" + nameOfBlock)): Object: 'Object Repository/Выручка в рублях/Применить в фильтре Выручка Выручка' is clicked on

29-01-2025T04:10:29 - [MESSAGE][PASSED] - Object: 'Object Repository/Выручка в рублях/Применить в фильтре Выручка Выручка' is clicked on

29-01-2025T04:10:29 - [TEST_STEP][PASSED] - click(findTestObject("Выручка в рублях/Фильтр ДЗО" + nameOfBlock)): Object: 'Object Repository/Выручка в рублях/Фильтр ДЗО Выручка' is clicked on

29-01-2025T04:10:31 - [MESSAGE][PASSED] - Object: 'Object Repository/Выручка в рублях/Фильтр ДЗО Выручка' is clicked on

29-01-2025T04:10:31 - [TEST_STEP][PASSED] - Script1710234207206.Rosseti(nameOfBlock): null

29-01-2025T04:10:31 - [TEST_STEP][PASSED] - println("nameOfBlock:" + nameOfBlock): null

29-01-2025T04:10:31 - [TEST_STEP][PASSED] - click(findTestObject("Выручка в рублях/ПАО Россети" + nameOfBlock)): Object: 'Object Repository/Выручка в рублях/ПАО Россети Выручка' is clicked on

29-01-2025T04:10:31 - [MESSAGE][PASSED] - Object: 'Object Repository/Выручка в рублях/ПАО Россети Выручка' is clicked on

29-01-2025T04:10:31 - [TEST_STEP][PASSED] - click(findTestObject("Выручка в рублях/Применить в фильтре ДЗО" + nameOfBlock)): Object: 'Object Repository/Выручка в рублях/Применить в фильтре ДЗО Выручка' is clicked on

29-01-2025T04:10:32 - [MESSAGE][PASSED] - Object: 'Object Repository/Выручка в рублях/Применить в фильтре ДЗО Выручка' is clicked on

29-01-2025T04:10:32 - [TEST_STEP][PASSED] - if (vir == 1 || vir == 2): null

29-01-2025T04:10:32 - [TEST_STEP][PASSED] - else: Text of object 'Object Repository/Выручка в рублях/vir3Plan Выручка' is: '24 726'

29-01-2025T04:10:32 - [TEST_STEP][PASSED] - b1 = getText(findTestObject("Выручка в рублях/vir3Plan Выручка")): Text of object 'Object Repository/Выручка в рублях/vir3Plan Выручка' is: '24 726'

29-01-2025T04:10:33 - [MESSAGE][PASSED] - Text of object 'Object Repository/Выручка в рублях/vir3Plan Выручка' is: '24 726'

29-01-2025T04:10:33 - [TEST_STEP][PASSED] - if (vir == 1 || vir == 2): null

29-01-2025T04:10:33 - [TEST_STEP][PASSED] - else: Text of object 'Object Repository/Выручка в рублях/vir3Fact Выручка' is: '25 441'

29-01-2025T04:10:33 - [TEST_STEP][PASSED] - b2 = getText(findTestObject("Выручка в рублях/vir3Fact Выручка")): Text of object 'Object Repository/Выручка в рублях/vir3Fact Выручка' is: '25 441'

29-01-2025T04:10:33 - [MESSAGE][PASSED] - Text of object 'Object Repository/Выручка в рублях/vir3Fact Выручка' is: '25 441'

29-01-2025T04:10:33 - [TEST_STEP][PASSED] - b30 = getText(findTestObject("Выручка в рублях/span1" + perc)): Text of object 'Object Repository/Выручка в рублях/span1 Perc' is: '2.89 %'

29-01-2025T04:10:34 - [MESSAGE][PASSED] - Text of object 'Object Repository/Выручка в рублях/span1 Perc' is: '2.89 %'

29-01-2025T04:10:34 - [TEST_STEP][PASSED] - i = b30.indexOf("млн.руб."): null

29-01-2025T04:10:34 - [TEST_STEP][PASSED] - if (i > -1): null

29-01-2025T04:10:34 - [TEST_STEP][PASSED] - if (b30.contains("%")): null

29-01-2025T04:10:34 - [TEST_STEP][PASSED] - b30 = b30.replaceAll("%", ""): null

29-01-2025T04:10:34 - [TEST_STEP][PASSED] - b30 = ").trim(): null

29-01-2025T04:10:34 - [TEST_STEP][PASSED] - println("b30: " + b30): null

29-01-2025T04:10:34 - [TEST_STEP][PASSED] - if (vir == 1 || vir == 2): null

29-01-2025T04:10:34 - [TEST_STEP][PASSED] - else: Text of object 'Object Repository/Выручка в рублях/span15 Perc' is: '-8.17 %'

29-01-2025T04:10:34 - [TEST_STEP][PASSED] - b31 = ").trim(): Text of object 'Object Repository/Выручка в рублях/span15 Perc' is: '-8.17 %'

29-01-2025T04:10:34 - [MESSAGE][PASSED] - Text of object 'Object Repository/Выручка в рублях/span15 Perc' is: '-8.17 %'

29-01-2025T04:10:34 - [TEST_STEP][PASSED] - if (vir == 1 || vir == 2): null

29-01-2025T04:10:34 - [TEST_STEP][PASSED] - else: Text of object 'Object Repository/Выручка в рублях/span16 Perc' is: '3.5 %'

29-01-2025T04:10:34 - [TEST_STEP][PASSED] - b32 = ").trim(): Text of object 'Object Repository/Выручка в рублях/span16 Perc' is: '3.5 %'

29-01-2025T04:10:34 - [MESSAGE][PASSED] - Text of object 'Object Repository/Выручка в рублях/span16 Perc' is: '3.5 %'

29-01-2025T04:10:34 - [TEST_STEP][PASSED] - if (vir == 1 || vir == 2): null

29-01-2025T04:10:34 - [TEST_STEP][PASSED] - else: Text of object 'Object Repository/Выручка в рублях/span17 Perc' is: '3.7 %'

29-01-2025T04:10:34 - [TEST_STEP][PASSED] - b37 = ").trim(): Text of object 'Object Repository/Выручка в рублях/span17 Perc' is: '3.7 %'

29-01-2025T04:10:35 - [MESSAGE][PASSED] - Text of object 'Object Repository/Выручка в рублях/span17 Perc' is: '3.7 %'

29-01-2025T04:10:35 - [TEST_STEP][PASSED] - if (vir == 1 || vir == 2): null

29-01-2025T04:10:35 - [TEST_STEP][PASSED] - else: Text of object 'Object Repository/Выручка в рублях/span18 Perc' is: '7.54 %'

29-01-2025T04:10:35 - [TEST_STEP][PASSED] - b316 = ").trim(): Text of object 'Object Repository/Выручка в рублях/span18 Perc' is: '7.54 %'

29-01-2025T04:10:35 - [MESSAGE][PASSED] - Text of object 'Object Repository/Выручка в рублях/span18 Perc' is: '7.54 %'

29-01-2025T04:10:35 - [TEST_STEP][PASSED] - if (vir == 1 || vir == 2): null

29-01-2025T04:10:35 - [TEST_STEP][PASSED] - dZO = "ПАО Россети": null

29-01-2025T04:10:35 - [TEST_STEP][PASSED] - if (verifyEqual(a1, b1) == false): Actual object '24 726' and expected object '24 726' are equal

29-01-2025T04:10:35 - [MESSAGE][PASSED] - Actual object '24 726' and expected object '24 726' are equal

29-01-2025T04:10:35 - [TEST_STEP][PASSED] - if (verifyEqual(a2, b2) == false): Actual object '25 441' and expected object '25 441' are equal

29-01-2025T04:10:35 - [MESSAGE][PASSED] - Actual object '25 441' and expected object '25 441' are equal

29-01-2025T04:10:35 - [TEST_STEP][PASSED] - vidget = "Отклонения": null

29-01-2025T04:10:35 - [TEST_STEP][FAILED] - if (verifyEqual(a30, b30) == false): null

29-01-2025T04:10:35 - [MESSAGE][FAILED] - Unable to verify equal between actual object '-84.17' and expected object '2.89' (Root cause: com.kms.katalon.core.exception.StepFailedException: Actual object '-84.17' and expected object '2.89' are not equal
	at com.kms.katalon.core.keyword.builtin.VerifyEqualKeyword$_verifyEqual_closure1.doCall(VerifyEqualKeyword.groovy:58)
	at com.kms.katalon.core.keyword.builtin.VerifyEqualKeyword$_verifyEqual_closure1.call(VerifyEqualKeyword.groovy)
	at com.kms.katalon.core.keyword.internal.KeywordMain.runKeyword(KeywordMain.groovy:75)
	at com.kms.katalon.core.keyword.builtin.VerifyEqualKeyword.verifyEqual(VerifyEqualKeyword.groovy:63)
	at com.kms.katalon.core.keyword.builtin.VerifyEqualKeyword.execute(VerifyEqualKeyword.groovy:44)
	at com.kms.katalon.core.keyword.internal.KeywordExecutor.executeKeywordForPlatform(KeywordExecutor.groovy:74)
	at com.kms.katalon.core.keyword.BuiltinKeywords.verifyEqual(BuiltinKeywords.groovy:146)
	at jdk.internal.reflect.GeneratedMethodAccessor25.invoke(Unknown Source)
	at java.base/jdk.internal.reflect.DelegatingMethodAccessorImpl.invoke(DelegatingMethodAccessorImpl.java:43)
	at Выручка в рублях сверка дашбордов ПАО Россети.Blocks(Выручка в рублях сверка дашбордов ПАО Россети:357)
	at Выручка в рублях сверка дашбордов ПАО Россети.ViruchkaChange(Выручка в рублях сверка дашбордов ПАО Россети:60)
	at Выручка в рублях сверка дашбордов ПАО Россети.run(Выручка в рублях сверка дашбордов ПАО Россети:55)
	at com.kms.katalon.core.main.ScriptEngine.run(ScriptEngine.java:194)
	at com.kms.katalon.core.main.ScriptEngine.runScriptAsRawText(ScriptEngine.java:119)
	at com.kms.katalon.core.main.TestCaseExecutor.runScript(TestCaseExecutor.java:448)
	at com.kms.katalon.core.main.TestCaseExecutor.doExecute(TestCaseExecutor.java:439)
	at com.kms.katalon.core.main.TestCaseExecutor.processExecutionPhase(TestCaseExecutor.java:418)
	at com.kms.katalon.core.main.TestCaseExecutor.accessMainPhase(TestCaseExecutor.java:410)
	at com.kms.katalon.core.main.TestCaseExecutor.execute(TestCaseExecutor.java:285)
	at com.kms.katalon.core.common.CommonExecutor.accessTestCaseMainPhase(CommonExecutor.java:65)
	at com.kms.katalon.core.main.TestSuiteExecutor.accessTestSuiteMainPhase(TestSuiteExecutor.java:150)
	at com.kms.katalon.core.main.TestSuiteExecutor.execute(TestSuiteExecutor.java:106)
	at com.kms.katalon.core.main.TestCaseMain.startTestSuite(TestCaseMain.java:180)
	at TempTestSuite1738107421100.run(TempTestSuite1738107421100.groovy:35)
	at java.base/jdk.internal.reflect.NativeMethodAccessorImpl.invoke0(Native Method)
	at java.base/jdk.internal.reflect.NativeMethodAccessorImpl.invoke(NativeMethodAccessorImpl.java:77)
	at java.base/jdk.internal.reflect.DelegatingMethodAccessorImpl.invoke(DelegatingMethodAccessorImpl.java:43)
)

29-01-2025T04:10:35 - [TEST_STEP][PASSED] - a = replaceAll("\s+", "").toDouble(): null

29-01-2025T04:10:35 - [TEST_STEP][PASSED] - b = replaceAll("\s+", "").toDouble(): null

29-01-2025T04:10:35 - [TEST_STEP][PASSED] - Script1710234207206.WriteToExcel(todaysDate, run, vir, block, typeOfData, viruchka, vidget, nameOfBlock, a, b, dZO): null

29-01-2025T04:10:35 - [TEST_STEP][PASSED] - println(run): null

29-01-2025T04:10:35 - [TEST_STEP][PASSED] - if (run == 1): null

29-01-2025T04:10:35 - [TEST_STEP][PASSED] - else if (run == 2): null

29-01-2025T04:10:35 - [TEST_STEP][PASSED] - typeOfData = "Проценты": null

29-01-2025T04:10:35 - [TEST_STEP][PASSED] - println("todaysDate:" + todaysDate): null

29-01-2025T04:10:35 - [TEST_STEP][PASSED] - println("typeOfData:" + typeOfData): null

29-01-2025T04:10:35 - [TEST_STEP][PASSED] - viruchka = getText(findTestObject("Выручка в рублях/Фильтр Выручка" + nameOfBlock)): Text of object 'Object Repository/Выручка в рублях/Фильтр Выручка Выручка' is: 'ПЕРЕДАЧА ЭЛЕКТРОЭНЕРГИИ, внутренний оборот'

29-01-2025T04:10:35 - [MESSAGE][PASSED] - Text of object 'Object Repository/Выручка в рублях/Фильтр Выручка Выручка' is: 'ПЕРЕДАЧА ЭЛЕКТРОЭНЕРГИИ, внутренний оборот'

29-01-2025T04:10:35 - [TEST_STEP][PASSED] - println("viruchka" + viruchka): null

29-01-2025T04:10:35 - [TEST_STEP][PASSED] - println("vidget" + vidget): null

29-01-2025T04:10:35 - [TEST_STEP][PASSED] - println("a" + a): null

29-01-2025T04:10:35 - [TEST_STEP][PASSED] - println("b" + b): null

29-01-2025T04:10:35 - [TEST_STEP][PASSED] - sheetName = "Sheet1": null

29-01-2025T04:10:35 - [TEST_STEP][PASSED] - data = findTestData("PlanFact"): null

29-01-2025T04:10:35 - [TEST_STEP][PASSED] - n = data.getRowNumbers() + 1: null

29-01-2025T04:10:35 - [TEST_STEP][PASSED] - period = getText(findTestObject("Выручка в рублях/Фильтр Период")): Text of object 'Object Repository/Выручка в рублях/Фильтр Период' is: '2024'

29-01-2025T04:10:35 - [MESSAGE][PASSED] - Text of object 'Object Repository/Выручка в рублях/Фильтр Период' is: '2024'

29-01-2025T04:10:35 - [TEST_STEP][PASSED] - println(period): null

29-01-2025T04:10:35 - [TEST_STEP][PASSED] - dashboardName = "Выручка в рублях": null

29-01-2025T04:10:35 - [TEST_STEP][PASSED] - workbook01 = getWorkbook(excelFilePath): null

29-01-2025T04:10:36 - [TEST_STEP][PASSED] - sheet01 = getExcelSheet(workbook01, sheetName): null

29-01-2025T04:10:36 - [TEST_STEP][PASSED] - setValueToCellByIndex(sheet01, n, 0, dashboardName): null

29-01-2025T04:10:36 - [TEST_STEP][PASSED] - setValueToCellByIndex(sheet01, n, 1, dZO): null

29-01-2025T04:10:36 - [TEST_STEP][PASSED] - setValueToCellByIndex(sheet01, n, 2, vidget): null

29-01-2025T04:10:36 - [TEST_STEP][PASSED] - setValueToCellByIndex(sheet01, n, 3, viruchka): null

29-01-2025T04:10:36 - [TEST_STEP][PASSED] - setValueToCellByIndex(sheet01, n, 4, typeOfData): null

29-01-2025T04:10:36 - [TEST_STEP][PASSED] - if (a == null): null

29-01-2025T04:10:36 - [TEST_STEP][PASSED] - else: null

29-01-2025T04:10:36 - [TEST_STEP][PASSED] - setValueToCellByIndex(sheet01, n, 5, a): null

29-01-2025T04:10:36 - [TEST_STEP][PASSED] - if (b == null): null

29-01-2025T04:10:36 - [TEST_STEP][PASSED] - else: null

29-01-2025T04:10:36 - [TEST_STEP][PASSED] - setValueToCellByIndex(sheet01, n, 6, b): null

29-01-2025T04:10:36 - [TEST_STEP][PASSED] - setValueToCellByIndex(sheet01, n, 7, period): null

29-01-2025T04:10:36 - [TEST_STEP][PASSED] - setValueToCellByIndex(sheet01, n, 8, todaysDate): null

29-01-2025T04:10:36 - [TEST_STEP][PASSED] - n = n + 1: null

29-01-2025T04:10:36 - [TEST_STEP][PASSED] - saveWorkbook(excelFilePath, workbook01): null

29-01-2025T04:10:36 - [TEST_STEP][PASSED] - dZO = "АО «Тываэнерго»": null

29-01-2025T04:10:36 - [TEST_STEP][FAILED] - if (verifyEqual(a31, b31) == false): null

29-01-2025T04:10:36 - [MESSAGE][FAILED] - Unable to verify equal between actual object '-92.42' and expected object '-8.17' (Root cause: com.kms.katalon.core.exception.StepFailedException: Actual object '-92.42' and expected object '-8.17' are not equal
	at com.kms.katalon.core.keyword.builtin.VerifyEqualKeyword$_verifyEqual_closure1.doCall(VerifyEqualKeyword.groovy:58)
	at com.kms.katalon.core.keyword.builtin.VerifyEqualKeyword$_verifyEqual_closure1.call(VerifyEqualKeyword.groovy)
	at com.kms.katalon.core.keyword.internal.KeywordMain.runKeyword(KeywordMain.groovy:75)
	at com.kms.katalon.core.keyword.builtin.VerifyEqualKeyword.verifyEqual(VerifyEqualKeyword.groovy:63)
	at com.kms.katalon.core.keyword.builtin.VerifyEqualKeyword.execute(VerifyEqualKeyword.groovy:44)
	at com.kms.katalon.core.keyword.internal.KeywordExecutor.executeKeywordForPlatform(KeywordExecutor.groovy:74)
	at com.kms.katalon.core.keyword.BuiltinKeywords.verifyEqual(BuiltinKeywords.groovy:146)
	at jdk.internal.reflect.GeneratedMethodAccessor25.invoke(Unknown Source)
	at java.base/jdk.internal.reflect.DelegatingMethodAccessorImpl.invoke(DelegatingMethodAccessorImpl.java:43)
	at Выручка в рублях сверка дашбордов ПАО Россети.Blocks(Выручка в рублях сверка дашбордов ПАО Россети:367)
	at Выручка в рублях сверка дашбордов ПАО Россети.ViruchkaChange(Выручка в рублях сверка дашбордов ПАО Россети:60)
	at Выручка в рублях сверка дашбордов ПАО Россети.run(Выручка в рублях сверка дашбордов ПАО Россети:55)
	at com.kms.katalon.core.main.ScriptEngine.run(ScriptEngine.java:194)
	at com.kms.katalon.core.main.ScriptEngine.runScriptAsRawText(ScriptEngine.java:119)
	at com.kms.katalon.core.main.TestCaseExecutor.runScript(TestCaseExecutor.java:448)
	at com.kms.katalon.core.main.TestCaseExecutor.doExecute(TestCaseExecutor.java:439)
	at com.kms.katalon.core.main.TestCaseExecutor.processExecutionPhase(TestCaseExecutor.java:418)
	at com.kms.katalon.core.main.TestCaseExecutor.accessMainPhase(TestCaseExecutor.java:410)
	at com.kms.katalon.core.main.TestCaseExecutor.execute(TestCaseExecutor.java:285)
	at com.kms.katalon.core.common.CommonExecutor.accessTestCaseMainPhase(CommonExecutor.java:65)
	at com.kms.katalon.core.main.TestSuiteExecutor.accessTestSuiteMainPhase(TestSuiteExecutor.java:150)
	at com.kms.katalon.core.main.TestSuiteExecutor.execute(TestSuiteExecutor.java:106)
	at com.kms.katalon.core.main.TestCaseMain.startTestSuite(TestCaseMain.java:180)
	at TempTestSuite1738107421100.run(TempTestSuite1738107421100.groovy:35)
	at java.base/jdk.internal.reflect.NativeMethodAccessorImpl.invoke0(Native Method)
	at java.base/jdk.internal.reflect.NativeMethodAccessorImpl.invoke(NativeMethodAccessorImpl.java:77)
	at java.base/jdk.internal.reflect.DelegatingMethodAccessorImpl.invoke(DelegatingMethodAccessorImpl.java:43)
)

29-01-2025T04:10:36 - [TEST_STEP][PASSED] - a = replaceAll("\s+", "").toDouble(): null

29-01-2025T04:10:36 - [TEST_STEP][PASSED] - b = replaceAll("\s+", "").toDouble(): null

29-01-2025T04:10:36 - [TEST_STEP][PASSED] - Script1710234207206.WriteToExcel(todaysDate, run, vir, block, typeOfData, viruchka, vidget, nameOfBlock, a, b, dZO): null

29-01-2025T04:10:36 - [TEST_STEP][PASSED] - println(run): null

29-01-2025T04:10:36 - [TEST_STEP][PASSED] - if (run == 1): null

29-01-2025T04:10:36 - [TEST_STEP][PASSED] - else if (run == 2): null

29-01-2025T04:10:36 - [TEST_STEP][PASSED] - typeOfData = "Проценты": null

29-01-2025T04:10:36 - [TEST_STEP][PASSED] - println("todaysDate:" + todaysDate): null

29-01-2025T04:10:36 - [TEST_STEP][PASSED] - println("typeOfData:" + typeOfData): null

29-01-2025T04:10:36 - [TEST_STEP][PASSED] - viruchka = getText(findTestObject("Выручка в рублях/Фильтр Выручка" + nameOfBlock)): Text of object 'Object Repository/Выручка в рублях/Фильтр Выручка Выручка' is: 'ПЕРЕДАЧА ЭЛЕКТРОЭНЕРГИИ, внутренний оборот'

29-01-2025T04:10:36 - [MESSAGE][PASSED] - Text of object 'Object Repository/Выручка в рублях/Фильтр Выручка Выручка' is: 'ПЕРЕДАЧА ЭЛЕКТРОЭНЕРГИИ, внутренний оборот'

29-01-2025T04:10:36 - [TEST_STEP][PASSED] - println("viruchka" + viruchka): null

29-01-2025T04:10:36 - [TEST_STEP][PASSED] - println("vidget" + vidget): null

29-01-2025T04:10:36 - [TEST_STEP][PASSED] - println("a" + a): null

29-01-2025T04:10:36 - [TEST_STEP][PASSED] - println("b" + b): null

29-01-2025T04:10:36 - [TEST_STEP][PASSED] - sheetName = "Sheet1": null

29-01-2025T04:10:36 - [TEST_STEP][PASSED] - data = findTestData("PlanFact"): null

29-01-2025T04:10:36 - [TEST_STEP][PASSED] - n = data.getRowNumbers() + 1: null

29-01-2025T04:10:36 - [TEST_STEP][PASSED] - period = getText(findTestObject("Выручка в рублях/Фильтр Период")): Text of object 'Object Repository/Выручка в рублях/Фильтр Период' is: '2024'

29-01-2025T04:10:36 - [MESSAGE][PASSED] - Text of object 'Object Repository/Выручка в рублях/Фильтр Период' is: '2024'

29-01-2025T04:10:36 - [TEST_STEP][PASSED] - println(period): null

29-01-2025T04:10:36 - [TEST_STEP][PASSED] - dashboardName = "Выручка в рублях": null

29-01-2025T04:10:36 - [TEST_STEP][PASSED] - workbook01 = getWorkbook(excelFilePath): null

29-01-2025T04:10:36 - [TEST_STEP][PASSED] - sheet01 = getExcelSheet(workbook01, sheetName): null

29-01-2025T04:10:36 - [TEST_STEP][PASSED] - setValueToCellByIndex(sheet01, n, 0, dashboardName): null

29-01-2025T04:10:36 - [TEST_STEP][PASSED] - setValueToCellByIndex(sheet01, n, 1, dZO): null

29-01-2025T04:10:36 - [TEST_STEP][PASSED] - setValueToCellByIndex(sheet01, n, 2, vidget): null

29-01-2025T04:10:36 - [TEST_STEP][PASSED] - setValueToCellByIndex(sheet01, n, 3, viruchka): null

29-01-2025T04:10:36 - [TEST_STEP][PASSED] - setValueToCellByIndex(sheet01, n, 4, typeOfData): null

29-01-2025T04:10:36 - [TEST_STEP][PASSED] - if (a == null): null

29-01-2025T04:10:36 - [TEST_STEP][PASSED] - else: null

29-01-2025T04:10:36 - [TEST_STEP][PASSED] - setValueToCellByIndex(sheet01, n, 5, a): null

29-01-2025T04:10:36 - [TEST_STEP][PASSED] - if (b == null): null

29-01-2025T04:10:36 - [TEST_STEP][PASSED] - else: null

29-01-2025T04:10:36 - [TEST_STEP][PASSED] - setValueToCellByIndex(sheet01, n, 6, b): null

29-01-2025T04:10:36 - [TEST_STEP][PASSED] - setValueToCellByIndex(sheet01, n, 7, period): null

29-01-2025T04:10:36 - [TEST_STEP][PASSED] - setValueToCellByIndex(sheet01, n, 8, todaysDate): null

29-01-2025T04:10:36 - [TEST_STEP][PASSED] - n = n + 1: null

29-01-2025T04:10:36 - [TEST_STEP][PASSED] - saveWorkbook(excelFilePath, workbook01): null

29-01-2025T04:10:37 - [TEST_STEP][PASSED] - dZO = "АО «Чеченэнерго»": null

29-01-2025T04:10:37 - [TEST_STEP][FAILED] - if (verifyEqual(a32, b32) == false): null

29-01-2025T04:10:37 - [MESSAGE][FAILED] - Unable to verify equal between actual object '-84.08' and expected object '3.5' (Root cause: com.kms.katalon.core.exception.StepFailedException: Actual object '-84.08' and expected object '3.5' are not equal
	at com.kms.katalon.core.keyword.builtin.VerifyEqualKeyword$_verifyEqual_closure1.doCall(VerifyEqualKeyword.groovy:58)
	at com.kms.katalon.core.keyword.builtin.VerifyEqualKeyword$_verifyEqual_closure1.call(VerifyEqualKeyword.groovy)
	at com.kms.katalon.core.keyword.internal.KeywordMain.runKeyword(KeywordMain.groovy:75)
	at com.kms.katalon.core.keyword.builtin.VerifyEqualKeyword.verifyEqual(VerifyEqualKeyword.groovy:63)
	at com.kms.katalon.core.keyword.builtin.VerifyEqualKeyword.execute(VerifyEqualKeyword.groovy:44)
	at com.kms.katalon.core.keyword.internal.KeywordExecutor.executeKeywordForPlatform(KeywordExecutor.groovy:74)
	at com.kms.katalon.core.keyword.BuiltinKeywords.verifyEqual(BuiltinKeywords.groovy:146)
	at jdk.internal.reflect.GeneratedMethodAccessor25.invoke(Unknown Source)
	at java.base/jdk.internal.reflect.DelegatingMethodAccessorImpl.invoke(DelegatingMethodAccessorImpl.java:43)
	at Выручка в рублях сверка дашбордов ПАО Россети.Blocks(Выручка в рублях сверка дашбордов ПАО Россети:377)
	at Выручка в рублях сверка дашбордов ПАО Россети.ViruchkaChange(Выручка в рублях сверка дашбордов ПАО Россети:60)
	at Выручка в рублях сверка дашбордов ПАО Россети.run(Выручка в рублях сверка дашбордов ПАО Россети:55)
	at com.kms.katalon.core.main.ScriptEngine.run(ScriptEngine.java:194)
	at com.kms.katalon.core.main.ScriptEngine.runScriptAsRawText(ScriptEngine.java:119)
	at com.kms.katalon.core.main.TestCaseExecutor.runScript(TestCaseExecutor.java:448)
	at com.kms.katalon.core.main.TestCaseExecutor.doExecute(TestCaseExecutor.java:439)
	at com.kms.katalon.core.main.TestCaseExecutor.processExecutionPhase(TestCaseExecutor.java:418)
	at com.kms.katalon.core.main.TestCaseExecutor.accessMainPhase(TestCaseExecutor.java:410)
	at com.kms.katalon.core.main.TestCaseExecutor.execute(TestCaseExecutor.java:285)
	at com.kms.katalon.core.common.CommonExecutor.accessTestCaseMainPhase(CommonExecutor.java:65)
	at com.kms.katalon.core.main.TestSuiteExecutor.accessTestSuiteMainPhase(TestSuiteExecutor.java:150)
	at com.kms.katalon.core.main.TestSuiteExecutor.execute(TestSuiteExecutor.java:106)
	at com.kms.katalon.core.main.TestCaseMain.startTestSuite(TestCaseMain.java:180)
	at TempTestSuite1738107421100.run(TempTestSuite1738107421100.groovy:35)
	at java.base/jdk.internal.reflect.NativeMethodAccessorImpl.invoke0(Native Method)
	at java.base/jdk.internal.reflect.NativeMethodAccessorImpl.invoke(NativeMethodAccessorImpl.java:77)
	at java.base/jdk.internal.reflect.DelegatingMethodAccessorImpl.invoke(DelegatingMethodAccessorImpl.java:43)
)

29-01-2025T04:10:37 - [TEST_STEP][PASSED] - a = replaceAll("\s+", "").toDouble(): null

29-01-2025T04:10:37 - [TEST_STEP][PASSED] - b = replaceAll("\s+", "").toDouble(): null

29-01-2025T04:10:37 - [TEST_STEP][PASSED] - Script1710234207206.WriteToExcel(todaysDate, run, vir, block, typeOfData, viruchka, vidget, nameOfBlock, a, b, dZO): null

29-01-2025T04:10:37 - [TEST_STEP][PASSED] - println(run): null

29-01-2025T04:10:37 - [TEST_STEP][PASSED] - if (run == 1): null

29-01-2025T04:10:37 - [TEST_STEP][PASSED] - else if (run == 2): null

29-01-2025T04:10:37 - [TEST_STEP][PASSED] - typeOfData = "Проценты": null

29-01-2025T04:10:37 - [TEST_STEP][PASSED] - println("todaysDate:" + todaysDate): null

29-01-2025T04:10:37 - [TEST_STEP][PASSED] - println("typeOfData:" + typeOfData): null

29-01-2025T04:10:37 - [TEST_STEP][PASSED] - viruchka = getText(findTestObject("Выручка в рублях/Фильтр Выручка" + nameOfBlock)): Text of object 'Object Repository/Выручка в рублях/Фильтр Выручка Выручка' is: 'ПЕРЕДАЧА ЭЛЕКТРОЭНЕРГИИ, внутренний оборот'

29-01-2025T04:10:37 - [MESSAGE][PASSED] - Text of object 'Object Repository/Выручка в рублях/Фильтр Выручка Выручка' is: 'ПЕРЕДАЧА ЭЛЕКТРОЭНЕРГИИ, внутренний оборот'

29-01-2025T04:10:37 - [TEST_STEP][PASSED] - println("viruchka" + viruchka): null

29-01-2025T04:10:37 - [TEST_STEP][PASSED] - println("vidget" + vidget): null

29-01-2025T04:10:37 - [TEST_STEP][PASSED] - println("a" + a): null

29-01-2025T04:10:37 - [TEST_STEP][PASSED] - println("b" + b): null

29-01-2025T04:10:37 - [TEST_STEP][PASSED] - sheetName = "Sheet1": null

29-01-2025T04:10:37 - [TEST_STEP][PASSED] - data = findTestData("PlanFact"): null

29-01-2025T04:10:37 - [TEST_STEP][PASSED] - n = data.getRowNumbers() + 1: null

29-01-2025T04:10:37 - [TEST_STEP][PASSED] - period = getText(findTestObject("Выручка в рублях/Фильтр Период")): Text of object 'Object Repository/Выручка в рублях/Фильтр Период' is: '2024'

29-01-2025T04:10:37 - [MESSAGE][PASSED] - Text of object 'Object Repository/Выручка в рублях/Фильтр Период' is: '2024'

29-01-2025T04:10:37 - [TEST_STEP][PASSED] - println(period): null

29-01-2025T04:10:37 - [TEST_STEP][PASSED] - dashboardName = "Выручка в рублях": null

29-01-2025T04:10:37 - [TEST_STEP][PASSED] - workbook01 = getWorkbook(excelFilePath): null

29-01-2025T04:10:37 - [TEST_STEP][PASSED] - sheet01 = getExcelSheet(workbook01, sheetName): null

29-01-2025T04:10:37 - [TEST_STEP][PASSED] - setValueToCellByIndex(sheet01, n, 0, dashboardName): null

29-01-2025T04:10:37 - [TEST_STEP][PASSED] - setValueToCellByIndex(sheet01, n, 1, dZO): null

29-01-2025T04:10:37 - [TEST_STEP][PASSED] - setValueToCellByIndex(sheet01, n, 2, vidget): null

29-01-2025T04:10:37 - [TEST_STEP][PASSED] - setValueToCellByIndex(sheet01, n, 3, viruchka): null

29-01-2025T04:10:37 - [TEST_STEP][PASSED] - setValueToCellByIndex(sheet01, n, 4, typeOfData): null

29-01-2025T04:10:37 - [TEST_STEP][PASSED] - if (a == null): null

29-01-2025T04:10:37 - [TEST_STEP][PASSED] - else: null

29-01-2025T04:10:37 - [TEST_STEP][PASSED] - setValueToCellByIndex(sheet01, n, 5, a): null

29-01-2025T04:10:37 - [TEST_STEP][PASSED] - if (b == null): null

29-01-2025T04:10:37 - [TEST_STEP][PASSED] - else: null

29-01-2025T04:10:37 - [TEST_STEP][PASSED] - setValueToCellByIndex(sheet01, n, 6, b): null

29-01-2025T04:10:37 - [TEST_STEP][PASSED] - setValueToCellByIndex(sheet01, n, 7, period): null

29-01-2025T04:10:37 - [TEST_STEP][PASSED] - setValueToCellByIndex(sheet01, n, 8, todaysDate): null

29-01-2025T04:10:37 - [TEST_STEP][PASSED] - n = n + 1: null

29-01-2025T04:10:37 - [TEST_STEP][PASSED] - saveWorkbook(excelFilePath, workbook01): null

29-01-2025T04:10:38 - [TEST_STEP][PASSED] - dZO = "Россети Волга": null

29-01-2025T04:10:38 - [TEST_STEP][PASSED] - if (verifyEqual(a33, b33) == false): Actual object 'null' and expected object 'null' are equal

29-01-2025T04:10:38 - [MESSAGE][PASSED] - Actual object 'null' and expected object 'null' are equal

29-01-2025T04:10:38 - [TEST_STEP][PASSED] - dZO = "Россети Кубань": null

29-01-2025T04:10:38 - [TEST_STEP][PASSED] - if (verifyEqual(a34, b34) == false): Actual object 'null' and expected object 'null' are equal

29-01-2025T04:10:38 - [MESSAGE][PASSED] - Actual object 'null' and expected object 'null' are equal

29-01-2025T04:10:38 - [TEST_STEP][PASSED] - dZO = "Россети Ленэнерго (ГК)": null

29-01-2025T04:10:38 - [TEST_STEP][PASSED] - if (verifyEqual(a35, b35) == false): Actual object 'null' and expected object 'null' are equal

29-01-2025T04:10:38 - [MESSAGE][PASSED] - Actual object 'null' and expected object 'null' are equal

29-01-2025T04:10:38 - [TEST_STEP][PASSED] - dZO = "Россети Московский регион": null

29-01-2025T04:10:38 - [TEST_STEP][PASSED] - if (verifyEqual(a36, b36) == false): Actual object 'null' and expected object 'null' are equal

29-01-2025T04:10:38 - [MESSAGE][PASSED] - Actual object 'null' and expected object 'null' are equal

29-01-2025T04:10:38 - [TEST_STEP][PASSED] - dZO = "Россети Северный Кавказ (ГК)": null

29-01-2025T04:10:38 - [TEST_STEP][FAILED] - if (verifyEqual(a37, b37) == false): null

29-01-2025T04:10:38 - [MESSAGE][FAILED] - Unable to verify equal between actual object '-83.49' and expected object '3.7' (Root cause: com.kms.katalon.core.exception.StepFailedException: Actual object '-83.49' and expected object '3.7' are not equal
	at com.kms.katalon.core.keyword.builtin.VerifyEqualKeyword$_verifyEqual_closure1.doCall(VerifyEqualKeyword.groovy:58)
	at com.kms.katalon.core.keyword.builtin.VerifyEqualKeyword$_verifyEqual_closure1.call(VerifyEqualKeyword.groovy)
	at com.kms.katalon.core.keyword.internal.KeywordMain.runKeyword(KeywordMain.groovy:75)
	at com.kms.katalon.core.keyword.builtin.VerifyEqualKeyword.verifyEqual(VerifyEqualKeyword.groovy:63)
	at com.kms.katalon.core.keyword.builtin.VerifyEqualKeyword.execute(VerifyEqualKeyword.groovy:44)
	at com.kms.katalon.core.keyword.internal.KeywordExecutor.executeKeywordForPlatform(KeywordExecutor.groovy:74)
	at com.kms.katalon.core.keyword.BuiltinKeywords.verifyEqual(BuiltinKeywords.groovy:146)
	at jdk.internal.reflect.GeneratedMethodAccessor25.invoke(Unknown Source)
	at java.base/jdk.internal.reflect.DelegatingMethodAccessorImpl.invoke(DelegatingMethodAccessorImpl.java:43)
	at Выручка в рублях сверка дашбордов ПАО Россети.Blocks(Выручка в рублях сверка дашбордов ПАО Россети:427)
	at Выручка в рублях сверка дашбордов ПАО Россети.ViruchkaChange(Выручка в рублях сверка дашбордов ПАО Россети:60)
	at Выручка в рублях сверка дашбордов ПАО Россети.run(Выручка в рублях сверка дашбордов ПАО Россети:55)
	at com.kms.katalon.core.main.ScriptEngine.run(ScriptEngine.java:194)
	at com.kms.katalon.core.main.ScriptEngine.runScriptAsRawText(ScriptEngine.java:119)
	at com.kms.katalon.core.main.TestCaseExecutor.runScript(TestCaseExecutor.java:448)
	at com.kms.katalon.core.main.TestCaseExecutor.doExecute(TestCaseExecutor.java:439)
	at com.kms.katalon.core.main.TestCaseExecutor.processExecutionPhase(TestCaseExecutor.java:418)
	at com.kms.katalon.core.main.TestCaseExecutor.accessMainPhase(TestCaseExecutor.java:410)
	at com.kms.katalon.core.main.TestCaseExecutor.execute(TestCaseExecutor.java:285)
	at com.kms.katalon.core.common.CommonExecutor.accessTestCaseMainPhase(CommonExecutor.java:65)
	at com.kms.katalon.core.main.TestSuiteExecutor.accessTestSuiteMainPhase(TestSuiteExecutor.java:150)
	at com.kms.katalon.core.main.TestSuiteExecutor.execute(TestSuiteExecutor.java:106)
	at com.kms.katalon.core.main.TestCaseMain.startTestSuite(TestCaseMain.java:180)
	at TempTestSuite1738107421100.run(TempTestSuite1738107421100.groovy:35)
	at java.base/jdk.internal.reflect.NativeMethodAccessorImpl.invoke0(Native Method)
	at java.base/jdk.internal.reflect.NativeMethodAccessorImpl.invoke(NativeMethodAccessorImpl.java:77)
	at java.base/jdk.internal.reflect.DelegatingMethodAccessorImpl.invoke(DelegatingMethodAccessorImpl.java:43)
)

29-01-2025T04:10:38 - [TEST_STEP][PASSED] - a = replaceAll("\s+", "").toDouble(): null

29-01-2025T04:10:38 - [TEST_STEP][PASSED] - b = replaceAll("\s+", "").toDouble(): null

29-01-2025T04:10:38 - [TEST_STEP][PASSED] - Script1710234207206.WriteToExcel(todaysDate, run, vir, block, typeOfData, viruchka, vidget, nameOfBlock, a, b, dZO): null

29-01-2025T04:10:38 - [TEST_STEP][PASSED] - println(run): null

29-01-2025T04:10:38 - [TEST_STEP][PASSED] - if (run == 1): null

29-01-2025T04:10:38 - [TEST_STEP][PASSED] - else if (run == 2): null

29-01-2025T04:10:38 - [TEST_STEP][PASSED] - typeOfData = "Проценты": null

29-01-2025T04:10:38 - [TEST_STEP][PASSED] - println("todaysDate:" + todaysDate): null

29-01-2025T04:10:38 - [TEST_STEP][PASSED] - println("typeOfData:" + typeOfData): null

29-01-2025T04:10:38 - [TEST_STEP][PASSED] - viruchka = getText(findTestObject("Выручка в рублях/Фильтр Выручка" + nameOfBlock)): Text of object 'Object Repository/Выручка в рублях/Фильтр Выручка Выручка' is: 'ПЕРЕДАЧА ЭЛЕКТРОЭНЕРГИИ, внутренний оборот'

29-01-2025T04:10:38 - [MESSAGE][PASSED] - Text of object 'Object Repository/Выручка в рублях/Фильтр Выручка Выручка' is: 'ПЕРЕДАЧА ЭЛЕКТРОЭНЕРГИИ, внутренний оборот'

29-01-2025T04:10:38 - [TEST_STEP][PASSED] - println("viruchka" + viruchka): null

29-01-2025T04:10:38 - [TEST_STEP][PASSED] - println("vidget" + vidget): null

29-01-2025T04:10:38 - [TEST_STEP][PASSED] - println("a" + a): null

29-01-2025T04:10:38 - [TEST_STEP][PASSED] - println("b" + b): null

29-01-2025T04:10:38 - [TEST_STEP][PASSED] - sheetName = "Sheet1": null

29-01-2025T04:10:38 - [TEST_STEP][PASSED] - data = findTestData("PlanFact"): null

29-01-2025T04:10:38 - [TEST_STEP][PASSED] - n = data.getRowNumbers() + 1: null

29-01-2025T04:10:38 - [TEST_STEP][PASSED] - period = getText(findTestObject("Выручка в рублях/Фильтр Период")): Text of object 'Object Repository/Выручка в рублях/Фильтр Период' is: '2024'

29-01-2025T04:10:38 - [MESSAGE][PASSED] - Text of object 'Object Repository/Выручка в рублях/Фильтр Период' is: '2024'

29-01-2025T04:10:38 - [TEST_STEP][PASSED] - println(period): null

29-01-2025T04:10:38 - [TEST_STEP][PASSED] - dashboardName = "Выручка в рублях": null

29-01-2025T04:10:38 - [TEST_STEP][PASSED] - workbook01 = getWorkbook(excelFilePath): null

29-01-2025T04:10:38 - [TEST_STEP][PASSED] - sheet01 = getExcelSheet(workbook01, sheetName): null

29-01-2025T04:10:38 - [TEST_STEP][PASSED] - setValueToCellByIndex(sheet01, n, 0, dashboardName): null

29-01-2025T04:10:38 - [TEST_STEP][PASSED] - setValueToCellByIndex(sheet01, n, 1, dZO): null

29-01-2025T04:10:38 - [TEST_STEP][PASSED] - setValueToCellByIndex(sheet01, n, 2, vidget): null

29-01-2025T04:10:38 - [TEST_STEP][PASSED] - setValueToCellByIndex(sheet01, n, 3, viruchka): null

29-01-2025T04:10:38 - [TEST_STEP][PASSED] - setValueToCellByIndex(sheet01, n, 4, typeOfData): null

29-01-2025T04:10:38 - [TEST_STEP][PASSED] - if (a == null): null

29-01-2025T04:10:38 - [TEST_STEP][PASSED] - else: null

29-01-2025T04:10:38 - [TEST_STEP][PASSED] - setValueToCellByIndex(sheet01, n, 5, a): null

29-01-2025T04:10:38 - [TEST_STEP][PASSED] - if (b == null): null

29-01-2025T04:10:38 - [TEST_STEP][PASSED] - else: null

29-01-2025T04:10:38 - [TEST_STEP][PASSED] - setValueToCellByIndex(sheet01, n, 6, b): null

29-01-2025T04:10:38 - [TEST_STEP][PASSED] - setValueToCellByIndex(sheet01, n, 7, period): null

29-01-2025T04:10:38 - [TEST_STEP][PASSED] - setValueToCellByIndex(sheet01, n, 8, todaysDate): null

29-01-2025T04:10:38 - [TEST_STEP][PASSED] - n = n + 1: null

29-01-2025T04:10:38 - [TEST_STEP][PASSED] - saveWorkbook(excelFilePath, workbook01): null

29-01-2025T04:10:39 - [TEST_STEP][PASSED] - dZO = "Россети Северо-Запад": null

29-01-2025T04:10:39 - [TEST_STEP][PASSED] - if (verifyEqual(a38, b38) == false): Actual object 'null' and expected object 'null' are equal

29-01-2025T04:10:39 - [MESSAGE][PASSED] - Actual object 'null' and expected object 'null' are equal

29-01-2025T04:10:39 - [TEST_STEP][PASSED] - dZO = "Россети Сибирь (ГК)": null

29-01-2025T04:10:39 - [TEST_STEP][PASSED] - if (verifyEqual(a39, b39) == false): Actual object 'null' and expected object 'null' are equal

29-01-2025T04:10:39 - [MESSAGE][PASSED] - Actual object 'null' and expected object 'null' are equal

29-01-2025T04:10:39 - [TEST_STEP][PASSED] - dZO = "Россети Томск": null

29-01-2025T04:10:39 - [TEST_STEP][PASSED] - if (verifyEqual(a310, b310) == false): Actual object 'null' and expected object 'null' are equal

29-01-2025T04:10:39 - [MESSAGE][PASSED] - Actual object 'null' and expected object 'null' are equal

29-01-2025T04:10:39 - [TEST_STEP][PASSED] - dZO = "Россети Тюмень": null

29-01-2025T04:10:39 - [TEST_STEP][PASSED] - if (verifyEqual(a311, b311) == false): Actual object 'null' and expected object 'null' are equal

29-01-2025T04:10:39 - [MESSAGE][PASSED] - Actual object 'null' and expected object 'null' are equal

29-01-2025T04:10:39 - [TEST_STEP][PASSED] - dZO = "Россети Урал (ГК)": null

29-01-2025T04:10:39 - [TEST_STEP][PASSED] - if (verifyEqual(a312, b312) == false): Actual object 'null' and expected object 'null' are equal

29-01-2025T04:10:39 - [MESSAGE][PASSED] - Actual object 'null' and expected object 'null' are equal

29-01-2025T04:10:39 - [TEST_STEP][PASSED] - dZO = "Россети ФСК ЕЭС": null

29-01-2025T04:10:39 - [TEST_STEP][PASSED] - if (verifyEqual(a313, b313) == false): Actual object 'null' and expected object 'null' are equal

29-01-2025T04:10:39 - [MESSAGE][PASSED] - Actual object 'null' and expected object 'null' are equal

29-01-2025T04:10:39 - [TEST_STEP][PASSED] - dZO = "Россети Центр": null

29-01-2025T04:10:39 - [TEST_STEP][PASSED] - if (verifyEqual(a314, b314) == false): Actual object 'null' and expected object 'null' are equal

29-01-2025T04:10:39 - [MESSAGE][PASSED] - Actual object 'null' and expected object 'null' are equal

29-01-2025T04:10:39 - [TEST_STEP][PASSED] - dZO = "Россети Центр и Приволжье (ГК)": null

29-01-2025T04:10:39 - [TEST_STEP][PASSED] - if (verifyEqual(a315, b315) == false): Actual object 'null' and expected object 'null' are equal

29-01-2025T04:10:39 - [MESSAGE][PASSED] - Actual object 'null' and expected object 'null' are equal

29-01-2025T04:10:39 - [TEST_STEP][PASSED] - dZO = "Россети Юг (ГК)": null

29-01-2025T04:10:39 - [TEST_STEP][FAILED] - if (verifyEqual(a316, b316) == false): null

29-01-2025T04:10:39 - [MESSAGE][FAILED] - Unable to verify equal between actual object '-84.47' and expected object '7.54' (Root cause: com.kms.katalon.core.exception.StepFailedException: Actual object '-84.47' and expected object '7.54' are not equal
	at com.kms.katalon.core.keyword.builtin.VerifyEqualKeyword$_verifyEqual_closure1.doCall(VerifyEqualKeyword.groovy:58)
	at com.kms.katalon.core.keyword.builtin.VerifyEqualKeyword$_verifyEqual_closure1.call(VerifyEqualKeyword.groovy)
	at com.kms.katalon.core.keyword.internal.KeywordMain.runKeyword(KeywordMain.groovy:75)
	at com.kms.katalon.core.keyword.builtin.VerifyEqualKeyword.verifyEqual(VerifyEqualKeyword.groovy:63)
	at com.kms.katalon.core.keyword.builtin.VerifyEqualKeyword.execute(VerifyEqualKeyword.groovy:44)
	at com.kms.katalon.core.keyword.internal.KeywordExecutor.executeKeywordForPlatform(KeywordExecutor.groovy:74)
	at com.kms.katalon.core.keyword.BuiltinKeywords.verifyEqual(BuiltinKeywords.groovy:146)
	at jdk.internal.reflect.GeneratedMethodAccessor25.invoke(Unknown Source)
	at java.base/jdk.internal.reflect.DelegatingMethodAccessorImpl.invoke(DelegatingMethodAccessorImpl.java:43)
	at Выручка в рублях сверка дашбордов ПАО Россети.Blocks(Выручка в рублях сверка дашбордов ПАО Россети:517)
	at Выручка в рублях сверка дашбордов ПАО Россети.ViruchkaChange(Выручка в рублях сверка дашбордов ПАО Россети:60)
	at Выручка в рублях сверка дашбордов ПАО Россети.run(Выручка в рублях сверка дашбордов ПАО Россети:55)
	at com.kms.katalon.core.main.ScriptEngine.run(ScriptEngine.java:194)
	at com.kms.katalon.core.main.ScriptEngine.runScriptAsRawText(ScriptEngine.java:119)
	at com.kms.katalon.core.main.TestCaseExecutor.runScript(TestCaseExecutor.java:448)
	at com.kms.katalon.core.main.TestCaseExecutor.doExecute(TestCaseExecutor.java:439)
	at com.kms.katalon.core.main.TestCaseExecutor.processExecutionPhase(TestCaseExecutor.java:418)
	at com.kms.katalon.core.main.TestCaseExecutor.accessMainPhase(TestCaseExecutor.java:410)
	at com.kms.katalon.core.main.TestCaseExecutor.execute(TestCaseExecutor.java:285)
	at com.kms.katalon.core.common.CommonExecutor.accessTestCaseMainPhase(CommonExecutor.java:65)
	at com.kms.katalon.core.main.TestSuiteExecutor.accessTestSuiteMainPhase(TestSuiteExecutor.java:150)
	at com.kms.katalon.core.main.TestSuiteExecutor.execute(TestSuiteExecutor.java:106)
	at com.kms.katalon.core.main.TestCaseMain.startTestSuite(TestCaseMain.java:180)
	at TempTestSuite1738107421100.run(TempTestSuite1738107421100.groovy:35)
	at java.base/jdk.internal.reflect.NativeMethodAccessorImpl.invoke0(Native Method)
	at java.base/jdk.internal.reflect.NativeMethodAccessorImpl.invoke(NativeMethodAccessorImpl.java:77)
	at java.base/jdk.internal.reflect.DelegatingMethodAccessorImpl.invoke(DelegatingMethodAccessorImpl.java:43)
)

29-01-2025T04:10:39 - [TEST_STEP][PASSED] - a = replaceAll("\s+", "").toDouble(): null

29-01-2025T04:10:39 - [TEST_STEP][PASSED] - b = replaceAll("\s+", "").toDouble(): null

29-01-2025T04:10:39 - [TEST_STEP][PASSED] - Script1710234207206.WriteToExcel(todaysDate, run, vir, block, typeOfData, viruchka, vidget, nameOfBlock, a, b, dZO): null

29-01-2025T04:10:39 - [TEST_STEP][PASSED] - println(run): null

29-01-2025T04:10:39 - [TEST_STEP][PASSED] - if (run == 1): null

29-01-2025T04:10:39 - [TEST_STEP][PASSED] - else if (run == 2): null

29-01-2025T04:10:39 - [TEST_STEP][PASSED] - typeOfData = "Проценты": null

29-01-2025T04:10:39 - [TEST_STEP][PASSED] - println("todaysDate:" + todaysDate): null

29-01-2025T04:10:39 - [TEST_STEP][PASSED] - println("typeOfData:" + typeOfData): null

29-01-2025T04:10:39 - [TEST_STEP][PASSED] - viruchka = getText(findTestObject("Выручка в рублях/Фильтр Выручка" + nameOfBlock)): Text of object 'Object Repository/Выручка в рублях/Фильтр Выручка Выручка' is: 'ПЕРЕДАЧА ЭЛЕКТРОЭНЕРГИИ, внутренний оборот'

29-01-2025T04:10:39 - [MESSAGE][PASSED] - Text of object 'Object Repository/Выручка в рублях/Фильтр Выручка Выручка' is: 'ПЕРЕДАЧА ЭЛЕКТРОЭНЕРГИИ, внутренний оборот'

29-01-2025T04:10:39 - [TEST_STEP][PASSED] - println("viruchka" + viruchka): null

29-01-2025T04:10:39 - [TEST_STEP][PASSED] - println("vidget" + vidget): null

29-01-2025T04:10:39 - [TEST_STEP][PASSED] - println("a" + a): null

29-01-2025T04:10:39 - [TEST_STEP][PASSED] - println("b" + b): null

29-01-2025T04:10:39 - [TEST_STEP][PASSED] - sheetName = "Sheet1": null

29-01-2025T04:10:39 - [TEST_STEP][PASSED] - data = findTestData("PlanFact"): null

29-01-2025T04:10:39 - [TEST_STEP][PASSED] - n = data.getRowNumbers() + 1: null

29-01-2025T04:10:39 - [TEST_STEP][PASSED] - period = getText(findTestObject("Выручка в рублях/Фильтр Период")): Text of object 'Object Repository/Выручка в рублях/Фильтр Период' is: '2024'

29-01-2025T04:10:39 - [MESSAGE][PASSED] - Text of object 'Object Repository/Выручка в рублях/Фильтр Период' is: '2024'

29-01-2025T04:10:39 - [TEST_STEP][PASSED] - println(period): null

29-01-2025T04:10:39 - [TEST_STEP][PASSED] - dashboardName = "Выручка в рублях": null

29-01-2025T04:10:39 - [TEST_STEP][PASSED] - workbook01 = getWorkbook(excelFilePath): null

29-01-2025T04:10:39 - [TEST_STEP][PASSED] - sheet01 = getExcelSheet(workbook01, sheetName): null

29-01-2025T04:10:39 - [TEST_STEP][PASSED] - setValueToCellByIndex(sheet01, n, 0, dashboardName): null

29-01-2025T04:10:39 - [TEST_STEP][PASSED] - setValueToCellByIndex(sheet01, n, 1, dZO): null

29-01-2025T04:10:39 - [TEST_STEP][PASSED] - setValueToCellByIndex(sheet01, n, 2, vidget): null

29-01-2025T04:10:39 - [TEST_STEP][PASSED] - setValueToCellByIndex(sheet01, n, 3, viruchka): null

29-01-2025T04:10:39 - [TEST_STEP][PASSED] - setValueToCellByIndex(sheet01, n, 4, typeOfData): null

29-01-2025T04:10:39 - [TEST_STEP][PASSED] - if (a == null): null

29-01-2025T04:10:39 - [TEST_STEP][PASSED] - else: null

29-01-2025T04:10:39 - [TEST_STEP][PASSED] - setValueToCellByIndex(sheet01, n, 5, a): null

29-01-2025T04:10:39 - [TEST_STEP][PASSED] - if (b == null): null

29-01-2025T04:10:39 - [TEST_STEP][PASSED] - else: null

29-01-2025T04:10:39 - [TEST_STEP][PASSED] - setValueToCellByIndex(sheet01, n, 6, b): null

29-01-2025T04:10:39 - [TEST_STEP][PASSED] - setValueToCellByIndex(sheet01, n, 7, period): null

29-01-2025T04:10:39 - [TEST_STEP][PASSED] - setValueToCellByIndex(sheet01, n, 8, todaysDate): null

29-01-2025T04:10:39 - [TEST_STEP][PASSED] - n = n + 1: null

29-01-2025T04:10:39 - [TEST_STEP][PASSED] - saveWorkbook(excelFilePath, workbook01): null

29-01-2025T04:10:40 - [TEST_STEP][PASSED] - dZO = "Россети Янтарь": null

29-01-2025T04:10:40 - [TEST_STEP][PASSED] - if (verifyEqual(a317, b317) == false): Actual object 'null' and expected object 'null' are equal

29-01-2025T04:10:40 - [MESSAGE][PASSED] - Actual object 'null' and expected object 'null' are equal

29-01-2025T04:10:40 - [TEST_STEP][PASSED] - closeBrowser(): Browser is closed

29-01-2025T04:10:40 - [MESSAGE][PASSED] - Browser is closed]]></system-out>
         <system-err><![CDATA[29-01-2025T02:46:11 - [TEST_CASE][FAILED] - Test Cases/Сверки дашбордов/Выручка в рублях сверка дашбордов ПАО Россети: Test Cases/Сверки дашбордов/Выручка в рублях сверка дашбордов ПАО Россети FAILED.
Reason:
com.kms.katalon.core.exception.StepFailedException: Unable to verify equal between actual object '-86.83' and expected object '0.49' (Root cause: com.kms.katalon.core.exception.StepFailedException: Actual object '-86.83' and expected object '0.49' are not equal
	at com.kms.katalon.core.keyword.builtin.VerifyEqualKeyword$_verifyEqual_closure1.doCall(VerifyEqualKeyword.groovy:58)
	at com.kms.katalon.core.keyword.builtin.VerifyEqualKeyword$_verifyEqual_closure1.call(VerifyEqualKeyword.groovy)
	at com.kms.katalon.core.keyword.internal.KeywordMain.runKeyword(KeywordMain.groovy:75)
	at com.kms.katalon.core.keyword.builtin.VerifyEqualKeyword.verifyEqual(VerifyEqualKeyword.groovy:63)
	at com.kms.katalon.core.keyword.builtin.VerifyEqualKeyword.execute(VerifyEqualKeyword.groovy:44)
	at com.kms.katalon.core.keyword.internal.KeywordExecutor.executeKeywordForPlatform(KeywordExecutor.groovy:74)
	at com.kms.katalon.core.keyword.BuiltinKeywords.verifyEqual(BuiltinKeywords.groovy:146)
	at jdk.internal.reflect.GeneratedMethodAccessor25.invoke(Unknown Source)
	at java.base/jdk.internal.reflect.DelegatingMethodAccessorImpl.invoke(DelegatingMethodAccessorImpl.java:43)
	at Выручка в рублях сверка дашбордов ПАО Россети.Blocks(Выручка в рублях сверка дашбордов ПАО Россети:357)
	at Выручка в рублях сверка дашбордов ПАО Россети.ViruchkaChange(Выручка в рублях сверка дашбордов ПАО Россети:60)
	at Выручка в рублях сверка дашбордов ПАО Россети.run(Выручка в рублях сверка дашбордов ПАО Россети:55)
	at com.kms.katalon.core.main.ScriptEngine.run(ScriptEngine.java:194)
	at com.kms.katalon.core.main.ScriptEngine.runScriptAsRawText(ScriptEngine.java:119)
	at com.kms.katalon.core.main.TestCaseExecutor.runScript(TestCaseExecutor.java:448)
	at com.kms.katalon.core.main.TestCaseExecutor.doExecute(TestCaseExecutor.java:439)
	at com.kms.katalon.core.main.TestCaseExecutor.processExecutionPhase(TestCaseExecutor.java:418)
	at com.kms.katalon.core.main.TestCaseExecutor.accessMainPhase(TestCaseExecutor.java:410)
	at com.kms.katalon.core.main.TestCaseExecutor.execute(TestCaseExecutor.java:285)
	at com.kms.katalon.core.common.CommonExecutor.accessTestCaseMainPhase(CommonExecutor.java:65)
	at com.kms.katalon.core.main.TestSuiteExecutor.accessTestSuiteMainPhase(TestSuiteExecutor.java:150)
	at com.kms.katalon.core.main.TestSuiteExecutor.execute(TestSuiteExecutor.java:106)
	at com.kms.katalon.core.main.TestCaseMain.startTestSuite(TestCaseMain.java:180)
	at TempTestSuite1738107421100.run(TempTestSuite1738107421100.groovy:35)
	at java.base/jdk.internal.reflect.NativeMethodAccessorImpl.invoke0(Native Method)
	at java.base/jdk.internal.reflect.NativeMethodAccessorImpl.invoke(NativeMethodAccessorImpl.java:77)
	at java.base/jdk.internal.reflect.DelegatingMethodAccessorImpl.invoke(DelegatingMethodAccessorImpl.java:43)
)
	at com.kms.katalon.core.keyword.internal.KeywordMain.stepFailed(KeywordMain.groovy:39)
	at com.kms.katalon.core.keyword.internal.KeywordMain.stepFailed(KeywordMain.groovy)
	at com.kms.katalon.core.keyword.internal.KeywordMain.runKeyword(KeywordMain.groovy:77)
	at com.kms.katalon.core.keyword.builtin.VerifyEqualKeyword.verifyEqual(VerifyEqualKeyword.groovy:63)
	at com.kms.katalon.core.keyword.builtin.VerifyEqualKeyword.execute(VerifyEqualKeyword.groovy:44)
	at com.kms.katalon.core.keyword.internal.KeywordExecutor.executeKeywordForPlatform(KeywordExecutor.groovy:74)
	at com.kms.katalon.core.keyword.BuiltinKeywords.verifyEqual(BuiltinKeywords.groovy:146)
	at jdk.internal.reflect.GeneratedMethodAccessor25.invoke(Unknown Source)
	at java.base/jdk.internal.reflect.DelegatingMethodAccessorImpl.invoke(DelegatingMethodAccessorImpl.java:43)
	at Выручка в рублях сверка дашбордов ПАО Россети.Blocks(Выручка в рублях сверка дашбордов ПАО Россети:357)
	at Выручка в рублях сверка дашбордов ПАО Россети.ViruchkaChange(Выручка в рублях сверка дашбордов ПАО Россети:60)
	at Выручка в рублях сверка дашбордов ПАО Россети.run(Выручка в рублях сверка дашбордов ПАО Россети:55)
	at com.kms.katalon.core.main.ScriptEngine.run(ScriptEngine.java:194)
	at com.kms.katalon.core.main.ScriptEngine.runScriptAsRawText(ScriptEngine.java:119)
	at com.kms.katalon.core.main.TestCaseExecutor.runScript(TestCaseExecutor.java:448)
	at com.kms.katalon.core.main.TestCaseExecutor.doExecute(TestCaseExecutor.java:439)
	at com.kms.katalon.core.main.TestCaseExecutor.processExecutionPhase(TestCaseExecutor.java:418)
	at com.kms.katalon.core.main.TestCaseExecutor.accessMainPhase(TestCaseExecutor.java:410)
	at com.kms.katalon.core.main.TestCaseExecutor.execute(TestCaseExecutor.java:285)
	at com.kms.katalon.core.common.CommonExecutor.accessTestCaseMainPhase(CommonExecutor.java:65)
	at com.kms.katalon.core.main.TestSuiteExecutor.accessTestSuiteMainPhase(TestSuiteExecutor.java:150)
	at com.kms.katalon.core.main.TestSuiteExecutor.execute(TestSuiteExecutor.java:106)
	at com.kms.katalon.core.main.TestCaseMain.startTestSuite(TestCaseMain.java:180)
	at TempTestSuite1738107421100.run(TempTestSuite1738107421100.groovy:35)
	at java.base/jdk.internal.reflect.NativeMethodAccessorImpl.invoke0(Native Method)
	at java.base/jdk.internal.reflect.NativeMethodAccessorImpl.invoke(NativeMethodAccessorImpl.java:77)
	at java.base/jdk.internal.reflect.DelegatingMethodAccessorImpl.invoke(DelegatingMethodAccessorImpl.java:43)
Caused by: com.kms.katalon.core.exception.StepFailedException: Actual object '-86.83' and expected object '0.49' are not equal
	at com.kms.katalon.core.keyword.builtin.VerifyEqualKeyword$_verifyEqual_closure1.doCall(VerifyEqualKeyword.groovy:58)
	at com.kms.katalon.core.keyword.builtin.VerifyEqualKeyword$_verifyEqual_closure1.call(VerifyEqualKeyword.groovy)
	at com.kms.katalon.core.keyword.internal.KeywordMain.runKeyword(KeywordMain.groovy:75)
	... 24 more]]></system-err>
      </testcase>
      <testcase name="Test Cases/Сверки дашбордов/Выручка по ДЗО сверка дашбордов" time="176.992" classname="Test Cases/Сверки дашбордов/Выручка по ДЗО сверка дашбордов" status="FAILED">
         <failure type="FAILED" message="Test Cases/Сверки дашбордов/Выручка по ДЗО сверка дашбордов FAILED.&#xa;Reason:&#xa;com.kms.katalon.core.exception.StepFailedException: Unable to click on object 'Object Repository/Выручка по ДЗО/2024 год Выручка' (Root cause: com.kms.katalon.core.exception.StepFailedException: Unable to click on object 'Object Repository/Выручка по ДЗО/2024 год Выручка'&#xa;	at com.kms.katalon.core.webui.keyword.internal.WebUIKeywordMain.stepFailed(WebUIKeywordMain.groovy:64)&#xa;	at com.kms.katalon.core.webui.keyword.internal.WebUIKeywordMain.runKeyword(WebUIKeywordMain.groovy:26)&#xa;	at com.kms.katalon.core.webui.keyword.builtin.ClickKeyword.click(ClickKeyword.groovy:74)&#xa;	at com.kms.katalon.core.webui.keyword.builtin.ClickKeyword.execute(ClickKeyword.groovy:40)&#xa;	at com.kms.katalon.core.keyword.internal.KeywordExecutor.executeKeywordForPlatform(KeywordExecutor.groovy:74)&#xa;	at com.kms.katalon.core.webui.keyword.WebUiBuiltInKeywords.click(WebUiBuiltInKeywords.groovy:659)&#xa;	at Выручка по ДЗО сверка дашбордов.run(Выручка по ДЗО сверка дашбордов:105)&#xa;	at com.kms.katalon.core.main.ScriptEngine.run(ScriptEngine.java:194)&#xa;	at com.kms.katalon.core.main.ScriptEngine.runScriptAsRawText(ScriptEngine.java:119)&#xa;	at com.kms.katalon.core.main.TestCaseExecutor.runScript(TestCaseExecutor.java:448)&#xa;	at com.kms.katalon.core.main.TestCaseExecutor.doExecute(TestCaseExecutor.java:439)&#xa;	at com.kms.katalon.core.main.TestCaseExecutor.processExecutionPhase(TestCaseExecutor.java:418)&#xa;	at com.kms.katalon.core.main.TestCaseExecutor.accessMainPhase(TestCaseExecutor.java:410)&#xa;	at com.kms.katalon.core.main.TestCaseExecutor.execute(TestCaseExecutor.java:285)&#xa;	at com.kms.katalon.core.common.CommonExecutor.accessTestCaseMainPhase(CommonExecutor.java:65)&#xa;	at com.kms.katalon.core.main.TestSuiteExecutor.accessTestSuiteMainPhase(TestSuiteExecutor.java:150)&#xa;	at com.kms.katalon.core.main.TestSuiteExecutor.execute(TestSuiteExecutor.java:106)&#xa;	at com.kms.katalon.core.main.TestCaseMain.startTestSuite(TestCaseMain.java:180)&#xa;	at TempTestSuite1738107421100.run(TempTestSuite1738107421100.groovy:35)&#xa;	at java.base/jdk.internal.reflect.NativeMethodAccessorImpl.invoke0(Native Method)&#xa;	at java.base/jdk.internal.reflect.NativeMethodAccessorImpl.invoke(NativeMethodAccessorImpl.java:77)&#xa;	at java.base/jdk.internal.reflect.DelegatingMethodAccessorImpl.invoke(DelegatingMethodAccessorImpl.java:43)&#xa;Caused by: com.kms.katalon.core.webui.exception.WebElementNotFoundException: Web element with id: 'Object Repository/Выручка по ДЗО/2024 год Выручка' located by '//li[10]/div/i/i' not found&#xa;	at com.kms.katalon.core.webui.common.WebUiCommonHelper.findWebElement(WebUiCommonHelper.java:1426)&#xa;	at com.kms.katalon.core.webui.keyword.internal.WebUIAbstractKeyword.findWebElement(WebUIAbstractKeyword.groovy:27)&#xa;	at com.kms.katalon.core.webui.keyword.builtin.ClickKeyword$_click_closure1.doCall(ClickKeyword.groovy:65)&#xa;	at com.kms.katalon.core.webui.keyword.builtin.ClickKeyword$_click_closure1.call(ClickKeyword.groovy)&#xa;	at com.kms.katalon.core.webui.keyword.internal.WebUIKeywordMain.runKeyword(WebUIKeywordMain.groovy:20)&#xa;	at com.kms.katalon.core.webui.keyword.builtin.ClickKeyword.click(ClickKeyword.groovy:74)&#xa;	at com.kms.katalon.core.webui.keyword.builtin.ClickKeyword.execute(ClickKeyword.groovy:40)&#xa;	at com.kms.katalon.core.keyword.internal.KeywordExecutor.executeKeywordForPlatform(KeywordExecutor.groovy:74)&#xa;	at com.kms.katalon.core.webui.keyword.WebUiBuiltInKeywords.click(WebUiBuiltInKeywords.groovy:659)&#xa;	at Script1679562813597.run(Script1679562813597.groovy:105)&#xa;	... 15 more&#xa;)&#xa;	at com.kms.katalon.core.keyword.internal.KeywordMain.stepFailed(KeywordMain.groovy:39)&#xa;	at com.kms.katalon.core.webui.keyword.internal.WebUIKeywordMain.stepFailed(WebUIKeywordMain.groovy:64)&#xa;	at com.kms.katalon.core.webui.keyword.internal.WebUIKeywordMain.runKeyword(WebUIKeywordMain.groovy:26)&#xa;	at com.kms.katalon.core.webui.keyword.builtin.ClickKeyword.click(ClickKeyword.groovy:74)&#xa;	at com.kms.katalon.core.webui.keyword.builtin.ClickKeyword.execute(ClickKeyword.groovy:40)&#xa;	at com.kms.katalon.core.keyword.internal.KeywordExecutor.executeKeywordForPlatform(KeywordExecutor.groovy:74)&#xa;	at com.kms.katalon.core.webui.keyword.WebUiBuiltInKeywords.click(WebUiBuiltInKeywords.groovy:659)&#xa;	at Выручка по ДЗО сверка дашбордов.run(Выручка по ДЗО сверка дашбордов:105)&#xa;	at com.kms.katalon.core.main.ScriptEngine.run(ScriptEngine.java:194)&#xa;	at com.kms.katalon.core.main.ScriptEngine.runScriptAsRawText(ScriptEngine.java:119)&#xa;	at com.kms.katalon.core.main.TestCaseExecutor.runScript(TestCaseExecutor.java:448)&#xa;	at com.kms.katalon.core.main.TestCaseExecutor.doExecute(TestCaseExecutor.java:439)&#xa;	at com.kms.katalon.core.main.TestCaseExecutor.processExecutionPhase(TestCaseExecutor.java:418)&#xa;	at com.kms.katalon.core.main.TestCaseExecutor.accessMainPhase(TestCaseExecutor.java:410)&#xa;	at com.kms.katalon.core.main.TestCaseExecutor.execute(TestCaseExecutor.java:285)&#xa;	at com.kms.katalon.core.common.CommonExecutor.accessTestCaseMainPhase(CommonExecutor.java:65)&#xa;	at com.kms.katalon.core.main.TestSuiteExecutor.accessTestSuiteMainPhase(TestSuiteExecutor.java:150)&#xa;	at com.kms.katalon.core.main.TestSuiteExecutor.execute(TestSuiteExecutor.java:106)&#xa;	at com.kms.katalon.core.main.TestCaseMain.startTestSuite(TestCaseMain.java:180)&#xa;	at TempTestSuite1738107421100.run(TempTestSuite1738107421100.groovy:35)&#xa;	at java.base/jdk.internal.reflect.NativeMethodAccessorImpl.invoke0(Native Method)&#xa;	at java.base/jdk.internal.reflect.NativeMethodAccessorImpl.invoke(NativeMethodAccessorImpl.java:77)&#xa;	at java.base/jdk.internal.reflect.DelegatingMethodAccessorImpl.invoke(DelegatingMethodAccessorImpl.java:43)&#xa;Caused by: com.kms.katalon.core.exception.StepFailedException: Unable to click on object 'Object Repository/Выручка по ДЗО/2024 год Выручка'&#xa;	... 22 more&#xa;Caused by: com.kms.katalon.core.webui.exception.WebElementNotFoundException: Web element with id: 'Object Repository/Выручка по ДЗО/2024 год Выручка' located by '//li[10]/div/i/i' not found&#xa;	at com.kms.katalon.core.webui.common.WebUiCommonHelper.findWebElement(WebUiCommonHelper.java:1426)&#xa;	at com.kms.katalon.core.webui.keyword.internal.WebUIAbstractKeyword.findWebElement(WebUIAbstractKeyword.groovy:27)&#xa;	at com.kms.katalon.core.webui.keyword.builtin.ClickKeyword$_click_closure1.doCall(ClickKeyword.groovy:65)&#xa;	at com.kms.katalon.core.webui.keyword.builtin.ClickKeyword$_click_closure1.call(ClickKeyword.groovy)&#xa;	at com.kms.katalon.core.webui.keyword.internal.WebUIKeywordMain.runKeyword(WebUIKeywordMain.groovy:20)&#xa;	... 20 more&#xa;"/>
         <system-out><![CDATA[29-01-2025T04:10:40 - [TEST_CASE][FAILED] - Test Cases/Сверки дашбордов/Выручка по ДЗО сверка дашбордов: Test Cases/Сверки дашбордов/Выручка по ДЗО сверка дашбордов FAILED.
Reason:
com.kms.katalon.core.exception.StepFailedException: Unable to click on object 'Object Repository/Выручка по ДЗО/2024 год Выручка' (Root cause: com.kms.katalon.core.exception.StepFailedException: Unable to click on object 'Object Repository/Выручка по ДЗО/2024 год Выручка'
	at com.kms.katalon.core.webui.keyword.internal.WebUIKeywordMain.stepFailed(WebUIKeywordMain.groovy:64)
	at com.kms.katalon.core.webui.keyword.internal.WebUIKeywordMain.runKeyword(WebUIKeywordMain.groovy:26)
	at com.kms.katalon.core.webui.keyword.builtin.ClickKeyword.click(ClickKeyword.groovy:74)
	at com.kms.katalon.core.webui.keyword.builtin.ClickKeyword.execute(ClickKeyword.groovy:40)
	at com.kms.katalon.core.keyword.internal.KeywordExecutor.executeKeywordForPlatform(KeywordExecutor.groovy:74)
	at com.kms.katalon.core.webui.keyword.WebUiBuiltInKeywords.click(WebUiBuiltInKeywords.groovy:659)
	at Выручка по ДЗО сверка дашбордов.run(Выручка по ДЗО сверка дашбордов:105)
	at com.kms.katalon.core.main.ScriptEngine.run(ScriptEngine.java:194)
	at com.kms.katalon.core.main.ScriptEngine.runScriptAsRawText(ScriptEngine.java:119)
	at com.kms.katalon.core.main.TestCaseExecutor.runScript(TestCaseExecutor.java:448)
	at com.kms.katalon.core.main.TestCaseExecutor.doExecute(TestCaseExecutor.java:439)
	at com.kms.katalon.core.main.TestCaseExecutor.processExecutionPhase(TestCaseExecutor.java:418)
	at com.kms.katalon.core.main.TestCaseExecutor.accessMainPhase(TestCaseExecutor.java:410)
	at com.kms.katalon.core.main.TestCaseExecutor.execute(TestCaseExecutor.java:285)
	at com.kms.katalon.core.common.CommonExecutor.accessTestCaseMainPhase(CommonExecutor.java:65)
	at com.kms.katalon.core.main.TestSuiteExecutor.accessTestSuiteMainPhase(TestSuiteExecutor.java:150)
	at com.kms.katalon.core.main.TestSuiteExecutor.execute(TestSuiteExecutor.java:106)
	at com.kms.katalon.core.main.TestCaseMain.startTestSuite(TestCaseMain.java:180)
	at TempTestSuite1738107421100.run(TempTestSuite1738107421100.groovy:35)
	at java.base/jdk.internal.reflect.NativeMethodAccessorImpl.invoke0(Native Method)
	at java.base/jdk.internal.reflect.NativeMethodAccessorImpl.invoke(NativeMethodAccessorImpl.java:77)
	at java.base/jdk.internal.reflect.DelegatingMethodAccessorImpl.invoke(DelegatingMethodAccessorImpl.java:43)
Caused by: com.kms.katalon.core.webui.exception.WebElementNotFoundException: Web element with id: 'Object Repository/Выручка по ДЗО/2024 год Выручка' located by '//li[10]/div/i/i' not found
	at com.kms.katalon.core.webui.common.WebUiCommonHelper.findWebElement(WebUiCommonHelper.java:1426)
	at com.kms.katalon.core.webui.keyword.internal.WebUIAbstractKeyword.findWebElement(WebUIAbstractKeyword.groovy:27)
	at com.kms.katalon.core.webui.keyword.builtin.ClickKeyword$_click_closure1.doCall(ClickKeyword.groovy:65)
	at com.kms.katalon.core.webui.keyword.builtin.ClickKeyword$_click_closure1.call(ClickKeyword.groovy)
	at com.kms.katalon.core.webui.keyword.internal.WebUIKeywordMain.runKeyword(WebUIKeywordMain.groovy:20)
	at com.kms.katalon.core.webui.keyword.builtin.ClickKeyword.click(ClickKeyword.groovy:74)
	at com.kms.katalon.core.webui.keyword.builtin.ClickKeyword.execute(ClickKeyword.groovy:40)
	at com.kms.katalon.core.keyword.internal.KeywordExecutor.executeKeywordForPlatform(KeywordExecutor.groovy:74)
	at com.kms.katalon.core.webui.keyword.WebUiBuiltInKeywords.click(WebUiBuiltInKeywords.groovy:659)
	at Script1679562813597.run(Script1679562813597.groovy:105)
	... 15 more
)
	at com.kms.katalon.core.keyword.internal.KeywordMain.stepFailed(KeywordMain.groovy:39)
	at com.kms.katalon.core.webui.keyword.internal.WebUIKeywordMain.stepFailed(WebUIKeywordMain.groovy:64)
	at com.kms.katalon.core.webui.keyword.internal.WebUIKeywordMain.runKeyword(WebUIKeywordMain.groovy:26)
	at com.kms.katalon.core.webui.keyword.builtin.ClickKeyword.click(ClickKeyword.groovy:74)
	at com.kms.katalon.core.webui.keyword.builtin.ClickKeyword.execute(ClickKeyword.groovy:40)
	at com.kms.katalon.core.keyword.internal.KeywordExecutor.executeKeywordForPlatform(KeywordExecutor.groovy:74)
	at com.kms.katalon.core.webui.keyword.WebUiBuiltInKeywords.click(WebUiBuiltInKeywords.groovy:659)
	at Выручка по ДЗО сверка дашбордов.run(Выручка по ДЗО сверка дашбордов:105)
	at com.kms.katalon.core.main.ScriptEngine.run(ScriptEngine.java:194)
	at com.kms.katalon.core.main.ScriptEngine.runScriptAsRawText(ScriptEngine.java:119)
	at com.kms.katalon.core.main.TestCaseExecutor.runScript(TestCaseExecutor.java:448)
	at com.kms.katalon.core.main.TestCaseExecutor.doExecute(TestCaseExecutor.java:439)
	at com.kms.katalon.core.main.TestCaseExecutor.processExecutionPhase(TestCaseExecutor.java:418)
	at com.kms.katalon.core.main.TestCaseExecutor.accessMainPhase(TestCaseExecutor.java:410)
	at com.kms.katalon.core.main.TestCaseExecutor.execute(TestCaseExecutor.java:285)
	at com.kms.katalon.core.common.CommonExecutor.accessTestCaseMainPhase(CommonExecutor.java:65)
	at com.kms.katalon.core.main.TestSuiteExecutor.accessTestSuiteMainPhase(TestSuiteExecutor.java:150)
	at com.kms.katalon.core.main.TestSuiteExecutor.execute(TestSuiteExecutor.java:106)
	at com.kms.katalon.core.main.TestCaseMain.startTestSuite(TestCaseMain.java:180)
	at TempTestSuite1738107421100.run(TempTestSuite1738107421100.groovy:35)
	at java.base/jdk.internal.reflect.NativeMethodAccessorImpl.invoke0(Native Method)
	at java.base/jdk.internal.reflect.NativeMethodAccessorImpl.invoke(NativeMethodAccessorImpl.java:77)
	at java.base/jdk.internal.reflect.DelegatingMethodAccessorImpl.invoke(DelegatingMethodAccessorImpl.java:43)
Caused by: com.kms.katalon.core.exception.StepFailedException: Unable to click on object 'Object Repository/Выручка по ДЗО/2024 год Выручка'
	... 22 more
Caused by: com.kms.katalon.core.webui.exception.WebElementNotFoundException: Web element with id: 'Object Repository/Выручка по ДЗО/2024 год Выручка' located by '//li[10]/div/i/i' not found
	at com.kms.katalon.core.webui.common.WebUiCommonHelper.findWebElement(WebUiCommonHelper.java:1426)
	at com.kms.katalon.core.webui.keyword.internal.WebUIAbstractKeyword.findWebElement(WebUIAbstractKeyword.groovy:27)
	at com.kms.katalon.core.webui.keyword.builtin.ClickKeyword$_click_closure1.doCall(ClickKeyword.groovy:65)
	at com.kms.katalon.core.webui.keyword.builtin.ClickKeyword$_click_closure1.call(ClickKeyword.groovy)
	at com.kms.katalon.core.webui.keyword.internal.WebUIKeywordMain.runKeyword(WebUIKeywordMain.groovy:20)
	... 20 more


29-01-2025T04:10:40 - [TEST_STEP][PASSED] - date = new java.util.Date(): null

29-01-2025T04:10:40 - [TEST_STEP][PASSED] - todaysDate = date.format("dd.MM.yyyy"): null

29-01-2025T04:10:40 - [TEST_STEP][PASSED] - println(todaysDate): null

29-01-2025T04:10:40 - [TEST_STEP][PASSED] - openBrowser(""): Browser is opened with url: ''

29-01-2025T04:10:40 - [MESSAGE][INFO] - Starting 'Chrome' driver

29-01-2025T04:10:40 - [MESSAGE][INFO] - Action delay is set to 0 milliseconds

29-01-2025T04:10:41 - [MESSAGE][PASSED] - Browser is opened with url: ''

29-01-2025T04:10:41 - [TEST_STEP][PASSED] - navigateToUrl(findTestData("PlanFact").getValue(10, 5)): Navigate to 'https://bi.rosseti.digital/viewer?dashboardGuid=2301950b23be4ed89c1df75f2020051e&sheetGuid=31530aa0b6664c09b016b7f2ab9d853e&fit=true' successfully

29-01-2025T04:10:49 - [MESSAGE][PASSED] - Navigate to 'https://bi.rosseti.digital/viewer?dashboardGuid=2301950b23be4ed89c1df75f2020051e&sheetGuid=31530aa0b6664c09b016b7f2ab9d853e&fit=true' successfully

29-01-2025T04:10:49 - [TEST_STEP][PASSED] - setText(findTestObject("Страница авторизации/input__username"), findTestData("PlanFact").getValue(8, 1)): Text 'liazgina-di' is set on object 'Object Repository/Страница авторизации/input__username'

29-01-2025T04:10:51 - [MESSAGE][PASSED] - Text 'liazgina-di' is set on object 'Object Repository/Страница авторизации/input__username'

29-01-2025T04:10:51 - [TEST_STEP][PASSED] - setText(findTestObject("Страница авторизации/input__password"), findTestData("PlanFact").getValue(9, 1)): Text ')$%5srZ8o688Dm#q' is set on object 'Object Repository/Страница авторизации/input__password'

29-01-2025T04:10:51 - [MESSAGE][PASSED] - Text ')$%5srZ8o688Dm#q' is set on object 'Object Repository/Страница авторизации/input__password'

29-01-2025T04:10:51 - [TEST_STEP][PASSED] - click(findTestObject("Страница авторизации/button_")): Object: 'Object Repository/Страница авторизации/button_' is clicked on

29-01-2025T04:10:53 - [MESSAGE][PASSED] - Object: 'Object Repository/Страница авторизации/button_' is clicked on

29-01-2025T04:10:53 - [TEST_STEP][PASSED] - delay(30): Delayed 30 second(s)

29-01-2025T04:11:23 - [MESSAGE][PASSED] - Delayed 30 second(s)

29-01-2025T04:11:23 - [TEST_STEP][PASSED] - click(findTestObject("Выручка по ДЗО/Фильтр Дата")): Object: 'Object Repository/Выручка по ДЗО/Фильтр Дата' is clicked on

29-01-2025T04:11:23 - [MESSAGE][PASSED] - Object: 'Object Repository/Выручка по ДЗО/Фильтр Дата' is clicked on

29-01-2025T04:11:23 - [TEST_STEP][PASSED] - click(findTestObject("Выручка по ДЗО/Снять выделение в фильтре Дата")): Object: 'Object Repository/Выручка по ДЗО/Снять выделение в фильтре Дата' is clicked on

29-01-2025T04:11:24 - [MESSAGE][PASSED] - Object: 'Object Repository/Выручка по ДЗО/Снять выделение в фильтре Дата' is clicked on

29-01-2025T04:11:24 - [TEST_STEP][PASSED] - click(findTestObject("Выручка по ДЗО/Применить в фильтре Дата")): Object: 'Object Repository/Выручка по ДЗО/Применить в фильтре Дата' is clicked on

29-01-2025T04:11:24 - [MESSAGE][PASSED] - Object: 'Object Repository/Выручка по ДЗО/Применить в фильтре Дата' is clicked on

29-01-2025T04:11:24 - [TEST_STEP][PASSED] - click(findTestObject("Выручка по ДЗО/Фильтр Дата")): Object: 'Object Repository/Выручка по ДЗО/Фильтр Дата' is clicked on

29-01-2025T04:11:25 - [MESSAGE][PASSED] - Object: 'Object Repository/Выручка по ДЗО/Фильтр Дата' is clicked on

29-01-2025T04:11:25 - [TEST_STEP][PASSED] - click(findTestObject("Выручка по ДЗО/Снять выделение в фильтре Дата")): Object: 'Object Repository/Выручка по ДЗО/Снять выделение в фильтре Дата' is clicked on

29-01-2025T04:11:26 - [MESSAGE][PASSED] - Object: 'Object Repository/Выручка по ДЗО/Снять выделение в фильтре Дата' is clicked on

29-01-2025T04:11:26 - [TEST_STEP][PASSED] - scrollToElement(findTestObject("Выручка по ДЗО/2024 список"), 30): Scroll to object 'Object Repository/Выручка по ДЗО/2024 список' successfully

29-01-2025T04:11:26 - [MESSAGE][PASSED] - Scroll to object 'Object Repository/Выручка по ДЗО/2024 список' successfully

29-01-2025T04:11:26 - [TEST_STEP][PASSED] - click(findTestObject("Выручка по ДЗО/2024 год")): Object: 'Object Repository/Выручка по ДЗО/2024 год' is clicked on

29-01-2025T04:11:27 - [MESSAGE][PASSED] - Object: 'Object Repository/Выручка по ДЗО/2024 год' is clicked on

29-01-2025T04:11:27 - [TEST_STEP][PASSED] - scrollToElement(findTestObject("Выручка по ДЗО/Заголовок дашборда"), 30): Scroll to object 'Object Repository/Выручка по ДЗО/Заголовок дашборда' successfully

29-01-2025T04:11:27 - [MESSAGE][PASSED] - Scroll to object 'Object Repository/Выручка по ДЗО/Заголовок дашборда' successfully

29-01-2025T04:11:27 - [TEST_STEP][PASSED] - click(findTestObject("Выручка по ДЗО/Применить в фильтре Дата")): Object: 'Object Repository/Выручка по ДЗО/Применить в фильтре Дата' is clicked on

29-01-2025T04:11:28 - [MESSAGE][PASSED] - Object: 'Object Repository/Выручка по ДЗО/Применить в фильтре Дата' is clicked on

29-01-2025T04:11:28 - [TEST_STEP][PASSED] - delay(30): Delayed 30 second(s)

29-01-2025T04:11:58 - [MESSAGE][PASSED] - Delayed 30 second(s)

29-01-2025T04:11:58 - [TEST_STEP][PASSED] - a1 = getText(findTestObject("Выручка по ДЗО/График1 Выполнение плановых показателей Блок руководителя")): Text of object 'Object Repository/Выручка по ДЗО/График1 Выполнение плановых показателей Блок руководителя' is: '1 948 1 948
4 573 4 573
80 156 80 156
74 811 74 811
102 692 102 692
211 239 211 239
32 059 32 059
54 528 54 528
71 092 71 092
9 660 9 660
84 600 84 600
106 135 106 135
309 604 309 604
117 755 117 755
126 057 126 057
52 535 52 535
9 778 9 778
2 381 2 381
4 719 4 719
80 331 80 331
80 126 80 126
108 460 108 460
220 183 220 183
33 010 33 010
55 224 55 224
73 716 73 716
9 858 9 858
77 271 77 271
108 049 108 049
286 458 286 458
121 447 121 447
131 217 131 217
53 742 53 742
10 167 10 167
План
Факт
АО «Тываэнерго»
АО «Чеченэнерго»
Россети Волга
Россети Кубань
Россети Ленэнерго (ГК)
Россети Московский регион
Россети Северный Кавказ (ГК)
Россети Северо-Запад
Россети Сибирь (ГК)
Россети Томск
Россети Тюмень
Россети Урал (ГК)
Россети ФСК ЕЭС
Россети Центр
Россети Центр и Приволжье (ГК)
Россети Юг (ГК)
Россети Янтарь
0 млн. руб.
50 000 млн. руб.
100 000 млн. руб.
150 000 млн. руб.
200 000 млн. руб.
250 000 млн. руб.
300 000 млн. руб.
350 000 млн. руб.'

29-01-2025T04:11:58 - [MESSAGE][PASSED] - Text of object 'Object Repository/Выручка по ДЗО/График1 Выполнение плановых показателей Блок руководителя' is: '1 948 1 948
4 573 4 573
80 156 80 156
74 811 74 811
102 692 102 692
211 239 211 239
32 059 32 059
54 528 54 528
71 092 71 092
9 660 9 660
84 600 84 600
106 135 106 135
309 604 309 604
117 755 117 755
126 057 126 057
52 535 52 535
9 778 9 778
2 381 2 381
4 719 4 719
80 331 80 331
80 126 80 126
108 460 108 460
220 183 220 183
33 010 33 010
55 224 55 224
73 716 73 716
9 858 9 858
77 271 77 271
108 049 108 049
286 458 286 458
121 447 121 447
131 217 131 217
53 742 53 742
10 167 10 167
План
Факт
АО «Тываэнерго»
АО «Чеченэнерго»
Россети Волга
Россети Кубань
Россети Ленэнерго (ГК)
Россети Московский регион
Россети Северный Кавказ (ГК)
Россети Северо-Запад
Россети Сибирь (ГК)
Россети Томск
Россети Тюмень
Россети Урал (ГК)
Россети ФСК ЕЭС
Россети Центр
Россети Центр и Приволжье (ГК)
Россети Юг (ГК)
Россети Янтарь
0 млн. руб.
50 000 млн. руб.
100 000 млн. руб.
150 000 млн. руб.
200 000 млн. руб.
250 000 млн. руб.
300 000 млн. руб.
350 000 млн. руб.'

29-01-2025T04:11:58 - [TEST_STEP][PASSED] - println("a1: " + a1): null

29-01-2025T04:11:58 - [TEST_STEP][PASSED] - i = a1.indexOf("План"): null

29-01-2025T04:11:58 - [TEST_STEP][PASSED] - a1 = a1.substring(0, i): null

29-01-2025T04:11:58 - [TEST_STEP][PASSED] - println("a1: " + a1): null

29-01-2025T04:11:58 - [TEST_STEP][PASSED] - a2 = getText(findTestObject("Выручка по ДЗО/График2 Выполнение плановых показателей Блок руководителя")): Text of object 'Object Repository/Выручка по ДЗО/График2 Выполнение плановых показателей Блок руководителя' is: '0,16%0,16%
0,32%0,32%
5,52%5,52%
5,5%5,5%
7,45%7,45%
15,12%15,12%
2,27%2,27%
3,79%3,79%
5,06%5,06%
0,68%0,68%
5,31%5,31%
7,42%7,42%
19,67%19,67%
8,34%8,34%
9,01%9,01%
3,69%3,69%
0,7%0,7%
АО «Тываэнерго»
АО «Чеченэнерго»
Россети Волга
Россети Кубань
Россети Ленэнерго (ГК)
Россети Московский регион
Россети Северный Кавказ (ГК)
Россети Северо-Запад
Россети Сибирь (ГК)
Россети Томск
Россети Тюмень
Россети Урал (ГК)
Россети ФСК ЕЭС
Россети Центр
Россети Центр и Приволжье (ГК)
Россети Юг (ГК)
Россети Янтарь
Россети Центр и Приволжье (ГК): 131 216 535,98'

29-01-2025T04:11:58 - [MESSAGE][PASSED] - Text of object 'Object Repository/Выручка по ДЗО/График2 Выполнение плановых показателей Блок руководителя' is: '0,16%0,16%
0,32%0,32%
5,52%5,52%
5,5%5,5%
7,45%7,45%
15,12%15,12%
2,27%2,27%
3,79%3,79%
5,06%5,06%
0,68%0,68%
5,31%5,31%
7,42%7,42%
19,67%19,67%
8,34%8,34%
9,01%9,01%
3,69%3,69%
0,7%0,7%
АО «Тываэнерго»
АО «Чеченэнерго»
Россети Волга
Россети Кубань
Россети Ленэнерго (ГК)
Россети Московский регион
Россети Северный Кавказ (ГК)
Россети Северо-Запад
Россети Сибирь (ГК)
Россети Томск
Россети Тюмень
Россети Урал (ГК)
Россети ФСК ЕЭС
Россети Центр
Россети Центр и Приволжье (ГК)
Россети Юг (ГК)
Россети Янтарь
Россети Центр и Приволжье (ГК): 131 216 535,98'

29-01-2025T04:11:58 - [TEST_STEP][PASSED] - println("a2: " + a2): null

29-01-2025T04:11:58 - [TEST_STEP][PASSED] - i = a2.indexOf("АО «Тываэнерго»"): null

29-01-2025T04:11:58 - [TEST_STEP][PASSED] - a2 = a2.substring(0, i): null

29-01-2025T04:11:58 - [TEST_STEP][PASSED] - navigateToUrl(findTestData("PlanFact").getValue(10, 10)): Navigate to 'https://bi.rosseti.digital/viewer?dashboardGuid=a1fd28b3785d443cbc4d7690a1d78e31&sheetGuid=4a2f47326819444da0508dec5c59e502&fit=true' successfully

29-01-2025T04:11:59 - [MESSAGE][PASSED] - Navigate to 'https://bi.rosseti.digital/viewer?dashboardGuid=a1fd28b3785d443cbc4d7690a1d78e31&sheetGuid=4a2f47326819444da0508dec5c59e502&fit=true' successfully

29-01-2025T04:11:59 - [TEST_STEP][PASSED] - delay(30): Delayed 30 second(s)

29-01-2025T04:12:29 - [MESSAGE][PASSED] - Delayed 30 second(s)

29-01-2025T04:12:29 - [TEST_STEP][PASSED] - click(findTestObject("Выручка по ДЗО/Фильтр Дата Выручка")): Object: 'Object Repository/Выручка по ДЗО/Фильтр Дата Выручка' is clicked on

29-01-2025T04:12:29 - [MESSAGE][PASSED] - Object: 'Object Repository/Выручка по ДЗО/Фильтр Дата Выручка' is clicked on

29-01-2025T04:12:29 - [TEST_STEP][PASSED] - click(findTestObject("Выручка по ДЗО/Снять выделение в фильтре Дата Выручка")): Object: 'Object Repository/Выручка по ДЗО/Снять выделение в фильтре Дата Выручка' is clicked on

29-01-2025T04:12:30 - [MESSAGE][PASSED] - Object: 'Object Repository/Выручка по ДЗО/Снять выделение в фильтре Дата Выручка' is clicked on

29-01-2025T04:12:30 - [TEST_STEP][PASSED] - click(findTestObject("Выручка по ДЗО/Применить в фильтре Дата Выручка")): Object: 'Object Repository/Выручка по ДЗО/Применить в фильтре Дата Выручка' is clicked on

29-01-2025T04:12:30 - [MESSAGE][PASSED] - Object: 'Object Repository/Выручка по ДЗО/Применить в фильтре Дата Выручка' is clicked on

29-01-2025T04:12:30 - [TEST_STEP][PASSED] - click(findTestObject("Выручка по ДЗО/Фильтр Дата Выручка")): Object: 'Object Repository/Выручка по ДЗО/Фильтр Дата Выручка' is clicked on

29-01-2025T04:12:31 - [MESSAGE][PASSED] - Object: 'Object Repository/Выручка по ДЗО/Фильтр Дата Выручка' is clicked on

29-01-2025T04:12:31 - [TEST_STEP][PASSED] - click(findTestObject("Выручка по ДЗО/Снять выделение в фильтре Дата Выручка")): Object: 'Object Repository/Выручка по ДЗО/Снять выделение в фильтре Дата Выручка' is clicked on

29-01-2025T04:12:32 - [MESSAGE][PASSED] - Object: 'Object Repository/Выручка по ДЗО/Снять выделение в фильтре Дата Выручка' is clicked on

29-01-2025T04:12:32 - [TEST_STEP][PASSED] - scrollToElement(findTestObject("Выручка по ДЗО/2024 список Выручка"), 30): Scroll to object 'Object Repository/Выручка по ДЗО/2024 список Выручка' successfully

29-01-2025T04:12:32 - [MESSAGE][PASSED] - Scroll to object 'Object Repository/Выручка по ДЗО/2024 список Выручка' successfully

29-01-2025T04:12:32 - [TEST_STEP][FAILED] - click(findTestObject("Выручка по ДЗО/2024 год Выручка")): Unable to click on object 'Object Repository/Выручка по ДЗО/2024 год Выручка' (Root cause: com.kms.katalon.core.exception.StepFailedException: Unable to click on object 'Object Repository/Выручка по ДЗО/2024 год Выручка'
	at com.kms.katalon.core.webui.keyword.internal.WebUIKeywordMain.stepFailed(WebUIKeywordMain.groovy:64)
	at com.kms.katalon.core.webui.keyword.internal.WebUIKeywordMain.runKeyword(WebUIKeywordMain.groovy:26)
	at com.kms.katalon.core.webui.keyword.builtin.ClickKeyword.click(ClickKeyword.groovy:74)
	at com.kms.katalon.core.webui.keyword.builtin.ClickKeyword.execute(ClickKeyword.groovy:40)
	at com.kms.katalon.core.keyword.internal.KeywordExecutor.executeKeywordForPlatform(KeywordExecutor.groovy:74)
	at com.kms.katalon.core.webui.keyword.WebUiBuiltInKeywords.click(WebUiBuiltInKeywords.groovy:659)
	at Выручка по ДЗО сверка дашбордов.run(Выручка по ДЗО сверка дашбордов:105)
	at com.kms.katalon.core.main.ScriptEngine.run(ScriptEngine.java:194)
	at com.kms.katalon.core.main.ScriptEngine.runScriptAsRawText(ScriptEngine.java:119)
	at com.kms.katalon.core.main.TestCaseExecutor.runScript(TestCaseExecutor.java:448)
	at com.kms.katalon.core.main.TestCaseExecutor.doExecute(TestCaseExecutor.java:439)
	at com.kms.katalon.core.main.TestCaseExecutor.processExecutionPhase(TestCaseExecutor.java:418)
	at com.kms.katalon.core.main.TestCaseExecutor.accessMainPhase(TestCaseExecutor.java:410)
	at com.kms.katalon.core.main.TestCaseExecutor.execute(TestCaseExecutor.java:285)
	at com.kms.katalon.core.common.CommonExecutor.accessTestCaseMainPhase(CommonExecutor.java:65)
	at com.kms.katalon.core.main.TestSuiteExecutor.accessTestSuiteMainPhase(TestSuiteExecutor.java:150)
	at com.kms.katalon.core.main.TestSuiteExecutor.execute(TestSuiteExecutor.java:106)
	at com.kms.katalon.core.main.TestCaseMain.startTestSuite(TestCaseMain.java:180)
	at TempTestSuite1738107421100.run(TempTestSuite1738107421100.groovy:35)
	at java.base/jdk.internal.reflect.NativeMethodAccessorImpl.invoke0(Native Method)
	at java.base/jdk.internal.reflect.NativeMethodAccessorImpl.invoke(NativeMethodAccessorImpl.java:77)
	at java.base/jdk.internal.reflect.DelegatingMethodAccessorImpl.invoke(DelegatingMethodAccessorImpl.java:43)
Caused by: com.kms.katalon.core.webui.exception.WebElementNotFoundException: Web element with id: 'Object Repository/Выручка по ДЗО/2024 год Выручка' located by '//li[10]/div/i/i' not found
	at com.kms.katalon.core.webui.common.WebUiCommonHelper.findWebElement(WebUiCommonHelper.java:1426)
	at com.kms.katalon.core.webui.keyword.internal.WebUIAbstractKeyword.findWebElement(WebUIAbstractKeyword.groovy:27)
	at com.kms.katalon.core.webui.keyword.builtin.ClickKeyword$_click_closure1.doCall(ClickKeyword.groovy:65)
	at com.kms.katalon.core.webui.keyword.builtin.ClickKeyword$_click_closure1.call(ClickKeyword.groovy)
	at com.kms.katalon.core.webui.keyword.internal.WebUIKeywordMain.runKeyword(WebUIKeywordMain.groovy:20)
	at com.kms.katalon.core.webui.keyword.builtin.ClickKeyword.click(ClickKeyword.groovy:74)
	at com.kms.katalon.core.webui.keyword.builtin.ClickKeyword.execute(ClickKeyword.groovy:40)
	at com.kms.katalon.core.keyword.internal.KeywordExecutor.executeKeywordForPlatform(KeywordExecutor.groovy:74)
	at com.kms.katalon.core.webui.keyword.WebUiBuiltInKeywords.click(WebUiBuiltInKeywords.groovy:659)
	at Script1679562813597.run(Script1679562813597.groovy:105)
	... 15 more
)

29-01-2025T04:13:03 - [MESSAGE][INFO] - Unable to find the element located by 'By.xpath: //li[10]/div/i/i'. Please recheck the objects properties to make sure the desired element is located. 

29-01-2025T04:13:03 - [MESSAGE][FAILED] - Unable to click on object 'Object Repository/Выручка по ДЗО/2024 год Выручка' (Root cause: com.kms.katalon.core.exception.StepFailedException: Unable to click on object 'Object Repository/Выручка по ДЗО/2024 год Выручка'
	at com.kms.katalon.core.webui.keyword.internal.WebUIKeywordMain.stepFailed(WebUIKeywordMain.groovy:64)
	at com.kms.katalon.core.webui.keyword.internal.WebUIKeywordMain.runKeyword(WebUIKeywordMain.groovy:26)
	at com.kms.katalon.core.webui.keyword.builtin.ClickKeyword.click(ClickKeyword.groovy:74)
	at com.kms.katalon.core.webui.keyword.builtin.ClickKeyword.execute(ClickKeyword.groovy:40)
	at com.kms.katalon.core.keyword.internal.KeywordExecutor.executeKeywordForPlatform(KeywordExecutor.groovy:74)
	at com.kms.katalon.core.webui.keyword.WebUiBuiltInKeywords.click(WebUiBuiltInKeywords.groovy:659)
	at Выручка по ДЗО сверка дашбордов.run(Выручка по ДЗО сверка дашбордов:105)
	at com.kms.katalon.core.main.ScriptEngine.run(ScriptEngine.java:194)
	at com.kms.katalon.core.main.ScriptEngine.runScriptAsRawText(ScriptEngine.java:119)
	at com.kms.katalon.core.main.TestCaseExecutor.runScript(TestCaseExecutor.java:448)
	at com.kms.katalon.core.main.TestCaseExecutor.doExecute(TestCaseExecutor.java:439)
	at com.kms.katalon.core.main.TestCaseExecutor.processExecutionPhase(TestCaseExecutor.java:418)
	at com.kms.katalon.core.main.TestCaseExecutor.accessMainPhase(TestCaseExecutor.java:410)
	at com.kms.katalon.core.main.TestCaseExecutor.execute(TestCaseExecutor.java:285)
	at com.kms.katalon.core.common.CommonExecutor.accessTestCaseMainPhase(CommonExecutor.java:65)
	at com.kms.katalon.core.main.TestSuiteExecutor.accessTestSuiteMainPhase(TestSuiteExecutor.java:150)
	at com.kms.katalon.core.main.TestSuiteExecutor.execute(TestSuiteExecutor.java:106)
	at com.kms.katalon.core.main.TestCaseMain.startTestSuite(TestCaseMain.java:180)
	at TempTestSuite1738107421100.run(TempTestSuite1738107421100.groovy:35)
	at java.base/jdk.internal.reflect.NativeMethodAccessorImpl.invoke0(Native Method)
	at java.base/jdk.internal.reflect.NativeMethodAccessorImpl.invoke(NativeMethodAccessorImpl.java:77)
	at java.base/jdk.internal.reflect.DelegatingMethodAccessorImpl.invoke(DelegatingMethodAccessorImpl.java:43)
Caused by: com.kms.katalon.core.webui.exception.WebElementNotFoundException: Web element with id: 'Object Repository/Выручка по ДЗО/2024 год Выручка' located by '//li[10]/div/i/i' not found
	at com.kms.katalon.core.webui.common.WebUiCommonHelper.findWebElement(WebUiCommonHelper.java:1426)
	at com.kms.katalon.core.webui.keyword.internal.WebUIAbstractKeyword.findWebElement(WebUIAbstractKeyword.groovy:27)
	at com.kms.katalon.core.webui.keyword.builtin.ClickKeyword$_click_closure1.doCall(ClickKeyword.groovy:65)
	at com.kms.katalon.core.webui.keyword.builtin.ClickKeyword$_click_closure1.call(ClickKeyword.groovy)
	at com.kms.katalon.core.webui.keyword.internal.WebUIKeywordMain.runKeyword(WebUIKeywordMain.groovy:20)
	at com.kms.katalon.core.webui.keyword.builtin.ClickKeyword.click(ClickKeyword.groovy:74)
	at com.kms.katalon.core.webui.keyword.builtin.ClickKeyword.execute(ClickKeyword.groovy:40)
	at com.kms.katalon.core.keyword.internal.KeywordExecutor.executeKeywordForPlatform(KeywordExecutor.groovy:74)
	at com.kms.katalon.core.webui.keyword.WebUiBuiltInKeywords.click(WebUiBuiltInKeywords.groovy:659)
	at Script1679562813597.run(Script1679562813597.groovy:105)
	... 15 more
)
[[ATTACHMENT|C:\\Users\\LIAZGINA-DI\\git\\SPORU\\Reports\\20250129_023701\\\u041F\u043D-\u0421\u0440-\u041F\u0442\\\u0421\u0432\u0435\u0440\u043A\u0430 \u0434\u0430\u0448\u0431\u043E\u0440\u0434\u043E\u0432 \u0438\u0437 \u0440\u0430\u0437\u043D\u044B\u0445 \u0431\u043B\u043E\u043A\u043E\u0432\\20250129_023701\\1738113183733.png]]

29-01-2025T04:13:03 - [TEST_STEP][PASSED] - scrollToElement(findTestObject("Выручка по ДЗО/Заголовок дашборда Выручка"), 30): Scroll to object 'Object Repository/Выручка по ДЗО/Заголовок дашборда Выручка' successfully

29-01-2025T04:13:04 - [MESSAGE][PASSED] - Scroll to object 'Object Repository/Выручка по ДЗО/Заголовок дашборда Выручка' successfully

29-01-2025T04:13:04 - [TEST_STEP][PASSED] - click(findTestObject("Выручка по ДЗО/Применить в фильтре Дата Выручка")): Object: 'Object Repository/Выручка по ДЗО/Применить в фильтре Дата Выручка' is clicked on

29-01-2025T04:13:04 - [MESSAGE][PASSED] - Object: 'Object Repository/Выручка по ДЗО/Применить в фильтре Дата Выручка' is clicked on

29-01-2025T04:13:04 - [TEST_STEP][PASSED] - delay(30): Delayed 30 second(s)

29-01-2025T04:13:34 - [MESSAGE][PASSED] - Delayed 30 second(s)

29-01-2025T04:13:34 - [TEST_STEP][PASSED] - b1 = getText(findTestObject("Выручка по ДЗО/График1 Выполнение плановых показателей Выручка")): Text of object 'Object Repository/Выручка по ДЗО/График1 Выполнение плановых показателей Выручка' is: '3 740 3 740
9 286 9 286
532 003 532 003
444 991 444 991
577 172 577 172
1 097 805 1 097 805
135 250 135 250
363 456 363 456
398 374 398 374
62 871 62 871
581 587 581 587
669 360 669 360
1 740 532 1 740 532
799 699 799 699
651 634 651 634
322 661 322 661
55 142 55 142
9 341 9 341
19 663 19 663
627 499 627 499
522 665 522 665
753 672 753 672
1 598 079 1 598 079
220 166 220 166
442 009 442 009
563 508 563 508
73 161 73 161
635 147 635 147
797 063 797 063
2 467 696 2 467 696
955 478 955 478
972 180 972 180
398 621 398 621
64 320 64 320
План
Факт
АО «Тываэнерго»
АО «Чеченэнерго»
Россети Волга
Россети Кубань
Россети Ленэнерго (ГК)
Россети Московский регион
Россети Северный Кавказ (ГК)
Россети Северо-Запад
Россети Сибирь (ГК)
Россети Томск
Россети Тюмень
Россети Урал (ГК)
Россети ФСК ЕЭС
Россети Центр
Россети Центр и Приволжье (ГК)
Россети Юг (ГК)
Россети Янтарь
0 млн. руб.
250 000 млн. руб.
500 000 млн. руб.
750 000 млн. руб.
1 000 000 млн. руб.
1 250 000 млн. руб.
1 500 000 млн. руб.
1 750 000 млн. руб.
2 000 000 млн. руб.
2 250 000 млн. руб.
2 500 000 млн. руб.
2 750 000 млн. руб.'

29-01-2025T04:13:34 - [MESSAGE][PASSED] - Text of object 'Object Repository/Выручка по ДЗО/График1 Выполнение плановых показателей Выручка' is: '3 740 3 740
9 286 9 286
532 003 532 003
444 991 444 991
577 172 577 172
1 097 805 1 097 805
135 250 135 250
363 456 363 456
398 374 398 374
62 871 62 871
581 587 581 587
669 360 669 360
1 740 532 1 740 532
799 699 799 699
651 634 651 634
322 661 322 661
55 142 55 142
9 341 9 341
19 663 19 663
627 499 627 499
522 665 522 665
753 672 753 672
1 598 079 1 598 079
220 166 220 166
442 009 442 009
563 508 563 508
73 161 73 161
635 147 635 147
797 063 797 063
2 467 696 2 467 696
955 478 955 478
972 180 972 180
398 621 398 621
64 320 64 320
План
Факт
АО «Тываэнерго»
АО «Чеченэнерго»
Россети Волга
Россети Кубань
Россети Ленэнерго (ГК)
Россети Московский регион
Россети Северный Кавказ (ГК)
Россети Северо-Запад
Россети Сибирь (ГК)
Россети Томск
Россети Тюмень
Россети Урал (ГК)
Россети ФСК ЕЭС
Россети Центр
Россети Центр и Приволжье (ГК)
Россети Юг (ГК)
Россети Янтарь
0 млн. руб.
250 000 млн. руб.
500 000 млн. руб.
750 000 млн. руб.
1 000 000 млн. руб.
1 250 000 млн. руб.
1 500 000 млн. руб.
1 750 000 млн. руб.
2 000 000 млн. руб.
2 250 000 млн. руб.
2 500 000 млн. руб.
2 750 000 млн. руб.'

29-01-2025T04:13:34 - [TEST_STEP][PASSED] - println("b1: " + b1): null

29-01-2025T04:13:34 - [TEST_STEP][PASSED] - i = b1.indexOf("План"): null

29-01-2025T04:13:34 - [TEST_STEP][PASSED] - b1 = b1.substring(0, i): null

29-01-2025T04:13:34 - [TEST_STEP][PASSED] - println("b1: " + b1): null

29-01-2025T04:13:34 - [TEST_STEP][PASSED] - b2 = getText(findTestObject("Выручка по ДЗО/График2 Выполнение плановых показателей Выручка")): Text of object 'Object Repository/Выручка по ДЗО/График2 Выполнение плановых показателей Выручка' is: '0,08%0,08%
0,18%0,18%
5,64%5,64%
4,69%4,69%
6,77%6,77%
14,35%14,35%
2,11%2,11%
3,97%3,97%
5,06%5,06%
0,66%0,66%
5,7%5,7%
7,16%7,16%
22,16%22,16%
8,58%8,58%
8,73%8,73%
3,58%3,58%
0,58%0,58%
АО «Тываэнерго»
АО «Чеченэнерго»
Россети Волга
Россети Кубань
Россети Ленэнерго (ГК)
Россети Московский регион
Россети Северный Кавказ (ГК)
Россети Северо-Запад
Россети Сибирь (ГК)
Россети Томск
Россети Тюмень
Россети Урал (ГК)
Россети ФСК ЕЭС
Россети Центр
Россети Центр и Приволжье (ГК)
Россети Юг (ГК)
Россети Янтарь'

29-01-2025T04:13:35 - [MESSAGE][PASSED] - Text of object 'Object Repository/Выручка по ДЗО/График2 Выполнение плановых показателей Выручка' is: '0,08%0,08%
0,18%0,18%
5,64%5,64%
4,69%4,69%
6,77%6,77%
14,35%14,35%
2,11%2,11%
3,97%3,97%
5,06%5,06%
0,66%0,66%
5,7%5,7%
7,16%7,16%
22,16%22,16%
8,58%8,58%
8,73%8,73%
3,58%3,58%
0,58%0,58%
АО «Тываэнерго»
АО «Чеченэнерго»
Россети Волга
Россети Кубань
Россети Ленэнерго (ГК)
Россети Московский регион
Россети Северный Кавказ (ГК)
Россети Северо-Запад
Россети Сибирь (ГК)
Россети Томск
Россети Тюмень
Россети Урал (ГК)
Россети ФСК ЕЭС
Россети Центр
Россети Центр и Приволжье (ГК)
Россети Юг (ГК)
Россети Янтарь'

29-01-2025T04:13:35 - [TEST_STEP][PASSED] - i = b2.indexOf("АО «Тываэнерго»"): null

29-01-2025T04:13:35 - [TEST_STEP][PASSED] - b2 = b2.substring(0, i): null

29-01-2025T04:13:35 - [TEST_STEP][PASSED] - println(b2): null

29-01-2025T04:13:35 - [TEST_STEP][FAILED] - verifyEqual(a1, b1): Unable to verify equal between actual object '1 948 1 948
4 573 4 573
80 156 80 156
74 811 74 811
102 692 102 692
211 239 211 239
32 059 32 059
54 528 54 528
71 092 71 092
9 660 9 660
84 600 84 600
106 135 106 135
309 604 309 604
117 755 117 755
126 057 126 057
52 535 52 535
9 778 9 778
2 381 2 381
4 719 4 719
80 331 80 331
80 126 80 126
108 460 108 460
220 183 220 183
33 010 33 010
55 224 55 224
73 716 73 716
9 858 9 858
77 271 77 271
108 049 108 049
286 458 286 458
121 447 121 447
131 217 131 217
53 742 53 742
10 167 10 167
' and expected object '3 740 3 740
9 286 9 286
532 003 532 003
444 991 444 991
577 172 577 172
1 097 805 1 097 805
135 250 135 250
363 456 363 456
398 374 398 374
62 871 62 871
581 587 581 587
669 360 669 360
1 740 532 1 740 532
799 699 799 699
651 634 651 634
322 661 322 661
55 142 55 142
9 341 9 341
19 663 19 663
627 499 627 499
522 665 522 665
753 672 753 672
1 598 079 1 598 079
220 166 220 166
442 009 442 009
563 508 563 508
73 161 73 161
635 147 635 147
797 063 797 063
2 467 696 2 467 696
955 478 955 478
972 180 972 180
398 621 398 621
64 320 64 320
' (Root cause: com.kms.katalon.core.exception.StepFailedException: Actual object '1 948 1 948
4 573 4 573
80 156 80 156
74 811 74 811
102 692 102 692
211 239 211 239
32 059 32 059
54 528 54 528
71 092 71 092
9 660 9 660
84 600 84 600
106 135 106 135
309 604 309 604
117 755 117 755
126 057 126 057
52 535 52 535
9 778 9 778
2 381 2 381
4 719 4 719
80 331 80 331
80 126 80 126
108 460 108 460
220 183 220 183
33 010 33 010
55 224 55 224
73 716 73 716
9 858 9 858
77 271 77 271
108 049 108 049
286 458 286 458
121 447 121 447
131 217 131 217
53 742 53 742
10 167 10 167
' and expected object '3 740 3 740
9 286 9 286
532 003 532 003
444 991 444 991
577 172 577 172
1 097 805 1 097 805
135 250 135 250
363 456 363 456
398 374 398 374
62 871 62 871
581 587 581 587
669 360 669 360
1 740 532 1 740 532
799 699 799 699
651 634 651 634
322 661 322 661
55 142 55 142
9 341 9 341
19 663 19 663
627 499 627 499
522 665 522 665
753 672 753 672
1 598 079 1 598 079
220 166 220 166
442 009 442 009
563 508 563 508
73 161 73 161
635 147 635 147
797 063 797 063
2 467 696 2 467 696
955 478 955 478
972 180 972 180
398 621 398 621
64 320 64 320
' are not equal
	at com.kms.katalon.core.keyword.builtin.VerifyEqualKeyword$_verifyEqual_closure1.doCall(VerifyEqualKeyword.groovy:58)
	at com.kms.katalon.core.keyword.builtin.VerifyEqualKeyword$_verifyEqual_closure1.call(VerifyEqualKeyword.groovy)
	at com.kms.katalon.core.keyword.internal.KeywordMain.runKeyword(KeywordMain.groovy:75)
	at com.kms.katalon.core.keyword.builtin.VerifyEqualKeyword.verifyEqual(VerifyEqualKeyword.groovy:63)
	at com.kms.katalon.core.keyword.builtin.VerifyEqualKeyword.execute(VerifyEqualKeyword.groovy:44)
	at com.kms.katalon.core.keyword.internal.KeywordExecutor.executeKeywordForPlatform(KeywordExecutor.groovy:74)
	at com.kms.katalon.core.keyword.BuiltinKeywords.verifyEqual(BuiltinKeywords.groovy:146)
	at jdk.internal.reflect.GeneratedMethodAccessor25.invoke(Unknown Source)
	at java.base/jdk.internal.reflect.DelegatingMethodAccessorImpl.invoke(DelegatingMethodAccessorImpl.java:43)
	at Выручка по ДЗО сверка дашбордов.run(Выручка по ДЗО сверка дашбордов:133)
	at com.kms.katalon.core.main.ScriptEngine.run(ScriptEngine.java:194)
	at com.kms.katalon.core.main.ScriptEngine.runScriptAsRawText(ScriptEngine.java:119)
	at com.kms.katalon.core.main.TestCaseExecutor.runScript(TestCaseExecutor.java:448)
	at com.kms.katalon.core.main.TestCaseExecutor.doExecute(TestCaseExecutor.java:439)
	at com.kms.katalon.core.main.TestCaseExecutor.processExecutionPhase(TestCaseExecutor.java:418)
	at com.kms.katalon.core.main.TestCaseExecutor.accessMainPhase(TestCaseExecutor.java:410)
	at com.kms.katalon.core.main.TestCaseExecutor.execute(TestCaseExecutor.java:285)
	at com.kms.katalon.core.common.CommonExecutor.accessTestCaseMainPhase(CommonExecutor.java:65)
	at com.kms.katalon.core.main.TestSuiteExecutor.accessTestSuiteMainPhase(TestSuiteExecutor.java:150)
	at com.kms.katalon.core.main.TestSuiteExecutor.execute(TestSuiteExecutor.java:106)
	at com.kms.katalon.core.main.TestCaseMain.startTestSuite(TestCaseMain.java:180)
	at TempTestSuite1738107421100.run(TempTestSuite1738107421100.groovy:35)
	at java.base/jdk.internal.reflect.NativeMethodAccessorImpl.invoke0(Native Method)
	at java.base/jdk.internal.reflect.NativeMethodAccessorImpl.invoke(NativeMethodAccessorImpl.java:77)
	at java.base/jdk.internal.reflect.DelegatingMethodAccessorImpl.invoke(DelegatingMethodAccessorImpl.java:43)
)

29-01-2025T04:13:35 - [MESSAGE][FAILED] - Unable to verify equal between actual object '1 948 1 948
4 573 4 573
80 156 80 156
74 811 74 811
102 692 102 692
211 239 211 239
32 059 32 059
54 528 54 528
71 092 71 092
9 660 9 660
84 600 84 600
106 135 106 135
309 604 309 604
117 755 117 755
126 057 126 057
52 535 52 535
9 778 9 778
2 381 2 381
4 719 4 719
80 331 80 331
80 126 80 126
108 460 108 460
220 183 220 183
33 010 33 010
55 224 55 224
73 716 73 716
9 858 9 858
77 271 77 271
108 049 108 049
286 458 286 458
121 447 121 447
131 217 131 217
53 742 53 742
10 167 10 167
' and expected object '3 740 3 740
9 286 9 286
532 003 532 003
444 991 444 991
577 172 577 172
1 097 805 1 097 805
135 250 135 250
363 456 363 456
398 374 398 374
62 871 62 871
581 587 581 587
669 360 669 360
1 740 532 1 740 532
799 699 799 699
651 634 651 634
322 661 322 661
55 142 55 142
9 341 9 341
19 663 19 663
627 499 627 499
522 665 522 665
753 672 753 672
1 598 079 1 598 079
220 166 220 166
442 009 442 009
563 508 563 508
73 161 73 161
635 147 635 147
797 063 797 063
2 467 696 2 467 696
955 478 955 478
972 180 972 180
398 621 398 621
64 320 64 320
' (Root cause: com.kms.katalon.core.exception.StepFailedException: Actual object '1 948 1 948
4 573 4 573
80 156 80 156
74 811 74 811
102 692 102 692
211 239 211 239
32 059 32 059
54 528 54 528
71 092 71 092
9 660 9 660
84 600 84 600
106 135 106 135
309 604 309 604
117 755 117 755
126 057 126 057
52 535 52 535
9 778 9 778
2 381 2 381
4 719 4 719
80 331 80 331
80 126 80 126
108 460 108 460
220 183 220 183
33 010 33 010
55 224 55 224
73 716 73 716
9 858 9 858
77 271 77 271
108 049 108 049
286 458 286 458
121 447 121 447
131 217 131 217
53 742 53 742
10 167 10 167
' and expected object '3 740 3 740
9 286 9 286
532 003 532 003
444 991 444 991
577 172 577 172
1 097 805 1 097 805
135 250 135 250
363 456 363 456
398 374 398 374
62 871 62 871
581 587 581 587
669 360 669 360
1 740 532 1 740 532
799 699 799 699
651 634 651 634
322 661 322 661
55 142 55 142
9 341 9 341
19 663 19 663
627 499 627 499
522 665 522 665
753 672 753 672
1 598 079 1 598 079
220 166 220 166
442 009 442 009
563 508 563 508
73 161 73 161
635 147 635 147
797 063 797 063
2 467 696 2 467 696
955 478 955 478
972 180 972 180
398 621 398 621
64 320 64 320
' are not equal
	at com.kms.katalon.core.keyword.builtin.VerifyEqualKeyword$_verifyEqual_closure1.doCall(VerifyEqualKeyword.groovy:58)
	at com.kms.katalon.core.keyword.builtin.VerifyEqualKeyword$_verifyEqual_closure1.call(VerifyEqualKeyword.groovy)
	at com.kms.katalon.core.keyword.internal.KeywordMain.runKeyword(KeywordMain.groovy:75)
	at com.kms.katalon.core.keyword.builtin.VerifyEqualKeyword.verifyEqual(VerifyEqualKeyword.groovy:63)
	at com.kms.katalon.core.keyword.builtin.VerifyEqualKeyword.execute(VerifyEqualKeyword.groovy:44)
	at com.kms.katalon.core.keyword.internal.KeywordExecutor.executeKeywordForPlatform(KeywordExecutor.groovy:74)
	at com.kms.katalon.core.keyword.BuiltinKeywords.verifyEqual(BuiltinKeywords.groovy:146)
	at jdk.internal.reflect.GeneratedMethodAccessor25.invoke(Unknown Source)
	at java.base/jdk.internal.reflect.DelegatingMethodAccessorImpl.invoke(DelegatingMethodAccessorImpl.java:43)
	at Выручка по ДЗО сверка дашбордов.run(Выручка по ДЗО сверка дашбордов:133)
	at com.kms.katalon.core.main.ScriptEngine.run(ScriptEngine.java:194)
	at com.kms.katalon.core.main.ScriptEngine.runScriptAsRawText(ScriptEngine.java:119)
	at com.kms.katalon.core.main.TestCaseExecutor.runScript(TestCaseExecutor.java:448)
	at com.kms.katalon.core.main.TestCaseExecutor.doExecute(TestCaseExecutor.java:439)
	at com.kms.katalon.core.main.TestCaseExecutor.processExecutionPhase(TestCaseExecutor.java:418)
	at com.kms.katalon.core.main.TestCaseExecutor.accessMainPhase(TestCaseExecutor.java:410)
	at com.kms.katalon.core.main.TestCaseExecutor.execute(TestCaseExecutor.java:285)
	at com.kms.katalon.core.common.CommonExecutor.accessTestCaseMainPhase(CommonExecutor.java:65)
	at com.kms.katalon.core.main.TestSuiteExecutor.accessTestSuiteMainPhase(TestSuiteExecutor.java:150)
	at com.kms.katalon.core.main.TestSuiteExecutor.execute(TestSuiteExecutor.java:106)
	at com.kms.katalon.core.main.TestCaseMain.startTestSuite(TestCaseMain.java:180)
	at TempTestSuite1738107421100.run(TempTestSuite1738107421100.groovy:35)
	at java.base/jdk.internal.reflect.NativeMethodAccessorImpl.invoke0(Native Method)
	at java.base/jdk.internal.reflect.NativeMethodAccessorImpl.invoke(NativeMethodAccessorImpl.java:77)
	at java.base/jdk.internal.reflect.DelegatingMethodAccessorImpl.invoke(DelegatingMethodAccessorImpl.java:43)
)

29-01-2025T04:13:35 - [TEST_STEP][FAILED] - if (verifyEqual(a1, b1) == true): Unable to verify equal between actual object '1 948 1 948
4 573 4 573
80 156 80 156
74 811 74 811
102 692 102 692
211 239 211 239
32 059 32 059
54 528 54 528
71 092 71 092
9 660 9 660
84 600 84 600
106 135 106 135
309 604 309 604
117 755 117 755
126 057 126 057
52 535 52 535
9 778 9 778
2 381 2 381
4 719 4 719
80 331 80 331
80 126 80 126
108 460 108 460
220 183 220 183
33 010 33 010
55 224 55 224
73 716 73 716
9 858 9 858
77 271 77 271
108 049 108 049
286 458 286 458
121 447 121 447
131 217 131 217
53 742 53 742
10 167 10 167
' and expected object '3 740 3 740
9 286 9 286
532 003 532 003
444 991 444 991
577 172 577 172
1 097 805 1 097 805
135 250 135 250
363 456 363 456
398 374 398 374
62 871 62 871
581 587 581 587
669 360 669 360
1 740 532 1 740 532
799 699 799 699
651 634 651 634
322 661 322 661
55 142 55 142
9 341 9 341
19 663 19 663
627 499 627 499
522 665 522 665
753 672 753 672
1 598 079 1 598 079
220 166 220 166
442 009 442 009
563 508 563 508
73 161 73 161
635 147 635 147
797 063 797 063
2 467 696 2 467 696
955 478 955 478
972 180 972 180
398 621 398 621
64 320 64 320
' (Root cause: com.kms.katalon.core.exception.StepFailedException: Actual object '1 948 1 948
4 573 4 573
80 156 80 156
74 811 74 811
102 692 102 692
211 239 211 239
32 059 32 059
54 528 54 528
71 092 71 092
9 660 9 660
84 600 84 600
106 135 106 135
309 604 309 604
117 755 117 755
126 057 126 057
52 535 52 535
9 778 9 778
2 381 2 381
4 719 4 719
80 331 80 331
80 126 80 126
108 460 108 460
220 183 220 183
33 010 33 010
55 224 55 224
73 716 73 716
9 858 9 858
77 271 77 271
108 049 108 049
286 458 286 458
121 447 121 447
131 217 131 217
53 742 53 742
10 167 10 167
' and expected object '3 740 3 740
9 286 9 286
532 003 532 003
444 991 444 991
577 172 577 172
1 097 805 1 097 805
135 250 135 250
363 456 363 456
398 374 398 374
62 871 62 871
581 587 581 587
669 360 669 360
1 740 532 1 740 532
799 699 799 699
651 634 651 634
322 661 322 661
55 142 55 142
9 341 9 341
19 663 19 663
627 499 627 499
522 665 522 665
753 672 753 672
1 598 079 1 598 079
220 166 220 166
442 009 442 009
563 508 563 508
73 161 73 161
635 147 635 147
797 063 797 063
2 467 696 2 467 696
955 478 955 478
972 180 972 180
398 621 398 621
64 320 64 320
' are not equal
	at com.kms.katalon.core.keyword.builtin.VerifyEqualKeyword$_verifyEqual_closure1.doCall(VerifyEqualKeyword.groovy:58)
	at com.kms.katalon.core.keyword.builtin.VerifyEqualKeyword$_verifyEqual_closure1.call(VerifyEqualKeyword.groovy)
	at com.kms.katalon.core.keyword.internal.KeywordMain.runKeyword(KeywordMain.groovy:75)
	at com.kms.katalon.core.keyword.builtin.VerifyEqualKeyword.verifyEqual(VerifyEqualKeyword.groovy:63)
	at com.kms.katalon.core.keyword.builtin.VerifyEqualKeyword.execute(VerifyEqualKeyword.groovy:44)
	at com.kms.katalon.core.keyword.internal.KeywordExecutor.executeKeywordForPlatform(KeywordExecutor.groovy:74)
	at com.kms.katalon.core.keyword.BuiltinKeywords.verifyEqual(BuiltinKeywords.groovy:146)
	at jdk.internal.reflect.GeneratedMethodAccessor25.invoke(Unknown Source)
	at java.base/jdk.internal.reflect.DelegatingMethodAccessorImpl.invoke(DelegatingMethodAccessorImpl.java:43)
	at Выручка по ДЗО сверка дашбордов.run(Выручка по ДЗО сверка дашбордов:135)
	at com.kms.katalon.core.main.ScriptEngine.run(ScriptEngine.java:194)
	at com.kms.katalon.core.main.ScriptEngine.runScriptAsRawText(ScriptEngine.java:119)
	at com.kms.katalon.core.main.TestCaseExecutor.runScript(TestCaseExecutor.java:448)
	at com.kms.katalon.core.main.TestCaseExecutor.doExecute(TestCaseExecutor.java:439)
	at com.kms.katalon.core.main.TestCaseExecutor.processExecutionPhase(TestCaseExecutor.java:418)
	at com.kms.katalon.core.main.TestCaseExecutor.accessMainPhase(TestCaseExecutor.java:410)
	at com.kms.katalon.core.main.TestCaseExecutor.execute(TestCaseExecutor.java:285)
	at com.kms.katalon.core.common.CommonExecutor.accessTestCaseMainPhase(CommonExecutor.java:65)
	at com.kms.katalon.core.main.TestSuiteExecutor.accessTestSuiteMainPhase(TestSuiteExecutor.java:150)
	at com.kms.katalon.core.main.TestSuiteExecutor.execute(TestSuiteExecutor.java:106)
	at com.kms.katalon.core.main.TestCaseMain.startTestSuite(TestCaseMain.java:180)
	at TempTestSuite1738107421100.run(TempTestSuite1738107421100.groovy:35)
	at java.base/jdk.internal.reflect.NativeMethodAccessorImpl.invoke0(Native Method)
	at java.base/jdk.internal.reflect.NativeMethodAccessorImpl.invoke(NativeMethodAccessorImpl.java:77)
	at java.base/jdk.internal.reflect.DelegatingMethodAccessorImpl.invoke(DelegatingMethodAccessorImpl.java:43)
)

29-01-2025T04:13:35 - [MESSAGE][FAILED] - Unable to verify equal between actual object '1 948 1 948
4 573 4 573
80 156 80 156
74 811 74 811
102 692 102 692
211 239 211 239
32 059 32 059
54 528 54 528
71 092 71 092
9 660 9 660
84 600 84 600
106 135 106 135
309 604 309 604
117 755 117 755
126 057 126 057
52 535 52 535
9 778 9 778
2 381 2 381
4 719 4 719
80 331 80 331
80 126 80 126
108 460 108 460
220 183 220 183
33 010 33 010
55 224 55 224
73 716 73 716
9 858 9 858
77 271 77 271
108 049 108 049
286 458 286 458
121 447 121 447
131 217 131 217
53 742 53 742
10 167 10 167
' and expected object '3 740 3 740
9 286 9 286
532 003 532 003
444 991 444 991
577 172 577 172
1 097 805 1 097 805
135 250 135 250
363 456 363 456
398 374 398 374
62 871 62 871
581 587 581 587
669 360 669 360
1 740 532 1 740 532
799 699 799 699
651 634 651 634
322 661 322 661
55 142 55 142
9 341 9 341
19 663 19 663
627 499 627 499
522 665 522 665
753 672 753 672
1 598 079 1 598 079
220 166 220 166
442 009 442 009
563 508 563 508
73 161 73 161
635 147 635 147
797 063 797 063
2 467 696 2 467 696
955 478 955 478
972 180 972 180
398 621 398 621
64 320 64 320
' (Root cause: com.kms.katalon.core.exception.StepFailedException: Actual object '1 948 1 948
4 573 4 573
80 156 80 156
74 811 74 811
102 692 102 692
211 239 211 239
32 059 32 059
54 528 54 528
71 092 71 092
9 660 9 660
84 600 84 600
106 135 106 135
309 604 309 604
117 755 117 755
126 057 126 057
52 535 52 535
9 778 9 778
2 381 2 381
4 719 4 719
80 331 80 331
80 126 80 126
108 460 108 460
220 183 220 183
33 010 33 010
55 224 55 224
73 716 73 716
9 858 9 858
77 271 77 271
108 049 108 049
286 458 286 458
121 447 121 447
131 217 131 217
53 742 53 742
10 167 10 167
' and expected object '3 740 3 740
9 286 9 286
532 003 532 003
444 991 444 991
577 172 577 172
1 097 805 1 097 805
135 250 135 250
363 456 363 456
398 374 398 374
62 871 62 871
581 587 581 587
669 360 669 360
1 740 532 1 740 532
799 699 799 699
651 634 651 634
322 661 322 661
55 142 55 142
9 341 9 341
19 663 19 663
627 499 627 499
522 665 522 665
753 672 753 672
1 598 079 1 598 079
220 166 220 166
442 009 442 009
563 508 563 508
73 161 73 161
635 147 635 147
797 063 797 063
2 467 696 2 467 696
955 478 955 478
972 180 972 180
398 621 398 621
64 320 64 320
' are not equal
	at com.kms.katalon.core.keyword.builtin.VerifyEqualKeyword$_verifyEqual_closure1.doCall(VerifyEqualKeyword.groovy:58)
	at com.kms.katalon.core.keyword.builtin.VerifyEqualKeyword$_verifyEqual_closure1.call(VerifyEqualKeyword.groovy)
	at com.kms.katalon.core.keyword.internal.KeywordMain.runKeyword(KeywordMain.groovy:75)
	at com.kms.katalon.core.keyword.builtin.VerifyEqualKeyword.verifyEqual(VerifyEqualKeyword.groovy:63)
	at com.kms.katalon.core.keyword.builtin.VerifyEqualKeyword.execute(VerifyEqualKeyword.groovy:44)
	at com.kms.katalon.core.keyword.internal.KeywordExecutor.executeKeywordForPlatform(KeywordExecutor.groovy:74)
	at com.kms.katalon.core.keyword.BuiltinKeywords.verifyEqual(BuiltinKeywords.groovy:146)
	at jdk.internal.reflect.GeneratedMethodAccessor25.invoke(Unknown Source)
	at java.base/jdk.internal.reflect.DelegatingMethodAccessorImpl.invoke(DelegatingMethodAccessorImpl.java:43)
	at Выручка по ДЗО сверка дашбордов.run(Выручка по ДЗО сверка дашбордов:135)
	at com.kms.katalon.core.main.ScriptEngine.run(ScriptEngine.java:194)
	at com.kms.katalon.core.main.ScriptEngine.runScriptAsRawText(ScriptEngine.java:119)
	at com.kms.katalon.core.main.TestCaseExecutor.runScript(TestCaseExecutor.java:448)
	at com.kms.katalon.core.main.TestCaseExecutor.doExecute(TestCaseExecutor.java:439)
	at com.kms.katalon.core.main.TestCaseExecutor.processExecutionPhase(TestCaseExecutor.java:418)
	at com.kms.katalon.core.main.TestCaseExecutor.accessMainPhase(TestCaseExecutor.java:410)
	at com.kms.katalon.core.main.TestCaseExecutor.execute(TestCaseExecutor.java:285)
	at com.kms.katalon.core.common.CommonExecutor.accessTestCaseMainPhase(CommonExecutor.java:65)
	at com.kms.katalon.core.main.TestSuiteExecutor.accessTestSuiteMainPhase(TestSuiteExecutor.java:150)
	at com.kms.katalon.core.main.TestSuiteExecutor.execute(TestSuiteExecutor.java:106)
	at com.kms.katalon.core.main.TestCaseMain.startTestSuite(TestCaseMain.java:180)
	at TempTestSuite1738107421100.run(TempTestSuite1738107421100.groovy:35)
	at java.base/jdk.internal.reflect.NativeMethodAccessorImpl.invoke0(Native Method)
	at java.base/jdk.internal.reflect.NativeMethodAccessorImpl.invoke(NativeMethodAccessorImpl.java:77)
	at java.base/jdk.internal.reflect.DelegatingMethodAccessorImpl.invoke(DelegatingMethodAccessorImpl.java:43)
)

29-01-2025T04:13:35 - [TEST_STEP][PASSED] - else: null

29-01-2025T04:13:35 - [TEST_STEP][PASSED] - Script1679562813597.WriteToExcel(todaysDate): null

29-01-2025T04:13:35 - [TEST_STEP][PASSED] - sheetName = "Sheet1": null

29-01-2025T04:13:35 - [TEST_STEP][PASSED] - data = findTestData("PlanFact"): null

29-01-2025T04:13:35 - [TEST_STEP][PASSED] - n = data.getRowNumbers() + 1: null

29-01-2025T04:13:35 - [TEST_STEP][PASSED] - dZO = getText(findTestObject("Выручка по ДЗО/Фильтр ДЗО")): Text of object 'Object Repository/Выручка по ДЗО/Фильтр ДЗО' is: 'Все'

29-01-2025T04:13:35 - [MESSAGE][PASSED] - Text of object 'Object Repository/Выручка по ДЗО/Фильтр ДЗО' is: 'Все'

29-01-2025T04:13:35 - [TEST_STEP][PASSED] - period = getText(findTestObject("Выручка по ДЗО/Фильтр Дата")): Text of object 'Object Repository/Выручка по ДЗО/Фильтр Дата' is: 'Все'

29-01-2025T04:13:35 - [MESSAGE][PASSED] - Text of object 'Object Repository/Выручка по ДЗО/Фильтр Дата' is: 'Все'

29-01-2025T04:13:35 - [TEST_STEP][PASSED] - println(period): null

29-01-2025T04:13:35 - [TEST_STEP][PASSED] - dashboardName = "Выручка по ДЗО": null

29-01-2025T04:13:35 - [TEST_STEP][PASSED] - workbook01 = getWorkbook(excelFilePath): null

29-01-2025T04:13:36 - [TEST_STEP][PASSED] - sheet01 = getExcelSheet(workbook01, sheetName): null

29-01-2025T04:13:36 - [TEST_STEP][PASSED] - setValueToCellByIndex(sheet01, n, 0, dashboardName): null

29-01-2025T04:13:36 - [TEST_STEP][PASSED] - setValueToCellByIndex(sheet01, n, 1, dZO): null

29-01-2025T04:13:36 - [TEST_STEP][PASSED] - setValueToCellByIndex(sheet01, n, 2, period): null

29-01-2025T04:13:36 - [TEST_STEP][PASSED] - setValueToCellByIndex(sheet01, n, 3, todaysDate): null

29-01-2025T04:13:36 - [TEST_STEP][PASSED] - n = n + 1: null

29-01-2025T04:13:36 - [TEST_STEP][PASSED] - saveWorkbook(excelFilePath, workbook01): null

29-01-2025T04:13:36 - [TEST_STEP][FAILED] - verifyEqual(a2, b2): Unable to verify equal between actual object '0,16%0,16%
0,32%0,32%
5,52%5,52%
5,5%5,5%
7,45%7,45%
15,12%15,12%
2,27%2,27%
3,79%3,79%
5,06%5,06%
0,68%0,68%
5,31%5,31%
7,42%7,42%
19,67%19,67%
8,34%8,34%
9,01%9,01%
3,69%3,69%
0,7%0,7%
' and expected object '0,08%0,08%
0,18%0,18%
5,64%5,64%
4,69%4,69%
6,77%6,77%
14,35%14,35%
2,11%2,11%
3,97%3,97%
5,06%5,06%
0,66%0,66%
5,7%5,7%
7,16%7,16%
22,16%22,16%
8,58%8,58%
8,73%8,73%
3,58%3,58%
0,58%0,58%
' (Root cause: com.kms.katalon.core.exception.StepFailedException: Actual object '0,16%0,16%
0,32%0,32%
5,52%5,52%
5,5%5,5%
7,45%7,45%
15,12%15,12%
2,27%2,27%
3,79%3,79%
5,06%5,06%
0,68%0,68%
5,31%5,31%
7,42%7,42%
19,67%19,67%
8,34%8,34%
9,01%9,01%
3,69%3,69%
0,7%0,7%
' and expected object '0,08%0,08%
0,18%0,18%
5,64%5,64%
4,69%4,69%
6,77%6,77%
14,35%14,35%
2,11%2,11%
3,97%3,97%
5,06%5,06%
0,66%0,66%
5,7%5,7%
7,16%7,16%
22,16%22,16%
8,58%8,58%
8,73%8,73%
3,58%3,58%
0,58%0,58%
' are not equal
	at com.kms.katalon.core.keyword.builtin.VerifyEqualKeyword$_verifyEqual_closure1.doCall(VerifyEqualKeyword.groovy:58)
	at com.kms.katalon.core.keyword.builtin.VerifyEqualKeyword$_verifyEqual_closure1.call(VerifyEqualKeyword.groovy)
	at com.kms.katalon.core.keyword.internal.KeywordMain.runKeyword(KeywordMain.groovy:75)
	at com.kms.katalon.core.keyword.builtin.VerifyEqualKeyword.verifyEqual(VerifyEqualKeyword.groovy:63)
	at com.kms.katalon.core.keyword.builtin.VerifyEqualKeyword.execute(VerifyEqualKeyword.groovy:44)
	at com.kms.katalon.core.keyword.internal.KeywordExecutor.executeKeywordForPlatform(KeywordExecutor.groovy:74)
	at com.kms.katalon.core.keyword.BuiltinKeywords.verifyEqual(BuiltinKeywords.groovy:146)
	at jdk.internal.reflect.GeneratedMethodAccessor25.invoke(Unknown Source)
	at java.base/jdk.internal.reflect.DelegatingMethodAccessorImpl.invoke(DelegatingMethodAccessorImpl.java:43)
	at Выручка по ДЗО сверка дашбордов.run(Выручка по ДЗО сверка дашбордов:140)
	at com.kms.katalon.core.main.ScriptEngine.run(ScriptEngine.java:194)
	at com.kms.katalon.core.main.ScriptEngine.runScriptAsRawText(ScriptEngine.java:119)
	at com.kms.katalon.core.main.TestCaseExecutor.runScript(TestCaseExecutor.java:448)
	at com.kms.katalon.core.main.TestCaseExecutor.doExecute(TestCaseExecutor.java:439)
	at com.kms.katalon.core.main.TestCaseExecutor.processExecutionPhase(TestCaseExecutor.java:418)
	at com.kms.katalon.core.main.TestCaseExecutor.accessMainPhase(TestCaseExecutor.java:410)
	at com.kms.katalon.core.main.TestCaseExecutor.execute(TestCaseExecutor.java:285)
	at com.kms.katalon.core.common.CommonExecutor.accessTestCaseMainPhase(CommonExecutor.java:65)
	at com.kms.katalon.core.main.TestSuiteExecutor.accessTestSuiteMainPhase(TestSuiteExecutor.java:150)
	at com.kms.katalon.core.main.TestSuiteExecutor.execute(TestSuiteExecutor.java:106)
	at com.kms.katalon.core.main.TestCaseMain.startTestSuite(TestCaseMain.java:180)
	at TempTestSuite1738107421100.run(TempTestSuite1738107421100.groovy:35)
	at java.base/jdk.internal.reflect.NativeMethodAccessorImpl.invoke0(Native Method)
	at java.base/jdk.internal.reflect.NativeMethodAccessorImpl.invoke(NativeMethodAccessorImpl.java:77)
	at java.base/jdk.internal.reflect.DelegatingMethodAccessorImpl.invoke(DelegatingMethodAccessorImpl.java:43)
)

29-01-2025T04:13:36 - [MESSAGE][FAILED] - Unable to verify equal between actual object '0,16%0,16%
0,32%0,32%
5,52%5,52%
5,5%5,5%
7,45%7,45%
15,12%15,12%
2,27%2,27%
3,79%3,79%
5,06%5,06%
0,68%0,68%
5,31%5,31%
7,42%7,42%
19,67%19,67%
8,34%8,34%
9,01%9,01%
3,69%3,69%
0,7%0,7%
' and expected object '0,08%0,08%
0,18%0,18%
5,64%5,64%
4,69%4,69%
6,77%6,77%
14,35%14,35%
2,11%2,11%
3,97%3,97%
5,06%5,06%
0,66%0,66%
5,7%5,7%
7,16%7,16%
22,16%22,16%
8,58%8,58%
8,73%8,73%
3,58%3,58%
0,58%0,58%
' (Root cause: com.kms.katalon.core.exception.StepFailedException: Actual object '0,16%0,16%
0,32%0,32%
5,52%5,52%
5,5%5,5%
7,45%7,45%
15,12%15,12%
2,27%2,27%
3,79%3,79%
5,06%5,06%
0,68%0,68%
5,31%5,31%
7,42%7,42%
19,67%19,67%
8,34%8,34%
9,01%9,01%
3,69%3,69%
0,7%0,7%
' and expected object '0,08%0,08%
0,18%0,18%
5,64%5,64%
4,69%4,69%
6,77%6,77%
14,35%14,35%
2,11%2,11%
3,97%3,97%
5,06%5,06%
0,66%0,66%
5,7%5,7%
7,16%7,16%
22,16%22,16%
8,58%8,58%
8,73%8,73%
3,58%3,58%
0,58%0,58%
' are not equal
	at com.kms.katalon.core.keyword.builtin.VerifyEqualKeyword$_verifyEqual_closure1.doCall(VerifyEqualKeyword.groovy:58)
	at com.kms.katalon.core.keyword.builtin.VerifyEqualKeyword$_verifyEqual_closure1.call(VerifyEqualKeyword.groovy)
	at com.kms.katalon.core.keyword.internal.KeywordMain.runKeyword(KeywordMain.groovy:75)
	at com.kms.katalon.core.keyword.builtin.VerifyEqualKeyword.verifyEqual(VerifyEqualKeyword.groovy:63)
	at com.kms.katalon.core.keyword.builtin.VerifyEqualKeyword.execute(VerifyEqualKeyword.groovy:44)
	at com.kms.katalon.core.keyword.internal.KeywordExecutor.executeKeywordForPlatform(KeywordExecutor.groovy:74)
	at com.kms.katalon.core.keyword.BuiltinKeywords.verifyEqual(BuiltinKeywords.groovy:146)
	at jdk.internal.reflect.GeneratedMethodAccessor25.invoke(Unknown Source)
	at java.base/jdk.internal.reflect.DelegatingMethodAccessorImpl.invoke(DelegatingMethodAccessorImpl.java:43)
	at Выручка по ДЗО сверка дашбордов.run(Выручка по ДЗО сверка дашбордов:140)
	at com.kms.katalon.core.main.ScriptEngine.run(ScriptEngine.java:194)
	at com.kms.katalon.core.main.ScriptEngine.runScriptAsRawText(ScriptEngine.java:119)
	at com.kms.katalon.core.main.TestCaseExecutor.runScript(TestCaseExecutor.java:448)
	at com.kms.katalon.core.main.TestCaseExecutor.doExecute(TestCaseExecutor.java:439)
	at com.kms.katalon.core.main.TestCaseExecutor.processExecutionPhase(TestCaseExecutor.java:418)
	at com.kms.katalon.core.main.TestCaseExecutor.accessMainPhase(TestCaseExecutor.java:410)
	at com.kms.katalon.core.main.TestCaseExecutor.execute(TestCaseExecutor.java:285)
	at com.kms.katalon.core.common.CommonExecutor.accessTestCaseMainPhase(CommonExecutor.java:65)
	at com.kms.katalon.core.main.TestSuiteExecutor.accessTestSuiteMainPhase(TestSuiteExecutor.java:150)
	at com.kms.katalon.core.main.TestSuiteExecutor.execute(TestSuiteExecutor.java:106)
	at com.kms.katalon.core.main.TestCaseMain.startTestSuite(TestCaseMain.java:180)
	at TempTestSuite1738107421100.run(TempTestSuite1738107421100.groovy:35)
	at java.base/jdk.internal.reflect.NativeMethodAccessorImpl.invoke0(Native Method)
	at java.base/jdk.internal.reflect.NativeMethodAccessorImpl.invoke(NativeMethodAccessorImpl.java:77)
	at java.base/jdk.internal.reflect.DelegatingMethodAccessorImpl.invoke(DelegatingMethodAccessorImpl.java:43)
)

29-01-2025T04:13:36 - [TEST_STEP][FAILED] - if (verifyEqual(a2, b2) == true): Unable to verify equal between actual object '0,16%0,16%
0,32%0,32%
5,52%5,52%
5,5%5,5%
7,45%7,45%
15,12%15,12%
2,27%2,27%
3,79%3,79%
5,06%5,06%
0,68%0,68%
5,31%5,31%
7,42%7,42%
19,67%19,67%
8,34%8,34%
9,01%9,01%
3,69%3,69%
0,7%0,7%
' and expected object '0,08%0,08%
0,18%0,18%
5,64%5,64%
4,69%4,69%
6,77%6,77%
14,35%14,35%
2,11%2,11%
3,97%3,97%
5,06%5,06%
0,66%0,66%
5,7%5,7%
7,16%7,16%
22,16%22,16%
8,58%8,58%
8,73%8,73%
3,58%3,58%
0,58%0,58%
' (Root cause: com.kms.katalon.core.exception.StepFailedException: Actual object '0,16%0,16%
0,32%0,32%
5,52%5,52%
5,5%5,5%
7,45%7,45%
15,12%15,12%
2,27%2,27%
3,79%3,79%
5,06%5,06%
0,68%0,68%
5,31%5,31%
7,42%7,42%
19,67%19,67%
8,34%8,34%
9,01%9,01%
3,69%3,69%
0,7%0,7%
' and expected object '0,08%0,08%
0,18%0,18%
5,64%5,64%
4,69%4,69%
6,77%6,77%
14,35%14,35%
2,11%2,11%
3,97%3,97%
5,06%5,06%
0,66%0,66%
5,7%5,7%
7,16%7,16%
22,16%22,16%
8,58%8,58%
8,73%8,73%
3,58%3,58%
0,58%0,58%
' are not equal
	at com.kms.katalon.core.keyword.builtin.VerifyEqualKeyword$_verifyEqual_closure1.doCall(VerifyEqualKeyword.groovy:58)
	at com.kms.katalon.core.keyword.builtin.VerifyEqualKeyword$_verifyEqual_closure1.call(VerifyEqualKeyword.groovy)
	at com.kms.katalon.core.keyword.internal.KeywordMain.runKeyword(KeywordMain.groovy:75)
	at com.kms.katalon.core.keyword.builtin.VerifyEqualKeyword.verifyEqual(VerifyEqualKeyword.groovy:63)
	at com.kms.katalon.core.keyword.builtin.VerifyEqualKeyword.execute(VerifyEqualKeyword.groovy:44)
	at com.kms.katalon.core.keyword.internal.KeywordExecutor.executeKeywordForPlatform(KeywordExecutor.groovy:74)
	at com.kms.katalon.core.keyword.BuiltinKeywords.verifyEqual(BuiltinKeywords.groovy:146)
	at jdk.internal.reflect.GeneratedMethodAccessor25.invoke(Unknown Source)
	at java.base/jdk.internal.reflect.DelegatingMethodAccessorImpl.invoke(DelegatingMethodAccessorImpl.java:43)
	at Выручка по ДЗО сверка дашбордов.run(Выручка по ДЗО сверка дашбордов:142)
	at com.kms.katalon.core.main.ScriptEngine.run(ScriptEngine.java:194)
	at com.kms.katalon.core.main.ScriptEngine.runScriptAsRawText(ScriptEngine.java:119)
	at com.kms.katalon.core.main.TestCaseExecutor.runScript(TestCaseExecutor.java:448)
	at com.kms.katalon.core.main.TestCaseExecutor.doExecute(TestCaseExecutor.java:439)
	at com.kms.katalon.core.main.TestCaseExecutor.processExecutionPhase(TestCaseExecutor.java:418)
	at com.kms.katalon.core.main.TestCaseExecutor.accessMainPhase(TestCaseExecutor.java:410)
	at com.kms.katalon.core.main.TestCaseExecutor.execute(TestCaseExecutor.java:285)
	at com.kms.katalon.core.common.CommonExecutor.accessTestCaseMainPhase(CommonExecutor.java:65)
	at com.kms.katalon.core.main.TestSuiteExecutor.accessTestSuiteMainPhase(TestSuiteExecutor.java:150)
	at com.kms.katalon.core.main.TestSuiteExecutor.execute(TestSuiteExecutor.java:106)
	at com.kms.katalon.core.main.TestCaseMain.startTestSuite(TestCaseMain.java:180)
	at TempTestSuite1738107421100.run(TempTestSuite1738107421100.groovy:35)
	at java.base/jdk.internal.reflect.NativeMethodAccessorImpl.invoke0(Native Method)
	at java.base/jdk.internal.reflect.NativeMethodAccessorImpl.invoke(NativeMethodAccessorImpl.java:77)
	at java.base/jdk.internal.reflect.DelegatingMethodAccessorImpl.invoke(DelegatingMethodAccessorImpl.java:43)
)

29-01-2025T04:13:36 - [MESSAGE][FAILED] - Unable to verify equal between actual object '0,16%0,16%
0,32%0,32%
5,52%5,52%
5,5%5,5%
7,45%7,45%
15,12%15,12%
2,27%2,27%
3,79%3,79%
5,06%5,06%
0,68%0,68%
5,31%5,31%
7,42%7,42%
19,67%19,67%
8,34%8,34%
9,01%9,01%
3,69%3,69%
0,7%0,7%
' and expected object '0,08%0,08%
0,18%0,18%
5,64%5,64%
4,69%4,69%
6,77%6,77%
14,35%14,35%
2,11%2,11%
3,97%3,97%
5,06%5,06%
0,66%0,66%
5,7%5,7%
7,16%7,16%
22,16%22,16%
8,58%8,58%
8,73%8,73%
3,58%3,58%
0,58%0,58%
' (Root cause: com.kms.katalon.core.exception.StepFailedException: Actual object '0,16%0,16%
0,32%0,32%
5,52%5,52%
5,5%5,5%
7,45%7,45%
15,12%15,12%
2,27%2,27%
3,79%3,79%
5,06%5,06%
0,68%0,68%
5,31%5,31%
7,42%7,42%
19,67%19,67%
8,34%8,34%
9,01%9,01%
3,69%3,69%
0,7%0,7%
' and expected object '0,08%0,08%
0,18%0,18%
5,64%5,64%
4,69%4,69%
6,77%6,77%
14,35%14,35%
2,11%2,11%
3,97%3,97%
5,06%5,06%
0,66%0,66%
5,7%5,7%
7,16%7,16%
22,16%22,16%
8,58%8,58%
8,73%8,73%
3,58%3,58%
0,58%0,58%
' are not equal
	at com.kms.katalon.core.keyword.builtin.VerifyEqualKeyword$_verifyEqual_closure1.doCall(VerifyEqualKeyword.groovy:58)
	at com.kms.katalon.core.keyword.builtin.VerifyEqualKeyword$_verifyEqual_closure1.call(VerifyEqualKeyword.groovy)
	at com.kms.katalon.core.keyword.internal.KeywordMain.runKeyword(KeywordMain.groovy:75)
	at com.kms.katalon.core.keyword.builtin.VerifyEqualKeyword.verifyEqual(VerifyEqualKeyword.groovy:63)
	at com.kms.katalon.core.keyword.builtin.VerifyEqualKeyword.execute(VerifyEqualKeyword.groovy:44)
	at com.kms.katalon.core.keyword.internal.KeywordExecutor.executeKeywordForPlatform(KeywordExecutor.groovy:74)
	at com.kms.katalon.core.keyword.BuiltinKeywords.verifyEqual(BuiltinKeywords.groovy:146)
	at jdk.internal.reflect.GeneratedMethodAccessor25.invoke(Unknown Source)
	at java.base/jdk.internal.reflect.DelegatingMethodAccessorImpl.invoke(DelegatingMethodAccessorImpl.java:43)
	at Выручка по ДЗО сверка дашбордов.run(Выручка по ДЗО сверка дашбордов:142)
	at com.kms.katalon.core.main.ScriptEngine.run(ScriptEngine.java:194)
	at com.kms.katalon.core.main.ScriptEngine.runScriptAsRawText(ScriptEngine.java:119)
	at com.kms.katalon.core.main.TestCaseExecutor.runScript(TestCaseExecutor.java:448)
	at com.kms.katalon.core.main.TestCaseExecutor.doExecute(TestCaseExecutor.java:439)
	at com.kms.katalon.core.main.TestCaseExecutor.processExecutionPhase(TestCaseExecutor.java:418)
	at com.kms.katalon.core.main.TestCaseExecutor.accessMainPhase(TestCaseExecutor.java:410)
	at com.kms.katalon.core.main.TestCaseExecutor.execute(TestCaseExecutor.java:285)
	at com.kms.katalon.core.common.CommonExecutor.accessTestCaseMainPhase(CommonExecutor.java:65)
	at com.kms.katalon.core.main.TestSuiteExecutor.accessTestSuiteMainPhase(TestSuiteExecutor.java:150)
	at com.kms.katalon.core.main.TestSuiteExecutor.execute(TestSuiteExecutor.java:106)
	at com.kms.katalon.core.main.TestCaseMain.startTestSuite(TestCaseMain.java:180)
	at TempTestSuite1738107421100.run(TempTestSuite1738107421100.groovy:35)
	at java.base/jdk.internal.reflect.NativeMethodAccessorImpl.invoke0(Native Method)
	at java.base/jdk.internal.reflect.NativeMethodAccessorImpl.invoke(NativeMethodAccessorImpl.java:77)
	at java.base/jdk.internal.reflect.DelegatingMethodAccessorImpl.invoke(DelegatingMethodAccessorImpl.java:43)
)

29-01-2025T04:13:36 - [TEST_STEP][PASSED] - else: null

29-01-2025T04:13:36 - [TEST_STEP][PASSED] - Script1679562813597.WriteToExcel(todaysDate): null

29-01-2025T04:13:36 - [TEST_STEP][PASSED] - sheetName = "Sheet1": null

29-01-2025T04:13:36 - [TEST_STEP][PASSED] - data = findTestData("PlanFact"): null

29-01-2025T04:13:36 - [TEST_STEP][PASSED] - n = data.getRowNumbers() + 1: null

29-01-2025T04:13:36 - [TEST_STEP][PASSED] - dZO = getText(findTestObject("Выручка по ДЗО/Фильтр ДЗО")): Text of object 'Object Repository/Выручка по ДЗО/Фильтр ДЗО' is: 'Все'

29-01-2025T04:13:36 - [MESSAGE][PASSED] - Text of object 'Object Repository/Выручка по ДЗО/Фильтр ДЗО' is: 'Все'

29-01-2025T04:13:36 - [TEST_STEP][PASSED] - period = getText(findTestObject("Выручка по ДЗО/Фильтр Дата")): Text of object 'Object Repository/Выручка по ДЗО/Фильтр Дата' is: 'Все'

29-01-2025T04:13:36 - [MESSAGE][PASSED] - Text of object 'Object Repository/Выручка по ДЗО/Фильтр Дата' is: 'Все'

29-01-2025T04:13:36 - [TEST_STEP][PASSED] - println(period): null

29-01-2025T04:13:36 - [TEST_STEP][PASSED] - dashboardName = "Выручка по ДЗО": null

29-01-2025T04:13:36 - [TEST_STEP][PASSED] - workbook01 = getWorkbook(excelFilePath): null

29-01-2025T04:13:36 - [TEST_STEP][PASSED] - sheet01 = getExcelSheet(workbook01, sheetName): null

29-01-2025T04:13:36 - [TEST_STEP][PASSED] - setValueToCellByIndex(sheet01, n, 0, dashboardName): null

29-01-2025T04:13:36 - [TEST_STEP][PASSED] - setValueToCellByIndex(sheet01, n, 1, dZO): null

29-01-2025T04:13:36 - [TEST_STEP][PASSED] - setValueToCellByIndex(sheet01, n, 2, period): null

29-01-2025T04:13:36 - [TEST_STEP][PASSED] - setValueToCellByIndex(sheet01, n, 3, todaysDate): null

29-01-2025T04:13:36 - [TEST_STEP][PASSED] - n = n + 1: null

29-01-2025T04:13:36 - [TEST_STEP][PASSED] - saveWorkbook(excelFilePath, workbook01): null

29-01-2025T04:13:37 - [TEST_STEP][PASSED] - closeBrowser(): Browser is closed

29-01-2025T04:13:37 - [MESSAGE][PASSED] - Browser is closed]]></system-out>
         <system-err><![CDATA[29-01-2025T04:10:40 - [TEST_CASE][FAILED] - Test Cases/Сверки дашбордов/Выручка по ДЗО сверка дашбордов: Test Cases/Сверки дашбордов/Выручка по ДЗО сверка дашбордов FAILED.
Reason:
com.kms.katalon.core.exception.StepFailedException: Unable to click on object 'Object Repository/Выручка по ДЗО/2024 год Выручка' (Root cause: com.kms.katalon.core.exception.StepFailedException: Unable to click on object 'Object Repository/Выручка по ДЗО/2024 год Выручка'
	at com.kms.katalon.core.webui.keyword.internal.WebUIKeywordMain.stepFailed(WebUIKeywordMain.groovy:64)
	at com.kms.katalon.core.webui.keyword.internal.WebUIKeywordMain.runKeyword(WebUIKeywordMain.groovy:26)
	at com.kms.katalon.core.webui.keyword.builtin.ClickKeyword.click(ClickKeyword.groovy:74)
	at com.kms.katalon.core.webui.keyword.builtin.ClickKeyword.execute(ClickKeyword.groovy:40)
	at com.kms.katalon.core.keyword.internal.KeywordExecutor.executeKeywordForPlatform(KeywordExecutor.groovy:74)
	at com.kms.katalon.core.webui.keyword.WebUiBuiltInKeywords.click(WebUiBuiltInKeywords.groovy:659)
	at Выручка по ДЗО сверка дашбордов.run(Выручка по ДЗО сверка дашбордов:105)
	at com.kms.katalon.core.main.ScriptEngine.run(ScriptEngine.java:194)
	at com.kms.katalon.core.main.ScriptEngine.runScriptAsRawText(ScriptEngine.java:119)
	at com.kms.katalon.core.main.TestCaseExecutor.runScript(TestCaseExecutor.java:448)
	at com.kms.katalon.core.main.TestCaseExecutor.doExecute(TestCaseExecutor.java:439)
	at com.kms.katalon.core.main.TestCaseExecutor.processExecutionPhase(TestCaseExecutor.java:418)
	at com.kms.katalon.core.main.TestCaseExecutor.accessMainPhase(TestCaseExecutor.java:410)
	at com.kms.katalon.core.main.TestCaseExecutor.execute(TestCaseExecutor.java:285)
	at com.kms.katalon.core.common.CommonExecutor.accessTestCaseMainPhase(CommonExecutor.java:65)
	at com.kms.katalon.core.main.TestSuiteExecutor.accessTestSuiteMainPhase(TestSuiteExecutor.java:150)
	at com.kms.katalon.core.main.TestSuiteExecutor.execute(TestSuiteExecutor.java:106)
	at com.kms.katalon.core.main.TestCaseMain.startTestSuite(TestCaseMain.java:180)
	at TempTestSuite1738107421100.run(TempTestSuite1738107421100.groovy:35)
	at java.base/jdk.internal.reflect.NativeMethodAccessorImpl.invoke0(Native Method)
	at java.base/jdk.internal.reflect.NativeMethodAccessorImpl.invoke(NativeMethodAccessorImpl.java:77)
	at java.base/jdk.internal.reflect.DelegatingMethodAccessorImpl.invoke(DelegatingMethodAccessorImpl.java:43)
Caused by: com.kms.katalon.core.webui.exception.WebElementNotFoundException: Web element with id: 'Object Repository/Выручка по ДЗО/2024 год Выручка' located by '//li[10]/div/i/i' not found
	at com.kms.katalon.core.webui.common.WebUiCommonHelper.findWebElement(WebUiCommonHelper.java:1426)
	at com.kms.katalon.core.webui.keyword.internal.WebUIAbstractKeyword.findWebElement(WebUIAbstractKeyword.groovy:27)
	at com.kms.katalon.core.webui.keyword.builtin.ClickKeyword$_click_closure1.doCall(ClickKeyword.groovy:65)
	at com.kms.katalon.core.webui.keyword.builtin.ClickKeyword$_click_closure1.call(ClickKeyword.groovy)
	at com.kms.katalon.core.webui.keyword.internal.WebUIKeywordMain.runKeyword(WebUIKeywordMain.groovy:20)
	at com.kms.katalon.core.webui.keyword.builtin.ClickKeyword.click(ClickKeyword.groovy:74)
	at com.kms.katalon.core.webui.keyword.builtin.ClickKeyword.execute(ClickKeyword.groovy:40)
	at com.kms.katalon.core.keyword.internal.KeywordExecutor.executeKeywordForPlatform(KeywordExecutor.groovy:74)
	at com.kms.katalon.core.webui.keyword.WebUiBuiltInKeywords.click(WebUiBuiltInKeywords.groovy:659)
	at Script1679562813597.run(Script1679562813597.groovy:105)
	... 15 more
)
	at com.kms.katalon.core.keyword.internal.KeywordMain.stepFailed(KeywordMain.groovy:39)
	at com.kms.katalon.core.webui.keyword.internal.WebUIKeywordMain.stepFailed(WebUIKeywordMain.groovy:64)
	at com.kms.katalon.core.webui.keyword.internal.WebUIKeywordMain.runKeyword(WebUIKeywordMain.groovy:26)
	at com.kms.katalon.core.webui.keyword.builtin.ClickKeyword.click(ClickKeyword.groovy:74)
	at com.kms.katalon.core.webui.keyword.builtin.ClickKeyword.execute(ClickKeyword.groovy:40)
	at com.kms.katalon.core.keyword.internal.KeywordExecutor.executeKeywordForPlatform(KeywordExecutor.groovy:74)
	at com.kms.katalon.core.webui.keyword.WebUiBuiltInKeywords.click(WebUiBuiltInKeywords.groovy:659)
	at Выручка по ДЗО сверка дашбордов.run(Выручка по ДЗО сверка дашбордов:105)
	at com.kms.katalon.core.main.ScriptEngine.run(ScriptEngine.java:194)
	at com.kms.katalon.core.main.ScriptEngine.runScriptAsRawText(ScriptEngine.java:119)
	at com.kms.katalon.core.main.TestCaseExecutor.runScript(TestCaseExecutor.java:448)
	at com.kms.katalon.core.main.TestCaseExecutor.doExecute(TestCaseExecutor.java:439)
	at com.kms.katalon.core.main.TestCaseExecutor.processExecutionPhase(TestCaseExecutor.java:418)
	at com.kms.katalon.core.main.TestCaseExecutor.accessMainPhase(TestCaseExecutor.java:410)
	at com.kms.katalon.core.main.TestCaseExecutor.execute(TestCaseExecutor.java:285)
	at com.kms.katalon.core.common.CommonExecutor.accessTestCaseMainPhase(CommonExecutor.java:65)
	at com.kms.katalon.core.main.TestSuiteExecutor.accessTestSuiteMainPhase(TestSuiteExecutor.java:150)
	at com.kms.katalon.core.main.TestSuiteExecutor.execute(TestSuiteExecutor.java:106)
	at com.kms.katalon.core.main.TestCaseMain.startTestSuite(TestCaseMain.java:180)
	at TempTestSuite1738107421100.run(TempTestSuite1738107421100.groovy:35)
	at java.base/jdk.internal.reflect.NativeMethodAccessorImpl.invoke0(Native Method)
	at java.base/jdk.internal.reflect.NativeMethodAccessorImpl.invoke(NativeMethodAccessorImpl.java:77)
	at java.base/jdk.internal.reflect.DelegatingMethodAccessorImpl.invoke(DelegatingMethodAccessorImpl.java:43)
Caused by: com.kms.katalon.core.exception.StepFailedException: Unable to click on object 'Object Repository/Выручка по ДЗО/2024 год Выручка'
	... 22 more
Caused by: com.kms.katalon.core.webui.exception.WebElementNotFoundException: Web element with id: 'Object Repository/Выручка по ДЗО/2024 год Выручка' located by '//li[10]/div/i/i' not found
	at com.kms.katalon.core.webui.common.WebUiCommonHelper.findWebElement(WebUiCommonHelper.java:1426)
	at com.kms.katalon.core.webui.keyword.internal.WebUIAbstractKeyword.findWebElement(WebUIAbstractKeyword.groovy:27)
	at com.kms.katalon.core.webui.keyword.builtin.ClickKeyword$_click_closure1.doCall(ClickKeyword.groovy:65)
	at com.kms.katalon.core.webui.keyword.builtin.ClickKeyword$_click_closure1.call(ClickKeyword.groovy)
	at com.kms.katalon.core.webui.keyword.internal.WebUIKeywordMain.runKeyword(WebUIKeywordMain.groovy:20)
	... 20 more]]></system-err>
      </testcase>
      <testcase name="Test Cases/Сверки дашбордов/Прогноз по отраслям сверка дашбордов" time="1150.356" classname="Test Cases/Сверки дашбордов/Прогноз по отраслям сверка дашбордов" status="PASSED">
         <system-out><![CDATA[29-01-2025T04:13:37 - [TEST_CASE][PASSED] - Test Cases/Сверки дашбордов/Прогноз по отраслям сверка дашбордов: Test Cases/Сверки дашбордов/Прогноз по отраслям сверка дашбордов

29-01-2025T04:13:37 - [TEST_STEP][PASSED] - date = new java.util.Date(): null

29-01-2025T04:13:37 - [TEST_STEP][PASSED] - todaysDate = date.format("dd.MM.yyyy"): null

29-01-2025T04:13:37 - [TEST_STEP][PASSED] - println(todaysDate): null

29-01-2025T04:13:37 - [TEST_STEP][PASSED] - typeOfData = <not implemented yet for class: org.codehaus.groovy.ast.expr.EmptyExpression>: null

29-01-2025T04:13:37 - [TEST_STEP][PASSED] - filterSravnenie = <not implemented yet for class: org.codehaus.groovy.ast.expr.EmptyExpression>: null

29-01-2025T04:13:37 - [TEST_STEP][PASSED] - kpoOtpusk = <not implemented yet for class: org.codehaus.groovy.ast.expr.EmptyExpression>: null

29-01-2025T04:13:37 - [TEST_STEP][PASSED] - openBrowser(""): Browser is opened with url: ''

29-01-2025T04:13:37 - [MESSAGE][INFO] - Starting 'Chrome' driver

29-01-2025T04:13:37 - [MESSAGE][INFO] - Action delay is set to 0 milliseconds

29-01-2025T04:13:38 - [MESSAGE][PASSED] - Browser is opened with url: ''

29-01-2025T04:13:38 - [TEST_STEP][PASSED] - navigateToUrl(findTestData("PlanFact").getValue(10, 6)): Navigate to 'https://bi.rosseti.digital/viewer?dashboardGuid=d6acb5b1a7114a9791b34de39263106e&sheetGuid=0b6d261d7f7b4424a967aa8f3a724189&fit=true' successfully

29-01-2025T04:13:46 - [MESSAGE][PASSED] - Navigate to 'https://bi.rosseti.digital/viewer?dashboardGuid=d6acb5b1a7114a9791b34de39263106e&sheetGuid=0b6d261d7f7b4424a967aa8f3a724189&fit=true' successfully

29-01-2025T04:13:46 - [TEST_STEP][PASSED] - setText(findTestObject("Страница авторизации/input__username"), findTestData("PlanFact").getValue(8, 1)): Text 'liazgina-di' is set on object 'Object Repository/Страница авторизации/input__username'

29-01-2025T04:13:48 - [MESSAGE][PASSED] - Text 'liazgina-di' is set on object 'Object Repository/Страница авторизации/input__username'

29-01-2025T04:13:48 - [TEST_STEP][PASSED] - setText(findTestObject("Страница авторизации/input__password"), findTestData("PlanFact").getValue(9, 1)): Text ')$%5srZ8o688Dm#q' is set on object 'Object Repository/Страница авторизации/input__password'

29-01-2025T04:13:48 - [MESSAGE][PASSED] - Text ')$%5srZ8o688Dm#q' is set on object 'Object Repository/Страница авторизации/input__password'

29-01-2025T04:13:48 - [TEST_STEP][PASSED] - click(findTestObject("Страница авторизации/button_")): Object: 'Object Repository/Страница авторизации/button_' is clicked on

29-01-2025T04:13:50 - [MESSAGE][PASSED] - Object: 'Object Repository/Страница авторизации/button_' is clicked on

29-01-2025T04:13:50 - [TEST_STEP][PASSED] - delay(50): Delayed 50 second(s)

29-01-2025T04:14:40 - [MESSAGE][PASSED] - Delayed 50 second(s)

29-01-2025T04:14:40 - [TEST_STEP][PASSED] - click(findTestObject("Прогноз по отраслям/Фильтр Месяц")): Object: 'Object Repository/Прогноз по отраслям/Фильтр Месяц' is clicked on

29-01-2025T04:14:40 - [MESSAGE][PASSED] - Object: 'Object Repository/Прогноз по отраслям/Фильтр Месяц' is clicked on

29-01-2025T04:14:40 - [TEST_STEP][PASSED] - scrollToElement(findTestObject("Прогноз по отраслям/Ноябрь"), 30): Scroll to object 'Object Repository/Прогноз по отраслям/Ноябрь' successfully

29-01-2025T04:14:41 - [MESSAGE][PASSED] - Scroll to object 'Object Repository/Прогноз по отраслям/Ноябрь' successfully

29-01-2025T04:14:41 - [TEST_STEP][PASSED] - click(findTestObject("Прогноз по отраслям/Ноябрь"), CONTINUE_ON_FAILURE): Object: 'Object Repository/Прогноз по отраслям/Ноябрь' is clicked on

29-01-2025T04:14:42 - [MESSAGE][PASSED] - Object: 'Object Repository/Прогноз по отраслям/Ноябрь' is clicked on

29-01-2025T04:14:42 - [TEST_STEP][PASSED] - scrollToElement(findTestObject("Прогноз по отраслям/Заголовок дашборда"), 30): Scroll to object 'Object Repository/Прогноз по отраслям/Заголовок дашборда' successfully

29-01-2025T04:14:42 - [MESSAGE][PASSED] - Scroll to object 'Object Repository/Прогноз по отраслям/Заголовок дашборда' successfully

29-01-2025T04:14:42 - [TEST_STEP][PASSED] - click(findTestObject("Прогноз по отраслям/Фильтр Сравнение с")): Object: 'Object Repository/Прогноз по отраслям/Фильтр Сравнение с' is clicked on

29-01-2025T04:14:43 - [MESSAGE][PASSED] - Object: 'Object Repository/Прогноз по отраслям/Фильтр Сравнение с' is clicked on

29-01-2025T04:14:43 - [TEST_STEP][PASSED] - click(findTestObject("Прогноз по отраслям/Факт прошлого года")): Object: 'Object Repository/Прогноз по отраслям/Факт прошлого года' is clicked on

29-01-2025T04:14:44 - [MESSAGE][PASSED] - Object: 'Object Repository/Прогноз по отраслям/Факт прошлого года' is clicked on

29-01-2025T04:14:44 - [TEST_STEP][PASSED] - click(findTestObject("Прогноз по отраслям/Фильтр КПО-Отпуск")): Object: 'Object Repository/Прогноз по отраслям/Фильтр КПО-Отпуск' is clicked on

29-01-2025T04:14:45 - [MESSAGE][PASSED] - Object: 'Object Repository/Прогноз по отраслям/Фильтр КПО-Отпуск' is clicked on

29-01-2025T04:14:45 - [TEST_STEP][PASSED] - click(findTestObject("Прогноз по отраслям/Отпуск")): Object: 'Object Repository/Прогноз по отраслям/Отпуск' is clicked on

29-01-2025T04:14:46 - [MESSAGE][PASSED] - Object: 'Object Repository/Прогноз по отраслям/Отпуск' is clicked on

29-01-2025T04:14:46 - [TEST_STEP][PASSED] - delay(40): Delayed 40 second(s)

29-01-2025T04:15:26 - [MESSAGE][PASSED] - Delayed 40 second(s)

29-01-2025T04:15:26 - [TEST_STEP][PASSED] - a1 = getText(findTestObject("Прогноз по отраслям/Виджеты дашборда")): Text of object 'Object Repository/Прогноз по отраслям/Виджеты дашборда' is: 'Год 
2023 год
Сравнение с 
Факт прошлого года
Динамика электропотребления, млрд. кВт.ч. по ПАО Россети на 2023 год
12 12
186 186
36 36
50 50
10 10
19 19
0 0
17 17
85 85
19 19
82 82
604 604
10 10
197 197
37 37
48 48
10 10
15 15
4 4
18 18
80 80
19 19
82 82
608 608
Факт прошлого года
Ожидаемое (прогноз по конца года)
Интер РАО (дляФСК)
Промышленныепотребители
Транспорт
Нефтедобыча
Нефтепереработка
Нефтепроводы
Газопроводы
Сельскоехозяйство ипищеваяпромышленность
Непромышленныепотребители
Государственные(муниципальные)организации ипрочиебюджетныепотребители
Население иприравненныегруппыпотребителей
Территориальныесетевыеорганизации
Выручка по ПАО Россети на 2023 год
5 5
285 285
72 72
72 72
18 18
22 22
0 0
50 50
201 201
61 61
190 190
227 227
6 6
331 331
82 82
77 77
20 20
20 20
3 3
57 57
220 220
68 68
214 214
258 258
Факт прошлого года
Ожидаемое (прогноз по конца года)
Интер РАО (дляФСК)
Промышленныепотребители
Транспорт
Нефтедобыча
Нефтепереработка
Нефтепроводы
Газопроводы
Сельскоехозяйство ипищеваяпромышленность
Непромышленныепотребители
Государственные(муниципальные)организации ипрочиебюджетныепотребители
Население иприравненныегруппыпотребителей
Территориальныесетевыеорганизации
Отклонения по ПАО Россети на 2023 год
-18.5% -18.5%
5.9% 5.9%
3.6% 3.6%
-3.9% -3.9%
0.9% 0.9%
-20.7% -20.7%
3 313.2% 3 313.2%
3.8% 3.8%
-5.6% -5.6%
1.3% 1.3%
-0.9% -0.9%
0.7% 0.7%
⬤ Отклонение, %
Интер РАО (для ФСК)
Промышленные потребители
Транспорт
Нефтедобыча
Нефтепереработка
Нефтепроводы
Газопроводы
Сельское хозяйство и пищевая пр…
Непромышленные потребители
Государственные (муниципальные…
Население и приравненные групп…
Территориальные сетевые органи…
Выручка отклонения по ПАО Россети на 2023 год
7.7% 7.7%
16.0% 16.0%
13.2% 13.2%
6.7% 6.7%
13.3% 13.3%
-7.7% -7.7%
1 331.5% 1 331.5%
14.2% 14.2%
9.9% 9.9%
12.0% 12.0%
12.4% 12.4%
13.7% 13.7%
⬤ Отклонение, %
Интер РАО (для ФСК)
Промышленные потребители
Транспорт
Нефтедобыча
Нефтепереработка
Нефтепроводы
Газопроводы
Сельское хозяйство и пищевая пр…
Непромышленные потребители
Государственные (муниципальные…
Население и приравненные групп…
Территориальные сетевые органи…
абс.
%
Прогноз на месяц 
Ноябрь
КПО/Отпуск из сети 
Отпуск из сети, млн. кВт.ч
Организация 
Все
Прогноз электропотребления и выручки за услуги по передаче в разрезе отраслей'

29-01-2025T04:15:26 - [MESSAGE][PASSED] - Text of object 'Object Repository/Прогноз по отраслям/Виджеты дашборда' is: 'Год 
2023 год
Сравнение с 
Факт прошлого года
Динамика электропотребления, млрд. кВт.ч. по ПАО Россети на 2023 год
12 12
186 186
36 36
50 50
10 10
19 19
0 0
17 17
85 85
19 19
82 82
604 604
10 10
197 197
37 37
48 48
10 10
15 15
4 4
18 18
80 80
19 19
82 82
608 608
Факт прошлого года
Ожидаемое (прогноз по конца года)
Интер РАО (дляФСК)
Промышленныепотребители
Транспорт
Нефтедобыча
Нефтепереработка
Нефтепроводы
Газопроводы
Сельскоехозяйство ипищеваяпромышленность
Непромышленныепотребители
Государственные(муниципальные)организации ипрочиебюджетныепотребители
Население иприравненныегруппыпотребителей
Территориальныесетевыеорганизации
Выручка по ПАО Россети на 2023 год
5 5
285 285
72 72
72 72
18 18
22 22
0 0
50 50
201 201
61 61
190 190
227 227
6 6
331 331
82 82
77 77
20 20
20 20
3 3
57 57
220 220
68 68
214 214
258 258
Факт прошлого года
Ожидаемое (прогноз по конца года)
Интер РАО (дляФСК)
Промышленныепотребители
Транспорт
Нефтедобыча
Нефтепереработка
Нефтепроводы
Газопроводы
Сельскоехозяйство ипищеваяпромышленность
Непромышленныепотребители
Государственные(муниципальные)организации ипрочиебюджетныепотребители
Население иприравненныегруппыпотребителей
Территориальныесетевыеорганизации
Отклонения по ПАО Россети на 2023 год
-18.5% -18.5%
5.9% 5.9%
3.6% 3.6%
-3.9% -3.9%
0.9% 0.9%
-20.7% -20.7%
3 313.2% 3 313.2%
3.8% 3.8%
-5.6% -5.6%
1.3% 1.3%
-0.9% -0.9%
0.7% 0.7%
⬤ Отклонение, %
Интер РАО (для ФСК)
Промышленные потребители
Транспорт
Нефтедобыча
Нефтепереработка
Нефтепроводы
Газопроводы
Сельское хозяйство и пищевая пр…
Непромышленные потребители
Государственные (муниципальные…
Население и приравненные групп…
Территориальные сетевые органи…
Выручка отклонения по ПАО Россети на 2023 год
7.7% 7.7%
16.0% 16.0%
13.2% 13.2%
6.7% 6.7%
13.3% 13.3%
-7.7% -7.7%
1 331.5% 1 331.5%
14.2% 14.2%
9.9% 9.9%
12.0% 12.0%
12.4% 12.4%
13.7% 13.7%
⬤ Отклонение, %
Интер РАО (для ФСК)
Промышленные потребители
Транспорт
Нефтедобыча
Нефтепереработка
Нефтепроводы
Газопроводы
Сельское хозяйство и пищевая пр…
Непромышленные потребители
Государственные (муниципальные…
Население и приравненные групп…
Территориальные сетевые органи…
абс.
%
Прогноз на месяц 
Ноябрь
КПО/Отпуск из сети 
Отпуск из сети, млн. кВт.ч
Организация 
Все
Прогноз электропотребления и выручки за услуги по передаче в разрезе отраслей'

29-01-2025T04:15:26 - [TEST_STEP][PASSED] - a1 = a1.replaceAll("[^0-9]", ""): null

29-01-2025T04:15:26 - [TEST_STEP][PASSED] - println("a1:" + a1): null

29-01-2025T04:15:26 - [TEST_STEP][PASSED] - click(findTestObject("Прогноз по отраслям/Фильтр Сравнение с")): Object: 'Object Repository/Прогноз по отраслям/Фильтр Сравнение с' is clicked on

29-01-2025T04:15:27 - [MESSAGE][PASSED] - Object: 'Object Repository/Прогноз по отраслям/Фильтр Сравнение с' is clicked on

29-01-2025T04:15:27 - [TEST_STEP][PASSED] - click(findTestObject("Прогноз по отраслям/План")): Object: 'Object Repository/Прогноз по отраслям/План' is clicked on

29-01-2025T04:15:28 - [MESSAGE][PASSED] - Object: 'Object Repository/Прогноз по отраслям/План' is clicked on

29-01-2025T04:15:28 - [TEST_STEP][PASSED] - delay(40): Delayed 40 second(s)

29-01-2025T04:16:08 - [MESSAGE][PASSED] - Delayed 40 second(s)

29-01-2025T04:16:08 - [TEST_STEP][PASSED] - a2 = getText(findTestObject("Прогноз по отраслям/Виджеты дашборда")): Text of object 'Object Repository/Прогноз по отраслям/Виджеты дашборда' is: 'Год 
2023 год
Сравнение с 
План
Динамика электропотребления, млрд. кВт.ч. по ПАО Россети на 2023 год
10 10
190 190
36 36
14 14
9 9
14 14
4 4
17 17
80 80
19 19
82 82
588 588
10 10
197 197
37 37
48 48
10 10
15 15
4 4
18 18
80 80
19 19
82 82
608 608
План
Ожидаемое (прогноз по конца года)
Интер РАО (дляФСК)
Промышленныепотребители
Транспорт
Нефтедобыча
Нефтепереработка
Нефтепроводы
Газопроводы
Сельскоехозяйство ипищеваяпромышленность
Непромышленныепотребители
Государственные(муниципальные)организации ипрочиебюджетныепотребители
Население иприравненныегруппыпотребителей
Территориальныесетевыеорганизации
Выручка по ПАО Россети на 2023 год
5 5
319 319
81 81
16 16
16 16
20 20
2 2
56 56
215 215
67 67
218 218
239 239
6 6
331 331
82 82
77 77
20 20
20 20
3 3
57 57
220 220
68 68
214 214
258 258
План
Ожидаемое (прогноз по конца года)
Интер РАО (дляФСК)
Промышленныепотребители
Транспорт
Нефтедобыча
Нефтепереработка
Нефтепроводы
Газопроводы
Сельскоехозяйство ипищеваяпромышленность
Непромышленныепотребители
Государственные(муниципальные)организации ипрочиебюджетныепотребители
Население иприравненныегруппыпотребителей
Территориальныесетевыеорганизации
Отклонения по ПАО Россети на 2023 год
-4.7% -4.7%
3.8% 3.8%
1.9% 1.9%
230.3% 230.3%
10.9% 10.9%
4.2% 4.2%
21.7% 21.7%
3.9% 3.9%
-0.6% -0.6%
1.6% 1.6%
-1.0% -1.0%
3.3% 3.3%
⬤ Отклонение, %
Интер РАО (для ФСК)
Промышленные потребители
Транспорт
Нефтедобыча
Нефтепереработка
Нефтепроводы
Газопроводы
Сельское хозяйство и пищевая пр…
Непромышленные потребители
Государственные (муниципальные…
Население и приравненные групп…
Территориальные сетевые органи…
Выручка отклонения по ПАО Россети на 2023 год
15.6% 15.6%
3.8% 3.8%
1.2% 1.2%
398.2% 398.2%
26.9% 26.9%
-0.6% -0.6%
26.9% 26.9%
1.5% 1.5%
2.7% 2.7%
2.0% 2.0%
-2.0% -2.0%
7.9% 7.9%
⬤ Отклонение, %
Интер РАО (для ФСК)
Промышленные потребители
Транспорт
Нефтедобыча
Нефтепереработка
Нефтепроводы
Газопроводы
Сельское хозяйство и пищевая пр…
Непромышленные потребители
Государственные (муниципальные…
Население и приравненные групп…
Территориальные сетевые органи…
абс.
%
Прогноз на месяц 
Ноябрь
КПО/Отпуск из сети 
Отпуск из сети, млн. кВт.ч
Организация 
Все
Прогноз электропотребления и выручки за услуги по передаче в разрезе отраслей'

29-01-2025T04:16:08 - [MESSAGE][PASSED] - Text of object 'Object Repository/Прогноз по отраслям/Виджеты дашборда' is: 'Год 
2023 год
Сравнение с 
План
Динамика электропотребления, млрд. кВт.ч. по ПАО Россети на 2023 год
10 10
190 190
36 36
14 14
9 9
14 14
4 4
17 17
80 80
19 19
82 82
588 588
10 10
197 197
37 37
48 48
10 10
15 15
4 4
18 18
80 80
19 19
82 82
608 608
План
Ожидаемое (прогноз по конца года)
Интер РАО (дляФСК)
Промышленныепотребители
Транспорт
Нефтедобыча
Нефтепереработка
Нефтепроводы
Газопроводы
Сельскоехозяйство ипищеваяпромышленность
Непромышленныепотребители
Государственные(муниципальные)организации ипрочиебюджетныепотребители
Население иприравненныегруппыпотребителей
Территориальныесетевыеорганизации
Выручка по ПАО Россети на 2023 год
5 5
319 319
81 81
16 16
16 16
20 20
2 2
56 56
215 215
67 67
218 218
239 239
6 6
331 331
82 82
77 77
20 20
20 20
3 3
57 57
220 220
68 68
214 214
258 258
План
Ожидаемое (прогноз по конца года)
Интер РАО (дляФСК)
Промышленныепотребители
Транспорт
Нефтедобыча
Нефтепереработка
Нефтепроводы
Газопроводы
Сельскоехозяйство ипищеваяпромышленность
Непромышленныепотребители
Государственные(муниципальные)организации ипрочиебюджетныепотребители
Население иприравненныегруппыпотребителей
Территориальныесетевыеорганизации
Отклонения по ПАО Россети на 2023 год
-4.7% -4.7%
3.8% 3.8%
1.9% 1.9%
230.3% 230.3%
10.9% 10.9%
4.2% 4.2%
21.7% 21.7%
3.9% 3.9%
-0.6% -0.6%
1.6% 1.6%
-1.0% -1.0%
3.3% 3.3%
⬤ Отклонение, %
Интер РАО (для ФСК)
Промышленные потребители
Транспорт
Нефтедобыча
Нефтепереработка
Нефтепроводы
Газопроводы
Сельское хозяйство и пищевая пр…
Непромышленные потребители
Государственные (муниципальные…
Население и приравненные групп…
Территориальные сетевые органи…
Выручка отклонения по ПАО Россети на 2023 год
15.6% 15.6%
3.8% 3.8%
1.2% 1.2%
398.2% 398.2%
26.9% 26.9%
-0.6% -0.6%
26.9% 26.9%
1.5% 1.5%
2.7% 2.7%
2.0% 2.0%
-2.0% -2.0%
7.9% 7.9%
⬤ Отклонение, %
Интер РАО (для ФСК)
Промышленные потребители
Транспорт
Нефтедобыча
Нефтепереработка
Нефтепроводы
Газопроводы
Сельское хозяйство и пищевая пр…
Непромышленные потребители
Государственные (муниципальные…
Население и приравненные групп…
Территориальные сетевые органи…
абс.
%
Прогноз на месяц 
Ноябрь
КПО/Отпуск из сети 
Отпуск из сети, млн. кВт.ч
Организация 
Все
Прогноз электропотребления и выручки за услуги по передаче в разрезе отраслей'

29-01-2025T04:16:08 - [TEST_STEP][PASSED] - a2 = a2.replaceAll("[^0-9]", ""): null

29-01-2025T04:16:08 - [TEST_STEP][PASSED] - println("a2:" + a2): null

29-01-2025T04:16:08 - [TEST_STEP][PASSED] - click(findTestObject("Прогноз по отраслям/Фильтр Сравнение с")): Object: 'Object Repository/Прогноз по отраслям/Фильтр Сравнение с' is clicked on

29-01-2025T04:16:08 - [MESSAGE][PASSED] - Object: 'Object Repository/Прогноз по отраслям/Фильтр Сравнение с' is clicked on

29-01-2025T04:16:08 - [TEST_STEP][PASSED] - click(findTestObject("Прогноз по отраслям/План СУ")): Object: 'Object Repository/Прогноз по отраслям/План СУ' is clicked on

29-01-2025T04:16:09 - [MESSAGE][PASSED] - Object: 'Object Repository/Прогноз по отраслям/План СУ' is clicked on

29-01-2025T04:16:09 - [TEST_STEP][PASSED] - delay(40): Delayed 40 second(s)

29-01-2025T04:16:49 - [MESSAGE][PASSED] - Delayed 40 second(s)

29-01-2025T04:16:49 - [TEST_STEP][PASSED] - a3 = getText(findTestObject("Прогноз по отраслям/Виджеты дашборда")): Text of object 'Object Repository/Прогноз по отраслям/Виджеты дашборда' is: 'Год 
2023 год
Сравнение с 
План/СУ
Динамика электропотребления, млрд. кВт.ч. по ПАО Россети на 2023 год
10 10
186 186
36 36
15 15
9 9
14 14
4 4
17 17
88 88
19 19
83 83
597 597
10 10
197 197
37 37
48 48
10 10
15 15
4 4
18 18
80 80
19 19
82 82
608 608
СУ
Ожидаемое (прогноз по конца года)
Интер РАО (дляФСК)
Промышленныепотребители
Транспорт
Нефтедобыча
Нефтепереработка
Нефтепроводы
Газопроводы
Сельскоехозяйство ипищеваяпромышленность
Непромышленныепотребители
Государственные(муниципальные)организации ипрочиебюджетныепотребители
Население иприравненныегруппыпотребителей
Территориальныесетевыеорганизации
Выручка по ПАО Россети на 2023 год
6 6
331 331
82 82
77 77
20 20
20 20
3 3
57 57
220 220
68 68
214 214
258 258
Ожидаемое (прогноз по конца года)
Интер РАО (дляФСК)
Промышленныепотребители
Транспорт
Нефтедобыча
Нефтепереработка
Нефтепроводы
Газопроводы
Сельскоехозяйство ипищеваяпромышленность
Непромышленныепотребители
Государственные(муниципальные)организации ипрочиебюджетныепотребители
Население иприравненныегруппыпотребителей
Территориальныесетевыеорганизации
Отклонения по ПАО Россети на 2023 год
2.5% 2.5%
5.9% 5.9%
1.9% 1.9%
219.1% 219.1%
11.7% 11.7%
1.9% 1.9%
13.1% 13.1%
3.5% 3.5%
-8.7% -8.7%
0.2% 0.2%
-1.6% -1.6%
1.8% 1.8%
⬤ Отклонение, %
Интер РАО (для ФСК)
Промышленные потребители
Транспорт
Нефтедобыча
Нефтепереработка
Нефтепроводы
Газопроводы
Сельское хозяйство и пищевая пр…
Непромышленные потребители
Государственные (муниципальные…
Население и приравненные групп…
Территориальные сетевые органи…
Выручка отклонения по ПАО Россети на 2023 год
⬤ Отклонение, %
Интер РАО (для ФСК)
Промышленные потребители
Транспорт
Нефтедобыча
Нефтепереработка
Нефтепроводы
Газопроводы
Сельское хозяйство и пищевая пр…
Непромышленные потребители
Государственные (муниципальные…
Население и приравненные групп…
Территориальные сетевые органи…
абс.
%
Прогноз на месяц 
Ноябрь
КПО/Отпуск из сети 
Отпуск из сети, млн. кВт.ч
Организация 
Все
Прогноз электропотребления и выручки за услуги по передаче в разрезе отраслей'

29-01-2025T04:16:50 - [MESSAGE][PASSED] - Text of object 'Object Repository/Прогноз по отраслям/Виджеты дашборда' is: 'Год 
2023 год
Сравнение с 
План/СУ
Динамика электропотребления, млрд. кВт.ч. по ПАО Россети на 2023 год
10 10
186 186
36 36
15 15
9 9
14 14
4 4
17 17
88 88
19 19
83 83
597 597
10 10
197 197
37 37
48 48
10 10
15 15
4 4
18 18
80 80
19 19
82 82
608 608
СУ
Ожидаемое (прогноз по конца года)
Интер РАО (дляФСК)
Промышленныепотребители
Транспорт
Нефтедобыча
Нефтепереработка
Нефтепроводы
Газопроводы
Сельскоехозяйство ипищеваяпромышленность
Непромышленныепотребители
Государственные(муниципальные)организации ипрочиебюджетныепотребители
Население иприравненныегруппыпотребителей
Территориальныесетевыеорганизации
Выручка по ПАО Россети на 2023 год
6 6
331 331
82 82
77 77
20 20
20 20
3 3
57 57
220 220
68 68
214 214
258 258
Ожидаемое (прогноз по конца года)
Интер РАО (дляФСК)
Промышленныепотребители
Транспорт
Нефтедобыча
Нефтепереработка
Нефтепроводы
Газопроводы
Сельскоехозяйство ипищеваяпромышленность
Непромышленныепотребители
Государственные(муниципальные)организации ипрочиебюджетныепотребители
Население иприравненныегруппыпотребителей
Территориальныесетевыеорганизации
Отклонения по ПАО Россети на 2023 год
2.5% 2.5%
5.9% 5.9%
1.9% 1.9%
219.1% 219.1%
11.7% 11.7%
1.9% 1.9%
13.1% 13.1%
3.5% 3.5%
-8.7% -8.7%
0.2% 0.2%
-1.6% -1.6%
1.8% 1.8%
⬤ Отклонение, %
Интер РАО (для ФСК)
Промышленные потребители
Транспорт
Нефтедобыча
Нефтепереработка
Нефтепроводы
Газопроводы
Сельское хозяйство и пищевая пр…
Непромышленные потребители
Государственные (муниципальные…
Население и приравненные групп…
Территориальные сетевые органи…
Выручка отклонения по ПАО Россети на 2023 год
⬤ Отклонение, %
Интер РАО (для ФСК)
Промышленные потребители
Транспорт
Нефтедобыча
Нефтепереработка
Нефтепроводы
Газопроводы
Сельское хозяйство и пищевая пр…
Непромышленные потребители
Государственные (муниципальные…
Население и приравненные групп…
Территориальные сетевые органи…
абс.
%
Прогноз на месяц 
Ноябрь
КПО/Отпуск из сети 
Отпуск из сети, млн. кВт.ч
Организация 
Все
Прогноз электропотребления и выручки за услуги по передаче в разрезе отраслей'

29-01-2025T04:16:50 - [TEST_STEP][PASSED] - a3 = a3.replaceAll("[^0-9]", ""): null

29-01-2025T04:16:50 - [TEST_STEP][PASSED] - println("a3:" + a3): null

29-01-2025T04:16:50 - [TEST_STEP][PASSED] - click(findTestObject("Прогноз по отраслям/Фильтр Сравнение с")): Object: 'Object Repository/Прогноз по отраслям/Фильтр Сравнение с' is clicked on

29-01-2025T04:16:50 - [MESSAGE][PASSED] - Object: 'Object Repository/Прогноз по отраслям/Фильтр Сравнение с' is clicked on

29-01-2025T04:16:50 - [TEST_STEP][PASSED] - click(findTestObject("Прогноз по отраслям/Факт прошлого года")): Object: 'Object Repository/Прогноз по отраслям/Факт прошлого года' is clicked on

29-01-2025T04:16:51 - [MESSAGE][PASSED] - Object: 'Object Repository/Прогноз по отраслям/Факт прошлого года' is clicked on

29-01-2025T04:16:51 - [TEST_STEP][PASSED] - click(findTestObject("Прогноз по отраслям/Фильтр КПО-Отпуск")): Object: 'Object Repository/Прогноз по отраслям/Фильтр КПО-Отпуск' is clicked on

29-01-2025T04:16:53 - [MESSAGE][PASSED] - Object: 'Object Repository/Прогноз по отраслям/Фильтр КПО-Отпуск' is clicked on

29-01-2025T04:16:53 - [TEST_STEP][PASSED] - click(findTestObject("Прогноз по отраслям/КПО")): Object: 'Object Repository/Прогноз по отраслям/КПО' is clicked on

29-01-2025T04:16:54 - [MESSAGE][PASSED] - Object: 'Object Repository/Прогноз по отраслям/КПО' is clicked on

29-01-2025T04:16:54 - [TEST_STEP][PASSED] - delay(40): Delayed 40 second(s)

29-01-2025T04:17:34 - [MESSAGE][PASSED] - Delayed 40 second(s)

29-01-2025T04:17:34 - [TEST_STEP][PASSED] - a4 = getText(findTestObject("Прогноз по отраслям/Виджеты дашборда")): Text of object 'Object Repository/Прогноз по отраслям/Виджеты дашборда' is: 'Год 
2023 год
Сравнение с 
Факт прошлого года
Динамика электропотребления, млрд. кВт.ч. по ПАО Россети на 2023 год
0 0
120 120
38 38
41 41
8 8
10 10
0 0
19 19
77 77
25 25
122 122
61 61
0 0
120 120
39 39
39 39
8 8
8 8
1 1
20 20
78 78
26 26
121 121
60 60
Факт прошлого года
Ожидаемое (прогноз по конца года)
Интер РАО (дляФСК)
Промышленныепотребители
Транспорт
Нефтедобыча
Нефтепереработка
Нефтепроводы
Газопроводы
Сельскоехозяйство ипищеваяпромышленность
Непромышленныепотребители
Государственные(муниципальные)организации ипрочиебюджетныепотребители
Население иприравненныегруппыпотребителей
Территориальныесетевыеорганизации
Выручка по ПАО Россети на 2023 год
5 5
285 285
72 72
72 72
18 18
22 22
0 0
50 50
201 201
61 61
190 190
227 227
6 6
331 331
82 82
77 77
20 20
20 20
3 3
57 57
220 220
68 68
214 214
258 258
Факт прошлого года
Ожидаемое (прогноз по конца года)
Интер РАО (дляФСК)
Промышленныепотребители
Транспорт
Нефтедобыча
Нефтепереработка
Нефтепроводы
Газопроводы
Сельскоехозяйство ипищеваяпромышленность
Непромышленныепотребители
Государственные(муниципальные)организации ипрочиебюджетныепотребители
Население иприравненныегруппыпотребителей
Территориальныесетевыеорганизации
Отклонения по ПАО Россети на 2023 год
0.5% 0.5%
0.9% 0.9%
-5.9% -5.9%
3.1% 3.1%
-17.9% -17.9%
578.4% 578.4%
2.3% 2.3%
1.8% 1.8%
2.1% 2.1%
-0.9% -0.9%
-0.2% -0.2%
⬤ Отклонение, %
Интер РАО (для ФСК)
Промышленные потребители
Транспорт
Нефтедобыча
Нефтепереработка
Нефтепроводы
Газопроводы
Сельское хозяйство и пищевая пр…
Непромышленные потребители
Государственные (муниципальные…
Население и приравненные групп…
Территориальные сетевые органи…
Выручка отклонения по ПАО Россети на 2023 год
7.7% 7.7%
16.0% 16.0%
13.2% 13.2%
6.7% 6.7%
13.3% 13.3%
-7.7% -7.7%
1 331.5% 1 331.5%
14.2% 14.2%
9.9% 9.9%
12.0% 12.0%
12.4% 12.4%
13.7% 13.7%
⬤ Отклонение, %
Интер РАО (для ФСК)
Промышленные потребители
Транспорт
Нефтедобыча
Нефтепереработка
Нефтепроводы
Газопроводы
Сельское хозяйство и пищевая пр…
Непромышленные потребители
Государственные (муниципальные…
Население и приравненные групп…
Территориальные сетевые органи…
абс.
%
Прогноз на месяц 
Ноябрь
КПО/Отпуск из сети 
Котловой полезный отпуск, млн. кВт.ч
Организация 
Все
Прогноз электропотребления и выручки за услуги по передаче в разрезе отраслей'

29-01-2025T04:17:34 - [MESSAGE][PASSED] - Text of object 'Object Repository/Прогноз по отраслям/Виджеты дашборда' is: 'Год 
2023 год
Сравнение с 
Факт прошлого года
Динамика электропотребления, млрд. кВт.ч. по ПАО Россети на 2023 год
0 0
120 120
38 38
41 41
8 8
10 10
0 0
19 19
77 77
25 25
122 122
61 61
0 0
120 120
39 39
39 39
8 8
8 8
1 1
20 20
78 78
26 26
121 121
60 60
Факт прошлого года
Ожидаемое (прогноз по конца года)
Интер РАО (дляФСК)
Промышленныепотребители
Транспорт
Нефтедобыча
Нефтепереработка
Нефтепроводы
Газопроводы
Сельскоехозяйство ипищеваяпромышленность
Непромышленныепотребители
Государственные(муниципальные)организации ипрочиебюджетныепотребители
Население иприравненныегруппыпотребителей
Территориальныесетевыеорганизации
Выручка по ПАО Россети на 2023 год
5 5
285 285
72 72
72 72
18 18
22 22
0 0
50 50
201 201
61 61
190 190
227 227
6 6
331 331
82 82
77 77
20 20
20 20
3 3
57 57
220 220
68 68
214 214
258 258
Факт прошлого года
Ожидаемое (прогноз по конца года)
Интер РАО (дляФСК)
Промышленныепотребители
Транспорт
Нефтедобыча
Нефтепереработка
Нефтепроводы
Газопроводы
Сельскоехозяйство ипищеваяпромышленность
Непромышленныепотребители
Государственные(муниципальные)организации ипрочиебюджетныепотребители
Население иприравненныегруппыпотребителей
Территориальныесетевыеорганизации
Отклонения по ПАО Россети на 2023 год
0.5% 0.5%
0.9% 0.9%
-5.9% -5.9%
3.1% 3.1%
-17.9% -17.9%
578.4% 578.4%
2.3% 2.3%
1.8% 1.8%
2.1% 2.1%
-0.9% -0.9%
-0.2% -0.2%
⬤ Отклонение, %
Интер РАО (для ФСК)
Промышленные потребители
Транспорт
Нефтедобыча
Нефтепереработка
Нефтепроводы
Газопроводы
Сельское хозяйство и пищевая пр…
Непромышленные потребители
Государственные (муниципальные…
Население и приравненные групп…
Территориальные сетевые органи…
Выручка отклонения по ПАО Россети на 2023 год
7.7% 7.7%
16.0% 16.0%
13.2% 13.2%
6.7% 6.7%
13.3% 13.3%
-7.7% -7.7%
1 331.5% 1 331.5%
14.2% 14.2%
9.9% 9.9%
12.0% 12.0%
12.4% 12.4%
13.7% 13.7%
⬤ Отклонение, %
Интер РАО (для ФСК)
Промышленные потребители
Транспорт
Нефтедобыча
Нефтепереработка
Нефтепроводы
Газопроводы
Сельское хозяйство и пищевая пр…
Непромышленные потребители
Государственные (муниципальные…
Население и приравненные групп…
Территориальные сетевые органи…
абс.
%
Прогноз на месяц 
Ноябрь
КПО/Отпуск из сети 
Котловой полезный отпуск, млн. кВт.ч
Организация 
Все
Прогноз электропотребления и выручки за услуги по передаче в разрезе отраслей'

29-01-2025T04:17:34 - [TEST_STEP][PASSED] - a4 = a4.replaceAll("[^0-9]", ""): null

29-01-2025T04:17:34 - [TEST_STEP][PASSED] - println("a4:" + a4): null

29-01-2025T04:17:34 - [TEST_STEP][PASSED] - click(findTestObject("Прогноз по отраслям/Фильтр Сравнение с")): Object: 'Object Repository/Прогноз по отраслям/Фильтр Сравнение с' is clicked on

29-01-2025T04:17:34 - [MESSAGE][PASSED] - Object: 'Object Repository/Прогноз по отраслям/Фильтр Сравнение с' is clicked on

29-01-2025T04:17:34 - [TEST_STEP][PASSED] - click(findTestObject("Прогноз по отраслям/План")): Object: 'Object Repository/Прогноз по отраслям/План' is clicked on

29-01-2025T04:17:35 - [MESSAGE][PASSED] - Object: 'Object Repository/Прогноз по отраслям/План' is clicked on

29-01-2025T04:17:35 - [TEST_STEP][PASSED] - delay(40): Delayed 40 second(s)

29-01-2025T04:18:15 - [MESSAGE][PASSED] - Delayed 40 second(s)

29-01-2025T04:18:15 - [TEST_STEP][PASSED] - a5 = getText(findTestObject("Прогноз по отраслям/Виджеты дашборда")): Text of object 'Object Repository/Прогноз по отраслям/Виджеты дашборда' is: 'Год 
2023 год
Сравнение с 
План
Динамика электропотребления, млрд. кВт.ч. по ПАО Россети на 2023 год
0 0
119 119
37 37
7 7
7 7
8 8
1 1
19 19
75 75
25 25
123 123
55 55
0 0
120 120
39 39
39 39
8 8
8 8
1 1
20 20
78 78
26 26
121 121
60 60
План
Ожидаемое (прогноз по конца года)
Интер РАО (дляФСК)
Промышленныепотребители
Транспорт
Нефтедобыча
Нефтепереработка
Нефтепроводы
Газопроводы
Сельскоехозяйство ипищеваяпромышленность
Непромышленныепотребители
Государственные(муниципальные)организации ипрочиебюджетныепотребители
Население иприравненныегруппыпотребителей
Территориальныесетевыеорганизации
Выручка по ПАО Россети на 2023 год
5 5
319 319
81 81
16 16
16 16
20 20
2 2
56 56
215 215
67 67
218 218
239 239
6 6
331 331
82 82
77 77
20 20
20 20
3 3
57 57
220 220
68 68
214 214
258 258
План
Ожидаемое (прогноз по конца года)
Интер РАО (дляФСК)
Промышленныепотребители
Транспорт
Нефтедобыча
Нефтепереработка
Нефтепроводы
Газопроводы
Сельскоехозяйство ипищеваяпромышленность
Непромышленныепотребители
Государственные(муниципальные)организации ипрочиебюджетныепотребители
Население иприравненныегруппыпотребителей
Территориальныесетевыеорганизации
Отклонения по ПАО Россети на 2023 год
1.2% 1.2%
3.2% 3.2%
492.1% 492.1%
18.1% 18.1%
4.4% 4.4%
11.9% 11.9%
1.2% 1.2%
4.1% 4.1%
2.4% 2.4%
-1.4% -1.4%
9.7% 9.7%
⬤ Отклонение, %
Интер РАО (для ФСК)
Промышленные потребители
Транспорт
Нефтедобыча
Нефтепереработка
Нефтепроводы
Газопроводы
Сельское хозяйство и пищевая пр…
Непромышленные потребители
Государственные (муниципальные…
Население и приравненные групп…
Территориальные сетевые органи…
Выручка отклонения по ПАО Россети на 2023 год
15.6% 15.6%
3.8% 3.8%
1.2% 1.2%
398.2% 398.2%
26.9% 26.9%
-0.6% -0.6%
26.9% 26.9%
1.5% 1.5%
2.7% 2.7%
2.0% 2.0%
-2.0% -2.0%
7.9% 7.9%
⬤ Отклонение, %
Интер РАО (для ФСК)
Промышленные потребители
Транспорт
Нефтедобыча
Нефтепереработка
Нефтепроводы
Газопроводы
Сельское хозяйство и пищевая пр…
Непромышленные потребители
Государственные (муниципальные…
Население и приравненные групп…
Территориальные сетевые органи…
абс.
%
Прогноз на месяц 
Ноябрь
КПО/Отпуск из сети 
Котловой полезный отпуск, млн. кВт.ч
Организация 
Все
Прогноз электропотребления и выручки за услуги по передаче в разрезе отраслей'

29-01-2025T04:18:16 - [MESSAGE][PASSED] - Text of object 'Object Repository/Прогноз по отраслям/Виджеты дашборда' is: 'Год 
2023 год
Сравнение с 
План
Динамика электропотребления, млрд. кВт.ч. по ПАО Россети на 2023 год
0 0
119 119
37 37
7 7
7 7
8 8
1 1
19 19
75 75
25 25
123 123
55 55
0 0
120 120
39 39
39 39
8 8
8 8
1 1
20 20
78 78
26 26
121 121
60 60
План
Ожидаемое (прогноз по конца года)
Интер РАО (дляФСК)
Промышленныепотребители
Транспорт
Нефтедобыча
Нефтепереработка
Нефтепроводы
Газопроводы
Сельскоехозяйство ипищеваяпромышленность
Непромышленныепотребители
Государственные(муниципальные)организации ипрочиебюджетныепотребители
Население иприравненныегруппыпотребителей
Территориальныесетевыеорганизации
Выручка по ПАО Россети на 2023 год
5 5
319 319
81 81
16 16
16 16
20 20
2 2
56 56
215 215
67 67
218 218
239 239
6 6
331 331
82 82
77 77
20 20
20 20
3 3
57 57
220 220
68 68
214 214
258 258
План
Ожидаемое (прогноз по конца года)
Интер РАО (дляФСК)
Промышленныепотребители
Транспорт
Нефтедобыча
Нефтепереработка
Нефтепроводы
Газопроводы
Сельскоехозяйство ипищеваяпромышленность
Непромышленныепотребители
Государственные(муниципальные)организации ипрочиебюджетныепотребители
Население иприравненныегруппыпотребителей
Территориальныесетевыеорганизации
Отклонения по ПАО Россети на 2023 год
1.2% 1.2%
3.2% 3.2%
492.1% 492.1%
18.1% 18.1%
4.4% 4.4%
11.9% 11.9%
1.2% 1.2%
4.1% 4.1%
2.4% 2.4%
-1.4% -1.4%
9.7% 9.7%
⬤ Отклонение, %
Интер РАО (для ФСК)
Промышленные потребители
Транспорт
Нефтедобыча
Нефтепереработка
Нефтепроводы
Газопроводы
Сельское хозяйство и пищевая пр…
Непромышленные потребители
Государственные (муниципальные…
Население и приравненные групп…
Территориальные сетевые органи…
Выручка отклонения по ПАО Россети на 2023 год
15.6% 15.6%
3.8% 3.8%
1.2% 1.2%
398.2% 398.2%
26.9% 26.9%
-0.6% -0.6%
26.9% 26.9%
1.5% 1.5%
2.7% 2.7%
2.0% 2.0%
-2.0% -2.0%
7.9% 7.9%
⬤ Отклонение, %
Интер РАО (для ФСК)
Промышленные потребители
Транспорт
Нефтедобыча
Нефтепереработка
Нефтепроводы
Газопроводы
Сельское хозяйство и пищевая пр…
Непромышленные потребители
Государственные (муниципальные…
Население и приравненные групп…
Территориальные сетевые органи…
абс.
%
Прогноз на месяц 
Ноябрь
КПО/Отпуск из сети 
Котловой полезный отпуск, млн. кВт.ч
Организация 
Все
Прогноз электропотребления и выручки за услуги по передаче в разрезе отраслей'

29-01-2025T04:18:16 - [TEST_STEP][PASSED] - println("a5:" + a5): null

29-01-2025T04:18:16 - [TEST_STEP][PASSED] - a5 = a5.replaceAll("[^0-9]", ""): null

29-01-2025T04:18:16 - [TEST_STEP][PASSED] - println("a5:" + a5): null

29-01-2025T04:18:16 - [TEST_STEP][PASSED] - click(findTestObject("Прогноз по отраслям/Фильтр Сравнение с")): Object: 'Object Repository/Прогноз по отраслям/Фильтр Сравнение с' is clicked on

29-01-2025T04:18:16 - [MESSAGE][PASSED] - Object: 'Object Repository/Прогноз по отраслям/Фильтр Сравнение с' is clicked on

29-01-2025T04:18:16 - [TEST_STEP][PASSED] - click(findTestObject("Прогноз по отраслям/План СУ")): Object: 'Object Repository/Прогноз по отраслям/План СУ' is clicked on

29-01-2025T04:18:17 - [MESSAGE][PASSED] - Object: 'Object Repository/Прогноз по отраслям/План СУ' is clicked on

29-01-2025T04:18:17 - [TEST_STEP][PASSED] - delay(40): Delayed 40 second(s)

29-01-2025T04:18:57 - [MESSAGE][PASSED] - Delayed 40 second(s)

29-01-2025T04:18:57 - [TEST_STEP][PASSED] - a6 = getText(findTestObject("Прогноз по отраслям/Виджеты дашборда")): Text of object 'Object Repository/Прогноз по отраслям/Виджеты дашборда' is: 'Год 
2023 год
Сравнение с 
План/СУ
Динамика электропотребления, млрд. кВт.ч. по ПАО Россети на 2023 год
0 0
0 0
0 0
0 0
0 0
0 0
0 0
0 0
0 0
0 0
0 0
0 0
0 0
120 120
39 39
39 39
8 8
8 8
1 1
20 20
78 78
26 26
121 121
60 60
СУ
Ожидаемое (прогноз по конца года)
Интер РАО (дляФСК)
Промышленныепотребители
Транспорт
Нефтедобыча
Нефтепереработка
Нефтепроводы
Газопроводы
Сельскоехозяйство ипищеваяпромышленность
Непромышленныепотребители
Государственные(муниципальные)организации ипрочиебюджетныепотребители
Население иприравненныегруппыпотребителей
Территориальныесетевыеорганизации
Выручка по ПАО Россети на 2023 год
6 6
331 331
82 82
77 77
20 20
20 20
3 3
57 57
220 220
68 68
214 214
258 258
Ожидаемое (прогноз по конца года)
Интер РАО (дляФСК)
Промышленныепотребители
Транспорт
Нефтедобыча
Нефтепереработка
Нефтепроводы
Газопроводы
Сельскоехозяйство ипищеваяпромышленность
Непромышленныепотребители
Государственные(муниципальные)организации ипрочиебюджетныепотребители
Население иприравненныегруппыпотребителей
Территориальныесетевыеорганизации
Отклонения по ПАО Россети на 2023 год
⬤ Отклонение, %
Интер РАО (для ФСК)
Промышленные потребители
Транспорт
Нефтедобыча
Нефтепереработка
Нефтепроводы
Газопроводы
Сельское хозяйство и пищевая пр…
Непромышленные потребители
Государственные (муниципальные…
Население и приравненные групп…
Территориальные сетевые органи…
Выручка отклонения по ПАО Россети на 2023 год
⬤ Отклонение, %
Интер РАО (для ФСК)
Промышленные потребители
Транспорт
Нефтедобыча
Нефтепереработка
Нефтепроводы
Газопроводы
Сельское хозяйство и пищевая пр…
Непромышленные потребители
Государственные (муниципальные…
Население и приравненные групп…
Территориальные сетевые органи…
абс.
%
Прогноз на месяц 
Ноябрь
КПО/Отпуск из сети 
Котловой полезный отпуск, млн. кВт.ч
Организация 
Все
Прогноз электропотребления и выручки за услуги по передаче в разрезе отраслей'

29-01-2025T04:18:58 - [MESSAGE][PASSED] - Text of object 'Object Repository/Прогноз по отраслям/Виджеты дашборда' is: 'Год 
2023 год
Сравнение с 
План/СУ
Динамика электропотребления, млрд. кВт.ч. по ПАО Россети на 2023 год
0 0
0 0
0 0
0 0
0 0
0 0
0 0
0 0
0 0
0 0
0 0
0 0
0 0
120 120
39 39
39 39
8 8
8 8
1 1
20 20
78 78
26 26
121 121
60 60
СУ
Ожидаемое (прогноз по конца года)
Интер РАО (дляФСК)
Промышленныепотребители
Транспорт
Нефтедобыча
Нефтепереработка
Нефтепроводы
Газопроводы
Сельскоехозяйство ипищеваяпромышленность
Непромышленныепотребители
Государственные(муниципальные)организации ипрочиебюджетныепотребители
Население иприравненныегруппыпотребителей
Территориальныесетевыеорганизации
Выручка по ПАО Россети на 2023 год
6 6
331 331
82 82
77 77
20 20
20 20
3 3
57 57
220 220
68 68
214 214
258 258
Ожидаемое (прогноз по конца года)
Интер РАО (дляФСК)
Промышленныепотребители
Транспорт
Нефтедобыча
Нефтепереработка
Нефтепроводы
Газопроводы
Сельскоехозяйство ипищеваяпромышленность
Непромышленныепотребители
Государственные(муниципальные)организации ипрочиебюджетныепотребители
Население иприравненныегруппыпотребителей
Территориальныесетевыеорганизации
Отклонения по ПАО Россети на 2023 год
⬤ Отклонение, %
Интер РАО (для ФСК)
Промышленные потребители
Транспорт
Нефтедобыча
Нефтепереработка
Нефтепроводы
Газопроводы
Сельское хозяйство и пищевая пр…
Непромышленные потребители
Государственные (муниципальные…
Население и приравненные групп…
Территориальные сетевые органи…
Выручка отклонения по ПАО Россети на 2023 год
⬤ Отклонение, %
Интер РАО (для ФСК)
Промышленные потребители
Транспорт
Нефтедобыча
Нефтепереработка
Нефтепроводы
Газопроводы
Сельское хозяйство и пищевая пр…
Непромышленные потребители
Государственные (муниципальные…
Население и приравненные групп…
Территориальные сетевые органи…
абс.
%
Прогноз на месяц 
Ноябрь
КПО/Отпуск из сети 
Котловой полезный отпуск, млн. кВт.ч
Организация 
Все
Прогноз электропотребления и выручки за услуги по передаче в разрезе отраслей'

29-01-2025T04:18:58 - [TEST_STEP][PASSED] - a6 = a6.replaceAll("[^0-9]", ""): null

29-01-2025T04:18:58 - [TEST_STEP][PASSED] - println("a6:" + a6): null

29-01-2025T04:18:58 - [TEST_STEP][PASSED] - click(findTestObject("Прогноз по отраслям/Переключить отображение с процентов на абс Блок руководителя")): Object: 'Object Repository/Прогноз по отраслям/Переключить отображение с процентов на абс Блок руководителя' is clicked on

29-01-2025T04:18:58 - [MESSAGE][PASSED] - Object: 'Object Repository/Прогноз по отраслям/Переключить отображение с процентов на абс Блок руководителя' is clicked on

29-01-2025T04:18:58 - [TEST_STEP][PASSED] - click(findTestObject("Прогноз по отраслям/Фильтр Сравнение с")): Object: 'Object Repository/Прогноз по отраслям/Фильтр Сравнение с' is clicked on

29-01-2025T04:18:58 - [MESSAGE][PASSED] - Object: 'Object Repository/Прогноз по отраслям/Фильтр Сравнение с' is clicked on

29-01-2025T04:18:58 - [TEST_STEP][PASSED] - click(findTestObject("Прогноз по отраслям/Факт прошлого года")): Object: 'Object Repository/Прогноз по отраслям/Факт прошлого года' is clicked on

29-01-2025T04:18:59 - [MESSAGE][PASSED] - Object: 'Object Repository/Прогноз по отраслям/Факт прошлого года' is clicked on

29-01-2025T04:18:59 - [TEST_STEP][PASSED] - click(findTestObject("Прогноз по отраслям/Фильтр КПО-Отпуск")): Object: 'Object Repository/Прогноз по отраслям/Фильтр КПО-Отпуск' is clicked on

29-01-2025T04:19:01 - [MESSAGE][PASSED] - Object: 'Object Repository/Прогноз по отраслям/Фильтр КПО-Отпуск' is clicked on

29-01-2025T04:19:01 - [TEST_STEP][PASSED] - click(findTestObject("Прогноз по отраслям/Отпуск")): Object: 'Object Repository/Прогноз по отраслям/Отпуск' is clicked on

29-01-2025T04:19:01 - [MESSAGE][PASSED] - Object: 'Object Repository/Прогноз по отраслям/Отпуск' is clicked on

29-01-2025T04:19:01 - [TEST_STEP][PASSED] - delay(40): Delayed 40 second(s)

29-01-2025T04:19:41 - [MESSAGE][PASSED] - Delayed 40 second(s)

29-01-2025T04:19:41 - [TEST_STEP][PASSED] - a7 = getText(findTestObject("Прогноз по отраслям/Виджеты дашборда")): Text of object 'Object Repository/Прогноз по отраслям/Виджеты дашборда' is: 'Год 
2023 год
Сравнение с 
Факт прошлого года
Отклонения по ПАО Россети на 2023 год
-2 263.5 -2 263.5
11 054.6 11 054.6
1 280.2 1 280.2
-1 947.5 -1 947.5
90.9 90.9
-3 845.0 -3 845.0
4 162.1 4 162.1
651.7 651.7
-4 727.7 -4 727.7
256.5 256.5
-723.9 -723.9
4 292.3 4 292.3
⬤ Отклонение, млн. кВт.ч
Интер РАО (для ФСК)
Промышленные потребители
Транспорт
Нефтедобыча
Нефтепереработка
Нефтепроводы
Газопроводы
Сельское хозяйство и пищевая пр…
Непромышленные потребители
Государственные (муниципальные…
Население и приравненные групп…
Территориальные сетевые органи…
Выручка отклонения по ПАО Россети на 2023 год
421.3 421.3
45 574.9 45 574.9
9 547.5 9 547.5
4 889.3 4 889.3
2 337.4 2 337.4
-1 682.6 -1 682.6
2 919.4 2 919.4
7 110.2 7 110.2
19 840.8 19 840.8
7 289.5 7 289.5
23 664.8 23 664.8
31 028.3 31 028.3
⬤ Отклонение, млн. руб.
Интер РАО (для ФСК)
Промышленные потребители
Транспорт
Нефтедобыча
Нефтепереработка
Нефтепроводы
Газопроводы
Сельское хозяйство и пищевая пр…
Непромышленные потребители
Государственные (муниципальные…
Население и приравненные групп…
Территориальные сетевые органи…
Динамика электропотребления, млрд. кВт.ч. по ПАО Россети на 2023 год
12 12
186 186
36 36
50 50
10 10
19 19
0 0
17 17
85 85
19 19
82 82
604 604
10 10
197 197
37 37
48 48
10 10
15 15
4 4
18 18
80 80
19 19
82 82
608 608
Факт прошлого года
Ожидаемое (прогноз по конца года)
Интер РАО (дляФСК)
Промышленныепотребители
Транспорт
Нефтедобыча
Нефтепереработка
Нефтепроводы
Газопроводы
Сельскоехозяйство ипищеваяпромышленность
Непромышленныепотребители
Государственные(муниципальные)организации ипрочиебюджетныепотребители
Население иприравненныегруппыпотребителей
Территориальныесетевыеорганизации
Выручка по ПАО Россети на 2023 год
5 5
285 285
72 72
72 72
18 18
22 22
0 0
50 50
201 201
61 61
190 190
227 227
6 6
331 331
82 82
77 77
20 20
20 20
3 3
57 57
220 220
68 68
214 214
258 258
Факт прошлого года
Ожидаемое (прогноз по конца года)
Интер РАО (дляФСК)
Промышленныепотребители
Транспорт
Нефтедобыча
Нефтепереработка
Нефтепроводы
Газопроводы
Сельскоехозяйство ипищеваяпромышленность
Непромышленныепотребители
Государственные(муниципальные)организации ипрочиебюджетныепотребители
Население иприравненныегруппыпотребителей
Территориальныесетевыеорганизации
абс.
%
Прогноз на месяц 
Ноябрь
КПО/Отпуск из сети 
Отпуск из сети, млн. кВт.ч
Организация 
Все
Прогноз электропотребления и выручки за услуги по передаче в разрезе отраслей'

29-01-2025T04:19:42 - [MESSAGE][PASSED] - Text of object 'Object Repository/Прогноз по отраслям/Виджеты дашборда' is: 'Год 
2023 год
Сравнение с 
Факт прошлого года
Отклонения по ПАО Россети на 2023 год
-2 263.5 -2 263.5
11 054.6 11 054.6
1 280.2 1 280.2
-1 947.5 -1 947.5
90.9 90.9
-3 845.0 -3 845.0
4 162.1 4 162.1
651.7 651.7
-4 727.7 -4 727.7
256.5 256.5
-723.9 -723.9
4 292.3 4 292.3
⬤ Отклонение, млн. кВт.ч
Интер РАО (для ФСК)
Промышленные потребители
Транспорт
Нефтедобыча
Нефтепереработка
Нефтепроводы
Газопроводы
Сельское хозяйство и пищевая пр…
Непромышленные потребители
Государственные (муниципальные…
Население и приравненные групп…
Территориальные сетевые органи…
Выручка отклонения по ПАО Россети на 2023 год
421.3 421.3
45 574.9 45 574.9
9 547.5 9 547.5
4 889.3 4 889.3
2 337.4 2 337.4
-1 682.6 -1 682.6
2 919.4 2 919.4
7 110.2 7 110.2
19 840.8 19 840.8
7 289.5 7 289.5
23 664.8 23 664.8
31 028.3 31 028.3
⬤ Отклонение, млн. руб.
Интер РАО (для ФСК)
Промышленные потребители
Транспорт
Нефтедобыча
Нефтепереработка
Нефтепроводы
Газопроводы
Сельское хозяйство и пищевая пр…
Непромышленные потребители
Государственные (муниципальные…
Население и приравненные групп…
Территориальные сетевые органи…
Динамика электропотребления, млрд. кВт.ч. по ПАО Россети на 2023 год
12 12
186 186
36 36
50 50
10 10
19 19
0 0
17 17
85 85
19 19
82 82
604 604
10 10
197 197
37 37
48 48
10 10
15 15
4 4
18 18
80 80
19 19
82 82
608 608
Факт прошлого года
Ожидаемое (прогноз по конца года)
Интер РАО (дляФСК)
Промышленныепотребители
Транспорт
Нефтедобыча
Нефтепереработка
Нефтепроводы
Газопроводы
Сельскоехозяйство ипищеваяпромышленность
Непромышленныепотребители
Государственные(муниципальные)организации ипрочиебюджетныепотребители
Население иприравненныегруппыпотребителей
Территориальныесетевыеорганизации
Выручка по ПАО Россети на 2023 год
5 5
285 285
72 72
72 72
18 18
22 22
0 0
50 50
201 201
61 61
190 190
227 227
6 6
331 331
82 82
77 77
20 20
20 20
3 3
57 57
220 220
68 68
214 214
258 258
Факт прошлого года
Ожидаемое (прогноз по конца года)
Интер РАО (дляФСК)
Промышленныепотребители
Транспорт
Нефтедобыча
Нефтепереработка
Нефтепроводы
Газопроводы
Сельскоехозяйство ипищеваяпромышленность
Непромышленныепотребители
Государственные(муниципальные)организации ипрочиебюджетныепотребители
Население иприравненныегруппыпотребителей
Территориальныесетевыеорганизации
абс.
%
Прогноз на месяц 
Ноябрь
КПО/Отпуск из сети 
Отпуск из сети, млн. кВт.ч
Организация 
Все
Прогноз электропотребления и выручки за услуги по передаче в разрезе отраслей'

29-01-2025T04:19:42 - [TEST_STEP][PASSED] - a7 = a7.replaceAll("[^0-9]", ""): null

29-01-2025T04:19:42 - [TEST_STEP][PASSED] - println("a7:" + a7): null

29-01-2025T04:19:42 - [TEST_STEP][PASSED] - click(findTestObject("Прогноз по отраслям/Фильтр Сравнение с")): Object: 'Object Repository/Прогноз по отраслям/Фильтр Сравнение с' is clicked on

29-01-2025T04:19:42 - [MESSAGE][PASSED] - Object: 'Object Repository/Прогноз по отраслям/Фильтр Сравнение с' is clicked on

29-01-2025T04:19:42 - [TEST_STEP][PASSED] - click(findTestObject("Прогноз по отраслям/План")): Object: 'Object Repository/Прогноз по отраслям/План' is clicked on

29-01-2025T04:19:43 - [MESSAGE][PASSED] - Object: 'Object Repository/Прогноз по отраслям/План' is clicked on

29-01-2025T04:19:43 - [TEST_STEP][PASSED] - delay(40): Delayed 40 second(s)

29-01-2025T04:20:23 - [MESSAGE][PASSED] - Delayed 40 second(s)

29-01-2025T04:20:23 - [TEST_STEP][PASSED] - a8 = getText(findTestObject("Прогноз по отраслям/Виджеты дашборда")): Text of object 'Object Repository/Прогноз по отраслям/Виджеты дашборда' is: 'Год 
2023 год
Сравнение с 
План
Отклонения по ПАО Россети на 2023 год
-492.2 -492.2
7 165.1 7 165.1
689.3 689.3
33 271.7 33 271.7
986.4 986.4
593.8 593.8
764.0 764.0
670.4 670.4
-592.4 -592.4
308.8 308.8
-940.9 -940.9
19 604.1 19 604.1
⬤ Отклонение, млн. кВт.ч
Интер РАО (для ФСК)
Промышленные потребители
Транспорт
Нефтедобыча
Нефтепереработка
Нефтепроводы
Газопроводы
Сельское хозяйство и пищевая пр…
Непромышленные потребители
Государственные (муниципальные…
Население и приравненные групп…
Территориальные сетевые органи…
Выручка отклонения по ПАО Россети на 2023 год
794.9 794.9
12 195.0 12 195.0
972.7 972.7
61 803.9 61 803.9
4 222.3 4 222.3
-121.8 -121.8
666.2 666.2
873.2 873.2
5 809.6 5 809.6
1 342.6 1 342.6
-4 463.2 -4 463.2
18 375.5 18 375.5
⬤ Отклонение, млн. руб.
Интер РАО (для ФСК)
Промышленные потребители
Транспорт
Нефтедобыча
Нефтепереработка
Нефтепроводы
Газопроводы
Сельское хозяйство и пищевая пр…
Непромышленные потребители
Государственные (муниципальные…
Население и приравненные групп…
Территориальные сетевые органи…
Динамика электропотребления, млрд. кВт.ч. по ПАО Россети на 2023 год
10 10
190 190
36 36
14 14
9 9
14 14
4 4
17 17
80 80
19 19
82 82
588 588
10 10
197 197
37 37
48 48
10 10
15 15
4 4
18 18
80 80
19 19
82 82
608 608
План
Ожидаемое (прогноз по конца года)
Интер РАО (дляФСК)
Промышленныепотребители
Транспорт
Нефтедобыча
Нефтепереработка
Нефтепроводы
Газопроводы
Сельскоехозяйство ипищеваяпромышленность
Непромышленныепотребители
Государственные(муниципальные)организации ипрочиебюджетныепотребители
Население иприравненныегруппыпотребителей
Территориальныесетевыеорганизации
Выручка по ПАО Россети на 2023 год
5 5
319 319
81 81
16 16
16 16
20 20
2 2
56 56
215 215
67 67
218 218
239 239
6 6
331 331
82 82
77 77
20 20
20 20
3 3
57 57
220 220
68 68
214 214
258 258
План
Ожидаемое (прогноз по конца года)
Интер РАО (дляФСК)
Промышленныепотребители
Транспорт
Нефтедобыча
Нефтепереработка
Нефтепроводы
Газопроводы
Сельскоехозяйство ипищеваяпромышленность
Непромышленныепотребители
Государственные(муниципальные)организации ипрочиебюджетныепотребители
Население иприравненныегруппыпотребителей
Территориальныесетевыеорганизации
абс.
%
Прогноз на месяц 
Ноябрь
КПО/Отпуск из сети 
Отпуск из сети, млн. кВт.ч
Организация 
Все
Прогноз электропотребления и выручки за услуги по передаче в разрезе отраслей'

29-01-2025T04:20:24 - [MESSAGE][PASSED] - Text of object 'Object Repository/Прогноз по отраслям/Виджеты дашборда' is: 'Год 
2023 год
Сравнение с 
План
Отклонения по ПАО Россети на 2023 год
-492.2 -492.2
7 165.1 7 165.1
689.3 689.3
33 271.7 33 271.7
986.4 986.4
593.8 593.8
764.0 764.0
670.4 670.4
-592.4 -592.4
308.8 308.8
-940.9 -940.9
19 604.1 19 604.1
⬤ Отклонение, млн. кВт.ч
Интер РАО (для ФСК)
Промышленные потребители
Транспорт
Нефтедобыча
Нефтепереработка
Нефтепроводы
Газопроводы
Сельское хозяйство и пищевая пр…
Непромышленные потребители
Государственные (муниципальные…
Население и приравненные групп…
Территориальные сетевые органи…
Выручка отклонения по ПАО Россети на 2023 год
794.9 794.9
12 195.0 12 195.0
972.7 972.7
61 803.9 61 803.9
4 222.3 4 222.3
-121.8 -121.8
666.2 666.2
873.2 873.2
5 809.6 5 809.6
1 342.6 1 342.6
-4 463.2 -4 463.2
18 375.5 18 375.5
⬤ Отклонение, млн. руб.
Интер РАО (для ФСК)
Промышленные потребители
Транспорт
Нефтедобыча
Нефтепереработка
Нефтепроводы
Газопроводы
Сельское хозяйство и пищевая пр…
Непромышленные потребители
Государственные (муниципальные…
Население и приравненные групп…
Территориальные сетевые органи…
Динамика электропотребления, млрд. кВт.ч. по ПАО Россети на 2023 год
10 10
190 190
36 36
14 14
9 9
14 14
4 4
17 17
80 80
19 19
82 82
588 588
10 10
197 197
37 37
48 48
10 10
15 15
4 4
18 18
80 80
19 19
82 82
608 608
План
Ожидаемое (прогноз по конца года)
Интер РАО (дляФСК)
Промышленныепотребители
Транспорт
Нефтедобыча
Нефтепереработка
Нефтепроводы
Газопроводы
Сельскоехозяйство ипищеваяпромышленность
Непромышленныепотребители
Государственные(муниципальные)организации ипрочиебюджетныепотребители
Население иприравненныегруппыпотребителей
Территориальныесетевыеорганизации
Выручка по ПАО Россети на 2023 год
5 5
319 319
81 81
16 16
16 16
20 20
2 2
56 56
215 215
67 67
218 218
239 239
6 6
331 331
82 82
77 77
20 20
20 20
3 3
57 57
220 220
68 68
214 214
258 258
План
Ожидаемое (прогноз по конца года)
Интер РАО (дляФСК)
Промышленныепотребители
Транспорт
Нефтедобыча
Нефтепереработка
Нефтепроводы
Газопроводы
Сельскоехозяйство ипищеваяпромышленность
Непромышленныепотребители
Государственные(муниципальные)организации ипрочиебюджетныепотребители
Население иприравненныегруппыпотребителей
Территориальныесетевыеорганизации
абс.
%
Прогноз на месяц 
Ноябрь
КПО/Отпуск из сети 
Отпуск из сети, млн. кВт.ч
Организация 
Все
Прогноз электропотребления и выручки за услуги по передаче в разрезе отраслей'

29-01-2025T04:20:24 - [TEST_STEP][PASSED] - a8 = a8.replaceAll("[^0-9]", ""): null

29-01-2025T04:20:24 - [TEST_STEP][PASSED] - println("a8:" + a8): null

29-01-2025T04:20:24 - [TEST_STEP][PASSED] - click(findTestObject("Прогноз по отраслям/Фильтр Сравнение с")): Object: 'Object Repository/Прогноз по отраслям/Фильтр Сравнение с' is clicked on

29-01-2025T04:20:24 - [MESSAGE][PASSED] - Object: 'Object Repository/Прогноз по отраслям/Фильтр Сравнение с' is clicked on

29-01-2025T04:20:24 - [TEST_STEP][PASSED] - click(findTestObject("Прогноз по отраслям/План СУ")): Object: 'Object Repository/Прогноз по отраслям/План СУ' is clicked on

29-01-2025T04:20:25 - [MESSAGE][PASSED] - Object: 'Object Repository/Прогноз по отраслям/План СУ' is clicked on

29-01-2025T04:20:25 - [TEST_STEP][PASSED] - delay(40): Delayed 40 second(s)

29-01-2025T04:21:05 - [MESSAGE][PASSED] - Delayed 40 second(s)

29-01-2025T04:21:05 - [TEST_STEP][PASSED] - a9 = getText(findTestObject("Прогноз по отраслям/Виджеты дашборда")): Text of object 'Object Repository/Прогноз по отраслям/Виджеты дашборда' is: 'Год 
2023 год
Сравнение с 
План/СУ
Отклонения по ПАО Россети на 2023 год
243.5 243.5
11 013.5 11 013.5
674.8 674.8
32 765.3 32 765.3
1 049.4 1 049.4
271.8 271.8
495.2 495.2
588.7 588.7
-7 607.7 -7 607.7
31.9 31.9
-1 318.1 -1 318.1
10 906.5 10 906.5
⬤ Отклонение, млн. кВт.ч
Интер РАО (для ФСК)
Промышленные потребители
Транспорт
Нефтедобыча
Нефтепереработка
Нефтепроводы
Газопроводы
Сельское хозяйство и пищевая пр…
Непромышленные потребители
Государственные (муниципальные…
Население и приравненные групп…
Территориальные сетевые органи…
Выручка отклонения по ПАО Россети на 2023 год
⬤ Отклонение, млн. руб.
Интер РАО (для ФСК)
Промышленные потребители
Транспорт
Нефтедобыча
Нефтепереработка
Нефтепроводы
Газопроводы
Сельское хозяйство и пищевая пр…
Непромышленные потребители
Государственные (муниципальные…
Население и приравненные групп…
Территориальные сетевые органи…
Динамика электропотребления, млрд. кВт.ч. по ПАО Россети на 2023 год
10 10
186 186
36 36
15 15
9 9
14 14
4 4
17 17
88 88
19 19
83 83
597 597
10 10
197 197
37 37
48 48
10 10
15 15
4 4
18 18
80 80
19 19
82 82
608 608
СУ
Ожидаемое (прогноз по конца года)
Интер РАО (дляФСК)
Промышленныепотребители
Транспорт
Нефтедобыча
Нефтепереработка
Нефтепроводы
Газопроводы
Сельскоехозяйство ипищеваяпромышленность
Непромышленныепотребители
Государственные(муниципальные)организации ипрочиебюджетныепотребители
Население иприравненныегруппыпотребителей
Территориальныесетевыеорганизации
Выручка по ПАО Россети на 2023 год
6 6
331 331
82 82
77 77
20 20
20 20
3 3
57 57
220 220
68 68
214 214
258 258
Ожидаемое (прогноз по конца года)
Интер РАО (дляФСК)
Промышленныепотребители
Транспорт
Нефтедобыча
Нефтепереработка
Нефтепроводы
Газопроводы
Сельскоехозяйство ипищеваяпромышленность
Непромышленныепотребители
Государственные(муниципальные)организации ипрочиебюджетныепотребители
Население иприравненныегруппыпотребителей
Территориальныесетевыеорганизации
абс.
%
Прогноз на месяц 
Ноябрь
КПО/Отпуск из сети 
Отпуск из сети, млн. кВт.ч
Организация 
Все
Прогноз электропотребления и выручки за услуги по передаче в разрезе отраслей'

29-01-2025T04:21:05 - [MESSAGE][PASSED] - Text of object 'Object Repository/Прогноз по отраслям/Виджеты дашборда' is: 'Год 
2023 год
Сравнение с 
План/СУ
Отклонения по ПАО Россети на 2023 год
243.5 243.5
11 013.5 11 013.5
674.8 674.8
32 765.3 32 765.3
1 049.4 1 049.4
271.8 271.8
495.2 495.2
588.7 588.7
-7 607.7 -7 607.7
31.9 31.9
-1 318.1 -1 318.1
10 906.5 10 906.5
⬤ Отклонение, млн. кВт.ч
Интер РАО (для ФСК)
Промышленные потребители
Транспорт
Нефтедобыча
Нефтепереработка
Нефтепроводы
Газопроводы
Сельское хозяйство и пищевая пр…
Непромышленные потребители
Государственные (муниципальные…
Население и приравненные групп…
Территориальные сетевые органи…
Выручка отклонения по ПАО Россети на 2023 год
⬤ Отклонение, млн. руб.
Интер РАО (для ФСК)
Промышленные потребители
Транспорт
Нефтедобыча
Нефтепереработка
Нефтепроводы
Газопроводы
Сельское хозяйство и пищевая пр…
Непромышленные потребители
Государственные (муниципальные…
Население и приравненные групп…
Территориальные сетевые органи…
Динамика электропотребления, млрд. кВт.ч. по ПАО Россети на 2023 год
10 10
186 186
36 36
15 15
9 9
14 14
4 4
17 17
88 88
19 19
83 83
597 597
10 10
197 197
37 37
48 48
10 10
15 15
4 4
18 18
80 80
19 19
82 82
608 608
СУ
Ожидаемое (прогноз по конца года)
Интер РАО (дляФСК)
Промышленныепотребители
Транспорт
Нефтедобыча
Нефтепереработка
Нефтепроводы
Газопроводы
Сельскоехозяйство ипищеваяпромышленность
Непромышленныепотребители
Государственные(муниципальные)организации ипрочиебюджетныепотребители
Население иприравненныегруппыпотребителей
Территориальныесетевыеорганизации
Выручка по ПАО Россети на 2023 год
6 6
331 331
82 82
77 77
20 20
20 20
3 3
57 57
220 220
68 68
214 214
258 258
Ожидаемое (прогноз по конца года)
Интер РАО (дляФСК)
Промышленныепотребители
Транспорт
Нефтедобыча
Нефтепереработка
Нефтепроводы
Газопроводы
Сельскоехозяйство ипищеваяпромышленность
Непромышленныепотребители
Государственные(муниципальные)организации ипрочиебюджетныепотребители
Население иприравненныегруппыпотребителей
Территориальныесетевыеорганизации
абс.
%
Прогноз на месяц 
Ноябрь
КПО/Отпуск из сети 
Отпуск из сети, млн. кВт.ч
Организация 
Все
Прогноз электропотребления и выручки за услуги по передаче в разрезе отраслей'

29-01-2025T04:21:05 - [TEST_STEP][PASSED] - a9 = a9.replaceAll("[^0-9]", ""): null

29-01-2025T04:21:05 - [TEST_STEP][PASSED] - println("a9:" + a9): null

29-01-2025T04:21:05 - [TEST_STEP][PASSED] - click(findTestObject("Прогноз по отраслям/Фильтр Сравнение с")): Object: 'Object Repository/Прогноз по отраслям/Фильтр Сравнение с' is clicked on

29-01-2025T04:21:06 - [MESSAGE][PASSED] - Object: 'Object Repository/Прогноз по отраслям/Фильтр Сравнение с' is clicked on

29-01-2025T04:21:06 - [TEST_STEP][PASSED] - click(findTestObject("Прогноз по отраслям/Факт прошлого года")): Object: 'Object Repository/Прогноз по отраслям/Факт прошлого года' is clicked on

29-01-2025T04:21:07 - [MESSAGE][PASSED] - Object: 'Object Repository/Прогноз по отраслям/Факт прошлого года' is clicked on

29-01-2025T04:21:07 - [TEST_STEP][PASSED] - click(findTestObject("Прогноз по отраслям/Фильтр КПО-Отпуск")): Object: 'Object Repository/Прогноз по отраслям/Фильтр КПО-Отпуск' is clicked on

29-01-2025T04:21:08 - [MESSAGE][PASSED] - Object: 'Object Repository/Прогноз по отраслям/Фильтр КПО-Отпуск' is clicked on

29-01-2025T04:21:08 - [TEST_STEP][PASSED] - click(findTestObject("Прогноз по отраслям/КПО")): Object: 'Object Repository/Прогноз по отраслям/КПО' is clicked on

29-01-2025T04:21:09 - [MESSAGE][PASSED] - Object: 'Object Repository/Прогноз по отраслям/КПО' is clicked on

29-01-2025T04:21:09 - [TEST_STEP][PASSED] - delay(40): Delayed 40 second(s)

29-01-2025T04:21:49 - [MESSAGE][PASSED] - Delayed 40 second(s)

29-01-2025T04:21:49 - [TEST_STEP][PASSED] - a10 = getText(findTestObject("Прогноз по отраслям/Виджеты дашборда")): Text of object 'Object Repository/Прогноз по отраслям/Виджеты дашборда' is: 'Год 
2023 год
Сравнение с 
Факт прошлого года
Отклонения по ПАО Россети на 2023 год
0.0 0.0
646.5 646.5
341.1 341.1
-2 455.6 -2 455.6
245.6 245.6
-1 796.0 -1 796.0
676.2 676.2
452.4 452.4
1 386.2 1 386.2
527.5 527.5
-1 130.4 -1 130.4
-128.7 -128.7
⬤ Отклонение, млн. кВт.ч
Интер РАО (для ФСК)
Промышленные потребители
Транспорт
Нефтедобыча
Нефтепереработка
Нефтепроводы
Газопроводы
Сельское хозяйство и пищевая пр…
Непромышленные потребители
Государственные (муниципальные…
Население и приравненные групп…
Территориальные сетевые органи…
Выручка отклонения по ПАО Россети на 2023 год
421.3 421.3
45 574.9 45 574.9
9 547.5 9 547.5
4 889.3 4 889.3
2 337.4 2 337.4
-1 682.6 -1 682.6
2 919.4 2 919.4
7 110.2 7 110.2
19 840.8 19 840.8
7 289.5 7 289.5
23 664.8 23 664.8
31 028.3 31 028.3
⬤ Отклонение, млн. руб.
Интер РАО (для ФСК)
Промышленные потребители
Транспорт
Нефтедобыча
Нефтепереработка
Нефтепроводы
Газопроводы
Сельское хозяйство и пищевая пр…
Непромышленные потребители
Государственные (муниципальные…
Население и приравненные групп…
Территориальные сетевые органи…
Динамика электропотребления, млрд. кВт.ч. по ПАО Россети на 2023 год
0 0
120 120
38 38
41 41
8 8
10 10
0 0
19 19
77 77
25 25
122 122
61 61
0 0
120 120
39 39
39 39
8 8
8 8
1 1
20 20
78 78
26 26
121 121
60 60
Факт прошлого года
Ожидаемое (прогноз по конца года)
Интер РАО (дляФСК)
Промышленныепотребители
Транспорт
Нефтедобыча
Нефтепереработка
Нефтепроводы
Газопроводы
Сельскоехозяйство ипищеваяпромышленность
Непромышленныепотребители
Государственные(муниципальные)организации ипрочиебюджетныепотребители
Население иприравненныегруппыпотребителей
Территориальныесетевыеорганизации
Выручка по ПАО Россети на 2023 год
5 5
285 285
72 72
72 72
18 18
22 22
0 0
50 50
201 201
61 61
190 190
227 227
6 6
331 331
82 82
77 77
20 20
20 20
3 3
57 57
220 220
68 68
214 214
258 258
Факт прошлого года
Ожидаемое (прогноз по конца года)
Интер РАО (дляФСК)
Промышленныепотребители
Транспорт
Нефтедобыча
Нефтепереработка
Нефтепроводы
Газопроводы
Сельскоехозяйство ипищеваяпромышленность
Непромышленныепотребители
Государственные(муниципальные)организации ипрочиебюджетныепотребители
Население иприравненныегруппыпотребителей
Территориальныесетевыеорганизации
абс.
%
Прогноз на месяц 
Ноябрь
КПО/Отпуск из сети 
Котловой полезный отпуск, млн. кВт.ч
Организация 
Все
Прогноз электропотребления и выручки за услуги по передаче в разрезе отраслей'

29-01-2025T04:21:49 - [MESSAGE][PASSED] - Text of object 'Object Repository/Прогноз по отраслям/Виджеты дашборда' is: 'Год 
2023 год
Сравнение с 
Факт прошлого года
Отклонения по ПАО Россети на 2023 год
0.0 0.0
646.5 646.5
341.1 341.1
-2 455.6 -2 455.6
245.6 245.6
-1 796.0 -1 796.0
676.2 676.2
452.4 452.4
1 386.2 1 386.2
527.5 527.5
-1 130.4 -1 130.4
-128.7 -128.7
⬤ Отклонение, млн. кВт.ч
Интер РАО (для ФСК)
Промышленные потребители
Транспорт
Нефтедобыча
Нефтепереработка
Нефтепроводы
Газопроводы
Сельское хозяйство и пищевая пр…
Непромышленные потребители
Государственные (муниципальные…
Население и приравненные групп…
Территориальные сетевые органи…
Выручка отклонения по ПАО Россети на 2023 год
421.3 421.3
45 574.9 45 574.9
9 547.5 9 547.5
4 889.3 4 889.3
2 337.4 2 337.4
-1 682.6 -1 682.6
2 919.4 2 919.4
7 110.2 7 110.2
19 840.8 19 840.8
7 289.5 7 289.5
23 664.8 23 664.8
31 028.3 31 028.3
⬤ Отклонение, млн. руб.
Интер РАО (для ФСК)
Промышленные потребители
Транспорт
Нефтедобыча
Нефтепереработка
Нефтепроводы
Газопроводы
Сельское хозяйство и пищевая пр…
Непромышленные потребители
Государственные (муниципальные…
Население и приравненные групп…
Территориальные сетевые органи…
Динамика электропотребления, млрд. кВт.ч. по ПАО Россети на 2023 год
0 0
120 120
38 38
41 41
8 8
10 10
0 0
19 19
77 77
25 25
122 122
61 61
0 0
120 120
39 39
39 39
8 8
8 8
1 1
20 20
78 78
26 26
121 121
60 60
Факт прошлого года
Ожидаемое (прогноз по конца года)
Интер РАО (дляФСК)
Промышленныепотребители
Транспорт
Нефтедобыча
Нефтепереработка
Нефтепроводы
Газопроводы
Сельскоехозяйство ипищеваяпромышленность
Непромышленныепотребители
Государственные(муниципальные)организации ипрочиебюджетныепотребители
Население иприравненныегруппыпотребителей
Территориальныесетевыеорганизации
Выручка по ПАО Россети на 2023 год
5 5
285 285
72 72
72 72
18 18
22 22
0 0
50 50
201 201
61 61
190 190
227 227
6 6
331 331
82 82
77 77
20 20
20 20
3 3
57 57
220 220
68 68
214 214
258 258
Факт прошлого года
Ожидаемое (прогноз по конца года)
Интер РАО (дляФСК)
Промышленныепотребители
Транспорт
Нефтедобыча
Нефтепереработка
Нефтепроводы
Газопроводы
Сельскоехозяйство ипищеваяпромышленность
Непромышленныепотребители
Государственные(муниципальные)организации ипрочиебюджетныепотребители
Население иприравненныегруппыпотребителей
Территориальныесетевыеорганизации
абс.
%
Прогноз на месяц 
Ноябрь
КПО/Отпуск из сети 
Котловой полезный отпуск, млн. кВт.ч
Организация 
Все
Прогноз электропотребления и выручки за услуги по передаче в разрезе отраслей'

29-01-2025T04:21:49 - [TEST_STEP][PASSED] - a10 = a10.replaceAll("[^0-9]", ""): null

29-01-2025T04:21:49 - [TEST_STEP][PASSED] - println("a10:" + a10): null

29-01-2025T04:21:49 - [TEST_STEP][PASSED] - click(findTestObject("Прогноз по отраслям/Фильтр Сравнение с")): Object: 'Object Repository/Прогноз по отраслям/Фильтр Сравнение с' is clicked on

29-01-2025T04:21:50 - [MESSAGE][PASSED] - Object: 'Object Repository/Прогноз по отраслям/Фильтр Сравнение с' is clicked on

29-01-2025T04:21:50 - [TEST_STEP][PASSED] - click(findTestObject("Прогноз по отраслям/План")): Object: 'Object Repository/Прогноз по отраслям/План' is clicked on

29-01-2025T04:21:51 - [MESSAGE][PASSED] - Object: 'Object Repository/Прогноз по отраслям/План' is clicked on

29-01-2025T04:21:51 - [TEST_STEP][PASSED] - delay(40): Delayed 40 second(s)

29-01-2025T04:22:31 - [MESSAGE][PASSED] - Delayed 40 second(s)

29-01-2025T04:22:31 - [TEST_STEP][PASSED] - a11 = getText(findTestObject("Прогноз по отраслям/Виджеты дашборда")): Text of object 'Object Repository/Прогноз по отраслям/Виджеты дашборда' is: 'Год 
2023 год
Сравнение с 
План
Отклонения по ПАО Россети на 2023 год
0.0 0.0
1 471.7 1 471.7
1 186.5 1 186.5
32 445.2 32 445.2
1 268.3 1 268.3
349.4 349.4
84.3 84.3
239.8 239.8
2 969.4 2 969.4
589.2 589.2
-1 798.4 -1 798.4
5 359.3 5 359.3
⬤ Отклонение, млн. кВт.ч
Интер РАО (для ФСК)
Промышленные потребители
Транспорт
Нефтедобыча
Нефтепереработка
Нефтепроводы
Газопроводы
Сельское хозяйство и пищевая пр…
Непромышленные потребители
Государственные (муниципальные…
Население и приравненные групп…
Территориальные сетевые органи…
Выручка отклонения по ПАО Россети на 2023 год
794.9 794.9
12 195.0 12 195.0
972.7 972.7
61 803.9 61 803.9
4 222.3 4 222.3
-121.8 -121.8
666.2 666.2
873.2 873.2
5 809.6 5 809.6
1 342.6 1 342.6
-4 463.2 -4 463.2
18 375.5 18 375.5
⬤ Отклонение, млн. руб.
Интер РАО (для ФСК)
Промышленные потребители
Транспорт
Нефтедобыча
Нефтепереработка
Нефтепроводы
Газопроводы
Сельское хозяйство и пищевая пр…
Непромышленные потребители
Государственные (муниципальные…
Население и приравненные групп…
Территориальные сетевые органи…
Динамика электропотребления, млрд. кВт.ч. по ПАО Россети на 2023 год
0 0
119 119
37 37
7 7
7 7
8 8
1 1
19 19
75 75
25 25
123 123
55 55
0 0
120 120
39 39
39 39
8 8
8 8
1 1
20 20
78 78
26 26
121 121
60 60
План
Ожидаемое (прогноз по конца года)
Интер РАО (дляФСК)
Промышленныепотребители
Транспорт
Нефтедобыча
Нефтепереработка
Нефтепроводы
Газопроводы
Сельскоехозяйство ипищеваяпромышленность
Непромышленныепотребители
Государственные(муниципальные)организации ипрочиебюджетныепотребители
Население иприравненныегруппыпотребителей
Территориальныесетевыеорганизации
Выручка по ПАО Россети на 2023 год
5 5
319 319
81 81
16 16
16 16
20 20
2 2
56 56
215 215
67 67
218 218
239 239
6 6
331 331
82 82
77 77
20 20
20 20
3 3
57 57
220 220
68 68
214 214
258 258
План
Ожидаемое (прогноз по конца года)
Интер РАО (дляФСК)
Промышленныепотребители
Транспорт
Нефтедобыча
Нефтепереработка
Нефтепроводы
Газопроводы
Сельскоехозяйство ипищеваяпромышленность
Непромышленныепотребители
Государственные(муниципальные)организации ипрочиебюджетныепотребители
Население иприравненныегруппыпотребителей
Территориальныесетевыеорганизации
абс.
%
Прогноз на месяц 
Ноябрь
КПО/Отпуск из сети 
Котловой полезный отпуск, млн. кВт.ч
Организация 
Все
Прогноз электропотребления и выручки за услуги по передаче в разрезе отраслей'

29-01-2025T04:22:31 - [MESSAGE][PASSED] - Text of object 'Object Repository/Прогноз по отраслям/Виджеты дашборда' is: 'Год 
2023 год
Сравнение с 
План
Отклонения по ПАО Россети на 2023 год
0.0 0.0
1 471.7 1 471.7
1 186.5 1 186.5
32 445.2 32 445.2
1 268.3 1 268.3
349.4 349.4
84.3 84.3
239.8 239.8
2 969.4 2 969.4
589.2 589.2
-1 798.4 -1 798.4
5 359.3 5 359.3
⬤ Отклонение, млн. кВт.ч
Интер РАО (для ФСК)
Промышленные потребители
Транспорт
Нефтедобыча
Нефтепереработка
Нефтепроводы
Газопроводы
Сельское хозяйство и пищевая пр…
Непромышленные потребители
Государственные (муниципальные…
Население и приравненные групп…
Территориальные сетевые органи…
Выручка отклонения по ПАО Россети на 2023 год
794.9 794.9
12 195.0 12 195.0
972.7 972.7
61 803.9 61 803.9
4 222.3 4 222.3
-121.8 -121.8
666.2 666.2
873.2 873.2
5 809.6 5 809.6
1 342.6 1 342.6
-4 463.2 -4 463.2
18 375.5 18 375.5
⬤ Отклонение, млн. руб.
Интер РАО (для ФСК)
Промышленные потребители
Транспорт
Нефтедобыча
Нефтепереработка
Нефтепроводы
Газопроводы
Сельское хозяйство и пищевая пр…
Непромышленные потребители
Государственные (муниципальные…
Население и приравненные групп…
Территориальные сетевые органи…
Динамика электропотребления, млрд. кВт.ч. по ПАО Россети на 2023 год
0 0
119 119
37 37
7 7
7 7
8 8
1 1
19 19
75 75
25 25
123 123
55 55
0 0
120 120
39 39
39 39
8 8
8 8
1 1
20 20
78 78
26 26
121 121
60 60
План
Ожидаемое (прогноз по конца года)
Интер РАО (дляФСК)
Промышленныепотребители
Транспорт
Нефтедобыча
Нефтепереработка
Нефтепроводы
Газопроводы
Сельскоехозяйство ипищеваяпромышленность
Непромышленныепотребители
Государственные(муниципальные)организации ипрочиебюджетныепотребители
Население иприравненныегруппыпотребителей
Территориальныесетевыеорганизации
Выручка по ПАО Россети на 2023 год
5 5
319 319
81 81
16 16
16 16
20 20
2 2
56 56
215 215
67 67
218 218
239 239
6 6
331 331
82 82
77 77
20 20
20 20
3 3
57 57
220 220
68 68
214 214
258 258
План
Ожидаемое (прогноз по конца года)
Интер РАО (дляФСК)
Промышленныепотребители
Транспорт
Нефтедобыча
Нефтепереработка
Нефтепроводы
Газопроводы
Сельскоехозяйство ипищеваяпромышленность
Непромышленныепотребители
Государственные(муниципальные)организации ипрочиебюджетныепотребители
Население иприравненныегруппыпотребителей
Территориальныесетевыеорганизации
абс.
%
Прогноз на месяц 
Ноябрь
КПО/Отпуск из сети 
Котловой полезный отпуск, млн. кВт.ч
Организация 
Все
Прогноз электропотребления и выручки за услуги по передаче в разрезе отраслей'

29-01-2025T04:22:31 - [TEST_STEP][PASSED] - println("a11:" + a11): null

29-01-2025T04:22:31 - [TEST_STEP][PASSED] - a11 = a11.replaceAll("[^0-9]", ""): null

29-01-2025T04:22:31 - [TEST_STEP][PASSED] - println("a11:" + a11): null

29-01-2025T04:22:31 - [TEST_STEP][PASSED] - click(findTestObject("Прогноз по отраслям/Фильтр Сравнение с")): Object: 'Object Repository/Прогноз по отраслям/Фильтр Сравнение с' is clicked on

29-01-2025T04:22:31 - [MESSAGE][PASSED] - Object: 'Object Repository/Прогноз по отраслям/Фильтр Сравнение с' is clicked on

29-01-2025T04:22:31 - [TEST_STEP][PASSED] - click(findTestObject("Прогноз по отраслям/План СУ")): Object: 'Object Repository/Прогноз по отраслям/План СУ' is clicked on

29-01-2025T04:22:32 - [MESSAGE][PASSED] - Object: 'Object Repository/Прогноз по отраслям/План СУ' is clicked on

29-01-2025T04:22:32 - [TEST_STEP][PASSED] - delay(40): Delayed 40 second(s)

29-01-2025T04:23:12 - [MESSAGE][PASSED] - Delayed 40 second(s)

29-01-2025T04:23:12 - [TEST_STEP][PASSED] - a12 = getText(findTestObject("Прогноз по отраслям/Виджеты дашборда")): Text of object 'Object Repository/Прогноз по отраслям/Виджеты дашборда' is: 'Год 
2023 год
Сравнение с 
План/СУ
Отклонения по ПАО Россети на 2023 год
0.0 0.0
120 322.6 120 322.6
38 655.4 38 655.4
39 037.8 39 037.8
8 291.7 8 291.7
8 259.5 8 259.5
793.1 793.1
19 706.6 19 706.6
78 310.2 78 310.2
25 579.5 25 579.5
121 219.7 121 219.7
60 414.9 60 414.9
⬤ Отклонение, млн. кВт.ч
Интер РАО (для ФСК)
Промышленные потребители
Транспорт
Нефтедобыча
Нефтепереработка
Нефтепроводы
Газопроводы
Сельское хозяйство и пищевая пр…
Непромышленные потребители
Государственные (муниципальные…
Население и приравненные групп…
Территориальные сетевые органи…
Выручка отклонения по ПАО Россети на 2023 год
⬤ Отклонение, млн. руб.
Интер РАО (для ФСК)
Промышленные потребители
Транспорт
Нефтедобыча
Нефтепереработка
Нефтепроводы
Газопроводы
Сельское хозяйство и пищевая пр…
Непромышленные потребители
Государственные (муниципальные…
Население и приравненные групп…
Территориальные сетевые органи…
Динамика электропотребления, млрд. кВт.ч. по ПАО Россети на 2023 год
0 0
0 0
0 0
0 0
0 0
0 0
0 0
0 0
0 0
0 0
0 0
0 0
0 0
120 120
39 39
39 39
8 8
8 8
1 1
20 20
78 78
26 26
121 121
60 60
СУ
Ожидаемое (прогноз по конца года)
Интер РАО (дляФСК)
Промышленныепотребители
Транспорт
Нефтедобыча
Нефтепереработка
Нефтепроводы
Газопроводы
Сельскоехозяйство ипищеваяпромышленность
Непромышленныепотребители
Государственные(муниципальные)организации ипрочиебюджетныепотребители
Население иприравненныегруппыпотребителей
Территориальныесетевыеорганизации
Выручка по ПАО Россети на 2023 год
6 6
331 331
82 82
77 77
20 20
20 20
3 3
57 57
220 220
68 68
214 214
258 258
Ожидаемое (прогноз по конца года)
Интер РАО (дляФСК)
Промышленныепотребители
Транспорт
Нефтедобыча
Нефтепереработка
Нефтепроводы
Газопроводы
Сельскоехозяйство ипищеваяпромышленность
Непромышленныепотребители
Государственные(муниципальные)организации ипрочиебюджетныепотребители
Население иприравненныегруппыпотребителей
Территориальныесетевыеорганизации
абс.
%
Прогноз на месяц 
Ноябрь
КПО/Отпуск из сети 
Котловой полезный отпуск, млн. кВт.ч
Организация 
Все
Прогноз электропотребления и выручки за услуги по передаче в разрезе отраслей'

29-01-2025T04:23:13 - [MESSAGE][PASSED] - Text of object 'Object Repository/Прогноз по отраслям/Виджеты дашборда' is: 'Год 
2023 год
Сравнение с 
План/СУ
Отклонения по ПАО Россети на 2023 год
0.0 0.0
120 322.6 120 322.6
38 655.4 38 655.4
39 037.8 39 037.8
8 291.7 8 291.7
8 259.5 8 259.5
793.1 793.1
19 706.6 19 706.6
78 310.2 78 310.2
25 579.5 25 579.5
121 219.7 121 219.7
60 414.9 60 414.9
⬤ Отклонение, млн. кВт.ч
Интер РАО (для ФСК)
Промышленные потребители
Транспорт
Нефтедобыча
Нефтепереработка
Нефтепроводы
Газопроводы
Сельское хозяйство и пищевая пр…
Непромышленные потребители
Государственные (муниципальные…
Население и приравненные групп…
Территориальные сетевые органи…
Выручка отклонения по ПАО Россети на 2023 год
⬤ Отклонение, млн. руб.
Интер РАО (для ФСК)
Промышленные потребители
Транспорт
Нефтедобыча
Нефтепереработка
Нефтепроводы
Газопроводы
Сельское хозяйство и пищевая пр…
Непромышленные потребители
Государственные (муниципальные…
Население и приравненные групп…
Территориальные сетевые органи…
Динамика электропотребления, млрд. кВт.ч. по ПАО Россети на 2023 год
0 0
0 0
0 0
0 0
0 0
0 0
0 0
0 0
0 0
0 0
0 0
0 0
0 0
120 120
39 39
39 39
8 8
8 8
1 1
20 20
78 78
26 26
121 121
60 60
СУ
Ожидаемое (прогноз по конца года)
Интер РАО (дляФСК)
Промышленныепотребители
Транспорт
Нефтедобыча
Нефтепереработка
Нефтепроводы
Газопроводы
Сельскоехозяйство ипищеваяпромышленность
Непромышленныепотребители
Государственные(муниципальные)организации ипрочиебюджетныепотребители
Население иприравненныегруппыпотребителей
Территориальныесетевыеорганизации
Выручка по ПАО Россети на 2023 год
6 6
331 331
82 82
77 77
20 20
20 20
3 3
57 57
220 220
68 68
214 214
258 258
Ожидаемое (прогноз по конца года)
Интер РАО (дляФСК)
Промышленныепотребители
Транспорт
Нефтедобыча
Нефтепереработка
Нефтепроводы
Газопроводы
Сельскоехозяйство ипищеваяпромышленность
Непромышленныепотребители
Государственные(муниципальные)организации ипрочиебюджетныепотребители
Население иприравненныегруппыпотребителей
Территориальныесетевыеорганизации
абс.
%
Прогноз на месяц 
Ноябрь
КПО/Отпуск из сети 
Котловой полезный отпуск, млн. кВт.ч
Организация 
Все
Прогноз электропотребления и выручки за услуги по передаче в разрезе отраслей'

29-01-2025T04:23:13 - [TEST_STEP][PASSED] - a12 = a12.replaceAll("[^0-9]", ""): null

29-01-2025T04:23:13 - [TEST_STEP][PASSED] - println("a12:" + a12): null

29-01-2025T04:23:13 - [TEST_STEP][PASSED] - navigateToUrl(findTestData("PlanFact").getValue(10, 12)): Navigate to 'https://bi.rosseti.digital/viewer?dashboardGuid=d218b6eb1b7845df8f1994d6a65c072b&sheetGuid=3059d1e0f28043ee8c80901707e9c246&fit=true' successfully

29-01-2025T04:23:14 - [MESSAGE][PASSED] - Navigate to 'https://bi.rosseti.digital/viewer?dashboardGuid=d218b6eb1b7845df8f1994d6a65c072b&sheetGuid=3059d1e0f28043ee8c80901707e9c246&fit=true' successfully

29-01-2025T04:23:14 - [TEST_STEP][PASSED] - delay(50): Delayed 50 second(s)

29-01-2025T04:24:04 - [MESSAGE][PASSED] - Delayed 50 second(s)

29-01-2025T04:24:04 - [TEST_STEP][PASSED] - click(findTestObject("Прогноз по отраслям/Фильтр месяц Стресс")): Object: 'Object Repository/Прогноз по отраслям/Фильтр месяц Стресс' is clicked on

29-01-2025T04:24:04 - [MESSAGE][PASSED] - Object: 'Object Repository/Прогноз по отраслям/Фильтр месяц Стресс' is clicked on

29-01-2025T04:24:04 - [TEST_STEP][PASSED] - scrollToElement(findTestObject("Прогноз по отраслям/Ноябрь Стресс"), 30): Scroll to object 'Object Repository/Прогноз по отраслям/Ноябрь Стресс' successfully

29-01-2025T04:24:04 - [MESSAGE][PASSED] - Scroll to object 'Object Repository/Прогноз по отраслям/Ноябрь Стресс' successfully

29-01-2025T04:24:04 - [TEST_STEP][PASSED] - click(findTestObject("Прогноз по отраслям/Ноябрь Стресс")): Object: 'Object Repository/Прогноз по отраслям/Ноябрь Стресс' is clicked on

29-01-2025T04:24:06 - [MESSAGE][PASSED] - Object: 'Object Repository/Прогноз по отраслям/Ноябрь Стресс' is clicked on

29-01-2025T04:24:06 - [TEST_STEP][PASSED] - scrollToElement(findTestObject("Прогноз по отраслям/Заголовок дашборда Стресс"), 30): Scroll to object 'Object Repository/Прогноз по отраслям/Заголовок дашборда Стресс' successfully

29-01-2025T04:24:07 - [MESSAGE][PASSED] - Scroll to object 'Object Repository/Прогноз по отраслям/Заголовок дашборда Стресс' successfully

29-01-2025T04:24:07 - [TEST_STEP][PASSED] - click(findTestObject("Прогноз по отраслям/Фильтр Сравнение с Стресс")): Object: 'Object Repository/Прогноз по отраслям/Фильтр Сравнение с Стресс' is clicked on

29-01-2025T04:24:08 - [MESSAGE][PASSED] - Object: 'Object Repository/Прогноз по отраслям/Фильтр Сравнение с Стресс' is clicked on

29-01-2025T04:24:08 - [TEST_STEP][PASSED] - click(findTestObject("Прогноз по отраслям/Факт прошлого года Стресс")): Object: 'Object Repository/Прогноз по отраслям/Факт прошлого года Стресс' is clicked on

29-01-2025T04:24:09 - [MESSAGE][PASSED] - Object: 'Object Repository/Прогноз по отраслям/Факт прошлого года Стресс' is clicked on

29-01-2025T04:24:09 - [TEST_STEP][PASSED] - click(findTestObject("Прогноз по отраслям/Фильтр КПО-Отпуск Стресс")): Object: 'Object Repository/Прогноз по отраслям/Фильтр КПО-Отпуск Стресс' is clicked on

29-01-2025T04:24:10 - [MESSAGE][PASSED] - Object: 'Object Repository/Прогноз по отраслям/Фильтр КПО-Отпуск Стресс' is clicked on

29-01-2025T04:24:10 - [TEST_STEP][PASSED] - click(findTestObject("Прогноз по отраслям/Отпуск Стресс")): Object: 'Object Repository/Прогноз по отраслям/Отпуск Стресс' is clicked on

29-01-2025T04:24:11 - [MESSAGE][PASSED] - Object: 'Object Repository/Прогноз по отраслям/Отпуск Стресс' is clicked on

29-01-2025T04:24:11 - [TEST_STEP][PASSED] - delay(40): Delayed 40 second(s)

29-01-2025T04:24:51 - [MESSAGE][PASSED] - Delayed 40 second(s)

29-01-2025T04:24:51 - [TEST_STEP][PASSED] - b1 = getText(findTestObject("Прогноз по отраслям/Виджеты дашборда")): Text of object 'Object Repository/Прогноз по отраслям/Виджеты дашборда' is: 'Год 
2023 год
Сравнение с 
Факт прошлого года
Динамика электропотребления, млрд. кВт.ч., по ПАО Россети на 2023 год
12 12
186 186
36 36
50 50
10 10
19 19
0 0
17 17
85 85
19 19
82 82
604 604
10 10
197 197
37 37
48 48
10 10
15 15
4 4
18 18
80 80
19 19
82 82
608 608
Факт прошлого года
Ожидаемое (прогноз до конца года)
Интер РАО(для ФСК)
Промышленныепотребители
Транспорт
Нефтедобыча
Нефтеперераб…
Нефтепроводы
Газопроводы
Сельское хозя…
Непромышлен…
Государственн…
Население иприравненныегруппыпотребителей
Территориальн…
Выручка, млрд. руб, по ПАО Россети на 2023 год
5 5
285 285
72 72
72 72
18 18
22 22
0 0
50 50
201 201
61 61
190 190
227 227
6 6
331 331
82 82
77 77
20 20
20 20
3 3
57 57
220 220
68 68
214 214
258 258
Факт прошлого года
Ожидаемое (прогноз до конца года)
Интер РАО(для ФСК)
Промышленныепотребители
Транспорт
Нефтедобыча
Нефтеперераб…
Нефтепроводы
Газопроводы
Сельское хозя…
Непромышлен…
Государственн…
Население иприравненныегруппыпотребителей
Территориальн…
Отклонения по ПАО Россети на 2023 год
-18.5% -18.5%
5.9% 5.9%
3.6% 3.6%
-3.9% -3.9%
0.9% 0.9%
-20.7% -20.7%
3 313.2% 3 313.2%
3.8% 3.8%
-5.6% -5.6%
1.3% 1.3%
-0.9% -0.9%
0.7% 0.7%
⬤ Отклонение, %
Интер РАО (для ФСК)
Промышленные потребители
Транспорт
Нефтедобыча
Нефтепереработка
Нефтепроводы
Газопроводы
Сельское хозяйство и пищевая про…
Непромышленные потребители
Государственные (муниципальные)…
Население и приравненные группы…
Территориальные сетевые организ…
Выручка отклонения по ПАО Россети на 2023 год
7.7% 7.7%
16.0% 16.0%
13.2% 13.2%
6.7% 6.7%
13.3% 13.3%
-7.7% -7.7%
1 331.5% 1 331.5%
14.2% 14.2%
9.9% 9.9%
12.0% 12.0%
12.4% 12.4%
13.7% 13.7%
⬤ Отклонение, %
Интер РАО (для ФСК)
Промышленные потребители
Транспорт
Нефтедобыча
Нефтепереработка
Нефтепроводы
Газопроводы
Сельское хозяйство и пищевая про…
Непромышленные потребители
Государственные (муниципальные)…
Население и приравненные группы…
Территориальные сетевые организ…
абс.
%
Прогноз на месяц 
Ноябрь
КПО/Отпуск из сети 
Отпуск из сети, млн. кВт.ч
Организация 
Все
Прогноз электропотребления и выручки за услуги по передаче в разрезе отраслей'

29-01-2025T04:24:52 - [MESSAGE][PASSED] - Text of object 'Object Repository/Прогноз по отраслям/Виджеты дашборда' is: 'Год 
2023 год
Сравнение с 
Факт прошлого года
Динамика электропотребления, млрд. кВт.ч., по ПАО Россети на 2023 год
12 12
186 186
36 36
50 50
10 10
19 19
0 0
17 17
85 85
19 19
82 82
604 604
10 10
197 197
37 37
48 48
10 10
15 15
4 4
18 18
80 80
19 19
82 82
608 608
Факт прошлого года
Ожидаемое (прогноз до конца года)
Интер РАО(для ФСК)
Промышленныепотребители
Транспорт
Нефтедобыча
Нефтеперераб…
Нефтепроводы
Газопроводы
Сельское хозя…
Непромышлен…
Государственн…
Население иприравненныегруппыпотребителей
Территориальн…
Выручка, млрд. руб, по ПАО Россети на 2023 год
5 5
285 285
72 72
72 72
18 18
22 22
0 0
50 50
201 201
61 61
190 190
227 227
6 6
331 331
82 82
77 77
20 20
20 20
3 3
57 57
220 220
68 68
214 214
258 258
Факт прошлого года
Ожидаемое (прогноз до конца года)
Интер РАО(для ФСК)
Промышленныепотребители
Транспорт
Нефтедобыча
Нефтеперераб…
Нефтепроводы
Газопроводы
Сельское хозя…
Непромышлен…
Государственн…
Население иприравненныегруппыпотребителей
Территориальн…
Отклонения по ПАО Россети на 2023 год
-18.5% -18.5%
5.9% 5.9%
3.6% 3.6%
-3.9% -3.9%
0.9% 0.9%
-20.7% -20.7%
3 313.2% 3 313.2%
3.8% 3.8%
-5.6% -5.6%
1.3% 1.3%
-0.9% -0.9%
0.7% 0.7%
⬤ Отклонение, %
Интер РАО (для ФСК)
Промышленные потребители
Транспорт
Нефтедобыча
Нефтепереработка
Нефтепроводы
Газопроводы
Сельское хозяйство и пищевая про…
Непромышленные потребители
Государственные (муниципальные)…
Население и приравненные группы…
Территориальные сетевые организ…
Выручка отклонения по ПАО Россети на 2023 год
7.7% 7.7%
16.0% 16.0%
13.2% 13.2%
6.7% 6.7%
13.3% 13.3%
-7.7% -7.7%
1 331.5% 1 331.5%
14.2% 14.2%
9.9% 9.9%
12.0% 12.0%
12.4% 12.4%
13.7% 13.7%
⬤ Отклонение, %
Интер РАО (для ФСК)
Промышленные потребители
Транспорт
Нефтедобыча
Нефтепереработка
Нефтепроводы
Газопроводы
Сельское хозяйство и пищевая про…
Непромышленные потребители
Государственные (муниципальные)…
Население и приравненные группы…
Территориальные сетевые организ…
абс.
%
Прогноз на месяц 
Ноябрь
КПО/Отпуск из сети 
Отпуск из сети, млн. кВт.ч
Организация 
Все
Прогноз электропотребления и выручки за услуги по передаче в разрезе отраслей'

29-01-2025T04:24:52 - [TEST_STEP][PASSED] - b1 = b1.replaceAll("[^0-9]", ""): null

29-01-2025T04:24:52 - [TEST_STEP][PASSED] - println("b1:" + b1): null

29-01-2025T04:24:52 - [TEST_STEP][PASSED] - click(findTestObject("Прогноз по отраслям/Фильтр Сравнение с Стресс")): Object: 'Object Repository/Прогноз по отраслям/Фильтр Сравнение с Стресс' is clicked on

29-01-2025T04:24:52 - [MESSAGE][PASSED] - Object: 'Object Repository/Прогноз по отраслям/Фильтр Сравнение с Стресс' is clicked on

29-01-2025T04:24:52 - [TEST_STEP][PASSED] - click(findTestObject("Прогноз по отраслям/План Стресс")): Object: 'Object Repository/Прогноз по отраслям/План Стресс' is clicked on

29-01-2025T04:24:54 - [MESSAGE][PASSED] - Object: 'Object Repository/Прогноз по отраслям/План Стресс' is clicked on

29-01-2025T04:24:54 - [TEST_STEP][PASSED] - delay(40): Delayed 40 second(s)

29-01-2025T04:25:34 - [MESSAGE][PASSED] - Delayed 40 second(s)

29-01-2025T04:25:34 - [TEST_STEP][PASSED] - b2 = getText(findTestObject("Прогноз по отраслям/Виджеты дашборда")): Text of object 'Object Repository/Прогноз по отраслям/Виджеты дашборда' is: 'Год 
2023 год
Сравнение с 
План
Динамика электропотребления, млрд. кВт.ч., по ПАО Россети на 2023 год
10 10
190 190
36 36
14 14
9 9
14 14
4 4
17 17
80 80
19 19
82 82
588 588
10 10
197 197
37 37
48 48
10 10
15 15
4 4
18 18
80 80
19 19
82 82
608 608
План
Ожидаемое (прогноз до конца года)
Интер РАО(для ФСК)
Промышленныепотребители
Транспорт
Нефтедобыча
Нефтеперераб…
Нефтепроводы
Газопроводы
Сельское хозя…
Непромышлен…
Государственн…
Население иприравненныегруппыпотребителей
Территориальн…
Выручка, млрд. руб, по ПАО Россети на 2023 год
5 5
319 319
81 81
16 16
16 16
20 20
2 2
56 56
215 215
67 67
218 218
239 239
6 6
331 331
82 82
77 77
20 20
20 20
3 3
57 57
220 220
68 68
214 214
258 258
План
Ожидаемое (прогноз до конца года)
Интер РАО(для ФСК)
Промышленныепотребители
Транспорт
Нефтедобыча
Нефтеперераб…
Нефтепроводы
Газопроводы
Сельское хозя…
Непромышлен…
Государственн…
Население иприравненныегруппыпотребителей
Территориальн…
Отклонения по ПАО Россети на 2023 год
-4.7% -4.7%
3.8% 3.8%
1.9% 1.9%
230.3% 230.3%
10.9% 10.9%
4.2% 4.2%
21.7% 21.7%
3.9% 3.9%
-0.6% -0.6%
1.6% 1.6%
-1.0% -1.0%
3.3% 3.3%
⬤ Отклонение, %
Интер РАО (для ФСК)
Промышленные потребители
Транспорт
Нефтедобыча
Нефтепереработка
Нефтепроводы
Газопроводы
Сельское хозяйство и пищевая про…
Непромышленные потребители
Государственные (муниципальные)…
Население и приравненные группы…
Территориальные сетевые организ…
Выручка отклонения по ПАО Россети на 2023 год
15.6% 15.6%
3.8% 3.8%
1.2% 1.2%
398.2% 398.2%
26.9% 26.9%
-0.6% -0.6%
26.9% 26.9%
1.5% 1.5%
2.7% 2.7%
2.0% 2.0%
-2.0% -2.0%
7.9% 7.9%
⬤ Отклонение, %
Интер РАО (для ФСК)
Промышленные потребители
Транспорт
Нефтедобыча
Нефтепереработка
Нефтепроводы
Газопроводы
Сельское хозяйство и пищевая про…
Непромышленные потребители
Государственные (муниципальные)…
Население и приравненные группы…
Территориальные сетевые организ…
абс.
%
Прогноз на месяц 
Ноябрь
КПО/Отпуск из сети 
Отпуск из сети, млн. кВт.ч
Организация 
Все
Прогноз электропотребления и выручки за услуги по передаче в разрезе отраслей'

29-01-2025T04:25:34 - [MESSAGE][PASSED] - Text of object 'Object Repository/Прогноз по отраслям/Виджеты дашборда' is: 'Год 
2023 год
Сравнение с 
План
Динамика электропотребления, млрд. кВт.ч., по ПАО Россети на 2023 год
10 10
190 190
36 36
14 14
9 9
14 14
4 4
17 17
80 80
19 19
82 82
588 588
10 10
197 197
37 37
48 48
10 10
15 15
4 4
18 18
80 80
19 19
82 82
608 608
План
Ожидаемое (прогноз до конца года)
Интер РАО(для ФСК)
Промышленныепотребители
Транспорт
Нефтедобыча
Нефтеперераб…
Нефтепроводы
Газопроводы
Сельское хозя…
Непромышлен…
Государственн…
Население иприравненныегруппыпотребителей
Территориальн…
Выручка, млрд. руб, по ПАО Россети на 2023 год
5 5
319 319
81 81
16 16
16 16
20 20
2 2
56 56
215 215
67 67
218 218
239 239
6 6
331 331
82 82
77 77
20 20
20 20
3 3
57 57
220 220
68 68
214 214
258 258
План
Ожидаемое (прогноз до конца года)
Интер РАО(для ФСК)
Промышленныепотребители
Транспорт
Нефтедобыча
Нефтеперераб…
Нефтепроводы
Газопроводы
Сельское хозя…
Непромышлен…
Государственн…
Население иприравненныегруппыпотребителей
Территориальн…
Отклонения по ПАО Россети на 2023 год
-4.7% -4.7%
3.8% 3.8%
1.9% 1.9%
230.3% 230.3%
10.9% 10.9%
4.2% 4.2%
21.7% 21.7%
3.9% 3.9%
-0.6% -0.6%
1.6% 1.6%
-1.0% -1.0%
3.3% 3.3%
⬤ Отклонение, %
Интер РАО (для ФСК)
Промышленные потребители
Транспорт
Нефтедобыча
Нефтепереработка
Нефтепроводы
Газопроводы
Сельское хозяйство и пищевая про…
Непромышленные потребители
Государственные (муниципальные)…
Население и приравненные группы…
Территориальные сетевые организ…
Выручка отклонения по ПАО Россети на 2023 год
15.6% 15.6%
3.8% 3.8%
1.2% 1.2%
398.2% 398.2%
26.9% 26.9%
-0.6% -0.6%
26.9% 26.9%
1.5% 1.5%
2.7% 2.7%
2.0% 2.0%
-2.0% -2.0%
7.9% 7.9%
⬤ Отклонение, %
Интер РАО (для ФСК)
Промышленные потребители
Транспорт
Нефтедобыча
Нефтепереработка
Нефтепроводы
Газопроводы
Сельское хозяйство и пищевая про…
Непромышленные потребители
Государственные (муниципальные)…
Население и приравненные группы…
Территориальные сетевые организ…
абс.
%
Прогноз на месяц 
Ноябрь
КПО/Отпуск из сети 
Отпуск из сети, млн. кВт.ч
Организация 
Все
Прогноз электропотребления и выручки за услуги по передаче в разрезе отраслей'

29-01-2025T04:25:34 - [TEST_STEP][PASSED] - b2 = b2.replaceAll("[^0-9]", ""): null

29-01-2025T04:25:34 - [TEST_STEP][PASSED] - println("b2:" + b2): null

29-01-2025T04:25:34 - [TEST_STEP][PASSED] - click(findTestObject("Прогноз по отраслям/Фильтр Сравнение с Стресс")): Object: 'Object Repository/Прогноз по отраслям/Фильтр Сравнение с Стресс' is clicked on

29-01-2025T04:25:35 - [MESSAGE][PASSED] - Object: 'Object Repository/Прогноз по отраслям/Фильтр Сравнение с Стресс' is clicked on

29-01-2025T04:25:35 - [TEST_STEP][PASSED] - click(findTestObject("Прогноз по отраслям/План СУ Стресс")): Object: 'Object Repository/Прогноз по отраслям/План СУ Стресс' is clicked on

29-01-2025T04:25:36 - [MESSAGE][PASSED] - Object: 'Object Repository/Прогноз по отраслям/План СУ Стресс' is clicked on

29-01-2025T04:25:36 - [TEST_STEP][PASSED] - delay(40): Delayed 40 second(s)

29-01-2025T04:26:16 - [MESSAGE][PASSED] - Delayed 40 second(s)

29-01-2025T04:26:16 - [TEST_STEP][PASSED] - b3 = getText(findTestObject("Прогноз по отраслям/Виджеты дашборда")): Text of object 'Object Repository/Прогноз по отраслям/Виджеты дашборда' is: 'Год 
2023 год
Сравнение с 
План/СУ
Динамика электропотребления, млрд. кВт.ч., по ПАО Россети на 2023 год
10 10
186 186
36 36
15 15
9 9
14 14
4 4
17 17
88 88
19 19
83 83
597 597
10 10
197 197
37 37
48 48
10 10
15 15
4 4
18 18
80 80
19 19
82 82
608 608
СУ
Ожидаемое (прогноз до конца года)
Интер РАО(для ФСК)
Промышленныепотребители
Транспорт
Нефтедобыча
Нефтеперераб…
Нефтепроводы
Газопроводы
Сельское хозя…
Непромышлен…
Государственн…
Население иприравненныегруппыпотребителей
Территориальн…
Выручка, млрд. руб, по ПАО Россети на 2023 год
6 6
331 331
82 82
77 77
20 20
20 20
3 3
57 57
220 220
68 68
214 214
258 258
Ожидаемое (прогноз до конца года)
Интер РАО(для ФСК)
Промышленныепотребители
Транспорт
Нефтедобыча
Нефтеперераб…
Нефтепроводы
Газопроводы
Сельское хозя…
Непромышлен…
Государственн…
Население иприравненныегруппыпотребителей
Территориальн…
Отклонения по ПАО Россети на 2023 год
2.5% 2.5%
5.9% 5.9%
1.9% 1.9%
219.1% 219.1%
11.7% 11.7%
1.9% 1.9%
13.1% 13.1%
3.5% 3.5%
-8.7% -8.7%
0.2% 0.2%
-1.6% -1.6%
1.8% 1.8%
⬤ Отклонение, %
Интер РАО (для ФСК)
Промышленные потребители
Транспорт
Нефтедобыча
Нефтепереработка
Нефтепроводы
Газопроводы
Сельское хозяйство и пищевая про…
Непромышленные потребители
Государственные (муниципальные)…
Население и приравненные группы…
Территориальные сетевые организ…
Выручка отклонения по ПАО Россети на 2023 год
⬤ Отклонение, %
Интер РАО (для ФСК)
Промышленные потребители
Транспорт
Нефтедобыча
Нефтепереработка
Нефтепроводы
Газопроводы
Сельское хозяйство и пищевая про…
Непромышленные потребители
Государственные (муниципальные)…
Население и приравненные группы…
Территориальные сетевые организ…
абс.
%
Прогноз на месяц 
Ноябрь
КПО/Отпуск из сети 
Отпуск из сети, млн. кВт.ч
Организация 
Все
Прогноз электропотребления и выручки за услуги по передаче в разрезе отраслей'

29-01-2025T04:26:17 - [MESSAGE][PASSED] - Text of object 'Object Repository/Прогноз по отраслям/Виджеты дашборда' is: 'Год 
2023 год
Сравнение с 
План/СУ
Динамика электропотребления, млрд. кВт.ч., по ПАО Россети на 2023 год
10 10
186 186
36 36
15 15
9 9
14 14
4 4
17 17
88 88
19 19
83 83
597 597
10 10
197 197
37 37
48 48
10 10
15 15
4 4
18 18
80 80
19 19
82 82
608 608
СУ
Ожидаемое (прогноз до конца года)
Интер РАО(для ФСК)
Промышленныепотребители
Транспорт
Нефтедобыча
Нефтеперераб…
Нефтепроводы
Газопроводы
Сельское хозя…
Непромышлен…
Государственн…
Население иприравненныегруппыпотребителей
Территориальн…
Выручка, млрд. руб, по ПАО Россети на 2023 год
6 6
331 331
82 82
77 77
20 20
20 20
3 3
57 57
220 220
68 68
214 214
258 258
Ожидаемое (прогноз до конца года)
Интер РАО(для ФСК)
Промышленныепотребители
Транспорт
Нефтедобыча
Нефтеперераб…
Нефтепроводы
Газопроводы
Сельское хозя…
Непромышлен…
Государственн…
Население иприравненныегруппыпотребителей
Территориальн…
Отклонения по ПАО Россети на 2023 год
2.5% 2.5%
5.9% 5.9%
1.9% 1.9%
219.1% 219.1%
11.7% 11.7%
1.9% 1.9%
13.1% 13.1%
3.5% 3.5%
-8.7% -8.7%
0.2% 0.2%
-1.6% -1.6%
1.8% 1.8%
⬤ Отклонение, %
Интер РАО (для ФСК)
Промышленные потребители
Транспорт
Нефтедобыча
Нефтепереработка
Нефтепроводы
Газопроводы
Сельское хозяйство и пищевая про…
Непромышленные потребители
Государственные (муниципальные)…
Население и приравненные группы…
Территориальные сетевые организ…
Выручка отклонения по ПАО Россети на 2023 год
⬤ Отклонение, %
Интер РАО (для ФСК)
Промышленные потребители
Транспорт
Нефтедобыча
Нефтепереработка
Нефтепроводы
Газопроводы
Сельское хозяйство и пищевая про…
Непромышленные потребители
Государственные (муниципальные)…
Население и приравненные группы…
Территориальные сетевые организ…
абс.
%
Прогноз на месяц 
Ноябрь
КПО/Отпуск из сети 
Отпуск из сети, млн. кВт.ч
Организация 
Все
Прогноз электропотребления и выручки за услуги по передаче в разрезе отраслей'

29-01-2025T04:26:17 - [TEST_STEP][PASSED] - b3 = b3.replaceAll("[^0-9]", ""): null

29-01-2025T04:26:17 - [TEST_STEP][PASSED] - println("b3:" + b3): null

29-01-2025T04:26:17 - [TEST_STEP][PASSED] - click(findTestObject("Прогноз по отраслям/Фильтр Сравнение с Стресс")): Object: 'Object Repository/Прогноз по отраслям/Фильтр Сравнение с Стресс' is clicked on

29-01-2025T04:26:17 - [MESSAGE][PASSED] - Object: 'Object Repository/Прогноз по отраслям/Фильтр Сравнение с Стресс' is clicked on

29-01-2025T04:26:17 - [TEST_STEP][PASSED] - click(findTestObject("Прогноз по отраслям/Факт прошлого года Стресс")): Object: 'Object Repository/Прогноз по отраслям/Факт прошлого года Стресс' is clicked on

29-01-2025T04:26:18 - [MESSAGE][PASSED] - Object: 'Object Repository/Прогноз по отраслям/Факт прошлого года Стресс' is clicked on

29-01-2025T04:26:18 - [TEST_STEP][PASSED] - click(findTestObject("Прогноз по отраслям/Фильтр КПО-Отпуск Стресс")): Object: 'Object Repository/Прогноз по отраслям/Фильтр КПО-Отпуск Стресс' is clicked on

29-01-2025T04:26:20 - [MESSAGE][PASSED] - Object: 'Object Repository/Прогноз по отраслям/Фильтр КПО-Отпуск Стресс' is clicked on

29-01-2025T04:26:20 - [TEST_STEP][PASSED] - click(findTestObject("Прогноз по отраслям/КПО Стресс")): Object: 'Object Repository/Прогноз по отраслям/КПО Стресс' is clicked on

29-01-2025T04:26:21 - [MESSAGE][PASSED] - Object: 'Object Repository/Прогноз по отраслям/КПО Стресс' is clicked on

29-01-2025T04:26:21 - [TEST_STEP][PASSED] - delay(40): Delayed 40 second(s)

29-01-2025T04:27:01 - [MESSAGE][PASSED] - Delayed 40 second(s)

29-01-2025T04:27:01 - [TEST_STEP][PASSED] - b4 = getText(findTestObject("Прогноз по отраслям/Виджеты дашборда")): Text of object 'Object Repository/Прогноз по отраслям/Виджеты дашборда' is: 'Год 
2023 год
Сравнение с 
Факт прошлого года
Динамика электропотребления, млрд. кВт.ч., по ПАО Россети на 2023 год
0 0
120 120
38 38
41 41
8 8
10 10
0 0
19 19
77 77
25 25
122 122
61 61
0 0
120 120
39 39
39 39
8 8
8 8
1 1
20 20
78 78
26 26
121 121
60 60
Факт прошлого года
Ожидаемое (прогноз до конца года)
Интер РАО(для ФСК)
Промышленныепотребители
Транспорт
Нефтедобыча
Нефтеперераб…
Нефтепроводы
Газопроводы
Сельское хозя…
Непромышлен…
Государственн…
Население иприравненныегруппыпотребителей
Территориальн…
Выручка, млрд. руб, по ПАО Россети на 2023 год
5 5
285 285
72 72
72 72
18 18
22 22
0 0
50 50
201 201
61 61
190 190
227 227
6 6
331 331
82 82
77 77
20 20
20 20
3 3
57 57
220 220
68 68
214 214
258 258
Факт прошлого года
Ожидаемое (прогноз до конца года)
Интер РАО(для ФСК)
Промышленныепотребители
Транспорт
Нефтедобыча
Нефтеперераб…
Нефтепроводы
Газопроводы
Сельское хозя…
Непромышлен…
Государственн…
Население иприравненныегруппыпотребителей
Территориальн…
Отклонения по ПАО Россети на 2023 год
0.5% 0.5%
0.9% 0.9%
-5.9% -5.9%
3.1% 3.1%
-17.9% -17.9%
578.4% 578.4%
2.3% 2.3%
1.8% 1.8%
2.1% 2.1%
-0.9% -0.9%
-0.2% -0.2%
⬤ Отклонение, %
Интер РАО (для ФСК)
Промышленные потребители
Транспорт
Нефтедобыча
Нефтепереработка
Нефтепроводы
Газопроводы
Сельское хозяйство и пищевая про…
Непромышленные потребители
Государственные (муниципальные)…
Население и приравненные группы…
Территориальные сетевые организ…
Выручка отклонения по ПАО Россети на 2023 год
7.7% 7.7%
16.0% 16.0%
13.2% 13.2%
6.7% 6.7%
13.3% 13.3%
-7.7% -7.7%
1 331.5% 1 331.5%
14.2% 14.2%
9.9% 9.9%
12.0% 12.0%
12.4% 12.4%
13.7% 13.7%
⬤ Отклонение, %
Интер РАО (для ФСК)
Промышленные потребители
Транспорт
Нефтедобыча
Нефтепереработка
Нефтепроводы
Газопроводы
Сельское хозяйство и пищевая про…
Непромышленные потребители
Государственные (муниципальные)…
Население и приравненные группы…
Территориальные сетевые организ…
абс.
%
Прогноз на месяц 
Ноябрь
КПО/Отпуск из сети 
Котловой полезный отпуск, млн. кВт.ч
Организация 
Все
Прогноз электропотребления и выручки за услуги по передаче в разрезе отраслей'

29-01-2025T04:27:02 - [MESSAGE][PASSED] - Text of object 'Object Repository/Прогноз по отраслям/Виджеты дашборда' is: 'Год 
2023 год
Сравнение с 
Факт прошлого года
Динамика электропотребления, млрд. кВт.ч., по ПАО Россети на 2023 год
0 0
120 120
38 38
41 41
8 8
10 10
0 0
19 19
77 77
25 25
122 122
61 61
0 0
120 120
39 39
39 39
8 8
8 8
1 1
20 20
78 78
26 26
121 121
60 60
Факт прошлого года
Ожидаемое (прогноз до конца года)
Интер РАО(для ФСК)
Промышленныепотребители
Транспорт
Нефтедобыча
Нефтеперераб…
Нефтепроводы
Газопроводы
Сельское хозя…
Непромышлен…
Государственн…
Население иприравненныегруппыпотребителей
Территориальн…
Выручка, млрд. руб, по ПАО Россети на 2023 год
5 5
285 285
72 72
72 72
18 18
22 22
0 0
50 50
201 201
61 61
190 190
227 227
6 6
331 331
82 82
77 77
20 20
20 20
3 3
57 57
220 220
68 68
214 214
258 258
Факт прошлого года
Ожидаемое (прогноз до конца года)
Интер РАО(для ФСК)
Промышленныепотребители
Транспорт
Нефтедобыча
Нефтеперераб…
Нефтепроводы
Газопроводы
Сельское хозя…
Непромышлен…
Государственн…
Население иприравненныегруппыпотребителей
Территориальн…
Отклонения по ПАО Россети на 2023 год
0.5% 0.5%
0.9% 0.9%
-5.9% -5.9%
3.1% 3.1%
-17.9% -17.9%
578.4% 578.4%
2.3% 2.3%
1.8% 1.8%
2.1% 2.1%
-0.9% -0.9%
-0.2% -0.2%
⬤ Отклонение, %
Интер РАО (для ФСК)
Промышленные потребители
Транспорт
Нефтедобыча
Нефтепереработка
Нефтепроводы
Газопроводы
Сельское хозяйство и пищевая про…
Непромышленные потребители
Государственные (муниципальные)…
Население и приравненные группы…
Территориальные сетевые организ…
Выручка отклонения по ПАО Россети на 2023 год
7.7% 7.7%
16.0% 16.0%
13.2% 13.2%
6.7% 6.7%
13.3% 13.3%
-7.7% -7.7%
1 331.5% 1 331.5%
14.2% 14.2%
9.9% 9.9%
12.0% 12.0%
12.4% 12.4%
13.7% 13.7%
⬤ Отклонение, %
Интер РАО (для ФСК)
Промышленные потребители
Транспорт
Нефтедобыча
Нефтепереработка
Нефтепроводы
Газопроводы
Сельское хозяйство и пищевая про…
Непромышленные потребители
Государственные (муниципальные)…
Население и приравненные группы…
Территориальные сетевые организ…
абс.
%
Прогноз на месяц 
Ноябрь
КПО/Отпуск из сети 
Котловой полезный отпуск, млн. кВт.ч
Организация 
Все
Прогноз электропотребления и выручки за услуги по передаче в разрезе отраслей'

29-01-2025T04:27:02 - [TEST_STEP][PASSED] - b4 = b4.replaceAll("[^0-9]", ""): null

29-01-2025T04:27:02 - [TEST_STEP][PASSED] - println("b4:" + b4): null

29-01-2025T04:27:02 - [TEST_STEP][PASSED] - click(findTestObject("Прогноз по отраслям/Фильтр Сравнение с Стресс")): Object: 'Object Repository/Прогноз по отраслям/Фильтр Сравнение с Стресс' is clicked on

29-01-2025T04:27:02 - [MESSAGE][PASSED] - Object: 'Object Repository/Прогноз по отраслям/Фильтр Сравнение с Стресс' is clicked on

29-01-2025T04:27:02 - [TEST_STEP][PASSED] - click(findTestObject("Прогноз по отраслям/План Стресс")): Object: 'Object Repository/Прогноз по отраслям/План Стресс' is clicked on

29-01-2025T04:27:04 - [MESSAGE][PASSED] - Object: 'Object Repository/Прогноз по отраслям/План Стресс' is clicked on

29-01-2025T04:27:04 - [TEST_STEP][PASSED] - delay(40): Delayed 40 second(s)

29-01-2025T04:27:44 - [MESSAGE][PASSED] - Delayed 40 second(s)

29-01-2025T04:27:44 - [TEST_STEP][PASSED] - b5 = getText(findTestObject("Прогноз по отраслям/Виджеты дашборда")): Text of object 'Object Repository/Прогноз по отраслям/Виджеты дашборда' is: 'Год 
2023 год
Сравнение с 
План
Динамика электропотребления, млрд. кВт.ч., по ПАО Россети на 2023 год
0 0
119 119
37 37
7 7
7 7
8 8
1 1
19 19
75 75
25 25
123 123
55 55
0 0
120 120
39 39
39 39
8 8
8 8
1 1
20 20
78 78
26 26
121 121
60 60
План
Ожидаемое (прогноз до конца года)
Интер РАО(для ФСК)
Промышленныепотребители
Транспорт
Нефтедобыча
Нефтеперераб…
Нефтепроводы
Газопроводы
Сельское хозя…
Непромышлен…
Государственн…
Население иприравненныегруппыпотребителей
Территориальн…
Выручка, млрд. руб, по ПАО Россети на 2023 год
5 5
319 319
81 81
16 16
16 16
20 20
2 2
56 56
215 215
67 67
218 218
239 239
6 6
331 331
82 82
77 77
20 20
20 20
3 3
57 57
220 220
68 68
214 214
258 258
План
Ожидаемое (прогноз до конца года)
Интер РАО(для ФСК)
Промышленныепотребители
Транспорт
Нефтедобыча
Нефтеперераб…
Нефтепроводы
Газопроводы
Сельское хозя…
Непромышлен…
Государственн…
Население иприравненныегруппыпотребителей
Территориальн…
Отклонения по ПАО Россети на 2023 год
1.2% 1.2%
3.2% 3.2%
492.1% 492.1%
18.1% 18.1%
4.4% 4.4%
11.9% 11.9%
1.2% 1.2%
4.1% 4.1%
2.4% 2.4%
-1.4% -1.4%
9.7% 9.7%
⬤ Отклонение, %
Интер РАО (для ФСК)
Промышленные потребители
Транспорт
Нефтедобыча
Нефтепереработка
Нефтепроводы
Газопроводы
Сельское хозяйство и пищевая про…
Непромышленные потребители
Государственные (муниципальные)…
Население и приравненные группы…
Территориальные сетевые организ…
Выручка отклонения по ПАО Россети на 2023 год
15.6% 15.6%
3.8% 3.8%
1.2% 1.2%
398.2% 398.2%
26.9% 26.9%
-0.6% -0.6%
26.9% 26.9%
1.5% 1.5%
2.7% 2.7%
2.0% 2.0%
-2.0% -2.0%
7.9% 7.9%
⬤ Отклонение, %
Интер РАО (для ФСК)
Промышленные потребители
Транспорт
Нефтедобыча
Нефтепереработка
Нефтепроводы
Газопроводы
Сельское хозяйство и пищевая про…
Непромышленные потребители
Государственные (муниципальные)…
Население и приравненные группы…
Территориальные сетевые организ…
абс.
%
Прогноз на месяц 
Ноябрь
КПО/Отпуск из сети 
Котловой полезный отпуск, млн. кВт.ч
Организация 
Все
Прогноз электропотребления и выручки за услуги по передаче в разрезе отраслей'

29-01-2025T04:27:44 - [MESSAGE][PASSED] - Text of object 'Object Repository/Прогноз по отраслям/Виджеты дашборда' is: 'Год 
2023 год
Сравнение с 
План
Динамика электропотребления, млрд. кВт.ч., по ПАО Россети на 2023 год
0 0
119 119
37 37
7 7
7 7
8 8
1 1
19 19
75 75
25 25
123 123
55 55
0 0
120 120
39 39
39 39
8 8
8 8
1 1
20 20
78 78
26 26
121 121
60 60
План
Ожидаемое (прогноз до конца года)
Интер РАО(для ФСК)
Промышленныепотребители
Транспорт
Нефтедобыча
Нефтеперераб…
Нефтепроводы
Газопроводы
Сельское хозя…
Непромышлен…
Государственн…
Население иприравненныегруппыпотребителей
Территориальн…
Выручка, млрд. руб, по ПАО Россети на 2023 год
5 5
319 319
81 81
16 16
16 16
20 20
2 2
56 56
215 215
67 67
218 218
239 239
6 6
331 331
82 82
77 77
20 20
20 20
3 3
57 57
220 220
68 68
214 214
258 258
План
Ожидаемое (прогноз до конца года)
Интер РАО(для ФСК)
Промышленныепотребители
Транспорт
Нефтедобыча
Нефтеперераб…
Нефтепроводы
Газопроводы
Сельское хозя…
Непромышлен…
Государственн…
Население иприравненныегруппыпотребителей
Территориальн…
Отклонения по ПАО Россети на 2023 год
1.2% 1.2%
3.2% 3.2%
492.1% 492.1%
18.1% 18.1%
4.4% 4.4%
11.9% 11.9%
1.2% 1.2%
4.1% 4.1%
2.4% 2.4%
-1.4% -1.4%
9.7% 9.7%
⬤ Отклонение, %
Интер РАО (для ФСК)
Промышленные потребители
Транспорт
Нефтедобыча
Нефтепереработка
Нефтепроводы
Газопроводы
Сельское хозяйство и пищевая про…
Непромышленные потребители
Государственные (муниципальные)…
Население и приравненные группы…
Территориальные сетевые организ…
Выручка отклонения по ПАО Россети на 2023 год
15.6% 15.6%
3.8% 3.8%
1.2% 1.2%
398.2% 398.2%
26.9% 26.9%
-0.6% -0.6%
26.9% 26.9%
1.5% 1.5%
2.7% 2.7%
2.0% 2.0%
-2.0% -2.0%
7.9% 7.9%
⬤ Отклонение, %
Интер РАО (для ФСК)
Промышленные потребители
Транспорт
Нефтедобыча
Нефтепереработка
Нефтепроводы
Газопроводы
Сельское хозяйство и пищевая про…
Непромышленные потребители
Государственные (муниципальные)…
Население и приравненные группы…
Территориальные сетевые организ…
абс.
%
Прогноз на месяц 
Ноябрь
КПО/Отпуск из сети 
Котловой полезный отпуск, млн. кВт.ч
Организация 
Все
Прогноз электропотребления и выручки за услуги по передаче в разрезе отраслей'

29-01-2025T04:27:44 - [TEST_STEP][PASSED] - println("b5:" + b5): null

29-01-2025T04:27:44 - [TEST_STEP][PASSED] - b5 = b5.replaceAll("[^0-9]", ""): null

29-01-2025T04:27:44 - [TEST_STEP][PASSED] - println("b5:" + b5): null

29-01-2025T04:27:44 - [TEST_STEP][PASSED] - click(findTestObject("Прогноз по отраслям/Фильтр Сравнение с Стресс")): Object: 'Object Repository/Прогноз по отраслям/Фильтр Сравнение с Стресс' is clicked on

29-01-2025T04:27:45 - [MESSAGE][PASSED] - Object: 'Object Repository/Прогноз по отраслям/Фильтр Сравнение с Стресс' is clicked on

29-01-2025T04:27:45 - [TEST_STEP][PASSED] - click(findTestObject("Прогноз по отраслям/План СУ Стресс")): Object: 'Object Repository/Прогноз по отраслям/План СУ Стресс' is clicked on

29-01-2025T04:27:46 - [MESSAGE][PASSED] - Object: 'Object Repository/Прогноз по отраслям/План СУ Стресс' is clicked on

29-01-2025T04:27:46 - [TEST_STEP][PASSED] - delay(40): Delayed 40 second(s)

29-01-2025T04:28:26 - [MESSAGE][PASSED] - Delayed 40 second(s)

29-01-2025T04:28:26 - [TEST_STEP][PASSED] - b6 = getText(findTestObject("Прогноз по отраслям/Виджеты дашборда")): Text of object 'Object Repository/Прогноз по отраслям/Виджеты дашборда' is: 'Год 
2023 год
Сравнение с 
План/СУ
Динамика электропотребления, млрд. кВт.ч., по ПАО Россети на 2023 год
0 0
0 0
0 0
0 0
0 0
0 0
0 0
0 0
0 0
0 0
0 0
0 0
0 0
120 120
39 39
39 39
8 8
8 8
1 1
20 20
78 78
26 26
121 121
60 60
СУ
Ожидаемое (прогноз до конца года)
Интер РАО(для ФСК)
Промышленныепотребители
Транспорт
Нефтедобыча
Нефтеперераб…
Нефтепроводы
Газопроводы
Сельское хозя…
Непромышлен…
Государственн…
Население иприравненныегруппыпотребителей
Территориальн…
Выручка, млрд. руб, по ПАО Россети на 2023 год
6 6
331 331
82 82
77 77
20 20
20 20
3 3
57 57
220 220
68 68
214 214
258 258
Ожидаемое (прогноз до конца года)
Интер РАО(для ФСК)
Промышленныепотребители
Транспорт
Нефтедобыча
Нефтеперераб…
Нефтепроводы
Газопроводы
Сельское хозя…
Непромышлен…
Государственн…
Население иприравненныегруппыпотребителей
Территориальн…
Отклонения по ПАО Россети на 2023 год
⬤ Отклонение, %
Интер РАО (для ФСК)
Промышленные потребители
Транспорт
Нефтедобыча
Нефтепереработка
Нефтепроводы
Газопроводы
Сельское хозяйство и пищевая про…
Непромышленные потребители
Государственные (муниципальные)…
Население и приравненные группы…
Территориальные сетевые организ…
Выручка отклонения по ПАО Россети на 2023 год
⬤ Отклонение, %
Интер РАО (для ФСК)
Промышленные потребители
Транспорт
Нефтедобыча
Нефтепереработка
Нефтепроводы
Газопроводы
Сельское хозяйство и пищевая про…
Непромышленные потребители
Государственные (муниципальные)…
Население и приравненные группы…
Территориальные сетевые организ…
абс.
%
Прогноз на месяц 
Ноябрь
КПО/Отпуск из сети 
Котловой полезный отпуск, млн. кВт.ч
Организация 
Все
Прогноз электропотребления и выручки за услуги по передаче в разрезе отраслей'

29-01-2025T04:28:27 - [MESSAGE][PASSED] - Text of object 'Object Repository/Прогноз по отраслям/Виджеты дашборда' is: 'Год 
2023 год
Сравнение с 
План/СУ
Динамика электропотребления, млрд. кВт.ч., по ПАО Россети на 2023 год
0 0
0 0
0 0
0 0
0 0
0 0
0 0
0 0
0 0
0 0
0 0
0 0
0 0
120 120
39 39
39 39
8 8
8 8
1 1
20 20
78 78
26 26
121 121
60 60
СУ
Ожидаемое (прогноз до конца года)
Интер РАО(для ФСК)
Промышленныепотребители
Транспорт
Нефтедобыча
Нефтеперераб…
Нефтепроводы
Газопроводы
Сельское хозя…
Непромышлен…
Государственн…
Население иприравненныегруппыпотребителей
Территориальн…
Выручка, млрд. руб, по ПАО Россети на 2023 год
6 6
331 331
82 82
77 77
20 20
20 20
3 3
57 57
220 220
68 68
214 214
258 258
Ожидаемое (прогноз до конца года)
Интер РАО(для ФСК)
Промышленныепотребители
Транспорт
Нефтедобыча
Нефтеперераб…
Нефтепроводы
Газопроводы
Сельское хозя…
Непромышлен…
Государственн…
Население иприравненныегруппыпотребителей
Территориальн…
Отклонения по ПАО Россети на 2023 год
⬤ Отклонение, %
Интер РАО (для ФСК)
Промышленные потребители
Транспорт
Нефтедобыча
Нефтепереработка
Нефтепроводы
Газопроводы
Сельское хозяйство и пищевая про…
Непромышленные потребители
Государственные (муниципальные)…
Население и приравненные группы…
Территориальные сетевые организ…
Выручка отклонения по ПАО Россети на 2023 год
⬤ Отклонение, %
Интер РАО (для ФСК)
Промышленные потребители
Транспорт
Нефтедобыча
Нефтепереработка
Нефтепроводы
Газопроводы
Сельское хозяйство и пищевая про…
Непромышленные потребители
Государственные (муниципальные)…
Население и приравненные группы…
Территориальные сетевые организ…
абс.
%
Прогноз на месяц 
Ноябрь
КПО/Отпуск из сети 
Котловой полезный отпуск, млн. кВт.ч
Организация 
Все
Прогноз электропотребления и выручки за услуги по передаче в разрезе отраслей'

29-01-2025T04:28:27 - [TEST_STEP][PASSED] - b6 = b6.replaceAll("[^0-9]", ""): null

29-01-2025T04:28:27 - [TEST_STEP][PASSED] - println("b6:" + b6): null

29-01-2025T04:28:27 - [TEST_STEP][PASSED] - click(findTestObject("Прогноз по отраслям/Переключить отображение с процентов на абс Стресс-сценарий")): Object: 'Object Repository/Прогноз по отраслям/Переключить отображение с процентов на абс Стресс-сценарий' is clicked on

29-01-2025T04:28:27 - [MESSAGE][PASSED] - Object: 'Object Repository/Прогноз по отраслям/Переключить отображение с процентов на абс Стресс-сценарий' is clicked on

29-01-2025T04:28:27 - [TEST_STEP][PASSED] - click(findTestObject("Прогноз по отраслям/Фильтр Сравнение с Стресс")): Object: 'Object Repository/Прогноз по отраслям/Фильтр Сравнение с Стресс' is clicked on

29-01-2025T04:28:27 - [MESSAGE][PASSED] - Object: 'Object Repository/Прогноз по отраслям/Фильтр Сравнение с Стресс' is clicked on

29-01-2025T04:28:27 - [TEST_STEP][PASSED] - click(findTestObject("Прогноз по отраслям/Факт прошлого года Стресс")): Object: 'Object Repository/Прогноз по отраслям/Факт прошлого года Стресс' is clicked on

29-01-2025T04:28:29 - [MESSAGE][PASSED] - Object: 'Object Repository/Прогноз по отраслям/Факт прошлого года Стресс' is clicked on

29-01-2025T04:28:29 - [TEST_STEP][PASSED] - click(findTestObject("Прогноз по отраслям/Фильтр КПО-Отпуск Стресс")): Object: 'Object Repository/Прогноз по отраслям/Фильтр КПО-Отпуск Стресс' is clicked on

29-01-2025T04:28:30 - [MESSAGE][PASSED] - Object: 'Object Repository/Прогноз по отраслям/Фильтр КПО-Отпуск Стресс' is clicked on

29-01-2025T04:28:30 - [TEST_STEP][PASSED] - click(findTestObject("Прогноз по отраслям/Отпуск Стресс")): Object: 'Object Repository/Прогноз по отраслям/Отпуск Стресс' is clicked on

29-01-2025T04:28:32 - [MESSAGE][PASSED] - Object: 'Object Repository/Прогноз по отраслям/Отпуск Стресс' is clicked on

29-01-2025T04:28:32 - [TEST_STEP][PASSED] - delay(40): Delayed 40 second(s)

29-01-2025T04:29:12 - [MESSAGE][PASSED] - Delayed 40 second(s)

29-01-2025T04:29:12 - [TEST_STEP][PASSED] - b7 = getText(findTestObject("Прогноз по отраслям/Виджеты дашборда")): Text of object 'Object Repository/Прогноз по отраслям/Виджеты дашборда' is: 'Год 
2023 год
Сравнение с 
Факт прошлого года
Отклонения по ПАО Россети на 2023 год
-2 263.5 -2 263.5
11 054.6 11 054.6
1 280.2 1 280.2
-1 947.5 -1 947.5
90.9 90.9
-3 845.0 -3 845.0
4 162.1 4 162.1
651.7 651.7
-4 727.7 -4 727.7
256.5 256.5
-723.9 -723.9
4 292.3 4 292.3
⬤ Отклонение, млн. кВт.ч
Интер РАО (для ФСК)
Промышленные потребители
Транспорт
Нефтедобыча
Нефтепереработка
Нефтепроводы
Газопроводы
Сельское хозяйство и пищевая про…
Непромышленные потребители
Государственные (муниципальные…
Население и приравненные группы…
Территориальные сетевые организ…
Выручка отклонения по ПАО Россети на 2023 год
421.3 421.3
45 574.9 45 574.9
9 547.5 9 547.5
4 889.3 4 889.3
2 337.4 2 337.4
-1 682.6 -1 682.6
2 919.4 2 919.4
7 110.2 7 110.2
19 840.8 19 840.8
7 289.5 7 289.5
23 664.8 23 664.8
31 028.3 31 028.3
⬤ Отклонение, млн. руб
Интер РАО (для ФСК)
Промышленные потребители
Транспорт
Нефтедобыча
Нефтепереработка
Нефтепроводы
Газопроводы
Сельское хозяйство и пищевая про…
Непромышленные потребители
Государственные (муниципальные…
Население и приравненные группы…
Территориальные сетевые организ…
Динамика электропотребления, млрд. кВт.ч., по ПАО Россети на 2023 год
12 12
186 186
36 36
50 50
10 10
19 19
0 0
17 17
85 85
19 19
82 82
604 604
10 10
197 197
37 37
48 48
10 10
15 15
4 4
18 18
80 80
19 19
82 82
608 608
Факт прошлого года
Ожидаемое (прогноз до конца года)
Интер РАО(для ФСК)
Промышленныепотребители
Транспорт
Нефтедобыча
Нефтеперераб…
Нефтепроводы
Газопроводы
Сельское хозя…
Непромышлен…
Государственн…
Население иприравненныегруппыпотребителей
Территориальн…
Выручка, млрд. руб, по ПАО Россети на 2023 год
5 5
285 285
72 72
72 72
18 18
22 22
0 0
50 50
201 201
61 61
190 190
227 227
6 6
331 331
82 82
77 77
20 20
20 20
3 3
57 57
220 220
68 68
214 214
258 258
Факт прошлого года
Ожидаемое (прогноз до конца года)
Интер РАО(для ФСК)
Промышленныепотребители
Транспорт
Нефтедобыча
Нефтеперераб…
Нефтепроводы
Газопроводы
Сельское хозя…
Непромышлен…
Государственн…
Население иприравненныегруппыпотребителей
Территориальн…
абс.
%
Прогноз на месяц 
Ноябрь
КПО/Отпуск из сети 
Отпуск из сети, млн. кВт.ч
Организация 
Все
Прогноз электропотребления и выручки за услуги по передаче в разрезе отраслей'

29-01-2025T04:29:12 - [MESSAGE][PASSED] - Text of object 'Object Repository/Прогноз по отраслям/Виджеты дашборда' is: 'Год 
2023 год
Сравнение с 
Факт прошлого года
Отклонения по ПАО Россети на 2023 год
-2 263.5 -2 263.5
11 054.6 11 054.6
1 280.2 1 280.2
-1 947.5 -1 947.5
90.9 90.9
-3 845.0 -3 845.0
4 162.1 4 162.1
651.7 651.7
-4 727.7 -4 727.7
256.5 256.5
-723.9 -723.9
4 292.3 4 292.3
⬤ Отклонение, млн. кВт.ч
Интер РАО (для ФСК)
Промышленные потребители
Транспорт
Нефтедобыча
Нефтепереработка
Нефтепроводы
Газопроводы
Сельское хозяйство и пищевая про…
Непромышленные потребители
Государственные (муниципальные…
Население и приравненные группы…
Территориальные сетевые организ…
Выручка отклонения по ПАО Россети на 2023 год
421.3 421.3
45 574.9 45 574.9
9 547.5 9 547.5
4 889.3 4 889.3
2 337.4 2 337.4
-1 682.6 -1 682.6
2 919.4 2 919.4
7 110.2 7 110.2
19 840.8 19 840.8
7 289.5 7 289.5
23 664.8 23 664.8
31 028.3 31 028.3
⬤ Отклонение, млн. руб
Интер РАО (для ФСК)
Промышленные потребители
Транспорт
Нефтедобыча
Нефтепереработка
Нефтепроводы
Газопроводы
Сельское хозяйство и пищевая про…
Непромышленные потребители
Государственные (муниципальные…
Население и приравненные группы…
Территориальные сетевые организ…
Динамика электропотребления, млрд. кВт.ч., по ПАО Россети на 2023 год
12 12
186 186
36 36
50 50
10 10
19 19
0 0
17 17
85 85
19 19
82 82
604 604
10 10
197 197
37 37
48 48
10 10
15 15
4 4
18 18
80 80
19 19
82 82
608 608
Факт прошлого года
Ожидаемое (прогноз до конца года)
Интер РАО(для ФСК)
Промышленныепотребители
Транспорт
Нефтедобыча
Нефтеперераб…
Нефтепроводы
Газопроводы
Сельское хозя…
Непромышлен…
Государственн…
Население иприравненныегруппыпотребителей
Территориальн…
Выручка, млрд. руб, по ПАО Россети на 2023 год
5 5
285 285
72 72
72 72
18 18
22 22
0 0
50 50
201 201
61 61
190 190
227 227
6 6
331 331
82 82
77 77
20 20
20 20
3 3
57 57
220 220
68 68
214 214
258 258
Факт прошлого года
Ожидаемое (прогноз до конца года)
Интер РАО(для ФСК)
Промышленныепотребители
Транспорт
Нефтедобыча
Нефтеперераб…
Нефтепроводы
Газопроводы
Сельское хозя…
Непромышлен…
Государственн…
Население иприравненныегруппыпотребителей
Территориальн…
абс.
%
Прогноз на месяц 
Ноябрь
КПО/Отпуск из сети 
Отпуск из сети, млн. кВт.ч
Организация 
Все
Прогноз электропотребления и выручки за услуги по передаче в разрезе отраслей'

29-01-2025T04:29:12 - [TEST_STEP][PASSED] - b7 = b7.replaceAll("[^0-9]", ""): null

29-01-2025T04:29:12 - [TEST_STEP][PASSED] - println("b7:" + b7): null

29-01-2025T04:29:12 - [TEST_STEP][PASSED] - click(findTestObject("Прогноз по отраслям/Фильтр Сравнение с Стресс")): Object: 'Object Repository/Прогноз по отраслям/Фильтр Сравнение с Стресс' is clicked on

29-01-2025T04:29:13 - [MESSAGE][PASSED] - Object: 'Object Repository/Прогноз по отраслям/Фильтр Сравнение с Стресс' is clicked on

29-01-2025T04:29:13 - [TEST_STEP][PASSED] - click(findTestObject("Прогноз по отраслям/План Стресс")): Object: 'Object Repository/Прогноз по отраслям/План Стресс' is clicked on

29-01-2025T04:29:14 - [MESSAGE][PASSED] - Object: 'Object Repository/Прогноз по отраслям/План Стресс' is clicked on

29-01-2025T04:29:14 - [TEST_STEP][PASSED] - delay(40): Delayed 40 second(s)

29-01-2025T04:29:54 - [MESSAGE][PASSED] - Delayed 40 second(s)

29-01-2025T04:29:54 - [TEST_STEP][PASSED] - b8 = getText(findTestObject("Прогноз по отраслям/Виджеты дашборда")): Text of object 'Object Repository/Прогноз по отраслям/Виджеты дашборда' is: 'Год 
2023 год
Сравнение с 
План
Отклонения по ПАО Россети на 2023 год
-492.2 -492.2
7 165.1 7 165.1
689.3 689.3
33 271.7 33 271.7
986.4 986.4
593.8 593.8
764.0 764.0
670.4 670.4
-592.4 -592.4
308.8 308.8
-940.9 -940.9
19 604.1 19 604.1
⬤ Отклонение, млн. кВт.ч
Интер РАО (для ФСК)
Промышленные потребители
Транспорт
Нефтедобыча
Нефтепереработка
Нефтепроводы
Газопроводы
Сельское хозяйство и пищевая про…
Непромышленные потребители
Государственные (муниципальные…
Население и приравненные группы…
Территориальные сетевые организ…
Выручка отклонения по ПАО Россети на 2023 год
794.9 794.9
12 195.0 12 195.0
972.7 972.7
61 803.9 61 803.9
4 222.3 4 222.3
-121.8 -121.8
666.2 666.2
873.2 873.2
5 809.6 5 809.6
1 342.6 1 342.6
-4 463.2 -4 463.2
18 375.5 18 375.5
⬤ Отклонение, млн. руб
Интер РАО (для ФСК)
Промышленные потребители
Транспорт
Нефтедобыча
Нефтепереработка
Нефтепроводы
Газопроводы
Сельское хозяйство и пищевая про…
Непромышленные потребители
Государственные (муниципальные…
Население и приравненные группы…
Территориальные сетевые организ…
Динамика электропотребления, млрд. кВт.ч., по ПАО Россети на 2023 год
10 10
190 190
36 36
14 14
9 9
14 14
4 4
17 17
80 80
19 19
82 82
588 588
10 10
197 197
37 37
48 48
10 10
15 15
4 4
18 18
80 80
19 19
82 82
608 608
План
Ожидаемое (прогноз до конца года)
Интер РАО(для ФСК)
Промышленныепотребители
Транспорт
Нефтедобыча
Нефтеперераб…
Нефтепроводы
Газопроводы
Сельское хозя…
Непромышлен…
Государственн…
Население иприравненныегруппыпотребителей
Территориальн…
Выручка, млрд. руб, по ПАО Россети на 2023 год
5 5
319 319
81 81
16 16
16 16
20 20
2 2
56 56
215 215
67 67
218 218
239 239
6 6
331 331
82 82
77 77
20 20
20 20
3 3
57 57
220 220
68 68
214 214
258 258
План
Ожидаемое (прогноз до конца года)
Интер РАО(для ФСК)
Промышленныепотребители
Транспорт
Нефтедобыча
Нефтеперераб…
Нефтепроводы
Газопроводы
Сельское хозя…
Непромышлен…
Государственн…
Население иприравненныегруппыпотребителей
Территориальн…
абс.
%
Прогноз на месяц 
Ноябрь
КПО/Отпуск из сети 
Отпуск из сети, млн. кВт.ч
Организация 
Все
Прогноз электропотребления и выручки за услуги по передаче в разрезе отраслей'

29-01-2025T04:29:55 - [MESSAGE][PASSED] - Text of object 'Object Repository/Прогноз по отраслям/Виджеты дашборда' is: 'Год 
2023 год
Сравнение с 
План
Отклонения по ПАО Россети на 2023 год
-492.2 -492.2
7 165.1 7 165.1
689.3 689.3
33 271.7 33 271.7
986.4 986.4
593.8 593.8
764.0 764.0
670.4 670.4
-592.4 -592.4
308.8 308.8
-940.9 -940.9
19 604.1 19 604.1
⬤ Отклонение, млн. кВт.ч
Интер РАО (для ФСК)
Промышленные потребители
Транспорт
Нефтедобыча
Нефтепереработка
Нефтепроводы
Газопроводы
Сельское хозяйство и пищевая про…
Непромышленные потребители
Государственные (муниципальные…
Население и приравненные группы…
Территориальные сетевые организ…
Выручка отклонения по ПАО Россети на 2023 год
794.9 794.9
12 195.0 12 195.0
972.7 972.7
61 803.9 61 803.9
4 222.3 4 222.3
-121.8 -121.8
666.2 666.2
873.2 873.2
5 809.6 5 809.6
1 342.6 1 342.6
-4 463.2 -4 463.2
18 375.5 18 375.5
⬤ Отклонение, млн. руб
Интер РАО (для ФСК)
Промышленные потребители
Транспорт
Нефтедобыча
Нефтепереработка
Нефтепроводы
Газопроводы
Сельское хозяйство и пищевая про…
Непромышленные потребители
Государственные (муниципальные…
Население и приравненные группы…
Территориальные сетевые организ…
Динамика электропотребления, млрд. кВт.ч., по ПАО Россети на 2023 год
10 10
190 190
36 36
14 14
9 9
14 14
4 4
17 17
80 80
19 19
82 82
588 588
10 10
197 197
37 37
48 48
10 10
15 15
4 4
18 18
80 80
19 19
82 82
608 608
План
Ожидаемое (прогноз до конца года)
Интер РАО(для ФСК)
Промышленныепотребители
Транспорт
Нефтедобыча
Нефтеперераб…
Нефтепроводы
Газопроводы
Сельское хозя…
Непромышлен…
Государственн…
Население иприравненныегруппыпотребителей
Территориальн…
Выручка, млрд. руб, по ПАО Россети на 2023 год
5 5
319 319
81 81
16 16
16 16
20 20
2 2
56 56
215 215
67 67
218 218
239 239
6 6
331 331
82 82
77 77
20 20
20 20
3 3
57 57
220 220
68 68
214 214
258 258
План
Ожидаемое (прогноз до конца года)
Интер РАО(для ФСК)
Промышленныепотребители
Транспорт
Нефтедобыча
Нефтеперераб…
Нефтепроводы
Газопроводы
Сельское хозя…
Непромышлен…
Государственн…
Население иприравненныегруппыпотребителей
Территориальн…
абс.
%
Прогноз на месяц 
Ноябрь
КПО/Отпуск из сети 
Отпуск из сети, млн. кВт.ч
Организация 
Все
Прогноз электропотребления и выручки за услуги по передаче в разрезе отраслей'

29-01-2025T04:29:55 - [TEST_STEP][PASSED] - b8 = b8.replaceAll("[^0-9]", ""): null

29-01-2025T04:29:55 - [TEST_STEP][PASSED] - println("b8:" + b8): null

29-01-2025T04:29:55 - [TEST_STEP][PASSED] - click(findTestObject("Прогноз по отраслям/Фильтр Сравнение с Стресс")): Object: 'Object Repository/Прогноз по отраслям/Фильтр Сравнение с Стресс' is clicked on

29-01-2025T04:29:55 - [MESSAGE][PASSED] - Object: 'Object Repository/Прогноз по отраслям/Фильтр Сравнение с Стресс' is clicked on

29-01-2025T04:29:55 - [TEST_STEP][PASSED] - click(findTestObject("Прогноз по отраслям/План СУ Стресс")): Object: 'Object Repository/Прогноз по отраслям/План СУ Стресс' is clicked on

29-01-2025T04:29:56 - [MESSAGE][PASSED] - Object: 'Object Repository/Прогноз по отраслям/План СУ Стресс' is clicked on

29-01-2025T04:29:56 - [TEST_STEP][PASSED] - delay(40): Delayed 40 second(s)

29-01-2025T04:30:36 - [MESSAGE][PASSED] - Delayed 40 second(s)

29-01-2025T04:30:36 - [TEST_STEP][PASSED] - b9 = getText(findTestObject("Прогноз по отраслям/Виджеты дашборда")): Text of object 'Object Repository/Прогноз по отраслям/Виджеты дашборда' is: 'Год 
2023 год
Сравнение с 
План/СУ
Отклонения по ПАО Россети на 2023 год
243.5 243.5
11 013.5 11 013.5
674.8 674.8
32 765.3 32 765.3
1 049.4 1 049.4
271.8 271.8
495.2 495.2
588.7 588.7
-7 607.7 -7 607.7
31.9 31.9
-1 318.1 -1 318.1
10 906.5 10 906.5
⬤ Отклонение, млн. кВт.ч
Интер РАО (для ФСК)
Промышленные потребители
Транспорт
Нефтедобыча
Нефтепереработка
Нефтепроводы
Газопроводы
Сельское хозяйство и пищевая про…
Непромышленные потребители
Государственные (муниципальные…
Население и приравненные группы…
Территориальные сетевые организ…
Выручка отклонения по ПАО Россети на 2023 год
⬤ Отклонение, млн. руб
Интер РАО (для ФСК)
Промышленные потребители
Транспорт
Нефтедобыча
Нефтепереработка
Нефтепроводы
Газопроводы
Сельское хозяйство и пищевая про…
Непромышленные потребители
Государственные (муниципальные…
Население и приравненные группы…
Территориальные сетевые организ…
Динамика электропотребления, млрд. кВт.ч., по ПАО Россети на 2023 год
10 10
186 186
36 36
15 15
9 9
14 14
4 4
17 17
88 88
19 19
83 83
597 597
10 10
197 197
37 37
48 48
10 10
15 15
4 4
18 18
80 80
19 19
82 82
608 608
СУ
Ожидаемое (прогноз до конца года)
Интер РАО(для ФСК)
Промышленныепотребители
Транспорт
Нефтедобыча
Нефтеперераб…
Нефтепроводы
Газопроводы
Сельское хозя…
Непромышлен…
Государственн…
Население иприравненныегруппыпотребителей
Территориальн…
Выручка, млрд. руб, по ПАО Россети на 2023 год
6 6
331 331
82 82
77 77
20 20
20 20
3 3
57 57
220 220
68 68
214 214
258 258
Ожидаемое (прогноз до конца года)
Интер РАО(для ФСК)
Промышленныепотребители
Транспорт
Нефтедобыча
Нефтеперераб…
Нефтепроводы
Газопроводы
Сельское хозя…
Непромышлен…
Государственн…
Население иприравненныегруппыпотребителей
Территориальн…
абс.
%
Прогноз на месяц 
Ноябрь
КПО/Отпуск из сети 
Отпуск из сети, млн. кВт.ч
Организация 
Все
Прогноз электропотребления и выручки за услуги по передаче в разрезе отраслей'

29-01-2025T04:30:37 - [MESSAGE][PASSED] - Text of object 'Object Repository/Прогноз по отраслям/Виджеты дашборда' is: 'Год 
2023 год
Сравнение с 
План/СУ
Отклонения по ПАО Россети на 2023 год
243.5 243.5
11 013.5 11 013.5
674.8 674.8
32 765.3 32 765.3
1 049.4 1 049.4
271.8 271.8
495.2 495.2
588.7 588.7
-7 607.7 -7 607.7
31.9 31.9
-1 318.1 -1 318.1
10 906.5 10 906.5
⬤ Отклонение, млн. кВт.ч
Интер РАО (для ФСК)
Промышленные потребители
Транспорт
Нефтедобыча
Нефтепереработка
Нефтепроводы
Газопроводы
Сельское хозяйство и пищевая про…
Непромышленные потребители
Государственные (муниципальные…
Население и приравненные группы…
Территориальные сетевые организ…
Выручка отклонения по ПАО Россети на 2023 год
⬤ Отклонение, млн. руб
Интер РАО (для ФСК)
Промышленные потребители
Транспорт
Нефтедобыча
Нефтепереработка
Нефтепроводы
Газопроводы
Сельское хозяйство и пищевая про…
Непромышленные потребители
Государственные (муниципальные…
Население и приравненные группы…
Территориальные сетевые организ…
Динамика электропотребления, млрд. кВт.ч., по ПАО Россети на 2023 год
10 10
186 186
36 36
15 15
9 9
14 14
4 4
17 17
88 88
19 19
83 83
597 597
10 10
197 197
37 37
48 48
10 10
15 15
4 4
18 18
80 80
19 19
82 82
608 608
СУ
Ожидаемое (прогноз до конца года)
Интер РАО(для ФСК)
Промышленныепотребители
Транспорт
Нефтедобыча
Нефтеперераб…
Нефтепроводы
Газопроводы
Сельское хозя…
Непромышлен…
Государственн…
Население иприравненныегруппыпотребителей
Территориальн…
Выручка, млрд. руб, по ПАО Россети на 2023 год
6 6
331 331
82 82
77 77
20 20
20 20
3 3
57 57
220 220
68 68
214 214
258 258
Ожидаемое (прогноз до конца года)
Интер РАО(для ФСК)
Промышленныепотребители
Транспорт
Нефтедобыча
Нефтеперераб…
Нефтепроводы
Газопроводы
Сельское хозя…
Непромышлен…
Государственн…
Население иприравненныегруппыпотребителей
Территориальн…
абс.
%
Прогноз на месяц 
Ноябрь
КПО/Отпуск из сети 
Отпуск из сети, млн. кВт.ч
Организация 
Все
Прогноз электропотребления и выручки за услуги по передаче в разрезе отраслей'

29-01-2025T04:30:37 - [TEST_STEP][PASSED] - b9 = b9.replaceAll("[^0-9]", ""): null

29-01-2025T04:30:37 - [TEST_STEP][PASSED] - println("b9:" + b9): null

29-01-2025T04:30:37 - [TEST_STEP][PASSED] - click(findTestObject("Прогноз по отраслям/Фильтр Сравнение с Стресс")): Object: 'Object Repository/Прогноз по отраслям/Фильтр Сравнение с Стресс' is clicked on

29-01-2025T04:30:37 - [MESSAGE][PASSED] - Object: 'Object Repository/Прогноз по отраслям/Фильтр Сравнение с Стресс' is clicked on

29-01-2025T04:30:37 - [TEST_STEP][PASSED] - click(findTestObject("Прогноз по отраслям/Факт прошлого года Стресс")): Object: 'Object Repository/Прогноз по отраслям/Факт прошлого года Стресс' is clicked on

29-01-2025T04:30:39 - [MESSAGE][PASSED] - Object: 'Object Repository/Прогноз по отраслям/Факт прошлого года Стресс' is clicked on

29-01-2025T04:30:39 - [TEST_STEP][PASSED] - click(findTestObject("Прогноз по отраслям/Фильтр КПО-Отпуск Стресс")): Object: 'Object Repository/Прогноз по отраслям/Фильтр КПО-Отпуск Стресс' is clicked on

29-01-2025T04:30:40 - [MESSAGE][PASSED] - Object: 'Object Repository/Прогноз по отраслям/Фильтр КПО-Отпуск Стресс' is clicked on

29-01-2025T04:30:40 - [TEST_STEP][PASSED] - click(findTestObject("Прогноз по отраслям/КПО Стресс")): Object: 'Object Repository/Прогноз по отраслям/КПО Стресс' is clicked on

29-01-2025T04:30:41 - [MESSAGE][PASSED] - Object: 'Object Repository/Прогноз по отраслям/КПО Стресс' is clicked on

29-01-2025T04:30:41 - [TEST_STEP][PASSED] - delay(40): Delayed 40 second(s)

29-01-2025T04:31:21 - [MESSAGE][PASSED] - Delayed 40 second(s)

29-01-2025T04:31:21 - [TEST_STEP][PASSED] - b10 = getText(findTestObject("Прогноз по отраслям/Виджеты дашборда")): Text of object 'Object Repository/Прогноз по отраслям/Виджеты дашборда' is: 'Год 
2023 год
Сравнение с 
Факт прошлого года
Отклонения по ПАО Россети на 2023 год
0.0 0.0
646.5 646.5
341.1 341.1
-2 455.6 -2 455.6
245.6 245.6
-1 796.0 -1 796.0
676.2 676.2
452.4 452.4
1 386.2 1 386.2
527.5 527.5
-1 130.4 -1 130.4
-128.7 -128.7
⬤ Отклонение, млн. кВт.ч
Интер РАО (для ФСК)
Промышленные потребители
Транспорт
Нефтедобыча
Нефтепереработка
Нефтепроводы
Газопроводы
Сельское хозяйство и пищевая про…
Непромышленные потребители
Государственные (муниципальные…
Население и приравненные группы…
Территориальные сетевые организ…
Выручка отклонения по ПАО Россети на 2023 год
421.3 421.3
45 574.9 45 574.9
9 547.5 9 547.5
4 889.3 4 889.3
2 337.4 2 337.4
-1 682.6 -1 682.6
2 919.4 2 919.4
7 110.2 7 110.2
19 840.8 19 840.8
7 289.5 7 289.5
23 664.8 23 664.8
31 028.3 31 028.3
⬤ Отклонение, млн. руб
Интер РАО (для ФСК)
Промышленные потребители
Транспорт
Нефтедобыча
Нефтепереработка
Нефтепроводы
Газопроводы
Сельское хозяйство и пищевая про…
Непромышленные потребители
Государственные (муниципальные…
Население и приравненные группы…
Территориальные сетевые организ…
Динамика электропотребления, млрд. кВт.ч., по ПАО Россети на 2023 год
0 0
120 120
38 38
41 41
8 8
10 10
0 0
19 19
77 77
25 25
122 122
61 61
0 0
120 120
39 39
39 39
8 8
8 8
1 1
20 20
78 78
26 26
121 121
60 60
Факт прошлого года
Ожидаемое (прогноз до конца года)
Интер РАО(для ФСК)
Промышленныепотребители
Транспорт
Нефтедобыча
Нефтеперераб…
Нефтепроводы
Газопроводы
Сельское хозя…
Непромышлен…
Государственн…
Население иприравненныегруппыпотребителей
Территориальн…
Выручка, млрд. руб, по ПАО Россети на 2023 год
5 5
285 285
72 72
72 72
18 18
22 22
0 0
50 50
201 201
61 61
190 190
227 227
6 6
331 331
82 82
77 77
20 20
20 20
3 3
57 57
220 220
68 68
214 214
258 258
Факт прошлого года
Ожидаемое (прогноз до конца года)
Интер РАО(для ФСК)
Промышленныепотребители
Транспорт
Нефтедобыча
Нефтеперераб…
Нефтепроводы
Газопроводы
Сельское хозя…
Непромышлен…
Государственн…
Население иприравненныегруппыпотребителей
Территориальн…
абс.
%
Прогноз на месяц 
Ноябрь
КПО/Отпуск из сети 
Котловой полезный отпуск, млн. кВт.ч
Организация 
Все
Прогноз электропотребления и выручки за услуги по передаче в разрезе отраслей'

29-01-2025T04:31:22 - [MESSAGE][PASSED] - Text of object 'Object Repository/Прогноз по отраслям/Виджеты дашборда' is: 'Год 
2023 год
Сравнение с 
Факт прошлого года
Отклонения по ПАО Россети на 2023 год
0.0 0.0
646.5 646.5
341.1 341.1
-2 455.6 -2 455.6
245.6 245.6
-1 796.0 -1 796.0
676.2 676.2
452.4 452.4
1 386.2 1 386.2
527.5 527.5
-1 130.4 -1 130.4
-128.7 -128.7
⬤ Отклонение, млн. кВт.ч
Интер РАО (для ФСК)
Промышленные потребители
Транспорт
Нефтедобыча
Нефтепереработка
Нефтепроводы
Газопроводы
Сельское хозяйство и пищевая про…
Непромышленные потребители
Государственные (муниципальные…
Население и приравненные группы…
Территориальные сетевые организ…
Выручка отклонения по ПАО Россети на 2023 год
421.3 421.3
45 574.9 45 574.9
9 547.5 9 547.5
4 889.3 4 889.3
2 337.4 2 337.4
-1 682.6 -1 682.6
2 919.4 2 919.4
7 110.2 7 110.2
19 840.8 19 840.8
7 289.5 7 289.5
23 664.8 23 664.8
31 028.3 31 028.3
⬤ Отклонение, млн. руб
Интер РАО (для ФСК)
Промышленные потребители
Транспорт
Нефтедобыча
Нефтепереработка
Нефтепроводы
Газопроводы
Сельское хозяйство и пищевая про…
Непромышленные потребители
Государственные (муниципальные…
Население и приравненные группы…
Территориальные сетевые организ…
Динамика электропотребления, млрд. кВт.ч., по ПАО Россети на 2023 год
0 0
120 120
38 38
41 41
8 8
10 10
0 0
19 19
77 77
25 25
122 122
61 61
0 0
120 120
39 39
39 39
8 8
8 8
1 1
20 20
78 78
26 26
121 121
60 60
Факт прошлого года
Ожидаемое (прогноз до конца года)
Интер РАО(для ФСК)
Промышленныепотребители
Транспорт
Нефтедобыча
Нефтеперераб…
Нефтепроводы
Газопроводы
Сельское хозя…
Непромышлен…
Государственн…
Население иприравненныегруппыпотребителей
Территориальн…
Выручка, млрд. руб, по ПАО Россети на 2023 год
5 5
285 285
72 72
72 72
18 18
22 22
0 0
50 50
201 201
61 61
190 190
227 227
6 6
331 331
82 82
77 77
20 20
20 20
3 3
57 57
220 220
68 68
214 214
258 258
Факт прошлого года
Ожидаемое (прогноз до конца года)
Интер РАО(для ФСК)
Промышленныепотребители
Транспорт
Нефтедобыча
Нефтеперераб…
Нефтепроводы
Газопроводы
Сельское хозя…
Непромышлен…
Государственн…
Население иприравненныегруппыпотребителей
Территориальн…
абс.
%
Прогноз на месяц 
Ноябрь
КПО/Отпуск из сети 
Котловой полезный отпуск, млн. кВт.ч
Организация 
Все
Прогноз электропотребления и выручки за услуги по передаче в разрезе отраслей'

29-01-2025T04:31:22 - [TEST_STEP][PASSED] - b10 = b10.replaceAll("[^0-9]", ""): null

29-01-2025T04:31:22 - [TEST_STEP][PASSED] - println("b10:" + b10): null

29-01-2025T04:31:22 - [TEST_STEP][PASSED] - click(findTestObject("Прогноз по отраслям/Фильтр Сравнение с Стресс")): Object: 'Object Repository/Прогноз по отраслям/Фильтр Сравнение с Стресс' is clicked on

29-01-2025T04:31:22 - [MESSAGE][PASSED] - Object: 'Object Repository/Прогноз по отраслям/Фильтр Сравнение с Стресс' is clicked on

29-01-2025T04:31:22 - [TEST_STEP][PASSED] - click(findTestObject("Прогноз по отраслям/План Стресс")): Object: 'Object Repository/Прогноз по отраслям/План Стресс' is clicked on

29-01-2025T04:31:24 - [MESSAGE][PASSED] - Object: 'Object Repository/Прогноз по отраслям/План Стресс' is clicked on

29-01-2025T04:31:24 - [TEST_STEP][PASSED] - delay(40): Delayed 40 second(s)

29-01-2025T04:32:04 - [MESSAGE][PASSED] - Delayed 40 second(s)

29-01-2025T04:32:04 - [TEST_STEP][PASSED] - b11 = getText(findTestObject("Прогноз по отраслям/Виджеты дашборда")): Text of object 'Object Repository/Прогноз по отраслям/Виджеты дашборда' is: 'Год 
2023 год
Сравнение с 
План
Отклонения по ПАО Россети на 2023 год
0.0 0.0
1 471.7 1 471.7
1 186.5 1 186.5
32 445.2 32 445.2
1 268.3 1 268.3
349.4 349.4
84.3 84.3
239.8 239.8
2 969.4 2 969.4
589.2 589.2
-1 798.4 -1 798.4
5 359.3 5 359.3
⬤ Отклонение, млн. кВт.ч
Интер РАО (для ФСК)
Промышленные потребители
Транспорт
Нефтедобыча
Нефтепереработка
Нефтепроводы
Газопроводы
Сельское хозяйство и пищевая про…
Непромышленные потребители
Государственные (муниципальные…
Население и приравненные группы…
Территориальные сетевые организ…
Выручка отклонения по ПАО Россети на 2023 год
794.9 794.9
12 195.0 12 195.0
972.7 972.7
61 803.9 61 803.9
4 222.3 4 222.3
-121.8 -121.8
666.2 666.2
873.2 873.2
5 809.6 5 809.6
1 342.6 1 342.6
-4 463.2 -4 463.2
18 375.5 18 375.5
⬤ Отклонение, млн. руб
Интер РАО (для ФСК)
Промышленные потребители
Транспорт
Нефтедобыча
Нефтепереработка
Нефтепроводы
Газопроводы
Сельское хозяйство и пищевая про…
Непромышленные потребители
Государственные (муниципальные…
Население и приравненные группы…
Территориальные сетевые организ…
Динамика электропотребления, млрд. кВт.ч., по ПАО Россети на 2023 год
0 0
119 119
37 37
7 7
7 7
8 8
1 1
19 19
75 75
25 25
123 123
55 55
0 0
120 120
39 39
39 39
8 8
8 8
1 1
20 20
78 78
26 26
121 121
60 60
План
Ожидаемое (прогноз до конца года)
Интер РАО(для ФСК)
Промышленныепотребители
Транспорт
Нефтедобыча
Нефтеперераб…
Нефтепроводы
Газопроводы
Сельское хозя…
Непромышлен…
Государственн…
Население иприравненныегруппыпотребителей
Территориальн…
Выручка, млрд. руб, по ПАО Россети на 2023 год
5 5
319 319
81 81
16 16
16 16
20 20
2 2
56 56
215 215
67 67
218 218
239 239
6 6
331 331
82 82
77 77
20 20
20 20
3 3
57 57
220 220
68 68
214 214
258 258
План
Ожидаемое (прогноз до конца года)
Интер РАО(для ФСК)
Промышленныепотребители
Транспорт
Нефтедобыча
Нефтеперераб…
Нефтепроводы
Газопроводы
Сельское хозя…
Непромышлен…
Государственн…
Население иприравненныегруппыпотребителей
Территориальн…
абс.
%
Прогноз на месяц 
Ноябрь
КПО/Отпуск из сети 
Котловой полезный отпуск, млн. кВт.ч
Организация 
Все
Прогноз электропотребления и выручки за услуги по передаче в разрезе отраслей'

29-01-2025T04:32:04 - [MESSAGE][PASSED] - Text of object 'Object Repository/Прогноз по отраслям/Виджеты дашборда' is: 'Год 
2023 год
Сравнение с 
План
Отклонения по ПАО Россети на 2023 год
0.0 0.0
1 471.7 1 471.7
1 186.5 1 186.5
32 445.2 32 445.2
1 268.3 1 268.3
349.4 349.4
84.3 84.3
239.8 239.8
2 969.4 2 969.4
589.2 589.2
-1 798.4 -1 798.4
5 359.3 5 359.3
⬤ Отклонение, млн. кВт.ч
Интер РАО (для ФСК)
Промышленные потребители
Транспорт
Нефтедобыча
Нефтепереработка
Нефтепроводы
Газопроводы
Сельское хозяйство и пищевая про…
Непромышленные потребители
Государственные (муниципальные…
Население и приравненные группы…
Территориальные сетевые организ…
Выручка отклонения по ПАО Россети на 2023 год
794.9 794.9
12 195.0 12 195.0
972.7 972.7
61 803.9 61 803.9
4 222.3 4 222.3
-121.8 -121.8
666.2 666.2
873.2 873.2
5 809.6 5 809.6
1 342.6 1 342.6
-4 463.2 -4 463.2
18 375.5 18 375.5
⬤ Отклонение, млн. руб
Интер РАО (для ФСК)
Промышленные потребители
Транспорт
Нефтедобыча
Нефтепереработка
Нефтепроводы
Газопроводы
Сельское хозяйство и пищевая про…
Непромышленные потребители
Государственные (муниципальные…
Население и приравненные группы…
Территориальные сетевые организ…
Динамика электропотребления, млрд. кВт.ч., по ПАО Россети на 2023 год
0 0
119 119
37 37
7 7
7 7
8 8
1 1
19 19
75 75
25 25
123 123
55 55
0 0
120 120
39 39
39 39
8 8
8 8
1 1
20 20
78 78
26 26
121 121
60 60
План
Ожидаемое (прогноз до конца года)
Интер РАО(для ФСК)
Промышленныепотребители
Транспорт
Нефтедобыча
Нефтеперераб…
Нефтепроводы
Газопроводы
Сельское хозя…
Непромышлен…
Государственн…
Население иприравненныегруппыпотребителей
Территориальн…
Выручка, млрд. руб, по ПАО Россети на 2023 год
5 5
319 319
81 81
16 16
16 16
20 20
2 2
56 56
215 215
67 67
218 218
239 239
6 6
331 331
82 82
77 77
20 20
20 20
3 3
57 57
220 220
68 68
214 214
258 258
План
Ожидаемое (прогноз до конца года)
Интер РАО(для ФСК)
Промышленныепотребители
Транспорт
Нефтедобыча
Нефтеперераб…
Нефтепроводы
Газопроводы
Сельское хозя…
Непромышлен…
Государственн…
Население иприравненныегруппыпотребителей
Территориальн…
абс.
%
Прогноз на месяц 
Ноябрь
КПО/Отпуск из сети 
Котловой полезный отпуск, млн. кВт.ч
Организация 
Все
Прогноз электропотребления и выручки за услуги по передаче в разрезе отраслей'

29-01-2025T04:32:04 - [TEST_STEP][PASSED] - println("b11:" + b11): null

29-01-2025T04:32:04 - [TEST_STEP][PASSED] - b11 = b11.replaceAll("[^0-9]", ""): null

29-01-2025T04:32:04 - [TEST_STEP][PASSED] - println("b11:" + b11): null

29-01-2025T04:32:04 - [TEST_STEP][PASSED] - click(findTestObject("Прогноз по отраслям/Фильтр Сравнение с Стресс")): Object: 'Object Repository/Прогноз по отраслям/Фильтр Сравнение с Стресс' is clicked on

29-01-2025T04:32:05 - [MESSAGE][PASSED] - Object: 'Object Repository/Прогноз по отраслям/Фильтр Сравнение с Стресс' is clicked on

29-01-2025T04:32:05 - [TEST_STEP][PASSED] - click(findTestObject("Прогноз по отраслям/План СУ Стресс")): Object: 'Object Repository/Прогноз по отраслям/План СУ Стресс' is clicked on

29-01-2025T04:32:06 - [MESSAGE][PASSED] - Object: 'Object Repository/Прогноз по отраслям/План СУ Стресс' is clicked on

29-01-2025T04:32:06 - [TEST_STEP][PASSED] - delay(40): Delayed 40 second(s)

29-01-2025T04:32:46 - [MESSAGE][PASSED] - Delayed 40 second(s)

29-01-2025T04:32:46 - [TEST_STEP][PASSED] - b12 = getText(findTestObject("Прогноз по отраслям/Виджеты дашборда")): Text of object 'Object Repository/Прогноз по отраслям/Виджеты дашборда' is: 'Год 
2023 год
Сравнение с 
План/СУ
Отклонения по ПАО Россети на 2023 год
0.0 0.0
120 322.6 120 322.6
38 655.4 38 655.4
39 037.8 39 037.8
8 291.7 8 291.7
8 259.5 8 259.5
793.1 793.1
19 706.6 19 706.6
78 310.2 78 310.2
25 579.5 25 579.5
121 219.7 121 219.7
60 414.9 60 414.9
⬤ Отклонение, млн. кВт.ч
Интер РАО (для ФСК)
Промышленные потребители
Транспорт
Нефтедобыча
Нефтепереработка
Нефтепроводы
Газопроводы
Сельское хозяйство и пищевая про…
Непромышленные потребители
Государственные (муниципальные…
Население и приравненные группы…
Территориальные сетевые организ…
Выручка отклонения по ПАО Россети на 2023 год
⬤ Отклонение, млн. руб
Интер РАО (для ФСК)
Промышленные потребители
Транспорт
Нефтедобыча
Нефтепереработка
Нефтепроводы
Газопроводы
Сельское хозяйство и пищевая про…
Непромышленные потребители
Государственные (муниципальные…
Население и приравненные группы…
Территориальные сетевые организ…
Динамика электропотребления, млрд. кВт.ч., по ПАО Россети на 2023 год
0 0
0 0
0 0
0 0
0 0
0 0
0 0
0 0
0 0
0 0
0 0
0 0
0 0
120 120
39 39
39 39
8 8
8 8
1 1
20 20
78 78
26 26
121 121
60 60
СУ
Ожидаемое (прогноз до конца года)
Интер РАО(для ФСК)
Промышленныепотребители
Транспорт
Нефтедобыча
Нефтеперераб…
Нефтепроводы
Газопроводы
Сельское хозя…
Непромышлен…
Государственн…
Население иприравненныегруппыпотребителей
Территориальн…
Выручка, млрд. руб, по ПАО Россети на 2023 год
6 6
331 331
82 82
77 77
20 20
20 20
3 3
57 57
220 220
68 68
214 214
258 258
Ожидаемое (прогноз до конца года)
Интер РАО(для ФСК)
Промышленныепотребители
Транспорт
Нефтедобыча
Нефтеперераб…
Нефтепроводы
Газопроводы
Сельское хозя…
Непромышлен…
Государственн…
Население иприравненныегруппыпотребителей
Территориальн…
абс.
%
Прогноз на месяц 
Ноябрь
КПО/Отпуск из сети 
Котловой полезный отпуск, млн. кВт.ч
Организация 
Все
Прогноз электропотребления и выручки за услуги по передаче в разрезе отраслей'

29-01-2025T04:32:47 - [MESSAGE][PASSED] - Text of object 'Object Repository/Прогноз по отраслям/Виджеты дашборда' is: 'Год 
2023 год
Сравнение с 
План/СУ
Отклонения по ПАО Россети на 2023 год
0.0 0.0
120 322.6 120 322.6
38 655.4 38 655.4
39 037.8 39 037.8
8 291.7 8 291.7
8 259.5 8 259.5
793.1 793.1
19 706.6 19 706.6
78 310.2 78 310.2
25 579.5 25 579.5
121 219.7 121 219.7
60 414.9 60 414.9
⬤ Отклонение, млн. кВт.ч
Интер РАО (для ФСК)
Промышленные потребители
Транспорт
Нефтедобыча
Нефтепереработка
Нефтепроводы
Газопроводы
Сельское хозяйство и пищевая про…
Непромышленные потребители
Государственные (муниципальные…
Население и приравненные группы…
Территориальные сетевые организ…
Выручка отклонения по ПАО Россети на 2023 год
⬤ Отклонение, млн. руб
Интер РАО (для ФСК)
Промышленные потребители
Транспорт
Нефтедобыча
Нефтепереработка
Нефтепроводы
Газопроводы
Сельское хозяйство и пищевая про…
Непромышленные потребители
Государственные (муниципальные…
Население и приравненные группы…
Территориальные сетевые организ…
Динамика электропотребления, млрд. кВт.ч., по ПАО Россети на 2023 год
0 0
0 0
0 0
0 0
0 0
0 0
0 0
0 0
0 0
0 0
0 0
0 0
0 0
120 120
39 39
39 39
8 8
8 8
1 1
20 20
78 78
26 26
121 121
60 60
СУ
Ожидаемое (прогноз до конца года)
Интер РАО(для ФСК)
Промышленныепотребители
Транспорт
Нефтедобыча
Нефтеперераб…
Нефтепроводы
Газопроводы
Сельское хозя…
Непромышлен…
Государственн…
Население иприравненныегруппыпотребителей
Территориальн…
Выручка, млрд. руб, по ПАО Россети на 2023 год
6 6
331 331
82 82
77 77
20 20
20 20
3 3
57 57
220 220
68 68
214 214
258 258
Ожидаемое (прогноз до конца года)
Интер РАО(для ФСК)
Промышленныепотребители
Транспорт
Нефтедобыча
Нефтеперераб…
Нефтепроводы
Газопроводы
Сельское хозя…
Непромышлен…
Государственн…
Население иприравненныегруппыпотребителей
Территориальн…
абс.
%
Прогноз на месяц 
Ноябрь
КПО/Отпуск из сети 
Котловой полезный отпуск, млн. кВт.ч
Организация 
Все
Прогноз электропотребления и выручки за услуги по передаче в разрезе отраслей'

29-01-2025T04:32:47 - [TEST_STEP][PASSED] - b12 = b12.replaceAll("[^0-9]", ""): null

29-01-2025T04:32:47 - [TEST_STEP][PASSED] - println("b12:" + b12): null

29-01-2025T04:32:47 - [TEST_STEP][PASSED] - if (verifyEqual(a1, b1) == true): Actual object '20232023121218618636365050101019190017178585191982826046041010197197373748481010151544181880801919828260860820235528528572727272181822220050502012016161190190227227663313318282777720202020335757220220686821421425825820231851855959363639390909207207331323313238385656131309090707202377771601601321326767133133777713315133151421429999120120124124137137' and expected object '20232023121218618636365050101019190017178585191982826046041010197197373748481010151544181880801919828260860820235528528572727272181822220050502012016161190190227227663313318282777720202020335757220220686821421425825820231851855959363639390909207207331323313238385656131309090707202377771601601321326767133133777713315133151421429999120120124124137137' are equal

29-01-2025T04:32:47 - [MESSAGE][PASSED] - Actual object '20232023121218618636365050101019190017178585191982826046041010197197373748481010151544181880801919828260860820235528528572727272181822220050502012016161190190227227663313318282777720202020335757220220686821421425825820231851855959363639390909207207331323313238385656131309090707202377771601601321326767133133777713315133151421429999120120124124137137' and expected object '20232023121218618636365050101019190017178585191982826046041010197197373748481010151544181880801919828260860820235528528572727272181822220050502012016161190190227227663313318282777720202020335757220220686821421425825820231851855959363639390909207207331323313238385656131309090707202377771601601321326767133133777713315133151421429999120120124124137137' are equal

29-01-2025T04:32:47 - [TEST_STEP][PASSED] - if (verifyEqual(a2, b2) == true): Actual object '202320231010190190363614149914144417178080191982825885881010197197373748481010151544181880801919828260860820235531931981811616161620202256562152156767218218239239663313318282777720202020335757220220686821421425825820234747383819192303230310910942422172173939060616161010333320231561563838121239823982269269060626926915152727202020207979' and expected object '202320231010190190363614149914144417178080191982825885881010197197373748481010151544181880801919828260860820235531931981811616161620202256562152156767218218239239663313318282777720202020335757220220686821421425825820234747383819192303230310910942422172173939060616161010333320231561563838121239823982269269060626926915152727202020207979' are equal

29-01-2025T04:32:47 - [MESSAGE][PASSED] - Actual object '202320231010190190363614149914144417178080191982825885881010197197373748481010151544181880801919828260860820235531931981811616161620202256562152156767218218239239663313318282777720202020335757220220686821421425825820234747383819192303230310910942422172173939060616161010333320231561563838121239823982269269060626926915152727202020207979' and expected object '202320231010190190363614149914144417178080191982825885881010197197373748481010151544181880801919828260860820235531931981811616161620202256562152156767218218239239663313318282777720202020335757220220686821421425825820234747383819192303230310910942422172173939060616161010333320231561563838121239823982269269060626926915152727202020207979' are equal

29-01-2025T04:32:47 - [TEST_STEP][PASSED] - if (verifyEqual(a3, b3) == true): Actual object '2023202310101861863636151599141444171788881919838359759710101971973737484810101515441818808019198282608608202366331331828277772020202033575722022068682142142582582023252559591919219121911171171919131131353587870202161618182023' and expected object '2023202310101861863636151599141444171788881919838359759710101971973737484810101515441818808019198282608608202366331331828277772020202033575722022068682142142582582023252559591919219121911171171919131131353587870202161618182023' are equal

29-01-2025T04:32:47 - [MESSAGE][PASSED] - Actual object '2023202310101861863636151599141444171788881919838359759710101971973737484810101515441818808019198282608608202366331331828277772020202033575722022068682142142582582023252559591919219121911171171919131131353587870202161618182023' and expected object '2023202310101861863636151599141444171788881919838359759710101971973737484810101515441818808019198282608608202366331331828277772020202033575722022068682142142582582023252559591919219121911171171919131131353587870202161618182023' are equal

29-01-2025T04:32:47 - [TEST_STEP][PASSED] - if (verifyEqual(a4, b4) == true): Actual object '20232023001201203838414188101000191977772525122122616100120120393939398888112020787826261211216060202355285285727272721818222200505020120161611901902272276633133182827777202020203357572202206868214214258258202305050909595931311791795784578423231818212109090202202377771601601321326767133133777713315133151421429999120120124124137137' and expected object '20232023001201203838414188101000191977772525122122616100120120393939398888112020787826261211216060202355285285727272721818222200505020120161611901902272276633133182827777202020203357572202206868214214258258202305050909595931311791795784578423231818212109090202202377771601601321326767133133777713315133151421429999120120124124137137' are equal

29-01-2025T04:32:47 - [MESSAGE][PASSED] - Actual object '20232023001201203838414188101000191977772525122122616100120120393939398888112020787826261211216060202355285285727272721818222200505020120161611901902272276633133182827777202020203357572202206868214214258258202305050909595931311791795784578423231818212109090202202377771601601321326767133133777713315133151421429999120120124124137137' and expected object '20232023001201203838414188101000191977772525122122616100120120393939398888112020787826261211216060202355285285727272721818222200505020120161611901902272276633133182827777202020203357572202206868214214258258202305050909595931311791795784578423231818212109090202202377771601601321326767133133777713315133151421429999120120124124137137' are equal

29-01-2025T04:32:47 - [TEST_STEP][PASSED] - if (verifyEqual(a5, b5) == true): Actual object '20232023001191193737777788111919757525251231235555001201203939393988881120207878262612112160602023553193198181161616162020225656215215676721821823923966331331828277772020202033575722022068682142142582582023121232324921492118118144441191191212414124241414979720231561563838121239823982269269060626926915152727202020207979' and expected object '20232023001191193737777788111919757525251231235555001201203939393988881120207878262612112160602023553193198181161616162020225656215215676721821823923966331331828277772020202033575722022068682142142582582023121232324921492118118144441191191212414124241414979720231561563838121239823982269269060626926915152727202020207979' are equal

29-01-2025T04:32:47 - [MESSAGE][PASSED] - Actual object '20232023001191193737777788111919757525251231235555001201203939393988881120207878262612112160602023553193198181161616162020225656215215676721821823923966331331828277772020202033575722022068682142142582582023121232324921492118118144441191191212414124241414979720231561563838121239823982269269060626926915152727202020207979' and expected object '20232023001191193737777788111919757525251231235555001201203939393988881120207878262612112160602023553193198181161616162020225656215215676721821823923966331331828277772020202033575722022068682142142582582023121232324921492118118144441191191212414124241414979720231561563838121239823982269269060626926915152727202020207979' are equal

29-01-2025T04:32:47 - [TEST_STEP][PASSED] - if (verifyEqual(a6, b6) == true): Actual object '20232023000000000000000000000000001201203939393988881120207878262612112160602023663313318282777720202020335757220220686821421425825820232023' and expected object '20232023000000000000000000000000001201203939393988881120207878262612112160602023663313318282777720202020335757220220686821421425825820232023' are equal

29-01-2025T04:32:47 - [MESSAGE][PASSED] - Actual object '20232023000000000000000000000000001201203939393988881120207878262612112160602023663313318282777720202020335757220220686821421425825820232023' and expected object '20232023000000000000000000000000001201203939393988881120207878262612112160602023663313318282777720202020335757220220686821421425825820232023' are equal

29-01-2025T04:32:47 - [TEST_STEP][PASSED] - if (verifyEqual(a7, b7) == true): Actual object '202320232263522635110546110546128021280219475194759099093845038450416214162165176517472774727725652565723972394292342923202342134213455749455749954759547548893488932337423374168261682629194291947110271102198408198408728957289523664823664831028331028320231212186186363650501010191900171785851919828260460410101971973737484810101515441818808019198282608608202355285285727272721818222200505020120161611901902272276633133182827777202020203357572202206868214214258258' and expected object '202320232263522635110546110546128021280219475194759099093845038450416214162165176517472774727725652565723972394292342923202342134213455749455749954759547548893488932337423374168261682629194291947110271102198408198408728957289523664823664831028331028320231212186186363650501010191900171785851919828260460410101971973737484810101515441818808019198282608608202355285285727272721818222200505020120161611901902272276633133182827777202020203357572202206868214214258258' are equal

29-01-2025T04:32:47 - [MESSAGE][PASSED] - Actual object '202320232263522635110546110546128021280219475194759099093845038450416214162165176517472774727725652565723972394292342923202342134213455749455749954759547548893488932337423374168261682629194291947110271102198408198408728957289523664823664831028331028320231212186186363650501010191900171785851919828260460410101971973737484810101515441818808019198282608608202355285285727272721818222200505020120161611901902272276633133182827777202020203357572202206868214214258258' and expected object '202320232263522635110546110546128021280219475194759099093845038450416214162165176517472774727725652565723972394292342923202342134213455749455749954759547548893488932337423374168261682629194291947110271102198408198408728957289523664823664831028331028320231212186186363650501010191900171785851919828260460410101971973737484810101515441818808019198282608608202355285285727272721818222200505020120161611901902272276633133182827777202020203357572202206868214214258258' are equal

29-01-2025T04:32:47 - [TEST_STEP][PASSED] - if (verifyEqual(a8, b8) == true): Actual object '202320234922492271651716516893689333271733271798649864593859387640764067046704592459243088308894099409196041196041202379497949121950121950972797276180396180394222342223121812186662666287328732580965809613426134264463244632183755183755202310101901903636141499141444171780801919828258858810101971973737484810101515441818808019198282608608202355319319818116161616202022565621521567672182182392396633133182827777202020203357572202206868214214258258' and expected object '202320234922492271651716516893689333271733271798649864593859387640764067046704592459243088308894099409196041196041202379497949121950121950972797276180396180394222342223121812186662666287328732580965809613426134264463244632183755183755202310101901903636141499141444171780801919828258858810101971973737484810101515441818808019198282608608202355319319818116161616202022565621521567672182182392396633133182827777202020203357572202206868214214258258' are equal

29-01-2025T04:32:47 - [MESSAGE][PASSED] - Actual object '202320234922492271651716516893689333271733271798649864593859387640764067046704592459243088308894099409196041196041202379497949121950121950972797276180396180394222342223121812186662666287328732580965809613426134264463244632183755183755202310101901903636141499141444171780801919828258858810101971973737484810101515441818808019198282608608202355319319818116161616202022565621521567672182182392396633133182827777202020203357572202206868214214258258' and expected object '202320234922492271651716516893689333271733271798649864593859387640764067046704592459243088308894099409196041196041202379497949121950121950972797276180396180394222342223121812186662666287328732580965809613426134264463244632183755183755202310101901903636141499141444171780801919828258858810101971973737484810101515441818808019198282608608202355319319818116161616202022565621521567672182182392396633133182827777202020203357572202206868214214258258' are equal

29-01-2025T04:32:47 - [TEST_STEP][PASSED] - if (verifyEqual(a9, b9) == true): Actual object '202320232435243511013511013567486748327653327653104941049427182718495249525887588776077760773193191318113181109065109065202320231010186186363615159914144417178888191983835975971010197197373748481010151544181880801919828260860820236633133182827777202020203357572202206868214214258258' and expected object '202320232435243511013511013567486748327653327653104941049427182718495249525887588776077760773193191318113181109065109065202320231010186186363615159914144417178888191983835975971010197197373748481010151544181880801919828260860820236633133182827777202020203357572202206868214214258258' are equal

29-01-2025T04:32:47 - [MESSAGE][PASSED] - Actual object '202320232435243511013511013567486748327653327653104941049427182718495249525887588776077760773193191318113181109065109065202320231010186186363615159914144417178888191983835975971010197197373748481010151544181880801919828260860820236633133182827777202020203357572202206868214214258258' and expected object '202320232435243511013511013567486748327653327653104941049427182718495249525887588776077760773193191318113181109065109065202320231010186186363615159914144417178888191983835975971010197197373748481010151544181880801919828260860820236633133182827777202020203357572202206868214214258258' are equal

29-01-2025T04:32:47 - [TEST_STEP][PASSED] - if (verifyEqual(a10, b10) == true): Actual object '20232023000064656465341134112455624556245624561796017960676267624524452413862138625275527511304113041287128720234213421345574945574995475954754889348893233742337416826168262919429194711027110219840819840872895728952366482366483102833102832023001201203838414188101000191977772525122122616100120120393939398888112020787826261211216060202355285285727272721818222200505020120161611901902272276633133182827777202020203357572202206868214214258258' and expected object '20232023000064656465341134112455624556245624561796017960676267624524452413862138625275527511304113041287128720234213421345574945574995475954754889348893233742337416826168262919429194711027110219840819840872895728952366482366483102833102832023001201203838414188101000191977772525122122616100120120393939398888112020787826261211216060202355285285727272721818222200505020120161611901902272276633133182827777202020203357572202206868214214258258' are equal

29-01-2025T04:32:47 - [MESSAGE][PASSED] - Actual object '20232023000064656465341134112455624556245624561796017960676267624524452413862138625275527511304113041287128720234213421345574945574995475954754889348893233742337416826168262919429194711027110219840819840872895728952366482366483102833102832023001201203838414188101000191977772525122122616100120120393939398888112020787826261211216060202355285285727272721818222200505020120161611901902272276633133182827777202020203357572202206868214214258258' and expected object '20232023000064656465341134112455624556245624561796017960676267624524452413862138625275527511304113041287128720234213421345574945574995475954754889348893233742337416826168262919429194711027110219840819840872895728952366482366483102833102832023001201203838414188101000191977772525122122616100120120393939398888112020787826261211216060202355285285727272721818222200505020120161611901902272276633133182827777202020203357572202206868214214258258' are equal

29-01-2025T04:32:47 - [TEST_STEP][PASSED] - if (verifyEqual(a11, b11) == true): Actual object '202320230000147171471711865118653244523244521268312683349434948438432398239829694296945892589217984179845359353593202379497949121950121950972797276180396180394222342223121812186662666287328732580965809613426134264463244632183755183755202300119119373777778811191975752525123123555500120120393939398888112020787826261211216060202355319319818116161616202022565621521567672182182392396633133182827777202020203357572202206868214214258258' and expected object '202320230000147171471711865118653244523244521268312683349434948438432398239829694296945892589217984179845359353593202379497949121950121950972797276180396180394222342223121812186662666287328732580965809613426134264463244632183755183755202300119119373777778811191975752525123123555500120120393939398888112020787826261211216060202355319319818116161616202022565621521567672182182392396633133182827777202020203357572202206868214214258258' are equal

29-01-2025T04:32:47 - [MESSAGE][PASSED] - Actual object '202320230000147171471711865118653244523244521268312683349434948438432398239829694296945892589217984179845359353593202379497949121950121950972797276180396180394222342223121812186662666287328732580965809613426134264463244632183755183755202300119119373777778811191975752525123123555500120120393939398888112020787826261211216060202355319319818116161616202022565621521567672182182392396633133182827777202020203357572202206868214214258258' and expected object '202320230000147171471711865118653244523244521268312683349434948438432398239829694296945892589217984179845359353593202379497949121950121950972797276180396180394222342223121812186662666287328732580965809613426134264463244632183755183755202300119119373777778811191975752525123123555500120120393939398888112020787826261211216060202355319319818116161616202022565621521567672182182392396633133182827777202020203357572202206868214214258258' are equal

29-01-2025T04:32:47 - [TEST_STEP][PASSED] - if (verifyEqual(a12, b12) == true): Actual object '20232023000012032261203226386554386554390378390378829178291782595825957931793119706619706678310278310225579525579512121971212197604149604149202320230000000000000000000000000012012039393939888811202078782626121121606020236633133182827777202020203357572202206868214214258258' and expected object '20232023000012032261203226386554386554390378390378829178291782595825957931793119706619706678310278310225579525579512121971212197604149604149202320230000000000000000000000000012012039393939888811202078782626121121606020236633133182827777202020203357572202206868214214258258' are equal

29-01-2025T04:32:47 - [MESSAGE][PASSED] - Actual object '20232023000012032261203226386554386554390378390378829178291782595825957931793119706619706678310278310225579525579512121971212197604149604149202320230000000000000000000000000012012039393939888811202078782626121121606020236633133182827777202020203357572202206868214214258258' and expected object '20232023000012032261203226386554386554390378390378829178291782595825957931793119706619706678310278310225579525579512121971212197604149604149202320230000000000000000000000000012012039393939888811202078782626121121606020236633133182827777202020203357572202206868214214258258' are equal

29-01-2025T04:32:47 - [TEST_STEP][PASSED] - closeBrowser(): Browser is closed

29-01-2025T04:32:47 - [MESSAGE][PASSED] - Browser is closed]]></system-out>
         <system-err><![CDATA[]]></system-err>
      </testcase>
      <testcase name="Test Cases/Сверки дашбордов/Факторный анализ сверка дашбордов" time="160.92" classname="Test Cases/Сверки дашбордов/Факторный анализ сверка дашбордов" status="FAILED">
         <failure type="FAILED" message="Test Cases/Сверки дашбордов/Факторный анализ сверка дашбордов FAILED.&#xa;Reason:&#xa;com.kms.katalon.core.exception.StepFailedException: Unable to verify equal between actual object '-1340497' and expected object '-1254877' (Root cause: com.kms.katalon.core.exception.StepFailedException: Actual object '-1340497' and expected object '-1254877' are not equal&#xa;	at com.kms.katalon.core.keyword.builtin.VerifyEqualKeyword$_verifyEqual_closure1.doCall(VerifyEqualKeyword.groovy:58)&#xa;	at com.kms.katalon.core.keyword.builtin.VerifyEqualKeyword$_verifyEqual_closure1.call(VerifyEqualKeyword.groovy)&#xa;	at com.kms.katalon.core.keyword.internal.KeywordMain.runKeyword(KeywordMain.groovy:75)&#xa;	at com.kms.katalon.core.keyword.builtin.VerifyEqualKeyword.verifyEqual(VerifyEqualKeyword.groovy:63)&#xa;	at com.kms.katalon.core.keyword.builtin.VerifyEqualKeyword.execute(VerifyEqualKeyword.groovy:44)&#xa;	at com.kms.katalon.core.keyword.internal.KeywordExecutor.executeKeywordForPlatform(KeywordExecutor.groovy:74)&#xa;	at com.kms.katalon.core.keyword.BuiltinKeywords.verifyEqual(BuiltinKeywords.groovy:146)&#xa;	at jdk.internal.reflect.GeneratedMethodAccessor25.invoke(Unknown Source)&#xa;	at java.base/jdk.internal.reflect.DelegatingMethodAccessorImpl.invoke(DelegatingMethodAccessorImpl.java:43)&#xa;	at Факторный анализ сверка дашбордов.Compare(Факторный анализ сверка дашбордов:638)&#xa;	at Факторный анализ сверка дашбордов.Test(Факторный анализ сверка дашбордов:402)&#xa;	at Факторный анализ сверка дашбордов.run(Факторный анализ сверка дашбордов:44)&#xa;	at com.kms.katalon.core.main.ScriptEngine.run(ScriptEngine.java:194)&#xa;	at com.kms.katalon.core.main.ScriptEngine.runScriptAsRawText(ScriptEngine.java:119)&#xa;	at com.kms.katalon.core.main.TestCaseExecutor.runScript(TestCaseExecutor.java:448)&#xa;	at com.kms.katalon.core.main.TestCaseExecutor.doExecute(TestCaseExecutor.java:439)&#xa;	at com.kms.katalon.core.main.TestCaseExecutor.processExecutionPhase(TestCaseExecutor.java:418)&#xa;	at com.kms.katalon.core.main.TestCaseExecutor.accessMainPhase(TestCaseExecutor.java:410)&#xa;	at com.kms.katalon.core.main.TestCaseExecutor.execute(TestCaseExecutor.java:285)&#xa;	at com.kms.katalon.core.common.CommonExecutor.accessTestCaseMainPhase(CommonExecutor.java:65)&#xa;	at com.kms.katalon.core.main.TestSuiteExecutor.accessTestSuiteMainPhase(TestSuiteExecutor.java:150)&#xa;	at com.kms.katalon.core.main.TestSuiteExecutor.execute(TestSuiteExecutor.java:106)&#xa;	at com.kms.katalon.core.main.TestCaseMain.startTestSuite(TestCaseMain.java:180)&#xa;	at TempTestSuite1738107421100.run(TempTestSuite1738107421100.groovy:35)&#xa;	at java.base/jdk.internal.reflect.NativeMethodAccessorImpl.invoke0(Native Method)&#xa;	at java.base/jdk.internal.reflect.NativeMethodAccessorImpl.invoke(NativeMethodAccessorImpl.java:77)&#xa;	at java.base/jdk.internal.reflect.DelegatingMethodAccessorImpl.invoke(DelegatingMethodAccessorImpl.java:43)&#xa;)&#xa;	at com.kms.katalon.core.keyword.internal.KeywordMain.stepFailed(KeywordMain.groovy:39)&#xa;	at com.kms.katalon.core.keyword.internal.KeywordMain.stepFailed(KeywordMain.groovy)&#xa;	at com.kms.katalon.core.keyword.internal.KeywordMain.runKeyword(KeywordMain.groovy:77)&#xa;	at com.kms.katalon.core.keyword.builtin.VerifyEqualKeyword.verifyEqual(VerifyEqualKeyword.groovy:63)&#xa;	at com.kms.katalon.core.keyword.builtin.VerifyEqualKeyword.execute(VerifyEqualKeyword.groovy:44)&#xa;	at com.kms.katalon.core.keyword.internal.KeywordExecutor.executeKeywordForPlatform(KeywordExecutor.groovy:74)&#xa;	at com.kms.katalon.core.keyword.BuiltinKeywords.verifyEqual(BuiltinKeywords.groovy:146)&#xa;	at jdk.internal.reflect.GeneratedMethodAccessor25.invoke(Unknown Source)&#xa;	at java.base/jdk.internal.reflect.DelegatingMethodAccessorImpl.invoke(DelegatingMethodAccessorImpl.java:43)&#xa;	at Факторный анализ сверка дашбордов.Compare(Факторный анализ сверка дашбордов:638)&#xa;	at Факторный анализ сверка дашбордов.Test(Факторный анализ сверка дашбордов:402)&#xa;	at Факторный анализ сверка дашбордов.run(Факторный анализ сверка дашбордов:44)&#xa;	at com.kms.katalon.core.main.ScriptEngine.run(ScriptEngine.java:194)&#xa;	at com.kms.katalon.core.main.ScriptEngine.runScriptAsRawText(ScriptEngine.java:119)&#xa;	at com.kms.katalon.core.main.TestCaseExecutor.runScript(TestCaseExecutor.java:448)&#xa;	at com.kms.katalon.core.main.TestCaseExecutor.doExecute(TestCaseExecutor.java:439)&#xa;	at com.kms.katalon.core.main.TestCaseExecutor.processExecutionPhase(TestCaseExecutor.java:418)&#xa;	at com.kms.katalon.core.main.TestCaseExecutor.accessMainPhase(TestCaseExecutor.java:410)&#xa;	at com.kms.katalon.core.main.TestCaseExecutor.execute(TestCaseExecutor.java:285)&#xa;	at com.kms.katalon.core.common.CommonExecutor.accessTestCaseMainPhase(CommonExecutor.java:65)&#xa;	at com.kms.katalon.core.main.TestSuiteExecutor.accessTestSuiteMainPhase(TestSuiteExecutor.java:150)&#xa;	at com.kms.katalon.core.main.TestSuiteExecutor.execute(TestSuiteExecutor.java:106)&#xa;	at com.kms.katalon.core.main.TestCaseMain.startTestSuite(TestCaseMain.java:180)&#xa;	at TempTestSuite1738107421100.run(TempTestSuite1738107421100.groovy:35)&#xa;	at java.base/jdk.internal.reflect.NativeMethodAccessorImpl.invoke0(Native Method)&#xa;	at java.base/jdk.internal.reflect.NativeMethodAccessorImpl.invoke(NativeMethodAccessorImpl.java:77)&#xa;	at java.base/jdk.internal.reflect.DelegatingMethodAccessorImpl.invoke(DelegatingMethodAccessorImpl.java:43)&#xa;Caused by: com.kms.katalon.core.exception.StepFailedException: Actual object '-1340497' and expected object '-1254877' are not equal&#xa;	at com.kms.katalon.core.keyword.builtin.VerifyEqualKeyword$_verifyEqual_closure1.doCall(VerifyEqualKeyword.groovy:58)&#xa;	at com.kms.katalon.core.keyword.builtin.VerifyEqualKeyword$_verifyEqual_closure1.call(VerifyEqualKeyword.groovy)&#xa;	at com.kms.katalon.core.keyword.internal.KeywordMain.runKeyword(KeywordMain.groovy:75)&#xa;	... 24 more&#xa;"/>
         <system-out><![CDATA[29-01-2025T04:32:47 - [TEST_CASE][FAILED] - Test Cases/Сверки дашбордов/Факторный анализ сверка дашбордов: Test Cases/Сверки дашбордов/Факторный анализ сверка дашбордов FAILED.
Reason:
com.kms.katalon.core.exception.StepFailedException: Unable to verify equal between actual object '-1340497' and expected object '-1254877' (Root cause: com.kms.katalon.core.exception.StepFailedException: Actual object '-1340497' and expected object '-1254877' are not equal
	at com.kms.katalon.core.keyword.builtin.VerifyEqualKeyword$_verifyEqual_closure1.doCall(VerifyEqualKeyword.groovy:58)
	at com.kms.katalon.core.keyword.builtin.VerifyEqualKeyword$_verifyEqual_closure1.call(VerifyEqualKeyword.groovy)
	at com.kms.katalon.core.keyword.internal.KeywordMain.runKeyword(KeywordMain.groovy:75)
	at com.kms.katalon.core.keyword.builtin.VerifyEqualKeyword.verifyEqual(VerifyEqualKeyword.groovy:63)
	at com.kms.katalon.core.keyword.builtin.VerifyEqualKeyword.execute(VerifyEqualKeyword.groovy:44)
	at com.kms.katalon.core.keyword.internal.KeywordExecutor.executeKeywordForPlatform(KeywordExecutor.groovy:74)
	at com.kms.katalon.core.keyword.BuiltinKeywords.verifyEqual(BuiltinKeywords.groovy:146)
	at jdk.internal.reflect.GeneratedMethodAccessor25.invoke(Unknown Source)
	at java.base/jdk.internal.reflect.DelegatingMethodAccessorImpl.invoke(DelegatingMethodAccessorImpl.java:43)
	at Факторный анализ сверка дашбордов.Compare(Факторный анализ сверка дашбордов:638)
	at Факторный анализ сверка дашбордов.Test(Факторный анализ сверка дашбордов:402)
	at Факторный анализ сверка дашбордов.run(Факторный анализ сверка дашбордов:44)
	at com.kms.katalon.core.main.ScriptEngine.run(ScriptEngine.java:194)
	at com.kms.katalon.core.main.ScriptEngine.runScriptAsRawText(ScriptEngine.java:119)
	at com.kms.katalon.core.main.TestCaseExecutor.runScript(TestCaseExecutor.java:448)
	at com.kms.katalon.core.main.TestCaseExecutor.doExecute(TestCaseExecutor.java:439)
	at com.kms.katalon.core.main.TestCaseExecutor.processExecutionPhase(TestCaseExecutor.java:418)
	at com.kms.katalon.core.main.TestCaseExecutor.accessMainPhase(TestCaseExecutor.java:410)
	at com.kms.katalon.core.main.TestCaseExecutor.execute(TestCaseExecutor.java:285)
	at com.kms.katalon.core.common.CommonExecutor.accessTestCaseMainPhase(CommonExecutor.java:65)
	at com.kms.katalon.core.main.TestSuiteExecutor.accessTestSuiteMainPhase(TestSuiteExecutor.java:150)
	at com.kms.katalon.core.main.TestSuiteExecutor.execute(TestSuiteExecutor.java:106)
	at com.kms.katalon.core.main.TestCaseMain.startTestSuite(TestCaseMain.java:180)
	at TempTestSuite1738107421100.run(TempTestSuite1738107421100.groovy:35)
	at java.base/jdk.internal.reflect.NativeMethodAccessorImpl.invoke0(Native Method)
	at java.base/jdk.internal.reflect.NativeMethodAccessorImpl.invoke(NativeMethodAccessorImpl.java:77)
	at java.base/jdk.internal.reflect.DelegatingMethodAccessorImpl.invoke(DelegatingMethodAccessorImpl.java:43)
)
	at com.kms.katalon.core.keyword.internal.KeywordMain.stepFailed(KeywordMain.groovy:39)
	at com.kms.katalon.core.keyword.internal.KeywordMain.stepFailed(KeywordMain.groovy)
	at com.kms.katalon.core.keyword.internal.KeywordMain.runKeyword(KeywordMain.groovy:77)
	at com.kms.katalon.core.keyword.builtin.VerifyEqualKeyword.verifyEqual(VerifyEqualKeyword.groovy:63)
	at com.kms.katalon.core.keyword.builtin.VerifyEqualKeyword.execute(VerifyEqualKeyword.groovy:44)
	at com.kms.katalon.core.keyword.internal.KeywordExecutor.executeKeywordForPlatform(KeywordExecutor.groovy:74)
	at com.kms.katalon.core.keyword.BuiltinKeywords.verifyEqual(BuiltinKeywords.groovy:146)
	at jdk.internal.reflect.GeneratedMethodAccessor25.invoke(Unknown Source)
	at java.base/jdk.internal.reflect.DelegatingMethodAccessorImpl.invoke(DelegatingMethodAccessorImpl.java:43)
	at Факторный анализ сверка дашбордов.Compare(Факторный анализ сверка дашбордов:638)
	at Факторный анализ сверка дашбордов.Test(Факторный анализ сверка дашбордов:402)
	at Факторный анализ сверка дашбордов.run(Факторный анализ сверка дашбордов:44)
	at com.kms.katalon.core.main.ScriptEngine.run(ScriptEngine.java:194)
	at com.kms.katalon.core.main.ScriptEngine.runScriptAsRawText(ScriptEngine.java:119)
	at com.kms.katalon.core.main.TestCaseExecutor.runScript(TestCaseExecutor.java:448)
	at com.kms.katalon.core.main.TestCaseExecutor.doExecute(TestCaseExecutor.java:439)
	at com.kms.katalon.core.main.TestCaseExecutor.processExecutionPhase(TestCaseExecutor.java:418)
	at com.kms.katalon.core.main.TestCaseExecutor.accessMainPhase(TestCaseExecutor.java:410)
	at com.kms.katalon.core.main.TestCaseExecutor.execute(TestCaseExecutor.java:285)
	at com.kms.katalon.core.common.CommonExecutor.accessTestCaseMainPhase(CommonExecutor.java:65)
	at com.kms.katalon.core.main.TestSuiteExecutor.accessTestSuiteMainPhase(TestSuiteExecutor.java:150)
	at com.kms.katalon.core.main.TestSuiteExecutor.execute(TestSuiteExecutor.java:106)
	at com.kms.katalon.core.main.TestCaseMain.startTestSuite(TestCaseMain.java:180)
	at TempTestSuite1738107421100.run(TempTestSuite1738107421100.groovy:35)
	at java.base/jdk.internal.reflect.NativeMethodAccessorImpl.invoke0(Native Method)
	at java.base/jdk.internal.reflect.NativeMethodAccessorImpl.invoke(NativeMethodAccessorImpl.java:77)
	at java.base/jdk.internal.reflect.DelegatingMethodAccessorImpl.invoke(DelegatingMethodAccessorImpl.java:43)
Caused by: com.kms.katalon.core.exception.StepFailedException: Actual object '-1340497' and expected object '-1254877' are not equal
	at com.kms.katalon.core.keyword.builtin.VerifyEqualKeyword$_verifyEqual_closure1.doCall(VerifyEqualKeyword.groovy:58)
	at com.kms.katalon.core.keyword.builtin.VerifyEqualKeyword$_verifyEqual_closure1.call(VerifyEqualKeyword.groovy)
	at com.kms.katalon.core.keyword.internal.KeywordMain.runKeyword(KeywordMain.groovy:75)
	... 24 more


29-01-2025T04:32:48 - [TEST_STEP][PASSED] - date = new java.util.Date(): null

29-01-2025T04:32:48 - [TEST_STEP][PASSED] - todaysDate = date.format("dd.MM.yyyy"): null

29-01-2025T04:32:48 - [TEST_STEP][PASSED] - typeOfData = <not implemented yet for class: org.codehaus.groovy.ast.expr.EmptyExpression>: null

29-01-2025T04:32:48 - [TEST_STEP][PASSED] - otobrajeniyeDannyh = <not implemented yet for class: org.codehaus.groovy.ast.expr.EmptyExpression>: null

29-01-2025T04:32:48 - [TEST_STEP][PASSED] - println(todaysDate): null

29-01-2025T04:32:48 - [TEST_STEP][PASSED] - vidget = <not implemented yet for class: org.codehaus.groovy.ast.expr.EmptyExpression>: null

29-01-2025T04:32:48 - [TEST_STEP][PASSED] - x = <not implemented yet for class: org.codehaus.groovy.ast.expr.EmptyExpression>: null

29-01-2025T04:32:48 - [TEST_STEP][PASSED] - y = <not implemented yet for class: org.codehaus.groovy.ast.expr.EmptyExpression>: null

29-01-2025T04:32:48 - [TEST_STEP][PASSED] - DZO = <not implemented yet for class: org.codehaus.groovy.ast.expr.EmptyExpression>: null

29-01-2025T04:32:48 - [TEST_STEP][PASSED] - openBrowser(""): Browser is opened with url: ''

29-01-2025T04:32:48 - [MESSAGE][INFO] - Starting 'Chrome' driver

29-01-2025T04:32:48 - [MESSAGE][INFO] - Action delay is set to 0 milliseconds

29-01-2025T04:32:49 - [MESSAGE][PASSED] - Browser is opened with url: ''

29-01-2025T04:32:49 - [TEST_STEP][PASSED] - run = 1: null

29-01-2025T04:32:49 - [TEST_STEP][PASSED] - for ([run = 1, run < 3, (run++)]): null

29-01-2025T04:32:49 - [TEST_STEP][PASSED] - Script1719551244403.Test(run, todaysDate, typeOfData, otobrajeniyeDannyh, x, y, vidget, DZO): null

29-01-2025T04:32:49 - [TEST_STEP][PASSED] - navigateToUrl(findTestData("PlanFact").getValue(10, 3)): Navigate to 'https://bi.rosseti.digital/viewer?dashboardGuid=2301950b23be4ed89c1df75f2020051e&sheetGuid=ccd7d7486b3d4e6fa0ee9b1eaebed46c&fit=true' successfully

29-01-2025T04:32:56 - [MESSAGE][PASSED] - Navigate to 'https://bi.rosseti.digital/viewer?dashboardGuid=2301950b23be4ed89c1df75f2020051e&sheetGuid=ccd7d7486b3d4e6fa0ee9b1eaebed46c&fit=true' successfully

29-01-2025T04:32:56 - [TEST_STEP][PASSED] - Script1719551244403.Autorization(run): null

29-01-2025T04:32:56 - [TEST_STEP][PASSED] - delay(10): Delayed 10 second(s)

29-01-2025T04:33:06 - [MESSAGE][PASSED] - Delayed 10 second(s)

29-01-2025T04:33:06 - [TEST_STEP][PASSED] - if (run == 1): Delayed 10 second(s)

29-01-2025T04:33:06 - [TEST_STEP][PASSED] - setText(findTestObject("Страница авторизации/input__username"), findTestData("PlanFact").getValue(8, 1)): Text 'liazgina-di' is set on object 'Object Repository/Страница авторизации/input__username'

29-01-2025T04:33:06 - [MESSAGE][PASSED] - Text 'liazgina-di' is set on object 'Object Repository/Страница авторизации/input__username'

29-01-2025T04:33:06 - [TEST_STEP][PASSED] - setText(findTestObject("Страница авторизации/input__password"), findTestData("PlanFact").getValue(9, 1)): Text ')$%5srZ8o688Dm#q' is set on object 'Object Repository/Страница авторизации/input__password'

29-01-2025T04:33:07 - [MESSAGE][PASSED] - Text ')$%5srZ8o688Dm#q' is set on object 'Object Repository/Страница авторизации/input__password'

29-01-2025T04:33:07 - [TEST_STEP][PASSED] - click(findTestObject("Страница авторизации/button_")): Object: 'Object Repository/Страница авторизации/button_' is clicked on

29-01-2025T04:33:09 - [MESSAGE][PASSED] - Object: 'Object Repository/Страница авторизации/button_' is clicked on

29-01-2025T04:33:09 - [TEST_STEP][PASSED] - delay(10): Delayed 10 second(s)

29-01-2025T04:33:19 - [MESSAGE][PASSED] - Delayed 10 second(s)

29-01-2025T04:33:19 - [TEST_STEP][PASSED] - i = <not implemented yet for class: org.codehaus.groovy.ast.expr.EmptyExpression>: null

29-01-2025T04:33:19 - [TEST_STEP][PASSED] - ii = <not implemented yet for class: org.codehaus.groovy.ast.expr.EmptyExpression>: null

29-01-2025T04:33:19 - [TEST_STEP][PASSED] - a = <not implemented yet for class: org.codehaus.groovy.ast.expr.EmptyExpression>: null

29-01-2025T04:33:19 - [TEST_STEP][PASSED] - a1 = <not implemented yet for class: org.codehaus.groovy.ast.expr.EmptyExpression>: null

29-01-2025T04:33:19 - [TEST_STEP][PASSED] - a2 = <not implemented yet for class: org.codehaus.groovy.ast.expr.EmptyExpression>: null

29-01-2025T04:33:19 - [TEST_STEP][PASSED] - click(findTestObject("Факторный анализ/Фильтр Период")): Object: 'Object Repository/Факторный анализ/Фильтр Период' is clicked on

29-01-2025T04:33:19 - [MESSAGE][PASSED] - Object: 'Object Repository/Факторный анализ/Фильтр Период' is clicked on

29-01-2025T04:33:19 - [TEST_STEP][PASSED] - click(findTestObject("Факторный анализ/Снять выделение в фильтре Дата")): Object: 'Object Repository/Факторный анализ/Снять выделение в фильтре Дата' is clicked on

29-01-2025T04:33:20 - [MESSAGE][PASSED] - Object: 'Object Repository/Факторный анализ/Снять выделение в фильтре Дата' is clicked on

29-01-2025T04:33:20 - [TEST_STEP][PASSED] - click(findTestObject("Факторный анализ/Применить в фильтре Дата")): Object: 'Object Repository/Факторный анализ/Применить в фильтре Дата' is clicked on

29-01-2025T04:33:20 - [MESSAGE][PASSED] - Object: 'Object Repository/Факторный анализ/Применить в фильтре Дата' is clicked on

29-01-2025T04:33:20 - [TEST_STEP][PASSED] - delay(10): Delayed 10 second(s)

29-01-2025T04:33:30 - [MESSAGE][PASSED] - Delayed 10 second(s)

29-01-2025T04:33:30 - [TEST_STEP][PASSED] - click(findTestObject("Факторный анализ/Фильтр Период")): Object: 'Object Repository/Факторный анализ/Фильтр Период' is clicked on

29-01-2025T04:33:30 - [MESSAGE][PASSED] - Object: 'Object Repository/Факторный анализ/Фильтр Период' is clicked on

29-01-2025T04:33:30 - [TEST_STEP][PASSED] - click(findTestObject("Факторный анализ/Снять выделение в фильтре Дата")): Object: 'Object Repository/Факторный анализ/Снять выделение в фильтре Дата' is clicked on

29-01-2025T04:33:31 - [MESSAGE][PASSED] - Object: 'Object Repository/Факторный анализ/Снять выделение в фильтре Дата' is clicked on

29-01-2025T04:33:31 - [TEST_STEP][PASSED] - scrollToElement(findTestObject("Факторный анализ/2024 список"), 30): Scroll to object 'Object Repository/Факторный анализ/2024 список' successfully

29-01-2025T04:33:31 - [MESSAGE][PASSED] - Scroll to object 'Object Repository/Факторный анализ/2024 список' successfully

29-01-2025T04:33:31 - [TEST_STEP][PASSED] - click(findTestObject("Факторный анализ/2024 год")): Object: 'Object Repository/Факторный анализ/2024 год' is clicked on

29-01-2025T04:33:32 - [MESSAGE][PASSED] - Object: 'Object Repository/Факторный анализ/2024 год' is clicked on

29-01-2025T04:33:32 - [TEST_STEP][PASSED] - scrollToElement(findTestObject("Факторный анализ/Заголовок дашборда"), 30): Scroll to object 'Object Repository/Факторный анализ/Заголовок дашборда' successfully

29-01-2025T04:33:32 - [MESSAGE][PASSED] - Scroll to object 'Object Repository/Факторный анализ/Заголовок дашборда' successfully

29-01-2025T04:33:32 - [TEST_STEP][PASSED] - click(findTestObject("Факторный анализ/Применить в фильтре Дата")): Object: 'Object Repository/Факторный анализ/Применить в фильтре Дата' is clicked on

29-01-2025T04:33:33 - [MESSAGE][PASSED] - Object: 'Object Repository/Факторный анализ/Применить в фильтре Дата' is clicked on

29-01-2025T04:33:33 - [TEST_STEP][PASSED] - if (run == 1): null

29-01-2025T04:33:33 - [TEST_STEP][PASSED] - a = getText(findTestObject("Факторный анализ/Отклонения выручки по факторам Блок руководителя")): Text of object 'Object Repository/Факторный анализ/Отклонения выручки по факторам Блок руководителя' is: '-1 340 497-1 340 497
7 4587 458
Отклонение (объём услуг)
Отклонение (средний тариф)
ПАО Россети'

29-01-2025T04:33:35 - [MESSAGE][PASSED] - Text of object 'Object Repository/Факторный анализ/Отклонения выручки по факторам Блок руководителя' is: '-1 340 497-1 340 497
7 4587 458
Отклонение (объём услуг)
Отклонение (средний тариф)
ПАО Россети'

29-01-2025T04:33:35 - [TEST_STEP][PASSED] - a = a.replaceAll("[\r?
|
]", "/"): null

29-01-2025T04:33:35 - [TEST_STEP][PASSED] - i = a.indexOf("Отклонение"): null

29-01-2025T04:33:35 - [TEST_STEP][PASSED] - if (i > -1): null

29-01-2025T04:33:35 - [TEST_STEP][PASSED] - i = i: null

29-01-2025T04:33:35 - [TEST_STEP][PASSED] - a = substring(0, i).trim(): null

29-01-2025T04:33:35 - [TEST_STEP][PASSED] - println("a: " + a): null

29-01-2025T04:33:35 - [TEST_STEP][PASSED] - i = a.indexOf("/"): null

29-01-2025T04:33:35 - [TEST_STEP][PASSED] - if (i > -1): null

29-01-2025T04:33:35 - [TEST_STEP][PASSED] - a1 = a.substring(0, i): null

29-01-2025T04:33:35 - [TEST_STEP][PASSED] - println("a1: " + a1): null

29-01-2025T04:33:35 - [TEST_STEP][PASSED] - a2 = a.substring(a1.length() + 1, a.length()): null

29-01-2025T04:33:35 - [TEST_STEP][PASSED] - println("a2: " + a2): null

29-01-2025T04:33:35 - [TEST_STEP][PASSED] - i = a1.length() / 2: null

29-01-2025T04:33:35 - [TEST_STEP][PASSED] - if (i > -1): null

29-01-2025T04:33:35 - [TEST_STEP][PASSED] - a1 = replaceAll("\s+", "").trim(): null

29-01-2025T04:33:35 - [TEST_STEP][PASSED] - println("a1: " + a1): null

29-01-2025T04:33:35 - [TEST_STEP][PASSED] - i = a2.length() / 2: null

29-01-2025T04:33:35 - [TEST_STEP][PASSED] - if (i > -1): null

29-01-2025T04:33:35 - [TEST_STEP][PASSED] - a2 = replaceAll("\s+", "").trim(): null

29-01-2025T04:33:35 - [TEST_STEP][PASSED] - println("a2: " + a2): null

29-01-2025T04:33:35 - [TEST_STEP][PASSED] - tableA = getText(findTestObject("Факторный анализ/AllTable1")).replaceAll("[\r?
|
]", "/"): Text of object 'Object Repository/Факторный анализ/AllTable1' is: 'ДЗО
Филиал
Отклонение (объём услуг)
Отклонение (средний тариф)
АО «Тываэнерго» АО "Тываэнерго" 627 - 194
АО «Чеченэнерго» АО «Чеченэнерго» -4 478 50
Россети Волга Мордовэнерго -3 928 -95
Оренбургэнерго -15 059 - 145
Пензаэнерго -9 381 -69
Самарские РС -18 189 -1 248
Саратовские РС -18 440 - 650
Ульяновские РС -6 811 - 237
Чувашэнерго -5 881 150
Россети Кубань Кубаньэнерго -70 335 839
Россети Ленэнерго (ГК) Ленинградская область -40 836 1 495
г. Санкт-Петербург -57 428 - 155
Россети Московский регион Московская область 5 420 -1 178
г. Москва 4 764 -62
Россети Северный Кавказ (ГК) Дагестанская энергосбытовая компания - 111 69
Дагэнерго -9 116 629
Ингушэнерго -1 969 149
Каббалкэнерго -3 630 87
Карачаево-Черкесскэнерго -2 353 38
Севкавказэнерго -4 195 199
Ставропольэнерго -11 425 - 191
Россети Северо-Запад Архангельский филиал 21 - 125
Вологодский филиал 265 21
Карельский филиал -77 185
Мурманский филиал 118 44
Новгородский филиал 249 -41
Псковский филиал 138 -24
филиал в Республике Коми - 137 59
Россети Сибирь (ГК) Алтайэнерго 343 359
Бурятэнерго -89 347
ГАЭС 190 -27
Красноярскэнерго 1 482 - 869
Кузбассэнерго-РЭС - 524 1 053
Омскэнерго 238 -63
Хакасэнерго 491 - 481
Читаэнерго -78 253
Россети Томск Томская распределительная компания -9 298 - 164
Россети Тюмень Россети Тюмень -91 179 - 750
Россети Урал (ГК) Пермэнерго 706 - 273
Свердловэнерго 936 284
Челябэнерго 1 031 - 771
Россети ФСК ЕЭС Итого по ФСК ЕЭС -18 155 -4 990
Россети Центр Белгородэнерго 354 160
Брянскэнерго -6 478 5
Воронежэнерго -17 552 124
Костромаэнерго 145 -18
Курскэнерго -2 577 156
Липецкэнерго 851 - 427
Орелэнерго -5 201 -80
Смоленскэнерго -9 501 46
Тамбовэнерго -7 512 -18
Тверьэнерго 390 210
Ярэнерго -6 228 120
Россети Центр и Приволжье (ГК) Владимирэнерго 572 68
Ивэнерго 264 53
Калугаэнерго 789 -62
Кировэнерго 531 36
Мариэнерго 192 30
Нижновэнерго 961 394
Рязаньэнерго 214 74
Тулэнерго 916 - 295
Удмуртэнерго 395 30
Россети Юг (ГК) АО «ВМЭС» -4 761 66
Астраханьэнерго -7 085 54
Волгоградэнерго -12 210 - 502
Калмэнерго -2 065 0
Ростовэнерго -24 896 70
Россети Янтарь Россети Янтарь 425 -35'

29-01-2025T04:33:35 - [MESSAGE][PASSED] - Text of object 'Object Repository/Факторный анализ/AllTable1' is: 'ДЗО
Филиал
Отклонение (объём услуг)
Отклонение (средний тариф)
АО «Тываэнерго» АО "Тываэнерго" 627 - 194
АО «Чеченэнерго» АО «Чеченэнерго» -4 478 50
Россети Волга Мордовэнерго -3 928 -95
Оренбургэнерго -15 059 - 145
Пензаэнерго -9 381 -69
Самарские РС -18 189 -1 248
Саратовские РС -18 440 - 650
Ульяновские РС -6 811 - 237
Чувашэнерго -5 881 150
Россети Кубань Кубаньэнерго -70 335 839
Россети Ленэнерго (ГК) Ленинградская область -40 836 1 495
г. Санкт-Петербург -57 428 - 155
Россети Московский регион Московская область 5 420 -1 178
г. Москва 4 764 -62
Россети Северный Кавказ (ГК) Дагестанская энергосбытовая компания - 111 69
Дагэнерго -9 116 629
Ингушэнерго -1 969 149
Каббалкэнерго -3 630 87
Карачаево-Черкесскэнерго -2 353 38
Севкавказэнерго -4 195 199
Ставропольэнерго -11 425 - 191
Россети Северо-Запад Архангельский филиал 21 - 125
Вологодский филиал 265 21
Карельский филиал -77 185
Мурманский филиал 118 44
Новгородский филиал 249 -41
Псковский филиал 138 -24
филиал в Республике Коми - 137 59
Россети Сибирь (ГК) Алтайэнерго 343 359
Бурятэнерго -89 347
ГАЭС 190 -27
Красноярскэнерго 1 482 - 869
Кузбассэнерго-РЭС - 524 1 053
Омскэнерго 238 -63
Хакасэнерго 491 - 481
Читаэнерго -78 253
Россети Томск Томская распределительная компания -9 298 - 164
Россети Тюмень Россети Тюмень -91 179 - 750
Россети Урал (ГК) Пермэнерго 706 - 273
Свердловэнерго 936 284
Челябэнерго 1 031 - 771
Россети ФСК ЕЭС Итого по ФСК ЕЭС -18 155 -4 990
Россети Центр Белгородэнерго 354 160
Брянскэнерго -6 478 5
Воронежэнерго -17 552 124
Костромаэнерго 145 -18
Курскэнерго -2 577 156
Липецкэнерго 851 - 427
Орелэнерго -5 201 -80
Смоленскэнерго -9 501 46
Тамбовэнерго -7 512 -18
Тверьэнерго 390 210
Ярэнерго -6 228 120
Россети Центр и Приволжье (ГК) Владимирэнерго 572 68
Ивэнерго 264 53
Калугаэнерго 789 -62
Кировэнерго 531 36
Мариэнерго 192 30
Нижновэнерго 961 394
Рязаньэнерго 214 74
Тулэнерго 916 - 295
Удмуртэнерго 395 30
Россети Юг (ГК) АО «ВМЭС» -4 761 66
Астраханьэнерго -7 085 54
Волгоградэнерго -12 210 - 502
Калмэнерго -2 065 0
Ростовэнерго -24 896 70
Россети Янтарь Россети Янтарь 425 -35'

29-01-2025T04:33:35 - [TEST_STEP][PASSED] - println("tableA: " + tableA): null

29-01-2025T04:33:35 - [TEST_STEP][PASSED] - for ([i = 1, i < 5, (i++)]): null

29-01-2025T04:33:35 - [TEST_STEP][PASSED] - ii = tableA.indexOf("/") + 1: null

29-01-2025T04:33:35 - [TEST_STEP][PASSED] - tableA = tableA.substring(ii, tableA.length()): null

29-01-2025T04:33:35 - [TEST_STEP][PASSED] - ii = tableA.indexOf("/") + 1: null

29-01-2025T04:33:35 - [TEST_STEP][PASSED] - tableA = tableA.substring(ii, tableA.length()): null

29-01-2025T04:33:35 - [TEST_STEP][PASSED] - ii = tableA.indexOf("/") + 1: null

29-01-2025T04:33:35 - [TEST_STEP][PASSED] - tableA = tableA.substring(ii, tableA.length()): null

29-01-2025T04:33:35 - [TEST_STEP][PASSED] - ii = tableA.indexOf("/") + 1: null

29-01-2025T04:33:35 - [TEST_STEP][PASSED] - tableA = tableA.substring(ii, tableA.length()): null

29-01-2025T04:33:35 - [TEST_STEP][PASSED] - println("tableA: " + tableA): null

29-01-2025T04:33:35 - [TEST_STEP][PASSED] - TyA = Script1719551244403.GetData(x = tableA): null

29-01-2025T04:33:35 - [TEST_STEP][PASSED] - i2 = <not implemented yet for class: org.codehaus.groovy.ast.expr.EmptyExpression>: null

29-01-2025T04:33:35 - [TEST_STEP][PASSED] - i2 = x.indexOf("/") + 1: null

29-01-2025T04:33:35 - [TEST_STEP][PASSED] - x = replaceAll("\p{P}", "").trim(): null

29-01-2025T04:33:35 - [TEST_STEP][PASSED] - return x: null

29-01-2025T04:33:35 - [TEST_STEP][PASSED] - println("TyA: " + TyA): null

29-01-2025T04:33:35 - [TEST_STEP][PASSED] - tableA = Script1719551244403.NewDZO(x = tableA): null

29-01-2025T04:33:35 - [TEST_STEP][PASSED] - i3 = <not implemented yet for class: org.codehaus.groovy.ast.expr.EmptyExpression>: null

29-01-2025T04:33:35 - [TEST_STEP][PASSED] - i3 = x.indexOf("/") + 1: null

29-01-2025T04:33:35 - [TEST_STEP][PASSED] - x = x.substring(i3, x.length()): null

29-01-2025T04:33:35 - [TEST_STEP][PASSED] - return x: null

29-01-2025T04:33:35 - [TEST_STEP][PASSED] - ChA = Script1719551244403.GetData(x = tableA): null

29-01-2025T04:33:35 - [TEST_STEP][PASSED] - i2 = <not implemented yet for class: org.codehaus.groovy.ast.expr.EmptyExpression>: null

29-01-2025T04:33:35 - [TEST_STEP][PASSED] - i2 = x.indexOf("/") + 1: null

29-01-2025T04:33:35 - [TEST_STEP][PASSED] - x = replaceAll("\p{P}", "").trim(): null

29-01-2025T04:33:35 - [TEST_STEP][PASSED] - return x: null

29-01-2025T04:33:35 - [TEST_STEP][PASSED] - println("ChA: " + ChA): null

29-01-2025T04:33:35 - [TEST_STEP][PASSED] - tableA = Script1719551244403.NewDZO(x = tableA): null

29-01-2025T04:33:35 - [TEST_STEP][PASSED] - i3 = <not implemented yet for class: org.codehaus.groovy.ast.expr.EmptyExpression>: null

29-01-2025T04:33:35 - [TEST_STEP][PASSED] - i3 = x.indexOf("/") + 1: null

29-01-2025T04:33:35 - [TEST_STEP][PASSED] - x = x.substring(i3, x.length()): null

29-01-2025T04:33:35 - [TEST_STEP][PASSED] - return x: null

29-01-2025T04:33:35 - [TEST_STEP][PASSED] - i = tableA.indexOf("Кубань"): null

29-01-2025T04:33:35 - [TEST_STEP][PASSED] - VA = replaceAll("\p{P}", "").trim(): null

29-01-2025T04:33:35 - [TEST_STEP][PASSED] - println("VA: " + VA): null

29-01-2025T04:33:35 - [TEST_STEP][PASSED] - for ([i = 1, i < 8, (i++)]): null

29-01-2025T04:33:35 - [TEST_STEP][PASSED] - tableA = Script1719551244403.NewDZO(x = tableA): null

29-01-2025T04:33:35 - [TEST_STEP][PASSED] - i3 = <not implemented yet for class: org.codehaus.groovy.ast.expr.EmptyExpression>: null

29-01-2025T04:33:35 - [TEST_STEP][PASSED] - i3 = x.indexOf("/") + 1: null

29-01-2025T04:33:35 - [TEST_STEP][PASSED] - x = x.substring(i3, x.length()): null

29-01-2025T04:33:35 - [TEST_STEP][PASSED] - return x: null

29-01-2025T04:33:35 - [TEST_STEP][PASSED] - tableA = Script1719551244403.NewDZO(x = tableA): null

29-01-2025T04:33:35 - [TEST_STEP][PASSED] - i3 = <not implemented yet for class: org.codehaus.groovy.ast.expr.EmptyExpression>: null

29-01-2025T04:33:35 - [TEST_STEP][PASSED] - i3 = x.indexOf("/") + 1: null

29-01-2025T04:33:35 - [TEST_STEP][PASSED] - x = x.substring(i3, x.length()): null

29-01-2025T04:33:35 - [TEST_STEP][PASSED] - return x: null

29-01-2025T04:33:35 - [TEST_STEP][PASSED] - tableA = Script1719551244403.NewDZO(x = tableA): null

29-01-2025T04:33:35 - [TEST_STEP][PASSED] - i3 = <not implemented yet for class: org.codehaus.groovy.ast.expr.EmptyExpression>: null

29-01-2025T04:33:35 - [TEST_STEP][PASSED] - i3 = x.indexOf("/") + 1: null

29-01-2025T04:33:35 - [TEST_STEP][PASSED] - x = x.substring(i3, x.length()): null

29-01-2025T04:33:35 - [TEST_STEP][PASSED] - return x: null

29-01-2025T04:33:35 - [TEST_STEP][PASSED] - tableA = Script1719551244403.NewDZO(x = tableA): null

29-01-2025T04:33:35 - [TEST_STEP][PASSED] - i3 = <not implemented yet for class: org.codehaus.groovy.ast.expr.EmptyExpression>: null

29-01-2025T04:33:35 - [TEST_STEP][PASSED] - i3 = x.indexOf("/") + 1: null

29-01-2025T04:33:35 - [TEST_STEP][PASSED] - x = x.substring(i3, x.length()): null

29-01-2025T04:33:35 - [TEST_STEP][PASSED] - return x: null

29-01-2025T04:33:35 - [TEST_STEP][PASSED] - tableA = Script1719551244403.NewDZO(x = tableA): null

29-01-2025T04:33:35 - [TEST_STEP][PASSED] - i3 = <not implemented yet for class: org.codehaus.groovy.ast.expr.EmptyExpression>: null

29-01-2025T04:33:35 - [TEST_STEP][PASSED] - i3 = x.indexOf("/") + 1: null

29-01-2025T04:33:35 - [TEST_STEP][PASSED] - x = x.substring(i3, x.length()): null

29-01-2025T04:33:35 - [TEST_STEP][PASSED] - return x: null

29-01-2025T04:33:35 - [TEST_STEP][PASSED] - tableA = Script1719551244403.NewDZO(x = tableA): null

29-01-2025T04:33:35 - [TEST_STEP][PASSED] - i3 = <not implemented yet for class: org.codehaus.groovy.ast.expr.EmptyExpression>: null

29-01-2025T04:33:35 - [TEST_STEP][PASSED] - i3 = x.indexOf("/") + 1: null

29-01-2025T04:33:35 - [TEST_STEP][PASSED] - x = x.substring(i3, x.length()): null

29-01-2025T04:33:35 - [TEST_STEP][PASSED] - return x: null

29-01-2025T04:33:35 - [TEST_STEP][PASSED] - tableA = Script1719551244403.NewDZO(x = tableA): null

29-01-2025T04:33:35 - [TEST_STEP][PASSED] - i3 = <not implemented yet for class: org.codehaus.groovy.ast.expr.EmptyExpression>: null

29-01-2025T04:33:35 - [TEST_STEP][PASSED] - i3 = x.indexOf("/") + 1: null

29-01-2025T04:33:35 - [TEST_STEP][PASSED] - x = x.substring(i3, x.length()): null

29-01-2025T04:33:35 - [TEST_STEP][PASSED] - return x: null

29-01-2025T04:33:35 - [TEST_STEP][PASSED] - i = tableA.indexOf("Ленэнерго"): null

29-01-2025T04:33:35 - [TEST_STEP][PASSED] - KuA = Script1719551244403.GetData(x = tableA): null

29-01-2025T04:33:35 - [TEST_STEP][PASSED] - i2 = <not implemented yet for class: org.codehaus.groovy.ast.expr.EmptyExpression>: null

29-01-2025T04:33:35 - [TEST_STEP][PASSED] - i2 = x.indexOf("/") + 1: null

29-01-2025T04:33:35 - [TEST_STEP][PASSED] - x = replaceAll("\p{P}", "").trim(): null

29-01-2025T04:33:35 - [TEST_STEP][PASSED] - return x: null

29-01-2025T04:33:35 - [TEST_STEP][PASSED] - println("KuA: " + KuA): null

29-01-2025T04:33:35 - [TEST_STEP][PASSED] - tableA = Script1719551244403.NewDZO(x = tableA): null

29-01-2025T04:33:35 - [TEST_STEP][PASSED] - i3 = <not implemented yet for class: org.codehaus.groovy.ast.expr.EmptyExpression>: null

29-01-2025T04:33:35 - [TEST_STEP][PASSED] - i3 = x.indexOf("/") + 1: null

29-01-2025T04:33:35 - [TEST_STEP][PASSED] - x = x.substring(i3, x.length()): null

29-01-2025T04:33:35 - [TEST_STEP][PASSED] - return x: null

29-01-2025T04:33:35 - [TEST_STEP][PASSED] - i = tableA.indexOf("Московский"): null

29-01-2025T04:33:35 - [TEST_STEP][PASSED] - LenA = replaceAll("\p{P}", "").trim(): null

29-01-2025T04:33:35 - [TEST_STEP][PASSED] - println("LenA: " + LenA): null

29-01-2025T04:33:35 - [TEST_STEP][PASSED] - tableA = Script1719551244403.NewDZO(x = tableA): null

29-01-2025T04:33:35 - [TEST_STEP][PASSED] - i3 = <not implemented yet for class: org.codehaus.groovy.ast.expr.EmptyExpression>: null

29-01-2025T04:33:35 - [TEST_STEP][PASSED] - i3 = x.indexOf("/") + 1: null

29-01-2025T04:33:35 - [TEST_STEP][PASSED] - x = x.substring(i3, x.length()): null

29-01-2025T04:33:35 - [TEST_STEP][PASSED] - return x: null

29-01-2025T04:33:35 - [TEST_STEP][PASSED] - tableA = Script1719551244403.NewDZO(x = tableA): null

29-01-2025T04:33:35 - [TEST_STEP][PASSED] - i3 = <not implemented yet for class: org.codehaus.groovy.ast.expr.EmptyExpression>: null

29-01-2025T04:33:35 - [TEST_STEP][PASSED] - i3 = x.indexOf("/") + 1: null

29-01-2025T04:33:35 - [TEST_STEP][PASSED] - x = x.substring(i3, x.length()): null

29-01-2025T04:33:35 - [TEST_STEP][PASSED] - return x: null

29-01-2025T04:33:35 - [TEST_STEP][PASSED] - i = tableA.indexOf("Кавказ"): null

29-01-2025T04:33:35 - [TEST_STEP][PASSED] - MosA = replaceAll("\p{P}", "").trim(): null

29-01-2025T04:33:35 - [TEST_STEP][PASSED] - println("MosA: " + MosA): null

29-01-2025T04:33:35 - [TEST_STEP][PASSED] - for ([i = 1, i < 3, (i++)]): null

29-01-2025T04:33:35 - [TEST_STEP][PASSED] - tableA = Script1719551244403.NewDZO(x = tableA): null

29-01-2025T04:33:35 - [TEST_STEP][PASSED] - i3 = <not implemented yet for class: org.codehaus.groovy.ast.expr.EmptyExpression>: null

29-01-2025T04:33:35 - [TEST_STEP][PASSED] - i3 = x.indexOf("/") + 1: null

29-01-2025T04:33:35 - [TEST_STEP][PASSED] - x = x.substring(i3, x.length()): null

29-01-2025T04:33:35 - [TEST_STEP][PASSED] - return x: null

29-01-2025T04:33:35 - [TEST_STEP][PASSED] - tableA = Script1719551244403.NewDZO(x = tableA): null

29-01-2025T04:33:35 - [TEST_STEP][PASSED] - i3 = <not implemented yet for class: org.codehaus.groovy.ast.expr.EmptyExpression>: null

29-01-2025T04:33:35 - [TEST_STEP][PASSED] - i3 = x.indexOf("/") + 1: null

29-01-2025T04:33:35 - [TEST_STEP][PASSED] - x = x.substring(i3, x.length()): null

29-01-2025T04:33:35 - [TEST_STEP][PASSED] - return x: null

29-01-2025T04:33:35 - [TEST_STEP][PASSED] - i = tableA.indexOf("Запад"): null

29-01-2025T04:33:35 - [TEST_STEP][PASSED] - SKA = replaceAll("\p{P}", "").trim(): null

29-01-2025T04:33:35 - [TEST_STEP][PASSED] - println("SKA: " + SKA): null

29-01-2025T04:33:35 - [TEST_STEP][PASSED] - for ([i = 1, i < 7, (i++)]): null

29-01-2025T04:33:35 - [TEST_STEP][PASSED] - tableA = Script1719551244403.NewDZO(x = tableA): null

29-01-2025T04:33:35 - [TEST_STEP][PASSED] - i3 = <not implemented yet for class: org.codehaus.groovy.ast.expr.EmptyExpression>: null

29-01-2025T04:33:35 - [TEST_STEP][PASSED] - i3 = x.indexOf("/") + 1: null

29-01-2025T04:33:35 - [TEST_STEP][PASSED] - x = x.substring(i3, x.length()): null

29-01-2025T04:33:35 - [TEST_STEP][PASSED] - return x: null

29-01-2025T04:33:35 - [TEST_STEP][PASSED] - tableA = Script1719551244403.NewDZO(x = tableA): null

29-01-2025T04:33:35 - [TEST_STEP][PASSED] - i3 = <not implemented yet for class: org.codehaus.groovy.ast.expr.EmptyExpression>: null

29-01-2025T04:33:35 - [TEST_STEP][PASSED] - i3 = x.indexOf("/") + 1: null

29-01-2025T04:33:35 - [TEST_STEP][PASSED] - x = x.substring(i3, x.length()): null

29-01-2025T04:33:35 - [TEST_STEP][PASSED] - return x: null

29-01-2025T04:33:35 - [TEST_STEP][PASSED] - tableA = Script1719551244403.NewDZO(x = tableA): null

29-01-2025T04:33:35 - [TEST_STEP][PASSED] - i3 = <not implemented yet for class: org.codehaus.groovy.ast.expr.EmptyExpression>: null

29-01-2025T04:33:35 - [TEST_STEP][PASSED] - i3 = x.indexOf("/") + 1: null

29-01-2025T04:33:35 - [TEST_STEP][PASSED] - x = x.substring(i3, x.length()): null

29-01-2025T04:33:35 - [TEST_STEP][PASSED] - return x: null

29-01-2025T04:33:35 - [TEST_STEP][PASSED] - tableA = Script1719551244403.NewDZO(x = tableA): null

29-01-2025T04:33:35 - [TEST_STEP][PASSED] - i3 = <not implemented yet for class: org.codehaus.groovy.ast.expr.EmptyExpression>: null

29-01-2025T04:33:35 - [TEST_STEP][PASSED] - i3 = x.indexOf("/") + 1: null

29-01-2025T04:33:35 - [TEST_STEP][PASSED] - x = x.substring(i3, x.length()): null

29-01-2025T04:33:35 - [TEST_STEP][PASSED] - return x: null

29-01-2025T04:33:35 - [TEST_STEP][PASSED] - tableA = Script1719551244403.NewDZO(x = tableA): null

29-01-2025T04:33:35 - [TEST_STEP][PASSED] - i3 = <not implemented yet for class: org.codehaus.groovy.ast.expr.EmptyExpression>: null

29-01-2025T04:33:35 - [TEST_STEP][PASSED] - i3 = x.indexOf("/") + 1: null

29-01-2025T04:33:35 - [TEST_STEP][PASSED] - x = x.substring(i3, x.length()): null

29-01-2025T04:33:35 - [TEST_STEP][PASSED] - return x: null

29-01-2025T04:33:35 - [TEST_STEP][PASSED] - tableA = Script1719551244403.NewDZO(x = tableA): null

29-01-2025T04:33:35 - [TEST_STEP][PASSED] - i3 = <not implemented yet for class: org.codehaus.groovy.ast.expr.EmptyExpression>: null

29-01-2025T04:33:35 - [TEST_STEP][PASSED] - i3 = x.indexOf("/") + 1: null

29-01-2025T04:33:35 - [TEST_STEP][PASSED] - x = x.substring(i3, x.length()): null

29-01-2025T04:33:35 - [TEST_STEP][PASSED] - return x: null

29-01-2025T04:33:35 - [TEST_STEP][PASSED] - i = tableA.indexOf("Сибирь"): null

29-01-2025T04:33:35 - [TEST_STEP][PASSED] - SZA = replaceAll("\p{P}", "").trim(): null

29-01-2025T04:33:35 - [TEST_STEP][PASSED] - println("SZA: " + SZA): null

29-01-2025T04:33:35 - [TEST_STEP][PASSED] - for ([i = 1, i < 8, (i++)]): null

29-01-2025T04:33:35 - [TEST_STEP][PASSED] - tableA = Script1719551244403.NewDZO(x = tableA): null

29-01-2025T04:33:35 - [TEST_STEP][PASSED] - i3 = <not implemented yet for class: org.codehaus.groovy.ast.expr.EmptyExpression>: null

29-01-2025T04:33:35 - [TEST_STEP][PASSED] - i3 = x.indexOf("/") + 1: null

29-01-2025T04:33:35 - [TEST_STEP][PASSED] - x = x.substring(i3, x.length()): null

29-01-2025T04:33:35 - [TEST_STEP][PASSED] - return x: null

29-01-2025T04:33:35 - [TEST_STEP][PASSED] - tableA = Script1719551244403.NewDZO(x = tableA): null

29-01-2025T04:33:35 - [TEST_STEP][PASSED] - i3 = <not implemented yet for class: org.codehaus.groovy.ast.expr.EmptyExpression>: null

29-01-2025T04:33:35 - [TEST_STEP][PASSED] - i3 = x.indexOf("/") + 1: null

29-01-2025T04:33:35 - [TEST_STEP][PASSED] - x = x.substring(i3, x.length()): null

29-01-2025T04:33:35 - [TEST_STEP][PASSED] - return x: null

29-01-2025T04:33:35 - [TEST_STEP][PASSED] - tableA = Script1719551244403.NewDZO(x = tableA): null

29-01-2025T04:33:35 - [TEST_STEP][PASSED] - i3 = <not implemented yet for class: org.codehaus.groovy.ast.expr.EmptyExpression>: null

29-01-2025T04:33:35 - [TEST_STEP][PASSED] - i3 = x.indexOf("/") + 1: null

29-01-2025T04:33:35 - [TEST_STEP][PASSED] - x = x.substring(i3, x.length()): null

29-01-2025T04:33:35 - [TEST_STEP][PASSED] - return x: null

29-01-2025T04:33:35 - [TEST_STEP][PASSED] - tableA = Script1719551244403.NewDZO(x = tableA): null

29-01-2025T04:33:35 - [TEST_STEP][PASSED] - i3 = <not implemented yet for class: org.codehaus.groovy.ast.expr.EmptyExpression>: null

29-01-2025T04:33:35 - [TEST_STEP][PASSED] - i3 = x.indexOf("/") + 1: null

29-01-2025T04:33:35 - [TEST_STEP][PASSED] - x = x.substring(i3, x.length()): null

29-01-2025T04:33:35 - [TEST_STEP][PASSED] - return x: null

29-01-2025T04:33:35 - [TEST_STEP][PASSED] - tableA = Script1719551244403.NewDZO(x = tableA): null

29-01-2025T04:33:35 - [TEST_STEP][PASSED] - i3 = <not implemented yet for class: org.codehaus.groovy.ast.expr.EmptyExpression>: null

29-01-2025T04:33:35 - [TEST_STEP][PASSED] - i3 = x.indexOf("/") + 1: null

29-01-2025T04:33:35 - [TEST_STEP][PASSED] - x = x.substring(i3, x.length()): null

29-01-2025T04:33:35 - [TEST_STEP][PASSED] - return x: null

29-01-2025T04:33:35 - [TEST_STEP][PASSED] - tableA = Script1719551244403.NewDZO(x = tableA): null

29-01-2025T04:33:35 - [TEST_STEP][PASSED] - i3 = <not implemented yet for class: org.codehaus.groovy.ast.expr.EmptyExpression>: null

29-01-2025T04:33:35 - [TEST_STEP][PASSED] - i3 = x.indexOf("/") + 1: null

29-01-2025T04:33:35 - [TEST_STEP][PASSED] - x = x.substring(i3, x.length()): null

29-01-2025T04:33:35 - [TEST_STEP][PASSED] - return x: null

29-01-2025T04:33:35 - [TEST_STEP][PASSED] - tableA = Script1719551244403.NewDZO(x = tableA): null

29-01-2025T04:33:35 - [TEST_STEP][PASSED] - i3 = <not implemented yet for class: org.codehaus.groovy.ast.expr.EmptyExpression>: null

29-01-2025T04:33:35 - [TEST_STEP][PASSED] - i3 = x.indexOf("/") + 1: null

29-01-2025T04:33:35 - [TEST_STEP][PASSED] - x = x.substring(i3, x.length()): null

29-01-2025T04:33:35 - [TEST_STEP][PASSED] - return x: null

29-01-2025T04:33:35 - [TEST_STEP][PASSED] - i = tableA.indexOf("Томск"): null

29-01-2025T04:33:35 - [TEST_STEP][PASSED] - SiA = replaceAll("\p{P}", "").trim(): null

29-01-2025T04:33:35 - [TEST_STEP][PASSED] - println("SiA: " + SiA): null

29-01-2025T04:33:35 - [TEST_STEP][PASSED] - for ([i = 1, i < 9, (i++)]): null

29-01-2025T04:33:35 - [TEST_STEP][PASSED] - tableA = Script1719551244403.NewDZO(x = tableA): null

29-01-2025T04:33:35 - [TEST_STEP][PASSED] - i3 = <not implemented yet for class: org.codehaus.groovy.ast.expr.EmptyExpression>: null

29-01-2025T04:33:35 - [TEST_STEP][PASSED] - i3 = x.indexOf("/") + 1: null

29-01-2025T04:33:35 - [TEST_STEP][PASSED] - x = x.substring(i3, x.length()): null

29-01-2025T04:33:35 - [TEST_STEP][PASSED] - return x: null

29-01-2025T04:33:35 - [TEST_STEP][PASSED] - tableA = Script1719551244403.NewDZO(x = tableA): null

29-01-2025T04:33:35 - [TEST_STEP][PASSED] - i3 = <not implemented yet for class: org.codehaus.groovy.ast.expr.EmptyExpression>: null

29-01-2025T04:33:35 - [TEST_STEP][PASSED] - i3 = x.indexOf("/") + 1: null

29-01-2025T04:33:35 - [TEST_STEP][PASSED] - x = x.substring(i3, x.length()): null

29-01-2025T04:33:35 - [TEST_STEP][PASSED] - return x: null

29-01-2025T04:33:35 - [TEST_STEP][PASSED] - tableA = Script1719551244403.NewDZO(x = tableA): null

29-01-2025T04:33:35 - [TEST_STEP][PASSED] - i3 = <not implemented yet for class: org.codehaus.groovy.ast.expr.EmptyExpression>: null

29-01-2025T04:33:35 - [TEST_STEP][PASSED] - i3 = x.indexOf("/") + 1: null

29-01-2025T04:33:35 - [TEST_STEP][PASSED] - x = x.substring(i3, x.length()): null

29-01-2025T04:33:35 - [TEST_STEP][PASSED] - return x: null

29-01-2025T04:33:35 - [TEST_STEP][PASSED] - tableA = Script1719551244403.NewDZO(x = tableA): null

29-01-2025T04:33:35 - [TEST_STEP][PASSED] - i3 = <not implemented yet for class: org.codehaus.groovy.ast.expr.EmptyExpression>: null

29-01-2025T04:33:35 - [TEST_STEP][PASSED] - i3 = x.indexOf("/") + 1: null

29-01-2025T04:33:35 - [TEST_STEP][PASSED] - x = x.substring(i3, x.length()): null

29-01-2025T04:33:35 - [TEST_STEP][PASSED] - return x: null

29-01-2025T04:33:35 - [TEST_STEP][PASSED] - tableA = Script1719551244403.NewDZO(x = tableA): null

29-01-2025T04:33:35 - [TEST_STEP][PASSED] - i3 = <not implemented yet for class: org.codehaus.groovy.ast.expr.EmptyExpression>: null

29-01-2025T04:33:35 - [TEST_STEP][PASSED] - i3 = x.indexOf("/") + 1: null

29-01-2025T04:33:35 - [TEST_STEP][PASSED] - x = x.substring(i3, x.length()): null

29-01-2025T04:33:35 - [TEST_STEP][PASSED] - return x: null

29-01-2025T04:33:35 - [TEST_STEP][PASSED] - tableA = Script1719551244403.NewDZO(x = tableA): null

29-01-2025T04:33:35 - [TEST_STEP][PASSED] - i3 = <not implemented yet for class: org.codehaus.groovy.ast.expr.EmptyExpression>: null

29-01-2025T04:33:35 - [TEST_STEP][PASSED] - i3 = x.indexOf("/") + 1: null

29-01-2025T04:33:35 - [TEST_STEP][PASSED] - x = x.substring(i3, x.length()): null

29-01-2025T04:33:35 - [TEST_STEP][PASSED] - return x: null

29-01-2025T04:33:35 - [TEST_STEP][PASSED] - tableA = Script1719551244403.NewDZO(x = tableA): null

29-01-2025T04:33:35 - [TEST_STEP][PASSED] - i3 = <not implemented yet for class: org.codehaus.groovy.ast.expr.EmptyExpression>: null

29-01-2025T04:33:35 - [TEST_STEP][PASSED] - i3 = x.indexOf("/") + 1: null

29-01-2025T04:33:35 - [TEST_STEP][PASSED] - x = x.substring(i3, x.length()): null

29-01-2025T04:33:35 - [TEST_STEP][PASSED] - return x: null

29-01-2025T04:33:35 - [TEST_STEP][PASSED] - tableA = Script1719551244403.NewDZO(x = tableA): null

29-01-2025T04:33:35 - [TEST_STEP][PASSED] - i3 = <not implemented yet for class: org.codehaus.groovy.ast.expr.EmptyExpression>: null

29-01-2025T04:33:35 - [TEST_STEP][PASSED] - i3 = x.indexOf("/") + 1: null

29-01-2025T04:33:35 - [TEST_STEP][PASSED] - x = x.substring(i3, x.length()): null

29-01-2025T04:33:35 - [TEST_STEP][PASSED] - return x: null

29-01-2025T04:33:35 - [TEST_STEP][PASSED] - i = tableA.indexOf("Тюмень"): null

29-01-2025T04:33:35 - [TEST_STEP][PASSED] - ToA = replaceAll("\p{P}", "").trim(): null

29-01-2025T04:33:35 - [TEST_STEP][PASSED] - println("ToA: " + ToA): null

29-01-2025T04:33:35 - [TEST_STEP][PASSED] - tableA = Script1719551244403.NewDZO(x = tableA): null

29-01-2025T04:33:35 - [TEST_STEP][PASSED] - i3 = <not implemented yet for class: org.codehaus.groovy.ast.expr.EmptyExpression>: null

29-01-2025T04:33:35 - [TEST_STEP][PASSED] - i3 = x.indexOf("/") + 1: null

29-01-2025T04:33:35 - [TEST_STEP][PASSED] - x = x.substring(i3, x.length()): null

29-01-2025T04:33:35 - [TEST_STEP][PASSED] - return x: null

29-01-2025T04:33:35 - [TEST_STEP][PASSED] - TyuA = replaceAll("\p{P}", "").trim(): null

29-01-2025T04:33:35 - [TEST_STEP][PASSED] - println("TyuA: " + TyuA): null

29-01-2025T04:33:35 - [TEST_STEP][PASSED] - tableA = Script1719551244403.NewDZO(x = tableA): null

29-01-2025T04:33:35 - [TEST_STEP][PASSED] - i3 = <not implemented yet for class: org.codehaus.groovy.ast.expr.EmptyExpression>: null

29-01-2025T04:33:35 - [TEST_STEP][PASSED] - i3 = x.indexOf("/") + 1: null

29-01-2025T04:33:35 - [TEST_STEP][PASSED] - x = x.substring(i3, x.length()): null

29-01-2025T04:33:35 - [TEST_STEP][PASSED] - return x: null

29-01-2025T04:33:35 - [TEST_STEP][PASSED] - i = tableA.indexOf("ЕЭС"): null

29-01-2025T04:33:35 - [TEST_STEP][PASSED] - UrA = replaceAll("\p{P}", "").trim(): null

29-01-2025T04:33:35 - [TEST_STEP][PASSED] - println("UrA: " + UrA): null

29-01-2025T04:33:35 - [TEST_STEP][PASSED] - for ([i = 1, i < 4, (i++)]): null

29-01-2025T04:33:35 - [TEST_STEP][PASSED] - tableA = Script1719551244403.NewDZO(x = tableA): null

29-01-2025T04:33:35 - [TEST_STEP][PASSED] - i3 = <not implemented yet for class: org.codehaus.groovy.ast.expr.EmptyExpression>: null

29-01-2025T04:33:35 - [TEST_STEP][PASSED] - i3 = x.indexOf("/") + 1: null

29-01-2025T04:33:35 - [TEST_STEP][PASSED] - x = x.substring(i3, x.length()): null

29-01-2025T04:33:35 - [TEST_STEP][PASSED] - return x: null

29-01-2025T04:33:35 - [TEST_STEP][PASSED] - tableA = Script1719551244403.NewDZO(x = tableA): null

29-01-2025T04:33:35 - [TEST_STEP][PASSED] - i3 = <not implemented yet for class: org.codehaus.groovy.ast.expr.EmptyExpression>: null

29-01-2025T04:33:35 - [TEST_STEP][PASSED] - i3 = x.indexOf("/") + 1: null

29-01-2025T04:33:35 - [TEST_STEP][PASSED] - x = x.substring(i3, x.length()): null

29-01-2025T04:33:35 - [TEST_STEP][PASSED] - return x: null

29-01-2025T04:33:35 - [TEST_STEP][PASSED] - tableA = Script1719551244403.NewDZO(x = tableA): null

29-01-2025T04:33:35 - [TEST_STEP][PASSED] - i3 = <not implemented yet for class: org.codehaus.groovy.ast.expr.EmptyExpression>: null

29-01-2025T04:33:35 - [TEST_STEP][PASSED] - i3 = x.indexOf("/") + 1: null

29-01-2025T04:33:35 - [TEST_STEP][PASSED] - x = x.substring(i3, x.length()): null

29-01-2025T04:33:35 - [TEST_STEP][PASSED] - return x: null

29-01-2025T04:33:35 - [TEST_STEP][PASSED] - i = tableA.indexOf("Центр"): null

29-01-2025T04:33:35 - [TEST_STEP][PASSED] - FSKA = replaceAll("\p{P}", "").trim(): null

29-01-2025T04:33:35 - [TEST_STEP][PASSED] - println("FSKA: " + FSKA): null

29-01-2025T04:33:35 - [TEST_STEP][PASSED] - tableA = Script1719551244403.NewDZO(x = tableA): null

29-01-2025T04:33:35 - [TEST_STEP][PASSED] - i3 = <not implemented yet for class: org.codehaus.groovy.ast.expr.EmptyExpression>: null

29-01-2025T04:33:35 - [TEST_STEP][PASSED] - i3 = x.indexOf("/") + 1: null

29-01-2025T04:33:35 - [TEST_STEP][PASSED] - x = x.substring(i3, x.length()): null

29-01-2025T04:33:35 - [TEST_STEP][PASSED] - return x: null

29-01-2025T04:33:35 - [TEST_STEP][PASSED] - i = tableA.indexOf("Приволжье"): null

29-01-2025T04:33:35 - [TEST_STEP][PASSED] - CenA = replaceAll("\p{P}", "").trim(): null

29-01-2025T04:33:35 - [TEST_STEP][PASSED] - println("CenA: " + CenA): null

29-01-2025T04:33:35 - [TEST_STEP][PASSED] - for ([i = 1, i < 12, (i++)]): null

29-01-2025T04:33:35 - [TEST_STEP][PASSED] - tableA = Script1719551244403.NewDZO(x = tableA): null

29-01-2025T04:33:35 - [TEST_STEP][PASSED] - i3 = <not implemented yet for class: org.codehaus.groovy.ast.expr.EmptyExpression>: null

29-01-2025T04:33:35 - [TEST_STEP][PASSED] - i3 = x.indexOf("/") + 1: null

29-01-2025T04:33:35 - [TEST_STEP][PASSED] - x = x.substring(i3, x.length()): null

29-01-2025T04:33:35 - [TEST_STEP][PASSED] - return x: null

29-01-2025T04:33:35 - [TEST_STEP][PASSED] - tableA = Script1719551244403.NewDZO(x = tableA): null

29-01-2025T04:33:35 - [TEST_STEP][PASSED] - i3 = <not implemented yet for class: org.codehaus.groovy.ast.expr.EmptyExpression>: null

29-01-2025T04:33:35 - [TEST_STEP][PASSED] - i3 = x.indexOf("/") + 1: null

29-01-2025T04:33:35 - [TEST_STEP][PASSED] - x = x.substring(i3, x.length()): null

29-01-2025T04:33:35 - [TEST_STEP][PASSED] - return x: null

29-01-2025T04:33:35 - [TEST_STEP][PASSED] - tableA = Script1719551244403.NewDZO(x = tableA): null

29-01-2025T04:33:35 - [TEST_STEP][PASSED] - i3 = <not implemented yet for class: org.codehaus.groovy.ast.expr.EmptyExpression>: null

29-01-2025T04:33:35 - [TEST_STEP][PASSED] - i3 = x.indexOf("/") + 1: null

29-01-2025T04:33:35 - [TEST_STEP][PASSED] - x = x.substring(i3, x.length()): null

29-01-2025T04:33:35 - [TEST_STEP][PASSED] - return x: null

29-01-2025T04:33:35 - [TEST_STEP][PASSED] - tableA = Script1719551244403.NewDZO(x = tableA): null

29-01-2025T04:33:35 - [TEST_STEP][PASSED] - i3 = <not implemented yet for class: org.codehaus.groovy.ast.expr.EmptyExpression>: null

29-01-2025T04:33:35 - [TEST_STEP][PASSED] - i3 = x.indexOf("/") + 1: null

29-01-2025T04:33:35 - [TEST_STEP][PASSED] - x = x.substring(i3, x.length()): null

29-01-2025T04:33:35 - [TEST_STEP][PASSED] - return x: null

29-01-2025T04:33:35 - [TEST_STEP][PASSED] - tableA = Script1719551244403.NewDZO(x = tableA): null

29-01-2025T04:33:35 - [TEST_STEP][PASSED] - i3 = <not implemented yet for class: org.codehaus.groovy.ast.expr.EmptyExpression>: null

29-01-2025T04:33:35 - [TEST_STEP][PASSED] - i3 = x.indexOf("/") + 1: null

29-01-2025T04:33:35 - [TEST_STEP][PASSED] - x = x.substring(i3, x.length()): null

29-01-2025T04:33:35 - [TEST_STEP][PASSED] - return x: null

29-01-2025T04:33:35 - [TEST_STEP][PASSED] - tableA = Script1719551244403.NewDZO(x = tableA): null

29-01-2025T04:33:35 - [TEST_STEP][PASSED] - i3 = <not implemented yet for class: org.codehaus.groovy.ast.expr.EmptyExpression>: null

29-01-2025T04:33:35 - [TEST_STEP][PASSED] - i3 = x.indexOf("/") + 1: null

29-01-2025T04:33:35 - [TEST_STEP][PASSED] - x = x.substring(i3, x.length()): null

29-01-2025T04:33:35 - [TEST_STEP][PASSED] - return x: null

29-01-2025T04:33:35 - [TEST_STEP][PASSED] - tableA = Script1719551244403.NewDZO(x = tableA): null

29-01-2025T04:33:35 - [TEST_STEP][PASSED] - i3 = <not implemented yet for class: org.codehaus.groovy.ast.expr.EmptyExpression>: null

29-01-2025T04:33:35 - [TEST_STEP][PASSED] - i3 = x.indexOf("/") + 1: null

29-01-2025T04:33:35 - [TEST_STEP][PASSED] - x = x.substring(i3, x.length()): null

29-01-2025T04:33:35 - [TEST_STEP][PASSED] - return x: null

29-01-2025T04:33:35 - [TEST_STEP][PASSED] - tableA = Script1719551244403.NewDZO(x = tableA): null

29-01-2025T04:33:35 - [TEST_STEP][PASSED] - i3 = <not implemented yet for class: org.codehaus.groovy.ast.expr.EmptyExpression>: null

29-01-2025T04:33:35 - [TEST_STEP][PASSED] - i3 = x.indexOf("/") + 1: null

29-01-2025T04:33:35 - [TEST_STEP][PASSED] - x = x.substring(i3, x.length()): null

29-01-2025T04:33:35 - [TEST_STEP][PASSED] - return x: null

29-01-2025T04:33:35 - [TEST_STEP][PASSED] - tableA = Script1719551244403.NewDZO(x = tableA): null

29-01-2025T04:33:35 - [TEST_STEP][PASSED] - i3 = <not implemented yet for class: org.codehaus.groovy.ast.expr.EmptyExpression>: null

29-01-2025T04:33:35 - [TEST_STEP][PASSED] - i3 = x.indexOf("/") + 1: null

29-01-2025T04:33:35 - [TEST_STEP][PASSED] - x = x.substring(i3, x.length()): null

29-01-2025T04:33:35 - [TEST_STEP][PASSED] - return x: null

29-01-2025T04:33:35 - [TEST_STEP][PASSED] - tableA = Script1719551244403.NewDZO(x = tableA): null

29-01-2025T04:33:35 - [TEST_STEP][PASSED] - i3 = <not implemented yet for class: org.codehaus.groovy.ast.expr.EmptyExpression>: null

29-01-2025T04:33:35 - [TEST_STEP][PASSED] - i3 = x.indexOf("/") + 1: null

29-01-2025T04:33:35 - [TEST_STEP][PASSED] - x = x.substring(i3, x.length()): null

29-01-2025T04:33:35 - [TEST_STEP][PASSED] - return x: null

29-01-2025T04:33:35 - [TEST_STEP][PASSED] - tableA = Script1719551244403.NewDZO(x = tableA): null

29-01-2025T04:33:35 - [TEST_STEP][PASSED] - i3 = <not implemented yet for class: org.codehaus.groovy.ast.expr.EmptyExpression>: null

29-01-2025T04:33:35 - [TEST_STEP][PASSED] - i3 = x.indexOf("/") + 1: null

29-01-2025T04:33:35 - [TEST_STEP][PASSED] - x = x.substring(i3, x.length()): null

29-01-2025T04:33:35 - [TEST_STEP][PASSED] - return x: null

29-01-2025T04:33:35 - [TEST_STEP][PASSED] - i = tableA.indexOf("Юг"): null

29-01-2025T04:33:35 - [TEST_STEP][PASSED] - CiPA = replaceAll("\p{P}", "").trim(): null

29-01-2025T04:33:35 - [TEST_STEP][PASSED] - println("CiPA: " + CiPA): null

29-01-2025T04:33:35 - [TEST_STEP][PASSED] - for ([i = 1, i < 10, (i++)]): null

29-01-2025T04:33:35 - [TEST_STEP][PASSED] - tableA = Script1719551244403.NewDZO(x = tableA): null

29-01-2025T04:33:35 - [TEST_STEP][PASSED] - i3 = <not implemented yet for class: org.codehaus.groovy.ast.expr.EmptyExpression>: null

29-01-2025T04:33:35 - [TEST_STEP][PASSED] - i3 = x.indexOf("/") + 1: null

29-01-2025T04:33:35 - [TEST_STEP][PASSED] - x = x.substring(i3, x.length()): null

29-01-2025T04:33:35 - [TEST_STEP][PASSED] - return x: null

29-01-2025T04:33:35 - [TEST_STEP][PASSED] - tableA = Script1719551244403.NewDZO(x = tableA): null

29-01-2025T04:33:35 - [TEST_STEP][PASSED] - i3 = <not implemented yet for class: org.codehaus.groovy.ast.expr.EmptyExpression>: null

29-01-2025T04:33:35 - [TEST_STEP][PASSED] - i3 = x.indexOf("/") + 1: null

29-01-2025T04:33:35 - [TEST_STEP][PASSED] - x = x.substring(i3, x.length()): null

29-01-2025T04:33:35 - [TEST_STEP][PASSED] - return x: null

29-01-2025T04:33:35 - [TEST_STEP][PASSED] - tableA = Script1719551244403.NewDZO(x = tableA): null

29-01-2025T04:33:35 - [TEST_STEP][PASSED] - i3 = <not implemented yet for class: org.codehaus.groovy.ast.expr.EmptyExpression>: null

29-01-2025T04:33:35 - [TEST_STEP][PASSED] - i3 = x.indexOf("/") + 1: null

29-01-2025T04:33:35 - [TEST_STEP][PASSED] - x = x.substring(i3, x.length()): null

29-01-2025T04:33:35 - [TEST_STEP][PASSED] - return x: null

29-01-2025T04:33:35 - [TEST_STEP][PASSED] - tableA = Script1719551244403.NewDZO(x = tableA): null

29-01-2025T04:33:35 - [TEST_STEP][PASSED] - i3 = <not implemented yet for class: org.codehaus.groovy.ast.expr.EmptyExpression>: null

29-01-2025T04:33:35 - [TEST_STEP][PASSED] - i3 = x.indexOf("/") + 1: null

29-01-2025T04:33:35 - [TEST_STEP][PASSED] - x = x.substring(i3, x.length()): null

29-01-2025T04:33:35 - [TEST_STEP][PASSED] - return x: null

29-01-2025T04:33:35 - [TEST_STEP][PASSED] - tableA = Script1719551244403.NewDZO(x = tableA): null

29-01-2025T04:33:35 - [TEST_STEP][PASSED] - i3 = <not implemented yet for class: org.codehaus.groovy.ast.expr.EmptyExpression>: null

29-01-2025T04:33:35 - [TEST_STEP][PASSED] - i3 = x.indexOf("/") + 1: null

29-01-2025T04:33:35 - [TEST_STEP][PASSED] - x = x.substring(i3, x.length()): null

29-01-2025T04:33:35 - [TEST_STEP][PASSED] - return x: null

29-01-2025T04:33:35 - [TEST_STEP][PASSED] - tableA = Script1719551244403.NewDZO(x = tableA): null

29-01-2025T04:33:35 - [TEST_STEP][PASSED] - i3 = <not implemented yet for class: org.codehaus.groovy.ast.expr.EmptyExpression>: null

29-01-2025T04:33:35 - [TEST_STEP][PASSED] - i3 = x.indexOf("/") + 1: null

29-01-2025T04:33:35 - [TEST_STEP][PASSED] - x = x.substring(i3, x.length()): null

29-01-2025T04:33:35 - [TEST_STEP][PASSED] - return x: null

29-01-2025T04:33:35 - [TEST_STEP][PASSED] - tableA = Script1719551244403.NewDZO(x = tableA): null

29-01-2025T04:33:35 - [TEST_STEP][PASSED] - i3 = <not implemented yet for class: org.codehaus.groovy.ast.expr.EmptyExpression>: null

29-01-2025T04:33:35 - [TEST_STEP][PASSED] - i3 = x.indexOf("/") + 1: null

29-01-2025T04:33:35 - [TEST_STEP][PASSED] - x = x.substring(i3, x.length()): null

29-01-2025T04:33:35 - [TEST_STEP][PASSED] - return x: null

29-01-2025T04:33:35 - [TEST_STEP][PASSED] - tableA = Script1719551244403.NewDZO(x = tableA): null

29-01-2025T04:33:35 - [TEST_STEP][PASSED] - i3 = <not implemented yet for class: org.codehaus.groovy.ast.expr.EmptyExpression>: null

29-01-2025T04:33:35 - [TEST_STEP][PASSED] - i3 = x.indexOf("/") + 1: null

29-01-2025T04:33:35 - [TEST_STEP][PASSED] - x = x.substring(i3, x.length()): null

29-01-2025T04:33:35 - [TEST_STEP][PASSED] - return x: null

29-01-2025T04:33:35 - [TEST_STEP][PASSED] - tableA = Script1719551244403.NewDZO(x = tableA): null

29-01-2025T04:33:35 - [TEST_STEP][PASSED] - i3 = <not implemented yet for class: org.codehaus.groovy.ast.expr.EmptyExpression>: null

29-01-2025T04:33:35 - [TEST_STEP][PASSED] - i3 = x.indexOf("/") + 1: null

29-01-2025T04:33:35 - [TEST_STEP][PASSED] - x = x.substring(i3, x.length()): null

29-01-2025T04:33:35 - [TEST_STEP][PASSED] - return x: null

29-01-2025T04:33:35 - [TEST_STEP][PASSED] - i = tableA.indexOf("Янтарь"): null

29-01-2025T04:33:35 - [TEST_STEP][PASSED] - UgA = replaceAll("\p{P}", "").trim(): null

29-01-2025T04:33:35 - [TEST_STEP][PASSED] - println("UgA: " + UgA): null

29-01-2025T04:33:35 - [TEST_STEP][PASSED] - i = tableA.lastIndexOf("/"): null

29-01-2025T04:33:35 - [TEST_STEP][PASSED] - YaA = replaceAll("\p{P}", "").trim(): null

29-01-2025T04:33:35 - [TEST_STEP][PASSED] - println("YaA: " + YaA): null

29-01-2025T04:33:35 - [TEST_STEP][PASSED] - delay(10): Delayed 10 second(s)

29-01-2025T04:33:45 - [MESSAGE][PASSED] - Delayed 10 second(s)

29-01-2025T04:33:45 - [TEST_STEP][PASSED] - navigateToUrl(findTestData("PlanFact").getValue(10, 11)): Navigate to 'https://bi.rosseti.digital/viewer?dashboardGuid=a1fd28b3785d443cbc4d7690a1d78e31&sheetGuid=d3a0ddec2e914cb380b20dca74903099&fit=true' successfully

29-01-2025T04:33:46 - [MESSAGE][PASSED] - Navigate to 'https://bi.rosseti.digital/viewer?dashboardGuid=a1fd28b3785d443cbc4d7690a1d78e31&sheetGuid=d3a0ddec2e914cb380b20dca74903099&fit=true' successfully

29-01-2025T04:33:46 - [TEST_STEP][PASSED] - b = <not implemented yet for class: org.codehaus.groovy.ast.expr.EmptyExpression>: null

29-01-2025T04:33:46 - [TEST_STEP][PASSED] - b1 = <not implemented yet for class: org.codehaus.groovy.ast.expr.EmptyExpression>: null

29-01-2025T04:33:46 - [TEST_STEP][PASSED] - b2 = <not implemented yet for class: org.codehaus.groovy.ast.expr.EmptyExpression>: null

29-01-2025T04:33:46 - [TEST_STEP][PASSED] - click(findTestObject("Факторный анализ/Фильтр Дата Выручка")): Object: 'Object Repository/Факторный анализ/Фильтр Дата Выручка' is clicked on

29-01-2025T04:34:01 - [MESSAGE][PASSED] - Object: 'Object Repository/Факторный анализ/Фильтр Дата Выручка' is clicked on

29-01-2025T04:34:01 - [TEST_STEP][PASSED] - click(findTestObject("Факторный анализ/Снять выделение в фильтре Дата Выручка")): Object: 'Object Repository/Факторный анализ/Снять выделение в фильтре Дата Выручка' is clicked on

29-01-2025T04:34:02 - [MESSAGE][PASSED] - Object: 'Object Repository/Факторный анализ/Снять выделение в фильтре Дата Выручка' is clicked on

29-01-2025T04:34:02 - [TEST_STEP][PASSED] - click(findTestObject("Факторный анализ/Применить в фильтре Дата Выручка")): Object: 'Object Repository/Факторный анализ/Применить в фильтре Дата Выручка' is clicked on

29-01-2025T04:34:02 - [MESSAGE][PASSED] - Object: 'Object Repository/Факторный анализ/Применить в фильтре Дата Выручка' is clicked on

29-01-2025T04:34:02 - [TEST_STEP][PASSED] - delay(10): Delayed 10 second(s)

29-01-2025T04:34:12 - [MESSAGE][PASSED] - Delayed 10 second(s)

29-01-2025T04:34:12 - [TEST_STEP][PASSED] - click(findTestObject("Факторный анализ/Фильтр Дата Выручка")): Object: 'Object Repository/Факторный анализ/Фильтр Дата Выручка' is clicked on

29-01-2025T04:34:13 - [MESSAGE][PASSED] - Object: 'Object Repository/Факторный анализ/Фильтр Дата Выручка' is clicked on

29-01-2025T04:34:13 - [TEST_STEP][PASSED] - click(findTestObject("Факторный анализ/Снять выделение в фильтре Дата Выручка")): Object: 'Object Repository/Факторный анализ/Снять выделение в фильтре Дата Выручка' is clicked on

29-01-2025T04:34:13 - [MESSAGE][PASSED] - Object: 'Object Repository/Факторный анализ/Снять выделение в фильтре Дата Выручка' is clicked on

29-01-2025T04:34:13 - [TEST_STEP][PASSED] - scrollToElement(findTestObject("Факторный анализ/2024 список Выручка"), 30): Scroll to object 'Object Repository/Факторный анализ/2024 список Выручка' successfully

29-01-2025T04:34:13 - [MESSAGE][PASSED] - Scroll to object 'Object Repository/Факторный анализ/2024 список Выручка' successfully

29-01-2025T04:34:13 - [TEST_STEP][PASSED] - click(findTestObject("Факторный анализ/2024 год Выручка")): Object: 'Object Repository/Факторный анализ/2024 год Выручка' is clicked on

29-01-2025T04:34:14 - [MESSAGE][PASSED] - Object: 'Object Repository/Факторный анализ/2024 год Выручка' is clicked on

29-01-2025T04:34:14 - [TEST_STEP][PASSED] - scrollToElement(findTestObject("Факторный анализ/Заголовок дашборда Выручка"), 30): Scroll to object 'Object Repository/Факторный анализ/Заголовок дашборда Выручка' successfully

29-01-2025T04:34:14 - [MESSAGE][PASSED] - Scroll to object 'Object Repository/Факторный анализ/Заголовок дашборда Выручка' successfully

29-01-2025T04:34:14 - [TEST_STEP][PASSED] - click(findTestObject("Факторный анализ/Применить в фильтре Дата Выручка")): Object: 'Object Repository/Факторный анализ/Применить в фильтре Дата Выручка' is clicked on

29-01-2025T04:34:15 - [MESSAGE][PASSED] - Object: 'Object Repository/Факторный анализ/Применить в фильтре Дата Выручка' is clicked on

29-01-2025T04:34:15 - [TEST_STEP][PASSED] - if (run == 1): null

29-01-2025T04:34:15 - [TEST_STEP][PASSED] - b = getText(findTestObject("Факторный анализ/Отклонения выручки по факторам Выручка")): Text of object 'Object Repository/Факторный анализ/Отклонения выручки по факторам Выручка' is: '-1 254 877-1 254 877
7 9367 936
Отклонение (объём услуг) филиал без Nan
Отклонение (средний тариф) филиал без Nan
ПАО Россети'

29-01-2025T04:34:17 - [MESSAGE][PASSED] - Text of object 'Object Repository/Факторный анализ/Отклонения выручки по факторам Выручка' is: '-1 254 877-1 254 877
7 9367 936
Отклонение (объём услуг) филиал без Nan
Отклонение (средний тариф) филиал без Nan
ПАО Россети'

29-01-2025T04:34:17 - [TEST_STEP][PASSED] - b = b.replaceAll("[\r?
|
]", "/"): null

29-01-2025T04:34:17 - [TEST_STEP][PASSED] - println("b: " + b): null

29-01-2025T04:34:17 - [TEST_STEP][PASSED] - i = b.indexOf("Отклонение"): null

29-01-2025T04:34:17 - [TEST_STEP][PASSED] - if (i > -1): null

29-01-2025T04:34:17 - [TEST_STEP][PASSED] - i = i: null

29-01-2025T04:34:17 - [TEST_STEP][PASSED] - b = substring(0, i).trim(): null

29-01-2025T04:34:17 - [TEST_STEP][PASSED] - println("b: " + b): null

29-01-2025T04:34:17 - [TEST_STEP][PASSED] - i = b.indexOf("/"): null

29-01-2025T04:34:17 - [TEST_STEP][PASSED] - if (i > -1): null

29-01-2025T04:34:17 - [TEST_STEP][PASSED] - b1 = b.substring(0, i): null

29-01-2025T04:34:17 - [TEST_STEP][PASSED] - println("b1: " + b1): null

29-01-2025T04:34:17 - [TEST_STEP][PASSED] - b2 = b.substring(b1.length() + 1, b.length()): null

29-01-2025T04:34:17 - [TEST_STEP][PASSED] - println("b2: " + b2): null

29-01-2025T04:34:17 - [TEST_STEP][PASSED] - i = b1.length() / 2: null

29-01-2025T04:34:17 - [TEST_STEP][PASSED] - if (i > -1): null

29-01-2025T04:34:17 - [TEST_STEP][PASSED] - b1 = replaceAll("\s+", "").trim(): null

29-01-2025T04:34:17 - [TEST_STEP][PASSED] - println("b1: " + b1): null

29-01-2025T04:34:17 - [TEST_STEP][PASSED] - i = b2.length() / 2: null

29-01-2025T04:34:17 - [TEST_STEP][PASSED] - if (i > -1): null

29-01-2025T04:34:17 - [TEST_STEP][PASSED] - b2 = replaceAll("\s+", "").trim(): null

29-01-2025T04:34:17 - [TEST_STEP][PASSED] - println("b2: " + b2): null

29-01-2025T04:34:17 - [TEST_STEP][PASSED] - vidget = "Отклонения выручки по факторам": null

29-01-2025T04:34:17 - [TEST_STEP][PASSED] - DZO = "ПАО Россети": null

29-01-2025T04:34:17 - [TEST_STEP][PASSED] - typeOfData = "Отклонение (объём услуг)": null

29-01-2025T04:34:17 - [TEST_STEP][PASSED] - Script1719551244403.Compare(x = a1, y = b1, run, typeOfData, otobrajeniyeDannyh, todaysDate, vidget, DZO): null

29-01-2025T04:34:17 - [TEST_STEP][FAILED] - if (verifyEqual(x, y) == true): Unable to verify equal between actual object '-1340497' and expected object '-1254877' (Root cause: com.kms.katalon.core.exception.StepFailedException: Actual object '-1340497' and expected object '-1254877' are not equal
	at com.kms.katalon.core.keyword.builtin.VerifyEqualKeyword$_verifyEqual_closure1.doCall(VerifyEqualKeyword.groovy:58)
	at com.kms.katalon.core.keyword.builtin.VerifyEqualKeyword$_verifyEqual_closure1.call(VerifyEqualKeyword.groovy)
	at com.kms.katalon.core.keyword.internal.KeywordMain.runKeyword(KeywordMain.groovy:75)
	at com.kms.katalon.core.keyword.builtin.VerifyEqualKeyword.verifyEqual(VerifyEqualKeyword.groovy:63)
	at com.kms.katalon.core.keyword.builtin.VerifyEqualKeyword.execute(VerifyEqualKeyword.groovy:44)
	at com.kms.katalon.core.keyword.internal.KeywordExecutor.executeKeywordForPlatform(KeywordExecutor.groovy:74)
	at com.kms.katalon.core.keyword.BuiltinKeywords.verifyEqual(BuiltinKeywords.groovy:146)
	at jdk.internal.reflect.GeneratedMethodAccessor25.invoke(Unknown Source)
	at java.base/jdk.internal.reflect.DelegatingMethodAccessorImpl.invoke(DelegatingMethodAccessorImpl.java:43)
	at Факторный анализ сверка дашбордов.Compare(Факторный анализ сверка дашбордов:638)
	at Факторный анализ сверка дашбордов.Test(Факторный анализ сверка дашбордов:402)
	at Факторный анализ сверка дашбордов.run(Факторный анализ сверка дашбордов:44)
	at com.kms.katalon.core.main.ScriptEngine.run(ScriptEngine.java:194)
	at com.kms.katalon.core.main.ScriptEngine.runScriptAsRawText(ScriptEngine.java:119)
	at com.kms.katalon.core.main.TestCaseExecutor.runScript(TestCaseExecutor.java:448)
	at com.kms.katalon.core.main.TestCaseExecutor.doExecute(TestCaseExecutor.java:439)
	at com.kms.katalon.core.main.TestCaseExecutor.processExecutionPhase(TestCaseExecutor.java:418)
	at com.kms.katalon.core.main.TestCaseExecutor.accessMainPhase(TestCaseExecutor.java:410)
	at com.kms.katalon.core.main.TestCaseExecutor.execute(TestCaseExecutor.java:285)
	at com.kms.katalon.core.common.CommonExecutor.accessTestCaseMainPhase(CommonExecutor.java:65)
	at com.kms.katalon.core.main.TestSuiteExecutor.accessTestSuiteMainPhase(TestSuiteExecutor.java:150)
	at com.kms.katalon.core.main.TestSuiteExecutor.execute(TestSuiteExecutor.java:106)
	at com.kms.katalon.core.main.TestCaseMain.startTestSuite(TestCaseMain.java:180)
	at TempTestSuite1738107421100.run(TempTestSuite1738107421100.groovy:35)
	at java.base/jdk.internal.reflect.NativeMethodAccessorImpl.invoke0(Native Method)
	at java.base/jdk.internal.reflect.NativeMethodAccessorImpl.invoke(NativeMethodAccessorImpl.java:77)
	at java.base/jdk.internal.reflect.DelegatingMethodAccessorImpl.invoke(DelegatingMethodAccessorImpl.java:43)
)

29-01-2025T04:34:17 - [MESSAGE][FAILED] - Unable to verify equal between actual object '-1340497' and expected object '-1254877' (Root cause: com.kms.katalon.core.exception.StepFailedException: Actual object '-1340497' and expected object '-1254877' are not equal
	at com.kms.katalon.core.keyword.builtin.VerifyEqualKeyword$_verifyEqual_closure1.doCall(VerifyEqualKeyword.groovy:58)
	at com.kms.katalon.core.keyword.builtin.VerifyEqualKeyword$_verifyEqual_closure1.call(VerifyEqualKeyword.groovy)
	at com.kms.katalon.core.keyword.internal.KeywordMain.runKeyword(KeywordMain.groovy:75)
	at com.kms.katalon.core.keyword.builtin.VerifyEqualKeyword.verifyEqual(VerifyEqualKeyword.groovy:63)
	at com.kms.katalon.core.keyword.builtin.VerifyEqualKeyword.execute(VerifyEqualKeyword.groovy:44)
	at com.kms.katalon.core.keyword.internal.KeywordExecutor.executeKeywordForPlatform(KeywordExecutor.groovy:74)
	at com.kms.katalon.core.keyword.BuiltinKeywords.verifyEqual(BuiltinKeywords.groovy:146)
	at jdk.internal.reflect.GeneratedMethodAccessor25.invoke(Unknown Source)
	at java.base/jdk.internal.reflect.DelegatingMethodAccessorImpl.invoke(DelegatingMethodAccessorImpl.java:43)
	at Факторный анализ сверка дашбордов.Compare(Факторный анализ сверка дашбордов:638)
	at Факторный анализ сверка дашбордов.Test(Факторный анализ сверка дашбордов:402)
	at Факторный анализ сверка дашбордов.run(Факторный анализ сверка дашбордов:44)
	at com.kms.katalon.core.main.ScriptEngine.run(ScriptEngine.java:194)
	at com.kms.katalon.core.main.ScriptEngine.runScriptAsRawText(ScriptEngine.java:119)
	at com.kms.katalon.core.main.TestCaseExecutor.runScript(TestCaseExecutor.java:448)
	at com.kms.katalon.core.main.TestCaseExecutor.doExecute(TestCaseExecutor.java:439)
	at com.kms.katalon.core.main.TestCaseExecutor.processExecutionPhase(TestCaseExecutor.java:418)
	at com.kms.katalon.core.main.TestCaseExecutor.accessMainPhase(TestCaseExecutor.java:410)
	at com.kms.katalon.core.main.TestCaseExecutor.execute(TestCaseExecutor.java:285)
	at com.kms.katalon.core.common.CommonExecutor.accessTestCaseMainPhase(CommonExecutor.java:65)
	at com.kms.katalon.core.main.TestSuiteExecutor.accessTestSuiteMainPhase(TestSuiteExecutor.java:150)
	at com.kms.katalon.core.main.TestSuiteExecutor.execute(TestSuiteExecutor.java:106)
	at com.kms.katalon.core.main.TestCaseMain.startTestSuite(TestCaseMain.java:180)
	at TempTestSuite1738107421100.run(TempTestSuite1738107421100.groovy:35)
	at java.base/jdk.internal.reflect.NativeMethodAccessorImpl.invoke0(Native Method)
	at java.base/jdk.internal.reflect.NativeMethodAccessorImpl.invoke(NativeMethodAccessorImpl.java:77)
	at java.base/jdk.internal.reflect.DelegatingMethodAccessorImpl.invoke(DelegatingMethodAccessorImpl.java:43)
)

29-01-2025T04:34:17 - [TEST_STEP][PASSED] - else: null

29-01-2025T04:34:17 - [TEST_STEP][PASSED] - if (run == 1): null

29-01-2025T04:34:17 - [TEST_STEP][PASSED] - otobrajeniyeDannyh = "Филиал": null

29-01-2025T04:34:17 - [TEST_STEP][PASSED] - Script1719551244403.WriteToExcel(todaysDate, typeOfData, otobrajeniyeDannyh, x, y, vidget, DZO): null

29-01-2025T04:34:17 - [TEST_STEP][PASSED] - sheetName = "Sheet1": null

29-01-2025T04:34:17 - [TEST_STEP][PASSED] - data = findTestData("PlanFact"): null

29-01-2025T04:34:17 - [TEST_STEP][PASSED] - n = data.getRowNumbers() + 1: null

29-01-2025T04:34:17 - [TEST_STEP][PASSED] - period = getText(findTestObject("Факторный анализ/Фильтр Период")): Text of object 'Object Repository/Факторный анализ/Фильтр Период' is: '2024'

29-01-2025T04:34:17 - [MESSAGE][PASSED] - Text of object 'Object Repository/Факторный анализ/Фильтр Период' is: '2024'

29-01-2025T04:34:17 - [TEST_STEP][PASSED] - println(period): null

29-01-2025T04:34:17 - [TEST_STEP][PASSED] - dashboardName = "Факторный анализ": null

29-01-2025T04:34:17 - [TEST_STEP][PASSED] - workbook01 = getWorkbook(excelFilePath): null

29-01-2025T04:34:17 - [TEST_STEP][PASSED] - sheet01 = getExcelSheet(workbook01, sheetName): null

29-01-2025T04:34:17 - [TEST_STEP][PASSED] - setValueToCellByIndex(sheet01, n, 0, dashboardName): null

29-01-2025T04:34:17 - [TEST_STEP][PASSED] - setValueToCellByIndex(sheet01, n, 1, DZO): null

29-01-2025T04:34:17 - [TEST_STEP][PASSED] - setValueToCellByIndex(sheet01, n, 2, vidget): null

29-01-2025T04:34:17 - [TEST_STEP][PASSED] - setValueToCellByIndex(sheet01, n, 3, typeOfData): null

29-01-2025T04:34:17 - [TEST_STEP][PASSED] - setValueToCellByIndex(sheet01, n, 4, otobrajeniyeDannyh): null

29-01-2025T04:34:17 - [TEST_STEP][PASSED] - setValueToCellByIndex(sheet01, n, 5, period): null

29-01-2025T04:34:17 - [TEST_STEP][PASSED] - setValueToCellByIndex(sheet01, n, 6, todaysDate): null

29-01-2025T04:34:17 - [TEST_STEP][PASSED] - n = n + 1: null

29-01-2025T04:34:17 - [TEST_STEP][PASSED] - saveWorkbook(excelFilePath, workbook01): null

29-01-2025T04:34:17 - [TEST_STEP][PASSED] - typeOfData = "Отклонение (средний тариф)": null

29-01-2025T04:34:17 - [TEST_STEP][PASSED] - Script1719551244403.Compare(x = a2, y = b2, run, typeOfData, otobrajeniyeDannyh, todaysDate, vidget, DZO): null

29-01-2025T04:34:17 - [TEST_STEP][FAILED] - if (verifyEqual(x, y) == true): Unable to verify equal between actual object '7458' and expected object '7936' (Root cause: com.kms.katalon.core.exception.StepFailedException: Actual object '7458' and expected object '7936' are not equal
	at com.kms.katalon.core.keyword.builtin.VerifyEqualKeyword$_verifyEqual_closure1.doCall(VerifyEqualKeyword.groovy:58)
	at com.kms.katalon.core.keyword.builtin.VerifyEqualKeyword$_verifyEqual_closure1.call(VerifyEqualKeyword.groovy)
	at com.kms.katalon.core.keyword.internal.KeywordMain.runKeyword(KeywordMain.groovy:75)
	at com.kms.katalon.core.keyword.builtin.VerifyEqualKeyword.verifyEqual(VerifyEqualKeyword.groovy:63)
	at com.kms.katalon.core.keyword.builtin.VerifyEqualKeyword.execute(VerifyEqualKeyword.groovy:44)
	at com.kms.katalon.core.keyword.internal.KeywordExecutor.executeKeywordForPlatform(KeywordExecutor.groovy:74)
	at com.kms.katalon.core.keyword.BuiltinKeywords.verifyEqual(BuiltinKeywords.groovy:146)
	at jdk.internal.reflect.GeneratedMethodAccessor25.invoke(Unknown Source)
	at java.base/jdk.internal.reflect.DelegatingMethodAccessorImpl.invoke(DelegatingMethodAccessorImpl.java:43)
	at Факторный анализ сверка дашбордов.Compare(Факторный анализ сверка дашбордов:638)
	at Факторный анализ сверка дашбордов.Test(Факторный анализ сверка дашбордов:406)
	at Факторный анализ сверка дашбордов.run(Факторный анализ сверка дашбордов:44)
	at com.kms.katalon.core.main.ScriptEngine.run(ScriptEngine.java:194)
	at com.kms.katalon.core.main.ScriptEngine.runScriptAsRawText(ScriptEngine.java:119)
	at com.kms.katalon.core.main.TestCaseExecutor.runScript(TestCaseExecutor.java:448)
	at com.kms.katalon.core.main.TestCaseExecutor.doExecute(TestCaseExecutor.java:439)
	at com.kms.katalon.core.main.TestCaseExecutor.processExecutionPhase(TestCaseExecutor.java:418)
	at com.kms.katalon.core.main.TestCaseExecutor.accessMainPhase(TestCaseExecutor.java:410)
	at com.kms.katalon.core.main.TestCaseExecutor.execute(TestCaseExecutor.java:285)
	at com.kms.katalon.core.common.CommonExecutor.accessTestCaseMainPhase(CommonExecutor.java:65)
	at com.kms.katalon.core.main.TestSuiteExecutor.accessTestSuiteMainPhase(TestSuiteExecutor.java:150)
	at com.kms.katalon.core.main.TestSuiteExecutor.execute(TestSuiteExecutor.java:106)
	at com.kms.katalon.core.main.TestCaseMain.startTestSuite(TestCaseMain.java:180)
	at TempTestSuite1738107421100.run(TempTestSuite1738107421100.groovy:35)
	at java.base/jdk.internal.reflect.NativeMethodAccessorImpl.invoke0(Native Method)
	at java.base/jdk.internal.reflect.NativeMethodAccessorImpl.invoke(NativeMethodAccessorImpl.java:77)
	at java.base/jdk.internal.reflect.DelegatingMethodAccessorImpl.invoke(DelegatingMethodAccessorImpl.java:43)
)

29-01-2025T04:34:17 - [MESSAGE][FAILED] - Unable to verify equal between actual object '7458' and expected object '7936' (Root cause: com.kms.katalon.core.exception.StepFailedException: Actual object '7458' and expected object '7936' are not equal
	at com.kms.katalon.core.keyword.builtin.VerifyEqualKeyword$_verifyEqual_closure1.doCall(VerifyEqualKeyword.groovy:58)
	at com.kms.katalon.core.keyword.builtin.VerifyEqualKeyword$_verifyEqual_closure1.call(VerifyEqualKeyword.groovy)
	at com.kms.katalon.core.keyword.internal.KeywordMain.runKeyword(KeywordMain.groovy:75)
	at com.kms.katalon.core.keyword.builtin.VerifyEqualKeyword.verifyEqual(VerifyEqualKeyword.groovy:63)
	at com.kms.katalon.core.keyword.builtin.VerifyEqualKeyword.execute(VerifyEqualKeyword.groovy:44)
	at com.kms.katalon.core.keyword.internal.KeywordExecutor.executeKeywordForPlatform(KeywordExecutor.groovy:74)
	at com.kms.katalon.core.keyword.BuiltinKeywords.verifyEqual(BuiltinKeywords.groovy:146)
	at jdk.internal.reflect.GeneratedMethodAccessor25.invoke(Unknown Source)
	at java.base/jdk.internal.reflect.DelegatingMethodAccessorImpl.invoke(DelegatingMethodAccessorImpl.java:43)
	at Факторный анализ сверка дашбордов.Compare(Факторный анализ сверка дашбордов:638)
	at Факторный анализ сверка дашбордов.Test(Факторный анализ сверка дашбордов:406)
	at Факторный анализ сверка дашбордов.run(Факторный анализ сверка дашбордов:44)
	at com.kms.katalon.core.main.ScriptEngine.run(ScriptEngine.java:194)
	at com.kms.katalon.core.main.ScriptEngine.runScriptAsRawText(ScriptEngine.java:119)
	at com.kms.katalon.core.main.TestCaseExecutor.runScript(TestCaseExecutor.java:448)
	at com.kms.katalon.core.main.TestCaseExecutor.doExecute(TestCaseExecutor.java:439)
	at com.kms.katalon.core.main.TestCaseExecutor.processExecutionPhase(TestCaseExecutor.java:418)
	at com.kms.katalon.core.main.TestCaseExecutor.accessMainPhase(TestCaseExecutor.java:410)
	at com.kms.katalon.core.main.TestCaseExecutor.execute(TestCaseExecutor.java:285)
	at com.kms.katalon.core.common.CommonExecutor.accessTestCaseMainPhase(CommonExecutor.java:65)
	at com.kms.katalon.core.main.TestSuiteExecutor.accessTestSuiteMainPhase(TestSuiteExecutor.java:150)
	at com.kms.katalon.core.main.TestSuiteExecutor.execute(TestSuiteExecutor.java:106)
	at com.kms.katalon.core.main.TestCaseMain.startTestSuite(TestCaseMain.java:180)
	at TempTestSuite1738107421100.run(TempTestSuite1738107421100.groovy:35)
	at java.base/jdk.internal.reflect.NativeMethodAccessorImpl.invoke0(Native Method)
	at java.base/jdk.internal.reflect.NativeMethodAccessorImpl.invoke(NativeMethodAccessorImpl.java:77)
	at java.base/jdk.internal.reflect.DelegatingMethodAccessorImpl.invoke(DelegatingMethodAccessorImpl.java:43)
)

29-01-2025T04:34:17 - [TEST_STEP][PASSED] - else: null

29-01-2025T04:34:17 - [TEST_STEP][PASSED] - if (run == 1): null

29-01-2025T04:34:17 - [TEST_STEP][PASSED] - otobrajeniyeDannyh = "Филиал": null

29-01-2025T04:34:17 - [TEST_STEP][PASSED] - Script1719551244403.WriteToExcel(todaysDate, typeOfData, otobrajeniyeDannyh, x, y, vidget, DZO): null

29-01-2025T04:34:17 - [TEST_STEP][PASSED] - sheetName = "Sheet1": null

29-01-2025T04:34:17 - [TEST_STEP][PASSED] - data = findTestData("PlanFact"): null

29-01-2025T04:34:17 - [TEST_STEP][PASSED] - n = data.getRowNumbers() + 1: null

29-01-2025T04:34:17 - [TEST_STEP][PASSED] - period = getText(findTestObject("Факторный анализ/Фильтр Период")): Text of object 'Object Repository/Факторный анализ/Фильтр Период' is: '2024'

29-01-2025T04:34:18 - [MESSAGE][PASSED] - Text of object 'Object Repository/Факторный анализ/Фильтр Период' is: '2024'

29-01-2025T04:34:18 - [TEST_STEP][PASSED] - println(period): null

29-01-2025T04:34:18 - [TEST_STEP][PASSED] - dashboardName = "Факторный анализ": null

29-01-2025T04:34:18 - [TEST_STEP][PASSED] - workbook01 = getWorkbook(excelFilePath): null

29-01-2025T04:34:18 - [TEST_STEP][PASSED] - sheet01 = getExcelSheet(workbook01, sheetName): null

29-01-2025T04:34:18 - [TEST_STEP][PASSED] - setValueToCellByIndex(sheet01, n, 0, dashboardName): null

29-01-2025T04:34:18 - [TEST_STEP][PASSED] - setValueToCellByIndex(sheet01, n, 1, DZO): null

29-01-2025T04:34:18 - [TEST_STEP][PASSED] - setValueToCellByIndex(sheet01, n, 2, vidget): null

29-01-2025T04:34:18 - [TEST_STEP][PASSED] - setValueToCellByIndex(sheet01, n, 3, typeOfData): null

29-01-2025T04:34:18 - [TEST_STEP][PASSED] - setValueToCellByIndex(sheet01, n, 4, otobrajeniyeDannyh): null

29-01-2025T04:34:18 - [TEST_STEP][PASSED] - setValueToCellByIndex(sheet01, n, 5, period): null

29-01-2025T04:34:18 - [TEST_STEP][PASSED] - setValueToCellByIndex(sheet01, n, 6, todaysDate): null

29-01-2025T04:34:18 - [TEST_STEP][PASSED] - n = n + 1: null

29-01-2025T04:34:18 - [TEST_STEP][PASSED] - saveWorkbook(excelFilePath, workbook01): null

29-01-2025T04:34:18 - [TEST_STEP][PASSED] - tableB = getText(findTestObject("Факторный анализ/AllTable1 Выручка")).replaceAll("[\r?
|
]", "/"): Text of object 'Object Repository/Факторный анализ/AllTable1 Выручка' is: 'ДЗО
Филиал
Отклонение (объём услуг) филиал без Nan
Отклонение (средний тариф) филиал без Nan
АО «Тываэнерго» АО "Тываэнерго" 627 - 194
АО «Чеченэнерго» АО «Чеченэнерго» 95 50
Россети Волга Мордовэнерго 238 -95
Оренбургэнерго 926 - 145
Пензаэнерго 367 -69
Самарские РС 364 -1 248
Саратовские РС 460 - 650
Ульяновские РС 284 - 237
Чувашэнерго - 170 150
Россети Кубань Кубаньэнерго 4 476 839
Россети Ленэнерго (ГК) Ленинградская область 1 659 1 495
г. Санкт-Петербург 2 769 - 155
Россети Московский регион Московская область 5 420 -1 178
г. Москва 4 764 -62
Россети Северный Кавказ (ГК) Дагестанская энергосбытовая компания 0 0
Дагэнерго - 796 629
Ингушэнерго - 224 149
Каббалкэнерго 317 87
Карачаево-Черкесскэнерго 198 38
Севкавказэнерго - 446 199
Ставропольэнерго 320 - 191
Россети Северо-Запад Архангельский филиал 21 - 125
Вологодский филиал 265 21
Карельский филиал -77 185
Мурманский филиал 118 44
Новгородский филиал 249 -41
Псковский филиал 138 -24
филиал в Республике Коми - 137 59
Россети Сибирь (ГК) Алтайэнерго 343 359
Бурятэнерго -89 347
ГАЭС 190 -27
Красноярскэнерго 1 482 - 869
Кузбассэнерго-РЭС - 524 1 053
Омскэнерго 238 -63
Хакасэнерго 491 - 481
Читаэнерго -78 253
Россети Томск Томская распределительная компания 362 - 164
Россети Тюмень Россети Тюмень -6 579 - 750
Россети Урал (ГК) Пермэнерго 706 - 273
Свердловэнерго 936 284
Челябэнерго 1 031 - 771
Россети ФСК ЕЭС Итого по ФСК ЕЭС -18 155 -4 990
Россети Центр Белгородэнерго 354 160
Брянскэнерго 68 -1
Воронежэнерго 713 94
Костромаэнерго 145 -18
Курскэнерго -59 68
Липецкэнерго 851 - 427
Орелэнерго 142 -73
Смоленскэнерго 23 46
Тамбовэнерго 307 -18
Тверьэнерго 390 210
Ярэнерго 702 16
Россети Центр и Приволжье (ГК) Владимирэнерго 572 68
Ивэнерго 264 53
Калугаэнерго 789 -62
Кировэнерго 531 36
Мариэнерго 192 30
Нижновэнерго 961 394
Рязаньэнерго 214 74
Тулэнерго 916 - 295
Удмуртэнерго 395 30
Россети Юг (ГК) АО «ВМЭС» 117 66
Астраханьэнерго 46 54
Волгоградэнерго 481 - 502
Калмэнерго 9 0
Ростовэнерго 865 70
Россети Янтарь Россети Янтарь 425 -35'

29-01-2025T04:34:18 - [MESSAGE][PASSED] - Text of object 'Object Repository/Факторный анализ/AllTable1 Выручка' is: 'ДЗО
Филиал
Отклонение (объём услуг) филиал без Nan
Отклонение (средний тариф) филиал без Nan
АО «Тываэнерго» АО "Тываэнерго" 627 - 194
АО «Чеченэнерго» АО «Чеченэнерго» 95 50
Россети Волга Мордовэнерго 238 -95
Оренбургэнерго 926 - 145
Пензаэнерго 367 -69
Самарские РС 364 -1 248
Саратовские РС 460 - 650
Ульяновские РС 284 - 237
Чувашэнерго - 170 150
Россети Кубань Кубаньэнерго 4 476 839
Россети Ленэнерго (ГК) Ленинградская область 1 659 1 495
г. Санкт-Петербург 2 769 - 155
Россети Московский регион Московская область 5 420 -1 178
г. Москва 4 764 -62
Россети Северный Кавказ (ГК) Дагестанская энергосбытовая компания 0 0
Дагэнерго - 796 629
Ингушэнерго - 224 149
Каббалкэнерго 317 87
Карачаево-Черкесскэнерго 198 38
Севкавказэнерго - 446 199
Ставропольэнерго 320 - 191
Россети Северо-Запад Архангельский филиал 21 - 125
Вологодский филиал 265 21
Карельский филиал -77 185
Мурманский филиал 118 44
Новгородский филиал 249 -41
Псковский филиал 138 -24
филиал в Республике Коми - 137 59
Россети Сибирь (ГК) Алтайэнерго 343 359
Бурятэнерго -89 347
ГАЭС 190 -27
Красноярскэнерго 1 482 - 869
Кузбассэнерго-РЭС - 524 1 053
Омскэнерго 238 -63
Хакасэнерго 491 - 481
Читаэнерго -78 253
Россети Томск Томская распределительная компания 362 - 164
Россети Тюмень Россети Тюмень -6 579 - 750
Россети Урал (ГК) Пермэнерго 706 - 273
Свердловэнерго 936 284
Челябэнерго 1 031 - 771
Россети ФСК ЕЭС Итого по ФСК ЕЭС -18 155 -4 990
Россети Центр Белгородэнерго 354 160
Брянскэнерго 68 -1
Воронежэнерго 713 94
Костромаэнерго 145 -18
Курскэнерго -59 68
Липецкэнерго 851 - 427
Орелэнерго 142 -73
Смоленскэнерго 23 46
Тамбовэнерго 307 -18
Тверьэнерго 390 210
Ярэнерго 702 16
Россети Центр и Приволжье (ГК) Владимирэнерго 572 68
Ивэнерго 264 53
Калугаэнерго 789 -62
Кировэнерго 531 36
Мариэнерго 192 30
Нижновэнерго 961 394
Рязаньэнерго 214 74
Тулэнерго 916 - 295
Удмуртэнерго 395 30
Россети Юг (ГК) АО «ВМЭС» 117 66
Астраханьэнерго 46 54
Волгоградэнерго 481 - 502
Калмэнерго 9 0
Ростовэнерго 865 70
Россети Янтарь Россети Янтарь 425 -35'

29-01-2025T04:34:18 - [TEST_STEP][PASSED] - println("tableB: " + tableB): null

29-01-2025T04:34:18 - [TEST_STEP][PASSED] - for ([i = 1, i < 5, (i++)]): null

29-01-2025T04:34:18 - [TEST_STEP][PASSED] - ii = tableB.indexOf("/") + 1: null

29-01-2025T04:34:18 - [TEST_STEP][PASSED] - tableB = tableB.substring(ii, tableB.length()): null

29-01-2025T04:34:18 - [TEST_STEP][PASSED] - ii = tableB.indexOf("/") + 1: null

29-01-2025T04:34:18 - [TEST_STEP][PASSED] - tableB = tableB.substring(ii, tableB.length()): null

29-01-2025T04:34:18 - [TEST_STEP][PASSED] - ii = tableB.indexOf("/") + 1: null

29-01-2025T04:34:18 - [TEST_STEP][PASSED] - tableB = tableB.substring(ii, tableB.length()): null

29-01-2025T04:34:18 - [TEST_STEP][PASSED] - ii = tableB.indexOf("/") + 1: null

29-01-2025T04:34:18 - [TEST_STEP][PASSED] - tableB = tableB.substring(ii, tableB.length()): null

29-01-2025T04:34:18 - [TEST_STEP][PASSED] - println("tableB: " + tableB): null

29-01-2025T04:34:18 - [TEST_STEP][PASSED] - TyB = Script1719551244403.GetData(x = tableB): null

29-01-2025T04:34:18 - [TEST_STEP][PASSED] - i2 = <not implemented yet for class: org.codehaus.groovy.ast.expr.EmptyExpression>: null

29-01-2025T04:34:18 - [TEST_STEP][PASSED] - i2 = x.indexOf("/") + 1: null

29-01-2025T04:34:18 - [TEST_STEP][PASSED] - x = replaceAll("\p{P}", "").trim(): null

29-01-2025T04:34:18 - [TEST_STEP][PASSED] - return x: null

29-01-2025T04:34:18 - [TEST_STEP][PASSED] - println("TyB: " + TyB): null

29-01-2025T04:34:18 - [TEST_STEP][PASSED] - tableB = Script1719551244403.NewDZO(x = tableB): null

29-01-2025T04:34:18 - [TEST_STEP][PASSED] - i3 = <not implemented yet for class: org.codehaus.groovy.ast.expr.EmptyExpression>: null

29-01-2025T04:34:18 - [TEST_STEP][PASSED] - i3 = x.indexOf("/") + 1: null

29-01-2025T04:34:18 - [TEST_STEP][PASSED] - x = x.substring(i3, x.length()): null

29-01-2025T04:34:18 - [TEST_STEP][PASSED] - return x: null

29-01-2025T04:34:18 - [TEST_STEP][PASSED] - ChB = Script1719551244403.GetData(x = tableB): null

29-01-2025T04:34:18 - [TEST_STEP][PASSED] - i2 = <not implemented yet for class: org.codehaus.groovy.ast.expr.EmptyExpression>: null

29-01-2025T04:34:18 - [TEST_STEP][PASSED] - i2 = x.indexOf("/") + 1: null

29-01-2025T04:34:18 - [TEST_STEP][PASSED] - x = replaceAll("\p{P}", "").trim(): null

29-01-2025T04:34:18 - [TEST_STEP][PASSED] - return x: null

29-01-2025T04:34:18 - [TEST_STEP][PASSED] - println("ChB: " + ChB): null

29-01-2025T04:34:18 - [TEST_STEP][PASSED] - tableB = Script1719551244403.NewDZO(x = tableB): null

29-01-2025T04:34:18 - [TEST_STEP][PASSED] - i3 = <not implemented yet for class: org.codehaus.groovy.ast.expr.EmptyExpression>: null

29-01-2025T04:34:18 - [TEST_STEP][PASSED] - i3 = x.indexOf("/") + 1: null

29-01-2025T04:34:18 - [TEST_STEP][PASSED] - x = x.substring(i3, x.length()): null

29-01-2025T04:34:18 - [TEST_STEP][PASSED] - return x: null

29-01-2025T04:34:18 - [TEST_STEP][PASSED] - i = tableB.indexOf("Кубань"): null

29-01-2025T04:34:18 - [TEST_STEP][PASSED] - VB = replaceAll("\p{P}", "").trim(): null

29-01-2025T04:34:18 - [TEST_STEP][PASSED] - println("VB: " + VB): null

29-01-2025T04:34:18 - [TEST_STEP][PASSED] - for ([i = 1, i < 8, (i++)]): null

29-01-2025T04:34:18 - [TEST_STEP][PASSED] - tableB = Script1719551244403.NewDZO(x = tableB): null

29-01-2025T04:34:18 - [TEST_STEP][PASSED] - i3 = <not implemented yet for class: org.codehaus.groovy.ast.expr.EmptyExpression>: null

29-01-2025T04:34:18 - [TEST_STEP][PASSED] - i3 = x.indexOf("/") + 1: null

29-01-2025T04:34:18 - [TEST_STEP][PASSED] - x = x.substring(i3, x.length()): null

29-01-2025T04:34:18 - [TEST_STEP][PASSED] - return x: null

29-01-2025T04:34:18 - [TEST_STEP][PASSED] - tableB = Script1719551244403.NewDZO(x = tableB): null

29-01-2025T04:34:18 - [TEST_STEP][PASSED] - i3 = <not implemented yet for class: org.codehaus.groovy.ast.expr.EmptyExpression>: null

29-01-2025T04:34:18 - [TEST_STEP][PASSED] - i3 = x.indexOf("/") + 1: null

29-01-2025T04:34:18 - [TEST_STEP][PASSED] - x = x.substring(i3, x.length()): null

29-01-2025T04:34:18 - [TEST_STEP][PASSED] - return x: null

29-01-2025T04:34:18 - [TEST_STEP][PASSED] - tableB = Script1719551244403.NewDZO(x = tableB): null

29-01-2025T04:34:18 - [TEST_STEP][PASSED] - i3 = <not implemented yet for class: org.codehaus.groovy.ast.expr.EmptyExpression>: null

29-01-2025T04:34:18 - [TEST_STEP][PASSED] - i3 = x.indexOf("/") + 1: null

29-01-2025T04:34:18 - [TEST_STEP][PASSED] - x = x.substring(i3, x.length()): null

29-01-2025T04:34:18 - [TEST_STEP][PASSED] - return x: null

29-01-2025T04:34:18 - [TEST_STEP][PASSED] - tableB = Script1719551244403.NewDZO(x = tableB): null

29-01-2025T04:34:18 - [TEST_STEP][PASSED] - i3 = <not implemented yet for class: org.codehaus.groovy.ast.expr.EmptyExpression>: null

29-01-2025T04:34:18 - [TEST_STEP][PASSED] - i3 = x.indexOf("/") + 1: null

29-01-2025T04:34:18 - [TEST_STEP][PASSED] - x = x.substring(i3, x.length()): null

29-01-2025T04:34:18 - [TEST_STEP][PASSED] - return x: null

29-01-2025T04:34:18 - [TEST_STEP][PASSED] - tableB = Script1719551244403.NewDZO(x = tableB): null

29-01-2025T04:34:18 - [TEST_STEP][PASSED] - i3 = <not implemented yet for class: org.codehaus.groovy.ast.expr.EmptyExpression>: null

29-01-2025T04:34:18 - [TEST_STEP][PASSED] - i3 = x.indexOf("/") + 1: null

29-01-2025T04:34:18 - [TEST_STEP][PASSED] - x = x.substring(i3, x.length()): null

29-01-2025T04:34:18 - [TEST_STEP][PASSED] - return x: null

29-01-2025T04:34:18 - [TEST_STEP][PASSED] - tableB = Script1719551244403.NewDZO(x = tableB): null

29-01-2025T04:34:18 - [TEST_STEP][PASSED] - i3 = <not implemented yet for class: org.codehaus.groovy.ast.expr.EmptyExpression>: null

29-01-2025T04:34:18 - [TEST_STEP][PASSED] - i3 = x.indexOf("/") + 1: null

29-01-2025T04:34:18 - [TEST_STEP][PASSED] - x = x.substring(i3, x.length()): null

29-01-2025T04:34:18 - [TEST_STEP][PASSED] - return x: null

29-01-2025T04:34:18 - [TEST_STEP][PASSED] - tableB = Script1719551244403.NewDZO(x = tableB): null

29-01-2025T04:34:18 - [TEST_STEP][PASSED] - i3 = <not implemented yet for class: org.codehaus.groovy.ast.expr.EmptyExpression>: null

29-01-2025T04:34:18 - [TEST_STEP][PASSED] - i3 = x.indexOf("/") + 1: null

29-01-2025T04:34:18 - [TEST_STEP][PASSED] - x = x.substring(i3, x.length()): null

29-01-2025T04:34:18 - [TEST_STEP][PASSED] - return x: null

29-01-2025T04:34:18 - [TEST_STEP][PASSED] - i = tableB.indexOf("Ленэнерго"): null

29-01-2025T04:34:18 - [TEST_STEP][PASSED] - KuB = Script1719551244403.GetData(x = tableB): null

29-01-2025T04:34:18 - [TEST_STEP][PASSED] - i2 = <not implemented yet for class: org.codehaus.groovy.ast.expr.EmptyExpression>: null

29-01-2025T04:34:18 - [TEST_STEP][PASSED] - i2 = x.indexOf("/") + 1: null

29-01-2025T04:34:18 - [TEST_STEP][PASSED] - x = replaceAll("\p{P}", "").trim(): null

29-01-2025T04:34:18 - [TEST_STEP][PASSED] - return x: null

29-01-2025T04:34:18 - [TEST_STEP][PASSED] - println("KuB: " + KuB): null

29-01-2025T04:34:18 - [TEST_STEP][PASSED] - tableB = Script1719551244403.NewDZO(x = tableB): null

29-01-2025T04:34:18 - [TEST_STEP][PASSED] - i3 = <not implemented yet for class: org.codehaus.groovy.ast.expr.EmptyExpression>: null

29-01-2025T04:34:18 - [TEST_STEP][PASSED] - i3 = x.indexOf("/") + 1: null

29-01-2025T04:34:18 - [TEST_STEP][PASSED] - x = x.substring(i3, x.length()): null

29-01-2025T04:34:18 - [TEST_STEP][PASSED] - return x: null

29-01-2025T04:34:18 - [TEST_STEP][PASSED] - i = tableB.indexOf("Московский"): null

29-01-2025T04:34:18 - [TEST_STEP][PASSED] - LenB = replaceAll("\p{P}", "").trim(): null

29-01-2025T04:34:18 - [TEST_STEP][PASSED] - println("LenB: " + LenB): null

29-01-2025T04:34:18 - [TEST_STEP][PASSED] - tableB = Script1719551244403.NewDZO(x = tableB): null

29-01-2025T04:34:18 - [TEST_STEP][PASSED] - i3 = <not implemented yet for class: org.codehaus.groovy.ast.expr.EmptyExpression>: null

29-01-2025T04:34:18 - [TEST_STEP][PASSED] - i3 = x.indexOf("/") + 1: null

29-01-2025T04:34:18 - [TEST_STEP][PASSED] - x = x.substring(i3, x.length()): null

29-01-2025T04:34:18 - [TEST_STEP][PASSED] - return x: null

29-01-2025T04:34:18 - [TEST_STEP][PASSED] - tableB = Script1719551244403.NewDZO(x = tableB): null

29-01-2025T04:34:18 - [TEST_STEP][PASSED] - i3 = <not implemented yet for class: org.codehaus.groovy.ast.expr.EmptyExpression>: null

29-01-2025T04:34:18 - [TEST_STEP][PASSED] - i3 = x.indexOf("/") + 1: null

29-01-2025T04:34:18 - [TEST_STEP][PASSED] - x = x.substring(i3, x.length()): null

29-01-2025T04:34:18 - [TEST_STEP][PASSED] - return x: null

29-01-2025T04:34:18 - [TEST_STEP][PASSED] - i = tableB.indexOf("Кавказ"): null

29-01-2025T04:34:18 - [TEST_STEP][PASSED] - MosB = replaceAll("\p{P}", "").trim(): null

29-01-2025T04:34:18 - [TEST_STEP][PASSED] - println("MosB: " + MosB): null

29-01-2025T04:34:18 - [TEST_STEP][PASSED] - for ([i = 1, i < 3, (i++)]): null

29-01-2025T04:34:18 - [TEST_STEP][PASSED] - tableB = Script1719551244403.NewDZO(x = tableB): null

29-01-2025T04:34:18 - [TEST_STEP][PASSED] - i3 = <not implemented yet for class: org.codehaus.groovy.ast.expr.EmptyExpression>: null

29-01-2025T04:34:18 - [TEST_STEP][PASSED] - i3 = x.indexOf("/") + 1: null

29-01-2025T04:34:18 - [TEST_STEP][PASSED] - x = x.substring(i3, x.length()): null

29-01-2025T04:34:18 - [TEST_STEP][PASSED] - return x: null

29-01-2025T04:34:18 - [TEST_STEP][PASSED] - tableB = Script1719551244403.NewDZO(x = tableB): null

29-01-2025T04:34:18 - [TEST_STEP][PASSED] - i3 = <not implemented yet for class: org.codehaus.groovy.ast.expr.EmptyExpression>: null

29-01-2025T04:34:18 - [TEST_STEP][PASSED] - i3 = x.indexOf("/") + 1: null

29-01-2025T04:34:18 - [TEST_STEP][PASSED] - x = x.substring(i3, x.length()): null

29-01-2025T04:34:18 - [TEST_STEP][PASSED] - return x: null

29-01-2025T04:34:18 - [TEST_STEP][PASSED] - i = tableB.indexOf("Запад"): null

29-01-2025T04:34:18 - [TEST_STEP][PASSED] - SKB = replaceAll("\p{P}", "").trim(): null

29-01-2025T04:34:18 - [TEST_STEP][PASSED] - println("SKB: " + SKB): null

29-01-2025T04:34:18 - [TEST_STEP][PASSED] - for ([i = 1, i < 7, (i++)]): null

29-01-2025T04:34:18 - [TEST_STEP][PASSED] - tableB = Script1719551244403.NewDZO(x = tableB): null

29-01-2025T04:34:18 - [TEST_STEP][PASSED] - i3 = <not implemented yet for class: org.codehaus.groovy.ast.expr.EmptyExpression>: null

29-01-2025T04:34:18 - [TEST_STEP][PASSED] - i3 = x.indexOf("/") + 1: null

29-01-2025T04:34:18 - [TEST_STEP][PASSED] - x = x.substring(i3, x.length()): null

29-01-2025T04:34:18 - [TEST_STEP][PASSED] - return x: null

29-01-2025T04:34:18 - [TEST_STEP][PASSED] - tableB = Script1719551244403.NewDZO(x = tableB): null

29-01-2025T04:34:18 - [TEST_STEP][PASSED] - i3 = <not implemented yet for class: org.codehaus.groovy.ast.expr.EmptyExpression>: null

29-01-2025T04:34:18 - [TEST_STEP][PASSED] - i3 = x.indexOf("/") + 1: null

29-01-2025T04:34:18 - [TEST_STEP][PASSED] - x = x.substring(i3, x.length()): null

29-01-2025T04:34:18 - [TEST_STEP][PASSED] - return x: null

29-01-2025T04:34:18 - [TEST_STEP][PASSED] - tableB = Script1719551244403.NewDZO(x = tableB): null

29-01-2025T04:34:18 - [TEST_STEP][PASSED] - i3 = <not implemented yet for class: org.codehaus.groovy.ast.expr.EmptyExpression>: null

29-01-2025T04:34:18 - [TEST_STEP][PASSED] - i3 = x.indexOf("/") + 1: null

29-01-2025T04:34:18 - [TEST_STEP][PASSED] - x = x.substring(i3, x.length()): null

29-01-2025T04:34:18 - [TEST_STEP][PASSED] - return x: null

29-01-2025T04:34:18 - [TEST_STEP][PASSED] - tableB = Script1719551244403.NewDZO(x = tableB): null

29-01-2025T04:34:18 - [TEST_STEP][PASSED] - i3 = <not implemented yet for class: org.codehaus.groovy.ast.expr.EmptyExpression>: null

29-01-2025T04:34:18 - [TEST_STEP][PASSED] - i3 = x.indexOf("/") + 1: null

29-01-2025T04:34:18 - [TEST_STEP][PASSED] - x = x.substring(i3, x.length()): null

29-01-2025T04:34:18 - [TEST_STEP][PASSED] - return x: null

29-01-2025T04:34:18 - [TEST_STEP][PASSED] - tableB = Script1719551244403.NewDZO(x = tableB): null

29-01-2025T04:34:18 - [TEST_STEP][PASSED] - i3 = <not implemented yet for class: org.codehaus.groovy.ast.expr.EmptyExpression>: null

29-01-2025T04:34:18 - [TEST_STEP][PASSED] - i3 = x.indexOf("/") + 1: null

29-01-2025T04:34:18 - [TEST_STEP][PASSED] - x = x.substring(i3, x.length()): null

29-01-2025T04:34:18 - [TEST_STEP][PASSED] - return x: null

29-01-2025T04:34:18 - [TEST_STEP][PASSED] - tableB = Script1719551244403.NewDZO(x = tableB): null

29-01-2025T04:34:18 - [TEST_STEP][PASSED] - i3 = <not implemented yet for class: org.codehaus.groovy.ast.expr.EmptyExpression>: null

29-01-2025T04:34:18 - [TEST_STEP][PASSED] - i3 = x.indexOf("/") + 1: null

29-01-2025T04:34:18 - [TEST_STEP][PASSED] - x = x.substring(i3, x.length()): null

29-01-2025T04:34:18 - [TEST_STEP][PASSED] - return x: null

29-01-2025T04:34:18 - [TEST_STEP][PASSED] - i = tableB.indexOf("Сибирь"): null

29-01-2025T04:34:18 - [TEST_STEP][PASSED] - SZB = replaceAll("\p{P}", "").trim(): null

29-01-2025T04:34:18 - [TEST_STEP][PASSED] - println("SZB: " + SZB): null

29-01-2025T04:34:18 - [TEST_STEP][PASSED] - for ([i = 1, i < 8, (i++)]): null

29-01-2025T04:34:18 - [TEST_STEP][PASSED] - tableB = Script1719551244403.NewDZO(x = tableB): null

29-01-2025T04:34:18 - [TEST_STEP][PASSED] - i3 = <not implemented yet for class: org.codehaus.groovy.ast.expr.EmptyExpression>: null

29-01-2025T04:34:18 - [TEST_STEP][PASSED] - i3 = x.indexOf("/") + 1: null

29-01-2025T04:34:18 - [TEST_STEP][PASSED] - x = x.substring(i3, x.length()): null

29-01-2025T04:34:18 - [TEST_STEP][PASSED] - return x: null

29-01-2025T04:34:18 - [TEST_STEP][PASSED] - tableB = Script1719551244403.NewDZO(x = tableB): null

29-01-2025T04:34:18 - [TEST_STEP][PASSED] - i3 = <not implemented yet for class: org.codehaus.groovy.ast.expr.EmptyExpression>: null

29-01-2025T04:34:18 - [TEST_STEP][PASSED] - i3 = x.indexOf("/") + 1: null

29-01-2025T04:34:18 - [TEST_STEP][PASSED] - x = x.substring(i3, x.length()): null

29-01-2025T04:34:18 - [TEST_STEP][PASSED] - return x: null

29-01-2025T04:34:18 - [TEST_STEP][PASSED] - tableB = Script1719551244403.NewDZO(x = tableB): null

29-01-2025T04:34:18 - [TEST_STEP][PASSED] - i3 = <not implemented yet for class: org.codehaus.groovy.ast.expr.EmptyExpression>: null

29-01-2025T04:34:18 - [TEST_STEP][PASSED] - i3 = x.indexOf("/") + 1: null

29-01-2025T04:34:18 - [TEST_STEP][PASSED] - x = x.substring(i3, x.length()): null

29-01-2025T04:34:18 - [TEST_STEP][PASSED] - return x: null

29-01-2025T04:34:18 - [TEST_STEP][PASSED] - tableB = Script1719551244403.NewDZO(x = tableB): null

29-01-2025T04:34:18 - [TEST_STEP][PASSED] - i3 = <not implemented yet for class: org.codehaus.groovy.ast.expr.EmptyExpression>: null

29-01-2025T04:34:18 - [TEST_STEP][PASSED] - i3 = x.indexOf("/") + 1: null

29-01-2025T04:34:18 - [TEST_STEP][PASSED] - x = x.substring(i3, x.length()): null

29-01-2025T04:34:18 - [TEST_STEP][PASSED] - return x: null

29-01-2025T04:34:18 - [TEST_STEP][PASSED] - tableB = Script1719551244403.NewDZO(x = tableB): null

29-01-2025T04:34:18 - [TEST_STEP][PASSED] - i3 = <not implemented yet for class: org.codehaus.groovy.ast.expr.EmptyExpression>: null

29-01-2025T04:34:18 - [TEST_STEP][PASSED] - i3 = x.indexOf("/") + 1: null

29-01-2025T04:34:18 - [TEST_STEP][PASSED] - x = x.substring(i3, x.length()): null

29-01-2025T04:34:18 - [TEST_STEP][PASSED] - return x: null

29-01-2025T04:34:18 - [TEST_STEP][PASSED] - tableB = Script1719551244403.NewDZO(x = tableB): null

29-01-2025T04:34:18 - [TEST_STEP][PASSED] - i3 = <not implemented yet for class: org.codehaus.groovy.ast.expr.EmptyExpression>: null

29-01-2025T04:34:18 - [TEST_STEP][PASSED] - i3 = x.indexOf("/") + 1: null

29-01-2025T04:34:18 - [TEST_STEP][PASSED] - x = x.substring(i3, x.length()): null

29-01-2025T04:34:18 - [TEST_STEP][PASSED] - return x: null

29-01-2025T04:34:18 - [TEST_STEP][PASSED] - tableB = Script1719551244403.NewDZO(x = tableB): null

29-01-2025T04:34:18 - [TEST_STEP][PASSED] - i3 = <not implemented yet for class: org.codehaus.groovy.ast.expr.EmptyExpression>: null

29-01-2025T04:34:18 - [TEST_STEP][PASSED] - i3 = x.indexOf("/") + 1: null

29-01-2025T04:34:18 - [TEST_STEP][PASSED] - x = x.substring(i3, x.length()): null

29-01-2025T04:34:18 - [TEST_STEP][PASSED] - return x: null

29-01-2025T04:34:18 - [TEST_STEP][PASSED] - i = tableB.indexOf("Томск"): null

29-01-2025T04:34:18 - [TEST_STEP][PASSED] - SiB = replaceAll("\p{P}", "").trim(): null

29-01-2025T04:34:18 - [TEST_STEP][PASSED] - println("SiB: " + SiB): null

29-01-2025T04:34:18 - [TEST_STEP][PASSED] - for ([i = 1, i < 9, (i++)]): null

29-01-2025T04:34:18 - [TEST_STEP][PASSED] - tableB = Script1719551244403.NewDZO(x = tableB): null

29-01-2025T04:34:18 - [TEST_STEP][PASSED] - i3 = <not implemented yet for class: org.codehaus.groovy.ast.expr.EmptyExpression>: null

29-01-2025T04:34:18 - [TEST_STEP][PASSED] - i3 = x.indexOf("/") + 1: null

29-01-2025T04:34:18 - [TEST_STEP][PASSED] - x = x.substring(i3, x.length()): null

29-01-2025T04:34:18 - [TEST_STEP][PASSED] - return x: null

29-01-2025T04:34:18 - [TEST_STEP][PASSED] - tableB = Script1719551244403.NewDZO(x = tableB): null

29-01-2025T04:34:18 - [TEST_STEP][PASSED] - i3 = <not implemented yet for class: org.codehaus.groovy.ast.expr.EmptyExpression>: null

29-01-2025T04:34:18 - [TEST_STEP][PASSED] - i3 = x.indexOf("/") + 1: null

29-01-2025T04:34:18 - [TEST_STEP][PASSED] - x = x.substring(i3, x.length()): null

29-01-2025T04:34:18 - [TEST_STEP][PASSED] - return x: null

29-01-2025T04:34:18 - [TEST_STEP][PASSED] - tableB = Script1719551244403.NewDZO(x = tableB): null

29-01-2025T04:34:18 - [TEST_STEP][PASSED] - i3 = <not implemented yet for class: org.codehaus.groovy.ast.expr.EmptyExpression>: null

29-01-2025T04:34:18 - [TEST_STEP][PASSED] - i3 = x.indexOf("/") + 1: null

29-01-2025T04:34:18 - [TEST_STEP][PASSED] - x = x.substring(i3, x.length()): null

29-01-2025T04:34:18 - [TEST_STEP][PASSED] - return x: null

29-01-2025T04:34:18 - [TEST_STEP][PASSED] - tableB = Script1719551244403.NewDZO(x = tableB): null

29-01-2025T04:34:18 - [TEST_STEP][PASSED] - i3 = <not implemented yet for class: org.codehaus.groovy.ast.expr.EmptyExpression>: null

29-01-2025T04:34:18 - [TEST_STEP][PASSED] - i3 = x.indexOf("/") + 1: null

29-01-2025T04:34:18 - [TEST_STEP][PASSED] - x = x.substring(i3, x.length()): null

29-01-2025T04:34:18 - [TEST_STEP][PASSED] - return x: null

29-01-2025T04:34:18 - [TEST_STEP][PASSED] - tableB = Script1719551244403.NewDZO(x = tableB): null

29-01-2025T04:34:18 - [TEST_STEP][PASSED] - i3 = <not implemented yet for class: org.codehaus.groovy.ast.expr.EmptyExpression>: null

29-01-2025T04:34:18 - [TEST_STEP][PASSED] - i3 = x.indexOf("/") + 1: null

29-01-2025T04:34:18 - [TEST_STEP][PASSED] - x = x.substring(i3, x.length()): null

29-01-2025T04:34:18 - [TEST_STEP][PASSED] - return x: null

29-01-2025T04:34:18 - [TEST_STEP][PASSED] - tableB = Script1719551244403.NewDZO(x = tableB): null

29-01-2025T04:34:18 - [TEST_STEP][PASSED] - i3 = <not implemented yet for class: org.codehaus.groovy.ast.expr.EmptyExpression>: null

29-01-2025T04:34:18 - [TEST_STEP][PASSED] - i3 = x.indexOf("/") + 1: null

29-01-2025T04:34:18 - [TEST_STEP][PASSED] - x = x.substring(i3, x.length()): null

29-01-2025T04:34:18 - [TEST_STEP][PASSED] - return x: null

29-01-2025T04:34:18 - [TEST_STEP][PASSED] - tableB = Script1719551244403.NewDZO(x = tableB): null

29-01-2025T04:34:18 - [TEST_STEP][PASSED] - i3 = <not implemented yet for class: org.codehaus.groovy.ast.expr.EmptyExpression>: null

29-01-2025T04:34:18 - [TEST_STEP][PASSED] - i3 = x.indexOf("/") + 1: null

29-01-2025T04:34:18 - [TEST_STEP][PASSED] - x = x.substring(i3, x.length()): null

29-01-2025T04:34:18 - [TEST_STEP][PASSED] - return x: null

29-01-2025T04:34:18 - [TEST_STEP][PASSED] - tableB = Script1719551244403.NewDZO(x = tableB): null

29-01-2025T04:34:18 - [TEST_STEP][PASSED] - i3 = <not implemented yet for class: org.codehaus.groovy.ast.expr.EmptyExpression>: null

29-01-2025T04:34:18 - [TEST_STEP][PASSED] - i3 = x.indexOf("/") + 1: null

29-01-2025T04:34:18 - [TEST_STEP][PASSED] - x = x.substring(i3, x.length()): null

29-01-2025T04:34:18 - [TEST_STEP][PASSED] - return x: null

29-01-2025T04:34:18 - [TEST_STEP][PASSED] - i = tableB.indexOf("Тюмень"): null

29-01-2025T04:34:18 - [TEST_STEP][PASSED] - ToB = replaceAll("\p{P}", "").trim(): null

29-01-2025T04:34:18 - [TEST_STEP][PASSED] - println("ToB: " + ToB): null

29-01-2025T04:34:18 - [TEST_STEP][PASSED] - tableB = Script1719551244403.NewDZO(x = tableB): null

29-01-2025T04:34:18 - [TEST_STEP][PASSED] - i3 = <not implemented yet for class: org.codehaus.groovy.ast.expr.EmptyExpression>: null

29-01-2025T04:34:18 - [TEST_STEP][PASSED] - i3 = x.indexOf("/") + 1: null

29-01-2025T04:34:18 - [TEST_STEP][PASSED] - x = x.substring(i3, x.length()): null

29-01-2025T04:34:18 - [TEST_STEP][PASSED] - return x: null

29-01-2025T04:34:18 - [TEST_STEP][PASSED] - TyuB = replaceAll("\p{P}", "").trim(): null

29-01-2025T04:34:18 - [TEST_STEP][PASSED] - println("TyuB: " + TyuB): null

29-01-2025T04:34:18 - [TEST_STEP][PASSED] - tableB = Script1719551244403.NewDZO(x = tableB): null

29-01-2025T04:34:18 - [TEST_STEP][PASSED] - i3 = <not implemented yet for class: org.codehaus.groovy.ast.expr.EmptyExpression>: null

29-01-2025T04:34:18 - [TEST_STEP][PASSED] - i3 = x.indexOf("/") + 1: null

29-01-2025T04:34:18 - [TEST_STEP][PASSED] - x = x.substring(i3, x.length()): null

29-01-2025T04:34:18 - [TEST_STEP][PASSED] - return x: null

29-01-2025T04:34:18 - [TEST_STEP][PASSED] - i = tableB.indexOf("ЕЭС"): null

29-01-2025T04:34:18 - [TEST_STEP][PASSED] - UrB = replaceAll("\p{P}", "").trim(): null

29-01-2025T04:34:18 - [TEST_STEP][PASSED] - println("UrB: " + UrB): null

29-01-2025T04:34:18 - [TEST_STEP][PASSED] - for ([i = 1, i < 4, (i++)]): null

29-01-2025T04:34:18 - [TEST_STEP][PASSED] - tableB = Script1719551244403.NewDZO(x = tableB): null

29-01-2025T04:34:18 - [TEST_STEP][PASSED] - i3 = <not implemented yet for class: org.codehaus.groovy.ast.expr.EmptyExpression>: null

29-01-2025T04:34:18 - [TEST_STEP][PASSED] - i3 = x.indexOf("/") + 1: null

29-01-2025T04:34:18 - [TEST_STEP][PASSED] - x = x.substring(i3, x.length()): null

29-01-2025T04:34:18 - [TEST_STEP][PASSED] - return x: null

29-01-2025T04:34:18 - [TEST_STEP][PASSED] - tableB = Script1719551244403.NewDZO(x = tableB): null

29-01-2025T04:34:18 - [TEST_STEP][PASSED] - i3 = <not implemented yet for class: org.codehaus.groovy.ast.expr.EmptyExpression>: null

29-01-2025T04:34:18 - [TEST_STEP][PASSED] - i3 = x.indexOf("/") + 1: null

29-01-2025T04:34:18 - [TEST_STEP][PASSED] - x = x.substring(i3, x.length()): null

29-01-2025T04:34:18 - [TEST_STEP][PASSED] - return x: null

29-01-2025T04:34:18 - [TEST_STEP][PASSED] - tableB = Script1719551244403.NewDZO(x = tableB): null

29-01-2025T04:34:18 - [TEST_STEP][PASSED] - i3 = <not implemented yet for class: org.codehaus.groovy.ast.expr.EmptyExpression>: null

29-01-2025T04:34:18 - [TEST_STEP][PASSED] - i3 = x.indexOf("/") + 1: null

29-01-2025T04:34:18 - [TEST_STEP][PASSED] - x = x.substring(i3, x.length()): null

29-01-2025T04:34:18 - [TEST_STEP][PASSED] - return x: null

29-01-2025T04:34:18 - [TEST_STEP][PASSED] - i = tableB.indexOf("Центр"): null

29-01-2025T04:34:18 - [TEST_STEP][PASSED] - FSKB = replaceAll("\p{P}", "").trim(): null

29-01-2025T04:34:18 - [TEST_STEP][PASSED] - println("FSKB: " + FSKB): null

29-01-2025T04:34:18 - [TEST_STEP][PASSED] - tableB = Script1719551244403.NewDZO(x = tableB): null

29-01-2025T04:34:18 - [TEST_STEP][PASSED] - i3 = <not implemented yet for class: org.codehaus.groovy.ast.expr.EmptyExpression>: null

29-01-2025T04:34:18 - [TEST_STEP][PASSED] - i3 = x.indexOf("/") + 1: null

29-01-2025T04:34:18 - [TEST_STEP][PASSED] - x = x.substring(i3, x.length()): null

29-01-2025T04:34:18 - [TEST_STEP][PASSED] - return x: null

29-01-2025T04:34:18 - [TEST_STEP][PASSED] - i = tableB.indexOf("Приволжье"): null

29-01-2025T04:34:18 - [TEST_STEP][PASSED] - CenB = replaceAll("\p{P}", "").trim(): null

29-01-2025T04:34:18 - [TEST_STEP][PASSED] - println("CenB: " + CenB): null

29-01-2025T04:34:18 - [TEST_STEP][PASSED] - for ([i = 1, i < 12, (i++)]): null

29-01-2025T04:34:18 - [TEST_STEP][PASSED] - tableB = Script1719551244403.NewDZO(x = tableB): null

29-01-2025T04:34:18 - [TEST_STEP][PASSED] - i3 = <not implemented yet for class: org.codehaus.groovy.ast.expr.EmptyExpression>: null

29-01-2025T04:34:18 - [TEST_STEP][PASSED] - i3 = x.indexOf("/") + 1: null

29-01-2025T04:34:18 - [TEST_STEP][PASSED] - x = x.substring(i3, x.length()): null

29-01-2025T04:34:18 - [TEST_STEP][PASSED] - return x: null

29-01-2025T04:34:18 - [TEST_STEP][PASSED] - tableB = Script1719551244403.NewDZO(x = tableB): null

29-01-2025T04:34:18 - [TEST_STEP][PASSED] - i3 = <not implemented yet for class: org.codehaus.groovy.ast.expr.EmptyExpression>: null

29-01-2025T04:34:18 - [TEST_STEP][PASSED] - i3 = x.indexOf("/") + 1: null

29-01-2025T04:34:18 - [TEST_STEP][PASSED] - x = x.substring(i3, x.length()): null

29-01-2025T04:34:18 - [TEST_STEP][PASSED] - return x: null

29-01-2025T04:34:18 - [TEST_STEP][PASSED] - tableB = Script1719551244403.NewDZO(x = tableB): null

29-01-2025T04:34:18 - [TEST_STEP][PASSED] - i3 = <not implemented yet for class: org.codehaus.groovy.ast.expr.EmptyExpression>: null

29-01-2025T04:34:18 - [TEST_STEP][PASSED] - i3 = x.indexOf("/") + 1: null

29-01-2025T04:34:18 - [TEST_STEP][PASSED] - x = x.substring(i3, x.length()): null

29-01-2025T04:34:18 - [TEST_STEP][PASSED] - return x: null

29-01-2025T04:34:18 - [TEST_STEP][PASSED] - tableB = Script1719551244403.NewDZO(x = tableB): null

29-01-2025T04:34:18 - [TEST_STEP][PASSED] - i3 = <not implemented yet for class: org.codehaus.groovy.ast.expr.EmptyExpression>: null

29-01-2025T04:34:18 - [TEST_STEP][PASSED] - i3 = x.indexOf("/") + 1: null

29-01-2025T04:34:18 - [TEST_STEP][PASSED] - x = x.substring(i3, x.length()): null

29-01-2025T04:34:18 - [TEST_STEP][PASSED] - return x: null

29-01-2025T04:34:18 - [TEST_STEP][PASSED] - tableB = Script1719551244403.NewDZO(x = tableB): null

29-01-2025T04:34:18 - [TEST_STEP][PASSED] - i3 = <not implemented yet for class: org.codehaus.groovy.ast.expr.EmptyExpression>: null

29-01-2025T04:34:18 - [TEST_STEP][PASSED] - i3 = x.indexOf("/") + 1: null

29-01-2025T04:34:18 - [TEST_STEP][PASSED] - x = x.substring(i3, x.length()): null

29-01-2025T04:34:18 - [TEST_STEP][PASSED] - return x: null

29-01-2025T04:34:18 - [TEST_STEP][PASSED] - tableB = Script1719551244403.NewDZO(x = tableB): null

29-01-2025T04:34:18 - [TEST_STEP][PASSED] - i3 = <not implemented yet for class: org.codehaus.groovy.ast.expr.EmptyExpression>: null

29-01-2025T04:34:18 - [TEST_STEP][PASSED] - i3 = x.indexOf("/") + 1: null

29-01-2025T04:34:18 - [TEST_STEP][PASSED] - x = x.substring(i3, x.length()): null

29-01-2025T04:34:18 - [TEST_STEP][PASSED] - return x: null

29-01-2025T04:34:18 - [TEST_STEP][PASSED] - tableB = Script1719551244403.NewDZO(x = tableB): null

29-01-2025T04:34:18 - [TEST_STEP][PASSED] - i3 = <not implemented yet for class: org.codehaus.groovy.ast.expr.EmptyExpression>: null

29-01-2025T04:34:18 - [TEST_STEP][PASSED] - i3 = x.indexOf("/") + 1: null

29-01-2025T04:34:18 - [TEST_STEP][PASSED] - x = x.substring(i3, x.length()): null

29-01-2025T04:34:18 - [TEST_STEP][PASSED] - return x: null

29-01-2025T04:34:18 - [TEST_STEP][PASSED] - tableB = Script1719551244403.NewDZO(x = tableB): null

29-01-2025T04:34:18 - [TEST_STEP][PASSED] - i3 = <not implemented yet for class: org.codehaus.groovy.ast.expr.EmptyExpression>: null

29-01-2025T04:34:18 - [TEST_STEP][PASSED] - i3 = x.indexOf("/") + 1: null

29-01-2025T04:34:18 - [TEST_STEP][PASSED] - x = x.substring(i3, x.length()): null

29-01-2025T04:34:18 - [TEST_STEP][PASSED] - return x: null

29-01-2025T04:34:18 - [TEST_STEP][PASSED] - tableB = Script1719551244403.NewDZO(x = tableB): null

29-01-2025T04:34:18 - [TEST_STEP][PASSED] - i3 = <not implemented yet for class: org.codehaus.groovy.ast.expr.EmptyExpression>: null

29-01-2025T04:34:18 - [TEST_STEP][PASSED] - i3 = x.indexOf("/") + 1: null

29-01-2025T04:34:18 - [TEST_STEP][PASSED] - x = x.substring(i3, x.length()): null

29-01-2025T04:34:18 - [TEST_STEP][PASSED] - return x: null

29-01-2025T04:34:18 - [TEST_STEP][PASSED] - tableB = Script1719551244403.NewDZO(x = tableB): null

29-01-2025T04:34:18 - [TEST_STEP][PASSED] - i3 = <not implemented yet for class: org.codehaus.groovy.ast.expr.EmptyExpression>: null

29-01-2025T04:34:18 - [TEST_STEP][PASSED] - i3 = x.indexOf("/") + 1: null

29-01-2025T04:34:18 - [TEST_STEP][PASSED] - x = x.substring(i3, x.length()): null

29-01-2025T04:34:18 - [TEST_STEP][PASSED] - return x: null

29-01-2025T04:34:18 - [TEST_STEP][PASSED] - tableB = Script1719551244403.NewDZO(x = tableB): null

29-01-2025T04:34:18 - [TEST_STEP][PASSED] - i3 = <not implemented yet for class: org.codehaus.groovy.ast.expr.EmptyExpression>: null

29-01-2025T04:34:18 - [TEST_STEP][PASSED] - i3 = x.indexOf("/") + 1: null

29-01-2025T04:34:18 - [TEST_STEP][PASSED] - x = x.substring(i3, x.length()): null

29-01-2025T04:34:18 - [TEST_STEP][PASSED] - return x: null

29-01-2025T04:34:18 - [TEST_STEP][PASSED] - i = tableB.indexOf("Юг"): null

29-01-2025T04:34:18 - [TEST_STEP][PASSED] - CiPB = replaceAll("\p{P}", "").trim(): null

29-01-2025T04:34:18 - [TEST_STEP][PASSED] - println("CiPB: " + CiPB): null

29-01-2025T04:34:18 - [TEST_STEP][PASSED] - for ([i = 1, i < 10, (i++)]): null

29-01-2025T04:34:18 - [TEST_STEP][PASSED] - tableB = Script1719551244403.NewDZO(x = tableB): null

29-01-2025T04:34:18 - [TEST_STEP][PASSED] - i3 = <not implemented yet for class: org.codehaus.groovy.ast.expr.EmptyExpression>: null

29-01-2025T04:34:18 - [TEST_STEP][PASSED] - i3 = x.indexOf("/") + 1: null

29-01-2025T04:34:18 - [TEST_STEP][PASSED] - x = x.substring(i3, x.length()): null

29-01-2025T04:34:18 - [TEST_STEP][PASSED] - return x: null

29-01-2025T04:34:18 - [TEST_STEP][PASSED] - tableB = Script1719551244403.NewDZO(x = tableB): null

29-01-2025T04:34:18 - [TEST_STEP][PASSED] - i3 = <not implemented yet for class: org.codehaus.groovy.ast.expr.EmptyExpression>: null

29-01-2025T04:34:18 - [TEST_STEP][PASSED] - i3 = x.indexOf("/") + 1: null

29-01-2025T04:34:18 - [TEST_STEP][PASSED] - x = x.substring(i3, x.length()): null

29-01-2025T04:34:18 - [TEST_STEP][PASSED] - return x: null

29-01-2025T04:34:18 - [TEST_STEP][PASSED] - tableB = Script1719551244403.NewDZO(x = tableB): null

29-01-2025T04:34:18 - [TEST_STEP][PASSED] - i3 = <not implemented yet for class: org.codehaus.groovy.ast.expr.EmptyExpression>: null

29-01-2025T04:34:18 - [TEST_STEP][PASSED] - i3 = x.indexOf("/") + 1: null

29-01-2025T04:34:18 - [TEST_STEP][PASSED] - x = x.substring(i3, x.length()): null

29-01-2025T04:34:18 - [TEST_STEP][PASSED] - return x: null

29-01-2025T04:34:18 - [TEST_STEP][PASSED] - tableB = Script1719551244403.NewDZO(x = tableB): null

29-01-2025T04:34:18 - [TEST_STEP][PASSED] - i3 = <not implemented yet for class: org.codehaus.groovy.ast.expr.EmptyExpression>: null

29-01-2025T04:34:18 - [TEST_STEP][PASSED] - i3 = x.indexOf("/") + 1: null

29-01-2025T04:34:18 - [TEST_STEP][PASSED] - x = x.substring(i3, x.length()): null

29-01-2025T04:34:18 - [TEST_STEP][PASSED] - return x: null

29-01-2025T04:34:18 - [TEST_STEP][PASSED] - tableB = Script1719551244403.NewDZO(x = tableB): null

29-01-2025T04:34:18 - [TEST_STEP][PASSED] - i3 = <not implemented yet for class: org.codehaus.groovy.ast.expr.EmptyExpression>: null

29-01-2025T04:34:18 - [TEST_STEP][PASSED] - i3 = x.indexOf("/") + 1: null

29-01-2025T04:34:18 - [TEST_STEP][PASSED] - x = x.substring(i3, x.length()): null

29-01-2025T04:34:18 - [TEST_STEP][PASSED] - return x: null

29-01-2025T04:34:18 - [TEST_STEP][PASSED] - tableB = Script1719551244403.NewDZO(x = tableB): null

29-01-2025T04:34:18 - [TEST_STEP][PASSED] - i3 = <not implemented yet for class: org.codehaus.groovy.ast.expr.EmptyExpression>: null

29-01-2025T04:34:18 - [TEST_STEP][PASSED] - i3 = x.indexOf("/") + 1: null

29-01-2025T04:34:18 - [TEST_STEP][PASSED] - x = x.substring(i3, x.length()): null

29-01-2025T04:34:18 - [TEST_STEP][PASSED] - return x: null

29-01-2025T04:34:18 - [TEST_STEP][PASSED] - tableB = Script1719551244403.NewDZO(x = tableB): null

29-01-2025T04:34:18 - [TEST_STEP][PASSED] - i3 = <not implemented yet for class: org.codehaus.groovy.ast.expr.EmptyExpression>: null

29-01-2025T04:34:18 - [TEST_STEP][PASSED] - i3 = x.indexOf("/") + 1: null

29-01-2025T04:34:18 - [TEST_STEP][PASSED] - x = x.substring(i3, x.length()): null

29-01-2025T04:34:18 - [TEST_STEP][PASSED] - return x: null

29-01-2025T04:34:18 - [TEST_STEP][PASSED] - tableB = Script1719551244403.NewDZO(x = tableB): null

29-01-2025T04:34:18 - [TEST_STEP][PASSED] - i3 = <not implemented yet for class: org.codehaus.groovy.ast.expr.EmptyExpression>: null

29-01-2025T04:34:18 - [TEST_STEP][PASSED] - i3 = x.indexOf("/") + 1: null

29-01-2025T04:34:18 - [TEST_STEP][PASSED] - x = x.substring(i3, x.length()): null

29-01-2025T04:34:18 - [TEST_STEP][PASSED] - return x: null

29-01-2025T04:34:18 - [TEST_STEP][PASSED] - tableB = Script1719551244403.NewDZO(x = tableB): null

29-01-2025T04:34:18 - [TEST_STEP][PASSED] - i3 = <not implemented yet for class: org.codehaus.groovy.ast.expr.EmptyExpression>: null

29-01-2025T04:34:18 - [TEST_STEP][PASSED] - i3 = x.indexOf("/") + 1: null

29-01-2025T04:34:18 - [TEST_STEP][PASSED] - x = x.substring(i3, x.length()): null

29-01-2025T04:34:18 - [TEST_STEP][PASSED] - return x: null

29-01-2025T04:34:18 - [TEST_STEP][PASSED] - i = tableB.indexOf("Янтарь"): null

29-01-2025T04:34:18 - [TEST_STEP][PASSED] - UgB = replaceAll("\p{P}", "").trim(): null

29-01-2025T04:34:18 - [TEST_STEP][PASSED] - println("UgB: " + UgB): null

29-01-2025T04:34:18 - [TEST_STEP][PASSED] - i = tableB.lastIndexOf("/"): null

29-01-2025T04:34:18 - [TEST_STEP][PASSED] - YaB = replaceAll("\p{P}", "").trim(): null

29-01-2025T04:34:18 - [TEST_STEP][PASSED] - println("YaB: " + YaB): null

29-01-2025T04:34:18 - [TEST_STEP][PASSED] - vidget = "Отклонения выручки по факторам": null

29-01-2025T04:34:18 - [TEST_STEP][PASSED] - if (run == 2): null

29-01-2025T04:34:18 - [TEST_STEP][PASSED] - Script1719551244403.Test(run, todaysDate, typeOfData, otobrajeniyeDannyh, x, y, vidget, DZO): null

29-01-2025T04:34:18 - [TEST_STEP][PASSED] - navigateToUrl(findTestData("PlanFact").getValue(10, 3)): Navigate to 'https://bi.rosseti.digital/viewer?dashboardGuid=2301950b23be4ed89c1df75f2020051e&sheetGuid=ccd7d7486b3d4e6fa0ee9b1eaebed46c&fit=true' successfully

29-01-2025T04:34:19 - [MESSAGE][PASSED] - Navigate to 'https://bi.rosseti.digital/viewer?dashboardGuid=2301950b23be4ed89c1df75f2020051e&sheetGuid=ccd7d7486b3d4e6fa0ee9b1eaebed46c&fit=true' successfully

29-01-2025T04:34:19 - [TEST_STEP][PASSED] - Script1719551244403.Autorization(run): null

29-01-2025T04:34:19 - [TEST_STEP][PASSED] - delay(10): Delayed 10 second(s)

29-01-2025T04:34:29 - [MESSAGE][PASSED] - Delayed 10 second(s)

29-01-2025T04:34:29 - [TEST_STEP][PASSED] - if (run == 1): null

29-01-2025T04:34:29 - [TEST_STEP][PASSED] - i = <not implemented yet for class: org.codehaus.groovy.ast.expr.EmptyExpression>: null

29-01-2025T04:34:29 - [TEST_STEP][PASSED] - ii = <not implemented yet for class: org.codehaus.groovy.ast.expr.EmptyExpression>: null

29-01-2025T04:34:29 - [TEST_STEP][PASSED] - a = <not implemented yet for class: org.codehaus.groovy.ast.expr.EmptyExpression>: null

29-01-2025T04:34:29 - [TEST_STEP][PASSED] - a1 = <not implemented yet for class: org.codehaus.groovy.ast.expr.EmptyExpression>: null

29-01-2025T04:34:29 - [TEST_STEP][PASSED] - a2 = <not implemented yet for class: org.codehaus.groovy.ast.expr.EmptyExpression>: null

29-01-2025T04:34:29 - [TEST_STEP][PASSED] - click(findTestObject("Факторный анализ/Фильтр Период")): Object: 'Object Repository/Факторный анализ/Фильтр Период' is clicked on

29-01-2025T04:34:29 - [MESSAGE][PASSED] - Object: 'Object Repository/Факторный анализ/Фильтр Период' is clicked on

29-01-2025T04:34:29 - [TEST_STEP][PASSED] - click(findTestObject("Факторный анализ/Снять выделение в фильтре Дата")): Object: 'Object Repository/Факторный анализ/Снять выделение в фильтре Дата' is clicked on

29-01-2025T04:34:30 - [MESSAGE][PASSED] - Object: 'Object Repository/Факторный анализ/Снять выделение в фильтре Дата' is clicked on

29-01-2025T04:34:30 - [TEST_STEP][PASSED] - click(findTestObject("Факторный анализ/Применить в фильтре Дата")): Object: 'Object Repository/Факторный анализ/Применить в фильтре Дата' is clicked on

29-01-2025T04:34:31 - [MESSAGE][PASSED] - Object: 'Object Repository/Факторный анализ/Применить в фильтре Дата' is clicked on

29-01-2025T04:34:31 - [TEST_STEP][PASSED] - delay(10): Delayed 10 second(s)

29-01-2025T04:34:41 - [MESSAGE][PASSED] - Delayed 10 second(s)

29-01-2025T04:34:41 - [TEST_STEP][PASSED] - click(findTestObject("Факторный анализ/Фильтр Период")): Object: 'Object Repository/Факторный анализ/Фильтр Период' is clicked on

29-01-2025T04:34:41 - [MESSAGE][PASSED] - Object: 'Object Repository/Факторный анализ/Фильтр Период' is clicked on

29-01-2025T04:34:41 - [TEST_STEP][PASSED] - click(findTestObject("Факторный анализ/Снять выделение в фильтре Дата")): Object: 'Object Repository/Факторный анализ/Снять выделение в фильтре Дата' is clicked on

29-01-2025T04:34:41 - [MESSAGE][PASSED] - Object: 'Object Repository/Факторный анализ/Снять выделение в фильтре Дата' is clicked on

29-01-2025T04:34:41 - [TEST_STEP][PASSED] - scrollToElement(findTestObject("Факторный анализ/2024 список"), 30): Scroll to object 'Object Repository/Факторный анализ/2024 список' successfully

29-01-2025T04:34:42 - [MESSAGE][PASSED] - Scroll to object 'Object Repository/Факторный анализ/2024 список' successfully

29-01-2025T04:34:42 - [TEST_STEP][PASSED] - click(findTestObject("Факторный анализ/2024 год")): Object: 'Object Repository/Факторный анализ/2024 год' is clicked on

29-01-2025T04:34:42 - [MESSAGE][PASSED] - Object: 'Object Repository/Факторный анализ/2024 год' is clicked on

29-01-2025T04:34:42 - [TEST_STEP][PASSED] - scrollToElement(findTestObject("Факторный анализ/Заголовок дашборда"), 30): Scroll to object 'Object Repository/Факторный анализ/Заголовок дашборда' successfully

29-01-2025T04:34:43 - [MESSAGE][PASSED] - Scroll to object 'Object Repository/Факторный анализ/Заголовок дашборда' successfully

29-01-2025T04:34:43 - [TEST_STEP][PASSED] - click(findTestObject("Факторный анализ/Применить в фильтре Дата")): Object: 'Object Repository/Факторный анализ/Применить в фильтре Дата' is clicked on

29-01-2025T04:34:43 - [MESSAGE][PASSED] - Object: 'Object Repository/Факторный анализ/Применить в фильтре Дата' is clicked on

29-01-2025T04:34:43 - [TEST_STEP][PASSED] - if (run == 1): null

29-01-2025T04:34:43 - [TEST_STEP][PASSED] - else: null

29-01-2025T04:34:43 - [TEST_STEP][PASSED] - click(findTestObject("Факторный анализ/Переключить отображение с филиала на месяц")): Object: 'Object Repository/Факторный анализ/Переключить отображение с филиала на месяц' is clicked on

29-01-2025T04:34:44 - [MESSAGE][PASSED] - Object: 'Object Repository/Факторный анализ/Переключить отображение с филиала на месяц' is clicked on

29-01-2025T04:34:44 - [TEST_STEP][PASSED] - a1 = replaceAll("\s+", "").trim(): Text of object 'Object Repository/Факторный анализ/span1 Блок руководителя' is: '-1 328 900'

29-01-2025T04:34:44 - [MESSAGE][PASSED] - Text of object 'Object Repository/Факторный анализ/span1 Блок руководителя' is: '-1 328 900'

29-01-2025T04:34:44 - [TEST_STEP][PASSED] - a2 = replaceAll("\s+", "").trim(): Text of object 'Object Repository/Факторный анализ/span2 Блок руководителя' is: '-4 570'

29-01-2025T04:34:45 - [MESSAGE][PASSED] - Text of object 'Object Repository/Факторный анализ/span2 Блок руководителя' is: '-4 570'

29-01-2025T04:34:45 - [TEST_STEP][PASSED] - println("a1: " + a1): null

29-01-2025T04:34:45 - [TEST_STEP][PASSED] - println("a2: " + a2): null

29-01-2025T04:34:45 - [TEST_STEP][PASSED] - tableA = getText(findTestObject("Факторный анализ/AllTable1")).replaceAll("[\r?
|
]", "/"): Text of object 'Object Repository/Факторный анализ/AllTable1' is: 'ДЗО
Филиал
Отклонение (объём услуг)
Отклонение (средний тариф)
АО «Тываэнерго» АО "Тываэнерго" 627 - 194
АО «Чеченэнерго» АО «Чеченэнерго» -4 478 50
Россети Волга Мордовэнерго -3 928 -95
Оренбургэнерго -15 059 - 145
Пензаэнерго -9 381 -69
Самарские РС -18 189 -1 248
Саратовские РС -18 440 - 650
Ульяновские РС -6 811 - 237
Чувашэнерго -5 881 150
Россети Кубань Кубаньэнерго -70 335 839
Россети Ленэнерго (ГК) Ленинградская область -40 836 1 495
г. Санкт-Петербург -57 428 - 155
Россети Московский регион Московская область 5 420 -1 178
г. Москва 4 764 -62
Россети Северный Кавказ (ГК) Дагестанская энергосбытовая компания - 111 69
Дагэнерго -9 116 629
Ингушэнерго -1 969 149
Каббалкэнерго -3 630 87
Карачаево-Черкесскэнерго -2 353 38
Севкавказэнерго -4 195 199
Ставропольэнерго -11 425 - 191
Россети Северо-Запад Архангельский филиал 21 - 125
Вологодский филиал 265 21
Карельский филиал -77 185
Мурманский филиал 118 44
Новгородский филиал 249 -41
Псковский филиал 138 -24
филиал в Республике Коми - 137 59
Россети Сибирь (ГК) Алтайэнерго 343 359
Бурятэнерго -89 347
ГАЭС 190 -27
Красноярскэнерго 1 482 - 869
Кузбассэнерго-РЭС - 524 1 053
Омскэнерго 238 -63
Хакасэнерго 491 - 481
Читаэнерго -78 253
Россети Томск Томская распределительная компания -9 298 - 164
Россети Тюмень Россети Тюмень -91 179 - 750
Россети Урал (ГК) Пермэнерго 706 - 273
Свердловэнерго 936 284
Челябэнерго 1 031 - 771
Россети ФСК ЕЭС Итого по ФСК ЕЭС -18 155 -4 990
Россети Центр Белгородэнерго 354 160
Брянскэнерго -6 478 5
Воронежэнерго -17 552 124
Костромаэнерго 145 -18
Курскэнерго -2 577 156
Липецкэнерго 851 - 427
Орелэнерго -5 201 -80
Смоленскэнерго -9 501 46
Тамбовэнерго -7 512 -18
Тверьэнерго 390 210
Ярэнерго -6 228 120
Россети Центр и Приволжье (ГК) Владимирэнерго 572 68
Ивэнерго 264 53
Калугаэнерго 789 -62
Кировэнерго 531 36
Мариэнерго 192 30
Нижновэнерго 961 394
Рязаньэнерго 214 74
Тулэнерго 916 - 295
Удмуртэнерго 395 30
Россети Юг (ГК) АО «ВМЭС» -4 761 66
Астраханьэнерго -7 085 54
Волгоградэнерго -12 210 - 502
Калмэнерго -2 065 0
Ростовэнерго -24 896 70
Россети Янтарь Россети Янтарь 425 -35'

29-01-2025T04:34:45 - [MESSAGE][PASSED] - Text of object 'Object Repository/Факторный анализ/AllTable1' is: 'ДЗО
Филиал
Отклонение (объём услуг)
Отклонение (средний тариф)
АО «Тываэнерго» АО "Тываэнерго" 627 - 194
АО «Чеченэнерго» АО «Чеченэнерго» -4 478 50
Россети Волга Мордовэнерго -3 928 -95
Оренбургэнерго -15 059 - 145
Пензаэнерго -9 381 -69
Самарские РС -18 189 -1 248
Саратовские РС -18 440 - 650
Ульяновские РС -6 811 - 237
Чувашэнерго -5 881 150
Россети Кубань Кубаньэнерго -70 335 839
Россети Ленэнерго (ГК) Ленинградская область -40 836 1 495
г. Санкт-Петербург -57 428 - 155
Россети Московский регион Московская область 5 420 -1 178
г. Москва 4 764 -62
Россети Северный Кавказ (ГК) Дагестанская энергосбытовая компания - 111 69
Дагэнерго -9 116 629
Ингушэнерго -1 969 149
Каббалкэнерго -3 630 87
Карачаево-Черкесскэнерго -2 353 38
Севкавказэнерго -4 195 199
Ставропольэнерго -11 425 - 191
Россети Северо-Запад Архангельский филиал 21 - 125
Вологодский филиал 265 21
Карельский филиал -77 185
Мурманский филиал 118 44
Новгородский филиал 249 -41
Псковский филиал 138 -24
филиал в Республике Коми - 137 59
Россети Сибирь (ГК) Алтайэнерго 343 359
Бурятэнерго -89 347
ГАЭС 190 -27
Красноярскэнерго 1 482 - 869
Кузбассэнерго-РЭС - 524 1 053
Омскэнерго 238 -63
Хакасэнерго 491 - 481
Читаэнерго -78 253
Россети Томск Томская распределительная компания -9 298 - 164
Россети Тюмень Россети Тюмень -91 179 - 750
Россети Урал (ГК) Пермэнерго 706 - 273
Свердловэнерго 936 284
Челябэнерго 1 031 - 771
Россети ФСК ЕЭС Итого по ФСК ЕЭС -18 155 -4 990
Россети Центр Белгородэнерго 354 160
Брянскэнерго -6 478 5
Воронежэнерго -17 552 124
Костромаэнерго 145 -18
Курскэнерго -2 577 156
Липецкэнерго 851 - 427
Орелэнерго -5 201 -80
Смоленскэнерго -9 501 46
Тамбовэнерго -7 512 -18
Тверьэнерго 390 210
Ярэнерго -6 228 120
Россети Центр и Приволжье (ГК) Владимирэнерго 572 68
Ивэнерго 264 53
Калугаэнерго 789 -62
Кировэнерго 531 36
Мариэнерго 192 30
Нижновэнерго 961 394
Рязаньэнерго 214 74
Тулэнерго 916 - 295
Удмуртэнерго 395 30
Россети Юг (ГК) АО «ВМЭС» -4 761 66
Астраханьэнерго -7 085 54
Волгоградэнерго -12 210 - 502
Калмэнерго -2 065 0
Ростовэнерго -24 896 70
Россети Янтарь Россети Янтарь 425 -35'

29-01-2025T04:34:45 - [TEST_STEP][PASSED] - println("tableA: " + tableA): null

29-01-2025T04:34:45 - [TEST_STEP][PASSED] - for ([i = 1, i < 5, (i++)]): null

29-01-2025T04:34:45 - [TEST_STEP][PASSED] - ii = tableA.indexOf("/") + 1: null

29-01-2025T04:34:45 - [TEST_STEP][PASSED] - tableA = tableA.substring(ii, tableA.length()): null

29-01-2025T04:34:45 - [TEST_STEP][PASSED] - ii = tableA.indexOf("/") + 1: null

29-01-2025T04:34:45 - [TEST_STEP][PASSED] - tableA = tableA.substring(ii, tableA.length()): null

29-01-2025T04:34:45 - [TEST_STEP][PASSED] - ii = tableA.indexOf("/") + 1: null

29-01-2025T04:34:45 - [TEST_STEP][PASSED] - tableA = tableA.substring(ii, tableA.length()): null

29-01-2025T04:34:45 - [TEST_STEP][PASSED] - ii = tableA.indexOf("/") + 1: null

29-01-2025T04:34:45 - [TEST_STEP][PASSED] - tableA = tableA.substring(ii, tableA.length()): null

29-01-2025T04:34:45 - [TEST_STEP][PASSED] - println("tableA: " + tableA): null

29-01-2025T04:34:45 - [TEST_STEP][PASSED] - TyA = Script1719551244403.GetData(x = tableA): null

29-01-2025T04:34:45 - [TEST_STEP][PASSED] - i2 = <not implemented yet for class: org.codehaus.groovy.ast.expr.EmptyExpression>: null

29-01-2025T04:34:45 - [TEST_STEP][PASSED] - i2 = x.indexOf("/") + 1: null

29-01-2025T04:34:45 - [TEST_STEP][PASSED] - x = replaceAll("\p{P}", "").trim(): null

29-01-2025T04:34:45 - [TEST_STEP][PASSED] - return x: null

29-01-2025T04:34:45 - [TEST_STEP][PASSED] - println("TyA: " + TyA): null

29-01-2025T04:34:45 - [TEST_STEP][PASSED] - tableA = Script1719551244403.NewDZO(x = tableA): null

29-01-2025T04:34:45 - [TEST_STEP][PASSED] - i3 = <not implemented yet for class: org.codehaus.groovy.ast.expr.EmptyExpression>: null

29-01-2025T04:34:45 - [TEST_STEP][PASSED] - i3 = x.indexOf("/") + 1: null

29-01-2025T04:34:45 - [TEST_STEP][PASSED] - x = x.substring(i3, x.length()): null

29-01-2025T04:34:45 - [TEST_STEP][PASSED] - return x: null

29-01-2025T04:34:45 - [TEST_STEP][PASSED] - ChA = Script1719551244403.GetData(x = tableA): null

29-01-2025T04:34:45 - [TEST_STEP][PASSED] - i2 = <not implemented yet for class: org.codehaus.groovy.ast.expr.EmptyExpression>: null

29-01-2025T04:34:45 - [TEST_STEP][PASSED] - i2 = x.indexOf("/") + 1: null

29-01-2025T04:34:45 - [TEST_STEP][PASSED] - x = replaceAll("\p{P}", "").trim(): null

29-01-2025T04:34:45 - [TEST_STEP][PASSED] - return x: null

29-01-2025T04:34:45 - [TEST_STEP][PASSED] - println("ChA: " + ChA): null

29-01-2025T04:34:45 - [TEST_STEP][PASSED] - tableA = Script1719551244403.NewDZO(x = tableA): null

29-01-2025T04:34:45 - [TEST_STEP][PASSED] - i3 = <not implemented yet for class: org.codehaus.groovy.ast.expr.EmptyExpression>: null

29-01-2025T04:34:45 - [TEST_STEP][PASSED] - i3 = x.indexOf("/") + 1: null

29-01-2025T04:34:45 - [TEST_STEP][PASSED] - x = x.substring(i3, x.length()): null

29-01-2025T04:34:45 - [TEST_STEP][PASSED] - return x: null

29-01-2025T04:34:45 - [TEST_STEP][PASSED] - i = tableA.indexOf("Кубань"): null

29-01-2025T04:34:45 - [TEST_STEP][PASSED] - VA = replaceAll("\p{P}", "").trim(): null

29-01-2025T04:34:45 - [TEST_STEP][PASSED] - println("VA: " + VA): null

29-01-2025T04:34:45 - [TEST_STEP][PASSED] - for ([i = 1, i < 8, (i++)]): null

29-01-2025T04:34:45 - [TEST_STEP][PASSED] - tableA = Script1719551244403.NewDZO(x = tableA): null

29-01-2025T04:34:45 - [TEST_STEP][PASSED] - i3 = <not implemented yet for class: org.codehaus.groovy.ast.expr.EmptyExpression>: null

29-01-2025T04:34:45 - [TEST_STEP][PASSED] - i3 = x.indexOf("/") + 1: null

29-01-2025T04:34:45 - [TEST_STEP][PASSED] - x = x.substring(i3, x.length()): null

29-01-2025T04:34:45 - [TEST_STEP][PASSED] - return x: null

29-01-2025T04:34:45 - [TEST_STEP][PASSED] - tableA = Script1719551244403.NewDZO(x = tableA): null

29-01-2025T04:34:45 - [TEST_STEP][PASSED] - i3 = <not implemented yet for class: org.codehaus.groovy.ast.expr.EmptyExpression>: null

29-01-2025T04:34:45 - [TEST_STEP][PASSED] - i3 = x.indexOf("/") + 1: null

29-01-2025T04:34:45 - [TEST_STEP][PASSED] - x = x.substring(i3, x.length()): null

29-01-2025T04:34:45 - [TEST_STEP][PASSED] - return x: null

29-01-2025T04:34:45 - [TEST_STEP][PASSED] - tableA = Script1719551244403.NewDZO(x = tableA): null

29-01-2025T04:34:45 - [TEST_STEP][PASSED] - i3 = <not implemented yet for class: org.codehaus.groovy.ast.expr.EmptyExpression>: null

29-01-2025T04:34:45 - [TEST_STEP][PASSED] - i3 = x.indexOf("/") + 1: null

29-01-2025T04:34:45 - [TEST_STEP][PASSED] - x = x.substring(i3, x.length()): null

29-01-2025T04:34:45 - [TEST_STEP][PASSED] - return x: null

29-01-2025T04:34:45 - [TEST_STEP][PASSED] - tableA = Script1719551244403.NewDZO(x = tableA): null

29-01-2025T04:34:45 - [TEST_STEP][PASSED] - i3 = <not implemented yet for class: org.codehaus.groovy.ast.expr.EmptyExpression>: null

29-01-2025T04:34:45 - [TEST_STEP][PASSED] - i3 = x.indexOf("/") + 1: null

29-01-2025T04:34:45 - [TEST_STEP][PASSED] - x = x.substring(i3, x.length()): null

29-01-2025T04:34:45 - [TEST_STEP][PASSED] - return x: null

29-01-2025T04:34:45 - [TEST_STEP][PASSED] - tableA = Script1719551244403.NewDZO(x = tableA): null

29-01-2025T04:34:45 - [TEST_STEP][PASSED] - i3 = <not implemented yet for class: org.codehaus.groovy.ast.expr.EmptyExpression>: null

29-01-2025T04:34:45 - [TEST_STEP][PASSED] - i3 = x.indexOf("/") + 1: null

29-01-2025T04:34:45 - [TEST_STEP][PASSED] - x = x.substring(i3, x.length()): null

29-01-2025T04:34:45 - [TEST_STEP][PASSED] - return x: null

29-01-2025T04:34:45 - [TEST_STEP][PASSED] - tableA = Script1719551244403.NewDZO(x = tableA): null

29-01-2025T04:34:45 - [TEST_STEP][PASSED] - i3 = <not implemented yet for class: org.codehaus.groovy.ast.expr.EmptyExpression>: null

29-01-2025T04:34:45 - [TEST_STEP][PASSED] - i3 = x.indexOf("/") + 1: null

29-01-2025T04:34:45 - [TEST_STEP][PASSED] - x = x.substring(i3, x.length()): null

29-01-2025T04:34:45 - [TEST_STEP][PASSED] - return x: null

29-01-2025T04:34:45 - [TEST_STEP][PASSED] - tableA = Script1719551244403.NewDZO(x = tableA): null

29-01-2025T04:34:45 - [TEST_STEP][PASSED] - i3 = <not implemented yet for class: org.codehaus.groovy.ast.expr.EmptyExpression>: null

29-01-2025T04:34:45 - [TEST_STEP][PASSED] - i3 = x.indexOf("/") + 1: null

29-01-2025T04:34:45 - [TEST_STEP][PASSED] - x = x.substring(i3, x.length()): null

29-01-2025T04:34:45 - [TEST_STEP][PASSED] - return x: null

29-01-2025T04:34:45 - [TEST_STEP][PASSED] - i = tableA.indexOf("Ленэнерго"): null

29-01-2025T04:34:45 - [TEST_STEP][PASSED] - KuA = Script1719551244403.GetData(x = tableA): null

29-01-2025T04:34:45 - [TEST_STEP][PASSED] - i2 = <not implemented yet for class: org.codehaus.groovy.ast.expr.EmptyExpression>: null

29-01-2025T04:34:45 - [TEST_STEP][PASSED] - i2 = x.indexOf("/") + 1: null

29-01-2025T04:34:45 - [TEST_STEP][PASSED] - x = replaceAll("\p{P}", "").trim(): null

29-01-2025T04:34:45 - [TEST_STEP][PASSED] - return x: null

29-01-2025T04:34:45 - [TEST_STEP][PASSED] - println("KuA: " + KuA): null

29-01-2025T04:34:45 - [TEST_STEP][PASSED] - tableA = Script1719551244403.NewDZO(x = tableA): null

29-01-2025T04:34:45 - [TEST_STEP][PASSED] - i3 = <not implemented yet for class: org.codehaus.groovy.ast.expr.EmptyExpression>: null

29-01-2025T04:34:45 - [TEST_STEP][PASSED] - i3 = x.indexOf("/") + 1: null

29-01-2025T04:34:45 - [TEST_STEP][PASSED] - x = x.substring(i3, x.length()): null

29-01-2025T04:34:45 - [TEST_STEP][PASSED] - return x: null

29-01-2025T04:34:45 - [TEST_STEP][PASSED] - i = tableA.indexOf("Московский"): null

29-01-2025T04:34:45 - [TEST_STEP][PASSED] - LenA = replaceAll("\p{P}", "").trim(): null

29-01-2025T04:34:45 - [TEST_STEP][PASSED] - println("LenA: " + LenA): null

29-01-2025T04:34:45 - [TEST_STEP][PASSED] - tableA = Script1719551244403.NewDZO(x = tableA): null

29-01-2025T04:34:45 - [TEST_STEP][PASSED] - i3 = <not implemented yet for class: org.codehaus.groovy.ast.expr.EmptyExpression>: null

29-01-2025T04:34:45 - [TEST_STEP][PASSED] - i3 = x.indexOf("/") + 1: null

29-01-2025T04:34:45 - [TEST_STEP][PASSED] - x = x.substring(i3, x.length()): null

29-01-2025T04:34:45 - [TEST_STEP][PASSED] - return x: null

29-01-2025T04:34:45 - [TEST_STEP][PASSED] - tableA = Script1719551244403.NewDZO(x = tableA): null

29-01-2025T04:34:45 - [TEST_STEP][PASSED] - i3 = <not implemented yet for class: org.codehaus.groovy.ast.expr.EmptyExpression>: null

29-01-2025T04:34:45 - [TEST_STEP][PASSED] - i3 = x.indexOf("/") + 1: null

29-01-2025T04:34:45 - [TEST_STEP][PASSED] - x = x.substring(i3, x.length()): null

29-01-2025T04:34:45 - [TEST_STEP][PASSED] - return x: null

29-01-2025T04:34:45 - [TEST_STEP][PASSED] - i = tableA.indexOf("Кавказ"): null

29-01-2025T04:34:45 - [TEST_STEP][PASSED] - MosA = replaceAll("\p{P}", "").trim(): null

29-01-2025T04:34:45 - [TEST_STEP][PASSED] - println("MosA: " + MosA): null

29-01-2025T04:34:45 - [TEST_STEP][PASSED] - for ([i = 1, i < 3, (i++)]): null

29-01-2025T04:34:45 - [TEST_STEP][PASSED] - tableA = Script1719551244403.NewDZO(x = tableA): null

29-01-2025T04:34:45 - [TEST_STEP][PASSED] - i3 = <not implemented yet for class: org.codehaus.groovy.ast.expr.EmptyExpression>: null

29-01-2025T04:34:45 - [TEST_STEP][PASSED] - i3 = x.indexOf("/") + 1: null

29-01-2025T04:34:45 - [TEST_STEP][PASSED] - x = x.substring(i3, x.length()): null

29-01-2025T04:34:45 - [TEST_STEP][PASSED] - return x: null

29-01-2025T04:34:45 - [TEST_STEP][PASSED] - tableA = Script1719551244403.NewDZO(x = tableA): null

29-01-2025T04:34:45 - [TEST_STEP][PASSED] - i3 = <not implemented yet for class: org.codehaus.groovy.ast.expr.EmptyExpression>: null

29-01-2025T04:34:45 - [TEST_STEP][PASSED] - i3 = x.indexOf("/") + 1: null

29-01-2025T04:34:45 - [TEST_STEP][PASSED] - x = x.substring(i3, x.length()): null

29-01-2025T04:34:45 - [TEST_STEP][PASSED] - return x: null

29-01-2025T04:34:45 - [TEST_STEP][PASSED] - i = tableA.indexOf("Запад"): null

29-01-2025T04:34:45 - [TEST_STEP][PASSED] - SKA = replaceAll("\p{P}", "").trim(): null

29-01-2025T04:34:45 - [TEST_STEP][PASSED] - println("SKA: " + SKA): null

29-01-2025T04:34:45 - [TEST_STEP][PASSED] - for ([i = 1, i < 7, (i++)]): null

29-01-2025T04:34:45 - [TEST_STEP][PASSED] - tableA = Script1719551244403.NewDZO(x = tableA): null

29-01-2025T04:34:45 - [TEST_STEP][PASSED] - i3 = <not implemented yet for class: org.codehaus.groovy.ast.expr.EmptyExpression>: null

29-01-2025T04:34:45 - [TEST_STEP][PASSED] - i3 = x.indexOf("/") + 1: null

29-01-2025T04:34:45 - [TEST_STEP][PASSED] - x = x.substring(i3, x.length()): null

29-01-2025T04:34:45 - [TEST_STEP][PASSED] - return x: null

29-01-2025T04:34:45 - [TEST_STEP][PASSED] - tableA = Script1719551244403.NewDZO(x = tableA): null

29-01-2025T04:34:45 - [TEST_STEP][PASSED] - i3 = <not implemented yet for class: org.codehaus.groovy.ast.expr.EmptyExpression>: null

29-01-2025T04:34:45 - [TEST_STEP][PASSED] - i3 = x.indexOf("/") + 1: null

29-01-2025T04:34:45 - [TEST_STEP][PASSED] - x = x.substring(i3, x.length()): null

29-01-2025T04:34:45 - [TEST_STEP][PASSED] - return x: null

29-01-2025T04:34:45 - [TEST_STEP][PASSED] - tableA = Script1719551244403.NewDZO(x = tableA): null

29-01-2025T04:34:45 - [TEST_STEP][PASSED] - i3 = <not implemented yet for class: org.codehaus.groovy.ast.expr.EmptyExpression>: null

29-01-2025T04:34:45 - [TEST_STEP][PASSED] - i3 = x.indexOf("/") + 1: null

29-01-2025T04:34:45 - [TEST_STEP][PASSED] - x = x.substring(i3, x.length()): null

29-01-2025T04:34:45 - [TEST_STEP][PASSED] - return x: null

29-01-2025T04:34:45 - [TEST_STEP][PASSED] - tableA = Script1719551244403.NewDZO(x = tableA): null

29-01-2025T04:34:45 - [TEST_STEP][PASSED] - i3 = <not implemented yet for class: org.codehaus.groovy.ast.expr.EmptyExpression>: null

29-01-2025T04:34:45 - [TEST_STEP][PASSED] - i3 = x.indexOf("/") + 1: null

29-01-2025T04:34:45 - [TEST_STEP][PASSED] - x = x.substring(i3, x.length()): null

29-01-2025T04:34:45 - [TEST_STEP][PASSED] - return x: null

29-01-2025T04:34:45 - [TEST_STEP][PASSED] - tableA = Script1719551244403.NewDZO(x = tableA): null

29-01-2025T04:34:45 - [TEST_STEP][PASSED] - i3 = <not implemented yet for class: org.codehaus.groovy.ast.expr.EmptyExpression>: null

29-01-2025T04:34:45 - [TEST_STEP][PASSED] - i3 = x.indexOf("/") + 1: null

29-01-2025T04:34:45 - [TEST_STEP][PASSED] - x = x.substring(i3, x.length()): null

29-01-2025T04:34:45 - [TEST_STEP][PASSED] - return x: null

29-01-2025T04:34:45 - [TEST_STEP][PASSED] - tableA = Script1719551244403.NewDZO(x = tableA): null

29-01-2025T04:34:45 - [TEST_STEP][PASSED] - i3 = <not implemented yet for class: org.codehaus.groovy.ast.expr.EmptyExpression>: null

29-01-2025T04:34:45 - [TEST_STEP][PASSED] - i3 = x.indexOf("/") + 1: null

29-01-2025T04:34:45 - [TEST_STEP][PASSED] - x = x.substring(i3, x.length()): null

29-01-2025T04:34:45 - [TEST_STEP][PASSED] - return x: null

29-01-2025T04:34:45 - [TEST_STEP][PASSED] - i = tableA.indexOf("Сибирь"): null

29-01-2025T04:34:45 - [TEST_STEP][PASSED] - SZA = replaceAll("\p{P}", "").trim(): null

29-01-2025T04:34:45 - [TEST_STEP][PASSED] - println("SZA: " + SZA): null

29-01-2025T04:34:45 - [TEST_STEP][PASSED] - for ([i = 1, i < 8, (i++)]): null

29-01-2025T04:34:45 - [TEST_STEP][PASSED] - tableA = Script1719551244403.NewDZO(x = tableA): null

29-01-2025T04:34:45 - [TEST_STEP][PASSED] - i3 = <not implemented yet for class: org.codehaus.groovy.ast.expr.EmptyExpression>: null

29-01-2025T04:34:45 - [TEST_STEP][PASSED] - i3 = x.indexOf("/") + 1: null

29-01-2025T04:34:45 - [TEST_STEP][PASSED] - x = x.substring(i3, x.length()): null

29-01-2025T04:34:45 - [TEST_STEP][PASSED] - return x: null

29-01-2025T04:34:45 - [TEST_STEP][PASSED] - tableA = Script1719551244403.NewDZO(x = tableA): null

29-01-2025T04:34:45 - [TEST_STEP][PASSED] - i3 = <not implemented yet for class: org.codehaus.groovy.ast.expr.EmptyExpression>: null

29-01-2025T04:34:45 - [TEST_STEP][PASSED] - i3 = x.indexOf("/") + 1: null

29-01-2025T04:34:45 - [TEST_STEP][PASSED] - x = x.substring(i3, x.length()): null

29-01-2025T04:34:45 - [TEST_STEP][PASSED] - return x: null

29-01-2025T04:34:45 - [TEST_STEP][PASSED] - tableA = Script1719551244403.NewDZO(x = tableA): null

29-01-2025T04:34:45 - [TEST_STEP][PASSED] - i3 = <not implemented yet for class: org.codehaus.groovy.ast.expr.EmptyExpression>: null

29-01-2025T04:34:45 - [TEST_STEP][PASSED] - i3 = x.indexOf("/") + 1: null

29-01-2025T04:34:45 - [TEST_STEP][PASSED] - x = x.substring(i3, x.length()): null

29-01-2025T04:34:45 - [TEST_STEP][PASSED] - return x: null

29-01-2025T04:34:45 - [TEST_STEP][PASSED] - tableA = Script1719551244403.NewDZO(x = tableA): null

29-01-2025T04:34:45 - [TEST_STEP][PASSED] - i3 = <not implemented yet for class: org.codehaus.groovy.ast.expr.EmptyExpression>: null

29-01-2025T04:34:45 - [TEST_STEP][PASSED] - i3 = x.indexOf("/") + 1: null

29-01-2025T04:34:45 - [TEST_STEP][PASSED] - x = x.substring(i3, x.length()): null

29-01-2025T04:34:45 - [TEST_STEP][PASSED] - return x: null

29-01-2025T04:34:45 - [TEST_STEP][PASSED] - tableA = Script1719551244403.NewDZO(x = tableA): null

29-01-2025T04:34:45 - [TEST_STEP][PASSED] - i3 = <not implemented yet for class: org.codehaus.groovy.ast.expr.EmptyExpression>: null

29-01-2025T04:34:45 - [TEST_STEP][PASSED] - i3 = x.indexOf("/") + 1: null

29-01-2025T04:34:45 - [TEST_STEP][PASSED] - x = x.substring(i3, x.length()): null

29-01-2025T04:34:45 - [TEST_STEP][PASSED] - return x: null

29-01-2025T04:34:45 - [TEST_STEP][PASSED] - tableA = Script1719551244403.NewDZO(x = tableA): null

29-01-2025T04:34:45 - [TEST_STEP][PASSED] - i3 = <not implemented yet for class: org.codehaus.groovy.ast.expr.EmptyExpression>: null

29-01-2025T04:34:45 - [TEST_STEP][PASSED] - i3 = x.indexOf("/") + 1: null

29-01-2025T04:34:45 - [TEST_STEP][PASSED] - x = x.substring(i3, x.length()): null

29-01-2025T04:34:45 - [TEST_STEP][PASSED] - return x: null

29-01-2025T04:34:45 - [TEST_STEP][PASSED] - tableA = Script1719551244403.NewDZO(x = tableA): null

29-01-2025T04:34:45 - [TEST_STEP][PASSED] - i3 = <not implemented yet for class: org.codehaus.groovy.ast.expr.EmptyExpression>: null

29-01-2025T04:34:45 - [TEST_STEP][PASSED] - i3 = x.indexOf("/") + 1: null

29-01-2025T04:34:45 - [TEST_STEP][PASSED] - x = x.substring(i3, x.length()): null

29-01-2025T04:34:45 - [TEST_STEP][PASSED] - return x: null

29-01-2025T04:34:45 - [TEST_STEP][PASSED] - i = tableA.indexOf("Томск"): null

29-01-2025T04:34:45 - [TEST_STEP][PASSED] - SiA = replaceAll("\p{P}", "").trim(): null

29-01-2025T04:34:45 - [TEST_STEP][PASSED] - println("SiA: " + SiA): null

29-01-2025T04:34:45 - [TEST_STEP][PASSED] - for ([i = 1, i < 9, (i++)]): null

29-01-2025T04:34:45 - [TEST_STEP][PASSED] - tableA = Script1719551244403.NewDZO(x = tableA): null

29-01-2025T04:34:45 - [TEST_STEP][PASSED] - i3 = <not implemented yet for class: org.codehaus.groovy.ast.expr.EmptyExpression>: null

29-01-2025T04:34:45 - [TEST_STEP][PASSED] - i3 = x.indexOf("/") + 1: null

29-01-2025T04:34:45 - [TEST_STEP][PASSED] - x = x.substring(i3, x.length()): null

29-01-2025T04:34:45 - [TEST_STEP][PASSED] - return x: null

29-01-2025T04:34:45 - [TEST_STEP][PASSED] - tableA = Script1719551244403.NewDZO(x = tableA): null

29-01-2025T04:34:45 - [TEST_STEP][PASSED] - i3 = <not implemented yet for class: org.codehaus.groovy.ast.expr.EmptyExpression>: null

29-01-2025T04:34:45 - [TEST_STEP][PASSED] - i3 = x.indexOf("/") + 1: null

29-01-2025T04:34:45 - [TEST_STEP][PASSED] - x = x.substring(i3, x.length()): null

29-01-2025T04:34:45 - [TEST_STEP][PASSED] - return x: null

29-01-2025T04:34:45 - [TEST_STEP][PASSED] - tableA = Script1719551244403.NewDZO(x = tableA): null

29-01-2025T04:34:45 - [TEST_STEP][PASSED] - i3 = <not implemented yet for class: org.codehaus.groovy.ast.expr.EmptyExpression>: null

29-01-2025T04:34:45 - [TEST_STEP][PASSED] - i3 = x.indexOf("/") + 1: null

29-01-2025T04:34:45 - [TEST_STEP][PASSED] - x = x.substring(i3, x.length()): null

29-01-2025T04:34:45 - [TEST_STEP][PASSED] - return x: null

29-01-2025T04:34:45 - [TEST_STEP][PASSED] - tableA = Script1719551244403.NewDZO(x = tableA): null

29-01-2025T04:34:45 - [TEST_STEP][PASSED] - i3 = <not implemented yet for class: org.codehaus.groovy.ast.expr.EmptyExpression>: null

29-01-2025T04:34:45 - [TEST_STEP][PASSED] - i3 = x.indexOf("/") + 1: null

29-01-2025T04:34:45 - [TEST_STEP][PASSED] - x = x.substring(i3, x.length()): null

29-01-2025T04:34:45 - [TEST_STEP][PASSED] - return x: null

29-01-2025T04:34:45 - [TEST_STEP][PASSED] - tableA = Script1719551244403.NewDZO(x = tableA): null

29-01-2025T04:34:45 - [TEST_STEP][PASSED] - i3 = <not implemented yet for class: org.codehaus.groovy.ast.expr.EmptyExpression>: null

29-01-2025T04:34:45 - [TEST_STEP][PASSED] - i3 = x.indexOf("/") + 1: null

29-01-2025T04:34:45 - [TEST_STEP][PASSED] - x = x.substring(i3, x.length()): null

29-01-2025T04:34:45 - [TEST_STEP][PASSED] - return x: null

29-01-2025T04:34:45 - [TEST_STEP][PASSED] - tableA = Script1719551244403.NewDZO(x = tableA): null

29-01-2025T04:34:45 - [TEST_STEP][PASSED] - i3 = <not implemented yet for class: org.codehaus.groovy.ast.expr.EmptyExpression>: null

29-01-2025T04:34:45 - [TEST_STEP][PASSED] - i3 = x.indexOf("/") + 1: null

29-01-2025T04:34:45 - [TEST_STEP][PASSED] - x = x.substring(i3, x.length()): null

29-01-2025T04:34:45 - [TEST_STEP][PASSED] - return x: null

29-01-2025T04:34:45 - [TEST_STEP][PASSED] - tableA = Script1719551244403.NewDZO(x = tableA): null

29-01-2025T04:34:45 - [TEST_STEP][PASSED] - i3 = <not implemented yet for class: org.codehaus.groovy.ast.expr.EmptyExpression>: null

29-01-2025T04:34:45 - [TEST_STEP][PASSED] - i3 = x.indexOf("/") + 1: null

29-01-2025T04:34:45 - [TEST_STEP][PASSED] - x = x.substring(i3, x.length()): null

29-01-2025T04:34:45 - [TEST_STEP][PASSED] - return x: null

29-01-2025T04:34:45 - [TEST_STEP][PASSED] - tableA = Script1719551244403.NewDZO(x = tableA): null

29-01-2025T04:34:45 - [TEST_STEP][PASSED] - i3 = <not implemented yet for class: org.codehaus.groovy.ast.expr.EmptyExpression>: null

29-01-2025T04:34:45 - [TEST_STEP][PASSED] - i3 = x.indexOf("/") + 1: null

29-01-2025T04:34:45 - [TEST_STEP][PASSED] - x = x.substring(i3, x.length()): null

29-01-2025T04:34:45 - [TEST_STEP][PASSED] - return x: null

29-01-2025T04:34:45 - [TEST_STEP][PASSED] - i = tableA.indexOf("Тюмень"): null

29-01-2025T04:34:45 - [TEST_STEP][PASSED] - ToA = replaceAll("\p{P}", "").trim(): null

29-01-2025T04:34:45 - [TEST_STEP][PASSED] - println("ToA: " + ToA): null

29-01-2025T04:34:45 - [TEST_STEP][PASSED] - tableA = Script1719551244403.NewDZO(x = tableA): null

29-01-2025T04:34:45 - [TEST_STEP][PASSED] - i3 = <not implemented yet for class: org.codehaus.groovy.ast.expr.EmptyExpression>: null

29-01-2025T04:34:45 - [TEST_STEP][PASSED] - i3 = x.indexOf("/") + 1: null

29-01-2025T04:34:45 - [TEST_STEP][PASSED] - x = x.substring(i3, x.length()): null

29-01-2025T04:34:45 - [TEST_STEP][PASSED] - return x: null

29-01-2025T04:34:45 - [TEST_STEP][PASSED] - TyuA = replaceAll("\p{P}", "").trim(): null

29-01-2025T04:34:45 - [TEST_STEP][PASSED] - println("TyuA: " + TyuA): null

29-01-2025T04:34:45 - [TEST_STEP][PASSED] - tableA = Script1719551244403.NewDZO(x = tableA): null

29-01-2025T04:34:45 - [TEST_STEP][PASSED] - i3 = <not implemented yet for class: org.codehaus.groovy.ast.expr.EmptyExpression>: null

29-01-2025T04:34:45 - [TEST_STEP][PASSED] - i3 = x.indexOf("/") + 1: null

29-01-2025T04:34:45 - [TEST_STEP][PASSED] - x = x.substring(i3, x.length()): null

29-01-2025T04:34:45 - [TEST_STEP][PASSED] - return x: null

29-01-2025T04:34:45 - [TEST_STEP][PASSED] - i = tableA.indexOf("ЕЭС"): null

29-01-2025T04:34:45 - [TEST_STEP][PASSED] - UrA = replaceAll("\p{P}", "").trim(): null

29-01-2025T04:34:45 - [TEST_STEP][PASSED] - println("UrA: " + UrA): null

29-01-2025T04:34:45 - [TEST_STEP][PASSED] - for ([i = 1, i < 4, (i++)]): null

29-01-2025T04:34:45 - [TEST_STEP][PASSED] - tableA = Script1719551244403.NewDZO(x = tableA): null

29-01-2025T04:34:45 - [TEST_STEP][PASSED] - i3 = <not implemented yet for class: org.codehaus.groovy.ast.expr.EmptyExpression>: null

29-01-2025T04:34:45 - [TEST_STEP][PASSED] - i3 = x.indexOf("/") + 1: null

29-01-2025T04:34:45 - [TEST_STEP][PASSED] - x = x.substring(i3, x.length()): null

29-01-2025T04:34:45 - [TEST_STEP][PASSED] - return x: null

29-01-2025T04:34:45 - [TEST_STEP][PASSED] - tableA = Script1719551244403.NewDZO(x = tableA): null

29-01-2025T04:34:45 - [TEST_STEP][PASSED] - i3 = <not implemented yet for class: org.codehaus.groovy.ast.expr.EmptyExpression>: null

29-01-2025T04:34:45 - [TEST_STEP][PASSED] - i3 = x.indexOf("/") + 1: null

29-01-2025T04:34:45 - [TEST_STEP][PASSED] - x = x.substring(i3, x.length()): null

29-01-2025T04:34:45 - [TEST_STEP][PASSED] - return x: null

29-01-2025T04:34:45 - [TEST_STEP][PASSED] - tableA = Script1719551244403.NewDZO(x = tableA): null

29-01-2025T04:34:45 - [TEST_STEP][PASSED] - i3 = <not implemented yet for class: org.codehaus.groovy.ast.expr.EmptyExpression>: null

29-01-2025T04:34:45 - [TEST_STEP][PASSED] - i3 = x.indexOf("/") + 1: null

29-01-2025T04:34:45 - [TEST_STEP][PASSED] - x = x.substring(i3, x.length()): null

29-01-2025T04:34:45 - [TEST_STEP][PASSED] - return x: null

29-01-2025T04:34:45 - [TEST_STEP][PASSED] - i = tableA.indexOf("Центр"): null

29-01-2025T04:34:45 - [TEST_STEP][PASSED] - FSKA = replaceAll("\p{P}", "").trim(): null

29-01-2025T04:34:45 - [TEST_STEP][PASSED] - println("FSKA: " + FSKA): null

29-01-2025T04:34:45 - [TEST_STEP][PASSED] - tableA = Script1719551244403.NewDZO(x = tableA): null

29-01-2025T04:34:45 - [TEST_STEP][PASSED] - i3 = <not implemented yet for class: org.codehaus.groovy.ast.expr.EmptyExpression>: null

29-01-2025T04:34:45 - [TEST_STEP][PASSED] - i3 = x.indexOf("/") + 1: null

29-01-2025T04:34:45 - [TEST_STEP][PASSED] - x = x.substring(i3, x.length()): null

29-01-2025T04:34:45 - [TEST_STEP][PASSED] - return x: null

29-01-2025T04:34:45 - [TEST_STEP][PASSED] - i = tableA.indexOf("Приволжье"): null

29-01-2025T04:34:45 - [TEST_STEP][PASSED] - CenA = replaceAll("\p{P}", "").trim(): null

29-01-2025T04:34:45 - [TEST_STEP][PASSED] - println("CenA: " + CenA): null

29-01-2025T04:34:45 - [TEST_STEP][PASSED] - for ([i = 1, i < 12, (i++)]): null

29-01-2025T04:34:45 - [TEST_STEP][PASSED] - tableA = Script1719551244403.NewDZO(x = tableA): null

29-01-2025T04:34:45 - [TEST_STEP][PASSED] - i3 = <not implemented yet for class: org.codehaus.groovy.ast.expr.EmptyExpression>: null

29-01-2025T04:34:45 - [TEST_STEP][PASSED] - i3 = x.indexOf("/") + 1: null

29-01-2025T04:34:45 - [TEST_STEP][PASSED] - x = x.substring(i3, x.length()): null

29-01-2025T04:34:45 - [TEST_STEP][PASSED] - return x: null

29-01-2025T04:34:45 - [TEST_STEP][PASSED] - tableA = Script1719551244403.NewDZO(x = tableA): null

29-01-2025T04:34:45 - [TEST_STEP][PASSED] - i3 = <not implemented yet for class: org.codehaus.groovy.ast.expr.EmptyExpression>: null

29-01-2025T04:34:45 - [TEST_STEP][PASSED] - i3 = x.indexOf("/") + 1: null

29-01-2025T04:34:45 - [TEST_STEP][PASSED] - x = x.substring(i3, x.length()): null

29-01-2025T04:34:45 - [TEST_STEP][PASSED] - return x: null

29-01-2025T04:34:45 - [TEST_STEP][PASSED] - tableA = Script1719551244403.NewDZO(x = tableA): null

29-01-2025T04:34:45 - [TEST_STEP][PASSED] - i3 = <not implemented yet for class: org.codehaus.groovy.ast.expr.EmptyExpression>: null

29-01-2025T04:34:45 - [TEST_STEP][PASSED] - i3 = x.indexOf("/") + 1: null

29-01-2025T04:34:45 - [TEST_STEP][PASSED] - x = x.substring(i3, x.length()): null

29-01-2025T04:34:45 - [TEST_STEP][PASSED] - return x: null

29-01-2025T04:34:45 - [TEST_STEP][PASSED] - tableA = Script1719551244403.NewDZO(x = tableA): null

29-01-2025T04:34:45 - [TEST_STEP][PASSED] - i3 = <not implemented yet for class: org.codehaus.groovy.ast.expr.EmptyExpression>: null

29-01-2025T04:34:45 - [TEST_STEP][PASSED] - i3 = x.indexOf("/") + 1: null

29-01-2025T04:34:45 - [TEST_STEP][PASSED] - x = x.substring(i3, x.length()): null

29-01-2025T04:34:45 - [TEST_STEP][PASSED] - return x: null

29-01-2025T04:34:45 - [TEST_STEP][PASSED] - tableA = Script1719551244403.NewDZO(x = tableA): null

29-01-2025T04:34:45 - [TEST_STEP][PASSED] - i3 = <not implemented yet for class: org.codehaus.groovy.ast.expr.EmptyExpression>: null

29-01-2025T04:34:45 - [TEST_STEP][PASSED] - i3 = x.indexOf("/") + 1: null

29-01-2025T04:34:45 - [TEST_STEP][PASSED] - x = x.substring(i3, x.length()): null

29-01-2025T04:34:45 - [TEST_STEP][PASSED] - return x: null

29-01-2025T04:34:45 - [TEST_STEP][PASSED] - tableA = Script1719551244403.NewDZO(x = tableA): null

29-01-2025T04:34:45 - [TEST_STEP][PASSED] - i3 = <not implemented yet for class: org.codehaus.groovy.ast.expr.EmptyExpression>: null

29-01-2025T04:34:45 - [TEST_STEP][PASSED] - i3 = x.indexOf("/") + 1: null

29-01-2025T04:34:45 - [TEST_STEP][PASSED] - x = x.substring(i3, x.length()): null

29-01-2025T04:34:45 - [TEST_STEP][PASSED] - return x: null

29-01-2025T04:34:45 - [TEST_STEP][PASSED] - tableA = Script1719551244403.NewDZO(x = tableA): null

29-01-2025T04:34:45 - [TEST_STEP][PASSED] - i3 = <not implemented yet for class: org.codehaus.groovy.ast.expr.EmptyExpression>: null

29-01-2025T04:34:45 - [TEST_STEP][PASSED] - i3 = x.indexOf("/") + 1: null

29-01-2025T04:34:45 - [TEST_STEP][PASSED] - x = x.substring(i3, x.length()): null

29-01-2025T04:34:45 - [TEST_STEP][PASSED] - return x: null

29-01-2025T04:34:45 - [TEST_STEP][PASSED] - tableA = Script1719551244403.NewDZO(x = tableA): null

29-01-2025T04:34:45 - [TEST_STEP][PASSED] - i3 = <not implemented yet for class: org.codehaus.groovy.ast.expr.EmptyExpression>: null

29-01-2025T04:34:45 - [TEST_STEP][PASSED] - i3 = x.indexOf("/") + 1: null

29-01-2025T04:34:45 - [TEST_STEP][PASSED] - x = x.substring(i3, x.length()): null

29-01-2025T04:34:45 - [TEST_STEP][PASSED] - return x: null

29-01-2025T04:34:45 - [TEST_STEP][PASSED] - tableA = Script1719551244403.NewDZO(x = tableA): null

29-01-2025T04:34:45 - [TEST_STEP][PASSED] - i3 = <not implemented yet for class: org.codehaus.groovy.ast.expr.EmptyExpression>: null

29-01-2025T04:34:45 - [TEST_STEP][PASSED] - i3 = x.indexOf("/") + 1: null

29-01-2025T04:34:45 - [TEST_STEP][PASSED] - x = x.substring(i3, x.length()): null

29-01-2025T04:34:45 - [TEST_STEP][PASSED] - return x: null

29-01-2025T04:34:45 - [TEST_STEP][PASSED] - tableA = Script1719551244403.NewDZO(x = tableA): null

29-01-2025T04:34:45 - [TEST_STEP][PASSED] - i3 = <not implemented yet for class: org.codehaus.groovy.ast.expr.EmptyExpression>: null

29-01-2025T04:34:45 - [TEST_STEP][PASSED] - i3 = x.indexOf("/") + 1: null

29-01-2025T04:34:45 - [TEST_STEP][PASSED] - x = x.substring(i3, x.length()): null

29-01-2025T04:34:45 - [TEST_STEP][PASSED] - return x: null

29-01-2025T04:34:45 - [TEST_STEP][PASSED] - tableA = Script1719551244403.NewDZO(x = tableA): null

29-01-2025T04:34:45 - [TEST_STEP][PASSED] - i3 = <not implemented yet for class: org.codehaus.groovy.ast.expr.EmptyExpression>: null

29-01-2025T04:34:45 - [TEST_STEP][PASSED] - i3 = x.indexOf("/") + 1: null

29-01-2025T04:34:45 - [TEST_STEP][PASSED] - x = x.substring(i3, x.length()): null

29-01-2025T04:34:45 - [TEST_STEP][PASSED] - return x: null

29-01-2025T04:34:45 - [TEST_STEP][PASSED] - i = tableA.indexOf("Юг"): null

29-01-2025T04:34:45 - [TEST_STEP][PASSED] - CiPA = replaceAll("\p{P}", "").trim(): null

29-01-2025T04:34:45 - [TEST_STEP][PASSED] - println("CiPA: " + CiPA): null

29-01-2025T04:34:45 - [TEST_STEP][PASSED] - for ([i = 1, i < 10, (i++)]): null

29-01-2025T04:34:45 - [TEST_STEP][PASSED] - tableA = Script1719551244403.NewDZO(x = tableA): null

29-01-2025T04:34:45 - [TEST_STEP][PASSED] - i3 = <not implemented yet for class: org.codehaus.groovy.ast.expr.EmptyExpression>: null

29-01-2025T04:34:45 - [TEST_STEP][PASSED] - i3 = x.indexOf("/") + 1: null

29-01-2025T04:34:45 - [TEST_STEP][PASSED] - x = x.substring(i3, x.length()): null

29-01-2025T04:34:45 - [TEST_STEP][PASSED] - return x: null

29-01-2025T04:34:45 - [TEST_STEP][PASSED] - tableA = Script1719551244403.NewDZO(x = tableA): null

29-01-2025T04:34:45 - [TEST_STEP][PASSED] - i3 = <not implemented yet for class: org.codehaus.groovy.ast.expr.EmptyExpression>: null

29-01-2025T04:34:45 - [TEST_STEP][PASSED] - i3 = x.indexOf("/") + 1: null

29-01-2025T04:34:45 - [TEST_STEP][PASSED] - x = x.substring(i3, x.length()): null

29-01-2025T04:34:45 - [TEST_STEP][PASSED] - return x: null

29-01-2025T04:34:45 - [TEST_STEP][PASSED] - tableA = Script1719551244403.NewDZO(x = tableA): null

29-01-2025T04:34:45 - [TEST_STEP][PASSED] - i3 = <not implemented yet for class: org.codehaus.groovy.ast.expr.EmptyExpression>: null

29-01-2025T04:34:45 - [TEST_STEP][PASSED] - i3 = x.indexOf("/") + 1: null

29-01-2025T04:34:45 - [TEST_STEP][PASSED] - x = x.substring(i3, x.length()): null

29-01-2025T04:34:45 - [TEST_STEP][PASSED] - return x: null

29-01-2025T04:34:45 - [TEST_STEP][PASSED] - tableA = Script1719551244403.NewDZO(x = tableA): null

29-01-2025T04:34:45 - [TEST_STEP][PASSED] - i3 = <not implemented yet for class: org.codehaus.groovy.ast.expr.EmptyExpression>: null

29-01-2025T04:34:45 - [TEST_STEP][PASSED] - i3 = x.indexOf("/") + 1: null

29-01-2025T04:34:45 - [TEST_STEP][PASSED] - x = x.substring(i3, x.length()): null

29-01-2025T04:34:45 - [TEST_STEP][PASSED] - return x: null

29-01-2025T04:34:45 - [TEST_STEP][PASSED] - tableA = Script1719551244403.NewDZO(x = tableA): null

29-01-2025T04:34:45 - [TEST_STEP][PASSED] - i3 = <not implemented yet for class: org.codehaus.groovy.ast.expr.EmptyExpression>: null

29-01-2025T04:34:45 - [TEST_STEP][PASSED] - i3 = x.indexOf("/") + 1: null

29-01-2025T04:34:45 - [TEST_STEP][PASSED] - x = x.substring(i3, x.length()): null

29-01-2025T04:34:45 - [TEST_STEP][PASSED] - return x: null

29-01-2025T04:34:45 - [TEST_STEP][PASSED] - tableA = Script1719551244403.NewDZO(x = tableA): null

29-01-2025T04:34:45 - [TEST_STEP][PASSED] - i3 = <not implemented yet for class: org.codehaus.groovy.ast.expr.EmptyExpression>: null

29-01-2025T04:34:45 - [TEST_STEP][PASSED] - i3 = x.indexOf("/") + 1: null

29-01-2025T04:34:45 - [TEST_STEP][PASSED] - x = x.substring(i3, x.length()): null

29-01-2025T04:34:45 - [TEST_STEP][PASSED] - return x: null

29-01-2025T04:34:45 - [TEST_STEP][PASSED] - tableA = Script1719551244403.NewDZO(x = tableA): null

29-01-2025T04:34:45 - [TEST_STEP][PASSED] - i3 = <not implemented yet for class: org.codehaus.groovy.ast.expr.EmptyExpression>: null

29-01-2025T04:34:45 - [TEST_STEP][PASSED] - i3 = x.indexOf("/") + 1: null

29-01-2025T04:34:45 - [TEST_STEP][PASSED] - x = x.substring(i3, x.length()): null

29-01-2025T04:34:45 - [TEST_STEP][PASSED] - return x: null

29-01-2025T04:34:45 - [TEST_STEP][PASSED] - tableA = Script1719551244403.NewDZO(x = tableA): null

29-01-2025T04:34:45 - [TEST_STEP][PASSED] - i3 = <not implemented yet for class: org.codehaus.groovy.ast.expr.EmptyExpression>: null

29-01-2025T04:34:45 - [TEST_STEP][PASSED] - i3 = x.indexOf("/") + 1: null

29-01-2025T04:34:45 - [TEST_STEP][PASSED] - x = x.substring(i3, x.length()): null

29-01-2025T04:34:45 - [TEST_STEP][PASSED] - return x: null

29-01-2025T04:34:45 - [TEST_STEP][PASSED] - tableA = Script1719551244403.NewDZO(x = tableA): null

29-01-2025T04:34:45 - [TEST_STEP][PASSED] - i3 = <not implemented yet for class: org.codehaus.groovy.ast.expr.EmptyExpression>: null

29-01-2025T04:34:45 - [TEST_STEP][PASSED] - i3 = x.indexOf("/") + 1: null

29-01-2025T04:34:45 - [TEST_STEP][PASSED] - x = x.substring(i3, x.length()): null

29-01-2025T04:34:45 - [TEST_STEP][PASSED] - return x: null

29-01-2025T04:34:45 - [TEST_STEP][PASSED] - i = tableA.indexOf("Янтарь"): null

29-01-2025T04:34:45 - [TEST_STEP][PASSED] - UgA = replaceAll("\p{P}", "").trim(): null

29-01-2025T04:34:45 - [TEST_STEP][PASSED] - println("UgA: " + UgA): null

29-01-2025T04:34:45 - [TEST_STEP][PASSED] - i = tableA.lastIndexOf("/"): null

29-01-2025T04:34:45 - [TEST_STEP][PASSED] - YaA = replaceAll("\p{P}", "").trim(): null

29-01-2025T04:34:45 - [TEST_STEP][PASSED] - println("YaA: " + YaA): null

29-01-2025T04:34:45 - [TEST_STEP][PASSED] - delay(10): Delayed 10 second(s)

29-01-2025T04:34:55 - [MESSAGE][PASSED] - Delayed 10 second(s)

29-01-2025T04:34:55 - [TEST_STEP][PASSED] - navigateToUrl(findTestData("PlanFact").getValue(10, 11)): Navigate to 'https://bi.rosseti.digital/viewer?dashboardGuid=a1fd28b3785d443cbc4d7690a1d78e31&sheetGuid=d3a0ddec2e914cb380b20dca74903099&fit=true' successfully

29-01-2025T04:34:56 - [MESSAGE][PASSED] - Navigate to 'https://bi.rosseti.digital/viewer?dashboardGuid=a1fd28b3785d443cbc4d7690a1d78e31&sheetGuid=d3a0ddec2e914cb380b20dca74903099&fit=true' successfully

29-01-2025T04:34:56 - [TEST_STEP][PASSED] - b = <not implemented yet for class: org.codehaus.groovy.ast.expr.EmptyExpression>: null

29-01-2025T04:34:56 - [TEST_STEP][PASSED] - b1 = <not implemented yet for class: org.codehaus.groovy.ast.expr.EmptyExpression>: null

29-01-2025T04:34:56 - [TEST_STEP][PASSED] - b2 = <not implemented yet for class: org.codehaus.groovy.ast.expr.EmptyExpression>: null

29-01-2025T04:34:56 - [TEST_STEP][PASSED] - click(findTestObject("Факторный анализ/Фильтр Дата Выручка")): Object: 'Object Repository/Факторный анализ/Фильтр Дата Выручка' is clicked on

29-01-2025T04:35:05 - [MESSAGE][PASSED] - Object: 'Object Repository/Факторный анализ/Фильтр Дата Выручка' is clicked on

29-01-2025T04:35:05 - [TEST_STEP][PASSED] - click(findTestObject("Факторный анализ/Снять выделение в фильтре Дата Выручка")): Object: 'Object Repository/Факторный анализ/Снять выделение в фильтре Дата Выручка' is clicked on

29-01-2025T04:35:05 - [MESSAGE][PASSED] - Object: 'Object Repository/Факторный анализ/Снять выделение в фильтре Дата Выручка' is clicked on

29-01-2025T04:35:05 - [TEST_STEP][PASSED] - click(findTestObject("Факторный анализ/Применить в фильтре Дата Выручка")): Object: 'Object Repository/Факторный анализ/Применить в фильтре Дата Выручка' is clicked on

29-01-2025T04:35:06 - [MESSAGE][PASSED] - Object: 'Object Repository/Факторный анализ/Применить в фильтре Дата Выручка' is clicked on

29-01-2025T04:35:06 - [TEST_STEP][PASSED] - delay(10): Delayed 10 second(s)

29-01-2025T04:35:16 - [MESSAGE][PASSED] - Delayed 10 second(s)

29-01-2025T04:35:16 - [TEST_STEP][PASSED] - click(findTestObject("Факторный анализ/Фильтр Дата Выручка")): Object: 'Object Repository/Факторный анализ/Фильтр Дата Выручка' is clicked on

29-01-2025T04:35:16 - [MESSAGE][PASSED] - Object: 'Object Repository/Факторный анализ/Фильтр Дата Выручка' is clicked on

29-01-2025T04:35:16 - [TEST_STEP][PASSED] - click(findTestObject("Факторный анализ/Снять выделение в фильтре Дата Выручка")): Object: 'Object Repository/Факторный анализ/Снять выделение в фильтре Дата Выручка' is clicked on

29-01-2025T04:35:17 - [MESSAGE][PASSED] - Object: 'Object Repository/Факторный анализ/Снять выделение в фильтре Дата Выручка' is clicked on

29-01-2025T04:35:17 - [TEST_STEP][PASSED] - scrollToElement(findTestObject("Факторный анализ/2024 список Выручка"), 30): Scroll to object 'Object Repository/Факторный анализ/2024 список Выручка' successfully

29-01-2025T04:35:17 - [MESSAGE][PASSED] - Scroll to object 'Object Repository/Факторный анализ/2024 список Выручка' successfully

29-01-2025T04:35:17 - [TEST_STEP][PASSED] - click(findTestObject("Факторный анализ/2024 год Выручка")): Object: 'Object Repository/Факторный анализ/2024 год Выручка' is clicked on

29-01-2025T04:35:17 - [MESSAGE][PASSED] - Object: 'Object Repository/Факторный анализ/2024 год Выручка' is clicked on

29-01-2025T04:35:17 - [TEST_STEP][PASSED] - scrollToElement(findTestObject("Факторный анализ/Заголовок дашборда Выручка"), 30): Scroll to object 'Object Repository/Факторный анализ/Заголовок дашборда Выручка' successfully

29-01-2025T04:35:18 - [MESSAGE][PASSED] - Scroll to object 'Object Repository/Факторный анализ/Заголовок дашборда Выручка' successfully

29-01-2025T04:35:18 - [TEST_STEP][PASSED] - click(findTestObject("Факторный анализ/Применить в фильтре Дата Выручка")): Object: 'Object Repository/Факторный анализ/Применить в фильтре Дата Выручка' is clicked on

29-01-2025T04:35:18 - [MESSAGE][PASSED] - Object: 'Object Repository/Факторный анализ/Применить в фильтре Дата Выручка' is clicked on

29-01-2025T04:35:18 - [TEST_STEP][PASSED] - if (run == 1): null

29-01-2025T04:35:18 - [TEST_STEP][PASSED] - else: null

29-01-2025T04:35:18 - [TEST_STEP][PASSED] - click(findTestObject("Факторный анализ/Переключить отображение с филиала на месяц")): Object: 'Object Repository/Факторный анализ/Переключить отображение с филиала на месяц' is clicked on

29-01-2025T04:35:19 - [MESSAGE][PASSED] - Object: 'Object Repository/Факторный анализ/Переключить отображение с филиала на месяц' is clicked on

29-01-2025T04:35:19 - [TEST_STEP][PASSED] - b1 = replaceAll("\s+", "").trim(): Text of object 'Object Repository/Факторный анализ/span1 Выручка' is: '-1 328 900'

29-01-2025T04:35:20 - [MESSAGE][PASSED] - Text of object 'Object Repository/Факторный анализ/span1 Выручка' is: '-1 328 900'

29-01-2025T04:35:20 - [TEST_STEP][PASSED] - b2 = replaceAll("\s+", "").trim(): Text of object 'Object Repository/Факторный анализ/span2 Выручка' is: '-4 570'

29-01-2025T04:35:20 - [MESSAGE][PASSED] - Text of object 'Object Repository/Факторный анализ/span2 Выручка' is: '-4 570'

29-01-2025T04:35:20 - [TEST_STEP][PASSED] - println("b1: " + b1): null

29-01-2025T04:35:20 - [TEST_STEP][PASSED] - println("b2: " + b2): null

29-01-2025T04:35:20 - [TEST_STEP][PASSED] - vidget = "Отклонения выручки по факторам": null

29-01-2025T04:35:20 - [TEST_STEP][PASSED] - DZO = "ПАО Россети": null

29-01-2025T04:35:20 - [TEST_STEP][PASSED] - typeOfData = "Отклонение (объём услуг)": null

29-01-2025T04:35:20 - [TEST_STEP][PASSED] - Script1719551244403.Compare(x = a1, y = b1, run, typeOfData, otobrajeniyeDannyh, todaysDate, vidget, DZO): null

29-01-2025T04:35:20 - [TEST_STEP][PASSED] - if (verifyEqual(x, y) == true): Actual object '-1328900' and expected object '-1328900' are equal

29-01-2025T04:35:20 - [MESSAGE][PASSED] - Actual object '-1328900' and expected object '-1328900' are equal

29-01-2025T04:35:20 - [TEST_STEP][PASSED] - typeOfData = "Отклонение (средний тариф)": null

29-01-2025T04:35:20 - [TEST_STEP][PASSED] - Script1719551244403.Compare(x = a2, y = b2, run, typeOfData, otobrajeniyeDannyh, todaysDate, vidget, DZO): null

29-01-2025T04:35:20 - [TEST_STEP][PASSED] - if (verifyEqual(x, y) == true): Actual object '-4570' and expected object '-4570' are equal

29-01-2025T04:35:20 - [MESSAGE][PASSED] - Actual object '-4570' and expected object '-4570' are equal

29-01-2025T04:35:20 - [TEST_STEP][PASSED] - tableB = getText(findTestObject("Факторный анализ/AllTable1 Выручка")).replaceAll("[\r?
|
]", "/"): Text of object 'Object Repository/Факторный анализ/AllTable1 Выручка' is: 'ДЗО
Филиал
Отклонение (объём услуг) филиал без Nan
Отклонение (средний тариф) филиал без Nan
АО «Тываэнерго» АО "Тываэнерго" 627 - 194
АО «Чеченэнерго» АО «Чеченэнерго» 95 50
Россети Волга Мордовэнерго 238 -95
Оренбургэнерго 926 - 145
Пензаэнерго 367 -69
Самарские РС 364 -1 248
Саратовские РС 460 - 650
Ульяновские РС 284 - 237
Чувашэнерго - 170 150
Россети Кубань Кубаньэнерго 4 476 839
Россети Ленэнерго (ГК) Ленинградская область 1 659 1 495
г. Санкт-Петербург 2 769 - 155
Россети Московский регион Московская область 5 420 -1 178
г. Москва 4 764 -62
Россети Северный Кавказ (ГК) Дагестанская энергосбытовая компания 0 0
Дагэнерго - 796 629
Ингушэнерго - 224 149
Каббалкэнерго 317 87
Карачаево-Черкесскэнерго 198 38
Севкавказэнерго - 446 199
Ставропольэнерго 320 - 191
Россети Северо-Запад Архангельский филиал 21 - 125
Вологодский филиал 265 21
Карельский филиал -77 185
Мурманский филиал 118 44
Новгородский филиал 249 -41
Псковский филиал 138 -24
филиал в Республике Коми - 137 59
Россети Сибирь (ГК) Алтайэнерго 343 359
Бурятэнерго -89 347
ГАЭС 190 -27
Красноярскэнерго 1 482 - 869
Кузбассэнерго-РЭС - 524 1 053
Омскэнерго 238 -63
Хакасэнерго 491 - 481
Читаэнерго -78 253
Россети Томск Томская распределительная компания 362 - 164
Россети Тюмень Россети Тюмень -6 579 - 750
Россети Урал (ГК) Пермэнерго 706 - 273
Свердловэнерго 936 284
Челябэнерго 1 031 - 771
Россети ФСК ЕЭС Итого по ФСК ЕЭС -18 155 -4 990
Россети Центр Белгородэнерго 354 160
Брянскэнерго 68 -1
Воронежэнерго 713 94
Костромаэнерго 145 -18
Курскэнерго -59 68
Липецкэнерго 851 - 427
Орелэнерго 142 -73
Смоленскэнерго 23 46
Тамбовэнерго 307 -18
Тверьэнерго 390 210
Ярэнерго 702 16
Россети Центр и Приволжье (ГК) Владимирэнерго 572 68
Ивэнерго 264 53
Калугаэнерго 789 -62
Кировэнерго 531 36
Мариэнерго 192 30
Нижновэнерго 961 394
Рязаньэнерго 214 74
Тулэнерго 916 - 295
Удмуртэнерго 395 30
Россети Юг (ГК) АО «ВМЭС» 117 66
Астраханьэнерго 46 54
Волгоградэнерго 481 - 502
Калмэнерго 9 0
Ростовэнерго 865 70
Россети Янтарь Россети Янтарь 425 -35'

29-01-2025T04:35:20 - [MESSAGE][PASSED] - Text of object 'Object Repository/Факторный анализ/AllTable1 Выручка' is: 'ДЗО
Филиал
Отклонение (объём услуг) филиал без Nan
Отклонение (средний тариф) филиал без Nan
АО «Тываэнерго» АО "Тываэнерго" 627 - 194
АО «Чеченэнерго» АО «Чеченэнерго» 95 50
Россети Волга Мордовэнерго 238 -95
Оренбургэнерго 926 - 145
Пензаэнерго 367 -69
Самарские РС 364 -1 248
Саратовские РС 460 - 650
Ульяновские РС 284 - 237
Чувашэнерго - 170 150
Россети Кубань Кубаньэнерго 4 476 839
Россети Ленэнерго (ГК) Ленинградская область 1 659 1 495
г. Санкт-Петербург 2 769 - 155
Россети Московский регион Московская область 5 420 -1 178
г. Москва 4 764 -62
Россети Северный Кавказ (ГК) Дагестанская энергосбытовая компания 0 0
Дагэнерго - 796 629
Ингушэнерго - 224 149
Каббалкэнерго 317 87
Карачаево-Черкесскэнерго 198 38
Севкавказэнерго - 446 199
Ставропольэнерго 320 - 191
Россети Северо-Запад Архангельский филиал 21 - 125
Вологодский филиал 265 21
Карельский филиал -77 185
Мурманский филиал 118 44
Новгородский филиал 249 -41
Псковский филиал 138 -24
филиал в Республике Коми - 137 59
Россети Сибирь (ГК) Алтайэнерго 343 359
Бурятэнерго -89 347
ГАЭС 190 -27
Красноярскэнерго 1 482 - 869
Кузбассэнерго-РЭС - 524 1 053
Омскэнерго 238 -63
Хакасэнерго 491 - 481
Читаэнерго -78 253
Россети Томск Томская распределительная компания 362 - 164
Россети Тюмень Россети Тюмень -6 579 - 750
Россети Урал (ГК) Пермэнерго 706 - 273
Свердловэнерго 936 284
Челябэнерго 1 031 - 771
Россети ФСК ЕЭС Итого по ФСК ЕЭС -18 155 -4 990
Россети Центр Белгородэнерго 354 160
Брянскэнерго 68 -1
Воронежэнерго 713 94
Костромаэнерго 145 -18
Курскэнерго -59 68
Липецкэнерго 851 - 427
Орелэнерго 142 -73
Смоленскэнерго 23 46
Тамбовэнерго 307 -18
Тверьэнерго 390 210
Ярэнерго 702 16
Россети Центр и Приволжье (ГК) Владимирэнерго 572 68
Ивэнерго 264 53
Калугаэнерго 789 -62
Кировэнерго 531 36
Мариэнерго 192 30
Нижновэнерго 961 394
Рязаньэнерго 214 74
Тулэнерго 916 - 295
Удмуртэнерго 395 30
Россети Юг (ГК) АО «ВМЭС» 117 66
Астраханьэнерго 46 54
Волгоградэнерго 481 - 502
Калмэнерго 9 0
Ростовэнерго 865 70
Россети Янтарь Россети Янтарь 425 -35'

29-01-2025T04:35:20 - [TEST_STEP][PASSED] - println("tableB: " + tableB): null

29-01-2025T04:35:20 - [TEST_STEP][PASSED] - for ([i = 1, i < 5, (i++)]): null

29-01-2025T04:35:20 - [TEST_STEP][PASSED] - ii = tableB.indexOf("/") + 1: null

29-01-2025T04:35:20 - [TEST_STEP][PASSED] - tableB = tableB.substring(ii, tableB.length()): null

29-01-2025T04:35:20 - [TEST_STEP][PASSED] - ii = tableB.indexOf("/") + 1: null

29-01-2025T04:35:20 - [TEST_STEP][PASSED] - tableB = tableB.substring(ii, tableB.length()): null

29-01-2025T04:35:20 - [TEST_STEP][PASSED] - ii = tableB.indexOf("/") + 1: null

29-01-2025T04:35:20 - [TEST_STEP][PASSED] - tableB = tableB.substring(ii, tableB.length()): null

29-01-2025T04:35:20 - [TEST_STEP][PASSED] - ii = tableB.indexOf("/") + 1: null

29-01-2025T04:35:20 - [TEST_STEP][PASSED] - tableB = tableB.substring(ii, tableB.length()): null

29-01-2025T04:35:20 - [TEST_STEP][PASSED] - println("tableB: " + tableB): null

29-01-2025T04:35:20 - [TEST_STEP][PASSED] - TyB = Script1719551244403.GetData(x = tableB): null

29-01-2025T04:35:20 - [TEST_STEP][PASSED] - i2 = <not implemented yet for class: org.codehaus.groovy.ast.expr.EmptyExpression>: null

29-01-2025T04:35:20 - [TEST_STEP][PASSED] - i2 = x.indexOf("/") + 1: null

29-01-2025T04:35:20 - [TEST_STEP][PASSED] - x = replaceAll("\p{P}", "").trim(): null

29-01-2025T04:35:20 - [TEST_STEP][PASSED] - return x: null

29-01-2025T04:35:20 - [TEST_STEP][PASSED] - println("TyB: " + TyB): null

29-01-2025T04:35:20 - [TEST_STEP][PASSED] - tableB = Script1719551244403.NewDZO(x = tableB): null

29-01-2025T04:35:20 - [TEST_STEP][PASSED] - i3 = <not implemented yet for class: org.codehaus.groovy.ast.expr.EmptyExpression>: null

29-01-2025T04:35:20 - [TEST_STEP][PASSED] - i3 = x.indexOf("/") + 1: null

29-01-2025T04:35:20 - [TEST_STEP][PASSED] - x = x.substring(i3, x.length()): null

29-01-2025T04:35:20 - [TEST_STEP][PASSED] - return x: null

29-01-2025T04:35:20 - [TEST_STEP][PASSED] - ChB = Script1719551244403.GetData(x = tableB): null

29-01-2025T04:35:20 - [TEST_STEP][PASSED] - i2 = <not implemented yet for class: org.codehaus.groovy.ast.expr.EmptyExpression>: null

29-01-2025T04:35:20 - [TEST_STEP][PASSED] - i2 = x.indexOf("/") + 1: null

29-01-2025T04:35:20 - [TEST_STEP][PASSED] - x = replaceAll("\p{P}", "").trim(): null

29-01-2025T04:35:20 - [TEST_STEP][PASSED] - return x: null

29-01-2025T04:35:20 - [TEST_STEP][PASSED] - println("ChB: " + ChB): null

29-01-2025T04:35:20 - [TEST_STEP][PASSED] - tableB = Script1719551244403.NewDZO(x = tableB): null

29-01-2025T04:35:20 - [TEST_STEP][PASSED] - i3 = <not implemented yet for class: org.codehaus.groovy.ast.expr.EmptyExpression>: null

29-01-2025T04:35:20 - [TEST_STEP][PASSED] - i3 = x.indexOf("/") + 1: null

29-01-2025T04:35:20 - [TEST_STEP][PASSED] - x = x.substring(i3, x.length()): null

29-01-2025T04:35:20 - [TEST_STEP][PASSED] - return x: null

29-01-2025T04:35:20 - [TEST_STEP][PASSED] - i = tableB.indexOf("Кубань"): null

29-01-2025T04:35:20 - [TEST_STEP][PASSED] - VB = replaceAll("\p{P}", "").trim(): null

29-01-2025T04:35:20 - [TEST_STEP][PASSED] - println("VB: " + VB): null

29-01-2025T04:35:20 - [TEST_STEP][PASSED] - for ([i = 1, i < 8, (i++)]): null

29-01-2025T04:35:20 - [TEST_STEP][PASSED] - tableB = Script1719551244403.NewDZO(x = tableB): null

29-01-2025T04:35:20 - [TEST_STEP][PASSED] - i3 = <not implemented yet for class: org.codehaus.groovy.ast.expr.EmptyExpression>: null

29-01-2025T04:35:20 - [TEST_STEP][PASSED] - i3 = x.indexOf("/") + 1: null

29-01-2025T04:35:20 - [TEST_STEP][PASSED] - x = x.substring(i3, x.length()): null

29-01-2025T04:35:20 - [TEST_STEP][PASSED] - return x: null

29-01-2025T04:35:20 - [TEST_STEP][PASSED] - tableB = Script1719551244403.NewDZO(x = tableB): null

29-01-2025T04:35:20 - [TEST_STEP][PASSED] - i3 = <not implemented yet for class: org.codehaus.groovy.ast.expr.EmptyExpression>: null

29-01-2025T04:35:20 - [TEST_STEP][PASSED] - i3 = x.indexOf("/") + 1: null

29-01-2025T04:35:20 - [TEST_STEP][PASSED] - x = x.substring(i3, x.length()): null

29-01-2025T04:35:20 - [TEST_STEP][PASSED] - return x: null

29-01-2025T04:35:20 - [TEST_STEP][PASSED] - tableB = Script1719551244403.NewDZO(x = tableB): null

29-01-2025T04:35:20 - [TEST_STEP][PASSED] - i3 = <not implemented yet for class: org.codehaus.groovy.ast.expr.EmptyExpression>: null

29-01-2025T04:35:20 - [TEST_STEP][PASSED] - i3 = x.indexOf("/") + 1: null

29-01-2025T04:35:20 - [TEST_STEP][PASSED] - x = x.substring(i3, x.length()): null

29-01-2025T04:35:20 - [TEST_STEP][PASSED] - return x: null

29-01-2025T04:35:20 - [TEST_STEP][PASSED] - tableB = Script1719551244403.NewDZO(x = tableB): null

29-01-2025T04:35:20 - [TEST_STEP][PASSED] - i3 = <not implemented yet for class: org.codehaus.groovy.ast.expr.EmptyExpression>: null

29-01-2025T04:35:20 - [TEST_STEP][PASSED] - i3 = x.indexOf("/") + 1: null

29-01-2025T04:35:20 - [TEST_STEP][PASSED] - x = x.substring(i3, x.length()): null

29-01-2025T04:35:20 - [TEST_STEP][PASSED] - return x: null

29-01-2025T04:35:20 - [TEST_STEP][PASSED] - tableB = Script1719551244403.NewDZO(x = tableB): null

29-01-2025T04:35:20 - [TEST_STEP][PASSED] - i3 = <not implemented yet for class: org.codehaus.groovy.ast.expr.EmptyExpression>: null

29-01-2025T04:35:20 - [TEST_STEP][PASSED] - i3 = x.indexOf("/") + 1: null

29-01-2025T04:35:20 - [TEST_STEP][PASSED] - x = x.substring(i3, x.length()): null

29-01-2025T04:35:20 - [TEST_STEP][PASSED] - return x: null

29-01-2025T04:35:20 - [TEST_STEP][PASSED] - tableB = Script1719551244403.NewDZO(x = tableB): null

29-01-2025T04:35:20 - [TEST_STEP][PASSED] - i3 = <not implemented yet for class: org.codehaus.groovy.ast.expr.EmptyExpression>: null

29-01-2025T04:35:20 - [TEST_STEP][PASSED] - i3 = x.indexOf("/") + 1: null

29-01-2025T04:35:20 - [TEST_STEP][PASSED] - x = x.substring(i3, x.length()): null

29-01-2025T04:35:20 - [TEST_STEP][PASSED] - return x: null

29-01-2025T04:35:20 - [TEST_STEP][PASSED] - tableB = Script1719551244403.NewDZO(x = tableB): null

29-01-2025T04:35:20 - [TEST_STEP][PASSED] - i3 = <not implemented yet for class: org.codehaus.groovy.ast.expr.EmptyExpression>: null

29-01-2025T04:35:20 - [TEST_STEP][PASSED] - i3 = x.indexOf("/") + 1: null

29-01-2025T04:35:20 - [TEST_STEP][PASSED] - x = x.substring(i3, x.length()): null

29-01-2025T04:35:20 - [TEST_STEP][PASSED] - return x: null

29-01-2025T04:35:20 - [TEST_STEP][PASSED] - i = tableB.indexOf("Ленэнерго"): null

29-01-2025T04:35:20 - [TEST_STEP][PASSED] - KuB = Script1719551244403.GetData(x = tableB): null

29-01-2025T04:35:20 - [TEST_STEP][PASSED] - i2 = <not implemented yet for class: org.codehaus.groovy.ast.expr.EmptyExpression>: null

29-01-2025T04:35:20 - [TEST_STEP][PASSED] - i2 = x.indexOf("/") + 1: null

29-01-2025T04:35:20 - [TEST_STEP][PASSED] - x = replaceAll("\p{P}", "").trim(): null

29-01-2025T04:35:20 - [TEST_STEP][PASSED] - return x: null

29-01-2025T04:35:20 - [TEST_STEP][PASSED] - println("KuB: " + KuB): null

29-01-2025T04:35:20 - [TEST_STEP][PASSED] - tableB = Script1719551244403.NewDZO(x = tableB): null

29-01-2025T04:35:20 - [TEST_STEP][PASSED] - i3 = <not implemented yet for class: org.codehaus.groovy.ast.expr.EmptyExpression>: null

29-01-2025T04:35:20 - [TEST_STEP][PASSED] - i3 = x.indexOf("/") + 1: null

29-01-2025T04:35:20 - [TEST_STEP][PASSED] - x = x.substring(i3, x.length()): null

29-01-2025T04:35:20 - [TEST_STEP][PASSED] - return x: null

29-01-2025T04:35:20 - [TEST_STEP][PASSED] - i = tableB.indexOf("Московский"): null

29-01-2025T04:35:20 - [TEST_STEP][PASSED] - LenB = replaceAll("\p{P}", "").trim(): null

29-01-2025T04:35:20 - [TEST_STEP][PASSED] - println("LenB: " + LenB): null

29-01-2025T04:35:20 - [TEST_STEP][PASSED] - tableB = Script1719551244403.NewDZO(x = tableB): null

29-01-2025T04:35:20 - [TEST_STEP][PASSED] - i3 = <not implemented yet for class: org.codehaus.groovy.ast.expr.EmptyExpression>: null

29-01-2025T04:35:20 - [TEST_STEP][PASSED] - i3 = x.indexOf("/") + 1: null

29-01-2025T04:35:20 - [TEST_STEP][PASSED] - x = x.substring(i3, x.length()): null

29-01-2025T04:35:20 - [TEST_STEP][PASSED] - return x: null

29-01-2025T04:35:20 - [TEST_STEP][PASSED] - tableB = Script1719551244403.NewDZO(x = tableB): null

29-01-2025T04:35:20 - [TEST_STEP][PASSED] - i3 = <not implemented yet for class: org.codehaus.groovy.ast.expr.EmptyExpression>: null

29-01-2025T04:35:20 - [TEST_STEP][PASSED] - i3 = x.indexOf("/") + 1: null

29-01-2025T04:35:20 - [TEST_STEP][PASSED] - x = x.substring(i3, x.length()): null

29-01-2025T04:35:20 - [TEST_STEP][PASSED] - return x: null

29-01-2025T04:35:20 - [TEST_STEP][PASSED] - i = tableB.indexOf("Кавказ"): null

29-01-2025T04:35:20 - [TEST_STEP][PASSED] - MosB = replaceAll("\p{P}", "").trim(): null

29-01-2025T04:35:20 - [TEST_STEP][PASSED] - println("MosB: " + MosB): null

29-01-2025T04:35:20 - [TEST_STEP][PASSED] - for ([i = 1, i < 3, (i++)]): null

29-01-2025T04:35:20 - [TEST_STEP][PASSED] - tableB = Script1719551244403.NewDZO(x = tableB): null

29-01-2025T04:35:20 - [TEST_STEP][PASSED] - i3 = <not implemented yet for class: org.codehaus.groovy.ast.expr.EmptyExpression>: null

29-01-2025T04:35:20 - [TEST_STEP][PASSED] - i3 = x.indexOf("/") + 1: null

29-01-2025T04:35:20 - [TEST_STEP][PASSED] - x = x.substring(i3, x.length()): null

29-01-2025T04:35:20 - [TEST_STEP][PASSED] - return x: null

29-01-2025T04:35:20 - [TEST_STEP][PASSED] - tableB = Script1719551244403.NewDZO(x = tableB): null

29-01-2025T04:35:20 - [TEST_STEP][PASSED] - i3 = <not implemented yet for class: org.codehaus.groovy.ast.expr.EmptyExpression>: null

29-01-2025T04:35:20 - [TEST_STEP][PASSED] - i3 = x.indexOf("/") + 1: null

29-01-2025T04:35:20 - [TEST_STEP][PASSED] - x = x.substring(i3, x.length()): null

29-01-2025T04:35:20 - [TEST_STEP][PASSED] - return x: null

29-01-2025T04:35:20 - [TEST_STEP][PASSED] - i = tableB.indexOf("Запад"): null

29-01-2025T04:35:20 - [TEST_STEP][PASSED] - SKB = replaceAll("\p{P}", "").trim(): null

29-01-2025T04:35:20 - [TEST_STEP][PASSED] - println("SKB: " + SKB): null

29-01-2025T04:35:20 - [TEST_STEP][PASSED] - for ([i = 1, i < 7, (i++)]): null

29-01-2025T04:35:20 - [TEST_STEP][PASSED] - tableB = Script1719551244403.NewDZO(x = tableB): null

29-01-2025T04:35:20 - [TEST_STEP][PASSED] - i3 = <not implemented yet for class: org.codehaus.groovy.ast.expr.EmptyExpression>: null

29-01-2025T04:35:20 - [TEST_STEP][PASSED] - i3 = x.indexOf("/") + 1: null

29-01-2025T04:35:20 - [TEST_STEP][PASSED] - x = x.substring(i3, x.length()): null

29-01-2025T04:35:20 - [TEST_STEP][PASSED] - return x: null

29-01-2025T04:35:20 - [TEST_STEP][PASSED] - tableB = Script1719551244403.NewDZO(x = tableB): null

29-01-2025T04:35:20 - [TEST_STEP][PASSED] - i3 = <not implemented yet for class: org.codehaus.groovy.ast.expr.EmptyExpression>: null

29-01-2025T04:35:20 - [TEST_STEP][PASSED] - i3 = x.indexOf("/") + 1: null

29-01-2025T04:35:20 - [TEST_STEP][PASSED] - x = x.substring(i3, x.length()): null

29-01-2025T04:35:20 - [TEST_STEP][PASSED] - return x: null

29-01-2025T04:35:20 - [TEST_STEP][PASSED] - tableB = Script1719551244403.NewDZO(x = tableB): null

29-01-2025T04:35:20 - [TEST_STEP][PASSED] - i3 = <not implemented yet for class: org.codehaus.groovy.ast.expr.EmptyExpression>: null

29-01-2025T04:35:20 - [TEST_STEP][PASSED] - i3 = x.indexOf("/") + 1: null

29-01-2025T04:35:20 - [TEST_STEP][PASSED] - x = x.substring(i3, x.length()): null

29-01-2025T04:35:20 - [TEST_STEP][PASSED] - return x: null

29-01-2025T04:35:20 - [TEST_STEP][PASSED] - tableB = Script1719551244403.NewDZO(x = tableB): null

29-01-2025T04:35:20 - [TEST_STEP][PASSED] - i3 = <not implemented yet for class: org.codehaus.groovy.ast.expr.EmptyExpression>: null

29-01-2025T04:35:20 - [TEST_STEP][PASSED] - i3 = x.indexOf("/") + 1: null

29-01-2025T04:35:20 - [TEST_STEP][PASSED] - x = x.substring(i3, x.length()): null

29-01-2025T04:35:20 - [TEST_STEP][PASSED] - return x: null

29-01-2025T04:35:20 - [TEST_STEP][PASSED] - tableB = Script1719551244403.NewDZO(x = tableB): null

29-01-2025T04:35:20 - [TEST_STEP][PASSED] - i3 = <not implemented yet for class: org.codehaus.groovy.ast.expr.EmptyExpression>: null

29-01-2025T04:35:20 - [TEST_STEP][PASSED] - i3 = x.indexOf("/") + 1: null

29-01-2025T04:35:20 - [TEST_STEP][PASSED] - x = x.substring(i3, x.length()): null

29-01-2025T04:35:20 - [TEST_STEP][PASSED] - return x: null

29-01-2025T04:35:20 - [TEST_STEP][PASSED] - tableB = Script1719551244403.NewDZO(x = tableB): null

29-01-2025T04:35:20 - [TEST_STEP][PASSED] - i3 = <not implemented yet for class: org.codehaus.groovy.ast.expr.EmptyExpression>: null

29-01-2025T04:35:20 - [TEST_STEP][PASSED] - i3 = x.indexOf("/") + 1: null

29-01-2025T04:35:20 - [TEST_STEP][PASSED] - x = x.substring(i3, x.length()): null

29-01-2025T04:35:20 - [TEST_STEP][PASSED] - return x: null

29-01-2025T04:35:20 - [TEST_STEP][PASSED] - i = tableB.indexOf("Сибирь"): null

29-01-2025T04:35:20 - [TEST_STEP][PASSED] - SZB = replaceAll("\p{P}", "").trim(): null

29-01-2025T04:35:20 - [TEST_STEP][PASSED] - println("SZB: " + SZB): null

29-01-2025T04:35:20 - [TEST_STEP][PASSED] - for ([i = 1, i < 8, (i++)]): null

29-01-2025T04:35:20 - [TEST_STEP][PASSED] - tableB = Script1719551244403.NewDZO(x = tableB): null

29-01-2025T04:35:20 - [TEST_STEP][PASSED] - i3 = <not implemented yet for class: org.codehaus.groovy.ast.expr.EmptyExpression>: null

29-01-2025T04:35:20 - [TEST_STEP][PASSED] - i3 = x.indexOf("/") + 1: null

29-01-2025T04:35:20 - [TEST_STEP][PASSED] - x = x.substring(i3, x.length()): null

29-01-2025T04:35:20 - [TEST_STEP][PASSED] - return x: null

29-01-2025T04:35:20 - [TEST_STEP][PASSED] - tableB = Script1719551244403.NewDZO(x = tableB): null

29-01-2025T04:35:20 - [TEST_STEP][PASSED] - i3 = <not implemented yet for class: org.codehaus.groovy.ast.expr.EmptyExpression>: null

29-01-2025T04:35:20 - [TEST_STEP][PASSED] - i3 = x.indexOf("/") + 1: null

29-01-2025T04:35:20 - [TEST_STEP][PASSED] - x = x.substring(i3, x.length()): null

29-01-2025T04:35:20 - [TEST_STEP][PASSED] - return x: null

29-01-2025T04:35:20 - [TEST_STEP][PASSED] - tableB = Script1719551244403.NewDZO(x = tableB): null

29-01-2025T04:35:20 - [TEST_STEP][PASSED] - i3 = <not implemented yet for class: org.codehaus.groovy.ast.expr.EmptyExpression>: null

29-01-2025T04:35:20 - [TEST_STEP][PASSED] - i3 = x.indexOf("/") + 1: null

29-01-2025T04:35:20 - [TEST_STEP][PASSED] - x = x.substring(i3, x.length()): null

29-01-2025T04:35:20 - [TEST_STEP][PASSED] - return x: null

29-01-2025T04:35:20 - [TEST_STEP][PASSED] - tableB = Script1719551244403.NewDZO(x = tableB): null

29-01-2025T04:35:20 - [TEST_STEP][PASSED] - i3 = <not implemented yet for class: org.codehaus.groovy.ast.expr.EmptyExpression>: null

29-01-2025T04:35:20 - [TEST_STEP][PASSED] - i3 = x.indexOf("/") + 1: null

29-01-2025T04:35:20 - [TEST_STEP][PASSED] - x = x.substring(i3, x.length()): null

29-01-2025T04:35:20 - [TEST_STEP][PASSED] - return x: null

29-01-2025T04:35:20 - [TEST_STEP][PASSED] - tableB = Script1719551244403.NewDZO(x = tableB): null

29-01-2025T04:35:20 - [TEST_STEP][PASSED] - i3 = <not implemented yet for class: org.codehaus.groovy.ast.expr.EmptyExpression>: null

29-01-2025T04:35:20 - [TEST_STEP][PASSED] - i3 = x.indexOf("/") + 1: null

29-01-2025T04:35:20 - [TEST_STEP][PASSED] - x = x.substring(i3, x.length()): null

29-01-2025T04:35:20 - [TEST_STEP][PASSED] - return x: null

29-01-2025T04:35:20 - [TEST_STEP][PASSED] - tableB = Script1719551244403.NewDZO(x = tableB): null

29-01-2025T04:35:20 - [TEST_STEP][PASSED] - i3 = <not implemented yet for class: org.codehaus.groovy.ast.expr.EmptyExpression>: null

29-01-2025T04:35:20 - [TEST_STEP][PASSED] - i3 = x.indexOf("/") + 1: null

29-01-2025T04:35:20 - [TEST_STEP][PASSED] - x = x.substring(i3, x.length()): null

29-01-2025T04:35:20 - [TEST_STEP][PASSED] - return x: null

29-01-2025T04:35:20 - [TEST_STEP][PASSED] - tableB = Script1719551244403.NewDZO(x = tableB): null

29-01-2025T04:35:20 - [TEST_STEP][PASSED] - i3 = <not implemented yet for class: org.codehaus.groovy.ast.expr.EmptyExpression>: null

29-01-2025T04:35:20 - [TEST_STEP][PASSED] - i3 = x.indexOf("/") + 1: null

29-01-2025T04:35:20 - [TEST_STEP][PASSED] - x = x.substring(i3, x.length()): null

29-01-2025T04:35:20 - [TEST_STEP][PASSED] - return x: null

29-01-2025T04:35:20 - [TEST_STEP][PASSED] - i = tableB.indexOf("Томск"): null

29-01-2025T04:35:20 - [TEST_STEP][PASSED] - SiB = replaceAll("\p{P}", "").trim(): null

29-01-2025T04:35:20 - [TEST_STEP][PASSED] - println("SiB: " + SiB): null

29-01-2025T04:35:20 - [TEST_STEP][PASSED] - for ([i = 1, i < 9, (i++)]): null

29-01-2025T04:35:20 - [TEST_STEP][PASSED] - tableB = Script1719551244403.NewDZO(x = tableB): null

29-01-2025T04:35:20 - [TEST_STEP][PASSED] - i3 = <not implemented yet for class: org.codehaus.groovy.ast.expr.EmptyExpression>: null

29-01-2025T04:35:20 - [TEST_STEP][PASSED] - i3 = x.indexOf("/") + 1: null

29-01-2025T04:35:20 - [TEST_STEP][PASSED] - x = x.substring(i3, x.length()): null

29-01-2025T04:35:20 - [TEST_STEP][PASSED] - return x: null

29-01-2025T04:35:20 - [TEST_STEP][PASSED] - tableB = Script1719551244403.NewDZO(x = tableB): null

29-01-2025T04:35:20 - [TEST_STEP][PASSED] - i3 = <not implemented yet for class: org.codehaus.groovy.ast.expr.EmptyExpression>: null

29-01-2025T04:35:20 - [TEST_STEP][PASSED] - i3 = x.indexOf("/") + 1: null

29-01-2025T04:35:20 - [TEST_STEP][PASSED] - x = x.substring(i3, x.length()): null

29-01-2025T04:35:20 - [TEST_STEP][PASSED] - return x: null

29-01-2025T04:35:20 - [TEST_STEP][PASSED] - tableB = Script1719551244403.NewDZO(x = tableB): null

29-01-2025T04:35:20 - [TEST_STEP][PASSED] - i3 = <not implemented yet for class: org.codehaus.groovy.ast.expr.EmptyExpression>: null

29-01-2025T04:35:20 - [TEST_STEP][PASSED] - i3 = x.indexOf("/") + 1: null

29-01-2025T04:35:20 - [TEST_STEP][PASSED] - x = x.substring(i3, x.length()): null

29-01-2025T04:35:20 - [TEST_STEP][PASSED] - return x: null

29-01-2025T04:35:20 - [TEST_STEP][PASSED] - tableB = Script1719551244403.NewDZO(x = tableB): null

29-01-2025T04:35:20 - [TEST_STEP][PASSED] - i3 = <not implemented yet for class: org.codehaus.groovy.ast.expr.EmptyExpression>: null

29-01-2025T04:35:20 - [TEST_STEP][PASSED] - i3 = x.indexOf("/") + 1: null

29-01-2025T04:35:20 - [TEST_STEP][PASSED] - x = x.substring(i3, x.length()): null

29-01-2025T04:35:20 - [TEST_STEP][PASSED] - return x: null

29-01-2025T04:35:20 - [TEST_STEP][PASSED] - tableB = Script1719551244403.NewDZO(x = tableB): null

29-01-2025T04:35:20 - [TEST_STEP][PASSED] - i3 = <not implemented yet for class: org.codehaus.groovy.ast.expr.EmptyExpression>: null

29-01-2025T04:35:20 - [TEST_STEP][PASSED] - i3 = x.indexOf("/") + 1: null

29-01-2025T04:35:20 - [TEST_STEP][PASSED] - x = x.substring(i3, x.length()): null

29-01-2025T04:35:20 - [TEST_STEP][PASSED] - return x: null

29-01-2025T04:35:20 - [TEST_STEP][PASSED] - tableB = Script1719551244403.NewDZO(x = tableB): null

29-01-2025T04:35:20 - [TEST_STEP][PASSED] - i3 = <not implemented yet for class: org.codehaus.groovy.ast.expr.EmptyExpression>: null

29-01-2025T04:35:20 - [TEST_STEP][PASSED] - i3 = x.indexOf("/") + 1: null

29-01-2025T04:35:20 - [TEST_STEP][PASSED] - x = x.substring(i3, x.length()): null

29-01-2025T04:35:20 - [TEST_STEP][PASSED] - return x: null

29-01-2025T04:35:20 - [TEST_STEP][PASSED] - tableB = Script1719551244403.NewDZO(x = tableB): null

29-01-2025T04:35:20 - [TEST_STEP][PASSED] - i3 = <not implemented yet for class: org.codehaus.groovy.ast.expr.EmptyExpression>: null

29-01-2025T04:35:20 - [TEST_STEP][PASSED] - i3 = x.indexOf("/") + 1: null

29-01-2025T04:35:20 - [TEST_STEP][PASSED] - x = x.substring(i3, x.length()): null

29-01-2025T04:35:20 - [TEST_STEP][PASSED] - return x: null

29-01-2025T04:35:20 - [TEST_STEP][PASSED] - tableB = Script1719551244403.NewDZO(x = tableB): null

29-01-2025T04:35:20 - [TEST_STEP][PASSED] - i3 = <not implemented yet for class: org.codehaus.groovy.ast.expr.EmptyExpression>: null

29-01-2025T04:35:20 - [TEST_STEP][PASSED] - i3 = x.indexOf("/") + 1: null

29-01-2025T04:35:20 - [TEST_STEP][PASSED] - x = x.substring(i3, x.length()): null

29-01-2025T04:35:20 - [TEST_STEP][PASSED] - return x: null

29-01-2025T04:35:20 - [TEST_STEP][PASSED] - i = tableB.indexOf("Тюмень"): null

29-01-2025T04:35:20 - [TEST_STEP][PASSED] - ToB = replaceAll("\p{P}", "").trim(): null

29-01-2025T04:35:20 - [TEST_STEP][PASSED] - println("ToB: " + ToB): null

29-01-2025T04:35:20 - [TEST_STEP][PASSED] - tableB = Script1719551244403.NewDZO(x = tableB): null

29-01-2025T04:35:20 - [TEST_STEP][PASSED] - i3 = <not implemented yet for class: org.codehaus.groovy.ast.expr.EmptyExpression>: null

29-01-2025T04:35:20 - [TEST_STEP][PASSED] - i3 = x.indexOf("/") + 1: null

29-01-2025T04:35:20 - [TEST_STEP][PASSED] - x = x.substring(i3, x.length()): null

29-01-2025T04:35:20 - [TEST_STEP][PASSED] - return x: null

29-01-2025T04:35:20 - [TEST_STEP][PASSED] - TyuB = replaceAll("\p{P}", "").trim(): null

29-01-2025T04:35:20 - [TEST_STEP][PASSED] - println("TyuB: " + TyuB): null

29-01-2025T04:35:20 - [TEST_STEP][PASSED] - tableB = Script1719551244403.NewDZO(x = tableB): null

29-01-2025T04:35:20 - [TEST_STEP][PASSED] - i3 = <not implemented yet for class: org.codehaus.groovy.ast.expr.EmptyExpression>: null

29-01-2025T04:35:20 - [TEST_STEP][PASSED] - i3 = x.indexOf("/") + 1: null

29-01-2025T04:35:20 - [TEST_STEP][PASSED] - x = x.substring(i3, x.length()): null

29-01-2025T04:35:20 - [TEST_STEP][PASSED] - return x: null

29-01-2025T04:35:20 - [TEST_STEP][PASSED] - i = tableB.indexOf("ЕЭС"): null

29-01-2025T04:35:20 - [TEST_STEP][PASSED] - UrB = replaceAll("\p{P}", "").trim(): null

29-01-2025T04:35:20 - [TEST_STEP][PASSED] - println("UrB: " + UrB): null

29-01-2025T04:35:20 - [TEST_STEP][PASSED] - for ([i = 1, i < 4, (i++)]): null

29-01-2025T04:35:20 - [TEST_STEP][PASSED] - tableB = Script1719551244403.NewDZO(x = tableB): null

29-01-2025T04:35:20 - [TEST_STEP][PASSED] - i3 = <not implemented yet for class: org.codehaus.groovy.ast.expr.EmptyExpression>: null

29-01-2025T04:35:20 - [TEST_STEP][PASSED] - i3 = x.indexOf("/") + 1: null

29-01-2025T04:35:20 - [TEST_STEP][PASSED] - x = x.substring(i3, x.length()): null

29-01-2025T04:35:20 - [TEST_STEP][PASSED] - return x: null

29-01-2025T04:35:20 - [TEST_STEP][PASSED] - tableB = Script1719551244403.NewDZO(x = tableB): null

29-01-2025T04:35:20 - [TEST_STEP][PASSED] - i3 = <not implemented yet for class: org.codehaus.groovy.ast.expr.EmptyExpression>: null

29-01-2025T04:35:20 - [TEST_STEP][PASSED] - i3 = x.indexOf("/") + 1: null

29-01-2025T04:35:20 - [TEST_STEP][PASSED] - x = x.substring(i3, x.length()): null

29-01-2025T04:35:20 - [TEST_STEP][PASSED] - return x: null

29-01-2025T04:35:20 - [TEST_STEP][PASSED] - tableB = Script1719551244403.NewDZO(x = tableB): null

29-01-2025T04:35:20 - [TEST_STEP][PASSED] - i3 = <not implemented yet for class: org.codehaus.groovy.ast.expr.EmptyExpression>: null

29-01-2025T04:35:20 - [TEST_STEP][PASSED] - i3 = x.indexOf("/") + 1: null

29-01-2025T04:35:20 - [TEST_STEP][PASSED] - x = x.substring(i3, x.length()): null

29-01-2025T04:35:20 - [TEST_STEP][PASSED] - return x: null

29-01-2025T04:35:20 - [TEST_STEP][PASSED] - i = tableB.indexOf("Центр"): null

29-01-2025T04:35:20 - [TEST_STEP][PASSED] - FSKB = replaceAll("\p{P}", "").trim(): null

29-01-2025T04:35:20 - [TEST_STEP][PASSED] - println("FSKB: " + FSKB): null

29-01-2025T04:35:20 - [TEST_STEP][PASSED] - tableB = Script1719551244403.NewDZO(x = tableB): null

29-01-2025T04:35:20 - [TEST_STEP][PASSED] - i3 = <not implemented yet for class: org.codehaus.groovy.ast.expr.EmptyExpression>: null

29-01-2025T04:35:20 - [TEST_STEP][PASSED] - i3 = x.indexOf("/") + 1: null

29-01-2025T04:35:20 - [TEST_STEP][PASSED] - x = x.substring(i3, x.length()): null

29-01-2025T04:35:20 - [TEST_STEP][PASSED] - return x: null

29-01-2025T04:35:20 - [TEST_STEP][PASSED] - i = tableB.indexOf("Приволжье"): null

29-01-2025T04:35:20 - [TEST_STEP][PASSED] - CenB = replaceAll("\p{P}", "").trim(): null

29-01-2025T04:35:20 - [TEST_STEP][PASSED] - println("CenB: " + CenB): null

29-01-2025T04:35:20 - [TEST_STEP][PASSED] - for ([i = 1, i < 12, (i++)]): null

29-01-2025T04:35:20 - [TEST_STEP][PASSED] - tableB = Script1719551244403.NewDZO(x = tableB): null

29-01-2025T04:35:20 - [TEST_STEP][PASSED] - i3 = <not implemented yet for class: org.codehaus.groovy.ast.expr.EmptyExpression>: null

29-01-2025T04:35:20 - [TEST_STEP][PASSED] - i3 = x.indexOf("/") + 1: null

29-01-2025T04:35:20 - [TEST_STEP][PASSED] - x = x.substring(i3, x.length()): null

29-01-2025T04:35:20 - [TEST_STEP][PASSED] - return x: null

29-01-2025T04:35:20 - [TEST_STEP][PASSED] - tableB = Script1719551244403.NewDZO(x = tableB): null

29-01-2025T04:35:20 - [TEST_STEP][PASSED] - i3 = <not implemented yet for class: org.codehaus.groovy.ast.expr.EmptyExpression>: null

29-01-2025T04:35:20 - [TEST_STEP][PASSED] - i3 = x.indexOf("/") + 1: null

29-01-2025T04:35:20 - [TEST_STEP][PASSED] - x = x.substring(i3, x.length()): null

29-01-2025T04:35:20 - [TEST_STEP][PASSED] - return x: null

29-01-2025T04:35:20 - [TEST_STEP][PASSED] - tableB = Script1719551244403.NewDZO(x = tableB): null

29-01-2025T04:35:20 - [TEST_STEP][PASSED] - i3 = <not implemented yet for class: org.codehaus.groovy.ast.expr.EmptyExpression>: null

29-01-2025T04:35:20 - [TEST_STEP][PASSED] - i3 = x.indexOf("/") + 1: null

29-01-2025T04:35:20 - [TEST_STEP][PASSED] - x = x.substring(i3, x.length()): null

29-01-2025T04:35:20 - [TEST_STEP][PASSED] - return x: null

29-01-2025T04:35:20 - [TEST_STEP][PASSED] - tableB = Script1719551244403.NewDZO(x = tableB): null

29-01-2025T04:35:20 - [TEST_STEP][PASSED] - i3 = <not implemented yet for class: org.codehaus.groovy.ast.expr.EmptyExpression>: null

29-01-2025T04:35:20 - [TEST_STEP][PASSED] - i3 = x.indexOf("/") + 1: null

29-01-2025T04:35:20 - [TEST_STEP][PASSED] - x = x.substring(i3, x.length()): null

29-01-2025T04:35:20 - [TEST_STEP][PASSED] - return x: null

29-01-2025T04:35:20 - [TEST_STEP][PASSED] - tableB = Script1719551244403.NewDZO(x = tableB): null

29-01-2025T04:35:20 - [TEST_STEP][PASSED] - i3 = <not implemented yet for class: org.codehaus.groovy.ast.expr.EmptyExpression>: null

29-01-2025T04:35:20 - [TEST_STEP][PASSED] - i3 = x.indexOf("/") + 1: null

29-01-2025T04:35:20 - [TEST_STEP][PASSED] - x = x.substring(i3, x.length()): null

29-01-2025T04:35:20 - [TEST_STEP][PASSED] - return x: null

29-01-2025T04:35:20 - [TEST_STEP][PASSED] - tableB = Script1719551244403.NewDZO(x = tableB): null

29-01-2025T04:35:20 - [TEST_STEP][PASSED] - i3 = <not implemented yet for class: org.codehaus.groovy.ast.expr.EmptyExpression>: null

29-01-2025T04:35:20 - [TEST_STEP][PASSED] - i3 = x.indexOf("/") + 1: null

29-01-2025T04:35:20 - [TEST_STEP][PASSED] - x = x.substring(i3, x.length()): null

29-01-2025T04:35:20 - [TEST_STEP][PASSED] - return x: null

29-01-2025T04:35:20 - [TEST_STEP][PASSED] - tableB = Script1719551244403.NewDZO(x = tableB): null

29-01-2025T04:35:20 - [TEST_STEP][PASSED] - i3 = <not implemented yet for class: org.codehaus.groovy.ast.expr.EmptyExpression>: null

29-01-2025T04:35:20 - [TEST_STEP][PASSED] - i3 = x.indexOf("/") + 1: null

29-01-2025T04:35:20 - [TEST_STEP][PASSED] - x = x.substring(i3, x.length()): null

29-01-2025T04:35:20 - [TEST_STEP][PASSED] - return x: null

29-01-2025T04:35:20 - [TEST_STEP][PASSED] - tableB = Script1719551244403.NewDZO(x = tableB): null

29-01-2025T04:35:20 - [TEST_STEP][PASSED] - i3 = <not implemented yet for class: org.codehaus.groovy.ast.expr.EmptyExpression>: null

29-01-2025T04:35:20 - [TEST_STEP][PASSED] - i3 = x.indexOf("/") + 1: null

29-01-2025T04:35:20 - [TEST_STEP][PASSED] - x = x.substring(i3, x.length()): null

29-01-2025T04:35:20 - [TEST_STEP][PASSED] - return x: null

29-01-2025T04:35:20 - [TEST_STEP][PASSED] - tableB = Script1719551244403.NewDZO(x = tableB): null

29-01-2025T04:35:20 - [TEST_STEP][PASSED] - i3 = <not implemented yet for class: org.codehaus.groovy.ast.expr.EmptyExpression>: null

29-01-2025T04:35:20 - [TEST_STEP][PASSED] - i3 = x.indexOf("/") + 1: null

29-01-2025T04:35:20 - [TEST_STEP][PASSED] - x = x.substring(i3, x.length()): null

29-01-2025T04:35:20 - [TEST_STEP][PASSED] - return x: null

29-01-2025T04:35:20 - [TEST_STEP][PASSED] - tableB = Script1719551244403.NewDZO(x = tableB): null

29-01-2025T04:35:20 - [TEST_STEP][PASSED] - i3 = <not implemented yet for class: org.codehaus.groovy.ast.expr.EmptyExpression>: null

29-01-2025T04:35:20 - [TEST_STEP][PASSED] - i3 = x.indexOf("/") + 1: null

29-01-2025T04:35:20 - [TEST_STEP][PASSED] - x = x.substring(i3, x.length()): null

29-01-2025T04:35:20 - [TEST_STEP][PASSED] - return x: null

29-01-2025T04:35:20 - [TEST_STEP][PASSED] - tableB = Script1719551244403.NewDZO(x = tableB): null

29-01-2025T04:35:20 - [TEST_STEP][PASSED] - i3 = <not implemented yet for class: org.codehaus.groovy.ast.expr.EmptyExpression>: null

29-01-2025T04:35:20 - [TEST_STEP][PASSED] - i3 = x.indexOf("/") + 1: null

29-01-2025T04:35:20 - [TEST_STEP][PASSED] - x = x.substring(i3, x.length()): null

29-01-2025T04:35:20 - [TEST_STEP][PASSED] - return x: null

29-01-2025T04:35:20 - [TEST_STEP][PASSED] - i = tableB.indexOf("Юг"): null

29-01-2025T04:35:20 - [TEST_STEP][PASSED] - CiPB = replaceAll("\p{P}", "").trim(): null

29-01-2025T04:35:20 - [TEST_STEP][PASSED] - println("CiPB: " + CiPB): null

29-01-2025T04:35:20 - [TEST_STEP][PASSED] - for ([i = 1, i < 10, (i++)]): null

29-01-2025T04:35:20 - [TEST_STEP][PASSED] - tableB = Script1719551244403.NewDZO(x = tableB): null

29-01-2025T04:35:20 - [TEST_STEP][PASSED] - i3 = <not implemented yet for class: org.codehaus.groovy.ast.expr.EmptyExpression>: null

29-01-2025T04:35:20 - [TEST_STEP][PASSED] - i3 = x.indexOf("/") + 1: null

29-01-2025T04:35:20 - [TEST_STEP][PASSED] - x = x.substring(i3, x.length()): null

29-01-2025T04:35:20 - [TEST_STEP][PASSED] - return x: null

29-01-2025T04:35:20 - [TEST_STEP][PASSED] - tableB = Script1719551244403.NewDZO(x = tableB): null

29-01-2025T04:35:20 - [TEST_STEP][PASSED] - i3 = <not implemented yet for class: org.codehaus.groovy.ast.expr.EmptyExpression>: null

29-01-2025T04:35:20 - [TEST_STEP][PASSED] - i3 = x.indexOf("/") + 1: null

29-01-2025T04:35:20 - [TEST_STEP][PASSED] - x = x.substring(i3, x.length()): null

29-01-2025T04:35:20 - [TEST_STEP][PASSED] - return x: null

29-01-2025T04:35:20 - [TEST_STEP][PASSED] - tableB = Script1719551244403.NewDZO(x = tableB): null

29-01-2025T04:35:20 - [TEST_STEP][PASSED] - i3 = <not implemented yet for class: org.codehaus.groovy.ast.expr.EmptyExpression>: null

29-01-2025T04:35:20 - [TEST_STEP][PASSED] - i3 = x.indexOf("/") + 1: null

29-01-2025T04:35:20 - [TEST_STEP][PASSED] - x = x.substring(i3, x.length()): null

29-01-2025T04:35:20 - [TEST_STEP][PASSED] - return x: null

29-01-2025T04:35:20 - [TEST_STEP][PASSED] - tableB = Script1719551244403.NewDZO(x = tableB): null

29-01-2025T04:35:20 - [TEST_STEP][PASSED] - i3 = <not implemented yet for class: org.codehaus.groovy.ast.expr.EmptyExpression>: null

29-01-2025T04:35:20 - [TEST_STEP][PASSED] - i3 = x.indexOf("/") + 1: null

29-01-2025T04:35:20 - [TEST_STEP][PASSED] - x = x.substring(i3, x.length()): null

29-01-2025T04:35:20 - [TEST_STEP][PASSED] - return x: null

29-01-2025T04:35:20 - [TEST_STEP][PASSED] - tableB = Script1719551244403.NewDZO(x = tableB): null

29-01-2025T04:35:20 - [TEST_STEP][PASSED] - i3 = <not implemented yet for class: org.codehaus.groovy.ast.expr.EmptyExpression>: null

29-01-2025T04:35:20 - [TEST_STEP][PASSED] - i3 = x.indexOf("/") + 1: null

29-01-2025T04:35:20 - [TEST_STEP][PASSED] - x = x.substring(i3, x.length()): null

29-01-2025T04:35:20 - [TEST_STEP][PASSED] - return x: null

29-01-2025T04:35:20 - [TEST_STEP][PASSED] - tableB = Script1719551244403.NewDZO(x = tableB): null

29-01-2025T04:35:20 - [TEST_STEP][PASSED] - i3 = <not implemented yet for class: org.codehaus.groovy.ast.expr.EmptyExpression>: null

29-01-2025T04:35:20 - [TEST_STEP][PASSED] - i3 = x.indexOf("/") + 1: null

29-01-2025T04:35:20 - [TEST_STEP][PASSED] - x = x.substring(i3, x.length()): null

29-01-2025T04:35:20 - [TEST_STEP][PASSED] - return x: null

29-01-2025T04:35:20 - [TEST_STEP][PASSED] - tableB = Script1719551244403.NewDZO(x = tableB): null

29-01-2025T04:35:20 - [TEST_STEP][PASSED] - i3 = <not implemented yet for class: org.codehaus.groovy.ast.expr.EmptyExpression>: null

29-01-2025T04:35:20 - [TEST_STEP][PASSED] - i3 = x.indexOf("/") + 1: null

29-01-2025T04:35:20 - [TEST_STEP][PASSED] - x = x.substring(i3, x.length()): null

29-01-2025T04:35:20 - [TEST_STEP][PASSED] - return x: null

29-01-2025T04:35:20 - [TEST_STEP][PASSED] - tableB = Script1719551244403.NewDZO(x = tableB): null

29-01-2025T04:35:20 - [TEST_STEP][PASSED] - i3 = <not implemented yet for class: org.codehaus.groovy.ast.expr.EmptyExpression>: null

29-01-2025T04:35:20 - [TEST_STEP][PASSED] - i3 = x.indexOf("/") + 1: null

29-01-2025T04:35:20 - [TEST_STEP][PASSED] - x = x.substring(i3, x.length()): null

29-01-2025T04:35:20 - [TEST_STEP][PASSED] - return x: null

29-01-2025T04:35:20 - [TEST_STEP][PASSED] - tableB = Script1719551244403.NewDZO(x = tableB): null

29-01-2025T04:35:20 - [TEST_STEP][PASSED] - i3 = <not implemented yet for class: org.codehaus.groovy.ast.expr.EmptyExpression>: null

29-01-2025T04:35:20 - [TEST_STEP][PASSED] - i3 = x.indexOf("/") + 1: null

29-01-2025T04:35:20 - [TEST_STEP][PASSED] - x = x.substring(i3, x.length()): null

29-01-2025T04:35:20 - [TEST_STEP][PASSED] - return x: null

29-01-2025T04:35:20 - [TEST_STEP][PASSED] - i = tableB.indexOf("Янтарь"): null

29-01-2025T04:35:20 - [TEST_STEP][PASSED] - UgB = replaceAll("\p{P}", "").trim(): null

29-01-2025T04:35:20 - [TEST_STEP][PASSED] - println("UgB: " + UgB): null

29-01-2025T04:35:20 - [TEST_STEP][PASSED] - i = tableB.lastIndexOf("/"): null

29-01-2025T04:35:20 - [TEST_STEP][PASSED] - YaB = replaceAll("\p{P}", "").trim(): null

29-01-2025T04:35:20 - [TEST_STEP][PASSED] - println("YaB: " + YaB): null

29-01-2025T04:35:20 - [TEST_STEP][PASSED] - vidget = "Отклонения выручки по факторам": null

29-01-2025T04:35:20 - [TEST_STEP][PASSED] - if (run == 2): null

29-01-2025T04:35:20 - [TEST_STEP][PASSED] - DZO = "АО «Тываэнерго»": null

29-01-2025T04:35:20 - [TEST_STEP][PASSED] - Script1719551244403.CompareDZO(x = TyA, y = TyB, run, typeOfData, otobrajeniyeDannyh, todaysDate, vidget, DZO): null

29-01-2025T04:35:20 - [TEST_STEP][PASSED] - x1 = x: null

29-01-2025T04:35:20 - [TEST_STEP][PASSED] - y1 = y: null

29-01-2025T04:35:20 - [TEST_STEP][PASSED] - i1 = <not implemented yet for class: org.codehaus.groovy.ast.expr.EmptyExpression>: null

29-01-2025T04:35:20 - [TEST_STEP][PASSED] - if (verifyEqual(x, y) == true): null

29-01-2025T04:35:20 - [MESSAGE][PASSED] - Actual object '627  194' and expected object '627  194' are equal

29-01-2025T04:35:20 - [TEST_STEP][PASSED] - DZO = "АО «Чеченэнерго»": null

29-01-2025T04:35:20 - [TEST_STEP][PASSED] - Script1719551244403.CompareDZO(x = ChA, y = ChB, run, typeOfData, otobrajeniyeDannyh, todaysDate, vidget, DZO): null

29-01-2025T04:35:20 - [TEST_STEP][PASSED] - x1 = x: null

29-01-2025T04:35:20 - [TEST_STEP][PASSED] - y1 = y: null

29-01-2025T04:35:20 - [TEST_STEP][PASSED] - i1 = <not implemented yet for class: org.codehaus.groovy.ast.expr.EmptyExpression>: null

29-01-2025T04:35:20 - [TEST_STEP][FAILED] - if (verifyEqual(x, y) == true): Unable to verify equal between actual object '4 478 50' and expected object '95 50' (Root cause: com.kms.katalon.core.exception.StepFailedException: Actual object '4 478 50' and expected object '95 50' are not equal
	at com.kms.katalon.core.keyword.builtin.VerifyEqualKeyword$_verifyEqual_closure1.doCall(VerifyEqualKeyword.groovy:58)
	at com.kms.katalon.core.keyword.builtin.VerifyEqualKeyword$_verifyEqual_closure1.call(VerifyEqualKeyword.groovy)
	at com.kms.katalon.core.keyword.internal.KeywordMain.runKeyword(KeywordMain.groovy:75)
	at com.kms.katalon.core.keyword.builtin.VerifyEqualKeyword.verifyEqual(VerifyEqualKeyword.groovy:63)
	at com.kms.katalon.core.keyword.builtin.VerifyEqualKeyword.execute(VerifyEqualKeyword.groovy:44)
	at com.kms.katalon.core.keyword.internal.KeywordExecutor.executeKeywordForPlatform(KeywordExecutor.groovy:74)
	at com.kms.katalon.core.keyword.BuiltinKeywords.verifyEqual(BuiltinKeywords.groovy:146)
	at jdk.internal.reflect.GeneratedMethodAccessor25.invoke(Unknown Source)
	at java.base/jdk.internal.reflect.DelegatingMethodAccessorImpl.invoke(DelegatingMethodAccessorImpl.java:43)
	at Факторный анализ сверка дашбордов.CompareDZO(Факторный анализ сверка дашбордов:659)
	at Факторный анализ сверка дашбордов.Test(Факторный анализ сверка дашбордов:573)
	at Факторный анализ сверка дашбордов.run(Факторный анализ сверка дашбордов:44)
	at com.kms.katalon.core.main.ScriptEngine.run(ScriptEngine.java:194)
	at com.kms.katalon.core.main.ScriptEngine.runScriptAsRawText(ScriptEngine.java:119)
	at com.kms.katalon.core.main.TestCaseExecutor.runScript(TestCaseExecutor.java:448)
	at com.kms.katalon.core.main.TestCaseExecutor.doExecute(TestCaseExecutor.java:439)
	at com.kms.katalon.core.main.TestCaseExecutor.processExecutionPhase(TestCaseExecutor.java:418)
	at com.kms.katalon.core.main.TestCaseExecutor.accessMainPhase(TestCaseExecutor.java:410)
	at com.kms.katalon.core.main.TestCaseExecutor.execute(TestCaseExecutor.java:285)
	at com.kms.katalon.core.common.CommonExecutor.accessTestCaseMainPhase(CommonExecutor.java:65)
	at com.kms.katalon.core.main.TestSuiteExecutor.accessTestSuiteMainPhase(TestSuiteExecutor.java:150)
	at com.kms.katalon.core.main.TestSuiteExecutor.execute(TestSuiteExecutor.java:106)
	at com.kms.katalon.core.main.TestCaseMain.startTestSuite(TestCaseMain.java:180)
	at TempTestSuite1738107421100.run(TempTestSuite1738107421100.groovy:35)
	at java.base/jdk.internal.reflect.NativeMethodAccessorImpl.invoke0(Native Method)
	at java.base/jdk.internal.reflect.NativeMethodAccessorImpl.invoke(NativeMethodAccessorImpl.java:77)
	at java.base/jdk.internal.reflect.DelegatingMethodAccessorImpl.invoke(DelegatingMethodAccessorImpl.java:43)
)

29-01-2025T04:35:20 - [MESSAGE][FAILED] - Unable to verify equal between actual object '4 478 50' and expected object '95 50' (Root cause: com.kms.katalon.core.exception.StepFailedException: Actual object '4 478 50' and expected object '95 50' are not equal
	at com.kms.katalon.core.keyword.builtin.VerifyEqualKeyword$_verifyEqual_closure1.doCall(VerifyEqualKeyword.groovy:58)
	at com.kms.katalon.core.keyword.builtin.VerifyEqualKeyword$_verifyEqual_closure1.call(VerifyEqualKeyword.groovy)
	at com.kms.katalon.core.keyword.internal.KeywordMain.runKeyword(KeywordMain.groovy:75)
	at com.kms.katalon.core.keyword.builtin.VerifyEqualKeyword.verifyEqual(VerifyEqualKeyword.groovy:63)
	at com.kms.katalon.core.keyword.builtin.VerifyEqualKeyword.execute(VerifyEqualKeyword.groovy:44)
	at com.kms.katalon.core.keyword.internal.KeywordExecutor.executeKeywordForPlatform(KeywordExecutor.groovy:74)
	at com.kms.katalon.core.keyword.BuiltinKeywords.verifyEqual(BuiltinKeywords.groovy:146)
	at jdk.internal.reflect.GeneratedMethodAccessor25.invoke(Unknown Source)
	at java.base/jdk.internal.reflect.DelegatingMethodAccessorImpl.invoke(DelegatingMethodAccessorImpl.java:43)
	at Факторный анализ сверка дашбордов.CompareDZO(Факторный анализ сверка дашбордов:659)
	at Факторный анализ сверка дашбордов.Test(Факторный анализ сверка дашбордов:573)
	at Факторный анализ сверка дашбордов.run(Факторный анализ сверка дашбордов:44)
	at com.kms.katalon.core.main.ScriptEngine.run(ScriptEngine.java:194)
	at com.kms.katalon.core.main.ScriptEngine.runScriptAsRawText(ScriptEngine.java:119)
	at com.kms.katalon.core.main.TestCaseExecutor.runScript(TestCaseExecutor.java:448)
	at com.kms.katalon.core.main.TestCaseExecutor.doExecute(TestCaseExecutor.java:439)
	at com.kms.katalon.core.main.TestCaseExecutor.processExecutionPhase(TestCaseExecutor.java:418)
	at com.kms.katalon.core.main.TestCaseExecutor.accessMainPhase(TestCaseExecutor.java:410)
	at com.kms.katalon.core.main.TestCaseExecutor.execute(TestCaseExecutor.java:285)
	at com.kms.katalon.core.common.CommonExecutor.accessTestCaseMainPhase(CommonExecutor.java:65)
	at com.kms.katalon.core.main.TestSuiteExecutor.accessTestSuiteMainPhase(TestSuiteExecutor.java:150)
	at com.kms.katalon.core.main.TestSuiteExecutor.execute(TestSuiteExecutor.java:106)
	at com.kms.katalon.core.main.TestCaseMain.startTestSuite(TestCaseMain.java:180)
	at TempTestSuite1738107421100.run(TempTestSuite1738107421100.groovy:35)
	at java.base/jdk.internal.reflect.NativeMethodAccessorImpl.invoke0(Native Method)
	at java.base/jdk.internal.reflect.NativeMethodAccessorImpl.invoke(NativeMethodAccessorImpl.java:77)
	at java.base/jdk.internal.reflect.DelegatingMethodAccessorImpl.invoke(DelegatingMethodAccessorImpl.java:43)
)

29-01-2025T04:35:20 - [TEST_STEP][PASSED] - else: null

29-01-2025T04:35:20 - [TEST_STEP][PASSED] - otobrajeniyeDannyh = "Все": null

29-01-2025T04:35:20 - [TEST_STEP][PASSED] - vidget = "Всего отклонения по факторам": null

29-01-2025T04:35:20 - [TEST_STEP][PASSED] - Script1719551244403.WriteToExcel(todaysDate, typeOfData, otobrajeniyeDannyh, x, y, vidget, DZO): null

29-01-2025T04:35:20 - [TEST_STEP][PASSED] - sheetName = "Sheet1": null

29-01-2025T04:35:20 - [TEST_STEP][PASSED] - data = findTestData("PlanFact"): null

29-01-2025T04:35:20 - [TEST_STEP][PASSED] - n = data.getRowNumbers() + 1: null

29-01-2025T04:35:20 - [TEST_STEP][PASSED] - period = getText(findTestObject("Факторный анализ/Фильтр Период")): Text of object 'Object Repository/Факторный анализ/Фильтр Период' is: '2024'

29-01-2025T04:35:21 - [MESSAGE][PASSED] - Text of object 'Object Repository/Факторный анализ/Фильтр Период' is: '2024'

29-01-2025T04:35:21 - [TEST_STEP][PASSED] - println(period): null

29-01-2025T04:35:21 - [TEST_STEP][PASSED] - dashboardName = "Факторный анализ": null

29-01-2025T04:35:21 - [TEST_STEP][PASSED] - workbook01 = getWorkbook(excelFilePath): null

29-01-2025T04:35:21 - [TEST_STEP][PASSED] - sheet01 = getExcelSheet(workbook01, sheetName): null

29-01-2025T04:35:21 - [TEST_STEP][PASSED] - setValueToCellByIndex(sheet01, n, 0, dashboardName): null

29-01-2025T04:35:21 - [TEST_STEP][PASSED] - setValueToCellByIndex(sheet01, n, 1, DZO): null

29-01-2025T04:35:21 - [TEST_STEP][PASSED] - setValueToCellByIndex(sheet01, n, 2, vidget): null

29-01-2025T04:35:21 - [TEST_STEP][PASSED] - setValueToCellByIndex(sheet01, n, 3, typeOfData): null

29-01-2025T04:35:21 - [TEST_STEP][PASSED] - setValueToCellByIndex(sheet01, n, 4, otobrajeniyeDannyh): null

29-01-2025T04:35:21 - [TEST_STEP][PASSED] - setValueToCellByIndex(sheet01, n, 5, period): null

29-01-2025T04:35:21 - [TEST_STEP][PASSED] - setValueToCellByIndex(sheet01, n, 6, todaysDate): null

29-01-2025T04:35:21 - [TEST_STEP][PASSED] - n = n + 1: null

29-01-2025T04:35:21 - [TEST_STEP][PASSED] - saveWorkbook(excelFilePath, workbook01): null

29-01-2025T04:35:21 - [TEST_STEP][PASSED] - DZO = "Россети Волга": null

29-01-2025T04:35:21 - [TEST_STEP][PASSED] - Script1719551244403.CompareDZO(x = VA, y = VB, run, typeOfData, otobrajeniyeDannyh, todaysDate, vidget, DZO): null

29-01-2025T04:35:21 - [TEST_STEP][PASSED] - x1 = x: null

29-01-2025T04:35:21 - [TEST_STEP][PASSED] - y1 = y: null

29-01-2025T04:35:21 - [TEST_STEP][PASSED] - i1 = <not implemented yet for class: org.codehaus.groovy.ast.expr.EmptyExpression>: null

29-01-2025T04:35:21 - [TEST_STEP][FAILED] - if (verifyEqual(x, y) == true): Unable to verify equal between actual object '3 928 95 15 059  145 9 381 69  18 189 1 248  18 440  650  6 811  237 5 881 150' and expected object '238 95 926  145 367 69  364 1 248  460  650  284  237  170 150' (Root cause: com.kms.katalon.core.exception.StepFailedException: Actual object '3 928 95 15 059  145 9 381 69  18 189 1 248  18 440  650  6 811  237 5 881 150' and expected object '238 95 926  145 367 69  364 1 248  460  650  284  237  170 150' are not equal
	at com.kms.katalon.core.keyword.builtin.VerifyEqualKeyword$_verifyEqual_closure1.doCall(VerifyEqualKeyword.groovy:58)
	at com.kms.katalon.core.keyword.builtin.VerifyEqualKeyword$_verifyEqual_closure1.call(VerifyEqualKeyword.groovy)
	at com.kms.katalon.core.keyword.internal.KeywordMain.runKeyword(KeywordMain.groovy:75)
	at com.kms.katalon.core.keyword.builtin.VerifyEqualKeyword.verifyEqual(VerifyEqualKeyword.groovy:63)
	at com.kms.katalon.core.keyword.builtin.VerifyEqualKeyword.execute(VerifyEqualKeyword.groovy:44)
	at com.kms.katalon.core.keyword.internal.KeywordExecutor.executeKeywordForPlatform(KeywordExecutor.groovy:74)
	at com.kms.katalon.core.keyword.BuiltinKeywords.verifyEqual(BuiltinKeywords.groovy:146)
	at jdk.internal.reflect.GeneratedMethodAccessor25.invoke(Unknown Source)
	at java.base/jdk.internal.reflect.DelegatingMethodAccessorImpl.invoke(DelegatingMethodAccessorImpl.java:43)
	at Факторный анализ сверка дашбордов.CompareDZO(Факторный анализ сверка дашбордов:659)
	at Факторный анализ сверка дашбордов.Test(Факторный анализ сверка дашбордов:577)
	at Факторный анализ сверка дашбордов.run(Факторный анализ сверка дашбордов:44)
	at com.kms.katalon.core.main.ScriptEngine.run(ScriptEngine.java:194)
	at com.kms.katalon.core.main.ScriptEngine.runScriptAsRawText(ScriptEngine.java:119)
	at com.kms.katalon.core.main.TestCaseExecutor.runScript(TestCaseExecutor.java:448)
	at com.kms.katalon.core.main.TestCaseExecutor.doExecute(TestCaseExecutor.java:439)
	at com.kms.katalon.core.main.TestCaseExecutor.processExecutionPhase(TestCaseExecutor.java:418)
	at com.kms.katalon.core.main.TestCaseExecutor.accessMainPhase(TestCaseExecutor.java:410)
	at com.kms.katalon.core.main.TestCaseExecutor.execute(TestCaseExecutor.java:285)
	at com.kms.katalon.core.common.CommonExecutor.accessTestCaseMainPhase(CommonExecutor.java:65)
	at com.kms.katalon.core.main.TestSuiteExecutor.accessTestSuiteMainPhase(TestSuiteExecutor.java:150)
	at com.kms.katalon.core.main.TestSuiteExecutor.execute(TestSuiteExecutor.java:106)
	at com.kms.katalon.core.main.TestCaseMain.startTestSuite(TestCaseMain.java:180)
	at TempTestSuite1738107421100.run(TempTestSuite1738107421100.groovy:35)
	at java.base/jdk.internal.reflect.NativeMethodAccessorImpl.invoke0(Native Method)
	at java.base/jdk.internal.reflect.NativeMethodAccessorImpl.invoke(NativeMethodAccessorImpl.java:77)
	at java.base/jdk.internal.reflect.DelegatingMethodAccessorImpl.invoke(DelegatingMethodAccessorImpl.java:43)
)

29-01-2025T04:35:21 - [MESSAGE][FAILED] - Unable to verify equal between actual object '3 928 95 15 059  145 9 381 69  18 189 1 248  18 440  650  6 811  237 5 881 150' and expected object '238 95 926  145 367 69  364 1 248  460  650  284  237  170 150' (Root cause: com.kms.katalon.core.exception.StepFailedException: Actual object '3 928 95 15 059  145 9 381 69  18 189 1 248  18 440  650  6 811  237 5 881 150' and expected object '238 95 926  145 367 69  364 1 248  460  650  284  237  170 150' are not equal
	at com.kms.katalon.core.keyword.builtin.VerifyEqualKeyword$_verifyEqual_closure1.doCall(VerifyEqualKeyword.groovy:58)
	at com.kms.katalon.core.keyword.builtin.VerifyEqualKeyword$_verifyEqual_closure1.call(VerifyEqualKeyword.groovy)
	at com.kms.katalon.core.keyword.internal.KeywordMain.runKeyword(KeywordMain.groovy:75)
	at com.kms.katalon.core.keyword.builtin.VerifyEqualKeyword.verifyEqual(VerifyEqualKeyword.groovy:63)
	at com.kms.katalon.core.keyword.builtin.VerifyEqualKeyword.execute(VerifyEqualKeyword.groovy:44)
	at com.kms.katalon.core.keyword.internal.KeywordExecutor.executeKeywordForPlatform(KeywordExecutor.groovy:74)
	at com.kms.katalon.core.keyword.BuiltinKeywords.verifyEqual(BuiltinKeywords.groovy:146)
	at jdk.internal.reflect.GeneratedMethodAccessor25.invoke(Unknown Source)
	at java.base/jdk.internal.reflect.DelegatingMethodAccessorImpl.invoke(DelegatingMethodAccessorImpl.java:43)
	at Факторный анализ сверка дашбордов.CompareDZO(Факторный анализ сверка дашбордов:659)
	at Факторный анализ сверка дашбордов.Test(Факторный анализ сверка дашбордов:577)
	at Факторный анализ сверка дашбордов.run(Факторный анализ сверка дашбордов:44)
	at com.kms.katalon.core.main.ScriptEngine.run(ScriptEngine.java:194)
	at com.kms.katalon.core.main.ScriptEngine.runScriptAsRawText(ScriptEngine.java:119)
	at com.kms.katalon.core.main.TestCaseExecutor.runScript(TestCaseExecutor.java:448)
	at com.kms.katalon.core.main.TestCaseExecutor.doExecute(TestCaseExecutor.java:439)
	at com.kms.katalon.core.main.TestCaseExecutor.processExecutionPhase(TestCaseExecutor.java:418)
	at com.kms.katalon.core.main.TestCaseExecutor.accessMainPhase(TestCaseExecutor.java:410)
	at com.kms.katalon.core.main.TestCaseExecutor.execute(TestCaseExecutor.java:285)
	at com.kms.katalon.core.common.CommonExecutor.accessTestCaseMainPhase(CommonExecutor.java:65)
	at com.kms.katalon.core.main.TestSuiteExecutor.accessTestSuiteMainPhase(TestSuiteExecutor.java:150)
	at com.kms.katalon.core.main.TestSuiteExecutor.execute(TestSuiteExecutor.java:106)
	at com.kms.katalon.core.main.TestCaseMain.startTestSuite(TestCaseMain.java:180)
	at TempTestSuite1738107421100.run(TempTestSuite1738107421100.groovy:35)
	at java.base/jdk.internal.reflect.NativeMethodAccessorImpl.invoke0(Native Method)
	at java.base/jdk.internal.reflect.NativeMethodAccessorImpl.invoke(NativeMethodAccessorImpl.java:77)
	at java.base/jdk.internal.reflect.DelegatingMethodAccessorImpl.invoke(DelegatingMethodAccessorImpl.java:43)
)

29-01-2025T04:35:21 - [TEST_STEP][PASSED] - else: null

29-01-2025T04:35:21 - [TEST_STEP][PASSED] - otobrajeniyeDannyh = "Все": null

29-01-2025T04:35:21 - [TEST_STEP][PASSED] - vidget = "Всего отклонения по факторам": null

29-01-2025T04:35:21 - [TEST_STEP][PASSED] - Script1719551244403.WriteToExcel(todaysDate, typeOfData, otobrajeniyeDannyh, x, y, vidget, DZO): null

29-01-2025T04:35:21 - [TEST_STEP][PASSED] - sheetName = "Sheet1": null

29-01-2025T04:35:21 - [TEST_STEP][PASSED] - data = findTestData("PlanFact"): null

29-01-2025T04:35:21 - [TEST_STEP][PASSED] - n = data.getRowNumbers() + 1: null

29-01-2025T04:35:21 - [TEST_STEP][PASSED] - period = getText(findTestObject("Факторный анализ/Фильтр Период")): Text of object 'Object Repository/Факторный анализ/Фильтр Период' is: '2024'

29-01-2025T04:35:21 - [MESSAGE][PASSED] - Text of object 'Object Repository/Факторный анализ/Фильтр Период' is: '2024'

29-01-2025T04:35:21 - [TEST_STEP][PASSED] - println(period): null

29-01-2025T04:35:21 - [TEST_STEP][PASSED] - dashboardName = "Факторный анализ": null

29-01-2025T04:35:21 - [TEST_STEP][PASSED] - workbook01 = getWorkbook(excelFilePath): null

29-01-2025T04:35:21 - [TEST_STEP][PASSED] - sheet01 = getExcelSheet(workbook01, sheetName): null

29-01-2025T04:35:21 - [TEST_STEP][PASSED] - setValueToCellByIndex(sheet01, n, 0, dashboardName): null

29-01-2025T04:35:21 - [TEST_STEP][PASSED] - setValueToCellByIndex(sheet01, n, 1, DZO): null

29-01-2025T04:35:21 - [TEST_STEP][PASSED] - setValueToCellByIndex(sheet01, n, 2, vidget): null

29-01-2025T04:35:21 - [TEST_STEP][PASSED] - setValueToCellByIndex(sheet01, n, 3, typeOfData): null

29-01-2025T04:35:21 - [TEST_STEP][PASSED] - setValueToCellByIndex(sheet01, n, 4, otobrajeniyeDannyh): null

29-01-2025T04:35:21 - [TEST_STEP][PASSED] - setValueToCellByIndex(sheet01, n, 5, period): null

29-01-2025T04:35:21 - [TEST_STEP][PASSED] - setValueToCellByIndex(sheet01, n, 6, todaysDate): null

29-01-2025T04:35:21 - [TEST_STEP][PASSED] - n = n + 1: null

29-01-2025T04:35:21 - [TEST_STEP][PASSED] - saveWorkbook(excelFilePath, workbook01): null

29-01-2025T04:35:22 - [TEST_STEP][PASSED] - DZO = "Россети Кубань": null

29-01-2025T04:35:22 - [TEST_STEP][PASSED] - Script1719551244403.CompareDZO(x = KuA, y = KuB, run, typeOfData, otobrajeniyeDannyh, todaysDate, vidget, DZO): null

29-01-2025T04:35:22 - [TEST_STEP][PASSED] - x1 = x: null

29-01-2025T04:35:22 - [TEST_STEP][PASSED] - y1 = y: null

29-01-2025T04:35:22 - [TEST_STEP][PASSED] - i1 = <not implemented yet for class: org.codehaus.groovy.ast.expr.EmptyExpression>: null

29-01-2025T04:35:22 - [TEST_STEP][FAILED] - if (verifyEqual(x, y) == true): Unable to verify equal between actual object '70 335 839' and expected object '4 476 839' (Root cause: com.kms.katalon.core.exception.StepFailedException: Actual object '70 335 839' and expected object '4 476 839' are not equal
	at com.kms.katalon.core.keyword.builtin.VerifyEqualKeyword$_verifyEqual_closure1.doCall(VerifyEqualKeyword.groovy:58)
	at com.kms.katalon.core.keyword.builtin.VerifyEqualKeyword$_verifyEqual_closure1.call(VerifyEqualKeyword.groovy)
	at com.kms.katalon.core.keyword.internal.KeywordMain.runKeyword(KeywordMain.groovy:75)
	at com.kms.katalon.core.keyword.builtin.VerifyEqualKeyword.verifyEqual(VerifyEqualKeyword.groovy:63)
	at com.kms.katalon.core.keyword.builtin.VerifyEqualKeyword.execute(VerifyEqualKeyword.groovy:44)
	at com.kms.katalon.core.keyword.internal.KeywordExecutor.executeKeywordForPlatform(KeywordExecutor.groovy:74)
	at com.kms.katalon.core.keyword.BuiltinKeywords.verifyEqual(BuiltinKeywords.groovy:146)
	at jdk.internal.reflect.GeneratedMethodAccessor25.invoke(Unknown Source)
	at java.base/jdk.internal.reflect.DelegatingMethodAccessorImpl.invoke(DelegatingMethodAccessorImpl.java:43)
	at Факторный анализ сверка дашбордов.CompareDZO(Факторный анализ сверка дашбордов:659)
	at Факторный анализ сверка дашбордов.Test(Факторный анализ сверка дашбордов:581)
	at Факторный анализ сверка дашбордов.run(Факторный анализ сверка дашбордов:44)
	at com.kms.katalon.core.main.ScriptEngine.run(ScriptEngine.java:194)
	at com.kms.katalon.core.main.ScriptEngine.runScriptAsRawText(ScriptEngine.java:119)
	at com.kms.katalon.core.main.TestCaseExecutor.runScript(TestCaseExecutor.java:448)
	at com.kms.katalon.core.main.TestCaseExecutor.doExecute(TestCaseExecutor.java:439)
	at com.kms.katalon.core.main.TestCaseExecutor.processExecutionPhase(TestCaseExecutor.java:418)
	at com.kms.katalon.core.main.TestCaseExecutor.accessMainPhase(TestCaseExecutor.java:410)
	at com.kms.katalon.core.main.TestCaseExecutor.execute(TestCaseExecutor.java:285)
	at com.kms.katalon.core.common.CommonExecutor.accessTestCaseMainPhase(CommonExecutor.java:65)
	at com.kms.katalon.core.main.TestSuiteExecutor.accessTestSuiteMainPhase(TestSuiteExecutor.java:150)
	at com.kms.katalon.core.main.TestSuiteExecutor.execute(TestSuiteExecutor.java:106)
	at com.kms.katalon.core.main.TestCaseMain.startTestSuite(TestCaseMain.java:180)
	at TempTestSuite1738107421100.run(TempTestSuite1738107421100.groovy:35)
	at java.base/jdk.internal.reflect.NativeMethodAccessorImpl.invoke0(Native Method)
	at java.base/jdk.internal.reflect.NativeMethodAccessorImpl.invoke(NativeMethodAccessorImpl.java:77)
	at java.base/jdk.internal.reflect.DelegatingMethodAccessorImpl.invoke(DelegatingMethodAccessorImpl.java:43)
)

29-01-2025T04:35:22 - [MESSAGE][FAILED] - Unable to verify equal between actual object '70 335 839' and expected object '4 476 839' (Root cause: com.kms.katalon.core.exception.StepFailedException: Actual object '70 335 839' and expected object '4 476 839' are not equal
	at com.kms.katalon.core.keyword.builtin.VerifyEqualKeyword$_verifyEqual_closure1.doCall(VerifyEqualKeyword.groovy:58)
	at com.kms.katalon.core.keyword.builtin.VerifyEqualKeyword$_verifyEqual_closure1.call(VerifyEqualKeyword.groovy)
	at com.kms.katalon.core.keyword.internal.KeywordMain.runKeyword(KeywordMain.groovy:75)
	at com.kms.katalon.core.keyword.builtin.VerifyEqualKeyword.verifyEqual(VerifyEqualKeyword.groovy:63)
	at com.kms.katalon.core.keyword.builtin.VerifyEqualKeyword.execute(VerifyEqualKeyword.groovy:44)
	at com.kms.katalon.core.keyword.internal.KeywordExecutor.executeKeywordForPlatform(KeywordExecutor.groovy:74)
	at com.kms.katalon.core.keyword.BuiltinKeywords.verifyEqual(BuiltinKeywords.groovy:146)
	at jdk.internal.reflect.GeneratedMethodAccessor25.invoke(Unknown Source)
	at java.base/jdk.internal.reflect.DelegatingMethodAccessorImpl.invoke(DelegatingMethodAccessorImpl.java:43)
	at Факторный анализ сверка дашбордов.CompareDZO(Факторный анализ сверка дашбордов:659)
	at Факторный анализ сверка дашбордов.Test(Факторный анализ сверка дашбордов:581)
	at Факторный анализ сверка дашбордов.run(Факторный анализ сверка дашбордов:44)
	at com.kms.katalon.core.main.ScriptEngine.run(ScriptEngine.java:194)
	at com.kms.katalon.core.main.ScriptEngine.runScriptAsRawText(ScriptEngine.java:119)
	at com.kms.katalon.core.main.TestCaseExecutor.runScript(TestCaseExecutor.java:448)
	at com.kms.katalon.core.main.TestCaseExecutor.doExecute(TestCaseExecutor.java:439)
	at com.kms.katalon.core.main.TestCaseExecutor.processExecutionPhase(TestCaseExecutor.java:418)
	at com.kms.katalon.core.main.TestCaseExecutor.accessMainPhase(TestCaseExecutor.java:410)
	at com.kms.katalon.core.main.TestCaseExecutor.execute(TestCaseExecutor.java:285)
	at com.kms.katalon.core.common.CommonExecutor.accessTestCaseMainPhase(CommonExecutor.java:65)
	at com.kms.katalon.core.main.TestSuiteExecutor.accessTestSuiteMainPhase(TestSuiteExecutor.java:150)
	at com.kms.katalon.core.main.TestSuiteExecutor.execute(TestSuiteExecutor.java:106)
	at com.kms.katalon.core.main.TestCaseMain.startTestSuite(TestCaseMain.java:180)
	at TempTestSuite1738107421100.run(TempTestSuite1738107421100.groovy:35)
	at java.base/jdk.internal.reflect.NativeMethodAccessorImpl.invoke0(Native Method)
	at java.base/jdk.internal.reflect.NativeMethodAccessorImpl.invoke(NativeMethodAccessorImpl.java:77)
	at java.base/jdk.internal.reflect.DelegatingMethodAccessorImpl.invoke(DelegatingMethodAccessorImpl.java:43)
)

29-01-2025T04:35:22 - [TEST_STEP][PASSED] - else: null

29-01-2025T04:35:22 - [TEST_STEP][PASSED] - otobrajeniyeDannyh = "Все": null

29-01-2025T04:35:22 - [TEST_STEP][PASSED] - vidget = "Всего отклонения по факторам": null

29-01-2025T04:35:22 - [TEST_STEP][PASSED] - Script1719551244403.WriteToExcel(todaysDate, typeOfData, otobrajeniyeDannyh, x, y, vidget, DZO): null

29-01-2025T04:35:22 - [TEST_STEP][PASSED] - sheetName = "Sheet1": null

29-01-2025T04:35:22 - [TEST_STEP][PASSED] - data = findTestData("PlanFact"): null

29-01-2025T04:35:22 - [TEST_STEP][PASSED] - n = data.getRowNumbers() + 1: null

29-01-2025T04:35:22 - [TEST_STEP][PASSED] - period = getText(findTestObject("Факторный анализ/Фильтр Период")): Text of object 'Object Repository/Факторный анализ/Фильтр Период' is: '2024'

29-01-2025T04:35:22 - [MESSAGE][PASSED] - Text of object 'Object Repository/Факторный анализ/Фильтр Период' is: '2024'

29-01-2025T04:35:22 - [TEST_STEP][PASSED] - println(period): null

29-01-2025T04:35:22 - [TEST_STEP][PASSED] - dashboardName = "Факторный анализ": null

29-01-2025T04:35:22 - [TEST_STEP][PASSED] - workbook01 = getWorkbook(excelFilePath): null

29-01-2025T04:35:22 - [TEST_STEP][PASSED] - sheet01 = getExcelSheet(workbook01, sheetName): null

29-01-2025T04:35:22 - [TEST_STEP][PASSED] - setValueToCellByIndex(sheet01, n, 0, dashboardName): null

29-01-2025T04:35:22 - [TEST_STEP][PASSED] - setValueToCellByIndex(sheet01, n, 1, DZO): null

29-01-2025T04:35:22 - [TEST_STEP][PASSED] - setValueToCellByIndex(sheet01, n, 2, vidget): null

29-01-2025T04:35:22 - [TEST_STEP][PASSED] - setValueToCellByIndex(sheet01, n, 3, typeOfData): null

29-01-2025T04:35:22 - [TEST_STEP][PASSED] - setValueToCellByIndex(sheet01, n, 4, otobrajeniyeDannyh): null

29-01-2025T04:35:22 - [TEST_STEP][PASSED] - setValueToCellByIndex(sheet01, n, 5, period): null

29-01-2025T04:35:22 - [TEST_STEP][PASSED] - setValueToCellByIndex(sheet01, n, 6, todaysDate): null

29-01-2025T04:35:22 - [TEST_STEP][PASSED] - n = n + 1: null

29-01-2025T04:35:22 - [TEST_STEP][PASSED] - saveWorkbook(excelFilePath, workbook01): null

29-01-2025T04:35:22 - [TEST_STEP][PASSED] - DZO = "Московский регион": null

29-01-2025T04:35:22 - [TEST_STEP][PASSED] - Script1719551244403.CompareDZO(x = MosA, y = MosB, run, typeOfData, otobrajeniyeDannyh, todaysDate, vidget, DZO): null

29-01-2025T04:35:22 - [TEST_STEP][PASSED] - x1 = x: null

29-01-2025T04:35:22 - [TEST_STEP][PASSED] - y1 = y: null

29-01-2025T04:35:22 - [TEST_STEP][PASSED] - i1 = <not implemented yet for class: org.codehaus.groovy.ast.expr.EmptyExpression>: null

29-01-2025T04:35:22 - [TEST_STEP][PASSED] - if (verifyEqual(x, y) == true): null

29-01-2025T04:35:22 - [MESSAGE][PASSED] - Actual object '5 420 1 178  4 764 62' and expected object '5 420 1 178  4 764 62' are equal

29-01-2025T04:35:22 - [TEST_STEP][PASSED] - DZO = "Россети Ленэнерго (ГК)": null

29-01-2025T04:35:22 - [TEST_STEP][PASSED] - Script1719551244403.CompareDZO(x = LenA, y = LenB, run, typeOfData, otobrajeniyeDannyh, todaysDate, vidget, DZO): null

29-01-2025T04:35:22 - [TEST_STEP][PASSED] - x1 = x: null

29-01-2025T04:35:22 - [TEST_STEP][PASSED] - y1 = y: null

29-01-2025T04:35:22 - [TEST_STEP][PASSED] - i1 = <not implemented yet for class: org.codehaus.groovy.ast.expr.EmptyExpression>: null

29-01-2025T04:35:22 - [TEST_STEP][FAILED] - if (verifyEqual(x, y) == true): Unable to verify equal between actual object '40 836 1 495  57 428  155' and expected object '1 659 1 495  2 769  155' (Root cause: com.kms.katalon.core.exception.StepFailedException: Actual object '40 836 1 495  57 428  155' and expected object '1 659 1 495  2 769  155' are not equal
	at com.kms.katalon.core.keyword.builtin.VerifyEqualKeyword$_verifyEqual_closure1.doCall(VerifyEqualKeyword.groovy:58)
	at com.kms.katalon.core.keyword.builtin.VerifyEqualKeyword$_verifyEqual_closure1.call(VerifyEqualKeyword.groovy)
	at com.kms.katalon.core.keyword.internal.KeywordMain.runKeyword(KeywordMain.groovy:75)
	at com.kms.katalon.core.keyword.builtin.VerifyEqualKeyword.verifyEqual(VerifyEqualKeyword.groovy:63)
	at com.kms.katalon.core.keyword.builtin.VerifyEqualKeyword.execute(VerifyEqualKeyword.groovy:44)
	at com.kms.katalon.core.keyword.internal.KeywordExecutor.executeKeywordForPlatform(KeywordExecutor.groovy:74)
	at com.kms.katalon.core.keyword.BuiltinKeywords.verifyEqual(BuiltinKeywords.groovy:146)
	at jdk.internal.reflect.GeneratedMethodAccessor25.invoke(Unknown Source)
	at java.base/jdk.internal.reflect.DelegatingMethodAccessorImpl.invoke(DelegatingMethodAccessorImpl.java:43)
	at Факторный анализ сверка дашбордов.CompareDZO(Факторный анализ сверка дашбордов:659)
	at Факторный анализ сверка дашбордов.Test(Факторный анализ сверка дашбордов:589)
	at Факторный анализ сверка дашбордов.run(Факторный анализ сверка дашбордов:44)
	at com.kms.katalon.core.main.ScriptEngine.run(ScriptEngine.java:194)
	at com.kms.katalon.core.main.ScriptEngine.runScriptAsRawText(ScriptEngine.java:119)
	at com.kms.katalon.core.main.TestCaseExecutor.runScript(TestCaseExecutor.java:448)
	at com.kms.katalon.core.main.TestCaseExecutor.doExecute(TestCaseExecutor.java:439)
	at com.kms.katalon.core.main.TestCaseExecutor.processExecutionPhase(TestCaseExecutor.java:418)
	at com.kms.katalon.core.main.TestCaseExecutor.accessMainPhase(TestCaseExecutor.java:410)
	at com.kms.katalon.core.main.TestCaseExecutor.execute(TestCaseExecutor.java:285)
	at com.kms.katalon.core.common.CommonExecutor.accessTestCaseMainPhase(CommonExecutor.java:65)
	at com.kms.katalon.core.main.TestSuiteExecutor.accessTestSuiteMainPhase(TestSuiteExecutor.java:150)
	at com.kms.katalon.core.main.TestSuiteExecutor.execute(TestSuiteExecutor.java:106)
	at com.kms.katalon.core.main.TestCaseMain.startTestSuite(TestCaseMain.java:180)
	at TempTestSuite1738107421100.run(TempTestSuite1738107421100.groovy:35)
	at java.base/jdk.internal.reflect.NativeMethodAccessorImpl.invoke0(Native Method)
	at java.base/jdk.internal.reflect.NativeMethodAccessorImpl.invoke(NativeMethodAccessorImpl.java:77)
	at java.base/jdk.internal.reflect.DelegatingMethodAccessorImpl.invoke(DelegatingMethodAccessorImpl.java:43)
)

29-01-2025T04:35:22 - [MESSAGE][FAILED] - Unable to verify equal between actual object '40 836 1 495  57 428  155' and expected object '1 659 1 495  2 769  155' (Root cause: com.kms.katalon.core.exception.StepFailedException: Actual object '40 836 1 495  57 428  155' and expected object '1 659 1 495  2 769  155' are not equal
	at com.kms.katalon.core.keyword.builtin.VerifyEqualKeyword$_verifyEqual_closure1.doCall(VerifyEqualKeyword.groovy:58)
	at com.kms.katalon.core.keyword.builtin.VerifyEqualKeyword$_verifyEqual_closure1.call(VerifyEqualKeyword.groovy)
	at com.kms.katalon.core.keyword.internal.KeywordMain.runKeyword(KeywordMain.groovy:75)
	at com.kms.katalon.core.keyword.builtin.VerifyEqualKeyword.verifyEqual(VerifyEqualKeyword.groovy:63)
	at com.kms.katalon.core.keyword.builtin.VerifyEqualKeyword.execute(VerifyEqualKeyword.groovy:44)
	at com.kms.katalon.core.keyword.internal.KeywordExecutor.executeKeywordForPlatform(KeywordExecutor.groovy:74)
	at com.kms.katalon.core.keyword.BuiltinKeywords.verifyEqual(BuiltinKeywords.groovy:146)
	at jdk.internal.reflect.GeneratedMethodAccessor25.invoke(Unknown Source)
	at java.base/jdk.internal.reflect.DelegatingMethodAccessorImpl.invoke(DelegatingMethodAccessorImpl.java:43)
	at Факторный анализ сверка дашбордов.CompareDZO(Факторный анализ сверка дашбордов:659)
	at Факторный анализ сверка дашбордов.Test(Факторный анализ сверка дашбордов:589)
	at Факторный анализ сверка дашбордов.run(Факторный анализ сверка дашбордов:44)
	at com.kms.katalon.core.main.ScriptEngine.run(ScriptEngine.java:194)
	at com.kms.katalon.core.main.ScriptEngine.runScriptAsRawText(ScriptEngine.java:119)
	at com.kms.katalon.core.main.TestCaseExecutor.runScript(TestCaseExecutor.java:448)
	at com.kms.katalon.core.main.TestCaseExecutor.doExecute(TestCaseExecutor.java:439)
	at com.kms.katalon.core.main.TestCaseExecutor.processExecutionPhase(TestCaseExecutor.java:418)
	at com.kms.katalon.core.main.TestCaseExecutor.accessMainPhase(TestCaseExecutor.java:410)
	at com.kms.katalon.core.main.TestCaseExecutor.execute(TestCaseExecutor.java:285)
	at com.kms.katalon.core.common.CommonExecutor.accessTestCaseMainPhase(CommonExecutor.java:65)
	at com.kms.katalon.core.main.TestSuiteExecutor.accessTestSuiteMainPhase(TestSuiteExecutor.java:150)
	at com.kms.katalon.core.main.TestSuiteExecutor.execute(TestSuiteExecutor.java:106)
	at com.kms.katalon.core.main.TestCaseMain.startTestSuite(TestCaseMain.java:180)
	at TempTestSuite1738107421100.run(TempTestSuite1738107421100.groovy:35)
	at java.base/jdk.internal.reflect.NativeMethodAccessorImpl.invoke0(Native Method)
	at java.base/jdk.internal.reflect.NativeMethodAccessorImpl.invoke(NativeMethodAccessorImpl.java:77)
	at java.base/jdk.internal.reflect.DelegatingMethodAccessorImpl.invoke(DelegatingMethodAccessorImpl.java:43)
)

29-01-2025T04:35:22 - [TEST_STEP][PASSED] - else: null

29-01-2025T04:35:22 - [TEST_STEP][PASSED] - otobrajeniyeDannyh = "Все": null

29-01-2025T04:35:22 - [TEST_STEP][PASSED] - vidget = "Всего отклонения по факторам": null

29-01-2025T04:35:22 - [TEST_STEP][PASSED] - Script1719551244403.WriteToExcel(todaysDate, typeOfData, otobrajeniyeDannyh, x, y, vidget, DZO): null

29-01-2025T04:35:22 - [TEST_STEP][PASSED] - sheetName = "Sheet1": null

29-01-2025T04:35:22 - [TEST_STEP][PASSED] - data = findTestData("PlanFact"): null

29-01-2025T04:35:22 - [TEST_STEP][PASSED] - n = data.getRowNumbers() + 1: null

29-01-2025T04:35:22 - [TEST_STEP][PASSED] - period = getText(findTestObject("Факторный анализ/Фильтр Период")): Text of object 'Object Repository/Факторный анализ/Фильтр Период' is: '2024'

29-01-2025T04:35:23 - [MESSAGE][PASSED] - Text of object 'Object Repository/Факторный анализ/Фильтр Период' is: '2024'

29-01-2025T04:35:23 - [TEST_STEP][PASSED] - println(period): null

29-01-2025T04:35:23 - [TEST_STEP][PASSED] - dashboardName = "Факторный анализ": null

29-01-2025T04:35:23 - [TEST_STEP][PASSED] - workbook01 = getWorkbook(excelFilePath): null

29-01-2025T04:35:23 - [TEST_STEP][PASSED] - sheet01 = getExcelSheet(workbook01, sheetName): null

29-01-2025T04:35:23 - [TEST_STEP][PASSED] - setValueToCellByIndex(sheet01, n, 0, dashboardName): null

29-01-2025T04:35:23 - [TEST_STEP][PASSED] - setValueToCellByIndex(sheet01, n, 1, DZO): null

29-01-2025T04:35:23 - [TEST_STEP][PASSED] - setValueToCellByIndex(sheet01, n, 2, vidget): null

29-01-2025T04:35:23 - [TEST_STEP][PASSED] - setValueToCellByIndex(sheet01, n, 3, typeOfData): null

29-01-2025T04:35:23 - [TEST_STEP][PASSED] - setValueToCellByIndex(sheet01, n, 4, otobrajeniyeDannyh): null

29-01-2025T04:35:23 - [TEST_STEP][PASSED] - setValueToCellByIndex(sheet01, n, 5, period): null

29-01-2025T04:35:23 - [TEST_STEP][PASSED] - setValueToCellByIndex(sheet01, n, 6, todaysDate): null

29-01-2025T04:35:23 - [TEST_STEP][PASSED] - n = n + 1: null

29-01-2025T04:35:23 - [TEST_STEP][PASSED] - saveWorkbook(excelFilePath, workbook01): null

29-01-2025T04:35:23 - [TEST_STEP][PASSED] - DZO = "Россети Северный Кавказ (ГК)": null

29-01-2025T04:35:23 - [TEST_STEP][PASSED] - Script1719551244403.CompareDZO(x = SKA, y = SKB, run, typeOfData, otobrajeniyeDannyh, todaysDate, vidget, DZO): null

29-01-2025T04:35:23 - [TEST_STEP][PASSED] - x1 = x: null

29-01-2025T04:35:23 - [TEST_STEP][PASSED] - y1 = y: null

29-01-2025T04:35:23 - [TEST_STEP][PASSED] - i1 = <not implemented yet for class: org.codehaus.groovy.ast.expr.EmptyExpression>: null

29-01-2025T04:35:23 - [TEST_STEP][FAILED] - if (verifyEqual(x, y) == true): Unable to verify equal between actual object '111 69 9 116 629 1 969 149 3 630 87 2 353 38 4 195 199 11 425  191' and expected object '0 0  796 629  224 149 317 87 198 38  446 199 320  191' (Root cause: com.kms.katalon.core.exception.StepFailedException: Actual object '111 69 9 116 629 1 969 149 3 630 87 2 353 38 4 195 199 11 425  191' and expected object '0 0  796 629  224 149 317 87 198 38  446 199 320  191' are not equal
	at com.kms.katalon.core.keyword.builtin.VerifyEqualKeyword$_verifyEqual_closure1.doCall(VerifyEqualKeyword.groovy:58)
	at com.kms.katalon.core.keyword.builtin.VerifyEqualKeyword$_verifyEqual_closure1.call(VerifyEqualKeyword.groovy)
	at com.kms.katalon.core.keyword.internal.KeywordMain.runKeyword(KeywordMain.groovy:75)
	at com.kms.katalon.core.keyword.builtin.VerifyEqualKeyword.verifyEqual(VerifyEqualKeyword.groovy:63)
	at com.kms.katalon.core.keyword.builtin.VerifyEqualKeyword.execute(VerifyEqualKeyword.groovy:44)
	at com.kms.katalon.core.keyword.internal.KeywordExecutor.executeKeywordForPlatform(KeywordExecutor.groovy:74)
	at com.kms.katalon.core.keyword.BuiltinKeywords.verifyEqual(BuiltinKeywords.groovy:146)
	at jdk.internal.reflect.GeneratedMethodAccessor25.invoke(Unknown Source)
	at java.base/jdk.internal.reflect.DelegatingMethodAccessorImpl.invoke(DelegatingMethodAccessorImpl.java:43)
	at Факторный анализ сверка дашбордов.CompareDZO(Факторный анализ сверка дашбордов:659)
	at Факторный анализ сверка дашбордов.Test(Факторный анализ сверка дашбордов:593)
	at Факторный анализ сверка дашбордов.run(Факторный анализ сверка дашбордов:44)
	at com.kms.katalon.core.main.ScriptEngine.run(ScriptEngine.java:194)
	at com.kms.katalon.core.main.ScriptEngine.runScriptAsRawText(ScriptEngine.java:119)
	at com.kms.katalon.core.main.TestCaseExecutor.runScript(TestCaseExecutor.java:448)
	at com.kms.katalon.core.main.TestCaseExecutor.doExecute(TestCaseExecutor.java:439)
	at com.kms.katalon.core.main.TestCaseExecutor.processExecutionPhase(TestCaseExecutor.java:418)
	at com.kms.katalon.core.main.TestCaseExecutor.accessMainPhase(TestCaseExecutor.java:410)
	at com.kms.katalon.core.main.TestCaseExecutor.execute(TestCaseExecutor.java:285)
	at com.kms.katalon.core.common.CommonExecutor.accessTestCaseMainPhase(CommonExecutor.java:65)
	at com.kms.katalon.core.main.TestSuiteExecutor.accessTestSuiteMainPhase(TestSuiteExecutor.java:150)
	at com.kms.katalon.core.main.TestSuiteExecutor.execute(TestSuiteExecutor.java:106)
	at com.kms.katalon.core.main.TestCaseMain.startTestSuite(TestCaseMain.java:180)
	at TempTestSuite1738107421100.run(TempTestSuite1738107421100.groovy:35)
	at java.base/jdk.internal.reflect.NativeMethodAccessorImpl.invoke0(Native Method)
	at java.base/jdk.internal.reflect.NativeMethodAccessorImpl.invoke(NativeMethodAccessorImpl.java:77)
	at java.base/jdk.internal.reflect.DelegatingMethodAccessorImpl.invoke(DelegatingMethodAccessorImpl.java:43)
)

29-01-2025T04:35:23 - [MESSAGE][FAILED] - Unable to verify equal between actual object '111 69 9 116 629 1 969 149 3 630 87 2 353 38 4 195 199 11 425  191' and expected object '0 0  796 629  224 149 317 87 198 38  446 199 320  191' (Root cause: com.kms.katalon.core.exception.StepFailedException: Actual object '111 69 9 116 629 1 969 149 3 630 87 2 353 38 4 195 199 11 425  191' and expected object '0 0  796 629  224 149 317 87 198 38  446 199 320  191' are not equal
	at com.kms.katalon.core.keyword.builtin.VerifyEqualKeyword$_verifyEqual_closure1.doCall(VerifyEqualKeyword.groovy:58)
	at com.kms.katalon.core.keyword.builtin.VerifyEqualKeyword$_verifyEqual_closure1.call(VerifyEqualKeyword.groovy)
	at com.kms.katalon.core.keyword.internal.KeywordMain.runKeyword(KeywordMain.groovy:75)
	at com.kms.katalon.core.keyword.builtin.VerifyEqualKeyword.verifyEqual(VerifyEqualKeyword.groovy:63)
	at com.kms.katalon.core.keyword.builtin.VerifyEqualKeyword.execute(VerifyEqualKeyword.groovy:44)
	at com.kms.katalon.core.keyword.internal.KeywordExecutor.executeKeywordForPlatform(KeywordExecutor.groovy:74)
	at com.kms.katalon.core.keyword.BuiltinKeywords.verifyEqual(BuiltinKeywords.groovy:146)
	at jdk.internal.reflect.GeneratedMethodAccessor25.invoke(Unknown Source)
	at java.base/jdk.internal.reflect.DelegatingMethodAccessorImpl.invoke(DelegatingMethodAccessorImpl.java:43)
	at Факторный анализ сверка дашбордов.CompareDZO(Факторный анализ сверка дашбордов:659)
	at Факторный анализ сверка дашбордов.Test(Факторный анализ сверка дашбордов:593)
	at Факторный анализ сверка дашбордов.run(Факторный анализ сверка дашбордов:44)
	at com.kms.katalon.core.main.ScriptEngine.run(ScriptEngine.java:194)
	at com.kms.katalon.core.main.ScriptEngine.runScriptAsRawText(ScriptEngine.java:119)
	at com.kms.katalon.core.main.TestCaseExecutor.runScript(TestCaseExecutor.java:448)
	at com.kms.katalon.core.main.TestCaseExecutor.doExecute(TestCaseExecutor.java:439)
	at com.kms.katalon.core.main.TestCaseExecutor.processExecutionPhase(TestCaseExecutor.java:418)
	at com.kms.katalon.core.main.TestCaseExecutor.accessMainPhase(TestCaseExecutor.java:410)
	at com.kms.katalon.core.main.TestCaseExecutor.execute(TestCaseExecutor.java:285)
	at com.kms.katalon.core.common.CommonExecutor.accessTestCaseMainPhase(CommonExecutor.java:65)
	at com.kms.katalon.core.main.TestSuiteExecutor.accessTestSuiteMainPhase(TestSuiteExecutor.java:150)
	at com.kms.katalon.core.main.TestSuiteExecutor.execute(TestSuiteExecutor.java:106)
	at com.kms.katalon.core.main.TestCaseMain.startTestSuite(TestCaseMain.java:180)
	at TempTestSuite1738107421100.run(TempTestSuite1738107421100.groovy:35)
	at java.base/jdk.internal.reflect.NativeMethodAccessorImpl.invoke0(Native Method)
	at java.base/jdk.internal.reflect.NativeMethodAccessorImpl.invoke(NativeMethodAccessorImpl.java:77)
	at java.base/jdk.internal.reflect.DelegatingMethodAccessorImpl.invoke(DelegatingMethodAccessorImpl.java:43)
)

29-01-2025T04:35:23 - [TEST_STEP][PASSED] - else: null

29-01-2025T04:35:23 - [TEST_STEP][PASSED] - otobrajeniyeDannyh = "Все": null

29-01-2025T04:35:23 - [TEST_STEP][PASSED] - vidget = "Всего отклонения по факторам": null

29-01-2025T04:35:23 - [TEST_STEP][PASSED] - Script1719551244403.WriteToExcel(todaysDate, typeOfData, otobrajeniyeDannyh, x, y, vidget, DZO): null

29-01-2025T04:35:23 - [TEST_STEP][PASSED] - sheetName = "Sheet1": null

29-01-2025T04:35:23 - [TEST_STEP][PASSED] - data = findTestData("PlanFact"): null

29-01-2025T04:35:23 - [TEST_STEP][PASSED] - n = data.getRowNumbers() + 1: null

29-01-2025T04:35:23 - [TEST_STEP][PASSED] - period = getText(findTestObject("Факторный анализ/Фильтр Период")): Text of object 'Object Repository/Факторный анализ/Фильтр Период' is: '2024'

29-01-2025T04:35:23 - [MESSAGE][PASSED] - Text of object 'Object Repository/Факторный анализ/Фильтр Период' is: '2024'

29-01-2025T04:35:23 - [TEST_STEP][PASSED] - println(period): null

29-01-2025T04:35:23 - [TEST_STEP][PASSED] - dashboardName = "Факторный анализ": null

29-01-2025T04:35:23 - [TEST_STEP][PASSED] - workbook01 = getWorkbook(excelFilePath): null

29-01-2025T04:35:23 - [TEST_STEP][PASSED] - sheet01 = getExcelSheet(workbook01, sheetName): null

29-01-2025T04:35:23 - [TEST_STEP][PASSED] - setValueToCellByIndex(sheet01, n, 0, dashboardName): null

29-01-2025T04:35:23 - [TEST_STEP][PASSED] - setValueToCellByIndex(sheet01, n, 1, DZO): null

29-01-2025T04:35:23 - [TEST_STEP][PASSED] - setValueToCellByIndex(sheet01, n, 2, vidget): null

29-01-2025T04:35:23 - [TEST_STEP][PASSED] - setValueToCellByIndex(sheet01, n, 3, typeOfData): null

29-01-2025T04:35:23 - [TEST_STEP][PASSED] - setValueToCellByIndex(sheet01, n, 4, otobrajeniyeDannyh): null

29-01-2025T04:35:23 - [TEST_STEP][PASSED] - setValueToCellByIndex(sheet01, n, 5, period): null

29-01-2025T04:35:23 - [TEST_STEP][PASSED] - setValueToCellByIndex(sheet01, n, 6, todaysDate): null

29-01-2025T04:35:23 - [TEST_STEP][PASSED] - n = n + 1: null

29-01-2025T04:35:23 - [TEST_STEP][PASSED] - saveWorkbook(excelFilePath, workbook01): null

29-01-2025T04:35:24 - [TEST_STEP][PASSED] - DZO = "Россети Северо-Запад": null

29-01-2025T04:35:24 - [TEST_STEP][PASSED] - Script1719551244403.CompareDZO(x = SZA, y = SZB, run, typeOfData, otobrajeniyeDannyh, todaysDate, vidget, DZO): null

29-01-2025T04:35:24 - [TEST_STEP][PASSED] - x1 = x: null

29-01-2025T04:35:24 - [TEST_STEP][PASSED] - y1 = y: null

29-01-2025T04:35:24 - [TEST_STEP][PASSED] - i1 = <not implemented yet for class: org.codehaus.groovy.ast.expr.EmptyExpression>: null

29-01-2025T04:35:24 - [TEST_STEP][FAILED] - if (verifyEqual(x, y) == true): Unable to verify equal between actual object '11 425  191    21  125  265 21  77 185  118 44  249 41  138 24     137 59' and expected object '320  191    21  125  265 21  77 185  118 44  249 41  138 24     137 59' (Root cause: com.kms.katalon.core.exception.StepFailedException: Actual object '11 425  191    21  125  265 21  77 185  118 44  249 41  138 24     137 59' and expected object '320  191    21  125  265 21  77 185  118 44  249 41  138 24     137 59' are not equal
	at com.kms.katalon.core.keyword.builtin.VerifyEqualKeyword$_verifyEqual_closure1.doCall(VerifyEqualKeyword.groovy:58)
	at com.kms.katalon.core.keyword.builtin.VerifyEqualKeyword$_verifyEqual_closure1.call(VerifyEqualKeyword.groovy)
	at com.kms.katalon.core.keyword.internal.KeywordMain.runKeyword(KeywordMain.groovy:75)
	at com.kms.katalon.core.keyword.builtin.VerifyEqualKeyword.verifyEqual(VerifyEqualKeyword.groovy:63)
	at com.kms.katalon.core.keyword.builtin.VerifyEqualKeyword.execute(VerifyEqualKeyword.groovy:44)
	at com.kms.katalon.core.keyword.internal.KeywordExecutor.executeKeywordForPlatform(KeywordExecutor.groovy:74)
	at com.kms.katalon.core.keyword.BuiltinKeywords.verifyEqual(BuiltinKeywords.groovy:146)
	at jdk.internal.reflect.GeneratedMethodAccessor25.invoke(Unknown Source)
	at java.base/jdk.internal.reflect.DelegatingMethodAccessorImpl.invoke(DelegatingMethodAccessorImpl.java:43)
	at Факторный анализ сверка дашбордов.CompareDZO(Факторный анализ сверка дашбордов:659)
	at Факторный анализ сверка дашбордов.Test(Факторный анализ сверка дашбордов:597)
	at Факторный анализ сверка дашбордов.run(Факторный анализ сверка дашбордов:44)
	at com.kms.katalon.core.main.ScriptEngine.run(ScriptEngine.java:194)
	at com.kms.katalon.core.main.ScriptEngine.runScriptAsRawText(ScriptEngine.java:119)
	at com.kms.katalon.core.main.TestCaseExecutor.runScript(TestCaseExecutor.java:448)
	at com.kms.katalon.core.main.TestCaseExecutor.doExecute(TestCaseExecutor.java:439)
	at com.kms.katalon.core.main.TestCaseExecutor.processExecutionPhase(TestCaseExecutor.java:418)
	at com.kms.katalon.core.main.TestCaseExecutor.accessMainPhase(TestCaseExecutor.java:410)
	at com.kms.katalon.core.main.TestCaseExecutor.execute(TestCaseExecutor.java:285)
	at com.kms.katalon.core.common.CommonExecutor.accessTestCaseMainPhase(CommonExecutor.java:65)
	at com.kms.katalon.core.main.TestSuiteExecutor.accessTestSuiteMainPhase(TestSuiteExecutor.java:150)
	at com.kms.katalon.core.main.TestSuiteExecutor.execute(TestSuiteExecutor.java:106)
	at com.kms.katalon.core.main.TestCaseMain.startTestSuite(TestCaseMain.java:180)
	at TempTestSuite1738107421100.run(TempTestSuite1738107421100.groovy:35)
	at java.base/jdk.internal.reflect.NativeMethodAccessorImpl.invoke0(Native Method)
	at java.base/jdk.internal.reflect.NativeMethodAccessorImpl.invoke(NativeMethodAccessorImpl.java:77)
	at java.base/jdk.internal.reflect.DelegatingMethodAccessorImpl.invoke(DelegatingMethodAccessorImpl.java:43)
)

29-01-2025T04:35:24 - [MESSAGE][FAILED] - Unable to verify equal between actual object '11 425  191    21  125  265 21  77 185  118 44  249 41  138 24     137 59' and expected object '320  191    21  125  265 21  77 185  118 44  249 41  138 24     137 59' (Root cause: com.kms.katalon.core.exception.StepFailedException: Actual object '11 425  191    21  125  265 21  77 185  118 44  249 41  138 24     137 59' and expected object '320  191    21  125  265 21  77 185  118 44  249 41  138 24     137 59' are not equal
	at com.kms.katalon.core.keyword.builtin.VerifyEqualKeyword$_verifyEqual_closure1.doCall(VerifyEqualKeyword.groovy:58)
	at com.kms.katalon.core.keyword.builtin.VerifyEqualKeyword$_verifyEqual_closure1.call(VerifyEqualKeyword.groovy)
	at com.kms.katalon.core.keyword.internal.KeywordMain.runKeyword(KeywordMain.groovy:75)
	at com.kms.katalon.core.keyword.builtin.VerifyEqualKeyword.verifyEqual(VerifyEqualKeyword.groovy:63)
	at com.kms.katalon.core.keyword.builtin.VerifyEqualKeyword.execute(VerifyEqualKeyword.groovy:44)
	at com.kms.katalon.core.keyword.internal.KeywordExecutor.executeKeywordForPlatform(KeywordExecutor.groovy:74)
	at com.kms.katalon.core.keyword.BuiltinKeywords.verifyEqual(BuiltinKeywords.groovy:146)
	at jdk.internal.reflect.GeneratedMethodAccessor25.invoke(Unknown Source)
	at java.base/jdk.internal.reflect.DelegatingMethodAccessorImpl.invoke(DelegatingMethodAccessorImpl.java:43)
	at Факторный анализ сверка дашбордов.CompareDZO(Факторный анализ сверка дашбордов:659)
	at Факторный анализ сверка дашбордов.Test(Факторный анализ сверка дашбордов:597)
	at Факторный анализ сверка дашбордов.run(Факторный анализ сверка дашбордов:44)
	at com.kms.katalon.core.main.ScriptEngine.run(ScriptEngine.java:194)
	at com.kms.katalon.core.main.ScriptEngine.runScriptAsRawText(ScriptEngine.java:119)
	at com.kms.katalon.core.main.TestCaseExecutor.runScript(TestCaseExecutor.java:448)
	at com.kms.katalon.core.main.TestCaseExecutor.doExecute(TestCaseExecutor.java:439)
	at com.kms.katalon.core.main.TestCaseExecutor.processExecutionPhase(TestCaseExecutor.java:418)
	at com.kms.katalon.core.main.TestCaseExecutor.accessMainPhase(TestCaseExecutor.java:410)
	at com.kms.katalon.core.main.TestCaseExecutor.execute(TestCaseExecutor.java:285)
	at com.kms.katalon.core.common.CommonExecutor.accessTestCaseMainPhase(CommonExecutor.java:65)
	at com.kms.katalon.core.main.TestSuiteExecutor.accessTestSuiteMainPhase(TestSuiteExecutor.java:150)
	at com.kms.katalon.core.main.TestSuiteExecutor.execute(TestSuiteExecutor.java:106)
	at com.kms.katalon.core.main.TestCaseMain.startTestSuite(TestCaseMain.java:180)
	at TempTestSuite1738107421100.run(TempTestSuite1738107421100.groovy:35)
	at java.base/jdk.internal.reflect.NativeMethodAccessorImpl.invoke0(Native Method)
	at java.base/jdk.internal.reflect.NativeMethodAccessorImpl.invoke(NativeMethodAccessorImpl.java:77)
	at java.base/jdk.internal.reflect.DelegatingMethodAccessorImpl.invoke(DelegatingMethodAccessorImpl.java:43)
)

29-01-2025T04:35:24 - [TEST_STEP][PASSED] - else: null

29-01-2025T04:35:24 - [TEST_STEP][PASSED] - otobrajeniyeDannyh = "Все": null

29-01-2025T04:35:24 - [TEST_STEP][PASSED] - vidget = "Всего отклонения по факторам": null

29-01-2025T04:35:24 - [TEST_STEP][PASSED] - Script1719551244403.WriteToExcel(todaysDate, typeOfData, otobrajeniyeDannyh, x, y, vidget, DZO): null

29-01-2025T04:35:24 - [TEST_STEP][PASSED] - sheetName = "Sheet1": null

29-01-2025T04:35:24 - [TEST_STEP][PASSED] - data = findTestData("PlanFact"): null

29-01-2025T04:35:24 - [TEST_STEP][PASSED] - n = data.getRowNumbers() + 1: null

29-01-2025T04:35:24 - [TEST_STEP][PASSED] - period = getText(findTestObject("Факторный анализ/Фильтр Период")): Text of object 'Object Repository/Факторный анализ/Фильтр Период' is: '2024'

29-01-2025T04:35:24 - [MESSAGE][PASSED] - Text of object 'Object Repository/Факторный анализ/Фильтр Период' is: '2024'

29-01-2025T04:35:24 - [TEST_STEP][PASSED] - println(period): null

29-01-2025T04:35:24 - [TEST_STEP][PASSED] - dashboardName = "Факторный анализ": null

29-01-2025T04:35:24 - [TEST_STEP][PASSED] - workbook01 = getWorkbook(excelFilePath): null

29-01-2025T04:35:24 - [TEST_STEP][PASSED] - sheet01 = getExcelSheet(workbook01, sheetName): null

29-01-2025T04:35:24 - [TEST_STEP][PASSED] - setValueToCellByIndex(sheet01, n, 0, dashboardName): null

29-01-2025T04:35:24 - [TEST_STEP][PASSED] - setValueToCellByIndex(sheet01, n, 1, DZO): null

29-01-2025T04:35:24 - [TEST_STEP][PASSED] - setValueToCellByIndex(sheet01, n, 2, vidget): null

29-01-2025T04:35:24 - [TEST_STEP][PASSED] - setValueToCellByIndex(sheet01, n, 3, typeOfData): null

29-01-2025T04:35:24 - [TEST_STEP][PASSED] - setValueToCellByIndex(sheet01, n, 4, otobrajeniyeDannyh): null

29-01-2025T04:35:24 - [TEST_STEP][PASSED] - setValueToCellByIndex(sheet01, n, 5, period): null

29-01-2025T04:35:24 - [TEST_STEP][PASSED] - setValueToCellByIndex(sheet01, n, 6, todaysDate): null

29-01-2025T04:35:24 - [TEST_STEP][PASSED] - n = n + 1: null

29-01-2025T04:35:24 - [TEST_STEP][PASSED] - saveWorkbook(excelFilePath, workbook01): null

29-01-2025T04:35:24 - [TEST_STEP][PASSED] - DZO = "Россети Сибирь (ГК)": null

29-01-2025T04:35:24 - [TEST_STEP][PASSED] - Script1719551244403.CompareDZO(x = SiA, y = SiB, run, typeOfData, otobrajeniyeDannyh, todaysDate, vidget, DZO): null

29-01-2025T04:35:24 - [TEST_STEP][PASSED] - x1 = x: null

29-01-2025T04:35:24 - [TEST_STEP][PASSED] - y1 = y: null

29-01-2025T04:35:24 - [TEST_STEP][PASSED] - i1 = <not implemented yet for class: org.codehaus.groovy.ast.expr.EmptyExpression>: null

29-01-2025T04:35:24 - [TEST_STEP][PASSED] - if (verifyEqual(x, y) == true): null

29-01-2025T04:35:24 - [MESSAGE][PASSED] - Actual object '137 59    343 359 89 347 190 27 1 482  869  524 1 053 238 63 491  481 78 253' and expected object '137 59    343 359 89 347 190 27 1 482  869  524 1 053 238 63 491  481 78 253' are equal

29-01-2025T04:35:24 - [TEST_STEP][PASSED] - DZO = "Россети Томск": null

29-01-2025T04:35:24 - [TEST_STEP][PASSED] - Script1719551244403.CompareDZO(x = ToA, y = ToB, run, typeOfData, otobrajeniyeDannyh, todaysDate, vidget, DZO): null

29-01-2025T04:35:24 - [TEST_STEP][PASSED] - x1 = x: null

29-01-2025T04:35:24 - [TEST_STEP][PASSED] - y1 = y: null

29-01-2025T04:35:24 - [TEST_STEP][PASSED] - i1 = <not implemented yet for class: org.codehaus.groovy.ast.expr.EmptyExpression>: null

29-01-2025T04:35:24 - [TEST_STEP][FAILED] - if (verifyEqual(x, y) == true): Unable to verify equal between actual object '78 253     9 298  164' and expected object '78 253     362  164' (Root cause: com.kms.katalon.core.exception.StepFailedException: Actual object '78 253     9 298  164' and expected object '78 253     362  164' are not equal
	at com.kms.katalon.core.keyword.builtin.VerifyEqualKeyword$_verifyEqual_closure1.doCall(VerifyEqualKeyword.groovy:58)
	at com.kms.katalon.core.keyword.builtin.VerifyEqualKeyword$_verifyEqual_closure1.call(VerifyEqualKeyword.groovy)
	at com.kms.katalon.core.keyword.internal.KeywordMain.runKeyword(KeywordMain.groovy:75)
	at com.kms.katalon.core.keyword.builtin.VerifyEqualKeyword.verifyEqual(VerifyEqualKeyword.groovy:63)
	at com.kms.katalon.core.keyword.builtin.VerifyEqualKeyword.execute(VerifyEqualKeyword.groovy:44)
	at com.kms.katalon.core.keyword.internal.KeywordExecutor.executeKeywordForPlatform(KeywordExecutor.groovy:74)
	at com.kms.katalon.core.keyword.BuiltinKeywords.verifyEqual(BuiltinKeywords.groovy:146)
	at jdk.internal.reflect.GeneratedMethodAccessor25.invoke(Unknown Source)
	at java.base/jdk.internal.reflect.DelegatingMethodAccessorImpl.invoke(DelegatingMethodAccessorImpl.java:43)
	at Факторный анализ сверка дашбордов.CompareDZO(Факторный анализ сверка дашбордов:659)
	at Факторный анализ сверка дашбордов.Test(Факторный анализ сверка дашбордов:605)
	at Факторный анализ сверка дашбордов.run(Факторный анализ сверка дашбордов:44)
	at com.kms.katalon.core.main.ScriptEngine.run(ScriptEngine.java:194)
	at com.kms.katalon.core.main.ScriptEngine.runScriptAsRawText(ScriptEngine.java:119)
	at com.kms.katalon.core.main.TestCaseExecutor.runScript(TestCaseExecutor.java:448)
	at com.kms.katalon.core.main.TestCaseExecutor.doExecute(TestCaseExecutor.java:439)
	at com.kms.katalon.core.main.TestCaseExecutor.processExecutionPhase(TestCaseExecutor.java:418)
	at com.kms.katalon.core.main.TestCaseExecutor.accessMainPhase(TestCaseExecutor.java:410)
	at com.kms.katalon.core.main.TestCaseExecutor.execute(TestCaseExecutor.java:285)
	at com.kms.katalon.core.common.CommonExecutor.accessTestCaseMainPhase(CommonExecutor.java:65)
	at com.kms.katalon.core.main.TestSuiteExecutor.accessTestSuiteMainPhase(TestSuiteExecutor.java:150)
	at com.kms.katalon.core.main.TestSuiteExecutor.execute(TestSuiteExecutor.java:106)
	at com.kms.katalon.core.main.TestCaseMain.startTestSuite(TestCaseMain.java:180)
	at TempTestSuite1738107421100.run(TempTestSuite1738107421100.groovy:35)
	at java.base/jdk.internal.reflect.NativeMethodAccessorImpl.invoke0(Native Method)
	at java.base/jdk.internal.reflect.NativeMethodAccessorImpl.invoke(NativeMethodAccessorImpl.java:77)
	at java.base/jdk.internal.reflect.DelegatingMethodAccessorImpl.invoke(DelegatingMethodAccessorImpl.java:43)
)

29-01-2025T04:35:24 - [MESSAGE][FAILED] - Unable to verify equal between actual object '78 253     9 298  164' and expected object '78 253     362  164' (Root cause: com.kms.katalon.core.exception.StepFailedException: Actual object '78 253     9 298  164' and expected object '78 253     362  164' are not equal
	at com.kms.katalon.core.keyword.builtin.VerifyEqualKeyword$_verifyEqual_closure1.doCall(VerifyEqualKeyword.groovy:58)
	at com.kms.katalon.core.keyword.builtin.VerifyEqualKeyword$_verifyEqual_closure1.call(VerifyEqualKeyword.groovy)
	at com.kms.katalon.core.keyword.internal.KeywordMain.runKeyword(KeywordMain.groovy:75)
	at com.kms.katalon.core.keyword.builtin.VerifyEqualKeyword.verifyEqual(VerifyEqualKeyword.groovy:63)
	at com.kms.katalon.core.keyword.builtin.VerifyEqualKeyword.execute(VerifyEqualKeyword.groovy:44)
	at com.kms.katalon.core.keyword.internal.KeywordExecutor.executeKeywordForPlatform(KeywordExecutor.groovy:74)
	at com.kms.katalon.core.keyword.BuiltinKeywords.verifyEqual(BuiltinKeywords.groovy:146)
	at jdk.internal.reflect.GeneratedMethodAccessor25.invoke(Unknown Source)
	at java.base/jdk.internal.reflect.DelegatingMethodAccessorImpl.invoke(DelegatingMethodAccessorImpl.java:43)
	at Факторный анализ сверка дашбордов.CompareDZO(Факторный анализ сверка дашбордов:659)
	at Факторный анализ сверка дашбордов.Test(Факторный анализ сверка дашбордов:605)
	at Факторный анализ сверка дашбордов.run(Факторный анализ сверка дашбордов:44)
	at com.kms.katalon.core.main.ScriptEngine.run(ScriptEngine.java:194)
	at com.kms.katalon.core.main.ScriptEngine.runScriptAsRawText(ScriptEngine.java:119)
	at com.kms.katalon.core.main.TestCaseExecutor.runScript(TestCaseExecutor.java:448)
	at com.kms.katalon.core.main.TestCaseExecutor.doExecute(TestCaseExecutor.java:439)
	at com.kms.katalon.core.main.TestCaseExecutor.processExecutionPhase(TestCaseExecutor.java:418)
	at com.kms.katalon.core.main.TestCaseExecutor.accessMainPhase(TestCaseExecutor.java:410)
	at com.kms.katalon.core.main.TestCaseExecutor.execute(TestCaseExecutor.java:285)
	at com.kms.katalon.core.common.CommonExecutor.accessTestCaseMainPhase(CommonExecutor.java:65)
	at com.kms.katalon.core.main.TestSuiteExecutor.accessTestSuiteMainPhase(TestSuiteExecutor.java:150)
	at com.kms.katalon.core.main.TestSuiteExecutor.execute(TestSuiteExecutor.java:106)
	at com.kms.katalon.core.main.TestCaseMain.startTestSuite(TestCaseMain.java:180)
	at TempTestSuite1738107421100.run(TempTestSuite1738107421100.groovy:35)
	at java.base/jdk.internal.reflect.NativeMethodAccessorImpl.invoke0(Native Method)
	at java.base/jdk.internal.reflect.NativeMethodAccessorImpl.invoke(NativeMethodAccessorImpl.java:77)
	at java.base/jdk.internal.reflect.DelegatingMethodAccessorImpl.invoke(DelegatingMethodAccessorImpl.java:43)
)

29-01-2025T04:35:24 - [TEST_STEP][PASSED] - else: null

29-01-2025T04:35:24 - [TEST_STEP][PASSED] - otobrajeniyeDannyh = "Все": null

29-01-2025T04:35:24 - [TEST_STEP][PASSED] - vidget = "Всего отклонения по факторам": null

29-01-2025T04:35:24 - [TEST_STEP][PASSED] - Script1719551244403.WriteToExcel(todaysDate, typeOfData, otobrajeniyeDannyh, x, y, vidget, DZO): null

29-01-2025T04:35:24 - [TEST_STEP][PASSED] - sheetName = "Sheet1": null

29-01-2025T04:35:24 - [TEST_STEP][PASSED] - data = findTestData("PlanFact"): null

29-01-2025T04:35:24 - [TEST_STEP][PASSED] - n = data.getRowNumbers() + 1: null

29-01-2025T04:35:24 - [TEST_STEP][PASSED] - period = getText(findTestObject("Факторный анализ/Фильтр Период")): Text of object 'Object Repository/Факторный анализ/Фильтр Период' is: '2024'

29-01-2025T04:35:24 - [MESSAGE][PASSED] - Text of object 'Object Repository/Факторный анализ/Фильтр Период' is: '2024'

29-01-2025T04:35:24 - [TEST_STEP][PASSED] - println(period): null

29-01-2025T04:35:24 - [TEST_STEP][PASSED] - dashboardName = "Факторный анализ": null

29-01-2025T04:35:24 - [TEST_STEP][PASSED] - workbook01 = getWorkbook(excelFilePath): null

29-01-2025T04:35:25 - [TEST_STEP][PASSED] - sheet01 = getExcelSheet(workbook01, sheetName): null

29-01-2025T04:35:25 - [TEST_STEP][PASSED] - setValueToCellByIndex(sheet01, n, 0, dashboardName): null

29-01-2025T04:35:25 - [TEST_STEP][PASSED] - setValueToCellByIndex(sheet01, n, 1, DZO): null

29-01-2025T04:35:25 - [TEST_STEP][PASSED] - setValueToCellByIndex(sheet01, n, 2, vidget): null

29-01-2025T04:35:25 - [TEST_STEP][PASSED] - setValueToCellByIndex(sheet01, n, 3, typeOfData): null

29-01-2025T04:35:25 - [TEST_STEP][PASSED] - setValueToCellByIndex(sheet01, n, 4, otobrajeniyeDannyh): null

29-01-2025T04:35:25 - [TEST_STEP][PASSED] - setValueToCellByIndex(sheet01, n, 5, period): null

29-01-2025T04:35:25 - [TEST_STEP][PASSED] - setValueToCellByIndex(sheet01, n, 6, todaysDate): null

29-01-2025T04:35:25 - [TEST_STEP][PASSED] - n = n + 1: null

29-01-2025T04:35:25 - [TEST_STEP][PASSED] - saveWorkbook(excelFilePath, workbook01): null

29-01-2025T04:35:25 - [TEST_STEP][PASSED] - DZO = "Россети Тюмень": null

29-01-2025T04:35:25 - [TEST_STEP][PASSED] - Script1719551244403.CompareDZO(x = TyuA, y = TyuB, run, typeOfData, otobrajeniyeDannyh, todaysDate, vidget, DZO): null

29-01-2025T04:35:25 - [TEST_STEP][PASSED] - x1 = x: null

29-01-2025T04:35:25 - [TEST_STEP][PASSED] - y1 = y: null

29-01-2025T04:35:25 - [TEST_STEP][PASSED] - i1 = <not implemented yet for class: org.codehaus.groovy.ast.expr.EmptyExpression>: null

29-01-2025T04:35:25 - [TEST_STEP][FAILED] - if (verifyEqual(x, y) == true): Unable to verify equal between actual object '9 298  164' and expected object '362  164' (Root cause: com.kms.katalon.core.exception.StepFailedException: Actual object '9 298  164' and expected object '362  164' are not equal
	at com.kms.katalon.core.keyword.builtin.VerifyEqualKeyword$_verifyEqual_closure1.doCall(VerifyEqualKeyword.groovy:58)
	at com.kms.katalon.core.keyword.builtin.VerifyEqualKeyword$_verifyEqual_closure1.call(VerifyEqualKeyword.groovy)
	at com.kms.katalon.core.keyword.internal.KeywordMain.runKeyword(KeywordMain.groovy:75)
	at com.kms.katalon.core.keyword.builtin.VerifyEqualKeyword.verifyEqual(VerifyEqualKeyword.groovy:63)
	at com.kms.katalon.core.keyword.builtin.VerifyEqualKeyword.execute(VerifyEqualKeyword.groovy:44)
	at com.kms.katalon.core.keyword.internal.KeywordExecutor.executeKeywordForPlatform(KeywordExecutor.groovy:74)
	at com.kms.katalon.core.keyword.BuiltinKeywords.verifyEqual(BuiltinKeywords.groovy:146)
	at jdk.internal.reflect.GeneratedMethodAccessor25.invoke(Unknown Source)
	at java.base/jdk.internal.reflect.DelegatingMethodAccessorImpl.invoke(DelegatingMethodAccessorImpl.java:43)
	at Факторный анализ сверка дашбордов.CompareDZO(Факторный анализ сверка дашбордов:659)
	at Факторный анализ сверка дашбордов.Test(Факторный анализ сверка дашбордов:609)
	at Факторный анализ сверка дашбордов.run(Факторный анализ сверка дашбордов:44)
	at com.kms.katalon.core.main.ScriptEngine.run(ScriptEngine.java:194)
	at com.kms.katalon.core.main.ScriptEngine.runScriptAsRawText(ScriptEngine.java:119)
	at com.kms.katalon.core.main.TestCaseExecutor.runScript(TestCaseExecutor.java:448)
	at com.kms.katalon.core.main.TestCaseExecutor.doExecute(TestCaseExecutor.java:439)
	at com.kms.katalon.core.main.TestCaseExecutor.processExecutionPhase(TestCaseExecutor.java:418)
	at com.kms.katalon.core.main.TestCaseExecutor.accessMainPhase(TestCaseExecutor.java:410)
	at com.kms.katalon.core.main.TestCaseExecutor.execute(TestCaseExecutor.java:285)
	at com.kms.katalon.core.common.CommonExecutor.accessTestCaseMainPhase(CommonExecutor.java:65)
	at com.kms.katalon.core.main.TestSuiteExecutor.accessTestSuiteMainPhase(TestSuiteExecutor.java:150)
	at com.kms.katalon.core.main.TestSuiteExecutor.execute(TestSuiteExecutor.java:106)
	at com.kms.katalon.core.main.TestCaseMain.startTestSuite(TestCaseMain.java:180)
	at TempTestSuite1738107421100.run(TempTestSuite1738107421100.groovy:35)
	at java.base/jdk.internal.reflect.NativeMethodAccessorImpl.invoke0(Native Method)
	at java.base/jdk.internal.reflect.NativeMethodAccessorImpl.invoke(NativeMethodAccessorImpl.java:77)
	at java.base/jdk.internal.reflect.DelegatingMethodAccessorImpl.invoke(DelegatingMethodAccessorImpl.java:43)
)

29-01-2025T04:35:25 - [MESSAGE][FAILED] - Unable to verify equal between actual object '9 298  164' and expected object '362  164' (Root cause: com.kms.katalon.core.exception.StepFailedException: Actual object '9 298  164' and expected object '362  164' are not equal
	at com.kms.katalon.core.keyword.builtin.VerifyEqualKeyword$_verifyEqual_closure1.doCall(VerifyEqualKeyword.groovy:58)
	at com.kms.katalon.core.keyword.builtin.VerifyEqualKeyword$_verifyEqual_closure1.call(VerifyEqualKeyword.groovy)
	at com.kms.katalon.core.keyword.internal.KeywordMain.runKeyword(KeywordMain.groovy:75)
	at com.kms.katalon.core.keyword.builtin.VerifyEqualKeyword.verifyEqual(VerifyEqualKeyword.groovy:63)
	at com.kms.katalon.core.keyword.builtin.VerifyEqualKeyword.execute(VerifyEqualKeyword.groovy:44)
	at com.kms.katalon.core.keyword.internal.KeywordExecutor.executeKeywordForPlatform(KeywordExecutor.groovy:74)
	at com.kms.katalon.core.keyword.BuiltinKeywords.verifyEqual(BuiltinKeywords.groovy:146)
	at jdk.internal.reflect.GeneratedMethodAccessor25.invoke(Unknown Source)
	at java.base/jdk.internal.reflect.DelegatingMethodAccessorImpl.invoke(DelegatingMethodAccessorImpl.java:43)
	at Факторный анализ сверка дашбордов.CompareDZO(Факторный анализ сверка дашбордов:659)
	at Факторный анализ сверка дашбордов.Test(Факторный анализ сверка дашбордов:609)
	at Факторный анализ сверка дашбордов.run(Факторный анализ сверка дашбордов:44)
	at com.kms.katalon.core.main.ScriptEngine.run(ScriptEngine.java:194)
	at com.kms.katalon.core.main.ScriptEngine.runScriptAsRawText(ScriptEngine.java:119)
	at com.kms.katalon.core.main.TestCaseExecutor.runScript(TestCaseExecutor.java:448)
	at com.kms.katalon.core.main.TestCaseExecutor.doExecute(TestCaseExecutor.java:439)
	at com.kms.katalon.core.main.TestCaseExecutor.processExecutionPhase(TestCaseExecutor.java:418)
	at com.kms.katalon.core.main.TestCaseExecutor.accessMainPhase(TestCaseExecutor.java:410)
	at com.kms.katalon.core.main.TestCaseExecutor.execute(TestCaseExecutor.java:285)
	at com.kms.katalon.core.common.CommonExecutor.accessTestCaseMainPhase(CommonExecutor.java:65)
	at com.kms.katalon.core.main.TestSuiteExecutor.accessTestSuiteMainPhase(TestSuiteExecutor.java:150)
	at com.kms.katalon.core.main.TestSuiteExecutor.execute(TestSuiteExecutor.java:106)
	at com.kms.katalon.core.main.TestCaseMain.startTestSuite(TestCaseMain.java:180)
	at TempTestSuite1738107421100.run(TempTestSuite1738107421100.groovy:35)
	at java.base/jdk.internal.reflect.NativeMethodAccessorImpl.invoke0(Native Method)
	at java.base/jdk.internal.reflect.NativeMethodAccessorImpl.invoke(NativeMethodAccessorImpl.java:77)
	at java.base/jdk.internal.reflect.DelegatingMethodAccessorImpl.invoke(DelegatingMethodAccessorImpl.java:43)
)

29-01-2025T04:35:25 - [TEST_STEP][PASSED] - else: null

29-01-2025T04:35:25 - [TEST_STEP][PASSED] - otobrajeniyeDannyh = "Все": null

29-01-2025T04:35:25 - [TEST_STEP][PASSED] - vidget = "Всего отклонения по факторам": null

29-01-2025T04:35:25 - [TEST_STEP][PASSED] - Script1719551244403.WriteToExcel(todaysDate, typeOfData, otobrajeniyeDannyh, x, y, vidget, DZO): null

29-01-2025T04:35:25 - [TEST_STEP][PASSED] - sheetName = "Sheet1": null

29-01-2025T04:35:25 - [TEST_STEP][PASSED] - data = findTestData("PlanFact"): null

29-01-2025T04:35:25 - [TEST_STEP][PASSED] - n = data.getRowNumbers() + 1: null

29-01-2025T04:35:25 - [TEST_STEP][PASSED] - period = getText(findTestObject("Факторный анализ/Фильтр Период")): Text of object 'Object Repository/Факторный анализ/Фильтр Период' is: '2024'

29-01-2025T04:35:25 - [MESSAGE][PASSED] - Text of object 'Object Repository/Факторный анализ/Фильтр Период' is: '2024'

29-01-2025T04:35:25 - [TEST_STEP][PASSED] - println(period): null

29-01-2025T04:35:25 - [TEST_STEP][PASSED] - dashboardName = "Факторный анализ": null

29-01-2025T04:35:25 - [TEST_STEP][PASSED] - workbook01 = getWorkbook(excelFilePath): null

29-01-2025T04:35:25 - [TEST_STEP][PASSED] - sheet01 = getExcelSheet(workbook01, sheetName): null

29-01-2025T04:35:25 - [TEST_STEP][PASSED] - setValueToCellByIndex(sheet01, n, 0, dashboardName): null

29-01-2025T04:35:25 - [TEST_STEP][PASSED] - setValueToCellByIndex(sheet01, n, 1, DZO): null

29-01-2025T04:35:25 - [TEST_STEP][PASSED] - setValueToCellByIndex(sheet01, n, 2, vidget): null

29-01-2025T04:35:25 - [TEST_STEP][PASSED] - setValueToCellByIndex(sheet01, n, 3, typeOfData): null

29-01-2025T04:35:25 - [TEST_STEP][PASSED] - setValueToCellByIndex(sheet01, n, 4, otobrajeniyeDannyh): null

29-01-2025T04:35:25 - [TEST_STEP][PASSED] - setValueToCellByIndex(sheet01, n, 5, period): null

29-01-2025T04:35:25 - [TEST_STEP][PASSED] - setValueToCellByIndex(sheet01, n, 6, todaysDate): null

29-01-2025T04:35:25 - [TEST_STEP][PASSED] - n = n + 1: null

29-01-2025T04:35:25 - [TEST_STEP][PASSED] - saveWorkbook(excelFilePath, workbook01): null

29-01-2025T04:35:25 - [TEST_STEP][PASSED] - DZO = "Россети Урал (ГК)": null

29-01-2025T04:35:25 - [TEST_STEP][PASSED] - Script1719551244403.CompareDZO(x = UrA, y = UrB, run, typeOfData, otobrajeniyeDannyh, todaysDate, vidget, DZO): null

29-01-2025T04:35:25 - [TEST_STEP][PASSED] - x1 = x: null

29-01-2025T04:35:25 - [TEST_STEP][PASSED] - y1 = y: null

29-01-2025T04:35:25 - [TEST_STEP][PASSED] - i1 = <not implemented yet for class: org.codehaus.groovy.ast.expr.EmptyExpression>: null

29-01-2025T04:35:25 - [TEST_STEP][FAILED] - if (verifyEqual(x, y) == true): Unable to verify equal between actual object '91 179  750    706  273 936 284 1 031  771' and expected object '6 579  750    706  273 936 284 1 031  771' (Root cause: com.kms.katalon.core.exception.StepFailedException: Actual object '91 179  750    706  273 936 284 1 031  771' and expected object '6 579  750    706  273 936 284 1 031  771' are not equal
	at com.kms.katalon.core.keyword.builtin.VerifyEqualKeyword$_verifyEqual_closure1.doCall(VerifyEqualKeyword.groovy:58)
	at com.kms.katalon.core.keyword.builtin.VerifyEqualKeyword$_verifyEqual_closure1.call(VerifyEqualKeyword.groovy)
	at com.kms.katalon.core.keyword.internal.KeywordMain.runKeyword(KeywordMain.groovy:75)
	at com.kms.katalon.core.keyword.builtin.VerifyEqualKeyword.verifyEqual(VerifyEqualKeyword.groovy:63)
	at com.kms.katalon.core.keyword.builtin.VerifyEqualKeyword.execute(VerifyEqualKeyword.groovy:44)
	at com.kms.katalon.core.keyword.internal.KeywordExecutor.executeKeywordForPlatform(KeywordExecutor.groovy:74)
	at com.kms.katalon.core.keyword.BuiltinKeywords.verifyEqual(BuiltinKeywords.groovy:146)
	at jdk.internal.reflect.GeneratedMethodAccessor25.invoke(Unknown Source)
	at java.base/jdk.internal.reflect.DelegatingMethodAccessorImpl.invoke(DelegatingMethodAccessorImpl.java:43)
	at Факторный анализ сверка дашбордов.CompareDZO(Факторный анализ сверка дашбордов:659)
	at Факторный анализ сверка дашбордов.Test(Факторный анализ сверка дашбордов:613)
	at Факторный анализ сверка дашбордов.run(Факторный анализ сверка дашбордов:44)
	at com.kms.katalon.core.main.ScriptEngine.run(ScriptEngine.java:194)
	at com.kms.katalon.core.main.ScriptEngine.runScriptAsRawText(ScriptEngine.java:119)
	at com.kms.katalon.core.main.TestCaseExecutor.runScript(TestCaseExecutor.java:448)
	at com.kms.katalon.core.main.TestCaseExecutor.doExecute(TestCaseExecutor.java:439)
	at com.kms.katalon.core.main.TestCaseExecutor.processExecutionPhase(TestCaseExecutor.java:418)
	at com.kms.katalon.core.main.TestCaseExecutor.accessMainPhase(TestCaseExecutor.java:410)
	at com.kms.katalon.core.main.TestCaseExecutor.execute(TestCaseExecutor.java:285)
	at com.kms.katalon.core.common.CommonExecutor.accessTestCaseMainPhase(CommonExecutor.java:65)
	at com.kms.katalon.core.main.TestSuiteExecutor.accessTestSuiteMainPhase(TestSuiteExecutor.java:150)
	at com.kms.katalon.core.main.TestSuiteExecutor.execute(TestSuiteExecutor.java:106)
	at com.kms.katalon.core.main.TestCaseMain.startTestSuite(TestCaseMain.java:180)
	at TempTestSuite1738107421100.run(TempTestSuite1738107421100.groovy:35)
	at java.base/jdk.internal.reflect.NativeMethodAccessorImpl.invoke0(Native Method)
	at java.base/jdk.internal.reflect.NativeMethodAccessorImpl.invoke(NativeMethodAccessorImpl.java:77)
	at java.base/jdk.internal.reflect.DelegatingMethodAccessorImpl.invoke(DelegatingMethodAccessorImpl.java:43)
)

29-01-2025T04:35:25 - [MESSAGE][FAILED] - Unable to verify equal between actual object '91 179  750    706  273 936 284 1 031  771' and expected object '6 579  750    706  273 936 284 1 031  771' (Root cause: com.kms.katalon.core.exception.StepFailedException: Actual object '91 179  750    706  273 936 284 1 031  771' and expected object '6 579  750    706  273 936 284 1 031  771' are not equal
	at com.kms.katalon.core.keyword.builtin.VerifyEqualKeyword$_verifyEqual_closure1.doCall(VerifyEqualKeyword.groovy:58)
	at com.kms.katalon.core.keyword.builtin.VerifyEqualKeyword$_verifyEqual_closure1.call(VerifyEqualKeyword.groovy)
	at com.kms.katalon.core.keyword.internal.KeywordMain.runKeyword(KeywordMain.groovy:75)
	at com.kms.katalon.core.keyword.builtin.VerifyEqualKeyword.verifyEqual(VerifyEqualKeyword.groovy:63)
	at com.kms.katalon.core.keyword.builtin.VerifyEqualKeyword.execute(VerifyEqualKeyword.groovy:44)
	at com.kms.katalon.core.keyword.internal.KeywordExecutor.executeKeywordForPlatform(KeywordExecutor.groovy:74)
	at com.kms.katalon.core.keyword.BuiltinKeywords.verifyEqual(BuiltinKeywords.groovy:146)
	at jdk.internal.reflect.GeneratedMethodAccessor25.invoke(Unknown Source)
	at java.base/jdk.internal.reflect.DelegatingMethodAccessorImpl.invoke(DelegatingMethodAccessorImpl.java:43)
	at Факторный анализ сверка дашбордов.CompareDZO(Факторный анализ сверка дашбордов:659)
	at Факторный анализ сверка дашбордов.Test(Факторный анализ сверка дашбордов:613)
	at Факторный анализ сверка дашбордов.run(Факторный анализ сверка дашбордов:44)
	at com.kms.katalon.core.main.ScriptEngine.run(ScriptEngine.java:194)
	at com.kms.katalon.core.main.ScriptEngine.runScriptAsRawText(ScriptEngine.java:119)
	at com.kms.katalon.core.main.TestCaseExecutor.runScript(TestCaseExecutor.java:448)
	at com.kms.katalon.core.main.TestCaseExecutor.doExecute(TestCaseExecutor.java:439)
	at com.kms.katalon.core.main.TestCaseExecutor.processExecutionPhase(TestCaseExecutor.java:418)
	at com.kms.katalon.core.main.TestCaseExecutor.accessMainPhase(TestCaseExecutor.java:410)
	at com.kms.katalon.core.main.TestCaseExecutor.execute(TestCaseExecutor.java:285)
	at com.kms.katalon.core.common.CommonExecutor.accessTestCaseMainPhase(CommonExecutor.java:65)
	at com.kms.katalon.core.main.TestSuiteExecutor.accessTestSuiteMainPhase(TestSuiteExecutor.java:150)
	at com.kms.katalon.core.main.TestSuiteExecutor.execute(TestSuiteExecutor.java:106)
	at com.kms.katalon.core.main.TestCaseMain.startTestSuite(TestCaseMain.java:180)
	at TempTestSuite1738107421100.run(TempTestSuite1738107421100.groovy:35)
	at java.base/jdk.internal.reflect.NativeMethodAccessorImpl.invoke0(Native Method)
	at java.base/jdk.internal.reflect.NativeMethodAccessorImpl.invoke(NativeMethodAccessorImpl.java:77)
	at java.base/jdk.internal.reflect.DelegatingMethodAccessorImpl.invoke(DelegatingMethodAccessorImpl.java:43)
)

29-01-2025T04:35:25 - [TEST_STEP][PASSED] - else: null

29-01-2025T04:35:25 - [TEST_STEP][PASSED] - otobrajeniyeDannyh = "Все": null

29-01-2025T04:35:25 - [TEST_STEP][PASSED] - vidget = "Всего отклонения по факторам": null

29-01-2025T04:35:25 - [TEST_STEP][PASSED] - Script1719551244403.WriteToExcel(todaysDate, typeOfData, otobrajeniyeDannyh, x, y, vidget, DZO): null

29-01-2025T04:35:25 - [TEST_STEP][PASSED] - sheetName = "Sheet1": null

29-01-2025T04:35:25 - [TEST_STEP][PASSED] - data = findTestData("PlanFact"): null

29-01-2025T04:35:25 - [TEST_STEP][PASSED] - n = data.getRowNumbers() + 1: null

29-01-2025T04:35:25 - [TEST_STEP][PASSED] - period = getText(findTestObject("Факторный анализ/Фильтр Период")): Text of object 'Object Repository/Факторный анализ/Фильтр Период' is: '2024'

29-01-2025T04:35:26 - [MESSAGE][PASSED] - Text of object 'Object Repository/Факторный анализ/Фильтр Период' is: '2024'

29-01-2025T04:35:26 - [TEST_STEP][PASSED] - println(period): null

29-01-2025T04:35:26 - [TEST_STEP][PASSED] - dashboardName = "Факторный анализ": null

29-01-2025T04:35:26 - [TEST_STEP][PASSED] - workbook01 = getWorkbook(excelFilePath): null

29-01-2025T04:35:26 - [TEST_STEP][PASSED] - sheet01 = getExcelSheet(workbook01, sheetName): null

29-01-2025T04:35:26 - [TEST_STEP][PASSED] - setValueToCellByIndex(sheet01, n, 0, dashboardName): null

29-01-2025T04:35:26 - [TEST_STEP][PASSED] - setValueToCellByIndex(sheet01, n, 1, DZO): null

29-01-2025T04:35:26 - [TEST_STEP][PASSED] - setValueToCellByIndex(sheet01, n, 2, vidget): null

29-01-2025T04:35:26 - [TEST_STEP][PASSED] - setValueToCellByIndex(sheet01, n, 3, typeOfData): null

29-01-2025T04:35:26 - [TEST_STEP][PASSED] - setValueToCellByIndex(sheet01, n, 4, otobrajeniyeDannyh): null

29-01-2025T04:35:26 - [TEST_STEP][PASSED] - setValueToCellByIndex(sheet01, n, 5, period): null

29-01-2025T04:35:26 - [TEST_STEP][PASSED] - setValueToCellByIndex(sheet01, n, 6, todaysDate): null

29-01-2025T04:35:26 - [TEST_STEP][PASSED] - n = n + 1: null

29-01-2025T04:35:26 - [TEST_STEP][PASSED] - saveWorkbook(excelFilePath, workbook01): null

29-01-2025T04:35:26 - [TEST_STEP][PASSED] - DZO = "Россети ФСК ЕЭС": null

29-01-2025T04:35:26 - [TEST_STEP][PASSED] - Script1719551244403.CompareDZO(x = FSKA, y = FSKB, run, typeOfData, otobrajeniyeDannyh, todaysDate, vidget, DZO): null

29-01-2025T04:35:26 - [TEST_STEP][PASSED] - x1 = x: null

29-01-2025T04:35:26 - [TEST_STEP][PASSED] - y1 = y: null

29-01-2025T04:35:26 - [TEST_STEP][PASSED] - i1 = <not implemented yet for class: org.codehaus.groovy.ast.expr.EmptyExpression>: null

29-01-2025T04:35:26 - [TEST_STEP][PASSED] - if (verifyEqual(x, y) == true): null

29-01-2025T04:35:26 - [MESSAGE][PASSED] - Actual object '1 031  771       18 155 4 990' and expected object '1 031  771       18 155 4 990' are equal

29-01-2025T04:35:26 - [TEST_STEP][PASSED] - DZO = "Центр": null

29-01-2025T04:35:26 - [TEST_STEP][PASSED] - Script1719551244403.CompareDZO(x = CenA, y = CenB, run, typeOfData, otobrajeniyeDannyh, todaysDate, vidget, DZO): null

29-01-2025T04:35:26 - [TEST_STEP][PASSED] - x1 = x: null

29-01-2025T04:35:26 - [TEST_STEP][PASSED] - y1 = y: null

29-01-2025T04:35:26 - [TEST_STEP][PASSED] - i1 = <not implemented yet for class: org.codehaus.groovy.ast.expr.EmptyExpression>: null

29-01-2025T04:35:26 - [TEST_STEP][FAILED] - if (verifyEqual(x, y) == true): Unable to verify equal between actual object '18 155 4 990   354 160 6 478 5 17 552 124 145 18 2 577 156 851  427 5 201 80 9 501 46 7 512 18 390 210 6 228 120' and expected object '18 155 4 990   354 160 68 1 713 94 145 18 59 68 851  427 142 73 23 46 307 18 390 210 702 16' (Root cause: com.kms.katalon.core.exception.StepFailedException: Actual object '18 155 4 990   354 160 6 478 5 17 552 124 145 18 2 577 156 851  427 5 201 80 9 501 46 7 512 18 390 210 6 228 120' and expected object '18 155 4 990   354 160 68 1 713 94 145 18 59 68 851  427 142 73 23 46 307 18 390 210 702 16' are not equal
	at com.kms.katalon.core.keyword.builtin.VerifyEqualKeyword$_verifyEqual_closure1.doCall(VerifyEqualKeyword.groovy:58)
	at com.kms.katalon.core.keyword.builtin.VerifyEqualKeyword$_verifyEqual_closure1.call(VerifyEqualKeyword.groovy)
	at com.kms.katalon.core.keyword.internal.KeywordMain.runKeyword(KeywordMain.groovy:75)
	at com.kms.katalon.core.keyword.builtin.VerifyEqualKeyword.verifyEqual(VerifyEqualKeyword.groovy:63)
	at com.kms.katalon.core.keyword.builtin.VerifyEqualKeyword.execute(VerifyEqualKeyword.groovy:44)
	at com.kms.katalon.core.keyword.internal.KeywordExecutor.executeKeywordForPlatform(KeywordExecutor.groovy:74)
	at com.kms.katalon.core.keyword.BuiltinKeywords.verifyEqual(BuiltinKeywords.groovy:146)
	at jdk.internal.reflect.GeneratedMethodAccessor25.invoke(Unknown Source)
	at java.base/jdk.internal.reflect.DelegatingMethodAccessorImpl.invoke(DelegatingMethodAccessorImpl.java:43)
	at Факторный анализ сверка дашбордов.CompareDZO(Факторный анализ сверка дашбордов:659)
	at Факторный анализ сверка дашбордов.Test(Факторный анализ сверка дашбордов:621)
	at Факторный анализ сверка дашбордов.run(Факторный анализ сверка дашбордов:44)
	at com.kms.katalon.core.main.ScriptEngine.run(ScriptEngine.java:194)
	at com.kms.katalon.core.main.ScriptEngine.runScriptAsRawText(ScriptEngine.java:119)
	at com.kms.katalon.core.main.TestCaseExecutor.runScript(TestCaseExecutor.java:448)
	at com.kms.katalon.core.main.TestCaseExecutor.doExecute(TestCaseExecutor.java:439)
	at com.kms.katalon.core.main.TestCaseExecutor.processExecutionPhase(TestCaseExecutor.java:418)
	at com.kms.katalon.core.main.TestCaseExecutor.accessMainPhase(TestCaseExecutor.java:410)
	at com.kms.katalon.core.main.TestCaseExecutor.execute(TestCaseExecutor.java:285)
	at com.kms.katalon.core.common.CommonExecutor.accessTestCaseMainPhase(CommonExecutor.java:65)
	at com.kms.katalon.core.main.TestSuiteExecutor.accessTestSuiteMainPhase(TestSuiteExecutor.java:150)
	at com.kms.katalon.core.main.TestSuiteExecutor.execute(TestSuiteExecutor.java:106)
	at com.kms.katalon.core.main.TestCaseMain.startTestSuite(TestCaseMain.java:180)
	at TempTestSuite1738107421100.run(TempTestSuite1738107421100.groovy:35)
	at java.base/jdk.internal.reflect.NativeMethodAccessorImpl.invoke0(Native Method)
	at java.base/jdk.internal.reflect.NativeMethodAccessorImpl.invoke(NativeMethodAccessorImpl.java:77)
	at java.base/jdk.internal.reflect.DelegatingMethodAccessorImpl.invoke(DelegatingMethodAccessorImpl.java:43)
)

29-01-2025T04:35:26 - [MESSAGE][FAILED] - Unable to verify equal between actual object '18 155 4 990   354 160 6 478 5 17 552 124 145 18 2 577 156 851  427 5 201 80 9 501 46 7 512 18 390 210 6 228 120' and expected object '18 155 4 990   354 160 68 1 713 94 145 18 59 68 851  427 142 73 23 46 307 18 390 210 702 16' (Root cause: com.kms.katalon.core.exception.StepFailedException: Actual object '18 155 4 990   354 160 6 478 5 17 552 124 145 18 2 577 156 851  427 5 201 80 9 501 46 7 512 18 390 210 6 228 120' and expected object '18 155 4 990   354 160 68 1 713 94 145 18 59 68 851  427 142 73 23 46 307 18 390 210 702 16' are not equal
	at com.kms.katalon.core.keyword.builtin.VerifyEqualKeyword$_verifyEqual_closure1.doCall(VerifyEqualKeyword.groovy:58)
	at com.kms.katalon.core.keyword.builtin.VerifyEqualKeyword$_verifyEqual_closure1.call(VerifyEqualKeyword.groovy)
	at com.kms.katalon.core.keyword.internal.KeywordMain.runKeyword(KeywordMain.groovy:75)
	at com.kms.katalon.core.keyword.builtin.VerifyEqualKeyword.verifyEqual(VerifyEqualKeyword.groovy:63)
	at com.kms.katalon.core.keyword.builtin.VerifyEqualKeyword.execute(VerifyEqualKeyword.groovy:44)
	at com.kms.katalon.core.keyword.internal.KeywordExecutor.executeKeywordForPlatform(KeywordExecutor.groovy:74)
	at com.kms.katalon.core.keyword.BuiltinKeywords.verifyEqual(BuiltinKeywords.groovy:146)
	at jdk.internal.reflect.GeneratedMethodAccessor25.invoke(Unknown Source)
	at java.base/jdk.internal.reflect.DelegatingMethodAccessorImpl.invoke(DelegatingMethodAccessorImpl.java:43)
	at Факторный анализ сверка дашбордов.CompareDZO(Факторный анализ сверка дашбордов:659)
	at Факторный анализ сверка дашбордов.Test(Факторный анализ сверка дашбордов:621)
	at Факторный анализ сверка дашбордов.run(Факторный анализ сверка дашбордов:44)
	at com.kms.katalon.core.main.ScriptEngine.run(ScriptEngine.java:194)
	at com.kms.katalon.core.main.ScriptEngine.runScriptAsRawText(ScriptEngine.java:119)
	at com.kms.katalon.core.main.TestCaseExecutor.runScript(TestCaseExecutor.java:448)
	at com.kms.katalon.core.main.TestCaseExecutor.doExecute(TestCaseExecutor.java:439)
	at com.kms.katalon.core.main.TestCaseExecutor.processExecutionPhase(TestCaseExecutor.java:418)
	at com.kms.katalon.core.main.TestCaseExecutor.accessMainPhase(TestCaseExecutor.java:410)
	at com.kms.katalon.core.main.TestCaseExecutor.execute(TestCaseExecutor.java:285)
	at com.kms.katalon.core.common.CommonExecutor.accessTestCaseMainPhase(CommonExecutor.java:65)
	at com.kms.katalon.core.main.TestSuiteExecutor.accessTestSuiteMainPhase(TestSuiteExecutor.java:150)
	at com.kms.katalon.core.main.TestSuiteExecutor.execute(TestSuiteExecutor.java:106)
	at com.kms.katalon.core.main.TestCaseMain.startTestSuite(TestCaseMain.java:180)
	at TempTestSuite1738107421100.run(TempTestSuite1738107421100.groovy:35)
	at java.base/jdk.internal.reflect.NativeMethodAccessorImpl.invoke0(Native Method)
	at java.base/jdk.internal.reflect.NativeMethodAccessorImpl.invoke(NativeMethodAccessorImpl.java:77)
	at java.base/jdk.internal.reflect.DelegatingMethodAccessorImpl.invoke(DelegatingMethodAccessorImpl.java:43)
)

29-01-2025T04:35:26 - [TEST_STEP][PASSED] - else: null

29-01-2025T04:35:26 - [TEST_STEP][PASSED] - otobrajeniyeDannyh = "Все": null

29-01-2025T04:35:26 - [TEST_STEP][PASSED] - vidget = "Всего отклонения по факторам": null

29-01-2025T04:35:26 - [TEST_STEP][PASSED] - Script1719551244403.WriteToExcel(todaysDate, typeOfData, otobrajeniyeDannyh, x, y, vidget, DZO): null

29-01-2025T04:35:26 - [TEST_STEP][PASSED] - sheetName = "Sheet1": null

29-01-2025T04:35:26 - [TEST_STEP][PASSED] - data = findTestData("PlanFact"): null

29-01-2025T04:35:26 - [TEST_STEP][PASSED] - n = data.getRowNumbers() + 1: null

29-01-2025T04:35:26 - [TEST_STEP][PASSED] - period = getText(findTestObject("Факторный анализ/Фильтр Период")): Text of object 'Object Repository/Факторный анализ/Фильтр Период' is: '2024'

29-01-2025T04:35:26 - [MESSAGE][PASSED] - Text of object 'Object Repository/Факторный анализ/Фильтр Период' is: '2024'

29-01-2025T04:35:26 - [TEST_STEP][PASSED] - println(period): null

29-01-2025T04:35:26 - [TEST_STEP][PASSED] - dashboardName = "Факторный анализ": null

29-01-2025T04:35:26 - [TEST_STEP][PASSED] - workbook01 = getWorkbook(excelFilePath): null

29-01-2025T04:35:26 - [TEST_STEP][PASSED] - sheet01 = getExcelSheet(workbook01, sheetName): null

29-01-2025T04:35:26 - [TEST_STEP][PASSED] - setValueToCellByIndex(sheet01, n, 0, dashboardName): null

29-01-2025T04:35:26 - [TEST_STEP][PASSED] - setValueToCellByIndex(sheet01, n, 1, DZO): null

29-01-2025T04:35:26 - [TEST_STEP][PASSED] - setValueToCellByIndex(sheet01, n, 2, vidget): null

29-01-2025T04:35:26 - [TEST_STEP][PASSED] - setValueToCellByIndex(sheet01, n, 3, typeOfData): null

29-01-2025T04:35:26 - [TEST_STEP][PASSED] - setValueToCellByIndex(sheet01, n, 4, otobrajeniyeDannyh): null

29-01-2025T04:35:26 - [TEST_STEP][PASSED] - setValueToCellByIndex(sheet01, n, 5, period): null

29-01-2025T04:35:26 - [TEST_STEP][PASSED] - setValueToCellByIndex(sheet01, n, 6, todaysDate): null

29-01-2025T04:35:26 - [TEST_STEP][PASSED] - n = n + 1: null

29-01-2025T04:35:26 - [TEST_STEP][PASSED] - saveWorkbook(excelFilePath, workbook01): null

29-01-2025T04:35:27 - [TEST_STEP][PASSED] - DZO = "Центр и Приволжье (ГК)": null

29-01-2025T04:35:27 - [TEST_STEP][PASSED] - Script1719551244403.CompareDZO(x = CiPA, y = CiPB, run, typeOfData, otobrajeniyeDannyh, todaysDate, vidget, DZO): null

29-01-2025T04:35:27 - [TEST_STEP][PASSED] - x1 = x: null

29-01-2025T04:35:27 - [TEST_STEP][PASSED] - y1 = y: null

29-01-2025T04:35:27 - [TEST_STEP][PASSED] - i1 = <not implemented yet for class: org.codehaus.groovy.ast.expr.EmptyExpression>: null

29-01-2025T04:35:27 - [TEST_STEP][FAILED] - if (verifyEqual(x, y) == true): Unable to verify equal between actual object '6 228 120      572 68 264 53 789 62 531 36 192 30 961 394 214 74 916  295 395 30' and expected object '702 16      572 68 264 53 789 62 531 36 192 30 961 394 214 74 916  295 395 30' (Root cause: com.kms.katalon.core.exception.StepFailedException: Actual object '6 228 120      572 68 264 53 789 62 531 36 192 30 961 394 214 74 916  295 395 30' and expected object '702 16      572 68 264 53 789 62 531 36 192 30 961 394 214 74 916  295 395 30' are not equal
	at com.kms.katalon.core.keyword.builtin.VerifyEqualKeyword$_verifyEqual_closure1.doCall(VerifyEqualKeyword.groovy:58)
	at com.kms.katalon.core.keyword.builtin.VerifyEqualKeyword$_verifyEqual_closure1.call(VerifyEqualKeyword.groovy)
	at com.kms.katalon.core.keyword.internal.KeywordMain.runKeyword(KeywordMain.groovy:75)
	at com.kms.katalon.core.keyword.builtin.VerifyEqualKeyword.verifyEqual(VerifyEqualKeyword.groovy:63)
	at com.kms.katalon.core.keyword.builtin.VerifyEqualKeyword.execute(VerifyEqualKeyword.groovy:44)
	at com.kms.katalon.core.keyword.internal.KeywordExecutor.executeKeywordForPlatform(KeywordExecutor.groovy:74)
	at com.kms.katalon.core.keyword.BuiltinKeywords.verifyEqual(BuiltinKeywords.groovy:146)
	at jdk.internal.reflect.GeneratedMethodAccessor25.invoke(Unknown Source)
	at java.base/jdk.internal.reflect.DelegatingMethodAccessorImpl.invoke(DelegatingMethodAccessorImpl.java:43)
	at Факторный анализ сверка дашбордов.CompareDZO(Факторный анализ сверка дашбордов:659)
	at Факторный анализ сверка дашбордов.Test(Факторный анализ сверка дашбордов:625)
	at Факторный анализ сверка дашбордов.run(Факторный анализ сверка дашбордов:44)
	at com.kms.katalon.core.main.ScriptEngine.run(ScriptEngine.java:194)
	at com.kms.katalon.core.main.ScriptEngine.runScriptAsRawText(ScriptEngine.java:119)
	at com.kms.katalon.core.main.TestCaseExecutor.runScript(TestCaseExecutor.java:448)
	at com.kms.katalon.core.main.TestCaseExecutor.doExecute(TestCaseExecutor.java:439)
	at com.kms.katalon.core.main.TestCaseExecutor.processExecutionPhase(TestCaseExecutor.java:418)
	at com.kms.katalon.core.main.TestCaseExecutor.accessMainPhase(TestCaseExecutor.java:410)
	at com.kms.katalon.core.main.TestCaseExecutor.execute(TestCaseExecutor.java:285)
	at com.kms.katalon.core.common.CommonExecutor.accessTestCaseMainPhase(CommonExecutor.java:65)
	at com.kms.katalon.core.main.TestSuiteExecutor.accessTestSuiteMainPhase(TestSuiteExecutor.java:150)
	at com.kms.katalon.core.main.TestSuiteExecutor.execute(TestSuiteExecutor.java:106)
	at com.kms.katalon.core.main.TestCaseMain.startTestSuite(TestCaseMain.java:180)
	at TempTestSuite1738107421100.run(TempTestSuite1738107421100.groovy:35)
	at java.base/jdk.internal.reflect.NativeMethodAccessorImpl.invoke0(Native Method)
	at java.base/jdk.internal.reflect.NativeMethodAccessorImpl.invoke(NativeMethodAccessorImpl.java:77)
	at java.base/jdk.internal.reflect.DelegatingMethodAccessorImpl.invoke(DelegatingMethodAccessorImpl.java:43)
)

29-01-2025T04:35:27 - [MESSAGE][FAILED] - Unable to verify equal between actual object '6 228 120      572 68 264 53 789 62 531 36 192 30 961 394 214 74 916  295 395 30' and expected object '702 16      572 68 264 53 789 62 531 36 192 30 961 394 214 74 916  295 395 30' (Root cause: com.kms.katalon.core.exception.StepFailedException: Actual object '6 228 120      572 68 264 53 789 62 531 36 192 30 961 394 214 74 916  295 395 30' and expected object '702 16      572 68 264 53 789 62 531 36 192 30 961 394 214 74 916  295 395 30' are not equal
	at com.kms.katalon.core.keyword.builtin.VerifyEqualKeyword$_verifyEqual_closure1.doCall(VerifyEqualKeyword.groovy:58)
	at com.kms.katalon.core.keyword.builtin.VerifyEqualKeyword$_verifyEqual_closure1.call(VerifyEqualKeyword.groovy)
	at com.kms.katalon.core.keyword.internal.KeywordMain.runKeyword(KeywordMain.groovy:75)
	at com.kms.katalon.core.keyword.builtin.VerifyEqualKeyword.verifyEqual(VerifyEqualKeyword.groovy:63)
	at com.kms.katalon.core.keyword.builtin.VerifyEqualKeyword.execute(VerifyEqualKeyword.groovy:44)
	at com.kms.katalon.core.keyword.internal.KeywordExecutor.executeKeywordForPlatform(KeywordExecutor.groovy:74)
	at com.kms.katalon.core.keyword.BuiltinKeywords.verifyEqual(BuiltinKeywords.groovy:146)
	at jdk.internal.reflect.GeneratedMethodAccessor25.invoke(Unknown Source)
	at java.base/jdk.internal.reflect.DelegatingMethodAccessorImpl.invoke(DelegatingMethodAccessorImpl.java:43)
	at Факторный анализ сверка дашбордов.CompareDZO(Факторный анализ сверка дашбордов:659)
	at Факторный анализ сверка дашбордов.Test(Факторный анализ сверка дашбордов:625)
	at Факторный анализ сверка дашбордов.run(Факторный анализ сверка дашбордов:44)
	at com.kms.katalon.core.main.ScriptEngine.run(ScriptEngine.java:194)
	at com.kms.katalon.core.main.ScriptEngine.runScriptAsRawText(ScriptEngine.java:119)
	at com.kms.katalon.core.main.TestCaseExecutor.runScript(TestCaseExecutor.java:448)
	at com.kms.katalon.core.main.TestCaseExecutor.doExecute(TestCaseExecutor.java:439)
	at com.kms.katalon.core.main.TestCaseExecutor.processExecutionPhase(TestCaseExecutor.java:418)
	at com.kms.katalon.core.main.TestCaseExecutor.accessMainPhase(TestCaseExecutor.java:410)
	at com.kms.katalon.core.main.TestCaseExecutor.execute(TestCaseExecutor.java:285)
	at com.kms.katalon.core.common.CommonExecutor.accessTestCaseMainPhase(CommonExecutor.java:65)
	at com.kms.katalon.core.main.TestSuiteExecutor.accessTestSuiteMainPhase(TestSuiteExecutor.java:150)
	at com.kms.katalon.core.main.TestSuiteExecutor.execute(TestSuiteExecutor.java:106)
	at com.kms.katalon.core.main.TestCaseMain.startTestSuite(TestCaseMain.java:180)
	at TempTestSuite1738107421100.run(TempTestSuite1738107421100.groovy:35)
	at java.base/jdk.internal.reflect.NativeMethodAccessorImpl.invoke0(Native Method)
	at java.base/jdk.internal.reflect.NativeMethodAccessorImpl.invoke(NativeMethodAccessorImpl.java:77)
	at java.base/jdk.internal.reflect.DelegatingMethodAccessorImpl.invoke(DelegatingMethodAccessorImpl.java:43)
)

29-01-2025T04:35:27 - [TEST_STEP][PASSED] - else: null

29-01-2025T04:35:27 - [TEST_STEP][PASSED] - otobrajeniyeDannyh = "Все": null

29-01-2025T04:35:27 - [TEST_STEP][PASSED] - vidget = "Всего отклонения по факторам": null

29-01-2025T04:35:27 - [TEST_STEP][PASSED] - Script1719551244403.WriteToExcel(todaysDate, typeOfData, otobrajeniyeDannyh, x, y, vidget, DZO): null

29-01-2025T04:35:27 - [TEST_STEP][PASSED] - sheetName = "Sheet1": null

29-01-2025T04:35:27 - [TEST_STEP][PASSED] - data = findTestData("PlanFact"): null

29-01-2025T04:35:27 - [TEST_STEP][PASSED] - n = data.getRowNumbers() + 1: null

29-01-2025T04:35:27 - [TEST_STEP][PASSED] - period = getText(findTestObject("Факторный анализ/Фильтр Период")): Text of object 'Object Repository/Факторный анализ/Фильтр Период' is: '2024'

29-01-2025T04:35:27 - [MESSAGE][PASSED] - Text of object 'Object Repository/Факторный анализ/Фильтр Период' is: '2024'

29-01-2025T04:35:27 - [TEST_STEP][PASSED] - println(period): null

29-01-2025T04:35:27 - [TEST_STEP][PASSED] - dashboardName = "Факторный анализ": null

29-01-2025T04:35:27 - [TEST_STEP][PASSED] - workbook01 = getWorkbook(excelFilePath): null

29-01-2025T04:35:27 - [TEST_STEP][PASSED] - sheet01 = getExcelSheet(workbook01, sheetName): null

29-01-2025T04:35:27 - [TEST_STEP][PASSED] - setValueToCellByIndex(sheet01, n, 0, dashboardName): null

29-01-2025T04:35:27 - [TEST_STEP][PASSED] - setValueToCellByIndex(sheet01, n, 1, DZO): null

29-01-2025T04:35:27 - [TEST_STEP][PASSED] - setValueToCellByIndex(sheet01, n, 2, vidget): null

29-01-2025T04:35:27 - [TEST_STEP][PASSED] - setValueToCellByIndex(sheet01, n, 3, typeOfData): null

29-01-2025T04:35:27 - [TEST_STEP][PASSED] - setValueToCellByIndex(sheet01, n, 4, otobrajeniyeDannyh): null

29-01-2025T04:35:27 - [TEST_STEP][PASSED] - setValueToCellByIndex(sheet01, n, 5, period): null

29-01-2025T04:35:27 - [TEST_STEP][PASSED] - setValueToCellByIndex(sheet01, n, 6, todaysDate): null

29-01-2025T04:35:27 - [TEST_STEP][PASSED] - n = n + 1: null

29-01-2025T04:35:27 - [TEST_STEP][PASSED] - saveWorkbook(excelFilePath, workbook01): null

29-01-2025T04:35:27 - [TEST_STEP][PASSED] - DZO = "Россети Юг (ГК)": null

29-01-2025T04:35:27 - [TEST_STEP][PASSED] - Script1719551244403.CompareDZO(x = UgA, y = UgB, run, typeOfData, otobrajeniyeDannyh, todaysDate, vidget, DZO): null

29-01-2025T04:35:27 - [TEST_STEP][PASSED] - x1 = x: null

29-01-2025T04:35:27 - [TEST_STEP][PASSED] - y1 = y: null

29-01-2025T04:35:27 - [TEST_STEP][PASSED] - i1 = <not implemented yet for class: org.codehaus.groovy.ast.expr.EmptyExpression>: null

29-01-2025T04:35:27 - [TEST_STEP][FAILED] - if (verifyEqual(x, y) == true): Unable to verify equal between actual object '395 30     4 761 66 7 085 54 12 210  502 2 065 0 24 896 70' and expected object '395 30     117 66 46 54 481  502 9 0 865 70' (Root cause: com.kms.katalon.core.exception.StepFailedException: Actual object '395 30     4 761 66 7 085 54 12 210  502 2 065 0 24 896 70' and expected object '395 30     117 66 46 54 481  502 9 0 865 70' are not equal
	at com.kms.katalon.core.keyword.builtin.VerifyEqualKeyword$_verifyEqual_closure1.doCall(VerifyEqualKeyword.groovy:58)
	at com.kms.katalon.core.keyword.builtin.VerifyEqualKeyword$_verifyEqual_closure1.call(VerifyEqualKeyword.groovy)
	at com.kms.katalon.core.keyword.internal.KeywordMain.runKeyword(KeywordMain.groovy:75)
	at com.kms.katalon.core.keyword.builtin.VerifyEqualKeyword.verifyEqual(VerifyEqualKeyword.groovy:63)
	at com.kms.katalon.core.keyword.builtin.VerifyEqualKeyword.execute(VerifyEqualKeyword.groovy:44)
	at com.kms.katalon.core.keyword.internal.KeywordExecutor.executeKeywordForPlatform(KeywordExecutor.groovy:74)
	at com.kms.katalon.core.keyword.BuiltinKeywords.verifyEqual(BuiltinKeywords.groovy:146)
	at jdk.internal.reflect.GeneratedMethodAccessor25.invoke(Unknown Source)
	at java.base/jdk.internal.reflect.DelegatingMethodAccessorImpl.invoke(DelegatingMethodAccessorImpl.java:43)
	at Факторный анализ сверка дашбордов.CompareDZO(Факторный анализ сверка дашбордов:659)
	at Факторный анализ сверка дашбордов.Test(Факторный анализ сверка дашбордов:629)
	at Факторный анализ сверка дашбордов.run(Факторный анализ сверка дашбордов:44)
	at com.kms.katalon.core.main.ScriptEngine.run(ScriptEngine.java:194)
	at com.kms.katalon.core.main.ScriptEngine.runScriptAsRawText(ScriptEngine.java:119)
	at com.kms.katalon.core.main.TestCaseExecutor.runScript(TestCaseExecutor.java:448)
	at com.kms.katalon.core.main.TestCaseExecutor.doExecute(TestCaseExecutor.java:439)
	at com.kms.katalon.core.main.TestCaseExecutor.processExecutionPhase(TestCaseExecutor.java:418)
	at com.kms.katalon.core.main.TestCaseExecutor.accessMainPhase(TestCaseExecutor.java:410)
	at com.kms.katalon.core.main.TestCaseExecutor.execute(TestCaseExecutor.java:285)
	at com.kms.katalon.core.common.CommonExecutor.accessTestCaseMainPhase(CommonExecutor.java:65)
	at com.kms.katalon.core.main.TestSuiteExecutor.accessTestSuiteMainPhase(TestSuiteExecutor.java:150)
	at com.kms.katalon.core.main.TestSuiteExecutor.execute(TestSuiteExecutor.java:106)
	at com.kms.katalon.core.main.TestCaseMain.startTestSuite(TestCaseMain.java:180)
	at TempTestSuite1738107421100.run(TempTestSuite1738107421100.groovy:35)
	at java.base/jdk.internal.reflect.NativeMethodAccessorImpl.invoke0(Native Method)
	at java.base/jdk.internal.reflect.NativeMethodAccessorImpl.invoke(NativeMethodAccessorImpl.java:77)
	at java.base/jdk.internal.reflect.DelegatingMethodAccessorImpl.invoke(DelegatingMethodAccessorImpl.java:43)
)

29-01-2025T04:35:27 - [MESSAGE][FAILED] - Unable to verify equal between actual object '395 30     4 761 66 7 085 54 12 210  502 2 065 0 24 896 70' and expected object '395 30     117 66 46 54 481  502 9 0 865 70' (Root cause: com.kms.katalon.core.exception.StepFailedException: Actual object '395 30     4 761 66 7 085 54 12 210  502 2 065 0 24 896 70' and expected object '395 30     117 66 46 54 481  502 9 0 865 70' are not equal
	at com.kms.katalon.core.keyword.builtin.VerifyEqualKeyword$_verifyEqual_closure1.doCall(VerifyEqualKeyword.groovy:58)
	at com.kms.katalon.core.keyword.builtin.VerifyEqualKeyword$_verifyEqual_closure1.call(VerifyEqualKeyword.groovy)
	at com.kms.katalon.core.keyword.internal.KeywordMain.runKeyword(KeywordMain.groovy:75)
	at com.kms.katalon.core.keyword.builtin.VerifyEqualKeyword.verifyEqual(VerifyEqualKeyword.groovy:63)
	at com.kms.katalon.core.keyword.builtin.VerifyEqualKeyword.execute(VerifyEqualKeyword.groovy:44)
	at com.kms.katalon.core.keyword.internal.KeywordExecutor.executeKeywordForPlatform(KeywordExecutor.groovy:74)
	at com.kms.katalon.core.keyword.BuiltinKeywords.verifyEqual(BuiltinKeywords.groovy:146)
	at jdk.internal.reflect.GeneratedMethodAccessor25.invoke(Unknown Source)
	at java.base/jdk.internal.reflect.DelegatingMethodAccessorImpl.invoke(DelegatingMethodAccessorImpl.java:43)
	at Факторный анализ сверка дашбордов.CompareDZO(Факторный анализ сверка дашбордов:659)
	at Факторный анализ сверка дашбордов.Test(Факторный анализ сверка дашбордов:629)
	at Факторный анализ сверка дашбордов.run(Факторный анализ сверка дашбордов:44)
	at com.kms.katalon.core.main.ScriptEngine.run(ScriptEngine.java:194)
	at com.kms.katalon.core.main.ScriptEngine.runScriptAsRawText(ScriptEngine.java:119)
	at com.kms.katalon.core.main.TestCaseExecutor.runScript(TestCaseExecutor.java:448)
	at com.kms.katalon.core.main.TestCaseExecutor.doExecute(TestCaseExecutor.java:439)
	at com.kms.katalon.core.main.TestCaseExecutor.processExecutionPhase(TestCaseExecutor.java:418)
	at com.kms.katalon.core.main.TestCaseExecutor.accessMainPhase(TestCaseExecutor.java:410)
	at com.kms.katalon.core.main.TestCaseExecutor.execute(TestCaseExecutor.java:285)
	at com.kms.katalon.core.common.CommonExecutor.accessTestCaseMainPhase(CommonExecutor.java:65)
	at com.kms.katalon.core.main.TestSuiteExecutor.accessTestSuiteMainPhase(TestSuiteExecutor.java:150)
	at com.kms.katalon.core.main.TestSuiteExecutor.execute(TestSuiteExecutor.java:106)
	at com.kms.katalon.core.main.TestCaseMain.startTestSuite(TestCaseMain.java:180)
	at TempTestSuite1738107421100.run(TempTestSuite1738107421100.groovy:35)
	at java.base/jdk.internal.reflect.NativeMethodAccessorImpl.invoke0(Native Method)
	at java.base/jdk.internal.reflect.NativeMethodAccessorImpl.invoke(NativeMethodAccessorImpl.java:77)
	at java.base/jdk.internal.reflect.DelegatingMethodAccessorImpl.invoke(DelegatingMethodAccessorImpl.java:43)
)

29-01-2025T04:35:27 - [TEST_STEP][PASSED] - else: null

29-01-2025T04:35:27 - [TEST_STEP][PASSED] - otobrajeniyeDannyh = "Все": null

29-01-2025T04:35:27 - [TEST_STEP][PASSED] - vidget = "Всего отклонения по факторам": null

29-01-2025T04:35:27 - [TEST_STEP][PASSED] - Script1719551244403.WriteToExcel(todaysDate, typeOfData, otobrajeniyeDannyh, x, y, vidget, DZO): null

29-01-2025T04:35:27 - [TEST_STEP][PASSED] - sheetName = "Sheet1": null

29-01-2025T04:35:27 - [TEST_STEP][PASSED] - data = findTestData("PlanFact"): null

29-01-2025T04:35:27 - [TEST_STEP][PASSED] - n = data.getRowNumbers() + 1: null

29-01-2025T04:35:27 - [TEST_STEP][PASSED] - period = getText(findTestObject("Факторный анализ/Фильтр Период")): Text of object 'Object Repository/Факторный анализ/Фильтр Период' is: '2024'

29-01-2025T04:35:28 - [MESSAGE][PASSED] - Text of object 'Object Repository/Факторный анализ/Фильтр Период' is: '2024'

29-01-2025T04:35:28 - [TEST_STEP][PASSED] - println(period): null

29-01-2025T04:35:28 - [TEST_STEP][PASSED] - dashboardName = "Факторный анализ": null

29-01-2025T04:35:28 - [TEST_STEP][PASSED] - workbook01 = getWorkbook(excelFilePath): null

29-01-2025T04:35:28 - [TEST_STEP][PASSED] - sheet01 = getExcelSheet(workbook01, sheetName): null

29-01-2025T04:35:28 - [TEST_STEP][PASSED] - setValueToCellByIndex(sheet01, n, 0, dashboardName): null

29-01-2025T04:35:28 - [TEST_STEP][PASSED] - setValueToCellByIndex(sheet01, n, 1, DZO): null

29-01-2025T04:35:28 - [TEST_STEP][PASSED] - setValueToCellByIndex(sheet01, n, 2, vidget): null

29-01-2025T04:35:28 - [TEST_STEP][PASSED] - setValueToCellByIndex(sheet01, n, 3, typeOfData): null

29-01-2025T04:35:28 - [TEST_STEP][PASSED] - setValueToCellByIndex(sheet01, n, 4, otobrajeniyeDannyh): null

29-01-2025T04:35:28 - [TEST_STEP][PASSED] - setValueToCellByIndex(sheet01, n, 5, period): null

29-01-2025T04:35:28 - [TEST_STEP][PASSED] - setValueToCellByIndex(sheet01, n, 6, todaysDate): null

29-01-2025T04:35:28 - [TEST_STEP][PASSED] - n = n + 1: null

29-01-2025T04:35:28 - [TEST_STEP][PASSED] - saveWorkbook(excelFilePath, workbook01): null

29-01-2025T04:35:28 - [TEST_STEP][PASSED] - DZO = "Россети Янтарь": null

29-01-2025T04:35:28 - [TEST_STEP][PASSED] - Script1719551244403.CompareDZO(x = YaA, y = YaB, run, typeOfData, otobrajeniyeDannyh, todaysDate, vidget, DZO): null

29-01-2025T04:35:28 - [TEST_STEP][PASSED] - x1 = x: null

29-01-2025T04:35:28 - [TEST_STEP][PASSED] - y1 = y: null

29-01-2025T04:35:28 - [TEST_STEP][PASSED] - i1 = <not implemented yet for class: org.codehaus.groovy.ast.expr.EmptyExpression>: null

29-01-2025T04:35:28 - [TEST_STEP][PASSED] - if (verifyEqual(x, y) == true): Actual object '425 35' and expected object '425 35' are equal

29-01-2025T04:35:28 - [MESSAGE][PASSED] - Actual object '425 35' and expected object '425 35' are equal

29-01-2025T04:35:28 - [TEST_STEP][PASSED] - closeBrowser(): Browser is closed

29-01-2025T04:35:28 - [MESSAGE][PASSED] - Browser is closed]]></system-out>
         <system-err><![CDATA[29-01-2025T04:32:47 - [TEST_CASE][FAILED] - Test Cases/Сверки дашбордов/Факторный анализ сверка дашбордов: Test Cases/Сверки дашбордов/Факторный анализ сверка дашбордов FAILED.
Reason:
com.kms.katalon.core.exception.StepFailedException: Unable to verify equal between actual object '-1340497' and expected object '-1254877' (Root cause: com.kms.katalon.core.exception.StepFailedException: Actual object '-1340497' and expected object '-1254877' are not equal
	at com.kms.katalon.core.keyword.builtin.VerifyEqualKeyword$_verifyEqual_closure1.doCall(VerifyEqualKeyword.groovy:58)
	at com.kms.katalon.core.keyword.builtin.VerifyEqualKeyword$_verifyEqual_closure1.call(VerifyEqualKeyword.groovy)
	at com.kms.katalon.core.keyword.internal.KeywordMain.runKeyword(KeywordMain.groovy:75)
	at com.kms.katalon.core.keyword.builtin.VerifyEqualKeyword.verifyEqual(VerifyEqualKeyword.groovy:63)
	at com.kms.katalon.core.keyword.builtin.VerifyEqualKeyword.execute(VerifyEqualKeyword.groovy:44)
	at com.kms.katalon.core.keyword.internal.KeywordExecutor.executeKeywordForPlatform(KeywordExecutor.groovy:74)
	at com.kms.katalon.core.keyword.BuiltinKeywords.verifyEqual(BuiltinKeywords.groovy:146)
	at jdk.internal.reflect.GeneratedMethodAccessor25.invoke(Unknown Source)
	at java.base/jdk.internal.reflect.DelegatingMethodAccessorImpl.invoke(DelegatingMethodAccessorImpl.java:43)
	at Факторный анализ сверка дашбордов.Compare(Факторный анализ сверка дашбордов:638)
	at Факторный анализ сверка дашбордов.Test(Факторный анализ сверка дашбордов:402)
	at Факторный анализ сверка дашбордов.run(Факторный анализ сверка дашбордов:44)
	at com.kms.katalon.core.main.ScriptEngine.run(ScriptEngine.java:194)
	at com.kms.katalon.core.main.ScriptEngine.runScriptAsRawText(ScriptEngine.java:119)
	at com.kms.katalon.core.main.TestCaseExecutor.runScript(TestCaseExecutor.java:448)
	at com.kms.katalon.core.main.TestCaseExecutor.doExecute(TestCaseExecutor.java:439)
	at com.kms.katalon.core.main.TestCaseExecutor.processExecutionPhase(TestCaseExecutor.java:418)
	at com.kms.katalon.core.main.TestCaseExecutor.accessMainPhase(TestCaseExecutor.java:410)
	at com.kms.katalon.core.main.TestCaseExecutor.execute(TestCaseExecutor.java:285)
	at com.kms.katalon.core.common.CommonExecutor.accessTestCaseMainPhase(CommonExecutor.java:65)
	at com.kms.katalon.core.main.TestSuiteExecutor.accessTestSuiteMainPhase(TestSuiteExecutor.java:150)
	at com.kms.katalon.core.main.TestSuiteExecutor.execute(TestSuiteExecutor.java:106)
	at com.kms.katalon.core.main.TestCaseMain.startTestSuite(TestCaseMain.java:180)
	at TempTestSuite1738107421100.run(TempTestSuite1738107421100.groovy:35)
	at java.base/jdk.internal.reflect.NativeMethodAccessorImpl.invoke0(Native Method)
	at java.base/jdk.internal.reflect.NativeMethodAccessorImpl.invoke(NativeMethodAccessorImpl.java:77)
	at java.base/jdk.internal.reflect.DelegatingMethodAccessorImpl.invoke(DelegatingMethodAccessorImpl.java:43)
)
	at com.kms.katalon.core.keyword.internal.KeywordMain.stepFailed(KeywordMain.groovy:39)
	at com.kms.katalon.core.keyword.internal.KeywordMain.stepFailed(KeywordMain.groovy)
	at com.kms.katalon.core.keyword.internal.KeywordMain.runKeyword(KeywordMain.groovy:77)
	at com.kms.katalon.core.keyword.builtin.VerifyEqualKeyword.verifyEqual(VerifyEqualKeyword.groovy:63)
	at com.kms.katalon.core.keyword.builtin.VerifyEqualKeyword.execute(VerifyEqualKeyword.groovy:44)
	at com.kms.katalon.core.keyword.internal.KeywordExecutor.executeKeywordForPlatform(KeywordExecutor.groovy:74)
	at com.kms.katalon.core.keyword.BuiltinKeywords.verifyEqual(BuiltinKeywords.groovy:146)
	at jdk.internal.reflect.GeneratedMethodAccessor25.invoke(Unknown Source)
	at java.base/jdk.internal.reflect.DelegatingMethodAccessorImpl.invoke(DelegatingMethodAccessorImpl.java:43)
	at Факторный анализ сверка дашбордов.Compare(Факторный анализ сверка дашбордов:638)
	at Факторный анализ сверка дашбордов.Test(Факторный анализ сверка дашбордов:402)
	at Факторный анализ сверка дашбордов.run(Факторный анализ сверка дашбордов:44)
	at com.kms.katalon.core.main.ScriptEngine.run(ScriptEngine.java:194)
	at com.kms.katalon.core.main.ScriptEngine.runScriptAsRawText(ScriptEngine.java:119)
	at com.kms.katalon.core.main.TestCaseExecutor.runScript(TestCaseExecutor.java:448)
	at com.kms.katalon.core.main.TestCaseExecutor.doExecute(TestCaseExecutor.java:439)
	at com.kms.katalon.core.main.TestCaseExecutor.processExecutionPhase(TestCaseExecutor.java:418)
	at com.kms.katalon.core.main.TestCaseExecutor.accessMainPhase(TestCaseExecutor.java:410)
	at com.kms.katalon.core.main.TestCaseExecutor.execute(TestCaseExecutor.java:285)
	at com.kms.katalon.core.common.CommonExecutor.accessTestCaseMainPhase(CommonExecutor.java:65)
	at com.kms.katalon.core.main.TestSuiteExecutor.accessTestSuiteMainPhase(TestSuiteExecutor.java:150)
	at com.kms.katalon.core.main.TestSuiteExecutor.execute(TestSuiteExecutor.java:106)
	at com.kms.katalon.core.main.TestCaseMain.startTestSuite(TestCaseMain.java:180)
	at TempTestSuite1738107421100.run(TempTestSuite1738107421100.groovy:35)
	at java.base/jdk.internal.reflect.NativeMethodAccessorImpl.invoke0(Native Method)
	at java.base/jdk.internal.reflect.NativeMethodAccessorImpl.invoke(NativeMethodAccessorImpl.java:77)
	at java.base/jdk.internal.reflect.DelegatingMethodAccessorImpl.invoke(DelegatingMethodAccessorImpl.java:43)
Caused by: com.kms.katalon.core.exception.StepFailedException: Actual object '-1340497' and expected object '-1254877' are not equal
	at com.kms.katalon.core.keyword.builtin.VerifyEqualKeyword$_verifyEqual_closure1.doCall(VerifyEqualKeyword.groovy:58)
	at com.kms.katalon.core.keyword.builtin.VerifyEqualKeyword$_verifyEqual_closure1.call(VerifyEqualKeyword.groovy)
	at com.kms.katalon.core.keyword.internal.KeywordMain.runKeyword(KeywordMain.groovy:75)
	... 24 more]]></system-err>
      </testcase>
      <testcase name="Test Cases/Выполнение бизнес-плана/Выполнение бизнес-плана Сверка ПАО Россети все филиалы" time="386.715" classname="Test Cases/Выполнение бизнес-плана/Выполнение бизнес-плана Сверка ПАО Россети все филиалы" status="FAILED">
         <failure type="FAILED" message="Test Cases/Выполнение бизнес-плана/Выполнение бизнес-плана Сверка ПАО Россети все филиалы FAILED.&#xa;Reason:&#xa;com.kms.katalon.core.exception.StepFailedException: Unable to verify equal between actual object '6' and expected object '0' (Root cause: com.kms.katalon.core.exception.StepFailedException: Actual object '6' and expected object '0' are not equal&#xa;	at com.kms.katalon.core.keyword.builtin.VerifyEqualKeyword$_verifyEqual_closure1.doCall(VerifyEqualKeyword.groovy:58)&#xa;	at com.kms.katalon.core.keyword.builtin.VerifyEqualKeyword$_verifyEqual_closure1.call(VerifyEqualKeyword.groovy)&#xa;	at com.kms.katalon.core.keyword.internal.KeywordMain.runKeyword(KeywordMain.groovy:75)&#xa;	at com.kms.katalon.core.keyword.builtin.VerifyEqualKeyword.verifyEqual(VerifyEqualKeyword.groovy:63)&#xa;	at com.kms.katalon.core.keyword.builtin.VerifyEqualKeyword.execute(VerifyEqualKeyword.groovy:44)&#xa;	at com.kms.katalon.core.keyword.internal.KeywordExecutor.executeKeywordForPlatform(KeywordExecutor.groovy:74)&#xa;	at com.kms.katalon.core.keyword.BuiltinKeywords.verifyEqual(BuiltinKeywords.groovy:146)&#xa;	at jdk.internal.reflect.GeneratedMethodAccessor25.invoke(Unknown Source)&#xa;	at java.base/jdk.internal.reflect.DelegatingMethodAccessorImpl.invoke(DelegatingMethodAccessorImpl.java:43)&#xa;	at Выполнение бизнес-плана Сверка ПАО Россети все филиалы.Numbers(Выполнение бизнес-плана Сверка ПАО Россети все филиалы:761)&#xa;	at Выполнение бизнес-плана Сверка ПАО Россети все филиалы.run(Выполнение бизнес-плана Сверка ПАО Россети все филиалы:210)&#xa;	at com.kms.katalon.core.main.ScriptEngine.run(ScriptEngine.java:194)&#xa;	at com.kms.katalon.core.main.ScriptEngine.runScriptAsRawText(ScriptEngine.java:119)&#xa;	at com.kms.katalon.core.main.TestCaseExecutor.runScript(TestCaseExecutor.java:448)&#xa;	at com.kms.katalon.core.main.TestCaseExecutor.doExecute(TestCaseExecutor.java:439)&#xa;	at com.kms.katalon.core.main.TestCaseExecutor.processExecutionPhase(TestCaseExecutor.java:418)&#xa;	at com.kms.katalon.core.main.TestCaseExecutor.accessMainPhase(TestCaseExecutor.java:410)&#xa;	at com.kms.katalon.core.main.TestCaseExecutor.execute(TestCaseExecutor.java:285)&#xa;	at com.kms.katalon.core.common.CommonExecutor.accessTestCaseMainPhase(CommonExecutor.java:65)&#xa;	at com.kms.katalon.core.main.TestSuiteExecutor.accessTestSuiteMainPhase(TestSuiteExecutor.java:150)&#xa;	at com.kms.katalon.core.main.TestSuiteExecutor.execute(TestSuiteExecutor.java:106)&#xa;	at com.kms.katalon.core.main.TestCaseMain.startTestSuite(TestCaseMain.java:180)&#xa;	at TempTestSuite1738107421100.run(TempTestSuite1738107421100.groovy:35)&#xa;	at java.base/jdk.internal.reflect.NativeMethodAccessorImpl.invoke0(Native Method)&#xa;	at java.base/jdk.internal.reflect.NativeMethodAccessorImpl.invoke(NativeMethodAccessorImpl.java:77)&#xa;	at java.base/jdk.internal.reflect.DelegatingMethodAccessorImpl.invoke(DelegatingMethodAccessorImpl.java:43)&#xa;)&#xa;	at com.kms.katalon.core.keyword.internal.KeywordMain.stepFailed(KeywordMain.groovy:39)&#xa;	at com.kms.katalon.core.keyword.internal.KeywordMain.stepFailed(KeywordMain.groovy)&#xa;	at com.kms.katalon.core.keyword.internal.KeywordMain.runKeyword(KeywordMain.groovy:77)&#xa;	at com.kms.katalon.core.keyword.builtin.VerifyEqualKeyword.verifyEqual(VerifyEqualKeyword.groovy:63)&#xa;	at com.kms.katalon.core.keyword.builtin.VerifyEqualKeyword.execute(VerifyEqualKeyword.groovy:44)&#xa;	at com.kms.katalon.core.keyword.internal.KeywordExecutor.executeKeywordForPlatform(KeywordExecutor.groovy:74)&#xa;	at com.kms.katalon.core.keyword.BuiltinKeywords.verifyEqual(BuiltinKeywords.groovy:146)&#xa;	at jdk.internal.reflect.GeneratedMethodAccessor25.invoke(Unknown Source)&#xa;	at java.base/jdk.internal.reflect.DelegatingMethodAccessorImpl.invoke(DelegatingMethodAccessorImpl.java:43)&#xa;	at Выполнение бизнес-плана Сверка ПАО Россети все филиалы.Numbers(Выполнение бизнес-плана Сверка ПАО Россети все филиалы:761)&#xa;	at Выполнение бизнес-плана Сверка ПАО Россети все филиалы.run(Выполнение бизнес-плана Сверка ПАО Россети все филиалы:210)&#xa;	at com.kms.katalon.core.main.ScriptEngine.run(ScriptEngine.java:194)&#xa;	at com.kms.katalon.core.main.ScriptEngine.runScriptAsRawText(ScriptEngine.java:119)&#xa;	at com.kms.katalon.core.main.TestCaseExecutor.runScript(TestCaseExecutor.java:448)&#xa;	at com.kms.katalon.core.main.TestCaseExecutor.doExecute(TestCaseExecutor.java:439)&#xa;	at com.kms.katalon.core.main.TestCaseExecutor.processExecutionPhase(TestCaseExecutor.java:418)&#xa;	at com.kms.katalon.core.main.TestCaseExecutor.accessMainPhase(TestCaseExecutor.java:410)&#xa;	at com.kms.katalon.core.main.TestCaseExecutor.execute(TestCaseExecutor.java:285)&#xa;	at com.kms.katalon.core.common.CommonExecutor.accessTestCaseMainPhase(CommonExecutor.java:65)&#xa;	at com.kms.katalon.core.main.TestSuiteExecutor.accessTestSuiteMainPhase(TestSuiteExecutor.java:150)&#xa;	at com.kms.katalon.core.main.TestSuiteExecutor.execute(TestSuiteExecutor.java:106)&#xa;	at com.kms.katalon.core.main.TestCaseMain.startTestSuite(TestCaseMain.java:180)&#xa;	at TempTestSuite1738107421100.run(TempTestSuite1738107421100.groovy:35)&#xa;	at java.base/jdk.internal.reflect.NativeMethodAccessorImpl.invoke0(Native Method)&#xa;	at java.base/jdk.internal.reflect.NativeMethodAccessorImpl.invoke(NativeMethodAccessorImpl.java:77)&#xa;	at java.base/jdk.internal.reflect.DelegatingMethodAccessorImpl.invoke(DelegatingMethodAccessorImpl.java:43)&#xa;Caused by: com.kms.katalon.core.exception.StepFailedException: Actual object '6' and expected object '0' are not equal&#xa;	at com.kms.katalon.core.keyword.builtin.VerifyEqualKeyword$_verifyEqual_closure1.doCall(VerifyEqualKeyword.groovy:58)&#xa;	at com.kms.katalon.core.keyword.builtin.VerifyEqualKeyword$_verifyEqual_closure1.call(VerifyEqualKeyword.groovy)&#xa;	at com.kms.katalon.core.keyword.internal.KeywordMain.runKeyword(KeywordMain.groovy:75)&#xa;	... 23 more&#xa;"/>
         <system-out><![CDATA[29-01-2025T04:35:28 - [TEST_CASE][FAILED] - Test Cases/Выполнение бизнес-плана/Выполнение бизнес-плана Сверка ПАО Россети все филиалы: Test Cases/Выполнение бизнес-плана/Выполнение бизнес-плана Сверка ПАО Россети все филиалы FAILED.
Reason:
com.kms.katalon.core.exception.StepFailedException: Unable to verify equal between actual object '6' and expected object '0' (Root cause: com.kms.katalon.core.exception.StepFailedException: Actual object '6' and expected object '0' are not equal
	at com.kms.katalon.core.keyword.builtin.VerifyEqualKeyword$_verifyEqual_closure1.doCall(VerifyEqualKeyword.groovy:58)
	at com.kms.katalon.core.keyword.builtin.VerifyEqualKeyword$_verifyEqual_closure1.call(VerifyEqualKeyword.groovy)
	at com.kms.katalon.core.keyword.internal.KeywordMain.runKeyword(KeywordMain.groovy:75)
	at com.kms.katalon.core.keyword.builtin.VerifyEqualKeyword.verifyEqual(VerifyEqualKeyword.groovy:63)
	at com.kms.katalon.core.keyword.builtin.VerifyEqualKeyword.execute(VerifyEqualKeyword.groovy:44)
	at com.kms.katalon.core.keyword.internal.KeywordExecutor.executeKeywordForPlatform(KeywordExecutor.groovy:74)
	at com.kms.katalon.core.keyword.BuiltinKeywords.verifyEqual(BuiltinKeywords.groovy:146)
	at jdk.internal.reflect.GeneratedMethodAccessor25.invoke(Unknown Source)
	at java.base/jdk.internal.reflect.DelegatingMethodAccessorImpl.invoke(DelegatingMethodAccessorImpl.java:43)
	at Выполнение бизнес-плана Сверка ПАО Россети все филиалы.Numbers(Выполнение бизнес-плана Сверка ПАО Россети все филиалы:761)
	at Выполнение бизнес-плана Сверка ПАО Россети все филиалы.run(Выполнение бизнес-плана Сверка ПАО Россети все филиалы:210)
	at com.kms.katalon.core.main.ScriptEngine.run(ScriptEngine.java:194)
	at com.kms.katalon.core.main.ScriptEngine.runScriptAsRawText(ScriptEngine.java:119)
	at com.kms.katalon.core.main.TestCaseExecutor.runScript(TestCaseExecutor.java:448)
	at com.kms.katalon.core.main.TestCaseExecutor.doExecute(TestCaseExecutor.java:439)
	at com.kms.katalon.core.main.TestCaseExecutor.processExecutionPhase(TestCaseExecutor.java:418)
	at com.kms.katalon.core.main.TestCaseExecutor.accessMainPhase(TestCaseExecutor.java:410)
	at com.kms.katalon.core.main.TestCaseExecutor.execute(TestCaseExecutor.java:285)
	at com.kms.katalon.core.common.CommonExecutor.accessTestCaseMainPhase(CommonExecutor.java:65)
	at com.kms.katalon.core.main.TestSuiteExecutor.accessTestSuiteMainPhase(TestSuiteExecutor.java:150)
	at com.kms.katalon.core.main.TestSuiteExecutor.execute(TestSuiteExecutor.java:106)
	at com.kms.katalon.core.main.TestCaseMain.startTestSuite(TestCaseMain.java:180)
	at TempTestSuite1738107421100.run(TempTestSuite1738107421100.groovy:35)
	at java.base/jdk.internal.reflect.NativeMethodAccessorImpl.invoke0(Native Method)
	at java.base/jdk.internal.reflect.NativeMethodAccessorImpl.invoke(NativeMethodAccessorImpl.java:77)
	at java.base/jdk.internal.reflect.DelegatingMethodAccessorImpl.invoke(DelegatingMethodAccessorImpl.java:43)
)
	at com.kms.katalon.core.keyword.internal.KeywordMain.stepFailed(KeywordMain.groovy:39)
	at com.kms.katalon.core.keyword.internal.KeywordMain.stepFailed(KeywordMain.groovy)
	at com.kms.katalon.core.keyword.internal.KeywordMain.runKeyword(KeywordMain.groovy:77)
	at com.kms.katalon.core.keyword.builtin.VerifyEqualKeyword.verifyEqual(VerifyEqualKeyword.groovy:63)
	at com.kms.katalon.core.keyword.builtin.VerifyEqualKeyword.execute(VerifyEqualKeyword.groovy:44)
	at com.kms.katalon.core.keyword.internal.KeywordExecutor.executeKeywordForPlatform(KeywordExecutor.groovy:74)
	at com.kms.katalon.core.keyword.BuiltinKeywords.verifyEqual(BuiltinKeywords.groovy:146)
	at jdk.internal.reflect.GeneratedMethodAccessor25.invoke(Unknown Source)
	at java.base/jdk.internal.reflect.DelegatingMethodAccessorImpl.invoke(DelegatingMethodAccessorImpl.java:43)
	at Выполнение бизнес-плана Сверка ПАО Россети все филиалы.Numbers(Выполнение бизнес-плана Сверка ПАО Россети все филиалы:761)
	at Выполнение бизнес-плана Сверка ПАО Россети все филиалы.run(Выполнение бизнес-плана Сверка ПАО Россети все филиалы:210)
	at com.kms.katalon.core.main.ScriptEngine.run(ScriptEngine.java:194)
	at com.kms.katalon.core.main.ScriptEngine.runScriptAsRawText(ScriptEngine.java:119)
	at com.kms.katalon.core.main.TestCaseExecutor.runScript(TestCaseExecutor.java:448)
	at com.kms.katalon.core.main.TestCaseExecutor.doExecute(TestCaseExecutor.java:439)
	at com.kms.katalon.core.main.TestCaseExecutor.processExecutionPhase(TestCaseExecutor.java:418)
	at com.kms.katalon.core.main.TestCaseExecutor.accessMainPhase(TestCaseExecutor.java:410)
	at com.kms.katalon.core.main.TestCaseExecutor.execute(TestCaseExecutor.java:285)
	at com.kms.katalon.core.common.CommonExecutor.accessTestCaseMainPhase(CommonExecutor.java:65)
	at com.kms.katalon.core.main.TestSuiteExecutor.accessTestSuiteMainPhase(TestSuiteExecutor.java:150)
	at com.kms.katalon.core.main.TestSuiteExecutor.execute(TestSuiteExecutor.java:106)
	at com.kms.katalon.core.main.TestCaseMain.startTestSuite(TestCaseMain.java:180)
	at TempTestSuite1738107421100.run(TempTestSuite1738107421100.groovy:35)
	at java.base/jdk.internal.reflect.NativeMethodAccessorImpl.invoke0(Native Method)
	at java.base/jdk.internal.reflect.NativeMethodAccessorImpl.invoke(NativeMethodAccessorImpl.java:77)
	at java.base/jdk.internal.reflect.DelegatingMethodAccessorImpl.invoke(DelegatingMethodAccessorImpl.java:43)
Caused by: com.kms.katalon.core.exception.StepFailedException: Actual object '6' and expected object '0' are not equal
	at com.kms.katalon.core.keyword.builtin.VerifyEqualKeyword$_verifyEqual_closure1.doCall(VerifyEqualKeyword.groovy:58)
	at com.kms.katalon.core.keyword.builtin.VerifyEqualKeyword$_verifyEqual_closure1.call(VerifyEqualKeyword.groovy)
	at com.kms.katalon.core.keyword.internal.KeywordMain.runKeyword(KeywordMain.groovy:75)
	... 23 more


29-01-2025T04:35:29 - [TEST_STEP][PASSED] - openBrowser(""): Browser is opened with url: ''

29-01-2025T04:35:29 - [MESSAGE][INFO] - Starting 'Chrome' driver

29-01-2025T04:35:29 - [MESSAGE][INFO] - Action delay is set to 0 milliseconds

29-01-2025T04:35:30 - [MESSAGE][PASSED] - Browser is opened with url: ''

29-01-2025T04:35:30 - [TEST_STEP][PASSED] - date = new java.util.Date(): null

29-01-2025T04:35:30 - [TEST_STEP][PASSED] - todaysDate = date.format("dd.MM.yyyy"): null

29-01-2025T04:35:30 - [TEST_STEP][PASSED] - dZO = <not implemented yet for class: org.codehaus.groovy.ast.expr.EmptyExpression>: null

29-01-2025T04:35:30 - [TEST_STEP][PASSED] - a = <not implemented yet for class: org.codehaus.groovy.ast.expr.EmptyExpression>: null

29-01-2025T04:35:30 - [TEST_STEP][PASSED] - fileperc = <not implemented yet for class: org.codehaus.groovy.ast.expr.EmptyExpression>: null

29-01-2025T04:35:30 - [TEST_STEP][PASSED] - pageperc = <not implemented yet for class: org.codehaus.groovy.ast.expr.EmptyExpression>: null

29-01-2025T04:35:30 - [TEST_STEP][PASSED] - pageInt = <not implemented yet for class: org.codehaus.groovy.ast.expr.EmptyExpression>: null

29-01-2025T04:35:30 - [TEST_STEP][PASSED] - fileInt = <not implemented yet for class: org.codehaus.groovy.ast.expr.EmptyExpression>: null

29-01-2025T04:35:30 - [TEST_STEP][PASSED] - pageDouble = <not implemented yet for class: org.codehaus.groovy.ast.expr.EmptyExpression>: null

29-01-2025T04:35:30 - [TEST_STEP][PASSED] - fileDouble = <not implemented yet for class: org.codehaus.groovy.ast.expr.EmptyExpression>: null

29-01-2025T04:35:30 - [TEST_STEP][PASSED] - typeOfData = <not implemented yet for class: org.codehaus.groovy.ast.expr.EmptyExpression>: null

29-01-2025T04:35:30 - [TEST_STEP][PASSED] - dzoNum = 0: null

29-01-2025T04:35:30 - [TEST_STEP][PASSED] - filialNum = 0: null

29-01-2025T04:35:30 - [TEST_STEP][PASSED] - urlText = <not implemented yet for class: org.codehaus.groovy.ast.expr.EmptyExpression>: null

29-01-2025T04:35:30 - [TEST_STEP][PASSED] - searchWord = <not implemented yet for class: org.codehaus.groovy.ast.expr.EmptyExpression>: null

29-01-2025T04:35:30 - [TEST_STEP][PASSED] - i = <not implemented yet for class: org.codehaus.groovy.ast.expr.EmptyExpression>: null

29-01-2025T04:35:30 - [TEST_STEP][PASSED] - ii = <not implemented yet for class: org.codehaus.groovy.ast.expr.EmptyExpression>: null

29-01-2025T04:35:30 - [TEST_STEP][PASSED] - navigateToUrl(findTestData("PlanFact").getValue(10, 1)): Navigate to 'https://bi.rosseti.digital/viewer?dashboardGuid=d154a8eaf6824e2b9de1bb04dd061c18&sheetGuid=1305e8ce744049e1abdacea1ea397a26&fit=true' successfully

29-01-2025T04:35:38 - [MESSAGE][PASSED] - Navigate to 'https://bi.rosseti.digital/viewer?dashboardGuid=d154a8eaf6824e2b9de1bb04dd061c18&sheetGuid=1305e8ce744049e1abdacea1ea397a26&fit=true' successfully

29-01-2025T04:35:38 - [TEST_STEP][PASSED] - urlText = getText(findTestObject("Страница авторизации/Text")): Text of object 'Object Repository/Страница авторизации/Text' is: 'Вход'

29-01-2025T04:35:40 - [MESSAGE][PASSED] - Text of object 'Object Repository/Страница авторизации/Text' is: 'Вход'

29-01-2025T04:35:40 - [TEST_STEP][PASSED] - delay(20): Delayed 20 second(s)

29-01-2025T04:36:00 - [MESSAGE][PASSED] - Delayed 20 second(s)

29-01-2025T04:36:00 - [TEST_STEP][PASSED] - searchWord = "Вход": null

29-01-2025T04:36:00 - [TEST_STEP][PASSED] - if (urlText.contains(searchWord) == false): null

29-01-2025T04:36:00 - [TEST_STEP][PASSED] - setText(findTestObject("Страница авторизации/input__username"), findTestData("PlanFact").getValue(8, 1)): Text 'liazgina-di' is set on object 'Object Repository/Страница авторизации/input__username'

29-01-2025T04:36:01 - [MESSAGE][PASSED] - Text 'liazgina-di' is set on object 'Object Repository/Страница авторизации/input__username'

29-01-2025T04:36:01 - [TEST_STEP][PASSED] - setText(findTestObject("Страница авторизации/input__password"), findTestData("PlanFact").getValue(9, 1)): Text ')$%5srZ8o688Dm#q' is set on object 'Object Repository/Страница авторизации/input__password'

29-01-2025T04:36:01 - [MESSAGE][PASSED] - Text ')$%5srZ8o688Dm#q' is set on object 'Object Repository/Страница авторизации/input__password'

29-01-2025T04:36:01 - [TEST_STEP][PASSED] - click(findTestObject("Страница авторизации/button_")): Object: 'Object Repository/Страница авторизации/button_' is clicked on

29-01-2025T04:36:03 - [MESSAGE][PASSED] - Object: 'Object Repository/Страница авторизации/button_' is clicked on

29-01-2025T04:36:03 - [TEST_STEP][PASSED] - delay(50): Delayed 50 second(s)

29-01-2025T04:36:53 - [MESSAGE][PASSED] - Delayed 50 second(s)

29-01-2025T04:36:53 - [TEST_STEP][PASSED] - searchWord = "ДЗО": null

29-01-2025T04:36:53 - [TEST_STEP][PASSED] - urlText = getText(findTestObject("Страница авторизации/Text")): Text of object 'Object Repository/Страница авторизации/Text' is: 'ДЗО 
ПАО Россети
Период
2024 год
Отклонения фактического уровня потерь от бизнес-плана, п.п.
-0.21
-80.57
-0.44
-0.64
-0.02
0.20
-0.33
-92.64
-0.02
0.20
-0.17
0.40
0.77
-0.49
-0.11
Россети ФСКЕЭС
АО«Тываэнерго»
Россети Волга
Россети Кубань
РоссетиЛенэнерго (ГК)
РоссетиМосковскийрегион
Россети Северо-Запад
Россети Сибирь
Россети Томск
Россети Тюмень
Россети Урал(ГК)
Россети Центр(ГК)
Россети Центри Приволжье(ГК)
Россети Юг(ГК)
Россети Янтарь
0
-102
-85
-68
-51
-34
-17
17

Уровень потерь электроэнергии
Россети ФСКЕЭС
АО«Тываэнерго»
Россети Волга
Россети Кубань
РоссетиЛенэнерго (ГК)
РоссетиМосковскийрегион
Россети Северо-Запад
Россети Сибирь
Россети Томск
Россети Тюмень
Россети Урал(ГК)
Россети Центр(ГК)
Россети Центри Приволжье(ГК)
Россети Юг(ГК)
Россети Янтарь
0
20
40
60
-20
80
3.93
|

5.78
|
9.39
|
10.91
|
7.62
6.08
|

9.01
|
3.08
6.07
|
13.44
9.30
9.21
|
9.32
|
3.72
-0.00
5.33
8.76
10.89
7.82
|
5.75
-0.00
8.99
3.27
|
5.90
13.84
|
10.08
|
8.73
9.21
п.п.
2.36
Итого
0
1
2
3
%
5.48 5.48
7.84 7.84
План
Факт
1
100

● Бизнес-план выполнен● ●● Превышение бизнес-плана
Отклонения фактического уровня потерь от бизнес-плана за 3 месяца (нарастающим итогом), п.п.
-0.2-0.2
-0.1-0.1
3.23.2
-0.4-0.4
-0.7-0.7
0.10.1
0.10.1
3.93.9
-0.4-0.4
-0.0-0.0
-0.0-0.0
0.10.1
-0.1-0.1
-0.5-0.5
-0.3-0.3
-0.4-0.4
-0.1-0.1
-0.2-0.2
-8.3-8.3
3.13.1
-0.4-0.4
-0.6-0.6
-0.0-0.0
0.20.2
3.93.9
-0.4-0.4
-8.8-8.8
-0.0-0.0
0.20.2
-0.2-0.2
-0.5-0.5
-0.3-0.3
-0.5-0.5
-0.1-0.1
-0.2-0.2
-80.6-80.6
-0.4-0.4
-0.6-0.6
-0.0-0.0
0.20.2
-0.3-0.3
-92.6-92.6
-0.0-0.0
0.20.2
-0.2-0.2
0.40.4
0.80.8
-0.5-0.5
-0.1-0.1
Россети ФСКЕЭС
АО«Тываэнерго»
АО«Чеченэнерго»
Россети Волга
РоссетиКубань
РоссетиЛенэнерго(ГК)
РоссетиМосковскийрегион
РоссетиСеверныйКавказ (ГК)
Россети Север…
Россети Сибирь(ГК)
Россети Томск
Россети Тюмень
Россети Урал(ГК)
Россети Центр
Россети Центри Приволжье(ГК)
Россети Юг (Г…
РоссетиЯнтарь
-100
0
100
п.п.
Отклонения фактического уровня потерь от бизнес-плана за 3 месяца (нарастающим итогом)
-0.2-0.2
-1.6-1.6
-0.1-0.1
-0.7-0.7
0.10.1
-0.7-0.7
1.01.0
-0.5-0.5
-0.2-0.2
0.10.1
-0.4-0.4
0.20.2
-0.3-0.3
-0.1-0.1
-0.9-0.9
-0.4-0.4
-0.2-0.2
-0.3-0.3
-0.6-0.6
-1.0-1.0
-0.2-0.2
-1.5-1.5
-0.1-0.1
-0.6-0.6
-95.8-95.8
-0.0-0.0
-0.7-0.7
1.31.3
-0.5-0.5
-0.2-0.2
-90.8-90.8
0.10.1
-0.4-0.4
0.10.1
0.00.0
-0.1-0.1
-80.6-80.6
-1.0-1.0
-0.4-0.4
-0.1-0.1
-0.2-0.2
-0.8-0.8
-1.0-1.0
-0.2-0.2
0.00.0
-0.0-0.0
-0.3-0.3
-1.3-1.3
-1.0-1.0
1.21.2
1.51.5
-0.7-0.7
1.21.2
-0.5-0.5
0.50.5
-0.2-0.2
0.10.1
0.70.7
-0.0-0.0
-0.4-0.4
-0.1-0.1
0.20.2
-0.1-0.1
1.91.9
1.31.3
-0.7-0.7
-0.1-0.1
-1.3-1.3
0.90.9
2.12.1
-0.8-0.8
-0.3-0.3
0.50.5
Итого по ФСК …
Калмэнерго
Калугаэнерго
Карельский филиал
Кировэнерго
Костромаэнерго
Кубаньэнерго
Кузбассэнерго-РЭС
Курскэнерго
Ленинградская область
Липецкэнерго
Мариэнерго
Мордовэнерго
Московская область
Мурманский филиал
Нижновэнерго
Новгородский филиал
ООО «БрянскЭлектро»
Омскэнерго
Орелэнерго
Оренбургэнерго
Пензаэнерго
Пермэнерго
Псковский филиал
Россети Тюмень
Россети Янтарь
АО "Тываэнерго"
АО «ВМЭС»
АО «Воронежская горэлектросеть»
АО «Тульские городские электрические сети»
АО «Ярославская электросетевая компания»
АО ЕЭСК
Архангельский филиал
Астраханьэнерго
Белгородэнерго
Брянскэнерго
Владимирэнерго
Волгоградэнерго
Вологодский филиал
Воронежэнерго
Ивэнерго
-180
60

Статус данных
Просьба обратить внимание
— данные занесены не полностью
Факт
План
Итого – Факт
Отпуск в сеть 643 171 953
Отпуск из сети 592 758 840
Потери 50 413 112
Итого – План
Отпуск в сеть 972 755 413
Отпуск из сети 919 425 576
Потери 53 329 836
Выполнение бизнес-плана в части показателя «Уровень потерь электроэнергии»
Показатели баланса электроэнергии по ДЗО – Факт 
628 869 369 681 757 3 631 955 58 408 593 25 855 039 34 954 264 104 134 403 20 651 499 33 379 839 53 124 310 5 175 776 52 550 349 78 097 898 61 308 908 55 815 923 28 608 896 4 647 452
606 329 271 506 218 2 312 442 55 259 019 23 591 243 31 148 311 95 987 829 15 078 002 31 460 760 49 049 657 4 710 610 51 105 150 73 469 328 55 069 554 51 792 314 26 108 534 4 219 589
22 540 098 135 949 1 319 513 3 149 574 2 263 796 3 805 953 8 146 574 5 573 496 1 919 079 3 714 964 465 166 1 445 199 4 628 569 6 239 354 4 023 609 2 500 363 427 863
Показатели баланса электроэнергии по ДЗО – План
609 305 966 689 053 3 403 997 56 729 408 24 737 079 33 422 359 98 965 831 19 485 633 33 056 576 55 771 012 5 006 761 55 037 919 75 299 546 59 895 276 54 005 476 27 838 881 4 470 333
586 252 051 494 789 2 272 993 53 425 459 22 413 833 29 775 403 91 420 590 14 949 980 31 046 621 46 966 394 4 555 629 53 612 860 70 721 200 53 517 675 50 017 436 25 273 744 4 053 696
23 053 915 194 264 1 131 004 3 303 949 2 323 246 3 646 956 7 545 241 4 535 653 2 009 955 8 804 618 451 132 1 425 059 4 578 346 6 377 601 3 988 040 2 565 137 416 637'

29-01-2025T04:37:11 - [MESSAGE][PASSED] - Text of object 'Object Repository/Страница авторизации/Text' is: 'ДЗО 
ПАО Россети
Период
2024 год
Отклонения фактического уровня потерь от бизнес-плана, п.п.
-0.21
-80.57
-0.44
-0.64
-0.02
0.20
-0.33
-92.64
-0.02
0.20
-0.17
0.40
0.77
-0.49
-0.11
Россети ФСКЕЭС
АО«Тываэнерго»
Россети Волга
Россети Кубань
РоссетиЛенэнерго (ГК)
РоссетиМосковскийрегион
Россети Северо-Запад
Россети Сибирь
Россети Томск
Россети Тюмень
Россети Урал(ГК)
Россети Центр(ГК)
Россети Центри Приволжье(ГК)
Россети Юг(ГК)
Россети Янтарь
0
-102
-85
-68
-51
-34
-17
17

Уровень потерь электроэнергии
Россети ФСКЕЭС
АО«Тываэнерго»
Россети Волга
Россети Кубань
РоссетиЛенэнерго (ГК)
РоссетиМосковскийрегион
Россети Северо-Запад
Россети Сибирь
Россети Томск
Россети Тюмень
Россети Урал(ГК)
Россети Центр(ГК)
Россети Центри Приволжье(ГК)
Россети Юг(ГК)
Россети Янтарь
0
20
40
60
-20
80
3.93
|

5.78
|
9.39
|
10.91
|
7.62
6.08
|

9.01
|
3.08
6.07
|
13.44
9.30
9.21
|
9.32
|
3.72
-0.00
5.33
8.76
10.89
7.82
|
5.75
-0.00
8.99
3.27
|
5.90
13.84
|
10.08
|
8.73
9.21
п.п.
2.36
Итого
0
1
2
3
%
5.48 5.48
7.84 7.84
План
Факт
1
100

● Бизнес-план выполнен● ●● Превышение бизнес-плана
Отклонения фактического уровня потерь от бизнес-плана за 3 месяца (нарастающим итогом), п.п.
-0.2-0.2
-0.1-0.1
3.23.2
-0.4-0.4
-0.7-0.7
0.10.1
0.10.1
3.93.9
-0.4-0.4
-0.0-0.0
-0.0-0.0
0.10.1
-0.1-0.1
-0.5-0.5
-0.3-0.3
-0.4-0.4
-0.1-0.1
-0.2-0.2
-8.3-8.3
3.13.1
-0.4-0.4
-0.6-0.6
-0.0-0.0
0.20.2
3.93.9
-0.4-0.4
-8.8-8.8
-0.0-0.0
0.20.2
-0.2-0.2
-0.5-0.5
-0.3-0.3
-0.5-0.5
-0.1-0.1
-0.2-0.2
-80.6-80.6
-0.4-0.4
-0.6-0.6
-0.0-0.0
0.20.2
-0.3-0.3
-92.6-92.6
-0.0-0.0
0.20.2
-0.2-0.2
0.40.4
0.80.8
-0.5-0.5
-0.1-0.1
Россети ФСКЕЭС
АО«Тываэнерго»
АО«Чеченэнерго»
Россети Волга
РоссетиКубань
РоссетиЛенэнерго(ГК)
РоссетиМосковскийрегион
РоссетиСеверныйКавказ (ГК)
Россети Север…
Россети Сибирь(ГК)
Россети Томск
Россети Тюмень
Россети Урал(ГК)
Россети Центр
Россети Центри Приволжье(ГК)
Россети Юг (Г…
РоссетиЯнтарь
-100
0
100
п.п.
Отклонения фактического уровня потерь от бизнес-плана за 3 месяца (нарастающим итогом)
-0.2-0.2
-1.6-1.6
-0.1-0.1
-0.7-0.7
0.10.1
-0.7-0.7
1.01.0
-0.5-0.5
-0.2-0.2
0.10.1
-0.4-0.4
0.20.2
-0.3-0.3
-0.1-0.1
-0.9-0.9
-0.4-0.4
-0.2-0.2
-0.3-0.3
-0.6-0.6
-1.0-1.0
-0.2-0.2
-1.5-1.5
-0.1-0.1
-0.6-0.6
-95.8-95.8
-0.0-0.0
-0.7-0.7
1.31.3
-0.5-0.5
-0.2-0.2
-90.8-90.8
0.10.1
-0.4-0.4
0.10.1
0.00.0
-0.1-0.1
-80.6-80.6
-1.0-1.0
-0.4-0.4
-0.1-0.1
-0.2-0.2
-0.8-0.8
-1.0-1.0
-0.2-0.2
0.00.0
-0.0-0.0
-0.3-0.3
-1.3-1.3
-1.0-1.0
1.21.2
1.51.5
-0.7-0.7
1.21.2
-0.5-0.5
0.50.5
-0.2-0.2
0.10.1
0.70.7
-0.0-0.0
-0.4-0.4
-0.1-0.1
0.20.2
-0.1-0.1
1.91.9
1.31.3
-0.7-0.7
-0.1-0.1
-1.3-1.3
0.90.9
2.12.1
-0.8-0.8
-0.3-0.3
0.50.5
Итого по ФСК …
Калмэнерго
Калугаэнерго
Карельский филиал
Кировэнерго
Костромаэнерго
Кубаньэнерго
Кузбассэнерго-РЭС
Курскэнерго
Ленинградская область
Липецкэнерго
Мариэнерго
Мордовэнерго
Московская область
Мурманский филиал
Нижновэнерго
Новгородский филиал
ООО «БрянскЭлектро»
Омскэнерго
Орелэнерго
Оренбургэнерго
Пензаэнерго
Пермэнерго
Псковский филиал
Россети Тюмень
Россети Янтарь
АО "Тываэнерго"
АО «ВМЭС»
АО «Воронежская горэлектросеть»
АО «Тульские городские электрические сети»
АО «Ярославская электросетевая компания»
АО ЕЭСК
Архангельский филиал
Астраханьэнерго
Белгородэнерго
Брянскэнерго
Владимирэнерго
Волгоградэнерго
Вологодский филиал
Воронежэнерго
Ивэнерго
-180
60

Статус данных
Просьба обратить внимание
— данные занесены не полностью
Факт
План
Итого – Факт
Отпуск в сеть 643 171 953
Отпуск из сети 592 758 840
Потери 50 413 112
Итого – План
Отпуск в сеть 972 755 413
Отпуск из сети 919 425 576
Потери 53 329 836
Выполнение бизнес-плана в части показателя «Уровень потерь электроэнергии»
Показатели баланса электроэнергии по ДЗО – Факт 
628 869 369 681 757 3 631 955 58 408 593 25 855 039 34 954 264 104 134 403 20 651 499 33 379 839 53 124 310 5 175 776 52 550 349 78 097 898 61 308 908 55 815 923 28 608 896 4 647 452
606 329 271 506 218 2 312 442 55 259 019 23 591 243 31 148 311 95 987 829 15 078 002 31 460 760 49 049 657 4 710 610 51 105 150 73 469 328 55 069 554 51 792 314 26 108 534 4 219 589
22 540 098 135 949 1 319 513 3 149 574 2 263 796 3 805 953 8 146 574 5 573 496 1 919 079 3 714 964 465 166 1 445 199 4 628 569 6 239 354 4 023 609 2 500 363 427 863
Показатели баланса электроэнергии по ДЗО – План
609 305 966 689 053 3 403 997 56 729 408 24 737 079 33 422 359 98 965 831 19 485 633 33 056 576 55 771 012 5 006 761 55 037 919 75 299 546 59 895 276 54 005 476 27 838 881 4 470 333
586 252 051 494 789 2 272 993 53 425 459 22 413 833 29 775 403 91 420 590 14 949 980 31 046 621 46 966 394 4 555 629 53 612 860 70 721 200 53 517 675 50 017 436 25 273 744 4 053 696
23 053 915 194 264 1 131 004 3 303 949 2 323 246 3 646 956 7 545 241 4 535 653 2 009 955 8 804 618 451 132 1 425 059 4 578 346 6 377 601 3 988 040 2 565 137 416 637'

29-01-2025T04:37:11 - [TEST_STEP][PASSED] - if (urlText.contains("ошибка") || urlText.contains(searchWord) == false): null

29-01-2025T04:37:11 - [TEST_STEP][PASSED] - Script1718980020443.ZakrytOpoveshenie(): null

29-01-2025T04:37:11 - [TEST_STEP][PASSED] - delay(10): Delayed 10 second(s)

29-01-2025T04:37:21 - [MESSAGE][PASSED] - Delayed 10 second(s)

29-01-2025T04:37:21 - [TEST_STEP][PASSED] - opoveshenie = getText(findTestObject("Выполнение бизнес-плана/Просьба обратить внимание")): Text of object 'Object Repository/Выполнение бизнес-плана/Просьба обратить внимание' is: 'Просьба обратить внимание'

29-01-2025T04:37:21 - [MESSAGE][PASSED] - Text of object 'Object Repository/Выполнение бизнес-плана/Просьба обратить внимание' is: 'Просьба обратить внимание'

29-01-2025T04:37:21 - [TEST_STEP][PASSED] - println(opoveshenie): null

29-01-2025T04:37:21 - [TEST_STEP][PASSED] - if (opoveshenie == "Просьба обратить внимание"): Object: 'Object Repository/Выполнение бизнес-плана/Закрыть оповещение' is clicked on

29-01-2025T04:37:21 - [TEST_STEP][PASSED] - click(findTestObject("Выполнение бизнес-плана/Закрыть оповещение")): Object: 'Object Repository/Выполнение бизнес-плана/Закрыть оповещение' is clicked on

29-01-2025T04:37:22 - [MESSAGE][PASSED] - Object: 'Object Repository/Выполнение бизнес-плана/Закрыть оповещение' is clicked on

29-01-2025T04:37:22 - [TEST_STEP][PASSED] - click(findTestObject("Object Repository/Выполнение бизнес-плана/Фильтр Дата")): Object: 'Object Repository/Выполнение бизнес-плана/Фильтр Дата' is clicked on

29-01-2025T04:37:22 - [MESSAGE][PASSED] - Object: 'Object Repository/Выполнение бизнес-плана/Фильтр Дата' is clicked on

29-01-2025T04:37:22 - [TEST_STEP][PASSED] - click(findTestObject("Выполнение бизнес-плана/Снять выделение в фильтре Дата")): Object: 'Object Repository/Выполнение бизнес-плана/Снять выделение в фильтре Дата' is clicked on

29-01-2025T04:37:23 - [MESSAGE][PASSED] - Object: 'Object Repository/Выполнение бизнес-плана/Снять выделение в фильтре Дата' is clicked on

29-01-2025T04:37:23 - [TEST_STEP][PASSED] - click(findTestObject("Object Repository/Выполнение бизнес-плана/Применить в фильтре Дата")): Object: 'Object Repository/Выполнение бизнес-плана/Применить в фильтре Дата' is clicked on

29-01-2025T04:37:23 - [MESSAGE][PASSED] - Object: 'Object Repository/Выполнение бизнес-плана/Применить в фильтре Дата' is clicked on

29-01-2025T04:37:23 - [TEST_STEP][PASSED] - delay(50): Delayed 50 second(s)

29-01-2025T04:38:13 - [MESSAGE][PASSED] - Delayed 50 second(s)

29-01-2025T04:38:13 - [TEST_STEP][PASSED] - Script1718980020443.ZakrytOpoveshenie(): null

29-01-2025T04:38:13 - [TEST_STEP][PASSED] - delay(10): Delayed 10 second(s)

29-01-2025T04:38:23 - [MESSAGE][PASSED] - Delayed 10 second(s)

29-01-2025T04:38:23 - [TEST_STEP][PASSED] - opoveshenie = getText(findTestObject("Выполнение бизнес-плана/Просьба обратить внимание")): Text of object 'Object Repository/Выполнение бизнес-плана/Просьба обратить внимание' is: 'Просьба обратить внимание'

29-01-2025T04:38:24 - [MESSAGE][PASSED] - Text of object 'Object Repository/Выполнение бизнес-плана/Просьба обратить внимание' is: 'Просьба обратить внимание'

29-01-2025T04:38:24 - [TEST_STEP][PASSED] - println(opoveshenie): null

29-01-2025T04:38:24 - [TEST_STEP][PASSED] - if (opoveshenie == "Просьба обратить внимание"): Object: 'Object Repository/Выполнение бизнес-плана/Закрыть оповещение' is clicked on

29-01-2025T04:38:24 - [TEST_STEP][PASSED] - click(findTestObject("Выполнение бизнес-плана/Закрыть оповещение")): Object: 'Object Repository/Выполнение бизнес-плана/Закрыть оповещение' is clicked on

29-01-2025T04:38:24 - [MESSAGE][PASSED] - Object: 'Object Repository/Выполнение бизнес-плана/Закрыть оповещение' is clicked on

29-01-2025T04:38:24 - [TEST_STEP][PASSED] - click(findTestObject("Object Repository/Выполнение бизнес-плана/Фильтр Дата")): Object: 'Object Repository/Выполнение бизнес-плана/Фильтр Дата' is clicked on

29-01-2025T04:38:24 - [MESSAGE][PASSED] - Object: 'Object Repository/Выполнение бизнес-плана/Фильтр Дата' is clicked on

29-01-2025T04:38:24 - [TEST_STEP][PASSED] - scrollToElement(findTestObject("Выполнение бизнес-плана/2024 список"), 30): Scroll to object 'Object Repository/Выполнение бизнес-плана/2024 список' successfully

29-01-2025T04:38:25 - [MESSAGE][PASSED] - Scroll to object 'Object Repository/Выполнение бизнес-плана/2024 список' successfully

29-01-2025T04:38:25 - [TEST_STEP][PASSED] - click(findTestObject("Выполнение бизнес-плана/2024 список")): Object: 'Object Repository/Выполнение бизнес-плана/2024 список' is clicked on

29-01-2025T04:38:26 - [MESSAGE][PASSED] - Object: 'Object Repository/Выполнение бизнес-плана/2024 список' is clicked on

29-01-2025T04:38:26 - [TEST_STEP][PASSED] - scrollToElement(findTestObject("Выполнение бизнес-плана/1 квартал 2024 список"), 30): Scroll to object 'Object Repository/Выполнение бизнес-плана/1 квартал 2024 список' successfully

29-01-2025T04:38:26 - [MESSAGE][PASSED] - Scroll to object 'Object Repository/Выполнение бизнес-плана/1 квартал 2024 список' successfully

29-01-2025T04:38:26 - [TEST_STEP][PASSED] - click(findTestObject("Выполнение бизнес-плана/1 квартал 2024 список")): Object: 'Object Repository/Выполнение бизнес-плана/1 квартал 2024 список' is clicked on

29-01-2025T04:38:26 - [MESSAGE][PASSED] - Object: 'Object Repository/Выполнение бизнес-плана/1 квартал 2024 список' is clicked on

29-01-2025T04:38:26 - [TEST_STEP][PASSED] - click(findTestObject("Выполнение бизнес-плана/Январь 2024")): Object: 'Object Repository/Выполнение бизнес-плана/Январь 2024' is clicked on

29-01-2025T04:38:27 - [MESSAGE][PASSED] - Object: 'Object Repository/Выполнение бизнес-плана/Январь 2024' is clicked on

29-01-2025T04:38:27 - [TEST_STEP][PASSED] - click(findTestObject("Выполнение бизнес-плана/Февраль 2024")): Object: 'Object Repository/Выполнение бизнес-плана/Февраль 2024' is clicked on

29-01-2025T04:38:27 - [MESSAGE][PASSED] - Object: 'Object Repository/Выполнение бизнес-плана/Февраль 2024' is clicked on

29-01-2025T04:38:27 - [TEST_STEP][PASSED] - click(findTestObject("Выполнение бизнес-плана/Март 2024")): Object: 'Object Repository/Выполнение бизнес-плана/Март 2024' is clicked on

29-01-2025T04:38:28 - [MESSAGE][PASSED] - Object: 'Object Repository/Выполнение бизнес-плана/Март 2024' is clicked on

29-01-2025T04:38:28 - [TEST_STEP][PASSED] - scrollToElement(findTestObject("Выполнение бизнес-плана/2 квартал 2024"), 30): Scroll to object 'Object Repository/Выполнение бизнес-плана/2 квартал 2024' successfully

29-01-2025T04:38:28 - [MESSAGE][PASSED] - Scroll to object 'Object Repository/Выполнение бизнес-плана/2 квартал 2024' successfully

29-01-2025T04:38:28 - [TEST_STEP][PASSED] - click(findTestObject("Выполнение бизнес-плана/2 квартал 2024")): Object: 'Object Repository/Выполнение бизнес-плана/2 квартал 2024' is clicked on

29-01-2025T04:38:29 - [MESSAGE][PASSED] - Object: 'Object Repository/Выполнение бизнес-плана/2 квартал 2024' is clicked on

29-01-2025T04:38:29 - [TEST_STEP][PASSED] - scrollToElement(findTestObject("Выполнение бизнес-плана/3 квартал 2024 список"), 30): Scroll to object 'Object Repository/Выполнение бизнес-плана/3 квартал 2024 список' successfully

29-01-2025T04:38:29 - [MESSAGE][PASSED] - Scroll to object 'Object Repository/Выполнение бизнес-плана/3 квартал 2024 список' successfully

29-01-2025T04:38:29 - [TEST_STEP][PASSED] - click(findTestObject("Выполнение бизнес-плана/3 квартал 2024"), CONTINUE_ON_FAILURE): Object: 'Object Repository/Выполнение бизнес-плана/3 квартал 2024' is clicked on

29-01-2025T04:38:30 - [MESSAGE][PASSED] - Object: 'Object Repository/Выполнение бизнес-плана/3 квартал 2024' is clicked on

29-01-2025T04:38:30 - [TEST_STEP][PASSED] - scrollToElement(findTestObject("Выполнение бизнес-плана/4 квартал 2024 список"), 30): Scroll to object 'Object Repository/Выполнение бизнес-плана/4 квартал 2024 список' successfully

29-01-2025T04:38:30 - [MESSAGE][PASSED] - Scroll to object 'Object Repository/Выполнение бизнес-плана/4 квартал 2024 список' successfully

29-01-2025T04:38:30 - [TEST_STEP][PASSED] - click(findTestObject("Выполнение бизнес-плана/4 квартал 2024 список"), CONTINUE_ON_FAILURE): Object: 'Object Repository/Выполнение бизнес-плана/4 квартал 2024 список' is clicked on

29-01-2025T04:38:30 - [MESSAGE][PASSED] - Object: 'Object Repository/Выполнение бизнес-плана/4 квартал 2024 список' is clicked on

29-01-2025T04:38:30 - [TEST_STEP][PASSED] - scrollToElement(findTestObject("Выполнение бизнес-плана/Октябрь 2024"), 30): Scroll to object 'Object Repository/Выполнение бизнес-плана/Октябрь 2024' successfully

29-01-2025T04:38:31 - [MESSAGE][PASSED] - Scroll to object 'Object Repository/Выполнение бизнес-плана/Октябрь 2024' successfully

29-01-2025T04:38:31 - [TEST_STEP][PASSED] - click(findTestObject("Выполнение бизнес-плана/Октябрь 2024"), CONTINUE_ON_FAILURE): Object: 'Object Repository/Выполнение бизнес-плана/Октябрь 2024' is clicked on

29-01-2025T04:38:31 - [MESSAGE][PASSED] - Object: 'Object Repository/Выполнение бизнес-плана/Октябрь 2024' is clicked on

29-01-2025T04:38:31 - [TEST_STEP][PASSED] - scrollToElement(findTestObject("Выполнение бизнес-плана/Ноябрь 2024"), 30): Scroll to object 'Object Repository/Выполнение бизнес-плана/Ноябрь 2024' successfully

29-01-2025T04:38:32 - [MESSAGE][PASSED] - Scroll to object 'Object Repository/Выполнение бизнес-плана/Ноябрь 2024' successfully

29-01-2025T04:38:32 - [TEST_STEP][PASSED] - click(findTestObject("Выполнение бизнес-плана/Ноябрь 2024"), CONTINUE_ON_FAILURE): Object: 'Object Repository/Выполнение бизнес-плана/Ноябрь 2024' is clicked on

29-01-2025T04:38:32 - [MESSAGE][PASSED] - Object: 'Object Repository/Выполнение бизнес-плана/Ноябрь 2024' is clicked on

29-01-2025T04:38:32 - [TEST_STEP][PASSED] - scrollToElement(findTestObject("Выполнение бизнес-плана/Заголовок дашборда"), 30): Scroll to object 'Object Repository/Выполнение бизнес-плана/Заголовок дашборда' successfully

29-01-2025T04:38:32 - [MESSAGE][PASSED] - Scroll to object 'Object Repository/Выполнение бизнес-плана/Заголовок дашборда' successfully

29-01-2025T04:38:32 - [TEST_STEP][PASSED] - click(findTestObject("Object Repository/Выполнение бизнес-плана/Применить в фильтре Дата")): Object: 'Object Repository/Выполнение бизнес-плана/Применить в фильтре Дата' is clicked on

29-01-2025T04:38:33 - [MESSAGE][PASSED] - Object: 'Object Repository/Выполнение бизнес-плана/Применить в фильтре Дата' is clicked on

29-01-2025T04:38:33 - [TEST_STEP][PASSED] - delay(50): Delayed 50 second(s)

29-01-2025T04:39:23 - [MESSAGE][PASSED] - Delayed 50 second(s)

29-01-2025T04:39:23 - [TEST_STEP][PASSED] - Script1718980020443.ZakrytOpoveshenie(): null

29-01-2025T04:39:23 - [TEST_STEP][PASSED] - delay(10): Delayed 10 second(s)

29-01-2025T04:39:33 - [MESSAGE][PASSED] - Delayed 10 second(s)

29-01-2025T04:39:33 - [TEST_STEP][PASSED] - opoveshenie = getText(findTestObject("Выполнение бизнес-плана/Просьба обратить внимание")): Text of object 'Object Repository/Выполнение бизнес-плана/Просьба обратить внимание' is: 'Просьба обратить внимание'

29-01-2025T04:39:34 - [MESSAGE][PASSED] - Text of object 'Object Repository/Выполнение бизнес-плана/Просьба обратить внимание' is: 'Просьба обратить внимание'

29-01-2025T04:39:34 - [TEST_STEP][PASSED] - println(opoveshenie): null

29-01-2025T04:39:34 - [TEST_STEP][PASSED] - if (opoveshenie == "Просьба обратить внимание"): Object: 'Object Repository/Выполнение бизнес-плана/Закрыть оповещение' is clicked on

29-01-2025T04:39:34 - [TEST_STEP][PASSED] - click(findTestObject("Выполнение бизнес-плана/Закрыть оповещение")): Object: 'Object Repository/Выполнение бизнес-плана/Закрыть оповещение' is clicked on

29-01-2025T04:39:34 - [MESSAGE][PASSED] - Object: 'Object Repository/Выполнение бизнес-плана/Закрыть оповещение' is clicked on

29-01-2025T04:39:34 - [TEST_STEP][PASSED] - delay(30): Delayed 30 second(s)

29-01-2025T04:40:04 - [MESSAGE][PASSED] - Delayed 30 second(s)

29-01-2025T04:40:04 - [TEST_STEP][PASSED] - Script1718980020443.OpenFilter(): null

29-01-2025T04:40:04 - [TEST_STEP][PASSED] - click(findTestObject("Object Repository/Выполнение бизнес-плана/Фильтр ДЗО")): Object: 'Object Repository/Выполнение бизнес-плана/Фильтр ДЗО' is clicked on

29-01-2025T04:40:04 - [MESSAGE][PASSED] - Object: 'Object Repository/Выполнение бизнес-плана/Фильтр ДЗО' is clicked on

29-01-2025T04:40:04 - [TEST_STEP][PASSED] - click(findTestObject("Выполнение бизнес-плана/Снять выделение в фильтре ДЗО")): Object: 'Object Repository/Выполнение бизнес-плана/Снять выделение в фильтре ДЗО' is clicked on

29-01-2025T04:40:05 - [MESSAGE][PASSED] - Object: 'Object Repository/Выполнение бизнес-плана/Снять выделение в фильтре ДЗО' is clicked on

29-01-2025T04:40:05 - [TEST_STEP][PASSED] - click(findTestObject("Выполнение бизнес-плана/Раскрыть список ПАО Россети в фильтре ДЗО")): Object: 'Object Repository/Выполнение бизнес-плана/Раскрыть список ПАО Россети в фильтре ДЗО' is clicked on

29-01-2025T04:40:05 - [MESSAGE][PASSED] - Object: 'Object Repository/Выполнение бизнес-плана/Раскрыть список ПАО Россети в фильтре ДЗО' is clicked on

29-01-2025T04:40:05 - [TEST_STEP][PASSED] - click(findTestObject("Выполнение бизнес-плана/ПАО Россети")): Object: 'Object Repository/Выполнение бизнес-плана/ПАО Россети' is clicked on

29-01-2025T04:40:06 - [MESSAGE][PASSED] - Object: 'Object Repository/Выполнение бизнес-плана/ПАО Россети' is clicked on

29-01-2025T04:40:06 - [TEST_STEP][PASSED] - click(findTestObject("Object Repository/Выполнение бизнес-плана/Применить в фильтре ДЗО")): Object: 'Object Repository/Выполнение бизнес-плана/Применить в фильтре ДЗО' is clicked on

29-01-2025T04:40:07 - [MESSAGE][PASSED] - Object: 'Object Repository/Выполнение бизнес-плана/Применить в фильтре ДЗО' is clicked on

29-01-2025T04:40:07 - [TEST_STEP][PASSED] - delay(30): Delayed 30 second(s)

29-01-2025T04:40:37 - [MESSAGE][PASSED] - Delayed 30 second(s)

29-01-2025T04:40:37 - [TEST_STEP][PASSED] - x1 = getText(findTestObject("Выполнение бизнес-плана/Список ДЗО старый")): Text of object 'Object Repository/Выполнение бизнес-плана/Список ДЗО старый' is: 'Россети ФСК ЕЭС
АО «Тываэнерго»
Россети Волга
Россети Кубань
Россети Ленэнерго(ГК)
РоссетиМосковскийрегион
Россети Северо-Запад
Россети Сибирь
Россети Томск
Россети Урал (ГК)
Россети Центр(ГК)
Россети Юг (ГК)
Россети Янтарь
0
20
40
60
-20
80'

29-01-2025T04:40:37 - [MESSAGE][PASSED] - Text of object 'Object Repository/Выполнение бизнес-плана/Список ДЗО старый' is: 'Россети ФСК ЕЭС
АО «Тываэнерго»
Россети Волга
Россети Кубань
Россети Ленэнерго(ГК)
РоссетиМосковскийрегион
Россети Северо-Запад
Россети Сибирь
Россети Томск
Россети Урал (ГК)
Россети Центр(ГК)
Россети Юг (ГК)
Россети Янтарь
0
20
40
60
-20
80'

29-01-2025T04:40:37 - [TEST_STEP][PASSED] - dZO = "ПАО Россети": null

29-01-2025T04:40:37 - [TEST_STEP][PASSED] - a = 84: null

29-01-2025T04:40:37 - [TEST_STEP][PASSED] - Script1718980020443.Numbers(a, typeOfData, todaysDate, pageInt, fileInt, pageDouble, fileDouble, dZO, dzoNum, filialNum): null

29-01-2025T04:40:37 - [TEST_STEP][PASSED] - println(dzoNum): null

29-01-2025T04:40:37 - [TEST_STEP][PASSED] - planFact = <not implemented yet for class: org.codehaus.groovy.ast.expr.EmptyExpression>: null

29-01-2025T04:40:37 - [TEST_STEP][PASSED] - page = <not implemented yet for class: org.codehaus.groovy.ast.expr.EmptyExpression>: null

29-01-2025T04:40:37 - [TEST_STEP][PASSED] - page1 = <not implemented yet for class: org.codehaus.groovy.ast.expr.EmptyExpression>: null

29-01-2025T04:40:37 - [TEST_STEP][PASSED] - page2 = <not implemented yet for class: org.codehaus.groovy.ast.expr.EmptyExpression>: null

29-01-2025T04:40:37 - [TEST_STEP][PASSED] - filialNumberInRow = <not implemented yet for class: org.codehaus.groovy.ast.expr.EmptyExpression>: null

29-01-2025T04:40:37 - [TEST_STEP][PASSED] - filialsDzoNames = <not implemented yet for class: org.codehaus.groovy.ast.expr.EmptyExpression>: null

29-01-2025T04:40:37 - [TEST_STEP][PASSED] - numberOfFilials = <not implemented yet for class: org.codehaus.groovy.ast.expr.EmptyExpression>: null

29-01-2025T04:40:37 - [TEST_STEP][PASSED] - numberOfSpaces = <not implemented yet for class: org.codehaus.groovy.ast.expr.EmptyExpression>: null

29-01-2025T04:40:37 - [TEST_STEP][PASSED] - file = <not implemented yet for class: org.codehaus.groovy.ast.expr.EmptyExpression>: null

29-01-2025T04:40:37 - [TEST_STEP][PASSED] - otpusk = <not implemented yet for class: org.codehaus.groovy.ast.expr.EmptyExpression>: null

29-01-2025T04:40:37 - [TEST_STEP][PASSED] - poteri = <not implemented yet for class: org.codehaus.groovy.ast.expr.EmptyExpression>: null

29-01-2025T04:40:37 - [TEST_STEP][PASSED] - dataFolder = "Выполнение бизнес-плана/Значения со страницы Выполнение бизнес-плана/": null

29-01-2025T04:40:37 - [TEST_STEP][PASSED] - path = <not implemented yet for class: org.codehaus.groovy.ast.expr.EmptyExpression>: null

29-01-2025T04:40:37 - [TEST_STEP][PASSED] - typeOfDataMain = <not implemented yet for class: org.codehaus.groovy.ast.expr.EmptyExpression>: null

29-01-2025T04:40:37 - [TEST_STEP][PASSED] - fileOtpuskVSet = <not implemented yet for class: org.codehaus.groovy.ast.expr.EmptyExpression>: null

29-01-2025T04:40:37 - [TEST_STEP][PASSED] - pageOtpuskVSet = <not implemented yet for class: org.codehaus.groovy.ast.expr.EmptyExpression>: null

29-01-2025T04:40:37 - [TEST_STEP][PASSED] - filePoteri = <not implemented yet for class: org.codehaus.groovy.ast.expr.EmptyExpression>: null

29-01-2025T04:40:37 - [TEST_STEP][PASSED] - pagePoteri = <not implemented yet for class: org.codehaus.groovy.ast.expr.EmptyExpression>: null

29-01-2025T04:40:37 - [TEST_STEP][PASSED] - compare = <not implemented yet for class: org.codehaus.groovy.ast.expr.EmptyExpression>: null

29-01-2025T04:40:37 - [TEST_STEP][PASSED] - b = <not implemented yet for class: org.codehaus.groovy.ast.expr.EmptyExpression>: null

29-01-2025T04:40:37 - [TEST_STEP][PASSED] - i = <not implemented yet for class: org.codehaus.groovy.ast.expr.EmptyExpression>: null

29-01-2025T04:40:37 - [TEST_STEP][PASSED] - ii = <not implemented yet for class: org.codehaus.groovy.ast.expr.EmptyExpression>: null

29-01-2025T04:40:37 - [TEST_STEP][PASSED] - c = <not implemented yet for class: org.codehaus.groovy.ast.expr.EmptyExpression>: null

29-01-2025T04:40:37 - [TEST_STEP][PASSED] - numberOfErrors = 0: null

29-01-2025T04:40:37 - [TEST_STEP][PASSED] - if (a == 82): null

29-01-2025T04:40:37 - [TEST_STEP][PASSED] - b = findTestData("PlanFact").getValue(1, a): null

29-01-2025T04:40:37 - [TEST_STEP][PASSED] - i = b.indexOf(" (ГК)"): null

29-01-2025T04:40:37 - [TEST_STEP][PASSED] - if (i > -1): null

29-01-2025T04:40:37 - [TEST_STEP][PASSED] - i = b.indexOf("О ""): null

29-01-2025T04:40:37 - [TEST_STEP][PASSED] - if (i > -1): null

29-01-2025T04:40:37 - [TEST_STEP][PASSED] - i = b.indexOf("О «"): null

29-01-2025T04:40:37 - [TEST_STEP][PASSED] - if (i > -1): null

29-01-2025T04:40:37 - [TEST_STEP][PASSED] - i = b.indexOf("г. "): null

29-01-2025T04:40:37 - [TEST_STEP][PASSED] - if (i > -1): null

29-01-2025T04:40:37 - [TEST_STEP][PASSED] - b = b.trim(): null

29-01-2025T04:40:37 - [TEST_STEP][PASSED] - println(b): null

29-01-2025T04:40:37 - [TEST_STEP][PASSED] - for ([planFact = 1, planFact < 3, (planFact++)]): null

29-01-2025T04:40:37 - [TEST_STEP][PASSED] - if (planFact == 1): null

29-01-2025T04:40:37 - [TEST_STEP][PASSED] - typeOfDataMain = "Факт": null

29-01-2025T04:40:37 - [TEST_STEP][PASSED] - otpusk = findTestData("PlanFact").getValue(5, a): null

29-01-2025T04:40:37 - [TEST_STEP][PASSED] - poteri = findTestData("PlanFact").getValue(6, a): null

29-01-2025T04:40:37 - [TEST_STEP][PASSED] - otpusk = otpusk.replaceAll("\s+", ""): null

29-01-2025T04:40:37 - [TEST_STEP][PASSED] - poteri = poteri.replaceAll("\s+", ""): null

29-01-2025T04:40:37 - [TEST_STEP][PASSED] - typeOfData = typeOfDataMain + " Отпуск в сеть": null

29-01-2025T04:40:37 - [TEST_STEP][PASSED] - if (a == 82): null

29-01-2025T04:40:37 - [TEST_STEP][PASSED] - else if (a == 84): null

29-01-2025T04:40:37 - [TEST_STEP][PASSED] - path = dataFolder + typeOfData + " за отчётный период " + "ПАО Россети": null

29-01-2025T04:40:37 - [TEST_STEP][PASSED] - println(path): null

29-01-2025T04:40:37 - [TEST_STEP][PASSED] - page = getText(findTestObject(path)): Text of object 'Object Repository/Выполнение бизнес-плана/Значения со страницы Выполнение бизнес-плана/Факт Отпуск в сеть за отчётный период ПАО Россети' is: '581 821 418'

29-01-2025T04:40:37 - [MESSAGE][PASSED] - Text of object 'Object Repository/Выполнение бизнес-плана/Значения со страницы Выполнение бизнес-плана/Факт Отпуск в сеть за отчётный период ПАО Россети' is: '581 821 418'

29-01-2025T04:40:37 - [TEST_STEP][PASSED] - page = page.replaceAll("\s+", ""): null

29-01-2025T04:40:37 - [TEST_STEP][PASSED] - fileOtpuskVSet = otpusk.toInteger(): null

29-01-2025T04:40:37 - [TEST_STEP][PASSED] - pageOtpuskVSet = page.toInteger(): null

29-01-2025T04:40:37 - [TEST_STEP][PASSED] - typeOfData = typeOfDataMain + " Потери": null

29-01-2025T04:40:37 - [TEST_STEP][PASSED] - if (a == 82): null

29-01-2025T04:40:37 - [TEST_STEP][PASSED] - else if (a == 84): null

29-01-2025T04:40:37 - [TEST_STEP][PASSED] - path = dataFolder + typeOfData + " за отчётный период " + "ПАО Россети": null

29-01-2025T04:40:37 - [TEST_STEP][PASSED] - page = getText(findTestObject(path)): Text of object 'Object Repository/Выполнение бизнес-плана/Значения со страницы Выполнение бизнес-плана/Факт Потери за отчётный период ПАО Россети' is: '44 811 055'

29-01-2025T04:40:38 - [MESSAGE][PASSED] - Text of object 'Object Repository/Выполнение бизнес-плана/Значения со страницы Выполнение бизнес-плана/Факт Потери за отчётный период ПАО Россети' is: '44 811 055'

29-01-2025T04:40:38 - [TEST_STEP][PASSED] - page = page.replaceAll("\s+", ""): null

29-01-2025T04:40:38 - [TEST_STEP][PASSED] - filePoteri = poteri.toInteger(): null

29-01-2025T04:40:38 - [TEST_STEP][PASSED] - pagePoteri = page.toInteger(): null

29-01-2025T04:40:38 - [TEST_STEP][PASSED] - compare = pageOtpuskVSet: null

29-01-2025T04:40:38 - [TEST_STEP][PASSED] - if (compare == fileOtpuskVSet): null

29-01-2025T04:40:38 - [TEST_STEP][PASSED] - else if (compare > fileOtpuskVSet): null

29-01-2025T04:40:38 - [TEST_STEP][PASSED] - else if (compare < fileOtpuskVSet): null

29-01-2025T04:40:38 - [TEST_STEP][PASSED] - compare = compare + 1: null

29-01-2025T04:40:38 - [TEST_STEP][PASSED] - if (compare == fileOtpuskVSet): null

29-01-2025T04:40:38 - [TEST_STEP][PASSED] - else: null

29-01-2025T04:40:38 - [TEST_STEP][PASSED] - numberOfErrors = numberOfErrors + 1: null

29-01-2025T04:40:38 - [TEST_STEP][PASSED] - pageInt = pageOtpuskVSet: null

29-01-2025T04:40:38 - [TEST_STEP][PASSED] - fileInt = fileOtpuskVSet: null

29-01-2025T04:40:38 - [TEST_STEP][PASSED] - typeOfData = typeOfDataMain + " Отпуск в сеть": null

29-01-2025T04:40:38 - [TEST_STEP][PASSED] - Script1718980020443.WriteToExcel(a, typeOfData, todaysDate, pageInt, fileInt, pageDouble, fileDouble, dZO): null

29-01-2025T04:40:38 - [TEST_STEP][PASSED] - sheetName = "Sheet1": null

29-01-2025T04:40:38 - [TEST_STEP][PASSED] - data = findTestData("PlanFact"): null

29-01-2025T04:40:38 - [TEST_STEP][PASSED] - n = data.getRowNumbers() + 1: null

29-01-2025T04:40:38 - [TEST_STEP][PASSED] - year = todaysDate.substring(todaysDate.length() - 4, todaysDate.length()): null

29-01-2025T04:40:38 - [TEST_STEP][PASSED] - y = year.toInteger(): null

29-01-2025T04:40:38 - [TEST_STEP][PASSED] - m = getText(findTestObject("Выполнение бизнес-плана/Период")): Text of object 'Object Repository/Выполнение бизнес-плана/Период' is: '1, 2, 3 кв., Октябрь, Ноябрь 2024 года'

29-01-2025T04:40:38 - [MESSAGE][PASSED] - Text of object 'Object Repository/Выполнение бизнес-плана/Период' is: '1, 2, 3 кв., Октябрь, Ноябрь 2024 года'

29-01-2025T04:40:38 - [TEST_STEP][PASSED] - m = m.substring(0, m.indexOf("2024")): null

29-01-2025T04:40:38 - [TEST_STEP][PASSED] - m = m.trim(): null

29-01-2025T04:40:38 - [TEST_STEP][PASSED] - dashboardName = "Выполнение бизнес-плана": null

29-01-2025T04:40:38 - [TEST_STEP][PASSED] - workbook01 = getWorkbook(excelFilePath): null

29-01-2025T04:40:38 - [TEST_STEP][PASSED] - sheet01 = getExcelSheet(workbook01, sheetName): null

29-01-2025T04:40:38 - [TEST_STEP][PASSED] - setValueToCellByIndex(sheet01, n, 0, dashboardName): null

29-01-2025T04:40:38 - [TEST_STEP][PASSED] - setValueToCellByIndex(sheet01, n, 1, dZO): null

29-01-2025T04:40:38 - [TEST_STEP][PASSED] - setValueToCellByIndex(sheet01, n, 2, typeOfData): null

29-01-2025T04:40:38 - [TEST_STEP][PASSED] - if (typeOfData == "Факт в процентах" || typeOfData == "План в процентах"): null

29-01-2025T04:40:38 - [TEST_STEP][PASSED] - else: null

29-01-2025T04:40:38 - [TEST_STEP][PASSED] - setValueToCellByIndex(sheet01, n, 3, fileInt): null

29-01-2025T04:40:38 - [TEST_STEP][PASSED] - setValueToCellByIndex(sheet01, n, 4, pageInt): null

29-01-2025T04:40:38 - [TEST_STEP][PASSED] - setValueToCellByIndex(sheet01, n, 5, m): null

29-01-2025T04:40:38 - [TEST_STEP][PASSED] - setValueToCellByIndex(sheet01, n, 6, y): null

29-01-2025T04:40:38 - [TEST_STEP][PASSED] - setValueToCellByIndex(sheet01, n, 7, todaysDate): null

29-01-2025T04:40:38 - [TEST_STEP][PASSED] - n = n + 1: null

29-01-2025T04:40:38 - [TEST_STEP][PASSED] - saveWorkbook(excelFilePath, workbook01): null

29-01-2025T04:40:38 - [TEST_STEP][PASSED] - compare = pagePoteri: null

29-01-2025T04:40:38 - [TEST_STEP][PASSED] - if (compare == filePoteri): null

29-01-2025T04:40:38 - [TEST_STEP][PASSED] - else if (compare > filePoteri): null

29-01-2025T04:40:38 - [TEST_STEP][PASSED] - else if (compare < filePoteri): null

29-01-2025T04:40:38 - [TEST_STEP][PASSED] - compare = compare + 1: null

29-01-2025T04:40:38 - [TEST_STEP][PASSED] - if (compare == filePoteri): null

29-01-2025T04:40:38 - [TEST_STEP][PASSED] - else: null

29-01-2025T04:40:38 - [TEST_STEP][PASSED] - numberOfErrors = numberOfErrors + 1: null

29-01-2025T04:40:38 - [TEST_STEP][PASSED] - pageInt = pagePoteri: null

29-01-2025T04:40:38 - [TEST_STEP][PASSED] - fileInt = filePoteri: null

29-01-2025T04:40:38 - [TEST_STEP][PASSED] - typeOfData = typeOfDataMain + " Потери": null

29-01-2025T04:40:38 - [TEST_STEP][PASSED] - Script1718980020443.WriteToExcel(a, typeOfData, todaysDate, pageInt, fileInt, pageDouble, fileDouble, dZO): null

29-01-2025T04:40:38 - [TEST_STEP][PASSED] - sheetName = "Sheet1": null

29-01-2025T04:40:38 - [TEST_STEP][PASSED] - data = findTestData("PlanFact"): null

29-01-2025T04:40:38 - [TEST_STEP][PASSED] - n = data.getRowNumbers() + 1: null

29-01-2025T04:40:38 - [TEST_STEP][PASSED] - year = todaysDate.substring(todaysDate.length() - 4, todaysDate.length()): null

29-01-2025T04:40:38 - [TEST_STEP][PASSED] - y = year.toInteger(): null

29-01-2025T04:40:38 - [TEST_STEP][PASSED] - m = getText(findTestObject("Выполнение бизнес-плана/Период")): Text of object 'Object Repository/Выполнение бизнес-плана/Период' is: '1, 2, 3 кв., Октябрь, Ноябрь 2024 года'

29-01-2025T04:40:39 - [MESSAGE][PASSED] - Text of object 'Object Repository/Выполнение бизнес-плана/Период' is: '1, 2, 3 кв., Октябрь, Ноябрь 2024 года'

29-01-2025T04:40:39 - [TEST_STEP][PASSED] - m = m.substring(0, m.indexOf("2024")): null

29-01-2025T04:40:39 - [TEST_STEP][PASSED] - m = m.trim(): null

29-01-2025T04:40:39 - [TEST_STEP][PASSED] - dashboardName = "Выполнение бизнес-плана": null

29-01-2025T04:40:39 - [TEST_STEP][PASSED] - workbook01 = getWorkbook(excelFilePath): null

29-01-2025T04:40:39 - [TEST_STEP][PASSED] - sheet01 = getExcelSheet(workbook01, sheetName): null

29-01-2025T04:40:39 - [TEST_STEP][PASSED] - setValueToCellByIndex(sheet01, n, 0, dashboardName): null

29-01-2025T04:40:39 - [TEST_STEP][PASSED] - setValueToCellByIndex(sheet01, n, 1, dZO): null

29-01-2025T04:40:39 - [TEST_STEP][PASSED] - setValueToCellByIndex(sheet01, n, 2, typeOfData): null

29-01-2025T04:40:39 - [TEST_STEP][PASSED] - if (typeOfData == "Факт в процентах" || typeOfData == "План в процентах"): null

29-01-2025T04:40:39 - [TEST_STEP][PASSED] - else: null

29-01-2025T04:40:39 - [TEST_STEP][PASSED] - setValueToCellByIndex(sheet01, n, 3, fileInt): null

29-01-2025T04:40:39 - [TEST_STEP][PASSED] - setValueToCellByIndex(sheet01, n, 4, pageInt): null

29-01-2025T04:40:39 - [TEST_STEP][PASSED] - setValueToCellByIndex(sheet01, n, 5, m): null

29-01-2025T04:40:39 - [TEST_STEP][PASSED] - setValueToCellByIndex(sheet01, n, 6, y): null

29-01-2025T04:40:39 - [TEST_STEP][PASSED] - setValueToCellByIndex(sheet01, n, 7, todaysDate): null

29-01-2025T04:40:39 - [TEST_STEP][PASSED] - n = n + 1: null

29-01-2025T04:40:39 - [TEST_STEP][PASSED] - saveWorkbook(excelFilePath, workbook01): null

29-01-2025T04:40:39 - [TEST_STEP][PASSED] - if (planFact == 2): null

29-01-2025T04:40:39 - [TEST_STEP][PASSED] - if (planFact == 1): null

29-01-2025T04:40:39 - [TEST_STEP][PASSED] - else if (planFact == 2): null

29-01-2025T04:40:39 - [TEST_STEP][PASSED] - click(findTestObject("Выполнение бизнес-плана/Кнопка План")): Object: 'Object Repository/Выполнение бизнес-плана/Кнопка План' is clicked on

29-01-2025T04:40:39 - [MESSAGE][PASSED] - Object: 'Object Repository/Выполнение бизнес-плана/Кнопка План' is clicked on

29-01-2025T04:40:39 - [TEST_STEP][PASSED] - typeOfDataMain = "План": null

29-01-2025T04:40:39 - [TEST_STEP][PASSED] - otpusk = findTestData("PlanFact").getValue(2, a): null

29-01-2025T04:40:39 - [TEST_STEP][PASSED] - poteri = findTestData("PlanFact").getValue(3, a): null

29-01-2025T04:40:39 - [TEST_STEP][PASSED] - otpusk = otpusk.replaceAll("\s+", ""): null

29-01-2025T04:40:39 - [TEST_STEP][PASSED] - poteri = poteri.replaceAll("\s+", ""): null

29-01-2025T04:40:39 - [TEST_STEP][PASSED] - typeOfData = typeOfDataMain + " Отпуск в сеть": null

29-01-2025T04:40:39 - [TEST_STEP][PASSED] - if (a == 82): null

29-01-2025T04:40:39 - [TEST_STEP][PASSED] - else if (a == 84): null

29-01-2025T04:40:39 - [TEST_STEP][PASSED] - path = dataFolder + typeOfData + " за отчётный период " + "ПАО Россети": null

29-01-2025T04:40:39 - [TEST_STEP][PASSED] - println(path): null

29-01-2025T04:40:39 - [TEST_STEP][PASSED] - page = getText(findTestObject(path)): Text of object 'Object Repository/Выполнение бизнес-плана/Значения со страницы Выполнение бизнес-плана/План Отпуск в сеть за отчётный период ПАО Россети' is: '881 152 793'

29-01-2025T04:40:40 - [MESSAGE][PASSED] - Text of object 'Object Repository/Выполнение бизнес-плана/Значения со страницы Выполнение бизнес-плана/План Отпуск в сеть за отчётный период ПАО Россети' is: '881 152 793'

29-01-2025T04:40:40 - [TEST_STEP][PASSED] - page = page.replaceAll("\s+", ""): null

29-01-2025T04:40:40 - [TEST_STEP][PASSED] - fileOtpuskVSet = otpusk.toInteger(): null

29-01-2025T04:40:40 - [TEST_STEP][PASSED] - pageOtpuskVSet = page.toInteger(): null

29-01-2025T04:40:40 - [TEST_STEP][PASSED] - typeOfData = typeOfDataMain + " Потери": null

29-01-2025T04:40:40 - [TEST_STEP][PASSED] - if (a == 82): null

29-01-2025T04:40:40 - [TEST_STEP][PASSED] - else if (a == 84): null

29-01-2025T04:40:40 - [TEST_STEP][PASSED] - path = dataFolder + typeOfData + " за отчётный период " + "ПАО Россети": null

29-01-2025T04:40:40 - [TEST_STEP][PASSED] - page = getText(findTestObject(path)): Text of object 'Object Repository/Выполнение бизнес-плана/Значения со страницы Выполнение бизнес-плана/План Потери за отчётный период ПАО Россети' is: '47 854 973'

29-01-2025T04:40:40 - [MESSAGE][PASSED] - Text of object 'Object Repository/Выполнение бизнес-плана/Значения со страницы Выполнение бизнес-плана/План Потери за отчётный период ПАО Россети' is: '47 854 973'

29-01-2025T04:40:40 - [TEST_STEP][PASSED] - page = page.replaceAll("\s+", ""): null

29-01-2025T04:40:40 - [TEST_STEP][PASSED] - filePoteri = poteri.toInteger(): null

29-01-2025T04:40:40 - [TEST_STEP][PASSED] - pagePoteri = page.toInteger(): null

29-01-2025T04:40:40 - [TEST_STEP][PASSED] - compare = pageOtpuskVSet: null

29-01-2025T04:40:40 - [TEST_STEP][PASSED] - if (compare == fileOtpuskVSet): null

29-01-2025T04:40:40 - [TEST_STEP][PASSED] - else if (compare > fileOtpuskVSet): null

29-01-2025T04:40:40 - [TEST_STEP][PASSED] - compare = compare - 1: null

29-01-2025T04:40:40 - [TEST_STEP][PASSED] - if (compare == fileOtpuskVSet): null

29-01-2025T04:40:40 - [TEST_STEP][PASSED] - else: null

29-01-2025T04:40:40 - [TEST_STEP][PASSED] - numberOfErrors = numberOfErrors + 1: null

29-01-2025T04:40:40 - [TEST_STEP][PASSED] - pageInt = pageOtpuskVSet: null

29-01-2025T04:40:40 - [TEST_STEP][PASSED] - fileInt = fileOtpuskVSet: null

29-01-2025T04:40:40 - [TEST_STEP][PASSED] - typeOfData = typeOfDataMain + " Отпуск в сеть": null

29-01-2025T04:40:40 - [TEST_STEP][PASSED] - Script1718980020443.WriteToExcel(a, typeOfData, todaysDate, pageInt, fileInt, pageDouble, fileDouble, dZO): null

29-01-2025T04:40:40 - [TEST_STEP][PASSED] - sheetName = "Sheet1": null

29-01-2025T04:40:40 - [TEST_STEP][PASSED] - data = findTestData("PlanFact"): null

29-01-2025T04:40:40 - [TEST_STEP][PASSED] - n = data.getRowNumbers() + 1: null

29-01-2025T04:40:40 - [TEST_STEP][PASSED] - year = todaysDate.substring(todaysDate.length() - 4, todaysDate.length()): null

29-01-2025T04:40:40 - [TEST_STEP][PASSED] - y = year.toInteger(): null

29-01-2025T04:40:40 - [TEST_STEP][PASSED] - m = getText(findTestObject("Выполнение бизнес-плана/Период")): Text of object 'Object Repository/Выполнение бизнес-плана/Период' is: '1, 2, 3 кв., Октябрь, Ноябрь 2024 года'

29-01-2025T04:40:40 - [MESSAGE][PASSED] - Text of object 'Object Repository/Выполнение бизнес-плана/Период' is: '1, 2, 3 кв., Октябрь, Ноябрь 2024 года'

29-01-2025T04:40:40 - [TEST_STEP][PASSED] - m = m.substring(0, m.indexOf("2024")): null

29-01-2025T04:40:40 - [TEST_STEP][PASSED] - m = m.trim(): null

29-01-2025T04:40:40 - [TEST_STEP][PASSED] - dashboardName = "Выполнение бизнес-плана": null

29-01-2025T04:40:40 - [TEST_STEP][PASSED] - workbook01 = getWorkbook(excelFilePath): null

29-01-2025T04:40:40 - [TEST_STEP][PASSED] - sheet01 = getExcelSheet(workbook01, sheetName): null

29-01-2025T04:40:40 - [TEST_STEP][PASSED] - setValueToCellByIndex(sheet01, n, 0, dashboardName): null

29-01-2025T04:40:40 - [TEST_STEP][PASSED] - setValueToCellByIndex(sheet01, n, 1, dZO): null

29-01-2025T04:40:40 - [TEST_STEP][PASSED] - setValueToCellByIndex(sheet01, n, 2, typeOfData): null

29-01-2025T04:40:40 - [TEST_STEP][PASSED] - if (typeOfData == "Факт в процентах" || typeOfData == "План в процентах"): null

29-01-2025T04:40:40 - [TEST_STEP][PASSED] - else: null

29-01-2025T04:40:40 - [TEST_STEP][PASSED] - setValueToCellByIndex(sheet01, n, 3, fileInt): null

29-01-2025T04:40:40 - [TEST_STEP][PASSED] - setValueToCellByIndex(sheet01, n, 4, pageInt): null

29-01-2025T04:40:40 - [TEST_STEP][PASSED] - setValueToCellByIndex(sheet01, n, 5, m): null

29-01-2025T04:40:40 - [TEST_STEP][PASSED] - setValueToCellByIndex(sheet01, n, 6, y): null

29-01-2025T04:40:40 - [TEST_STEP][PASSED] - setValueToCellByIndex(sheet01, n, 7, todaysDate): null

29-01-2025T04:40:40 - [TEST_STEP][PASSED] - n = n + 1: null

29-01-2025T04:40:40 - [TEST_STEP][PASSED] - saveWorkbook(excelFilePath, workbook01): null

29-01-2025T04:40:41 - [TEST_STEP][PASSED] - compare = pagePoteri: null

29-01-2025T04:40:41 - [TEST_STEP][PASSED] - if (compare == filePoteri): null

29-01-2025T04:40:41 - [TEST_STEP][PASSED] - else if (compare > filePoteri): null

29-01-2025T04:40:41 - [TEST_STEP][PASSED] - else if (compare < filePoteri): null

29-01-2025T04:40:41 - [TEST_STEP][PASSED] - compare = compare + 1: null

29-01-2025T04:40:41 - [TEST_STEP][PASSED] - if (compare == filePoteri): null

29-01-2025T04:40:41 - [TEST_STEP][PASSED] - else: null

29-01-2025T04:40:41 - [TEST_STEP][PASSED] - numberOfErrors = numberOfErrors + 1: null

29-01-2025T04:40:41 - [TEST_STEP][PASSED] - pageInt = pagePoteri: null

29-01-2025T04:40:41 - [TEST_STEP][PASSED] - fileInt = filePoteri: null

29-01-2025T04:40:41 - [TEST_STEP][PASSED] - typeOfData = typeOfDataMain + " Потери": null

29-01-2025T04:40:41 - [TEST_STEP][PASSED] - Script1718980020443.WriteToExcel(a, typeOfData, todaysDate, pageInt, fileInt, pageDouble, fileDouble, dZO): null

29-01-2025T04:40:41 - [TEST_STEP][PASSED] - sheetName = "Sheet1": null

29-01-2025T04:40:41 - [TEST_STEP][PASSED] - data = findTestData("PlanFact"): null

29-01-2025T04:40:41 - [TEST_STEP][PASSED] - n = data.getRowNumbers() + 1: null

29-01-2025T04:40:41 - [TEST_STEP][PASSED] - year = todaysDate.substring(todaysDate.length() - 4, todaysDate.length()): null

29-01-2025T04:40:41 - [TEST_STEP][PASSED] - y = year.toInteger(): null

29-01-2025T04:40:41 - [TEST_STEP][PASSED] - m = getText(findTestObject("Выполнение бизнес-плана/Период")): Text of object 'Object Repository/Выполнение бизнес-плана/Период' is: '1, 2, 3 кв., Октябрь, Ноябрь 2024 года'

29-01-2025T04:40:41 - [MESSAGE][PASSED] - Text of object 'Object Repository/Выполнение бизнес-плана/Период' is: '1, 2, 3 кв., Октябрь, Ноябрь 2024 года'

29-01-2025T04:40:41 - [TEST_STEP][PASSED] - m = m.substring(0, m.indexOf("2024")): null

29-01-2025T04:40:41 - [TEST_STEP][PASSED] - m = m.trim(): null

29-01-2025T04:40:41 - [TEST_STEP][PASSED] - dashboardName = "Выполнение бизнес-плана": null

29-01-2025T04:40:41 - [TEST_STEP][PASSED] - workbook01 = getWorkbook(excelFilePath): null

29-01-2025T04:40:41 - [TEST_STEP][PASSED] - sheet01 = getExcelSheet(workbook01, sheetName): null

29-01-2025T04:40:41 - [TEST_STEP][PASSED] - setValueToCellByIndex(sheet01, n, 0, dashboardName): null

29-01-2025T04:40:41 - [TEST_STEP][PASSED] - setValueToCellByIndex(sheet01, n, 1, dZO): null

29-01-2025T04:40:41 - [TEST_STEP][PASSED] - setValueToCellByIndex(sheet01, n, 2, typeOfData): null

29-01-2025T04:40:41 - [TEST_STEP][PASSED] - if (typeOfData == "Факт в процентах" || typeOfData == "План в процентах"): null

29-01-2025T04:40:41 - [TEST_STEP][PASSED] - else: null

29-01-2025T04:40:41 - [TEST_STEP][PASSED] - setValueToCellByIndex(sheet01, n, 3, fileInt): null

29-01-2025T04:40:41 - [TEST_STEP][PASSED] - setValueToCellByIndex(sheet01, n, 4, pageInt): null

29-01-2025T04:40:41 - [TEST_STEP][PASSED] - setValueToCellByIndex(sheet01, n, 5, m): null

29-01-2025T04:40:41 - [TEST_STEP][PASSED] - setValueToCellByIndex(sheet01, n, 6, y): null

29-01-2025T04:40:41 - [TEST_STEP][PASSED] - setValueToCellByIndex(sheet01, n, 7, todaysDate): null

29-01-2025T04:40:41 - [TEST_STEP][PASSED] - n = n + 1: null

29-01-2025T04:40:41 - [TEST_STEP][PASSED] - saveWorkbook(excelFilePath, workbook01): Object: 'Object Repository/Выполнение бизнес-плана/Кнопка Факт' is clicked on

29-01-2025T04:40:41 - [TEST_STEP][PASSED] - if (planFact == 2): Object: 'Object Repository/Выполнение бизнес-плана/Кнопка Факт' is clicked on

29-01-2025T04:40:41 - [TEST_STEP][PASSED] - click(findTestObject("Выполнение бизнес-плана/Кнопка Факт")): Object: 'Object Repository/Выполнение бизнес-плана/Кнопка Факт' is clicked on

29-01-2025T04:40:42 - [MESSAGE][PASSED] - Object: 'Object Repository/Выполнение бизнес-плана/Кнопка Факт' is clicked on

29-01-2025T04:40:42 - [TEST_STEP][PASSED] - println("a=" + a): null

29-01-2025T04:40:42 - [TEST_STEP][PASSED] - if (a == 84 || a == 82): null

29-01-2025T04:40:42 - [TEST_STEP][PASSED] - page = getText(findTestObject("Выполнение бизнес-плана/textPlanFact")): Text of object 'Object Repository/Выполнение бизнес-плана/textPlanFact' is: '%
5.43 5.43
7.70 7.70
План
Факт
1
100'

29-01-2025T04:40:42 - [MESSAGE][PASSED] - Text of object 'Object Repository/Выполнение бизнес-плана/textPlanFact' is: '%
5.43 5.43
7.70 7.70
План
Факт
1
100'

29-01-2025T04:40:42 - [TEST_STEP][PASSED] - page = page.replaceAll("\n", "_"): null

29-01-2025T04:40:42 - [TEST_STEP][PASSED] - page = page.substring(page.indexOf("_") + 1, page.length()): null

29-01-2025T04:40:42 - [TEST_STEP][PASSED] - page1 = page.substring(0, page.indexOf("_")): null

29-01-2025T04:40:42 - [TEST_STEP][PASSED] - page1 = page.substring(0, page.indexOf(" ")): null

29-01-2025T04:40:42 - [TEST_STEP][PASSED] - page2 = page.substring(page.indexOf("_") + 1, page.length()): null

29-01-2025T04:40:42 - [TEST_STEP][PASSED] - page2 = page2.substring(0, page.indexOf("_")): null

29-01-2025T04:40:42 - [TEST_STEP][PASSED] - page2 = page2.substring(0, page.indexOf(" ")): null

29-01-2025T04:40:42 - [TEST_STEP][PASSED] - println("page1: " + page1): null

29-01-2025T04:40:42 - [TEST_STEP][PASSED] - println("page2: " + page2): null

29-01-2025T04:40:42 - [TEST_STEP][PASSED] - file = findTestData("PlanFact").getValue(4, a): null

29-01-2025T04:40:42 - [TEST_STEP][PASSED] - file = file.replace(",", "."): null

29-01-2025T04:40:42 - [TEST_STEP][PASSED] - println("file Plan: " + file): null

29-01-2025T04:40:42 - [TEST_STEP][PASSED] - typeOfData = "План в процентах": null

29-01-2025T04:40:42 - [TEST_STEP][PASSED] - fileDouble = file.toDouble(): null

29-01-2025T04:40:42 - [TEST_STEP][PASSED] - pageDouble = page1.toDouble(): null

29-01-2025T04:40:42 - [TEST_STEP][PASSED] - if (fileDouble != pageDouble): null

29-01-2025T04:40:42 - [TEST_STEP][PASSED] - numberOfErrors = numberOfErrors + 1: null

29-01-2025T04:40:42 - [TEST_STEP][PASSED] - Script1718980020443.WriteToExcel(a, typeOfData, todaysDate, pageInt, fileInt, pageDouble, fileDouble, dZO): null

29-01-2025T04:40:42 - [TEST_STEP][PASSED] - sheetName = "Sheet1": null

29-01-2025T04:40:42 - [TEST_STEP][PASSED] - data = findTestData("PlanFact"): null

29-01-2025T04:40:42 - [TEST_STEP][PASSED] - n = data.getRowNumbers() + 1: null

29-01-2025T04:40:42 - [TEST_STEP][PASSED] - year = todaysDate.substring(todaysDate.length() - 4, todaysDate.length()): null

29-01-2025T04:40:42 - [TEST_STEP][PASSED] - y = year.toInteger(): null

29-01-2025T04:40:42 - [TEST_STEP][PASSED] - m = getText(findTestObject("Выполнение бизнес-плана/Период")): Text of object 'Object Repository/Выполнение бизнес-плана/Период' is: '1, 2, 3 кв., Октябрь, Ноябрь 2024 года'

29-01-2025T04:40:42 - [MESSAGE][PASSED] - Text of object 'Object Repository/Выполнение бизнес-плана/Период' is: '1, 2, 3 кв., Октябрь, Ноябрь 2024 года'

29-01-2025T04:40:42 - [TEST_STEP][PASSED] - m = m.substring(0, m.indexOf("2024")): null

29-01-2025T04:40:42 - [TEST_STEP][PASSED] - m = m.trim(): null

29-01-2025T04:40:42 - [TEST_STEP][PASSED] - dashboardName = "Выполнение бизнес-плана": null

29-01-2025T04:40:42 - [TEST_STEP][PASSED] - workbook01 = getWorkbook(excelFilePath): null

29-01-2025T04:40:42 - [TEST_STEP][PASSED] - sheet01 = getExcelSheet(workbook01, sheetName): null

29-01-2025T04:40:42 - [TEST_STEP][PASSED] - setValueToCellByIndex(sheet01, n, 0, dashboardName): null

29-01-2025T04:40:42 - [TEST_STEP][PASSED] - setValueToCellByIndex(sheet01, n, 1, dZO): null

29-01-2025T04:40:42 - [TEST_STEP][PASSED] - setValueToCellByIndex(sheet01, n, 2, typeOfData): null

29-01-2025T04:40:42 - [TEST_STEP][PASSED] - if (typeOfData == "Факт в процентах" || typeOfData == "План в процентах"): null

29-01-2025T04:40:42 - [TEST_STEP][PASSED] - setValueToCellByIndex(sheet01, n, 3, fileDouble): null

29-01-2025T04:40:42 - [TEST_STEP][PASSED] - setValueToCellByIndex(sheet01, n, 4, pageDouble): null

29-01-2025T04:40:42 - [TEST_STEP][PASSED] - setValueToCellByIndex(sheet01, n, 5, m): null

29-01-2025T04:40:42 - [TEST_STEP][PASSED] - setValueToCellByIndex(sheet01, n, 6, y): null

29-01-2025T04:40:42 - [TEST_STEP][PASSED] - setValueToCellByIndex(sheet01, n, 7, todaysDate): null

29-01-2025T04:40:42 - [TEST_STEP][PASSED] - n = n + 1: null

29-01-2025T04:40:42 - [TEST_STEP][PASSED] - saveWorkbook(excelFilePath, workbook01): null

29-01-2025T04:40:43 - [TEST_STEP][PASSED] - file = findTestData("PlanFact").getValue(7, a): null

29-01-2025T04:40:43 - [TEST_STEP][PASSED] - file = file.replace(",", "."): null

29-01-2025T04:40:43 - [TEST_STEP][PASSED] - println("file Fact: " + file): null

29-01-2025T04:40:43 - [TEST_STEP][PASSED] - fileDouble = file.toDouble(): null

29-01-2025T04:40:43 - [TEST_STEP][PASSED] - typeOfData = "Факт в процентах": null

29-01-2025T04:40:43 - [TEST_STEP][PASSED] - fileDouble = file.toDouble(): null

29-01-2025T04:40:43 - [TEST_STEP][PASSED] - pageDouble = page2.toDouble(): null

29-01-2025T04:40:43 - [TEST_STEP][PASSED] - if (fileDouble != pageDouble): null

29-01-2025T04:40:43 - [TEST_STEP][PASSED] - numberOfErrors = numberOfErrors + 1: null

29-01-2025T04:40:43 - [TEST_STEP][PASSED] - Script1718980020443.WriteToExcel(a, typeOfData, todaysDate, pageInt, fileInt, pageDouble, fileDouble, dZO): null

29-01-2025T04:40:43 - [TEST_STEP][PASSED] - sheetName = "Sheet1": null

29-01-2025T04:40:43 - [TEST_STEP][PASSED] - data = findTestData("PlanFact"): null

29-01-2025T04:40:43 - [TEST_STEP][PASSED] - n = data.getRowNumbers() + 1: null

29-01-2025T04:40:43 - [TEST_STEP][PASSED] - year = todaysDate.substring(todaysDate.length() - 4, todaysDate.length()): null

29-01-2025T04:40:43 - [TEST_STEP][PASSED] - y = year.toInteger(): null

29-01-2025T04:40:43 - [TEST_STEP][PASSED] - m = getText(findTestObject("Выполнение бизнес-плана/Период")): Text of object 'Object Repository/Выполнение бизнес-плана/Период' is: '1, 2, 3 кв., Октябрь, Ноябрь 2024 года'

29-01-2025T04:40:43 - [MESSAGE][PASSED] - Text of object 'Object Repository/Выполнение бизнес-плана/Период' is: '1, 2, 3 кв., Октябрь, Ноябрь 2024 года'

29-01-2025T04:40:43 - [TEST_STEP][PASSED] - m = m.substring(0, m.indexOf("2024")): null

29-01-2025T04:40:43 - [TEST_STEP][PASSED] - m = m.trim(): null

29-01-2025T04:40:43 - [TEST_STEP][PASSED] - dashboardName = "Выполнение бизнес-плана": null

29-01-2025T04:40:43 - [TEST_STEP][PASSED] - workbook01 = getWorkbook(excelFilePath): null

29-01-2025T04:40:43 - [TEST_STEP][PASSED] - sheet01 = getExcelSheet(workbook01, sheetName): null

29-01-2025T04:40:43 - [TEST_STEP][PASSED] - setValueToCellByIndex(sheet01, n, 0, dashboardName): null

29-01-2025T04:40:43 - [TEST_STEP][PASSED] - setValueToCellByIndex(sheet01, n, 1, dZO): null

29-01-2025T04:40:43 - [TEST_STEP][PASSED] - setValueToCellByIndex(sheet01, n, 2, typeOfData): null

29-01-2025T04:40:43 - [TEST_STEP][PASSED] - if (typeOfData == "Факт в процентах" || typeOfData == "План в процентах"): null

29-01-2025T04:40:43 - [TEST_STEP][PASSED] - setValueToCellByIndex(sheet01, n, 3, fileDouble): null

29-01-2025T04:40:43 - [TEST_STEP][PASSED] - setValueToCellByIndex(sheet01, n, 4, pageDouble): null

29-01-2025T04:40:43 - [TEST_STEP][PASSED] - setValueToCellByIndex(sheet01, n, 5, m): null

29-01-2025T04:40:43 - [TEST_STEP][PASSED] - setValueToCellByIndex(sheet01, n, 6, y): null

29-01-2025T04:40:43 - [TEST_STEP][PASSED] - setValueToCellByIndex(sheet01, n, 7, todaysDate): null

29-01-2025T04:40:43 - [TEST_STEP][PASSED] - n = n + 1: null

29-01-2025T04:40:43 - [TEST_STEP][PASSED] - saveWorkbook(excelFilePath, workbook01): null

29-01-2025T04:40:43 - [TEST_STEP][FAILED] - if (verifyEqual(numberOfErrors, 0) == false): null

29-01-2025T04:40:43 - [MESSAGE][FAILED] - Unable to verify equal between actual object '6' and expected object '0' (Root cause: com.kms.katalon.core.exception.StepFailedException: Actual object '6' and expected object '0' are not equal
	at com.kms.katalon.core.keyword.builtin.VerifyEqualKeyword$_verifyEqual_closure1.doCall(VerifyEqualKeyword.groovy:58)
	at com.kms.katalon.core.keyword.builtin.VerifyEqualKeyword$_verifyEqual_closure1.call(VerifyEqualKeyword.groovy)
	at com.kms.katalon.core.keyword.internal.KeywordMain.runKeyword(KeywordMain.groovy:75)
	at com.kms.katalon.core.keyword.builtin.VerifyEqualKeyword.verifyEqual(VerifyEqualKeyword.groovy:63)
	at com.kms.katalon.core.keyword.builtin.VerifyEqualKeyword.execute(VerifyEqualKeyword.groovy:44)
	at com.kms.katalon.core.keyword.internal.KeywordExecutor.executeKeywordForPlatform(KeywordExecutor.groovy:74)
	at com.kms.katalon.core.keyword.BuiltinKeywords.verifyEqual(BuiltinKeywords.groovy:146)
	at jdk.internal.reflect.GeneratedMethodAccessor25.invoke(Unknown Source)
	at java.base/jdk.internal.reflect.DelegatingMethodAccessorImpl.invoke(DelegatingMethodAccessorImpl.java:43)
	at Выполнение бизнес-плана Сверка ПАО Россети все филиалы.Numbers(Выполнение бизнес-плана Сверка ПАО Россети все филиалы:761)
	at Выполнение бизнес-плана Сверка ПАО Россети все филиалы.run(Выполнение бизнес-плана Сверка ПАО Россети все филиалы:210)
	at com.kms.katalon.core.main.ScriptEngine.run(ScriptEngine.java:194)
	at com.kms.katalon.core.main.ScriptEngine.runScriptAsRawText(ScriptEngine.java:119)
	at com.kms.katalon.core.main.TestCaseExecutor.runScript(TestCaseExecutor.java:448)
	at com.kms.katalon.core.main.TestCaseExecutor.doExecute(TestCaseExecutor.java:439)
	at com.kms.katalon.core.main.TestCaseExecutor.processExecutionPhase(TestCaseExecutor.java:418)
	at com.kms.katalon.core.main.TestCaseExecutor.accessMainPhase(TestCaseExecutor.java:410)
	at com.kms.katalon.core.main.TestCaseExecutor.execute(TestCaseExecutor.java:285)
	at com.kms.katalon.core.common.CommonExecutor.accessTestCaseMainPhase(CommonExecutor.java:65)
	at com.kms.katalon.core.main.TestSuiteExecutor.accessTestSuiteMainPhase(TestSuiteExecutor.java:150)
	at com.kms.katalon.core.main.TestSuiteExecutor.execute(TestSuiteExecutor.java:106)
	at com.kms.katalon.core.main.TestCaseMain.startTestSuite(TestCaseMain.java:180)
	at TempTestSuite1738107421100.run(TempTestSuite1738107421100.groovy:35)
	at java.base/jdk.internal.reflect.NativeMethodAccessorImpl.invoke0(Native Method)
	at java.base/jdk.internal.reflect.NativeMethodAccessorImpl.invoke(NativeMethodAccessorImpl.java:77)
	at java.base/jdk.internal.reflect.DelegatingMethodAccessorImpl.invoke(DelegatingMethodAccessorImpl.java:43)
)

29-01-2025T04:40:43 - [TEST_STEP][PASSED] - println(numberOfErrors): null

29-01-2025T04:40:43 - [TEST_STEP][PASSED] - println("a=" + a): null

29-01-2025T04:40:43 - [TEST_STEP][PASSED] - if (a == 28 || a == 77 || a == 74 || a == 65 || a == 36 || a == 44 || a == 54 || a == 1 || a == 18 || a == 59): null

29-01-2025T04:40:43 - [TEST_STEP][PASSED] - if (a == 82): null

29-01-2025T04:40:43 - [TEST_STEP][PASSED] - dZO = "Россети ФСК ЕЭС": null

29-01-2025T04:40:43 - [TEST_STEP][PASSED] - a = 83: null

29-01-2025T04:40:43 - [TEST_STEP][PASSED] - if (x1.contains("ЕЭС")): null

29-01-2025T04:40:43 - [TEST_STEP][PASSED] - dzoNum = dzoNum + 1: null

29-01-2025T04:40:43 - [TEST_STEP][PASSED] - println(dzoNum): null

29-01-2025T04:40:43 - [TEST_STEP][PASSED] - Script1718980020443.Numbers(a, typeOfData, todaysDate, pageInt, fileInt, pageDouble, fileDouble, dZO, dzoNum, filialNum): null

29-01-2025T04:40:43 - [TEST_STEP][PASSED] - println(dzoNum): null

29-01-2025T04:40:43 - [TEST_STEP][PASSED] - planFact = <not implemented yet for class: org.codehaus.groovy.ast.expr.EmptyExpression>: null

29-01-2025T04:40:43 - [TEST_STEP][PASSED] - page = <not implemented yet for class: org.codehaus.groovy.ast.expr.EmptyExpression>: null

29-01-2025T04:40:43 - [TEST_STEP][PASSED] - page1 = <not implemented yet for class: org.codehaus.groovy.ast.expr.EmptyExpression>: null

29-01-2025T04:40:43 - [TEST_STEP][PASSED] - page2 = <not implemented yet for class: org.codehaus.groovy.ast.expr.EmptyExpression>: null

29-01-2025T04:40:43 - [TEST_STEP][PASSED] - filialNumberInRow = <not implemented yet for class: org.codehaus.groovy.ast.expr.EmptyExpression>: null

29-01-2025T04:40:43 - [TEST_STEP][PASSED] - filialsDzoNames = <not implemented yet for class: org.codehaus.groovy.ast.expr.EmptyExpression>: null

29-01-2025T04:40:43 - [TEST_STEP][PASSED] - numberOfFilials = <not implemented yet for class: org.codehaus.groovy.ast.expr.EmptyExpression>: null

29-01-2025T04:40:43 - [TEST_STEP][PASSED] - numberOfSpaces = <not implemented yet for class: org.codehaus.groovy.ast.expr.EmptyExpression>: null

29-01-2025T04:40:43 - [TEST_STEP][PASSED] - file = <not implemented yet for class: org.codehaus.groovy.ast.expr.EmptyExpression>: null

29-01-2025T04:40:43 - [TEST_STEP][PASSED] - otpusk = <not implemented yet for class: org.codehaus.groovy.ast.expr.EmptyExpression>: null

29-01-2025T04:40:43 - [TEST_STEP][PASSED] - poteri = <not implemented yet for class: org.codehaus.groovy.ast.expr.EmptyExpression>: null

29-01-2025T04:40:43 - [TEST_STEP][PASSED] - dataFolder = "Выполнение бизнес-плана/Значения со страницы Выполнение бизнес-плана/": null

29-01-2025T04:40:43 - [TEST_STEP][PASSED] - path = <not implemented yet for class: org.codehaus.groovy.ast.expr.EmptyExpression>: null

29-01-2025T04:40:43 - [TEST_STEP][PASSED] - typeOfDataMain = <not implemented yet for class: org.codehaus.groovy.ast.expr.EmptyExpression>: null

29-01-2025T04:40:43 - [TEST_STEP][PASSED] - fileOtpuskVSet = <not implemented yet for class: org.codehaus.groovy.ast.expr.EmptyExpression>: null

29-01-2025T04:40:43 - [TEST_STEP][PASSED] - pageOtpuskVSet = <not implemented yet for class: org.codehaus.groovy.ast.expr.EmptyExpression>: null

29-01-2025T04:40:43 - [TEST_STEP][PASSED] - filePoteri = <not implemented yet for class: org.codehaus.groovy.ast.expr.EmptyExpression>: null

29-01-2025T04:40:43 - [TEST_STEP][PASSED] - pagePoteri = <not implemented yet for class: org.codehaus.groovy.ast.expr.EmptyExpression>: null

29-01-2025T04:40:43 - [TEST_STEP][PASSED] - compare = <not implemented yet for class: org.codehaus.groovy.ast.expr.EmptyExpression>: null

29-01-2025T04:40:43 - [TEST_STEP][PASSED] - b = <not implemented yet for class: org.codehaus.groovy.ast.expr.EmptyExpression>: null

29-01-2025T04:40:43 - [TEST_STEP][PASSED] - i = <not implemented yet for class: org.codehaus.groovy.ast.expr.EmptyExpression>: null

29-01-2025T04:40:43 - [TEST_STEP][PASSED] - ii = <not implemented yet for class: org.codehaus.groovy.ast.expr.EmptyExpression>: null

29-01-2025T04:40:43 - [TEST_STEP][PASSED] - c = <not implemented yet for class: org.codehaus.groovy.ast.expr.EmptyExpression>: null

29-01-2025T04:40:43 - [TEST_STEP][PASSED] - numberOfErrors = 0: null

29-01-2025T04:40:43 - [TEST_STEP][PASSED] - if (a == 82): null

29-01-2025T04:40:43 - [TEST_STEP][PASSED] - b = findTestData("PlanFact").getValue(1, a): null

29-01-2025T04:40:43 - [TEST_STEP][PASSED] - i = b.indexOf(" (ГК)"): null

29-01-2025T04:40:43 - [TEST_STEP][PASSED] - if (i > -1): null

29-01-2025T04:40:43 - [TEST_STEP][PASSED] - i = b.indexOf("О ""): null

29-01-2025T04:40:43 - [TEST_STEP][PASSED] - if (i > -1): null

29-01-2025T04:40:43 - [TEST_STEP][PASSED] - i = b.indexOf("О «"): null

29-01-2025T04:40:43 - [TEST_STEP][PASSED] - if (i > -1): null

29-01-2025T04:40:43 - [TEST_STEP][PASSED] - i = b.indexOf("г. "): null

29-01-2025T04:40:43 - [TEST_STEP][PASSED] - if (i > -1): null

29-01-2025T04:40:43 - [TEST_STEP][PASSED] - b = b.trim(): null

29-01-2025T04:40:43 - [TEST_STEP][PASSED] - println(b): null

29-01-2025T04:40:43 - [TEST_STEP][PASSED] - for ([planFact = 1, planFact < 3, (planFact++)]): Object: 'Object Repository/Выполнение бизнес-плана/Кнопка Факт' is clicked on

29-01-2025T04:40:43 - [TEST_STEP][PASSED] - if (planFact == 1): null

29-01-2025T04:40:43 - [TEST_STEP][PASSED] - typeOfDataMain = "Факт": null

29-01-2025T04:40:43 - [TEST_STEP][PASSED] - otpusk = findTestData("PlanFact").getValue(5, a): null

29-01-2025T04:40:43 - [TEST_STEP][PASSED] - poteri = findTestData("PlanFact").getValue(6, a): null

29-01-2025T04:40:43 - [TEST_STEP][PASSED] - otpusk = otpusk.replaceAll("\s+", ""): null

29-01-2025T04:40:43 - [TEST_STEP][PASSED] - poteri = poteri.replaceAll("\s+", ""): null

29-01-2025T04:40:43 - [TEST_STEP][PASSED] - typeOfData = typeOfDataMain + " Отпуск в сеть": null

29-01-2025T04:40:43 - [TEST_STEP][PASSED] - if (a == 82): null

29-01-2025T04:40:43 - [TEST_STEP][PASSED] - else if (a == 84): null

29-01-2025T04:40:43 - [TEST_STEP][PASSED] - else if (a == 83 || a == 52 || a == 72 || a == 28 || a == 73 || a == 77 || a == 74 || a == 65 || a == 36 || a == 44 || a == 53 || a == 80 || a == 54 || a == 1 || a == 18 || a == 59 || a == 81): null

29-01-2025T04:40:43 - [TEST_STEP][PASSED] - path = dataFolder + "Table Data/" + typeOfData + " за отчётный период " + dzoNum: null

29-01-2025T04:40:43 - [TEST_STEP][PASSED] - println(path): null

29-01-2025T04:40:43 - [TEST_STEP][PASSED] - page = getText(findTestObject(path)): Text of object 'Object Repository/Выполнение бизнес-плана/Значения со страницы Выполнение бизнес-плана/Table Data/Факт Отпуск в сеть за отчётный период 1' is: '569 816 774'

29-01-2025T04:40:44 - [MESSAGE][PASSED] - Text of object 'Object Repository/Выполнение бизнес-плана/Значения со страницы Выполнение бизнес-плана/Table Data/Факт Отпуск в сеть за отчётный период 1' is: '569 816 774'

29-01-2025T04:40:44 - [TEST_STEP][PASSED] - page = page.replaceAll("\s+", ""): null

29-01-2025T04:40:44 - [TEST_STEP][PASSED] - fileOtpuskVSet = otpusk.toInteger(): null

29-01-2025T04:40:44 - [TEST_STEP][PASSED] - pageOtpuskVSet = page.toInteger(): null

29-01-2025T04:40:44 - [TEST_STEP][PASSED] - typeOfData = typeOfDataMain + " Потери": null

29-01-2025T04:40:44 - [TEST_STEP][PASSED] - if (a == 82): null

29-01-2025T04:40:44 - [TEST_STEP][PASSED] - else if (a == 84): null

29-01-2025T04:40:44 - [TEST_STEP][PASSED] - else if (a == 83 || a == 52 || a == 72 || a == 28 || a == 73 || a == 77 || a == 74 || a == 65 || a == 44 || a == 53 || a == 80 || a == 54 || a == 1 || a == 18 || a == 59 || a == 81): null

29-01-2025T04:40:44 - [TEST_STEP][PASSED] - path = dataFolder + "Table Data/" + typeOfData + " за отчётный период " + dzoNum: null

29-01-2025T04:40:44 - [TEST_STEP][PASSED] - page = getText(findTestObject(path)): Text of object 'Object Repository/Выполнение бизнес-плана/Значения со страницы Выполнение бизнес-плана/Table Data/Факт Потери за отчётный период 1' is: '20 201 362'

29-01-2025T04:40:44 - [MESSAGE][PASSED] - Text of object 'Object Repository/Выполнение бизнес-плана/Значения со страницы Выполнение бизнес-плана/Table Data/Факт Потери за отчётный период 1' is: '20 201 362'

29-01-2025T04:40:44 - [TEST_STEP][PASSED] - page = page.replaceAll("\s+", ""): null

29-01-2025T04:40:44 - [TEST_STEP][PASSED] - filePoteri = poteri.toInteger(): null

29-01-2025T04:40:44 - [TEST_STEP][PASSED] - pagePoteri = page.toInteger(): null

29-01-2025T04:40:44 - [TEST_STEP][PASSED] - compare = pageOtpuskVSet: null

29-01-2025T04:40:44 - [TEST_STEP][PASSED] - if (compare == fileOtpuskVSet): null

29-01-2025T04:40:44 - [TEST_STEP][PASSED] - if (compare == fileOtpuskVSet): null

29-01-2025T04:40:44 - [TEST_STEP][PASSED] - compare = pagePoteri: null

29-01-2025T04:40:44 - [TEST_STEP][PASSED] - if (compare == filePoteri): null

29-01-2025T04:40:44 - [TEST_STEP][PASSED] - if (compare == filePoteri): null

29-01-2025T04:40:44 - [TEST_STEP][PASSED] - if (planFact == 2): null

29-01-2025T04:40:44 - [TEST_STEP][PASSED] - if (planFact == 1): null

29-01-2025T04:40:44 - [TEST_STEP][PASSED] - else if (planFact == 2): null

29-01-2025T04:40:44 - [TEST_STEP][PASSED] - click(findTestObject("Выполнение бизнес-плана/Кнопка План")): Object: 'Object Repository/Выполнение бизнес-плана/Кнопка План' is clicked on

29-01-2025T04:40:44 - [MESSAGE][PASSED] - Object: 'Object Repository/Выполнение бизнес-плана/Кнопка План' is clicked on

29-01-2025T04:40:44 - [TEST_STEP][PASSED] - typeOfDataMain = "План": null

29-01-2025T04:40:44 - [TEST_STEP][PASSED] - otpusk = findTestData("PlanFact").getValue(2, a): null

29-01-2025T04:40:44 - [TEST_STEP][PASSED] - poteri = findTestData("PlanFact").getValue(3, a): null

29-01-2025T04:40:45 - [TEST_STEP][PASSED] - otpusk = otpusk.replaceAll("\s+", ""): null

29-01-2025T04:40:45 - [TEST_STEP][PASSED] - poteri = poteri.replaceAll("\s+", ""): null

29-01-2025T04:40:45 - [TEST_STEP][PASSED] - typeOfData = typeOfDataMain + " Отпуск в сеть": null

29-01-2025T04:40:45 - [TEST_STEP][PASSED] - if (a == 82): null

29-01-2025T04:40:45 - [TEST_STEP][PASSED] - else if (a == 84): null

29-01-2025T04:40:45 - [TEST_STEP][PASSED] - else if (a == 83 || a == 52 || a == 72 || a == 28 || a == 73 || a == 77 || a == 74 || a == 65 || a == 36 || a == 44 || a == 53 || a == 80 || a == 54 || a == 1 || a == 18 || a == 59 || a == 81): null

29-01-2025T04:40:45 - [TEST_STEP][PASSED] - path = dataFolder + "Table Data/" + typeOfData + " за отчётный период " + dzoNum: null

29-01-2025T04:40:45 - [TEST_STEP][PASSED] - println(path): null

29-01-2025T04:40:45 - [TEST_STEP][PASSED] - page = getText(findTestObject(path)): Text of object 'Object Repository/Выполнение бизнес-плана/Значения со страницы Выполнение бизнес-плана/Table Data/План Отпуск в сеть за отчётный период 1' is: '552 921 070'

29-01-2025T04:40:45 - [MESSAGE][PASSED] - Text of object 'Object Repository/Выполнение бизнес-плана/Значения со страницы Выполнение бизнес-плана/Table Data/План Отпуск в сеть за отчётный период 1' is: '552 921 070'

29-01-2025T04:40:45 - [TEST_STEP][PASSED] - page = page.replaceAll("\s+", ""): null

29-01-2025T04:40:45 - [TEST_STEP][PASSED] - fileOtpuskVSet = otpusk.toInteger(): null

29-01-2025T04:40:45 - [TEST_STEP][PASSED] - pageOtpuskVSet = page.toInteger(): null

29-01-2025T04:40:45 - [TEST_STEP][PASSED] - typeOfData = typeOfDataMain + " Потери": null

29-01-2025T04:40:45 - [TEST_STEP][PASSED] - if (a == 82): null

29-01-2025T04:40:45 - [TEST_STEP][PASSED] - else if (a == 84): null

29-01-2025T04:40:45 - [TEST_STEP][PASSED] - else if (a == 83 || a == 52 || a == 72 || a == 28 || a == 73 || a == 77 || a == 74 || a == 65 || a == 44 || a == 53 || a == 80 || a == 54 || a == 1 || a == 18 || a == 59 || a == 81): null

29-01-2025T04:40:45 - [TEST_STEP][PASSED] - path = dataFolder + "Table Data/" + typeOfData + " за отчётный период " + dzoNum: null

29-01-2025T04:40:45 - [TEST_STEP][PASSED] - page = getText(findTestObject(path)): Text of object 'Object Repository/Выполнение бизнес-плана/Значения со страницы Выполнение бизнес-плана/Table Data/План Потери за отчётный период 1' is: '20 739 075'

29-01-2025T04:40:45 - [MESSAGE][PASSED] - Text of object 'Object Repository/Выполнение бизнес-плана/Значения со страницы Выполнение бизнес-плана/Table Data/План Потери за отчётный период 1' is: '20 739 075'

29-01-2025T04:40:45 - [TEST_STEP][PASSED] - page = page.replaceAll("\s+", ""): null

29-01-2025T04:40:45 - [TEST_STEP][PASSED] - filePoteri = poteri.toInteger(): null

29-01-2025T04:40:45 - [TEST_STEP][PASSED] - pagePoteri = page.toInteger(): null

29-01-2025T04:40:45 - [TEST_STEP][PASSED] - compare = pageOtpuskVSet: null

29-01-2025T04:40:45 - [TEST_STEP][PASSED] - if (compare == fileOtpuskVSet): null

29-01-2025T04:40:45 - [TEST_STEP][PASSED] - if (compare == fileOtpuskVSet): null

29-01-2025T04:40:45 - [TEST_STEP][PASSED] - compare = pagePoteri: null

29-01-2025T04:40:45 - [TEST_STEP][PASSED] - if (compare == filePoteri): null

29-01-2025T04:40:45 - [TEST_STEP][PASSED] - if (compare == filePoteri): null

29-01-2025T04:40:45 - [TEST_STEP][PASSED] - if (planFact == 2): Object: 'Object Repository/Выполнение бизнес-плана/Кнопка Факт' is clicked on

29-01-2025T04:40:45 - [TEST_STEP][PASSED] - click(findTestObject("Выполнение бизнес-плана/Кнопка Факт")): Object: 'Object Repository/Выполнение бизнес-плана/Кнопка Факт' is clicked on

29-01-2025T04:40:45 - [MESSAGE][PASSED] - Object: 'Object Repository/Выполнение бизнес-плана/Кнопка Факт' is clicked on

29-01-2025T04:40:45 - [TEST_STEP][PASSED] - println("a=" + a): null

29-01-2025T04:40:45 - [TEST_STEP][PASSED] - if (a == 84 || a == 82): null

29-01-2025T04:40:45 - [TEST_STEP][PASSED] - else if (a == 83 || a == 52 || a == 72 || a == 28 || a == 73 || a == 77 || a == 74 || a == 65 || a == 36 || a == 44 || a == 53 || a == 80 || a == 54 || a == 1 || a == 18 || a == 59 || a == 81): null

29-01-2025T04:40:45 - [TEST_STEP][PASSED] - page1 = getText(findTestObject("Object Repository/Выполнение бизнес-плана/spanPlan" + dzoNum)): Text of object 'Object Repository/Выполнение бизнес-плана/spanPlan1' is: '3.90
|'

29-01-2025T04:40:46 - [MESSAGE][PASSED] - Text of object 'Object Repository/Выполнение бизнес-плана/spanPlan1' is: '3.90
|'

29-01-2025T04:40:46 - [TEST_STEP][PASSED] - page1 = page1.replace("|", ""): null

29-01-2025T04:40:46 - [TEST_STEP][PASSED] - page2 = getText(findTestObject("Object Repository/Выполнение бизнес-плана/spanFact" + dzoNum)): Text of object 'Object Repository/Выполнение бизнес-плана/spanFact1' is: '3.68'

29-01-2025T04:40:46 - [MESSAGE][PASSED] - Text of object 'Object Repository/Выполнение бизнес-плана/spanFact1' is: '3.68'

29-01-2025T04:40:46 - [TEST_STEP][PASSED] - page2 = page2.replace("|", ""): null

29-01-2025T04:40:46 - [TEST_STEP][PASSED] - println("page1: " + page1): null

29-01-2025T04:40:46 - [TEST_STEP][PASSED] - println("page2: " + page2): null

29-01-2025T04:40:46 - [TEST_STEP][PASSED] - file = findTestData("PlanFact").getValue(4, a): null

29-01-2025T04:40:46 - [TEST_STEP][PASSED] - file = file.replace(",", "."): null

29-01-2025T04:40:46 - [TEST_STEP][PASSED] - println("file Plan: " + file): null

29-01-2025T04:40:46 - [TEST_STEP][PASSED] - typeOfData = "План в процентах": null

29-01-2025T04:40:46 - [TEST_STEP][PASSED] - fileDouble = file.toDouble(): null

29-01-2025T04:40:46 - [TEST_STEP][PASSED] - pageDouble = page1.toDouble(): null

29-01-2025T04:40:46 - [TEST_STEP][PASSED] - if (fileDouble != pageDouble): null

29-01-2025T04:40:46 - [TEST_STEP][PASSED] - file = findTestData("PlanFact").getValue(7, a): null

29-01-2025T04:40:46 - [TEST_STEP][PASSED] - file = file.replace(",", "."): null

29-01-2025T04:40:46 - [TEST_STEP][PASSED] - println("file Fact: " + file): null

29-01-2025T04:40:46 - [TEST_STEP][PASSED] - fileDouble = file.toDouble(): null

29-01-2025T04:40:46 - [TEST_STEP][PASSED] - typeOfData = "Факт в процентах": null

29-01-2025T04:40:46 - [TEST_STEP][PASSED] - fileDouble = file.toDouble(): null

29-01-2025T04:40:46 - [TEST_STEP][PASSED] - pageDouble = page2.toDouble(): null

29-01-2025T04:40:46 - [TEST_STEP][PASSED] - if (fileDouble != pageDouble): null

29-01-2025T04:40:46 - [TEST_STEP][PASSED] - if (verifyEqual(numberOfErrors, 0) == false): Actual object '0' and expected object '0' are equal

29-01-2025T04:40:46 - [MESSAGE][PASSED] - Actual object '0' and expected object '0' are equal

29-01-2025T04:40:46 - [TEST_STEP][PASSED] - if (a == 82): null

29-01-2025T04:40:46 - [TEST_STEP][PASSED] - println(dzoNum): null

29-01-2025T04:40:46 - [TEST_STEP][PASSED] - dZO = "РаспредКомплекс": null

29-01-2025T04:40:46 - [TEST_STEP][PASSED] - a = 82: null

29-01-2025T04:40:46 - [TEST_STEP][PASSED] - Script1718980020443.Numbers(a, typeOfData, todaysDate, pageInt, fileInt, pageDouble, fileDouble, dZO, dzoNum, filialNum): null

29-01-2025T04:40:46 - [TEST_STEP][PASSED] - println(dzoNum): null

29-01-2025T04:40:46 - [TEST_STEP][PASSED] - planFact = <not implemented yet for class: org.codehaus.groovy.ast.expr.EmptyExpression>: null

29-01-2025T04:40:46 - [TEST_STEP][PASSED] - page = <not implemented yet for class: org.codehaus.groovy.ast.expr.EmptyExpression>: null

29-01-2025T04:40:46 - [TEST_STEP][PASSED] - page1 = <not implemented yet for class: org.codehaus.groovy.ast.expr.EmptyExpression>: null

29-01-2025T04:40:46 - [TEST_STEP][PASSED] - page2 = <not implemented yet for class: org.codehaus.groovy.ast.expr.EmptyExpression>: null

29-01-2025T04:40:46 - [TEST_STEP][PASSED] - filialNumberInRow = <not implemented yet for class: org.codehaus.groovy.ast.expr.EmptyExpression>: null

29-01-2025T04:40:46 - [TEST_STEP][PASSED] - filialsDzoNames = <not implemented yet for class: org.codehaus.groovy.ast.expr.EmptyExpression>: null

29-01-2025T04:40:46 - [TEST_STEP][PASSED] - numberOfFilials = <not implemented yet for class: org.codehaus.groovy.ast.expr.EmptyExpression>: null

29-01-2025T04:40:46 - [TEST_STEP][PASSED] - numberOfSpaces = <not implemented yet for class: org.codehaus.groovy.ast.expr.EmptyExpression>: null

29-01-2025T04:40:46 - [TEST_STEP][PASSED] - file = <not implemented yet for class: org.codehaus.groovy.ast.expr.EmptyExpression>: null

29-01-2025T04:40:46 - [TEST_STEP][PASSED] - otpusk = <not implemented yet for class: org.codehaus.groovy.ast.expr.EmptyExpression>: null

29-01-2025T04:40:46 - [TEST_STEP][PASSED] - poteri = <not implemented yet for class: org.codehaus.groovy.ast.expr.EmptyExpression>: null

29-01-2025T04:40:46 - [TEST_STEP][PASSED] - dataFolder = "Выполнение бизнес-плана/Значения со страницы Выполнение бизнес-плана/": null

29-01-2025T04:40:46 - [TEST_STEP][PASSED] - path = <not implemented yet for class: org.codehaus.groovy.ast.expr.EmptyExpression>: null

29-01-2025T04:40:46 - [TEST_STEP][PASSED] - typeOfDataMain = <not implemented yet for class: org.codehaus.groovy.ast.expr.EmptyExpression>: null

29-01-2025T04:40:46 - [TEST_STEP][PASSED] - fileOtpuskVSet = <not implemented yet for class: org.codehaus.groovy.ast.expr.EmptyExpression>: null

29-01-2025T04:40:46 - [TEST_STEP][PASSED] - pageOtpuskVSet = <not implemented yet for class: org.codehaus.groovy.ast.expr.EmptyExpression>: null

29-01-2025T04:40:46 - [TEST_STEP][PASSED] - filePoteri = <not implemented yet for class: org.codehaus.groovy.ast.expr.EmptyExpression>: null

29-01-2025T04:40:46 - [TEST_STEP][PASSED] - pagePoteri = <not implemented yet for class: org.codehaus.groovy.ast.expr.EmptyExpression>: null

29-01-2025T04:40:46 - [TEST_STEP][PASSED] - compare = <not implemented yet for class: org.codehaus.groovy.ast.expr.EmptyExpression>: null

29-01-2025T04:40:46 - [TEST_STEP][PASSED] - b = <not implemented yet for class: org.codehaus.groovy.ast.expr.EmptyExpression>: null

29-01-2025T04:40:46 - [TEST_STEP][PASSED] - i = <not implemented yet for class: org.codehaus.groovy.ast.expr.EmptyExpression>: null

29-01-2025T04:40:46 - [TEST_STEP][PASSED] - ii = <not implemented yet for class: org.codehaus.groovy.ast.expr.EmptyExpression>: null

29-01-2025T04:40:46 - [TEST_STEP][PASSED] - c = <not implemented yet for class: org.codehaus.groovy.ast.expr.EmptyExpression>: null

29-01-2025T04:40:46 - [TEST_STEP][PASSED] - numberOfErrors = 0: null

29-01-2025T04:40:46 - [TEST_STEP][PASSED] - if (a == 82): null

29-01-2025T04:40:46 - [TEST_STEP][PASSED] - Script1718980020443.OpenFilter(): null

29-01-2025T04:40:46 - [TEST_STEP][PASSED] - click(findTestObject("Object Repository/Выполнение бизнес-плана/Фильтр ДЗО")): Object: 'Object Repository/Выполнение бизнес-плана/Фильтр ДЗО' is clicked on

29-01-2025T04:40:46 - [MESSAGE][PASSED] - Object: 'Object Repository/Выполнение бизнес-плана/Фильтр ДЗО' is clicked on

29-01-2025T04:40:46 - [TEST_STEP][PASSED] - click(findTestObject("Выполнение бизнес-плана/Снять выделение в фильтре ДЗО")): null

29-01-2025T04:40:47 - [MESSAGE][PASSED] - Object: 'Object Repository/Выполнение бизнес-плана/Снять выделение в фильтре ДЗО' is clicked on

29-01-2025T04:40:47 - [TEST_STEP][PASSED] - click(findTestObject("Выполнение бизнес-плана/Раскрыть список ПАО Россети в фильтре ДЗО")): Object: 'Object Repository/Выполнение бизнес-плана/Раскрыть список ПАО Россети в фильтре ДЗО' is clicked on

29-01-2025T04:40:47 - [MESSAGE][PASSED] - Object: 'Object Repository/Выполнение бизнес-плана/Раскрыть список ПАО Россети в фильтре ДЗО' is clicked on

29-01-2025T04:40:47 - [TEST_STEP][PASSED] - click(findTestObject("Выполнение бизнес-плана/РаспредКомплекс")): Object: 'Object Repository/Выполнение бизнес-плана/РаспредКомплекс' is clicked on

29-01-2025T04:40:48 - [MESSAGE][PASSED] - Object: 'Object Repository/Выполнение бизнес-плана/РаспредКомплекс' is clicked on

29-01-2025T04:40:48 - [TEST_STEP][PASSED] - Script1718980020443.CloseFilter(): null

29-01-2025T04:40:48 - [TEST_STEP][PASSED] - scrollToElement(findTestObject("Выполнение бизнес-плана/Заголовок дашборда"), 30): Scroll to object 'Object Repository/Выполнение бизнес-плана/Заголовок дашборда' successfully

29-01-2025T04:40:48 - [MESSAGE][PASSED] - Scroll to object 'Object Repository/Выполнение бизнес-плана/Заголовок дашборда' successfully

29-01-2025T04:40:48 - [TEST_STEP][PASSED] - click(findTestObject("Object Repository/Выполнение бизнес-плана/Применить в фильтре ДЗО")): null

29-01-2025T04:40:49 - [MESSAGE][PASSED] - Object: 'Object Repository/Выполнение бизнес-плана/Применить в фильтре ДЗО' is clicked on

29-01-2025T04:40:49 - [TEST_STEP][PASSED] - delay(5): Delayed 5 second(s)

29-01-2025T04:40:54 - [MESSAGE][PASSED] - Delayed 5 second(s)

29-01-2025T04:40:54 - [TEST_STEP][PASSED] - b = findTestData("PlanFact").getValue(1, a): null

29-01-2025T04:40:54 - [TEST_STEP][PASSED] - i = b.indexOf(" (ГК)"): null

29-01-2025T04:40:54 - [TEST_STEP][PASSED] - if (i > -1): null

29-01-2025T04:40:54 - [TEST_STEP][PASSED] - i = b.indexOf("О ""): null

29-01-2025T04:40:54 - [TEST_STEP][PASSED] - if (i > -1): null

29-01-2025T04:40:54 - [TEST_STEP][PASSED] - i = b.indexOf("О «"): null

29-01-2025T04:40:54 - [TEST_STEP][PASSED] - if (i > -1): null

29-01-2025T04:40:54 - [TEST_STEP][PASSED] - i = b.indexOf("г. "): null

29-01-2025T04:40:54 - [TEST_STEP][PASSED] - if (i > -1): null

29-01-2025T04:40:54 - [TEST_STEP][PASSED] - b = b.trim(): null

29-01-2025T04:40:54 - [TEST_STEP][PASSED] - println(b): null

29-01-2025T04:40:54 - [TEST_STEP][PASSED] - for ([planFact = 1, planFact < 3, (planFact++)]): null

29-01-2025T04:40:54 - [TEST_STEP][PASSED] - if (planFact == 1): null

29-01-2025T04:40:54 - [TEST_STEP][PASSED] - typeOfDataMain = "Факт": null

29-01-2025T04:40:54 - [TEST_STEP][PASSED] - otpusk = findTestData("PlanFact").getValue(5, a): null

29-01-2025T04:40:54 - [TEST_STEP][PASSED] - poteri = findTestData("PlanFact").getValue(6, a): null

29-01-2025T04:40:54 - [TEST_STEP][PASSED] - otpusk = otpusk.replaceAll("\s+", ""): null

29-01-2025T04:40:54 - [TEST_STEP][PASSED] - poteri = poteri.replaceAll("\s+", ""): null

29-01-2025T04:40:54 - [TEST_STEP][PASSED] - typeOfData = typeOfDataMain + " Отпуск в сеть": null

29-01-2025T04:40:54 - [TEST_STEP][PASSED] - if (a == 82): null

29-01-2025T04:40:54 - [TEST_STEP][PASSED] - path = dataFolder + typeOfData + " за отчётный период " + "РаспредКомплекс": null

29-01-2025T04:40:54 - [TEST_STEP][PASSED] - println(path): null

29-01-2025T04:40:54 - [TEST_STEP][PASSED] - page = getText(findTestObject(path)): Text of object 'Object Repository/Выполнение бизнес-плана/Значения со страницы Выполнение бизнес-плана/Факт Отпуск в сеть за отчётный период РаспредКомплекс' is: '338 332 234'

29-01-2025T04:41:15 - [MESSAGE][PASSED] - Text of object 'Object Repository/Выполнение бизнес-плана/Значения со страницы Выполнение бизнес-плана/Факт Отпуск в сеть за отчётный период РаспредКомплекс' is: '338 332 234'

29-01-2025T04:41:15 - [TEST_STEP][PASSED] - page = page.replaceAll("\s+", ""): null

29-01-2025T04:41:15 - [TEST_STEP][PASSED] - fileOtpuskVSet = otpusk.toInteger(): null

29-01-2025T04:41:15 - [TEST_STEP][PASSED] - pageOtpuskVSet = page.toInteger(): null

29-01-2025T04:41:15 - [TEST_STEP][PASSED] - typeOfData = typeOfDataMain + " Потери": null

29-01-2025T04:41:15 - [TEST_STEP][PASSED] - if (a == 82): null

29-01-2025T04:41:15 - [TEST_STEP][PASSED] - path = dataFolder + typeOfData + " за отчётный период " + "РаспредКомплекс": null

29-01-2025T04:41:15 - [TEST_STEP][PASSED] - page = getText(findTestObject(path)): Text of object 'Object Repository/Выполнение бизнес-плана/Значения со страницы Выполнение бизнес-плана/Факт Потери за отчётный период РаспредКомплекс' is: '24 609 693'

29-01-2025T04:41:16 - [MESSAGE][PASSED] - Text of object 'Object Repository/Выполнение бизнес-плана/Значения со страницы Выполнение бизнес-плана/Факт Потери за отчётный период РаспредКомплекс' is: '24 609 693'

29-01-2025T04:41:16 - [TEST_STEP][PASSED] - page = page.replaceAll("\s+", ""): null

29-01-2025T04:41:16 - [TEST_STEP][PASSED] - filePoteri = poteri.toInteger(): null

29-01-2025T04:41:16 - [TEST_STEP][PASSED] - pagePoteri = page.toInteger(): null

29-01-2025T04:41:16 - [TEST_STEP][PASSED] - compare = pageOtpuskVSet: null

29-01-2025T04:41:16 - [TEST_STEP][PASSED] - if (compare == fileOtpuskVSet): null

29-01-2025T04:41:16 - [TEST_STEP][PASSED] - else if (compare > fileOtpuskVSet): null

29-01-2025T04:41:16 - [TEST_STEP][PASSED] - else if (compare < fileOtpuskVSet): null

29-01-2025T04:41:16 - [TEST_STEP][PASSED] - compare = compare + 1: null

29-01-2025T04:41:16 - [TEST_STEP][PASSED] - if (compare == fileOtpuskVSet): null

29-01-2025T04:41:16 - [TEST_STEP][PASSED] - else: null

29-01-2025T04:41:16 - [TEST_STEP][PASSED] - numberOfErrors = numberOfErrors + 1: null

29-01-2025T04:41:16 - [TEST_STEP][PASSED] - pageInt = pageOtpuskVSet: null

29-01-2025T04:41:16 - [TEST_STEP][PASSED] - fileInt = fileOtpuskVSet: null

29-01-2025T04:41:16 - [TEST_STEP][PASSED] - typeOfData = typeOfDataMain + " Отпуск в сеть": null

29-01-2025T04:41:16 - [TEST_STEP][PASSED] - Script1718980020443.WriteToExcel(a, typeOfData, todaysDate, pageInt, fileInt, pageDouble, fileDouble, dZO): null

29-01-2025T04:41:16 - [TEST_STEP][PASSED] - sheetName = "Sheet1": null

29-01-2025T04:41:16 - [TEST_STEP][PASSED] - data = findTestData("PlanFact"): null

29-01-2025T04:41:16 - [TEST_STEP][PASSED] - n = data.getRowNumbers() + 1: null

29-01-2025T04:41:16 - [TEST_STEP][PASSED] - year = todaysDate.substring(todaysDate.length() - 4, todaysDate.length()): null

29-01-2025T04:41:16 - [TEST_STEP][PASSED] - y = year.toInteger(): null

29-01-2025T04:41:16 - [TEST_STEP][PASSED] - m = getText(findTestObject("Выполнение бизнес-плана/Период")): Text of object 'Object Repository/Выполнение бизнес-плана/Период' is: '1, 2, 3 кв., Октябрь, Ноябрь 2024 года'

29-01-2025T04:41:16 - [MESSAGE][PASSED] - Text of object 'Object Repository/Выполнение бизнес-плана/Период' is: '1, 2, 3 кв., Октябрь, Ноябрь 2024 года'

29-01-2025T04:41:16 - [TEST_STEP][PASSED] - m = m.substring(0, m.indexOf("2024")): null

29-01-2025T04:41:16 - [TEST_STEP][PASSED] - m = m.trim(): null

29-01-2025T04:41:16 - [TEST_STEP][PASSED] - dashboardName = "Выполнение бизнес-плана": null

29-01-2025T04:41:16 - [TEST_STEP][PASSED] - workbook01 = getWorkbook(excelFilePath): null

29-01-2025T04:41:16 - [TEST_STEP][PASSED] - sheet01 = getExcelSheet(workbook01, sheetName): null

29-01-2025T04:41:16 - [TEST_STEP][PASSED] - setValueToCellByIndex(sheet01, n, 0, dashboardName): null

29-01-2025T04:41:16 - [TEST_STEP][PASSED] - setValueToCellByIndex(sheet01, n, 1, dZO): null

29-01-2025T04:41:16 - [TEST_STEP][PASSED] - setValueToCellByIndex(sheet01, n, 2, typeOfData): null

29-01-2025T04:41:16 - [TEST_STEP][PASSED] - if (typeOfData == "Факт в процентах" || typeOfData == "План в процентах"): null

29-01-2025T04:41:16 - [TEST_STEP][PASSED] - else: null

29-01-2025T04:41:16 - [TEST_STEP][PASSED] - setValueToCellByIndex(sheet01, n, 3, fileInt): null

29-01-2025T04:41:16 - [TEST_STEP][PASSED] - setValueToCellByIndex(sheet01, n, 4, pageInt): null

29-01-2025T04:41:16 - [TEST_STEP][PASSED] - setValueToCellByIndex(sheet01, n, 5, m): null

29-01-2025T04:41:16 - [TEST_STEP][PASSED] - setValueToCellByIndex(sheet01, n, 6, y): null

29-01-2025T04:41:16 - [TEST_STEP][PASSED] - setValueToCellByIndex(sheet01, n, 7, todaysDate): null

29-01-2025T04:41:16 - [TEST_STEP][PASSED] - n = n + 1: null

29-01-2025T04:41:16 - [TEST_STEP][PASSED] - saveWorkbook(excelFilePath, workbook01): null

29-01-2025T04:41:16 - [TEST_STEP][PASSED] - compare = pagePoteri: null

29-01-2025T04:41:16 - [TEST_STEP][PASSED] - if (compare == filePoteri): null

29-01-2025T04:41:16 - [TEST_STEP][PASSED] - else if (compare > filePoteri): null

29-01-2025T04:41:16 - [TEST_STEP][PASSED] - else if (compare < filePoteri): null

29-01-2025T04:41:16 - [TEST_STEP][PASSED] - compare = compare + 1: null

29-01-2025T04:41:16 - [TEST_STEP][PASSED] - if (compare == filePoteri): null

29-01-2025T04:41:16 - [TEST_STEP][PASSED] - else: null

29-01-2025T04:41:16 - [TEST_STEP][PASSED] - numberOfErrors = numberOfErrors + 1: null

29-01-2025T04:41:16 - [TEST_STEP][PASSED] - pageInt = pagePoteri: null

29-01-2025T04:41:16 - [TEST_STEP][PASSED] - fileInt = filePoteri: null

29-01-2025T04:41:16 - [TEST_STEP][PASSED] - typeOfData = typeOfDataMain + " Потери": null

29-01-2025T04:41:16 - [TEST_STEP][PASSED] - Script1718980020443.WriteToExcel(a, typeOfData, todaysDate, pageInt, fileInt, pageDouble, fileDouble, dZO): null

29-01-2025T04:41:16 - [TEST_STEP][PASSED] - sheetName = "Sheet1": null

29-01-2025T04:41:16 - [TEST_STEP][PASSED] - data = findTestData("PlanFact"): null

29-01-2025T04:41:16 - [TEST_STEP][PASSED] - n = data.getRowNumbers() + 1: null

29-01-2025T04:41:16 - [TEST_STEP][PASSED] - year = todaysDate.substring(todaysDate.length() - 4, todaysDate.length()): null

29-01-2025T04:41:16 - [TEST_STEP][PASSED] - y = year.toInteger(): null

29-01-2025T04:41:16 - [TEST_STEP][PASSED] - m = getText(findTestObject("Выполнение бизнес-плана/Период")): Text of object 'Object Repository/Выполнение бизнес-плана/Период' is: '1, 2, 3 кв., Октябрь, Ноябрь 2024 года'

29-01-2025T04:41:17 - [MESSAGE][PASSED] - Text of object 'Object Repository/Выполнение бизнес-плана/Период' is: '1, 2, 3 кв., Октябрь, Ноябрь 2024 года'

29-01-2025T04:41:17 - [TEST_STEP][PASSED] - m = m.substring(0, m.indexOf("2024")): null

29-01-2025T04:41:17 - [TEST_STEP][PASSED] - m = m.trim(): null

29-01-2025T04:41:17 - [TEST_STEP][PASSED] - dashboardName = "Выполнение бизнес-плана": null

29-01-2025T04:41:17 - [TEST_STEP][PASSED] - workbook01 = getWorkbook(excelFilePath): null

29-01-2025T04:41:17 - [TEST_STEP][PASSED] - sheet01 = getExcelSheet(workbook01, sheetName): null

29-01-2025T04:41:17 - [TEST_STEP][PASSED] - setValueToCellByIndex(sheet01, n, 0, dashboardName): null

29-01-2025T04:41:17 - [TEST_STEP][PASSED] - setValueToCellByIndex(sheet01, n, 1, dZO): null

29-01-2025T04:41:17 - [TEST_STEP][PASSED] - setValueToCellByIndex(sheet01, n, 2, typeOfData): null

29-01-2025T04:41:17 - [TEST_STEP][PASSED] - if (typeOfData == "Факт в процентах" || typeOfData == "План в процентах"): null

29-01-2025T04:41:17 - [TEST_STEP][PASSED] - else: null

29-01-2025T04:41:17 - [TEST_STEP][PASSED] - setValueToCellByIndex(sheet01, n, 3, fileInt): null

29-01-2025T04:41:17 - [TEST_STEP][PASSED] - setValueToCellByIndex(sheet01, n, 4, pageInt): null

29-01-2025T04:41:17 - [TEST_STEP][PASSED] - setValueToCellByIndex(sheet01, n, 5, m): null

29-01-2025T04:41:17 - [TEST_STEP][PASSED] - setValueToCellByIndex(sheet01, n, 6, y): null

29-01-2025T04:41:17 - [TEST_STEP][PASSED] - setValueToCellByIndex(sheet01, n, 7, todaysDate): null

29-01-2025T04:41:17 - [TEST_STEP][PASSED] - n = n + 1: null

29-01-2025T04:41:17 - [TEST_STEP][PASSED] - saveWorkbook(excelFilePath, workbook01): null

29-01-2025T04:41:17 - [TEST_STEP][PASSED] - if (planFact == 2): null

29-01-2025T04:41:17 - [TEST_STEP][PASSED] - if (planFact == 1): null

29-01-2025T04:41:17 - [TEST_STEP][PASSED] - else if (planFact == 2): null

29-01-2025T04:41:17 - [TEST_STEP][PASSED] - click(findTestObject("Выполнение бизнес-плана/Кнопка План")): Object: 'Object Repository/Выполнение бизнес-плана/Кнопка План' is clicked on

29-01-2025T04:41:17 - [MESSAGE][PASSED] - Object: 'Object Repository/Выполнение бизнес-плана/Кнопка План' is clicked on

29-01-2025T04:41:17 - [TEST_STEP][PASSED] - typeOfDataMain = "План": null

29-01-2025T04:41:17 - [TEST_STEP][PASSED] - otpusk = findTestData("PlanFact").getValue(2, a): null

29-01-2025T04:41:17 - [TEST_STEP][PASSED] - poteri = findTestData("PlanFact").getValue(3, a): null

29-01-2025T04:41:17 - [TEST_STEP][PASSED] - otpusk = otpusk.replaceAll("\s+", ""): null

29-01-2025T04:41:17 - [TEST_STEP][PASSED] - poteri = poteri.replaceAll("\s+", ""): null

29-01-2025T04:41:17 - [TEST_STEP][PASSED] - typeOfData = typeOfDataMain + " Отпуск в сеть": null

29-01-2025T04:41:17 - [TEST_STEP][PASSED] - if (a == 82): null

29-01-2025T04:41:17 - [TEST_STEP][PASSED] - path = dataFolder + typeOfData + " за отчётный период " + "РаспредКомплекс": null

29-01-2025T04:41:17 - [TEST_STEP][PASSED] - println(path): null

29-01-2025T04:41:17 - [TEST_STEP][PASSED] - page = getText(findTestObject(path)): Text of object 'Object Repository/Выполнение бизнес-плана/Значения со страницы Выполнение бизнес-плана/План Отпуск в сеть за отчётный период РаспредКомплекс' is: '328 231 723'

29-01-2025T04:41:18 - [MESSAGE][PASSED] - Text of object 'Object Repository/Выполнение бизнес-плана/Значения со страницы Выполнение бизнес-плана/План Отпуск в сеть за отчётный период РаспредКомплекс' is: '328 231 723'

29-01-2025T04:41:18 - [TEST_STEP][PASSED] - page = page.replaceAll("\s+", ""): null

29-01-2025T04:41:18 - [TEST_STEP][PASSED] - fileOtpuskVSet = otpusk.toInteger(): null

29-01-2025T04:41:18 - [TEST_STEP][PASSED] - pageOtpuskVSet = page.toInteger(): null

29-01-2025T04:41:18 - [TEST_STEP][PASSED] - typeOfData = typeOfDataMain + " Потери": null

29-01-2025T04:41:18 - [TEST_STEP][PASSED] - if (a == 82): null

29-01-2025T04:41:18 - [TEST_STEP][PASSED] - path = dataFolder + typeOfData + " за отчётный период " + "РаспредКомплекс": null

29-01-2025T04:41:18 - [TEST_STEP][PASSED] - page = getText(findTestObject(path)): Text of object 'Object Repository/Выполнение бизнес-плана/Значения со страницы Выполнение бизнес-плана/План Потери за отчётный период РаспредКомплекс' is: '27 115 897'

29-01-2025T04:41:18 - [MESSAGE][PASSED] - Text of object 'Object Repository/Выполнение бизнес-плана/Значения со страницы Выполнение бизнес-плана/План Потери за отчётный период РаспредКомплекс' is: '27 115 897'

29-01-2025T04:41:18 - [TEST_STEP][PASSED] - page = page.replaceAll("\s+", ""): null

29-01-2025T04:41:18 - [TEST_STEP][PASSED] - filePoteri = poteri.toInteger(): null

29-01-2025T04:41:18 - [TEST_STEP][PASSED] - pagePoteri = page.toInteger(): null

29-01-2025T04:41:18 - [TEST_STEP][PASSED] - compare = pageOtpuskVSet: null

29-01-2025T04:41:18 - [TEST_STEP][PASSED] - if (compare == fileOtpuskVSet): null

29-01-2025T04:41:18 - [TEST_STEP][PASSED] - else if (compare > fileOtpuskVSet): null

29-01-2025T04:41:18 - [TEST_STEP][PASSED] - else if (compare < fileOtpuskVSet): null

29-01-2025T04:41:18 - [TEST_STEP][PASSED] - compare = compare + 1: null

29-01-2025T04:41:18 - [TEST_STEP][PASSED] - if (compare == fileOtpuskVSet): null

29-01-2025T04:41:18 - [TEST_STEP][PASSED] - else: null

29-01-2025T04:41:18 - [TEST_STEP][PASSED] - numberOfErrors = numberOfErrors + 1: null

29-01-2025T04:41:18 - [TEST_STEP][PASSED] - pageInt = pageOtpuskVSet: null

29-01-2025T04:41:18 - [TEST_STEP][PASSED] - fileInt = fileOtpuskVSet: null

29-01-2025T04:41:18 - [TEST_STEP][PASSED] - typeOfData = typeOfDataMain + " Отпуск в сеть": null

29-01-2025T04:41:18 - [TEST_STEP][PASSED] - Script1718980020443.WriteToExcel(a, typeOfData, todaysDate, pageInt, fileInt, pageDouble, fileDouble, dZO): null

29-01-2025T04:41:18 - [TEST_STEP][PASSED] - sheetName = "Sheet1": null

29-01-2025T04:41:18 - [TEST_STEP][PASSED] - data = findTestData("PlanFact"): null

29-01-2025T04:41:18 - [TEST_STEP][PASSED] - n = data.getRowNumbers() + 1: null

29-01-2025T04:41:18 - [TEST_STEP][PASSED] - year = todaysDate.substring(todaysDate.length() - 4, todaysDate.length()): null

29-01-2025T04:41:18 - [TEST_STEP][PASSED] - y = year.toInteger(): null

29-01-2025T04:41:18 - [TEST_STEP][PASSED] - m = getText(findTestObject("Выполнение бизнес-плана/Период")): Text of object 'Object Repository/Выполнение бизнес-плана/Период' is: '1, 2, 3 кв., Октябрь, Ноябрь 2024 года'

29-01-2025T04:41:18 - [MESSAGE][PASSED] - Text of object 'Object Repository/Выполнение бизнес-плана/Период' is: '1, 2, 3 кв., Октябрь, Ноябрь 2024 года'

29-01-2025T04:41:18 - [TEST_STEP][PASSED] - m = m.substring(0, m.indexOf("2024")): null

29-01-2025T04:41:18 - [TEST_STEP][PASSED] - m = m.trim(): null

29-01-2025T04:41:18 - [TEST_STEP][PASSED] - dashboardName = "Выполнение бизнес-плана": null

29-01-2025T04:41:18 - [TEST_STEP][PASSED] - workbook01 = getWorkbook(excelFilePath): null

29-01-2025T04:41:18 - [TEST_STEP][PASSED] - sheet01 = getExcelSheet(workbook01, sheetName): null

29-01-2025T04:41:18 - [TEST_STEP][PASSED] - setValueToCellByIndex(sheet01, n, 0, dashboardName): null

29-01-2025T04:41:18 - [TEST_STEP][PASSED] - setValueToCellByIndex(sheet01, n, 1, dZO): null

29-01-2025T04:41:18 - [TEST_STEP][PASSED] - setValueToCellByIndex(sheet01, n, 2, typeOfData): null

29-01-2025T04:41:18 - [TEST_STEP][PASSED] - if (typeOfData == "Факт в процентах" || typeOfData == "План в процентах"): null

29-01-2025T04:41:18 - [TEST_STEP][PASSED] - else: null

29-01-2025T04:41:18 - [TEST_STEP][PASSED] - setValueToCellByIndex(sheet01, n, 3, fileInt): null

29-01-2025T04:41:18 - [TEST_STEP][PASSED] - setValueToCellByIndex(sheet01, n, 4, pageInt): null

29-01-2025T04:41:18 - [TEST_STEP][PASSED] - setValueToCellByIndex(sheet01, n, 5, m): null

29-01-2025T04:41:18 - [TEST_STEP][PASSED] - setValueToCellByIndex(sheet01, n, 6, y): null

29-01-2025T04:41:18 - [TEST_STEP][PASSED] - setValueToCellByIndex(sheet01, n, 7, todaysDate): null

29-01-2025T04:41:18 - [TEST_STEP][PASSED] - n = n + 1: null

29-01-2025T04:41:18 - [TEST_STEP][PASSED] - saveWorkbook(excelFilePath, workbook01): null

29-01-2025T04:41:18 - [TEST_STEP][PASSED] - compare = pagePoteri: null

29-01-2025T04:41:18 - [TEST_STEP][PASSED] - if (compare == filePoteri): null

29-01-2025T04:41:18 - [TEST_STEP][PASSED] - else if (compare > filePoteri): null

29-01-2025T04:41:18 - [TEST_STEP][PASSED] - else if (compare < filePoteri): null

29-01-2025T04:41:18 - [TEST_STEP][PASSED] - compare = compare + 1: null

29-01-2025T04:41:18 - [TEST_STEP][PASSED] - if (compare == filePoteri): null

29-01-2025T04:41:18 - [TEST_STEP][PASSED] - else: null

29-01-2025T04:41:18 - [TEST_STEP][PASSED] - numberOfErrors = numberOfErrors + 1: null

29-01-2025T04:41:18 - [TEST_STEP][PASSED] - pageInt = pagePoteri: null

29-01-2025T04:41:18 - [TEST_STEP][PASSED] - fileInt = filePoteri: null

29-01-2025T04:41:18 - [TEST_STEP][PASSED] - typeOfData = typeOfDataMain + " Потери": null

29-01-2025T04:41:18 - [TEST_STEP][PASSED] - Script1718980020443.WriteToExcel(a, typeOfData, todaysDate, pageInt, fileInt, pageDouble, fileDouble, dZO): null

29-01-2025T04:41:18 - [TEST_STEP][PASSED] - sheetName = "Sheet1": null

29-01-2025T04:41:18 - [TEST_STEP][PASSED] - data = findTestData("PlanFact"): null

29-01-2025T04:41:18 - [TEST_STEP][PASSED] - n = data.getRowNumbers() + 1: null

29-01-2025T04:41:18 - [TEST_STEP][PASSED] - year = todaysDate.substring(todaysDate.length() - 4, todaysDate.length()): null

29-01-2025T04:41:18 - [TEST_STEP][PASSED] - y = year.toInteger(): null

29-01-2025T04:41:18 - [TEST_STEP][PASSED] - m = getText(findTestObject("Выполнение бизнес-плана/Период")): Text of object 'Object Repository/Выполнение бизнес-плана/Период' is: '1, 2, 3 кв., Октябрь, Ноябрь 2024 года'

29-01-2025T04:41:19 - [MESSAGE][PASSED] - Text of object 'Object Repository/Выполнение бизнес-плана/Период' is: '1, 2, 3 кв., Октябрь, Ноябрь 2024 года'

29-01-2025T04:41:19 - [TEST_STEP][PASSED] - m = m.substring(0, m.indexOf("2024")): null

29-01-2025T04:41:19 - [TEST_STEP][PASSED] - m = m.trim(): null

29-01-2025T04:41:19 - [TEST_STEP][PASSED] - dashboardName = "Выполнение бизнес-плана": null

29-01-2025T04:41:19 - [TEST_STEP][PASSED] - workbook01 = getWorkbook(excelFilePath): null

29-01-2025T04:41:19 - [TEST_STEP][PASSED] - sheet01 = getExcelSheet(workbook01, sheetName): null

29-01-2025T04:41:19 - [TEST_STEP][PASSED] - setValueToCellByIndex(sheet01, n, 0, dashboardName): null

29-01-2025T04:41:19 - [TEST_STEP][PASSED] - setValueToCellByIndex(sheet01, n, 1, dZO): null

29-01-2025T04:41:19 - [TEST_STEP][PASSED] - setValueToCellByIndex(sheet01, n, 2, typeOfData): null

29-01-2025T04:41:19 - [TEST_STEP][PASSED] - if (typeOfData == "Факт в процентах" || typeOfData == "План в процентах"): null

29-01-2025T04:41:19 - [TEST_STEP][PASSED] - else: null

29-01-2025T04:41:19 - [TEST_STEP][PASSED] - setValueToCellByIndex(sheet01, n, 3, fileInt): null

29-01-2025T04:41:19 - [TEST_STEP][PASSED] - setValueToCellByIndex(sheet01, n, 4, pageInt): null

29-01-2025T04:41:19 - [TEST_STEP][PASSED] - setValueToCellByIndex(sheet01, n, 5, m): null

29-01-2025T04:41:19 - [TEST_STEP][PASSED] - setValueToCellByIndex(sheet01, n, 6, y): null

29-01-2025T04:41:19 - [TEST_STEP][PASSED] - setValueToCellByIndex(sheet01, n, 7, todaysDate): null

29-01-2025T04:41:19 - [TEST_STEP][PASSED] - n = n + 1: null

29-01-2025T04:41:19 - [TEST_STEP][PASSED] - saveWorkbook(excelFilePath, workbook01): Object: 'Object Repository/Выполнение бизнес-плана/Кнопка Факт' is clicked on

29-01-2025T04:41:19 - [TEST_STEP][PASSED] - if (planFact == 2): Object: 'Object Repository/Выполнение бизнес-плана/Кнопка Факт' is clicked on

29-01-2025T04:41:19 - [TEST_STEP][PASSED] - click(findTestObject("Выполнение бизнес-плана/Кнопка Факт")): Object: 'Object Repository/Выполнение бизнес-плана/Кнопка Факт' is clicked on

29-01-2025T04:41:19 - [MESSAGE][PASSED] - Object: 'Object Repository/Выполнение бизнес-плана/Кнопка Факт' is clicked on

29-01-2025T04:41:19 - [TEST_STEP][PASSED] - println("a=" + a): null

29-01-2025T04:41:19 - [TEST_STEP][PASSED] - if (a == 84 || a == 82): null

29-01-2025T04:41:19 - [TEST_STEP][PASSED] - page = getText(findTestObject("Выполнение бизнес-плана/textPlanFact")): Text of object 'Object Repository/Выполнение бизнес-плана/textPlanFact' is: '%
8.26 8.26
7.27 7.27
План
Факт
1
100'

29-01-2025T04:41:20 - [MESSAGE][PASSED] - Text of object 'Object Repository/Выполнение бизнес-плана/textPlanFact' is: '%
8.26 8.26
7.27 7.27
План
Факт
1
100'

29-01-2025T04:41:20 - [TEST_STEP][PASSED] - page = page.replaceAll("\n", "_"): null

29-01-2025T04:41:20 - [TEST_STEP][PASSED] - page = page.substring(page.indexOf("_") + 1, page.length()): null

29-01-2025T04:41:20 - [TEST_STEP][PASSED] - page1 = page.substring(0, page.indexOf("_")): null

29-01-2025T04:41:20 - [TEST_STEP][PASSED] - page1 = page.substring(0, page.indexOf(" ")): null

29-01-2025T04:41:20 - [TEST_STEP][PASSED] - page2 = page.substring(page.indexOf("_") + 1, page.length()): null

29-01-2025T04:41:20 - [TEST_STEP][PASSED] - page2 = page2.substring(0, page.indexOf("_")): null

29-01-2025T04:41:20 - [TEST_STEP][PASSED] - page2 = page2.substring(0, page.indexOf(" ")): null

29-01-2025T04:41:20 - [TEST_STEP][PASSED] - println("page1: " + page1): null

29-01-2025T04:41:20 - [TEST_STEP][PASSED] - println("page2: " + page2): null

29-01-2025T04:41:20 - [TEST_STEP][PASSED] - file = findTestData("PlanFact").getValue(4, a): null

29-01-2025T04:41:20 - [TEST_STEP][PASSED] - file = file.replace(",", "."): null

29-01-2025T04:41:20 - [TEST_STEP][PASSED] - println("file Plan: " + file): null

29-01-2025T04:41:20 - [TEST_STEP][PASSED] - typeOfData = "План в процентах": null

29-01-2025T04:41:20 - [TEST_STEP][PASSED] - fileDouble = file.toDouble(): null

29-01-2025T04:41:20 - [TEST_STEP][PASSED] - pageDouble = page1.toDouble(): null

29-01-2025T04:41:20 - [TEST_STEP][PASSED] - if (fileDouble != pageDouble): null

29-01-2025T04:41:20 - [TEST_STEP][PASSED] - numberOfErrors = numberOfErrors + 1: null

29-01-2025T04:41:20 - [TEST_STEP][PASSED] - Script1718980020443.WriteToExcel(a, typeOfData, todaysDate, pageInt, fileInt, pageDouble, fileDouble, dZO): null

29-01-2025T04:41:20 - [TEST_STEP][PASSED] - sheetName = "Sheet1": null

29-01-2025T04:41:20 - [TEST_STEP][PASSED] - data = findTestData("PlanFact"): null

29-01-2025T04:41:20 - [TEST_STEP][PASSED] - n = data.getRowNumbers() + 1: null

29-01-2025T04:41:20 - [TEST_STEP][PASSED] - year = todaysDate.substring(todaysDate.length() - 4, todaysDate.length()): null

29-01-2025T04:41:20 - [TEST_STEP][PASSED] - y = year.toInteger(): null

29-01-2025T04:41:20 - [TEST_STEP][PASSED] - m = getText(findTestObject("Выполнение бизнес-плана/Период")): Text of object 'Object Repository/Выполнение бизнес-плана/Период' is: '1, 2, 3 кв., Октябрь, Ноябрь 2024 года'

29-01-2025T04:41:20 - [MESSAGE][PASSED] - Text of object 'Object Repository/Выполнение бизнес-плана/Период' is: '1, 2, 3 кв., Октябрь, Ноябрь 2024 года'

29-01-2025T04:41:20 - [TEST_STEP][PASSED] - m = m.substring(0, m.indexOf("2024")): null

29-01-2025T04:41:20 - [TEST_STEP][PASSED] - m = m.trim(): null

29-01-2025T04:41:20 - [TEST_STEP][PASSED] - dashboardName = "Выполнение бизнес-плана": null

29-01-2025T04:41:20 - [TEST_STEP][PASSED] - workbook01 = getWorkbook(excelFilePath): null

29-01-2025T04:41:20 - [TEST_STEP][PASSED] - sheet01 = getExcelSheet(workbook01, sheetName): null

29-01-2025T04:41:20 - [TEST_STEP][PASSED] - setValueToCellByIndex(sheet01, n, 0, dashboardName): null

29-01-2025T04:41:20 - [TEST_STEP][PASSED] - setValueToCellByIndex(sheet01, n, 1, dZO): null

29-01-2025T04:41:20 - [TEST_STEP][PASSED] - setValueToCellByIndex(sheet01, n, 2, typeOfData): null

29-01-2025T04:41:20 - [TEST_STEP][PASSED] - if (typeOfData == "Факт в процентах" || typeOfData == "План в процентах"): null

29-01-2025T04:41:20 - [TEST_STEP][PASSED] - setValueToCellByIndex(sheet01, n, 3, fileDouble): null

29-01-2025T04:41:20 - [TEST_STEP][PASSED] - setValueToCellByIndex(sheet01, n, 4, pageDouble): null

29-01-2025T04:41:20 - [TEST_STEP][PASSED] - setValueToCellByIndex(sheet01, n, 5, m): null

29-01-2025T04:41:20 - [TEST_STEP][PASSED] - setValueToCellByIndex(sheet01, n, 6, y): null

29-01-2025T04:41:20 - [TEST_STEP][PASSED] - setValueToCellByIndex(sheet01, n, 7, todaysDate): null

29-01-2025T04:41:20 - [TEST_STEP][PASSED] - n = n + 1: null

29-01-2025T04:41:20 - [TEST_STEP][PASSED] - saveWorkbook(excelFilePath, workbook01): null

29-01-2025T04:41:20 - [TEST_STEP][PASSED] - file = findTestData("PlanFact").getValue(7, a): null

29-01-2025T04:41:20 - [TEST_STEP][PASSED] - file = file.replace(",", "."): null

29-01-2025T04:41:20 - [TEST_STEP][PASSED] - println("file Fact: " + file): null

29-01-2025T04:41:20 - [TEST_STEP][PASSED] - fileDouble = file.toDouble(): null

29-01-2025T04:41:20 - [TEST_STEP][PASSED] - typeOfData = "Факт в процентах": null

29-01-2025T04:41:20 - [TEST_STEP][PASSED] - fileDouble = file.toDouble(): null

29-01-2025T04:41:20 - [TEST_STEP][PASSED] - pageDouble = page2.toDouble(): null

29-01-2025T04:41:20 - [TEST_STEP][PASSED] - if (fileDouble != pageDouble): null

29-01-2025T04:41:20 - [TEST_STEP][PASSED] - numberOfErrors = numberOfErrors + 1: null

29-01-2025T04:41:20 - [TEST_STEP][PASSED] - Script1718980020443.WriteToExcel(a, typeOfData, todaysDate, pageInt, fileInt, pageDouble, fileDouble, dZO): null

29-01-2025T04:41:20 - [TEST_STEP][PASSED] - sheetName = "Sheet1": null

29-01-2025T04:41:20 - [TEST_STEP][PASSED] - data = findTestData("PlanFact"): null

29-01-2025T04:41:20 - [TEST_STEP][PASSED] - n = data.getRowNumbers() + 1: null

29-01-2025T04:41:20 - [TEST_STEP][PASSED] - year = todaysDate.substring(todaysDate.length() - 4, todaysDate.length()): null

29-01-2025T04:41:20 - [TEST_STEP][PASSED] - y = year.toInteger(): null

29-01-2025T04:41:20 - [TEST_STEP][PASSED] - m = getText(findTestObject("Выполнение бизнес-плана/Период")): Text of object 'Object Repository/Выполнение бизнес-плана/Период' is: '1, 2, 3 кв., Октябрь, Ноябрь 2024 года'

29-01-2025T04:41:21 - [MESSAGE][PASSED] - Text of object 'Object Repository/Выполнение бизнес-плана/Период' is: '1, 2, 3 кв., Октябрь, Ноябрь 2024 года'

29-01-2025T04:41:21 - [TEST_STEP][PASSED] - m = m.substring(0, m.indexOf("2024")): null

29-01-2025T04:41:21 - [TEST_STEP][PASSED] - m = m.trim(): null

29-01-2025T04:41:21 - [TEST_STEP][PASSED] - dashboardName = "Выполнение бизнес-плана": null

29-01-2025T04:41:21 - [TEST_STEP][PASSED] - workbook01 = getWorkbook(excelFilePath): null

29-01-2025T04:41:21 - [TEST_STEP][PASSED] - sheet01 = getExcelSheet(workbook01, sheetName): null

29-01-2025T04:41:21 - [TEST_STEP][PASSED] - setValueToCellByIndex(sheet01, n, 0, dashboardName): null

29-01-2025T04:41:21 - [TEST_STEP][PASSED] - setValueToCellByIndex(sheet01, n, 1, dZO): null

29-01-2025T04:41:21 - [TEST_STEP][PASSED] - setValueToCellByIndex(sheet01, n, 2, typeOfData): null

29-01-2025T04:41:21 - [TEST_STEP][PASSED] - if (typeOfData == "Факт в процентах" || typeOfData == "План в процентах"): null

29-01-2025T04:41:21 - [TEST_STEP][PASSED] - setValueToCellByIndex(sheet01, n, 3, fileDouble): null

29-01-2025T04:41:21 - [TEST_STEP][PASSED] - setValueToCellByIndex(sheet01, n, 4, pageDouble): null

29-01-2025T04:41:21 - [TEST_STEP][PASSED] - setValueToCellByIndex(sheet01, n, 5, m): null

29-01-2025T04:41:21 - [TEST_STEP][PASSED] - setValueToCellByIndex(sheet01, n, 6, y): null

29-01-2025T04:41:21 - [TEST_STEP][PASSED] - setValueToCellByIndex(sheet01, n, 7, todaysDate): null

29-01-2025T04:41:21 - [TEST_STEP][PASSED] - n = n + 1: null

29-01-2025T04:41:21 - [TEST_STEP][PASSED] - saveWorkbook(excelFilePath, workbook01): null

29-01-2025T04:41:21 - [TEST_STEP][FAILED] - if (verifyEqual(numberOfErrors, 0) == false): null

29-01-2025T04:41:21 - [MESSAGE][FAILED] - Unable to verify equal between actual object '6' and expected object '0' (Root cause: com.kms.katalon.core.exception.StepFailedException: Actual object '6' and expected object '0' are not equal
	at com.kms.katalon.core.keyword.builtin.VerifyEqualKeyword$_verifyEqual_closure1.doCall(VerifyEqualKeyword.groovy:58)
	at com.kms.katalon.core.keyword.builtin.VerifyEqualKeyword$_verifyEqual_closure1.call(VerifyEqualKeyword.groovy)
	at com.kms.katalon.core.keyword.internal.KeywordMain.runKeyword(KeywordMain.groovy:75)
	at com.kms.katalon.core.keyword.builtin.VerifyEqualKeyword.verifyEqual(VerifyEqualKeyword.groovy:63)
	at com.kms.katalon.core.keyword.builtin.VerifyEqualKeyword.execute(VerifyEqualKeyword.groovy:44)
	at com.kms.katalon.core.keyword.internal.KeywordExecutor.executeKeywordForPlatform(KeywordExecutor.groovy:74)
	at com.kms.katalon.core.keyword.BuiltinKeywords.verifyEqual(BuiltinKeywords.groovy:146)
	at jdk.internal.reflect.GeneratedMethodAccessor25.invoke(Unknown Source)
	at java.base/jdk.internal.reflect.DelegatingMethodAccessorImpl.invoke(DelegatingMethodAccessorImpl.java:43)
	at Выполнение бизнес-плана Сверка ПАО Россети все филиалы.Numbers(Выполнение бизнес-плана Сверка ПАО Россети все филиалы:761)
	at Выполнение бизнес-плана Сверка ПАО Россети все филиалы.run(Выполнение бизнес-плана Сверка ПАО Россети все филиалы:232)
	at com.kms.katalon.core.main.ScriptEngine.run(ScriptEngine.java:194)
	at com.kms.katalon.core.main.ScriptEngine.runScriptAsRawText(ScriptEngine.java:119)
	at com.kms.katalon.core.main.TestCaseExecutor.runScript(TestCaseExecutor.java:448)
	at com.kms.katalon.core.main.TestCaseExecutor.doExecute(TestCaseExecutor.java:439)
	at com.kms.katalon.core.main.TestCaseExecutor.processExecutionPhase(TestCaseExecutor.java:418)
	at com.kms.katalon.core.main.TestCaseExecutor.accessMainPhase(TestCaseExecutor.java:410)
	at com.kms.katalon.core.main.TestCaseExecutor.execute(TestCaseExecutor.java:285)
	at com.kms.katalon.core.common.CommonExecutor.accessTestCaseMainPhase(CommonExecutor.java:65)
	at com.kms.katalon.core.main.TestSuiteExecutor.accessTestSuiteMainPhase(TestSuiteExecutor.java:150)
	at com.kms.katalon.core.main.TestSuiteExecutor.execute(TestSuiteExecutor.java:106)
	at com.kms.katalon.core.main.TestCaseMain.startTestSuite(TestCaseMain.java:180)
	at TempTestSuite1738107421100.run(TempTestSuite1738107421100.groovy:35)
	at java.base/jdk.internal.reflect.NativeMethodAccessorImpl.invoke0(Native Method)
	at java.base/jdk.internal.reflect.NativeMethodAccessorImpl.invoke(NativeMethodAccessorImpl.java:77)
	at java.base/jdk.internal.reflect.DelegatingMethodAccessorImpl.invoke(DelegatingMethodAccessorImpl.java:43)
)

29-01-2025T04:41:21 - [TEST_STEP][PASSED] - println(numberOfErrors): null

29-01-2025T04:41:21 - [TEST_STEP][PASSED] - println("a=" + a): null

29-01-2025T04:41:21 - [TEST_STEP][PASSED] - if (a == 28 || a == 77 || a == 74 || a == 65 || a == 36 || a == 44 || a == 54 || a == 1 || a == 18 || a == 59): null

29-01-2025T04:41:21 - [TEST_STEP][PASSED] - if (a == 82): null

29-01-2025T04:41:21 - [TEST_STEP][PASSED] - Script1718980020443.OpenFilter(): null

29-01-2025T04:41:21 - [TEST_STEP][PASSED] - click(findTestObject("Object Repository/Выполнение бизнес-плана/Фильтр ДЗО")): Object: 'Object Repository/Выполнение бизнес-плана/Фильтр ДЗО' is clicked on

29-01-2025T04:41:21 - [MESSAGE][PASSED] - Object: 'Object Repository/Выполнение бизнес-плана/Фильтр ДЗО' is clicked on

29-01-2025T04:41:21 - [TEST_STEP][PASSED] - click(findTestObject("Выполнение бизнес-плана/Снять выделение в фильтре ДЗО")): null

29-01-2025T04:41:22 - [MESSAGE][PASSED] - Object: 'Object Repository/Выполнение бизнес-плана/Снять выделение в фильтре ДЗО' is clicked on

29-01-2025T04:41:22 - [TEST_STEP][PASSED] - Script1718980020443.CloseFilter(): null

29-01-2025T04:41:22 - [TEST_STEP][PASSED] - scrollToElement(findTestObject("Выполнение бизнес-плана/Заголовок дашборда"), 30): Scroll to object 'Object Repository/Выполнение бизнес-плана/Заголовок дашборда' successfully

29-01-2025T04:41:22 - [MESSAGE][PASSED] - Scroll to object 'Object Repository/Выполнение бизнес-плана/Заголовок дашборда' successfully

29-01-2025T04:41:22 - [TEST_STEP][PASSED] - click(findTestObject("Object Repository/Выполнение бизнес-плана/Применить в фильтре ДЗО")): null

29-01-2025T04:41:23 - [MESSAGE][PASSED] - Object: 'Object Repository/Выполнение бизнес-плана/Применить в фильтре ДЗО' is clicked on

29-01-2025T04:41:23 - [TEST_STEP][PASSED] - delay(20): Delayed 20 second(s)

29-01-2025T04:41:43 - [MESSAGE][PASSED] - Delayed 20 second(s)

29-01-2025T04:41:43 - [TEST_STEP][PASSED] - dZO = "АО «Тываэнерго»": null

29-01-2025T04:41:43 - [TEST_STEP][PASSED] - a = 52: null

29-01-2025T04:41:43 - [TEST_STEP][PASSED] - if (x1.contains("Тываэнерго")): null

29-01-2025T04:41:43 - [TEST_STEP][PASSED] - dzoNum = dzoNum + 1: null

29-01-2025T04:41:43 - [TEST_STEP][PASSED] - Script1718980020443.Numbers(a, typeOfData, todaysDate, pageInt, fileInt, pageDouble, fileDouble, dZO, dzoNum, filialNum): null

29-01-2025T04:41:43 - [TEST_STEP][PASSED] - println(dzoNum): null

29-01-2025T04:41:43 - [TEST_STEP][PASSED] - planFact = <not implemented yet for class: org.codehaus.groovy.ast.expr.EmptyExpression>: null

29-01-2025T04:41:43 - [TEST_STEP][PASSED] - page = <not implemented yet for class: org.codehaus.groovy.ast.expr.EmptyExpression>: null

29-01-2025T04:41:43 - [TEST_STEP][PASSED] - page1 = <not implemented yet for class: org.codehaus.groovy.ast.expr.EmptyExpression>: null

29-01-2025T04:41:43 - [TEST_STEP][PASSED] - page2 = <not implemented yet for class: org.codehaus.groovy.ast.expr.EmptyExpression>: null

29-01-2025T04:41:43 - [TEST_STEP][PASSED] - filialNumberInRow = <not implemented yet for class: org.codehaus.groovy.ast.expr.EmptyExpression>: null

29-01-2025T04:41:43 - [TEST_STEP][PASSED] - filialsDzoNames = <not implemented yet for class: org.codehaus.groovy.ast.expr.EmptyExpression>: null

29-01-2025T04:41:43 - [TEST_STEP][PASSED] - numberOfFilials = <not implemented yet for class: org.codehaus.groovy.ast.expr.EmptyExpression>: null

29-01-2025T04:41:43 - [TEST_STEP][PASSED] - numberOfSpaces = <not implemented yet for class: org.codehaus.groovy.ast.expr.EmptyExpression>: null

29-01-2025T04:41:43 - [TEST_STEP][PASSED] - file = <not implemented yet for class: org.codehaus.groovy.ast.expr.EmptyExpression>: null

29-01-2025T04:41:43 - [TEST_STEP][PASSED] - otpusk = <not implemented yet for class: org.codehaus.groovy.ast.expr.EmptyExpression>: null

29-01-2025T04:41:43 - [TEST_STEP][PASSED] - poteri = <not implemented yet for class: org.codehaus.groovy.ast.expr.EmptyExpression>: null

29-01-2025T04:41:43 - [TEST_STEP][PASSED] - dataFolder = "Выполнение бизнес-плана/Значения со страницы Выполнение бизнес-плана/": null

29-01-2025T04:41:43 - [TEST_STEP][PASSED] - path = <not implemented yet for class: org.codehaus.groovy.ast.expr.EmptyExpression>: null

29-01-2025T04:41:43 - [TEST_STEP][PASSED] - typeOfDataMain = <not implemented yet for class: org.codehaus.groovy.ast.expr.EmptyExpression>: null

29-01-2025T04:41:43 - [TEST_STEP][PASSED] - fileOtpuskVSet = <not implemented yet for class: org.codehaus.groovy.ast.expr.EmptyExpression>: null

29-01-2025T04:41:43 - [TEST_STEP][PASSED] - pageOtpuskVSet = <not implemented yet for class: org.codehaus.groovy.ast.expr.EmptyExpression>: null

29-01-2025T04:41:43 - [TEST_STEP][PASSED] - filePoteri = <not implemented yet for class: org.codehaus.groovy.ast.expr.EmptyExpression>: null

29-01-2025T04:41:43 - [TEST_STEP][PASSED] - pagePoteri = <not implemented yet for class: org.codehaus.groovy.ast.expr.EmptyExpression>: null

29-01-2025T04:41:43 - [TEST_STEP][PASSED] - compare = <not implemented yet for class: org.codehaus.groovy.ast.expr.EmptyExpression>: null

29-01-2025T04:41:43 - [TEST_STEP][PASSED] - b = <not implemented yet for class: org.codehaus.groovy.ast.expr.EmptyExpression>: null

29-01-2025T04:41:43 - [TEST_STEP][PASSED] - i = <not implemented yet for class: org.codehaus.groovy.ast.expr.EmptyExpression>: null

29-01-2025T04:41:43 - [TEST_STEP][PASSED] - ii = <not implemented yet for class: org.codehaus.groovy.ast.expr.EmptyExpression>: null

29-01-2025T04:41:43 - [TEST_STEP][PASSED] - c = <not implemented yet for class: org.codehaus.groovy.ast.expr.EmptyExpression>: null

29-01-2025T04:41:43 - [TEST_STEP][PASSED] - numberOfErrors = 0: null

29-01-2025T04:41:43 - [TEST_STEP][PASSED] - if (a == 82): null

29-01-2025T04:41:43 - [TEST_STEP][PASSED] - b = findTestData("PlanFact").getValue(1, a): null

29-01-2025T04:41:43 - [TEST_STEP][PASSED] - i = b.indexOf(" (ГК)"): null

29-01-2025T04:41:43 - [TEST_STEP][PASSED] - if (i > -1): null

29-01-2025T04:41:43 - [TEST_STEP][PASSED] - i = b.indexOf("О ""): null

29-01-2025T04:41:43 - [TEST_STEP][PASSED] - if (i > -1): null

29-01-2025T04:41:43 - [TEST_STEP][PASSED] - b = b.substring(i + 3, b.length()): null

29-01-2025T04:41:43 - [TEST_STEP][PASSED] - i = b.indexOf("""): null

29-01-2025T04:41:43 - [TEST_STEP][PASSED] - b = b.substring(0, i): null

29-01-2025T04:41:43 - [TEST_STEP][PASSED] - i = b.indexOf("О «"): null

29-01-2025T04:41:43 - [TEST_STEP][PASSED] - if (i > -1): null

29-01-2025T04:41:43 - [TEST_STEP][PASSED] - i = b.indexOf("г. "): null

29-01-2025T04:41:43 - [TEST_STEP][PASSED] - if (i > -1): null

29-01-2025T04:41:43 - [TEST_STEP][PASSED] - b = b.trim(): null

29-01-2025T04:41:43 - [TEST_STEP][PASSED] - println(b): null

29-01-2025T04:41:43 - [TEST_STEP][PASSED] - for ([planFact = 1, planFact < 3, (planFact++)]): null

29-01-2025T04:41:43 - [TEST_STEP][PASSED] - if (planFact == 1): null

29-01-2025T04:41:43 - [TEST_STEP][PASSED] - typeOfDataMain = "Факт": null

29-01-2025T04:41:43 - [TEST_STEP][PASSED] - otpusk = findTestData("PlanFact").getValue(5, a): null

29-01-2025T04:41:43 - [TEST_STEP][PASSED] - poteri = findTestData("PlanFact").getValue(6, a): null

29-01-2025T04:41:43 - [TEST_STEP][PASSED] - otpusk = otpusk.replaceAll("\s+", ""): null

29-01-2025T04:41:43 - [TEST_STEP][PASSED] - poteri = poteri.replaceAll("\s+", ""): null

29-01-2025T04:41:43 - [TEST_STEP][PASSED] - typeOfData = typeOfDataMain + " Отпуск в сеть": null

29-01-2025T04:41:43 - [TEST_STEP][PASSED] - if (a == 82): null

29-01-2025T04:41:43 - [TEST_STEP][PASSED] - else if (a == 84): null

29-01-2025T04:41:43 - [TEST_STEP][PASSED] - else if (a == 83 || a == 52 || a == 72 || a == 28 || a == 73 || a == 77 || a == 74 || a == 65 || a == 36 || a == 44 || a == 53 || a == 80 || a == 54 || a == 1 || a == 18 || a == 59 || a == 81): null

29-01-2025T04:41:43 - [TEST_STEP][PASSED] - path = dataFolder + "Table Data/" + typeOfData + " за отчётный период " + dzoNum: null

29-01-2025T04:41:43 - [TEST_STEP][PASSED] - println(path): null

29-01-2025T04:41:43 - [TEST_STEP][PASSED] - page = getText(findTestObject(path)): Text of object 'Object Repository/Выполнение бизнес-плана/Значения со страницы Выполнение бизнес-плана/Table Data/Факт Отпуск в сеть за отчётный период 2' is: '681 757'

29-01-2025T04:41:50 - [MESSAGE][PASSED] - Text of object 'Object Repository/Выполнение бизнес-плана/Значения со страницы Выполнение бизнес-плана/Table Data/Факт Отпуск в сеть за отчётный период 2' is: '681 757'

29-01-2025T04:41:50 - [TEST_STEP][PASSED] - page = page.replaceAll("\s+", ""): null

29-01-2025T04:41:50 - [TEST_STEP][PASSED] - fileOtpuskVSet = otpusk.toInteger(): null

29-01-2025T04:41:50 - [TEST_STEP][PASSED] - pageOtpuskVSet = page.toInteger(): null

29-01-2025T04:41:50 - [TEST_STEP][PASSED] - typeOfData = typeOfDataMain + " Потери": null

29-01-2025T04:41:50 - [TEST_STEP][PASSED] - if (a == 82): null

29-01-2025T04:41:50 - [TEST_STEP][PASSED] - else if (a == 84): null

29-01-2025T04:41:50 - [TEST_STEP][PASSED] - else if (a == 83 || a == 52 || a == 72 || a == 28 || a == 73 || a == 77 || a == 74 || a == 65 || a == 44 || a == 53 || a == 80 || a == 54 || a == 1 || a == 18 || a == 59 || a == 81): null

29-01-2025T04:41:50 - [TEST_STEP][PASSED] - path = dataFolder + "Table Data/" + typeOfData + " за отчётный период " + dzoNum: null

29-01-2025T04:41:50 - [TEST_STEP][PASSED] - page = getText(findTestObject(path)): Text of object 'Object Repository/Выполнение бизнес-плана/Значения со страницы Выполнение бизнес-плана/Table Data/Факт Потери за отчётный период 2' is: '135 949'

29-01-2025T04:41:50 - [MESSAGE][PASSED] - Text of object 'Object Repository/Выполнение бизнес-плана/Значения со страницы Выполнение бизнес-плана/Table Data/Факт Потери за отчётный период 2' is: '135 949'

29-01-2025T04:41:50 - [TEST_STEP][PASSED] - page = page.replaceAll("\s+", ""): null

29-01-2025T04:41:50 - [TEST_STEP][PASSED] - filePoteri = poteri.toInteger(): null

29-01-2025T04:41:50 - [TEST_STEP][PASSED] - pagePoteri = page.toInteger(): null

29-01-2025T04:41:50 - [TEST_STEP][PASSED] - compare = pageOtpuskVSet: null

29-01-2025T04:41:50 - [TEST_STEP][PASSED] - if (compare == fileOtpuskVSet): null

29-01-2025T04:41:50 - [TEST_STEP][PASSED] - else if (compare > fileOtpuskVSet): null

29-01-2025T04:41:50 - [TEST_STEP][PASSED] - else if (compare < fileOtpuskVSet): null

29-01-2025T04:41:50 - [TEST_STEP][PASSED] - compare = compare + 1: null

29-01-2025T04:41:50 - [TEST_STEP][PASSED] - if (compare == fileOtpuskVSet): null

29-01-2025T04:41:50 - [TEST_STEP][PASSED] - else: null

29-01-2025T04:41:50 - [TEST_STEP][PASSED] - numberOfErrors = numberOfErrors + 1: null

29-01-2025T04:41:50 - [TEST_STEP][PASSED] - pageInt = pageOtpuskVSet: null

29-01-2025T04:41:50 - [TEST_STEP][PASSED] - fileInt = fileOtpuskVSet: null

29-01-2025T04:41:50 - [TEST_STEP][PASSED] - typeOfData = typeOfDataMain + " Отпуск в сеть": null

29-01-2025T04:41:50 - [TEST_STEP][PASSED] - Script1718980020443.WriteToExcel(a, typeOfData, todaysDate, pageInt, fileInt, pageDouble, fileDouble, dZO): null

29-01-2025T04:41:50 - [TEST_STEP][PASSED] - sheetName = "Sheet1": null

29-01-2025T04:41:50 - [TEST_STEP][PASSED] - data = findTestData("PlanFact"): null

29-01-2025T04:41:50 - [TEST_STEP][PASSED] - n = data.getRowNumbers() + 1: null

29-01-2025T04:41:50 - [TEST_STEP][PASSED] - year = todaysDate.substring(todaysDate.length() - 4, todaysDate.length()): null

29-01-2025T04:41:50 - [TEST_STEP][PASSED] - y = year.toInteger(): null

29-01-2025T04:41:50 - [TEST_STEP][PASSED] - m = getText(findTestObject("Выполнение бизнес-плана/Период")): Text of object 'Object Repository/Выполнение бизнес-плана/Период' is: '1, 2, 3 кв., Октябрь, Ноябрь 2024 года'

29-01-2025T04:41:51 - [MESSAGE][PASSED] - Text of object 'Object Repository/Выполнение бизнес-плана/Период' is: '1, 2, 3 кв., Октябрь, Ноябрь 2024 года'

29-01-2025T04:41:51 - [TEST_STEP][PASSED] - m = m.substring(0, m.indexOf("2024")): null

29-01-2025T04:41:51 - [TEST_STEP][PASSED] - m = m.trim(): null

29-01-2025T04:41:51 - [TEST_STEP][PASSED] - dashboardName = "Выполнение бизнес-плана": null

29-01-2025T04:41:51 - [TEST_STEP][PASSED] - workbook01 = getWorkbook(excelFilePath): null

29-01-2025T04:41:51 - [TEST_STEP][PASSED] - sheet01 = getExcelSheet(workbook01, sheetName): null

29-01-2025T04:41:51 - [TEST_STEP][PASSED] - setValueToCellByIndex(sheet01, n, 0, dashboardName): null

29-01-2025T04:41:51 - [TEST_STEP][PASSED] - setValueToCellByIndex(sheet01, n, 1, dZO): null

29-01-2025T04:41:51 - [TEST_STEP][PASSED] - setValueToCellByIndex(sheet01, n, 2, typeOfData): null

29-01-2025T04:41:51 - [TEST_STEP][PASSED] - if (typeOfData == "Факт в процентах" || typeOfData == "План в процентах"): null

29-01-2025T04:41:51 - [TEST_STEP][PASSED] - else: null

29-01-2025T04:41:51 - [TEST_STEP][PASSED] - setValueToCellByIndex(sheet01, n, 3, fileInt): null

29-01-2025T04:41:51 - [TEST_STEP][PASSED] - setValueToCellByIndex(sheet01, n, 4, pageInt): null

29-01-2025T04:41:51 - [TEST_STEP][PASSED] - setValueToCellByIndex(sheet01, n, 5, m): null

29-01-2025T04:41:51 - [TEST_STEP][PASSED] - setValueToCellByIndex(sheet01, n, 6, y): null

29-01-2025T04:41:51 - [TEST_STEP][PASSED] - setValueToCellByIndex(sheet01, n, 7, todaysDate): null

29-01-2025T04:41:51 - [TEST_STEP][PASSED] - n = n + 1: null

29-01-2025T04:41:51 - [TEST_STEP][PASSED] - saveWorkbook(excelFilePath, workbook01): null

29-01-2025T04:41:51 - [TEST_STEP][PASSED] - compare = pagePoteri: null

29-01-2025T04:41:51 - [TEST_STEP][PASSED] - if (compare == filePoteri): null

29-01-2025T04:41:51 - [TEST_STEP][PASSED] - else if (compare > filePoteri): null

29-01-2025T04:41:51 - [TEST_STEP][PASSED] - else if (compare < filePoteri): null

29-01-2025T04:41:51 - [TEST_STEP][PASSED] - compare = compare + 1: null

29-01-2025T04:41:51 - [TEST_STEP][PASSED] - if (compare == filePoteri): null

29-01-2025T04:41:51 - [TEST_STEP][PASSED] - else: null

29-01-2025T04:41:51 - [TEST_STEP][PASSED] - numberOfErrors = numberOfErrors + 1: null

29-01-2025T04:41:51 - [TEST_STEP][PASSED] - pageInt = pagePoteri: null

29-01-2025T04:41:51 - [TEST_STEP][PASSED] - fileInt = filePoteri: null

29-01-2025T04:41:51 - [TEST_STEP][PASSED] - typeOfData = typeOfDataMain + " Потери": null

29-01-2025T04:41:51 - [TEST_STEP][PASSED] - Script1718980020443.WriteToExcel(a, typeOfData, todaysDate, pageInt, fileInt, pageDouble, fileDouble, dZO): null

29-01-2025T04:41:51 - [TEST_STEP][PASSED] - sheetName = "Sheet1": null

29-01-2025T04:41:51 - [TEST_STEP][PASSED] - data = findTestData("PlanFact"): null

29-01-2025T04:41:51 - [TEST_STEP][PASSED] - n = data.getRowNumbers() + 1: null

29-01-2025T04:41:51 - [TEST_STEP][PASSED] - year = todaysDate.substring(todaysDate.length() - 4, todaysDate.length()): null

29-01-2025T04:41:51 - [TEST_STEP][PASSED] - y = year.toInteger(): null

29-01-2025T04:41:51 - [TEST_STEP][PASSED] - m = getText(findTestObject("Выполнение бизнес-плана/Период")): Text of object 'Object Repository/Выполнение бизнес-плана/Период' is: '1, 2, 3 кв., Октябрь, Ноябрь 2024 года'

29-01-2025T04:41:51 - [MESSAGE][PASSED] - Text of object 'Object Repository/Выполнение бизнес-плана/Период' is: '1, 2, 3 кв., Октябрь, Ноябрь 2024 года'

29-01-2025T04:41:51 - [TEST_STEP][PASSED] - m = m.substring(0, m.indexOf("2024")): null

29-01-2025T04:41:51 - [TEST_STEP][PASSED] - m = m.trim(): null

29-01-2025T04:41:51 - [TEST_STEP][PASSED] - dashboardName = "Выполнение бизнес-плана": null

29-01-2025T04:41:51 - [TEST_STEP][PASSED] - workbook01 = getWorkbook(excelFilePath): null

29-01-2025T04:41:51 - [TEST_STEP][PASSED] - sheet01 = getExcelSheet(workbook01, sheetName): null

29-01-2025T04:41:51 - [TEST_STEP][PASSED] - setValueToCellByIndex(sheet01, n, 0, dashboardName): null

29-01-2025T04:41:51 - [TEST_STEP][PASSED] - setValueToCellByIndex(sheet01, n, 1, dZO): null

29-01-2025T04:41:51 - [TEST_STEP][PASSED] - setValueToCellByIndex(sheet01, n, 2, typeOfData): null

29-01-2025T04:41:51 - [TEST_STEP][PASSED] - if (typeOfData == "Факт в процентах" || typeOfData == "План в процентах"): null

29-01-2025T04:41:51 - [TEST_STEP][PASSED] - else: null

29-01-2025T04:41:51 - [TEST_STEP][PASSED] - setValueToCellByIndex(sheet01, n, 3, fileInt): null

29-01-2025T04:41:51 - [TEST_STEP][PASSED] - setValueToCellByIndex(sheet01, n, 4, pageInt): null

29-01-2025T04:41:51 - [TEST_STEP][PASSED] - setValueToCellByIndex(sheet01, n, 5, m): null

29-01-2025T04:41:51 - [TEST_STEP][PASSED] - setValueToCellByIndex(sheet01, n, 6, y): null

29-01-2025T04:41:51 - [TEST_STEP][PASSED] - setValueToCellByIndex(sheet01, n, 7, todaysDate): null

29-01-2025T04:41:51 - [TEST_STEP][PASSED] - n = n + 1: null

29-01-2025T04:41:51 - [TEST_STEP][PASSED] - saveWorkbook(excelFilePath, workbook01): null

29-01-2025T04:41:52 - [TEST_STEP][PASSED] - if (planFact == 2): null

29-01-2025T04:41:52 - [TEST_STEP][PASSED] - if (planFact == 1): null

29-01-2025T04:41:52 - [TEST_STEP][PASSED] - else if (planFact == 2): null

29-01-2025T04:41:52 - [TEST_STEP][PASSED] - click(findTestObject("Выполнение бизнес-плана/Кнопка План")): Object: 'Object Repository/Выполнение бизнес-плана/Кнопка План' is clicked on

29-01-2025T04:41:52 - [MESSAGE][PASSED] - Object: 'Object Repository/Выполнение бизнес-плана/Кнопка План' is clicked on

29-01-2025T04:41:52 - [TEST_STEP][PASSED] - typeOfDataMain = "План": null

29-01-2025T04:41:52 - [TEST_STEP][PASSED] - otpusk = findTestData("PlanFact").getValue(2, a): null

29-01-2025T04:41:52 - [TEST_STEP][PASSED] - poteri = findTestData("PlanFact").getValue(3, a): null

29-01-2025T04:41:52 - [TEST_STEP][PASSED] - otpusk = otpusk.replaceAll("\s+", ""): null

29-01-2025T04:41:52 - [TEST_STEP][PASSED] - poteri = poteri.replaceAll("\s+", ""): null

29-01-2025T04:41:52 - [TEST_STEP][PASSED] - typeOfData = typeOfDataMain + " Отпуск в сеть": null

29-01-2025T04:41:52 - [TEST_STEP][PASSED] - if (a == 82): null

29-01-2025T04:41:52 - [TEST_STEP][PASSED] - else if (a == 84): null

29-01-2025T04:41:52 - [TEST_STEP][PASSED] - else if (a == 83 || a == 52 || a == 72 || a == 28 || a == 73 || a == 77 || a == 74 || a == 65 || a == 36 || a == 44 || a == 53 || a == 80 || a == 54 || a == 1 || a == 18 || a == 59 || a == 81): null

29-01-2025T04:41:52 - [TEST_STEP][PASSED] - path = dataFolder + "Table Data/" + typeOfData + " за отчётный период " + dzoNum: null

29-01-2025T04:41:52 - [TEST_STEP][PASSED] - println(path): null

29-01-2025T04:41:52 - [TEST_STEP][PASSED] - page = getText(findTestObject(path)): Text of object 'Object Repository/Выполнение бизнес-плана/Значения со страницы Выполнение бизнес-плана/Table Data/План Отпуск в сеть за отчётный период 2' is: '689 053'

29-01-2025T04:41:52 - [MESSAGE][PASSED] - Text of object 'Object Repository/Выполнение бизнес-плана/Значения со страницы Выполнение бизнес-плана/Table Data/План Отпуск в сеть за отчётный период 2' is: '689 053'

29-01-2025T04:41:52 - [TEST_STEP][PASSED] - page = page.replaceAll("\s+", ""): null

29-01-2025T04:41:52 - [TEST_STEP][PASSED] - fileOtpuskVSet = otpusk.toInteger(): null

29-01-2025T04:41:52 - [TEST_STEP][PASSED] - pageOtpuskVSet = page.toInteger(): null

29-01-2025T04:41:52 - [TEST_STEP][PASSED] - typeOfData = typeOfDataMain + " Потери": null

29-01-2025T04:41:52 - [TEST_STEP][PASSED] - if (a == 82): null

29-01-2025T04:41:52 - [TEST_STEP][PASSED] - else if (a == 84): null

29-01-2025T04:41:52 - [TEST_STEP][PASSED] - else if (a == 83 || a == 52 || a == 72 || a == 28 || a == 73 || a == 77 || a == 74 || a == 65 || a == 44 || a == 53 || a == 80 || a == 54 || a == 1 || a == 18 || a == 59 || a == 81): null

29-01-2025T04:41:52 - [TEST_STEP][PASSED] - path = dataFolder + "Table Data/" + typeOfData + " за отчётный период " + dzoNum: null

29-01-2025T04:41:52 - [TEST_STEP][PASSED] - page = getText(findTestObject(path)): Text of object 'Object Repository/Выполнение бизнес-плана/Значения со страницы Выполнение бизнес-плана/Table Data/План Потери за отчётный период 2' is: '194 264'

29-01-2025T04:41:53 - [MESSAGE][PASSED] - Text of object 'Object Repository/Выполнение бизнес-плана/Значения со страницы Выполнение бизнес-плана/Table Data/План Потери за отчётный период 2' is: '194 264'

29-01-2025T04:41:53 - [TEST_STEP][PASSED] - page = page.replaceAll("\s+", ""): null

29-01-2025T04:41:53 - [TEST_STEP][PASSED] - filePoteri = poteri.toInteger(): null

29-01-2025T04:41:53 - [TEST_STEP][PASSED] - pagePoteri = page.toInteger(): null

29-01-2025T04:41:53 - [TEST_STEP][PASSED] - compare = pageOtpuskVSet: null

29-01-2025T04:41:53 - [TEST_STEP][PASSED] - if (compare == fileOtpuskVSet): null

29-01-2025T04:41:53 - [TEST_STEP][PASSED] - else if (compare > fileOtpuskVSet): null

29-01-2025T04:41:53 - [TEST_STEP][PASSED] - compare = compare - 1: null

29-01-2025T04:41:53 - [TEST_STEP][PASSED] - if (compare == fileOtpuskVSet): null

29-01-2025T04:41:53 - [TEST_STEP][PASSED] - else: null

29-01-2025T04:41:53 - [TEST_STEP][PASSED] - numberOfErrors = numberOfErrors + 1: null

29-01-2025T04:41:53 - [TEST_STEP][PASSED] - pageInt = pageOtpuskVSet: null

29-01-2025T04:41:53 - [TEST_STEP][PASSED] - fileInt = fileOtpuskVSet: null

29-01-2025T04:41:53 - [TEST_STEP][PASSED] - typeOfData = typeOfDataMain + " Отпуск в сеть": null

29-01-2025T04:41:53 - [TEST_STEP][PASSED] - Script1718980020443.WriteToExcel(a, typeOfData, todaysDate, pageInt, fileInt, pageDouble, fileDouble, dZO): null

29-01-2025T04:41:53 - [TEST_STEP][PASSED] - sheetName = "Sheet1": null

29-01-2025T04:41:53 - [TEST_STEP][PASSED] - data = findTestData("PlanFact"): null

29-01-2025T04:41:53 - [TEST_STEP][PASSED] - n = data.getRowNumbers() + 1: null

29-01-2025T04:41:53 - [TEST_STEP][PASSED] - year = todaysDate.substring(todaysDate.length() - 4, todaysDate.length()): null

29-01-2025T04:41:53 - [TEST_STEP][PASSED] - y = year.toInteger(): null

29-01-2025T04:41:53 - [TEST_STEP][PASSED] - m = getText(findTestObject("Выполнение бизнес-плана/Период")): Text of object 'Object Repository/Выполнение бизнес-плана/Период' is: '1, 2, 3 кв., Октябрь, Ноябрь 2024 года'

29-01-2025T04:41:53 - [MESSAGE][PASSED] - Text of object 'Object Repository/Выполнение бизнес-плана/Период' is: '1, 2, 3 кв., Октябрь, Ноябрь 2024 года'

29-01-2025T04:41:53 - [TEST_STEP][PASSED] - m = m.substring(0, m.indexOf("2024")): null

29-01-2025T04:41:53 - [TEST_STEP][PASSED] - m = m.trim(): null

29-01-2025T04:41:53 - [TEST_STEP][PASSED] - dashboardName = "Выполнение бизнес-плана": null

29-01-2025T04:41:53 - [TEST_STEP][PASSED] - workbook01 = getWorkbook(excelFilePath): null

29-01-2025T04:41:53 - [TEST_STEP][PASSED] - sheet01 = getExcelSheet(workbook01, sheetName): null

29-01-2025T04:41:53 - [TEST_STEP][PASSED] - setValueToCellByIndex(sheet01, n, 0, dashboardName): null

29-01-2025T04:41:53 - [TEST_STEP][PASSED] - setValueToCellByIndex(sheet01, n, 1, dZO): null

29-01-2025T04:41:53 - [TEST_STEP][PASSED] - setValueToCellByIndex(sheet01, n, 2, typeOfData): null

29-01-2025T04:41:53 - [TEST_STEP][PASSED] - if (typeOfData == "Факт в процентах" || typeOfData == "План в процентах"): null

29-01-2025T04:41:53 - [TEST_STEP][PASSED] - else: null

29-01-2025T04:41:53 - [TEST_STEP][PASSED] - setValueToCellByIndex(sheet01, n, 3, fileInt): null

29-01-2025T04:41:53 - [TEST_STEP][PASSED] - setValueToCellByIndex(sheet01, n, 4, pageInt): null

29-01-2025T04:41:53 - [TEST_STEP][PASSED] - setValueToCellByIndex(sheet01, n, 5, m): null

29-01-2025T04:41:53 - [TEST_STEP][PASSED] - setValueToCellByIndex(sheet01, n, 6, y): null

29-01-2025T04:41:53 - [TEST_STEP][PASSED] - setValueToCellByIndex(sheet01, n, 7, todaysDate): null

29-01-2025T04:41:53 - [TEST_STEP][PASSED] - n = n + 1: null

29-01-2025T04:41:53 - [TEST_STEP][PASSED] - saveWorkbook(excelFilePath, workbook01): null

29-01-2025T04:41:53 - [TEST_STEP][PASSED] - compare = pagePoteri: null

29-01-2025T04:41:53 - [TEST_STEP][PASSED] - if (compare == filePoteri): null

29-01-2025T04:41:53 - [TEST_STEP][PASSED] - else if (compare > filePoteri): null

29-01-2025T04:41:53 - [TEST_STEP][PASSED] - compare = compare - 1: null

29-01-2025T04:41:53 - [TEST_STEP][PASSED] - if (compare == filePoteri): null

29-01-2025T04:41:53 - [TEST_STEP][PASSED] - else: null

29-01-2025T04:41:53 - [TEST_STEP][PASSED] - numberOfErrors = numberOfErrors + 1: null

29-01-2025T04:41:53 - [TEST_STEP][PASSED] - pageInt = pagePoteri: null

29-01-2025T04:41:53 - [TEST_STEP][PASSED] - fileInt = filePoteri: null

29-01-2025T04:41:53 - [TEST_STEP][PASSED] - typeOfData = typeOfDataMain + " Потери": null

29-01-2025T04:41:53 - [TEST_STEP][PASSED] - Script1718980020443.WriteToExcel(a, typeOfData, todaysDate, pageInt, fileInt, pageDouble, fileDouble, dZO): null

29-01-2025T04:41:53 - [TEST_STEP][PASSED] - sheetName = "Sheet1": null

29-01-2025T04:41:53 - [TEST_STEP][PASSED] - data = findTestData("PlanFact"): null

29-01-2025T04:41:53 - [TEST_STEP][PASSED] - n = data.getRowNumbers() + 1: null

29-01-2025T04:41:53 - [TEST_STEP][PASSED] - year = todaysDate.substring(todaysDate.length() - 4, todaysDate.length()): null

29-01-2025T04:41:53 - [TEST_STEP][PASSED] - y = year.toInteger(): null

29-01-2025T04:41:53 - [TEST_STEP][PASSED] - m = getText(findTestObject("Выполнение бизнес-плана/Период")): Text of object 'Object Repository/Выполнение бизнес-плана/Период' is: '1, 2, 3 кв., Октябрь, Ноябрь 2024 года'

29-01-2025T04:41:54 - [MESSAGE][PASSED] - Text of object 'Object Repository/Выполнение бизнес-плана/Период' is: '1, 2, 3 кв., Октябрь, Ноябрь 2024 года'

29-01-2025T04:41:54 - [TEST_STEP][PASSED] - m = m.substring(0, m.indexOf("2024")): null

29-01-2025T04:41:54 - [TEST_STEP][PASSED] - m = m.trim(): null

29-01-2025T04:41:54 - [TEST_STEP][PASSED] - dashboardName = "Выполнение бизнес-плана": null

29-01-2025T04:41:54 - [TEST_STEP][PASSED] - workbook01 = getWorkbook(excelFilePath): null

29-01-2025T04:41:54 - [TEST_STEP][PASSED] - sheet01 = getExcelSheet(workbook01, sheetName): null

29-01-2025T04:41:54 - [TEST_STEP][PASSED] - setValueToCellByIndex(sheet01, n, 0, dashboardName): null

29-01-2025T04:41:54 - [TEST_STEP][PASSED] - setValueToCellByIndex(sheet01, n, 1, dZO): null

29-01-2025T04:41:54 - [TEST_STEP][PASSED] - setValueToCellByIndex(sheet01, n, 2, typeOfData): null

29-01-2025T04:41:54 - [TEST_STEP][PASSED] - if (typeOfData == "Факт в процентах" || typeOfData == "План в процентах"): null

29-01-2025T04:41:54 - [TEST_STEP][PASSED] - else: null

29-01-2025T04:41:54 - [TEST_STEP][PASSED] - setValueToCellByIndex(sheet01, n, 3, fileInt): null

29-01-2025T04:41:54 - [TEST_STEP][PASSED] - setValueToCellByIndex(sheet01, n, 4, pageInt): null

29-01-2025T04:41:54 - [TEST_STEP][PASSED] - setValueToCellByIndex(sheet01, n, 5, m): null

29-01-2025T04:41:54 - [TEST_STEP][PASSED] - setValueToCellByIndex(sheet01, n, 6, y): null

29-01-2025T04:41:54 - [TEST_STEP][PASSED] - setValueToCellByIndex(sheet01, n, 7, todaysDate): null

29-01-2025T04:41:54 - [TEST_STEP][PASSED] - n = n + 1: null

29-01-2025T04:41:54 - [TEST_STEP][PASSED] - saveWorkbook(excelFilePath, workbook01): Object: 'Object Repository/Выполнение бизнес-плана/Кнопка Факт' is clicked on

29-01-2025T04:41:54 - [TEST_STEP][PASSED] - if (planFact == 2): Object: 'Object Repository/Выполнение бизнес-плана/Кнопка Факт' is clicked on

29-01-2025T04:41:54 - [TEST_STEP][PASSED] - click(findTestObject("Выполнение бизнес-плана/Кнопка Факт")): Object: 'Object Repository/Выполнение бизнес-плана/Кнопка Факт' is clicked on

29-01-2025T04:41:54 - [MESSAGE][PASSED] - Object: 'Object Repository/Выполнение бизнес-плана/Кнопка Факт' is clicked on

29-01-2025T04:41:54 - [TEST_STEP][PASSED] - println("a=" + a): null

29-01-2025T04:41:54 - [TEST_STEP][PASSED] - if (a == 84 || a == 82): null

29-01-2025T04:41:54 - [TEST_STEP][PASSED] - else if (a == 83 || a == 52 || a == 72 || a == 28 || a == 73 || a == 77 || a == 74 || a == 65 || a == 36 || a == 44 || a == 53 || a == 80 || a == 54 || a == 1 || a == 18 || a == 59 || a == 81): null

29-01-2025T04:41:54 - [TEST_STEP][PASSED] - page1 = getText(findTestObject("Object Repository/Выполнение бизнес-плана/spanPlan" + dzoNum)): Text of object 'Object Repository/Выполнение бизнес-плана/spanPlan2' is: ''

29-01-2025T04:41:54 - [MESSAGE][PASSED] - Text of object 'Object Repository/Выполнение бизнес-плана/spanPlan2' is: ''

29-01-2025T04:41:54 - [TEST_STEP][PASSED] - page1 = page1.replace("|", ""): null

29-01-2025T04:41:54 - [TEST_STEP][PASSED] - page2 = getText(findTestObject("Object Repository/Выполнение бизнес-плана/spanFact" + dzoNum)): Text of object 'Object Repository/Выполнение бизнес-плана/spanFact2' is: '-0.00'

29-01-2025T04:41:55 - [MESSAGE][PASSED] - Text of object 'Object Repository/Выполнение бизнес-плана/spanFact2' is: '-0.00'

29-01-2025T04:41:55 - [TEST_STEP][PASSED] - page2 = page2.replace("|", ""): null

29-01-2025T04:41:55 - [TEST_STEP][PASSED] - println("page1: " + page1): null

29-01-2025T04:41:55 - [TEST_STEP][PASSED] - println("page2: " + page2): null

29-01-2025T04:41:55 - [TEST_STEP][PASSED] - file = findTestData("PlanFact").getValue(4, a): null

29-01-2025T04:41:55 - [TEST_STEP][PASSED] - file = file.replace(",", "."): null

29-01-2025T04:41:55 - [TEST_STEP][PASSED] - println("file Plan: " + file): null

29-01-2025T04:41:55 - [TEST_STEP][PASSED] - typeOfData = "План в процентах": null

29-01-2025T04:41:55 - [TEST_STEP][PASSED] - fileDouble = file.toDouble(): null

29-01-2025T04:41:55 - [TEST_STEP][ERROR] - pageDouble = page1.toDouble(): Test Cases/Выполнение бизнес-плана/Выполнение бизнес-плана Сверка ПАО Россети все филиалы FAILED.
Reason:
java.lang.NumberFormatException: empty String
	at java.base/jdk.internal.math.FloatingDecimal.readJavaFormatString(FloatingDecimal.java:1842)
	at java.base/jdk.internal.math.FloatingDecimal.parseDouble(FloatingDecimal.java:110)
	at Выполнение бизнес-плана Сверка ПАО Россети все филиалы.Numbers(Выполнение бизнес-плана Сверка ПАО Россети все филиалы:733)
	at Выполнение бизнес-плана Сверка ПАО Россети все филиалы.run(Выполнение бизнес-плана Сверка ПАО Россети все филиалы:241)
	at com.kms.katalon.core.main.ScriptEngine.run(ScriptEngine.java:194)
	at com.kms.katalon.core.main.ScriptEngine.runScriptAsRawText(ScriptEngine.java:119)
	at com.kms.katalon.core.main.TestCaseExecutor.runScript(TestCaseExecutor.java:448)
	at com.kms.katalon.core.main.TestCaseExecutor.doExecute(TestCaseExecutor.java:439)
	at com.kms.katalon.core.main.TestCaseExecutor.processExecutionPhase(TestCaseExecutor.java:418)
	at com.kms.katalon.core.main.TestCaseExecutor.accessMainPhase(TestCaseExecutor.java:410)
	at com.kms.katalon.core.main.TestCaseExecutor.execute(TestCaseExecutor.java:285)
	at com.kms.katalon.core.common.CommonExecutor.accessTestCaseMainPhase(CommonExecutor.java:65)
	at com.kms.katalon.core.main.TestSuiteExecutor.accessTestSuiteMainPhase(TestSuiteExecutor.java:150)
	at com.kms.katalon.core.main.TestSuiteExecutor.execute(TestSuiteExecutor.java:106)
	at com.kms.katalon.core.main.TestCaseMain.startTestSuite(TestCaseMain.java:180)
	at TempTestSuite1738107421100.run(TempTestSuite1738107421100.groovy:35)
	at java.base/jdk.internal.reflect.NativeMethodAccessorImpl.invoke0(Native Method)
	at java.base/jdk.internal.reflect.NativeMethodAccessorImpl.invoke(NativeMethodAccessorImpl.java:77)
	at java.base/jdk.internal.reflect.DelegatingMethodAccessorImpl.invoke(DelegatingMethodAccessorImpl.java:43)


29-01-2025T04:41:55 - [MESSAGE][ERROR] - Test Cases/Выполнение бизнес-плана/Выполнение бизнес-плана Сверка ПАО Россети все филиалы FAILED.
Reason:
java.lang.NumberFormatException: empty String
	at java.base/jdk.internal.math.FloatingDecimal.readJavaFormatString(FloatingDecimal.java:1842)
	at java.base/jdk.internal.math.FloatingDecimal.parseDouble(FloatingDecimal.java:110)
	at Выполнение бизнес-плана Сверка ПАО Россети все филиалы.Numbers(Выполнение бизнес-плана Сверка ПАО Россети все филиалы:733)
	at Выполнение бизнес-плана Сверка ПАО Россети все филиалы.run(Выполнение бизнес-плана Сверка ПАО Россети все филиалы:241)
	at com.kms.katalon.core.main.ScriptEngine.run(ScriptEngine.java:194)
	at com.kms.katalon.core.main.ScriptEngine.runScriptAsRawText(ScriptEngine.java:119)
	at com.kms.katalon.core.main.TestCaseExecutor.runScript(TestCaseExecutor.java:448)
	at com.kms.katalon.core.main.TestCaseExecutor.doExecute(TestCaseExecutor.java:439)
	at com.kms.katalon.core.main.TestCaseExecutor.processExecutionPhase(TestCaseExecutor.java:418)
	at com.kms.katalon.core.main.TestCaseExecutor.accessMainPhase(TestCaseExecutor.java:410)
	at com.kms.katalon.core.main.TestCaseExecutor.execute(TestCaseExecutor.java:285)
	at com.kms.katalon.core.common.CommonExecutor.accessTestCaseMainPhase(CommonExecutor.java:65)
	at com.kms.katalon.core.main.TestSuiteExecutor.accessTestSuiteMainPhase(TestSuiteExecutor.java:150)
	at com.kms.katalon.core.main.TestSuiteExecutor.execute(TestSuiteExecutor.java:106)
	at com.kms.katalon.core.main.TestCaseMain.startTestSuite(TestCaseMain.java:180)
	at TempTestSuite1738107421100.run(TempTestSuite1738107421100.groovy:35)
	at java.base/jdk.internal.reflect.NativeMethodAccessorImpl.invoke0(Native Method)
	at java.base/jdk.internal.reflect.NativeMethodAccessorImpl.invoke(NativeMethodAccessorImpl.java:77)
	at java.base/jdk.internal.reflect.DelegatingMethodAccessorImpl.invoke(DelegatingMethodAccessorImpl.java:43)]]></system-out>
         <system-err><![CDATA[29-01-2025T04:35:28 - [TEST_CASE][FAILED] - Test Cases/Выполнение бизнес-плана/Выполнение бизнес-плана Сверка ПАО Россети все филиалы: Test Cases/Выполнение бизнес-плана/Выполнение бизнес-плана Сверка ПАО Россети все филиалы FAILED.
Reason:
com.kms.katalon.core.exception.StepFailedException: Unable to verify equal between actual object '6' and expected object '0' (Root cause: com.kms.katalon.core.exception.StepFailedException: Actual object '6' and expected object '0' are not equal
	at com.kms.katalon.core.keyword.builtin.VerifyEqualKeyword$_verifyEqual_closure1.doCall(VerifyEqualKeyword.groovy:58)
	at com.kms.katalon.core.keyword.builtin.VerifyEqualKeyword$_verifyEqual_closure1.call(VerifyEqualKeyword.groovy)
	at com.kms.katalon.core.keyword.internal.KeywordMain.runKeyword(KeywordMain.groovy:75)
	at com.kms.katalon.core.keyword.builtin.VerifyEqualKeyword.verifyEqual(VerifyEqualKeyword.groovy:63)
	at com.kms.katalon.core.keyword.builtin.VerifyEqualKeyword.execute(VerifyEqualKeyword.groovy:44)
	at com.kms.katalon.core.keyword.internal.KeywordExecutor.executeKeywordForPlatform(KeywordExecutor.groovy:74)
	at com.kms.katalon.core.keyword.BuiltinKeywords.verifyEqual(BuiltinKeywords.groovy:146)
	at jdk.internal.reflect.GeneratedMethodAccessor25.invoke(Unknown Source)
	at java.base/jdk.internal.reflect.DelegatingMethodAccessorImpl.invoke(DelegatingMethodAccessorImpl.java:43)
	at Выполнение бизнес-плана Сверка ПАО Россети все филиалы.Numbers(Выполнение бизнес-плана Сверка ПАО Россети все филиалы:761)
	at Выполнение бизнес-плана Сверка ПАО Россети все филиалы.run(Выполнение бизнес-плана Сверка ПАО Россети все филиалы:210)
	at com.kms.katalon.core.main.ScriptEngine.run(ScriptEngine.java:194)
	at com.kms.katalon.core.main.ScriptEngine.runScriptAsRawText(ScriptEngine.java:119)
	at com.kms.katalon.core.main.TestCaseExecutor.runScript(TestCaseExecutor.java:448)
	at com.kms.katalon.core.main.TestCaseExecutor.doExecute(TestCaseExecutor.java:439)
	at com.kms.katalon.core.main.TestCaseExecutor.processExecutionPhase(TestCaseExecutor.java:418)
	at com.kms.katalon.core.main.TestCaseExecutor.accessMainPhase(TestCaseExecutor.java:410)
	at com.kms.katalon.core.main.TestCaseExecutor.execute(TestCaseExecutor.java:285)
	at com.kms.katalon.core.common.CommonExecutor.accessTestCaseMainPhase(CommonExecutor.java:65)
	at com.kms.katalon.core.main.TestSuiteExecutor.accessTestSuiteMainPhase(TestSuiteExecutor.java:150)
	at com.kms.katalon.core.main.TestSuiteExecutor.execute(TestSuiteExecutor.java:106)
	at com.kms.katalon.core.main.TestCaseMain.startTestSuite(TestCaseMain.java:180)
	at TempTestSuite1738107421100.run(TempTestSuite1738107421100.groovy:35)
	at java.base/jdk.internal.reflect.NativeMethodAccessorImpl.invoke0(Native Method)
	at java.base/jdk.internal.reflect.NativeMethodAccessorImpl.invoke(NativeMethodAccessorImpl.java:77)
	at java.base/jdk.internal.reflect.DelegatingMethodAccessorImpl.invoke(DelegatingMethodAccessorImpl.java:43)
)
	at com.kms.katalon.core.keyword.internal.KeywordMain.stepFailed(KeywordMain.groovy:39)
	at com.kms.katalon.core.keyword.internal.KeywordMain.stepFailed(KeywordMain.groovy)
	at com.kms.katalon.core.keyword.internal.KeywordMain.runKeyword(KeywordMain.groovy:77)
	at com.kms.katalon.core.keyword.builtin.VerifyEqualKeyword.verifyEqual(VerifyEqualKeyword.groovy:63)
	at com.kms.katalon.core.keyword.builtin.VerifyEqualKeyword.execute(VerifyEqualKeyword.groovy:44)
	at com.kms.katalon.core.keyword.internal.KeywordExecutor.executeKeywordForPlatform(KeywordExecutor.groovy:74)
	at com.kms.katalon.core.keyword.BuiltinKeywords.verifyEqual(BuiltinKeywords.groovy:146)
	at jdk.internal.reflect.GeneratedMethodAccessor25.invoke(Unknown Source)
	at java.base/jdk.internal.reflect.DelegatingMethodAccessorImpl.invoke(DelegatingMethodAccessorImpl.java:43)
	at Выполнение бизнес-плана Сверка ПАО Россети все филиалы.Numbers(Выполнение бизнес-плана Сверка ПАО Россети все филиалы:761)
	at Выполнение бизнес-плана Сверка ПАО Россети все филиалы.run(Выполнение бизнес-плана Сверка ПАО Россети все филиалы:210)
	at com.kms.katalon.core.main.ScriptEngine.run(ScriptEngine.java:194)
	at com.kms.katalon.core.main.ScriptEngine.runScriptAsRawText(ScriptEngine.java:119)
	at com.kms.katalon.core.main.TestCaseExecutor.runScript(TestCaseExecutor.java:448)
	at com.kms.katalon.core.main.TestCaseExecutor.doExecute(TestCaseExecutor.java:439)
	at com.kms.katalon.core.main.TestCaseExecutor.processExecutionPhase(TestCaseExecutor.java:418)
	at com.kms.katalon.core.main.TestCaseExecutor.accessMainPhase(TestCaseExecutor.java:410)
	at com.kms.katalon.core.main.TestCaseExecutor.execute(TestCaseExecutor.java:285)
	at com.kms.katalon.core.common.CommonExecutor.accessTestCaseMainPhase(CommonExecutor.java:65)
	at com.kms.katalon.core.main.TestSuiteExecutor.accessTestSuiteMainPhase(TestSuiteExecutor.java:150)
	at com.kms.katalon.core.main.TestSuiteExecutor.execute(TestSuiteExecutor.java:106)
	at com.kms.katalon.core.main.TestCaseMain.startTestSuite(TestCaseMain.java:180)
	at TempTestSuite1738107421100.run(TempTestSuite1738107421100.groovy:35)
	at java.base/jdk.internal.reflect.NativeMethodAccessorImpl.invoke0(Native Method)
	at java.base/jdk.internal.reflect.NativeMethodAccessorImpl.invoke(NativeMethodAccessorImpl.java:77)
	at java.base/jdk.internal.reflect.DelegatingMethodAccessorImpl.invoke(DelegatingMethodAccessorImpl.java:43)
Caused by: com.kms.katalon.core.exception.StepFailedException: Actual object '6' and expected object '0' are not equal
	at com.kms.katalon.core.keyword.builtin.VerifyEqualKeyword$_verifyEqual_closure1.doCall(VerifyEqualKeyword.groovy:58)
	at com.kms.katalon.core.keyword.builtin.VerifyEqualKeyword$_verifyEqual_closure1.call(VerifyEqualKeyword.groovy)
	at com.kms.katalon.core.keyword.internal.KeywordMain.runKeyword(KeywordMain.groovy:75)
	... 23 more]]></system-err>
      </testcase>
      <testcase name="Test Cases/Сверки дашбордов/Блок руководителя сверка дашбордов под разными учётками" time="8488.678" classname="Test Cases/Сверки дашбордов/Блок руководителя сверка дашбордов под разными учётками" status="FAILED">
         <failure type="FAILED" message="Test Cases/Сверки дашбордов/Блок руководителя сверка дашбордов под разными учётками FAILED.&#xa;Reason:&#xa;com.kms.katalon.core.exception.StepFailedException: Unable to verify equal between actual object '15 564 037' and expected object '16 830 292' (Root cause: com.kms.katalon.core.exception.StepFailedException: Actual object '15 564 037' and expected object '16 830 292' are not equal&#xa;	at com.kms.katalon.core.keyword.builtin.VerifyEqualKeyword$_verifyEqual_closure1.doCall(VerifyEqualKeyword.groovy:58)&#xa;	at com.kms.katalon.core.keyword.builtin.VerifyEqualKeyword$_verifyEqual_closure1.call(VerifyEqualKeyword.groovy)&#xa;	at com.kms.katalon.core.keyword.internal.KeywordMain.runKeyword(KeywordMain.groovy:75)&#xa;	at com.kms.katalon.core.keyword.builtin.VerifyEqualKeyword.verifyEqual(VerifyEqualKeyword.groovy:63)&#xa;	at com.kms.katalon.core.keyword.builtin.VerifyEqualKeyword.execute(VerifyEqualKeyword.groovy:44)&#xa;	at com.kms.katalon.core.keyword.internal.KeywordExecutor.executeKeywordForPlatform(KeywordExecutor.groovy:74)&#xa;	at com.kms.katalon.core.keyword.BuiltinKeywords.verifyEqual(BuiltinKeywords.groovy:146)&#xa;	at jdk.internal.reflect.GeneratedMethodAccessor25.invoke(Unknown Source)&#xa;	at java.base/jdk.internal.reflect.DelegatingMethodAccessorImpl.invoke(DelegatingMethodAccessorImpl.java:43)&#xa;	at Блок руководителя сверка дашбордов под разными учётками.OtpuskIzSeti(Блок руководителя сверка дашбордов под разными учётками:707)&#xa;	at Блок руководителя сверка дашбордов под разными учётками.run(Блок руководителя сверка дашбордов под разными учётками:70)&#xa;	at com.kms.katalon.core.main.ScriptEngine.run(ScriptEngine.java:194)&#xa;	at com.kms.katalon.core.main.ScriptEngine.runScriptAsRawText(ScriptEngine.java:119)&#xa;	at com.kms.katalon.core.main.TestCaseExecutor.runScript(TestCaseExecutor.java:448)&#xa;	at com.kms.katalon.core.main.TestCaseExecutor.doExecute(TestCaseExecutor.java:439)&#xa;	at com.kms.katalon.core.main.TestCaseExecutor.processExecutionPhase(TestCaseExecutor.java:418)&#xa;	at com.kms.katalon.core.main.TestCaseExecutor.accessMainPhase(TestCaseExecutor.java:410)&#xa;	at com.kms.katalon.core.main.TestCaseExecutor.execute(TestCaseExecutor.java:285)&#xa;	at com.kms.katalon.core.common.CommonExecutor.accessTestCaseMainPhase(CommonExecutor.java:65)&#xa;	at com.kms.katalon.core.main.TestSuiteExecutor.accessTestSuiteMainPhase(TestSuiteExecutor.java:150)&#xa;	at com.kms.katalon.core.main.TestSuiteExecutor.execute(TestSuiteExecutor.java:106)&#xa;	at com.kms.katalon.core.main.TestCaseMain.startTestSuite(TestCaseMain.java:180)&#xa;	at TempTestSuite1738107421100.run(TempTestSuite1738107421100.groovy:35)&#xa;	at java.base/jdk.internal.reflect.NativeMethodAccessorImpl.invoke0(Native Method)&#xa;	at java.base/jdk.internal.reflect.NativeMethodAccessorImpl.invoke(NativeMethodAccessorImpl.java:77)&#xa;	at java.base/jdk.internal.reflect.DelegatingMethodAccessorImpl.invoke(DelegatingMethodAccessorImpl.java:43)&#xa;)&#xa;	at com.kms.katalon.core.keyword.internal.KeywordMain.stepFailed(KeywordMain.groovy:39)&#xa;	at com.kms.katalon.core.keyword.internal.KeywordMain.stepFailed(KeywordMain.groovy)&#xa;	at com.kms.katalon.core.keyword.internal.KeywordMain.runKeyword(KeywordMain.groovy:77)&#xa;	at com.kms.katalon.core.keyword.builtin.VerifyEqualKeyword.verifyEqual(VerifyEqualKeyword.groovy:63)&#xa;	at com.kms.katalon.core.keyword.builtin.VerifyEqualKeyword.execute(VerifyEqualKeyword.groovy:44)&#xa;	at com.kms.katalon.core.keyword.internal.KeywordExecutor.executeKeywordForPlatform(KeywordExecutor.groovy:74)&#xa;	at com.kms.katalon.core.keyword.BuiltinKeywords.verifyEqual(BuiltinKeywords.groovy:146)&#xa;	at jdk.internal.reflect.GeneratedMethodAccessor25.invoke(Unknown Source)&#xa;	at java.base/jdk.internal.reflect.DelegatingMethodAccessorImpl.invoke(DelegatingMethodAccessorImpl.java:43)&#xa;	at Блок руководителя сверка дашбордов под разными учётками.OtpuskIzSeti(Блок руководителя сверка дашбордов под разными учётками:707)&#xa;	at Блок руководителя сверка дашбордов под разными учётками.run(Блок руководителя сверка дашбордов под разными учётками:70)&#xa;	at com.kms.katalon.core.main.ScriptEngine.run(ScriptEngine.java:194)&#xa;	at com.kms.katalon.core.main.ScriptEngine.runScriptAsRawText(ScriptEngine.java:119)&#xa;	at com.kms.katalon.core.main.TestCaseExecutor.runScript(TestCaseExecutor.java:448)&#xa;	at com.kms.katalon.core.main.TestCaseExecutor.doExecute(TestCaseExecutor.java:439)&#xa;	at com.kms.katalon.core.main.TestCaseExecutor.processExecutionPhase(TestCaseExecutor.java:418)&#xa;	at com.kms.katalon.core.main.TestCaseExecutor.accessMainPhase(TestCaseExecutor.java:410)&#xa;	at com.kms.katalon.core.main.TestCaseExecutor.execute(TestCaseExecutor.java:285)&#xa;	at com.kms.katalon.core.common.CommonExecutor.accessTestCaseMainPhase(CommonExecutor.java:65)&#xa;	at com.kms.katalon.core.main.TestSuiteExecutor.accessTestSuiteMainPhase(TestSuiteExecutor.java:150)&#xa;	at com.kms.katalon.core.main.TestSuiteExecutor.execute(TestSuiteExecutor.java:106)&#xa;	at com.kms.katalon.core.main.TestCaseMain.startTestSuite(TestCaseMain.java:180)&#xa;	at TempTestSuite1738107421100.run(TempTestSuite1738107421100.groovy:35)&#xa;	at java.base/jdk.internal.reflect.NativeMethodAccessorImpl.invoke0(Native Method)&#xa;	at java.base/jdk.internal.reflect.NativeMethodAccessorImpl.invoke(NativeMethodAccessorImpl.java:77)&#xa;	at java.base/jdk.internal.reflect.DelegatingMethodAccessorImpl.invoke(DelegatingMethodAccessorImpl.java:43)&#xa;Caused by: com.kms.katalon.core.exception.StepFailedException: Actual object '15 564 037' and expected object '16 830 292' are not equal&#xa;	at com.kms.katalon.core.keyword.builtin.VerifyEqualKeyword$_verifyEqual_closure1.doCall(VerifyEqualKeyword.groovy:58)&#xa;	at com.kms.katalon.core.keyword.builtin.VerifyEqualKeyword$_verifyEqual_closure1.call(VerifyEqualKeyword.groovy)&#xa;	at com.kms.katalon.core.keyword.internal.KeywordMain.runKeyword(KeywordMain.groovy:75)&#xa;	... 23 more&#xa;"/>
         <system-out><![CDATA[29-01-2025T04:41:55 - [TEST_CASE][FAILED] - Test Cases/Сверки дашбордов/Блок руководителя сверка дашбордов под разными учётками: Test Cases/Сверки дашбордов/Блок руководителя сверка дашбордов под разными учётками FAILED.
Reason:
com.kms.katalon.core.exception.StepFailedException: Unable to verify equal between actual object '15 564 037' and expected object '16 830 292' (Root cause: com.kms.katalon.core.exception.StepFailedException: Actual object '15 564 037' and expected object '16 830 292' are not equal
	at com.kms.katalon.core.keyword.builtin.VerifyEqualKeyword$_verifyEqual_closure1.doCall(VerifyEqualKeyword.groovy:58)
	at com.kms.katalon.core.keyword.builtin.VerifyEqualKeyword$_verifyEqual_closure1.call(VerifyEqualKeyword.groovy)
	at com.kms.katalon.core.keyword.internal.KeywordMain.runKeyword(KeywordMain.groovy:75)
	at com.kms.katalon.core.keyword.builtin.VerifyEqualKeyword.verifyEqual(VerifyEqualKeyword.groovy:63)
	at com.kms.katalon.core.keyword.builtin.VerifyEqualKeyword.execute(VerifyEqualKeyword.groovy:44)
	at com.kms.katalon.core.keyword.internal.KeywordExecutor.executeKeywordForPlatform(KeywordExecutor.groovy:74)
	at com.kms.katalon.core.keyword.BuiltinKeywords.verifyEqual(BuiltinKeywords.groovy:146)
	at jdk.internal.reflect.GeneratedMethodAccessor25.invoke(Unknown Source)
	at java.base/jdk.internal.reflect.DelegatingMethodAccessorImpl.invoke(DelegatingMethodAccessorImpl.java:43)
	at Блок руководителя сверка дашбордов под разными учётками.OtpuskIzSeti(Блок руководителя сверка дашбордов под разными учётками:707)
	at Блок руководителя сверка дашбордов под разными учётками.run(Блок руководителя сверка дашбордов под разными учётками:70)
	at com.kms.katalon.core.main.ScriptEngine.run(ScriptEngine.java:194)
	at com.kms.katalon.core.main.ScriptEngine.runScriptAsRawText(ScriptEngine.java:119)
	at com.kms.katalon.core.main.TestCaseExecutor.runScript(TestCaseExecutor.java:448)
	at com.kms.katalon.core.main.TestCaseExecutor.doExecute(TestCaseExecutor.java:439)
	at com.kms.katalon.core.main.TestCaseExecutor.processExecutionPhase(TestCaseExecutor.java:418)
	at com.kms.katalon.core.main.TestCaseExecutor.accessMainPhase(TestCaseExecutor.java:410)
	at com.kms.katalon.core.main.TestCaseExecutor.execute(TestCaseExecutor.java:285)
	at com.kms.katalon.core.common.CommonExecutor.accessTestCaseMainPhase(CommonExecutor.java:65)
	at com.kms.katalon.core.main.TestSuiteExecutor.accessTestSuiteMainPhase(TestSuiteExecutor.java:150)
	at com.kms.katalon.core.main.TestSuiteExecutor.execute(TestSuiteExecutor.java:106)
	at com.kms.katalon.core.main.TestCaseMain.startTestSuite(TestCaseMain.java:180)
	at TempTestSuite1738107421100.run(TempTestSuite1738107421100.groovy:35)
	at java.base/jdk.internal.reflect.NativeMethodAccessorImpl.invoke0(Native Method)
	at java.base/jdk.internal.reflect.NativeMethodAccessorImpl.invoke(NativeMethodAccessorImpl.java:77)
	at java.base/jdk.internal.reflect.DelegatingMethodAccessorImpl.invoke(DelegatingMethodAccessorImpl.java:43)
)
	at com.kms.katalon.core.keyword.internal.KeywordMain.stepFailed(KeywordMain.groovy:39)
	at com.kms.katalon.core.keyword.internal.KeywordMain.stepFailed(KeywordMain.groovy)
	at com.kms.katalon.core.keyword.internal.KeywordMain.runKeyword(KeywordMain.groovy:77)
	at com.kms.katalon.core.keyword.builtin.VerifyEqualKeyword.verifyEqual(VerifyEqualKeyword.groovy:63)
	at com.kms.katalon.core.keyword.builtin.VerifyEqualKeyword.execute(VerifyEqualKeyword.groovy:44)
	at com.kms.katalon.core.keyword.internal.KeywordExecutor.executeKeywordForPlatform(KeywordExecutor.groovy:74)
	at com.kms.katalon.core.keyword.BuiltinKeywords.verifyEqual(BuiltinKeywords.groovy:146)
	at jdk.internal.reflect.GeneratedMethodAccessor25.invoke(Unknown Source)
	at java.base/jdk.internal.reflect.DelegatingMethodAccessorImpl.invoke(DelegatingMethodAccessorImpl.java:43)
	at Блок руководителя сверка дашбордов под разными учётками.OtpuskIzSeti(Блок руководителя сверка дашбордов под разными учётками:707)
	at Блок руководителя сверка дашбордов под разными учётками.run(Блок руководителя сверка дашбордов под разными учётками:70)
	at com.kms.katalon.core.main.ScriptEngine.run(ScriptEngine.java:194)
	at com.kms.katalon.core.main.ScriptEngine.runScriptAsRawText(ScriptEngine.java:119)
	at com.kms.katalon.core.main.TestCaseExecutor.runScript(TestCaseExecutor.java:448)
	at com.kms.katalon.core.main.TestCaseExecutor.doExecute(TestCaseExecutor.java:439)
	at com.kms.katalon.core.main.TestCaseExecutor.processExecutionPhase(TestCaseExecutor.java:418)
	at com.kms.katalon.core.main.TestCaseExecutor.accessMainPhase(TestCaseExecutor.java:410)
	at com.kms.katalon.core.main.TestCaseExecutor.execute(TestCaseExecutor.java:285)
	at com.kms.katalon.core.common.CommonExecutor.accessTestCaseMainPhase(CommonExecutor.java:65)
	at com.kms.katalon.core.main.TestSuiteExecutor.accessTestSuiteMainPhase(TestSuiteExecutor.java:150)
	at com.kms.katalon.core.main.TestSuiteExecutor.execute(TestSuiteExecutor.java:106)
	at com.kms.katalon.core.main.TestCaseMain.startTestSuite(TestCaseMain.java:180)
	at TempTestSuite1738107421100.run(TempTestSuite1738107421100.groovy:35)
	at java.base/jdk.internal.reflect.NativeMethodAccessorImpl.invoke0(Native Method)
	at java.base/jdk.internal.reflect.NativeMethodAccessorImpl.invoke(NativeMethodAccessorImpl.java:77)
	at java.base/jdk.internal.reflect.DelegatingMethodAccessorImpl.invoke(DelegatingMethodAccessorImpl.java:43)
Caused by: com.kms.katalon.core.exception.StepFailedException: Actual object '15 564 037' and expected object '16 830 292' are not equal
	at com.kms.katalon.core.keyword.builtin.VerifyEqualKeyword$_verifyEqual_closure1.doCall(VerifyEqualKeyword.groovy:58)
	at com.kms.katalon.core.keyword.builtin.VerifyEqualKeyword$_verifyEqual_closure1.call(VerifyEqualKeyword.groovy)
	at com.kms.katalon.core.keyword.internal.KeywordMain.runKeyword(KeywordMain.groovy:75)
	... 23 more


29-01-2025T04:41:55 - [TEST_STEP][PASSED] - run = 1: null

29-01-2025T04:41:55 - [TEST_STEP][PASSED] - data = findTestData("PlanFact"): null

29-01-2025T04:41:55 - [TEST_STEP][PASSED] - n = <not implemented yet for class: org.codehaus.groovy.ast.expr.EmptyExpression>: null

29-01-2025T04:41:55 - [TEST_STEP][PASSED] - urlData = <not implemented yet for class: org.codehaus.groovy.ast.expr.EmptyExpression>: null

29-01-2025T04:41:55 - [TEST_STEP][PASSED] - dashboardName = <not implemented yet for class: org.codehaus.groovy.ast.expr.EmptyExpression>: null

29-01-2025T04:41:55 - [TEST_STEP][PASSED] - a1 = <not implemented yet for class: org.codehaus.groovy.ast.expr.EmptyExpression>: null

29-01-2025T04:41:55 - [TEST_STEP][PASSED] - a2 = <not implemented yet for class: org.codehaus.groovy.ast.expr.EmptyExpression>: null

29-01-2025T04:41:55 - [TEST_STEP][PASSED] - a3 = <not implemented yet for class: org.codehaus.groovy.ast.expr.EmptyExpression>: null

29-01-2025T04:41:55 - [TEST_STEP][PASSED] - a4 = <not implemented yet for class: org.codehaus.groovy.ast.expr.EmptyExpression>: null

29-01-2025T04:41:55 - [TEST_STEP][PASSED] - a5 = <not implemented yet for class: org.codehaus.groovy.ast.expr.EmptyExpression>: null

29-01-2025T04:41:55 - [TEST_STEP][PASSED] - a6 = <not implemented yet for class: org.codehaus.groovy.ast.expr.EmptyExpression>: null

29-01-2025T04:41:55 - [TEST_STEP][PASSED] - a7 = <not implemented yet for class: org.codehaus.groovy.ast.expr.EmptyExpression>: null

29-01-2025T04:41:55 - [TEST_STEP][PASSED] - a8 = <not implemented yet for class: org.codehaus.groovy.ast.expr.EmptyExpression>: null

29-01-2025T04:41:55 - [TEST_STEP][PASSED] - a9 = <not implemented yet for class: org.codehaus.groovy.ast.expr.EmptyExpression>: null

29-01-2025T04:41:55 - [TEST_STEP][PASSED] - user = <not implemented yet for class: org.codehaus.groovy.ast.expr.EmptyExpression>: null

29-01-2025T04:41:55 - [TEST_STEP][PASSED] - for ([run = 1, run < 4, (run++)]): null

29-01-2025T04:41:55 - [TEST_STEP][PASSED] - VipolnenieBiznesPlana(user, dashboardName, n, data, run, a1, a2, a3, a4, a5, a6, a7, a8, a9, urlData): null

29-01-2025T04:41:55 - [TEST_STEP][PASSED] - n = data.getRowNumbers() + 1: null

29-01-2025T04:41:55 - [TEST_STEP][PASSED] - println(n): null

29-01-2025T04:41:55 - [TEST_STEP][PASSED] - dashboardName = "Выполнение бизнес-плана": null

29-01-2025T04:41:55 - [TEST_STEP][PASSED] - openBrowser(""): Browser is opened with url: ''

29-01-2025T04:41:55 - [MESSAGE][WARNING] - A browser is already opened. Closing browser and opening a new one

29-01-2025T04:41:56 - [MESSAGE][INFO] - Starting 'Chrome' driver

29-01-2025T04:41:56 - [MESSAGE][INFO] - Action delay is set to 0 milliseconds

29-01-2025T04:41:57 - [MESSAGE][PASSED] - Browser is opened with url: ''

29-01-2025T04:41:57 - [TEST_STEP][PASSED] - urlData = 1: null

29-01-2025T04:41:57 - [TEST_STEP][PASSED] - Script1686231490255.CheckPageDownload(urlData, run): null

29-01-2025T04:41:57 - [TEST_STEP][PASSED] - i = 1: null

29-01-2025T04:41:57 - [TEST_STEP][PASSED] - ii = 0: null

29-01-2025T04:41:57 - [TEST_STEP][PASSED] - urlText = <not implemented yet for class: org.codehaus.groovy.ast.expr.EmptyExpression>: null

29-01-2025T04:41:57 - [TEST_STEP][PASSED] - searchWord = <not implemented yet for class: org.codehaus.groovy.ast.expr.EmptyExpression>: null

29-01-2025T04:41:57 - [TEST_STEP][PASSED] - deleteAllCookies(): Delete all cookies successfully

29-01-2025T04:41:57 - [MESSAGE][PASSED] - Delete all cookies successfully

29-01-2025T04:41:57 - [TEST_STEP][PASSED] - refresh(): Refresh successfully

29-01-2025T04:41:57 - [MESSAGE][PASSED] - Refresh successfully

29-01-2025T04:41:57 - [TEST_STEP][PASSED] - delay(70): Delayed 70 second(s)

29-01-2025T04:43:07 - [MESSAGE][PASSED] - Delayed 70 second(s)

29-01-2025T04:43:07 - [TEST_STEP][PASSED] - navigateToUrl(findTestData("PlanFact").getValue(10, urlData)): Navigate to 'https://bi.rosseti.digital/viewer?dashboardGuid=d154a8eaf6824e2b9de1bb04dd061c18&sheetGuid=1305e8ce744049e1abdacea1ea397a26&fit=true' successfully

29-01-2025T04:43:14 - [MESSAGE][PASSED] - Navigate to 'https://bi.rosseti.digital/viewer?dashboardGuid=d154a8eaf6824e2b9de1bb04dd061c18&sheetGuid=1305e8ce744049e1abdacea1ea397a26&fit=true' successfully

29-01-2025T04:43:14 - [TEST_STEP][PASSED] - pageLoaded1 = verifyElementPresent(findTestObject("Страница авторизации/Text"), 30): Object 'Object Repository/Страница авторизации/Text' is present

29-01-2025T04:43:16 - [MESSAGE][PASSED] - Object 'Object Repository/Страница авторизации/Text' is present

29-01-2025T04:43:16 - [TEST_STEP][PASSED] - if (pageLoaded1 == false): null

29-01-2025T04:43:16 - [TEST_STEP][PASSED] - urlText = getText(findTestObject("Страница авторизации/Text")): Text of object 'Object Repository/Страница авторизации/Text' is: 'Вход'

29-01-2025T04:43:16 - [MESSAGE][PASSED] - Text of object 'Object Repository/Страница авторизации/Text' is: 'Вход'

29-01-2025T04:43:16 - [TEST_STEP][PASSED] - delay(70): Delayed 70 second(s)

29-01-2025T04:44:26 - [MESSAGE][PASSED] - Delayed 70 second(s)

29-01-2025T04:44:26 - [TEST_STEP][PASSED] - searchWord = "Вход": null

29-01-2025T04:44:26 - [TEST_STEP][PASSED] - if (urlText.contains(searchWord) == false): null

29-01-2025T04:44:26 - [TEST_STEP][PASSED] - setText(findTestObject("Страница авторизации/input__username"), findTestData("PlanFact").getValue(8, run)): Text 'liazgina-di' is set on object 'Object Repository/Страница авторизации/input__username'

29-01-2025T04:44:27 - [MESSAGE][PASSED] - Text 'liazgina-di' is set on object 'Object Repository/Страница авторизации/input__username'

29-01-2025T04:44:27 - [TEST_STEP][PASSED] - setText(findTestObject("Страница авторизации/input__password"), findTestData("PlanFact").getValue(9, run)): Text ')$%5srZ8o688Dm#q' is set on object 'Object Repository/Страница авторизации/input__password'

29-01-2025T04:44:27 - [MESSAGE][PASSED] - Text ')$%5srZ8o688Dm#q' is set on object 'Object Repository/Страница авторизации/input__password'

29-01-2025T04:44:27 - [TEST_STEP][PASSED] - click(findTestObject("Страница авторизации/button_")): Object: 'Object Repository/Страница авторизации/button_' is clicked on

29-01-2025T04:44:29 - [MESSAGE][PASSED] - Object: 'Object Repository/Страница авторизации/button_' is clicked on

29-01-2025T04:44:29 - [TEST_STEP][PASSED] - delay(70): Delayed 70 second(s)

29-01-2025T04:45:39 - [MESSAGE][PASSED] - Delayed 70 second(s)

29-01-2025T04:45:39 - [TEST_STEP][PASSED] - searchWord = "а": null

29-01-2025T04:45:39 - [TEST_STEP][PASSED] - pageLoaded2 = verifyElementPresent(findTestObject("Страница авторизации/Text"), 50): Object 'Object Repository/Страница авторизации/Text' is present

29-01-2025T04:45:43 - [MESSAGE][PASSED] - Object 'Object Repository/Страница авторизации/Text' is present

29-01-2025T04:45:43 - [TEST_STEP][PASSED] - if (pageLoaded2 == false): null

29-01-2025T04:45:43 - [TEST_STEP][PASSED] - urlText = getText(findTestObject("Страница авторизации/Text")): Text of object 'Object Repository/Страница авторизации/Text' is: 'ДЗО 
ПАО Россети
Период
2024 год
Отклонения фактического уровня потерь от бизнес-плана, п.п.
-0.21
-80.57
-0.44
-0.64
-0.02
0.20
-0.33
-92.64
-0.02
0.20
-0.17
0.40
0.77
-0.49
-0.11
Россети ФСКЕЭС
АО«Тываэнерго»
Россети Волга
Россети Кубань
РоссетиЛенэнерго (ГК)
РоссетиМосковскийрегион
Россети Северо-Запад
Россети Сибирь
Россети Томск
Россети Тюмень
Россети Урал(ГК)
Россети Центр(ГК)
Россети Центри Приволжье(ГК)
Россети Юг(ГК)
Россети Янтарь
0
-102
-85
-68
-51
-34
-17
17

Уровень потерь электроэнергии
Россети ФСКЕЭС
АО«Тываэнерго»
Россети Волга
Россети Кубань
РоссетиЛенэнерго (ГК)
РоссетиМосковскийрегион
Россети Северо-Запад
Россети Сибирь
Россети Томск
Россети Тюмень
Россети Урал(ГК)
Россети Центр(ГК)
Россети Центри Приволжье(ГК)
Россети Юг(ГК)
Россети Янтарь
0
20
40
60
-20
80
3.93
|

5.78
|
9.39
|
10.91
|
7.62
6.08
|

9.01
|
3.08
6.07
|
13.44
9.30
9.21
|
9.32
|
3.72
-0.00
5.33
8.76
10.89
7.82
|
5.75
-0.00
8.99
3.27
|
5.90
13.84
|
10.08
|
8.73
9.21
п.п.
2.36
Итого
0
1
2
3
%
5.48 5.48
7.84 7.84
План
Факт
1
100

● Бизнес-план выполнен● ●● Превышение бизнес-плана
Отклонения фактического уровня потерь от бизнес-плана за 3 месяца (нарастающим итогом), п.п.
-0.2-0.2
-0.1-0.1
3.23.2
-0.4-0.4
-0.7-0.7
0.10.1
0.10.1
3.93.9
-0.4-0.4
-0.0-0.0
-0.0-0.0
0.10.1
-0.1-0.1
-0.5-0.5
-0.3-0.3
-0.4-0.4
-0.1-0.1
-0.2-0.2
-8.3-8.3
3.13.1
-0.4-0.4
-0.6-0.6
-0.0-0.0
0.20.2
3.93.9
-0.4-0.4
-8.8-8.8
-0.0-0.0
0.20.2
-0.2-0.2
-0.5-0.5
-0.3-0.3
-0.5-0.5
-0.1-0.1
-0.2-0.2
-80.6-80.6
-0.4-0.4
-0.6-0.6
-0.0-0.0
0.20.2
-0.3-0.3
-92.6-92.6
-0.0-0.0
0.20.2
-0.2-0.2
0.40.4
0.80.8
-0.5-0.5
-0.1-0.1
Россети ФСКЕЭС
АО«Тываэнерго»
АО«Чеченэнерго»
Россети Волга
РоссетиКубань
РоссетиЛенэнерго(ГК)
РоссетиМосковскийрегион
РоссетиСеверныйКавказ (ГК)
Россети Север…
Россети Сибирь(ГК)
Россети Томск
Россети Тюмень
Россети Урал(ГК)
Россети Центр
Россети Центри Приволжье(ГК)
Россети Юг (Г…
РоссетиЯнтарь
-100
0
100
п.п.
Отклонения фактического уровня потерь от бизнес-плана за 3 месяца (нарастающим итогом)
-0.2-0.2
-1.6-1.6
-0.1-0.1
-0.7-0.7
0.10.1
-0.7-0.7
1.01.0
-0.5-0.5
-0.2-0.2
0.10.1
-0.4-0.4
0.20.2
-0.3-0.3
-0.1-0.1
-0.9-0.9
-0.4-0.4
-0.2-0.2
-0.3-0.3
-0.6-0.6
-1.0-1.0
-0.2-0.2
-1.5-1.5
-0.1-0.1
-0.6-0.6
-95.8-95.8
-0.0-0.0
-0.7-0.7
1.31.3
-0.5-0.5
-0.2-0.2
-90.8-90.8
0.10.1
-0.4-0.4
0.10.1
0.00.0
-0.1-0.1
-80.6-80.6
-1.0-1.0
-0.4-0.4
-0.1-0.1
-0.2-0.2
-0.8-0.8
-1.0-1.0
-0.2-0.2
0.00.0
-0.0-0.0
-0.3-0.3
-1.3-1.3
-1.0-1.0
1.21.2
1.51.5
-0.7-0.7
1.21.2
-0.5-0.5
0.50.5
-0.2-0.2
0.10.1
0.70.7
-0.0-0.0
-0.4-0.4
-0.1-0.1
0.20.2
-0.1-0.1
1.91.9
1.31.3
-0.7-0.7
-0.1-0.1
-1.3-1.3
0.90.9
2.12.1
-0.8-0.8
-0.3-0.3
0.50.5
Итого по ФСК …
Калмэнерго
Калугаэнерго
Карельский филиал
Кировэнерго
Костромаэнерго
Кубаньэнерго
Кузбассэнерго-РЭС
Курскэнерго
Ленинградская область
Липецкэнерго
Мариэнерго
Мордовэнерго
Московская область
Мурманский филиал
Нижновэнерго
Новгородский филиал
ООО «БрянскЭлектро»
Омскэнерго
Орелэнерго
Оренбургэнерго
Пензаэнерго
Пермэнерго
Псковский филиал
Россети Тюмень
Россети Янтарь
АО "Тываэнерго"
АО «ВМЭС»
АО «Воронежская горэлектросеть»
АО «Тульские городские электрические сети»
АО «Ярославская электросетевая компания»
АО ЕЭСК
Архангельский филиал
Астраханьэнерго
Белгородэнерго
Брянскэнерго
Владимирэнерго
Волгоградэнерго
Вологодский филиал
Воронежэнерго
Ивэнерго
-180
60

Статус данных
Просьба обратить внимание
— данные занесены не полностью
Факт
План
Итого – Факт
Отпуск в сеть 643 171 953
Отпуск из сети 592 758 840
Потери 50 413 112
Итого – План
Отпуск в сеть 972 755 413
Отпуск из сети 919 425 576
Потери 53 329 836
Выполнение бизнес-плана в части показателя «Уровень потерь электроэнергии»
Показатели баланса электроэнергии по ДЗО – Факт 
628 869 369 681 757 3 631 955 58 408 593 25 855 039 34 954 264 104 134 403 20 651 499 33 379 839 53 124 310 5 175 776 52 550 349 78 097 898 61 308 908 55 815 923 28 608 896 4 647 452
606 329 271 506 218 2 312 442 55 259 019 23 591 243 31 148 311 95 987 829 15 078 002 31 460 760 49 049 657 4 710 610 51 105 150 73 469 328 55 069 554 51 792 314 26 108 534 4 219 589
22 540 098 135 949 1 319 513 3 149 574 2 263 796 3 805 953 8 146 574 5 573 496 1 919 079 3 714 964 465 166 1 445 199 4 628 569 6 239 354 4 023 609 2 500 363 427 863
Показатели баланса электроэнергии по ДЗО – План
609 305 966 689 053 3 403 997 56 729 408 24 737 079 33 422 359 98 965 831 19 485 633 33 056 576 55 771 012 5 006 761 55 037 919 75 299 546 59 895 276 54 005 476 27 838 881 4 470 333
586 252 051 494 789 2 272 993 53 425 459 22 413 833 29 775 403 91 420 590 14 949 980 31 046 621 46 966 394 4 555 629 53 612 860 70 721 200 53 517 675 50 017 436 25 273 744 4 053 696
23 053 915 194 264 1 131 004 3 303 949 2 323 246 3 646 956 7 545 241 4 535 653 2 009 955 8 804 618 451 132 1 425 059 4 578 346 6 377 601 3 988 040 2 565 137 416 637'

29-01-2025T04:45:45 - [MESSAGE][PASSED] - Text of object 'Object Repository/Страница авторизации/Text' is: 'ДЗО 
ПАО Россети
Период
2024 год
Отклонения фактического уровня потерь от бизнес-плана, п.п.
-0.21
-80.57
-0.44
-0.64
-0.02
0.20
-0.33
-92.64
-0.02
0.20
-0.17
0.40
0.77
-0.49
-0.11
Россети ФСКЕЭС
АО«Тываэнерго»
Россети Волга
Россети Кубань
РоссетиЛенэнерго (ГК)
РоссетиМосковскийрегион
Россети Северо-Запад
Россети Сибирь
Россети Томск
Россети Тюмень
Россети Урал(ГК)
Россети Центр(ГК)
Россети Центри Приволжье(ГК)
Россети Юг(ГК)
Россети Янтарь
0
-102
-85
-68
-51
-34
-17
17

Уровень потерь электроэнергии
Россети ФСКЕЭС
АО«Тываэнерго»
Россети Волга
Россети Кубань
РоссетиЛенэнерго (ГК)
РоссетиМосковскийрегион
Россети Северо-Запад
Россети Сибирь
Россети Томск
Россети Тюмень
Россети Урал(ГК)
Россети Центр(ГК)
Россети Центри Приволжье(ГК)
Россети Юг(ГК)
Россети Янтарь
0
20
40
60
-20
80
3.93
|

5.78
|
9.39
|
10.91
|
7.62
6.08
|

9.01
|
3.08
6.07
|
13.44
9.30
9.21
|
9.32
|
3.72
-0.00
5.33
8.76
10.89
7.82
|
5.75
-0.00
8.99
3.27
|
5.90
13.84
|
10.08
|
8.73
9.21
п.п.
2.36
Итого
0
1
2
3
%
5.48 5.48
7.84 7.84
План
Факт
1
100

● Бизнес-план выполнен● ●● Превышение бизнес-плана
Отклонения фактического уровня потерь от бизнес-плана за 3 месяца (нарастающим итогом), п.п.
-0.2-0.2
-0.1-0.1
3.23.2
-0.4-0.4
-0.7-0.7
0.10.1
0.10.1
3.93.9
-0.4-0.4
-0.0-0.0
-0.0-0.0
0.10.1
-0.1-0.1
-0.5-0.5
-0.3-0.3
-0.4-0.4
-0.1-0.1
-0.2-0.2
-8.3-8.3
3.13.1
-0.4-0.4
-0.6-0.6
-0.0-0.0
0.20.2
3.93.9
-0.4-0.4
-8.8-8.8
-0.0-0.0
0.20.2
-0.2-0.2
-0.5-0.5
-0.3-0.3
-0.5-0.5
-0.1-0.1
-0.2-0.2
-80.6-80.6
-0.4-0.4
-0.6-0.6
-0.0-0.0
0.20.2
-0.3-0.3
-92.6-92.6
-0.0-0.0
0.20.2
-0.2-0.2
0.40.4
0.80.8
-0.5-0.5
-0.1-0.1
Россети ФСКЕЭС
АО«Тываэнерго»
АО«Чеченэнерго»
Россети Волга
РоссетиКубань
РоссетиЛенэнерго(ГК)
РоссетиМосковскийрегион
РоссетиСеверныйКавказ (ГК)
Россети Север…
Россети Сибирь(ГК)
Россети Томск
Россети Тюмень
Россети Урал(ГК)
Россети Центр
Россети Центри Приволжье(ГК)
Россети Юг (Г…
РоссетиЯнтарь
-100
0
100
п.п.
Отклонения фактического уровня потерь от бизнес-плана за 3 месяца (нарастающим итогом)
-0.2-0.2
-1.6-1.6
-0.1-0.1
-0.7-0.7
0.10.1
-0.7-0.7
1.01.0
-0.5-0.5
-0.2-0.2
0.10.1
-0.4-0.4
0.20.2
-0.3-0.3
-0.1-0.1
-0.9-0.9
-0.4-0.4
-0.2-0.2
-0.3-0.3
-0.6-0.6
-1.0-1.0
-0.2-0.2
-1.5-1.5
-0.1-0.1
-0.6-0.6
-95.8-95.8
-0.0-0.0
-0.7-0.7
1.31.3
-0.5-0.5
-0.2-0.2
-90.8-90.8
0.10.1
-0.4-0.4
0.10.1
0.00.0
-0.1-0.1
-80.6-80.6
-1.0-1.0
-0.4-0.4
-0.1-0.1
-0.2-0.2
-0.8-0.8
-1.0-1.0
-0.2-0.2
0.00.0
-0.0-0.0
-0.3-0.3
-1.3-1.3
-1.0-1.0
1.21.2
1.51.5
-0.7-0.7
1.21.2
-0.5-0.5
0.50.5
-0.2-0.2
0.10.1
0.70.7
-0.0-0.0
-0.4-0.4
-0.1-0.1
0.20.2
-0.1-0.1
1.91.9
1.31.3
-0.7-0.7
-0.1-0.1
-1.3-1.3
0.90.9
2.12.1
-0.8-0.8
-0.3-0.3
0.50.5
Итого по ФСК …
Калмэнерго
Калугаэнерго
Карельский филиал
Кировэнерго
Костромаэнерго
Кубаньэнерго
Кузбассэнерго-РЭС
Курскэнерго
Ленинградская область
Липецкэнерго
Мариэнерго
Мордовэнерго
Московская область
Мурманский филиал
Нижновэнерго
Новгородский филиал
ООО «БрянскЭлектро»
Омскэнерго
Орелэнерго
Оренбургэнерго
Пензаэнерго
Пермэнерго
Псковский филиал
Россети Тюмень
Россети Янтарь
АО "Тываэнерго"
АО «ВМЭС»
АО «Воронежская горэлектросеть»
АО «Тульские городские электрические сети»
АО «Ярославская электросетевая компания»
АО ЕЭСК
Архангельский филиал
Астраханьэнерго
Белгородэнерго
Брянскэнерго
Владимирэнерго
Волгоградэнерго
Вологодский филиал
Воронежэнерго
Ивэнерго
-180
60

Статус данных
Просьба обратить внимание
— данные занесены не полностью
Факт
План
Итого – Факт
Отпуск в сеть 643 171 953
Отпуск из сети 592 758 840
Потери 50 413 112
Итого – План
Отпуск в сеть 972 755 413
Отпуск из сети 919 425 576
Потери 53 329 836
Выполнение бизнес-плана в части показателя «Уровень потерь электроэнергии»
Показатели баланса электроэнергии по ДЗО – Факт 
628 869 369 681 757 3 631 955 58 408 593 25 855 039 34 954 264 104 134 403 20 651 499 33 379 839 53 124 310 5 175 776 52 550 349 78 097 898 61 308 908 55 815 923 28 608 896 4 647 452
606 329 271 506 218 2 312 442 55 259 019 23 591 243 31 148 311 95 987 829 15 078 002 31 460 760 49 049 657 4 710 610 51 105 150 73 469 328 55 069 554 51 792 314 26 108 534 4 219 589
22 540 098 135 949 1 319 513 3 149 574 2 263 796 3 805 953 8 146 574 5 573 496 1 919 079 3 714 964 465 166 1 445 199 4 628 569 6 239 354 4 023 609 2 500 363 427 863
Показатели баланса электроэнергии по ДЗО – План
609 305 966 689 053 3 403 997 56 729 408 24 737 079 33 422 359 98 965 831 19 485 633 33 056 576 55 771 012 5 006 761 55 037 919 75 299 546 59 895 276 54 005 476 27 838 881 4 470 333
586 252 051 494 789 2 272 993 53 425 459 22 413 833 29 775 403 91 420 590 14 949 980 31 046 621 46 966 394 4 555 629 53 612 860 70 721 200 53 517 675 50 017 436 25 273 744 4 053 696
23 053 915 194 264 1 131 004 3 303 949 2 323 246 3 646 956 7 545 241 4 535 653 2 009 955 8 804 618 451 132 1 425 059 4 578 346 6 377 601 3 988 040 2 565 137 416 637'

29-01-2025T04:45:45 - [TEST_STEP][PASSED] - if (urlText.contains("ошибка") || urlText.contains(searchWord) == false): null

29-01-2025T04:45:45 - [TEST_STEP][PASSED] - Script1686231490255.ZakrytOpoveshenie(): null

29-01-2025T04:45:45 - [TEST_STEP][PASSED] - opoveshenie = getText(findTestObject("Выполнение бизнес-плана/Просьба обратить внимание")): Text of object 'Object Repository/Выполнение бизнес-плана/Просьба обратить внимание' is: 'Просьба обратить внимание'

29-01-2025T04:45:45 - [MESSAGE][PASSED] - Text of object 'Object Repository/Выполнение бизнес-плана/Просьба обратить внимание' is: 'Просьба обратить внимание'

29-01-2025T04:45:45 - [TEST_STEP][PASSED] - println(opoveshenie): null

29-01-2025T04:45:45 - [TEST_STEP][PASSED] - if (opoveshenie == "Просьба обратить внимание"): Object: 'Object Repository/Выполнение бизнес-плана/Закрыть оповещение' is clicked on

29-01-2025T04:45:45 - [TEST_STEP][PASSED] - click(findTestObject("Выполнение бизнес-плана/Закрыть оповещение")): Object: 'Object Repository/Выполнение бизнес-плана/Закрыть оповещение' is clicked on

29-01-2025T04:45:45 - [MESSAGE][PASSED] - Object: 'Object Repository/Выполнение бизнес-плана/Закрыть оповещение' is clicked on

29-01-2025T04:45:45 - [TEST_STEP][PASSED] - click(findTestObject("Object Repository/Выполнение бизнес-плана/Фильтр Дата")): Object: 'Object Repository/Выполнение бизнес-плана/Фильтр Дата' is clicked on

29-01-2025T04:45:46 - [MESSAGE][PASSED] - Object: 'Object Repository/Выполнение бизнес-плана/Фильтр Дата' is clicked on

29-01-2025T04:45:46 - [TEST_STEP][PASSED] - click(findTestObject("Выполнение бизнес-плана/Снять выделение в фильтре Дата")): Object: 'Object Repository/Выполнение бизнес-плана/Снять выделение в фильтре Дата' is clicked on

29-01-2025T04:45:46 - [MESSAGE][PASSED] - Object: 'Object Repository/Выполнение бизнес-плана/Снять выделение в фильтре Дата' is clicked on

29-01-2025T04:45:46 - [TEST_STEP][PASSED] - click(findTestObject("Object Repository/Выполнение бизнес-плана/Применить в фильтре Дата")): Object: 'Object Repository/Выполнение бизнес-плана/Применить в фильтре Дата' is clicked on

29-01-2025T04:45:47 - [MESSAGE][PASSED] - Object: 'Object Repository/Выполнение бизнес-плана/Применить в фильтре Дата' is clicked on

29-01-2025T04:45:47 - [TEST_STEP][PASSED] - delay(70): Delayed 70 second(s)

29-01-2025T04:46:57 - [MESSAGE][PASSED] - Delayed 70 second(s)

29-01-2025T04:46:57 - [TEST_STEP][PASSED] - Script1686231490255.ZakrytOpoveshenie(): null

29-01-2025T04:46:57 - [TEST_STEP][PASSED] - opoveshenie = getText(findTestObject("Выполнение бизнес-плана/Просьба обратить внимание")): Text of object 'Object Repository/Выполнение бизнес-плана/Просьба обратить внимание' is: 'Просьба обратить внимание'

29-01-2025T04:46:57 - [MESSAGE][PASSED] - Text of object 'Object Repository/Выполнение бизнес-плана/Просьба обратить внимание' is: 'Просьба обратить внимание'

29-01-2025T04:46:57 - [TEST_STEP][PASSED] - println(opoveshenie): null

29-01-2025T04:46:57 - [TEST_STEP][PASSED] - if (opoveshenie == "Просьба обратить внимание"): Object: 'Object Repository/Выполнение бизнес-плана/Закрыть оповещение' is clicked on

29-01-2025T04:46:57 - [TEST_STEP][PASSED] - click(findTestObject("Выполнение бизнес-плана/Закрыть оповещение")): Object: 'Object Repository/Выполнение бизнес-плана/Закрыть оповещение' is clicked on

29-01-2025T04:46:58 - [MESSAGE][PASSED] - Object: 'Object Repository/Выполнение бизнес-плана/Закрыть оповещение' is clicked on

29-01-2025T04:46:58 - [TEST_STEP][PASSED] - click(findTestObject("Object Repository/Выполнение бизнес-плана/Фильтр Дата")): Object: 'Object Repository/Выполнение бизнес-плана/Фильтр Дата' is clicked on

29-01-2025T04:46:58 - [MESSAGE][PASSED] - Object: 'Object Repository/Выполнение бизнес-плана/Фильтр Дата' is clicked on

29-01-2025T04:46:58 - [TEST_STEP][PASSED] - scrollToElement(findTestObject("Выполнение бизнес-плана/2024 список"), 30): Scroll to object 'Object Repository/Выполнение бизнес-плана/2024 список' successfully

29-01-2025T04:46:59 - [MESSAGE][PASSED] - Scroll to object 'Object Repository/Выполнение бизнес-плана/2024 список' successfully

29-01-2025T04:46:59 - [TEST_STEP][PASSED] - click(findTestObject("Выполнение бизнес-плана/2024 год"), CONTINUE_ON_FAILURE): Object: 'Object Repository/Выполнение бизнес-плана/2024 год' is clicked on

29-01-2025T04:46:59 - [MESSAGE][PASSED] - Object: 'Object Repository/Выполнение бизнес-плана/2024 год' is clicked on

29-01-2025T04:46:59 - [TEST_STEP][PASSED] - click(findTestObject("Object Repository/Выполнение бизнес-плана/Применить в фильтре Дата")): Object: 'Object Repository/Выполнение бизнес-плана/Применить в фильтре Дата' is clicked on

29-01-2025T04:47:00 - [MESSAGE][PASSED] - Object: 'Object Repository/Выполнение бизнес-плана/Применить в фильтре Дата' is clicked on

29-01-2025T04:47:00 - [TEST_STEP][PASSED] - scrollToElement(findTestObject("Выполнение бизнес-плана/Заголовок дашборда"), 30): Scroll to object 'Object Repository/Выполнение бизнес-плана/Заголовок дашборда' successfully

29-01-2025T04:47:24 - [MESSAGE][PASSED] - Scroll to object 'Object Repository/Выполнение бизнес-плана/Заголовок дашборда' successfully

29-01-2025T04:47:24 - [TEST_STEP][PASSED] - delay(70): Delayed 70 second(s)

29-01-2025T04:48:34 - [MESSAGE][PASSED] - Delayed 70 second(s)

29-01-2025T04:48:34 - [TEST_STEP][PASSED] - Script1686231490255.ZakrytOpoveshenie(): null

29-01-2025T04:48:34 - [TEST_STEP][PASSED] - opoveshenie = getText(findTestObject("Выполнение бизнес-плана/Просьба обратить внимание")): Text of object 'Object Repository/Выполнение бизнес-плана/Просьба обратить внимание' is: 'Просьба обратить внимание'

29-01-2025T04:48:34 - [MESSAGE][PASSED] - Text of object 'Object Repository/Выполнение бизнес-плана/Просьба обратить внимание' is: 'Просьба обратить внимание'

29-01-2025T04:48:34 - [TEST_STEP][PASSED] - println(opoveshenie): null

29-01-2025T04:48:34 - [TEST_STEP][PASSED] - if (opoveshenie == "Просьба обратить внимание"): Object: 'Object Repository/Выполнение бизнес-плана/Закрыть оповещение' is clicked on

29-01-2025T04:48:34 - [TEST_STEP][PASSED] - click(findTestObject("Выполнение бизнес-плана/Закрыть оповещение")): Object: 'Object Repository/Выполнение бизнес-плана/Закрыть оповещение' is clicked on

29-01-2025T04:48:34 - [MESSAGE][PASSED] - Object: 'Object Repository/Выполнение бизнес-плана/Закрыть оповещение' is clicked on

29-01-2025T04:48:34 - [TEST_STEP][PASSED] - click(findTestObject("Object Repository/Выполнение бизнес-плана/Фильтр ДЗО")): Object: 'Object Repository/Выполнение бизнес-плана/Фильтр ДЗО' is clicked on

29-01-2025T04:48:35 - [MESSAGE][PASSED] - Object: 'Object Repository/Выполнение бизнес-плана/Фильтр ДЗО' is clicked on

29-01-2025T04:48:35 - [TEST_STEP][PASSED] - click(findTestObject("Выполнение бизнес-плана/Снять выделение в фильтре ДЗО")): Object: 'Object Repository/Выполнение бизнес-плана/Снять выделение в фильтре ДЗО' is clicked on

29-01-2025T04:48:35 - [MESSAGE][PASSED] - Object: 'Object Repository/Выполнение бизнес-плана/Снять выделение в фильтре ДЗО' is clicked on

29-01-2025T04:48:35 - [TEST_STEP][PASSED] - click(findTestObject("Выполнение бизнес-плана/ПАО Россети")): Object: 'Object Repository/Выполнение бизнес-плана/ПАО Россети' is clicked on

29-01-2025T04:48:36 - [MESSAGE][PASSED] - Object: 'Object Repository/Выполнение бизнес-плана/ПАО Россети' is clicked on

29-01-2025T04:48:36 - [TEST_STEP][PASSED] - click(findTestObject("Object Repository/Выполнение бизнес-плана/Применить в фильтре ДЗО")): Object: 'Object Repository/Выполнение бизнес-плана/Применить в фильтре ДЗО' is clicked on

29-01-2025T04:48:37 - [MESSAGE][PASSED] - Object: 'Object Repository/Выполнение бизнес-плана/Применить в фильтре ДЗО' is clicked on

29-01-2025T04:48:37 - [TEST_STEP][PASSED] - delay(70): Delayed 70 second(s)

29-01-2025T04:49:47 - [MESSAGE][PASSED] - Delayed 70 second(s)

29-01-2025T04:49:47 - [TEST_STEP][PASSED] - if (run == 1): null

29-01-2025T04:49:47 - [TEST_STEP][PASSED] - user = "админ": null

29-01-2025T04:49:47 - [TEST_STEP][PASSED] - a1 = getText(findTestObject("Выполнение бизнес-плана/Проценты")): Text of object 'Object Repository/Выполнение бизнес-плана/Проценты' is: '%
5.48 5.48
7.84 7.84
План
Факт
1
100'

29-01-2025T04:49:47 - [MESSAGE][PASSED] - Text of object 'Object Repository/Выполнение бизнес-плана/Проценты' is: '%
5.48 5.48
7.84 7.84
План
Факт
1
100'

29-01-2025T04:49:47 - [TEST_STEP][PASSED] - a2 = getText(findTestObject("Выполнение бизнес-плана/vidget 2")): Text of object 'Object Repository/Выполнение бизнес-плана/vidget 2' is: 'Россети ФСКЕЭС
АО«Тываэнерго»
Россети Волга
Россети Кубань
РоссетиЛенэнерго (ГК)
РоссетиМосковскийрегион
Россети Северо-Запад
Россети Сибирь
Россети Томск
Россети Тюмень
Россети Урал(ГК)
Россети Центр(ГК)
Россети Центри Приволжье(ГК)
Россети Юг(ГК)
Россети Янтарь
0
20
40
60
-20
80'

29-01-2025T04:49:47 - [MESSAGE][PASSED] - Text of object 'Object Repository/Выполнение бизнес-плана/vidget 2' is: 'Россети ФСКЕЭС
АО«Тываэнерго»
Россети Волга
Россети Кубань
РоссетиЛенэнерго (ГК)
РоссетиМосковскийрегион
Россети Северо-Запад
Россети Сибирь
Россети Томск
Россети Тюмень
Россети Урал(ГК)
Россети Центр(ГК)
Россети Центри Приволжье(ГК)
Россети Юг(ГК)
Россети Янтарь
0
20
40
60
-20
80'

29-01-2025T04:49:47 - [TEST_STEP][PASSED] - a3 = getText(findTestObject("Выполнение бизнес-плана/table")): Text of object 'Object Repository/Выполнение бизнес-плана/table' is: ''

29-01-2025T04:49:48 - [MESSAGE][PASSED] - Text of object 'Object Repository/Выполнение бизнес-плана/table' is: ''

29-01-2025T04:49:48 - [TEST_STEP][PASSED] - a4 = getText(findTestObject("Выполнение бизнес-плана/Список ДЗО")): Text of object 'Object Repository/Выполнение бизнес-плана/Список ДЗО' is: '-0.21
-80.57
-0.44
-0.64
-0.02
0.20
-0.33
-92.64
-0.02
0.20
-0.17
0.40
0.77
-0.49
-0.11
Россети ФСКЕЭС
АО«Тываэнерго»
Россети Волга
Россети Кубань
РоссетиЛенэнерго (ГК)
РоссетиМосковскийрегион
Россети Северо-Запад
Россети Сибирь
Россети Томск
Россети Тюмень
Россети Урал(ГК)
Россети Центр(ГК)
Россети Центри Приволжье(ГК)
Россети Юг(ГК)
Россети Янтарь
0
-102
-85
-68
-51
-34
-17
17'

29-01-2025T04:49:48 - [MESSAGE][PASSED] - Text of object 'Object Repository/Выполнение бизнес-плана/Список ДЗО' is: '-0.21
-80.57
-0.44
-0.64
-0.02
0.20
-0.33
-92.64
-0.02
0.20
-0.17
0.40
0.77
-0.49
-0.11
Россети ФСКЕЭС
АО«Тываэнерго»
Россети Волга
Россети Кубань
РоссетиЛенэнерго (ГК)
РоссетиМосковскийрегион
Россети Северо-Запад
Россети Сибирь
Россети Томск
Россети Тюмень
Россети Урал(ГК)
Россети Центр(ГК)
Россети Центри Приволжье(ГК)
Россети Юг(ГК)
Россети Янтарь
0
-102
-85
-68
-51
-34
-17
17'

29-01-2025T04:49:48 - [TEST_STEP][PASSED] - a5 = getText(findTestObject("Выполнение бизнес-плана/svg1")): Text of object 'Object Repository/Выполнение бизнес-плана/svg1' is: '%
5.48 5.48
7.84 7.84
План
Факт
1
100'

29-01-2025T04:49:48 - [MESSAGE][PASSED] - Text of object 'Object Repository/Выполнение бизнес-плана/svg1' is: '%
5.48 5.48
7.84 7.84
План
Факт
1
100'

29-01-2025T04:49:48 - [TEST_STEP][PASSED] - a6 = getText(findTestObject("Выполнение бизнес-плана/svg2")): Text of object 'Object Repository/Выполнение бизнес-плана/svg2' is: 'п.п.
2.36
Итого
0
1
2
3'

29-01-2025T04:49:49 - [MESSAGE][PASSED] - Text of object 'Object Repository/Выполнение бизнес-плана/svg2' is: 'п.п.
2.36
Итого
0
1
2
3'

29-01-2025T04:49:49 - [TEST_STEP][PASSED] - a7 = getText(findTestObject("Выполнение бизнес-плана/Значения со страницы Выполнение бизнес-плана/Факт Отпуск в сеть за отчётный период ПАО Россети")): Text of object 'Object Repository/Выполнение бизнес-плана/Значения со страницы Выполнение бизнес-плана/Факт Отпуск в сеть за отчётный период ПАО Россети' is: '643 171 953'

29-01-2025T04:49:49 - [MESSAGE][PASSED] - Text of object 'Object Repository/Выполнение бизнес-плана/Значения со страницы Выполнение бизнес-плана/Факт Отпуск в сеть за отчётный период ПАО Россети' is: '643 171 953'

29-01-2025T04:49:49 - [TEST_STEP][PASSED] - a8 = getText(findTestObject("Выполнение бизнес-плана/Значения со страницы Выполнение бизнес-плана/Факт Отпуск из сети за отчётный период ПАО Россети")): Text of object 'Object Repository/Выполнение бизнес-плана/Значения со страницы Выполнение бизнес-плана/Факт Отпуск из сети за отчётный период ПАО Россети' is: '592 758 840'

29-01-2025T04:49:49 - [MESSAGE][PASSED] - Text of object 'Object Repository/Выполнение бизнес-плана/Значения со страницы Выполнение бизнес-плана/Факт Отпуск из сети за отчётный период ПАО Россети' is: '592 758 840'

29-01-2025T04:49:49 - [TEST_STEP][PASSED] - a9 = getText(findTestObject("Выполнение бизнес-плана/Значения со страницы Выполнение бизнес-плана/Факт Потери за отчётный период ПАО Россети")): Text of object 'Object Repository/Выполнение бизнес-плана/Значения со страницы Выполнение бизнес-плана/Факт Потери за отчётный период ПАО Россети' is: '50 413 112'

29-01-2025T04:49:49 - [MESSAGE][PASSED] - Text of object 'Object Repository/Выполнение бизнес-плана/Значения со страницы Выполнение бизнес-плана/Факт Потери за отчётный период ПАО Россети' is: '50 413 112'

29-01-2025T04:49:49 - [TEST_STEP][PASSED] - Script1686231490255.WriteToExcel(user, dashboardName, n, data, run, a1, a2, a3, a4, a5, a6, a7, a8, a9): null

29-01-2025T04:49:49 - [TEST_STEP][PASSED] - sheetName = "Sheet1": null

29-01-2025T04:49:49 - [TEST_STEP][PASSED] - workbook01 = getWorkbook(excelFilePath): null

29-01-2025T04:49:50 - [TEST_STEP][PASSED] - sheet01 = getExcelSheet(workbook01, sheetName): null

29-01-2025T04:49:50 - [TEST_STEP][PASSED] - setValueToCellByIndex(sheet01, n, 0, dashboardName): null

29-01-2025T04:49:50 - [TEST_STEP][PASSED] - setValueToCellByIndex(sheet01, n, 10, user): null

29-01-2025T04:49:50 - [TEST_STEP][PASSED] - setValueToCellByIndex(sheet01, n, 1, a1): null

29-01-2025T04:49:50 - [TEST_STEP][PASSED] - setValueToCellByIndex(sheet01, n, 2, a2): null

29-01-2025T04:49:50 - [TEST_STEP][PASSED] - setValueToCellByIndex(sheet01, n, 3, a3): null

29-01-2025T04:49:50 - [TEST_STEP][PASSED] - setValueToCellByIndex(sheet01, n, 4, a4): null

29-01-2025T04:49:50 - [TEST_STEP][PASSED] - setValueToCellByIndex(sheet01, n, 5, a5): null

29-01-2025T04:49:50 - [TEST_STEP][PASSED] - setValueToCellByIndex(sheet01, n, 6, a6): null

29-01-2025T04:49:50 - [TEST_STEP][PASSED] - setValueToCellByIndex(sheet01, n, 7, a7): null

29-01-2025T04:49:50 - [TEST_STEP][PASSED] - setValueToCellByIndex(sheet01, n, 8, a8): null

29-01-2025T04:49:50 - [TEST_STEP][PASSED] - setValueToCellByIndex(sheet01, n, 9, a9): null

29-01-2025T04:49:50 - [TEST_STEP][PASSED] - n = n + 1: null

29-01-2025T04:49:50 - [TEST_STEP][PASSED] - saveWorkbook(excelFilePath, workbook01): null

29-01-2025T04:49:50 - [TEST_STEP][PASSED] - if (run == 2): null

29-01-2025T04:49:50 - [TEST_STEP][PASSED] - if (run == 3): null

29-01-2025T04:49:50 - [TEST_STEP][PASSED] - closeBrowser(): null

29-01-2025T04:49:50 - [MESSAGE][PASSED] - Browser is closed

29-01-2025T04:49:50 - [TEST_STEP][PASSED] - VipolnenieBiznesPlana(user, dashboardName, n, data, run, a1, a2, a3, a4, a5, a6, a7, a8, a9, urlData): null

29-01-2025T04:49:50 - [TEST_STEP][PASSED] - n = data.getRowNumbers() + 1: null

29-01-2025T04:49:50 - [TEST_STEP][PASSED] - println(n): null

29-01-2025T04:49:50 - [TEST_STEP][PASSED] - dashboardName = "Выполнение бизнес-плана": null

29-01-2025T04:49:50 - [TEST_STEP][PASSED] - openBrowser(""): Browser is opened with url: ''

29-01-2025T04:49:50 - [MESSAGE][INFO] - Starting 'Chrome' driver

29-01-2025T04:49:50 - [MESSAGE][INFO] - Action delay is set to 0 milliseconds

29-01-2025T04:49:51 - [MESSAGE][PASSED] - Browser is opened with url: ''

29-01-2025T04:49:51 - [TEST_STEP][PASSED] - urlData = 1: null

29-01-2025T04:49:51 - [TEST_STEP][PASSED] - Script1686231490255.CheckPageDownload(urlData, run): null

29-01-2025T04:49:51 - [TEST_STEP][PASSED] - i = 1: null

29-01-2025T04:49:51 - [TEST_STEP][PASSED] - ii = 0: null

29-01-2025T04:49:51 - [TEST_STEP][PASSED] - urlText = <not implemented yet for class: org.codehaus.groovy.ast.expr.EmptyExpression>: null

29-01-2025T04:49:51 - [TEST_STEP][PASSED] - searchWord = <not implemented yet for class: org.codehaus.groovy.ast.expr.EmptyExpression>: null

29-01-2025T04:49:51 - [TEST_STEP][PASSED] - deleteAllCookies(): Delete all cookies successfully

29-01-2025T04:49:51 - [MESSAGE][PASSED] - Delete all cookies successfully

29-01-2025T04:49:51 - [TEST_STEP][PASSED] - refresh(): Refresh successfully

29-01-2025T04:49:51 - [MESSAGE][PASSED] - Refresh successfully

29-01-2025T04:49:51 - [TEST_STEP][PASSED] - delay(70): Delayed 70 second(s)

29-01-2025T04:51:01 - [MESSAGE][PASSED] - Delayed 70 second(s)

29-01-2025T04:51:01 - [TEST_STEP][PASSED] - navigateToUrl(findTestData("PlanFact").getValue(10, urlData)): Navigate to 'https://bi.rosseti.digital/viewer?dashboardGuid=d154a8eaf6824e2b9de1bb04dd061c18&sheetGuid=1305e8ce744049e1abdacea1ea397a26&fit=true' successfully

29-01-2025T04:51:09 - [MESSAGE][PASSED] - Navigate to 'https://bi.rosseti.digital/viewer?dashboardGuid=d154a8eaf6824e2b9de1bb04dd061c18&sheetGuid=1305e8ce744049e1abdacea1ea397a26&fit=true' successfully

29-01-2025T04:51:09 - [TEST_STEP][PASSED] - pageLoaded1 = verifyElementPresent(findTestObject("Страница авторизации/Text"), 30): Object 'Object Repository/Страница авторизации/Text' is present

29-01-2025T04:51:11 - [MESSAGE][PASSED] - Object 'Object Repository/Страница авторизации/Text' is present

29-01-2025T04:51:11 - [TEST_STEP][PASSED] - if (pageLoaded1 == false): null

29-01-2025T04:51:11 - [TEST_STEP][PASSED] - urlText = getText(findTestObject("Страница авторизации/Text")): Text of object 'Object Repository/Страница авторизации/Text' is: 'Вход'

29-01-2025T04:51:11 - [MESSAGE][PASSED] - Text of object 'Object Repository/Страница авторизации/Text' is: 'Вход'

29-01-2025T04:51:11 - [TEST_STEP][PASSED] - delay(70): Delayed 70 second(s)

29-01-2025T04:52:21 - [MESSAGE][PASSED] - Delayed 70 second(s)

29-01-2025T04:52:21 - [TEST_STEP][PASSED] - searchWord = "Вход": null

29-01-2025T04:52:21 - [TEST_STEP][PASSED] - if (urlText.contains(searchWord) == false): null

29-01-2025T04:52:21 - [TEST_STEP][PASSED] - setText(findTestObject("Страница авторизации/input__username"), findTestData("PlanFact").getValue(8, run)): Text 'Andreeva-EV' is set on object 'Object Repository/Страница авторизации/input__username'

29-01-2025T04:52:22 - [MESSAGE][PASSED] - Text 'Andreeva-EV' is set on object 'Object Repository/Страница авторизации/input__username'

29-01-2025T04:52:22 - [TEST_STEP][PASSED] - setText(findTestObject("Страница авторизации/input__password"), findTestData("PlanFact").getValue(9, run)): Text '2nPePKDwCPH3ul7xMZ' is set on object 'Object Repository/Страница авторизации/input__password'

29-01-2025T04:52:23 - [MESSAGE][PASSED] - Text '2nPePKDwCPH3ul7xMZ' is set on object 'Object Repository/Страница авторизации/input__password'

29-01-2025T04:52:23 - [TEST_STEP][PASSED] - click(findTestObject("Страница авторизации/button_")): Object: 'Object Repository/Страница авторизации/button_' is clicked on

29-01-2025T04:52:23 - [MESSAGE][PASSED] - Object: 'Object Repository/Страница авторизации/button_' is clicked on

29-01-2025T04:52:23 - [TEST_STEP][PASSED] - delay(70): Delayed 70 second(s)

29-01-2025T04:53:33 - [MESSAGE][PASSED] - Delayed 70 second(s)

29-01-2025T04:53:33 - [TEST_STEP][PASSED] - searchWord = "а": null

29-01-2025T04:53:33 - [TEST_STEP][PASSED] - pageLoaded2 = verifyElementPresent(findTestObject("Страница авторизации/Text"), 50): Object 'Object Repository/Страница авторизации/Text' is present

29-01-2025T04:53:40 - [MESSAGE][PASSED] - Object 'Object Repository/Страница авторизации/Text' is present

29-01-2025T04:53:40 - [TEST_STEP][PASSED] - if (pageLoaded2 == false): null

29-01-2025T04:53:40 - [TEST_STEP][PASSED] - urlText = getText(findTestObject("Страница авторизации/Text")): Text of object 'Object Repository/Страница авторизации/Text' is: 'ДЗО 
ПАО Россети
Период
2024 год
Отклонения фактического уровня потерь от бизнес-плана, п.п.
-0.21
-80.57
-0.44
-0.64
-0.02
0.20
-0.33
-92.64
-0.02
0.20
-0.17
0.40
0.77
-0.49
-0.11
Россети ФСКЕЭС
АО«Тываэнерго»
Россети Волга
Россети Кубань
РоссетиЛенэнерго (ГК)
РоссетиМосковскийрегион
Россети Северо-Запад
Россети Сибирь
Россети Томск
Россети Тюмень
Россети Урал(ГК)
Россети Центр(ГК)
Россети Центри Приволжье(ГК)
Россети Юг(ГК)
Россети Янтарь
0
-102
-85
-68
-51
-34
-17
17

Уровень потерь электроэнергии
Россети ФСКЕЭС
АО«Тываэнерго»
Россети Волга
Россети Кубань
РоссетиЛенэнерго (ГК)
РоссетиМосковскийрегион
Россети Северо-Запад
Россети Сибирь
Россети Томск
Россети Тюмень
Россети Урал(ГК)
Россети Центр(ГК)
Россети Центри Приволжье(ГК)
Россети Юг(ГК)
Россети Янтарь
0
20
40
60
-20
80
3.93
|

5.78
|
9.39
|
10.91
|
7.62
6.08
|

9.01
|
3.08
6.07
|
13.44
9.30
9.21
|
9.32
|
3.72
-0.00
5.33
8.76
10.89
7.82
|
5.75
-0.00
8.99
3.27
|
5.90
13.84
|
10.08
|
8.73
9.21
п.п.
2.36
Итого
0
1
2
3
%
5.48 5.48
7.84 7.84
План
Факт
1
100

● Бизнес-план выполнен● ●● Превышение бизнес-плана
Отклонения фактического уровня потерь от бизнес-плана за 3 месяца (нарастающим итогом), п.п.
-0.2-0.2
-0.1-0.1
3.23.2
-0.4-0.4
-0.7-0.7
0.10.1
0.10.1
3.93.9
-0.4-0.4
-0.0-0.0
-0.0-0.0
0.10.1
-0.1-0.1
-0.5-0.5
-0.3-0.3
-0.4-0.4
-0.1-0.1
-0.2-0.2
-8.3-8.3
3.13.1
-0.4-0.4
-0.6-0.6
-0.0-0.0
0.20.2
3.93.9
-0.4-0.4
-8.8-8.8
-0.0-0.0
0.20.2
-0.2-0.2
-0.5-0.5
-0.3-0.3
-0.5-0.5
-0.1-0.1
-0.2-0.2
-80.6-80.6
-0.4-0.4
-0.6-0.6
-0.0-0.0
0.20.2
-0.3-0.3
-92.6-92.6
-0.0-0.0
0.20.2
-0.2-0.2
0.40.4
0.80.8
-0.5-0.5
-0.1-0.1
Россети ФСКЕЭС
АО«Тываэнерго»
АО«Чеченэнерго»
Россети Волга
РоссетиКубань
РоссетиЛенэнерго(ГК)
РоссетиМосковскийрегион
РоссетиСеверныйКавказ (ГК)
Россети Север…
Россети Сибирь(ГК)
Россети Томск
Россети Тюмень
Россети Урал(ГК)
Россети Центр
Россети Центри Приволжье(ГК)
Россети Юг (Г…
РоссетиЯнтарь
-100
0
100
п.п.
Отклонения фактического уровня потерь от бизнес-плана за 3 месяца (нарастающим итогом)
-0.2-0.2
-1.6-1.6
-0.1-0.1
-0.7-0.7
0.10.1
-0.7-0.7
1.01.0
-0.5-0.5
-0.2-0.2
0.10.1
-0.4-0.4
0.20.2
-0.3-0.3
-0.1-0.1
-0.9-0.9
-0.4-0.4
-0.2-0.2
-0.3-0.3
-0.6-0.6
-1.0-1.0
-0.2-0.2
-1.5-1.5
-0.1-0.1
-0.6-0.6
-95.8-95.8
-0.0-0.0
-0.7-0.7
1.31.3
-0.5-0.5
-0.2-0.2
-90.8-90.8
0.10.1
-0.4-0.4
0.10.1
0.00.0
-0.1-0.1
-80.6-80.6
-1.0-1.0
-0.4-0.4
-0.1-0.1
-0.2-0.2
-0.8-0.8
-1.0-1.0
-0.2-0.2
0.00.0
-0.0-0.0
-0.3-0.3
-1.3-1.3
-1.0-1.0
1.21.2
1.51.5
-0.7-0.7
1.21.2
-0.5-0.5
0.50.5
-0.2-0.2
0.10.1
0.70.7
-0.0-0.0
-0.4-0.4
-0.1-0.1
0.20.2
-0.1-0.1
1.91.9
1.31.3
-0.7-0.7
-0.1-0.1
-1.3-1.3
0.90.9
2.12.1
-0.8-0.8
-0.3-0.3
0.50.5
Итого по ФСК …
Калмэнерго
Калугаэнерго
Карельский филиал
Кировэнерго
Костромаэнерго
Кубаньэнерго
Кузбассэнерго-РЭС
Курскэнерго
Ленинградская область
Липецкэнерго
Мариэнерго
Мордовэнерго
Московская область
Мурманский филиал
Нижновэнерго
Новгородский филиал
ООО «БрянскЭлектро»
Омскэнерго
Орелэнерго
Оренбургэнерго
Пензаэнерго
Пермэнерго
Псковский филиал
Россети Тюмень
Россети Янтарь
АО "Тываэнерго"
АО «ВМЭС»
АО «Воронежская горэлектросеть»
АО «Тульские городские электрические сети»
АО «Ярославская электросетевая компания»
АО ЕЭСК
Архангельский филиал
Астраханьэнерго
Белгородэнерго
Брянскэнерго
Владимирэнерго
Волгоградэнерго
Вологодский филиал
Воронежэнерго
Ивэнерго
-180
60

Статус данных
Просьба обратить внимание
— данные занесены не полностью
Факт
План
Итого – Факт
Отпуск в сеть 643 171 953
Отпуск из сети 592 758 840
Потери 50 413 112
Итого – План
Отпуск в сеть 972 755 413
Отпуск из сети 919 425 576
Потери 53 329 836
Выполнение бизнес-плана в части показателя «Уровень потерь электроэнергии»
Показатели баланса электроэнергии по ДЗО – Факт 
628 869 369 681 757 3 631 955 58 408 593 25 855 039 34 954 264 104 134 403 20 651 499 33 379 839 53 124 310 5 175 776 52 550 349 78 097 898 61 308 908 55 815 923 28 608 896 4 647 452
606 329 271 506 218 2 312 442 55 259 019 23 591 243 31 148 311 95 987 829 15 078 002 31 460 760 49 049 657 4 710 610 51 105 150 73 469 328 55 069 554 51 792 314 26 108 534 4 219 589
22 540 098 135 949 1 319 513 3 149 574 2 263 796 3 805 953 8 146 574 5 573 496 1 919 079 3 714 964 465 166 1 445 199 4 628 569 6 239 354 4 023 609 2 500 363 427 863
Показатели баланса электроэнергии по ДЗО – План
609 305 966 689 053 3 403 997 56 729 408 24 737 079 33 422 359 98 965 831 19 485 633 33 056 576 55 771 012 5 006 761 55 037 919 75 299 546 59 895 276 54 005 476 27 838 881 4 470 333
586 252 051 494 789 2 272 993 53 425 459 22 413 833 29 775 403 91 420 590 14 949 980 31 046 621 46 966 394 4 555 629 53 612 860 70 721 200 53 517 675 50 017 436 25 273 744 4 053 696
23 053 915 194 264 1 131 004 3 303 949 2 323 246 3 646 956 7 545 241 4 535 653 2 009 955 8 804 618 451 132 1 425 059 4 578 346 6 377 601 3 988 040 2 565 137 416 637'

29-01-2025T04:53:41 - [MESSAGE][PASSED] - Text of object 'Object Repository/Страница авторизации/Text' is: 'ДЗО 
ПАО Россети
Период
2024 год
Отклонения фактического уровня потерь от бизнес-плана, п.п.
-0.21
-80.57
-0.44
-0.64
-0.02
0.20
-0.33
-92.64
-0.02
0.20
-0.17
0.40
0.77
-0.49
-0.11
Россети ФСКЕЭС
АО«Тываэнерго»
Россети Волга
Россети Кубань
РоссетиЛенэнерго (ГК)
РоссетиМосковскийрегион
Россети Северо-Запад
Россети Сибирь
Россети Томск
Россети Тюмень
Россети Урал(ГК)
Россети Центр(ГК)
Россети Центри Приволжье(ГК)
Россети Юг(ГК)
Россети Янтарь
0
-102
-85
-68
-51
-34
-17
17

Уровень потерь электроэнергии
Россети ФСКЕЭС
АО«Тываэнерго»
Россети Волга
Россети Кубань
РоссетиЛенэнерго (ГК)
РоссетиМосковскийрегион
Россети Северо-Запад
Россети Сибирь
Россети Томск
Россети Тюмень
Россети Урал(ГК)
Россети Центр(ГК)
Россети Центри Приволжье(ГК)
Россети Юг(ГК)
Россети Янтарь
0
20
40
60
-20
80
3.93
|

5.78
|
9.39
|
10.91
|
7.62
6.08
|

9.01
|
3.08
6.07
|
13.44
9.30
9.21
|
9.32
|
3.72
-0.00
5.33
8.76
10.89
7.82
|
5.75
-0.00
8.99
3.27
|
5.90
13.84
|
10.08
|
8.73
9.21
п.п.
2.36
Итого
0
1
2
3
%
5.48 5.48
7.84 7.84
План
Факт
1
100

● Бизнес-план выполнен● ●● Превышение бизнес-плана
Отклонения фактического уровня потерь от бизнес-плана за 3 месяца (нарастающим итогом), п.п.
-0.2-0.2
-0.1-0.1
3.23.2
-0.4-0.4
-0.7-0.7
0.10.1
0.10.1
3.93.9
-0.4-0.4
-0.0-0.0
-0.0-0.0
0.10.1
-0.1-0.1
-0.5-0.5
-0.3-0.3
-0.4-0.4
-0.1-0.1
-0.2-0.2
-8.3-8.3
3.13.1
-0.4-0.4
-0.6-0.6
-0.0-0.0
0.20.2
3.93.9
-0.4-0.4
-8.8-8.8
-0.0-0.0
0.20.2
-0.2-0.2
-0.5-0.5
-0.3-0.3
-0.5-0.5
-0.1-0.1
-0.2-0.2
-80.6-80.6
-0.4-0.4
-0.6-0.6
-0.0-0.0
0.20.2
-0.3-0.3
-92.6-92.6
-0.0-0.0
0.20.2
-0.2-0.2
0.40.4
0.80.8
-0.5-0.5
-0.1-0.1
Россети ФСКЕЭС
АО«Тываэнерго»
АО«Чеченэнерго»
Россети Волга
РоссетиКубань
РоссетиЛенэнерго(ГК)
РоссетиМосковскийрегион
РоссетиСеверныйКавказ (ГК)
Россети Север…
Россети Сибирь(ГК)
Россети Томск
Россети Тюмень
Россети Урал(ГК)
Россети Центр
Россети Центри Приволжье(ГК)
Россети Юг (Г…
РоссетиЯнтарь
-100
0
100
п.п.
Отклонения фактического уровня потерь от бизнес-плана за 3 месяца (нарастающим итогом)
-0.2-0.2
-1.6-1.6
-0.1-0.1
-0.7-0.7
0.10.1
-0.7-0.7
1.01.0
-0.5-0.5
-0.2-0.2
0.10.1
-0.4-0.4
0.20.2
-0.3-0.3
-0.1-0.1
-0.9-0.9
-0.4-0.4
-0.2-0.2
-0.3-0.3
-0.6-0.6
-1.0-1.0
-0.2-0.2
-1.5-1.5
-0.1-0.1
-0.6-0.6
-95.8-95.8
-0.0-0.0
-0.7-0.7
1.31.3
-0.5-0.5
-0.2-0.2
-90.8-90.8
0.10.1
-0.4-0.4
0.10.1
0.00.0
-0.1-0.1
-80.6-80.6
-1.0-1.0
-0.4-0.4
-0.1-0.1
-0.2-0.2
-0.8-0.8
-1.0-1.0
-0.2-0.2
0.00.0
-0.0-0.0
-0.3-0.3
-1.3-1.3
-1.0-1.0
1.21.2
1.51.5
-0.7-0.7
1.21.2
-0.5-0.5
0.50.5
-0.2-0.2
0.10.1
0.70.7
-0.0-0.0
-0.4-0.4
-0.1-0.1
0.20.2
-0.1-0.1
1.91.9
1.31.3
-0.7-0.7
-0.1-0.1
-1.3-1.3
0.90.9
2.12.1
-0.8-0.8
-0.3-0.3
0.50.5
Итого по ФСК …
Калмэнерго
Калугаэнерго
Карельский филиал
Кировэнерго
Костромаэнерго
Кубаньэнерго
Кузбассэнерго-РЭС
Курскэнерго
Ленинградская область
Липецкэнерго
Мариэнерго
Мордовэнерго
Московская область
Мурманский филиал
Нижновэнерго
Новгородский филиал
ООО «БрянскЭлектро»
Омскэнерго
Орелэнерго
Оренбургэнерго
Пензаэнерго
Пермэнерго
Псковский филиал
Россети Тюмень
Россети Янтарь
АО "Тываэнерго"
АО «ВМЭС»
АО «Воронежская горэлектросеть»
АО «Тульские городские электрические сети»
АО «Ярославская электросетевая компания»
АО ЕЭСК
Архангельский филиал
Астраханьэнерго
Белгородэнерго
Брянскэнерго
Владимирэнерго
Волгоградэнерго
Вологодский филиал
Воронежэнерго
Ивэнерго
-180
60

Статус данных
Просьба обратить внимание
— данные занесены не полностью
Факт
План
Итого – Факт
Отпуск в сеть 643 171 953
Отпуск из сети 592 758 840
Потери 50 413 112
Итого – План
Отпуск в сеть 972 755 413
Отпуск из сети 919 425 576
Потери 53 329 836
Выполнение бизнес-плана в части показателя «Уровень потерь электроэнергии»
Показатели баланса электроэнергии по ДЗО – Факт 
628 869 369 681 757 3 631 955 58 408 593 25 855 039 34 954 264 104 134 403 20 651 499 33 379 839 53 124 310 5 175 776 52 550 349 78 097 898 61 308 908 55 815 923 28 608 896 4 647 452
606 329 271 506 218 2 312 442 55 259 019 23 591 243 31 148 311 95 987 829 15 078 002 31 460 760 49 049 657 4 710 610 51 105 150 73 469 328 55 069 554 51 792 314 26 108 534 4 219 589
22 540 098 135 949 1 319 513 3 149 574 2 263 796 3 805 953 8 146 574 5 573 496 1 919 079 3 714 964 465 166 1 445 199 4 628 569 6 239 354 4 023 609 2 500 363 427 863
Показатели баланса электроэнергии по ДЗО – План
609 305 966 689 053 3 403 997 56 729 408 24 737 079 33 422 359 98 965 831 19 485 633 33 056 576 55 771 012 5 006 761 55 037 919 75 299 546 59 895 276 54 005 476 27 838 881 4 470 333
586 252 051 494 789 2 272 993 53 425 459 22 413 833 29 775 403 91 420 590 14 949 980 31 046 621 46 966 394 4 555 629 53 612 860 70 721 200 53 517 675 50 017 436 25 273 744 4 053 696
23 053 915 194 264 1 131 004 3 303 949 2 323 246 3 646 956 7 545 241 4 535 653 2 009 955 8 804 618 451 132 1 425 059 4 578 346 6 377 601 3 988 040 2 565 137 416 637'

29-01-2025T04:53:41 - [TEST_STEP][PASSED] - if (urlText.contains("ошибка") || urlText.contains(searchWord) == false): null

29-01-2025T04:53:41 - [TEST_STEP][PASSED] - Script1686231490255.ZakrytOpoveshenie(): null

29-01-2025T04:53:41 - [TEST_STEP][PASSED] - opoveshenie = getText(findTestObject("Выполнение бизнес-плана/Просьба обратить внимание")): Text of object 'Object Repository/Выполнение бизнес-плана/Просьба обратить внимание' is: 'Просьба обратить внимание'

29-01-2025T04:53:42 - [MESSAGE][PASSED] - Text of object 'Object Repository/Выполнение бизнес-плана/Просьба обратить внимание' is: 'Просьба обратить внимание'

29-01-2025T04:53:42 - [TEST_STEP][PASSED] - println(opoveshenie): null

29-01-2025T04:53:42 - [TEST_STEP][PASSED] - if (opoveshenie == "Просьба обратить внимание"): Object: 'Object Repository/Выполнение бизнес-плана/Закрыть оповещение' is clicked on

29-01-2025T04:53:42 - [TEST_STEP][PASSED] - click(findTestObject("Выполнение бизнес-плана/Закрыть оповещение")): Object: 'Object Repository/Выполнение бизнес-плана/Закрыть оповещение' is clicked on

29-01-2025T04:53:42 - [MESSAGE][PASSED] - Object: 'Object Repository/Выполнение бизнес-плана/Закрыть оповещение' is clicked on

29-01-2025T04:53:42 - [TEST_STEP][PASSED] - click(findTestObject("Object Repository/Выполнение бизнес-плана/Фильтр Дата")): Object: 'Object Repository/Выполнение бизнес-плана/Фильтр Дата' is clicked on

29-01-2025T04:53:42 - [MESSAGE][PASSED] - Object: 'Object Repository/Выполнение бизнес-плана/Фильтр Дата' is clicked on

29-01-2025T04:53:42 - [TEST_STEP][PASSED] - click(findTestObject("Выполнение бизнес-плана/Снять выделение в фильтре Дата")): Object: 'Object Repository/Выполнение бизнес-плана/Снять выделение в фильтре Дата' is clicked on

29-01-2025T04:53:43 - [MESSAGE][PASSED] - Object: 'Object Repository/Выполнение бизнес-плана/Снять выделение в фильтре Дата' is clicked on

29-01-2025T04:53:43 - [TEST_STEP][PASSED] - click(findTestObject("Object Repository/Выполнение бизнес-плана/Применить в фильтре Дата")): Object: 'Object Repository/Выполнение бизнес-плана/Применить в фильтре Дата' is clicked on

29-01-2025T04:53:44 - [MESSAGE][PASSED] - Object: 'Object Repository/Выполнение бизнес-плана/Применить в фильтре Дата' is clicked on

29-01-2025T04:53:44 - [TEST_STEP][PASSED] - delay(70): Delayed 70 second(s)

29-01-2025T04:54:54 - [MESSAGE][PASSED] - Delayed 70 second(s)

29-01-2025T04:54:54 - [TEST_STEP][PASSED] - Script1686231490255.ZakrytOpoveshenie(): null

29-01-2025T04:54:54 - [TEST_STEP][PASSED] - opoveshenie = getText(findTestObject("Выполнение бизнес-плана/Просьба обратить внимание")): Text of object 'Object Repository/Выполнение бизнес-плана/Просьба обратить внимание' is: 'Просьба обратить внимание'

29-01-2025T04:54:54 - [MESSAGE][PASSED] - Text of object 'Object Repository/Выполнение бизнес-плана/Просьба обратить внимание' is: 'Просьба обратить внимание'

29-01-2025T04:54:54 - [TEST_STEP][PASSED] - println(opoveshenie): null

29-01-2025T04:54:54 - [TEST_STEP][PASSED] - if (opoveshenie == "Просьба обратить внимание"): Object: 'Object Repository/Выполнение бизнес-плана/Закрыть оповещение' is clicked on

29-01-2025T04:54:54 - [TEST_STEP][PASSED] - click(findTestObject("Выполнение бизнес-плана/Закрыть оповещение")): Object: 'Object Repository/Выполнение бизнес-плана/Закрыть оповещение' is clicked on

29-01-2025T04:54:54 - [MESSAGE][PASSED] - Object: 'Object Repository/Выполнение бизнес-плана/Закрыть оповещение' is clicked on

29-01-2025T04:54:54 - [TEST_STEP][PASSED] - click(findTestObject("Object Repository/Выполнение бизнес-плана/Фильтр Дата")): Object: 'Object Repository/Выполнение бизнес-плана/Фильтр Дата' is clicked on

29-01-2025T04:54:55 - [MESSAGE][PASSED] - Object: 'Object Repository/Выполнение бизнес-плана/Фильтр Дата' is clicked on

29-01-2025T04:54:55 - [TEST_STEP][PASSED] - scrollToElement(findTestObject("Выполнение бизнес-плана/2024 список"), 30): Scroll to object 'Object Repository/Выполнение бизнес-плана/2024 список' successfully

29-01-2025T04:54:55 - [MESSAGE][PASSED] - Scroll to object 'Object Repository/Выполнение бизнес-плана/2024 список' successfully

29-01-2025T04:54:55 - [TEST_STEP][PASSED] - click(findTestObject("Выполнение бизнес-плана/2024 год"), CONTINUE_ON_FAILURE): Object: 'Object Repository/Выполнение бизнес-плана/2024 год' is clicked on

29-01-2025T04:54:56 - [MESSAGE][PASSED] - Object: 'Object Repository/Выполнение бизнес-плана/2024 год' is clicked on

29-01-2025T04:54:56 - [TEST_STEP][PASSED] - click(findTestObject("Object Repository/Выполнение бизнес-плана/Применить в фильтре Дата")): Object: 'Object Repository/Выполнение бизнес-плана/Применить в фильтре Дата' is clicked on

29-01-2025T04:54:57 - [MESSAGE][PASSED] - Object: 'Object Repository/Выполнение бизнес-плана/Применить в фильтре Дата' is clicked on

29-01-2025T04:54:57 - [TEST_STEP][PASSED] - scrollToElement(findTestObject("Выполнение бизнес-плана/Заголовок дашборда"), 30): Scroll to object 'Object Repository/Выполнение бизнес-плана/Заголовок дашборда' successfully

29-01-2025T04:55:20 - [MESSAGE][PASSED] - Scroll to object 'Object Repository/Выполнение бизнес-плана/Заголовок дашборда' successfully

29-01-2025T04:55:20 - [TEST_STEP][PASSED] - delay(70): Delayed 70 second(s)

29-01-2025T04:56:30 - [MESSAGE][PASSED] - Delayed 70 second(s)

29-01-2025T04:56:30 - [TEST_STEP][PASSED] - Script1686231490255.ZakrytOpoveshenie(): null

29-01-2025T04:56:30 - [TEST_STEP][PASSED] - opoveshenie = getText(findTestObject("Выполнение бизнес-плана/Просьба обратить внимание")): Text of object 'Object Repository/Выполнение бизнес-плана/Просьба обратить внимание' is: 'Просьба обратить внимание'

29-01-2025T04:56:30 - [MESSAGE][PASSED] - Text of object 'Object Repository/Выполнение бизнес-плана/Просьба обратить внимание' is: 'Просьба обратить внимание'

29-01-2025T04:56:30 - [TEST_STEP][PASSED] - println(opoveshenie): null

29-01-2025T04:56:30 - [TEST_STEP][PASSED] - if (opoveshenie == "Просьба обратить внимание"): Object: 'Object Repository/Выполнение бизнес-плана/Закрыть оповещение' is clicked on

29-01-2025T04:56:30 - [TEST_STEP][PASSED] - click(findTestObject("Выполнение бизнес-плана/Закрыть оповещение")): Object: 'Object Repository/Выполнение бизнес-плана/Закрыть оповещение' is clicked on

29-01-2025T04:56:30 - [MESSAGE][PASSED] - Object: 'Object Repository/Выполнение бизнес-плана/Закрыть оповещение' is clicked on

29-01-2025T04:56:30 - [TEST_STEP][PASSED] - click(findTestObject("Object Repository/Выполнение бизнес-плана/Фильтр ДЗО")): Object: 'Object Repository/Выполнение бизнес-плана/Фильтр ДЗО' is clicked on

29-01-2025T04:56:31 - [MESSAGE][PASSED] - Object: 'Object Repository/Выполнение бизнес-плана/Фильтр ДЗО' is clicked on

29-01-2025T04:56:31 - [TEST_STEP][PASSED] - click(findTestObject("Выполнение бизнес-плана/Снять выделение в фильтре ДЗО")): Object: 'Object Repository/Выполнение бизнес-плана/Снять выделение в фильтре ДЗО' is clicked on

29-01-2025T04:56:31 - [MESSAGE][PASSED] - Object: 'Object Repository/Выполнение бизнес-плана/Снять выделение в фильтре ДЗО' is clicked on

29-01-2025T04:56:31 - [TEST_STEP][PASSED] - click(findTestObject("Выполнение бизнес-плана/ПАО Россети")): Object: 'Object Repository/Выполнение бизнес-плана/ПАО Россети' is clicked on

29-01-2025T04:56:31 - [MESSAGE][PASSED] - Object: 'Object Repository/Выполнение бизнес-плана/ПАО Россети' is clicked on

29-01-2025T04:56:31 - [TEST_STEP][PASSED] - click(findTestObject("Object Repository/Выполнение бизнес-плана/Применить в фильтре ДЗО")): Object: 'Object Repository/Выполнение бизнес-плана/Применить в фильтре ДЗО' is clicked on

29-01-2025T04:56:32 - [MESSAGE][PASSED] - Object: 'Object Repository/Выполнение бизнес-плана/Применить в фильтре ДЗО' is clicked on

29-01-2025T04:56:32 - [TEST_STEP][PASSED] - delay(70): Delayed 70 second(s)

29-01-2025T04:57:42 - [MESSAGE][PASSED] - Delayed 70 second(s)

29-01-2025T04:57:42 - [TEST_STEP][PASSED] - if (run == 1): null

29-01-2025T04:57:42 - [TEST_STEP][PASSED] - if (run == 2): null

29-01-2025T04:57:42 - [TEST_STEP][PASSED] - user = "Андреева": null

29-01-2025T04:57:42 - [TEST_STEP][PASSED] - a1 = getText(findTestObject("Выполнение бизнес-плана/Проценты")): Text of object 'Object Repository/Выполнение бизнес-плана/Проценты' is: '%
5.48 5.48
7.84 7.84
План
Факт
1
100'

29-01-2025T04:57:43 - [MESSAGE][PASSED] - Text of object 'Object Repository/Выполнение бизнес-плана/Проценты' is: '%
5.48 5.48
7.84 7.84
План
Факт
1
100'

29-01-2025T04:57:43 - [TEST_STEP][PASSED] - a2 = getText(findTestObject("Выполнение бизнес-плана/vidget 2")): Text of object 'Object Repository/Выполнение бизнес-плана/vidget 2' is: 'Россети ФСКЕЭС
АО«Тываэнерго»
Россети Волга
Россети Кубань
РоссетиЛенэнерго (ГК)
РоссетиМосковскийрегион
Россети Северо-Запад
Россети Сибирь
Россети Томск
Россети Тюмень
Россети Урал(ГК)
Россети Центр(ГК)
Россети Центри Приволжье(ГК)
Россети Юг(ГК)
Россети Янтарь
0
20
40
60
-20
80'

29-01-2025T04:57:43 - [MESSAGE][PASSED] - Text of object 'Object Repository/Выполнение бизнес-плана/vidget 2' is: 'Россети ФСКЕЭС
АО«Тываэнерго»
Россети Волга
Россети Кубань
РоссетиЛенэнерго (ГК)
РоссетиМосковскийрегион
Россети Северо-Запад
Россети Сибирь
Россети Томск
Россети Тюмень
Россети Урал(ГК)
Россети Центр(ГК)
Россети Центри Приволжье(ГК)
Россети Юг(ГК)
Россети Янтарь
0
20
40
60
-20
80'

29-01-2025T04:57:43 - [TEST_STEP][PASSED] - a3 = getText(findTestObject("Выполнение бизнес-плана/table")): Text of object 'Object Repository/Выполнение бизнес-плана/table' is: ''

29-01-2025T04:57:43 - [MESSAGE][PASSED] - Text of object 'Object Repository/Выполнение бизнес-плана/table' is: ''

29-01-2025T04:57:43 - [TEST_STEP][PASSED] - a4 = getText(findTestObject("Выполнение бизнес-плана/Список ДЗО")): Text of object 'Object Repository/Выполнение бизнес-плана/Список ДЗО' is: '-0.21
-80.57
-0.44
-0.64
-0.02
0.20
-0.33
-92.64
-0.02
0.20
-0.17
0.40
0.77
-0.49
-0.11
Россети ФСКЕЭС
АО«Тываэнерго»
Россети Волга
Россети Кубань
РоссетиЛенэнерго (ГК)
РоссетиМосковскийрегион
Россети Северо-Запад
Россети Сибирь
Россети Томск
Россети Тюмень
Россети Урал(ГК)
Россети Центр(ГК)
Россети Центри Приволжье(ГК)
Россети Юг(ГК)
Россети Янтарь
0
-102
-85
-68
-51
-34
-17
17'

29-01-2025T04:57:44 - [MESSAGE][PASSED] - Text of object 'Object Repository/Выполнение бизнес-плана/Список ДЗО' is: '-0.21
-80.57
-0.44
-0.64
-0.02
0.20
-0.33
-92.64
-0.02
0.20
-0.17
0.40
0.77
-0.49
-0.11
Россети ФСКЕЭС
АО«Тываэнерго»
Россети Волга
Россети Кубань
РоссетиЛенэнерго (ГК)
РоссетиМосковскийрегион
Россети Северо-Запад
Россети Сибирь
Россети Томск
Россети Тюмень
Россети Урал(ГК)
Россети Центр(ГК)
Россети Центри Приволжье(ГК)
Россети Юг(ГК)
Россети Янтарь
0
-102
-85
-68
-51
-34
-17
17'

29-01-2025T04:57:44 - [TEST_STEP][PASSED] - a5 = getText(findTestObject("Выполнение бизнес-плана/svg1")): Text of object 'Object Repository/Выполнение бизнес-плана/svg1' is: '%
5.48 5.48
7.84 7.84
План
Факт
1
100'

29-01-2025T04:57:44 - [MESSAGE][PASSED] - Text of object 'Object Repository/Выполнение бизнес-плана/svg1' is: '%
5.48 5.48
7.84 7.84
План
Факт
1
100'

29-01-2025T04:57:44 - [TEST_STEP][PASSED] - a6 = getText(findTestObject("Выполнение бизнес-плана/svg2")): Text of object 'Object Repository/Выполнение бизнес-плана/svg2' is: 'п.п.
2.36
Итого
0
1
2
3'

29-01-2025T04:57:44 - [MESSAGE][PASSED] - Text of object 'Object Repository/Выполнение бизнес-плана/svg2' is: 'п.п.
2.36
Итого
0
1
2
3'

29-01-2025T04:57:44 - [TEST_STEP][PASSED] - a7 = getText(findTestObject("Выполнение бизнес-плана/Значения со страницы Выполнение бизнес-плана/Факт Отпуск в сеть за отчётный период ПАО Россети")): Text of object 'Object Repository/Выполнение бизнес-плана/Значения со страницы Выполнение бизнес-плана/Факт Отпуск в сеть за отчётный период ПАО Россети' is: '643 171 953'

29-01-2025T04:57:45 - [MESSAGE][PASSED] - Text of object 'Object Repository/Выполнение бизнес-плана/Значения со страницы Выполнение бизнес-плана/Факт Отпуск в сеть за отчётный период ПАО Россети' is: '643 171 953'

29-01-2025T04:57:45 - [TEST_STEP][PASSED] - a8 = getText(findTestObject("Выполнение бизнес-плана/Значения со страницы Выполнение бизнес-плана/Факт Отпуск из сети за отчётный период ПАО Россети")): Text of object 'Object Repository/Выполнение бизнес-плана/Значения со страницы Выполнение бизнес-плана/Факт Отпуск из сети за отчётный период ПАО Россети' is: '592 758 840'

29-01-2025T04:57:45 - [MESSAGE][PASSED] - Text of object 'Object Repository/Выполнение бизнес-плана/Значения со страницы Выполнение бизнес-плана/Факт Отпуск из сети за отчётный период ПАО Россети' is: '592 758 840'

29-01-2025T04:57:45 - [TEST_STEP][PASSED] - a9 = getText(findTestObject("Выполнение бизнес-плана/Значения со страницы Выполнение бизнес-плана/Факт Потери за отчётный период ПАО Россети")): Text of object 'Object Repository/Выполнение бизнес-плана/Значения со страницы Выполнение бизнес-плана/Факт Потери за отчётный период ПАО Россети' is: '50 413 112'

29-01-2025T04:57:45 - [MESSAGE][PASSED] - Text of object 'Object Repository/Выполнение бизнес-плана/Значения со страницы Выполнение бизнес-плана/Факт Потери за отчётный период ПАО Россети' is: '50 413 112'

29-01-2025T04:57:45 - [TEST_STEP][PASSED] - n = n + 1: null

29-01-2025T04:57:45 - [TEST_STEP][PASSED] - b = data.getRowNumbers() + 1: null

29-01-2025T04:57:45 - [TEST_STEP][PASSED] - verifyEqual(findTestData("PlanFact").getValue(2, b), a1): Actual object '%
5.48 5.48
7.84 7.84
План
Факт
1
100' and expected object '%
5.48 5.48
7.84 7.84
План
Факт
1
100' are equal

29-01-2025T04:57:45 - [MESSAGE][PASSED] - Actual object '%
5.48 5.48
7.84 7.84
План
Факт
1
100' and expected object '%
5.48 5.48
7.84 7.84
План
Факт
1
100' are equal

29-01-2025T04:57:45 - [TEST_STEP][PASSED] - verifyEqual(findTestData("PlanFact").getValue(3, b), a2): Actual object 'Россети ФСКЕЭС
АО«Тываэнерго»
Россети Волга
Россети Кубань
РоссетиЛенэнерго (ГК)
РоссетиМосковскийрегион
Россети Северо-Запад
Россети Сибирь
Россети Томск
Россети Тюмень
Россети Урал(ГК)
Россети Центр(ГК)
Россети Центри Приволжье(ГК)
Россети Юг(ГК)
Россети Янтарь
0
20
40
60
-20
80' and expected object 'Россети ФСКЕЭС
АО«Тываэнерго»
Россети Волга
Россети Кубань
РоссетиЛенэнерго (ГК)
РоссетиМосковскийрегион
Россети Северо-Запад
Россети Сибирь
Россети Томск
Россети Тюмень
Россети Урал(ГК)
Россети Центр(ГК)
Россети Центри Приволжье(ГК)
Россети Юг(ГК)
Россети Янтарь
0
20
40
60
-20
80' are equal

29-01-2025T04:57:45 - [MESSAGE][PASSED] - Actual object 'Россети ФСКЕЭС
АО«Тываэнерго»
Россети Волга
Россети Кубань
РоссетиЛенэнерго (ГК)
РоссетиМосковскийрегион
Россети Северо-Запад
Россети Сибирь
Россети Томск
Россети Тюмень
Россети Урал(ГК)
Россети Центр(ГК)
Россети Центри Приволжье(ГК)
Россети Юг(ГК)
Россети Янтарь
0
20
40
60
-20
80' and expected object 'Россети ФСКЕЭС
АО«Тываэнерго»
Россети Волга
Россети Кубань
РоссетиЛенэнерго (ГК)
РоссетиМосковскийрегион
Россети Северо-Запад
Россети Сибирь
Россети Томск
Россети Тюмень
Россети Урал(ГК)
Россети Центр(ГК)
Россети Центри Приволжье(ГК)
Россети Юг(ГК)
Россети Янтарь
0
20
40
60
-20
80' are equal

29-01-2025T04:57:45 - [TEST_STEP][PASSED] - verifyEqual(findTestData("PlanFact").getValue(4, b), a3): Actual object '' and expected object '' are equal

29-01-2025T04:57:45 - [MESSAGE][PASSED] - Actual object '' and expected object '' are equal

29-01-2025T04:57:45 - [TEST_STEP][PASSED] - verifyEqual(findTestData("PlanFact").getValue(5, b), a4): Actual object '-0.21
-80.57
-0.44
-0.64
-0.02
0.20
-0.33
-92.64
-0.02
0.20
-0.17
0.40
0.77
-0.49
-0.11
Россети ФСКЕЭС
АО«Тываэнерго»
Россети Волга
Россети Кубань
РоссетиЛенэнерго (ГК)
РоссетиМосковскийрегион
Россети Северо-Запад
Россети Сибирь
Россети Томск
Россети Тюмень
Россети Урал(ГК)
Россети Центр(ГК)
Россети Центри Приволжье(ГК)
Россети Юг(ГК)
Россети Янтарь
0
-102
-85
-68
-51
-34
-17
17' and expected object '-0.21
-80.57
-0.44
-0.64
-0.02
0.20
-0.33
-92.64
-0.02
0.20
-0.17
0.40
0.77
-0.49
-0.11
Россети ФСКЕЭС
АО«Тываэнерго»
Россети Волга
Россети Кубань
РоссетиЛенэнерго (ГК)
РоссетиМосковскийрегион
Россети Северо-Запад
Россети Сибирь
Россети Томск
Россети Тюмень
Россети Урал(ГК)
Россети Центр(ГК)
Россети Центри Приволжье(ГК)
Россети Юг(ГК)
Россети Янтарь
0
-102
-85
-68
-51
-34
-17
17' are equal

29-01-2025T04:57:45 - [MESSAGE][PASSED] - Actual object '-0.21
-80.57
-0.44
-0.64
-0.02
0.20
-0.33
-92.64
-0.02
0.20
-0.17
0.40
0.77
-0.49
-0.11
Россети ФСКЕЭС
АО«Тываэнерго»
Россети Волга
Россети Кубань
РоссетиЛенэнерго (ГК)
РоссетиМосковскийрегион
Россети Северо-Запад
Россети Сибирь
Россети Томск
Россети Тюмень
Россети Урал(ГК)
Россети Центр(ГК)
Россети Центри Приволжье(ГК)
Россети Юг(ГК)
Россети Янтарь
0
-102
-85
-68
-51
-34
-17
17' and expected object '-0.21
-80.57
-0.44
-0.64
-0.02
0.20
-0.33
-92.64
-0.02
0.20
-0.17
0.40
0.77
-0.49
-0.11
Россети ФСКЕЭС
АО«Тываэнерго»
Россети Волга
Россети Кубань
РоссетиЛенэнерго (ГК)
РоссетиМосковскийрегион
Россети Северо-Запад
Россети Сибирь
Россети Томск
Россети Тюмень
Россети Урал(ГК)
Россети Центр(ГК)
Россети Центри Приволжье(ГК)
Россети Юг(ГК)
Россети Янтарь
0
-102
-85
-68
-51
-34
-17
17' are equal

29-01-2025T04:57:45 - [TEST_STEP][PASSED] - verifyEqual(findTestData("PlanFact").getValue(6, b), a5): Actual object '%
5.48 5.48
7.84 7.84
План
Факт
1
100' and expected object '%
5.48 5.48
7.84 7.84
План
Факт
1
100' are equal

29-01-2025T04:57:46 - [MESSAGE][PASSED] - Actual object '%
5.48 5.48
7.84 7.84
План
Факт
1
100' and expected object '%
5.48 5.48
7.84 7.84
План
Факт
1
100' are equal

29-01-2025T04:57:46 - [TEST_STEP][PASSED] - verifyEqual(findTestData("PlanFact").getValue(7, b), a6): Actual object 'п.п.
2.36
Итого
0
1
2
3' and expected object 'п.п.
2.36
Итого
0
1
2
3' are equal

29-01-2025T04:57:46 - [MESSAGE][PASSED] - Actual object 'п.п.
2.36
Итого
0
1
2
3' and expected object 'п.п.
2.36
Итого
0
1
2
3' are equal

29-01-2025T04:57:46 - [TEST_STEP][PASSED] - verifyEqual(findTestData("PlanFact").getValue(8, b), a7): Actual object '643 171 953' and expected object '643 171 953' are equal

29-01-2025T04:57:46 - [MESSAGE][PASSED] - Actual object '643 171 953' and expected object '643 171 953' are equal

29-01-2025T04:57:46 - [TEST_STEP][PASSED] - verifyEqual(findTestData("PlanFact").getValue(9, b), a8): Actual object '592 758 840' and expected object '592 758 840' are equal

29-01-2025T04:57:46 - [MESSAGE][PASSED] - Actual object '592 758 840' and expected object '592 758 840' are equal

29-01-2025T04:57:46 - [TEST_STEP][PASSED] - verifyEqual(findTestData("PlanFact").getValue(10, b), a9): Actual object '50 413 112' and expected object '50 413 112' are equal

29-01-2025T04:57:46 - [MESSAGE][PASSED] - Actual object '50 413 112' and expected object '50 413 112' are equal

29-01-2025T04:57:46 - [TEST_STEP][PASSED] - Script1686231490255.WriteToExcel(user, dashboardName, n, data, run, a1, a2, a3, a4, a5, a6, a7, a8, a9): null

29-01-2025T04:57:46 - [TEST_STEP][PASSED] - sheetName = "Sheet1": null

29-01-2025T04:57:46 - [TEST_STEP][PASSED] - workbook01 = getWorkbook(excelFilePath): null

29-01-2025T04:57:46 - [TEST_STEP][PASSED] - sheet01 = getExcelSheet(workbook01, sheetName): null

29-01-2025T04:57:46 - [TEST_STEP][PASSED] - setValueToCellByIndex(sheet01, n, 0, dashboardName): null

29-01-2025T04:57:46 - [TEST_STEP][PASSED] - setValueToCellByIndex(sheet01, n, 10, user): null

29-01-2025T04:57:46 - [TEST_STEP][PASSED] - setValueToCellByIndex(sheet01, n, 1, a1): null

29-01-2025T04:57:46 - [TEST_STEP][PASSED] - setValueToCellByIndex(sheet01, n, 2, a2): null

29-01-2025T04:57:46 - [TEST_STEP][PASSED] - setValueToCellByIndex(sheet01, n, 3, a3): null

29-01-2025T04:57:46 - [TEST_STEP][PASSED] - setValueToCellByIndex(sheet01, n, 4, a4): null

29-01-2025T04:57:46 - [TEST_STEP][PASSED] - setValueToCellByIndex(sheet01, n, 5, a5): null

29-01-2025T04:57:46 - [TEST_STEP][PASSED] - setValueToCellByIndex(sheet01, n, 6, a6): null

29-01-2025T04:57:46 - [TEST_STEP][PASSED] - setValueToCellByIndex(sheet01, n, 7, a7): null

29-01-2025T04:57:46 - [TEST_STEP][PASSED] - setValueToCellByIndex(sheet01, n, 8, a8): null

29-01-2025T04:57:46 - [TEST_STEP][PASSED] - setValueToCellByIndex(sheet01, n, 9, a9): null

29-01-2025T04:57:46 - [TEST_STEP][PASSED] - n = n + 1: null

29-01-2025T04:57:46 - [TEST_STEP][PASSED] - saveWorkbook(excelFilePath, workbook01): null

29-01-2025T04:57:46 - [TEST_STEP][PASSED] - if (run == 3): null

29-01-2025T04:57:46 - [TEST_STEP][PASSED] - closeBrowser(): null

29-01-2025T04:57:46 - [MESSAGE][PASSED] - Browser is closed

29-01-2025T04:57:46 - [TEST_STEP][PASSED] - VipolnenieBiznesPlana(user, dashboardName, n, data, run, a1, a2, a3, a4, a5, a6, a7, a8, a9, urlData): null

29-01-2025T04:57:46 - [TEST_STEP][PASSED] - n = data.getRowNumbers() + 1: null

29-01-2025T04:57:46 - [TEST_STEP][PASSED] - println(n): null

29-01-2025T04:57:46 - [TEST_STEP][PASSED] - dashboardName = "Выполнение бизнес-плана": null

29-01-2025T04:57:46 - [TEST_STEP][PASSED] - openBrowser(""): Browser is opened with url: ''

29-01-2025T04:57:46 - [MESSAGE][INFO] - Starting 'Chrome' driver

29-01-2025T04:57:46 - [MESSAGE][INFO] - Action delay is set to 0 milliseconds

29-01-2025T04:57:47 - [MESSAGE][PASSED] - Browser is opened with url: ''

29-01-2025T04:57:47 - [TEST_STEP][PASSED] - urlData = 1: null

29-01-2025T04:57:47 - [TEST_STEP][PASSED] - Script1686231490255.CheckPageDownload(urlData, run): null

29-01-2025T04:57:47 - [TEST_STEP][PASSED] - i = 1: null

29-01-2025T04:57:47 - [TEST_STEP][PASSED] - ii = 0: null

29-01-2025T04:57:47 - [TEST_STEP][PASSED] - urlText = <not implemented yet for class: org.codehaus.groovy.ast.expr.EmptyExpression>: null

29-01-2025T04:57:47 - [TEST_STEP][PASSED] - searchWord = <not implemented yet for class: org.codehaus.groovy.ast.expr.EmptyExpression>: null

29-01-2025T04:57:47 - [TEST_STEP][PASSED] - deleteAllCookies(): Delete all cookies successfully

29-01-2025T04:57:47 - [MESSAGE][PASSED] - Delete all cookies successfully

29-01-2025T04:57:47 - [TEST_STEP][PASSED] - refresh(): Refresh successfully

29-01-2025T04:57:47 - [MESSAGE][PASSED] - Refresh successfully

29-01-2025T04:57:47 - [TEST_STEP][PASSED] - delay(70): Delayed 70 second(s)

29-01-2025T04:58:57 - [MESSAGE][PASSED] - Delayed 70 second(s)

29-01-2025T04:58:57 - [TEST_STEP][PASSED] - navigateToUrl(findTestData("PlanFact").getValue(10, urlData)): Navigate to 'https://bi.rosseti.digital/viewer?dashboardGuid=d154a8eaf6824e2b9de1bb04dd061c18&sheetGuid=1305e8ce744049e1abdacea1ea397a26&fit=true' successfully

29-01-2025T04:59:05 - [MESSAGE][PASSED] - Navigate to 'https://bi.rosseti.digital/viewer?dashboardGuid=d154a8eaf6824e2b9de1bb04dd061c18&sheetGuid=1305e8ce744049e1abdacea1ea397a26&fit=true' successfully

29-01-2025T04:59:05 - [TEST_STEP][PASSED] - pageLoaded1 = verifyElementPresent(findTestObject("Страница авторизации/Text"), 30): Object 'Object Repository/Страница авторизации/Text' is present

29-01-2025T04:59:06 - [MESSAGE][PASSED] - Object 'Object Repository/Страница авторизации/Text' is present

29-01-2025T04:59:06 - [TEST_STEP][PASSED] - if (pageLoaded1 == false): null

29-01-2025T04:59:06 - [TEST_STEP][PASSED] - urlText = getText(findTestObject("Страница авторизации/Text")): Text of object 'Object Repository/Страница авторизации/Text' is: 'Вход'

29-01-2025T04:59:06 - [MESSAGE][PASSED] - Text of object 'Object Repository/Страница авторизации/Text' is: 'Вход'

29-01-2025T04:59:06 - [TEST_STEP][PASSED] - delay(70): Delayed 70 second(s)

29-01-2025T05:00:16 - [MESSAGE][PASSED] - Delayed 70 second(s)

29-01-2025T05:00:16 - [TEST_STEP][PASSED] - searchWord = "Вход": null

29-01-2025T05:00:16 - [TEST_STEP][PASSED] - if (urlText.contains(searchWord) == false): null

29-01-2025T05:00:16 - [TEST_STEP][PASSED] - setText(findTestObject("Страница авторизации/input__username"), findTestData("PlanFact").getValue(8, run)): Text 'Petrova-OV' is set on object 'Object Repository/Страница авторизации/input__username'

29-01-2025T05:00:17 - [MESSAGE][PASSED] - Text 'Petrova-OV' is set on object 'Object Repository/Страница авторизации/input__username'

29-01-2025T05:00:17 - [TEST_STEP][PASSED] - setText(findTestObject("Страница авторизации/input__password"), findTestData("PlanFact").getValue(9, run)): Text '4Ex@~R53r&3x&BVe7' is set on object 'Object Repository/Страница авторизации/input__password'

29-01-2025T05:00:18 - [MESSAGE][PASSED] - Text '4Ex@~R53r&3x&BVe7' is set on object 'Object Repository/Страница авторизации/input__password'

29-01-2025T05:00:18 - [TEST_STEP][PASSED] - click(findTestObject("Страница авторизации/button_")): Object: 'Object Repository/Страница авторизации/button_' is clicked on

29-01-2025T05:00:19 - [MESSAGE][PASSED] - Object: 'Object Repository/Страница авторизации/button_' is clicked on

29-01-2025T05:00:19 - [TEST_STEP][PASSED] - delay(70): Delayed 70 second(s)

29-01-2025T05:01:29 - [MESSAGE][PASSED] - Delayed 70 second(s)

29-01-2025T05:01:29 - [TEST_STEP][PASSED] - searchWord = "а": null

29-01-2025T05:01:29 - [TEST_STEP][PASSED] - pageLoaded2 = verifyElementPresent(findTestObject("Страница авторизации/Text"), 50): Object 'Object Repository/Страница авторизации/Text' is present

29-01-2025T05:01:30 - [MESSAGE][PASSED] - Object 'Object Repository/Страница авторизации/Text' is present

29-01-2025T05:01:30 - [TEST_STEP][PASSED] - if (pageLoaded2 == false): null

29-01-2025T05:01:30 - [TEST_STEP][PASSED] - urlText = getText(findTestObject("Страница авторизации/Text")): Text of object 'Object Repository/Страница авторизации/Text' is: 'ДЗО 
ПАО Россети
Период
2024 год
Отклонения фактического уровня потерь от бизнес-плана, п.п.
-0.21
-80.57
-0.44
-0.64
-0.02
0.20
-0.33
-92.64
-0.02
0.20
-0.17
0.40
0.77
-0.49
-0.11
Россети ФСКЕЭС
АО«Тываэнерго»
Россети Волга
Россети Кубань
РоссетиЛенэнерго (ГК)
РоссетиМосковскийрегион
Россети Северо-Запад
Россети Сибирь
Россети Томск
Россети Тюмень
Россети Урал(ГК)
Россети Центр(ГК)
Россети Центри Приволжье(ГК)
Россети Юг(ГК)
Россети Янтарь
0
-102
-85
-68
-51
-34
-17
17

Уровень потерь электроэнергии
Россети ФСКЕЭС
АО«Тываэнерго»
Россети Волга
Россети Кубань
РоссетиЛенэнерго (ГК)
РоссетиМосковскийрегион
Россети Северо-Запад
Россети Сибирь
Россети Томск
Россети Тюмень
Россети Урал(ГК)
Россети Центр(ГК)
Россети Центри Приволжье(ГК)
Россети Юг(ГК)
Россети Янтарь
0
20
40
60
-20
80
3.93
|

5.78
|
9.39
|
10.91
|
7.62
6.08
|

9.01
|
3.08
6.07
|
13.44
9.30
9.21
|
9.32
|
3.72
-0.00
5.33
8.76
10.89
7.82
|
5.75
-0.00
8.99
3.27
|
5.90
13.84
|
10.08
|
8.73
9.21
п.п.
2.36
Итого
0
1
2
3
%
5.48 5.48
7.84 7.84
План
Факт
1
100

● Бизнес-план выполнен● ●● Превышение бизнес-плана
Отклонения фактического уровня потерь от бизнес-плана за 3 месяца (нарастающим итогом), п.п.
-0.2-0.2
-0.1-0.1
3.23.2
-0.4-0.4
-0.7-0.7
0.10.1
0.10.1
3.93.9
-0.4-0.4
-0.0-0.0
-0.0-0.0
0.10.1
-0.1-0.1
-0.5-0.5
-0.3-0.3
-0.4-0.4
-0.1-0.1
-0.2-0.2
-8.3-8.3
3.13.1
-0.4-0.4
-0.6-0.6
-0.0-0.0
0.20.2
3.93.9
-0.4-0.4
-8.8-8.8
-0.0-0.0
0.20.2
-0.2-0.2
-0.5-0.5
-0.3-0.3
-0.5-0.5
-0.1-0.1
-0.2-0.2
-80.6-80.6
-0.4-0.4
-0.6-0.6
-0.0-0.0
0.20.2
-0.3-0.3
-92.6-92.6
-0.0-0.0
0.20.2
-0.2-0.2
0.40.4
0.80.8
-0.5-0.5
-0.1-0.1
Россети ФСКЕЭС
АО«Тываэнерго»
АО«Чеченэнерго»
Россети Волга
РоссетиКубань
РоссетиЛенэнерго(ГК)
РоссетиМосковскийрегион
РоссетиСеверныйКавказ (ГК)
Россети Север…
Россети Сибирь(ГК)
Россети Томск
Россети Тюмень
Россети Урал(ГК)
Россети Центр
Россети Центри Приволжье(ГК)
Россети Юг (Г…
РоссетиЯнтарь
-100
0
100
п.п.
Отклонения фактического уровня потерь от бизнес-плана за 3 месяца (нарастающим итогом)
-0.2-0.2
-1.6-1.6
-0.1-0.1
-0.7-0.7
0.10.1
-0.7-0.7
1.01.0
-0.5-0.5
-0.2-0.2
0.10.1
-0.4-0.4
0.20.2
-0.3-0.3
-0.1-0.1
-0.9-0.9
-0.4-0.4
-0.2-0.2
-0.3-0.3
-0.6-0.6
-1.0-1.0
-0.2-0.2
-1.5-1.5
-0.1-0.1
-0.6-0.6
-95.8-95.8
-0.0-0.0
-0.7-0.7
1.31.3
-0.5-0.5
-0.2-0.2
-90.8-90.8
0.10.1
-0.4-0.4
0.10.1
0.00.0
-0.1-0.1
-80.6-80.6
-1.0-1.0
-0.4-0.4
-0.1-0.1
-0.2-0.2
-0.8-0.8
-1.0-1.0
-0.2-0.2
0.00.0
-0.0-0.0
-0.3-0.3
-1.3-1.3
-1.0-1.0
1.21.2
1.51.5
-0.7-0.7
1.21.2
-0.5-0.5
0.50.5
-0.2-0.2
0.10.1
0.70.7
-0.0-0.0
-0.4-0.4
-0.1-0.1
0.20.2
-0.1-0.1
1.91.9
1.31.3
-0.7-0.7
-0.1-0.1
-1.3-1.3
0.90.9
2.12.1
-0.8-0.8
-0.3-0.3
0.50.5
Итого по ФСК …
Калмэнерго
Калугаэнерго
Карельский филиал
Кировэнерго
Костромаэнерго
Кубаньэнерго
Кузбассэнерго-РЭС
Курскэнерго
Ленинградская область
Липецкэнерго
Мариэнерго
Мордовэнерго
Московская область
Мурманский филиал
Нижновэнерго
Новгородский филиал
ООО «БрянскЭлектро»
Омскэнерго
Орелэнерго
Оренбургэнерго
Пензаэнерго
Пермэнерго
Псковский филиал
Россети Тюмень
Россети Янтарь
АО "Тываэнерго"
АО «ВМЭС»
АО «Воронежская горэлектросеть»
АО «Тульские городские электрические сети»
АО «Ярославская электросетевая компания»
АО ЕЭСК
Архангельский филиал
Астраханьэнерго
Белгородэнерго
Брянскэнерго
Владимирэнерго
Волгоградэнерго
Вологодский филиал
Воронежэнерго
Ивэнерго
-180
60

Статус данных
Просьба обратить внимание
— данные занесены не полностью
Факт
План
Итого – Факт
Отпуск в сеть 643 171 953
Отпуск из сети 592 758 840
Потери 50 413 112
Итого – План
Отпуск в сеть 972 755 413
Отпуск из сети 919 425 576
Потери 53 329 836
Выполнение бизнес-плана в части показателя «Уровень потерь электроэнергии»
Показатели баланса электроэнергии по ДЗО – Факт 
628 869 369 681 757 3 631 955 58 408 593 25 855 039 34 954 264 104 134 403 20 651 499 33 379 839 53 124 310 5 175 776 52 550 349 78 097 898 61 308 908 55 815 923 28 608 896 4 647 452
606 329 271 506 218 2 312 442 55 259 019 23 591 243 31 148 311 95 987 829 15 078 002 31 460 760 49 049 657 4 710 610 51 105 150 73 469 328 55 069 554 51 792 314 26 108 534 4 219 589
22 540 098 135 949 1 319 513 3 149 574 2 263 796 3 805 953 8 146 574 5 573 496 1 919 079 3 714 964 465 166 1 445 199 4 628 569 6 239 354 4 023 609 2 500 363 427 863
Показатели баланса электроэнергии по ДЗО – План
609 305 966 689 053 3 403 997 56 729 408 24 737 079 33 422 359 98 965 831 19 485 633 33 056 576 55 771 012 5 006 761 55 037 919 75 299 546 59 895 276 54 005 476 27 838 881 4 470 333
586 252 051 494 789 2 272 993 53 425 459 22 413 833 29 775 403 91 420 590 14 949 980 31 046 621 46 966 394 4 555 629 53 612 860 70 721 200 53 517 675 50 017 436 25 273 744 4 053 696
23 053 915 194 264 1 131 004 3 303 949 2 323 246 3 646 956 7 545 241 4 535 653 2 009 955 8 804 618 451 132 1 425 059 4 578 346 6 377 601 3 988 040 2 565 137 416 637'

29-01-2025T05:01:32 - [MESSAGE][PASSED] - Text of object 'Object Repository/Страница авторизации/Text' is: 'ДЗО 
ПАО Россети
Период
2024 год
Отклонения фактического уровня потерь от бизнес-плана, п.п.
-0.21
-80.57
-0.44
-0.64
-0.02
0.20
-0.33
-92.64
-0.02
0.20
-0.17
0.40
0.77
-0.49
-0.11
Россети ФСКЕЭС
АО«Тываэнерго»
Россети Волга
Россети Кубань
РоссетиЛенэнерго (ГК)
РоссетиМосковскийрегион
Россети Северо-Запад
Россети Сибирь
Россети Томск
Россети Тюмень
Россети Урал(ГК)
Россети Центр(ГК)
Россети Центри Приволжье(ГК)
Россети Юг(ГК)
Россети Янтарь
0
-102
-85
-68
-51
-34
-17
17

Уровень потерь электроэнергии
Россети ФСКЕЭС
АО«Тываэнерго»
Россети Волга
Россети Кубань
РоссетиЛенэнерго (ГК)
РоссетиМосковскийрегион
Россети Северо-Запад
Россети Сибирь
Россети Томск
Россети Тюмень
Россети Урал(ГК)
Россети Центр(ГК)
Россети Центри Приволжье(ГК)
Россети Юг(ГК)
Россети Янтарь
0
20
40
60
-20
80
3.93
|

5.78
|
9.39
|
10.91
|
7.62
6.08
|

9.01
|
3.08
6.07
|
13.44
9.30
9.21
|
9.32
|
3.72
-0.00
5.33
8.76
10.89
7.82
|
5.75
-0.00
8.99
3.27
|
5.90
13.84
|
10.08
|
8.73
9.21
п.п.
2.36
Итого
0
1
2
3
%
5.48 5.48
7.84 7.84
План
Факт
1
100

● Бизнес-план выполнен● ●● Превышение бизнес-плана
Отклонения фактического уровня потерь от бизнес-плана за 3 месяца (нарастающим итогом), п.п.
-0.2-0.2
-0.1-0.1
3.23.2
-0.4-0.4
-0.7-0.7
0.10.1
0.10.1
3.93.9
-0.4-0.4
-0.0-0.0
-0.0-0.0
0.10.1
-0.1-0.1
-0.5-0.5
-0.3-0.3
-0.4-0.4
-0.1-0.1
-0.2-0.2
-8.3-8.3
3.13.1
-0.4-0.4
-0.6-0.6
-0.0-0.0
0.20.2
3.93.9
-0.4-0.4
-8.8-8.8
-0.0-0.0
0.20.2
-0.2-0.2
-0.5-0.5
-0.3-0.3
-0.5-0.5
-0.1-0.1
-0.2-0.2
-80.6-80.6
-0.4-0.4
-0.6-0.6
-0.0-0.0
0.20.2
-0.3-0.3
-92.6-92.6
-0.0-0.0
0.20.2
-0.2-0.2
0.40.4
0.80.8
-0.5-0.5
-0.1-0.1
Россети ФСКЕЭС
АО«Тываэнерго»
АО«Чеченэнерго»
Россети Волга
РоссетиКубань
РоссетиЛенэнерго(ГК)
РоссетиМосковскийрегион
РоссетиСеверныйКавказ (ГК)
Россети Север…
Россети Сибирь(ГК)
Россети Томск
Россети Тюмень
Россети Урал(ГК)
Россети Центр
Россети Центри Приволжье(ГК)
Россети Юг (Г…
РоссетиЯнтарь
-100
0
100
п.п.
Отклонения фактического уровня потерь от бизнес-плана за 3 месяца (нарастающим итогом)
-0.2-0.2
-1.6-1.6
-0.1-0.1
-0.7-0.7
0.10.1
-0.7-0.7
1.01.0
-0.5-0.5
-0.2-0.2
0.10.1
-0.4-0.4
0.20.2
-0.3-0.3
-0.1-0.1
-0.9-0.9
-0.4-0.4
-0.2-0.2
-0.3-0.3
-0.6-0.6
-1.0-1.0
-0.2-0.2
-1.5-1.5
-0.1-0.1
-0.6-0.6
-95.8-95.8
-0.0-0.0
-0.7-0.7
1.31.3
-0.5-0.5
-0.2-0.2
-90.8-90.8
0.10.1
-0.4-0.4
0.10.1
0.00.0
-0.1-0.1
-80.6-80.6
-1.0-1.0
-0.4-0.4
-0.1-0.1
-0.2-0.2
-0.8-0.8
-1.0-1.0
-0.2-0.2
0.00.0
-0.0-0.0
-0.3-0.3
-1.3-1.3
-1.0-1.0
1.21.2
1.51.5
-0.7-0.7
1.21.2
-0.5-0.5
0.50.5
-0.2-0.2
0.10.1
0.70.7
-0.0-0.0
-0.4-0.4
-0.1-0.1
0.20.2
-0.1-0.1
1.91.9
1.31.3
-0.7-0.7
-0.1-0.1
-1.3-1.3
0.90.9
2.12.1
-0.8-0.8
-0.3-0.3
0.50.5
Итого по ФСК …
Калмэнерго
Калугаэнерго
Карельский филиал
Кировэнерго
Костромаэнерго
Кубаньэнерго
Кузбассэнерго-РЭС
Курскэнерго
Ленинградская область
Липецкэнерго
Мариэнерго
Мордовэнерго
Московская область
Мурманский филиал
Нижновэнерго
Новгородский филиал
ООО «БрянскЭлектро»
Омскэнерго
Орелэнерго
Оренбургэнерго
Пензаэнерго
Пермэнерго
Псковский филиал
Россети Тюмень
Россети Янтарь
АО "Тываэнерго"
АО «ВМЭС»
АО «Воронежская горэлектросеть»
АО «Тульские городские электрические сети»
АО «Ярославская электросетевая компания»
АО ЕЭСК
Архангельский филиал
Астраханьэнерго
Белгородэнерго
Брянскэнерго
Владимирэнерго
Волгоградэнерго
Вологодский филиал
Воронежэнерго
Ивэнерго
-180
60

Статус данных
Просьба обратить внимание
— данные занесены не полностью
Факт
План
Итого – Факт
Отпуск в сеть 643 171 953
Отпуск из сети 592 758 840
Потери 50 413 112
Итого – План
Отпуск в сеть 972 755 413
Отпуск из сети 919 425 576
Потери 53 329 836
Выполнение бизнес-плана в части показателя «Уровень потерь электроэнергии»
Показатели баланса электроэнергии по ДЗО – Факт 
628 869 369 681 757 3 631 955 58 408 593 25 855 039 34 954 264 104 134 403 20 651 499 33 379 839 53 124 310 5 175 776 52 550 349 78 097 898 61 308 908 55 815 923 28 608 896 4 647 452
606 329 271 506 218 2 312 442 55 259 019 23 591 243 31 148 311 95 987 829 15 078 002 31 460 760 49 049 657 4 710 610 51 105 150 73 469 328 55 069 554 51 792 314 26 108 534 4 219 589
22 540 098 135 949 1 319 513 3 149 574 2 263 796 3 805 953 8 146 574 5 573 496 1 919 079 3 714 964 465 166 1 445 199 4 628 569 6 239 354 4 023 609 2 500 363 427 863
Показатели баланса электроэнергии по ДЗО – План
609 305 966 689 053 3 403 997 56 729 408 24 737 079 33 422 359 98 965 831 19 485 633 33 056 576 55 771 012 5 006 761 55 037 919 75 299 546 59 895 276 54 005 476 27 838 881 4 470 333
586 252 051 494 789 2 272 993 53 425 459 22 413 833 29 775 403 91 420 590 14 949 980 31 046 621 46 966 394 4 555 629 53 612 860 70 721 200 53 517 675 50 017 436 25 273 744 4 053 696
23 053 915 194 264 1 131 004 3 303 949 2 323 246 3 646 956 7 545 241 4 535 653 2 009 955 8 804 618 451 132 1 425 059 4 578 346 6 377 601 3 988 040 2 565 137 416 637'

29-01-2025T05:01:32 - [TEST_STEP][PASSED] - if (urlText.contains("ошибка") || urlText.contains(searchWord) == false): null

29-01-2025T05:01:32 - [TEST_STEP][PASSED] - Script1686231490255.ZakrytOpoveshenie(): null

29-01-2025T05:01:32 - [TEST_STEP][PASSED] - opoveshenie = getText(findTestObject("Выполнение бизнес-плана/Просьба обратить внимание")): Text of object 'Object Repository/Выполнение бизнес-плана/Просьба обратить внимание' is: 'Просьба обратить внимание'

29-01-2025T05:01:33 - [MESSAGE][PASSED] - Text of object 'Object Repository/Выполнение бизнес-плана/Просьба обратить внимание' is: 'Просьба обратить внимание'

29-01-2025T05:01:33 - [TEST_STEP][PASSED] - println(opoveshenie): null

29-01-2025T05:01:33 - [TEST_STEP][PASSED] - if (opoveshenie == "Просьба обратить внимание"): Object: 'Object Repository/Выполнение бизнес-плана/Закрыть оповещение' is clicked on

29-01-2025T05:01:33 - [TEST_STEP][PASSED] - click(findTestObject("Выполнение бизнес-плана/Закрыть оповещение")): Object: 'Object Repository/Выполнение бизнес-плана/Закрыть оповещение' is clicked on

29-01-2025T05:01:33 - [MESSAGE][PASSED] - Object: 'Object Repository/Выполнение бизнес-плана/Закрыть оповещение' is clicked on

29-01-2025T05:01:33 - [TEST_STEP][PASSED] - click(findTestObject("Object Repository/Выполнение бизнес-плана/Фильтр Дата")): Object: 'Object Repository/Выполнение бизнес-плана/Фильтр Дата' is clicked on

29-01-2025T05:01:33 - [MESSAGE][PASSED] - Object: 'Object Repository/Выполнение бизнес-плана/Фильтр Дата' is clicked on

29-01-2025T05:01:33 - [TEST_STEP][PASSED] - click(findTestObject("Выполнение бизнес-плана/Снять выделение в фильтре Дата")): Object: 'Object Repository/Выполнение бизнес-плана/Снять выделение в фильтре Дата' is clicked on

29-01-2025T05:01:34 - [MESSAGE][PASSED] - Object: 'Object Repository/Выполнение бизнес-плана/Снять выделение в фильтре Дата' is clicked on

29-01-2025T05:01:34 - [TEST_STEP][PASSED] - click(findTestObject("Object Repository/Выполнение бизнес-плана/Применить в фильтре Дата")): Object: 'Object Repository/Выполнение бизнес-плана/Применить в фильтре Дата' is clicked on

29-01-2025T05:01:35 - [MESSAGE][PASSED] - Object: 'Object Repository/Выполнение бизнес-плана/Применить в фильтре Дата' is clicked on

29-01-2025T05:01:35 - [TEST_STEP][PASSED] - delay(70): Delayed 70 second(s)

29-01-2025T05:02:45 - [MESSAGE][PASSED] - Delayed 70 second(s)

29-01-2025T05:02:45 - [TEST_STEP][PASSED] - Script1686231490255.ZakrytOpoveshenie(): null

29-01-2025T05:02:45 - [TEST_STEP][PASSED] - opoveshenie = getText(findTestObject("Выполнение бизнес-плана/Просьба обратить внимание")): Text of object 'Object Repository/Выполнение бизнес-плана/Просьба обратить внимание' is: 'Просьба обратить внимание'

29-01-2025T05:02:45 - [MESSAGE][PASSED] - Text of object 'Object Repository/Выполнение бизнес-плана/Просьба обратить внимание' is: 'Просьба обратить внимание'

29-01-2025T05:02:45 - [TEST_STEP][PASSED] - println(opoveshenie): null

29-01-2025T05:02:45 - [TEST_STEP][PASSED] - if (opoveshenie == "Просьба обратить внимание"): Object: 'Object Repository/Выполнение бизнес-плана/Закрыть оповещение' is clicked on

29-01-2025T05:02:45 - [TEST_STEP][PASSED] - click(findTestObject("Выполнение бизнес-плана/Закрыть оповещение")): Object: 'Object Repository/Выполнение бизнес-плана/Закрыть оповещение' is clicked on

29-01-2025T05:02:45 - [MESSAGE][PASSED] - Object: 'Object Repository/Выполнение бизнес-плана/Закрыть оповещение' is clicked on

29-01-2025T05:02:45 - [TEST_STEP][PASSED] - click(findTestObject("Object Repository/Выполнение бизнес-плана/Фильтр Дата")): Object: 'Object Repository/Выполнение бизнес-плана/Фильтр Дата' is clicked on

29-01-2025T05:02:46 - [MESSAGE][PASSED] - Object: 'Object Repository/Выполнение бизнес-плана/Фильтр Дата' is clicked on

29-01-2025T05:02:46 - [TEST_STEP][PASSED] - scrollToElement(findTestObject("Выполнение бизнес-плана/2024 список"), 30): Scroll to object 'Object Repository/Выполнение бизнес-плана/2024 список' successfully

29-01-2025T05:02:46 - [MESSAGE][PASSED] - Scroll to object 'Object Repository/Выполнение бизнес-плана/2024 список' successfully

29-01-2025T05:02:46 - [TEST_STEP][PASSED] - click(findTestObject("Выполнение бизнес-плана/2024 год"), CONTINUE_ON_FAILURE): Object: 'Object Repository/Выполнение бизнес-плана/2024 год' is clicked on

29-01-2025T05:02:47 - [MESSAGE][PASSED] - Object: 'Object Repository/Выполнение бизнес-плана/2024 год' is clicked on

29-01-2025T05:02:47 - [TEST_STEP][PASSED] - click(findTestObject("Object Repository/Выполнение бизнес-плана/Применить в фильтре Дата")): Object: 'Object Repository/Выполнение бизнес-плана/Применить в фильтре Дата' is clicked on

29-01-2025T05:02:48 - [MESSAGE][PASSED] - Object: 'Object Repository/Выполнение бизнес-плана/Применить в фильтре Дата' is clicked on

29-01-2025T05:02:48 - [TEST_STEP][PASSED] - scrollToElement(findTestObject("Выполнение бизнес-плана/Заголовок дашборда"), 30): Scroll to object 'Object Repository/Выполнение бизнес-плана/Заголовок дашборда' successfully

29-01-2025T05:03:11 - [MESSAGE][PASSED] - Scroll to object 'Object Repository/Выполнение бизнес-плана/Заголовок дашборда' successfully

29-01-2025T05:03:11 - [TEST_STEP][PASSED] - delay(70): Delayed 70 second(s)

29-01-2025T05:04:21 - [MESSAGE][PASSED] - Delayed 70 second(s)

29-01-2025T05:04:21 - [TEST_STEP][PASSED] - Script1686231490255.ZakrytOpoveshenie(): null

29-01-2025T05:04:21 - [TEST_STEP][PASSED] - opoveshenie = getText(findTestObject("Выполнение бизнес-плана/Просьба обратить внимание")): Text of object 'Object Repository/Выполнение бизнес-плана/Просьба обратить внимание' is: 'Просьба обратить внимание'

29-01-2025T05:04:21 - [MESSAGE][PASSED] - Text of object 'Object Repository/Выполнение бизнес-плана/Просьба обратить внимание' is: 'Просьба обратить внимание'

29-01-2025T05:04:21 - [TEST_STEP][PASSED] - println(opoveshenie): null

29-01-2025T05:04:21 - [TEST_STEP][PASSED] - if (opoveshenie == "Просьба обратить внимание"): Object: 'Object Repository/Выполнение бизнес-плана/Закрыть оповещение' is clicked on

29-01-2025T05:04:21 - [TEST_STEP][PASSED] - click(findTestObject("Выполнение бизнес-плана/Закрыть оповещение")): Object: 'Object Repository/Выполнение бизнес-плана/Закрыть оповещение' is clicked on

29-01-2025T05:04:21 - [MESSAGE][PASSED] - Object: 'Object Repository/Выполнение бизнес-плана/Закрыть оповещение' is clicked on

29-01-2025T05:04:21 - [TEST_STEP][PASSED] - click(findTestObject("Object Repository/Выполнение бизнес-плана/Фильтр ДЗО")): Object: 'Object Repository/Выполнение бизнес-плана/Фильтр ДЗО' is clicked on

29-01-2025T05:04:22 - [MESSAGE][PASSED] - Object: 'Object Repository/Выполнение бизнес-плана/Фильтр ДЗО' is clicked on

29-01-2025T05:04:22 - [TEST_STEP][PASSED] - click(findTestObject("Выполнение бизнес-плана/Снять выделение в фильтре ДЗО")): Object: 'Object Repository/Выполнение бизнес-плана/Снять выделение в фильтре ДЗО' is clicked on

29-01-2025T05:04:22 - [MESSAGE][PASSED] - Object: 'Object Repository/Выполнение бизнес-плана/Снять выделение в фильтре ДЗО' is clicked on

29-01-2025T05:04:22 - [TEST_STEP][PASSED] - click(findTestObject("Выполнение бизнес-плана/ПАО Россети")): Object: 'Object Repository/Выполнение бизнес-плана/ПАО Россети' is clicked on

29-01-2025T05:04:23 - [MESSAGE][PASSED] - Object: 'Object Repository/Выполнение бизнес-плана/ПАО Россети' is clicked on

29-01-2025T05:04:23 - [TEST_STEP][PASSED] - click(findTestObject("Object Repository/Выполнение бизнес-плана/Применить в фильтре ДЗО")): Object: 'Object Repository/Выполнение бизнес-плана/Применить в фильтре ДЗО' is clicked on

29-01-2025T05:04:24 - [MESSAGE][PASSED] - Object: 'Object Repository/Выполнение бизнес-плана/Применить в фильтре ДЗО' is clicked on

29-01-2025T05:04:24 - [TEST_STEP][PASSED] - delay(70): Delayed 70 second(s)

29-01-2025T05:05:34 - [MESSAGE][PASSED] - Delayed 70 second(s)

29-01-2025T05:05:34 - [TEST_STEP][PASSED] - if (run == 1): null

29-01-2025T05:05:34 - [TEST_STEP][PASSED] - if (run == 2): null

29-01-2025T05:05:34 - [TEST_STEP][PASSED] - if (run == 3): null

29-01-2025T05:05:34 - [TEST_STEP][PASSED] - user = "Попова": null

29-01-2025T05:05:34 - [TEST_STEP][PASSED] - a1 = getText(findTestObject("Выполнение бизнес-плана/Проценты")): Text of object 'Object Repository/Выполнение бизнес-плана/Проценты' is: '%
5.48 5.48
7.84 7.84
План
Факт
1
100'

29-01-2025T05:05:34 - [MESSAGE][PASSED] - Text of object 'Object Repository/Выполнение бизнес-плана/Проценты' is: '%
5.48 5.48
7.84 7.84
План
Факт
1
100'

29-01-2025T05:05:34 - [TEST_STEP][PASSED] - a2 = getText(findTestObject("Выполнение бизнес-плана/vidget 2")): Text of object 'Object Repository/Выполнение бизнес-плана/vidget 2' is: 'Россети ФСКЕЭС
АО«Тываэнерго»
Россети Волга
Россети Кубань
РоссетиЛенэнерго (ГК)
РоссетиМосковскийрегион
Россети Северо-Запад
Россети Сибирь
Россети Томск
Россети Тюмень
Россети Урал(ГК)
Россети Центр(ГК)
Россети Центри Приволжье(ГК)
Россети Юг(ГК)
Россети Янтарь
0
20
40
60
-20
80'

29-01-2025T05:05:34 - [MESSAGE][PASSED] - Text of object 'Object Repository/Выполнение бизнес-плана/vidget 2' is: 'Россети ФСКЕЭС
АО«Тываэнерго»
Россети Волга
Россети Кубань
РоссетиЛенэнерго (ГК)
РоссетиМосковскийрегион
Россети Северо-Запад
Россети Сибирь
Россети Томск
Россети Тюмень
Россети Урал(ГК)
Россети Центр(ГК)
Россети Центри Приволжье(ГК)
Россети Юг(ГК)
Россети Янтарь
0
20
40
60
-20
80'

29-01-2025T05:05:34 - [TEST_STEP][PASSED] - a3 = getText(findTestObject("Выполнение бизнес-плана/table")): Text of object 'Object Repository/Выполнение бизнес-плана/table' is: ''

29-01-2025T05:05:35 - [MESSAGE][PASSED] - Text of object 'Object Repository/Выполнение бизнес-плана/table' is: ''

29-01-2025T05:05:35 - [TEST_STEP][PASSED] - a4 = getText(findTestObject("Выполнение бизнес-плана/Список ДЗО")): Text of object 'Object Repository/Выполнение бизнес-плана/Список ДЗО' is: '-0.21
-80.57
-0.44
-0.64
-0.02
0.20
-0.33
-92.64
-0.02
0.20
-0.17
0.40
0.77
-0.49
-0.11
Россети ФСКЕЭС
АО«Тываэнерго»
Россети Волга
Россети Кубань
РоссетиЛенэнерго (ГК)
РоссетиМосковскийрегион
Россети Северо-Запад
Россети Сибирь
Россети Томск
Россети Тюмень
Россети Урал(ГК)
Россети Центр(ГК)
Россети Центри Приволжье(ГК)
Россети Юг(ГК)
Россети Янтарь
0
-102
-85
-68
-51
-34
-17
17'

29-01-2025T05:05:35 - [MESSAGE][PASSED] - Text of object 'Object Repository/Выполнение бизнес-плана/Список ДЗО' is: '-0.21
-80.57
-0.44
-0.64
-0.02
0.20
-0.33
-92.64
-0.02
0.20
-0.17
0.40
0.77
-0.49
-0.11
Россети ФСКЕЭС
АО«Тываэнерго»
Россети Волга
Россети Кубань
РоссетиЛенэнерго (ГК)
РоссетиМосковскийрегион
Россети Северо-Запад
Россети Сибирь
Россети Томск
Россети Тюмень
Россети Урал(ГК)
Россети Центр(ГК)
Россети Центри Приволжье(ГК)
Россети Юг(ГК)
Россети Янтарь
0
-102
-85
-68
-51
-34
-17
17'

29-01-2025T05:05:35 - [TEST_STEP][PASSED] - a5 = getText(findTestObject("Выполнение бизнес-плана/svg1")): Text of object 'Object Repository/Выполнение бизнес-плана/svg1' is: '%
5.48 5.48
7.84 7.84
План
Факт
1
100'

29-01-2025T05:05:35 - [MESSAGE][PASSED] - Text of object 'Object Repository/Выполнение бизнес-плана/svg1' is: '%
5.48 5.48
7.84 7.84
План
Факт
1
100'

29-01-2025T05:05:35 - [TEST_STEP][PASSED] - a6 = getText(findTestObject("Выполнение бизнес-плана/svg2")): Text of object 'Object Repository/Выполнение бизнес-плана/svg2' is: 'п.п.
2.36
Итого
0
1
2
3'

29-01-2025T05:05:36 - [MESSAGE][PASSED] - Text of object 'Object Repository/Выполнение бизнес-плана/svg2' is: 'п.п.
2.36
Итого
0
1
2
3'

29-01-2025T05:05:36 - [TEST_STEP][PASSED] - a7 = getText(findTestObject("Выполнение бизнес-плана/Значения со страницы Выполнение бизнес-плана/Факт Отпуск в сеть за отчётный период ПАО Россети")): Text of object 'Object Repository/Выполнение бизнес-плана/Значения со страницы Выполнение бизнес-плана/Факт Отпуск в сеть за отчётный период ПАО Россети' is: '643 171 953'

29-01-2025T05:05:36 - [MESSAGE][PASSED] - Text of object 'Object Repository/Выполнение бизнес-плана/Значения со страницы Выполнение бизнес-плана/Факт Отпуск в сеть за отчётный период ПАО Россети' is: '643 171 953'

29-01-2025T05:05:36 - [TEST_STEP][PASSED] - a8 = getText(findTestObject("Выполнение бизнес-плана/Значения со страницы Выполнение бизнес-плана/Факт Отпуск из сети за отчётный период ПАО Россети")): Text of object 'Object Repository/Выполнение бизнес-плана/Значения со страницы Выполнение бизнес-плана/Факт Отпуск из сети за отчётный период ПАО Россети' is: '592 758 840'

29-01-2025T05:05:36 - [MESSAGE][PASSED] - Text of object 'Object Repository/Выполнение бизнес-плана/Значения со страницы Выполнение бизнес-плана/Факт Отпуск из сети за отчётный период ПАО Россети' is: '592 758 840'

29-01-2025T05:05:36 - [TEST_STEP][PASSED] - a9 = getText(findTestObject("Выполнение бизнес-плана/Значения со страницы Выполнение бизнес-плана/Факт Потери за отчётный период ПАО Россети")): Text of object 'Object Repository/Выполнение бизнес-плана/Значения со страницы Выполнение бизнес-плана/Факт Потери за отчётный период ПАО Россети' is: '50 413 112'

29-01-2025T05:05:37 - [MESSAGE][PASSED] - Text of object 'Object Repository/Выполнение бизнес-плана/Значения со страницы Выполнение бизнес-плана/Факт Потери за отчётный период ПАО Россети' is: '50 413 112'

29-01-2025T05:05:37 - [TEST_STEP][PASSED] - n = n + 2: null

29-01-2025T05:05:37 - [TEST_STEP][PASSED] - b = data.getRowNumbers() + 1: null

29-01-2025T05:05:37 - [TEST_STEP][PASSED] - verifyEqual(findTestData("PlanFact").getValue(2, b), a1): Actual object '%
5.48 5.48
7.84 7.84
План
Факт
1
100' and expected object '%
5.48 5.48
7.84 7.84
План
Факт
1
100' are equal

29-01-2025T05:05:37 - [MESSAGE][PASSED] - Actual object '%
5.48 5.48
7.84 7.84
План
Факт
1
100' and expected object '%
5.48 5.48
7.84 7.84
План
Факт
1
100' are equal

29-01-2025T05:05:37 - [TEST_STEP][PASSED] - verifyEqual(findTestData("PlanFact").getValue(3, b), a2): Actual object 'Россети ФСКЕЭС
АО«Тываэнерго»
Россети Волга
Россети Кубань
РоссетиЛенэнерго (ГК)
РоссетиМосковскийрегион
Россети Северо-Запад
Россети Сибирь
Россети Томск
Россети Тюмень
Россети Урал(ГК)
Россети Центр(ГК)
Россети Центри Приволжье(ГК)
Россети Юг(ГК)
Россети Янтарь
0
20
40
60
-20
80' and expected object 'Россети ФСКЕЭС
АО«Тываэнерго»
Россети Волга
Россети Кубань
РоссетиЛенэнерго (ГК)
РоссетиМосковскийрегион
Россети Северо-Запад
Россети Сибирь
Россети Томск
Россети Тюмень
Россети Урал(ГК)
Россети Центр(ГК)
Россети Центри Приволжье(ГК)
Россети Юг(ГК)
Россети Янтарь
0
20
40
60
-20
80' are equal

29-01-2025T05:05:37 - [MESSAGE][PASSED] - Actual object 'Россети ФСКЕЭС
АО«Тываэнерго»
Россети Волга
Россети Кубань
РоссетиЛенэнерго (ГК)
РоссетиМосковскийрегион
Россети Северо-Запад
Россети Сибирь
Россети Томск
Россети Тюмень
Россети Урал(ГК)
Россети Центр(ГК)
Россети Центри Приволжье(ГК)
Россети Юг(ГК)
Россети Янтарь
0
20
40
60
-20
80' and expected object 'Россети ФСКЕЭС
АО«Тываэнерго»
Россети Волга
Россети Кубань
РоссетиЛенэнерго (ГК)
РоссетиМосковскийрегион
Россети Северо-Запад
Россети Сибирь
Россети Томск
Россети Тюмень
Россети Урал(ГК)
Россети Центр(ГК)
Россети Центри Приволжье(ГК)
Россети Юг(ГК)
Россети Янтарь
0
20
40
60
-20
80' are equal

29-01-2025T05:05:37 - [TEST_STEP][PASSED] - verifyEqual(findTestData("PlanFact").getValue(4, b), a3): Actual object '' and expected object '' are equal

29-01-2025T05:05:37 - [MESSAGE][PASSED] - Actual object '' and expected object '' are equal

29-01-2025T05:05:37 - [TEST_STEP][PASSED] - verifyEqual(findTestData("PlanFact").getValue(5, b), a4): Actual object '-0.21
-80.57
-0.44
-0.64
-0.02
0.20
-0.33
-92.64
-0.02
0.20
-0.17
0.40
0.77
-0.49
-0.11
Россети ФСКЕЭС
АО«Тываэнерго»
Россети Волга
Россети Кубань
РоссетиЛенэнерго (ГК)
РоссетиМосковскийрегион
Россети Северо-Запад
Россети Сибирь
Россети Томск
Россети Тюмень
Россети Урал(ГК)
Россети Центр(ГК)
Россети Центри Приволжье(ГК)
Россети Юг(ГК)
Россети Янтарь
0
-102
-85
-68
-51
-34
-17
17' and expected object '-0.21
-80.57
-0.44
-0.64
-0.02
0.20
-0.33
-92.64
-0.02
0.20
-0.17
0.40
0.77
-0.49
-0.11
Россети ФСКЕЭС
АО«Тываэнерго»
Россети Волга
Россети Кубань
РоссетиЛенэнерго (ГК)
РоссетиМосковскийрегион
Россети Северо-Запад
Россети Сибирь
Россети Томск
Россети Тюмень
Россети Урал(ГК)
Россети Центр(ГК)
Россети Центри Приволжье(ГК)
Россети Юг(ГК)
Россети Янтарь
0
-102
-85
-68
-51
-34
-17
17' are equal

29-01-2025T05:05:37 - [MESSAGE][PASSED] - Actual object '-0.21
-80.57
-0.44
-0.64
-0.02
0.20
-0.33
-92.64
-0.02
0.20
-0.17
0.40
0.77
-0.49
-0.11
Россети ФСКЕЭС
АО«Тываэнерго»
Россети Волга
Россети Кубань
РоссетиЛенэнерго (ГК)
РоссетиМосковскийрегион
Россети Северо-Запад
Россети Сибирь
Россети Томск
Россети Тюмень
Россети Урал(ГК)
Россети Центр(ГК)
Россети Центри Приволжье(ГК)
Россети Юг(ГК)
Россети Янтарь
0
-102
-85
-68
-51
-34
-17
17' and expected object '-0.21
-80.57
-0.44
-0.64
-0.02
0.20
-0.33
-92.64
-0.02
0.20
-0.17
0.40
0.77
-0.49
-0.11
Россети ФСКЕЭС
АО«Тываэнерго»
Россети Волга
Россети Кубань
РоссетиЛенэнерго (ГК)
РоссетиМосковскийрегион
Россети Северо-Запад
Россети Сибирь
Россети Томск
Россети Тюмень
Россети Урал(ГК)
Россети Центр(ГК)
Россети Центри Приволжье(ГК)
Россети Юг(ГК)
Россети Янтарь
0
-102
-85
-68
-51
-34
-17
17' are equal

29-01-2025T05:05:37 - [TEST_STEP][PASSED] - verifyEqual(findTestData("PlanFact").getValue(6, b), a5): Actual object '%
5.48 5.48
7.84 7.84
План
Факт
1
100' and expected object '%
5.48 5.48
7.84 7.84
План
Факт
1
100' are equal

29-01-2025T05:05:37 - [MESSAGE][PASSED] - Actual object '%
5.48 5.48
7.84 7.84
План
Факт
1
100' and expected object '%
5.48 5.48
7.84 7.84
План
Факт
1
100' are equal

29-01-2025T05:05:37 - [TEST_STEP][PASSED] - verifyEqual(findTestData("PlanFact").getValue(7, b), a6): Actual object 'п.п.
2.36
Итого
0
1
2
3' and expected object 'п.п.
2.36
Итого
0
1
2
3' are equal

29-01-2025T05:05:37 - [MESSAGE][PASSED] - Actual object 'п.п.
2.36
Итого
0
1
2
3' and expected object 'п.п.
2.36
Итого
0
1
2
3' are equal

29-01-2025T05:05:37 - [TEST_STEP][PASSED] - verifyEqual(findTestData("PlanFact").getValue(8, b), a7): Actual object '643 171 953' and expected object '643 171 953' are equal

29-01-2025T05:05:37 - [MESSAGE][PASSED] - Actual object '643 171 953' and expected object '643 171 953' are equal

29-01-2025T05:05:37 - [TEST_STEP][PASSED] - verifyEqual(findTestData("PlanFact").getValue(9, b), a8): Actual object '592 758 840' and expected object '592 758 840' are equal

29-01-2025T05:05:37 - [MESSAGE][PASSED] - Actual object '592 758 840' and expected object '592 758 840' are equal

29-01-2025T05:05:37 - [TEST_STEP][PASSED] - verifyEqual(findTestData("PlanFact").getValue(10, b), a9): Actual object '50 413 112' and expected object '50 413 112' are equal

29-01-2025T05:05:37 - [MESSAGE][PASSED] - Actual object '50 413 112' and expected object '50 413 112' are equal

29-01-2025T05:05:37 - [TEST_STEP][PASSED] - Script1686231490255.WriteToExcel(user, dashboardName, n, data, run, a1, a2, a3, a4, a5, a6, a7, a8, a9): null

29-01-2025T05:05:37 - [TEST_STEP][PASSED] - sheetName = "Sheet1": null

29-01-2025T05:05:37 - [TEST_STEP][PASSED] - workbook01 = getWorkbook(excelFilePath): null

29-01-2025T05:05:37 - [TEST_STEP][PASSED] - sheet01 = getExcelSheet(workbook01, sheetName): null

29-01-2025T05:05:37 - [TEST_STEP][PASSED] - setValueToCellByIndex(sheet01, n, 0, dashboardName): null

29-01-2025T05:05:37 - [TEST_STEP][PASSED] - setValueToCellByIndex(sheet01, n, 10, user): null

29-01-2025T05:05:37 - [TEST_STEP][PASSED] - setValueToCellByIndex(sheet01, n, 1, a1): null

29-01-2025T05:05:37 - [TEST_STEP][PASSED] - setValueToCellByIndex(sheet01, n, 2, a2): null

29-01-2025T05:05:37 - [TEST_STEP][PASSED] - setValueToCellByIndex(sheet01, n, 3, a3): null

29-01-2025T05:05:37 - [TEST_STEP][PASSED] - setValueToCellByIndex(sheet01, n, 4, a4): null

29-01-2025T05:05:37 - [TEST_STEP][PASSED] - setValueToCellByIndex(sheet01, n, 5, a5): null

29-01-2025T05:05:37 - [TEST_STEP][PASSED] - setValueToCellByIndex(sheet01, n, 6, a6): null

29-01-2025T05:05:37 - [TEST_STEP][PASSED] - setValueToCellByIndex(sheet01, n, 7, a7): null

29-01-2025T05:05:37 - [TEST_STEP][PASSED] - setValueToCellByIndex(sheet01, n, 8, a8): null

29-01-2025T05:05:37 - [TEST_STEP][PASSED] - setValueToCellByIndex(sheet01, n, 9, a9): null

29-01-2025T05:05:37 - [TEST_STEP][PASSED] - n = n + 1: null

29-01-2025T05:05:37 - [TEST_STEP][PASSED] - saveWorkbook(excelFilePath, workbook01): null

29-01-2025T05:05:37 - [TEST_STEP][PASSED] - closeBrowser(): Browser is closed

29-01-2025T05:05:38 - [MESSAGE][PASSED] - Browser is closed

29-01-2025T05:05:38 - [TEST_STEP][PASSED] - delay(70): Delayed 70 second(s)

29-01-2025T05:06:48 - [MESSAGE][PASSED] - Delayed 70 second(s)

29-01-2025T05:06:48 - [TEST_STEP][PASSED] - for ([run = 1, run < 4, (run++)]): null

29-01-2025T05:06:48 - [TEST_STEP][PASSED] - ViruchkaVRublyah(user, dashboardName, n, data, run, a1, a2, a3, a4, a5, a6, a7, a8, a9, urlData): null

29-01-2025T05:06:48 - [TEST_STEP][PASSED] - n = data.getRowNumbers() + 1: null

29-01-2025T05:06:48 - [TEST_STEP][PASSED] - println(n): null

29-01-2025T05:06:48 - [TEST_STEP][PASSED] - dashboardName = "Вырука в рублях": null

29-01-2025T05:06:48 - [TEST_STEP][PASSED] - openBrowser(""): Browser is opened with url: ''

29-01-2025T05:06:48 - [MESSAGE][INFO] - Starting 'Chrome' driver

29-01-2025T05:06:48 - [MESSAGE][INFO] - Action delay is set to 0 milliseconds

29-01-2025T05:06:49 - [MESSAGE][PASSED] - Browser is opened with url: ''

29-01-2025T05:06:49 - [TEST_STEP][PASSED] - urlData = 2: null

29-01-2025T05:06:49 - [TEST_STEP][PASSED] - Script1686231490255.CheckPageDownload(urlData, run): null

29-01-2025T05:06:49 - [TEST_STEP][PASSED] - i = 1: null

29-01-2025T05:06:49 - [TEST_STEP][PASSED] - ii = 0: null

29-01-2025T05:06:49 - [TEST_STEP][PASSED] - urlText = <not implemented yet for class: org.codehaus.groovy.ast.expr.EmptyExpression>: null

29-01-2025T05:06:49 - [TEST_STEP][PASSED] - searchWord = <not implemented yet for class: org.codehaus.groovy.ast.expr.EmptyExpression>: null

29-01-2025T05:06:49 - [TEST_STEP][PASSED] - deleteAllCookies(): Delete all cookies successfully

29-01-2025T05:06:49 - [MESSAGE][PASSED] - Delete all cookies successfully

29-01-2025T05:06:49 - [TEST_STEP][PASSED] - refresh(): Refresh successfully

29-01-2025T05:06:49 - [MESSAGE][PASSED] - Refresh successfully

29-01-2025T05:06:49 - [TEST_STEP][PASSED] - delay(70): Delayed 70 second(s)

29-01-2025T05:07:59 - [MESSAGE][PASSED] - Delayed 70 second(s)

29-01-2025T05:07:59 - [TEST_STEP][PASSED] - navigateToUrl(findTestData("PlanFact").getValue(10, urlData)): Navigate to 'https://bi.rosseti.digital/viewer?dashboardGuid=2301950b23be4ed89c1df75f2020051e&sheetGuid=b723206f698544fb87299f3095c00435&fit=true' successfully

29-01-2025T05:08:06 - [MESSAGE][PASSED] - Navigate to 'https://bi.rosseti.digital/viewer?dashboardGuid=2301950b23be4ed89c1df75f2020051e&sheetGuid=b723206f698544fb87299f3095c00435&fit=true' successfully

29-01-2025T05:08:06 - [TEST_STEP][PASSED] - pageLoaded1 = verifyElementPresent(findTestObject("Страница авторизации/Text"), 30): Object 'Object Repository/Страница авторизации/Text' is present

29-01-2025T05:08:07 - [MESSAGE][PASSED] - Object 'Object Repository/Страница авторизации/Text' is present

29-01-2025T05:08:07 - [TEST_STEP][PASSED] - if (pageLoaded1 == false): null

29-01-2025T05:08:07 - [TEST_STEP][PASSED] - urlText = getText(findTestObject("Страница авторизации/Text")): Text of object 'Object Repository/Страница авторизации/Text' is: 'Вход'

29-01-2025T05:08:07 - [MESSAGE][PASSED] - Text of object 'Object Repository/Страница авторизации/Text' is: 'Вход'

29-01-2025T05:08:07 - [TEST_STEP][PASSED] - delay(70): Delayed 70 second(s)

29-01-2025T05:09:17 - [MESSAGE][PASSED] - Delayed 70 second(s)

29-01-2025T05:09:17 - [TEST_STEP][PASSED] - searchWord = "Вход": null

29-01-2025T05:09:17 - [TEST_STEP][PASSED] - if (urlText.contains(searchWord) == false): null

29-01-2025T05:09:17 - [TEST_STEP][PASSED] - setText(findTestObject("Страница авторизации/input__username"), findTestData("PlanFact").getValue(8, run)): Text 'liazgina-di' is set on object 'Object Repository/Страница авторизации/input__username'

29-01-2025T05:09:18 - [MESSAGE][PASSED] - Text 'liazgina-di' is set on object 'Object Repository/Страница авторизации/input__username'

29-01-2025T05:09:18 - [TEST_STEP][PASSED] - setText(findTestObject("Страница авторизации/input__password"), findTestData("PlanFact").getValue(9, run)): Text ')$%5srZ8o688Dm#q' is set on object 'Object Repository/Страница авторизации/input__password'

29-01-2025T05:09:19 - [MESSAGE][PASSED] - Text ')$%5srZ8o688Dm#q' is set on object 'Object Repository/Страница авторизации/input__password'

29-01-2025T05:09:19 - [TEST_STEP][PASSED] - click(findTestObject("Страница авторизации/button_")): Object: 'Object Repository/Страница авторизации/button_' is clicked on

29-01-2025T05:09:20 - [MESSAGE][PASSED] - Object: 'Object Repository/Страница авторизации/button_' is clicked on

29-01-2025T05:09:20 - [TEST_STEP][PASSED] - delay(70): Delayed 70 second(s)

29-01-2025T05:10:30 - [MESSAGE][PASSED] - Delayed 70 second(s)

29-01-2025T05:10:30 - [TEST_STEP][PASSED] - searchWord = "а": null

29-01-2025T05:10:30 - [TEST_STEP][PASSED] - pageLoaded2 = verifyElementPresent(findTestObject("Страница авторизации/Text"), 50): Object 'Object Repository/Страница авторизации/Text' is present

29-01-2025T05:10:31 - [MESSAGE][PASSED] - Object 'Object Repository/Страница авторизации/Text' is present

29-01-2025T05:10:31 - [TEST_STEP][PASSED] - if (pageLoaded2 == false): null

29-01-2025T05:10:31 - [TEST_STEP][PASSED] - urlText = getText(findTestObject("Страница авторизации/Text")): Text of object 'Object Repository/Страница авторизации/Text' is: 'Период
2024 год
Выручка
Все
Выполнение плановых показателей по ПАО Россети за 2024 год
План
Факт
Динамика
2024 год
0 млн.руб.
200 000 млн.руб.
400 000 млн.руб.
600 000 млн.руб.
800 000 млн.руб.
1 000 000 млн.руб.
1 200 000 млн.руб.
1 400 000 млн.руб.
1 600 000 млн.руб.
1 800 000 млн.руб.
1 449 221
1 456 358
↑
ДЗО 
ПАО Россети
Внутренний оборот - выручка за услуги по передаче электрической энергии, учтенная в выручке за электроэнергию для конечных потребителей, при выполнении ДЗО функций гарантирующего поставщика
Подписи данных
⬤Отклонение
АО «Тываэнерго»
АО «Чеченэнерго»
Россети Волга
Россети Кубань
Россети Ленэнерго (ГК)
Россети Московский регион
Россети Северный Кавказ (ГК)
Россети Северо-Запад
Россети Сибирь (ГК)
Россети Томск
Россети Тюмень
Россети Урал (ГК)
Россети ФСК ЕЭС
Россети Центр
Россети Центр и Приволжье (ГК)
Россети Юг (ГК)
Россети Янтарь
-25 000млн.руб.
-20 000млн.руб.
-15 000млн.руб.
-10 000млн.руб.
-5 000млн.руб.
0млн.руб.
5 000млн.руб.
10 000млн.руб.
15 …
433
145
175
5 315
5 768
8 943
951
696
2 625
198
-7 329
1 914
-23 145
3 692
5 160
1 206
390
млн.
%
Выручка
Отклонение выручки по ПАО Россети за 2024 год (факт/план, млн. руб)
ПАО Россети
7 136.5 млн.руб.
 '

29-01-2025T05:10:31 - [MESSAGE][PASSED] - Text of object 'Object Repository/Страница авторизации/Text' is: 'Период
2024 год
Выручка
Все
Выполнение плановых показателей по ПАО Россети за 2024 год
План
Факт
Динамика
2024 год
0 млн.руб.
200 000 млн.руб.
400 000 млн.руб.
600 000 млн.руб.
800 000 млн.руб.
1 000 000 млн.руб.
1 200 000 млн.руб.
1 400 000 млн.руб.
1 600 000 млн.руб.
1 800 000 млн.руб.
1 449 221
1 456 358
↑
ДЗО 
ПАО Россети
Внутренний оборот - выручка за услуги по передаче электрической энергии, учтенная в выручке за электроэнергию для конечных потребителей, при выполнении ДЗО функций гарантирующего поставщика
Подписи данных
⬤Отклонение
АО «Тываэнерго»
АО «Чеченэнерго»
Россети Волга
Россети Кубань
Россети Ленэнерго (ГК)
Россети Московский регион
Россети Северный Кавказ (ГК)
Россети Северо-Запад
Россети Сибирь (ГК)
Россети Томск
Россети Тюмень
Россети Урал (ГК)
Россети ФСК ЕЭС
Россети Центр
Россети Центр и Приволжье (ГК)
Россети Юг (ГК)
Россети Янтарь
-25 000млн.руб.
-20 000млн.руб.
-15 000млн.руб.
-10 000млн.руб.
-5 000млн.руб.
0млн.руб.
5 000млн.руб.
10 000млн.руб.
15 …
433
145
175
5 315
5 768
8 943
951
696
2 625
198
-7 329
1 914
-23 145
3 692
5 160
1 206
390
млн.
%
Выручка
Отклонение выручки по ПАО Россети за 2024 год (факт/план, млн. руб)
ПАО Россети
7 136.5 млн.руб.
 '

29-01-2025T05:10:31 - [TEST_STEP][PASSED] - if (urlText.contains("ошибка") || urlText.contains(searchWord) == false): null

29-01-2025T05:10:31 - [TEST_STEP][PASSED] - click(findTestObject("Выручка в рублях/Фильтр Период")): Object: 'Object Repository/Выручка в рублях/Фильтр Период' is clicked on

29-01-2025T05:10:32 - [MESSAGE][PASSED] - Object: 'Object Repository/Выручка в рублях/Фильтр Период' is clicked on

29-01-2025T05:10:32 - [TEST_STEP][PASSED] - click(findTestObject("Выручка в рублях/Снять выделение в фильтре Дата")): Object: 'Object Repository/Выручка в рублях/Снять выделение в фильтре Дата' is clicked on

29-01-2025T05:10:32 - [MESSAGE][PASSED] - Object: 'Object Repository/Выручка в рублях/Снять выделение в фильтре Дата' is clicked on

29-01-2025T05:10:32 - [TEST_STEP][PASSED] - click(findTestObject("Выручка в рублях/Применить в фильтре Дата")): Object: 'Object Repository/Выручка в рублях/Применить в фильтре Дата' is clicked on

29-01-2025T05:10:33 - [MESSAGE][PASSED] - Object: 'Object Repository/Выручка в рублях/Применить в фильтре Дата' is clicked on

29-01-2025T05:10:33 - [TEST_STEP][PASSED] - click(findTestObject("Выручка в рублях/Фильтр Период")): Object: 'Object Repository/Выручка в рублях/Фильтр Период' is clicked on

29-01-2025T05:10:34 - [MESSAGE][PASSED] - Object: 'Object Repository/Выручка в рублях/Фильтр Период' is clicked on

29-01-2025T05:10:34 - [TEST_STEP][PASSED] - click(findTestObject("Выручка в рублях/Снять выделение в фильтре Дата")): Object: 'Object Repository/Выручка в рублях/Снять выделение в фильтре Дата' is clicked on

29-01-2025T05:10:35 - [MESSAGE][PASSED] - Object: 'Object Repository/Выручка в рублях/Снять выделение в фильтре Дата' is clicked on

29-01-2025T05:10:35 - [TEST_STEP][PASSED] - scrollToElement(findTestObject("Выручка в рублях/2024 список"), 30): Scroll to object 'Object Repository/Выручка в рублях/2024 список' successfully

29-01-2025T05:10:35 - [MESSAGE][PASSED] - Scroll to object 'Object Repository/Выручка в рублях/2024 список' successfully

29-01-2025T05:10:35 - [TEST_STEP][PASSED] - click(findTestObject("Выручка в рублях/2024 год")): Object: 'Object Repository/Выручка в рублях/2024 год' is clicked on

29-01-2025T05:10:35 - [MESSAGE][PASSED] - Object: 'Object Repository/Выручка в рублях/2024 год' is clicked on

29-01-2025T05:10:35 - [TEST_STEP][PASSED] - click(findTestObject("Выручка в рублях/Применить в фильтре Дата")): Object: 'Object Repository/Выручка в рублях/Применить в фильтре Дата' is clicked on

29-01-2025T05:10:36 - [MESSAGE][PASSED] - Object: 'Object Repository/Выручка в рублях/Применить в фильтре Дата' is clicked on

29-01-2025T05:10:36 - [TEST_STEP][PASSED] - scrollToElement(findTestObject("Выручка в рублях/Заголовок дашборда"), 30): Scroll to object 'Object Repository/Выручка в рублях/Заголовок дашборда' successfully

29-01-2025T05:10:37 - [MESSAGE][PASSED] - Scroll to object 'Object Repository/Выручка в рублях/Заголовок дашборда' successfully

29-01-2025T05:10:37 - [TEST_STEP][PASSED] - delay(70): Delayed 70 second(s)

29-01-2025T05:11:47 - [MESSAGE][PASSED] - Delayed 70 second(s)

29-01-2025T05:11:47 - [TEST_STEP][PASSED] - a5 = "": null

29-01-2025T05:11:47 - [TEST_STEP][PASSED] - a6 = "": null

29-01-2025T05:11:47 - [TEST_STEP][PASSED] - a7 = "": null

29-01-2025T05:11:47 - [TEST_STEP][PASSED] - a8 = "": null

29-01-2025T05:11:47 - [TEST_STEP][PASSED] - a9 = "": null

29-01-2025T05:11:47 - [TEST_STEP][PASSED] - if (run == 1): null

29-01-2025T05:11:47 - [TEST_STEP][PASSED] - user = "админ": null

29-01-2025T05:11:47 - [TEST_STEP][PASSED] - a1 = getText(findTestObject("Выручка в рублях/График План")): Text of object 'Object Repository/Выручка в рублях/График План' is: '1 449 221'

29-01-2025T05:11:48 - [MESSAGE][PASSED] - Text of object 'Object Repository/Выручка в рублях/График План' is: '1 449 221'

29-01-2025T05:11:48 - [TEST_STEP][PASSED] - a2 = getText(findTestObject("Выручка в рублях/График Факт")): Text of object 'Object Repository/Выручка в рублях/График Факт' is: '1 456 358'

29-01-2025T05:11:48 - [MESSAGE][PASSED] - Text of object 'Object Repository/Выручка в рублях/График Факт' is: '1 456 358'

29-01-2025T05:11:48 - [TEST_STEP][PASSED] - a3 = getText(findTestObject("Выручка в рублях/График Отклонение выручки")): Text of object 'Object Repository/Выручка в рублях/График Отклонение выручки' is: 'Период
2024 год
Выручка
Все
Выполнение плановых показателей по ПАО Россети за 2024 год
План
Факт
Динамика
2024 год
0 млн.руб.
200 000 млн.руб.
400 000 млн.руб.
600 000 млн.руб.
800 000 млн.руб.
1 000 000 млн.руб.
1 200 000 млн.руб.
1 400 000 млн.руб.
1 600 000 млн.руб.
1 800 000 млн.руб.
1 449 221
1 456 358
↑
ДЗО 
ПАО Россети
Внутренний оборот - выручка за услуги по передаче электрической энергии, учтенная в выручке за электроэнергию для конечных потребителей, при выполнении ДЗО функций гарантирующего поставщика
Подписи данных
⬤Отклонение
АО «Тываэнерго»
АО «Чеченэнерго»
Россети Волга
Россети Кубань
Россети Ленэнерго (ГК)
Россети Московский регион
Россети Северный Кавказ (ГК)
Россети Северо-Запад
Россети Сибирь (ГК)
Россети Томск
Россети Тюмень
Россети Урал (ГК)
Россети ФСК ЕЭС
Россети Центр
Россети Центр и Приволжье (ГК)
Россети Юг (ГК)
Россети Янтарь
-25 000млн.руб.
-20 000млн.руб.
-15 000млн.руб.
-10 000млн.руб.
-5 000млн.руб.
0млн.руб.
5 000млн.руб.
10 000млн.руб.
15 …
433
145
175
5 315
5 768
8 943
951
696
2 625
198
-7 329
1 914
-23 145
3 692
5 160
1 206
390
млн.
%
Выручка
Отклонение выручки по ПАО Россети за 2024 год (факт/план, млн. руб)
ПАО Россети
7 136.5 млн.руб.
 '

29-01-2025T05:11:48 - [MESSAGE][PASSED] - Text of object 'Object Repository/Выручка в рублях/График Отклонение выручки' is: 'Период
2024 год
Выручка
Все
Выполнение плановых показателей по ПАО Россети за 2024 год
План
Факт
Динамика
2024 год
0 млн.руб.
200 000 млн.руб.
400 000 млн.руб.
600 000 млн.руб.
800 000 млн.руб.
1 000 000 млн.руб.
1 200 000 млн.руб.
1 400 000 млн.руб.
1 600 000 млн.руб.
1 800 000 млн.руб.
1 449 221
1 456 358
↑
ДЗО 
ПАО Россети
Внутренний оборот - выручка за услуги по передаче электрической энергии, учтенная в выручке за электроэнергию для конечных потребителей, при выполнении ДЗО функций гарантирующего поставщика
Подписи данных
⬤Отклонение
АО «Тываэнерго»
АО «Чеченэнерго»
Россети Волга
Россети Кубань
Россети Ленэнерго (ГК)
Россети Московский регион
Россети Северный Кавказ (ГК)
Россети Северо-Запад
Россети Сибирь (ГК)
Россети Томск
Россети Тюмень
Россети Урал (ГК)
Россети ФСК ЕЭС
Россети Центр
Россети Центр и Приволжье (ГК)
Россети Юг (ГК)
Россети Янтарь
-25 000млн.руб.
-20 000млн.руб.
-15 000млн.руб.
-10 000млн.руб.
-5 000млн.руб.
0млн.руб.
5 000млн.руб.
10 000млн.руб.
15 …
433
145
175
5 315
5 768
8 943
951
696
2 625
198
-7 329
1 914
-23 145
3 692
5 160
1 206
390
млн.
%
Выручка
Отклонение выручки по ПАО Россети за 2024 год (факт/план, млн. руб)
ПАО Россети
7 136.5 млн.руб.
 '

29-01-2025T05:11:48 - [TEST_STEP][PASSED] - a3 = a3.substring(a3.lastIndexOf("Отклонение")): null

29-01-2025T05:11:48 - [TEST_STEP][PASSED] - click(findTestObject("Выручка в рублях/Переключить отображение с млн на проценты Выручка в рублях")): Object: 'Object Repository/Выручка в рублях/Переключить отображение с млн на проценты Выручка в рублях' is clicked on

29-01-2025T05:11:49 - [MESSAGE][PASSED] - Object: 'Object Repository/Выручка в рублях/Переключить отображение с млн на проценты Выручка в рублях' is clicked on

29-01-2025T05:11:49 - [TEST_STEP][PASSED] - a4 = getText(findTestObject("Выручка в рублях/График Отклонение выручки")): Text of object 'Object Repository/Выручка в рублях/График Отклонение выручки' is: 'Период
2024 год
Выручка
Все
Выполнение плановых показателей по ПАО Россети за 2024 год
План
Факт
Динамика
2024 год
0 млн.руб.
200 000 млн.руб.
400 000 млн.руб.
600 000 млн.руб.
800 000 млн.руб.
1 000 000 млн.руб.
1 200 000 млн.руб.
1 400 000 млн.руб.
1 600 000 млн.руб.
1 800 000 млн.руб.
1 449 221
1 456 358
↑
ДЗО 
ПАО Россети
Отклонение выручки по ПАО Россети за 2024 год (факт/план, %)
ПАО Россети
-86.83 %
Внутренний оборот - выручка за услуги по передаче электрической энергии, учтенная в выручке за электроэнергию для конечных потребителей, при выполнении ДЗО функций гарантирующего поставщика
⬤Отклонение
АО «Тываэнерго»
АО «Чеченэнерго»
Россети Волга
Россети Кубань
Россети Ленэнерго (ГК)
Россети Московский регион
Россети Северный Кавказ (ГК)
Россети Северо-Запад
Россети Сибирь (ГК)
Россети Томск
Россети Тюмень
Россети Урал (ГК)
Россети ФСК ЕЭС
Россети Центр
Россети Центр и Приволжье (ГК)
Россети Юг (ГК)
Россети Янтарь
- 100 %
-90 %
-80 %
-70 %
-60 %
-50 %
-40 %
-30 %
-20 %
-10 %
0 %
-87.3 %
-84.13 %
-84.13 %
-84.31 %
-82.77 %
-89.74 %
-83.84 %
-80.35 %
-89 %
-84.13 %
-86.76 %
-81.08 %
-91.14 %
-90.58 %
-83.94 %
-84.71 %
-89.55 %
Подписи данных
млн.
%
Выручка
 '

29-01-2025T05:11:49 - [MESSAGE][PASSED] - Text of object 'Object Repository/Выручка в рублях/График Отклонение выручки' is: 'Период
2024 год
Выручка
Все
Выполнение плановых показателей по ПАО Россети за 2024 год
План
Факт
Динамика
2024 год
0 млн.руб.
200 000 млн.руб.
400 000 млн.руб.
600 000 млн.руб.
800 000 млн.руб.
1 000 000 млн.руб.
1 200 000 млн.руб.
1 400 000 млн.руб.
1 600 000 млн.руб.
1 800 000 млн.руб.
1 449 221
1 456 358
↑
ДЗО 
ПАО Россети
Отклонение выручки по ПАО Россети за 2024 год (факт/план, %)
ПАО Россети
-86.83 %
Внутренний оборот - выручка за услуги по передаче электрической энергии, учтенная в выручке за электроэнергию для конечных потребителей, при выполнении ДЗО функций гарантирующего поставщика
⬤Отклонение
АО «Тываэнерго»
АО «Чеченэнерго»
Россети Волга
Россети Кубань
Россети Ленэнерго (ГК)
Россети Московский регион
Россети Северный Кавказ (ГК)
Россети Северо-Запад
Россети Сибирь (ГК)
Россети Томск
Россети Тюмень
Россети Урал (ГК)
Россети ФСК ЕЭС
Россети Центр
Россети Центр и Приволжье (ГК)
Россети Юг (ГК)
Россети Янтарь
- 100 %
-90 %
-80 %
-70 %
-60 %
-50 %
-40 %
-30 %
-20 %
-10 %
0 %
-87.3 %
-84.13 %
-84.13 %
-84.31 %
-82.77 %
-89.74 %
-83.84 %
-80.35 %
-89 %
-84.13 %
-86.76 %
-81.08 %
-91.14 %
-90.58 %
-83.94 %
-84.71 %
-89.55 %
Подписи данных
млн.
%
Выручка
 '

29-01-2025T05:11:49 - [TEST_STEP][PASSED] - a4 = a4.substring(a4.lastIndexOf("Отклонение")): null

29-01-2025T05:11:49 - [TEST_STEP][PASSED] - click(findTestObject("Выручка в рублях/Переключить отображение с процентов на млн Выручка в рублях")): Object: 'Object Repository/Выручка в рублях/Переключить отображение с процентов на млн Выручка в рублях' is clicked on

29-01-2025T05:11:50 - [MESSAGE][PASSED] - Object: 'Object Repository/Выручка в рублях/Переключить отображение с процентов на млн Выручка в рублях' is clicked on

29-01-2025T05:11:50 - [TEST_STEP][PASSED] - n = n + 3: null

29-01-2025T05:11:50 - [TEST_STEP][PASSED] - Script1686231490255.WriteToExcel(user, dashboardName, n, data, run, a1, a2, a3, a4, a5, a6, a7, a8, a9): null

29-01-2025T05:11:50 - [TEST_STEP][PASSED] - sheetName = "Sheet1": null

29-01-2025T05:11:50 - [TEST_STEP][PASSED] - workbook01 = getWorkbook(excelFilePath): null

29-01-2025T05:11:50 - [TEST_STEP][PASSED] - sheet01 = getExcelSheet(workbook01, sheetName): null

29-01-2025T05:11:50 - [TEST_STEP][PASSED] - setValueToCellByIndex(sheet01, n, 0, dashboardName): null

29-01-2025T05:11:50 - [TEST_STEP][PASSED] - setValueToCellByIndex(sheet01, n, 10, user): null

29-01-2025T05:11:50 - [TEST_STEP][PASSED] - setValueToCellByIndex(sheet01, n, 1, a1): null

29-01-2025T05:11:50 - [TEST_STEP][PASSED] - setValueToCellByIndex(sheet01, n, 2, a2): null

29-01-2025T05:11:50 - [TEST_STEP][PASSED] - setValueToCellByIndex(sheet01, n, 3, a3): null

29-01-2025T05:11:50 - [TEST_STEP][PASSED] - setValueToCellByIndex(sheet01, n, 4, a4): null

29-01-2025T05:11:50 - [TEST_STEP][PASSED] - setValueToCellByIndex(sheet01, n, 5, a5): null

29-01-2025T05:11:50 - [TEST_STEP][PASSED] - setValueToCellByIndex(sheet01, n, 6, a6): null

29-01-2025T05:11:50 - [TEST_STEP][PASSED] - setValueToCellByIndex(sheet01, n, 7, a7): null

29-01-2025T05:11:50 - [TEST_STEP][PASSED] - setValueToCellByIndex(sheet01, n, 8, a8): null

29-01-2025T05:11:50 - [TEST_STEP][PASSED] - setValueToCellByIndex(sheet01, n, 9, a9): null

29-01-2025T05:11:50 - [TEST_STEP][PASSED] - n = n + 1: null

29-01-2025T05:11:50 - [TEST_STEP][PASSED] - saveWorkbook(excelFilePath, workbook01): null

29-01-2025T05:11:50 - [TEST_STEP][PASSED] - if (run == 2): null

29-01-2025T05:11:50 - [TEST_STEP][PASSED] - if (run == 3): null

29-01-2025T05:11:50 - [TEST_STEP][PASSED] - closeBrowser(): null

29-01-2025T05:11:50 - [MESSAGE][PASSED] - Browser is closed

29-01-2025T05:11:50 - [TEST_STEP][PASSED] - ViruchkaVRublyah(user, dashboardName, n, data, run, a1, a2, a3, a4, a5, a6, a7, a8, a9, urlData): null

29-01-2025T05:11:50 - [TEST_STEP][PASSED] - n = data.getRowNumbers() + 1: null

29-01-2025T05:11:50 - [TEST_STEP][PASSED] - println(n): null

29-01-2025T05:11:50 - [TEST_STEP][PASSED] - dashboardName = "Вырука в рублях": null

29-01-2025T05:11:50 - [TEST_STEP][PASSED] - openBrowser(""): Browser is opened with url: ''

29-01-2025T05:11:50 - [MESSAGE][INFO] - Starting 'Chrome' driver

29-01-2025T05:11:50 - [MESSAGE][INFO] - Action delay is set to 0 milliseconds

29-01-2025T05:11:51 - [MESSAGE][PASSED] - Browser is opened with url: ''

29-01-2025T05:11:51 - [TEST_STEP][PASSED] - urlData = 2: null

29-01-2025T05:11:51 - [TEST_STEP][PASSED] - Script1686231490255.CheckPageDownload(urlData, run): null

29-01-2025T05:11:51 - [TEST_STEP][PASSED] - i = 1: null

29-01-2025T05:11:51 - [TEST_STEP][PASSED] - ii = 0: null

29-01-2025T05:11:51 - [TEST_STEP][PASSED] - urlText = <not implemented yet for class: org.codehaus.groovy.ast.expr.EmptyExpression>: null

29-01-2025T05:11:51 - [TEST_STEP][PASSED] - searchWord = <not implemented yet for class: org.codehaus.groovy.ast.expr.EmptyExpression>: null

29-01-2025T05:11:51 - [TEST_STEP][PASSED] - deleteAllCookies(): Delete all cookies successfully

29-01-2025T05:11:51 - [MESSAGE][PASSED] - Delete all cookies successfully

29-01-2025T05:11:51 - [TEST_STEP][PASSED] - refresh(): Refresh successfully

29-01-2025T05:11:51 - [MESSAGE][PASSED] - Refresh successfully

29-01-2025T05:11:51 - [TEST_STEP][PASSED] - delay(70): Delayed 70 second(s)

29-01-2025T05:13:01 - [MESSAGE][PASSED] - Delayed 70 second(s)

29-01-2025T05:13:01 - [TEST_STEP][PASSED] - navigateToUrl(findTestData("PlanFact").getValue(10, urlData)): Navigate to 'https://bi.rosseti.digital/viewer?dashboardGuid=2301950b23be4ed89c1df75f2020051e&sheetGuid=b723206f698544fb87299f3095c00435&fit=true' successfully

29-01-2025T05:13:06 - [MESSAGE][PASSED] - Navigate to 'https://bi.rosseti.digital/viewer?dashboardGuid=2301950b23be4ed89c1df75f2020051e&sheetGuid=b723206f698544fb87299f3095c00435&fit=true' successfully

29-01-2025T05:13:06 - [TEST_STEP][PASSED] - pageLoaded1 = verifyElementPresent(findTestObject("Страница авторизации/Text"), 30): Object 'Object Repository/Страница авторизации/Text' is present

29-01-2025T05:13:07 - [MESSAGE][PASSED] - Object 'Object Repository/Страница авторизации/Text' is present

29-01-2025T05:13:07 - [TEST_STEP][PASSED] - if (pageLoaded1 == false): null

29-01-2025T05:13:07 - [TEST_STEP][PASSED] - urlText = getText(findTestObject("Страница авторизации/Text")): Text of object 'Object Repository/Страница авторизации/Text' is: 'Вход'

29-01-2025T05:13:08 - [MESSAGE][PASSED] - Text of object 'Object Repository/Страница авторизации/Text' is: 'Вход'

29-01-2025T05:13:08 - [TEST_STEP][PASSED] - delay(70): Delayed 70 second(s)

29-01-2025T05:14:18 - [MESSAGE][PASSED] - Delayed 70 second(s)

29-01-2025T05:14:18 - [TEST_STEP][PASSED] - searchWord = "Вход": null

29-01-2025T05:14:18 - [TEST_STEP][PASSED] - if (urlText.contains(searchWord) == false): null

29-01-2025T05:14:18 - [TEST_STEP][PASSED] - setText(findTestObject("Страница авторизации/input__username"), findTestData("PlanFact").getValue(8, run)): Text 'Andreeva-EV' is set on object 'Object Repository/Страница авторизации/input__username'

29-01-2025T05:14:18 - [MESSAGE][PASSED] - Text 'Andreeva-EV' is set on object 'Object Repository/Страница авторизации/input__username'

29-01-2025T05:14:18 - [TEST_STEP][PASSED] - setText(findTestObject("Страница авторизации/input__password"), findTestData("PlanFact").getValue(9, run)): Text '2nPePKDwCPH3ul7xMZ' is set on object 'Object Repository/Страница авторизации/input__password'

29-01-2025T05:14:19 - [MESSAGE][PASSED] - Text '2nPePKDwCPH3ul7xMZ' is set on object 'Object Repository/Страница авторизации/input__password'

29-01-2025T05:14:19 - [TEST_STEP][PASSED] - click(findTestObject("Страница авторизации/button_")): Object: 'Object Repository/Страница авторизации/button_' is clicked on

29-01-2025T05:14:21 - [MESSAGE][PASSED] - Object: 'Object Repository/Страница авторизации/button_' is clicked on

29-01-2025T05:14:21 - [TEST_STEP][PASSED] - delay(70): Delayed 70 second(s)

29-01-2025T05:15:31 - [MESSAGE][PASSED] - Delayed 70 second(s)

29-01-2025T05:15:31 - [TEST_STEP][PASSED] - searchWord = "а": null

29-01-2025T05:15:31 - [TEST_STEP][PASSED] - pageLoaded2 = verifyElementPresent(findTestObject("Страница авторизации/Text"), 50): Object 'Object Repository/Страница авторизации/Text' is present

29-01-2025T05:15:31 - [MESSAGE][PASSED] - Object 'Object Repository/Страница авторизации/Text' is present

29-01-2025T05:15:31 - [TEST_STEP][PASSED] - if (pageLoaded2 == false): null

29-01-2025T05:15:31 - [TEST_STEP][PASSED] - urlText = getText(findTestObject("Страница авторизации/Text")): Text of object 'Object Repository/Страница авторизации/Text' is: 'Период
2024 год
Выручка
Все
Выполнение плановых показателей по ПАО Россети за 2024 год
План
Факт
Динамика
2024 год
0 млн.руб.
200 000 млн.руб.
400 000 млн.руб.
600 000 млн.руб.
800 000 млн.руб.
1 000 000 млн.руб.
1 200 000 млн.руб.
1 400 000 млн.руб.
1 600 000 млн.руб.
1 800 000 млн.руб.
1 449 221
1 456 358
↑
ДЗО 
ПАО Россети
Внутренний оборот - выручка за услуги по передаче электрической энергии, учтенная в выручке за электроэнергию для конечных потребителей, при выполнении ДЗО функций гарантирующего поставщика
Подписи данных
⬤Отклонение
АО «Тываэнерго»
АО «Чеченэнерго»
Россети Волга
Россети Кубань
Россети Ленэнерго (ГК)
Россети Московский регион
Россети Северный Кавказ (ГК)
Россети Северо-Запад
Россети Сибирь (ГК)
Россети Томск
Россети Тюмень
Россети Урал (ГК)
Россети ФСК ЕЭС
Россети Центр
Россети Центр и Приволжье (ГК)
Россети Юг (ГК)
Россети Янтарь
-25 000млн.руб.
-20 000млн.руб.
-15 000млн.руб.
-10 000млн.руб.
-5 000млн.руб.
0млн.руб.
5 000млн.руб.
10 000млн.руб.
15 …
433
145
175
5 315
5 768
8 943
951
696
2 625
198
-7 329
1 914
-23 145
3 692
5 160
1 206
390
млн.
%
Выручка
Отклонение выручки по ПАО Россети за 2024 год (факт/план, млн. руб)
ПАО Россети
7 136.5 млн.руб.
 '

29-01-2025T05:15:32 - [MESSAGE][PASSED] - Text of object 'Object Repository/Страница авторизации/Text' is: 'Период
2024 год
Выручка
Все
Выполнение плановых показателей по ПАО Россети за 2024 год
План
Факт
Динамика
2024 год
0 млн.руб.
200 000 млн.руб.
400 000 млн.руб.
600 000 млн.руб.
800 000 млн.руб.
1 000 000 млн.руб.
1 200 000 млн.руб.
1 400 000 млн.руб.
1 600 000 млн.руб.
1 800 000 млн.руб.
1 449 221
1 456 358
↑
ДЗО 
ПАО Россети
Внутренний оборот - выручка за услуги по передаче электрической энергии, учтенная в выручке за электроэнергию для конечных потребителей, при выполнении ДЗО функций гарантирующего поставщика
Подписи данных
⬤Отклонение
АО «Тываэнерго»
АО «Чеченэнерго»
Россети Волга
Россети Кубань
Россети Ленэнерго (ГК)
Россети Московский регион
Россети Северный Кавказ (ГК)
Россети Северо-Запад
Россети Сибирь (ГК)
Россети Томск
Россети Тюмень
Россети Урал (ГК)
Россети ФСК ЕЭС
Россети Центр
Россети Центр и Приволжье (ГК)
Россети Юг (ГК)
Россети Янтарь
-25 000млн.руб.
-20 000млн.руб.
-15 000млн.руб.
-10 000млн.руб.
-5 000млн.руб.
0млн.руб.
5 000млн.руб.
10 000млн.руб.
15 …
433
145
175
5 315
5 768
8 943
951
696
2 625
198
-7 329
1 914
-23 145
3 692
5 160
1 206
390
млн.
%
Выручка
Отклонение выручки по ПАО Россети за 2024 год (факт/план, млн. руб)
ПАО Россети
7 136.5 млн.руб.
 '

29-01-2025T05:15:32 - [TEST_STEP][PASSED] - if (urlText.contains("ошибка") || urlText.contains(searchWord) == false): null

29-01-2025T05:15:32 - [TEST_STEP][PASSED] - click(findTestObject("Выручка в рублях/Фильтр Период")): Object: 'Object Repository/Выручка в рублях/Фильтр Период' is clicked on

29-01-2025T05:15:32 - [MESSAGE][PASSED] - Object: 'Object Repository/Выручка в рублях/Фильтр Период' is clicked on

29-01-2025T05:15:32 - [TEST_STEP][PASSED] - click(findTestObject("Выручка в рублях/Снять выделение в фильтре Дата")): Object: 'Object Repository/Выручка в рублях/Снять выделение в фильтре Дата' is clicked on

29-01-2025T05:15:33 - [MESSAGE][PASSED] - Object: 'Object Repository/Выручка в рублях/Снять выделение в фильтре Дата' is clicked on

29-01-2025T05:15:33 - [TEST_STEP][PASSED] - click(findTestObject("Выручка в рублях/Применить в фильтре Дата")): Object: 'Object Repository/Выручка в рублях/Применить в фильтре Дата' is clicked on

29-01-2025T05:15:33 - [MESSAGE][PASSED] - Object: 'Object Repository/Выручка в рублях/Применить в фильтре Дата' is clicked on

29-01-2025T05:15:33 - [TEST_STEP][PASSED] - click(findTestObject("Выручка в рублях/Фильтр Период")): Object: 'Object Repository/Выручка в рублях/Фильтр Период' is clicked on

29-01-2025T05:15:35 - [MESSAGE][PASSED] - Object: 'Object Repository/Выручка в рублях/Фильтр Период' is clicked on

29-01-2025T05:15:35 - [TEST_STEP][PASSED] - click(findTestObject("Выручка в рублях/Снять выделение в фильтре Дата")): Object: 'Object Repository/Выручка в рублях/Снять выделение в фильтре Дата' is clicked on

29-01-2025T05:15:35 - [MESSAGE][PASSED] - Object: 'Object Repository/Выручка в рублях/Снять выделение в фильтре Дата' is clicked on

29-01-2025T05:15:35 - [TEST_STEP][PASSED] - scrollToElement(findTestObject("Выручка в рублях/2024 список"), 30): Scroll to object 'Object Repository/Выручка в рублях/2024 список' successfully

29-01-2025T05:15:36 - [MESSAGE][PASSED] - Scroll to object 'Object Repository/Выручка в рублях/2024 список' successfully

29-01-2025T05:15:36 - [TEST_STEP][PASSED] - click(findTestObject("Выручка в рублях/2024 год")): Object: 'Object Repository/Выручка в рублях/2024 год' is clicked on

29-01-2025T05:15:36 - [MESSAGE][PASSED] - Object: 'Object Repository/Выручка в рублях/2024 год' is clicked on

29-01-2025T05:15:36 - [TEST_STEP][PASSED] - click(findTestObject("Выручка в рублях/Применить в фильтре Дата")): Object: 'Object Repository/Выручка в рублях/Применить в фильтре Дата' is clicked on

29-01-2025T05:15:37 - [MESSAGE][PASSED] - Object: 'Object Repository/Выручка в рублях/Применить в фильтре Дата' is clicked on

29-01-2025T05:15:37 - [TEST_STEP][PASSED] - scrollToElement(findTestObject("Выручка в рублях/Заголовок дашборда"), 30): Scroll to object 'Object Repository/Выручка в рублях/Заголовок дашборда' successfully

29-01-2025T05:15:38 - [MESSAGE][PASSED] - Scroll to object 'Object Repository/Выручка в рублях/Заголовок дашборда' successfully

29-01-2025T05:15:38 - [TEST_STEP][PASSED] - delay(70): Delayed 70 second(s)

29-01-2025T05:16:48 - [MESSAGE][PASSED] - Delayed 70 second(s)

29-01-2025T05:16:48 - [TEST_STEP][PASSED] - a5 = "": null

29-01-2025T05:16:48 - [TEST_STEP][PASSED] - a6 = "": null

29-01-2025T05:16:48 - [TEST_STEP][PASSED] - a7 = "": null

29-01-2025T05:16:48 - [TEST_STEP][PASSED] - a8 = "": null

29-01-2025T05:16:48 - [TEST_STEP][PASSED] - a9 = "": null

29-01-2025T05:16:48 - [TEST_STEP][PASSED] - if (run == 1): null

29-01-2025T05:16:48 - [TEST_STEP][PASSED] - if (run == 2): null

29-01-2025T05:16:48 - [TEST_STEP][PASSED] - user = "Андреева": null

29-01-2025T05:16:48 - [TEST_STEP][PASSED] - a1 = getText(findTestObject("Выручка в рублях/График План")): Text of object 'Object Repository/Выручка в рублях/График План' is: '1 449 221'

29-01-2025T05:16:48 - [MESSAGE][PASSED] - Text of object 'Object Repository/Выручка в рублях/График План' is: '1 449 221'

29-01-2025T05:16:48 - [TEST_STEP][PASSED] - a2 = getText(findTestObject("Выручка в рублях/График Факт")): Text of object 'Object Repository/Выручка в рублях/График Факт' is: '1 456 358'

29-01-2025T05:16:49 - [MESSAGE][PASSED] - Text of object 'Object Repository/Выручка в рублях/График Факт' is: '1 456 358'

29-01-2025T05:16:49 - [TEST_STEP][PASSED] - a3 = getText(findTestObject("Выручка в рублях/График Отклонение выручки")): Text of object 'Object Repository/Выручка в рублях/График Отклонение выручки' is: 'Период
2024 год
Выручка
Все
Выполнение плановых показателей по ПАО Россети за 2024 год
План
Факт
Динамика
2024 год
0 млн.руб.
200 000 млн.руб.
400 000 млн.руб.
600 000 млн.руб.
800 000 млн.руб.
1 000 000 млн.руб.
1 200 000 млн.руб.
1 400 000 млн.руб.
1 600 000 млн.руб.
1 800 000 млн.руб.
1 449 221
1 456 358
↑
ДЗО 
ПАО Россети
Внутренний оборот - выручка за услуги по передаче электрической энергии, учтенная в выручке за электроэнергию для конечных потребителей, при выполнении ДЗО функций гарантирующего поставщика
Подписи данных
⬤Отклонение
АО «Тываэнерго»
АО «Чеченэнерго»
Россети Волга
Россети Кубань
Россети Ленэнерго (ГК)
Россети Московский регион
Россети Северный Кавказ (ГК)
Россети Северо-Запад
Россети Сибирь (ГК)
Россети Томск
Россети Тюмень
Россети Урал (ГК)
Россети ФСК ЕЭС
Россети Центр
Россети Центр и Приволжье (ГК)
Россети Юг (ГК)
Россети Янтарь
-25 000млн.руб.
-20 000млн.руб.
-15 000млн.руб.
-10 000млн.руб.
-5 000млн.руб.
0млн.руб.
5 000млн.руб.
10 000млн.руб.
15 …
433
145
175
5 315
5 768
8 943
951
696
2 625
198
-7 329
1 914
-23 145
3 692
5 160
1 206
390
млн.
%
Выручка
Отклонение выручки по ПАО Россети за 2024 год (факт/план, млн. руб)
ПАО Россети
7 136.5 млн.руб.
 '

29-01-2025T05:16:49 - [MESSAGE][PASSED] - Text of object 'Object Repository/Выручка в рублях/График Отклонение выручки' is: 'Период
2024 год
Выручка
Все
Выполнение плановых показателей по ПАО Россети за 2024 год
План
Факт
Динамика
2024 год
0 млн.руб.
200 000 млн.руб.
400 000 млн.руб.
600 000 млн.руб.
800 000 млн.руб.
1 000 000 млн.руб.
1 200 000 млн.руб.
1 400 000 млн.руб.
1 600 000 млн.руб.
1 800 000 млн.руб.
1 449 221
1 456 358
↑
ДЗО 
ПАО Россети
Внутренний оборот - выручка за услуги по передаче электрической энергии, учтенная в выручке за электроэнергию для конечных потребителей, при выполнении ДЗО функций гарантирующего поставщика
Подписи данных
⬤Отклонение
АО «Тываэнерго»
АО «Чеченэнерго»
Россети Волга
Россети Кубань
Россети Ленэнерго (ГК)
Россети Московский регион
Россети Северный Кавказ (ГК)
Россети Северо-Запад
Россети Сибирь (ГК)
Россети Томск
Россети Тюмень
Россети Урал (ГК)
Россети ФСК ЕЭС
Россети Центр
Россети Центр и Приволжье (ГК)
Россети Юг (ГК)
Россети Янтарь
-25 000млн.руб.
-20 000млн.руб.
-15 000млн.руб.
-10 000млн.руб.
-5 000млн.руб.
0млн.руб.
5 000млн.руб.
10 000млн.руб.
15 …
433
145
175
5 315
5 768
8 943
951
696
2 625
198
-7 329
1 914
-23 145
3 692
5 160
1 206
390
млн.
%
Выручка
Отклонение выручки по ПАО Россети за 2024 год (факт/план, млн. руб)
ПАО Россети
7 136.5 млн.руб.
 '

29-01-2025T05:16:49 - [TEST_STEP][PASSED] - a3 = a3.substring(a3.lastIndexOf("Отклонение")): null

29-01-2025T05:16:49 - [TEST_STEP][PASSED] - click(findTestObject("Выручка в рублях/Переключить отображение с млн на проценты Выручка в рублях")): Object: 'Object Repository/Выручка в рублях/Переключить отображение с млн на проценты Выручка в рублях' is clicked on

29-01-2025T05:16:50 - [MESSAGE][PASSED] - Object: 'Object Repository/Выручка в рублях/Переключить отображение с млн на проценты Выручка в рублях' is clicked on

29-01-2025T05:16:50 - [TEST_STEP][PASSED] - a4 = getText(findTestObject("Выручка в рублях/График Отклонение выручки")): Text of object 'Object Repository/Выручка в рублях/График Отклонение выручки' is: 'Период
2024 год
Выручка
Все
Выполнение плановых показателей по ПАО Россети за 2024 год
План
Факт
Динамика
2024 год
0 млн.руб.
200 000 млн.руб.
400 000 млн.руб.
600 000 млн.руб.
800 000 млн.руб.
1 000 000 млн.руб.
1 200 000 млн.руб.
1 400 000 млн.руб.
1 600 000 млн.руб.
1 800 000 млн.руб.
1 449 221
1 456 358
↑
ДЗО 
ПАО Россети
Отклонение выручки по ПАО Россети за 2024 год (факт/план, %)
ПАО Россети
-86.83 %
Внутренний оборот - выручка за услуги по передаче электрической энергии, учтенная в выручке за электроэнергию для конечных потребителей, при выполнении ДЗО функций гарантирующего поставщика
⬤Отклонение
АО «Тываэнерго»
АО «Чеченэнерго»
Россети Волга
Россети Кубань
Россети Ленэнерго (ГК)
Россети Московский регион
Россети Северный Кавказ (ГК)
Россети Северо-Запад
Россети Сибирь (ГК)
Россети Томск
Россети Тюмень
Россети Урал (ГК)
Россети ФСК ЕЭС
Россети Центр
Россети Центр и Приволжье (ГК)
Россети Юг (ГК)
Россети Янтарь
- 100 %
-90 %
-80 %
-70 %
-60 %
-50 %
-40 %
-30 %
-20 %
-10 %
0 %
-87.3 %
-84.13 %
-84.13 %
-84.31 %
-82.77 %
-89.74 %
-83.84 %
-80.35 %
-89 %
-84.13 %
-86.76 %
-81.08 %
-91.14 %
-90.58 %
-83.94 %
-84.71 %
-89.55 %
Подписи данных
млн.
%
Выручка
 '

29-01-2025T05:16:50 - [MESSAGE][PASSED] - Text of object 'Object Repository/Выручка в рублях/График Отклонение выручки' is: 'Период
2024 год
Выручка
Все
Выполнение плановых показателей по ПАО Россети за 2024 год
План
Факт
Динамика
2024 год
0 млн.руб.
200 000 млн.руб.
400 000 млн.руб.
600 000 млн.руб.
800 000 млн.руб.
1 000 000 млн.руб.
1 200 000 млн.руб.
1 400 000 млн.руб.
1 600 000 млн.руб.
1 800 000 млн.руб.
1 449 221
1 456 358
↑
ДЗО 
ПАО Россети
Отклонение выручки по ПАО Россети за 2024 год (факт/план, %)
ПАО Россети
-86.83 %
Внутренний оборот - выручка за услуги по передаче электрической энергии, учтенная в выручке за электроэнергию для конечных потребителей, при выполнении ДЗО функций гарантирующего поставщика
⬤Отклонение
АО «Тываэнерго»
АО «Чеченэнерго»
Россети Волга
Россети Кубань
Россети Ленэнерго (ГК)
Россети Московский регион
Россети Северный Кавказ (ГК)
Россети Северо-Запад
Россети Сибирь (ГК)
Россети Томск
Россети Тюмень
Россети Урал (ГК)
Россети ФСК ЕЭС
Россети Центр
Россети Центр и Приволжье (ГК)
Россети Юг (ГК)
Россети Янтарь
- 100 %
-90 %
-80 %
-70 %
-60 %
-50 %
-40 %
-30 %
-20 %
-10 %
0 %
-87.3 %
-84.13 %
-84.13 %
-84.31 %
-82.77 %
-89.74 %
-83.84 %
-80.35 %
-89 %
-84.13 %
-86.76 %
-81.08 %
-91.14 %
-90.58 %
-83.94 %
-84.71 %
-89.55 %
Подписи данных
млн.
%
Выручка
 '

29-01-2025T05:16:50 - [TEST_STEP][PASSED] - a4 = a4.substring(a4.lastIndexOf("Отклонение")): null

29-01-2025T05:16:50 - [TEST_STEP][PASSED] - click(findTestObject("Выручка в рублях/Переключить отображение с процентов на млн Выручка в рублях")): Object: 'Object Repository/Выручка в рублях/Переключить отображение с процентов на млн Выручка в рублях' is clicked on

29-01-2025T05:16:50 - [MESSAGE][PASSED] - Object: 'Object Repository/Выручка в рублях/Переключить отображение с процентов на млн Выручка в рублях' is clicked on

29-01-2025T05:16:50 - [TEST_STEP][PASSED] - n = n + 4: null

29-01-2025T05:16:50 - [TEST_STEP][PASSED] - b = n - run + 1: null

29-01-2025T05:16:50 - [TEST_STEP][PASSED] - verifyEqual(findTestData("PlanFact").getValue(2, b), a1): Actual object '1 449 221' and expected object '1 449 221' are equal

29-01-2025T05:16:51 - [MESSAGE][PASSED] - Actual object '1 449 221' and expected object '1 449 221' are equal

29-01-2025T05:16:51 - [TEST_STEP][PASSED] - verifyEqual(findTestData("PlanFact").getValue(3, b), a2): Actual object '1 456 358' and expected object '1 456 358' are equal

29-01-2025T05:16:51 - [MESSAGE][PASSED] - Actual object '1 456 358' and expected object '1 456 358' are equal

29-01-2025T05:16:51 - [TEST_STEP][PASSED] - verifyEqual(findTestData("PlanFact").getValue(4, b), a3): Actual object 'Отклонение выручки по ПАО Россети за 2024 год (факт/план, млн. руб)
ПАО Россети
7 136.5 млн.руб.
 ' and expected object 'Отклонение выручки по ПАО Россети за 2024 год (факт/план, млн. руб)
ПАО Россети
7 136.5 млн.руб.
 ' are equal

29-01-2025T05:16:51 - [MESSAGE][PASSED] - Actual object 'Отклонение выручки по ПАО Россети за 2024 год (факт/план, млн. руб)
ПАО Россети
7 136.5 млн.руб.
 ' and expected object 'Отклонение выручки по ПАО Россети за 2024 год (факт/план, млн. руб)
ПАО Россети
7 136.5 млн.руб.
 ' are equal

29-01-2025T05:16:51 - [TEST_STEP][PASSED] - verifyEqual(findTestData("PlanFact").getValue(5, b), a4): Actual object 'Отклонение
АО «Тываэнерго»
АО «Чеченэнерго»
Россети Волга
Россети Кубань
Россети Ленэнерго (ГК)
Россети Московский регион
Россети Северный Кавказ (ГК)
Россети Северо-Запад
Россети Сибирь (ГК)
Россети Томск
Россети Тюмень
Россети Урал (ГК)
Россети ФСК ЕЭС
Россети Центр
Россети Центр и Приволжье (ГК)
Россети Юг (ГК)
Россети Янтарь
- 100 %
-90 %
-80 %
-70 %
-60 %
-50 %
-40 %
-30 %
-20 %
-10 %
0 %
-87.3 %
-84.13 %
-84.13 %
-84.31 %
-82.77 %
-89.74 %
-83.84 %
-80.35 %
-89 %
-84.13 %
-86.76 %
-81.08 %
-91.14 %
-90.58 %
-83.94 %
-84.71 %
-89.55 %
Подписи данных
млн.
%
Выручка
 ' and expected object 'Отклонение
АО «Тываэнерго»
АО «Чеченэнерго»
Россети Волга
Россети Кубань
Россети Ленэнерго (ГК)
Россети Московский регион
Россети Северный Кавказ (ГК)
Россети Северо-Запад
Россети Сибирь (ГК)
Россети Томск
Россети Тюмень
Россети Урал (ГК)
Россети ФСК ЕЭС
Россети Центр
Россети Центр и Приволжье (ГК)
Россети Юг (ГК)
Россети Янтарь
- 100 %
-90 %
-80 %
-70 %
-60 %
-50 %
-40 %
-30 %
-20 %
-10 %
0 %
-87.3 %
-84.13 %
-84.13 %
-84.31 %
-82.77 %
-89.74 %
-83.84 %
-80.35 %
-89 %
-84.13 %
-86.76 %
-81.08 %
-91.14 %
-90.58 %
-83.94 %
-84.71 %
-89.55 %
Подписи данных
млн.
%
Выручка
 ' are equal

29-01-2025T05:16:51 - [MESSAGE][PASSED] - Actual object 'Отклонение
АО «Тываэнерго»
АО «Чеченэнерго»
Россети Волга
Россети Кубань
Россети Ленэнерго (ГК)
Россети Московский регион
Россети Северный Кавказ (ГК)
Россети Северо-Запад
Россети Сибирь (ГК)
Россети Томск
Россети Тюмень
Россети Урал (ГК)
Россети ФСК ЕЭС
Россети Центр
Россети Центр и Приволжье (ГК)
Россети Юг (ГК)
Россети Янтарь
- 100 %
-90 %
-80 %
-70 %
-60 %
-50 %
-40 %
-30 %
-20 %
-10 %
0 %
-87.3 %
-84.13 %
-84.13 %
-84.31 %
-82.77 %
-89.74 %
-83.84 %
-80.35 %
-89 %
-84.13 %
-86.76 %
-81.08 %
-91.14 %
-90.58 %
-83.94 %
-84.71 %
-89.55 %
Подписи данных
млн.
%
Выручка
 ' and expected object 'Отклонение
АО «Тываэнерго»
АО «Чеченэнерго»
Россети Волга
Россети Кубань
Россети Ленэнерго (ГК)
Россети Московский регион
Россети Северный Кавказ (ГК)
Россети Северо-Запад
Россети Сибирь (ГК)
Россети Томск
Россети Тюмень
Россети Урал (ГК)
Россети ФСК ЕЭС
Россети Центр
Россети Центр и Приволжье (ГК)
Россети Юг (ГК)
Россети Янтарь
- 100 %
-90 %
-80 %
-70 %
-60 %
-50 %
-40 %
-30 %
-20 %
-10 %
0 %
-87.3 %
-84.13 %
-84.13 %
-84.31 %
-82.77 %
-89.74 %
-83.84 %
-80.35 %
-89 %
-84.13 %
-86.76 %
-81.08 %
-91.14 %
-90.58 %
-83.94 %
-84.71 %
-89.55 %
Подписи данных
млн.
%
Выручка
 ' are equal

29-01-2025T05:16:51 - [TEST_STEP][PASSED] - Script1686231490255.WriteToExcel(user, dashboardName, n, data, run, a1, a2, a3, a4, a5, a6, a7, a8, a9): null

29-01-2025T05:16:51 - [TEST_STEP][PASSED] - sheetName = "Sheet1": null

29-01-2025T05:16:51 - [TEST_STEP][PASSED] - workbook01 = getWorkbook(excelFilePath): null

29-01-2025T05:16:51 - [TEST_STEP][PASSED] - sheet01 = getExcelSheet(workbook01, sheetName): null

29-01-2025T05:16:51 - [TEST_STEP][PASSED] - setValueToCellByIndex(sheet01, n, 0, dashboardName): null

29-01-2025T05:16:51 - [TEST_STEP][PASSED] - setValueToCellByIndex(sheet01, n, 10, user): null

29-01-2025T05:16:51 - [TEST_STEP][PASSED] - setValueToCellByIndex(sheet01, n, 1, a1): null

29-01-2025T05:16:51 - [TEST_STEP][PASSED] - setValueToCellByIndex(sheet01, n, 2, a2): null

29-01-2025T05:16:51 - [TEST_STEP][PASSED] - setValueToCellByIndex(sheet01, n, 3, a3): null

29-01-2025T05:16:51 - [TEST_STEP][PASSED] - setValueToCellByIndex(sheet01, n, 4, a4): null

29-01-2025T05:16:51 - [TEST_STEP][PASSED] - setValueToCellByIndex(sheet01, n, 5, a5): null

29-01-2025T05:16:51 - [TEST_STEP][PASSED] - setValueToCellByIndex(sheet01, n, 6, a6): null

29-01-2025T05:16:51 - [TEST_STEP][PASSED] - setValueToCellByIndex(sheet01, n, 7, a7): null

29-01-2025T05:16:51 - [TEST_STEP][PASSED] - setValueToCellByIndex(sheet01, n, 8, a8): null

29-01-2025T05:16:51 - [TEST_STEP][PASSED] - setValueToCellByIndex(sheet01, n, 9, a9): null

29-01-2025T05:16:51 - [TEST_STEP][PASSED] - n = n + 1: null

29-01-2025T05:16:51 - [TEST_STEP][PASSED] - saveWorkbook(excelFilePath, workbook01): null

29-01-2025T05:16:51 - [TEST_STEP][PASSED] - if (run == 3): null

29-01-2025T05:16:51 - [TEST_STEP][PASSED] - closeBrowser(): null

29-01-2025T05:16:51 - [MESSAGE][PASSED] - Browser is closed

29-01-2025T05:16:51 - [TEST_STEP][PASSED] - ViruchkaVRublyah(user, dashboardName, n, data, run, a1, a2, a3, a4, a5, a6, a7, a8, a9, urlData): null

29-01-2025T05:16:51 - [TEST_STEP][PASSED] - n = data.getRowNumbers() + 1: null

29-01-2025T05:16:51 - [TEST_STEP][PASSED] - println(n): null

29-01-2025T05:16:51 - [TEST_STEP][PASSED] - dashboardName = "Вырука в рублях": null

29-01-2025T05:16:51 - [TEST_STEP][PASSED] - openBrowser(""): Browser is opened with url: ''

29-01-2025T05:16:51 - [MESSAGE][INFO] - Starting 'Chrome' driver

29-01-2025T05:16:51 - [MESSAGE][INFO] - Action delay is set to 0 milliseconds

29-01-2025T05:16:53 - [MESSAGE][PASSED] - Browser is opened with url: ''

29-01-2025T05:16:53 - [TEST_STEP][PASSED] - urlData = 2: null

29-01-2025T05:16:53 - [TEST_STEP][PASSED] - Script1686231490255.CheckPageDownload(urlData, run): null

29-01-2025T05:16:53 - [TEST_STEP][PASSED] - i = 1: null

29-01-2025T05:16:53 - [TEST_STEP][PASSED] - ii = 0: null

29-01-2025T05:16:53 - [TEST_STEP][PASSED] - urlText = <not implemented yet for class: org.codehaus.groovy.ast.expr.EmptyExpression>: null

29-01-2025T05:16:53 - [TEST_STEP][PASSED] - searchWord = <not implemented yet for class: org.codehaus.groovy.ast.expr.EmptyExpression>: null

29-01-2025T05:16:53 - [TEST_STEP][PASSED] - deleteAllCookies(): Delete all cookies successfully

29-01-2025T05:16:53 - [MESSAGE][PASSED] - Delete all cookies successfully

29-01-2025T05:16:53 - [TEST_STEP][PASSED] - refresh(): Refresh successfully

29-01-2025T05:16:53 - [MESSAGE][PASSED] - Refresh successfully

29-01-2025T05:16:53 - [TEST_STEP][PASSED] - delay(70): Delayed 70 second(s)

29-01-2025T05:18:03 - [MESSAGE][PASSED] - Delayed 70 second(s)

29-01-2025T05:18:03 - [TEST_STEP][PASSED] - navigateToUrl(findTestData("PlanFact").getValue(10, urlData)): Navigate to 'https://bi.rosseti.digital/viewer?dashboardGuid=2301950b23be4ed89c1df75f2020051e&sheetGuid=b723206f698544fb87299f3095c00435&fit=true' successfully

29-01-2025T05:18:06 - [MESSAGE][PASSED] - Navigate to 'https://bi.rosseti.digital/viewer?dashboardGuid=2301950b23be4ed89c1df75f2020051e&sheetGuid=b723206f698544fb87299f3095c00435&fit=true' successfully

29-01-2025T05:18:06 - [TEST_STEP][PASSED] - pageLoaded1 = verifyElementPresent(findTestObject("Страница авторизации/Text"), 30): Object 'Object Repository/Страница авторизации/Text' is present

29-01-2025T05:18:08 - [MESSAGE][PASSED] - Object 'Object Repository/Страница авторизации/Text' is present

29-01-2025T05:18:08 - [TEST_STEP][PASSED] - if (pageLoaded1 == false): null

29-01-2025T05:18:08 - [TEST_STEP][PASSED] - urlText = getText(findTestObject("Страница авторизации/Text")): Text of object 'Object Repository/Страница авторизации/Text' is: 'Вход'

29-01-2025T05:18:08 - [MESSAGE][PASSED] - Text of object 'Object Repository/Страница авторизации/Text' is: 'Вход'

29-01-2025T05:18:08 - [TEST_STEP][PASSED] - delay(70): Delayed 70 second(s)

29-01-2025T05:19:18 - [MESSAGE][PASSED] - Delayed 70 second(s)

29-01-2025T05:19:18 - [TEST_STEP][PASSED] - searchWord = "Вход": null

29-01-2025T05:19:18 - [TEST_STEP][PASSED] - if (urlText.contains(searchWord) == false): null

29-01-2025T05:19:18 - [TEST_STEP][PASSED] - setText(findTestObject("Страница авторизации/input__username"), findTestData("PlanFact").getValue(8, run)): Text 'Petrova-OV' is set on object 'Object Repository/Страница авторизации/input__username'

29-01-2025T05:19:19 - [MESSAGE][PASSED] - Text 'Petrova-OV' is set on object 'Object Repository/Страница авторизации/input__username'

29-01-2025T05:19:19 - [TEST_STEP][PASSED] - setText(findTestObject("Страница авторизации/input__password"), findTestData("PlanFact").getValue(9, run)): Text '4Ex@~R53r&3x&BVe7' is set on object 'Object Repository/Страница авторизации/input__password'

29-01-2025T05:19:19 - [MESSAGE][PASSED] - Text '4Ex@~R53r&3x&BVe7' is set on object 'Object Repository/Страница авторизации/input__password'

29-01-2025T05:19:19 - [TEST_STEP][PASSED] - click(findTestObject("Страница авторизации/button_")): Object: 'Object Repository/Страница авторизации/button_' is clicked on

29-01-2025T05:19:21 - [MESSAGE][PASSED] - Object: 'Object Repository/Страница авторизации/button_' is clicked on

29-01-2025T05:19:21 - [TEST_STEP][PASSED] - delay(70): Delayed 70 second(s)

29-01-2025T05:20:31 - [MESSAGE][PASSED] - Delayed 70 second(s)

29-01-2025T05:20:31 - [TEST_STEP][PASSED] - searchWord = "а": null

29-01-2025T05:20:31 - [TEST_STEP][PASSED] - pageLoaded2 = verifyElementPresent(findTestObject("Страница авторизации/Text"), 50): Object 'Object Repository/Страница авторизации/Text' is present

29-01-2025T05:20:31 - [MESSAGE][PASSED] - Object 'Object Repository/Страница авторизации/Text' is present

29-01-2025T05:20:31 - [TEST_STEP][PASSED] - if (pageLoaded2 == false): null

29-01-2025T05:20:31 - [TEST_STEP][PASSED] - urlText = getText(findTestObject("Страница авторизации/Text")): Text of object 'Object Repository/Страница авторизации/Text' is: 'Период
2024 год
Выручка
Все
Выполнение плановых показателей по ПАО Россети за 2024 год
План
Факт
Динамика
2024 год
0 млн.руб.
200 000 млн.руб.
400 000 млн.руб.
600 000 млн.руб.
800 000 млн.руб.
1 000 000 млн.руб.
1 200 000 млн.руб.
1 400 000 млн.руб.
1 600 000 млн.руб.
1 800 000 млн.руб.
1 449 221
1 456 358
↑
ДЗО 
ПАО Россети
Внутренний оборот - выручка за услуги по передаче электрической энергии, учтенная в выручке за электроэнергию для конечных потребителей, при выполнении ДЗО функций гарантирующего поставщика
Подписи данных
⬤Отклонение
АО «Тываэнерго»
АО «Чеченэнерго»
Россети Волга
Россети Кубань
Россети Ленэнерго (ГК)
Россети Московский регион
Россети Северный Кавказ (ГК)
Россети Северо-Запад
Россети Сибирь (ГК)
Россети Томск
Россети Тюмень
Россети Урал (ГК)
Россети ФСК ЕЭС
Россети Центр
Россети Центр и Приволжье (ГК)
Россети Юг (ГК)
Россети Янтарь
-25 000млн.руб.
-20 000млн.руб.
-15 000млн.руб.
-10 000млн.руб.
-5 000млн.руб.
0млн.руб.
5 000млн.руб.
10 000млн.руб.
15 …
433
145
175
5 315
5 768
8 943
951
696
2 625
198
-7 329
1 914
-23 145
3 692
5 160
1 206
390
млн.
%
Выручка
Отклонение выручки по ПАО Россети за 2024 год (факт/план, млн. руб)
ПАО Россети
7 136.5 млн.руб.
 '

29-01-2025T05:20:32 - [MESSAGE][PASSED] - Text of object 'Object Repository/Страница авторизации/Text' is: 'Период
2024 год
Выручка
Все
Выполнение плановых показателей по ПАО Россети за 2024 год
План
Факт
Динамика
2024 год
0 млн.руб.
200 000 млн.руб.
400 000 млн.руб.
600 000 млн.руб.
800 000 млн.руб.
1 000 000 млн.руб.
1 200 000 млн.руб.
1 400 000 млн.руб.
1 600 000 млн.руб.
1 800 000 млн.руб.
1 449 221
1 456 358
↑
ДЗО 
ПАО Россети
Внутренний оборот - выручка за услуги по передаче электрической энергии, учтенная в выручке за электроэнергию для конечных потребителей, при выполнении ДЗО функций гарантирующего поставщика
Подписи данных
⬤Отклонение
АО «Тываэнерго»
АО «Чеченэнерго»
Россети Волга
Россети Кубань
Россети Ленэнерго (ГК)
Россети Московский регион
Россети Северный Кавказ (ГК)
Россети Северо-Запад
Россети Сибирь (ГК)
Россети Томск
Россети Тюмень
Россети Урал (ГК)
Россети ФСК ЕЭС
Россети Центр
Россети Центр и Приволжье (ГК)
Россети Юг (ГК)
Россети Янтарь
-25 000млн.руб.
-20 000млн.руб.
-15 000млн.руб.
-10 000млн.руб.
-5 000млн.руб.
0млн.руб.
5 000млн.руб.
10 000млн.руб.
15 …
433
145
175
5 315
5 768
8 943
951
696
2 625
198
-7 329
1 914
-23 145
3 692
5 160
1 206
390
млн.
%
Выручка
Отклонение выручки по ПАО Россети за 2024 год (факт/план, млн. руб)
ПАО Россети
7 136.5 млн.руб.
 '

29-01-2025T05:20:32 - [TEST_STEP][PASSED] - if (urlText.contains("ошибка") || urlText.contains(searchWord) == false): null

29-01-2025T05:20:32 - [TEST_STEP][PASSED] - click(findTestObject("Выручка в рублях/Фильтр Период")): Object: 'Object Repository/Выручка в рублях/Фильтр Период' is clicked on

29-01-2025T05:20:32 - [MESSAGE][PASSED] - Object: 'Object Repository/Выручка в рублях/Фильтр Период' is clicked on

29-01-2025T05:20:32 - [TEST_STEP][PASSED] - click(findTestObject("Выручка в рублях/Снять выделение в фильтре Дата")): Object: 'Object Repository/Выручка в рублях/Снять выделение в фильтре Дата' is clicked on

29-01-2025T05:20:33 - [MESSAGE][PASSED] - Object: 'Object Repository/Выручка в рублях/Снять выделение в фильтре Дата' is clicked on

29-01-2025T05:20:33 - [TEST_STEP][PASSED] - click(findTestObject("Выручка в рублях/Применить в фильтре Дата")): Object: 'Object Repository/Выручка в рублях/Применить в фильтре Дата' is clicked on

29-01-2025T05:20:33 - [MESSAGE][PASSED] - Object: 'Object Repository/Выручка в рублях/Применить в фильтре Дата' is clicked on

29-01-2025T05:20:33 - [TEST_STEP][PASSED] - click(findTestObject("Выручка в рублях/Фильтр Период")): Object: 'Object Repository/Выручка в рублях/Фильтр Период' is clicked on

29-01-2025T05:20:35 - [MESSAGE][PASSED] - Object: 'Object Repository/Выручка в рублях/Фильтр Период' is clicked on

29-01-2025T05:20:35 - [TEST_STEP][PASSED] - click(findTestObject("Выручка в рублях/Снять выделение в фильтре Дата")): Object: 'Object Repository/Выручка в рублях/Снять выделение в фильтре Дата' is clicked on

29-01-2025T05:20:35 - [MESSAGE][PASSED] - Object: 'Object Repository/Выручка в рублях/Снять выделение в фильтре Дата' is clicked on

29-01-2025T05:20:35 - [TEST_STEP][PASSED] - scrollToElement(findTestObject("Выручка в рублях/2024 список"), 30): Scroll to object 'Object Repository/Выручка в рублях/2024 список' successfully

29-01-2025T05:20:35 - [MESSAGE][PASSED] - Scroll to object 'Object Repository/Выручка в рублях/2024 список' successfully

29-01-2025T05:20:35 - [TEST_STEP][PASSED] - click(findTestObject("Выручка в рублях/2024 год")): Object: 'Object Repository/Выручка в рублях/2024 год' is clicked on

29-01-2025T05:20:36 - [MESSAGE][PASSED] - Object: 'Object Repository/Выручка в рублях/2024 год' is clicked on

29-01-2025T05:20:36 - [TEST_STEP][PASSED] - click(findTestObject("Выручка в рублях/Применить в фильтре Дата")): Object: 'Object Repository/Выручка в рублях/Применить в фильтре Дата' is clicked on

29-01-2025T05:20:37 - [MESSAGE][PASSED] - Object: 'Object Repository/Выручка в рублях/Применить в фильтре Дата' is clicked on

29-01-2025T05:20:37 - [TEST_STEP][PASSED] - scrollToElement(findTestObject("Выручка в рублях/Заголовок дашборда"), 30): Scroll to object 'Object Repository/Выручка в рублях/Заголовок дашборда' successfully

29-01-2025T05:20:38 - [MESSAGE][PASSED] - Scroll to object 'Object Repository/Выручка в рублях/Заголовок дашборда' successfully

29-01-2025T05:20:38 - [TEST_STEP][PASSED] - delay(70): Delayed 70 second(s)

29-01-2025T05:21:48 - [MESSAGE][PASSED] - Delayed 70 second(s)

29-01-2025T05:21:48 - [TEST_STEP][PASSED] - a5 = "": null

29-01-2025T05:21:48 - [TEST_STEP][PASSED] - a6 = "": null

29-01-2025T05:21:48 - [TEST_STEP][PASSED] - a7 = "": null

29-01-2025T05:21:48 - [TEST_STEP][PASSED] - a8 = "": null

29-01-2025T05:21:48 - [TEST_STEP][PASSED] - a9 = "": null

29-01-2025T05:21:48 - [TEST_STEP][PASSED] - if (run == 1): null

29-01-2025T05:21:48 - [TEST_STEP][PASSED] - if (run == 2): null

29-01-2025T05:21:48 - [TEST_STEP][PASSED] - if (run == 3): null

29-01-2025T05:21:48 - [TEST_STEP][PASSED] - user = "Попова": null

29-01-2025T05:21:48 - [TEST_STEP][PASSED] - a1 = getText(findTestObject("Выручка в рублях/График План")): Text of object 'Object Repository/Выручка в рублях/График План' is: '1 449 221'

29-01-2025T05:21:48 - [MESSAGE][PASSED] - Text of object 'Object Repository/Выручка в рублях/График План' is: '1 449 221'

29-01-2025T05:21:48 - [TEST_STEP][PASSED] - a2 = getText(findTestObject("Выручка в рублях/График Факт")): Text of object 'Object Repository/Выручка в рублях/График Факт' is: '1 456 358'

29-01-2025T05:21:48 - [MESSAGE][PASSED] - Text of object 'Object Repository/Выручка в рублях/График Факт' is: '1 456 358'

29-01-2025T05:21:48 - [TEST_STEP][PASSED] - a3 = getText(findTestObject("Выручка в рублях/График Отклонение выручки")): Text of object 'Object Repository/Выручка в рублях/График Отклонение выручки' is: 'Период
2024 год
Выручка
Все
Выполнение плановых показателей по ПАО Россети за 2024 год
План
Факт
Динамика
2024 год
0 млн.руб.
200 000 млн.руб.
400 000 млн.руб.
600 000 млн.руб.
800 000 млн.руб.
1 000 000 млн.руб.
1 200 000 млн.руб.
1 400 000 млн.руб.
1 600 000 млн.руб.
1 800 000 млн.руб.
1 449 221
1 456 358
↑
ДЗО 
ПАО Россети
Внутренний оборот - выручка за услуги по передаче электрической энергии, учтенная в выручке за электроэнергию для конечных потребителей, при выполнении ДЗО функций гарантирующего поставщика
Подписи данных
⬤Отклонение
АО «Тываэнерго»
АО «Чеченэнерго»
Россети Волга
Россети Кубань
Россети Ленэнерго (ГК)
Россети Московский регион
Россети Северный Кавказ (ГК)
Россети Северо-Запад
Россети Сибирь (ГК)
Россети Томск
Россети Тюмень
Россети Урал (ГК)
Россети ФСК ЕЭС
Россети Центр
Россети Центр и Приволжье (ГК)
Россети Юг (ГК)
Россети Янтарь
-25 000млн.руб.
-20 000млн.руб.
-15 000млн.руб.
-10 000млн.руб.
-5 000млн.руб.
0млн.руб.
5 000млн.руб.
10 000млн.руб.
15 …
433
145
175
5 315
5 768
8 943
951
696
2 625
198
-7 329
1 914
-23 145
3 692
5 160
1 206
390
млн.
%
Выручка
Отклонение выручки по ПАО Россети за 2024 год (факт/план, млн. руб)
ПАО Россети
7 136.5 млн.руб.
 '

29-01-2025T05:21:49 - [MESSAGE][PASSED] - Text of object 'Object Repository/Выручка в рублях/График Отклонение выручки' is: 'Период
2024 год
Выручка
Все
Выполнение плановых показателей по ПАО Россети за 2024 год
План
Факт
Динамика
2024 год
0 млн.руб.
200 000 млн.руб.
400 000 млн.руб.
600 000 млн.руб.
800 000 млн.руб.
1 000 000 млн.руб.
1 200 000 млн.руб.
1 400 000 млн.руб.
1 600 000 млн.руб.
1 800 000 млн.руб.
1 449 221
1 456 358
↑
ДЗО 
ПАО Россети
Внутренний оборот - выручка за услуги по передаче электрической энергии, учтенная в выручке за электроэнергию для конечных потребителей, при выполнении ДЗО функций гарантирующего поставщика
Подписи данных
⬤Отклонение
АО «Тываэнерго»
АО «Чеченэнерго»
Россети Волга
Россети Кубань
Россети Ленэнерго (ГК)
Россети Московский регион
Россети Северный Кавказ (ГК)
Россети Северо-Запад
Россети Сибирь (ГК)
Россети Томск
Россети Тюмень
Россети Урал (ГК)
Россети ФСК ЕЭС
Россети Центр
Россети Центр и Приволжье (ГК)
Россети Юг (ГК)
Россети Янтарь
-25 000млн.руб.
-20 000млн.руб.
-15 000млн.руб.
-10 000млн.руб.
-5 000млн.руб.
0млн.руб.
5 000млн.руб.
10 000млн.руб.
15 …
433
145
175
5 315
5 768
8 943
951
696
2 625
198
-7 329
1 914
-23 145
3 692
5 160
1 206
390
млн.
%
Выручка
Отклонение выручки по ПАО Россети за 2024 год (факт/план, млн. руб)
ПАО Россети
7 136.5 млн.руб.
 '

29-01-2025T05:21:49 - [TEST_STEP][PASSED] - a3 = a3.substring(a3.lastIndexOf("Отклонение")): null

29-01-2025T05:21:49 - [TEST_STEP][PASSED] - click(findTestObject("Выручка в рублях/Переключить отображение с млн на проценты Выручка в рублях")): Object: 'Object Repository/Выручка в рублях/Переключить отображение с млн на проценты Выручка в рублях' is clicked on

29-01-2025T05:21:49 - [MESSAGE][PASSED] - Object: 'Object Repository/Выручка в рублях/Переключить отображение с млн на проценты Выручка в рублях' is clicked on

29-01-2025T05:21:49 - [TEST_STEP][PASSED] - a4 = getText(findTestObject("Выручка в рублях/График Отклонение выручки")): Text of object 'Object Repository/Выручка в рублях/График Отклонение выручки' is: 'Период
2024 год
Выручка
Все
Выполнение плановых показателей по ПАО Россети за 2024 год
План
Факт
Динамика
2024 год
0 млн.руб.
200 000 млн.руб.
400 000 млн.руб.
600 000 млн.руб.
800 000 млн.руб.
1 000 000 млн.руб.
1 200 000 млн.руб.
1 400 000 млн.руб.
1 600 000 млн.руб.
1 800 000 млн.руб.
1 449 221
1 456 358
↑
ДЗО 
ПАО Россети
Отклонение выручки по ПАО Россети за 2024 год (факт/план, %)
ПАО Россети
-86.83 %
Внутренний оборот - выручка за услуги по передаче электрической энергии, учтенная в выручке за электроэнергию для конечных потребителей, при выполнении ДЗО функций гарантирующего поставщика
⬤Отклонение
АО «Тываэнерго»
АО «Чеченэнерго»
Россети Волга
Россети Кубань
Россети Ленэнерго (ГК)
Россети Московский регион
Россети Северный Кавказ (ГК)
Россети Северо-Запад
Россети Сибирь (ГК)
Россети Томск
Россети Тюмень
Россети Урал (ГК)
Россети ФСК ЕЭС
Россети Центр
Россети Центр и Приволжье (ГК)
Россети Юг (ГК)
Россети Янтарь
- 100 %
-90 %
-80 %
-70 %
-60 %
-50 %
-40 %
-30 %
-20 %
-10 %
0 %
-87.3 %
-84.13 %
-84.13 %
-84.31 %
-82.77 %
-89.74 %
-83.84 %
-80.35 %
-89 %
-84.13 %
-86.76 %
-81.08 %
-91.14 %
-90.58 %
-83.94 %
-84.71 %
-89.55 %
Подписи данных
млн.
%
Выручка
 '

29-01-2025T05:21:50 - [MESSAGE][PASSED] - Text of object 'Object Repository/Выручка в рублях/График Отклонение выручки' is: 'Период
2024 год
Выручка
Все
Выполнение плановых показателей по ПАО Россети за 2024 год
План
Факт
Динамика
2024 год
0 млн.руб.
200 000 млн.руб.
400 000 млн.руб.
600 000 млн.руб.
800 000 млн.руб.
1 000 000 млн.руб.
1 200 000 млн.руб.
1 400 000 млн.руб.
1 600 000 млн.руб.
1 800 000 млн.руб.
1 449 221
1 456 358
↑
ДЗО 
ПАО Россети
Отклонение выручки по ПАО Россети за 2024 год (факт/план, %)
ПАО Россети
-86.83 %
Внутренний оборот - выручка за услуги по передаче электрической энергии, учтенная в выручке за электроэнергию для конечных потребителей, при выполнении ДЗО функций гарантирующего поставщика
⬤Отклонение
АО «Тываэнерго»
АО «Чеченэнерго»
Россети Волга
Россети Кубань
Россети Ленэнерго (ГК)
Россети Московский регион
Россети Северный Кавказ (ГК)
Россети Северо-Запад
Россети Сибирь (ГК)
Россети Томск
Россети Тюмень
Россети Урал (ГК)
Россети ФСК ЕЭС
Россети Центр
Россети Центр и Приволжье (ГК)
Россети Юг (ГК)
Россети Янтарь
- 100 %
-90 %
-80 %
-70 %
-60 %
-50 %
-40 %
-30 %
-20 %
-10 %
0 %
-87.3 %
-84.13 %
-84.13 %
-84.31 %
-82.77 %
-89.74 %
-83.84 %
-80.35 %
-89 %
-84.13 %
-86.76 %
-81.08 %
-91.14 %
-90.58 %
-83.94 %
-84.71 %
-89.55 %
Подписи данных
млн.
%
Выручка
 '

29-01-2025T05:21:50 - [TEST_STEP][PASSED] - a4 = a4.substring(a4.lastIndexOf("Отклонение")): null

29-01-2025T05:21:50 - [TEST_STEP][PASSED] - click(findTestObject("Выручка в рублях/Переключить отображение с процентов на млн Выручка в рублях")): Object: 'Object Repository/Выручка в рублях/Переключить отображение с процентов на млн Выручка в рублях' is clicked on

29-01-2025T05:21:50 - [MESSAGE][PASSED] - Object: 'Object Repository/Выручка в рублях/Переключить отображение с процентов на млн Выручка в рублях' is clicked on

29-01-2025T05:21:50 - [TEST_STEP][PASSED] - n = n + 5: null

29-01-2025T05:21:50 - [TEST_STEP][PASSED] - b = n - run + 1: null

29-01-2025T05:21:50 - [TEST_STEP][PASSED] - verifyEqual(findTestData("PlanFact").getValue(2, b), a1): Actual object '1 449 221' and expected object '1 449 221' are equal

29-01-2025T05:21:50 - [MESSAGE][PASSED] - Actual object '1 449 221' and expected object '1 449 221' are equal

29-01-2025T05:21:50 - [TEST_STEP][PASSED] - verifyEqual(findTestData("PlanFact").getValue(3, b), a2): Actual object '1 456 358' and expected object '1 456 358' are equal

29-01-2025T05:21:50 - [MESSAGE][PASSED] - Actual object '1 456 358' and expected object '1 456 358' are equal

29-01-2025T05:21:50 - [TEST_STEP][PASSED] - verifyEqual(findTestData("PlanFact").getValue(4, b), a3): Actual object 'Отклонение выручки по ПАО Россети за 2024 год (факт/план, млн. руб)
ПАО Россети
7 136.5 млн.руб.
 ' and expected object 'Отклонение выручки по ПАО Россети за 2024 год (факт/план, млн. руб)
ПАО Россети
7 136.5 млн.руб.
 ' are equal

29-01-2025T05:21:50 - [MESSAGE][PASSED] - Actual object 'Отклонение выручки по ПАО Россети за 2024 год (факт/план, млн. руб)
ПАО Россети
7 136.5 млн.руб.
 ' and expected object 'Отклонение выручки по ПАО Россети за 2024 год (факт/план, млн. руб)
ПАО Россети
7 136.5 млн.руб.
 ' are equal

29-01-2025T05:21:50 - [TEST_STEP][PASSED] - verifyEqual(findTestData("PlanFact").getValue(5, b), a4): Actual object 'Отклонение
АО «Тываэнерго»
АО «Чеченэнерго»
Россети Волга
Россети Кубань
Россети Ленэнерго (ГК)
Россети Московский регион
Россети Северный Кавказ (ГК)
Россети Северо-Запад
Россети Сибирь (ГК)
Россети Томск
Россети Тюмень
Россети Урал (ГК)
Россети ФСК ЕЭС
Россети Центр
Россети Центр и Приволжье (ГК)
Россети Юг (ГК)
Россети Янтарь
- 100 %
-90 %
-80 %
-70 %
-60 %
-50 %
-40 %
-30 %
-20 %
-10 %
0 %
-87.3 %
-84.13 %
-84.13 %
-84.31 %
-82.77 %
-89.74 %
-83.84 %
-80.35 %
-89 %
-84.13 %
-86.76 %
-81.08 %
-91.14 %
-90.58 %
-83.94 %
-84.71 %
-89.55 %
Подписи данных
млн.
%
Выручка
 ' and expected object 'Отклонение
АО «Тываэнерго»
АО «Чеченэнерго»
Россети Волга
Россети Кубань
Россети Ленэнерго (ГК)
Россети Московский регион
Россети Северный Кавказ (ГК)
Россети Северо-Запад
Россети Сибирь (ГК)
Россети Томск
Россети Тюмень
Россети Урал (ГК)
Россети ФСК ЕЭС
Россети Центр
Россети Центр и Приволжье (ГК)
Россети Юг (ГК)
Россети Янтарь
- 100 %
-90 %
-80 %
-70 %
-60 %
-50 %
-40 %
-30 %
-20 %
-10 %
0 %
-87.3 %
-84.13 %
-84.13 %
-84.31 %
-82.77 %
-89.74 %
-83.84 %
-80.35 %
-89 %
-84.13 %
-86.76 %
-81.08 %
-91.14 %
-90.58 %
-83.94 %
-84.71 %
-89.55 %
Подписи данных
млн.
%
Выручка
 ' are equal

29-01-2025T05:21:50 - [MESSAGE][PASSED] - Actual object 'Отклонение
АО «Тываэнерго»
АО «Чеченэнерго»
Россети Волга
Россети Кубань
Россети Ленэнерго (ГК)
Россети Московский регион
Россети Северный Кавказ (ГК)
Россети Северо-Запад
Россети Сибирь (ГК)
Россети Томск
Россети Тюмень
Россети Урал (ГК)
Россети ФСК ЕЭС
Россети Центр
Россети Центр и Приволжье (ГК)
Россети Юг (ГК)
Россети Янтарь
- 100 %
-90 %
-80 %
-70 %
-60 %
-50 %
-40 %
-30 %
-20 %
-10 %
0 %
-87.3 %
-84.13 %
-84.13 %
-84.31 %
-82.77 %
-89.74 %
-83.84 %
-80.35 %
-89 %
-84.13 %
-86.76 %
-81.08 %
-91.14 %
-90.58 %
-83.94 %
-84.71 %
-89.55 %
Подписи данных
млн.
%
Выручка
 ' and expected object 'Отклонение
АО «Тываэнерго»
АО «Чеченэнерго»
Россети Волга
Россети Кубань
Россети Ленэнерго (ГК)
Россети Московский регион
Россети Северный Кавказ (ГК)
Россети Северо-Запад
Россети Сибирь (ГК)
Россети Томск
Россети Тюмень
Россети Урал (ГК)
Россети ФСК ЕЭС
Россети Центр
Россети Центр и Приволжье (ГК)
Россети Юг (ГК)
Россети Янтарь
- 100 %
-90 %
-80 %
-70 %
-60 %
-50 %
-40 %
-30 %
-20 %
-10 %
0 %
-87.3 %
-84.13 %
-84.13 %
-84.31 %
-82.77 %
-89.74 %
-83.84 %
-80.35 %
-89 %
-84.13 %
-86.76 %
-81.08 %
-91.14 %
-90.58 %
-83.94 %
-84.71 %
-89.55 %
Подписи данных
млн.
%
Выручка
 ' are equal

29-01-2025T05:21:50 - [TEST_STEP][PASSED] - Script1686231490255.WriteToExcel(user, dashboardName, n, data, run, a1, a2, a3, a4, a5, a6, a7, a8, a9): null

29-01-2025T05:21:50 - [TEST_STEP][PASSED] - sheetName = "Sheet1": null

29-01-2025T05:21:50 - [TEST_STEP][PASSED] - workbook01 = getWorkbook(excelFilePath): null

29-01-2025T05:21:50 - [TEST_STEP][PASSED] - sheet01 = getExcelSheet(workbook01, sheetName): null

29-01-2025T05:21:50 - [TEST_STEP][PASSED] - setValueToCellByIndex(sheet01, n, 0, dashboardName): null

29-01-2025T05:21:50 - [TEST_STEP][PASSED] - setValueToCellByIndex(sheet01, n, 10, user): null

29-01-2025T05:21:50 - [TEST_STEP][PASSED] - setValueToCellByIndex(sheet01, n, 1, a1): null

29-01-2025T05:21:50 - [TEST_STEP][PASSED] - setValueToCellByIndex(sheet01, n, 2, a2): null

29-01-2025T05:21:50 - [TEST_STEP][PASSED] - setValueToCellByIndex(sheet01, n, 3, a3): null

29-01-2025T05:21:50 - [TEST_STEP][PASSED] - setValueToCellByIndex(sheet01, n, 4, a4): null

29-01-2025T05:21:50 - [TEST_STEP][PASSED] - setValueToCellByIndex(sheet01, n, 5, a5): null

29-01-2025T05:21:50 - [TEST_STEP][PASSED] - setValueToCellByIndex(sheet01, n, 6, a6): null

29-01-2025T05:21:50 - [TEST_STEP][PASSED] - setValueToCellByIndex(sheet01, n, 7, a7): null

29-01-2025T05:21:50 - [TEST_STEP][PASSED] - setValueToCellByIndex(sheet01, n, 8, a8): null

29-01-2025T05:21:50 - [TEST_STEP][PASSED] - setValueToCellByIndex(sheet01, n, 9, a9): null

29-01-2025T05:21:50 - [TEST_STEP][PASSED] - n = n + 1: null

29-01-2025T05:21:50 - [TEST_STEP][PASSED] - saveWorkbook(excelFilePath, workbook01): null

29-01-2025T05:21:51 - [TEST_STEP][PASSED] - closeBrowser(): Browser is closed

29-01-2025T05:21:51 - [MESSAGE][PASSED] - Browser is closed

29-01-2025T05:21:51 - [TEST_STEP][PASSED] - delay(70): Delayed 70 second(s)

29-01-2025T05:23:01 - [MESSAGE][PASSED] - Delayed 70 second(s)

29-01-2025T05:23:01 - [TEST_STEP][PASSED] - for ([run = 1, run < 4, (run++)]): null

29-01-2025T05:23:01 - [TEST_STEP][PASSED] - ObyemPoter(user, dashboardName, n, data, run, a1, a2, a3, a4, a5, a6, a7, a8, a9, urlData): null

29-01-2025T05:23:01 - [TEST_STEP][PASSED] - n = data.getRowNumbers() + 1: null

29-01-2025T05:23:01 - [TEST_STEP][PASSED] - println(n): null

29-01-2025T05:23:01 - [TEST_STEP][PASSED] - dashboardName = "Объём потерь": null

29-01-2025T05:23:01 - [TEST_STEP][PASSED] - openBrowser(""): Browser is opened with url: ''

29-01-2025T05:23:01 - [MESSAGE][INFO] - Starting 'Chrome' driver

29-01-2025T05:23:01 - [MESSAGE][INFO] - Action delay is set to 0 milliseconds

29-01-2025T05:23:02 - [MESSAGE][PASSED] - Browser is opened with url: ''

29-01-2025T05:23:02 - [TEST_STEP][PASSED] - urlData = 14: null

29-01-2025T05:23:02 - [TEST_STEP][PASSED] - Script1686231490255.CheckPageDownload(urlData, run): null

29-01-2025T05:23:02 - [TEST_STEP][PASSED] - i = 1: null

29-01-2025T05:23:02 - [TEST_STEP][PASSED] - ii = 0: null

29-01-2025T05:23:02 - [TEST_STEP][PASSED] - urlText = <not implemented yet for class: org.codehaus.groovy.ast.expr.EmptyExpression>: null

29-01-2025T05:23:02 - [TEST_STEP][PASSED] - searchWord = <not implemented yet for class: org.codehaus.groovy.ast.expr.EmptyExpression>: null

29-01-2025T05:23:02 - [TEST_STEP][PASSED] - deleteAllCookies(): Delete all cookies successfully

29-01-2025T05:23:02 - [MESSAGE][PASSED] - Delete all cookies successfully

29-01-2025T05:23:02 - [TEST_STEP][PASSED] - refresh(): Refresh successfully

29-01-2025T05:23:02 - [MESSAGE][PASSED] - Refresh successfully

29-01-2025T05:23:02 - [TEST_STEP][PASSED] - delay(70): Delayed 70 second(s)

29-01-2025T05:24:12 - [MESSAGE][PASSED] - Delayed 70 second(s)

29-01-2025T05:24:12 - [TEST_STEP][PASSED] - navigateToUrl(findTestData("PlanFact").getValue(10, urlData)): Navigate to 'https://bi.rosseti.digital/viewer?dashboardGuid=d154a8eaf6824e2b9de1bb04dd061c18&sheetGuid=aa9766f159804cfeb6006ba98edf3a23&fit=true' successfully

29-01-2025T05:24:20 - [MESSAGE][PASSED] - Navigate to 'https://bi.rosseti.digital/viewer?dashboardGuid=d154a8eaf6824e2b9de1bb04dd061c18&sheetGuid=aa9766f159804cfeb6006ba98edf3a23&fit=true' successfully

29-01-2025T05:24:20 - [TEST_STEP][PASSED] - pageLoaded1 = verifyElementPresent(findTestObject("Страница авторизации/Text"), 30): Object 'Object Repository/Страница авторизации/Text' is present

29-01-2025T05:24:22 - [MESSAGE][PASSED] - Object 'Object Repository/Страница авторизации/Text' is present

29-01-2025T05:24:22 - [TEST_STEP][PASSED] - if (pageLoaded1 == false): null

29-01-2025T05:24:22 - [TEST_STEP][PASSED] - urlText = getText(findTestObject("Страница авторизации/Text")): Text of object 'Object Repository/Страница авторизации/Text' is: 'Вход'

29-01-2025T05:24:22 - [MESSAGE][PASSED] - Text of object 'Object Repository/Страница авторизации/Text' is: 'Вход'

29-01-2025T05:24:22 - [TEST_STEP][PASSED] - delay(70): Delayed 70 second(s)

29-01-2025T05:25:32 - [MESSAGE][PASSED] - Delayed 70 second(s)

29-01-2025T05:25:32 - [TEST_STEP][PASSED] - searchWord = "Вход": null

29-01-2025T05:25:32 - [TEST_STEP][PASSED] - if (urlText.contains(searchWord) == false): null

29-01-2025T05:25:32 - [TEST_STEP][PASSED] - setText(findTestObject("Страница авторизации/input__username"), findTestData("PlanFact").getValue(8, run)): Text 'liazgina-di' is set on object 'Object Repository/Страница авторизации/input__username'

29-01-2025T05:25:33 - [MESSAGE][PASSED] - Text 'liazgina-di' is set on object 'Object Repository/Страница авторизации/input__username'

29-01-2025T05:25:33 - [TEST_STEP][PASSED] - setText(findTestObject("Страница авторизации/input__password"), findTestData("PlanFact").getValue(9, run)): Text ')$%5srZ8o688Dm#q' is set on object 'Object Repository/Страница авторизации/input__password'

29-01-2025T05:25:33 - [MESSAGE][PASSED] - Text ')$%5srZ8o688Dm#q' is set on object 'Object Repository/Страница авторизации/input__password'

29-01-2025T05:25:33 - [TEST_STEP][PASSED] - click(findTestObject("Страница авторизации/button_")): Object: 'Object Repository/Страница авторизации/button_' is clicked on

29-01-2025T05:25:35 - [MESSAGE][PASSED] - Object: 'Object Repository/Страница авторизации/button_' is clicked on

29-01-2025T05:25:35 - [TEST_STEP][PASSED] - delay(70): Delayed 70 second(s)

29-01-2025T05:26:45 - [MESSAGE][PASSED] - Delayed 70 second(s)

29-01-2025T05:26:45 - [TEST_STEP][PASSED] - searchWord = "а": null

29-01-2025T05:26:45 - [TEST_STEP][PASSED] - pageLoaded2 = verifyElementPresent(findTestObject("Страница авторизации/Text"), 50): Object 'Object Repository/Страница авторизации/Text' is present

29-01-2025T05:27:03 - [MESSAGE][PASSED] - Object 'Object Repository/Страница авторизации/Text' is present

29-01-2025T05:27:03 - [TEST_STEP][PASSED] - if (pageLoaded2 == false): null

29-01-2025T05:27:03 - [TEST_STEP][PASSED] - urlText = getText(findTestObject("Страница авторизации/Text")): Text of object 'Object Repository/Страница авторизации/Text' is: 'ДЗО 
Все
Период
Выбрано: 12
тыс. кВт⋅ч
п.п.
Объем потерь
74 403 46374 403 463
75 688 63875 688 638
73 353 54373 353 543
2022 год
2023 год
2024 год
0
20 000
40 000
60 000
80 000
Уровень потерь
8.668.66
8.658.65
8.188.18
Факт
2022 год
2023 год
2024 год
0
2
4
6
8
10
●● Отклонения, тыс. кВт⋅ч
тыс. кВт⋅ч
Отклонения объема потерь
1 285 1751 285 175
-2 335 095-2 335 095
2022/2023
2023/2024
-3 000 000
-2 000 000
-1 000 000
0
1 000 000
2 000 000
●● Отклонения, п.п.
п.п.
Отклонения уровня потерь
-0.01-0.01
-0.48-0.48
2022/2023
2023/2024
-0.5
-0.4
-0.3
-0.2
-0.1
0
Фактические данные по объему и уровню потерь электроэнергии'

29-01-2025T05:27:04 - [MESSAGE][PASSED] - Text of object 'Object Repository/Страница авторизации/Text' is: 'ДЗО 
Все
Период
Выбрано: 12
тыс. кВт⋅ч
п.п.
Объем потерь
74 403 46374 403 463
75 688 63875 688 638
73 353 54373 353 543
2022 год
2023 год
2024 год
0
20 000
40 000
60 000
80 000
Уровень потерь
8.668.66
8.658.65
8.188.18
Факт
2022 год
2023 год
2024 год
0
2
4
6
8
10
●● Отклонения, тыс. кВт⋅ч
тыс. кВт⋅ч
Отклонения объема потерь
1 285 1751 285 175
-2 335 095-2 335 095
2022/2023
2023/2024
-3 000 000
-2 000 000
-1 000 000
0
1 000 000
2 000 000
●● Отклонения, п.п.
п.п.
Отклонения уровня потерь
-0.01-0.01
-0.48-0.48
2022/2023
2023/2024
-0.5
-0.4
-0.3
-0.2
-0.1
0
Фактические данные по объему и уровню потерь электроэнергии'

29-01-2025T05:27:04 - [TEST_STEP][PASSED] - if (urlText.contains("ошибка") || urlText.contains(searchWord) == false): null

29-01-2025T05:27:04 - [TEST_STEP][PASSED] - a9 = "": null

29-01-2025T05:27:04 - [TEST_STEP][PASSED] - a3 = "": null

29-01-2025T05:27:04 - [TEST_STEP][PASSED] - a6 = "": null

29-01-2025T05:27:04 - [TEST_STEP][PASSED] - if (run == 1): null

29-01-2025T05:27:04 - [TEST_STEP][PASSED] - user = "админ": null

29-01-2025T05:27:04 - [TEST_STEP][PASSED] - a1 = getText(findTestObject("Объем потерь/divObemPoter")): Text of object 'Object Repository/Объем потерь/divObemPoter' is: 'Объем потерь
74 403 46374 403 463
75 688 63875 688 638
73 353 54373 353 543
2022 год
2023 год
2024 год
0
20 000
40 000
60 000
80 000'

29-01-2025T05:27:04 - [MESSAGE][PASSED] - Text of object 'Object Repository/Объем потерь/divObemPoter' is: 'Объем потерь
74 403 46374 403 463
75 688 63875 688 638
73 353 54373 353 543
2022 год
2023 год
2024 год
0
20 000
40 000
60 000
80 000'

29-01-2025T05:27:04 - [TEST_STEP][PASSED] - a2 = getText(findTestObject("Объем потерь/divUrovenPoter")): Text of object 'Object Repository/Объем потерь/divUrovenPoter' is: 'Уровень потерь
8.668.66
8.658.65
8.188.18
Факт
2022 год
2023 год
2024 год
0
2
4
6
8
10'

29-01-2025T05:27:05 - [MESSAGE][PASSED] - Text of object 'Object Repository/Объем потерь/divUrovenPoter' is: 'Уровень потерь
8.668.66
8.658.65
8.188.18
Факт
2022 год
2023 год
2024 год
0
2
4
6
8
10'

29-01-2025T05:27:05 - [TEST_STEP][PASSED] - a3 = getText(findTestObject("Объем потерь/divOtkloneniyaObemaPoter")): Text of object 'Object Repository/Объем потерь/divOtkloneniyaObemaPoter' is: '●● Отклонения, тыс. кВт⋅ч
тыс. кВт⋅ч
Отклонения объема потерь
1 285 1751 285 175
-2 335 095-2 335 095
2022/2023
2023/2024
-3 000 000
-2 000 000
-1 000 000
0
1 000 000
2 000 000'

29-01-2025T05:27:05 - [MESSAGE][PASSED] - Text of object 'Object Repository/Объем потерь/divOtkloneniyaObemaPoter' is: '●● Отклонения, тыс. кВт⋅ч
тыс. кВт⋅ч
Отклонения объема потерь
1 285 1751 285 175
-2 335 095-2 335 095
2022/2023
2023/2024
-3 000 000
-2 000 000
-1 000 000
0
1 000 000
2 000 000'

29-01-2025T05:27:05 - [TEST_STEP][PASSED] - a4 = getText(findTestObject("Объем потерь/divOtkloneniyaUrovnyaPoter")): Text of object 'Object Repository/Объем потерь/divOtkloneniyaUrovnyaPoter' is: '●● Отклонения, п.п.
п.п.
Отклонения уровня потерь
-0.01-0.01
-0.48-0.48
2022/2023
2023/2024
-0.5
-0.4
-0.3
-0.2
-0.1
0'

29-01-2025T05:27:05 - [MESSAGE][PASSED] - Text of object 'Object Repository/Объем потерь/divOtkloneniyaUrovnyaPoter' is: '●● Отклонения, п.п.
п.п.
Отклонения уровня потерь
-0.01-0.01
-0.48-0.48
2022/2023
2023/2024
-0.5
-0.4
-0.3
-0.2
-0.1
0'

29-01-2025T05:27:05 - [TEST_STEP][PASSED] - n = n + 6: null

29-01-2025T05:27:05 - [TEST_STEP][PASSED] - Script1686231490255.WriteToExcel(user, dashboardName, n, data, run, a1, a2, a3, a4, a5, a6, a7, a8, a9): null

29-01-2025T05:27:05 - [TEST_STEP][PASSED] - sheetName = "Sheet1": null

29-01-2025T05:27:05 - [TEST_STEP][PASSED] - workbook01 = getWorkbook(excelFilePath): null

29-01-2025T05:27:05 - [TEST_STEP][PASSED] - sheet01 = getExcelSheet(workbook01, sheetName): null

29-01-2025T05:27:05 - [TEST_STEP][PASSED] - setValueToCellByIndex(sheet01, n, 0, dashboardName): null

29-01-2025T05:27:05 - [TEST_STEP][PASSED] - setValueToCellByIndex(sheet01, n, 10, user): null

29-01-2025T05:27:05 - [TEST_STEP][PASSED] - setValueToCellByIndex(sheet01, n, 1, a1): null

29-01-2025T05:27:05 - [TEST_STEP][PASSED] - setValueToCellByIndex(sheet01, n, 2, a2): null

29-01-2025T05:27:05 - [TEST_STEP][PASSED] - setValueToCellByIndex(sheet01, n, 3, a3): null

29-01-2025T05:27:05 - [TEST_STEP][PASSED] - setValueToCellByIndex(sheet01, n, 4, a4): null

29-01-2025T05:27:05 - [TEST_STEP][PASSED] - setValueToCellByIndex(sheet01, n, 5, a5): null

29-01-2025T05:27:05 - [TEST_STEP][PASSED] - setValueToCellByIndex(sheet01, n, 6, a6): null

29-01-2025T05:27:05 - [TEST_STEP][PASSED] - setValueToCellByIndex(sheet01, n, 7, a7): null

29-01-2025T05:27:05 - [TEST_STEP][PASSED] - setValueToCellByIndex(sheet01, n, 8, a8): null

29-01-2025T05:27:05 - [TEST_STEP][PASSED] - setValueToCellByIndex(sheet01, n, 9, a9): null

29-01-2025T05:27:05 - [TEST_STEP][PASSED] - n = n + 1: null

29-01-2025T05:27:05 - [TEST_STEP][PASSED] - saveWorkbook(excelFilePath, workbook01): null

29-01-2025T05:27:06 - [TEST_STEP][PASSED] - if (run == 2): null

29-01-2025T05:27:06 - [TEST_STEP][PASSED] - if (run == 3): null

29-01-2025T05:27:06 - [TEST_STEP][PASSED] - closeBrowser(): null

29-01-2025T05:27:06 - [MESSAGE][PASSED] - Browser is closed

29-01-2025T05:27:06 - [TEST_STEP][PASSED] - ObyemPoter(user, dashboardName, n, data, run, a1, a2, a3, a4, a5, a6, a7, a8, a9, urlData): null

29-01-2025T05:27:06 - [TEST_STEP][PASSED] - n = data.getRowNumbers() + 1: null

29-01-2025T05:27:06 - [TEST_STEP][PASSED] - println(n): null

29-01-2025T05:27:06 - [TEST_STEP][PASSED] - dashboardName = "Объём потерь": null

29-01-2025T05:27:06 - [TEST_STEP][PASSED] - openBrowser(""): Browser is opened with url: ''

29-01-2025T05:27:06 - [MESSAGE][INFO] - Starting 'Chrome' driver

29-01-2025T05:27:06 - [MESSAGE][INFO] - Action delay is set to 0 milliseconds

29-01-2025T05:27:07 - [MESSAGE][PASSED] - Browser is opened with url: ''

29-01-2025T05:27:07 - [TEST_STEP][PASSED] - urlData = 14: null

29-01-2025T05:27:07 - [TEST_STEP][PASSED] - Script1686231490255.CheckPageDownload(urlData, run): null

29-01-2025T05:27:07 - [TEST_STEP][PASSED] - i = 1: null

29-01-2025T05:27:07 - [TEST_STEP][PASSED] - ii = 0: null

29-01-2025T05:27:07 - [TEST_STEP][PASSED] - urlText = <not implemented yet for class: org.codehaus.groovy.ast.expr.EmptyExpression>: null

29-01-2025T05:27:07 - [TEST_STEP][PASSED] - searchWord = <not implemented yet for class: org.codehaus.groovy.ast.expr.EmptyExpression>: null

29-01-2025T05:27:07 - [TEST_STEP][PASSED] - deleteAllCookies(): Delete all cookies successfully

29-01-2025T05:27:07 - [MESSAGE][PASSED] - Delete all cookies successfully

29-01-2025T05:27:07 - [TEST_STEP][PASSED] - refresh(): Refresh successfully

29-01-2025T05:27:07 - [MESSAGE][PASSED] - Refresh successfully

29-01-2025T05:27:07 - [TEST_STEP][PASSED] - delay(70): Delayed 70 second(s)

29-01-2025T05:28:17 - [MESSAGE][PASSED] - Delayed 70 second(s)

29-01-2025T05:28:17 - [TEST_STEP][PASSED] - navigateToUrl(findTestData("PlanFact").getValue(10, urlData)): Navigate to 'https://bi.rosseti.digital/viewer?dashboardGuid=d154a8eaf6824e2b9de1bb04dd061c18&sheetGuid=aa9766f159804cfeb6006ba98edf3a23&fit=true' successfully

29-01-2025T05:28:25 - [MESSAGE][PASSED] - Navigate to 'https://bi.rosseti.digital/viewer?dashboardGuid=d154a8eaf6824e2b9de1bb04dd061c18&sheetGuid=aa9766f159804cfeb6006ba98edf3a23&fit=true' successfully

29-01-2025T05:28:25 - [TEST_STEP][PASSED] - pageLoaded1 = verifyElementPresent(findTestObject("Страница авторизации/Text"), 30): Object 'Object Repository/Страница авторизации/Text' is present

29-01-2025T05:28:26 - [MESSAGE][PASSED] - Object 'Object Repository/Страница авторизации/Text' is present

29-01-2025T05:28:26 - [TEST_STEP][PASSED] - if (pageLoaded1 == false): null

29-01-2025T05:28:26 - [TEST_STEP][PASSED] - urlText = getText(findTestObject("Страница авторизации/Text")): Text of object 'Object Repository/Страница авторизации/Text' is: 'Вход'

29-01-2025T05:28:26 - [MESSAGE][PASSED] - Text of object 'Object Repository/Страница авторизации/Text' is: 'Вход'

29-01-2025T05:28:26 - [TEST_STEP][PASSED] - delay(70): Delayed 70 second(s)

29-01-2025T05:29:36 - [MESSAGE][PASSED] - Delayed 70 second(s)

29-01-2025T05:29:36 - [TEST_STEP][PASSED] - searchWord = "Вход": null

29-01-2025T05:29:36 - [TEST_STEP][PASSED] - if (urlText.contains(searchWord) == false): null

29-01-2025T05:29:36 - [TEST_STEP][PASSED] - setText(findTestObject("Страница авторизации/input__username"), findTestData("PlanFact").getValue(8, run)): Text 'Andreeva-EV' is set on object 'Object Repository/Страница авторизации/input__username'

29-01-2025T05:29:37 - [MESSAGE][PASSED] - Text 'Andreeva-EV' is set on object 'Object Repository/Страница авторизации/input__username'

29-01-2025T05:29:37 - [TEST_STEP][PASSED] - setText(findTestObject("Страница авторизации/input__password"), findTestData("PlanFact").getValue(9, run)): Text '2nPePKDwCPH3ul7xMZ' is set on object 'Object Repository/Страница авторизации/input__password'

29-01-2025T05:29:38 - [MESSAGE][PASSED] - Text '2nPePKDwCPH3ul7xMZ' is set on object 'Object Repository/Страница авторизации/input__password'

29-01-2025T05:29:38 - [TEST_STEP][PASSED] - click(findTestObject("Страница авторизации/button_")): Object: 'Object Repository/Страница авторизации/button_' is clicked on

29-01-2025T05:29:39 - [MESSAGE][PASSED] - Object: 'Object Repository/Страница авторизации/button_' is clicked on

29-01-2025T05:29:39 - [TEST_STEP][PASSED] - delay(70): Delayed 70 second(s)

29-01-2025T05:30:49 - [MESSAGE][PASSED] - Delayed 70 second(s)

29-01-2025T05:30:49 - [TEST_STEP][PASSED] - searchWord = "а": null

29-01-2025T05:30:49 - [TEST_STEP][PASSED] - pageLoaded2 = verifyElementPresent(findTestObject("Страница авторизации/Text"), 50): Object 'Object Repository/Страница авторизации/Text' is present

29-01-2025T05:31:07 - [MESSAGE][PASSED] - Object 'Object Repository/Страница авторизации/Text' is present

29-01-2025T05:31:07 - [TEST_STEP][PASSED] - if (pageLoaded2 == false): null

29-01-2025T05:31:07 - [TEST_STEP][PASSED] - urlText = getText(findTestObject("Страница авторизации/Text")): Text of object 'Object Repository/Страница авторизации/Text' is: 'ДЗО 
Все
Период
Выбрано: 12
тыс. кВт⋅ч
п.п.
Объем потерь
74 403 46374 403 463
75 688 63875 688 638
73 353 54373 353 543
2022 год
2023 год
2024 год
0
20 000
40 000
60 000
80 000
Уровень потерь
8.668.66
8.658.65
8.188.18
Факт
2022 год
2023 год
2024 год
0
2
4
6
8
10
●● Отклонения, тыс. кВт⋅ч
тыс. кВт⋅ч
Отклонения объема потерь
1 285 1751 285 175
-2 335 095-2 335 095
2022/2023
2023/2024
-3 000 000
-2 000 000
-1 000 000
0
1 000 000
2 000 000
●● Отклонения, п.п.
п.п.
Отклонения уровня потерь
-0.01-0.01
-0.48-0.48
2022/2023
2023/2024
-0.5
-0.4
-0.3
-0.2
-0.1
0
Фактические данные по объему и уровню потерь электроэнергии'

29-01-2025T05:31:07 - [MESSAGE][PASSED] - Text of object 'Object Repository/Страница авторизации/Text' is: 'ДЗО 
Все
Период
Выбрано: 12
тыс. кВт⋅ч
п.п.
Объем потерь
74 403 46374 403 463
75 688 63875 688 638
73 353 54373 353 543
2022 год
2023 год
2024 год
0
20 000
40 000
60 000
80 000
Уровень потерь
8.668.66
8.658.65
8.188.18
Факт
2022 год
2023 год
2024 год
0
2
4
6
8
10
●● Отклонения, тыс. кВт⋅ч
тыс. кВт⋅ч
Отклонения объема потерь
1 285 1751 285 175
-2 335 095-2 335 095
2022/2023
2023/2024
-3 000 000
-2 000 000
-1 000 000
0
1 000 000
2 000 000
●● Отклонения, п.п.
п.п.
Отклонения уровня потерь
-0.01-0.01
-0.48-0.48
2022/2023
2023/2024
-0.5
-0.4
-0.3
-0.2
-0.1
0
Фактические данные по объему и уровню потерь электроэнергии'

29-01-2025T05:31:07 - [TEST_STEP][PASSED] - if (urlText.contains("ошибка") || urlText.contains(searchWord) == false): null

29-01-2025T05:31:07 - [TEST_STEP][PASSED] - a9 = "": null

29-01-2025T05:31:07 - [TEST_STEP][PASSED] - a3 = "": null

29-01-2025T05:31:07 - [TEST_STEP][PASSED] - a6 = "": null

29-01-2025T05:31:07 - [TEST_STEP][PASSED] - if (run == 1): null

29-01-2025T05:31:07 - [TEST_STEP][PASSED] - if (run == 2): null

29-01-2025T05:31:07 - [TEST_STEP][PASSED] - user = "Андреева": null

29-01-2025T05:31:07 - [TEST_STEP][PASSED] - a1 = getText(findTestObject("Объем потерь/divObemPoter")): Text of object 'Object Repository/Объем потерь/divObemPoter' is: 'Объем потерь
74 403 46374 403 463
75 688 63875 688 638
73 353 54373 353 543
2022 год
2023 год
2024 год
0
20 000
40 000
60 000
80 000'

29-01-2025T05:31:08 - [MESSAGE][PASSED] - Text of object 'Object Repository/Объем потерь/divObemPoter' is: 'Объем потерь
74 403 46374 403 463
75 688 63875 688 638
73 353 54373 353 543
2022 год
2023 год
2024 год
0
20 000
40 000
60 000
80 000'

29-01-2025T05:31:08 - [TEST_STEP][PASSED] - a2 = getText(findTestObject("Объем потерь/divUrovenPoter")): Text of object 'Object Repository/Объем потерь/divUrovenPoter' is: 'Уровень потерь
8.668.66
8.658.65
8.188.18
Факт
2022 год
2023 год
2024 год
0
2
4
6
8
10'

29-01-2025T05:31:08 - [MESSAGE][PASSED] - Text of object 'Object Repository/Объем потерь/divUrovenPoter' is: 'Уровень потерь
8.668.66
8.658.65
8.188.18
Факт
2022 год
2023 год
2024 год
0
2
4
6
8
10'

29-01-2025T05:31:08 - [TEST_STEP][PASSED] - a3 = getText(findTestObject("Объем потерь/divOtkloneniyaObemaPoter")): Text of object 'Object Repository/Объем потерь/divOtkloneniyaObemaPoter' is: '●● Отклонения, тыс. кВт⋅ч
тыс. кВт⋅ч
Отклонения объема потерь
1 285 1751 285 175
-2 335 095-2 335 095
2022/2023
2023/2024
-3 000 000
-2 000 000
-1 000 000
0
1 000 000
2 000 000'

29-01-2025T05:31:08 - [MESSAGE][PASSED] - Text of object 'Object Repository/Объем потерь/divOtkloneniyaObemaPoter' is: '●● Отклонения, тыс. кВт⋅ч
тыс. кВт⋅ч
Отклонения объема потерь
1 285 1751 285 175
-2 335 095-2 335 095
2022/2023
2023/2024
-3 000 000
-2 000 000
-1 000 000
0
1 000 000
2 000 000'

29-01-2025T05:31:08 - [TEST_STEP][PASSED] - a4 = getText(findTestObject("Объем потерь/divOtkloneniyaUrovnyaPoter")): Text of object 'Object Repository/Объем потерь/divOtkloneniyaUrovnyaPoter' is: '●● Отклонения, п.п.
п.п.
Отклонения уровня потерь
-0.01-0.01
-0.48-0.48
2022/2023
2023/2024
-0.5
-0.4
-0.3
-0.2
-0.1
0'

29-01-2025T05:31:09 - [MESSAGE][PASSED] - Text of object 'Object Repository/Объем потерь/divOtkloneniyaUrovnyaPoter' is: '●● Отклонения, п.п.
п.п.
Отклонения уровня потерь
-0.01-0.01
-0.48-0.48
2022/2023
2023/2024
-0.5
-0.4
-0.3
-0.2
-0.1
0'

29-01-2025T05:31:09 - [TEST_STEP][PASSED] - n = n + 7: null

29-01-2025T05:31:09 - [TEST_STEP][PASSED] - b = n - run + 1: null

29-01-2025T05:31:09 - [TEST_STEP][PASSED] - verifyEqual(findTestData("PlanFact").getValue(2, b), a1): Actual object 'Объем потерь
74 403 46374 403 463
75 688 63875 688 638
73 353 54373 353 543
2022 год
2023 год
2024 год
0
20 000
40 000
60 000
80 000' and expected object 'Объем потерь
74 403 46374 403 463
75 688 63875 688 638
73 353 54373 353 543
2022 год
2023 год
2024 год
0
20 000
40 000
60 000
80 000' are equal

29-01-2025T05:31:09 - [MESSAGE][PASSED] - Actual object 'Объем потерь
74 403 46374 403 463
75 688 63875 688 638
73 353 54373 353 543
2022 год
2023 год
2024 год
0
20 000
40 000
60 000
80 000' and expected object 'Объем потерь
74 403 46374 403 463
75 688 63875 688 638
73 353 54373 353 543
2022 год
2023 год
2024 год
0
20 000
40 000
60 000
80 000' are equal

29-01-2025T05:31:09 - [TEST_STEP][PASSED] - verifyEqual(findTestData("PlanFact").getValue(3, b), a2): Actual object 'Уровень потерь
8.668.66
8.658.65
8.188.18
Факт
2022 год
2023 год
2024 год
0
2
4
6
8
10' and expected object 'Уровень потерь
8.668.66
8.658.65
8.188.18
Факт
2022 год
2023 год
2024 год
0
2
4
6
8
10' are equal

29-01-2025T05:31:09 - [MESSAGE][PASSED] - Actual object 'Уровень потерь
8.668.66
8.658.65
8.188.18
Факт
2022 год
2023 год
2024 год
0
2
4
6
8
10' and expected object 'Уровень потерь
8.668.66
8.658.65
8.188.18
Факт
2022 год
2023 год
2024 год
0
2
4
6
8
10' are equal

29-01-2025T05:31:09 - [TEST_STEP][PASSED] - verifyEqual(findTestData("PlanFact").getValue(4, b), a3): Actual object '●● Отклонения, тыс. кВт⋅ч
тыс. кВт⋅ч
Отклонения объема потерь
1 285 1751 285 175
-2 335 095-2 335 095
2022/2023
2023/2024
-3 000 000
-2 000 000
-1 000 000
0
1 000 000
2 000 000' and expected object '●● Отклонения, тыс. кВт⋅ч
тыс. кВт⋅ч
Отклонения объема потерь
1 285 1751 285 175
-2 335 095-2 335 095
2022/2023
2023/2024
-3 000 000
-2 000 000
-1 000 000
0
1 000 000
2 000 000' are equal

29-01-2025T05:31:09 - [MESSAGE][PASSED] - Actual object '●● Отклонения, тыс. кВт⋅ч
тыс. кВт⋅ч
Отклонения объема потерь
1 285 1751 285 175
-2 335 095-2 335 095
2022/2023
2023/2024
-3 000 000
-2 000 000
-1 000 000
0
1 000 000
2 000 000' and expected object '●● Отклонения, тыс. кВт⋅ч
тыс. кВт⋅ч
Отклонения объема потерь
1 285 1751 285 175
-2 335 095-2 335 095
2022/2023
2023/2024
-3 000 000
-2 000 000
-1 000 000
0
1 000 000
2 000 000' are equal

29-01-2025T05:31:09 - [TEST_STEP][PASSED] - verifyEqual(findTestData("PlanFact").getValue(5, b), a4): Actual object '●● Отклонения, п.п.
п.п.
Отклонения уровня потерь
-0.01-0.01
-0.48-0.48
2022/2023
2023/2024
-0.5
-0.4
-0.3
-0.2
-0.1
0' and expected object '●● Отклонения, п.п.
п.п.
Отклонения уровня потерь
-0.01-0.01
-0.48-0.48
2022/2023
2023/2024
-0.5
-0.4
-0.3
-0.2
-0.1
0' are equal

29-01-2025T05:31:09 - [MESSAGE][PASSED] - Actual object '●● Отклонения, п.п.
п.п.
Отклонения уровня потерь
-0.01-0.01
-0.48-0.48
2022/2023
2023/2024
-0.5
-0.4
-0.3
-0.2
-0.1
0' and expected object '●● Отклонения, п.п.
п.п.
Отклонения уровня потерь
-0.01-0.01
-0.48-0.48
2022/2023
2023/2024
-0.5
-0.4
-0.3
-0.2
-0.1
0' are equal

29-01-2025T05:31:09 - [TEST_STEP][PASSED] - Script1686231490255.WriteToExcel(user, dashboardName, n, data, run, a1, a2, a3, a4, a5, a6, a7, a8, a9): null

29-01-2025T05:31:09 - [TEST_STEP][PASSED] - sheetName = "Sheet1": null

29-01-2025T05:31:09 - [TEST_STEP][PASSED] - workbook01 = getWorkbook(excelFilePath): null

29-01-2025T05:31:09 - [TEST_STEP][PASSED] - sheet01 = getExcelSheet(workbook01, sheetName): null

29-01-2025T05:31:09 - [TEST_STEP][PASSED] - setValueToCellByIndex(sheet01, n, 0, dashboardName): null

29-01-2025T05:31:09 - [TEST_STEP][PASSED] - setValueToCellByIndex(sheet01, n, 10, user): null

29-01-2025T05:31:09 - [TEST_STEP][PASSED] - setValueToCellByIndex(sheet01, n, 1, a1): null

29-01-2025T05:31:09 - [TEST_STEP][PASSED] - setValueToCellByIndex(sheet01, n, 2, a2): null

29-01-2025T05:31:09 - [TEST_STEP][PASSED] - setValueToCellByIndex(sheet01, n, 3, a3): null

29-01-2025T05:31:09 - [TEST_STEP][PASSED] - setValueToCellByIndex(sheet01, n, 4, a4): null

29-01-2025T05:31:09 - [TEST_STEP][PASSED] - setValueToCellByIndex(sheet01, n, 5, a5): null

29-01-2025T05:31:09 - [TEST_STEP][PASSED] - setValueToCellByIndex(sheet01, n, 6, a6): null

29-01-2025T05:31:09 - [TEST_STEP][PASSED] - setValueToCellByIndex(sheet01, n, 7, a7): null

29-01-2025T05:31:09 - [TEST_STEP][PASSED] - setValueToCellByIndex(sheet01, n, 8, a8): null

29-01-2025T05:31:09 - [TEST_STEP][PASSED] - setValueToCellByIndex(sheet01, n, 9, a9): null

29-01-2025T05:31:09 - [TEST_STEP][PASSED] - n = n + 1: null

29-01-2025T05:31:09 - [TEST_STEP][PASSED] - saveWorkbook(excelFilePath, workbook01): null

29-01-2025T05:31:09 - [TEST_STEP][PASSED] - if (run == 3): null

29-01-2025T05:31:09 - [TEST_STEP][PASSED] - closeBrowser(): null

29-01-2025T05:31:09 - [MESSAGE][PASSED] - Browser is closed

29-01-2025T05:31:09 - [TEST_STEP][PASSED] - ObyemPoter(user, dashboardName, n, data, run, a1, a2, a3, a4, a5, a6, a7, a8, a9, urlData): null

29-01-2025T05:31:09 - [TEST_STEP][PASSED] - n = data.getRowNumbers() + 1: null

29-01-2025T05:31:09 - [TEST_STEP][PASSED] - println(n): null

29-01-2025T05:31:09 - [TEST_STEP][PASSED] - dashboardName = "Объём потерь": null

29-01-2025T05:31:09 - [TEST_STEP][PASSED] - openBrowser(""): Browser is opened with url: ''

29-01-2025T05:31:09 - [MESSAGE][INFO] - Starting 'Chrome' driver

29-01-2025T05:31:09 - [MESSAGE][INFO] - Action delay is set to 0 milliseconds

29-01-2025T05:31:10 - [MESSAGE][PASSED] - Browser is opened with url: ''

29-01-2025T05:31:10 - [TEST_STEP][PASSED] - urlData = 14: null

29-01-2025T05:31:10 - [TEST_STEP][PASSED] - Script1686231490255.CheckPageDownload(urlData, run): null

29-01-2025T05:31:10 - [TEST_STEP][PASSED] - i = 1: null

29-01-2025T05:31:10 - [TEST_STEP][PASSED] - ii = 0: null

29-01-2025T05:31:10 - [TEST_STEP][PASSED] - urlText = <not implemented yet for class: org.codehaus.groovy.ast.expr.EmptyExpression>: null

29-01-2025T05:31:10 - [TEST_STEP][PASSED] - searchWord = <not implemented yet for class: org.codehaus.groovy.ast.expr.EmptyExpression>: null

29-01-2025T05:31:10 - [TEST_STEP][PASSED] - deleteAllCookies(): Delete all cookies successfully

29-01-2025T05:31:10 - [MESSAGE][PASSED] - Delete all cookies successfully

29-01-2025T05:31:10 - [TEST_STEP][PASSED] - refresh(): Refresh successfully

29-01-2025T05:31:10 - [MESSAGE][PASSED] - Refresh successfully

29-01-2025T05:31:10 - [TEST_STEP][PASSED] - delay(70): Delayed 70 second(s)

29-01-2025T05:32:20 - [MESSAGE][PASSED] - Delayed 70 second(s)

29-01-2025T05:32:20 - [TEST_STEP][PASSED] - navigateToUrl(findTestData("PlanFact").getValue(10, urlData)): Navigate to 'https://bi.rosseti.digital/viewer?dashboardGuid=d154a8eaf6824e2b9de1bb04dd061c18&sheetGuid=aa9766f159804cfeb6006ba98edf3a23&fit=true' successfully

29-01-2025T05:32:24 - [MESSAGE][PASSED] - Navigate to 'https://bi.rosseti.digital/viewer?dashboardGuid=d154a8eaf6824e2b9de1bb04dd061c18&sheetGuid=aa9766f159804cfeb6006ba98edf3a23&fit=true' successfully

29-01-2025T05:32:24 - [TEST_STEP][PASSED] - pageLoaded1 = verifyElementPresent(findTestObject("Страница авторизации/Text"), 30): Object 'Object Repository/Страница авторизации/Text' is present

29-01-2025T05:32:26 - [MESSAGE][PASSED] - Object 'Object Repository/Страница авторизации/Text' is present

29-01-2025T05:32:26 - [TEST_STEP][PASSED] - if (pageLoaded1 == false): null

29-01-2025T05:32:26 - [TEST_STEP][PASSED] - urlText = getText(findTestObject("Страница авторизации/Text")): Text of object 'Object Repository/Страница авторизации/Text' is: 'Вход'

29-01-2025T05:32:26 - [MESSAGE][PASSED] - Text of object 'Object Repository/Страница авторизации/Text' is: 'Вход'

29-01-2025T05:32:26 - [TEST_STEP][PASSED] - delay(70): Delayed 70 second(s)

29-01-2025T05:33:36 - [MESSAGE][PASSED] - Delayed 70 second(s)

29-01-2025T05:33:36 - [TEST_STEP][PASSED] - searchWord = "Вход": null

29-01-2025T05:33:36 - [TEST_STEP][PASSED] - if (urlText.contains(searchWord) == false): null

29-01-2025T05:33:36 - [TEST_STEP][PASSED] - setText(findTestObject("Страница авторизации/input__username"), findTestData("PlanFact").getValue(8, run)): Text 'Petrova-OV' is set on object 'Object Repository/Страница авторизации/input__username'

29-01-2025T05:33:37 - [MESSAGE][PASSED] - Text 'Petrova-OV' is set on object 'Object Repository/Страница авторизации/input__username'

29-01-2025T05:33:37 - [TEST_STEP][PASSED] - setText(findTestObject("Страница авторизации/input__password"), findTestData("PlanFact").getValue(9, run)): Text '4Ex@~R53r&3x&BVe7' is set on object 'Object Repository/Страница авторизации/input__password'

29-01-2025T05:33:37 - [MESSAGE][PASSED] - Text '4Ex@~R53r&3x&BVe7' is set on object 'Object Repository/Страница авторизации/input__password'

29-01-2025T05:33:37 - [TEST_STEP][PASSED] - click(findTestObject("Страница авторизации/button_")): Object: 'Object Repository/Страница авторизации/button_' is clicked on

29-01-2025T05:33:38 - [MESSAGE][PASSED] - Object: 'Object Repository/Страница авторизации/button_' is clicked on

29-01-2025T05:33:38 - [TEST_STEP][PASSED] - delay(70): Delayed 70 second(s)

29-01-2025T05:34:48 - [MESSAGE][PASSED] - Delayed 70 second(s)

29-01-2025T05:34:48 - [TEST_STEP][PASSED] - searchWord = "а": null

29-01-2025T05:34:48 - [TEST_STEP][PASSED] - pageLoaded2 = verifyElementPresent(findTestObject("Страница авторизации/Text"), 50): Object 'Object Repository/Страница авторизации/Text' is present

29-01-2025T05:35:11 - [MESSAGE][PASSED] - Object 'Object Repository/Страница авторизации/Text' is present

29-01-2025T05:35:11 - [TEST_STEP][PASSED] - if (pageLoaded2 == false): null

29-01-2025T05:35:11 - [TEST_STEP][PASSED] - urlText = getText(findTestObject("Страница авторизации/Text")): Text of object 'Object Repository/Страница авторизации/Text' is: 'ДЗО 
Все
Период
Выбрано: 12
тыс. кВт⋅ч
п.п.
Объем потерь
74 403 46374 403 463
75 688 63875 688 638
73 353 54373 353 543
2022 год
2023 год
2024 год
0
20 000
40 000
60 000
80 000
Уровень потерь
8.668.66
8.658.65
8.188.18
Факт
2022 год
2023 год
2024 год
0
2
4
6
8
10
●● Отклонения, тыс. кВт⋅ч
тыс. кВт⋅ч
Отклонения объема потерь
1 285 1751 285 175
-2 335 095-2 335 095
2022/2023
2023/2024
-3 000 000
-2 000 000
-1 000 000
0
1 000 000
2 000 000
●● Отклонения, п.п.
п.п.
Отклонения уровня потерь
-0.01-0.01
-0.48-0.48
2022/2023
2023/2024
-0.5
-0.4
-0.3
-0.2
-0.1
0
Фактические данные по объему и уровню потерь электроэнергии'

29-01-2025T05:35:12 - [MESSAGE][PASSED] - Text of object 'Object Repository/Страница авторизации/Text' is: 'ДЗО 
Все
Период
Выбрано: 12
тыс. кВт⋅ч
п.п.
Объем потерь
74 403 46374 403 463
75 688 63875 688 638
73 353 54373 353 543
2022 год
2023 год
2024 год
0
20 000
40 000
60 000
80 000
Уровень потерь
8.668.66
8.658.65
8.188.18
Факт
2022 год
2023 год
2024 год
0
2
4
6
8
10
●● Отклонения, тыс. кВт⋅ч
тыс. кВт⋅ч
Отклонения объема потерь
1 285 1751 285 175
-2 335 095-2 335 095
2022/2023
2023/2024
-3 000 000
-2 000 000
-1 000 000
0
1 000 000
2 000 000
●● Отклонения, п.п.
п.п.
Отклонения уровня потерь
-0.01-0.01
-0.48-0.48
2022/2023
2023/2024
-0.5
-0.4
-0.3
-0.2
-0.1
0
Фактические данные по объему и уровню потерь электроэнергии'

29-01-2025T05:35:12 - [TEST_STEP][PASSED] - if (urlText.contains("ошибка") || urlText.contains(searchWord) == false): null

29-01-2025T05:35:12 - [TEST_STEP][PASSED] - a9 = "": null

29-01-2025T05:35:12 - [TEST_STEP][PASSED] - a3 = "": null

29-01-2025T05:35:12 - [TEST_STEP][PASSED] - a6 = "": null

29-01-2025T05:35:12 - [TEST_STEP][PASSED] - if (run == 1): null

29-01-2025T05:35:12 - [TEST_STEP][PASSED] - if (run == 2): null

29-01-2025T05:35:12 - [TEST_STEP][PASSED] - if (run == 3): null

29-01-2025T05:35:12 - [TEST_STEP][PASSED] - user = "Попова": null

29-01-2025T05:35:12 - [TEST_STEP][PASSED] - a1 = getText(findTestObject("Объем потерь/divObemPoter")): Text of object 'Object Repository/Объем потерь/divObemPoter' is: 'Объем потерь
74 403 46374 403 463
75 688 63875 688 638
73 353 54373 353 543
2022 год
2023 год
2024 год
0
20 000
40 000
60 000
80 000'

29-01-2025T05:35:12 - [MESSAGE][PASSED] - Text of object 'Object Repository/Объем потерь/divObemPoter' is: 'Объем потерь
74 403 46374 403 463
75 688 63875 688 638
73 353 54373 353 543
2022 год
2023 год
2024 год
0
20 000
40 000
60 000
80 000'

29-01-2025T05:35:12 - [TEST_STEP][PASSED] - a2 = getText(findTestObject("Объем потерь/divUrovenPoter")): Text of object 'Object Repository/Объем потерь/divUrovenPoter' is: 'Уровень потерь
8.668.66
8.658.65
8.188.18
Факт
2022 год
2023 год
2024 год
0
2
4
6
8
10'

29-01-2025T05:35:12 - [MESSAGE][PASSED] - Text of object 'Object Repository/Объем потерь/divUrovenPoter' is: 'Уровень потерь
8.668.66
8.658.65
8.188.18
Факт
2022 год
2023 год
2024 год
0
2
4
6
8
10'

29-01-2025T05:35:12 - [TEST_STEP][PASSED] - a3 = getText(findTestObject("Объем потерь/divOtkloneniyaObemaPoter")): Text of object 'Object Repository/Объем потерь/divOtkloneniyaObemaPoter' is: '●● Отклонения, тыс. кВт⋅ч
тыс. кВт⋅ч
Отклонения объема потерь
1 285 1751 285 175
-2 335 095-2 335 095
2022/2023
2023/2024
-3 000 000
-2 000 000
-1 000 000
0
1 000 000
2 000 000'

29-01-2025T05:35:13 - [MESSAGE][PASSED] - Text of object 'Object Repository/Объем потерь/divOtkloneniyaObemaPoter' is: '●● Отклонения, тыс. кВт⋅ч
тыс. кВт⋅ч
Отклонения объема потерь
1 285 1751 285 175
-2 335 095-2 335 095
2022/2023
2023/2024
-3 000 000
-2 000 000
-1 000 000
0
1 000 000
2 000 000'

29-01-2025T05:35:13 - [TEST_STEP][PASSED] - a4 = getText(findTestObject("Объем потерь/divOtkloneniyaUrovnyaPoter")): Text of object 'Object Repository/Объем потерь/divOtkloneniyaUrovnyaPoter' is: '●● Отклонения, п.п.
п.п.
Отклонения уровня потерь
-0.01-0.01
-0.48-0.48
2022/2023
2023/2024
-0.5
-0.4
-0.3
-0.2
-0.1
0'

29-01-2025T05:35:13 - [MESSAGE][PASSED] - Text of object 'Object Repository/Объем потерь/divOtkloneniyaUrovnyaPoter' is: '●● Отклонения, п.п.
п.п.
Отклонения уровня потерь
-0.01-0.01
-0.48-0.48
2022/2023
2023/2024
-0.5
-0.4
-0.3
-0.2
-0.1
0'

29-01-2025T05:35:13 - [TEST_STEP][PASSED] - n = n + 8: null

29-01-2025T05:35:13 - [TEST_STEP][PASSED] - b = n - run + 1: null

29-01-2025T05:35:13 - [TEST_STEP][PASSED] - verifyEqual(findTestData("PlanFact").getValue(2, b), a1): Actual object 'Объем потерь
74 403 46374 403 463
75 688 63875 688 638
73 353 54373 353 543
2022 год
2023 год
2024 год
0
20 000
40 000
60 000
80 000' and expected object 'Объем потерь
74 403 46374 403 463
75 688 63875 688 638
73 353 54373 353 543
2022 год
2023 год
2024 год
0
20 000
40 000
60 000
80 000' are equal

29-01-2025T05:35:13 - [MESSAGE][PASSED] - Actual object 'Объем потерь
74 403 46374 403 463
75 688 63875 688 638
73 353 54373 353 543
2022 год
2023 год
2024 год
0
20 000
40 000
60 000
80 000' and expected object 'Объем потерь
74 403 46374 403 463
75 688 63875 688 638
73 353 54373 353 543
2022 год
2023 год
2024 год
0
20 000
40 000
60 000
80 000' are equal

29-01-2025T05:35:13 - [TEST_STEP][PASSED] - verifyEqual(findTestData("PlanFact").getValue(3, b), a2): Actual object 'Уровень потерь
8.668.66
8.658.65
8.188.18
Факт
2022 год
2023 год
2024 год
0
2
4
6
8
10' and expected object 'Уровень потерь
8.668.66
8.658.65
8.188.18
Факт
2022 год
2023 год
2024 год
0
2
4
6
8
10' are equal

29-01-2025T05:35:13 - [MESSAGE][PASSED] - Actual object 'Уровень потерь
8.668.66
8.658.65
8.188.18
Факт
2022 год
2023 год
2024 год
0
2
4
6
8
10' and expected object 'Уровень потерь
8.668.66
8.658.65
8.188.18
Факт
2022 год
2023 год
2024 год
0
2
4
6
8
10' are equal

29-01-2025T05:35:13 - [TEST_STEP][PASSED] - verifyEqual(findTestData("PlanFact").getValue(4, b), a3): Actual object '●● Отклонения, тыс. кВт⋅ч
тыс. кВт⋅ч
Отклонения объема потерь
1 285 1751 285 175
-2 335 095-2 335 095
2022/2023
2023/2024
-3 000 000
-2 000 000
-1 000 000
0
1 000 000
2 000 000' and expected object '●● Отклонения, тыс. кВт⋅ч
тыс. кВт⋅ч
Отклонения объема потерь
1 285 1751 285 175
-2 335 095-2 335 095
2022/2023
2023/2024
-3 000 000
-2 000 000
-1 000 000
0
1 000 000
2 000 000' are equal

29-01-2025T05:35:13 - [MESSAGE][PASSED] - Actual object '●● Отклонения, тыс. кВт⋅ч
тыс. кВт⋅ч
Отклонения объема потерь
1 285 1751 285 175
-2 335 095-2 335 095
2022/2023
2023/2024
-3 000 000
-2 000 000
-1 000 000
0
1 000 000
2 000 000' and expected object '●● Отклонения, тыс. кВт⋅ч
тыс. кВт⋅ч
Отклонения объема потерь
1 285 1751 285 175
-2 335 095-2 335 095
2022/2023
2023/2024
-3 000 000
-2 000 000
-1 000 000
0
1 000 000
2 000 000' are equal

29-01-2025T05:35:13 - [TEST_STEP][PASSED] - verifyEqual(findTestData("PlanFact").getValue(5, b), a4): Actual object '●● Отклонения, п.п.
п.п.
Отклонения уровня потерь
-0.01-0.01
-0.48-0.48
2022/2023
2023/2024
-0.5
-0.4
-0.3
-0.2
-0.1
0' and expected object '●● Отклонения, п.п.
п.п.
Отклонения уровня потерь
-0.01-0.01
-0.48-0.48
2022/2023
2023/2024
-0.5
-0.4
-0.3
-0.2
-0.1
0' are equal

29-01-2025T05:35:13 - [MESSAGE][PASSED] - Actual object '●● Отклонения, п.п.
п.п.
Отклонения уровня потерь
-0.01-0.01
-0.48-0.48
2022/2023
2023/2024
-0.5
-0.4
-0.3
-0.2
-0.1
0' and expected object '●● Отклонения, п.п.
п.п.
Отклонения уровня потерь
-0.01-0.01
-0.48-0.48
2022/2023
2023/2024
-0.5
-0.4
-0.3
-0.2
-0.1
0' are equal

29-01-2025T05:35:13 - [TEST_STEP][PASSED] - Script1686231490255.WriteToExcel(user, dashboardName, n, data, run, a1, a2, a3, a4, a5, a6, a7, a8, a9): null

29-01-2025T05:35:13 - [TEST_STEP][PASSED] - sheetName = "Sheet1": null

29-01-2025T05:35:13 - [TEST_STEP][PASSED] - workbook01 = getWorkbook(excelFilePath): null

29-01-2025T05:35:13 - [TEST_STEP][PASSED] - sheet01 = getExcelSheet(workbook01, sheetName): null

29-01-2025T05:35:13 - [TEST_STEP][PASSED] - setValueToCellByIndex(sheet01, n, 0, dashboardName): null

29-01-2025T05:35:13 - [TEST_STEP][PASSED] - setValueToCellByIndex(sheet01, n, 10, user): null

29-01-2025T05:35:13 - [TEST_STEP][PASSED] - setValueToCellByIndex(sheet01, n, 1, a1): null

29-01-2025T05:35:13 - [TEST_STEP][PASSED] - setValueToCellByIndex(sheet01, n, 2, a2): null

29-01-2025T05:35:13 - [TEST_STEP][PASSED] - setValueToCellByIndex(sheet01, n, 3, a3): null

29-01-2025T05:35:13 - [TEST_STEP][PASSED] - setValueToCellByIndex(sheet01, n, 4, a4): null

29-01-2025T05:35:13 - [TEST_STEP][PASSED] - setValueToCellByIndex(sheet01, n, 5, a5): null

29-01-2025T05:35:13 - [TEST_STEP][PASSED] - setValueToCellByIndex(sheet01, n, 6, a6): null

29-01-2025T05:35:13 - [TEST_STEP][PASSED] - setValueToCellByIndex(sheet01, n, 7, a7): null

29-01-2025T05:35:13 - [TEST_STEP][PASSED] - setValueToCellByIndex(sheet01, n, 8, a8): null

29-01-2025T05:35:13 - [TEST_STEP][PASSED] - setValueToCellByIndex(sheet01, n, 9, a9): null

29-01-2025T05:35:13 - [TEST_STEP][PASSED] - n = n + 1: null

29-01-2025T05:35:13 - [TEST_STEP][PASSED] - saveWorkbook(excelFilePath, workbook01): null

29-01-2025T05:35:14 - [TEST_STEP][PASSED] - closeBrowser(): Browser is closed

29-01-2025T05:35:14 - [MESSAGE][PASSED] - Browser is closed

29-01-2025T05:35:14 - [TEST_STEP][PASSED] - delay(70): Delayed 70 second(s)

29-01-2025T05:36:24 - [MESSAGE][PASSED] - Delayed 70 second(s)

29-01-2025T05:36:24 - [TEST_STEP][PASSED] - for ([run = 1, run < 4, (run++)]): null

29-01-2025T05:36:24 - [TEST_STEP][PASSED] - OtpuskIzSeti(user, dashboardName, n, data, run, a1, a2, a3, a4, a5, a6, a7, a8, a9, urlData): null

29-01-2025T05:36:24 - [TEST_STEP][PASSED] - n = data.getRowNumbers() + 1: null

29-01-2025T05:36:24 - [TEST_STEP][PASSED] - println(n): null

29-01-2025T05:36:24 - [TEST_STEP][PASSED] - dashboardName = "Отпуск из сети": null

29-01-2025T05:36:24 - [TEST_STEP][PASSED] - openBrowser(""): Browser is opened with url: ''

29-01-2025T05:36:24 - [MESSAGE][INFO] - Starting 'Chrome' driver

29-01-2025T05:36:24 - [MESSAGE][INFO] - Action delay is set to 0 milliseconds

29-01-2025T05:36:25 - [MESSAGE][PASSED] - Browser is opened with url: ''

29-01-2025T05:36:25 - [TEST_STEP][PASSED] - urlData = 15: null

29-01-2025T05:36:25 - [TEST_STEP][PASSED] - Script1686231490255.CheckPageDownload(urlData, run): null

29-01-2025T05:36:25 - [TEST_STEP][PASSED] - i = 1: null

29-01-2025T05:36:25 - [TEST_STEP][PASSED] - ii = 0: null

29-01-2025T05:36:25 - [TEST_STEP][PASSED] - urlText = <not implemented yet for class: org.codehaus.groovy.ast.expr.EmptyExpression>: null

29-01-2025T05:36:25 - [TEST_STEP][PASSED] - searchWord = <not implemented yet for class: org.codehaus.groovy.ast.expr.EmptyExpression>: null

29-01-2025T05:36:25 - [TEST_STEP][PASSED] - deleteAllCookies(): Delete all cookies successfully

29-01-2025T05:36:25 - [MESSAGE][PASSED] - Delete all cookies successfully

29-01-2025T05:36:25 - [TEST_STEP][PASSED] - refresh(): Refresh successfully

29-01-2025T05:36:25 - [MESSAGE][PASSED] - Refresh successfully

29-01-2025T05:36:25 - [TEST_STEP][PASSED] - delay(70): Delayed 70 second(s)

29-01-2025T05:37:35 - [MESSAGE][PASSED] - Delayed 70 second(s)

29-01-2025T05:37:35 - [TEST_STEP][PASSED] - navigateToUrl(findTestData("PlanFact").getValue(10, urlData)): Navigate to 'https://bi.rosseti.digital/viewer?dashboardGuid=d154a8eaf6824e2b9de1bb04dd061c18&sheetGuid=f217cc6775674247871931fed0993c14&fit=true' successfully

29-01-2025T05:37:42 - [MESSAGE][PASSED] - Navigate to 'https://bi.rosseti.digital/viewer?dashboardGuid=d154a8eaf6824e2b9de1bb04dd061c18&sheetGuid=f217cc6775674247871931fed0993c14&fit=true' successfully

29-01-2025T05:37:42 - [TEST_STEP][PASSED] - pageLoaded1 = verifyElementPresent(findTestObject("Страница авторизации/Text"), 30): Object 'Object Repository/Страница авторизации/Text' is present

29-01-2025T05:37:44 - [MESSAGE][PASSED] - Object 'Object Repository/Страница авторизации/Text' is present

29-01-2025T05:37:44 - [TEST_STEP][PASSED] - if (pageLoaded1 == false): null

29-01-2025T05:37:44 - [TEST_STEP][PASSED] - urlText = getText(findTestObject("Страница авторизации/Text")): Text of object 'Object Repository/Страница авторизации/Text' is: 'Вход'

29-01-2025T05:37:44 - [MESSAGE][PASSED] - Text of object 'Object Repository/Страница авторизации/Text' is: 'Вход'

29-01-2025T05:37:44 - [TEST_STEP][PASSED] - delay(70): Delayed 70 second(s)

29-01-2025T05:38:54 - [MESSAGE][PASSED] - Delayed 70 second(s)

29-01-2025T05:38:54 - [TEST_STEP][PASSED] - searchWord = "Вход": null

29-01-2025T05:38:54 - [TEST_STEP][PASSED] - if (urlText.contains(searchWord) == false): null

29-01-2025T05:38:54 - [TEST_STEP][PASSED] - setText(findTestObject("Страница авторизации/input__username"), findTestData("PlanFact").getValue(8, run)): Text 'liazgina-di' is set on object 'Object Repository/Страница авторизации/input__username'

29-01-2025T05:38:55 - [MESSAGE][PASSED] - Text 'liazgina-di' is set on object 'Object Repository/Страница авторизации/input__username'

29-01-2025T05:38:55 - [TEST_STEP][PASSED] - setText(findTestObject("Страница авторизации/input__password"), findTestData("PlanFact").getValue(9, run)): Text ')$%5srZ8o688Dm#q' is set on object 'Object Repository/Страница авторизации/input__password'

29-01-2025T05:38:55 - [MESSAGE][PASSED] - Text ')$%5srZ8o688Dm#q' is set on object 'Object Repository/Страница авторизации/input__password'

29-01-2025T05:38:55 - [TEST_STEP][PASSED] - click(findTestObject("Страница авторизации/button_")): Object: 'Object Repository/Страница авторизации/button_' is clicked on

29-01-2025T05:38:57 - [MESSAGE][PASSED] - Object: 'Object Repository/Страница авторизации/button_' is clicked on

29-01-2025T05:38:57 - [TEST_STEP][PASSED] - delay(70): Delayed 70 second(s)

29-01-2025T05:40:07 - [MESSAGE][PASSED] - Delayed 70 second(s)

29-01-2025T05:40:07 - [TEST_STEP][PASSED] - searchWord = "а": null

29-01-2025T05:40:07 - [TEST_STEP][PASSED] - pageLoaded2 = verifyElementPresent(findTestObject("Страница авторизации/Text"), 50): Object 'Object Repository/Страница авторизации/Text' is present

29-01-2025T05:40:07 - [MESSAGE][PASSED] - Object 'Object Repository/Страница авторизации/Text' is present

29-01-2025T05:40:07 - [TEST_STEP][PASSED] - if (pageLoaded2 == false): null

29-01-2025T05:40:07 - [TEST_STEP][PASSED] - urlText = getText(findTestObject("Страница авторизации/Text")): Text of object 'Object Repository/Страница авторизации/Text' is: 'ДЗО 
Все
Период
Выбрано: 12
Отпуск из сети
Факт
2022 год
2023 год
2024 год
0
50 000
100 000
150 000
200 000
250 000
300 000
350 000
400 000
450 000
500 000
550 000
600 000
650 000
700 000
750 000
800 000
850 000
784 746 870
566 113 202
15 564 037
●● Отклонения, тыс. кВт⋅ч
тыс. кВт⋅ч
Отклонения по отпуску из сети
-218 633 668-218 633 668
-550 549 165-550 549 165
2022/2023
2023/2024
-600 000 000
-500 000 000
-400 000 000
-300 000 000
-200 000 000
-100 000 000
0
●● Отклонения, %
%
Отклонения по отпуску из сети
-27.86-27.86
-97.25-97.25
2022/2023
2023/2024
-100
0
-125
-75
-50
-25
тыс. кВт⋅ч
Фактические данные по отпуску из сети'

29-01-2025T05:40:08 - [MESSAGE][PASSED] - Text of object 'Object Repository/Страница авторизации/Text' is: 'ДЗО 
Все
Период
Выбрано: 12
Отпуск из сети
Факт
2022 год
2023 год
2024 год
0
50 000
100 000
150 000
200 000
250 000
300 000
350 000
400 000
450 000
500 000
550 000
600 000
650 000
700 000
750 000
800 000
850 000
784 746 870
566 113 202
15 564 037
●● Отклонения, тыс. кВт⋅ч
тыс. кВт⋅ч
Отклонения по отпуску из сети
-218 633 668-218 633 668
-550 549 165-550 549 165
2022/2023
2023/2024
-600 000 000
-500 000 000
-400 000 000
-300 000 000
-200 000 000
-100 000 000
0
●● Отклонения, %
%
Отклонения по отпуску из сети
-27.86-27.86
-97.25-97.25
2022/2023
2023/2024
-100
0
-125
-75
-50
-25
тыс. кВт⋅ч
Фактические данные по отпуску из сети'

29-01-2025T05:40:08 - [TEST_STEP][PASSED] - if (urlText.contains("ошибка") || urlText.contains(searchWord) == false): null

29-01-2025T05:40:08 - [TEST_STEP][PASSED] - a6 = "": null

29-01-2025T05:40:08 - [TEST_STEP][PASSED] - a7 = "": null

29-01-2025T05:40:08 - [TEST_STEP][PASSED] - a8 = "": null

29-01-2025T05:40:08 - [TEST_STEP][PASSED] - a9 = "": null

29-01-2025T05:40:08 - [TEST_STEP][PASSED] - if (run == 1): null

29-01-2025T05:40:08 - [TEST_STEP][PASSED] - user = "админ": null

29-01-2025T05:40:08 - [TEST_STEP][PASSED] - a1 = getText(findTestObject("Отпуск из сети/span1")): Text of object 'Object Repository/Отпуск из сети/span1' is: '784 746 870'

29-01-2025T05:40:08 - [MESSAGE][PASSED] - Text of object 'Object Repository/Отпуск из сети/span1' is: '784 746 870'

29-01-2025T05:40:08 - [TEST_STEP][PASSED] - a2 = getText(findTestObject("Отпуск из сети/span2")): Text of object 'Object Repository/Отпуск из сети/span2' is: '566 113 202'

29-01-2025T05:40:08 - [MESSAGE][PASSED] - Text of object 'Object Repository/Отпуск из сети/span2' is: '566 113 202'

29-01-2025T05:40:08 - [TEST_STEP][PASSED] - a3 = getText(findTestObject("Отпуск из сети/span3")): Text of object 'Object Repository/Отпуск из сети/span3' is: '15 564 037'

29-01-2025T05:40:09 - [MESSAGE][PASSED] - Text of object 'Object Repository/Отпуск из сети/span3' is: '15 564 037'

29-01-2025T05:40:09 - [TEST_STEP][PASSED] - a4 = getText(findTestObject("Отпуск из сети/График1")): Text of object 'Object Repository/Отпуск из сети/График1' is: '●● Отклонения, тыс. кВт⋅ч
тыс. кВт⋅ч
Отклонения по отпуску из сети
-218 633 668-218 633 668
-550 549 165-550 549 165
2022/2023
2023/2024
-600 000 000
-500 000 000
-400 000 000
-300 000 000
-200 000 000
-100 000 000
0'

29-01-2025T05:40:09 - [MESSAGE][PASSED] - Text of object 'Object Repository/Отпуск из сети/График1' is: '●● Отклонения, тыс. кВт⋅ч
тыс. кВт⋅ч
Отклонения по отпуску из сети
-218 633 668-218 633 668
-550 549 165-550 549 165
2022/2023
2023/2024
-600 000 000
-500 000 000
-400 000 000
-300 000 000
-200 000 000
-100 000 000
0'

29-01-2025T05:40:09 - [TEST_STEP][PASSED] - a5 = getText(findTestObject("Отпуск из сети/График2")): Text of object 'Object Repository/Отпуск из сети/График2' is: '●● Отклонения, %
%
Отклонения по отпуску из сети
-27.86-27.86
-97.25-97.25
2022/2023
2023/2024
-100
0
-125
-75
-50
-25'

29-01-2025T05:40:09 - [MESSAGE][PASSED] - Text of object 'Object Repository/Отпуск из сети/График2' is: '●● Отклонения, %
%
Отклонения по отпуску из сети
-27.86-27.86
-97.25-97.25
2022/2023
2023/2024
-100
0
-125
-75
-50
-25'

29-01-2025T05:40:09 - [TEST_STEP][PASSED] - n = n + 9: null

29-01-2025T05:40:09 - [TEST_STEP][PASSED] - Script1686231490255.WriteToExcel(user, dashboardName, n, data, run, a1, a2, a3, a4, a5, a6, a7, a8, a9): null

29-01-2025T05:40:09 - [TEST_STEP][PASSED] - sheetName = "Sheet1": null

29-01-2025T05:40:09 - [TEST_STEP][PASSED] - workbook01 = getWorkbook(excelFilePath): null

29-01-2025T05:40:09 - [TEST_STEP][PASSED] - sheet01 = getExcelSheet(workbook01, sheetName): null

29-01-2025T05:40:09 - [TEST_STEP][PASSED] - setValueToCellByIndex(sheet01, n, 0, dashboardName): null

29-01-2025T05:40:09 - [TEST_STEP][PASSED] - setValueToCellByIndex(sheet01, n, 10, user): null

29-01-2025T05:40:09 - [TEST_STEP][PASSED] - setValueToCellByIndex(sheet01, n, 1, a1): null

29-01-2025T05:40:09 - [TEST_STEP][PASSED] - setValueToCellByIndex(sheet01, n, 2, a2): null

29-01-2025T05:40:09 - [TEST_STEP][PASSED] - setValueToCellByIndex(sheet01, n, 3, a3): null

29-01-2025T05:40:09 - [TEST_STEP][PASSED] - setValueToCellByIndex(sheet01, n, 4, a4): null

29-01-2025T05:40:09 - [TEST_STEP][PASSED] - setValueToCellByIndex(sheet01, n, 5, a5): null

29-01-2025T05:40:09 - [TEST_STEP][PASSED] - setValueToCellByIndex(sheet01, n, 6, a6): null

29-01-2025T05:40:09 - [TEST_STEP][PASSED] - setValueToCellByIndex(sheet01, n, 7, a7): null

29-01-2025T05:40:09 - [TEST_STEP][PASSED] - setValueToCellByIndex(sheet01, n, 8, a8): null

29-01-2025T05:40:09 - [TEST_STEP][PASSED] - setValueToCellByIndex(sheet01, n, 9, a9): null

29-01-2025T05:40:09 - [TEST_STEP][PASSED] - n = n + 1: null

29-01-2025T05:40:09 - [TEST_STEP][PASSED] - saveWorkbook(excelFilePath, workbook01): null

29-01-2025T05:40:09 - [TEST_STEP][PASSED] - if (run == 2): null

29-01-2025T05:40:09 - [TEST_STEP][PASSED] - if (run == 3): null

29-01-2025T05:40:09 - [TEST_STEP][PASSED] - closeBrowser(): null

29-01-2025T05:40:10 - [MESSAGE][PASSED] - Browser is closed

29-01-2025T05:40:10 - [TEST_STEP][PASSED] - OtpuskIzSeti(user, dashboardName, n, data, run, a1, a2, a3, a4, a5, a6, a7, a8, a9, urlData): null

29-01-2025T05:40:10 - [TEST_STEP][PASSED] - n = data.getRowNumbers() + 1: null

29-01-2025T05:40:10 - [TEST_STEP][PASSED] - println(n): null

29-01-2025T05:40:10 - [TEST_STEP][PASSED] - dashboardName = "Отпуск из сети": null

29-01-2025T05:40:10 - [TEST_STEP][PASSED] - openBrowser(""): Browser is opened with url: ''

29-01-2025T05:40:10 - [MESSAGE][INFO] - Starting 'Chrome' driver

29-01-2025T05:40:10 - [MESSAGE][INFO] - Action delay is set to 0 milliseconds

29-01-2025T05:40:11 - [MESSAGE][PASSED] - Browser is opened with url: ''

29-01-2025T05:40:11 - [TEST_STEP][PASSED] - urlData = 15: null

29-01-2025T05:40:11 - [TEST_STEP][PASSED] - Script1686231490255.CheckPageDownload(urlData, run): null

29-01-2025T05:40:11 - [TEST_STEP][PASSED] - i = 1: null

29-01-2025T05:40:11 - [TEST_STEP][PASSED] - ii = 0: null

29-01-2025T05:40:11 - [TEST_STEP][PASSED] - urlText = <not implemented yet for class: org.codehaus.groovy.ast.expr.EmptyExpression>: null

29-01-2025T05:40:11 - [TEST_STEP][PASSED] - searchWord = <not implemented yet for class: org.codehaus.groovy.ast.expr.EmptyExpression>: null

29-01-2025T05:40:11 - [TEST_STEP][PASSED] - deleteAllCookies(): Delete all cookies successfully

29-01-2025T05:40:11 - [MESSAGE][PASSED] - Delete all cookies successfully

29-01-2025T05:40:11 - [TEST_STEP][PASSED] - refresh(): Refresh successfully

29-01-2025T05:40:11 - [MESSAGE][PASSED] - Refresh successfully

29-01-2025T05:40:11 - [TEST_STEP][PASSED] - delay(70): Delayed 70 second(s)

29-01-2025T05:41:21 - [MESSAGE][PASSED] - Delayed 70 second(s)

29-01-2025T05:41:21 - [TEST_STEP][PASSED] - navigateToUrl(findTestData("PlanFact").getValue(10, urlData)): Navigate to 'https://bi.rosseti.digital/viewer?dashboardGuid=d154a8eaf6824e2b9de1bb04dd061c18&sheetGuid=f217cc6775674247871931fed0993c14&fit=true' successfully

29-01-2025T05:41:28 - [MESSAGE][PASSED] - Navigate to 'https://bi.rosseti.digital/viewer?dashboardGuid=d154a8eaf6824e2b9de1bb04dd061c18&sheetGuid=f217cc6775674247871931fed0993c14&fit=true' successfully

29-01-2025T05:41:28 - [TEST_STEP][PASSED] - pageLoaded1 = verifyElementPresent(findTestObject("Страница авторизации/Text"), 30): Object 'Object Repository/Страница авторизации/Text' is present

29-01-2025T05:41:30 - [MESSAGE][PASSED] - Object 'Object Repository/Страница авторизации/Text' is present

29-01-2025T05:41:30 - [TEST_STEP][PASSED] - if (pageLoaded1 == false): null

29-01-2025T05:41:30 - [TEST_STEP][PASSED] - urlText = getText(findTestObject("Страница авторизации/Text")): Text of object 'Object Repository/Страница авторизации/Text' is: 'Вход'

29-01-2025T05:41:30 - [MESSAGE][PASSED] - Text of object 'Object Repository/Страница авторизации/Text' is: 'Вход'

29-01-2025T05:41:30 - [TEST_STEP][PASSED] - delay(70): Delayed 70 second(s)

29-01-2025T05:42:40 - [MESSAGE][PASSED] - Delayed 70 second(s)

29-01-2025T05:42:40 - [TEST_STEP][PASSED] - searchWord = "Вход": null

29-01-2025T05:42:40 - [TEST_STEP][PASSED] - if (urlText.contains(searchWord) == false): null

29-01-2025T05:42:40 - [TEST_STEP][PASSED] - setText(findTestObject("Страница авторизации/input__username"), findTestData("PlanFact").getValue(8, run)): Text 'Andreeva-EV' is set on object 'Object Repository/Страница авторизации/input__username'

29-01-2025T05:42:41 - [MESSAGE][PASSED] - Text 'Andreeva-EV' is set on object 'Object Repository/Страница авторизации/input__username'

29-01-2025T05:42:41 - [TEST_STEP][PASSED] - setText(findTestObject("Страница авторизации/input__password"), findTestData("PlanFact").getValue(9, run)): Text '2nPePKDwCPH3ul7xMZ' is set on object 'Object Repository/Страница авторизации/input__password'

29-01-2025T05:42:42 - [MESSAGE][PASSED] - Text '2nPePKDwCPH3ul7xMZ' is set on object 'Object Repository/Страница авторизации/input__password'

29-01-2025T05:42:42 - [TEST_STEP][PASSED] - click(findTestObject("Страница авторизации/button_")): Object: 'Object Repository/Страница авторизации/button_' is clicked on

29-01-2025T05:42:43 - [MESSAGE][PASSED] - Object: 'Object Repository/Страница авторизации/button_' is clicked on

29-01-2025T05:42:43 - [TEST_STEP][PASSED] - delay(70): Delayed 70 second(s)

29-01-2025T05:43:53 - [MESSAGE][PASSED] - Delayed 70 second(s)

29-01-2025T05:43:53 - [TEST_STEP][PASSED] - searchWord = "а": null

29-01-2025T05:43:53 - [TEST_STEP][PASSED] - pageLoaded2 = verifyElementPresent(findTestObject("Страница авторизации/Text"), 50): Object 'Object Repository/Страница авторизации/Text' is present

29-01-2025T05:43:53 - [MESSAGE][PASSED] - Object 'Object Repository/Страница авторизации/Text' is present

29-01-2025T05:43:53 - [TEST_STEP][PASSED] - if (pageLoaded2 == false): null

29-01-2025T05:43:53 - [TEST_STEP][PASSED] - urlText = getText(findTestObject("Страница авторизации/Text")): Text of object 'Object Repository/Страница авторизации/Text' is: 'ДЗО 
Все
Период
Выбрано: 12
Отпуск из сети
Факт
2022 год
2023 год
2024 год
0
50 000
100 000
150 000
200 000
250 000
300 000
350 000
400 000
450 000
500 000
550 000
600 000
650 000
700 000
750 000
800 000
850 000
784 746 870
566 113 202
15 564 037
●● Отклонения, тыс. кВт⋅ч
тыс. кВт⋅ч
Отклонения по отпуску из сети
-218 633 668-218 633 668
-550 549 165-550 549 165
2022/2023
2023/2024
-600 000 000
-500 000 000
-400 000 000
-300 000 000
-200 000 000
-100 000 000
0
●● Отклонения, %
%
Отклонения по отпуску из сети
-27.86-27.86
-97.25-97.25
2022/2023
2023/2024
-100
0
-125
-75
-50
-25
тыс. кВт⋅ч
Фактические данные по отпуску из сети'

29-01-2025T05:43:54 - [MESSAGE][PASSED] - Text of object 'Object Repository/Страница авторизации/Text' is: 'ДЗО 
Все
Период
Выбрано: 12
Отпуск из сети
Факт
2022 год
2023 год
2024 год
0
50 000
100 000
150 000
200 000
250 000
300 000
350 000
400 000
450 000
500 000
550 000
600 000
650 000
700 000
750 000
800 000
850 000
784 746 870
566 113 202
15 564 037
●● Отклонения, тыс. кВт⋅ч
тыс. кВт⋅ч
Отклонения по отпуску из сети
-218 633 668-218 633 668
-550 549 165-550 549 165
2022/2023
2023/2024
-600 000 000
-500 000 000
-400 000 000
-300 000 000
-200 000 000
-100 000 000
0
●● Отклонения, %
%
Отклонения по отпуску из сети
-27.86-27.86
-97.25-97.25
2022/2023
2023/2024
-100
0
-125
-75
-50
-25
тыс. кВт⋅ч
Фактические данные по отпуску из сети'

29-01-2025T05:43:54 - [TEST_STEP][PASSED] - if (urlText.contains("ошибка") || urlText.contains(searchWord) == false): null

29-01-2025T05:43:54 - [TEST_STEP][PASSED] - a6 = "": null

29-01-2025T05:43:54 - [TEST_STEP][PASSED] - a7 = "": null

29-01-2025T05:43:54 - [TEST_STEP][PASSED] - a8 = "": null

29-01-2025T05:43:54 - [TEST_STEP][PASSED] - a9 = "": null

29-01-2025T05:43:54 - [TEST_STEP][PASSED] - if (run == 1): null

29-01-2025T05:43:54 - [TEST_STEP][PASSED] - if (run == 2): null

29-01-2025T05:43:54 - [TEST_STEP][PASSED] - user = "Андреева": null

29-01-2025T05:43:54 - [TEST_STEP][PASSED] - a1 = getText(findTestObject("Отпуск из сети/span1")): Text of object 'Object Repository/Отпуск из сети/span1' is: '784 746 870'

29-01-2025T05:43:54 - [MESSAGE][PASSED] - Text of object 'Object Repository/Отпуск из сети/span1' is: '784 746 870'

29-01-2025T05:43:54 - [TEST_STEP][PASSED] - a2 = getText(findTestObject("Отпуск из сети/span2")): Text of object 'Object Repository/Отпуск из сети/span2' is: '566 113 202'

29-01-2025T05:43:54 - [MESSAGE][PASSED] - Text of object 'Object Repository/Отпуск из сети/span2' is: '566 113 202'

29-01-2025T05:43:54 - [TEST_STEP][PASSED] - a3 = getText(findTestObject("Отпуск из сети/span3")): Text of object 'Object Repository/Отпуск из сети/span3' is: '15 564 037'

29-01-2025T05:43:54 - [MESSAGE][PASSED] - Text of object 'Object Repository/Отпуск из сети/span3' is: '15 564 037'

29-01-2025T05:43:54 - [TEST_STEP][PASSED] - a4 = getText(findTestObject("Отпуск из сети/График1")): Text of object 'Object Repository/Отпуск из сети/График1' is: '●● Отклонения, тыс. кВт⋅ч
тыс. кВт⋅ч
Отклонения по отпуску из сети
-218 633 668-218 633 668
-550 549 165-550 549 165
2022/2023
2023/2024
-600 000 000
-500 000 000
-400 000 000
-300 000 000
-200 000 000
-100 000 000
0'

29-01-2025T05:43:55 - [MESSAGE][PASSED] - Text of object 'Object Repository/Отпуск из сети/График1' is: '●● Отклонения, тыс. кВт⋅ч
тыс. кВт⋅ч
Отклонения по отпуску из сети
-218 633 668-218 633 668
-550 549 165-550 549 165
2022/2023
2023/2024
-600 000 000
-500 000 000
-400 000 000
-300 000 000
-200 000 000
-100 000 000
0'

29-01-2025T05:43:55 - [TEST_STEP][PASSED] - a5 = getText(findTestObject("Отпуск из сети/График2")): Text of object 'Object Repository/Отпуск из сети/График2' is: '●● Отклонения, %
%
Отклонения по отпуску из сети
-27.86-27.86
-97.25-97.25
2022/2023
2023/2024
-100
0
-125
-75
-50
-25'

29-01-2025T05:43:55 - [MESSAGE][PASSED] - Text of object 'Object Repository/Отпуск из сети/График2' is: '●● Отклонения, %
%
Отклонения по отпуску из сети
-27.86-27.86
-97.25-97.25
2022/2023
2023/2024
-100
0
-125
-75
-50
-25'

29-01-2025T05:43:55 - [TEST_STEP][PASSED] - n = n + 10: null

29-01-2025T05:43:55 - [TEST_STEP][PASSED] - b = n - run + 1: null

29-01-2025T05:43:55 - [TEST_STEP][PASSED] - verifyEqual(findTestData("PlanFact").getValue(2, b), a1): Actual object '784 746 870' and expected object '784 746 870' are equal

29-01-2025T05:43:55 - [MESSAGE][PASSED] - Actual object '784 746 870' and expected object '784 746 870' are equal

29-01-2025T05:43:55 - [TEST_STEP][PASSED] - verifyEqual(findTestData("PlanFact").getValue(3, b), a2): Actual object '566 113 202' and expected object '566 113 202' are equal

29-01-2025T05:43:55 - [MESSAGE][PASSED] - Actual object '566 113 202' and expected object '566 113 202' are equal

29-01-2025T05:43:55 - [TEST_STEP][PASSED] - verifyEqual(findTestData("PlanFact").getValue(4, b), a3): Actual object '15 564 037' and expected object '15 564 037' are equal

29-01-2025T05:43:55 - [MESSAGE][PASSED] - Actual object '15 564 037' and expected object '15 564 037' are equal

29-01-2025T05:43:55 - [TEST_STEP][PASSED] - verifyEqual(findTestData("PlanFact").getValue(5, b), a4): Actual object '●● Отклонения, тыс. кВт⋅ч
тыс. кВт⋅ч
Отклонения по отпуску из сети
-218 633 668-218 633 668
-550 549 165-550 549 165
2022/2023
2023/2024
-600 000 000
-500 000 000
-400 000 000
-300 000 000
-200 000 000
-100 000 000
0' and expected object '●● Отклонения, тыс. кВт⋅ч
тыс. кВт⋅ч
Отклонения по отпуску из сети
-218 633 668-218 633 668
-550 549 165-550 549 165
2022/2023
2023/2024
-600 000 000
-500 000 000
-400 000 000
-300 000 000
-200 000 000
-100 000 000
0' are equal

29-01-2025T05:43:55 - [MESSAGE][PASSED] - Actual object '●● Отклонения, тыс. кВт⋅ч
тыс. кВт⋅ч
Отклонения по отпуску из сети
-218 633 668-218 633 668
-550 549 165-550 549 165
2022/2023
2023/2024
-600 000 000
-500 000 000
-400 000 000
-300 000 000
-200 000 000
-100 000 000
0' and expected object '●● Отклонения, тыс. кВт⋅ч
тыс. кВт⋅ч
Отклонения по отпуску из сети
-218 633 668-218 633 668
-550 549 165-550 549 165
2022/2023
2023/2024
-600 000 000
-500 000 000
-400 000 000
-300 000 000
-200 000 000
-100 000 000
0' are equal

29-01-2025T05:43:55 - [TEST_STEP][PASSED] - verifyEqual(findTestData("PlanFact").getValue(6, b), a5): Actual object '●● Отклонения, %
%
Отклонения по отпуску из сети
-27.86-27.86
-97.25-97.25
2022/2023
2023/2024
-100
0
-125
-75
-50
-25' and expected object '●● Отклонения, %
%
Отклонения по отпуску из сети
-27.86-27.86
-97.25-97.25
2022/2023
2023/2024
-100
0
-125
-75
-50
-25' are equal

29-01-2025T05:43:55 - [MESSAGE][PASSED] - Actual object '●● Отклонения, %
%
Отклонения по отпуску из сети
-27.86-27.86
-97.25-97.25
2022/2023
2023/2024
-100
0
-125
-75
-50
-25' and expected object '●● Отклонения, %
%
Отклонения по отпуску из сети
-27.86-27.86
-97.25-97.25
2022/2023
2023/2024
-100
0
-125
-75
-50
-25' are equal

29-01-2025T05:43:55 - [TEST_STEP][PASSED] - Script1686231490255.WriteToExcel(user, dashboardName, n, data, run, a1, a2, a3, a4, a5, a6, a7, a8, a9): null

29-01-2025T05:43:55 - [TEST_STEP][PASSED] - sheetName = "Sheet1": null

29-01-2025T05:43:55 - [TEST_STEP][PASSED] - workbook01 = getWorkbook(excelFilePath): null

29-01-2025T05:43:55 - [TEST_STEP][PASSED] - sheet01 = getExcelSheet(workbook01, sheetName): null

29-01-2025T05:43:55 - [TEST_STEP][PASSED] - setValueToCellByIndex(sheet01, n, 0, dashboardName): null

29-01-2025T05:43:55 - [TEST_STEP][PASSED] - setValueToCellByIndex(sheet01, n, 10, user): null

29-01-2025T05:43:55 - [TEST_STEP][PASSED] - setValueToCellByIndex(sheet01, n, 1, a1): null

29-01-2025T05:43:55 - [TEST_STEP][PASSED] - setValueToCellByIndex(sheet01, n, 2, a2): null

29-01-2025T05:43:55 - [TEST_STEP][PASSED] - setValueToCellByIndex(sheet01, n, 3, a3): null

29-01-2025T05:43:55 - [TEST_STEP][PASSED] - setValueToCellByIndex(sheet01, n, 4, a4): null

29-01-2025T05:43:55 - [TEST_STEP][PASSED] - setValueToCellByIndex(sheet01, n, 5, a5): null

29-01-2025T05:43:55 - [TEST_STEP][PASSED] - setValueToCellByIndex(sheet01, n, 6, a6): null

29-01-2025T05:43:55 - [TEST_STEP][PASSED] - setValueToCellByIndex(sheet01, n, 7, a7): null

29-01-2025T05:43:55 - [TEST_STEP][PASSED] - setValueToCellByIndex(sheet01, n, 8, a8): null

29-01-2025T05:43:55 - [TEST_STEP][PASSED] - setValueToCellByIndex(sheet01, n, 9, a9): null

29-01-2025T05:43:55 - [TEST_STEP][PASSED] - n = n + 1: null

29-01-2025T05:43:55 - [TEST_STEP][PASSED] - saveWorkbook(excelFilePath, workbook01): null

29-01-2025T05:43:56 - [TEST_STEP][PASSED] - if (run == 3): null

29-01-2025T05:43:56 - [TEST_STEP][PASSED] - closeBrowser(): null

29-01-2025T05:43:56 - [MESSAGE][PASSED] - Browser is closed

29-01-2025T05:43:56 - [TEST_STEP][PASSED] - OtpuskIzSeti(user, dashboardName, n, data, run, a1, a2, a3, a4, a5, a6, a7, a8, a9, urlData): null

29-01-2025T05:43:56 - [TEST_STEP][PASSED] - n = data.getRowNumbers() + 1: null

29-01-2025T05:43:56 - [TEST_STEP][PASSED] - println(n): null

29-01-2025T05:43:56 - [TEST_STEP][PASSED] - dashboardName = "Отпуск из сети": null

29-01-2025T05:43:56 - [TEST_STEP][PASSED] - openBrowser(""): Browser is opened with url: ''

29-01-2025T05:43:56 - [MESSAGE][INFO] - Starting 'Chrome' driver

29-01-2025T05:43:56 - [MESSAGE][INFO] - Action delay is set to 0 milliseconds

29-01-2025T05:43:57 - [MESSAGE][PASSED] - Browser is opened with url: ''

29-01-2025T05:43:57 - [TEST_STEP][PASSED] - urlData = 15: null

29-01-2025T05:43:57 - [TEST_STEP][PASSED] - Script1686231490255.CheckPageDownload(urlData, run): null

29-01-2025T05:43:57 - [TEST_STEP][PASSED] - i = 1: null

29-01-2025T05:43:57 - [TEST_STEP][PASSED] - ii = 0: null

29-01-2025T05:43:57 - [TEST_STEP][PASSED] - urlText = <not implemented yet for class: org.codehaus.groovy.ast.expr.EmptyExpression>: null

29-01-2025T05:43:57 - [TEST_STEP][PASSED] - searchWord = <not implemented yet for class: org.codehaus.groovy.ast.expr.EmptyExpression>: null

29-01-2025T05:43:57 - [TEST_STEP][PASSED] - deleteAllCookies(): Delete all cookies successfully

29-01-2025T05:43:57 - [MESSAGE][PASSED] - Delete all cookies successfully

29-01-2025T05:43:57 - [TEST_STEP][PASSED] - refresh(): Refresh successfully

29-01-2025T05:43:57 - [MESSAGE][PASSED] - Refresh successfully

29-01-2025T05:43:57 - [TEST_STEP][PASSED] - delay(70): Delayed 70 second(s)

29-01-2025T05:45:07 - [MESSAGE][PASSED] - Delayed 70 second(s)

29-01-2025T05:45:07 - [TEST_STEP][PASSED] - navigateToUrl(findTestData("PlanFact").getValue(10, urlData)): Navigate to 'https://bi.rosseti.digital/viewer?dashboardGuid=d154a8eaf6824e2b9de1bb04dd061c18&sheetGuid=f217cc6775674247871931fed0993c14&fit=true' successfully

29-01-2025T05:45:16 - [MESSAGE][PASSED] - Navigate to 'https://bi.rosseti.digital/viewer?dashboardGuid=d154a8eaf6824e2b9de1bb04dd061c18&sheetGuid=f217cc6775674247871931fed0993c14&fit=true' successfully

29-01-2025T05:45:16 - [TEST_STEP][PASSED] - pageLoaded1 = verifyElementPresent(findTestObject("Страница авторизации/Text"), 30): Object 'Object Repository/Страница авторизации/Text' is present

29-01-2025T05:45:18 - [MESSAGE][PASSED] - Object 'Object Repository/Страница авторизации/Text' is present

29-01-2025T05:45:18 - [TEST_STEP][PASSED] - if (pageLoaded1 == false): null

29-01-2025T05:45:18 - [TEST_STEP][PASSED] - urlText = getText(findTestObject("Страница авторизации/Text")): Text of object 'Object Repository/Страница авторизации/Text' is: 'Вход'

29-01-2025T05:45:18 - [MESSAGE][PASSED] - Text of object 'Object Repository/Страница авторизации/Text' is: 'Вход'

29-01-2025T05:45:18 - [TEST_STEP][PASSED] - delay(70): Delayed 70 second(s)

29-01-2025T05:46:28 - [MESSAGE][PASSED] - Delayed 70 second(s)

29-01-2025T05:46:28 - [TEST_STEP][PASSED] - searchWord = "Вход": null

29-01-2025T05:46:28 - [TEST_STEP][PASSED] - if (urlText.contains(searchWord) == false): null

29-01-2025T05:46:28 - [TEST_STEP][PASSED] - setText(findTestObject("Страница авторизации/input__username"), findTestData("PlanFact").getValue(8, run)): Text 'Petrova-OV' is set on object 'Object Repository/Страница авторизации/input__username'

29-01-2025T05:46:29 - [MESSAGE][PASSED] - Text 'Petrova-OV' is set on object 'Object Repository/Страница авторизации/input__username'

29-01-2025T05:46:29 - [TEST_STEP][PASSED] - setText(findTestObject("Страница авторизации/input__password"), findTestData("PlanFact").getValue(9, run)): Text '4Ex@~R53r&3x&BVe7' is set on object 'Object Repository/Страница авторизации/input__password'

29-01-2025T05:46:30 - [MESSAGE][PASSED] - Text '4Ex@~R53r&3x&BVe7' is set on object 'Object Repository/Страница авторизации/input__password'

29-01-2025T05:46:30 - [TEST_STEP][PASSED] - click(findTestObject("Страница авторизации/button_")): Object: 'Object Repository/Страница авторизации/button_' is clicked on

29-01-2025T05:46:31 - [MESSAGE][PASSED] - Object: 'Object Repository/Страница авторизации/button_' is clicked on

29-01-2025T05:46:31 - [TEST_STEP][PASSED] - delay(70): Delayed 70 second(s)

29-01-2025T05:47:41 - [MESSAGE][PASSED] - Delayed 70 second(s)

29-01-2025T05:47:41 - [TEST_STEP][PASSED] - searchWord = "а": null

29-01-2025T05:47:41 - [TEST_STEP][PASSED] - pageLoaded2 = verifyElementPresent(findTestObject("Страница авторизации/Text"), 50): Object 'Object Repository/Страница авторизации/Text' is present

29-01-2025T05:47:41 - [MESSAGE][PASSED] - Object 'Object Repository/Страница авторизации/Text' is present

29-01-2025T05:47:41 - [TEST_STEP][PASSED] - if (pageLoaded2 == false): null

29-01-2025T05:47:41 - [TEST_STEP][PASSED] - urlText = getText(findTestObject("Страница авторизации/Text")): Text of object 'Object Repository/Страница авторизации/Text' is: 'ДЗО 
Все
Период
Выбрано: 12
Отпуск из сети
Факт
2022 год
2023 год
2024 год
0
50 000
100 000
150 000
200 000
250 000
300 000
350 000
400 000
450 000
500 000
550 000
600 000
650 000
700 000
750 000
800 000
850 000
784 746 870
566 113 202
16 830 292
●● Отклонения, тыс. кВт⋅ч
тыс. кВт⋅ч
Отклонения по отпуску из сети
-218 633 668-218 633 668
-549 282 910-549 282 910
2022/2023
2023/2024
-600 000 000
-500 000 000
-400 000 000
-300 000 000
-200 000 000
-100 000 000
0
●● Отклонения, %
%
Отклонения по отпуску из сети
-27.86-27.86
-97.03-97.03
2022/2023
2023/2024
-100
0
-125
-75
-50
-25
тыс. кВт⋅ч
Фактические данные по отпуску из сети'

29-01-2025T05:47:42 - [MESSAGE][PASSED] - Text of object 'Object Repository/Страница авторизации/Text' is: 'ДЗО 
Все
Период
Выбрано: 12
Отпуск из сети
Факт
2022 год
2023 год
2024 год
0
50 000
100 000
150 000
200 000
250 000
300 000
350 000
400 000
450 000
500 000
550 000
600 000
650 000
700 000
750 000
800 000
850 000
784 746 870
566 113 202
16 830 292
●● Отклонения, тыс. кВт⋅ч
тыс. кВт⋅ч
Отклонения по отпуску из сети
-218 633 668-218 633 668
-549 282 910-549 282 910
2022/2023
2023/2024
-600 000 000
-500 000 000
-400 000 000
-300 000 000
-200 000 000
-100 000 000
0
●● Отклонения, %
%
Отклонения по отпуску из сети
-27.86-27.86
-97.03-97.03
2022/2023
2023/2024
-100
0
-125
-75
-50
-25
тыс. кВт⋅ч
Фактические данные по отпуску из сети'

29-01-2025T05:47:42 - [TEST_STEP][PASSED] - if (urlText.contains("ошибка") || urlText.contains(searchWord) == false): null

29-01-2025T05:47:42 - [TEST_STEP][PASSED] - a6 = "": null

29-01-2025T05:47:42 - [TEST_STEP][PASSED] - a7 = "": null

29-01-2025T05:47:42 - [TEST_STEP][PASSED] - a8 = "": null

29-01-2025T05:47:42 - [TEST_STEP][PASSED] - a9 = "": null

29-01-2025T05:47:42 - [TEST_STEP][PASSED] - if (run == 1): null

29-01-2025T05:47:42 - [TEST_STEP][PASSED] - if (run == 2): null

29-01-2025T05:47:42 - [TEST_STEP][FAILED] - if (run == 3): null

29-01-2025T05:47:42 - [TEST_STEP][PASSED] - user = "Попова": null

29-01-2025T05:47:42 - [TEST_STEP][PASSED] - a1 = getText(findTestObject("Отпуск из сети/span1")): Text of object 'Object Repository/Отпуск из сети/span1' is: '784 746 870'

29-01-2025T05:47:42 - [MESSAGE][PASSED] - Text of object 'Object Repository/Отпуск из сети/span1' is: '784 746 870'

29-01-2025T05:47:42 - [TEST_STEP][PASSED] - a2 = getText(findTestObject("Отпуск из сети/span2")): Text of object 'Object Repository/Отпуск из сети/span2' is: '566 113 202'

29-01-2025T05:47:43 - [MESSAGE][PASSED] - Text of object 'Object Repository/Отпуск из сети/span2' is: '566 113 202'

29-01-2025T05:47:43 - [TEST_STEP][PASSED] - a3 = getText(findTestObject("Отпуск из сети/span3")): Text of object 'Object Repository/Отпуск из сети/span3' is: '16 830 292'

29-01-2025T05:47:43 - [MESSAGE][PASSED] - Text of object 'Object Repository/Отпуск из сети/span3' is: '16 830 292'

29-01-2025T05:47:43 - [TEST_STEP][PASSED] - a4 = getText(findTestObject("Отпуск из сети/График1")): Text of object 'Object Repository/Отпуск из сети/График1' is: '●● Отклонения, тыс. кВт⋅ч
тыс. кВт⋅ч
Отклонения по отпуску из сети
-218 633 668-218 633 668
-549 282 910-549 282 910
2022/2023
2023/2024
-600 000 000
-500 000 000
-400 000 000
-300 000 000
-200 000 000
-100 000 000
0'

29-01-2025T05:47:43 - [MESSAGE][PASSED] - Text of object 'Object Repository/Отпуск из сети/График1' is: '●● Отклонения, тыс. кВт⋅ч
тыс. кВт⋅ч
Отклонения по отпуску из сети
-218 633 668-218 633 668
-549 282 910-549 282 910
2022/2023
2023/2024
-600 000 000
-500 000 000
-400 000 000
-300 000 000
-200 000 000
-100 000 000
0'

29-01-2025T05:47:43 - [TEST_STEP][PASSED] - a5 = getText(findTestObject("Отпуск из сети/График2")): Text of object 'Object Repository/Отпуск из сети/График2' is: '●● Отклонения, %
%
Отклонения по отпуску из сети
-27.86-27.86
-97.03-97.03
2022/2023
2023/2024
-100
0
-125
-75
-50
-25'

29-01-2025T05:47:44 - [MESSAGE][PASSED] - Text of object 'Object Repository/Отпуск из сети/График2' is: '●● Отклонения, %
%
Отклонения по отпуску из сети
-27.86-27.86
-97.03-97.03
2022/2023
2023/2024
-100
0
-125
-75
-50
-25'

29-01-2025T05:47:44 - [TEST_STEP][PASSED] - n = n + 11: null

29-01-2025T05:47:44 - [TEST_STEP][PASSED] - b = n - run + 1: null

29-01-2025T05:47:44 - [TEST_STEP][PASSED] - verifyEqual(findTestData("PlanFact").getValue(2, b), a1): Actual object '784 746 870' and expected object '784 746 870' are equal

29-01-2025T05:47:44 - [MESSAGE][PASSED] - Actual object '784 746 870' and expected object '784 746 870' are equal

29-01-2025T05:47:44 - [TEST_STEP][PASSED] - verifyEqual(findTestData("PlanFact").getValue(3, b), a2): Actual object '566 113 202' and expected object '566 113 202' are equal

29-01-2025T05:47:44 - [MESSAGE][PASSED] - Actual object '566 113 202' and expected object '566 113 202' are equal

29-01-2025T05:47:44 - [TEST_STEP][FAILED] - verifyEqual(findTestData("PlanFact").getValue(4, b), a3): Unable to verify equal between actual object '15 564 037' and expected object '16 830 292' (Root cause: com.kms.katalon.core.exception.StepFailedException: Actual object '15 564 037' and expected object '16 830 292' are not equal
	at com.kms.katalon.core.keyword.builtin.VerifyEqualKeyword$_verifyEqual_closure1.doCall(VerifyEqualKeyword.groovy:58)
	at com.kms.katalon.core.keyword.builtin.VerifyEqualKeyword$_verifyEqual_closure1.call(VerifyEqualKeyword.groovy)
	at com.kms.katalon.core.keyword.internal.KeywordMain.runKeyword(KeywordMain.groovy:75)
	at com.kms.katalon.core.keyword.builtin.VerifyEqualKeyword.verifyEqual(VerifyEqualKeyword.groovy:63)
	at com.kms.katalon.core.keyword.builtin.VerifyEqualKeyword.execute(VerifyEqualKeyword.groovy:44)
	at com.kms.katalon.core.keyword.internal.KeywordExecutor.executeKeywordForPlatform(KeywordExecutor.groovy:74)
	at com.kms.katalon.core.keyword.BuiltinKeywords.verifyEqual(BuiltinKeywords.groovy:146)
	at jdk.internal.reflect.GeneratedMethodAccessor25.invoke(Unknown Source)
	at java.base/jdk.internal.reflect.DelegatingMethodAccessorImpl.invoke(DelegatingMethodAccessorImpl.java:43)
	at Блок руководителя сверка дашбордов под разными учётками.OtpuskIzSeti(Блок руководителя сверка дашбордов под разными учётками:707)
	at Блок руководителя сверка дашбордов под разными учётками.run(Блок руководителя сверка дашбордов под разными учётками:70)
	at com.kms.katalon.core.main.ScriptEngine.run(ScriptEngine.java:194)
	at com.kms.katalon.core.main.ScriptEngine.runScriptAsRawText(ScriptEngine.java:119)
	at com.kms.katalon.core.main.TestCaseExecutor.runScript(TestCaseExecutor.java:448)
	at com.kms.katalon.core.main.TestCaseExecutor.doExecute(TestCaseExecutor.java:439)
	at com.kms.katalon.core.main.TestCaseExecutor.processExecutionPhase(TestCaseExecutor.java:418)
	at com.kms.katalon.core.main.TestCaseExecutor.accessMainPhase(TestCaseExecutor.java:410)
	at com.kms.katalon.core.main.TestCaseExecutor.execute(TestCaseExecutor.java:285)
	at com.kms.katalon.core.common.CommonExecutor.accessTestCaseMainPhase(CommonExecutor.java:65)
	at com.kms.katalon.core.main.TestSuiteExecutor.accessTestSuiteMainPhase(TestSuiteExecutor.java:150)
	at com.kms.katalon.core.main.TestSuiteExecutor.execute(TestSuiteExecutor.java:106)
	at com.kms.katalon.core.main.TestCaseMain.startTestSuite(TestCaseMain.java:180)
	at TempTestSuite1738107421100.run(TempTestSuite1738107421100.groovy:35)
	at java.base/jdk.internal.reflect.NativeMethodAccessorImpl.invoke0(Native Method)
	at java.base/jdk.internal.reflect.NativeMethodAccessorImpl.invoke(NativeMethodAccessorImpl.java:77)
	at java.base/jdk.internal.reflect.DelegatingMethodAccessorImpl.invoke(DelegatingMethodAccessorImpl.java:43)
)

29-01-2025T05:47:44 - [MESSAGE][FAILED] - Unable to verify equal between actual object '15 564 037' and expected object '16 830 292' (Root cause: com.kms.katalon.core.exception.StepFailedException: Actual object '15 564 037' and expected object '16 830 292' are not equal
	at com.kms.katalon.core.keyword.builtin.VerifyEqualKeyword$_verifyEqual_closure1.doCall(VerifyEqualKeyword.groovy:58)
	at com.kms.katalon.core.keyword.builtin.VerifyEqualKeyword$_verifyEqual_closure1.call(VerifyEqualKeyword.groovy)
	at com.kms.katalon.core.keyword.internal.KeywordMain.runKeyword(KeywordMain.groovy:75)
	at com.kms.katalon.core.keyword.builtin.VerifyEqualKeyword.verifyEqual(VerifyEqualKeyword.groovy:63)
	at com.kms.katalon.core.keyword.builtin.VerifyEqualKeyword.execute(VerifyEqualKeyword.groovy:44)
	at com.kms.katalon.core.keyword.internal.KeywordExecutor.executeKeywordForPlatform(KeywordExecutor.groovy:74)
	at com.kms.katalon.core.keyword.BuiltinKeywords.verifyEqual(BuiltinKeywords.groovy:146)
	at jdk.internal.reflect.GeneratedMethodAccessor25.invoke(Unknown Source)
	at java.base/jdk.internal.reflect.DelegatingMethodAccessorImpl.invoke(DelegatingMethodAccessorImpl.java:43)
	at Блок руководителя сверка дашбордов под разными учётками.OtpuskIzSeti(Блок руководителя сверка дашбордов под разными учётками:707)
	at Блок руководителя сверка дашбордов под разными учётками.run(Блок руководителя сверка дашбордов под разными учётками:70)
	at com.kms.katalon.core.main.ScriptEngine.run(ScriptEngine.java:194)
	at com.kms.katalon.core.main.ScriptEngine.runScriptAsRawText(ScriptEngine.java:119)
	at com.kms.katalon.core.main.TestCaseExecutor.runScript(TestCaseExecutor.java:448)
	at com.kms.katalon.core.main.TestCaseExecutor.doExecute(TestCaseExecutor.java:439)
	at com.kms.katalon.core.main.TestCaseExecutor.processExecutionPhase(TestCaseExecutor.java:418)
	at com.kms.katalon.core.main.TestCaseExecutor.accessMainPhase(TestCaseExecutor.java:410)
	at com.kms.katalon.core.main.TestCaseExecutor.execute(TestCaseExecutor.java:285)
	at com.kms.katalon.core.common.CommonExecutor.accessTestCaseMainPhase(CommonExecutor.java:65)
	at com.kms.katalon.core.main.TestSuiteExecutor.accessTestSuiteMainPhase(TestSuiteExecutor.java:150)
	at com.kms.katalon.core.main.TestSuiteExecutor.execute(TestSuiteExecutor.java:106)
	at com.kms.katalon.core.main.TestCaseMain.startTestSuite(TestCaseMain.java:180)
	at TempTestSuite1738107421100.run(TempTestSuite1738107421100.groovy:35)
	at java.base/jdk.internal.reflect.NativeMethodAccessorImpl.invoke0(Native Method)
	at java.base/jdk.internal.reflect.NativeMethodAccessorImpl.invoke(NativeMethodAccessorImpl.java:77)
	at java.base/jdk.internal.reflect.DelegatingMethodAccessorImpl.invoke(DelegatingMethodAccessorImpl.java:43)
)

29-01-2025T05:47:44 - [TEST_STEP][FAILED] - verifyEqual(findTestData("PlanFact").getValue(5, b), a4): Unable to verify equal between actual object '●● Отклонения, тыс. кВт⋅ч
тыс. кВт⋅ч
Отклонения по отпуску из сети
-218 633 668-218 633 668
-550 549 165-550 549 165
2022/2023
2023/2024
-600 000 000
-500 000 000
-400 000 000
-300 000 000
-200 000 000
-100 000 000
0' and expected object '●● Отклонения, тыс. кВт⋅ч
тыс. кВт⋅ч
Отклонения по отпуску из сети
-218 633 668-218 633 668
-549 282 910-549 282 910
2022/2023
2023/2024
-600 000 000
-500 000 000
-400 000 000
-300 000 000
-200 000 000
-100 000 000
0' (Root cause: com.kms.katalon.core.exception.StepFailedException: Actual object '●● Отклонения, тыс. кВт⋅ч
тыс. кВт⋅ч
Отклонения по отпуску из сети
-218 633 668-218 633 668
-550 549 165-550 549 165
2022/2023
2023/2024
-600 000 000
-500 000 000
-400 000 000
-300 000 000
-200 000 000
-100 000 000
0' and expected object '●● Отклонения, тыс. кВт⋅ч
тыс. кВт⋅ч
Отклонения по отпуску из сети
-218 633 668-218 633 668
-549 282 910-549 282 910
2022/2023
2023/2024
-600 000 000
-500 000 000
-400 000 000
-300 000 000
-200 000 000
-100 000 000
0' are not equal
	at com.kms.katalon.core.keyword.builtin.VerifyEqualKeyword$_verifyEqual_closure1.doCall(VerifyEqualKeyword.groovy:58)
	at com.kms.katalon.core.keyword.builtin.VerifyEqualKeyword$_verifyEqual_closure1.call(VerifyEqualKeyword.groovy)
	at com.kms.katalon.core.keyword.internal.KeywordMain.runKeyword(KeywordMain.groovy:75)
	at com.kms.katalon.core.keyword.builtin.VerifyEqualKeyword.verifyEqual(VerifyEqualKeyword.groovy:63)
	at com.kms.katalon.core.keyword.builtin.VerifyEqualKeyword.execute(VerifyEqualKeyword.groovy:44)
	at com.kms.katalon.core.keyword.internal.KeywordExecutor.executeKeywordForPlatform(KeywordExecutor.groovy:74)
	at com.kms.katalon.core.keyword.BuiltinKeywords.verifyEqual(BuiltinKeywords.groovy:146)
	at jdk.internal.reflect.GeneratedMethodAccessor25.invoke(Unknown Source)
	at java.base/jdk.internal.reflect.DelegatingMethodAccessorImpl.invoke(DelegatingMethodAccessorImpl.java:43)
	at Блок руководителя сверка дашбордов под разными учётками.OtpuskIzSeti(Блок руководителя сверка дашбордов под разными учётками:709)
	at Блок руководителя сверка дашбордов под разными учётками.run(Блок руководителя сверка дашбордов под разными учётками:70)
	at com.kms.katalon.core.main.ScriptEngine.run(ScriptEngine.java:194)
	at com.kms.katalon.core.main.ScriptEngine.runScriptAsRawText(ScriptEngine.java:119)
	at com.kms.katalon.core.main.TestCaseExecutor.runScript(TestCaseExecutor.java:448)
	at com.kms.katalon.core.main.TestCaseExecutor.doExecute(TestCaseExecutor.java:439)
	at com.kms.katalon.core.main.TestCaseExecutor.processExecutionPhase(TestCaseExecutor.java:418)
	at com.kms.katalon.core.main.TestCaseExecutor.accessMainPhase(TestCaseExecutor.java:410)
	at com.kms.katalon.core.main.TestCaseExecutor.execute(TestCaseExecutor.java:285)
	at com.kms.katalon.core.common.CommonExecutor.accessTestCaseMainPhase(CommonExecutor.java:65)
	at com.kms.katalon.core.main.TestSuiteExecutor.accessTestSuiteMainPhase(TestSuiteExecutor.java:150)
	at com.kms.katalon.core.main.TestSuiteExecutor.execute(TestSuiteExecutor.java:106)
	at com.kms.katalon.core.main.TestCaseMain.startTestSuite(TestCaseMain.java:180)
	at TempTestSuite1738107421100.run(TempTestSuite1738107421100.groovy:35)
	at java.base/jdk.internal.reflect.NativeMethodAccessorImpl.invoke0(Native Method)
	at java.base/jdk.internal.reflect.NativeMethodAccessorImpl.invoke(NativeMethodAccessorImpl.java:77)
	at java.base/jdk.internal.reflect.DelegatingMethodAccessorImpl.invoke(DelegatingMethodAccessorImpl.java:43)
)

29-01-2025T05:47:44 - [MESSAGE][FAILED] - Unable to verify equal between actual object '●● Отклонения, тыс. кВт⋅ч
тыс. кВт⋅ч
Отклонения по отпуску из сети
-218 633 668-218 633 668
-550 549 165-550 549 165
2022/2023
2023/2024
-600 000 000
-500 000 000
-400 000 000
-300 000 000
-200 000 000
-100 000 000
0' and expected object '●● Отклонения, тыс. кВт⋅ч
тыс. кВт⋅ч
Отклонения по отпуску из сети
-218 633 668-218 633 668
-549 282 910-549 282 910
2022/2023
2023/2024
-600 000 000
-500 000 000
-400 000 000
-300 000 000
-200 000 000
-100 000 000
0' (Root cause: com.kms.katalon.core.exception.StepFailedException: Actual object '●● Отклонения, тыс. кВт⋅ч
тыс. кВт⋅ч
Отклонения по отпуску из сети
-218 633 668-218 633 668
-550 549 165-550 549 165
2022/2023
2023/2024
-600 000 000
-500 000 000
-400 000 000
-300 000 000
-200 000 000
-100 000 000
0' and expected object '●● Отклонения, тыс. кВт⋅ч
тыс. кВт⋅ч
Отклонения по отпуску из сети
-218 633 668-218 633 668
-549 282 910-549 282 910
2022/2023
2023/2024
-600 000 000
-500 000 000
-400 000 000
-300 000 000
-200 000 000
-100 000 000
0' are not equal
	at com.kms.katalon.core.keyword.builtin.VerifyEqualKeyword$_verifyEqual_closure1.doCall(VerifyEqualKeyword.groovy:58)
	at com.kms.katalon.core.keyword.builtin.VerifyEqualKeyword$_verifyEqual_closure1.call(VerifyEqualKeyword.groovy)
	at com.kms.katalon.core.keyword.internal.KeywordMain.runKeyword(KeywordMain.groovy:75)
	at com.kms.katalon.core.keyword.builtin.VerifyEqualKeyword.verifyEqual(VerifyEqualKeyword.groovy:63)
	at com.kms.katalon.core.keyword.builtin.VerifyEqualKeyword.execute(VerifyEqualKeyword.groovy:44)
	at com.kms.katalon.core.keyword.internal.KeywordExecutor.executeKeywordForPlatform(KeywordExecutor.groovy:74)
	at com.kms.katalon.core.keyword.BuiltinKeywords.verifyEqual(BuiltinKeywords.groovy:146)
	at jdk.internal.reflect.GeneratedMethodAccessor25.invoke(Unknown Source)
	at java.base/jdk.internal.reflect.DelegatingMethodAccessorImpl.invoke(DelegatingMethodAccessorImpl.java:43)
	at Блок руководителя сверка дашбордов под разными учётками.OtpuskIzSeti(Блок руководителя сверка дашбордов под разными учётками:709)
	at Блок руководителя сверка дашбордов под разными учётками.run(Блок руководителя сверка дашбордов под разными учётками:70)
	at com.kms.katalon.core.main.ScriptEngine.run(ScriptEngine.java:194)
	at com.kms.katalon.core.main.ScriptEngine.runScriptAsRawText(ScriptEngine.java:119)
	at com.kms.katalon.core.main.TestCaseExecutor.runScript(TestCaseExecutor.java:448)
	at com.kms.katalon.core.main.TestCaseExecutor.doExecute(TestCaseExecutor.java:439)
	at com.kms.katalon.core.main.TestCaseExecutor.processExecutionPhase(TestCaseExecutor.java:418)
	at com.kms.katalon.core.main.TestCaseExecutor.accessMainPhase(TestCaseExecutor.java:410)
	at com.kms.katalon.core.main.TestCaseExecutor.execute(TestCaseExecutor.java:285)
	at com.kms.katalon.core.common.CommonExecutor.accessTestCaseMainPhase(CommonExecutor.java:65)
	at com.kms.katalon.core.main.TestSuiteExecutor.accessTestSuiteMainPhase(TestSuiteExecutor.java:150)
	at com.kms.katalon.core.main.TestSuiteExecutor.execute(TestSuiteExecutor.java:106)
	at com.kms.katalon.core.main.TestCaseMain.startTestSuite(TestCaseMain.java:180)
	at TempTestSuite1738107421100.run(TempTestSuite1738107421100.groovy:35)
	at java.base/jdk.internal.reflect.NativeMethodAccessorImpl.invoke0(Native Method)
	at java.base/jdk.internal.reflect.NativeMethodAccessorImpl.invoke(NativeMethodAccessorImpl.java:77)
	at java.base/jdk.internal.reflect.DelegatingMethodAccessorImpl.invoke(DelegatingMethodAccessorImpl.java:43)
)

29-01-2025T05:47:44 - [TEST_STEP][FAILED] - verifyEqual(findTestData("PlanFact").getValue(6, b), a5): Unable to verify equal between actual object '●● Отклонения, %
%
Отклонения по отпуску из сети
-27.86-27.86
-97.25-97.25
2022/2023
2023/2024
-100
0
-125
-75
-50
-25' and expected object '●● Отклонения, %
%
Отклонения по отпуску из сети
-27.86-27.86
-97.03-97.03
2022/2023
2023/2024
-100
0
-125
-75
-50
-25' (Root cause: com.kms.katalon.core.exception.StepFailedException: Actual object '●● Отклонения, %
%
Отклонения по отпуску из сети
-27.86-27.86
-97.25-97.25
2022/2023
2023/2024
-100
0
-125
-75
-50
-25' and expected object '●● Отклонения, %
%
Отклонения по отпуску из сети
-27.86-27.86
-97.03-97.03
2022/2023
2023/2024
-100
0
-125
-75
-50
-25' are not equal
	at com.kms.katalon.core.keyword.builtin.VerifyEqualKeyword$_verifyEqual_closure1.doCall(VerifyEqualKeyword.groovy:58)
	at com.kms.katalon.core.keyword.builtin.VerifyEqualKeyword$_verifyEqual_closure1.call(VerifyEqualKeyword.groovy)
	at com.kms.katalon.core.keyword.internal.KeywordMain.runKeyword(KeywordMain.groovy:75)
	at com.kms.katalon.core.keyword.builtin.VerifyEqualKeyword.verifyEqual(VerifyEqualKeyword.groovy:63)
	at com.kms.katalon.core.keyword.builtin.VerifyEqualKeyword.execute(VerifyEqualKeyword.groovy:44)
	at com.kms.katalon.core.keyword.internal.KeywordExecutor.executeKeywordForPlatform(KeywordExecutor.groovy:74)
	at com.kms.katalon.core.keyword.BuiltinKeywords.verifyEqual(BuiltinKeywords.groovy:146)
	at jdk.internal.reflect.GeneratedMethodAccessor25.invoke(Unknown Source)
	at java.base/jdk.internal.reflect.DelegatingMethodAccessorImpl.invoke(DelegatingMethodAccessorImpl.java:43)
	at Блок руководителя сверка дашбордов под разными учётками.OtpuskIzSeti(Блок руководителя сверка дашбордов под разными учётками:711)
	at Блок руководителя сверка дашбордов под разными учётками.run(Блок руководителя сверка дашбордов под разными учётками:70)
	at com.kms.katalon.core.main.ScriptEngine.run(ScriptEngine.java:194)
	at com.kms.katalon.core.main.ScriptEngine.runScriptAsRawText(ScriptEngine.java:119)
	at com.kms.katalon.core.main.TestCaseExecutor.runScript(TestCaseExecutor.java:448)
	at com.kms.katalon.core.main.TestCaseExecutor.doExecute(TestCaseExecutor.java:439)
	at com.kms.katalon.core.main.TestCaseExecutor.processExecutionPhase(TestCaseExecutor.java:418)
	at com.kms.katalon.core.main.TestCaseExecutor.accessMainPhase(TestCaseExecutor.java:410)
	at com.kms.katalon.core.main.TestCaseExecutor.execute(TestCaseExecutor.java:285)
	at com.kms.katalon.core.common.CommonExecutor.accessTestCaseMainPhase(CommonExecutor.java:65)
	at com.kms.katalon.core.main.TestSuiteExecutor.accessTestSuiteMainPhase(TestSuiteExecutor.java:150)
	at com.kms.katalon.core.main.TestSuiteExecutor.execute(TestSuiteExecutor.java:106)
	at com.kms.katalon.core.main.TestCaseMain.startTestSuite(TestCaseMain.java:180)
	at TempTestSuite1738107421100.run(TempTestSuite1738107421100.groovy:35)
	at java.base/jdk.internal.reflect.NativeMethodAccessorImpl.invoke0(Native Method)
	at java.base/jdk.internal.reflect.NativeMethodAccessorImpl.invoke(NativeMethodAccessorImpl.java:77)
	at java.base/jdk.internal.reflect.DelegatingMethodAccessorImpl.invoke(DelegatingMethodAccessorImpl.java:43)
)

29-01-2025T05:47:44 - [MESSAGE][FAILED] - Unable to verify equal between actual object '●● Отклонения, %
%
Отклонения по отпуску из сети
-27.86-27.86
-97.25-97.25
2022/2023
2023/2024
-100
0
-125
-75
-50
-25' and expected object '●● Отклонения, %
%
Отклонения по отпуску из сети
-27.86-27.86
-97.03-97.03
2022/2023
2023/2024
-100
0
-125
-75
-50
-25' (Root cause: com.kms.katalon.core.exception.StepFailedException: Actual object '●● Отклонения, %
%
Отклонения по отпуску из сети
-27.86-27.86
-97.25-97.25
2022/2023
2023/2024
-100
0
-125
-75
-50
-25' and expected object '●● Отклонения, %
%
Отклонения по отпуску из сети
-27.86-27.86
-97.03-97.03
2022/2023
2023/2024
-100
0
-125
-75
-50
-25' are not equal
	at com.kms.katalon.core.keyword.builtin.VerifyEqualKeyword$_verifyEqual_closure1.doCall(VerifyEqualKeyword.groovy:58)
	at com.kms.katalon.core.keyword.builtin.VerifyEqualKeyword$_verifyEqual_closure1.call(VerifyEqualKeyword.groovy)
	at com.kms.katalon.core.keyword.internal.KeywordMain.runKeyword(KeywordMain.groovy:75)
	at com.kms.katalon.core.keyword.builtin.VerifyEqualKeyword.verifyEqual(VerifyEqualKeyword.groovy:63)
	at com.kms.katalon.core.keyword.builtin.VerifyEqualKeyword.execute(VerifyEqualKeyword.groovy:44)
	at com.kms.katalon.core.keyword.internal.KeywordExecutor.executeKeywordForPlatform(KeywordExecutor.groovy:74)
	at com.kms.katalon.core.keyword.BuiltinKeywords.verifyEqual(BuiltinKeywords.groovy:146)
	at jdk.internal.reflect.GeneratedMethodAccessor25.invoke(Unknown Source)
	at java.base/jdk.internal.reflect.DelegatingMethodAccessorImpl.invoke(DelegatingMethodAccessorImpl.java:43)
	at Блок руководителя сверка дашбордов под разными учётками.OtpuskIzSeti(Блок руководителя сверка дашбордов под разными учётками:711)
	at Блок руководителя сверка дашбордов под разными учётками.run(Блок руководителя сверка дашбордов под разными учётками:70)
	at com.kms.katalon.core.main.ScriptEngine.run(ScriptEngine.java:194)
	at com.kms.katalon.core.main.ScriptEngine.runScriptAsRawText(ScriptEngine.java:119)
	at com.kms.katalon.core.main.TestCaseExecutor.runScript(TestCaseExecutor.java:448)
	at com.kms.katalon.core.main.TestCaseExecutor.doExecute(TestCaseExecutor.java:439)
	at com.kms.katalon.core.main.TestCaseExecutor.processExecutionPhase(TestCaseExecutor.java:418)
	at com.kms.katalon.core.main.TestCaseExecutor.accessMainPhase(TestCaseExecutor.java:410)
	at com.kms.katalon.core.main.TestCaseExecutor.execute(TestCaseExecutor.java:285)
	at com.kms.katalon.core.common.CommonExecutor.accessTestCaseMainPhase(CommonExecutor.java:65)
	at com.kms.katalon.core.main.TestSuiteExecutor.accessTestSuiteMainPhase(TestSuiteExecutor.java:150)
	at com.kms.katalon.core.main.TestSuiteExecutor.execute(TestSuiteExecutor.java:106)
	at com.kms.katalon.core.main.TestCaseMain.startTestSuite(TestCaseMain.java:180)
	at TempTestSuite1738107421100.run(TempTestSuite1738107421100.groovy:35)
	at java.base/jdk.internal.reflect.NativeMethodAccessorImpl.invoke0(Native Method)
	at java.base/jdk.internal.reflect.NativeMethodAccessorImpl.invoke(NativeMethodAccessorImpl.java:77)
	at java.base/jdk.internal.reflect.DelegatingMethodAccessorImpl.invoke(DelegatingMethodAccessorImpl.java:43)
)

29-01-2025T05:47:44 - [TEST_STEP][PASSED] - Script1686231490255.WriteToExcel(user, dashboardName, n, data, run, a1, a2, a3, a4, a5, a6, a7, a8, a9): null

29-01-2025T05:47:44 - [TEST_STEP][PASSED] - sheetName = "Sheet1": null

29-01-2025T05:47:44 - [TEST_STEP][PASSED] - workbook01 = getWorkbook(excelFilePath): null

29-01-2025T05:47:44 - [TEST_STEP][PASSED] - sheet01 = getExcelSheet(workbook01, sheetName): null

29-01-2025T05:47:44 - [TEST_STEP][PASSED] - setValueToCellByIndex(sheet01, n, 0, dashboardName): null

29-01-2025T05:47:44 - [TEST_STEP][PASSED] - setValueToCellByIndex(sheet01, n, 10, user): null

29-01-2025T05:47:44 - [TEST_STEP][PASSED] - setValueToCellByIndex(sheet01, n, 1, a1): null

29-01-2025T05:47:44 - [TEST_STEP][PASSED] - setValueToCellByIndex(sheet01, n, 2, a2): null

29-01-2025T05:47:44 - [TEST_STEP][PASSED] - setValueToCellByIndex(sheet01, n, 3, a3): null

29-01-2025T05:47:44 - [TEST_STEP][PASSED] - setValueToCellByIndex(sheet01, n, 4, a4): null

29-01-2025T05:47:44 - [TEST_STEP][PASSED] - setValueToCellByIndex(sheet01, n, 5, a5): null

29-01-2025T05:47:44 - [TEST_STEP][PASSED] - setValueToCellByIndex(sheet01, n, 6, a6): null

29-01-2025T05:47:44 - [TEST_STEP][PASSED] - setValueToCellByIndex(sheet01, n, 7, a7): null

29-01-2025T05:47:44 - [TEST_STEP][PASSED] - setValueToCellByIndex(sheet01, n, 8, a8): null

29-01-2025T05:47:44 - [TEST_STEP][PASSED] - setValueToCellByIndex(sheet01, n, 9, a9): null

29-01-2025T05:47:44 - [TEST_STEP][PASSED] - n = n + 1: null

29-01-2025T05:47:44 - [TEST_STEP][PASSED] - saveWorkbook(excelFilePath, workbook01): null

29-01-2025T05:47:44 - [TEST_STEP][PASSED] - closeBrowser(): Browser is closed

29-01-2025T05:47:44 - [MESSAGE][PASSED] - Browser is closed

29-01-2025T05:47:44 - [TEST_STEP][PASSED] - delay(70): Delayed 70 second(s)

29-01-2025T05:48:54 - [MESSAGE][PASSED] - Delayed 70 second(s)

29-01-2025T05:48:54 - [TEST_STEP][PASSED] - for ([run = 1, run < 4, (run++)]): null

29-01-2025T05:48:54 - [TEST_STEP][PASSED] - OtpuskVSet(user, dashboardName, n, data, run, a1, a2, a3, a4, a5, a6, a7, a8, a9, urlData): null

29-01-2025T05:48:54 - [TEST_STEP][PASSED] - n = data.getRowNumbers() + 1: null

29-01-2025T05:48:54 - [TEST_STEP][PASSED] - println(n): null

29-01-2025T05:48:54 - [TEST_STEP][PASSED] - dashboardName = "Отпуск в сеть": null

29-01-2025T05:48:54 - [TEST_STEP][PASSED] - openBrowser(""): Browser is opened with url: ''

29-01-2025T05:48:54 - [MESSAGE][INFO] - Starting 'Chrome' driver

29-01-2025T05:48:54 - [MESSAGE][INFO] - Action delay is set to 0 milliseconds

29-01-2025T05:48:55 - [MESSAGE][PASSED] - Browser is opened with url: ''

29-01-2025T05:48:55 - [TEST_STEP][PASSED] - urlData = 16: null

29-01-2025T05:48:55 - [TEST_STEP][PASSED] - Script1686231490255.CheckPageDownload(urlData, run): null

29-01-2025T05:48:55 - [TEST_STEP][PASSED] - i = 1: null

29-01-2025T05:48:55 - [TEST_STEP][PASSED] - ii = 0: null

29-01-2025T05:48:55 - [TEST_STEP][PASSED] - urlText = <not implemented yet for class: org.codehaus.groovy.ast.expr.EmptyExpression>: null

29-01-2025T05:48:55 - [TEST_STEP][PASSED] - searchWord = <not implemented yet for class: org.codehaus.groovy.ast.expr.EmptyExpression>: null

29-01-2025T05:48:55 - [TEST_STEP][PASSED] - deleteAllCookies(): Delete all cookies successfully

29-01-2025T05:48:55 - [MESSAGE][PASSED] - Delete all cookies successfully

29-01-2025T05:48:55 - [TEST_STEP][PASSED] - refresh(): Refresh successfully

29-01-2025T05:48:55 - [MESSAGE][PASSED] - Refresh successfully

29-01-2025T05:48:55 - [TEST_STEP][PASSED] - delay(70): Delayed 70 second(s)

29-01-2025T05:50:05 - [MESSAGE][PASSED] - Delayed 70 second(s)

29-01-2025T05:50:05 - [TEST_STEP][PASSED] - navigateToUrl(findTestData("PlanFact").getValue(10, urlData)): Navigate to 'https://bi.rosseti.digital/viewer?dashboardGuid=d154a8eaf6824e2b9de1bb04dd061c18&sheetGuid=33f591ea3cbf498897e314a4cd5a9f29&fit=true' successfully

29-01-2025T05:50:15 - [MESSAGE][PASSED] - Navigate to 'https://bi.rosseti.digital/viewer?dashboardGuid=d154a8eaf6824e2b9de1bb04dd061c18&sheetGuid=33f591ea3cbf498897e314a4cd5a9f29&fit=true' successfully

29-01-2025T05:50:15 - [TEST_STEP][PASSED] - pageLoaded1 = verifyElementPresent(findTestObject("Страница авторизации/Text"), 30): Object 'Object Repository/Страница авторизации/Text' is present

29-01-2025T05:50:17 - [MESSAGE][PASSED] - Object 'Object Repository/Страница авторизации/Text' is present

29-01-2025T05:50:17 - [TEST_STEP][PASSED] - if (pageLoaded1 == false): null

29-01-2025T05:50:17 - [TEST_STEP][PASSED] - urlText = getText(findTestObject("Страница авторизации/Text")): Text of object 'Object Repository/Страница авторизации/Text' is: 'Вход'

29-01-2025T05:50:17 - [MESSAGE][PASSED] - Text of object 'Object Repository/Страница авторизации/Text' is: 'Вход'

29-01-2025T05:50:17 - [TEST_STEP][PASSED] - delay(70): Delayed 70 second(s)

29-01-2025T05:51:27 - [MESSAGE][PASSED] - Delayed 70 second(s)

29-01-2025T05:51:27 - [TEST_STEP][PASSED] - searchWord = "Вход": null

29-01-2025T05:51:27 - [TEST_STEP][PASSED] - if (urlText.contains(searchWord) == false): null

29-01-2025T05:51:27 - [TEST_STEP][PASSED] - setText(findTestObject("Страница авторизации/input__username"), findTestData("PlanFact").getValue(8, run)): Text 'liazgina-di' is set on object 'Object Repository/Страница авторизации/input__username'

29-01-2025T05:51:28 - [MESSAGE][PASSED] - Text 'liazgina-di' is set on object 'Object Repository/Страница авторизации/input__username'

29-01-2025T05:51:28 - [TEST_STEP][PASSED] - setText(findTestObject("Страница авторизации/input__password"), findTestData("PlanFact").getValue(9, run)): Text ')$%5srZ8o688Dm#q' is set on object 'Object Repository/Страница авторизации/input__password'

29-01-2025T05:51:28 - [MESSAGE][PASSED] - Text ')$%5srZ8o688Dm#q' is set on object 'Object Repository/Страница авторизации/input__password'

29-01-2025T05:51:28 - [TEST_STEP][PASSED] - click(findTestObject("Страница авторизации/button_")): Object: 'Object Repository/Страница авторизации/button_' is clicked on

29-01-2025T05:51:30 - [MESSAGE][PASSED] - Object: 'Object Repository/Страница авторизации/button_' is clicked on

29-01-2025T05:51:30 - [TEST_STEP][PASSED] - delay(70): Delayed 70 second(s)

29-01-2025T05:52:40 - [MESSAGE][PASSED] - Delayed 70 second(s)

29-01-2025T05:52:40 - [TEST_STEP][PASSED] - searchWord = "а": null

29-01-2025T05:52:40 - [TEST_STEP][PASSED] - pageLoaded2 = verifyElementPresent(findTestObject("Страница авторизации/Text"), 50): Object 'Object Repository/Страница авторизации/Text' is present

29-01-2025T05:52:40 - [MESSAGE][PASSED] - Object 'Object Repository/Страница авторизации/Text' is present

29-01-2025T05:52:40 - [TEST_STEP][PASSED] - if (pageLoaded2 == false): null

29-01-2025T05:52:40 - [TEST_STEP][PASSED] - urlText = getText(findTestObject("Страница авторизации/Text")): Text of object 'Object Repository/Страница авторизации/Text' is: 'ДЗО 
Все
Период
Выбрано: 12
тыс. кВт⋅ч
Отпуск в сеть
Факт
2022 год
2023 год
2024 год
0
100 000
200 000
300 000
400 000
500 000
600 000
700 000
800 000
900 000
1 000 000
859 150 332
618 165 643
22 899 274
●● Отклонения, %
%
Отклонения по отпуску в сеть
-28.05-28.05
-96.30-96.30
2022/2023
2023/2024
-100
0
-125
-75
-50
-25
●● Отклонения, тыс. кВт⋅ч
тыс. кВт⋅ч
Отклонения по отпуску в сеть
-240 984 690-240 984 690
-595 266 368-595 266 368
2022/2023
2023/2024
-700 000 000
-600 000 000
-500 000 000
-400 000 000
-300 000 000
-200 000 000
-100 000 000
0
Фактические данные по отпуску в сеть'

29-01-2025T05:52:41 - [MESSAGE][PASSED] - Text of object 'Object Repository/Страница авторизации/Text' is: 'ДЗО 
Все
Период
Выбрано: 12
тыс. кВт⋅ч
Отпуск в сеть
Факт
2022 год
2023 год
2024 год
0
100 000
200 000
300 000
400 000
500 000
600 000
700 000
800 000
900 000
1 000 000
859 150 332
618 165 643
22 899 274
●● Отклонения, %
%
Отклонения по отпуску в сеть
-28.05-28.05
-96.30-96.30
2022/2023
2023/2024
-100
0
-125
-75
-50
-25
●● Отклонения, тыс. кВт⋅ч
тыс. кВт⋅ч
Отклонения по отпуску в сеть
-240 984 690-240 984 690
-595 266 368-595 266 368
2022/2023
2023/2024
-700 000 000
-600 000 000
-500 000 000
-400 000 000
-300 000 000
-200 000 000
-100 000 000
0
Фактические данные по отпуску в сеть'

29-01-2025T05:52:41 - [TEST_STEP][PASSED] - if (urlText.contains("ошибка") || urlText.contains(searchWord) == false): null

29-01-2025T05:52:41 - [TEST_STEP][PASSED] - a5 = "": null

29-01-2025T05:52:41 - [TEST_STEP][PASSED] - a6 = "": null

29-01-2025T05:52:41 - [TEST_STEP][PASSED] - a7 = "": null

29-01-2025T05:52:41 - [TEST_STEP][PASSED] - a8 = "": null

29-01-2025T05:52:41 - [TEST_STEP][PASSED] - a9 = "": null

29-01-2025T05:52:41 - [TEST_STEP][PASSED] - if (run == 1): null

29-01-2025T05:52:41 - [TEST_STEP][PASSED] - user = "админ": null

29-01-2025T05:52:41 - [TEST_STEP][PASSED] - a1 = getText(findTestObject("Отпуск в сеть/span1")): Text of object 'Object Repository/Отпуск в сеть/span1' is: '859 150 332'

29-01-2025T05:52:41 - [MESSAGE][PASSED] - Text of object 'Object Repository/Отпуск в сеть/span1' is: '859 150 332'

29-01-2025T05:52:41 - [TEST_STEP][PASSED] - a2 = getText(findTestObject("Отпуск в сеть/span2")): Text of object 'Object Repository/Отпуск в сеть/span2' is: '618 165 643'

29-01-2025T05:52:41 - [MESSAGE][PASSED] - Text of object 'Object Repository/Отпуск в сеть/span2' is: '618 165 643'

29-01-2025T05:52:41 - [TEST_STEP][PASSED] - a3 = getText(findTestObject("Отпуск в сеть/График1")): Text of object 'Object Repository/Отпуск в сеть/График1' is: '●● Отклонения, тыс. кВт⋅ч
тыс. кВт⋅ч
Отклонения по отпуску в сеть
-240 984 690-240 984 690
-595 266 368-595 266 368
2022/2023
2023/2024
-700 000 000
-600 000 000
-500 000 000
-400 000 000
-300 000 000
-200 000 000
-100 000 000
0'

29-01-2025T05:52:41 - [MESSAGE][PASSED] - Text of object 'Object Repository/Отпуск в сеть/График1' is: '●● Отклонения, тыс. кВт⋅ч
тыс. кВт⋅ч
Отклонения по отпуску в сеть
-240 984 690-240 984 690
-595 266 368-595 266 368
2022/2023
2023/2024
-700 000 000
-600 000 000
-500 000 000
-400 000 000
-300 000 000
-200 000 000
-100 000 000
0'

29-01-2025T05:52:41 - [TEST_STEP][PASSED] - a4 = getText(findTestObject("Отпуск в сеть/График2")): Text of object 'Object Repository/Отпуск в сеть/График2' is: '●● Отклонения, %
%
Отклонения по отпуску в сеть
-28.05-28.05
-96.30-96.30
2022/2023
2023/2024
-100
0
-125
-75
-50
-25'

29-01-2025T05:52:42 - [MESSAGE][PASSED] - Text of object 'Object Repository/Отпуск в сеть/График2' is: '●● Отклонения, %
%
Отклонения по отпуску в сеть
-28.05-28.05
-96.30-96.30
2022/2023
2023/2024
-100
0
-125
-75
-50
-25'

29-01-2025T05:52:42 - [TEST_STEP][PASSED] - n = n + 12: null

29-01-2025T05:52:42 - [TEST_STEP][PASSED] - Script1686231490255.WriteToExcel(user, dashboardName, n, data, run, a1, a2, a3, a4, a5, a6, a7, a8, a9): null

29-01-2025T05:52:42 - [TEST_STEP][PASSED] - sheetName = "Sheet1": null

29-01-2025T05:52:42 - [TEST_STEP][PASSED] - workbook01 = getWorkbook(excelFilePath): null

29-01-2025T05:52:42 - [TEST_STEP][PASSED] - sheet01 = getExcelSheet(workbook01, sheetName): null

29-01-2025T05:52:42 - [TEST_STEP][PASSED] - setValueToCellByIndex(sheet01, n, 0, dashboardName): null

29-01-2025T05:52:42 - [TEST_STEP][PASSED] - setValueToCellByIndex(sheet01, n, 10, user): null

29-01-2025T05:52:42 - [TEST_STEP][PASSED] - setValueToCellByIndex(sheet01, n, 1, a1): null

29-01-2025T05:52:42 - [TEST_STEP][PASSED] - setValueToCellByIndex(sheet01, n, 2, a2): null

29-01-2025T05:52:42 - [TEST_STEP][PASSED] - setValueToCellByIndex(sheet01, n, 3, a3): null

29-01-2025T05:52:42 - [TEST_STEP][PASSED] - setValueToCellByIndex(sheet01, n, 4, a4): null

29-01-2025T05:52:42 - [TEST_STEP][PASSED] - setValueToCellByIndex(sheet01, n, 5, a5): null

29-01-2025T05:52:42 - [TEST_STEP][PASSED] - setValueToCellByIndex(sheet01, n, 6, a6): null

29-01-2025T05:52:42 - [TEST_STEP][PASSED] - setValueToCellByIndex(sheet01, n, 7, a7): null

29-01-2025T05:52:42 - [TEST_STEP][PASSED] - setValueToCellByIndex(sheet01, n, 8, a8): null

29-01-2025T05:52:42 - [TEST_STEP][PASSED] - setValueToCellByIndex(sheet01, n, 9, a9): null

29-01-2025T05:52:42 - [TEST_STEP][PASSED] - n = n + 1: null

29-01-2025T05:52:42 - [TEST_STEP][PASSED] - saveWorkbook(excelFilePath, workbook01): null

29-01-2025T05:52:42 - [TEST_STEP][PASSED] - if (run == 2): null

29-01-2025T05:52:42 - [TEST_STEP][PASSED] - if (run == 3): null

29-01-2025T05:52:42 - [TEST_STEP][PASSED] - closeBrowser(): null

29-01-2025T05:52:42 - [MESSAGE][PASSED] - Browser is closed

29-01-2025T05:52:42 - [TEST_STEP][PASSED] - OtpuskVSet(user, dashboardName, n, data, run, a1, a2, a3, a4, a5, a6, a7, a8, a9, urlData): null

29-01-2025T05:52:42 - [TEST_STEP][PASSED] - n = data.getRowNumbers() + 1: null

29-01-2025T05:52:42 - [TEST_STEP][PASSED] - println(n): null

29-01-2025T05:52:42 - [TEST_STEP][PASSED] - dashboardName = "Отпуск в сеть": null

29-01-2025T05:52:42 - [TEST_STEP][PASSED] - openBrowser(""): Browser is opened with url: ''

29-01-2025T05:52:42 - [MESSAGE][INFO] - Starting 'Chrome' driver

29-01-2025T05:52:42 - [MESSAGE][INFO] - Action delay is set to 0 milliseconds

29-01-2025T05:52:43 - [MESSAGE][PASSED] - Browser is opened with url: ''

29-01-2025T05:52:43 - [TEST_STEP][PASSED] - urlData = 16: null

29-01-2025T05:52:43 - [TEST_STEP][PASSED] - Script1686231490255.CheckPageDownload(urlData, run): null

29-01-2025T05:52:43 - [TEST_STEP][PASSED] - i = 1: null

29-01-2025T05:52:43 - [TEST_STEP][PASSED] - ii = 0: null

29-01-2025T05:52:43 - [TEST_STEP][PASSED] - urlText = <not implemented yet for class: org.codehaus.groovy.ast.expr.EmptyExpression>: null

29-01-2025T05:52:43 - [TEST_STEP][PASSED] - searchWord = <not implemented yet for class: org.codehaus.groovy.ast.expr.EmptyExpression>: null

29-01-2025T05:52:43 - [TEST_STEP][PASSED] - deleteAllCookies(): Delete all cookies successfully

29-01-2025T05:52:43 - [MESSAGE][PASSED] - Delete all cookies successfully

29-01-2025T05:52:43 - [TEST_STEP][PASSED] - refresh(): Refresh successfully

29-01-2025T05:52:43 - [MESSAGE][PASSED] - Refresh successfully

29-01-2025T05:52:43 - [TEST_STEP][PASSED] - delay(70): Delayed 70 second(s)

29-01-2025T05:53:53 - [MESSAGE][PASSED] - Delayed 70 second(s)

29-01-2025T05:53:53 - [TEST_STEP][PASSED] - navigateToUrl(findTestData("PlanFact").getValue(10, urlData)): Navigate to 'https://bi.rosseti.digital/viewer?dashboardGuid=d154a8eaf6824e2b9de1bb04dd061c18&sheetGuid=33f591ea3cbf498897e314a4cd5a9f29&fit=true' successfully

29-01-2025T05:53:59 - [MESSAGE][PASSED] - Navigate to 'https://bi.rosseti.digital/viewer?dashboardGuid=d154a8eaf6824e2b9de1bb04dd061c18&sheetGuid=33f591ea3cbf498897e314a4cd5a9f29&fit=true' successfully

29-01-2025T05:53:59 - [TEST_STEP][PASSED] - pageLoaded1 = verifyElementPresent(findTestObject("Страница авторизации/Text"), 30): Object 'Object Repository/Страница авторизации/Text' is present

29-01-2025T05:54:00 - [MESSAGE][PASSED] - Object 'Object Repository/Страница авторизации/Text' is present

29-01-2025T05:54:00 - [TEST_STEP][PASSED] - if (pageLoaded1 == false): null

29-01-2025T05:54:00 - [TEST_STEP][PASSED] - urlText = getText(findTestObject("Страница авторизации/Text")): Text of object 'Object Repository/Страница авторизации/Text' is: 'Вход'

29-01-2025T05:54:01 - [MESSAGE][PASSED] - Text of object 'Object Repository/Страница авторизации/Text' is: 'Вход'

29-01-2025T05:54:01 - [TEST_STEP][PASSED] - delay(70): Delayed 70 second(s)

29-01-2025T05:55:11 - [MESSAGE][PASSED] - Delayed 70 second(s)

29-01-2025T05:55:11 - [TEST_STEP][PASSED] - searchWord = "Вход": null

29-01-2025T05:55:11 - [TEST_STEP][PASSED] - if (urlText.contains(searchWord) == false): null

29-01-2025T05:55:11 - [TEST_STEP][PASSED] - setText(findTestObject("Страница авторизации/input__username"), findTestData("PlanFact").getValue(8, run)): Text 'Andreeva-EV' is set on object 'Object Repository/Страница авторизации/input__username'

29-01-2025T05:55:11 - [MESSAGE][PASSED] - Text 'Andreeva-EV' is set on object 'Object Repository/Страница авторизации/input__username'

29-01-2025T05:55:11 - [TEST_STEP][PASSED] - setText(findTestObject("Страница авторизации/input__password"), findTestData("PlanFact").getValue(9, run)): Text '2nPePKDwCPH3ul7xMZ' is set on object 'Object Repository/Страница авторизации/input__password'

29-01-2025T05:55:12 - [MESSAGE][PASSED] - Text '2nPePKDwCPH3ul7xMZ' is set on object 'Object Repository/Страница авторизации/input__password'

29-01-2025T05:55:12 - [TEST_STEP][PASSED] - click(findTestObject("Страница авторизации/button_")): Object: 'Object Repository/Страница авторизации/button_' is clicked on

29-01-2025T05:55:13 - [MESSAGE][PASSED] - Object: 'Object Repository/Страница авторизации/button_' is clicked on

29-01-2025T05:55:13 - [TEST_STEP][PASSED] - delay(70): Delayed 70 second(s)

29-01-2025T05:56:23 - [MESSAGE][PASSED] - Delayed 70 second(s)

29-01-2025T05:56:23 - [TEST_STEP][PASSED] - searchWord = "а": null

29-01-2025T05:56:23 - [TEST_STEP][PASSED] - pageLoaded2 = verifyElementPresent(findTestObject("Страница авторизации/Text"), 50): Object 'Object Repository/Страница авторизации/Text' is present

29-01-2025T05:56:24 - [MESSAGE][PASSED] - Object 'Object Repository/Страница авторизации/Text' is present

29-01-2025T05:56:24 - [TEST_STEP][PASSED] - if (pageLoaded2 == false): null

29-01-2025T05:56:24 - [TEST_STEP][PASSED] - urlText = getText(findTestObject("Страница авторизации/Text")): Text of object 'Object Repository/Страница авторизации/Text' is: 'ДЗО 
Все
Период
Выбрано: 12
тыс. кВт⋅ч
Отпуск в сеть
Факт
2022 год
2023 год
2024 год
0
100 000
200 000
300 000
400 000
500 000
600 000
700 000
800 000
900 000
1 000 000
859 150 332
618 165 643
23 665 895
●● Отклонения, %
%
Отклонения по отпуску в сеть
-28.05-28.05
-96.17-96.17
2022/2023
2023/2024
-100
0
-125
-75
-50
-25
●● Отклонения, тыс. кВт⋅ч
тыс. кВт⋅ч
Отклонения по отпуску в сеть
-240 984 690-240 984 690
-594 499 747-594 499 747
2022/2023
2023/2024
-700 000 000
-600 000 000
-500 000 000
-400 000 000
-300 000 000
-200 000 000
-100 000 000
0
Фактические данные по отпуску в сеть'

29-01-2025T05:56:24 - [MESSAGE][PASSED] - Text of object 'Object Repository/Страница авторизации/Text' is: 'ДЗО 
Все
Период
Выбрано: 12
тыс. кВт⋅ч
Отпуск в сеть
Факт
2022 год
2023 год
2024 год
0
100 000
200 000
300 000
400 000
500 000
600 000
700 000
800 000
900 000
1 000 000
859 150 332
618 165 643
23 665 895
●● Отклонения, %
%
Отклонения по отпуску в сеть
-28.05-28.05
-96.17-96.17
2022/2023
2023/2024
-100
0
-125
-75
-50
-25
●● Отклонения, тыс. кВт⋅ч
тыс. кВт⋅ч
Отклонения по отпуску в сеть
-240 984 690-240 984 690
-594 499 747-594 499 747
2022/2023
2023/2024
-700 000 000
-600 000 000
-500 000 000
-400 000 000
-300 000 000
-200 000 000
-100 000 000
0
Фактические данные по отпуску в сеть'

29-01-2025T05:56:24 - [TEST_STEP][PASSED] - if (urlText.contains("ошибка") || urlText.contains(searchWord) == false): null

29-01-2025T05:56:24 - [TEST_STEP][PASSED] - a5 = "": null

29-01-2025T05:56:24 - [TEST_STEP][PASSED] - a6 = "": null

29-01-2025T05:56:24 - [TEST_STEP][PASSED] - a7 = "": null

29-01-2025T05:56:24 - [TEST_STEP][PASSED] - a8 = "": null

29-01-2025T05:56:24 - [TEST_STEP][PASSED] - a9 = "": null

29-01-2025T05:56:24 - [TEST_STEP][PASSED] - if (run == 1): null

29-01-2025T05:56:24 - [TEST_STEP][FAILED] - if (run == 2): null

29-01-2025T05:56:24 - [TEST_STEP][PASSED] - user = "Андреева": null

29-01-2025T05:56:24 - [TEST_STEP][PASSED] - a1 = getText(findTestObject("Отпуск в сеть/span1")): Text of object 'Object Repository/Отпуск в сеть/span1' is: '859 150 332'

29-01-2025T05:56:25 - [MESSAGE][PASSED] - Text of object 'Object Repository/Отпуск в сеть/span1' is: '859 150 332'

29-01-2025T05:56:25 - [TEST_STEP][PASSED] - a2 = getText(findTestObject("Отпуск в сеть/span2")): Text of object 'Object Repository/Отпуск в сеть/span2' is: '618 165 643'

29-01-2025T05:56:25 - [MESSAGE][PASSED] - Text of object 'Object Repository/Отпуск в сеть/span2' is: '618 165 643'

29-01-2025T05:56:25 - [TEST_STEP][PASSED] - a3 = getText(findTestObject("Отпуск в сеть/График1")): Text of object 'Object Repository/Отпуск в сеть/График1' is: '●● Отклонения, тыс. кВт⋅ч
тыс. кВт⋅ч
Отклонения по отпуску в сеть
-240 984 690-240 984 690
-594 499 747-594 499 747
2022/2023
2023/2024
-700 000 000
-600 000 000
-500 000 000
-400 000 000
-300 000 000
-200 000 000
-100 000 000
0'

29-01-2025T05:56:25 - [MESSAGE][PASSED] - Text of object 'Object Repository/Отпуск в сеть/График1' is: '●● Отклонения, тыс. кВт⋅ч
тыс. кВт⋅ч
Отклонения по отпуску в сеть
-240 984 690-240 984 690
-594 499 747-594 499 747
2022/2023
2023/2024
-700 000 000
-600 000 000
-500 000 000
-400 000 000
-300 000 000
-200 000 000
-100 000 000
0'

29-01-2025T05:56:25 - [TEST_STEP][PASSED] - a4 = getText(findTestObject("Отпуск в сеть/График2")): Text of object 'Object Repository/Отпуск в сеть/График2' is: '●● Отклонения, %
%
Отклонения по отпуску в сеть
-28.05-28.05
-96.17-96.17
2022/2023
2023/2024
-100
0
-125
-75
-50
-25'

29-01-2025T05:56:26 - [MESSAGE][PASSED] - Text of object 'Object Repository/Отпуск в сеть/График2' is: '●● Отклонения, %
%
Отклонения по отпуску в сеть
-28.05-28.05
-96.17-96.17
2022/2023
2023/2024
-100
0
-125
-75
-50
-25'

29-01-2025T05:56:26 - [TEST_STEP][PASSED] - n = n + 13: null

29-01-2025T05:56:26 - [TEST_STEP][PASSED] - b = n - run + 1: null

29-01-2025T05:56:26 - [TEST_STEP][PASSED] - verifyEqual(findTestData("PlanFact").getValue(2, b), a1): Actual object '859 150 332' and expected object '859 150 332' are equal

29-01-2025T05:56:26 - [MESSAGE][PASSED] - Actual object '859 150 332' and expected object '859 150 332' are equal

29-01-2025T05:56:26 - [TEST_STEP][PASSED] - verifyEqual(findTestData("PlanFact").getValue(3, b), a2): Actual object '618 165 643' and expected object '618 165 643' are equal

29-01-2025T05:56:26 - [MESSAGE][PASSED] - Actual object '618 165 643' and expected object '618 165 643' are equal

29-01-2025T05:56:26 - [TEST_STEP][FAILED] - verifyEqual(findTestData("PlanFact").getValue(4, b), a3): Unable to verify equal between actual object '●● Отклонения, тыс. кВт⋅ч
тыс. кВт⋅ч
Отклонения по отпуску в сеть
-240 984 690-240 984 690
-595 266 368-595 266 368
2022/2023
2023/2024
-700 000 000
-600 000 000
-500 000 000
-400 000 000
-300 000 000
-200 000 000
-100 000 000
0' and expected object '●● Отклонения, тыс. кВт⋅ч
тыс. кВт⋅ч
Отклонения по отпуску в сеть
-240 984 690-240 984 690
-594 499 747-594 499 747
2022/2023
2023/2024
-700 000 000
-600 000 000
-500 000 000
-400 000 000
-300 000 000
-200 000 000
-100 000 000
0' (Root cause: com.kms.katalon.core.exception.StepFailedException: Actual object '●● Отклонения, тыс. кВт⋅ч
тыс. кВт⋅ч
Отклонения по отпуску в сеть
-240 984 690-240 984 690
-595 266 368-595 266 368
2022/2023
2023/2024
-700 000 000
-600 000 000
-500 000 000
-400 000 000
-300 000 000
-200 000 000
-100 000 000
0' and expected object '●● Отклонения, тыс. кВт⋅ч
тыс. кВт⋅ч
Отклонения по отпуску в сеть
-240 984 690-240 984 690
-594 499 747-594 499 747
2022/2023
2023/2024
-700 000 000
-600 000 000
-500 000 000
-400 000 000
-300 000 000
-200 000 000
-100 000 000
0' are not equal
	at com.kms.katalon.core.keyword.builtin.VerifyEqualKeyword$_verifyEqual_closure1.doCall(VerifyEqualKeyword.groovy:58)
	at com.kms.katalon.core.keyword.builtin.VerifyEqualKeyword$_verifyEqual_closure1.call(VerifyEqualKeyword.groovy)
	at com.kms.katalon.core.keyword.internal.KeywordMain.runKeyword(KeywordMain.groovy:75)
	at com.kms.katalon.core.keyword.builtin.VerifyEqualKeyword.verifyEqual(VerifyEqualKeyword.groovy:63)
	at com.kms.katalon.core.keyword.builtin.VerifyEqualKeyword.execute(VerifyEqualKeyword.groovy:44)
	at com.kms.katalon.core.keyword.internal.KeywordExecutor.executeKeywordForPlatform(KeywordExecutor.groovy:74)
	at com.kms.katalon.core.keyword.BuiltinKeywords.verifyEqual(BuiltinKeywords.groovy:146)
	at jdk.internal.reflect.GeneratedMethodAccessor25.invoke(Unknown Source)
	at java.base/jdk.internal.reflect.DelegatingMethodAccessorImpl.invoke(DelegatingMethodAccessorImpl.java:43)
	at Блок руководителя сверка дашбордов под разными учётками.OtpuskVSet(Блок руководителя сверка дашбордов под разными учётками:777)
	at Блок руководителя сверка дашбордов под разными учётками.run(Блок руководителя сверка дашбордов под разными учётками:76)
	at com.kms.katalon.core.main.ScriptEngine.run(ScriptEngine.java:194)
	at com.kms.katalon.core.main.ScriptEngine.runScriptAsRawText(ScriptEngine.java:119)
	at com.kms.katalon.core.main.TestCaseExecutor.runScript(TestCaseExecutor.java:448)
	at com.kms.katalon.core.main.TestCaseExecutor.doExecute(TestCaseExecutor.java:439)
	at com.kms.katalon.core.main.TestCaseExecutor.processExecutionPhase(TestCaseExecutor.java:418)
	at com.kms.katalon.core.main.TestCaseExecutor.accessMainPhase(TestCaseExecutor.java:410)
	at com.kms.katalon.core.main.TestCaseExecutor.execute(TestCaseExecutor.java:285)
	at com.kms.katalon.core.common.CommonExecutor.accessTestCaseMainPhase(CommonExecutor.java:65)
	at com.kms.katalon.core.main.TestSuiteExecutor.accessTestSuiteMainPhase(TestSuiteExecutor.java:150)
	at com.kms.katalon.core.main.TestSuiteExecutor.execute(TestSuiteExecutor.java:106)
	at com.kms.katalon.core.main.TestCaseMain.startTestSuite(TestCaseMain.java:180)
	at TempTestSuite1738107421100.run(TempTestSuite1738107421100.groovy:35)
	at java.base/jdk.internal.reflect.NativeMethodAccessorImpl.invoke0(Native Method)
	at java.base/jdk.internal.reflect.NativeMethodAccessorImpl.invoke(NativeMethodAccessorImpl.java:77)
	at java.base/jdk.internal.reflect.DelegatingMethodAccessorImpl.invoke(DelegatingMethodAccessorImpl.java:43)
)

29-01-2025T05:56:26 - [MESSAGE][FAILED] - Unable to verify equal between actual object '●● Отклонения, тыс. кВт⋅ч
тыс. кВт⋅ч
Отклонения по отпуску в сеть
-240 984 690-240 984 690
-595 266 368-595 266 368
2022/2023
2023/2024
-700 000 000
-600 000 000
-500 000 000
-400 000 000
-300 000 000
-200 000 000
-100 000 000
0' and expected object '●● Отклонения, тыс. кВт⋅ч
тыс. кВт⋅ч
Отклонения по отпуску в сеть
-240 984 690-240 984 690
-594 499 747-594 499 747
2022/2023
2023/2024
-700 000 000
-600 000 000
-500 000 000
-400 000 000
-300 000 000
-200 000 000
-100 000 000
0' (Root cause: com.kms.katalon.core.exception.StepFailedException: Actual object '●● Отклонения, тыс. кВт⋅ч
тыс. кВт⋅ч
Отклонения по отпуску в сеть
-240 984 690-240 984 690
-595 266 368-595 266 368
2022/2023
2023/2024
-700 000 000
-600 000 000
-500 000 000
-400 000 000
-300 000 000
-200 000 000
-100 000 000
0' and expected object '●● Отклонения, тыс. кВт⋅ч
тыс. кВт⋅ч
Отклонения по отпуску в сеть
-240 984 690-240 984 690
-594 499 747-594 499 747
2022/2023
2023/2024
-700 000 000
-600 000 000
-500 000 000
-400 000 000
-300 000 000
-200 000 000
-100 000 000
0' are not equal
	at com.kms.katalon.core.keyword.builtin.VerifyEqualKeyword$_verifyEqual_closure1.doCall(VerifyEqualKeyword.groovy:58)
	at com.kms.katalon.core.keyword.builtin.VerifyEqualKeyword$_verifyEqual_closure1.call(VerifyEqualKeyword.groovy)
	at com.kms.katalon.core.keyword.internal.KeywordMain.runKeyword(KeywordMain.groovy:75)
	at com.kms.katalon.core.keyword.builtin.VerifyEqualKeyword.verifyEqual(VerifyEqualKeyword.groovy:63)
	at com.kms.katalon.core.keyword.builtin.VerifyEqualKeyword.execute(VerifyEqualKeyword.groovy:44)
	at com.kms.katalon.core.keyword.internal.KeywordExecutor.executeKeywordForPlatform(KeywordExecutor.groovy:74)
	at com.kms.katalon.core.keyword.BuiltinKeywords.verifyEqual(BuiltinKeywords.groovy:146)
	at jdk.internal.reflect.GeneratedMethodAccessor25.invoke(Unknown Source)
	at java.base/jdk.internal.reflect.DelegatingMethodAccessorImpl.invoke(DelegatingMethodAccessorImpl.java:43)
	at Блок руководителя сверка дашбордов под разными учётками.OtpuskVSet(Блок руководителя сверка дашбордов под разными учётками:777)
	at Блок руководителя сверка дашбордов под разными учётками.run(Блок руководителя сверка дашбордов под разными учётками:76)
	at com.kms.katalon.core.main.ScriptEngine.run(ScriptEngine.java:194)
	at com.kms.katalon.core.main.ScriptEngine.runScriptAsRawText(ScriptEngine.java:119)
	at com.kms.katalon.core.main.TestCaseExecutor.runScript(TestCaseExecutor.java:448)
	at com.kms.katalon.core.main.TestCaseExecutor.doExecute(TestCaseExecutor.java:439)
	at com.kms.katalon.core.main.TestCaseExecutor.processExecutionPhase(TestCaseExecutor.java:418)
	at com.kms.katalon.core.main.TestCaseExecutor.accessMainPhase(TestCaseExecutor.java:410)
	at com.kms.katalon.core.main.TestCaseExecutor.execute(TestCaseExecutor.java:285)
	at com.kms.katalon.core.common.CommonExecutor.accessTestCaseMainPhase(CommonExecutor.java:65)
	at com.kms.katalon.core.main.TestSuiteExecutor.accessTestSuiteMainPhase(TestSuiteExecutor.java:150)
	at com.kms.katalon.core.main.TestSuiteExecutor.execute(TestSuiteExecutor.java:106)
	at com.kms.katalon.core.main.TestCaseMain.startTestSuite(TestCaseMain.java:180)
	at TempTestSuite1738107421100.run(TempTestSuite1738107421100.groovy:35)
	at java.base/jdk.internal.reflect.NativeMethodAccessorImpl.invoke0(Native Method)
	at java.base/jdk.internal.reflect.NativeMethodAccessorImpl.invoke(NativeMethodAccessorImpl.java:77)
	at java.base/jdk.internal.reflect.DelegatingMethodAccessorImpl.invoke(DelegatingMethodAccessorImpl.java:43)
)

29-01-2025T05:56:26 - [TEST_STEP][FAILED] - verifyEqual(findTestData("PlanFact").getValue(5, b), a4): Unable to verify equal between actual object '●● Отклонения, %
%
Отклонения по отпуску в сеть
-28.05-28.05
-96.30-96.30
2022/2023
2023/2024
-100
0
-125
-75
-50
-25' and expected object '●● Отклонения, %
%
Отклонения по отпуску в сеть
-28.05-28.05
-96.17-96.17
2022/2023
2023/2024
-100
0
-125
-75
-50
-25' (Root cause: com.kms.katalon.core.exception.StepFailedException: Actual object '●● Отклонения, %
%
Отклонения по отпуску в сеть
-28.05-28.05
-96.30-96.30
2022/2023
2023/2024
-100
0
-125
-75
-50
-25' and expected object '●● Отклонения, %
%
Отклонения по отпуску в сеть
-28.05-28.05
-96.17-96.17
2022/2023
2023/2024
-100
0
-125
-75
-50
-25' are not equal
	at com.kms.katalon.core.keyword.builtin.VerifyEqualKeyword$_verifyEqual_closure1.doCall(VerifyEqualKeyword.groovy:58)
	at com.kms.katalon.core.keyword.builtin.VerifyEqualKeyword$_verifyEqual_closure1.call(VerifyEqualKeyword.groovy)
	at com.kms.katalon.core.keyword.internal.KeywordMain.runKeyword(KeywordMain.groovy:75)
	at com.kms.katalon.core.keyword.builtin.VerifyEqualKeyword.verifyEqual(VerifyEqualKeyword.groovy:63)
	at com.kms.katalon.core.keyword.builtin.VerifyEqualKeyword.execute(VerifyEqualKeyword.groovy:44)
	at com.kms.katalon.core.keyword.internal.KeywordExecutor.executeKeywordForPlatform(KeywordExecutor.groovy:74)
	at com.kms.katalon.core.keyword.BuiltinKeywords.verifyEqual(BuiltinKeywords.groovy:146)
	at jdk.internal.reflect.GeneratedMethodAccessor25.invoke(Unknown Source)
	at java.base/jdk.internal.reflect.DelegatingMethodAccessorImpl.invoke(DelegatingMethodAccessorImpl.java:43)
	at Блок руководителя сверка дашбордов под разными учётками.OtpuskVSet(Блок руководителя сверка дашбордов под разными учётками:779)
	at Блок руководителя сверка дашбордов под разными учётками.run(Блок руководителя сверка дашбордов под разными учётками:76)
	at com.kms.katalon.core.main.ScriptEngine.run(ScriptEngine.java:194)
	at com.kms.katalon.core.main.ScriptEngine.runScriptAsRawText(ScriptEngine.java:119)
	at com.kms.katalon.core.main.TestCaseExecutor.runScript(TestCaseExecutor.java:448)
	at com.kms.katalon.core.main.TestCaseExecutor.doExecute(TestCaseExecutor.java:439)
	at com.kms.katalon.core.main.TestCaseExecutor.processExecutionPhase(TestCaseExecutor.java:418)
	at com.kms.katalon.core.main.TestCaseExecutor.accessMainPhase(TestCaseExecutor.java:410)
	at com.kms.katalon.core.main.TestCaseExecutor.execute(TestCaseExecutor.java:285)
	at com.kms.katalon.core.common.CommonExecutor.accessTestCaseMainPhase(CommonExecutor.java:65)
	at com.kms.katalon.core.main.TestSuiteExecutor.accessTestSuiteMainPhase(TestSuiteExecutor.java:150)
	at com.kms.katalon.core.main.TestSuiteExecutor.execute(TestSuiteExecutor.java:106)
	at com.kms.katalon.core.main.TestCaseMain.startTestSuite(TestCaseMain.java:180)
	at TempTestSuite1738107421100.run(TempTestSuite1738107421100.groovy:35)
	at java.base/jdk.internal.reflect.NativeMethodAccessorImpl.invoke0(Native Method)
	at java.base/jdk.internal.reflect.NativeMethodAccessorImpl.invoke(NativeMethodAccessorImpl.java:77)
	at java.base/jdk.internal.reflect.DelegatingMethodAccessorImpl.invoke(DelegatingMethodAccessorImpl.java:43)
)

29-01-2025T05:56:26 - [MESSAGE][FAILED] - Unable to verify equal between actual object '●● Отклонения, %
%
Отклонения по отпуску в сеть
-28.05-28.05
-96.30-96.30
2022/2023
2023/2024
-100
0
-125
-75
-50
-25' and expected object '●● Отклонения, %
%
Отклонения по отпуску в сеть
-28.05-28.05
-96.17-96.17
2022/2023
2023/2024
-100
0
-125
-75
-50
-25' (Root cause: com.kms.katalon.core.exception.StepFailedException: Actual object '●● Отклонения, %
%
Отклонения по отпуску в сеть
-28.05-28.05
-96.30-96.30
2022/2023
2023/2024
-100
0
-125
-75
-50
-25' and expected object '●● Отклонения, %
%
Отклонения по отпуску в сеть
-28.05-28.05
-96.17-96.17
2022/2023
2023/2024
-100
0
-125
-75
-50
-25' are not equal
	at com.kms.katalon.core.keyword.builtin.VerifyEqualKeyword$_verifyEqual_closure1.doCall(VerifyEqualKeyword.groovy:58)
	at com.kms.katalon.core.keyword.builtin.VerifyEqualKeyword$_verifyEqual_closure1.call(VerifyEqualKeyword.groovy)
	at com.kms.katalon.core.keyword.internal.KeywordMain.runKeyword(KeywordMain.groovy:75)
	at com.kms.katalon.core.keyword.builtin.VerifyEqualKeyword.verifyEqual(VerifyEqualKeyword.groovy:63)
	at com.kms.katalon.core.keyword.builtin.VerifyEqualKeyword.execute(VerifyEqualKeyword.groovy:44)
	at com.kms.katalon.core.keyword.internal.KeywordExecutor.executeKeywordForPlatform(KeywordExecutor.groovy:74)
	at com.kms.katalon.core.keyword.BuiltinKeywords.verifyEqual(BuiltinKeywords.groovy:146)
	at jdk.internal.reflect.GeneratedMethodAccessor25.invoke(Unknown Source)
	at java.base/jdk.internal.reflect.DelegatingMethodAccessorImpl.invoke(DelegatingMethodAccessorImpl.java:43)
	at Блок руководителя сверка дашбордов под разными учётками.OtpuskVSet(Блок руководителя сверка дашбордов под разными учётками:779)
	at Блок руководителя сверка дашбордов под разными учётками.run(Блок руководителя сверка дашбордов под разными учётками:76)
	at com.kms.katalon.core.main.ScriptEngine.run(ScriptEngine.java:194)
	at com.kms.katalon.core.main.ScriptEngine.runScriptAsRawText(ScriptEngine.java:119)
	at com.kms.katalon.core.main.TestCaseExecutor.runScript(TestCaseExecutor.java:448)
	at com.kms.katalon.core.main.TestCaseExecutor.doExecute(TestCaseExecutor.java:439)
	at com.kms.katalon.core.main.TestCaseExecutor.processExecutionPhase(TestCaseExecutor.java:418)
	at com.kms.katalon.core.main.TestCaseExecutor.accessMainPhase(TestCaseExecutor.java:410)
	at com.kms.katalon.core.main.TestCaseExecutor.execute(TestCaseExecutor.java:285)
	at com.kms.katalon.core.common.CommonExecutor.accessTestCaseMainPhase(CommonExecutor.java:65)
	at com.kms.katalon.core.main.TestSuiteExecutor.accessTestSuiteMainPhase(TestSuiteExecutor.java:150)
	at com.kms.katalon.core.main.TestSuiteExecutor.execute(TestSuiteExecutor.java:106)
	at com.kms.katalon.core.main.TestCaseMain.startTestSuite(TestCaseMain.java:180)
	at TempTestSuite1738107421100.run(TempTestSuite1738107421100.groovy:35)
	at java.base/jdk.internal.reflect.NativeMethodAccessorImpl.invoke0(Native Method)
	at java.base/jdk.internal.reflect.NativeMethodAccessorImpl.invoke(NativeMethodAccessorImpl.java:77)
	at java.base/jdk.internal.reflect.DelegatingMethodAccessorImpl.invoke(DelegatingMethodAccessorImpl.java:43)
)

29-01-2025T05:56:26 - [TEST_STEP][PASSED] - Script1686231490255.WriteToExcel(user, dashboardName, n, data, run, a1, a2, a3, a4, a5, a6, a7, a8, a9): null

29-01-2025T05:56:26 - [TEST_STEP][PASSED] - sheetName = "Sheet1": null

29-01-2025T05:56:26 - [TEST_STEP][PASSED] - workbook01 = getWorkbook(excelFilePath): null

29-01-2025T05:56:26 - [TEST_STEP][PASSED] - sheet01 = getExcelSheet(workbook01, sheetName): null

29-01-2025T05:56:26 - [TEST_STEP][PASSED] - setValueToCellByIndex(sheet01, n, 0, dashboardName): null

29-01-2025T05:56:26 - [TEST_STEP][PASSED] - setValueToCellByIndex(sheet01, n, 10, user): null

29-01-2025T05:56:26 - [TEST_STEP][PASSED] - setValueToCellByIndex(sheet01, n, 1, a1): null

29-01-2025T05:56:26 - [TEST_STEP][PASSED] - setValueToCellByIndex(sheet01, n, 2, a2): null

29-01-2025T05:56:26 - [TEST_STEP][PASSED] - setValueToCellByIndex(sheet01, n, 3, a3): null

29-01-2025T05:56:26 - [TEST_STEP][PASSED] - setValueToCellByIndex(sheet01, n, 4, a4): null

29-01-2025T05:56:26 - [TEST_STEP][PASSED] - setValueToCellByIndex(sheet01, n, 5, a5): null

29-01-2025T05:56:26 - [TEST_STEP][PASSED] - setValueToCellByIndex(sheet01, n, 6, a6): null

29-01-2025T05:56:26 - [TEST_STEP][PASSED] - setValueToCellByIndex(sheet01, n, 7, a7): null

29-01-2025T05:56:26 - [TEST_STEP][PASSED] - setValueToCellByIndex(sheet01, n, 8, a8): null

29-01-2025T05:56:26 - [TEST_STEP][PASSED] - setValueToCellByIndex(sheet01, n, 9, a9): null

29-01-2025T05:56:26 - [TEST_STEP][PASSED] - n = n + 1: null

29-01-2025T05:56:26 - [TEST_STEP][PASSED] - saveWorkbook(excelFilePath, workbook01): null

29-01-2025T05:56:26 - [TEST_STEP][PASSED] - if (run == 3): null

29-01-2025T05:56:26 - [TEST_STEP][PASSED] - closeBrowser(): null

29-01-2025T05:56:26 - [MESSAGE][PASSED] - Browser is closed

29-01-2025T05:56:26 - [TEST_STEP][PASSED] - OtpuskVSet(user, dashboardName, n, data, run, a1, a2, a3, a4, a5, a6, a7, a8, a9, urlData): null

29-01-2025T05:56:26 - [TEST_STEP][PASSED] - n = data.getRowNumbers() + 1: null

29-01-2025T05:56:26 - [TEST_STEP][PASSED] - println(n): null

29-01-2025T05:56:26 - [TEST_STEP][PASSED] - dashboardName = "Отпуск в сеть": null

29-01-2025T05:56:26 - [TEST_STEP][PASSED] - openBrowser(""): Browser is opened with url: ''

29-01-2025T05:56:26 - [MESSAGE][INFO] - Starting 'Chrome' driver

29-01-2025T05:56:26 - [MESSAGE][INFO] - Action delay is set to 0 milliseconds

29-01-2025T05:56:27 - [MESSAGE][PASSED] - Browser is opened with url: ''

29-01-2025T05:56:27 - [TEST_STEP][PASSED] - urlData = 16: null

29-01-2025T05:56:27 - [TEST_STEP][PASSED] - Script1686231490255.CheckPageDownload(urlData, run): null

29-01-2025T05:56:27 - [TEST_STEP][PASSED] - i = 1: null

29-01-2025T05:56:27 - [TEST_STEP][PASSED] - ii = 0: null

29-01-2025T05:56:27 - [TEST_STEP][PASSED] - urlText = <not implemented yet for class: org.codehaus.groovy.ast.expr.EmptyExpression>: null

29-01-2025T05:56:27 - [TEST_STEP][PASSED] - searchWord = <not implemented yet for class: org.codehaus.groovy.ast.expr.EmptyExpression>: null

29-01-2025T05:56:27 - [TEST_STEP][PASSED] - deleteAllCookies(): Delete all cookies successfully

29-01-2025T05:56:27 - [MESSAGE][PASSED] - Delete all cookies successfully

29-01-2025T05:56:27 - [TEST_STEP][PASSED] - refresh(): Refresh successfully

29-01-2025T05:56:27 - [MESSAGE][PASSED] - Refresh successfully

29-01-2025T05:56:27 - [TEST_STEP][PASSED] - delay(70): Delayed 70 second(s)

29-01-2025T05:57:37 - [MESSAGE][PASSED] - Delayed 70 second(s)

29-01-2025T05:57:37 - [TEST_STEP][PASSED] - navigateToUrl(findTestData("PlanFact").getValue(10, urlData)): Navigate to 'https://bi.rosseti.digital/viewer?dashboardGuid=d154a8eaf6824e2b9de1bb04dd061c18&sheetGuid=33f591ea3cbf498897e314a4cd5a9f29&fit=true' successfully

29-01-2025T05:57:44 - [MESSAGE][PASSED] - Navigate to 'https://bi.rosseti.digital/viewer?dashboardGuid=d154a8eaf6824e2b9de1bb04dd061c18&sheetGuid=33f591ea3cbf498897e314a4cd5a9f29&fit=true' successfully

29-01-2025T05:57:44 - [TEST_STEP][PASSED] - pageLoaded1 = verifyElementPresent(findTestObject("Страница авторизации/Text"), 30): Object 'Object Repository/Страница авторизации/Text' is present

29-01-2025T05:57:46 - [MESSAGE][PASSED] - Object 'Object Repository/Страница авторизации/Text' is present

29-01-2025T05:57:46 - [TEST_STEP][PASSED] - if (pageLoaded1 == false): null

29-01-2025T05:57:46 - [TEST_STEP][PASSED] - urlText = getText(findTestObject("Страница авторизации/Text")): Text of object 'Object Repository/Страница авторизации/Text' is: 'Вход'

29-01-2025T05:57:47 - [MESSAGE][PASSED] - Text of object 'Object Repository/Страница авторизации/Text' is: 'Вход'

29-01-2025T05:57:47 - [TEST_STEP][PASSED] - delay(70): Delayed 70 second(s)

29-01-2025T05:58:57 - [MESSAGE][PASSED] - Delayed 70 second(s)

29-01-2025T05:58:57 - [TEST_STEP][PASSED] - searchWord = "Вход": null

29-01-2025T05:58:57 - [TEST_STEP][PASSED] - if (urlText.contains(searchWord) == false): null

29-01-2025T05:58:57 - [TEST_STEP][PASSED] - setText(findTestObject("Страница авторизации/input__username"), findTestData("PlanFact").getValue(8, run)): Text 'Petrova-OV' is set on object 'Object Repository/Страница авторизации/input__username'

29-01-2025T05:58:57 - [MESSAGE][PASSED] - Text 'Petrova-OV' is set on object 'Object Repository/Страница авторизации/input__username'

29-01-2025T05:58:57 - [TEST_STEP][PASSED] - setText(findTestObject("Страница авторизации/input__password"), findTestData("PlanFact").getValue(9, run)): Text '4Ex@~R53r&3x&BVe7' is set on object 'Object Repository/Страница авторизации/input__password'

29-01-2025T05:58:58 - [MESSAGE][PASSED] - Text '4Ex@~R53r&3x&BVe7' is set on object 'Object Repository/Страница авторизации/input__password'

29-01-2025T05:58:58 - [TEST_STEP][PASSED] - click(findTestObject("Страница авторизации/button_")): Object: 'Object Repository/Страница авторизации/button_' is clicked on

29-01-2025T05:58:59 - [MESSAGE][PASSED] - Object: 'Object Repository/Страница авторизации/button_' is clicked on

29-01-2025T05:58:59 - [TEST_STEP][PASSED] - delay(70): Delayed 70 second(s)

29-01-2025T06:00:09 - [MESSAGE][PASSED] - Delayed 70 second(s)

29-01-2025T06:00:09 - [TEST_STEP][PASSED] - searchWord = "а": null

29-01-2025T06:00:09 - [TEST_STEP][PASSED] - pageLoaded2 = verifyElementPresent(findTestObject("Страница авторизации/Text"), 50): Object 'Object Repository/Страница авторизации/Text' is present

29-01-2025T06:00:10 - [MESSAGE][PASSED] - Object 'Object Repository/Страница авторизации/Text' is present

29-01-2025T06:00:10 - [TEST_STEP][PASSED] - if (pageLoaded2 == false): null

29-01-2025T06:00:10 - [TEST_STEP][PASSED] - urlText = getText(findTestObject("Страница авторизации/Text")): Text of object 'Object Repository/Страница авторизации/Text' is: 'ДЗО 
Все
Период
Выбрано: 12
тыс. кВт⋅ч
Отпуск в сеть
Факт
2022 год
2023 год
2024 год
0
100 000
200 000
300 000
400 000
500 000
600 000
700 000
800 000
900 000
1 000 000
859 150 332
618 165 643
23 665 895
●● Отклонения, %
%
Отклонения по отпуску в сеть
-28.05-28.05
-96.17-96.17
2022/2023
2023/2024
-100
0
-125
-75
-50
-25
●● Отклонения, тыс. кВт⋅ч
тыс. кВт⋅ч
Отклонения по отпуску в сеть
-240 984 690-240 984 690
-594 499 747-594 499 747
2022/2023
2023/2024
-700 000 000
-600 000 000
-500 000 000
-400 000 000
-300 000 000
-200 000 000
-100 000 000
0
Фактические данные по отпуску в сеть'

29-01-2025T06:00:10 - [MESSAGE][PASSED] - Text of object 'Object Repository/Страница авторизации/Text' is: 'ДЗО 
Все
Период
Выбрано: 12
тыс. кВт⋅ч
Отпуск в сеть
Факт
2022 год
2023 год
2024 год
0
100 000
200 000
300 000
400 000
500 000
600 000
700 000
800 000
900 000
1 000 000
859 150 332
618 165 643
23 665 895
●● Отклонения, %
%
Отклонения по отпуску в сеть
-28.05-28.05
-96.17-96.17
2022/2023
2023/2024
-100
0
-125
-75
-50
-25
●● Отклонения, тыс. кВт⋅ч
тыс. кВт⋅ч
Отклонения по отпуску в сеть
-240 984 690-240 984 690
-594 499 747-594 499 747
2022/2023
2023/2024
-700 000 000
-600 000 000
-500 000 000
-400 000 000
-300 000 000
-200 000 000
-100 000 000
0
Фактические данные по отпуску в сеть'

29-01-2025T06:00:10 - [TEST_STEP][PASSED] - if (urlText.contains("ошибка") || urlText.contains(searchWord) == false): null

29-01-2025T06:00:10 - [TEST_STEP][PASSED] - a5 = "": null

29-01-2025T06:00:10 - [TEST_STEP][PASSED] - a6 = "": null

29-01-2025T06:00:10 - [TEST_STEP][PASSED] - a7 = "": null

29-01-2025T06:00:10 - [TEST_STEP][PASSED] - a8 = "": null

29-01-2025T06:00:10 - [TEST_STEP][PASSED] - a9 = "": null

29-01-2025T06:00:10 - [TEST_STEP][PASSED] - if (run == 1): null

29-01-2025T06:00:10 - [TEST_STEP][PASSED] - if (run == 2): null

29-01-2025T06:00:10 - [TEST_STEP][FAILED] - if (run == 3): null

29-01-2025T06:00:10 - [TEST_STEP][PASSED] - user = "Попова": null

29-01-2025T06:00:10 - [TEST_STEP][PASSED] - a1 = getText(findTestObject("Отпуск в сеть/span1")): Text of object 'Object Repository/Отпуск в сеть/span1' is: '859 150 332'

29-01-2025T06:00:10 - [MESSAGE][PASSED] - Text of object 'Object Repository/Отпуск в сеть/span1' is: '859 150 332'

29-01-2025T06:00:10 - [TEST_STEP][PASSED] - a2 = getText(findTestObject("Отпуск в сеть/span2")): Text of object 'Object Repository/Отпуск в сеть/span2' is: '618 165 643'

29-01-2025T06:00:11 - [MESSAGE][PASSED] - Text of object 'Object Repository/Отпуск в сеть/span2' is: '618 165 643'

29-01-2025T06:00:11 - [TEST_STEP][PASSED] - a3 = getText(findTestObject("Отпуск в сеть/График1")): Text of object 'Object Repository/Отпуск в сеть/График1' is: '●● Отклонения, тыс. кВт⋅ч
тыс. кВт⋅ч
Отклонения по отпуску в сеть
-240 984 690-240 984 690
-594 499 747-594 499 747
2022/2023
2023/2024
-700 000 000
-600 000 000
-500 000 000
-400 000 000
-300 000 000
-200 000 000
-100 000 000
0'

29-01-2025T06:00:11 - [MESSAGE][PASSED] - Text of object 'Object Repository/Отпуск в сеть/График1' is: '●● Отклонения, тыс. кВт⋅ч
тыс. кВт⋅ч
Отклонения по отпуску в сеть
-240 984 690-240 984 690
-594 499 747-594 499 747
2022/2023
2023/2024
-700 000 000
-600 000 000
-500 000 000
-400 000 000
-300 000 000
-200 000 000
-100 000 000
0'

29-01-2025T06:00:11 - [TEST_STEP][PASSED] - a4 = getText(findTestObject("Отпуск в сеть/График2")): Text of object 'Object Repository/Отпуск в сеть/График2' is: '●● Отклонения, %
%
Отклонения по отпуску в сеть
-28.05-28.05
-96.17-96.17
2022/2023
2023/2024
-100
0
-125
-75
-50
-25'

29-01-2025T06:00:11 - [MESSAGE][PASSED] - Text of object 'Object Repository/Отпуск в сеть/График2' is: '●● Отклонения, %
%
Отклонения по отпуску в сеть
-28.05-28.05
-96.17-96.17
2022/2023
2023/2024
-100
0
-125
-75
-50
-25'

29-01-2025T06:00:11 - [TEST_STEP][PASSED] - n = n + 14: null

29-01-2025T06:00:11 - [TEST_STEP][PASSED] - b = n - run + 1: null

29-01-2025T06:00:11 - [TEST_STEP][PASSED] - verifyEqual(findTestData("PlanFact").getValue(2, b), a1): Actual object '859 150 332' and expected object '859 150 332' are equal

29-01-2025T06:00:11 - [MESSAGE][PASSED] - Actual object '859 150 332' and expected object '859 150 332' are equal

29-01-2025T06:00:11 - [TEST_STEP][PASSED] - verifyEqual(findTestData("PlanFact").getValue(3, b), a2): Actual object '618 165 643' and expected object '618 165 643' are equal

29-01-2025T06:00:11 - [MESSAGE][PASSED] - Actual object '618 165 643' and expected object '618 165 643' are equal

29-01-2025T06:00:11 - [TEST_STEP][FAILED] - verifyEqual(findTestData("PlanFact").getValue(4, b), a3): Unable to verify equal between actual object '●● Отклонения, тыс. кВт⋅ч
тыс. кВт⋅ч
Отклонения по отпуску в сеть
-240 984 690-240 984 690
-595 266 368-595 266 368
2022/2023
2023/2024
-700 000 000
-600 000 000
-500 000 000
-400 000 000
-300 000 000
-200 000 000
-100 000 000
0' and expected object '●● Отклонения, тыс. кВт⋅ч
тыс. кВт⋅ч
Отклонения по отпуску в сеть
-240 984 690-240 984 690
-594 499 747-594 499 747
2022/2023
2023/2024
-700 000 000
-600 000 000
-500 000 000
-400 000 000
-300 000 000
-200 000 000
-100 000 000
0' (Root cause: com.kms.katalon.core.exception.StepFailedException: Actual object '●● Отклонения, тыс. кВт⋅ч
тыс. кВт⋅ч
Отклонения по отпуску в сеть
-240 984 690-240 984 690
-595 266 368-595 266 368
2022/2023
2023/2024
-700 000 000
-600 000 000
-500 000 000
-400 000 000
-300 000 000
-200 000 000
-100 000 000
0' and expected object '●● Отклонения, тыс. кВт⋅ч
тыс. кВт⋅ч
Отклонения по отпуску в сеть
-240 984 690-240 984 690
-594 499 747-594 499 747
2022/2023
2023/2024
-700 000 000
-600 000 000
-500 000 000
-400 000 000
-300 000 000
-200 000 000
-100 000 000
0' are not equal
	at com.kms.katalon.core.keyword.builtin.VerifyEqualKeyword$_verifyEqual_closure1.doCall(VerifyEqualKeyword.groovy:58)
	at com.kms.katalon.core.keyword.builtin.VerifyEqualKeyword$_verifyEqual_closure1.call(VerifyEqualKeyword.groovy)
	at com.kms.katalon.core.keyword.internal.KeywordMain.runKeyword(KeywordMain.groovy:75)
	at com.kms.katalon.core.keyword.builtin.VerifyEqualKeyword.verifyEqual(VerifyEqualKeyword.groovy:63)
	at com.kms.katalon.core.keyword.builtin.VerifyEqualKeyword.execute(VerifyEqualKeyword.groovy:44)
	at com.kms.katalon.core.keyword.internal.KeywordExecutor.executeKeywordForPlatform(KeywordExecutor.groovy:74)
	at com.kms.katalon.core.keyword.BuiltinKeywords.verifyEqual(BuiltinKeywords.groovy:146)
	at jdk.internal.reflect.GeneratedMethodAccessor25.invoke(Unknown Source)
	at java.base/jdk.internal.reflect.DelegatingMethodAccessorImpl.invoke(DelegatingMethodAccessorImpl.java:43)
	at Блок руководителя сверка дашбордов под разными учётками.OtpuskVSet(Блок руководителя сверка дашбордов под разными учётками:803)
	at Блок руководителя сверка дашбордов под разными учётками.run(Блок руководителя сверка дашбордов под разными учётками:76)
	at com.kms.katalon.core.main.ScriptEngine.run(ScriptEngine.java:194)
	at com.kms.katalon.core.main.ScriptEngine.runScriptAsRawText(ScriptEngine.java:119)
	at com.kms.katalon.core.main.TestCaseExecutor.runScript(TestCaseExecutor.java:448)
	at com.kms.katalon.core.main.TestCaseExecutor.doExecute(TestCaseExecutor.java:439)
	at com.kms.katalon.core.main.TestCaseExecutor.processExecutionPhase(TestCaseExecutor.java:418)
	at com.kms.katalon.core.main.TestCaseExecutor.accessMainPhase(TestCaseExecutor.java:410)
	at com.kms.katalon.core.main.TestCaseExecutor.execute(TestCaseExecutor.java:285)
	at com.kms.katalon.core.common.CommonExecutor.accessTestCaseMainPhase(CommonExecutor.java:65)
	at com.kms.katalon.core.main.TestSuiteExecutor.accessTestSuiteMainPhase(TestSuiteExecutor.java:150)
	at com.kms.katalon.core.main.TestSuiteExecutor.execute(TestSuiteExecutor.java:106)
	at com.kms.katalon.core.main.TestCaseMain.startTestSuite(TestCaseMain.java:180)
	at TempTestSuite1738107421100.run(TempTestSuite1738107421100.groovy:35)
	at java.base/jdk.internal.reflect.NativeMethodAccessorImpl.invoke0(Native Method)
	at java.base/jdk.internal.reflect.NativeMethodAccessorImpl.invoke(NativeMethodAccessorImpl.java:77)
	at java.base/jdk.internal.reflect.DelegatingMethodAccessorImpl.invoke(DelegatingMethodAccessorImpl.java:43)
)

29-01-2025T06:00:11 - [MESSAGE][FAILED] - Unable to verify equal between actual object '●● Отклонения, тыс. кВт⋅ч
тыс. кВт⋅ч
Отклонения по отпуску в сеть
-240 984 690-240 984 690
-595 266 368-595 266 368
2022/2023
2023/2024
-700 000 000
-600 000 000
-500 000 000
-400 000 000
-300 000 000
-200 000 000
-100 000 000
0' and expected object '●● Отклонения, тыс. кВт⋅ч
тыс. кВт⋅ч
Отклонения по отпуску в сеть
-240 984 690-240 984 690
-594 499 747-594 499 747
2022/2023
2023/2024
-700 000 000
-600 000 000
-500 000 000
-400 000 000
-300 000 000
-200 000 000
-100 000 000
0' (Root cause: com.kms.katalon.core.exception.StepFailedException: Actual object '●● Отклонения, тыс. кВт⋅ч
тыс. кВт⋅ч
Отклонения по отпуску в сеть
-240 984 690-240 984 690
-595 266 368-595 266 368
2022/2023
2023/2024
-700 000 000
-600 000 000
-500 000 000
-400 000 000
-300 000 000
-200 000 000
-100 000 000
0' and expected object '●● Отклонения, тыс. кВт⋅ч
тыс. кВт⋅ч
Отклонения по отпуску в сеть
-240 984 690-240 984 690
-594 499 747-594 499 747
2022/2023
2023/2024
-700 000 000
-600 000 000
-500 000 000
-400 000 000
-300 000 000
-200 000 000
-100 000 000
0' are not equal
	at com.kms.katalon.core.keyword.builtin.VerifyEqualKeyword$_verifyEqual_closure1.doCall(VerifyEqualKeyword.groovy:58)
	at com.kms.katalon.core.keyword.builtin.VerifyEqualKeyword$_verifyEqual_closure1.call(VerifyEqualKeyword.groovy)
	at com.kms.katalon.core.keyword.internal.KeywordMain.runKeyword(KeywordMain.groovy:75)
	at com.kms.katalon.core.keyword.builtin.VerifyEqualKeyword.verifyEqual(VerifyEqualKeyword.groovy:63)
	at com.kms.katalon.core.keyword.builtin.VerifyEqualKeyword.execute(VerifyEqualKeyword.groovy:44)
	at com.kms.katalon.core.keyword.internal.KeywordExecutor.executeKeywordForPlatform(KeywordExecutor.groovy:74)
	at com.kms.katalon.core.keyword.BuiltinKeywords.verifyEqual(BuiltinKeywords.groovy:146)
	at jdk.internal.reflect.GeneratedMethodAccessor25.invoke(Unknown Source)
	at java.base/jdk.internal.reflect.DelegatingMethodAccessorImpl.invoke(DelegatingMethodAccessorImpl.java:43)
	at Блок руководителя сверка дашбордов под разными учётками.OtpuskVSet(Блок руководителя сверка дашбордов под разными учётками:803)
	at Блок руководителя сверка дашбордов под разными учётками.run(Блок руководителя сверка дашбордов под разными учётками:76)
	at com.kms.katalon.core.main.ScriptEngine.run(ScriptEngine.java:194)
	at com.kms.katalon.core.main.ScriptEngine.runScriptAsRawText(ScriptEngine.java:119)
	at com.kms.katalon.core.main.TestCaseExecutor.runScript(TestCaseExecutor.java:448)
	at com.kms.katalon.core.main.TestCaseExecutor.doExecute(TestCaseExecutor.java:439)
	at com.kms.katalon.core.main.TestCaseExecutor.processExecutionPhase(TestCaseExecutor.java:418)
	at com.kms.katalon.core.main.TestCaseExecutor.accessMainPhase(TestCaseExecutor.java:410)
	at com.kms.katalon.core.main.TestCaseExecutor.execute(TestCaseExecutor.java:285)
	at com.kms.katalon.core.common.CommonExecutor.accessTestCaseMainPhase(CommonExecutor.java:65)
	at com.kms.katalon.core.main.TestSuiteExecutor.accessTestSuiteMainPhase(TestSuiteExecutor.java:150)
	at com.kms.katalon.core.main.TestSuiteExecutor.execute(TestSuiteExecutor.java:106)
	at com.kms.katalon.core.main.TestCaseMain.startTestSuite(TestCaseMain.java:180)
	at TempTestSuite1738107421100.run(TempTestSuite1738107421100.groovy:35)
	at java.base/jdk.internal.reflect.NativeMethodAccessorImpl.invoke0(Native Method)
	at java.base/jdk.internal.reflect.NativeMethodAccessorImpl.invoke(NativeMethodAccessorImpl.java:77)
	at java.base/jdk.internal.reflect.DelegatingMethodAccessorImpl.invoke(DelegatingMethodAccessorImpl.java:43)
)

29-01-2025T06:00:11 - [TEST_STEP][FAILED] - verifyEqual(findTestData("PlanFact").getValue(5, b), a4): Unable to verify equal between actual object '●● Отклонения, %
%
Отклонения по отпуску в сеть
-28.05-28.05
-96.30-96.30
2022/2023
2023/2024
-100
0
-125
-75
-50
-25' and expected object '●● Отклонения, %
%
Отклонения по отпуску в сеть
-28.05-28.05
-96.17-96.17
2022/2023
2023/2024
-100
0
-125
-75
-50
-25' (Root cause: com.kms.katalon.core.exception.StepFailedException: Actual object '●● Отклонения, %
%
Отклонения по отпуску в сеть
-28.05-28.05
-96.30-96.30
2022/2023
2023/2024
-100
0
-125
-75
-50
-25' and expected object '●● Отклонения, %
%
Отклонения по отпуску в сеть
-28.05-28.05
-96.17-96.17
2022/2023
2023/2024
-100
0
-125
-75
-50
-25' are not equal
	at com.kms.katalon.core.keyword.builtin.VerifyEqualKeyword$_verifyEqual_closure1.doCall(VerifyEqualKeyword.groovy:58)
	at com.kms.katalon.core.keyword.builtin.VerifyEqualKeyword$_verifyEqual_closure1.call(VerifyEqualKeyword.groovy)
	at com.kms.katalon.core.keyword.internal.KeywordMain.runKeyword(KeywordMain.groovy:75)
	at com.kms.katalon.core.keyword.builtin.VerifyEqualKeyword.verifyEqual(VerifyEqualKeyword.groovy:63)
	at com.kms.katalon.core.keyword.builtin.VerifyEqualKeyword.execute(VerifyEqualKeyword.groovy:44)
	at com.kms.katalon.core.keyword.internal.KeywordExecutor.executeKeywordForPlatform(KeywordExecutor.groovy:74)
	at com.kms.katalon.core.keyword.BuiltinKeywords.verifyEqual(BuiltinKeywords.groovy:146)
	at jdk.internal.reflect.GeneratedMethodAccessor25.invoke(Unknown Source)
	at java.base/jdk.internal.reflect.DelegatingMethodAccessorImpl.invoke(DelegatingMethodAccessorImpl.java:43)
	at Блок руководителя сверка дашбордов под разными учётками.OtpuskVSet(Блок руководителя сверка дашбордов под разными учётками:805)
	at Блок руководителя сверка дашбордов под разными учётками.run(Блок руководителя сверка дашбордов под разными учётками:76)
	at com.kms.katalon.core.main.ScriptEngine.run(ScriptEngine.java:194)
	at com.kms.katalon.core.main.ScriptEngine.runScriptAsRawText(ScriptEngine.java:119)
	at com.kms.katalon.core.main.TestCaseExecutor.runScript(TestCaseExecutor.java:448)
	at com.kms.katalon.core.main.TestCaseExecutor.doExecute(TestCaseExecutor.java:439)
	at com.kms.katalon.core.main.TestCaseExecutor.processExecutionPhase(TestCaseExecutor.java:418)
	at com.kms.katalon.core.main.TestCaseExecutor.accessMainPhase(TestCaseExecutor.java:410)
	at com.kms.katalon.core.main.TestCaseExecutor.execute(TestCaseExecutor.java:285)
	at com.kms.katalon.core.common.CommonExecutor.accessTestCaseMainPhase(CommonExecutor.java:65)
	at com.kms.katalon.core.main.TestSuiteExecutor.accessTestSuiteMainPhase(TestSuiteExecutor.java:150)
	at com.kms.katalon.core.main.TestSuiteExecutor.execute(TestSuiteExecutor.java:106)
	at com.kms.katalon.core.main.TestCaseMain.startTestSuite(TestCaseMain.java:180)
	at TempTestSuite1738107421100.run(TempTestSuite1738107421100.groovy:35)
	at java.base/jdk.internal.reflect.NativeMethodAccessorImpl.invoke0(Native Method)
	at java.base/jdk.internal.reflect.NativeMethodAccessorImpl.invoke(NativeMethodAccessorImpl.java:77)
	at java.base/jdk.internal.reflect.DelegatingMethodAccessorImpl.invoke(DelegatingMethodAccessorImpl.java:43)
)

29-01-2025T06:00:12 - [MESSAGE][FAILED] - Unable to verify equal between actual object '●● Отклонения, %
%
Отклонения по отпуску в сеть
-28.05-28.05
-96.30-96.30
2022/2023
2023/2024
-100
0
-125
-75
-50
-25' and expected object '●● Отклонения, %
%
Отклонения по отпуску в сеть
-28.05-28.05
-96.17-96.17
2022/2023
2023/2024
-100
0
-125
-75
-50
-25' (Root cause: com.kms.katalon.core.exception.StepFailedException: Actual object '●● Отклонения, %
%
Отклонения по отпуску в сеть
-28.05-28.05
-96.30-96.30
2022/2023
2023/2024
-100
0
-125
-75
-50
-25' and expected object '●● Отклонения, %
%
Отклонения по отпуску в сеть
-28.05-28.05
-96.17-96.17
2022/2023
2023/2024
-100
0
-125
-75
-50
-25' are not equal
	at com.kms.katalon.core.keyword.builtin.VerifyEqualKeyword$_verifyEqual_closure1.doCall(VerifyEqualKeyword.groovy:58)
	at com.kms.katalon.core.keyword.builtin.VerifyEqualKeyword$_verifyEqual_closure1.call(VerifyEqualKeyword.groovy)
	at com.kms.katalon.core.keyword.internal.KeywordMain.runKeyword(KeywordMain.groovy:75)
	at com.kms.katalon.core.keyword.builtin.VerifyEqualKeyword.verifyEqual(VerifyEqualKeyword.groovy:63)
	at com.kms.katalon.core.keyword.builtin.VerifyEqualKeyword.execute(VerifyEqualKeyword.groovy:44)
	at com.kms.katalon.core.keyword.internal.KeywordExecutor.executeKeywordForPlatform(KeywordExecutor.groovy:74)
	at com.kms.katalon.core.keyword.BuiltinKeywords.verifyEqual(BuiltinKeywords.groovy:146)
	at jdk.internal.reflect.GeneratedMethodAccessor25.invoke(Unknown Source)
	at java.base/jdk.internal.reflect.DelegatingMethodAccessorImpl.invoke(DelegatingMethodAccessorImpl.java:43)
	at Блок руководителя сверка дашбордов под разными учётками.OtpuskVSet(Блок руководителя сверка дашбордов под разными учётками:805)
	at Блок руководителя сверка дашбордов под разными учётками.run(Блок руководителя сверка дашбордов под разными учётками:76)
	at com.kms.katalon.core.main.ScriptEngine.run(ScriptEngine.java:194)
	at com.kms.katalon.core.main.ScriptEngine.runScriptAsRawText(ScriptEngine.java:119)
	at com.kms.katalon.core.main.TestCaseExecutor.runScript(TestCaseExecutor.java:448)
	at com.kms.katalon.core.main.TestCaseExecutor.doExecute(TestCaseExecutor.java:439)
	at com.kms.katalon.core.main.TestCaseExecutor.processExecutionPhase(TestCaseExecutor.java:418)
	at com.kms.katalon.core.main.TestCaseExecutor.accessMainPhase(TestCaseExecutor.java:410)
	at com.kms.katalon.core.main.TestCaseExecutor.execute(TestCaseExecutor.java:285)
	at com.kms.katalon.core.common.CommonExecutor.accessTestCaseMainPhase(CommonExecutor.java:65)
	at com.kms.katalon.core.main.TestSuiteExecutor.accessTestSuiteMainPhase(TestSuiteExecutor.java:150)
	at com.kms.katalon.core.main.TestSuiteExecutor.execute(TestSuiteExecutor.java:106)
	at com.kms.katalon.core.main.TestCaseMain.startTestSuite(TestCaseMain.java:180)
	at TempTestSuite1738107421100.run(TempTestSuite1738107421100.groovy:35)
	at java.base/jdk.internal.reflect.NativeMethodAccessorImpl.invoke0(Native Method)
	at java.base/jdk.internal.reflect.NativeMethodAccessorImpl.invoke(NativeMethodAccessorImpl.java:77)
	at java.base/jdk.internal.reflect.DelegatingMethodAccessorImpl.invoke(DelegatingMethodAccessorImpl.java:43)
)

29-01-2025T06:00:12 - [TEST_STEP][PASSED] - Script1686231490255.WriteToExcel(user, dashboardName, n, data, run, a1, a2, a3, a4, a5, a6, a7, a8, a9): null

29-01-2025T06:00:12 - [TEST_STEP][PASSED] - sheetName = "Sheet1": null

29-01-2025T06:00:12 - [TEST_STEP][PASSED] - workbook01 = getWorkbook(excelFilePath): null

29-01-2025T06:00:12 - [TEST_STEP][PASSED] - sheet01 = getExcelSheet(workbook01, sheetName): null

29-01-2025T06:00:12 - [TEST_STEP][PASSED] - setValueToCellByIndex(sheet01, n, 0, dashboardName): null

29-01-2025T06:00:12 - [TEST_STEP][PASSED] - setValueToCellByIndex(sheet01, n, 10, user): null

29-01-2025T06:00:12 - [TEST_STEP][PASSED] - setValueToCellByIndex(sheet01, n, 1, a1): null

29-01-2025T06:00:12 - [TEST_STEP][PASSED] - setValueToCellByIndex(sheet01, n, 2, a2): null

29-01-2025T06:00:12 - [TEST_STEP][PASSED] - setValueToCellByIndex(sheet01, n, 3, a3): null

29-01-2025T06:00:12 - [TEST_STEP][PASSED] - setValueToCellByIndex(sheet01, n, 4, a4): null

29-01-2025T06:00:12 - [TEST_STEP][PASSED] - setValueToCellByIndex(sheet01, n, 5, a5): null

29-01-2025T06:00:12 - [TEST_STEP][PASSED] - setValueToCellByIndex(sheet01, n, 6, a6): null

29-01-2025T06:00:12 - [TEST_STEP][PASSED] - setValueToCellByIndex(sheet01, n, 7, a7): null

29-01-2025T06:00:12 - [TEST_STEP][PASSED] - setValueToCellByIndex(sheet01, n, 8, a8): null

29-01-2025T06:00:12 - [TEST_STEP][PASSED] - setValueToCellByIndex(sheet01, n, 9, a9): null

29-01-2025T06:00:12 - [TEST_STEP][PASSED] - n = n + 1: null

29-01-2025T06:00:12 - [TEST_STEP][PASSED] - saveWorkbook(excelFilePath, workbook01): null

29-01-2025T06:00:12 - [TEST_STEP][PASSED] - closeBrowser(): Browser is closed

29-01-2025T06:00:12 - [MESSAGE][PASSED] - Browser is closed

29-01-2025T06:00:12 - [TEST_STEP][PASSED] - delay(70): Delayed 70 second(s)

29-01-2025T06:01:22 - [MESSAGE][PASSED] - Delayed 70 second(s)

29-01-2025T06:01:22 - [TEST_STEP][PASSED] - for ([run = 1, run < 4, (run++)]): null

29-01-2025T06:01:22 - [TEST_STEP][PASSED] - KotlovoyPolezniyOtpusk(user, dashboardName, n, data, run, a1, a2, a3, a4, a5, a6, a7, a8, a9, urlData): null

29-01-2025T06:01:22 - [TEST_STEP][PASSED] - n = data.getRowNumbers() + 1: null

29-01-2025T06:01:22 - [TEST_STEP][PASSED] - println(n): null

29-01-2025T06:01:22 - [TEST_STEP][PASSED] - dashboardName = "Котловой полезный отпуск": null

29-01-2025T06:01:22 - [TEST_STEP][PASSED] - openBrowser(""): Browser is opened with url: ''

29-01-2025T06:01:22 - [MESSAGE][INFO] - Starting 'Chrome' driver

29-01-2025T06:01:22 - [MESSAGE][INFO] - Action delay is set to 0 milliseconds

29-01-2025T06:01:23 - [MESSAGE][PASSED] - Browser is opened with url: ''

29-01-2025T06:01:23 - [TEST_STEP][PASSED] - urlData = 18: null

29-01-2025T06:01:23 - [TEST_STEP][PASSED] - Script1686231490255.CheckPageDownload(urlData, run): null

29-01-2025T06:01:23 - [TEST_STEP][PASSED] - i = 1: null

29-01-2025T06:01:23 - [TEST_STEP][PASSED] - ii = 0: null

29-01-2025T06:01:23 - [TEST_STEP][PASSED] - urlText = <not implemented yet for class: org.codehaus.groovy.ast.expr.EmptyExpression>: null

29-01-2025T06:01:23 - [TEST_STEP][PASSED] - searchWord = <not implemented yet for class: org.codehaus.groovy.ast.expr.EmptyExpression>: null

29-01-2025T06:01:23 - [TEST_STEP][PASSED] - deleteAllCookies(): Delete all cookies successfully

29-01-2025T06:01:23 - [MESSAGE][PASSED] - Delete all cookies successfully

29-01-2025T06:01:23 - [TEST_STEP][PASSED] - refresh(): Refresh successfully

29-01-2025T06:01:23 - [MESSAGE][PASSED] - Refresh successfully

29-01-2025T06:01:23 - [TEST_STEP][PASSED] - delay(70): Delayed 70 second(s)

29-01-2025T06:02:33 - [MESSAGE][PASSED] - Delayed 70 second(s)

29-01-2025T06:02:33 - [TEST_STEP][PASSED] - navigateToUrl(findTestData("PlanFact").getValue(10, urlData)): Navigate to 'https://bi.rosseti.digital/viewer?dashboardGuid=2301950b23be4ed89c1df75f2020051e&sheetGuid=9de09c51f7e14f6a9e9103985ef32ea6&fit=true' successfully

29-01-2025T06:02:40 - [MESSAGE][PASSED] - Navigate to 'https://bi.rosseti.digital/viewer?dashboardGuid=2301950b23be4ed89c1df75f2020051e&sheetGuid=9de09c51f7e14f6a9e9103985ef32ea6&fit=true' successfully

29-01-2025T06:02:40 - [TEST_STEP][PASSED] - pageLoaded1 = verifyElementPresent(findTestObject("Страница авторизации/Text"), 30): Object 'Object Repository/Страница авторизации/Text' is present

29-01-2025T06:02:42 - [MESSAGE][PASSED] - Object 'Object Repository/Страница авторизации/Text' is present

29-01-2025T06:02:42 - [TEST_STEP][PASSED] - if (pageLoaded1 == false): null

29-01-2025T06:02:42 - [TEST_STEP][PASSED] - urlText = getText(findTestObject("Страница авторизации/Text")): Text of object 'Object Repository/Страница авторизации/Text' is: 'Вход'

29-01-2025T06:02:42 - [MESSAGE][PASSED] - Text of object 'Object Repository/Страница авторизации/Text' is: 'Вход'

29-01-2025T06:02:42 - [TEST_STEP][PASSED] - delay(70): Delayed 70 second(s)

29-01-2025T06:03:52 - [MESSAGE][PASSED] - Delayed 70 second(s)

29-01-2025T06:03:52 - [TEST_STEP][PASSED] - searchWord = "Вход": null

29-01-2025T06:03:52 - [TEST_STEP][PASSED] - if (urlText.contains(searchWord) == false): null

29-01-2025T06:03:52 - [TEST_STEP][PASSED] - setText(findTestObject("Страница авторизации/input__username"), findTestData("PlanFact").getValue(8, run)): Text 'liazgina-di' is set on object 'Object Repository/Страница авторизации/input__username'

29-01-2025T06:03:53 - [MESSAGE][PASSED] - Text 'liazgina-di' is set on object 'Object Repository/Страница авторизации/input__username'

29-01-2025T06:03:53 - [TEST_STEP][PASSED] - setText(findTestObject("Страница авторизации/input__password"), findTestData("PlanFact").getValue(9, run)): Text ')$%5srZ8o688Dm#q' is set on object 'Object Repository/Страница авторизации/input__password'

29-01-2025T06:03:54 - [MESSAGE][PASSED] - Text ')$%5srZ8o688Dm#q' is set on object 'Object Repository/Страница авторизации/input__password'

29-01-2025T06:03:54 - [TEST_STEP][PASSED] - click(findTestObject("Страница авторизации/button_")): Object: 'Object Repository/Страница авторизации/button_' is clicked on

29-01-2025T06:03:56 - [MESSAGE][PASSED] - Object: 'Object Repository/Страница авторизации/button_' is clicked on

29-01-2025T06:03:56 - [TEST_STEP][PASSED] - delay(70): Delayed 70 second(s)

29-01-2025T06:05:06 - [MESSAGE][PASSED] - Delayed 70 second(s)

29-01-2025T06:05:06 - [TEST_STEP][PASSED] - searchWord = "а": null

29-01-2025T06:05:06 - [TEST_STEP][PASSED] - pageLoaded2 = verifyElementPresent(findTestObject("Страница авторизации/Text"), 50): Object 'Object Repository/Страница авторизации/Text' is present

29-01-2025T06:05:07 - [MESSAGE][PASSED] - Object 'Object Repository/Страница авторизации/Text' is present

29-01-2025T06:05:07 - [TEST_STEP][PASSED] - if (pageLoaded2 == false): null

29-01-2025T06:05:07 - [TEST_STEP][PASSED] - urlText = getText(findTestObject("Страница авторизации/Text")): Text of object 'Object Repository/Страница авторизации/Text' is: 'Период
2024 год
Выручка
Все
ДЗО 
ПАО Россети
Внутренний оборот – выручка за услуги по передаче электрической энергии, входящая в стоимость электроэнергии (продажа) при выполнении ДЗО функций гарантирующего поставщика
Подписи данных
Отклонение котлового полезного отпуска ПАО Россети за 2024 год (факт/план, млн. кВтч)
ПАО Россети
11 094 млн.кВтч.
млн.
%
Котловой полезный отпуск
Выполнение плановых показателей по ПАО Россети за 2024 год
План
Факт
Динамика
2024 год
0 млн.кВтч.
50 000 млн.кВтч.
100 000 млн.кВтч.
150 000 млн.кВтч.
200 000 млн.кВтч.
250 000 млн.кВтч.
300 000 млн.кВтч.
350 000 млн.кВтч.
400 000 млн.кВтч.
450 000 млн.кВтч.
500 000 млн.кВтч.
550 000 млн.кВтч.
600 000 млн.кВтч.
650 000 млн.кВтч.
528 182
540 628
↑
⬤Отклонение
АО «Тываэнерго»
АО «Чеченэнерго»
Россети Волга
Россети Кубань
Россети Ленэнерго (ГК)
Россети Московский регион
Россети Северный Кавказ (ГК)
Россети Северо-Запад
Россети Сибирь (ГК)
Россети Томск
Россети Тюмень
Россети Урал (ГК)
Россети ФСК ЕЭС
Россети Центр
Россети Центр и Приволжье (ГК)
Россети Юг (ГК)
Россети Янтарь
-4 000 млн.кВтч.
-3 000 млн.кВтч.
-2 000 млн.кВтч.
-1 000 млн.кВтч.
0 млн.кВтч.
1 000 млн.кВтч.
2 000 млн.кВтч.
3 000 млн.кВтч.
4 000 млн.кВтч.
5 000 млн.кВтч.
194
48
1 341
1 366
1 390
4 045
83
354
1 086
167
-3 448
1 477
-1 352
1 494
1 877
798
173'

29-01-2025T06:05:07 - [MESSAGE][PASSED] - Text of object 'Object Repository/Страница авторизации/Text' is: 'Период
2024 год
Выручка
Все
ДЗО 
ПАО Россети
Внутренний оборот – выручка за услуги по передаче электрической энергии, входящая в стоимость электроэнергии (продажа) при выполнении ДЗО функций гарантирующего поставщика
Подписи данных
Отклонение котлового полезного отпуска ПАО Россети за 2024 год (факт/план, млн. кВтч)
ПАО Россети
11 094 млн.кВтч.
млн.
%
Котловой полезный отпуск
Выполнение плановых показателей по ПАО Россети за 2024 год
План
Факт
Динамика
2024 год
0 млн.кВтч.
50 000 млн.кВтч.
100 000 млн.кВтч.
150 000 млн.кВтч.
200 000 млн.кВтч.
250 000 млн.кВтч.
300 000 млн.кВтч.
350 000 млн.кВтч.
400 000 млн.кВтч.
450 000 млн.кВтч.
500 000 млн.кВтч.
550 000 млн.кВтч.
600 000 млн.кВтч.
650 000 млн.кВтч.
528 182
540 628
↑
⬤Отклонение
АО «Тываэнерго»
АО «Чеченэнерго»
Россети Волга
Россети Кубань
Россети Ленэнерго (ГК)
Россети Московский регион
Россети Северный Кавказ (ГК)
Россети Северо-Запад
Россети Сибирь (ГК)
Россети Томск
Россети Тюмень
Россети Урал (ГК)
Россети ФСК ЕЭС
Россети Центр
Россети Центр и Приволжье (ГК)
Россети Юг (ГК)
Россети Янтарь
-4 000 млн.кВтч.
-3 000 млн.кВтч.
-2 000 млн.кВтч.
-1 000 млн.кВтч.
0 млн.кВтч.
1 000 млн.кВтч.
2 000 млн.кВтч.
3 000 млн.кВтч.
4 000 млн.кВтч.
5 000 млн.кВтч.
194
48
1 341
1 366
1 390
4 045
83
354
1 086
167
-3 448
1 477
-1 352
1 494
1 877
798
173'

29-01-2025T06:05:07 - [TEST_STEP][PASSED] - if (urlText.contains("ошибка") || urlText.contains(searchWord) == false): null

29-01-2025T06:05:07 - [TEST_STEP][PASSED] - a2 = "": null

29-01-2025T06:05:07 - [TEST_STEP][PASSED] - a3 = "": null

29-01-2025T06:05:07 - [TEST_STEP][PASSED] - a4 = "": null

29-01-2025T06:05:07 - [TEST_STEP][PASSED] - a5 = "": null

29-01-2025T06:05:07 - [TEST_STEP][PASSED] - a6 = "": null

29-01-2025T06:05:07 - [TEST_STEP][PASSED] - a7 = "": null

29-01-2025T06:05:07 - [TEST_STEP][PASSED] - a8 = "": null

29-01-2025T06:05:07 - [TEST_STEP][PASSED] - a9 = "": null

29-01-2025T06:05:07 - [TEST_STEP][PASSED] - if (run == 1): null

29-01-2025T06:05:07 - [TEST_STEP][PASSED] - user = "админ": null

29-01-2025T06:05:07 - [TEST_STEP][PASSED] - a1 = getText(findTestObject("Котловой полезный отпуск/График 1")): Text of object 'Object Repository/Котловой полезный отпуск/График 1' is: 'Период
2024 год
Выручка
Все
ДЗО 
ПАО Россети
Внутренний оборот – выручка за услуги по передаче электрической энергии, входящая в стоимость электроэнергии (продажа) при выполнении ДЗО функций гарантирующего поставщика
Подписи данных
Отклонение котлового полезного отпуска ПАО Россети за 2024 год (факт/план, млн. кВтч)
ПАО Россети
11 094 млн.кВтч.
млн.
%
Котловой полезный отпуск
Выполнение плановых показателей по ПАО Россети за 2024 год
План
Факт
Динамика
2024 год
0 млн.кВтч.
50 000 млн.кВтч.
100 000 млн.кВтч.
150 000 млн.кВтч.
200 000 млн.кВтч.
250 000 млн.кВтч.
300 000 млн.кВтч.
350 000 млн.кВтч.
400 000 млн.кВтч.
450 000 млн.кВтч.
500 000 млн.кВтч.
550 000 млн.кВтч.
600 000 млн.кВтч.
650 000 млн.кВтч.
528 182
540 628
↑
⬤Отклонение
АО «Тываэнерго»
АО «Чеченэнерго»
Россети Волга
Россети Кубань
Россети Ленэнерго (ГК)
Россети Московский регион
Россети Северный Кавказ (ГК)
Россети Северо-Запад
Россети Сибирь (ГК)
Россети Томск
Россети Тюмень
Россети Урал (ГК)
Россети ФСК ЕЭС
Россети Центр
Россети Центр и Приволжье (ГК)
Россети Юг (ГК)
Россети Янтарь
-4 000 млн.кВтч.
-3 000 млн.кВтч.
-2 000 млн.кВтч.
-1 000 млн.кВтч.
0 млн.кВтч.
1 000 млн.кВтч.
2 000 млн.кВтч.
3 000 млн.кВтч.
4 000 млн.кВтч.
5 000 млн.кВтч.
194
48
1 341
1 366
1 390
4 045
83
354
1 086
167
-3 448
1 477
-1 352
1 494
1 877
798
173'

29-01-2025T06:05:08 - [MESSAGE][PASSED] - Text of object 'Object Repository/Котловой полезный отпуск/График 1' is: 'Период
2024 год
Выручка
Все
ДЗО 
ПАО Россети
Внутренний оборот – выручка за услуги по передаче электрической энергии, входящая в стоимость электроэнергии (продажа) при выполнении ДЗО функций гарантирующего поставщика
Подписи данных
Отклонение котлового полезного отпуска ПАО Россети за 2024 год (факт/план, млн. кВтч)
ПАО Россети
11 094 млн.кВтч.
млн.
%
Котловой полезный отпуск
Выполнение плановых показателей по ПАО Россети за 2024 год
План
Факт
Динамика
2024 год
0 млн.кВтч.
50 000 млн.кВтч.
100 000 млн.кВтч.
150 000 млн.кВтч.
200 000 млн.кВтч.
250 000 млн.кВтч.
300 000 млн.кВтч.
350 000 млн.кВтч.
400 000 млн.кВтч.
450 000 млн.кВтч.
500 000 млн.кВтч.
550 000 млн.кВтч.
600 000 млн.кВтч.
650 000 млн.кВтч.
528 182
540 628
↑
⬤Отклонение
АО «Тываэнерго»
АО «Чеченэнерго»
Россети Волга
Россети Кубань
Россети Ленэнерго (ГК)
Россети Московский регион
Россети Северный Кавказ (ГК)
Россети Северо-Запад
Россети Сибирь (ГК)
Россети Томск
Россети Тюмень
Россети Урал (ГК)
Россети ФСК ЕЭС
Россети Центр
Россети Центр и Приволжье (ГК)
Россети Юг (ГК)
Россети Янтарь
-4 000 млн.кВтч.
-3 000 млн.кВтч.
-2 000 млн.кВтч.
-1 000 млн.кВтч.
0 млн.кВтч.
1 000 млн.кВтч.
2 000 млн.кВтч.
3 000 млн.кВтч.
4 000 млн.кВтч.
5 000 млн.кВтч.
194
48
1 341
1 366
1 390
4 045
83
354
1 086
167
-3 448
1 477
-1 352
1 494
1 877
798
173'

29-01-2025T06:05:08 - [TEST_STEP][PASSED] - a1 = replaceAll("[\r?
|
]", "").replaceAll("\s+", ""): null

29-01-2025T06:05:08 - [TEST_STEP][PASSED] - if (a1 == ""): null

29-01-2025T06:05:08 - [TEST_STEP][PASSED] - n = n + 21: null

29-01-2025T06:05:08 - [TEST_STEP][PASSED] - Script1686231490255.WriteToExcel(user, dashboardName, n, data, run, a1, a2, a3, a4, a5, a6, a7, a8, a9): null

29-01-2025T06:05:08 - [TEST_STEP][PASSED] - sheetName = "Sheet1": null

29-01-2025T06:05:08 - [TEST_STEP][PASSED] - workbook01 = getWorkbook(excelFilePath): null

29-01-2025T06:05:08 - [TEST_STEP][PASSED] - sheet01 = getExcelSheet(workbook01, sheetName): null

29-01-2025T06:05:08 - [TEST_STEP][PASSED] - setValueToCellByIndex(sheet01, n, 0, dashboardName): null

29-01-2025T06:05:08 - [TEST_STEP][PASSED] - setValueToCellByIndex(sheet01, n, 10, user): null

29-01-2025T06:05:08 - [TEST_STEP][PASSED] - setValueToCellByIndex(sheet01, n, 1, a1): null

29-01-2025T06:05:08 - [TEST_STEP][PASSED] - setValueToCellByIndex(sheet01, n, 2, a2): null

29-01-2025T06:05:08 - [TEST_STEP][PASSED] - setValueToCellByIndex(sheet01, n, 3, a3): null

29-01-2025T06:05:08 - [TEST_STEP][PASSED] - setValueToCellByIndex(sheet01, n, 4, a4): null

29-01-2025T06:05:08 - [TEST_STEP][PASSED] - setValueToCellByIndex(sheet01, n, 5, a5): null

29-01-2025T06:05:08 - [TEST_STEP][PASSED] - setValueToCellByIndex(sheet01, n, 6, a6): null

29-01-2025T06:05:08 - [TEST_STEP][PASSED] - setValueToCellByIndex(sheet01, n, 7, a7): null

29-01-2025T06:05:08 - [TEST_STEP][PASSED] - setValueToCellByIndex(sheet01, n, 8, a8): null

29-01-2025T06:05:08 - [TEST_STEP][PASSED] - setValueToCellByIndex(sheet01, n, 9, a9): null

29-01-2025T06:05:08 - [TEST_STEP][PASSED] - n = n + 1: null

29-01-2025T06:05:08 - [TEST_STEP][PASSED] - saveWorkbook(excelFilePath, workbook01): null

29-01-2025T06:05:08 - [TEST_STEP][PASSED] - if (run == 2): null

29-01-2025T06:05:08 - [TEST_STEP][PASSED] - if (run == 3): null

29-01-2025T06:05:08 - [TEST_STEP][PASSED] - closeBrowser(): null

29-01-2025T06:05:09 - [MESSAGE][PASSED] - Browser is closed

29-01-2025T06:05:09 - [TEST_STEP][PASSED] - KotlovoyPolezniyOtpusk(user, dashboardName, n, data, run, a1, a2, a3, a4, a5, a6, a7, a8, a9, urlData): null

29-01-2025T06:05:09 - [TEST_STEP][PASSED] - n = data.getRowNumbers() + 1: null

29-01-2025T06:05:09 - [TEST_STEP][PASSED] - println(n): null

29-01-2025T06:05:09 - [TEST_STEP][PASSED] - dashboardName = "Котловой полезный отпуск": null

29-01-2025T06:05:09 - [TEST_STEP][PASSED] - openBrowser(""): Browser is opened with url: ''

29-01-2025T06:05:09 - [MESSAGE][INFO] - Starting 'Chrome' driver

29-01-2025T06:05:09 - [MESSAGE][INFO] - Action delay is set to 0 milliseconds

29-01-2025T06:05:10 - [MESSAGE][PASSED] - Browser is opened with url: ''

29-01-2025T06:05:10 - [TEST_STEP][PASSED] - urlData = 18: null

29-01-2025T06:05:10 - [TEST_STEP][PASSED] - Script1686231490255.CheckPageDownload(urlData, run): null

29-01-2025T06:05:10 - [TEST_STEP][PASSED] - i = 1: null

29-01-2025T06:05:10 - [TEST_STEP][PASSED] - ii = 0: null

29-01-2025T06:05:10 - [TEST_STEP][PASSED] - urlText = <not implemented yet for class: org.codehaus.groovy.ast.expr.EmptyExpression>: null

29-01-2025T06:05:10 - [TEST_STEP][PASSED] - searchWord = <not implemented yet for class: org.codehaus.groovy.ast.expr.EmptyExpression>: null

29-01-2025T06:05:10 - [TEST_STEP][PASSED] - deleteAllCookies(): Delete all cookies successfully

29-01-2025T06:05:10 - [MESSAGE][PASSED] - Delete all cookies successfully

29-01-2025T06:05:10 - [TEST_STEP][PASSED] - refresh(): Refresh successfully

29-01-2025T06:05:10 - [MESSAGE][PASSED] - Refresh successfully

29-01-2025T06:05:10 - [TEST_STEP][PASSED] - delay(70): Delayed 70 second(s)

29-01-2025T06:06:20 - [MESSAGE][PASSED] - Delayed 70 second(s)

29-01-2025T06:06:20 - [TEST_STEP][PASSED] - navigateToUrl(findTestData("PlanFact").getValue(10, urlData)): Navigate to 'https://bi.rosseti.digital/viewer?dashboardGuid=2301950b23be4ed89c1df75f2020051e&sheetGuid=9de09c51f7e14f6a9e9103985ef32ea6&fit=true' successfully

29-01-2025T06:06:27 - [MESSAGE][PASSED] - Navigate to 'https://bi.rosseti.digital/viewer?dashboardGuid=2301950b23be4ed89c1df75f2020051e&sheetGuid=9de09c51f7e14f6a9e9103985ef32ea6&fit=true' successfully

29-01-2025T06:06:27 - [TEST_STEP][PASSED] - pageLoaded1 = verifyElementPresent(findTestObject("Страница авторизации/Text"), 30): Object 'Object Repository/Страница авторизации/Text' is present

29-01-2025T06:06:29 - [MESSAGE][PASSED] - Object 'Object Repository/Страница авторизации/Text' is present

29-01-2025T06:06:29 - [TEST_STEP][PASSED] - if (pageLoaded1 == false): null

29-01-2025T06:06:29 - [TEST_STEP][PASSED] - urlText = getText(findTestObject("Страница авторизации/Text")): Text of object 'Object Repository/Страница авторизации/Text' is: 'Вход'

29-01-2025T06:06:29 - [MESSAGE][PASSED] - Text of object 'Object Repository/Страница авторизации/Text' is: 'Вход'

29-01-2025T06:06:29 - [TEST_STEP][PASSED] - delay(70): Delayed 70 second(s)

29-01-2025T06:07:39 - [MESSAGE][PASSED] - Delayed 70 second(s)

29-01-2025T06:07:39 - [TEST_STEP][PASSED] - searchWord = "Вход": null

29-01-2025T06:07:39 - [TEST_STEP][PASSED] - if (urlText.contains(searchWord) == false): null

29-01-2025T06:07:39 - [TEST_STEP][PASSED] - setText(findTestObject("Страница авторизации/input__username"), findTestData("PlanFact").getValue(8, run)): Text 'Andreeva-EV' is set on object 'Object Repository/Страница авторизации/input__username'

29-01-2025T06:07:40 - [MESSAGE][PASSED] - Text 'Andreeva-EV' is set on object 'Object Repository/Страница авторизации/input__username'

29-01-2025T06:07:40 - [TEST_STEP][PASSED] - setText(findTestObject("Страница авторизации/input__password"), findTestData("PlanFact").getValue(9, run)): Text '2nPePKDwCPH3ul7xMZ' is set on object 'Object Repository/Страница авторизации/input__password'

29-01-2025T06:07:40 - [MESSAGE][PASSED] - Text '2nPePKDwCPH3ul7xMZ' is set on object 'Object Repository/Страница авторизации/input__password'

29-01-2025T06:07:40 - [TEST_STEP][PASSED] - click(findTestObject("Страница авторизации/button_")): Object: 'Object Repository/Страница авторизации/button_' is clicked on

29-01-2025T06:07:42 - [MESSAGE][PASSED] - Object: 'Object Repository/Страница авторизации/button_' is clicked on

29-01-2025T06:07:42 - [TEST_STEP][PASSED] - delay(70): Delayed 70 second(s)

29-01-2025T06:08:52 - [MESSAGE][PASSED] - Delayed 70 second(s)

29-01-2025T06:08:52 - [TEST_STEP][PASSED] - searchWord = "а": null

29-01-2025T06:08:52 - [TEST_STEP][PASSED] - pageLoaded2 = verifyElementPresent(findTestObject("Страница авторизации/Text"), 50): Object 'Object Repository/Страница авторизации/Text' is present

29-01-2025T06:08:52 - [MESSAGE][PASSED] - Object 'Object Repository/Страница авторизации/Text' is present

29-01-2025T06:08:52 - [TEST_STEP][PASSED] - if (pageLoaded2 == false): null

29-01-2025T06:08:52 - [TEST_STEP][PASSED] - urlText = getText(findTestObject("Страница авторизации/Text")): Text of object 'Object Repository/Страница авторизации/Text' is: 'Период
2024 год
Выручка
Все
ДЗО 
ПАО Россети
Внутренний оборот – выручка за услуги по передаче электрической энергии, входящая в стоимость электроэнергии (продажа) при выполнении ДЗО функций гарантирующего поставщика
Подписи данных
Отклонение котлового полезного отпуска ПАО Россети за 2024 год (факт/план, млн. кВтч)
ПАО Россети
11 094 млн.кВтч.
млн.
%
Котловой полезный отпуск
Выполнение плановых показателей по ПАО Россети за 2024 год
План
Факт
Динамика
2024 год
0 млн.кВтч.
50 000 млн.кВтч.
100 000 млн.кВтч.
150 000 млн.кВтч.
200 000 млн.кВтч.
250 000 млн.кВтч.
300 000 млн.кВтч.
350 000 млн.кВтч.
400 000 млн.кВтч.
450 000 млн.кВтч.
500 000 млн.кВтч.
550 000 млн.кВтч.
600 000 млн.кВтч.
650 000 млн.кВтч.
528 182
540 628
↑
⬤Отклонение
АО «Тываэнерго»
АО «Чеченэнерго»
Россети Волга
Россети Кубань
Россети Ленэнерго (ГК)
Россети Московский регион
Россети Северный Кавказ (ГК)
Россети Северо-Запад
Россети Сибирь (ГК)
Россети Томск
Россети Тюмень
Россети Урал (ГК)
Россети ФСК ЕЭС
Россети Центр
Россети Центр и Приволжье (ГК)
Россети Юг (ГК)
Россети Янтарь
-4 000 млн.кВтч.
-3 000 млн.кВтч.
-2 000 млн.кВтч.
-1 000 млн.кВтч.
0 млн.кВтч.
1 000 млн.кВтч.
2 000 млн.кВтч.
3 000 млн.кВтч.
4 000 млн.кВтч.
5 000 млн.кВтч.
194
48
1 341
1 366
1 390
4 045
83
354
1 086
167
-3 448
1 477
-1 352
1 494
1 877
798
173'

29-01-2025T06:08:53 - [MESSAGE][PASSED] - Text of object 'Object Repository/Страница авторизации/Text' is: 'Период
2024 год
Выручка
Все
ДЗО 
ПАО Россети
Внутренний оборот – выручка за услуги по передаче электрической энергии, входящая в стоимость электроэнергии (продажа) при выполнении ДЗО функций гарантирующего поставщика
Подписи данных
Отклонение котлового полезного отпуска ПАО Россети за 2024 год (факт/план, млн. кВтч)
ПАО Россети
11 094 млн.кВтч.
млн.
%
Котловой полезный отпуск
Выполнение плановых показателей по ПАО Россети за 2024 год
План
Факт
Динамика
2024 год
0 млн.кВтч.
50 000 млн.кВтч.
100 000 млн.кВтч.
150 000 млн.кВтч.
200 000 млн.кВтч.
250 000 млн.кВтч.
300 000 млн.кВтч.
350 000 млн.кВтч.
400 000 млн.кВтч.
450 000 млн.кВтч.
500 000 млн.кВтч.
550 000 млн.кВтч.
600 000 млн.кВтч.
650 000 млн.кВтч.
528 182
540 628
↑
⬤Отклонение
АО «Тываэнерго»
АО «Чеченэнерго»
Россети Волга
Россети Кубань
Россети Ленэнерго (ГК)
Россети Московский регион
Россети Северный Кавказ (ГК)
Россети Северо-Запад
Россети Сибирь (ГК)
Россети Томск
Россети Тюмень
Россети Урал (ГК)
Россети ФСК ЕЭС
Россети Центр
Россети Центр и Приволжье (ГК)
Россети Юг (ГК)
Россети Янтарь
-4 000 млн.кВтч.
-3 000 млн.кВтч.
-2 000 млн.кВтч.
-1 000 млн.кВтч.
0 млн.кВтч.
1 000 млн.кВтч.
2 000 млн.кВтч.
3 000 млн.кВтч.
4 000 млн.кВтч.
5 000 млн.кВтч.
194
48
1 341
1 366
1 390
4 045
83
354
1 086
167
-3 448
1 477
-1 352
1 494
1 877
798
173'

29-01-2025T06:08:53 - [TEST_STEP][PASSED] - if (urlText.contains("ошибка") || urlText.contains(searchWord) == false): null

29-01-2025T06:08:53 - [TEST_STEP][PASSED] - a2 = "": null

29-01-2025T06:08:53 - [TEST_STEP][PASSED] - a3 = "": null

29-01-2025T06:08:53 - [TEST_STEP][PASSED] - a4 = "": null

29-01-2025T06:08:53 - [TEST_STEP][PASSED] - a5 = "": null

29-01-2025T06:08:53 - [TEST_STEP][PASSED] - a6 = "": null

29-01-2025T06:08:53 - [TEST_STEP][PASSED] - a7 = "": null

29-01-2025T06:08:53 - [TEST_STEP][PASSED] - a8 = "": null

29-01-2025T06:08:53 - [TEST_STEP][PASSED] - a9 = "": null

29-01-2025T06:08:53 - [TEST_STEP][PASSED] - if (run == 1): null

29-01-2025T06:08:53 - [TEST_STEP][PASSED] - if (run == 2): null

29-01-2025T06:08:53 - [TEST_STEP][PASSED] - user = "Андреева": null

29-01-2025T06:08:53 - [TEST_STEP][PASSED] - a1 = getText(findTestObject("Котловой полезный отпуск/График 1")): Text of object 'Object Repository/Котловой полезный отпуск/График 1' is: 'Период
2024 год
Выручка
Все
ДЗО 
ПАО Россети
Внутренний оборот – выручка за услуги по передаче электрической энергии, входящая в стоимость электроэнергии (продажа) при выполнении ДЗО функций гарантирующего поставщика
Подписи данных
Отклонение котлового полезного отпуска ПАО Россети за 2024 год (факт/план, млн. кВтч)
ПАО Россети
11 094 млн.кВтч.
млн.
%
Котловой полезный отпуск
Выполнение плановых показателей по ПАО Россети за 2024 год
План
Факт
Динамика
2024 год
0 млн.кВтч.
50 000 млн.кВтч.
100 000 млн.кВтч.
150 000 млн.кВтч.
200 000 млн.кВтч.
250 000 млн.кВтч.
300 000 млн.кВтч.
350 000 млн.кВтч.
400 000 млн.кВтч.
450 000 млн.кВтч.
500 000 млн.кВтч.
550 000 млн.кВтч.
600 000 млн.кВтч.
650 000 млн.кВтч.
528 182
540 628
↑
⬤Отклонение
АО «Тываэнерго»
АО «Чеченэнерго»
Россети Волга
Россети Кубань
Россети Ленэнерго (ГК)
Россети Московский регион
Россети Северный Кавказ (ГК)
Россети Северо-Запад
Россети Сибирь (ГК)
Россети Томск
Россети Тюмень
Россети Урал (ГК)
Россети ФСК ЕЭС
Россети Центр
Россети Центр и Приволжье (ГК)
Россети Юг (ГК)
Россети Янтарь
-4 000 млн.кВтч.
-3 000 млн.кВтч.
-2 000 млн.кВтч.
-1 000 млн.кВтч.
0 млн.кВтч.
1 000 млн.кВтч.
2 000 млн.кВтч.
3 000 млн.кВтч.
4 000 млн.кВтч.
5 000 млн.кВтч.
194
48
1 341
1 366
1 390
4 045
83
354
1 086
167
-3 448
1 477
-1 352
1 494
1 877
798
173'

29-01-2025T06:08:53 - [MESSAGE][PASSED] - Text of object 'Object Repository/Котловой полезный отпуск/График 1' is: 'Период
2024 год
Выручка
Все
ДЗО 
ПАО Россети
Внутренний оборот – выручка за услуги по передаче электрической энергии, входящая в стоимость электроэнергии (продажа) при выполнении ДЗО функций гарантирующего поставщика
Подписи данных
Отклонение котлового полезного отпуска ПАО Россети за 2024 год (факт/план, млн. кВтч)
ПАО Россети
11 094 млн.кВтч.
млн.
%
Котловой полезный отпуск
Выполнение плановых показателей по ПАО Россети за 2024 год
План
Факт
Динамика
2024 год
0 млн.кВтч.
50 000 млн.кВтч.
100 000 млн.кВтч.
150 000 млн.кВтч.
200 000 млн.кВтч.
250 000 млн.кВтч.
300 000 млн.кВтч.
350 000 млн.кВтч.
400 000 млн.кВтч.
450 000 млн.кВтч.
500 000 млн.кВтч.
550 000 млн.кВтч.
600 000 млн.кВтч.
650 000 млн.кВтч.
528 182
540 628
↑
⬤Отклонение
АО «Тываэнерго»
АО «Чеченэнерго»
Россети Волга
Россети Кубань
Россети Ленэнерго (ГК)
Россети Московский регион
Россети Северный Кавказ (ГК)
Россети Северо-Запад
Россети Сибирь (ГК)
Россети Томск
Россети Тюмень
Россети Урал (ГК)
Россети ФСК ЕЭС
Россети Центр
Россети Центр и Приволжье (ГК)
Россети Юг (ГК)
Россети Янтарь
-4 000 млн.кВтч.
-3 000 млн.кВтч.
-2 000 млн.кВтч.
-1 000 млн.кВтч.
0 млн.кВтч.
1 000 млн.кВтч.
2 000 млн.кВтч.
3 000 млн.кВтч.
4 000 млн.кВтч.
5 000 млн.кВтч.
194
48
1 341
1 366
1 390
4 045
83
354
1 086
167
-3 448
1 477
-1 352
1 494
1 877
798
173'

29-01-2025T06:08:53 - [TEST_STEP][PASSED] - a1 = replaceAll("[\r?
|
]", "").replaceAll("\s+", ""): null

29-01-2025T06:08:53 - [TEST_STEP][PASSED] - if (a1 == ""): null

29-01-2025T06:08:53 - [TEST_STEP][PASSED] - n = n + 22: null

29-01-2025T06:08:53 - [TEST_STEP][PASSED] - b = n - run + 1: null

29-01-2025T06:08:53 - [TEST_STEP][PASSED] - verifyEqual(findTestData("PlanFact").getValue(2, b), a1): Actual object '202420241109420242024050000100000150000200000250000300000350000400000450000500000550000600000650000528182540628↑⬤400030002000100001000200030004000500019448134113661390404583354108616734481477135214941877798173' and expected object '202420241109420242024050000100000150000200000250000300000350000400000450000500000550000600000650000528182540628↑⬤400030002000100001000200030004000500019448134113661390404583354108616734481477135214941877798173' are equal

29-01-2025T06:08:54 - [MESSAGE][PASSED] - Actual object '202420241109420242024050000100000150000200000250000300000350000400000450000500000550000600000650000528182540628↑⬤400030002000100001000200030004000500019448134113661390404583354108616734481477135214941877798173' and expected object '202420241109420242024050000100000150000200000250000300000350000400000450000500000550000600000650000528182540628↑⬤400030002000100001000200030004000500019448134113661390404583354108616734481477135214941877798173' are equal

29-01-2025T06:08:54 - [TEST_STEP][PASSED] - Script1686231490255.WriteToExcel(user, dashboardName, n, data, run, a1, a2, a3, a4, a5, a6, a7, a8, a9): null

29-01-2025T06:08:54 - [TEST_STEP][PASSED] - sheetName = "Sheet1": null

29-01-2025T06:08:54 - [TEST_STEP][PASSED] - workbook01 = getWorkbook(excelFilePath): null

29-01-2025T06:08:54 - [TEST_STEP][PASSED] - sheet01 = getExcelSheet(workbook01, sheetName): null

29-01-2025T06:08:54 - [TEST_STEP][PASSED] - setValueToCellByIndex(sheet01, n, 0, dashboardName): null

29-01-2025T06:08:54 - [TEST_STEP][PASSED] - setValueToCellByIndex(sheet01, n, 10, user): null

29-01-2025T06:08:54 - [TEST_STEP][PASSED] - setValueToCellByIndex(sheet01, n, 1, a1): null

29-01-2025T06:08:54 - [TEST_STEP][PASSED] - setValueToCellByIndex(sheet01, n, 2, a2): null

29-01-2025T06:08:54 - [TEST_STEP][PASSED] - setValueToCellByIndex(sheet01, n, 3, a3): null

29-01-2025T06:08:54 - [TEST_STEP][PASSED] - setValueToCellByIndex(sheet01, n, 4, a4): null

29-01-2025T06:08:54 - [TEST_STEP][PASSED] - setValueToCellByIndex(sheet01, n, 5, a5): null

29-01-2025T06:08:54 - [TEST_STEP][PASSED] - setValueToCellByIndex(sheet01, n, 6, a6): null

29-01-2025T06:08:54 - [TEST_STEP][PASSED] - setValueToCellByIndex(sheet01, n, 7, a7): null

29-01-2025T06:08:54 - [TEST_STEP][PASSED] - setValueToCellByIndex(sheet01, n, 8, a8): null

29-01-2025T06:08:54 - [TEST_STEP][PASSED] - setValueToCellByIndex(sheet01, n, 9, a9): null

29-01-2025T06:08:54 - [TEST_STEP][PASSED] - n = n + 1: null

29-01-2025T06:08:54 - [TEST_STEP][PASSED] - saveWorkbook(excelFilePath, workbook01): null

29-01-2025T06:08:54 - [TEST_STEP][PASSED] - if (run == 3): null

29-01-2025T06:08:54 - [TEST_STEP][PASSED] - closeBrowser(): null

29-01-2025T06:08:54 - [MESSAGE][PASSED] - Browser is closed

29-01-2025T06:08:54 - [TEST_STEP][PASSED] - KotlovoyPolezniyOtpusk(user, dashboardName, n, data, run, a1, a2, a3, a4, a5, a6, a7, a8, a9, urlData): null

29-01-2025T06:08:54 - [TEST_STEP][PASSED] - n = data.getRowNumbers() + 1: null

29-01-2025T06:08:54 - [TEST_STEP][PASSED] - println(n): null

29-01-2025T06:08:54 - [TEST_STEP][PASSED] - dashboardName = "Котловой полезный отпуск": null

29-01-2025T06:08:54 - [TEST_STEP][PASSED] - openBrowser(""): Browser is opened with url: ''

29-01-2025T06:08:54 - [MESSAGE][INFO] - Starting 'Chrome' driver

29-01-2025T06:08:54 - [MESSAGE][INFO] - Action delay is set to 0 milliseconds

29-01-2025T06:08:55 - [MESSAGE][PASSED] - Browser is opened with url: ''

29-01-2025T06:08:55 - [TEST_STEP][PASSED] - urlData = 18: null

29-01-2025T06:08:55 - [TEST_STEP][PASSED] - Script1686231490255.CheckPageDownload(urlData, run): null

29-01-2025T06:08:55 - [TEST_STEP][PASSED] - i = 1: null

29-01-2025T06:08:55 - [TEST_STEP][PASSED] - ii = 0: null

29-01-2025T06:08:55 - [TEST_STEP][PASSED] - urlText = <not implemented yet for class: org.codehaus.groovy.ast.expr.EmptyExpression>: null

29-01-2025T06:08:55 - [TEST_STEP][PASSED] - searchWord = <not implemented yet for class: org.codehaus.groovy.ast.expr.EmptyExpression>: null

29-01-2025T06:08:55 - [TEST_STEP][PASSED] - deleteAllCookies(): Delete all cookies successfully

29-01-2025T06:08:55 - [MESSAGE][PASSED] - Delete all cookies successfully

29-01-2025T06:08:55 - [TEST_STEP][PASSED] - refresh(): Refresh successfully

29-01-2025T06:08:55 - [MESSAGE][PASSED] - Refresh successfully

29-01-2025T06:08:55 - [TEST_STEP][PASSED] - delay(70): Delayed 70 second(s)

29-01-2025T06:10:05 - [MESSAGE][PASSED] - Delayed 70 second(s)

29-01-2025T06:10:05 - [TEST_STEP][PASSED] - navigateToUrl(findTestData("PlanFact").getValue(10, urlData)): Navigate to 'https://bi.rosseti.digital/viewer?dashboardGuid=2301950b23be4ed89c1df75f2020051e&sheetGuid=9de09c51f7e14f6a9e9103985ef32ea6&fit=true' successfully

29-01-2025T06:10:14 - [MESSAGE][PASSED] - Navigate to 'https://bi.rosseti.digital/viewer?dashboardGuid=2301950b23be4ed89c1df75f2020051e&sheetGuid=9de09c51f7e14f6a9e9103985ef32ea6&fit=true' successfully

29-01-2025T06:10:14 - [TEST_STEP][PASSED] - pageLoaded1 = verifyElementPresent(findTestObject("Страница авторизации/Text"), 30): Object 'Object Repository/Страница авторизации/Text' is present

29-01-2025T06:10:15 - [MESSAGE][PASSED] - Object 'Object Repository/Страница авторизации/Text' is present

29-01-2025T06:10:15 - [TEST_STEP][PASSED] - if (pageLoaded1 == false): null

29-01-2025T06:10:15 - [TEST_STEP][PASSED] - urlText = getText(findTestObject("Страница авторизации/Text")): Text of object 'Object Repository/Страница авторизации/Text' is: 'Вход'

29-01-2025T06:10:16 - [MESSAGE][PASSED] - Text of object 'Object Repository/Страница авторизации/Text' is: 'Вход'

29-01-2025T06:10:16 - [TEST_STEP][PASSED] - delay(70): Delayed 70 second(s)

29-01-2025T06:11:26 - [MESSAGE][PASSED] - Delayed 70 second(s)

29-01-2025T06:11:26 - [TEST_STEP][PASSED] - searchWord = "Вход": null

29-01-2025T06:11:26 - [TEST_STEP][PASSED] - if (urlText.contains(searchWord) == false): null

29-01-2025T06:11:26 - [TEST_STEP][PASSED] - setText(findTestObject("Страница авторизации/input__username"), findTestData("PlanFact").getValue(8, run)): Text 'Petrova-OV' is set on object 'Object Repository/Страница авторизации/input__username'

29-01-2025T06:11:26 - [MESSAGE][PASSED] - Text 'Petrova-OV' is set on object 'Object Repository/Страница авторизации/input__username'

29-01-2025T06:11:26 - [TEST_STEP][PASSED] - setText(findTestObject("Страница авторизации/input__password"), findTestData("PlanFact").getValue(9, run)): Text '4Ex@~R53r&3x&BVe7' is set on object 'Object Repository/Страница авторизации/input__password'

29-01-2025T06:11:27 - [MESSAGE][PASSED] - Text '4Ex@~R53r&3x&BVe7' is set on object 'Object Repository/Страница авторизации/input__password'

29-01-2025T06:11:27 - [TEST_STEP][PASSED] - click(findTestObject("Страница авторизации/button_")): Object: 'Object Repository/Страница авторизации/button_' is clicked on

29-01-2025T06:11:29 - [MESSAGE][PASSED] - Object: 'Object Repository/Страница авторизации/button_' is clicked on

29-01-2025T06:11:29 - [TEST_STEP][PASSED] - delay(70): Delayed 70 second(s)

29-01-2025T06:12:39 - [MESSAGE][PASSED] - Delayed 70 second(s)

29-01-2025T06:12:39 - [TEST_STEP][PASSED] - searchWord = "а": null

29-01-2025T06:12:39 - [TEST_STEP][PASSED] - pageLoaded2 = verifyElementPresent(findTestObject("Страница авторизации/Text"), 50): Object 'Object Repository/Страница авторизации/Text' is present

29-01-2025T06:12:39 - [MESSAGE][PASSED] - Object 'Object Repository/Страница авторизации/Text' is present

29-01-2025T06:12:39 - [TEST_STEP][PASSED] - if (pageLoaded2 == false): null

29-01-2025T06:12:39 - [TEST_STEP][PASSED] - urlText = getText(findTestObject("Страница авторизации/Text")): Text of object 'Object Repository/Страница авторизации/Text' is: 'Период
2024 год
Выручка
Все
ДЗО 
ПАО Россети
Внутренний оборот – выручка за услуги по передаче электрической энергии, входящая в стоимость электроэнергии (продажа) при выполнении ДЗО функций гарантирующего поставщика
Подписи данных
Отклонение котлового полезного отпуска ПАО Россети за 2024 год (факт/план, млн. кВтч)
ПАО Россети
11 094 млн.кВтч.
млн.
%
Котловой полезный отпуск
Выполнение плановых показателей по ПАО Россети за 2024 год
План
Факт
Динамика
2024 год
0 млн.кВтч.
50 000 млн.кВтч.
100 000 млн.кВтч.
150 000 млн.кВтч.
200 000 млн.кВтч.
250 000 млн.кВтч.
300 000 млн.кВтч.
350 000 млн.кВтч.
400 000 млн.кВтч.
450 000 млн.кВтч.
500 000 млн.кВтч.
550 000 млн.кВтч.
600 000 млн.кВтч.
650 000 млн.кВтч.
528 182
540 628
↑
⬤Отклонение
АО «Тываэнерго»
АО «Чеченэнерго»
Россети Волга
Россети Кубань
Россети Ленэнерго (ГК)
Россети Московский регион
Россети Северный Кавказ (ГК)
Россети Северо-Запад
Россети Сибирь (ГК)
Россети Томск
Россети Тюмень
Россети Урал (ГК)
Россети ФСК ЕЭС
Россети Центр
Россети Центр и Приволжье (ГК)
Россети Юг (ГК)
Россети Янтарь
-4 000 млн.кВтч.
-3 000 млн.кВтч.
-2 000 млн.кВтч.
-1 000 млн.кВтч.
0 млн.кВтч.
1 000 млн.кВтч.
2 000 млн.кВтч.
3 000 млн.кВтч.
4 000 млн.кВтч.
5 000 млн.кВтч.
194
48
1 341
1 366
1 390
4 045
83
354
1 086
167
-3 448
1 477
-1 352
1 494
1 877
798
173'

29-01-2025T06:12:40 - [MESSAGE][PASSED] - Text of object 'Object Repository/Страница авторизации/Text' is: 'Период
2024 год
Выручка
Все
ДЗО 
ПАО Россети
Внутренний оборот – выручка за услуги по передаче электрической энергии, входящая в стоимость электроэнергии (продажа) при выполнении ДЗО функций гарантирующего поставщика
Подписи данных
Отклонение котлового полезного отпуска ПАО Россети за 2024 год (факт/план, млн. кВтч)
ПАО Россети
11 094 млн.кВтч.
млн.
%
Котловой полезный отпуск
Выполнение плановых показателей по ПАО Россети за 2024 год
План
Факт
Динамика
2024 год
0 млн.кВтч.
50 000 млн.кВтч.
100 000 млн.кВтч.
150 000 млн.кВтч.
200 000 млн.кВтч.
250 000 млн.кВтч.
300 000 млн.кВтч.
350 000 млн.кВтч.
400 000 млн.кВтч.
450 000 млн.кВтч.
500 000 млн.кВтч.
550 000 млн.кВтч.
600 000 млн.кВтч.
650 000 млн.кВтч.
528 182
540 628
↑
⬤Отклонение
АО «Тываэнерго»
АО «Чеченэнерго»
Россети Волга
Россети Кубань
Россети Ленэнерго (ГК)
Россети Московский регион
Россети Северный Кавказ (ГК)
Россети Северо-Запад
Россети Сибирь (ГК)
Россети Томск
Россети Тюмень
Россети Урал (ГК)
Россети ФСК ЕЭС
Россети Центр
Россети Центр и Приволжье (ГК)
Россети Юг (ГК)
Россети Янтарь
-4 000 млн.кВтч.
-3 000 млн.кВтч.
-2 000 млн.кВтч.
-1 000 млн.кВтч.
0 млн.кВтч.
1 000 млн.кВтч.
2 000 млн.кВтч.
3 000 млн.кВтч.
4 000 млн.кВтч.
5 000 млн.кВтч.
194
48
1 341
1 366
1 390
4 045
83
354
1 086
167
-3 448
1 477
-1 352
1 494
1 877
798
173'

29-01-2025T06:12:40 - [TEST_STEP][PASSED] - if (urlText.contains("ошибка") || urlText.contains(searchWord) == false): null

29-01-2025T06:12:40 - [TEST_STEP][PASSED] - a2 = "": null

29-01-2025T06:12:40 - [TEST_STEP][PASSED] - a3 = "": null

29-01-2025T06:12:40 - [TEST_STEP][PASSED] - a4 = "": null

29-01-2025T06:12:40 - [TEST_STEP][PASSED] - a5 = "": null

29-01-2025T06:12:40 - [TEST_STEP][PASSED] - a6 = "": null

29-01-2025T06:12:40 - [TEST_STEP][PASSED] - a7 = "": null

29-01-2025T06:12:40 - [TEST_STEP][PASSED] - a8 = "": null

29-01-2025T06:12:40 - [TEST_STEP][PASSED] - a9 = "": null

29-01-2025T06:12:40 - [TEST_STEP][PASSED] - if (run == 1): null

29-01-2025T06:12:40 - [TEST_STEP][PASSED] - if (run == 2): null

29-01-2025T06:12:40 - [TEST_STEP][PASSED] - if (run == 3): null

29-01-2025T06:12:40 - [TEST_STEP][PASSED] - user = "Попова": null

29-01-2025T06:12:40 - [TEST_STEP][PASSED] - a1 = getText(findTestObject("Котловой полезный отпуск/График 1")): Text of object 'Object Repository/Котловой полезный отпуск/График 1' is: 'Период
2024 год
Выручка
Все
ДЗО 
ПАО Россети
Внутренний оборот – выручка за услуги по передаче электрической энергии, входящая в стоимость электроэнергии (продажа) при выполнении ДЗО функций гарантирующего поставщика
Подписи данных
Отклонение котлового полезного отпуска ПАО Россети за 2024 год (факт/план, млн. кВтч)
ПАО Россети
11 094 млн.кВтч.
млн.
%
Котловой полезный отпуск
Выполнение плановых показателей по ПАО Россети за 2024 год
План
Факт
Динамика
2024 год
0 млн.кВтч.
50 000 млн.кВтч.
100 000 млн.кВтч.
150 000 млн.кВтч.
200 000 млн.кВтч.
250 000 млн.кВтч.
300 000 млн.кВтч.
350 000 млн.кВтч.
400 000 млн.кВтч.
450 000 млн.кВтч.
500 000 млн.кВтч.
550 000 млн.кВтч.
600 000 млн.кВтч.
650 000 млн.кВтч.
528 182
540 628
↑
⬤Отклонение
АО «Тываэнерго»
АО «Чеченэнерго»
Россети Волга
Россети Кубань
Россети Ленэнерго (ГК)
Россети Московский регион
Россети Северный Кавказ (ГК)
Россети Северо-Запад
Россети Сибирь (ГК)
Россети Томск
Россети Тюмень
Россети Урал (ГК)
Россети ФСК ЕЭС
Россети Центр
Россети Центр и Приволжье (ГК)
Россети Юг (ГК)
Россети Янтарь
-4 000 млн.кВтч.
-3 000 млн.кВтч.
-2 000 млн.кВтч.
-1 000 млн.кВтч.
0 млн.кВтч.
1 000 млн.кВтч.
2 000 млн.кВтч.
3 000 млн.кВтч.
4 000 млн.кВтч.
5 000 млн.кВтч.
194
48
1 341
1 366
1 390
4 045
83
354
1 086
167
-3 448
1 477
-1 352
1 494
1 877
798
173'

29-01-2025T06:12:40 - [MESSAGE][PASSED] - Text of object 'Object Repository/Котловой полезный отпуск/График 1' is: 'Период
2024 год
Выручка
Все
ДЗО 
ПАО Россети
Внутренний оборот – выручка за услуги по передаче электрической энергии, входящая в стоимость электроэнергии (продажа) при выполнении ДЗО функций гарантирующего поставщика
Подписи данных
Отклонение котлового полезного отпуска ПАО Россети за 2024 год (факт/план, млн. кВтч)
ПАО Россети
11 094 млн.кВтч.
млн.
%
Котловой полезный отпуск
Выполнение плановых показателей по ПАО Россети за 2024 год
План
Факт
Динамика
2024 год
0 млн.кВтч.
50 000 млн.кВтч.
100 000 млн.кВтч.
150 000 млн.кВтч.
200 000 млн.кВтч.
250 000 млн.кВтч.
300 000 млн.кВтч.
350 000 млн.кВтч.
400 000 млн.кВтч.
450 000 млн.кВтч.
500 000 млн.кВтч.
550 000 млн.кВтч.
600 000 млн.кВтч.
650 000 млн.кВтч.
528 182
540 628
↑
⬤Отклонение
АО «Тываэнерго»
АО «Чеченэнерго»
Россети Волга
Россети Кубань
Россети Ленэнерго (ГК)
Россети Московский регион
Россети Северный Кавказ (ГК)
Россети Северо-Запад
Россети Сибирь (ГК)
Россети Томск
Россети Тюмень
Россети Урал (ГК)
Россети ФСК ЕЭС
Россети Центр
Россети Центр и Приволжье (ГК)
Россети Юг (ГК)
Россети Янтарь
-4 000 млн.кВтч.
-3 000 млн.кВтч.
-2 000 млн.кВтч.
-1 000 млн.кВтч.
0 млн.кВтч.
1 000 млн.кВтч.
2 000 млн.кВтч.
3 000 млн.кВтч.
4 000 млн.кВтч.
5 000 млн.кВтч.
194
48
1 341
1 366
1 390
4 045
83
354
1 086
167
-3 448
1 477
-1 352
1 494
1 877
798
173'

29-01-2025T06:12:40 - [TEST_STEP][PASSED] - a1 = replaceAll("[\r?
|
]", "").replaceAll("\s+", ""): null

29-01-2025T06:12:40 - [TEST_STEP][PASSED] - if (a1 == ""): null

29-01-2025T06:12:40 - [TEST_STEP][PASSED] - n = n + 23: null

29-01-2025T06:12:40 - [TEST_STEP][PASSED] - b = n - run + 1: null

29-01-2025T06:12:40 - [TEST_STEP][PASSED] - verifyEqual(findTestData("PlanFact").getValue(2, b), a1): Actual object '202420241109420242024050000100000150000200000250000300000350000400000450000500000550000600000650000528182540628↑⬤400030002000100001000200030004000500019448134113661390404583354108616734481477135214941877798173' and expected object '202420241109420242024050000100000150000200000250000300000350000400000450000500000550000600000650000528182540628↑⬤400030002000100001000200030004000500019448134113661390404583354108616734481477135214941877798173' are equal

29-01-2025T06:12:40 - [MESSAGE][PASSED] - Actual object '202420241109420242024050000100000150000200000250000300000350000400000450000500000550000600000650000528182540628↑⬤400030002000100001000200030004000500019448134113661390404583354108616734481477135214941877798173' and expected object '202420241109420242024050000100000150000200000250000300000350000400000450000500000550000600000650000528182540628↑⬤400030002000100001000200030004000500019448134113661390404583354108616734481477135214941877798173' are equal

29-01-2025T06:12:40 - [TEST_STEP][PASSED] - Script1686231490255.WriteToExcel(user, dashboardName, n, data, run, a1, a2, a3, a4, a5, a6, a7, a8, a9): null

29-01-2025T06:12:40 - [TEST_STEP][PASSED] - sheetName = "Sheet1": null

29-01-2025T06:12:40 - [TEST_STEP][PASSED] - workbook01 = getWorkbook(excelFilePath): null

29-01-2025T06:12:40 - [TEST_STEP][PASSED] - sheet01 = getExcelSheet(workbook01, sheetName): null

29-01-2025T06:12:40 - [TEST_STEP][PASSED] - setValueToCellByIndex(sheet01, n, 0, dashboardName): null

29-01-2025T06:12:40 - [TEST_STEP][PASSED] - setValueToCellByIndex(sheet01, n, 10, user): null

29-01-2025T06:12:40 - [TEST_STEP][PASSED] - setValueToCellByIndex(sheet01, n, 1, a1): null

29-01-2025T06:12:40 - [TEST_STEP][PASSED] - setValueToCellByIndex(sheet01, n, 2, a2): null

29-01-2025T06:12:40 - [TEST_STEP][PASSED] - setValueToCellByIndex(sheet01, n, 3, a3): null

29-01-2025T06:12:40 - [TEST_STEP][PASSED] - setValueToCellByIndex(sheet01, n, 4, a4): null

29-01-2025T06:12:40 - [TEST_STEP][PASSED] - setValueToCellByIndex(sheet01, n, 5, a5): null

29-01-2025T06:12:40 - [TEST_STEP][PASSED] - setValueToCellByIndex(sheet01, n, 6, a6): null

29-01-2025T06:12:40 - [TEST_STEP][PASSED] - setValueToCellByIndex(sheet01, n, 7, a7): null

29-01-2025T06:12:40 - [TEST_STEP][PASSED] - setValueToCellByIndex(sheet01, n, 8, a8): null

29-01-2025T06:12:40 - [TEST_STEP][PASSED] - setValueToCellByIndex(sheet01, n, 9, a9): null

29-01-2025T06:12:40 - [TEST_STEP][PASSED] - n = n + 1: null

29-01-2025T06:12:40 - [TEST_STEP][PASSED] - saveWorkbook(excelFilePath, workbook01): null

29-01-2025T06:12:41 - [TEST_STEP][PASSED] - closeBrowser(): Browser is closed

29-01-2025T06:12:41 - [MESSAGE][PASSED] - Browser is closed

29-01-2025T06:12:41 - [TEST_STEP][PASSED] - delay(70): Delayed 70 second(s)

29-01-2025T06:13:51 - [MESSAGE][PASSED] - Delayed 70 second(s)

29-01-2025T06:13:51 - [TEST_STEP][PASSED] - for ([run = 1, run < 4, (run++)]): null

29-01-2025T06:13:51 - [TEST_STEP][PASSED] - FaktorniyAnaliz(user, dashboardName, n, data, run, a1, a2, a3, a4, a5, a6, a7, a8, a9, urlData): null

29-01-2025T06:13:51 - [TEST_STEP][PASSED] - n = data.getRowNumbers() + 1: null

29-01-2025T06:13:51 - [TEST_STEP][PASSED] - println(n): null

29-01-2025T06:13:51 - [TEST_STEP][PASSED] - dashboardName = "Факторный анализ": null

29-01-2025T06:13:51 - [TEST_STEP][PASSED] - openBrowser(""): Browser is opened with url: ''

29-01-2025T06:13:51 - [MESSAGE][INFO] - Starting 'Chrome' driver

29-01-2025T06:13:51 - [MESSAGE][INFO] - Action delay is set to 0 milliseconds

29-01-2025T06:13:52 - [MESSAGE][PASSED] - Browser is opened with url: ''

29-01-2025T06:13:52 - [TEST_STEP][PASSED] - urlData = 3: null

29-01-2025T06:13:52 - [TEST_STEP][PASSED] - Script1686231490255.CheckPageDownload(urlData, run): null

29-01-2025T06:13:52 - [TEST_STEP][PASSED] - i = 1: null

29-01-2025T06:13:52 - [TEST_STEP][PASSED] - ii = 0: null

29-01-2025T06:13:52 - [TEST_STEP][PASSED] - urlText = <not implemented yet for class: org.codehaus.groovy.ast.expr.EmptyExpression>: null

29-01-2025T06:13:52 - [TEST_STEP][PASSED] - searchWord = <not implemented yet for class: org.codehaus.groovy.ast.expr.EmptyExpression>: null

29-01-2025T06:13:52 - [TEST_STEP][PASSED] - deleteAllCookies(): Delete all cookies successfully

29-01-2025T06:13:52 - [MESSAGE][PASSED] - Delete all cookies successfully

29-01-2025T06:13:52 - [TEST_STEP][PASSED] - refresh(): Refresh successfully

29-01-2025T06:13:52 - [MESSAGE][PASSED] - Refresh successfully

29-01-2025T06:13:52 - [TEST_STEP][PASSED] - delay(70): Delayed 70 second(s)

29-01-2025T06:15:02 - [MESSAGE][PASSED] - Delayed 70 second(s)

29-01-2025T06:15:02 - [TEST_STEP][PASSED] - navigateToUrl(findTestData("PlanFact").getValue(10, urlData)): Navigate to 'https://bi.rosseti.digital/viewer?dashboardGuid=2301950b23be4ed89c1df75f2020051e&sheetGuid=ccd7d7486b3d4e6fa0ee9b1eaebed46c&fit=true' successfully

29-01-2025T06:15:10 - [MESSAGE][PASSED] - Navigate to 'https://bi.rosseti.digital/viewer?dashboardGuid=2301950b23be4ed89c1df75f2020051e&sheetGuid=ccd7d7486b3d4e6fa0ee9b1eaebed46c&fit=true' successfully

29-01-2025T06:15:10 - [TEST_STEP][PASSED] - pageLoaded1 = verifyElementPresent(findTestObject("Страница авторизации/Text"), 30): Object 'Object Repository/Страница авторизации/Text' is present

29-01-2025T06:15:11 - [MESSAGE][PASSED] - Object 'Object Repository/Страница авторизации/Text' is present

29-01-2025T06:15:11 - [TEST_STEP][PASSED] - if (pageLoaded1 == false): null

29-01-2025T06:15:11 - [TEST_STEP][PASSED] - urlText = getText(findTestObject("Страница авторизации/Text")): Text of object 'Object Repository/Страница авторизации/Text' is: 'Вход'

29-01-2025T06:15:11 - [MESSAGE][PASSED] - Text of object 'Object Repository/Страница авторизации/Text' is: 'Вход'

29-01-2025T06:15:11 - [TEST_STEP][PASSED] - delay(70): Delayed 70 second(s)

29-01-2025T06:16:21 - [MESSAGE][PASSED] - Delayed 70 second(s)

29-01-2025T06:16:21 - [TEST_STEP][PASSED] - searchWord = "Вход": null

29-01-2025T06:16:21 - [TEST_STEP][PASSED] - if (urlText.contains(searchWord) == false): null

29-01-2025T06:16:21 - [TEST_STEP][PASSED] - setText(findTestObject("Страница авторизации/input__username"), findTestData("PlanFact").getValue(8, run)): Text 'liazgina-di' is set on object 'Object Repository/Страница авторизации/input__username'

29-01-2025T06:16:22 - [MESSAGE][PASSED] - Text 'liazgina-di' is set on object 'Object Repository/Страница авторизации/input__username'

29-01-2025T06:16:22 - [TEST_STEP][PASSED] - setText(findTestObject("Страница авторизации/input__password"), findTestData("PlanFact").getValue(9, run)): Text ')$%5srZ8o688Dm#q' is set on object 'Object Repository/Страница авторизации/input__password'

29-01-2025T06:16:23 - [MESSAGE][PASSED] - Text ')$%5srZ8o688Dm#q' is set on object 'Object Repository/Страница авторизации/input__password'

29-01-2025T06:16:23 - [TEST_STEP][PASSED] - click(findTestObject("Страница авторизации/button_")): Object: 'Object Repository/Страница авторизации/button_' is clicked on

29-01-2025T06:16:23 - [MESSAGE][PASSED] - Object: 'Object Repository/Страница авторизации/button_' is clicked on

29-01-2025T06:16:23 - [TEST_STEP][PASSED] - delay(70): Delayed 70 second(s)

29-01-2025T06:17:33 - [MESSAGE][PASSED] - Delayed 70 second(s)

29-01-2025T06:17:33 - [TEST_STEP][PASSED] - searchWord = "а": null

29-01-2025T06:17:33 - [TEST_STEP][PASSED] - pageLoaded2 = verifyElementPresent(findTestObject("Страница авторизации/Text"), 50): Object 'Object Repository/Страница авторизации/Text' is present

29-01-2025T06:17:34 - [MESSAGE][PASSED] - Object 'Object Repository/Страница авторизации/Text' is present

29-01-2025T06:17:34 - [TEST_STEP][PASSED] - if (pageLoaded2 == false): null

29-01-2025T06:17:34 - [TEST_STEP][PASSED] - urlText = getText(findTestObject("Страница авторизации/Text")): Text of object 'Object Repository/Страница авторизации/Text' is: 'Период
2024 год
ДЗО 
ПАО Россети
Подписи данных
Итого отклонения по группе компаний: - 491 385 млн.руб.
Филиал
Месяц
Факторный анализ
Всего отклонения по факторам по ПАО Россети за 2024 год
ДЗО
Филиал
Отклонение (объём услуг)
Отклонение (средний тариф)
АО «Тываэнерго» АО "Тываэнерго" 627 - 194
АО «Чеченэнерго» АО «Чеченэнерго» -4 478 50
Россети Волга Мордовэнерго -3 928 -95
Оренбургэнерго -15 059 - 145
Пензаэнерго -9 381 -69
Самарские РС -18 189 -1 248
Саратовские РС -18 440 - 650
Ульяновские РС -6 811 - 237
Чувашэнерго -5 881 150
Россети Кубань Кубаньэнерго -70 335 839
Россети Ленэнерго (ГК) Ленинградская область -40 836 1 495
г. Санкт-Петербург -57 428 - 155
Россети Московский регион Московская область 5 420 -1 178
г. Москва 4 764 -62
Россети Северный Кавказ (ГК) Дагестанская энергосбытовая компания - 111 69
Дагэнерго -9 116 629
Ингушэнерго -1 969 149
Каббалкэнерго -3 630 87
Карачаево-Черкесскэнерго -2 353 38
Севкавказэнерго -4 195 199
Ставропольэнерго -11 425 - 191
Россети Северо-Запад Архангельский филиал 21 - 125
Вологодский филиал 265 21
Карельский филиал -77 185
Мурманский филиал 118 44
Новгородский филиал 249 -41
Псковский филиал 138 -24
филиал в Республике Коми - 137 59
Россети Сибирь (ГК) Алтайэнерго 343 359
Бурятэнерго -89 347
ГАЭС 190 -27
Красноярскэнерго 1 482 - 869
Кузбассэнерго-РЭС - 524 1 053
Омскэнерго 238 -63
Хакасэнерго 491 - 481
Читаэнерго -78 253
Россети Томск Томская распределительная компания -9 298 - 164
Россети Тюмень Россети Тюмень -91 179 - 750
Россети Урал (ГК) Пермэнерго 706 - 273
Свердловэнерго 936 284
Челябэнерго 1 031 - 771
Россети ФСК ЕЭС Итого по ФСК ЕЭС -18 155 -4 990
Россети Центр Белгородэнерго 354 160
Брянскэнерго -6 478 5
Воронежэнерго -17 552 124
Костромаэнерго 145 -18
Курскэнерго -2 577 156
Липецкэнерго 851 - 427
Орелэнерго -5 201 -80
Смоленскэнерго -9 501 46
Тамбовэнерго -7 512 -18
Тверьэнерго 390 210
Ярэнерго -6 228 120
Россети Центр и Приволжье (ГК) Владимирэнерго 572 68
Ивэнерго 264 53
Калугаэнерго 789 -62
Кировэнерго 531 36
Мариэнерго 192 30
Нижновэнерго 961 394
Рязаньэнерго 214 74
Тулэнерго 916 - 295
Удмуртэнерго 395 30
Россети Юг (ГК) АО «ВМЭС» -4 761 66
Астраханьэнерго -7 085 54
Волгоградэнерго -12 210 - 502
Калмэнерго -2 065 0
Ростовэнерго -24 896 70
Россети Янтарь Россети Янтарь 425 -35
Отклонения выручки по факторам по выбранным ДЗО, руб
-1 340 497-1 340 497
7 4587 458
Отклонение (объём услуг)
Отклонение (средний тариф)
ПАО Россети'

29-01-2025T06:17:34 - [MESSAGE][PASSED] - Text of object 'Object Repository/Страница авторизации/Text' is: 'Период
2024 год
ДЗО 
ПАО Россети
Подписи данных
Итого отклонения по группе компаний: - 491 385 млн.руб.
Филиал
Месяц
Факторный анализ
Всего отклонения по факторам по ПАО Россети за 2024 год
ДЗО
Филиал
Отклонение (объём услуг)
Отклонение (средний тариф)
АО «Тываэнерго» АО "Тываэнерго" 627 - 194
АО «Чеченэнерго» АО «Чеченэнерго» -4 478 50
Россети Волга Мордовэнерго -3 928 -95
Оренбургэнерго -15 059 - 145
Пензаэнерго -9 381 -69
Самарские РС -18 189 -1 248
Саратовские РС -18 440 - 650
Ульяновские РС -6 811 - 237
Чувашэнерго -5 881 150
Россети Кубань Кубаньэнерго -70 335 839
Россети Ленэнерго (ГК) Ленинградская область -40 836 1 495
г. Санкт-Петербург -57 428 - 155
Россети Московский регион Московская область 5 420 -1 178
г. Москва 4 764 -62
Россети Северный Кавказ (ГК) Дагестанская энергосбытовая компания - 111 69
Дагэнерго -9 116 629
Ингушэнерго -1 969 149
Каббалкэнерго -3 630 87
Карачаево-Черкесскэнерго -2 353 38
Севкавказэнерго -4 195 199
Ставропольэнерго -11 425 - 191
Россети Северо-Запад Архангельский филиал 21 - 125
Вологодский филиал 265 21
Карельский филиал -77 185
Мурманский филиал 118 44
Новгородский филиал 249 -41
Псковский филиал 138 -24
филиал в Республике Коми - 137 59
Россети Сибирь (ГК) Алтайэнерго 343 359
Бурятэнерго -89 347
ГАЭС 190 -27
Красноярскэнерго 1 482 - 869
Кузбассэнерго-РЭС - 524 1 053
Омскэнерго 238 -63
Хакасэнерго 491 - 481
Читаэнерго -78 253
Россети Томск Томская распределительная компания -9 298 - 164
Россети Тюмень Россети Тюмень -91 179 - 750
Россети Урал (ГК) Пермэнерго 706 - 273
Свердловэнерго 936 284
Челябэнерго 1 031 - 771
Россети ФСК ЕЭС Итого по ФСК ЕЭС -18 155 -4 990
Россети Центр Белгородэнерго 354 160
Брянскэнерго -6 478 5
Воронежэнерго -17 552 124
Костромаэнерго 145 -18
Курскэнерго -2 577 156
Липецкэнерго 851 - 427
Орелэнерго -5 201 -80
Смоленскэнерго -9 501 46
Тамбовэнерго -7 512 -18
Тверьэнерго 390 210
Ярэнерго -6 228 120
Россети Центр и Приволжье (ГК) Владимирэнерго 572 68
Ивэнерго 264 53
Калугаэнерго 789 -62
Кировэнерго 531 36
Мариэнерго 192 30
Нижновэнерго 961 394
Рязаньэнерго 214 74
Тулэнерго 916 - 295
Удмуртэнерго 395 30
Россети Юг (ГК) АО «ВМЭС» -4 761 66
Астраханьэнерго -7 085 54
Волгоградэнерго -12 210 - 502
Калмэнерго -2 065 0
Ростовэнерго -24 896 70
Россети Янтарь Россети Янтарь 425 -35
Отклонения выручки по факторам по выбранным ДЗО, руб
-1 340 497-1 340 497
7 4587 458
Отклонение (объём услуг)
Отклонение (средний тариф)
ПАО Россети'

29-01-2025T06:17:34 - [TEST_STEP][PASSED] - if (urlText.contains("ошибка") || urlText.contains(searchWord) == false): null

29-01-2025T06:17:34 - [TEST_STEP][PASSED] - click(findTestObject("Факторный анализ/Фильтр Период")): Object: 'Object Repository/Факторный анализ/Фильтр Период' is clicked on

29-01-2025T06:17:35 - [MESSAGE][PASSED] - Object: 'Object Repository/Факторный анализ/Фильтр Период' is clicked on

29-01-2025T06:17:35 - [TEST_STEP][PASSED] - click(findTestObject("Факторный анализ/Снять выделение в фильтре Дата")): Object: 'Object Repository/Факторный анализ/Снять выделение в фильтре Дата' is clicked on

29-01-2025T06:17:35 - [MESSAGE][PASSED] - Object: 'Object Repository/Факторный анализ/Снять выделение в фильтре Дата' is clicked on

29-01-2025T06:17:35 - [TEST_STEP][PASSED] - click(findTestObject("Факторный анализ/Применить в фильтре Дата")): Object: 'Object Repository/Факторный анализ/Применить в фильтре Дата' is clicked on

29-01-2025T06:17:36 - [MESSAGE][PASSED] - Object: 'Object Repository/Факторный анализ/Применить в фильтре Дата' is clicked on

29-01-2025T06:17:36 - [TEST_STEP][PASSED] - click(findTestObject("Факторный анализ/Фильтр Период")): Object: 'Object Repository/Факторный анализ/Фильтр Период' is clicked on

29-01-2025T06:17:38 - [MESSAGE][PASSED] - Object: 'Object Repository/Факторный анализ/Фильтр Период' is clicked on

29-01-2025T06:17:38 - [TEST_STEP][PASSED] - click(findTestObject("Факторный анализ/Снять выделение в фильтре Дата")): Object: 'Object Repository/Факторный анализ/Снять выделение в фильтре Дата' is clicked on

29-01-2025T06:17:39 - [MESSAGE][PASSED] - Object: 'Object Repository/Факторный анализ/Снять выделение в фильтре Дата' is clicked on

29-01-2025T06:17:39 - [TEST_STEP][PASSED] - scrollToElement(findTestObject("Факторный анализ/2024 список"), 30): Scroll to object 'Object Repository/Факторный анализ/2024 список' successfully

29-01-2025T06:17:39 - [MESSAGE][PASSED] - Scroll to object 'Object Repository/Факторный анализ/2024 список' successfully

29-01-2025T06:17:39 - [TEST_STEP][PASSED] - click(findTestObject("Факторный анализ/2024 год")): Object: 'Object Repository/Факторный анализ/2024 год' is clicked on

29-01-2025T06:17:40 - [MESSAGE][PASSED] - Object: 'Object Repository/Факторный анализ/2024 год' is clicked on

29-01-2025T06:17:40 - [TEST_STEP][PASSED] - scrollToElement(findTestObject("Факторный анализ/Заголовок дашборда"), 30): Scroll to object 'Object Repository/Факторный анализ/Заголовок дашборда' successfully

29-01-2025T06:17:40 - [MESSAGE][PASSED] - Scroll to object 'Object Repository/Факторный анализ/Заголовок дашборда' successfully

29-01-2025T06:17:40 - [TEST_STEP][PASSED] - click(findTestObject("Факторный анализ/Применить в фильтре Дата")): Object: 'Object Repository/Факторный анализ/Применить в фильтре Дата' is clicked on

29-01-2025T06:17:41 - [MESSAGE][PASSED] - Object: 'Object Repository/Факторный анализ/Применить в фильтре Дата' is clicked on

29-01-2025T06:17:41 - [TEST_STEP][PASSED] - a5 = "": null

29-01-2025T06:17:41 - [TEST_STEP][PASSED] - a6 = "": null

29-01-2025T06:17:41 - [TEST_STEP][PASSED] - a7 = "": null

29-01-2025T06:17:41 - [TEST_STEP][PASSED] - a8 = "": null

29-01-2025T06:17:41 - [TEST_STEP][PASSED] - a9 = "": null

29-01-2025T06:17:41 - [TEST_STEP][PASSED] - if (run == 1): null

29-01-2025T06:17:41 - [TEST_STEP][PASSED] - user = "админ": null

29-01-2025T06:17:41 - [TEST_STEP][PASSED] - a1 = getText(findTestObject("Факторный анализ/span1 Блок руководителя")): Text of object 'Object Repository/Факторный анализ/span1 Блок руководителя' is: ''

29-01-2025T06:17:42 - [MESSAGE][PASSED] - Text of object 'Object Repository/Факторный анализ/span1 Блок руководителя' is: ''

29-01-2025T06:17:42 - [TEST_STEP][PASSED] - a2 = getText(findTestObject("Факторный анализ/span2 Блок руководителя")): Text of object 'Object Repository/Факторный анализ/span2 Блок руководителя' is: ''

29-01-2025T06:17:43 - [MESSAGE][PASSED] - Text of object 'Object Repository/Факторный анализ/span2 Блок руководителя' is: ''

29-01-2025T06:17:43 - [TEST_STEP][PASSED] - a3 = getText(findTestObject("Факторный анализ/График Всего отклонения по факторам Блок руководителя")): Text of object 'Object Repository/Факторный анализ/График Всего отклонения по факторам Блок руководителя' is: 'ДЗО
Филиал
Отклонение (объём услуг)
Отклонение (средний тариф)
АО «Тываэнерго» АО "Тываэнерго" 627 - 194
АО «Чеченэнерго» АО «Чеченэнерго» -4 478 50
Россети Волга Мордовэнерго -3 928 -95
Оренбургэнерго -15 059 - 145
Пензаэнерго -9 381 -69
Самарские РС -18 189 -1 248
Саратовские РС -18 440 - 650
Ульяновские РС -6 811 - 237
Чувашэнерго -5 881 150
Россети Кубань Кубаньэнерго -70 335 839
Россети Ленэнерго (ГК) Ленинградская область -40 836 1 495
г. Санкт-Петербург -57 428 - 155
Россети Московский регион Московская область 5 420 -1 178
г. Москва 4 764 -62
Россети Северный Кавказ (ГК) Дагестанская энергосбытовая компания - 111 69
Дагэнерго -9 116 629
Ингушэнерго -1 969 149
Каббалкэнерго -3 630 87
Карачаево-Черкесскэнерго -2 353 38
Севкавказэнерго -4 195 199
Ставропольэнерго -11 425 - 191
Россети Северо-Запад Архангельский филиал 21 - 125
Вологодский филиал 265 21
Карельский филиал -77 185
Мурманский филиал 118 44
Новгородский филиал 249 -41
Псковский филиал 138 -24
филиал в Республике Коми - 137 59
Россети Сибирь (ГК) Алтайэнерго 343 359
Бурятэнерго -89 347
ГАЭС 190 -27
Красноярскэнерго 1 482 - 869
Кузбассэнерго-РЭС - 524 1 053
Омскэнерго 238 -63
Хакасэнерго 491 - 481
Читаэнерго -78 253
Россети Томск Томская распределительная компания -9 298 - 164
Россети Тюмень Россети Тюмень -91 179 - 750
Россети Урал (ГК) Пермэнерго 706 - 273
Свердловэнерго 936 284
Челябэнерго 1 031 - 771
Россети ФСК ЕЭС Итого по ФСК ЕЭС -18 155 -4 990
Россети Центр Белгородэнерго 354 160
Брянскэнерго -6 478 5
Воронежэнерго -17 552 124
Костромаэнерго 145 -18
Курскэнерго -2 577 156
Липецкэнерго 851 - 427
Орелэнерго -5 201 -80
Смоленскэнерго -9 501 46
Тамбовэнерго -7 512 -18
Тверьэнерго 390 210
Ярэнерго -6 228 120
Россети Центр и Приволжье (ГК) Владимирэнерго 572 68
Ивэнерго 264 53
Калугаэнерго 789 -62
Кировэнерго 531 36
Мариэнерго 192 30
Нижновэнерго 961 394
Рязаньэнерго 214 74
Тулэнерго 916 - 295
Удмуртэнерго 395 30
Россети Юг (ГК) АО «ВМЭС» -4 761 66
Астраханьэнерго -7 085 54
Волгоградэнерго -12 210 - 502
Калмэнерго -2 065 0
Ростовэнерго -24 896 70
Россети Янтарь Россети Янтарь 425 -35'

29-01-2025T06:17:43 - [MESSAGE][PASSED] - Text of object 'Object Repository/Факторный анализ/График Всего отклонения по факторам Блок руководителя' is: 'ДЗО
Филиал
Отклонение (объём услуг)
Отклонение (средний тариф)
АО «Тываэнерго» АО "Тываэнерго" 627 - 194
АО «Чеченэнерго» АО «Чеченэнерго» -4 478 50
Россети Волга Мордовэнерго -3 928 -95
Оренбургэнерго -15 059 - 145
Пензаэнерго -9 381 -69
Самарские РС -18 189 -1 248
Саратовские РС -18 440 - 650
Ульяновские РС -6 811 - 237
Чувашэнерго -5 881 150
Россети Кубань Кубаньэнерго -70 335 839
Россети Ленэнерго (ГК) Ленинградская область -40 836 1 495
г. Санкт-Петербург -57 428 - 155
Россети Московский регион Московская область 5 420 -1 178
г. Москва 4 764 -62
Россети Северный Кавказ (ГК) Дагестанская энергосбытовая компания - 111 69
Дагэнерго -9 116 629
Ингушэнерго -1 969 149
Каббалкэнерго -3 630 87
Карачаево-Черкесскэнерго -2 353 38
Севкавказэнерго -4 195 199
Ставропольэнерго -11 425 - 191
Россети Северо-Запад Архангельский филиал 21 - 125
Вологодский филиал 265 21
Карельский филиал -77 185
Мурманский филиал 118 44
Новгородский филиал 249 -41
Псковский филиал 138 -24
филиал в Республике Коми - 137 59
Россети Сибирь (ГК) Алтайэнерго 343 359
Бурятэнерго -89 347
ГАЭС 190 -27
Красноярскэнерго 1 482 - 869
Кузбассэнерго-РЭС - 524 1 053
Омскэнерго 238 -63
Хакасэнерго 491 - 481
Читаэнерго -78 253
Россети Томск Томская распределительная компания -9 298 - 164
Россети Тюмень Россети Тюмень -91 179 - 750
Россети Урал (ГК) Пермэнерго 706 - 273
Свердловэнерго 936 284
Челябэнерго 1 031 - 771
Россети ФСК ЕЭС Итого по ФСК ЕЭС -18 155 -4 990
Россети Центр Белгородэнерго 354 160
Брянскэнерго -6 478 5
Воронежэнерго -17 552 124
Костромаэнерго 145 -18
Курскэнерго -2 577 156
Липецкэнерго 851 - 427
Орелэнерго -5 201 -80
Смоленскэнерго -9 501 46
Тамбовэнерго -7 512 -18
Тверьэнерго 390 210
Ярэнерго -6 228 120
Россети Центр и Приволжье (ГК) Владимирэнерго 572 68
Ивэнерго 264 53
Калугаэнерго 789 -62
Кировэнерго 531 36
Мариэнерго 192 30
Нижновэнерго 961 394
Рязаньэнерго 214 74
Тулэнерго 916 - 295
Удмуртэнерго 395 30
Россети Юг (ГК) АО «ВМЭС» -4 761 66
Астраханьэнерго -7 085 54
Волгоградэнерго -12 210 - 502
Калмэнерго -2 065 0
Ростовэнерго -24 896 70
Россети Янтарь Россети Янтарь 425 -35'

29-01-2025T06:17:43 - [TEST_STEP][PASSED] - click(findTestObject("Факторный анализ/Переключить отображение с филиала на месяц")): Object: 'Object Repository/Факторный анализ/Переключить отображение с филиала на месяц' is clicked on

29-01-2025T06:17:43 - [MESSAGE][PASSED] - Object: 'Object Repository/Факторный анализ/Переключить отображение с филиала на месяц' is clicked on

29-01-2025T06:17:43 - [TEST_STEP][PASSED] - a4 = getText(findTestObject("Факторный анализ/График Всего отклонения по факторам Блок руководителя")): Text of object 'Object Repository/Факторный анализ/График Всего отклонения по факторам Блок руководителя' is: 'ДЗО
Филиал
Отклонение (объём услуг)
Отклонение (средний тариф)
АО «Тываэнерго» АО "Тываэнерго" 627 - 194
АО «Чеченэнерго» АО «Чеченэнерго» -4 478 50
Россети Волга Мордовэнерго -3 928 -95
Оренбургэнерго -15 059 - 145
Пензаэнерго -9 381 -69
Самарские РС -18 189 -1 248
Саратовские РС -18 440 - 650
Ульяновские РС -6 811 - 237
Чувашэнерго -5 881 150
Россети Кубань Кубаньэнерго -70 335 839
Россети Ленэнерго (ГК) Ленинградская область -40 836 1 495
г. Санкт-Петербург -57 428 - 155
Россети Московский регион Московская область 5 420 -1 178
г. Москва 4 764 -62
Россети Северный Кавказ (ГК) Дагестанская энергосбытовая компания - 111 69
Дагэнерго -9 116 629
Ингушэнерго -1 969 149
Каббалкэнерго -3 630 87
Карачаево-Черкесскэнерго -2 353 38
Севкавказэнерго -4 195 199
Ставропольэнерго -11 425 - 191
Россети Северо-Запад Архангельский филиал 21 - 125
Вологодский филиал 265 21
Карельский филиал -77 185
Мурманский филиал 118 44
Новгородский филиал 249 -41
Псковский филиал 138 -24
филиал в Республике Коми - 137 59
Россети Сибирь (ГК) Алтайэнерго 343 359
Бурятэнерго -89 347
ГАЭС 190 -27
Красноярскэнерго 1 482 - 869
Кузбассэнерго-РЭС - 524 1 053
Омскэнерго 238 -63
Хакасэнерго 491 - 481
Читаэнерго -78 253
Россети Томск Томская распределительная компания -9 298 - 164
Россети Тюмень Россети Тюмень -91 179 - 750
Россети Урал (ГК) Пермэнерго 706 - 273
Свердловэнерго 936 284
Челябэнерго 1 031 - 771
Россети ФСК ЕЭС Итого по ФСК ЕЭС -18 155 -4 990
Россети Центр Белгородэнерго 354 160
Брянскэнерго -6 478 5
Воронежэнерго -17 552 124
Костромаэнерго 145 -18
Курскэнерго -2 577 156
Липецкэнерго 851 - 427
Орелэнерго -5 201 -80
Смоленскэнерго -9 501 46
Тамбовэнерго -7 512 -18
Тверьэнерго 390 210
Ярэнерго -6 228 120
Россети Центр и Приволжье (ГК) Владимирэнерго 572 68
Ивэнерго 264 53
Калугаэнерго 789 -62
Кировэнерго 531 36
Мариэнерго 192 30
Нижновэнерго 961 394
Рязаньэнерго 214 74
Тулэнерго 916 - 295
Удмуртэнерго 395 30
Россети Юг (ГК) АО «ВМЭС» -4 761 66
Астраханьэнерго -7 085 54
Волгоградэнерго -12 210 - 502
Калмэнерго -2 065 0
Ростовэнерго -24 896 70
Россети Янтарь Россети Янтарь 425 -35'

29-01-2025T06:17:44 - [MESSAGE][PASSED] - Text of object 'Object Repository/Факторный анализ/График Всего отклонения по факторам Блок руководителя' is: 'ДЗО
Филиал
Отклонение (объём услуг)
Отклонение (средний тариф)
АО «Тываэнерго» АО "Тываэнерго" 627 - 194
АО «Чеченэнерго» АО «Чеченэнерго» -4 478 50
Россети Волга Мордовэнерго -3 928 -95
Оренбургэнерго -15 059 - 145
Пензаэнерго -9 381 -69
Самарские РС -18 189 -1 248
Саратовские РС -18 440 - 650
Ульяновские РС -6 811 - 237
Чувашэнерго -5 881 150
Россети Кубань Кубаньэнерго -70 335 839
Россети Ленэнерго (ГК) Ленинградская область -40 836 1 495
г. Санкт-Петербург -57 428 - 155
Россети Московский регион Московская область 5 420 -1 178
г. Москва 4 764 -62
Россети Северный Кавказ (ГК) Дагестанская энергосбытовая компания - 111 69
Дагэнерго -9 116 629
Ингушэнерго -1 969 149
Каббалкэнерго -3 630 87
Карачаево-Черкесскэнерго -2 353 38
Севкавказэнерго -4 195 199
Ставропольэнерго -11 425 - 191
Россети Северо-Запад Архангельский филиал 21 - 125
Вологодский филиал 265 21
Карельский филиал -77 185
Мурманский филиал 118 44
Новгородский филиал 249 -41
Псковский филиал 138 -24
филиал в Республике Коми - 137 59
Россети Сибирь (ГК) Алтайэнерго 343 359
Бурятэнерго -89 347
ГАЭС 190 -27
Красноярскэнерго 1 482 - 869
Кузбассэнерго-РЭС - 524 1 053
Омскэнерго 238 -63
Хакасэнерго 491 - 481
Читаэнерго -78 253
Россети Томск Томская распределительная компания -9 298 - 164
Россети Тюмень Россети Тюмень -91 179 - 750
Россети Урал (ГК) Пермэнерго 706 - 273
Свердловэнерго 936 284
Челябэнерго 1 031 - 771
Россети ФСК ЕЭС Итого по ФСК ЕЭС -18 155 -4 990
Россети Центр Белгородэнерго 354 160
Брянскэнерго -6 478 5
Воронежэнерго -17 552 124
Костромаэнерго 145 -18
Курскэнерго -2 577 156
Липецкэнерго 851 - 427
Орелэнерго -5 201 -80
Смоленскэнерго -9 501 46
Тамбовэнерго -7 512 -18
Тверьэнерго 390 210
Ярэнерго -6 228 120
Россети Центр и Приволжье (ГК) Владимирэнерго 572 68
Ивэнерго 264 53
Калугаэнерго 789 -62
Кировэнерго 531 36
Мариэнерго 192 30
Нижновэнерго 961 394
Рязаньэнерго 214 74
Тулэнерго 916 - 295
Удмуртэнерго 395 30
Россети Юг (ГК) АО «ВМЭС» -4 761 66
Астраханьэнерго -7 085 54
Волгоградэнерго -12 210 - 502
Калмэнерго -2 065 0
Ростовэнерго -24 896 70
Россети Янтарь Россети Янтарь 425 -35'

29-01-2025T06:17:44 - [TEST_STEP][PASSED] - n = n + 24: null

29-01-2025T06:17:44 - [TEST_STEP][PASSED] - Script1686231490255.WriteToExcel(user, dashboardName, n, data, run, a1, a2, a3, a4, a5, a6, a7, a8, a9): null

29-01-2025T06:17:44 - [TEST_STEP][PASSED] - sheetName = "Sheet1": null

29-01-2025T06:17:44 - [TEST_STEP][PASSED] - workbook01 = getWorkbook(excelFilePath): null

29-01-2025T06:17:44 - [TEST_STEP][PASSED] - sheet01 = getExcelSheet(workbook01, sheetName): null

29-01-2025T06:17:44 - [TEST_STEP][PASSED] - setValueToCellByIndex(sheet01, n, 0, dashboardName): null

29-01-2025T06:17:44 - [TEST_STEP][PASSED] - setValueToCellByIndex(sheet01, n, 10, user): null

29-01-2025T06:17:44 - [TEST_STEP][PASSED] - setValueToCellByIndex(sheet01, n, 1, a1): null

29-01-2025T06:17:44 - [TEST_STEP][PASSED] - setValueToCellByIndex(sheet01, n, 2, a2): null

29-01-2025T06:17:44 - [TEST_STEP][PASSED] - setValueToCellByIndex(sheet01, n, 3, a3): null

29-01-2025T06:17:44 - [TEST_STEP][PASSED] - setValueToCellByIndex(sheet01, n, 4, a4): null

29-01-2025T06:17:44 - [TEST_STEP][PASSED] - setValueToCellByIndex(sheet01, n, 5, a5): null

29-01-2025T06:17:44 - [TEST_STEP][PASSED] - setValueToCellByIndex(sheet01, n, 6, a6): null

29-01-2025T06:17:44 - [TEST_STEP][PASSED] - setValueToCellByIndex(sheet01, n, 7, a7): null

29-01-2025T06:17:44 - [TEST_STEP][PASSED] - setValueToCellByIndex(sheet01, n, 8, a8): null

29-01-2025T06:17:44 - [TEST_STEP][PASSED] - setValueToCellByIndex(sheet01, n, 9, a9): null

29-01-2025T06:17:44 - [TEST_STEP][PASSED] - n = n + 1: null

29-01-2025T06:17:44 - [TEST_STEP][PASSED] - saveWorkbook(excelFilePath, workbook01): null

29-01-2025T06:17:44 - [TEST_STEP][PASSED] - if (run == 2): null

29-01-2025T06:17:44 - [TEST_STEP][PASSED] - if (run == 3): null

29-01-2025T06:17:44 - [TEST_STEP][PASSED] - closeBrowser(): null

29-01-2025T06:17:44 - [MESSAGE][PASSED] - Browser is closed

29-01-2025T06:17:44 - [TEST_STEP][PASSED] - FaktorniyAnaliz(user, dashboardName, n, data, run, a1, a2, a3, a4, a5, a6, a7, a8, a9, urlData): null

29-01-2025T06:17:44 - [TEST_STEP][PASSED] - n = data.getRowNumbers() + 1: null

29-01-2025T06:17:44 - [TEST_STEP][PASSED] - println(n): null

29-01-2025T06:17:44 - [TEST_STEP][PASSED] - dashboardName = "Факторный анализ": null

29-01-2025T06:17:44 - [TEST_STEP][PASSED] - openBrowser(""): Browser is opened with url: ''

29-01-2025T06:17:44 - [MESSAGE][INFO] - Starting 'Chrome' driver

29-01-2025T06:17:44 - [MESSAGE][INFO] - Action delay is set to 0 milliseconds

29-01-2025T06:17:45 - [MESSAGE][PASSED] - Browser is opened with url: ''

29-01-2025T06:17:45 - [TEST_STEP][PASSED] - urlData = 3: null

29-01-2025T06:17:45 - [TEST_STEP][PASSED] - Script1686231490255.CheckPageDownload(urlData, run): null

29-01-2025T06:17:45 - [TEST_STEP][PASSED] - i = 1: null

29-01-2025T06:17:45 - [TEST_STEP][PASSED] - ii = 0: null

29-01-2025T06:17:45 - [TEST_STEP][PASSED] - urlText = <not implemented yet for class: org.codehaus.groovy.ast.expr.EmptyExpression>: null

29-01-2025T06:17:45 - [TEST_STEP][PASSED] - searchWord = <not implemented yet for class: org.codehaus.groovy.ast.expr.EmptyExpression>: null

29-01-2025T06:17:45 - [TEST_STEP][PASSED] - deleteAllCookies(): Delete all cookies successfully

29-01-2025T06:17:45 - [MESSAGE][PASSED] - Delete all cookies successfully

29-01-2025T06:17:45 - [TEST_STEP][PASSED] - refresh(): Refresh successfully

29-01-2025T06:17:45 - [MESSAGE][PASSED] - Refresh successfully

29-01-2025T06:17:45 - [TEST_STEP][PASSED] - delay(70): Delayed 70 second(s)

29-01-2025T06:18:55 - [MESSAGE][PASSED] - Delayed 70 second(s)

29-01-2025T06:18:55 - [TEST_STEP][PASSED] - navigateToUrl(findTestData("PlanFact").getValue(10, urlData)): Navigate to 'https://bi.rosseti.digital/viewer?dashboardGuid=2301950b23be4ed89c1df75f2020051e&sheetGuid=ccd7d7486b3d4e6fa0ee9b1eaebed46c&fit=true' successfully

29-01-2025T06:19:06 - [MESSAGE][PASSED] - Navigate to 'https://bi.rosseti.digital/viewer?dashboardGuid=2301950b23be4ed89c1df75f2020051e&sheetGuid=ccd7d7486b3d4e6fa0ee9b1eaebed46c&fit=true' successfully

29-01-2025T06:19:06 - [TEST_STEP][PASSED] - pageLoaded1 = verifyElementPresent(findTestObject("Страница авторизации/Text"), 30): Object 'Object Repository/Страница авторизации/Text' is present

29-01-2025T06:19:06 - [MESSAGE][PASSED] - Object 'Object Repository/Страница авторизации/Text' is present

29-01-2025T06:19:06 - [TEST_STEP][PASSED] - if (pageLoaded1 == false): null

29-01-2025T06:19:06 - [TEST_STEP][PASSED] - urlText = getText(findTestObject("Страница авторизации/Text")): Text of object 'Object Repository/Страница авторизации/Text' is: 'Вход'

29-01-2025T06:19:06 - [MESSAGE][PASSED] - Text of object 'Object Repository/Страница авторизации/Text' is: 'Вход'

29-01-2025T06:19:06 - [TEST_STEP][PASSED] - delay(70): Delayed 70 second(s)

29-01-2025T06:20:16 - [MESSAGE][PASSED] - Delayed 70 second(s)

29-01-2025T06:20:16 - [TEST_STEP][PASSED] - searchWord = "Вход": null

29-01-2025T06:20:16 - [TEST_STEP][PASSED] - if (urlText.contains(searchWord) == false): null

29-01-2025T06:20:16 - [TEST_STEP][PASSED] - setText(findTestObject("Страница авторизации/input__username"), findTestData("PlanFact").getValue(8, run)): Text 'Andreeva-EV' is set on object 'Object Repository/Страница авторизации/input__username'

29-01-2025T06:20:17 - [MESSAGE][PASSED] - Text 'Andreeva-EV' is set on object 'Object Repository/Страница авторизации/input__username'

29-01-2025T06:20:17 - [TEST_STEP][PASSED] - setText(findTestObject("Страница авторизации/input__password"), findTestData("PlanFact").getValue(9, run)): Text '2nPePKDwCPH3ul7xMZ' is set on object 'Object Repository/Страница авторизации/input__password'

29-01-2025T06:20:18 - [MESSAGE][PASSED] - Text '2nPePKDwCPH3ul7xMZ' is set on object 'Object Repository/Страница авторизации/input__password'

29-01-2025T06:20:18 - [TEST_STEP][PASSED] - click(findTestObject("Страница авторизации/button_")): Object: 'Object Repository/Страница авторизации/button_' is clicked on

29-01-2025T06:20:19 - [MESSAGE][PASSED] - Object: 'Object Repository/Страница авторизации/button_' is clicked on

29-01-2025T06:20:19 - [TEST_STEP][PASSED] - delay(70): Delayed 70 second(s)

29-01-2025T06:21:29 - [MESSAGE][PASSED] - Delayed 70 second(s)

29-01-2025T06:21:29 - [TEST_STEP][PASSED] - searchWord = "а": null

29-01-2025T06:21:29 - [TEST_STEP][PASSED] - pageLoaded2 = verifyElementPresent(findTestObject("Страница авторизации/Text"), 50): Object 'Object Repository/Страница авторизации/Text' is present

29-01-2025T06:21:29 - [MESSAGE][PASSED] - Object 'Object Repository/Страница авторизации/Text' is present

29-01-2025T06:21:29 - [TEST_STEP][PASSED] - if (pageLoaded2 == false): null

29-01-2025T06:21:29 - [TEST_STEP][PASSED] - urlText = getText(findTestObject("Страница авторизации/Text")): Text of object 'Object Repository/Страница авторизации/Text' is: 'Период
2024 год
ДЗО 
ПАО Россети
Подписи данных
Итого отклонения по группе компаний: - 491 385 млн.руб.
Филиал
Месяц
Факторный анализ
Всего отклонения по факторам по ПАО Россети за 2024 год
ДЗО
Филиал
Отклонение (объём услуг)
Отклонение (средний тариф)
АО «Тываэнерго» АО "Тываэнерго" 627 - 194
АО «Чеченэнерго» АО «Чеченэнерго» -4 478 50
Россети Волга Мордовэнерго -3 928 -95
Оренбургэнерго -15 059 - 145
Пензаэнерго -9 381 -69
Самарские РС -18 189 -1 248
Саратовские РС -18 440 - 650
Ульяновские РС -6 811 - 237
Чувашэнерго -5 881 150
Россети Кубань Кубаньэнерго -70 335 839
Россети Ленэнерго (ГК) Ленинградская область -40 836 1 495
г. Санкт-Петербург -57 428 - 155
Россети Московский регион Московская область 5 420 -1 178
г. Москва 4 764 -62
Россети Северный Кавказ (ГК) Дагестанская энергосбытовая компания - 111 69
Дагэнерго -9 116 629
Ингушэнерго -1 969 149
Каббалкэнерго -3 630 87
Карачаево-Черкесскэнерго -2 353 38
Севкавказэнерго -4 195 199
Ставропольэнерго -11 425 - 191
Россети Северо-Запад Архангельский филиал 21 - 125
Вологодский филиал 265 21
Карельский филиал -77 185
Мурманский филиал 118 44
Новгородский филиал 249 -41
Псковский филиал 138 -24
филиал в Республике Коми - 137 59
Россети Сибирь (ГК) Алтайэнерго 343 359
Бурятэнерго -89 347
ГАЭС 190 -27
Красноярскэнерго 1 482 - 869
Кузбассэнерго-РЭС - 524 1 053
Омскэнерго 238 -63
Хакасэнерго 491 - 481
Читаэнерго -78 253
Россети Томск Томская распределительная компания -9 298 - 164
Россети Тюмень Россети Тюмень -91 179 - 750
Россети Урал (ГК) Пермэнерго 706 - 273
Свердловэнерго 936 284
Челябэнерго 1 031 - 771
Россети ФСК ЕЭС Итого по ФСК ЕЭС -18 155 -4 990
Россети Центр Белгородэнерго 354 160
Брянскэнерго -6 478 5
Воронежэнерго -17 552 124
Костромаэнерго 145 -18
Курскэнерго -2 577 156
Липецкэнерго 851 - 427
Орелэнерго -5 201 -80
Смоленскэнерго -9 501 46
Тамбовэнерго -7 512 -18
Тверьэнерго 390 210
Ярэнерго -6 228 120
Россети Центр и Приволжье (ГК) Владимирэнерго 572 68
Ивэнерго 264 53
Калугаэнерго 789 -62
Кировэнерго 531 36
Мариэнерго 192 30
Нижновэнерго 961 394
Рязаньэнерго 214 74
Тулэнерго 916 - 295
Удмуртэнерго 395 30
Россети Юг (ГК) АО «ВМЭС» -4 761 66
Астраханьэнерго -7 085 54
Волгоградэнерго -12 210 - 502
Калмэнерго -2 065 0
Ростовэнерго -24 896 70
Россети Янтарь Россети Янтарь 425 -35
Отклонения выручки по факторам по выбранным ДЗО, руб
-1 340 497-1 340 497
7 4587 458
Отклонение (объём услуг)
Отклонение (средний тариф)
ПАО Россети'

29-01-2025T06:21:30 - [MESSAGE][PASSED] - Text of object 'Object Repository/Страница авторизации/Text' is: 'Период
2024 год
ДЗО 
ПАО Россети
Подписи данных
Итого отклонения по группе компаний: - 491 385 млн.руб.
Филиал
Месяц
Факторный анализ
Всего отклонения по факторам по ПАО Россети за 2024 год
ДЗО
Филиал
Отклонение (объём услуг)
Отклонение (средний тариф)
АО «Тываэнерго» АО "Тываэнерго" 627 - 194
АО «Чеченэнерго» АО «Чеченэнерго» -4 478 50
Россети Волга Мордовэнерго -3 928 -95
Оренбургэнерго -15 059 - 145
Пензаэнерго -9 381 -69
Самарские РС -18 189 -1 248
Саратовские РС -18 440 - 650
Ульяновские РС -6 811 - 237
Чувашэнерго -5 881 150
Россети Кубань Кубаньэнерго -70 335 839
Россети Ленэнерго (ГК) Ленинградская область -40 836 1 495
г. Санкт-Петербург -57 428 - 155
Россети Московский регион Московская область 5 420 -1 178
г. Москва 4 764 -62
Россети Северный Кавказ (ГК) Дагестанская энергосбытовая компания - 111 69
Дагэнерго -9 116 629
Ингушэнерго -1 969 149
Каббалкэнерго -3 630 87
Карачаево-Черкесскэнерго -2 353 38
Севкавказэнерго -4 195 199
Ставропольэнерго -11 425 - 191
Россети Северо-Запад Архангельский филиал 21 - 125
Вологодский филиал 265 21
Карельский филиал -77 185
Мурманский филиал 118 44
Новгородский филиал 249 -41
Псковский филиал 138 -24
филиал в Республике Коми - 137 59
Россети Сибирь (ГК) Алтайэнерго 343 359
Бурятэнерго -89 347
ГАЭС 190 -27
Красноярскэнерго 1 482 - 869
Кузбассэнерго-РЭС - 524 1 053
Омскэнерго 238 -63
Хакасэнерго 491 - 481
Читаэнерго -78 253
Россети Томск Томская распределительная компания -9 298 - 164
Россети Тюмень Россети Тюмень -91 179 - 750
Россети Урал (ГК) Пермэнерго 706 - 273
Свердловэнерго 936 284
Челябэнерго 1 031 - 771
Россети ФСК ЕЭС Итого по ФСК ЕЭС -18 155 -4 990
Россети Центр Белгородэнерго 354 160
Брянскэнерго -6 478 5
Воронежэнерго -17 552 124
Костромаэнерго 145 -18
Курскэнерго -2 577 156
Липецкэнерго 851 - 427
Орелэнерго -5 201 -80
Смоленскэнерго -9 501 46
Тамбовэнерго -7 512 -18
Тверьэнерго 390 210
Ярэнерго -6 228 120
Россети Центр и Приволжье (ГК) Владимирэнерго 572 68
Ивэнерго 264 53
Калугаэнерго 789 -62
Кировэнерго 531 36
Мариэнерго 192 30
Нижновэнерго 961 394
Рязаньэнерго 214 74
Тулэнерго 916 - 295
Удмуртэнерго 395 30
Россети Юг (ГК) АО «ВМЭС» -4 761 66
Астраханьэнерго -7 085 54
Волгоградэнерго -12 210 - 502
Калмэнерго -2 065 0
Ростовэнерго -24 896 70
Россети Янтарь Россети Янтарь 425 -35
Отклонения выручки по факторам по выбранным ДЗО, руб
-1 340 497-1 340 497
7 4587 458
Отклонение (объём услуг)
Отклонение (средний тариф)
ПАО Россети'

29-01-2025T06:21:30 - [TEST_STEP][PASSED] - if (urlText.contains("ошибка") || urlText.contains(searchWord) == false): null

29-01-2025T06:21:30 - [TEST_STEP][PASSED] - click(findTestObject("Факторный анализ/Фильтр Период")): Object: 'Object Repository/Факторный анализ/Фильтр Период' is clicked on

29-01-2025T06:21:30 - [MESSAGE][PASSED] - Object: 'Object Repository/Факторный анализ/Фильтр Период' is clicked on

29-01-2025T06:21:30 - [TEST_STEP][PASSED] - click(findTestObject("Факторный анализ/Снять выделение в фильтре Дата")): Object: 'Object Repository/Факторный анализ/Снять выделение в фильтре Дата' is clicked on

29-01-2025T06:21:31 - [MESSAGE][PASSED] - Object: 'Object Repository/Факторный анализ/Снять выделение в фильтре Дата' is clicked on

29-01-2025T06:21:31 - [TEST_STEP][PASSED] - click(findTestObject("Факторный анализ/Применить в фильтре Дата")): Object: 'Object Repository/Факторный анализ/Применить в фильтре Дата' is clicked on

29-01-2025T06:21:31 - [MESSAGE][PASSED] - Object: 'Object Repository/Факторный анализ/Применить в фильтре Дата' is clicked on

29-01-2025T06:21:31 - [TEST_STEP][PASSED] - click(findTestObject("Факторный анализ/Фильтр Период")): Object: 'Object Repository/Факторный анализ/Фильтр Период' is clicked on

29-01-2025T06:21:34 - [MESSAGE][PASSED] - Object: 'Object Repository/Факторный анализ/Фильтр Период' is clicked on

29-01-2025T06:21:34 - [TEST_STEP][PASSED] - click(findTestObject("Факторный анализ/Снять выделение в фильтре Дата")): Object: 'Object Repository/Факторный анализ/Снять выделение в фильтре Дата' is clicked on

29-01-2025T06:21:35 - [MESSAGE][PASSED] - Object: 'Object Repository/Факторный анализ/Снять выделение в фильтре Дата' is clicked on

29-01-2025T06:21:35 - [TEST_STEP][PASSED] - scrollToElement(findTestObject("Факторный анализ/2024 список"), 30): Scroll to object 'Object Repository/Факторный анализ/2024 список' successfully

29-01-2025T06:21:35 - [MESSAGE][PASSED] - Scroll to object 'Object Repository/Факторный анализ/2024 список' successfully

29-01-2025T06:21:35 - [TEST_STEP][PASSED] - click(findTestObject("Факторный анализ/2024 год")): Object: 'Object Repository/Факторный анализ/2024 год' is clicked on

29-01-2025T06:21:35 - [MESSAGE][PASSED] - Object: 'Object Repository/Факторный анализ/2024 год' is clicked on

29-01-2025T06:21:35 - [TEST_STEP][PASSED] - scrollToElement(findTestObject("Факторный анализ/Заголовок дашборда"), 30): Scroll to object 'Object Repository/Факторный анализ/Заголовок дашборда' successfully

29-01-2025T06:21:36 - [MESSAGE][PASSED] - Scroll to object 'Object Repository/Факторный анализ/Заголовок дашборда' successfully

29-01-2025T06:21:36 - [TEST_STEP][PASSED] - click(findTestObject("Факторный анализ/Применить в фильтре Дата")): Object: 'Object Repository/Факторный анализ/Применить в фильтре Дата' is clicked on

29-01-2025T06:21:36 - [MESSAGE][PASSED] - Object: 'Object Repository/Факторный анализ/Применить в фильтре Дата' is clicked on

29-01-2025T06:21:36 - [TEST_STEP][PASSED] - a5 = "": null

29-01-2025T06:21:36 - [TEST_STEP][PASSED] - a6 = "": null

29-01-2025T06:21:36 - [TEST_STEP][PASSED] - a7 = "": null

29-01-2025T06:21:36 - [TEST_STEP][PASSED] - a8 = "": null

29-01-2025T06:21:36 - [TEST_STEP][PASSED] - a9 = "": null

29-01-2025T06:21:36 - [TEST_STEP][PASSED] - if (run == 1): null

29-01-2025T06:21:36 - [TEST_STEP][PASSED] - if (run == 2): null

29-01-2025T06:21:36 - [TEST_STEP][PASSED] - user = "Андреева": null

29-01-2025T06:21:36 - [TEST_STEP][PASSED] - a1 = getText(findTestObject("Факторный анализ/span1 Блок руководителя")): Text of object 'Object Repository/Факторный анализ/span1 Блок руководителя' is: ''

29-01-2025T06:21:38 - [MESSAGE][PASSED] - Text of object 'Object Repository/Факторный анализ/span1 Блок руководителя' is: ''

29-01-2025T06:21:38 - [TEST_STEP][PASSED] - a2 = getText(findTestObject("Факторный анализ/span2 Блок руководителя")): Text of object 'Object Repository/Факторный анализ/span2 Блок руководителя' is: ''

29-01-2025T06:21:38 - [MESSAGE][PASSED] - Text of object 'Object Repository/Факторный анализ/span2 Блок руководителя' is: ''

29-01-2025T06:21:38 - [TEST_STEP][PASSED] - a3 = getText(findTestObject("Факторный анализ/График Всего отклонения по факторам Блок руководителя")): Text of object 'Object Repository/Факторный анализ/График Всего отклонения по факторам Блок руководителя' is: 'ДЗО
Филиал
Отклонение (объём услуг)
Отклонение (средний тариф)
АО «Тываэнерго» АО "Тываэнерго" 627 - 194
АО «Чеченэнерго» АО «Чеченэнерго» -4 478 50
Россети Волга Мордовэнерго -3 928 -95
Оренбургэнерго -15 059 - 145
Пензаэнерго -9 381 -69
Самарские РС -18 189 -1 248
Саратовские РС -18 440 - 650
Ульяновские РС -6 811 - 237
Чувашэнерго -5 881 150
Россети Кубань Кубаньэнерго -70 335 839
Россети Ленэнерго (ГК) Ленинградская область -40 836 1 495
г. Санкт-Петербург -57 428 - 155
Россети Московский регион Московская область 5 420 -1 178
г. Москва 4 764 -62
Россети Северный Кавказ (ГК) Дагестанская энергосбытовая компания - 111 69
Дагэнерго -9 116 629
Ингушэнерго -1 969 149
Каббалкэнерго -3 630 87
Карачаево-Черкесскэнерго -2 353 38
Севкавказэнерго -4 195 199
Ставропольэнерго -11 425 - 191
Россети Северо-Запад Архангельский филиал 21 - 125
Вологодский филиал 265 21
Карельский филиал -77 185
Мурманский филиал 118 44
Новгородский филиал 249 -41
Псковский филиал 138 -24
филиал в Республике Коми - 137 59
Россети Сибирь (ГК) Алтайэнерго 343 359
Бурятэнерго -89 347
ГАЭС 190 -27
Красноярскэнерго 1 482 - 869
Кузбассэнерго-РЭС - 524 1 053
Омскэнерго 238 -63
Хакасэнерго 491 - 481
Читаэнерго -78 253
Россети Томск Томская распределительная компания -9 298 - 164
Россети Тюмень Россети Тюмень -91 179 - 750
Россети Урал (ГК) Пермэнерго 706 - 273
Свердловэнерго 936 284
Челябэнерго 1 031 - 771
Россети ФСК ЕЭС Итого по ФСК ЕЭС -18 155 -4 990
Россети Центр Белгородэнерго 354 160
Брянскэнерго -6 478 5
Воронежэнерго -17 552 124
Костромаэнерго 145 -18
Курскэнерго -2 577 156
Липецкэнерго 851 - 427
Орелэнерго -5 201 -80
Смоленскэнерго -9 501 46
Тамбовэнерго -7 512 -18
Тверьэнерго 390 210
Ярэнерго -6 228 120
Россети Центр и Приволжье (ГК) Владимирэнерго 572 68
Ивэнерго 264 53
Калугаэнерго 789 -62
Кировэнерго 531 36
Мариэнерго 192 30
Нижновэнерго 961 394
Рязаньэнерго 214 74
Тулэнерго 916 - 295
Удмуртэнерго 395 30
Россети Юг (ГК) АО «ВМЭС» -4 761 66
Астраханьэнерго -7 085 54
Волгоградэнерго -12 210 - 502
Калмэнерго -2 065 0
Ростовэнерго -24 896 70
Россети Янтарь Россети Янтарь 425 -35'

29-01-2025T06:21:38 - [MESSAGE][PASSED] - Text of object 'Object Repository/Факторный анализ/График Всего отклонения по факторам Блок руководителя' is: 'ДЗО
Филиал
Отклонение (объём услуг)
Отклонение (средний тариф)
АО «Тываэнерго» АО "Тываэнерго" 627 - 194
АО «Чеченэнерго» АО «Чеченэнерго» -4 478 50
Россети Волга Мордовэнерго -3 928 -95
Оренбургэнерго -15 059 - 145
Пензаэнерго -9 381 -69
Самарские РС -18 189 -1 248
Саратовские РС -18 440 - 650
Ульяновские РС -6 811 - 237
Чувашэнерго -5 881 150
Россети Кубань Кубаньэнерго -70 335 839
Россети Ленэнерго (ГК) Ленинградская область -40 836 1 495
г. Санкт-Петербург -57 428 - 155
Россети Московский регион Московская область 5 420 -1 178
г. Москва 4 764 -62
Россети Северный Кавказ (ГК) Дагестанская энергосбытовая компания - 111 69
Дагэнерго -9 116 629
Ингушэнерго -1 969 149
Каббалкэнерго -3 630 87
Карачаево-Черкесскэнерго -2 353 38
Севкавказэнерго -4 195 199
Ставропольэнерго -11 425 - 191
Россети Северо-Запад Архангельский филиал 21 - 125
Вологодский филиал 265 21
Карельский филиал -77 185
Мурманский филиал 118 44
Новгородский филиал 249 -41
Псковский филиал 138 -24
филиал в Республике Коми - 137 59
Россети Сибирь (ГК) Алтайэнерго 343 359
Бурятэнерго -89 347
ГАЭС 190 -27
Красноярскэнерго 1 482 - 869
Кузбассэнерго-РЭС - 524 1 053
Омскэнерго 238 -63
Хакасэнерго 491 - 481
Читаэнерго -78 253
Россети Томск Томская распределительная компания -9 298 - 164
Россети Тюмень Россети Тюмень -91 179 - 750
Россети Урал (ГК) Пермэнерго 706 - 273
Свердловэнерго 936 284
Челябэнерго 1 031 - 771
Россети ФСК ЕЭС Итого по ФСК ЕЭС -18 155 -4 990
Россети Центр Белгородэнерго 354 160
Брянскэнерго -6 478 5
Воронежэнерго -17 552 124
Костромаэнерго 145 -18
Курскэнерго -2 577 156
Липецкэнерго 851 - 427
Орелэнерго -5 201 -80
Смоленскэнерго -9 501 46
Тамбовэнерго -7 512 -18
Тверьэнерго 390 210
Ярэнерго -6 228 120
Россети Центр и Приволжье (ГК) Владимирэнерго 572 68
Ивэнерго 264 53
Калугаэнерго 789 -62
Кировэнерго 531 36
Мариэнерго 192 30
Нижновэнерго 961 394
Рязаньэнерго 214 74
Тулэнерго 916 - 295
Удмуртэнерго 395 30
Россети Юг (ГК) АО «ВМЭС» -4 761 66
Астраханьэнерго -7 085 54
Волгоградэнерго -12 210 - 502
Калмэнерго -2 065 0
Ростовэнерго -24 896 70
Россети Янтарь Россети Янтарь 425 -35'

29-01-2025T06:21:38 - [TEST_STEP][PASSED] - click(findTestObject("Факторный анализ/Переключить отображение с филиала на месяц")): Object: 'Object Repository/Факторный анализ/Переключить отображение с филиала на месяц' is clicked on

29-01-2025T06:21:39 - [MESSAGE][PASSED] - Object: 'Object Repository/Факторный анализ/Переключить отображение с филиала на месяц' is clicked on

29-01-2025T06:21:39 - [TEST_STEP][PASSED] - a4 = getText(findTestObject("Факторный анализ/График Всего отклонения по факторам Блок руководителя")): Text of object 'Object Repository/Факторный анализ/График Всего отклонения по факторам Блок руководителя' is: 'ДЗО
Филиал
Отклонение (объём услуг)
Отклонение (средний тариф)
АО «Тываэнерго» АО "Тываэнерго" 627 - 194
АО «Чеченэнерго» АО «Чеченэнерго» -4 478 50
Россети Волга Мордовэнерго -3 928 -95
Оренбургэнерго -15 059 - 145
Пензаэнерго -9 381 -69
Самарские РС -18 189 -1 248
Саратовские РС -18 440 - 650
Ульяновские РС -6 811 - 237
Чувашэнерго -5 881 150
Россети Кубань Кубаньэнерго -70 335 839
Россети Ленэнерго (ГК) Ленинградская область -40 836 1 495
г. Санкт-Петербург -57 428 - 155
Россети Московский регион Московская область 5 420 -1 178
г. Москва 4 764 -62
Россети Северный Кавказ (ГК) Дагестанская энергосбытовая компания - 111 69
Дагэнерго -9 116 629
Ингушэнерго -1 969 149
Каббалкэнерго -3 630 87
Карачаево-Черкесскэнерго -2 353 38
Севкавказэнерго -4 195 199
Ставропольэнерго -11 425 - 191
Россети Северо-Запад Архангельский филиал 21 - 125
Вологодский филиал 265 21
Карельский филиал -77 185
Мурманский филиал 118 44
Новгородский филиал 249 -41
Псковский филиал 138 -24
филиал в Республике Коми - 137 59
Россети Сибирь (ГК) Алтайэнерго 343 359
Бурятэнерго -89 347
ГАЭС 190 -27
Красноярскэнерго 1 482 - 869
Кузбассэнерго-РЭС - 524 1 053
Омскэнерго 238 -63
Хакасэнерго 491 - 481
Читаэнерго -78 253
Россети Томск Томская распределительная компания -9 298 - 164
Россети Тюмень Россети Тюмень -91 179 - 750
Россети Урал (ГК) Пермэнерго 706 - 273
Свердловэнерго 936 284
Челябэнерго 1 031 - 771
Россети ФСК ЕЭС Итого по ФСК ЕЭС -18 155 -4 990
Россети Центр Белгородэнерго 354 160
Брянскэнерго -6 478 5
Воронежэнерго -17 552 124
Костромаэнерго 145 -18
Курскэнерго -2 577 156
Липецкэнерго 851 - 427
Орелэнерго -5 201 -80
Смоленскэнерго -9 501 46
Тамбовэнерго -7 512 -18
Тверьэнерго 390 210
Ярэнерго -6 228 120
Россети Центр и Приволжье (ГК) Владимирэнерго 572 68
Ивэнерго 264 53
Калугаэнерго 789 -62
Кировэнерго 531 36
Мариэнерго 192 30
Нижновэнерго 961 394
Рязаньэнерго 214 74
Тулэнерго 916 - 295
Удмуртэнерго 395 30
Россети Юг (ГК) АО «ВМЭС» -4 761 66
Астраханьэнерго -7 085 54
Волгоградэнерго -12 210 - 502
Калмэнерго -2 065 0
Ростовэнерго -24 896 70
Россети Янтарь Россети Янтарь 425 -35'

29-01-2025T06:21:39 - [MESSAGE][PASSED] - Text of object 'Object Repository/Факторный анализ/График Всего отклонения по факторам Блок руководителя' is: 'ДЗО
Филиал
Отклонение (объём услуг)
Отклонение (средний тариф)
АО «Тываэнерго» АО "Тываэнерго" 627 - 194
АО «Чеченэнерго» АО «Чеченэнерго» -4 478 50
Россети Волга Мордовэнерго -3 928 -95
Оренбургэнерго -15 059 - 145
Пензаэнерго -9 381 -69
Самарские РС -18 189 -1 248
Саратовские РС -18 440 - 650
Ульяновские РС -6 811 - 237
Чувашэнерго -5 881 150
Россети Кубань Кубаньэнерго -70 335 839
Россети Ленэнерго (ГК) Ленинградская область -40 836 1 495
г. Санкт-Петербург -57 428 - 155
Россети Московский регион Московская область 5 420 -1 178
г. Москва 4 764 -62
Россети Северный Кавказ (ГК) Дагестанская энергосбытовая компания - 111 69
Дагэнерго -9 116 629
Ингушэнерго -1 969 149
Каббалкэнерго -3 630 87
Карачаево-Черкесскэнерго -2 353 38
Севкавказэнерго -4 195 199
Ставропольэнерго -11 425 - 191
Россети Северо-Запад Архангельский филиал 21 - 125
Вологодский филиал 265 21
Карельский филиал -77 185
Мурманский филиал 118 44
Новгородский филиал 249 -41
Псковский филиал 138 -24
филиал в Республике Коми - 137 59
Россети Сибирь (ГК) Алтайэнерго 343 359
Бурятэнерго -89 347
ГАЭС 190 -27
Красноярскэнерго 1 482 - 869
Кузбассэнерго-РЭС - 524 1 053
Омскэнерго 238 -63
Хакасэнерго 491 - 481
Читаэнерго -78 253
Россети Томск Томская распределительная компания -9 298 - 164
Россети Тюмень Россети Тюмень -91 179 - 750
Россети Урал (ГК) Пермэнерго 706 - 273
Свердловэнерго 936 284
Челябэнерго 1 031 - 771
Россети ФСК ЕЭС Итого по ФСК ЕЭС -18 155 -4 990
Россети Центр Белгородэнерго 354 160
Брянскэнерго -6 478 5
Воронежэнерго -17 552 124
Костромаэнерго 145 -18
Курскэнерго -2 577 156
Липецкэнерго 851 - 427
Орелэнерго -5 201 -80
Смоленскэнерго -9 501 46
Тамбовэнерго -7 512 -18
Тверьэнерго 390 210
Ярэнерго -6 228 120
Россети Центр и Приволжье (ГК) Владимирэнерго 572 68
Ивэнерго 264 53
Калугаэнерго 789 -62
Кировэнерго 531 36
Мариэнерго 192 30
Нижновэнерго 961 394
Рязаньэнерго 214 74
Тулэнерго 916 - 295
Удмуртэнерго 395 30
Россети Юг (ГК) АО «ВМЭС» -4 761 66
Астраханьэнерго -7 085 54
Волгоградэнерго -12 210 - 502
Калмэнерго -2 065 0
Ростовэнерго -24 896 70
Россети Янтарь Россети Янтарь 425 -35'

29-01-2025T06:21:39 - [TEST_STEP][PASSED] - n = n + 25: null

29-01-2025T06:21:39 - [TEST_STEP][PASSED] - b = n - run + 1: null

29-01-2025T06:21:39 - [TEST_STEP][PASSED] - verifyEqual(findTestData("PlanFact").getValue(2, b), a1): Actual object '' and expected object '' are equal

29-01-2025T06:21:39 - [MESSAGE][PASSED] - Actual object '' and expected object '' are equal

29-01-2025T06:21:39 - [TEST_STEP][PASSED] - verifyEqual(findTestData("PlanFact").getValue(3, b), a2): Actual object '' and expected object '' are equal

29-01-2025T06:21:39 - [MESSAGE][PASSED] - Actual object '' and expected object '' are equal

29-01-2025T06:21:39 - [TEST_STEP][PASSED] - verifyEqual(findTestData("PlanFact").getValue(4, b), a3): Actual object 'ДЗО
Филиал
Отклонение (объём услуг)
Отклонение (средний тариф)
АО «Тываэнерго» АО "Тываэнерго" 627 - 194
АО «Чеченэнерго» АО «Чеченэнерго» -4 478 50
Россети Волга Мордовэнерго -3 928 -95
Оренбургэнерго -15 059 - 145
Пензаэнерго -9 381 -69
Самарские РС -18 189 -1 248
Саратовские РС -18 440 - 650
Ульяновские РС -6 811 - 237
Чувашэнерго -5 881 150
Россети Кубань Кубаньэнерго -70 335 839
Россети Ленэнерго (ГК) Ленинградская область -40 836 1 495
г. Санкт-Петербург -57 428 - 155
Россети Московский регион Московская область 5 420 -1 178
г. Москва 4 764 -62
Россети Северный Кавказ (ГК) Дагестанская энергосбытовая компания - 111 69
Дагэнерго -9 116 629
Ингушэнерго -1 969 149
Каббалкэнерго -3 630 87
Карачаево-Черкесскэнерго -2 353 38
Севкавказэнерго -4 195 199
Ставропольэнерго -11 425 - 191
Россети Северо-Запад Архангельский филиал 21 - 125
Вологодский филиал 265 21
Карельский филиал -77 185
Мурманский филиал 118 44
Новгородский филиал 249 -41
Псковский филиал 138 -24
филиал в Республике Коми - 137 59
Россети Сибирь (ГК) Алтайэнерго 343 359
Бурятэнерго -89 347
ГАЭС 190 -27
Красноярскэнерго 1 482 - 869
Кузбассэнерго-РЭС - 524 1 053
Омскэнерго 238 -63
Хакасэнерго 491 - 481
Читаэнерго -78 253
Россети Томск Томская распределительная компания -9 298 - 164
Россети Тюмень Россети Тюмень -91 179 - 750
Россети Урал (ГК) Пермэнерго 706 - 273
Свердловэнерго 936 284
Челябэнерго 1 031 - 771
Россети ФСК ЕЭС Итого по ФСК ЕЭС -18 155 -4 990
Россети Центр Белгородэнерго 354 160
Брянскэнерго -6 478 5
Воронежэнерго -17 552 124
Костромаэнерго 145 -18
Курскэнерго -2 577 156
Липецкэнерго 851 - 427
Орелэнерго -5 201 -80
Смоленскэнерго -9 501 46
Тамбовэнерго -7 512 -18
Тверьэнерго 390 210
Ярэнерго -6 228 120
Россети Центр и Приволжье (ГК) Владимирэнерго 572 68
Ивэнерго 264 53
Калугаэнерго 789 -62
Кировэнерго 531 36
Мариэнерго 192 30
Нижновэнерго 961 394
Рязаньэнерго 214 74
Тулэнерго 916 - 295
Удмуртэнерго 395 30
Россети Юг (ГК) АО «ВМЭС» -4 761 66
Астраханьэнерго -7 085 54
Волгоградэнерго -12 210 - 502
Калмэнерго -2 065 0
Ростовэнерго -24 896 70
Россети Янтарь Россети Янтарь 425 -35' and expected object 'ДЗО
Филиал
Отклонение (объём услуг)
Отклонение (средний тариф)
АО «Тываэнерго» АО "Тываэнерго" 627 - 194
АО «Чеченэнерго» АО «Чеченэнерго» -4 478 50
Россети Волга Мордовэнерго -3 928 -95
Оренбургэнерго -15 059 - 145
Пензаэнерго -9 381 -69
Самарские РС -18 189 -1 248
Саратовские РС -18 440 - 650
Ульяновские РС -6 811 - 237
Чувашэнерго -5 881 150
Россети Кубань Кубаньэнерго -70 335 839
Россети Ленэнерго (ГК) Ленинградская область -40 836 1 495
г. Санкт-Петербург -57 428 - 155
Россети Московский регион Московская область 5 420 -1 178
г. Москва 4 764 -62
Россети Северный Кавказ (ГК) Дагестанская энергосбытовая компания - 111 69
Дагэнерго -9 116 629
Ингушэнерго -1 969 149
Каббалкэнерго -3 630 87
Карачаево-Черкесскэнерго -2 353 38
Севкавказэнерго -4 195 199
Ставропольэнерго -11 425 - 191
Россети Северо-Запад Архангельский филиал 21 - 125
Вологодский филиал 265 21
Карельский филиал -77 185
Мурманский филиал 118 44
Новгородский филиал 249 -41
Псковский филиал 138 -24
филиал в Республике Коми - 137 59
Россети Сибирь (ГК) Алтайэнерго 343 359
Бурятэнерго -89 347
ГАЭС 190 -27
Красноярскэнерго 1 482 - 869
Кузбассэнерго-РЭС - 524 1 053
Омскэнерго 238 -63
Хакасэнерго 491 - 481
Читаэнерго -78 253
Россети Томск Томская распределительная компания -9 298 - 164
Россети Тюмень Россети Тюмень -91 179 - 750
Россети Урал (ГК) Пермэнерго 706 - 273
Свердловэнерго 936 284
Челябэнерго 1 031 - 771
Россети ФСК ЕЭС Итого по ФСК ЕЭС -18 155 -4 990
Россети Центр Белгородэнерго 354 160
Брянскэнерго -6 478 5
Воронежэнерго -17 552 124
Костромаэнерго 145 -18
Курскэнерго -2 577 156
Липецкэнерго 851 - 427
Орелэнерго -5 201 -80
Смоленскэнерго -9 501 46
Тамбовэнерго -7 512 -18
Тверьэнерго 390 210
Ярэнерго -6 228 120
Россети Центр и Приволжье (ГК) Владимирэнерго 572 68
Ивэнерго 264 53
Калугаэнерго 789 -62
Кировэнерго 531 36
Мариэнерго 192 30
Нижновэнерго 961 394
Рязаньэнерго 214 74
Тулэнерго 916 - 295
Удмуртэнерго 395 30
Россети Юг (ГК) АО «ВМЭС» -4 761 66
Астраханьэнерго -7 085 54
Волгоградэнерго -12 210 - 502
Калмэнерго -2 065 0
Ростовэнерго -24 896 70
Россети Янтарь Россети Янтарь 425 -35' are equal

29-01-2025T06:21:39 - [MESSAGE][PASSED] - Actual object 'ДЗО
Филиал
Отклонение (объём услуг)
Отклонение (средний тариф)
АО «Тываэнерго» АО "Тываэнерго" 627 - 194
АО «Чеченэнерго» АО «Чеченэнерго» -4 478 50
Россети Волга Мордовэнерго -3 928 -95
Оренбургэнерго -15 059 - 145
Пензаэнерго -9 381 -69
Самарские РС -18 189 -1 248
Саратовские РС -18 440 - 650
Ульяновские РС -6 811 - 237
Чувашэнерго -5 881 150
Россети Кубань Кубаньэнерго -70 335 839
Россети Ленэнерго (ГК) Ленинградская область -40 836 1 495
г. Санкт-Петербург -57 428 - 155
Россети Московский регион Московская область 5 420 -1 178
г. Москва 4 764 -62
Россети Северный Кавказ (ГК) Дагестанская энергосбытовая компания - 111 69
Дагэнерго -9 116 629
Ингушэнерго -1 969 149
Каббалкэнерго -3 630 87
Карачаево-Черкесскэнерго -2 353 38
Севкавказэнерго -4 195 199
Ставропольэнерго -11 425 - 191
Россети Северо-Запад Архангельский филиал 21 - 125
Вологодский филиал 265 21
Карельский филиал -77 185
Мурманский филиал 118 44
Новгородский филиал 249 -41
Псковский филиал 138 -24
филиал в Республике Коми - 137 59
Россети Сибирь (ГК) Алтайэнерго 343 359
Бурятэнерго -89 347
ГАЭС 190 -27
Красноярскэнерго 1 482 - 869
Кузбассэнерго-РЭС - 524 1 053
Омскэнерго 238 -63
Хакасэнерго 491 - 481
Читаэнерго -78 253
Россети Томск Томская распределительная компания -9 298 - 164
Россети Тюмень Россети Тюмень -91 179 - 750
Россети Урал (ГК) Пермэнерго 706 - 273
Свердловэнерго 936 284
Челябэнерго 1 031 - 771
Россети ФСК ЕЭС Итого по ФСК ЕЭС -18 155 -4 990
Россети Центр Белгородэнерго 354 160
Брянскэнерго -6 478 5
Воронежэнерго -17 552 124
Костромаэнерго 145 -18
Курскэнерго -2 577 156
Липецкэнерго 851 - 427
Орелэнерго -5 201 -80
Смоленскэнерго -9 501 46
Тамбовэнерго -7 512 -18
Тверьэнерго 390 210
Ярэнерго -6 228 120
Россети Центр и Приволжье (ГК) Владимирэнерго 572 68
Ивэнерго 264 53
Калугаэнерго 789 -62
Кировэнерго 531 36
Мариэнерго 192 30
Нижновэнерго 961 394
Рязаньэнерго 214 74
Тулэнерго 916 - 295
Удмуртэнерго 395 30
Россети Юг (ГК) АО «ВМЭС» -4 761 66
Астраханьэнерго -7 085 54
Волгоградэнерго -12 210 - 502
Калмэнерго -2 065 0
Ростовэнерго -24 896 70
Россети Янтарь Россети Янтарь 425 -35' and expected object 'ДЗО
Филиал
Отклонение (объём услуг)
Отклонение (средний тариф)
АО «Тываэнерго» АО "Тываэнерго" 627 - 194
АО «Чеченэнерго» АО «Чеченэнерго» -4 478 50
Россети Волга Мордовэнерго -3 928 -95
Оренбургэнерго -15 059 - 145
Пензаэнерго -9 381 -69
Самарские РС -18 189 -1 248
Саратовские РС -18 440 - 650
Ульяновские РС -6 811 - 237
Чувашэнерго -5 881 150
Россети Кубань Кубаньэнерго -70 335 839
Россети Ленэнерго (ГК) Ленинградская область -40 836 1 495
г. Санкт-Петербург -57 428 - 155
Россети Московский регион Московская область 5 420 -1 178
г. Москва 4 764 -62
Россети Северный Кавказ (ГК) Дагестанская энергосбытовая компания - 111 69
Дагэнерго -9 116 629
Ингушэнерго -1 969 149
Каббалкэнерго -3 630 87
Карачаево-Черкесскэнерго -2 353 38
Севкавказэнерго -4 195 199
Ставропольэнерго -11 425 - 191
Россети Северо-Запад Архангельский филиал 21 - 125
Вологодский филиал 265 21
Карельский филиал -77 185
Мурманский филиал 118 44
Новгородский филиал 249 -41
Псковский филиал 138 -24
филиал в Республике Коми - 137 59
Россети Сибирь (ГК) Алтайэнерго 343 359
Бурятэнерго -89 347
ГАЭС 190 -27
Красноярскэнерго 1 482 - 869
Кузбассэнерго-РЭС - 524 1 053
Омскэнерго 238 -63
Хакасэнерго 491 - 481
Читаэнерго -78 253
Россети Томск Томская распределительная компания -9 298 - 164
Россети Тюмень Россети Тюмень -91 179 - 750
Россети Урал (ГК) Пермэнерго 706 - 273
Свердловэнерго 936 284
Челябэнерго 1 031 - 771
Россети ФСК ЕЭС Итого по ФСК ЕЭС -18 155 -4 990
Россети Центр Белгородэнерго 354 160
Брянскэнерго -6 478 5
Воронежэнерго -17 552 124
Костромаэнерго 145 -18
Курскэнерго -2 577 156
Липецкэнерго 851 - 427
Орелэнерго -5 201 -80
Смоленскэнерго -9 501 46
Тамбовэнерго -7 512 -18
Тверьэнерго 390 210
Ярэнерго -6 228 120
Россети Центр и Приволжье (ГК) Владимирэнерго 572 68
Ивэнерго 264 53
Калугаэнерго 789 -62
Кировэнерго 531 36
Мариэнерго 192 30
Нижновэнерго 961 394
Рязаньэнерго 214 74
Тулэнерго 916 - 295
Удмуртэнерго 395 30
Россети Юг (ГК) АО «ВМЭС» -4 761 66
Астраханьэнерго -7 085 54
Волгоградэнерго -12 210 - 502
Калмэнерго -2 065 0
Ростовэнерго -24 896 70
Россети Янтарь Россети Янтарь 425 -35' are equal

29-01-2025T06:21:39 - [TEST_STEP][PASSED] - verifyEqual(findTestData("PlanFact").getValue(5, b), a4): Actual object 'ДЗО
Филиал
Отклонение (объём услуг)
Отклонение (средний тариф)
АО «Тываэнерго» АО "Тываэнерго" 627 - 194
АО «Чеченэнерго» АО «Чеченэнерго» -4 478 50
Россети Волга Мордовэнерго -3 928 -95
Оренбургэнерго -15 059 - 145
Пензаэнерго -9 381 -69
Самарские РС -18 189 -1 248
Саратовские РС -18 440 - 650
Ульяновские РС -6 811 - 237
Чувашэнерго -5 881 150
Россети Кубань Кубаньэнерго -70 335 839
Россети Ленэнерго (ГК) Ленинградская область -40 836 1 495
г. Санкт-Петербург -57 428 - 155
Россети Московский регион Московская область 5 420 -1 178
г. Москва 4 764 -62
Россети Северный Кавказ (ГК) Дагестанская энергосбытовая компания - 111 69
Дагэнерго -9 116 629
Ингушэнерго -1 969 149
Каббалкэнерго -3 630 87
Карачаево-Черкесскэнерго -2 353 38
Севкавказэнерго -4 195 199
Ставропольэнерго -11 425 - 191
Россети Северо-Запад Архангельский филиал 21 - 125
Вологодский филиал 265 21
Карельский филиал -77 185
Мурманский филиал 118 44
Новгородский филиал 249 -41
Псковский филиал 138 -24
филиал в Республике Коми - 137 59
Россети Сибирь (ГК) Алтайэнерго 343 359
Бурятэнерго -89 347
ГАЭС 190 -27
Красноярскэнерго 1 482 - 869
Кузбассэнерго-РЭС - 524 1 053
Омскэнерго 238 -63
Хакасэнерго 491 - 481
Читаэнерго -78 253
Россети Томск Томская распределительная компания -9 298 - 164
Россети Тюмень Россети Тюмень -91 179 - 750
Россети Урал (ГК) Пермэнерго 706 - 273
Свердловэнерго 936 284
Челябэнерго 1 031 - 771
Россети ФСК ЕЭС Итого по ФСК ЕЭС -18 155 -4 990
Россети Центр Белгородэнерго 354 160
Брянскэнерго -6 478 5
Воронежэнерго -17 552 124
Костромаэнерго 145 -18
Курскэнерго -2 577 156
Липецкэнерго 851 - 427
Орелэнерго -5 201 -80
Смоленскэнерго -9 501 46
Тамбовэнерго -7 512 -18
Тверьэнерго 390 210
Ярэнерго -6 228 120
Россети Центр и Приволжье (ГК) Владимирэнерго 572 68
Ивэнерго 264 53
Калугаэнерго 789 -62
Кировэнерго 531 36
Мариэнерго 192 30
Нижновэнерго 961 394
Рязаньэнерго 214 74
Тулэнерго 916 - 295
Удмуртэнерго 395 30
Россети Юг (ГК) АО «ВМЭС» -4 761 66
Астраханьэнерго -7 085 54
Волгоградэнерго -12 210 - 502
Калмэнерго -2 065 0
Ростовэнерго -24 896 70
Россети Янтарь Россети Янтарь 425 -35' and expected object 'ДЗО
Филиал
Отклонение (объём услуг)
Отклонение (средний тариф)
АО «Тываэнерго» АО "Тываэнерго" 627 - 194
АО «Чеченэнерго» АО «Чеченэнерго» -4 478 50
Россети Волга Мордовэнерго -3 928 -95
Оренбургэнерго -15 059 - 145
Пензаэнерго -9 381 -69
Самарские РС -18 189 -1 248
Саратовские РС -18 440 - 650
Ульяновские РС -6 811 - 237
Чувашэнерго -5 881 150
Россети Кубань Кубаньэнерго -70 335 839
Россети Ленэнерго (ГК) Ленинградская область -40 836 1 495
г. Санкт-Петербург -57 428 - 155
Россети Московский регион Московская область 5 420 -1 178
г. Москва 4 764 -62
Россети Северный Кавказ (ГК) Дагестанская энергосбытовая компания - 111 69
Дагэнерго -9 116 629
Ингушэнерго -1 969 149
Каббалкэнерго -3 630 87
Карачаево-Черкесскэнерго -2 353 38
Севкавказэнерго -4 195 199
Ставропольэнерго -11 425 - 191
Россети Северо-Запад Архангельский филиал 21 - 125
Вологодский филиал 265 21
Карельский филиал -77 185
Мурманский филиал 118 44
Новгородский филиал 249 -41
Псковский филиал 138 -24
филиал в Республике Коми - 137 59
Россети Сибирь (ГК) Алтайэнерго 343 359
Бурятэнерго -89 347
ГАЭС 190 -27
Красноярскэнерго 1 482 - 869
Кузбассэнерго-РЭС - 524 1 053
Омскэнерго 238 -63
Хакасэнерго 491 - 481
Читаэнерго -78 253
Россети Томск Томская распределительная компания -9 298 - 164
Россети Тюмень Россети Тюмень -91 179 - 750
Россети Урал (ГК) Пермэнерго 706 - 273
Свердловэнерго 936 284
Челябэнерго 1 031 - 771
Россети ФСК ЕЭС Итого по ФСК ЕЭС -18 155 -4 990
Россети Центр Белгородэнерго 354 160
Брянскэнерго -6 478 5
Воронежэнерго -17 552 124
Костромаэнерго 145 -18
Курскэнерго -2 577 156
Липецкэнерго 851 - 427
Орелэнерго -5 201 -80
Смоленскэнерго -9 501 46
Тамбовэнерго -7 512 -18
Тверьэнерго 390 210
Ярэнерго -6 228 120
Россети Центр и Приволжье (ГК) Владимирэнерго 572 68
Ивэнерго 264 53
Калугаэнерго 789 -62
Кировэнерго 531 36
Мариэнерго 192 30
Нижновэнерго 961 394
Рязаньэнерго 214 74
Тулэнерго 916 - 295
Удмуртэнерго 395 30
Россети Юг (ГК) АО «ВМЭС» -4 761 66
Астраханьэнерго -7 085 54
Волгоградэнерго -12 210 - 502
Калмэнерго -2 065 0
Ростовэнерго -24 896 70
Россети Янтарь Россети Янтарь 425 -35' are equal

29-01-2025T06:21:39 - [MESSAGE][PASSED] - Actual object 'ДЗО
Филиал
Отклонение (объём услуг)
Отклонение (средний тариф)
АО «Тываэнерго» АО "Тываэнерго" 627 - 194
АО «Чеченэнерго» АО «Чеченэнерго» -4 478 50
Россети Волга Мордовэнерго -3 928 -95
Оренбургэнерго -15 059 - 145
Пензаэнерго -9 381 -69
Самарские РС -18 189 -1 248
Саратовские РС -18 440 - 650
Ульяновские РС -6 811 - 237
Чувашэнерго -5 881 150
Россети Кубань Кубаньэнерго -70 335 839
Россети Ленэнерго (ГК) Ленинградская область -40 836 1 495
г. Санкт-Петербург -57 428 - 155
Россети Московский регион Московская область 5 420 -1 178
г. Москва 4 764 -62
Россети Северный Кавказ (ГК) Дагестанская энергосбытовая компания - 111 69
Дагэнерго -9 116 629
Ингушэнерго -1 969 149
Каббалкэнерго -3 630 87
Карачаево-Черкесскэнерго -2 353 38
Севкавказэнерго -4 195 199
Ставропольэнерго -11 425 - 191
Россети Северо-Запад Архангельский филиал 21 - 125
Вологодский филиал 265 21
Карельский филиал -77 185
Мурманский филиал 118 44
Новгородский филиал 249 -41
Псковский филиал 138 -24
филиал в Республике Коми - 137 59
Россети Сибирь (ГК) Алтайэнерго 343 359
Бурятэнерго -89 347
ГАЭС 190 -27
Красноярскэнерго 1 482 - 869
Кузбассэнерго-РЭС - 524 1 053
Омскэнерго 238 -63
Хакасэнерго 491 - 481
Читаэнерго -78 253
Россети Томск Томская распределительная компания -9 298 - 164
Россети Тюмень Россети Тюмень -91 179 - 750
Россети Урал (ГК) Пермэнерго 706 - 273
Свердловэнерго 936 284
Челябэнерго 1 031 - 771
Россети ФСК ЕЭС Итого по ФСК ЕЭС -18 155 -4 990
Россети Центр Белгородэнерго 354 160
Брянскэнерго -6 478 5
Воронежэнерго -17 552 124
Костромаэнерго 145 -18
Курскэнерго -2 577 156
Липецкэнерго 851 - 427
Орелэнерго -5 201 -80
Смоленскэнерго -9 501 46
Тамбовэнерго -7 512 -18
Тверьэнерго 390 210
Ярэнерго -6 228 120
Россети Центр и Приволжье (ГК) Владимирэнерго 572 68
Ивэнерго 264 53
Калугаэнерго 789 -62
Кировэнерго 531 36
Мариэнерго 192 30
Нижновэнерго 961 394
Рязаньэнерго 214 74
Тулэнерго 916 - 295
Удмуртэнерго 395 30
Россети Юг (ГК) АО «ВМЭС» -4 761 66
Астраханьэнерго -7 085 54
Волгоградэнерго -12 210 - 502
Калмэнерго -2 065 0
Ростовэнерго -24 896 70
Россети Янтарь Россети Янтарь 425 -35' and expected object 'ДЗО
Филиал
Отклонение (объём услуг)
Отклонение (средний тариф)
АО «Тываэнерго» АО "Тываэнерго" 627 - 194
АО «Чеченэнерго» АО «Чеченэнерго» -4 478 50
Россети Волга Мордовэнерго -3 928 -95
Оренбургэнерго -15 059 - 145
Пензаэнерго -9 381 -69
Самарские РС -18 189 -1 248
Саратовские РС -18 440 - 650
Ульяновские РС -6 811 - 237
Чувашэнерго -5 881 150
Россети Кубань Кубаньэнерго -70 335 839
Россети Ленэнерго (ГК) Ленинградская область -40 836 1 495
г. Санкт-Петербург -57 428 - 155
Россети Московский регион Московская область 5 420 -1 178
г. Москва 4 764 -62
Россети Северный Кавказ (ГК) Дагестанская энергосбытовая компания - 111 69
Дагэнерго -9 116 629
Ингушэнерго -1 969 149
Каббалкэнерго -3 630 87
Карачаево-Черкесскэнерго -2 353 38
Севкавказэнерго -4 195 199
Ставропольэнерго -11 425 - 191
Россети Северо-Запад Архангельский филиал 21 - 125
Вологодский филиал 265 21
Карельский филиал -77 185
Мурманский филиал 118 44
Новгородский филиал 249 -41
Псковский филиал 138 -24
филиал в Республике Коми - 137 59
Россети Сибирь (ГК) Алтайэнерго 343 359
Бурятэнерго -89 347
ГАЭС 190 -27
Красноярскэнерго 1 482 - 869
Кузбассэнерго-РЭС - 524 1 053
Омскэнерго 238 -63
Хакасэнерго 491 - 481
Читаэнерго -78 253
Россети Томск Томская распределительная компания -9 298 - 164
Россети Тюмень Россети Тюмень -91 179 - 750
Россети Урал (ГК) Пермэнерго 706 - 273
Свердловэнерго 936 284
Челябэнерго 1 031 - 771
Россети ФСК ЕЭС Итого по ФСК ЕЭС -18 155 -4 990
Россети Центр Белгородэнерго 354 160
Брянскэнерго -6 478 5
Воронежэнерго -17 552 124
Костромаэнерго 145 -18
Курскэнерго -2 577 156
Липецкэнерго 851 - 427
Орелэнерго -5 201 -80
Смоленскэнерго -9 501 46
Тамбовэнерго -7 512 -18
Тверьэнерго 390 210
Ярэнерго -6 228 120
Россети Центр и Приволжье (ГК) Владимирэнерго 572 68
Ивэнерго 264 53
Калугаэнерго 789 -62
Кировэнерго 531 36
Мариэнерго 192 30
Нижновэнерго 961 394
Рязаньэнерго 214 74
Тулэнерго 916 - 295
Удмуртэнерго 395 30
Россети Юг (ГК) АО «ВМЭС» -4 761 66
Астраханьэнерго -7 085 54
Волгоградэнерго -12 210 - 502
Калмэнерго -2 065 0
Ростовэнерго -24 896 70
Россети Янтарь Россети Янтарь 425 -35' are equal

29-01-2025T06:21:39 - [TEST_STEP][PASSED] - Script1686231490255.WriteToExcel(user, dashboardName, n, data, run, a1, a2, a3, a4, a5, a6, a7, a8, a9): null

29-01-2025T06:21:39 - [TEST_STEP][PASSED] - sheetName = "Sheet1": null

29-01-2025T06:21:39 - [TEST_STEP][PASSED] - workbook01 = getWorkbook(excelFilePath): null

29-01-2025T06:21:39 - [TEST_STEP][PASSED] - sheet01 = getExcelSheet(workbook01, sheetName): null

29-01-2025T06:21:39 - [TEST_STEP][PASSED] - setValueToCellByIndex(sheet01, n, 0, dashboardName): null

29-01-2025T06:21:39 - [TEST_STEP][PASSED] - setValueToCellByIndex(sheet01, n, 10, user): null

29-01-2025T06:21:39 - [TEST_STEP][PASSED] - setValueToCellByIndex(sheet01, n, 1, a1): null

29-01-2025T06:21:39 - [TEST_STEP][PASSED] - setValueToCellByIndex(sheet01, n, 2, a2): null

29-01-2025T06:21:39 - [TEST_STEP][PASSED] - setValueToCellByIndex(sheet01, n, 3, a3): null

29-01-2025T06:21:39 - [TEST_STEP][PASSED] - setValueToCellByIndex(sheet01, n, 4, a4): null

29-01-2025T06:21:39 - [TEST_STEP][PASSED] - setValueToCellByIndex(sheet01, n, 5, a5): null

29-01-2025T06:21:39 - [TEST_STEP][PASSED] - setValueToCellByIndex(sheet01, n, 6, a6): null

29-01-2025T06:21:39 - [TEST_STEP][PASSED] - setValueToCellByIndex(sheet01, n, 7, a7): null

29-01-2025T06:21:39 - [TEST_STEP][PASSED] - setValueToCellByIndex(sheet01, n, 8, a8): null

29-01-2025T06:21:39 - [TEST_STEP][PASSED] - setValueToCellByIndex(sheet01, n, 9, a9): null

29-01-2025T06:21:39 - [TEST_STEP][PASSED] - n = n + 1: null

29-01-2025T06:21:39 - [TEST_STEP][PASSED] - saveWorkbook(excelFilePath, workbook01): null

29-01-2025T06:21:39 - [TEST_STEP][PASSED] - if (run == 3): null

29-01-2025T06:21:39 - [TEST_STEP][PASSED] - closeBrowser(): null

29-01-2025T06:21:40 - [MESSAGE][PASSED] - Browser is closed

29-01-2025T06:21:40 - [TEST_STEP][PASSED] - FaktorniyAnaliz(user, dashboardName, n, data, run, a1, a2, a3, a4, a5, a6, a7, a8, a9, urlData): null

29-01-2025T06:21:40 - [TEST_STEP][PASSED] - n = data.getRowNumbers() + 1: null

29-01-2025T06:21:40 - [TEST_STEP][PASSED] - println(n): null

29-01-2025T06:21:40 - [TEST_STEP][PASSED] - dashboardName = "Факторный анализ": null

29-01-2025T06:21:40 - [TEST_STEP][PASSED] - openBrowser(""): Browser is opened with url: ''

29-01-2025T06:21:40 - [MESSAGE][INFO] - Starting 'Chrome' driver

29-01-2025T06:21:40 - [MESSAGE][INFO] - Action delay is set to 0 milliseconds

29-01-2025T06:21:41 - [MESSAGE][PASSED] - Browser is opened with url: ''

29-01-2025T06:21:41 - [TEST_STEP][PASSED] - urlData = 3: null

29-01-2025T06:21:41 - [TEST_STEP][PASSED] - Script1686231490255.CheckPageDownload(urlData, run): null

29-01-2025T06:21:41 - [TEST_STEP][PASSED] - i = 1: null

29-01-2025T06:21:41 - [TEST_STEP][PASSED] - ii = 0: null

29-01-2025T06:21:41 - [TEST_STEP][PASSED] - urlText = <not implemented yet for class: org.codehaus.groovy.ast.expr.EmptyExpression>: null

29-01-2025T06:21:41 - [TEST_STEP][PASSED] - searchWord = <not implemented yet for class: org.codehaus.groovy.ast.expr.EmptyExpression>: null

29-01-2025T06:21:41 - [TEST_STEP][PASSED] - deleteAllCookies(): Delete all cookies successfully

29-01-2025T06:21:41 - [MESSAGE][PASSED] - Delete all cookies successfully

29-01-2025T06:21:41 - [TEST_STEP][PASSED] - refresh(): Refresh successfully

29-01-2025T06:21:41 - [MESSAGE][PASSED] - Refresh successfully

29-01-2025T06:21:41 - [TEST_STEP][PASSED] - delay(70): Delayed 70 second(s)

29-01-2025T06:22:51 - [MESSAGE][PASSED] - Delayed 70 second(s)

29-01-2025T06:22:51 - [TEST_STEP][PASSED] - navigateToUrl(findTestData("PlanFact").getValue(10, urlData)): Navigate to 'https://bi.rosseti.digital/viewer?dashboardGuid=2301950b23be4ed89c1df75f2020051e&sheetGuid=ccd7d7486b3d4e6fa0ee9b1eaebed46c&fit=true' successfully

29-01-2025T06:22:58 - [MESSAGE][PASSED] - Navigate to 'https://bi.rosseti.digital/viewer?dashboardGuid=2301950b23be4ed89c1df75f2020051e&sheetGuid=ccd7d7486b3d4e6fa0ee9b1eaebed46c&fit=true' successfully

29-01-2025T06:22:58 - [TEST_STEP][PASSED] - pageLoaded1 = verifyElementPresent(findTestObject("Страница авторизации/Text"), 30): Object 'Object Repository/Страница авторизации/Text' is present

29-01-2025T06:22:59 - [MESSAGE][PASSED] - Object 'Object Repository/Страница авторизации/Text' is present

29-01-2025T06:22:59 - [TEST_STEP][PASSED] - if (pageLoaded1 == false): null

29-01-2025T06:22:59 - [TEST_STEP][PASSED] - urlText = getText(findTestObject("Страница авторизации/Text")): Text of object 'Object Repository/Страница авторизации/Text' is: 'Вход'

29-01-2025T06:23:00 - [MESSAGE][PASSED] - Text of object 'Object Repository/Страница авторизации/Text' is: 'Вход'

29-01-2025T06:23:00 - [TEST_STEP][PASSED] - delay(70): Delayed 70 second(s)

29-01-2025T06:24:10 - [MESSAGE][PASSED] - Delayed 70 second(s)

29-01-2025T06:24:10 - [TEST_STEP][PASSED] - searchWord = "Вход": null

29-01-2025T06:24:10 - [TEST_STEP][PASSED] - if (urlText.contains(searchWord) == false): null

29-01-2025T06:24:10 - [TEST_STEP][PASSED] - setText(findTestObject("Страница авторизации/input__username"), findTestData("PlanFact").getValue(8, run)): Text 'Petrova-OV' is set on object 'Object Repository/Страница авторизации/input__username'

29-01-2025T06:24:10 - [MESSAGE][PASSED] - Text 'Petrova-OV' is set on object 'Object Repository/Страница авторизации/input__username'

29-01-2025T06:24:10 - [TEST_STEP][PASSED] - setText(findTestObject("Страница авторизации/input__password"), findTestData("PlanFact").getValue(9, run)): Text '4Ex@~R53r&3x&BVe7' is set on object 'Object Repository/Страница авторизации/input__password'

29-01-2025T06:24:11 - [MESSAGE][PASSED] - Text '4Ex@~R53r&3x&BVe7' is set on object 'Object Repository/Страница авторизации/input__password'

29-01-2025T06:24:11 - [TEST_STEP][PASSED] - click(findTestObject("Страница авторизации/button_")): Object: 'Object Repository/Страница авторизации/button_' is clicked on

29-01-2025T06:24:12 - [MESSAGE][PASSED] - Object: 'Object Repository/Страница авторизации/button_' is clicked on

29-01-2025T06:24:12 - [TEST_STEP][PASSED] - delay(70): Delayed 70 second(s)

29-01-2025T06:25:22 - [MESSAGE][PASSED] - Delayed 70 second(s)

29-01-2025T06:25:22 - [TEST_STEP][PASSED] - searchWord = "а": null

29-01-2025T06:25:22 - [TEST_STEP][PASSED] - pageLoaded2 = verifyElementPresent(findTestObject("Страница авторизации/Text"), 50): Object 'Object Repository/Страница авторизации/Text' is present

29-01-2025T06:25:22 - [MESSAGE][PASSED] - Object 'Object Repository/Страница авторизации/Text' is present

29-01-2025T06:25:22 - [TEST_STEP][PASSED] - if (pageLoaded2 == false): null

29-01-2025T06:25:22 - [TEST_STEP][PASSED] - urlText = getText(findTestObject("Страница авторизации/Text")): Text of object 'Object Repository/Страница авторизации/Text' is: 'Период
2024 год
ДЗО 
ПАО Россети
Подписи данных
Итого отклонения по группе компаний: - 491 385 млн.руб.
Филиал
Месяц
Факторный анализ
Всего отклонения по факторам по ПАО Россети за 2024 год
ДЗО
Филиал
Отклонение (объём услуг)
Отклонение (средний тариф)
АО «Тываэнерго» АО "Тываэнерго" 627 - 194
АО «Чеченэнерго» АО «Чеченэнерго» -4 478 50
Россети Волга Мордовэнерго -3 928 -95
Оренбургэнерго -15 059 - 145
Пензаэнерго -9 381 -69
Самарские РС -18 189 -1 248
Саратовские РС -18 440 - 650
Ульяновские РС -6 811 - 237
Чувашэнерго -5 881 150
Россети Кубань Кубаньэнерго -70 335 839
Россети Ленэнерго (ГК) Ленинградская область -40 836 1 495
г. Санкт-Петербург -57 428 - 155
Россети Московский регион Московская область 5 420 -1 178
г. Москва 4 764 -62
Россети Северный Кавказ (ГК) Дагестанская энергосбытовая компания - 111 69
Дагэнерго -9 116 629
Ингушэнерго -1 969 149
Каббалкэнерго -3 630 87
Карачаево-Черкесскэнерго -2 353 38
Севкавказэнерго -4 195 199
Ставропольэнерго -11 425 - 191
Россети Северо-Запад Архангельский филиал 21 - 125
Вологодский филиал 265 21
Карельский филиал -77 185
Мурманский филиал 118 44
Новгородский филиал 249 -41
Псковский филиал 138 -24
филиал в Республике Коми - 137 59
Россети Сибирь (ГК) Алтайэнерго 343 359
Бурятэнерго -89 347
ГАЭС 190 -27
Красноярскэнерго 1 482 - 869
Кузбассэнерго-РЭС - 524 1 053
Омскэнерго 238 -63
Хакасэнерго 491 - 481
Читаэнерго -78 253
Россети Томск Томская распределительная компания -9 298 - 164
Россети Тюмень Россети Тюмень -91 179 - 750
Россети Урал (ГК) Пермэнерго 706 - 273
Свердловэнерго 936 284
Челябэнерго 1 031 - 771
Россети ФСК ЕЭС Итого по ФСК ЕЭС -18 155 -4 990
Россети Центр Белгородэнерго 354 160
Брянскэнерго -6 478 5
Воронежэнерго -17 552 124
Костромаэнерго 145 -18
Курскэнерго -2 577 156
Липецкэнерго 851 - 427
Орелэнерго -5 201 -80
Смоленскэнерго -9 501 46
Тамбовэнерго -7 512 -18
Тверьэнерго 390 210
Ярэнерго -6 228 120
Россети Центр и Приволжье (ГК) Владимирэнерго 572 68
Ивэнерго 264 53
Калугаэнерго 789 -62
Кировэнерго 531 36
Мариэнерго 192 30
Нижновэнерго 961 394
Рязаньэнерго 214 74
Тулэнерго 916 - 295
Удмуртэнерго 395 30
Россети Юг (ГК) АО «ВМЭС» -4 761 66
Астраханьэнерго -7 085 54
Волгоградэнерго -12 210 - 502
Калмэнерго -2 065 0
Ростовэнерго -24 896 70
Россети Янтарь Россети Янтарь 425 -35
Отклонения выручки по факторам по выбранным ДЗО, руб
-1 340 497-1 340 497
7 4587 458
Отклонение (объём услуг)
Отклонение (средний тариф)
ПАО Россети'

29-01-2025T06:25:23 - [MESSAGE][PASSED] - Text of object 'Object Repository/Страница авторизации/Text' is: 'Период
2024 год
ДЗО 
ПАО Россети
Подписи данных
Итого отклонения по группе компаний: - 491 385 млн.руб.
Филиал
Месяц
Факторный анализ
Всего отклонения по факторам по ПАО Россети за 2024 год
ДЗО
Филиал
Отклонение (объём услуг)
Отклонение (средний тариф)
АО «Тываэнерго» АО "Тываэнерго" 627 - 194
АО «Чеченэнерго» АО «Чеченэнерго» -4 478 50
Россети Волга Мордовэнерго -3 928 -95
Оренбургэнерго -15 059 - 145
Пензаэнерго -9 381 -69
Самарские РС -18 189 -1 248
Саратовские РС -18 440 - 650
Ульяновские РС -6 811 - 237
Чувашэнерго -5 881 150
Россети Кубань Кубаньэнерго -70 335 839
Россети Ленэнерго (ГК) Ленинградская область -40 836 1 495
г. Санкт-Петербург -57 428 - 155
Россети Московский регион Московская область 5 420 -1 178
г. Москва 4 764 -62
Россети Северный Кавказ (ГК) Дагестанская энергосбытовая компания - 111 69
Дагэнерго -9 116 629
Ингушэнерго -1 969 149
Каббалкэнерго -3 630 87
Карачаево-Черкесскэнерго -2 353 38
Севкавказэнерго -4 195 199
Ставропольэнерго -11 425 - 191
Россети Северо-Запад Архангельский филиал 21 - 125
Вологодский филиал 265 21
Карельский филиал -77 185
Мурманский филиал 118 44
Новгородский филиал 249 -41
Псковский филиал 138 -24
филиал в Республике Коми - 137 59
Россети Сибирь (ГК) Алтайэнерго 343 359
Бурятэнерго -89 347
ГАЭС 190 -27
Красноярскэнерго 1 482 - 869
Кузбассэнерго-РЭС - 524 1 053
Омскэнерго 238 -63
Хакасэнерго 491 - 481
Читаэнерго -78 253
Россети Томск Томская распределительная компания -9 298 - 164
Россети Тюмень Россети Тюмень -91 179 - 750
Россети Урал (ГК) Пермэнерго 706 - 273
Свердловэнерго 936 284
Челябэнерго 1 031 - 771
Россети ФСК ЕЭС Итого по ФСК ЕЭС -18 155 -4 990
Россети Центр Белгородэнерго 354 160
Брянскэнерго -6 478 5
Воронежэнерго -17 552 124
Костромаэнерго 145 -18
Курскэнерго -2 577 156
Липецкэнерго 851 - 427
Орелэнерго -5 201 -80
Смоленскэнерго -9 501 46
Тамбовэнерго -7 512 -18
Тверьэнерго 390 210
Ярэнерго -6 228 120
Россети Центр и Приволжье (ГК) Владимирэнерго 572 68
Ивэнерго 264 53
Калугаэнерго 789 -62
Кировэнерго 531 36
Мариэнерго 192 30
Нижновэнерго 961 394
Рязаньэнерго 214 74
Тулэнерго 916 - 295
Удмуртэнерго 395 30
Россети Юг (ГК) АО «ВМЭС» -4 761 66
Астраханьэнерго -7 085 54
Волгоградэнерго -12 210 - 502
Калмэнерго -2 065 0
Ростовэнерго -24 896 70
Россети Янтарь Россети Янтарь 425 -35
Отклонения выручки по факторам по выбранным ДЗО, руб
-1 340 497-1 340 497
7 4587 458
Отклонение (объём услуг)
Отклонение (средний тариф)
ПАО Россети'

29-01-2025T06:25:23 - [TEST_STEP][PASSED] - if (urlText.contains("ошибка") || urlText.contains(searchWord) == false): null

29-01-2025T06:25:23 - [TEST_STEP][PASSED] - click(findTestObject("Факторный анализ/Фильтр Период")): Object: 'Object Repository/Факторный анализ/Фильтр Период' is clicked on

29-01-2025T06:25:23 - [MESSAGE][PASSED] - Object: 'Object Repository/Факторный анализ/Фильтр Период' is clicked on

29-01-2025T06:25:23 - [TEST_STEP][PASSED] - click(findTestObject("Факторный анализ/Снять выделение в фильтре Дата")): Object: 'Object Repository/Факторный анализ/Снять выделение в фильтре Дата' is clicked on

29-01-2025T06:25:24 - [MESSAGE][PASSED] - Object: 'Object Repository/Факторный анализ/Снять выделение в фильтре Дата' is clicked on

29-01-2025T06:25:24 - [TEST_STEP][PASSED] - click(findTestObject("Факторный анализ/Применить в фильтре Дата")): Object: 'Object Repository/Факторный анализ/Применить в фильтре Дата' is clicked on

29-01-2025T06:25:24 - [MESSAGE][PASSED] - Object: 'Object Repository/Факторный анализ/Применить в фильтре Дата' is clicked on

29-01-2025T06:25:24 - [TEST_STEP][PASSED] - click(findTestObject("Факторный анализ/Фильтр Период")): Object: 'Object Repository/Факторный анализ/Фильтр Период' is clicked on

29-01-2025T06:25:26 - [MESSAGE][PASSED] - Object: 'Object Repository/Факторный анализ/Фильтр Период' is clicked on

29-01-2025T06:25:26 - [TEST_STEP][PASSED] - click(findTestObject("Факторный анализ/Снять выделение в фильтре Дата")): Object: 'Object Repository/Факторный анализ/Снять выделение в фильтре Дата' is clicked on

29-01-2025T06:25:27 - [MESSAGE][PASSED] - Object: 'Object Repository/Факторный анализ/Снять выделение в фильтре Дата' is clicked on

29-01-2025T06:25:27 - [TEST_STEP][PASSED] - scrollToElement(findTestObject("Факторный анализ/2024 список"), 30): Scroll to object 'Object Repository/Факторный анализ/2024 список' successfully

29-01-2025T06:25:27 - [MESSAGE][PASSED] - Scroll to object 'Object Repository/Факторный анализ/2024 список' successfully

29-01-2025T06:25:27 - [TEST_STEP][PASSED] - click(findTestObject("Факторный анализ/2024 год")): Object: 'Object Repository/Факторный анализ/2024 год' is clicked on

29-01-2025T06:25:27 - [MESSAGE][PASSED] - Object: 'Object Repository/Факторный анализ/2024 год' is clicked on

29-01-2025T06:25:27 - [TEST_STEP][PASSED] - scrollToElement(findTestObject("Факторный анализ/Заголовок дашборда"), 30): Scroll to object 'Object Repository/Факторный анализ/Заголовок дашборда' successfully

29-01-2025T06:25:28 - [MESSAGE][PASSED] - Scroll to object 'Object Repository/Факторный анализ/Заголовок дашборда' successfully

29-01-2025T06:25:28 - [TEST_STEP][PASSED] - click(findTestObject("Факторный анализ/Применить в фильтре Дата")): Object: 'Object Repository/Факторный анализ/Применить в фильтре Дата' is clicked on

29-01-2025T06:25:28 - [MESSAGE][PASSED] - Object: 'Object Repository/Факторный анализ/Применить в фильтре Дата' is clicked on

29-01-2025T06:25:28 - [TEST_STEP][PASSED] - a5 = "": null

29-01-2025T06:25:28 - [TEST_STEP][PASSED] - a6 = "": null

29-01-2025T06:25:28 - [TEST_STEP][PASSED] - a7 = "": null

29-01-2025T06:25:28 - [TEST_STEP][PASSED] - a8 = "": null

29-01-2025T06:25:28 - [TEST_STEP][PASSED] - a9 = "": null

29-01-2025T06:25:28 - [TEST_STEP][PASSED] - if (run == 1): null

29-01-2025T06:25:28 - [TEST_STEP][PASSED] - if (run == 2): null

29-01-2025T06:25:28 - [TEST_STEP][PASSED] - if (run == 3): null

29-01-2025T06:25:28 - [TEST_STEP][PASSED] - user = "Попова": null

29-01-2025T06:25:28 - [TEST_STEP][PASSED] - a1 = getText(findTestObject("Факторный анализ/span1 Блок руководителя")): Text of object 'Object Repository/Факторный анализ/span1 Блок руководителя' is: ''

29-01-2025T06:25:29 - [MESSAGE][PASSED] - Text of object 'Object Repository/Факторный анализ/span1 Блок руководителя' is: ''

29-01-2025T06:25:29 - [TEST_STEP][PASSED] - a2 = getText(findTestObject("Факторный анализ/span2 Блок руководителя")): Text of object 'Object Repository/Факторный анализ/span2 Блок руководителя' is: ''

29-01-2025T06:25:29 - [MESSAGE][PASSED] - Text of object 'Object Repository/Факторный анализ/span2 Блок руководителя' is: ''

29-01-2025T06:25:29 - [TEST_STEP][PASSED] - a3 = getText(findTestObject("Факторный анализ/График Всего отклонения по факторам Блок руководителя")): Text of object 'Object Repository/Факторный анализ/График Всего отклонения по факторам Блок руководителя' is: 'ДЗО
Филиал
Отклонение (объём услуг)
Отклонение (средний тариф)
АО «Тываэнерго» АО "Тываэнерго" 627 - 194
АО «Чеченэнерго» АО «Чеченэнерго» -4 478 50
Россети Волга Мордовэнерго -3 928 -95
Оренбургэнерго -15 059 - 145
Пензаэнерго -9 381 -69
Самарские РС -18 189 -1 248
Саратовские РС -18 440 - 650
Ульяновские РС -6 811 - 237
Чувашэнерго -5 881 150
Россети Кубань Кубаньэнерго -70 335 839
Россети Ленэнерго (ГК) Ленинградская область -40 836 1 495
г. Санкт-Петербург -57 428 - 155
Россети Московский регион Московская область 5 420 -1 178
г. Москва 4 764 -62
Россети Северный Кавказ (ГК) Дагестанская энергосбытовая компания - 111 69
Дагэнерго -9 116 629
Ингушэнерго -1 969 149
Каббалкэнерго -3 630 87
Карачаево-Черкесскэнерго -2 353 38
Севкавказэнерго -4 195 199
Ставропольэнерго -11 425 - 191
Россети Северо-Запад Архангельский филиал 21 - 125
Вологодский филиал 265 21
Карельский филиал -77 185
Мурманский филиал 118 44
Новгородский филиал 249 -41
Псковский филиал 138 -24
филиал в Республике Коми - 137 59
Россети Сибирь (ГК) Алтайэнерго 343 359
Бурятэнерго -89 347
ГАЭС 190 -27
Красноярскэнерго 1 482 - 869
Кузбассэнерго-РЭС - 524 1 053
Омскэнерго 238 -63
Хакасэнерго 491 - 481
Читаэнерго -78 253
Россети Томск Томская распределительная компания -9 298 - 164
Россети Тюмень Россети Тюмень -91 179 - 750
Россети Урал (ГК) Пермэнерго 706 - 273
Свердловэнерго 936 284
Челябэнерго 1 031 - 771
Россети ФСК ЕЭС Итого по ФСК ЕЭС -18 155 -4 990
Россети Центр Белгородэнерго 354 160
Брянскэнерго -6 478 5
Воронежэнерго -17 552 124
Костромаэнерго 145 -18
Курскэнерго -2 577 156
Липецкэнерго 851 - 427
Орелэнерго -5 201 -80
Смоленскэнерго -9 501 46
Тамбовэнерго -7 512 -18
Тверьэнерго 390 210
Ярэнерго -6 228 120
Россети Центр и Приволжье (ГК) Владимирэнерго 572 68
Ивэнерго 264 53
Калугаэнерго 789 -62
Кировэнерго 531 36
Мариэнерго 192 30
Нижновэнерго 961 394
Рязаньэнерго 214 74
Тулэнерго 916 - 295
Удмуртэнерго 395 30
Россети Юг (ГК) АО «ВМЭС» -4 761 66
Астраханьэнерго -7 085 54
Волгоградэнерго -12 210 - 502
Калмэнерго -2 065 0
Ростовэнерго -24 896 70
Россети Янтарь Россети Янтарь 425 -35'

29-01-2025T06:25:30 - [MESSAGE][PASSED] - Text of object 'Object Repository/Факторный анализ/График Всего отклонения по факторам Блок руководителя' is: 'ДЗО
Филиал
Отклонение (объём услуг)
Отклонение (средний тариф)
АО «Тываэнерго» АО "Тываэнерго" 627 - 194
АО «Чеченэнерго» АО «Чеченэнерго» -4 478 50
Россети Волга Мордовэнерго -3 928 -95
Оренбургэнерго -15 059 - 145
Пензаэнерго -9 381 -69
Самарские РС -18 189 -1 248
Саратовские РС -18 440 - 650
Ульяновские РС -6 811 - 237
Чувашэнерго -5 881 150
Россети Кубань Кубаньэнерго -70 335 839
Россети Ленэнерго (ГК) Ленинградская область -40 836 1 495
г. Санкт-Петербург -57 428 - 155
Россети Московский регион Московская область 5 420 -1 178
г. Москва 4 764 -62
Россети Северный Кавказ (ГК) Дагестанская энергосбытовая компания - 111 69
Дагэнерго -9 116 629
Ингушэнерго -1 969 149
Каббалкэнерго -3 630 87
Карачаево-Черкесскэнерго -2 353 38
Севкавказэнерго -4 195 199
Ставропольэнерго -11 425 - 191
Россети Северо-Запад Архангельский филиал 21 - 125
Вологодский филиал 265 21
Карельский филиал -77 185
Мурманский филиал 118 44
Новгородский филиал 249 -41
Псковский филиал 138 -24
филиал в Республике Коми - 137 59
Россети Сибирь (ГК) Алтайэнерго 343 359
Бурятэнерго -89 347
ГАЭС 190 -27
Красноярскэнерго 1 482 - 869
Кузбассэнерго-РЭС - 524 1 053
Омскэнерго 238 -63
Хакасэнерго 491 - 481
Читаэнерго -78 253
Россети Томск Томская распределительная компания -9 298 - 164
Россети Тюмень Россети Тюмень -91 179 - 750
Россети Урал (ГК) Пермэнерго 706 - 273
Свердловэнерго 936 284
Челябэнерго 1 031 - 771
Россети ФСК ЕЭС Итого по ФСК ЕЭС -18 155 -4 990
Россети Центр Белгородэнерго 354 160
Брянскэнерго -6 478 5
Воронежэнерго -17 552 124
Костромаэнерго 145 -18
Курскэнерго -2 577 156
Липецкэнерго 851 - 427
Орелэнерго -5 201 -80
Смоленскэнерго -9 501 46
Тамбовэнерго -7 512 -18
Тверьэнерго 390 210
Ярэнерго -6 228 120
Россети Центр и Приволжье (ГК) Владимирэнерго 572 68
Ивэнерго 264 53
Калугаэнерго 789 -62
Кировэнерго 531 36
Мариэнерго 192 30
Нижновэнерго 961 394
Рязаньэнерго 214 74
Тулэнерго 916 - 295
Удмуртэнерго 395 30
Россети Юг (ГК) АО «ВМЭС» -4 761 66
Астраханьэнерго -7 085 54
Волгоградэнерго -12 210 - 502
Калмэнерго -2 065 0
Ростовэнерго -24 896 70
Россети Янтарь Россети Янтарь 425 -35'

29-01-2025T06:25:30 - [TEST_STEP][PASSED] - click(findTestObject("Факторный анализ/Переключить отображение с филиала на месяц")): Object: 'Object Repository/Факторный анализ/Переключить отображение с филиала на месяц' is clicked on

29-01-2025T06:25:30 - [MESSAGE][PASSED] - Object: 'Object Repository/Факторный анализ/Переключить отображение с филиала на месяц' is clicked on

29-01-2025T06:25:30 - [TEST_STEP][PASSED] - a4 = getText(findTestObject("Факторный анализ/График Всего отклонения по факторам Блок руководителя")): Text of object 'Object Repository/Факторный анализ/График Всего отклонения по факторам Блок руководителя' is: 'ДЗО
Филиал
Отклонение (объём услуг)
Отклонение (средний тариф)
АО «Тываэнерго» АО "Тываэнерго" 627 - 194
АО «Чеченэнерго» АО «Чеченэнерго» -4 478 50
Россети Волга Мордовэнерго -3 928 -95
Оренбургэнерго -15 059 - 145
Пензаэнерго -9 381 -69
Самарские РС -18 189 -1 248
Саратовские РС -18 440 - 650
Ульяновские РС -6 811 - 237
Чувашэнерго -5 881 150
Россети Кубань Кубаньэнерго -70 335 839
Россети Ленэнерго (ГК) Ленинградская область -40 836 1 495
г. Санкт-Петербург -57 428 - 155
Россети Московский регион Московская область 5 420 -1 178
г. Москва 4 764 -62
Россети Северный Кавказ (ГК) Дагестанская энергосбытовая компания - 111 69
Дагэнерго -9 116 629
Ингушэнерго -1 969 149
Каббалкэнерго -3 630 87
Карачаево-Черкесскэнерго -2 353 38
Севкавказэнерго -4 195 199
Ставропольэнерго -11 425 - 191
Россети Северо-Запад Архангельский филиал 21 - 125
Вологодский филиал 265 21
Карельский филиал -77 185
Мурманский филиал 118 44
Новгородский филиал 249 -41
Псковский филиал 138 -24
филиал в Республике Коми - 137 59
Россети Сибирь (ГК) Алтайэнерго 343 359
Бурятэнерго -89 347
ГАЭС 190 -27
Красноярскэнерго 1 482 - 869
Кузбассэнерго-РЭС - 524 1 053
Омскэнерго 238 -63
Хакасэнерго 491 - 481
Читаэнерго -78 253
Россети Томск Томская распределительная компания -9 298 - 164
Россети Тюмень Россети Тюмень -91 179 - 750
Россети Урал (ГК) Пермэнерго 706 - 273
Свердловэнерго 936 284
Челябэнерго 1 031 - 771
Россети ФСК ЕЭС Итого по ФСК ЕЭС -18 155 -4 990
Россети Центр Белгородэнерго 354 160
Брянскэнерго -6 478 5
Воронежэнерго -17 552 124
Костромаэнерго 145 -18
Курскэнерго -2 577 156
Липецкэнерго 851 - 427
Орелэнерго -5 201 -80
Смоленскэнерго -9 501 46
Тамбовэнерго -7 512 -18
Тверьэнерго 390 210
Ярэнерго -6 228 120
Россети Центр и Приволжье (ГК) Владимирэнерго 572 68
Ивэнерго 264 53
Калугаэнерго 789 -62
Кировэнерго 531 36
Мариэнерго 192 30
Нижновэнерго 961 394
Рязаньэнерго 214 74
Тулэнерго 916 - 295
Удмуртэнерго 395 30
Россети Юг (ГК) АО «ВМЭС» -4 761 66
Астраханьэнерго -7 085 54
Волгоградэнерго -12 210 - 502
Калмэнерго -2 065 0
Ростовэнерго -24 896 70
Россети Янтарь Россети Янтарь 425 -35'

29-01-2025T06:25:30 - [MESSAGE][PASSED] - Text of object 'Object Repository/Факторный анализ/График Всего отклонения по факторам Блок руководителя' is: 'ДЗО
Филиал
Отклонение (объём услуг)
Отклонение (средний тариф)
АО «Тываэнерго» АО "Тываэнерго" 627 - 194
АО «Чеченэнерго» АО «Чеченэнерго» -4 478 50
Россети Волга Мордовэнерго -3 928 -95
Оренбургэнерго -15 059 - 145
Пензаэнерго -9 381 -69
Самарские РС -18 189 -1 248
Саратовские РС -18 440 - 650
Ульяновские РС -6 811 - 237
Чувашэнерго -5 881 150
Россети Кубань Кубаньэнерго -70 335 839
Россети Ленэнерго (ГК) Ленинградская область -40 836 1 495
г. Санкт-Петербург -57 428 - 155
Россети Московский регион Московская область 5 420 -1 178
г. Москва 4 764 -62
Россети Северный Кавказ (ГК) Дагестанская энергосбытовая компания - 111 69
Дагэнерго -9 116 629
Ингушэнерго -1 969 149
Каббалкэнерго -3 630 87
Карачаево-Черкесскэнерго -2 353 38
Севкавказэнерго -4 195 199
Ставропольэнерго -11 425 - 191
Россети Северо-Запад Архангельский филиал 21 - 125
Вологодский филиал 265 21
Карельский филиал -77 185
Мурманский филиал 118 44
Новгородский филиал 249 -41
Псковский филиал 138 -24
филиал в Республике Коми - 137 59
Россети Сибирь (ГК) Алтайэнерго 343 359
Бурятэнерго -89 347
ГАЭС 190 -27
Красноярскэнерго 1 482 - 869
Кузбассэнерго-РЭС - 524 1 053
Омскэнерго 238 -63
Хакасэнерго 491 - 481
Читаэнерго -78 253
Россети Томск Томская распределительная компания -9 298 - 164
Россети Тюмень Россети Тюмень -91 179 - 750
Россети Урал (ГК) Пермэнерго 706 - 273
Свердловэнерго 936 284
Челябэнерго 1 031 - 771
Россети ФСК ЕЭС Итого по ФСК ЕЭС -18 155 -4 990
Россети Центр Белгородэнерго 354 160
Брянскэнерго -6 478 5
Воронежэнерго -17 552 124
Костромаэнерго 145 -18
Курскэнерго -2 577 156
Липецкэнерго 851 - 427
Орелэнерго -5 201 -80
Смоленскэнерго -9 501 46
Тамбовэнерго -7 512 -18
Тверьэнерго 390 210
Ярэнерго -6 228 120
Россети Центр и Приволжье (ГК) Владимирэнерго 572 68
Ивэнерго 264 53
Калугаэнерго 789 -62
Кировэнерго 531 36
Мариэнерго 192 30
Нижновэнерго 961 394
Рязаньэнерго 214 74
Тулэнерго 916 - 295
Удмуртэнерго 395 30
Россети Юг (ГК) АО «ВМЭС» -4 761 66
Астраханьэнерго -7 085 54
Волгоградэнерго -12 210 - 502
Калмэнерго -2 065 0
Ростовэнерго -24 896 70
Россети Янтарь Россети Янтарь 425 -35'

29-01-2025T06:25:30 - [TEST_STEP][PASSED] - n = n + 26: null

29-01-2025T06:25:30 - [TEST_STEP][PASSED] - b = n - run + 1: null

29-01-2025T06:25:30 - [TEST_STEP][PASSED] - verifyEqual(findTestData("PlanFact").getValue(2, b), a1): Actual object '' and expected object '' are equal

29-01-2025T06:25:31 - [MESSAGE][PASSED] - Actual object '' and expected object '' are equal

29-01-2025T06:25:31 - [TEST_STEP][PASSED] - verifyEqual(findTestData("PlanFact").getValue(3, b), a2): Actual object '' and expected object '' are equal

29-01-2025T06:25:31 - [MESSAGE][PASSED] - Actual object '' and expected object '' are equal

29-01-2025T06:25:31 - [TEST_STEP][PASSED] - verifyEqual(findTestData("PlanFact").getValue(4, b), a3): Actual object 'ДЗО
Филиал
Отклонение (объём услуг)
Отклонение (средний тариф)
АО «Тываэнерго» АО "Тываэнерго" 627 - 194
АО «Чеченэнерго» АО «Чеченэнерго» -4 478 50
Россети Волга Мордовэнерго -3 928 -95
Оренбургэнерго -15 059 - 145
Пензаэнерго -9 381 -69
Самарские РС -18 189 -1 248
Саратовские РС -18 440 - 650
Ульяновские РС -6 811 - 237
Чувашэнерго -5 881 150
Россети Кубань Кубаньэнерго -70 335 839
Россети Ленэнерго (ГК) Ленинградская область -40 836 1 495
г. Санкт-Петербург -57 428 - 155
Россети Московский регион Московская область 5 420 -1 178
г. Москва 4 764 -62
Россети Северный Кавказ (ГК) Дагестанская энергосбытовая компания - 111 69
Дагэнерго -9 116 629
Ингушэнерго -1 969 149
Каббалкэнерго -3 630 87
Карачаево-Черкесскэнерго -2 353 38
Севкавказэнерго -4 195 199
Ставропольэнерго -11 425 - 191
Россети Северо-Запад Архангельский филиал 21 - 125
Вологодский филиал 265 21
Карельский филиал -77 185
Мурманский филиал 118 44
Новгородский филиал 249 -41
Псковский филиал 138 -24
филиал в Республике Коми - 137 59
Россети Сибирь (ГК) Алтайэнерго 343 359
Бурятэнерго -89 347
ГАЭС 190 -27
Красноярскэнерго 1 482 - 869
Кузбассэнерго-РЭС - 524 1 053
Омскэнерго 238 -63
Хакасэнерго 491 - 481
Читаэнерго -78 253
Россети Томск Томская распределительная компания -9 298 - 164
Россети Тюмень Россети Тюмень -91 179 - 750
Россети Урал (ГК) Пермэнерго 706 - 273
Свердловэнерго 936 284
Челябэнерго 1 031 - 771
Россети ФСК ЕЭС Итого по ФСК ЕЭС -18 155 -4 990
Россети Центр Белгородэнерго 354 160
Брянскэнерго -6 478 5
Воронежэнерго -17 552 124
Костромаэнерго 145 -18
Курскэнерго -2 577 156
Липецкэнерго 851 - 427
Орелэнерго -5 201 -80
Смоленскэнерго -9 501 46
Тамбовэнерго -7 512 -18
Тверьэнерго 390 210
Ярэнерго -6 228 120
Россети Центр и Приволжье (ГК) Владимирэнерго 572 68
Ивэнерго 264 53
Калугаэнерго 789 -62
Кировэнерго 531 36
Мариэнерго 192 30
Нижновэнерго 961 394
Рязаньэнерго 214 74
Тулэнерго 916 - 295
Удмуртэнерго 395 30
Россети Юг (ГК) АО «ВМЭС» -4 761 66
Астраханьэнерго -7 085 54
Волгоградэнерго -12 210 - 502
Калмэнерго -2 065 0
Ростовэнерго -24 896 70
Россети Янтарь Россети Янтарь 425 -35' and expected object 'ДЗО
Филиал
Отклонение (объём услуг)
Отклонение (средний тариф)
АО «Тываэнерго» АО "Тываэнерго" 627 - 194
АО «Чеченэнерго» АО «Чеченэнерго» -4 478 50
Россети Волга Мордовэнерго -3 928 -95
Оренбургэнерго -15 059 - 145
Пензаэнерго -9 381 -69
Самарские РС -18 189 -1 248
Саратовские РС -18 440 - 650
Ульяновские РС -6 811 - 237
Чувашэнерго -5 881 150
Россети Кубань Кубаньэнерго -70 335 839
Россети Ленэнерго (ГК) Ленинградская область -40 836 1 495
г. Санкт-Петербург -57 428 - 155
Россети Московский регион Московская область 5 420 -1 178
г. Москва 4 764 -62
Россети Северный Кавказ (ГК) Дагестанская энергосбытовая компания - 111 69
Дагэнерго -9 116 629
Ингушэнерго -1 969 149
Каббалкэнерго -3 630 87
Карачаево-Черкесскэнерго -2 353 38
Севкавказэнерго -4 195 199
Ставропольэнерго -11 425 - 191
Россети Северо-Запад Архангельский филиал 21 - 125
Вологодский филиал 265 21
Карельский филиал -77 185
Мурманский филиал 118 44
Новгородский филиал 249 -41
Псковский филиал 138 -24
филиал в Республике Коми - 137 59
Россети Сибирь (ГК) Алтайэнерго 343 359
Бурятэнерго -89 347
ГАЭС 190 -27
Красноярскэнерго 1 482 - 869
Кузбассэнерго-РЭС - 524 1 053
Омскэнерго 238 -63
Хакасэнерго 491 - 481
Читаэнерго -78 253
Россети Томск Томская распределительная компания -9 298 - 164
Россети Тюмень Россети Тюмень -91 179 - 750
Россети Урал (ГК) Пермэнерго 706 - 273
Свердловэнерго 936 284
Челябэнерго 1 031 - 771
Россети ФСК ЕЭС Итого по ФСК ЕЭС -18 155 -4 990
Россети Центр Белгородэнерго 354 160
Брянскэнерго -6 478 5
Воронежэнерго -17 552 124
Костромаэнерго 145 -18
Курскэнерго -2 577 156
Липецкэнерго 851 - 427
Орелэнерго -5 201 -80
Смоленскэнерго -9 501 46
Тамбовэнерго -7 512 -18
Тверьэнерго 390 210
Ярэнерго -6 228 120
Россети Центр и Приволжье (ГК) Владимирэнерго 572 68
Ивэнерго 264 53
Калугаэнерго 789 -62
Кировэнерго 531 36
Мариэнерго 192 30
Нижновэнерго 961 394
Рязаньэнерго 214 74
Тулэнерго 916 - 295
Удмуртэнерго 395 30
Россети Юг (ГК) АО «ВМЭС» -4 761 66
Астраханьэнерго -7 085 54
Волгоградэнерго -12 210 - 502
Калмэнерго -2 065 0
Ростовэнерго -24 896 70
Россети Янтарь Россети Янтарь 425 -35' are equal

29-01-2025T06:25:31 - [MESSAGE][PASSED] - Actual object 'ДЗО
Филиал
Отклонение (объём услуг)
Отклонение (средний тариф)
АО «Тываэнерго» АО "Тываэнерго" 627 - 194
АО «Чеченэнерго» АО «Чеченэнерго» -4 478 50
Россети Волга Мордовэнерго -3 928 -95
Оренбургэнерго -15 059 - 145
Пензаэнерго -9 381 -69
Самарские РС -18 189 -1 248
Саратовские РС -18 440 - 650
Ульяновские РС -6 811 - 237
Чувашэнерго -5 881 150
Россети Кубань Кубаньэнерго -70 335 839
Россети Ленэнерго (ГК) Ленинградская область -40 836 1 495
г. Санкт-Петербург -57 428 - 155
Россети Московский регион Московская область 5 420 -1 178
г. Москва 4 764 -62
Россети Северный Кавказ (ГК) Дагестанская энергосбытовая компания - 111 69
Дагэнерго -9 116 629
Ингушэнерго -1 969 149
Каббалкэнерго -3 630 87
Карачаево-Черкесскэнерго -2 353 38
Севкавказэнерго -4 195 199
Ставропольэнерго -11 425 - 191
Россети Северо-Запад Архангельский филиал 21 - 125
Вологодский филиал 265 21
Карельский филиал -77 185
Мурманский филиал 118 44
Новгородский филиал 249 -41
Псковский филиал 138 -24
филиал в Республике Коми - 137 59
Россети Сибирь (ГК) Алтайэнерго 343 359
Бурятэнерго -89 347
ГАЭС 190 -27
Красноярскэнерго 1 482 - 869
Кузбассэнерго-РЭС - 524 1 053
Омскэнерго 238 -63
Хакасэнерго 491 - 481
Читаэнерго -78 253
Россети Томск Томская распределительная компания -9 298 - 164
Россети Тюмень Россети Тюмень -91 179 - 750
Россети Урал (ГК) Пермэнерго 706 - 273
Свердловэнерго 936 284
Челябэнерго 1 031 - 771
Россети ФСК ЕЭС Итого по ФСК ЕЭС -18 155 -4 990
Россети Центр Белгородэнерго 354 160
Брянскэнерго -6 478 5
Воронежэнерго -17 552 124
Костромаэнерго 145 -18
Курскэнерго -2 577 156
Липецкэнерго 851 - 427
Орелэнерго -5 201 -80
Смоленскэнерго -9 501 46
Тамбовэнерго -7 512 -18
Тверьэнерго 390 210
Ярэнерго -6 228 120
Россети Центр и Приволжье (ГК) Владимирэнерго 572 68
Ивэнерго 264 53
Калугаэнерго 789 -62
Кировэнерго 531 36
Мариэнерго 192 30
Нижновэнерго 961 394
Рязаньэнерго 214 74
Тулэнерго 916 - 295
Удмуртэнерго 395 30
Россети Юг (ГК) АО «ВМЭС» -4 761 66
Астраханьэнерго -7 085 54
Волгоградэнерго -12 210 - 502
Калмэнерго -2 065 0
Ростовэнерго -24 896 70
Россети Янтарь Россети Янтарь 425 -35' and expected object 'ДЗО
Филиал
Отклонение (объём услуг)
Отклонение (средний тариф)
АО «Тываэнерго» АО "Тываэнерго" 627 - 194
АО «Чеченэнерго» АО «Чеченэнерго» -4 478 50
Россети Волга Мордовэнерго -3 928 -95
Оренбургэнерго -15 059 - 145
Пензаэнерго -9 381 -69
Самарские РС -18 189 -1 248
Саратовские РС -18 440 - 650
Ульяновские РС -6 811 - 237
Чувашэнерго -5 881 150
Россети Кубань Кубаньэнерго -70 335 839
Россети Ленэнерго (ГК) Ленинградская область -40 836 1 495
г. Санкт-Петербург -57 428 - 155
Россети Московский регион Московская область 5 420 -1 178
г. Москва 4 764 -62
Россети Северный Кавказ (ГК) Дагестанская энергосбытовая компания - 111 69
Дагэнерго -9 116 629
Ингушэнерго -1 969 149
Каббалкэнерго -3 630 87
Карачаево-Черкесскэнерго -2 353 38
Севкавказэнерго -4 195 199
Ставропольэнерго -11 425 - 191
Россети Северо-Запад Архангельский филиал 21 - 125
Вологодский филиал 265 21
Карельский филиал -77 185
Мурманский филиал 118 44
Новгородский филиал 249 -41
Псковский филиал 138 -24
филиал в Республике Коми - 137 59
Россети Сибирь (ГК) Алтайэнерго 343 359
Бурятэнерго -89 347
ГАЭС 190 -27
Красноярскэнерго 1 482 - 869
Кузбассэнерго-РЭС - 524 1 053
Омскэнерго 238 -63
Хакасэнерго 491 - 481
Читаэнерго -78 253
Россети Томск Томская распределительная компания -9 298 - 164
Россети Тюмень Россети Тюмень -91 179 - 750
Россети Урал (ГК) Пермэнерго 706 - 273
Свердловэнерго 936 284
Челябэнерго 1 031 - 771
Россети ФСК ЕЭС Итого по ФСК ЕЭС -18 155 -4 990
Россети Центр Белгородэнерго 354 160
Брянскэнерго -6 478 5
Воронежэнерго -17 552 124
Костромаэнерго 145 -18
Курскэнерго -2 577 156
Липецкэнерго 851 - 427
Орелэнерго -5 201 -80
Смоленскэнерго -9 501 46
Тамбовэнерго -7 512 -18
Тверьэнерго 390 210
Ярэнерго -6 228 120
Россети Центр и Приволжье (ГК) Владимирэнерго 572 68
Ивэнерго 264 53
Калугаэнерго 789 -62
Кировэнерго 531 36
Мариэнерго 192 30
Нижновэнерго 961 394
Рязаньэнерго 214 74
Тулэнерго 916 - 295
Удмуртэнерго 395 30
Россети Юг (ГК) АО «ВМЭС» -4 761 66
Астраханьэнерго -7 085 54
Волгоградэнерго -12 210 - 502
Калмэнерго -2 065 0
Ростовэнерго -24 896 70
Россети Янтарь Россети Янтарь 425 -35' are equal

29-01-2025T06:25:31 - [TEST_STEP][PASSED] - verifyEqual(findTestData("PlanFact").getValue(5, b), a4): Actual object 'ДЗО
Филиал
Отклонение (объём услуг)
Отклонение (средний тариф)
АО «Тываэнерго» АО "Тываэнерго" 627 - 194
АО «Чеченэнерго» АО «Чеченэнерго» -4 478 50
Россети Волга Мордовэнерго -3 928 -95
Оренбургэнерго -15 059 - 145
Пензаэнерго -9 381 -69
Самарские РС -18 189 -1 248
Саратовские РС -18 440 - 650
Ульяновские РС -6 811 - 237
Чувашэнерго -5 881 150
Россети Кубань Кубаньэнерго -70 335 839
Россети Ленэнерго (ГК) Ленинградская область -40 836 1 495
г. Санкт-Петербург -57 428 - 155
Россети Московский регион Московская область 5 420 -1 178
г. Москва 4 764 -62
Россети Северный Кавказ (ГК) Дагестанская энергосбытовая компания - 111 69
Дагэнерго -9 116 629
Ингушэнерго -1 969 149
Каббалкэнерго -3 630 87
Карачаево-Черкесскэнерго -2 353 38
Севкавказэнерго -4 195 199
Ставропольэнерго -11 425 - 191
Россети Северо-Запад Архангельский филиал 21 - 125
Вологодский филиал 265 21
Карельский филиал -77 185
Мурманский филиал 118 44
Новгородский филиал 249 -41
Псковский филиал 138 -24
филиал в Республике Коми - 137 59
Россети Сибирь (ГК) Алтайэнерго 343 359
Бурятэнерго -89 347
ГАЭС 190 -27
Красноярскэнерго 1 482 - 869
Кузбассэнерго-РЭС - 524 1 053
Омскэнерго 238 -63
Хакасэнерго 491 - 481
Читаэнерго -78 253
Россети Томск Томская распределительная компания -9 298 - 164
Россети Тюмень Россети Тюмень -91 179 - 750
Россети Урал (ГК) Пермэнерго 706 - 273
Свердловэнерго 936 284
Челябэнерго 1 031 - 771
Россети ФСК ЕЭС Итого по ФСК ЕЭС -18 155 -4 990
Россети Центр Белгородэнерго 354 160
Брянскэнерго -6 478 5
Воронежэнерго -17 552 124
Костромаэнерго 145 -18
Курскэнерго -2 577 156
Липецкэнерго 851 - 427
Орелэнерго -5 201 -80
Смоленскэнерго -9 501 46
Тамбовэнерго -7 512 -18
Тверьэнерго 390 210
Ярэнерго -6 228 120
Россети Центр и Приволжье (ГК) Владимирэнерго 572 68
Ивэнерго 264 53
Калугаэнерго 789 -62
Кировэнерго 531 36
Мариэнерго 192 30
Нижновэнерго 961 394
Рязаньэнерго 214 74
Тулэнерго 916 - 295
Удмуртэнерго 395 30
Россети Юг (ГК) АО «ВМЭС» -4 761 66
Астраханьэнерго -7 085 54
Волгоградэнерго -12 210 - 502
Калмэнерго -2 065 0
Ростовэнерго -24 896 70
Россети Янтарь Россети Янтарь 425 -35' and expected object 'ДЗО
Филиал
Отклонение (объём услуг)
Отклонение (средний тариф)
АО «Тываэнерго» АО "Тываэнерго" 627 - 194
АО «Чеченэнерго» АО «Чеченэнерго» -4 478 50
Россети Волга Мордовэнерго -3 928 -95
Оренбургэнерго -15 059 - 145
Пензаэнерго -9 381 -69
Самарские РС -18 189 -1 248
Саратовские РС -18 440 - 650
Ульяновские РС -6 811 - 237
Чувашэнерго -5 881 150
Россети Кубань Кубаньэнерго -70 335 839
Россети Ленэнерго (ГК) Ленинградская область -40 836 1 495
г. Санкт-Петербург -57 428 - 155
Россети Московский регион Московская область 5 420 -1 178
г. Москва 4 764 -62
Россети Северный Кавказ (ГК) Дагестанская энергосбытовая компания - 111 69
Дагэнерго -9 116 629
Ингушэнерго -1 969 149
Каббалкэнерго -3 630 87
Карачаево-Черкесскэнерго -2 353 38
Севкавказэнерго -4 195 199
Ставропольэнерго -11 425 - 191
Россети Северо-Запад Архангельский филиал 21 - 125
Вологодский филиал 265 21
Карельский филиал -77 185
Мурманский филиал 118 44
Новгородский филиал 249 -41
Псковский филиал 138 -24
филиал в Республике Коми - 137 59
Россети Сибирь (ГК) Алтайэнерго 343 359
Бурятэнерго -89 347
ГАЭС 190 -27
Красноярскэнерго 1 482 - 869
Кузбассэнерго-РЭС - 524 1 053
Омскэнерго 238 -63
Хакасэнерго 491 - 481
Читаэнерго -78 253
Россети Томск Томская распределительная компания -9 298 - 164
Россети Тюмень Россети Тюмень -91 179 - 750
Россети Урал (ГК) Пермэнерго 706 - 273
Свердловэнерго 936 284
Челябэнерго 1 031 - 771
Россети ФСК ЕЭС Итого по ФСК ЕЭС -18 155 -4 990
Россети Центр Белгородэнерго 354 160
Брянскэнерго -6 478 5
Воронежэнерго -17 552 124
Костромаэнерго 145 -18
Курскэнерго -2 577 156
Липецкэнерго 851 - 427
Орелэнерго -5 201 -80
Смоленскэнерго -9 501 46
Тамбовэнерго -7 512 -18
Тверьэнерго 390 210
Ярэнерго -6 228 120
Россети Центр и Приволжье (ГК) Владимирэнерго 572 68
Ивэнерго 264 53
Калугаэнерго 789 -62
Кировэнерго 531 36
Мариэнерго 192 30
Нижновэнерго 961 394
Рязаньэнерго 214 74
Тулэнерго 916 - 295
Удмуртэнерго 395 30
Россети Юг (ГК) АО «ВМЭС» -4 761 66
Астраханьэнерго -7 085 54
Волгоградэнерго -12 210 - 502
Калмэнерго -2 065 0
Ростовэнерго -24 896 70
Россети Янтарь Россети Янтарь 425 -35' are equal

29-01-2025T06:25:31 - [MESSAGE][PASSED] - Actual object 'ДЗО
Филиал
Отклонение (объём услуг)
Отклонение (средний тариф)
АО «Тываэнерго» АО "Тываэнерго" 627 - 194
АО «Чеченэнерго» АО «Чеченэнерго» -4 478 50
Россети Волга Мордовэнерго -3 928 -95
Оренбургэнерго -15 059 - 145
Пензаэнерго -9 381 -69
Самарские РС -18 189 -1 248
Саратовские РС -18 440 - 650
Ульяновские РС -6 811 - 237
Чувашэнерго -5 881 150
Россети Кубань Кубаньэнерго -70 335 839
Россети Ленэнерго (ГК) Ленинградская область -40 836 1 495
г. Санкт-Петербург -57 428 - 155
Россети Московский регион Московская область 5 420 -1 178
г. Москва 4 764 -62
Россети Северный Кавказ (ГК) Дагестанская энергосбытовая компания - 111 69
Дагэнерго -9 116 629
Ингушэнерго -1 969 149
Каббалкэнерго -3 630 87
Карачаево-Черкесскэнерго -2 353 38
Севкавказэнерго -4 195 199
Ставропольэнерго -11 425 - 191
Россети Северо-Запад Архангельский филиал 21 - 125
Вологодский филиал 265 21
Карельский филиал -77 185
Мурманский филиал 118 44
Новгородский филиал 249 -41
Псковский филиал 138 -24
филиал в Республике Коми - 137 59
Россети Сибирь (ГК) Алтайэнерго 343 359
Бурятэнерго -89 347
ГАЭС 190 -27
Красноярскэнерго 1 482 - 869
Кузбассэнерго-РЭС - 524 1 053
Омскэнерго 238 -63
Хакасэнерго 491 - 481
Читаэнерго -78 253
Россети Томск Томская распределительная компания -9 298 - 164
Россети Тюмень Россети Тюмень -91 179 - 750
Россети Урал (ГК) Пермэнерго 706 - 273
Свердловэнерго 936 284
Челябэнерго 1 031 - 771
Россети ФСК ЕЭС Итого по ФСК ЕЭС -18 155 -4 990
Россети Центр Белгородэнерго 354 160
Брянскэнерго -6 478 5
Воронежэнерго -17 552 124
Костромаэнерго 145 -18
Курскэнерго -2 577 156
Липецкэнерго 851 - 427
Орелэнерго -5 201 -80
Смоленскэнерго -9 501 46
Тамбовэнерго -7 512 -18
Тверьэнерго 390 210
Ярэнерго -6 228 120
Россети Центр и Приволжье (ГК) Владимирэнерго 572 68
Ивэнерго 264 53
Калугаэнерго 789 -62
Кировэнерго 531 36
Мариэнерго 192 30
Нижновэнерго 961 394
Рязаньэнерго 214 74
Тулэнерго 916 - 295
Удмуртэнерго 395 30
Россети Юг (ГК) АО «ВМЭС» -4 761 66
Астраханьэнерго -7 085 54
Волгоградэнерго -12 210 - 502
Калмэнерго -2 065 0
Ростовэнерго -24 896 70
Россети Янтарь Россети Янтарь 425 -35' and expected object 'ДЗО
Филиал
Отклонение (объём услуг)
Отклонение (средний тариф)
АО «Тываэнерго» АО "Тываэнерго" 627 - 194
АО «Чеченэнерго» АО «Чеченэнерго» -4 478 50
Россети Волга Мордовэнерго -3 928 -95
Оренбургэнерго -15 059 - 145
Пензаэнерго -9 381 -69
Самарские РС -18 189 -1 248
Саратовские РС -18 440 - 650
Ульяновские РС -6 811 - 237
Чувашэнерго -5 881 150
Россети Кубань Кубаньэнерго -70 335 839
Россети Ленэнерго (ГК) Ленинградская область -40 836 1 495
г. Санкт-Петербург -57 428 - 155
Россети Московский регион Московская область 5 420 -1 178
г. Москва 4 764 -62
Россети Северный Кавказ (ГК) Дагестанская энергосбытовая компания - 111 69
Дагэнерго -9 116 629
Ингушэнерго -1 969 149
Каббалкэнерго -3 630 87
Карачаево-Черкесскэнерго -2 353 38
Севкавказэнерго -4 195 199
Ставропольэнерго -11 425 - 191
Россети Северо-Запад Архангельский филиал 21 - 125
Вологодский филиал 265 21
Карельский филиал -77 185
Мурманский филиал 118 44
Новгородский филиал 249 -41
Псковский филиал 138 -24
филиал в Республике Коми - 137 59
Россети Сибирь (ГК) Алтайэнерго 343 359
Бурятэнерго -89 347
ГАЭС 190 -27
Красноярскэнерго 1 482 - 869
Кузбассэнерго-РЭС - 524 1 053
Омскэнерго 238 -63
Хакасэнерго 491 - 481
Читаэнерго -78 253
Россети Томск Томская распределительная компания -9 298 - 164
Россети Тюмень Россети Тюмень -91 179 - 750
Россети Урал (ГК) Пермэнерго 706 - 273
Свердловэнерго 936 284
Челябэнерго 1 031 - 771
Россети ФСК ЕЭС Итого по ФСК ЕЭС -18 155 -4 990
Россети Центр Белгородэнерго 354 160
Брянскэнерго -6 478 5
Воронежэнерго -17 552 124
Костромаэнерго 145 -18
Курскэнерго -2 577 156
Липецкэнерго 851 - 427
Орелэнерго -5 201 -80
Смоленскэнерго -9 501 46
Тамбовэнерго -7 512 -18
Тверьэнерго 390 210
Ярэнерго -6 228 120
Россети Центр и Приволжье (ГК) Владимирэнерго 572 68
Ивэнерго 264 53
Калугаэнерго 789 -62
Кировэнерго 531 36
Мариэнерго 192 30
Нижновэнерго 961 394
Рязаньэнерго 214 74
Тулэнерго 916 - 295
Удмуртэнерго 395 30
Россети Юг (ГК) АО «ВМЭС» -4 761 66
Астраханьэнерго -7 085 54
Волгоградэнерго -12 210 - 502
Калмэнерго -2 065 0
Ростовэнерго -24 896 70
Россети Янтарь Россети Янтарь 425 -35' are equal

29-01-2025T06:25:31 - [TEST_STEP][PASSED] - Script1686231490255.WriteToExcel(user, dashboardName, n, data, run, a1, a2, a3, a4, a5, a6, a7, a8, a9): null

29-01-2025T06:25:31 - [TEST_STEP][PASSED] - sheetName = "Sheet1": null

29-01-2025T06:25:31 - [TEST_STEP][PASSED] - workbook01 = getWorkbook(excelFilePath): null

29-01-2025T06:25:31 - [TEST_STEP][PASSED] - sheet01 = getExcelSheet(workbook01, sheetName): null

29-01-2025T06:25:31 - [TEST_STEP][PASSED] - setValueToCellByIndex(sheet01, n, 0, dashboardName): null

29-01-2025T06:25:31 - [TEST_STEP][PASSED] - setValueToCellByIndex(sheet01, n, 10, user): null

29-01-2025T06:25:31 - [TEST_STEP][PASSED] - setValueToCellByIndex(sheet01, n, 1, a1): null

29-01-2025T06:25:31 - [TEST_STEP][PASSED] - setValueToCellByIndex(sheet01, n, 2, a2): null

29-01-2025T06:25:31 - [TEST_STEP][PASSED] - setValueToCellByIndex(sheet01, n, 3, a3): null

29-01-2025T06:25:31 - [TEST_STEP][PASSED] - setValueToCellByIndex(sheet01, n, 4, a4): null

29-01-2025T06:25:31 - [TEST_STEP][PASSED] - setValueToCellByIndex(sheet01, n, 5, a5): null

29-01-2025T06:25:31 - [TEST_STEP][PASSED] - setValueToCellByIndex(sheet01, n, 6, a6): null

29-01-2025T06:25:31 - [TEST_STEP][PASSED] - setValueToCellByIndex(sheet01, n, 7, a7): null

29-01-2025T06:25:31 - [TEST_STEP][PASSED] - setValueToCellByIndex(sheet01, n, 8, a8): null

29-01-2025T06:25:31 - [TEST_STEP][PASSED] - setValueToCellByIndex(sheet01, n, 9, a9): null

29-01-2025T06:25:31 - [TEST_STEP][PASSED] - n = n + 1: null

29-01-2025T06:25:31 - [TEST_STEP][PASSED] - saveWorkbook(excelFilePath, workbook01): null

29-01-2025T06:25:31 - [TEST_STEP][PASSED] - closeBrowser(): Browser is closed

29-01-2025T06:25:31 - [MESSAGE][PASSED] - Browser is closed

29-01-2025T06:25:31 - [TEST_STEP][PASSED] - delay(70): Delayed 70 second(s)

29-01-2025T06:26:41 - [MESSAGE][PASSED] - Delayed 70 second(s)

29-01-2025T06:26:41 - [TEST_STEP][PASSED] - for ([run = 1, run < 4, (run++)]): null

29-01-2025T06:26:41 - [TEST_STEP][PASSED] - ViruchkaPoDZO(user, dashboardName, n, data, run, a1, a2, a3, a4, a5, a6, a7, a8, a9, urlData): null

29-01-2025T06:26:41 - [TEST_STEP][PASSED] - n = data.getRowNumbers() + 1: null

29-01-2025T06:26:41 - [TEST_STEP][PASSED] - println(n): null

29-01-2025T06:26:41 - [TEST_STEP][PASSED] - dashboardName = "Выручка по ДЗО": null

29-01-2025T06:26:41 - [TEST_STEP][PASSED] - openBrowser(""): Browser is opened with url: ''

29-01-2025T06:26:41 - [MESSAGE][INFO] - Starting 'Chrome' driver

29-01-2025T06:26:41 - [MESSAGE][INFO] - Action delay is set to 0 milliseconds

29-01-2025T06:26:42 - [MESSAGE][PASSED] - Browser is opened with url: ''

29-01-2025T06:26:42 - [TEST_STEP][PASSED] - urlData = 5: null

29-01-2025T06:26:42 - [TEST_STEP][PASSED] - Script1686231490255.CheckPageDownload(urlData, run): null

29-01-2025T06:26:42 - [TEST_STEP][PASSED] - i = 1: null

29-01-2025T06:26:42 - [TEST_STEP][PASSED] - ii = 0: null

29-01-2025T06:26:42 - [TEST_STEP][PASSED] - urlText = <not implemented yet for class: org.codehaus.groovy.ast.expr.EmptyExpression>: null

29-01-2025T06:26:42 - [TEST_STEP][PASSED] - searchWord = <not implemented yet for class: org.codehaus.groovy.ast.expr.EmptyExpression>: null

29-01-2025T06:26:42 - [TEST_STEP][PASSED] - deleteAllCookies(): Delete all cookies successfully

29-01-2025T06:26:42 - [MESSAGE][PASSED] - Delete all cookies successfully

29-01-2025T06:26:42 - [TEST_STEP][PASSED] - refresh(): Refresh successfully

29-01-2025T06:26:42 - [MESSAGE][PASSED] - Refresh successfully

29-01-2025T06:26:42 - [TEST_STEP][PASSED] - delay(70): Delayed 70 second(s)

29-01-2025T06:27:52 - [MESSAGE][PASSED] - Delayed 70 second(s)

29-01-2025T06:27:52 - [TEST_STEP][PASSED] - navigateToUrl(findTestData("PlanFact").getValue(10, urlData)): Navigate to 'https://bi.rosseti.digital/viewer?dashboardGuid=2301950b23be4ed89c1df75f2020051e&sheetGuid=31530aa0b6664c09b016b7f2ab9d853e&fit=true' successfully

29-01-2025T06:28:07 - [MESSAGE][PASSED] - Navigate to 'https://bi.rosseti.digital/viewer?dashboardGuid=2301950b23be4ed89c1df75f2020051e&sheetGuid=31530aa0b6664c09b016b7f2ab9d853e&fit=true' successfully

29-01-2025T06:28:07 - [TEST_STEP][PASSED] - pageLoaded1 = verifyElementPresent(findTestObject("Страница авторизации/Text"), 30): Object 'Object Repository/Страница авторизации/Text' is present

29-01-2025T06:28:09 - [MESSAGE][PASSED] - Object 'Object Repository/Страница авторизации/Text' is present

29-01-2025T06:28:09 - [TEST_STEP][PASSED] - if (pageLoaded1 == false): null

29-01-2025T06:28:09 - [TEST_STEP][PASSED] - urlText = getText(findTestObject("Страница авторизации/Text")): Text of object 'Object Repository/Страница авторизации/Text' is: 'Вход'

29-01-2025T06:28:09 - [MESSAGE][PASSED] - Text of object 'Object Repository/Страница авторизации/Text' is: 'Вход'

29-01-2025T06:28:09 - [TEST_STEP][PASSED] - delay(70): Delayed 70 second(s)

29-01-2025T06:29:19 - [MESSAGE][PASSED] - Delayed 70 second(s)

29-01-2025T06:29:19 - [TEST_STEP][PASSED] - searchWord = "Вход": null

29-01-2025T06:29:19 - [TEST_STEP][PASSED] - if (urlText.contains(searchWord) == false): null

29-01-2025T06:29:19 - [TEST_STEP][PASSED] - setText(findTestObject("Страница авторизации/input__username"), findTestData("PlanFact").getValue(8, run)): Text 'liazgina-di' is set on object 'Object Repository/Страница авторизации/input__username'

29-01-2025T06:29:20 - [MESSAGE][PASSED] - Text 'liazgina-di' is set on object 'Object Repository/Страница авторизации/input__username'

29-01-2025T06:29:20 - [TEST_STEP][PASSED] - setText(findTestObject("Страница авторизации/input__password"), findTestData("PlanFact").getValue(9, run)): Text ')$%5srZ8o688Dm#q' is set on object 'Object Repository/Страница авторизации/input__password'

29-01-2025T06:29:20 - [MESSAGE][PASSED] - Text ')$%5srZ8o688Dm#q' is set on object 'Object Repository/Страница авторизации/input__password'

29-01-2025T06:29:20 - [TEST_STEP][PASSED] - click(findTestObject("Страница авторизации/button_")): Object: 'Object Repository/Страница авторизации/button_' is clicked on

29-01-2025T06:29:22 - [MESSAGE][PASSED] - Object: 'Object Repository/Страница авторизации/button_' is clicked on

29-01-2025T06:29:22 - [TEST_STEP][PASSED] - delay(70): Delayed 70 second(s)

29-01-2025T06:30:32 - [MESSAGE][PASSED] - Delayed 70 second(s)

29-01-2025T06:30:32 - [TEST_STEP][PASSED] - searchWord = "а": null

29-01-2025T06:30:32 - [TEST_STEP][PASSED] - pageLoaded2 = verifyElementPresent(findTestObject("Страница авторизации/Text"), 50): Object 'Object Repository/Страница авторизации/Text' is present

29-01-2025T06:30:32 - [MESSAGE][PASSED] - Object 'Object Repository/Страница авторизации/Text' is present

29-01-2025T06:30:32 - [TEST_STEP][PASSED] - if (pageLoaded2 == false): null

29-01-2025T06:30:32 - [TEST_STEP][PASSED] - urlText = getText(findTestObject("Страница авторизации/Text")): Text of object 'Object Repository/Страница авторизации/Text' is: 'Период
2024 год
Выручка
Все
ДЗО 
ПАО Россети
Выручка по ДЗО
Выполнение плановых показателей по ПАО Россети за 2024 год
1 948 1 948
4 573 4 573
80 156 80 156
74 811 74 811
102 692 102 692
211 239 211 239
32 059 32 059
54 528 54 528
71 092 71 092
9 660 9 660
84 600 84 600
106 135 106 135
309 604 309 604
117 755 117 755
126 057 126 057
52 535 52 535
9 778 9 778
2 381 2 381
4 719 4 719
80 331 80 331
80 126 80 126
108 460 108 460
220 183 220 183
33 010 33 010
55 224 55 224
73 716 73 716
9 858 9 858
77 271 77 271
108 049 108 049
286 458 286 458
121 447 121 447
131 217 131 217
53 742 53 742
10 167 10 167
План
Факт
АО «Тываэнерго»
АО «Чеченэнерго»
Россети Волга
Россети Кубань
Россети Ленэнерго (ГК)
Россети Московский регион
Россети Северный Кавказ (ГК)
Россети Северо-Запад
Россети Сибирь (ГК)
Россети Томск
Россети Тюмень
Россети Урал (ГК)
Россети ФСК ЕЭС
Россети Центр
Россети Центр и Приволжье (ГК)
Россети Юг (ГК)
Россети Янтарь
0 млн. руб.
50 000 млн. руб.
100 000 млн. руб.
150 000 млн. руб.
200 000 млн. руб.
250 000 млн. руб.
300 000 млн. руб.
350 000 млн. руб.
Выполнение плановых показателей по ПАО Россети за 2024 год
0,16%0,16%
0,32%0,32%
5,52%5,52%
5,5%5,5%
7,45%7,45%
15,12%15,12%
2,27%2,27%
3,79%3,79%
5,06%5,06%
0,68%0,68%
5,31%5,31%
7,42%7,42%
19,67%19,67%
8,34%8,34%
9,01%9,01%
3,69%3,69%
0,7%0,7%
АО «Тываэнерго»
АО «Чеченэнерго»
Россети Волга
Россети Кубань
Россети Ленэнерго (ГК)
Россети Московский регион
Россети Северный Кавказ (ГК)
Россети Северо-Запад
Россети Сибирь (ГК)
Россети Томск
Россети Тюмень
Россети Урал (ГК)
Россети ФСК ЕЭС
Россети Центр
Россети Центр и Приволжье (ГК)
Россети Юг (ГК)
Россети Янтарь'

29-01-2025T06:30:33 - [MESSAGE][PASSED] - Text of object 'Object Repository/Страница авторизации/Text' is: 'Период
2024 год
Выручка
Все
ДЗО 
ПАО Россети
Выручка по ДЗО
Выполнение плановых показателей по ПАО Россети за 2024 год
1 948 1 948
4 573 4 573
80 156 80 156
74 811 74 811
102 692 102 692
211 239 211 239
32 059 32 059
54 528 54 528
71 092 71 092
9 660 9 660
84 600 84 600
106 135 106 135
309 604 309 604
117 755 117 755
126 057 126 057
52 535 52 535
9 778 9 778
2 381 2 381
4 719 4 719
80 331 80 331
80 126 80 126
108 460 108 460
220 183 220 183
33 010 33 010
55 224 55 224
73 716 73 716
9 858 9 858
77 271 77 271
108 049 108 049
286 458 286 458
121 447 121 447
131 217 131 217
53 742 53 742
10 167 10 167
План
Факт
АО «Тываэнерго»
АО «Чеченэнерго»
Россети Волга
Россети Кубань
Россети Ленэнерго (ГК)
Россети Московский регион
Россети Северный Кавказ (ГК)
Россети Северо-Запад
Россети Сибирь (ГК)
Россети Томск
Россети Тюмень
Россети Урал (ГК)
Россети ФСК ЕЭС
Россети Центр
Россети Центр и Приволжье (ГК)
Россети Юг (ГК)
Россети Янтарь
0 млн. руб.
50 000 млн. руб.
100 000 млн. руб.
150 000 млн. руб.
200 000 млн. руб.
250 000 млн. руб.
300 000 млн. руб.
350 000 млн. руб.
Выполнение плановых показателей по ПАО Россети за 2024 год
0,16%0,16%
0,32%0,32%
5,52%5,52%
5,5%5,5%
7,45%7,45%
15,12%15,12%
2,27%2,27%
3,79%3,79%
5,06%5,06%
0,68%0,68%
5,31%5,31%
7,42%7,42%
19,67%19,67%
8,34%8,34%
9,01%9,01%
3,69%3,69%
0,7%0,7%
АО «Тываэнерго»
АО «Чеченэнерго»
Россети Волга
Россети Кубань
Россети Ленэнерго (ГК)
Россети Московский регион
Россети Северный Кавказ (ГК)
Россети Северо-Запад
Россети Сибирь (ГК)
Россети Томск
Россети Тюмень
Россети Урал (ГК)
Россети ФСК ЕЭС
Россети Центр
Россети Центр и Приволжье (ГК)
Россети Юг (ГК)
Россети Янтарь'

29-01-2025T06:30:33 - [TEST_STEP][PASSED] - if (urlText.contains("ошибка") || urlText.contains(searchWord) == false): null

29-01-2025T06:30:33 - [TEST_STEP][PASSED] - click(findTestObject("Выручка по ДЗО/Фильтр Дата")): Object: 'Object Repository/Выручка по ДЗО/Фильтр Дата' is clicked on

29-01-2025T06:30:33 - [MESSAGE][PASSED] - Object: 'Object Repository/Выручка по ДЗО/Фильтр Дата' is clicked on

29-01-2025T06:30:33 - [TEST_STEP][PASSED] - click(findTestObject("Выручка по ДЗО/Снять выделение в фильтре Дата")): Object: 'Object Repository/Выручка по ДЗО/Снять выделение в фильтре Дата' is clicked on

29-01-2025T06:30:34 - [MESSAGE][PASSED] - Object: 'Object Repository/Выручка по ДЗО/Снять выделение в фильтре Дата' is clicked on

29-01-2025T06:30:34 - [TEST_STEP][PASSED] - click(findTestObject("Выручка по ДЗО/Применить в фильтре Дата")): Object: 'Object Repository/Выручка по ДЗО/Применить в фильтре Дата' is clicked on

29-01-2025T06:30:34 - [MESSAGE][PASSED] - Object: 'Object Repository/Выручка по ДЗО/Применить в фильтре Дата' is clicked on

29-01-2025T06:30:34 - [TEST_STEP][PASSED] - click(findTestObject("Выручка по ДЗО/Фильтр Дата")): Object: 'Object Repository/Выручка по ДЗО/Фильтр Дата' is clicked on

29-01-2025T06:30:35 - [MESSAGE][PASSED] - Object: 'Object Repository/Выручка по ДЗО/Фильтр Дата' is clicked on

29-01-2025T06:30:35 - [TEST_STEP][PASSED] - click(findTestObject("Выручка по ДЗО/Снять выделение в фильтре Дата")): Object: 'Object Repository/Выручка по ДЗО/Снять выделение в фильтре Дата' is clicked on

29-01-2025T06:30:36 - [MESSAGE][PASSED] - Object: 'Object Repository/Выручка по ДЗО/Снять выделение в фильтре Дата' is clicked on

29-01-2025T06:30:36 - [TEST_STEP][PASSED] - scrollToElement(findTestObject("Выручка по ДЗО/2024 список"), 30): Scroll to object 'Object Repository/Выручка по ДЗО/2024 список' successfully

29-01-2025T06:30:36 - [MESSAGE][PASSED] - Scroll to object 'Object Repository/Выручка по ДЗО/2024 список' successfully

29-01-2025T06:30:36 - [TEST_STEP][PASSED] - click(findTestObject("Выручка по ДЗО/2024 год")): Object: 'Object Repository/Выручка по ДЗО/2024 год' is clicked on

29-01-2025T06:30:36 - [MESSAGE][PASSED] - Object: 'Object Repository/Выручка по ДЗО/2024 год' is clicked on

29-01-2025T06:30:36 - [TEST_STEP][PASSED] - scrollToElement(findTestObject("Выручка по ДЗО/Заголовок дашборда"), 30): Scroll to object 'Object Repository/Выручка по ДЗО/Заголовок дашборда' successfully

29-01-2025T06:30:37 - [MESSAGE][PASSED] - Scroll to object 'Object Repository/Выручка по ДЗО/Заголовок дашборда' successfully

29-01-2025T06:30:37 - [TEST_STEP][PASSED] - click(findTestObject("Выручка по ДЗО/Применить в фильтре Дата")): Object: 'Object Repository/Выручка по ДЗО/Применить в фильтре Дата' is clicked on

29-01-2025T06:30:37 - [MESSAGE][PASSED] - Object: 'Object Repository/Выручка по ДЗО/Применить в фильтре Дата' is clicked on

29-01-2025T06:30:37 - [TEST_STEP][PASSED] - a3 = "": null

29-01-2025T06:30:37 - [TEST_STEP][PASSED] - a4 = "": null

29-01-2025T06:30:37 - [TEST_STEP][PASSED] - a5 = "": null

29-01-2025T06:30:37 - [TEST_STEP][PASSED] - a6 = "": null

29-01-2025T06:30:37 - [TEST_STEP][PASSED] - a7 = "": null

29-01-2025T06:30:37 - [TEST_STEP][PASSED] - a8 = "": null

29-01-2025T06:30:37 - [TEST_STEP][PASSED] - a9 = "": null

29-01-2025T06:30:37 - [TEST_STEP][PASSED] - if (run == 1): null

29-01-2025T06:30:37 - [TEST_STEP][PASSED] - user = "админ": null

29-01-2025T06:30:37 - [TEST_STEP][PASSED] - a1 = getText(findTestObject("Выручка по ДЗО/График1 Выполнение плановых показателей Блок руководителя")): Text of object 'Object Repository/Выручка по ДЗО/График1 Выполнение плановых показателей Блок руководителя' is: '1 948 1 948
4 573 4 573
80 156 80 156
74 811 74 811
102 692 102 692
211 239 211 239
32 059 32 059
54 528 54 528
71 092 71 092
9 660 9 660
84 600 84 600
106 135 106 135
309 604 309 604
117 755 117 755
126 057 126 057
52 535 52 535
9 778 9 778
2 381 2 381
4 719 4 719
80 331 80 331
80 126 80 126
108 460 108 460
220 183 220 183
33 010 33 010
55 224 55 224
73 716 73 716
9 858 9 858
77 271 77 271
108 049 108 049
286 458 286 458
121 447 121 447
131 217 131 217
53 742 53 742
10 167 10 167
План
Факт
АО «Тываэнерго»
АО «Чеченэнерго»
Россети Волга
Россети Кубань
Россети Ленэнерго (ГК)
Россети Московский регион
Россети Северный Кавказ (ГК)
Россети Северо-Запад
Россети Сибирь (ГК)
Россети Томск
Россети Тюмень
Россети Урал (ГК)
Россети ФСК ЕЭС
Россети Центр
Россети Центр и Приволжье (ГК)
Россети Юг (ГК)
Россети Янтарь
0 млн. руб.
50 000 млн. руб.
100 000 млн. руб.
150 000 млн. руб.
200 000 млн. руб.
250 000 млн. руб.
300 000 млн. руб.
350 000 млн. руб.'

29-01-2025T06:30:38 - [MESSAGE][PASSED] - Text of object 'Object Repository/Выручка по ДЗО/График1 Выполнение плановых показателей Блок руководителя' is: '1 948 1 948
4 573 4 573
80 156 80 156
74 811 74 811
102 692 102 692
211 239 211 239
32 059 32 059
54 528 54 528
71 092 71 092
9 660 9 660
84 600 84 600
106 135 106 135
309 604 309 604
117 755 117 755
126 057 126 057
52 535 52 535
9 778 9 778
2 381 2 381
4 719 4 719
80 331 80 331
80 126 80 126
108 460 108 460
220 183 220 183
33 010 33 010
55 224 55 224
73 716 73 716
9 858 9 858
77 271 77 271
108 049 108 049
286 458 286 458
121 447 121 447
131 217 131 217
53 742 53 742
10 167 10 167
План
Факт
АО «Тываэнерго»
АО «Чеченэнерго»
Россети Волга
Россети Кубань
Россети Ленэнерго (ГК)
Россети Московский регион
Россети Северный Кавказ (ГК)
Россети Северо-Запад
Россети Сибирь (ГК)
Россети Томск
Россети Тюмень
Россети Урал (ГК)
Россети ФСК ЕЭС
Россети Центр
Россети Центр и Приволжье (ГК)
Россети Юг (ГК)
Россети Янтарь
0 млн. руб.
50 000 млн. руб.
100 000 млн. руб.
150 000 млн. руб.
200 000 млн. руб.
250 000 млн. руб.
300 000 млн. руб.
350 000 млн. руб.'

29-01-2025T06:30:38 - [TEST_STEP][PASSED] - a2 = getText(findTestObject("Выручка по ДЗО/График2 Выполнение плановых показателей Блок руководителя")): Text of object 'Object Repository/Выручка по ДЗО/График2 Выполнение плановых показателей Блок руководителя' is: '0,16%0,16%
0,32%0,32%
5,52%5,52%
5,5%5,5%
7,45%7,45%
15,12%15,12%
2,27%2,27%
3,79%3,79%
5,06%5,06%
0,68%0,68%
5,31%5,31%
7,42%7,42%
19,67%19,67%
8,34%8,34%
9,01%9,01%
3,69%3,69%
0,7%0,7%
АО «Тываэнерго»
АО «Чеченэнерго»
Россети Волга
Россети Кубань
Россети Ленэнерго (ГК)
Россети Московский регион
Россети Северный Кавказ (ГК)
Россети Северо-Запад
Россети Сибирь (ГК)
Россети Томск
Россети Тюмень
Россети Урал (ГК)
Россети ФСК ЕЭС
Россети Центр
Россети Центр и Приволжье (ГК)
Россети Юг (ГК)
Россети Янтарь
Россети Центр и Приволжье (ГК): 131 216 535,98'

29-01-2025T06:30:39 - [MESSAGE][PASSED] - Text of object 'Object Repository/Выручка по ДЗО/График2 Выполнение плановых показателей Блок руководителя' is: '0,16%0,16%
0,32%0,32%
5,52%5,52%
5,5%5,5%
7,45%7,45%
15,12%15,12%
2,27%2,27%
3,79%3,79%
5,06%5,06%
0,68%0,68%
5,31%5,31%
7,42%7,42%
19,67%19,67%
8,34%8,34%
9,01%9,01%
3,69%3,69%
0,7%0,7%
АО «Тываэнерго»
АО «Чеченэнерго»
Россети Волга
Россети Кубань
Россети Ленэнерго (ГК)
Россети Московский регион
Россети Северный Кавказ (ГК)
Россети Северо-Запад
Россети Сибирь (ГК)
Россети Томск
Россети Тюмень
Россети Урал (ГК)
Россети ФСК ЕЭС
Россети Центр
Россети Центр и Приволжье (ГК)
Россети Юг (ГК)
Россети Янтарь
Россети Центр и Приволжье (ГК): 131 216 535,98'

29-01-2025T06:30:39 - [TEST_STEP][PASSED] - a2 = indexOf("АО «Тываэнерго»")).replaceAll("[а-яА-Я]", ""): null

29-01-2025T06:30:39 - [TEST_STEP][PASSED] - n = n + 27: null

29-01-2025T06:30:39 - [TEST_STEP][PASSED] - Script1686231490255.WriteToExcel(user, dashboardName, n, data, run, a1, a2, a3, a4, a5, a6, a7, a8, a9): null

29-01-2025T06:30:39 - [TEST_STEP][PASSED] - sheetName = "Sheet1": null

29-01-2025T06:30:39 - [TEST_STEP][PASSED] - workbook01 = getWorkbook(excelFilePath): null

29-01-2025T06:30:39 - [TEST_STEP][PASSED] - sheet01 = getExcelSheet(workbook01, sheetName): null

29-01-2025T06:30:39 - [TEST_STEP][PASSED] - setValueToCellByIndex(sheet01, n, 0, dashboardName): null

29-01-2025T06:30:39 - [TEST_STEP][PASSED] - setValueToCellByIndex(sheet01, n, 10, user): null

29-01-2025T06:30:39 - [TEST_STEP][PASSED] - setValueToCellByIndex(sheet01, n, 1, a1): null

29-01-2025T06:30:39 - [TEST_STEP][PASSED] - setValueToCellByIndex(sheet01, n, 2, a2): null

29-01-2025T06:30:39 - [TEST_STEP][PASSED] - setValueToCellByIndex(sheet01, n, 3, a3): null

29-01-2025T06:30:39 - [TEST_STEP][PASSED] - setValueToCellByIndex(sheet01, n, 4, a4): null

29-01-2025T06:30:39 - [TEST_STEP][PASSED] - setValueToCellByIndex(sheet01, n, 5, a5): null

29-01-2025T06:30:39 - [TEST_STEP][PASSED] - setValueToCellByIndex(sheet01, n, 6, a6): null

29-01-2025T06:30:39 - [TEST_STEP][PASSED] - setValueToCellByIndex(sheet01, n, 7, a7): null

29-01-2025T06:30:39 - [TEST_STEP][PASSED] - setValueToCellByIndex(sheet01, n, 8, a8): null

29-01-2025T06:30:39 - [TEST_STEP][PASSED] - setValueToCellByIndex(sheet01, n, 9, a9): null

29-01-2025T06:30:39 - [TEST_STEP][PASSED] - n = n + 1: null

29-01-2025T06:30:39 - [TEST_STEP][PASSED] - saveWorkbook(excelFilePath, workbook01): null

29-01-2025T06:30:39 - [TEST_STEP][PASSED] - if (run == 2): null

29-01-2025T06:30:39 - [TEST_STEP][PASSED] - if (run == 3): null

29-01-2025T06:30:39 - [TEST_STEP][PASSED] - closeBrowser(): null

29-01-2025T06:30:39 - [MESSAGE][PASSED] - Browser is closed

29-01-2025T06:30:39 - [TEST_STEP][PASSED] - ViruchkaPoDZO(user, dashboardName, n, data, run, a1, a2, a3, a4, a5, a6, a7, a8, a9, urlData): null

29-01-2025T06:30:39 - [TEST_STEP][PASSED] - n = data.getRowNumbers() + 1: null

29-01-2025T06:30:39 - [TEST_STEP][PASSED] - println(n): null

29-01-2025T06:30:39 - [TEST_STEP][PASSED] - dashboardName = "Выручка по ДЗО": null

29-01-2025T06:30:39 - [TEST_STEP][PASSED] - openBrowser(""): Browser is opened with url: ''

29-01-2025T06:30:39 - [MESSAGE][INFO] - Starting 'Chrome' driver

29-01-2025T06:30:39 - [MESSAGE][INFO] - Action delay is set to 0 milliseconds

29-01-2025T06:30:40 - [MESSAGE][PASSED] - Browser is opened with url: ''

29-01-2025T06:30:40 - [TEST_STEP][PASSED] - urlData = 5: null

29-01-2025T06:30:40 - [TEST_STEP][PASSED] - Script1686231490255.CheckPageDownload(urlData, run): null

29-01-2025T06:30:40 - [TEST_STEP][PASSED] - i = 1: null

29-01-2025T06:30:40 - [TEST_STEP][PASSED] - ii = 0: null

29-01-2025T06:30:40 - [TEST_STEP][PASSED] - urlText = <not implemented yet for class: org.codehaus.groovy.ast.expr.EmptyExpression>: null

29-01-2025T06:30:40 - [TEST_STEP][PASSED] - searchWord = <not implemented yet for class: org.codehaus.groovy.ast.expr.EmptyExpression>: null

29-01-2025T06:30:40 - [TEST_STEP][PASSED] - deleteAllCookies(): Delete all cookies successfully

29-01-2025T06:30:40 - [MESSAGE][PASSED] - Delete all cookies successfully

29-01-2025T06:30:40 - [TEST_STEP][PASSED] - refresh(): Refresh successfully

29-01-2025T06:30:40 - [MESSAGE][PASSED] - Refresh successfully

29-01-2025T06:30:40 - [TEST_STEP][PASSED] - delay(70): Delayed 70 second(s)

29-01-2025T06:31:50 - [MESSAGE][PASSED] - Delayed 70 second(s)

29-01-2025T06:31:50 - [TEST_STEP][PASSED] - navigateToUrl(findTestData("PlanFact").getValue(10, urlData)): Navigate to 'https://bi.rosseti.digital/viewer?dashboardGuid=2301950b23be4ed89c1df75f2020051e&sheetGuid=31530aa0b6664c09b016b7f2ab9d853e&fit=true' successfully

29-01-2025T06:32:03 - [MESSAGE][PASSED] - Navigate to 'https://bi.rosseti.digital/viewer?dashboardGuid=2301950b23be4ed89c1df75f2020051e&sheetGuid=31530aa0b6664c09b016b7f2ab9d853e&fit=true' successfully

29-01-2025T06:32:03 - [TEST_STEP][PASSED] - pageLoaded1 = verifyElementPresent(findTestObject("Страница авторизации/Text"), 30): Object 'Object Repository/Страница авторизации/Text' is present

29-01-2025T06:32:05 - [MESSAGE][PASSED] - Object 'Object Repository/Страница авторизации/Text' is present

29-01-2025T06:32:05 - [TEST_STEP][PASSED] - if (pageLoaded1 == false): null

29-01-2025T06:32:05 - [TEST_STEP][PASSED] - urlText = getText(findTestObject("Страница авторизации/Text")): Text of object 'Object Repository/Страница авторизации/Text' is: 'Вход'

29-01-2025T06:32:05 - [MESSAGE][PASSED] - Text of object 'Object Repository/Страница авторизации/Text' is: 'Вход'

29-01-2025T06:32:05 - [TEST_STEP][PASSED] - delay(70): Delayed 70 second(s)

29-01-2025T06:33:15 - [MESSAGE][PASSED] - Delayed 70 second(s)

29-01-2025T06:33:15 - [TEST_STEP][PASSED] - searchWord = "Вход": null

29-01-2025T06:33:15 - [TEST_STEP][PASSED] - if (urlText.contains(searchWord) == false): null

29-01-2025T06:33:15 - [TEST_STEP][PASSED] - setText(findTestObject("Страница авторизации/input__username"), findTestData("PlanFact").getValue(8, run)): Text 'Andreeva-EV' is set on object 'Object Repository/Страница авторизации/input__username'

29-01-2025T06:33:16 - [MESSAGE][PASSED] - Text 'Andreeva-EV' is set on object 'Object Repository/Страница авторизации/input__username'

29-01-2025T06:33:16 - [TEST_STEP][PASSED] - setText(findTestObject("Страница авторизации/input__password"), findTestData("PlanFact").getValue(9, run)): Text '2nPePKDwCPH3ul7xMZ' is set on object 'Object Repository/Страница авторизации/input__password'

29-01-2025T06:33:16 - [MESSAGE][PASSED] - Text '2nPePKDwCPH3ul7xMZ' is set on object 'Object Repository/Страница авторизации/input__password'

29-01-2025T06:33:16 - [TEST_STEP][PASSED] - click(findTestObject("Страница авторизации/button_")): Object: 'Object Repository/Страница авторизации/button_' is clicked on

29-01-2025T06:33:17 - [MESSAGE][PASSED] - Object: 'Object Repository/Страница авторизации/button_' is clicked on

29-01-2025T06:33:17 - [TEST_STEP][PASSED] - delay(70): Delayed 70 second(s)

29-01-2025T06:34:27 - [MESSAGE][PASSED] - Delayed 70 second(s)

29-01-2025T06:34:27 - [TEST_STEP][PASSED] - searchWord = "а": null

29-01-2025T06:34:27 - [TEST_STEP][PASSED] - pageLoaded2 = verifyElementPresent(findTestObject("Страница авторизации/Text"), 50): Object 'Object Repository/Страница авторизации/Text' is present

29-01-2025T06:34:27 - [MESSAGE][PASSED] - Object 'Object Repository/Страница авторизации/Text' is present

29-01-2025T06:34:27 - [TEST_STEP][PASSED] - if (pageLoaded2 == false): null

29-01-2025T06:34:27 - [TEST_STEP][PASSED] - urlText = getText(findTestObject("Страница авторизации/Text")): Text of object 'Object Repository/Страница авторизации/Text' is: 'Период
2024 год
Выручка
Все
ДЗО 
ПАО Россети
Выручка по ДЗО
Выполнение плановых показателей по ПАО Россети за 2024 год
1 948 1 948
4 573 4 573
80 156 80 156
74 811 74 811
102 692 102 692
211 239 211 239
32 059 32 059
54 528 54 528
71 092 71 092
9 660 9 660
84 600 84 600
106 135 106 135
309 604 309 604
117 755 117 755
126 057 126 057
52 535 52 535
9 778 9 778
2 381 2 381
4 719 4 719
80 331 80 331
80 126 80 126
108 460 108 460
220 183 220 183
33 010 33 010
55 224 55 224
73 716 73 716
9 858 9 858
77 271 77 271
108 049 108 049
286 458 286 458
121 447 121 447
131 217 131 217
53 742 53 742
10 167 10 167
План
Факт
АО «Тываэнерго»
АО «Чеченэнерго»
Россети Волга
Россети Кубань
Россети Ленэнерго (ГК)
Россети Московский регион
Россети Северный Кавказ (ГК)
Россети Северо-Запад
Россети Сибирь (ГК)
Россети Томск
Россети Тюмень
Россети Урал (ГК)
Россети ФСК ЕЭС
Россети Центр
Россети Центр и Приволжье (ГК)
Россети Юг (ГК)
Россети Янтарь
0 млн. руб.
50 000 млн. руб.
100 000 млн. руб.
150 000 млн. руб.
200 000 млн. руб.
250 000 млн. руб.
300 000 млн. руб.
350 000 млн. руб.
Выполнение плановых показателей по ПАО Россети за 2024 год
0,16%0,16%
0,32%0,32%
5,52%5,52%
5,5%5,5%
7,45%7,45%
15,12%15,12%
2,27%2,27%
3,79%3,79%
5,06%5,06%
0,68%0,68%
5,31%5,31%
7,42%7,42%
19,67%19,67%
8,34%8,34%
9,01%9,01%
3,69%3,69%
0,7%0,7%
АО «Тываэнерго»
АО «Чеченэнерго»
Россети Волга
Россети Кубань
Россети Ленэнерго (ГК)
Россети Московский регион
Россети Северный Кавказ (ГК)
Россети Северо-Запад
Россети Сибирь (ГК)
Россети Томск
Россети Тюмень
Россети Урал (ГК)
Россети ФСК ЕЭС
Россети Центр
Россети Центр и Приволжье (ГК)
Россети Юг (ГК)
Россети Янтарь'

29-01-2025T06:34:28 - [MESSAGE][PASSED] - Text of object 'Object Repository/Страница авторизации/Text' is: 'Период
2024 год
Выручка
Все
ДЗО 
ПАО Россети
Выручка по ДЗО
Выполнение плановых показателей по ПАО Россети за 2024 год
1 948 1 948
4 573 4 573
80 156 80 156
74 811 74 811
102 692 102 692
211 239 211 239
32 059 32 059
54 528 54 528
71 092 71 092
9 660 9 660
84 600 84 600
106 135 106 135
309 604 309 604
117 755 117 755
126 057 126 057
52 535 52 535
9 778 9 778
2 381 2 381
4 719 4 719
80 331 80 331
80 126 80 126
108 460 108 460
220 183 220 183
33 010 33 010
55 224 55 224
73 716 73 716
9 858 9 858
77 271 77 271
108 049 108 049
286 458 286 458
121 447 121 447
131 217 131 217
53 742 53 742
10 167 10 167
План
Факт
АО «Тываэнерго»
АО «Чеченэнерго»
Россети Волга
Россети Кубань
Россети Ленэнерго (ГК)
Россети Московский регион
Россети Северный Кавказ (ГК)
Россети Северо-Запад
Россети Сибирь (ГК)
Россети Томск
Россети Тюмень
Россети Урал (ГК)
Россети ФСК ЕЭС
Россети Центр
Россети Центр и Приволжье (ГК)
Россети Юг (ГК)
Россети Янтарь
0 млн. руб.
50 000 млн. руб.
100 000 млн. руб.
150 000 млн. руб.
200 000 млн. руб.
250 000 млн. руб.
300 000 млн. руб.
350 000 млн. руб.
Выполнение плановых показателей по ПАО Россети за 2024 год
0,16%0,16%
0,32%0,32%
5,52%5,52%
5,5%5,5%
7,45%7,45%
15,12%15,12%
2,27%2,27%
3,79%3,79%
5,06%5,06%
0,68%0,68%
5,31%5,31%
7,42%7,42%
19,67%19,67%
8,34%8,34%
9,01%9,01%
3,69%3,69%
0,7%0,7%
АО «Тываэнерго»
АО «Чеченэнерго»
Россети Волга
Россети Кубань
Россети Ленэнерго (ГК)
Россети Московский регион
Россети Северный Кавказ (ГК)
Россети Северо-Запад
Россети Сибирь (ГК)
Россети Томск
Россети Тюмень
Россети Урал (ГК)
Россети ФСК ЕЭС
Россети Центр
Россети Центр и Приволжье (ГК)
Россети Юг (ГК)
Россети Янтарь'

29-01-2025T06:34:28 - [TEST_STEP][PASSED] - if (urlText.contains("ошибка") || urlText.contains(searchWord) == false): null

29-01-2025T06:34:28 - [TEST_STEP][PASSED] - click(findTestObject("Выручка по ДЗО/Фильтр Дата")): Object: 'Object Repository/Выручка по ДЗО/Фильтр Дата' is clicked on

29-01-2025T06:34:29 - [MESSAGE][PASSED] - Object: 'Object Repository/Выручка по ДЗО/Фильтр Дата' is clicked on

29-01-2025T06:34:29 - [TEST_STEP][PASSED] - click(findTestObject("Выручка по ДЗО/Снять выделение в фильтре Дата")): Object: 'Object Repository/Выручка по ДЗО/Снять выделение в фильтре Дата' is clicked on

29-01-2025T06:34:29 - [MESSAGE][PASSED] - Object: 'Object Repository/Выручка по ДЗО/Снять выделение в фильтре Дата' is clicked on

29-01-2025T06:34:29 - [TEST_STEP][PASSED] - click(findTestObject("Выручка по ДЗО/Применить в фильтре Дата")): Object: 'Object Repository/Выручка по ДЗО/Применить в фильтре Дата' is clicked on

29-01-2025T06:34:30 - [MESSAGE][PASSED] - Object: 'Object Repository/Выручка по ДЗО/Применить в фильтре Дата' is clicked on

29-01-2025T06:34:30 - [TEST_STEP][PASSED] - click(findTestObject("Выручка по ДЗО/Фильтр Дата")): Object: 'Object Repository/Выручка по ДЗО/Фильтр Дата' is clicked on

29-01-2025T06:34:31 - [MESSAGE][PASSED] - Object: 'Object Repository/Выручка по ДЗО/Фильтр Дата' is clicked on

29-01-2025T06:34:31 - [TEST_STEP][PASSED] - click(findTestObject("Выручка по ДЗО/Снять выделение в фильтре Дата")): Object: 'Object Repository/Выручка по ДЗО/Снять выделение в фильтре Дата' is clicked on

29-01-2025T06:34:32 - [MESSAGE][PASSED] - Object: 'Object Repository/Выручка по ДЗО/Снять выделение в фильтре Дата' is clicked on

29-01-2025T06:34:32 - [TEST_STEP][PASSED] - scrollToElement(findTestObject("Выручка по ДЗО/2024 список"), 30): Scroll to object 'Object Repository/Выручка по ДЗО/2024 список' successfully

29-01-2025T06:34:32 - [MESSAGE][PASSED] - Scroll to object 'Object Repository/Выручка по ДЗО/2024 список' successfully

29-01-2025T06:34:32 - [TEST_STEP][PASSED] - click(findTestObject("Выручка по ДЗО/2024 год")): Object: 'Object Repository/Выручка по ДЗО/2024 год' is clicked on

29-01-2025T06:34:32 - [MESSAGE][PASSED] - Object: 'Object Repository/Выручка по ДЗО/2024 год' is clicked on

29-01-2025T06:34:32 - [TEST_STEP][PASSED] - scrollToElement(findTestObject("Выручка по ДЗО/Заголовок дашборда"), 30): Scroll to object 'Object Repository/Выручка по ДЗО/Заголовок дашборда' successfully

29-01-2025T06:34:33 - [MESSAGE][PASSED] - Scroll to object 'Object Repository/Выручка по ДЗО/Заголовок дашборда' successfully

29-01-2025T06:34:33 - [TEST_STEP][PASSED] - click(findTestObject("Выручка по ДЗО/Применить в фильтре Дата")): Object: 'Object Repository/Выручка по ДЗО/Применить в фильтре Дата' is clicked on

29-01-2025T06:34:33 - [MESSAGE][PASSED] - Object: 'Object Repository/Выручка по ДЗО/Применить в фильтре Дата' is clicked on

29-01-2025T06:34:33 - [TEST_STEP][PASSED] - a3 = "": null

29-01-2025T06:34:33 - [TEST_STEP][PASSED] - a4 = "": null

29-01-2025T06:34:33 - [TEST_STEP][PASSED] - a5 = "": null

29-01-2025T06:34:33 - [TEST_STEP][PASSED] - a6 = "": null

29-01-2025T06:34:33 - [TEST_STEP][PASSED] - a7 = "": null

29-01-2025T06:34:33 - [TEST_STEP][PASSED] - a8 = "": null

29-01-2025T06:34:33 - [TEST_STEP][PASSED] - a9 = "": null

29-01-2025T06:34:33 - [TEST_STEP][PASSED] - if (run == 1): null

29-01-2025T06:34:33 - [TEST_STEP][PASSED] - if (run == 2): null

29-01-2025T06:34:33 - [TEST_STEP][PASSED] - user = "Андреева": null

29-01-2025T06:34:33 - [TEST_STEP][PASSED] - a1 = getText(findTestObject("Выручка по ДЗО/График1 Выполнение плановых показателей Блок руководителя")): Text of object 'Object Repository/Выручка по ДЗО/График1 Выполнение плановых показателей Блок руководителя' is: '1 948 1 948
4 573 4 573
80 156 80 156
74 811 74 811
102 692 102 692
211 239 211 239
32 059 32 059
54 528 54 528
71 092 71 092
9 660 9 660
84 600 84 600
106 135 106 135
309 604 309 604
117 755 117 755
126 057 126 057
52 535 52 535
9 778 9 778
2 381 2 381
4 719 4 719
80 331 80 331
80 126 80 126
108 460 108 460
220 183 220 183
33 010 33 010
55 224 55 224
73 716 73 716
9 858 9 858
77 271 77 271
108 049 108 049
286 458 286 458
121 447 121 447
131 217 131 217
53 742 53 742
10 167 10 167
План
Факт
АО «Тываэнерго»
АО «Чеченэнерго»
Россети Волга
Россети Кубань
Россети Ленэнерго (ГК)
Россети Московский регион
Россети Северный Кавказ (ГК)
Россети Северо-Запад
Россети Сибирь (ГК)
Россети Томск
Россети Тюмень
Россети Урал (ГК)
Россети ФСК ЕЭС
Россети Центр
Россети Центр и Приволжье (ГК)
Россети Юг (ГК)
Россети Янтарь
0 млн. руб.
50 000 млн. руб.
100 000 млн. руб.
150 000 млн. руб.
200 000 млн. руб.
250 000 млн. руб.
300 000 млн. руб.
350 000 млн. руб.'

29-01-2025T06:34:34 - [MESSAGE][PASSED] - Text of object 'Object Repository/Выручка по ДЗО/График1 Выполнение плановых показателей Блок руководителя' is: '1 948 1 948
4 573 4 573
80 156 80 156
74 811 74 811
102 692 102 692
211 239 211 239
32 059 32 059
54 528 54 528
71 092 71 092
9 660 9 660
84 600 84 600
106 135 106 135
309 604 309 604
117 755 117 755
126 057 126 057
52 535 52 535
9 778 9 778
2 381 2 381
4 719 4 719
80 331 80 331
80 126 80 126
108 460 108 460
220 183 220 183
33 010 33 010
55 224 55 224
73 716 73 716
9 858 9 858
77 271 77 271
108 049 108 049
286 458 286 458
121 447 121 447
131 217 131 217
53 742 53 742
10 167 10 167
План
Факт
АО «Тываэнерго»
АО «Чеченэнерго»
Россети Волга
Россети Кубань
Россети Ленэнерго (ГК)
Россети Московский регион
Россети Северный Кавказ (ГК)
Россети Северо-Запад
Россети Сибирь (ГК)
Россети Томск
Россети Тюмень
Россети Урал (ГК)
Россети ФСК ЕЭС
Россети Центр
Россети Центр и Приволжье (ГК)
Россети Юг (ГК)
Россети Янтарь
0 млн. руб.
50 000 млн. руб.
100 000 млн. руб.
150 000 млн. руб.
200 000 млн. руб.
250 000 млн. руб.
300 000 млн. руб.
350 000 млн. руб.'

29-01-2025T06:34:34 - [TEST_STEP][PASSED] - a2 = getText(findTestObject("Выручка по ДЗО/График2 Выполнение плановых показателей Блок руководителя")): Text of object 'Object Repository/Выручка по ДЗО/График2 Выполнение плановых показателей Блок руководителя' is: '0,16%0,16%
0,32%0,32%
5,52%5,52%
5,5%5,5%
7,45%7,45%
15,12%15,12%
2,27%2,27%
3,79%3,79%
5,06%5,06%
0,68%0,68%
5,31%5,31%
7,42%7,42%
19,67%19,67%
8,34%8,34%
9,01%9,01%
3,69%3,69%
0,7%0,7%
АО «Тываэнерго»
АО «Чеченэнерго»
Россети Волга
Россети Кубань
Россети Ленэнерго (ГК)
Россети Московский регион
Россети Северный Кавказ (ГК)
Россети Северо-Запад
Россети Сибирь (ГК)
Россети Томск
Россети Тюмень
Россети Урал (ГК)
Россети ФСК ЕЭС
Россети Центр
Россети Центр и Приволжье (ГК)
Россети Юг (ГК)
Россети Янтарь
Россети Центр и Приволжье (ГК): 131 216 535,98'

29-01-2025T06:34:35 - [MESSAGE][PASSED] - Text of object 'Object Repository/Выручка по ДЗО/График2 Выполнение плановых показателей Блок руководителя' is: '0,16%0,16%
0,32%0,32%
5,52%5,52%
5,5%5,5%
7,45%7,45%
15,12%15,12%
2,27%2,27%
3,79%3,79%
5,06%5,06%
0,68%0,68%
5,31%5,31%
7,42%7,42%
19,67%19,67%
8,34%8,34%
9,01%9,01%
3,69%3,69%
0,7%0,7%
АО «Тываэнерго»
АО «Чеченэнерго»
Россети Волга
Россети Кубань
Россети Ленэнерго (ГК)
Россети Московский регион
Россети Северный Кавказ (ГК)
Россети Северо-Запад
Россети Сибирь (ГК)
Россети Томск
Россети Тюмень
Россети Урал (ГК)
Россети ФСК ЕЭС
Россети Центр
Россети Центр и Приволжье (ГК)
Россети Юг (ГК)
Россети Янтарь
Россети Центр и Приволжье (ГК): 131 216 535,98'

29-01-2025T06:34:35 - [TEST_STEP][PASSED] - a2 = indexOf("АО «Тываэнерго»")).replaceAll("[а-яА-Я]", ""): null

29-01-2025T06:34:35 - [TEST_STEP][PASSED] - n = n + 28: null

29-01-2025T06:34:35 - [TEST_STEP][PASSED] - b = n - run + 1: null

29-01-2025T06:34:35 - [TEST_STEP][PASSED] - verifyEqual(findTestData("PlanFact").getValue(2, b), a1): Actual object '1 948 1 948
4 573 4 573
80 156 80 156
74 811 74 811
102 692 102 692
211 239 211 239
32 059 32 059
54 528 54 528
71 092 71 092
9 660 9 660
84 600 84 600
106 135 106 135
309 604 309 604
117 755 117 755
126 057 126 057
52 535 52 535
9 778 9 778
2 381 2 381
4 719 4 719
80 331 80 331
80 126 80 126
108 460 108 460
220 183 220 183
33 010 33 010
55 224 55 224
73 716 73 716
9 858 9 858
77 271 77 271
108 049 108 049
286 458 286 458
121 447 121 447
131 217 131 217
53 742 53 742
10 167 10 167
План
Факт
АО «Тываэнерго»
АО «Чеченэнерго»
Россети Волга
Россети Кубань
Россети Ленэнерго (ГК)
Россети Московский регион
Россети Северный Кавказ (ГК)
Россети Северо-Запад
Россети Сибирь (ГК)
Россети Томск
Россети Тюмень
Россети Урал (ГК)
Россети ФСК ЕЭС
Россети Центр
Россети Центр и Приволжье (ГК)
Россети Юг (ГК)
Россети Янтарь
0 млн. руб.
50 000 млн. руб.
100 000 млн. руб.
150 000 млн. руб.
200 000 млн. руб.
250 000 млн. руб.
300 000 млн. руб.
350 000 млн. руб.' and expected object '1 948 1 948
4 573 4 573
80 156 80 156
74 811 74 811
102 692 102 692
211 239 211 239
32 059 32 059
54 528 54 528
71 092 71 092
9 660 9 660
84 600 84 600
106 135 106 135
309 604 309 604
117 755 117 755
126 057 126 057
52 535 52 535
9 778 9 778
2 381 2 381
4 719 4 719
80 331 80 331
80 126 80 126
108 460 108 460
220 183 220 183
33 010 33 010
55 224 55 224
73 716 73 716
9 858 9 858
77 271 77 271
108 049 108 049
286 458 286 458
121 447 121 447
131 217 131 217
53 742 53 742
10 167 10 167
План
Факт
АО «Тываэнерго»
АО «Чеченэнерго»
Россети Волга
Россети Кубань
Россети Ленэнерго (ГК)
Россети Московский регион
Россети Северный Кавказ (ГК)
Россети Северо-Запад
Россети Сибирь (ГК)
Россети Томск
Россети Тюмень
Россети Урал (ГК)
Россети ФСК ЕЭС
Россети Центр
Россети Центр и Приволжье (ГК)
Россети Юг (ГК)
Россети Янтарь
0 млн. руб.
50 000 млн. руб.
100 000 млн. руб.
150 000 млн. руб.
200 000 млн. руб.
250 000 млн. руб.
300 000 млн. руб.
350 000 млн. руб.' are equal

29-01-2025T06:34:35 - [MESSAGE][PASSED] - Actual object '1 948 1 948
4 573 4 573
80 156 80 156
74 811 74 811
102 692 102 692
211 239 211 239
32 059 32 059
54 528 54 528
71 092 71 092
9 660 9 660
84 600 84 600
106 135 106 135
309 604 309 604
117 755 117 755
126 057 126 057
52 535 52 535
9 778 9 778
2 381 2 381
4 719 4 719
80 331 80 331
80 126 80 126
108 460 108 460
220 183 220 183
33 010 33 010
55 224 55 224
73 716 73 716
9 858 9 858
77 271 77 271
108 049 108 049
286 458 286 458
121 447 121 447
131 217 131 217
53 742 53 742
10 167 10 167
План
Факт
АО «Тываэнерго»
АО «Чеченэнерго»
Россети Волга
Россети Кубань
Россети Ленэнерго (ГК)
Россети Московский регион
Россети Северный Кавказ (ГК)
Россети Северо-Запад
Россети Сибирь (ГК)
Россети Томск
Россети Тюмень
Россети Урал (ГК)
Россети ФСК ЕЭС
Россети Центр
Россети Центр и Приволжье (ГК)
Россети Юг (ГК)
Россети Янтарь
0 млн. руб.
50 000 млн. руб.
100 000 млн. руб.
150 000 млн. руб.
200 000 млн. руб.
250 000 млн. руб.
300 000 млн. руб.
350 000 млн. руб.' and expected object '1 948 1 948
4 573 4 573
80 156 80 156
74 811 74 811
102 692 102 692
211 239 211 239
32 059 32 059
54 528 54 528
71 092 71 092
9 660 9 660
84 600 84 600
106 135 106 135
309 604 309 604
117 755 117 755
126 057 126 057
52 535 52 535
9 778 9 778
2 381 2 381
4 719 4 719
80 331 80 331
80 126 80 126
108 460 108 460
220 183 220 183
33 010 33 010
55 224 55 224
73 716 73 716
9 858 9 858
77 271 77 271
108 049 108 049
286 458 286 458
121 447 121 447
131 217 131 217
53 742 53 742
10 167 10 167
План
Факт
АО «Тываэнерго»
АО «Чеченэнерго»
Россети Волга
Россети Кубань
Россети Ленэнерго (ГК)
Россети Московский регион
Россети Северный Кавказ (ГК)
Россети Северо-Запад
Россети Сибирь (ГК)
Россети Томск
Россети Тюмень
Россети Урал (ГК)
Россети ФСК ЕЭС
Россети Центр
Россети Центр и Приволжье (ГК)
Россети Юг (ГК)
Россети Янтарь
0 млн. руб.
50 000 млн. руб.
100 000 млн. руб.
150 000 млн. руб.
200 000 млн. руб.
250 000 млн. руб.
300 000 млн. руб.
350 000 млн. руб.' are equal

29-01-2025T06:34:35 - [TEST_STEP][PASSED] - verifyEqual(findTestData("PlanFact").getValue(3, b), a2): Actual object '0,16%0,16%
0,32%0,32%
5,52%5,52%
5,5%5,5%
7,45%7,45%
15,12%15,12%
2,27%2,27%
3,79%3,79%
5,06%5,06%
0,68%0,68%
5,31%5,31%
7,42%7,42%
19,67%19,67%
8,34%8,34%
9,01%9,01%
3,69%3,69%
0,7%0,7%
' and expected object '0,16%0,16%
0,32%0,32%
5,52%5,52%
5,5%5,5%
7,45%7,45%
15,12%15,12%
2,27%2,27%
3,79%3,79%
5,06%5,06%
0,68%0,68%
5,31%5,31%
7,42%7,42%
19,67%19,67%
8,34%8,34%
9,01%9,01%
3,69%3,69%
0,7%0,7%
' are equal

29-01-2025T06:34:35 - [MESSAGE][PASSED] - Actual object '0,16%0,16%
0,32%0,32%
5,52%5,52%
5,5%5,5%
7,45%7,45%
15,12%15,12%
2,27%2,27%
3,79%3,79%
5,06%5,06%
0,68%0,68%
5,31%5,31%
7,42%7,42%
19,67%19,67%
8,34%8,34%
9,01%9,01%
3,69%3,69%
0,7%0,7%
' and expected object '0,16%0,16%
0,32%0,32%
5,52%5,52%
5,5%5,5%
7,45%7,45%
15,12%15,12%
2,27%2,27%
3,79%3,79%
5,06%5,06%
0,68%0,68%
5,31%5,31%
7,42%7,42%
19,67%19,67%
8,34%8,34%
9,01%9,01%
3,69%3,69%
0,7%0,7%
' are equal

29-01-2025T06:34:35 - [TEST_STEP][PASSED] - Script1686231490255.WriteToExcel(user, dashboardName, n, data, run, a1, a2, a3, a4, a5, a6, a7, a8, a9): null

29-01-2025T06:34:35 - [TEST_STEP][PASSED] - sheetName = "Sheet1": null

29-01-2025T06:34:35 - [TEST_STEP][PASSED] - workbook01 = getWorkbook(excelFilePath): null

29-01-2025T06:34:35 - [TEST_STEP][PASSED] - sheet01 = getExcelSheet(workbook01, sheetName): null

29-01-2025T06:34:35 - [TEST_STEP][PASSED] - setValueToCellByIndex(sheet01, n, 0, dashboardName): null

29-01-2025T06:34:35 - [TEST_STEP][PASSED] - setValueToCellByIndex(sheet01, n, 10, user): null

29-01-2025T06:34:35 - [TEST_STEP][PASSED] - setValueToCellByIndex(sheet01, n, 1, a1): null

29-01-2025T06:34:35 - [TEST_STEP][PASSED] - setValueToCellByIndex(sheet01, n, 2, a2): null

29-01-2025T06:34:35 - [TEST_STEP][PASSED] - setValueToCellByIndex(sheet01, n, 3, a3): null

29-01-2025T06:34:35 - [TEST_STEP][PASSED] - setValueToCellByIndex(sheet01, n, 4, a4): null

29-01-2025T06:34:35 - [TEST_STEP][PASSED] - setValueToCellByIndex(sheet01, n, 5, a5): null

29-01-2025T06:34:35 - [TEST_STEP][PASSED] - setValueToCellByIndex(sheet01, n, 6, a6): null

29-01-2025T06:34:35 - [TEST_STEP][PASSED] - setValueToCellByIndex(sheet01, n, 7, a7): null

29-01-2025T06:34:35 - [TEST_STEP][PASSED] - setValueToCellByIndex(sheet01, n, 8, a8): null

29-01-2025T06:34:35 - [TEST_STEP][PASSED] - setValueToCellByIndex(sheet01, n, 9, a9): null

29-01-2025T06:34:35 - [TEST_STEP][PASSED] - n = n + 1: null

29-01-2025T06:34:35 - [TEST_STEP][PASSED] - saveWorkbook(excelFilePath, workbook01): null

29-01-2025T06:34:35 - [TEST_STEP][PASSED] - if (run == 3): null

29-01-2025T06:34:35 - [TEST_STEP][PASSED] - closeBrowser(): null

29-01-2025T06:34:35 - [MESSAGE][PASSED] - Browser is closed

29-01-2025T06:34:35 - [TEST_STEP][PASSED] - ViruchkaPoDZO(user, dashboardName, n, data, run, a1, a2, a3, a4, a5, a6, a7, a8, a9, urlData): null

29-01-2025T06:34:35 - [TEST_STEP][PASSED] - n = data.getRowNumbers() + 1: null

29-01-2025T06:34:35 - [TEST_STEP][PASSED] - println(n): null

29-01-2025T06:34:35 - [TEST_STEP][PASSED] - dashboardName = "Выручка по ДЗО": null

29-01-2025T06:34:35 - [TEST_STEP][PASSED] - openBrowser(""): Browser is opened with url: ''

29-01-2025T06:34:35 - [MESSAGE][INFO] - Starting 'Chrome' driver

29-01-2025T06:34:35 - [MESSAGE][INFO] - Action delay is set to 0 milliseconds

29-01-2025T06:34:36 - [MESSAGE][PASSED] - Browser is opened with url: ''

29-01-2025T06:34:36 - [TEST_STEP][PASSED] - urlData = 5: null

29-01-2025T06:34:36 - [TEST_STEP][PASSED] - Script1686231490255.CheckPageDownload(urlData, run): null

29-01-2025T06:34:36 - [TEST_STEP][PASSED] - i = 1: null

29-01-2025T06:34:36 - [TEST_STEP][PASSED] - ii = 0: null

29-01-2025T06:34:36 - [TEST_STEP][PASSED] - urlText = <not implemented yet for class: org.codehaus.groovy.ast.expr.EmptyExpression>: null

29-01-2025T06:34:36 - [TEST_STEP][PASSED] - searchWord = <not implemented yet for class: org.codehaus.groovy.ast.expr.EmptyExpression>: null

29-01-2025T06:34:36 - [TEST_STEP][PASSED] - deleteAllCookies(): Delete all cookies successfully

29-01-2025T06:34:36 - [MESSAGE][PASSED] - Delete all cookies successfully

29-01-2025T06:34:36 - [TEST_STEP][PASSED] - refresh(): Refresh successfully

29-01-2025T06:34:36 - [MESSAGE][PASSED] - Refresh successfully

29-01-2025T06:34:36 - [TEST_STEP][PASSED] - delay(70): Delayed 70 second(s)

29-01-2025T06:35:46 - [MESSAGE][PASSED] - Delayed 70 second(s)

29-01-2025T06:35:46 - [TEST_STEP][PASSED] - navigateToUrl(findTestData("PlanFact").getValue(10, urlData)): Navigate to 'https://bi.rosseti.digital/viewer?dashboardGuid=2301950b23be4ed89c1df75f2020051e&sheetGuid=31530aa0b6664c09b016b7f2ab9d853e&fit=true' successfully

29-01-2025T06:35:56 - [MESSAGE][PASSED] - Navigate to 'https://bi.rosseti.digital/viewer?dashboardGuid=2301950b23be4ed89c1df75f2020051e&sheetGuid=31530aa0b6664c09b016b7f2ab9d853e&fit=true' successfully

29-01-2025T06:35:56 - [TEST_STEP][PASSED] - pageLoaded1 = verifyElementPresent(findTestObject("Страница авторизации/Text"), 30): Object 'Object Repository/Страница авторизации/Text' is present

29-01-2025T06:35:57 - [MESSAGE][PASSED] - Object 'Object Repository/Страница авторизации/Text' is present

29-01-2025T06:35:57 - [TEST_STEP][PASSED] - if (pageLoaded1 == false): null

29-01-2025T06:35:57 - [TEST_STEP][PASSED] - urlText = getText(findTestObject("Страница авторизации/Text")): Text of object 'Object Repository/Страница авторизации/Text' is: 'Вход'

29-01-2025T06:35:58 - [MESSAGE][PASSED] - Text of object 'Object Repository/Страница авторизации/Text' is: 'Вход'

29-01-2025T06:35:58 - [TEST_STEP][PASSED] - delay(70): Delayed 70 second(s)

29-01-2025T06:37:08 - [MESSAGE][PASSED] - Delayed 70 second(s)

29-01-2025T06:37:08 - [TEST_STEP][PASSED] - searchWord = "Вход": null

29-01-2025T06:37:08 - [TEST_STEP][PASSED] - if (urlText.contains(searchWord) == false): null

29-01-2025T06:37:08 - [TEST_STEP][PASSED] - setText(findTestObject("Страница авторизации/input__username"), findTestData("PlanFact").getValue(8, run)): Text 'Petrova-OV' is set on object 'Object Repository/Страница авторизации/input__username'

29-01-2025T06:37:08 - [MESSAGE][PASSED] - Text 'Petrova-OV' is set on object 'Object Repository/Страница авторизации/input__username'

29-01-2025T06:37:08 - [TEST_STEP][PASSED] - setText(findTestObject("Страница авторизации/input__password"), findTestData("PlanFact").getValue(9, run)): Text '4Ex@~R53r&3x&BVe7' is set on object 'Object Repository/Страница авторизации/input__password'

29-01-2025T06:37:09 - [MESSAGE][PASSED] - Text '4Ex@~R53r&3x&BVe7' is set on object 'Object Repository/Страница авторизации/input__password'

29-01-2025T06:37:09 - [TEST_STEP][PASSED] - click(findTestObject("Страница авторизации/button_")): Object: 'Object Repository/Страница авторизации/button_' is clicked on

29-01-2025T06:37:11 - [MESSAGE][PASSED] - Object: 'Object Repository/Страница авторизации/button_' is clicked on

29-01-2025T06:37:11 - [TEST_STEP][PASSED] - delay(70): Delayed 70 second(s)

29-01-2025T06:38:21 - [MESSAGE][PASSED] - Delayed 70 second(s)

29-01-2025T06:38:21 - [TEST_STEP][PASSED] - searchWord = "а": null

29-01-2025T06:38:21 - [TEST_STEP][PASSED] - pageLoaded2 = verifyElementPresent(findTestObject("Страница авторизации/Text"), 50): Object 'Object Repository/Страница авторизации/Text' is present

29-01-2025T06:38:21 - [MESSAGE][PASSED] - Object 'Object Repository/Страница авторизации/Text' is present

29-01-2025T06:38:21 - [TEST_STEP][PASSED] - if (pageLoaded2 == false): null

29-01-2025T06:38:21 - [TEST_STEP][PASSED] - urlText = getText(findTestObject("Страница авторизации/Text")): Text of object 'Object Repository/Страница авторизации/Text' is: 'Период
2024 год
Выручка
Все
ДЗО 
ПАО Россети
Выручка по ДЗО
Выполнение плановых показателей по ПАО Россети за 2024 год
1 948 1 948
4 573 4 573
80 156 80 156
74 811 74 811
102 692 102 692
211 239 211 239
32 059 32 059
54 528 54 528
71 092 71 092
9 660 9 660
84 600 84 600
106 135 106 135
309 604 309 604
117 755 117 755
126 057 126 057
52 535 52 535
9 778 9 778
2 381 2 381
4 719 4 719
80 331 80 331
80 126 80 126
108 460 108 460
220 183 220 183
33 010 33 010
55 224 55 224
73 716 73 716
9 858 9 858
77 271 77 271
108 049 108 049
286 458 286 458
121 447 121 447
131 217 131 217
53 742 53 742
10 167 10 167
План
Факт
АО «Тываэнерго»
АО «Чеченэнерго»
Россети Волга
Россети Кубань
Россети Ленэнерго (ГК)
Россети Московский регион
Россети Северный Кавказ (ГК)
Россети Северо-Запад
Россети Сибирь (ГК)
Россети Томск
Россети Тюмень
Россети Урал (ГК)
Россети ФСК ЕЭС
Россети Центр
Россети Центр и Приволжье (ГК)
Россети Юг (ГК)
Россети Янтарь
0 млн. руб.
50 000 млн. руб.
100 000 млн. руб.
150 000 млн. руб.
200 000 млн. руб.
250 000 млн. руб.
300 000 млн. руб.
350 000 млн. руб.
Выполнение плановых показателей по ПАО Россети за 2024 год
0,16%0,16%
0,32%0,32%
5,52%5,52%
5,5%5,5%
7,45%7,45%
15,12%15,12%
2,27%2,27%
3,79%3,79%
5,06%5,06%
0,68%0,68%
5,31%5,31%
7,42%7,42%
19,67%19,67%
8,34%8,34%
9,01%9,01%
3,69%3,69%
0,7%0,7%
АО «Тываэнерго»
АО «Чеченэнерго»
Россети Волга
Россети Кубань
Россети Ленэнерго (ГК)
Россети Московский регион
Россети Северный Кавказ (ГК)
Россети Северо-Запад
Россети Сибирь (ГК)
Россети Томск
Россети Тюмень
Россети Урал (ГК)
Россети ФСК ЕЭС
Россети Центр
Россети Центр и Приволжье (ГК)
Россети Юг (ГК)
Россети Янтарь'

29-01-2025T06:38:22 - [MESSAGE][PASSED] - Text of object 'Object Repository/Страница авторизации/Text' is: 'Период
2024 год
Выручка
Все
ДЗО 
ПАО Россети
Выручка по ДЗО
Выполнение плановых показателей по ПАО Россети за 2024 год
1 948 1 948
4 573 4 573
80 156 80 156
74 811 74 811
102 692 102 692
211 239 211 239
32 059 32 059
54 528 54 528
71 092 71 092
9 660 9 660
84 600 84 600
106 135 106 135
309 604 309 604
117 755 117 755
126 057 126 057
52 535 52 535
9 778 9 778
2 381 2 381
4 719 4 719
80 331 80 331
80 126 80 126
108 460 108 460
220 183 220 183
33 010 33 010
55 224 55 224
73 716 73 716
9 858 9 858
77 271 77 271
108 049 108 049
286 458 286 458
121 447 121 447
131 217 131 217
53 742 53 742
10 167 10 167
План
Факт
АО «Тываэнерго»
АО «Чеченэнерго»
Россети Волга
Россети Кубань
Россети Ленэнерго (ГК)
Россети Московский регион
Россети Северный Кавказ (ГК)
Россети Северо-Запад
Россети Сибирь (ГК)
Россети Томск
Россети Тюмень
Россети Урал (ГК)
Россети ФСК ЕЭС
Россети Центр
Россети Центр и Приволжье (ГК)
Россети Юг (ГК)
Россети Янтарь
0 млн. руб.
50 000 млн. руб.
100 000 млн. руб.
150 000 млн. руб.
200 000 млн. руб.
250 000 млн. руб.
300 000 млн. руб.
350 000 млн. руб.
Выполнение плановых показателей по ПАО Россети за 2024 год
0,16%0,16%
0,32%0,32%
5,52%5,52%
5,5%5,5%
7,45%7,45%
15,12%15,12%
2,27%2,27%
3,79%3,79%
5,06%5,06%
0,68%0,68%
5,31%5,31%
7,42%7,42%
19,67%19,67%
8,34%8,34%
9,01%9,01%
3,69%3,69%
0,7%0,7%
АО «Тываэнерго»
АО «Чеченэнерго»
Россети Волга
Россети Кубань
Россети Ленэнерго (ГК)
Россети Московский регион
Россети Северный Кавказ (ГК)
Россети Северо-Запад
Россети Сибирь (ГК)
Россети Томск
Россети Тюмень
Россети Урал (ГК)
Россети ФСК ЕЭС
Россети Центр
Россети Центр и Приволжье (ГК)
Россети Юг (ГК)
Россети Янтарь'

29-01-2025T06:38:22 - [TEST_STEP][PASSED] - if (urlText.contains("ошибка") || urlText.contains(searchWord) == false): null

29-01-2025T06:38:22 - [TEST_STEP][PASSED] - click(findTestObject("Выручка по ДЗО/Фильтр Дата")): Object: 'Object Repository/Выручка по ДЗО/Фильтр Дата' is clicked on

29-01-2025T06:38:22 - [MESSAGE][PASSED] - Object: 'Object Repository/Выручка по ДЗО/Фильтр Дата' is clicked on

29-01-2025T06:38:22 - [TEST_STEP][PASSED] - click(findTestObject("Выручка по ДЗО/Снять выделение в фильтре Дата")): Object: 'Object Repository/Выручка по ДЗО/Снять выделение в фильтре Дата' is clicked on

29-01-2025T06:38:23 - [MESSAGE][PASSED] - Object: 'Object Repository/Выручка по ДЗО/Снять выделение в фильтре Дата' is clicked on

29-01-2025T06:38:23 - [TEST_STEP][PASSED] - click(findTestObject("Выручка по ДЗО/Применить в фильтре Дата")): Object: 'Object Repository/Выручка по ДЗО/Применить в фильтре Дата' is clicked on

29-01-2025T06:38:23 - [MESSAGE][PASSED] - Object: 'Object Repository/Выручка по ДЗО/Применить в фильтре Дата' is clicked on

29-01-2025T06:38:23 - [TEST_STEP][PASSED] - click(findTestObject("Выручка по ДЗО/Фильтр Дата")): Object: 'Object Repository/Выручка по ДЗО/Фильтр Дата' is clicked on

29-01-2025T06:38:25 - [MESSAGE][PASSED] - Object: 'Object Repository/Выручка по ДЗО/Фильтр Дата' is clicked on

29-01-2025T06:38:25 - [TEST_STEP][PASSED] - click(findTestObject("Выручка по ДЗО/Снять выделение в фильтре Дата")): Object: 'Object Repository/Выручка по ДЗО/Снять выделение в фильтре Дата' is clicked on

29-01-2025T06:38:25 - [MESSAGE][PASSED] - Object: 'Object Repository/Выручка по ДЗО/Снять выделение в фильтре Дата' is clicked on

29-01-2025T06:38:25 - [TEST_STEP][PASSED] - scrollToElement(findTestObject("Выручка по ДЗО/2024 список"), 30): Scroll to object 'Object Repository/Выручка по ДЗО/2024 список' successfully

29-01-2025T06:38:26 - [MESSAGE][PASSED] - Scroll to object 'Object Repository/Выручка по ДЗО/2024 список' successfully

29-01-2025T06:38:26 - [TEST_STEP][PASSED] - click(findTestObject("Выручка по ДЗО/2024 год")): Object: 'Object Repository/Выручка по ДЗО/2024 год' is clicked on

29-01-2025T06:38:26 - [MESSAGE][PASSED] - Object: 'Object Repository/Выручка по ДЗО/2024 год' is clicked on

29-01-2025T06:38:26 - [TEST_STEP][PASSED] - scrollToElement(findTestObject("Выручка по ДЗО/Заголовок дашборда"), 30): Scroll to object 'Object Repository/Выручка по ДЗО/Заголовок дашборда' successfully

29-01-2025T06:38:26 - [MESSAGE][PASSED] - Scroll to object 'Object Repository/Выручка по ДЗО/Заголовок дашборда' successfully

29-01-2025T06:38:26 - [TEST_STEP][PASSED] - click(findTestObject("Выручка по ДЗО/Применить в фильтре Дата")): Object: 'Object Repository/Выручка по ДЗО/Применить в фильтре Дата' is clicked on

29-01-2025T06:38:27 - [MESSAGE][PASSED] - Object: 'Object Repository/Выручка по ДЗО/Применить в фильтре Дата' is clicked on

29-01-2025T06:38:27 - [TEST_STEP][PASSED] - a3 = "": null

29-01-2025T06:38:27 - [TEST_STEP][PASSED] - a4 = "": null

29-01-2025T06:38:27 - [TEST_STEP][PASSED] - a5 = "": null

29-01-2025T06:38:27 - [TEST_STEP][PASSED] - a6 = "": null

29-01-2025T06:38:27 - [TEST_STEP][PASSED] - a7 = "": null

29-01-2025T06:38:27 - [TEST_STEP][PASSED] - a8 = "": null

29-01-2025T06:38:27 - [TEST_STEP][PASSED] - a9 = "": null

29-01-2025T06:38:27 - [TEST_STEP][PASSED] - if (run == 1): null

29-01-2025T06:38:27 - [TEST_STEP][PASSED] - if (run == 2): null

29-01-2025T06:38:27 - [TEST_STEP][PASSED] - if (run == 3): null

29-01-2025T06:38:27 - [TEST_STEP][PASSED] - user = "Попова": null

29-01-2025T06:38:27 - [TEST_STEP][PASSED] - a1 = getText(findTestObject("Выручка по ДЗО/График1 Выполнение плановых показателей Блок руководителя")): Text of object 'Object Repository/Выручка по ДЗО/График1 Выполнение плановых показателей Блок руководителя' is: '1 948 1 948
4 573 4 573
80 156 80 156
74 811 74 811
102 692 102 692
211 239 211 239
32 059 32 059
54 528 54 528
71 092 71 092
9 660 9 660
84 600 84 600
106 135 106 135
309 604 309 604
117 755 117 755
126 057 126 057
52 535 52 535
9 778 9 778
2 381 2 381
4 719 4 719
80 331 80 331
80 126 80 126
108 460 108 460
220 183 220 183
33 010 33 010
55 224 55 224
73 716 73 716
9 858 9 858
77 271 77 271
108 049 108 049
286 458 286 458
121 447 121 447
131 217 131 217
53 742 53 742
10 167 10 167
План
Факт
АО «Тываэнерго»
АО «Чеченэнерго»
Россети Волга
Россети Кубань
Россети Ленэнерго (ГК)
Россети Московский регион
Россети Северный Кавказ (ГК)
Россети Северо-Запад
Россети Сибирь (ГК)
Россети Томск
Россети Тюмень
Россети Урал (ГК)
Россети ФСК ЕЭС
Россети Центр
Россети Центр и Приволжье (ГК)
Россети Юг (ГК)
Россети Янтарь
0 млн. руб.
50 000 млн. руб.
100 000 млн. руб.
150 000 млн. руб.
200 000 млн. руб.
250 000 млн. руб.
300 000 млн. руб.
350 000 млн. руб.'

29-01-2025T06:38:28 - [MESSAGE][PASSED] - Text of object 'Object Repository/Выручка по ДЗО/График1 Выполнение плановых показателей Блок руководителя' is: '1 948 1 948
4 573 4 573
80 156 80 156
74 811 74 811
102 692 102 692
211 239 211 239
32 059 32 059
54 528 54 528
71 092 71 092
9 660 9 660
84 600 84 600
106 135 106 135
309 604 309 604
117 755 117 755
126 057 126 057
52 535 52 535
9 778 9 778
2 381 2 381
4 719 4 719
80 331 80 331
80 126 80 126
108 460 108 460
220 183 220 183
33 010 33 010
55 224 55 224
73 716 73 716
9 858 9 858
77 271 77 271
108 049 108 049
286 458 286 458
121 447 121 447
131 217 131 217
53 742 53 742
10 167 10 167
План
Факт
АО «Тываэнерго»
АО «Чеченэнерго»
Россети Волга
Россети Кубань
Россети Ленэнерго (ГК)
Россети Московский регион
Россети Северный Кавказ (ГК)
Россети Северо-Запад
Россети Сибирь (ГК)
Россети Томск
Россети Тюмень
Россети Урал (ГК)
Россети ФСК ЕЭС
Россети Центр
Россети Центр и Приволжье (ГК)
Россети Юг (ГК)
Россети Янтарь
0 млн. руб.
50 000 млн. руб.
100 000 млн. руб.
150 000 млн. руб.
200 000 млн. руб.
250 000 млн. руб.
300 000 млн. руб.
350 000 млн. руб.'

29-01-2025T06:38:28 - [TEST_STEP][PASSED] - a2 = getText(findTestObject("Выручка по ДЗО/График2 Выполнение плановых показателей Блок руководителя")): Text of object 'Object Repository/Выручка по ДЗО/График2 Выполнение плановых показателей Блок руководителя' is: '0,16%0,16%
0,32%0,32%
5,52%5,52%
5,5%5,5%
7,45%7,45%
15,12%15,12%
2,27%2,27%
3,79%3,79%
5,06%5,06%
0,68%0,68%
5,31%5,31%
7,42%7,42%
19,67%19,67%
8,34%8,34%
9,01%9,01%
3,69%3,69%
0,7%0,7%
АО «Тываэнерго»
АО «Чеченэнерго»
Россети Волга
Россети Кубань
Россети Ленэнерго (ГК)
Россети Московский регион
Россети Северный Кавказ (ГК)
Россети Северо-Запад
Россети Сибирь (ГК)
Россети Томск
Россети Тюмень
Россети Урал (ГК)
Россети ФСК ЕЭС
Россети Центр
Россети Центр и Приволжье (ГК)
Россети Юг (ГК)
Россети Янтарь
Россети Центр и Приволжье (ГК): 131 216 535,98'

29-01-2025T06:38:28 - [MESSAGE][PASSED] - Text of object 'Object Repository/Выручка по ДЗО/График2 Выполнение плановых показателей Блок руководителя' is: '0,16%0,16%
0,32%0,32%
5,52%5,52%
5,5%5,5%
7,45%7,45%
15,12%15,12%
2,27%2,27%
3,79%3,79%
5,06%5,06%
0,68%0,68%
5,31%5,31%
7,42%7,42%
19,67%19,67%
8,34%8,34%
9,01%9,01%
3,69%3,69%
0,7%0,7%
АО «Тываэнерго»
АО «Чеченэнерго»
Россети Волга
Россети Кубань
Россети Ленэнерго (ГК)
Россети Московский регион
Россети Северный Кавказ (ГК)
Россети Северо-Запад
Россети Сибирь (ГК)
Россети Томск
Россети Тюмень
Россети Урал (ГК)
Россети ФСК ЕЭС
Россети Центр
Россети Центр и Приволжье (ГК)
Россети Юг (ГК)
Россети Янтарь
Россети Центр и Приволжье (ГК): 131 216 535,98'

29-01-2025T06:38:28 - [TEST_STEP][PASSED] - a2 = indexOf("АО «Тываэнерго»")).replaceAll("[а-яА-Я]", ""): null

29-01-2025T06:38:28 - [TEST_STEP][PASSED] - n = n + 29: null

29-01-2025T06:38:28 - [TEST_STEP][PASSED] - b = n - run + 1: null

29-01-2025T06:38:28 - [TEST_STEP][PASSED] - verifyEqual(findTestData("PlanFact").getValue(2, b), a1): Actual object '1 948 1 948
4 573 4 573
80 156 80 156
74 811 74 811
102 692 102 692
211 239 211 239
32 059 32 059
54 528 54 528
71 092 71 092
9 660 9 660
84 600 84 600
106 135 106 135
309 604 309 604
117 755 117 755
126 057 126 057
52 535 52 535
9 778 9 778
2 381 2 381
4 719 4 719
80 331 80 331
80 126 80 126
108 460 108 460
220 183 220 183
33 010 33 010
55 224 55 224
73 716 73 716
9 858 9 858
77 271 77 271
108 049 108 049
286 458 286 458
121 447 121 447
131 217 131 217
53 742 53 742
10 167 10 167
План
Факт
АО «Тываэнерго»
АО «Чеченэнерго»
Россети Волга
Россети Кубань
Россети Ленэнерго (ГК)
Россети Московский регион
Россети Северный Кавказ (ГК)
Россети Северо-Запад
Россети Сибирь (ГК)
Россети Томск
Россети Тюмень
Россети Урал (ГК)
Россети ФСК ЕЭС
Россети Центр
Россети Центр и Приволжье (ГК)
Россети Юг (ГК)
Россети Янтарь
0 млн. руб.
50 000 млн. руб.
100 000 млн. руб.
150 000 млн. руб.
200 000 млн. руб.
250 000 млн. руб.
300 000 млн. руб.
350 000 млн. руб.' and expected object '1 948 1 948
4 573 4 573
80 156 80 156
74 811 74 811
102 692 102 692
211 239 211 239
32 059 32 059
54 528 54 528
71 092 71 092
9 660 9 660
84 600 84 600
106 135 106 135
309 604 309 604
117 755 117 755
126 057 126 057
52 535 52 535
9 778 9 778
2 381 2 381
4 719 4 719
80 331 80 331
80 126 80 126
108 460 108 460
220 183 220 183
33 010 33 010
55 224 55 224
73 716 73 716
9 858 9 858
77 271 77 271
108 049 108 049
286 458 286 458
121 447 121 447
131 217 131 217
53 742 53 742
10 167 10 167
План
Факт
АО «Тываэнерго»
АО «Чеченэнерго»
Россети Волга
Россети Кубань
Россети Ленэнерго (ГК)
Россети Московский регион
Россети Северный Кавказ (ГК)
Россети Северо-Запад
Россети Сибирь (ГК)
Россети Томск
Россети Тюмень
Россети Урал (ГК)
Россети ФСК ЕЭС
Россети Центр
Россети Центр и Приволжье (ГК)
Россети Юг (ГК)
Россети Янтарь
0 млн. руб.
50 000 млн. руб.
100 000 млн. руб.
150 000 млн. руб.
200 000 млн. руб.
250 000 млн. руб.
300 000 млн. руб.
350 000 млн. руб.' are equal

29-01-2025T06:38:28 - [MESSAGE][PASSED] - Actual object '1 948 1 948
4 573 4 573
80 156 80 156
74 811 74 811
102 692 102 692
211 239 211 239
32 059 32 059
54 528 54 528
71 092 71 092
9 660 9 660
84 600 84 600
106 135 106 135
309 604 309 604
117 755 117 755
126 057 126 057
52 535 52 535
9 778 9 778
2 381 2 381
4 719 4 719
80 331 80 331
80 126 80 126
108 460 108 460
220 183 220 183
33 010 33 010
55 224 55 224
73 716 73 716
9 858 9 858
77 271 77 271
108 049 108 049
286 458 286 458
121 447 121 447
131 217 131 217
53 742 53 742
10 167 10 167
План
Факт
АО «Тываэнерго»
АО «Чеченэнерго»
Россети Волга
Россети Кубань
Россети Ленэнерго (ГК)
Россети Московский регион
Россети Северный Кавказ (ГК)
Россети Северо-Запад
Россети Сибирь (ГК)
Россети Томск
Россети Тюмень
Россети Урал (ГК)
Россети ФСК ЕЭС
Россети Центр
Россети Центр и Приволжье (ГК)
Россети Юг (ГК)
Россети Янтарь
0 млн. руб.
50 000 млн. руб.
100 000 млн. руб.
150 000 млн. руб.
200 000 млн. руб.
250 000 млн. руб.
300 000 млн. руб.
350 000 млн. руб.' and expected object '1 948 1 948
4 573 4 573
80 156 80 156
74 811 74 811
102 692 102 692
211 239 211 239
32 059 32 059
54 528 54 528
71 092 71 092
9 660 9 660
84 600 84 600
106 135 106 135
309 604 309 604
117 755 117 755
126 057 126 057
52 535 52 535
9 778 9 778
2 381 2 381
4 719 4 719
80 331 80 331
80 126 80 126
108 460 108 460
220 183 220 183
33 010 33 010
55 224 55 224
73 716 73 716
9 858 9 858
77 271 77 271
108 049 108 049
286 458 286 458
121 447 121 447
131 217 131 217
53 742 53 742
10 167 10 167
План
Факт
АО «Тываэнерго»
АО «Чеченэнерго»
Россети Волга
Россети Кубань
Россети Ленэнерго (ГК)
Россети Московский регион
Россети Северный Кавказ (ГК)
Россети Северо-Запад
Россети Сибирь (ГК)
Россети Томск
Россети Тюмень
Россети Урал (ГК)
Россети ФСК ЕЭС
Россети Центр
Россети Центр и Приволжье (ГК)
Россети Юг (ГК)
Россети Янтарь
0 млн. руб.
50 000 млн. руб.
100 000 млн. руб.
150 000 млн. руб.
200 000 млн. руб.
250 000 млн. руб.
300 000 млн. руб.
350 000 млн. руб.' are equal

29-01-2025T06:38:28 - [TEST_STEP][PASSED] - verifyEqual(findTestData("PlanFact").getValue(3, b), a2): Actual object '0,16%0,16%
0,32%0,32%
5,52%5,52%
5,5%5,5%
7,45%7,45%
15,12%15,12%
2,27%2,27%
3,79%3,79%
5,06%5,06%
0,68%0,68%
5,31%5,31%
7,42%7,42%
19,67%19,67%
8,34%8,34%
9,01%9,01%
3,69%3,69%
0,7%0,7%
' and expected object '0,16%0,16%
0,32%0,32%
5,52%5,52%
5,5%5,5%
7,45%7,45%
15,12%15,12%
2,27%2,27%
3,79%3,79%
5,06%5,06%
0,68%0,68%
5,31%5,31%
7,42%7,42%
19,67%19,67%
8,34%8,34%
9,01%9,01%
3,69%3,69%
0,7%0,7%
' are equal

29-01-2025T06:38:28 - [MESSAGE][PASSED] - Actual object '0,16%0,16%
0,32%0,32%
5,52%5,52%
5,5%5,5%
7,45%7,45%
15,12%15,12%
2,27%2,27%
3,79%3,79%
5,06%5,06%
0,68%0,68%
5,31%5,31%
7,42%7,42%
19,67%19,67%
8,34%8,34%
9,01%9,01%
3,69%3,69%
0,7%0,7%
' and expected object '0,16%0,16%
0,32%0,32%
5,52%5,52%
5,5%5,5%
7,45%7,45%
15,12%15,12%
2,27%2,27%
3,79%3,79%
5,06%5,06%
0,68%0,68%
5,31%5,31%
7,42%7,42%
19,67%19,67%
8,34%8,34%
9,01%9,01%
3,69%3,69%
0,7%0,7%
' are equal

29-01-2025T06:38:28 - [TEST_STEP][PASSED] - Script1686231490255.WriteToExcel(user, dashboardName, n, data, run, a1, a2, a3, a4, a5, a6, a7, a8, a9): null

29-01-2025T06:38:28 - [TEST_STEP][PASSED] - sheetName = "Sheet1": null

29-01-2025T06:38:28 - [TEST_STEP][PASSED] - workbook01 = getWorkbook(excelFilePath): null

29-01-2025T06:38:28 - [TEST_STEP][PASSED] - sheet01 = getExcelSheet(workbook01, sheetName): null

29-01-2025T06:38:28 - [TEST_STEP][PASSED] - setValueToCellByIndex(sheet01, n, 0, dashboardName): null

29-01-2025T06:38:28 - [TEST_STEP][PASSED] - setValueToCellByIndex(sheet01, n, 10, user): null

29-01-2025T06:38:28 - [TEST_STEP][PASSED] - setValueToCellByIndex(sheet01, n, 1, a1): null

29-01-2025T06:38:28 - [TEST_STEP][PASSED] - setValueToCellByIndex(sheet01, n, 2, a2): null

29-01-2025T06:38:28 - [TEST_STEP][PASSED] - setValueToCellByIndex(sheet01, n, 3, a3): null

29-01-2025T06:38:28 - [TEST_STEP][PASSED] - setValueToCellByIndex(sheet01, n, 4, a4): null

29-01-2025T06:38:28 - [TEST_STEP][PASSED] - setValueToCellByIndex(sheet01, n, 5, a5): null

29-01-2025T06:38:28 - [TEST_STEP][PASSED] - setValueToCellByIndex(sheet01, n, 6, a6): null

29-01-2025T06:38:28 - [TEST_STEP][PASSED] - setValueToCellByIndex(sheet01, n, 7, a7): null

29-01-2025T06:38:28 - [TEST_STEP][PASSED] - setValueToCellByIndex(sheet01, n, 8, a8): null

29-01-2025T06:38:28 - [TEST_STEP][PASSED] - setValueToCellByIndex(sheet01, n, 9, a9): null

29-01-2025T06:38:28 - [TEST_STEP][PASSED] - n = n + 1: null

29-01-2025T06:38:28 - [TEST_STEP][PASSED] - saveWorkbook(excelFilePath, workbook01): null

29-01-2025T06:38:29 - [TEST_STEP][PASSED] - closeBrowser(): Browser is closed

29-01-2025T06:38:29 - [MESSAGE][PASSED] - Browser is closed

29-01-2025T06:38:29 - [TEST_STEP][PASSED] - delay(70): Delayed 70 second(s)

29-01-2025T06:39:39 - [MESSAGE][PASSED] - Delayed 70 second(s)

29-01-2025T06:39:39 - [TEST_STEP][PASSED] - for ([run = 1, run < 4, (run++)]): null

29-01-2025T06:39:39 - [TEST_STEP][PASSED] - PrognozPoDZO(user, dashboardName, n, data, run, a1, a2, a3, a4, a5, a6, a7, a8, a9, urlData): null

29-01-2025T06:39:39 - [TEST_STEP][PASSED] - n = data.getRowNumbers() + 1: null

29-01-2025T06:39:39 - [TEST_STEP][PASSED] - println(n): null

29-01-2025T06:39:39 - [TEST_STEP][PASSED] - dashboardName = "Прогноз по ДЗО": null

29-01-2025T06:39:39 - [TEST_STEP][PASSED] - openBrowser(""): Browser is opened with url: ''

29-01-2025T06:39:39 - [MESSAGE][INFO] - Starting 'Chrome' driver

29-01-2025T06:39:39 - [MESSAGE][INFO] - Action delay is set to 0 milliseconds

29-01-2025T06:39:40 - [MESSAGE][PASSED] - Browser is opened with url: ''

29-01-2025T06:39:40 - [TEST_STEP][PASSED] - urlData = 19: null

29-01-2025T06:39:40 - [TEST_STEP][PASSED] - Script1686231490255.CheckPageDownload(urlData, run): null

29-01-2025T06:39:40 - [TEST_STEP][PASSED] - i = 1: null

29-01-2025T06:39:40 - [TEST_STEP][PASSED] - ii = 0: null

29-01-2025T06:39:40 - [TEST_STEP][PASSED] - urlText = <not implemented yet for class: org.codehaus.groovy.ast.expr.EmptyExpression>: null

29-01-2025T06:39:40 - [TEST_STEP][PASSED] - searchWord = <not implemented yet for class: org.codehaus.groovy.ast.expr.EmptyExpression>: null

29-01-2025T06:39:40 - [TEST_STEP][PASSED] - deleteAllCookies(): Delete all cookies successfully

29-01-2025T06:39:40 - [MESSAGE][PASSED] - Delete all cookies successfully

29-01-2025T06:39:40 - [TEST_STEP][PASSED] - refresh(): Refresh successfully

29-01-2025T06:39:40 - [MESSAGE][PASSED] - Refresh successfully

29-01-2025T06:39:40 - [TEST_STEP][PASSED] - delay(70): Delayed 70 second(s)

29-01-2025T06:40:50 - [MESSAGE][PASSED] - Delayed 70 second(s)

29-01-2025T06:40:50 - [TEST_STEP][PASSED] - navigateToUrl(findTestData("PlanFact").getValue(10, urlData)): Navigate to 'https://bi.rosseti.digital/viewer?dashboardGuid=d6acb5b1a7114a9791b34de39263106e&sheetGuid=752a4d1009e74632abe0071aea7fa3c6&fit=true' successfully

29-01-2025T06:40:58 - [MESSAGE][PASSED] - Navigate to 'https://bi.rosseti.digital/viewer?dashboardGuid=d6acb5b1a7114a9791b34de39263106e&sheetGuid=752a4d1009e74632abe0071aea7fa3c6&fit=true' successfully

29-01-2025T06:40:58 - [TEST_STEP][PASSED] - pageLoaded1 = verifyElementPresent(findTestObject("Страница авторизации/Text"), 30): Object 'Object Repository/Страница авторизации/Text' is present

29-01-2025T06:40:59 - [MESSAGE][PASSED] - Object 'Object Repository/Страница авторизации/Text' is present

29-01-2025T06:40:59 - [TEST_STEP][PASSED] - if (pageLoaded1 == false): null

29-01-2025T06:40:59 - [TEST_STEP][PASSED] - urlText = getText(findTestObject("Страница авторизации/Text")): Text of object 'Object Repository/Страница авторизации/Text' is: 'Вход'

29-01-2025T06:41:00 - [MESSAGE][PASSED] - Text of object 'Object Repository/Страница авторизации/Text' is: 'Вход'

29-01-2025T06:41:00 - [TEST_STEP][PASSED] - delay(70): Delayed 70 second(s)

29-01-2025T06:42:10 - [MESSAGE][PASSED] - Delayed 70 second(s)

29-01-2025T06:42:10 - [TEST_STEP][PASSED] - searchWord = "Вход": null

29-01-2025T06:42:10 - [TEST_STEP][PASSED] - if (urlText.contains(searchWord) == false): null

29-01-2025T06:42:10 - [TEST_STEP][PASSED] - setText(findTestObject("Страница авторизации/input__username"), findTestData("PlanFact").getValue(8, run)): Text 'liazgina-di' is set on object 'Object Repository/Страница авторизации/input__username'

29-01-2025T06:42:10 - [MESSAGE][PASSED] - Text 'liazgina-di' is set on object 'Object Repository/Страница авторизации/input__username'

29-01-2025T06:42:10 - [TEST_STEP][PASSED] - setText(findTestObject("Страница авторизации/input__password"), findTestData("PlanFact").getValue(9, run)): Text ')$%5srZ8o688Dm#q' is set on object 'Object Repository/Страница авторизации/input__password'

29-01-2025T06:42:11 - [MESSAGE][PASSED] - Text ')$%5srZ8o688Dm#q' is set on object 'Object Repository/Страница авторизации/input__password'

29-01-2025T06:42:11 - [TEST_STEP][PASSED] - click(findTestObject("Страница авторизации/button_")): Object: 'Object Repository/Страница авторизации/button_' is clicked on

29-01-2025T06:42:12 - [MESSAGE][PASSED] - Object: 'Object Repository/Страница авторизации/button_' is clicked on

29-01-2025T06:42:12 - [TEST_STEP][PASSED] - delay(70): Delayed 70 second(s)

29-01-2025T06:43:22 - [MESSAGE][PASSED] - Delayed 70 second(s)

29-01-2025T06:43:22 - [TEST_STEP][PASSED] - searchWord = "а": null

29-01-2025T06:43:22 - [TEST_STEP][PASSED] - pageLoaded2 = verifyElementPresent(findTestObject("Страница авторизации/Text"), 50): Object 'Object Repository/Страница авторизации/Text' is present

29-01-2025T06:43:23 - [MESSAGE][PASSED] - Object 'Object Repository/Страница авторизации/Text' is present

29-01-2025T06:43:23 - [TEST_STEP][PASSED] - if (pageLoaded2 == false): null

29-01-2025T06:43:23 - [TEST_STEP][PASSED] - urlText = getText(findTestObject("Страница авторизации/Text")): Text of object 'Object Repository/Страница авторизации/Text' is: 'Сравнение с 
План
абс.
%
Отклонения по ПАО Россети на 2024 год
⬤ Отклонение, %
Выручка отклонения по ПАО Россети на 2024 год
⬤ Отклонение, %
Год 
2024 год
Динамика электропотребления, млрд. кВт.ч.
У виджета нет данных
Выручка, млрд. руб.
У виджета нет данных
Прогноз на месяц 
Ноябрь
КПО/Отпуск из сети 
Отпуск из сети, млн. кВт.ч
Организация 
Все

Прогноз электропотребления и выручки за услуги по передаче в разрезе ДЗО'

29-01-2025T06:43:23 - [MESSAGE][PASSED] - Text of object 'Object Repository/Страница авторизации/Text' is: 'Сравнение с 
План
абс.
%
Отклонения по ПАО Россети на 2024 год
⬤ Отклонение, %
Выручка отклонения по ПАО Россети на 2024 год
⬤ Отклонение, %
Год 
2024 год
Динамика электропотребления, млрд. кВт.ч.
У виджета нет данных
Выручка, млрд. руб.
У виджета нет данных
Прогноз на месяц 
Ноябрь
КПО/Отпуск из сети 
Отпуск из сети, млн. кВт.ч
Организация 
Все

Прогноз электропотребления и выручки за услуги по передаче в разрезе ДЗО'

29-01-2025T06:43:23 - [TEST_STEP][PASSED] - if (urlText.contains("ошибка") || urlText.contains(searchWord) == false): null

29-01-2025T06:43:23 - [TEST_STEP][PASSED] - a3 = "": null

29-01-2025T06:43:23 - [TEST_STEP][PASSED] - a4 = "": null

29-01-2025T06:43:23 - [TEST_STEP][PASSED] - a5 = "": null

29-01-2025T06:43:23 - [TEST_STEP][PASSED] - a6 = "": null

29-01-2025T06:43:23 - [TEST_STEP][PASSED] - a7 = "": null

29-01-2025T06:43:23 - [TEST_STEP][PASSED] - a8 = "": null

29-01-2025T06:43:23 - [TEST_STEP][PASSED] - a9 = "": null

29-01-2025T06:43:23 - [TEST_STEP][PASSED] - if (run == 1): null

29-01-2025T06:43:23 - [TEST_STEP][PASSED] - user = "админ": null

29-01-2025T06:43:23 - [TEST_STEP][PASSED] - a1 = getText(findTestObject("Прогноз по ДЗО/График1")): Text of object 'Object Repository/Прогноз по ДЗО/График1' is: 'Динамика электропотребления, млрд. кВт.ч.
У виджета нет данных'

29-01-2025T06:43:23 - [MESSAGE][PASSED] - Text of object 'Object Repository/Прогноз по ДЗО/График1' is: 'Динамика электропотребления, млрд. кВт.ч.
У виджета нет данных'

29-01-2025T06:43:23 - [TEST_STEP][PASSED] - i = a1.indexOf("по ПАО Россети на 2023 год"): null

29-01-2025T06:43:23 - [TEST_STEP][PASSED] - if (i > -1): null

29-01-2025T06:43:23 - [TEST_STEP][PASSED] - i = a1.indexOf("Динамика электропотребления, млн. кВт.ч."): null

29-01-2025T06:43:23 - [TEST_STEP][PASSED] - if (i > -1): null

29-01-2025T06:43:23 - [TEST_STEP][PASSED] - a1 = a1.trim(): null

29-01-2025T06:43:23 - [TEST_STEP][PASSED] - a2 = getText(findTestObject("Прогноз по ДЗО/График2")): Text of object 'Object Repository/Прогноз по ДЗО/График2' is: 'Выручка, млрд. руб.
У виджета нет данных'

29-01-2025T06:43:24 - [MESSAGE][PASSED] - Text of object 'Object Repository/Прогноз по ДЗО/График2' is: 'Выручка, млрд. руб.
У виджета нет данных'

29-01-2025T06:43:24 - [TEST_STEP][PASSED] - a3 = getText(findTestObject("Прогноз по ДЗО/График3")): Text of object 'Object Repository/Прогноз по ДЗО/График3' is: 'Отклонения по ПАО Россети на 2024 год
⬤ Отклонение, %'

29-01-2025T06:43:24 - [MESSAGE][PASSED] - Text of object 'Object Repository/Прогноз по ДЗО/График3' is: 'Отклонения по ПАО Россети на 2024 год
⬤ Отклонение, %'

29-01-2025T06:43:24 - [TEST_STEP][PASSED] - a4 = getText(findTestObject("Прогноз по ДЗО/График4")): Text of object 'Object Repository/Прогноз по ДЗО/График4' is: 'Выручка отклонения по ПАО Россети на 2024 год
⬤ Отклонение, %'

29-01-2025T06:43:24 - [MESSAGE][PASSED] - Text of object 'Object Repository/Прогноз по ДЗО/График4' is: 'Выручка отклонения по ПАО Россети на 2024 год
⬤ Отклонение, %'

29-01-2025T06:43:24 - [TEST_STEP][PASSED] - click(findTestObject("Прогноз по ДЗО/Переключить отображение с процентов на абс Блок руководителя")): Object: 'Object Repository/Прогноз по ДЗО/Переключить отображение с процентов на абс Блок руководителя' is clicked on

29-01-2025T06:43:25 - [MESSAGE][PASSED] - Object: 'Object Repository/Прогноз по ДЗО/Переключить отображение с процентов на абс Блок руководителя' is clicked on

29-01-2025T06:43:25 - [TEST_STEP][PASSED] - a5 = getText(findTestObject("Прогноз по ДЗО/График5")): Text of object 'Object Repository/Прогноз по ДЗО/График5' is: 'Отклонения по ПАО Россети на 2024 год
⬤ Отклонение, млн. кВт.ч'

29-01-2025T06:43:25 - [MESSAGE][PASSED] - Text of object 'Object Repository/Прогноз по ДЗО/График5' is: 'Отклонения по ПАО Россети на 2024 год
⬤ Отклонение, млн. кВт.ч'

29-01-2025T06:43:25 - [TEST_STEP][PASSED] - a6 = getText(findTestObject("Прогноз по ДЗО/График6")): Text of object 'Object Repository/Прогноз по ДЗО/График6' is: 'Выручка отклонения по ПАО Россети на 2024 год
⬤ Отклонение, млн. руб'

29-01-2025T06:43:25 - [MESSAGE][PASSED] - Text of object 'Object Repository/Прогноз по ДЗО/График6' is: 'Выручка отклонения по ПАО Россети на 2024 год
⬤ Отклонение, млн. руб'

29-01-2025T06:43:25 - [TEST_STEP][PASSED] - click(findTestObject("Прогноз по ДЗО/Переключить отображение с абс на проценты")): Object: 'Object Repository/Прогноз по ДЗО/Переключить отображение с абс на проценты' is clicked on

29-01-2025T06:43:26 - [MESSAGE][PASSED] - Object: 'Object Repository/Прогноз по ДЗО/Переключить отображение с абс на проценты' is clicked on

29-01-2025T06:43:26 - [TEST_STEP][PASSED] - n = n + 30: null

29-01-2025T06:43:26 - [TEST_STEP][PASSED] - Script1686231490255.WriteToExcel(user, dashboardName, n, data, run, a1, a2, a3, a4, a5, a6, a7, a8, a9): null

29-01-2025T06:43:26 - [TEST_STEP][PASSED] - sheetName = "Sheet1": null

29-01-2025T06:43:26 - [TEST_STEP][PASSED] - workbook01 = getWorkbook(excelFilePath): null

29-01-2025T06:43:26 - [TEST_STEP][PASSED] - sheet01 = getExcelSheet(workbook01, sheetName): null

29-01-2025T06:43:26 - [TEST_STEP][PASSED] - setValueToCellByIndex(sheet01, n, 0, dashboardName): null

29-01-2025T06:43:26 - [TEST_STEP][PASSED] - setValueToCellByIndex(sheet01, n, 10, user): null

29-01-2025T06:43:26 - [TEST_STEP][PASSED] - setValueToCellByIndex(sheet01, n, 1, a1): null

29-01-2025T06:43:26 - [TEST_STEP][PASSED] - setValueToCellByIndex(sheet01, n, 2, a2): null

29-01-2025T06:43:26 - [TEST_STEP][PASSED] - setValueToCellByIndex(sheet01, n, 3, a3): null

29-01-2025T06:43:26 - [TEST_STEP][PASSED] - setValueToCellByIndex(sheet01, n, 4, a4): null

29-01-2025T06:43:26 - [TEST_STEP][PASSED] - setValueToCellByIndex(sheet01, n, 5, a5): null

29-01-2025T06:43:26 - [TEST_STEP][PASSED] - setValueToCellByIndex(sheet01, n, 6, a6): null

29-01-2025T06:43:26 - [TEST_STEP][PASSED] - setValueToCellByIndex(sheet01, n, 7, a7): null

29-01-2025T06:43:26 - [TEST_STEP][PASSED] - setValueToCellByIndex(sheet01, n, 8, a8): null

29-01-2025T06:43:26 - [TEST_STEP][PASSED] - setValueToCellByIndex(sheet01, n, 9, a9): null

29-01-2025T06:43:26 - [TEST_STEP][PASSED] - n = n + 1: null

29-01-2025T06:43:26 - [TEST_STEP][PASSED] - saveWorkbook(excelFilePath, workbook01): null

29-01-2025T06:43:26 - [TEST_STEP][PASSED] - if (run == 2): null

29-01-2025T06:43:26 - [TEST_STEP][PASSED] - if (run == 3): null

29-01-2025T06:43:26 - [TEST_STEP][PASSED] - closeBrowser(): null

29-01-2025T06:43:26 - [MESSAGE][PASSED] - Browser is closed

29-01-2025T06:43:26 - [TEST_STEP][PASSED] - PrognozPoDZO(user, dashboardName, n, data, run, a1, a2, a3, a4, a5, a6, a7, a8, a9, urlData): null

29-01-2025T06:43:26 - [TEST_STEP][PASSED] - n = data.getRowNumbers() + 1: null

29-01-2025T06:43:26 - [TEST_STEP][PASSED] - println(n): null

29-01-2025T06:43:26 - [TEST_STEP][PASSED] - dashboardName = "Прогноз по ДЗО": null

29-01-2025T06:43:26 - [TEST_STEP][PASSED] - openBrowser(""): Browser is opened with url: ''

29-01-2025T06:43:26 - [MESSAGE][INFO] - Starting 'Chrome' driver

29-01-2025T06:43:26 - [MESSAGE][INFO] - Action delay is set to 0 milliseconds

29-01-2025T06:43:27 - [MESSAGE][PASSED] - Browser is opened with url: ''

29-01-2025T06:43:27 - [TEST_STEP][PASSED] - urlData = 19: null

29-01-2025T06:43:27 - [TEST_STEP][PASSED] - Script1686231490255.CheckPageDownload(urlData, run): null

29-01-2025T06:43:27 - [TEST_STEP][PASSED] - i = 1: null

29-01-2025T06:43:27 - [TEST_STEP][PASSED] - ii = 0: null

29-01-2025T06:43:27 - [TEST_STEP][PASSED] - urlText = <not implemented yet for class: org.codehaus.groovy.ast.expr.EmptyExpression>: null

29-01-2025T06:43:27 - [TEST_STEP][PASSED] - searchWord = <not implemented yet for class: org.codehaus.groovy.ast.expr.EmptyExpression>: null

29-01-2025T06:43:27 - [TEST_STEP][PASSED] - deleteAllCookies(): Delete all cookies successfully

29-01-2025T06:43:27 - [MESSAGE][PASSED] - Delete all cookies successfully

29-01-2025T06:43:27 - [TEST_STEP][PASSED] - refresh(): Refresh successfully

29-01-2025T06:43:27 - [MESSAGE][PASSED] - Refresh successfully

29-01-2025T06:43:27 - [TEST_STEP][PASSED] - delay(70): Delayed 70 second(s)

29-01-2025T06:44:37 - [MESSAGE][PASSED] - Delayed 70 second(s)

29-01-2025T06:44:37 - [TEST_STEP][PASSED] - navigateToUrl(findTestData("PlanFact").getValue(10, urlData)): Navigate to 'https://bi.rosseti.digital/viewer?dashboardGuid=d6acb5b1a7114a9791b34de39263106e&sheetGuid=752a4d1009e74632abe0071aea7fa3c6&fit=true' successfully

29-01-2025T06:44:45 - [MESSAGE][PASSED] - Navigate to 'https://bi.rosseti.digital/viewer?dashboardGuid=d6acb5b1a7114a9791b34de39263106e&sheetGuid=752a4d1009e74632abe0071aea7fa3c6&fit=true' successfully

29-01-2025T06:44:45 - [TEST_STEP][PASSED] - pageLoaded1 = verifyElementPresent(findTestObject("Страница авторизации/Text"), 30): Object 'Object Repository/Страница авторизации/Text' is present

29-01-2025T06:44:46 - [MESSAGE][PASSED] - Object 'Object Repository/Страница авторизации/Text' is present

29-01-2025T06:44:46 - [TEST_STEP][PASSED] - if (pageLoaded1 == false): null

29-01-2025T06:44:46 - [TEST_STEP][PASSED] - urlText = getText(findTestObject("Страница авторизации/Text")): Text of object 'Object Repository/Страница авторизации/Text' is: 'Вход'

29-01-2025T06:44:46 - [MESSAGE][PASSED] - Text of object 'Object Repository/Страница авторизации/Text' is: 'Вход'

29-01-2025T06:44:46 - [TEST_STEP][PASSED] - delay(70): Delayed 70 second(s)

29-01-2025T06:45:56 - [MESSAGE][PASSED] - Delayed 70 second(s)

29-01-2025T06:45:56 - [TEST_STEP][PASSED] - searchWord = "Вход": null

29-01-2025T06:45:56 - [TEST_STEP][PASSED] - if (urlText.contains(searchWord) == false): null

29-01-2025T06:45:56 - [TEST_STEP][PASSED] - setText(findTestObject("Страница авторизации/input__username"), findTestData("PlanFact").getValue(8, run)): Text 'Andreeva-EV' is set on object 'Object Repository/Страница авторизации/input__username'

29-01-2025T06:45:57 - [MESSAGE][PASSED] - Text 'Andreeva-EV' is set on object 'Object Repository/Страница авторизации/input__username'

29-01-2025T06:45:57 - [TEST_STEP][PASSED] - setText(findTestObject("Страница авторизации/input__password"), findTestData("PlanFact").getValue(9, run)): Text '2nPePKDwCPH3ul7xMZ' is set on object 'Object Repository/Страница авторизации/input__password'

29-01-2025T06:45:58 - [MESSAGE][PASSED] - Text '2nPePKDwCPH3ul7xMZ' is set on object 'Object Repository/Страница авторизации/input__password'

29-01-2025T06:45:58 - [TEST_STEP][PASSED] - click(findTestObject("Страница авторизации/button_")): Object: 'Object Repository/Страница авторизации/button_' is clicked on

29-01-2025T06:45:59 - [MESSAGE][PASSED] - Object: 'Object Repository/Страница авторизации/button_' is clicked on

29-01-2025T06:45:59 - [TEST_STEP][PASSED] - delay(70): Delayed 70 second(s)

29-01-2025T06:47:09 - [MESSAGE][PASSED] - Delayed 70 second(s)

29-01-2025T06:47:09 - [TEST_STEP][PASSED] - searchWord = "а": null

29-01-2025T06:47:09 - [TEST_STEP][PASSED] - pageLoaded2 = verifyElementPresent(findTestObject("Страница авторизации/Text"), 50): Object 'Object Repository/Страница авторизации/Text' is present

29-01-2025T06:47:09 - [MESSAGE][PASSED] - Object 'Object Repository/Страница авторизации/Text' is present

29-01-2025T06:47:09 - [TEST_STEP][PASSED] - if (pageLoaded2 == false): null

29-01-2025T06:47:09 - [TEST_STEP][PASSED] - urlText = getText(findTestObject("Страница авторизации/Text")): Text of object 'Object Repository/Страница авторизации/Text' is: 'Сравнение с 
План
абс.
%
Отклонения по ПАО Россети на 2024 год
⬤ Отклонение, %
Выручка отклонения по ПАО Россети на 2024 год
⬤ Отклонение, %
Год 
2024 год
Динамика электропотребления, млрд. кВт.ч.
У виджета нет данных
Выручка, млрд. руб.
У виджета нет данных
Прогноз на месяц 
Ноябрь
КПО/Отпуск из сети 
Отпуск из сети, млн. кВт.ч
Организация 
Все

Прогноз электропотребления и выручки за услуги по передаче в разрезе ДЗО'

29-01-2025T06:47:09 - [MESSAGE][PASSED] - Text of object 'Object Repository/Страница авторизации/Text' is: 'Сравнение с 
План
абс.
%
Отклонения по ПАО Россети на 2024 год
⬤ Отклонение, %
Выручка отклонения по ПАО Россети на 2024 год
⬤ Отклонение, %
Год 
2024 год
Динамика электропотребления, млрд. кВт.ч.
У виджета нет данных
Выручка, млрд. руб.
У виджета нет данных
Прогноз на месяц 
Ноябрь
КПО/Отпуск из сети 
Отпуск из сети, млн. кВт.ч
Организация 
Все

Прогноз электропотребления и выручки за услуги по передаче в разрезе ДЗО'

29-01-2025T06:47:09 - [TEST_STEP][PASSED] - if (urlText.contains("ошибка") || urlText.contains(searchWord) == false): null

29-01-2025T06:47:09 - [TEST_STEP][PASSED] - a3 = "": null

29-01-2025T06:47:09 - [TEST_STEP][PASSED] - a4 = "": null

29-01-2025T06:47:09 - [TEST_STEP][PASSED] - a5 = "": null

29-01-2025T06:47:09 - [TEST_STEP][PASSED] - a6 = "": null

29-01-2025T06:47:09 - [TEST_STEP][PASSED] - a7 = "": null

29-01-2025T06:47:09 - [TEST_STEP][PASSED] - a8 = "": null

29-01-2025T06:47:09 - [TEST_STEP][PASSED] - a9 = "": null

29-01-2025T06:47:09 - [TEST_STEP][PASSED] - if (run == 1): null

29-01-2025T06:47:09 - [TEST_STEP][PASSED] - if (run == 2): null

29-01-2025T06:47:09 - [TEST_STEP][PASSED] - user = "Андреева": null

29-01-2025T06:47:09 - [TEST_STEP][PASSED] - a1 = getText(findTestObject("Прогноз по ДЗО/График1")): Text of object 'Object Repository/Прогноз по ДЗО/График1' is: 'Динамика электропотребления, млрд. кВт.ч.
У виджета нет данных'

29-01-2025T06:47:10 - [MESSAGE][PASSED] - Text of object 'Object Repository/Прогноз по ДЗО/График1' is: 'Динамика электропотребления, млрд. кВт.ч.
У виджета нет данных'

29-01-2025T06:47:10 - [TEST_STEP][PASSED] - i = a1.indexOf("по ПАО Россети на 2023 год"): null

29-01-2025T06:47:10 - [TEST_STEP][PASSED] - if (i > -1): null

29-01-2025T06:47:10 - [TEST_STEP][PASSED] - i = a1.indexOf("Динамика электропотребления, млн. кВт.ч."): null

29-01-2025T06:47:10 - [TEST_STEP][PASSED] - if (i > -1): null

29-01-2025T06:47:10 - [TEST_STEP][PASSED] - a1 = a1.trim(): null

29-01-2025T06:47:10 - [TEST_STEP][PASSED] - a2 = getText(findTestObject("Прогноз по ДЗО/График2")): Text of object 'Object Repository/Прогноз по ДЗО/График2' is: 'Выручка, млрд. руб.
У виджета нет данных'

29-01-2025T06:47:10 - [MESSAGE][PASSED] - Text of object 'Object Repository/Прогноз по ДЗО/График2' is: 'Выручка, млрд. руб.
У виджета нет данных'

29-01-2025T06:47:10 - [TEST_STEP][PASSED] - a3 = getText(findTestObject("Прогноз по ДЗО/График3")): Text of object 'Object Repository/Прогноз по ДЗО/График3' is: 'Отклонения по ПАО Россети на 2024 год
⬤ Отклонение, %'

29-01-2025T06:47:10 - [MESSAGE][PASSED] - Text of object 'Object Repository/Прогноз по ДЗО/График3' is: 'Отклонения по ПАО Россети на 2024 год
⬤ Отклонение, %'

29-01-2025T06:47:10 - [TEST_STEP][PASSED] - a4 = getText(findTestObject("Прогноз по ДЗО/График4")): Text of object 'Object Repository/Прогноз по ДЗО/График4' is: 'Выручка отклонения по ПАО Россети на 2024 год
⬤ Отклонение, %'

29-01-2025T06:47:11 - [MESSAGE][PASSED] - Text of object 'Object Repository/Прогноз по ДЗО/График4' is: 'Выручка отклонения по ПАО Россети на 2024 год
⬤ Отклонение, %'

29-01-2025T06:47:11 - [TEST_STEP][PASSED] - click(findTestObject("Прогноз по ДЗО/Переключить отображение с процентов на абс Блок руководителя")): Object: 'Object Repository/Прогноз по ДЗО/Переключить отображение с процентов на абс Блок руководителя' is clicked on

29-01-2025T06:47:11 - [MESSAGE][PASSED] - Object: 'Object Repository/Прогноз по ДЗО/Переключить отображение с процентов на абс Блок руководителя' is clicked on

29-01-2025T06:47:11 - [TEST_STEP][PASSED] - a5 = getText(findTestObject("Прогноз по ДЗО/График5")): Text of object 'Object Repository/Прогноз по ДЗО/График5' is: 'Отклонения по ПАО Россети на 2024 год
⬤ Отклонение, млн. кВт.ч'

29-01-2025T06:47:11 - [MESSAGE][PASSED] - Text of object 'Object Repository/Прогноз по ДЗО/График5' is: 'Отклонения по ПАО Россети на 2024 год
⬤ Отклонение, млн. кВт.ч'

29-01-2025T06:47:11 - [TEST_STEP][PASSED] - a6 = getText(findTestObject("Прогноз по ДЗО/График6")): Text of object 'Object Repository/Прогноз по ДЗО/График6' is: 'Выручка отклонения по ПАО Россети на 2024 год
⬤ Отклонение, млн. руб'

29-01-2025T06:47:11 - [MESSAGE][PASSED] - Text of object 'Object Repository/Прогноз по ДЗО/График6' is: 'Выручка отклонения по ПАО Россети на 2024 год
⬤ Отклонение, млн. руб'

29-01-2025T06:47:11 - [TEST_STEP][PASSED] - click(findTestObject("Прогноз по ДЗО/Переключить отображение с абс на проценты")): Object: 'Object Repository/Прогноз по ДЗО/Переключить отображение с абс на проценты' is clicked on

29-01-2025T06:47:12 - [MESSAGE][PASSED] - Object: 'Object Repository/Прогноз по ДЗО/Переключить отображение с абс на проценты' is clicked on

29-01-2025T06:47:12 - [TEST_STEP][PASSED] - n = n + 31: null

29-01-2025T06:47:12 - [TEST_STEP][PASSED] - b = n - run + 1: null

29-01-2025T06:47:12 - [TEST_STEP][PASSED] - verifyEqual(findTestData("PlanFact").getValue(2, b), a1): Actual object 'Динамика электропотребления, млрд. кВт.ч.
У виджета нет данных' and expected object 'Динамика электропотребления, млрд. кВт.ч.
У виджета нет данных' are equal

29-01-2025T06:47:12 - [MESSAGE][PASSED] - Actual object 'Динамика электропотребления, млрд. кВт.ч.
У виджета нет данных' and expected object 'Динамика электропотребления, млрд. кВт.ч.
У виджета нет данных' are equal

29-01-2025T06:47:12 - [TEST_STEP][PASSED] - verifyEqual(findTestData("PlanFact").getValue(3, b), a2): Actual object 'Выручка, млрд. руб.
У виджета нет данных' and expected object 'Выручка, млрд. руб.
У виджета нет данных' are equal

29-01-2025T06:47:12 - [MESSAGE][PASSED] - Actual object 'Выручка, млрд. руб.
У виджета нет данных' and expected object 'Выручка, млрд. руб.
У виджета нет данных' are equal

29-01-2025T06:47:12 - [TEST_STEP][PASSED] - verifyEqual(findTestData("PlanFact").getValue(4, b), a3): Actual object 'Отклонения по ПАО Россети на 2024 год
⬤ Отклонение, %' and expected object 'Отклонения по ПАО Россети на 2024 год
⬤ Отклонение, %' are equal

29-01-2025T06:47:12 - [MESSAGE][PASSED] - Actual object 'Отклонения по ПАО Россети на 2024 год
⬤ Отклонение, %' and expected object 'Отклонения по ПАО Россети на 2024 год
⬤ Отклонение, %' are equal

29-01-2025T06:47:12 - [TEST_STEP][PASSED] - verifyEqual(findTestData("PlanFact").getValue(5, b), a4): Actual object 'Выручка отклонения по ПАО Россети на 2024 год
⬤ Отклонение, %' and expected object 'Выручка отклонения по ПАО Россети на 2024 год
⬤ Отклонение, %' are equal

29-01-2025T06:47:12 - [MESSAGE][PASSED] - Actual object 'Выручка отклонения по ПАО Россети на 2024 год
⬤ Отклонение, %' and expected object 'Выручка отклонения по ПАО Россети на 2024 год
⬤ Отклонение, %' are equal

29-01-2025T06:47:12 - [TEST_STEP][PASSED] - verifyEqual(findTestData("PlanFact").getValue(6, b), a5): Actual object 'Отклонения по ПАО Россети на 2024 год
⬤ Отклонение, млн. кВт.ч' and expected object 'Отклонения по ПАО Россети на 2024 год
⬤ Отклонение, млн. кВт.ч' are equal

29-01-2025T06:47:12 - [MESSAGE][PASSED] - Actual object 'Отклонения по ПАО Россети на 2024 год
⬤ Отклонение, млн. кВт.ч' and expected object 'Отклонения по ПАО Россети на 2024 год
⬤ Отклонение, млн. кВт.ч' are equal

29-01-2025T06:47:12 - [TEST_STEP][PASSED] - verifyEqual(findTestData("PlanFact").getValue(7, b), a6): Actual object 'Выручка отклонения по ПАО Россети на 2024 год
⬤ Отклонение, млн. руб' and expected object 'Выручка отклонения по ПАО Россети на 2024 год
⬤ Отклонение, млн. руб' are equal

29-01-2025T06:47:12 - [MESSAGE][PASSED] - Actual object 'Выручка отклонения по ПАО Россети на 2024 год
⬤ Отклонение, млн. руб' and expected object 'Выручка отклонения по ПАО Россети на 2024 год
⬤ Отклонение, млн. руб' are equal

29-01-2025T06:47:12 - [TEST_STEP][PASSED] - Script1686231490255.WriteToExcel(user, dashboardName, n, data, run, a1, a2, a3, a4, a5, a6, a7, a8, a9): null

29-01-2025T06:47:12 - [TEST_STEP][PASSED] - sheetName = "Sheet1": null

29-01-2025T06:47:12 - [TEST_STEP][PASSED] - workbook01 = getWorkbook(excelFilePath): null

29-01-2025T06:47:12 - [TEST_STEP][PASSED] - sheet01 = getExcelSheet(workbook01, sheetName): null

29-01-2025T06:47:12 - [TEST_STEP][PASSED] - setValueToCellByIndex(sheet01, n, 0, dashboardName): null

29-01-2025T06:47:12 - [TEST_STEP][PASSED] - setValueToCellByIndex(sheet01, n, 10, user): null

29-01-2025T06:47:12 - [TEST_STEP][PASSED] - setValueToCellByIndex(sheet01, n, 1, a1): null

29-01-2025T06:47:12 - [TEST_STEP][PASSED] - setValueToCellByIndex(sheet01, n, 2, a2): null

29-01-2025T06:47:12 - [TEST_STEP][PASSED] - setValueToCellByIndex(sheet01, n, 3, a3): null

29-01-2025T06:47:12 - [TEST_STEP][PASSED] - setValueToCellByIndex(sheet01, n, 4, a4): null

29-01-2025T06:47:12 - [TEST_STEP][PASSED] - setValueToCellByIndex(sheet01, n, 5, a5): null

29-01-2025T06:47:12 - [TEST_STEP][PASSED] - setValueToCellByIndex(sheet01, n, 6, a6): null

29-01-2025T06:47:12 - [TEST_STEP][PASSED] - setValueToCellByIndex(sheet01, n, 7, a7): null

29-01-2025T06:47:12 - [TEST_STEP][PASSED] - setValueToCellByIndex(sheet01, n, 8, a8): null

29-01-2025T06:47:12 - [TEST_STEP][PASSED] - setValueToCellByIndex(sheet01, n, 9, a9): null

29-01-2025T06:47:12 - [TEST_STEP][PASSED] - n = n + 1: null

29-01-2025T06:47:12 - [TEST_STEP][PASSED] - saveWorkbook(excelFilePath, workbook01): null

29-01-2025T06:47:12 - [TEST_STEP][PASSED] - if (run == 3): null

29-01-2025T06:47:12 - [TEST_STEP][PASSED] - closeBrowser(): null

29-01-2025T06:47:13 - [MESSAGE][PASSED] - Browser is closed

29-01-2025T06:47:13 - [TEST_STEP][PASSED] - PrognozPoDZO(user, dashboardName, n, data, run, a1, a2, a3, a4, a5, a6, a7, a8, a9, urlData): null

29-01-2025T06:47:13 - [TEST_STEP][PASSED] - n = data.getRowNumbers() + 1: null

29-01-2025T06:47:13 - [TEST_STEP][PASSED] - println(n): null

29-01-2025T06:47:13 - [TEST_STEP][PASSED] - dashboardName = "Прогноз по ДЗО": null

29-01-2025T06:47:13 - [TEST_STEP][PASSED] - openBrowser(""): Browser is opened with url: ''

29-01-2025T06:47:13 - [MESSAGE][INFO] - Starting 'Chrome' driver

29-01-2025T06:47:13 - [MESSAGE][INFO] - Action delay is set to 0 milliseconds

29-01-2025T06:47:14 - [MESSAGE][PASSED] - Browser is opened with url: ''

29-01-2025T06:47:14 - [TEST_STEP][PASSED] - urlData = 19: null

29-01-2025T06:47:14 - [TEST_STEP][PASSED] - Script1686231490255.CheckPageDownload(urlData, run): null

29-01-2025T06:47:14 - [TEST_STEP][PASSED] - i = 1: null

29-01-2025T06:47:14 - [TEST_STEP][PASSED] - ii = 0: null

29-01-2025T06:47:14 - [TEST_STEP][PASSED] - urlText = <not implemented yet for class: org.codehaus.groovy.ast.expr.EmptyExpression>: null

29-01-2025T06:47:14 - [TEST_STEP][PASSED] - searchWord = <not implemented yet for class: org.codehaus.groovy.ast.expr.EmptyExpression>: null

29-01-2025T06:47:14 - [TEST_STEP][PASSED] - deleteAllCookies(): Delete all cookies successfully

29-01-2025T06:47:14 - [MESSAGE][PASSED] - Delete all cookies successfully

29-01-2025T06:47:14 - [TEST_STEP][PASSED] - refresh(): Refresh successfully

29-01-2025T06:47:14 - [MESSAGE][PASSED] - Refresh successfully

29-01-2025T06:47:14 - [TEST_STEP][PASSED] - delay(70): Delayed 70 second(s)

29-01-2025T06:48:24 - [MESSAGE][PASSED] - Delayed 70 second(s)

29-01-2025T06:48:24 - [TEST_STEP][PASSED] - navigateToUrl(findTestData("PlanFact").getValue(10, urlData)): Navigate to 'https://bi.rosseti.digital/viewer?dashboardGuid=d6acb5b1a7114a9791b34de39263106e&sheetGuid=752a4d1009e74632abe0071aea7fa3c6&fit=true' successfully

29-01-2025T06:48:31 - [MESSAGE][PASSED] - Navigate to 'https://bi.rosseti.digital/viewer?dashboardGuid=d6acb5b1a7114a9791b34de39263106e&sheetGuid=752a4d1009e74632abe0071aea7fa3c6&fit=true' successfully

29-01-2025T06:48:31 - [TEST_STEP][PASSED] - pageLoaded1 = verifyElementPresent(findTestObject("Страница авторизации/Text"), 30): Object 'Object Repository/Страница авторизации/Text' is present

29-01-2025T06:48:33 - [MESSAGE][PASSED] - Object 'Object Repository/Страница авторизации/Text' is present

29-01-2025T06:48:33 - [TEST_STEP][PASSED] - if (pageLoaded1 == false): null

29-01-2025T06:48:33 - [TEST_STEP][PASSED] - urlText = getText(findTestObject("Страница авторизации/Text")): Text of object 'Object Repository/Страница авторизации/Text' is: 'Вход'

29-01-2025T06:48:33 - [MESSAGE][PASSED] - Text of object 'Object Repository/Страница авторизации/Text' is: 'Вход'

29-01-2025T06:48:33 - [TEST_STEP][PASSED] - delay(70): Delayed 70 second(s)

29-01-2025T06:49:43 - [MESSAGE][PASSED] - Delayed 70 second(s)

29-01-2025T06:49:43 - [TEST_STEP][PASSED] - searchWord = "Вход": null

29-01-2025T06:49:43 - [TEST_STEP][PASSED] - if (urlText.contains(searchWord) == false): null

29-01-2025T06:49:43 - [TEST_STEP][PASSED] - setText(findTestObject("Страница авторизации/input__username"), findTestData("PlanFact").getValue(8, run)): Text 'Petrova-OV' is set on object 'Object Repository/Страница авторизации/input__username'

29-01-2025T06:49:44 - [MESSAGE][PASSED] - Text 'Petrova-OV' is set on object 'Object Repository/Страница авторизации/input__username'

29-01-2025T06:49:44 - [TEST_STEP][PASSED] - setText(findTestObject("Страница авторизации/input__password"), findTestData("PlanFact").getValue(9, run)): Text '4Ex@~R53r&3x&BVe7' is set on object 'Object Repository/Страница авторизации/input__password'

29-01-2025T06:49:44 - [MESSAGE][PASSED] - Text '4Ex@~R53r&3x&BVe7' is set on object 'Object Repository/Страница авторизации/input__password'

29-01-2025T06:49:44 - [TEST_STEP][PASSED] - click(findTestObject("Страница авторизации/button_")): Object: 'Object Repository/Страница авторизации/button_' is clicked on

29-01-2025T06:49:46 - [MESSAGE][PASSED] - Object: 'Object Repository/Страница авторизации/button_' is clicked on

29-01-2025T06:49:46 - [TEST_STEP][PASSED] - delay(70): Delayed 70 second(s)

29-01-2025T06:50:56 - [MESSAGE][PASSED] - Delayed 70 second(s)

29-01-2025T06:50:56 - [TEST_STEP][PASSED] - searchWord = "а": null

29-01-2025T06:50:56 - [TEST_STEP][PASSED] - pageLoaded2 = verifyElementPresent(findTestObject("Страница авторизации/Text"), 50): Object 'Object Repository/Страница авторизации/Text' is present

29-01-2025T06:50:56 - [MESSAGE][PASSED] - Object 'Object Repository/Страница авторизации/Text' is present

29-01-2025T06:50:56 - [TEST_STEP][PASSED] - if (pageLoaded2 == false): null

29-01-2025T06:50:56 - [TEST_STEP][PASSED] - urlText = getText(findTestObject("Страница авторизации/Text")): Text of object 'Object Repository/Страница авторизации/Text' is: 'Сравнение с 
План
абс.
%
Отклонения по ПАО Россети на 2024 год
⬤ Отклонение, %
Выручка отклонения по ПАО Россети на 2024 год
⬤ Отклонение, %
Год 
2024 год
Динамика электропотребления, млрд. кВт.ч.
У виджета нет данных
Выручка, млрд. руб.
У виджета нет данных
Прогноз на месяц 
Ноябрь
КПО/Отпуск из сети 
Отпуск из сети, млн. кВт.ч
Организация 
Все

Прогноз электропотребления и выручки за услуги по передаче в разрезе ДЗО'

29-01-2025T06:50:56 - [MESSAGE][PASSED] - Text of object 'Object Repository/Страница авторизации/Text' is: 'Сравнение с 
План
абс.
%
Отклонения по ПАО Россети на 2024 год
⬤ Отклонение, %
Выручка отклонения по ПАО Россети на 2024 год
⬤ Отклонение, %
Год 
2024 год
Динамика электропотребления, млрд. кВт.ч.
У виджета нет данных
Выручка, млрд. руб.
У виджета нет данных
Прогноз на месяц 
Ноябрь
КПО/Отпуск из сети 
Отпуск из сети, млн. кВт.ч
Организация 
Все

Прогноз электропотребления и выручки за услуги по передаче в разрезе ДЗО'

29-01-2025T06:50:56 - [TEST_STEP][PASSED] - if (urlText.contains("ошибка") || urlText.contains(searchWord) == false): null

29-01-2025T06:50:56 - [TEST_STEP][PASSED] - a3 = "": null

29-01-2025T06:50:56 - [TEST_STEP][PASSED] - a4 = "": null

29-01-2025T06:50:56 - [TEST_STEP][PASSED] - a5 = "": null

29-01-2025T06:50:56 - [TEST_STEP][PASSED] - a6 = "": null

29-01-2025T06:50:56 - [TEST_STEP][PASSED] - a7 = "": null

29-01-2025T06:50:56 - [TEST_STEP][PASSED] - a8 = "": null

29-01-2025T06:50:56 - [TEST_STEP][PASSED] - a9 = "": null

29-01-2025T06:50:56 - [TEST_STEP][PASSED] - if (run == 1): null

29-01-2025T06:50:56 - [TEST_STEP][PASSED] - if (run == 2): null

29-01-2025T06:50:56 - [TEST_STEP][PASSED] - if (run == 3): null

29-01-2025T06:50:56 - [TEST_STEP][PASSED] - user = "Попова": null

29-01-2025T06:50:56 - [TEST_STEP][PASSED] - a1 = getText(findTestObject("Прогноз по ДЗО/График1")): Text of object 'Object Repository/Прогноз по ДЗО/График1' is: 'Динамика электропотребления, млрд. кВт.ч.
У виджета нет данных'

29-01-2025T06:50:57 - [MESSAGE][PASSED] - Text of object 'Object Repository/Прогноз по ДЗО/График1' is: 'Динамика электропотребления, млрд. кВт.ч.
У виджета нет данных'

29-01-2025T06:50:57 - [TEST_STEP][PASSED] - i = a1.indexOf("по ПАО Россети на 2023 год"): null

29-01-2025T06:50:57 - [TEST_STEP][PASSED] - if (i > -1): null

29-01-2025T06:50:57 - [TEST_STEP][PASSED] - i = a1.indexOf("Динамика электропотребления, млн. кВт.ч."): null

29-01-2025T06:50:57 - [TEST_STEP][PASSED] - if (i > -1): null

29-01-2025T06:50:57 - [TEST_STEP][PASSED] - a1 = a1.trim(): null

29-01-2025T06:50:57 - [TEST_STEP][PASSED] - a2 = getText(findTestObject("Прогноз по ДЗО/График2")): Text of object 'Object Repository/Прогноз по ДЗО/График2' is: 'Выручка, млрд. руб.
У виджета нет данных'

29-01-2025T06:50:57 - [MESSAGE][PASSED] - Text of object 'Object Repository/Прогноз по ДЗО/График2' is: 'Выручка, млрд. руб.
У виджета нет данных'

29-01-2025T06:50:57 - [TEST_STEP][PASSED] - a3 = getText(findTestObject("Прогноз по ДЗО/График3")): Text of object 'Object Repository/Прогноз по ДЗО/График3' is: 'Отклонения по ПАО Россети на 2024 год
⬤ Отклонение, %'

29-01-2025T06:50:57 - [MESSAGE][PASSED] - Text of object 'Object Repository/Прогноз по ДЗО/График3' is: 'Отклонения по ПАО Россети на 2024 год
⬤ Отклонение, %'

29-01-2025T06:50:57 - [TEST_STEP][PASSED] - a4 = getText(findTestObject("Прогноз по ДЗО/График4")): Text of object 'Object Repository/Прогноз по ДЗО/График4' is: 'Выручка отклонения по ПАО Россети на 2024 год
⬤ Отклонение, %'

29-01-2025T06:50:58 - [MESSAGE][PASSED] - Text of object 'Object Repository/Прогноз по ДЗО/График4' is: 'Выручка отклонения по ПАО Россети на 2024 год
⬤ Отклонение, %'

29-01-2025T06:50:58 - [TEST_STEP][PASSED] - click(findTestObject("Прогноз по ДЗО/Переключить отображение с процентов на абс Блок руководителя")): Object: 'Object Repository/Прогноз по ДЗО/Переключить отображение с процентов на абс Блок руководителя' is clicked on

29-01-2025T06:50:58 - [MESSAGE][PASSED] - Object: 'Object Repository/Прогноз по ДЗО/Переключить отображение с процентов на абс Блок руководителя' is clicked on

29-01-2025T06:50:58 - [TEST_STEP][PASSED] - a5 = getText(findTestObject("Прогноз по ДЗО/График5")): Text of object 'Object Repository/Прогноз по ДЗО/График5' is: 'Отклонения по ПАО Россети на 2024 год
⬤ Отклонение, млн. кВт.ч'

29-01-2025T06:50:58 - [MESSAGE][PASSED] - Text of object 'Object Repository/Прогноз по ДЗО/График5' is: 'Отклонения по ПАО Россети на 2024 год
⬤ Отклонение, млн. кВт.ч'

29-01-2025T06:50:58 - [TEST_STEP][PASSED] - a6 = getText(findTestObject("Прогноз по ДЗО/График6")): Text of object 'Object Repository/Прогноз по ДЗО/График6' is: 'Выручка отклонения по ПАО Россети на 2024 год
⬤ Отклонение, млн. руб'

29-01-2025T06:50:58 - [MESSAGE][PASSED] - Text of object 'Object Repository/Прогноз по ДЗО/График6' is: 'Выручка отклонения по ПАО Россети на 2024 год
⬤ Отклонение, млн. руб'

29-01-2025T06:50:58 - [TEST_STEP][PASSED] - click(findTestObject("Прогноз по ДЗО/Переключить отображение с абс на проценты")): Object: 'Object Repository/Прогноз по ДЗО/Переключить отображение с абс на проценты' is clicked on

29-01-2025T06:50:59 - [MESSAGE][PASSED] - Object: 'Object Repository/Прогноз по ДЗО/Переключить отображение с абс на проценты' is clicked on

29-01-2025T06:50:59 - [TEST_STEP][PASSED] - n = n + 32: null

29-01-2025T06:50:59 - [TEST_STEP][PASSED] - b = n - run + 1: null

29-01-2025T06:50:59 - [TEST_STEP][PASSED] - verifyEqual(findTestData("PlanFact").getValue(2, b), a1): Actual object 'Динамика электропотребления, млрд. кВт.ч.
У виджета нет данных' and expected object 'Динамика электропотребления, млрд. кВт.ч.
У виджета нет данных' are equal

29-01-2025T06:50:59 - [MESSAGE][PASSED] - Actual object 'Динамика электропотребления, млрд. кВт.ч.
У виджета нет данных' and expected object 'Динамика электропотребления, млрд. кВт.ч.
У виджета нет данных' are equal

29-01-2025T06:50:59 - [TEST_STEP][PASSED] - verifyEqual(findTestData("PlanFact").getValue(3, b), a2): Actual object 'Выручка, млрд. руб.
У виджета нет данных' and expected object 'Выручка, млрд. руб.
У виджета нет данных' are equal

29-01-2025T06:50:59 - [MESSAGE][PASSED] - Actual object 'Выручка, млрд. руб.
У виджета нет данных' and expected object 'Выручка, млрд. руб.
У виджета нет данных' are equal

29-01-2025T06:50:59 - [TEST_STEP][PASSED] - verifyEqual(findTestData("PlanFact").getValue(4, b), a3): Actual object 'Отклонения по ПАО Россети на 2024 год
⬤ Отклонение, %' and expected object 'Отклонения по ПАО Россети на 2024 год
⬤ Отклонение, %' are equal

29-01-2025T06:50:59 - [MESSAGE][PASSED] - Actual object 'Отклонения по ПАО Россети на 2024 год
⬤ Отклонение, %' and expected object 'Отклонения по ПАО Россети на 2024 год
⬤ Отклонение, %' are equal

29-01-2025T06:50:59 - [TEST_STEP][PASSED] - verifyEqual(findTestData("PlanFact").getValue(5, b), a4): Actual object 'Выручка отклонения по ПАО Россети на 2024 год
⬤ Отклонение, %' and expected object 'Выручка отклонения по ПАО Россети на 2024 год
⬤ Отклонение, %' are equal

29-01-2025T06:50:59 - [MESSAGE][PASSED] - Actual object 'Выручка отклонения по ПАО Россети на 2024 год
⬤ Отклонение, %' and expected object 'Выручка отклонения по ПАО Россети на 2024 год
⬤ Отклонение, %' are equal

29-01-2025T06:50:59 - [TEST_STEP][PASSED] - verifyEqual(findTestData("PlanFact").getValue(6, b), a5): Actual object 'Отклонения по ПАО Россети на 2024 год
⬤ Отклонение, млн. кВт.ч' and expected object 'Отклонения по ПАО Россети на 2024 год
⬤ Отклонение, млн. кВт.ч' are equal

29-01-2025T06:50:59 - [MESSAGE][PASSED] - Actual object 'Отклонения по ПАО Россети на 2024 год
⬤ Отклонение, млн. кВт.ч' and expected object 'Отклонения по ПАО Россети на 2024 год
⬤ Отклонение, млн. кВт.ч' are equal

29-01-2025T06:50:59 - [TEST_STEP][PASSED] - verifyEqual(findTestData("PlanFact").getValue(7, b), a6): Actual object 'Выручка отклонения по ПАО Россети на 2024 год
⬤ Отклонение, млн. руб' and expected object 'Выручка отклонения по ПАО Россети на 2024 год
⬤ Отклонение, млн. руб' are equal

29-01-2025T06:50:59 - [MESSAGE][PASSED] - Actual object 'Выручка отклонения по ПАО Россети на 2024 год
⬤ Отклонение, млн. руб' and expected object 'Выручка отклонения по ПАО Россети на 2024 год
⬤ Отклонение, млн. руб' are equal

29-01-2025T06:50:59 - [TEST_STEP][PASSED] - Script1686231490255.WriteToExcel(user, dashboardName, n, data, run, a1, a2, a3, a4, a5, a6, a7, a8, a9): null

29-01-2025T06:50:59 - [TEST_STEP][PASSED] - sheetName = "Sheet1": null

29-01-2025T06:50:59 - [TEST_STEP][PASSED] - workbook01 = getWorkbook(excelFilePath): null

29-01-2025T06:50:59 - [TEST_STEP][PASSED] - sheet01 = getExcelSheet(workbook01, sheetName): null

29-01-2025T06:50:59 - [TEST_STEP][PASSED] - setValueToCellByIndex(sheet01, n, 0, dashboardName): null

29-01-2025T06:50:59 - [TEST_STEP][PASSED] - setValueToCellByIndex(sheet01, n, 10, user): null

29-01-2025T06:50:59 - [TEST_STEP][PASSED] - setValueToCellByIndex(sheet01, n, 1, a1): null

29-01-2025T06:50:59 - [TEST_STEP][PASSED] - setValueToCellByIndex(sheet01, n, 2, a2): null

29-01-2025T06:50:59 - [TEST_STEP][PASSED] - setValueToCellByIndex(sheet01, n, 3, a3): null

29-01-2025T06:50:59 - [TEST_STEP][PASSED] - setValueToCellByIndex(sheet01, n, 4, a4): null

29-01-2025T06:50:59 - [TEST_STEP][PASSED] - setValueToCellByIndex(sheet01, n, 5, a5): null

29-01-2025T06:50:59 - [TEST_STEP][PASSED] - setValueToCellByIndex(sheet01, n, 6, a6): null

29-01-2025T06:50:59 - [TEST_STEP][PASSED] - setValueToCellByIndex(sheet01, n, 7, a7): null

29-01-2025T06:50:59 - [TEST_STEP][PASSED] - setValueToCellByIndex(sheet01, n, 8, a8): null

29-01-2025T06:50:59 - [TEST_STEP][PASSED] - setValueToCellByIndex(sheet01, n, 9, a9): null

29-01-2025T06:50:59 - [TEST_STEP][PASSED] - n = n + 1: null

29-01-2025T06:50:59 - [TEST_STEP][PASSED] - saveWorkbook(excelFilePath, workbook01): null

29-01-2025T06:50:59 - [TEST_STEP][PASSED] - closeBrowser(): Browser is closed

29-01-2025T06:51:00 - [MESSAGE][PASSED] - Browser is closed

29-01-2025T06:51:00 - [TEST_STEP][PASSED] - delay(70): Delayed 70 second(s)

29-01-2025T06:52:10 - [MESSAGE][PASSED] - Delayed 70 second(s)

29-01-2025T06:52:10 - [TEST_STEP][PASSED] - for ([run = 1, run < 4, (run++)]): null

29-01-2025T06:52:10 - [TEST_STEP][PASSED] - PrognozPoOtraslyam(user, dashboardName, n, data, run, a1, a2, a3, a4, a5, a6, a7, a8, a9, urlData): null

29-01-2025T06:52:10 - [TEST_STEP][PASSED] - n = data.getRowNumbers() + 1: null

29-01-2025T06:52:10 - [TEST_STEP][PASSED] - println(n): null

29-01-2025T06:52:10 - [TEST_STEP][PASSED] - dashboardName = "Прогноз по отраслям": null

29-01-2025T06:52:10 - [TEST_STEP][PASSED] - openBrowser(""): Browser is opened with url: ''

29-01-2025T06:52:10 - [MESSAGE][INFO] - Starting 'Chrome' driver

29-01-2025T06:52:10 - [MESSAGE][INFO] - Action delay is set to 0 milliseconds

29-01-2025T06:52:11 - [MESSAGE][PASSED] - Browser is opened with url: ''

29-01-2025T06:52:11 - [TEST_STEP][PASSED] - urlData = 6: null

29-01-2025T06:52:11 - [TEST_STEP][PASSED] - Script1686231490255.CheckPageDownload(urlData, run): null

29-01-2025T06:52:11 - [TEST_STEP][PASSED] - i = 1: null

29-01-2025T06:52:11 - [TEST_STEP][PASSED] - ii = 0: null

29-01-2025T06:52:11 - [TEST_STEP][PASSED] - urlText = <not implemented yet for class: org.codehaus.groovy.ast.expr.EmptyExpression>: null

29-01-2025T06:52:11 - [TEST_STEP][PASSED] - searchWord = <not implemented yet for class: org.codehaus.groovy.ast.expr.EmptyExpression>: null

29-01-2025T06:52:11 - [TEST_STEP][PASSED] - deleteAllCookies(): Delete all cookies successfully

29-01-2025T06:52:11 - [MESSAGE][PASSED] - Delete all cookies successfully

29-01-2025T06:52:11 - [TEST_STEP][PASSED] - refresh(): Refresh successfully

29-01-2025T06:52:11 - [MESSAGE][PASSED] - Refresh successfully

29-01-2025T06:52:11 - [TEST_STEP][PASSED] - delay(70): Delayed 70 second(s)

29-01-2025T06:53:21 - [MESSAGE][PASSED] - Delayed 70 second(s)

29-01-2025T06:53:21 - [TEST_STEP][PASSED] - navigateToUrl(findTestData("PlanFact").getValue(10, urlData)): Navigate to 'https://bi.rosseti.digital/viewer?dashboardGuid=d6acb5b1a7114a9791b34de39263106e&sheetGuid=0b6d261d7f7b4424a967aa8f3a724189&fit=true' successfully

29-01-2025T06:53:26 - [MESSAGE][PASSED] - Navigate to 'https://bi.rosseti.digital/viewer?dashboardGuid=d6acb5b1a7114a9791b34de39263106e&sheetGuid=0b6d261d7f7b4424a967aa8f3a724189&fit=true' successfully

29-01-2025T06:53:26 - [TEST_STEP][PASSED] - pageLoaded1 = verifyElementPresent(findTestObject("Страница авторизации/Text"), 30): Object 'Object Repository/Страница авторизации/Text' is present

29-01-2025T06:53:28 - [MESSAGE][PASSED] - Object 'Object Repository/Страница авторизации/Text' is present

29-01-2025T06:53:28 - [TEST_STEP][PASSED] - if (pageLoaded1 == false): null

29-01-2025T06:53:28 - [TEST_STEP][PASSED] - urlText = getText(findTestObject("Страница авторизации/Text")): Text of object 'Object Repository/Страница авторизации/Text' is: 'Вход'

29-01-2025T06:53:28 - [MESSAGE][PASSED] - Text of object 'Object Repository/Страница авторизации/Text' is: 'Вход'

29-01-2025T06:53:28 - [TEST_STEP][PASSED] - delay(70): Delayed 70 second(s)

29-01-2025T06:54:38 - [MESSAGE][PASSED] - Delayed 70 second(s)

29-01-2025T06:54:38 - [TEST_STEP][PASSED] - searchWord = "Вход": null

29-01-2025T06:54:38 - [TEST_STEP][PASSED] - if (urlText.contains(searchWord) == false): null

29-01-2025T06:54:38 - [TEST_STEP][PASSED] - setText(findTestObject("Страница авторизации/input__username"), findTestData("PlanFact").getValue(8, run)): Text 'liazgina-di' is set on object 'Object Repository/Страница авторизации/input__username'

29-01-2025T06:54:39 - [MESSAGE][PASSED] - Text 'liazgina-di' is set on object 'Object Repository/Страница авторизации/input__username'

29-01-2025T06:54:39 - [TEST_STEP][PASSED] - setText(findTestObject("Страница авторизации/input__password"), findTestData("PlanFact").getValue(9, run)): Text ')$%5srZ8o688Dm#q' is set on object 'Object Repository/Страница авторизации/input__password'

29-01-2025T06:54:39 - [MESSAGE][PASSED] - Text ')$%5srZ8o688Dm#q' is set on object 'Object Repository/Страница авторизации/input__password'

29-01-2025T06:54:39 - [TEST_STEP][PASSED] - click(findTestObject("Страница авторизации/button_")): Object: 'Object Repository/Страница авторизации/button_' is clicked on

29-01-2025T06:54:41 - [MESSAGE][PASSED] - Object: 'Object Repository/Страница авторизации/button_' is clicked on

29-01-2025T06:54:41 - [TEST_STEP][PASSED] - delay(70): Delayed 70 second(s)

29-01-2025T06:55:51 - [MESSAGE][PASSED] - Delayed 70 second(s)

29-01-2025T06:55:51 - [TEST_STEP][PASSED] - searchWord = "а": null

29-01-2025T06:55:51 - [TEST_STEP][PASSED] - pageLoaded2 = verifyElementPresent(findTestObject("Страница авторизации/Text"), 50): Object 'Object Repository/Страница авторизации/Text' is present

29-01-2025T06:55:51 - [MESSAGE][PASSED] - Object 'Object Repository/Страница авторизации/Text' is present

29-01-2025T06:55:51 - [TEST_STEP][PASSED] - if (pageLoaded2 == false): null

29-01-2025T06:55:51 - [TEST_STEP][PASSED] - urlText = getText(findTestObject("Страница авторизации/Text")): Text of object 'Object Repository/Страница авторизации/Text' is: 'Год 
2023 год
Сравнение с 
План
Динамика электропотребления, млрд. кВт.ч. по ПАО Россети на 2023 год
10 10
190 190
36 36
14 14
9 9
14 14
4 4
17 17
80 80
19 19
82 82
588 588
10 10
197 197
37 37
48 48
10 10
15 15
4 4
18 18
80 80
19 19
82 82
608 608
План
Ожидаемое (прогноз по конца года)
Интер РАО (дляФСК)
Промышленныепотребители
Транспорт
Нефтедобыча
Нефтепереработка
Нефтепроводы
Газопроводы
Сельскоехозяйство ипищеваяпромышленность
Непромышленныепотребители
Государственные(муниципальные)организации ипрочиебюджетныепотребители
Население иприравненныегруппыпотребителей
Территориальныесетевыеорганизации
Выручка по ПАО Россети на 2023 год
5 5
319 319
81 81
16 16
16 16
20 20
2 2
56 56
215 215
67 67
218 218
239 239
6 6
331 331
82 82
77 77
20 20
20 20
3 3
57 57
220 220
68 68
214 214
258 258
План
Ожидаемое (прогноз по конца года)
Интер РАО (дляФСК)
Промышленныепотребители
Транспорт
Нефтедобыча
Нефтепереработка
Нефтепроводы
Газопроводы
Сельскоехозяйство ипищеваяпромышленность
Непромышленныепотребители
Государственные(муниципальные)организации ипрочиебюджетныепотребители
Население иприравненныегруппыпотребителей
Территориальныесетевыеорганизации
Отклонения по ПАО Россети на 2023 год
-4.7% -4.7%
3.8% 3.8%
1.9% 1.9%
230.3% 230.3%
10.9% 10.9%
4.2% 4.2%
21.7% 21.7%
3.9% 3.9%
-0.6% -0.6%
1.6% 1.6%
-1.0% -1.0%
3.3% 3.3%
⬤ Отклонение, %
Интер РАО (для ФСК)
Промышленные потребители
Транспорт
Нефтедобыча
Нефтепереработка
Нефтепроводы
Газопроводы
Сельское хозяйство и пищевая пр…
Непромышленные потребители
Государственные (муниципальные…
Население и приравненные групп…
Территориальные сетевые органи…
Выручка отклонения по ПАО Россети на 2023 год
15.6% 15.6%
3.8% 3.8%
1.2% 1.2%
398.2% 398.2%
26.9% 26.9%
-0.6% -0.6%
26.9% 26.9%
1.5% 1.5%
2.7% 2.7%
2.0% 2.0%
-2.0% -2.0%
7.9% 7.9%
⬤ Отклонение, %
Интер РАО (для ФСК)
Промышленные потребители
Транспорт
Нефтедобыча
Нефтепереработка
Нефтепроводы
Газопроводы
Сельское хозяйство и пищевая пр…
Непромышленные потребители
Государственные (муниципальные…
Население и приравненные групп…
Территориальные сетевые органи…
абс.
%
Прогноз на месяц 
Ноябрь
КПО/Отпуск из сети 
Отпуск из сети, млн. кВт.ч
Организация 
Все
Прогноз электропотребления и выручки за услуги по передаче в разрезе отраслей'

29-01-2025T06:55:52 - [MESSAGE][PASSED] - Text of object 'Object Repository/Страница авторизации/Text' is: 'Год 
2023 год
Сравнение с 
План
Динамика электропотребления, млрд. кВт.ч. по ПАО Россети на 2023 год
10 10
190 190
36 36
14 14
9 9
14 14
4 4
17 17
80 80
19 19
82 82
588 588
10 10
197 197
37 37
48 48
10 10
15 15
4 4
18 18
80 80
19 19
82 82
608 608
План
Ожидаемое (прогноз по конца года)
Интер РАО (дляФСК)
Промышленныепотребители
Транспорт
Нефтедобыча
Нефтепереработка
Нефтепроводы
Газопроводы
Сельскоехозяйство ипищеваяпромышленность
Непромышленныепотребители
Государственные(муниципальные)организации ипрочиебюджетныепотребители
Население иприравненныегруппыпотребителей
Территориальныесетевыеорганизации
Выручка по ПАО Россети на 2023 год
5 5
319 319
81 81
16 16
16 16
20 20
2 2
56 56
215 215
67 67
218 218
239 239
6 6
331 331
82 82
77 77
20 20
20 20
3 3
57 57
220 220
68 68
214 214
258 258
План
Ожидаемое (прогноз по конца года)
Интер РАО (дляФСК)
Промышленныепотребители
Транспорт
Нефтедобыча
Нефтепереработка
Нефтепроводы
Газопроводы
Сельскоехозяйство ипищеваяпромышленность
Непромышленныепотребители
Государственные(муниципальные)организации ипрочиебюджетныепотребители
Население иприравненныегруппыпотребителей
Территориальныесетевыеорганизации
Отклонения по ПАО Россети на 2023 год
-4.7% -4.7%
3.8% 3.8%
1.9% 1.9%
230.3% 230.3%
10.9% 10.9%
4.2% 4.2%
21.7% 21.7%
3.9% 3.9%
-0.6% -0.6%
1.6% 1.6%
-1.0% -1.0%
3.3% 3.3%
⬤ Отклонение, %
Интер РАО (для ФСК)
Промышленные потребители
Транспорт
Нефтедобыча
Нефтепереработка
Нефтепроводы
Газопроводы
Сельское хозяйство и пищевая пр…
Непромышленные потребители
Государственные (муниципальные…
Население и приравненные групп…
Территориальные сетевые органи…
Выручка отклонения по ПАО Россети на 2023 год
15.6% 15.6%
3.8% 3.8%
1.2% 1.2%
398.2% 398.2%
26.9% 26.9%
-0.6% -0.6%
26.9% 26.9%
1.5% 1.5%
2.7% 2.7%
2.0% 2.0%
-2.0% -2.0%
7.9% 7.9%
⬤ Отклонение, %
Интер РАО (для ФСК)
Промышленные потребители
Транспорт
Нефтедобыча
Нефтепереработка
Нефтепроводы
Газопроводы
Сельское хозяйство и пищевая пр…
Непромышленные потребители
Государственные (муниципальные…
Население и приравненные групп…
Территориальные сетевые органи…
абс.
%
Прогноз на месяц 
Ноябрь
КПО/Отпуск из сети 
Отпуск из сети, млн. кВт.ч
Организация 
Все
Прогноз электропотребления и выручки за услуги по передаче в разрезе отраслей'

29-01-2025T06:55:52 - [TEST_STEP][PASSED] - if (urlText.contains("ошибка") || urlText.contains(searchWord) == false): null

29-01-2025T06:55:52 - [TEST_STEP][PASSED] - a3 = "": null

29-01-2025T06:55:52 - [TEST_STEP][PASSED] - a4 = "": null

29-01-2025T06:55:52 - [TEST_STEP][PASSED] - a5 = "": null

29-01-2025T06:55:52 - [TEST_STEP][PASSED] - a6 = "": null

29-01-2025T06:55:52 - [TEST_STEP][PASSED] - a7 = "": null

29-01-2025T06:55:52 - [TEST_STEP][PASSED] - a8 = "": null

29-01-2025T06:55:52 - [TEST_STEP][PASSED] - a9 = "": null

29-01-2025T06:55:52 - [TEST_STEP][PASSED] - if (run == 1): null

29-01-2025T06:55:52 - [TEST_STEP][PASSED] - user = "админ": null

29-01-2025T06:55:52 - [TEST_STEP][PASSED] - a1 = getText(findTestObject("Прогноз по отраслям/Виджеты дашборда")): Text of object 'Object Repository/Прогноз по отраслям/Виджеты дашборда' is: 'Год 
2023 год
Сравнение с 
План
Динамика электропотребления, млрд. кВт.ч. по ПАО Россети на 2023 год
10 10
190 190
36 36
14 14
9 9
14 14
4 4
17 17
80 80
19 19
82 82
588 588
10 10
197 197
37 37
48 48
10 10
15 15
4 4
18 18
80 80
19 19
82 82
608 608
План
Ожидаемое (прогноз по конца года)
Интер РАО (дляФСК)
Промышленныепотребители
Транспорт
Нефтедобыча
Нефтепереработка
Нефтепроводы
Газопроводы
Сельскоехозяйство ипищеваяпромышленность
Непромышленныепотребители
Государственные(муниципальные)организации ипрочиебюджетныепотребители
Население иприравненныегруппыпотребителей
Территориальныесетевыеорганизации
Выручка по ПАО Россети на 2023 год
5 5
319 319
81 81
16 16
16 16
20 20
2 2
56 56
215 215
67 67
218 218
239 239
6 6
331 331
82 82
77 77
20 20
20 20
3 3
57 57
220 220
68 68
214 214
258 258
План
Ожидаемое (прогноз по конца года)
Интер РАО (дляФСК)
Промышленныепотребители
Транспорт
Нефтедобыча
Нефтепереработка
Нефтепроводы
Газопроводы
Сельскоехозяйство ипищеваяпромышленность
Непромышленныепотребители
Государственные(муниципальные)организации ипрочиебюджетныепотребители
Население иприравненныегруппыпотребителей
Территориальныесетевыеорганизации
Отклонения по ПАО Россети на 2023 год
-4.7% -4.7%
3.8% 3.8%
1.9% 1.9%
230.3% 230.3%
10.9% 10.9%
4.2% 4.2%
21.7% 21.7%
3.9% 3.9%
-0.6% -0.6%
1.6% 1.6%
-1.0% -1.0%
3.3% 3.3%
⬤ Отклонение, %
Интер РАО (для ФСК)
Промышленные потребители
Транспорт
Нефтедобыча
Нефтепереработка
Нефтепроводы
Газопроводы
Сельское хозяйство и пищевая пр…
Непромышленные потребители
Государственные (муниципальные…
Население и приравненные групп…
Территориальные сетевые органи…
Выручка отклонения по ПАО Россети на 2023 год
15.6% 15.6%
3.8% 3.8%
1.2% 1.2%
398.2% 398.2%
26.9% 26.9%
-0.6% -0.6%
26.9% 26.9%
1.5% 1.5%
2.7% 2.7%
2.0% 2.0%
-2.0% -2.0%
7.9% 7.9%
⬤ Отклонение, %
Интер РАО (для ФСК)
Промышленные потребители
Транспорт
Нефтедобыча
Нефтепереработка
Нефтепроводы
Газопроводы
Сельское хозяйство и пищевая пр…
Непромышленные потребители
Государственные (муниципальные…
Население и приравненные групп…
Территориальные сетевые органи…
абс.
%
Прогноз на месяц 
Ноябрь
КПО/Отпуск из сети 
Отпуск из сети, млн. кВт.ч
Организация 
Все
Прогноз электропотребления и выручки за услуги по передаче в разрезе отраслей'

29-01-2025T06:55:52 - [MESSAGE][PASSED] - Text of object 'Object Repository/Прогноз по отраслям/Виджеты дашборда' is: 'Год 
2023 год
Сравнение с 
План
Динамика электропотребления, млрд. кВт.ч. по ПАО Россети на 2023 год
10 10
190 190
36 36
14 14
9 9
14 14
4 4
17 17
80 80
19 19
82 82
588 588
10 10
197 197
37 37
48 48
10 10
15 15
4 4
18 18
80 80
19 19
82 82
608 608
План
Ожидаемое (прогноз по конца года)
Интер РАО (дляФСК)
Промышленныепотребители
Транспорт
Нефтедобыча
Нефтепереработка
Нефтепроводы
Газопроводы
Сельскоехозяйство ипищеваяпромышленность
Непромышленныепотребители
Государственные(муниципальные)организации ипрочиебюджетныепотребители
Население иприравненныегруппыпотребителей
Территориальныесетевыеорганизации
Выручка по ПАО Россети на 2023 год
5 5
319 319
81 81
16 16
16 16
20 20
2 2
56 56
215 215
67 67
218 218
239 239
6 6
331 331
82 82
77 77
20 20
20 20
3 3
57 57
220 220
68 68
214 214
258 258
План
Ожидаемое (прогноз по конца года)
Интер РАО (дляФСК)
Промышленныепотребители
Транспорт
Нефтедобыча
Нефтепереработка
Нефтепроводы
Газопроводы
Сельскоехозяйство ипищеваяпромышленность
Непромышленныепотребители
Государственные(муниципальные)организации ипрочиебюджетныепотребители
Население иприравненныегруппыпотребителей
Территориальныесетевыеорганизации
Отклонения по ПАО Россети на 2023 год
-4.7% -4.7%
3.8% 3.8%
1.9% 1.9%
230.3% 230.3%
10.9% 10.9%
4.2% 4.2%
21.7% 21.7%
3.9% 3.9%
-0.6% -0.6%
1.6% 1.6%
-1.0% -1.0%
3.3% 3.3%
⬤ Отклонение, %
Интер РАО (для ФСК)
Промышленные потребители
Транспорт
Нефтедобыча
Нефтепереработка
Нефтепроводы
Газопроводы
Сельское хозяйство и пищевая пр…
Непромышленные потребители
Государственные (муниципальные…
Население и приравненные групп…
Территориальные сетевые органи…
Выручка отклонения по ПАО Россети на 2023 год
15.6% 15.6%
3.8% 3.8%
1.2% 1.2%
398.2% 398.2%
26.9% 26.9%
-0.6% -0.6%
26.9% 26.9%
1.5% 1.5%
2.7% 2.7%
2.0% 2.0%
-2.0% -2.0%
7.9% 7.9%
⬤ Отклонение, %
Интер РАО (для ФСК)
Промышленные потребители
Транспорт
Нефтедобыча
Нефтепереработка
Нефтепроводы
Газопроводы
Сельское хозяйство и пищевая пр…
Непромышленные потребители
Государственные (муниципальные…
Население и приравненные групп…
Территориальные сетевые органи…
абс.
%
Прогноз на месяц 
Ноябрь
КПО/Отпуск из сети 
Отпуск из сети, млн. кВт.ч
Организация 
Все
Прогноз электропотребления и выручки за услуги по передаче в разрезе отраслей'

29-01-2025T06:55:52 - [TEST_STEP][PASSED] - click(findTestObject("Прогноз по отраслям/Переключить отображение с процентов на абс Блок руководителя")): Object: 'Object Repository/Прогноз по отраслям/Переключить отображение с процентов на абс Блок руководителя' is clicked on

29-01-2025T06:55:53 - [MESSAGE][PASSED] - Object: 'Object Repository/Прогноз по отраслям/Переключить отображение с процентов на абс Блок руководителя' is clicked on

29-01-2025T06:55:53 - [TEST_STEP][PASSED] - a2 = getText(findTestObject("Прогноз по отраслям/Виджеты дашборда")): Text of object 'Object Repository/Прогноз по отраслям/Виджеты дашборда' is: 'Год 
2023 год
Сравнение с 
План
Отклонения по ПАО Россети на 2023 год
-492.2 -492.2
7 165.1 7 165.1
689.3 689.3
33 271.7 33 271.7
986.4 986.4
593.8 593.8
764.0 764.0
670.4 670.4
-592.4 -592.4
308.8 308.8
-940.9 -940.9
19 604.1 19 604.1
⬤ Отклонение, млн. кВт.ч
Интер РАО (для ФСК)
Промышленные потребители
Транспорт
Нефтедобыча
Нефтепереработка
Нефтепроводы
Газопроводы
Сельское хозяйство и пищевая пр…
Непромышленные потребители
Государственные (муниципальные…
Население и приравненные групп…
Территориальные сетевые органи…
Выручка отклонения по ПАО Россети на 2023 год
794.9 794.9
12 195.0 12 195.0
972.7 972.7
61 803.9 61 803.9
4 222.3 4 222.3
-121.8 -121.8
666.2 666.2
873.2 873.2
5 809.6 5 809.6
1 342.6 1 342.6
-4 463.2 -4 463.2
18 375.5 18 375.5
⬤ Отклонение, млн. руб.
Интер РАО (для ФСК)
Промышленные потребители
Транспорт
Нефтедобыча
Нефтепереработка
Нефтепроводы
Газопроводы
Сельское хозяйство и пищевая пр…
Непромышленные потребители
Государственные (муниципальные…
Население и приравненные групп…
Территориальные сетевые органи…
Динамика электропотребления, млрд. кВт.ч. по ПАО Россети на 2023 год
10 10
190 190
36 36
14 14
9 9
14 14
4 4
17 17
80 80
19 19
82 82
588 588
10 10
197 197
37 37
48 48
10 10
15 15
4 4
18 18
80 80
19 19
82 82
608 608
План
Ожидаемое (прогноз по конца года)
Интер РАО (дляФСК)
Промышленныепотребители
Транспорт
Нефтедобыча
Нефтепереработка
Нефтепроводы
Газопроводы
Сельскоехозяйство ипищеваяпромышленность
Непромышленныепотребители
Государственные(муниципальные)организации ипрочиебюджетныепотребители
Население иприравненныегруппыпотребителей
Территориальныесетевыеорганизации
Выручка по ПАО Россети на 2023 год
5 5
319 319
81 81
16 16
16 16
20 20
2 2
56 56
215 215
67 67
218 218
239 239
6 6
331 331
82 82
77 77
20 20
20 20
3 3
57 57
220 220
68 68
214 214
258 258
План
Ожидаемое (прогноз по конца года)
Интер РАО (дляФСК)
Промышленныепотребители
Транспорт
Нефтедобыча
Нефтепереработка
Нефтепроводы
Газопроводы
Сельскоехозяйство ипищеваяпромышленность
Непромышленныепотребители
Государственные(муниципальные)организации ипрочиебюджетныепотребители
Население иприравненныегруппыпотребителей
Территориальныесетевыеорганизации
абс.
%
Прогноз на месяц 
Ноябрь
КПО/Отпуск из сети 
Отпуск из сети, млн. кВт.ч
Организация 
Все
Прогноз электропотребления и выручки за услуги по передаче в разрезе отраслей'

29-01-2025T06:55:53 - [MESSAGE][PASSED] - Text of object 'Object Repository/Прогноз по отраслям/Виджеты дашборда' is: 'Год 
2023 год
Сравнение с 
План
Отклонения по ПАО Россети на 2023 год
-492.2 -492.2
7 165.1 7 165.1
689.3 689.3
33 271.7 33 271.7
986.4 986.4
593.8 593.8
764.0 764.0
670.4 670.4
-592.4 -592.4
308.8 308.8
-940.9 -940.9
19 604.1 19 604.1
⬤ Отклонение, млн. кВт.ч
Интер РАО (для ФСК)
Промышленные потребители
Транспорт
Нефтедобыча
Нефтепереработка
Нефтепроводы
Газопроводы
Сельское хозяйство и пищевая пр…
Непромышленные потребители
Государственные (муниципальные…
Население и приравненные групп…
Территориальные сетевые органи…
Выручка отклонения по ПАО Россети на 2023 год
794.9 794.9
12 195.0 12 195.0
972.7 972.7
61 803.9 61 803.9
4 222.3 4 222.3
-121.8 -121.8
666.2 666.2
873.2 873.2
5 809.6 5 809.6
1 342.6 1 342.6
-4 463.2 -4 463.2
18 375.5 18 375.5
⬤ Отклонение, млн. руб.
Интер РАО (для ФСК)
Промышленные потребители
Транспорт
Нефтедобыча
Нефтепереработка
Нефтепроводы
Газопроводы
Сельское хозяйство и пищевая пр…
Непромышленные потребители
Государственные (муниципальные…
Население и приравненные групп…
Территориальные сетевые органи…
Динамика электропотребления, млрд. кВт.ч. по ПАО Россети на 2023 год
10 10
190 190
36 36
14 14
9 9
14 14
4 4
17 17
80 80
19 19
82 82
588 588
10 10
197 197
37 37
48 48
10 10
15 15
4 4
18 18
80 80
19 19
82 82
608 608
План
Ожидаемое (прогноз по конца года)
Интер РАО (дляФСК)
Промышленныепотребители
Транспорт
Нефтедобыча
Нефтепереработка
Нефтепроводы
Газопроводы
Сельскоехозяйство ипищеваяпромышленность
Непромышленныепотребители
Государственные(муниципальные)организации ипрочиебюджетныепотребители
Население иприравненныегруппыпотребителей
Территориальныесетевыеорганизации
Выручка по ПАО Россети на 2023 год
5 5
319 319
81 81
16 16
16 16
20 20
2 2
56 56
215 215
67 67
218 218
239 239
6 6
331 331
82 82
77 77
20 20
20 20
3 3
57 57
220 220
68 68
214 214
258 258
План
Ожидаемое (прогноз по конца года)
Интер РАО (дляФСК)
Промышленныепотребители
Транспорт
Нефтедобыча
Нефтепереработка
Нефтепроводы
Газопроводы
Сельскоехозяйство ипищеваяпромышленность
Непромышленныепотребители
Государственные(муниципальные)организации ипрочиебюджетныепотребители
Население иприравненныегруппыпотребителей
Территориальныесетевыеорганизации
абс.
%
Прогноз на месяц 
Ноябрь
КПО/Отпуск из сети 
Отпуск из сети, млн. кВт.ч
Организация 
Все
Прогноз электропотребления и выручки за услуги по передаче в разрезе отраслей'

29-01-2025T06:55:53 - [TEST_STEP][PASSED] - click(findTestObject("Прогноз по отраслям/Переключить отображение с абс на проценты")): Object: 'Object Repository/Прогноз по отраслям/Переключить отображение с абс на проценты' is clicked on

29-01-2025T06:55:53 - [MESSAGE][PASSED] - Object: 'Object Repository/Прогноз по отраслям/Переключить отображение с абс на проценты' is clicked on

29-01-2025T06:55:53 - [TEST_STEP][PASSED] - i = a1.indexOf("млрд. кВт.ч."): null

29-01-2025T06:55:53 - [TEST_STEP][PASSED] - if (i > -1): null

29-01-2025T06:55:53 - [TEST_STEP][PASSED] - a1 = a1.substring(0, i) + a1.substring(i + 12, a1.length()): null

29-01-2025T06:55:53 - [TEST_STEP][PASSED] - i = a1.indexOf("Выручка"): null

29-01-2025T06:55:53 - [TEST_STEP][PASSED] - if (i > -1): null

29-01-2025T06:55:53 - [TEST_STEP][PASSED] - a1 = a1.substring(0, i) + a1.substring(i + 8, a1.length()): null

29-01-2025T06:55:53 - [TEST_STEP][PASSED] - i = a1.indexOf("по ПАО Россети на 2023 год"): null

29-01-2025T06:55:53 - [TEST_STEP][PASSED] - if (i > -1): null

29-01-2025T06:55:53 - [TEST_STEP][PASSED] - a1 = a1.substring(0, i) + a1.substring(i + 27, a1.length()): null

29-01-2025T06:55:53 - [TEST_STEP][PASSED] - i = a1.indexOf("по ПАО Россети на 2023 год"): null

29-01-2025T06:55:53 - [TEST_STEP][PASSED] - if (i > -1): null

29-01-2025T06:55:53 - [TEST_STEP][PASSED] - a1 = a1.substring(0, i) + a1.substring(i + 27, a1.length()): null

29-01-2025T06:55:53 - [TEST_STEP][PASSED] - i = a1.indexOf("по ПАО Россети на 2023 год"): null

29-01-2025T06:55:53 - [TEST_STEP][PASSED] - if (i > -1): null

29-01-2025T06:55:53 - [TEST_STEP][PASSED] - a1 = a1.substring(0, i) + a1.substring(i + 27, a1.length()): null

29-01-2025T06:55:53 - [TEST_STEP][PASSED] - i = a1.indexOf("Отклонения"): null

29-01-2025T06:55:53 - [TEST_STEP][PASSED] - if (i > -1): null

29-01-2025T06:55:53 - [TEST_STEP][PASSED] - a1 = a1.substring(0, i) + a1.substring(i + 11, a1.length()): null

29-01-2025T06:55:53 - [TEST_STEP][PASSED] - n = n + 33: null

29-01-2025T06:55:53 - [TEST_STEP][PASSED] - Script1686231490255.WriteToExcel(user, dashboardName, n, data, run, a1, a2, a3, a4, a5, a6, a7, a8, a9): null

29-01-2025T06:55:53 - [TEST_STEP][PASSED] - sheetName = "Sheet1": null

29-01-2025T06:55:53 - [TEST_STEP][PASSED] - workbook01 = getWorkbook(excelFilePath): null

29-01-2025T06:55:53 - [TEST_STEP][PASSED] - sheet01 = getExcelSheet(workbook01, sheetName): null

29-01-2025T06:55:53 - [TEST_STEP][PASSED] - setValueToCellByIndex(sheet01, n, 0, dashboardName): null

29-01-2025T06:55:53 - [TEST_STEP][PASSED] - setValueToCellByIndex(sheet01, n, 10, user): null

29-01-2025T06:55:53 - [TEST_STEP][PASSED] - setValueToCellByIndex(sheet01, n, 1, a1): null

29-01-2025T06:55:53 - [TEST_STEP][PASSED] - setValueToCellByIndex(sheet01, n, 2, a2): null

29-01-2025T06:55:53 - [TEST_STEP][PASSED] - setValueToCellByIndex(sheet01, n, 3, a3): null

29-01-2025T06:55:53 - [TEST_STEP][PASSED] - setValueToCellByIndex(sheet01, n, 4, a4): null

29-01-2025T06:55:53 - [TEST_STEP][PASSED] - setValueToCellByIndex(sheet01, n, 5, a5): null

29-01-2025T06:55:53 - [TEST_STEP][PASSED] - setValueToCellByIndex(sheet01, n, 6, a6): null

29-01-2025T06:55:53 - [TEST_STEP][PASSED] - setValueToCellByIndex(sheet01, n, 7, a7): null

29-01-2025T06:55:53 - [TEST_STEP][PASSED] - setValueToCellByIndex(sheet01, n, 8, a8): null

29-01-2025T06:55:53 - [TEST_STEP][PASSED] - setValueToCellByIndex(sheet01, n, 9, a9): null

29-01-2025T06:55:53 - [TEST_STEP][PASSED] - n = n + 1: null

29-01-2025T06:55:53 - [TEST_STEP][PASSED] - saveWorkbook(excelFilePath, workbook01): null

29-01-2025T06:55:54 - [TEST_STEP][PASSED] - if (run == 2): null

29-01-2025T06:55:54 - [TEST_STEP][PASSED] - if (run == 3): null

29-01-2025T06:55:54 - [TEST_STEP][PASSED] - closeBrowser(): null

29-01-2025T06:55:54 - [MESSAGE][PASSED] - Browser is closed

29-01-2025T06:55:54 - [TEST_STEP][PASSED] - PrognozPoOtraslyam(user, dashboardName, n, data, run, a1, a2, a3, a4, a5, a6, a7, a8, a9, urlData): null

29-01-2025T06:55:54 - [TEST_STEP][PASSED] - n = data.getRowNumbers() + 1: null

29-01-2025T06:55:54 - [TEST_STEP][PASSED] - println(n): null

29-01-2025T06:55:54 - [TEST_STEP][PASSED] - dashboardName = "Прогноз по отраслям": null

29-01-2025T06:55:54 - [TEST_STEP][PASSED] - openBrowser(""): Browser is opened with url: ''

29-01-2025T06:55:54 - [MESSAGE][INFO] - Starting 'Chrome' driver

29-01-2025T06:55:54 - [MESSAGE][INFO] - Action delay is set to 0 milliseconds

29-01-2025T06:55:55 - [MESSAGE][PASSED] - Browser is opened with url: ''

29-01-2025T06:55:55 - [TEST_STEP][PASSED] - urlData = 6: null

29-01-2025T06:55:55 - [TEST_STEP][PASSED] - Script1686231490255.CheckPageDownload(urlData, run): null

29-01-2025T06:55:55 - [TEST_STEP][PASSED] - i = 1: null

29-01-2025T06:55:55 - [TEST_STEP][PASSED] - ii = 0: null

29-01-2025T06:55:55 - [TEST_STEP][PASSED] - urlText = <not implemented yet for class: org.codehaus.groovy.ast.expr.EmptyExpression>: null

29-01-2025T06:55:55 - [TEST_STEP][PASSED] - searchWord = <not implemented yet for class: org.codehaus.groovy.ast.expr.EmptyExpression>: null

29-01-2025T06:55:55 - [TEST_STEP][PASSED] - deleteAllCookies(): Delete all cookies successfully

29-01-2025T06:55:55 - [MESSAGE][PASSED] - Delete all cookies successfully

29-01-2025T06:55:55 - [TEST_STEP][PASSED] - refresh(): Refresh successfully

29-01-2025T06:55:55 - [MESSAGE][PASSED] - Refresh successfully

29-01-2025T06:55:55 - [TEST_STEP][PASSED] - delay(70): Delayed 70 second(s)

29-01-2025T06:57:05 - [MESSAGE][PASSED] - Delayed 70 second(s)

29-01-2025T06:57:05 - [TEST_STEP][PASSED] - navigateToUrl(findTestData("PlanFact").getValue(10, urlData)): Navigate to 'https://bi.rosseti.digital/viewer?dashboardGuid=d6acb5b1a7114a9791b34de39263106e&sheetGuid=0b6d261d7f7b4424a967aa8f3a724189&fit=true' successfully

29-01-2025T06:57:12 - [MESSAGE][PASSED] - Navigate to 'https://bi.rosseti.digital/viewer?dashboardGuid=d6acb5b1a7114a9791b34de39263106e&sheetGuid=0b6d261d7f7b4424a967aa8f3a724189&fit=true' successfully

29-01-2025T06:57:12 - [TEST_STEP][PASSED] - pageLoaded1 = verifyElementPresent(findTestObject("Страница авторизации/Text"), 30): Object 'Object Repository/Страница авторизации/Text' is present

29-01-2025T06:57:14 - [MESSAGE][PASSED] - Object 'Object Repository/Страница авторизации/Text' is present

29-01-2025T06:57:14 - [TEST_STEP][PASSED] - if (pageLoaded1 == false): null

29-01-2025T06:57:14 - [TEST_STEP][PASSED] - urlText = getText(findTestObject("Страница авторизации/Text")): Text of object 'Object Repository/Страница авторизации/Text' is: 'Вход'

29-01-2025T06:57:14 - [MESSAGE][PASSED] - Text of object 'Object Repository/Страница авторизации/Text' is: 'Вход'

29-01-2025T06:57:14 - [TEST_STEP][PASSED] - delay(70): Delayed 70 second(s)

29-01-2025T06:58:24 - [MESSAGE][PASSED] - Delayed 70 second(s)

29-01-2025T06:58:24 - [TEST_STEP][PASSED] - searchWord = "Вход": null

29-01-2025T06:58:24 - [TEST_STEP][PASSED] - if (urlText.contains(searchWord) == false): null

29-01-2025T06:58:24 - [TEST_STEP][PASSED] - setText(findTestObject("Страница авторизации/input__username"), findTestData("PlanFact").getValue(8, run)): Text 'Andreeva-EV' is set on object 'Object Repository/Страница авторизации/input__username'

29-01-2025T06:58:24 - [MESSAGE][PASSED] - Text 'Andreeva-EV' is set on object 'Object Repository/Страница авторизации/input__username'

29-01-2025T06:58:24 - [TEST_STEP][PASSED] - setText(findTestObject("Страница авторизации/input__password"), findTestData("PlanFact").getValue(9, run)): Text '2nPePKDwCPH3ul7xMZ' is set on object 'Object Repository/Страница авторизации/input__password'

29-01-2025T06:58:25 - [MESSAGE][PASSED] - Text '2nPePKDwCPH3ul7xMZ' is set on object 'Object Repository/Страница авторизации/input__password'

29-01-2025T06:58:25 - [TEST_STEP][PASSED] - click(findTestObject("Страница авторизации/button_")): Object: 'Object Repository/Страница авторизации/button_' is clicked on

29-01-2025T06:58:26 - [MESSAGE][PASSED] - Object: 'Object Repository/Страница авторизации/button_' is clicked on

29-01-2025T06:58:26 - [TEST_STEP][PASSED] - delay(70): Delayed 70 second(s)

29-01-2025T06:59:36 - [MESSAGE][PASSED] - Delayed 70 second(s)

29-01-2025T06:59:36 - [TEST_STEP][PASSED] - searchWord = "а": null

29-01-2025T06:59:36 - [TEST_STEP][PASSED] - pageLoaded2 = verifyElementPresent(findTestObject("Страница авторизации/Text"), 50): Object 'Object Repository/Страница авторизации/Text' is present

29-01-2025T06:59:36 - [MESSAGE][PASSED] - Object 'Object Repository/Страница авторизации/Text' is present

29-01-2025T06:59:36 - [TEST_STEP][PASSED] - if (pageLoaded2 == false): null

29-01-2025T06:59:36 - [TEST_STEP][PASSED] - urlText = getText(findTestObject("Страница авторизации/Text")): Text of object 'Object Repository/Страница авторизации/Text' is: 'Год 
2023 год
Сравнение с 
План
Динамика электропотребления, млрд. кВт.ч. по ПАО Россети на 2023 год
10 10
190 190
36 36
14 14
9 9
14 14
4 4
17 17
80 80
19 19
82 82
588 588
10 10
197 197
37 37
48 48
10 10
15 15
4 4
18 18
80 80
19 19
82 82
608 608
План
Ожидаемое (прогноз по конца года)
Интер РАО (дляФСК)
Промышленныепотребители
Транспорт
Нефтедобыча
Нефтепереработка
Нефтепроводы
Газопроводы
Сельскоехозяйство ипищеваяпромышленность
Непромышленныепотребители
Государственные(муниципальные)организации ипрочиебюджетныепотребители
Население иприравненныегруппыпотребителей
Территориальныесетевыеорганизации
Выручка по ПАО Россети на 2023 год
5 5
319 319
81 81
16 16
16 16
20 20
2 2
56 56
215 215
67 67
218 218
239 239
6 6
331 331
82 82
77 77
20 20
20 20
3 3
57 57
220 220
68 68
214 214
258 258
План
Ожидаемое (прогноз по конца года)
Интер РАО (дляФСК)
Промышленныепотребители
Транспорт
Нефтедобыча
Нефтепереработка
Нефтепроводы
Газопроводы
Сельскоехозяйство ипищеваяпромышленность
Непромышленныепотребители
Государственные(муниципальные)организации ипрочиебюджетныепотребители
Население иприравненныегруппыпотребителей
Территориальныесетевыеорганизации
Отклонения по ПАО Россети на 2023 год
-4.7% -4.7%
3.8% 3.8%
1.9% 1.9%
230.3% 230.3%
10.9% 10.9%
4.2% 4.2%
21.7% 21.7%
3.9% 3.9%
-0.6% -0.6%
1.6% 1.6%
-1.0% -1.0%
3.3% 3.3%
⬤ Отклонение, %
Интер РАО (для ФСК)
Промышленные потребители
Транспорт
Нефтедобыча
Нефтепереработка
Нефтепроводы
Газопроводы
Сельское хозяйство и пищевая пр…
Непромышленные потребители
Государственные (муниципальные…
Население и приравненные групп…
Территориальные сетевые органи…
Выручка отклонения по ПАО Россети на 2023 год
15.6% 15.6%
3.8% 3.8%
1.2% 1.2%
398.2% 398.2%
26.9% 26.9%
-0.6% -0.6%
26.9% 26.9%
1.5% 1.5%
2.7% 2.7%
2.0% 2.0%
-2.0% -2.0%
7.9% 7.9%
⬤ Отклонение, %
Интер РАО (для ФСК)
Промышленные потребители
Транспорт
Нефтедобыча
Нефтепереработка
Нефтепроводы
Газопроводы
Сельское хозяйство и пищевая пр…
Непромышленные потребители
Государственные (муниципальные…
Население и приравненные групп…
Территориальные сетевые органи…
абс.
%
Прогноз на месяц 
Ноябрь
КПО/Отпуск из сети 
Отпуск из сети, млн. кВт.ч
Организация 
Все
Прогноз электропотребления и выручки за услуги по передаче в разрезе отраслей'

29-01-2025T06:59:37 - [MESSAGE][PASSED] - Text of object 'Object Repository/Страница авторизации/Text' is: 'Год 
2023 год
Сравнение с 
План
Динамика электропотребления, млрд. кВт.ч. по ПАО Россети на 2023 год
10 10
190 190
36 36
14 14
9 9
14 14
4 4
17 17
80 80
19 19
82 82
588 588
10 10
197 197
37 37
48 48
10 10
15 15
4 4
18 18
80 80
19 19
82 82
608 608
План
Ожидаемое (прогноз по конца года)
Интер РАО (дляФСК)
Промышленныепотребители
Транспорт
Нефтедобыча
Нефтепереработка
Нефтепроводы
Газопроводы
Сельскоехозяйство ипищеваяпромышленность
Непромышленныепотребители
Государственные(муниципальные)организации ипрочиебюджетныепотребители
Население иприравненныегруппыпотребителей
Территориальныесетевыеорганизации
Выручка по ПАО Россети на 2023 год
5 5
319 319
81 81
16 16
16 16
20 20
2 2
56 56
215 215
67 67
218 218
239 239
6 6
331 331
82 82
77 77
20 20
20 20
3 3
57 57
220 220
68 68
214 214
258 258
План
Ожидаемое (прогноз по конца года)
Интер РАО (дляФСК)
Промышленныепотребители
Транспорт
Нефтедобыча
Нефтепереработка
Нефтепроводы
Газопроводы
Сельскоехозяйство ипищеваяпромышленность
Непромышленныепотребители
Государственные(муниципальные)организации ипрочиебюджетныепотребители
Население иприравненныегруппыпотребителей
Территориальныесетевыеорганизации
Отклонения по ПАО Россети на 2023 год
-4.7% -4.7%
3.8% 3.8%
1.9% 1.9%
230.3% 230.3%
10.9% 10.9%
4.2% 4.2%
21.7% 21.7%
3.9% 3.9%
-0.6% -0.6%
1.6% 1.6%
-1.0% -1.0%
3.3% 3.3%
⬤ Отклонение, %
Интер РАО (для ФСК)
Промышленные потребители
Транспорт
Нефтедобыча
Нефтепереработка
Нефтепроводы
Газопроводы
Сельское хозяйство и пищевая пр…
Непромышленные потребители
Государственные (муниципальные…
Население и приравненные групп…
Территориальные сетевые органи…
Выручка отклонения по ПАО Россети на 2023 год
15.6% 15.6%
3.8% 3.8%
1.2% 1.2%
398.2% 398.2%
26.9% 26.9%
-0.6% -0.6%
26.9% 26.9%
1.5% 1.5%
2.7% 2.7%
2.0% 2.0%
-2.0% -2.0%
7.9% 7.9%
⬤ Отклонение, %
Интер РАО (для ФСК)
Промышленные потребители
Транспорт
Нефтедобыча
Нефтепереработка
Нефтепроводы
Газопроводы
Сельское хозяйство и пищевая пр…
Непромышленные потребители
Государственные (муниципальные…
Население и приравненные групп…
Территориальные сетевые органи…
абс.
%
Прогноз на месяц 
Ноябрь
КПО/Отпуск из сети 
Отпуск из сети, млн. кВт.ч
Организация 
Все
Прогноз электропотребления и выручки за услуги по передаче в разрезе отраслей'

29-01-2025T06:59:37 - [TEST_STEP][PASSED] - if (urlText.contains("ошибка") || urlText.contains(searchWord) == false): null

29-01-2025T06:59:37 - [TEST_STEP][PASSED] - a3 = "": null

29-01-2025T06:59:37 - [TEST_STEP][PASSED] - a4 = "": null

29-01-2025T06:59:37 - [TEST_STEP][PASSED] - a5 = "": null

29-01-2025T06:59:37 - [TEST_STEP][PASSED] - a6 = "": null

29-01-2025T06:59:37 - [TEST_STEP][PASSED] - a7 = "": null

29-01-2025T06:59:37 - [TEST_STEP][PASSED] - a8 = "": null

29-01-2025T06:59:37 - [TEST_STEP][PASSED] - a9 = "": null

29-01-2025T06:59:37 - [TEST_STEP][PASSED] - if (run == 1): null

29-01-2025T06:59:37 - [TEST_STEP][PASSED] - if (run == 2): null

29-01-2025T06:59:37 - [TEST_STEP][PASSED] - user = "Андреева": null

29-01-2025T06:59:37 - [TEST_STEP][PASSED] - a1 = getText(findTestObject("Прогноз по отраслям/Виджеты дашборда")): Text of object 'Object Repository/Прогноз по отраслям/Виджеты дашборда' is: 'Год 
2023 год
Сравнение с 
План
Динамика электропотребления, млрд. кВт.ч. по ПАО Россети на 2023 год
10 10
190 190
36 36
14 14
9 9
14 14
4 4
17 17
80 80
19 19
82 82
588 588
10 10
197 197
37 37
48 48
10 10
15 15
4 4
18 18
80 80
19 19
82 82
608 608
План
Ожидаемое (прогноз по конца года)
Интер РАО (дляФСК)
Промышленныепотребители
Транспорт
Нефтедобыча
Нефтепереработка
Нефтепроводы
Газопроводы
Сельскоехозяйство ипищеваяпромышленность
Непромышленныепотребители
Государственные(муниципальные)организации ипрочиебюджетныепотребители
Население иприравненныегруппыпотребителей
Территориальныесетевыеорганизации
Выручка по ПАО Россети на 2023 год
5 5
319 319
81 81
16 16
16 16
20 20
2 2
56 56
215 215
67 67
218 218
239 239
6 6
331 331
82 82
77 77
20 20
20 20
3 3
57 57
220 220
68 68
214 214
258 258
План
Ожидаемое (прогноз по конца года)
Интер РАО (дляФСК)
Промышленныепотребители
Транспорт
Нефтедобыча
Нефтепереработка
Нефтепроводы
Газопроводы
Сельскоехозяйство ипищеваяпромышленность
Непромышленныепотребители
Государственные(муниципальные)организации ипрочиебюджетныепотребители
Население иприравненныегруппыпотребителей
Территориальныесетевыеорганизации
Отклонения по ПАО Россети на 2023 год
-4.7% -4.7%
3.8% 3.8%
1.9% 1.9%
230.3% 230.3%
10.9% 10.9%
4.2% 4.2%
21.7% 21.7%
3.9% 3.9%
-0.6% -0.6%
1.6% 1.6%
-1.0% -1.0%
3.3% 3.3%
⬤ Отклонение, %
Интер РАО (для ФСК)
Промышленные потребители
Транспорт
Нефтедобыча
Нефтепереработка
Нефтепроводы
Газопроводы
Сельское хозяйство и пищевая пр…
Непромышленные потребители
Государственные (муниципальные…
Население и приравненные групп…
Территориальные сетевые органи…
Выручка отклонения по ПАО Россети на 2023 год
15.6% 15.6%
3.8% 3.8%
1.2% 1.2%
398.2% 398.2%
26.9% 26.9%
-0.6% -0.6%
26.9% 26.9%
1.5% 1.5%
2.7% 2.7%
2.0% 2.0%
-2.0% -2.0%
7.9% 7.9%
⬤ Отклонение, %
Интер РАО (для ФСК)
Промышленные потребители
Транспорт
Нефтедобыча
Нефтепереработка
Нефтепроводы
Газопроводы
Сельское хозяйство и пищевая пр…
Непромышленные потребители
Государственные (муниципальные…
Население и приравненные групп…
Территориальные сетевые органи…
абс.
%
Прогноз на месяц 
Ноябрь
КПО/Отпуск из сети 
Отпуск из сети, млн. кВт.ч
Организация 
Все
Прогноз электропотребления и выручки за услуги по передаче в разрезе отраслей'

29-01-2025T06:59:37 - [MESSAGE][PASSED] - Text of object 'Object Repository/Прогноз по отраслям/Виджеты дашборда' is: 'Год 
2023 год
Сравнение с 
План
Динамика электропотребления, млрд. кВт.ч. по ПАО Россети на 2023 год
10 10
190 190
36 36
14 14
9 9
14 14
4 4
17 17
80 80
19 19
82 82
588 588
10 10
197 197
37 37
48 48
10 10
15 15
4 4
18 18
80 80
19 19
82 82
608 608
План
Ожидаемое (прогноз по конца года)
Интер РАО (дляФСК)
Промышленныепотребители
Транспорт
Нефтедобыча
Нефтепереработка
Нефтепроводы
Газопроводы
Сельскоехозяйство ипищеваяпромышленность
Непромышленныепотребители
Государственные(муниципальные)организации ипрочиебюджетныепотребители
Население иприравненныегруппыпотребителей
Территориальныесетевыеорганизации
Выручка по ПАО Россети на 2023 год
5 5
319 319
81 81
16 16
16 16
20 20
2 2
56 56
215 215
67 67
218 218
239 239
6 6
331 331
82 82
77 77
20 20
20 20
3 3
57 57
220 220
68 68
214 214
258 258
План
Ожидаемое (прогноз по конца года)
Интер РАО (дляФСК)
Промышленныепотребители
Транспорт
Нефтедобыча
Нефтепереработка
Нефтепроводы
Газопроводы
Сельскоехозяйство ипищеваяпромышленность
Непромышленныепотребители
Государственные(муниципальные)организации ипрочиебюджетныепотребители
Население иприравненныегруппыпотребителей
Территориальныесетевыеорганизации
Отклонения по ПАО Россети на 2023 год
-4.7% -4.7%
3.8% 3.8%
1.9% 1.9%
230.3% 230.3%
10.9% 10.9%
4.2% 4.2%
21.7% 21.7%
3.9% 3.9%
-0.6% -0.6%
1.6% 1.6%
-1.0% -1.0%
3.3% 3.3%
⬤ Отклонение, %
Интер РАО (для ФСК)
Промышленные потребители
Транспорт
Нефтедобыча
Нефтепереработка
Нефтепроводы
Газопроводы
Сельское хозяйство и пищевая пр…
Непромышленные потребители
Государственные (муниципальные…
Население и приравненные групп…
Территориальные сетевые органи…
Выручка отклонения по ПАО Россети на 2023 год
15.6% 15.6%
3.8% 3.8%
1.2% 1.2%
398.2% 398.2%
26.9% 26.9%
-0.6% -0.6%
26.9% 26.9%
1.5% 1.5%
2.7% 2.7%
2.0% 2.0%
-2.0% -2.0%
7.9% 7.9%
⬤ Отклонение, %
Интер РАО (для ФСК)
Промышленные потребители
Транспорт
Нефтедобыча
Нефтепереработка
Нефтепроводы
Газопроводы
Сельское хозяйство и пищевая пр…
Непромышленные потребители
Государственные (муниципальные…
Население и приравненные групп…
Территориальные сетевые органи…
абс.
%
Прогноз на месяц 
Ноябрь
КПО/Отпуск из сети 
Отпуск из сети, млн. кВт.ч
Организация 
Все
Прогноз электропотребления и выручки за услуги по передаче в разрезе отраслей'

29-01-2025T06:59:37 - [TEST_STEP][PASSED] - click(findTestObject("Прогноз по отраслям/Переключить отображение с процентов на абс Блок руководителя")): Object: 'Object Repository/Прогноз по отраслям/Переключить отображение с процентов на абс Блок руководителя' is clicked on

29-01-2025T06:59:38 - [MESSAGE][PASSED] - Object: 'Object Repository/Прогноз по отраслям/Переключить отображение с процентов на абс Блок руководителя' is clicked on

29-01-2025T06:59:38 - [TEST_STEP][PASSED] - a2 = getText(findTestObject("Прогноз по отраслям/Виджеты дашборда")): Text of object 'Object Repository/Прогноз по отраслям/Виджеты дашборда' is: 'Год 
2023 год
Сравнение с 
План
Отклонения по ПАО Россети на 2023 год
-492.2 -492.2
7 165.1 7 165.1
689.3 689.3
33 271.7 33 271.7
986.4 986.4
593.8 593.8
764.0 764.0
670.4 670.4
-592.4 -592.4
308.8 308.8
-940.9 -940.9
19 604.1 19 604.1
⬤ Отклонение, млн. кВт.ч
Интер РАО (для ФСК)
Промышленные потребители
Транспорт
Нефтедобыча
Нефтепереработка
Нефтепроводы
Газопроводы
Сельское хозяйство и пищевая пр…
Непромышленные потребители
Государственные (муниципальные…
Население и приравненные групп…
Территориальные сетевые органи…
Выручка отклонения по ПАО Россети на 2023 год
794.9 794.9
12 195.0 12 195.0
972.7 972.7
61 803.9 61 803.9
4 222.3 4 222.3
-121.8 -121.8
666.2 666.2
873.2 873.2
5 809.6 5 809.6
1 342.6 1 342.6
-4 463.2 -4 463.2
18 375.5 18 375.5
⬤ Отклонение, млн. руб.
Интер РАО (для ФСК)
Промышленные потребители
Транспорт
Нефтедобыча
Нефтепереработка
Нефтепроводы
Газопроводы
Сельское хозяйство и пищевая пр…
Непромышленные потребители
Государственные (муниципальные…
Население и приравненные групп…
Территориальные сетевые органи…
Динамика электропотребления, млрд. кВт.ч. по ПАО Россети на 2023 год
10 10
190 190
36 36
14 14
9 9
14 14
4 4
17 17
80 80
19 19
82 82
588 588
10 10
197 197
37 37
48 48
10 10
15 15
4 4
18 18
80 80
19 19
82 82
608 608
План
Ожидаемое (прогноз по конца года)
Интер РАО (дляФСК)
Промышленныепотребители
Транспорт
Нефтедобыча
Нефтепереработка
Нефтепроводы
Газопроводы
Сельскоехозяйство ипищеваяпромышленность
Непромышленныепотребители
Государственные(муниципальные)организации ипрочиебюджетныепотребители
Население иприравненныегруппыпотребителей
Территориальныесетевыеорганизации
Выручка по ПАО Россети на 2023 год
5 5
319 319
81 81
16 16
16 16
20 20
2 2
56 56
215 215
67 67
218 218
239 239
6 6
331 331
82 82
77 77
20 20
20 20
3 3
57 57
220 220
68 68
214 214
258 258
План
Ожидаемое (прогноз по конца года)
Интер РАО (дляФСК)
Промышленныепотребители
Транспорт
Нефтедобыча
Нефтепереработка
Нефтепроводы
Газопроводы
Сельскоехозяйство ипищеваяпромышленность
Непромышленныепотребители
Государственные(муниципальные)организации ипрочиебюджетныепотребители
Население иприравненныегруппыпотребителей
Территориальныесетевыеорганизации
абс.
%
Прогноз на месяц 
Ноябрь
КПО/Отпуск из сети 
Отпуск из сети, млн. кВт.ч
Организация 
Все
Прогноз электропотребления и выручки за услуги по передаче в разрезе отраслей'

29-01-2025T06:59:38 - [MESSAGE][PASSED] - Text of object 'Object Repository/Прогноз по отраслям/Виджеты дашборда' is: 'Год 
2023 год
Сравнение с 
План
Отклонения по ПАО Россети на 2023 год
-492.2 -492.2
7 165.1 7 165.1
689.3 689.3
33 271.7 33 271.7
986.4 986.4
593.8 593.8
764.0 764.0
670.4 670.4
-592.4 -592.4
308.8 308.8
-940.9 -940.9
19 604.1 19 604.1
⬤ Отклонение, млн. кВт.ч
Интер РАО (для ФСК)
Промышленные потребители
Транспорт
Нефтедобыча
Нефтепереработка
Нефтепроводы
Газопроводы
Сельское хозяйство и пищевая пр…
Непромышленные потребители
Государственные (муниципальные…
Население и приравненные групп…
Территориальные сетевые органи…
Выручка отклонения по ПАО Россети на 2023 год
794.9 794.9
12 195.0 12 195.0
972.7 972.7
61 803.9 61 803.9
4 222.3 4 222.3
-121.8 -121.8
666.2 666.2
873.2 873.2
5 809.6 5 809.6
1 342.6 1 342.6
-4 463.2 -4 463.2
18 375.5 18 375.5
⬤ Отклонение, млн. руб.
Интер РАО (для ФСК)
Промышленные потребители
Транспорт
Нефтедобыча
Нефтепереработка
Нефтепроводы
Газопроводы
Сельское хозяйство и пищевая пр…
Непромышленные потребители
Государственные (муниципальные…
Население и приравненные групп…
Территориальные сетевые органи…
Динамика электропотребления, млрд. кВт.ч. по ПАО Россети на 2023 год
10 10
190 190
36 36
14 14
9 9
14 14
4 4
17 17
80 80
19 19
82 82
588 588
10 10
197 197
37 37
48 48
10 10
15 15
4 4
18 18
80 80
19 19
82 82
608 608
План
Ожидаемое (прогноз по конца года)
Интер РАО (дляФСК)
Промышленныепотребители
Транспорт
Нефтедобыча
Нефтепереработка
Нефтепроводы
Газопроводы
Сельскоехозяйство ипищеваяпромышленность
Непромышленныепотребители
Государственные(муниципальные)организации ипрочиебюджетныепотребители
Население иприравненныегруппыпотребителей
Территориальныесетевыеорганизации
Выручка по ПАО Россети на 2023 год
5 5
319 319
81 81
16 16
16 16
20 20
2 2
56 56
215 215
67 67
218 218
239 239
6 6
331 331
82 82
77 77
20 20
20 20
3 3
57 57
220 220
68 68
214 214
258 258
План
Ожидаемое (прогноз по конца года)
Интер РАО (дляФСК)
Промышленныепотребители
Транспорт
Нефтедобыча
Нефтепереработка
Нефтепроводы
Газопроводы
Сельскоехозяйство ипищеваяпромышленность
Непромышленныепотребители
Государственные(муниципальные)организации ипрочиебюджетныепотребители
Население иприравненныегруппыпотребителей
Территориальныесетевыеорганизации
абс.
%
Прогноз на месяц 
Ноябрь
КПО/Отпуск из сети 
Отпуск из сети, млн. кВт.ч
Организация 
Все
Прогноз электропотребления и выручки за услуги по передаче в разрезе отраслей'

29-01-2025T06:59:38 - [TEST_STEP][PASSED] - click(findTestObject("Прогноз по отраслям/Переключить отображение с абс на проценты")): Object: 'Object Repository/Прогноз по отраслям/Переключить отображение с абс на проценты' is clicked on

29-01-2025T06:59:38 - [MESSAGE][PASSED] - Object: 'Object Repository/Прогноз по отраслям/Переключить отображение с абс на проценты' is clicked on

29-01-2025T06:59:38 - [TEST_STEP][PASSED] - i = a1.indexOf("млрд. кВт.ч."): null

29-01-2025T06:59:38 - [TEST_STEP][PASSED] - if (i > -1): null

29-01-2025T06:59:38 - [TEST_STEP][PASSED] - a1 = a1.substring(0, i) + a1.substring(i + 12, a1.length()): null

29-01-2025T06:59:38 - [TEST_STEP][PASSED] - i = a1.indexOf("по ПАО Россети на 2023 год"): null

29-01-2025T06:59:38 - [TEST_STEP][PASSED] - if (i > -1): null

29-01-2025T06:59:38 - [TEST_STEP][PASSED] - a1 = a1.substring(0, i) + a1.substring(i + 27, a1.length()): null

29-01-2025T06:59:38 - [TEST_STEP][PASSED] - i = a1.indexOf("Выручка"): null

29-01-2025T06:59:38 - [TEST_STEP][PASSED] - if (i > -1): null

29-01-2025T06:59:38 - [TEST_STEP][PASSED] - a1 = a1.substring(0, i) + a1.substring(i + 8, a1.length()): null

29-01-2025T06:59:38 - [TEST_STEP][PASSED] - i = a1.indexOf("по ПАО Россети на 2023 год"): null

29-01-2025T06:59:38 - [TEST_STEP][PASSED] - if (i > -1): null

29-01-2025T06:59:38 - [TEST_STEP][PASSED] - a1 = a1.substring(0, i) + a1.substring(i + 27, a1.length()): null

29-01-2025T06:59:38 - [TEST_STEP][PASSED] - i = a1.indexOf("по ПАО Россети на 2023 год"): null

29-01-2025T06:59:38 - [TEST_STEP][PASSED] - if (i > -1): null

29-01-2025T06:59:38 - [TEST_STEP][PASSED] - a1 = a1.substring(0, i) + a1.substring(i + 27, a1.length()): null

29-01-2025T06:59:38 - [TEST_STEP][PASSED] - i = a1.indexOf("Отклонения по ПАО Россети на 2023 год"): null

29-01-2025T06:59:38 - [TEST_STEP][PASSED] - if (i > -1): null

29-01-2025T06:59:38 - [TEST_STEP][PASSED] - i = a1.indexOf("Отклонения"): null

29-01-2025T06:59:38 - [TEST_STEP][PASSED] - if (i > -1): null

29-01-2025T06:59:38 - [TEST_STEP][PASSED] - a1 = a1.substring(0, i) + a1.substring(i + 11, a1.length()): null

29-01-2025T06:59:38 - [TEST_STEP][PASSED] - n = n + 34: null

29-01-2025T06:59:38 - [TEST_STEP][PASSED] - b = n - run + 1: null

29-01-2025T06:59:38 - [TEST_STEP][PASSED] - verifyEqual(findTestData("PlanFact").getValue(2, b), a1): Actual object 'Год 
2023 год
Сравнение с 
План
Динамика электропотребления,  10 10
190 190
36 36
14 14
9 9
14 14
4 4
17 17
80 80
19 19
82 82
588 588
10 10
197 197
37 37
48 48
10 10
15 15
4 4
18 18
80 80
19 19
82 82
608 608
План
Ожидаемое (прогноз по конца года)
Интер РАО (дляФСК)
Промышленныепотребители
Транспорт
Нефтедобыча
Нефтепереработка
Нефтепроводы
Газопроводы
Сельскоехозяйство ипищеваяпромышленность
Непромышленныепотребители
Государственные(муниципальные)организации ипрочиебюджетныепотребители
Население иприравненныегруппыпотребителей
Территориальныесетевыеорганизации
5 5
319 319
81 81
16 16
16 16
20 20
2 2
56 56
215 215
67 67
218 218
239 239
6 6
331 331
82 82
77 77
20 20
20 20
3 3
57 57
220 220
68 68
214 214
258 258
План
Ожидаемое (прогноз по конца года)
Интер РАО (дляФСК)
Промышленныепотребители
Транспорт
Нефтедобыча
Нефтепереработка
Нефтепроводы
Газопроводы
Сельскоехозяйство ипищеваяпромышленность
Непромышленныепотребители
Государственные(муниципальные)организации ипрочиебюджетныепотребители
Население иприравненныегруппыпотребителей
Территориальныесетевыеорганизации
-4.7% -4.7%
3.8% 3.8%
1.9% 1.9%
230.3% 230.3%
10.9% 10.9%
4.2% 4.2%
21.7% 21.7%
3.9% 3.9%
-0.6% -0.6%
1.6% 1.6%
-1.0% -1.0%
3.3% 3.3%
⬤ Отклонение, %
Интер РАО (для ФСК)
Промышленные потребители
Транспорт
Нефтедобыча
Нефтепереработка
Нефтепроводы
Газопроводы
Сельское хозяйство и пищевая пр…
Непромышленные потребители
Государственные (муниципальные…
Население и приравненные групп…
Территориальные сетевые органи…
Выручка отклонения по ПАО Россети на 2023 год
15.6% 15.6%
3.8% 3.8%
1.2% 1.2%
398.2% 398.2%
26.9% 26.9%
-0.6% -0.6%
26.9% 26.9%
1.5% 1.5%
2.7% 2.7%
2.0% 2.0%
-2.0% -2.0%
7.9% 7.9%
⬤ Отклонение, %
Интер РАО (для ФСК)
Промышленные потребители
Транспорт
Нефтедобыча
Нефтепереработка
Нефтепроводы
Газопроводы
Сельское хозяйство и пищевая пр…
Непромышленные потребители
Государственные (муниципальные…
Население и приравненные групп…
Территориальные сетевые органи…
абс.
%
Прогноз на месяц 
Ноябрь
КПО/Отпуск из сети 
Отпуск из сети, млн. кВт.ч
Организация 
Все
Прогноз электропотребления и выручки за услуги по передаче в разрезе отраслей' and expected object 'Год 
2023 год
Сравнение с 
План
Динамика электропотребления,  10 10
190 190
36 36
14 14
9 9
14 14
4 4
17 17
80 80
19 19
82 82
588 588
10 10
197 197
37 37
48 48
10 10
15 15
4 4
18 18
80 80
19 19
82 82
608 608
План
Ожидаемое (прогноз по конца года)
Интер РАО (дляФСК)
Промышленныепотребители
Транспорт
Нефтедобыча
Нефтепереработка
Нефтепроводы
Газопроводы
Сельскоехозяйство ипищеваяпромышленность
Непромышленныепотребители
Государственные(муниципальные)организации ипрочиебюджетныепотребители
Население иприравненныегруппыпотребителей
Территориальныесетевыеорганизации
5 5
319 319
81 81
16 16
16 16
20 20
2 2
56 56
215 215
67 67
218 218
239 239
6 6
331 331
82 82
77 77
20 20
20 20
3 3
57 57
220 220
68 68
214 214
258 258
План
Ожидаемое (прогноз по конца года)
Интер РАО (дляФСК)
Промышленныепотребители
Транспорт
Нефтедобыча
Нефтепереработка
Нефтепроводы
Газопроводы
Сельскоехозяйство ипищеваяпромышленность
Непромышленныепотребители
Государственные(муниципальные)организации ипрочиебюджетныепотребители
Население иприравненныегруппыпотребителей
Территориальныесетевыеорганизации
-4.7% -4.7%
3.8% 3.8%
1.9% 1.9%
230.3% 230.3%
10.9% 10.9%
4.2% 4.2%
21.7% 21.7%
3.9% 3.9%
-0.6% -0.6%
1.6% 1.6%
-1.0% -1.0%
3.3% 3.3%
⬤ Отклонение, %
Интер РАО (для ФСК)
Промышленные потребители
Транспорт
Нефтедобыча
Нефтепереработка
Нефтепроводы
Газопроводы
Сельское хозяйство и пищевая пр…
Непромышленные потребители
Государственные (муниципальные…
Население и приравненные групп…
Территориальные сетевые органи…
Выручка отклонения по ПАО Россети на 2023 год
15.6% 15.6%
3.8% 3.8%
1.2% 1.2%
398.2% 398.2%
26.9% 26.9%
-0.6% -0.6%
26.9% 26.9%
1.5% 1.5%
2.7% 2.7%
2.0% 2.0%
-2.0% -2.0%
7.9% 7.9%
⬤ Отклонение, %
Интер РАО (для ФСК)
Промышленные потребители
Транспорт
Нефтедобыча
Нефтепереработка
Нефтепроводы
Газопроводы
Сельское хозяйство и пищевая пр…
Непромышленные потребители
Государственные (муниципальные…
Население и приравненные групп…
Территориальные сетевые органи…
абс.
%
Прогноз на месяц 
Ноябрь
КПО/Отпуск из сети 
Отпуск из сети, млн. кВт.ч
Организация 
Все
Прогноз электропотребления и выручки за услуги по передаче в разрезе отраслей' are equal

29-01-2025T06:59:38 - [MESSAGE][PASSED] - Actual object 'Год 
2023 год
Сравнение с 
План
Динамика электропотребления,  10 10
190 190
36 36
14 14
9 9
14 14
4 4
17 17
80 80
19 19
82 82
588 588
10 10
197 197
37 37
48 48
10 10
15 15
4 4
18 18
80 80
19 19
82 82
608 608
План
Ожидаемое (прогноз по конца года)
Интер РАО (дляФСК)
Промышленныепотребители
Транспорт
Нефтедобыча
Нефтепереработка
Нефтепроводы
Газопроводы
Сельскоехозяйство ипищеваяпромышленность
Непромышленныепотребители
Государственные(муниципальные)организации ипрочиебюджетныепотребители
Население иприравненныегруппыпотребителей
Территориальныесетевыеорганизации
5 5
319 319
81 81
16 16
16 16
20 20
2 2
56 56
215 215
67 67
218 218
239 239
6 6
331 331
82 82
77 77
20 20
20 20
3 3
57 57
220 220
68 68
214 214
258 258
План
Ожидаемое (прогноз по конца года)
Интер РАО (дляФСК)
Промышленныепотребители
Транспорт
Нефтедобыча
Нефтепереработка
Нефтепроводы
Газопроводы
Сельскоехозяйство ипищеваяпромышленность
Непромышленныепотребители
Государственные(муниципальные)организации ипрочиебюджетныепотребители
Население иприравненныегруппыпотребителей
Территориальныесетевыеорганизации
-4.7% -4.7%
3.8% 3.8%
1.9% 1.9%
230.3% 230.3%
10.9% 10.9%
4.2% 4.2%
21.7% 21.7%
3.9% 3.9%
-0.6% -0.6%
1.6% 1.6%
-1.0% -1.0%
3.3% 3.3%
⬤ Отклонение, %
Интер РАО (для ФСК)
Промышленные потребители
Транспорт
Нефтедобыча
Нефтепереработка
Нефтепроводы
Газопроводы
Сельское хозяйство и пищевая пр…
Непромышленные потребители
Государственные (муниципальные…
Население и приравненные групп…
Территориальные сетевые органи…
Выручка отклонения по ПАО Россети на 2023 год
15.6% 15.6%
3.8% 3.8%
1.2% 1.2%
398.2% 398.2%
26.9% 26.9%
-0.6% -0.6%
26.9% 26.9%
1.5% 1.5%
2.7% 2.7%
2.0% 2.0%
-2.0% -2.0%
7.9% 7.9%
⬤ Отклонение, %
Интер РАО (для ФСК)
Промышленные потребители
Транспорт
Нефтедобыча
Нефтепереработка
Нефтепроводы
Газопроводы
Сельское хозяйство и пищевая пр…
Непромышленные потребители
Государственные (муниципальные…
Население и приравненные групп…
Территориальные сетевые органи…
абс.
%
Прогноз на месяц 
Ноябрь
КПО/Отпуск из сети 
Отпуск из сети, млн. кВт.ч
Организация 
Все
Прогноз электропотребления и выручки за услуги по передаче в разрезе отраслей' and expected object 'Год 
2023 год
Сравнение с 
План
Динамика электропотребления,  10 10
190 190
36 36
14 14
9 9
14 14
4 4
17 17
80 80
19 19
82 82
588 588
10 10
197 197
37 37
48 48
10 10
15 15
4 4
18 18
80 80
19 19
82 82
608 608
План
Ожидаемое (прогноз по конца года)
Интер РАО (дляФСК)
Промышленныепотребители
Транспорт
Нефтедобыча
Нефтепереработка
Нефтепроводы
Газопроводы
Сельскоехозяйство ипищеваяпромышленность
Непромышленныепотребители
Государственные(муниципальные)организации ипрочиебюджетныепотребители
Население иприравненныегруппыпотребителей
Территориальныесетевыеорганизации
5 5
319 319
81 81
16 16
16 16
20 20
2 2
56 56
215 215
67 67
218 218
239 239
6 6
331 331
82 82
77 77
20 20
20 20
3 3
57 57
220 220
68 68
214 214
258 258
План
Ожидаемое (прогноз по конца года)
Интер РАО (дляФСК)
Промышленныепотребители
Транспорт
Нефтедобыча
Нефтепереработка
Нефтепроводы
Газопроводы
Сельскоехозяйство ипищеваяпромышленность
Непромышленныепотребители
Государственные(муниципальные)организации ипрочиебюджетныепотребители
Население иприравненныегруппыпотребителей
Территориальныесетевыеорганизации
-4.7% -4.7%
3.8% 3.8%
1.9% 1.9%
230.3% 230.3%
10.9% 10.9%
4.2% 4.2%
21.7% 21.7%
3.9% 3.9%
-0.6% -0.6%
1.6% 1.6%
-1.0% -1.0%
3.3% 3.3%
⬤ Отклонение, %
Интер РАО (для ФСК)
Промышленные потребители
Транспорт
Нефтедобыча
Нефтепереработка
Нефтепроводы
Газопроводы
Сельское хозяйство и пищевая пр…
Непромышленные потребители
Государственные (муниципальные…
Население и приравненные групп…
Территориальные сетевые органи…
Выручка отклонения по ПАО Россети на 2023 год
15.6% 15.6%
3.8% 3.8%
1.2% 1.2%
398.2% 398.2%
26.9% 26.9%
-0.6% -0.6%
26.9% 26.9%
1.5% 1.5%
2.7% 2.7%
2.0% 2.0%
-2.0% -2.0%
7.9% 7.9%
⬤ Отклонение, %
Интер РАО (для ФСК)
Промышленные потребители
Транспорт
Нефтедобыча
Нефтепереработка
Нефтепроводы
Газопроводы
Сельское хозяйство и пищевая пр…
Непромышленные потребители
Государственные (муниципальные…
Население и приравненные групп…
Территориальные сетевые органи…
абс.
%
Прогноз на месяц 
Ноябрь
КПО/Отпуск из сети 
Отпуск из сети, млн. кВт.ч
Организация 
Все
Прогноз электропотребления и выручки за услуги по передаче в разрезе отраслей' are equal

29-01-2025T06:59:39 - [TEST_STEP][PASSED] - verifyEqual(findTestData("PlanFact").getValue(3, b), a2): Actual object 'Год 
2023 год
Сравнение с 
План
Отклонения по ПАО Россети на 2023 год
-492.2 -492.2
7 165.1 7 165.1
689.3 689.3
33 271.7 33 271.7
986.4 986.4
593.8 593.8
764.0 764.0
670.4 670.4
-592.4 -592.4
308.8 308.8
-940.9 -940.9
19 604.1 19 604.1
⬤ Отклонение, млн. кВт.ч
Интер РАО (для ФСК)
Промышленные потребители
Транспорт
Нефтедобыча
Нефтепереработка
Нефтепроводы
Газопроводы
Сельское хозяйство и пищевая пр…
Непромышленные потребители
Государственные (муниципальные…
Население и приравненные групп…
Территориальные сетевые органи…
Выручка отклонения по ПАО Россети на 2023 год
794.9 794.9
12 195.0 12 195.0
972.7 972.7
61 803.9 61 803.9
4 222.3 4 222.3
-121.8 -121.8
666.2 666.2
873.2 873.2
5 809.6 5 809.6
1 342.6 1 342.6
-4 463.2 -4 463.2
18 375.5 18 375.5
⬤ Отклонение, млн. руб.
Интер РАО (для ФСК)
Промышленные потребители
Транспорт
Нефтедобыча
Нефтепереработка
Нефтепроводы
Газопроводы
Сельское хозяйство и пищевая пр…
Непромышленные потребители
Государственные (муниципальные…
Население и приравненные групп…
Территориальные сетевые органи…
Динамика электропотребления, млрд. кВт.ч. по ПАО Россети на 2023 год
10 10
190 190
36 36
14 14
9 9
14 14
4 4
17 17
80 80
19 19
82 82
588 588
10 10
197 197
37 37
48 48
10 10
15 15
4 4
18 18
80 80
19 19
82 82
608 608
План
Ожидаемое (прогноз по конца года)
Интер РАО (дляФСК)
Промышленныепотребители
Транспорт
Нефтедобыча
Нефтепереработка
Нефтепроводы
Газопроводы
Сельскоехозяйство ипищеваяпромышленность
Непромышленныепотребители
Государственные(муниципальные)организации ипрочиебюджетныепотребители
Население иприравненныегруппыпотребителей
Территориальныесетевыеорганизации
Выручка по ПАО Россети на 2023 год
5 5
319 319
81 81
16 16
16 16
20 20
2 2
56 56
215 215
67 67
218 218
239 239
6 6
331 331
82 82
77 77
20 20
20 20
3 3
57 57
220 220
68 68
214 214
258 258
План
Ожидаемое (прогноз по конца года)
Интер РАО (дляФСК)
Промышленныепотребители
Транспорт
Нефтедобыча
Нефтепереработка
Нефтепроводы
Газопроводы
Сельскоехозяйство ипищеваяпромышленность
Непромышленныепотребители
Государственные(муниципальные)организации ипрочиебюджетныепотребители
Население иприравненныегруппыпотребителей
Территориальныесетевыеорганизации
абс.
%
Прогноз на месяц 
Ноябрь
КПО/Отпуск из сети 
Отпуск из сети, млн. кВт.ч
Организация 
Все
Прогноз электропотребления и выручки за услуги по передаче в разрезе отраслей' and expected object 'Год 
2023 год
Сравнение с 
План
Отклонения по ПАО Россети на 2023 год
-492.2 -492.2
7 165.1 7 165.1
689.3 689.3
33 271.7 33 271.7
986.4 986.4
593.8 593.8
764.0 764.0
670.4 670.4
-592.4 -592.4
308.8 308.8
-940.9 -940.9
19 604.1 19 604.1
⬤ Отклонение, млн. кВт.ч
Интер РАО (для ФСК)
Промышленные потребители
Транспорт
Нефтедобыча
Нефтепереработка
Нефтепроводы
Газопроводы
Сельское хозяйство и пищевая пр…
Непромышленные потребители
Государственные (муниципальные…
Население и приравненные групп…
Территориальные сетевые органи…
Выручка отклонения по ПАО Россети на 2023 год
794.9 794.9
12 195.0 12 195.0
972.7 972.7
61 803.9 61 803.9
4 222.3 4 222.3
-121.8 -121.8
666.2 666.2
873.2 873.2
5 809.6 5 809.6
1 342.6 1 342.6
-4 463.2 -4 463.2
18 375.5 18 375.5
⬤ Отклонение, млн. руб.
Интер РАО (для ФСК)
Промышленные потребители
Транспорт
Нефтедобыча
Нефтепереработка
Нефтепроводы
Газопроводы
Сельское хозяйство и пищевая пр…
Непромышленные потребители
Государственные (муниципальные…
Население и приравненные групп…
Территориальные сетевые органи…
Динамика электропотребления, млрд. кВт.ч. по ПАО Россети на 2023 год
10 10
190 190
36 36
14 14
9 9
14 14
4 4
17 17
80 80
19 19
82 82
588 588
10 10
197 197
37 37
48 48
10 10
15 15
4 4
18 18
80 80
19 19
82 82
608 608
План
Ожидаемое (прогноз по конца года)
Интер РАО (дляФСК)
Промышленныепотребители
Транспорт
Нефтедобыча
Нефтепереработка
Нефтепроводы
Газопроводы
Сельскоехозяйство ипищеваяпромышленность
Непромышленныепотребители
Государственные(муниципальные)организации ипрочиебюджетныепотребители
Население иприравненныегруппыпотребителей
Территориальныесетевыеорганизации
Выручка по ПАО Россети на 2023 год
5 5
319 319
81 81
16 16
16 16
20 20
2 2
56 56
215 215
67 67
218 218
239 239
6 6
331 331
82 82
77 77
20 20
20 20
3 3
57 57
220 220
68 68
214 214
258 258
План
Ожидаемое (прогноз по конца года)
Интер РАО (дляФСК)
Промышленныепотребители
Транспорт
Нефтедобыча
Нефтепереработка
Нефтепроводы
Газопроводы
Сельскоехозяйство ипищеваяпромышленность
Непромышленныепотребители
Государственные(муниципальные)организации ипрочиебюджетныепотребители
Население иприравненныегруппыпотребителей
Территориальныесетевыеорганизации
абс.
%
Прогноз на месяц 
Ноябрь
КПО/Отпуск из сети 
Отпуск из сети, млн. кВт.ч
Организация 
Все
Прогноз электропотребления и выручки за услуги по передаче в разрезе отраслей' are equal

29-01-2025T06:59:39 - [MESSAGE][PASSED] - Actual object 'Год 
2023 год
Сравнение с 
План
Отклонения по ПАО Россети на 2023 год
-492.2 -492.2
7 165.1 7 165.1
689.3 689.3
33 271.7 33 271.7
986.4 986.4
593.8 593.8
764.0 764.0
670.4 670.4
-592.4 -592.4
308.8 308.8
-940.9 -940.9
19 604.1 19 604.1
⬤ Отклонение, млн. кВт.ч
Интер РАО (для ФСК)
Промышленные потребители
Транспорт
Нефтедобыча
Нефтепереработка
Нефтепроводы
Газопроводы
Сельское хозяйство и пищевая пр…
Непромышленные потребители
Государственные (муниципальные…
Население и приравненные групп…
Территориальные сетевые органи…
Выручка отклонения по ПАО Россети на 2023 год
794.9 794.9
12 195.0 12 195.0
972.7 972.7
61 803.9 61 803.9
4 222.3 4 222.3
-121.8 -121.8
666.2 666.2
873.2 873.2
5 809.6 5 809.6
1 342.6 1 342.6
-4 463.2 -4 463.2
18 375.5 18 375.5
⬤ Отклонение, млн. руб.
Интер РАО (для ФСК)
Промышленные потребители
Транспорт
Нефтедобыча
Нефтепереработка
Нефтепроводы
Газопроводы
Сельское хозяйство и пищевая пр…
Непромышленные потребители
Государственные (муниципальные…
Население и приравненные групп…
Территориальные сетевые органи…
Динамика электропотребления, млрд. кВт.ч. по ПАО Россети на 2023 год
10 10
190 190
36 36
14 14
9 9
14 14
4 4
17 17
80 80
19 19
82 82
588 588
10 10
197 197
37 37
48 48
10 10
15 15
4 4
18 18
80 80
19 19
82 82
608 608
План
Ожидаемое (прогноз по конца года)
Интер РАО (дляФСК)
Промышленныепотребители
Транспорт
Нефтедобыча
Нефтепереработка
Нефтепроводы
Газопроводы
Сельскоехозяйство ипищеваяпромышленность
Непромышленныепотребители
Государственные(муниципальные)организации ипрочиебюджетныепотребители
Население иприравненныегруппыпотребителей
Территориальныесетевыеорганизации
Выручка по ПАО Россети на 2023 год
5 5
319 319
81 81
16 16
16 16
20 20
2 2
56 56
215 215
67 67
218 218
239 239
6 6
331 331
82 82
77 77
20 20
20 20
3 3
57 57
220 220
68 68
214 214
258 258
План
Ожидаемое (прогноз по конца года)
Интер РАО (дляФСК)
Промышленныепотребители
Транспорт
Нефтедобыча
Нефтепереработка
Нефтепроводы
Газопроводы
Сельскоехозяйство ипищеваяпромышленность
Непромышленныепотребители
Государственные(муниципальные)организации ипрочиебюджетныепотребители
Население иприравненныегруппыпотребителей
Территориальныесетевыеорганизации
абс.
%
Прогноз на месяц 
Ноябрь
КПО/Отпуск из сети 
Отпуск из сети, млн. кВт.ч
Организация 
Все
Прогноз электропотребления и выручки за услуги по передаче в разрезе отраслей' and expected object 'Год 
2023 год
Сравнение с 
План
Отклонения по ПАО Россети на 2023 год
-492.2 -492.2
7 165.1 7 165.1
689.3 689.3
33 271.7 33 271.7
986.4 986.4
593.8 593.8
764.0 764.0
670.4 670.4
-592.4 -592.4
308.8 308.8
-940.9 -940.9
19 604.1 19 604.1
⬤ Отклонение, млн. кВт.ч
Интер РАО (для ФСК)
Промышленные потребители
Транспорт
Нефтедобыча
Нефтепереработка
Нефтепроводы
Газопроводы
Сельское хозяйство и пищевая пр…
Непромышленные потребители
Государственные (муниципальные…
Население и приравненные групп…
Территориальные сетевые органи…
Выручка отклонения по ПАО Россети на 2023 год
794.9 794.9
12 195.0 12 195.0
972.7 972.7
61 803.9 61 803.9
4 222.3 4 222.3
-121.8 -121.8
666.2 666.2
873.2 873.2
5 809.6 5 809.6
1 342.6 1 342.6
-4 463.2 -4 463.2
18 375.5 18 375.5
⬤ Отклонение, млн. руб.
Интер РАО (для ФСК)
Промышленные потребители
Транспорт
Нефтедобыча
Нефтепереработка
Нефтепроводы
Газопроводы
Сельское хозяйство и пищевая пр…
Непромышленные потребители
Государственные (муниципальные…
Население и приравненные групп…
Территориальные сетевые органи…
Динамика электропотребления, млрд. кВт.ч. по ПАО Россети на 2023 год
10 10
190 190
36 36
14 14
9 9
14 14
4 4
17 17
80 80
19 19
82 82
588 588
10 10
197 197
37 37
48 48
10 10
15 15
4 4
18 18
80 80
19 19
82 82
608 608
План
Ожидаемое (прогноз по конца года)
Интер РАО (дляФСК)
Промышленныепотребители
Транспорт
Нефтедобыча
Нефтепереработка
Нефтепроводы
Газопроводы
Сельскоехозяйство ипищеваяпромышленность
Непромышленныепотребители
Государственные(муниципальные)организации ипрочиебюджетныепотребители
Население иприравненныегруппыпотребителей
Территориальныесетевыеорганизации
Выручка по ПАО Россети на 2023 год
5 5
319 319
81 81
16 16
16 16
20 20
2 2
56 56
215 215
67 67
218 218
239 239
6 6
331 331
82 82
77 77
20 20
20 20
3 3
57 57
220 220
68 68
214 214
258 258
План
Ожидаемое (прогноз по конца года)
Интер РАО (дляФСК)
Промышленныепотребители
Транспорт
Нефтедобыча
Нефтепереработка
Нефтепроводы
Газопроводы
Сельскоехозяйство ипищеваяпромышленность
Непромышленныепотребители
Государственные(муниципальные)организации ипрочиебюджетныепотребители
Население иприравненныегруппыпотребителей
Территориальныесетевыеорганизации
абс.
%
Прогноз на месяц 
Ноябрь
КПО/Отпуск из сети 
Отпуск из сети, млн. кВт.ч
Организация 
Все
Прогноз электропотребления и выручки за услуги по передаче в разрезе отраслей' are equal

29-01-2025T06:59:39 - [TEST_STEP][PASSED] - Script1686231490255.WriteToExcel(user, dashboardName, n, data, run, a1, a2, a3, a4, a5, a6, a7, a8, a9): null

29-01-2025T06:59:39 - [TEST_STEP][PASSED] - sheetName = "Sheet1": null

29-01-2025T06:59:39 - [TEST_STEP][PASSED] - workbook01 = getWorkbook(excelFilePath): null

29-01-2025T06:59:39 - [TEST_STEP][PASSED] - sheet01 = getExcelSheet(workbook01, sheetName): null

29-01-2025T06:59:39 - [TEST_STEP][PASSED] - setValueToCellByIndex(sheet01, n, 0, dashboardName): null

29-01-2025T06:59:39 - [TEST_STEP][PASSED] - setValueToCellByIndex(sheet01, n, 10, user): null

29-01-2025T06:59:39 - [TEST_STEP][PASSED] - setValueToCellByIndex(sheet01, n, 1, a1): null

29-01-2025T06:59:39 - [TEST_STEP][PASSED] - setValueToCellByIndex(sheet01, n, 2, a2): null

29-01-2025T06:59:39 - [TEST_STEP][PASSED] - setValueToCellByIndex(sheet01, n, 3, a3): null

29-01-2025T06:59:39 - [TEST_STEP][PASSED] - setValueToCellByIndex(sheet01, n, 4, a4): null

29-01-2025T06:59:39 - [TEST_STEP][PASSED] - setValueToCellByIndex(sheet01, n, 5, a5): null

29-01-2025T06:59:39 - [TEST_STEP][PASSED] - setValueToCellByIndex(sheet01, n, 6, a6): null

29-01-2025T06:59:39 - [TEST_STEP][PASSED] - setValueToCellByIndex(sheet01, n, 7, a7): null

29-01-2025T06:59:39 - [TEST_STEP][PASSED] - setValueToCellByIndex(sheet01, n, 8, a8): null

29-01-2025T06:59:39 - [TEST_STEP][PASSED] - setValueToCellByIndex(sheet01, n, 9, a9): null

29-01-2025T06:59:39 - [TEST_STEP][PASSED] - n = n + 1: null

29-01-2025T06:59:39 - [TEST_STEP][PASSED] - saveWorkbook(excelFilePath, workbook01): null

29-01-2025T06:59:39 - [TEST_STEP][PASSED] - if (run == 3): null

29-01-2025T06:59:39 - [TEST_STEP][PASSED] - closeBrowser(): null

29-01-2025T06:59:39 - [MESSAGE][PASSED] - Browser is closed

29-01-2025T06:59:39 - [TEST_STEP][PASSED] - PrognozPoOtraslyam(user, dashboardName, n, data, run, a1, a2, a3, a4, a5, a6, a7, a8, a9, urlData): null

29-01-2025T06:59:39 - [TEST_STEP][PASSED] - n = data.getRowNumbers() + 1: null

29-01-2025T06:59:39 - [TEST_STEP][PASSED] - println(n): null

29-01-2025T06:59:39 - [TEST_STEP][PASSED] - dashboardName = "Прогноз по отраслям": null

29-01-2025T06:59:39 - [TEST_STEP][PASSED] - openBrowser(""): Browser is opened with url: ''

29-01-2025T06:59:39 - [MESSAGE][INFO] - Starting 'Chrome' driver

29-01-2025T06:59:39 - [MESSAGE][INFO] - Action delay is set to 0 milliseconds

29-01-2025T06:59:40 - [MESSAGE][PASSED] - Browser is opened with url: ''

29-01-2025T06:59:40 - [TEST_STEP][PASSED] - urlData = 6: null

29-01-2025T06:59:40 - [TEST_STEP][PASSED] - Script1686231490255.CheckPageDownload(urlData, run): null

29-01-2025T06:59:40 - [TEST_STEP][PASSED] - i = 1: null

29-01-2025T06:59:40 - [TEST_STEP][PASSED] - ii = 0: null

29-01-2025T06:59:40 - [TEST_STEP][PASSED] - urlText = <not implemented yet for class: org.codehaus.groovy.ast.expr.EmptyExpression>: null

29-01-2025T06:59:40 - [TEST_STEP][PASSED] - searchWord = <not implemented yet for class: org.codehaus.groovy.ast.expr.EmptyExpression>: null

29-01-2025T06:59:40 - [TEST_STEP][PASSED] - deleteAllCookies(): Delete all cookies successfully

29-01-2025T06:59:40 - [MESSAGE][PASSED] - Delete all cookies successfully

29-01-2025T06:59:40 - [TEST_STEP][PASSED] - refresh(): Refresh successfully

29-01-2025T06:59:40 - [MESSAGE][PASSED] - Refresh successfully

29-01-2025T06:59:40 - [TEST_STEP][PASSED] - delay(70): Delayed 70 second(s)

29-01-2025T07:00:50 - [MESSAGE][PASSED] - Delayed 70 second(s)

29-01-2025T07:00:50 - [TEST_STEP][PASSED] - navigateToUrl(findTestData("PlanFact").getValue(10, urlData)): Navigate to 'https://bi.rosseti.digital/viewer?dashboardGuid=d6acb5b1a7114a9791b34de39263106e&sheetGuid=0b6d261d7f7b4424a967aa8f3a724189&fit=true' successfully

29-01-2025T07:00:57 - [MESSAGE][PASSED] - Navigate to 'https://bi.rosseti.digital/viewer?dashboardGuid=d6acb5b1a7114a9791b34de39263106e&sheetGuid=0b6d261d7f7b4424a967aa8f3a724189&fit=true' successfully

29-01-2025T07:00:57 - [TEST_STEP][PASSED] - pageLoaded1 = verifyElementPresent(findTestObject("Страница авторизации/Text"), 30): Object 'Object Repository/Страница авторизации/Text' is present

29-01-2025T07:00:57 - [MESSAGE][PASSED] - Object 'Object Repository/Страница авторизации/Text' is present

29-01-2025T07:00:57 - [TEST_STEP][PASSED] - if (pageLoaded1 == false): null

29-01-2025T07:00:57 - [TEST_STEP][PASSED] - urlText = getText(findTestObject("Страница авторизации/Text")): Text of object 'Object Repository/Страница авторизации/Text' is: 'Вход'

29-01-2025T07:00:57 - [MESSAGE][PASSED] - Text of object 'Object Repository/Страница авторизации/Text' is: 'Вход'

29-01-2025T07:00:57 - [TEST_STEP][PASSED] - delay(70): Delayed 70 second(s)

29-01-2025T07:02:07 - [MESSAGE][PASSED] - Delayed 70 second(s)

29-01-2025T07:02:07 - [TEST_STEP][PASSED] - searchWord = "Вход": null

29-01-2025T07:02:07 - [TEST_STEP][PASSED] - if (urlText.contains(searchWord) == false): null

29-01-2025T07:02:07 - [TEST_STEP][PASSED] - setText(findTestObject("Страница авторизации/input__username"), findTestData("PlanFact").getValue(8, run)): Text 'Petrova-OV' is set on object 'Object Repository/Страница авторизации/input__username'

29-01-2025T07:02:08 - [MESSAGE][PASSED] - Text 'Petrova-OV' is set on object 'Object Repository/Страница авторизации/input__username'

29-01-2025T07:02:08 - [TEST_STEP][PASSED] - setText(findTestObject("Страница авторизации/input__password"), findTestData("PlanFact").getValue(9, run)): Text '4Ex@~R53r&3x&BVe7' is set on object 'Object Repository/Страница авторизации/input__password'

29-01-2025T07:02:09 - [MESSAGE][PASSED] - Text '4Ex@~R53r&3x&BVe7' is set on object 'Object Repository/Страница авторизации/input__password'

29-01-2025T07:02:09 - [TEST_STEP][PASSED] - click(findTestObject("Страница авторизации/button_")): Object: 'Object Repository/Страница авторизации/button_' is clicked on

29-01-2025T07:02:10 - [MESSAGE][PASSED] - Object: 'Object Repository/Страница авторизации/button_' is clicked on

29-01-2025T07:02:10 - [TEST_STEP][PASSED] - delay(70): Delayed 70 second(s)

29-01-2025T07:03:20 - [MESSAGE][PASSED] - Delayed 70 second(s)

29-01-2025T07:03:20 - [TEST_STEP][PASSED] - searchWord = "а": null

29-01-2025T07:03:20 - [TEST_STEP][PASSED] - pageLoaded2 = verifyElementPresent(findTestObject("Страница авторизации/Text"), 50): Object 'Object Repository/Страница авторизации/Text' is present

29-01-2025T07:03:21 - [MESSAGE][PASSED] - Object 'Object Repository/Страница авторизации/Text' is present

29-01-2025T07:03:21 - [TEST_STEP][PASSED] - if (pageLoaded2 == false): null

29-01-2025T07:03:21 - [TEST_STEP][PASSED] - urlText = getText(findTestObject("Страница авторизации/Text")): Text of object 'Object Repository/Страница авторизации/Text' is: 'Год 
2023 год
Сравнение с 
План
Динамика электропотребления, млрд. кВт.ч. по ПАО Россети на 2023 год
10 10
190 190
36 36
14 14
9 9
14 14
4 4
17 17
80 80
19 19
82 82
588 588
10 10
197 197
37 37
48 48
10 10
15 15
4 4
18 18
80 80
19 19
82 82
608 608
План
Ожидаемое (прогноз по конца года)
Интер РАО (дляФСК)
Промышленныепотребители
Транспорт
Нефтедобыча
Нефтепереработка
Нефтепроводы
Газопроводы
Сельскоехозяйство ипищеваяпромышленность
Непромышленныепотребители
Государственные(муниципальные)организации ипрочиебюджетныепотребители
Население иприравненныегруппыпотребителей
Территориальныесетевыеорганизации
Выручка по ПАО Россети на 2023 год
5 5
319 319
81 81
16 16
16 16
20 20
2 2
56 56
215 215
67 67
218 218
239 239
6 6
331 331
82 82
77 77
20 20
20 20
3 3
57 57
220 220
68 68
214 214
258 258
План
Ожидаемое (прогноз по конца года)
Интер РАО (дляФСК)
Промышленныепотребители
Транспорт
Нефтедобыча
Нефтепереработка
Нефтепроводы
Газопроводы
Сельскоехозяйство ипищеваяпромышленность
Непромышленныепотребители
Государственные(муниципальные)организации ипрочиебюджетныепотребители
Население иприравненныегруппыпотребителей
Территориальныесетевыеорганизации
Отклонения по ПАО Россети на 2023 год
-4.7% -4.7%
3.8% 3.8%
1.9% 1.9%
230.3% 230.3%
10.9% 10.9%
4.2% 4.2%
21.7% 21.7%
3.9% 3.9%
-0.6% -0.6%
1.6% 1.6%
-1.0% -1.0%
3.3% 3.3%
⬤ Отклонение, %
Интер РАО (для ФСК)
Промышленные потребители
Транспорт
Нефтедобыча
Нефтепереработка
Нефтепроводы
Газопроводы
Сельское хозяйство и пищевая пр…
Непромышленные потребители
Государственные (муниципальные…
Население и приравненные групп…
Территориальные сетевые органи…
Выручка отклонения по ПАО Россети на 2023 год
15.6% 15.6%
3.8% 3.8%
1.2% 1.2%
398.2% 398.2%
26.9% 26.9%
-0.6% -0.6%
26.9% 26.9%
1.5% 1.5%
2.7% 2.7%
2.0% 2.0%
-2.0% -2.0%
7.9% 7.9%
⬤ Отклонение, %
Интер РАО (для ФСК)
Промышленные потребители
Транспорт
Нефтедобыча
Нефтепереработка
Нефтепроводы
Газопроводы
Сельское хозяйство и пищевая пр…
Непромышленные потребители
Государственные (муниципальные…
Население и приравненные групп…
Территориальные сетевые органи…
абс.
%
Прогноз на месяц 
Ноябрь
КПО/Отпуск из сети 
Отпуск из сети, млн. кВт.ч
Организация 
Все
Прогноз электропотребления и выручки за услуги по передаче в разрезе отраслей'

29-01-2025T07:03:21 - [MESSAGE][PASSED] - Text of object 'Object Repository/Страница авторизации/Text' is: 'Год 
2023 год
Сравнение с 
План
Динамика электропотребления, млрд. кВт.ч. по ПАО Россети на 2023 год
10 10
190 190
36 36
14 14
9 9
14 14
4 4
17 17
80 80
19 19
82 82
588 588
10 10
197 197
37 37
48 48
10 10
15 15
4 4
18 18
80 80
19 19
82 82
608 608
План
Ожидаемое (прогноз по конца года)
Интер РАО (дляФСК)
Промышленныепотребители
Транспорт
Нефтедобыча
Нефтепереработка
Нефтепроводы
Газопроводы
Сельскоехозяйство ипищеваяпромышленность
Непромышленныепотребители
Государственные(муниципальные)организации ипрочиебюджетныепотребители
Население иприравненныегруппыпотребителей
Территориальныесетевыеорганизации
Выручка по ПАО Россети на 2023 год
5 5
319 319
81 81
16 16
16 16
20 20
2 2
56 56
215 215
67 67
218 218
239 239
6 6
331 331
82 82
77 77
20 20
20 20
3 3
57 57
220 220
68 68
214 214
258 258
План
Ожидаемое (прогноз по конца года)
Интер РАО (дляФСК)
Промышленныепотребители
Транспорт
Нефтедобыча
Нефтепереработка
Нефтепроводы
Газопроводы
Сельскоехозяйство ипищеваяпромышленность
Непромышленныепотребители
Государственные(муниципальные)организации ипрочиебюджетныепотребители
Население иприравненныегруппыпотребителей
Территориальныесетевыеорганизации
Отклонения по ПАО Россети на 2023 год
-4.7% -4.7%
3.8% 3.8%
1.9% 1.9%
230.3% 230.3%
10.9% 10.9%
4.2% 4.2%
21.7% 21.7%
3.9% 3.9%
-0.6% -0.6%
1.6% 1.6%
-1.0% -1.0%
3.3% 3.3%
⬤ Отклонение, %
Интер РАО (для ФСК)
Промышленные потребители
Транспорт
Нефтедобыча
Нефтепереработка
Нефтепроводы
Газопроводы
Сельское хозяйство и пищевая пр…
Непромышленные потребители
Государственные (муниципальные…
Население и приравненные групп…
Территориальные сетевые органи…
Выручка отклонения по ПАО Россети на 2023 год
15.6% 15.6%
3.8% 3.8%
1.2% 1.2%
398.2% 398.2%
26.9% 26.9%
-0.6% -0.6%
26.9% 26.9%
1.5% 1.5%
2.7% 2.7%
2.0% 2.0%
-2.0% -2.0%
7.9% 7.9%
⬤ Отклонение, %
Интер РАО (для ФСК)
Промышленные потребители
Транспорт
Нефтедобыча
Нефтепереработка
Нефтепроводы
Газопроводы
Сельское хозяйство и пищевая пр…
Непромышленные потребители
Государственные (муниципальные…
Население и приравненные групп…
Территориальные сетевые органи…
абс.
%
Прогноз на месяц 
Ноябрь
КПО/Отпуск из сети 
Отпуск из сети, млн. кВт.ч
Организация 
Все
Прогноз электропотребления и выручки за услуги по передаче в разрезе отраслей'

29-01-2025T07:03:21 - [TEST_STEP][PASSED] - if (urlText.contains("ошибка") || urlText.contains(searchWord) == false): null

29-01-2025T07:03:21 - [TEST_STEP][PASSED] - a3 = "": null

29-01-2025T07:03:21 - [TEST_STEP][PASSED] - a4 = "": null

29-01-2025T07:03:21 - [TEST_STEP][PASSED] - a5 = "": null

29-01-2025T07:03:21 - [TEST_STEP][PASSED] - a6 = "": null

29-01-2025T07:03:21 - [TEST_STEP][PASSED] - a7 = "": null

29-01-2025T07:03:21 - [TEST_STEP][PASSED] - a8 = "": null

29-01-2025T07:03:21 - [TEST_STEP][PASSED] - a9 = "": null

29-01-2025T07:03:21 - [TEST_STEP][PASSED] - if (run == 1): null

29-01-2025T07:03:21 - [TEST_STEP][PASSED] - if (run == 2): null

29-01-2025T07:03:21 - [TEST_STEP][PASSED] - if (run == 3): null

29-01-2025T07:03:21 - [TEST_STEP][PASSED] - user = "Попова": null

29-01-2025T07:03:21 - [TEST_STEP][PASSED] - a1 = getText(findTestObject("Прогноз по отраслям/Виджеты дашборда")): Text of object 'Object Repository/Прогноз по отраслям/Виджеты дашборда' is: 'Год 
2023 год
Сравнение с 
План
Динамика электропотребления, млрд. кВт.ч. по ПАО Россети на 2023 год
10 10
190 190
36 36
14 14
9 9
14 14
4 4
17 17
80 80
19 19
82 82
588 588
10 10
197 197
37 37
48 48
10 10
15 15
4 4
18 18
80 80
19 19
82 82
608 608
План
Ожидаемое (прогноз по конца года)
Интер РАО (дляФСК)
Промышленныепотребители
Транспорт
Нефтедобыча
Нефтепереработка
Нефтепроводы
Газопроводы
Сельскоехозяйство ипищеваяпромышленность
Непромышленныепотребители
Государственные(муниципальные)организации ипрочиебюджетныепотребители
Население иприравненныегруппыпотребителей
Территориальныесетевыеорганизации
Выручка по ПАО Россети на 2023 год
5 5
319 319
81 81
16 16
16 16
20 20
2 2
56 56
215 215
67 67
218 218
239 239
6 6
331 331
82 82
77 77
20 20
20 20
3 3
57 57
220 220
68 68
214 214
258 258
План
Ожидаемое (прогноз по конца года)
Интер РАО (дляФСК)
Промышленныепотребители
Транспорт
Нефтедобыча
Нефтепереработка
Нефтепроводы
Газопроводы
Сельскоехозяйство ипищеваяпромышленность
Непромышленныепотребители
Государственные(муниципальные)организации ипрочиебюджетныепотребители
Население иприравненныегруппыпотребителей
Территориальныесетевыеорганизации
Отклонения по ПАО Россети на 2023 год
-4.7% -4.7%
3.8% 3.8%
1.9% 1.9%
230.3% 230.3%
10.9% 10.9%
4.2% 4.2%
21.7% 21.7%
3.9% 3.9%
-0.6% -0.6%
1.6% 1.6%
-1.0% -1.0%
3.3% 3.3%
⬤ Отклонение, %
Интер РАО (для ФСК)
Промышленные потребители
Транспорт
Нефтедобыча
Нефтепереработка
Нефтепроводы
Газопроводы
Сельское хозяйство и пищевая пр…
Непромышленные потребители
Государственные (муниципальные…
Население и приравненные групп…
Территориальные сетевые органи…
Выручка отклонения по ПАО Россети на 2023 год
15.6% 15.6%
3.8% 3.8%
1.2% 1.2%
398.2% 398.2%
26.9% 26.9%
-0.6% -0.6%
26.9% 26.9%
1.5% 1.5%
2.7% 2.7%
2.0% 2.0%
-2.0% -2.0%
7.9% 7.9%
⬤ Отклонение, %
Интер РАО (для ФСК)
Промышленные потребители
Транспорт
Нефтедобыча
Нефтепереработка
Нефтепроводы
Газопроводы
Сельское хозяйство и пищевая пр…
Непромышленные потребители
Государственные (муниципальные…
Население и приравненные групп…
Территориальные сетевые органи…
абс.
%
Прогноз на месяц 
Ноябрь
КПО/Отпуск из сети 
Отпуск из сети, млн. кВт.ч
Организация 
Все
Прогноз электропотребления и выручки за услуги по передаче в разрезе отраслей'

29-01-2025T07:03:22 - [MESSAGE][PASSED] - Text of object 'Object Repository/Прогноз по отраслям/Виджеты дашборда' is: 'Год 
2023 год
Сравнение с 
План
Динамика электропотребления, млрд. кВт.ч. по ПАО Россети на 2023 год
10 10
190 190
36 36
14 14
9 9
14 14
4 4
17 17
80 80
19 19
82 82
588 588
10 10
197 197
37 37
48 48
10 10
15 15
4 4
18 18
80 80
19 19
82 82
608 608
План
Ожидаемое (прогноз по конца года)
Интер РАО (дляФСК)
Промышленныепотребители
Транспорт
Нефтедобыча
Нефтепереработка
Нефтепроводы
Газопроводы
Сельскоехозяйство ипищеваяпромышленность
Непромышленныепотребители
Государственные(муниципальные)организации ипрочиебюджетныепотребители
Население иприравненныегруппыпотребителей
Территориальныесетевыеорганизации
Выручка по ПАО Россети на 2023 год
5 5
319 319
81 81
16 16
16 16
20 20
2 2
56 56
215 215
67 67
218 218
239 239
6 6
331 331
82 82
77 77
20 20
20 20
3 3
57 57
220 220
68 68
214 214
258 258
План
Ожидаемое (прогноз по конца года)
Интер РАО (дляФСК)
Промышленныепотребители
Транспорт
Нефтедобыча
Нефтепереработка
Нефтепроводы
Газопроводы
Сельскоехозяйство ипищеваяпромышленность
Непромышленныепотребители
Государственные(муниципальные)организации ипрочиебюджетныепотребители
Население иприравненныегруппыпотребителей
Территориальныесетевыеорганизации
Отклонения по ПАО Россети на 2023 год
-4.7% -4.7%
3.8% 3.8%
1.9% 1.9%
230.3% 230.3%
10.9% 10.9%
4.2% 4.2%
21.7% 21.7%
3.9% 3.9%
-0.6% -0.6%
1.6% 1.6%
-1.0% -1.0%
3.3% 3.3%
⬤ Отклонение, %
Интер РАО (для ФСК)
Промышленные потребители
Транспорт
Нефтедобыча
Нефтепереработка
Нефтепроводы
Газопроводы
Сельское хозяйство и пищевая пр…
Непромышленные потребители
Государственные (муниципальные…
Население и приравненные групп…
Территориальные сетевые органи…
Выручка отклонения по ПАО Россети на 2023 год
15.6% 15.6%
3.8% 3.8%
1.2% 1.2%
398.2% 398.2%
26.9% 26.9%
-0.6% -0.6%
26.9% 26.9%
1.5% 1.5%
2.7% 2.7%
2.0% 2.0%
-2.0% -2.0%
7.9% 7.9%
⬤ Отклонение, %
Интер РАО (для ФСК)
Промышленные потребители
Транспорт
Нефтедобыча
Нефтепереработка
Нефтепроводы
Газопроводы
Сельское хозяйство и пищевая пр…
Непромышленные потребители
Государственные (муниципальные…
Население и приравненные групп…
Территориальные сетевые органи…
абс.
%
Прогноз на месяц 
Ноябрь
КПО/Отпуск из сети 
Отпуск из сети, млн. кВт.ч
Организация 
Все
Прогноз электропотребления и выручки за услуги по передаче в разрезе отраслей'

29-01-2025T07:03:22 - [TEST_STEP][PASSED] - click(findTestObject("Прогноз по отраслям/Переключить отображение с процентов на абс Блок руководителя")): Object: 'Object Repository/Прогноз по отраслям/Переключить отображение с процентов на абс Блок руководителя' is clicked on

29-01-2025T07:03:22 - [MESSAGE][PASSED] - Object: 'Object Repository/Прогноз по отраслям/Переключить отображение с процентов на абс Блок руководителя' is clicked on

29-01-2025T07:03:22 - [TEST_STEP][PASSED] - a2 = getText(findTestObject("Прогноз по отраслям/Виджеты дашборда")): Text of object 'Object Repository/Прогноз по отраслям/Виджеты дашборда' is: 'Год 
2023 год
Сравнение с 
План
Отклонения по ПАО Россети на 2023 год
-492.2 -492.2
7 165.1 7 165.1
689.3 689.3
33 271.7 33 271.7
986.4 986.4
593.8 593.8
764.0 764.0
670.4 670.4
-592.4 -592.4
308.8 308.8
-940.9 -940.9
19 604.1 19 604.1
⬤ Отклонение, млн. кВт.ч
Интер РАО (для ФСК)
Промышленные потребители
Транспорт
Нефтедобыча
Нефтепереработка
Нефтепроводы
Газопроводы
Сельское хозяйство и пищевая пр…
Непромышленные потребители
Государственные (муниципальные…
Население и приравненные групп…
Территориальные сетевые органи…
Выручка отклонения по ПАО Россети на 2023 год
794.9 794.9
12 195.0 12 195.0
972.7 972.7
61 803.9 61 803.9
4 222.3 4 222.3
-121.8 -121.8
666.2 666.2
873.2 873.2
5 809.6 5 809.6
1 342.6 1 342.6
-4 463.2 -4 463.2
18 375.5 18 375.5
⬤ Отклонение, млн. руб.
Интер РАО (для ФСК)
Промышленные потребители
Транспорт
Нефтедобыча
Нефтепереработка
Нефтепроводы
Газопроводы
Сельское хозяйство и пищевая пр…
Непромышленные потребители
Государственные (муниципальные…
Население и приравненные групп…
Территориальные сетевые органи…
Динамика электропотребления, млрд. кВт.ч. по ПАО Россети на 2023 год
10 10
190 190
36 36
14 14
9 9
14 14
4 4
17 17
80 80
19 19
82 82
588 588
10 10
197 197
37 37
48 48
10 10
15 15
4 4
18 18
80 80
19 19
82 82
608 608
План
Ожидаемое (прогноз по конца года)
Интер РАО (дляФСК)
Промышленныепотребители
Транспорт
Нефтедобыча
Нефтепереработка
Нефтепроводы
Газопроводы
Сельскоехозяйство ипищеваяпромышленность
Непромышленныепотребители
Государственные(муниципальные)организации ипрочиебюджетныепотребители
Население иприравненныегруппыпотребителей
Территориальныесетевыеорганизации
Выручка по ПАО Россети на 2023 год
5 5
319 319
81 81
16 16
16 16
20 20
2 2
56 56
215 215
67 67
218 218
239 239
6 6
331 331
82 82
77 77
20 20
20 20
3 3
57 57
220 220
68 68
214 214
258 258
План
Ожидаемое (прогноз по конца года)
Интер РАО (дляФСК)
Промышленныепотребители
Транспорт
Нефтедобыча
Нефтепереработка
Нефтепроводы
Газопроводы
Сельскоехозяйство ипищеваяпромышленность
Непромышленныепотребители
Государственные(муниципальные)организации ипрочиебюджетныепотребители
Население иприравненныегруппыпотребителей
Территориальныесетевыеорганизации
абс.
%
Прогноз на месяц 
Ноябрь
КПО/Отпуск из сети 
Отпуск из сети, млн. кВт.ч
Организация 
Все
Прогноз электропотребления и выручки за услуги по передаче в разрезе отраслей'

29-01-2025T07:03:22 - [MESSAGE][PASSED] - Text of object 'Object Repository/Прогноз по отраслям/Виджеты дашборда' is: 'Год 
2023 год
Сравнение с 
План
Отклонения по ПАО Россети на 2023 год
-492.2 -492.2
7 165.1 7 165.1
689.3 689.3
33 271.7 33 271.7
986.4 986.4
593.8 593.8
764.0 764.0
670.4 670.4
-592.4 -592.4
308.8 308.8
-940.9 -940.9
19 604.1 19 604.1
⬤ Отклонение, млн. кВт.ч
Интер РАО (для ФСК)
Промышленные потребители
Транспорт
Нефтедобыча
Нефтепереработка
Нефтепроводы
Газопроводы
Сельское хозяйство и пищевая пр…
Непромышленные потребители
Государственные (муниципальные…
Население и приравненные групп…
Территориальные сетевые органи…
Выручка отклонения по ПАО Россети на 2023 год
794.9 794.9
12 195.0 12 195.0
972.7 972.7
61 803.9 61 803.9
4 222.3 4 222.3
-121.8 -121.8
666.2 666.2
873.2 873.2
5 809.6 5 809.6
1 342.6 1 342.6
-4 463.2 -4 463.2
18 375.5 18 375.5
⬤ Отклонение, млн. руб.
Интер РАО (для ФСК)
Промышленные потребители
Транспорт
Нефтедобыча
Нефтепереработка
Нефтепроводы
Газопроводы
Сельское хозяйство и пищевая пр…
Непромышленные потребители
Государственные (муниципальные…
Население и приравненные групп…
Территориальные сетевые органи…
Динамика электропотребления, млрд. кВт.ч. по ПАО Россети на 2023 год
10 10
190 190
36 36
14 14
9 9
14 14
4 4
17 17
80 80
19 19
82 82
588 588
10 10
197 197
37 37
48 48
10 10
15 15
4 4
18 18
80 80
19 19
82 82
608 608
План
Ожидаемое (прогноз по конца года)
Интер РАО (дляФСК)
Промышленныепотребители
Транспорт
Нефтедобыча
Нефтепереработка
Нефтепроводы
Газопроводы
Сельскоехозяйство ипищеваяпромышленность
Непромышленныепотребители
Государственные(муниципальные)организации ипрочиебюджетныепотребители
Население иприравненныегруппыпотребителей
Территориальныесетевыеорганизации
Выручка по ПАО Россети на 2023 год
5 5
319 319
81 81
16 16
16 16
20 20
2 2
56 56
215 215
67 67
218 218
239 239
6 6
331 331
82 82
77 77
20 20
20 20
3 3
57 57
220 220
68 68
214 214
258 258
План
Ожидаемое (прогноз по конца года)
Интер РАО (дляФСК)
Промышленныепотребители
Транспорт
Нефтедобыча
Нефтепереработка
Нефтепроводы
Газопроводы
Сельскоехозяйство ипищеваяпромышленность
Непромышленныепотребители
Государственные(муниципальные)организации ипрочиебюджетныепотребители
Население иприравненныегруппыпотребителей
Территориальныесетевыеорганизации
абс.
%
Прогноз на месяц 
Ноябрь
КПО/Отпуск из сети 
Отпуск из сети, млн. кВт.ч
Организация 
Все
Прогноз электропотребления и выручки за услуги по передаче в разрезе отраслей'

29-01-2025T07:03:22 - [TEST_STEP][PASSED] - click(findTestObject("Прогноз по отраслям/Переключить отображение с абс на проценты")): Object: 'Object Repository/Прогноз по отраслям/Переключить отображение с абс на проценты' is clicked on

29-01-2025T07:03:23 - [MESSAGE][PASSED] - Object: 'Object Repository/Прогноз по отраслям/Переключить отображение с абс на проценты' is clicked on

29-01-2025T07:03:23 - [TEST_STEP][PASSED] - i = a1.indexOf("млрд. кВт.ч."): null

29-01-2025T07:03:23 - [TEST_STEP][PASSED] - if (i > -1): null

29-01-2025T07:03:23 - [TEST_STEP][PASSED] - a1 = a1.substring(0, i) + a1.substring(i + 12, a1.length()): null

29-01-2025T07:03:23 - [TEST_STEP][PASSED] - i = a1.indexOf("Выручка, млрд. руб."): null

29-01-2025T07:03:23 - [TEST_STEP][PASSED] - if (i > -1): null

29-01-2025T07:03:23 - [TEST_STEP][PASSED] - i = a1.indexOf("Выручка"): null

29-01-2025T07:03:23 - [TEST_STEP][PASSED] - if (i > -1): null

29-01-2025T07:03:23 - [TEST_STEP][PASSED] - a1 = a1.substring(0, i) + a1.substring(i + 8, a1.length()): null

29-01-2025T07:03:23 - [TEST_STEP][PASSED] - i = a1.indexOf("по ПАО Россети на 2023 год"): null

29-01-2025T07:03:23 - [TEST_STEP][PASSED] - if (i > -1): null

29-01-2025T07:03:23 - [TEST_STEP][PASSED] - a1 = a1.substring(0, i) + a1.substring(i + 27, a1.length()): null

29-01-2025T07:03:23 - [TEST_STEP][PASSED] - i = a1.indexOf("Отклонения"): null

29-01-2025T07:03:23 - [TEST_STEP][PASSED] - if (i > -1): null

29-01-2025T07:03:23 - [TEST_STEP][PASSED] - a1 = a1.substring(0, i) + a1.substring(i + 11, a1.length()): null

29-01-2025T07:03:23 - [TEST_STEP][PASSED] - i = a1.indexOf("по ПАО Россети на 2023 год"): null

29-01-2025T07:03:23 - [TEST_STEP][PASSED] - if (i > -1): null

29-01-2025T07:03:23 - [TEST_STEP][PASSED] - a1 = a1.substring(0, i) + a1.substring(i + 27, a1.length()): null

29-01-2025T07:03:23 - [TEST_STEP][PASSED] - i = a1.indexOf("по ПАО Россети на 2023 год"): null

29-01-2025T07:03:23 - [TEST_STEP][PASSED] - if (i > -1): null

29-01-2025T07:03:23 - [TEST_STEP][PASSED] - a1 = a1.substring(0, i) + a1.substring(i + 27, a1.length()): null

29-01-2025T07:03:23 - [TEST_STEP][PASSED] - println(a1): null

29-01-2025T07:03:23 - [TEST_STEP][PASSED] - n = n + 35: null

29-01-2025T07:03:23 - [TEST_STEP][PASSED] - b = n - run + 1: null

29-01-2025T07:03:23 - [TEST_STEP][PASSED] - verifyEqual(findTestData("PlanFact").getValue(2, b), a1): Actual object 'Год 
2023 год
Сравнение с 
План
Динамика электропотребления,  10 10
190 190
36 36
14 14
9 9
14 14
4 4
17 17
80 80
19 19
82 82
588 588
10 10
197 197
37 37
48 48
10 10
15 15
4 4
18 18
80 80
19 19
82 82
608 608
План
Ожидаемое (прогноз по конца года)
Интер РАО (дляФСК)
Промышленныепотребители
Транспорт
Нефтедобыча
Нефтепереработка
Нефтепроводы
Газопроводы
Сельскоехозяйство ипищеваяпромышленность
Непромышленныепотребители
Государственные(муниципальные)организации ипрочиебюджетныепотребители
Население иприравненныегруппыпотребителей
Территориальныесетевыеорганизации
5 5
319 319
81 81
16 16
16 16
20 20
2 2
56 56
215 215
67 67
218 218
239 239
6 6
331 331
82 82
77 77
20 20
20 20
3 3
57 57
220 220
68 68
214 214
258 258
План
Ожидаемое (прогноз по конца года)
Интер РАО (дляФСК)
Промышленныепотребители
Транспорт
Нефтедобыча
Нефтепереработка
Нефтепроводы
Газопроводы
Сельскоехозяйство ипищеваяпромышленность
Непромышленныепотребители
Государственные(муниципальные)организации ипрочиебюджетныепотребители
Население иприравненныегруппыпотребителей
Территориальныесетевыеорганизации
-4.7% -4.7%
3.8% 3.8%
1.9% 1.9%
230.3% 230.3%
10.9% 10.9%
4.2% 4.2%
21.7% 21.7%
3.9% 3.9%
-0.6% -0.6%
1.6% 1.6%
-1.0% -1.0%
3.3% 3.3%
⬤ Отклонение, %
Интер РАО (для ФСК)
Промышленные потребители
Транспорт
Нефтедобыча
Нефтепереработка
Нефтепроводы
Газопроводы
Сельское хозяйство и пищевая пр…
Непромышленные потребители
Государственные (муниципальные…
Население и приравненные групп…
Территориальные сетевые органи…
Выручка отклонения по ПАО Россети на 2023 год
15.6% 15.6%
3.8% 3.8%
1.2% 1.2%
398.2% 398.2%
26.9% 26.9%
-0.6% -0.6%
26.9% 26.9%
1.5% 1.5%
2.7% 2.7%
2.0% 2.0%
-2.0% -2.0%
7.9% 7.9%
⬤ Отклонение, %
Интер РАО (для ФСК)
Промышленные потребители
Транспорт
Нефтедобыча
Нефтепереработка
Нефтепроводы
Газопроводы
Сельское хозяйство и пищевая пр…
Непромышленные потребители
Государственные (муниципальные…
Население и приравненные групп…
Территориальные сетевые органи…
абс.
%
Прогноз на месяц 
Ноябрь
КПО/Отпуск из сети 
Отпуск из сети, млн. кВт.ч
Организация 
Все
Прогноз электропотребления и выручки за услуги по передаче в разрезе отраслей' and expected object 'Год 
2023 год
Сравнение с 
План
Динамика электропотребления,  10 10
190 190
36 36
14 14
9 9
14 14
4 4
17 17
80 80
19 19
82 82
588 588
10 10
197 197
37 37
48 48
10 10
15 15
4 4
18 18
80 80
19 19
82 82
608 608
План
Ожидаемое (прогноз по конца года)
Интер РАО (дляФСК)
Промышленныепотребители
Транспорт
Нефтедобыча
Нефтепереработка
Нефтепроводы
Газопроводы
Сельскоехозяйство ипищеваяпромышленность
Непромышленныепотребители
Государственные(муниципальные)организации ипрочиебюджетныепотребители
Население иприравненныегруппыпотребителей
Территориальныесетевыеорганизации
5 5
319 319
81 81
16 16
16 16
20 20
2 2
56 56
215 215
67 67
218 218
239 239
6 6
331 331
82 82
77 77
20 20
20 20
3 3
57 57
220 220
68 68
214 214
258 258
План
Ожидаемое (прогноз по конца года)
Интер РАО (дляФСК)
Промышленныепотребители
Транспорт
Нефтедобыча
Нефтепереработка
Нефтепроводы
Газопроводы
Сельскоехозяйство ипищеваяпромышленность
Непромышленныепотребители
Государственные(муниципальные)организации ипрочиебюджетныепотребители
Население иприравненныегруппыпотребителей
Территориальныесетевыеорганизации
-4.7% -4.7%
3.8% 3.8%
1.9% 1.9%
230.3% 230.3%
10.9% 10.9%
4.2% 4.2%
21.7% 21.7%
3.9% 3.9%
-0.6% -0.6%
1.6% 1.6%
-1.0% -1.0%
3.3% 3.3%
⬤ Отклонение, %
Интер РАО (для ФСК)
Промышленные потребители
Транспорт
Нефтедобыча
Нефтепереработка
Нефтепроводы
Газопроводы
Сельское хозяйство и пищевая пр…
Непромышленные потребители
Государственные (муниципальные…
Население и приравненные групп…
Территориальные сетевые органи…
Выручка отклонения по ПАО Россети на 2023 год
15.6% 15.6%
3.8% 3.8%
1.2% 1.2%
398.2% 398.2%
26.9% 26.9%
-0.6% -0.6%
26.9% 26.9%
1.5% 1.5%
2.7% 2.7%
2.0% 2.0%
-2.0% -2.0%
7.9% 7.9%
⬤ Отклонение, %
Интер РАО (для ФСК)
Промышленные потребители
Транспорт
Нефтедобыча
Нефтепереработка
Нефтепроводы
Газопроводы
Сельское хозяйство и пищевая пр…
Непромышленные потребители
Государственные (муниципальные…
Население и приравненные групп…
Территориальные сетевые органи…
абс.
%
Прогноз на месяц 
Ноябрь
КПО/Отпуск из сети 
Отпуск из сети, млн. кВт.ч
Организация 
Все
Прогноз электропотребления и выручки за услуги по передаче в разрезе отраслей' are equal

29-01-2025T07:03:23 - [MESSAGE][PASSED] - Actual object 'Год 
2023 год
Сравнение с 
План
Динамика электропотребления,  10 10
190 190
36 36
14 14
9 9
14 14
4 4
17 17
80 80
19 19
82 82
588 588
10 10
197 197
37 37
48 48
10 10
15 15
4 4
18 18
80 80
19 19
82 82
608 608
План
Ожидаемое (прогноз по конца года)
Интер РАО (дляФСК)
Промышленныепотребители
Транспорт
Нефтедобыча
Нефтепереработка
Нефтепроводы
Газопроводы
Сельскоехозяйство ипищеваяпромышленность
Непромышленныепотребители
Государственные(муниципальные)организации ипрочиебюджетныепотребители
Население иприравненныегруппыпотребителей
Территориальныесетевыеорганизации
5 5
319 319
81 81
16 16
16 16
20 20
2 2
56 56
215 215
67 67
218 218
239 239
6 6
331 331
82 82
77 77
20 20
20 20
3 3
57 57
220 220
68 68
214 214
258 258
План
Ожидаемое (прогноз по конца года)
Интер РАО (дляФСК)
Промышленныепотребители
Транспорт
Нефтедобыча
Нефтепереработка
Нефтепроводы
Газопроводы
Сельскоехозяйство ипищеваяпромышленность
Непромышленныепотребители
Государственные(муниципальные)организации ипрочиебюджетныепотребители
Население иприравненныегруппыпотребителей
Территориальныесетевыеорганизации
-4.7% -4.7%
3.8% 3.8%
1.9% 1.9%
230.3% 230.3%
10.9% 10.9%
4.2% 4.2%
21.7% 21.7%
3.9% 3.9%
-0.6% -0.6%
1.6% 1.6%
-1.0% -1.0%
3.3% 3.3%
⬤ Отклонение, %
Интер РАО (для ФСК)
Промышленные потребители
Транспорт
Нефтедобыча
Нефтепереработка
Нефтепроводы
Газопроводы
Сельское хозяйство и пищевая пр…
Непромышленные потребители
Государственные (муниципальные…
Население и приравненные групп…
Территориальные сетевые органи…
Выручка отклонения по ПАО Россети на 2023 год
15.6% 15.6%
3.8% 3.8%
1.2% 1.2%
398.2% 398.2%
26.9% 26.9%
-0.6% -0.6%
26.9% 26.9%
1.5% 1.5%
2.7% 2.7%
2.0% 2.0%
-2.0% -2.0%
7.9% 7.9%
⬤ Отклонение, %
Интер РАО (для ФСК)
Промышленные потребители
Транспорт
Нефтедобыча
Нефтепереработка
Нефтепроводы
Газопроводы
Сельское хозяйство и пищевая пр…
Непромышленные потребители
Государственные (муниципальные…
Население и приравненные групп…
Территориальные сетевые органи…
абс.
%
Прогноз на месяц 
Ноябрь
КПО/Отпуск из сети 
Отпуск из сети, млн. кВт.ч
Организация 
Все
Прогноз электропотребления и выручки за услуги по передаче в разрезе отраслей' and expected object 'Год 
2023 год
Сравнение с 
План
Динамика электропотребления,  10 10
190 190
36 36
14 14
9 9
14 14
4 4
17 17
80 80
19 19
82 82
588 588
10 10
197 197
37 37
48 48
10 10
15 15
4 4
18 18
80 80
19 19
82 82
608 608
План
Ожидаемое (прогноз по конца года)
Интер РАО (дляФСК)
Промышленныепотребители
Транспорт
Нефтедобыча
Нефтепереработка
Нефтепроводы
Газопроводы
Сельскоехозяйство ипищеваяпромышленность
Непромышленныепотребители
Государственные(муниципальные)организации ипрочиебюджетныепотребители
Население иприравненныегруппыпотребителей
Территориальныесетевыеорганизации
5 5
319 319
81 81
16 16
16 16
20 20
2 2
56 56
215 215
67 67
218 218
239 239
6 6
331 331
82 82
77 77
20 20
20 20
3 3
57 57
220 220
68 68
214 214
258 258
План
Ожидаемое (прогноз по конца года)
Интер РАО (дляФСК)
Промышленныепотребители
Транспорт
Нефтедобыча
Нефтепереработка
Нефтепроводы
Газопроводы
Сельскоехозяйство ипищеваяпромышленность
Непромышленныепотребители
Государственные(муниципальные)организации ипрочиебюджетныепотребители
Население иприравненныегруппыпотребителей
Территориальныесетевыеорганизации
-4.7% -4.7%
3.8% 3.8%
1.9% 1.9%
230.3% 230.3%
10.9% 10.9%
4.2% 4.2%
21.7% 21.7%
3.9% 3.9%
-0.6% -0.6%
1.6% 1.6%
-1.0% -1.0%
3.3% 3.3%
⬤ Отклонение, %
Интер РАО (для ФСК)
Промышленные потребители
Транспорт
Нефтедобыча
Нефтепереработка
Нефтепроводы
Газопроводы
Сельское хозяйство и пищевая пр…
Непромышленные потребители
Государственные (муниципальные…
Население и приравненные групп…
Территориальные сетевые органи…
Выручка отклонения по ПАО Россети на 2023 год
15.6% 15.6%
3.8% 3.8%
1.2% 1.2%
398.2% 398.2%
26.9% 26.9%
-0.6% -0.6%
26.9% 26.9%
1.5% 1.5%
2.7% 2.7%
2.0% 2.0%
-2.0% -2.0%
7.9% 7.9%
⬤ Отклонение, %
Интер РАО (для ФСК)
Промышленные потребители
Транспорт
Нефтедобыча
Нефтепереработка
Нефтепроводы
Газопроводы
Сельское хозяйство и пищевая пр…
Непромышленные потребители
Государственные (муниципальные…
Население и приравненные групп…
Территориальные сетевые органи…
абс.
%
Прогноз на месяц 
Ноябрь
КПО/Отпуск из сети 
Отпуск из сети, млн. кВт.ч
Организация 
Все
Прогноз электропотребления и выручки за услуги по передаче в разрезе отраслей' are equal

29-01-2025T07:03:23 - [TEST_STEP][PASSED] - verifyEqual(findTestData("PlanFact").getValue(3, b), a2): Actual object 'Год 
2023 год
Сравнение с 
План
Отклонения по ПАО Россети на 2023 год
-492.2 -492.2
7 165.1 7 165.1
689.3 689.3
33 271.7 33 271.7
986.4 986.4
593.8 593.8
764.0 764.0
670.4 670.4
-592.4 -592.4
308.8 308.8
-940.9 -940.9
19 604.1 19 604.1
⬤ Отклонение, млн. кВт.ч
Интер РАО (для ФСК)
Промышленные потребители
Транспорт
Нефтедобыча
Нефтепереработка
Нефтепроводы
Газопроводы
Сельское хозяйство и пищевая пр…
Непромышленные потребители
Государственные (муниципальные…
Население и приравненные групп…
Территориальные сетевые органи…
Выручка отклонения по ПАО Россети на 2023 год
794.9 794.9
12 195.0 12 195.0
972.7 972.7
61 803.9 61 803.9
4 222.3 4 222.3
-121.8 -121.8
666.2 666.2
873.2 873.2
5 809.6 5 809.6
1 342.6 1 342.6
-4 463.2 -4 463.2
18 375.5 18 375.5
⬤ Отклонение, млн. руб.
Интер РАО (для ФСК)
Промышленные потребители
Транспорт
Нефтедобыча
Нефтепереработка
Нефтепроводы
Газопроводы
Сельское хозяйство и пищевая пр…
Непромышленные потребители
Государственные (муниципальные…
Население и приравненные групп…
Территориальные сетевые органи…
Динамика электропотребления, млрд. кВт.ч. по ПАО Россети на 2023 год
10 10
190 190
36 36
14 14
9 9
14 14
4 4
17 17
80 80
19 19
82 82
588 588
10 10
197 197
37 37
48 48
10 10
15 15
4 4
18 18
80 80
19 19
82 82
608 608
План
Ожидаемое (прогноз по конца года)
Интер РАО (дляФСК)
Промышленныепотребители
Транспорт
Нефтедобыча
Нефтепереработка
Нефтепроводы
Газопроводы
Сельскоехозяйство ипищеваяпромышленность
Непромышленныепотребители
Государственные(муниципальные)организации ипрочиебюджетныепотребители
Население иприравненныегруппыпотребителей
Территориальныесетевыеорганизации
Выручка по ПАО Россети на 2023 год
5 5
319 319
81 81
16 16
16 16
20 20
2 2
56 56
215 215
67 67
218 218
239 239
6 6
331 331
82 82
77 77
20 20
20 20
3 3
57 57
220 220
68 68
214 214
258 258
План
Ожидаемое (прогноз по конца года)
Интер РАО (дляФСК)
Промышленныепотребители
Транспорт
Нефтедобыча
Нефтепереработка
Нефтепроводы
Газопроводы
Сельскоехозяйство ипищеваяпромышленность
Непромышленныепотребители
Государственные(муниципальные)организации ипрочиебюджетныепотребители
Население иприравненныегруппыпотребителей
Территориальныесетевыеорганизации
абс.
%
Прогноз на месяц 
Ноябрь
КПО/Отпуск из сети 
Отпуск из сети, млн. кВт.ч
Организация 
Все
Прогноз электропотребления и выручки за услуги по передаче в разрезе отраслей' and expected object 'Год 
2023 год
Сравнение с 
План
Отклонения по ПАО Россети на 2023 год
-492.2 -492.2
7 165.1 7 165.1
689.3 689.3
33 271.7 33 271.7
986.4 986.4
593.8 593.8
764.0 764.0
670.4 670.4
-592.4 -592.4
308.8 308.8
-940.9 -940.9
19 604.1 19 604.1
⬤ Отклонение, млн. кВт.ч
Интер РАО (для ФСК)
Промышленные потребители
Транспорт
Нефтедобыча
Нефтепереработка
Нефтепроводы
Газопроводы
Сельское хозяйство и пищевая пр…
Непромышленные потребители
Государственные (муниципальные…
Население и приравненные групп…
Территориальные сетевые органи…
Выручка отклонения по ПАО Россети на 2023 год
794.9 794.9
12 195.0 12 195.0
972.7 972.7
61 803.9 61 803.9
4 222.3 4 222.3
-121.8 -121.8
666.2 666.2
873.2 873.2
5 809.6 5 809.6
1 342.6 1 342.6
-4 463.2 -4 463.2
18 375.5 18 375.5
⬤ Отклонение, млн. руб.
Интер РАО (для ФСК)
Промышленные потребители
Транспорт
Нефтедобыча
Нефтепереработка
Нефтепроводы
Газопроводы
Сельское хозяйство и пищевая пр…
Непромышленные потребители
Государственные (муниципальные…
Население и приравненные групп…
Территориальные сетевые органи…
Динамика электропотребления, млрд. кВт.ч. по ПАО Россети на 2023 год
10 10
190 190
36 36
14 14
9 9
14 14
4 4
17 17
80 80
19 19
82 82
588 588
10 10
197 197
37 37
48 48
10 10
15 15
4 4
18 18
80 80
19 19
82 82
608 608
План
Ожидаемое (прогноз по конца года)
Интер РАО (дляФСК)
Промышленныепотребители
Транспорт
Нефтедобыча
Нефтепереработка
Нефтепроводы
Газопроводы
Сельскоехозяйство ипищеваяпромышленность
Непромышленныепотребители
Государственные(муниципальные)организации ипрочиебюджетныепотребители
Население иприравненныегруппыпотребителей
Территориальныесетевыеорганизации
Выручка по ПАО Россети на 2023 год
5 5
319 319
81 81
16 16
16 16
20 20
2 2
56 56
215 215
67 67
218 218
239 239
6 6
331 331
82 82
77 77
20 20
20 20
3 3
57 57
220 220
68 68
214 214
258 258
План
Ожидаемое (прогноз по конца года)
Интер РАО (дляФСК)
Промышленныепотребители
Транспорт
Нефтедобыча
Нефтепереработка
Нефтепроводы
Газопроводы
Сельскоехозяйство ипищеваяпромышленность
Непромышленныепотребители
Государственные(муниципальные)организации ипрочиебюджетныепотребители
Население иприравненныегруппыпотребителей
Территориальныесетевыеорганизации
абс.
%
Прогноз на месяц 
Ноябрь
КПО/Отпуск из сети 
Отпуск из сети, млн. кВт.ч
Организация 
Все
Прогноз электропотребления и выручки за услуги по передаче в разрезе отраслей' are equal

29-01-2025T07:03:23 - [MESSAGE][PASSED] - Actual object 'Год 
2023 год
Сравнение с 
План
Отклонения по ПАО Россети на 2023 год
-492.2 -492.2
7 165.1 7 165.1
689.3 689.3
33 271.7 33 271.7
986.4 986.4
593.8 593.8
764.0 764.0
670.4 670.4
-592.4 -592.4
308.8 308.8
-940.9 -940.9
19 604.1 19 604.1
⬤ Отклонение, млн. кВт.ч
Интер РАО (для ФСК)
Промышленные потребители
Транспорт
Нефтедобыча
Нефтепереработка
Нефтепроводы
Газопроводы
Сельское хозяйство и пищевая пр…
Непромышленные потребители
Государственные (муниципальные…
Население и приравненные групп…
Территориальные сетевые органи…
Выручка отклонения по ПАО Россети на 2023 год
794.9 794.9
12 195.0 12 195.0
972.7 972.7
61 803.9 61 803.9
4 222.3 4 222.3
-121.8 -121.8
666.2 666.2
873.2 873.2
5 809.6 5 809.6
1 342.6 1 342.6
-4 463.2 -4 463.2
18 375.5 18 375.5
⬤ Отклонение, млн. руб.
Интер РАО (для ФСК)
Промышленные потребители
Транспорт
Нефтедобыча
Нефтепереработка
Нефтепроводы
Газопроводы
Сельское хозяйство и пищевая пр…
Непромышленные потребители
Государственные (муниципальные…
Население и приравненные групп…
Территориальные сетевые органи…
Динамика электропотребления, млрд. кВт.ч. по ПАО Россети на 2023 год
10 10
190 190
36 36
14 14
9 9
14 14
4 4
17 17
80 80
19 19
82 82
588 588
10 10
197 197
37 37
48 48
10 10
15 15
4 4
18 18
80 80
19 19
82 82
608 608
План
Ожидаемое (прогноз по конца года)
Интер РАО (дляФСК)
Промышленныепотребители
Транспорт
Нефтедобыча
Нефтепереработка
Нефтепроводы
Газопроводы
Сельскоехозяйство ипищеваяпромышленность
Непромышленныепотребители
Государственные(муниципальные)организации ипрочиебюджетныепотребители
Население иприравненныегруппыпотребителей
Территориальныесетевыеорганизации
Выручка по ПАО Россети на 2023 год
5 5
319 319
81 81
16 16
16 16
20 20
2 2
56 56
215 215
67 67
218 218
239 239
6 6
331 331
82 82
77 77
20 20
20 20
3 3
57 57
220 220
68 68
214 214
258 258
План
Ожидаемое (прогноз по конца года)
Интер РАО (дляФСК)
Промышленныепотребители
Транспорт
Нефтедобыча
Нефтепереработка
Нефтепроводы
Газопроводы
Сельскоехозяйство ипищеваяпромышленность
Непромышленныепотребители
Государственные(муниципальные)организации ипрочиебюджетныепотребители
Население иприравненныегруппыпотребителей
Территориальныесетевыеорганизации
абс.
%
Прогноз на месяц 
Ноябрь
КПО/Отпуск из сети 
Отпуск из сети, млн. кВт.ч
Организация 
Все
Прогноз электропотребления и выручки за услуги по передаче в разрезе отраслей' and expected object 'Год 
2023 год
Сравнение с 
План
Отклонения по ПАО Россети на 2023 год
-492.2 -492.2
7 165.1 7 165.1
689.3 689.3
33 271.7 33 271.7
986.4 986.4
593.8 593.8
764.0 764.0
670.4 670.4
-592.4 -592.4
308.8 308.8
-940.9 -940.9
19 604.1 19 604.1
⬤ Отклонение, млн. кВт.ч
Интер РАО (для ФСК)
Промышленные потребители
Транспорт
Нефтедобыча
Нефтепереработка
Нефтепроводы
Газопроводы
Сельское хозяйство и пищевая пр…
Непромышленные потребители
Государственные (муниципальные…
Население и приравненные групп…
Территориальные сетевые органи…
Выручка отклонения по ПАО Россети на 2023 год
794.9 794.9
12 195.0 12 195.0
972.7 972.7
61 803.9 61 803.9
4 222.3 4 222.3
-121.8 -121.8
666.2 666.2
873.2 873.2
5 809.6 5 809.6
1 342.6 1 342.6
-4 463.2 -4 463.2
18 375.5 18 375.5
⬤ Отклонение, млн. руб.
Интер РАО (для ФСК)
Промышленные потребители
Транспорт
Нефтедобыча
Нефтепереработка
Нефтепроводы
Газопроводы
Сельское хозяйство и пищевая пр…
Непромышленные потребители
Государственные (муниципальные…
Население и приравненные групп…
Территориальные сетевые органи…
Динамика электропотребления, млрд. кВт.ч. по ПАО Россети на 2023 год
10 10
190 190
36 36
14 14
9 9
14 14
4 4
17 17
80 80
19 19
82 82
588 588
10 10
197 197
37 37
48 48
10 10
15 15
4 4
18 18
80 80
19 19
82 82
608 608
План
Ожидаемое (прогноз по конца года)
Интер РАО (дляФСК)
Промышленныепотребители
Транспорт
Нефтедобыча
Нефтепереработка
Нефтепроводы
Газопроводы
Сельскоехозяйство ипищеваяпромышленность
Непромышленныепотребители
Государственные(муниципальные)организации ипрочиебюджетныепотребители
Население иприравненныегруппыпотребителей
Территориальныесетевыеорганизации
Выручка по ПАО Россети на 2023 год
5 5
319 319
81 81
16 16
16 16
20 20
2 2
56 56
215 215
67 67
218 218
239 239
6 6
331 331
82 82
77 77
20 20
20 20
3 3
57 57
220 220
68 68
214 214
258 258
План
Ожидаемое (прогноз по конца года)
Интер РАО (дляФСК)
Промышленныепотребители
Транспорт
Нефтедобыча
Нефтепереработка
Нефтепроводы
Газопроводы
Сельскоехозяйство ипищеваяпромышленность
Непромышленныепотребители
Государственные(муниципальные)организации ипрочиебюджетныепотребители
Население иприравненныегруппыпотребителей
Территориальныесетевыеорганизации
абс.
%
Прогноз на месяц 
Ноябрь
КПО/Отпуск из сети 
Отпуск из сети, млн. кВт.ч
Организация 
Все
Прогноз электропотребления и выручки за услуги по передаче в разрезе отраслей' are equal

29-01-2025T07:03:23 - [TEST_STEP][PASSED] - Script1686231490255.WriteToExcel(user, dashboardName, n, data, run, a1, a2, a3, a4, a5, a6, a7, a8, a9): null

29-01-2025T07:03:23 - [TEST_STEP][PASSED] - sheetName = "Sheet1": null

29-01-2025T07:03:23 - [TEST_STEP][PASSED] - workbook01 = getWorkbook(excelFilePath): null

29-01-2025T07:03:23 - [TEST_STEP][PASSED] - sheet01 = getExcelSheet(workbook01, sheetName): null

29-01-2025T07:03:23 - [TEST_STEP][PASSED] - setValueToCellByIndex(sheet01, n, 0, dashboardName): null

29-01-2025T07:03:23 - [TEST_STEP][PASSED] - setValueToCellByIndex(sheet01, n, 10, user): null

29-01-2025T07:03:23 - [TEST_STEP][PASSED] - setValueToCellByIndex(sheet01, n, 1, a1): null

29-01-2025T07:03:23 - [TEST_STEP][PASSED] - setValueToCellByIndex(sheet01, n, 2, a2): null

29-01-2025T07:03:23 - [TEST_STEP][PASSED] - setValueToCellByIndex(sheet01, n, 3, a3): null

29-01-2025T07:03:23 - [TEST_STEP][PASSED] - setValueToCellByIndex(sheet01, n, 4, a4): null

29-01-2025T07:03:23 - [TEST_STEP][PASSED] - setValueToCellByIndex(sheet01, n, 5, a5): null

29-01-2025T07:03:23 - [TEST_STEP][PASSED] - setValueToCellByIndex(sheet01, n, 6, a6): null

29-01-2025T07:03:23 - [TEST_STEP][PASSED] - setValueToCellByIndex(sheet01, n, 7, a7): null

29-01-2025T07:03:23 - [TEST_STEP][PASSED] - setValueToCellByIndex(sheet01, n, 8, a8): null

29-01-2025T07:03:23 - [TEST_STEP][PASSED] - setValueToCellByIndex(sheet01, n, 9, a9): null

29-01-2025T07:03:23 - [TEST_STEP][PASSED] - n = n + 1: null

29-01-2025T07:03:23 - [TEST_STEP][PASSED] - saveWorkbook(excelFilePath, workbook01): null

29-01-2025T07:03:23 - [TEST_STEP][PASSED] - closeBrowser(): Browser is closed

29-01-2025T07:03:23 - [MESSAGE][PASSED] - Browser is closed]]></system-out>
         <system-err><![CDATA[29-01-2025T04:41:55 - [TEST_CASE][FAILED] - Test Cases/Сверки дашбордов/Блок руководителя сверка дашбордов под разными учётками: Test Cases/Сверки дашбордов/Блок руководителя сверка дашбордов под разными учётками FAILED.
Reason:
com.kms.katalon.core.exception.StepFailedException: Unable to verify equal between actual object '15 564 037' and expected object '16 830 292' (Root cause: com.kms.katalon.core.exception.StepFailedException: Actual object '15 564 037' and expected object '16 830 292' are not equal
	at com.kms.katalon.core.keyword.builtin.VerifyEqualKeyword$_verifyEqual_closure1.doCall(VerifyEqualKeyword.groovy:58)
	at com.kms.katalon.core.keyword.builtin.VerifyEqualKeyword$_verifyEqual_closure1.call(VerifyEqualKeyword.groovy)
	at com.kms.katalon.core.keyword.internal.KeywordMain.runKeyword(KeywordMain.groovy:75)
	at com.kms.katalon.core.keyword.builtin.VerifyEqualKeyword.verifyEqual(VerifyEqualKeyword.groovy:63)
	at com.kms.katalon.core.keyword.builtin.VerifyEqualKeyword.execute(VerifyEqualKeyword.groovy:44)
	at com.kms.katalon.core.keyword.internal.KeywordExecutor.executeKeywordForPlatform(KeywordExecutor.groovy:74)
	at com.kms.katalon.core.keyword.BuiltinKeywords.verifyEqual(BuiltinKeywords.groovy:146)
	at jdk.internal.reflect.GeneratedMethodAccessor25.invoke(Unknown Source)
	at java.base/jdk.internal.reflect.DelegatingMethodAccessorImpl.invoke(DelegatingMethodAccessorImpl.java:43)
	at Блок руководителя сверка дашбордов под разными учётками.OtpuskIzSeti(Блок руководителя сверка дашбордов под разными учётками:707)
	at Блок руководителя сверка дашбордов под разными учётками.run(Блок руководителя сверка дашбордов под разными учётками:70)
	at com.kms.katalon.core.main.ScriptEngine.run(ScriptEngine.java:194)
	at com.kms.katalon.core.main.ScriptEngine.runScriptAsRawText(ScriptEngine.java:119)
	at com.kms.katalon.core.main.TestCaseExecutor.runScript(TestCaseExecutor.java:448)
	at com.kms.katalon.core.main.TestCaseExecutor.doExecute(TestCaseExecutor.java:439)
	at com.kms.katalon.core.main.TestCaseExecutor.processExecutionPhase(TestCaseExecutor.java:418)
	at com.kms.katalon.core.main.TestCaseExecutor.accessMainPhase(TestCaseExecutor.java:410)
	at com.kms.katalon.core.main.TestCaseExecutor.execute(TestCaseExecutor.java:285)
	at com.kms.katalon.core.common.CommonExecutor.accessTestCaseMainPhase(CommonExecutor.java:65)
	at com.kms.katalon.core.main.TestSuiteExecutor.accessTestSuiteMainPhase(TestSuiteExecutor.java:150)
	at com.kms.katalon.core.main.TestSuiteExecutor.execute(TestSuiteExecutor.java:106)
	at com.kms.katalon.core.main.TestCaseMain.startTestSuite(TestCaseMain.java:180)
	at TempTestSuite1738107421100.run(TempTestSuite1738107421100.groovy:35)
	at java.base/jdk.internal.reflect.NativeMethodAccessorImpl.invoke0(Native Method)
	at java.base/jdk.internal.reflect.NativeMethodAccessorImpl.invoke(NativeMethodAccessorImpl.java:77)
	at java.base/jdk.internal.reflect.DelegatingMethodAccessorImpl.invoke(DelegatingMethodAccessorImpl.java:43)
)
	at com.kms.katalon.core.keyword.internal.KeywordMain.stepFailed(KeywordMain.groovy:39)
	at com.kms.katalon.core.keyword.internal.KeywordMain.stepFailed(KeywordMain.groovy)
	at com.kms.katalon.core.keyword.internal.KeywordMain.runKeyword(KeywordMain.groovy:77)
	at com.kms.katalon.core.keyword.builtin.VerifyEqualKeyword.verifyEqual(VerifyEqualKeyword.groovy:63)
	at com.kms.katalon.core.keyword.builtin.VerifyEqualKeyword.execute(VerifyEqualKeyword.groovy:44)
	at com.kms.katalon.core.keyword.internal.KeywordExecutor.executeKeywordForPlatform(KeywordExecutor.groovy:74)
	at com.kms.katalon.core.keyword.BuiltinKeywords.verifyEqual(BuiltinKeywords.groovy:146)
	at jdk.internal.reflect.GeneratedMethodAccessor25.invoke(Unknown Source)
	at java.base/jdk.internal.reflect.DelegatingMethodAccessorImpl.invoke(DelegatingMethodAccessorImpl.java:43)
	at Блок руководителя сверка дашбордов под разными учётками.OtpuskIzSeti(Блок руководителя сверка дашбордов под разными учётками:707)
	at Блок руководителя сверка дашбордов под разными учётками.run(Блок руководителя сверка дашбордов под разными учётками:70)
	at com.kms.katalon.core.main.ScriptEngine.run(ScriptEngine.java:194)
	at com.kms.katalon.core.main.ScriptEngine.runScriptAsRawText(ScriptEngine.java:119)
	at com.kms.katalon.core.main.TestCaseExecutor.runScript(TestCaseExecutor.java:448)
	at com.kms.katalon.core.main.TestCaseExecutor.doExecute(TestCaseExecutor.java:439)
	at com.kms.katalon.core.main.TestCaseExecutor.processExecutionPhase(TestCaseExecutor.java:418)
	at com.kms.katalon.core.main.TestCaseExecutor.accessMainPhase(TestCaseExecutor.java:410)
	at com.kms.katalon.core.main.TestCaseExecutor.execute(TestCaseExecutor.java:285)
	at com.kms.katalon.core.common.CommonExecutor.accessTestCaseMainPhase(CommonExecutor.java:65)
	at com.kms.katalon.core.main.TestSuiteExecutor.accessTestSuiteMainPhase(TestSuiteExecutor.java:150)
	at com.kms.katalon.core.main.TestSuiteExecutor.execute(TestSuiteExecutor.java:106)
	at com.kms.katalon.core.main.TestCaseMain.startTestSuite(TestCaseMain.java:180)
	at TempTestSuite1738107421100.run(TempTestSuite1738107421100.groovy:35)
	at java.base/jdk.internal.reflect.NativeMethodAccessorImpl.invoke0(Native Method)
	at java.base/jdk.internal.reflect.NativeMethodAccessorImpl.invoke(NativeMethodAccessorImpl.java:77)
	at java.base/jdk.internal.reflect.DelegatingMethodAccessorImpl.invoke(DelegatingMethodAccessorImpl.java:43)
Caused by: com.kms.katalon.core.exception.StepFailedException: Actual object '15 564 037' and expected object '16 830 292' are not equal
	at com.kms.katalon.core.keyword.builtin.VerifyEqualKeyword$_verifyEqual_closure1.doCall(VerifyEqualKeyword.groovy:58)
	at com.kms.katalon.core.keyword.builtin.VerifyEqualKeyword$_verifyEqual_closure1.call(VerifyEqualKeyword.groovy)
	at com.kms.katalon.core.keyword.internal.KeywordMain.runKeyword(KeywordMain.groovy:75)
	... 23 more]]></system-err>
      </testcase>
      <system-out><![CDATA[29-01-2025T02:37:05 - [TEST_SUITE][FAILED] - Сверка дашбордов из разных блоков: Test Cases/Сверки дашбордов/Выполнение бизнес-плана сверка дашбордов FAILED.
Reason:
com.kms.katalon.core.exception.StepFailedException: Unable to click on object 'Object Repository/Выполнение бизнес-плана/Выполнение бизнес-плана Балансы/2024 год' (Root cause: com.kms.katalon.core.exception.StepFailedException: Unable to click on object 'Object Repository/Выполнение бизнес-плана/Выполнение бизнес-плана Балансы/2024 год'
	at com.kms.katalon.core.webui.keyword.internal.WebUIKeywordMain.stepFailed(WebUIKeywordMain.groovy:64)
	at com.kms.katalon.core.webui.keyword.internal.WebUIKeywordMain.runKeyword(WebUIKeywordMain.groovy:26)
	at com.kms.katalon.core.webui.keyword.builtin.ClickKeyword.click(ClickKeyword.groovy:74)
	at com.kms.katalon.core.webui.keyword.builtin.ClickKeyword.execute(ClickKeyword.groovy:40)
	at com.kms.katalon.core.keyword.internal.KeywordExecutor.executeKeywordForPlatform(KeywordExecutor.groovy:74)
	at com.kms.katalon.core.webui.keyword.WebUiBuiltInKeywords.click(WebUiBuiltInKeywords.groovy:659)
	at Выполнение бизнес-плана сверка дашбордов.Presettings(Выполнение бизнес-плана сверка дашбордов:1728)
	at Выполнение бизнес-плана сверка дашбордов.run(Выполнение бизнес-плана сверка дашбордов:359)
	at com.kms.katalon.core.main.ScriptEngine.run(ScriptEngine.java:194)
	at com.kms.katalon.core.main.ScriptEngine.runScriptAsRawText(ScriptEngine.java:119)
	at com.kms.katalon.core.main.TestCaseExecutor.runScript(TestCaseExecutor.java:448)
	at com.kms.katalon.core.main.TestCaseExecutor.doExecute(TestCaseExecutor.java:439)
	at com.kms.katalon.core.main.TestCaseExecutor.processExecutionPhase(TestCaseExecutor.java:418)
	at com.kms.katalon.core.main.TestCaseExecutor.accessMainPhase(TestCaseExecutor.java:410)
	at com.kms.katalon.core.main.TestCaseExecutor.execute(TestCaseExecutor.java:285)
	at com.kms.katalon.core.common.CommonExecutor.accessTestCaseMainPhase(CommonExecutor.java:65)
	at com.kms.katalon.core.main.TestSuiteExecutor.accessTestSuiteMainPhase(TestSuiteExecutor.java:150)
	at com.kms.katalon.core.main.TestSuiteExecutor.execute(TestSuiteExecutor.java:106)
	at com.kms.katalon.core.main.TestCaseMain.startTestSuite(TestCaseMain.java:180)
	at TempTestSuite1738107421100.run(TempTestSuite1738107421100.groovy:35)
	at java.base/jdk.internal.reflect.NativeMethodAccessorImpl.invoke0(Native Method)
	at java.base/jdk.internal.reflect.NativeMethodAccessorImpl.invoke(NativeMethodAccessorImpl.java:77)
	at java.base/jdk.internal.reflect.DelegatingMethodAccessorImpl.invoke(DelegatingMethodAccessorImpl.java:43)
Caused by: org.openqa.selenium.ElementNotInteractableException: element not interactable
  (Session info: chrome=132.0.6834.159)
Build info: version: '3.141.59', revision: 'unknown', time: 'unknown'
System info: host: 'UVV-WS904-D', ip: '192.168.0.19', os.name: 'Windows 10', os.arch: 'amd64', os.version: '10.0', java.version: '17.0.7'
Driver info: com.kms.katalon.selenium.driver.CChromeDriver
Capabilities {acceptInsecureCerts: false, browserName: chrome, browserVersion: 132.0.6834.159, chrome: {chromedriverVersion: 131.0.6778.108 (3b014839fbc..., userDataDir: C:\Users\LIAZGI~1\AppData\L...}, fedcm:accounts: true, goog:chromeOptions: {debuggerAddress: localhost:55885}, javascriptEnabled: true, networkConnectionEnabled: false, pageLoadStrategy: normal, platform: WINDOWS, platformName: WINDOWS, proxy: Proxy(), setWindowRect: true, strictFileInteractability: false, timeouts: {implicit: 0, pageLoad: 300000, script: 30000}, unhandledPromptBehavior: dismiss and notify, webauthn:extension:credBlob: true, webauthn:extension:largeBlob: true, webauthn:extension:minPinLength: true, webauthn:extension:prf: true, webauthn:virtualAuthenticators: true}
Session ID: 49bba81899ab17328e3a6f5463c4b9b8
	at java.base/jdk.internal.reflect.NativeConstructorAccessorImpl.newInstance0(Native Method)
	at java.base/jdk.internal.reflect.NativeConstructorAccessorImpl.newInstance(NativeConstructorAccessorImpl.java:77)
	at java.base/jdk.internal.reflect.DelegatingConstructorAccessorImpl.newInstance(DelegatingConstructorAccessorImpl.java:45)
	at org.openqa.selenium.remote.http.W3CHttpResponseCodec.createException(W3CHttpResponseCodec.java:187)
	at org.openqa.selenium.remote.http.W3CHttpResponseCodec.decode(W3CHttpResponseCodec.java:122)
	at org.openqa.selenium.remote.http.W3CHttpResponseCodec.decode(W3CHttpResponseCodec.java:49)
	at org.openqa.selenium.remote.HttpCommandExecutor.execute(HttpCommandExecutor.java:158)
	at org.openqa.selenium.remote.service.DriverCommandExecutor.execute(DriverCommandExecutor.java:83)
	at org.openqa.selenium.remote.RemoteWebDriver.execute(RemoteWebDriver.java:552)
	at com.kms.katalon.selenium.driver.CChromeDriver.execute(CChromeDriver.java:19)
	at org.openqa.selenium.remote.RemoteWebElement.execute(RemoteWebElement.java:285)
	at org.openqa.selenium.remote.RemoteWebElement.click(RemoteWebElement.java:84)
	at jdk.internal.reflect.GeneratedMethodAccessor15.invoke(Unknown Source)
	at java.base/jdk.internal.reflect.DelegatingMethodAccessorImpl.invoke(DelegatingMethodAccessorImpl.java:43)
	at org.openqa.selenium.support.events.EventFiringWebDriver$EventFiringWebElement.lambda$new$0(EventFiringWebDriver.java:404)
	at jdk.proxy2/jdk.proxy2.$Proxy24.click(Unknown Source)
	at org.openqa.selenium.support.events.EventFiringWebDriver$EventFiringWebElement.click(EventFiringWebDriver.java:417)
	at org.openqa.selenium.WebElement$click.call(Unknown Source)
	at com.kms.katalon.core.webui.keyword.builtin.ClickKeyword.clickUntilSuccessWithTimeout(ClickKeyword.groovy:81)
	at com.kms.katalon.core.webui.keyword.builtin.ClickKeyword.clickUntilSuccessWithTimeout(ClickKeyword.groovy)
	at jdk.internal.reflect.GeneratedMethodAccessor13.invoke(Unknown Source)
	at java.base/jdk.internal.reflect.DelegatingMethodAccessorImpl.invoke(DelegatingMethodAccessorImpl.java:43)
	at com.kms.katalon.core.webui.keyword.builtin.ClickKeyword$_click_closure1.doCall(ClickKeyword.groovy:67)
	at com.kms.katalon.core.webui.keyword.builtin.ClickKeyword$_click_closure1.call(ClickKeyword.groovy)
	at com.kms.katalon.core.webui.keyword.internal.WebUIKeywordMain.runKeyword(WebUIKeywordMain.groovy:20)
	at com.kms.katalon.core.webui.keyword.builtin.ClickKeyword.click(ClickKeyword.groovy:74)
	at com.kms.katalon.core.webui.keyword.builtin.ClickKeyword.execute(ClickKeyword.groovy:40)
	at com.kms.katalon.core.keyword.internal.KeywordExecutor.executeKeywordForPlatform(KeywordExecutor.groovy:74)
	at com.kms.katalon.core.webui.keyword.WebUiBuiltInKeywords.click(WebUiBuiltInKeywords.groovy:659)
	at Script1719299571342.Presettings(Script1719299571342.groovy:1728)
	at Script1719299571342.run(Script1719299571342.groovy:359)
	... 15 more
)
	at com.kms.katalon.core.keyword.internal.KeywordMain.stepFailed(KeywordMain.groovy:39)
	at com.kms.katalon.core.webui.keyword.internal.WebUIKeywordMain.stepFailed(WebUIKeywordMain.groovy:64)
	at com.kms.katalon.core.webui.keyword.internal.WebUIKeywordMain.runKeyword(WebUIKeywordMain.groovy:26)
	at com.kms.katalon.core.webui.keyword.builtin.ClickKeyword.click(ClickKeyword.groovy:74)
	at com.kms.katalon.core.webui.keyword.builtin.ClickKeyword.execute(ClickKeyword.groovy:40)
	at com.kms.katalon.core.keyword.internal.KeywordExecutor.executeKeywordForPlatform(KeywordExecutor.groovy:74)
	at com.kms.katalon.core.webui.keyword.WebUiBuiltInKeywords.click(WebUiBuiltInKeywords.groovy:659)
	at Выполнение бизнес-плана сверка дашбордов.Presettings(Выполнение бизнес-плана сверка дашбордов:1728)
	at Выполнение бизнес-плана сверка дашбордов.run(Выполнение бизнес-плана сверка дашбордов:359)
	at com.kms.katalon.core.main.ScriptEngine.run(ScriptEngine.java:194)
	at com.kms.katalon.core.main.ScriptEngine.runScriptAsRawText(ScriptEngine.java:119)
	at com.kms.katalon.core.main.TestCaseExecutor.runScript(TestCaseExecutor.java:448)
	at com.kms.katalon.core.main.TestCaseExecutor.doExecute(TestCaseExecutor.java:439)
	at com.kms.katalon.core.main.TestCaseExecutor.processExecutionPhase(TestCaseExecutor.java:418)
	at com.kms.katalon.core.main.TestCaseExecutor.accessMainPhase(TestCaseExecutor.java:410)
	at com.kms.katalon.core.main.TestCaseExecutor.execute(TestCaseExecutor.java:285)
	at com.kms.katalon.core.common.CommonExecutor.accessTestCaseMainPhase(CommonExecutor.java:65)
	at com.kms.katalon.core.main.TestSuiteExecutor.accessTestSuiteMainPhase(TestSuiteExecutor.java:150)
	at com.kms.katalon.core.main.TestSuiteExecutor.execute(TestSuiteExecutor.java:106)
	at com.kms.katalon.core.main.TestCaseMain.startTestSuite(TestCaseMain.java:180)
	at TempTestSuite1738107421100.run(TempTestSuite1738107421100.groovy:35)
	at java.base/jdk.internal.reflect.NativeMethodAccessorImpl.invoke0(Native Method)
	at java.base/jdk.internal.reflect.NativeMethodAccessorImpl.invoke(NativeMethodAccessorImpl.java:77)
	at java.base/jdk.internal.reflect.DelegatingMethodAccessorImpl.invoke(DelegatingMethodAccessorImpl.java:43)
Caused by: com.kms.katalon.core.exception.StepFailedException: Unable to click on object 'Object Repository/Выполнение бизнес-плана/Выполнение бизнес-плана Балансы/2024 год'
	... 23 more
Caused by: org.openqa.selenium.ElementNotInteractableException: element not interactable
  (Session info: chrome=132.0.6834.159)
Build info: version: '3.141.59', revision: 'unknown', time: 'unknown'
System info: host: 'UVV-WS904-D', ip: '192.168.0.19', os.name: 'Windows 10', os.arch: 'amd64', os.version: '10.0', java.version: '17.0.7'
Driver info: com.kms.katalon.selenium.driver.CChromeDriver
Capabilities {acceptInsecureCerts: false, browserName: chrome, browserVersion: 132.0.6834.159, chrome: {chromedriverVersion: 131.0.6778.108 (3b014839fbc..., userDataDir: C:\Users\LIAZGI~1\AppData\L...}, fedcm:accounts: true, goog:chromeOptions: {debuggerAddress: localhost:55885}, javascriptEnabled: true, networkConnectionEnabled: false, pageLoadStrategy: normal, platform: WINDOWS, platformName: WINDOWS, proxy: Proxy(), setWindowRect: true, strictFileInteractability: false, timeouts: {implicit: 0, pageLoad: 300000, script: 30000}, unhandledPromptBehavior: dismiss and notify, webauthn:extension:credBlob: true, webauthn:extension:largeBlob: true, webauthn:extension:minPinLength: true, webauthn:extension:prf: true, webauthn:virtualAuthenticators: true}
Session ID: 49bba81899ab17328e3a6f5463c4b9b8
	at java.base/jdk.internal.reflect.NativeConstructorAccessorImpl.newInstance0(Native Method)
	at java.base/jdk.internal.reflect.NativeConstructorAccessorImpl.newInstance(NativeConstructorAccessorImpl.java:77)
	at java.base/jdk.internal.reflect.DelegatingConstructorAccessorImpl.newInstance(DelegatingConstructorAccessorImpl.java:45)
	at org.openqa.selenium.remote.http.W3CHttpResponseCodec.createException(W3CHttpResponseCodec.java:187)
	at org.openqa.selenium.remote.http.W3CHttpResponseCodec.decode(W3CHttpResponseCodec.java:122)
	at org.openqa.selenium.remote.http.W3CHttpResponseCodec.decode(W3CHttpResponseCodec.java:49)
	at org.openqa.selenium.remote.HttpCommandExecutor.execute(HttpCommandExecutor.java:158)
	at org.openqa.selenium.remote.service.DriverCommandExecutor.execute(DriverCommandExecutor.java:83)
	at org.openqa.selenium.remote.RemoteWebDriver.execute(RemoteWebDriver.java:552)
	at com.kms.katalon.selenium.driver.CChromeDriver.execute(CChromeDriver.java:19)
	at org.openqa.selenium.remote.RemoteWebElement.execute(RemoteWebElement.java:285)
	at org.openqa.selenium.remote.RemoteWebElement.click(RemoteWebElement.java:84)
	at jdk.internal.reflect.GeneratedMethodAccessor15.invoke(Unknown Source)
	at java.base/jdk.internal.reflect.DelegatingMethodAccessorImpl.invoke(DelegatingMethodAccessorImpl.java:43)
	at org.openqa.selenium.support.events.EventFiringWebDriver$EventFiringWebElement.lambda$new$0(EventFiringWebDriver.java:404)
	at jdk.proxy2/jdk.proxy2.$Proxy24.click(Unknown Source)
	at org.openqa.selenium.support.events.EventFiringWebDriver$EventFiringWebElement.click(EventFiringWebDriver.java:417)
	at org.openqa.selenium.WebElement$click.call(Unknown Source)
	at com.kms.katalon.core.webui.keyword.builtin.ClickKeyword.clickUntilSuccessWithTimeout(ClickKeyword.groovy:81)
	at com.kms.katalon.core.webui.keyword.builtin.ClickKeyword.clickUntilSuccessWithTimeout(ClickKeyword.groovy)
	at jdk.internal.reflect.GeneratedMethodAccessor13.invoke(Unknown Source)
	at java.base/jdk.internal.reflect.DelegatingMethodAccessorImpl.invoke(DelegatingMethodAccessorImpl.java:43)
	at com.kms.katalon.core.webui.keyword.builtin.ClickKeyword$_click_closure1.doCall(ClickKeyword.groovy:67)
	at com.kms.katalon.core.webui.keyword.builtin.ClickKeyword$_click_closure1.call(ClickKeyword.groovy)
	at com.kms.katalon.core.webui.keyword.internal.WebUIKeywordMain.runKeyword(WebUIKeywordMain.groovy:20)
	... 21 more]]></system-out>
      <system-err><![CDATA[29-01-2025T02:37:05 - [TEST_SUITE][FAILED] - Сверка дашбордов из разных блоков: Test Cases/Сверки дашбордов/Выполнение бизнес-плана сверка дашбордов FAILED.
Reason:
com.kms.katalon.core.exception.StepFailedException: Unable to click on object 'Object Repository/Выполнение бизнес-плана/Выполнение бизнес-плана Балансы/2024 год' (Root cause: com.kms.katalon.core.exception.StepFailedException: Unable to click on object 'Object Repository/Выполнение бизнес-плана/Выполнение бизнес-плана Балансы/2024 год'
	at com.kms.katalon.core.webui.keyword.internal.WebUIKeywordMain.stepFailed(WebUIKeywordMain.groovy:64)
	at com.kms.katalon.core.webui.keyword.internal.WebUIKeywordMain.runKeyword(WebUIKeywordMain.groovy:26)
	at com.kms.katalon.core.webui.keyword.builtin.ClickKeyword.click(ClickKeyword.groovy:74)
	at com.kms.katalon.core.webui.keyword.builtin.ClickKeyword.execute(ClickKeyword.groovy:40)
	at com.kms.katalon.core.keyword.internal.KeywordExecutor.executeKeywordForPlatform(KeywordExecutor.groovy:74)
	at com.kms.katalon.core.webui.keyword.WebUiBuiltInKeywords.click(WebUiBuiltInKeywords.groovy:659)
	at Выполнение бизнес-плана сверка дашбордов.Presettings(Выполнение бизнес-плана сверка дашбордов:1728)
	at Выполнение бизнес-плана сверка дашбордов.run(Выполнение бизнес-плана сверка дашбордов:359)
	at com.kms.katalon.core.main.ScriptEngine.run(ScriptEngine.java:194)
	at com.kms.katalon.core.main.ScriptEngine.runScriptAsRawText(ScriptEngine.java:119)
	at com.kms.katalon.core.main.TestCaseExecutor.runScript(TestCaseExecutor.java:448)
	at com.kms.katalon.core.main.TestCaseExecutor.doExecute(TestCaseExecutor.java:439)
	at com.kms.katalon.core.main.TestCaseExecutor.processExecutionPhase(TestCaseExecutor.java:418)
	at com.kms.katalon.core.main.TestCaseExecutor.accessMainPhase(TestCaseExecutor.java:410)
	at com.kms.katalon.core.main.TestCaseExecutor.execute(TestCaseExecutor.java:285)
	at com.kms.katalon.core.common.CommonExecutor.accessTestCaseMainPhase(CommonExecutor.java:65)
	at com.kms.katalon.core.main.TestSuiteExecutor.accessTestSuiteMainPhase(TestSuiteExecutor.java:150)
	at com.kms.katalon.core.main.TestSuiteExecutor.execute(TestSuiteExecutor.java:106)
	at com.kms.katalon.core.main.TestCaseMain.startTestSuite(TestCaseMain.java:180)
	at TempTestSuite1738107421100.run(TempTestSuite1738107421100.groovy:35)
	at java.base/jdk.internal.reflect.NativeMethodAccessorImpl.invoke0(Native Method)
	at java.base/jdk.internal.reflect.NativeMethodAccessorImpl.invoke(NativeMethodAccessorImpl.java:77)
	at java.base/jdk.internal.reflect.DelegatingMethodAccessorImpl.invoke(DelegatingMethodAccessorImpl.java:43)
Caused by: org.openqa.selenium.ElementNotInteractableException: element not interactable
  (Session info: chrome=132.0.6834.159)
Build info: version: '3.141.59', revision: 'unknown', time: 'unknown'
System info: host: 'UVV-WS904-D', ip: '192.168.0.19', os.name: 'Windows 10', os.arch: 'amd64', os.version: '10.0', java.version: '17.0.7'
Driver info: com.kms.katalon.selenium.driver.CChromeDriver
Capabilities {acceptInsecureCerts: false, browserName: chrome, browserVersion: 132.0.6834.159, chrome: {chromedriverVersion: 131.0.6778.108 (3b014839fbc..., userDataDir: C:\Users\LIAZGI~1\AppData\L...}, fedcm:accounts: true, goog:chromeOptions: {debuggerAddress: localhost:55885}, javascriptEnabled: true, networkConnectionEnabled: false, pageLoadStrategy: normal, platform: WINDOWS, platformName: WINDOWS, proxy: Proxy(), setWindowRect: true, strictFileInteractability: false, timeouts: {implicit: 0, pageLoad: 300000, script: 30000}, unhandledPromptBehavior: dismiss and notify, webauthn:extension:credBlob: true, webauthn:extension:largeBlob: true, webauthn:extension:minPinLength: true, webauthn:extension:prf: true, webauthn:virtualAuthenticators: true}
Session ID: 49bba81899ab17328e3a6f5463c4b9b8
	at java.base/jdk.internal.reflect.NativeConstructorAccessorImpl.newInstance0(Native Method)
	at java.base/jdk.internal.reflect.NativeConstructorAccessorImpl.newInstance(NativeConstructorAccessorImpl.java:77)
	at java.base/jdk.internal.reflect.DelegatingConstructorAccessorImpl.newInstance(DelegatingConstructorAccessorImpl.java:45)
	at org.openqa.selenium.remote.http.W3CHttpResponseCodec.createException(W3CHttpResponseCodec.java:187)
	at org.openqa.selenium.remote.http.W3CHttpResponseCodec.decode(W3CHttpResponseCodec.java:122)
	at org.openqa.selenium.remote.http.W3CHttpResponseCodec.decode(W3CHttpResponseCodec.java:49)
	at org.openqa.selenium.remote.HttpCommandExecutor.execute(HttpCommandExecutor.java:158)
	at org.openqa.selenium.remote.service.DriverCommandExecutor.execute(DriverCommandExecutor.java:83)
	at org.openqa.selenium.remote.RemoteWebDriver.execute(RemoteWebDriver.java:552)
	at com.kms.katalon.selenium.driver.CChromeDriver.execute(CChromeDriver.java:19)
	at org.openqa.selenium.remote.RemoteWebElement.execute(RemoteWebElement.java:285)
	at org.openqa.selenium.remote.RemoteWebElement.click(RemoteWebElement.java:84)
	at jdk.internal.reflect.GeneratedMethodAccessor15.invoke(Unknown Source)
	at java.base/jdk.internal.reflect.DelegatingMethodAccessorImpl.invoke(DelegatingMethodAccessorImpl.java:43)
	at org.openqa.selenium.support.events.EventFiringWebDriver$EventFiringWebElement.lambda$new$0(EventFiringWebDriver.java:404)
	at jdk.proxy2/jdk.proxy2.$Proxy24.click(Unknown Source)
	at org.openqa.selenium.support.events.EventFiringWebDriver$EventFiringWebElement.click(EventFiringWebDriver.java:417)
	at org.openqa.selenium.WebElement$click.call(Unknown Source)
	at com.kms.katalon.core.webui.keyword.builtin.ClickKeyword.clickUntilSuccessWithTimeout(ClickKeyword.groovy:81)
	at com.kms.katalon.core.webui.keyword.builtin.ClickKeyword.clickUntilSuccessWithTimeout(ClickKeyword.groovy)
	at jdk.internal.reflect.GeneratedMethodAccessor13.invoke(Unknown Source)
	at java.base/jdk.internal.reflect.DelegatingMethodAccessorImpl.invoke(DelegatingMethodAccessorImpl.java:43)
	at com.kms.katalon.core.webui.keyword.builtin.ClickKeyword$_click_closure1.doCall(ClickKeyword.groovy:67)
	at com.kms.katalon.core.webui.keyword.builtin.ClickKeyword$_click_closure1.call(ClickKeyword.groovy)
	at com.kms.katalon.core.webui.keyword.internal.WebUIKeywordMain.runKeyword(WebUIKeywordMain.groovy:20)
	at com.kms.katalon.core.webui.keyword.builtin.ClickKeyword.click(ClickKeyword.groovy:74)
	at com.kms.katalon.core.webui.keyword.builtin.ClickKeyword.execute(ClickKeyword.groovy:40)
	at com.kms.katalon.core.keyword.internal.KeywordExecutor.executeKeywordForPlatform(KeywordExecutor.groovy:74)
	at com.kms.katalon.core.webui.keyword.WebUiBuiltInKeywords.click(WebUiBuiltInKeywords.groovy:659)
	at Script1719299571342.Presettings(Script1719299571342.groovy:1728)
	at Script1719299571342.run(Script1719299571342.groovy:359)
	... 15 more
)
	at com.kms.katalon.core.keyword.internal.KeywordMain.stepFailed(KeywordMain.groovy:39)
	at com.kms.katalon.core.webui.keyword.internal.WebUIKeywordMain.stepFailed(WebUIKeywordMain.groovy:64)
	at com.kms.katalon.core.webui.keyword.internal.WebUIKeywordMain.runKeyword(WebUIKeywordMain.groovy:26)
	at com.kms.katalon.core.webui.keyword.builtin.ClickKeyword.click(ClickKeyword.groovy:74)
	at com.kms.katalon.core.webui.keyword.builtin.ClickKeyword.execute(ClickKeyword.groovy:40)
	at com.kms.katalon.core.keyword.internal.KeywordExecutor.executeKeywordForPlatform(KeywordExecutor.groovy:74)
	at com.kms.katalon.core.webui.keyword.WebUiBuiltInKeywords.click(WebUiBuiltInKeywords.groovy:659)
	at Выполнение бизнес-плана сверка дашбордов.Presettings(Выполнение бизнес-плана сверка дашбордов:1728)
	at Выполнение бизнес-плана сверка дашбордов.run(Выполнение бизнес-плана сверка дашбордов:359)
	at com.kms.katalon.core.main.ScriptEngine.run(ScriptEngine.java:194)
	at com.kms.katalon.core.main.ScriptEngine.runScriptAsRawText(ScriptEngine.java:119)
	at com.kms.katalon.core.main.TestCaseExecutor.runScript(TestCaseExecutor.java:448)
	at com.kms.katalon.core.main.TestCaseExecutor.doExecute(TestCaseExecutor.java:439)
	at com.kms.katalon.core.main.TestCaseExecutor.processExecutionPhase(TestCaseExecutor.java:418)
	at com.kms.katalon.core.main.TestCaseExecutor.accessMainPhase(TestCaseExecutor.java:410)
	at com.kms.katalon.core.main.TestCaseExecutor.execute(TestCaseExecutor.java:285)
	at com.kms.katalon.core.common.CommonExecutor.accessTestCaseMainPhase(CommonExecutor.java:65)
	at com.kms.katalon.core.main.TestSuiteExecutor.accessTestSuiteMainPhase(TestSuiteExecutor.java:150)
	at com.kms.katalon.core.main.TestSuiteExecutor.execute(TestSuiteExecutor.java:106)
	at com.kms.katalon.core.main.TestCaseMain.startTestSuite(TestCaseMain.java:180)
	at TempTestSuite1738107421100.run(TempTestSuite1738107421100.groovy:35)
	at java.base/jdk.internal.reflect.NativeMethodAccessorImpl.invoke0(Native Method)
	at java.base/jdk.internal.reflect.NativeMethodAccessorImpl.invoke(NativeMethodAccessorImpl.java:77)
	at java.base/jdk.internal.reflect.DelegatingMethodAccessorImpl.invoke(DelegatingMethodAccessorImpl.java:43)
Caused by: com.kms.katalon.core.exception.StepFailedException: Unable to click on object 'Object Repository/Выполнение бизнес-плана/Выполнение бизнес-плана Балансы/2024 год'
	... 23 more
Caused by: org.openqa.selenium.ElementNotInteractableException: element not interactable
  (Session info: chrome=132.0.6834.159)
Build info: version: '3.141.59', revision: 'unknown', time: 'unknown'
System info: host: 'UVV-WS904-D', ip: '192.168.0.19', os.name: 'Windows 10', os.arch: 'amd64', os.version: '10.0', java.version: '17.0.7'
Driver info: com.kms.katalon.selenium.driver.CChromeDriver
Capabilities {acceptInsecureCerts: false, browserName: chrome, browserVersion: 132.0.6834.159, chrome: {chromedriverVersion: 131.0.6778.108 (3b014839fbc..., userDataDir: C:\Users\LIAZGI~1\AppData\L...}, fedcm:accounts: true, goog:chromeOptions: {debuggerAddress: localhost:55885}, javascriptEnabled: true, networkConnectionEnabled: false, pageLoadStrategy: normal, platform: WINDOWS, platformName: WINDOWS, proxy: Proxy(), setWindowRect: true, strictFileInteractability: false, timeouts: {implicit: 0, pageLoad: 300000, script: 30000}, unhandledPromptBehavior: dismiss and notify, webauthn:extension:credBlob: true, webauthn:extension:largeBlob: true, webauthn:extension:minPinLength: true, webauthn:extension:prf: true, webauthn:virtualAuthenticators: true}
Session ID: 49bba81899ab17328e3a6f5463c4b9b8
	at java.base/jdk.internal.reflect.NativeConstructorAccessorImpl.newInstance0(Native Method)
	at java.base/jdk.internal.reflect.NativeConstructorAccessorImpl.newInstance(NativeConstructorAccessorImpl.java:77)
	at java.base/jdk.internal.reflect.DelegatingConstructorAccessorImpl.newInstance(DelegatingConstructorAccessorImpl.java:45)
	at org.openqa.selenium.remote.http.W3CHttpResponseCodec.createException(W3CHttpResponseCodec.java:187)
	at org.openqa.selenium.remote.http.W3CHttpResponseCodec.decode(W3CHttpResponseCodec.java:122)
	at org.openqa.selenium.remote.http.W3CHttpResponseCodec.decode(W3CHttpResponseCodec.java:49)
	at org.openqa.selenium.remote.HttpCommandExecutor.execute(HttpCommandExecutor.java:158)
	at org.openqa.selenium.remote.service.DriverCommandExecutor.execute(DriverCommandExecutor.java:83)
	at org.openqa.selenium.remote.RemoteWebDriver.execute(RemoteWebDriver.java:552)
	at com.kms.katalon.selenium.driver.CChromeDriver.execute(CChromeDriver.java:19)
	at org.openqa.selenium.remote.RemoteWebElement.execute(RemoteWebElement.java:285)
	at org.openqa.selenium.remote.RemoteWebElement.click(RemoteWebElement.java:84)
	at jdk.internal.reflect.GeneratedMethodAccessor15.invoke(Unknown Source)
	at java.base/jdk.internal.reflect.DelegatingMethodAccessorImpl.invoke(DelegatingMethodAccessorImpl.java:43)
	at org.openqa.selenium.support.events.EventFiringWebDriver$EventFiringWebElement.lambda$new$0(EventFiringWebDriver.java:404)
	at jdk.proxy2/jdk.proxy2.$Proxy24.click(Unknown Source)
	at org.openqa.selenium.support.events.EventFiringWebDriver$EventFiringWebElement.click(EventFiringWebDriver.java:417)
	at org.openqa.selenium.WebElement$click.call(Unknown Source)
	at com.kms.katalon.core.webui.keyword.builtin.ClickKeyword.clickUntilSuccessWithTimeout(ClickKeyword.groovy:81)
	at com.kms.katalon.core.webui.keyword.builtin.ClickKeyword.clickUntilSuccessWithTimeout(ClickKeyword.groovy)
	at jdk.internal.reflect.GeneratedMethodAccessor13.invoke(Unknown Source)
	at java.base/jdk.internal.reflect.DelegatingMethodAccessorImpl.invoke(DelegatingMethodAccessorImpl.java:43)
	at com.kms.katalon.core.webui.keyword.builtin.ClickKeyword$_click_closure1.doCall(ClickKeyword.groovy:67)
	at com.kms.katalon.core.webui.keyword.builtin.ClickKeyword$_click_closure1.call(ClickKeyword.groovy)
	at com.kms.katalon.core.webui.keyword.internal.WebUIKeywordMain.runKeyword(WebUIKeywordMain.groovy:20)
	... 21 more]]></system-err>
   </testsuite>
</testsuites>
