<?xml version="1.0" encoding="UTF-8"?>
<testsuites name="Сверка дашбордов из разных блоков" time="16854.857" tests="7" failures="3" errors="0">
   <testsuite name="Сверка дашбордов из разных блоков" tests="7" failures="3" errors="0" time="16854.857" skipped="0" timestamp="28-03-2025T07:46:52" hostname="liazgina-di - UVV-WS904-D.ot.ru" id="Test Suites/Пн-Ср-Пт/Сверка дашбордов из разных блоков">
      <properties>
         <property name="deviceName" value=""/>
         <property name="devicePlatform"/>
         <property name="logFolder" value="C:\\Users\\LIAZGINA-DI\\git\\SPORU\\Reports\\20250328_074647\\\u041F\u043D-\u0421\u0440-\u041F\u0442\\\u0421\u0432\u0435\u0440\u043A\u0430 \u0434\u0430\u0448\u0431\u043E\u0440\u0434\u043E\u0432 \u0438\u0437 \u0440\u0430\u0437\u043D\u044B\u0445 \u0431\u043B\u043E\u043A\u043E\u0432\\20250328_074647"/>
         <property name="logFiles" value="C:\\Users\\LIAZGINA-DI\\git\\SPORU\\Reports\\20250328_074647\\\u041F\u043D-\u0421\u0440-\u041F\u0442\\\u0421\u0432\u0435\u0440\u043A\u0430 \u0434\u0430\u0448\u0431\u043E\u0440\u0434\u043E\u0432 \u0438\u0437 \u0440\u0430\u0437\u043D\u044B\u0445 \u0431\u043B\u043E\u043A\u043E\u0432\\20250328_074647\\execution0.log, C:\\Users\\LIAZGINA-DI\\git\\SPORU\\Reports\\20250328_074647\\\u041F\u043D-\u0421\u0440-\u041F\u0442\\\u0421\u0432\u0435\u0440\u043A\u0430 \u0434\u0430\u0448\u0431\u043E\u0440\u0434\u043E\u0432 \u0438\u0437 \u0440\u0430\u0437\u043D\u044B\u0445 \u0431\u043B\u043E\u043A\u043E\u0432\\20250328_074647\\execution1.log"/>
         <property name="attachments" value="C:\\Users\\LIAZGINA-DI\\git\\SPORU\\Reports\\20250328_074647\\\u041F\u043D-\u0421\u0440-\u041F\u0442\\\u0421\u0432\u0435\u0440\u043A\u0430 \u0434\u0430\u0448\u0431\u043E\u0440\u0434\u043E\u0432 \u0438\u0437 \u0440\u0430\u0437\u043D\u044B\u0445 \u0431\u043B\u043E\u043A\u043E\u0432\\20250328_074647\\1743145798567.png, C:\\Users\\LIAZGINA-DI\\git\\SPORU\\Reports\\20250328_074647\\\u041F\u043D-\u0421\u0440-\u041F\u0442\\\u0421\u0432\u0435\u0440\u043A\u0430 \u0434\u0430\u0448\u0431\u043E\u0440\u0434\u043E\u0432 \u0438\u0437 \u0440\u0430\u0437\u043D\u044B\u0445 \u0431\u043B\u043E\u043A\u043E\u0432\\20250328_074647\\1743152463717.png, C:\\Users\\LIAZGINA-DI\\git\\SPORU\\Reports\\20250328_074647\\\u041F\u043D-\u0421\u0440-\u041F\u0442\\\u0421\u0432\u0435\u0440\u043A\u0430 \u0434\u0430\u0448\u0431\u043E\u0440\u0434\u043E\u0432 \u0438\u0437 \u0440\u0430\u0437\u043D\u044B\u0445 \u0431\u043B\u043E\u043A\u043E\u0432\\20250328_074647\\1743152786848.png, C:\\Users\\LIAZGINA-DI\\git\\SPORU\\Reports\\20250328_074647\\\u041F\u043D-\u0421\u0440-\u041F\u0442\\\u0421\u0432\u0435\u0440\u043A\u0430 \u0434\u0430\u0448\u0431\u043E\u0440\u0434\u043E\u0432 \u0438\u0437 \u0440\u0430\u0437\u043D\u044B\u0445 \u0431\u043B\u043E\u043A\u043E\u0432\\20250328_074647\\1743152873235.png, C:\\Users\\LIAZGINA-DI\\git\\SPORU\\Reports\\20250328_074647\\\u041F\u043D-\u0421\u0440-\u041F\u0442\\\u0421\u0432\u0435\u0440\u043A\u0430 \u0434\u0430\u0448\u0431\u043E\u0440\u0434\u043E\u0432 \u0438\u0437 \u0440\u0430\u0437\u043D\u044B\u0445 \u0431\u043B\u043E\u043A\u043E\u0432\\20250328_074647\\1743152989326.png, C:\\Users\\LIAZGINA-DI\\git\\SPORU\\Reports\\20250328_074647\\\u041F\u043D-\u0421\u0440-\u041F\u0442\\\u0421\u0432\u0435\u0440\u043A\u0430 \u0434\u0430\u0448\u0431\u043E\u0440\u0434\u043E\u0432 \u0438\u0437 \u0440\u0430\u0437\u043D\u044B\u0445 \u0431\u043B\u043E\u043A\u043E\u0432\\20250328_074647\\1743153021159.png, C:\\Users\\LIAZGINA-DI\\git\\SPORU\\Reports\\20250328_074647\\\u041F\u043D-\u0421\u0440-\u041F\u0442\\\u0421\u0432\u0435\u0440\u043A\u0430 \u0434\u0430\u0448\u0431\u043E\u0440\u0434\u043E\u0432 \u0438\u0437 \u0440\u0430\u0437\u043D\u044B\u0445 \u0431\u043B\u043E\u043A\u043E\u0432\\20250328_074647\\1743153053356.png, C:\\Users\\LIAZGINA-DI\\git\\SPORU\\Reports\\20250328_074647\\\u041F\u043D-\u0421\u0440-\u041F\u0442\\\u0421\u0432\u0435\u0440\u043A\u0430 \u0434\u0430\u0448\u0431\u043E\u0440\u0434\u043E\u0432 \u0438\u0437 \u0440\u0430\u0437\u043D\u044B\u0445 \u0431\u043B\u043E\u043A\u043E\u0432\\20250328_074647\\1743153085177.png, C:\\Users\\LIAZGINA-DI\\git\\SPORU\\Reports\\20250328_074647\\\u041F\u043D-\u0421\u0440-\u041F\u0442\\\u0421\u0432\u0435\u0440\u043A\u0430 \u0434\u0430\u0448\u0431\u043E\u0440\u0434\u043E\u0432 \u0438\u0437 \u0440\u0430\u0437\u043D\u044B\u0445 \u0431\u043B\u043E\u043A\u043E\u0432\\20250328_074647\\1743153118330.png, C:\\Users\\LIAZGINA-DI\\git\\SPORU\\Reports\\20250328_074647\\\u041F\u043D-\u0421\u0440-\u041F\u0442\\\u0421\u0432\u0435\u0440\u043A\u0430 \u0434\u0430\u0448\u0431\u043E\u0440\u0434\u043E\u0432 \u0438\u0437 \u0440\u0430\u0437\u043D\u044B\u0445 \u0431\u043B\u043E\u043A\u043E\u0432\\20250328_074647\\1743153150098.png, C:\\Users\\LIAZGINA-DI\\git\\SPORU\\Reports\\20250328_074647\\\u041F\u043D-\u0421\u0440-\u041F\u0442\\\u0421\u0432\u0435\u0440\u043A\u0430 \u0434\u0430\u0448\u0431\u043E\u0440\u0434\u043E\u0432 \u0438\u0437 \u0440\u0430\u0437\u043D\u044B\u0445 \u0431\u043B\u043E\u043A\u043E\u0432\\20250328_074647\\1743153182457.png, C:\\Users\\LIAZGINA-DI\\git\\SPORU\\Reports\\20250328_074647\\\u041F\u043D-\u0421\u0440-\u041F\u0442\\\u0421\u0432\u0435\u0440\u043A\u0430 \u0434\u0430\u0448\u0431\u043E\u0440\u0434\u043E\u0432 \u0438\u0437 \u0440\u0430\u0437\u043D\u044B\u0445 \u0431\u043B\u043E\u043A\u043E\u0432\\20250328_074647\\1743153214350.png, C:\\Users\\LIAZGINA-DI\\git\\SPORU\\Reports\\20250328_074647\\\u041F\u043D-\u0421\u0440-\u041F\u0442\\\u0421\u0432\u0435\u0440\u043A\u0430 \u0434\u0430\u0448\u0431\u043E\u0440\u0434\u043E\u0432 \u0438\u0437 \u0440\u0430\u0437\u043D\u044B\u0445 \u0431\u043B\u043E\u043A\u043E\u0432\\20250328_074647\\1743153319848.png, C:\\Users\\LIAZGINA-DI\\git\\SPORU\\Reports\\20250328_074647\\\u041F\u043D-\u0421\u0440-\u041F\u0442\\\u0421\u0432\u0435\u0440\u043A\u0430 \u0434\u0430\u0448\u0431\u043E\u0440\u0434\u043E\u0432 \u0438\u0437 \u0440\u0430\u0437\u043D\u044B\u0445 \u0431\u043B\u043E\u043A\u043E\u0432\\20250328_074647\\1743153483428.png, C:\\Users\\LIAZGINA-DI\\git\\SPORU\\Reports\\20250328_074647\\\u041F\u043D-\u0421\u0440-\u041F\u0442\\\u0421\u0432\u0435\u0440\u043A\u0430 \u0434\u0430\u0448\u0431\u043E\u0440\u0434\u043E\u0432 \u0438\u0437 \u0440\u0430\u0437\u043D\u044B\u0445 \u0431\u043B\u043E\u043A\u043E\u0432\\20250328_074647\\1743153516015.png, C:\\Users\\LIAZGINA-DI\\git\\SPORU\\Reports\\20250328_074647\\\u041F\u043D-\u0421\u0440-\u041F\u0442\\\u0421\u0432\u0435\u0440\u043A\u0430 \u0434\u0430\u0448\u0431\u043E\u0440\u0434\u043E\u0432 \u0438\u0437 \u0440\u0430\u0437\u043D\u044B\u0445 \u0431\u043B\u043E\u043A\u043E\u0432\\20250328_074647\\1743153555139.png, C:\\Users\\LIAZGINA-DI\\git\\SPORU\\Reports\\20250328_074647\\\u041F\u043D-\u0421\u0440-\u041F\u0442\\\u0421\u0432\u0435\u0440\u043A\u0430 \u0434\u0430\u0448\u0431\u043E\u0440\u0434\u043E\u0432 \u0438\u0437 \u0440\u0430\u0437\u043D\u044B\u0445 \u0431\u043B\u043E\u043A\u043E\u0432\\20250328_074647\\1743153594972.png, C:\\Users\\LIAZGINA-DI\\git\\SPORU\\Reports\\20250328_074647\\\u041F\u043D-\u0421\u0440-\u041F\u0442\\\u0421\u0432\u0435\u0440\u043A\u0430 \u0434\u0430\u0448\u0431\u043E\u0440\u0434\u043E\u0432 \u0438\u0437 \u0440\u0430\u0437\u043D\u044B\u0445 \u0431\u043B\u043E\u043A\u043E\u0432\\20250328_074647\\1743153767618.png, C:\\Users\\LIAZGINA-DI\\git\\SPORU\\Reports\\20250328_074647\\\u041F\u043D-\u0421\u0440-\u041F\u0442\\\u0421\u0432\u0435\u0440\u043A\u0430 \u0434\u0430\u0448\u0431\u043E\u0440\u0434\u043E\u0432 \u0438\u0437 \u0440\u0430\u0437\u043D\u044B\u0445 \u0431\u043B\u043E\u043A\u043E\u0432\\20250328_074647\\1743154064587.png"/>
         <property name="hostName" value="liazgina-di - UVV-WS904-D.ot.ru"/>
         <property name="os" value="Windows 10 64bit"/>
         <property name="katalonVersion" value="9.5.0.217"/>
         <property name="browser" value="Chrome 134.0.0.0"/>
         <property name="hostAddress" value="192.168.0.19"/>
         <property name="sessionId" value="3e359d107b82f873718b2acbb0b02ab7"/>
         <property name="seleniumVersion" value="3.141.59"/>
         <property name="proxyInformation" value="ProxyInformation { proxyOption=NO_PROXY, proxyServerType=HTTP, username=, password=********, proxyServerAddress=, proxyServerPort=0, executionList=&quot;&quot;, isApplyToDesiredCapabilities=true }"/>
         <property name="platform" value="Windows 10"/>
      </properties>
      <testcase name="Test Cases/Сверки дашбордов/Блок руководителя сверка дашбордов под разными учётками" time="8359.511" classname="Test Cases/Сверки дашбордов/Блок руководителя сверка дашбордов под разными учётками" status="PASSED">
         <system-out><![CDATA[28-03-2025T07:46:52 - [TEST_CASE][PASSED] - Test Cases/Сверки дашбордов/Блок руководителя сверка дашбордов под разными учётками: Test Cases/Сверки дашбордов/Блок руководителя сверка дашбордов под разными учётками

28-03-2025T07:46:54 - [TEST_STEP][PASSED] - run = 1: null

28-03-2025T07:46:54 - [TEST_STEP][PASSED] - data = findTestData("PlanFact"): null

28-03-2025T07:46:55 - [TEST_STEP][PASSED] - n = <not implemented yet for class: org.codehaus.groovy.ast.expr.EmptyExpression>: null

28-03-2025T07:46:55 - [TEST_STEP][PASSED] - urlData = <not implemented yet for class: org.codehaus.groovy.ast.expr.EmptyExpression>: null

28-03-2025T07:46:55 - [TEST_STEP][PASSED] - dashboardName = <not implemented yet for class: org.codehaus.groovy.ast.expr.EmptyExpression>: null

28-03-2025T07:46:55 - [TEST_STEP][PASSED] - a1 = <not implemented yet for class: org.codehaus.groovy.ast.expr.EmptyExpression>: null

28-03-2025T07:46:55 - [TEST_STEP][PASSED] - a2 = <not implemented yet for class: org.codehaus.groovy.ast.expr.EmptyExpression>: null

28-03-2025T07:46:55 - [TEST_STEP][PASSED] - a3 = <not implemented yet for class: org.codehaus.groovy.ast.expr.EmptyExpression>: null

28-03-2025T07:46:55 - [TEST_STEP][PASSED] - a4 = <not implemented yet for class: org.codehaus.groovy.ast.expr.EmptyExpression>: null

28-03-2025T07:46:55 - [TEST_STEP][PASSED] - a5 = <not implemented yet for class: org.codehaus.groovy.ast.expr.EmptyExpression>: null

28-03-2025T07:46:55 - [TEST_STEP][PASSED] - a6 = <not implemented yet for class: org.codehaus.groovy.ast.expr.EmptyExpression>: null

28-03-2025T07:46:55 - [TEST_STEP][PASSED] - a7 = <not implemented yet for class: org.codehaus.groovy.ast.expr.EmptyExpression>: null

28-03-2025T07:46:55 - [TEST_STEP][PASSED] - a8 = <not implemented yet for class: org.codehaus.groovy.ast.expr.EmptyExpression>: null

28-03-2025T07:46:55 - [TEST_STEP][PASSED] - a9 = <not implemented yet for class: org.codehaus.groovy.ast.expr.EmptyExpression>: null

28-03-2025T07:46:55 - [TEST_STEP][PASSED] - user = <not implemented yet for class: org.codehaus.groovy.ast.expr.EmptyExpression>: null

28-03-2025T07:46:55 - [TEST_STEP][PASSED] - for ([run = 1, run < 4, (run++)]): null

28-03-2025T07:46:55 - [TEST_STEP][PASSED] - VipolnenieBiznesPlana(user, dashboardName, n, data, run, a1, a2, a3, a4, a5, a6, a7, a8, a9, urlData): null

28-03-2025T07:46:55 - [TEST_STEP][PASSED] - n = data.getRowNumbers() + 1: null

28-03-2025T07:46:55 - [TEST_STEP][PASSED] - println(n): null

28-03-2025T07:46:55 - [TEST_STEP][PASSED] - dashboardName = "Выполнение бизнес-плана": null

28-03-2025T07:46:55 - [TEST_STEP][PASSED] - openBrowser(""): Browser is opened with url: ''

28-03-2025T07:46:55 - [MESSAGE][INFO] - Starting 'Chrome' driver

28-03-2025T07:46:55 - [MESSAGE][INFO] - Action delay is set to 0 milliseconds

28-03-2025T07:46:58 - [MESSAGE][PASSED] - Browser is opened with url: ''

28-03-2025T07:46:58 - [TEST_STEP][PASSED] - urlData = 1: null

28-03-2025T07:46:58 - [TEST_STEP][PASSED] - Script1686231490255.CheckPageDownload(urlData, run): null

28-03-2025T07:46:58 - [TEST_STEP][PASSED] - i = 1: null

28-03-2025T07:46:58 - [TEST_STEP][PASSED] - ii = 0: null

28-03-2025T07:46:58 - [TEST_STEP][PASSED] - urlText = <not implemented yet for class: org.codehaus.groovy.ast.expr.EmptyExpression>: null

28-03-2025T07:46:58 - [TEST_STEP][PASSED] - searchWord = <not implemented yet for class: org.codehaus.groovy.ast.expr.EmptyExpression>: null

28-03-2025T07:46:58 - [TEST_STEP][PASSED] - deleteAllCookies(): Delete all cookies successfully

28-03-2025T07:46:58 - [MESSAGE][PASSED] - Delete all cookies successfully

28-03-2025T07:46:58 - [TEST_STEP][PASSED] - refresh(): Refresh successfully

28-03-2025T07:46:58 - [MESSAGE][PASSED] - Refresh successfully

28-03-2025T07:46:58 - [TEST_STEP][PASSED] - delay(70): Delayed 70 second(s)

28-03-2025T07:48:08 - [MESSAGE][PASSED] - Delayed 70 second(s)

28-03-2025T07:48:08 - [TEST_STEP][PASSED] - navigateToUrl(findTestData("PlanFact").getValue(10, urlData)): Navigate to 'https://bi.rosseti.digital/viewer?dashboardGuid=d154a8eaf6824e2b9de1bb04dd061c18&sheetGuid=1305e8ce744049e1abdacea1ea397a26&fit=true' successfully

28-03-2025T07:48:12 - [MESSAGE][PASSED] - Navigate to 'https://bi.rosseti.digital/viewer?dashboardGuid=d154a8eaf6824e2b9de1bb04dd061c18&sheetGuid=1305e8ce744049e1abdacea1ea397a26&fit=true' successfully

28-03-2025T07:48:12 - [TEST_STEP][PASSED] - pageLoaded1 = verifyElementPresent(findTestObject("Страница авторизации/Text"), 30): Object 'Object Repository/Страница авторизации/Text' is present

28-03-2025T07:48:13 - [MESSAGE][PASSED] - Object 'Object Repository/Страница авторизации/Text' is present

28-03-2025T07:48:13 - [TEST_STEP][PASSED] - if (pageLoaded1 == false): null

28-03-2025T07:48:13 - [TEST_STEP][PASSED] - urlText = getText(findTestObject("Страница авторизации/Text")): Text of object 'Object Repository/Страница авторизации/Text' is: 'Вход'

28-03-2025T07:48:14 - [MESSAGE][PASSED] - Text of object 'Object Repository/Страница авторизации/Text' is: 'Вход'

28-03-2025T07:48:14 - [TEST_STEP][PASSED] - delay(70): Delayed 70 second(s)

28-03-2025T07:49:24 - [MESSAGE][PASSED] - Delayed 70 second(s)

28-03-2025T07:49:24 - [TEST_STEP][PASSED] - searchWord = "Вход": null

28-03-2025T07:49:24 - [TEST_STEP][PASSED] - if (urlText.contains(searchWord) == false): null

28-03-2025T07:49:24 - [TEST_STEP][PASSED] - setText(findTestObject("Страница авторизации/input__username"), findTestData("PlanFact").getValue(8, run)): Text 'liazgina-di' is set on object 'Object Repository/Страница авторизации/input__username'

28-03-2025T07:49:24 - [MESSAGE][PASSED] - Text 'liazgina-di' is set on object 'Object Repository/Страница авторизации/input__username'

28-03-2025T07:49:24 - [TEST_STEP][PASSED] - setText(findTestObject("Страница авторизации/input__password"), findTestData("PlanFact").getValue(9, run)): Text ')$%5srZ8o688Dm#q' is set on object 'Object Repository/Страница авторизации/input__password'

28-03-2025T07:49:25 - [MESSAGE][PASSED] - Text ')$%5srZ8o688Dm#q' is set on object 'Object Repository/Страница авторизации/input__password'

28-03-2025T07:49:25 - [TEST_STEP][PASSED] - click(findTestObject("Страница авторизации/button_")): Object: 'Object Repository/Страница авторизации/button_' is clicked on

28-03-2025T07:49:26 - [MESSAGE][PASSED] - Object: 'Object Repository/Страница авторизации/button_' is clicked on

28-03-2025T07:49:26 - [TEST_STEP][PASSED] - delay(70): Delayed 70 second(s)

28-03-2025T07:50:36 - [MESSAGE][PASSED] - Delayed 70 second(s)

28-03-2025T07:50:36 - [TEST_STEP][PASSED] - searchWord = "а": null

28-03-2025T07:50:36 - [TEST_STEP][PASSED] - pageLoaded2 = verifyElementPresent(findTestObject("Страница авторизации/Text"), 50): Object 'Object Repository/Страница авторизации/Text' is present

28-03-2025T07:50:37 - [MESSAGE][PASSED] - Object 'Object Repository/Страница авторизации/Text' is present

28-03-2025T07:50:37 - [TEST_STEP][PASSED] - if (pageLoaded2 == false): null

28-03-2025T07:50:37 - [TEST_STEP][PASSED] - urlText = getText(findTestObject("Страница авторизации/Text")): Text of object 'Object Repository/Страница авторизации/Text' is: 'ДЗО 
ПАО Россети
Период
Январь 2025 года
Отклонения фактического уровня потерь от бизнес-плана, п.п.
-0.01
-0.92
-0.43
-2.48
-0.30
-0.28
-2.65
-1.91
-1.44
-2.45
Россети ФСК ЕЭС
Россети Волга
Россети Московскийрегион
Россети Северо-Запад
Россети Томск
Россети Урал (ГК)
Россети Центр (ГК)
Россети Центр иПриволжье (ГК)
Россети Юг (ГК)
Россети Янтарь
-4
-2
0
2
4
6
8

Уровень потерь электроэнергии
Россети ФСК ЕЭС
Россети Волга
Россети Московский регион
Россети Северо-Запад
Россети Томск
Россети Урал (ГК)
Россети Юг (ГК)
Россети Янтарь
0
10
20
30
40
50
60
70
4.01
|
6.39
|
9.74
|
7.61
|
11.82
|
7.40
|
10.84
|
12.35
|
4.00
5.47
9.32
5.12
11.52
7.12
9.40
9.90
п.п.
2.25
Итого
0
1
2
3
%
6.24 6.24
8.50 8.50
План
Факт
1
100

● Бизнес-план выполнен● ●● Превышение бизнес-плана
Отклонения фактического уровня потерь от бизнес-плана за 3 месяца (нарастающим итогом), п.п.
-0.2-0.2
-8.3-8.3
3.13.1
-0.4-0.4
-0.6-0.6
-0.0-0.0
0.20.2
3.93.9
-0.4-0.4
-8.8-8.8
-0.0-0.0
0.20.2
-0.2-0.2
-0.5-0.5
-0.3-0.3
-0.5-0.5
-0.1-0.1
-0.2-0.2
-8.4-8.4
2.92.9
-0.4-0.4
-0.5-0.5
-0.0-0.0
0.20.2
3.83.8
-0.3-0.3
-7.9-7.9
-0.0-0.0
0.20.2
-0.2-0.2
-0.5-0.5
-0.2-0.2
-0.3-0.3
-0.1-0.1
-0.0-0.0
-0.9-0.9
-0.4-0.4
-2.5-2.5
-0.3-0.3
-0.3-0.3
-2.6-2.6
-1.9-1.9
-1.4-1.4
-2.4-2.4
Россети ФСКЕЭС
АО«Тываэнерго»
АО«Чеченэнерго»
Россети Волга
РоссетиКубань
РоссетиЛенэнерго(ГК)
РоссетиМосковскийрегион
РоссетиСеверныйКавказ (ГК)
Россети Северо-Запад
Россети Сибирь(ГК)
Россети Томск
Россети Тюмень
Россети Урал(ГК)
Россети Центр
Россети Центри Приволжье(ГК)
Россети Юг (Г…
РоссетиЯнтарь
-10
0
10
п.п.
Отклонения фактического уровня потерь от бизнес-плана за 3 месяца (нарастающим итогом)
-0.2-0.2
-8.3-8.3
-1.0-1.0
-0.2-0.2
-0.3-0.3
4.74.7
-1.4-1.4
-0.4-0.4
-9.0-9.0
-0.1-0.1
-0.2-0.2
-0.3-0.3
-0.2-0.2
-7.9-7.9
-0.5-0.5
-0.8-0.8
-1.0-1.0
-0.4-0.4
8.18.1
0.50.5
12.812.8
-0.2-0.2
-8.4-8.4
-0.4-0.4
-0.0-0.0
-0.1-0.1
5.25.2
-1.3-1.3
-0.4-0.4
-8.1-8.1
-0.1-0.1
0.10.1
-0.4-0.4
-0.1-0.1
-6.9-6.9
-0.3-0.3
-0.8-0.8
-0.8-0.8
-0.4-0.4
8.38.3
0.50.5
12.512.5
-3.4-3.4
-2.5-2.5
-6.0-6.0
-1.5-1.5
-0.6-0.6
-1.6-1.6
-1.4-1.4
-4.5-4.5
Итого по ФСК ЕЭС
АО "Тываэнерго"
АО «ВМЭС»
АО «Воронежская горэлектросеть»
АО «Тульские городские электрические сети»
АО «Чеченэнерго»
АО «Ярославская электросетевая компания»
АО ЕЭСК
Алтайэнерго
Архангельский филиал
Астраханьэнерго
Белгородэнерго
Брянскэнерго
Бурятэнерго
Владимирэнерго
Волгоградэнерго
Вологодский филиал
Воронежэнерго
Дагэнерго
Ивэнерго
Ингушэнерго
-24
24

Статус данных
Просьба обратить внимание
— все данные не занесены
Факт
План
Итого – Факт
Отпуск в сеть 64 180 839
Отпуск из сети 58 728 018
Потери 5 452 822
Итого – План
Отпуск в сеть 100 208 871
Отпуск из сети 93 953 056
Потери 6 255 815
Выполнение бизнес-плана в части показателя «Уровень потерь электроэнергии»
Показатели баланса электроэнергии по ДЗО – Факт 
57 256 396 3 856 981 9 778 647 3 276 892 476 306 6 843 010 3 467 484 462 838
55 054 236 3 645 880 8 867 734 3 109 008 421 425 6 355 760 3 141 633 417 011
2 202 160 211 102 910 913 167 884 54 881 487 250 325 852 45 827
Показатели баланса электроэнергии по ДЗО – План
58 806 842 4 033 660 10 346 741 3 479 216 504 635 7 177 213 3 760 351 489 942
56 540 011 3 775 836 9 338 688 3 214 611 444 962 6 646 123 3 352 866 429 434
2 266 831 257 824 1 008 053 264 605 59 673 531 090 407 485 60 508'

28-03-2025T07:50:39 - [MESSAGE][PASSED] - Text of object 'Object Repository/Страница авторизации/Text' is: 'ДЗО 
ПАО Россети
Период
Январь 2025 года
Отклонения фактического уровня потерь от бизнес-плана, п.п.
-0.01
-0.92
-0.43
-2.48
-0.30
-0.28
-2.65
-1.91
-1.44
-2.45
Россети ФСК ЕЭС
Россети Волга
Россети Московскийрегион
Россети Северо-Запад
Россети Томск
Россети Урал (ГК)
Россети Центр (ГК)
Россети Центр иПриволжье (ГК)
Россети Юг (ГК)
Россети Янтарь
-4
-2
0
2
4
6
8

Уровень потерь электроэнергии
Россети ФСК ЕЭС
Россети Волга
Россети Московский регион
Россети Северо-Запад
Россети Томск
Россети Урал (ГК)
Россети Юг (ГК)
Россети Янтарь
0
10
20
30
40
50
60
70
4.01
|
6.39
|
9.74
|
7.61
|
11.82
|
7.40
|
10.84
|
12.35
|
4.00
5.47
9.32
5.12
11.52
7.12
9.40
9.90
п.п.
2.25
Итого
0
1
2
3
%
6.24 6.24
8.50 8.50
План
Факт
1
100

● Бизнес-план выполнен● ●● Превышение бизнес-плана
Отклонения фактического уровня потерь от бизнес-плана за 3 месяца (нарастающим итогом), п.п.
-0.2-0.2
-8.3-8.3
3.13.1
-0.4-0.4
-0.6-0.6
-0.0-0.0
0.20.2
3.93.9
-0.4-0.4
-8.8-8.8
-0.0-0.0
0.20.2
-0.2-0.2
-0.5-0.5
-0.3-0.3
-0.5-0.5
-0.1-0.1
-0.2-0.2
-8.4-8.4
2.92.9
-0.4-0.4
-0.5-0.5
-0.0-0.0
0.20.2
3.83.8
-0.3-0.3
-7.9-7.9
-0.0-0.0
0.20.2
-0.2-0.2
-0.5-0.5
-0.2-0.2
-0.3-0.3
-0.1-0.1
-0.0-0.0
-0.9-0.9
-0.4-0.4
-2.5-2.5
-0.3-0.3
-0.3-0.3
-2.6-2.6
-1.9-1.9
-1.4-1.4
-2.4-2.4
Россети ФСКЕЭС
АО«Тываэнерго»
АО«Чеченэнерго»
Россети Волга
РоссетиКубань
РоссетиЛенэнерго(ГК)
РоссетиМосковскийрегион
РоссетиСеверныйКавказ (ГК)
Россети Северо-Запад
Россети Сибирь(ГК)
Россети Томск
Россети Тюмень
Россети Урал(ГК)
Россети Центр
Россети Центри Приволжье(ГК)
Россети Юг (Г…
РоссетиЯнтарь
-10
0
10
п.п.
Отклонения фактического уровня потерь от бизнес-плана за 3 месяца (нарастающим итогом)
-0.2-0.2
-8.3-8.3
-1.0-1.0
-0.2-0.2
-0.3-0.3
4.74.7
-1.4-1.4
-0.4-0.4
-9.0-9.0
-0.1-0.1
-0.2-0.2
-0.3-0.3
-0.2-0.2
-7.9-7.9
-0.5-0.5
-0.8-0.8
-1.0-1.0
-0.4-0.4
8.18.1
0.50.5
12.812.8
-0.2-0.2
-8.4-8.4
-0.4-0.4
-0.0-0.0
-0.1-0.1
5.25.2
-1.3-1.3
-0.4-0.4
-8.1-8.1
-0.1-0.1
0.10.1
-0.4-0.4
-0.1-0.1
-6.9-6.9
-0.3-0.3
-0.8-0.8
-0.8-0.8
-0.4-0.4
8.38.3
0.50.5
12.512.5
-3.4-3.4
-2.5-2.5
-6.0-6.0
-1.5-1.5
-0.6-0.6
-1.6-1.6
-1.4-1.4
-4.5-4.5
Итого по ФСК ЕЭС
АО "Тываэнерго"
АО «ВМЭС»
АО «Воронежская горэлектросеть»
АО «Тульские городские электрические сети»
АО «Чеченэнерго»
АО «Ярославская электросетевая компания»
АО ЕЭСК
Алтайэнерго
Архангельский филиал
Астраханьэнерго
Белгородэнерго
Брянскэнерго
Бурятэнерго
Владимирэнерго
Волгоградэнерго
Вологодский филиал
Воронежэнерго
Дагэнерго
Ивэнерго
Ингушэнерго
-24
24

Статус данных
Просьба обратить внимание
— все данные не занесены
Факт
План
Итого – Факт
Отпуск в сеть 64 180 839
Отпуск из сети 58 728 018
Потери 5 452 822
Итого – План
Отпуск в сеть 100 208 871
Отпуск из сети 93 953 056
Потери 6 255 815
Выполнение бизнес-плана в части показателя «Уровень потерь электроэнергии»
Показатели баланса электроэнергии по ДЗО – Факт 
57 256 396 3 856 981 9 778 647 3 276 892 476 306 6 843 010 3 467 484 462 838
55 054 236 3 645 880 8 867 734 3 109 008 421 425 6 355 760 3 141 633 417 011
2 202 160 211 102 910 913 167 884 54 881 487 250 325 852 45 827
Показатели баланса электроэнергии по ДЗО – План
58 806 842 4 033 660 10 346 741 3 479 216 504 635 7 177 213 3 760 351 489 942
56 540 011 3 775 836 9 338 688 3 214 611 444 962 6 646 123 3 352 866 429 434
2 266 831 257 824 1 008 053 264 605 59 673 531 090 407 485 60 508'

28-03-2025T07:50:39 - [TEST_STEP][PASSED] - if (urlText.contains("ошибка") || urlText.contains(searchWord) == false): null

28-03-2025T07:50:39 - [TEST_STEP][PASSED] - Script1686231490255.ZakrytOpoveshenie(): null

28-03-2025T07:50:39 - [TEST_STEP][PASSED] - opoveshenie = getText(findTestObject("Выполнение бизнес-плана/Просьба обратить внимание")): Text of object 'Object Repository/Выполнение бизнес-плана/Просьба обратить внимание' is: 'Просьба обратить внимание'

28-03-2025T07:50:39 - [MESSAGE][PASSED] - Text of object 'Object Repository/Выполнение бизнес-плана/Просьба обратить внимание' is: 'Просьба обратить внимание'

28-03-2025T07:50:39 - [TEST_STEP][PASSED] - println(opoveshenie): null

28-03-2025T07:50:39 - [TEST_STEP][PASSED] - if (opoveshenie == "Просьба обратить внимание"): Object: 'Object Repository/Выполнение бизнес-плана/Закрыть оповещение' is clicked on

28-03-2025T07:50:39 - [TEST_STEP][PASSED] - click(findTestObject("Выполнение бизнес-плана/Закрыть оповещение")): Object: 'Object Repository/Выполнение бизнес-плана/Закрыть оповещение' is clicked on

28-03-2025T07:50:39 - [MESSAGE][PASSED] - Object: 'Object Repository/Выполнение бизнес-плана/Закрыть оповещение' is clicked on

28-03-2025T07:50:39 - [TEST_STEP][PASSED] - click(findTestObject("Object Repository/Выполнение бизнес-плана/Фильтр Дата")): Object: 'Object Repository/Выполнение бизнес-плана/Фильтр Дата' is clicked on

28-03-2025T07:50:40 - [MESSAGE][PASSED] - Object: 'Object Repository/Выполнение бизнес-плана/Фильтр Дата' is clicked on

28-03-2025T07:50:40 - [TEST_STEP][PASSED] - click(findTestObject("Выполнение бизнес-плана/Снять выделение в фильтре Дата")): Object: 'Object Repository/Выполнение бизнес-плана/Снять выделение в фильтре Дата' is clicked on

28-03-2025T07:50:40 - [MESSAGE][PASSED] - Object: 'Object Repository/Выполнение бизнес-плана/Снять выделение в фильтре Дата' is clicked on

28-03-2025T07:50:40 - [TEST_STEP][PASSED] - click(findTestObject("Object Repository/Выполнение бизнес-плана/Применить в фильтре Дата")): Object: 'Object Repository/Выполнение бизнес-плана/Применить в фильтре Дата' is clicked on

28-03-2025T07:50:41 - [MESSAGE][PASSED] - Object: 'Object Repository/Выполнение бизнес-плана/Применить в фильтре Дата' is clicked on

28-03-2025T07:50:41 - [TEST_STEP][PASSED] - delay(70): Delayed 70 second(s)

28-03-2025T07:51:51 - [MESSAGE][PASSED] - Delayed 70 second(s)

28-03-2025T07:51:51 - [TEST_STEP][PASSED] - Script1686231490255.ZakrytOpoveshenie(): null

28-03-2025T07:51:51 - [TEST_STEP][PASSED] - opoveshenie = getText(findTestObject("Выполнение бизнес-плана/Просьба обратить внимание")): Text of object 'Object Repository/Выполнение бизнес-плана/Просьба обратить внимание' is: 'Просьба обратить внимание'

28-03-2025T07:51:52 - [MESSAGE][PASSED] - Text of object 'Object Repository/Выполнение бизнес-плана/Просьба обратить внимание' is: 'Просьба обратить внимание'

28-03-2025T07:51:52 - [TEST_STEP][PASSED] - println(opoveshenie): null

28-03-2025T07:51:52 - [TEST_STEP][PASSED] - if (opoveshenie == "Просьба обратить внимание"): Object: 'Object Repository/Выполнение бизнес-плана/Закрыть оповещение' is clicked on

28-03-2025T07:51:52 - [TEST_STEP][PASSED] - click(findTestObject("Выполнение бизнес-плана/Закрыть оповещение")): Object: 'Object Repository/Выполнение бизнес-плана/Закрыть оповещение' is clicked on

28-03-2025T07:51:52 - [MESSAGE][PASSED] - Object: 'Object Repository/Выполнение бизнес-плана/Закрыть оповещение' is clicked on

28-03-2025T07:51:52 - [TEST_STEP][PASSED] - click(findTestObject("Object Repository/Выполнение бизнес-плана/Фильтр Дата")): Object: 'Object Repository/Выполнение бизнес-плана/Фильтр Дата' is clicked on

28-03-2025T07:51:52 - [MESSAGE][PASSED] - Object: 'Object Repository/Выполнение бизнес-плана/Фильтр Дата' is clicked on

28-03-2025T07:51:52 - [TEST_STEP][PASSED] - scrollToElement(findTestObject("Выполнение бизнес-плана/2025 список"), 30): Scroll to object 'Object Repository/Выполнение бизнес-плана/2025 список' successfully

28-03-2025T07:51:53 - [MESSAGE][PASSED] - Scroll to object 'Object Repository/Выполнение бизнес-плана/2025 список' successfully

28-03-2025T07:51:53 - [TEST_STEP][PASSED] - click(findTestObject("Выполнение бизнес-плана/2025 список"), CONTINUE_ON_FAILURE): Object: 'Object Repository/Выполнение бизнес-плана/2025 список' is clicked on

28-03-2025T07:51:53 - [MESSAGE][PASSED] - Object: 'Object Repository/Выполнение бизнес-плана/2025 список' is clicked on

28-03-2025T07:51:53 - [TEST_STEP][PASSED] - scrollToElement(findTestObject("Выполнение бизнес-плана/1 квартал 2025 список"), 30): Scroll to object 'Object Repository/Выполнение бизнес-плана/1 квартал 2025 список' successfully

28-03-2025T07:51:54 - [MESSAGE][PASSED] - Scroll to object 'Object Repository/Выполнение бизнес-плана/1 квартал 2025 список' successfully

28-03-2025T07:51:54 - [TEST_STEP][PASSED] - click(findTestObject("Выполнение бизнес-плана/1 квартал 2025 список"), CONTINUE_ON_FAILURE): Object: 'Object Repository/Выполнение бизнес-плана/1 квартал 2025 список' is clicked on

28-03-2025T07:51:54 - [MESSAGE][PASSED] - Object: 'Object Repository/Выполнение бизнес-плана/1 квартал 2025 список' is clicked on

28-03-2025T07:51:54 - [TEST_STEP][PASSED] - click(findTestObject("Выполнение бизнес-плана/Январь 2025"), CONTINUE_ON_FAILURE): Object: 'Object Repository/Выполнение бизнес-плана/Январь 2025' is clicked on

28-03-2025T07:51:55 - [MESSAGE][PASSED] - Object: 'Object Repository/Выполнение бизнес-плана/Январь 2025' is clicked on

28-03-2025T07:51:55 - [TEST_STEP][PASSED] - scrollToElement(findTestObject("Выполнение бизнес-плана/Январь 2025"), 30): Scroll to object 'Object Repository/Выполнение бизнес-плана/Январь 2025' successfully

28-03-2025T07:51:55 - [MESSAGE][PASSED] - Scroll to object 'Object Repository/Выполнение бизнес-плана/Январь 2025' successfully

28-03-2025T07:51:55 - [TEST_STEP][PASSED] - click(findTestObject("Object Repository/Выполнение бизнес-плана/Применить в фильтре Дата")): Object: 'Object Repository/Выполнение бизнес-плана/Применить в фильтре Дата' is clicked on

28-03-2025T07:51:56 - [MESSAGE][PASSED] - Object: 'Object Repository/Выполнение бизнес-плана/Применить в фильтре Дата' is clicked on

28-03-2025T07:51:56 - [TEST_STEP][PASSED] - scrollToElement(findTestObject("Выполнение бизнес-плана/Заголовок дашборда"), 30): Scroll to object 'Object Repository/Выполнение бизнес-плана/Заголовок дашборда' successfully

28-03-2025T07:51:58 - [MESSAGE][PASSED] - Scroll to object 'Object Repository/Выполнение бизнес-плана/Заголовок дашборда' successfully

28-03-2025T07:51:58 - [TEST_STEP][PASSED] - delay(70): Delayed 70 second(s)

28-03-2025T07:53:08 - [MESSAGE][PASSED] - Delayed 70 second(s)

28-03-2025T07:53:08 - [TEST_STEP][PASSED] - Script1686231490255.ZakrytOpoveshenie(): null

28-03-2025T07:53:08 - [TEST_STEP][PASSED] - opoveshenie = getText(findTestObject("Выполнение бизнес-плана/Просьба обратить внимание")): Text of object 'Object Repository/Выполнение бизнес-плана/Просьба обратить внимание' is: 'Просьба обратить внимание'

28-03-2025T07:53:08 - [MESSAGE][PASSED] - Text of object 'Object Repository/Выполнение бизнес-плана/Просьба обратить внимание' is: 'Просьба обратить внимание'

28-03-2025T07:53:08 - [TEST_STEP][PASSED] - println(opoveshenie): null

28-03-2025T07:53:08 - [TEST_STEP][PASSED] - if (opoveshenie == "Просьба обратить внимание"): Object: 'Object Repository/Выполнение бизнес-плана/Закрыть оповещение' is clicked on

28-03-2025T07:53:08 - [TEST_STEP][PASSED] - click(findTestObject("Выполнение бизнес-плана/Закрыть оповещение")): Object: 'Object Repository/Выполнение бизнес-плана/Закрыть оповещение' is clicked on

28-03-2025T07:53:09 - [MESSAGE][PASSED] - Object: 'Object Repository/Выполнение бизнес-плана/Закрыть оповещение' is clicked on

28-03-2025T07:53:09 - [TEST_STEP][PASSED] - click(findTestObject("Object Repository/Выполнение бизнес-плана/Фильтр ДЗО")): Object: 'Object Repository/Выполнение бизнес-плана/Фильтр ДЗО' is clicked on

28-03-2025T07:53:09 - [MESSAGE][PASSED] - Object: 'Object Repository/Выполнение бизнес-плана/Фильтр ДЗО' is clicked on

28-03-2025T07:53:09 - [TEST_STEP][PASSED] - click(findTestObject("Выполнение бизнес-плана/Снять выделение в фильтре ДЗО")): Object: 'Object Repository/Выполнение бизнес-плана/Снять выделение в фильтре ДЗО' is clicked on

28-03-2025T07:53:10 - [MESSAGE][PASSED] - Object: 'Object Repository/Выполнение бизнес-плана/Снять выделение в фильтре ДЗО' is clicked on

28-03-2025T07:53:10 - [TEST_STEP][PASSED] - click(findTestObject("Выполнение бизнес-плана/ПАО Россети")): Object: 'Object Repository/Выполнение бизнес-плана/ПАО Россети' is clicked on

28-03-2025T07:53:10 - [MESSAGE][PASSED] - Object: 'Object Repository/Выполнение бизнес-плана/ПАО Россети' is clicked on

28-03-2025T07:53:10 - [TEST_STEP][PASSED] - click(findTestObject("Object Repository/Выполнение бизнес-плана/Применить в фильтре ДЗО")): Object: 'Object Repository/Выполнение бизнес-плана/Применить в фильтре ДЗО' is clicked on

28-03-2025T07:53:11 - [MESSAGE][PASSED] - Object: 'Object Repository/Выполнение бизнес-плана/Применить в фильтре ДЗО' is clicked on

28-03-2025T07:53:11 - [TEST_STEP][PASSED] - delay(70): Delayed 70 second(s)

28-03-2025T07:54:21 - [MESSAGE][PASSED] - Delayed 70 second(s)

28-03-2025T07:54:21 - [TEST_STEP][PASSED] - if (run == 1): null

28-03-2025T07:54:21 - [TEST_STEP][PASSED] - user = "админ": null

28-03-2025T07:54:21 - [TEST_STEP][PASSED] - a1 = getText(findTestObject("Выполнение бизнес-плана/Проценты")): Text of object 'Object Repository/Выполнение бизнес-плана/Проценты' is: '%
6.24 6.24
8.50 8.50
План
Факт
1
100'

28-03-2025T07:54:21 - [MESSAGE][PASSED] - Text of object 'Object Repository/Выполнение бизнес-плана/Проценты' is: '%
6.24 6.24
8.50 8.50
План
Факт
1
100'

28-03-2025T07:54:21 - [TEST_STEP][PASSED] - a2 = getText(findTestObject("Выполнение бизнес-плана/vidget 2")): Text of object 'Object Repository/Выполнение бизнес-плана/vidget 2' is: 'Россети ФСК ЕЭС
Россети Волга
Россети Московский регион
Россети Северо-Запад
Россети Томск
Россети Урал (ГК)
Россети Юг (ГК)
Россети Янтарь
0
10
20
30
40
50
60
70'

28-03-2025T07:54:22 - [MESSAGE][PASSED] - Text of object 'Object Repository/Выполнение бизнес-плана/vidget 2' is: 'Россети ФСК ЕЭС
Россети Волга
Россети Московский регион
Россети Северо-Запад
Россети Томск
Россети Урал (ГК)
Россети Юг (ГК)
Россети Янтарь
0
10
20
30
40
50
60
70'

28-03-2025T07:54:22 - [TEST_STEP][PASSED] - a3 = getText(findTestObject("Выполнение бизнес-плана/table")): Text of object 'Object Repository/Выполнение бизнес-плана/table' is: ''

28-03-2025T07:54:22 - [MESSAGE][PASSED] - Text of object 'Object Repository/Выполнение бизнес-плана/table' is: ''

28-03-2025T07:54:22 - [TEST_STEP][PASSED] - a4 = getText(findTestObject("Выполнение бизнес-плана/Список ДЗО")): Text of object 'Object Repository/Выполнение бизнес-плана/Список ДЗО' is: '-0.01
-0.92
-0.43
-2.48
-0.30
-0.28
-2.65
-1.91
-1.44
-2.45
Россети ФСК ЕЭС
Россети Волга
Россети Московскийрегион
Россети Северо-Запад
Россети Томск
Россети Урал (ГК)
Россети Центр (ГК)
Россети Центр иПриволжье (ГК)
Россети Юг (ГК)
Россети Янтарь
-4
-2
0
2
4
6
8'

28-03-2025T07:54:22 - [MESSAGE][PASSED] - Text of object 'Object Repository/Выполнение бизнес-плана/Список ДЗО' is: '-0.01
-0.92
-0.43
-2.48
-0.30
-0.28
-2.65
-1.91
-1.44
-2.45
Россети ФСК ЕЭС
Россети Волга
Россети Московскийрегион
Россети Северо-Запад
Россети Томск
Россети Урал (ГК)
Россети Центр (ГК)
Россети Центр иПриволжье (ГК)
Россети Юг (ГК)
Россети Янтарь
-4
-2
0
2
4
6
8'

28-03-2025T07:54:22 - [TEST_STEP][PASSED] - a5 = getText(findTestObject("Выполнение бизнес-плана/svg1")): Text of object 'Object Repository/Выполнение бизнес-плана/svg1' is: '%
6.24 6.24
8.50 8.50
План
Факт
1
100'

28-03-2025T07:54:23 - [MESSAGE][PASSED] - Text of object 'Object Repository/Выполнение бизнес-плана/svg1' is: '%
6.24 6.24
8.50 8.50
План
Факт
1
100'

28-03-2025T07:54:23 - [TEST_STEP][PASSED] - a6 = getText(findTestObject("Выполнение бизнес-плана/svg2")): Text of object 'Object Repository/Выполнение бизнес-плана/svg2' is: 'п.п.
2.25
Итого
0
1
2
3'

28-03-2025T07:54:23 - [MESSAGE][PASSED] - Text of object 'Object Repository/Выполнение бизнес-плана/svg2' is: 'п.п.
2.25
Итого
0
1
2
3'

28-03-2025T07:54:23 - [TEST_STEP][PASSED] - a7 = getText(findTestObject("Выполнение бизнес-плана/Значения со страницы Выполнение бизнес-плана/Факт Отпуск в сеть за отчётный период ПАО Россети")): Text of object 'Object Repository/Выполнение бизнес-плана/Значения со страницы Выполнение бизнес-плана/Факт Отпуск в сеть за отчётный период ПАО Россети' is: '64 180 839'

28-03-2025T07:54:23 - [MESSAGE][PASSED] - Text of object 'Object Repository/Выполнение бизнес-плана/Значения со страницы Выполнение бизнес-плана/Факт Отпуск в сеть за отчётный период ПАО Россети' is: '64 180 839'

28-03-2025T07:54:23 - [TEST_STEP][PASSED] - a8 = getText(findTestObject("Выполнение бизнес-плана/Значения со страницы Выполнение бизнес-плана/Факт Отпуск из сети за отчётный период ПАО Россети")): Text of object 'Object Repository/Выполнение бизнес-плана/Значения со страницы Выполнение бизнес-плана/Факт Отпуск из сети за отчётный период ПАО Россети' is: '58 728 018'

28-03-2025T07:54:24 - [MESSAGE][PASSED] - Text of object 'Object Repository/Выполнение бизнес-плана/Значения со страницы Выполнение бизнес-плана/Факт Отпуск из сети за отчётный период ПАО Россети' is: '58 728 018'

28-03-2025T07:54:24 - [TEST_STEP][PASSED] - a9 = getText(findTestObject("Выполнение бизнес-плана/Значения со страницы Выполнение бизнес-плана/Факт Потери за отчётный период ПАО Россети")): Text of object 'Object Repository/Выполнение бизнес-плана/Значения со страницы Выполнение бизнес-плана/Факт Потери за отчётный период ПАО Россети' is: '5 452 822'

28-03-2025T07:54:24 - [MESSAGE][PASSED] - Text of object 'Object Repository/Выполнение бизнес-плана/Значения со страницы Выполнение бизнес-плана/Факт Потери за отчётный период ПАО Россети' is: '5 452 822'

28-03-2025T07:54:24 - [TEST_STEP][PASSED] - Script1686231490255.WriteToExcel(user, dashboardName, n, data, run, a1, a2, a3, a4, a5, a6, a7, a8, a9): null

28-03-2025T07:54:24 - [TEST_STEP][PASSED] - sheetName = "Sheet1": null

28-03-2025T07:54:24 - [TEST_STEP][PASSED] - workbook01 = getWorkbook(excelFilePath): null

28-03-2025T07:54:24 - [TEST_STEP][PASSED] - sheet01 = getExcelSheet(workbook01, sheetName): null

28-03-2025T07:54:24 - [TEST_STEP][PASSED] - setValueToCellByIndex(sheet01, n, 0, dashboardName): null

28-03-2025T07:54:24 - [TEST_STEP][PASSED] - setValueToCellByIndex(sheet01, n, 10, user): null

28-03-2025T07:54:24 - [TEST_STEP][PASSED] - setValueToCellByIndex(sheet01, n, 1, a1): null

28-03-2025T07:54:24 - [TEST_STEP][PASSED] - setValueToCellByIndex(sheet01, n, 2, a2): null

28-03-2025T07:54:24 - [TEST_STEP][PASSED] - setValueToCellByIndex(sheet01, n, 3, a3): null

28-03-2025T07:54:24 - [TEST_STEP][PASSED] - setValueToCellByIndex(sheet01, n, 4, a4): null

28-03-2025T07:54:24 - [TEST_STEP][PASSED] - setValueToCellByIndex(sheet01, n, 5, a5): null

28-03-2025T07:54:24 - [TEST_STEP][PASSED] - setValueToCellByIndex(sheet01, n, 6, a6): null

28-03-2025T07:54:24 - [TEST_STEP][PASSED] - setValueToCellByIndex(sheet01, n, 7, a7): null

28-03-2025T07:54:24 - [TEST_STEP][PASSED] - setValueToCellByIndex(sheet01, n, 8, a8): null

28-03-2025T07:54:24 - [TEST_STEP][PASSED] - setValueToCellByIndex(sheet01, n, 9, a9): null

28-03-2025T07:54:24 - [TEST_STEP][PASSED] - n = n + 1: null

28-03-2025T07:54:24 - [TEST_STEP][PASSED] - saveWorkbook(excelFilePath, workbook01): null

28-03-2025T07:54:24 - [TEST_STEP][PASSED] - if (run == 2): null

28-03-2025T07:54:24 - [TEST_STEP][PASSED] - if (run == 3): null

28-03-2025T07:54:24 - [TEST_STEP][PASSED] - closeBrowser(): null

28-03-2025T07:54:25 - [MESSAGE][PASSED] - Browser is closed

28-03-2025T07:54:25 - [TEST_STEP][PASSED] - VipolnenieBiznesPlana(user, dashboardName, n, data, run, a1, a2, a3, a4, a5, a6, a7, a8, a9, urlData): null

28-03-2025T07:54:25 - [TEST_STEP][PASSED] - n = data.getRowNumbers() + 1: null

28-03-2025T07:54:25 - [TEST_STEP][PASSED] - println(n): null

28-03-2025T07:54:25 - [TEST_STEP][PASSED] - dashboardName = "Выполнение бизнес-плана": null

28-03-2025T07:54:25 - [TEST_STEP][PASSED] - openBrowser(""): Browser is opened with url: ''

28-03-2025T07:54:25 - [MESSAGE][INFO] - Starting 'Chrome' driver

28-03-2025T07:54:25 - [MESSAGE][INFO] - Action delay is set to 0 milliseconds

28-03-2025T07:54:26 - [MESSAGE][PASSED] - Browser is opened with url: ''

28-03-2025T07:54:26 - [TEST_STEP][PASSED] - urlData = 1: null

28-03-2025T07:54:26 - [TEST_STEP][PASSED] - Script1686231490255.CheckPageDownload(urlData, run): null

28-03-2025T07:54:26 - [TEST_STEP][PASSED] - i = 1: null

28-03-2025T07:54:26 - [TEST_STEP][PASSED] - ii = 0: null

28-03-2025T07:54:26 - [TEST_STEP][PASSED] - urlText = <not implemented yet for class: org.codehaus.groovy.ast.expr.EmptyExpression>: null

28-03-2025T07:54:26 - [TEST_STEP][PASSED] - searchWord = <not implemented yet for class: org.codehaus.groovy.ast.expr.EmptyExpression>: null

28-03-2025T07:54:26 - [TEST_STEP][PASSED] - deleteAllCookies(): Delete all cookies successfully

28-03-2025T07:54:26 - [MESSAGE][PASSED] - Delete all cookies successfully

28-03-2025T07:54:26 - [TEST_STEP][PASSED] - refresh(): Refresh successfully

28-03-2025T07:54:26 - [MESSAGE][PASSED] - Refresh successfully

28-03-2025T07:54:26 - [TEST_STEP][PASSED] - delay(70): Delayed 70 second(s)

28-03-2025T07:55:36 - [MESSAGE][PASSED] - Delayed 70 second(s)

28-03-2025T07:55:36 - [TEST_STEP][PASSED] - navigateToUrl(findTestData("PlanFact").getValue(10, urlData)): Navigate to 'https://bi.rosseti.digital/viewer?dashboardGuid=d154a8eaf6824e2b9de1bb04dd061c18&sheetGuid=1305e8ce744049e1abdacea1ea397a26&fit=true' successfully

28-03-2025T07:55:45 - [MESSAGE][PASSED] - Navigate to 'https://bi.rosseti.digital/viewer?dashboardGuid=d154a8eaf6824e2b9de1bb04dd061c18&sheetGuid=1305e8ce744049e1abdacea1ea397a26&fit=true' successfully

28-03-2025T07:55:45 - [TEST_STEP][PASSED] - pageLoaded1 = verifyElementPresent(findTestObject("Страница авторизации/Text"), 30): Object 'Object Repository/Страница авторизации/Text' is present

28-03-2025T07:55:46 - [MESSAGE][PASSED] - Object 'Object Repository/Страница авторизации/Text' is present

28-03-2025T07:55:46 - [TEST_STEP][PASSED] - if (pageLoaded1 == false): null

28-03-2025T07:55:46 - [TEST_STEP][PASSED] - urlText = getText(findTestObject("Страница авторизации/Text")): Text of object 'Object Repository/Страница авторизации/Text' is: 'Вход'

28-03-2025T07:55:46 - [MESSAGE][PASSED] - Text of object 'Object Repository/Страница авторизации/Text' is: 'Вход'

28-03-2025T07:55:46 - [TEST_STEP][PASSED] - delay(70): Delayed 70 second(s)

28-03-2025T07:56:57 - [MESSAGE][PASSED] - Delayed 70 second(s)

28-03-2025T07:56:57 - [TEST_STEP][PASSED] - searchWord = "Вход": null

28-03-2025T07:56:57 - [TEST_STEP][PASSED] - if (urlText.contains(searchWord) == false): null

28-03-2025T07:56:57 - [TEST_STEP][PASSED] - setText(findTestObject("Страница авторизации/input__username"), findTestData("PlanFact").getValue(8, run)): Text 'Andreeva-EV' is set on object 'Object Repository/Страница авторизации/input__username'

28-03-2025T07:56:57 - [MESSAGE][PASSED] - Text 'Andreeva-EV' is set on object 'Object Repository/Страница авторизации/input__username'

28-03-2025T07:56:57 - [TEST_STEP][PASSED] - setText(findTestObject("Страница авторизации/input__password"), findTestData("PlanFact").getValue(9, run)): Text '2nPePKDwCPH3ul7xMZ' is set on object 'Object Repository/Страница авторизации/input__password'

28-03-2025T07:56:58 - [MESSAGE][PASSED] - Text '2nPePKDwCPH3ul7xMZ' is set on object 'Object Repository/Страница авторизации/input__password'

28-03-2025T07:56:58 - [TEST_STEP][PASSED] - click(findTestObject("Страница авторизации/button_")): Object: 'Object Repository/Страница авторизации/button_' is clicked on

28-03-2025T07:56:59 - [MESSAGE][PASSED] - Object: 'Object Repository/Страница авторизации/button_' is clicked on

28-03-2025T07:56:59 - [TEST_STEP][PASSED] - delay(70): Delayed 70 second(s)

28-03-2025T07:58:09 - [MESSAGE][PASSED] - Delayed 70 second(s)

28-03-2025T07:58:09 - [TEST_STEP][PASSED] - searchWord = "а": null

28-03-2025T07:58:09 - [TEST_STEP][PASSED] - pageLoaded2 = verifyElementPresent(findTestObject("Страница авторизации/Text"), 50): Object 'Object Repository/Страница авторизации/Text' is present

28-03-2025T07:58:10 - [MESSAGE][PASSED] - Object 'Object Repository/Страница авторизации/Text' is present

28-03-2025T07:58:10 - [TEST_STEP][PASSED] - if (pageLoaded2 == false): null

28-03-2025T07:58:10 - [TEST_STEP][PASSED] - urlText = getText(findTestObject("Страница авторизации/Text")): Text of object 'Object Repository/Страница авторизации/Text' is: 'ДЗО 
ПАО Россети
Период
Январь 2025 года
Отклонения фактического уровня потерь от бизнес-плана, п.п.
-0.01
-0.92
-0.43
-2.48
-0.30
-0.28
-2.65
-1.91
-1.44
-2.45
Россети ФСК ЕЭС
Россети Волга
Россети Московскийрегион
Россети Северо-Запад
Россети Томск
Россети Урал (ГК)
Россети Центр (ГК)
Россети Центр иПриволжье (ГК)
Россети Юг (ГК)
Россети Янтарь
-4
-2
0
2
4
6
8

Уровень потерь электроэнергии
Россети ФСК ЕЭС
Россети Волга
Россети Московский регион
Россети Северо-Запад
Россети Томск
Россети Урал (ГК)
Россети Юг (ГК)
Россети Янтарь
0
10
20
30
40
50
60
70
4.01
|
6.39
|
9.74
|
7.61
|
11.82
|
7.40
|
10.84
|
12.35
|
4.00
5.47
9.32
5.12
11.52
7.12
9.40
9.90
п.п.
2.25
Итого
0
1
2
3
%
6.24 6.24
8.50 8.50
План
Факт
1
100

● Бизнес-план выполнен● ●● Превышение бизнес-плана
Отклонения фактического уровня потерь от бизнес-плана за 3 месяца (нарастающим итогом), п.п.
-0.2-0.2
-8.3-8.3
3.13.1
-0.4-0.4
-0.6-0.6
-0.0-0.0
0.20.2
3.93.9
-0.4-0.4
-8.8-8.8
-0.0-0.0
0.20.2
-0.2-0.2
-0.5-0.5
-0.3-0.3
-0.5-0.5
-0.1-0.1
-0.2-0.2
-8.4-8.4
2.92.9
-0.4-0.4
-0.5-0.5
-0.0-0.0
0.20.2
3.83.8
-0.3-0.3
-7.9-7.9
-0.0-0.0
0.20.2
-0.2-0.2
-0.5-0.5
-0.2-0.2
-0.3-0.3
-0.1-0.1
-0.0-0.0
-0.9-0.9
-0.4-0.4
-2.5-2.5
-0.3-0.3
-0.3-0.3
-2.6-2.6
-1.9-1.9
-1.4-1.4
-2.4-2.4
Россети ФСКЕЭС
АО«Тываэнерго»
АО«Чеченэнерго»
Россети Волга
РоссетиКубань
РоссетиЛенэнерго(ГК)
РоссетиМосковскийрегион
РоссетиСеверныйКавказ (ГК)
Россети Северо-Запад
Россети Сибирь(ГК)
Россети Томск
Россети Тюмень
Россети Урал(ГК)
Россети Центр
Россети Центри Приволжье(ГК)
Россети Юг (Г…
РоссетиЯнтарь
-10
0
10
п.п.
Отклонения фактического уровня потерь от бизнес-плана за 3 месяца (нарастающим итогом)
-0.2-0.2
-8.3-8.3
-1.0-1.0
-0.2-0.2
-0.3-0.3
4.74.7
-1.4-1.4
-0.4-0.4
-9.0-9.0
-0.1-0.1
-0.2-0.2
-0.3-0.3
-0.2-0.2
-7.9-7.9
-0.5-0.5
-0.8-0.8
-1.0-1.0
-0.4-0.4
8.18.1
0.50.5
12.812.8
-0.2-0.2
-8.4-8.4
-0.4-0.4
-0.0-0.0
-0.1-0.1
5.25.2
-1.3-1.3
-0.4-0.4
-8.1-8.1
-0.1-0.1
0.10.1
-0.4-0.4
-0.1-0.1
-6.9-6.9
-0.3-0.3
-0.8-0.8
-0.8-0.8
-0.4-0.4
8.38.3
0.50.5
12.512.5
-3.4-3.4
-2.5-2.5
-6.0-6.0
-1.5-1.5
-0.6-0.6
-1.6-1.6
-1.4-1.4
-4.5-4.5
Итого по ФСК ЕЭС
АО "Тываэнерго"
АО «ВМЭС»
АО «Воронежская горэлектросеть»
АО «Тульские городские электрические сети»
АО «Чеченэнерго»
АО «Ярославская электросетевая компания»
АО ЕЭСК
Алтайэнерго
Архангельский филиал
Астраханьэнерго
Белгородэнерго
Брянскэнерго
Бурятэнерго
Владимирэнерго
Волгоградэнерго
Вологодский филиал
Воронежэнерго
Дагэнерго
Ивэнерго
Ингушэнерго
-24
24

Статус данных
Просьба обратить внимание
— все данные не занесены
Факт
План
Итого – Факт
Отпуск в сеть 64 180 839
Отпуск из сети 58 728 018
Потери 5 452 822
Итого – План
Отпуск в сеть 100 208 871
Отпуск из сети 93 953 056
Потери 6 255 815
Выполнение бизнес-плана в части показателя «Уровень потерь электроэнергии»
Показатели баланса электроэнергии по ДЗО – Факт 
57 256 396 3 856 981 9 778 647 3 276 892 476 306 6 843 010 3 467 484 462 838
55 054 236 3 645 880 8 867 734 3 109 008 421 425 6 355 760 3 141 633 417 011
2 202 160 211 102 910 913 167 884 54 881 487 250 325 852 45 827
Показатели баланса электроэнергии по ДЗО – План
58 806 842 4 033 660 10 346 741 3 479 216 504 635 7 177 213 3 760 351 489 942
56 540 011 3 775 836 9 338 688 3 214 611 444 962 6 646 123 3 352 866 429 434
2 266 831 257 824 1 008 053 264 605 59 673 531 090 407 485 60 508'

28-03-2025T07:58:11 - [MESSAGE][PASSED] - Text of object 'Object Repository/Страница авторизации/Text' is: 'ДЗО 
ПАО Россети
Период
Январь 2025 года
Отклонения фактического уровня потерь от бизнес-плана, п.п.
-0.01
-0.92
-0.43
-2.48
-0.30
-0.28
-2.65
-1.91
-1.44
-2.45
Россети ФСК ЕЭС
Россети Волга
Россети Московскийрегион
Россети Северо-Запад
Россети Томск
Россети Урал (ГК)
Россети Центр (ГК)
Россети Центр иПриволжье (ГК)
Россети Юг (ГК)
Россети Янтарь
-4
-2
0
2
4
6
8

Уровень потерь электроэнергии
Россети ФСК ЕЭС
Россети Волга
Россети Московский регион
Россети Северо-Запад
Россети Томск
Россети Урал (ГК)
Россети Юг (ГК)
Россети Янтарь
0
10
20
30
40
50
60
70
4.01
|
6.39
|
9.74
|
7.61
|
11.82
|
7.40
|
10.84
|
12.35
|
4.00
5.47
9.32
5.12
11.52
7.12
9.40
9.90
п.п.
2.25
Итого
0
1
2
3
%
6.24 6.24
8.50 8.50
План
Факт
1
100

● Бизнес-план выполнен● ●● Превышение бизнес-плана
Отклонения фактического уровня потерь от бизнес-плана за 3 месяца (нарастающим итогом), п.п.
-0.2-0.2
-8.3-8.3
3.13.1
-0.4-0.4
-0.6-0.6
-0.0-0.0
0.20.2
3.93.9
-0.4-0.4
-8.8-8.8
-0.0-0.0
0.20.2
-0.2-0.2
-0.5-0.5
-0.3-0.3
-0.5-0.5
-0.1-0.1
-0.2-0.2
-8.4-8.4
2.92.9
-0.4-0.4
-0.5-0.5
-0.0-0.0
0.20.2
3.83.8
-0.3-0.3
-7.9-7.9
-0.0-0.0
0.20.2
-0.2-0.2
-0.5-0.5
-0.2-0.2
-0.3-0.3
-0.1-0.1
-0.0-0.0
-0.9-0.9
-0.4-0.4
-2.5-2.5
-0.3-0.3
-0.3-0.3
-2.6-2.6
-1.9-1.9
-1.4-1.4
-2.4-2.4
Россети ФСКЕЭС
АО«Тываэнерго»
АО«Чеченэнерго»
Россети Волга
РоссетиКубань
РоссетиЛенэнерго(ГК)
РоссетиМосковскийрегион
РоссетиСеверныйКавказ (ГК)
Россети Северо-Запад
Россети Сибирь(ГК)
Россети Томск
Россети Тюмень
Россети Урал(ГК)
Россети Центр
Россети Центри Приволжье(ГК)
Россети Юг (Г…
РоссетиЯнтарь
-10
0
10
п.п.
Отклонения фактического уровня потерь от бизнес-плана за 3 месяца (нарастающим итогом)
-0.2-0.2
-8.3-8.3
-1.0-1.0
-0.2-0.2
-0.3-0.3
4.74.7
-1.4-1.4
-0.4-0.4
-9.0-9.0
-0.1-0.1
-0.2-0.2
-0.3-0.3
-0.2-0.2
-7.9-7.9
-0.5-0.5
-0.8-0.8
-1.0-1.0
-0.4-0.4
8.18.1
0.50.5
12.812.8
-0.2-0.2
-8.4-8.4
-0.4-0.4
-0.0-0.0
-0.1-0.1
5.25.2
-1.3-1.3
-0.4-0.4
-8.1-8.1
-0.1-0.1
0.10.1
-0.4-0.4
-0.1-0.1
-6.9-6.9
-0.3-0.3
-0.8-0.8
-0.8-0.8
-0.4-0.4
8.38.3
0.50.5
12.512.5
-3.4-3.4
-2.5-2.5
-6.0-6.0
-1.5-1.5
-0.6-0.6
-1.6-1.6
-1.4-1.4
-4.5-4.5
Итого по ФСК ЕЭС
АО "Тываэнерго"
АО «ВМЭС»
АО «Воронежская горэлектросеть»
АО «Тульские городские электрические сети»
АО «Чеченэнерго»
АО «Ярославская электросетевая компания»
АО ЕЭСК
Алтайэнерго
Архангельский филиал
Астраханьэнерго
Белгородэнерго
Брянскэнерго
Бурятэнерго
Владимирэнерго
Волгоградэнерго
Вологодский филиал
Воронежэнерго
Дагэнерго
Ивэнерго
Ингушэнерго
-24
24

Статус данных
Просьба обратить внимание
— все данные не занесены
Факт
План
Итого – Факт
Отпуск в сеть 64 180 839
Отпуск из сети 58 728 018
Потери 5 452 822
Итого – План
Отпуск в сеть 100 208 871
Отпуск из сети 93 953 056
Потери 6 255 815
Выполнение бизнес-плана в части показателя «Уровень потерь электроэнергии»
Показатели баланса электроэнергии по ДЗО – Факт 
57 256 396 3 856 981 9 778 647 3 276 892 476 306 6 843 010 3 467 484 462 838
55 054 236 3 645 880 8 867 734 3 109 008 421 425 6 355 760 3 141 633 417 011
2 202 160 211 102 910 913 167 884 54 881 487 250 325 852 45 827
Показатели баланса электроэнергии по ДЗО – План
58 806 842 4 033 660 10 346 741 3 479 216 504 635 7 177 213 3 760 351 489 942
56 540 011 3 775 836 9 338 688 3 214 611 444 962 6 646 123 3 352 866 429 434
2 266 831 257 824 1 008 053 264 605 59 673 531 090 407 485 60 508'

28-03-2025T07:58:11 - [TEST_STEP][PASSED] - if (urlText.contains("ошибка") || urlText.contains(searchWord) == false): null

28-03-2025T07:58:11 - [TEST_STEP][PASSED] - Script1686231490255.ZakrytOpoveshenie(): null

28-03-2025T07:58:11 - [TEST_STEP][PASSED] - opoveshenie = getText(findTestObject("Выполнение бизнес-плана/Просьба обратить внимание")): Text of object 'Object Repository/Выполнение бизнес-плана/Просьба обратить внимание' is: 'Просьба обратить внимание'

28-03-2025T07:58:12 - [MESSAGE][PASSED] - Text of object 'Object Repository/Выполнение бизнес-плана/Просьба обратить внимание' is: 'Просьба обратить внимание'

28-03-2025T07:58:12 - [TEST_STEP][PASSED] - println(opoveshenie): null

28-03-2025T07:58:12 - [TEST_STEP][PASSED] - if (opoveshenie == "Просьба обратить внимание"): Object: 'Object Repository/Выполнение бизнес-плана/Закрыть оповещение' is clicked on

28-03-2025T07:58:12 - [TEST_STEP][PASSED] - click(findTestObject("Выполнение бизнес-плана/Закрыть оповещение")): Object: 'Object Repository/Выполнение бизнес-плана/Закрыть оповещение' is clicked on

28-03-2025T07:58:12 - [MESSAGE][PASSED] - Object: 'Object Repository/Выполнение бизнес-плана/Закрыть оповещение' is clicked on

28-03-2025T07:58:12 - [TEST_STEP][PASSED] - click(findTestObject("Object Repository/Выполнение бизнес-плана/Фильтр Дата")): Object: 'Object Repository/Выполнение бизнес-плана/Фильтр Дата' is clicked on

28-03-2025T07:58:12 - [MESSAGE][PASSED] - Object: 'Object Repository/Выполнение бизнес-плана/Фильтр Дата' is clicked on

28-03-2025T07:58:12 - [TEST_STEP][PASSED] - click(findTestObject("Выполнение бизнес-плана/Снять выделение в фильтре Дата")): Object: 'Object Repository/Выполнение бизнес-плана/Снять выделение в фильтре Дата' is clicked on

28-03-2025T07:58:13 - [MESSAGE][PASSED] - Object: 'Object Repository/Выполнение бизнес-плана/Снять выделение в фильтре Дата' is clicked on

28-03-2025T07:58:13 - [TEST_STEP][PASSED] - click(findTestObject("Object Repository/Выполнение бизнес-плана/Применить в фильтре Дата")): Object: 'Object Repository/Выполнение бизнес-плана/Применить в фильтре Дата' is clicked on

28-03-2025T07:58:14 - [MESSAGE][PASSED] - Object: 'Object Repository/Выполнение бизнес-плана/Применить в фильтре Дата' is clicked on

28-03-2025T07:58:14 - [TEST_STEP][PASSED] - delay(70): Delayed 70 second(s)

28-03-2025T07:59:24 - [MESSAGE][PASSED] - Delayed 70 second(s)

28-03-2025T07:59:24 - [TEST_STEP][PASSED] - Script1686231490255.ZakrytOpoveshenie(): null

28-03-2025T07:59:24 - [TEST_STEP][PASSED] - opoveshenie = getText(findTestObject("Выполнение бизнес-плана/Просьба обратить внимание")): Text of object 'Object Repository/Выполнение бизнес-плана/Просьба обратить внимание' is: 'Просьба обратить внимание'

28-03-2025T07:59:24 - [MESSAGE][PASSED] - Text of object 'Object Repository/Выполнение бизнес-плана/Просьба обратить внимание' is: 'Просьба обратить внимание'

28-03-2025T07:59:24 - [TEST_STEP][PASSED] - println(opoveshenie): null

28-03-2025T07:59:24 - [TEST_STEP][PASSED] - if (opoveshenie == "Просьба обратить внимание"): Object: 'Object Repository/Выполнение бизнес-плана/Закрыть оповещение' is clicked on

28-03-2025T07:59:24 - [TEST_STEP][PASSED] - click(findTestObject("Выполнение бизнес-плана/Закрыть оповещение")): Object: 'Object Repository/Выполнение бизнес-плана/Закрыть оповещение' is clicked on

28-03-2025T07:59:25 - [MESSAGE][PASSED] - Object: 'Object Repository/Выполнение бизнес-плана/Закрыть оповещение' is clicked on

28-03-2025T07:59:25 - [TEST_STEP][PASSED] - click(findTestObject("Object Repository/Выполнение бизнес-плана/Фильтр Дата")): Object: 'Object Repository/Выполнение бизнес-плана/Фильтр Дата' is clicked on

28-03-2025T07:59:25 - [MESSAGE][PASSED] - Object: 'Object Repository/Выполнение бизнес-плана/Фильтр Дата' is clicked on

28-03-2025T07:59:25 - [TEST_STEP][PASSED] - scrollToElement(findTestObject("Выполнение бизнес-плана/2025 список"), 30): Scroll to object 'Object Repository/Выполнение бизнес-плана/2025 список' successfully

28-03-2025T07:59:25 - [MESSAGE][PASSED] - Scroll to object 'Object Repository/Выполнение бизнес-плана/2025 список' successfully

28-03-2025T07:59:25 - [TEST_STEP][PASSED] - click(findTestObject("Выполнение бизнес-плана/2025 список"), CONTINUE_ON_FAILURE): Object: 'Object Repository/Выполнение бизнес-плана/2025 список' is clicked on

28-03-2025T07:59:26 - [MESSAGE][PASSED] - Object: 'Object Repository/Выполнение бизнес-плана/2025 список' is clicked on

28-03-2025T07:59:26 - [TEST_STEP][PASSED] - scrollToElement(findTestObject("Выполнение бизнес-плана/1 квартал 2025 список"), 30): Scroll to object 'Object Repository/Выполнение бизнес-плана/1 квартал 2025 список' successfully

28-03-2025T07:59:26 - [MESSAGE][PASSED] - Scroll to object 'Object Repository/Выполнение бизнес-плана/1 квартал 2025 список' successfully

28-03-2025T07:59:26 - [TEST_STEP][PASSED] - click(findTestObject("Выполнение бизнес-плана/1 квартал 2025 список"), CONTINUE_ON_FAILURE): Object: 'Object Repository/Выполнение бизнес-плана/1 квартал 2025 список' is clicked on

28-03-2025T07:59:27 - [MESSAGE][PASSED] - Object: 'Object Repository/Выполнение бизнес-плана/1 квартал 2025 список' is clicked on

28-03-2025T07:59:27 - [TEST_STEP][PASSED] - click(findTestObject("Выполнение бизнес-плана/Январь 2025"), CONTINUE_ON_FAILURE): Object: 'Object Repository/Выполнение бизнес-плана/Январь 2025' is clicked on

28-03-2025T07:59:27 - [MESSAGE][PASSED] - Object: 'Object Repository/Выполнение бизнес-плана/Январь 2025' is clicked on

28-03-2025T07:59:27 - [TEST_STEP][PASSED] - scrollToElement(findTestObject("Выполнение бизнес-плана/Январь 2025"), 30): Scroll to object 'Object Repository/Выполнение бизнес-плана/Январь 2025' successfully

28-03-2025T07:59:28 - [MESSAGE][PASSED] - Scroll to object 'Object Repository/Выполнение бизнес-плана/Январь 2025' successfully

28-03-2025T07:59:28 - [TEST_STEP][PASSED] - click(findTestObject("Object Repository/Выполнение бизнес-плана/Применить в фильтре Дата")): Object: 'Object Repository/Выполнение бизнес-плана/Применить в фильтре Дата' is clicked on

28-03-2025T07:59:28 - [MESSAGE][PASSED] - Object: 'Object Repository/Выполнение бизнес-плана/Применить в фильтре Дата' is clicked on

28-03-2025T07:59:28 - [TEST_STEP][PASSED] - scrollToElement(findTestObject("Выполнение бизнес-плана/Заголовок дашборда"), 30): Scroll to object 'Object Repository/Выполнение бизнес-плана/Заголовок дашборда' successfully

28-03-2025T07:59:53 - [MESSAGE][PASSED] - Scroll to object 'Object Repository/Выполнение бизнес-плана/Заголовок дашборда' successfully

28-03-2025T07:59:53 - [TEST_STEP][PASSED] - delay(70): Delayed 70 second(s)

28-03-2025T08:01:03 - [MESSAGE][PASSED] - Delayed 70 second(s)

28-03-2025T08:01:03 - [TEST_STEP][PASSED] - Script1686231490255.ZakrytOpoveshenie(): null

28-03-2025T08:01:03 - [TEST_STEP][PASSED] - opoveshenie = getText(findTestObject("Выполнение бизнес-плана/Просьба обратить внимание")): Text of object 'Object Repository/Выполнение бизнес-плана/Просьба обратить внимание' is: 'Просьба обратить внимание'

28-03-2025T08:01:04 - [MESSAGE][PASSED] - Text of object 'Object Repository/Выполнение бизнес-плана/Просьба обратить внимание' is: 'Просьба обратить внимание'

28-03-2025T08:01:04 - [TEST_STEP][PASSED] - println(opoveshenie): null

28-03-2025T08:01:04 - [TEST_STEP][PASSED] - if (opoveshenie == "Просьба обратить внимание"): Object: 'Object Repository/Выполнение бизнес-плана/Закрыть оповещение' is clicked on

28-03-2025T08:01:04 - [TEST_STEP][PASSED] - click(findTestObject("Выполнение бизнес-плана/Закрыть оповещение")): Object: 'Object Repository/Выполнение бизнес-плана/Закрыть оповещение' is clicked on

28-03-2025T08:01:04 - [MESSAGE][PASSED] - Object: 'Object Repository/Выполнение бизнес-плана/Закрыть оповещение' is clicked on

28-03-2025T08:01:04 - [TEST_STEP][PASSED] - click(findTestObject("Object Repository/Выполнение бизнес-плана/Фильтр ДЗО")): Object: 'Object Repository/Выполнение бизнес-плана/Фильтр ДЗО' is clicked on

28-03-2025T08:01:04 - [MESSAGE][PASSED] - Object: 'Object Repository/Выполнение бизнес-плана/Фильтр ДЗО' is clicked on

28-03-2025T08:01:04 - [TEST_STEP][PASSED] - click(findTestObject("Выполнение бизнес-плана/Снять выделение в фильтре ДЗО")): Object: 'Object Repository/Выполнение бизнес-плана/Снять выделение в фильтре ДЗО' is clicked on

28-03-2025T08:01:05 - [MESSAGE][PASSED] - Object: 'Object Repository/Выполнение бизнес-плана/Снять выделение в фильтре ДЗО' is clicked on

28-03-2025T08:01:05 - [TEST_STEP][PASSED] - click(findTestObject("Выполнение бизнес-плана/ПАО Россети")): Object: 'Object Repository/Выполнение бизнес-плана/ПАО Россети' is clicked on

28-03-2025T08:01:05 - [MESSAGE][PASSED] - Object: 'Object Repository/Выполнение бизнес-плана/ПАО Россети' is clicked on

28-03-2025T08:01:05 - [TEST_STEP][PASSED] - click(findTestObject("Object Repository/Выполнение бизнес-плана/Применить в фильтре ДЗО")): Object: 'Object Repository/Выполнение бизнес-плана/Применить в фильтре ДЗО' is clicked on

28-03-2025T08:01:06 - [MESSAGE][PASSED] - Object: 'Object Repository/Выполнение бизнес-плана/Применить в фильтре ДЗО' is clicked on

28-03-2025T08:01:06 - [TEST_STEP][PASSED] - delay(70): Delayed 70 second(s)

28-03-2025T08:02:16 - [MESSAGE][PASSED] - Delayed 70 second(s)

28-03-2025T08:02:16 - [TEST_STEP][PASSED] - if (run == 1): null

28-03-2025T08:02:16 - [TEST_STEP][PASSED] - if (run == 2): null

28-03-2025T08:02:16 - [TEST_STEP][PASSED] - user = "Андреева": null

28-03-2025T08:02:16 - [TEST_STEP][PASSED] - a1 = getText(findTestObject("Выполнение бизнес-плана/Проценты")): Text of object 'Object Repository/Выполнение бизнес-плана/Проценты' is: '%
6.24 6.24
8.50 8.50
План
Факт
1
100'

28-03-2025T08:02:16 - [MESSAGE][PASSED] - Text of object 'Object Repository/Выполнение бизнес-плана/Проценты' is: '%
6.24 6.24
8.50 8.50
План
Факт
1
100'

28-03-2025T08:02:16 - [TEST_STEP][PASSED] - a2 = getText(findTestObject("Выполнение бизнес-плана/vidget 2")): Text of object 'Object Repository/Выполнение бизнес-плана/vidget 2' is: 'Россети ФСК ЕЭС
Россети Волга
Россети Московский регион
Россети Северо-Запад
Россети Томск
Россети Урал (ГК)
Россети Юг (ГК)
Россети Янтарь
0
10
20
30
40
50
60
70'

28-03-2025T08:02:17 - [MESSAGE][PASSED] - Text of object 'Object Repository/Выполнение бизнес-плана/vidget 2' is: 'Россети ФСК ЕЭС
Россети Волга
Россети Московский регион
Россети Северо-Запад
Россети Томск
Россети Урал (ГК)
Россети Юг (ГК)
Россети Янтарь
0
10
20
30
40
50
60
70'

28-03-2025T08:02:17 - [TEST_STEP][PASSED] - a3 = getText(findTestObject("Выполнение бизнес-плана/table")): Text of object 'Object Repository/Выполнение бизнес-плана/table' is: ''

28-03-2025T08:02:17 - [MESSAGE][PASSED] - Text of object 'Object Repository/Выполнение бизнес-плана/table' is: ''

28-03-2025T08:02:17 - [TEST_STEP][PASSED] - a4 = getText(findTestObject("Выполнение бизнес-плана/Список ДЗО")): Text of object 'Object Repository/Выполнение бизнес-плана/Список ДЗО' is: '-0.01
-0.92
-0.43
-2.48
-0.30
-0.28
-2.65
-1.91
-1.44
-2.45
Россети ФСК ЕЭС
Россети Волга
Россети Московскийрегион
Россети Северо-Запад
Россети Томск
Россети Урал (ГК)
Россети Центр (ГК)
Россети Центр иПриволжье (ГК)
Россети Юг (ГК)
Россети Янтарь
-4
-2
0
2
4
6
8'

28-03-2025T08:02:17 - [MESSAGE][PASSED] - Text of object 'Object Repository/Выполнение бизнес-плана/Список ДЗО' is: '-0.01
-0.92
-0.43
-2.48
-0.30
-0.28
-2.65
-1.91
-1.44
-2.45
Россети ФСК ЕЭС
Россети Волга
Россети Московскийрегион
Россети Северо-Запад
Россети Томск
Россети Урал (ГК)
Россети Центр (ГК)
Россети Центр иПриволжье (ГК)
Россети Юг (ГК)
Россети Янтарь
-4
-2
0
2
4
6
8'

28-03-2025T08:02:17 - [TEST_STEP][PASSED] - a5 = getText(findTestObject("Выполнение бизнес-плана/svg1")): Text of object 'Object Repository/Выполнение бизнес-плана/svg1' is: '%
6.24 6.24
8.50 8.50
План
Факт
1
100'

28-03-2025T08:02:18 - [MESSAGE][PASSED] - Text of object 'Object Repository/Выполнение бизнес-плана/svg1' is: '%
6.24 6.24
8.50 8.50
План
Факт
1
100'

28-03-2025T08:02:18 - [TEST_STEP][PASSED] - a6 = getText(findTestObject("Выполнение бизнес-плана/svg2")): Text of object 'Object Repository/Выполнение бизнес-плана/svg2' is: 'п.п.
2.25
Итого
0
1
2
3'

28-03-2025T08:02:18 - [MESSAGE][PASSED] - Text of object 'Object Repository/Выполнение бизнес-плана/svg2' is: 'п.п.
2.25
Итого
0
1
2
3'

28-03-2025T08:02:18 - [TEST_STEP][PASSED] - a7 = getText(findTestObject("Выполнение бизнес-плана/Значения со страницы Выполнение бизнес-плана/Факт Отпуск в сеть за отчётный период ПАО Россети")): Text of object 'Object Repository/Выполнение бизнес-плана/Значения со страницы Выполнение бизнес-плана/Факт Отпуск в сеть за отчётный период ПАО Россети' is: '64 180 839'

28-03-2025T08:02:18 - [MESSAGE][PASSED] - Text of object 'Object Repository/Выполнение бизнес-плана/Значения со страницы Выполнение бизнес-плана/Факт Отпуск в сеть за отчётный период ПАО Россети' is: '64 180 839'

28-03-2025T08:02:18 - [TEST_STEP][PASSED] - a8 = getText(findTestObject("Выполнение бизнес-плана/Значения со страницы Выполнение бизнес-плана/Факт Отпуск из сети за отчётный период ПАО Россети")): Text of object 'Object Repository/Выполнение бизнес-плана/Значения со страницы Выполнение бизнес-плана/Факт Отпуск из сети за отчётный период ПАО Россети' is: '58 728 018'

28-03-2025T08:02:19 - [MESSAGE][PASSED] - Text of object 'Object Repository/Выполнение бизнес-плана/Значения со страницы Выполнение бизнес-плана/Факт Отпуск из сети за отчётный период ПАО Россети' is: '58 728 018'

28-03-2025T08:02:19 - [TEST_STEP][PASSED] - a9 = getText(findTestObject("Выполнение бизнес-плана/Значения со страницы Выполнение бизнес-плана/Факт Потери за отчётный период ПАО Россети")): Text of object 'Object Repository/Выполнение бизнес-плана/Значения со страницы Выполнение бизнес-плана/Факт Потери за отчётный период ПАО Россети' is: '5 452 822'

28-03-2025T08:02:19 - [MESSAGE][PASSED] - Text of object 'Object Repository/Выполнение бизнес-плана/Значения со страницы Выполнение бизнес-плана/Факт Потери за отчётный период ПАО Россети' is: '5 452 822'

28-03-2025T08:02:19 - [TEST_STEP][PASSED] - n = n + 1: null

28-03-2025T08:02:19 - [TEST_STEP][PASSED] - b = data.getRowNumbers() + 1: null

28-03-2025T08:02:19 - [TEST_STEP][PASSED] - verifyEqual(findTestData("PlanFact").getValue(2, b), a1): Actual object '%
6.24 6.24
8.50 8.50
План
Факт
1
100' and expected object '%
6.24 6.24
8.50 8.50
План
Факт
1
100' are equal

28-03-2025T08:02:19 - [MESSAGE][PASSED] - Actual object '%
6.24 6.24
8.50 8.50
План
Факт
1
100' and expected object '%
6.24 6.24
8.50 8.50
План
Факт
1
100' are equal

28-03-2025T08:02:19 - [TEST_STEP][PASSED] - verifyEqual(findTestData("PlanFact").getValue(3, b), a2): Actual object 'Россети ФСК ЕЭС
Россети Волга
Россети Московский регион
Россети Северо-Запад
Россети Томск
Россети Урал (ГК)
Россети Юг (ГК)
Россети Янтарь
0
10
20
30
40
50
60
70' and expected object 'Россети ФСК ЕЭС
Россети Волга
Россети Московский регион
Россети Северо-Запад
Россети Томск
Россети Урал (ГК)
Россети Юг (ГК)
Россети Янтарь
0
10
20
30
40
50
60
70' are equal

28-03-2025T08:02:19 - [MESSAGE][PASSED] - Actual object 'Россети ФСК ЕЭС
Россети Волга
Россети Московский регион
Россети Северо-Запад
Россети Томск
Россети Урал (ГК)
Россети Юг (ГК)
Россети Янтарь
0
10
20
30
40
50
60
70' and expected object 'Россети ФСК ЕЭС
Россети Волга
Россети Московский регион
Россети Северо-Запад
Россети Томск
Россети Урал (ГК)
Россети Юг (ГК)
Россети Янтарь
0
10
20
30
40
50
60
70' are equal

28-03-2025T08:02:19 - [TEST_STEP][PASSED] - verifyEqual(findTestData("PlanFact").getValue(4, b), a3): Actual object '' and expected object '' are equal

28-03-2025T08:02:19 - [MESSAGE][PASSED] - Actual object '' and expected object '' are equal

28-03-2025T08:02:19 - [TEST_STEP][PASSED] - verifyEqual(findTestData("PlanFact").getValue(5, b), a4): Actual object '-0.01
-0.92
-0.43
-2.48
-0.30
-0.28
-2.65
-1.91
-1.44
-2.45
Россети ФСК ЕЭС
Россети Волга
Россети Московскийрегион
Россети Северо-Запад
Россети Томск
Россети Урал (ГК)
Россети Центр (ГК)
Россети Центр иПриволжье (ГК)
Россети Юг (ГК)
Россети Янтарь
-4
-2
0
2
4
6
8' and expected object '-0.01
-0.92
-0.43
-2.48
-0.30
-0.28
-2.65
-1.91
-1.44
-2.45
Россети ФСК ЕЭС
Россети Волга
Россети Московскийрегион
Россети Северо-Запад
Россети Томск
Россети Урал (ГК)
Россети Центр (ГК)
Россети Центр иПриволжье (ГК)
Россети Юг (ГК)
Россети Янтарь
-4
-2
0
2
4
6
8' are equal

28-03-2025T08:02:19 - [MESSAGE][PASSED] - Actual object '-0.01
-0.92
-0.43
-2.48
-0.30
-0.28
-2.65
-1.91
-1.44
-2.45
Россети ФСК ЕЭС
Россети Волга
Россети Московскийрегион
Россети Северо-Запад
Россети Томск
Россети Урал (ГК)
Россети Центр (ГК)
Россети Центр иПриволжье (ГК)
Россети Юг (ГК)
Россети Янтарь
-4
-2
0
2
4
6
8' and expected object '-0.01
-0.92
-0.43
-2.48
-0.30
-0.28
-2.65
-1.91
-1.44
-2.45
Россети ФСК ЕЭС
Россети Волга
Россети Московскийрегион
Россети Северо-Запад
Россети Томск
Россети Урал (ГК)
Россети Центр (ГК)
Россети Центр иПриволжье (ГК)
Россети Юг (ГК)
Россети Янтарь
-4
-2
0
2
4
6
8' are equal

28-03-2025T08:02:19 - [TEST_STEP][PASSED] - verifyEqual(findTestData("PlanFact").getValue(6, b), a5): Actual object '%
6.24 6.24
8.50 8.50
План
Факт
1
100' and expected object '%
6.24 6.24
8.50 8.50
План
Факт
1
100' are equal

28-03-2025T08:02:19 - [MESSAGE][PASSED] - Actual object '%
6.24 6.24
8.50 8.50
План
Факт
1
100' and expected object '%
6.24 6.24
8.50 8.50
План
Факт
1
100' are equal

28-03-2025T08:02:19 - [TEST_STEP][PASSED] - verifyEqual(findTestData("PlanFact").getValue(7, b), a6): Actual object 'п.п.
2.25
Итого
0
1
2
3' and expected object 'п.п.
2.25
Итого
0
1
2
3' are equal

28-03-2025T08:02:19 - [MESSAGE][PASSED] - Actual object 'п.п.
2.25
Итого
0
1
2
3' and expected object 'п.п.
2.25
Итого
0
1
2
3' are equal

28-03-2025T08:02:19 - [TEST_STEP][PASSED] - verifyEqual(findTestData("PlanFact").getValue(8, b), a7): Actual object '64 180 839' and expected object '64 180 839' are equal

28-03-2025T08:02:19 - [MESSAGE][PASSED] - Actual object '64 180 839' and expected object '64 180 839' are equal

28-03-2025T08:02:19 - [TEST_STEP][PASSED] - verifyEqual(findTestData("PlanFact").getValue(9, b), a8): Actual object '58 728 018' and expected object '58 728 018' are equal

28-03-2025T08:02:19 - [MESSAGE][PASSED] - Actual object '58 728 018' and expected object '58 728 018' are equal

28-03-2025T08:02:19 - [TEST_STEP][PASSED] - verifyEqual(findTestData("PlanFact").getValue(10, b), a9): Actual object '5 452 822' and expected object '5 452 822' are equal

28-03-2025T08:02:20 - [MESSAGE][PASSED] - Actual object '5 452 822' and expected object '5 452 822' are equal

28-03-2025T08:02:20 - [TEST_STEP][PASSED] - Script1686231490255.WriteToExcel(user, dashboardName, n, data, run, a1, a2, a3, a4, a5, a6, a7, a8, a9): null

28-03-2025T08:02:20 - [TEST_STEP][PASSED] - sheetName = "Sheet1": null

28-03-2025T08:02:20 - [TEST_STEP][PASSED] - workbook01 = getWorkbook(excelFilePath): null

28-03-2025T08:02:20 - [TEST_STEP][PASSED] - sheet01 = getExcelSheet(workbook01, sheetName): null

28-03-2025T08:02:20 - [TEST_STEP][PASSED] - setValueToCellByIndex(sheet01, n, 0, dashboardName): null

28-03-2025T08:02:20 - [TEST_STEP][PASSED] - setValueToCellByIndex(sheet01, n, 10, user): null

28-03-2025T08:02:20 - [TEST_STEP][PASSED] - setValueToCellByIndex(sheet01, n, 1, a1): null

28-03-2025T08:02:20 - [TEST_STEP][PASSED] - setValueToCellByIndex(sheet01, n, 2, a2): null

28-03-2025T08:02:20 - [TEST_STEP][PASSED] - setValueToCellByIndex(sheet01, n, 3, a3): null

28-03-2025T08:02:20 - [TEST_STEP][PASSED] - setValueToCellByIndex(sheet01, n, 4, a4): null

28-03-2025T08:02:20 - [TEST_STEP][PASSED] - setValueToCellByIndex(sheet01, n, 5, a5): null

28-03-2025T08:02:20 - [TEST_STEP][PASSED] - setValueToCellByIndex(sheet01, n, 6, a6): null

28-03-2025T08:02:20 - [TEST_STEP][PASSED] - setValueToCellByIndex(sheet01, n, 7, a7): null

28-03-2025T08:02:20 - [TEST_STEP][PASSED] - setValueToCellByIndex(sheet01, n, 8, a8): null

28-03-2025T08:02:20 - [TEST_STEP][PASSED] - setValueToCellByIndex(sheet01, n, 9, a9): null

28-03-2025T08:02:20 - [TEST_STEP][PASSED] - n = n + 1: null

28-03-2025T08:02:20 - [TEST_STEP][PASSED] - saveWorkbook(excelFilePath, workbook01): null

28-03-2025T08:02:20 - [TEST_STEP][PASSED] - if (run == 3): null

28-03-2025T08:02:20 - [TEST_STEP][PASSED] - closeBrowser(): null

28-03-2025T08:02:20 - [MESSAGE][PASSED] - Browser is closed

28-03-2025T08:02:20 - [TEST_STEP][PASSED] - VipolnenieBiznesPlana(user, dashboardName, n, data, run, a1, a2, a3, a4, a5, a6, a7, a8, a9, urlData): null

28-03-2025T08:02:20 - [TEST_STEP][PASSED] - n = data.getRowNumbers() + 1: null

28-03-2025T08:02:20 - [TEST_STEP][PASSED] - println(n): null

28-03-2025T08:02:20 - [TEST_STEP][PASSED] - dashboardName = "Выполнение бизнес-плана": null

28-03-2025T08:02:20 - [TEST_STEP][PASSED] - openBrowser(""): Browser is opened with url: ''

28-03-2025T08:02:20 - [MESSAGE][INFO] - Starting 'Chrome' driver

28-03-2025T08:02:20 - [MESSAGE][INFO] - Action delay is set to 0 milliseconds

28-03-2025T08:02:21 - [MESSAGE][PASSED] - Browser is opened with url: ''

28-03-2025T08:02:21 - [TEST_STEP][PASSED] - urlData = 1: null

28-03-2025T08:02:21 - [TEST_STEP][PASSED] - Script1686231490255.CheckPageDownload(urlData, run): null

28-03-2025T08:02:21 - [TEST_STEP][PASSED] - i = 1: null

28-03-2025T08:02:21 - [TEST_STEP][PASSED] - ii = 0: null

28-03-2025T08:02:21 - [TEST_STEP][PASSED] - urlText = <not implemented yet for class: org.codehaus.groovy.ast.expr.EmptyExpression>: null

28-03-2025T08:02:21 - [TEST_STEP][PASSED] - searchWord = <not implemented yet for class: org.codehaus.groovy.ast.expr.EmptyExpression>: null

28-03-2025T08:02:21 - [TEST_STEP][PASSED] - deleteAllCookies(): Delete all cookies successfully

28-03-2025T08:02:21 - [MESSAGE][PASSED] - Delete all cookies successfully

28-03-2025T08:02:21 - [TEST_STEP][PASSED] - refresh(): Refresh successfully

28-03-2025T08:02:21 - [MESSAGE][PASSED] - Refresh successfully

28-03-2025T08:02:21 - [TEST_STEP][PASSED] - delay(70): Delayed 70 second(s)

28-03-2025T08:03:31 - [MESSAGE][PASSED] - Delayed 70 second(s)

28-03-2025T08:03:31 - [TEST_STEP][PASSED] - navigateToUrl(findTestData("PlanFact").getValue(10, urlData)): Navigate to 'https://bi.rosseti.digital/viewer?dashboardGuid=d154a8eaf6824e2b9de1bb04dd061c18&sheetGuid=1305e8ce744049e1abdacea1ea397a26&fit=true' successfully

28-03-2025T08:03:36 - [MESSAGE][PASSED] - Navigate to 'https://bi.rosseti.digital/viewer?dashboardGuid=d154a8eaf6824e2b9de1bb04dd061c18&sheetGuid=1305e8ce744049e1abdacea1ea397a26&fit=true' successfully

28-03-2025T08:03:36 - [TEST_STEP][PASSED] - pageLoaded1 = verifyElementPresent(findTestObject("Страница авторизации/Text"), 30): Object 'Object Repository/Страница авторизации/Text' is present

28-03-2025T08:03:36 - [MESSAGE][PASSED] - Object 'Object Repository/Страница авторизации/Text' is present

28-03-2025T08:03:36 - [TEST_STEP][PASSED] - if (pageLoaded1 == false): null

28-03-2025T08:03:36 - [TEST_STEP][PASSED] - urlText = getText(findTestObject("Страница авторизации/Text")): Text of object 'Object Repository/Страница авторизации/Text' is: 'Вход'

28-03-2025T08:03:37 - [MESSAGE][PASSED] - Text of object 'Object Repository/Страница авторизации/Text' is: 'Вход'

28-03-2025T08:03:37 - [TEST_STEP][PASSED] - delay(70): Delayed 70 second(s)

28-03-2025T08:04:47 - [MESSAGE][PASSED] - Delayed 70 second(s)

28-03-2025T08:04:47 - [TEST_STEP][PASSED] - searchWord = "Вход": null

28-03-2025T08:04:47 - [TEST_STEP][PASSED] - if (urlText.contains(searchWord) == false): null

28-03-2025T08:04:47 - [TEST_STEP][PASSED] - setText(findTestObject("Страница авторизации/input__username"), findTestData("PlanFact").getValue(8, run)): Text 'Petrova-OV' is set on object 'Object Repository/Страница авторизации/input__username'

28-03-2025T08:04:47 - [MESSAGE][PASSED] - Text 'Petrova-OV' is set on object 'Object Repository/Страница авторизации/input__username'

28-03-2025T08:04:47 - [TEST_STEP][PASSED] - setText(findTestObject("Страница авторизации/input__password"), findTestData("PlanFact").getValue(9, run)): Text '4Ex@~R53r&3x&BVe7' is set on object 'Object Repository/Страница авторизации/input__password'

28-03-2025T08:04:48 - [MESSAGE][PASSED] - Text '4Ex@~R53r&3x&BVe7' is set on object 'Object Repository/Страница авторизации/input__password'

28-03-2025T08:04:48 - [TEST_STEP][PASSED] - click(findTestObject("Страница авторизации/button_")): Object: 'Object Repository/Страница авторизации/button_' is clicked on

28-03-2025T08:04:49 - [MESSAGE][PASSED] - Object: 'Object Repository/Страница авторизации/button_' is clicked on

28-03-2025T08:04:49 - [TEST_STEP][PASSED] - delay(70): Delayed 70 second(s)

28-03-2025T08:05:59 - [MESSAGE][PASSED] - Delayed 70 second(s)

28-03-2025T08:05:59 - [TEST_STEP][PASSED] - searchWord = "а": null

28-03-2025T08:05:59 - [TEST_STEP][PASSED] - pageLoaded2 = verifyElementPresent(findTestObject("Страница авторизации/Text"), 50): Object 'Object Repository/Страница авторизации/Text' is present

28-03-2025T08:06:00 - [MESSAGE][PASSED] - Object 'Object Repository/Страница авторизации/Text' is present

28-03-2025T08:06:00 - [TEST_STEP][PASSED] - if (pageLoaded2 == false): null

28-03-2025T08:06:00 - [TEST_STEP][PASSED] - urlText = getText(findTestObject("Страница авторизации/Text")): Text of object 'Object Repository/Страница авторизации/Text' is: 'ДЗО 
ПАО Россети
Период
Январь 2025 года
Отклонения фактического уровня потерь от бизнес-плана, п.п.
-0.01
-0.92
-0.43
-2.48
-0.30
-0.28
-2.65
-1.91
-1.44
-2.45
Россети ФСК ЕЭС
Россети Волга
Россети Московскийрегион
Россети Северо-Запад
Россети Томск
Россети Урал (ГК)
Россети Центр (ГК)
Россети Центр иПриволжье (ГК)
Россети Юг (ГК)
Россети Янтарь
-4
-2
0
2
4
6
8

Уровень потерь электроэнергии
Россети ФСК ЕЭС
Россети Волга
Россети Московский регион
Россети Северо-Запад
Россети Томск
Россети Урал (ГК)
Россети Юг (ГК)
Россети Янтарь
0
10
20
30
40
50
60
70
4.01
|
6.39
|
9.74
|
7.61
|
11.82
|
7.40
|
10.84
|
12.35
|
4.00
5.47
9.32
5.12
11.52
7.12
9.40
9.90
п.п.
2.25
Итого
0
1
2
3
%
6.24 6.24
8.50 8.50
План
Факт
1
100

● Бизнес-план выполнен● ●● Превышение бизнес-плана
Отклонения фактического уровня потерь от бизнес-плана за 3 месяца (нарастающим итогом), п.п.
-0.2-0.2
-8.3-8.3
3.13.1
-0.4-0.4
-0.6-0.6
-0.0-0.0
0.20.2
3.93.9
-0.4-0.4
-8.8-8.8
-0.0-0.0
0.20.2
-0.2-0.2
-0.5-0.5
-0.3-0.3
-0.5-0.5
-0.1-0.1
-0.2-0.2
-8.4-8.4
2.92.9
-0.4-0.4
-0.5-0.5
-0.0-0.0
0.20.2
3.83.8
-0.3-0.3
-7.9-7.9
-0.0-0.0
0.20.2
-0.2-0.2
-0.5-0.5
-0.2-0.2
-0.3-0.3
-0.1-0.1
-0.0-0.0
-0.9-0.9
-0.4-0.4
-2.5-2.5
-0.3-0.3
-0.3-0.3
-2.6-2.6
-1.9-1.9
-1.4-1.4
-2.4-2.4
Россети ФСКЕЭС
АО«Тываэнерго»
АО«Чеченэнерго»
Россети Волга
РоссетиКубань
РоссетиЛенэнерго(ГК)
РоссетиМосковскийрегион
РоссетиСеверныйКавказ (ГК)
Россети Северо-Запад
Россети Сибирь(ГК)
Россети Томск
Россети Тюмень
Россети Урал(ГК)
Россети Центр
Россети Центри Приволжье(ГК)
Россети Юг (Г…
РоссетиЯнтарь
-10
0
10
п.п.
Отклонения фактического уровня потерь от бизнес-плана за 3 месяца (нарастающим итогом)
-0.2-0.2
-8.3-8.3
-1.0-1.0
-0.2-0.2
-0.3-0.3
4.74.7
-1.4-1.4
-0.4-0.4
-9.0-9.0
-0.1-0.1
-0.2-0.2
-0.3-0.3
-0.2-0.2
-7.9-7.9
-0.5-0.5
-0.8-0.8
-1.0-1.0
-0.4-0.4
8.18.1
0.50.5
12.812.8
-0.2-0.2
-8.4-8.4
-0.4-0.4
-0.0-0.0
-0.1-0.1
5.25.2
-1.3-1.3
-0.4-0.4
-8.1-8.1
-0.1-0.1
0.10.1
-0.4-0.4
-0.1-0.1
-6.9-6.9
-0.3-0.3
-0.8-0.8
-0.8-0.8
-0.4-0.4
8.38.3
0.50.5
12.512.5
-3.4-3.4
-2.5-2.5
-6.0-6.0
-1.5-1.5
-0.6-0.6
-1.6-1.6
-1.4-1.4
-4.5-4.5
Итого по ФСК ЕЭС
АО "Тываэнерго"
АО «ВМЭС»
АО «Воронежская горэлектросеть»
АО «Тульские городские электрические сети»
АО «Чеченэнерго»
АО «Ярославская электросетевая компания»
АО ЕЭСК
Алтайэнерго
Архангельский филиал
Астраханьэнерго
Белгородэнерго
Брянскэнерго
Бурятэнерго
Владимирэнерго
Волгоградэнерго
Вологодский филиал
Воронежэнерго
Дагэнерго
Ивэнерго
Ингушэнерго
-24
24

Статус данных
Просьба обратить внимание
— все данные не занесены
Факт
План
Итого – Факт
Отпуск в сеть 64 180 839
Отпуск из сети 58 728 018
Потери 5 452 822
Итого – План
Отпуск в сеть 100 208 871
Отпуск из сети 93 953 056
Потери 6 255 815
Выполнение бизнес-плана в части показателя «Уровень потерь электроэнергии»
Показатели баланса электроэнергии по ДЗО – Факт 
57 256 396 3 856 981 9 778 647 3 276 892 476 306 6 843 010 3 467 484 462 838
55 054 236 3 645 880 8 867 734 3 109 008 421 425 6 355 760 3 141 633 417 011
2 202 160 211 102 910 913 167 884 54 881 487 250 325 852 45 827
Показатели баланса электроэнергии по ДЗО – План
58 806 842 4 033 660 10 346 741 3 479 216 504 635 7 177 213 3 760 351 489 942
56 540 011 3 775 836 9 338 688 3 214 611 444 962 6 646 123 3 352 866 429 434
2 266 831 257 824 1 008 053 264 605 59 673 531 090 407 485 60 508'

28-03-2025T08:06:02 - [MESSAGE][PASSED] - Text of object 'Object Repository/Страница авторизации/Text' is: 'ДЗО 
ПАО Россети
Период
Январь 2025 года
Отклонения фактического уровня потерь от бизнес-плана, п.п.
-0.01
-0.92
-0.43
-2.48
-0.30
-0.28
-2.65
-1.91
-1.44
-2.45
Россети ФСК ЕЭС
Россети Волга
Россети Московскийрегион
Россети Северо-Запад
Россети Томск
Россети Урал (ГК)
Россети Центр (ГК)
Россети Центр иПриволжье (ГК)
Россети Юг (ГК)
Россети Янтарь
-4
-2
0
2
4
6
8

Уровень потерь электроэнергии
Россети ФСК ЕЭС
Россети Волга
Россети Московский регион
Россети Северо-Запад
Россети Томск
Россети Урал (ГК)
Россети Юг (ГК)
Россети Янтарь
0
10
20
30
40
50
60
70
4.01
|
6.39
|
9.74
|
7.61
|
11.82
|
7.40
|
10.84
|
12.35
|
4.00
5.47
9.32
5.12
11.52
7.12
9.40
9.90
п.п.
2.25
Итого
0
1
2
3
%
6.24 6.24
8.50 8.50
План
Факт
1
100

● Бизнес-план выполнен● ●● Превышение бизнес-плана
Отклонения фактического уровня потерь от бизнес-плана за 3 месяца (нарастающим итогом), п.п.
-0.2-0.2
-8.3-8.3
3.13.1
-0.4-0.4
-0.6-0.6
-0.0-0.0
0.20.2
3.93.9
-0.4-0.4
-8.8-8.8
-0.0-0.0
0.20.2
-0.2-0.2
-0.5-0.5
-0.3-0.3
-0.5-0.5
-0.1-0.1
-0.2-0.2
-8.4-8.4
2.92.9
-0.4-0.4
-0.5-0.5
-0.0-0.0
0.20.2
3.83.8
-0.3-0.3
-7.9-7.9
-0.0-0.0
0.20.2
-0.2-0.2
-0.5-0.5
-0.2-0.2
-0.3-0.3
-0.1-0.1
-0.0-0.0
-0.9-0.9
-0.4-0.4
-2.5-2.5
-0.3-0.3
-0.3-0.3
-2.6-2.6
-1.9-1.9
-1.4-1.4
-2.4-2.4
Россети ФСКЕЭС
АО«Тываэнерго»
АО«Чеченэнерго»
Россети Волга
РоссетиКубань
РоссетиЛенэнерго(ГК)
РоссетиМосковскийрегион
РоссетиСеверныйКавказ (ГК)
Россети Северо-Запад
Россети Сибирь(ГК)
Россети Томск
Россети Тюмень
Россети Урал(ГК)
Россети Центр
Россети Центри Приволжье(ГК)
Россети Юг (Г…
РоссетиЯнтарь
-10
0
10
п.п.
Отклонения фактического уровня потерь от бизнес-плана за 3 месяца (нарастающим итогом)
-0.2-0.2
-8.3-8.3
-1.0-1.0
-0.2-0.2
-0.3-0.3
4.74.7
-1.4-1.4
-0.4-0.4
-9.0-9.0
-0.1-0.1
-0.2-0.2
-0.3-0.3
-0.2-0.2
-7.9-7.9
-0.5-0.5
-0.8-0.8
-1.0-1.0
-0.4-0.4
8.18.1
0.50.5
12.812.8
-0.2-0.2
-8.4-8.4
-0.4-0.4
-0.0-0.0
-0.1-0.1
5.25.2
-1.3-1.3
-0.4-0.4
-8.1-8.1
-0.1-0.1
0.10.1
-0.4-0.4
-0.1-0.1
-6.9-6.9
-0.3-0.3
-0.8-0.8
-0.8-0.8
-0.4-0.4
8.38.3
0.50.5
12.512.5
-3.4-3.4
-2.5-2.5
-6.0-6.0
-1.5-1.5
-0.6-0.6
-1.6-1.6
-1.4-1.4
-4.5-4.5
Итого по ФСК ЕЭС
АО "Тываэнерго"
АО «ВМЭС»
АО «Воронежская горэлектросеть»
АО «Тульские городские электрические сети»
АО «Чеченэнерго»
АО «Ярославская электросетевая компания»
АО ЕЭСК
Алтайэнерго
Архангельский филиал
Астраханьэнерго
Белгородэнерго
Брянскэнерго
Бурятэнерго
Владимирэнерго
Волгоградэнерго
Вологодский филиал
Воронежэнерго
Дагэнерго
Ивэнерго
Ингушэнерго
-24
24

Статус данных
Просьба обратить внимание
— все данные не занесены
Факт
План
Итого – Факт
Отпуск в сеть 64 180 839
Отпуск из сети 58 728 018
Потери 5 452 822
Итого – План
Отпуск в сеть 100 208 871
Отпуск из сети 93 953 056
Потери 6 255 815
Выполнение бизнес-плана в части показателя «Уровень потерь электроэнергии»
Показатели баланса электроэнергии по ДЗО – Факт 
57 256 396 3 856 981 9 778 647 3 276 892 476 306 6 843 010 3 467 484 462 838
55 054 236 3 645 880 8 867 734 3 109 008 421 425 6 355 760 3 141 633 417 011
2 202 160 211 102 910 913 167 884 54 881 487 250 325 852 45 827
Показатели баланса электроэнергии по ДЗО – План
58 806 842 4 033 660 10 346 741 3 479 216 504 635 7 177 213 3 760 351 489 942
56 540 011 3 775 836 9 338 688 3 214 611 444 962 6 646 123 3 352 866 429 434
2 266 831 257 824 1 008 053 264 605 59 673 531 090 407 485 60 508'

28-03-2025T08:06:02 - [TEST_STEP][PASSED] - if (urlText.contains("ошибка") || urlText.contains(searchWord) == false): null

28-03-2025T08:06:02 - [TEST_STEP][PASSED] - Script1686231490255.ZakrytOpoveshenie(): null

28-03-2025T08:06:02 - [TEST_STEP][PASSED] - opoveshenie = getText(findTestObject("Выполнение бизнес-плана/Просьба обратить внимание")): Text of object 'Object Repository/Выполнение бизнес-плана/Просьба обратить внимание' is: 'Просьба обратить внимание'

28-03-2025T08:06:02 - [MESSAGE][PASSED] - Text of object 'Object Repository/Выполнение бизнес-плана/Просьба обратить внимание' is: 'Просьба обратить внимание'

28-03-2025T08:06:02 - [TEST_STEP][PASSED] - println(opoveshenie): null

28-03-2025T08:06:02 - [TEST_STEP][PASSED] - if (opoveshenie == "Просьба обратить внимание"): Object: 'Object Repository/Выполнение бизнес-плана/Закрыть оповещение' is clicked on

28-03-2025T08:06:02 - [TEST_STEP][PASSED] - click(findTestObject("Выполнение бизнес-плана/Закрыть оповещение")): Object: 'Object Repository/Выполнение бизнес-плана/Закрыть оповещение' is clicked on

28-03-2025T08:06:02 - [MESSAGE][PASSED] - Object: 'Object Repository/Выполнение бизнес-плана/Закрыть оповещение' is clicked on

28-03-2025T08:06:02 - [TEST_STEP][PASSED] - click(findTestObject("Object Repository/Выполнение бизнес-плана/Фильтр Дата")): Object: 'Object Repository/Выполнение бизнес-плана/Фильтр Дата' is clicked on

28-03-2025T08:06:03 - [MESSAGE][PASSED] - Object: 'Object Repository/Выполнение бизнес-плана/Фильтр Дата' is clicked on

28-03-2025T08:06:03 - [TEST_STEP][PASSED] - click(findTestObject("Выполнение бизнес-плана/Снять выделение в фильтре Дата")): Object: 'Object Repository/Выполнение бизнес-плана/Снять выделение в фильтре Дата' is clicked on

28-03-2025T08:06:03 - [MESSAGE][PASSED] - Object: 'Object Repository/Выполнение бизнес-плана/Снять выделение в фильтре Дата' is clicked on

28-03-2025T08:06:03 - [TEST_STEP][PASSED] - click(findTestObject("Object Repository/Выполнение бизнес-плана/Применить в фильтре Дата")): Object: 'Object Repository/Выполнение бизнес-плана/Применить в фильтре Дата' is clicked on

28-03-2025T08:06:04 - [MESSAGE][PASSED] - Object: 'Object Repository/Выполнение бизнес-плана/Применить в фильтре Дата' is clicked on

28-03-2025T08:06:04 - [TEST_STEP][PASSED] - delay(70): Delayed 70 second(s)

28-03-2025T08:07:14 - [MESSAGE][PASSED] - Delayed 70 second(s)

28-03-2025T08:07:14 - [TEST_STEP][PASSED] - Script1686231490255.ZakrytOpoveshenie(): null

28-03-2025T08:07:14 - [TEST_STEP][PASSED] - opoveshenie = getText(findTestObject("Выполнение бизнес-плана/Просьба обратить внимание")): Text of object 'Object Repository/Выполнение бизнес-плана/Просьба обратить внимание' is: 'Просьба обратить внимание'

28-03-2025T08:07:14 - [MESSAGE][PASSED] - Text of object 'Object Repository/Выполнение бизнес-плана/Просьба обратить внимание' is: 'Просьба обратить внимание'

28-03-2025T08:07:14 - [TEST_STEP][PASSED] - println(opoveshenie): null

28-03-2025T08:07:14 - [TEST_STEP][PASSED] - if (opoveshenie == "Просьба обратить внимание"): Object: 'Object Repository/Выполнение бизнес-плана/Закрыть оповещение' is clicked on

28-03-2025T08:07:14 - [TEST_STEP][PASSED] - click(findTestObject("Выполнение бизнес-плана/Закрыть оповещение")): Object: 'Object Repository/Выполнение бизнес-плана/Закрыть оповещение' is clicked on

28-03-2025T08:07:15 - [MESSAGE][PASSED] - Object: 'Object Repository/Выполнение бизнес-плана/Закрыть оповещение' is clicked on

28-03-2025T08:07:15 - [TEST_STEP][PASSED] - click(findTestObject("Object Repository/Выполнение бизнес-плана/Фильтр Дата")): Object: 'Object Repository/Выполнение бизнес-плана/Фильтр Дата' is clicked on

28-03-2025T08:07:15 - [MESSAGE][PASSED] - Object: 'Object Repository/Выполнение бизнес-плана/Фильтр Дата' is clicked on

28-03-2025T08:07:15 - [TEST_STEP][PASSED] - scrollToElement(findTestObject("Выполнение бизнес-плана/2025 список"), 30): Scroll to object 'Object Repository/Выполнение бизнес-плана/2025 список' successfully

28-03-2025T08:07:15 - [MESSAGE][PASSED] - Scroll to object 'Object Repository/Выполнение бизнес-плана/2025 список' successfully

28-03-2025T08:07:15 - [TEST_STEP][PASSED] - click(findTestObject("Выполнение бизнес-плана/2025 список"), CONTINUE_ON_FAILURE): Object: 'Object Repository/Выполнение бизнес-плана/2025 список' is clicked on

28-03-2025T08:07:16 - [MESSAGE][PASSED] - Object: 'Object Repository/Выполнение бизнес-плана/2025 список' is clicked on

28-03-2025T08:07:16 - [TEST_STEP][PASSED] - scrollToElement(findTestObject("Выполнение бизнес-плана/1 квартал 2025 список"), 30): Scroll to object 'Object Repository/Выполнение бизнес-плана/1 квартал 2025 список' successfully

28-03-2025T08:07:16 - [MESSAGE][PASSED] - Scroll to object 'Object Repository/Выполнение бизнес-плана/1 квартал 2025 список' successfully

28-03-2025T08:07:16 - [TEST_STEP][PASSED] - click(findTestObject("Выполнение бизнес-плана/1 квартал 2025 список"), CONTINUE_ON_FAILURE): Object: 'Object Repository/Выполнение бизнес-плана/1 квартал 2025 список' is clicked on

28-03-2025T08:07:17 - [MESSAGE][PASSED] - Object: 'Object Repository/Выполнение бизнес-плана/1 квартал 2025 список' is clicked on

28-03-2025T08:07:17 - [TEST_STEP][PASSED] - click(findTestObject("Выполнение бизнес-плана/Январь 2025"), CONTINUE_ON_FAILURE): Object: 'Object Repository/Выполнение бизнес-плана/Январь 2025' is clicked on

28-03-2025T08:07:17 - [MESSAGE][PASSED] - Object: 'Object Repository/Выполнение бизнес-плана/Январь 2025' is clicked on

28-03-2025T08:07:17 - [TEST_STEP][PASSED] - scrollToElement(findTestObject("Выполнение бизнес-плана/Январь 2025"), 30): Scroll to object 'Object Repository/Выполнение бизнес-плана/Январь 2025' successfully

28-03-2025T08:07:18 - [MESSAGE][PASSED] - Scroll to object 'Object Repository/Выполнение бизнес-плана/Январь 2025' successfully

28-03-2025T08:07:18 - [TEST_STEP][PASSED] - click(findTestObject("Object Repository/Выполнение бизнес-плана/Применить в фильтре Дата")): Object: 'Object Repository/Выполнение бизнес-плана/Применить в фильтре Дата' is clicked on

28-03-2025T08:07:18 - [MESSAGE][PASSED] - Object: 'Object Repository/Выполнение бизнес-плана/Применить в фильтре Дата' is clicked on

28-03-2025T08:07:18 - [TEST_STEP][PASSED] - scrollToElement(findTestObject("Выполнение бизнес-плана/Заголовок дашборда"), 30): Scroll to object 'Object Repository/Выполнение бизнес-плана/Заголовок дашборда' successfully

28-03-2025T08:07:42 - [MESSAGE][PASSED] - Scroll to object 'Object Repository/Выполнение бизнес-плана/Заголовок дашборда' successfully

28-03-2025T08:07:42 - [TEST_STEP][PASSED] - delay(70): Delayed 70 second(s)

28-03-2025T08:08:52 - [MESSAGE][PASSED] - Delayed 70 second(s)

28-03-2025T08:08:52 - [TEST_STEP][PASSED] - Script1686231490255.ZakrytOpoveshenie(): null

28-03-2025T08:08:52 - [TEST_STEP][PASSED] - opoveshenie = getText(findTestObject("Выполнение бизнес-плана/Просьба обратить внимание")): Text of object 'Object Repository/Выполнение бизнес-плана/Просьба обратить внимание' is: 'Просьба обратить внимание'

28-03-2025T08:08:53 - [MESSAGE][PASSED] - Text of object 'Object Repository/Выполнение бизнес-плана/Просьба обратить внимание' is: 'Просьба обратить внимание'

28-03-2025T08:08:53 - [TEST_STEP][PASSED] - println(opoveshenie): null

28-03-2025T08:08:53 - [TEST_STEP][PASSED] - if (opoveshenie == "Просьба обратить внимание"): Object: 'Object Repository/Выполнение бизнес-плана/Закрыть оповещение' is clicked on

28-03-2025T08:08:53 - [TEST_STEP][PASSED] - click(findTestObject("Выполнение бизнес-плана/Закрыть оповещение")): Object: 'Object Repository/Выполнение бизнес-плана/Закрыть оповещение' is clicked on

28-03-2025T08:08:53 - [MESSAGE][PASSED] - Object: 'Object Repository/Выполнение бизнес-плана/Закрыть оповещение' is clicked on

28-03-2025T08:08:53 - [TEST_STEP][PASSED] - click(findTestObject("Object Repository/Выполнение бизнес-плана/Фильтр ДЗО")): Object: 'Object Repository/Выполнение бизнес-плана/Фильтр ДЗО' is clicked on

28-03-2025T08:08:53 - [MESSAGE][PASSED] - Object: 'Object Repository/Выполнение бизнес-плана/Фильтр ДЗО' is clicked on

28-03-2025T08:08:53 - [TEST_STEP][PASSED] - click(findTestObject("Выполнение бизнес-плана/Снять выделение в фильтре ДЗО")): Object: 'Object Repository/Выполнение бизнес-плана/Снять выделение в фильтре ДЗО' is clicked on

28-03-2025T08:08:54 - [MESSAGE][PASSED] - Object: 'Object Repository/Выполнение бизнес-плана/Снять выделение в фильтре ДЗО' is clicked on

28-03-2025T08:08:54 - [TEST_STEP][PASSED] - click(findTestObject("Выполнение бизнес-плана/ПАО Россети")): Object: 'Object Repository/Выполнение бизнес-плана/ПАО Россети' is clicked on

28-03-2025T08:08:54 - [MESSAGE][PASSED] - Object: 'Object Repository/Выполнение бизнес-плана/ПАО Россети' is clicked on

28-03-2025T08:08:54 - [TEST_STEP][PASSED] - click(findTestObject("Object Repository/Выполнение бизнес-плана/Применить в фильтре ДЗО")): Object: 'Object Repository/Выполнение бизнес-плана/Применить в фильтре ДЗО' is clicked on

28-03-2025T08:08:55 - [MESSAGE][PASSED] - Object: 'Object Repository/Выполнение бизнес-плана/Применить в фильтре ДЗО' is clicked on

28-03-2025T08:08:55 - [TEST_STEP][PASSED] - delay(70): Delayed 70 second(s)

28-03-2025T08:10:05 - [MESSAGE][PASSED] - Delayed 70 second(s)

28-03-2025T08:10:05 - [TEST_STEP][PASSED] - if (run == 1): null

28-03-2025T08:10:05 - [TEST_STEP][PASSED] - if (run == 2): null

28-03-2025T08:10:05 - [TEST_STEP][PASSED] - if (run == 3): null

28-03-2025T08:10:05 - [TEST_STEP][PASSED] - user = "Попова": null

28-03-2025T08:10:05 - [TEST_STEP][PASSED] - a1 = getText(findTestObject("Выполнение бизнес-плана/Проценты")): Text of object 'Object Repository/Выполнение бизнес-плана/Проценты' is: '%
6.24 6.24
8.50 8.50
План
Факт
1
100'

28-03-2025T08:10:06 - [MESSAGE][PASSED] - Text of object 'Object Repository/Выполнение бизнес-плана/Проценты' is: '%
6.24 6.24
8.50 8.50
План
Факт
1
100'

28-03-2025T08:10:06 - [TEST_STEP][PASSED] - a2 = getText(findTestObject("Выполнение бизнес-плана/vidget 2")): Text of object 'Object Repository/Выполнение бизнес-плана/vidget 2' is: 'Россети ФСК ЕЭС
Россети Волга
Россети Московский регион
Россети Северо-Запад
Россети Томск
Россети Урал (ГК)
Россети Юг (ГК)
Россети Янтарь
0
10
20
30
40
50
60
70'

28-03-2025T08:10:06 - [MESSAGE][PASSED] - Text of object 'Object Repository/Выполнение бизнес-плана/vidget 2' is: 'Россети ФСК ЕЭС
Россети Волга
Россети Московский регион
Россети Северо-Запад
Россети Томск
Россети Урал (ГК)
Россети Юг (ГК)
Россети Янтарь
0
10
20
30
40
50
60
70'

28-03-2025T08:10:06 - [TEST_STEP][PASSED] - a3 = getText(findTestObject("Выполнение бизнес-плана/table")): Text of object 'Object Repository/Выполнение бизнес-плана/table' is: ''

28-03-2025T08:10:06 - [MESSAGE][PASSED] - Text of object 'Object Repository/Выполнение бизнес-плана/table' is: ''

28-03-2025T08:10:06 - [TEST_STEP][PASSED] - a4 = getText(findTestObject("Выполнение бизнес-плана/Список ДЗО")): Text of object 'Object Repository/Выполнение бизнес-плана/Список ДЗО' is: '-0.01
-0.92
-0.43
-2.48
-0.30
-0.28
-2.65
-1.91
-1.44
-2.45
Россети ФСК ЕЭС
Россети Волга
Россети Московскийрегион
Россети Северо-Запад
Россети Томск
Россети Урал (ГК)
Россети Центр (ГК)
Россети Центр иПриволжье (ГК)
Россети Юг (ГК)
Россети Янтарь
-4
-2
0
2
4
6
8'

28-03-2025T08:10:06 - [MESSAGE][PASSED] - Text of object 'Object Repository/Выполнение бизнес-плана/Список ДЗО' is: '-0.01
-0.92
-0.43
-2.48
-0.30
-0.28
-2.65
-1.91
-1.44
-2.45
Россети ФСК ЕЭС
Россети Волга
Россети Московскийрегион
Россети Северо-Запад
Россети Томск
Россети Урал (ГК)
Россети Центр (ГК)
Россети Центр иПриволжье (ГК)
Россети Юг (ГК)
Россети Янтарь
-4
-2
0
2
4
6
8'

28-03-2025T08:10:06 - [TEST_STEP][PASSED] - a5 = getText(findTestObject("Выполнение бизнес-плана/svg1")): Text of object 'Object Repository/Выполнение бизнес-плана/svg1' is: '%
6.24 6.24
8.50 8.50
План
Факт
1
100'

28-03-2025T08:10:07 - [MESSAGE][PASSED] - Text of object 'Object Repository/Выполнение бизнес-плана/svg1' is: '%
6.24 6.24
8.50 8.50
План
Факт
1
100'

28-03-2025T08:10:07 - [TEST_STEP][PASSED] - a6 = getText(findTestObject("Выполнение бизнес-плана/svg2")): Text of object 'Object Repository/Выполнение бизнес-плана/svg2' is: 'п.п.
2.25
Итого
0
1
2
3'

28-03-2025T08:10:07 - [MESSAGE][PASSED] - Text of object 'Object Repository/Выполнение бизнес-плана/svg2' is: 'п.п.
2.25
Итого
0
1
2
3'

28-03-2025T08:10:07 - [TEST_STEP][PASSED] - a7 = getText(findTestObject("Выполнение бизнес-плана/Значения со страницы Выполнение бизнес-плана/Факт Отпуск в сеть за отчётный период ПАО Россети")): Text of object 'Object Repository/Выполнение бизнес-плана/Значения со страницы Выполнение бизнес-плана/Факт Отпуск в сеть за отчётный период ПАО Россети' is: '64 180 839'

28-03-2025T08:10:07 - [MESSAGE][PASSED] - Text of object 'Object Repository/Выполнение бизнес-плана/Значения со страницы Выполнение бизнес-плана/Факт Отпуск в сеть за отчётный период ПАО Россети' is: '64 180 839'

28-03-2025T08:10:07 - [TEST_STEP][PASSED] - a8 = getText(findTestObject("Выполнение бизнес-плана/Значения со страницы Выполнение бизнес-плана/Факт Отпуск из сети за отчётный период ПАО Россети")): Text of object 'Object Repository/Выполнение бизнес-плана/Значения со страницы Выполнение бизнес-плана/Факт Отпуск из сети за отчётный период ПАО Россети' is: '58 728 018'

28-03-2025T08:10:08 - [MESSAGE][PASSED] - Text of object 'Object Repository/Выполнение бизнес-плана/Значения со страницы Выполнение бизнес-плана/Факт Отпуск из сети за отчётный период ПАО Россети' is: '58 728 018'

28-03-2025T08:10:08 - [TEST_STEP][PASSED] - a9 = getText(findTestObject("Выполнение бизнес-плана/Значения со страницы Выполнение бизнес-плана/Факт Потери за отчётный период ПАО Россети")): Text of object 'Object Repository/Выполнение бизнес-плана/Значения со страницы Выполнение бизнес-плана/Факт Потери за отчётный период ПАО Россети' is: '5 452 822'

28-03-2025T08:10:08 - [MESSAGE][PASSED] - Text of object 'Object Repository/Выполнение бизнес-плана/Значения со страницы Выполнение бизнес-плана/Факт Потери за отчётный период ПАО Россети' is: '5 452 822'

28-03-2025T08:10:08 - [TEST_STEP][PASSED] - n = n + 2: null

28-03-2025T08:10:08 - [TEST_STEP][PASSED] - b = data.getRowNumbers() + 1: null

28-03-2025T08:10:08 - [TEST_STEP][PASSED] - verifyEqual(findTestData("PlanFact").getValue(2, b), a1): Actual object '%
6.24 6.24
8.50 8.50
План
Факт
1
100' and expected object '%
6.24 6.24
8.50 8.50
План
Факт
1
100' are equal

28-03-2025T08:10:08 - [MESSAGE][PASSED] - Actual object '%
6.24 6.24
8.50 8.50
План
Факт
1
100' and expected object '%
6.24 6.24
8.50 8.50
План
Факт
1
100' are equal

28-03-2025T08:10:08 - [TEST_STEP][PASSED] - verifyEqual(findTestData("PlanFact").getValue(3, b), a2): Actual object 'Россети ФСК ЕЭС
Россети Волга
Россети Московский регион
Россети Северо-Запад
Россети Томск
Россети Урал (ГК)
Россети Юг (ГК)
Россети Янтарь
0
10
20
30
40
50
60
70' and expected object 'Россети ФСК ЕЭС
Россети Волга
Россети Московский регион
Россети Северо-Запад
Россети Томск
Россети Урал (ГК)
Россети Юг (ГК)
Россети Янтарь
0
10
20
30
40
50
60
70' are equal

28-03-2025T08:10:08 - [MESSAGE][PASSED] - Actual object 'Россети ФСК ЕЭС
Россети Волга
Россети Московский регион
Россети Северо-Запад
Россети Томск
Россети Урал (ГК)
Россети Юг (ГК)
Россети Янтарь
0
10
20
30
40
50
60
70' and expected object 'Россети ФСК ЕЭС
Россети Волга
Россети Московский регион
Россети Северо-Запад
Россети Томск
Россети Урал (ГК)
Россети Юг (ГК)
Россети Янтарь
0
10
20
30
40
50
60
70' are equal

28-03-2025T08:10:08 - [TEST_STEP][PASSED] - verifyEqual(findTestData("PlanFact").getValue(4, b), a3): Actual object '' and expected object '' are equal

28-03-2025T08:10:08 - [MESSAGE][PASSED] - Actual object '' and expected object '' are equal

28-03-2025T08:10:08 - [TEST_STEP][PASSED] - verifyEqual(findTestData("PlanFact").getValue(5, b), a4): Actual object '-0.01
-0.92
-0.43
-2.48
-0.30
-0.28
-2.65
-1.91
-1.44
-2.45
Россети ФСК ЕЭС
Россети Волга
Россети Московскийрегион
Россети Северо-Запад
Россети Томск
Россети Урал (ГК)
Россети Центр (ГК)
Россети Центр иПриволжье (ГК)
Россети Юг (ГК)
Россети Янтарь
-4
-2
0
2
4
6
8' and expected object '-0.01
-0.92
-0.43
-2.48
-0.30
-0.28
-2.65
-1.91
-1.44
-2.45
Россети ФСК ЕЭС
Россети Волга
Россети Московскийрегион
Россети Северо-Запад
Россети Томск
Россети Урал (ГК)
Россети Центр (ГК)
Россети Центр иПриволжье (ГК)
Россети Юг (ГК)
Россети Янтарь
-4
-2
0
2
4
6
8' are equal

28-03-2025T08:10:08 - [MESSAGE][PASSED] - Actual object '-0.01
-0.92
-0.43
-2.48
-0.30
-0.28
-2.65
-1.91
-1.44
-2.45
Россети ФСК ЕЭС
Россети Волга
Россети Московскийрегион
Россети Северо-Запад
Россети Томск
Россети Урал (ГК)
Россети Центр (ГК)
Россети Центр иПриволжье (ГК)
Россети Юг (ГК)
Россети Янтарь
-4
-2
0
2
4
6
8' and expected object '-0.01
-0.92
-0.43
-2.48
-0.30
-0.28
-2.65
-1.91
-1.44
-2.45
Россети ФСК ЕЭС
Россети Волга
Россети Московскийрегион
Россети Северо-Запад
Россети Томск
Россети Урал (ГК)
Россети Центр (ГК)
Россети Центр иПриволжье (ГК)
Россети Юг (ГК)
Россети Янтарь
-4
-2
0
2
4
6
8' are equal

28-03-2025T08:10:08 - [TEST_STEP][PASSED] - verifyEqual(findTestData("PlanFact").getValue(6, b), a5): Actual object '%
6.24 6.24
8.50 8.50
План
Факт
1
100' and expected object '%
6.24 6.24
8.50 8.50
План
Факт
1
100' are equal

28-03-2025T08:10:08 - [MESSAGE][PASSED] - Actual object '%
6.24 6.24
8.50 8.50
План
Факт
1
100' and expected object '%
6.24 6.24
8.50 8.50
План
Факт
1
100' are equal

28-03-2025T08:10:08 - [TEST_STEP][PASSED] - verifyEqual(findTestData("PlanFact").getValue(7, b), a6): Actual object 'п.п.
2.25
Итого
0
1
2
3' and expected object 'п.п.
2.25
Итого
0
1
2
3' are equal

28-03-2025T08:10:08 - [MESSAGE][PASSED] - Actual object 'п.п.
2.25
Итого
0
1
2
3' and expected object 'п.п.
2.25
Итого
0
1
2
3' are equal

28-03-2025T08:10:08 - [TEST_STEP][PASSED] - verifyEqual(findTestData("PlanFact").getValue(8, b), a7): Actual object '64 180 839' and expected object '64 180 839' are equal

28-03-2025T08:10:08 - [MESSAGE][PASSED] - Actual object '64 180 839' and expected object '64 180 839' are equal

28-03-2025T08:10:08 - [TEST_STEP][PASSED] - verifyEqual(findTestData("PlanFact").getValue(9, b), a8): Actual object '58 728 018' and expected object '58 728 018' are equal

28-03-2025T08:10:09 - [MESSAGE][PASSED] - Actual object '58 728 018' and expected object '58 728 018' are equal

28-03-2025T08:10:09 - [TEST_STEP][PASSED] - verifyEqual(findTestData("PlanFact").getValue(10, b), a9): Actual object '5 452 822' and expected object '5 452 822' are equal

28-03-2025T08:10:09 - [MESSAGE][PASSED] - Actual object '5 452 822' and expected object '5 452 822' are equal

28-03-2025T08:10:09 - [TEST_STEP][PASSED] - Script1686231490255.WriteToExcel(user, dashboardName, n, data, run, a1, a2, a3, a4, a5, a6, a7, a8, a9): null

28-03-2025T08:10:09 - [TEST_STEP][PASSED] - sheetName = "Sheet1": null

28-03-2025T08:10:09 - [TEST_STEP][PASSED] - workbook01 = getWorkbook(excelFilePath): null

28-03-2025T08:10:09 - [TEST_STEP][PASSED] - sheet01 = getExcelSheet(workbook01, sheetName): null

28-03-2025T08:10:09 - [TEST_STEP][PASSED] - setValueToCellByIndex(sheet01, n, 0, dashboardName): null

28-03-2025T08:10:09 - [TEST_STEP][PASSED] - setValueToCellByIndex(sheet01, n, 10, user): null

28-03-2025T08:10:09 - [TEST_STEP][PASSED] - setValueToCellByIndex(sheet01, n, 1, a1): null

28-03-2025T08:10:09 - [TEST_STEP][PASSED] - setValueToCellByIndex(sheet01, n, 2, a2): null

28-03-2025T08:10:09 - [TEST_STEP][PASSED] - setValueToCellByIndex(sheet01, n, 3, a3): null

28-03-2025T08:10:09 - [TEST_STEP][PASSED] - setValueToCellByIndex(sheet01, n, 4, a4): null

28-03-2025T08:10:09 - [TEST_STEP][PASSED] - setValueToCellByIndex(sheet01, n, 5, a5): null

28-03-2025T08:10:09 - [TEST_STEP][PASSED] - setValueToCellByIndex(sheet01, n, 6, a6): null

28-03-2025T08:10:09 - [TEST_STEP][PASSED] - setValueToCellByIndex(sheet01, n, 7, a7): null

28-03-2025T08:10:09 - [TEST_STEP][PASSED] - setValueToCellByIndex(sheet01, n, 8, a8): null

28-03-2025T08:10:09 - [TEST_STEP][PASSED] - setValueToCellByIndex(sheet01, n, 9, a9): null

28-03-2025T08:10:09 - [TEST_STEP][PASSED] - n = n + 1: null

28-03-2025T08:10:09 - [TEST_STEP][PASSED] - saveWorkbook(excelFilePath, workbook01): null

28-03-2025T08:10:09 - [TEST_STEP][PASSED] - closeBrowser(): Browser is closed

28-03-2025T08:10:09 - [MESSAGE][PASSED] - Browser is closed

28-03-2025T08:10:09 - [TEST_STEP][PASSED] - delay(70): Delayed 70 second(s)

28-03-2025T08:11:19 - [MESSAGE][PASSED] - Delayed 70 second(s)

28-03-2025T08:11:19 - [TEST_STEP][PASSED] - for ([run = 1, run < 4, (run++)]): null

28-03-2025T08:11:19 - [TEST_STEP][PASSED] - ViruchkaVRublyah(user, dashboardName, n, data, run, a1, a2, a3, a4, a5, a6, a7, a8, a9, urlData): null

28-03-2025T08:11:19 - [TEST_STEP][PASSED] - n = data.getRowNumbers() + 1: null

28-03-2025T08:11:19 - [TEST_STEP][PASSED] - println(n): null

28-03-2025T08:11:19 - [TEST_STEP][PASSED] - dashboardName = "Вырука в рублях": null

28-03-2025T08:11:19 - [TEST_STEP][PASSED] - openBrowser(""): Browser is opened with url: ''

28-03-2025T08:11:19 - [MESSAGE][INFO] - Starting 'Chrome' driver

28-03-2025T08:11:19 - [MESSAGE][INFO] - Action delay is set to 0 milliseconds

28-03-2025T08:11:20 - [MESSAGE][PASSED] - Browser is opened with url: ''

28-03-2025T08:11:20 - [TEST_STEP][PASSED] - urlData = 2: null

28-03-2025T08:11:20 - [TEST_STEP][PASSED] - Script1686231490255.CheckPageDownload(urlData, run): null

28-03-2025T08:11:20 - [TEST_STEP][PASSED] - i = 1: null

28-03-2025T08:11:20 - [TEST_STEP][PASSED] - ii = 0: null

28-03-2025T08:11:20 - [TEST_STEP][PASSED] - urlText = <not implemented yet for class: org.codehaus.groovy.ast.expr.EmptyExpression>: null

28-03-2025T08:11:20 - [TEST_STEP][PASSED] - searchWord = <not implemented yet for class: org.codehaus.groovy.ast.expr.EmptyExpression>: null

28-03-2025T08:11:20 - [TEST_STEP][PASSED] - deleteAllCookies(): Delete all cookies successfully

28-03-2025T08:11:20 - [MESSAGE][PASSED] - Delete all cookies successfully

28-03-2025T08:11:20 - [TEST_STEP][PASSED] - refresh(): Refresh successfully

28-03-2025T08:11:20 - [MESSAGE][PASSED] - Refresh successfully

28-03-2025T08:11:20 - [TEST_STEP][PASSED] - delay(70): Delayed 70 second(s)

28-03-2025T08:12:30 - [MESSAGE][PASSED] - Delayed 70 second(s)

28-03-2025T08:12:30 - [TEST_STEP][PASSED] - navigateToUrl(findTestData("PlanFact").getValue(10, urlData)): Navigate to 'https://bi.rosseti.digital/viewer?dashboardGuid=2301950b23be4ed89c1df75f2020051e&sheetGuid=b723206f698544fb87299f3095c00435&fit=true' successfully

28-03-2025T08:12:38 - [MESSAGE][PASSED] - Navigate to 'https://bi.rosseti.digital/viewer?dashboardGuid=2301950b23be4ed89c1df75f2020051e&sheetGuid=b723206f698544fb87299f3095c00435&fit=true' successfully

28-03-2025T08:12:38 - [TEST_STEP][PASSED] - pageLoaded1 = verifyElementPresent(findTestObject("Страница авторизации/Text"), 30): Object 'Object Repository/Страница авторизации/Text' is present

28-03-2025T08:12:40 - [MESSAGE][PASSED] - Object 'Object Repository/Страница авторизации/Text' is present

28-03-2025T08:12:40 - [TEST_STEP][PASSED] - if (pageLoaded1 == false): null

28-03-2025T08:12:40 - [TEST_STEP][PASSED] - urlText = getText(findTestObject("Страница авторизации/Text")): Text of object 'Object Repository/Страница авторизации/Text' is: 'Вход'

28-03-2025T08:12:40 - [MESSAGE][PASSED] - Text of object 'Object Repository/Страница авторизации/Text' is: 'Вход'

28-03-2025T08:12:40 - [TEST_STEP][PASSED] - delay(70): Delayed 70 second(s)

28-03-2025T08:13:50 - [MESSAGE][PASSED] - Delayed 70 second(s)

28-03-2025T08:13:50 - [TEST_STEP][PASSED] - searchWord = "Вход": null

28-03-2025T08:13:50 - [TEST_STEP][PASSED] - if (urlText.contains(searchWord) == false): null

28-03-2025T08:13:50 - [TEST_STEP][PASSED] - setText(findTestObject("Страница авторизации/input__username"), findTestData("PlanFact").getValue(8, run)): Text 'liazgina-di' is set on object 'Object Repository/Страница авторизации/input__username'

28-03-2025T08:13:51 - [MESSAGE][PASSED] - Text 'liazgina-di' is set on object 'Object Repository/Страница авторизации/input__username'

28-03-2025T08:13:51 - [TEST_STEP][PASSED] - setText(findTestObject("Страница авторизации/input__password"), findTestData("PlanFact").getValue(9, run)): Text ')$%5srZ8o688Dm#q' is set on object 'Object Repository/Страница авторизации/input__password'

28-03-2025T08:13:52 - [MESSAGE][PASSED] - Text ')$%5srZ8o688Dm#q' is set on object 'Object Repository/Страница авторизации/input__password'

28-03-2025T08:13:52 - [TEST_STEP][PASSED] - click(findTestObject("Страница авторизации/button_")): Object: 'Object Repository/Страница авторизации/button_' is clicked on

28-03-2025T08:13:53 - [MESSAGE][PASSED] - Object: 'Object Repository/Страница авторизации/button_' is clicked on

28-03-2025T08:13:53 - [TEST_STEP][PASSED] - delay(70): Delayed 70 second(s)

28-03-2025T08:15:03 - [MESSAGE][PASSED] - Delayed 70 second(s)

28-03-2025T08:15:03 - [TEST_STEP][PASSED] - searchWord = "а": null

28-03-2025T08:15:03 - [TEST_STEP][PASSED] - pageLoaded2 = verifyElementPresent(findTestObject("Страница авторизации/Text"), 50): Object 'Object Repository/Страница авторизации/Text' is present

28-03-2025T08:15:03 - [MESSAGE][PASSED] - Object 'Object Repository/Страница авторизации/Text' is present

28-03-2025T08:15:03 - [TEST_STEP][PASSED] - if (pageLoaded2 == false): null

28-03-2025T08:15:03 - [TEST_STEP][PASSED] - urlText = getText(findTestObject("Страница авторизации/Text")): Text of object 'Object Repository/Страница авторизации/Text' is: 'Период
Январь, Февраль 2025 года
Выручка
Все
Выполнение плановых показателей по ПАО Россети за Январь, Февраль 2025 года
План
Факт
Динамика
2025 год
0 млн.руб.
25 000 млн.руб.
50 000 млн.руб.
75 000 млн.руб.
100 000 млн.руб.
125 000 млн.руб.
150 000 млн.руб.
175 000 млн.руб.
200 000 млн.руб.
225 000 млн.руб.
250 000 млн.руб.
275 000 млн.руб.
300 000 млн.руб.
325 000 млн.руб.
350 000 млн.руб.
375 000 млн.руб.
318 025
265 457
↓
ДЗО 
ПАО Россети
Внутренний оборот - выручка за услуги по передаче электрической энергии, учтенная в выручке за электроэнергию для конечных потребителей, при выполнении ДЗО функций гарантирующего поставщика
Подписи данных
⬤Отклонение
АО "РЭС"
АО «Тываэнерго»
АО «Чеченэнерго»
Россети Волга
Россети Кубань
Россети Ленэнерго (ГК)
Россети Московский регион
Россети Северный Кавказ (ГК)
Россети Северо-Запад
Россети Сибирь (ГК)
Россети Томск
Россети Тюмень
Россети Урал (ГК)
Россети ФСК ЕЭС
Россети Центр
Россети Центр и Приволжье (ГК)
Россети Юг (ГК)
Россети Янтарь
-30 000млн.руб.
-25 000млн.руб.
-20 000млн.руб.
-15 000млн.руб.
-10 000млн.руб.
-5 000млн.руб.
0 млн.руб.
5 00…
-170
-229
-76
-1 936
552
-244
-1 353
-805
-232
-7 939
-47
-10 407
-701
-28 384
-520
-197
68
50
млн.
%
Выручка
Отклонение выручки по ПАО Россети за Январь, Февраль 2025 года (факт/план, млн. руб)
ПАО Россети
-52 568 млн.руб.
 '

28-03-2025T08:15:04 - [MESSAGE][PASSED] - Text of object 'Object Repository/Страница авторизации/Text' is: 'Период
Январь, Февраль 2025 года
Выручка
Все
Выполнение плановых показателей по ПАО Россети за Январь, Февраль 2025 года
План
Факт
Динамика
2025 год
0 млн.руб.
25 000 млн.руб.
50 000 млн.руб.
75 000 млн.руб.
100 000 млн.руб.
125 000 млн.руб.
150 000 млн.руб.
175 000 млн.руб.
200 000 млн.руб.
225 000 млн.руб.
250 000 млн.руб.
275 000 млн.руб.
300 000 млн.руб.
325 000 млн.руб.
350 000 млн.руб.
375 000 млн.руб.
318 025
265 457
↓
ДЗО 
ПАО Россети
Внутренний оборот - выручка за услуги по передаче электрической энергии, учтенная в выручке за электроэнергию для конечных потребителей, при выполнении ДЗО функций гарантирующего поставщика
Подписи данных
⬤Отклонение
АО "РЭС"
АО «Тываэнерго»
АО «Чеченэнерго»
Россети Волга
Россети Кубань
Россети Ленэнерго (ГК)
Россети Московский регион
Россети Северный Кавказ (ГК)
Россети Северо-Запад
Россети Сибирь (ГК)
Россети Томск
Россети Тюмень
Россети Урал (ГК)
Россети ФСК ЕЭС
Россети Центр
Россети Центр и Приволжье (ГК)
Россети Юг (ГК)
Россети Янтарь
-30 000млн.руб.
-25 000млн.руб.
-20 000млн.руб.
-15 000млн.руб.
-10 000млн.руб.
-5 000млн.руб.
0 млн.руб.
5 00…
-170
-229
-76
-1 936
552
-244
-1 353
-805
-232
-7 939
-47
-10 407
-701
-28 384
-520
-197
68
50
млн.
%
Выручка
Отклонение выручки по ПАО Россети за Январь, Февраль 2025 года (факт/план, млн. руб)
ПАО Россети
-52 568 млн.руб.
 '

28-03-2025T08:15:04 - [TEST_STEP][PASSED] - if (urlText.contains("ошибка") || urlText.contains(searchWord) == false): null

28-03-2025T08:15:04 - [TEST_STEP][PASSED] - click(findTestObject("Выручка в рублях/Фильтр Период")): Object: 'Object Repository/Выручка в рублях/Фильтр Период' is clicked on

28-03-2025T08:15:04 - [MESSAGE][PASSED] - Object: 'Object Repository/Выручка в рублях/Фильтр Период' is clicked on

28-03-2025T08:15:04 - [TEST_STEP][PASSED] - click(findTestObject("Выручка в рублях/Снять выделение в фильтре Дата")): Object: 'Object Repository/Выручка в рублях/Снять выделение в фильтре Дата' is clicked on

28-03-2025T08:15:05 - [MESSAGE][PASSED] - Object: 'Object Repository/Выручка в рублях/Снять выделение в фильтре Дата' is clicked on

28-03-2025T08:15:05 - [TEST_STEP][PASSED] - click(findTestObject("Выручка в рублях/Применить в фильтре Дата")): Object: 'Object Repository/Выручка в рублях/Применить в фильтре Дата' is clicked on

28-03-2025T08:15:05 - [MESSAGE][PASSED] - Object: 'Object Repository/Выручка в рублях/Применить в фильтре Дата' is clicked on

28-03-2025T08:15:05 - [TEST_STEP][PASSED] - click(findTestObject("Выручка в рублях/Фильтр Период")): Object: 'Object Repository/Выручка в рублях/Фильтр Период' is clicked on

28-03-2025T08:15:07 - [MESSAGE][PASSED] - Object: 'Object Repository/Выручка в рублях/Фильтр Период' is clicked on

28-03-2025T08:15:07 - [TEST_STEP][PASSED] - click(findTestObject("Выручка в рублях/Снять выделение в фильтре Дата")): Object: 'Object Repository/Выручка в рублях/Снять выделение в фильтре Дата' is clicked on

28-03-2025T08:15:08 - [MESSAGE][PASSED] - Object: 'Object Repository/Выручка в рублях/Снять выделение в фильтре Дата' is clicked on

28-03-2025T08:15:08 - [TEST_STEP][PASSED] - scrollToElement(findTestObject("Выручка в рублях/2025 список"), 30): Scroll to object 'Object Repository/Выручка в рублях/2025 список' successfully

28-03-2025T08:15:08 - [MESSAGE][PASSED] - Scroll to object 'Object Repository/Выручка в рублях/2025 список' successfully

28-03-2025T08:15:08 - [TEST_STEP][PASSED] - click(findTestObject("Выручка в рублях/2025 список")): Object: 'Object Repository/Выручка в рублях/2025 список' is clicked on

28-03-2025T08:15:09 - [MESSAGE][PASSED] - Object: 'Object Repository/Выручка в рублях/2025 список' is clicked on

28-03-2025T08:15:09 - [TEST_STEP][PASSED] - scrollToElement(findTestObject("Выручка в рублях/1 квартал 2025 список"), 30): Scroll to object 'Object Repository/Выручка в рублях/1 квартал 2025 список' successfully

28-03-2025T08:15:09 - [MESSAGE][PASSED] - Scroll to object 'Object Repository/Выручка в рублях/1 квартал 2025 список' successfully

28-03-2025T08:15:09 - [TEST_STEP][PASSED] - click(findTestObject("Выручка в рублях/1 квартал 2025 список"), CONTINUE_ON_FAILURE): Object: 'Object Repository/Выручка в рублях/1 квартал 2025 список' is clicked on

28-03-2025T08:15:09 - [MESSAGE][PASSED] - Object: 'Object Repository/Выручка в рублях/1 квартал 2025 список' is clicked on

28-03-2025T08:15:09 - [TEST_STEP][PASSED] - scrollToElement(findTestObject("Выручка в рублях/Январь 2025"), 30): Scroll to object 'Object Repository/Выручка в рублях/Январь 2025' successfully

28-03-2025T08:15:10 - [MESSAGE][PASSED] - Scroll to object 'Object Repository/Выручка в рублях/Январь 2025' successfully

28-03-2025T08:15:10 - [TEST_STEP][PASSED] - click(findTestObject("Выручка в рублях/Январь 2025"), CONTINUE_ON_FAILURE): Object: 'Object Repository/Выручка в рублях/Январь 2025' is clicked on

28-03-2025T08:15:10 - [MESSAGE][PASSED] - Object: 'Object Repository/Выручка в рублях/Январь 2025' is clicked on

28-03-2025T08:15:10 - [TEST_STEP][PASSED] - click(findTestObject("Выручка в рублях/Применить в фильтре Дата")): Object: 'Object Repository/Выручка в рублях/Применить в фильтре Дата' is clicked on

28-03-2025T08:15:11 - [MESSAGE][PASSED] - Object: 'Object Repository/Выручка в рублях/Применить в фильтре Дата' is clicked on

28-03-2025T08:15:11 - [TEST_STEP][PASSED] - scrollToElement(findTestObject("Выручка в рублях/Заголовок дашборда"), 30): Scroll to object 'Object Repository/Выручка в рублях/Заголовок дашборда' successfully

28-03-2025T08:15:12 - [MESSAGE][PASSED] - Scroll to object 'Object Repository/Выручка в рублях/Заголовок дашборда' successfully

28-03-2025T08:15:12 - [TEST_STEP][PASSED] - delay(70): Delayed 70 second(s)

28-03-2025T08:16:22 - [MESSAGE][PASSED] - Delayed 70 second(s)

28-03-2025T08:16:22 - [TEST_STEP][PASSED] - a5 = "": null

28-03-2025T08:16:22 - [TEST_STEP][PASSED] - a6 = "": null

28-03-2025T08:16:22 - [TEST_STEP][PASSED] - a7 = "": null

28-03-2025T08:16:22 - [TEST_STEP][PASSED] - a8 = "": null

28-03-2025T08:16:22 - [TEST_STEP][PASSED] - a9 = "": null

28-03-2025T08:16:22 - [TEST_STEP][PASSED] - if (run == 1): null

28-03-2025T08:16:22 - [TEST_STEP][PASSED] - user = "админ": null

28-03-2025T08:16:22 - [TEST_STEP][PASSED] - a1 = getText(findTestObject("Выручка в рублях/График План")): Text of object 'Object Repository/Выручка в рублях/График План' is: '163 377'

28-03-2025T08:16:22 - [MESSAGE][PASSED] - Text of object 'Object Repository/Выручка в рублях/График План' is: '163 377'

28-03-2025T08:16:22 - [TEST_STEP][PASSED] - a2 = getText(findTestObject("Выручка в рублях/График Факт")): Text of object 'Object Repository/Выручка в рублях/График Факт' is: '157 865'

28-03-2025T08:16:22 - [MESSAGE][PASSED] - Text of object 'Object Repository/Выручка в рублях/График Факт' is: '157 865'

28-03-2025T08:16:22 - [TEST_STEP][PASSED] - a3 = getText(findTestObject("Выручка в рублях/График Отклонение выручки")): Text of object 'Object Repository/Выручка в рублях/График Отклонение выручки' is: 'Период
Январь 2025 года
Выручка
Все
Выполнение плановых показателей по ПАО Россети за Январь 2025 года
План
Факт
Динамика
2025 год
0 млн.руб.
20 000 млн.руб.
40 000 млн.руб.
60 000 млн.руб.
80 000 млн.руб.
100 000 млн.руб.
120 000 млн.руб.
140 000 млн.руб.
160 000 млн.руб.
180 000 млн.руб.
200 000 млн.руб.
163 377
157 865
↓
ДЗО 
ПАО Россети
Внутренний оборот - выручка за услуги по передаче электрической энергии, учтенная в выручке за электроэнергию для конечных потребителей, при выполнении ДЗО функций гарантирующего поставщика
Подписи данных
⬤Отклонение
АО "РЭС"
АО «Тываэнерго»
АО «Чеченэнерго»
Россети Волга
Россети Кубань
Россети Ленэнерго (ГК)
Россети Московский регион
Россети Северный Кавказ (ГК)
Россети Северо-Запад
Россети Сибирь (ГК)
Россети Томск
Россети Тюмень
Россети Урал (ГК)
Россети ФСК ЕЭС
Россети Центр
Россети Центр и Приволжье (ГК)
Россети Юг (ГК)
Россети Янтарь
-1 200 млн.руб.
-1 000 млн.руб.
- 800 млн.руб.
- 600 млн.руб.
- 400 млн.руб.
- 200 млн.руб.
0 млн.руб.
200 млн.руб.
400 млн.руб.
600 млн.руб.
-73
23
-83
-295
-54
-403
-927
-606
-251
348
-58
-1 104
-474
-59
-675
-613
-191
-19
млн.
%
Выручка
Отклонение выручки по ПАО Россети за Январь 2025 года (факт/план, млн. руб)
ПАО Россети
-5 512.4 млн.руб.
 '

28-03-2025T08:16:23 - [MESSAGE][PASSED] - Text of object 'Object Repository/Выручка в рублях/График Отклонение выручки' is: 'Период
Январь 2025 года
Выручка
Все
Выполнение плановых показателей по ПАО Россети за Январь 2025 года
План
Факт
Динамика
2025 год
0 млн.руб.
20 000 млн.руб.
40 000 млн.руб.
60 000 млн.руб.
80 000 млн.руб.
100 000 млн.руб.
120 000 млн.руб.
140 000 млн.руб.
160 000 млн.руб.
180 000 млн.руб.
200 000 млн.руб.
163 377
157 865
↓
ДЗО 
ПАО Россети
Внутренний оборот - выручка за услуги по передаче электрической энергии, учтенная в выручке за электроэнергию для конечных потребителей, при выполнении ДЗО функций гарантирующего поставщика
Подписи данных
⬤Отклонение
АО "РЭС"
АО «Тываэнерго»
АО «Чеченэнерго»
Россети Волга
Россети Кубань
Россети Ленэнерго (ГК)
Россети Московский регион
Россети Северный Кавказ (ГК)
Россети Северо-Запад
Россети Сибирь (ГК)
Россети Томск
Россети Тюмень
Россети Урал (ГК)
Россети ФСК ЕЭС
Россети Центр
Россети Центр и Приволжье (ГК)
Россети Юг (ГК)
Россети Янтарь
-1 200 млн.руб.
-1 000 млн.руб.
- 800 млн.руб.
- 600 млн.руб.
- 400 млн.руб.
- 200 млн.руб.
0 млн.руб.
200 млн.руб.
400 млн.руб.
600 млн.руб.
-73
23
-83
-295
-54
-403
-927
-606
-251
348
-58
-1 104
-474
-59
-675
-613
-191
-19
млн.
%
Выручка
Отклонение выручки по ПАО Россети за Январь 2025 года (факт/план, млн. руб)
ПАО Россети
-5 512.4 млн.руб.
 '

28-03-2025T08:16:23 - [TEST_STEP][PASSED] - a3 = a3.substring(a3.lastIndexOf("Отклонение")): null

28-03-2025T08:16:23 - [TEST_STEP][PASSED] - click(findTestObject("Выручка в рублях/Переключить отображение с млн на проценты Выручка в рублях")): Object: 'Object Repository/Выручка в рублях/Переключить отображение с млн на проценты Выручка в рублях' is clicked on

28-03-2025T08:16:23 - [MESSAGE][PASSED] - Object: 'Object Repository/Выручка в рублях/Переключить отображение с млн на проценты Выручка в рублях' is clicked on

28-03-2025T08:16:23 - [TEST_STEP][PASSED] - a4 = getText(findTestObject("Выручка в рублях/График Отклонение выручки")): Text of object 'Object Repository/Выручка в рублях/График Отклонение выручки' is: 'Период
Январь 2025 года
Выручка
Все
Выполнение плановых показателей по ПАО Россети за Январь 2025 года
План
Факт
Динамика
2025 год
0 млн.руб.
20 000 млн.руб.
40 000 млн.руб.
60 000 млн.руб.
80 000 млн.руб.
100 000 млн.руб.
120 000 млн.руб.
140 000 млн.руб.
160 000 млн.руб.
180 000 млн.руб.
200 000 млн.руб.
163 377
157 865
↓
ДЗО 
ПАО Россети
Отклонение выручки по ПАО Россети за Январь 2025 года (факт/план, %)
ПАО Россети
-3.37 %
Внутренний оборот - выручка за услуги по передаче электрической энергии, учтенная в выручке за электроэнергию для конечных потребителей, при выполнении ДЗО функций гарантирующего поставщика
⬤Отклонение
АО "РЭС"
АО «Тываэнерго»
АО «Чеченэнерго»
Россети Волга
Россети Кубань
Россети Ленэнерго (ГК)
Россети Московский регион
Россети Северный Кавказ (ГК)
Россети Северо-Запад
Россети Сибирь (ГК)
Россети Томск
Россети Тюмень
Россети Урал (ГК)
Россети ФСК ЕЭС
Россети Центр
Россети Центр и Приволжье (ГК)
Россети Юг (ГК)
Россети Янтарь
-17 %
-15 %
-12 %
-10 %
-7 %
-5 %
-2 %
0 %
3 %
5 %
8 %
10 %
1…
-3.2 %
9.16 %
-15.18 %
-2.71 %
-0.69 %
-3.46 %
-4.13 %
-13.75 %
-3.55 %
3.18 %
-5.3 %
-10.64 %
-4.34 %
-0.21 %
-5.32 %
-4.49 %
-2.71 %
-1.75 %
Подписи данных
млн.
%
Выручка
 '

28-03-2025T08:16:24 - [MESSAGE][PASSED] - Text of object 'Object Repository/Выручка в рублях/График Отклонение выручки' is: 'Период
Январь 2025 года
Выручка
Все
Выполнение плановых показателей по ПАО Россети за Январь 2025 года
План
Факт
Динамика
2025 год
0 млн.руб.
20 000 млн.руб.
40 000 млн.руб.
60 000 млн.руб.
80 000 млн.руб.
100 000 млн.руб.
120 000 млн.руб.
140 000 млн.руб.
160 000 млн.руб.
180 000 млн.руб.
200 000 млн.руб.
163 377
157 865
↓
ДЗО 
ПАО Россети
Отклонение выручки по ПАО Россети за Январь 2025 года (факт/план, %)
ПАО Россети
-3.37 %
Внутренний оборот - выручка за услуги по передаче электрической энергии, учтенная в выручке за электроэнергию для конечных потребителей, при выполнении ДЗО функций гарантирующего поставщика
⬤Отклонение
АО "РЭС"
АО «Тываэнерго»
АО «Чеченэнерго»
Россети Волга
Россети Кубань
Россети Ленэнерго (ГК)
Россети Московский регион
Россети Северный Кавказ (ГК)
Россети Северо-Запад
Россети Сибирь (ГК)
Россети Томск
Россети Тюмень
Россети Урал (ГК)
Россети ФСК ЕЭС
Россети Центр
Россети Центр и Приволжье (ГК)
Россети Юг (ГК)
Россети Янтарь
-17 %
-15 %
-12 %
-10 %
-7 %
-5 %
-2 %
0 %
3 %
5 %
8 %
10 %
1…
-3.2 %
9.16 %
-15.18 %
-2.71 %
-0.69 %
-3.46 %
-4.13 %
-13.75 %
-3.55 %
3.18 %
-5.3 %
-10.64 %
-4.34 %
-0.21 %
-5.32 %
-4.49 %
-2.71 %
-1.75 %
Подписи данных
млн.
%
Выручка
 '

28-03-2025T08:16:24 - [TEST_STEP][PASSED] - a4 = a4.substring(a4.lastIndexOf("Отклонение")): null

28-03-2025T08:16:24 - [TEST_STEP][PASSED] - click(findTestObject("Выручка в рублях/Переключить отображение с процентов на млн Выручка в рублях")): Object: 'Object Repository/Выручка в рублях/Переключить отображение с процентов на млн Выручка в рублях' is clicked on

28-03-2025T08:16:24 - [MESSAGE][PASSED] - Object: 'Object Repository/Выручка в рублях/Переключить отображение с процентов на млн Выручка в рублях' is clicked on

28-03-2025T08:16:24 - [TEST_STEP][PASSED] - n = n + 3: null

28-03-2025T08:16:24 - [TEST_STEP][PASSED] - Script1686231490255.WriteToExcel(user, dashboardName, n, data, run, a1, a2, a3, a4, a5, a6, a7, a8, a9): null

28-03-2025T08:16:24 - [TEST_STEP][PASSED] - sheetName = "Sheet1": null

28-03-2025T08:16:24 - [TEST_STEP][PASSED] - workbook01 = getWorkbook(excelFilePath): null

28-03-2025T08:16:24 - [TEST_STEP][PASSED] - sheet01 = getExcelSheet(workbook01, sheetName): null

28-03-2025T08:16:24 - [TEST_STEP][PASSED] - setValueToCellByIndex(sheet01, n, 0, dashboardName): null

28-03-2025T08:16:24 - [TEST_STEP][PASSED] - setValueToCellByIndex(sheet01, n, 10, user): null

28-03-2025T08:16:24 - [TEST_STEP][PASSED] - setValueToCellByIndex(sheet01, n, 1, a1): null

28-03-2025T08:16:24 - [TEST_STEP][PASSED] - setValueToCellByIndex(sheet01, n, 2, a2): null

28-03-2025T08:16:24 - [TEST_STEP][PASSED] - setValueToCellByIndex(sheet01, n, 3, a3): null

28-03-2025T08:16:24 - [TEST_STEP][PASSED] - setValueToCellByIndex(sheet01, n, 4, a4): null

28-03-2025T08:16:24 - [TEST_STEP][PASSED] - setValueToCellByIndex(sheet01, n, 5, a5): null

28-03-2025T08:16:24 - [TEST_STEP][PASSED] - setValueToCellByIndex(sheet01, n, 6, a6): null

28-03-2025T08:16:24 - [TEST_STEP][PASSED] - setValueToCellByIndex(sheet01, n, 7, a7): null

28-03-2025T08:16:24 - [TEST_STEP][PASSED] - setValueToCellByIndex(sheet01, n, 8, a8): null

28-03-2025T08:16:24 - [TEST_STEP][PASSED] - setValueToCellByIndex(sheet01, n, 9, a9): null

28-03-2025T08:16:24 - [TEST_STEP][PASSED] - n = n + 1: null

28-03-2025T08:16:24 - [TEST_STEP][PASSED] - saveWorkbook(excelFilePath, workbook01): null

28-03-2025T08:16:24 - [TEST_STEP][PASSED] - if (run == 2): null

28-03-2025T08:16:24 - [TEST_STEP][PASSED] - if (run == 3): null

28-03-2025T08:16:24 - [TEST_STEP][PASSED] - closeBrowser(): null

28-03-2025T08:16:25 - [MESSAGE][PASSED] - Browser is closed

28-03-2025T08:16:25 - [TEST_STEP][PASSED] - ViruchkaVRublyah(user, dashboardName, n, data, run, a1, a2, a3, a4, a5, a6, a7, a8, a9, urlData): null

28-03-2025T08:16:25 - [TEST_STEP][PASSED] - n = data.getRowNumbers() + 1: null

28-03-2025T08:16:25 - [TEST_STEP][PASSED] - println(n): null

28-03-2025T08:16:25 - [TEST_STEP][PASSED] - dashboardName = "Вырука в рублях": null

28-03-2025T08:16:25 - [TEST_STEP][PASSED] - openBrowser(""): Browser is opened with url: ''

28-03-2025T08:16:25 - [MESSAGE][INFO] - Starting 'Chrome' driver

28-03-2025T08:16:25 - [MESSAGE][INFO] - Action delay is set to 0 milliseconds

28-03-2025T08:16:26 - [MESSAGE][PASSED] - Browser is opened with url: ''

28-03-2025T08:16:26 - [TEST_STEP][PASSED] - urlData = 2: null

28-03-2025T08:16:26 - [TEST_STEP][PASSED] - Script1686231490255.CheckPageDownload(urlData, run): null

28-03-2025T08:16:26 - [TEST_STEP][PASSED] - i = 1: null

28-03-2025T08:16:26 - [TEST_STEP][PASSED] - ii = 0: null

28-03-2025T08:16:26 - [TEST_STEP][PASSED] - urlText = <not implemented yet for class: org.codehaus.groovy.ast.expr.EmptyExpression>: null

28-03-2025T08:16:26 - [TEST_STEP][PASSED] - searchWord = <not implemented yet for class: org.codehaus.groovy.ast.expr.EmptyExpression>: null

28-03-2025T08:16:26 - [TEST_STEP][PASSED] - deleteAllCookies(): Delete all cookies successfully

28-03-2025T08:16:26 - [MESSAGE][PASSED] - Delete all cookies successfully

28-03-2025T08:16:26 - [TEST_STEP][PASSED] - refresh(): Refresh successfully

28-03-2025T08:16:26 - [MESSAGE][PASSED] - Refresh successfully

28-03-2025T08:16:26 - [TEST_STEP][PASSED] - delay(70): Delayed 70 second(s)

28-03-2025T08:17:36 - [MESSAGE][PASSED] - Delayed 70 second(s)

28-03-2025T08:17:36 - [TEST_STEP][PASSED] - navigateToUrl(findTestData("PlanFact").getValue(10, urlData)): Navigate to 'https://bi.rosseti.digital/viewer?dashboardGuid=2301950b23be4ed89c1df75f2020051e&sheetGuid=b723206f698544fb87299f3095c00435&fit=true' successfully

28-03-2025T08:17:45 - [MESSAGE][PASSED] - Navigate to 'https://bi.rosseti.digital/viewer?dashboardGuid=2301950b23be4ed89c1df75f2020051e&sheetGuid=b723206f698544fb87299f3095c00435&fit=true' successfully

28-03-2025T08:17:45 - [TEST_STEP][PASSED] - pageLoaded1 = verifyElementPresent(findTestObject("Страница авторизации/Text"), 30): Object 'Object Repository/Страница авторизации/Text' is present

28-03-2025T08:17:46 - [MESSAGE][PASSED] - Object 'Object Repository/Страница авторизации/Text' is present

28-03-2025T08:17:46 - [TEST_STEP][PASSED] - if (pageLoaded1 == false): null

28-03-2025T08:17:46 - [TEST_STEP][PASSED] - urlText = getText(findTestObject("Страница авторизации/Text")): Text of object 'Object Repository/Страница авторизации/Text' is: 'Вход'

28-03-2025T08:17:47 - [MESSAGE][PASSED] - Text of object 'Object Repository/Страница авторизации/Text' is: 'Вход'

28-03-2025T08:17:47 - [TEST_STEP][PASSED] - delay(70): Delayed 70 second(s)

28-03-2025T08:18:57 - [MESSAGE][PASSED] - Delayed 70 second(s)

28-03-2025T08:18:57 - [TEST_STEP][PASSED] - searchWord = "Вход": null

28-03-2025T08:18:57 - [TEST_STEP][PASSED] - if (urlText.contains(searchWord) == false): null

28-03-2025T08:18:57 - [TEST_STEP][PASSED] - setText(findTestObject("Страница авторизации/input__username"), findTestData("PlanFact").getValue(8, run)): Text 'Andreeva-EV' is set on object 'Object Repository/Страница авторизации/input__username'

28-03-2025T08:18:57 - [MESSAGE][PASSED] - Text 'Andreeva-EV' is set on object 'Object Repository/Страница авторизации/input__username'

28-03-2025T08:18:57 - [TEST_STEP][PASSED] - setText(findTestObject("Страница авторизации/input__password"), findTestData("PlanFact").getValue(9, run)): Text '2nPePKDwCPH3ul7xMZ' is set on object 'Object Repository/Страница авторизации/input__password'

28-03-2025T08:18:58 - [MESSAGE][PASSED] - Text '2nPePKDwCPH3ul7xMZ' is set on object 'Object Repository/Страница авторизации/input__password'

28-03-2025T08:18:58 - [TEST_STEP][PASSED] - click(findTestObject("Страница авторизации/button_")): Object: 'Object Repository/Страница авторизации/button_' is clicked on

28-03-2025T08:18:59 - [MESSAGE][PASSED] - Object: 'Object Repository/Страница авторизации/button_' is clicked on

28-03-2025T08:18:59 - [TEST_STEP][PASSED] - delay(70): Delayed 70 second(s)

28-03-2025T08:20:09 - [MESSAGE][PASSED] - Delayed 70 second(s)

28-03-2025T08:20:09 - [TEST_STEP][PASSED] - searchWord = "а": null

28-03-2025T08:20:09 - [TEST_STEP][PASSED] - pageLoaded2 = verifyElementPresent(findTestObject("Страница авторизации/Text"), 50): Object 'Object Repository/Страница авторизации/Text' is present

28-03-2025T08:20:10 - [MESSAGE][PASSED] - Object 'Object Repository/Страница авторизации/Text' is present

28-03-2025T08:20:10 - [TEST_STEP][PASSED] - if (pageLoaded2 == false): null

28-03-2025T08:20:10 - [TEST_STEP][PASSED] - urlText = getText(findTestObject("Страница авторизации/Text")): Text of object 'Object Repository/Страница авторизации/Text' is: 'Период
Январь, Февраль 2025 года
Выручка
Все
Выполнение плановых показателей по ПАО Россети за Январь, Февраль 2025 года
План
Факт
Динамика
2025 год
0 млн.руб.
25 000 млн.руб.
50 000 млн.руб.
75 000 млн.руб.
100 000 млн.руб.
125 000 млн.руб.
150 000 млн.руб.
175 000 млн.руб.
200 000 млн.руб.
225 000 млн.руб.
250 000 млн.руб.
275 000 млн.руб.
300 000 млн.руб.
325 000 млн.руб.
350 000 млн.руб.
375 000 млн.руб.
318 025
265 457
↓
ДЗО 
ПАО Россети
Внутренний оборот - выручка за услуги по передаче электрической энергии, учтенная в выручке за электроэнергию для конечных потребителей, при выполнении ДЗО функций гарантирующего поставщика
Подписи данных
⬤Отклонение
АО "РЭС"
АО «Тываэнерго»
АО «Чеченэнерго»
Россети Волга
Россети Кубань
Россети Ленэнерго (ГК)
Россети Московский регион
Россети Северный Кавказ (ГК)
Россети Северо-Запад
Россети Сибирь (ГК)
Россети Томск
Россети Тюмень
Россети Урал (ГК)
Россети ФСК ЕЭС
Россети Центр
Россети Центр и Приволжье (ГК)
Россети Юг (ГК)
Россети Янтарь
-30 000млн.руб.
-25 000млн.руб.
-20 000млн.руб.
-15 000млн.руб.
-10 000млн.руб.
-5 000млн.руб.
0 млн.руб.
5 00…
-170
-229
-76
-1 936
552
-244
-1 353
-805
-232
-7 939
-47
-10 407
-701
-28 384
-520
-197
68
50
млн.
%
Выручка
Отклонение выручки по ПАО Россети за Январь, Февраль 2025 года (факт/план, млн. руб)
ПАО Россети
-52 568 млн.руб.
 '

28-03-2025T08:20:11 - [MESSAGE][PASSED] - Text of object 'Object Repository/Страница авторизации/Text' is: 'Период
Январь, Февраль 2025 года
Выручка
Все
Выполнение плановых показателей по ПАО Россети за Январь, Февраль 2025 года
План
Факт
Динамика
2025 год
0 млн.руб.
25 000 млн.руб.
50 000 млн.руб.
75 000 млн.руб.
100 000 млн.руб.
125 000 млн.руб.
150 000 млн.руб.
175 000 млн.руб.
200 000 млн.руб.
225 000 млн.руб.
250 000 млн.руб.
275 000 млн.руб.
300 000 млн.руб.
325 000 млн.руб.
350 000 млн.руб.
375 000 млн.руб.
318 025
265 457
↓
ДЗО 
ПАО Россети
Внутренний оборот - выручка за услуги по передаче электрической энергии, учтенная в выручке за электроэнергию для конечных потребителей, при выполнении ДЗО функций гарантирующего поставщика
Подписи данных
⬤Отклонение
АО "РЭС"
АО «Тываэнерго»
АО «Чеченэнерго»
Россети Волга
Россети Кубань
Россети Ленэнерго (ГК)
Россети Московский регион
Россети Северный Кавказ (ГК)
Россети Северо-Запад
Россети Сибирь (ГК)
Россети Томск
Россети Тюмень
Россети Урал (ГК)
Россети ФСК ЕЭС
Россети Центр
Россети Центр и Приволжье (ГК)
Россети Юг (ГК)
Россети Янтарь
-30 000млн.руб.
-25 000млн.руб.
-20 000млн.руб.
-15 000млн.руб.
-10 000млн.руб.
-5 000млн.руб.
0 млн.руб.
5 00…
-170
-229
-76
-1 936
552
-244
-1 353
-805
-232
-7 939
-47
-10 407
-701
-28 384
-520
-197
68
50
млн.
%
Выручка
Отклонение выручки по ПАО Россети за Январь, Февраль 2025 года (факт/план, млн. руб)
ПАО Россети
-52 568 млн.руб.
 '

28-03-2025T08:20:11 - [TEST_STEP][PASSED] - if (urlText.contains("ошибка") || urlText.contains(searchWord) == false): null

28-03-2025T08:20:11 - [TEST_STEP][PASSED] - click(findTestObject("Выручка в рублях/Фильтр Период")): Object: 'Object Repository/Выручка в рублях/Фильтр Период' is clicked on

28-03-2025T08:20:11 - [MESSAGE][PASSED] - Object: 'Object Repository/Выручка в рублях/Фильтр Период' is clicked on

28-03-2025T08:20:11 - [TEST_STEP][PASSED] - click(findTestObject("Выручка в рублях/Снять выделение в фильтре Дата")): Object: 'Object Repository/Выручка в рублях/Снять выделение в фильтре Дата' is clicked on

28-03-2025T08:20:12 - [MESSAGE][PASSED] - Object: 'Object Repository/Выручка в рублях/Снять выделение в фильтре Дата' is clicked on

28-03-2025T08:20:12 - [TEST_STEP][PASSED] - click(findTestObject("Выручка в рублях/Применить в фильтре Дата")): Object: 'Object Repository/Выручка в рублях/Применить в фильтре Дата' is clicked on

28-03-2025T08:20:12 - [MESSAGE][PASSED] - Object: 'Object Repository/Выручка в рублях/Применить в фильтре Дата' is clicked on

28-03-2025T08:20:12 - [TEST_STEP][PASSED] - click(findTestObject("Выручка в рублях/Фильтр Период")): Object: 'Object Repository/Выручка в рублях/Фильтр Период' is clicked on

28-03-2025T08:20:14 - [MESSAGE][PASSED] - Object: 'Object Repository/Выручка в рублях/Фильтр Период' is clicked on

28-03-2025T08:20:14 - [TEST_STEP][PASSED] - click(findTestObject("Выручка в рублях/Снять выделение в фильтре Дата")): Object: 'Object Repository/Выручка в рублях/Снять выделение в фильтре Дата' is clicked on

28-03-2025T08:20:15 - [MESSAGE][PASSED] - Object: 'Object Repository/Выручка в рублях/Снять выделение в фильтре Дата' is clicked on

28-03-2025T08:20:15 - [TEST_STEP][PASSED] - scrollToElement(findTestObject("Выручка в рублях/2025 список"), 30): Scroll to object 'Object Repository/Выручка в рублях/2025 список' successfully

28-03-2025T08:20:15 - [MESSAGE][PASSED] - Scroll to object 'Object Repository/Выручка в рублях/2025 список' successfully

28-03-2025T08:20:15 - [TEST_STEP][PASSED] - click(findTestObject("Выручка в рублях/2025 список")): Object: 'Object Repository/Выручка в рублях/2025 список' is clicked on

28-03-2025T08:20:15 - [MESSAGE][PASSED] - Object: 'Object Repository/Выручка в рублях/2025 список' is clicked on

28-03-2025T08:20:15 - [TEST_STEP][PASSED] - scrollToElement(findTestObject("Выручка в рублях/1 квартал 2025 список"), 30): Scroll to object 'Object Repository/Выручка в рублях/1 квартал 2025 список' successfully

28-03-2025T08:20:16 - [MESSAGE][PASSED] - Scroll to object 'Object Repository/Выручка в рублях/1 квартал 2025 список' successfully

28-03-2025T08:20:16 - [TEST_STEP][PASSED] - click(findTestObject("Выручка в рублях/1 квартал 2025 список"), CONTINUE_ON_FAILURE): Object: 'Object Repository/Выручка в рублях/1 квартал 2025 список' is clicked on

28-03-2025T08:20:16 - [MESSAGE][PASSED] - Object: 'Object Repository/Выручка в рублях/1 квартал 2025 список' is clicked on

28-03-2025T08:20:16 - [TEST_STEP][PASSED] - scrollToElement(findTestObject("Выручка в рублях/Январь 2025"), 30): Scroll to object 'Object Repository/Выручка в рублях/Январь 2025' successfully

28-03-2025T08:20:16 - [MESSAGE][PASSED] - Scroll to object 'Object Repository/Выручка в рублях/Январь 2025' successfully

28-03-2025T08:20:16 - [TEST_STEP][PASSED] - click(findTestObject("Выручка в рублях/Январь 2025"), CONTINUE_ON_FAILURE): Object: 'Object Repository/Выручка в рублях/Январь 2025' is clicked on

28-03-2025T08:20:17 - [MESSAGE][PASSED] - Object: 'Object Repository/Выручка в рублях/Январь 2025' is clicked on

28-03-2025T08:20:17 - [TEST_STEP][PASSED] - click(findTestObject("Выручка в рублях/Применить в фильтре Дата")): Object: 'Object Repository/Выручка в рублях/Применить в фильтре Дата' is clicked on

28-03-2025T08:20:17 - [MESSAGE][PASSED] - Object: 'Object Repository/Выручка в рублях/Применить в фильтре Дата' is clicked on

28-03-2025T08:20:17 - [TEST_STEP][PASSED] - scrollToElement(findTestObject("Выручка в рублях/Заголовок дашборда"), 30): Scroll to object 'Object Repository/Выручка в рублях/Заголовок дашборда' successfully

28-03-2025T08:20:18 - [MESSAGE][PASSED] - Scroll to object 'Object Repository/Выручка в рублях/Заголовок дашборда' successfully

28-03-2025T08:20:18 - [TEST_STEP][PASSED] - delay(70): Delayed 70 second(s)

28-03-2025T08:21:28 - [MESSAGE][PASSED] - Delayed 70 second(s)

28-03-2025T08:21:28 - [TEST_STEP][PASSED] - a5 = "": null

28-03-2025T08:21:28 - [TEST_STEP][PASSED] - a6 = "": null

28-03-2025T08:21:28 - [TEST_STEP][PASSED] - a7 = "": null

28-03-2025T08:21:28 - [TEST_STEP][PASSED] - a8 = "": null

28-03-2025T08:21:28 - [TEST_STEP][PASSED] - a9 = "": null

28-03-2025T08:21:28 - [TEST_STEP][PASSED] - if (run == 1): null

28-03-2025T08:21:28 - [TEST_STEP][PASSED] - if (run == 2): null

28-03-2025T08:21:28 - [TEST_STEP][PASSED] - user = "Андреева": null

28-03-2025T08:21:28 - [TEST_STEP][PASSED] - a1 = getText(findTestObject("Выручка в рублях/График План")): Text of object 'Object Repository/Выручка в рублях/График План' is: '163 377'

28-03-2025T08:21:28 - [MESSAGE][PASSED] - Text of object 'Object Repository/Выручка в рублях/График План' is: '163 377'

28-03-2025T08:21:28 - [TEST_STEP][PASSED] - a2 = getText(findTestObject("Выручка в рублях/График Факт")): Text of object 'Object Repository/Выручка в рублях/График Факт' is: '157 865'

28-03-2025T08:21:29 - [MESSAGE][PASSED] - Text of object 'Object Repository/Выручка в рублях/График Факт' is: '157 865'

28-03-2025T08:21:29 - [TEST_STEP][PASSED] - a3 = getText(findTestObject("Выручка в рублях/График Отклонение выручки")): Text of object 'Object Repository/Выручка в рублях/График Отклонение выручки' is: 'Период
Январь 2025 года
Выручка
Все
Выполнение плановых показателей по ПАО Россети за Январь 2025 года
План
Факт
Динамика
2025 год
0 млн.руб.
20 000 млн.руб.
40 000 млн.руб.
60 000 млн.руб.
80 000 млн.руб.
100 000 млн.руб.
120 000 млн.руб.
140 000 млн.руб.
160 000 млн.руб.
180 000 млн.руб.
200 000 млн.руб.
163 377
157 865
↓
ДЗО 
ПАО Россети
Внутренний оборот - выручка за услуги по передаче электрической энергии, учтенная в выручке за электроэнергию для конечных потребителей, при выполнении ДЗО функций гарантирующего поставщика
Подписи данных
⬤Отклонение
АО "РЭС"
АО «Тываэнерго»
АО «Чеченэнерго»
Россети Волга
Россети Кубань
Россети Ленэнерго (ГК)
Россети Московский регион
Россети Северный Кавказ (ГК)
Россети Северо-Запад
Россети Сибирь (ГК)
Россети Томск
Россети Тюмень
Россети Урал (ГК)
Россети ФСК ЕЭС
Россети Центр
Россети Центр и Приволжье (ГК)
Россети Юг (ГК)
Россети Янтарь
-1 200 млн.руб.
-1 000 млн.руб.
- 800 млн.руб.
- 600 млн.руб.
- 400 млн.руб.
- 200 млн.руб.
0 млн.руб.
200 млн.руб.
400 млн.руб.
600 млн.руб.
-73
23
-83
-295
-54
-403
-927
-606
-251
348
-58
-1 104
-474
-59
-675
-613
-191
-19
млн.
%
Выручка
Отклонение выручки по ПАО Россети за Январь 2025 года (факт/план, млн. руб)
ПАО Россети
-5 512.4 млн.руб.
 '

28-03-2025T08:21:29 - [MESSAGE][PASSED] - Text of object 'Object Repository/Выручка в рублях/График Отклонение выручки' is: 'Период
Январь 2025 года
Выручка
Все
Выполнение плановых показателей по ПАО Россети за Январь 2025 года
План
Факт
Динамика
2025 год
0 млн.руб.
20 000 млн.руб.
40 000 млн.руб.
60 000 млн.руб.
80 000 млн.руб.
100 000 млн.руб.
120 000 млн.руб.
140 000 млн.руб.
160 000 млн.руб.
180 000 млн.руб.
200 000 млн.руб.
163 377
157 865
↓
ДЗО 
ПАО Россети
Внутренний оборот - выручка за услуги по передаче электрической энергии, учтенная в выручке за электроэнергию для конечных потребителей, при выполнении ДЗО функций гарантирующего поставщика
Подписи данных
⬤Отклонение
АО "РЭС"
АО «Тываэнерго»
АО «Чеченэнерго»
Россети Волга
Россети Кубань
Россети Ленэнерго (ГК)
Россети Московский регион
Россети Северный Кавказ (ГК)
Россети Северо-Запад
Россети Сибирь (ГК)
Россети Томск
Россети Тюмень
Россети Урал (ГК)
Россети ФСК ЕЭС
Россети Центр
Россети Центр и Приволжье (ГК)
Россети Юг (ГК)
Россети Янтарь
-1 200 млн.руб.
-1 000 млн.руб.
- 800 млн.руб.
- 600 млн.руб.
- 400 млн.руб.
- 200 млн.руб.
0 млн.руб.
200 млн.руб.
400 млн.руб.
600 млн.руб.
-73
23
-83
-295
-54
-403
-927
-606
-251
348
-58
-1 104
-474
-59
-675
-613
-191
-19
млн.
%
Выручка
Отклонение выручки по ПАО Россети за Январь 2025 года (факт/план, млн. руб)
ПАО Россети
-5 512.4 млн.руб.
 '

28-03-2025T08:21:29 - [TEST_STEP][PASSED] - a3 = a3.substring(a3.lastIndexOf("Отклонение")): null

28-03-2025T08:21:29 - [TEST_STEP][PASSED] - click(findTestObject("Выручка в рублях/Переключить отображение с млн на проценты Выручка в рублях")): Object: 'Object Repository/Выручка в рублях/Переключить отображение с млн на проценты Выручка в рублях' is clicked on

28-03-2025T08:21:30 - [MESSAGE][PASSED] - Object: 'Object Repository/Выручка в рублях/Переключить отображение с млн на проценты Выручка в рублях' is clicked on

28-03-2025T08:21:30 - [TEST_STEP][PASSED] - a4 = getText(findTestObject("Выручка в рублях/График Отклонение выручки")): Text of object 'Object Repository/Выручка в рублях/График Отклонение выручки' is: 'Период
Январь 2025 года
Выручка
Все
Выполнение плановых показателей по ПАО Россети за Январь 2025 года
План
Факт
Динамика
2025 год
0 млн.руб.
20 000 млн.руб.
40 000 млн.руб.
60 000 млн.руб.
80 000 млн.руб.
100 000 млн.руб.
120 000 млн.руб.
140 000 млн.руб.
160 000 млн.руб.
180 000 млн.руб.
200 000 млн.руб.
163 377
157 865
↓
ДЗО 
ПАО Россети
Отклонение выручки по ПАО Россети за Январь 2025 года (факт/план, %)
ПАО Россети
-3.37 %
Внутренний оборот - выручка за услуги по передаче электрической энергии, учтенная в выручке за электроэнергию для конечных потребителей, при выполнении ДЗО функций гарантирующего поставщика
⬤Отклонение
АО "РЭС"
АО «Тываэнерго»
АО «Чеченэнерго»
Россети Волга
Россети Кубань
Россети Ленэнерго (ГК)
Россети Московский регион
Россети Северный Кавказ (ГК)
Россети Северо-Запад
Россети Сибирь (ГК)
Россети Томск
Россети Тюмень
Россети Урал (ГК)
Россети ФСК ЕЭС
Россети Центр
Россети Центр и Приволжье (ГК)
Россети Юг (ГК)
Россети Янтарь
-17 %
-15 %
-12 %
-10 %
-7 %
-5 %
-2 %
0 %
3 %
5 %
8 %
10 %
1…
-3.2 %
9.16 %
-15.18 %
-2.71 %
-0.69 %
-3.46 %
-4.13 %
-13.75 %
-3.55 %
3.18 %
-5.3 %
-10.64 %
-4.34 %
-0.21 %
-5.32 %
-4.49 %
-2.71 %
-1.75 %
Подписи данных
млн.
%
Выручка
 '

28-03-2025T08:21:30 - [MESSAGE][PASSED] - Text of object 'Object Repository/Выручка в рублях/График Отклонение выручки' is: 'Период
Январь 2025 года
Выручка
Все
Выполнение плановых показателей по ПАО Россети за Январь 2025 года
План
Факт
Динамика
2025 год
0 млн.руб.
20 000 млн.руб.
40 000 млн.руб.
60 000 млн.руб.
80 000 млн.руб.
100 000 млн.руб.
120 000 млн.руб.
140 000 млн.руб.
160 000 млн.руб.
180 000 млн.руб.
200 000 млн.руб.
163 377
157 865
↓
ДЗО 
ПАО Россети
Отклонение выручки по ПАО Россети за Январь 2025 года (факт/план, %)
ПАО Россети
-3.37 %
Внутренний оборот - выручка за услуги по передаче электрической энергии, учтенная в выручке за электроэнергию для конечных потребителей, при выполнении ДЗО функций гарантирующего поставщика
⬤Отклонение
АО "РЭС"
АО «Тываэнерго»
АО «Чеченэнерго»
Россети Волга
Россети Кубань
Россети Ленэнерго (ГК)
Россети Московский регион
Россети Северный Кавказ (ГК)
Россети Северо-Запад
Россети Сибирь (ГК)
Россети Томск
Россети Тюмень
Россети Урал (ГК)
Россети ФСК ЕЭС
Россети Центр
Россети Центр и Приволжье (ГК)
Россети Юг (ГК)
Россети Янтарь
-17 %
-15 %
-12 %
-10 %
-7 %
-5 %
-2 %
0 %
3 %
5 %
8 %
10 %
1…
-3.2 %
9.16 %
-15.18 %
-2.71 %
-0.69 %
-3.46 %
-4.13 %
-13.75 %
-3.55 %
3.18 %
-5.3 %
-10.64 %
-4.34 %
-0.21 %
-5.32 %
-4.49 %
-2.71 %
-1.75 %
Подписи данных
млн.
%
Выручка
 '

28-03-2025T08:21:30 - [TEST_STEP][PASSED] - a4 = a4.substring(a4.lastIndexOf("Отклонение")): null

28-03-2025T08:21:30 - [TEST_STEP][PASSED] - click(findTestObject("Выручка в рублях/Переключить отображение с процентов на млн Выручка в рублях")): Object: 'Object Repository/Выручка в рублях/Переключить отображение с процентов на млн Выручка в рублях' is clicked on

28-03-2025T08:21:31 - [MESSAGE][PASSED] - Object: 'Object Repository/Выручка в рублях/Переключить отображение с процентов на млн Выручка в рублях' is clicked on

28-03-2025T08:21:31 - [TEST_STEP][PASSED] - n = n + 4: null

28-03-2025T08:21:31 - [TEST_STEP][PASSED] - b = n - run + 1: null

28-03-2025T08:21:31 - [TEST_STEP][PASSED] - verifyEqual(findTestData("PlanFact").getValue(2, b), a1): Actual object '163 377' and expected object '163 377' are equal

28-03-2025T08:21:31 - [MESSAGE][PASSED] - Actual object '163 377' and expected object '163 377' are equal

28-03-2025T08:21:31 - [TEST_STEP][PASSED] - verifyEqual(findTestData("PlanFact").getValue(3, b), a2): Actual object '157 865' and expected object '157 865' are equal

28-03-2025T08:21:31 - [MESSAGE][PASSED] - Actual object '157 865' and expected object '157 865' are equal

28-03-2025T08:21:31 - [TEST_STEP][PASSED] - verifyEqual(findTestData("PlanFact").getValue(4, b), a3): Actual object 'Отклонение выручки по ПАО Россети за Январь 2025 года (факт/план, млн. руб)
ПАО Россети
-5 512.4 млн.руб.
 ' and expected object 'Отклонение выручки по ПАО Россети за Январь 2025 года (факт/план, млн. руб)
ПАО Россети
-5 512.4 млн.руб.
 ' are equal

28-03-2025T08:21:31 - [MESSAGE][PASSED] - Actual object 'Отклонение выручки по ПАО Россети за Январь 2025 года (факт/план, млн. руб)
ПАО Россети
-5 512.4 млн.руб.
 ' and expected object 'Отклонение выручки по ПАО Россети за Январь 2025 года (факт/план, млн. руб)
ПАО Россети
-5 512.4 млн.руб.
 ' are equal

28-03-2025T08:21:31 - [TEST_STEP][PASSED] - verifyEqual(findTestData("PlanFact").getValue(5, b), a4): Actual object 'Отклонение
АО "РЭС"
АО «Тываэнерго»
АО «Чеченэнерго»
Россети Волга
Россети Кубань
Россети Ленэнерго (ГК)
Россети Московский регион
Россети Северный Кавказ (ГК)
Россети Северо-Запад
Россети Сибирь (ГК)
Россети Томск
Россети Тюмень
Россети Урал (ГК)
Россети ФСК ЕЭС
Россети Центр
Россети Центр и Приволжье (ГК)
Россети Юг (ГК)
Россети Янтарь
-17 %
-15 %
-12 %
-10 %
-7 %
-5 %
-2 %
0 %
3 %
5 %
8 %
10 %
1…
-3.2 %
9.16 %
-15.18 %
-2.71 %
-0.69 %
-3.46 %
-4.13 %
-13.75 %
-3.55 %
3.18 %
-5.3 %
-10.64 %
-4.34 %
-0.21 %
-5.32 %
-4.49 %
-2.71 %
-1.75 %
Подписи данных
млн.
%
Выручка
 ' and expected object 'Отклонение
АО "РЭС"
АО «Тываэнерго»
АО «Чеченэнерго»
Россети Волга
Россети Кубань
Россети Ленэнерго (ГК)
Россети Московский регион
Россети Северный Кавказ (ГК)
Россети Северо-Запад
Россети Сибирь (ГК)
Россети Томск
Россети Тюмень
Россети Урал (ГК)
Россети ФСК ЕЭС
Россети Центр
Россети Центр и Приволжье (ГК)
Россети Юг (ГК)
Россети Янтарь
-17 %
-15 %
-12 %
-10 %
-7 %
-5 %
-2 %
0 %
3 %
5 %
8 %
10 %
1…
-3.2 %
9.16 %
-15.18 %
-2.71 %
-0.69 %
-3.46 %
-4.13 %
-13.75 %
-3.55 %
3.18 %
-5.3 %
-10.64 %
-4.34 %
-0.21 %
-5.32 %
-4.49 %
-2.71 %
-1.75 %
Подписи данных
млн.
%
Выручка
 ' are equal

28-03-2025T08:21:31 - [MESSAGE][PASSED] - Actual object 'Отклонение
АО "РЭС"
АО «Тываэнерго»
АО «Чеченэнерго»
Россети Волга
Россети Кубань
Россети Ленэнерго (ГК)
Россети Московский регион
Россети Северный Кавказ (ГК)
Россети Северо-Запад
Россети Сибирь (ГК)
Россети Томск
Россети Тюмень
Россети Урал (ГК)
Россети ФСК ЕЭС
Россети Центр
Россети Центр и Приволжье (ГК)
Россети Юг (ГК)
Россети Янтарь
-17 %
-15 %
-12 %
-10 %
-7 %
-5 %
-2 %
0 %
3 %
5 %
8 %
10 %
1…
-3.2 %
9.16 %
-15.18 %
-2.71 %
-0.69 %
-3.46 %
-4.13 %
-13.75 %
-3.55 %
3.18 %
-5.3 %
-10.64 %
-4.34 %
-0.21 %
-5.32 %
-4.49 %
-2.71 %
-1.75 %
Подписи данных
млн.
%
Выручка
 ' and expected object 'Отклонение
АО "РЭС"
АО «Тываэнерго»
АО «Чеченэнерго»
Россети Волга
Россети Кубань
Россети Ленэнерго (ГК)
Россети Московский регион
Россети Северный Кавказ (ГК)
Россети Северо-Запад
Россети Сибирь (ГК)
Россети Томск
Россети Тюмень
Россети Урал (ГК)
Россети ФСК ЕЭС
Россети Центр
Россети Центр и Приволжье (ГК)
Россети Юг (ГК)
Россети Янтарь
-17 %
-15 %
-12 %
-10 %
-7 %
-5 %
-2 %
0 %
3 %
5 %
8 %
10 %
1…
-3.2 %
9.16 %
-15.18 %
-2.71 %
-0.69 %
-3.46 %
-4.13 %
-13.75 %
-3.55 %
3.18 %
-5.3 %
-10.64 %
-4.34 %
-0.21 %
-5.32 %
-4.49 %
-2.71 %
-1.75 %
Подписи данных
млн.
%
Выручка
 ' are equal

28-03-2025T08:21:31 - [TEST_STEP][PASSED] - Script1686231490255.WriteToExcel(user, dashboardName, n, data, run, a1, a2, a3, a4, a5, a6, a7, a8, a9): null

28-03-2025T08:21:31 - [TEST_STEP][PASSED] - sheetName = "Sheet1": null

28-03-2025T08:21:31 - [TEST_STEP][PASSED] - workbook01 = getWorkbook(excelFilePath): null

28-03-2025T08:21:31 - [TEST_STEP][PASSED] - sheet01 = getExcelSheet(workbook01, sheetName): null

28-03-2025T08:21:31 - [TEST_STEP][PASSED] - setValueToCellByIndex(sheet01, n, 0, dashboardName): null

28-03-2025T08:21:31 - [TEST_STEP][PASSED] - setValueToCellByIndex(sheet01, n, 10, user): null

28-03-2025T08:21:31 - [TEST_STEP][PASSED] - setValueToCellByIndex(sheet01, n, 1, a1): null

28-03-2025T08:21:31 - [TEST_STEP][PASSED] - setValueToCellByIndex(sheet01, n, 2, a2): null

28-03-2025T08:21:31 - [TEST_STEP][PASSED] - setValueToCellByIndex(sheet01, n, 3, a3): null

28-03-2025T08:21:31 - [TEST_STEP][PASSED] - setValueToCellByIndex(sheet01, n, 4, a4): null

28-03-2025T08:21:31 - [TEST_STEP][PASSED] - setValueToCellByIndex(sheet01, n, 5, a5): null

28-03-2025T08:21:31 - [TEST_STEP][PASSED] - setValueToCellByIndex(sheet01, n, 6, a6): null

28-03-2025T08:21:31 - [TEST_STEP][PASSED] - setValueToCellByIndex(sheet01, n, 7, a7): null

28-03-2025T08:21:31 - [TEST_STEP][PASSED] - setValueToCellByIndex(sheet01, n, 8, a8): null

28-03-2025T08:21:31 - [TEST_STEP][PASSED] - setValueToCellByIndex(sheet01, n, 9, a9): null

28-03-2025T08:21:31 - [TEST_STEP][PASSED] - n = n + 1: null

28-03-2025T08:21:31 - [TEST_STEP][PASSED] - saveWorkbook(excelFilePath, workbook01): null

28-03-2025T08:21:31 - [TEST_STEP][PASSED] - if (run == 3): null

28-03-2025T08:21:31 - [TEST_STEP][PASSED] - closeBrowser(): null

28-03-2025T08:21:31 - [MESSAGE][PASSED] - Browser is closed

28-03-2025T08:21:31 - [TEST_STEP][PASSED] - ViruchkaVRublyah(user, dashboardName, n, data, run, a1, a2, a3, a4, a5, a6, a7, a8, a9, urlData): null

28-03-2025T08:21:31 - [TEST_STEP][PASSED] - n = data.getRowNumbers() + 1: null

28-03-2025T08:21:31 - [TEST_STEP][PASSED] - println(n): null

28-03-2025T08:21:31 - [TEST_STEP][PASSED] - dashboardName = "Вырука в рублях": null

28-03-2025T08:21:31 - [TEST_STEP][PASSED] - openBrowser(""): Browser is opened with url: ''

28-03-2025T08:21:31 - [MESSAGE][INFO] - Starting 'Chrome' driver

28-03-2025T08:21:31 - [MESSAGE][INFO] - Action delay is set to 0 milliseconds

28-03-2025T08:21:32 - [MESSAGE][PASSED] - Browser is opened with url: ''

28-03-2025T08:21:32 - [TEST_STEP][PASSED] - urlData = 2: null

28-03-2025T08:21:32 - [TEST_STEP][PASSED] - Script1686231490255.CheckPageDownload(urlData, run): null

28-03-2025T08:21:32 - [TEST_STEP][PASSED] - i = 1: null

28-03-2025T08:21:32 - [TEST_STEP][PASSED] - ii = 0: null

28-03-2025T08:21:32 - [TEST_STEP][PASSED] - urlText = <not implemented yet for class: org.codehaus.groovy.ast.expr.EmptyExpression>: null

28-03-2025T08:21:32 - [TEST_STEP][PASSED] - searchWord = <not implemented yet for class: org.codehaus.groovy.ast.expr.EmptyExpression>: null

28-03-2025T08:21:32 - [TEST_STEP][PASSED] - deleteAllCookies(): Delete all cookies successfully

28-03-2025T08:21:32 - [MESSAGE][PASSED] - Delete all cookies successfully

28-03-2025T08:21:32 - [TEST_STEP][PASSED] - refresh(): Refresh successfully

28-03-2025T08:21:32 - [MESSAGE][PASSED] - Refresh successfully

28-03-2025T08:21:32 - [TEST_STEP][PASSED] - delay(70): Delayed 70 second(s)

28-03-2025T08:22:43 - [MESSAGE][PASSED] - Delayed 70 second(s)

28-03-2025T08:22:43 - [TEST_STEP][PASSED] - navigateToUrl(findTestData("PlanFact").getValue(10, urlData)): Navigate to 'https://bi.rosseti.digital/viewer?dashboardGuid=2301950b23be4ed89c1df75f2020051e&sheetGuid=b723206f698544fb87299f3095c00435&fit=true' successfully

28-03-2025T08:22:48 - [MESSAGE][PASSED] - Navigate to 'https://bi.rosseti.digital/viewer?dashboardGuid=2301950b23be4ed89c1df75f2020051e&sheetGuid=b723206f698544fb87299f3095c00435&fit=true' successfully

28-03-2025T08:22:48 - [TEST_STEP][PASSED] - pageLoaded1 = verifyElementPresent(findTestObject("Страница авторизации/Text"), 30): Object 'Object Repository/Страница авторизации/Text' is present

28-03-2025T08:22:49 - [MESSAGE][PASSED] - Object 'Object Repository/Страница авторизации/Text' is present

28-03-2025T08:22:49 - [TEST_STEP][PASSED] - if (pageLoaded1 == false): null

28-03-2025T08:22:49 - [TEST_STEP][PASSED] - urlText = getText(findTestObject("Страница авторизации/Text")): Text of object 'Object Repository/Страница авторизации/Text' is: 'Вход'

28-03-2025T08:22:50 - [MESSAGE][PASSED] - Text of object 'Object Repository/Страница авторизации/Text' is: 'Вход'

28-03-2025T08:22:50 - [TEST_STEP][PASSED] - delay(70): Delayed 70 second(s)

28-03-2025T08:24:00 - [MESSAGE][PASSED] - Delayed 70 second(s)

28-03-2025T08:24:00 - [TEST_STEP][PASSED] - searchWord = "Вход": null

28-03-2025T08:24:00 - [TEST_STEP][PASSED] - if (urlText.contains(searchWord) == false): null

28-03-2025T08:24:00 - [TEST_STEP][PASSED] - setText(findTestObject("Страница авторизации/input__username"), findTestData("PlanFact").getValue(8, run)): Text 'Petrova-OV' is set on object 'Object Repository/Страница авторизации/input__username'

28-03-2025T08:24:00 - [MESSAGE][PASSED] - Text 'Petrova-OV' is set on object 'Object Repository/Страница авторизации/input__username'

28-03-2025T08:24:00 - [TEST_STEP][PASSED] - setText(findTestObject("Страница авторизации/input__password"), findTestData("PlanFact").getValue(9, run)): Text '4Ex@~R53r&3x&BVe7' is set on object 'Object Repository/Страница авторизации/input__password'

28-03-2025T08:24:01 - [MESSAGE][PASSED] - Text '4Ex@~R53r&3x&BVe7' is set on object 'Object Repository/Страница авторизации/input__password'

28-03-2025T08:24:01 - [TEST_STEP][PASSED] - click(findTestObject("Страница авторизации/button_")): Object: 'Object Repository/Страница авторизации/button_' is clicked on

28-03-2025T08:24:02 - [MESSAGE][PASSED] - Object: 'Object Repository/Страница авторизации/button_' is clicked on

28-03-2025T08:24:02 - [TEST_STEP][PASSED] - delay(70): Delayed 70 second(s)

28-03-2025T08:25:12 - [MESSAGE][PASSED] - Delayed 70 second(s)

28-03-2025T08:25:12 - [TEST_STEP][PASSED] - searchWord = "а": null

28-03-2025T08:25:12 - [TEST_STEP][PASSED] - pageLoaded2 = verifyElementPresent(findTestObject("Страница авторизации/Text"), 50): Object 'Object Repository/Страница авторизации/Text' is present

28-03-2025T08:25:12 - [MESSAGE][PASSED] - Object 'Object Repository/Страница авторизации/Text' is present

28-03-2025T08:25:12 - [TEST_STEP][PASSED] - if (pageLoaded2 == false): null

28-03-2025T08:25:12 - [TEST_STEP][PASSED] - urlText = getText(findTestObject("Страница авторизации/Text")): Text of object 'Object Repository/Страница авторизации/Text' is: 'Период
Январь, Февраль 2025 года
Выручка
Все
Выполнение плановых показателей по ПАО Россети за Январь, Февраль 2025 года
План
Факт
Динамика
2025 год
0 млн.руб.
25 000 млн.руб.
50 000 млн.руб.
75 000 млн.руб.
100 000 млн.руб.
125 000 млн.руб.
150 000 млн.руб.
175 000 млн.руб.
200 000 млн.руб.
225 000 млн.руб.
250 000 млн.руб.
275 000 млн.руб.
300 000 млн.руб.
325 000 млн.руб.
350 000 млн.руб.
375 000 млн.руб.
318 025
265 457
↓
ДЗО 
ПАО Россети
Внутренний оборот - выручка за услуги по передаче электрической энергии, учтенная в выручке за электроэнергию для конечных потребителей, при выполнении ДЗО функций гарантирующего поставщика
Подписи данных
⬤Отклонение
АО "РЭС"
АО «Тываэнерго»
АО «Чеченэнерго»
Россети Волга
Россети Кубань
Россети Ленэнерго (ГК)
Россети Московский регион
Россети Северный Кавказ (ГК)
Россети Северо-Запад
Россети Сибирь (ГК)
Россети Томск
Россети Тюмень
Россети Урал (ГК)
Россети ФСК ЕЭС
Россети Центр
Россети Центр и Приволжье (ГК)
Россети Юг (ГК)
Россети Янтарь
-30 000млн.руб.
-25 000млн.руб.
-20 000млн.руб.
-15 000млн.руб.
-10 000млн.руб.
-5 000млн.руб.
0 млн.руб.
5 00…
-170
-229
-76
-1 936
552
-244
-1 353
-805
-232
-7 939
-47
-10 407
-701
-28 384
-520
-197
68
50
млн.
%
Выручка
Отклонение выручки по ПАО Россети за Январь, Февраль 2025 года (факт/план, млн. руб)
ПАО Россети
-52 568 млн.руб.
 '

28-03-2025T08:25:13 - [MESSAGE][PASSED] - Text of object 'Object Repository/Страница авторизации/Text' is: 'Период
Январь, Февраль 2025 года
Выручка
Все
Выполнение плановых показателей по ПАО Россети за Январь, Февраль 2025 года
План
Факт
Динамика
2025 год
0 млн.руб.
25 000 млн.руб.
50 000 млн.руб.
75 000 млн.руб.
100 000 млн.руб.
125 000 млн.руб.
150 000 млн.руб.
175 000 млн.руб.
200 000 млн.руб.
225 000 млн.руб.
250 000 млн.руб.
275 000 млн.руб.
300 000 млн.руб.
325 000 млн.руб.
350 000 млн.руб.
375 000 млн.руб.
318 025
265 457
↓
ДЗО 
ПАО Россети
Внутренний оборот - выручка за услуги по передаче электрической энергии, учтенная в выручке за электроэнергию для конечных потребителей, при выполнении ДЗО функций гарантирующего поставщика
Подписи данных
⬤Отклонение
АО "РЭС"
АО «Тываэнерго»
АО «Чеченэнерго»
Россети Волга
Россети Кубань
Россети Ленэнерго (ГК)
Россети Московский регион
Россети Северный Кавказ (ГК)
Россети Северо-Запад
Россети Сибирь (ГК)
Россети Томск
Россети Тюмень
Россети Урал (ГК)
Россети ФСК ЕЭС
Россети Центр
Россети Центр и Приволжье (ГК)
Россети Юг (ГК)
Россети Янтарь
-30 000млн.руб.
-25 000млн.руб.
-20 000млн.руб.
-15 000млн.руб.
-10 000млн.руб.
-5 000млн.руб.
0 млн.руб.
5 00…
-170
-229
-76
-1 936
552
-244
-1 353
-805
-232
-7 939
-47
-10 407
-701
-28 384
-520
-197
68
50
млн.
%
Выручка
Отклонение выручки по ПАО Россети за Январь, Февраль 2025 года (факт/план, млн. руб)
ПАО Россети
-52 568 млн.руб.
 '

28-03-2025T08:25:13 - [TEST_STEP][PASSED] - if (urlText.contains("ошибка") || urlText.contains(searchWord) == false): null

28-03-2025T08:25:13 - [TEST_STEP][PASSED] - click(findTestObject("Выручка в рублях/Фильтр Период")): Object: 'Object Repository/Выручка в рублях/Фильтр Период' is clicked on

28-03-2025T08:25:13 - [MESSAGE][PASSED] - Object: 'Object Repository/Выручка в рублях/Фильтр Период' is clicked on

28-03-2025T08:25:13 - [TEST_STEP][PASSED] - click(findTestObject("Выручка в рублях/Снять выделение в фильтре Дата")): Object: 'Object Repository/Выручка в рублях/Снять выделение в фильтре Дата' is clicked on

28-03-2025T08:25:14 - [MESSAGE][PASSED] - Object: 'Object Repository/Выручка в рублях/Снять выделение в фильтре Дата' is clicked on

28-03-2025T08:25:14 - [TEST_STEP][PASSED] - click(findTestObject("Выручка в рублях/Применить в фильтре Дата")): Object: 'Object Repository/Выручка в рублях/Применить в фильтре Дата' is clicked on

28-03-2025T08:25:14 - [MESSAGE][PASSED] - Object: 'Object Repository/Выручка в рублях/Применить в фильтре Дата' is clicked on

28-03-2025T08:25:14 - [TEST_STEP][PASSED] - click(findTestObject("Выручка в рублях/Фильтр Период")): Object: 'Object Repository/Выручка в рублях/Фильтр Период' is clicked on

28-03-2025T08:25:16 - [MESSAGE][PASSED] - Object: 'Object Repository/Выручка в рублях/Фильтр Период' is clicked on

28-03-2025T08:25:16 - [TEST_STEP][PASSED] - click(findTestObject("Выручка в рублях/Снять выделение в фильтре Дата")): Object: 'Object Repository/Выручка в рублях/Снять выделение в фильтре Дата' is clicked on

28-03-2025T08:25:17 - [MESSAGE][PASSED] - Object: 'Object Repository/Выручка в рублях/Снять выделение в фильтре Дата' is clicked on

28-03-2025T08:25:17 - [TEST_STEP][PASSED] - scrollToElement(findTestObject("Выручка в рублях/2025 список"), 30): Scroll to object 'Object Repository/Выручка в рублях/2025 список' successfully

28-03-2025T08:25:17 - [MESSAGE][PASSED] - Scroll to object 'Object Repository/Выручка в рублях/2025 список' successfully

28-03-2025T08:25:17 - [TEST_STEP][PASSED] - click(findTestObject("Выручка в рублях/2025 список")): Object: 'Object Repository/Выручка в рублях/2025 список' is clicked on

28-03-2025T08:25:18 - [MESSAGE][PASSED] - Object: 'Object Repository/Выручка в рублях/2025 список' is clicked on

28-03-2025T08:25:18 - [TEST_STEP][PASSED] - scrollToElement(findTestObject("Выручка в рублях/1 квартал 2025 список"), 30): Scroll to object 'Object Repository/Выручка в рублях/1 квартал 2025 список' successfully

28-03-2025T08:25:18 - [MESSAGE][PASSED] - Scroll to object 'Object Repository/Выручка в рублях/1 квартал 2025 список' successfully

28-03-2025T08:25:18 - [TEST_STEP][PASSED] - click(findTestObject("Выручка в рублях/1 квартал 2025 список"), CONTINUE_ON_FAILURE): Object: 'Object Repository/Выручка в рублях/1 квартал 2025 список' is clicked on

28-03-2025T08:25:18 - [MESSAGE][PASSED] - Object: 'Object Repository/Выручка в рублях/1 квартал 2025 список' is clicked on

28-03-2025T08:25:18 - [TEST_STEP][PASSED] - scrollToElement(findTestObject("Выручка в рублях/Январь 2025"), 30): Scroll to object 'Object Repository/Выручка в рублях/Январь 2025' successfully

28-03-2025T08:25:19 - [MESSAGE][PASSED] - Scroll to object 'Object Repository/Выручка в рублях/Январь 2025' successfully

28-03-2025T08:25:19 - [TEST_STEP][PASSED] - click(findTestObject("Выручка в рублях/Январь 2025"), CONTINUE_ON_FAILURE): Object: 'Object Repository/Выручка в рублях/Январь 2025' is clicked on

28-03-2025T08:25:19 - [MESSAGE][PASSED] - Object: 'Object Repository/Выручка в рублях/Январь 2025' is clicked on

28-03-2025T08:25:19 - [TEST_STEP][PASSED] - click(findTestObject("Выручка в рублях/Применить в фильтре Дата")): Object: 'Object Repository/Выручка в рублях/Применить в фильтре Дата' is clicked on

28-03-2025T08:25:20 - [MESSAGE][PASSED] - Object: 'Object Repository/Выручка в рублях/Применить в фильтре Дата' is clicked on

28-03-2025T08:25:20 - [TEST_STEP][PASSED] - scrollToElement(findTestObject("Выручка в рублях/Заголовок дашборда"), 30): Scroll to object 'Object Repository/Выручка в рублях/Заголовок дашборда' successfully

28-03-2025T08:25:21 - [MESSAGE][PASSED] - Scroll to object 'Object Repository/Выручка в рублях/Заголовок дашборда' successfully

28-03-2025T08:25:21 - [TEST_STEP][PASSED] - delay(70): Delayed 70 second(s)

28-03-2025T08:26:31 - [MESSAGE][PASSED] - Delayed 70 second(s)

28-03-2025T08:26:31 - [TEST_STEP][PASSED] - a5 = "": null

28-03-2025T08:26:31 - [TEST_STEP][PASSED] - a6 = "": null

28-03-2025T08:26:31 - [TEST_STEP][PASSED] - a7 = "": null

28-03-2025T08:26:31 - [TEST_STEP][PASSED] - a8 = "": null

28-03-2025T08:26:31 - [TEST_STEP][PASSED] - a9 = "": null

28-03-2025T08:26:31 - [TEST_STEP][PASSED] - if (run == 1): null

28-03-2025T08:26:31 - [TEST_STEP][PASSED] - if (run == 2): null

28-03-2025T08:26:31 - [TEST_STEP][PASSED] - if (run == 3): null

28-03-2025T08:26:31 - [TEST_STEP][PASSED] - user = "Попова": null

28-03-2025T08:26:31 - [TEST_STEP][PASSED] - a1 = getText(findTestObject("Выручка в рублях/График План")): Text of object 'Object Repository/Выручка в рублях/График План' is: '163 377'

28-03-2025T08:26:31 - [MESSAGE][PASSED] - Text of object 'Object Repository/Выручка в рублях/График План' is: '163 377'

28-03-2025T08:26:31 - [TEST_STEP][PASSED] - a2 = getText(findTestObject("Выручка в рублях/График Факт")): Text of object 'Object Repository/Выручка в рублях/График Факт' is: '157 865'

28-03-2025T08:26:31 - [MESSAGE][PASSED] - Text of object 'Object Repository/Выручка в рублях/График Факт' is: '157 865'

28-03-2025T08:26:31 - [TEST_STEP][PASSED] - a3 = getText(findTestObject("Выручка в рублях/График Отклонение выручки")): Text of object 'Object Repository/Выручка в рублях/График Отклонение выручки' is: 'Период
Январь 2025 года
Выручка
Все
Выполнение плановых показателей по ПАО Россети за Январь 2025 года
План
Факт
Динамика
2025 год
0 млн.руб.
20 000 млн.руб.
40 000 млн.руб.
60 000 млн.руб.
80 000 млн.руб.
100 000 млн.руб.
120 000 млн.руб.
140 000 млн.руб.
160 000 млн.руб.
180 000 млн.руб.
200 000 млн.руб.
163 377
157 865
↓
ДЗО 
ПАО Россети
Внутренний оборот - выручка за услуги по передаче электрической энергии, учтенная в выручке за электроэнергию для конечных потребителей, при выполнении ДЗО функций гарантирующего поставщика
Подписи данных
⬤Отклонение
АО "РЭС"
АО «Тываэнерго»
АО «Чеченэнерго»
Россети Волга
Россети Кубань
Россети Ленэнерго (ГК)
Россети Московский регион
Россети Северный Кавказ (ГК)
Россети Северо-Запад
Россети Сибирь (ГК)
Россети Томск
Россети Тюмень
Россети Урал (ГК)
Россети ФСК ЕЭС
Россети Центр
Россети Центр и Приволжье (ГК)
Россети Юг (ГК)
Россети Янтарь
-1 200 млн.руб.
-1 000 млн.руб.
- 800 млн.руб.
- 600 млн.руб.
- 400 млн.руб.
- 200 млн.руб.
0 млн.руб.
200 млн.руб.
400 млн.руб.
600 млн.руб.
-73
23
-83
-295
-54
-403
-927
-606
-251
348
-58
-1 104
-474
-59
-675
-613
-191
-19
млн.
%
Выручка
Отклонение выручки по ПАО Россети за Январь 2025 года (факт/план, млн. руб)
ПАО Россети
-5 512.4 млн.руб.
 '

28-03-2025T08:26:32 - [MESSAGE][PASSED] - Text of object 'Object Repository/Выручка в рублях/График Отклонение выручки' is: 'Период
Январь 2025 года
Выручка
Все
Выполнение плановых показателей по ПАО Россети за Январь 2025 года
План
Факт
Динамика
2025 год
0 млн.руб.
20 000 млн.руб.
40 000 млн.руб.
60 000 млн.руб.
80 000 млн.руб.
100 000 млн.руб.
120 000 млн.руб.
140 000 млн.руб.
160 000 млн.руб.
180 000 млн.руб.
200 000 млн.руб.
163 377
157 865
↓
ДЗО 
ПАО Россети
Внутренний оборот - выручка за услуги по передаче электрической энергии, учтенная в выручке за электроэнергию для конечных потребителей, при выполнении ДЗО функций гарантирующего поставщика
Подписи данных
⬤Отклонение
АО "РЭС"
АО «Тываэнерго»
АО «Чеченэнерго»
Россети Волга
Россети Кубань
Россети Ленэнерго (ГК)
Россети Московский регион
Россети Северный Кавказ (ГК)
Россети Северо-Запад
Россети Сибирь (ГК)
Россети Томск
Россети Тюмень
Россети Урал (ГК)
Россети ФСК ЕЭС
Россети Центр
Россети Центр и Приволжье (ГК)
Россети Юг (ГК)
Россети Янтарь
-1 200 млн.руб.
-1 000 млн.руб.
- 800 млн.руб.
- 600 млн.руб.
- 400 млн.руб.
- 200 млн.руб.
0 млн.руб.
200 млн.руб.
400 млн.руб.
600 млн.руб.
-73
23
-83
-295
-54
-403
-927
-606
-251
348
-58
-1 104
-474
-59
-675
-613
-191
-19
млн.
%
Выручка
Отклонение выручки по ПАО Россети за Январь 2025 года (факт/план, млн. руб)
ПАО Россети
-5 512.4 млн.руб.
 '

28-03-2025T08:26:32 - [TEST_STEP][PASSED] - a3 = a3.substring(a3.lastIndexOf("Отклонение")): null

28-03-2025T08:26:32 - [TEST_STEP][PASSED] - click(findTestObject("Выручка в рублях/Переключить отображение с млн на проценты Выручка в рублях")): Object: 'Object Repository/Выручка в рублях/Переключить отображение с млн на проценты Выручка в рублях' is clicked on

28-03-2025T08:26:32 - [MESSAGE][PASSED] - Object: 'Object Repository/Выручка в рублях/Переключить отображение с млн на проценты Выручка в рублях' is clicked on

28-03-2025T08:26:32 - [TEST_STEP][PASSED] - a4 = getText(findTestObject("Выручка в рублях/График Отклонение выручки")): Text of object 'Object Repository/Выручка в рублях/График Отклонение выручки' is: 'Период
Январь 2025 года
Выручка
Все
Выполнение плановых показателей по ПАО Россети за Январь 2025 года
План
Факт
Динамика
2025 год
0 млн.руб.
20 000 млн.руб.
40 000 млн.руб.
60 000 млн.руб.
80 000 млн.руб.
100 000 млн.руб.
120 000 млн.руб.
140 000 млн.руб.
160 000 млн.руб.
180 000 млн.руб.
200 000 млн.руб.
163 377
157 865
↓
ДЗО 
ПАО Россети
Отклонение выручки по ПАО Россети за Январь 2025 года (факт/план, %)
ПАО Россети
-3.37 %
Внутренний оборот - выручка за услуги по передаче электрической энергии, учтенная в выручке за электроэнергию для конечных потребителей, при выполнении ДЗО функций гарантирующего поставщика
⬤Отклонение
АО "РЭС"
АО «Тываэнерго»
АО «Чеченэнерго»
Россети Волга
Россети Кубань
Россети Ленэнерго (ГК)
Россети Московский регион
Россети Северный Кавказ (ГК)
Россети Северо-Запад
Россети Сибирь (ГК)
Россети Томск
Россети Тюмень
Россети Урал (ГК)
Россети ФСК ЕЭС
Россети Центр
Россети Центр и Приволжье (ГК)
Россети Юг (ГК)
Россети Янтарь
-17 %
-15 %
-12 %
-10 %
-7 %
-5 %
-2 %
0 %
3 %
5 %
8 %
10 %
1…
-3.2 %
9.16 %
-15.18 %
-2.71 %
-0.69 %
-3.46 %
-4.13 %
-13.75 %
-3.55 %
3.18 %
-5.3 %
-10.64 %
-4.34 %
-0.21 %
-5.32 %
-4.49 %
-2.71 %
-1.75 %
Подписи данных
млн.
%
Выручка
 '

28-03-2025T08:26:33 - [MESSAGE][PASSED] - Text of object 'Object Repository/Выручка в рублях/График Отклонение выручки' is: 'Период
Январь 2025 года
Выручка
Все
Выполнение плановых показателей по ПАО Россети за Январь 2025 года
План
Факт
Динамика
2025 год
0 млн.руб.
20 000 млн.руб.
40 000 млн.руб.
60 000 млн.руб.
80 000 млн.руб.
100 000 млн.руб.
120 000 млн.руб.
140 000 млн.руб.
160 000 млн.руб.
180 000 млн.руб.
200 000 млн.руб.
163 377
157 865
↓
ДЗО 
ПАО Россети
Отклонение выручки по ПАО Россети за Январь 2025 года (факт/план, %)
ПАО Россети
-3.37 %
Внутренний оборот - выручка за услуги по передаче электрической энергии, учтенная в выручке за электроэнергию для конечных потребителей, при выполнении ДЗО функций гарантирующего поставщика
⬤Отклонение
АО "РЭС"
АО «Тываэнерго»
АО «Чеченэнерго»
Россети Волга
Россети Кубань
Россети Ленэнерго (ГК)
Россети Московский регион
Россети Северный Кавказ (ГК)
Россети Северо-Запад
Россети Сибирь (ГК)
Россети Томск
Россети Тюмень
Россети Урал (ГК)
Россети ФСК ЕЭС
Россети Центр
Россети Центр и Приволжье (ГК)
Россети Юг (ГК)
Россети Янтарь
-17 %
-15 %
-12 %
-10 %
-7 %
-5 %
-2 %
0 %
3 %
5 %
8 %
10 %
1…
-3.2 %
9.16 %
-15.18 %
-2.71 %
-0.69 %
-3.46 %
-4.13 %
-13.75 %
-3.55 %
3.18 %
-5.3 %
-10.64 %
-4.34 %
-0.21 %
-5.32 %
-4.49 %
-2.71 %
-1.75 %
Подписи данных
млн.
%
Выручка
 '

28-03-2025T08:26:33 - [TEST_STEP][PASSED] - a4 = a4.substring(a4.lastIndexOf("Отклонение")): null

28-03-2025T08:26:33 - [TEST_STEP][PASSED] - click(findTestObject("Выручка в рублях/Переключить отображение с процентов на млн Выручка в рублях")): Object: 'Object Repository/Выручка в рублях/Переключить отображение с процентов на млн Выручка в рублях' is clicked on

28-03-2025T08:26:33 - [MESSAGE][PASSED] - Object: 'Object Repository/Выручка в рублях/Переключить отображение с процентов на млн Выручка в рублях' is clicked on

28-03-2025T08:26:33 - [TEST_STEP][PASSED] - n = n + 5: null

28-03-2025T08:26:33 - [TEST_STEP][PASSED] - b = n - run + 1: null

28-03-2025T08:26:33 - [TEST_STEP][PASSED] - verifyEqual(findTestData("PlanFact").getValue(2, b), a1): Actual object '163 377' and expected object '163 377' are equal

28-03-2025T08:26:33 - [MESSAGE][PASSED] - Actual object '163 377' and expected object '163 377' are equal

28-03-2025T08:26:33 - [TEST_STEP][PASSED] - verifyEqual(findTestData("PlanFact").getValue(3, b), a2): Actual object '157 865' and expected object '157 865' are equal

28-03-2025T08:26:33 - [MESSAGE][PASSED] - Actual object '157 865' and expected object '157 865' are equal

28-03-2025T08:26:33 - [TEST_STEP][PASSED] - verifyEqual(findTestData("PlanFact").getValue(4, b), a3): Actual object 'Отклонение выручки по ПАО Россети за Январь 2025 года (факт/план, млн. руб)
ПАО Россети
-5 512.4 млн.руб.
 ' and expected object 'Отклонение выручки по ПАО Россети за Январь 2025 года (факт/план, млн. руб)
ПАО Россети
-5 512.4 млн.руб.
 ' are equal

28-03-2025T08:26:33 - [MESSAGE][PASSED] - Actual object 'Отклонение выручки по ПАО Россети за Январь 2025 года (факт/план, млн. руб)
ПАО Россети
-5 512.4 млн.руб.
 ' and expected object 'Отклонение выручки по ПАО Россети за Январь 2025 года (факт/план, млн. руб)
ПАО Россети
-5 512.4 млн.руб.
 ' are equal

28-03-2025T08:26:33 - [TEST_STEP][PASSED] - verifyEqual(findTestData("PlanFact").getValue(5, b), a4): Actual object 'Отклонение
АО "РЭС"
АО «Тываэнерго»
АО «Чеченэнерго»
Россети Волга
Россети Кубань
Россети Ленэнерго (ГК)
Россети Московский регион
Россети Северный Кавказ (ГК)
Россети Северо-Запад
Россети Сибирь (ГК)
Россети Томск
Россети Тюмень
Россети Урал (ГК)
Россети ФСК ЕЭС
Россети Центр
Россети Центр и Приволжье (ГК)
Россети Юг (ГК)
Россети Янтарь
-17 %
-15 %
-12 %
-10 %
-7 %
-5 %
-2 %
0 %
3 %
5 %
8 %
10 %
1…
-3.2 %
9.16 %
-15.18 %
-2.71 %
-0.69 %
-3.46 %
-4.13 %
-13.75 %
-3.55 %
3.18 %
-5.3 %
-10.64 %
-4.34 %
-0.21 %
-5.32 %
-4.49 %
-2.71 %
-1.75 %
Подписи данных
млн.
%
Выручка
 ' and expected object 'Отклонение
АО "РЭС"
АО «Тываэнерго»
АО «Чеченэнерго»
Россети Волга
Россети Кубань
Россети Ленэнерго (ГК)
Россети Московский регион
Россети Северный Кавказ (ГК)
Россети Северо-Запад
Россети Сибирь (ГК)
Россети Томск
Россети Тюмень
Россети Урал (ГК)
Россети ФСК ЕЭС
Россети Центр
Россети Центр и Приволжье (ГК)
Россети Юг (ГК)
Россети Янтарь
-17 %
-15 %
-12 %
-10 %
-7 %
-5 %
-2 %
0 %
3 %
5 %
8 %
10 %
1…
-3.2 %
9.16 %
-15.18 %
-2.71 %
-0.69 %
-3.46 %
-4.13 %
-13.75 %
-3.55 %
3.18 %
-5.3 %
-10.64 %
-4.34 %
-0.21 %
-5.32 %
-4.49 %
-2.71 %
-1.75 %
Подписи данных
млн.
%
Выручка
 ' are equal

28-03-2025T08:26:33 - [MESSAGE][PASSED] - Actual object 'Отклонение
АО "РЭС"
АО «Тываэнерго»
АО «Чеченэнерго»
Россети Волга
Россети Кубань
Россети Ленэнерго (ГК)
Россети Московский регион
Россети Северный Кавказ (ГК)
Россети Северо-Запад
Россети Сибирь (ГК)
Россети Томск
Россети Тюмень
Россети Урал (ГК)
Россети ФСК ЕЭС
Россети Центр
Россети Центр и Приволжье (ГК)
Россети Юг (ГК)
Россети Янтарь
-17 %
-15 %
-12 %
-10 %
-7 %
-5 %
-2 %
0 %
3 %
5 %
8 %
10 %
1…
-3.2 %
9.16 %
-15.18 %
-2.71 %
-0.69 %
-3.46 %
-4.13 %
-13.75 %
-3.55 %
3.18 %
-5.3 %
-10.64 %
-4.34 %
-0.21 %
-5.32 %
-4.49 %
-2.71 %
-1.75 %
Подписи данных
млн.
%
Выручка
 ' and expected object 'Отклонение
АО "РЭС"
АО «Тываэнерго»
АО «Чеченэнерго»
Россети Волга
Россети Кубань
Россети Ленэнерго (ГК)
Россети Московский регион
Россети Северный Кавказ (ГК)
Россети Северо-Запад
Россети Сибирь (ГК)
Россети Томск
Россети Тюмень
Россети Урал (ГК)
Россети ФСК ЕЭС
Россети Центр
Россети Центр и Приволжье (ГК)
Россети Юг (ГК)
Россети Янтарь
-17 %
-15 %
-12 %
-10 %
-7 %
-5 %
-2 %
0 %
3 %
5 %
8 %
10 %
1…
-3.2 %
9.16 %
-15.18 %
-2.71 %
-0.69 %
-3.46 %
-4.13 %
-13.75 %
-3.55 %
3.18 %
-5.3 %
-10.64 %
-4.34 %
-0.21 %
-5.32 %
-4.49 %
-2.71 %
-1.75 %
Подписи данных
млн.
%
Выручка
 ' are equal

28-03-2025T08:26:33 - [TEST_STEP][PASSED] - Script1686231490255.WriteToExcel(user, dashboardName, n, data, run, a1, a2, a3, a4, a5, a6, a7, a8, a9): null

28-03-2025T08:26:33 - [TEST_STEP][PASSED] - sheetName = "Sheet1": null

28-03-2025T08:26:33 - [TEST_STEP][PASSED] - workbook01 = getWorkbook(excelFilePath): null

28-03-2025T08:26:33 - [TEST_STEP][PASSED] - sheet01 = getExcelSheet(workbook01, sheetName): null

28-03-2025T08:26:33 - [TEST_STEP][PASSED] - setValueToCellByIndex(sheet01, n, 0, dashboardName): null

28-03-2025T08:26:33 - [TEST_STEP][PASSED] - setValueToCellByIndex(sheet01, n, 10, user): null

28-03-2025T08:26:33 - [TEST_STEP][PASSED] - setValueToCellByIndex(sheet01, n, 1, a1): null

28-03-2025T08:26:33 - [TEST_STEP][PASSED] - setValueToCellByIndex(sheet01, n, 2, a2): null

28-03-2025T08:26:33 - [TEST_STEP][PASSED] - setValueToCellByIndex(sheet01, n, 3, a3): null

28-03-2025T08:26:33 - [TEST_STEP][PASSED] - setValueToCellByIndex(sheet01, n, 4, a4): null

28-03-2025T08:26:33 - [TEST_STEP][PASSED] - setValueToCellByIndex(sheet01, n, 5, a5): null

28-03-2025T08:26:33 - [TEST_STEP][PASSED] - setValueToCellByIndex(sheet01, n, 6, a6): null

28-03-2025T08:26:33 - [TEST_STEP][PASSED] - setValueToCellByIndex(sheet01, n, 7, a7): null

28-03-2025T08:26:33 - [TEST_STEP][PASSED] - setValueToCellByIndex(sheet01, n, 8, a8): null

28-03-2025T08:26:33 - [TEST_STEP][PASSED] - setValueToCellByIndex(sheet01, n, 9, a9): null

28-03-2025T08:26:33 - [TEST_STEP][PASSED] - n = n + 1: null

28-03-2025T08:26:33 - [TEST_STEP][PASSED] - saveWorkbook(excelFilePath, workbook01): null

28-03-2025T08:26:34 - [TEST_STEP][PASSED] - closeBrowser(): Browser is closed

28-03-2025T08:26:34 - [MESSAGE][PASSED] - Browser is closed

28-03-2025T08:26:34 - [TEST_STEP][PASSED] - delay(70): Delayed 70 second(s)

28-03-2025T08:27:44 - [MESSAGE][PASSED] - Delayed 70 second(s)

28-03-2025T08:27:44 - [TEST_STEP][PASSED] - for ([run = 1, run < 4, (run++)]): null

28-03-2025T08:27:44 - [TEST_STEP][PASSED] - ObyemPoter(user, dashboardName, n, data, run, a1, a2, a3, a4, a5, a6, a7, a8, a9, urlData): null

28-03-2025T08:27:44 - [TEST_STEP][PASSED] - n = data.getRowNumbers() + 1: null

28-03-2025T08:27:44 - [TEST_STEP][PASSED] - println(n): null

28-03-2025T08:27:44 - [TEST_STEP][PASSED] - dashboardName = "Объём потерь": null

28-03-2025T08:27:44 - [TEST_STEP][PASSED] - openBrowser(""): Browser is opened with url: ''

28-03-2025T08:27:44 - [MESSAGE][INFO] - Starting 'Chrome' driver

28-03-2025T08:27:44 - [MESSAGE][INFO] - Action delay is set to 0 milliseconds

28-03-2025T08:27:45 - [MESSAGE][PASSED] - Browser is opened with url: ''

28-03-2025T08:27:45 - [TEST_STEP][PASSED] - urlData = 14: null

28-03-2025T08:27:45 - [TEST_STEP][PASSED] - Script1686231490255.CheckPageDownload(urlData, run): null

28-03-2025T08:27:45 - [TEST_STEP][PASSED] - i = 1: null

28-03-2025T08:27:45 - [TEST_STEP][PASSED] - ii = 0: null

28-03-2025T08:27:45 - [TEST_STEP][PASSED] - urlText = <not implemented yet for class: org.codehaus.groovy.ast.expr.EmptyExpression>: null

28-03-2025T08:27:45 - [TEST_STEP][PASSED] - searchWord = <not implemented yet for class: org.codehaus.groovy.ast.expr.EmptyExpression>: null

28-03-2025T08:27:45 - [TEST_STEP][PASSED] - deleteAllCookies(): Delete all cookies successfully

28-03-2025T08:27:45 - [MESSAGE][PASSED] - Delete all cookies successfully

28-03-2025T08:27:45 - [TEST_STEP][PASSED] - refresh(): Refresh successfully

28-03-2025T08:27:45 - [MESSAGE][PASSED] - Refresh successfully

28-03-2025T08:27:45 - [TEST_STEP][PASSED] - delay(70): Delayed 70 second(s)

28-03-2025T08:28:55 - [MESSAGE][PASSED] - Delayed 70 second(s)

28-03-2025T08:28:55 - [TEST_STEP][PASSED] - navigateToUrl(findTestData("PlanFact").getValue(10, urlData)): Navigate to 'https://bi.rosseti.digital/viewer?dashboardGuid=d154a8eaf6824e2b9de1bb04dd061c18&sheetGuid=aa9766f159804cfeb6006ba98edf3a23&fit=true' successfully

28-03-2025T08:28:59 - [MESSAGE][PASSED] - Navigate to 'https://bi.rosseti.digital/viewer?dashboardGuid=d154a8eaf6824e2b9de1bb04dd061c18&sheetGuid=aa9766f159804cfeb6006ba98edf3a23&fit=true' successfully

28-03-2025T08:28:59 - [TEST_STEP][PASSED] - pageLoaded1 = verifyElementPresent(findTestObject("Страница авторизации/Text"), 30): Object 'Object Repository/Страница авторизации/Text' is present

28-03-2025T08:29:00 - [MESSAGE][PASSED] - Object 'Object Repository/Страница авторизации/Text' is present

28-03-2025T08:29:00 - [TEST_STEP][PASSED] - if (pageLoaded1 == false): null

28-03-2025T08:29:00 - [TEST_STEP][PASSED] - urlText = getText(findTestObject("Страница авторизации/Text")): Text of object 'Object Repository/Страница авторизации/Text' is: 'Вход'

28-03-2025T08:29:00 - [MESSAGE][PASSED] - Text of object 'Object Repository/Страница авторизации/Text' is: 'Вход'

28-03-2025T08:29:00 - [TEST_STEP][PASSED] - delay(70): Delayed 70 second(s)

28-03-2025T08:30:10 - [MESSAGE][PASSED] - Delayed 70 second(s)

28-03-2025T08:30:10 - [TEST_STEP][PASSED] - searchWord = "Вход": null

28-03-2025T08:30:10 - [TEST_STEP][PASSED] - if (urlText.contains(searchWord) == false): null

28-03-2025T08:30:10 - [TEST_STEP][PASSED] - setText(findTestObject("Страница авторизации/input__username"), findTestData("PlanFact").getValue(8, run)): Text 'liazgina-di' is set on object 'Object Repository/Страница авторизации/input__username'

28-03-2025T08:30:11 - [MESSAGE][PASSED] - Text 'liazgina-di' is set on object 'Object Repository/Страница авторизации/input__username'

28-03-2025T08:30:11 - [TEST_STEP][PASSED] - setText(findTestObject("Страница авторизации/input__password"), findTestData("PlanFact").getValue(9, run)): Text ')$%5srZ8o688Dm#q' is set on object 'Object Repository/Страница авторизации/input__password'

28-03-2025T08:30:12 - [MESSAGE][PASSED] - Text ')$%5srZ8o688Dm#q' is set on object 'Object Repository/Страница авторизации/input__password'

28-03-2025T08:30:12 - [TEST_STEP][PASSED] - click(findTestObject("Страница авторизации/button_")): Object: 'Object Repository/Страница авторизации/button_' is clicked on

28-03-2025T08:30:13 - [MESSAGE][PASSED] - Object: 'Object Repository/Страница авторизации/button_' is clicked on

28-03-2025T08:30:13 - [TEST_STEP][PASSED] - delay(70): Delayed 70 second(s)

28-03-2025T08:31:23 - [MESSAGE][PASSED] - Delayed 70 second(s)

28-03-2025T08:31:23 - [TEST_STEP][PASSED] - searchWord = "а": null

28-03-2025T08:31:23 - [TEST_STEP][PASSED] - pageLoaded2 = verifyElementPresent(findTestObject("Страница авторизации/Text"), 50): Object 'Object Repository/Страница авторизации/Text' is present

28-03-2025T08:31:24 - [MESSAGE][PASSED] - Object 'Object Repository/Страница авторизации/Text' is present

28-03-2025T08:31:24 - [TEST_STEP][PASSED] - if (pageLoaded2 == false): null

28-03-2025T08:31:24 - [TEST_STEP][PASSED] - urlText = getText(findTestObject("Страница авторизации/Text")): Text of object 'Object Repository/Страница авторизации/Text' is: 'ДЗО 
Все
Период
Выбрано: 6
тыс. кВт⋅ч
п.п.
Объем потерь
15 987 82615 987 826
17 116 66617 116 666
7 764 5527 764 552
2023 год
2024 год
2025 год
0
2 500
5 000
7 500
10 000
12 500
15 000
17 500
20 000
Уровень потерь
10.1310.13
9.589.58
8.218.21
Факт
2023 год
2024 год
2025 год
0
2
4
6
8
10
12
●● Отклонения, тыс. кВт⋅ч
тыс. кВт⋅ч
Отклонения объема потерь
1 128 8401 128 840
-9 352 114-9 352 114
2023/2024
2024/2025
-10 000 000
0
-7 500 000
-5 000 000
-2 500 000
2 500 000
●● Отклонения, п.п.
п.п.
Отклонения уровня потерь
-0.55-0.55
-1.37-1.37
2023/2024
2024/2025
-1.5
-1.25
-1
-0.75
-0.5
-0.25
0
Фактические данные по объему и уровню потерь электроэнергии'

28-03-2025T08:31:24 - [MESSAGE][PASSED] - Text of object 'Object Repository/Страница авторизации/Text' is: 'ДЗО 
Все
Период
Выбрано: 6
тыс. кВт⋅ч
п.п.
Объем потерь
15 987 82615 987 826
17 116 66617 116 666
7 764 5527 764 552
2023 год
2024 год
2025 год
0
2 500
5 000
7 500
10 000
12 500
15 000
17 500
20 000
Уровень потерь
10.1310.13
9.589.58
8.218.21
Факт
2023 год
2024 год
2025 год
0
2
4
6
8
10
12
●● Отклонения, тыс. кВт⋅ч
тыс. кВт⋅ч
Отклонения объема потерь
1 128 8401 128 840
-9 352 114-9 352 114
2023/2024
2024/2025
-10 000 000
0
-7 500 000
-5 000 000
-2 500 000
2 500 000
●● Отклонения, п.п.
п.п.
Отклонения уровня потерь
-0.55-0.55
-1.37-1.37
2023/2024
2024/2025
-1.5
-1.25
-1
-0.75
-0.5
-0.25
0
Фактические данные по объему и уровню потерь электроэнергии'

28-03-2025T08:31:24 - [TEST_STEP][PASSED] - if (urlText.contains("ошибка") || urlText.contains(searchWord) == false): null

28-03-2025T08:31:24 - [TEST_STEP][PASSED] - a9 = "": null

28-03-2025T08:31:24 - [TEST_STEP][PASSED] - a3 = "": null

28-03-2025T08:31:24 - [TEST_STEP][PASSED] - a6 = "": null

28-03-2025T08:31:24 - [TEST_STEP][PASSED] - if (run == 1): null

28-03-2025T08:31:24 - [TEST_STEP][PASSED] - user = "админ": null

28-03-2025T08:31:24 - [TEST_STEP][PASSED] - a1 = getText(findTestObject("Объем потерь/divObemPoter")): Text of object 'Object Repository/Объем потерь/divObemPoter' is: 'Объем потерь
15 987 82615 987 826
17 116 66617 116 666
7 764 5527 764 552
2023 год
2024 год
2025 год
0
2 500
5 000
7 500
10 000
12 500
15 000
17 500
20 000'

28-03-2025T08:31:24 - [MESSAGE][PASSED] - Text of object 'Object Repository/Объем потерь/divObemPoter' is: 'Объем потерь
15 987 82615 987 826
17 116 66617 116 666
7 764 5527 764 552
2023 год
2024 год
2025 год
0
2 500
5 000
7 500
10 000
12 500
15 000
17 500
20 000'

28-03-2025T08:31:24 - [TEST_STEP][PASSED] - a2 = getText(findTestObject("Объем потерь/divUrovenPoter")): Text of object 'Object Repository/Объем потерь/divUrovenPoter' is: 'Уровень потерь
10.1310.13
9.589.58
8.218.21
Факт
2023 год
2024 год
2025 год
0
2
4
6
8
10
12'

28-03-2025T08:31:25 - [MESSAGE][PASSED] - Text of object 'Object Repository/Объем потерь/divUrovenPoter' is: 'Уровень потерь
10.1310.13
9.589.58
8.218.21
Факт
2023 год
2024 год
2025 год
0
2
4
6
8
10
12'

28-03-2025T08:31:25 - [TEST_STEP][PASSED] - a3 = getText(findTestObject("Объем потерь/divOtkloneniyaObemaPoter")): Text of object 'Object Repository/Объем потерь/divOtkloneniyaObemaPoter' is: '●● Отклонения, тыс. кВт⋅ч
тыс. кВт⋅ч
Отклонения объема потерь
1 128 8401 128 840
-9 352 114-9 352 114
2023/2024
2024/2025
-10 000 000
0
-7 500 000
-5 000 000
-2 500 000
2 500 000'

28-03-2025T08:31:25 - [MESSAGE][PASSED] - Text of object 'Object Repository/Объем потерь/divOtkloneniyaObemaPoter' is: '●● Отклонения, тыс. кВт⋅ч
тыс. кВт⋅ч
Отклонения объема потерь
1 128 8401 128 840
-9 352 114-9 352 114
2023/2024
2024/2025
-10 000 000
0
-7 500 000
-5 000 000
-2 500 000
2 500 000'

28-03-2025T08:31:25 - [TEST_STEP][PASSED] - a4 = getText(findTestObject("Объем потерь/divOtkloneniyaUrovnyaPoter")): Text of object 'Object Repository/Объем потерь/divOtkloneniyaUrovnyaPoter' is: '●● Отклонения, п.п.
п.п.
Отклонения уровня потерь
-0.55-0.55
-1.37-1.37
2023/2024
2024/2025
-1.5
-1.25
-1
-0.75
-0.5
-0.25
0'

28-03-2025T08:31:25 - [MESSAGE][PASSED] - Text of object 'Object Repository/Объем потерь/divOtkloneniyaUrovnyaPoter' is: '●● Отклонения, п.п.
п.п.
Отклонения уровня потерь
-0.55-0.55
-1.37-1.37
2023/2024
2024/2025
-1.5
-1.25
-1
-0.75
-0.5
-0.25
0'

28-03-2025T08:31:25 - [TEST_STEP][PASSED] - n = n + 6: null

28-03-2025T08:31:25 - [TEST_STEP][PASSED] - Script1686231490255.WriteToExcel(user, dashboardName, n, data, run, a1, a2, a3, a4, a5, a6, a7, a8, a9): null

28-03-2025T08:31:25 - [TEST_STEP][PASSED] - sheetName = "Sheet1": null

28-03-2025T08:31:25 - [TEST_STEP][PASSED] - workbook01 = getWorkbook(excelFilePath): null

28-03-2025T08:31:25 - [TEST_STEP][PASSED] - sheet01 = getExcelSheet(workbook01, sheetName): null

28-03-2025T08:31:25 - [TEST_STEP][PASSED] - setValueToCellByIndex(sheet01, n, 0, dashboardName): null

28-03-2025T08:31:25 - [TEST_STEP][PASSED] - setValueToCellByIndex(sheet01, n, 10, user): null

28-03-2025T08:31:25 - [TEST_STEP][PASSED] - setValueToCellByIndex(sheet01, n, 1, a1): null

28-03-2025T08:31:25 - [TEST_STEP][PASSED] - setValueToCellByIndex(sheet01, n, 2, a2): null

28-03-2025T08:31:25 - [TEST_STEP][PASSED] - setValueToCellByIndex(sheet01, n, 3, a3): null

28-03-2025T08:31:25 - [TEST_STEP][PASSED] - setValueToCellByIndex(sheet01, n, 4, a4): null

28-03-2025T08:31:25 - [TEST_STEP][PASSED] - setValueToCellByIndex(sheet01, n, 5, a5): null

28-03-2025T08:31:25 - [TEST_STEP][PASSED] - setValueToCellByIndex(sheet01, n, 6, a6): null

28-03-2025T08:31:25 - [TEST_STEP][PASSED] - setValueToCellByIndex(sheet01, n, 7, a7): null

28-03-2025T08:31:25 - [TEST_STEP][PASSED] - setValueToCellByIndex(sheet01, n, 8, a8): null

28-03-2025T08:31:25 - [TEST_STEP][PASSED] - setValueToCellByIndex(sheet01, n, 9, a9): null

28-03-2025T08:31:25 - [TEST_STEP][PASSED] - n = n + 1: null

28-03-2025T08:31:25 - [TEST_STEP][PASSED] - saveWorkbook(excelFilePath, workbook01): null

28-03-2025T08:31:26 - [TEST_STEP][PASSED] - if (run == 2): null

28-03-2025T08:31:26 - [TEST_STEP][PASSED] - if (run == 3): null

28-03-2025T08:31:26 - [TEST_STEP][PASSED] - closeBrowser(): null

28-03-2025T08:31:26 - [MESSAGE][PASSED] - Browser is closed

28-03-2025T08:31:26 - [TEST_STEP][PASSED] - ObyemPoter(user, dashboardName, n, data, run, a1, a2, a3, a4, a5, a6, a7, a8, a9, urlData): null

28-03-2025T08:31:26 - [TEST_STEP][PASSED] - n = data.getRowNumbers() + 1: null

28-03-2025T08:31:26 - [TEST_STEP][PASSED] - println(n): null

28-03-2025T08:31:26 - [TEST_STEP][PASSED] - dashboardName = "Объём потерь": null

28-03-2025T08:31:26 - [TEST_STEP][PASSED] - openBrowser(""): Browser is opened with url: ''

28-03-2025T08:31:26 - [MESSAGE][INFO] - Starting 'Chrome' driver

28-03-2025T08:31:26 - [MESSAGE][INFO] - Action delay is set to 0 milliseconds

28-03-2025T08:31:27 - [MESSAGE][PASSED] - Browser is opened with url: ''

28-03-2025T08:31:27 - [TEST_STEP][PASSED] - urlData = 14: null

28-03-2025T08:31:27 - [TEST_STEP][PASSED] - Script1686231490255.CheckPageDownload(urlData, run): null

28-03-2025T08:31:27 - [TEST_STEP][PASSED] - i = 1: null

28-03-2025T08:31:27 - [TEST_STEP][PASSED] - ii = 0: null

28-03-2025T08:31:27 - [TEST_STEP][PASSED] - urlText = <not implemented yet for class: org.codehaus.groovy.ast.expr.EmptyExpression>: null

28-03-2025T08:31:27 - [TEST_STEP][PASSED] - searchWord = <not implemented yet for class: org.codehaus.groovy.ast.expr.EmptyExpression>: null

28-03-2025T08:31:27 - [TEST_STEP][PASSED] - deleteAllCookies(): Delete all cookies successfully

28-03-2025T08:31:27 - [MESSAGE][PASSED] - Delete all cookies successfully

28-03-2025T08:31:27 - [TEST_STEP][PASSED] - refresh(): Refresh successfully

28-03-2025T08:31:27 - [MESSAGE][PASSED] - Refresh successfully

28-03-2025T08:31:27 - [TEST_STEP][PASSED] - delay(70): Delayed 70 second(s)

28-03-2025T08:32:37 - [MESSAGE][PASSED] - Delayed 70 second(s)

28-03-2025T08:32:37 - [TEST_STEP][PASSED] - navigateToUrl(findTestData("PlanFact").getValue(10, urlData)): Navigate to 'https://bi.rosseti.digital/viewer?dashboardGuid=d154a8eaf6824e2b9de1bb04dd061c18&sheetGuid=aa9766f159804cfeb6006ba98edf3a23&fit=true' successfully

28-03-2025T08:32:41 - [MESSAGE][PASSED] - Navigate to 'https://bi.rosseti.digital/viewer?dashboardGuid=d154a8eaf6824e2b9de1bb04dd061c18&sheetGuid=aa9766f159804cfeb6006ba98edf3a23&fit=true' successfully

28-03-2025T08:32:41 - [TEST_STEP][PASSED] - pageLoaded1 = verifyElementPresent(findTestObject("Страница авторизации/Text"), 30): Object 'Object Repository/Страница авторизации/Text' is present

28-03-2025T08:32:42 - [MESSAGE][PASSED] - Object 'Object Repository/Страница авторизации/Text' is present

28-03-2025T08:32:42 - [TEST_STEP][PASSED] - if (pageLoaded1 == false): null

28-03-2025T08:32:42 - [TEST_STEP][PASSED] - urlText = getText(findTestObject("Страница авторизации/Text")): Text of object 'Object Repository/Страница авторизации/Text' is: 'Вход'

28-03-2025T08:32:43 - [MESSAGE][PASSED] - Text of object 'Object Repository/Страница авторизации/Text' is: 'Вход'

28-03-2025T08:32:43 - [TEST_STEP][PASSED] - delay(70): Delayed 70 second(s)

28-03-2025T08:33:53 - [MESSAGE][PASSED] - Delayed 70 second(s)

28-03-2025T08:33:53 - [TEST_STEP][PASSED] - searchWord = "Вход": null

28-03-2025T08:33:53 - [TEST_STEP][PASSED] - if (urlText.contains(searchWord) == false): null

28-03-2025T08:33:53 - [TEST_STEP][PASSED] - setText(findTestObject("Страница авторизации/input__username"), findTestData("PlanFact").getValue(8, run)): Text 'Andreeva-EV' is set on object 'Object Repository/Страница авторизации/input__username'

28-03-2025T08:33:53 - [MESSAGE][PASSED] - Text 'Andreeva-EV' is set on object 'Object Repository/Страница авторизации/input__username'

28-03-2025T08:33:53 - [TEST_STEP][PASSED] - setText(findTestObject("Страница авторизации/input__password"), findTestData("PlanFact").getValue(9, run)): Text '2nPePKDwCPH3ul7xMZ' is set on object 'Object Repository/Страница авторизации/input__password'

28-03-2025T08:33:54 - [MESSAGE][PASSED] - Text '2nPePKDwCPH3ul7xMZ' is set on object 'Object Repository/Страница авторизации/input__password'

28-03-2025T08:33:54 - [TEST_STEP][PASSED] - click(findTestObject("Страница авторизации/button_")): Object: 'Object Repository/Страница авторизации/button_' is clicked on

28-03-2025T08:33:55 - [MESSAGE][PASSED] - Object: 'Object Repository/Страница авторизации/button_' is clicked on

28-03-2025T08:33:55 - [TEST_STEP][PASSED] - delay(70): Delayed 70 second(s)

28-03-2025T08:35:05 - [MESSAGE][PASSED] - Delayed 70 second(s)

28-03-2025T08:35:05 - [TEST_STEP][PASSED] - searchWord = "а": null

28-03-2025T08:35:05 - [TEST_STEP][PASSED] - pageLoaded2 = verifyElementPresent(findTestObject("Страница авторизации/Text"), 50): Object 'Object Repository/Страница авторизации/Text' is present

28-03-2025T08:35:06 - [MESSAGE][PASSED] - Object 'Object Repository/Страница авторизации/Text' is present

28-03-2025T08:35:06 - [TEST_STEP][PASSED] - if (pageLoaded2 == false): null

28-03-2025T08:35:06 - [TEST_STEP][PASSED] - urlText = getText(findTestObject("Страница авторизации/Text")): Text of object 'Object Repository/Страница авторизации/Text' is: 'ДЗО 
Все
Период
Выбрано: 6
тыс. кВт⋅ч
п.п.
Объем потерь
15 987 82615 987 826
17 116 66617 116 666
7 764 5527 764 552
2023 год
2024 год
2025 год
0
2 500
5 000
7 500
10 000
12 500
15 000
17 500
20 000
Уровень потерь
10.1310.13
9.589.58
8.218.21
Факт
2023 год
2024 год
2025 год
0
2
4
6
8
10
12
●● Отклонения, тыс. кВт⋅ч
тыс. кВт⋅ч
Отклонения объема потерь
1 128 8401 128 840
-9 352 114-9 352 114
2023/2024
2024/2025
-10 000 000
0
-7 500 000
-5 000 000
-2 500 000
2 500 000
●● Отклонения, п.п.
п.п.
Отклонения уровня потерь
-0.55-0.55
-1.37-1.37
2023/2024
2024/2025
-1.5
-1.25
-1
-0.75
-0.5
-0.25
0
Фактические данные по объему и уровню потерь электроэнергии'

28-03-2025T08:35:06 - [MESSAGE][PASSED] - Text of object 'Object Repository/Страница авторизации/Text' is: 'ДЗО 
Все
Период
Выбрано: 6
тыс. кВт⋅ч
п.п.
Объем потерь
15 987 82615 987 826
17 116 66617 116 666
7 764 5527 764 552
2023 год
2024 год
2025 год
0
2 500
5 000
7 500
10 000
12 500
15 000
17 500
20 000
Уровень потерь
10.1310.13
9.589.58
8.218.21
Факт
2023 год
2024 год
2025 год
0
2
4
6
8
10
12
●● Отклонения, тыс. кВт⋅ч
тыс. кВт⋅ч
Отклонения объема потерь
1 128 8401 128 840
-9 352 114-9 352 114
2023/2024
2024/2025
-10 000 000
0
-7 500 000
-5 000 000
-2 500 000
2 500 000
●● Отклонения, п.п.
п.п.
Отклонения уровня потерь
-0.55-0.55
-1.37-1.37
2023/2024
2024/2025
-1.5
-1.25
-1
-0.75
-0.5
-0.25
0
Фактические данные по объему и уровню потерь электроэнергии'

28-03-2025T08:35:06 - [TEST_STEP][PASSED] - if (urlText.contains("ошибка") || urlText.contains(searchWord) == false): null

28-03-2025T08:35:06 - [TEST_STEP][PASSED] - a9 = "": null

28-03-2025T08:35:06 - [TEST_STEP][PASSED] - a3 = "": null

28-03-2025T08:35:06 - [TEST_STEP][PASSED] - a6 = "": null

28-03-2025T08:35:06 - [TEST_STEP][PASSED] - if (run == 1): null

28-03-2025T08:35:06 - [TEST_STEP][PASSED] - if (run == 2): null

28-03-2025T08:35:06 - [TEST_STEP][PASSED] - user = "Андреева": null

28-03-2025T08:35:06 - [TEST_STEP][PASSED] - a1 = getText(findTestObject("Объем потерь/divObemPoter")): Text of object 'Object Repository/Объем потерь/divObemPoter' is: 'Объем потерь
15 987 82615 987 826
17 116 66617 116 666
7 764 5527 764 552
2023 год
2024 год
2025 год
0
2 500
5 000
7 500
10 000
12 500
15 000
17 500
20 000'

28-03-2025T08:35:07 - [MESSAGE][PASSED] - Text of object 'Object Repository/Объем потерь/divObemPoter' is: 'Объем потерь
15 987 82615 987 826
17 116 66617 116 666
7 764 5527 764 552
2023 год
2024 год
2025 год
0
2 500
5 000
7 500
10 000
12 500
15 000
17 500
20 000'

28-03-2025T08:35:07 - [TEST_STEP][PASSED] - a2 = getText(findTestObject("Объем потерь/divUrovenPoter")): Text of object 'Object Repository/Объем потерь/divUrovenPoter' is: 'Уровень потерь
10.1310.13
9.589.58
8.218.21
Факт
2023 год
2024 год
2025 год
0
2
4
6
8
10
12'

28-03-2025T08:35:07 - [MESSAGE][PASSED] - Text of object 'Object Repository/Объем потерь/divUrovenPoter' is: 'Уровень потерь
10.1310.13
9.589.58
8.218.21
Факт
2023 год
2024 год
2025 год
0
2
4
6
8
10
12'

28-03-2025T08:35:07 - [TEST_STEP][PASSED] - a3 = getText(findTestObject("Объем потерь/divOtkloneniyaObemaPoter")): Text of object 'Object Repository/Объем потерь/divOtkloneniyaObemaPoter' is: '●● Отклонения, тыс. кВт⋅ч
тыс. кВт⋅ч
Отклонения объема потерь
1 128 8401 128 840
-9 352 114-9 352 114
2023/2024
2024/2025
-10 000 000
0
-7 500 000
-5 000 000
-2 500 000
2 500 000'

28-03-2025T08:35:07 - [MESSAGE][PASSED] - Text of object 'Object Repository/Объем потерь/divOtkloneniyaObemaPoter' is: '●● Отклонения, тыс. кВт⋅ч
тыс. кВт⋅ч
Отклонения объема потерь
1 128 8401 128 840
-9 352 114-9 352 114
2023/2024
2024/2025
-10 000 000
0
-7 500 000
-5 000 000
-2 500 000
2 500 000'

28-03-2025T08:35:07 - [TEST_STEP][PASSED] - a4 = getText(findTestObject("Объем потерь/divOtkloneniyaUrovnyaPoter")): Text of object 'Object Repository/Объем потерь/divOtkloneniyaUrovnyaPoter' is: '●● Отклонения, п.п.
п.п.
Отклонения уровня потерь
-0.55-0.55
-1.37-1.37
2023/2024
2024/2025
-1.5
-1.25
-1
-0.75
-0.5
-0.25
0'

28-03-2025T08:35:07 - [MESSAGE][PASSED] - Text of object 'Object Repository/Объем потерь/divOtkloneniyaUrovnyaPoter' is: '●● Отклонения, п.п.
п.п.
Отклонения уровня потерь
-0.55-0.55
-1.37-1.37
2023/2024
2024/2025
-1.5
-1.25
-1
-0.75
-0.5
-0.25
0'

28-03-2025T08:35:07 - [TEST_STEP][PASSED] - n = n + 7: null

28-03-2025T08:35:07 - [TEST_STEP][PASSED] - b = n - run + 1: null

28-03-2025T08:35:07 - [TEST_STEP][PASSED] - verifyEqual(findTestData("PlanFact").getValue(2, b), a1): Actual object 'Объем потерь
15 987 82615 987 826
17 116 66617 116 666
7 764 5527 764 552
2023 год
2024 год
2025 год
0
2 500
5 000
7 500
10 000
12 500
15 000
17 500
20 000' and expected object 'Объем потерь
15 987 82615 987 826
17 116 66617 116 666
7 764 5527 764 552
2023 год
2024 год
2025 год
0
2 500
5 000
7 500
10 000
12 500
15 000
17 500
20 000' are equal

28-03-2025T08:35:08 - [MESSAGE][PASSED] - Actual object 'Объем потерь
15 987 82615 987 826
17 116 66617 116 666
7 764 5527 764 552
2023 год
2024 год
2025 год
0
2 500
5 000
7 500
10 000
12 500
15 000
17 500
20 000' and expected object 'Объем потерь
15 987 82615 987 826
17 116 66617 116 666
7 764 5527 764 552
2023 год
2024 год
2025 год
0
2 500
5 000
7 500
10 000
12 500
15 000
17 500
20 000' are equal

28-03-2025T08:35:08 - [TEST_STEP][PASSED] - verifyEqual(findTestData("PlanFact").getValue(3, b), a2): Actual object 'Уровень потерь
10.1310.13
9.589.58
8.218.21
Факт
2023 год
2024 год
2025 год
0
2
4
6
8
10
12' and expected object 'Уровень потерь
10.1310.13
9.589.58
8.218.21
Факт
2023 год
2024 год
2025 год
0
2
4
6
8
10
12' are equal

28-03-2025T08:35:08 - [MESSAGE][PASSED] - Actual object 'Уровень потерь
10.1310.13
9.589.58
8.218.21
Факт
2023 год
2024 год
2025 год
0
2
4
6
8
10
12' and expected object 'Уровень потерь
10.1310.13
9.589.58
8.218.21
Факт
2023 год
2024 год
2025 год
0
2
4
6
8
10
12' are equal

28-03-2025T08:35:08 - [TEST_STEP][PASSED] - verifyEqual(findTestData("PlanFact").getValue(4, b), a3): Actual object '●● Отклонения, тыс. кВт⋅ч
тыс. кВт⋅ч
Отклонения объема потерь
1 128 8401 128 840
-9 352 114-9 352 114
2023/2024
2024/2025
-10 000 000
0
-7 500 000
-5 000 000
-2 500 000
2 500 000' and expected object '●● Отклонения, тыс. кВт⋅ч
тыс. кВт⋅ч
Отклонения объема потерь
1 128 8401 128 840
-9 352 114-9 352 114
2023/2024
2024/2025
-10 000 000
0
-7 500 000
-5 000 000
-2 500 000
2 500 000' are equal

28-03-2025T08:35:08 - [MESSAGE][PASSED] - Actual object '●● Отклонения, тыс. кВт⋅ч
тыс. кВт⋅ч
Отклонения объема потерь
1 128 8401 128 840
-9 352 114-9 352 114
2023/2024
2024/2025
-10 000 000
0
-7 500 000
-5 000 000
-2 500 000
2 500 000' and expected object '●● Отклонения, тыс. кВт⋅ч
тыс. кВт⋅ч
Отклонения объема потерь
1 128 8401 128 840
-9 352 114-9 352 114
2023/2024
2024/2025
-10 000 000
0
-7 500 000
-5 000 000
-2 500 000
2 500 000' are equal

28-03-2025T08:35:08 - [TEST_STEP][PASSED] - verifyEqual(findTestData("PlanFact").getValue(5, b), a4): Actual object '●● Отклонения, п.п.
п.п.
Отклонения уровня потерь
-0.55-0.55
-1.37-1.37
2023/2024
2024/2025
-1.5
-1.25
-1
-0.75
-0.5
-0.25
0' and expected object '●● Отклонения, п.п.
п.п.
Отклонения уровня потерь
-0.55-0.55
-1.37-1.37
2023/2024
2024/2025
-1.5
-1.25
-1
-0.75
-0.5
-0.25
0' are equal

28-03-2025T08:35:08 - [MESSAGE][PASSED] - Actual object '●● Отклонения, п.п.
п.п.
Отклонения уровня потерь
-0.55-0.55
-1.37-1.37
2023/2024
2024/2025
-1.5
-1.25
-1
-0.75
-0.5
-0.25
0' and expected object '●● Отклонения, п.п.
п.п.
Отклонения уровня потерь
-0.55-0.55
-1.37-1.37
2023/2024
2024/2025
-1.5
-1.25
-1
-0.75
-0.5
-0.25
0' are equal

28-03-2025T08:35:08 - [TEST_STEP][PASSED] - Script1686231490255.WriteToExcel(user, dashboardName, n, data, run, a1, a2, a3, a4, a5, a6, a7, a8, a9): null

28-03-2025T08:35:08 - [TEST_STEP][PASSED] - sheetName = "Sheet1": null

28-03-2025T08:35:08 - [TEST_STEP][PASSED] - workbook01 = getWorkbook(excelFilePath): null

28-03-2025T08:35:08 - [TEST_STEP][PASSED] - sheet01 = getExcelSheet(workbook01, sheetName): null

28-03-2025T08:35:08 - [TEST_STEP][PASSED] - setValueToCellByIndex(sheet01, n, 0, dashboardName): null

28-03-2025T08:35:08 - [TEST_STEP][PASSED] - setValueToCellByIndex(sheet01, n, 10, user): null

28-03-2025T08:35:08 - [TEST_STEP][PASSED] - setValueToCellByIndex(sheet01, n, 1, a1): null

28-03-2025T08:35:08 - [TEST_STEP][PASSED] - setValueToCellByIndex(sheet01, n, 2, a2): null

28-03-2025T08:35:08 - [TEST_STEP][PASSED] - setValueToCellByIndex(sheet01, n, 3, a3): null

28-03-2025T08:35:08 - [TEST_STEP][PASSED] - setValueToCellByIndex(sheet01, n, 4, a4): null

28-03-2025T08:35:08 - [TEST_STEP][PASSED] - setValueToCellByIndex(sheet01, n, 5, a5): null

28-03-2025T08:35:08 - [TEST_STEP][PASSED] - setValueToCellByIndex(sheet01, n, 6, a6): null

28-03-2025T08:35:08 - [TEST_STEP][PASSED] - setValueToCellByIndex(sheet01, n, 7, a7): null

28-03-2025T08:35:08 - [TEST_STEP][PASSED] - setValueToCellByIndex(sheet01, n, 8, a8): null

28-03-2025T08:35:08 - [TEST_STEP][PASSED] - setValueToCellByIndex(sheet01, n, 9, a9): null

28-03-2025T08:35:08 - [TEST_STEP][PASSED] - n = n + 1: null

28-03-2025T08:35:08 - [TEST_STEP][PASSED] - saveWorkbook(excelFilePath, workbook01): null

28-03-2025T08:35:08 - [TEST_STEP][PASSED] - if (run == 3): null

28-03-2025T08:35:08 - [TEST_STEP][PASSED] - closeBrowser(): null

28-03-2025T08:35:08 - [MESSAGE][PASSED] - Browser is closed

28-03-2025T08:35:08 - [TEST_STEP][PASSED] - ObyemPoter(user, dashboardName, n, data, run, a1, a2, a3, a4, a5, a6, a7, a8, a9, urlData): null

28-03-2025T08:35:08 - [TEST_STEP][PASSED] - n = data.getRowNumbers() + 1: null

28-03-2025T08:35:08 - [TEST_STEP][PASSED] - println(n): null

28-03-2025T08:35:08 - [TEST_STEP][PASSED] - dashboardName = "Объём потерь": null

28-03-2025T08:35:08 - [TEST_STEP][PASSED] - openBrowser(""): Browser is opened with url: ''

28-03-2025T08:35:08 - [MESSAGE][INFO] - Starting 'Chrome' driver

28-03-2025T08:35:08 - [MESSAGE][INFO] - Action delay is set to 0 milliseconds

28-03-2025T08:35:09 - [MESSAGE][PASSED] - Browser is opened with url: ''

28-03-2025T08:35:09 - [TEST_STEP][PASSED] - urlData = 14: null

28-03-2025T08:35:09 - [TEST_STEP][PASSED] - Script1686231490255.CheckPageDownload(urlData, run): null

28-03-2025T08:35:09 - [TEST_STEP][PASSED] - i = 1: null

28-03-2025T08:35:09 - [TEST_STEP][PASSED] - ii = 0: null

28-03-2025T08:35:09 - [TEST_STEP][PASSED] - urlText = <not implemented yet for class: org.codehaus.groovy.ast.expr.EmptyExpression>: null

28-03-2025T08:35:09 - [TEST_STEP][PASSED] - searchWord = <not implemented yet for class: org.codehaus.groovy.ast.expr.EmptyExpression>: null

28-03-2025T08:35:09 - [TEST_STEP][PASSED] - deleteAllCookies(): Delete all cookies successfully

28-03-2025T08:35:09 - [MESSAGE][PASSED] - Delete all cookies successfully

28-03-2025T08:35:09 - [TEST_STEP][PASSED] - refresh(): Refresh successfully

28-03-2025T08:35:09 - [MESSAGE][PASSED] - Refresh successfully

28-03-2025T08:35:09 - [TEST_STEP][PASSED] - delay(70): Delayed 70 second(s)

28-03-2025T08:36:19 - [MESSAGE][PASSED] - Delayed 70 second(s)

28-03-2025T08:36:19 - [TEST_STEP][PASSED] - navigateToUrl(findTestData("PlanFact").getValue(10, urlData)): Navigate to 'https://bi.rosseti.digital/viewer?dashboardGuid=d154a8eaf6824e2b9de1bb04dd061c18&sheetGuid=aa9766f159804cfeb6006ba98edf3a23&fit=true' successfully

28-03-2025T08:36:23 - [MESSAGE][PASSED] - Navigate to 'https://bi.rosseti.digital/viewer?dashboardGuid=d154a8eaf6824e2b9de1bb04dd061c18&sheetGuid=aa9766f159804cfeb6006ba98edf3a23&fit=true' successfully

28-03-2025T08:36:23 - [TEST_STEP][PASSED] - pageLoaded1 = verifyElementPresent(findTestObject("Страница авторизации/Text"), 30): Object 'Object Repository/Страница авторизации/Text' is present

28-03-2025T08:36:24 - [MESSAGE][PASSED] - Object 'Object Repository/Страница авторизации/Text' is present

28-03-2025T08:36:24 - [TEST_STEP][PASSED] - if (pageLoaded1 == false): null

28-03-2025T08:36:24 - [TEST_STEP][PASSED] - urlText = getText(findTestObject("Страница авторизации/Text")): Text of object 'Object Repository/Страница авторизации/Text' is: 'Вход'

28-03-2025T08:36:25 - [MESSAGE][PASSED] - Text of object 'Object Repository/Страница авторизации/Text' is: 'Вход'

28-03-2025T08:36:25 - [TEST_STEP][PASSED] - delay(70): Delayed 70 second(s)

28-03-2025T08:37:35 - [MESSAGE][PASSED] - Delayed 70 second(s)

28-03-2025T08:37:35 - [TEST_STEP][PASSED] - searchWord = "Вход": null

28-03-2025T08:37:35 - [TEST_STEP][PASSED] - if (urlText.contains(searchWord) == false): null

28-03-2025T08:37:35 - [TEST_STEP][PASSED] - setText(findTestObject("Страница авторизации/input__username"), findTestData("PlanFact").getValue(8, run)): Text 'Petrova-OV' is set on object 'Object Repository/Страница авторизации/input__username'

28-03-2025T08:37:35 - [MESSAGE][PASSED] - Text 'Petrova-OV' is set on object 'Object Repository/Страница авторизации/input__username'

28-03-2025T08:37:35 - [TEST_STEP][PASSED] - setText(findTestObject("Страница авторизации/input__password"), findTestData("PlanFact").getValue(9, run)): Text '4Ex@~R53r&3x&BVe7' is set on object 'Object Repository/Страница авторизации/input__password'

28-03-2025T08:37:36 - [MESSAGE][PASSED] - Text '4Ex@~R53r&3x&BVe7' is set on object 'Object Repository/Страница авторизации/input__password'

28-03-2025T08:37:36 - [TEST_STEP][PASSED] - click(findTestObject("Страница авторизации/button_")): Object: 'Object Repository/Страница авторизации/button_' is clicked on

28-03-2025T08:37:37 - [MESSAGE][PASSED] - Object: 'Object Repository/Страница авторизации/button_' is clicked on

28-03-2025T08:37:37 - [TEST_STEP][PASSED] - delay(70): Delayed 70 second(s)

28-03-2025T08:38:47 - [MESSAGE][PASSED] - Delayed 70 second(s)

28-03-2025T08:38:47 - [TEST_STEP][PASSED] - searchWord = "а": null

28-03-2025T08:38:47 - [TEST_STEP][PASSED] - pageLoaded2 = verifyElementPresent(findTestObject("Страница авторизации/Text"), 50): Object 'Object Repository/Страница авторизации/Text' is present

28-03-2025T08:38:48 - [MESSAGE][PASSED] - Object 'Object Repository/Страница авторизации/Text' is present

28-03-2025T08:38:48 - [TEST_STEP][PASSED] - if (pageLoaded2 == false): null

28-03-2025T08:38:48 - [TEST_STEP][PASSED] - urlText = getText(findTestObject("Страница авторизации/Text")): Text of object 'Object Repository/Страница авторизации/Text' is: 'ДЗО 
Все
Период
Выбрано: 6
тыс. кВт⋅ч
п.п.
Объем потерь
15 987 82615 987 826
17 116 66617 116 666
7 764 5527 764 552
2023 год
2024 год
2025 год
0
2 500
5 000
7 500
10 000
12 500
15 000
17 500
20 000
Уровень потерь
10.1310.13
9.589.58
8.218.21
Факт
2023 год
2024 год
2025 год
0
2
4
6
8
10
12
●● Отклонения, тыс. кВт⋅ч
тыс. кВт⋅ч
Отклонения объема потерь
1 128 8401 128 840
-9 352 114-9 352 114
2023/2024
2024/2025
-10 000 000
0
-7 500 000
-5 000 000
-2 500 000
2 500 000
●● Отклонения, п.п.
п.п.
Отклонения уровня потерь
-0.55-0.55
-1.37-1.37
2023/2024
2024/2025
-1.5
-1.25
-1
-0.75
-0.5
-0.25
0
Фактические данные по объему и уровню потерь электроэнергии'

28-03-2025T08:38:48 - [MESSAGE][PASSED] - Text of object 'Object Repository/Страница авторизации/Text' is: 'ДЗО 
Все
Период
Выбрано: 6
тыс. кВт⋅ч
п.п.
Объем потерь
15 987 82615 987 826
17 116 66617 116 666
7 764 5527 764 552
2023 год
2024 год
2025 год
0
2 500
5 000
7 500
10 000
12 500
15 000
17 500
20 000
Уровень потерь
10.1310.13
9.589.58
8.218.21
Факт
2023 год
2024 год
2025 год
0
2
4
6
8
10
12
●● Отклонения, тыс. кВт⋅ч
тыс. кВт⋅ч
Отклонения объема потерь
1 128 8401 128 840
-9 352 114-9 352 114
2023/2024
2024/2025
-10 000 000
0
-7 500 000
-5 000 000
-2 500 000
2 500 000
●● Отклонения, п.п.
п.п.
Отклонения уровня потерь
-0.55-0.55
-1.37-1.37
2023/2024
2024/2025
-1.5
-1.25
-1
-0.75
-0.5
-0.25
0
Фактические данные по объему и уровню потерь электроэнергии'

28-03-2025T08:38:48 - [TEST_STEP][PASSED] - if (urlText.contains("ошибка") || urlText.contains(searchWord) == false): null

28-03-2025T08:38:48 - [TEST_STEP][PASSED] - a9 = "": null

28-03-2025T08:38:48 - [TEST_STEP][PASSED] - a3 = "": null

28-03-2025T08:38:48 - [TEST_STEP][PASSED] - a6 = "": null

28-03-2025T08:38:48 - [TEST_STEP][PASSED] - if (run == 1): null

28-03-2025T08:38:48 - [TEST_STEP][PASSED] - if (run == 2): null

28-03-2025T08:38:48 - [TEST_STEP][PASSED] - if (run == 3): null

28-03-2025T08:38:48 - [TEST_STEP][PASSED] - user = "Попова": null

28-03-2025T08:38:48 - [TEST_STEP][PASSED] - a1 = getText(findTestObject("Объем потерь/divObemPoter")): Text of object 'Object Repository/Объем потерь/divObemPoter' is: 'Объем потерь
15 987 82615 987 826
17 116 66617 116 666
7 764 5527 764 552
2023 год
2024 год
2025 год
0
2 500
5 000
7 500
10 000
12 500
15 000
17 500
20 000'

28-03-2025T08:38:48 - [MESSAGE][PASSED] - Text of object 'Object Repository/Объем потерь/divObemPoter' is: 'Объем потерь
15 987 82615 987 826
17 116 66617 116 666
7 764 5527 764 552
2023 год
2024 год
2025 год
0
2 500
5 000
7 500
10 000
12 500
15 000
17 500
20 000'

28-03-2025T08:38:48 - [TEST_STEP][PASSED] - a2 = getText(findTestObject("Объем потерь/divUrovenPoter")): Text of object 'Object Repository/Объем потерь/divUrovenPoter' is: 'Уровень потерь
10.1310.13
9.589.58
8.218.21
Факт
2023 год
2024 год
2025 год
0
2
4
6
8
10
12'

28-03-2025T08:38:49 - [MESSAGE][PASSED] - Text of object 'Object Repository/Объем потерь/divUrovenPoter' is: 'Уровень потерь
10.1310.13
9.589.58
8.218.21
Факт
2023 год
2024 год
2025 год
0
2
4
6
8
10
12'

28-03-2025T08:38:49 - [TEST_STEP][PASSED] - a3 = getText(findTestObject("Объем потерь/divOtkloneniyaObemaPoter")): Text of object 'Object Repository/Объем потерь/divOtkloneniyaObemaPoter' is: '●● Отклонения, тыс. кВт⋅ч
тыс. кВт⋅ч
Отклонения объема потерь
1 128 8401 128 840
-9 352 114-9 352 114
2023/2024
2024/2025
-10 000 000
0
-7 500 000
-5 000 000
-2 500 000
2 500 000'

28-03-2025T08:38:49 - [MESSAGE][PASSED] - Text of object 'Object Repository/Объем потерь/divOtkloneniyaObemaPoter' is: '●● Отклонения, тыс. кВт⋅ч
тыс. кВт⋅ч
Отклонения объема потерь
1 128 8401 128 840
-9 352 114-9 352 114
2023/2024
2024/2025
-10 000 000
0
-7 500 000
-5 000 000
-2 500 000
2 500 000'

28-03-2025T08:38:49 - [TEST_STEP][PASSED] - a4 = getText(findTestObject("Объем потерь/divOtkloneniyaUrovnyaPoter")): Text of object 'Object Repository/Объем потерь/divOtkloneniyaUrovnyaPoter' is: '●● Отклонения, п.п.
п.п.
Отклонения уровня потерь
-0.55-0.55
-1.37-1.37
2023/2024
2024/2025
-1.5
-1.25
-1
-0.75
-0.5
-0.25
0'

28-03-2025T08:38:49 - [MESSAGE][PASSED] - Text of object 'Object Repository/Объем потерь/divOtkloneniyaUrovnyaPoter' is: '●● Отклонения, п.п.
п.п.
Отклонения уровня потерь
-0.55-0.55
-1.37-1.37
2023/2024
2024/2025
-1.5
-1.25
-1
-0.75
-0.5
-0.25
0'

28-03-2025T08:38:49 - [TEST_STEP][PASSED] - n = n + 8: null

28-03-2025T08:38:49 - [TEST_STEP][PASSED] - b = n - run + 1: null

28-03-2025T08:38:49 - [TEST_STEP][PASSED] - verifyEqual(findTestData("PlanFact").getValue(2, b), a1): Actual object 'Объем потерь
15 987 82615 987 826
17 116 66617 116 666
7 764 5527 764 552
2023 год
2024 год
2025 год
0
2 500
5 000
7 500
10 000
12 500
15 000
17 500
20 000' and expected object 'Объем потерь
15 987 82615 987 826
17 116 66617 116 666
7 764 5527 764 552
2023 год
2024 год
2025 год
0
2 500
5 000
7 500
10 000
12 500
15 000
17 500
20 000' are equal

28-03-2025T08:38:49 - [MESSAGE][PASSED] - Actual object 'Объем потерь
15 987 82615 987 826
17 116 66617 116 666
7 764 5527 764 552
2023 год
2024 год
2025 год
0
2 500
5 000
7 500
10 000
12 500
15 000
17 500
20 000' and expected object 'Объем потерь
15 987 82615 987 826
17 116 66617 116 666
7 764 5527 764 552
2023 год
2024 год
2025 год
0
2 500
5 000
7 500
10 000
12 500
15 000
17 500
20 000' are equal

28-03-2025T08:38:49 - [TEST_STEP][PASSED] - verifyEqual(findTestData("PlanFact").getValue(3, b), a2): Actual object 'Уровень потерь
10.1310.13
9.589.58
8.218.21
Факт
2023 год
2024 год
2025 год
0
2
4
6
8
10
12' and expected object 'Уровень потерь
10.1310.13
9.589.58
8.218.21
Факт
2023 год
2024 год
2025 год
0
2
4
6
8
10
12' are equal

28-03-2025T08:38:49 - [MESSAGE][PASSED] - Actual object 'Уровень потерь
10.1310.13
9.589.58
8.218.21
Факт
2023 год
2024 год
2025 год
0
2
4
6
8
10
12' and expected object 'Уровень потерь
10.1310.13
9.589.58
8.218.21
Факт
2023 год
2024 год
2025 год
0
2
4
6
8
10
12' are equal

28-03-2025T08:38:49 - [TEST_STEP][PASSED] - verifyEqual(findTestData("PlanFact").getValue(4, b), a3): Actual object '●● Отклонения, тыс. кВт⋅ч
тыс. кВт⋅ч
Отклонения объема потерь
1 128 8401 128 840
-9 352 114-9 352 114
2023/2024
2024/2025
-10 000 000
0
-7 500 000
-5 000 000
-2 500 000
2 500 000' and expected object '●● Отклонения, тыс. кВт⋅ч
тыс. кВт⋅ч
Отклонения объема потерь
1 128 8401 128 840
-9 352 114-9 352 114
2023/2024
2024/2025
-10 000 000
0
-7 500 000
-5 000 000
-2 500 000
2 500 000' are equal

28-03-2025T08:38:49 - [MESSAGE][PASSED] - Actual object '●● Отклонения, тыс. кВт⋅ч
тыс. кВт⋅ч
Отклонения объема потерь
1 128 8401 128 840
-9 352 114-9 352 114
2023/2024
2024/2025
-10 000 000
0
-7 500 000
-5 000 000
-2 500 000
2 500 000' and expected object '●● Отклонения, тыс. кВт⋅ч
тыс. кВт⋅ч
Отклонения объема потерь
1 128 8401 128 840
-9 352 114-9 352 114
2023/2024
2024/2025
-10 000 000
0
-7 500 000
-5 000 000
-2 500 000
2 500 000' are equal

28-03-2025T08:38:49 - [TEST_STEP][PASSED] - verifyEqual(findTestData("PlanFact").getValue(5, b), a4): Actual object '●● Отклонения, п.п.
п.п.
Отклонения уровня потерь
-0.55-0.55
-1.37-1.37
2023/2024
2024/2025
-1.5
-1.25
-1
-0.75
-0.5
-0.25
0' and expected object '●● Отклонения, п.п.
п.п.
Отклонения уровня потерь
-0.55-0.55
-1.37-1.37
2023/2024
2024/2025
-1.5
-1.25
-1
-0.75
-0.5
-0.25
0' are equal

28-03-2025T08:38:50 - [MESSAGE][PASSED] - Actual object '●● Отклонения, п.п.
п.п.
Отклонения уровня потерь
-0.55-0.55
-1.37-1.37
2023/2024
2024/2025
-1.5
-1.25
-1
-0.75
-0.5
-0.25
0' and expected object '●● Отклонения, п.п.
п.п.
Отклонения уровня потерь
-0.55-0.55
-1.37-1.37
2023/2024
2024/2025
-1.5
-1.25
-1
-0.75
-0.5
-0.25
0' are equal

28-03-2025T08:38:50 - [TEST_STEP][PASSED] - Script1686231490255.WriteToExcel(user, dashboardName, n, data, run, a1, a2, a3, a4, a5, a6, a7, a8, a9): null

28-03-2025T08:38:50 - [TEST_STEP][PASSED] - sheetName = "Sheet1": null

28-03-2025T08:38:50 - [TEST_STEP][PASSED] - workbook01 = getWorkbook(excelFilePath): null

28-03-2025T08:38:50 - [TEST_STEP][PASSED] - sheet01 = getExcelSheet(workbook01, sheetName): null

28-03-2025T08:38:50 - [TEST_STEP][PASSED] - setValueToCellByIndex(sheet01, n, 0, dashboardName): null

28-03-2025T08:38:50 - [TEST_STEP][PASSED] - setValueToCellByIndex(sheet01, n, 10, user): null

28-03-2025T08:38:50 - [TEST_STEP][PASSED] - setValueToCellByIndex(sheet01, n, 1, a1): null

28-03-2025T08:38:50 - [TEST_STEP][PASSED] - setValueToCellByIndex(sheet01, n, 2, a2): null

28-03-2025T08:38:50 - [TEST_STEP][PASSED] - setValueToCellByIndex(sheet01, n, 3, a3): null

28-03-2025T08:38:50 - [TEST_STEP][PASSED] - setValueToCellByIndex(sheet01, n, 4, a4): null

28-03-2025T08:38:50 - [TEST_STEP][PASSED] - setValueToCellByIndex(sheet01, n, 5, a5): null

28-03-2025T08:38:50 - [TEST_STEP][PASSED] - setValueToCellByIndex(sheet01, n, 6, a6): null

28-03-2025T08:38:50 - [TEST_STEP][PASSED] - setValueToCellByIndex(sheet01, n, 7, a7): null

28-03-2025T08:38:50 - [TEST_STEP][PASSED] - setValueToCellByIndex(sheet01, n, 8, a8): null

28-03-2025T08:38:50 - [TEST_STEP][PASSED] - setValueToCellByIndex(sheet01, n, 9, a9): null

28-03-2025T08:38:50 - [TEST_STEP][PASSED] - n = n + 1: null

28-03-2025T08:38:50 - [TEST_STEP][PASSED] - saveWorkbook(excelFilePath, workbook01): null

28-03-2025T08:38:50 - [TEST_STEP][PASSED] - closeBrowser(): Browser is closed

28-03-2025T08:38:50 - [MESSAGE][PASSED] - Browser is closed

28-03-2025T08:38:50 - [TEST_STEP][PASSED] - delay(70): Delayed 70 second(s)

28-03-2025T08:40:00 - [MESSAGE][PASSED] - Delayed 70 second(s)

28-03-2025T08:40:00 - [TEST_STEP][PASSED] - for ([run = 1, run < 4, (run++)]): null

28-03-2025T08:40:00 - [TEST_STEP][PASSED] - OtpuskIzSeti(user, dashboardName, n, data, run, a1, a2, a3, a4, a5, a6, a7, a8, a9, urlData): null

28-03-2025T08:40:00 - [TEST_STEP][PASSED] - n = data.getRowNumbers() + 1: null

28-03-2025T08:40:00 - [TEST_STEP][PASSED] - println(n): null

28-03-2025T08:40:00 - [TEST_STEP][PASSED] - dashboardName = "Отпуск из сети": null

28-03-2025T08:40:00 - [TEST_STEP][PASSED] - openBrowser(""): Browser is opened with url: ''

28-03-2025T08:40:00 - [MESSAGE][INFO] - Starting 'Chrome' driver

28-03-2025T08:40:00 - [MESSAGE][INFO] - Action delay is set to 0 milliseconds

28-03-2025T08:40:01 - [MESSAGE][PASSED] - Browser is opened with url: ''

28-03-2025T08:40:01 - [TEST_STEP][PASSED] - urlData = 15: null

28-03-2025T08:40:01 - [TEST_STEP][PASSED] - Script1686231490255.CheckPageDownload(urlData, run): null

28-03-2025T08:40:01 - [TEST_STEP][PASSED] - i = 1: null

28-03-2025T08:40:01 - [TEST_STEP][PASSED] - ii = 0: null

28-03-2025T08:40:01 - [TEST_STEP][PASSED] - urlText = <not implemented yet for class: org.codehaus.groovy.ast.expr.EmptyExpression>: null

28-03-2025T08:40:01 - [TEST_STEP][PASSED] - searchWord = <not implemented yet for class: org.codehaus.groovy.ast.expr.EmptyExpression>: null

28-03-2025T08:40:01 - [TEST_STEP][PASSED] - deleteAllCookies(): Delete all cookies successfully

28-03-2025T08:40:01 - [MESSAGE][PASSED] - Delete all cookies successfully

28-03-2025T08:40:01 - [TEST_STEP][PASSED] - refresh(): Refresh successfully

28-03-2025T08:40:01 - [MESSAGE][PASSED] - Refresh successfully

28-03-2025T08:40:01 - [TEST_STEP][PASSED] - delay(70): Delayed 70 second(s)

28-03-2025T08:41:11 - [MESSAGE][PASSED] - Delayed 70 second(s)

28-03-2025T08:41:11 - [TEST_STEP][PASSED] - navigateToUrl(findTestData("PlanFact").getValue(10, urlData)): Navigate to 'https://bi.rosseti.digital/viewer?dashboardGuid=d154a8eaf6824e2b9de1bb04dd061c18&sheetGuid=f217cc6775674247871931fed0993c14&fit=true' successfully

28-03-2025T08:41:15 - [MESSAGE][PASSED] - Navigate to 'https://bi.rosseti.digital/viewer?dashboardGuid=d154a8eaf6824e2b9de1bb04dd061c18&sheetGuid=f217cc6775674247871931fed0993c14&fit=true' successfully

28-03-2025T08:41:15 - [TEST_STEP][PASSED] - pageLoaded1 = verifyElementPresent(findTestObject("Страница авторизации/Text"), 30): Object 'Object Repository/Страница авторизации/Text' is present

28-03-2025T08:41:17 - [MESSAGE][PASSED] - Object 'Object Repository/Страница авторизации/Text' is present

28-03-2025T08:41:17 - [TEST_STEP][PASSED] - if (pageLoaded1 == false): null

28-03-2025T08:41:17 - [TEST_STEP][PASSED] - urlText = getText(findTestObject("Страница авторизации/Text")): Text of object 'Object Repository/Страница авторизации/Text' is: 'Вход'

28-03-2025T08:41:17 - [MESSAGE][PASSED] - Text of object 'Object Repository/Страница авторизации/Text' is: 'Вход'

28-03-2025T08:41:17 - [TEST_STEP][PASSED] - delay(70): Delayed 70 second(s)

28-03-2025T08:42:27 - [MESSAGE][PASSED] - Delayed 70 second(s)

28-03-2025T08:42:27 - [TEST_STEP][PASSED] - searchWord = "Вход": null

28-03-2025T08:42:27 - [TEST_STEP][PASSED] - if (urlText.contains(searchWord) == false): null

28-03-2025T08:42:27 - [TEST_STEP][PASSED] - setText(findTestObject("Страница авторизации/input__username"), findTestData("PlanFact").getValue(8, run)): Text 'liazgina-di' is set on object 'Object Repository/Страница авторизации/input__username'

28-03-2025T08:42:28 - [MESSAGE][PASSED] - Text 'liazgina-di' is set on object 'Object Repository/Страница авторизации/input__username'

28-03-2025T08:42:28 - [TEST_STEP][PASSED] - setText(findTestObject("Страница авторизации/input__password"), findTestData("PlanFact").getValue(9, run)): Text ')$%5srZ8o688Dm#q' is set on object 'Object Repository/Страница авторизации/input__password'

28-03-2025T08:42:29 - [MESSAGE][PASSED] - Text ')$%5srZ8o688Dm#q' is set on object 'Object Repository/Страница авторизации/input__password'

28-03-2025T08:42:29 - [TEST_STEP][PASSED] - click(findTestObject("Страница авторизации/button_")): Object: 'Object Repository/Страница авторизации/button_' is clicked on

28-03-2025T08:42:30 - [MESSAGE][PASSED] - Object: 'Object Repository/Страница авторизации/button_' is clicked on

28-03-2025T08:42:30 - [TEST_STEP][PASSED] - delay(70): Delayed 70 second(s)

28-03-2025T08:43:40 - [MESSAGE][PASSED] - Delayed 70 second(s)

28-03-2025T08:43:40 - [TEST_STEP][PASSED] - searchWord = "а": null

28-03-2025T08:43:40 - [TEST_STEP][PASSED] - pageLoaded2 = verifyElementPresent(findTestObject("Страница авторизации/Text"), 50): Object 'Object Repository/Страница авторизации/Text' is present

28-03-2025T08:43:40 - [MESSAGE][PASSED] - Object 'Object Repository/Страница авторизации/Text' is present

28-03-2025T08:43:40 - [TEST_STEP][PASSED] - if (pageLoaded2 == false): null

28-03-2025T08:43:40 - [TEST_STEP][PASSED] - urlText = getText(findTestObject("Страница авторизации/Text")): Text of object 'Object Repository/Страница авторизации/Text' is: 'ДЗО 
Все
Период
Выбрано: 6
Отпуск из сети
Факт
2023 год
2024 год
0
10 000
20 000
30 000
40 000
50 000
60 000
70 000
80 000
90 000
100 000
110 000
99 318 695
530 278
●● Отклонения, тыс. кВт⋅ч
тыс. кВт⋅ч
Отклонения по отпуску из сети
-98 788 417-98 788 417
2023/2024
-100 000 000
0
-125 000 000
-75 000 000
-50 000 000
-25 000 000
●● Отклонения, %
%
Отклонения по отпуску из сети
-99.47-99.47
2023/2024
-100
0
-125
-75
-50
-25
тыс. кВт⋅ч
Фактические данные по отпуску из сети'

28-03-2025T08:43:41 - [MESSAGE][PASSED] - Text of object 'Object Repository/Страница авторизации/Text' is: 'ДЗО 
Все
Период
Выбрано: 6
Отпуск из сети
Факт
2023 год
2024 год
0
10 000
20 000
30 000
40 000
50 000
60 000
70 000
80 000
90 000
100 000
110 000
99 318 695
530 278
●● Отклонения, тыс. кВт⋅ч
тыс. кВт⋅ч
Отклонения по отпуску из сети
-98 788 417-98 788 417
2023/2024
-100 000 000
0
-125 000 000
-75 000 000
-50 000 000
-25 000 000
●● Отклонения, %
%
Отклонения по отпуску из сети
-99.47-99.47
2023/2024
-100
0
-125
-75
-50
-25
тыс. кВт⋅ч
Фактические данные по отпуску из сети'

28-03-2025T08:43:41 - [TEST_STEP][PASSED] - if (urlText.contains("ошибка") || urlText.contains(searchWord) == false): null

28-03-2025T08:43:41 - [TEST_STEP][PASSED] - a6 = "": null

28-03-2025T08:43:41 - [TEST_STEP][PASSED] - a7 = "": null

28-03-2025T08:43:41 - [TEST_STEP][PASSED] - a8 = "": null

28-03-2025T08:43:41 - [TEST_STEP][PASSED] - a9 = "": null

28-03-2025T08:43:41 - [TEST_STEP][PASSED] - if (run == 1): null

28-03-2025T08:43:41 - [TEST_STEP][PASSED] - user = "админ": null

28-03-2025T08:43:41 - [TEST_STEP][PASSED] - a1 = getText(findTestObject("Отпуск из сети/span1")): Text of object 'Object Repository/Отпуск из сети/span1' is: ''

28-03-2025T08:43:41 - [MESSAGE][PASSED] - Text of object 'Object Repository/Отпуск из сети/span1' is: ''

28-03-2025T08:43:41 - [TEST_STEP][PASSED] - a2 = getText(findTestObject("Отпуск из сети/span2")): Text of object 'Object Repository/Отпуск из сети/span2' is: '99 318 695'

28-03-2025T08:43:41 - [MESSAGE][PASSED] - Text of object 'Object Repository/Отпуск из сети/span2' is: '99 318 695'

28-03-2025T08:43:41 - [TEST_STEP][PASSED] - a3 = getText(findTestObject("Отпуск из сети/span3")): Text of object 'Object Repository/Отпуск из сети/span3' is: '530 278'

28-03-2025T08:43:42 - [MESSAGE][PASSED] - Text of object 'Object Repository/Отпуск из сети/span3' is: '530 278'

28-03-2025T08:43:42 - [TEST_STEP][PASSED] - a4 = getText(findTestObject("Отпуск из сети/График1")): Text of object 'Object Repository/Отпуск из сети/График1' is: '●● Отклонения, тыс. кВт⋅ч
тыс. кВт⋅ч
Отклонения по отпуску из сети
-98 788 417-98 788 417
2023/2024
-100 000 000
0
-125 000 000
-75 000 000
-50 000 000
-25 000 000'

28-03-2025T08:43:42 - [MESSAGE][PASSED] - Text of object 'Object Repository/Отпуск из сети/График1' is: '●● Отклонения, тыс. кВт⋅ч
тыс. кВт⋅ч
Отклонения по отпуску из сети
-98 788 417-98 788 417
2023/2024
-100 000 000
0
-125 000 000
-75 000 000
-50 000 000
-25 000 000'

28-03-2025T08:43:42 - [TEST_STEP][PASSED] - a5 = getText(findTestObject("Отпуск из сети/График2")): Text of object 'Object Repository/Отпуск из сети/График2' is: '●● Отклонения, %
%
Отклонения по отпуску из сети
-99.47-99.47
2023/2024
-100
0
-125
-75
-50
-25'

28-03-2025T08:43:42 - [MESSAGE][PASSED] - Text of object 'Object Repository/Отпуск из сети/График2' is: '●● Отклонения, %
%
Отклонения по отпуску из сети
-99.47-99.47
2023/2024
-100
0
-125
-75
-50
-25'

28-03-2025T08:43:42 - [TEST_STEP][PASSED] - n = n + 9: null

28-03-2025T08:43:42 - [TEST_STEP][PASSED] - Script1686231490255.WriteToExcel(user, dashboardName, n, data, run, a1, a2, a3, a4, a5, a6, a7, a8, a9): null

28-03-2025T08:43:42 - [TEST_STEP][PASSED] - sheetName = "Sheet1": null

28-03-2025T08:43:42 - [TEST_STEP][PASSED] - workbook01 = getWorkbook(excelFilePath): null

28-03-2025T08:43:42 - [TEST_STEP][PASSED] - sheet01 = getExcelSheet(workbook01, sheetName): null

28-03-2025T08:43:42 - [TEST_STEP][PASSED] - setValueToCellByIndex(sheet01, n, 0, dashboardName): null

28-03-2025T08:43:42 - [TEST_STEP][PASSED] - setValueToCellByIndex(sheet01, n, 10, user): null

28-03-2025T08:43:42 - [TEST_STEP][PASSED] - setValueToCellByIndex(sheet01, n, 1, a1): null

28-03-2025T08:43:42 - [TEST_STEP][PASSED] - setValueToCellByIndex(sheet01, n, 2, a2): null

28-03-2025T08:43:42 - [TEST_STEP][PASSED] - setValueToCellByIndex(sheet01, n, 3, a3): null

28-03-2025T08:43:42 - [TEST_STEP][PASSED] - setValueToCellByIndex(sheet01, n, 4, a4): null

28-03-2025T08:43:42 - [TEST_STEP][PASSED] - setValueToCellByIndex(sheet01, n, 5, a5): null

28-03-2025T08:43:42 - [TEST_STEP][PASSED] - setValueToCellByIndex(sheet01, n, 6, a6): null

28-03-2025T08:43:42 - [TEST_STEP][PASSED] - setValueToCellByIndex(sheet01, n, 7, a7): null

28-03-2025T08:43:42 - [TEST_STEP][PASSED] - setValueToCellByIndex(sheet01, n, 8, a8): null

28-03-2025T08:43:42 - [TEST_STEP][PASSED] - setValueToCellByIndex(sheet01, n, 9, a9): null

28-03-2025T08:43:42 - [TEST_STEP][PASSED] - n = n + 1: null

28-03-2025T08:43:42 - [TEST_STEP][PASSED] - saveWorkbook(excelFilePath, workbook01): null

28-03-2025T08:43:42 - [TEST_STEP][PASSED] - if (run == 2): null

28-03-2025T08:43:42 - [TEST_STEP][PASSED] - if (run == 3): null

28-03-2025T08:43:42 - [TEST_STEP][PASSED] - closeBrowser(): null

28-03-2025T08:43:43 - [MESSAGE][PASSED] - Browser is closed

28-03-2025T08:43:43 - [TEST_STEP][PASSED] - OtpuskIzSeti(user, dashboardName, n, data, run, a1, a2, a3, a4, a5, a6, a7, a8, a9, urlData): null

28-03-2025T08:43:43 - [TEST_STEP][PASSED] - n = data.getRowNumbers() + 1: null

28-03-2025T08:43:43 - [TEST_STEP][PASSED] - println(n): null

28-03-2025T08:43:43 - [TEST_STEP][PASSED] - dashboardName = "Отпуск из сети": null

28-03-2025T08:43:43 - [TEST_STEP][PASSED] - openBrowser(""): Browser is opened with url: ''

28-03-2025T08:43:43 - [MESSAGE][INFO] - Starting 'Chrome' driver

28-03-2025T08:43:43 - [MESSAGE][INFO] - Action delay is set to 0 milliseconds

28-03-2025T08:43:44 - [MESSAGE][PASSED] - Browser is opened with url: ''

28-03-2025T08:43:44 - [TEST_STEP][PASSED] - urlData = 15: null

28-03-2025T08:43:44 - [TEST_STEP][PASSED] - Script1686231490255.CheckPageDownload(urlData, run): null

28-03-2025T08:43:44 - [TEST_STEP][PASSED] - i = 1: null

28-03-2025T08:43:44 - [TEST_STEP][PASSED] - ii = 0: null

28-03-2025T08:43:44 - [TEST_STEP][PASSED] - urlText = <not implemented yet for class: org.codehaus.groovy.ast.expr.EmptyExpression>: null

28-03-2025T08:43:44 - [TEST_STEP][PASSED] - searchWord = <not implemented yet for class: org.codehaus.groovy.ast.expr.EmptyExpression>: null

28-03-2025T08:43:44 - [TEST_STEP][PASSED] - deleteAllCookies(): Delete all cookies successfully

28-03-2025T08:43:44 - [MESSAGE][PASSED] - Delete all cookies successfully

28-03-2025T08:43:44 - [TEST_STEP][PASSED] - refresh(): Refresh successfully

28-03-2025T08:43:44 - [MESSAGE][PASSED] - Refresh successfully

28-03-2025T08:43:44 - [TEST_STEP][PASSED] - delay(70): Delayed 70 second(s)

28-03-2025T08:44:54 - [MESSAGE][PASSED] - Delayed 70 second(s)

28-03-2025T08:44:54 - [TEST_STEP][PASSED] - navigateToUrl(findTestData("PlanFact").getValue(10, urlData)): Navigate to 'https://bi.rosseti.digital/viewer?dashboardGuid=d154a8eaf6824e2b9de1bb04dd061c18&sheetGuid=f217cc6775674247871931fed0993c14&fit=true' successfully

28-03-2025T08:44:57 - [MESSAGE][PASSED] - Navigate to 'https://bi.rosseti.digital/viewer?dashboardGuid=d154a8eaf6824e2b9de1bb04dd061c18&sheetGuid=f217cc6775674247871931fed0993c14&fit=true' successfully

28-03-2025T08:44:57 - [TEST_STEP][PASSED] - pageLoaded1 = verifyElementPresent(findTestObject("Страница авторизации/Text"), 30): Object 'Object Repository/Страница авторизации/Text' is present

28-03-2025T08:44:59 - [MESSAGE][PASSED] - Object 'Object Repository/Страница авторизации/Text' is present

28-03-2025T08:44:59 - [TEST_STEP][PASSED] - if (pageLoaded1 == false): null

28-03-2025T08:44:59 - [TEST_STEP][PASSED] - urlText = getText(findTestObject("Страница авторизации/Text")): Text of object 'Object Repository/Страница авторизации/Text' is: 'Вход'

28-03-2025T08:44:59 - [MESSAGE][PASSED] - Text of object 'Object Repository/Страница авторизации/Text' is: 'Вход'

28-03-2025T08:44:59 - [TEST_STEP][PASSED] - delay(70): Delayed 70 second(s)

28-03-2025T08:46:09 - [MESSAGE][PASSED] - Delayed 70 second(s)

28-03-2025T08:46:09 - [TEST_STEP][PASSED] - searchWord = "Вход": null

28-03-2025T08:46:09 - [TEST_STEP][PASSED] - if (urlText.contains(searchWord) == false): null

28-03-2025T08:46:09 - [TEST_STEP][PASSED] - setText(findTestObject("Страница авторизации/input__username"), findTestData("PlanFact").getValue(8, run)): Text 'Andreeva-EV' is set on object 'Object Repository/Страница авторизации/input__username'

28-03-2025T08:46:10 - [MESSAGE][PASSED] - Text 'Andreeva-EV' is set on object 'Object Repository/Страница авторизации/input__username'

28-03-2025T08:46:10 - [TEST_STEP][PASSED] - setText(findTestObject("Страница авторизации/input__password"), findTestData("PlanFact").getValue(9, run)): Text '2nPePKDwCPH3ul7xMZ' is set on object 'Object Repository/Страница авторизации/input__password'

28-03-2025T08:46:10 - [MESSAGE][PASSED] - Text '2nPePKDwCPH3ul7xMZ' is set on object 'Object Repository/Страница авторизации/input__password'

28-03-2025T08:46:10 - [TEST_STEP][PASSED] - click(findTestObject("Страница авторизации/button_")): Object: 'Object Repository/Страница авторизации/button_' is clicked on

28-03-2025T08:46:12 - [MESSAGE][PASSED] - Object: 'Object Repository/Страница авторизации/button_' is clicked on

28-03-2025T08:46:12 - [TEST_STEP][PASSED] - delay(70): Delayed 70 second(s)

28-03-2025T08:47:22 - [MESSAGE][PASSED] - Delayed 70 second(s)

28-03-2025T08:47:22 - [TEST_STEP][PASSED] - searchWord = "а": null

28-03-2025T08:47:22 - [TEST_STEP][PASSED] - pageLoaded2 = verifyElementPresent(findTestObject("Страница авторизации/Text"), 50): Object 'Object Repository/Страница авторизации/Text' is present

28-03-2025T08:47:22 - [MESSAGE][PASSED] - Object 'Object Repository/Страница авторизации/Text' is present

28-03-2025T08:47:22 - [TEST_STEP][PASSED] - if (pageLoaded2 == false): null

28-03-2025T08:47:22 - [TEST_STEP][PASSED] - urlText = getText(findTestObject("Страница авторизации/Text")): Text of object 'Object Repository/Страница авторизации/Text' is: 'ДЗО 
Все
Период
Выбрано: 6
Отпуск из сети
Факт
2023 год
2024 год
0
10 000
20 000
30 000
40 000
50 000
60 000
70 000
80 000
90 000
100 000
110 000
99 318 695
530 278
●● Отклонения, тыс. кВт⋅ч
тыс. кВт⋅ч
Отклонения по отпуску из сети
-98 788 417-98 788 417
2023/2024
-100 000 000
0
-125 000 000
-75 000 000
-50 000 000
-25 000 000
●● Отклонения, %
%
Отклонения по отпуску из сети
-99.47-99.47
2023/2024
-100
0
-125
-75
-50
-25
тыс. кВт⋅ч
Фактические данные по отпуску из сети'

28-03-2025T08:47:23 - [MESSAGE][PASSED] - Text of object 'Object Repository/Страница авторизации/Text' is: 'ДЗО 
Все
Период
Выбрано: 6
Отпуск из сети
Факт
2023 год
2024 год
0
10 000
20 000
30 000
40 000
50 000
60 000
70 000
80 000
90 000
100 000
110 000
99 318 695
530 278
●● Отклонения, тыс. кВт⋅ч
тыс. кВт⋅ч
Отклонения по отпуску из сети
-98 788 417-98 788 417
2023/2024
-100 000 000
0
-125 000 000
-75 000 000
-50 000 000
-25 000 000
●● Отклонения, %
%
Отклонения по отпуску из сети
-99.47-99.47
2023/2024
-100
0
-125
-75
-50
-25
тыс. кВт⋅ч
Фактические данные по отпуску из сети'

28-03-2025T08:47:23 - [TEST_STEP][PASSED] - if (urlText.contains("ошибка") || urlText.contains(searchWord) == false): null

28-03-2025T08:47:23 - [TEST_STEP][PASSED] - a6 = "": null

28-03-2025T08:47:23 - [TEST_STEP][PASSED] - a7 = "": null

28-03-2025T08:47:23 - [TEST_STEP][PASSED] - a8 = "": null

28-03-2025T08:47:23 - [TEST_STEP][PASSED] - a9 = "": null

28-03-2025T08:47:23 - [TEST_STEP][PASSED] - if (run == 1): null

28-03-2025T08:47:23 - [TEST_STEP][PASSED] - if (run == 2): null

28-03-2025T08:47:23 - [TEST_STEP][PASSED] - user = "Андреева": null

28-03-2025T08:47:23 - [TEST_STEP][PASSED] - a1 = getText(findTestObject("Отпуск из сети/span1")): Text of object 'Object Repository/Отпуск из сети/span1' is: ''

28-03-2025T08:47:23 - [MESSAGE][PASSED] - Text of object 'Object Repository/Отпуск из сети/span1' is: ''

28-03-2025T08:47:23 - [TEST_STEP][PASSED] - a2 = getText(findTestObject("Отпуск из сети/span2")): Text of object 'Object Repository/Отпуск из сети/span2' is: '99 318 695'

28-03-2025T08:47:23 - [MESSAGE][PASSED] - Text of object 'Object Repository/Отпуск из сети/span2' is: '99 318 695'

28-03-2025T08:47:23 - [TEST_STEP][PASSED] - a3 = getText(findTestObject("Отпуск из сети/span3")): Text of object 'Object Repository/Отпуск из сети/span3' is: '530 278'

28-03-2025T08:47:24 - [MESSAGE][PASSED] - Text of object 'Object Repository/Отпуск из сети/span3' is: '530 278'

28-03-2025T08:47:24 - [TEST_STEP][PASSED] - a4 = getText(findTestObject("Отпуск из сети/График1")): Text of object 'Object Repository/Отпуск из сети/График1' is: '●● Отклонения, тыс. кВт⋅ч
тыс. кВт⋅ч
Отклонения по отпуску из сети
-98 788 417-98 788 417
2023/2024
-100 000 000
0
-125 000 000
-75 000 000
-50 000 000
-25 000 000'

28-03-2025T08:47:24 - [MESSAGE][PASSED] - Text of object 'Object Repository/Отпуск из сети/График1' is: '●● Отклонения, тыс. кВт⋅ч
тыс. кВт⋅ч
Отклонения по отпуску из сети
-98 788 417-98 788 417
2023/2024
-100 000 000
0
-125 000 000
-75 000 000
-50 000 000
-25 000 000'

28-03-2025T08:47:24 - [TEST_STEP][PASSED] - a5 = getText(findTestObject("Отпуск из сети/График2")): Text of object 'Object Repository/Отпуск из сети/График2' is: '●● Отклонения, %
%
Отклонения по отпуску из сети
-99.47-99.47
2023/2024
-100
0
-125
-75
-50
-25'

28-03-2025T08:47:24 - [MESSAGE][PASSED] - Text of object 'Object Repository/Отпуск из сети/График2' is: '●● Отклонения, %
%
Отклонения по отпуску из сети
-99.47-99.47
2023/2024
-100
0
-125
-75
-50
-25'

28-03-2025T08:47:24 - [TEST_STEP][PASSED] - n = n + 10: null

28-03-2025T08:47:24 - [TEST_STEP][PASSED] - b = n - run + 1: null

28-03-2025T08:47:24 - [TEST_STEP][PASSED] - verifyEqual(findTestData("PlanFact").getValue(2, b), a1): Actual object '' and expected object '' are equal

28-03-2025T08:47:24 - [MESSAGE][PASSED] - Actual object '' and expected object '' are equal

28-03-2025T08:47:24 - [TEST_STEP][PASSED] - verifyEqual(findTestData("PlanFact").getValue(3, b), a2): Actual object '99 318 695' and expected object '99 318 695' are equal

28-03-2025T08:47:24 - [MESSAGE][PASSED] - Actual object '99 318 695' and expected object '99 318 695' are equal

28-03-2025T08:47:24 - [TEST_STEP][PASSED] - verifyEqual(findTestData("PlanFact").getValue(4, b), a3): Actual object '530 278' and expected object '530 278' are equal

28-03-2025T08:47:24 - [MESSAGE][PASSED] - Actual object '530 278' and expected object '530 278' are equal

28-03-2025T08:47:24 - [TEST_STEP][PASSED] - verifyEqual(findTestData("PlanFact").getValue(5, b), a4): Actual object '●● Отклонения, тыс. кВт⋅ч
тыс. кВт⋅ч
Отклонения по отпуску из сети
-98 788 417-98 788 417
2023/2024
-100 000 000
0
-125 000 000
-75 000 000
-50 000 000
-25 000 000' and expected object '●● Отклонения, тыс. кВт⋅ч
тыс. кВт⋅ч
Отклонения по отпуску из сети
-98 788 417-98 788 417
2023/2024
-100 000 000
0
-125 000 000
-75 000 000
-50 000 000
-25 000 000' are equal

28-03-2025T08:47:24 - [MESSAGE][PASSED] - Actual object '●● Отклонения, тыс. кВт⋅ч
тыс. кВт⋅ч
Отклонения по отпуску из сети
-98 788 417-98 788 417
2023/2024
-100 000 000
0
-125 000 000
-75 000 000
-50 000 000
-25 000 000' and expected object '●● Отклонения, тыс. кВт⋅ч
тыс. кВт⋅ч
Отклонения по отпуску из сети
-98 788 417-98 788 417
2023/2024
-100 000 000
0
-125 000 000
-75 000 000
-50 000 000
-25 000 000' are equal

28-03-2025T08:47:24 - [TEST_STEP][PASSED] - verifyEqual(findTestData("PlanFact").getValue(6, b), a5): Actual object '●● Отклонения, %
%
Отклонения по отпуску из сети
-99.47-99.47
2023/2024
-100
0
-125
-75
-50
-25' and expected object '●● Отклонения, %
%
Отклонения по отпуску из сети
-99.47-99.47
2023/2024
-100
0
-125
-75
-50
-25' are equal

28-03-2025T08:47:24 - [MESSAGE][PASSED] - Actual object '●● Отклонения, %
%
Отклонения по отпуску из сети
-99.47-99.47
2023/2024
-100
0
-125
-75
-50
-25' and expected object '●● Отклонения, %
%
Отклонения по отпуску из сети
-99.47-99.47
2023/2024
-100
0
-125
-75
-50
-25' are equal

28-03-2025T08:47:24 - [TEST_STEP][PASSED] - Script1686231490255.WriteToExcel(user, dashboardName, n, data, run, a1, a2, a3, a4, a5, a6, a7, a8, a9): null

28-03-2025T08:47:24 - [TEST_STEP][PASSED] - sheetName = "Sheet1": null

28-03-2025T08:47:24 - [TEST_STEP][PASSED] - workbook01 = getWorkbook(excelFilePath): null

28-03-2025T08:47:24 - [TEST_STEP][PASSED] - sheet01 = getExcelSheet(workbook01, sheetName): null

28-03-2025T08:47:24 - [TEST_STEP][PASSED] - setValueToCellByIndex(sheet01, n, 0, dashboardName): null

28-03-2025T08:47:24 - [TEST_STEP][PASSED] - setValueToCellByIndex(sheet01, n, 10, user): null

28-03-2025T08:47:24 - [TEST_STEP][PASSED] - setValueToCellByIndex(sheet01, n, 1, a1): null

28-03-2025T08:47:24 - [TEST_STEP][PASSED] - setValueToCellByIndex(sheet01, n, 2, a2): null

28-03-2025T08:47:24 - [TEST_STEP][PASSED] - setValueToCellByIndex(sheet01, n, 3, a3): null

28-03-2025T08:47:24 - [TEST_STEP][PASSED] - setValueToCellByIndex(sheet01, n, 4, a4): null

28-03-2025T08:47:24 - [TEST_STEP][PASSED] - setValueToCellByIndex(sheet01, n, 5, a5): null

28-03-2025T08:47:24 - [TEST_STEP][PASSED] - setValueToCellByIndex(sheet01, n, 6, a6): null

28-03-2025T08:47:24 - [TEST_STEP][PASSED] - setValueToCellByIndex(sheet01, n, 7, a7): null

28-03-2025T08:47:24 - [TEST_STEP][PASSED] - setValueToCellByIndex(sheet01, n, 8, a8): null

28-03-2025T08:47:24 - [TEST_STEP][PASSED] - setValueToCellByIndex(sheet01, n, 9, a9): null

28-03-2025T08:47:24 - [TEST_STEP][PASSED] - n = n + 1: null

28-03-2025T08:47:24 - [TEST_STEP][PASSED] - saveWorkbook(excelFilePath, workbook01): null

28-03-2025T08:47:25 - [TEST_STEP][PASSED] - if (run == 3): null

28-03-2025T08:47:25 - [TEST_STEP][PASSED] - closeBrowser(): null

28-03-2025T08:47:25 - [MESSAGE][PASSED] - Browser is closed

28-03-2025T08:47:25 - [TEST_STEP][PASSED] - OtpuskIzSeti(user, dashboardName, n, data, run, a1, a2, a3, a4, a5, a6, a7, a8, a9, urlData): null

28-03-2025T08:47:25 - [TEST_STEP][PASSED] - n = data.getRowNumbers() + 1: null

28-03-2025T08:47:25 - [TEST_STEP][PASSED] - println(n): null

28-03-2025T08:47:25 - [TEST_STEP][PASSED] - dashboardName = "Отпуск из сети": null

28-03-2025T08:47:25 - [TEST_STEP][PASSED] - openBrowser(""): Browser is opened with url: ''

28-03-2025T08:47:25 - [MESSAGE][INFO] - Starting 'Chrome' driver

28-03-2025T08:47:25 - [MESSAGE][INFO] - Action delay is set to 0 milliseconds

28-03-2025T08:47:26 - [MESSAGE][PASSED] - Browser is opened with url: ''

28-03-2025T08:47:26 - [TEST_STEP][PASSED] - urlData = 15: null

28-03-2025T08:47:26 - [TEST_STEP][PASSED] - Script1686231490255.CheckPageDownload(urlData, run): null

28-03-2025T08:47:26 - [TEST_STEP][PASSED] - i = 1: null

28-03-2025T08:47:26 - [TEST_STEP][PASSED] - ii = 0: null

28-03-2025T08:47:26 - [TEST_STEP][PASSED] - urlText = <not implemented yet for class: org.codehaus.groovy.ast.expr.EmptyExpression>: null

28-03-2025T08:47:26 - [TEST_STEP][PASSED] - searchWord = <not implemented yet for class: org.codehaus.groovy.ast.expr.EmptyExpression>: null

28-03-2025T08:47:26 - [TEST_STEP][PASSED] - deleteAllCookies(): Delete all cookies successfully

28-03-2025T08:47:26 - [MESSAGE][PASSED] - Delete all cookies successfully

28-03-2025T08:47:26 - [TEST_STEP][PASSED] - refresh(): Refresh successfully

28-03-2025T08:47:26 - [MESSAGE][PASSED] - Refresh successfully

28-03-2025T08:47:26 - [TEST_STEP][PASSED] - delay(70): Delayed 70 second(s)

28-03-2025T08:48:36 - [MESSAGE][PASSED] - Delayed 70 second(s)

28-03-2025T08:48:36 - [TEST_STEP][PASSED] - navigateToUrl(findTestData("PlanFact").getValue(10, urlData)): Navigate to 'https://bi.rosseti.digital/viewer?dashboardGuid=d154a8eaf6824e2b9de1bb04dd061c18&sheetGuid=f217cc6775674247871931fed0993c14&fit=true' successfully

28-03-2025T08:48:41 - [MESSAGE][PASSED] - Navigate to 'https://bi.rosseti.digital/viewer?dashboardGuid=d154a8eaf6824e2b9de1bb04dd061c18&sheetGuid=f217cc6775674247871931fed0993c14&fit=true' successfully

28-03-2025T08:48:41 - [TEST_STEP][PASSED] - pageLoaded1 = verifyElementPresent(findTestObject("Страница авторизации/Text"), 30): Object 'Object Repository/Страница авторизации/Text' is present

28-03-2025T08:48:42 - [MESSAGE][PASSED] - Object 'Object Repository/Страница авторизации/Text' is present

28-03-2025T08:48:42 - [TEST_STEP][PASSED] - if (pageLoaded1 == false): null

28-03-2025T08:48:42 - [TEST_STEP][PASSED] - urlText = getText(findTestObject("Страница авторизации/Text")): Text of object 'Object Repository/Страница авторизации/Text' is: 'Вход'

28-03-2025T08:48:42 - [MESSAGE][PASSED] - Text of object 'Object Repository/Страница авторизации/Text' is: 'Вход'

28-03-2025T08:48:42 - [TEST_STEP][PASSED] - delay(70): Delayed 70 second(s)

28-03-2025T08:49:53 - [MESSAGE][PASSED] - Delayed 70 second(s)

28-03-2025T08:49:53 - [TEST_STEP][PASSED] - searchWord = "Вход": null

28-03-2025T08:49:53 - [TEST_STEP][PASSED] - if (urlText.contains(searchWord) == false): null

28-03-2025T08:49:53 - [TEST_STEP][PASSED] - setText(findTestObject("Страница авторизации/input__username"), findTestData("PlanFact").getValue(8, run)): Text 'Petrova-OV' is set on object 'Object Repository/Страница авторизации/input__username'

28-03-2025T08:49:53 - [MESSAGE][PASSED] - Text 'Petrova-OV' is set on object 'Object Repository/Страница авторизации/input__username'

28-03-2025T08:49:53 - [TEST_STEP][PASSED] - setText(findTestObject("Страница авторизации/input__password"), findTestData("PlanFact").getValue(9, run)): Text '4Ex@~R53r&3x&BVe7' is set on object 'Object Repository/Страница авторизации/input__password'

28-03-2025T08:49:54 - [MESSAGE][PASSED] - Text '4Ex@~R53r&3x&BVe7' is set on object 'Object Repository/Страница авторизации/input__password'

28-03-2025T08:49:54 - [TEST_STEP][PASSED] - click(findTestObject("Страница авторизации/button_")): Object: 'Object Repository/Страница авторизации/button_' is clicked on

28-03-2025T08:49:56 - [MESSAGE][PASSED] - Object: 'Object Repository/Страница авторизации/button_' is clicked on

28-03-2025T08:49:56 - [TEST_STEP][PASSED] - delay(70): Delayed 70 second(s)

28-03-2025T08:51:06 - [MESSAGE][PASSED] - Delayed 70 second(s)

28-03-2025T08:51:06 - [TEST_STEP][PASSED] - searchWord = "а": null

28-03-2025T08:51:06 - [TEST_STEP][PASSED] - pageLoaded2 = verifyElementPresent(findTestObject("Страница авторизации/Text"), 50): Object 'Object Repository/Страница авторизации/Text' is present

28-03-2025T08:51:07 - [MESSAGE][PASSED] - Object 'Object Repository/Страница авторизации/Text' is present

28-03-2025T08:51:07 - [TEST_STEP][PASSED] - if (pageLoaded2 == false): null

28-03-2025T08:51:07 - [TEST_STEP][PASSED] - urlText = getText(findTestObject("Страница авторизации/Text")): Text of object 'Object Repository/Страница авторизации/Text' is: 'ДЗО 
Все
Период
Выбрано: 6
Отпуск из сети
Факт
2023 год
2024 год
0
10 000
20 000
30 000
40 000
50 000
60 000
70 000
80 000
90 000
100 000
110 000
99 318 695
530 278
●● Отклонения, тыс. кВт⋅ч
тыс. кВт⋅ч
Отклонения по отпуску из сети
-98 788 417-98 788 417
2023/2024
-100 000 000
0
-125 000 000
-75 000 000
-50 000 000
-25 000 000
●● Отклонения, %
%
Отклонения по отпуску из сети
-99.47-99.47
2023/2024
-100
0
-125
-75
-50
-25
тыс. кВт⋅ч
Фактические данные по отпуску из сети'

28-03-2025T08:51:07 - [MESSAGE][PASSED] - Text of object 'Object Repository/Страница авторизации/Text' is: 'ДЗО 
Все
Период
Выбрано: 6
Отпуск из сети
Факт
2023 год
2024 год
0
10 000
20 000
30 000
40 000
50 000
60 000
70 000
80 000
90 000
100 000
110 000
99 318 695
530 278
●● Отклонения, тыс. кВт⋅ч
тыс. кВт⋅ч
Отклонения по отпуску из сети
-98 788 417-98 788 417
2023/2024
-100 000 000
0
-125 000 000
-75 000 000
-50 000 000
-25 000 000
●● Отклонения, %
%
Отклонения по отпуску из сети
-99.47-99.47
2023/2024
-100
0
-125
-75
-50
-25
тыс. кВт⋅ч
Фактические данные по отпуску из сети'

28-03-2025T08:51:07 - [TEST_STEP][PASSED] - if (urlText.contains("ошибка") || urlText.contains(searchWord) == false): null

28-03-2025T08:51:07 - [TEST_STEP][PASSED] - a6 = "": null

28-03-2025T08:51:07 - [TEST_STEP][PASSED] - a7 = "": null

28-03-2025T08:51:07 - [TEST_STEP][PASSED] - a8 = "": null

28-03-2025T08:51:07 - [TEST_STEP][PASSED] - a9 = "": null

28-03-2025T08:51:07 - [TEST_STEP][PASSED] - if (run == 1): null

28-03-2025T08:51:07 - [TEST_STEP][PASSED] - if (run == 2): null

28-03-2025T08:51:07 - [TEST_STEP][PASSED] - if (run == 3): null

28-03-2025T08:51:07 - [TEST_STEP][PASSED] - user = "Попова": null

28-03-2025T08:51:07 - [TEST_STEP][PASSED] - a1 = getText(findTestObject("Отпуск из сети/span1")): Text of object 'Object Repository/Отпуск из сети/span1' is: ''

28-03-2025T08:51:08 - [MESSAGE][PASSED] - Text of object 'Object Repository/Отпуск из сети/span1' is: ''

28-03-2025T08:51:08 - [TEST_STEP][PASSED] - a2 = getText(findTestObject("Отпуск из сети/span2")): Text of object 'Object Repository/Отпуск из сети/span2' is: '99 318 695'

28-03-2025T08:51:08 - [MESSAGE][PASSED] - Text of object 'Object Repository/Отпуск из сети/span2' is: '99 318 695'

28-03-2025T08:51:08 - [TEST_STEP][PASSED] - a3 = getText(findTestObject("Отпуск из сети/span3")): Text of object 'Object Repository/Отпуск из сети/span3' is: '530 278'

28-03-2025T08:51:08 - [MESSAGE][PASSED] - Text of object 'Object Repository/Отпуск из сети/span3' is: '530 278'

28-03-2025T08:51:08 - [TEST_STEP][PASSED] - a4 = getText(findTestObject("Отпуск из сети/График1")): Text of object 'Object Repository/Отпуск из сети/График1' is: '●● Отклонения, тыс. кВт⋅ч
тыс. кВт⋅ч
Отклонения по отпуску из сети
-98 788 417-98 788 417
2023/2024
-100 000 000
0
-125 000 000
-75 000 000
-50 000 000
-25 000 000'

28-03-2025T08:51:08 - [MESSAGE][PASSED] - Text of object 'Object Repository/Отпуск из сети/График1' is: '●● Отклонения, тыс. кВт⋅ч
тыс. кВт⋅ч
Отклонения по отпуску из сети
-98 788 417-98 788 417
2023/2024
-100 000 000
0
-125 000 000
-75 000 000
-50 000 000
-25 000 000'

28-03-2025T08:51:08 - [TEST_STEP][PASSED] - a5 = getText(findTestObject("Отпуск из сети/График2")): Text of object 'Object Repository/Отпуск из сети/График2' is: '●● Отклонения, %
%
Отклонения по отпуску из сети
-99.47-99.47
2023/2024
-100
0
-125
-75
-50
-25'

28-03-2025T08:51:09 - [MESSAGE][PASSED] - Text of object 'Object Repository/Отпуск из сети/График2' is: '●● Отклонения, %
%
Отклонения по отпуску из сети
-99.47-99.47
2023/2024
-100
0
-125
-75
-50
-25'

28-03-2025T08:51:09 - [TEST_STEP][PASSED] - n = n + 11: null

28-03-2025T08:51:09 - [TEST_STEP][PASSED] - b = n - run + 1: null

28-03-2025T08:51:09 - [TEST_STEP][PASSED] - verifyEqual(findTestData("PlanFact").getValue(2, b), a1): Actual object '' and expected object '' are equal

28-03-2025T08:51:09 - [MESSAGE][PASSED] - Actual object '' and expected object '' are equal

28-03-2025T08:51:09 - [TEST_STEP][PASSED] - verifyEqual(findTestData("PlanFact").getValue(3, b), a2): Actual object '99 318 695' and expected object '99 318 695' are equal

28-03-2025T08:51:09 - [MESSAGE][PASSED] - Actual object '99 318 695' and expected object '99 318 695' are equal

28-03-2025T08:51:09 - [TEST_STEP][PASSED] - verifyEqual(findTestData("PlanFact").getValue(4, b), a3): Actual object '530 278' and expected object '530 278' are equal

28-03-2025T08:51:09 - [MESSAGE][PASSED] - Actual object '530 278' and expected object '530 278' are equal

28-03-2025T08:51:09 - [TEST_STEP][PASSED] - verifyEqual(findTestData("PlanFact").getValue(5, b), a4): Actual object '●● Отклонения, тыс. кВт⋅ч
тыс. кВт⋅ч
Отклонения по отпуску из сети
-98 788 417-98 788 417
2023/2024
-100 000 000
0
-125 000 000
-75 000 000
-50 000 000
-25 000 000' and expected object '●● Отклонения, тыс. кВт⋅ч
тыс. кВт⋅ч
Отклонения по отпуску из сети
-98 788 417-98 788 417
2023/2024
-100 000 000
0
-125 000 000
-75 000 000
-50 000 000
-25 000 000' are equal

28-03-2025T08:51:09 - [MESSAGE][PASSED] - Actual object '●● Отклонения, тыс. кВт⋅ч
тыс. кВт⋅ч
Отклонения по отпуску из сети
-98 788 417-98 788 417
2023/2024
-100 000 000
0
-125 000 000
-75 000 000
-50 000 000
-25 000 000' and expected object '●● Отклонения, тыс. кВт⋅ч
тыс. кВт⋅ч
Отклонения по отпуску из сети
-98 788 417-98 788 417
2023/2024
-100 000 000
0
-125 000 000
-75 000 000
-50 000 000
-25 000 000' are equal

28-03-2025T08:51:09 - [TEST_STEP][PASSED] - verifyEqual(findTestData("PlanFact").getValue(6, b), a5): Actual object '●● Отклонения, %
%
Отклонения по отпуску из сети
-99.47-99.47
2023/2024
-100
0
-125
-75
-50
-25' and expected object '●● Отклонения, %
%
Отклонения по отпуску из сети
-99.47-99.47
2023/2024
-100
0
-125
-75
-50
-25' are equal

28-03-2025T08:51:09 - [MESSAGE][PASSED] - Actual object '●● Отклонения, %
%
Отклонения по отпуску из сети
-99.47-99.47
2023/2024
-100
0
-125
-75
-50
-25' and expected object '●● Отклонения, %
%
Отклонения по отпуску из сети
-99.47-99.47
2023/2024
-100
0
-125
-75
-50
-25' are equal

28-03-2025T08:51:09 - [TEST_STEP][PASSED] - Script1686231490255.WriteToExcel(user, dashboardName, n, data, run, a1, a2, a3, a4, a5, a6, a7, a8, a9): null

28-03-2025T08:51:09 - [TEST_STEP][PASSED] - sheetName = "Sheet1": null

28-03-2025T08:51:09 - [TEST_STEP][PASSED] - workbook01 = getWorkbook(excelFilePath): null

28-03-2025T08:51:09 - [TEST_STEP][PASSED] - sheet01 = getExcelSheet(workbook01, sheetName): null

28-03-2025T08:51:09 - [TEST_STEP][PASSED] - setValueToCellByIndex(sheet01, n, 0, dashboardName): null

28-03-2025T08:51:09 - [TEST_STEP][PASSED] - setValueToCellByIndex(sheet01, n, 10, user): null

28-03-2025T08:51:09 - [TEST_STEP][PASSED] - setValueToCellByIndex(sheet01, n, 1, a1): null

28-03-2025T08:51:09 - [TEST_STEP][PASSED] - setValueToCellByIndex(sheet01, n, 2, a2): null

28-03-2025T08:51:09 - [TEST_STEP][PASSED] - setValueToCellByIndex(sheet01, n, 3, a3): null

28-03-2025T08:51:09 - [TEST_STEP][PASSED] - setValueToCellByIndex(sheet01, n, 4, a4): null

28-03-2025T08:51:09 - [TEST_STEP][PASSED] - setValueToCellByIndex(sheet01, n, 5, a5): null

28-03-2025T08:51:09 - [TEST_STEP][PASSED] - setValueToCellByIndex(sheet01, n, 6, a6): null

28-03-2025T08:51:09 - [TEST_STEP][PASSED] - setValueToCellByIndex(sheet01, n, 7, a7): null

28-03-2025T08:51:09 - [TEST_STEP][PASSED] - setValueToCellByIndex(sheet01, n, 8, a8): null

28-03-2025T08:51:09 - [TEST_STEP][PASSED] - setValueToCellByIndex(sheet01, n, 9, a9): null

28-03-2025T08:51:09 - [TEST_STEP][PASSED] - n = n + 1: null

28-03-2025T08:51:09 - [TEST_STEP][PASSED] - saveWorkbook(excelFilePath, workbook01): null

28-03-2025T08:51:09 - [TEST_STEP][PASSED] - closeBrowser(): Browser is closed

28-03-2025T08:51:10 - [MESSAGE][PASSED] - Browser is closed

28-03-2025T08:51:10 - [TEST_STEP][PASSED] - delay(70): Delayed 70 second(s)

28-03-2025T08:52:20 - [MESSAGE][PASSED] - Delayed 70 second(s)

28-03-2025T08:52:20 - [TEST_STEP][PASSED] - for ([run = 1, run < 4, (run++)]): null

28-03-2025T08:52:20 - [TEST_STEP][PASSED] - OtpuskVSet(user, dashboardName, n, data, run, a1, a2, a3, a4, a5, a6, a7, a8, a9, urlData): null

28-03-2025T08:52:20 - [TEST_STEP][PASSED] - n = data.getRowNumbers() + 1: null

28-03-2025T08:52:20 - [TEST_STEP][PASSED] - println(n): null

28-03-2025T08:52:20 - [TEST_STEP][PASSED] - dashboardName = "Отпуск в сеть": null

28-03-2025T08:52:20 - [TEST_STEP][PASSED] - openBrowser(""): Browser is opened with url: ''

28-03-2025T08:52:20 - [MESSAGE][INFO] - Starting 'Chrome' driver

28-03-2025T08:52:20 - [MESSAGE][INFO] - Action delay is set to 0 milliseconds

28-03-2025T08:52:20 - [MESSAGE][PASSED] - Browser is opened with url: ''

28-03-2025T08:52:20 - [TEST_STEP][PASSED] - urlData = 16: null

28-03-2025T08:52:20 - [TEST_STEP][PASSED] - Script1686231490255.CheckPageDownload(urlData, run): null

28-03-2025T08:52:20 - [TEST_STEP][PASSED] - i = 1: null

28-03-2025T08:52:20 - [TEST_STEP][PASSED] - ii = 0: null

28-03-2025T08:52:20 - [TEST_STEP][PASSED] - urlText = <not implemented yet for class: org.codehaus.groovy.ast.expr.EmptyExpression>: null

28-03-2025T08:52:20 - [TEST_STEP][PASSED] - searchWord = <not implemented yet for class: org.codehaus.groovy.ast.expr.EmptyExpression>: null

28-03-2025T08:52:20 - [TEST_STEP][PASSED] - deleteAllCookies(): Delete all cookies successfully

28-03-2025T08:52:20 - [MESSAGE][PASSED] - Delete all cookies successfully

28-03-2025T08:52:20 - [TEST_STEP][PASSED] - refresh(): Refresh successfully

28-03-2025T08:52:21 - [MESSAGE][PASSED] - Refresh successfully

28-03-2025T08:52:21 - [TEST_STEP][PASSED] - delay(70): Delayed 70 second(s)

28-03-2025T08:53:31 - [MESSAGE][PASSED] - Delayed 70 second(s)

28-03-2025T08:53:31 - [TEST_STEP][PASSED] - navigateToUrl(findTestData("PlanFact").getValue(10, urlData)): Navigate to 'https://bi.rosseti.digital/viewer?dashboardGuid=d154a8eaf6824e2b9de1bb04dd061c18&sheetGuid=33f591ea3cbf498897e314a4cd5a9f29&fit=true' successfully

28-03-2025T08:53:34 - [MESSAGE][PASSED] - Navigate to 'https://bi.rosseti.digital/viewer?dashboardGuid=d154a8eaf6824e2b9de1bb04dd061c18&sheetGuid=33f591ea3cbf498897e314a4cd5a9f29&fit=true' successfully

28-03-2025T08:53:34 - [TEST_STEP][PASSED] - pageLoaded1 = verifyElementPresent(findTestObject("Страница авторизации/Text"), 30): Object 'Object Repository/Страница авторизации/Text' is present

28-03-2025T08:53:36 - [MESSAGE][PASSED] - Object 'Object Repository/Страница авторизации/Text' is present

28-03-2025T08:53:36 - [TEST_STEP][PASSED] - if (pageLoaded1 == false): null

28-03-2025T08:53:36 - [TEST_STEP][PASSED] - urlText = getText(findTestObject("Страница авторизации/Text")): Text of object 'Object Repository/Страница авторизации/Text' is: 'Вход'

28-03-2025T08:53:36 - [MESSAGE][PASSED] - Text of object 'Object Repository/Страница авторизации/Text' is: 'Вход'

28-03-2025T08:53:36 - [TEST_STEP][PASSED] - delay(70): Delayed 70 second(s)

28-03-2025T08:54:46 - [MESSAGE][PASSED] - Delayed 70 second(s)

28-03-2025T08:54:46 - [TEST_STEP][PASSED] - searchWord = "Вход": null

28-03-2025T08:54:46 - [TEST_STEP][PASSED] - if (urlText.contains(searchWord) == false): null

28-03-2025T08:54:46 - [TEST_STEP][PASSED] - setText(findTestObject("Страница авторизации/input__username"), findTestData("PlanFact").getValue(8, run)): Text 'liazgina-di' is set on object 'Object Repository/Страница авторизации/input__username'

28-03-2025T08:54:47 - [MESSAGE][PASSED] - Text 'liazgina-di' is set on object 'Object Repository/Страница авторизации/input__username'

28-03-2025T08:54:47 - [TEST_STEP][PASSED] - setText(findTestObject("Страница авторизации/input__password"), findTestData("PlanFact").getValue(9, run)): Text ')$%5srZ8o688Dm#q' is set on object 'Object Repository/Страница авторизации/input__password'

28-03-2025T08:54:48 - [MESSAGE][PASSED] - Text ')$%5srZ8o688Dm#q' is set on object 'Object Repository/Страница авторизации/input__password'

28-03-2025T08:54:48 - [TEST_STEP][PASSED] - click(findTestObject("Страница авторизации/button_")): Object: 'Object Repository/Страница авторизации/button_' is clicked on

28-03-2025T08:54:49 - [MESSAGE][PASSED] - Object: 'Object Repository/Страница авторизации/button_' is clicked on

28-03-2025T08:54:49 - [TEST_STEP][PASSED] - delay(70): Delayed 70 second(s)

28-03-2025T08:55:59 - [MESSAGE][PASSED] - Delayed 70 second(s)

28-03-2025T08:55:59 - [TEST_STEP][PASSED] - searchWord = "а": null

28-03-2025T08:55:59 - [TEST_STEP][PASSED] - pageLoaded2 = verifyElementPresent(findTestObject("Страница авторизации/Text"), 50): Object 'Object Repository/Страница авторизации/Text' is present

28-03-2025T08:55:59 - [MESSAGE][PASSED] - Object 'Object Repository/Страница авторизации/Text' is present

28-03-2025T08:55:59 - [TEST_STEP][PASSED] - if (pageLoaded2 == false): null

28-03-2025T08:55:59 - [TEST_STEP][PASSED] - urlText = getText(findTestObject("Страница авторизации/Text")): Text of object 'Object Repository/Страница авторизации/Text' is: 'ДЗО 
Все
Период
Выбрано: 6
тыс. кВт⋅ч
Отпуск в сеть
Факт
2023 год
2024 год
0
10 000
20 000
30 000
40 000
50 000
60 000
70 000
80 000
90 000
100 000
110 000
120 000
110 254 841
648 220
●● Отклонения, %
%
Отклонения по отпуску в сеть
-99.41-99.41
2023/2024
-100
0
-125
-75
-50
-25
●● Отклонения, тыс. кВт⋅ч
тыс. кВт⋅ч
Отклонения по отпуску в сеть
-109 606 621-109 606 621
2023/2024
-100 000 000
0
-125 000 000
-75 000 000
-50 000 000
-25 000 000
Фактические данные по отпуску в сеть'

28-03-2025T08:56:00 - [MESSAGE][PASSED] - Text of object 'Object Repository/Страница авторизации/Text' is: 'ДЗО 
Все
Период
Выбрано: 6
тыс. кВт⋅ч
Отпуск в сеть
Факт
2023 год
2024 год
0
10 000
20 000
30 000
40 000
50 000
60 000
70 000
80 000
90 000
100 000
110 000
120 000
110 254 841
648 220
●● Отклонения, %
%
Отклонения по отпуску в сеть
-99.41-99.41
2023/2024
-100
0
-125
-75
-50
-25
●● Отклонения, тыс. кВт⋅ч
тыс. кВт⋅ч
Отклонения по отпуску в сеть
-109 606 621-109 606 621
2023/2024
-100 000 000
0
-125 000 000
-75 000 000
-50 000 000
-25 000 000
Фактические данные по отпуску в сеть'

28-03-2025T08:56:00 - [TEST_STEP][PASSED] - if (urlText.contains("ошибка") || urlText.contains(searchWord) == false): null

28-03-2025T08:56:00 - [TEST_STEP][PASSED] - a5 = "": null

28-03-2025T08:56:00 - [TEST_STEP][PASSED] - a6 = "": null

28-03-2025T08:56:00 - [TEST_STEP][PASSED] - a7 = "": null

28-03-2025T08:56:00 - [TEST_STEP][PASSED] - a8 = "": null

28-03-2025T08:56:00 - [TEST_STEP][PASSED] - a9 = "": null

28-03-2025T08:56:00 - [TEST_STEP][PASSED] - if (run == 1): null

28-03-2025T08:56:00 - [TEST_STEP][PASSED] - user = "админ": null

28-03-2025T08:56:00 - [TEST_STEP][PASSED] - a1 = getText(findTestObject("Отпуск в сеть/span1")): Text of object 'Object Repository/Отпуск в сеть/span1' is: '110 254 841'

28-03-2025T08:56:00 - [MESSAGE][PASSED] - Text of object 'Object Repository/Отпуск в сеть/span1' is: '110 254 841'

28-03-2025T08:56:00 - [TEST_STEP][PASSED] - a2 = getText(findTestObject("Отпуск в сеть/span2")): Text of object 'Object Repository/Отпуск в сеть/span2' is: '648 220'

28-03-2025T08:56:00 - [MESSAGE][PASSED] - Text of object 'Object Repository/Отпуск в сеть/span2' is: '648 220'

28-03-2025T08:56:00 - [TEST_STEP][PASSED] - a3 = getText(findTestObject("Отпуск в сеть/График1")): Text of object 'Object Repository/Отпуск в сеть/График1' is: '●● Отклонения, тыс. кВт⋅ч
тыс. кВт⋅ч
Отклонения по отпуску в сеть
-109 606 621-109 606 621
2023/2024
-100 000 000
0
-125 000 000
-75 000 000
-50 000 000
-25 000 000'

28-03-2025T08:56:01 - [MESSAGE][PASSED] - Text of object 'Object Repository/Отпуск в сеть/График1' is: '●● Отклонения, тыс. кВт⋅ч
тыс. кВт⋅ч
Отклонения по отпуску в сеть
-109 606 621-109 606 621
2023/2024
-100 000 000
0
-125 000 000
-75 000 000
-50 000 000
-25 000 000'

28-03-2025T08:56:01 - [TEST_STEP][PASSED] - a4 = getText(findTestObject("Отпуск в сеть/График2")): Text of object 'Object Repository/Отпуск в сеть/График2' is: '●● Отклонения, %
%
Отклонения по отпуску в сеть
-99.41-99.41
2023/2024
-100
0
-125
-75
-50
-25'

28-03-2025T08:56:01 - [MESSAGE][PASSED] - Text of object 'Object Repository/Отпуск в сеть/График2' is: '●● Отклонения, %
%
Отклонения по отпуску в сеть
-99.41-99.41
2023/2024
-100
0
-125
-75
-50
-25'

28-03-2025T08:56:01 - [TEST_STEP][PASSED] - n = n + 12: null

28-03-2025T08:56:01 - [TEST_STEP][PASSED] - Script1686231490255.WriteToExcel(user, dashboardName, n, data, run, a1, a2, a3, a4, a5, a6, a7, a8, a9): null

28-03-2025T08:56:01 - [TEST_STEP][PASSED] - sheetName = "Sheet1": null

28-03-2025T08:56:01 - [TEST_STEP][PASSED] - workbook01 = getWorkbook(excelFilePath): null

28-03-2025T08:56:01 - [TEST_STEP][PASSED] - sheet01 = getExcelSheet(workbook01, sheetName): null

28-03-2025T08:56:01 - [TEST_STEP][PASSED] - setValueToCellByIndex(sheet01, n, 0, dashboardName): null

28-03-2025T08:56:01 - [TEST_STEP][PASSED] - setValueToCellByIndex(sheet01, n, 10, user): null

28-03-2025T08:56:01 - [TEST_STEP][PASSED] - setValueToCellByIndex(sheet01, n, 1, a1): null

28-03-2025T08:56:01 - [TEST_STEP][PASSED] - setValueToCellByIndex(sheet01, n, 2, a2): null

28-03-2025T08:56:01 - [TEST_STEP][PASSED] - setValueToCellByIndex(sheet01, n, 3, a3): null

28-03-2025T08:56:01 - [TEST_STEP][PASSED] - setValueToCellByIndex(sheet01, n, 4, a4): null

28-03-2025T08:56:01 - [TEST_STEP][PASSED] - setValueToCellByIndex(sheet01, n, 5, a5): null

28-03-2025T08:56:01 - [TEST_STEP][PASSED] - setValueToCellByIndex(sheet01, n, 6, a6): null

28-03-2025T08:56:01 - [TEST_STEP][PASSED] - setValueToCellByIndex(sheet01, n, 7, a7): null

28-03-2025T08:56:01 - [TEST_STEP][PASSED] - setValueToCellByIndex(sheet01, n, 8, a8): null

28-03-2025T08:56:01 - [TEST_STEP][PASSED] - setValueToCellByIndex(sheet01, n, 9, a9): null

28-03-2025T08:56:01 - [TEST_STEP][PASSED] - n = n + 1: null

28-03-2025T08:56:01 - [TEST_STEP][PASSED] - saveWorkbook(excelFilePath, workbook01): null

28-03-2025T08:56:01 - [TEST_STEP][PASSED] - if (run == 2): null

28-03-2025T08:56:01 - [TEST_STEP][PASSED] - if (run == 3): null

28-03-2025T08:56:01 - [TEST_STEP][PASSED] - closeBrowser(): null

28-03-2025T08:56:01 - [MESSAGE][PASSED] - Browser is closed

28-03-2025T08:56:01 - [TEST_STEP][PASSED] - OtpuskVSet(user, dashboardName, n, data, run, a1, a2, a3, a4, a5, a6, a7, a8, a9, urlData): null

28-03-2025T08:56:01 - [TEST_STEP][PASSED] - n = data.getRowNumbers() + 1: null

28-03-2025T08:56:01 - [TEST_STEP][PASSED] - println(n): null

28-03-2025T08:56:01 - [TEST_STEP][PASSED] - dashboardName = "Отпуск в сеть": null

28-03-2025T08:56:01 - [TEST_STEP][PASSED] - openBrowser(""): Browser is opened with url: ''

28-03-2025T08:56:01 - [MESSAGE][INFO] - Starting 'Chrome' driver

28-03-2025T08:56:01 - [MESSAGE][INFO] - Action delay is set to 0 milliseconds

28-03-2025T08:56:02 - [MESSAGE][PASSED] - Browser is opened with url: ''

28-03-2025T08:56:02 - [TEST_STEP][PASSED] - urlData = 16: null

28-03-2025T08:56:02 - [TEST_STEP][PASSED] - Script1686231490255.CheckPageDownload(urlData, run): null

28-03-2025T08:56:02 - [TEST_STEP][PASSED] - i = 1: null

28-03-2025T08:56:02 - [TEST_STEP][PASSED] - ii = 0: null

28-03-2025T08:56:02 - [TEST_STEP][PASSED] - urlText = <not implemented yet for class: org.codehaus.groovy.ast.expr.EmptyExpression>: null

28-03-2025T08:56:02 - [TEST_STEP][PASSED] - searchWord = <not implemented yet for class: org.codehaus.groovy.ast.expr.EmptyExpression>: null

28-03-2025T08:56:02 - [TEST_STEP][PASSED] - deleteAllCookies(): Delete all cookies successfully

28-03-2025T08:56:02 - [MESSAGE][PASSED] - Delete all cookies successfully

28-03-2025T08:56:02 - [TEST_STEP][PASSED] - refresh(): Refresh successfully

28-03-2025T08:56:02 - [MESSAGE][PASSED] - Refresh successfully

28-03-2025T08:56:02 - [TEST_STEP][PASSED] - delay(70): Delayed 70 second(s)

28-03-2025T08:57:12 - [MESSAGE][PASSED] - Delayed 70 second(s)

28-03-2025T08:57:12 - [TEST_STEP][PASSED] - navigateToUrl(findTestData("PlanFact").getValue(10, urlData)): Navigate to 'https://bi.rosseti.digital/viewer?dashboardGuid=d154a8eaf6824e2b9de1bb04dd061c18&sheetGuid=33f591ea3cbf498897e314a4cd5a9f29&fit=true' successfully

28-03-2025T08:57:16 - [MESSAGE][PASSED] - Navigate to 'https://bi.rosseti.digital/viewer?dashboardGuid=d154a8eaf6824e2b9de1bb04dd061c18&sheetGuid=33f591ea3cbf498897e314a4cd5a9f29&fit=true' successfully

28-03-2025T08:57:16 - [TEST_STEP][PASSED] - pageLoaded1 = verifyElementPresent(findTestObject("Страница авторизации/Text"), 30): Object 'Object Repository/Страница авторизации/Text' is present

28-03-2025T08:57:18 - [MESSAGE][PASSED] - Object 'Object Repository/Страница авторизации/Text' is present

28-03-2025T08:57:18 - [TEST_STEP][PASSED] - if (pageLoaded1 == false): null

28-03-2025T08:57:18 - [TEST_STEP][PASSED] - urlText = getText(findTestObject("Страница авторизации/Text")): Text of object 'Object Repository/Страница авторизации/Text' is: 'Вход'

28-03-2025T08:57:18 - [MESSAGE][PASSED] - Text of object 'Object Repository/Страница авторизации/Text' is: 'Вход'

28-03-2025T08:57:18 - [TEST_STEP][PASSED] - delay(70): Delayed 70 second(s)

28-03-2025T08:58:28 - [MESSAGE][PASSED] - Delayed 70 second(s)

28-03-2025T08:58:28 - [TEST_STEP][PASSED] - searchWord = "Вход": null

28-03-2025T08:58:28 - [TEST_STEP][PASSED] - if (urlText.contains(searchWord) == false): null

28-03-2025T08:58:28 - [TEST_STEP][PASSED] - setText(findTestObject("Страница авторизации/input__username"), findTestData("PlanFact").getValue(8, run)): Text 'Andreeva-EV' is set on object 'Object Repository/Страница авторизации/input__username'

28-03-2025T08:58:29 - [MESSAGE][PASSED] - Text 'Andreeva-EV' is set on object 'Object Repository/Страница авторизации/input__username'

28-03-2025T08:58:29 - [TEST_STEP][PASSED] - setText(findTestObject("Страница авторизации/input__password"), findTestData("PlanFact").getValue(9, run)): Text '2nPePKDwCPH3ul7xMZ' is set on object 'Object Repository/Страница авторизации/input__password'

28-03-2025T08:58:29 - [MESSAGE][PASSED] - Text '2nPePKDwCPH3ul7xMZ' is set on object 'Object Repository/Страница авторизации/input__password'

28-03-2025T08:58:29 - [TEST_STEP][PASSED] - click(findTestObject("Страница авторизации/button_")): Object: 'Object Repository/Страница авторизации/button_' is clicked on

28-03-2025T08:58:30 - [MESSAGE][PASSED] - Object: 'Object Repository/Страница авторизации/button_' is clicked on

28-03-2025T08:58:30 - [TEST_STEP][PASSED] - delay(70): Delayed 70 second(s)

28-03-2025T08:59:40 - [MESSAGE][PASSED] - Delayed 70 second(s)

28-03-2025T08:59:40 - [TEST_STEP][PASSED] - searchWord = "а": null

28-03-2025T08:59:40 - [TEST_STEP][PASSED] - pageLoaded2 = verifyElementPresent(findTestObject("Страница авторизации/Text"), 50): Object 'Object Repository/Страница авторизации/Text' is present

28-03-2025T08:59:40 - [MESSAGE][PASSED] - Object 'Object Repository/Страница авторизации/Text' is present

28-03-2025T08:59:40 - [TEST_STEP][PASSED] - if (pageLoaded2 == false): null

28-03-2025T08:59:40 - [TEST_STEP][PASSED] - urlText = getText(findTestObject("Страница авторизации/Text")): Text of object 'Object Repository/Страница авторизации/Text' is: 'ДЗО 
Все
Период
Выбрано: 6
тыс. кВт⋅ч
Отпуск в сеть
Факт
2023 год
2024 год
0
10 000
20 000
30 000
40 000
50 000
60 000
70 000
80 000
90 000
100 000
110 000
120 000
110 254 841
648 220
●● Отклонения, %
%
Отклонения по отпуску в сеть
-99.41-99.41
2023/2024
-100
0
-125
-75
-50
-25
●● Отклонения, тыс. кВт⋅ч
тыс. кВт⋅ч
Отклонения по отпуску в сеть
-109 606 621-109 606 621
2023/2024
-100 000 000
0
-125 000 000
-75 000 000
-50 000 000
-25 000 000
Фактические данные по отпуску в сеть'

28-03-2025T08:59:41 - [MESSAGE][PASSED] - Text of object 'Object Repository/Страница авторизации/Text' is: 'ДЗО 
Все
Период
Выбрано: 6
тыс. кВт⋅ч
Отпуск в сеть
Факт
2023 год
2024 год
0
10 000
20 000
30 000
40 000
50 000
60 000
70 000
80 000
90 000
100 000
110 000
120 000
110 254 841
648 220
●● Отклонения, %
%
Отклонения по отпуску в сеть
-99.41-99.41
2023/2024
-100
0
-125
-75
-50
-25
●● Отклонения, тыс. кВт⋅ч
тыс. кВт⋅ч
Отклонения по отпуску в сеть
-109 606 621-109 606 621
2023/2024
-100 000 000
0
-125 000 000
-75 000 000
-50 000 000
-25 000 000
Фактические данные по отпуску в сеть'

28-03-2025T08:59:41 - [TEST_STEP][PASSED] - if (urlText.contains("ошибка") || urlText.contains(searchWord) == false): null

28-03-2025T08:59:41 - [TEST_STEP][PASSED] - a5 = "": null

28-03-2025T08:59:41 - [TEST_STEP][PASSED] - a6 = "": null

28-03-2025T08:59:41 - [TEST_STEP][PASSED] - a7 = "": null

28-03-2025T08:59:41 - [TEST_STEP][PASSED] - a8 = "": null

28-03-2025T08:59:41 - [TEST_STEP][PASSED] - a9 = "": null

28-03-2025T08:59:41 - [TEST_STEP][PASSED] - if (run == 1): null

28-03-2025T08:59:41 - [TEST_STEP][PASSED] - if (run == 2): null

28-03-2025T08:59:41 - [TEST_STEP][PASSED] - user = "Андреева": null

28-03-2025T08:59:41 - [TEST_STEP][PASSED] - a1 = getText(findTestObject("Отпуск в сеть/span1")): Text of object 'Object Repository/Отпуск в сеть/span1' is: '110 254 841'

28-03-2025T08:59:41 - [MESSAGE][PASSED] - Text of object 'Object Repository/Отпуск в сеть/span1' is: '110 254 841'

28-03-2025T08:59:41 - [TEST_STEP][PASSED] - a2 = getText(findTestObject("Отпуск в сеть/span2")): Text of object 'Object Repository/Отпуск в сеть/span2' is: '648 220'

28-03-2025T08:59:42 - [MESSAGE][PASSED] - Text of object 'Object Repository/Отпуск в сеть/span2' is: '648 220'

28-03-2025T08:59:42 - [TEST_STEP][PASSED] - a3 = getText(findTestObject("Отпуск в сеть/График1")): Text of object 'Object Repository/Отпуск в сеть/График1' is: '●● Отклонения, тыс. кВт⋅ч
тыс. кВт⋅ч
Отклонения по отпуску в сеть
-109 606 621-109 606 621
2023/2024
-100 000 000
0
-125 000 000
-75 000 000
-50 000 000
-25 000 000'

28-03-2025T08:59:42 - [MESSAGE][PASSED] - Text of object 'Object Repository/Отпуск в сеть/График1' is: '●● Отклонения, тыс. кВт⋅ч
тыс. кВт⋅ч
Отклонения по отпуску в сеть
-109 606 621-109 606 621
2023/2024
-100 000 000
0
-125 000 000
-75 000 000
-50 000 000
-25 000 000'

28-03-2025T08:59:42 - [TEST_STEP][PASSED] - a4 = getText(findTestObject("Отпуск в сеть/График2")): Text of object 'Object Repository/Отпуск в сеть/График2' is: '●● Отклонения, %
%
Отклонения по отпуску в сеть
-99.41-99.41
2023/2024
-100
0
-125
-75
-50
-25'

28-03-2025T08:59:42 - [MESSAGE][PASSED] - Text of object 'Object Repository/Отпуск в сеть/График2' is: '●● Отклонения, %
%
Отклонения по отпуску в сеть
-99.41-99.41
2023/2024
-100
0
-125
-75
-50
-25'

28-03-2025T08:59:42 - [TEST_STEP][PASSED] - n = n + 13: null

28-03-2025T08:59:42 - [TEST_STEP][PASSED] - b = n - run + 1: null

28-03-2025T08:59:42 - [TEST_STEP][PASSED] - verifyEqual(findTestData("PlanFact").getValue(2, b), a1): Actual object '110 254 841' and expected object '110 254 841' are equal

28-03-2025T08:59:42 - [MESSAGE][PASSED] - Actual object '110 254 841' and expected object '110 254 841' are equal

28-03-2025T08:59:42 - [TEST_STEP][PASSED] - verifyEqual(findTestData("PlanFact").getValue(3, b), a2): Actual object '648 220' and expected object '648 220' are equal

28-03-2025T08:59:42 - [MESSAGE][PASSED] - Actual object '648 220' and expected object '648 220' are equal

28-03-2025T08:59:42 - [TEST_STEP][PASSED] - verifyEqual(findTestData("PlanFact").getValue(4, b), a3): Actual object '●● Отклонения, тыс. кВт⋅ч
тыс. кВт⋅ч
Отклонения по отпуску в сеть
-109 606 621-109 606 621
2023/2024
-100 000 000
0
-125 000 000
-75 000 000
-50 000 000
-25 000 000' and expected object '●● Отклонения, тыс. кВт⋅ч
тыс. кВт⋅ч
Отклонения по отпуску в сеть
-109 606 621-109 606 621
2023/2024
-100 000 000
0
-125 000 000
-75 000 000
-50 000 000
-25 000 000' are equal

28-03-2025T08:59:42 - [MESSAGE][PASSED] - Actual object '●● Отклонения, тыс. кВт⋅ч
тыс. кВт⋅ч
Отклонения по отпуску в сеть
-109 606 621-109 606 621
2023/2024
-100 000 000
0
-125 000 000
-75 000 000
-50 000 000
-25 000 000' and expected object '●● Отклонения, тыс. кВт⋅ч
тыс. кВт⋅ч
Отклонения по отпуску в сеть
-109 606 621-109 606 621
2023/2024
-100 000 000
0
-125 000 000
-75 000 000
-50 000 000
-25 000 000' are equal

28-03-2025T08:59:42 - [TEST_STEP][PASSED] - verifyEqual(findTestData("PlanFact").getValue(5, b), a4): Actual object '●● Отклонения, %
%
Отклонения по отпуску в сеть
-99.41-99.41
2023/2024
-100
0
-125
-75
-50
-25' and expected object '●● Отклонения, %
%
Отклонения по отпуску в сеть
-99.41-99.41
2023/2024
-100
0
-125
-75
-50
-25' are equal

28-03-2025T08:59:42 - [MESSAGE][PASSED] - Actual object '●● Отклонения, %
%
Отклонения по отпуску в сеть
-99.41-99.41
2023/2024
-100
0
-125
-75
-50
-25' and expected object '●● Отклонения, %
%
Отклонения по отпуску в сеть
-99.41-99.41
2023/2024
-100
0
-125
-75
-50
-25' are equal

28-03-2025T08:59:42 - [TEST_STEP][PASSED] - Script1686231490255.WriteToExcel(user, dashboardName, n, data, run, a1, a2, a3, a4, a5, a6, a7, a8, a9): null

28-03-2025T08:59:42 - [TEST_STEP][PASSED] - sheetName = "Sheet1": null

28-03-2025T08:59:42 - [TEST_STEP][PASSED] - workbook01 = getWorkbook(excelFilePath): null

28-03-2025T08:59:42 - [TEST_STEP][PASSED] - sheet01 = getExcelSheet(workbook01, sheetName): null

28-03-2025T08:59:42 - [TEST_STEP][PASSED] - setValueToCellByIndex(sheet01, n, 0, dashboardName): null

28-03-2025T08:59:42 - [TEST_STEP][PASSED] - setValueToCellByIndex(sheet01, n, 10, user): null

28-03-2025T08:59:42 - [TEST_STEP][PASSED] - setValueToCellByIndex(sheet01, n, 1, a1): null

28-03-2025T08:59:42 - [TEST_STEP][PASSED] - setValueToCellByIndex(sheet01, n, 2, a2): null

28-03-2025T08:59:42 - [TEST_STEP][PASSED] - setValueToCellByIndex(sheet01, n, 3, a3): null

28-03-2025T08:59:42 - [TEST_STEP][PASSED] - setValueToCellByIndex(sheet01, n, 4, a4): null

28-03-2025T08:59:42 - [TEST_STEP][PASSED] - setValueToCellByIndex(sheet01, n, 5, a5): null

28-03-2025T08:59:42 - [TEST_STEP][PASSED] - setValueToCellByIndex(sheet01, n, 6, a6): null

28-03-2025T08:59:42 - [TEST_STEP][PASSED] - setValueToCellByIndex(sheet01, n, 7, a7): null

28-03-2025T08:59:42 - [TEST_STEP][PASSED] - setValueToCellByIndex(sheet01, n, 8, a8): null

28-03-2025T08:59:42 - [TEST_STEP][PASSED] - setValueToCellByIndex(sheet01, n, 9, a9): null

28-03-2025T08:59:42 - [TEST_STEP][PASSED] - n = n + 1: null

28-03-2025T08:59:42 - [TEST_STEP][PASSED] - saveWorkbook(excelFilePath, workbook01): null

28-03-2025T08:59:43 - [TEST_STEP][PASSED] - if (run == 3): null

28-03-2025T08:59:43 - [TEST_STEP][PASSED] - closeBrowser(): null

28-03-2025T08:59:43 - [MESSAGE][PASSED] - Browser is closed

28-03-2025T08:59:43 - [TEST_STEP][PASSED] - OtpuskVSet(user, dashboardName, n, data, run, a1, a2, a3, a4, a5, a6, a7, a8, a9, urlData): null

28-03-2025T08:59:43 - [TEST_STEP][PASSED] - n = data.getRowNumbers() + 1: null

28-03-2025T08:59:43 - [TEST_STEP][PASSED] - println(n): null

28-03-2025T08:59:43 - [TEST_STEP][PASSED] - dashboardName = "Отпуск в сеть": null

28-03-2025T08:59:43 - [TEST_STEP][PASSED] - openBrowser(""): Browser is opened with url: ''

28-03-2025T08:59:43 - [MESSAGE][INFO] - Starting 'Chrome' driver

28-03-2025T08:59:43 - [MESSAGE][INFO] - Action delay is set to 0 milliseconds

28-03-2025T08:59:44 - [MESSAGE][PASSED] - Browser is opened with url: ''

28-03-2025T08:59:44 - [TEST_STEP][PASSED] - urlData = 16: null

28-03-2025T08:59:44 - [TEST_STEP][PASSED] - Script1686231490255.CheckPageDownload(urlData, run): null

28-03-2025T08:59:44 - [TEST_STEP][PASSED] - i = 1: null

28-03-2025T08:59:44 - [TEST_STEP][PASSED] - ii = 0: null

28-03-2025T08:59:44 - [TEST_STEP][PASSED] - urlText = <not implemented yet for class: org.codehaus.groovy.ast.expr.EmptyExpression>: null

28-03-2025T08:59:44 - [TEST_STEP][PASSED] - searchWord = <not implemented yet for class: org.codehaus.groovy.ast.expr.EmptyExpression>: null

28-03-2025T08:59:44 - [TEST_STEP][PASSED] - deleteAllCookies(): Delete all cookies successfully

28-03-2025T08:59:44 - [MESSAGE][PASSED] - Delete all cookies successfully

28-03-2025T08:59:44 - [TEST_STEP][PASSED] - refresh(): Refresh successfully

28-03-2025T08:59:44 - [MESSAGE][PASSED] - Refresh successfully

28-03-2025T08:59:44 - [TEST_STEP][PASSED] - delay(70): Delayed 70 second(s)

28-03-2025T09:00:54 - [MESSAGE][PASSED] - Delayed 70 second(s)

28-03-2025T09:00:54 - [TEST_STEP][PASSED] - navigateToUrl(findTestData("PlanFact").getValue(10, urlData)): Navigate to 'https://bi.rosseti.digital/viewer?dashboardGuid=d154a8eaf6824e2b9de1bb04dd061c18&sheetGuid=33f591ea3cbf498897e314a4cd5a9f29&fit=true' successfully

28-03-2025T09:00:58 - [MESSAGE][PASSED] - Navigate to 'https://bi.rosseti.digital/viewer?dashboardGuid=d154a8eaf6824e2b9de1bb04dd061c18&sheetGuid=33f591ea3cbf498897e314a4cd5a9f29&fit=true' successfully

28-03-2025T09:00:58 - [TEST_STEP][PASSED] - pageLoaded1 = verifyElementPresent(findTestObject("Страница авторизации/Text"), 30): Object 'Object Repository/Страница авторизации/Text' is present

28-03-2025T09:00:59 - [MESSAGE][PASSED] - Object 'Object Repository/Страница авторизации/Text' is present

28-03-2025T09:00:59 - [TEST_STEP][PASSED] - if (pageLoaded1 == false): null

28-03-2025T09:00:59 - [TEST_STEP][PASSED] - urlText = getText(findTestObject("Страница авторизации/Text")): Text of object 'Object Repository/Страница авторизации/Text' is: 'Вход'

28-03-2025T09:01:00 - [MESSAGE][PASSED] - Text of object 'Object Repository/Страница авторизации/Text' is: 'Вход'

28-03-2025T09:01:00 - [TEST_STEP][PASSED] - delay(70): Delayed 70 second(s)

28-03-2025T09:02:10 - [MESSAGE][PASSED] - Delayed 70 second(s)

28-03-2025T09:02:10 - [TEST_STEP][PASSED] - searchWord = "Вход": null

28-03-2025T09:02:10 - [TEST_STEP][PASSED] - if (urlText.contains(searchWord) == false): null

28-03-2025T09:02:10 - [TEST_STEP][PASSED] - setText(findTestObject("Страница авторизации/input__username"), findTestData("PlanFact").getValue(8, run)): Text 'Petrova-OV' is set on object 'Object Repository/Страница авторизации/input__username'

28-03-2025T09:02:10 - [MESSAGE][PASSED] - Text 'Petrova-OV' is set on object 'Object Repository/Страница авторизации/input__username'

28-03-2025T09:02:10 - [TEST_STEP][PASSED] - setText(findTestObject("Страница авторизации/input__password"), findTestData("PlanFact").getValue(9, run)): Text '4Ex@~R53r&3x&BVe7' is set on object 'Object Repository/Страница авторизации/input__password'

28-03-2025T09:02:11 - [MESSAGE][PASSED] - Text '4Ex@~R53r&3x&BVe7' is set on object 'Object Repository/Страница авторизации/input__password'

28-03-2025T09:02:11 - [TEST_STEP][PASSED] - click(findTestObject("Страница авторизации/button_")): Object: 'Object Repository/Страница авторизации/button_' is clicked on

28-03-2025T09:02:12 - [MESSAGE][PASSED] - Object: 'Object Repository/Страница авторизации/button_' is clicked on

28-03-2025T09:02:12 - [TEST_STEP][PASSED] - delay(70): Delayed 70 second(s)

28-03-2025T09:03:22 - [MESSAGE][PASSED] - Delayed 70 second(s)

28-03-2025T09:03:22 - [TEST_STEP][PASSED] - searchWord = "а": null

28-03-2025T09:03:22 - [TEST_STEP][PASSED] - pageLoaded2 = verifyElementPresent(findTestObject("Страница авторизации/Text"), 50): Object 'Object Repository/Страница авторизации/Text' is present

28-03-2025T09:03:23 - [MESSAGE][PASSED] - Object 'Object Repository/Страница авторизации/Text' is present

28-03-2025T09:03:23 - [TEST_STEP][PASSED] - if (pageLoaded2 == false): null

28-03-2025T09:03:23 - [TEST_STEP][PASSED] - urlText = getText(findTestObject("Страница авторизации/Text")): Text of object 'Object Repository/Страница авторизации/Text' is: 'ДЗО 
Все
Период
Выбрано: 6
тыс. кВт⋅ч
Отпуск в сеть
Факт
2023 год
2024 год
0
10 000
20 000
30 000
40 000
50 000
60 000
70 000
80 000
90 000
100 000
110 000
120 000
110 254 841
648 220
●● Отклонения, %
%
Отклонения по отпуску в сеть
-99.41-99.41
2023/2024
-100
0
-125
-75
-50
-25
●● Отклонения, тыс. кВт⋅ч
тыс. кВт⋅ч
Отклонения по отпуску в сеть
-109 606 621-109 606 621
2023/2024
-100 000 000
0
-125 000 000
-75 000 000
-50 000 000
-25 000 000
Фактические данные по отпуску в сеть'

28-03-2025T09:03:23 - [MESSAGE][PASSED] - Text of object 'Object Repository/Страница авторизации/Text' is: 'ДЗО 
Все
Период
Выбрано: 6
тыс. кВт⋅ч
Отпуск в сеть
Факт
2023 год
2024 год
0
10 000
20 000
30 000
40 000
50 000
60 000
70 000
80 000
90 000
100 000
110 000
120 000
110 254 841
648 220
●● Отклонения, %
%
Отклонения по отпуску в сеть
-99.41-99.41
2023/2024
-100
0
-125
-75
-50
-25
●● Отклонения, тыс. кВт⋅ч
тыс. кВт⋅ч
Отклонения по отпуску в сеть
-109 606 621-109 606 621
2023/2024
-100 000 000
0
-125 000 000
-75 000 000
-50 000 000
-25 000 000
Фактические данные по отпуску в сеть'

28-03-2025T09:03:23 - [TEST_STEP][PASSED] - if (urlText.contains("ошибка") || urlText.contains(searchWord) == false): null

28-03-2025T09:03:23 - [TEST_STEP][PASSED] - a5 = "": null

28-03-2025T09:03:23 - [TEST_STEP][PASSED] - a6 = "": null

28-03-2025T09:03:23 - [TEST_STEP][PASSED] - a7 = "": null

28-03-2025T09:03:23 - [TEST_STEP][PASSED] - a8 = "": null

28-03-2025T09:03:23 - [TEST_STEP][PASSED] - a9 = "": null

28-03-2025T09:03:23 - [TEST_STEP][PASSED] - if (run == 1): null

28-03-2025T09:03:23 - [TEST_STEP][PASSED] - if (run == 2): null

28-03-2025T09:03:23 - [TEST_STEP][PASSED] - if (run == 3): null

28-03-2025T09:03:23 - [TEST_STEP][PASSED] - user = "Попова": null

28-03-2025T09:03:23 - [TEST_STEP][PASSED] - a1 = getText(findTestObject("Отпуск в сеть/span1")): Text of object 'Object Repository/Отпуск в сеть/span1' is: '110 254 841'

28-03-2025T09:03:24 - [MESSAGE][PASSED] - Text of object 'Object Repository/Отпуск в сеть/span1' is: '110 254 841'

28-03-2025T09:03:24 - [TEST_STEP][PASSED] - a2 = getText(findTestObject("Отпуск в сеть/span2")): Text of object 'Object Repository/Отпуск в сеть/span2' is: '648 220'

28-03-2025T09:03:24 - [MESSAGE][PASSED] - Text of object 'Object Repository/Отпуск в сеть/span2' is: '648 220'

28-03-2025T09:03:24 - [TEST_STEP][PASSED] - a3 = getText(findTestObject("Отпуск в сеть/График1")): Text of object 'Object Repository/Отпуск в сеть/График1' is: '●● Отклонения, тыс. кВт⋅ч
тыс. кВт⋅ч
Отклонения по отпуску в сеть
-109 606 621-109 606 621
2023/2024
-100 000 000
0
-125 000 000
-75 000 000
-50 000 000
-25 000 000'

28-03-2025T09:03:24 - [MESSAGE][PASSED] - Text of object 'Object Repository/Отпуск в сеть/График1' is: '●● Отклонения, тыс. кВт⋅ч
тыс. кВт⋅ч
Отклонения по отпуску в сеть
-109 606 621-109 606 621
2023/2024
-100 000 000
0
-125 000 000
-75 000 000
-50 000 000
-25 000 000'

28-03-2025T09:03:24 - [TEST_STEP][PASSED] - a4 = getText(findTestObject("Отпуск в сеть/График2")): Text of object 'Object Repository/Отпуск в сеть/График2' is: '●● Отклонения, %
%
Отклонения по отпуску в сеть
-99.41-99.41
2023/2024
-100
0
-125
-75
-50
-25'

28-03-2025T09:03:25 - [MESSAGE][PASSED] - Text of object 'Object Repository/Отпуск в сеть/График2' is: '●● Отклонения, %
%
Отклонения по отпуску в сеть
-99.41-99.41
2023/2024
-100
0
-125
-75
-50
-25'

28-03-2025T09:03:25 - [TEST_STEP][PASSED] - n = n + 14: null

28-03-2025T09:03:25 - [TEST_STEP][PASSED] - b = n - run + 1: null

28-03-2025T09:03:25 - [TEST_STEP][PASSED] - verifyEqual(findTestData("PlanFact").getValue(2, b), a1): Actual object '110 254 841' and expected object '110 254 841' are equal

28-03-2025T09:03:25 - [MESSAGE][PASSED] - Actual object '110 254 841' and expected object '110 254 841' are equal

28-03-2025T09:03:25 - [TEST_STEP][PASSED] - verifyEqual(findTestData("PlanFact").getValue(3, b), a2): Actual object '648 220' and expected object '648 220' are equal

28-03-2025T09:03:25 - [MESSAGE][PASSED] - Actual object '648 220' and expected object '648 220' are equal

28-03-2025T09:03:25 - [TEST_STEP][PASSED] - verifyEqual(findTestData("PlanFact").getValue(4, b), a3): Actual object '●● Отклонения, тыс. кВт⋅ч
тыс. кВт⋅ч
Отклонения по отпуску в сеть
-109 606 621-109 606 621
2023/2024
-100 000 000
0
-125 000 000
-75 000 000
-50 000 000
-25 000 000' and expected object '●● Отклонения, тыс. кВт⋅ч
тыс. кВт⋅ч
Отклонения по отпуску в сеть
-109 606 621-109 606 621
2023/2024
-100 000 000
0
-125 000 000
-75 000 000
-50 000 000
-25 000 000' are equal

28-03-2025T09:03:25 - [MESSAGE][PASSED] - Actual object '●● Отклонения, тыс. кВт⋅ч
тыс. кВт⋅ч
Отклонения по отпуску в сеть
-109 606 621-109 606 621
2023/2024
-100 000 000
0
-125 000 000
-75 000 000
-50 000 000
-25 000 000' and expected object '●● Отклонения, тыс. кВт⋅ч
тыс. кВт⋅ч
Отклонения по отпуску в сеть
-109 606 621-109 606 621
2023/2024
-100 000 000
0
-125 000 000
-75 000 000
-50 000 000
-25 000 000' are equal

28-03-2025T09:03:25 - [TEST_STEP][PASSED] - verifyEqual(findTestData("PlanFact").getValue(5, b), a4): Actual object '●● Отклонения, %
%
Отклонения по отпуску в сеть
-99.41-99.41
2023/2024
-100
0
-125
-75
-50
-25' and expected object '●● Отклонения, %
%
Отклонения по отпуску в сеть
-99.41-99.41
2023/2024
-100
0
-125
-75
-50
-25' are equal

28-03-2025T09:03:25 - [MESSAGE][PASSED] - Actual object '●● Отклонения, %
%
Отклонения по отпуску в сеть
-99.41-99.41
2023/2024
-100
0
-125
-75
-50
-25' and expected object '●● Отклонения, %
%
Отклонения по отпуску в сеть
-99.41-99.41
2023/2024
-100
0
-125
-75
-50
-25' are equal

28-03-2025T09:03:25 - [TEST_STEP][PASSED] - Script1686231490255.WriteToExcel(user, dashboardName, n, data, run, a1, a2, a3, a4, a5, a6, a7, a8, a9): null

28-03-2025T09:03:25 - [TEST_STEP][PASSED] - sheetName = "Sheet1": null

28-03-2025T09:03:25 - [TEST_STEP][PASSED] - workbook01 = getWorkbook(excelFilePath): null

28-03-2025T09:03:25 - [TEST_STEP][PASSED] - sheet01 = getExcelSheet(workbook01, sheetName): null

28-03-2025T09:03:25 - [TEST_STEP][PASSED] - setValueToCellByIndex(sheet01, n, 0, dashboardName): null

28-03-2025T09:03:25 - [TEST_STEP][PASSED] - setValueToCellByIndex(sheet01, n, 10, user): null

28-03-2025T09:03:25 - [TEST_STEP][PASSED] - setValueToCellByIndex(sheet01, n, 1, a1): null

28-03-2025T09:03:25 - [TEST_STEP][PASSED] - setValueToCellByIndex(sheet01, n, 2, a2): null

28-03-2025T09:03:25 - [TEST_STEP][PASSED] - setValueToCellByIndex(sheet01, n, 3, a3): null

28-03-2025T09:03:25 - [TEST_STEP][PASSED] - setValueToCellByIndex(sheet01, n, 4, a4): null

28-03-2025T09:03:25 - [TEST_STEP][PASSED] - setValueToCellByIndex(sheet01, n, 5, a5): null

28-03-2025T09:03:25 - [TEST_STEP][PASSED] - setValueToCellByIndex(sheet01, n, 6, a6): null

28-03-2025T09:03:25 - [TEST_STEP][PASSED] - setValueToCellByIndex(sheet01, n, 7, a7): null

28-03-2025T09:03:25 - [TEST_STEP][PASSED] - setValueToCellByIndex(sheet01, n, 8, a8): null

28-03-2025T09:03:25 - [TEST_STEP][PASSED] - setValueToCellByIndex(sheet01, n, 9, a9): null

28-03-2025T09:03:25 - [TEST_STEP][PASSED] - n = n + 1: null

28-03-2025T09:03:25 - [TEST_STEP][PASSED] - saveWorkbook(excelFilePath, workbook01): null

28-03-2025T09:03:25 - [TEST_STEP][PASSED] - closeBrowser(): Browser is closed

28-03-2025T09:03:25 - [MESSAGE][PASSED] - Browser is closed

28-03-2025T09:03:25 - [TEST_STEP][PASSED] - delay(70): Delayed 70 second(s)

28-03-2025T09:04:35 - [MESSAGE][PASSED] - Delayed 70 second(s)

28-03-2025T09:04:35 - [TEST_STEP][PASSED] - for ([run = 1, run < 4, (run++)]): null

28-03-2025T09:04:35 - [TEST_STEP][PASSED] - KotlovoyPolezniyOtpusk(user, dashboardName, n, data, run, a1, a2, a3, a4, a5, a6, a7, a8, a9, urlData): null

28-03-2025T09:04:35 - [TEST_STEP][PASSED] - n = data.getRowNumbers() + 1: null

28-03-2025T09:04:35 - [TEST_STEP][PASSED] - println(n): null

28-03-2025T09:04:35 - [TEST_STEP][PASSED] - dashboardName = "Котловой полезный отпуск": null

28-03-2025T09:04:35 - [TEST_STEP][PASSED] - openBrowser(""): Browser is opened with url: ''

28-03-2025T09:04:35 - [MESSAGE][INFO] - Starting 'Chrome' driver

28-03-2025T09:04:35 - [MESSAGE][INFO] - Action delay is set to 0 milliseconds

28-03-2025T09:04:36 - [MESSAGE][PASSED] - Browser is opened with url: ''

28-03-2025T09:04:36 - [TEST_STEP][PASSED] - urlData = 18: null

28-03-2025T09:04:36 - [TEST_STEP][PASSED] - Script1686231490255.CheckPageDownload(urlData, run): null

28-03-2025T09:04:36 - [TEST_STEP][PASSED] - i = 1: null

28-03-2025T09:04:36 - [TEST_STEP][PASSED] - ii = 0: null

28-03-2025T09:04:36 - [TEST_STEP][PASSED] - urlText = <not implemented yet for class: org.codehaus.groovy.ast.expr.EmptyExpression>: null

28-03-2025T09:04:36 - [TEST_STEP][PASSED] - searchWord = <not implemented yet for class: org.codehaus.groovy.ast.expr.EmptyExpression>: null

28-03-2025T09:04:36 - [TEST_STEP][PASSED] - deleteAllCookies(): Delete all cookies successfully

28-03-2025T09:04:36 - [MESSAGE][PASSED] - Delete all cookies successfully

28-03-2025T09:04:36 - [TEST_STEP][PASSED] - refresh(): Refresh successfully

28-03-2025T09:04:36 - [MESSAGE][PASSED] - Refresh successfully

28-03-2025T09:04:36 - [TEST_STEP][PASSED] - delay(70): Delayed 70 second(s)

28-03-2025T09:05:46 - [MESSAGE][PASSED] - Delayed 70 second(s)

28-03-2025T09:05:46 - [TEST_STEP][PASSED] - navigateToUrl(findTestData("PlanFact").getValue(10, urlData)): Navigate to 'https://bi.rosseti.digital/viewer?dashboardGuid=2301950b23be4ed89c1df75f2020051e&sheetGuid=9de09c51f7e14f6a9e9103985ef32ea6&fit=true' successfully

28-03-2025T09:05:50 - [MESSAGE][PASSED] - Navigate to 'https://bi.rosseti.digital/viewer?dashboardGuid=2301950b23be4ed89c1df75f2020051e&sheetGuid=9de09c51f7e14f6a9e9103985ef32ea6&fit=true' successfully

28-03-2025T09:05:50 - [TEST_STEP][PASSED] - pageLoaded1 = verifyElementPresent(findTestObject("Страница авторизации/Text"), 30): Object 'Object Repository/Страница авторизации/Text' is present

28-03-2025T09:05:52 - [MESSAGE][PASSED] - Object 'Object Repository/Страница авторизации/Text' is present

28-03-2025T09:05:52 - [TEST_STEP][PASSED] - if (pageLoaded1 == false): null

28-03-2025T09:05:52 - [TEST_STEP][PASSED] - urlText = getText(findTestObject("Страница авторизации/Text")): Text of object 'Object Repository/Страница авторизации/Text' is: 'Вход'

28-03-2025T09:05:52 - [MESSAGE][PASSED] - Text of object 'Object Repository/Страница авторизации/Text' is: 'Вход'

28-03-2025T09:05:52 - [TEST_STEP][PASSED] - delay(70): Delayed 70 second(s)

28-03-2025T09:07:02 - [MESSAGE][PASSED] - Delayed 70 second(s)

28-03-2025T09:07:02 - [TEST_STEP][PASSED] - searchWord = "Вход": null

28-03-2025T09:07:02 - [TEST_STEP][PASSED] - if (urlText.contains(searchWord) == false): null

28-03-2025T09:07:02 - [TEST_STEP][PASSED] - setText(findTestObject("Страница авторизации/input__username"), findTestData("PlanFact").getValue(8, run)): Text 'liazgina-di' is set on object 'Object Repository/Страница авторизации/input__username'

28-03-2025T09:07:03 - [MESSAGE][PASSED] - Text 'liazgina-di' is set on object 'Object Repository/Страница авторизации/input__username'

28-03-2025T09:07:03 - [TEST_STEP][PASSED] - setText(findTestObject("Страница авторизации/input__password"), findTestData("PlanFact").getValue(9, run)): Text ')$%5srZ8o688Dm#q' is set on object 'Object Repository/Страница авторизации/input__password'

28-03-2025T09:07:03 - [MESSAGE][PASSED] - Text ')$%5srZ8o688Dm#q' is set on object 'Object Repository/Страница авторизации/input__password'

28-03-2025T09:07:03 - [TEST_STEP][PASSED] - click(findTestObject("Страница авторизации/button_")): Object: 'Object Repository/Страница авторизации/button_' is clicked on

28-03-2025T09:07:05 - [MESSAGE][PASSED] - Object: 'Object Repository/Страница авторизации/button_' is clicked on

28-03-2025T09:07:05 - [TEST_STEP][PASSED] - delay(70): Delayed 70 second(s)

28-03-2025T09:08:15 - [MESSAGE][PASSED] - Delayed 70 second(s)

28-03-2025T09:08:15 - [TEST_STEP][PASSED] - searchWord = "а": null

28-03-2025T09:08:15 - [TEST_STEP][PASSED] - pageLoaded2 = verifyElementPresent(findTestObject("Страница авторизации/Text"), 50): Object 'Object Repository/Страница авторизации/Text' is present

28-03-2025T09:08:15 - [MESSAGE][PASSED] - Object 'Object Repository/Страница авторизации/Text' is present

28-03-2025T09:08:15 - [TEST_STEP][PASSED] - if (pageLoaded2 == false): null

28-03-2025T09:08:15 - [TEST_STEP][PASSED] - urlText = getText(findTestObject("Страница авторизации/Text")): Text of object 'Object Repository/Страница авторизации/Text' is: 'Период
Январь, Февраль 2025 года
Выручка
Все
ДЗО 
ПАО Россети
Внутренний оборот – выручка за услуги по передаче электрической энергии, входящая в стоимость электроэнергии (продажа) при выполнении ДЗО функций гарантирующего поставщика
Подписи данных
Отклонение котлового полезного отпуска ПАО Россети за Январь, Февраль 2025 года (факт/план, млн. кВтч)
ПАО Россети
-14 134 млн.кВтч.
млн.
%
Котловой полезный отпуск
Выполнение плановых показателей по ПАО Россети за Январь, Февраль 2025 года
План
Факт
Динамика
2025 год
0 млн.кВтч.
10 000 млн.кВтч.
20 000 млн.кВтч.
30 000 млн.кВтч.
40 000 млн.кВтч.
50 000 млн.кВтч.
60 000 млн.кВтч.
70 000 млн.кВтч.
80 000 млн.кВтч.
90 000 млн.кВтч.
100 000 млн.кВтч.
110 000 млн.кВтч.
120 000 млн.кВтч.
130 000 млн.кВтч.
106 032
93 890
↓
⬤Отклонение
АО "РЭС"
АО «Тываэнерго»
АО «Чеченэнерго»
Россети Волга
Россети Кубань
Россети Ленэнерго (ГК)
Россети Московский регион
Россети Северный Кавказ (ГК)
Россети Северо-Запад
Россети Сибирь (ГК)
Россети Томск
Россети Тюмень
Россети Урал (ГК)
Россети ФСК ЕЭС
Россети Центр
Россети Центр и Приволжье (ГК)
Россети Юг (ГК)
Россети Янтарь
-5 500 млн.кВтч.
-5 000 млн.кВтч.
-4 500 млн.кВтч.
-4 000 млн.кВтч.
-3 500 млн.кВтч.
-3 000 млн.кВтч.
-2 500 млн.кВтч.
-2 000 млн.кВтч.
-1 500 млн.кВтч.
-1 000 млн.кВтч.
- 500 млн.кВтч.
0 млн.кВтч.
500 млн.кВтч.
-96
-86
-15
-941
10
-188
-635
-262
-113
-4 011
-31
-4 950
-349
-1 991
-221
-246
-15
7'

28-03-2025T09:08:16 - [MESSAGE][PASSED] - Text of object 'Object Repository/Страница авторизации/Text' is: 'Период
Январь, Февраль 2025 года
Выручка
Все
ДЗО 
ПАО Россети
Внутренний оборот – выручка за услуги по передаче электрической энергии, входящая в стоимость электроэнергии (продажа) при выполнении ДЗО функций гарантирующего поставщика
Подписи данных
Отклонение котлового полезного отпуска ПАО Россети за Январь, Февраль 2025 года (факт/план, млн. кВтч)
ПАО Россети
-14 134 млн.кВтч.
млн.
%
Котловой полезный отпуск
Выполнение плановых показателей по ПАО Россети за Январь, Февраль 2025 года
План
Факт
Динамика
2025 год
0 млн.кВтч.
10 000 млн.кВтч.
20 000 млн.кВтч.
30 000 млн.кВтч.
40 000 млн.кВтч.
50 000 млн.кВтч.
60 000 млн.кВтч.
70 000 млн.кВтч.
80 000 млн.кВтч.
90 000 млн.кВтч.
100 000 млн.кВтч.
110 000 млн.кВтч.
120 000 млн.кВтч.
130 000 млн.кВтч.
106 032
93 890
↓
⬤Отклонение
АО "РЭС"
АО «Тываэнерго»
АО «Чеченэнерго»
Россети Волга
Россети Кубань
Россети Ленэнерго (ГК)
Россети Московский регион
Россети Северный Кавказ (ГК)
Россети Северо-Запад
Россети Сибирь (ГК)
Россети Томск
Россети Тюмень
Россети Урал (ГК)
Россети ФСК ЕЭС
Россети Центр
Россети Центр и Приволжье (ГК)
Россети Юг (ГК)
Россети Янтарь
-5 500 млн.кВтч.
-5 000 млн.кВтч.
-4 500 млн.кВтч.
-4 000 млн.кВтч.
-3 500 млн.кВтч.
-3 000 млн.кВтч.
-2 500 млн.кВтч.
-2 000 млн.кВтч.
-1 500 млн.кВтч.
-1 000 млн.кВтч.
- 500 млн.кВтч.
0 млн.кВтч.
500 млн.кВтч.
-96
-86
-15
-941
10
-188
-635
-262
-113
-4 011
-31
-4 950
-349
-1 991
-221
-246
-15
7'

28-03-2025T09:08:16 - [TEST_STEP][PASSED] - if (urlText.contains("ошибка") || urlText.contains(searchWord) == false): null

28-03-2025T09:08:16 - [TEST_STEP][PASSED] - a2 = "": null

28-03-2025T09:08:16 - [TEST_STEP][PASSED] - a3 = "": null

28-03-2025T09:08:16 - [TEST_STEP][PASSED] - a4 = "": null

28-03-2025T09:08:16 - [TEST_STEP][PASSED] - a5 = "": null

28-03-2025T09:08:16 - [TEST_STEP][PASSED] - a6 = "": null

28-03-2025T09:08:16 - [TEST_STEP][PASSED] - a7 = "": null

28-03-2025T09:08:16 - [TEST_STEP][PASSED] - a8 = "": null

28-03-2025T09:08:16 - [TEST_STEP][PASSED] - a9 = "": null

28-03-2025T09:08:16 - [TEST_STEP][PASSED] - if (run == 1): null

28-03-2025T09:08:16 - [TEST_STEP][PASSED] - user = "админ": null

28-03-2025T09:08:16 - [TEST_STEP][PASSED] - a1 = getText(findTestObject("Котловой полезный отпуск/График 1")): Text of object 'Object Repository/Котловой полезный отпуск/График 1' is: 'Период
Январь, Февраль 2025 года
Выручка
Все
ДЗО 
ПАО Россети
Внутренний оборот – выручка за услуги по передаче электрической энергии, входящая в стоимость электроэнергии (продажа) при выполнении ДЗО функций гарантирующего поставщика
Подписи данных
Отклонение котлового полезного отпуска ПАО Россети за Январь, Февраль 2025 года (факт/план, млн. кВтч)
ПАО Россети
-14 134 млн.кВтч.
млн.
%
Котловой полезный отпуск
Выполнение плановых показателей по ПАО Россети за Январь, Февраль 2025 года
План
Факт
Динамика
2025 год
0 млн.кВтч.
10 000 млн.кВтч.
20 000 млн.кВтч.
30 000 млн.кВтч.
40 000 млн.кВтч.
50 000 млн.кВтч.
60 000 млн.кВтч.
70 000 млн.кВтч.
80 000 млн.кВтч.
90 000 млн.кВтч.
100 000 млн.кВтч.
110 000 млн.кВтч.
120 000 млн.кВтч.
130 000 млн.кВтч.
106 032
93 890
↓
⬤Отклонение
АО "РЭС"
АО «Тываэнерго»
АО «Чеченэнерго»
Россети Волга
Россети Кубань
Россети Ленэнерго (ГК)
Россети Московский регион
Россети Северный Кавказ (ГК)
Россети Северо-Запад
Россети Сибирь (ГК)
Россети Томск
Россети Тюмень
Россети Урал (ГК)
Россети ФСК ЕЭС
Россети Центр
Россети Центр и Приволжье (ГК)
Россети Юг (ГК)
Россети Янтарь
-5 500 млн.кВтч.
-5 000 млн.кВтч.
-4 500 млн.кВтч.
-4 000 млн.кВтч.
-3 500 млн.кВтч.
-3 000 млн.кВтч.
-2 500 млн.кВтч.
-2 000 млн.кВтч.
-1 500 млн.кВтч.
-1 000 млн.кВтч.
- 500 млн.кВтч.
0 млн.кВтч.
500 млн.кВтч.
-96
-86
-15
-941
10
-188
-635
-262
-113
-4 011
-31
-4 950
-349
-1 991
-221
-246
-15
7'

28-03-2025T09:08:17 - [MESSAGE][PASSED] - Text of object 'Object Repository/Котловой полезный отпуск/График 1' is: 'Период
Январь, Февраль 2025 года
Выручка
Все
ДЗО 
ПАО Россети
Внутренний оборот – выручка за услуги по передаче электрической энергии, входящая в стоимость электроэнергии (продажа) при выполнении ДЗО функций гарантирующего поставщика
Подписи данных
Отклонение котлового полезного отпуска ПАО Россети за Январь, Февраль 2025 года (факт/план, млн. кВтч)
ПАО Россети
-14 134 млн.кВтч.
млн.
%
Котловой полезный отпуск
Выполнение плановых показателей по ПАО Россети за Январь, Февраль 2025 года
План
Факт
Динамика
2025 год
0 млн.кВтч.
10 000 млн.кВтч.
20 000 млн.кВтч.
30 000 млн.кВтч.
40 000 млн.кВтч.
50 000 млн.кВтч.
60 000 млн.кВтч.
70 000 млн.кВтч.
80 000 млн.кВтч.
90 000 млн.кВтч.
100 000 млн.кВтч.
110 000 млн.кВтч.
120 000 млн.кВтч.
130 000 млн.кВтч.
106 032
93 890
↓
⬤Отклонение
АО "РЭС"
АО «Тываэнерго»
АО «Чеченэнерго»
Россети Волга
Россети Кубань
Россети Ленэнерго (ГК)
Россети Московский регион
Россети Северный Кавказ (ГК)
Россети Северо-Запад
Россети Сибирь (ГК)
Россети Томск
Россети Тюмень
Россети Урал (ГК)
Россети ФСК ЕЭС
Россети Центр
Россети Центр и Приволжье (ГК)
Россети Юг (ГК)
Россети Янтарь
-5 500 млн.кВтч.
-5 000 млн.кВтч.
-4 500 млн.кВтч.
-4 000 млн.кВтч.
-3 500 млн.кВтч.
-3 000 млн.кВтч.
-2 500 млн.кВтч.
-2 000 млн.кВтч.
-1 500 млн.кВтч.
-1 000 млн.кВтч.
- 500 млн.кВтч.
0 млн.кВтч.
500 млн.кВтч.
-96
-86
-15
-941
10
-188
-635
-262
-113
-4 011
-31
-4 950
-349
-1 991
-221
-246
-15
7'

28-03-2025T09:08:17 - [TEST_STEP][PASSED] - a1 = replaceAll("[\r?
|
]", "").replaceAll("\s+", ""): null

28-03-2025T09:08:17 - [TEST_STEP][PASSED] - if (a1 == ""): null

28-03-2025T09:08:17 - [TEST_STEP][PASSED] - n = n + 21: null

28-03-2025T09:08:17 - [TEST_STEP][PASSED] - Script1686231490255.WriteToExcel(user, dashboardName, n, data, run, a1, a2, a3, a4, a5, a6, a7, a8, a9): null

28-03-2025T09:08:17 - [TEST_STEP][PASSED] - sheetName = "Sheet1": null

28-03-2025T09:08:17 - [TEST_STEP][PASSED] - workbook01 = getWorkbook(excelFilePath): null

28-03-2025T09:08:17 - [TEST_STEP][PASSED] - sheet01 = getExcelSheet(workbook01, sheetName): null

28-03-2025T09:08:17 - [TEST_STEP][PASSED] - setValueToCellByIndex(sheet01, n, 0, dashboardName): null

28-03-2025T09:08:17 - [TEST_STEP][PASSED] - setValueToCellByIndex(sheet01, n, 10, user): null

28-03-2025T09:08:17 - [TEST_STEP][PASSED] - setValueToCellByIndex(sheet01, n, 1, a1): null

28-03-2025T09:08:17 - [TEST_STEP][PASSED] - setValueToCellByIndex(sheet01, n, 2, a2): null

28-03-2025T09:08:17 - [TEST_STEP][PASSED] - setValueToCellByIndex(sheet01, n, 3, a3): null

28-03-2025T09:08:17 - [TEST_STEP][PASSED] - setValueToCellByIndex(sheet01, n, 4, a4): null

28-03-2025T09:08:17 - [TEST_STEP][PASSED] - setValueToCellByIndex(sheet01, n, 5, a5): null

28-03-2025T09:08:17 - [TEST_STEP][PASSED] - setValueToCellByIndex(sheet01, n, 6, a6): null

28-03-2025T09:08:17 - [TEST_STEP][PASSED] - setValueToCellByIndex(sheet01, n, 7, a7): null

28-03-2025T09:08:17 - [TEST_STEP][PASSED] - setValueToCellByIndex(sheet01, n, 8, a8): null

28-03-2025T09:08:17 - [TEST_STEP][PASSED] - setValueToCellByIndex(sheet01, n, 9, a9): null

28-03-2025T09:08:17 - [TEST_STEP][PASSED] - n = n + 1: null

28-03-2025T09:08:17 - [TEST_STEP][PASSED] - saveWorkbook(excelFilePath, workbook01): null

28-03-2025T09:08:17 - [TEST_STEP][PASSED] - if (run == 2): null

28-03-2025T09:08:17 - [TEST_STEP][PASSED] - if (run == 3): null

28-03-2025T09:08:17 - [TEST_STEP][PASSED] - closeBrowser(): null

28-03-2025T09:08:17 - [MESSAGE][PASSED] - Browser is closed

28-03-2025T09:08:17 - [TEST_STEP][PASSED] - KotlovoyPolezniyOtpusk(user, dashboardName, n, data, run, a1, a2, a3, a4, a5, a6, a7, a8, a9, urlData): null

28-03-2025T09:08:17 - [TEST_STEP][PASSED] - n = data.getRowNumbers() + 1: null

28-03-2025T09:08:17 - [TEST_STEP][PASSED] - println(n): null

28-03-2025T09:08:17 - [TEST_STEP][PASSED] - dashboardName = "Котловой полезный отпуск": null

28-03-2025T09:08:17 - [TEST_STEP][PASSED] - openBrowser(""): Browser is opened with url: ''

28-03-2025T09:08:17 - [MESSAGE][INFO] - Starting 'Chrome' driver

28-03-2025T09:08:17 - [MESSAGE][INFO] - Action delay is set to 0 milliseconds

28-03-2025T09:08:18 - [MESSAGE][PASSED] - Browser is opened with url: ''

28-03-2025T09:08:18 - [TEST_STEP][PASSED] - urlData = 18: null

28-03-2025T09:08:18 - [TEST_STEP][PASSED] - Script1686231490255.CheckPageDownload(urlData, run): null

28-03-2025T09:08:18 - [TEST_STEP][PASSED] - i = 1: null

28-03-2025T09:08:18 - [TEST_STEP][PASSED] - ii = 0: null

28-03-2025T09:08:18 - [TEST_STEP][PASSED] - urlText = <not implemented yet for class: org.codehaus.groovy.ast.expr.EmptyExpression>: null

28-03-2025T09:08:18 - [TEST_STEP][PASSED] - searchWord = <not implemented yet for class: org.codehaus.groovy.ast.expr.EmptyExpression>: null

28-03-2025T09:08:18 - [TEST_STEP][PASSED] - deleteAllCookies(): Delete all cookies successfully

28-03-2025T09:08:18 - [MESSAGE][PASSED] - Delete all cookies successfully

28-03-2025T09:08:18 - [TEST_STEP][PASSED] - refresh(): Refresh successfully

28-03-2025T09:08:18 - [MESSAGE][PASSED] - Refresh successfully

28-03-2025T09:08:18 - [TEST_STEP][PASSED] - delay(70): Delayed 70 second(s)

28-03-2025T09:09:28 - [MESSAGE][PASSED] - Delayed 70 second(s)

28-03-2025T09:09:28 - [TEST_STEP][PASSED] - navigateToUrl(findTestData("PlanFact").getValue(10, urlData)): Navigate to 'https://bi.rosseti.digital/viewer?dashboardGuid=2301950b23be4ed89c1df75f2020051e&sheetGuid=9de09c51f7e14f6a9e9103985ef32ea6&fit=true' successfully

28-03-2025T09:09:33 - [MESSAGE][PASSED] - Navigate to 'https://bi.rosseti.digital/viewer?dashboardGuid=2301950b23be4ed89c1df75f2020051e&sheetGuid=9de09c51f7e14f6a9e9103985ef32ea6&fit=true' successfully

28-03-2025T09:09:33 - [TEST_STEP][PASSED] - pageLoaded1 = verifyElementPresent(findTestObject("Страница авторизации/Text"), 30): Object 'Object Repository/Страница авторизации/Text' is present

28-03-2025T09:09:35 - [MESSAGE][PASSED] - Object 'Object Repository/Страница авторизации/Text' is present

28-03-2025T09:09:35 - [TEST_STEP][PASSED] - if (pageLoaded1 == false): null

28-03-2025T09:09:35 - [TEST_STEP][PASSED] - urlText = getText(findTestObject("Страница авторизации/Text")): Text of object 'Object Repository/Страница авторизации/Text' is: 'Вход'

28-03-2025T09:09:35 - [MESSAGE][PASSED] - Text of object 'Object Repository/Страница авторизации/Text' is: 'Вход'

28-03-2025T09:09:35 - [TEST_STEP][PASSED] - delay(70): Delayed 70 second(s)

28-03-2025T09:10:45 - [MESSAGE][PASSED] - Delayed 70 second(s)

28-03-2025T09:10:45 - [TEST_STEP][PASSED] - searchWord = "Вход": null

28-03-2025T09:10:45 - [TEST_STEP][PASSED] - if (urlText.contains(searchWord) == false): null

28-03-2025T09:10:45 - [TEST_STEP][PASSED] - setText(findTestObject("Страница авторизации/input__username"), findTestData("PlanFact").getValue(8, run)): Text 'Andreeva-EV' is set on object 'Object Repository/Страница авторизации/input__username'

28-03-2025T09:10:46 - [MESSAGE][PASSED] - Text 'Andreeva-EV' is set on object 'Object Repository/Страница авторизации/input__username'

28-03-2025T09:10:46 - [TEST_STEP][PASSED] - setText(findTestObject("Страница авторизации/input__password"), findTestData("PlanFact").getValue(9, run)): Text '2nPePKDwCPH3ul7xMZ' is set on object 'Object Repository/Страница авторизации/input__password'

28-03-2025T09:10:46 - [MESSAGE][PASSED] - Text '2nPePKDwCPH3ul7xMZ' is set on object 'Object Repository/Страница авторизации/input__password'

28-03-2025T09:10:46 - [TEST_STEP][PASSED] - click(findTestObject("Страница авторизации/button_")): Object: 'Object Repository/Страница авторизации/button_' is clicked on

28-03-2025T09:10:48 - [MESSAGE][PASSED] - Object: 'Object Repository/Страница авторизации/button_' is clicked on

28-03-2025T09:10:48 - [TEST_STEP][PASSED] - delay(70): Delayed 70 second(s)

28-03-2025T09:11:58 - [MESSAGE][PASSED] - Delayed 70 second(s)

28-03-2025T09:11:58 - [TEST_STEP][PASSED] - searchWord = "а": null

28-03-2025T09:11:58 - [TEST_STEP][PASSED] - pageLoaded2 = verifyElementPresent(findTestObject("Страница авторизации/Text"), 50): Object 'Object Repository/Страница авторизации/Text' is present

28-03-2025T09:11:58 - [MESSAGE][PASSED] - Object 'Object Repository/Страница авторизации/Text' is present

28-03-2025T09:11:58 - [TEST_STEP][PASSED] - if (pageLoaded2 == false): null

28-03-2025T09:11:58 - [TEST_STEP][PASSED] - urlText = getText(findTestObject("Страница авторизации/Text")): Text of object 'Object Repository/Страница авторизации/Text' is: 'Период
Январь, Февраль 2025 года
Выручка
Все
ДЗО 
ПАО Россети
Внутренний оборот – выручка за услуги по передаче электрической энергии, входящая в стоимость электроэнергии (продажа) при выполнении ДЗО функций гарантирующего поставщика
Подписи данных
Отклонение котлового полезного отпуска ПАО Россети за Январь, Февраль 2025 года (факт/план, млн. кВтч)
ПАО Россети
-14 134 млн.кВтч.
млн.
%
Котловой полезный отпуск
Выполнение плановых показателей по ПАО Россети за Январь, Февраль 2025 года
План
Факт
Динамика
2025 год
0 млн.кВтч.
10 000 млн.кВтч.
20 000 млн.кВтч.
30 000 млн.кВтч.
40 000 млн.кВтч.
50 000 млн.кВтч.
60 000 млн.кВтч.
70 000 млн.кВтч.
80 000 млн.кВтч.
90 000 млн.кВтч.
100 000 млн.кВтч.
110 000 млн.кВтч.
120 000 млн.кВтч.
130 000 млн.кВтч.
106 032
93 890
↓
⬤Отклонение
АО "РЭС"
АО «Тываэнерго»
АО «Чеченэнерго»
Россети Волга
Россети Кубань
Россети Ленэнерго (ГК)
Россети Московский регион
Россети Северный Кавказ (ГК)
Россети Северо-Запад
Россети Сибирь (ГК)
Россети Томск
Россети Тюмень
Россети Урал (ГК)
Россети ФСК ЕЭС
Россети Центр
Россети Центр и Приволжье (ГК)
Россети Юг (ГК)
Россети Янтарь
-5 500 млн.кВтч.
-5 000 млн.кВтч.
-4 500 млн.кВтч.
-4 000 млн.кВтч.
-3 500 млн.кВтч.
-3 000 млн.кВтч.
-2 500 млн.кВтч.
-2 000 млн.кВтч.
-1 500 млн.кВтч.
-1 000 млн.кВтч.
- 500 млн.кВтч.
0 млн.кВтч.
500 млн.кВтч.
-96
-86
-15
-941
10
-188
-635
-262
-113
-4 011
-31
-4 950
-349
-1 991
-221
-246
-15
7'

28-03-2025T09:11:59 - [MESSAGE][PASSED] - Text of object 'Object Repository/Страница авторизации/Text' is: 'Период
Январь, Февраль 2025 года
Выручка
Все
ДЗО 
ПАО Россети
Внутренний оборот – выручка за услуги по передаче электрической энергии, входящая в стоимость электроэнергии (продажа) при выполнении ДЗО функций гарантирующего поставщика
Подписи данных
Отклонение котлового полезного отпуска ПАО Россети за Январь, Февраль 2025 года (факт/план, млн. кВтч)
ПАО Россети
-14 134 млн.кВтч.
млн.
%
Котловой полезный отпуск
Выполнение плановых показателей по ПАО Россети за Январь, Февраль 2025 года
План
Факт
Динамика
2025 год
0 млн.кВтч.
10 000 млн.кВтч.
20 000 млн.кВтч.
30 000 млн.кВтч.
40 000 млн.кВтч.
50 000 млн.кВтч.
60 000 млн.кВтч.
70 000 млн.кВтч.
80 000 млн.кВтч.
90 000 млн.кВтч.
100 000 млн.кВтч.
110 000 млн.кВтч.
120 000 млн.кВтч.
130 000 млн.кВтч.
106 032
93 890
↓
⬤Отклонение
АО "РЭС"
АО «Тываэнерго»
АО «Чеченэнерго»
Россети Волга
Россети Кубань
Россети Ленэнерго (ГК)
Россети Московский регион
Россети Северный Кавказ (ГК)
Россети Северо-Запад
Россети Сибирь (ГК)
Россети Томск
Россети Тюмень
Россети Урал (ГК)
Россети ФСК ЕЭС
Россети Центр
Россети Центр и Приволжье (ГК)
Россети Юг (ГК)
Россети Янтарь
-5 500 млн.кВтч.
-5 000 млн.кВтч.
-4 500 млн.кВтч.
-4 000 млн.кВтч.
-3 500 млн.кВтч.
-3 000 млн.кВтч.
-2 500 млн.кВтч.
-2 000 млн.кВтч.
-1 500 млн.кВтч.
-1 000 млн.кВтч.
- 500 млн.кВтч.
0 млн.кВтч.
500 млн.кВтч.
-96
-86
-15
-941
10
-188
-635
-262
-113
-4 011
-31
-4 950
-349
-1 991
-221
-246
-15
7'

28-03-2025T09:11:59 - [TEST_STEP][PASSED] - if (urlText.contains("ошибка") || urlText.contains(searchWord) == false): null

28-03-2025T09:11:59 - [TEST_STEP][PASSED] - a2 = "": null

28-03-2025T09:11:59 - [TEST_STEP][PASSED] - a3 = "": null

28-03-2025T09:11:59 - [TEST_STEP][PASSED] - a4 = "": null

28-03-2025T09:11:59 - [TEST_STEP][PASSED] - a5 = "": null

28-03-2025T09:11:59 - [TEST_STEP][PASSED] - a6 = "": null

28-03-2025T09:11:59 - [TEST_STEP][PASSED] - a7 = "": null

28-03-2025T09:11:59 - [TEST_STEP][PASSED] - a8 = "": null

28-03-2025T09:11:59 - [TEST_STEP][PASSED] - a9 = "": null

28-03-2025T09:11:59 - [TEST_STEP][PASSED] - if (run == 1): null

28-03-2025T09:11:59 - [TEST_STEP][PASSED] - if (run == 2): null

28-03-2025T09:11:59 - [TEST_STEP][PASSED] - user = "Андреева": null

28-03-2025T09:11:59 - [TEST_STEP][PASSED] - a1 = getText(findTestObject("Котловой полезный отпуск/График 1")): Text of object 'Object Repository/Котловой полезный отпуск/График 1' is: 'Период
Январь, Февраль 2025 года
Выручка
Все
ДЗО 
ПАО Россети
Внутренний оборот – выручка за услуги по передаче электрической энергии, входящая в стоимость электроэнергии (продажа) при выполнении ДЗО функций гарантирующего поставщика
Подписи данных
Отклонение котлового полезного отпуска ПАО Россети за Январь, Февраль 2025 года (факт/план, млн. кВтч)
ПАО Россети
-14 134 млн.кВтч.
млн.
%
Котловой полезный отпуск
Выполнение плановых показателей по ПАО Россети за Январь, Февраль 2025 года
План
Факт
Динамика
2025 год
0 млн.кВтч.
10 000 млн.кВтч.
20 000 млн.кВтч.
30 000 млн.кВтч.
40 000 млн.кВтч.
50 000 млн.кВтч.
60 000 млн.кВтч.
70 000 млн.кВтч.
80 000 млн.кВтч.
90 000 млн.кВтч.
100 000 млн.кВтч.
110 000 млн.кВтч.
120 000 млн.кВтч.
130 000 млн.кВтч.
106 032
93 890
↓
⬤Отклонение
АО "РЭС"
АО «Тываэнерго»
АО «Чеченэнерго»
Россети Волга
Россети Кубань
Россети Ленэнерго (ГК)
Россети Московский регион
Россети Северный Кавказ (ГК)
Россети Северо-Запад
Россети Сибирь (ГК)
Россети Томск
Россети Тюмень
Россети Урал (ГК)
Россети ФСК ЕЭС
Россети Центр
Россети Центр и Приволжье (ГК)
Россети Юг (ГК)
Россети Янтарь
-5 500 млн.кВтч.
-5 000 млн.кВтч.
-4 500 млн.кВтч.
-4 000 млн.кВтч.
-3 500 млн.кВтч.
-3 000 млн.кВтч.
-2 500 млн.кВтч.
-2 000 млн.кВтч.
-1 500 млн.кВтч.
-1 000 млн.кВтч.
- 500 млн.кВтч.
0 млн.кВтч.
500 млн.кВтч.
-96
-86
-15
-941
10
-188
-635
-262
-113
-4 011
-31
-4 950
-349
-1 991
-221
-246
-15
7'

28-03-2025T09:12:00 - [MESSAGE][PASSED] - Text of object 'Object Repository/Котловой полезный отпуск/График 1' is: 'Период
Январь, Февраль 2025 года
Выручка
Все
ДЗО 
ПАО Россети
Внутренний оборот – выручка за услуги по передаче электрической энергии, входящая в стоимость электроэнергии (продажа) при выполнении ДЗО функций гарантирующего поставщика
Подписи данных
Отклонение котлового полезного отпуска ПАО Россети за Январь, Февраль 2025 года (факт/план, млн. кВтч)
ПАО Россети
-14 134 млн.кВтч.
млн.
%
Котловой полезный отпуск
Выполнение плановых показателей по ПАО Россети за Январь, Февраль 2025 года
План
Факт
Динамика
2025 год
0 млн.кВтч.
10 000 млн.кВтч.
20 000 млн.кВтч.
30 000 млн.кВтч.
40 000 млн.кВтч.
50 000 млн.кВтч.
60 000 млн.кВтч.
70 000 млн.кВтч.
80 000 млн.кВтч.
90 000 млн.кВтч.
100 000 млн.кВтч.
110 000 млн.кВтч.
120 000 млн.кВтч.
130 000 млн.кВтч.
106 032
93 890
↓
⬤Отклонение
АО "РЭС"
АО «Тываэнерго»
АО «Чеченэнерго»
Россети Волга
Россети Кубань
Россети Ленэнерго (ГК)
Россети Московский регион
Россети Северный Кавказ (ГК)
Россети Северо-Запад
Россети Сибирь (ГК)
Россети Томск
Россети Тюмень
Россети Урал (ГК)
Россети ФСК ЕЭС
Россети Центр
Россети Центр и Приволжье (ГК)
Россети Юг (ГК)
Россети Янтарь
-5 500 млн.кВтч.
-5 000 млн.кВтч.
-4 500 млн.кВтч.
-4 000 млн.кВтч.
-3 500 млн.кВтч.
-3 000 млн.кВтч.
-2 500 млн.кВтч.
-2 000 млн.кВтч.
-1 500 млн.кВтч.
-1 000 млн.кВтч.
- 500 млн.кВтч.
0 млн.кВтч.
500 млн.кВтч.
-96
-86
-15
-941
10
-188
-635
-262
-113
-4 011
-31
-4 950
-349
-1 991
-221
-246
-15
7'

28-03-2025T09:12:00 - [TEST_STEP][PASSED] - a1 = replaceAll("[\r?
|
]", "").replaceAll("\s+", ""): null

28-03-2025T09:12:00 - [TEST_STEP][PASSED] - if (a1 == ""): null

28-03-2025T09:12:00 - [TEST_STEP][PASSED] - n = n + 22: null

28-03-2025T09:12:00 - [TEST_STEP][PASSED] - b = n - run + 1: null

28-03-2025T09:12:00 - [TEST_STEP][PASSED] - verifyEqual(findTestData("PlanFact").getValue(2, b), a1): Actual object '202520251413420252025010000200003000040000500006000070000800009000010000011000012000013000010603293890↓⬤550050004500400035003000250020001500100050005009686159411018863526211340113149503491991221246157' and expected object '202520251413420252025010000200003000040000500006000070000800009000010000011000012000013000010603293890↓⬤550050004500400035003000250020001500100050005009686159411018863526211340113149503491991221246157' are equal

28-03-2025T09:12:00 - [MESSAGE][PASSED] - Actual object '202520251413420252025010000200003000040000500006000070000800009000010000011000012000013000010603293890↓⬤550050004500400035003000250020001500100050005009686159411018863526211340113149503491991221246157' and expected object '202520251413420252025010000200003000040000500006000070000800009000010000011000012000013000010603293890↓⬤550050004500400035003000250020001500100050005009686159411018863526211340113149503491991221246157' are equal

28-03-2025T09:12:00 - [TEST_STEP][PASSED] - Script1686231490255.WriteToExcel(user, dashboardName, n, data, run, a1, a2, a3, a4, a5, a6, a7, a8, a9): null

28-03-2025T09:12:00 - [TEST_STEP][PASSED] - sheetName = "Sheet1": null

28-03-2025T09:12:00 - [TEST_STEP][PASSED] - workbook01 = getWorkbook(excelFilePath): null

28-03-2025T09:12:00 - [TEST_STEP][PASSED] - sheet01 = getExcelSheet(workbook01, sheetName): null

28-03-2025T09:12:00 - [TEST_STEP][PASSED] - setValueToCellByIndex(sheet01, n, 0, dashboardName): null

28-03-2025T09:12:00 - [TEST_STEP][PASSED] - setValueToCellByIndex(sheet01, n, 10, user): null

28-03-2025T09:12:00 - [TEST_STEP][PASSED] - setValueToCellByIndex(sheet01, n, 1, a1): null

28-03-2025T09:12:00 - [TEST_STEP][PASSED] - setValueToCellByIndex(sheet01, n, 2, a2): null

28-03-2025T09:12:00 - [TEST_STEP][PASSED] - setValueToCellByIndex(sheet01, n, 3, a3): null

28-03-2025T09:12:00 - [TEST_STEP][PASSED] - setValueToCellByIndex(sheet01, n, 4, a4): null

28-03-2025T09:12:00 - [TEST_STEP][PASSED] - setValueToCellByIndex(sheet01, n, 5, a5): null

28-03-2025T09:12:00 - [TEST_STEP][PASSED] - setValueToCellByIndex(sheet01, n, 6, a6): null

28-03-2025T09:12:00 - [TEST_STEP][PASSED] - setValueToCellByIndex(sheet01, n, 7, a7): null

28-03-2025T09:12:00 - [TEST_STEP][PASSED] - setValueToCellByIndex(sheet01, n, 8, a8): null

28-03-2025T09:12:00 - [TEST_STEP][PASSED] - setValueToCellByIndex(sheet01, n, 9, a9): null

28-03-2025T09:12:00 - [TEST_STEP][PASSED] - n = n + 1: null

28-03-2025T09:12:00 - [TEST_STEP][PASSED] - saveWorkbook(excelFilePath, workbook01): null

28-03-2025T09:12:00 - [TEST_STEP][PASSED] - if (run == 3): null

28-03-2025T09:12:00 - [TEST_STEP][PASSED] - closeBrowser(): null

28-03-2025T09:12:00 - [MESSAGE][PASSED] - Browser is closed

28-03-2025T09:12:00 - [TEST_STEP][PASSED] - KotlovoyPolezniyOtpusk(user, dashboardName, n, data, run, a1, a2, a3, a4, a5, a6, a7, a8, a9, urlData): null

28-03-2025T09:12:00 - [TEST_STEP][PASSED] - n = data.getRowNumbers() + 1: null

28-03-2025T09:12:00 - [TEST_STEP][PASSED] - println(n): null

28-03-2025T09:12:00 - [TEST_STEP][PASSED] - dashboardName = "Котловой полезный отпуск": null

28-03-2025T09:12:00 - [TEST_STEP][PASSED] - openBrowser(""): Browser is opened with url: ''

28-03-2025T09:12:00 - [MESSAGE][INFO] - Starting 'Chrome' driver

28-03-2025T09:12:00 - [MESSAGE][INFO] - Action delay is set to 0 milliseconds

28-03-2025T09:12:01 - [MESSAGE][PASSED] - Browser is opened with url: ''

28-03-2025T09:12:01 - [TEST_STEP][PASSED] - urlData = 18: null

28-03-2025T09:12:01 - [TEST_STEP][PASSED] - Script1686231490255.CheckPageDownload(urlData, run): null

28-03-2025T09:12:01 - [TEST_STEP][PASSED] - i = 1: null

28-03-2025T09:12:01 - [TEST_STEP][PASSED] - ii = 0: null

28-03-2025T09:12:01 - [TEST_STEP][PASSED] - urlText = <not implemented yet for class: org.codehaus.groovy.ast.expr.EmptyExpression>: null

28-03-2025T09:12:01 - [TEST_STEP][PASSED] - searchWord = <not implemented yet for class: org.codehaus.groovy.ast.expr.EmptyExpression>: null

28-03-2025T09:12:01 - [TEST_STEP][PASSED] - deleteAllCookies(): Delete all cookies successfully

28-03-2025T09:12:01 - [MESSAGE][PASSED] - Delete all cookies successfully

28-03-2025T09:12:01 - [TEST_STEP][PASSED] - refresh(): Refresh successfully

28-03-2025T09:12:01 - [MESSAGE][PASSED] - Refresh successfully

28-03-2025T09:12:01 - [TEST_STEP][PASSED] - delay(70): Delayed 70 second(s)

28-03-2025T09:13:11 - [MESSAGE][PASSED] - Delayed 70 second(s)

28-03-2025T09:13:11 - [TEST_STEP][PASSED] - navigateToUrl(findTestData("PlanFact").getValue(10, urlData)): Navigate to 'https://bi.rosseti.digital/viewer?dashboardGuid=2301950b23be4ed89c1df75f2020051e&sheetGuid=9de09c51f7e14f6a9e9103985ef32ea6&fit=true' successfully

28-03-2025T09:13:15 - [MESSAGE][PASSED] - Navigate to 'https://bi.rosseti.digital/viewer?dashboardGuid=2301950b23be4ed89c1df75f2020051e&sheetGuid=9de09c51f7e14f6a9e9103985ef32ea6&fit=true' successfully

28-03-2025T09:13:15 - [TEST_STEP][PASSED] - pageLoaded1 = verifyElementPresent(findTestObject("Страница авторизации/Text"), 30): Object 'Object Repository/Страница авторизации/Text' is present

28-03-2025T09:13:17 - [MESSAGE][PASSED] - Object 'Object Repository/Страница авторизации/Text' is present

28-03-2025T09:13:17 - [TEST_STEP][PASSED] - if (pageLoaded1 == false): null

28-03-2025T09:13:17 - [TEST_STEP][PASSED] - urlText = getText(findTestObject("Страница авторизации/Text")): Text of object 'Object Repository/Страница авторизации/Text' is: 'Вход'

28-03-2025T09:13:17 - [MESSAGE][PASSED] - Text of object 'Object Repository/Страница авторизации/Text' is: 'Вход'

28-03-2025T09:13:17 - [TEST_STEP][PASSED] - delay(70): Delayed 70 second(s)

28-03-2025T09:14:27 - [MESSAGE][PASSED] - Delayed 70 second(s)

28-03-2025T09:14:27 - [TEST_STEP][PASSED] - searchWord = "Вход": null

28-03-2025T09:14:27 - [TEST_STEP][PASSED] - if (urlText.contains(searchWord) == false): null

28-03-2025T09:14:27 - [TEST_STEP][PASSED] - setText(findTestObject("Страница авторизации/input__username"), findTestData("PlanFact").getValue(8, run)): Text 'Petrova-OV' is set on object 'Object Repository/Страница авторизации/input__username'

28-03-2025T09:14:27 - [MESSAGE][PASSED] - Text 'Petrova-OV' is set on object 'Object Repository/Страница авторизации/input__username'

28-03-2025T09:14:27 - [TEST_STEP][PASSED] - setText(findTestObject("Страница авторизации/input__password"), findTestData("PlanFact").getValue(9, run)): Text '4Ex@~R53r&3x&BVe7' is set on object 'Object Repository/Страница авторизации/input__password'

28-03-2025T09:14:28 - [MESSAGE][PASSED] - Text '4Ex@~R53r&3x&BVe7' is set on object 'Object Repository/Страница авторизации/input__password'

28-03-2025T09:14:28 - [TEST_STEP][PASSED] - click(findTestObject("Страница авторизации/button_")): Object: 'Object Repository/Страница авторизации/button_' is clicked on

28-03-2025T09:14:30 - [MESSAGE][PASSED] - Object: 'Object Repository/Страница авторизации/button_' is clicked on

28-03-2025T09:14:30 - [TEST_STEP][PASSED] - delay(70): Delayed 70 second(s)

28-03-2025T09:15:40 - [MESSAGE][PASSED] - Delayed 70 second(s)

28-03-2025T09:15:40 - [TEST_STEP][PASSED] - searchWord = "а": null

28-03-2025T09:15:40 - [TEST_STEP][PASSED] - pageLoaded2 = verifyElementPresent(findTestObject("Страница авторизации/Text"), 50): Object 'Object Repository/Страница авторизации/Text' is present

28-03-2025T09:15:40 - [MESSAGE][PASSED] - Object 'Object Repository/Страница авторизации/Text' is present

28-03-2025T09:15:40 - [TEST_STEP][PASSED] - if (pageLoaded2 == false): null

28-03-2025T09:15:40 - [TEST_STEP][PASSED] - urlText = getText(findTestObject("Страница авторизации/Text")): Text of object 'Object Repository/Страница авторизации/Text' is: 'Период
Январь, Февраль 2025 года
Выручка
Все
ДЗО 
ПАО Россети
Внутренний оборот – выручка за услуги по передаче электрической энергии, входящая в стоимость электроэнергии (продажа) при выполнении ДЗО функций гарантирующего поставщика
Подписи данных
Отклонение котлового полезного отпуска ПАО Россети за Январь, Февраль 2025 года (факт/план, млн. кВтч)
ПАО Россети
-14 134 млн.кВтч.
млн.
%
Котловой полезный отпуск
Выполнение плановых показателей по ПАО Россети за Январь, Февраль 2025 года
План
Факт
Динамика
2025 год
0 млн.кВтч.
10 000 млн.кВтч.
20 000 млн.кВтч.
30 000 млн.кВтч.
40 000 млн.кВтч.
50 000 млн.кВтч.
60 000 млн.кВтч.
70 000 млн.кВтч.
80 000 млн.кВтч.
90 000 млн.кВтч.
100 000 млн.кВтч.
110 000 млн.кВтч.
120 000 млн.кВтч.
130 000 млн.кВтч.
106 032
93 890
↓
⬤Отклонение
АО "РЭС"
АО «Тываэнерго»
АО «Чеченэнерго»
Россети Волга
Россети Кубань
Россети Ленэнерго (ГК)
Россети Московский регион
Россети Северный Кавказ (ГК)
Россети Северо-Запад
Россети Сибирь (ГК)
Россети Томск
Россети Тюмень
Россети Урал (ГК)
Россети ФСК ЕЭС
Россети Центр
Россети Центр и Приволжье (ГК)
Россети Юг (ГК)
Россети Янтарь
-5 500 млн.кВтч.
-5 000 млн.кВтч.
-4 500 млн.кВтч.
-4 000 млн.кВтч.
-3 500 млн.кВтч.
-3 000 млн.кВтч.
-2 500 млн.кВтч.
-2 000 млн.кВтч.
-1 500 млн.кВтч.
-1 000 млн.кВтч.
- 500 млн.кВтч.
0 млн.кВтч.
500 млн.кВтч.
-96
-86
-15
-941
10
-188
-635
-262
-113
-4 011
-31
-4 950
-349
-1 991
-221
-246
-15
7'

28-03-2025T09:15:41 - [MESSAGE][PASSED] - Text of object 'Object Repository/Страница авторизации/Text' is: 'Период
Январь, Февраль 2025 года
Выручка
Все
ДЗО 
ПАО Россети
Внутренний оборот – выручка за услуги по передаче электрической энергии, входящая в стоимость электроэнергии (продажа) при выполнении ДЗО функций гарантирующего поставщика
Подписи данных
Отклонение котлового полезного отпуска ПАО Россети за Январь, Февраль 2025 года (факт/план, млн. кВтч)
ПАО Россети
-14 134 млн.кВтч.
млн.
%
Котловой полезный отпуск
Выполнение плановых показателей по ПАО Россети за Январь, Февраль 2025 года
План
Факт
Динамика
2025 год
0 млн.кВтч.
10 000 млн.кВтч.
20 000 млн.кВтч.
30 000 млн.кВтч.
40 000 млн.кВтч.
50 000 млн.кВтч.
60 000 млн.кВтч.
70 000 млн.кВтч.
80 000 млн.кВтч.
90 000 млн.кВтч.
100 000 млн.кВтч.
110 000 млн.кВтч.
120 000 млн.кВтч.
130 000 млн.кВтч.
106 032
93 890
↓
⬤Отклонение
АО "РЭС"
АО «Тываэнерго»
АО «Чеченэнерго»
Россети Волга
Россети Кубань
Россети Ленэнерго (ГК)
Россети Московский регион
Россети Северный Кавказ (ГК)
Россети Северо-Запад
Россети Сибирь (ГК)
Россети Томск
Россети Тюмень
Россети Урал (ГК)
Россети ФСК ЕЭС
Россети Центр
Россети Центр и Приволжье (ГК)
Россети Юг (ГК)
Россети Янтарь
-5 500 млн.кВтч.
-5 000 млн.кВтч.
-4 500 млн.кВтч.
-4 000 млн.кВтч.
-3 500 млн.кВтч.
-3 000 млн.кВтч.
-2 500 млн.кВтч.
-2 000 млн.кВтч.
-1 500 млн.кВтч.
-1 000 млн.кВтч.
- 500 млн.кВтч.
0 млн.кВтч.
500 млн.кВтч.
-96
-86
-15
-941
10
-188
-635
-262
-113
-4 011
-31
-4 950
-349
-1 991
-221
-246
-15
7'

28-03-2025T09:15:41 - [TEST_STEP][PASSED] - if (urlText.contains("ошибка") || urlText.contains(searchWord) == false): null

28-03-2025T09:15:41 - [TEST_STEP][PASSED] - a2 = "": null

28-03-2025T09:15:41 - [TEST_STEP][PASSED] - a3 = "": null

28-03-2025T09:15:41 - [TEST_STEP][PASSED] - a4 = "": null

28-03-2025T09:15:41 - [TEST_STEP][PASSED] - a5 = "": null

28-03-2025T09:15:41 - [TEST_STEP][PASSED] - a6 = "": null

28-03-2025T09:15:41 - [TEST_STEP][PASSED] - a7 = "": null

28-03-2025T09:15:41 - [TEST_STEP][PASSED] - a8 = "": null

28-03-2025T09:15:41 - [TEST_STEP][PASSED] - a9 = "": null

28-03-2025T09:15:41 - [TEST_STEP][PASSED] - if (run == 1): null

28-03-2025T09:15:41 - [TEST_STEP][PASSED] - if (run == 2): null

28-03-2025T09:15:41 - [TEST_STEP][PASSED] - if (run == 3): null

28-03-2025T09:15:41 - [TEST_STEP][PASSED] - user = "Попова": null

28-03-2025T09:15:41 - [TEST_STEP][PASSED] - a1 = getText(findTestObject("Котловой полезный отпуск/График 1")): Text of object 'Object Repository/Котловой полезный отпуск/График 1' is: 'Период
Январь, Февраль 2025 года
Выручка
Все
ДЗО 
ПАО Россети
Внутренний оборот – выручка за услуги по передаче электрической энергии, входящая в стоимость электроэнергии (продажа) при выполнении ДЗО функций гарантирующего поставщика
Подписи данных
Отклонение котлового полезного отпуска ПАО Россети за Январь, Февраль 2025 года (факт/план, млн. кВтч)
ПАО Россети
-14 134 млн.кВтч.
млн.
%
Котловой полезный отпуск
Выполнение плановых показателей по ПАО Россети за Январь, Февраль 2025 года
План
Факт
Динамика
2025 год
0 млн.кВтч.
10 000 млн.кВтч.
20 000 млн.кВтч.
30 000 млн.кВтч.
40 000 млн.кВтч.
50 000 млн.кВтч.
60 000 млн.кВтч.
70 000 млн.кВтч.
80 000 млн.кВтч.
90 000 млн.кВтч.
100 000 млн.кВтч.
110 000 млн.кВтч.
120 000 млн.кВтч.
130 000 млн.кВтч.
106 032
93 890
↓
⬤Отклонение
АО "РЭС"
АО «Тываэнерго»
АО «Чеченэнерго»
Россети Волга
Россети Кубань
Россети Ленэнерго (ГК)
Россети Московский регион
Россети Северный Кавказ (ГК)
Россети Северо-Запад
Россети Сибирь (ГК)
Россети Томск
Россети Тюмень
Россети Урал (ГК)
Россети ФСК ЕЭС
Россети Центр
Россети Центр и Приволжье (ГК)
Россети Юг (ГК)
Россети Янтарь
-5 500 млн.кВтч.
-5 000 млн.кВтч.
-4 500 млн.кВтч.
-4 000 млн.кВтч.
-3 500 млн.кВтч.
-3 000 млн.кВтч.
-2 500 млн.кВтч.
-2 000 млн.кВтч.
-1 500 млн.кВтч.
-1 000 млн.кВтч.
- 500 млн.кВтч.
0 млн.кВтч.
500 млн.кВтч.
-96
-86
-15
-941
10
-188
-635
-262
-113
-4 011
-31
-4 950
-349
-1 991
-221
-246
-15
7'

28-03-2025T09:15:41 - [MESSAGE][PASSED] - Text of object 'Object Repository/Котловой полезный отпуск/График 1' is: 'Период
Январь, Февраль 2025 года
Выручка
Все
ДЗО 
ПАО Россети
Внутренний оборот – выручка за услуги по передаче электрической энергии, входящая в стоимость электроэнергии (продажа) при выполнении ДЗО функций гарантирующего поставщика
Подписи данных
Отклонение котлового полезного отпуска ПАО Россети за Январь, Февраль 2025 года (факт/план, млн. кВтч)
ПАО Россети
-14 134 млн.кВтч.
млн.
%
Котловой полезный отпуск
Выполнение плановых показателей по ПАО Россети за Январь, Февраль 2025 года
План
Факт
Динамика
2025 год
0 млн.кВтч.
10 000 млн.кВтч.
20 000 млн.кВтч.
30 000 млн.кВтч.
40 000 млн.кВтч.
50 000 млн.кВтч.
60 000 млн.кВтч.
70 000 млн.кВтч.
80 000 млн.кВтч.
90 000 млн.кВтч.
100 000 млн.кВтч.
110 000 млн.кВтч.
120 000 млн.кВтч.
130 000 млн.кВтч.
106 032
93 890
↓
⬤Отклонение
АО "РЭС"
АО «Тываэнерго»
АО «Чеченэнерго»
Россети Волга
Россети Кубань
Россети Ленэнерго (ГК)
Россети Московский регион
Россети Северный Кавказ (ГК)
Россети Северо-Запад
Россети Сибирь (ГК)
Россети Томск
Россети Тюмень
Россети Урал (ГК)
Россети ФСК ЕЭС
Россети Центр
Россети Центр и Приволжье (ГК)
Россети Юг (ГК)
Россети Янтарь
-5 500 млн.кВтч.
-5 000 млн.кВтч.
-4 500 млн.кВтч.
-4 000 млн.кВтч.
-3 500 млн.кВтч.
-3 000 млн.кВтч.
-2 500 млн.кВтч.
-2 000 млн.кВтч.
-1 500 млн.кВтч.
-1 000 млн.кВтч.
- 500 млн.кВтч.
0 млн.кВтч.
500 млн.кВтч.
-96
-86
-15
-941
10
-188
-635
-262
-113
-4 011
-31
-4 950
-349
-1 991
-221
-246
-15
7'

28-03-2025T09:15:41 - [TEST_STEP][PASSED] - a1 = replaceAll("[\r?
|
]", "").replaceAll("\s+", ""): null

28-03-2025T09:15:41 - [TEST_STEP][PASSED] - if (a1 == ""): null

28-03-2025T09:15:41 - [TEST_STEP][PASSED] - n = n + 23: null

28-03-2025T09:15:41 - [TEST_STEP][PASSED] - b = n - run + 1: null

28-03-2025T09:15:41 - [TEST_STEP][PASSED] - verifyEqual(findTestData("PlanFact").getValue(2, b), a1): Actual object '202520251413420252025010000200003000040000500006000070000800009000010000011000012000013000010603293890↓⬤550050004500400035003000250020001500100050005009686159411018863526211340113149503491991221246157' and expected object '202520251413420252025010000200003000040000500006000070000800009000010000011000012000013000010603293890↓⬤550050004500400035003000250020001500100050005009686159411018863526211340113149503491991221246157' are equal

28-03-2025T09:15:41 - [MESSAGE][PASSED] - Actual object '202520251413420252025010000200003000040000500006000070000800009000010000011000012000013000010603293890↓⬤550050004500400035003000250020001500100050005009686159411018863526211340113149503491991221246157' and expected object '202520251413420252025010000200003000040000500006000070000800009000010000011000012000013000010603293890↓⬤550050004500400035003000250020001500100050005009686159411018863526211340113149503491991221246157' are equal

28-03-2025T09:15:41 - [TEST_STEP][PASSED] - Script1686231490255.WriteToExcel(user, dashboardName, n, data, run, a1, a2, a3, a4, a5, a6, a7, a8, a9): null

28-03-2025T09:15:41 - [TEST_STEP][PASSED] - sheetName = "Sheet1": null

28-03-2025T09:15:41 - [TEST_STEP][PASSED] - workbook01 = getWorkbook(excelFilePath): null

28-03-2025T09:15:41 - [TEST_STEP][PASSED] - sheet01 = getExcelSheet(workbook01, sheetName): null

28-03-2025T09:15:41 - [TEST_STEP][PASSED] - setValueToCellByIndex(sheet01, n, 0, dashboardName): null

28-03-2025T09:15:41 - [TEST_STEP][PASSED] - setValueToCellByIndex(sheet01, n, 10, user): null

28-03-2025T09:15:41 - [TEST_STEP][PASSED] - setValueToCellByIndex(sheet01, n, 1, a1): null

28-03-2025T09:15:41 - [TEST_STEP][PASSED] - setValueToCellByIndex(sheet01, n, 2, a2): null

28-03-2025T09:15:41 - [TEST_STEP][PASSED] - setValueToCellByIndex(sheet01, n, 3, a3): null

28-03-2025T09:15:41 - [TEST_STEP][PASSED] - setValueToCellByIndex(sheet01, n, 4, a4): null

28-03-2025T09:15:41 - [TEST_STEP][PASSED] - setValueToCellByIndex(sheet01, n, 5, a5): null

28-03-2025T09:15:41 - [TEST_STEP][PASSED] - setValueToCellByIndex(sheet01, n, 6, a6): null

28-03-2025T09:15:41 - [TEST_STEP][PASSED] - setValueToCellByIndex(sheet01, n, 7, a7): null

28-03-2025T09:15:41 - [TEST_STEP][PASSED] - setValueToCellByIndex(sheet01, n, 8, a8): null

28-03-2025T09:15:41 - [TEST_STEP][PASSED] - setValueToCellByIndex(sheet01, n, 9, a9): null

28-03-2025T09:15:41 - [TEST_STEP][PASSED] - n = n + 1: null

28-03-2025T09:15:41 - [TEST_STEP][PASSED] - saveWorkbook(excelFilePath, workbook01): null

28-03-2025T09:15:42 - [TEST_STEP][PASSED] - closeBrowser(): Browser is closed

28-03-2025T09:15:42 - [MESSAGE][PASSED] - Browser is closed

28-03-2025T09:15:42 - [TEST_STEP][PASSED] - delay(70): Delayed 70 second(s)

28-03-2025T09:16:52 - [MESSAGE][PASSED] - Delayed 70 second(s)

28-03-2025T09:16:52 - [TEST_STEP][PASSED] - for ([run = 1, run < 4, (run++)]): null

28-03-2025T09:16:52 - [TEST_STEP][PASSED] - FaktorniyAnaliz(user, dashboardName, n, data, run, a1, a2, a3, a4, a5, a6, a7, a8, a9, urlData): null

28-03-2025T09:16:52 - [TEST_STEP][PASSED] - n = data.getRowNumbers() + 1: null

28-03-2025T09:16:52 - [TEST_STEP][PASSED] - println(n): null

28-03-2025T09:16:52 - [TEST_STEP][PASSED] - dashboardName = "Факторный анализ": null

28-03-2025T09:16:52 - [TEST_STEP][PASSED] - openBrowser(""): Browser is opened with url: ''

28-03-2025T09:16:52 - [MESSAGE][INFO] - Starting 'Chrome' driver

28-03-2025T09:16:52 - [MESSAGE][INFO] - Action delay is set to 0 milliseconds

28-03-2025T09:16:53 - [MESSAGE][PASSED] - Browser is opened with url: ''

28-03-2025T09:16:53 - [TEST_STEP][PASSED] - urlData = 3: null

28-03-2025T09:16:53 - [TEST_STEP][PASSED] - Script1686231490255.CheckPageDownload(urlData, run): null

28-03-2025T09:16:53 - [TEST_STEP][PASSED] - i = 1: null

28-03-2025T09:16:53 - [TEST_STEP][PASSED] - ii = 0: null

28-03-2025T09:16:53 - [TEST_STEP][PASSED] - urlText = <not implemented yet for class: org.codehaus.groovy.ast.expr.EmptyExpression>: null

28-03-2025T09:16:53 - [TEST_STEP][PASSED] - searchWord = <not implemented yet for class: org.codehaus.groovy.ast.expr.EmptyExpression>: null

28-03-2025T09:16:53 - [TEST_STEP][PASSED] - deleteAllCookies(): Delete all cookies successfully

28-03-2025T09:16:53 - [MESSAGE][PASSED] - Delete all cookies successfully

28-03-2025T09:16:53 - [TEST_STEP][PASSED] - refresh(): Refresh successfully

28-03-2025T09:16:53 - [MESSAGE][PASSED] - Refresh successfully

28-03-2025T09:16:53 - [TEST_STEP][PASSED] - delay(70): Delayed 70 second(s)

28-03-2025T09:18:03 - [MESSAGE][PASSED] - Delayed 70 second(s)

28-03-2025T09:18:03 - [TEST_STEP][PASSED] - navigateToUrl(findTestData("PlanFact").getValue(10, urlData)): Navigate to 'https://bi.rosseti.digital/viewer?dashboardGuid=2301950b23be4ed89c1df75f2020051e&sheetGuid=ccd7d7486b3d4e6fa0ee9b1eaebed46c&fit=true' successfully

28-03-2025T09:18:09 - [MESSAGE][PASSED] - Navigate to 'https://bi.rosseti.digital/viewer?dashboardGuid=2301950b23be4ed89c1df75f2020051e&sheetGuid=ccd7d7486b3d4e6fa0ee9b1eaebed46c&fit=true' successfully

28-03-2025T09:18:09 - [TEST_STEP][PASSED] - pageLoaded1 = verifyElementPresent(findTestObject("Страница авторизации/Text"), 30): Object 'Object Repository/Страница авторизации/Text' is present

28-03-2025T09:18:09 - [MESSAGE][PASSED] - Object 'Object Repository/Страница авторизации/Text' is present

28-03-2025T09:18:09 - [TEST_STEP][PASSED] - if (pageLoaded1 == false): null

28-03-2025T09:18:09 - [TEST_STEP][PASSED] - urlText = getText(findTestObject("Страница авторизации/Text")): Text of object 'Object Repository/Страница авторизации/Text' is: 'Вход'

28-03-2025T09:18:09 - [MESSAGE][PASSED] - Text of object 'Object Repository/Страница авторизации/Text' is: 'Вход'

28-03-2025T09:18:09 - [TEST_STEP][PASSED] - delay(70): Delayed 70 second(s)

28-03-2025T09:19:19 - [MESSAGE][PASSED] - Delayed 70 second(s)

28-03-2025T09:19:19 - [TEST_STEP][PASSED] - searchWord = "Вход": null

28-03-2025T09:19:19 - [TEST_STEP][PASSED] - if (urlText.contains(searchWord) == false): null

28-03-2025T09:19:19 - [TEST_STEP][PASSED] - setText(findTestObject("Страница авторизации/input__username"), findTestData("PlanFact").getValue(8, run)): Text 'liazgina-di' is set on object 'Object Repository/Страница авторизации/input__username'

28-03-2025T09:19:20 - [MESSAGE][PASSED] - Text 'liazgina-di' is set on object 'Object Repository/Страница авторизации/input__username'

28-03-2025T09:19:20 - [TEST_STEP][PASSED] - setText(findTestObject("Страница авторизации/input__password"), findTestData("PlanFact").getValue(9, run)): Text ')$%5srZ8o688Dm#q' is set on object 'Object Repository/Страница авторизации/input__password'

28-03-2025T09:19:21 - [MESSAGE][PASSED] - Text ')$%5srZ8o688Dm#q' is set on object 'Object Repository/Страница авторизации/input__password'

28-03-2025T09:19:21 - [TEST_STEP][PASSED] - click(findTestObject("Страница авторизации/button_")): Object: 'Object Repository/Страница авторизации/button_' is clicked on

28-03-2025T09:19:22 - [MESSAGE][PASSED] - Object: 'Object Repository/Страница авторизации/button_' is clicked on

28-03-2025T09:19:22 - [TEST_STEP][PASSED] - delay(70): Delayed 70 second(s)

28-03-2025T09:20:32 - [MESSAGE][PASSED] - Delayed 70 second(s)

28-03-2025T09:20:32 - [TEST_STEP][PASSED] - searchWord = "а": null

28-03-2025T09:20:32 - [TEST_STEP][PASSED] - pageLoaded2 = verifyElementPresent(findTestObject("Страница авторизации/Text"), 50): Object 'Object Repository/Страница авторизации/Text' is present

28-03-2025T09:20:32 - [MESSAGE][PASSED] - Object 'Object Repository/Страница авторизации/Text' is present

28-03-2025T09:20:32 - [TEST_STEP][PASSED] - if (pageLoaded2 == false): null

28-03-2025T09:20:32 - [TEST_STEP][PASSED] - urlText = getText(findTestObject("Страница авторизации/Text")): Text of object 'Object Repository/Страница авторизации/Text' is: 'Период
Январь, Февраль 2025 года
ДЗО 
ПАО Россети
Подписи данных
Итого отклонения по группе компаний: 3 120 млн.руб.
Филиал
Месяц
Факторный анализ
Всего отклонения по факторам по ПАО Россети за Январь, Февраль 2025 года
ДЗО
Филиал
Отклонение (объём услуг)
Отклонение (средний тариф)
АО "РЭС" АО "РЭС" - 166 -3
АО «Тываэнерго» АО "Тываэнерго" - 228 -1
АО «Чеченэнерго» АО «Чеченэнерго» -34 -42
Россети Волга Мордовэнерго - 158 -6
Оренбургэнерго - 115 -31
Пензаэнерго -18 -5
Самарские РС - 184 291
Саратовские РС -52 -90
Ульяновские РС - 983 5
Чувашэнерго - 596 7
Россети Кубань Кубаньэнерго 32 520
Россети Ленэнерго (ГК) Ленинградская область - 345 367
г. Санкт-Петербург - 293 28
Россети Московский регион Московская область -1 445 173
г. Москва - 232 152
Россети Северный Кавказ (ГК) Дагэнерго - 396 -40
Ингушэнерго -73 46
Каббалкэнерго 49 -2
Карачаево-Черкесскэнерго 7 - 221
Севкавказэнерго - 220 -22
Ставропольэнерго 10 58
Россети Северо-Запад Архангельский филиал -63 45
Вологодский филиал -23 35
Карельский филиал -62 -30
Мурманский филиал 12 -47
Новгородский филиал -45 13
Псковский филиал -45 33
филиал в Республике Коми -89 35
Россети Сибирь (ГК) Алтайэнерго -1 479 17
Бурятэнерго -1 026 -16
ГАЭС - 157 1
Красноярскэнерго 230 44
Кузбассэнерго-РЭС -2 594 123
Омскэнерго -1 252 -29
Хакасэнерго - 481 -10
Читаэнерго - 889 18
Россети Томск Томская распределительная компания -71 24
Россети Тюмень Россети Тюмень -10 273 - 134
Россети Урал (ГК) Пермэнерго - 303 12
Свердловэнерго - 169 -5
Челябэнерго - 198 -38
Россети ФСК ЕЭС Итого по ФСК ЕЭС -27 513 - 872
Россети Центр Белгородэнерго -59 17
Брянскэнерго -29 -8
Воронежэнерго -36 14
Костромаэнерго -35 0
Курскэнерго -15 27
Липецкэнерго - 121 33
Орелэнерго -21 3
Смоленскэнерго -34 -4
Тамбовэнерго -2 -8
Тверьэнерго - 144 -3
Ярэнерго -96 2
Россети Центр и Приволжье (ГК) Владимирэнерго -1 561 -23
Ивэнерго -4 -18
Калугаэнерго -15 30
Кировэнерго -37 16
Мариэнерго -19 17
Нижновэнерго - 195 38
Рязаньэнерго - 150 31
Тулэнерго 1 643 37
Удмуртэнерго - 172 184
Россети Юг (ГК) АО «ВМЭС» -2 8
Астраханьэнерго 30 -20
Волгоградэнерго - 200 16
Калмэнерго 4 -1
Ростовэнерго 149 82
Россети Янтарь Россети Янтарь 19 31
Отклонения выручки по факторам по выбранным ДЗО, руб
-53 036-53 036
908908
Отклонение (объём услуг)
Отклонение (средний тариф)
ПАО Россети'

28-03-2025T09:20:33 - [MESSAGE][PASSED] - Text of object 'Object Repository/Страница авторизации/Text' is: 'Период
Январь, Февраль 2025 года
ДЗО 
ПАО Россети
Подписи данных
Итого отклонения по группе компаний: 3 120 млн.руб.
Филиал
Месяц
Факторный анализ
Всего отклонения по факторам по ПАО Россети за Январь, Февраль 2025 года
ДЗО
Филиал
Отклонение (объём услуг)
Отклонение (средний тариф)
АО "РЭС" АО "РЭС" - 166 -3
АО «Тываэнерго» АО "Тываэнерго" - 228 -1
АО «Чеченэнерго» АО «Чеченэнерго» -34 -42
Россети Волга Мордовэнерго - 158 -6
Оренбургэнерго - 115 -31
Пензаэнерго -18 -5
Самарские РС - 184 291
Саратовские РС -52 -90
Ульяновские РС - 983 5
Чувашэнерго - 596 7
Россети Кубань Кубаньэнерго 32 520
Россети Ленэнерго (ГК) Ленинградская область - 345 367
г. Санкт-Петербург - 293 28
Россети Московский регион Московская область -1 445 173
г. Москва - 232 152
Россети Северный Кавказ (ГК) Дагэнерго - 396 -40
Ингушэнерго -73 46
Каббалкэнерго 49 -2
Карачаево-Черкесскэнерго 7 - 221
Севкавказэнерго - 220 -22
Ставропольэнерго 10 58
Россети Северо-Запад Архангельский филиал -63 45
Вологодский филиал -23 35
Карельский филиал -62 -30
Мурманский филиал 12 -47
Новгородский филиал -45 13
Псковский филиал -45 33
филиал в Республике Коми -89 35
Россети Сибирь (ГК) Алтайэнерго -1 479 17
Бурятэнерго -1 026 -16
ГАЭС - 157 1
Красноярскэнерго 230 44
Кузбассэнерго-РЭС -2 594 123
Омскэнерго -1 252 -29
Хакасэнерго - 481 -10
Читаэнерго - 889 18
Россети Томск Томская распределительная компания -71 24
Россети Тюмень Россети Тюмень -10 273 - 134
Россети Урал (ГК) Пермэнерго - 303 12
Свердловэнерго - 169 -5
Челябэнерго - 198 -38
Россети ФСК ЕЭС Итого по ФСК ЕЭС -27 513 - 872
Россети Центр Белгородэнерго -59 17
Брянскэнерго -29 -8
Воронежэнерго -36 14
Костромаэнерго -35 0
Курскэнерго -15 27
Липецкэнерго - 121 33
Орелэнерго -21 3
Смоленскэнерго -34 -4
Тамбовэнерго -2 -8
Тверьэнерго - 144 -3
Ярэнерго -96 2
Россети Центр и Приволжье (ГК) Владимирэнерго -1 561 -23
Ивэнерго -4 -18
Калугаэнерго -15 30
Кировэнерго -37 16
Мариэнерго -19 17
Нижновэнерго - 195 38
Рязаньэнерго - 150 31
Тулэнерго 1 643 37
Удмуртэнерго - 172 184
Россети Юг (ГК) АО «ВМЭС» -2 8
Астраханьэнерго 30 -20
Волгоградэнерго - 200 16
Калмэнерго 4 -1
Ростовэнерго 149 82
Россети Янтарь Россети Янтарь 19 31
Отклонения выручки по факторам по выбранным ДЗО, руб
-53 036-53 036
908908
Отклонение (объём услуг)
Отклонение (средний тариф)
ПАО Россети'

28-03-2025T09:20:33 - [TEST_STEP][PASSED] - if (urlText.contains("ошибка") || urlText.contains(searchWord) == false): null

28-03-2025T09:20:33 - [TEST_STEP][PASSED] - click(findTestObject("Факторный анализ/Фильтр Период")): Object: 'Object Repository/Факторный анализ/Фильтр Период' is clicked on

28-03-2025T09:20:33 - [MESSAGE][PASSED] - Object: 'Object Repository/Факторный анализ/Фильтр Период' is clicked on

28-03-2025T09:20:33 - [TEST_STEP][PASSED] - click(findTestObject("Факторный анализ/Снять выделение в фильтре Дата")): Object: 'Object Repository/Факторный анализ/Снять выделение в фильтре Дата' is clicked on

28-03-2025T09:20:34 - [MESSAGE][PASSED] - Object: 'Object Repository/Факторный анализ/Снять выделение в фильтре Дата' is clicked on

28-03-2025T09:20:34 - [TEST_STEP][PASSED] - click(findTestObject("Факторный анализ/Применить в фильтре Дата")): Object: 'Object Repository/Факторный анализ/Применить в фильтре Дата' is clicked on

28-03-2025T09:20:34 - [MESSAGE][PASSED] - Object: 'Object Repository/Факторный анализ/Применить в фильтре Дата' is clicked on

28-03-2025T09:20:34 - [TEST_STEP][PASSED] - click(findTestObject("Факторный анализ/Фильтр Период")): Object: 'Object Repository/Факторный анализ/Фильтр Период' is clicked on

28-03-2025T09:20:37 - [MESSAGE][PASSED] - Object: 'Object Repository/Факторный анализ/Фильтр Период' is clicked on

28-03-2025T09:20:37 - [TEST_STEP][PASSED] - click(findTestObject("Факторный анализ/Снять выделение в фильтре Дата")): Object: 'Object Repository/Факторный анализ/Снять выделение в фильтре Дата' is clicked on

28-03-2025T09:20:37 - [MESSAGE][PASSED] - Object: 'Object Repository/Факторный анализ/Снять выделение в фильтре Дата' is clicked on

28-03-2025T09:20:37 - [TEST_STEP][PASSED] - scrollToElement(findTestObject("Факторный анализ/2025 список"), 30): Scroll to object 'Object Repository/Факторный анализ/2025 список' successfully

28-03-2025T09:20:37 - [MESSAGE][PASSED] - Scroll to object 'Object Repository/Факторный анализ/2025 список' successfully

28-03-2025T09:20:37 - [TEST_STEP][PASSED] - click(findTestObject("Факторный анализ/2025 список")): Object: 'Object Repository/Факторный анализ/2025 список' is clicked on

28-03-2025T09:20:38 - [MESSAGE][PASSED] - Object: 'Object Repository/Факторный анализ/2025 список' is clicked on

28-03-2025T09:20:38 - [TEST_STEP][PASSED] - scrollToElement(findTestObject("Факторный анализ/1 квартал 2025 список"), 30): Scroll to object 'Object Repository/Факторный анализ/1 квартал 2025 список' successfully

28-03-2025T09:20:38 - [MESSAGE][PASSED] - Scroll to object 'Object Repository/Факторный анализ/1 квартал 2025 список' successfully

28-03-2025T09:20:38 - [TEST_STEP][PASSED] - click(findTestObject("Факторный анализ/1 квартал 2025 список"), CONTINUE_ON_FAILURE): Object: 'Object Repository/Факторный анализ/1 квартал 2025 список' is clicked on

28-03-2025T09:20:39 - [MESSAGE][PASSED] - Object: 'Object Repository/Факторный анализ/1 квартал 2025 список' is clicked on

28-03-2025T09:20:39 - [TEST_STEP][PASSED] - scrollToElement(findTestObject("Факторный анализ/Январь 2025"), 30): Scroll to object 'Object Repository/Факторный анализ/Январь 2025' successfully

28-03-2025T09:20:39 - [MESSAGE][PASSED] - Scroll to object 'Object Repository/Факторный анализ/Январь 2025' successfully

28-03-2025T09:20:39 - [TEST_STEP][PASSED] - click(findTestObject("Факторный анализ/Январь 2025"), CONTINUE_ON_FAILURE): Object: 'Object Repository/Факторный анализ/Январь 2025' is clicked on

28-03-2025T09:20:39 - [MESSAGE][PASSED] - Object: 'Object Repository/Факторный анализ/Январь 2025' is clicked on

28-03-2025T09:20:39 - [TEST_STEP][PASSED] - scrollToElement(findTestObject("Факторный анализ/Заголовок дашборда"), 30): Scroll to object 'Object Repository/Факторный анализ/Заголовок дашборда' successfully

28-03-2025T09:20:40 - [MESSAGE][PASSED] - Scroll to object 'Object Repository/Факторный анализ/Заголовок дашборда' successfully

28-03-2025T09:20:40 - [TEST_STEP][PASSED] - click(findTestObject("Факторный анализ/Применить в фильтре Дата")): Object: 'Object Repository/Факторный анализ/Применить в фильтре Дата' is clicked on

28-03-2025T09:20:40 - [MESSAGE][PASSED] - Object: 'Object Repository/Факторный анализ/Применить в фильтре Дата' is clicked on

28-03-2025T09:20:40 - [TEST_STEP][PASSED] - a5 = "": null

28-03-2025T09:20:40 - [TEST_STEP][PASSED] - a6 = "": null

28-03-2025T09:20:40 - [TEST_STEP][PASSED] - a7 = "": null

28-03-2025T09:20:40 - [TEST_STEP][PASSED] - a8 = "": null

28-03-2025T09:20:40 - [TEST_STEP][PASSED] - a9 = "": null

28-03-2025T09:20:40 - [TEST_STEP][PASSED] - if (run == 1): null

28-03-2025T09:20:40 - [TEST_STEP][PASSED] - user = "админ": null

28-03-2025T09:20:40 - [TEST_STEP][PASSED] - a1 = getText(findTestObject("Факторный анализ/span1 Блок руководителя")): Text of object 'Object Repository/Факторный анализ/span1 Блок руководителя' is: 'Отклонение (средний тариф)'

28-03-2025T09:20:41 - [MESSAGE][PASSED] - Text of object 'Object Repository/Факторный анализ/span1 Блок руководителя' is: 'Отклонение (средний тариф)'

28-03-2025T09:20:41 - [TEST_STEP][PASSED] - a2 = getText(findTestObject("Факторный анализ/span2 Блок руководителя")): Text of object 'Object Repository/Факторный анализ/span2 Блок руководителя' is: ''

28-03-2025T09:20:42 - [MESSAGE][PASSED] - Text of object 'Object Repository/Факторный анализ/span2 Блок руководителя' is: ''

28-03-2025T09:20:42 - [TEST_STEP][PASSED] - a3 = getText(findTestObject("Факторный анализ/График Всего отклонения по факторам Блок руководителя")): Text of object 'Object Repository/Факторный анализ/График Всего отклонения по факторам Блок руководителя' is: ''

28-03-2025T09:20:42 - [MESSAGE][PASSED] - Text of object 'Object Repository/Факторный анализ/График Всего отклонения по факторам Блок руководителя' is: ''

28-03-2025T09:20:42 - [TEST_STEP][PASSED] - click(findTestObject("Факторный анализ/Переключить отображение с филиала на месяц")): Object: 'Object Repository/Факторный анализ/Переключить отображение с филиала на месяц' is clicked on

28-03-2025T09:20:42 - [MESSAGE][PASSED] - Object: 'Object Repository/Факторный анализ/Переключить отображение с филиала на месяц' is clicked on

28-03-2025T09:20:42 - [TEST_STEP][PASSED] - a4 = getText(findTestObject("Факторный анализ/График Всего отклонения по факторам Блок руководителя")): Text of object 'Object Repository/Факторный анализ/График Всего отклонения по факторам Блок руководителя' is: ''

28-03-2025T09:20:43 - [MESSAGE][PASSED] - Text of object 'Object Repository/Факторный анализ/График Всего отклонения по факторам Блок руководителя' is: ''

28-03-2025T09:20:43 - [TEST_STEP][PASSED] - n = n + 24: null

28-03-2025T09:20:43 - [TEST_STEP][PASSED] - Script1686231490255.WriteToExcel(user, dashboardName, n, data, run, a1, a2, a3, a4, a5, a6, a7, a8, a9): null

28-03-2025T09:20:43 - [TEST_STEP][PASSED] - sheetName = "Sheet1": null

28-03-2025T09:20:43 - [TEST_STEP][PASSED] - workbook01 = getWorkbook(excelFilePath): null

28-03-2025T09:20:43 - [TEST_STEP][PASSED] - sheet01 = getExcelSheet(workbook01, sheetName): null

28-03-2025T09:20:43 - [TEST_STEP][PASSED] - setValueToCellByIndex(sheet01, n, 0, dashboardName): null

28-03-2025T09:20:43 - [TEST_STEP][PASSED] - setValueToCellByIndex(sheet01, n, 10, user): null

28-03-2025T09:20:43 - [TEST_STEP][PASSED] - setValueToCellByIndex(sheet01, n, 1, a1): null

28-03-2025T09:20:43 - [TEST_STEP][PASSED] - setValueToCellByIndex(sheet01, n, 2, a2): null

28-03-2025T09:20:43 - [TEST_STEP][PASSED] - setValueToCellByIndex(sheet01, n, 3, a3): null

28-03-2025T09:20:43 - [TEST_STEP][PASSED] - setValueToCellByIndex(sheet01, n, 4, a4): null

28-03-2025T09:20:43 - [TEST_STEP][PASSED] - setValueToCellByIndex(sheet01, n, 5, a5): null

28-03-2025T09:20:43 - [TEST_STEP][PASSED] - setValueToCellByIndex(sheet01, n, 6, a6): null

28-03-2025T09:20:43 - [TEST_STEP][PASSED] - setValueToCellByIndex(sheet01, n, 7, a7): null

28-03-2025T09:20:43 - [TEST_STEP][PASSED] - setValueToCellByIndex(sheet01, n, 8, a8): null

28-03-2025T09:20:43 - [TEST_STEP][PASSED] - setValueToCellByIndex(sheet01, n, 9, a9): null

28-03-2025T09:20:43 - [TEST_STEP][PASSED] - n = n + 1: null

28-03-2025T09:20:43 - [TEST_STEP][PASSED] - saveWorkbook(excelFilePath, workbook01): null

28-03-2025T09:20:43 - [TEST_STEP][PASSED] - if (run == 2): null

28-03-2025T09:20:43 - [TEST_STEP][PASSED] - if (run == 3): null

28-03-2025T09:20:43 - [TEST_STEP][PASSED] - closeBrowser(): null

28-03-2025T09:20:43 - [MESSAGE][PASSED] - Browser is closed

28-03-2025T09:20:43 - [TEST_STEP][PASSED] - FaktorniyAnaliz(user, dashboardName, n, data, run, a1, a2, a3, a4, a5, a6, a7, a8, a9, urlData): null

28-03-2025T09:20:43 - [TEST_STEP][PASSED] - n = data.getRowNumbers() + 1: null

28-03-2025T09:20:43 - [TEST_STEP][PASSED] - println(n): null

28-03-2025T09:20:43 - [TEST_STEP][PASSED] - dashboardName = "Факторный анализ": null

28-03-2025T09:20:43 - [TEST_STEP][PASSED] - openBrowser(""): Browser is opened with url: ''

28-03-2025T09:20:43 - [MESSAGE][INFO] - Starting 'Chrome' driver

28-03-2025T09:20:43 - [MESSAGE][INFO] - Action delay is set to 0 milliseconds

28-03-2025T09:20:44 - [MESSAGE][PASSED] - Browser is opened with url: ''

28-03-2025T09:20:44 - [TEST_STEP][PASSED] - urlData = 3: null

28-03-2025T09:20:44 - [TEST_STEP][PASSED] - Script1686231490255.CheckPageDownload(urlData, run): null

28-03-2025T09:20:44 - [TEST_STEP][PASSED] - i = 1: null

28-03-2025T09:20:44 - [TEST_STEP][PASSED] - ii = 0: null

28-03-2025T09:20:44 - [TEST_STEP][PASSED] - urlText = <not implemented yet for class: org.codehaus.groovy.ast.expr.EmptyExpression>: null

28-03-2025T09:20:44 - [TEST_STEP][PASSED] - searchWord = <not implemented yet for class: org.codehaus.groovy.ast.expr.EmptyExpression>: null

28-03-2025T09:20:44 - [TEST_STEP][PASSED] - deleteAllCookies(): Delete all cookies successfully

28-03-2025T09:20:44 - [MESSAGE][PASSED] - Delete all cookies successfully

28-03-2025T09:20:44 - [TEST_STEP][PASSED] - refresh(): Refresh successfully

28-03-2025T09:20:44 - [MESSAGE][PASSED] - Refresh successfully

28-03-2025T09:20:44 - [TEST_STEP][PASSED] - delay(70): Delayed 70 second(s)

28-03-2025T09:21:54 - [MESSAGE][PASSED] - Delayed 70 second(s)

28-03-2025T09:21:54 - [TEST_STEP][PASSED] - navigateToUrl(findTestData("PlanFact").getValue(10, urlData)): Navigate to 'https://bi.rosseti.digital/viewer?dashboardGuid=2301950b23be4ed89c1df75f2020051e&sheetGuid=ccd7d7486b3d4e6fa0ee9b1eaebed46c&fit=true' successfully

28-03-2025T09:22:01 - [MESSAGE][PASSED] - Navigate to 'https://bi.rosseti.digital/viewer?dashboardGuid=2301950b23be4ed89c1df75f2020051e&sheetGuid=ccd7d7486b3d4e6fa0ee9b1eaebed46c&fit=true' successfully

28-03-2025T09:22:01 - [TEST_STEP][PASSED] - pageLoaded1 = verifyElementPresent(findTestObject("Страница авторизации/Text"), 30): Object 'Object Repository/Страница авторизации/Text' is present

28-03-2025T09:22:01 - [MESSAGE][PASSED] - Object 'Object Repository/Страница авторизации/Text' is present

28-03-2025T09:22:01 - [TEST_STEP][PASSED] - if (pageLoaded1 == false): null

28-03-2025T09:22:01 - [TEST_STEP][PASSED] - urlText = getText(findTestObject("Страница авторизации/Text")): Text of object 'Object Repository/Страница авторизации/Text' is: 'Вход'

28-03-2025T09:22:01 - [MESSAGE][PASSED] - Text of object 'Object Repository/Страница авторизации/Text' is: 'Вход'

28-03-2025T09:22:01 - [TEST_STEP][PASSED] - delay(70): Delayed 70 second(s)

28-03-2025T09:23:11 - [MESSAGE][PASSED] - Delayed 70 second(s)

28-03-2025T09:23:11 - [TEST_STEP][PASSED] - searchWord = "Вход": null

28-03-2025T09:23:11 - [TEST_STEP][PASSED] - if (urlText.contains(searchWord) == false): null

28-03-2025T09:23:11 - [TEST_STEP][PASSED] - setText(findTestObject("Страница авторизации/input__username"), findTestData("PlanFact").getValue(8, run)): Text 'Andreeva-EV' is set on object 'Object Repository/Страница авторизации/input__username'

28-03-2025T09:23:12 - [MESSAGE][PASSED] - Text 'Andreeva-EV' is set on object 'Object Repository/Страница авторизации/input__username'

28-03-2025T09:23:12 - [TEST_STEP][PASSED] - setText(findTestObject("Страница авторизации/input__password"), findTestData("PlanFact").getValue(9, run)): Text '2nPePKDwCPH3ul7xMZ' is set on object 'Object Repository/Страница авторизации/input__password'

28-03-2025T09:23:13 - [MESSAGE][PASSED] - Text '2nPePKDwCPH3ul7xMZ' is set on object 'Object Repository/Страница авторизации/input__password'

28-03-2025T09:23:13 - [TEST_STEP][PASSED] - click(findTestObject("Страница авторизации/button_")): Object: 'Object Repository/Страница авторизации/button_' is clicked on

28-03-2025T09:23:13 - [MESSAGE][PASSED] - Object: 'Object Repository/Страница авторизации/button_' is clicked on

28-03-2025T09:23:13 - [TEST_STEP][PASSED] - delay(70): Delayed 70 second(s)

28-03-2025T09:24:23 - [MESSAGE][PASSED] - Delayed 70 second(s)

28-03-2025T09:24:23 - [TEST_STEP][PASSED] - searchWord = "а": null

28-03-2025T09:24:23 - [TEST_STEP][PASSED] - pageLoaded2 = verifyElementPresent(findTestObject("Страница авторизации/Text"), 50): Object 'Object Repository/Страница авторизации/Text' is present

28-03-2025T09:24:24 - [MESSAGE][PASSED] - Object 'Object Repository/Страница авторизации/Text' is present

28-03-2025T09:24:24 - [TEST_STEP][PASSED] - if (pageLoaded2 == false): null

28-03-2025T09:24:24 - [TEST_STEP][PASSED] - urlText = getText(findTestObject("Страница авторизации/Text")): Text of object 'Object Repository/Страница авторизации/Text' is: 'Период
Январь, Февраль 2025 года
ДЗО 
ПАО Россети
Подписи данных
Итого отклонения по группе компаний: 3 120 млн.руб.
Филиал
Месяц
Факторный анализ
Всего отклонения по факторам по ПАО Россети за Январь, Февраль 2025 года
ДЗО
Филиал
Отклонение (объём услуг)
Отклонение (средний тариф)
АО "РЭС" АО "РЭС" - 166 -3
АО «Тываэнерго» АО "Тываэнерго" - 228 -1
АО «Чеченэнерго» АО «Чеченэнерго» -34 -42
Россети Волга Мордовэнерго - 158 -6
Оренбургэнерго - 115 -31
Пензаэнерго -18 -5
Самарские РС - 184 291
Саратовские РС -52 -90
Ульяновские РС - 983 5
Чувашэнерго - 596 7
Россети Кубань Кубаньэнерго 32 520
Россети Ленэнерго (ГК) Ленинградская область - 345 367
г. Санкт-Петербург - 293 28
Россети Московский регион Московская область -1 445 173
г. Москва - 232 152
Россети Северный Кавказ (ГК) Дагэнерго - 396 -40
Ингушэнерго -73 46
Каббалкэнерго 49 -2
Карачаево-Черкесскэнерго 7 - 221
Севкавказэнерго - 220 -22
Ставропольэнерго 10 58
Россети Северо-Запад Архангельский филиал -63 45
Вологодский филиал -23 35
Карельский филиал -62 -30
Мурманский филиал 12 -47
Новгородский филиал -45 13
Псковский филиал -45 33
филиал в Республике Коми -89 35
Россети Сибирь (ГК) Алтайэнерго -1 479 17
Бурятэнерго -1 026 -16
ГАЭС - 157 1
Красноярскэнерго 230 44
Кузбассэнерго-РЭС -2 594 123
Омскэнерго -1 252 -29
Хакасэнерго - 481 -10
Читаэнерго - 889 18
Россети Томск Томская распределительная компания -71 24
Россети Тюмень Россети Тюмень -10 273 - 134
Россети Урал (ГК) Пермэнерго - 303 12
Свердловэнерго - 169 -5
Челябэнерго - 198 -38
Россети ФСК ЕЭС Итого по ФСК ЕЭС -27 513 - 872
Россети Центр Белгородэнерго -59 17
Брянскэнерго -29 -8
Воронежэнерго -36 14
Костромаэнерго -35 0
Курскэнерго -15 27
Липецкэнерго - 121 33
Орелэнерго -21 3
Смоленскэнерго -34 -4
Тамбовэнерго -2 -8
Тверьэнерго - 144 -3
Ярэнерго -96 2
Россети Центр и Приволжье (ГК) Владимирэнерго -1 561 -23
Ивэнерго -4 -18
Калугаэнерго -15 30
Кировэнерго -37 16
Мариэнерго -19 17
Нижновэнерго - 195 38
Рязаньэнерго - 150 31
Тулэнерго 1 643 37
Удмуртэнерго - 172 184
Россети Юг (ГК) АО «ВМЭС» -2 8
Астраханьэнерго 30 -20
Волгоградэнерго - 200 16
Калмэнерго 4 -1
Ростовэнерго 149 82
Россети Янтарь Россети Янтарь 19 31
Отклонения выручки по факторам по выбранным ДЗО, руб
-53 036-53 036
908908
Отклонение (объём услуг)
Отклонение (средний тариф)
ПАО Россети'

28-03-2025T09:24:24 - [MESSAGE][PASSED] - Text of object 'Object Repository/Страница авторизации/Text' is: 'Период
Январь, Февраль 2025 года
ДЗО 
ПАО Россети
Подписи данных
Итого отклонения по группе компаний: 3 120 млн.руб.
Филиал
Месяц
Факторный анализ
Всего отклонения по факторам по ПАО Россети за Январь, Февраль 2025 года
ДЗО
Филиал
Отклонение (объём услуг)
Отклонение (средний тариф)
АО "РЭС" АО "РЭС" - 166 -3
АО «Тываэнерго» АО "Тываэнерго" - 228 -1
АО «Чеченэнерго» АО «Чеченэнерго» -34 -42
Россети Волга Мордовэнерго - 158 -6
Оренбургэнерго - 115 -31
Пензаэнерго -18 -5
Самарские РС - 184 291
Саратовские РС -52 -90
Ульяновские РС - 983 5
Чувашэнерго - 596 7
Россети Кубань Кубаньэнерго 32 520
Россети Ленэнерго (ГК) Ленинградская область - 345 367
г. Санкт-Петербург - 293 28
Россети Московский регион Московская область -1 445 173
г. Москва - 232 152
Россети Северный Кавказ (ГК) Дагэнерго - 396 -40
Ингушэнерго -73 46
Каббалкэнерго 49 -2
Карачаево-Черкесскэнерго 7 - 221
Севкавказэнерго - 220 -22
Ставропольэнерго 10 58
Россети Северо-Запад Архангельский филиал -63 45
Вологодский филиал -23 35
Карельский филиал -62 -30
Мурманский филиал 12 -47
Новгородский филиал -45 13
Псковский филиал -45 33
филиал в Республике Коми -89 35
Россети Сибирь (ГК) Алтайэнерго -1 479 17
Бурятэнерго -1 026 -16
ГАЭС - 157 1
Красноярскэнерго 230 44
Кузбассэнерго-РЭС -2 594 123
Омскэнерго -1 252 -29
Хакасэнерго - 481 -10
Читаэнерго - 889 18
Россети Томск Томская распределительная компания -71 24
Россети Тюмень Россети Тюмень -10 273 - 134
Россети Урал (ГК) Пермэнерго - 303 12
Свердловэнерго - 169 -5
Челябэнерго - 198 -38
Россети ФСК ЕЭС Итого по ФСК ЕЭС -27 513 - 872
Россети Центр Белгородэнерго -59 17
Брянскэнерго -29 -8
Воронежэнерго -36 14
Костромаэнерго -35 0
Курскэнерго -15 27
Липецкэнерго - 121 33
Орелэнерго -21 3
Смоленскэнерго -34 -4
Тамбовэнерго -2 -8
Тверьэнерго - 144 -3
Ярэнерго -96 2
Россети Центр и Приволжье (ГК) Владимирэнерго -1 561 -23
Ивэнерго -4 -18
Калугаэнерго -15 30
Кировэнерго -37 16
Мариэнерго -19 17
Нижновэнерго - 195 38
Рязаньэнерго - 150 31
Тулэнерго 1 643 37
Удмуртэнерго - 172 184
Россети Юг (ГК) АО «ВМЭС» -2 8
Астраханьэнерго 30 -20
Волгоградэнерго - 200 16
Калмэнерго 4 -1
Ростовэнерго 149 82
Россети Янтарь Россети Янтарь 19 31
Отклонения выручки по факторам по выбранным ДЗО, руб
-53 036-53 036
908908
Отклонение (объём услуг)
Отклонение (средний тариф)
ПАО Россети'

28-03-2025T09:24:24 - [TEST_STEP][PASSED] - if (urlText.contains("ошибка") || urlText.contains(searchWord) == false): null

28-03-2025T09:24:24 - [TEST_STEP][PASSED] - click(findTestObject("Факторный анализ/Фильтр Период")): Object: 'Object Repository/Факторный анализ/Фильтр Период' is clicked on

28-03-2025T09:24:25 - [MESSAGE][PASSED] - Object: 'Object Repository/Факторный анализ/Фильтр Период' is clicked on

28-03-2025T09:24:25 - [TEST_STEP][PASSED] - click(findTestObject("Факторный анализ/Снять выделение в фильтре Дата")): Object: 'Object Repository/Факторный анализ/Снять выделение в фильтре Дата' is clicked on

28-03-2025T09:24:25 - [MESSAGE][PASSED] - Object: 'Object Repository/Факторный анализ/Снять выделение в фильтре Дата' is clicked on

28-03-2025T09:24:25 - [TEST_STEP][PASSED] - click(findTestObject("Факторный анализ/Применить в фильтре Дата")): Object: 'Object Repository/Факторный анализ/Применить в фильтре Дата' is clicked on

28-03-2025T09:24:26 - [MESSAGE][PASSED] - Object: 'Object Repository/Факторный анализ/Применить в фильтре Дата' is clicked on

28-03-2025T09:24:26 - [TEST_STEP][PASSED] - click(findTestObject("Факторный анализ/Фильтр Период")): Object: 'Object Repository/Факторный анализ/Фильтр Период' is clicked on

28-03-2025T09:24:28 - [MESSAGE][PASSED] - Object: 'Object Repository/Факторный анализ/Фильтр Период' is clicked on

28-03-2025T09:24:28 - [TEST_STEP][PASSED] - click(findTestObject("Факторный анализ/Снять выделение в фильтре Дата")): Object: 'Object Repository/Факторный анализ/Снять выделение в фильтре Дата' is clicked on

28-03-2025T09:24:28 - [MESSAGE][PASSED] - Object: 'Object Repository/Факторный анализ/Снять выделение в фильтре Дата' is clicked on

28-03-2025T09:24:28 - [TEST_STEP][PASSED] - scrollToElement(findTestObject("Факторный анализ/2025 список"), 30): Scroll to object 'Object Repository/Факторный анализ/2025 список' successfully

28-03-2025T09:24:28 - [MESSAGE][PASSED] - Scroll to object 'Object Repository/Факторный анализ/2025 список' successfully

28-03-2025T09:24:28 - [TEST_STEP][PASSED] - click(findTestObject("Факторный анализ/2025 список")): Object: 'Object Repository/Факторный анализ/2025 список' is clicked on

28-03-2025T09:24:29 - [MESSAGE][PASSED] - Object: 'Object Repository/Факторный анализ/2025 список' is clicked on

28-03-2025T09:24:29 - [TEST_STEP][PASSED] - scrollToElement(findTestObject("Факторный анализ/1 квартал 2025 список"), 30): Scroll to object 'Object Repository/Факторный анализ/1 квартал 2025 список' successfully

28-03-2025T09:24:29 - [MESSAGE][PASSED] - Scroll to object 'Object Repository/Факторный анализ/1 квартал 2025 список' successfully

28-03-2025T09:24:29 - [TEST_STEP][PASSED] - click(findTestObject("Факторный анализ/1 квартал 2025 список"), CONTINUE_ON_FAILURE): Object: 'Object Repository/Факторный анализ/1 квартал 2025 список' is clicked on

28-03-2025T09:24:30 - [MESSAGE][PASSED] - Object: 'Object Repository/Факторный анализ/1 квартал 2025 список' is clicked on

28-03-2025T09:24:30 - [TEST_STEP][PASSED] - scrollToElement(findTestObject("Факторный анализ/Январь 2025"), 30): Scroll to object 'Object Repository/Факторный анализ/Январь 2025' successfully

28-03-2025T09:24:30 - [MESSAGE][PASSED] - Scroll to object 'Object Repository/Факторный анализ/Январь 2025' successfully

28-03-2025T09:24:30 - [TEST_STEP][PASSED] - click(findTestObject("Факторный анализ/Январь 2025"), CONTINUE_ON_FAILURE): Object: 'Object Repository/Факторный анализ/Январь 2025' is clicked on

28-03-2025T09:24:30 - [MESSAGE][PASSED] - Object: 'Object Repository/Факторный анализ/Январь 2025' is clicked on

28-03-2025T09:24:30 - [TEST_STEP][PASSED] - scrollToElement(findTestObject("Факторный анализ/Заголовок дашборда"), 30): Scroll to object 'Object Repository/Факторный анализ/Заголовок дашборда' successfully

28-03-2025T09:24:31 - [MESSAGE][PASSED] - Scroll to object 'Object Repository/Факторный анализ/Заголовок дашборда' successfully

28-03-2025T09:24:31 - [TEST_STEP][PASSED] - click(findTestObject("Факторный анализ/Применить в фильтре Дата")): Object: 'Object Repository/Факторный анализ/Применить в фильтре Дата' is clicked on

28-03-2025T09:24:31 - [MESSAGE][PASSED] - Object: 'Object Repository/Факторный анализ/Применить в фильтре Дата' is clicked on

28-03-2025T09:24:31 - [TEST_STEP][PASSED] - a5 = "": null

28-03-2025T09:24:31 - [TEST_STEP][PASSED] - a6 = "": null

28-03-2025T09:24:31 - [TEST_STEP][PASSED] - a7 = "": null

28-03-2025T09:24:31 - [TEST_STEP][PASSED] - a8 = "": null

28-03-2025T09:24:31 - [TEST_STEP][PASSED] - a9 = "": null

28-03-2025T09:24:31 - [TEST_STEP][PASSED] - if (run == 1): null

28-03-2025T09:24:31 - [TEST_STEP][PASSED] - if (run == 2): null

28-03-2025T09:24:31 - [TEST_STEP][PASSED] - user = "Андреева": null

28-03-2025T09:24:31 - [TEST_STEP][PASSED] - a1 = getText(findTestObject("Факторный анализ/span1 Блок руководителя")): Text of object 'Object Repository/Факторный анализ/span1 Блок руководителя' is: 'Отклонение (средний тариф)'

28-03-2025T09:24:33 - [MESSAGE][PASSED] - Text of object 'Object Repository/Факторный анализ/span1 Блок руководителя' is: 'Отклонение (средний тариф)'

28-03-2025T09:24:33 - [TEST_STEP][PASSED] - a2 = getText(findTestObject("Факторный анализ/span2 Блок руководителя")): Text of object 'Object Repository/Факторный анализ/span2 Блок руководителя' is: ''

28-03-2025T09:24:33 - [MESSAGE][PASSED] - Text of object 'Object Repository/Факторный анализ/span2 Блок руководителя' is: ''

28-03-2025T09:24:33 - [TEST_STEP][PASSED] - a3 = getText(findTestObject("Факторный анализ/График Всего отклонения по факторам Блок руководителя")): Text of object 'Object Repository/Факторный анализ/График Всего отклонения по факторам Блок руководителя' is: ''

28-03-2025T09:24:33 - [MESSAGE][PASSED] - Text of object 'Object Repository/Факторный анализ/График Всего отклонения по факторам Блок руководителя' is: ''

28-03-2025T09:24:33 - [TEST_STEP][PASSED] - click(findTestObject("Факторный анализ/Переключить отображение с филиала на месяц")): Object: 'Object Repository/Факторный анализ/Переключить отображение с филиала на месяц' is clicked on

28-03-2025T09:24:34 - [MESSAGE][PASSED] - Object: 'Object Repository/Факторный анализ/Переключить отображение с филиала на месяц' is clicked on

28-03-2025T09:24:34 - [TEST_STEP][PASSED] - a4 = getText(findTestObject("Факторный анализ/График Всего отклонения по факторам Блок руководителя")): Text of object 'Object Repository/Факторный анализ/График Всего отклонения по факторам Блок руководителя' is: ''

28-03-2025T09:24:34 - [MESSAGE][PASSED] - Text of object 'Object Repository/Факторный анализ/График Всего отклонения по факторам Блок руководителя' is: ''

28-03-2025T09:24:34 - [TEST_STEP][PASSED] - n = n + 25: null

28-03-2025T09:24:34 - [TEST_STEP][PASSED] - b = n - run + 1: null

28-03-2025T09:24:34 - [TEST_STEP][PASSED] - verifyEqual(findTestData("PlanFact").getValue(2, b), a1): Actual object 'Отклонение (средний тариф)' and expected object 'Отклонение (средний тариф)' are equal

28-03-2025T09:24:34 - [MESSAGE][PASSED] - Actual object 'Отклонение (средний тариф)' and expected object 'Отклонение (средний тариф)' are equal

28-03-2025T09:24:34 - [TEST_STEP][PASSED] - verifyEqual(findTestData("PlanFact").getValue(3, b), a2): Actual object '' and expected object '' are equal

28-03-2025T09:24:34 - [MESSAGE][PASSED] - Actual object '' and expected object '' are equal

28-03-2025T09:24:34 - [TEST_STEP][PASSED] - verifyEqual(findTestData("PlanFact").getValue(4, b), a3): Actual object '' and expected object '' are equal

28-03-2025T09:24:34 - [MESSAGE][PASSED] - Actual object '' and expected object '' are equal

28-03-2025T09:24:34 - [TEST_STEP][PASSED] - verifyEqual(findTestData("PlanFact").getValue(5, b), a4): Actual object '' and expected object '' are equal

28-03-2025T09:24:34 - [MESSAGE][PASSED] - Actual object '' and expected object '' are equal

28-03-2025T09:24:34 - [TEST_STEP][PASSED] - Script1686231490255.WriteToExcel(user, dashboardName, n, data, run, a1, a2, a3, a4, a5, a6, a7, a8, a9): null

28-03-2025T09:24:34 - [TEST_STEP][PASSED] - sheetName = "Sheet1": null

28-03-2025T09:24:34 - [TEST_STEP][PASSED] - workbook01 = getWorkbook(excelFilePath): null

28-03-2025T09:24:34 - [TEST_STEP][PASSED] - sheet01 = getExcelSheet(workbook01, sheetName): null

28-03-2025T09:24:34 - [TEST_STEP][PASSED] - setValueToCellByIndex(sheet01, n, 0, dashboardName): null

28-03-2025T09:24:34 - [TEST_STEP][PASSED] - setValueToCellByIndex(sheet01, n, 10, user): null

28-03-2025T09:24:34 - [TEST_STEP][PASSED] - setValueToCellByIndex(sheet01, n, 1, a1): null

28-03-2025T09:24:34 - [TEST_STEP][PASSED] - setValueToCellByIndex(sheet01, n, 2, a2): null

28-03-2025T09:24:34 - [TEST_STEP][PASSED] - setValueToCellByIndex(sheet01, n, 3, a3): null

28-03-2025T09:24:34 - [TEST_STEP][PASSED] - setValueToCellByIndex(sheet01, n, 4, a4): null

28-03-2025T09:24:34 - [TEST_STEP][PASSED] - setValueToCellByIndex(sheet01, n, 5, a5): null

28-03-2025T09:24:34 - [TEST_STEP][PASSED] - setValueToCellByIndex(sheet01, n, 6, a6): null

28-03-2025T09:24:34 - [TEST_STEP][PASSED] - setValueToCellByIndex(sheet01, n, 7, a7): null

28-03-2025T09:24:34 - [TEST_STEP][PASSED] - setValueToCellByIndex(sheet01, n, 8, a8): null

28-03-2025T09:24:34 - [TEST_STEP][PASSED] - setValueToCellByIndex(sheet01, n, 9, a9): null

28-03-2025T09:24:34 - [TEST_STEP][PASSED] - n = n + 1: null

28-03-2025T09:24:34 - [TEST_STEP][PASSED] - saveWorkbook(excelFilePath, workbook01): null

28-03-2025T09:24:35 - [TEST_STEP][PASSED] - if (run == 3): null

28-03-2025T09:24:35 - [TEST_STEP][PASSED] - closeBrowser(): null

28-03-2025T09:24:35 - [MESSAGE][PASSED] - Browser is closed

28-03-2025T09:24:35 - [TEST_STEP][PASSED] - FaktorniyAnaliz(user, dashboardName, n, data, run, a1, a2, a3, a4, a5, a6, a7, a8, a9, urlData): null

28-03-2025T09:24:35 - [TEST_STEP][PASSED] - n = data.getRowNumbers() + 1: null

28-03-2025T09:24:35 - [TEST_STEP][PASSED] - println(n): null

28-03-2025T09:24:35 - [TEST_STEP][PASSED] - dashboardName = "Факторный анализ": null

28-03-2025T09:24:35 - [TEST_STEP][PASSED] - openBrowser(""): Browser is opened with url: ''

28-03-2025T09:24:35 - [MESSAGE][INFO] - Starting 'Chrome' driver

28-03-2025T09:24:35 - [MESSAGE][INFO] - Action delay is set to 0 milliseconds

28-03-2025T09:24:36 - [MESSAGE][PASSED] - Browser is opened with url: ''

28-03-2025T09:24:36 - [TEST_STEP][PASSED] - urlData = 3: null

28-03-2025T09:24:36 - [TEST_STEP][PASSED] - Script1686231490255.CheckPageDownload(urlData, run): null

28-03-2025T09:24:36 - [TEST_STEP][PASSED] - i = 1: null

28-03-2025T09:24:36 - [TEST_STEP][PASSED] - ii = 0: null

28-03-2025T09:24:36 - [TEST_STEP][PASSED] - urlText = <not implemented yet for class: org.codehaus.groovy.ast.expr.EmptyExpression>: null

28-03-2025T09:24:36 - [TEST_STEP][PASSED] - searchWord = <not implemented yet for class: org.codehaus.groovy.ast.expr.EmptyExpression>: null

28-03-2025T09:24:36 - [TEST_STEP][PASSED] - deleteAllCookies(): Delete all cookies successfully

28-03-2025T09:24:36 - [MESSAGE][PASSED] - Delete all cookies successfully

28-03-2025T09:24:36 - [TEST_STEP][PASSED] - refresh(): Refresh successfully

28-03-2025T09:24:36 - [MESSAGE][PASSED] - Refresh successfully

28-03-2025T09:24:36 - [TEST_STEP][PASSED] - delay(70): Delayed 70 second(s)

28-03-2025T09:25:46 - [MESSAGE][PASSED] - Delayed 70 second(s)

28-03-2025T09:25:46 - [TEST_STEP][PASSED] - navigateToUrl(findTestData("PlanFact").getValue(10, urlData)): Navigate to 'https://bi.rosseti.digital/viewer?dashboardGuid=2301950b23be4ed89c1df75f2020051e&sheetGuid=ccd7d7486b3d4e6fa0ee9b1eaebed46c&fit=true' successfully

28-03-2025T09:25:50 - [MESSAGE][PASSED] - Navigate to 'https://bi.rosseti.digital/viewer?dashboardGuid=2301950b23be4ed89c1df75f2020051e&sheetGuid=ccd7d7486b3d4e6fa0ee9b1eaebed46c&fit=true' successfully

28-03-2025T09:25:50 - [TEST_STEP][PASSED] - pageLoaded1 = verifyElementPresent(findTestObject("Страница авторизации/Text"), 30): Object 'Object Repository/Страница авторизации/Text' is present

28-03-2025T09:25:52 - [MESSAGE][PASSED] - Object 'Object Repository/Страница авторизации/Text' is present

28-03-2025T09:25:52 - [TEST_STEP][PASSED] - if (pageLoaded1 == false): null

28-03-2025T09:25:52 - [TEST_STEP][PASSED] - urlText = getText(findTestObject("Страница авторизации/Text")): Text of object 'Object Repository/Страница авторизации/Text' is: 'Вход'

28-03-2025T09:25:52 - [MESSAGE][PASSED] - Text of object 'Object Repository/Страница авторизации/Text' is: 'Вход'

28-03-2025T09:25:52 - [TEST_STEP][PASSED] - delay(70): Delayed 70 second(s)

28-03-2025T09:27:02 - [MESSAGE][PASSED] - Delayed 70 second(s)

28-03-2025T09:27:02 - [TEST_STEP][PASSED] - searchWord = "Вход": null

28-03-2025T09:27:02 - [TEST_STEP][PASSED] - if (urlText.contains(searchWord) == false): null

28-03-2025T09:27:02 - [TEST_STEP][PASSED] - setText(findTestObject("Страница авторизации/input__username"), findTestData("PlanFact").getValue(8, run)): Text 'Petrova-OV' is set on object 'Object Repository/Страница авторизации/input__username'

28-03-2025T09:27:03 - [MESSAGE][PASSED] - Text 'Petrova-OV' is set on object 'Object Repository/Страница авторизации/input__username'

28-03-2025T09:27:03 - [TEST_STEP][PASSED] - setText(findTestObject("Страница авторизации/input__password"), findTestData("PlanFact").getValue(9, run)): Text '4Ex@~R53r&3x&BVe7' is set on object 'Object Repository/Страница авторизации/input__password'

28-03-2025T09:27:04 - [MESSAGE][PASSED] - Text '4Ex@~R53r&3x&BVe7' is set on object 'Object Repository/Страница авторизации/input__password'

28-03-2025T09:27:04 - [TEST_STEP][PASSED] - click(findTestObject("Страница авторизации/button_")): Object: 'Object Repository/Страница авторизации/button_' is clicked on

28-03-2025T09:27:05 - [MESSAGE][PASSED] - Object: 'Object Repository/Страница авторизации/button_' is clicked on

28-03-2025T09:27:05 - [TEST_STEP][PASSED] - delay(70): Delayed 70 second(s)

28-03-2025T09:28:15 - [MESSAGE][PASSED] - Delayed 70 second(s)

28-03-2025T09:28:15 - [TEST_STEP][PASSED] - searchWord = "а": null

28-03-2025T09:28:15 - [TEST_STEP][PASSED] - pageLoaded2 = verifyElementPresent(findTestObject("Страница авторизации/Text"), 50): Object 'Object Repository/Страница авторизации/Text' is present

28-03-2025T09:28:15 - [MESSAGE][PASSED] - Object 'Object Repository/Страница авторизации/Text' is present

28-03-2025T09:28:15 - [TEST_STEP][PASSED] - if (pageLoaded2 == false): null

28-03-2025T09:28:15 - [TEST_STEP][PASSED] - urlText = getText(findTestObject("Страница авторизации/Text")): Text of object 'Object Repository/Страница авторизации/Text' is: 'Период
Январь, Февраль 2025 года
ДЗО 
ПАО Россети
Подписи данных
Итого отклонения по группе компаний: 3 120 млн.руб.
Филиал
Месяц
Факторный анализ
Всего отклонения по факторам по ПАО Россети за Январь, Февраль 2025 года
ДЗО
Филиал
Отклонение (объём услуг)
Отклонение (средний тариф)
АО "РЭС" АО "РЭС" - 166 -3
АО «Тываэнерго» АО "Тываэнерго" - 228 -1
АО «Чеченэнерго» АО «Чеченэнерго» -34 -42
Россети Волга Мордовэнерго - 158 -6
Оренбургэнерго - 115 -31
Пензаэнерго -18 -5
Самарские РС - 184 291
Саратовские РС -52 -90
Ульяновские РС - 983 5
Чувашэнерго - 596 7
Россети Кубань Кубаньэнерго 32 520
Россети Ленэнерго (ГК) Ленинградская область - 345 367
г. Санкт-Петербург - 293 28
Россети Московский регион Московская область -1 445 173
г. Москва - 232 152
Россети Северный Кавказ (ГК) Дагэнерго - 396 -40
Ингушэнерго -73 46
Каббалкэнерго 49 -2
Карачаево-Черкесскэнерго 7 - 221
Севкавказэнерго - 220 -22
Ставропольэнерго 10 58
Россети Северо-Запад Архангельский филиал -63 45
Вологодский филиал -23 35
Карельский филиал -62 -30
Мурманский филиал 12 -47
Новгородский филиал -45 13
Псковский филиал -45 33
филиал в Республике Коми -89 35
Россети Сибирь (ГК) Алтайэнерго -1 479 17
Бурятэнерго -1 026 -16
ГАЭС - 157 1
Красноярскэнерго 230 44
Кузбассэнерго-РЭС -2 594 123
Омскэнерго -1 252 -29
Хакасэнерго - 481 -10
Читаэнерго - 889 18
Россети Томск Томская распределительная компания -71 24
Россети Тюмень Россети Тюмень -10 273 - 134
Россети Урал (ГК) Пермэнерго - 303 12
Свердловэнерго - 169 -5
Челябэнерго - 198 -38
Россети ФСК ЕЭС Итого по ФСК ЕЭС -27 513 - 872
Россети Центр Белгородэнерго -59 17
Брянскэнерго -29 -8
Воронежэнерго -36 14
Костромаэнерго -35 0
Курскэнерго -15 27
Липецкэнерго - 121 33
Орелэнерго -21 3
Смоленскэнерго -34 -4
Тамбовэнерго -2 -8
Тверьэнерго - 144 -3
Ярэнерго -96 2
Россети Центр и Приволжье (ГК) Владимирэнерго -1 561 -23
Ивэнерго -4 -18
Калугаэнерго -15 30
Кировэнерго -37 16
Мариэнерго -19 17
Нижновэнерго - 195 38
Рязаньэнерго - 150 31
Тулэнерго 1 643 37
Удмуртэнерго - 172 184
Россети Юг (ГК) АО «ВМЭС» -2 8
Астраханьэнерго 30 -20
Волгоградэнерго - 200 16
Калмэнерго 4 -1
Ростовэнерго 149 82
Россети Янтарь Россети Янтарь 19 31
Отклонения выручки по факторам по выбранным ДЗО, руб
-53 036-53 036
908908
Отклонение (объём услуг)
Отклонение (средний тариф)
ПАО Россети'

28-03-2025T09:28:16 - [MESSAGE][PASSED] - Text of object 'Object Repository/Страница авторизации/Text' is: 'Период
Январь, Февраль 2025 года
ДЗО 
ПАО Россети
Подписи данных
Итого отклонения по группе компаний: 3 120 млн.руб.
Филиал
Месяц
Факторный анализ
Всего отклонения по факторам по ПАО Россети за Январь, Февраль 2025 года
ДЗО
Филиал
Отклонение (объём услуг)
Отклонение (средний тариф)
АО "РЭС" АО "РЭС" - 166 -3
АО «Тываэнерго» АО "Тываэнерго" - 228 -1
АО «Чеченэнерго» АО «Чеченэнерго» -34 -42
Россети Волга Мордовэнерго - 158 -6
Оренбургэнерго - 115 -31
Пензаэнерго -18 -5
Самарские РС - 184 291
Саратовские РС -52 -90
Ульяновские РС - 983 5
Чувашэнерго - 596 7
Россети Кубань Кубаньэнерго 32 520
Россети Ленэнерго (ГК) Ленинградская область - 345 367
г. Санкт-Петербург - 293 28
Россети Московский регион Московская область -1 445 173
г. Москва - 232 152
Россети Северный Кавказ (ГК) Дагэнерго - 396 -40
Ингушэнерго -73 46
Каббалкэнерго 49 -2
Карачаево-Черкесскэнерго 7 - 221
Севкавказэнерго - 220 -22
Ставропольэнерго 10 58
Россети Северо-Запад Архангельский филиал -63 45
Вологодский филиал -23 35
Карельский филиал -62 -30
Мурманский филиал 12 -47
Новгородский филиал -45 13
Псковский филиал -45 33
филиал в Республике Коми -89 35
Россети Сибирь (ГК) Алтайэнерго -1 479 17
Бурятэнерго -1 026 -16
ГАЭС - 157 1
Красноярскэнерго 230 44
Кузбассэнерго-РЭС -2 594 123
Омскэнерго -1 252 -29
Хакасэнерго - 481 -10
Читаэнерго - 889 18
Россети Томск Томская распределительная компания -71 24
Россети Тюмень Россети Тюмень -10 273 - 134
Россети Урал (ГК) Пермэнерго - 303 12
Свердловэнерго - 169 -5
Челябэнерго - 198 -38
Россети ФСК ЕЭС Итого по ФСК ЕЭС -27 513 - 872
Россети Центр Белгородэнерго -59 17
Брянскэнерго -29 -8
Воронежэнерго -36 14
Костромаэнерго -35 0
Курскэнерго -15 27
Липецкэнерго - 121 33
Орелэнерго -21 3
Смоленскэнерго -34 -4
Тамбовэнерго -2 -8
Тверьэнерго - 144 -3
Ярэнерго -96 2
Россети Центр и Приволжье (ГК) Владимирэнерго -1 561 -23
Ивэнерго -4 -18
Калугаэнерго -15 30
Кировэнерго -37 16
Мариэнерго -19 17
Нижновэнерго - 195 38
Рязаньэнерго - 150 31
Тулэнерго 1 643 37
Удмуртэнерго - 172 184
Россети Юг (ГК) АО «ВМЭС» -2 8
Астраханьэнерго 30 -20
Волгоградэнерго - 200 16
Калмэнерго 4 -1
Ростовэнерго 149 82
Россети Янтарь Россети Янтарь 19 31
Отклонения выручки по факторам по выбранным ДЗО, руб
-53 036-53 036
908908
Отклонение (объём услуг)
Отклонение (средний тариф)
ПАО Россети'

28-03-2025T09:28:16 - [TEST_STEP][PASSED] - if (urlText.contains("ошибка") || urlText.contains(searchWord) == false): null

28-03-2025T09:28:16 - [TEST_STEP][PASSED] - click(findTestObject("Факторный анализ/Фильтр Период")): Object: 'Object Repository/Факторный анализ/Фильтр Период' is clicked on

28-03-2025T09:28:16 - [MESSAGE][PASSED] - Object: 'Object Repository/Факторный анализ/Фильтр Период' is clicked on

28-03-2025T09:28:16 - [TEST_STEP][PASSED] - click(findTestObject("Факторный анализ/Снять выделение в фильтре Дата")): Object: 'Object Repository/Факторный анализ/Снять выделение в фильтре Дата' is clicked on

28-03-2025T09:28:17 - [MESSAGE][PASSED] - Object: 'Object Repository/Факторный анализ/Снять выделение в фильтре Дата' is clicked on

28-03-2025T09:28:17 - [TEST_STEP][PASSED] - click(findTestObject("Факторный анализ/Применить в фильтре Дата")): Object: 'Object Repository/Факторный анализ/Применить в фильтре Дата' is clicked on

28-03-2025T09:28:17 - [MESSAGE][PASSED] - Object: 'Object Repository/Факторный анализ/Применить в фильтре Дата' is clicked on

28-03-2025T09:28:17 - [TEST_STEP][PASSED] - click(findTestObject("Факторный анализ/Фильтр Период")): Object: 'Object Repository/Факторный анализ/Фильтр Период' is clicked on

28-03-2025T09:28:19 - [MESSAGE][PASSED] - Object: 'Object Repository/Факторный анализ/Фильтр Период' is clicked on

28-03-2025T09:28:19 - [TEST_STEP][PASSED] - click(findTestObject("Факторный анализ/Снять выделение в фильтре Дата")): Object: 'Object Repository/Факторный анализ/Снять выделение в фильтре Дата' is clicked on

28-03-2025T09:28:19 - [MESSAGE][PASSED] - Object: 'Object Repository/Факторный анализ/Снять выделение в фильтре Дата' is clicked on

28-03-2025T09:28:19 - [TEST_STEP][PASSED] - scrollToElement(findTestObject("Факторный анализ/2025 список"), 30): Scroll to object 'Object Repository/Факторный анализ/2025 список' successfully

28-03-2025T09:28:20 - [MESSAGE][PASSED] - Scroll to object 'Object Repository/Факторный анализ/2025 список' successfully

28-03-2025T09:28:20 - [TEST_STEP][PASSED] - click(findTestObject("Факторный анализ/2025 список")): Object: 'Object Repository/Факторный анализ/2025 список' is clicked on

28-03-2025T09:28:20 - [MESSAGE][PASSED] - Object: 'Object Repository/Факторный анализ/2025 список' is clicked on

28-03-2025T09:28:20 - [TEST_STEP][PASSED] - scrollToElement(findTestObject("Факторный анализ/1 квартал 2025 список"), 30): Scroll to object 'Object Repository/Факторный анализ/1 квартал 2025 список' successfully

28-03-2025T09:28:21 - [MESSAGE][PASSED] - Scroll to object 'Object Repository/Факторный анализ/1 квартал 2025 список' successfully

28-03-2025T09:28:21 - [TEST_STEP][PASSED] - click(findTestObject("Факторный анализ/1 квартал 2025 список"), CONTINUE_ON_FAILURE): Object: 'Object Repository/Факторный анализ/1 квартал 2025 список' is clicked on

28-03-2025T09:28:21 - [MESSAGE][PASSED] - Object: 'Object Repository/Факторный анализ/1 квартал 2025 список' is clicked on

28-03-2025T09:28:21 - [TEST_STEP][PASSED] - scrollToElement(findTestObject("Факторный анализ/Январь 2025"), 30): Scroll to object 'Object Repository/Факторный анализ/Январь 2025' successfully

28-03-2025T09:28:21 - [MESSAGE][PASSED] - Scroll to object 'Object Repository/Факторный анализ/Январь 2025' successfully

28-03-2025T09:28:21 - [TEST_STEP][PASSED] - click(findTestObject("Факторный анализ/Январь 2025"), CONTINUE_ON_FAILURE): Object: 'Object Repository/Факторный анализ/Январь 2025' is clicked on

28-03-2025T09:28:21 - [MESSAGE][PASSED] - Object: 'Object Repository/Факторный анализ/Январь 2025' is clicked on

28-03-2025T09:28:21 - [TEST_STEP][PASSED] - scrollToElement(findTestObject("Факторный анализ/Заголовок дашборда"), 30): Scroll to object 'Object Repository/Факторный анализ/Заголовок дашборда' successfully

28-03-2025T09:28:22 - [MESSAGE][PASSED] - Scroll to object 'Object Repository/Факторный анализ/Заголовок дашборда' successfully

28-03-2025T09:28:22 - [TEST_STEP][PASSED] - click(findTestObject("Факторный анализ/Применить в фильтре Дата")): Object: 'Object Repository/Факторный анализ/Применить в фильтре Дата' is clicked on

28-03-2025T09:28:22 - [MESSAGE][PASSED] - Object: 'Object Repository/Факторный анализ/Применить в фильтре Дата' is clicked on

28-03-2025T09:28:22 - [TEST_STEP][PASSED] - a5 = "": null

28-03-2025T09:28:22 - [TEST_STEP][PASSED] - a6 = "": null

28-03-2025T09:28:22 - [TEST_STEP][PASSED] - a7 = "": null

28-03-2025T09:28:22 - [TEST_STEP][PASSED] - a8 = "": null

28-03-2025T09:28:22 - [TEST_STEP][PASSED] - a9 = "": null

28-03-2025T09:28:22 - [TEST_STEP][PASSED] - if (run == 1): null

28-03-2025T09:28:22 - [TEST_STEP][PASSED] - if (run == 2): null

28-03-2025T09:28:22 - [TEST_STEP][PASSED] - if (run == 3): null

28-03-2025T09:28:22 - [TEST_STEP][PASSED] - user = "Попова": null

28-03-2025T09:28:22 - [TEST_STEP][PASSED] - a1 = getText(findTestObject("Факторный анализ/span1 Блок руководителя")): Text of object 'Object Repository/Факторный анализ/span1 Блок руководителя' is: 'Отклонение (средний тариф)'

28-03-2025T09:28:23 - [MESSAGE][PASSED] - Text of object 'Object Repository/Факторный анализ/span1 Блок руководителя' is: 'Отклонение (средний тариф)'

28-03-2025T09:28:23 - [TEST_STEP][PASSED] - a2 = getText(findTestObject("Факторный анализ/span2 Блок руководителя")): Text of object 'Object Repository/Факторный анализ/span2 Блок руководителя' is: ''

28-03-2025T09:28:24 - [MESSAGE][PASSED] - Text of object 'Object Repository/Факторный анализ/span2 Блок руководителя' is: ''

28-03-2025T09:28:24 - [TEST_STEP][PASSED] - a3 = getText(findTestObject("Факторный анализ/График Всего отклонения по факторам Блок руководителя")): Text of object 'Object Repository/Факторный анализ/График Всего отклонения по факторам Блок руководителя' is: ''

28-03-2025T09:28:24 - [MESSAGE][PASSED] - Text of object 'Object Repository/Факторный анализ/График Всего отклонения по факторам Блок руководителя' is: ''

28-03-2025T09:28:24 - [TEST_STEP][PASSED] - click(findTestObject("Факторный анализ/Переключить отображение с филиала на месяц")): Object: 'Object Repository/Факторный анализ/Переключить отображение с филиала на месяц' is clicked on

28-03-2025T09:28:24 - [MESSAGE][PASSED] - Object: 'Object Repository/Факторный анализ/Переключить отображение с филиала на месяц' is clicked on

28-03-2025T09:28:24 - [TEST_STEP][PASSED] - a4 = getText(findTestObject("Факторный анализ/График Всего отклонения по факторам Блок руководителя")): Text of object 'Object Repository/Факторный анализ/График Всего отклонения по факторам Блок руководителя' is: ''

28-03-2025T09:28:25 - [MESSAGE][PASSED] - Text of object 'Object Repository/Факторный анализ/График Всего отклонения по факторам Блок руководителя' is: ''

28-03-2025T09:28:25 - [TEST_STEP][PASSED] - n = n + 26: null

28-03-2025T09:28:25 - [TEST_STEP][PASSED] - b = n - run + 1: null

28-03-2025T09:28:25 - [TEST_STEP][PASSED] - verifyEqual(findTestData("PlanFact").getValue(2, b), a1): Actual object 'Отклонение (средний тариф)' and expected object 'Отклонение (средний тариф)' are equal

28-03-2025T09:28:25 - [MESSAGE][PASSED] - Actual object 'Отклонение (средний тариф)' and expected object 'Отклонение (средний тариф)' are equal

28-03-2025T09:28:25 - [TEST_STEP][PASSED] - verifyEqual(findTestData("PlanFact").getValue(3, b), a2): Actual object '' and expected object '' are equal

28-03-2025T09:28:25 - [MESSAGE][PASSED] - Actual object '' and expected object '' are equal

28-03-2025T09:28:25 - [TEST_STEP][PASSED] - verifyEqual(findTestData("PlanFact").getValue(4, b), a3): Actual object '' and expected object '' are equal

28-03-2025T09:28:25 - [MESSAGE][PASSED] - Actual object '' and expected object '' are equal

28-03-2025T09:28:25 - [TEST_STEP][PASSED] - verifyEqual(findTestData("PlanFact").getValue(5, b), a4): Actual object '' and expected object '' are equal

28-03-2025T09:28:25 - [MESSAGE][PASSED] - Actual object '' and expected object '' are equal

28-03-2025T09:28:25 - [TEST_STEP][PASSED] - Script1686231490255.WriteToExcel(user, dashboardName, n, data, run, a1, a2, a3, a4, a5, a6, a7, a8, a9): null

28-03-2025T09:28:25 - [TEST_STEP][PASSED] - sheetName = "Sheet1": null

28-03-2025T09:28:25 - [TEST_STEP][PASSED] - workbook01 = getWorkbook(excelFilePath): null

28-03-2025T09:28:25 - [TEST_STEP][PASSED] - sheet01 = getExcelSheet(workbook01, sheetName): null

28-03-2025T09:28:25 - [TEST_STEP][PASSED] - setValueToCellByIndex(sheet01, n, 0, dashboardName): null

28-03-2025T09:28:25 - [TEST_STEP][PASSED] - setValueToCellByIndex(sheet01, n, 10, user): null

28-03-2025T09:28:25 - [TEST_STEP][PASSED] - setValueToCellByIndex(sheet01, n, 1, a1): null

28-03-2025T09:28:25 - [TEST_STEP][PASSED] - setValueToCellByIndex(sheet01, n, 2, a2): null

28-03-2025T09:28:25 - [TEST_STEP][PASSED] - setValueToCellByIndex(sheet01, n, 3, a3): null

28-03-2025T09:28:25 - [TEST_STEP][PASSED] - setValueToCellByIndex(sheet01, n, 4, a4): null

28-03-2025T09:28:25 - [TEST_STEP][PASSED] - setValueToCellByIndex(sheet01, n, 5, a5): null

28-03-2025T09:28:25 - [TEST_STEP][PASSED] - setValueToCellByIndex(sheet01, n, 6, a6): null

28-03-2025T09:28:25 - [TEST_STEP][PASSED] - setValueToCellByIndex(sheet01, n, 7, a7): null

28-03-2025T09:28:25 - [TEST_STEP][PASSED] - setValueToCellByIndex(sheet01, n, 8, a8): null

28-03-2025T09:28:25 - [TEST_STEP][PASSED] - setValueToCellByIndex(sheet01, n, 9, a9): null

28-03-2025T09:28:25 - [TEST_STEP][PASSED] - n = n + 1: null

28-03-2025T09:28:25 - [TEST_STEP][PASSED] - saveWorkbook(excelFilePath, workbook01): null

28-03-2025T09:28:25 - [TEST_STEP][PASSED] - closeBrowser(): Browser is closed

28-03-2025T09:28:25 - [MESSAGE][PASSED] - Browser is closed

28-03-2025T09:28:25 - [TEST_STEP][PASSED] - delay(70): Delayed 70 second(s)

28-03-2025T09:29:35 - [MESSAGE][PASSED] - Delayed 70 second(s)

28-03-2025T09:29:35 - [TEST_STEP][PASSED] - for ([run = 1, run < 4, (run++)]): null

28-03-2025T09:29:35 - [TEST_STEP][PASSED] - ViruchkaPoDZO(user, dashboardName, n, data, run, a1, a2, a3, a4, a5, a6, a7, a8, a9, urlData): null

28-03-2025T09:29:35 - [TEST_STEP][PASSED] - n = data.getRowNumbers() + 1: null

28-03-2025T09:29:35 - [TEST_STEP][PASSED] - println(n): null

28-03-2025T09:29:35 - [TEST_STEP][PASSED] - dashboardName = "Выручка по ДЗО": null

28-03-2025T09:29:35 - [TEST_STEP][PASSED] - openBrowser(""): Browser is opened with url: ''

28-03-2025T09:29:35 - [MESSAGE][INFO] - Starting 'Chrome' driver

28-03-2025T09:29:35 - [MESSAGE][INFO] - Action delay is set to 0 milliseconds

28-03-2025T09:29:36 - [MESSAGE][PASSED] - Browser is opened with url: ''

28-03-2025T09:29:36 - [TEST_STEP][PASSED] - urlData = 5: null

28-03-2025T09:29:36 - [TEST_STEP][PASSED] - Script1686231490255.CheckPageDownload(urlData, run): null

28-03-2025T09:29:36 - [TEST_STEP][PASSED] - i = 1: null

28-03-2025T09:29:36 - [TEST_STEP][PASSED] - ii = 0: null

28-03-2025T09:29:36 - [TEST_STEP][PASSED] - urlText = <not implemented yet for class: org.codehaus.groovy.ast.expr.EmptyExpression>: null

28-03-2025T09:29:36 - [TEST_STEP][PASSED] - searchWord = <not implemented yet for class: org.codehaus.groovy.ast.expr.EmptyExpression>: null

28-03-2025T09:29:36 - [TEST_STEP][PASSED] - deleteAllCookies(): Delete all cookies successfully

28-03-2025T09:29:36 - [MESSAGE][PASSED] - Delete all cookies successfully

28-03-2025T09:29:36 - [TEST_STEP][PASSED] - refresh(): Refresh successfully

28-03-2025T09:29:36 - [MESSAGE][PASSED] - Refresh successfully

28-03-2025T09:29:36 - [TEST_STEP][PASSED] - delay(70): Delayed 70 second(s)

28-03-2025T09:30:46 - [MESSAGE][PASSED] - Delayed 70 second(s)

28-03-2025T09:30:46 - [TEST_STEP][PASSED] - navigateToUrl(findTestData("PlanFact").getValue(10, urlData)): Navigate to 'https://bi.rosseti.digital/viewer?dashboardGuid=2301950b23be4ed89c1df75f2020051e&sheetGuid=31530aa0b6664c09b016b7f2ab9d853e&fit=true' successfully

28-03-2025T09:30:50 - [MESSAGE][PASSED] - Navigate to 'https://bi.rosseti.digital/viewer?dashboardGuid=2301950b23be4ed89c1df75f2020051e&sheetGuid=31530aa0b6664c09b016b7f2ab9d853e&fit=true' successfully

28-03-2025T09:30:50 - [TEST_STEP][PASSED] - pageLoaded1 = verifyElementPresent(findTestObject("Страница авторизации/Text"), 30): Object 'Object Repository/Страница авторизации/Text' is present

28-03-2025T09:30:52 - [MESSAGE][PASSED] - Object 'Object Repository/Страница авторизации/Text' is present

28-03-2025T09:30:52 - [TEST_STEP][PASSED] - if (pageLoaded1 == false): null

28-03-2025T09:30:52 - [TEST_STEP][PASSED] - urlText = getText(findTestObject("Страница авторизации/Text")): Text of object 'Object Repository/Страница авторизации/Text' is: 'Вход'

28-03-2025T09:30:52 - [MESSAGE][PASSED] - Text of object 'Object Repository/Страница авторизации/Text' is: 'Вход'

28-03-2025T09:30:52 - [TEST_STEP][PASSED] - delay(70): Delayed 70 second(s)

28-03-2025T09:32:02 - [MESSAGE][PASSED] - Delayed 70 second(s)

28-03-2025T09:32:02 - [TEST_STEP][PASSED] - searchWord = "Вход": null

28-03-2025T09:32:02 - [TEST_STEP][PASSED] - if (urlText.contains(searchWord) == false): null

28-03-2025T09:32:02 - [TEST_STEP][PASSED] - setText(findTestObject("Страница авторизации/input__username"), findTestData("PlanFact").getValue(8, run)): Text 'liazgina-di' is set on object 'Object Repository/Страница авторизации/input__username'

28-03-2025T09:32:03 - [MESSAGE][PASSED] - Text 'liazgina-di' is set on object 'Object Repository/Страница авторизации/input__username'

28-03-2025T09:32:03 - [TEST_STEP][PASSED] - setText(findTestObject("Страница авторизации/input__password"), findTestData("PlanFact").getValue(9, run)): Text ')$%5srZ8o688Dm#q' is set on object 'Object Repository/Страница авторизации/input__password'

28-03-2025T09:32:03 - [MESSAGE][PASSED] - Text ')$%5srZ8o688Dm#q' is set on object 'Object Repository/Страница авторизации/input__password'

28-03-2025T09:32:03 - [TEST_STEP][PASSED] - click(findTestObject("Страница авторизации/button_")): Object: 'Object Repository/Страница авторизации/button_' is clicked on

28-03-2025T09:32:04 - [MESSAGE][PASSED] - Object: 'Object Repository/Страница авторизации/button_' is clicked on

28-03-2025T09:32:04 - [TEST_STEP][PASSED] - delay(70): Delayed 70 second(s)

28-03-2025T09:33:14 - [MESSAGE][PASSED] - Delayed 70 second(s)

28-03-2025T09:33:14 - [TEST_STEP][PASSED] - searchWord = "а": null

28-03-2025T09:33:14 - [TEST_STEP][PASSED] - pageLoaded2 = verifyElementPresent(findTestObject("Страница авторизации/Text"), 50): Object 'Object Repository/Страница авторизации/Text' is present

28-03-2025T09:33:15 - [MESSAGE][PASSED] - Object 'Object Repository/Страница авторизации/Text' is present

28-03-2025T09:33:15 - [TEST_STEP][PASSED] - if (pageLoaded2 == false): null

28-03-2025T09:33:15 - [TEST_STEP][PASSED] - urlText = getText(findTestObject("Страница авторизации/Text")): Text of object 'Object Repository/Страница авторизации/Text' is: 'Период
Январь, Февраль 2025 года
Выручка
Все
ДЗО 
ПАО Россети
Выручка по ДЗО
Выполнение плановых показателей по ПАО Россети за Январь, Февраль 2025 года
4 519 4 519
502 502
996 996
21 214 21 214
14 811 14 811
22 696 22 696
44 071 44 071
8 507 8 507
13 531 13 531
21 439 21 439
2 085 2 085
19 672 19 672
21 232 21 232
56 718 56 718
24 154 24 154
26 249 26 249
13 605 13 605
2 023 2 023
4 350 4 350
274 274
920 920
20 161 20 161
15 363 15 363
22 452 22 452
42 719 42 719
7 703 7 703
13 299 13 299
13 940 13 940
2 038 2 038
9 265 9 265
20 531 20 531
28 334 28 334
23 634 23 634
26 053 26 053
13 673 13 673
2 073 2 073
План
Факт
АО "РЭС"
АО «Тываэнерго»
АО «Чеченэнерго»
Россети Волга
Россети Кубань
Россети Ленэнерго (ГК)
Россети Московский регион
Россети Северный Кавказ (ГК)
Россети Северо-Запад
Россети Сибирь (ГК)
Россети Томск
Россети Тюмень
Россети Урал (ГК)
Россети ФСК ЕЭС
Россети Центр
Россети Центр и Приволжье (ГК)
Россети Юг (ГК)
Россети Янтарь
0 млн. руб.
5 000 млн. руб.
10 000 млн. руб.
15 000 млн. руб.
20 000 млн. руб.
25 000 млн. руб.
30 000 млн. руб.
35 000 млн. руб.
40 000 млн. руб.
45 000 млн. руб.
50 000 млн. руб.
55 000 млн. руб.
60 000 млн. руб.
Выполнение плановых показателей по ПАО Россети за Январь, Февраль 2025 года
1,63%1,63%
0,1%0,1%
0,34%0,34%
7,56%7,56%
5,76%5,76%
8,42%8,42%
16,01%16,01%
2,89%2,89%
4,98%4,98%
5,23%5,23%
0,76%0,76%
3,47%3,47%
7,7%7,7%
10,62%10,62%
8,86%8,86%
9,77%9,77%
5,13%5,13%
0,78%0,78%
АО "РЭС"
АО «Тываэнерго»
АО «Чеченэнерго»
Россети Волга
Россети Кубань
Россети Ленэнерго (ГК)
Россети Московский регион
Россети Северный Кавказ (ГК)
Россети Северо-Запад
Россети Сибирь (ГК)
Россети Томск
Россети Тюмень
Россети Урал (ГК)
Россети ФСК ЕЭС
Россети Центр
Россети Центр и Приволжье (ГК)
Россети Юг (ГК)
Россети Янтарь'

28-03-2025T09:33:15 - [MESSAGE][PASSED] - Text of object 'Object Repository/Страница авторизации/Text' is: 'Период
Январь, Февраль 2025 года
Выручка
Все
ДЗО 
ПАО Россети
Выручка по ДЗО
Выполнение плановых показателей по ПАО Россети за Январь, Февраль 2025 года
4 519 4 519
502 502
996 996
21 214 21 214
14 811 14 811
22 696 22 696
44 071 44 071
8 507 8 507
13 531 13 531
21 439 21 439
2 085 2 085
19 672 19 672
21 232 21 232
56 718 56 718
24 154 24 154
26 249 26 249
13 605 13 605
2 023 2 023
4 350 4 350
274 274
920 920
20 161 20 161
15 363 15 363
22 452 22 452
42 719 42 719
7 703 7 703
13 299 13 299
13 940 13 940
2 038 2 038
9 265 9 265
20 531 20 531
28 334 28 334
23 634 23 634
26 053 26 053
13 673 13 673
2 073 2 073
План
Факт
АО "РЭС"
АО «Тываэнерго»
АО «Чеченэнерго»
Россети Волга
Россети Кубань
Россети Ленэнерго (ГК)
Россети Московский регион
Россети Северный Кавказ (ГК)
Россети Северо-Запад
Россети Сибирь (ГК)
Россети Томск
Россети Тюмень
Россети Урал (ГК)
Россети ФСК ЕЭС
Россети Центр
Россети Центр и Приволжье (ГК)
Россети Юг (ГК)
Россети Янтарь
0 млн. руб.
5 000 млн. руб.
10 000 млн. руб.
15 000 млн. руб.
20 000 млн. руб.
25 000 млн. руб.
30 000 млн. руб.
35 000 млн. руб.
40 000 млн. руб.
45 000 млн. руб.
50 000 млн. руб.
55 000 млн. руб.
60 000 млн. руб.
Выполнение плановых показателей по ПАО Россети за Январь, Февраль 2025 года
1,63%1,63%
0,1%0,1%
0,34%0,34%
7,56%7,56%
5,76%5,76%
8,42%8,42%
16,01%16,01%
2,89%2,89%
4,98%4,98%
5,23%5,23%
0,76%0,76%
3,47%3,47%
7,7%7,7%
10,62%10,62%
8,86%8,86%
9,77%9,77%
5,13%5,13%
0,78%0,78%
АО "РЭС"
АО «Тываэнерго»
АО «Чеченэнерго»
Россети Волга
Россети Кубань
Россети Ленэнерго (ГК)
Россети Московский регион
Россети Северный Кавказ (ГК)
Россети Северо-Запад
Россети Сибирь (ГК)
Россети Томск
Россети Тюмень
Россети Урал (ГК)
Россети ФСК ЕЭС
Россети Центр
Россети Центр и Приволжье (ГК)
Россети Юг (ГК)
Россети Янтарь'

28-03-2025T09:33:15 - [TEST_STEP][PASSED] - if (urlText.contains("ошибка") || urlText.contains(searchWord) == false): null

28-03-2025T09:33:15 - [TEST_STEP][PASSED] - click(findTestObject("Выручка по ДЗО/Фильтр Дата")): Object: 'Object Repository/Выручка по ДЗО/Фильтр Дата' is clicked on

28-03-2025T09:33:16 - [MESSAGE][PASSED] - Object: 'Object Repository/Выручка по ДЗО/Фильтр Дата' is clicked on

28-03-2025T09:33:16 - [TEST_STEP][PASSED] - click(findTestObject("Выручка по ДЗО/Снять выделение в фильтре Дата")): Object: 'Object Repository/Выручка по ДЗО/Снять выделение в фильтре Дата' is clicked on

28-03-2025T09:33:16 - [MESSAGE][PASSED] - Object: 'Object Repository/Выручка по ДЗО/Снять выделение в фильтре Дата' is clicked on

28-03-2025T09:33:16 - [TEST_STEP][PASSED] - click(findTestObject("Выручка по ДЗО/Применить в фильтре Дата")): Object: 'Object Repository/Выручка по ДЗО/Применить в фильтре Дата' is clicked on

28-03-2025T09:33:17 - [MESSAGE][PASSED] - Object: 'Object Repository/Выручка по ДЗО/Применить в фильтре Дата' is clicked on

28-03-2025T09:33:17 - [TEST_STEP][PASSED] - click(findTestObject("Выручка по ДЗО/Фильтр Дата")): Object: 'Object Repository/Выручка по ДЗО/Фильтр Дата' is clicked on

28-03-2025T09:33:18 - [MESSAGE][PASSED] - Object: 'Object Repository/Выручка по ДЗО/Фильтр Дата' is clicked on

28-03-2025T09:33:18 - [TEST_STEP][PASSED] - click(findTestObject("Выручка по ДЗО/Снять выделение в фильтре Дата")): Object: 'Object Repository/Выручка по ДЗО/Снять выделение в фильтре Дата' is clicked on

28-03-2025T09:33:19 - [MESSAGE][PASSED] - Object: 'Object Repository/Выручка по ДЗО/Снять выделение в фильтре Дата' is clicked on

28-03-2025T09:33:19 - [TEST_STEP][PASSED] - scrollToElement(findTestObject("Выручка по ДЗО/2025 список"), 30): Scroll to object 'Object Repository/Выручка по ДЗО/2025 список' successfully

28-03-2025T09:33:19 - [MESSAGE][PASSED] - Scroll to object 'Object Repository/Выручка по ДЗО/2025 список' successfully

28-03-2025T09:33:19 - [TEST_STEP][PASSED] - click(findTestObject("Выручка по ДЗО/2025 список")): Object: 'Object Repository/Выручка по ДЗО/2025 список' is clicked on

28-03-2025T09:33:19 - [MESSAGE][PASSED] - Object: 'Object Repository/Выручка по ДЗО/2025 список' is clicked on

28-03-2025T09:33:19 - [TEST_STEP][PASSED] - scrollToElement(findTestObject("Выручка по ДЗО/1 квартал 2025 список"), 30): Scroll to object 'Object Repository/Выручка по ДЗО/1 квартал 2025 список' successfully

28-03-2025T09:33:20 - [MESSAGE][PASSED] - Scroll to object 'Object Repository/Выручка по ДЗО/1 квартал 2025 список' successfully

28-03-2025T09:33:20 - [TEST_STEP][PASSED] - click(findTestObject("Выручка по ДЗО/1 квартал 2025 список"), CONTINUE_ON_FAILURE): Object: 'Object Repository/Выручка по ДЗО/1 квартал 2025 список' is clicked on

28-03-2025T09:33:20 - [MESSAGE][PASSED] - Object: 'Object Repository/Выручка по ДЗО/1 квартал 2025 список' is clicked on

28-03-2025T09:33:20 - [TEST_STEP][PASSED] - scrollToElement(findTestObject("Выручка по ДЗО/Январь 2025"), 30): Scroll to object 'Object Repository/Выручка по ДЗО/Январь 2025' successfully

28-03-2025T09:33:20 - [MESSAGE][PASSED] - Scroll to object 'Object Repository/Выручка по ДЗО/Январь 2025' successfully

28-03-2025T09:33:20 - [TEST_STEP][PASSED] - click(findTestObject("Выручка по ДЗО/Январь 2025"), CONTINUE_ON_FAILURE): Object: 'Object Repository/Выручка по ДЗО/Январь 2025' is clicked on

28-03-2025T09:33:21 - [MESSAGE][PASSED] - Object: 'Object Repository/Выручка по ДЗО/Январь 2025' is clicked on

28-03-2025T09:33:21 - [TEST_STEP][PASSED] - scrollToElement(findTestObject("Выручка по ДЗО/Заголовок дашборда"), 30): Scroll to object 'Object Repository/Выручка по ДЗО/Заголовок дашборда' successfully

28-03-2025T09:33:21 - [MESSAGE][PASSED] - Scroll to object 'Object Repository/Выручка по ДЗО/Заголовок дашборда' successfully

28-03-2025T09:33:21 - [TEST_STEP][PASSED] - click(findTestObject("Выручка по ДЗО/Применить в фильтре Дата")): Object: 'Object Repository/Выручка по ДЗО/Применить в фильтре Дата' is clicked on

28-03-2025T09:33:22 - [MESSAGE][PASSED] - Object: 'Object Repository/Выручка по ДЗО/Применить в фильтре Дата' is clicked on

28-03-2025T09:33:22 - [TEST_STEP][PASSED] - a3 = "": null

28-03-2025T09:33:22 - [TEST_STEP][PASSED] - a4 = "": null

28-03-2025T09:33:22 - [TEST_STEP][PASSED] - a5 = "": null

28-03-2025T09:33:22 - [TEST_STEP][PASSED] - a6 = "": null

28-03-2025T09:33:22 - [TEST_STEP][PASSED] - a7 = "": null

28-03-2025T09:33:22 - [TEST_STEP][PASSED] - a8 = "": null

28-03-2025T09:33:22 - [TEST_STEP][PASSED] - a9 = "": null

28-03-2025T09:33:22 - [TEST_STEP][PASSED] - if (run == 1): null

28-03-2025T09:33:22 - [TEST_STEP][PASSED] - user = "админ": null

28-03-2025T09:33:22 - [TEST_STEP][PASSED] - a1 = getText(findTestObject("Выручка по ДЗО/График1 Выполнение плановых показателей Блок руководителя")): Text of object 'Object Repository/Выручка по ДЗО/График1 Выполнение плановых показателей Блок руководителя' is: '2 275 2 275
251 251
545 545
10 863 10 863
7 813 7 813
11 645 11 645
22 423 22 423
4 405 4 405
7 066 7 066
10 948 10 948
1 091 1 091
10 368 10 368
10 920 10 920
28 393 28 393
12 599 12 599
13 668 13 668
7 039 7 039
1 064 1 064
2 202 2 202
274 274
463 463
10 568 10 568
7 759 7 759
11 241 11 241
21 497 21 497
3 799 3 799
6 815 6 815
11 296 11 296
1 034 1 034
9 265 9 265
10 446 10 446
28 334 28 334
11 924 11 924
13 055 13 055
6 848 6 848
1 045 1 045
План
Факт
АО "РЭС"
АО «Тываэнерго»
АО «Чеченэнерго»
Россети Волга
Россети Кубань
Россети Ленэнерго (ГК)
Россети Московский регион
Россети Северный Кавказ (ГК)
Россети Северо-Запад
Россети Сибирь (ГК)
Россети Томск
Россети Тюмень
Россети Урал (ГК)
Россети ФСК ЕЭС
Россети Центр
Россети Центр и Приволжье (ГК)
Россети Юг (ГК)
Россети Янтарь
0 млн. руб.
2 500 млн. руб.
5 000 млн. руб.
7 500 млн. руб.
10 000 млн. руб.
12 500 млн. руб.
15 000 млн. руб.
17 500 млн. руб.
20 000 млн. руб.
22 500 млн. руб.
25 000 млн. руб.
27 500 млн. руб.
30 000 млн. руб.'

28-03-2025T09:33:22 - [MESSAGE][PASSED] - Text of object 'Object Repository/Выручка по ДЗО/График1 Выполнение плановых показателей Блок руководителя' is: '2 275 2 275
251 251
545 545
10 863 10 863
7 813 7 813
11 645 11 645
22 423 22 423
4 405 4 405
7 066 7 066
10 948 10 948
1 091 1 091
10 368 10 368
10 920 10 920
28 393 28 393
12 599 12 599
13 668 13 668
7 039 7 039
1 064 1 064
2 202 2 202
274 274
463 463
10 568 10 568
7 759 7 759
11 241 11 241
21 497 21 497
3 799 3 799
6 815 6 815
11 296 11 296
1 034 1 034
9 265 9 265
10 446 10 446
28 334 28 334
11 924 11 924
13 055 13 055
6 848 6 848
1 045 1 045
План
Факт
АО "РЭС"
АО «Тываэнерго»
АО «Чеченэнерго»
Россети Волга
Россети Кубань
Россети Ленэнерго (ГК)
Россети Московский регион
Россети Северный Кавказ (ГК)
Россети Северо-Запад
Россети Сибирь (ГК)
Россети Томск
Россети Тюмень
Россети Урал (ГК)
Россети ФСК ЕЭС
Россети Центр
Россети Центр и Приволжье (ГК)
Россети Юг (ГК)
Россети Янтарь
0 млн. руб.
2 500 млн. руб.
5 000 млн. руб.
7 500 млн. руб.
10 000 млн. руб.
12 500 млн. руб.
15 000 млн. руб.
17 500 млн. руб.
20 000 млн. руб.
22 500 млн. руб.
25 000 млн. руб.
27 500 млн. руб.
30 000 млн. руб.'

28-03-2025T09:33:22 - [TEST_STEP][PASSED] - a2 = getText(findTestObject("Выручка по ДЗО/График2 Выполнение плановых показателей Блок руководителя")): Text of object 'Object Repository/Выручка по ДЗО/График2 Выполнение плановых показателей Блок руководителя' is: '1,4%1,4%
0,17%0,17%
0,29%0,29%
6,69%6,69%
4,92%4,92%
7,12%7,12%
13,62%13,62%
2,41%2,41%
4,32%4,32%
7,16%7,16%
0,65%0,65%
5,87%5,87%
6,62%6,62%
17,95%17,95%
7,55%7,55%
8,27%8,27%
4,34%4,34%
0,66%0,66%
АО "РЭС"
АО «Тываэнерго»
АО «Чеченэнерго»
Россети Волга
Россети Кубань
Россети Ленэнерго (ГК)
Россети Московский регион
Россети Северный Кавказ (ГК)
Россети Северо-Запад
Россети Сибирь (ГК)
Россети Томск
Россети Тюмень
Россети Урал (ГК)
Россети ФСК ЕЭС
Россети Центр
Россети Центр и Приволжье (ГК)
Россети Юг (ГК)
Россети Янтарь
Россети Центр и Приволжье (ГК): 13 054 893,11'

28-03-2025T09:33:23 - [MESSAGE][PASSED] - Text of object 'Object Repository/Выручка по ДЗО/График2 Выполнение плановых показателей Блок руководителя' is: '1,4%1,4%
0,17%0,17%
0,29%0,29%
6,69%6,69%
4,92%4,92%
7,12%7,12%
13,62%13,62%
2,41%2,41%
4,32%4,32%
7,16%7,16%
0,65%0,65%
5,87%5,87%
6,62%6,62%
17,95%17,95%
7,55%7,55%
8,27%8,27%
4,34%4,34%
0,66%0,66%
АО "РЭС"
АО «Тываэнерго»
АО «Чеченэнерго»
Россети Волга
Россети Кубань
Россети Ленэнерго (ГК)
Россети Московский регион
Россети Северный Кавказ (ГК)
Россети Северо-Запад
Россети Сибирь (ГК)
Россети Томск
Россети Тюмень
Россети Урал (ГК)
Россети ФСК ЕЭС
Россети Центр
Россети Центр и Приволжье (ГК)
Россети Юг (ГК)
Россети Янтарь
Россети Центр и Приволжье (ГК): 13 054 893,11'

28-03-2025T09:33:23 - [TEST_STEP][PASSED] - a2 = indexOf("АО «Тываэнерго»")).replaceAll("[а-яА-Я]", ""): null

28-03-2025T09:33:23 - [TEST_STEP][PASSED] - n = n + 27: null

28-03-2025T09:33:23 - [TEST_STEP][PASSED] - Script1686231490255.WriteToExcel(user, dashboardName, n, data, run, a1, a2, a3, a4, a5, a6, a7, a8, a9): null

28-03-2025T09:33:23 - [TEST_STEP][PASSED] - sheetName = "Sheet1": null

28-03-2025T09:33:23 - [TEST_STEP][PASSED] - workbook01 = getWorkbook(excelFilePath): null

28-03-2025T09:33:23 - [TEST_STEP][PASSED] - sheet01 = getExcelSheet(workbook01, sheetName): null

28-03-2025T09:33:23 - [TEST_STEP][PASSED] - setValueToCellByIndex(sheet01, n, 0, dashboardName): null

28-03-2025T09:33:23 - [TEST_STEP][PASSED] - setValueToCellByIndex(sheet01, n, 10, user): null

28-03-2025T09:33:23 - [TEST_STEP][PASSED] - setValueToCellByIndex(sheet01, n, 1, a1): null

28-03-2025T09:33:23 - [TEST_STEP][PASSED] - setValueToCellByIndex(sheet01, n, 2, a2): null

28-03-2025T09:33:23 - [TEST_STEP][PASSED] - setValueToCellByIndex(sheet01, n, 3, a3): null

28-03-2025T09:33:23 - [TEST_STEP][PASSED] - setValueToCellByIndex(sheet01, n, 4, a4): null

28-03-2025T09:33:23 - [TEST_STEP][PASSED] - setValueToCellByIndex(sheet01, n, 5, a5): null

28-03-2025T09:33:23 - [TEST_STEP][PASSED] - setValueToCellByIndex(sheet01, n, 6, a6): null

28-03-2025T09:33:23 - [TEST_STEP][PASSED] - setValueToCellByIndex(sheet01, n, 7, a7): null

28-03-2025T09:33:23 - [TEST_STEP][PASSED] - setValueToCellByIndex(sheet01, n, 8, a8): null

28-03-2025T09:33:23 - [TEST_STEP][PASSED] - setValueToCellByIndex(sheet01, n, 9, a9): null

28-03-2025T09:33:23 - [TEST_STEP][PASSED] - n = n + 1: null

28-03-2025T09:33:23 - [TEST_STEP][PASSED] - saveWorkbook(excelFilePath, workbook01): null

28-03-2025T09:33:23 - [TEST_STEP][PASSED] - if (run == 2): null

28-03-2025T09:33:23 - [TEST_STEP][PASSED] - if (run == 3): null

28-03-2025T09:33:23 - [TEST_STEP][PASSED] - closeBrowser(): null

28-03-2025T09:33:23 - [MESSAGE][PASSED] - Browser is closed

28-03-2025T09:33:23 - [TEST_STEP][PASSED] - ViruchkaPoDZO(user, dashboardName, n, data, run, a1, a2, a3, a4, a5, a6, a7, a8, a9, urlData): null

28-03-2025T09:33:23 - [TEST_STEP][PASSED] - n = data.getRowNumbers() + 1: null

28-03-2025T09:33:23 - [TEST_STEP][PASSED] - println(n): null

28-03-2025T09:33:23 - [TEST_STEP][PASSED] - dashboardName = "Выручка по ДЗО": null

28-03-2025T09:33:23 - [TEST_STEP][PASSED] - openBrowser(""): Browser is opened with url: ''

28-03-2025T09:33:23 - [MESSAGE][INFO] - Starting 'Chrome' driver

28-03-2025T09:33:23 - [MESSAGE][INFO] - Action delay is set to 0 milliseconds

28-03-2025T09:33:24 - [MESSAGE][PASSED] - Browser is opened with url: ''

28-03-2025T09:33:24 - [TEST_STEP][PASSED] - urlData = 5: null

28-03-2025T09:33:24 - [TEST_STEP][PASSED] - Script1686231490255.CheckPageDownload(urlData, run): null

28-03-2025T09:33:24 - [TEST_STEP][PASSED] - i = 1: null

28-03-2025T09:33:24 - [TEST_STEP][PASSED] - ii = 0: null

28-03-2025T09:33:24 - [TEST_STEP][PASSED] - urlText = <not implemented yet for class: org.codehaus.groovy.ast.expr.EmptyExpression>: null

28-03-2025T09:33:24 - [TEST_STEP][PASSED] - searchWord = <not implemented yet for class: org.codehaus.groovy.ast.expr.EmptyExpression>: null

28-03-2025T09:33:24 - [TEST_STEP][PASSED] - deleteAllCookies(): Delete all cookies successfully

28-03-2025T09:33:24 - [MESSAGE][PASSED] - Delete all cookies successfully

28-03-2025T09:33:24 - [TEST_STEP][PASSED] - refresh(): Refresh successfully

28-03-2025T09:33:24 - [MESSAGE][PASSED] - Refresh successfully

28-03-2025T09:33:24 - [TEST_STEP][PASSED] - delay(70): Delayed 70 second(s)

28-03-2025T09:34:34 - [MESSAGE][PASSED] - Delayed 70 second(s)

28-03-2025T09:34:34 - [TEST_STEP][PASSED] - navigateToUrl(findTestData("PlanFact").getValue(10, urlData)): Navigate to 'https://bi.rosseti.digital/viewer?dashboardGuid=2301950b23be4ed89c1df75f2020051e&sheetGuid=31530aa0b6664c09b016b7f2ab9d853e&fit=true' successfully

28-03-2025T09:34:44 - [MESSAGE][PASSED] - Navigate to 'https://bi.rosseti.digital/viewer?dashboardGuid=2301950b23be4ed89c1df75f2020051e&sheetGuid=31530aa0b6664c09b016b7f2ab9d853e&fit=true' successfully

28-03-2025T09:34:44 - [TEST_STEP][PASSED] - pageLoaded1 = verifyElementPresent(findTestObject("Страница авторизации/Text"), 30): Object 'Object Repository/Страница авторизации/Text' is present

28-03-2025T09:34:45 - [MESSAGE][PASSED] - Object 'Object Repository/Страница авторизации/Text' is present

28-03-2025T09:34:45 - [TEST_STEP][PASSED] - if (pageLoaded1 == false): null

28-03-2025T09:34:45 - [TEST_STEP][PASSED] - urlText = getText(findTestObject("Страница авторизации/Text")): Text of object 'Object Repository/Страница авторизации/Text' is: 'Вход'

28-03-2025T09:34:45 - [MESSAGE][PASSED] - Text of object 'Object Repository/Страница авторизации/Text' is: 'Вход'

28-03-2025T09:34:45 - [TEST_STEP][PASSED] - delay(70): Delayed 70 second(s)

28-03-2025T09:35:55 - [MESSAGE][PASSED] - Delayed 70 second(s)

28-03-2025T09:35:55 - [TEST_STEP][PASSED] - searchWord = "Вход": null

28-03-2025T09:35:55 - [TEST_STEP][PASSED] - if (urlText.contains(searchWord) == false): null

28-03-2025T09:35:55 - [TEST_STEP][PASSED] - setText(findTestObject("Страница авторизации/input__username"), findTestData("PlanFact").getValue(8, run)): Text 'Andreeva-EV' is set on object 'Object Repository/Страница авторизации/input__username'

28-03-2025T09:35:56 - [MESSAGE][PASSED] - Text 'Andreeva-EV' is set on object 'Object Repository/Страница авторизации/input__username'

28-03-2025T09:35:56 - [TEST_STEP][PASSED] - setText(findTestObject("Страница авторизации/input__password"), findTestData("PlanFact").getValue(9, run)): Text '2nPePKDwCPH3ul7xMZ' is set on object 'Object Repository/Страница авторизации/input__password'

28-03-2025T09:35:57 - [MESSAGE][PASSED] - Text '2nPePKDwCPH3ul7xMZ' is set on object 'Object Repository/Страница авторизации/input__password'

28-03-2025T09:35:57 - [TEST_STEP][PASSED] - click(findTestObject("Страница авторизации/button_")): Object: 'Object Repository/Страница авторизации/button_' is clicked on

28-03-2025T09:35:58 - [MESSAGE][PASSED] - Object: 'Object Repository/Страница авторизации/button_' is clicked on

28-03-2025T09:35:58 - [TEST_STEP][PASSED] - delay(70): Delayed 70 second(s)

28-03-2025T09:37:08 - [MESSAGE][PASSED] - Delayed 70 second(s)

28-03-2025T09:37:08 - [TEST_STEP][PASSED] - searchWord = "а": null

28-03-2025T09:37:08 - [TEST_STEP][PASSED] - pageLoaded2 = verifyElementPresent(findTestObject("Страница авторизации/Text"), 50): Object 'Object Repository/Страница авторизации/Text' is present

28-03-2025T09:37:09 - [MESSAGE][PASSED] - Object 'Object Repository/Страница авторизации/Text' is present

28-03-2025T09:37:09 - [TEST_STEP][PASSED] - if (pageLoaded2 == false): null

28-03-2025T09:37:09 - [TEST_STEP][PASSED] - urlText = getText(findTestObject("Страница авторизации/Text")): Text of object 'Object Repository/Страница авторизации/Text' is: 'Период
Январь, Февраль 2025 года
Выручка
Все
ДЗО 
ПАО Россети
Выручка по ДЗО
Выполнение плановых показателей по ПАО Россети за Январь, Февраль 2025 года
4 519 4 519
502 502
996 996
21 214 21 214
14 811 14 811
22 696 22 696
44 071 44 071
8 507 8 507
13 531 13 531
21 439 21 439
2 085 2 085
19 672 19 672
21 232 21 232
56 718 56 718
24 154 24 154
26 249 26 249
13 605 13 605
2 023 2 023
4 350 4 350
274 274
920 920
20 161 20 161
15 363 15 363
22 452 22 452
42 719 42 719
7 703 7 703
13 299 13 299
13 940 13 940
2 038 2 038
9 265 9 265
20 531 20 531
28 334 28 334
23 634 23 634
26 053 26 053
13 673 13 673
2 073 2 073
План
Факт
АО "РЭС"
АО «Тываэнерго»
АО «Чеченэнерго»
Россети Волга
Россети Кубань
Россети Ленэнерго (ГК)
Россети Московский регион
Россети Северный Кавказ (ГК)
Россети Северо-Запад
Россети Сибирь (ГК)
Россети Томск
Россети Тюмень
Россети Урал (ГК)
Россети ФСК ЕЭС
Россети Центр
Россети Центр и Приволжье (ГК)
Россети Юг (ГК)
Россети Янтарь
0 млн. руб.
5 000 млн. руб.
10 000 млн. руб.
15 000 млн. руб.
20 000 млн. руб.
25 000 млн. руб.
30 000 млн. руб.
35 000 млн. руб.
40 000 млн. руб.
45 000 млн. руб.
50 000 млн. руб.
55 000 млн. руб.
60 000 млн. руб.
Выполнение плановых показателей по ПАО Россети за Январь, Февраль 2025 года
1,63%1,63%
0,1%0,1%
0,34%0,34%
7,56%7,56%
5,76%5,76%
8,42%8,42%
16,01%16,01%
2,89%2,89%
4,98%4,98%
5,23%5,23%
0,76%0,76%
3,47%3,47%
7,7%7,7%
10,62%10,62%
8,86%8,86%
9,77%9,77%
5,13%5,13%
0,78%0,78%
АО "РЭС"
АО «Тываэнерго»
АО «Чеченэнерго»
Россети Волга
Россети Кубань
Россети Ленэнерго (ГК)
Россети Московский регион
Россети Северный Кавказ (ГК)
Россети Северо-Запад
Россети Сибирь (ГК)
Россети Томск
Россети Тюмень
Россети Урал (ГК)
Россети ФСК ЕЭС
Россети Центр
Россети Центр и Приволжье (ГК)
Россети Юг (ГК)
Россети Янтарь'

28-03-2025T09:37:09 - [MESSAGE][PASSED] - Text of object 'Object Repository/Страница авторизации/Text' is: 'Период
Январь, Февраль 2025 года
Выручка
Все
ДЗО 
ПАО Россети
Выручка по ДЗО
Выполнение плановых показателей по ПАО Россети за Январь, Февраль 2025 года
4 519 4 519
502 502
996 996
21 214 21 214
14 811 14 811
22 696 22 696
44 071 44 071
8 507 8 507
13 531 13 531
21 439 21 439
2 085 2 085
19 672 19 672
21 232 21 232
56 718 56 718
24 154 24 154
26 249 26 249
13 605 13 605
2 023 2 023
4 350 4 350
274 274
920 920
20 161 20 161
15 363 15 363
22 452 22 452
42 719 42 719
7 703 7 703
13 299 13 299
13 940 13 940
2 038 2 038
9 265 9 265
20 531 20 531
28 334 28 334
23 634 23 634
26 053 26 053
13 673 13 673
2 073 2 073
План
Факт
АО "РЭС"
АО «Тываэнерго»
АО «Чеченэнерго»
Россети Волга
Россети Кубань
Россети Ленэнерго (ГК)
Россети Московский регион
Россети Северный Кавказ (ГК)
Россети Северо-Запад
Россети Сибирь (ГК)
Россети Томск
Россети Тюмень
Россети Урал (ГК)
Россети ФСК ЕЭС
Россети Центр
Россети Центр и Приволжье (ГК)
Россети Юг (ГК)
Россети Янтарь
0 млн. руб.
5 000 млн. руб.
10 000 млн. руб.
15 000 млн. руб.
20 000 млн. руб.
25 000 млн. руб.
30 000 млн. руб.
35 000 млн. руб.
40 000 млн. руб.
45 000 млн. руб.
50 000 млн. руб.
55 000 млн. руб.
60 000 млн. руб.
Выполнение плановых показателей по ПАО Россети за Январь, Февраль 2025 года
1,63%1,63%
0,1%0,1%
0,34%0,34%
7,56%7,56%
5,76%5,76%
8,42%8,42%
16,01%16,01%
2,89%2,89%
4,98%4,98%
5,23%5,23%
0,76%0,76%
3,47%3,47%
7,7%7,7%
10,62%10,62%
8,86%8,86%
9,77%9,77%
5,13%5,13%
0,78%0,78%
АО "РЭС"
АО «Тываэнерго»
АО «Чеченэнерго»
Россети Волга
Россети Кубань
Россети Ленэнерго (ГК)
Россети Московский регион
Россети Северный Кавказ (ГК)
Россети Северо-Запад
Россети Сибирь (ГК)
Россети Томск
Россети Тюмень
Россети Урал (ГК)
Россети ФСК ЕЭС
Россети Центр
Россети Центр и Приволжье (ГК)
Россети Юг (ГК)
Россети Янтарь'

28-03-2025T09:37:09 - [TEST_STEP][PASSED] - if (urlText.contains("ошибка") || urlText.contains(searchWord) == false): null

28-03-2025T09:37:09 - [TEST_STEP][PASSED] - click(findTestObject("Выручка по ДЗО/Фильтр Дата")): Object: 'Object Repository/Выручка по ДЗО/Фильтр Дата' is clicked on

28-03-2025T09:37:10 - [MESSAGE][PASSED] - Object: 'Object Repository/Выручка по ДЗО/Фильтр Дата' is clicked on

28-03-2025T09:37:10 - [TEST_STEP][PASSED] - click(findTestObject("Выручка по ДЗО/Снять выделение в фильтре Дата")): Object: 'Object Repository/Выручка по ДЗО/Снять выделение в фильтре Дата' is clicked on

28-03-2025T09:37:10 - [MESSAGE][PASSED] - Object: 'Object Repository/Выручка по ДЗО/Снять выделение в фильтре Дата' is clicked on

28-03-2025T09:37:10 - [TEST_STEP][PASSED] - click(findTestObject("Выручка по ДЗО/Применить в фильтре Дата")): Object: 'Object Repository/Выручка по ДЗО/Применить в фильтре Дата' is clicked on

28-03-2025T09:37:11 - [MESSAGE][PASSED] - Object: 'Object Repository/Выручка по ДЗО/Применить в фильтре Дата' is clicked on

28-03-2025T09:37:11 - [TEST_STEP][PASSED] - click(findTestObject("Выручка по ДЗО/Фильтр Дата")): Object: 'Object Repository/Выручка по ДЗО/Фильтр Дата' is clicked on

28-03-2025T09:37:12 - [MESSAGE][PASSED] - Object: 'Object Repository/Выручка по ДЗО/Фильтр Дата' is clicked on

28-03-2025T09:37:12 - [TEST_STEP][PASSED] - click(findTestObject("Выручка по ДЗО/Снять выделение в фильтре Дата")): Object: 'Object Repository/Выручка по ДЗО/Снять выделение в фильтре Дата' is clicked on

28-03-2025T09:37:13 - [MESSAGE][PASSED] - Object: 'Object Repository/Выручка по ДЗО/Снять выделение в фильтре Дата' is clicked on

28-03-2025T09:37:13 - [TEST_STEP][PASSED] - scrollToElement(findTestObject("Выручка по ДЗО/2025 список"), 30): Scroll to object 'Object Repository/Выручка по ДЗО/2025 список' successfully

28-03-2025T09:37:13 - [MESSAGE][PASSED] - Scroll to object 'Object Repository/Выручка по ДЗО/2025 список' successfully

28-03-2025T09:37:13 - [TEST_STEP][PASSED] - click(findTestObject("Выручка по ДЗО/2025 список")): Object: 'Object Repository/Выручка по ДЗО/2025 список' is clicked on

28-03-2025T09:37:13 - [MESSAGE][PASSED] - Object: 'Object Repository/Выручка по ДЗО/2025 список' is clicked on

28-03-2025T09:37:13 - [TEST_STEP][PASSED] - scrollToElement(findTestObject("Выручка по ДЗО/1 квартал 2025 список"), 30): Scroll to object 'Object Repository/Выручка по ДЗО/1 квартал 2025 список' successfully

28-03-2025T09:37:14 - [MESSAGE][PASSED] - Scroll to object 'Object Repository/Выручка по ДЗО/1 квартал 2025 список' successfully

28-03-2025T09:37:14 - [TEST_STEP][PASSED] - click(findTestObject("Выручка по ДЗО/1 квартал 2025 список"), CONTINUE_ON_FAILURE): Object: 'Object Repository/Выручка по ДЗО/1 квартал 2025 список' is clicked on

28-03-2025T09:37:14 - [MESSAGE][PASSED] - Object: 'Object Repository/Выручка по ДЗО/1 квартал 2025 список' is clicked on

28-03-2025T09:37:14 - [TEST_STEP][PASSED] - scrollToElement(findTestObject("Выручка по ДЗО/Январь 2025"), 30): Scroll to object 'Object Repository/Выручка по ДЗО/Январь 2025' successfully

28-03-2025T09:37:14 - [MESSAGE][PASSED] - Scroll to object 'Object Repository/Выручка по ДЗО/Январь 2025' successfully

28-03-2025T09:37:14 - [TEST_STEP][PASSED] - click(findTestObject("Выручка по ДЗО/Январь 2025"), CONTINUE_ON_FAILURE): Object: 'Object Repository/Выручка по ДЗО/Январь 2025' is clicked on

28-03-2025T09:37:15 - [MESSAGE][PASSED] - Object: 'Object Repository/Выручка по ДЗО/Январь 2025' is clicked on

28-03-2025T09:37:15 - [TEST_STEP][PASSED] - scrollToElement(findTestObject("Выручка по ДЗО/Заголовок дашборда"), 30): Scroll to object 'Object Repository/Выручка по ДЗО/Заголовок дашборда' successfully

28-03-2025T09:37:15 - [MESSAGE][PASSED] - Scroll to object 'Object Repository/Выручка по ДЗО/Заголовок дашборда' successfully

28-03-2025T09:37:15 - [TEST_STEP][PASSED] - click(findTestObject("Выручка по ДЗО/Применить в фильтре Дата")): Object: 'Object Repository/Выручка по ДЗО/Применить в фильтре Дата' is clicked on

28-03-2025T09:37:16 - [MESSAGE][PASSED] - Object: 'Object Repository/Выручка по ДЗО/Применить в фильтре Дата' is clicked on

28-03-2025T09:37:16 - [TEST_STEP][PASSED] - a3 = "": null

28-03-2025T09:37:16 - [TEST_STEP][PASSED] - a4 = "": null

28-03-2025T09:37:16 - [TEST_STEP][PASSED] - a5 = "": null

28-03-2025T09:37:16 - [TEST_STEP][PASSED] - a6 = "": null

28-03-2025T09:37:16 - [TEST_STEP][PASSED] - a7 = "": null

28-03-2025T09:37:16 - [TEST_STEP][PASSED] - a8 = "": null

28-03-2025T09:37:16 - [TEST_STEP][PASSED] - a9 = "": null

28-03-2025T09:37:16 - [TEST_STEP][PASSED] - if (run == 1): null

28-03-2025T09:37:16 - [TEST_STEP][PASSED] - if (run == 2): null

28-03-2025T09:37:16 - [TEST_STEP][PASSED] - user = "Андреева": null

28-03-2025T09:37:16 - [TEST_STEP][PASSED] - a1 = getText(findTestObject("Выручка по ДЗО/График1 Выполнение плановых показателей Блок руководителя")): Text of object 'Object Repository/Выручка по ДЗО/График1 Выполнение плановых показателей Блок руководителя' is: '2 275 2 275
251 251
545 545
10 863 10 863
7 813 7 813
11 645 11 645
22 423 22 423
4 405 4 405
7 066 7 066
10 948 10 948
1 091 1 091
10 368 10 368
10 920 10 920
28 393 28 393
12 599 12 599
13 668 13 668
7 039 7 039
1 064 1 064
2 202 2 202
274 274
463 463
10 568 10 568
7 759 7 759
11 241 11 241
21 497 21 497
3 799 3 799
6 815 6 815
11 296 11 296
1 034 1 034
9 265 9 265
10 446 10 446
28 334 28 334
11 924 11 924
13 055 13 055
6 848 6 848
1 045 1 045
План
Факт
АО "РЭС"
АО «Тываэнерго»
АО «Чеченэнерго»
Россети Волга
Россети Кубань
Россети Ленэнерго (ГК)
Россети Московский регион
Россети Северный Кавказ (ГК)
Россети Северо-Запад
Россети Сибирь (ГК)
Россети Томск
Россети Тюмень
Россети Урал (ГК)
Россети ФСК ЕЭС
Россети Центр
Россети Центр и Приволжье (ГК)
Россети Юг (ГК)
Россети Янтарь
0 млн. руб.
2 500 млн. руб.
5 000 млн. руб.
7 500 млн. руб.
10 000 млн. руб.
12 500 млн. руб.
15 000 млн. руб.
17 500 млн. руб.
20 000 млн. руб.
22 500 млн. руб.
25 000 млн. руб.
27 500 млн. руб.
30 000 млн. руб.'

28-03-2025T09:37:17 - [MESSAGE][PASSED] - Text of object 'Object Repository/Выручка по ДЗО/График1 Выполнение плановых показателей Блок руководителя' is: '2 275 2 275
251 251
545 545
10 863 10 863
7 813 7 813
11 645 11 645
22 423 22 423
4 405 4 405
7 066 7 066
10 948 10 948
1 091 1 091
10 368 10 368
10 920 10 920
28 393 28 393
12 599 12 599
13 668 13 668
7 039 7 039
1 064 1 064
2 202 2 202
274 274
463 463
10 568 10 568
7 759 7 759
11 241 11 241
21 497 21 497
3 799 3 799
6 815 6 815
11 296 11 296
1 034 1 034
9 265 9 265
10 446 10 446
28 334 28 334
11 924 11 924
13 055 13 055
6 848 6 848
1 045 1 045
План
Факт
АО "РЭС"
АО «Тываэнерго»
АО «Чеченэнерго»
Россети Волга
Россети Кубань
Россети Ленэнерго (ГК)
Россети Московский регион
Россети Северный Кавказ (ГК)
Россети Северо-Запад
Россети Сибирь (ГК)
Россети Томск
Россети Тюмень
Россети Урал (ГК)
Россети ФСК ЕЭС
Россети Центр
Россети Центр и Приволжье (ГК)
Россети Юг (ГК)
Россети Янтарь
0 млн. руб.
2 500 млн. руб.
5 000 млн. руб.
7 500 млн. руб.
10 000 млн. руб.
12 500 млн. руб.
15 000 млн. руб.
17 500 млн. руб.
20 000 млн. руб.
22 500 млн. руб.
25 000 млн. руб.
27 500 млн. руб.
30 000 млн. руб.'

28-03-2025T09:37:17 - [TEST_STEP][PASSED] - a2 = getText(findTestObject("Выручка по ДЗО/График2 Выполнение плановых показателей Блок руководителя")): Text of object 'Object Repository/Выручка по ДЗО/График2 Выполнение плановых показателей Блок руководителя' is: '1,4%1,4%
0,17%0,17%
0,29%0,29%
6,69%6,69%
4,92%4,92%
7,12%7,12%
13,62%13,62%
2,41%2,41%
4,32%4,32%
7,16%7,16%
0,65%0,65%
5,87%5,87%
6,62%6,62%
17,95%17,95%
7,55%7,55%
8,27%8,27%
4,34%4,34%
0,66%0,66%
АО "РЭС"
АО «Тываэнерго»
АО «Чеченэнерго»
Россети Волга
Россети Кубань
Россети Ленэнерго (ГК)
Россети Московский регион
Россети Северный Кавказ (ГК)
Россети Северо-Запад
Россети Сибирь (ГК)
Россети Томск
Россети Тюмень
Россети Урал (ГК)
Россети ФСК ЕЭС
Россети Центр
Россети Центр и Приволжье (ГК)
Россети Юг (ГК)
Россети Янтарь
Россети Центр и Приволжье (ГК): 13 054 893,11'

28-03-2025T09:37:17 - [MESSAGE][PASSED] - Text of object 'Object Repository/Выручка по ДЗО/График2 Выполнение плановых показателей Блок руководителя' is: '1,4%1,4%
0,17%0,17%
0,29%0,29%
6,69%6,69%
4,92%4,92%
7,12%7,12%
13,62%13,62%
2,41%2,41%
4,32%4,32%
7,16%7,16%
0,65%0,65%
5,87%5,87%
6,62%6,62%
17,95%17,95%
7,55%7,55%
8,27%8,27%
4,34%4,34%
0,66%0,66%
АО "РЭС"
АО «Тываэнерго»
АО «Чеченэнерго»
Россети Волга
Россети Кубань
Россети Ленэнерго (ГК)
Россети Московский регион
Россети Северный Кавказ (ГК)
Россети Северо-Запад
Россети Сибирь (ГК)
Россети Томск
Россети Тюмень
Россети Урал (ГК)
Россети ФСК ЕЭС
Россети Центр
Россети Центр и Приволжье (ГК)
Россети Юг (ГК)
Россети Янтарь
Россети Центр и Приволжье (ГК): 13 054 893,11'

28-03-2025T09:37:17 - [TEST_STEP][PASSED] - a2 = indexOf("АО «Тываэнерго»")).replaceAll("[а-яА-Я]", ""): null

28-03-2025T09:37:17 - [TEST_STEP][PASSED] - n = n + 28: null

28-03-2025T09:37:17 - [TEST_STEP][PASSED] - b = n - run + 1: null

28-03-2025T09:37:17 - [TEST_STEP][PASSED] - verifyEqual(findTestData("PlanFact").getValue(2, b), a1): Actual object '2 275 2 275
251 251
545 545
10 863 10 863
7 813 7 813
11 645 11 645
22 423 22 423
4 405 4 405
7 066 7 066
10 948 10 948
1 091 1 091
10 368 10 368
10 920 10 920
28 393 28 393
12 599 12 599
13 668 13 668
7 039 7 039
1 064 1 064
2 202 2 202
274 274
463 463
10 568 10 568
7 759 7 759
11 241 11 241
21 497 21 497
3 799 3 799
6 815 6 815
11 296 11 296
1 034 1 034
9 265 9 265
10 446 10 446
28 334 28 334
11 924 11 924
13 055 13 055
6 848 6 848
1 045 1 045
План
Факт
АО "РЭС"
АО «Тываэнерго»
АО «Чеченэнерго»
Россети Волга
Россети Кубань
Россети Ленэнерго (ГК)
Россети Московский регион
Россети Северный Кавказ (ГК)
Россети Северо-Запад
Россети Сибирь (ГК)
Россети Томск
Россети Тюмень
Россети Урал (ГК)
Россети ФСК ЕЭС
Россети Центр
Россети Центр и Приволжье (ГК)
Россети Юг (ГК)
Россети Янтарь
0 млн. руб.
2 500 млн. руб.
5 000 млн. руб.
7 500 млн. руб.
10 000 млн. руб.
12 500 млн. руб.
15 000 млн. руб.
17 500 млн. руб.
20 000 млн. руб.
22 500 млн. руб.
25 000 млн. руб.
27 500 млн. руб.
30 000 млн. руб.' and expected object '2 275 2 275
251 251
545 545
10 863 10 863
7 813 7 813
11 645 11 645
22 423 22 423
4 405 4 405
7 066 7 066
10 948 10 948
1 091 1 091
10 368 10 368
10 920 10 920
28 393 28 393
12 599 12 599
13 668 13 668
7 039 7 039
1 064 1 064
2 202 2 202
274 274
463 463
10 568 10 568
7 759 7 759
11 241 11 241
21 497 21 497
3 799 3 799
6 815 6 815
11 296 11 296
1 034 1 034
9 265 9 265
10 446 10 446
28 334 28 334
11 924 11 924
13 055 13 055
6 848 6 848
1 045 1 045
План
Факт
АО "РЭС"
АО «Тываэнерго»
АО «Чеченэнерго»
Россети Волга
Россети Кубань
Россети Ленэнерго (ГК)
Россети Московский регион
Россети Северный Кавказ (ГК)
Россети Северо-Запад
Россети Сибирь (ГК)
Россети Томск
Россети Тюмень
Россети Урал (ГК)
Россети ФСК ЕЭС
Россети Центр
Россети Центр и Приволжье (ГК)
Россети Юг (ГК)
Россети Янтарь
0 млн. руб.
2 500 млн. руб.
5 000 млн. руб.
7 500 млн. руб.
10 000 млн. руб.
12 500 млн. руб.
15 000 млн. руб.
17 500 млн. руб.
20 000 млн. руб.
22 500 млн. руб.
25 000 млн. руб.
27 500 млн. руб.
30 000 млн. руб.' are equal

28-03-2025T09:37:17 - [MESSAGE][PASSED] - Actual object '2 275 2 275
251 251
545 545
10 863 10 863
7 813 7 813
11 645 11 645
22 423 22 423
4 405 4 405
7 066 7 066
10 948 10 948
1 091 1 091
10 368 10 368
10 920 10 920
28 393 28 393
12 599 12 599
13 668 13 668
7 039 7 039
1 064 1 064
2 202 2 202
274 274
463 463
10 568 10 568
7 759 7 759
11 241 11 241
21 497 21 497
3 799 3 799
6 815 6 815
11 296 11 296
1 034 1 034
9 265 9 265
10 446 10 446
28 334 28 334
11 924 11 924
13 055 13 055
6 848 6 848
1 045 1 045
План
Факт
АО "РЭС"
АО «Тываэнерго»
АО «Чеченэнерго»
Россети Волга
Россети Кубань
Россети Ленэнерго (ГК)
Россети Московский регион
Россети Северный Кавказ (ГК)
Россети Северо-Запад
Россети Сибирь (ГК)
Россети Томск
Россети Тюмень
Россети Урал (ГК)
Россети ФСК ЕЭС
Россети Центр
Россети Центр и Приволжье (ГК)
Россети Юг (ГК)
Россети Янтарь
0 млн. руб.
2 500 млн. руб.
5 000 млн. руб.
7 500 млн. руб.
10 000 млн. руб.
12 500 млн. руб.
15 000 млн. руб.
17 500 млн. руб.
20 000 млн. руб.
22 500 млн. руб.
25 000 млн. руб.
27 500 млн. руб.
30 000 млн. руб.' and expected object '2 275 2 275
251 251
545 545
10 863 10 863
7 813 7 813
11 645 11 645
22 423 22 423
4 405 4 405
7 066 7 066
10 948 10 948
1 091 1 091
10 368 10 368
10 920 10 920
28 393 28 393
12 599 12 599
13 668 13 668
7 039 7 039
1 064 1 064
2 202 2 202
274 274
463 463
10 568 10 568
7 759 7 759
11 241 11 241
21 497 21 497
3 799 3 799
6 815 6 815
11 296 11 296
1 034 1 034
9 265 9 265
10 446 10 446
28 334 28 334
11 924 11 924
13 055 13 055
6 848 6 848
1 045 1 045
План
Факт
АО "РЭС"
АО «Тываэнерго»
АО «Чеченэнерго»
Россети Волга
Россети Кубань
Россети Ленэнерго (ГК)
Россети Московский регион
Россети Северный Кавказ (ГК)
Россети Северо-Запад
Россети Сибирь (ГК)
Россети Томск
Россети Тюмень
Россети Урал (ГК)
Россети ФСК ЕЭС
Россети Центр
Россети Центр и Приволжье (ГК)
Россети Юг (ГК)
Россети Янтарь
0 млн. руб.
2 500 млн. руб.
5 000 млн. руб.
7 500 млн. руб.
10 000 млн. руб.
12 500 млн. руб.
15 000 млн. руб.
17 500 млн. руб.
20 000 млн. руб.
22 500 млн. руб.
25 000 млн. руб.
27 500 млн. руб.
30 000 млн. руб.' are equal

28-03-2025T09:37:17 - [TEST_STEP][PASSED] - verifyEqual(findTestData("PlanFact").getValue(3, b), a2): Actual object '1,4%1,4%
0,17%0,17%
0,29%0,29%
6,69%6,69%
4,92%4,92%
7,12%7,12%
13,62%13,62%
2,41%2,41%
4,32%4,32%
7,16%7,16%
0,65%0,65%
5,87%5,87%
6,62%6,62%
17,95%17,95%
7,55%7,55%
8,27%8,27%
4,34%4,34%
0,66%0,66%
 ""
' and expected object '1,4%1,4%
0,17%0,17%
0,29%0,29%
6,69%6,69%
4,92%4,92%
7,12%7,12%
13,62%13,62%
2,41%2,41%
4,32%4,32%
7,16%7,16%
0,65%0,65%
5,87%5,87%
6,62%6,62%
17,95%17,95%
7,55%7,55%
8,27%8,27%
4,34%4,34%
0,66%0,66%
 ""
' are equal

28-03-2025T09:37:17 - [MESSAGE][PASSED] - Actual object '1,4%1,4%
0,17%0,17%
0,29%0,29%
6,69%6,69%
4,92%4,92%
7,12%7,12%
13,62%13,62%
2,41%2,41%
4,32%4,32%
7,16%7,16%
0,65%0,65%
5,87%5,87%
6,62%6,62%
17,95%17,95%
7,55%7,55%
8,27%8,27%
4,34%4,34%
0,66%0,66%
 ""
' and expected object '1,4%1,4%
0,17%0,17%
0,29%0,29%
6,69%6,69%
4,92%4,92%
7,12%7,12%
13,62%13,62%
2,41%2,41%
4,32%4,32%
7,16%7,16%
0,65%0,65%
5,87%5,87%
6,62%6,62%
17,95%17,95%
7,55%7,55%
8,27%8,27%
4,34%4,34%
0,66%0,66%
 ""
' are equal

28-03-2025T09:37:17 - [TEST_STEP][PASSED] - Script1686231490255.WriteToExcel(user, dashboardName, n, data, run, a1, a2, a3, a4, a5, a6, a7, a8, a9): null

28-03-2025T09:37:17 - [TEST_STEP][PASSED] - sheetName = "Sheet1": null

28-03-2025T09:37:17 - [TEST_STEP][PASSED] - workbook01 = getWorkbook(excelFilePath): null

28-03-2025T09:37:17 - [TEST_STEP][PASSED] - sheet01 = getExcelSheet(workbook01, sheetName): null

28-03-2025T09:37:17 - [TEST_STEP][PASSED] - setValueToCellByIndex(sheet01, n, 0, dashboardName): null

28-03-2025T09:37:17 - [TEST_STEP][PASSED] - setValueToCellByIndex(sheet01, n, 10, user): null

28-03-2025T09:37:17 - [TEST_STEP][PASSED] - setValueToCellByIndex(sheet01, n, 1, a1): null

28-03-2025T09:37:17 - [TEST_STEP][PASSED] - setValueToCellByIndex(sheet01, n, 2, a2): null

28-03-2025T09:37:17 - [TEST_STEP][PASSED] - setValueToCellByIndex(sheet01, n, 3, a3): null

28-03-2025T09:37:17 - [TEST_STEP][PASSED] - setValueToCellByIndex(sheet01, n, 4, a4): null

28-03-2025T09:37:17 - [TEST_STEP][PASSED] - setValueToCellByIndex(sheet01, n, 5, a5): null

28-03-2025T09:37:17 - [TEST_STEP][PASSED] - setValueToCellByIndex(sheet01, n, 6, a6): null

28-03-2025T09:37:17 - [TEST_STEP][PASSED] - setValueToCellByIndex(sheet01, n, 7, a7): null

28-03-2025T09:37:17 - [TEST_STEP][PASSED] - setValueToCellByIndex(sheet01, n, 8, a8): null

28-03-2025T09:37:17 - [TEST_STEP][PASSED] - setValueToCellByIndex(sheet01, n, 9, a9): null

28-03-2025T09:37:17 - [TEST_STEP][PASSED] - n = n + 1: null

28-03-2025T09:37:17 - [TEST_STEP][PASSED] - saveWorkbook(excelFilePath, workbook01): null

28-03-2025T09:37:17 - [TEST_STEP][PASSED] - if (run == 3): null

28-03-2025T09:37:17 - [TEST_STEP][PASSED] - closeBrowser(): null

28-03-2025T09:37:18 - [MESSAGE][PASSED] - Browser is closed

28-03-2025T09:37:18 - [TEST_STEP][PASSED] - ViruchkaPoDZO(user, dashboardName, n, data, run, a1, a2, a3, a4, a5, a6, a7, a8, a9, urlData): null

28-03-2025T09:37:18 - [TEST_STEP][PASSED] - n = data.getRowNumbers() + 1: null

28-03-2025T09:37:18 - [TEST_STEP][PASSED] - println(n): null

28-03-2025T09:37:18 - [TEST_STEP][PASSED] - dashboardName = "Выручка по ДЗО": null

28-03-2025T09:37:18 - [TEST_STEP][PASSED] - openBrowser(""): Browser is opened with url: ''

28-03-2025T09:37:18 - [MESSAGE][INFO] - Starting 'Chrome' driver

28-03-2025T09:37:18 - [MESSAGE][INFO] - Action delay is set to 0 milliseconds

28-03-2025T09:37:19 - [MESSAGE][PASSED] - Browser is opened with url: ''

28-03-2025T09:37:19 - [TEST_STEP][PASSED] - urlData = 5: null

28-03-2025T09:37:19 - [TEST_STEP][PASSED] - Script1686231490255.CheckPageDownload(urlData, run): null

28-03-2025T09:37:19 - [TEST_STEP][PASSED] - i = 1: null

28-03-2025T09:37:19 - [TEST_STEP][PASSED] - ii = 0: null

28-03-2025T09:37:19 - [TEST_STEP][PASSED] - urlText = <not implemented yet for class: org.codehaus.groovy.ast.expr.EmptyExpression>: null

28-03-2025T09:37:19 - [TEST_STEP][PASSED] - searchWord = <not implemented yet for class: org.codehaus.groovy.ast.expr.EmptyExpression>: null

28-03-2025T09:37:19 - [TEST_STEP][PASSED] - deleteAllCookies(): Delete all cookies successfully

28-03-2025T09:37:19 - [MESSAGE][PASSED] - Delete all cookies successfully

28-03-2025T09:37:19 - [TEST_STEP][PASSED] - refresh(): Refresh successfully

28-03-2025T09:37:19 - [MESSAGE][PASSED] - Refresh successfully

28-03-2025T09:37:19 - [TEST_STEP][PASSED] - delay(70): Delayed 70 second(s)

28-03-2025T09:38:29 - [MESSAGE][PASSED] - Delayed 70 second(s)

28-03-2025T09:38:29 - [TEST_STEP][PASSED] - navigateToUrl(findTestData("PlanFact").getValue(10, urlData)): Navigate to 'https://bi.rosseti.digital/viewer?dashboardGuid=2301950b23be4ed89c1df75f2020051e&sheetGuid=31530aa0b6664c09b016b7f2ab9d853e&fit=true' successfully

28-03-2025T09:38:44 - [MESSAGE][PASSED] - Navigate to 'https://bi.rosseti.digital/viewer?dashboardGuid=2301950b23be4ed89c1df75f2020051e&sheetGuid=31530aa0b6664c09b016b7f2ab9d853e&fit=true' successfully

28-03-2025T09:38:44 - [TEST_STEP][PASSED] - pageLoaded1 = verifyElementPresent(findTestObject("Страница авторизации/Text"), 30): Object 'Object Repository/Страница авторизации/Text' is present

28-03-2025T09:38:45 - [MESSAGE][PASSED] - Object 'Object Repository/Страница авторизации/Text' is present

28-03-2025T09:38:45 - [TEST_STEP][PASSED] - if (pageLoaded1 == false): null

28-03-2025T09:38:45 - [TEST_STEP][PASSED] - urlText = getText(findTestObject("Страница авторизации/Text")): Text of object 'Object Repository/Страница авторизации/Text' is: 'Вход'

28-03-2025T09:38:45 - [MESSAGE][PASSED] - Text of object 'Object Repository/Страница авторизации/Text' is: 'Вход'

28-03-2025T09:38:45 - [TEST_STEP][PASSED] - delay(70): Delayed 70 second(s)

28-03-2025T09:39:55 - [MESSAGE][PASSED] - Delayed 70 second(s)

28-03-2025T09:39:55 - [TEST_STEP][PASSED] - searchWord = "Вход": null

28-03-2025T09:39:55 - [TEST_STEP][PASSED] - if (urlText.contains(searchWord) == false): null

28-03-2025T09:39:55 - [TEST_STEP][PASSED] - setText(findTestObject("Страница авторизации/input__username"), findTestData("PlanFact").getValue(8, run)): Text 'Petrova-OV' is set on object 'Object Repository/Страница авторизации/input__username'

28-03-2025T09:39:56 - [MESSAGE][PASSED] - Text 'Petrova-OV' is set on object 'Object Repository/Страница авторизации/input__username'

28-03-2025T09:39:56 - [TEST_STEP][PASSED] - setText(findTestObject("Страница авторизации/input__password"), findTestData("PlanFact").getValue(9, run)): Text '4Ex@~R53r&3x&BVe7' is set on object 'Object Repository/Страница авторизации/input__password'

28-03-2025T09:39:56 - [MESSAGE][PASSED] - Text '4Ex@~R53r&3x&BVe7' is set on object 'Object Repository/Страница авторизации/input__password'

28-03-2025T09:39:56 - [TEST_STEP][PASSED] - click(findTestObject("Страница авторизации/button_")): Object: 'Object Repository/Страница авторизации/button_' is clicked on

28-03-2025T09:39:58 - [MESSAGE][PASSED] - Object: 'Object Repository/Страница авторизации/button_' is clicked on

28-03-2025T09:39:58 - [TEST_STEP][PASSED] - delay(70): Delayed 70 second(s)

28-03-2025T09:41:08 - [MESSAGE][PASSED] - Delayed 70 second(s)

28-03-2025T09:41:08 - [TEST_STEP][PASSED] - searchWord = "а": null

28-03-2025T09:41:08 - [TEST_STEP][PASSED] - pageLoaded2 = verifyElementPresent(findTestObject("Страница авторизации/Text"), 50): Object 'Object Repository/Страница авторизации/Text' is present

28-03-2025T09:41:08 - [MESSAGE][PASSED] - Object 'Object Repository/Страница авторизации/Text' is present

28-03-2025T09:41:08 - [TEST_STEP][PASSED] - if (pageLoaded2 == false): null

28-03-2025T09:41:08 - [TEST_STEP][PASSED] - urlText = getText(findTestObject("Страница авторизации/Text")): Text of object 'Object Repository/Страница авторизации/Text' is: 'Период
Январь, Февраль 2025 года
Выручка
Все
ДЗО 
ПАО Россети
Выручка по ДЗО
Выполнение плановых показателей по ПАО Россети за Январь, Февраль 2025 года
4 519 4 519
502 502
996 996
21 214 21 214
14 811 14 811
22 696 22 696
44 071 44 071
8 507 8 507
13 531 13 531
21 439 21 439
2 085 2 085
19 672 19 672
21 232 21 232
56 718 56 718
24 154 24 154
26 249 26 249
13 605 13 605
2 023 2 023
4 350 4 350
274 274
920 920
20 161 20 161
15 363 15 363
22 452 22 452
42 719 42 719
7 703 7 703
13 299 13 299
13 940 13 940
2 038 2 038
9 265 9 265
20 531 20 531
28 334 28 334
23 634 23 634
26 053 26 053
13 673 13 673
2 073 2 073
План
Факт
АО "РЭС"
АО «Тываэнерго»
АО «Чеченэнерго»
Россети Волга
Россети Кубань
Россети Ленэнерго (ГК)
Россети Московский регион
Россети Северный Кавказ (ГК)
Россети Северо-Запад
Россети Сибирь (ГК)
Россети Томск
Россети Тюмень
Россети Урал (ГК)
Россети ФСК ЕЭС
Россети Центр
Россети Центр и Приволжье (ГК)
Россети Юг (ГК)
Россети Янтарь
0 млн. руб.
5 000 млн. руб.
10 000 млн. руб.
15 000 млн. руб.
20 000 млн. руб.
25 000 млн. руб.
30 000 млн. руб.
35 000 млн. руб.
40 000 млн. руб.
45 000 млн. руб.
50 000 млн. руб.
55 000 млн. руб.
60 000 млн. руб.
Выполнение плановых показателей по ПАО Россети за Январь, Февраль 2025 года
1,63%1,63%
0,1%0,1%
0,34%0,34%
7,56%7,56%
5,76%5,76%
8,42%8,42%
16,01%16,01%
2,89%2,89%
4,98%4,98%
5,23%5,23%
0,76%0,76%
3,47%3,47%
7,7%7,7%
10,62%10,62%
8,86%8,86%
9,77%9,77%
5,13%5,13%
0,78%0,78%
АО "РЭС"
АО «Тываэнерго»
АО «Чеченэнерго»
Россети Волга
Россети Кубань
Россети Ленэнерго (ГК)
Россети Московский регион
Россети Северный Кавказ (ГК)
Россети Северо-Запад
Россети Сибирь (ГК)
Россети Томск
Россети Тюмень
Россети Урал (ГК)
Россети ФСК ЕЭС
Россети Центр
Россети Центр и Приволжье (ГК)
Россети Юг (ГК)
Россети Янтарь'

28-03-2025T09:41:09 - [MESSAGE][PASSED] - Text of object 'Object Repository/Страница авторизации/Text' is: 'Период
Январь, Февраль 2025 года
Выручка
Все
ДЗО 
ПАО Россети
Выручка по ДЗО
Выполнение плановых показателей по ПАО Россети за Январь, Февраль 2025 года
4 519 4 519
502 502
996 996
21 214 21 214
14 811 14 811
22 696 22 696
44 071 44 071
8 507 8 507
13 531 13 531
21 439 21 439
2 085 2 085
19 672 19 672
21 232 21 232
56 718 56 718
24 154 24 154
26 249 26 249
13 605 13 605
2 023 2 023
4 350 4 350
274 274
920 920
20 161 20 161
15 363 15 363
22 452 22 452
42 719 42 719
7 703 7 703
13 299 13 299
13 940 13 940
2 038 2 038
9 265 9 265
20 531 20 531
28 334 28 334
23 634 23 634
26 053 26 053
13 673 13 673
2 073 2 073
План
Факт
АО "РЭС"
АО «Тываэнерго»
АО «Чеченэнерго»
Россети Волга
Россети Кубань
Россети Ленэнерго (ГК)
Россети Московский регион
Россети Северный Кавказ (ГК)
Россети Северо-Запад
Россети Сибирь (ГК)
Россети Томск
Россети Тюмень
Россети Урал (ГК)
Россети ФСК ЕЭС
Россети Центр
Россети Центр и Приволжье (ГК)
Россети Юг (ГК)
Россети Янтарь
0 млн. руб.
5 000 млн. руб.
10 000 млн. руб.
15 000 млн. руб.
20 000 млн. руб.
25 000 млн. руб.
30 000 млн. руб.
35 000 млн. руб.
40 000 млн. руб.
45 000 млн. руб.
50 000 млн. руб.
55 000 млн. руб.
60 000 млн. руб.
Выполнение плановых показателей по ПАО Россети за Январь, Февраль 2025 года
1,63%1,63%
0,1%0,1%
0,34%0,34%
7,56%7,56%
5,76%5,76%
8,42%8,42%
16,01%16,01%
2,89%2,89%
4,98%4,98%
5,23%5,23%
0,76%0,76%
3,47%3,47%
7,7%7,7%
10,62%10,62%
8,86%8,86%
9,77%9,77%
5,13%5,13%
0,78%0,78%
АО "РЭС"
АО «Тываэнерго»
АО «Чеченэнерго»
Россети Волга
Россети Кубань
Россети Ленэнерго (ГК)
Россети Московский регион
Россети Северный Кавказ (ГК)
Россети Северо-Запад
Россети Сибирь (ГК)
Россети Томск
Россети Тюмень
Россети Урал (ГК)
Россети ФСК ЕЭС
Россети Центр
Россети Центр и Приволжье (ГК)
Россети Юг (ГК)
Россети Янтарь'

28-03-2025T09:41:09 - [TEST_STEP][PASSED] - if (urlText.contains("ошибка") || urlText.contains(searchWord) == false): null

28-03-2025T09:41:09 - [TEST_STEP][PASSED] - click(findTestObject("Выручка по ДЗО/Фильтр Дата")): Object: 'Object Repository/Выручка по ДЗО/Фильтр Дата' is clicked on

28-03-2025T09:41:09 - [MESSAGE][PASSED] - Object: 'Object Repository/Выручка по ДЗО/Фильтр Дата' is clicked on

28-03-2025T09:41:09 - [TEST_STEP][PASSED] - click(findTestObject("Выручка по ДЗО/Снять выделение в фильтре Дата")): Object: 'Object Repository/Выручка по ДЗО/Снять выделение в фильтре Дата' is clicked on

28-03-2025T09:41:10 - [MESSAGE][PASSED] - Object: 'Object Repository/Выручка по ДЗО/Снять выделение в фильтре Дата' is clicked on

28-03-2025T09:41:10 - [TEST_STEP][PASSED] - click(findTestObject("Выручка по ДЗО/Применить в фильтре Дата")): Object: 'Object Repository/Выручка по ДЗО/Применить в фильтре Дата' is clicked on

28-03-2025T09:41:10 - [MESSAGE][PASSED] - Object: 'Object Repository/Выручка по ДЗО/Применить в фильтре Дата' is clicked on

28-03-2025T09:41:10 - [TEST_STEP][PASSED] - click(findTestObject("Выручка по ДЗО/Фильтр Дата")): Object: 'Object Repository/Выручка по ДЗО/Фильтр Дата' is clicked on

28-03-2025T09:41:12 - [MESSAGE][PASSED] - Object: 'Object Repository/Выручка по ДЗО/Фильтр Дата' is clicked on

28-03-2025T09:41:12 - [TEST_STEP][PASSED] - click(findTestObject("Выручка по ДЗО/Снять выделение в фильтре Дата")): Object: 'Object Repository/Выручка по ДЗО/Снять выделение в фильтре Дата' is clicked on

28-03-2025T09:41:12 - [MESSAGE][PASSED] - Object: 'Object Repository/Выручка по ДЗО/Снять выделение в фильтре Дата' is clicked on

28-03-2025T09:41:12 - [TEST_STEP][PASSED] - scrollToElement(findTestObject("Выручка по ДЗО/2025 список"), 30): Scroll to object 'Object Repository/Выручка по ДЗО/2025 список' successfully

28-03-2025T09:41:13 - [MESSAGE][PASSED] - Scroll to object 'Object Repository/Выручка по ДЗО/2025 список' successfully

28-03-2025T09:41:13 - [TEST_STEP][PASSED] - click(findTestObject("Выручка по ДЗО/2025 список")): Object: 'Object Repository/Выручка по ДЗО/2025 список' is clicked on

28-03-2025T09:41:13 - [MESSAGE][PASSED] - Object: 'Object Repository/Выручка по ДЗО/2025 список' is clicked on

28-03-2025T09:41:13 - [TEST_STEP][PASSED] - scrollToElement(findTestObject("Выручка по ДЗО/1 квартал 2025 список"), 30): Scroll to object 'Object Repository/Выручка по ДЗО/1 квартал 2025 список' successfully

28-03-2025T09:41:13 - [MESSAGE][PASSED] - Scroll to object 'Object Repository/Выручка по ДЗО/1 квартал 2025 список' successfully

28-03-2025T09:41:13 - [TEST_STEP][PASSED] - click(findTestObject("Выручка по ДЗО/1 квартал 2025 список"), CONTINUE_ON_FAILURE): Object: 'Object Repository/Выручка по ДЗО/1 квартал 2025 список' is clicked on

28-03-2025T09:41:14 - [MESSAGE][PASSED] - Object: 'Object Repository/Выручка по ДЗО/1 квартал 2025 список' is clicked on

28-03-2025T09:41:14 - [TEST_STEP][PASSED] - scrollToElement(findTestObject("Выручка по ДЗО/Январь 2025"), 30): Scroll to object 'Object Repository/Выручка по ДЗО/Январь 2025' successfully

28-03-2025T09:41:14 - [MESSAGE][PASSED] - Scroll to object 'Object Repository/Выручка по ДЗО/Январь 2025' successfully

28-03-2025T09:41:14 - [TEST_STEP][PASSED] - click(findTestObject("Выручка по ДЗО/Январь 2025"), CONTINUE_ON_FAILURE): Object: 'Object Repository/Выручка по ДЗО/Январь 2025' is clicked on

28-03-2025T09:41:14 - [MESSAGE][PASSED] - Object: 'Object Repository/Выручка по ДЗО/Январь 2025' is clicked on

28-03-2025T09:41:14 - [TEST_STEP][PASSED] - scrollToElement(findTestObject("Выручка по ДЗО/Заголовок дашборда"), 30): Scroll to object 'Object Repository/Выручка по ДЗО/Заголовок дашборда' successfully

28-03-2025T09:41:15 - [MESSAGE][PASSED] - Scroll to object 'Object Repository/Выручка по ДЗО/Заголовок дашборда' successfully

28-03-2025T09:41:15 - [TEST_STEP][PASSED] - click(findTestObject("Выручка по ДЗО/Применить в фильтре Дата")): Object: 'Object Repository/Выручка по ДЗО/Применить в фильтре Дата' is clicked on

28-03-2025T09:41:15 - [MESSAGE][PASSED] - Object: 'Object Repository/Выручка по ДЗО/Применить в фильтре Дата' is clicked on

28-03-2025T09:41:15 - [TEST_STEP][PASSED] - a3 = "": null

28-03-2025T09:41:15 - [TEST_STEP][PASSED] - a4 = "": null

28-03-2025T09:41:15 - [TEST_STEP][PASSED] - a5 = "": null

28-03-2025T09:41:15 - [TEST_STEP][PASSED] - a6 = "": null

28-03-2025T09:41:15 - [TEST_STEP][PASSED] - a7 = "": null

28-03-2025T09:41:15 - [TEST_STEP][PASSED] - a8 = "": null

28-03-2025T09:41:15 - [TEST_STEP][PASSED] - a9 = "": null

28-03-2025T09:41:15 - [TEST_STEP][PASSED] - if (run == 1): null

28-03-2025T09:41:15 - [TEST_STEP][PASSED] - if (run == 2): null

28-03-2025T09:41:15 - [TEST_STEP][PASSED] - if (run == 3): null

28-03-2025T09:41:15 - [TEST_STEP][PASSED] - user = "Попова": null

28-03-2025T09:41:15 - [TEST_STEP][PASSED] - a1 = getText(findTestObject("Выручка по ДЗО/График1 Выполнение плановых показателей Блок руководителя")): Text of object 'Object Repository/Выручка по ДЗО/График1 Выполнение плановых показателей Блок руководителя' is: '2 275 2 275
251 251
545 545
10 863 10 863
7 813 7 813
11 645 11 645
22 423 22 423
4 405 4 405
7 066 7 066
10 948 10 948
1 091 1 091
10 368 10 368
10 920 10 920
28 393 28 393
12 599 12 599
13 668 13 668
7 039 7 039
1 064 1 064
2 202 2 202
274 274
463 463
10 568 10 568
7 759 7 759
11 241 11 241
21 497 21 497
3 799 3 799
6 815 6 815
11 296 11 296
1 034 1 034
9 265 9 265
10 446 10 446
28 334 28 334
11 924 11 924
13 055 13 055
6 848 6 848
1 045 1 045
План
Факт
АО "РЭС"
АО «Тываэнерго»
АО «Чеченэнерго»
Россети Волга
Россети Кубань
Россети Ленэнерго (ГК)
Россети Московский регион
Россети Северный Кавказ (ГК)
Россети Северо-Запад
Россети Сибирь (ГК)
Россети Томск
Россети Тюмень
Россети Урал (ГК)
Россети ФСК ЕЭС
Россети Центр
Россети Центр и Приволжье (ГК)
Россети Юг (ГК)
Россети Янтарь
0 млн. руб.
2 500 млн. руб.
5 000 млн. руб.
7 500 млн. руб.
10 000 млн. руб.
12 500 млн. руб.
15 000 млн. руб.
17 500 млн. руб.
20 000 млн. руб.
22 500 млн. руб.
25 000 млн. руб.
27 500 млн. руб.
30 000 млн. руб.'

28-03-2025T09:41:16 - [MESSAGE][PASSED] - Text of object 'Object Repository/Выручка по ДЗО/График1 Выполнение плановых показателей Блок руководителя' is: '2 275 2 275
251 251
545 545
10 863 10 863
7 813 7 813
11 645 11 645
22 423 22 423
4 405 4 405
7 066 7 066
10 948 10 948
1 091 1 091
10 368 10 368
10 920 10 920
28 393 28 393
12 599 12 599
13 668 13 668
7 039 7 039
1 064 1 064
2 202 2 202
274 274
463 463
10 568 10 568
7 759 7 759
11 241 11 241
21 497 21 497
3 799 3 799
6 815 6 815
11 296 11 296
1 034 1 034
9 265 9 265
10 446 10 446
28 334 28 334
11 924 11 924
13 055 13 055
6 848 6 848
1 045 1 045
План
Факт
АО "РЭС"
АО «Тываэнерго»
АО «Чеченэнерго»
Россети Волга
Россети Кубань
Россети Ленэнерго (ГК)
Россети Московский регион
Россети Северный Кавказ (ГК)
Россети Северо-Запад
Россети Сибирь (ГК)
Россети Томск
Россети Тюмень
Россети Урал (ГК)
Россети ФСК ЕЭС
Россети Центр
Россети Центр и Приволжье (ГК)
Россети Юг (ГК)
Россети Янтарь
0 млн. руб.
2 500 млн. руб.
5 000 млн. руб.
7 500 млн. руб.
10 000 млн. руб.
12 500 млн. руб.
15 000 млн. руб.
17 500 млн. руб.
20 000 млн. руб.
22 500 млн. руб.
25 000 млн. руб.
27 500 млн. руб.
30 000 млн. руб.'

28-03-2025T09:41:16 - [TEST_STEP][PASSED] - a2 = getText(findTestObject("Выручка по ДЗО/График2 Выполнение плановых показателей Блок руководителя")): Text of object 'Object Repository/Выручка по ДЗО/График2 Выполнение плановых показателей Блок руководителя' is: '1,4%1,4%
0,17%0,17%
0,29%0,29%
6,69%6,69%
4,92%4,92%
7,12%7,12%
13,62%13,62%
2,41%2,41%
4,32%4,32%
7,16%7,16%
0,65%0,65%
5,87%5,87%
6,62%6,62%
17,95%17,95%
7,55%7,55%
8,27%8,27%
4,34%4,34%
0,66%0,66%
АО "РЭС"
АО «Тываэнерго»
АО «Чеченэнерго»
Россети Волга
Россети Кубань
Россети Ленэнерго (ГК)
Россети Московский регион
Россети Северный Кавказ (ГК)
Россети Северо-Запад
Россети Сибирь (ГК)
Россети Томск
Россети Тюмень
Россети Урал (ГК)
Россети ФСК ЕЭС
Россети Центр
Россети Центр и Приволжье (ГК)
Россети Юг (ГК)
Россети Янтарь
Россети Центр и Приволжье (ГК): 13 054 893,11'

28-03-2025T09:41:17 - [MESSAGE][PASSED] - Text of object 'Object Repository/Выручка по ДЗО/График2 Выполнение плановых показателей Блок руководителя' is: '1,4%1,4%
0,17%0,17%
0,29%0,29%
6,69%6,69%
4,92%4,92%
7,12%7,12%
13,62%13,62%
2,41%2,41%
4,32%4,32%
7,16%7,16%
0,65%0,65%
5,87%5,87%
6,62%6,62%
17,95%17,95%
7,55%7,55%
8,27%8,27%
4,34%4,34%
0,66%0,66%
АО "РЭС"
АО «Тываэнерго»
АО «Чеченэнерго»
Россети Волга
Россети Кубань
Россети Ленэнерго (ГК)
Россети Московский регион
Россети Северный Кавказ (ГК)
Россети Северо-Запад
Россети Сибирь (ГК)
Россети Томск
Россети Тюмень
Россети Урал (ГК)
Россети ФСК ЕЭС
Россети Центр
Россети Центр и Приволжье (ГК)
Россети Юг (ГК)
Россети Янтарь
Россети Центр и Приволжье (ГК): 13 054 893,11'

28-03-2025T09:41:17 - [TEST_STEP][PASSED] - a2 = indexOf("АО «Тываэнерго»")).replaceAll("[а-яА-Я]", ""): null

28-03-2025T09:41:17 - [TEST_STEP][PASSED] - n = n + 29: null

28-03-2025T09:41:17 - [TEST_STEP][PASSED] - b = n - run + 1: null

28-03-2025T09:41:17 - [TEST_STEP][PASSED] - verifyEqual(findTestData("PlanFact").getValue(2, b), a1): Actual object '2 275 2 275
251 251
545 545
10 863 10 863
7 813 7 813
11 645 11 645
22 423 22 423
4 405 4 405
7 066 7 066
10 948 10 948
1 091 1 091
10 368 10 368
10 920 10 920
28 393 28 393
12 599 12 599
13 668 13 668
7 039 7 039
1 064 1 064
2 202 2 202
274 274
463 463
10 568 10 568
7 759 7 759
11 241 11 241
21 497 21 497
3 799 3 799
6 815 6 815
11 296 11 296
1 034 1 034
9 265 9 265
10 446 10 446
28 334 28 334
11 924 11 924
13 055 13 055
6 848 6 848
1 045 1 045
План
Факт
АО "РЭС"
АО «Тываэнерго»
АО «Чеченэнерго»
Россети Волга
Россети Кубань
Россети Ленэнерго (ГК)
Россети Московский регион
Россети Северный Кавказ (ГК)
Россети Северо-Запад
Россети Сибирь (ГК)
Россети Томск
Россети Тюмень
Россети Урал (ГК)
Россети ФСК ЕЭС
Россети Центр
Россети Центр и Приволжье (ГК)
Россети Юг (ГК)
Россети Янтарь
0 млн. руб.
2 500 млн. руб.
5 000 млн. руб.
7 500 млн. руб.
10 000 млн. руб.
12 500 млн. руб.
15 000 млн. руб.
17 500 млн. руб.
20 000 млн. руб.
22 500 млн. руб.
25 000 млн. руб.
27 500 млн. руб.
30 000 млн. руб.' and expected object '2 275 2 275
251 251
545 545
10 863 10 863
7 813 7 813
11 645 11 645
22 423 22 423
4 405 4 405
7 066 7 066
10 948 10 948
1 091 1 091
10 368 10 368
10 920 10 920
28 393 28 393
12 599 12 599
13 668 13 668
7 039 7 039
1 064 1 064
2 202 2 202
274 274
463 463
10 568 10 568
7 759 7 759
11 241 11 241
21 497 21 497
3 799 3 799
6 815 6 815
11 296 11 296
1 034 1 034
9 265 9 265
10 446 10 446
28 334 28 334
11 924 11 924
13 055 13 055
6 848 6 848
1 045 1 045
План
Факт
АО "РЭС"
АО «Тываэнерго»
АО «Чеченэнерго»
Россети Волга
Россети Кубань
Россети Ленэнерго (ГК)
Россети Московский регион
Россети Северный Кавказ (ГК)
Россети Северо-Запад
Россети Сибирь (ГК)
Россети Томск
Россети Тюмень
Россети Урал (ГК)
Россети ФСК ЕЭС
Россети Центр
Россети Центр и Приволжье (ГК)
Россети Юг (ГК)
Россети Янтарь
0 млн. руб.
2 500 млн. руб.
5 000 млн. руб.
7 500 млн. руб.
10 000 млн. руб.
12 500 млн. руб.
15 000 млн. руб.
17 500 млн. руб.
20 000 млн. руб.
22 500 млн. руб.
25 000 млн. руб.
27 500 млн. руб.
30 000 млн. руб.' are equal

28-03-2025T09:41:17 - [MESSAGE][PASSED] - Actual object '2 275 2 275
251 251
545 545
10 863 10 863
7 813 7 813
11 645 11 645
22 423 22 423
4 405 4 405
7 066 7 066
10 948 10 948
1 091 1 091
10 368 10 368
10 920 10 920
28 393 28 393
12 599 12 599
13 668 13 668
7 039 7 039
1 064 1 064
2 202 2 202
274 274
463 463
10 568 10 568
7 759 7 759
11 241 11 241
21 497 21 497
3 799 3 799
6 815 6 815
11 296 11 296
1 034 1 034
9 265 9 265
10 446 10 446
28 334 28 334
11 924 11 924
13 055 13 055
6 848 6 848
1 045 1 045
План
Факт
АО "РЭС"
АО «Тываэнерго»
АО «Чеченэнерго»
Россети Волга
Россети Кубань
Россети Ленэнерго (ГК)
Россети Московский регион
Россети Северный Кавказ (ГК)
Россети Северо-Запад
Россети Сибирь (ГК)
Россети Томск
Россети Тюмень
Россети Урал (ГК)
Россети ФСК ЕЭС
Россети Центр
Россети Центр и Приволжье (ГК)
Россети Юг (ГК)
Россети Янтарь
0 млн. руб.
2 500 млн. руб.
5 000 млн. руб.
7 500 млн. руб.
10 000 млн. руб.
12 500 млн. руб.
15 000 млн. руб.
17 500 млн. руб.
20 000 млн. руб.
22 500 млн. руб.
25 000 млн. руб.
27 500 млн. руб.
30 000 млн. руб.' and expected object '2 275 2 275
251 251
545 545
10 863 10 863
7 813 7 813
11 645 11 645
22 423 22 423
4 405 4 405
7 066 7 066
10 948 10 948
1 091 1 091
10 368 10 368
10 920 10 920
28 393 28 393
12 599 12 599
13 668 13 668
7 039 7 039
1 064 1 064
2 202 2 202
274 274
463 463
10 568 10 568
7 759 7 759
11 241 11 241
21 497 21 497
3 799 3 799
6 815 6 815
11 296 11 296
1 034 1 034
9 265 9 265
10 446 10 446
28 334 28 334
11 924 11 924
13 055 13 055
6 848 6 848
1 045 1 045
План
Факт
АО "РЭС"
АО «Тываэнерго»
АО «Чеченэнерго»
Россети Волга
Россети Кубань
Россети Ленэнерго (ГК)
Россети Московский регион
Россети Северный Кавказ (ГК)
Россети Северо-Запад
Россети Сибирь (ГК)
Россети Томск
Россети Тюмень
Россети Урал (ГК)
Россети ФСК ЕЭС
Россети Центр
Россети Центр и Приволжье (ГК)
Россети Юг (ГК)
Россети Янтарь
0 млн. руб.
2 500 млн. руб.
5 000 млн. руб.
7 500 млн. руб.
10 000 млн. руб.
12 500 млн. руб.
15 000 млн. руб.
17 500 млн. руб.
20 000 млн. руб.
22 500 млн. руб.
25 000 млн. руб.
27 500 млн. руб.
30 000 млн. руб.' are equal

28-03-2025T09:41:17 - [TEST_STEP][PASSED] - verifyEqual(findTestData("PlanFact").getValue(3, b), a2): Actual object '1,4%1,4%
0,17%0,17%
0,29%0,29%
6,69%6,69%
4,92%4,92%
7,12%7,12%
13,62%13,62%
2,41%2,41%
4,32%4,32%
7,16%7,16%
0,65%0,65%
5,87%5,87%
6,62%6,62%
17,95%17,95%
7,55%7,55%
8,27%8,27%
4,34%4,34%
0,66%0,66%
 ""
' and expected object '1,4%1,4%
0,17%0,17%
0,29%0,29%
6,69%6,69%
4,92%4,92%
7,12%7,12%
13,62%13,62%
2,41%2,41%
4,32%4,32%
7,16%7,16%
0,65%0,65%
5,87%5,87%
6,62%6,62%
17,95%17,95%
7,55%7,55%
8,27%8,27%
4,34%4,34%
0,66%0,66%
 ""
' are equal

28-03-2025T09:41:17 - [MESSAGE][PASSED] - Actual object '1,4%1,4%
0,17%0,17%
0,29%0,29%
6,69%6,69%
4,92%4,92%
7,12%7,12%
13,62%13,62%
2,41%2,41%
4,32%4,32%
7,16%7,16%
0,65%0,65%
5,87%5,87%
6,62%6,62%
17,95%17,95%
7,55%7,55%
8,27%8,27%
4,34%4,34%
0,66%0,66%
 ""
' and expected object '1,4%1,4%
0,17%0,17%
0,29%0,29%
6,69%6,69%
4,92%4,92%
7,12%7,12%
13,62%13,62%
2,41%2,41%
4,32%4,32%
7,16%7,16%
0,65%0,65%
5,87%5,87%
6,62%6,62%
17,95%17,95%
7,55%7,55%
8,27%8,27%
4,34%4,34%
0,66%0,66%
 ""
' are equal

28-03-2025T09:41:17 - [TEST_STEP][PASSED] - Script1686231490255.WriteToExcel(user, dashboardName, n, data, run, a1, a2, a3, a4, a5, a6, a7, a8, a9): null

28-03-2025T09:41:17 - [TEST_STEP][PASSED] - sheetName = "Sheet1": null

28-03-2025T09:41:17 - [TEST_STEP][PASSED] - workbook01 = getWorkbook(excelFilePath): null

28-03-2025T09:41:17 - [TEST_STEP][PASSED] - sheet01 = getExcelSheet(workbook01, sheetName): null

28-03-2025T09:41:17 - [TEST_STEP][PASSED] - setValueToCellByIndex(sheet01, n, 0, dashboardName): null

28-03-2025T09:41:17 - [TEST_STEP][PASSED] - setValueToCellByIndex(sheet01, n, 10, user): null

28-03-2025T09:41:17 - [TEST_STEP][PASSED] - setValueToCellByIndex(sheet01, n, 1, a1): null

28-03-2025T09:41:17 - [TEST_STEP][PASSED] - setValueToCellByIndex(sheet01, n, 2, a2): null

28-03-2025T09:41:17 - [TEST_STEP][PASSED] - setValueToCellByIndex(sheet01, n, 3, a3): null

28-03-2025T09:41:17 - [TEST_STEP][PASSED] - setValueToCellByIndex(sheet01, n, 4, a4): null

28-03-2025T09:41:17 - [TEST_STEP][PASSED] - setValueToCellByIndex(sheet01, n, 5, a5): null

28-03-2025T09:41:17 - [TEST_STEP][PASSED] - setValueToCellByIndex(sheet01, n, 6, a6): null

28-03-2025T09:41:17 - [TEST_STEP][PASSED] - setValueToCellByIndex(sheet01, n, 7, a7): null

28-03-2025T09:41:17 - [TEST_STEP][PASSED] - setValueToCellByIndex(sheet01, n, 8, a8): null

28-03-2025T09:41:17 - [TEST_STEP][PASSED] - setValueToCellByIndex(sheet01, n, 9, a9): null

28-03-2025T09:41:17 - [TEST_STEP][PASSED] - n = n + 1: null

28-03-2025T09:41:17 - [TEST_STEP][PASSED] - saveWorkbook(excelFilePath, workbook01): null

28-03-2025T09:41:17 - [TEST_STEP][PASSED] - closeBrowser(): Browser is closed

28-03-2025T09:41:17 - [MESSAGE][PASSED] - Browser is closed

28-03-2025T09:41:17 - [TEST_STEP][PASSED] - delay(70): Delayed 70 second(s)

28-03-2025T09:42:27 - [MESSAGE][PASSED] - Delayed 70 second(s)

28-03-2025T09:42:27 - [TEST_STEP][PASSED] - for ([run = 1, run < 4, (run++)]): null

28-03-2025T09:42:27 - [TEST_STEP][PASSED] - PrognozPoDZO(user, dashboardName, n, data, run, a1, a2, a3, a4, a5, a6, a7, a8, a9, urlData): null

28-03-2025T09:42:27 - [TEST_STEP][PASSED] - n = data.getRowNumbers() + 1: null

28-03-2025T09:42:27 - [TEST_STEP][PASSED] - println(n): null

28-03-2025T09:42:27 - [TEST_STEP][PASSED] - dashboardName = "Прогноз по ДЗО": null

28-03-2025T09:42:27 - [TEST_STEP][PASSED] - openBrowser(""): Browser is opened with url: ''

28-03-2025T09:42:27 - [MESSAGE][INFO] - Starting 'Chrome' driver

28-03-2025T09:42:27 - [MESSAGE][INFO] - Action delay is set to 0 milliseconds

28-03-2025T09:42:28 - [MESSAGE][PASSED] - Browser is opened with url: ''

28-03-2025T09:42:28 - [TEST_STEP][PASSED] - urlData = 19: null

28-03-2025T09:42:28 - [TEST_STEP][PASSED] - Script1686231490255.CheckPageDownload(urlData, run): null

28-03-2025T09:42:28 - [TEST_STEP][PASSED] - i = 1: null

28-03-2025T09:42:28 - [TEST_STEP][PASSED] - ii = 0: null

28-03-2025T09:42:28 - [TEST_STEP][PASSED] - urlText = <not implemented yet for class: org.codehaus.groovy.ast.expr.EmptyExpression>: null

28-03-2025T09:42:28 - [TEST_STEP][PASSED] - searchWord = <not implemented yet for class: org.codehaus.groovy.ast.expr.EmptyExpression>: null

28-03-2025T09:42:28 - [TEST_STEP][PASSED] - deleteAllCookies(): Delete all cookies successfully

28-03-2025T09:42:28 - [MESSAGE][PASSED] - Delete all cookies successfully

28-03-2025T09:42:28 - [TEST_STEP][PASSED] - refresh(): Refresh successfully

28-03-2025T09:42:28 - [MESSAGE][PASSED] - Refresh successfully

28-03-2025T09:42:28 - [TEST_STEP][PASSED] - delay(70): Delayed 70 second(s)

28-03-2025T09:43:38 - [MESSAGE][PASSED] - Delayed 70 second(s)

28-03-2025T09:43:38 - [TEST_STEP][PASSED] - navigateToUrl(findTestData("PlanFact").getValue(10, urlData)): Navigate to 'https://bi.rosseti.digital/viewer?dashboardGuid=d6acb5b1a7114a9791b34de39263106e&sheetGuid=752a4d1009e74632abe0071aea7fa3c6&fit=true' successfully

28-03-2025T09:43:51 - [MESSAGE][PASSED] - Navigate to 'https://bi.rosseti.digital/viewer?dashboardGuid=d6acb5b1a7114a9791b34de39263106e&sheetGuid=752a4d1009e74632abe0071aea7fa3c6&fit=true' successfully

28-03-2025T09:43:51 - [TEST_STEP][PASSED] - pageLoaded1 = verifyElementPresent(findTestObject("Страница авторизации/Text"), 30): Object 'Object Repository/Страница авторизации/Text' is present

28-03-2025T09:43:53 - [MESSAGE][PASSED] - Object 'Object Repository/Страница авторизации/Text' is present

28-03-2025T09:43:53 - [TEST_STEP][PASSED] - if (pageLoaded1 == false): null

28-03-2025T09:43:53 - [TEST_STEP][PASSED] - urlText = getText(findTestObject("Страница авторизации/Text")): Text of object 'Object Repository/Страница авторизации/Text' is: 'Вход'

28-03-2025T09:43:54 - [MESSAGE][PASSED] - Text of object 'Object Repository/Страница авторизации/Text' is: 'Вход'

28-03-2025T09:43:54 - [TEST_STEP][PASSED] - delay(70): Delayed 70 second(s)

28-03-2025T09:45:04 - [MESSAGE][PASSED] - Delayed 70 second(s)

28-03-2025T09:45:04 - [TEST_STEP][PASSED] - searchWord = "Вход": null

28-03-2025T09:45:04 - [TEST_STEP][PASSED] - if (urlText.contains(searchWord) == false): null

28-03-2025T09:45:04 - [TEST_STEP][PASSED] - setText(findTestObject("Страница авторизации/input__username"), findTestData("PlanFact").getValue(8, run)): Text 'liazgina-di' is set on object 'Object Repository/Страница авторизации/input__username'

28-03-2025T09:45:04 - [MESSAGE][PASSED] - Text 'liazgina-di' is set on object 'Object Repository/Страница авторизации/input__username'

28-03-2025T09:45:04 - [TEST_STEP][PASSED] - setText(findTestObject("Страница авторизации/input__password"), findTestData("PlanFact").getValue(9, run)): Text ')$%5srZ8o688Dm#q' is set on object 'Object Repository/Страница авторизации/input__password'

28-03-2025T09:45:05 - [MESSAGE][PASSED] - Text ')$%5srZ8o688Dm#q' is set on object 'Object Repository/Страница авторизации/input__password'

28-03-2025T09:45:05 - [TEST_STEP][PASSED] - click(findTestObject("Страница авторизации/button_")): Object: 'Object Repository/Страница авторизации/button_' is clicked on

28-03-2025T09:45:07 - [MESSAGE][PASSED] - Object: 'Object Repository/Страница авторизации/button_' is clicked on

28-03-2025T09:45:07 - [TEST_STEP][PASSED] - delay(70): Delayed 70 second(s)

28-03-2025T09:46:17 - [MESSAGE][PASSED] - Delayed 70 second(s)

28-03-2025T09:46:17 - [TEST_STEP][PASSED] - searchWord = "а": null

28-03-2025T09:46:17 - [TEST_STEP][PASSED] - pageLoaded2 = verifyElementPresent(findTestObject("Страница авторизации/Text"), 50): Object 'Object Repository/Страница авторизации/Text' is present

28-03-2025T09:46:17 - [MESSAGE][PASSED] - Object 'Object Repository/Страница авторизации/Text' is present

28-03-2025T09:46:17 - [TEST_STEP][PASSED] - if (pageLoaded2 == false): null

28-03-2025T09:46:17 - [TEST_STEP][PASSED] - urlText = getText(findTestObject("Страница авторизации/Text")): Text of object 'Object Repository/Страница авторизации/Text' is: 'Сравнение с 
План
абс.
%
Отклонения по ПАО Россети на 2025 год
⬤ Отклонение, %
Выручка отклонения по ПАО Россети на 2025 год
⬤ Отклонение, %
Год 
2025 год
Динамика электропотребления, млрд. кВт.ч.
У виджета нет данных
Выручка, млрд. руб.
У виджета нет данных
Прогноз на месяц 
Ноябрь
КПО/Отпуск из сети 
Отпуск из сети, млн. кВт.ч
Организация 
Все

Прогноз электропотребления и выручки за услуги по передаче в разрезе ДЗО'

28-03-2025T09:46:17 - [MESSAGE][PASSED] - Text of object 'Object Repository/Страница авторизации/Text' is: 'Сравнение с 
План
абс.
%
Отклонения по ПАО Россети на 2025 год
⬤ Отклонение, %
Выручка отклонения по ПАО Россети на 2025 год
⬤ Отклонение, %
Год 
2025 год
Динамика электропотребления, млрд. кВт.ч.
У виджета нет данных
Выручка, млрд. руб.
У виджета нет данных
Прогноз на месяц 
Ноябрь
КПО/Отпуск из сети 
Отпуск из сети, млн. кВт.ч
Организация 
Все

Прогноз электропотребления и выручки за услуги по передаче в разрезе ДЗО'

28-03-2025T09:46:17 - [TEST_STEP][PASSED] - if (urlText.contains("ошибка") || urlText.contains(searchWord) == false): null

28-03-2025T09:46:17 - [TEST_STEP][PASSED] - a3 = "": null

28-03-2025T09:46:17 - [TEST_STEP][PASSED] - a4 = "": null

28-03-2025T09:46:17 - [TEST_STEP][PASSED] - a5 = "": null

28-03-2025T09:46:17 - [TEST_STEP][PASSED] - a6 = "": null

28-03-2025T09:46:17 - [TEST_STEP][PASSED] - a7 = "": null

28-03-2025T09:46:17 - [TEST_STEP][PASSED] - a8 = "": null

28-03-2025T09:46:17 - [TEST_STEP][PASSED] - a9 = "": null

28-03-2025T09:46:17 - [TEST_STEP][PASSED] - if (run == 1): null

28-03-2025T09:46:17 - [TEST_STEP][PASSED] - user = "админ": null

28-03-2025T09:46:17 - [TEST_STEP][PASSED] - a1 = getText(findTestObject("Прогноз по ДЗО/График1")): Text of object 'Object Repository/Прогноз по ДЗО/График1' is: 'Динамика электропотребления, млрд. кВт.ч.
У виджета нет данных'

28-03-2025T09:46:18 - [MESSAGE][PASSED] - Text of object 'Object Repository/Прогноз по ДЗО/График1' is: 'Динамика электропотребления, млрд. кВт.ч.
У виджета нет данных'

28-03-2025T09:46:18 - [TEST_STEP][PASSED] - i = a1.indexOf("по ПАО Россети на 2023 год"): null

28-03-2025T09:46:18 - [TEST_STEP][PASSED] - if (i > -1): null

28-03-2025T09:46:18 - [TEST_STEP][PASSED] - i = a1.indexOf("Динамика электропотребления, млн. кВт.ч."): null

28-03-2025T09:46:18 - [TEST_STEP][PASSED] - if (i > -1): null

28-03-2025T09:46:18 - [TEST_STEP][PASSED] - a1 = a1.trim(): null

28-03-2025T09:46:18 - [TEST_STEP][PASSED] - a2 = getText(findTestObject("Прогноз по ДЗО/График2")): Text of object 'Object Repository/Прогноз по ДЗО/График2' is: 'Выручка, млрд. руб.
У виджета нет данных'

28-03-2025T09:46:18 - [MESSAGE][PASSED] - Text of object 'Object Repository/Прогноз по ДЗО/График2' is: 'Выручка, млрд. руб.
У виджета нет данных'

28-03-2025T09:46:18 - [TEST_STEP][PASSED] - a3 = getText(findTestObject("Прогноз по ДЗО/График3")): Text of object 'Object Repository/Прогноз по ДЗО/График3' is: 'Отклонения по ПАО Россети на 2025 год
⬤ Отклонение, %'

28-03-2025T09:46:18 - [MESSAGE][PASSED] - Text of object 'Object Repository/Прогноз по ДЗО/График3' is: 'Отклонения по ПАО Россети на 2025 год
⬤ Отклонение, %'

28-03-2025T09:46:18 - [TEST_STEP][PASSED] - a4 = getText(findTestObject("Прогноз по ДЗО/График4")): Text of object 'Object Repository/Прогноз по ДЗО/График4' is: 'Выручка отклонения по ПАО Россети на 2025 год
⬤ Отклонение, %'

28-03-2025T09:46:18 - [MESSAGE][PASSED] - Text of object 'Object Repository/Прогноз по ДЗО/График4' is: 'Выручка отклонения по ПАО Россети на 2025 год
⬤ Отклонение, %'

28-03-2025T09:46:18 - [TEST_STEP][PASSED] - click(findTestObject("Прогноз по ДЗО/Переключить отображение с процентов на абс Блок руководителя")): Object: 'Object Repository/Прогноз по ДЗО/Переключить отображение с процентов на абс Блок руководителя' is clicked on

28-03-2025T09:46:19 - [MESSAGE][PASSED] - Object: 'Object Repository/Прогноз по ДЗО/Переключить отображение с процентов на абс Блок руководителя' is clicked on

28-03-2025T09:46:19 - [TEST_STEP][PASSED] - a5 = getText(findTestObject("Прогноз по ДЗО/График5")): Text of object 'Object Repository/Прогноз по ДЗО/График5' is: 'Отклонения по ПАО Россети на 2025 год
⬤ Отклонение, млн. кВт.ч'

28-03-2025T09:46:19 - [MESSAGE][PASSED] - Text of object 'Object Repository/Прогноз по ДЗО/График5' is: 'Отклонения по ПАО Россети на 2025 год
⬤ Отклонение, млн. кВт.ч'

28-03-2025T09:46:19 - [TEST_STEP][PASSED] - a6 = getText(findTestObject("Прогноз по ДЗО/График6")): Text of object 'Object Repository/Прогноз по ДЗО/График6' is: 'Выручка отклонения по ПАО Россети на 2025 год
⬤ Отклонение, млн. руб'

28-03-2025T09:46:19 - [MESSAGE][PASSED] - Text of object 'Object Repository/Прогноз по ДЗО/График6' is: 'Выручка отклонения по ПАО Россети на 2025 год
⬤ Отклонение, млн. руб'

28-03-2025T09:46:19 - [TEST_STEP][PASSED] - click(findTestObject("Прогноз по ДЗО/Переключить отображение с абс на проценты")): Object: 'Object Repository/Прогноз по ДЗО/Переключить отображение с абс на проценты' is clicked on

28-03-2025T09:46:20 - [MESSAGE][PASSED] - Object: 'Object Repository/Прогноз по ДЗО/Переключить отображение с абс на проценты' is clicked on

28-03-2025T09:46:20 - [TEST_STEP][PASSED] - n = n + 30: null

28-03-2025T09:46:20 - [TEST_STEP][PASSED] - Script1686231490255.WriteToExcel(user, dashboardName, n, data, run, a1, a2, a3, a4, a5, a6, a7, a8, a9): null

28-03-2025T09:46:20 - [TEST_STEP][PASSED] - sheetName = "Sheet1": null

28-03-2025T09:46:20 - [TEST_STEP][PASSED] - workbook01 = getWorkbook(excelFilePath): null

28-03-2025T09:46:20 - [TEST_STEP][PASSED] - sheet01 = getExcelSheet(workbook01, sheetName): null

28-03-2025T09:46:20 - [TEST_STEP][PASSED] - setValueToCellByIndex(sheet01, n, 0, dashboardName): null

28-03-2025T09:46:20 - [TEST_STEP][PASSED] - setValueToCellByIndex(sheet01, n, 10, user): null

28-03-2025T09:46:20 - [TEST_STEP][PASSED] - setValueToCellByIndex(sheet01, n, 1, a1): null

28-03-2025T09:46:20 - [TEST_STEP][PASSED] - setValueToCellByIndex(sheet01, n, 2, a2): null

28-03-2025T09:46:20 - [TEST_STEP][PASSED] - setValueToCellByIndex(sheet01, n, 3, a3): null

28-03-2025T09:46:20 - [TEST_STEP][PASSED] - setValueToCellByIndex(sheet01, n, 4, a4): null

28-03-2025T09:46:20 - [TEST_STEP][PASSED] - setValueToCellByIndex(sheet01, n, 5, a5): null

28-03-2025T09:46:20 - [TEST_STEP][PASSED] - setValueToCellByIndex(sheet01, n, 6, a6): null

28-03-2025T09:46:20 - [TEST_STEP][PASSED] - setValueToCellByIndex(sheet01, n, 7, a7): null

28-03-2025T09:46:20 - [TEST_STEP][PASSED] - setValueToCellByIndex(sheet01, n, 8, a8): null

28-03-2025T09:46:20 - [TEST_STEP][PASSED] - setValueToCellByIndex(sheet01, n, 9, a9): null

28-03-2025T09:46:20 - [TEST_STEP][PASSED] - n = n + 1: null

28-03-2025T09:46:20 - [TEST_STEP][PASSED] - saveWorkbook(excelFilePath, workbook01): null

28-03-2025T09:46:20 - [TEST_STEP][PASSED] - if (run == 2): null

28-03-2025T09:46:20 - [TEST_STEP][PASSED] - if (run == 3): null

28-03-2025T09:46:20 - [TEST_STEP][PASSED] - closeBrowser(): null

28-03-2025T09:46:20 - [MESSAGE][PASSED] - Browser is closed

28-03-2025T09:46:20 - [TEST_STEP][PASSED] - PrognozPoDZO(user, dashboardName, n, data, run, a1, a2, a3, a4, a5, a6, a7, a8, a9, urlData): null

28-03-2025T09:46:20 - [TEST_STEP][PASSED] - n = data.getRowNumbers() + 1: null

28-03-2025T09:46:20 - [TEST_STEP][PASSED] - println(n): null

28-03-2025T09:46:20 - [TEST_STEP][PASSED] - dashboardName = "Прогноз по ДЗО": null

28-03-2025T09:46:20 - [TEST_STEP][PASSED] - openBrowser(""): Browser is opened with url: ''

28-03-2025T09:46:20 - [MESSAGE][INFO] - Starting 'Chrome' driver

28-03-2025T09:46:20 - [MESSAGE][INFO] - Action delay is set to 0 milliseconds

28-03-2025T09:46:21 - [MESSAGE][PASSED] - Browser is opened with url: ''

28-03-2025T09:46:21 - [TEST_STEP][PASSED] - urlData = 19: null

28-03-2025T09:46:21 - [TEST_STEP][PASSED] - Script1686231490255.CheckPageDownload(urlData, run): null

28-03-2025T09:46:21 - [TEST_STEP][PASSED] - i = 1: null

28-03-2025T09:46:21 - [TEST_STEP][PASSED] - ii = 0: null

28-03-2025T09:46:21 - [TEST_STEP][PASSED] - urlText = <not implemented yet for class: org.codehaus.groovy.ast.expr.EmptyExpression>: null

28-03-2025T09:46:21 - [TEST_STEP][PASSED] - searchWord = <not implemented yet for class: org.codehaus.groovy.ast.expr.EmptyExpression>: null

28-03-2025T09:46:21 - [TEST_STEP][PASSED] - deleteAllCookies(): Delete all cookies successfully

28-03-2025T09:46:21 - [MESSAGE][PASSED] - Delete all cookies successfully

28-03-2025T09:46:21 - [TEST_STEP][PASSED] - refresh(): Refresh successfully

28-03-2025T09:46:21 - [MESSAGE][PASSED] - Refresh successfully

28-03-2025T09:46:21 - [TEST_STEP][PASSED] - delay(70): Delayed 70 second(s)

28-03-2025T09:47:31 - [MESSAGE][PASSED] - Delayed 70 second(s)

28-03-2025T09:47:31 - [TEST_STEP][PASSED] - navigateToUrl(findTestData("PlanFact").getValue(10, urlData)): Navigate to 'https://bi.rosseti.digital/viewer?dashboardGuid=d6acb5b1a7114a9791b34de39263106e&sheetGuid=752a4d1009e74632abe0071aea7fa3c6&fit=true' successfully

28-03-2025T09:47:38 - [MESSAGE][PASSED] - Navigate to 'https://bi.rosseti.digital/viewer?dashboardGuid=d6acb5b1a7114a9791b34de39263106e&sheetGuid=752a4d1009e74632abe0071aea7fa3c6&fit=true' successfully

28-03-2025T09:47:38 - [TEST_STEP][PASSED] - pageLoaded1 = verifyElementPresent(findTestObject("Страница авторизации/Text"), 30): Object 'Object Repository/Страница авторизации/Text' is present

28-03-2025T09:47:39 - [MESSAGE][PASSED] - Object 'Object Repository/Страница авторизации/Text' is present

28-03-2025T09:47:39 - [TEST_STEP][PASSED] - if (pageLoaded1 == false): null

28-03-2025T09:47:39 - [TEST_STEP][PASSED] - urlText = getText(findTestObject("Страница авторизации/Text")): Text of object 'Object Repository/Страница авторизации/Text' is: 'Вход'

28-03-2025T09:47:39 - [MESSAGE][PASSED] - Text of object 'Object Repository/Страница авторизации/Text' is: 'Вход'

28-03-2025T09:47:39 - [TEST_STEP][PASSED] - delay(70): Delayed 70 second(s)

28-03-2025T09:48:49 - [MESSAGE][PASSED] - Delayed 70 second(s)

28-03-2025T09:48:49 - [TEST_STEP][PASSED] - searchWord = "Вход": null

28-03-2025T09:48:49 - [TEST_STEP][PASSED] - if (urlText.contains(searchWord) == false): null

28-03-2025T09:48:49 - [TEST_STEP][PASSED] - setText(findTestObject("Страница авторизации/input__username"), findTestData("PlanFact").getValue(8, run)): Text 'Andreeva-EV' is set on object 'Object Repository/Страница авторизации/input__username'

28-03-2025T09:48:50 - [MESSAGE][PASSED] - Text 'Andreeva-EV' is set on object 'Object Repository/Страница авторизации/input__username'

28-03-2025T09:48:50 - [TEST_STEP][PASSED] - setText(findTestObject("Страница авторизации/input__password"), findTestData("PlanFact").getValue(9, run)): Text '2nPePKDwCPH3ul7xMZ' is set on object 'Object Repository/Страница авторизации/input__password'

28-03-2025T09:48:50 - [MESSAGE][PASSED] - Text '2nPePKDwCPH3ul7xMZ' is set on object 'Object Repository/Страница авторизации/input__password'

28-03-2025T09:48:50 - [TEST_STEP][PASSED] - click(findTestObject("Страница авторизации/button_")): Object: 'Object Repository/Страница авторизации/button_' is clicked on

28-03-2025T09:48:52 - [MESSAGE][PASSED] - Object: 'Object Repository/Страница авторизации/button_' is clicked on

28-03-2025T09:48:52 - [TEST_STEP][PASSED] - delay(70): Delayed 70 second(s)

28-03-2025T09:50:02 - [MESSAGE][PASSED] - Delayed 70 second(s)

28-03-2025T09:50:02 - [TEST_STEP][PASSED] - searchWord = "а": null

28-03-2025T09:50:02 - [TEST_STEP][PASSED] - pageLoaded2 = verifyElementPresent(findTestObject("Страница авторизации/Text"), 50): Object 'Object Repository/Страница авторизации/Text' is present

28-03-2025T09:50:02 - [MESSAGE][PASSED] - Object 'Object Repository/Страница авторизации/Text' is present

28-03-2025T09:50:02 - [TEST_STEP][PASSED] - if (pageLoaded2 == false): null

28-03-2025T09:50:02 - [TEST_STEP][PASSED] - urlText = getText(findTestObject("Страница авторизации/Text")): Text of object 'Object Repository/Страница авторизации/Text' is: 'Сравнение с 
План
абс.
%
Отклонения по ПАО Россети на 2025 год
⬤ Отклонение, %
Выручка отклонения по ПАО Россети на 2025 год
⬤ Отклонение, %
Год 
2025 год
Динамика электропотребления, млрд. кВт.ч.
У виджета нет данных
Выручка, млрд. руб.
У виджета нет данных
Прогноз на месяц 
Ноябрь
КПО/Отпуск из сети 
Отпуск из сети, млн. кВт.ч
Организация 
Все

Прогноз электропотребления и выручки за услуги по передаче в разрезе ДЗО'

28-03-2025T09:50:02 - [MESSAGE][PASSED] - Text of object 'Object Repository/Страница авторизации/Text' is: 'Сравнение с 
План
абс.
%
Отклонения по ПАО Россети на 2025 год
⬤ Отклонение, %
Выручка отклонения по ПАО Россети на 2025 год
⬤ Отклонение, %
Год 
2025 год
Динамика электропотребления, млрд. кВт.ч.
У виджета нет данных
Выручка, млрд. руб.
У виджета нет данных
Прогноз на месяц 
Ноябрь
КПО/Отпуск из сети 
Отпуск из сети, млн. кВт.ч
Организация 
Все

Прогноз электропотребления и выручки за услуги по передаче в разрезе ДЗО'

28-03-2025T09:50:02 - [TEST_STEP][PASSED] - if (urlText.contains("ошибка") || urlText.contains(searchWord) == false): null

28-03-2025T09:50:02 - [TEST_STEP][PASSED] - a3 = "": null

28-03-2025T09:50:02 - [TEST_STEP][PASSED] - a4 = "": null

28-03-2025T09:50:02 - [TEST_STEP][PASSED] - a5 = "": null

28-03-2025T09:50:02 - [TEST_STEP][PASSED] - a6 = "": null

28-03-2025T09:50:02 - [TEST_STEP][PASSED] - a7 = "": null

28-03-2025T09:50:02 - [TEST_STEP][PASSED] - a8 = "": null

28-03-2025T09:50:02 - [TEST_STEP][PASSED] - a9 = "": null

28-03-2025T09:50:02 - [TEST_STEP][PASSED] - if (run == 1): null

28-03-2025T09:50:02 - [TEST_STEP][PASSED] - if (run == 2): null

28-03-2025T09:50:02 - [TEST_STEP][PASSED] - user = "Андреева": null

28-03-2025T09:50:02 - [TEST_STEP][PASSED] - a1 = getText(findTestObject("Прогноз по ДЗО/График1")): Text of object 'Object Repository/Прогноз по ДЗО/График1' is: 'Динамика электропотребления, млрд. кВт.ч.
У виджета нет данных'

28-03-2025T09:50:03 - [MESSAGE][PASSED] - Text of object 'Object Repository/Прогноз по ДЗО/График1' is: 'Динамика электропотребления, млрд. кВт.ч.
У виджета нет данных'

28-03-2025T09:50:03 - [TEST_STEP][PASSED] - i = a1.indexOf("по ПАО Россети на 2023 год"): null

28-03-2025T09:50:03 - [TEST_STEP][PASSED] - if (i > -1): null

28-03-2025T09:50:03 - [TEST_STEP][PASSED] - i = a1.indexOf("Динамика электропотребления, млн. кВт.ч."): null

28-03-2025T09:50:03 - [TEST_STEP][PASSED] - if (i > -1): null

28-03-2025T09:50:03 - [TEST_STEP][PASSED] - a1 = a1.trim(): null

28-03-2025T09:50:03 - [TEST_STEP][PASSED] - a2 = getText(findTestObject("Прогноз по ДЗО/График2")): Text of object 'Object Repository/Прогноз по ДЗО/График2' is: 'Выручка, млрд. руб.
У виджета нет данных'

28-03-2025T09:50:03 - [MESSAGE][PASSED] - Text of object 'Object Repository/Прогноз по ДЗО/График2' is: 'Выручка, млрд. руб.
У виджета нет данных'

28-03-2025T09:50:03 - [TEST_STEP][PASSED] - a3 = getText(findTestObject("Прогноз по ДЗО/График3")): Text of object 'Object Repository/Прогноз по ДЗО/График3' is: 'Отклонения по ПАО Россети на 2025 год
⬤ Отклонение, %'

28-03-2025T09:50:03 - [MESSAGE][PASSED] - Text of object 'Object Repository/Прогноз по ДЗО/График3' is: 'Отклонения по ПАО Россети на 2025 год
⬤ Отклонение, %'

28-03-2025T09:50:03 - [TEST_STEP][PASSED] - a4 = getText(findTestObject("Прогноз по ДЗО/График4")): Text of object 'Object Repository/Прогноз по ДЗО/График4' is: 'Выручка отклонения по ПАО Россети на 2025 год
⬤ Отклонение, %'

28-03-2025T09:50:04 - [MESSAGE][PASSED] - Text of object 'Object Repository/Прогноз по ДЗО/График4' is: 'Выручка отклонения по ПАО Россети на 2025 год
⬤ Отклонение, %'

28-03-2025T09:50:04 - [TEST_STEP][PASSED] - click(findTestObject("Прогноз по ДЗО/Переключить отображение с процентов на абс Блок руководителя")): Object: 'Object Repository/Прогноз по ДЗО/Переключить отображение с процентов на абс Блок руководителя' is clicked on

28-03-2025T09:50:04 - [MESSAGE][PASSED] - Object: 'Object Repository/Прогноз по ДЗО/Переключить отображение с процентов на абс Блок руководителя' is clicked on

28-03-2025T09:50:04 - [TEST_STEP][PASSED] - a5 = getText(findTestObject("Прогноз по ДЗО/График5")): Text of object 'Object Repository/Прогноз по ДЗО/График5' is: 'Отклонения по ПАО Россети на 2025 год
⬤ Отклонение, млн. кВт.ч'

28-03-2025T09:50:04 - [MESSAGE][PASSED] - Text of object 'Object Repository/Прогноз по ДЗО/График5' is: 'Отклонения по ПАО Россети на 2025 год
⬤ Отклонение, млн. кВт.ч'

28-03-2025T09:50:04 - [TEST_STEP][PASSED] - a6 = getText(findTestObject("Прогноз по ДЗО/График6")): Text of object 'Object Repository/Прогноз по ДЗО/График6' is: 'Выручка отклонения по ПАО Россети на 2025 год
⬤ Отклонение, млн. руб'

28-03-2025T09:50:05 - [MESSAGE][PASSED] - Text of object 'Object Repository/Прогноз по ДЗО/График6' is: 'Выручка отклонения по ПАО Россети на 2025 год
⬤ Отклонение, млн. руб'

28-03-2025T09:50:05 - [TEST_STEP][PASSED] - click(findTestObject("Прогноз по ДЗО/Переключить отображение с абс на проценты")): Object: 'Object Repository/Прогноз по ДЗО/Переключить отображение с абс на проценты' is clicked on

28-03-2025T09:50:05 - [MESSAGE][PASSED] - Object: 'Object Repository/Прогноз по ДЗО/Переключить отображение с абс на проценты' is clicked on

28-03-2025T09:50:05 - [TEST_STEP][PASSED] - n = n + 31: null

28-03-2025T09:50:05 - [TEST_STEP][PASSED] - b = n - run + 1: null

28-03-2025T09:50:05 - [TEST_STEP][PASSED] - verifyEqual(findTestData("PlanFact").getValue(2, b), a1): Actual object 'Динамика электропотребления, млрд. кВт.ч.
У виджета нет данных' and expected object 'Динамика электропотребления, млрд. кВт.ч.
У виджета нет данных' are equal

28-03-2025T09:50:05 - [MESSAGE][PASSED] - Actual object 'Динамика электропотребления, млрд. кВт.ч.
У виджета нет данных' and expected object 'Динамика электропотребления, млрд. кВт.ч.
У виджета нет данных' are equal

28-03-2025T09:50:05 - [TEST_STEP][PASSED] - verifyEqual(findTestData("PlanFact").getValue(3, b), a2): Actual object 'Выручка, млрд. руб.
У виджета нет данных' and expected object 'Выручка, млрд. руб.
У виджета нет данных' are equal

28-03-2025T09:50:05 - [MESSAGE][PASSED] - Actual object 'Выручка, млрд. руб.
У виджета нет данных' and expected object 'Выручка, млрд. руб.
У виджета нет данных' are equal

28-03-2025T09:50:05 - [TEST_STEP][PASSED] - verifyEqual(findTestData("PlanFact").getValue(4, b), a3): Actual object 'Отклонения по ПАО Россети на 2025 год
⬤ Отклонение, %' and expected object 'Отклонения по ПАО Россети на 2025 год
⬤ Отклонение, %' are equal

28-03-2025T09:50:05 - [MESSAGE][PASSED] - Actual object 'Отклонения по ПАО Россети на 2025 год
⬤ Отклонение, %' and expected object 'Отклонения по ПАО Россети на 2025 год
⬤ Отклонение, %' are equal

28-03-2025T09:50:05 - [TEST_STEP][PASSED] - verifyEqual(findTestData("PlanFact").getValue(5, b), a4): Actual object 'Выручка отклонения по ПАО Россети на 2025 год
⬤ Отклонение, %' and expected object 'Выручка отклонения по ПАО Россети на 2025 год
⬤ Отклонение, %' are equal

28-03-2025T09:50:05 - [MESSAGE][PASSED] - Actual object 'Выручка отклонения по ПАО Россети на 2025 год
⬤ Отклонение, %' and expected object 'Выручка отклонения по ПАО Россети на 2025 год
⬤ Отклонение, %' are equal

28-03-2025T09:50:05 - [TEST_STEP][PASSED] - verifyEqual(findTestData("PlanFact").getValue(6, b), a5): Actual object 'Отклонения по ПАО Россети на 2025 год
⬤ Отклонение, млн. кВт.ч' and expected object 'Отклонения по ПАО Россети на 2025 год
⬤ Отклонение, млн. кВт.ч' are equal

28-03-2025T09:50:05 - [MESSAGE][PASSED] - Actual object 'Отклонения по ПАО Россети на 2025 год
⬤ Отклонение, млн. кВт.ч' and expected object 'Отклонения по ПАО Россети на 2025 год
⬤ Отклонение, млн. кВт.ч' are equal

28-03-2025T09:50:05 - [TEST_STEP][PASSED] - verifyEqual(findTestData("PlanFact").getValue(7, b), a6): Actual object 'Выручка отклонения по ПАО Россети на 2025 год
⬤ Отклонение, млн. руб' and expected object 'Выручка отклонения по ПАО Россети на 2025 год
⬤ Отклонение, млн. руб' are equal

28-03-2025T09:50:05 - [MESSAGE][PASSED] - Actual object 'Выручка отклонения по ПАО Россети на 2025 год
⬤ Отклонение, млн. руб' and expected object 'Выручка отклонения по ПАО Россети на 2025 год
⬤ Отклонение, млн. руб' are equal

28-03-2025T09:50:05 - [TEST_STEP][PASSED] - Script1686231490255.WriteToExcel(user, dashboardName, n, data, run, a1, a2, a3, a4, a5, a6, a7, a8, a9): null

28-03-2025T09:50:05 - [TEST_STEP][PASSED] - sheetName = "Sheet1": null

28-03-2025T09:50:05 - [TEST_STEP][PASSED] - workbook01 = getWorkbook(excelFilePath): null

28-03-2025T09:50:05 - [TEST_STEP][PASSED] - sheet01 = getExcelSheet(workbook01, sheetName): null

28-03-2025T09:50:05 - [TEST_STEP][PASSED] - setValueToCellByIndex(sheet01, n, 0, dashboardName): null

28-03-2025T09:50:05 - [TEST_STEP][PASSED] - setValueToCellByIndex(sheet01, n, 10, user): null

28-03-2025T09:50:05 - [TEST_STEP][PASSED] - setValueToCellByIndex(sheet01, n, 1, a1): null

28-03-2025T09:50:05 - [TEST_STEP][PASSED] - setValueToCellByIndex(sheet01, n, 2, a2): null

28-03-2025T09:50:05 - [TEST_STEP][PASSED] - setValueToCellByIndex(sheet01, n, 3, a3): null

28-03-2025T09:50:05 - [TEST_STEP][PASSED] - setValueToCellByIndex(sheet01, n, 4, a4): null

28-03-2025T09:50:05 - [TEST_STEP][PASSED] - setValueToCellByIndex(sheet01, n, 5, a5): null

28-03-2025T09:50:05 - [TEST_STEP][PASSED] - setValueToCellByIndex(sheet01, n, 6, a6): null

28-03-2025T09:50:05 - [TEST_STEP][PASSED] - setValueToCellByIndex(sheet01, n, 7, a7): null

28-03-2025T09:50:05 - [TEST_STEP][PASSED] - setValueToCellByIndex(sheet01, n, 8, a8): null

28-03-2025T09:50:05 - [TEST_STEP][PASSED] - setValueToCellByIndex(sheet01, n, 9, a9): null

28-03-2025T09:50:05 - [TEST_STEP][PASSED] - n = n + 1: null

28-03-2025T09:50:05 - [TEST_STEP][PASSED] - saveWorkbook(excelFilePath, workbook01): null

28-03-2025T09:50:06 - [TEST_STEP][PASSED] - if (run == 3): null

28-03-2025T09:50:06 - [TEST_STEP][PASSED] - closeBrowser(): null

28-03-2025T09:50:06 - [MESSAGE][PASSED] - Browser is closed

28-03-2025T09:50:06 - [TEST_STEP][PASSED] - PrognozPoDZO(user, dashboardName, n, data, run, a1, a2, a3, a4, a5, a6, a7, a8, a9, urlData): null

28-03-2025T09:50:06 - [TEST_STEP][PASSED] - n = data.getRowNumbers() + 1: null

28-03-2025T09:50:06 - [TEST_STEP][PASSED] - println(n): null

28-03-2025T09:50:06 - [TEST_STEP][PASSED] - dashboardName = "Прогноз по ДЗО": null

28-03-2025T09:50:06 - [TEST_STEP][PASSED] - openBrowser(""): Browser is opened with url: ''

28-03-2025T09:50:06 - [MESSAGE][INFO] - Starting 'Chrome' driver

28-03-2025T09:50:06 - [MESSAGE][INFO] - Action delay is set to 0 milliseconds

28-03-2025T09:50:07 - [MESSAGE][PASSED] - Browser is opened with url: ''

28-03-2025T09:50:07 - [TEST_STEP][PASSED] - urlData = 19: null

28-03-2025T09:50:07 - [TEST_STEP][PASSED] - Script1686231490255.CheckPageDownload(urlData, run): null

28-03-2025T09:50:07 - [TEST_STEP][PASSED] - i = 1: null

28-03-2025T09:50:07 - [TEST_STEP][PASSED] - ii = 0: null

28-03-2025T09:50:07 - [TEST_STEP][PASSED] - urlText = <not implemented yet for class: org.codehaus.groovy.ast.expr.EmptyExpression>: null

28-03-2025T09:50:07 - [TEST_STEP][PASSED] - searchWord = <not implemented yet for class: org.codehaus.groovy.ast.expr.EmptyExpression>: null

28-03-2025T09:50:07 - [TEST_STEP][PASSED] - deleteAllCookies(): Delete all cookies successfully

28-03-2025T09:50:07 - [MESSAGE][PASSED] - Delete all cookies successfully

28-03-2025T09:50:07 - [TEST_STEP][PASSED] - refresh(): Refresh successfully

28-03-2025T09:50:07 - [MESSAGE][PASSED] - Refresh successfully

28-03-2025T09:50:07 - [TEST_STEP][PASSED] - delay(70): Delayed 70 second(s)

28-03-2025T09:51:17 - [MESSAGE][PASSED] - Delayed 70 second(s)

28-03-2025T09:51:17 - [TEST_STEP][PASSED] - navigateToUrl(findTestData("PlanFact").getValue(10, urlData)): Navigate to 'https://bi.rosseti.digital/viewer?dashboardGuid=d6acb5b1a7114a9791b34de39263106e&sheetGuid=752a4d1009e74632abe0071aea7fa3c6&fit=true' successfully

28-03-2025T09:51:21 - [MESSAGE][PASSED] - Navigate to 'https://bi.rosseti.digital/viewer?dashboardGuid=d6acb5b1a7114a9791b34de39263106e&sheetGuid=752a4d1009e74632abe0071aea7fa3c6&fit=true' successfully

28-03-2025T09:51:21 - [TEST_STEP][PASSED] - pageLoaded1 = verifyElementPresent(findTestObject("Страница авторизации/Text"), 30): Object 'Object Repository/Страница авторизации/Text' is present

28-03-2025T09:51:23 - [MESSAGE][PASSED] - Object 'Object Repository/Страница авторизации/Text' is present

28-03-2025T09:51:23 - [TEST_STEP][PASSED] - if (pageLoaded1 == false): null

28-03-2025T09:51:23 - [TEST_STEP][PASSED] - urlText = getText(findTestObject("Страница авторизации/Text")): Text of object 'Object Repository/Страница авторизации/Text' is: 'Вход'

28-03-2025T09:51:23 - [MESSAGE][PASSED] - Text of object 'Object Repository/Страница авторизации/Text' is: 'Вход'

28-03-2025T09:51:23 - [TEST_STEP][PASSED] - delay(70): Delayed 70 second(s)

28-03-2025T09:52:33 - [MESSAGE][PASSED] - Delayed 70 second(s)

28-03-2025T09:52:33 - [TEST_STEP][PASSED] - searchWord = "Вход": null

28-03-2025T09:52:33 - [TEST_STEP][PASSED] - if (urlText.contains(searchWord) == false): null

28-03-2025T09:52:33 - [TEST_STEP][PASSED] - setText(findTestObject("Страница авторизации/input__username"), findTestData("PlanFact").getValue(8, run)): Text 'Petrova-OV' is set on object 'Object Repository/Страница авторизации/input__username'

28-03-2025T09:52:34 - [MESSAGE][PASSED] - Text 'Petrova-OV' is set on object 'Object Repository/Страница авторизации/input__username'

28-03-2025T09:52:34 - [TEST_STEP][PASSED] - setText(findTestObject("Страница авторизации/input__password"), findTestData("PlanFact").getValue(9, run)): Text '4Ex@~R53r&3x&BVe7' is set on object 'Object Repository/Страница авторизации/input__password'

28-03-2025T09:52:35 - [MESSAGE][PASSED] - Text '4Ex@~R53r&3x&BVe7' is set on object 'Object Repository/Страница авторизации/input__password'

28-03-2025T09:52:35 - [TEST_STEP][PASSED] - click(findTestObject("Страница авторизации/button_")): Object: 'Object Repository/Страница авторизации/button_' is clicked on

28-03-2025T09:52:36 - [MESSAGE][PASSED] - Object: 'Object Repository/Страница авторизации/button_' is clicked on

28-03-2025T09:52:36 - [TEST_STEP][PASSED] - delay(70): Delayed 70 second(s)

28-03-2025T09:53:46 - [MESSAGE][PASSED] - Delayed 70 second(s)

28-03-2025T09:53:46 - [TEST_STEP][PASSED] - searchWord = "а": null

28-03-2025T09:53:46 - [TEST_STEP][PASSED] - pageLoaded2 = verifyElementPresent(findTestObject("Страница авторизации/Text"), 50): Object 'Object Repository/Страница авторизации/Text' is present

28-03-2025T09:53:46 - [MESSAGE][PASSED] - Object 'Object Repository/Страница авторизации/Text' is present

28-03-2025T09:53:46 - [TEST_STEP][PASSED] - if (pageLoaded2 == false): null

28-03-2025T09:53:46 - [TEST_STEP][PASSED] - urlText = getText(findTestObject("Страница авторизации/Text")): Text of object 'Object Repository/Страница авторизации/Text' is: 'Сравнение с 
План
абс.
%
Отклонения по ПАО Россети на 2025 год
⬤ Отклонение, %
Выручка отклонения по ПАО Россети на 2025 год
⬤ Отклонение, %
Год 
2025 год
Динамика электропотребления, млрд. кВт.ч.
У виджета нет данных
Выручка, млрд. руб.
У виджета нет данных
Прогноз на месяц 
Ноябрь
КПО/Отпуск из сети 
Отпуск из сети, млн. кВт.ч
Организация 
Все

Прогноз электропотребления и выручки за услуги по передаче в разрезе ДЗО'

28-03-2025T09:53:47 - [MESSAGE][PASSED] - Text of object 'Object Repository/Страница авторизации/Text' is: 'Сравнение с 
План
абс.
%
Отклонения по ПАО Россети на 2025 год
⬤ Отклонение, %
Выручка отклонения по ПАО Россети на 2025 год
⬤ Отклонение, %
Год 
2025 год
Динамика электропотребления, млрд. кВт.ч.
У виджета нет данных
Выручка, млрд. руб.
У виджета нет данных
Прогноз на месяц 
Ноябрь
КПО/Отпуск из сети 
Отпуск из сети, млн. кВт.ч
Организация 
Все

Прогноз электропотребления и выручки за услуги по передаче в разрезе ДЗО'

28-03-2025T09:53:47 - [TEST_STEP][PASSED] - if (urlText.contains("ошибка") || urlText.contains(searchWord) == false): null

28-03-2025T09:53:47 - [TEST_STEP][PASSED] - a3 = "": null

28-03-2025T09:53:47 - [TEST_STEP][PASSED] - a4 = "": null

28-03-2025T09:53:47 - [TEST_STEP][PASSED] - a5 = "": null

28-03-2025T09:53:47 - [TEST_STEP][PASSED] - a6 = "": null

28-03-2025T09:53:47 - [TEST_STEP][PASSED] - a7 = "": null

28-03-2025T09:53:47 - [TEST_STEP][PASSED] - a8 = "": null

28-03-2025T09:53:47 - [TEST_STEP][PASSED] - a9 = "": null

28-03-2025T09:53:47 - [TEST_STEP][PASSED] - if (run == 1): null

28-03-2025T09:53:47 - [TEST_STEP][PASSED] - if (run == 2): null

28-03-2025T09:53:47 - [TEST_STEP][PASSED] - if (run == 3): null

28-03-2025T09:53:47 - [TEST_STEP][PASSED] - user = "Попова": null

28-03-2025T09:53:47 - [TEST_STEP][PASSED] - a1 = getText(findTestObject("Прогноз по ДЗО/График1")): Text of object 'Object Repository/Прогноз по ДЗО/График1' is: 'Динамика электропотребления, млрд. кВт.ч.
У виджета нет данных'

28-03-2025T09:53:47 - [MESSAGE][PASSED] - Text of object 'Object Repository/Прогноз по ДЗО/График1' is: 'Динамика электропотребления, млрд. кВт.ч.
У виджета нет данных'

28-03-2025T09:53:47 - [TEST_STEP][PASSED] - i = a1.indexOf("по ПАО Россети на 2023 год"): null

28-03-2025T09:53:47 - [TEST_STEP][PASSED] - if (i > -1): null

28-03-2025T09:53:47 - [TEST_STEP][PASSED] - i = a1.indexOf("Динамика электропотребления, млн. кВт.ч."): null

28-03-2025T09:53:47 - [TEST_STEP][PASSED] - if (i > -1): null

28-03-2025T09:53:47 - [TEST_STEP][PASSED] - a1 = a1.trim(): null

28-03-2025T09:53:47 - [TEST_STEP][PASSED] - a2 = getText(findTestObject("Прогноз по ДЗО/График2")): Text of object 'Object Repository/Прогноз по ДЗО/График2' is: 'Выручка, млрд. руб.
У виджета нет данных'

28-03-2025T09:53:47 - [MESSAGE][PASSED] - Text of object 'Object Repository/Прогноз по ДЗО/График2' is: 'Выручка, млрд. руб.
У виджета нет данных'

28-03-2025T09:53:47 - [TEST_STEP][PASSED] - a3 = getText(findTestObject("Прогноз по ДЗО/График3")): Text of object 'Object Repository/Прогноз по ДЗО/График3' is: 'Отклонения по ПАО Россети на 2025 год
⬤ Отклонение, %'

28-03-2025T09:53:48 - [MESSAGE][PASSED] - Text of object 'Object Repository/Прогноз по ДЗО/График3' is: 'Отклонения по ПАО Россети на 2025 год
⬤ Отклонение, %'

28-03-2025T09:53:48 - [TEST_STEP][PASSED] - a4 = getText(findTestObject("Прогноз по ДЗО/График4")): Text of object 'Object Repository/Прогноз по ДЗО/График4' is: 'Выручка отклонения по ПАО Россети на 2025 год
⬤ Отклонение, %'

28-03-2025T09:53:48 - [MESSAGE][PASSED] - Text of object 'Object Repository/Прогноз по ДЗО/График4' is: 'Выручка отклонения по ПАО Россети на 2025 год
⬤ Отклонение, %'

28-03-2025T09:53:48 - [TEST_STEP][PASSED] - click(findTestObject("Прогноз по ДЗО/Переключить отображение с процентов на абс Блок руководителя")): Object: 'Object Repository/Прогноз по ДЗО/Переключить отображение с процентов на абс Блок руководителя' is clicked on

28-03-2025T09:53:48 - [MESSAGE][PASSED] - Object: 'Object Repository/Прогноз по ДЗО/Переключить отображение с процентов на абс Блок руководителя' is clicked on

28-03-2025T09:53:48 - [TEST_STEP][PASSED] - a5 = getText(findTestObject("Прогноз по ДЗО/График5")): Text of object 'Object Repository/Прогноз по ДЗО/График5' is: 'Отклонения по ПАО Россети на 2025 год
⬤ Отклонение, млн. кВт.ч'

28-03-2025T09:53:49 - [MESSAGE][PASSED] - Text of object 'Object Repository/Прогноз по ДЗО/График5' is: 'Отклонения по ПАО Россети на 2025 год
⬤ Отклонение, млн. кВт.ч'

28-03-2025T09:53:49 - [TEST_STEP][PASSED] - a6 = getText(findTestObject("Прогноз по ДЗО/График6")): Text of object 'Object Repository/Прогноз по ДЗО/График6' is: 'Выручка отклонения по ПАО Россети на 2025 год
⬤ Отклонение, млн. руб'

28-03-2025T09:53:49 - [MESSAGE][PASSED] - Text of object 'Object Repository/Прогноз по ДЗО/График6' is: 'Выручка отклонения по ПАО Россети на 2025 год
⬤ Отклонение, млн. руб'

28-03-2025T09:53:49 - [TEST_STEP][PASSED] - click(findTestObject("Прогноз по ДЗО/Переключить отображение с абс на проценты")): Object: 'Object Repository/Прогноз по ДЗО/Переключить отображение с абс на проценты' is clicked on

28-03-2025T09:53:49 - [MESSAGE][PASSED] - Object: 'Object Repository/Прогноз по ДЗО/Переключить отображение с абс на проценты' is clicked on

28-03-2025T09:53:49 - [TEST_STEP][PASSED] - n = n + 32: null

28-03-2025T09:53:49 - [TEST_STEP][PASSED] - b = n - run + 1: null

28-03-2025T09:53:49 - [TEST_STEP][PASSED] - verifyEqual(findTestData("PlanFact").getValue(2, b), a1): Actual object 'Динамика электропотребления, млрд. кВт.ч.
У виджета нет данных' and expected object 'Динамика электропотребления, млрд. кВт.ч.
У виджета нет данных' are equal

28-03-2025T09:53:49 - [MESSAGE][PASSED] - Actual object 'Динамика электропотребления, млрд. кВт.ч.
У виджета нет данных' and expected object 'Динамика электропотребления, млрд. кВт.ч.
У виджета нет данных' are equal

28-03-2025T09:53:49 - [TEST_STEP][PASSED] - verifyEqual(findTestData("PlanFact").getValue(3, b), a2): Actual object 'Выручка, млрд. руб.
У виджета нет данных' and expected object 'Выручка, млрд. руб.
У виджета нет данных' are equal

28-03-2025T09:53:49 - [MESSAGE][PASSED] - Actual object 'Выручка, млрд. руб.
У виджета нет данных' and expected object 'Выручка, млрд. руб.
У виджета нет данных' are equal

28-03-2025T09:53:49 - [TEST_STEP][PASSED] - verifyEqual(findTestData("PlanFact").getValue(4, b), a3): Actual object 'Отклонения по ПАО Россети на 2025 год
⬤ Отклонение, %' and expected object 'Отклонения по ПАО Россети на 2025 год
⬤ Отклонение, %' are equal

28-03-2025T09:53:49 - [MESSAGE][PASSED] - Actual object 'Отклонения по ПАО Россети на 2025 год
⬤ Отклонение, %' and expected object 'Отклонения по ПАО Россети на 2025 год
⬤ Отклонение, %' are equal

28-03-2025T09:53:49 - [TEST_STEP][PASSED] - verifyEqual(findTestData("PlanFact").getValue(5, b), a4): Actual object 'Выручка отклонения по ПАО Россети на 2025 год
⬤ Отклонение, %' and expected object 'Выручка отклонения по ПАО Россети на 2025 год
⬤ Отклонение, %' are equal

28-03-2025T09:53:49 - [MESSAGE][PASSED] - Actual object 'Выручка отклонения по ПАО Россети на 2025 год
⬤ Отклонение, %' and expected object 'Выручка отклонения по ПАО Россети на 2025 год
⬤ Отклонение, %' are equal

28-03-2025T09:53:49 - [TEST_STEP][PASSED] - verifyEqual(findTestData("PlanFact").getValue(6, b), a5): Actual object 'Отклонения по ПАО Россети на 2025 год
⬤ Отклонение, млн. кВт.ч' and expected object 'Отклонения по ПАО Россети на 2025 год
⬤ Отклонение, млн. кВт.ч' are equal

28-03-2025T09:53:49 - [MESSAGE][PASSED] - Actual object 'Отклонения по ПАО Россети на 2025 год
⬤ Отклонение, млн. кВт.ч' and expected object 'Отклонения по ПАО Россети на 2025 год
⬤ Отклонение, млн. кВт.ч' are equal

28-03-2025T09:53:49 - [TEST_STEP][PASSED] - verifyEqual(findTestData("PlanFact").getValue(7, b), a6): Actual object 'Выручка отклонения по ПАО Россети на 2025 год
⬤ Отклонение, млн. руб' and expected object 'Выручка отклонения по ПАО Россети на 2025 год
⬤ Отклонение, млн. руб' are equal

28-03-2025T09:53:50 - [MESSAGE][PASSED] - Actual object 'Выручка отклонения по ПАО Россети на 2025 год
⬤ Отклонение, млн. руб' and expected object 'Выручка отклонения по ПАО Россети на 2025 год
⬤ Отклонение, млн. руб' are equal

28-03-2025T09:53:50 - [TEST_STEP][PASSED] - Script1686231490255.WriteToExcel(user, dashboardName, n, data, run, a1, a2, a3, a4, a5, a6, a7, a8, a9): null

28-03-2025T09:53:50 - [TEST_STEP][PASSED] - sheetName = "Sheet1": null

28-03-2025T09:53:50 - [TEST_STEP][PASSED] - workbook01 = getWorkbook(excelFilePath): null

28-03-2025T09:53:50 - [TEST_STEP][PASSED] - sheet01 = getExcelSheet(workbook01, sheetName): null

28-03-2025T09:53:50 - [TEST_STEP][PASSED] - setValueToCellByIndex(sheet01, n, 0, dashboardName): null

28-03-2025T09:53:50 - [TEST_STEP][PASSED] - setValueToCellByIndex(sheet01, n, 10, user): null

28-03-2025T09:53:50 - [TEST_STEP][PASSED] - setValueToCellByIndex(sheet01, n, 1, a1): null

28-03-2025T09:53:50 - [TEST_STEP][PASSED] - setValueToCellByIndex(sheet01, n, 2, a2): null

28-03-2025T09:53:50 - [TEST_STEP][PASSED] - setValueToCellByIndex(sheet01, n, 3, a3): null

28-03-2025T09:53:50 - [TEST_STEP][PASSED] - setValueToCellByIndex(sheet01, n, 4, a4): null

28-03-2025T09:53:50 - [TEST_STEP][PASSED] - setValueToCellByIndex(sheet01, n, 5, a5): null

28-03-2025T09:53:50 - [TEST_STEP][PASSED] - setValueToCellByIndex(sheet01, n, 6, a6): null

28-03-2025T09:53:50 - [TEST_STEP][PASSED] - setValueToCellByIndex(sheet01, n, 7, a7): null

28-03-2025T09:53:50 - [TEST_STEP][PASSED] - setValueToCellByIndex(sheet01, n, 8, a8): null

28-03-2025T09:53:50 - [TEST_STEP][PASSED] - setValueToCellByIndex(sheet01, n, 9, a9): null

28-03-2025T09:53:50 - [TEST_STEP][PASSED] - n = n + 1: null

28-03-2025T09:53:50 - [TEST_STEP][PASSED] - saveWorkbook(excelFilePath, workbook01): null

28-03-2025T09:53:50 - [TEST_STEP][PASSED] - closeBrowser(): Browser is closed

28-03-2025T09:53:50 - [MESSAGE][PASSED] - Browser is closed

28-03-2025T09:53:50 - [TEST_STEP][PASSED] - delay(70): Delayed 70 second(s)

28-03-2025T09:55:00 - [MESSAGE][PASSED] - Delayed 70 second(s)

28-03-2025T09:55:00 - [TEST_STEP][PASSED] - for ([run = 1, run < 4, (run++)]): null

28-03-2025T09:55:00 - [TEST_STEP][PASSED] - PrognozPoOtraslyam(user, dashboardName, n, data, run, a1, a2, a3, a4, a5, a6, a7, a8, a9, urlData): null

28-03-2025T09:55:00 - [TEST_STEP][PASSED] - n = data.getRowNumbers() + 1: null

28-03-2025T09:55:00 - [TEST_STEP][PASSED] - println(n): null

28-03-2025T09:55:00 - [TEST_STEP][PASSED] - dashboardName = "Прогноз по отраслям": null

28-03-2025T09:55:00 - [TEST_STEP][PASSED] - openBrowser(""): Browser is opened with url: ''

28-03-2025T09:55:00 - [MESSAGE][INFO] - Starting 'Chrome' driver

28-03-2025T09:55:00 - [MESSAGE][INFO] - Action delay is set to 0 milliseconds

28-03-2025T09:55:01 - [MESSAGE][PASSED] - Browser is opened with url: ''

28-03-2025T09:55:01 - [TEST_STEP][PASSED] - urlData = 6: null

28-03-2025T09:55:01 - [TEST_STEP][PASSED] - Script1686231490255.CheckPageDownload(urlData, run): null

28-03-2025T09:55:01 - [TEST_STEP][PASSED] - i = 1: null

28-03-2025T09:55:01 - [TEST_STEP][PASSED] - ii = 0: null

28-03-2025T09:55:01 - [TEST_STEP][PASSED] - urlText = <not implemented yet for class: org.codehaus.groovy.ast.expr.EmptyExpression>: null

28-03-2025T09:55:01 - [TEST_STEP][PASSED] - searchWord = <not implemented yet for class: org.codehaus.groovy.ast.expr.EmptyExpression>: null

28-03-2025T09:55:01 - [TEST_STEP][PASSED] - deleteAllCookies(): Delete all cookies successfully

28-03-2025T09:55:01 - [MESSAGE][PASSED] - Delete all cookies successfully

28-03-2025T09:55:01 - [TEST_STEP][PASSED] - refresh(): Refresh successfully

28-03-2025T09:55:01 - [MESSAGE][PASSED] - Refresh successfully

28-03-2025T09:55:01 - [TEST_STEP][PASSED] - delay(70): Delayed 70 second(s)

28-03-2025T09:56:11 - [MESSAGE][PASSED] - Delayed 70 second(s)

28-03-2025T09:56:11 - [TEST_STEP][PASSED] - navigateToUrl(findTestData("PlanFact").getValue(10, urlData)): Navigate to 'https://bi.rosseti.digital/viewer?dashboardGuid=d6acb5b1a7114a9791b34de39263106e&sheetGuid=0b6d261d7f7b4424a967aa8f3a724189&fit=true' successfully

28-03-2025T09:56:16 - [MESSAGE][PASSED] - Navigate to 'https://bi.rosseti.digital/viewer?dashboardGuid=d6acb5b1a7114a9791b34de39263106e&sheetGuid=0b6d261d7f7b4424a967aa8f3a724189&fit=true' successfully

28-03-2025T09:56:16 - [TEST_STEP][PASSED] - pageLoaded1 = verifyElementPresent(findTestObject("Страница авторизации/Text"), 30): Object 'Object Repository/Страница авторизации/Text' is present

28-03-2025T09:56:16 - [MESSAGE][PASSED] - Object 'Object Repository/Страница авторизации/Text' is present

28-03-2025T09:56:16 - [TEST_STEP][PASSED] - if (pageLoaded1 == false): null

28-03-2025T09:56:16 - [TEST_STEP][PASSED] - urlText = getText(findTestObject("Страница авторизации/Text")): Text of object 'Object Repository/Страница авторизации/Text' is: 'Вход'

28-03-2025T09:56:17 - [MESSAGE][PASSED] - Text of object 'Object Repository/Страница авторизации/Text' is: 'Вход'

28-03-2025T09:56:17 - [TEST_STEP][PASSED] - delay(70): Delayed 70 second(s)

28-03-2025T09:57:27 - [MESSAGE][PASSED] - Delayed 70 second(s)

28-03-2025T09:57:27 - [TEST_STEP][PASSED] - searchWord = "Вход": null

28-03-2025T09:57:27 - [TEST_STEP][PASSED] - if (urlText.contains(searchWord) == false): null

28-03-2025T09:57:27 - [TEST_STEP][PASSED] - setText(findTestObject("Страница авторизации/input__username"), findTestData("PlanFact").getValue(8, run)): Text 'liazgina-di' is set on object 'Object Repository/Страница авторизации/input__username'

28-03-2025T09:57:27 - [MESSAGE][PASSED] - Text 'liazgina-di' is set on object 'Object Repository/Страница авторизации/input__username'

28-03-2025T09:57:27 - [TEST_STEP][PASSED] - setText(findTestObject("Страница авторизации/input__password"), findTestData("PlanFact").getValue(9, run)): Text ')$%5srZ8o688Dm#q' is set on object 'Object Repository/Страница авторизации/input__password'

28-03-2025T09:57:28 - [MESSAGE][PASSED] - Text ')$%5srZ8o688Dm#q' is set on object 'Object Repository/Страница авторизации/input__password'

28-03-2025T09:57:28 - [TEST_STEP][PASSED] - click(findTestObject("Страница авторизации/button_")): Object: 'Object Repository/Страница авторизации/button_' is clicked on

28-03-2025T09:57:29 - [MESSAGE][PASSED] - Object: 'Object Repository/Страница авторизации/button_' is clicked on

28-03-2025T09:57:29 - [TEST_STEP][PASSED] - delay(70): Delayed 70 second(s)

28-03-2025T09:58:39 - [MESSAGE][PASSED] - Delayed 70 second(s)

28-03-2025T09:58:39 - [TEST_STEP][PASSED] - searchWord = "а": null

28-03-2025T09:58:39 - [TEST_STEP][PASSED] - pageLoaded2 = verifyElementPresent(findTestObject("Страница авторизации/Text"), 50): Object 'Object Repository/Страница авторизации/Text' is present

28-03-2025T09:58:40 - [MESSAGE][PASSED] - Object 'Object Repository/Страница авторизации/Text' is present

28-03-2025T09:58:40 - [TEST_STEP][PASSED] - if (pageLoaded2 == false): null

28-03-2025T09:58:40 - [TEST_STEP][PASSED] - urlText = getText(findTestObject("Страница авторизации/Text")): Text of object 'Object Repository/Страница авторизации/Text' is: 'Год 
2023 год
Сравнение с 
План
Динамика электропотребления, млрд. кВт.ч. по ПАО Россети на 2023 год
10 10
190 190
36 36
14 14
9 9
14 14
4 4
17 17
80 80
19 19
82 82
588 588
10 10
197 197
37 37
48 48
10 10
15 15
4 4
18 18
80 80
19 19
82 82
608 608
План
Ожидаемое (прогноз по конца года)
Интер РАО (дляФСК)
Промышленныепотребители
Транспорт
Нефтедобыча
Нефтепереработка
Нефтепроводы
Газопроводы
Сельскоехозяйство ипищеваяпромышленность
Непромышленныепотребители
Государственные(муниципальные)организации ипрочиебюджетныепотребители
Население иприравненныегруппыпотребителей
Территориальныесетевыеорганизации
Выручка по ПАО Россети на 2023 год
5 5
319 319
81 81
16 16
16 16
20 20
2 2
56 56
215 215
67 67
218 218
239 239
6 6
331 331
82 82
77 77
20 20
20 20
3 3
57 57
220 220
68 68
214 214
258 258
План
Ожидаемое (прогноз по конца года)
Интер РАО (дляФСК)
Промышленныепотребители
Транспорт
Нефтедобыча
Нефтепереработка
Нефтепроводы
Газопроводы
Сельскоехозяйство ипищеваяпромышленность
Непромышленныепотребители
Государственные(муниципальные)организации ипрочиебюджетныепотребители
Население иприравненныегруппыпотребителей
Территориальныесетевыеорганизации
Отклонения по ПАО Россети на 2023 год
-4.7% -4.7%
3.8% 3.8%
1.9% 1.9%
230.3% 230.3%
10.9% 10.9%
4.2% 4.2%
21.7% 21.7%
3.9% 3.9%
-0.6% -0.6%
1.6% 1.6%
-1.0% -1.0%
3.3% 3.3%
⬤ Отклонение, %
Интер РАО (для ФСК)
Промышленные потребители
Транспорт
Нефтедобыча
Нефтепереработка
Нефтепроводы
Газопроводы
Сельское хозяйство и пищевая пр…
Непромышленные потребители
Государственные (муниципальные…
Население и приравненные групп…
Территориальные сетевые органи…
Выручка отклонения по ПАО Россети на 2023 год
15.6% 15.6%
3.8% 3.8%
1.2% 1.2%
398.2% 398.2%
26.9% 26.9%
-0.6% -0.6%
26.9% 26.9%
1.5% 1.5%
2.7% 2.7%
2.0% 2.0%
-2.0% -2.0%
7.9% 7.9%
⬤ Отклонение, %
Интер РАО (для ФСК)
Промышленные потребители
Транспорт
Нефтедобыча
Нефтепереработка
Нефтепроводы
Газопроводы
Сельское хозяйство и пищевая пр…
Непромышленные потребители
Государственные (муниципальные…
Население и приравненные групп…
Территориальные сетевые органи…
абс.
%
Прогноз на месяц 
Ноябрь
КПО/Отпуск из сети 
Отпуск из сети, млн. кВт.ч
Организация 
Все
Прогноз электропотребления и выручки за услуги по передаче в разрезе отраслей'

28-03-2025T09:58:40 - [MESSAGE][PASSED] - Text of object 'Object Repository/Страница авторизации/Text' is: 'Год 
2023 год
Сравнение с 
План
Динамика электропотребления, млрд. кВт.ч. по ПАО Россети на 2023 год
10 10
190 190
36 36
14 14
9 9
14 14
4 4
17 17
80 80
19 19
82 82
588 588
10 10
197 197
37 37
48 48
10 10
15 15
4 4
18 18
80 80
19 19
82 82
608 608
План
Ожидаемое (прогноз по конца года)
Интер РАО (дляФСК)
Промышленныепотребители
Транспорт
Нефтедобыча
Нефтепереработка
Нефтепроводы
Газопроводы
Сельскоехозяйство ипищеваяпромышленность
Непромышленныепотребители
Государственные(муниципальные)организации ипрочиебюджетныепотребители
Население иприравненныегруппыпотребителей
Территориальныесетевыеорганизации
Выручка по ПАО Россети на 2023 год
5 5
319 319
81 81
16 16
16 16
20 20
2 2
56 56
215 215
67 67
218 218
239 239
6 6
331 331
82 82
77 77
20 20
20 20
3 3
57 57
220 220
68 68
214 214
258 258
План
Ожидаемое (прогноз по конца года)
Интер РАО (дляФСК)
Промышленныепотребители
Транспорт
Нефтедобыча
Нефтепереработка
Нефтепроводы
Газопроводы
Сельскоехозяйство ипищеваяпромышленность
Непромышленныепотребители
Государственные(муниципальные)организации ипрочиебюджетныепотребители
Население иприравненныегруппыпотребителей
Территориальныесетевыеорганизации
Отклонения по ПАО Россети на 2023 год
-4.7% -4.7%
3.8% 3.8%
1.9% 1.9%
230.3% 230.3%
10.9% 10.9%
4.2% 4.2%
21.7% 21.7%
3.9% 3.9%
-0.6% -0.6%
1.6% 1.6%
-1.0% -1.0%
3.3% 3.3%
⬤ Отклонение, %
Интер РАО (для ФСК)
Промышленные потребители
Транспорт
Нефтедобыча
Нефтепереработка
Нефтепроводы
Газопроводы
Сельское хозяйство и пищевая пр…
Непромышленные потребители
Государственные (муниципальные…
Население и приравненные групп…
Территориальные сетевые органи…
Выручка отклонения по ПАО Россети на 2023 год
15.6% 15.6%
3.8% 3.8%
1.2% 1.2%
398.2% 398.2%
26.9% 26.9%
-0.6% -0.6%
26.9% 26.9%
1.5% 1.5%
2.7% 2.7%
2.0% 2.0%
-2.0% -2.0%
7.9% 7.9%
⬤ Отклонение, %
Интер РАО (для ФСК)
Промышленные потребители
Транспорт
Нефтедобыча
Нефтепереработка
Нефтепроводы
Газопроводы
Сельское хозяйство и пищевая пр…
Непромышленные потребители
Государственные (муниципальные…
Население и приравненные групп…
Территориальные сетевые органи…
абс.
%
Прогноз на месяц 
Ноябрь
КПО/Отпуск из сети 
Отпуск из сети, млн. кВт.ч
Организация 
Все
Прогноз электропотребления и выручки за услуги по передаче в разрезе отраслей'

28-03-2025T09:58:40 - [TEST_STEP][PASSED] - if (urlText.contains("ошибка") || urlText.contains(searchWord) == false): null

28-03-2025T09:58:40 - [TEST_STEP][PASSED] - a3 = "": null

28-03-2025T09:58:40 - [TEST_STEP][PASSED] - a4 = "": null

28-03-2025T09:58:40 - [TEST_STEP][PASSED] - a5 = "": null

28-03-2025T09:58:40 - [TEST_STEP][PASSED] - a6 = "": null

28-03-2025T09:58:40 - [TEST_STEP][PASSED] - a7 = "": null

28-03-2025T09:58:40 - [TEST_STEP][PASSED] - a8 = "": null

28-03-2025T09:58:40 - [TEST_STEP][PASSED] - a9 = "": null

28-03-2025T09:58:40 - [TEST_STEP][PASSED] - if (run == 1): null

28-03-2025T09:58:40 - [TEST_STEP][PASSED] - user = "админ": null

28-03-2025T09:58:40 - [TEST_STEP][PASSED] - a1 = getText(findTestObject("Прогноз по отраслям/Виджеты дашборда")): Text of object 'Object Repository/Прогноз по отраслям/Виджеты дашборда' is: 'Год 
2023 год
Сравнение с 
План
Динамика электропотребления, млрд. кВт.ч. по ПАО Россети на 2023 год
10 10
190 190
36 36
14 14
9 9
14 14
4 4
17 17
80 80
19 19
82 82
588 588
10 10
197 197
37 37
48 48
10 10
15 15
4 4
18 18
80 80
19 19
82 82
608 608
План
Ожидаемое (прогноз по конца года)
Интер РАО (дляФСК)
Промышленныепотребители
Транспорт
Нефтедобыча
Нефтепереработка
Нефтепроводы
Газопроводы
Сельскоехозяйство ипищеваяпромышленность
Непромышленныепотребители
Государственные(муниципальные)организации ипрочиебюджетныепотребители
Население иприравненныегруппыпотребителей
Территориальныесетевыеорганизации
Выручка по ПАО Россети на 2023 год
5 5
319 319
81 81
16 16
16 16
20 20
2 2
56 56
215 215
67 67
218 218
239 239
6 6
331 331
82 82
77 77
20 20
20 20
3 3
57 57
220 220
68 68
214 214
258 258
План
Ожидаемое (прогноз по конца года)
Интер РАО (дляФСК)
Промышленныепотребители
Транспорт
Нефтедобыча
Нефтепереработка
Нефтепроводы
Газопроводы
Сельскоехозяйство ипищеваяпромышленность
Непромышленныепотребители
Государственные(муниципальные)организации ипрочиебюджетныепотребители
Население иприравненныегруппыпотребителей
Территориальныесетевыеорганизации
Отклонения по ПАО Россети на 2023 год
-4.7% -4.7%
3.8% 3.8%
1.9% 1.9%
230.3% 230.3%
10.9% 10.9%
4.2% 4.2%
21.7% 21.7%
3.9% 3.9%
-0.6% -0.6%
1.6% 1.6%
-1.0% -1.0%
3.3% 3.3%
⬤ Отклонение, %
Интер РАО (для ФСК)
Промышленные потребители
Транспорт
Нефтедобыча
Нефтепереработка
Нефтепроводы
Газопроводы
Сельское хозяйство и пищевая пр…
Непромышленные потребители
Государственные (муниципальные…
Население и приравненные групп…
Территориальные сетевые органи…
Выручка отклонения по ПАО Россети на 2023 год
15.6% 15.6%
3.8% 3.8%
1.2% 1.2%
398.2% 398.2%
26.9% 26.9%
-0.6% -0.6%
26.9% 26.9%
1.5% 1.5%
2.7% 2.7%
2.0% 2.0%
-2.0% -2.0%
7.9% 7.9%
⬤ Отклонение, %
Интер РАО (для ФСК)
Промышленные потребители
Транспорт
Нефтедобыча
Нефтепереработка
Нефтепроводы
Газопроводы
Сельское хозяйство и пищевая пр…
Непромышленные потребители
Государственные (муниципальные…
Население и приравненные групп…
Территориальные сетевые органи…
абс.
%
Прогноз на месяц 
Ноябрь
КПО/Отпуск из сети 
Отпуск из сети, млн. кВт.ч
Организация 
Все
Прогноз электропотребления и выручки за услуги по передаче в разрезе отраслей'

28-03-2025T09:58:41 - [MESSAGE][PASSED] - Text of object 'Object Repository/Прогноз по отраслям/Виджеты дашборда' is: 'Год 
2023 год
Сравнение с 
План
Динамика электропотребления, млрд. кВт.ч. по ПАО Россети на 2023 год
10 10
190 190
36 36
14 14
9 9
14 14
4 4
17 17
80 80
19 19
82 82
588 588
10 10
197 197
37 37
48 48
10 10
15 15
4 4
18 18
80 80
19 19
82 82
608 608
План
Ожидаемое (прогноз по конца года)
Интер РАО (дляФСК)
Промышленныепотребители
Транспорт
Нефтедобыча
Нефтепереработка
Нефтепроводы
Газопроводы
Сельскоехозяйство ипищеваяпромышленность
Непромышленныепотребители
Государственные(муниципальные)организации ипрочиебюджетныепотребители
Население иприравненныегруппыпотребителей
Территориальныесетевыеорганизации
Выручка по ПАО Россети на 2023 год
5 5
319 319
81 81
16 16
16 16
20 20
2 2
56 56
215 215
67 67
218 218
239 239
6 6
331 331
82 82
77 77
20 20
20 20
3 3
57 57
220 220
68 68
214 214
258 258
План
Ожидаемое (прогноз по конца года)
Интер РАО (дляФСК)
Промышленныепотребители
Транспорт
Нефтедобыча
Нефтепереработка
Нефтепроводы
Газопроводы
Сельскоехозяйство ипищеваяпромышленность
Непромышленныепотребители
Государственные(муниципальные)организации ипрочиебюджетныепотребители
Население иприравненныегруппыпотребителей
Территориальныесетевыеорганизации
Отклонения по ПАО Россети на 2023 год
-4.7% -4.7%
3.8% 3.8%
1.9% 1.9%
230.3% 230.3%
10.9% 10.9%
4.2% 4.2%
21.7% 21.7%
3.9% 3.9%
-0.6% -0.6%
1.6% 1.6%
-1.0% -1.0%
3.3% 3.3%
⬤ Отклонение, %
Интер РАО (для ФСК)
Промышленные потребители
Транспорт
Нефтедобыча
Нефтепереработка
Нефтепроводы
Газопроводы
Сельское хозяйство и пищевая пр…
Непромышленные потребители
Государственные (муниципальные…
Население и приравненные групп…
Территориальные сетевые органи…
Выручка отклонения по ПАО Россети на 2023 год
15.6% 15.6%
3.8% 3.8%
1.2% 1.2%
398.2% 398.2%
26.9% 26.9%
-0.6% -0.6%
26.9% 26.9%
1.5% 1.5%
2.7% 2.7%
2.0% 2.0%
-2.0% -2.0%
7.9% 7.9%
⬤ Отклонение, %
Интер РАО (для ФСК)
Промышленные потребители
Транспорт
Нефтедобыча
Нефтепереработка
Нефтепроводы
Газопроводы
Сельское хозяйство и пищевая пр…
Непромышленные потребители
Государственные (муниципальные…
Население и приравненные групп…
Территориальные сетевые органи…
абс.
%
Прогноз на месяц 
Ноябрь
КПО/Отпуск из сети 
Отпуск из сети, млн. кВт.ч
Организация 
Все
Прогноз электропотребления и выручки за услуги по передаче в разрезе отраслей'

28-03-2025T09:58:41 - [TEST_STEP][PASSED] - click(findTestObject("Прогноз по отраслям/Переключить отображение с процентов на абс Блок руководителя")): Object: 'Object Repository/Прогноз по отраслям/Переключить отображение с процентов на абс Блок руководителя' is clicked on

28-03-2025T09:58:41 - [MESSAGE][PASSED] - Object: 'Object Repository/Прогноз по отраслям/Переключить отображение с процентов на абс Блок руководителя' is clicked on

28-03-2025T09:58:41 - [TEST_STEP][PASSED] - a2 = getText(findTestObject("Прогноз по отраслям/Виджеты дашборда")): Text of object 'Object Repository/Прогноз по отраслям/Виджеты дашборда' is: 'Год 
2023 год
Сравнение с 
План
Отклонения по ПАО Россети на 2023 год
-492.2 -492.2
7 165.1 7 165.1
689.3 689.3
33 271.7 33 271.7
986.4 986.4
593.8 593.8
764.0 764.0
670.4 670.4
-592.4 -592.4
308.8 308.8
-940.9 -940.9
19 604.1 19 604.1
⬤ Отклонение, млн. кВт.ч
Интер РАО (для ФСК)
Промышленные потребители
Транспорт
Нефтедобыча
Нефтепереработка
Нефтепроводы
Газопроводы
Сельское хозяйство и пищевая пр…
Непромышленные потребители
Государственные (муниципальные…
Население и приравненные групп…
Территориальные сетевые органи…
Выручка отклонения по ПАО Россети на 2023 год
794.9 794.9
12 195.0 12 195.0
972.7 972.7
61 803.9 61 803.9
4 222.3 4 222.3
-121.8 -121.8
666.2 666.2
873.2 873.2
5 809.6 5 809.6
1 342.6 1 342.6
-4 463.2 -4 463.2
18 375.5 18 375.5
⬤ Отклонение, млн. руб.
Интер РАО (для ФСК)
Промышленные потребители
Транспорт
Нефтедобыча
Нефтепереработка
Нефтепроводы
Газопроводы
Сельское хозяйство и пищевая пр…
Непромышленные потребители
Государственные (муниципальные…
Население и приравненные групп…
Территориальные сетевые органи…
Динамика электропотребления, млрд. кВт.ч. по ПАО Россети на 2023 год
10 10
190 190
36 36
14 14
9 9
14 14
4 4
17 17
80 80
19 19
82 82
588 588
10 10
197 197
37 37
48 48
10 10
15 15
4 4
18 18
80 80
19 19
82 82
608 608
План
Ожидаемое (прогноз по конца года)
Интер РАО (дляФСК)
Промышленныепотребители
Транспорт
Нефтедобыча
Нефтепереработка
Нефтепроводы
Газопроводы
Сельскоехозяйство ипищеваяпромышленность
Непромышленныепотребители
Государственные(муниципальные)организации ипрочиебюджетныепотребители
Население иприравненныегруппыпотребителей
Территориальныесетевыеорганизации
Выручка по ПАО Россети на 2023 год
5 5
319 319
81 81
16 16
16 16
20 20
2 2
56 56
215 215
67 67
218 218
239 239
6 6
331 331
82 82
77 77
20 20
20 20
3 3
57 57
220 220
68 68
214 214
258 258
План
Ожидаемое (прогноз по конца года)
Интер РАО (дляФСК)
Промышленныепотребители
Транспорт
Нефтедобыча
Нефтепереработка
Нефтепроводы
Газопроводы
Сельскоехозяйство ипищеваяпромышленность
Непромышленныепотребители
Государственные(муниципальные)организации ипрочиебюджетныепотребители
Население иприравненныегруппыпотребителей
Территориальныесетевыеорганизации
абс.
%
Прогноз на месяц 
Ноябрь
КПО/Отпуск из сети 
Отпуск из сети, млн. кВт.ч
Организация 
Все
Прогноз электропотребления и выручки за услуги по передаче в разрезе отраслей'

28-03-2025T09:58:42 - [MESSAGE][PASSED] - Text of object 'Object Repository/Прогноз по отраслям/Виджеты дашборда' is: 'Год 
2023 год
Сравнение с 
План
Отклонения по ПАО Россети на 2023 год
-492.2 -492.2
7 165.1 7 165.1
689.3 689.3
33 271.7 33 271.7
986.4 986.4
593.8 593.8
764.0 764.0
670.4 670.4
-592.4 -592.4
308.8 308.8
-940.9 -940.9
19 604.1 19 604.1
⬤ Отклонение, млн. кВт.ч
Интер РАО (для ФСК)
Промышленные потребители
Транспорт
Нефтедобыча
Нефтепереработка
Нефтепроводы
Газопроводы
Сельское хозяйство и пищевая пр…
Непромышленные потребители
Государственные (муниципальные…
Население и приравненные групп…
Территориальные сетевые органи…
Выручка отклонения по ПАО Россети на 2023 год
794.9 794.9
12 195.0 12 195.0
972.7 972.7
61 803.9 61 803.9
4 222.3 4 222.3
-121.8 -121.8
666.2 666.2
873.2 873.2
5 809.6 5 809.6
1 342.6 1 342.6
-4 463.2 -4 463.2
18 375.5 18 375.5
⬤ Отклонение, млн. руб.
Интер РАО (для ФСК)
Промышленные потребители
Транспорт
Нефтедобыча
Нефтепереработка
Нефтепроводы
Газопроводы
Сельское хозяйство и пищевая пр…
Непромышленные потребители
Государственные (муниципальные…
Население и приравненные групп…
Территориальные сетевые органи…
Динамика электропотребления, млрд. кВт.ч. по ПАО Россети на 2023 год
10 10
190 190
36 36
14 14
9 9
14 14
4 4
17 17
80 80
19 19
82 82
588 588
10 10
197 197
37 37
48 48
10 10
15 15
4 4
18 18
80 80
19 19
82 82
608 608
План
Ожидаемое (прогноз по конца года)
Интер РАО (дляФСК)
Промышленныепотребители
Транспорт
Нефтедобыча
Нефтепереработка
Нефтепроводы
Газопроводы
Сельскоехозяйство ипищеваяпромышленность
Непромышленныепотребители
Государственные(муниципальные)организации ипрочиебюджетныепотребители
Население иприравненныегруппыпотребителей
Территориальныесетевыеорганизации
Выручка по ПАО Россети на 2023 год
5 5
319 319
81 81
16 16
16 16
20 20
2 2
56 56
215 215
67 67
218 218
239 239
6 6
331 331
82 82
77 77
20 20
20 20
3 3
57 57
220 220
68 68
214 214
258 258
План
Ожидаемое (прогноз по конца года)
Интер РАО (дляФСК)
Промышленныепотребители
Транспорт
Нефтедобыча
Нефтепереработка
Нефтепроводы
Газопроводы
Сельскоехозяйство ипищеваяпромышленность
Непромышленныепотребители
Государственные(муниципальные)организации ипрочиебюджетныепотребители
Население иприравненныегруппыпотребителей
Территориальныесетевыеорганизации
абс.
%
Прогноз на месяц 
Ноябрь
КПО/Отпуск из сети 
Отпуск из сети, млн. кВт.ч
Организация 
Все
Прогноз электропотребления и выручки за услуги по передаче в разрезе отраслей'

28-03-2025T09:58:42 - [TEST_STEP][PASSED] - click(findTestObject("Прогноз по отраслям/Переключить отображение с абс на проценты")): Object: 'Object Repository/Прогноз по отраслям/Переключить отображение с абс на проценты' is clicked on

28-03-2025T09:58:42 - [MESSAGE][PASSED] - Object: 'Object Repository/Прогноз по отраслям/Переключить отображение с абс на проценты' is clicked on

28-03-2025T09:58:42 - [TEST_STEP][PASSED] - i = a1.indexOf("млрд. кВт.ч."): null

28-03-2025T09:58:42 - [TEST_STEP][PASSED] - if (i > -1): null

28-03-2025T09:58:42 - [TEST_STEP][PASSED] - a1 = a1.substring(0, i) + a1.substring(i + 12, a1.length()): null

28-03-2025T09:58:42 - [TEST_STEP][PASSED] - i = a1.indexOf("Выручка"): null

28-03-2025T09:58:42 - [TEST_STEP][PASSED] - if (i > -1): null

28-03-2025T09:58:42 - [TEST_STEP][PASSED] - a1 = a1.substring(0, i) + a1.substring(i + 8, a1.length()): null

28-03-2025T09:58:42 - [TEST_STEP][PASSED] - i = a1.indexOf("по ПАО Россети на 2023 год"): null

28-03-2025T09:58:42 - [TEST_STEP][PASSED] - if (i > -1): null

28-03-2025T09:58:42 - [TEST_STEP][PASSED] - a1 = a1.substring(0, i) + a1.substring(i + 27, a1.length()): null

28-03-2025T09:58:42 - [TEST_STEP][PASSED] - i = a1.indexOf("по ПАО Россети на 2023 год"): null

28-03-2025T09:58:42 - [TEST_STEP][PASSED] - if (i > -1): null

28-03-2025T09:58:42 - [TEST_STEP][PASSED] - a1 = a1.substring(0, i) + a1.substring(i + 27, a1.length()): null

28-03-2025T09:58:42 - [TEST_STEP][PASSED] - i = a1.indexOf("по ПАО Россети на 2023 год"): null

28-03-2025T09:58:42 - [TEST_STEP][PASSED] - if (i > -1): null

28-03-2025T09:58:42 - [TEST_STEP][PASSED] - a1 = a1.substring(0, i) + a1.substring(i + 27, a1.length()): null

28-03-2025T09:58:42 - [TEST_STEP][PASSED] - i = a1.indexOf("Отклонения"): null

28-03-2025T09:58:42 - [TEST_STEP][PASSED] - if (i > -1): null

28-03-2025T09:58:42 - [TEST_STEP][PASSED] - a1 = a1.substring(0, i) + a1.substring(i + 11, a1.length()): null

28-03-2025T09:58:42 - [TEST_STEP][PASSED] - n = n + 33: null

28-03-2025T09:58:42 - [TEST_STEP][PASSED] - Script1686231490255.WriteToExcel(user, dashboardName, n, data, run, a1, a2, a3, a4, a5, a6, a7, a8, a9): null

28-03-2025T09:58:42 - [TEST_STEP][PASSED] - sheetName = "Sheet1": null

28-03-2025T09:58:42 - [TEST_STEP][PASSED] - workbook01 = getWorkbook(excelFilePath): null

28-03-2025T09:58:42 - [TEST_STEP][PASSED] - sheet01 = getExcelSheet(workbook01, sheetName): null

28-03-2025T09:58:42 - [TEST_STEP][PASSED] - setValueToCellByIndex(sheet01, n, 0, dashboardName): null

28-03-2025T09:58:42 - [TEST_STEP][PASSED] - setValueToCellByIndex(sheet01, n, 10, user): null

28-03-2025T09:58:42 - [TEST_STEP][PASSED] - setValueToCellByIndex(sheet01, n, 1, a1): null

28-03-2025T09:58:42 - [TEST_STEP][PASSED] - setValueToCellByIndex(sheet01, n, 2, a2): null

28-03-2025T09:58:42 - [TEST_STEP][PASSED] - setValueToCellByIndex(sheet01, n, 3, a3): null

28-03-2025T09:58:42 - [TEST_STEP][PASSED] - setValueToCellByIndex(sheet01, n, 4, a4): null

28-03-2025T09:58:42 - [TEST_STEP][PASSED] - setValueToCellByIndex(sheet01, n, 5, a5): null

28-03-2025T09:58:42 - [TEST_STEP][PASSED] - setValueToCellByIndex(sheet01, n, 6, a6): null

28-03-2025T09:58:42 - [TEST_STEP][PASSED] - setValueToCellByIndex(sheet01, n, 7, a7): null

28-03-2025T09:58:42 - [TEST_STEP][PASSED] - setValueToCellByIndex(sheet01, n, 8, a8): null

28-03-2025T09:58:42 - [TEST_STEP][PASSED] - setValueToCellByIndex(sheet01, n, 9, a9): null

28-03-2025T09:58:42 - [TEST_STEP][PASSED] - n = n + 1: null

28-03-2025T09:58:42 - [TEST_STEP][PASSED] - saveWorkbook(excelFilePath, workbook01): null

28-03-2025T09:58:42 - [TEST_STEP][PASSED] - if (run == 2): null

28-03-2025T09:58:42 - [TEST_STEP][PASSED] - if (run == 3): null

28-03-2025T09:58:42 - [TEST_STEP][PASSED] - closeBrowser(): null

28-03-2025T09:58:42 - [MESSAGE][PASSED] - Browser is closed

28-03-2025T09:58:42 - [TEST_STEP][PASSED] - PrognozPoOtraslyam(user, dashboardName, n, data, run, a1, a2, a3, a4, a5, a6, a7, a8, a9, urlData): null

28-03-2025T09:58:42 - [TEST_STEP][PASSED] - n = data.getRowNumbers() + 1: null

28-03-2025T09:58:42 - [TEST_STEP][PASSED] - println(n): null

28-03-2025T09:58:42 - [TEST_STEP][PASSED] - dashboardName = "Прогноз по отраслям": null

28-03-2025T09:58:42 - [TEST_STEP][PASSED] - openBrowser(""): Browser is opened with url: ''

28-03-2025T09:58:42 - [MESSAGE][INFO] - Starting 'Chrome' driver

28-03-2025T09:58:42 - [MESSAGE][INFO] - Action delay is set to 0 milliseconds

28-03-2025T09:58:43 - [MESSAGE][PASSED] - Browser is opened with url: ''

28-03-2025T09:58:43 - [TEST_STEP][PASSED] - urlData = 6: null

28-03-2025T09:58:43 - [TEST_STEP][PASSED] - Script1686231490255.CheckPageDownload(urlData, run): null

28-03-2025T09:58:43 - [TEST_STEP][PASSED] - i = 1: null

28-03-2025T09:58:43 - [TEST_STEP][PASSED] - ii = 0: null

28-03-2025T09:58:43 - [TEST_STEP][PASSED] - urlText = <not implemented yet for class: org.codehaus.groovy.ast.expr.EmptyExpression>: null

28-03-2025T09:58:43 - [TEST_STEP][PASSED] - searchWord = <not implemented yet for class: org.codehaus.groovy.ast.expr.EmptyExpression>: null

28-03-2025T09:58:43 - [TEST_STEP][PASSED] - deleteAllCookies(): Delete all cookies successfully

28-03-2025T09:58:43 - [MESSAGE][PASSED] - Delete all cookies successfully

28-03-2025T09:58:43 - [TEST_STEP][PASSED] - refresh(): Refresh successfully

28-03-2025T09:58:43 - [MESSAGE][PASSED] - Refresh successfully

28-03-2025T09:58:43 - [TEST_STEP][PASSED] - delay(70): Delayed 70 second(s)

28-03-2025T09:59:53 - [MESSAGE][PASSED] - Delayed 70 second(s)

28-03-2025T09:59:53 - [TEST_STEP][PASSED] - navigateToUrl(findTestData("PlanFact").getValue(10, urlData)): Navigate to 'https://bi.rosseti.digital/viewer?dashboardGuid=d6acb5b1a7114a9791b34de39263106e&sheetGuid=0b6d261d7f7b4424a967aa8f3a724189&fit=true' successfully

28-03-2025T09:59:57 - [MESSAGE][PASSED] - Navigate to 'https://bi.rosseti.digital/viewer?dashboardGuid=d6acb5b1a7114a9791b34de39263106e&sheetGuid=0b6d261d7f7b4424a967aa8f3a724189&fit=true' successfully

28-03-2025T09:59:57 - [TEST_STEP][PASSED] - pageLoaded1 = verifyElementPresent(findTestObject("Страница авторизации/Text"), 30): Object 'Object Repository/Страница авторизации/Text' is present

28-03-2025T09:59:59 - [MESSAGE][PASSED] - Object 'Object Repository/Страница авторизации/Text' is present

28-03-2025T09:59:59 - [TEST_STEP][PASSED] - if (pageLoaded1 == false): null

28-03-2025T09:59:59 - [TEST_STEP][PASSED] - urlText = getText(findTestObject("Страница авторизации/Text")): Text of object 'Object Repository/Страница авторизации/Text' is: 'Вход'

28-03-2025T09:59:59 - [MESSAGE][PASSED] - Text of object 'Object Repository/Страница авторизации/Text' is: 'Вход'

28-03-2025T09:59:59 - [TEST_STEP][PASSED] - delay(70): Delayed 70 second(s)

28-03-2025T10:01:09 - [MESSAGE][PASSED] - Delayed 70 second(s)

28-03-2025T10:01:09 - [TEST_STEP][PASSED] - searchWord = "Вход": null

28-03-2025T10:01:09 - [TEST_STEP][PASSED] - if (urlText.contains(searchWord) == false): null

28-03-2025T10:01:09 - [TEST_STEP][PASSED] - setText(findTestObject("Страница авторизации/input__username"), findTestData("PlanFact").getValue(8, run)): Text 'Andreeva-EV' is set on object 'Object Repository/Страница авторизации/input__username'

28-03-2025T10:01:10 - [MESSAGE][PASSED] - Text 'Andreeva-EV' is set on object 'Object Repository/Страница авторизации/input__username'

28-03-2025T10:01:10 - [TEST_STEP][PASSED] - setText(findTestObject("Страница авторизации/input__password"), findTestData("PlanFact").getValue(9, run)): Text '2nPePKDwCPH3ul7xMZ' is set on object 'Object Repository/Страница авторизации/input__password'

28-03-2025T10:01:11 - [MESSAGE][PASSED] - Text '2nPePKDwCPH3ul7xMZ' is set on object 'Object Repository/Страница авторизации/input__password'

28-03-2025T10:01:11 - [TEST_STEP][PASSED] - click(findTestObject("Страница авторизации/button_")): Object: 'Object Repository/Страница авторизации/button_' is clicked on

28-03-2025T10:01:12 - [MESSAGE][PASSED] - Object: 'Object Repository/Страница авторизации/button_' is clicked on

28-03-2025T10:01:12 - [TEST_STEP][PASSED] - delay(70): Delayed 70 second(s)

28-03-2025T10:02:22 - [MESSAGE][PASSED] - Delayed 70 second(s)

28-03-2025T10:02:22 - [TEST_STEP][PASSED] - searchWord = "а": null

28-03-2025T10:02:22 - [TEST_STEP][PASSED] - pageLoaded2 = verifyElementPresent(findTestObject("Страница авторизации/Text"), 50): Object 'Object Repository/Страница авторизации/Text' is present

28-03-2025T10:02:22 - [MESSAGE][PASSED] - Object 'Object Repository/Страница авторизации/Text' is present

28-03-2025T10:02:22 - [TEST_STEP][PASSED] - if (pageLoaded2 == false): null

28-03-2025T10:02:22 - [TEST_STEP][PASSED] - urlText = getText(findTestObject("Страница авторизации/Text")): Text of object 'Object Repository/Страница авторизации/Text' is: 'Год 
2023 год
Сравнение с 
План
Динамика электропотребления, млрд. кВт.ч. по ПАО Россети на 2023 год
10 10
190 190
36 36
14 14
9 9
14 14
4 4
17 17
80 80
19 19
82 82
588 588
10 10
197 197
37 37
48 48
10 10
15 15
4 4
18 18
80 80
19 19
82 82
608 608
План
Ожидаемое (прогноз по конца года)
Интер РАО (дляФСК)
Промышленныепотребители
Транспорт
Нефтедобыча
Нефтепереработка
Нефтепроводы
Газопроводы
Сельскоехозяйство ипищеваяпромышленность
Непромышленныепотребители
Государственные(муниципальные)организации ипрочиебюджетныепотребители
Население иприравненныегруппыпотребителей
Территориальныесетевыеорганизации
Выручка по ПАО Россети на 2023 год
5 5
319 319
81 81
16 16
16 16
20 20
2 2
56 56
215 215
67 67
218 218
239 239
6 6
331 331
82 82
77 77
20 20
20 20
3 3
57 57
220 220
68 68
214 214
258 258
План
Ожидаемое (прогноз по конца года)
Интер РАО (дляФСК)
Промышленныепотребители
Транспорт
Нефтедобыча
Нефтепереработка
Нефтепроводы
Газопроводы
Сельскоехозяйство ипищеваяпромышленность
Непромышленныепотребители
Государственные(муниципальные)организации ипрочиебюджетныепотребители
Население иприравненныегруппыпотребителей
Территориальныесетевыеорганизации
Отклонения по ПАО Россети на 2023 год
-4.7% -4.7%
3.8% 3.8%
1.9% 1.9%
230.3% 230.3%
10.9% 10.9%
4.2% 4.2%
21.7% 21.7%
3.9% 3.9%
-0.6% -0.6%
1.6% 1.6%
-1.0% -1.0%
3.3% 3.3%
⬤ Отклонение, %
Интер РАО (для ФСК)
Промышленные потребители
Транспорт
Нефтедобыча
Нефтепереработка
Нефтепроводы
Газопроводы
Сельское хозяйство и пищевая пр…
Непромышленные потребители
Государственные (муниципальные…
Население и приравненные групп…
Территориальные сетевые органи…
Выручка отклонения по ПАО Россети на 2023 год
15.6% 15.6%
3.8% 3.8%
1.2% 1.2%
398.2% 398.2%
26.9% 26.9%
-0.6% -0.6%
26.9% 26.9%
1.5% 1.5%
2.7% 2.7%
2.0% 2.0%
-2.0% -2.0%
7.9% 7.9%
⬤ Отклонение, %
Интер РАО (для ФСК)
Промышленные потребители
Транспорт
Нефтедобыча
Нефтепереработка
Нефтепроводы
Газопроводы
Сельское хозяйство и пищевая пр…
Непромышленные потребители
Государственные (муниципальные…
Население и приравненные групп…
Территориальные сетевые органи…
абс.
%
Прогноз на месяц 
Ноябрь
КПО/Отпуск из сети 
Отпуск из сети, млн. кВт.ч
Организация 
Все
Прогноз электропотребления и выручки за услуги по передаче в разрезе отраслей'

28-03-2025T10:02:23 - [MESSAGE][PASSED] - Text of object 'Object Repository/Страница авторизации/Text' is: 'Год 
2023 год
Сравнение с 
План
Динамика электропотребления, млрд. кВт.ч. по ПАО Россети на 2023 год
10 10
190 190
36 36
14 14
9 9
14 14
4 4
17 17
80 80
19 19
82 82
588 588
10 10
197 197
37 37
48 48
10 10
15 15
4 4
18 18
80 80
19 19
82 82
608 608
План
Ожидаемое (прогноз по конца года)
Интер РАО (дляФСК)
Промышленныепотребители
Транспорт
Нефтедобыча
Нефтепереработка
Нефтепроводы
Газопроводы
Сельскоехозяйство ипищеваяпромышленность
Непромышленныепотребители
Государственные(муниципальные)организации ипрочиебюджетныепотребители
Население иприравненныегруппыпотребителей
Территориальныесетевыеорганизации
Выручка по ПАО Россети на 2023 год
5 5
319 319
81 81
16 16
16 16
20 20
2 2
56 56
215 215
67 67
218 218
239 239
6 6
331 331
82 82
77 77
20 20
20 20
3 3
57 57
220 220
68 68
214 214
258 258
План
Ожидаемое (прогноз по конца года)
Интер РАО (дляФСК)
Промышленныепотребители
Транспорт
Нефтедобыча
Нефтепереработка
Нефтепроводы
Газопроводы
Сельскоехозяйство ипищеваяпромышленность
Непромышленныепотребители
Государственные(муниципальные)организации ипрочиебюджетныепотребители
Население иприравненныегруппыпотребителей
Территориальныесетевыеорганизации
Отклонения по ПАО Россети на 2023 год
-4.7% -4.7%
3.8% 3.8%
1.9% 1.9%
230.3% 230.3%
10.9% 10.9%
4.2% 4.2%
21.7% 21.7%
3.9% 3.9%
-0.6% -0.6%
1.6% 1.6%
-1.0% -1.0%
3.3% 3.3%
⬤ Отклонение, %
Интер РАО (для ФСК)
Промышленные потребители
Транспорт
Нефтедобыча
Нефтепереработка
Нефтепроводы
Газопроводы
Сельское хозяйство и пищевая пр…
Непромышленные потребители
Государственные (муниципальные…
Население и приравненные групп…
Территориальные сетевые органи…
Выручка отклонения по ПАО Россети на 2023 год
15.6% 15.6%
3.8% 3.8%
1.2% 1.2%
398.2% 398.2%
26.9% 26.9%
-0.6% -0.6%
26.9% 26.9%
1.5% 1.5%
2.7% 2.7%
2.0% 2.0%
-2.0% -2.0%
7.9% 7.9%
⬤ Отклонение, %
Интер РАО (для ФСК)
Промышленные потребители
Транспорт
Нефтедобыча
Нефтепереработка
Нефтепроводы
Газопроводы
Сельское хозяйство и пищевая пр…
Непромышленные потребители
Государственные (муниципальные…
Население и приравненные групп…
Территориальные сетевые органи…
абс.
%
Прогноз на месяц 
Ноябрь
КПО/Отпуск из сети 
Отпуск из сети, млн. кВт.ч
Организация 
Все
Прогноз электропотребления и выручки за услуги по передаче в разрезе отраслей'

28-03-2025T10:02:23 - [TEST_STEP][PASSED] - if (urlText.contains("ошибка") || urlText.contains(searchWord) == false): null

28-03-2025T10:02:23 - [TEST_STEP][PASSED] - a3 = "": null

28-03-2025T10:02:23 - [TEST_STEP][PASSED] - a4 = "": null

28-03-2025T10:02:23 - [TEST_STEP][PASSED] - a5 = "": null

28-03-2025T10:02:23 - [TEST_STEP][PASSED] - a6 = "": null

28-03-2025T10:02:23 - [TEST_STEP][PASSED] - a7 = "": null

28-03-2025T10:02:23 - [TEST_STEP][PASSED] - a8 = "": null

28-03-2025T10:02:23 - [TEST_STEP][PASSED] - a9 = "": null

28-03-2025T10:02:23 - [TEST_STEP][PASSED] - if (run == 1): null

28-03-2025T10:02:23 - [TEST_STEP][PASSED] - if (run == 2): null

28-03-2025T10:02:23 - [TEST_STEP][PASSED] - user = "Андреева": null

28-03-2025T10:02:23 - [TEST_STEP][PASSED] - a1 = getText(findTestObject("Прогноз по отраслям/Виджеты дашборда")): Text of object 'Object Repository/Прогноз по отраслям/Виджеты дашборда' is: 'Год 
2023 год
Сравнение с 
План
Динамика электропотребления, млрд. кВт.ч. по ПАО Россети на 2023 год
10 10
190 190
36 36
14 14
9 9
14 14
4 4
17 17
80 80
19 19
82 82
588 588
10 10
197 197
37 37
48 48
10 10
15 15
4 4
18 18
80 80
19 19
82 82
608 608
План
Ожидаемое (прогноз по конца года)
Интер РАО (дляФСК)
Промышленныепотребители
Транспорт
Нефтедобыча
Нефтепереработка
Нефтепроводы
Газопроводы
Сельскоехозяйство ипищеваяпромышленность
Непромышленныепотребители
Государственные(муниципальные)организации ипрочиебюджетныепотребители
Население иприравненныегруппыпотребителей
Территориальныесетевыеорганизации
Выручка по ПАО Россети на 2023 год
5 5
319 319
81 81
16 16
16 16
20 20
2 2
56 56
215 215
67 67
218 218
239 239
6 6
331 331
82 82
77 77
20 20
20 20
3 3
57 57
220 220
68 68
214 214
258 258
План
Ожидаемое (прогноз по конца года)
Интер РАО (дляФСК)
Промышленныепотребители
Транспорт
Нефтедобыча
Нефтепереработка
Нефтепроводы
Газопроводы
Сельскоехозяйство ипищеваяпромышленность
Непромышленныепотребители
Государственные(муниципальные)организации ипрочиебюджетныепотребители
Население иприравненныегруппыпотребителей
Территориальныесетевыеорганизации
Отклонения по ПАО Россети на 2023 год
-4.7% -4.7%
3.8% 3.8%
1.9% 1.9%
230.3% 230.3%
10.9% 10.9%
4.2% 4.2%
21.7% 21.7%
3.9% 3.9%
-0.6% -0.6%
1.6% 1.6%
-1.0% -1.0%
3.3% 3.3%
⬤ Отклонение, %
Интер РАО (для ФСК)
Промышленные потребители
Транспорт
Нефтедобыча
Нефтепереработка
Нефтепроводы
Газопроводы
Сельское хозяйство и пищевая пр…
Непромышленные потребители
Государственные (муниципальные…
Население и приравненные групп…
Территориальные сетевые органи…
Выручка отклонения по ПАО Россети на 2023 год
15.6% 15.6%
3.8% 3.8%
1.2% 1.2%
398.2% 398.2%
26.9% 26.9%
-0.6% -0.6%
26.9% 26.9%
1.5% 1.5%
2.7% 2.7%
2.0% 2.0%
-2.0% -2.0%
7.9% 7.9%
⬤ Отклонение, %
Интер РАО (для ФСК)
Промышленные потребители
Транспорт
Нефтедобыча
Нефтепереработка
Нефтепроводы
Газопроводы
Сельское хозяйство и пищевая пр…
Непромышленные потребители
Государственные (муниципальные…
Население и приравненные групп…
Территориальные сетевые органи…
абс.
%
Прогноз на месяц 
Ноябрь
КПО/Отпуск из сети 
Отпуск из сети, млн. кВт.ч
Организация 
Все
Прогноз электропотребления и выручки за услуги по передаче в разрезе отраслей'

28-03-2025T10:02:23 - [MESSAGE][PASSED] - Text of object 'Object Repository/Прогноз по отраслям/Виджеты дашборда' is: 'Год 
2023 год
Сравнение с 
План
Динамика электропотребления, млрд. кВт.ч. по ПАО Россети на 2023 год
10 10
190 190
36 36
14 14
9 9
14 14
4 4
17 17
80 80
19 19
82 82
588 588
10 10
197 197
37 37
48 48
10 10
15 15
4 4
18 18
80 80
19 19
82 82
608 608
План
Ожидаемое (прогноз по конца года)
Интер РАО (дляФСК)
Промышленныепотребители
Транспорт
Нефтедобыча
Нефтепереработка
Нефтепроводы
Газопроводы
Сельскоехозяйство ипищеваяпромышленность
Непромышленныепотребители
Государственные(муниципальные)организации ипрочиебюджетныепотребители
Население иприравненныегруппыпотребителей
Территориальныесетевыеорганизации
Выручка по ПАО Россети на 2023 год
5 5
319 319
81 81
16 16
16 16
20 20
2 2
56 56
215 215
67 67
218 218
239 239
6 6
331 331
82 82
77 77
20 20
20 20
3 3
57 57
220 220
68 68
214 214
258 258
План
Ожидаемое (прогноз по конца года)
Интер РАО (дляФСК)
Промышленныепотребители
Транспорт
Нефтедобыча
Нефтепереработка
Нефтепроводы
Газопроводы
Сельскоехозяйство ипищеваяпромышленность
Непромышленныепотребители
Государственные(муниципальные)организации ипрочиебюджетныепотребители
Население иприравненныегруппыпотребителей
Территориальныесетевыеорганизации
Отклонения по ПАО Россети на 2023 год
-4.7% -4.7%
3.8% 3.8%
1.9% 1.9%
230.3% 230.3%
10.9% 10.9%
4.2% 4.2%
21.7% 21.7%
3.9% 3.9%
-0.6% -0.6%
1.6% 1.6%
-1.0% -1.0%
3.3% 3.3%
⬤ Отклонение, %
Интер РАО (для ФСК)
Промышленные потребители
Транспорт
Нефтедобыча
Нефтепереработка
Нефтепроводы
Газопроводы
Сельское хозяйство и пищевая пр…
Непромышленные потребители
Государственные (муниципальные…
Население и приравненные групп…
Территориальные сетевые органи…
Выручка отклонения по ПАО Россети на 2023 год
15.6% 15.6%
3.8% 3.8%
1.2% 1.2%
398.2% 398.2%
26.9% 26.9%
-0.6% -0.6%
26.9% 26.9%
1.5% 1.5%
2.7% 2.7%
2.0% 2.0%
-2.0% -2.0%
7.9% 7.9%
⬤ Отклонение, %
Интер РАО (для ФСК)
Промышленные потребители
Транспорт
Нефтедобыча
Нефтепереработка
Нефтепроводы
Газопроводы
Сельское хозяйство и пищевая пр…
Непромышленные потребители
Государственные (муниципальные…
Население и приравненные групп…
Территориальные сетевые органи…
абс.
%
Прогноз на месяц 
Ноябрь
КПО/Отпуск из сети 
Отпуск из сети, млн. кВт.ч
Организация 
Все
Прогноз электропотребления и выручки за услуги по передаче в разрезе отраслей'

28-03-2025T10:02:23 - [TEST_STEP][PASSED] - click(findTestObject("Прогноз по отраслям/Переключить отображение с процентов на абс Блок руководителя")): Object: 'Object Repository/Прогноз по отраслям/Переключить отображение с процентов на абс Блок руководителя' is clicked on

28-03-2025T10:02:23 - [MESSAGE][PASSED] - Object: 'Object Repository/Прогноз по отраслям/Переключить отображение с процентов на абс Блок руководителя' is clicked on

28-03-2025T10:02:23 - [TEST_STEP][PASSED] - a2 = getText(findTestObject("Прогноз по отраслям/Виджеты дашборда")): Text of object 'Object Repository/Прогноз по отраслям/Виджеты дашборда' is: 'Год 
2023 год
Сравнение с 
План
Отклонения по ПАО Россети на 2023 год
-492.2 -492.2
7 165.1 7 165.1
689.3 689.3
33 271.7 33 271.7
986.4 986.4
593.8 593.8
764.0 764.0
670.4 670.4
-592.4 -592.4
308.8 308.8
-940.9 -940.9
19 604.1 19 604.1
⬤ Отклонение, млн. кВт.ч
Интер РАО (для ФСК)
Промышленные потребители
Транспорт
Нефтедобыча
Нефтепереработка
Нефтепроводы
Газопроводы
Сельское хозяйство и пищевая пр…
Непромышленные потребители
Государственные (муниципальные…
Население и приравненные групп…
Территориальные сетевые органи…
Выручка отклонения по ПАО Россети на 2023 год
794.9 794.9
12 195.0 12 195.0
972.7 972.7
61 803.9 61 803.9
4 222.3 4 222.3
-121.8 -121.8
666.2 666.2
873.2 873.2
5 809.6 5 809.6
1 342.6 1 342.6
-4 463.2 -4 463.2
18 375.5 18 375.5
⬤ Отклонение, млн. руб.
Интер РАО (для ФСК)
Промышленные потребители
Транспорт
Нефтедобыча
Нефтепереработка
Нефтепроводы
Газопроводы
Сельское хозяйство и пищевая пр…
Непромышленные потребители
Государственные (муниципальные…
Население и приравненные групп…
Территориальные сетевые органи…
Динамика электропотребления, млрд. кВт.ч. по ПАО Россети на 2023 год
10 10
190 190
36 36
14 14
9 9
14 14
4 4
17 17
80 80
19 19
82 82
588 588
10 10
197 197
37 37
48 48
10 10
15 15
4 4
18 18
80 80
19 19
82 82
608 608
План
Ожидаемое (прогноз по конца года)
Интер РАО (дляФСК)
Промышленныепотребители
Транспорт
Нефтедобыча
Нефтепереработка
Нефтепроводы
Газопроводы
Сельскоехозяйство ипищеваяпромышленность
Непромышленныепотребители
Государственные(муниципальные)организации ипрочиебюджетныепотребители
Население иприравненныегруппыпотребителей
Территориальныесетевыеорганизации
Выручка по ПАО Россети на 2023 год
5 5
319 319
81 81
16 16
16 16
20 20
2 2
56 56
215 215
67 67
218 218
239 239
6 6
331 331
82 82
77 77
20 20
20 20
3 3
57 57
220 220
68 68
214 214
258 258
План
Ожидаемое (прогноз по конца года)
Интер РАО (дляФСК)
Промышленныепотребители
Транспорт
Нефтедобыча
Нефтепереработка
Нефтепроводы
Газопроводы
Сельскоехозяйство ипищеваяпромышленность
Непромышленныепотребители
Государственные(муниципальные)организации ипрочиебюджетныепотребители
Население иприравненныегруппыпотребителей
Территориальныесетевыеорганизации
абс.
%
Прогноз на месяц 
Ноябрь
КПО/Отпуск из сети 
Отпуск из сети, млн. кВт.ч
Организация 
Все
Прогноз электропотребления и выручки за услуги по передаче в разрезе отраслей'

28-03-2025T10:02:24 - [MESSAGE][PASSED] - Text of object 'Object Repository/Прогноз по отраслям/Виджеты дашборда' is: 'Год 
2023 год
Сравнение с 
План
Отклонения по ПАО Россети на 2023 год
-492.2 -492.2
7 165.1 7 165.1
689.3 689.3
33 271.7 33 271.7
986.4 986.4
593.8 593.8
764.0 764.0
670.4 670.4
-592.4 -592.4
308.8 308.8
-940.9 -940.9
19 604.1 19 604.1
⬤ Отклонение, млн. кВт.ч
Интер РАО (для ФСК)
Промышленные потребители
Транспорт
Нефтедобыча
Нефтепереработка
Нефтепроводы
Газопроводы
Сельское хозяйство и пищевая пр…
Непромышленные потребители
Государственные (муниципальные…
Население и приравненные групп…
Территориальные сетевые органи…
Выручка отклонения по ПАО Россети на 2023 год
794.9 794.9
12 195.0 12 195.0
972.7 972.7
61 803.9 61 803.9
4 222.3 4 222.3
-121.8 -121.8
666.2 666.2
873.2 873.2
5 809.6 5 809.6
1 342.6 1 342.6
-4 463.2 -4 463.2
18 375.5 18 375.5
⬤ Отклонение, млн. руб.
Интер РАО (для ФСК)
Промышленные потребители
Транспорт
Нефтедобыча
Нефтепереработка
Нефтепроводы
Газопроводы
Сельское хозяйство и пищевая пр…
Непромышленные потребители
Государственные (муниципальные…
Население и приравненные групп…
Территориальные сетевые органи…
Динамика электропотребления, млрд. кВт.ч. по ПАО Россети на 2023 год
10 10
190 190
36 36
14 14
9 9
14 14
4 4
17 17
80 80
19 19
82 82
588 588
10 10
197 197
37 37
48 48
10 10
15 15
4 4
18 18
80 80
19 19
82 82
608 608
План
Ожидаемое (прогноз по конца года)
Интер РАО (дляФСК)
Промышленныепотребители
Транспорт
Нефтедобыча
Нефтепереработка
Нефтепроводы
Газопроводы
Сельскоехозяйство ипищеваяпромышленность
Непромышленныепотребители
Государственные(муниципальные)организации ипрочиебюджетныепотребители
Население иприравненныегруппыпотребителей
Территориальныесетевыеорганизации
Выручка по ПАО Россети на 2023 год
5 5
319 319
81 81
16 16
16 16
20 20
2 2
56 56
215 215
67 67
218 218
239 239
6 6
331 331
82 82
77 77
20 20
20 20
3 3
57 57
220 220
68 68
214 214
258 258
План
Ожидаемое (прогноз по конца года)
Интер РАО (дляФСК)
Промышленныепотребители
Транспорт
Нефтедобыча
Нефтепереработка
Нефтепроводы
Газопроводы
Сельскоехозяйство ипищеваяпромышленность
Непромышленныепотребители
Государственные(муниципальные)организации ипрочиебюджетныепотребители
Население иприравненныегруппыпотребителей
Территориальныесетевыеорганизации
абс.
%
Прогноз на месяц 
Ноябрь
КПО/Отпуск из сети 
Отпуск из сети, млн. кВт.ч
Организация 
Все
Прогноз электропотребления и выручки за услуги по передаче в разрезе отраслей'

28-03-2025T10:02:24 - [TEST_STEP][PASSED] - click(findTestObject("Прогноз по отраслям/Переключить отображение с абс на проценты")): Object: 'Object Repository/Прогноз по отраслям/Переключить отображение с абс на проценты' is clicked on

28-03-2025T10:02:24 - [MESSAGE][PASSED] - Object: 'Object Repository/Прогноз по отраслям/Переключить отображение с абс на проценты' is clicked on

28-03-2025T10:02:24 - [TEST_STEP][PASSED] - i = a1.indexOf("млрд. кВт.ч."): null

28-03-2025T10:02:24 - [TEST_STEP][PASSED] - if (i > -1): null

28-03-2025T10:02:24 - [TEST_STEP][PASSED] - a1 = a1.substring(0, i) + a1.substring(i + 12, a1.length()): null

28-03-2025T10:02:24 - [TEST_STEP][PASSED] - i = a1.indexOf("по ПАО Россети на 2023 год"): null

28-03-2025T10:02:24 - [TEST_STEP][PASSED] - if (i > -1): null

28-03-2025T10:02:24 - [TEST_STEP][PASSED] - a1 = a1.substring(0, i) + a1.substring(i + 27, a1.length()): null

28-03-2025T10:02:24 - [TEST_STEP][PASSED] - i = a1.indexOf("Выручка"): null

28-03-2025T10:02:24 - [TEST_STEP][PASSED] - if (i > -1): null

28-03-2025T10:02:24 - [TEST_STEP][PASSED] - a1 = a1.substring(0, i) + a1.substring(i + 8, a1.length()): null

28-03-2025T10:02:24 - [TEST_STEP][PASSED] - i = a1.indexOf("по ПАО Россети на 2023 год"): null

28-03-2025T10:02:24 - [TEST_STEP][PASSED] - if (i > -1): null

28-03-2025T10:02:24 - [TEST_STEP][PASSED] - a1 = a1.substring(0, i) + a1.substring(i + 27, a1.length()): null

28-03-2025T10:02:24 - [TEST_STEP][PASSED] - i = a1.indexOf("по ПАО Россети на 2023 год"): null

28-03-2025T10:02:24 - [TEST_STEP][PASSED] - if (i > -1): null

28-03-2025T10:02:24 - [TEST_STEP][PASSED] - a1 = a1.substring(0, i) + a1.substring(i + 27, a1.length()): null

28-03-2025T10:02:24 - [TEST_STEP][PASSED] - i = a1.indexOf("Отклонения по ПАО Россети на 2023 год"): null

28-03-2025T10:02:24 - [TEST_STEP][PASSED] - if (i > -1): null

28-03-2025T10:02:24 - [TEST_STEP][PASSED] - i = a1.indexOf("Отклонения"): null

28-03-2025T10:02:24 - [TEST_STEP][PASSED] - if (i > -1): null

28-03-2025T10:02:24 - [TEST_STEP][PASSED] - a1 = a1.substring(0, i) + a1.substring(i + 11, a1.length()): null

28-03-2025T10:02:24 - [TEST_STEP][PASSED] - n = n + 34: null

28-03-2025T10:02:24 - [TEST_STEP][PASSED] - b = n - run + 1: null

28-03-2025T10:02:24 - [TEST_STEP][PASSED] - verifyEqual(findTestData("PlanFact").getValue(2, b), a1): Actual object 'Год 
2023 год
Сравнение с 
План
Динамика электропотребления,  10 10
190 190
36 36
14 14
9 9
14 14
4 4
17 17
80 80
19 19
82 82
588 588
10 10
197 197
37 37
48 48
10 10
15 15
4 4
18 18
80 80
19 19
82 82
608 608
План
Ожидаемое (прогноз по конца года)
Интер РАО (дляФСК)
Промышленныепотребители
Транспорт
Нефтедобыча
Нефтепереработка
Нефтепроводы
Газопроводы
Сельскоехозяйство ипищеваяпромышленность
Непромышленныепотребители
Государственные(муниципальные)организации ипрочиебюджетныепотребители
Население иприравненныегруппыпотребителей
Территориальныесетевыеорганизации
5 5
319 319
81 81
16 16
16 16
20 20
2 2
56 56
215 215
67 67
218 218
239 239
6 6
331 331
82 82
77 77
20 20
20 20
3 3
57 57
220 220
68 68
214 214
258 258
План
Ожидаемое (прогноз по конца года)
Интер РАО (дляФСК)
Промышленныепотребители
Транспорт
Нефтедобыча
Нефтепереработка
Нефтепроводы
Газопроводы
Сельскоехозяйство ипищеваяпромышленность
Непромышленныепотребители
Государственные(муниципальные)организации ипрочиебюджетныепотребители
Население иприравненныегруппыпотребителей
Территориальныесетевыеорганизации
-4.7% -4.7%
3.8% 3.8%
1.9% 1.9%
230.3% 230.3%
10.9% 10.9%
4.2% 4.2%
21.7% 21.7%
3.9% 3.9%
-0.6% -0.6%
1.6% 1.6%
-1.0% -1.0%
3.3% 3.3%
⬤ Отклонение, %
Интер РАО (для ФСК)
Промышленные потребители
Транспорт
Нефтедобыча
Нефтепереработка
Нефтепроводы
Газопроводы
Сельское хозяйство и пищевая пр…
Непромышленные потребители
Государственные (муниципальные…
Население и приравненные групп…
Территориальные сетевые органи…
Выручка отклонения по ПАО Россети на 2023 год
15.6% 15.6%
3.8% 3.8%
1.2% 1.2%
398.2% 398.2%
26.9% 26.9%
-0.6% -0.6%
26.9% 26.9%
1.5% 1.5%
2.7% 2.7%
2.0% 2.0%
-2.0% -2.0%
7.9% 7.9%
⬤ Отклонение, %
Интер РАО (для ФСК)
Промышленные потребители
Транспорт
Нефтедобыча
Нефтепереработка
Нефтепроводы
Газопроводы
Сельское хозяйство и пищевая пр…
Непромышленные потребители
Государственные (муниципальные…
Население и приравненные групп…
Территориальные сетевые органи…
абс.
%
Прогноз на месяц 
Ноябрь
КПО/Отпуск из сети 
Отпуск из сети, млн. кВт.ч
Организация 
Все
Прогноз электропотребления и выручки за услуги по передаче в разрезе отраслей' and expected object 'Год 
2023 год
Сравнение с 
План
Динамика электропотребления,  10 10
190 190
36 36
14 14
9 9
14 14
4 4
17 17
80 80
19 19
82 82
588 588
10 10
197 197
37 37
48 48
10 10
15 15
4 4
18 18
80 80
19 19
82 82
608 608
План
Ожидаемое (прогноз по конца года)
Интер РАО (дляФСК)
Промышленныепотребители
Транспорт
Нефтедобыча
Нефтепереработка
Нефтепроводы
Газопроводы
Сельскоехозяйство ипищеваяпромышленность
Непромышленныепотребители
Государственные(муниципальные)организации ипрочиебюджетныепотребители
Население иприравненныегруппыпотребителей
Территориальныесетевыеорганизации
5 5
319 319
81 81
16 16
16 16
20 20
2 2
56 56
215 215
67 67
218 218
239 239
6 6
331 331
82 82
77 77
20 20
20 20
3 3
57 57
220 220
68 68
214 214
258 258
План
Ожидаемое (прогноз по конца года)
Интер РАО (дляФСК)
Промышленныепотребители
Транспорт
Нефтедобыча
Нефтепереработка
Нефтепроводы
Газопроводы
Сельскоехозяйство ипищеваяпромышленность
Непромышленныепотребители
Государственные(муниципальные)организации ипрочиебюджетныепотребители
Население иприравненныегруппыпотребителей
Территориальныесетевыеорганизации
-4.7% -4.7%
3.8% 3.8%
1.9% 1.9%
230.3% 230.3%
10.9% 10.9%
4.2% 4.2%
21.7% 21.7%
3.9% 3.9%
-0.6% -0.6%
1.6% 1.6%
-1.0% -1.0%
3.3% 3.3%
⬤ Отклонение, %
Интер РАО (для ФСК)
Промышленные потребители
Транспорт
Нефтедобыча
Нефтепереработка
Нефтепроводы
Газопроводы
Сельское хозяйство и пищевая пр…
Непромышленные потребители
Государственные (муниципальные…
Население и приравненные групп…
Территориальные сетевые органи…
Выручка отклонения по ПАО Россети на 2023 год
15.6% 15.6%
3.8% 3.8%
1.2% 1.2%
398.2% 398.2%
26.9% 26.9%
-0.6% -0.6%
26.9% 26.9%
1.5% 1.5%
2.7% 2.7%
2.0% 2.0%
-2.0% -2.0%
7.9% 7.9%
⬤ Отклонение, %
Интер РАО (для ФСК)
Промышленные потребители
Транспорт
Нефтедобыча
Нефтепереработка
Нефтепроводы
Газопроводы
Сельское хозяйство и пищевая пр…
Непромышленные потребители
Государственные (муниципальные…
Население и приравненные групп…
Территориальные сетевые органи…
абс.
%
Прогноз на месяц 
Ноябрь
КПО/Отпуск из сети 
Отпуск из сети, млн. кВт.ч
Организация 
Все
Прогноз электропотребления и выручки за услуги по передаче в разрезе отраслей' are equal

28-03-2025T10:02:24 - [MESSAGE][PASSED] - Actual object 'Год 
2023 год
Сравнение с 
План
Динамика электропотребления,  10 10
190 190
36 36
14 14
9 9
14 14
4 4
17 17
80 80
19 19
82 82
588 588
10 10
197 197
37 37
48 48
10 10
15 15
4 4
18 18
80 80
19 19
82 82
608 608
План
Ожидаемое (прогноз по конца года)
Интер РАО (дляФСК)
Промышленныепотребители
Транспорт
Нефтедобыча
Нефтепереработка
Нефтепроводы
Газопроводы
Сельскоехозяйство ипищеваяпромышленность
Непромышленныепотребители
Государственные(муниципальные)организации ипрочиебюджетныепотребители
Население иприравненныегруппыпотребителей
Территориальныесетевыеорганизации
5 5
319 319
81 81
16 16
16 16
20 20
2 2
56 56
215 215
67 67
218 218
239 239
6 6
331 331
82 82
77 77
20 20
20 20
3 3
57 57
220 220
68 68
214 214
258 258
План
Ожидаемое (прогноз по конца года)
Интер РАО (дляФСК)
Промышленныепотребители
Транспорт
Нефтедобыча
Нефтепереработка
Нефтепроводы
Газопроводы
Сельскоехозяйство ипищеваяпромышленность
Непромышленныепотребители
Государственные(муниципальные)организации ипрочиебюджетныепотребители
Население иприравненныегруппыпотребителей
Территориальныесетевыеорганизации
-4.7% -4.7%
3.8% 3.8%
1.9% 1.9%
230.3% 230.3%
10.9% 10.9%
4.2% 4.2%
21.7% 21.7%
3.9% 3.9%
-0.6% -0.6%
1.6% 1.6%
-1.0% -1.0%
3.3% 3.3%
⬤ Отклонение, %
Интер РАО (для ФСК)
Промышленные потребители
Транспорт
Нефтедобыча
Нефтепереработка
Нефтепроводы
Газопроводы
Сельское хозяйство и пищевая пр…
Непромышленные потребители
Государственные (муниципальные…
Население и приравненные групп…
Территориальные сетевые органи…
Выручка отклонения по ПАО Россети на 2023 год
15.6% 15.6%
3.8% 3.8%
1.2% 1.2%
398.2% 398.2%
26.9% 26.9%
-0.6% -0.6%
26.9% 26.9%
1.5% 1.5%
2.7% 2.7%
2.0% 2.0%
-2.0% -2.0%
7.9% 7.9%
⬤ Отклонение, %
Интер РАО (для ФСК)
Промышленные потребители
Транспорт
Нефтедобыча
Нефтепереработка
Нефтепроводы
Газопроводы
Сельское хозяйство и пищевая пр…
Непромышленные потребители
Государственные (муниципальные…
Население и приравненные групп…
Территориальные сетевые органи…
абс.
%
Прогноз на месяц 
Ноябрь
КПО/Отпуск из сети 
Отпуск из сети, млн. кВт.ч
Организация 
Все
Прогноз электропотребления и выручки за услуги по передаче в разрезе отраслей' and expected object 'Год 
2023 год
Сравнение с 
План
Динамика электропотребления,  10 10
190 190
36 36
14 14
9 9
14 14
4 4
17 17
80 80
19 19
82 82
588 588
10 10
197 197
37 37
48 48
10 10
15 15
4 4
18 18
80 80
19 19
82 82
608 608
План
Ожидаемое (прогноз по конца года)
Интер РАО (дляФСК)
Промышленныепотребители
Транспорт
Нефтедобыча
Нефтепереработка
Нефтепроводы
Газопроводы
Сельскоехозяйство ипищеваяпромышленность
Непромышленныепотребители
Государственные(муниципальные)организации ипрочиебюджетныепотребители
Население иприравненныегруппыпотребителей
Территориальныесетевыеорганизации
5 5
319 319
81 81
16 16
16 16
20 20
2 2
56 56
215 215
67 67
218 218
239 239
6 6
331 331
82 82
77 77
20 20
20 20
3 3
57 57
220 220
68 68
214 214
258 258
План
Ожидаемое (прогноз по конца года)
Интер РАО (дляФСК)
Промышленныепотребители
Транспорт
Нефтедобыча
Нефтепереработка
Нефтепроводы
Газопроводы
Сельскоехозяйство ипищеваяпромышленность
Непромышленныепотребители
Государственные(муниципальные)организации ипрочиебюджетныепотребители
Население иприравненныегруппыпотребителей
Территориальныесетевыеорганизации
-4.7% -4.7%
3.8% 3.8%
1.9% 1.9%
230.3% 230.3%
10.9% 10.9%
4.2% 4.2%
21.7% 21.7%
3.9% 3.9%
-0.6% -0.6%
1.6% 1.6%
-1.0% -1.0%
3.3% 3.3%
⬤ Отклонение, %
Интер РАО (для ФСК)
Промышленные потребители
Транспорт
Нефтедобыча
Нефтепереработка
Нефтепроводы
Газопроводы
Сельское хозяйство и пищевая пр…
Непромышленные потребители
Государственные (муниципальные…
Население и приравненные групп…
Территориальные сетевые органи…
Выручка отклонения по ПАО Россети на 2023 год
15.6% 15.6%
3.8% 3.8%
1.2% 1.2%
398.2% 398.2%
26.9% 26.9%
-0.6% -0.6%
26.9% 26.9%
1.5% 1.5%
2.7% 2.7%
2.0% 2.0%
-2.0% -2.0%
7.9% 7.9%
⬤ Отклонение, %
Интер РАО (для ФСК)
Промышленные потребители
Транспорт
Нефтедобыча
Нефтепереработка
Нефтепроводы
Газопроводы
Сельское хозяйство и пищевая пр…
Непромышленные потребители
Государственные (муниципальные…
Население и приравненные групп…
Территориальные сетевые органи…
абс.
%
Прогноз на месяц 
Ноябрь
КПО/Отпуск из сети 
Отпуск из сети, млн. кВт.ч
Организация 
Все
Прогноз электропотребления и выручки за услуги по передаче в разрезе отраслей' are equal

28-03-2025T10:02:24 - [TEST_STEP][PASSED] - verifyEqual(findTestData("PlanFact").getValue(3, b), a2): Actual object 'Год 
2023 год
Сравнение с 
План
Отклонения по ПАО Россети на 2023 год
-492.2 -492.2
7 165.1 7 165.1
689.3 689.3
33 271.7 33 271.7
986.4 986.4
593.8 593.8
764.0 764.0
670.4 670.4
-592.4 -592.4
308.8 308.8
-940.9 -940.9
19 604.1 19 604.1
⬤ Отклонение, млн. кВт.ч
Интер РАО (для ФСК)
Промышленные потребители
Транспорт
Нефтедобыча
Нефтепереработка
Нефтепроводы
Газопроводы
Сельское хозяйство и пищевая пр…
Непромышленные потребители
Государственные (муниципальные…
Население и приравненные групп…
Территориальные сетевые органи…
Выручка отклонения по ПАО Россети на 2023 год
794.9 794.9
12 195.0 12 195.0
972.7 972.7
61 803.9 61 803.9
4 222.3 4 222.3
-121.8 -121.8
666.2 666.2
873.2 873.2
5 809.6 5 809.6
1 342.6 1 342.6
-4 463.2 -4 463.2
18 375.5 18 375.5
⬤ Отклонение, млн. руб.
Интер РАО (для ФСК)
Промышленные потребители
Транспорт
Нефтедобыча
Нефтепереработка
Нефтепроводы
Газопроводы
Сельское хозяйство и пищевая пр…
Непромышленные потребители
Государственные (муниципальные…
Население и приравненные групп…
Территориальные сетевые органи…
Динамика электропотребления, млрд. кВт.ч. по ПАО Россети на 2023 год
10 10
190 190
36 36
14 14
9 9
14 14
4 4
17 17
80 80
19 19
82 82
588 588
10 10
197 197
37 37
48 48
10 10
15 15
4 4
18 18
80 80
19 19
82 82
608 608
План
Ожидаемое (прогноз по конца года)
Интер РАО (дляФСК)
Промышленныепотребители
Транспорт
Нефтедобыча
Нефтепереработка
Нефтепроводы
Газопроводы
Сельскоехозяйство ипищеваяпромышленность
Непромышленныепотребители
Государственные(муниципальные)организации ипрочиебюджетныепотребители
Население иприравненныегруппыпотребителей
Территориальныесетевыеорганизации
Выручка по ПАО Россети на 2023 год
5 5
319 319
81 81
16 16
16 16
20 20
2 2
56 56
215 215
67 67
218 218
239 239
6 6
331 331
82 82
77 77
20 20
20 20
3 3
57 57
220 220
68 68
214 214
258 258
План
Ожидаемое (прогноз по конца года)
Интер РАО (дляФСК)
Промышленныепотребители
Транспорт
Нефтедобыча
Нефтепереработка
Нефтепроводы
Газопроводы
Сельскоехозяйство ипищеваяпромышленность
Непромышленныепотребители
Государственные(муниципальные)организации ипрочиебюджетныепотребители
Население иприравненныегруппыпотребителей
Территориальныесетевыеорганизации
абс.
%
Прогноз на месяц 
Ноябрь
КПО/Отпуск из сети 
Отпуск из сети, млн. кВт.ч
Организация 
Все
Прогноз электропотребления и выручки за услуги по передаче в разрезе отраслей' and expected object 'Год 
2023 год
Сравнение с 
План
Отклонения по ПАО Россети на 2023 год
-492.2 -492.2
7 165.1 7 165.1
689.3 689.3
33 271.7 33 271.7
986.4 986.4
593.8 593.8
764.0 764.0
670.4 670.4
-592.4 -592.4
308.8 308.8
-940.9 -940.9
19 604.1 19 604.1
⬤ Отклонение, млн. кВт.ч
Интер РАО (для ФСК)
Промышленные потребители
Транспорт
Нефтедобыча
Нефтепереработка
Нефтепроводы
Газопроводы
Сельское хозяйство и пищевая пр…
Непромышленные потребители
Государственные (муниципальные…
Население и приравненные групп…
Территориальные сетевые органи…
Выручка отклонения по ПАО Россети на 2023 год
794.9 794.9
12 195.0 12 195.0
972.7 972.7
61 803.9 61 803.9
4 222.3 4 222.3
-121.8 -121.8
666.2 666.2
873.2 873.2
5 809.6 5 809.6
1 342.6 1 342.6
-4 463.2 -4 463.2
18 375.5 18 375.5
⬤ Отклонение, млн. руб.
Интер РАО (для ФСК)
Промышленные потребители
Транспорт
Нефтедобыча
Нефтепереработка
Нефтепроводы
Газопроводы
Сельское хозяйство и пищевая пр…
Непромышленные потребители
Государственные (муниципальные…
Население и приравненные групп…
Территориальные сетевые органи…
Динамика электропотребления, млрд. кВт.ч. по ПАО Россети на 2023 год
10 10
190 190
36 36
14 14
9 9
14 14
4 4
17 17
80 80
19 19
82 82
588 588
10 10
197 197
37 37
48 48
10 10
15 15
4 4
18 18
80 80
19 19
82 82
608 608
План
Ожидаемое (прогноз по конца года)
Интер РАО (дляФСК)
Промышленныепотребители
Транспорт
Нефтедобыча
Нефтепереработка
Нефтепроводы
Газопроводы
Сельскоехозяйство ипищеваяпромышленность
Непромышленныепотребители
Государственные(муниципальные)организации ипрочиебюджетныепотребители
Население иприравненныегруппыпотребителей
Территориальныесетевыеорганизации
Выручка по ПАО Россети на 2023 год
5 5
319 319
81 81
16 16
16 16
20 20
2 2
56 56
215 215
67 67
218 218
239 239
6 6
331 331
82 82
77 77
20 20
20 20
3 3
57 57
220 220
68 68
214 214
258 258
План
Ожидаемое (прогноз по конца года)
Интер РАО (дляФСК)
Промышленныепотребители
Транспорт
Нефтедобыча
Нефтепереработка
Нефтепроводы
Газопроводы
Сельскоехозяйство ипищеваяпромышленность
Непромышленныепотребители
Государственные(муниципальные)организации ипрочиебюджетныепотребители
Население иприравненныегруппыпотребителей
Территориальныесетевыеорганизации
абс.
%
Прогноз на месяц 
Ноябрь
КПО/Отпуск из сети 
Отпуск из сети, млн. кВт.ч
Организация 
Все
Прогноз электропотребления и выручки за услуги по передаче в разрезе отраслей' are equal

28-03-2025T10:02:24 - [MESSAGE][PASSED] - Actual object 'Год 
2023 год
Сравнение с 
План
Отклонения по ПАО Россети на 2023 год
-492.2 -492.2
7 165.1 7 165.1
689.3 689.3
33 271.7 33 271.7
986.4 986.4
593.8 593.8
764.0 764.0
670.4 670.4
-592.4 -592.4
308.8 308.8
-940.9 -940.9
19 604.1 19 604.1
⬤ Отклонение, млн. кВт.ч
Интер РАО (для ФСК)
Промышленные потребители
Транспорт
Нефтедобыча
Нефтепереработка
Нефтепроводы
Газопроводы
Сельское хозяйство и пищевая пр…
Непромышленные потребители
Государственные (муниципальные…
Население и приравненные групп…
Территориальные сетевые органи…
Выручка отклонения по ПАО Россети на 2023 год
794.9 794.9
12 195.0 12 195.0
972.7 972.7
61 803.9 61 803.9
4 222.3 4 222.3
-121.8 -121.8
666.2 666.2
873.2 873.2
5 809.6 5 809.6
1 342.6 1 342.6
-4 463.2 -4 463.2
18 375.5 18 375.5
⬤ Отклонение, млн. руб.
Интер РАО (для ФСК)
Промышленные потребители
Транспорт
Нефтедобыча
Нефтепереработка
Нефтепроводы
Газопроводы
Сельское хозяйство и пищевая пр…
Непромышленные потребители
Государственные (муниципальные…
Население и приравненные групп…
Территориальные сетевые органи…
Динамика электропотребления, млрд. кВт.ч. по ПАО Россети на 2023 год
10 10
190 190
36 36
14 14
9 9
14 14
4 4
17 17
80 80
19 19
82 82
588 588
10 10
197 197
37 37
48 48
10 10
15 15
4 4
18 18
80 80
19 19
82 82
608 608
План
Ожидаемое (прогноз по конца года)
Интер РАО (дляФСК)
Промышленныепотребители
Транспорт
Нефтедобыча
Нефтепереработка
Нефтепроводы
Газопроводы
Сельскоехозяйство ипищеваяпромышленность
Непромышленныепотребители
Государственные(муниципальные)организации ипрочиебюджетныепотребители
Население иприравненныегруппыпотребителей
Территориальныесетевыеорганизации
Выручка по ПАО Россети на 2023 год
5 5
319 319
81 81
16 16
16 16
20 20
2 2
56 56
215 215
67 67
218 218
239 239
6 6
331 331
82 82
77 77
20 20
20 20
3 3
57 57
220 220
68 68
214 214
258 258
План
Ожидаемое (прогноз по конца года)
Интер РАО (дляФСК)
Промышленныепотребители
Транспорт
Нефтедобыча
Нефтепереработка
Нефтепроводы
Газопроводы
Сельскоехозяйство ипищеваяпромышленность
Непромышленныепотребители
Государственные(муниципальные)организации ипрочиебюджетныепотребители
Население иприравненныегруппыпотребителей
Территориальныесетевыеорганизации
абс.
%
Прогноз на месяц 
Ноябрь
КПО/Отпуск из сети 
Отпуск из сети, млн. кВт.ч
Организация 
Все
Прогноз электропотребления и выручки за услуги по передаче в разрезе отраслей' and expected object 'Год 
2023 год
Сравнение с 
План
Отклонения по ПАО Россети на 2023 год
-492.2 -492.2
7 165.1 7 165.1
689.3 689.3
33 271.7 33 271.7
986.4 986.4
593.8 593.8
764.0 764.0
670.4 670.4
-592.4 -592.4
308.8 308.8
-940.9 -940.9
19 604.1 19 604.1
⬤ Отклонение, млн. кВт.ч
Интер РАО (для ФСК)
Промышленные потребители
Транспорт
Нефтедобыча
Нефтепереработка
Нефтепроводы
Газопроводы
Сельское хозяйство и пищевая пр…
Непромышленные потребители
Государственные (муниципальные…
Население и приравненные групп…
Территориальные сетевые органи…
Выручка отклонения по ПАО Россети на 2023 год
794.9 794.9
12 195.0 12 195.0
972.7 972.7
61 803.9 61 803.9
4 222.3 4 222.3
-121.8 -121.8
666.2 666.2
873.2 873.2
5 809.6 5 809.6
1 342.6 1 342.6
-4 463.2 -4 463.2
18 375.5 18 375.5
⬤ Отклонение, млн. руб.
Интер РАО (для ФСК)
Промышленные потребители
Транспорт
Нефтедобыча
Нефтепереработка
Нефтепроводы
Газопроводы
Сельское хозяйство и пищевая пр…
Непромышленные потребители
Государственные (муниципальные…
Население и приравненные групп…
Территориальные сетевые органи…
Динамика электропотребления, млрд. кВт.ч. по ПАО Россети на 2023 год
10 10
190 190
36 36
14 14
9 9
14 14
4 4
17 17
80 80
19 19
82 82
588 588
10 10
197 197
37 37
48 48
10 10
15 15
4 4
18 18
80 80
19 19
82 82
608 608
План
Ожидаемое (прогноз по конца года)
Интер РАО (дляФСК)
Промышленныепотребители
Транспорт
Нефтедобыча
Нефтепереработка
Нефтепроводы
Газопроводы
Сельскоехозяйство ипищеваяпромышленность
Непромышленныепотребители
Государственные(муниципальные)организации ипрочиебюджетныепотребители
Население иприравненныегруппыпотребителей
Территориальныесетевыеорганизации
Выручка по ПАО Россети на 2023 год
5 5
319 319
81 81
16 16
16 16
20 20
2 2
56 56
215 215
67 67
218 218
239 239
6 6
331 331
82 82
77 77
20 20
20 20
3 3
57 57
220 220
68 68
214 214
258 258
План
Ожидаемое (прогноз по конца года)
Интер РАО (дляФСК)
Промышленныепотребители
Транспорт
Нефтедобыча
Нефтепереработка
Нефтепроводы
Газопроводы
Сельскоехозяйство ипищеваяпромышленность
Непромышленныепотребители
Государственные(муниципальные)организации ипрочиебюджетныепотребители
Население иприравненныегруппыпотребителей
Территориальныесетевыеорганизации
абс.
%
Прогноз на месяц 
Ноябрь
КПО/Отпуск из сети 
Отпуск из сети, млн. кВт.ч
Организация 
Все
Прогноз электропотребления и выручки за услуги по передаче в разрезе отраслей' are equal

28-03-2025T10:02:24 - [TEST_STEP][PASSED] - Script1686231490255.WriteToExcel(user, dashboardName, n, data, run, a1, a2, a3, a4, a5, a6, a7, a8, a9): null

28-03-2025T10:02:24 - [TEST_STEP][PASSED] - sheetName = "Sheet1": null

28-03-2025T10:02:24 - [TEST_STEP][PASSED] - workbook01 = getWorkbook(excelFilePath): null

28-03-2025T10:02:24 - [TEST_STEP][PASSED] - sheet01 = getExcelSheet(workbook01, sheetName): null

28-03-2025T10:02:24 - [TEST_STEP][PASSED] - setValueToCellByIndex(sheet01, n, 0, dashboardName): null

28-03-2025T10:02:24 - [TEST_STEP][PASSED] - setValueToCellByIndex(sheet01, n, 10, user): null

28-03-2025T10:02:24 - [TEST_STEP][PASSED] - setValueToCellByIndex(sheet01, n, 1, a1): null

28-03-2025T10:02:24 - [TEST_STEP][PASSED] - setValueToCellByIndex(sheet01, n, 2, a2): null

28-03-2025T10:02:24 - [TEST_STEP][PASSED] - setValueToCellByIndex(sheet01, n, 3, a3): null

28-03-2025T10:02:24 - [TEST_STEP][PASSED] - setValueToCellByIndex(sheet01, n, 4, a4): null

28-03-2025T10:02:24 - [TEST_STEP][PASSED] - setValueToCellByIndex(sheet01, n, 5, a5): null

28-03-2025T10:02:24 - [TEST_STEP][PASSED] - setValueToCellByIndex(sheet01, n, 6, a6): null

28-03-2025T10:02:24 - [TEST_STEP][PASSED] - setValueToCellByIndex(sheet01, n, 7, a7): null

28-03-2025T10:02:24 - [TEST_STEP][PASSED] - setValueToCellByIndex(sheet01, n, 8, a8): null

28-03-2025T10:02:24 - [TEST_STEP][PASSED] - setValueToCellByIndex(sheet01, n, 9, a9): null

28-03-2025T10:02:24 - [TEST_STEP][PASSED] - n = n + 1: null

28-03-2025T10:02:24 - [TEST_STEP][PASSED] - saveWorkbook(excelFilePath, workbook01): null

28-03-2025T10:02:25 - [TEST_STEP][PASSED] - if (run == 3): null

28-03-2025T10:02:25 - [TEST_STEP][PASSED] - closeBrowser(): null

28-03-2025T10:02:25 - [MESSAGE][PASSED] - Browser is closed

28-03-2025T10:02:25 - [TEST_STEP][PASSED] - PrognozPoOtraslyam(user, dashboardName, n, data, run, a1, a2, a3, a4, a5, a6, a7, a8, a9, urlData): null

28-03-2025T10:02:25 - [TEST_STEP][PASSED] - n = data.getRowNumbers() + 1: null

28-03-2025T10:02:25 - [TEST_STEP][PASSED] - println(n): null

28-03-2025T10:02:25 - [TEST_STEP][PASSED] - dashboardName = "Прогноз по отраслям": null

28-03-2025T10:02:25 - [TEST_STEP][PASSED] - openBrowser(""): Browser is opened with url: ''

28-03-2025T10:02:25 - [MESSAGE][INFO] - Starting 'Chrome' driver

28-03-2025T10:02:25 - [MESSAGE][INFO] - Action delay is set to 0 milliseconds

28-03-2025T10:02:26 - [MESSAGE][PASSED] - Browser is opened with url: ''

28-03-2025T10:02:26 - [TEST_STEP][PASSED] - urlData = 6: null

28-03-2025T10:02:26 - [TEST_STEP][PASSED] - Script1686231490255.CheckPageDownload(urlData, run): null

28-03-2025T10:02:26 - [TEST_STEP][PASSED] - i = 1: null

28-03-2025T10:02:26 - [TEST_STEP][PASSED] - ii = 0: null

28-03-2025T10:02:26 - [TEST_STEP][PASSED] - urlText = <not implemented yet for class: org.codehaus.groovy.ast.expr.EmptyExpression>: null

28-03-2025T10:02:26 - [TEST_STEP][PASSED] - searchWord = <not implemented yet for class: org.codehaus.groovy.ast.expr.EmptyExpression>: null

28-03-2025T10:02:26 - [TEST_STEP][PASSED] - deleteAllCookies(): Delete all cookies successfully

28-03-2025T10:02:26 - [MESSAGE][PASSED] - Delete all cookies successfully

28-03-2025T10:02:26 - [TEST_STEP][PASSED] - refresh(): Refresh successfully

28-03-2025T10:02:26 - [MESSAGE][PASSED] - Refresh successfully

28-03-2025T10:02:26 - [TEST_STEP][PASSED] - delay(70): Delayed 70 second(s)

28-03-2025T10:03:36 - [MESSAGE][PASSED] - Delayed 70 second(s)

28-03-2025T10:03:36 - [TEST_STEP][PASSED] - navigateToUrl(findTestData("PlanFact").getValue(10, urlData)): Navigate to 'https://bi.rosseti.digital/viewer?dashboardGuid=d6acb5b1a7114a9791b34de39263106e&sheetGuid=0b6d261d7f7b4424a967aa8f3a724189&fit=true' successfully

28-03-2025T10:03:44 - [MESSAGE][PASSED] - Navigate to 'https://bi.rosseti.digital/viewer?dashboardGuid=d6acb5b1a7114a9791b34de39263106e&sheetGuid=0b6d261d7f7b4424a967aa8f3a724189&fit=true' successfully

28-03-2025T10:03:44 - [TEST_STEP][PASSED] - pageLoaded1 = verifyElementPresent(findTestObject("Страница авторизации/Text"), 30): Object 'Object Repository/Страница авторизации/Text' is present

28-03-2025T10:03:46 - [MESSAGE][PASSED] - Object 'Object Repository/Страница авторизации/Text' is present

28-03-2025T10:03:46 - [TEST_STEP][PASSED] - if (pageLoaded1 == false): null

28-03-2025T10:03:46 - [TEST_STEP][PASSED] - urlText = getText(findTestObject("Страница авторизации/Text")): Text of object 'Object Repository/Страница авторизации/Text' is: 'Вход'

28-03-2025T10:03:46 - [MESSAGE][PASSED] - Text of object 'Object Repository/Страница авторизации/Text' is: 'Вход'

28-03-2025T10:03:46 - [TEST_STEP][PASSED] - delay(70): Delayed 70 second(s)

28-03-2025T10:04:56 - [MESSAGE][PASSED] - Delayed 70 second(s)

28-03-2025T10:04:56 - [TEST_STEP][PASSED] - searchWord = "Вход": null

28-03-2025T10:04:56 - [TEST_STEP][PASSED] - if (urlText.contains(searchWord) == false): null

28-03-2025T10:04:56 - [TEST_STEP][PASSED] - setText(findTestObject("Страница авторизации/input__username"), findTestData("PlanFact").getValue(8, run)): Text 'Petrova-OV' is set on object 'Object Repository/Страница авторизации/input__username'

28-03-2025T10:04:57 - [MESSAGE][PASSED] - Text 'Petrova-OV' is set on object 'Object Repository/Страница авторизации/input__username'

28-03-2025T10:04:57 - [TEST_STEP][PASSED] - setText(findTestObject("Страница авторизации/input__password"), findTestData("PlanFact").getValue(9, run)): Text '4Ex@~R53r&3x&BVe7' is set on object 'Object Repository/Страница авторизации/input__password'

28-03-2025T10:04:57 - [MESSAGE][PASSED] - Text '4Ex@~R53r&3x&BVe7' is set on object 'Object Repository/Страница авторизации/input__password'

28-03-2025T10:04:57 - [TEST_STEP][PASSED] - click(findTestObject("Страница авторизации/button_")): Object: 'Object Repository/Страница авторизации/button_' is clicked on

28-03-2025T10:04:59 - [MESSAGE][PASSED] - Object: 'Object Repository/Страница авторизации/button_' is clicked on

28-03-2025T10:04:59 - [TEST_STEP][PASSED] - delay(70): Delayed 70 second(s)

28-03-2025T10:06:09 - [MESSAGE][PASSED] - Delayed 70 second(s)

28-03-2025T10:06:09 - [TEST_STEP][PASSED] - searchWord = "а": null

28-03-2025T10:06:09 - [TEST_STEP][PASSED] - pageLoaded2 = verifyElementPresent(findTestObject("Страница авторизации/Text"), 50): Object 'Object Repository/Страница авторизации/Text' is present

28-03-2025T10:06:09 - [MESSAGE][PASSED] - Object 'Object Repository/Страница авторизации/Text' is present

28-03-2025T10:06:09 - [TEST_STEP][PASSED] - if (pageLoaded2 == false): null

28-03-2025T10:06:09 - [TEST_STEP][PASSED] - urlText = getText(findTestObject("Страница авторизации/Text")): Text of object 'Object Repository/Страница авторизации/Text' is: 'Год 
2023 год
Сравнение с 
План
Динамика электропотребления, млрд. кВт.ч. по ПАО Россети на 2023 год
10 10
190 190
36 36
14 14
9 9
14 14
4 4
17 17
80 80
19 19
82 82
588 588
10 10
197 197
37 37
48 48
10 10
15 15
4 4
18 18
80 80
19 19
82 82
608 608
План
Ожидаемое (прогноз по конца года)
Интер РАО (дляФСК)
Промышленныепотребители
Транспорт
Нефтедобыча
Нефтепереработка
Нефтепроводы
Газопроводы
Сельскоехозяйство ипищеваяпромышленность
Непромышленныепотребители
Государственные(муниципальные)организации ипрочиебюджетныепотребители
Население иприравненныегруппыпотребителей
Территориальныесетевыеорганизации
Выручка по ПАО Россети на 2023 год
5 5
319 319
81 81
16 16
16 16
20 20
2 2
56 56
215 215
67 67
218 218
239 239
6 6
331 331
82 82
77 77
20 20
20 20
3 3
57 57
220 220
68 68
214 214
258 258
План
Ожидаемое (прогноз по конца года)
Интер РАО (дляФСК)
Промышленныепотребители
Транспорт
Нефтедобыча
Нефтепереработка
Нефтепроводы
Газопроводы
Сельскоехозяйство ипищеваяпромышленность
Непромышленныепотребители
Государственные(муниципальные)организации ипрочиебюджетныепотребители
Население иприравненныегруппыпотребителей
Территориальныесетевыеорганизации
Отклонения по ПАО Россети на 2023 год
-4.7% -4.7%
3.8% 3.8%
1.9% 1.9%
230.3% 230.3%
10.9% 10.9%
4.2% 4.2%
21.7% 21.7%
3.9% 3.9%
-0.6% -0.6%
1.6% 1.6%
-1.0% -1.0%
3.3% 3.3%
⬤ Отклонение, %
Интер РАО (для ФСК)
Промышленные потребители
Транспорт
Нефтедобыча
Нефтепереработка
Нефтепроводы
Газопроводы
Сельское хозяйство и пищевая пр…
Непромышленные потребители
Государственные (муниципальные…
Население и приравненные групп…
Территориальные сетевые органи…
Выручка отклонения по ПАО Россети на 2023 год
15.6% 15.6%
3.8% 3.8%
1.2% 1.2%
398.2% 398.2%
26.9% 26.9%
-0.6% -0.6%
26.9% 26.9%
1.5% 1.5%
2.7% 2.7%
2.0% 2.0%
-2.0% -2.0%
7.9% 7.9%
⬤ Отклонение, %
Интер РАО (для ФСК)
Промышленные потребители
Транспорт
Нефтедобыча
Нефтепереработка
Нефтепроводы
Газопроводы
Сельское хозяйство и пищевая пр…
Непромышленные потребители
Государственные (муниципальные…
Население и приравненные групп…
Территориальные сетевые органи…
абс.
%
Прогноз на месяц 
Ноябрь
КПО/Отпуск из сети 
Отпуск из сети, млн. кВт.ч
Организация 
Все
Прогноз электропотребления и выручки за услуги по передаче в разрезе отраслей'

28-03-2025T10:06:09 - [MESSAGE][PASSED] - Text of object 'Object Repository/Страница авторизации/Text' is: 'Год 
2023 год
Сравнение с 
План
Динамика электропотребления, млрд. кВт.ч. по ПАО Россети на 2023 год
10 10
190 190
36 36
14 14
9 9
14 14
4 4
17 17
80 80
19 19
82 82
588 588
10 10
197 197
37 37
48 48
10 10
15 15
4 4
18 18
80 80
19 19
82 82
608 608
План
Ожидаемое (прогноз по конца года)
Интер РАО (дляФСК)
Промышленныепотребители
Транспорт
Нефтедобыча
Нефтепереработка
Нефтепроводы
Газопроводы
Сельскоехозяйство ипищеваяпромышленность
Непромышленныепотребители
Государственные(муниципальные)организации ипрочиебюджетныепотребители
Население иприравненныегруппыпотребителей
Территориальныесетевыеорганизации
Выручка по ПАО Россети на 2023 год
5 5
319 319
81 81
16 16
16 16
20 20
2 2
56 56
215 215
67 67
218 218
239 239
6 6
331 331
82 82
77 77
20 20
20 20
3 3
57 57
220 220
68 68
214 214
258 258
План
Ожидаемое (прогноз по конца года)
Интер РАО (дляФСК)
Промышленныепотребители
Транспорт
Нефтедобыча
Нефтепереработка
Нефтепроводы
Газопроводы
Сельскоехозяйство ипищеваяпромышленность
Непромышленныепотребители
Государственные(муниципальные)организации ипрочиебюджетныепотребители
Население иприравненныегруппыпотребителей
Территориальныесетевыеорганизации
Отклонения по ПАО Россети на 2023 год
-4.7% -4.7%
3.8% 3.8%
1.9% 1.9%
230.3% 230.3%
10.9% 10.9%
4.2% 4.2%
21.7% 21.7%
3.9% 3.9%
-0.6% -0.6%
1.6% 1.6%
-1.0% -1.0%
3.3% 3.3%
⬤ Отклонение, %
Интер РАО (для ФСК)
Промышленные потребители
Транспорт
Нефтедобыча
Нефтепереработка
Нефтепроводы
Газопроводы
Сельское хозяйство и пищевая пр…
Непромышленные потребители
Государственные (муниципальные…
Население и приравненные групп…
Территориальные сетевые органи…
Выручка отклонения по ПАО Россети на 2023 год
15.6% 15.6%
3.8% 3.8%
1.2% 1.2%
398.2% 398.2%
26.9% 26.9%
-0.6% -0.6%
26.9% 26.9%
1.5% 1.5%
2.7% 2.7%
2.0% 2.0%
-2.0% -2.0%
7.9% 7.9%
⬤ Отклонение, %
Интер РАО (для ФСК)
Промышленные потребители
Транспорт
Нефтедобыча
Нефтепереработка
Нефтепроводы
Газопроводы
Сельское хозяйство и пищевая пр…
Непромышленные потребители
Государственные (муниципальные…
Население и приравненные групп…
Территориальные сетевые органи…
абс.
%
Прогноз на месяц 
Ноябрь
КПО/Отпуск из сети 
Отпуск из сети, млн. кВт.ч
Организация 
Все
Прогноз электропотребления и выручки за услуги по передаче в разрезе отраслей'

28-03-2025T10:06:09 - [TEST_STEP][PASSED] - if (urlText.contains("ошибка") || urlText.contains(searchWord) == false): null

28-03-2025T10:06:09 - [TEST_STEP][PASSED] - a3 = "": null

28-03-2025T10:06:09 - [TEST_STEP][PASSED] - a4 = "": null

28-03-2025T10:06:09 - [TEST_STEP][PASSED] - a5 = "": null

28-03-2025T10:06:09 - [TEST_STEP][PASSED] - a6 = "": null

28-03-2025T10:06:09 - [TEST_STEP][PASSED] - a7 = "": null

28-03-2025T10:06:09 - [TEST_STEP][PASSED] - a8 = "": null

28-03-2025T10:06:09 - [TEST_STEP][PASSED] - a9 = "": null

28-03-2025T10:06:09 - [TEST_STEP][PASSED] - if (run == 1): null

28-03-2025T10:06:09 - [TEST_STEP][PASSED] - if (run == 2): null

28-03-2025T10:06:09 - [TEST_STEP][PASSED] - if (run == 3): null

28-03-2025T10:06:09 - [TEST_STEP][PASSED] - user = "Попова": null

28-03-2025T10:06:09 - [TEST_STEP][PASSED] - a1 = getText(findTestObject("Прогноз по отраслям/Виджеты дашборда")): Text of object 'Object Repository/Прогноз по отраслям/Виджеты дашборда' is: 'Год 
2023 год
Сравнение с 
План
Динамика электропотребления, млрд. кВт.ч. по ПАО Россети на 2023 год
10 10
190 190
36 36
14 14
9 9
14 14
4 4
17 17
80 80
19 19
82 82
588 588
10 10
197 197
37 37
48 48
10 10
15 15
4 4
18 18
80 80
19 19
82 82
608 608
План
Ожидаемое (прогноз по конца года)
Интер РАО (дляФСК)
Промышленныепотребители
Транспорт
Нефтедобыча
Нефтепереработка
Нефтепроводы
Газопроводы
Сельскоехозяйство ипищеваяпромышленность
Непромышленныепотребители
Государственные(муниципальные)организации ипрочиебюджетныепотребители
Население иприравненныегруппыпотребителей
Территориальныесетевыеорганизации
Выручка по ПАО Россети на 2023 год
5 5
319 319
81 81
16 16
16 16
20 20
2 2
56 56
215 215
67 67
218 218
239 239
6 6
331 331
82 82
77 77
20 20
20 20
3 3
57 57
220 220
68 68
214 214
258 258
План
Ожидаемое (прогноз по конца года)
Интер РАО (дляФСК)
Промышленныепотребители
Транспорт
Нефтедобыча
Нефтепереработка
Нефтепроводы
Газопроводы
Сельскоехозяйство ипищеваяпромышленность
Непромышленныепотребители
Государственные(муниципальные)организации ипрочиебюджетныепотребители
Население иприравненныегруппыпотребителей
Территориальныесетевыеорганизации
Отклонения по ПАО Россети на 2023 год
-4.7% -4.7%
3.8% 3.8%
1.9% 1.9%
230.3% 230.3%
10.9% 10.9%
4.2% 4.2%
21.7% 21.7%
3.9% 3.9%
-0.6% -0.6%
1.6% 1.6%
-1.0% -1.0%
3.3% 3.3%
⬤ Отклонение, %
Интер РАО (для ФСК)
Промышленные потребители
Транспорт
Нефтедобыча
Нефтепереработка
Нефтепроводы
Газопроводы
Сельское хозяйство и пищевая пр…
Непромышленные потребители
Государственные (муниципальные…
Население и приравненные групп…
Территориальные сетевые органи…
Выручка отклонения по ПАО Россети на 2023 год
15.6% 15.6%
3.8% 3.8%
1.2% 1.2%
398.2% 398.2%
26.9% 26.9%
-0.6% -0.6%
26.9% 26.9%
1.5% 1.5%
2.7% 2.7%
2.0% 2.0%
-2.0% -2.0%
7.9% 7.9%
⬤ Отклонение, %
Интер РАО (для ФСК)
Промышленные потребители
Транспорт
Нефтедобыча
Нефтепереработка
Нефтепроводы
Газопроводы
Сельское хозяйство и пищевая пр…
Непромышленные потребители
Государственные (муниципальные…
Население и приравненные групп…
Территориальные сетевые органи…
абс.
%
Прогноз на месяц 
Ноябрь
КПО/Отпуск из сети 
Отпуск из сети, млн. кВт.ч
Организация 
Все
Прогноз электропотребления и выручки за услуги по передаче в разрезе отраслей'

28-03-2025T10:06:10 - [MESSAGE][PASSED] - Text of object 'Object Repository/Прогноз по отраслям/Виджеты дашборда' is: 'Год 
2023 год
Сравнение с 
План
Динамика электропотребления, млрд. кВт.ч. по ПАО Россети на 2023 год
10 10
190 190
36 36
14 14
9 9
14 14
4 4
17 17
80 80
19 19
82 82
588 588
10 10
197 197
37 37
48 48
10 10
15 15
4 4
18 18
80 80
19 19
82 82
608 608
План
Ожидаемое (прогноз по конца года)
Интер РАО (дляФСК)
Промышленныепотребители
Транспорт
Нефтедобыча
Нефтепереработка
Нефтепроводы
Газопроводы
Сельскоехозяйство ипищеваяпромышленность
Непромышленныепотребители
Государственные(муниципальные)организации ипрочиебюджетныепотребители
Население иприравненныегруппыпотребителей
Территориальныесетевыеорганизации
Выручка по ПАО Россети на 2023 год
5 5
319 319
81 81
16 16
16 16
20 20
2 2
56 56
215 215
67 67
218 218
239 239
6 6
331 331
82 82
77 77
20 20
20 20
3 3
57 57
220 220
68 68
214 214
258 258
План
Ожидаемое (прогноз по конца года)
Интер РАО (дляФСК)
Промышленныепотребители
Транспорт
Нефтедобыча
Нефтепереработка
Нефтепроводы
Газопроводы
Сельскоехозяйство ипищеваяпромышленность
Непромышленныепотребители
Государственные(муниципальные)организации ипрочиебюджетныепотребители
Население иприравненныегруппыпотребителей
Территориальныесетевыеорганизации
Отклонения по ПАО Россети на 2023 год
-4.7% -4.7%
3.8% 3.8%
1.9% 1.9%
230.3% 230.3%
10.9% 10.9%
4.2% 4.2%
21.7% 21.7%
3.9% 3.9%
-0.6% -0.6%
1.6% 1.6%
-1.0% -1.0%
3.3% 3.3%
⬤ Отклонение, %
Интер РАО (для ФСК)
Промышленные потребители
Транспорт
Нефтедобыча
Нефтепереработка
Нефтепроводы
Газопроводы
Сельское хозяйство и пищевая пр…
Непромышленные потребители
Государственные (муниципальные…
Население и приравненные групп…
Территориальные сетевые органи…
Выручка отклонения по ПАО Россети на 2023 год
15.6% 15.6%
3.8% 3.8%
1.2% 1.2%
398.2% 398.2%
26.9% 26.9%
-0.6% -0.6%
26.9% 26.9%
1.5% 1.5%
2.7% 2.7%
2.0% 2.0%
-2.0% -2.0%
7.9% 7.9%
⬤ Отклонение, %
Интер РАО (для ФСК)
Промышленные потребители
Транспорт
Нефтедобыча
Нефтепереработка
Нефтепроводы
Газопроводы
Сельское хозяйство и пищевая пр…
Непромышленные потребители
Государственные (муниципальные…
Население и приравненные групп…
Территориальные сетевые органи…
абс.
%
Прогноз на месяц 
Ноябрь
КПО/Отпуск из сети 
Отпуск из сети, млн. кВт.ч
Организация 
Все
Прогноз электропотребления и выручки за услуги по передаче в разрезе отраслей'

28-03-2025T10:06:10 - [TEST_STEP][PASSED] - click(findTestObject("Прогноз по отраслям/Переключить отображение с процентов на абс Блок руководителя")): Object: 'Object Repository/Прогноз по отраслям/Переключить отображение с процентов на абс Блок руководителя' is clicked on

28-03-2025T10:06:10 - [MESSAGE][PASSED] - Object: 'Object Repository/Прогноз по отраслям/Переключить отображение с процентов на абс Блок руководителя' is clicked on

28-03-2025T10:06:10 - [TEST_STEP][PASSED] - a2 = getText(findTestObject("Прогноз по отраслям/Виджеты дашборда")): Text of object 'Object Repository/Прогноз по отраслям/Виджеты дашборда' is: 'Год 
2023 год
Сравнение с 
План
Отклонения по ПАО Россети на 2023 год
-492.2 -492.2
7 165.1 7 165.1
689.3 689.3
33 271.7 33 271.7
986.4 986.4
593.8 593.8
764.0 764.0
670.4 670.4
-592.4 -592.4
308.8 308.8
-940.9 -940.9
19 604.1 19 604.1
⬤ Отклонение, млн. кВт.ч
Интер РАО (для ФСК)
Промышленные потребители
Транспорт
Нефтедобыча
Нефтепереработка
Нефтепроводы
Газопроводы
Сельское хозяйство и пищевая пр…
Непромышленные потребители
Государственные (муниципальные…
Население и приравненные групп…
Территориальные сетевые органи…
Выручка отклонения по ПАО Россети на 2023 год
794.9 794.9
12 195.0 12 195.0
972.7 972.7
61 803.9 61 803.9
4 222.3 4 222.3
-121.8 -121.8
666.2 666.2
873.2 873.2
5 809.6 5 809.6
1 342.6 1 342.6
-4 463.2 -4 463.2
18 375.5 18 375.5
⬤ Отклонение, млн. руб.
Интер РАО (для ФСК)
Промышленные потребители
Транспорт
Нефтедобыча
Нефтепереработка
Нефтепроводы
Газопроводы
Сельское хозяйство и пищевая пр…
Непромышленные потребители
Государственные (муниципальные…
Население и приравненные групп…
Территориальные сетевые органи…
Динамика электропотребления, млрд. кВт.ч. по ПАО Россети на 2023 год
10 10
190 190
36 36
14 14
9 9
14 14
4 4
17 17
80 80
19 19
82 82
588 588
10 10
197 197
37 37
48 48
10 10
15 15
4 4
18 18
80 80
19 19
82 82
608 608
План
Ожидаемое (прогноз по конца года)
Интер РАО (дляФСК)
Промышленныепотребители
Транспорт
Нефтедобыча
Нефтепереработка
Нефтепроводы
Газопроводы
Сельскоехозяйство ипищеваяпромышленность
Непромышленныепотребители
Государственные(муниципальные)организации ипрочиебюджетныепотребители
Население иприравненныегруппыпотребителей
Территориальныесетевыеорганизации
Выручка по ПАО Россети на 2023 год
5 5
319 319
81 81
16 16
16 16
20 20
2 2
56 56
215 215
67 67
218 218
239 239
6 6
331 331
82 82
77 77
20 20
20 20
3 3
57 57
220 220
68 68
214 214
258 258
План
Ожидаемое (прогноз по конца года)
Интер РАО (дляФСК)
Промышленныепотребители
Транспорт
Нефтедобыча
Нефтепереработка
Нефтепроводы
Газопроводы
Сельскоехозяйство ипищеваяпромышленность
Непромышленныепотребители
Государственные(муниципальные)организации ипрочиебюджетныепотребители
Население иприравненныегруппыпотребителей
Территориальныесетевыеорганизации
абс.
%
Прогноз на месяц 
Ноябрь
КПО/Отпуск из сети 
Отпуск из сети, млн. кВт.ч
Организация 
Все
Прогноз электропотребления и выручки за услуги по передаче в разрезе отраслей'

28-03-2025T10:06:11 - [MESSAGE][PASSED] - Text of object 'Object Repository/Прогноз по отраслям/Виджеты дашборда' is: 'Год 
2023 год
Сравнение с 
План
Отклонения по ПАО Россети на 2023 год
-492.2 -492.2
7 165.1 7 165.1
689.3 689.3
33 271.7 33 271.7
986.4 986.4
593.8 593.8
764.0 764.0
670.4 670.4
-592.4 -592.4
308.8 308.8
-940.9 -940.9
19 604.1 19 604.1
⬤ Отклонение, млн. кВт.ч
Интер РАО (для ФСК)
Промышленные потребители
Транспорт
Нефтедобыча
Нефтепереработка
Нефтепроводы
Газопроводы
Сельское хозяйство и пищевая пр…
Непромышленные потребители
Государственные (муниципальные…
Население и приравненные групп…
Территориальные сетевые органи…
Выручка отклонения по ПАО Россети на 2023 год
794.9 794.9
12 195.0 12 195.0
972.7 972.7
61 803.9 61 803.9
4 222.3 4 222.3
-121.8 -121.8
666.2 666.2
873.2 873.2
5 809.6 5 809.6
1 342.6 1 342.6
-4 463.2 -4 463.2
18 375.5 18 375.5
⬤ Отклонение, млн. руб.
Интер РАО (для ФСК)
Промышленные потребители
Транспорт
Нефтедобыча
Нефтепереработка
Нефтепроводы
Газопроводы
Сельское хозяйство и пищевая пр…
Непромышленные потребители
Государственные (муниципальные…
Население и приравненные групп…
Территориальные сетевые органи…
Динамика электропотребления, млрд. кВт.ч. по ПАО Россети на 2023 год
10 10
190 190
36 36
14 14
9 9
14 14
4 4
17 17
80 80
19 19
82 82
588 588
10 10
197 197
37 37
48 48
10 10
15 15
4 4
18 18
80 80
19 19
82 82
608 608
План
Ожидаемое (прогноз по конца года)
Интер РАО (дляФСК)
Промышленныепотребители
Транспорт
Нефтедобыча
Нефтепереработка
Нефтепроводы
Газопроводы
Сельскоехозяйство ипищеваяпромышленность
Непромышленныепотребители
Государственные(муниципальные)организации ипрочиебюджетныепотребители
Население иприравненныегруппыпотребителей
Территориальныесетевыеорганизации
Выручка по ПАО Россети на 2023 год
5 5
319 319
81 81
16 16
16 16
20 20
2 2
56 56
215 215
67 67
218 218
239 239
6 6
331 331
82 82
77 77
20 20
20 20
3 3
57 57
220 220
68 68
214 214
258 258
План
Ожидаемое (прогноз по конца года)
Интер РАО (дляФСК)
Промышленныепотребители
Транспорт
Нефтедобыча
Нефтепереработка
Нефтепроводы
Газопроводы
Сельскоехозяйство ипищеваяпромышленность
Непромышленныепотребители
Государственные(муниципальные)организации ипрочиебюджетныепотребители
Население иприравненныегруппыпотребителей
Территориальныесетевыеорганизации
абс.
%
Прогноз на месяц 
Ноябрь
КПО/Отпуск из сети 
Отпуск из сети, млн. кВт.ч
Организация 
Все
Прогноз электропотребления и выручки за услуги по передаче в разрезе отраслей'

28-03-2025T10:06:11 - [TEST_STEP][PASSED] - click(findTestObject("Прогноз по отраслям/Переключить отображение с абс на проценты")): Object: 'Object Repository/Прогноз по отраслям/Переключить отображение с абс на проценты' is clicked on

28-03-2025T10:06:11 - [MESSAGE][PASSED] - Object: 'Object Repository/Прогноз по отраслям/Переключить отображение с абс на проценты' is clicked on

28-03-2025T10:06:11 - [TEST_STEP][PASSED] - i = a1.indexOf("млрд. кВт.ч."): null

28-03-2025T10:06:11 - [TEST_STEP][PASSED] - if (i > -1): null

28-03-2025T10:06:11 - [TEST_STEP][PASSED] - a1 = a1.substring(0, i) + a1.substring(i + 12, a1.length()): null

28-03-2025T10:06:11 - [TEST_STEP][PASSED] - i = a1.indexOf("Выручка, млрд. руб."): null

28-03-2025T10:06:11 - [TEST_STEP][PASSED] - if (i > -1): null

28-03-2025T10:06:11 - [TEST_STEP][PASSED] - i = a1.indexOf("Выручка"): null

28-03-2025T10:06:11 - [TEST_STEP][PASSED] - if (i > -1): null

28-03-2025T10:06:11 - [TEST_STEP][PASSED] - a1 = a1.substring(0, i) + a1.substring(i + 8, a1.length()): null

28-03-2025T10:06:11 - [TEST_STEP][PASSED] - i = a1.indexOf("по ПАО Россети на 2023 год"): null

28-03-2025T10:06:11 - [TEST_STEP][PASSED] - if (i > -1): null

28-03-2025T10:06:11 - [TEST_STEP][PASSED] - a1 = a1.substring(0, i) + a1.substring(i + 27, a1.length()): null

28-03-2025T10:06:11 - [TEST_STEP][PASSED] - i = a1.indexOf("Отклонения"): null

28-03-2025T10:06:11 - [TEST_STEP][PASSED] - if (i > -1): null

28-03-2025T10:06:11 - [TEST_STEP][PASSED] - a1 = a1.substring(0, i) + a1.substring(i + 11, a1.length()): null

28-03-2025T10:06:11 - [TEST_STEP][PASSED] - i = a1.indexOf("по ПАО Россети на 2023 год"): null

28-03-2025T10:06:11 - [TEST_STEP][PASSED] - if (i > -1): null

28-03-2025T10:06:11 - [TEST_STEP][PASSED] - a1 = a1.substring(0, i) + a1.substring(i + 27, a1.length()): null

28-03-2025T10:06:11 - [TEST_STEP][PASSED] - i = a1.indexOf("по ПАО Россети на 2023 год"): null

28-03-2025T10:06:11 - [TEST_STEP][PASSED] - if (i > -1): null

28-03-2025T10:06:11 - [TEST_STEP][PASSED] - a1 = a1.substring(0, i) + a1.substring(i + 27, a1.length()): null

28-03-2025T10:06:11 - [TEST_STEP][PASSED] - println(a1): null

28-03-2025T10:06:11 - [TEST_STEP][PASSED] - n = n + 35: null

28-03-2025T10:06:11 - [TEST_STEP][PASSED] - b = n - run + 1: null

28-03-2025T10:06:11 - [TEST_STEP][PASSED] - verifyEqual(findTestData("PlanFact").getValue(2, b), a1): Actual object 'Год 
2023 год
Сравнение с 
План
Динамика электропотребления,  10 10
190 190
36 36
14 14
9 9
14 14
4 4
17 17
80 80
19 19
82 82
588 588
10 10
197 197
37 37
48 48
10 10
15 15
4 4
18 18
80 80
19 19
82 82
608 608
План
Ожидаемое (прогноз по конца года)
Интер РАО (дляФСК)
Промышленныепотребители
Транспорт
Нефтедобыча
Нефтепереработка
Нефтепроводы
Газопроводы
Сельскоехозяйство ипищеваяпромышленность
Непромышленныепотребители
Государственные(муниципальные)организации ипрочиебюджетныепотребители
Население иприравненныегруппыпотребителей
Территориальныесетевыеорганизации
5 5
319 319
81 81
16 16
16 16
20 20
2 2
56 56
215 215
67 67
218 218
239 239
6 6
331 331
82 82
77 77
20 20
20 20
3 3
57 57
220 220
68 68
214 214
258 258
План
Ожидаемое (прогноз по конца года)
Интер РАО (дляФСК)
Промышленныепотребители
Транспорт
Нефтедобыча
Нефтепереработка
Нефтепроводы
Газопроводы
Сельскоехозяйство ипищеваяпромышленность
Непромышленныепотребители
Государственные(муниципальные)организации ипрочиебюджетныепотребители
Население иприравненныегруппыпотребителей
Территориальныесетевыеорганизации
-4.7% -4.7%
3.8% 3.8%
1.9% 1.9%
230.3% 230.3%
10.9% 10.9%
4.2% 4.2%
21.7% 21.7%
3.9% 3.9%
-0.6% -0.6%
1.6% 1.6%
-1.0% -1.0%
3.3% 3.3%
⬤ Отклонение, %
Интер РАО (для ФСК)
Промышленные потребители
Транспорт
Нефтедобыча
Нефтепереработка
Нефтепроводы
Газопроводы
Сельское хозяйство и пищевая пр…
Непромышленные потребители
Государственные (муниципальные…
Население и приравненные групп…
Территориальные сетевые органи…
Выручка отклонения по ПАО Россети на 2023 год
15.6% 15.6%
3.8% 3.8%
1.2% 1.2%
398.2% 398.2%
26.9% 26.9%
-0.6% -0.6%
26.9% 26.9%
1.5% 1.5%
2.7% 2.7%
2.0% 2.0%
-2.0% -2.0%
7.9% 7.9%
⬤ Отклонение, %
Интер РАО (для ФСК)
Промышленные потребители
Транспорт
Нефтедобыча
Нефтепереработка
Нефтепроводы
Газопроводы
Сельское хозяйство и пищевая пр…
Непромышленные потребители
Государственные (муниципальные…
Население и приравненные групп…
Территориальные сетевые органи…
абс.
%
Прогноз на месяц 
Ноябрь
КПО/Отпуск из сети 
Отпуск из сети, млн. кВт.ч
Организация 
Все
Прогноз электропотребления и выручки за услуги по передаче в разрезе отраслей' and expected object 'Год 
2023 год
Сравнение с 
План
Динамика электропотребления,  10 10
190 190
36 36
14 14
9 9
14 14
4 4
17 17
80 80
19 19
82 82
588 588
10 10
197 197
37 37
48 48
10 10
15 15
4 4
18 18
80 80
19 19
82 82
608 608
План
Ожидаемое (прогноз по конца года)
Интер РАО (дляФСК)
Промышленныепотребители
Транспорт
Нефтедобыча
Нефтепереработка
Нефтепроводы
Газопроводы
Сельскоехозяйство ипищеваяпромышленность
Непромышленныепотребители
Государственные(муниципальные)организации ипрочиебюджетныепотребители
Население иприравненныегруппыпотребителей
Территориальныесетевыеорганизации
5 5
319 319
81 81
16 16
16 16
20 20
2 2
56 56
215 215
67 67
218 218
239 239
6 6
331 331
82 82
77 77
20 20
20 20
3 3
57 57
220 220
68 68
214 214
258 258
План
Ожидаемое (прогноз по конца года)
Интер РАО (дляФСК)
Промышленныепотребители
Транспорт
Нефтедобыча
Нефтепереработка
Нефтепроводы
Газопроводы
Сельскоехозяйство ипищеваяпромышленность
Непромышленныепотребители
Государственные(муниципальные)организации ипрочиебюджетныепотребители
Население иприравненныегруппыпотребителей
Территориальныесетевыеорганизации
-4.7% -4.7%
3.8% 3.8%
1.9% 1.9%
230.3% 230.3%
10.9% 10.9%
4.2% 4.2%
21.7% 21.7%
3.9% 3.9%
-0.6% -0.6%
1.6% 1.6%
-1.0% -1.0%
3.3% 3.3%
⬤ Отклонение, %
Интер РАО (для ФСК)
Промышленные потребители
Транспорт
Нефтедобыча
Нефтепереработка
Нефтепроводы
Газопроводы
Сельское хозяйство и пищевая пр…
Непромышленные потребители
Государственные (муниципальные…
Население и приравненные групп…
Территориальные сетевые органи…
Выручка отклонения по ПАО Россети на 2023 год
15.6% 15.6%
3.8% 3.8%
1.2% 1.2%
398.2% 398.2%
26.9% 26.9%
-0.6% -0.6%
26.9% 26.9%
1.5% 1.5%
2.7% 2.7%
2.0% 2.0%
-2.0% -2.0%
7.9% 7.9%
⬤ Отклонение, %
Интер РАО (для ФСК)
Промышленные потребители
Транспорт
Нефтедобыча
Нефтепереработка
Нефтепроводы
Газопроводы
Сельское хозяйство и пищевая пр…
Непромышленные потребители
Государственные (муниципальные…
Население и приравненные групп…
Территориальные сетевые органи…
абс.
%
Прогноз на месяц 
Ноябрь
КПО/Отпуск из сети 
Отпуск из сети, млн. кВт.ч
Организация 
Все
Прогноз электропотребления и выручки за услуги по передаче в разрезе отраслей' are equal

28-03-2025T10:06:11 - [MESSAGE][PASSED] - Actual object 'Год 
2023 год
Сравнение с 
План
Динамика электропотребления,  10 10
190 190
36 36
14 14
9 9
14 14
4 4
17 17
80 80
19 19
82 82
588 588
10 10
197 197
37 37
48 48
10 10
15 15
4 4
18 18
80 80
19 19
82 82
608 608
План
Ожидаемое (прогноз по конца года)
Интер РАО (дляФСК)
Промышленныепотребители
Транспорт
Нефтедобыча
Нефтепереработка
Нефтепроводы
Газопроводы
Сельскоехозяйство ипищеваяпромышленность
Непромышленныепотребители
Государственные(муниципальные)организации ипрочиебюджетныепотребители
Население иприравненныегруппыпотребителей
Территориальныесетевыеорганизации
5 5
319 319
81 81
16 16
16 16
20 20
2 2
56 56
215 215
67 67
218 218
239 239
6 6
331 331
82 82
77 77
20 20
20 20
3 3
57 57
220 220
68 68
214 214
258 258
План
Ожидаемое (прогноз по конца года)
Интер РАО (дляФСК)
Промышленныепотребители
Транспорт
Нефтедобыча
Нефтепереработка
Нефтепроводы
Газопроводы
Сельскоехозяйство ипищеваяпромышленность
Непромышленныепотребители
Государственные(муниципальные)организации ипрочиебюджетныепотребители
Население иприравненныегруппыпотребителей
Территориальныесетевыеорганизации
-4.7% -4.7%
3.8% 3.8%
1.9% 1.9%
230.3% 230.3%
10.9% 10.9%
4.2% 4.2%
21.7% 21.7%
3.9% 3.9%
-0.6% -0.6%
1.6% 1.6%
-1.0% -1.0%
3.3% 3.3%
⬤ Отклонение, %
Интер РАО (для ФСК)
Промышленные потребители
Транспорт
Нефтедобыча
Нефтепереработка
Нефтепроводы
Газопроводы
Сельское хозяйство и пищевая пр…
Непромышленные потребители
Государственные (муниципальные…
Население и приравненные групп…
Территориальные сетевые органи…
Выручка отклонения по ПАО Россети на 2023 год
15.6% 15.6%
3.8% 3.8%
1.2% 1.2%
398.2% 398.2%
26.9% 26.9%
-0.6% -0.6%
26.9% 26.9%
1.5% 1.5%
2.7% 2.7%
2.0% 2.0%
-2.0% -2.0%
7.9% 7.9%
⬤ Отклонение, %
Интер РАО (для ФСК)
Промышленные потребители
Транспорт
Нефтедобыча
Нефтепереработка
Нефтепроводы
Газопроводы
Сельское хозяйство и пищевая пр…
Непромышленные потребители
Государственные (муниципальные…
Население и приравненные групп…
Территориальные сетевые органи…
абс.
%
Прогноз на месяц 
Ноябрь
КПО/Отпуск из сети 
Отпуск из сети, млн. кВт.ч
Организация 
Все
Прогноз электропотребления и выручки за услуги по передаче в разрезе отраслей' and expected object 'Год 
2023 год
Сравнение с 
План
Динамика электропотребления,  10 10
190 190
36 36
14 14
9 9
14 14
4 4
17 17
80 80
19 19
82 82
588 588
10 10
197 197
37 37
48 48
10 10
15 15
4 4
18 18
80 80
19 19
82 82
608 608
План
Ожидаемое (прогноз по конца года)
Интер РАО (дляФСК)
Промышленныепотребители
Транспорт
Нефтедобыча
Нефтепереработка
Нефтепроводы
Газопроводы
Сельскоехозяйство ипищеваяпромышленность
Непромышленныепотребители
Государственные(муниципальные)организации ипрочиебюджетныепотребители
Население иприравненныегруппыпотребителей
Территориальныесетевыеорганизации
5 5
319 319
81 81
16 16
16 16
20 20
2 2
56 56
215 215
67 67
218 218
239 239
6 6
331 331
82 82
77 77
20 20
20 20
3 3
57 57
220 220
68 68
214 214
258 258
План
Ожидаемое (прогноз по конца года)
Интер РАО (дляФСК)
Промышленныепотребители
Транспорт
Нефтедобыча
Нефтепереработка
Нефтепроводы
Газопроводы
Сельскоехозяйство ипищеваяпромышленность
Непромышленныепотребители
Государственные(муниципальные)организации ипрочиебюджетныепотребители
Население иприравненныегруппыпотребителей
Территориальныесетевыеорганизации
-4.7% -4.7%
3.8% 3.8%
1.9% 1.9%
230.3% 230.3%
10.9% 10.9%
4.2% 4.2%
21.7% 21.7%
3.9% 3.9%
-0.6% -0.6%
1.6% 1.6%
-1.0% -1.0%
3.3% 3.3%
⬤ Отклонение, %
Интер РАО (для ФСК)
Промышленные потребители
Транспорт
Нефтедобыча
Нефтепереработка
Нефтепроводы
Газопроводы
Сельское хозяйство и пищевая пр…
Непромышленные потребители
Государственные (муниципальные…
Население и приравненные групп…
Территориальные сетевые органи…
Выручка отклонения по ПАО Россети на 2023 год
15.6% 15.6%
3.8% 3.8%
1.2% 1.2%
398.2% 398.2%
26.9% 26.9%
-0.6% -0.6%
26.9% 26.9%
1.5% 1.5%
2.7% 2.7%
2.0% 2.0%
-2.0% -2.0%
7.9% 7.9%
⬤ Отклонение, %
Интер РАО (для ФСК)
Промышленные потребители
Транспорт
Нефтедобыча
Нефтепереработка
Нефтепроводы
Газопроводы
Сельское хозяйство и пищевая пр…
Непромышленные потребители
Государственные (муниципальные…
Население и приравненные групп…
Территориальные сетевые органи…
абс.
%
Прогноз на месяц 
Ноябрь
КПО/Отпуск из сети 
Отпуск из сети, млн. кВт.ч
Организация 
Все
Прогноз электропотребления и выручки за услуги по передаче в разрезе отраслей' are equal

28-03-2025T10:06:11 - [TEST_STEP][PASSED] - verifyEqual(findTestData("PlanFact").getValue(3, b), a2): Actual object 'Год 
2023 год
Сравнение с 
План
Отклонения по ПАО Россети на 2023 год
-492.2 -492.2
7 165.1 7 165.1
689.3 689.3
33 271.7 33 271.7
986.4 986.4
593.8 593.8
764.0 764.0
670.4 670.4
-592.4 -592.4
308.8 308.8
-940.9 -940.9
19 604.1 19 604.1
⬤ Отклонение, млн. кВт.ч
Интер РАО (для ФСК)
Промышленные потребители
Транспорт
Нефтедобыча
Нефтепереработка
Нефтепроводы
Газопроводы
Сельское хозяйство и пищевая пр…
Непромышленные потребители
Государственные (муниципальные…
Население и приравненные групп…
Территориальные сетевые органи…
Выручка отклонения по ПАО Россети на 2023 год
794.9 794.9
12 195.0 12 195.0
972.7 972.7
61 803.9 61 803.9
4 222.3 4 222.3
-121.8 -121.8
666.2 666.2
873.2 873.2
5 809.6 5 809.6
1 342.6 1 342.6
-4 463.2 -4 463.2
18 375.5 18 375.5
⬤ Отклонение, млн. руб.
Интер РАО (для ФСК)
Промышленные потребители
Транспорт
Нефтедобыча
Нефтепереработка
Нефтепроводы
Газопроводы
Сельское хозяйство и пищевая пр…
Непромышленные потребители
Государственные (муниципальные…
Население и приравненные групп…
Территориальные сетевые органи…
Динамика электропотребления, млрд. кВт.ч. по ПАО Россети на 2023 год
10 10
190 190
36 36
14 14
9 9
14 14
4 4
17 17
80 80
19 19
82 82
588 588
10 10
197 197
37 37
48 48
10 10
15 15
4 4
18 18
80 80
19 19
82 82
608 608
План
Ожидаемое (прогноз по конца года)
Интер РАО (дляФСК)
Промышленныепотребители
Транспорт
Нефтедобыча
Нефтепереработка
Нефтепроводы
Газопроводы
Сельскоехозяйство ипищеваяпромышленность
Непромышленныепотребители
Государственные(муниципальные)организации ипрочиебюджетныепотребители
Население иприравненныегруппыпотребителей
Территориальныесетевыеорганизации
Выручка по ПАО Россети на 2023 год
5 5
319 319
81 81
16 16
16 16
20 20
2 2
56 56
215 215
67 67
218 218
239 239
6 6
331 331
82 82
77 77
20 20
20 20
3 3
57 57
220 220
68 68
214 214
258 258
План
Ожидаемое (прогноз по конца года)
Интер РАО (дляФСК)
Промышленныепотребители
Транспорт
Нефтедобыча
Нефтепереработка
Нефтепроводы
Газопроводы
Сельскоехозяйство ипищеваяпромышленность
Непромышленныепотребители
Государственные(муниципальные)организации ипрочиебюджетныепотребители
Население иприравненныегруппыпотребителей
Территориальныесетевыеорганизации
абс.
%
Прогноз на месяц 
Ноябрь
КПО/Отпуск из сети 
Отпуск из сети, млн. кВт.ч
Организация 
Все
Прогноз электропотребления и выручки за услуги по передаче в разрезе отраслей' and expected object 'Год 
2023 год
Сравнение с 
План
Отклонения по ПАО Россети на 2023 год
-492.2 -492.2
7 165.1 7 165.1
689.3 689.3
33 271.7 33 271.7
986.4 986.4
593.8 593.8
764.0 764.0
670.4 670.4
-592.4 -592.4
308.8 308.8
-940.9 -940.9
19 604.1 19 604.1
⬤ Отклонение, млн. кВт.ч
Интер РАО (для ФСК)
Промышленные потребители
Транспорт
Нефтедобыча
Нефтепереработка
Нефтепроводы
Газопроводы
Сельское хозяйство и пищевая пр…
Непромышленные потребители
Государственные (муниципальные…
Население и приравненные групп…
Территориальные сетевые органи…
Выручка отклонения по ПАО Россети на 2023 год
794.9 794.9
12 195.0 12 195.0
972.7 972.7
61 803.9 61 803.9
4 222.3 4 222.3
-121.8 -121.8
666.2 666.2
873.2 873.2
5 809.6 5 809.6
1 342.6 1 342.6
-4 463.2 -4 463.2
18 375.5 18 375.5
⬤ Отклонение, млн. руб.
Интер РАО (для ФСК)
Промышленные потребители
Транспорт
Нефтедобыча
Нефтепереработка
Нефтепроводы
Газопроводы
Сельское хозяйство и пищевая пр…
Непромышленные потребители
Государственные (муниципальные…
Население и приравненные групп…
Территориальные сетевые органи…
Динамика электропотребления, млрд. кВт.ч. по ПАО Россети на 2023 год
10 10
190 190
36 36
14 14
9 9
14 14
4 4
17 17
80 80
19 19
82 82
588 588
10 10
197 197
37 37
48 48
10 10
15 15
4 4
18 18
80 80
19 19
82 82
608 608
План
Ожидаемое (прогноз по конца года)
Интер РАО (дляФСК)
Промышленныепотребители
Транспорт
Нефтедобыча
Нефтепереработка
Нефтепроводы
Газопроводы
Сельскоехозяйство ипищеваяпромышленность
Непромышленныепотребители
Государственные(муниципальные)организации ипрочиебюджетныепотребители
Население иприравненныегруппыпотребителей
Территориальныесетевыеорганизации
Выручка по ПАО Россети на 2023 год
5 5
319 319
81 81
16 16
16 16
20 20
2 2
56 56
215 215
67 67
218 218
239 239
6 6
331 331
82 82
77 77
20 20
20 20
3 3
57 57
220 220
68 68
214 214
258 258
План
Ожидаемое (прогноз по конца года)
Интер РАО (дляФСК)
Промышленныепотребители
Транспорт
Нефтедобыча
Нефтепереработка
Нефтепроводы
Газопроводы
Сельскоехозяйство ипищеваяпромышленность
Непромышленныепотребители
Государственные(муниципальные)организации ипрочиебюджетныепотребители
Население иприравненныегруппыпотребителей
Территориальныесетевыеорганизации
абс.
%
Прогноз на месяц 
Ноябрь
КПО/Отпуск из сети 
Отпуск из сети, млн. кВт.ч
Организация 
Все
Прогноз электропотребления и выручки за услуги по передаче в разрезе отраслей' are equal

28-03-2025T10:06:11 - [MESSAGE][PASSED] - Actual object 'Год 
2023 год
Сравнение с 
План
Отклонения по ПАО Россети на 2023 год
-492.2 -492.2
7 165.1 7 165.1
689.3 689.3
33 271.7 33 271.7
986.4 986.4
593.8 593.8
764.0 764.0
670.4 670.4
-592.4 -592.4
308.8 308.8
-940.9 -940.9
19 604.1 19 604.1
⬤ Отклонение, млн. кВт.ч
Интер РАО (для ФСК)
Промышленные потребители
Транспорт
Нефтедобыча
Нефтепереработка
Нефтепроводы
Газопроводы
Сельское хозяйство и пищевая пр…
Непромышленные потребители
Государственные (муниципальные…
Население и приравненные групп…
Территориальные сетевые органи…
Выручка отклонения по ПАО Россети на 2023 год
794.9 794.9
12 195.0 12 195.0
972.7 972.7
61 803.9 61 803.9
4 222.3 4 222.3
-121.8 -121.8
666.2 666.2
873.2 873.2
5 809.6 5 809.6
1 342.6 1 342.6
-4 463.2 -4 463.2
18 375.5 18 375.5
⬤ Отклонение, млн. руб.
Интер РАО (для ФСК)
Промышленные потребители
Транспорт
Нефтедобыча
Нефтепереработка
Нефтепроводы
Газопроводы
Сельское хозяйство и пищевая пр…
Непромышленные потребители
Государственные (муниципальные…
Население и приравненные групп…
Территориальные сетевые органи…
Динамика электропотребления, млрд. кВт.ч. по ПАО Россети на 2023 год
10 10
190 190
36 36
14 14
9 9
14 14
4 4
17 17
80 80
19 19
82 82
588 588
10 10
197 197
37 37
48 48
10 10
15 15
4 4
18 18
80 80
19 19
82 82
608 608
План
Ожидаемое (прогноз по конца года)
Интер РАО (дляФСК)
Промышленныепотребители
Транспорт
Нефтедобыча
Нефтепереработка
Нефтепроводы
Газопроводы
Сельскоехозяйство ипищеваяпромышленность
Непромышленныепотребители
Государственные(муниципальные)организации ипрочиебюджетныепотребители
Население иприравненныегруппыпотребителей
Территориальныесетевыеорганизации
Выручка по ПАО Россети на 2023 год
5 5
319 319
81 81
16 16
16 16
20 20
2 2
56 56
215 215
67 67
218 218
239 239
6 6
331 331
82 82
77 77
20 20
20 20
3 3
57 57
220 220
68 68
214 214
258 258
План
Ожидаемое (прогноз по конца года)
Интер РАО (дляФСК)
Промышленныепотребители
Транспорт
Нефтедобыча
Нефтепереработка
Нефтепроводы
Газопроводы
Сельскоехозяйство ипищеваяпромышленность
Непромышленныепотребители
Государственные(муниципальные)организации ипрочиебюджетныепотребители
Население иприравненныегруппыпотребителей
Территориальныесетевыеорганизации
абс.
%
Прогноз на месяц 
Ноябрь
КПО/Отпуск из сети 
Отпуск из сети, млн. кВт.ч
Организация 
Все
Прогноз электропотребления и выручки за услуги по передаче в разрезе отраслей' and expected object 'Год 
2023 год
Сравнение с 
План
Отклонения по ПАО Россети на 2023 год
-492.2 -492.2
7 165.1 7 165.1
689.3 689.3
33 271.7 33 271.7
986.4 986.4
593.8 593.8
764.0 764.0
670.4 670.4
-592.4 -592.4
308.8 308.8
-940.9 -940.9
19 604.1 19 604.1
⬤ Отклонение, млн. кВт.ч
Интер РАО (для ФСК)
Промышленные потребители
Транспорт
Нефтедобыча
Нефтепереработка
Нефтепроводы
Газопроводы
Сельское хозяйство и пищевая пр…
Непромышленные потребители
Государственные (муниципальные…
Население и приравненные групп…
Территориальные сетевые органи…
Выручка отклонения по ПАО Россети на 2023 год
794.9 794.9
12 195.0 12 195.0
972.7 972.7
61 803.9 61 803.9
4 222.3 4 222.3
-121.8 -121.8
666.2 666.2
873.2 873.2
5 809.6 5 809.6
1 342.6 1 342.6
-4 463.2 -4 463.2
18 375.5 18 375.5
⬤ Отклонение, млн. руб.
Интер РАО (для ФСК)
Промышленные потребители
Транспорт
Нефтедобыча
Нефтепереработка
Нефтепроводы
Газопроводы
Сельское хозяйство и пищевая пр…
Непромышленные потребители
Государственные (муниципальные…
Население и приравненные групп…
Территориальные сетевые органи…
Динамика электропотребления, млрд. кВт.ч. по ПАО Россети на 2023 год
10 10
190 190
36 36
14 14
9 9
14 14
4 4
17 17
80 80
19 19
82 82
588 588
10 10
197 197
37 37
48 48
10 10
15 15
4 4
18 18
80 80
19 19
82 82
608 608
План
Ожидаемое (прогноз по конца года)
Интер РАО (дляФСК)
Промышленныепотребители
Транспорт
Нефтедобыча
Нефтепереработка
Нефтепроводы
Газопроводы
Сельскоехозяйство ипищеваяпромышленность
Непромышленныепотребители
Государственные(муниципальные)организации ипрочиебюджетныепотребители
Население иприравненныегруппыпотребителей
Территориальныесетевыеорганизации
Выручка по ПАО Россети на 2023 год
5 5
319 319
81 81
16 16
16 16
20 20
2 2
56 56
215 215
67 67
218 218
239 239
6 6
331 331
82 82
77 77
20 20
20 20
3 3
57 57
220 220
68 68
214 214
258 258
План
Ожидаемое (прогноз по конца года)
Интер РАО (дляФСК)
Промышленныепотребители
Транспорт
Нефтедобыча
Нефтепереработка
Нефтепроводы
Газопроводы
Сельскоехозяйство ипищеваяпромышленность
Непромышленныепотребители
Государственные(муниципальные)организации ипрочиебюджетныепотребители
Население иприравненныегруппыпотребителей
Территориальныесетевыеорганизации
абс.
%
Прогноз на месяц 
Ноябрь
КПО/Отпуск из сети 
Отпуск из сети, млн. кВт.ч
Организация 
Все
Прогноз электропотребления и выручки за услуги по передаче в разрезе отраслей' are equal

28-03-2025T10:06:11 - [TEST_STEP][PASSED] - Script1686231490255.WriteToExcel(user, dashboardName, n, data, run, a1, a2, a3, a4, a5, a6, a7, a8, a9): null

28-03-2025T10:06:11 - [TEST_STEP][PASSED] - sheetName = "Sheet1": null

28-03-2025T10:06:11 - [TEST_STEP][PASSED] - workbook01 = getWorkbook(excelFilePath): null

28-03-2025T10:06:11 - [TEST_STEP][PASSED] - sheet01 = getExcelSheet(workbook01, sheetName): null

28-03-2025T10:06:11 - [TEST_STEP][PASSED] - setValueToCellByIndex(sheet01, n, 0, dashboardName): null

28-03-2025T10:06:11 - [TEST_STEP][PASSED] - setValueToCellByIndex(sheet01, n, 10, user): null

28-03-2025T10:06:11 - [TEST_STEP][PASSED] - setValueToCellByIndex(sheet01, n, 1, a1): null

28-03-2025T10:06:11 - [TEST_STEP][PASSED] - setValueToCellByIndex(sheet01, n, 2, a2): null

28-03-2025T10:06:11 - [TEST_STEP][PASSED] - setValueToCellByIndex(sheet01, n, 3, a3): null

28-03-2025T10:06:11 - [TEST_STEP][PASSED] - setValueToCellByIndex(sheet01, n, 4, a4): null

28-03-2025T10:06:11 - [TEST_STEP][PASSED] - setValueToCellByIndex(sheet01, n, 5, a5): null

28-03-2025T10:06:11 - [TEST_STEP][PASSED] - setValueToCellByIndex(sheet01, n, 6, a6): null

28-03-2025T10:06:11 - [TEST_STEP][PASSED] - setValueToCellByIndex(sheet01, n, 7, a7): null

28-03-2025T10:06:11 - [TEST_STEP][PASSED] - setValueToCellByIndex(sheet01, n, 8, a8): null

28-03-2025T10:06:11 - [TEST_STEP][PASSED] - setValueToCellByIndex(sheet01, n, 9, a9): null

28-03-2025T10:06:11 - [TEST_STEP][PASSED] - n = n + 1: null

28-03-2025T10:06:11 - [TEST_STEP][PASSED] - saveWorkbook(excelFilePath, workbook01): null

28-03-2025T10:06:12 - [TEST_STEP][PASSED] - closeBrowser(): Browser is closed

28-03-2025T10:06:12 - [MESSAGE][PASSED] - Browser is closed]]></system-out>
         <system-err><![CDATA[]]></system-err>
      </testcase>
      <testcase name="Test Cases/Сверки дашбордов/Выполнение бизнес-плана сверка дашбордов" time="226.438" classname="Test Cases/Сверки дашбордов/Выполнение бизнес-плана сверка дашбордов" status="FAILED">
         <failure type="FAILED" message="Test Cases/Сверки дашбордов/Выполнение бизнес-плана сверка дашбордов FAILED.&#xa;Reason:&#xa;com.kms.katalon.core.exception.StepFailedException: Unable to get text of object 'Object Repository/Выполнение бизнес-плана/Значения со страницы Выполнение бизнес-плана/Table Data/План Потери за отчётный период 1' (Root cause: com.kms.katalon.core.exception.StepFailedException: Unable to get text of object 'Object Repository/Выполнение бизнес-плана/Значения со страницы Выполнение бизнес-плана/Table Data/План Потери за отчётный период 1'&#xa;	at com.kms.katalon.core.webui.keyword.internal.WebUIKeywordMain.stepFailed(WebUIKeywordMain.groovy:64)&#xa;	at com.kms.katalon.core.webui.keyword.internal.WebUIKeywordMain.runKeyword(WebUIKeywordMain.groovy:26)&#xa;	at com.kms.katalon.core.webui.keyword.builtin.GetTextKeyword.getText(GetTextKeyword.groovy:88)&#xa;	at com.kms.katalon.core.webui.keyword.builtin.GetTextKeyword.execute(GetTextKeyword.groovy:67)&#xa;	at com.kms.katalon.core.keyword.internal.KeywordExecutor.executeKeywordForPlatform(KeywordExecutor.groovy:74)&#xa;	at com.kms.katalon.core.webui.keyword.WebUiBuiltInKeywords.getText(WebUiBuiltInKeywords.groovy:957)&#xa;	at Выполнение бизнес-плана сверка дашбордов.GetAllData(Выполнение бизнес-плана сверка дашбордов:985)&#xa;	at Выполнение бизнес-плана сверка дашбордов.run(Выполнение бизнес-плана сверка дашбордов:156)&#xa;	at com.kms.katalon.core.main.ScriptEngine.run(ScriptEngine.java:194)&#xa;	at com.kms.katalon.core.main.ScriptEngine.runScriptAsRawText(ScriptEngine.java:119)&#xa;	at com.kms.katalon.core.main.TestCaseExecutor.runScript(TestCaseExecutor.java:448)&#xa;	at com.kms.katalon.core.main.TestCaseExecutor.doExecute(TestCaseExecutor.java:439)&#xa;	at com.kms.katalon.core.main.TestCaseExecutor.processExecutionPhase(TestCaseExecutor.java:418)&#xa;	at com.kms.katalon.core.main.TestCaseExecutor.accessMainPhase(TestCaseExecutor.java:410)&#xa;	at com.kms.katalon.core.main.TestCaseExecutor.execute(TestCaseExecutor.java:285)&#xa;	at com.kms.katalon.core.common.CommonExecutor.accessTestCaseMainPhase(CommonExecutor.java:65)&#xa;	at com.kms.katalon.core.main.TestSuiteExecutor.accessTestSuiteMainPhase(TestSuiteExecutor.java:150)&#xa;	at com.kms.katalon.core.main.TestSuiteExecutor.execute(TestSuiteExecutor.java:106)&#xa;	at com.kms.katalon.core.main.TestCaseMain.startTestSuite(TestCaseMain.java:180)&#xa;	at TempTestSuite1743137207280.run(TempTestSuite1743137207280.groovy:35)&#xa;	at java.base/jdk.internal.reflect.NativeMethodAccessorImpl.invoke0(Native Method)&#xa;	at java.base/jdk.internal.reflect.NativeMethodAccessorImpl.invoke(NativeMethodAccessorImpl.java:77)&#xa;	at java.base/jdk.internal.reflect.DelegatingMethodAccessorImpl.invoke(DelegatingMethodAccessorImpl.java:43)&#xa;Caused by: com.kms.katalon.core.webui.exception.WebElementNotFoundException: Web element with id: 'Object Repository/Выполнение бизнес-плана/Значения со страницы Выполнение бизнес-плана/Table Data/План Потери за отчётный период 1' located by '(.//*[normalize-space(text()) and normalize-space(.)='Показатели баланса электроэнергии по ДЗО – План'])[2]/following::td[35]' not found&#xa;	at com.kms.katalon.core.webui.common.WebUiCommonHelper.findWebElement(WebUiCommonHelper.java:1426)&#xa;	at com.kms.katalon.core.webui.keyword.internal.WebUIAbstractKeyword.findWebElement(WebUIAbstractKeyword.groovy:27)&#xa;	at com.kms.katalon.core.webui.keyword.internal.WebUIAbstractKeyword.findWebElement(WebUIAbstractKeyword.groovy:26)&#xa;	at com.kms.katalon.core.webui.keyword.builtin.GetTextKeyword$_getText_closure1.doCall(GetTextKeyword.groovy:78)&#xa;	at com.kms.katalon.core.webui.keyword.builtin.GetTextKeyword$_getText_closure1.call(GetTextKeyword.groovy)&#xa;	at com.kms.katalon.core.webui.keyword.internal.WebUIKeywordMain.runKeyword(WebUIKeywordMain.groovy:20)&#xa;	at com.kms.katalon.core.webui.keyword.builtin.GetTextKeyword.getText(GetTextKeyword.groovy:88)&#xa;	at com.kms.katalon.core.webui.keyword.builtin.GetTextKeyword.execute(GetTextKeyword.groovy:67)&#xa;	at com.kms.katalon.core.keyword.internal.KeywordExecutor.executeKeywordForPlatform(KeywordExecutor.groovy:74)&#xa;	at com.kms.katalon.core.webui.keyword.WebUiBuiltInKeywords.getText(WebUiBuiltInKeywords.groovy:957)&#xa;	at Script1719299571342.GetAllData(Script1719299571342.groovy:985)&#xa;	at Script1719299571342.run(Script1719299571342.groovy:156)&#xa;	... 15 more&#xa;)&#xa;	at com.kms.katalon.core.keyword.internal.KeywordMain.stepFailed(KeywordMain.groovy:39)&#xa;	at com.kms.katalon.core.webui.keyword.internal.WebUIKeywordMain.stepFailed(WebUIKeywordMain.groovy:64)&#xa;	at com.kms.katalon.core.webui.keyword.internal.WebUIKeywordMain.runKeyword(WebUIKeywordMain.groovy:26)&#xa;	at com.kms.katalon.core.webui.keyword.builtin.GetTextKeyword.getText(GetTextKeyword.groovy:88)&#xa;	at com.kms.katalon.core.webui.keyword.builtin.GetTextKeyword.execute(GetTextKeyword.groovy:67)&#xa;	at com.kms.katalon.core.keyword.internal.KeywordExecutor.executeKeywordForPlatform(KeywordExecutor.groovy:74)&#xa;	at com.kms.katalon.core.webui.keyword.WebUiBuiltInKeywords.getText(WebUiBuiltInKeywords.groovy:957)&#xa;	at Выполнение бизнес-плана сверка дашбордов.GetAllData(Выполнение бизнес-плана сверка дашбордов:985)&#xa;	at Выполнение бизнес-плана сверка дашбордов.run(Выполнение бизнес-плана сверка дашбордов:156)&#xa;	at com.kms.katalon.core.main.ScriptEngine.run(ScriptEngine.java:194)&#xa;	at com.kms.katalon.core.main.ScriptEngine.runScriptAsRawText(ScriptEngine.java:119)&#xa;	at com.kms.katalon.core.main.TestCaseExecutor.runScript(TestCaseExecutor.java:448)&#xa;	at com.kms.katalon.core.main.TestCaseExecutor.doExecute(TestCaseExecutor.java:439)&#xa;	at com.kms.katalon.core.main.TestCaseExecutor.processExecutionPhase(TestCaseExecutor.java:418)&#xa;	at com.kms.katalon.core.main.TestCaseExecutor.accessMainPhase(TestCaseExecutor.java:410)&#xa;	at com.kms.katalon.core.main.TestCaseExecutor.execute(TestCaseExecutor.java:285)&#xa;	at com.kms.katalon.core.common.CommonExecutor.accessTestCaseMainPhase(CommonExecutor.java:65)&#xa;	at com.kms.katalon.core.main.TestSuiteExecutor.accessTestSuiteMainPhase(TestSuiteExecutor.java:150)&#xa;	at com.kms.katalon.core.main.TestSuiteExecutor.execute(TestSuiteExecutor.java:106)&#xa;	at com.kms.katalon.core.main.TestCaseMain.startTestSuite(TestCaseMain.java:180)&#xa;	at TempTestSuite1743137207280.run(TempTestSuite1743137207280.groovy:35)&#xa;	at java.base/jdk.internal.reflect.NativeMethodAccessorImpl.invoke0(Native Method)&#xa;	at java.base/jdk.internal.reflect.NativeMethodAccessorImpl.invoke(NativeMethodAccessorImpl.java:77)&#xa;	at java.base/jdk.internal.reflect.DelegatingMethodAccessorImpl.invoke(DelegatingMethodAccessorImpl.java:43)&#xa;Caused by: com.kms.katalon.core.exception.StepFailedException: Unable to get text of object 'Object Repository/Выполнение бизнес-плана/Значения со страницы Выполнение бизнес-плана/Table Data/План Потери за отчётный период 1'&#xa;	... 23 more&#xa;Caused by: com.kms.katalon.core.webui.exception.WebElementNotFoundException: Web element with id: 'Object Repository/Выполнение бизнес-плана/Значения со страницы Выполнение бизнес-плана/Table Data/План Потери за отчётный период 1' located by '(.//*[normalize-space(text()) and normalize-space(.)='Показатели баланса электроэнергии по ДЗО – План'])[2]/following::td[35]' not found&#xa;	at com.kms.katalon.core.webui.common.WebUiCommonHelper.findWebElement(WebUiCommonHelper.java:1426)&#xa;	at com.kms.katalon.core.webui.keyword.internal.WebUIAbstractKeyword.findWebElement(WebUIAbstractKeyword.groovy:27)&#xa;	at com.kms.katalon.core.webui.keyword.internal.WebUIAbstractKeyword.findWebElement(WebUIAbstractKeyword.groovy:26)&#xa;	at com.kms.katalon.core.webui.keyword.builtin.GetTextKeyword$_getText_closure1.doCall(GetTextKeyword.groovy:78)&#xa;	at com.kms.katalon.core.webui.keyword.builtin.GetTextKeyword$_getText_closure1.call(GetTextKeyword.groovy)&#xa;	at com.kms.katalon.core.webui.keyword.internal.WebUIKeywordMain.runKeyword(WebUIKeywordMain.groovy:20)&#xa;	... 21 more&#xa;"/>
         <system-out><![CDATA[28-03-2025T10:06:12 - [TEST_CASE][FAILED] - Test Cases/Сверки дашбордов/Выполнение бизнес-плана сверка дашбордов: Test Cases/Сверки дашбордов/Выполнение бизнес-плана сверка дашбордов FAILED.
Reason:
com.kms.katalon.core.exception.StepFailedException: Unable to get text of object 'Object Repository/Выполнение бизнес-плана/Значения со страницы Выполнение бизнес-плана/Table Data/План Потери за отчётный период 1' (Root cause: com.kms.katalon.core.exception.StepFailedException: Unable to get text of object 'Object Repository/Выполнение бизнес-плана/Значения со страницы Выполнение бизнес-плана/Table Data/План Потери за отчётный период 1'
	at com.kms.katalon.core.webui.keyword.internal.WebUIKeywordMain.stepFailed(WebUIKeywordMain.groovy:64)
	at com.kms.katalon.core.webui.keyword.internal.WebUIKeywordMain.runKeyword(WebUIKeywordMain.groovy:26)
	at com.kms.katalon.core.webui.keyword.builtin.GetTextKeyword.getText(GetTextKeyword.groovy:88)
	at com.kms.katalon.core.webui.keyword.builtin.GetTextKeyword.execute(GetTextKeyword.groovy:67)
	at com.kms.katalon.core.keyword.internal.KeywordExecutor.executeKeywordForPlatform(KeywordExecutor.groovy:74)
	at com.kms.katalon.core.webui.keyword.WebUiBuiltInKeywords.getText(WebUiBuiltInKeywords.groovy:957)
	at Выполнение бизнес-плана сверка дашбордов.GetAllData(Выполнение бизнес-плана сверка дашбордов:985)
	at Выполнение бизнес-плана сверка дашбордов.run(Выполнение бизнес-плана сверка дашбордов:156)
	at com.kms.katalon.core.main.ScriptEngine.run(ScriptEngine.java:194)
	at com.kms.katalon.core.main.ScriptEngine.runScriptAsRawText(ScriptEngine.java:119)
	at com.kms.katalon.core.main.TestCaseExecutor.runScript(TestCaseExecutor.java:448)
	at com.kms.katalon.core.main.TestCaseExecutor.doExecute(TestCaseExecutor.java:439)
	at com.kms.katalon.core.main.TestCaseExecutor.processExecutionPhase(TestCaseExecutor.java:418)
	at com.kms.katalon.core.main.TestCaseExecutor.accessMainPhase(TestCaseExecutor.java:410)
	at com.kms.katalon.core.main.TestCaseExecutor.execute(TestCaseExecutor.java:285)
	at com.kms.katalon.core.common.CommonExecutor.accessTestCaseMainPhase(CommonExecutor.java:65)
	at com.kms.katalon.core.main.TestSuiteExecutor.accessTestSuiteMainPhase(TestSuiteExecutor.java:150)
	at com.kms.katalon.core.main.TestSuiteExecutor.execute(TestSuiteExecutor.java:106)
	at com.kms.katalon.core.main.TestCaseMain.startTestSuite(TestCaseMain.java:180)
	at TempTestSuite1743137207280.run(TempTestSuite1743137207280.groovy:35)
	at java.base/jdk.internal.reflect.NativeMethodAccessorImpl.invoke0(Native Method)
	at java.base/jdk.internal.reflect.NativeMethodAccessorImpl.invoke(NativeMethodAccessorImpl.java:77)
	at java.base/jdk.internal.reflect.DelegatingMethodAccessorImpl.invoke(DelegatingMethodAccessorImpl.java:43)
Caused by: com.kms.katalon.core.webui.exception.WebElementNotFoundException: Web element with id: 'Object Repository/Выполнение бизнес-плана/Значения со страницы Выполнение бизнес-плана/Table Data/План Потери за отчётный период 1' located by '(.//*[normalize-space(text()) and normalize-space(.)='Показатели баланса электроэнергии по ДЗО – План'])[2]/following::td[35]' not found
	at com.kms.katalon.core.webui.common.WebUiCommonHelper.findWebElement(WebUiCommonHelper.java:1426)
	at com.kms.katalon.core.webui.keyword.internal.WebUIAbstractKeyword.findWebElement(WebUIAbstractKeyword.groovy:27)
	at com.kms.katalon.core.webui.keyword.internal.WebUIAbstractKeyword.findWebElement(WebUIAbstractKeyword.groovy:26)
	at com.kms.katalon.core.webui.keyword.builtin.GetTextKeyword$_getText_closure1.doCall(GetTextKeyword.groovy:78)
	at com.kms.katalon.core.webui.keyword.builtin.GetTextKeyword$_getText_closure1.call(GetTextKeyword.groovy)
	at com.kms.katalon.core.webui.keyword.internal.WebUIKeywordMain.runKeyword(WebUIKeywordMain.groovy:20)
	at com.kms.katalon.core.webui.keyword.builtin.GetTextKeyword.getText(GetTextKeyword.groovy:88)
	at com.kms.katalon.core.webui.keyword.builtin.GetTextKeyword.execute(GetTextKeyword.groovy:67)
	at com.kms.katalon.core.keyword.internal.KeywordExecutor.executeKeywordForPlatform(KeywordExecutor.groovy:74)
	at com.kms.katalon.core.webui.keyword.WebUiBuiltInKeywords.getText(WebUiBuiltInKeywords.groovy:957)
	at Script1719299571342.GetAllData(Script1719299571342.groovy:985)
	at Script1719299571342.run(Script1719299571342.groovy:156)
	... 15 more
)
	at com.kms.katalon.core.keyword.internal.KeywordMain.stepFailed(KeywordMain.groovy:39)
	at com.kms.katalon.core.webui.keyword.internal.WebUIKeywordMain.stepFailed(WebUIKeywordMain.groovy:64)
	at com.kms.katalon.core.webui.keyword.internal.WebUIKeywordMain.runKeyword(WebUIKeywordMain.groovy:26)
	at com.kms.katalon.core.webui.keyword.builtin.GetTextKeyword.getText(GetTextKeyword.groovy:88)
	at com.kms.katalon.core.webui.keyword.builtin.GetTextKeyword.execute(GetTextKeyword.groovy:67)
	at com.kms.katalon.core.keyword.internal.KeywordExecutor.executeKeywordForPlatform(KeywordExecutor.groovy:74)
	at com.kms.katalon.core.webui.keyword.WebUiBuiltInKeywords.getText(WebUiBuiltInKeywords.groovy:957)
	at Выполнение бизнес-плана сверка дашбордов.GetAllData(Выполнение бизнес-плана сверка дашбордов:985)
	at Выполнение бизнес-плана сверка дашбордов.run(Выполнение бизнес-плана сверка дашбордов:156)
	at com.kms.katalon.core.main.ScriptEngine.run(ScriptEngine.java:194)
	at com.kms.katalon.core.main.ScriptEngine.runScriptAsRawText(ScriptEngine.java:119)
	at com.kms.katalon.core.main.TestCaseExecutor.runScript(TestCaseExecutor.java:448)
	at com.kms.katalon.core.main.TestCaseExecutor.doExecute(TestCaseExecutor.java:439)
	at com.kms.katalon.core.main.TestCaseExecutor.processExecutionPhase(TestCaseExecutor.java:418)
	at com.kms.katalon.core.main.TestCaseExecutor.accessMainPhase(TestCaseExecutor.java:410)
	at com.kms.katalon.core.main.TestCaseExecutor.execute(TestCaseExecutor.java:285)
	at com.kms.katalon.core.common.CommonExecutor.accessTestCaseMainPhase(CommonExecutor.java:65)
	at com.kms.katalon.core.main.TestSuiteExecutor.accessTestSuiteMainPhase(TestSuiteExecutor.java:150)
	at com.kms.katalon.core.main.TestSuiteExecutor.execute(TestSuiteExecutor.java:106)
	at com.kms.katalon.core.main.TestCaseMain.startTestSuite(TestCaseMain.java:180)
	at TempTestSuite1743137207280.run(TempTestSuite1743137207280.groovy:35)
	at java.base/jdk.internal.reflect.NativeMethodAccessorImpl.invoke0(Native Method)
	at java.base/jdk.internal.reflect.NativeMethodAccessorImpl.invoke(NativeMethodAccessorImpl.java:77)
	at java.base/jdk.internal.reflect.DelegatingMethodAccessorImpl.invoke(DelegatingMethodAccessorImpl.java:43)
Caused by: com.kms.katalon.core.exception.StepFailedException: Unable to get text of object 'Object Repository/Выполнение бизнес-плана/Значения со страницы Выполнение бизнес-плана/Table Data/План Потери за отчётный период 1'
	... 23 more
Caused by: com.kms.katalon.core.webui.exception.WebElementNotFoundException: Web element with id: 'Object Repository/Выполнение бизнес-плана/Значения со страницы Выполнение бизнес-плана/Table Data/План Потери за отчётный период 1' located by '(.//*[normalize-space(text()) and normalize-space(.)='Показатели баланса электроэнергии по ДЗО – План'])[2]/following::td[35]' not found
	at com.kms.katalon.core.webui.common.WebUiCommonHelper.findWebElement(WebUiCommonHelper.java:1426)
	at com.kms.katalon.core.webui.keyword.internal.WebUIAbstractKeyword.findWebElement(WebUIAbstractKeyword.groovy:27)
	at com.kms.katalon.core.webui.keyword.internal.WebUIAbstractKeyword.findWebElement(WebUIAbstractKeyword.groovy:26)
	at com.kms.katalon.core.webui.keyword.builtin.GetTextKeyword$_getText_closure1.doCall(GetTextKeyword.groovy:78)
	at com.kms.katalon.core.webui.keyword.builtin.GetTextKeyword$_getText_closure1.call(GetTextKeyword.groovy)
	at com.kms.katalon.core.webui.keyword.internal.WebUIKeywordMain.runKeyword(WebUIKeywordMain.groovy:20)
	... 21 more


28-03-2025T10:06:12 - [TEST_STEP][PASSED] - date = new java.util.Date(): null

28-03-2025T10:06:12 - [TEST_STEP][PASSED] - todaysDate = date.format("dd.MM.yyyy"): null

28-03-2025T10:06:12 - [TEST_STEP][PASSED] - blockNum = <not implemented yet for class: org.codehaus.groovy.ast.expr.EmptyExpression>: null

28-03-2025T10:06:12 - [TEST_STEP][PASSED] - path = <not implemented yet for class: org.codehaus.groovy.ast.expr.EmptyExpression>: null

28-03-2025T10:06:12 - [TEST_STEP][PASSED] - typeOfData = <not implemented yet for class: org.codehaus.groovy.ast.expr.EmptyExpression>: null

28-03-2025T10:06:12 - [TEST_STEP][PASSED] - i = <not implemented yet for class: org.codehaus.groovy.ast.expr.EmptyExpression>: null

28-03-2025T10:06:12 - [TEST_STEP][PASSED] - dZO = <not implemented yet for class: org.codehaus.groovy.ast.expr.EmptyExpression>: null

28-03-2025T10:06:12 - [TEST_STEP][PASSED] - vidget = <not implemented yet for class: org.codehaus.groovy.ast.expr.EmptyExpression>: null

28-03-2025T10:06:12 - [TEST_STEP][PASSED] - tabR = <not implemented yet for class: org.codehaus.groovy.ast.expr.EmptyExpression>: null

28-03-2025T10:06:12 - [TEST_STEP][PASSED] - tabB = <not implemented yet for class: org.codehaus.groovy.ast.expr.EmptyExpression>: null

28-03-2025T10:06:12 - [TEST_STEP][PASSED] - o1R = <not implemented yet for class: org.codehaus.groovy.ast.expr.EmptyExpression>: null

28-03-2025T10:06:12 - [TEST_STEP][PASSED] - o1B = <not implemented yet for class: org.codehaus.groovy.ast.expr.EmptyExpression>: null

28-03-2025T10:06:12 - [TEST_STEP][PASSED] - PercPlanR = <not implemented yet for class: org.codehaus.groovy.ast.expr.EmptyExpression>: null

28-03-2025T10:06:12 - [TEST_STEP][PASSED] - PercPlanB = <not implemented yet for class: org.codehaus.groovy.ast.expr.EmptyExpression>: null

28-03-2025T10:06:12 - [TEST_STEP][PASSED] - PercFactR = <not implemented yet for class: org.codehaus.groovy.ast.expr.EmptyExpression>: null

28-03-2025T10:06:12 - [TEST_STEP][PASSED] - PercFactB = <not implemented yet for class: org.codehaus.groovy.ast.expr.EmptyExpression>: null

28-03-2025T10:06:12 - [TEST_STEP][PASSED] - pRR = "ПАО Россети/": null

28-03-2025T10:06:12 - [TEST_STEP][PASSED] - fR = "Россети ФСК ЕЭС/": null

28-03-2025T10:06:12 - [TEST_STEP][PASSED] - tyR = "АО "Тываэнерго"/": null

28-03-2025T10:06:12 - [TEST_STEP][PASSED] - chR = "Чеченэнерго": null

28-03-2025T10:06:12 - [TEST_STEP][PASSED] - vR = "Россети Волга/": null

28-03-2025T10:06:12 - [TEST_STEP][PASSED] - kR = "Россети Кубань/": null

28-03-2025T10:06:12 - [TEST_STEP][PASSED] - lR = "Россети Ленэнерго (ГК)/": null

28-03-2025T10:06:12 - [TEST_STEP][PASSED] - mR = "Россети Московский регион/": null

28-03-2025T10:06:12 - [TEST_STEP][PASSED] - sKR = "Россети Северный Кавказ (ГК)/": null

28-03-2025T10:06:12 - [TEST_STEP][PASSED] - sZR = "Россети Северо-Запад/": null

28-03-2025T10:06:12 - [TEST_STEP][PASSED] - siR = "Россети Сибирь (ГК)/": null

28-03-2025T10:06:12 - [TEST_STEP][PASSED] - tomR = "Россети Томск/": null

28-03-2025T10:06:12 - [TEST_STEP][PASSED] - tyumR = "Россети Тюмень/": null

28-03-2025T10:06:12 - [TEST_STEP][PASSED] - urR = "Россети Урал (ГК)/": null

28-03-2025T10:06:12 - [TEST_STEP][PASSED] - cenR = "Россети Центр (ГК)/": null

28-03-2025T10:06:12 - [TEST_STEP][PASSED] - cIPR = "Россети Центр и Приволжье (ГК)/": null

28-03-2025T10:06:12 - [TEST_STEP][PASSED] - ugR = "Россети Юг (ГК)/": null

28-03-2025T10:06:12 - [TEST_STEP][PASSED] - yR = "Россети Янтарь/": null

28-03-2025T10:06:12 - [TEST_STEP][PASSED] - pRB = "ПАО Россети/": null

28-03-2025T10:06:12 - [TEST_STEP][PASSED] - fB = "Россети ФСК ЕЭС/": null

28-03-2025T10:06:12 - [TEST_STEP][PASSED] - tyB = "АО "Тываэнерго"/": null

28-03-2025T10:06:12 - [TEST_STEP][PASSED] - chB = "Чеченэнерго": null

28-03-2025T10:06:12 - [TEST_STEP][PASSED] - vB = "Россети Волга/": null

28-03-2025T10:06:12 - [TEST_STEP][PASSED] - kB = "Россети Кубань/": null

28-03-2025T10:06:12 - [TEST_STEP][PASSED] - lB = "Россети Ленэнерго (ГК)/": null

28-03-2025T10:06:12 - [TEST_STEP][PASSED] - mB = "Россети Московский регион/": null

28-03-2025T10:06:12 - [TEST_STEP][PASSED] - sKB = "Россети Северный Кавказ (ГК)/": null

28-03-2025T10:06:12 - [TEST_STEP][PASSED] - sZB = "Россети Северо-Запад/": null

28-03-2025T10:06:12 - [TEST_STEP][PASSED] - siB = "Россети Сибирь (ГК)/": null

28-03-2025T10:06:12 - [TEST_STEP][PASSED] - tomB = "Россети Томск/": null

28-03-2025T10:06:12 - [TEST_STEP][PASSED] - tyumB = "Россети Тюмень/": null

28-03-2025T10:06:12 - [TEST_STEP][PASSED] - urB = "Россети Урал (ГК)/": null

28-03-2025T10:06:12 - [TEST_STEP][PASSED] - cenB = "Россети Центр (ГК)/": null

28-03-2025T10:06:12 - [TEST_STEP][PASSED] - cIPB = "Россети Центр и Приволжье (ГК)/": null

28-03-2025T10:06:12 - [TEST_STEP][PASSED] - ugB = "Россети Юг (ГК)/": null

28-03-2025T10:06:12 - [TEST_STEP][PASSED] - yB = "Россети Янтарь/": null

28-03-2025T10:06:12 - [TEST_STEP][PASSED] - VseDZO = <not implemented yet for class: org.codehaus.groovy.ast.expr.EmptyExpression>: null

28-03-2025T10:06:12 - [TEST_STEP][PASSED] - a = <not implemented yet for class: org.codehaus.groovy.ast.expr.EmptyExpression>: null

28-03-2025T10:06:12 - [TEST_STEP][PASSED] - b = <not implemented yet for class: org.codehaus.groovy.ast.expr.EmptyExpression>: null

28-03-2025T10:06:12 - [TEST_STEP][PASSED] - dZONum = 0: null

28-03-2025T10:06:12 - [TEST_STEP][PASSED] - x = <not implemented yet for class: org.codehaus.groovy.ast.expr.EmptyExpression>: null

28-03-2025T10:06:12 - [TEST_STEP][PASSED] - blockNum = 1: null

28-03-2025T10:06:12 - [TEST_STEP][PASSED] - path = "Object Repository/Выполнение бизнес-плана/": null

28-03-2025T10:06:12 - [TEST_STEP][PASSED] - Script1719299571342.Presettings(blockNum, path): null

28-03-2025T10:06:12 - [TEST_STEP][PASSED] - blockNumber = <not implemented yet for class: org.codehaus.groovy.ast.expr.EmptyExpression>: null

28-03-2025T10:06:12 - [TEST_STEP][PASSED] - urlText = <not implemented yet for class: org.codehaus.groovy.ast.expr.EmptyExpression>: null

28-03-2025T10:06:12 - [TEST_STEP][PASSED] - searchWord = <not implemented yet for class: org.codehaus.groovy.ast.expr.EmptyExpression>: null

28-03-2025T10:06:12 - [TEST_STEP][PASSED] - i = <not implemented yet for class: org.codehaus.groovy.ast.expr.EmptyExpression>: null

28-03-2025T10:06:12 - [TEST_STEP][PASSED] - ii = <not implemented yet for class: org.codehaus.groovy.ast.expr.EmptyExpression>: null

28-03-2025T10:06:12 - [TEST_STEP][PASSED] - openBrowser(""): Browser is opened with url: ''

28-03-2025T10:06:13 - [MESSAGE][INFO] - Starting 'Chrome' driver

28-03-2025T10:06:13 - [MESSAGE][INFO] - Action delay is set to 0 milliseconds

28-03-2025T10:06:13 - [MESSAGE][PASSED] - Browser is opened with url: ''

28-03-2025T10:06:13 - [TEST_STEP][PASSED] - if (blockNum == 1): null

28-03-2025T10:06:13 - [TEST_STEP][PASSED] - path = "Object Repository/Выполнение бизнес-плана/": null

28-03-2025T10:06:13 - [TEST_STEP][PASSED] - blockNumber = 1: null

28-03-2025T10:06:13 - [TEST_STEP][PASSED] - navigateToUrl(findTestData("PlanFact").getValue(10, blockNumber)): Navigate to 'https://bi.rosseti.digital/viewer?dashboardGuid=d154a8eaf6824e2b9de1bb04dd061c18&sheetGuid=1305e8ce744049e1abdacea1ea397a26&fit=true' successfully

28-03-2025T10:06:17 - [MESSAGE][PASSED] - Navigate to 'https://bi.rosseti.digital/viewer?dashboardGuid=d154a8eaf6824e2b9de1bb04dd061c18&sheetGuid=1305e8ce744049e1abdacea1ea397a26&fit=true' successfully

28-03-2025T10:06:17 - [TEST_STEP][PASSED] - urlText = getText(findTestObject("Страница авторизации/Text")): Text of object 'Object Repository/Страница авторизации/Text' is: 'Вход'

28-03-2025T10:06:19 - [MESSAGE][PASSED] - Text of object 'Object Repository/Страница авторизации/Text' is: 'Вход'

28-03-2025T10:06:19 - [TEST_STEP][PASSED] - delay(10): Delayed 10 second(s)

28-03-2025T10:06:29 - [MESSAGE][PASSED] - Delayed 10 second(s)

28-03-2025T10:06:29 - [TEST_STEP][PASSED] - searchWord = "Вход": null

28-03-2025T10:06:29 - [TEST_STEP][PASSED] - if (urlText.contains(searchWord) == false): null

28-03-2025T10:06:29 - [TEST_STEP][PASSED] - setText(findTestObject("Страница авторизации/input__username"), findTestData("PlanFact").getValue(8, 1)): Text 'liazgina-di' is set on object 'Object Repository/Страница авторизации/input__username'

28-03-2025T10:06:29 - [MESSAGE][PASSED] - Text 'liazgina-di' is set on object 'Object Repository/Страница авторизации/input__username'

28-03-2025T10:06:29 - [TEST_STEP][PASSED] - setText(findTestObject("Страница авторизации/input__password"), findTestData("PlanFact").getValue(9, 1)): Text ')$%5srZ8o688Dm#q' is set on object 'Object Repository/Страница авторизации/input__password'

28-03-2025T10:06:30 - [MESSAGE][PASSED] - Text ')$%5srZ8o688Dm#q' is set on object 'Object Repository/Страница авторизации/input__password'

28-03-2025T10:06:30 - [TEST_STEP][PASSED] - click(findTestObject("Страница авторизации/button_")): Object: 'Object Repository/Страница авторизации/button_' is clicked on

28-03-2025T10:06:31 - [MESSAGE][PASSED] - Object: 'Object Repository/Страница авторизации/button_' is clicked on

28-03-2025T10:06:31 - [TEST_STEP][PASSED] - delay(50): Delayed 50 second(s)

28-03-2025T10:07:21 - [MESSAGE][PASSED] - Delayed 50 second(s)

28-03-2025T10:07:21 - [TEST_STEP][PASSED] - searchWord = "ДЗО": null

28-03-2025T10:07:21 - [TEST_STEP][PASSED] - urlText = getText(findTestObject("Страница авторизации/Text")): Text of object 'Object Repository/Страница авторизации/Text' is: 'ДЗО 
ПАО Россети
Период
Январь 2025 года
Отклонения фактического уровня потерь от бизнес-плана, п.п.
-0.01
-0.92
-0.43
-2.48
-0.30
-0.28
-2.65
-1.91
-1.44
-2.45
Россети ФСК ЕЭС
Россети Волга
Россети Московскийрегион
Россети Северо-Запад
Россети Томск
Россети Урал (ГК)
Россети Центр (ГК)
Россети Центр иПриволжье (ГК)
Россети Юг (ГК)
Россети Янтарь
-4
-2
0
2
4
6
8

Уровень потерь электроэнергии
Россети ФСК ЕЭС
Россети Волга
Россети Московский регион
Россети Северо-Запад
Россети Томск
Россети Урал (ГК)
Россети Юг (ГК)
Россети Янтарь
0
10
20
30
40
50
60
70
4.01
|
6.39
|
9.74
|
7.61
|
11.82
|
7.40
|
10.84
|
12.35
|
4.00
5.47
9.32
5.12
11.52
7.12
9.40
9.90
п.п.
2.25
Итого
0
1
2
3
%
6.24 6.24
8.50 8.50
План
Факт
1
100

● Бизнес-план выполнен● ●● Превышение бизнес-плана
Отклонения фактического уровня потерь от бизнес-плана за 3 месяца (нарастающим итогом), п.п.
-0.2-0.2
-8.3-8.3
3.13.1
-0.4-0.4
-0.6-0.6
-0.0-0.0
0.20.2
3.93.9
-0.4-0.4
-8.8-8.8
-0.0-0.0
0.20.2
-0.2-0.2
-0.5-0.5
-0.3-0.3
-0.5-0.5
-0.1-0.1
-0.2-0.2
-8.4-8.4
2.92.9
-0.4-0.4
-0.5-0.5
-0.0-0.0
0.20.2
3.83.8
-0.3-0.3
-7.9-7.9
-0.0-0.0
0.20.2
-0.2-0.2
-0.5-0.5
-0.2-0.2
-0.3-0.3
-0.1-0.1
-0.0-0.0
-0.9-0.9
-0.4-0.4
-2.5-2.5
-0.3-0.3
-0.3-0.3
-2.6-2.6
-1.9-1.9
-1.4-1.4
-2.4-2.4
Россети ФСКЕЭС
АО«Тываэнерго»
АО«Чеченэнерго»
Россети Волга
РоссетиКубань
РоссетиЛенэнерго(ГК)
РоссетиМосковскийрегион
РоссетиСеверныйКавказ (ГК)
Россети Северо-Запад
Россети Сибирь(ГК)
Россети Томск
Россети Тюмень
Россети Урал(ГК)
Россети Центр
Россети Центри Приволжье(ГК)
Россети Юг (Г…
РоссетиЯнтарь
-10
0
10
п.п.
Отклонения фактического уровня потерь от бизнес-плана за 3 месяца (нарастающим итогом)
-0.2-0.2
-8.3-8.3
-1.0-1.0
-0.2-0.2
-0.3-0.3
4.74.7
-1.4-1.4
-0.4-0.4
-9.0-9.0
-0.1-0.1
-0.2-0.2
-0.3-0.3
-0.2-0.2
-7.9-7.9
-0.5-0.5
-0.8-0.8
-1.0-1.0
-0.4-0.4
8.18.1
0.50.5
12.812.8
-0.2-0.2
-8.4-8.4
-0.4-0.4
-0.0-0.0
-0.1-0.1
5.25.2
-1.3-1.3
-0.4-0.4
-8.1-8.1
-0.1-0.1
0.10.1
-0.4-0.4
-0.1-0.1
-6.9-6.9
-0.3-0.3
-0.8-0.8
-0.8-0.8
-0.4-0.4
8.38.3
0.50.5
12.512.5
-3.4-3.4
-2.5-2.5
-6.0-6.0
-1.5-1.5
-0.6-0.6
-1.6-1.6
-1.4-1.4
-4.5-4.5
Итого по ФСК ЕЭС
АО "Тываэнерго"
АО «ВМЭС»
АО «Воронежская горэлектросеть»
АО «Тульские городские электрические сети»
АО «Чеченэнерго»
АО «Ярославская электросетевая компания»
АО ЕЭСК
Алтайэнерго
Архангельский филиал
Астраханьэнерго
Белгородэнерго
Брянскэнерго
Бурятэнерго
Владимирэнерго
Волгоградэнерго
Вологодский филиал
Воронежэнерго
Дагэнерго
Ивэнерго
Ингушэнерго
-24
24

Статус данных
Просьба обратить внимание
— все данные не занесены
Факт
План
Итого – Факт
Отпуск в сеть 64 180 839
Отпуск из сети 58 728 018
Потери 5 452 822
Итого – План
Отпуск в сеть 100 208 871
Отпуск из сети 93 953 056
Потери 6 255 815
Выполнение бизнес-плана в части показателя «Уровень потерь электроэнергии»
Показатели баланса электроэнергии по ДЗО – Факт 
57 256 396 3 856 981 9 778 647 3 276 892 476 306 6 843 010 3 467 484 462 838
55 054 236 3 645 880 8 867 734 3 109 008 421 425 6 355 760 3 141 633 417 011
2 202 160 211 102 910 913 167 884 54 881 487 250 325 852 45 827
Показатели баланса электроэнергии по ДЗО – План
58 806 842 4 033 660 10 346 741 3 479 216 504 635 7 177 213 3 760 351 489 942
56 540 011 3 775 836 9 338 688 3 214 611 444 962 6 646 123 3 352 866 429 434
2 266 831 257 824 1 008 053 264 605 59 673 531 090 407 485 60 508'

28-03-2025T10:07:22 - [MESSAGE][PASSED] - Text of object 'Object Repository/Страница авторизации/Text' is: 'ДЗО 
ПАО Россети
Период
Январь 2025 года
Отклонения фактического уровня потерь от бизнес-плана, п.п.
-0.01
-0.92
-0.43
-2.48
-0.30
-0.28
-2.65
-1.91
-1.44
-2.45
Россети ФСК ЕЭС
Россети Волга
Россети Московскийрегион
Россети Северо-Запад
Россети Томск
Россети Урал (ГК)
Россети Центр (ГК)
Россети Центр иПриволжье (ГК)
Россети Юг (ГК)
Россети Янтарь
-4
-2
0
2
4
6
8

Уровень потерь электроэнергии
Россети ФСК ЕЭС
Россети Волга
Россети Московский регион
Россети Северо-Запад
Россети Томск
Россети Урал (ГК)
Россети Юг (ГК)
Россети Янтарь
0
10
20
30
40
50
60
70
4.01
|
6.39
|
9.74
|
7.61
|
11.82
|
7.40
|
10.84
|
12.35
|
4.00
5.47
9.32
5.12
11.52
7.12
9.40
9.90
п.п.
2.25
Итого
0
1
2
3
%
6.24 6.24
8.50 8.50
План
Факт
1
100

● Бизнес-план выполнен● ●● Превышение бизнес-плана
Отклонения фактического уровня потерь от бизнес-плана за 3 месяца (нарастающим итогом), п.п.
-0.2-0.2
-8.3-8.3
3.13.1
-0.4-0.4
-0.6-0.6
-0.0-0.0
0.20.2
3.93.9
-0.4-0.4
-8.8-8.8
-0.0-0.0
0.20.2
-0.2-0.2
-0.5-0.5
-0.3-0.3
-0.5-0.5
-0.1-0.1
-0.2-0.2
-8.4-8.4
2.92.9
-0.4-0.4
-0.5-0.5
-0.0-0.0
0.20.2
3.83.8
-0.3-0.3
-7.9-7.9
-0.0-0.0
0.20.2
-0.2-0.2
-0.5-0.5
-0.2-0.2
-0.3-0.3
-0.1-0.1
-0.0-0.0
-0.9-0.9
-0.4-0.4
-2.5-2.5
-0.3-0.3
-0.3-0.3
-2.6-2.6
-1.9-1.9
-1.4-1.4
-2.4-2.4
Россети ФСКЕЭС
АО«Тываэнерго»
АО«Чеченэнерго»
Россети Волга
РоссетиКубань
РоссетиЛенэнерго(ГК)
РоссетиМосковскийрегион
РоссетиСеверныйКавказ (ГК)
Россети Северо-Запад
Россети Сибирь(ГК)
Россети Томск
Россети Тюмень
Россети Урал(ГК)
Россети Центр
Россети Центри Приволжье(ГК)
Россети Юг (Г…
РоссетиЯнтарь
-10
0
10
п.п.
Отклонения фактического уровня потерь от бизнес-плана за 3 месяца (нарастающим итогом)
-0.2-0.2
-8.3-8.3
-1.0-1.0
-0.2-0.2
-0.3-0.3
4.74.7
-1.4-1.4
-0.4-0.4
-9.0-9.0
-0.1-0.1
-0.2-0.2
-0.3-0.3
-0.2-0.2
-7.9-7.9
-0.5-0.5
-0.8-0.8
-1.0-1.0
-0.4-0.4
8.18.1
0.50.5
12.812.8
-0.2-0.2
-8.4-8.4
-0.4-0.4
-0.0-0.0
-0.1-0.1
5.25.2
-1.3-1.3
-0.4-0.4
-8.1-8.1
-0.1-0.1
0.10.1
-0.4-0.4
-0.1-0.1
-6.9-6.9
-0.3-0.3
-0.8-0.8
-0.8-0.8
-0.4-0.4
8.38.3
0.50.5
12.512.5
-3.4-3.4
-2.5-2.5
-6.0-6.0
-1.5-1.5
-0.6-0.6
-1.6-1.6
-1.4-1.4
-4.5-4.5
Итого по ФСК ЕЭС
АО "Тываэнерго"
АО «ВМЭС»
АО «Воронежская горэлектросеть»
АО «Тульские городские электрические сети»
АО «Чеченэнерго»
АО «Ярославская электросетевая компания»
АО ЕЭСК
Алтайэнерго
Архангельский филиал
Астраханьэнерго
Белгородэнерго
Брянскэнерго
Бурятэнерго
Владимирэнерго
Волгоградэнерго
Вологодский филиал
Воронежэнерго
Дагэнерго
Ивэнерго
Ингушэнерго
-24
24

Статус данных
Просьба обратить внимание
— все данные не занесены
Факт
План
Итого – Факт
Отпуск в сеть 64 180 839
Отпуск из сети 58 728 018
Потери 5 452 822
Итого – План
Отпуск в сеть 100 208 871
Отпуск из сети 93 953 056
Потери 6 255 815
Выполнение бизнес-плана в части показателя «Уровень потерь электроэнергии»
Показатели баланса электроэнергии по ДЗО – Факт 
57 256 396 3 856 981 9 778 647 3 276 892 476 306 6 843 010 3 467 484 462 838
55 054 236 3 645 880 8 867 734 3 109 008 421 425 6 355 760 3 141 633 417 011
2 202 160 211 102 910 913 167 884 54 881 487 250 325 852 45 827
Показатели баланса электроэнергии по ДЗО – План
58 806 842 4 033 660 10 346 741 3 479 216 504 635 7 177 213 3 760 351 489 942
56 540 011 3 775 836 9 338 688 3 214 611 444 962 6 646 123 3 352 866 429 434
2 266 831 257 824 1 008 053 264 605 59 673 531 090 407 485 60 508'

28-03-2025T10:07:22 - [TEST_STEP][PASSED] - if (urlText.contains("ошибка") || urlText.contains(searchWord) == false): null

28-03-2025T10:07:22 - [TEST_STEP][PASSED] - Script1719299571342.ZakrytOpoveshenie(): null

28-03-2025T10:07:22 - [TEST_STEP][PASSED] - opoveshenie = getText(findTestObject("Выполнение бизнес-плана/Просьба обратить внимание")): Text of object 'Object Repository/Выполнение бизнес-плана/Просьба обратить внимание' is: 'Просьба обратить внимание'

28-03-2025T10:07:23 - [MESSAGE][PASSED] - Text of object 'Object Repository/Выполнение бизнес-плана/Просьба обратить внимание' is: 'Просьба обратить внимание'

28-03-2025T10:07:23 - [TEST_STEP][PASSED] - if (opoveshenie == "Просьба обратить внимание"): Object: 'Object Repository/Выполнение бизнес-плана/Закрыть оповещение' is clicked on

28-03-2025T10:07:23 - [TEST_STEP][PASSED] - click(findTestObject("Выполнение бизнес-плана/Закрыть оповещение")): Object: 'Object Repository/Выполнение бизнес-плана/Закрыть оповещение' is clicked on

28-03-2025T10:07:23 - [MESSAGE][PASSED] - Object: 'Object Repository/Выполнение бизнес-плана/Закрыть оповещение' is clicked on

28-03-2025T10:07:23 - [TEST_STEP][PASSED] - click(findTestObject(path + "Фильтр Дата")): Object: 'Object Repository/Выполнение бизнес-плана/Фильтр Дата' is clicked on

28-03-2025T10:07:24 - [MESSAGE][PASSED] - Object: 'Object Repository/Выполнение бизнес-плана/Фильтр Дата' is clicked on

28-03-2025T10:07:24 - [TEST_STEP][PASSED] - click(findTestObject(path + "Снять выделение в фильтре Дата")): Object: 'Object Repository/Выполнение бизнес-плана/Снять выделение в фильтре Дата' is clicked on

28-03-2025T10:07:24 - [MESSAGE][PASSED] - Object: 'Object Repository/Выполнение бизнес-плана/Снять выделение в фильтре Дата' is clicked on

28-03-2025T10:07:24 - [TEST_STEP][PASSED] - click(findTestObject(path + "Применить в фильтре Дата")): Object: 'Object Repository/Выполнение бизнес-плана/Применить в фильтре Дата' is clicked on

28-03-2025T10:07:25 - [MESSAGE][PASSED] - Object: 'Object Repository/Выполнение бизнес-плана/Применить в фильтре Дата' is clicked on

28-03-2025T10:07:25 - [TEST_STEP][PASSED] - delay(50): Delayed 50 second(s)

28-03-2025T10:08:15 - [MESSAGE][PASSED] - Delayed 50 second(s)

28-03-2025T10:08:15 - [TEST_STEP][PASSED] - Script1719299571342.ZakrytOpoveshenie(): null

28-03-2025T10:08:15 - [TEST_STEP][PASSED] - opoveshenie = getText(findTestObject("Выполнение бизнес-плана/Просьба обратить внимание")): Text of object 'Object Repository/Выполнение бизнес-плана/Просьба обратить внимание' is: 'Просьба обратить внимание'

28-03-2025T10:08:15 - [MESSAGE][PASSED] - Text of object 'Object Repository/Выполнение бизнес-плана/Просьба обратить внимание' is: 'Просьба обратить внимание'

28-03-2025T10:08:15 - [TEST_STEP][PASSED] - if (opoveshenie == "Просьба обратить внимание"): Object: 'Object Repository/Выполнение бизнес-плана/Закрыть оповещение' is clicked on

28-03-2025T10:08:15 - [TEST_STEP][PASSED] - click(findTestObject("Выполнение бизнес-плана/Закрыть оповещение")): Object: 'Object Repository/Выполнение бизнес-плана/Закрыть оповещение' is clicked on

28-03-2025T10:08:15 - [MESSAGE][PASSED] - Object: 'Object Repository/Выполнение бизнес-плана/Закрыть оповещение' is clicked on

28-03-2025T10:08:15 - [TEST_STEP][PASSED] - click(findTestObject(path + "Фильтр Дата")): Object: 'Object Repository/Выполнение бизнес-плана/Фильтр Дата' is clicked on

28-03-2025T10:08:16 - [MESSAGE][PASSED] - Object: 'Object Repository/Выполнение бизнес-плана/Фильтр Дата' is clicked on

28-03-2025T10:08:16 - [TEST_STEP][PASSED] - scrollToElement(findTestObject(path + "2025 список"), 30): Scroll to object 'Object Repository/Выполнение бизнес-плана/2025 список' successfully

28-03-2025T10:08:16 - [MESSAGE][PASSED] - Scroll to object 'Object Repository/Выполнение бизнес-плана/2025 список' successfully

28-03-2025T10:08:16 - [TEST_STEP][PASSED] - click(findTestObject(path + "2025 список")): Object: 'Object Repository/Выполнение бизнес-плана/2025 список' is clicked on

28-03-2025T10:08:17 - [MESSAGE][PASSED] - Object: 'Object Repository/Выполнение бизнес-плана/2025 список' is clicked on

28-03-2025T10:08:17 - [TEST_STEP][PASSED] - scrollToElement(findTestObject(path + "1 квартал 2025 список"), 30): Scroll to object 'Object Repository/Выполнение бизнес-плана/1 квартал 2025 список' successfully

28-03-2025T10:08:17 - [MESSAGE][PASSED] - Scroll to object 'Object Repository/Выполнение бизнес-плана/1 квартал 2025 список' successfully

28-03-2025T10:08:17 - [TEST_STEP][PASSED] - click(findTestObject(path + "1 квартал 2025 список")): Object: 'Object Repository/Выполнение бизнес-плана/1 квартал 2025 список' is clicked on

28-03-2025T10:08:18 - [MESSAGE][PASSED] - Object: 'Object Repository/Выполнение бизнес-плана/1 квартал 2025 список' is clicked on

28-03-2025T10:08:18 - [TEST_STEP][PASSED] - scrollToElement(findTestObject(path + "Январь 2025"), 30): Scroll to object 'Object Repository/Выполнение бизнес-плана/Январь 2025' successfully

28-03-2025T10:08:18 - [MESSAGE][PASSED] - Scroll to object 'Object Repository/Выполнение бизнес-плана/Январь 2025' successfully

28-03-2025T10:08:18 - [TEST_STEP][PASSED] - click(findTestObject(path + "Январь 2025")): Object: 'Object Repository/Выполнение бизнес-плана/Январь 2025' is clicked on

28-03-2025T10:08:18 - [MESSAGE][PASSED] - Object: 'Object Repository/Выполнение бизнес-плана/Январь 2025' is clicked on

28-03-2025T10:08:18 - [TEST_STEP][PASSED] - scrollToElement(findTestObject(path + "Заголовок дашборда"), 30): Scroll to object 'Object Repository/Выполнение бизнес-плана/Заголовок дашборда' successfully

28-03-2025T10:08:19 - [MESSAGE][PASSED] - Scroll to object 'Object Repository/Выполнение бизнес-плана/Заголовок дашборда' successfully

28-03-2025T10:08:19 - [TEST_STEP][PASSED] - click(findTestObject(path + "Применить в фильтре Дата")): Object: 'Object Repository/Выполнение бизнес-плана/Применить в фильтре Дата' is clicked on

28-03-2025T10:08:20 - [MESSAGE][PASSED] - Object: 'Object Repository/Выполнение бизнес-плана/Применить в фильтре Дата' is clicked on

28-03-2025T10:08:20 - [TEST_STEP][PASSED] - delay(30): Delayed 30 second(s)

28-03-2025T10:08:50 - [MESSAGE][PASSED] - Delayed 30 second(s)

28-03-2025T10:08:50 - [TEST_STEP][PASSED] - Script1719299571342.ZakrytOpoveshenie(): null

28-03-2025T10:08:50 - [TEST_STEP][PASSED] - opoveshenie = getText(findTestObject("Выполнение бизнес-плана/Просьба обратить внимание")): Text of object 'Object Repository/Выполнение бизнес-плана/Просьба обратить внимание' is: 'Просьба обратить внимание'

28-03-2025T10:08:50 - [MESSAGE][PASSED] - Text of object 'Object Repository/Выполнение бизнес-плана/Просьба обратить внимание' is: 'Просьба обратить внимание'

28-03-2025T10:08:50 - [TEST_STEP][PASSED] - if (opoveshenie == "Просьба обратить внимание"): Object: 'Object Repository/Выполнение бизнес-плана/Закрыть оповещение' is clicked on

28-03-2025T10:08:50 - [TEST_STEP][PASSED] - click(findTestObject("Выполнение бизнес-плана/Закрыть оповещение")): Object: 'Object Repository/Выполнение бизнес-плана/Закрыть оповещение' is clicked on

28-03-2025T10:08:50 - [MESSAGE][PASSED] - Object: 'Object Repository/Выполнение бизнес-плана/Закрыть оповещение' is clicked on

28-03-2025T10:08:50 - [TEST_STEP][PASSED] - click(findTestObject(path + "Фильтр ДЗО")): Object: 'Object Repository/Выполнение бизнес-плана/Фильтр ДЗО' is clicked on

28-03-2025T10:08:51 - [MESSAGE][PASSED] - Object: 'Object Repository/Выполнение бизнес-плана/Фильтр ДЗО' is clicked on

28-03-2025T10:08:51 - [TEST_STEP][PASSED] - click(findTestObject(path + "Снять выделение в фильтре ДЗО")): Object: 'Object Repository/Выполнение бизнес-плана/Снять выделение в фильтре ДЗО' is clicked on

28-03-2025T10:08:51 - [MESSAGE][PASSED] - Object: 'Object Repository/Выполнение бизнес-плана/Снять выделение в фильтре ДЗО' is clicked on

28-03-2025T10:08:51 - [TEST_STEP][PASSED] - click(findTestObject(path + "ПАО Россети")): Object: 'Object Repository/Выполнение бизнес-плана/ПАО Россети' is clicked on

28-03-2025T10:08:51 - [MESSAGE][PASSED] - Object: 'Object Repository/Выполнение бизнес-плана/ПАО Россети' is clicked on

28-03-2025T10:08:51 - [TEST_STEP][PASSED] - click(findTestObject(path + "Применить в фильтре ДЗО")): Object: 'Object Repository/Выполнение бизнес-плана/Применить в фильтре ДЗО' is clicked on

28-03-2025T10:08:53 - [MESSAGE][PASSED] - Object: 'Object Repository/Выполнение бизнес-плана/Применить в фильтре ДЗО' is clicked on

28-03-2025T10:08:53 - [TEST_STEP][PASSED] - delay(30): Delayed 30 second(s)

28-03-2025T10:09:23 - [MESSAGE][PASSED] - Delayed 30 second(s)

28-03-2025T10:09:23 - [TEST_STEP][PASSED] - VseDZO = getText(findTestObject(path + "Список ДЗО")): Text of object 'Object Repository/Выполнение бизнес-плана/Список ДЗО' is: '-0.01
-0.92
-0.43
-2.48
-0.30
-0.28
-2.65
-1.91
-1.44
-2.45
Россети ФСК ЕЭС
Россети Волга
Россети Московскийрегион
Россети Северо-Запад
Россети Томск
Россети Урал (ГК)
Россети Центр (ГК)
Россети Центр иПриволжье (ГК)
Россети Юг (ГК)
Россети Янтарь
-4
-2
0
2
4
6
8'

28-03-2025T10:09:23 - [MESSAGE][PASSED] - Text of object 'Object Repository/Выполнение бизнес-плана/Список ДЗО' is: '-0.01
-0.92
-0.43
-2.48
-0.30
-0.28
-2.65
-1.91
-1.44
-2.45
Россети ФСК ЕЭС
Россети Волга
Россети Московскийрегион
Россети Северо-Запад
Россети Томск
Россети Урал (ГК)
Россети Центр (ГК)
Россети Центр иПриволжье (ГК)
Россети Юг (ГК)
Россети Янтарь
-4
-2
0
2
4
6
8'

28-03-2025T10:09:23 - [TEST_STEP][PASSED] - pRR = GetAllPAOData(path, dZONum, VseDZO, z = "ПАО Россети/"): null

28-03-2025T10:09:23 - [TEST_STEP][PASSED] - path2 = "Значения со страницы Выполнение бизнес-плана/Table Data/": null

28-03-2025T10:09:23 - [TEST_STEP][PASSED] - ii = <not implemented yet for class: org.codehaus.groovy.ast.expr.EmptyExpression>: null

28-03-2025T10:09:23 - [TEST_STEP][PASSED] - i1 = <not implemented yet for class: org.codehaus.groovy.ast.expr.EmptyExpression>: null

28-03-2025T10:09:23 - [TEST_STEP][PASSED] - z = <not implemented yet for class: org.codehaus.groovy.ast.expr.EmptyExpression>: null

28-03-2025T10:09:23 - [TEST_STEP][PASSED] - z1 = <not implemented yet for class: org.codehaus.groovy.ast.expr.EmptyExpression>: null

28-03-2025T10:09:23 - [TEST_STEP][PASSED] - println("path: " + path): null

28-03-2025T10:09:23 - [TEST_STEP][PASSED] - z = getText(findTestObject(path + "Итого")).replaceAll("[\r?
|
]", "/"): Text of object 'Object Repository/Выполнение бизнес-плана/Итого' is: '%
6.24 6.24
8.50 8.50
План
Факт
1
100'

28-03-2025T10:09:23 - [MESSAGE][PASSED] - Text of object 'Object Repository/Выполнение бизнес-плана/Итого' is: '%
6.24 6.24
8.50 8.50
План
Факт
1
100'

28-03-2025T10:09:23 - [TEST_STEP][PASSED] - ii = z.indexOf("%") + 2: null

28-03-2025T10:09:23 - [TEST_STEP][PASSED] - if (ii > -1): null

28-03-2025T10:09:23 - [TEST_STEP][PASSED] - z = z.substring(ii, z.length()): null

28-03-2025T10:09:23 - [TEST_STEP][PASSED] - println(z): null

28-03-2025T10:09:23 - [TEST_STEP][PASSED] - ii = z.indexOf("/1/100") - 1: null

28-03-2025T10:09:23 - [TEST_STEP][PASSED] - if (ii > -1): null

28-03-2025T10:09:23 - [TEST_STEP][PASSED] - z = z.substring(0, ii): null

28-03-2025T10:09:23 - [TEST_STEP][PASSED] - println(z): null

28-03-2025T10:09:23 - [TEST_STEP][PASSED] - ii = z.indexOf("План"): null

28-03-2025T10:09:23 - [TEST_STEP][PASSED] - if (ii > -1): null

28-03-2025T10:09:23 - [TEST_STEP][PASSED] - z = z.substring(0, ii): null

28-03-2025T10:09:23 - [TEST_STEP][PASSED] - println(z): null

28-03-2025T10:09:23 - [TEST_STEP][PASSED] - ii = z.indexOf("/") + 1: null

28-03-2025T10:09:23 - [TEST_STEP][PASSED] - z1 = z.substring(0, ii): null

28-03-2025T10:09:23 - [TEST_STEP][PASSED] - println(z1): null

28-03-2025T10:09:23 - [TEST_STEP][PASSED] - z = z.substring(ii, z.length()): null

28-03-2025T10:09:23 - [TEST_STEP][PASSED] - println(z): null

28-03-2025T10:09:23 - [TEST_STEP][PASSED] - ii = z1.length() / 2: null

28-03-2025T10:09:23 - [TEST_STEP][PASSED] - z1 = replaceAll("[\r?
|
]", "/").trim(): null

28-03-2025T10:09:23 - [TEST_STEP][PASSED] - println(z1): null

28-03-2025T10:09:23 - [TEST_STEP][PASSED] - ii = z.length() / 2: null

28-03-2025T10:09:23 - [TEST_STEP][PASSED] - z = replace("/", "").trim(): null

28-03-2025T10:09:23 - [TEST_STEP][PASSED] - println(z): null

28-03-2025T10:09:23 - [TEST_STEP][PASSED] - x = x + z1 + "/" + z: null

28-03-2025T10:09:23 - [TEST_STEP][PASSED] - println(x): null

28-03-2025T10:09:23 - [TEST_STEP][PASSED] - if (verifyElementPresent(findTestObject(path + "Таблица Итого-Факт"), 30)): null

28-03-2025T10:09:24 - [MESSAGE][PASSED] - Object 'Object Repository/Выполнение бизнес-плана/Таблица Итого-Факт' is present

28-03-2025T10:09:24 - [TEST_STEP][PASSED] - z = replaceAll("\s+", "").replaceAll("[а-яА-Я]", ""): Text of object 'Object Repository/Выполнение бизнес-плана/Таблица Итого-Факт' is: 'Отпуск в сеть 64 180 839
Отпуск из сети 58 728 018
Потери 5 452 822'

28-03-2025T10:09:24 - [MESSAGE][PASSED] - Text of object 'Object Repository/Выполнение бизнес-плана/Таблица Итого-Факт' is: 'Отпуск в сеть 64 180 839
Отпуск из сети 58 728 018
Потери 5 452 822'

28-03-2025T10:09:24 - [TEST_STEP][PASSED] - println(z): null

28-03-2025T10:09:24 - [TEST_STEP][PASSED] - x = x + "/" + z: null

28-03-2025T10:09:24 - [TEST_STEP][PASSED] - println(x): null

28-03-2025T10:09:24 - [TEST_STEP][PASSED] - click(findTestObject(path + "Кнопка План")): Object: 'Object Repository/Выполнение бизнес-плана/Кнопка План' is clicked on

28-03-2025T10:09:24 - [MESSAGE][PASSED] - Object: 'Object Repository/Выполнение бизнес-плана/Кнопка План' is clicked on

28-03-2025T10:09:24 - [TEST_STEP][PASSED] - z = replaceAll("\s+", "").replaceAll("[а-яА-Я]", ""): Text of object 'Object Repository/Выполнение бизнес-плана/Таблица Итого-План' is: 'Отпуск в сеть 100 208 871
Отпуск из сети 93 953 056
Потери 6 255 815'

28-03-2025T10:09:24 - [MESSAGE][PASSED] - Text of object 'Object Repository/Выполнение бизнес-плана/Таблица Итого-План' is: 'Отпуск в сеть 100 208 871
Отпуск из сети 93 953 056
Потери 6 255 815'

28-03-2025T10:09:24 - [TEST_STEP][PASSED] - x = x + "/" + z: null

28-03-2025T10:09:24 - [TEST_STEP][PASSED] - println(x): null

28-03-2025T10:09:24 - [TEST_STEP][PASSED] - click(findTestObject(path + "Кнопка Факт")): Object: 'Object Repository/Выполнение бизнес-плана/Кнопка Факт' is clicked on

28-03-2025T10:09:25 - [MESSAGE][PASSED] - Object: 'Object Repository/Выполнение бизнес-плана/Кнопка Факт' is clicked on

28-03-2025T10:09:25 - [TEST_STEP][PASSED] - return x: null

28-03-2025T10:09:25 - [TEST_STEP][PASSED] - println("pRR: " + pRR): null

28-03-2025T10:09:25 - [TEST_STEP][PASSED] - i = VseDZO.indexOf("ЕЭС"): null

28-03-2025T10:09:25 - [TEST_STEP][PASSED] - if (i > -1): null

28-03-2025T10:09:25 - [TEST_STEP][PASSED] - dZONum = dZONum + 1: null

28-03-2025T10:09:25 - [TEST_STEP][PASSED] - fR = GetAllData(path, dZONum, VseDZO, x = "Россети ФСК ЕЭС/"): null

28-03-2025T10:09:25 - [TEST_STEP][PASSED] - ii = <not implemented yet for class: org.codehaus.groovy.ast.expr.EmptyExpression>: null

28-03-2025T10:09:25 - [TEST_STEP][PASSED] - i1 = <not implemented yet for class: org.codehaus.groovy.ast.expr.EmptyExpression>: null

28-03-2025T10:09:25 - [TEST_STEP][PASSED] - z = <not implemented yet for class: org.codehaus.groovy.ast.expr.EmptyExpression>: null

28-03-2025T10:09:25 - [TEST_STEP][PASSED] - path2 = "Значения со страницы Выполнение бизнес-плана/Table Data/": null

28-03-2025T10:09:25 - [TEST_STEP][PASSED] - println("path: " + path): null

28-03-2025T10:09:25 - [TEST_STEP][PASSED] - println("dZONum: " + dZONum): null

28-03-2025T10:09:25 - [TEST_STEP][PASSED] - z = getText(findTestObject(path + "spanPlan" + dZONum)): Text of object 'Object Repository/Выполнение бизнес-плана/spanPlan1' is: '4.01
|'

28-03-2025T10:09:25 - [MESSAGE][PASSED] - Text of object 'Object Repository/Выполнение бизнес-плана/spanPlan1' is: '4.01
|'

28-03-2025T10:09:25 - [TEST_STEP][PASSED] - println(z): null

28-03-2025T10:09:25 - [TEST_STEP][PASSED] - ii = z.indexOf("|"): null

28-03-2025T10:09:25 - [TEST_STEP][PASSED] - if (ii > -1): null

28-03-2025T10:09:25 - [TEST_STEP][PASSED] - z = z.substring(0, z.length() - 1): null

28-03-2025T10:09:25 - [TEST_STEP][PASSED] - println(z): null

28-03-2025T10:09:25 - [TEST_STEP][PASSED] - z = z.replaceAll("\s+", ""): null

28-03-2025T10:09:25 - [TEST_STEP][PASSED] - z = z.replace("[\r?
|
]", "/"): null

28-03-2025T10:09:25 - [TEST_STEP][PASSED] - println(z): null

28-03-2025T10:09:25 - [TEST_STEP][PASSED] - x = x + z: null

28-03-2025T10:09:25 - [TEST_STEP][PASSED] - z = getText(findTestObject(path + "spanFact" + dZONum)): Text of object 'Object Repository/Выполнение бизнес-плана/spanFact1' is: '4.00'

28-03-2025T10:09:25 - [MESSAGE][PASSED] - Text of object 'Object Repository/Выполнение бизнес-плана/spanFact1' is: '4.00'

28-03-2025T10:09:25 - [TEST_STEP][PASSED] - ii = z.indexOf("|"): null

28-03-2025T10:09:25 - [TEST_STEP][PASSED] - if (ii > -1): null

28-03-2025T10:09:25 - [TEST_STEP][PASSED] - x = x + "/" + z: null

28-03-2025T10:09:25 - [TEST_STEP][PASSED] - z = getText(findTestObject(path + path2 + "Факт Отпуск в сеть за отчётный период " + dZONum)).replaceAll("\s+", ""): Text of object 'Object Repository/Выполнение бизнес-плана/Значения со страницы Выполнение бизнес-плана/Table Data/Факт Отпуск в сеть за отчётный период 1' is: '57 256 396'

28-03-2025T10:09:26 - [MESSAGE][PASSED] - Text of object 'Object Repository/Выполнение бизнес-плана/Значения со страницы Выполнение бизнес-плана/Table Data/Факт Отпуск в сеть за отчётный период 1' is: '57 256 396'

28-03-2025T10:09:26 - [TEST_STEP][PASSED] - println("z=" + z): null

28-03-2025T10:09:26 - [TEST_STEP][PASSED] - x = x + "/" + z: null

28-03-2025T10:09:26 - [TEST_STEP][PASSED] - z = getText(findTestObject(path + path2 + "Факт Отпуск из сети за отчётный период " + dZONum)).replaceAll("\s+", ""): Text of object 'Object Repository/Выполнение бизнес-плана/Значения со страницы Выполнение бизнес-плана/Table Data/Факт Отпуск из сети за отчётный период 1' is: '211 102'

28-03-2025T10:09:26 - [MESSAGE][PASSED] - Text of object 'Object Repository/Выполнение бизнес-плана/Значения со страницы Выполнение бизнес-плана/Table Data/Факт Отпуск из сети за отчётный период 1' is: '211 102'

28-03-2025T10:09:26 - [TEST_STEP][PASSED] - x = x + "/" + z: null

28-03-2025T10:09:26 - [TEST_STEP][PASSED] - z = getText(findTestObject(path + path2 + "Факт Потери за отчётный период " + dZONum)).replaceAll("\s+", ""): Text of object 'Object Repository/Выполнение бизнес-плана/Значения со страницы Выполнение бизнес-плана/Table Data/Факт Потери за отчётный период 1' is: '9 338 688'

28-03-2025T10:09:26 - [MESSAGE][PASSED] - Text of object 'Object Repository/Выполнение бизнес-плана/Значения со страницы Выполнение бизнес-плана/Table Data/Факт Потери за отчётный период 1' is: '9 338 688'

28-03-2025T10:09:26 - [TEST_STEP][PASSED] - x = x + "/" + z: null

28-03-2025T10:09:26 - [TEST_STEP][PASSED] - z = getText(findTestObject(path + path2 + "План Отпуск в сеть за отчётный период " + dZONum)).replaceAll("\s+", ""): Text of object 'Object Repository/Выполнение бизнес-плана/Значения со страницы Выполнение бизнес-плана/Table Data/План Отпуск в сеть за отчётный период 1' is: '58 806 842'

28-03-2025T10:09:27 - [MESSAGE][PASSED] - Text of object 'Object Repository/Выполнение бизнес-плана/Значения со страницы Выполнение бизнес-плана/Table Data/План Отпуск в сеть за отчётный период 1' is: '58 806 842'

28-03-2025T10:09:27 - [TEST_STEP][PASSED] - x = x + "/" + z: null

28-03-2025T10:09:27 - [TEST_STEP][PASSED] - z = getText(findTestObject(path + path2 + "План Отпуск из сети за отчётный период " + dZONum)).replaceAll("\s+", ""): Text of object 'Object Repository/Выполнение бизнес-плана/Значения со страницы Выполнение бизнес-плана/Table Data/План Отпуск из сети за отчётный период 1' is: '257 824'

28-03-2025T10:09:27 - [MESSAGE][PASSED] - Text of object 'Object Repository/Выполнение бизнес-плана/Значения со страницы Выполнение бизнес-плана/Table Data/План Отпуск из сети за отчётный период 1' is: '257 824'

28-03-2025T10:09:27 - [TEST_STEP][PASSED] - x = x + "/" + z: null

28-03-2025T10:09:27 - [TEST_STEP][ERROR] - z = getText(findTestObject(path + path2 + "План Потери за отчётный период " + dZONum)).replaceAll("\s+", ""): Test Cases/Сверки дашбордов/Выполнение бизнес-плана сверка дашбордов FAILED.
Reason:
java.lang.NullPointerException: Cannot invoke method replaceAll() on null object
	at Выполнение бизнес-плана сверка дашбордов.GetAllData(Выполнение бизнес-плана сверка дашбордов:985)
	at Выполнение бизнес-плана сверка дашбордов.run(Выполнение бизнес-плана сверка дашбордов:156)
	at com.kms.katalon.core.main.ScriptEngine.run(ScriptEngine.java:194)
	at com.kms.katalon.core.main.ScriptEngine.runScriptAsRawText(ScriptEngine.java:119)
	at com.kms.katalon.core.main.TestCaseExecutor.runScript(TestCaseExecutor.java:448)
	at com.kms.katalon.core.main.TestCaseExecutor.doExecute(TestCaseExecutor.java:439)
	at com.kms.katalon.core.main.TestCaseExecutor.processExecutionPhase(TestCaseExecutor.java:418)
	at com.kms.katalon.core.main.TestCaseExecutor.accessMainPhase(TestCaseExecutor.java:410)
	at com.kms.katalon.core.main.TestCaseExecutor.execute(TestCaseExecutor.java:285)
	at com.kms.katalon.core.common.CommonExecutor.accessTestCaseMainPhase(CommonExecutor.java:65)
	at com.kms.katalon.core.main.TestSuiteExecutor.accessTestSuiteMainPhase(TestSuiteExecutor.java:150)
	at com.kms.katalon.core.main.TestSuiteExecutor.execute(TestSuiteExecutor.java:106)
	at com.kms.katalon.core.main.TestCaseMain.startTestSuite(TestCaseMain.java:180)
	at TempTestSuite1743137207280.run(TempTestSuite1743137207280.groovy:35)
	at java.base/jdk.internal.reflect.NativeMethodAccessorImpl.invoke0(Native Method)
	at java.base/jdk.internal.reflect.NativeMethodAccessorImpl.invoke(NativeMethodAccessorImpl.java:77)
	at java.base/jdk.internal.reflect.DelegatingMethodAccessorImpl.invoke(DelegatingMethodAccessorImpl.java:43)


28-03-2025T10:09:58 - [MESSAGE][INFO] - Unable to find the element located by 'By.xpath: (.//*[normalize-space(text()) and normalize-space(.)='Показатели баланса электроэнергии по ДЗО – План'])[2]/following::td[35]'. Please recheck the objects properties to make sure the desired element is located. 

28-03-2025T10:09:58 - [MESSAGE][FAILED] - Unable to get text of object 'Object Repository/Выполнение бизнес-плана/Значения со страницы Выполнение бизнес-плана/Table Data/План Потери за отчётный период 1' (Root cause: com.kms.katalon.core.exception.StepFailedException: Unable to get text of object 'Object Repository/Выполнение бизнес-плана/Значения со страницы Выполнение бизнес-плана/Table Data/План Потери за отчётный период 1'
	at com.kms.katalon.core.webui.keyword.internal.WebUIKeywordMain.stepFailed(WebUIKeywordMain.groovy:64)
	at com.kms.katalon.core.webui.keyword.internal.WebUIKeywordMain.runKeyword(WebUIKeywordMain.groovy:26)
	at com.kms.katalon.core.webui.keyword.builtin.GetTextKeyword.getText(GetTextKeyword.groovy:88)
	at com.kms.katalon.core.webui.keyword.builtin.GetTextKeyword.execute(GetTextKeyword.groovy:67)
	at com.kms.katalon.core.keyword.internal.KeywordExecutor.executeKeywordForPlatform(KeywordExecutor.groovy:74)
	at com.kms.katalon.core.webui.keyword.WebUiBuiltInKeywords.getText(WebUiBuiltInKeywords.groovy:957)
	at Выполнение бизнес-плана сверка дашбордов.GetAllData(Выполнение бизнес-плана сверка дашбордов:985)
	at Выполнение бизнес-плана сверка дашбордов.run(Выполнение бизнес-плана сверка дашбордов:156)
	at com.kms.katalon.core.main.ScriptEngine.run(ScriptEngine.java:194)
	at com.kms.katalon.core.main.ScriptEngine.runScriptAsRawText(ScriptEngine.java:119)
	at com.kms.katalon.core.main.TestCaseExecutor.runScript(TestCaseExecutor.java:448)
	at com.kms.katalon.core.main.TestCaseExecutor.doExecute(TestCaseExecutor.java:439)
	at com.kms.katalon.core.main.TestCaseExecutor.processExecutionPhase(TestCaseExecutor.java:418)
	at com.kms.katalon.core.main.TestCaseExecutor.accessMainPhase(TestCaseExecutor.java:410)
	at com.kms.katalon.core.main.TestCaseExecutor.execute(TestCaseExecutor.java:285)
	at com.kms.katalon.core.common.CommonExecutor.accessTestCaseMainPhase(CommonExecutor.java:65)
	at com.kms.katalon.core.main.TestSuiteExecutor.accessTestSuiteMainPhase(TestSuiteExecutor.java:150)
	at com.kms.katalon.core.main.TestSuiteExecutor.execute(TestSuiteExecutor.java:106)
	at com.kms.katalon.core.main.TestCaseMain.startTestSuite(TestCaseMain.java:180)
	at TempTestSuite1743137207280.run(TempTestSuite1743137207280.groovy:35)
	at java.base/jdk.internal.reflect.NativeMethodAccessorImpl.invoke0(Native Method)
	at java.base/jdk.internal.reflect.NativeMethodAccessorImpl.invoke(NativeMethodAccessorImpl.java:77)
	at java.base/jdk.internal.reflect.DelegatingMethodAccessorImpl.invoke(DelegatingMethodAccessorImpl.java:43)
Caused by: com.kms.katalon.core.webui.exception.WebElementNotFoundException: Web element with id: 'Object Repository/Выполнение бизнес-плана/Значения со страницы Выполнение бизнес-плана/Table Data/План Потери за отчётный период 1' located by '(.//*[normalize-space(text()) and normalize-space(.)='Показатели баланса электроэнергии по ДЗО – План'])[2]/following::td[35]' not found
	at com.kms.katalon.core.webui.common.WebUiCommonHelper.findWebElement(WebUiCommonHelper.java:1426)
	at com.kms.katalon.core.webui.keyword.internal.WebUIAbstractKeyword.findWebElement(WebUIAbstractKeyword.groovy:27)
	at com.kms.katalon.core.webui.keyword.internal.WebUIAbstractKeyword.findWebElement(WebUIAbstractKeyword.groovy:26)
	at com.kms.katalon.core.webui.keyword.builtin.GetTextKeyword$_getText_closure1.doCall(GetTextKeyword.groovy:78)
	at com.kms.katalon.core.webui.keyword.builtin.GetTextKeyword$_getText_closure1.call(GetTextKeyword.groovy)
	at com.kms.katalon.core.webui.keyword.internal.WebUIKeywordMain.runKeyword(WebUIKeywordMain.groovy:20)
	at com.kms.katalon.core.webui.keyword.builtin.GetTextKeyword.getText(GetTextKeyword.groovy:88)
	at com.kms.katalon.core.webui.keyword.builtin.GetTextKeyword.execute(GetTextKeyword.groovy:67)
	at com.kms.katalon.core.keyword.internal.KeywordExecutor.executeKeywordForPlatform(KeywordExecutor.groovy:74)
	at com.kms.katalon.core.webui.keyword.WebUiBuiltInKeywords.getText(WebUiBuiltInKeywords.groovy:957)
	at Script1719299571342.GetAllData(Script1719299571342.groovy:985)
	at Script1719299571342.run(Script1719299571342.groovy:156)
	... 15 more
)
[[ATTACHMENT|C:\\Users\\LIAZGINA-DI\\git\\SPORU\\Reports\\20250328_074647\\\u041F\u043D-\u0421\u0440-\u041F\u0442\\\u0421\u0432\u0435\u0440\u043A\u0430 \u0434\u0430\u0448\u0431\u043E\u0440\u0434\u043E\u0432 \u0438\u0437 \u0440\u0430\u0437\u043D\u044B\u0445 \u0431\u043B\u043E\u043A\u043E\u0432\\20250328_074647\\1743145798567.png]]

28-03-2025T10:09:58 - [MESSAGE][ERROR] - Test Cases/Сверки дашбордов/Выполнение бизнес-плана сверка дашбордов FAILED.
Reason:
java.lang.NullPointerException: Cannot invoke method replaceAll() on null object
	at Выполнение бизнес-плана сверка дашбордов.GetAllData(Выполнение бизнес-плана сверка дашбордов:985)
	at Выполнение бизнес-плана сверка дашбордов.run(Выполнение бизнес-плана сверка дашбордов:156)
	at com.kms.katalon.core.main.ScriptEngine.run(ScriptEngine.java:194)
	at com.kms.katalon.core.main.ScriptEngine.runScriptAsRawText(ScriptEngine.java:119)
	at com.kms.katalon.core.main.TestCaseExecutor.runScript(TestCaseExecutor.java:448)
	at com.kms.katalon.core.main.TestCaseExecutor.doExecute(TestCaseExecutor.java:439)
	at com.kms.katalon.core.main.TestCaseExecutor.processExecutionPhase(TestCaseExecutor.java:418)
	at com.kms.katalon.core.main.TestCaseExecutor.accessMainPhase(TestCaseExecutor.java:410)
	at com.kms.katalon.core.main.TestCaseExecutor.execute(TestCaseExecutor.java:285)
	at com.kms.katalon.core.common.CommonExecutor.accessTestCaseMainPhase(CommonExecutor.java:65)
	at com.kms.katalon.core.main.TestSuiteExecutor.accessTestSuiteMainPhase(TestSuiteExecutor.java:150)
	at com.kms.katalon.core.main.TestSuiteExecutor.execute(TestSuiteExecutor.java:106)
	at com.kms.katalon.core.main.TestCaseMain.startTestSuite(TestCaseMain.java:180)
	at TempTestSuite1743137207280.run(TempTestSuite1743137207280.groovy:35)
	at java.base/jdk.internal.reflect.NativeMethodAccessorImpl.invoke0(Native Method)
	at java.base/jdk.internal.reflect.NativeMethodAccessorImpl.invoke(NativeMethodAccessorImpl.java:77)
	at java.base/jdk.internal.reflect.DelegatingMethodAccessorImpl.invoke(DelegatingMethodAccessorImpl.java:43)]]></system-out>
         <system-err><![CDATA[28-03-2025T10:06:12 - [TEST_CASE][FAILED] - Test Cases/Сверки дашбордов/Выполнение бизнес-плана сверка дашбордов: Test Cases/Сверки дашбордов/Выполнение бизнес-плана сверка дашбордов FAILED.
Reason:
com.kms.katalon.core.exception.StepFailedException: Unable to get text of object 'Object Repository/Выполнение бизнес-плана/Значения со страницы Выполнение бизнес-плана/Table Data/План Потери за отчётный период 1' (Root cause: com.kms.katalon.core.exception.StepFailedException: Unable to get text of object 'Object Repository/Выполнение бизнес-плана/Значения со страницы Выполнение бизнес-плана/Table Data/План Потери за отчётный период 1'
	at com.kms.katalon.core.webui.keyword.internal.WebUIKeywordMain.stepFailed(WebUIKeywordMain.groovy:64)
	at com.kms.katalon.core.webui.keyword.internal.WebUIKeywordMain.runKeyword(WebUIKeywordMain.groovy:26)
	at com.kms.katalon.core.webui.keyword.builtin.GetTextKeyword.getText(GetTextKeyword.groovy:88)
	at com.kms.katalon.core.webui.keyword.builtin.GetTextKeyword.execute(GetTextKeyword.groovy:67)
	at com.kms.katalon.core.keyword.internal.KeywordExecutor.executeKeywordForPlatform(KeywordExecutor.groovy:74)
	at com.kms.katalon.core.webui.keyword.WebUiBuiltInKeywords.getText(WebUiBuiltInKeywords.groovy:957)
	at Выполнение бизнес-плана сверка дашбордов.GetAllData(Выполнение бизнес-плана сверка дашбордов:985)
	at Выполнение бизнес-плана сверка дашбордов.run(Выполнение бизнес-плана сверка дашбордов:156)
	at com.kms.katalon.core.main.ScriptEngine.run(ScriptEngine.java:194)
	at com.kms.katalon.core.main.ScriptEngine.runScriptAsRawText(ScriptEngine.java:119)
	at com.kms.katalon.core.main.TestCaseExecutor.runScript(TestCaseExecutor.java:448)
	at com.kms.katalon.core.main.TestCaseExecutor.doExecute(TestCaseExecutor.java:439)
	at com.kms.katalon.core.main.TestCaseExecutor.processExecutionPhase(TestCaseExecutor.java:418)
	at com.kms.katalon.core.main.TestCaseExecutor.accessMainPhase(TestCaseExecutor.java:410)
	at com.kms.katalon.core.main.TestCaseExecutor.execute(TestCaseExecutor.java:285)
	at com.kms.katalon.core.common.CommonExecutor.accessTestCaseMainPhase(CommonExecutor.java:65)
	at com.kms.katalon.core.main.TestSuiteExecutor.accessTestSuiteMainPhase(TestSuiteExecutor.java:150)
	at com.kms.katalon.core.main.TestSuiteExecutor.execute(TestSuiteExecutor.java:106)
	at com.kms.katalon.core.main.TestCaseMain.startTestSuite(TestCaseMain.java:180)
	at TempTestSuite1743137207280.run(TempTestSuite1743137207280.groovy:35)
	at java.base/jdk.internal.reflect.NativeMethodAccessorImpl.invoke0(Native Method)
	at java.base/jdk.internal.reflect.NativeMethodAccessorImpl.invoke(NativeMethodAccessorImpl.java:77)
	at java.base/jdk.internal.reflect.DelegatingMethodAccessorImpl.invoke(DelegatingMethodAccessorImpl.java:43)
Caused by: com.kms.katalon.core.webui.exception.WebElementNotFoundException: Web element with id: 'Object Repository/Выполнение бизнес-плана/Значения со страницы Выполнение бизнес-плана/Table Data/План Потери за отчётный период 1' located by '(.//*[normalize-space(text()) and normalize-space(.)='Показатели баланса электроэнергии по ДЗО – План'])[2]/following::td[35]' not found
	at com.kms.katalon.core.webui.common.WebUiCommonHelper.findWebElement(WebUiCommonHelper.java:1426)
	at com.kms.katalon.core.webui.keyword.internal.WebUIAbstractKeyword.findWebElement(WebUIAbstractKeyword.groovy:27)
	at com.kms.katalon.core.webui.keyword.internal.WebUIAbstractKeyword.findWebElement(WebUIAbstractKeyword.groovy:26)
	at com.kms.katalon.core.webui.keyword.builtin.GetTextKeyword$_getText_closure1.doCall(GetTextKeyword.groovy:78)
	at com.kms.katalon.core.webui.keyword.builtin.GetTextKeyword$_getText_closure1.call(GetTextKeyword.groovy)
	at com.kms.katalon.core.webui.keyword.internal.WebUIKeywordMain.runKeyword(WebUIKeywordMain.groovy:20)
	at com.kms.katalon.core.webui.keyword.builtin.GetTextKeyword.getText(GetTextKeyword.groovy:88)
	at com.kms.katalon.core.webui.keyword.builtin.GetTextKeyword.execute(GetTextKeyword.groovy:67)
	at com.kms.katalon.core.keyword.internal.KeywordExecutor.executeKeywordForPlatform(KeywordExecutor.groovy:74)
	at com.kms.katalon.core.webui.keyword.WebUiBuiltInKeywords.getText(WebUiBuiltInKeywords.groovy:957)
	at Script1719299571342.GetAllData(Script1719299571342.groovy:985)
	at Script1719299571342.run(Script1719299571342.groovy:156)
	... 15 more
)
	at com.kms.katalon.core.keyword.internal.KeywordMain.stepFailed(KeywordMain.groovy:39)
	at com.kms.katalon.core.webui.keyword.internal.WebUIKeywordMain.stepFailed(WebUIKeywordMain.groovy:64)
	at com.kms.katalon.core.webui.keyword.internal.WebUIKeywordMain.runKeyword(WebUIKeywordMain.groovy:26)
	at com.kms.katalon.core.webui.keyword.builtin.GetTextKeyword.getText(GetTextKeyword.groovy:88)
	at com.kms.katalon.core.webui.keyword.builtin.GetTextKeyword.execute(GetTextKeyword.groovy:67)
	at com.kms.katalon.core.keyword.internal.KeywordExecutor.executeKeywordForPlatform(KeywordExecutor.groovy:74)
	at com.kms.katalon.core.webui.keyword.WebUiBuiltInKeywords.getText(WebUiBuiltInKeywords.groovy:957)
	at Выполнение бизнес-плана сверка дашбордов.GetAllData(Выполнение бизнес-плана сверка дашбордов:985)
	at Выполнение бизнес-плана сверка дашбордов.run(Выполнение бизнес-плана сверка дашбордов:156)
	at com.kms.katalon.core.main.ScriptEngine.run(ScriptEngine.java:194)
	at com.kms.katalon.core.main.ScriptEngine.runScriptAsRawText(ScriptEngine.java:119)
	at com.kms.katalon.core.main.TestCaseExecutor.runScript(TestCaseExecutor.java:448)
	at com.kms.katalon.core.main.TestCaseExecutor.doExecute(TestCaseExecutor.java:439)
	at com.kms.katalon.core.main.TestCaseExecutor.processExecutionPhase(TestCaseExecutor.java:418)
	at com.kms.katalon.core.main.TestCaseExecutor.accessMainPhase(TestCaseExecutor.java:410)
	at com.kms.katalon.core.main.TestCaseExecutor.execute(TestCaseExecutor.java:285)
	at com.kms.katalon.core.common.CommonExecutor.accessTestCaseMainPhase(CommonExecutor.java:65)
	at com.kms.katalon.core.main.TestSuiteExecutor.accessTestSuiteMainPhase(TestSuiteExecutor.java:150)
	at com.kms.katalon.core.main.TestSuiteExecutor.execute(TestSuiteExecutor.java:106)
	at com.kms.katalon.core.main.TestCaseMain.startTestSuite(TestCaseMain.java:180)
	at TempTestSuite1743137207280.run(TempTestSuite1743137207280.groovy:35)
	at java.base/jdk.internal.reflect.NativeMethodAccessorImpl.invoke0(Native Method)
	at java.base/jdk.internal.reflect.NativeMethodAccessorImpl.invoke(NativeMethodAccessorImpl.java:77)
	at java.base/jdk.internal.reflect.DelegatingMethodAccessorImpl.invoke(DelegatingMethodAccessorImpl.java:43)
Caused by: com.kms.katalon.core.exception.StepFailedException: Unable to get text of object 'Object Repository/Выполнение бизнес-плана/Значения со страницы Выполнение бизнес-плана/Table Data/План Потери за отчётный период 1'
	... 23 more
Caused by: com.kms.katalon.core.webui.exception.WebElementNotFoundException: Web element with id: 'Object Repository/Выполнение бизнес-плана/Значения со страницы Выполнение бизнес-плана/Table Data/План Потери за отчётный период 1' located by '(.//*[normalize-space(text()) and normalize-space(.)='Показатели баланса электроэнергии по ДЗО – План'])[2]/following::td[35]' not found
	at com.kms.katalon.core.webui.common.WebUiCommonHelper.findWebElement(WebUiCommonHelper.java:1426)
	at com.kms.katalon.core.webui.keyword.internal.WebUIAbstractKeyword.findWebElement(WebUIAbstractKeyword.groovy:27)
	at com.kms.katalon.core.webui.keyword.internal.WebUIAbstractKeyword.findWebElement(WebUIAbstractKeyword.groovy:26)
	at com.kms.katalon.core.webui.keyword.builtin.GetTextKeyword$_getText_closure1.doCall(GetTextKeyword.groovy:78)
	at com.kms.katalon.core.webui.keyword.builtin.GetTextKeyword$_getText_closure1.call(GetTextKeyword.groovy)
	at com.kms.katalon.core.webui.keyword.internal.WebUIKeywordMain.runKeyword(WebUIKeywordMain.groovy:20)
	... 21 more]]></system-err>
      </testcase>
      <testcase name="Test Cases/Сверки дашбордов/Выручка в рублях сверка дашбордов ПАО Россети" time="5255.71" classname="Test Cases/Сверки дашбордов/Выручка в рублях сверка дашбордов ПАО Россети" status="PASSED">
         <system-out><![CDATA[28-03-2025T10:09:58 - [TEST_CASE][PASSED] - Test Cases/Сверки дашбордов/Выручка в рублях сверка дашбордов ПАО Россети: Test Cases/Сверки дашбордов/Выручка в рублях сверка дашбордов ПАО Россети

28-03-2025T10:09:59 - [TEST_STEP][PASSED] - date = new java.util.Date(): null

28-03-2025T10:09:59 - [TEST_STEP][PASSED] - todaysDate = date.format("dd.MM.yyyy"): null

28-03-2025T10:09:59 - [TEST_STEP][PASSED] - println(todaysDate): null

28-03-2025T10:09:59 - [TEST_STEP][PASSED] - run = 1: null

28-03-2025T10:09:59 - [TEST_STEP][PASSED] - vir = 1: null

28-03-2025T10:09:59 - [TEST_STEP][PASSED] - block = 1: null

28-03-2025T10:09:59 - [TEST_STEP][PASSED] - vidget = <not implemented yet for class: org.codehaus.groovy.ast.expr.EmptyExpression>: null

28-03-2025T10:09:59 - [TEST_STEP][PASSED] - nameOfBlock = <not implemented yet for class: org.codehaus.groovy.ast.expr.EmptyExpression>: null

28-03-2025T10:09:59 - [TEST_STEP][PASSED] - typeOfData = <not implemented yet for class: org.codehaus.groovy.ast.expr.EmptyExpression>: null

28-03-2025T10:09:59 - [TEST_STEP][PASSED] - viruchka = <not implemented yet for class: org.codehaus.groovy.ast.expr.EmptyExpression>: null

28-03-2025T10:09:59 - [TEST_STEP][PASSED] - a = <not implemented yet for class: org.codehaus.groovy.ast.expr.EmptyExpression>: null

28-03-2025T10:09:59 - [TEST_STEP][PASSED] - b = <not implemented yet for class: org.codehaus.groovy.ast.expr.EmptyExpression>: null

28-03-2025T10:09:59 - [TEST_STEP][PASSED] - x = <not implemented yet for class: org.codehaus.groovy.ast.expr.EmptyExpression>: null

28-03-2025T10:09:59 - [TEST_STEP][PASSED] - y = <not implemented yet for class: org.codehaus.groovy.ast.expr.EmptyExpression>: null

28-03-2025T10:09:59 - [TEST_STEP][PASSED] - dZO = "ПАО Россети": null

28-03-2025T10:09:59 - [TEST_STEP][PASSED] - for ([run = 1, run < 3, (run++)]): null

28-03-2025T10:09:59 - [TEST_STEP][PASSED] - Script1742558545601.ViruchkaChange(run, vir, block, nameOfBlock, typeOfData, viruchka, vidget, todaysDate, a, b, dZO, x, y): null

28-03-2025T10:09:59 - [TEST_STEP][PASSED] - for ([vir = 1, vir < 4, (vir++)]): null

28-03-2025T10:09:59 - [TEST_STEP][PASSED] - Script1742558545601.Blocks(run, vir, block, nameOfBlock, typeOfData, viruchka, vidget, todaysDate, a, b, dZO, x, y): null

28-03-2025T10:09:59 - [TEST_STEP][PASSED] - i = <not implemented yet for class: org.codehaus.groovy.ast.expr.EmptyExpression>: null

28-03-2025T10:09:59 - [TEST_STEP][PASSED] - perc = "": null

28-03-2025T10:09:59 - [TEST_STEP][PASSED] - a1 = <not implemented yet for class: org.codehaus.groovy.ast.expr.EmptyExpression>: null

28-03-2025T10:09:59 - [TEST_STEP][PASSED] - a2 = <not implemented yet for class: org.codehaus.groovy.ast.expr.EmptyExpression>: null

28-03-2025T10:09:59 - [TEST_STEP][PASSED] - a30 = <not implemented yet for class: org.codehaus.groovy.ast.expr.EmptyExpression>: null

28-03-2025T10:09:59 - [TEST_STEP][PASSED] - a31 = <not implemented yet for class: org.codehaus.groovy.ast.expr.EmptyExpression>: null

28-03-2025T10:09:59 - [TEST_STEP][PASSED] - a32 = <not implemented yet for class: org.codehaus.groovy.ast.expr.EmptyExpression>: null

28-03-2025T10:09:59 - [TEST_STEP][PASSED] - a33 = <not implemented yet for class: org.codehaus.groovy.ast.expr.EmptyExpression>: null

28-03-2025T10:09:59 - [TEST_STEP][PASSED] - a34 = <not implemented yet for class: org.codehaus.groovy.ast.expr.EmptyExpression>: null

28-03-2025T10:09:59 - [TEST_STEP][PASSED] - a35 = <not implemented yet for class: org.codehaus.groovy.ast.expr.EmptyExpression>: null

28-03-2025T10:09:59 - [TEST_STEP][PASSED] - a36 = <not implemented yet for class: org.codehaus.groovy.ast.expr.EmptyExpression>: null

28-03-2025T10:09:59 - [TEST_STEP][PASSED] - a37 = <not implemented yet for class: org.codehaus.groovy.ast.expr.EmptyExpression>: null

28-03-2025T10:09:59 - [TEST_STEP][PASSED] - a38 = <not implemented yet for class: org.codehaus.groovy.ast.expr.EmptyExpression>: null

28-03-2025T10:09:59 - [TEST_STEP][PASSED] - a39 = <not implemented yet for class: org.codehaus.groovy.ast.expr.EmptyExpression>: null

28-03-2025T10:09:59 - [TEST_STEP][PASSED] - a310 = <not implemented yet for class: org.codehaus.groovy.ast.expr.EmptyExpression>: null

28-03-2025T10:09:59 - [TEST_STEP][PASSED] - a311 = <not implemented yet for class: org.codehaus.groovy.ast.expr.EmptyExpression>: null

28-03-2025T10:09:59 - [TEST_STEP][PASSED] - a312 = <not implemented yet for class: org.codehaus.groovy.ast.expr.EmptyExpression>: null

28-03-2025T10:09:59 - [TEST_STEP][PASSED] - a313 = <not implemented yet for class: org.codehaus.groovy.ast.expr.EmptyExpression>: null

28-03-2025T10:09:59 - [TEST_STEP][PASSED] - a314 = <not implemented yet for class: org.codehaus.groovy.ast.expr.EmptyExpression>: null

28-03-2025T10:09:59 - [TEST_STEP][PASSED] - a315 = <not implemented yet for class: org.codehaus.groovy.ast.expr.EmptyExpression>: null

28-03-2025T10:09:59 - [TEST_STEP][PASSED] - a316 = <not implemented yet for class: org.codehaus.groovy.ast.expr.EmptyExpression>: null

28-03-2025T10:09:59 - [TEST_STEP][PASSED] - a317 = <not implemented yet for class: org.codehaus.groovy.ast.expr.EmptyExpression>: null

28-03-2025T10:09:59 - [TEST_STEP][PASSED] - a318 = <not implemented yet for class: org.codehaus.groovy.ast.expr.EmptyExpression>: null

28-03-2025T10:09:59 - [TEST_STEP][PASSED] - b1 = <not implemented yet for class: org.codehaus.groovy.ast.expr.EmptyExpression>: null

28-03-2025T10:09:59 - [TEST_STEP][PASSED] - b2 = <not implemented yet for class: org.codehaus.groovy.ast.expr.EmptyExpression>: null

28-03-2025T10:09:59 - [TEST_STEP][PASSED] - b30 = <not implemented yet for class: org.codehaus.groovy.ast.expr.EmptyExpression>: null

28-03-2025T10:09:59 - [TEST_STEP][PASSED] - b31 = <not implemented yet for class: org.codehaus.groovy.ast.expr.EmptyExpression>: null

28-03-2025T10:09:59 - [TEST_STEP][PASSED] - b32 = <not implemented yet for class: org.codehaus.groovy.ast.expr.EmptyExpression>: null

28-03-2025T10:09:59 - [TEST_STEP][PASSED] - b33 = <not implemented yet for class: org.codehaus.groovy.ast.expr.EmptyExpression>: null

28-03-2025T10:09:59 - [TEST_STEP][PASSED] - b34 = <not implemented yet for class: org.codehaus.groovy.ast.expr.EmptyExpression>: null

28-03-2025T10:09:59 - [TEST_STEP][PASSED] - b35 = <not implemented yet for class: org.codehaus.groovy.ast.expr.EmptyExpression>: null

28-03-2025T10:09:59 - [TEST_STEP][PASSED] - b36 = <not implemented yet for class: org.codehaus.groovy.ast.expr.EmptyExpression>: null

28-03-2025T10:09:59 - [TEST_STEP][PASSED] - b37 = <not implemented yet for class: org.codehaus.groovy.ast.expr.EmptyExpression>: null

28-03-2025T10:09:59 - [TEST_STEP][PASSED] - b38 = <not implemented yet for class: org.codehaus.groovy.ast.expr.EmptyExpression>: null

28-03-2025T10:09:59 - [TEST_STEP][PASSED] - b39 = <not implemented yet for class: org.codehaus.groovy.ast.expr.EmptyExpression>: null

28-03-2025T10:09:59 - [TEST_STEP][PASSED] - b310 = <not implemented yet for class: org.codehaus.groovy.ast.expr.EmptyExpression>: null

28-03-2025T10:09:59 - [TEST_STEP][PASSED] - b311 = <not implemented yet for class: org.codehaus.groovy.ast.expr.EmptyExpression>: null

28-03-2025T10:09:59 - [TEST_STEP][PASSED] - b312 = <not implemented yet for class: org.codehaus.groovy.ast.expr.EmptyExpression>: null

28-03-2025T10:09:59 - [TEST_STEP][PASSED] - b313 = <not implemented yet for class: org.codehaus.groovy.ast.expr.EmptyExpression>: null

28-03-2025T10:09:59 - [TEST_STEP][PASSED] - b314 = <not implemented yet for class: org.codehaus.groovy.ast.expr.EmptyExpression>: null

28-03-2025T10:09:59 - [TEST_STEP][PASSED] - b315 = <not implemented yet for class: org.codehaus.groovy.ast.expr.EmptyExpression>: null

28-03-2025T10:09:59 - [TEST_STEP][PASSED] - b316 = <not implemented yet for class: org.codehaus.groovy.ast.expr.EmptyExpression>: null

28-03-2025T10:09:59 - [TEST_STEP][PASSED] - b317 = <not implemented yet for class: org.codehaus.groovy.ast.expr.EmptyExpression>: null

28-03-2025T10:09:59 - [TEST_STEP][PASSED] - b318 = <not implemented yet for class: org.codehaus.groovy.ast.expr.EmptyExpression>: null

28-03-2025T10:09:59 - [TEST_STEP][PASSED] - block = 1: null

28-03-2025T10:09:59 - [TEST_STEP][PASSED] - nameOfBlock = "": null

28-03-2025T10:09:59 - [TEST_STEP][PASSED] - Script1742558545601.PreSettings(run, vir, block, nameOfBlock, typeOfData, todaysDate): null

28-03-2025T10:09:59 - [TEST_STEP][PASSED] - openBrowser(""): Browser is opened with url: ''

28-03-2025T10:09:59 - [MESSAGE][WARNING] - A browser is already opened. Closing browser and opening a new one

28-03-2025T10:09:59 - [MESSAGE][INFO] - Starting 'Chrome' driver

28-03-2025T10:09:59 - [MESSAGE][INFO] - Action delay is set to 0 milliseconds

28-03-2025T10:10:01 - [MESSAGE][PASSED] - Browser is opened with url: ''

28-03-2025T10:10:01 - [TEST_STEP][PASSED] - refresh(): Refresh successfully

28-03-2025T10:10:01 - [MESSAGE][PASSED] - Refresh successfully

28-03-2025T10:10:01 - [TEST_STEP][PASSED] - delay(50): Delayed 50 second(s)

28-03-2025T10:10:51 - [MESSAGE][PASSED] - Delayed 50 second(s)

28-03-2025T10:10:51 - [TEST_STEP][PASSED] - println("run:" + run): null

28-03-2025T10:10:51 - [TEST_STEP][PASSED] - println("vir:" + vir): null

28-03-2025T10:10:51 - [TEST_STEP][PASSED] - println("block:" + block): null

28-03-2025T10:10:51 - [TEST_STEP][PASSED] - if (block == 1): null

28-03-2025T10:10:51 - [TEST_STEP][PASSED] - nameOfBlock = "": null

28-03-2025T10:10:51 - [TEST_STEP][PASSED] - println("nameOfBlock:" + nameOfBlock): null

28-03-2025T10:10:51 - [TEST_STEP][PASSED] - println("typeOfData:" + typeOfData): null

28-03-2025T10:10:51 - [TEST_STEP][PASSED] - println("todaysDate:" + todaysDate): null

28-03-2025T10:10:51 - [TEST_STEP][PASSED] - Script1742558545601.Autorization(block, nameOfBlock): null

28-03-2025T10:10:51 - [TEST_STEP][PASSED] - i = <not implemented yet for class: org.codehaus.groovy.ast.expr.EmptyExpression>: null

28-03-2025T10:10:51 - [TEST_STEP][PASSED] - ii = <not implemented yet for class: org.codehaus.groovy.ast.expr.EmptyExpression>: null

28-03-2025T10:10:51 - [TEST_STEP][PASSED] - urlData = <not implemented yet for class: org.codehaus.groovy.ast.expr.EmptyExpression>: null

28-03-2025T10:10:51 - [TEST_STEP][PASSED] - searchWord = <not implemented yet for class: org.codehaus.groovy.ast.expr.EmptyExpression>: null

28-03-2025T10:10:51 - [TEST_STEP][PASSED] - urlText = <not implemented yet for class: org.codehaus.groovy.ast.expr.EmptyExpression>: null

28-03-2025T10:10:51 - [TEST_STEP][PASSED] - println("block:" + block): null

28-03-2025T10:10:51 - [TEST_STEP][PASSED] - if (block == 1): null

28-03-2025T10:10:51 - [TEST_STEP][PASSED] - nameOfBlock = "": null

28-03-2025T10:10:51 - [TEST_STEP][PASSED] - println("nameOfBlock:" + nameOfBlock): null

28-03-2025T10:10:51 - [TEST_STEP][PASSED] - if (block == 1): Delayed 45 second(s)

28-03-2025T10:10:51 - [TEST_STEP][PASSED] - urlData = 2: null

28-03-2025T10:10:51 - [TEST_STEP][PASSED] - delay(45): Delayed 45 second(s)

28-03-2025T10:11:36 - [MESSAGE][PASSED] - Delayed 45 second(s)

28-03-2025T10:11:36 - [TEST_STEP][PASSED] - navigateToUrl(findTestData("PlanFact").getValue(10, urlData)): Navigate to 'https://bi.rosseti.digital/viewer?dashboardGuid=2301950b23be4ed89c1df75f2020051e&sheetGuid=b723206f698544fb87299f3095c00435&fit=true' successfully

28-03-2025T10:11:39 - [MESSAGE][PASSED] - Navigate to 'https://bi.rosseti.digital/viewer?dashboardGuid=2301950b23be4ed89c1df75f2020051e&sheetGuid=b723206f698544fb87299f3095c00435&fit=true' successfully

28-03-2025T10:11:39 - [TEST_STEP][PASSED] - urlText = getText(findTestObject("Страница авторизации/Text")): Text of object 'Object Repository/Страница авторизации/Text' is: 'Вход'

28-03-2025T10:11:41 - [MESSAGE][PASSED] - Text of object 'Object Repository/Страница авторизации/Text' is: 'Вход'

28-03-2025T10:11:41 - [TEST_STEP][PASSED] - searchWord = "Вход": null

28-03-2025T10:11:41 - [TEST_STEP][PASSED] - if (urlText == null || urlText.contains("ошибка") || urlText.contains(searchWord) == false): null

28-03-2025T10:11:41 - [TEST_STEP][PASSED] - if (verifyElementPresent(findTestObject("Страница авторизации/button_"), 30) == true): null

28-03-2025T10:11:41 - [MESSAGE][PASSED] - Object 'Object Repository/Страница авторизации/button_' is present

28-03-2025T10:11:41 - [TEST_STEP][PASSED] - setText(findTestObject("Страница авторизации/input__username"), findTestData("PlanFact").getValue(8, 1)): Text 'liazgina-di' is set on object 'Object Repository/Страница авторизации/input__username'

28-03-2025T10:11:42 - [MESSAGE][PASSED] - Text 'liazgina-di' is set on object 'Object Repository/Страница авторизации/input__username'

28-03-2025T10:11:42 - [TEST_STEP][PASSED] - setText(findTestObject("Страница авторизации/input__password"), findTestData("PlanFact").getValue(9, 1)): Text ')$%5srZ8o688Dm#q' is set on object 'Object Repository/Страница авторизации/input__password'

28-03-2025T10:11:43 - [MESSAGE][PASSED] - Text ')$%5srZ8o688Dm#q' is set on object 'Object Repository/Страница авторизации/input__password'

28-03-2025T10:11:43 - [TEST_STEP][PASSED] - click(findTestObject("Страница авторизации/button_")): Object: 'Object Repository/Страница авторизации/button_' is clicked on

28-03-2025T10:11:44 - [MESSAGE][PASSED] - Object: 'Object Repository/Страница авторизации/button_' is clicked on

28-03-2025T10:11:44 - [TEST_STEP][PASSED] - delay(45): Delayed 45 second(s)

28-03-2025T10:12:29 - [MESSAGE][PASSED] - Delayed 45 second(s)

28-03-2025T10:12:29 - [TEST_STEP][PASSED] - urlText = getText(findTestObject("Страница авторизации/Text")): Text of object 'Object Repository/Страница авторизации/Text' is: 'Период
Январь, Февраль 2025 года
Выручка
Все
Выполнение плановых показателей по ПАО Россети за Январь, Февраль 2025 года
План
Факт
Динамика
2025 год
0 млн.руб.
25 000 млн.руб.
50 000 млн.руб.
75 000 млн.руб.
100 000 млн.руб.
125 000 млн.руб.
150 000 млн.руб.
175 000 млн.руб.
200 000 млн.руб.
225 000 млн.руб.
250 000 млн.руб.
275 000 млн.руб.
300 000 млн.руб.
325 000 млн.руб.
350 000 млн.руб.
375 000 млн.руб.
318 025
268 560
↓
ДЗО 
ПАО Россети
Внутренний оборот - выручка за услуги по передаче электрической энергии, учтенная в выручке за электроэнергию для конечных потребителей, при выполнении ДЗО функций гарантирующего поставщика
Подписи данных
⬤Отклонение
АО "РЭС"
АО «Тываэнерго»
АО «Чеченэнерго»
Россети Волга
Россети Кубань
Россети Ленэнерго (ГК)
Россети Московский регион
Россети Северный Кавказ (ГК)
Россети Северо-Запад
Россети Сибирь (ГК)
Россети Томск
Россети Тюмень
Россети Урал (ГК)
Россети ФСК ЕЭС
Россети Центр
Россети Центр и Приволжье (ГК)
Россети Юг (ГК)
Россети Янтарь
-30 000млн.руб.
-25 000млн.руб.
-20 000млн.руб.
-15 000млн.руб.
-10 000млн.руб.
-5 000млн.руб.
0 млн.руб.
5 00…
-170
-229
-76
-270
552
-244
-1 353
-805
-232
-6 501
-47
-10 407
-701
-28 384
-520
-197
68
50
млн.
%
Выручка
Отклонение выручки по ПАО Россети за Январь, Февраль 2025 года (факт/план, млн. руб)
ПАО Россети
-49 464.8 млн.руб.
 '

28-03-2025T10:12:30 - [MESSAGE][PASSED] - Text of object 'Object Repository/Страница авторизации/Text' is: 'Период
Январь, Февраль 2025 года
Выручка
Все
Выполнение плановых показателей по ПАО Россети за Январь, Февраль 2025 года
План
Факт
Динамика
2025 год
0 млн.руб.
25 000 млн.руб.
50 000 млн.руб.
75 000 млн.руб.
100 000 млн.руб.
125 000 млн.руб.
150 000 млн.руб.
175 000 млн.руб.
200 000 млн.руб.
225 000 млн.руб.
250 000 млн.руб.
275 000 млн.руб.
300 000 млн.руб.
325 000 млн.руб.
350 000 млн.руб.
375 000 млн.руб.
318 025
268 560
↓
ДЗО 
ПАО Россети
Внутренний оборот - выручка за услуги по передаче электрической энергии, учтенная в выручке за электроэнергию для конечных потребителей, при выполнении ДЗО функций гарантирующего поставщика
Подписи данных
⬤Отклонение
АО "РЭС"
АО «Тываэнерго»
АО «Чеченэнерго»
Россети Волга
Россети Кубань
Россети Ленэнерго (ГК)
Россети Московский регион
Россети Северный Кавказ (ГК)
Россети Северо-Запад
Россети Сибирь (ГК)
Россети Томск
Россети Тюмень
Россети Урал (ГК)
Россети ФСК ЕЭС
Россети Центр
Россети Центр и Приволжье (ГК)
Россети Юг (ГК)
Россети Янтарь
-30 000млн.руб.
-25 000млн.руб.
-20 000млн.руб.
-15 000млн.руб.
-10 000млн.руб.
-5 000млн.руб.
0 млн.руб.
5 00…
-170
-229
-76
-270
552
-244
-1 353
-805
-232
-6 501
-47
-10 407
-701
-28 384
-520
-197
68
50
млн.
%
Выручка
Отклонение выручки по ПАО Россети за Январь, Февраль 2025 года (факт/план, млн. руб)
ПАО Россети
-49 464.8 млн.руб.
 '

28-03-2025T10:12:30 - [TEST_STEP][PASSED] - searchWord = "а": null

28-03-2025T10:12:30 - [TEST_STEP][PASSED] - if (urlText.contains("ошибка") || urlText.contains(searchWord) == false): null

28-03-2025T10:12:30 - [TEST_STEP][PASSED] - delay(45): Delayed 45 second(s)

28-03-2025T10:13:15 - [MESSAGE][PASSED] - Delayed 45 second(s)

28-03-2025T10:13:15 - [TEST_STEP][PASSED] - if (block == 2): null

28-03-2025T10:13:15 - [TEST_STEP][PASSED] - click(findTestObject("Выручка в рублях/Фильтр Период" + nameOfBlock)): Object: 'Object Repository/Выручка в рублях/Фильтр Период' is clicked on

28-03-2025T10:13:15 - [MESSAGE][PASSED] - Object: 'Object Repository/Выручка в рублях/Фильтр Период' is clicked on

28-03-2025T10:13:15 - [TEST_STEP][PASSED] - click(findTestObject("Выручка в рублях/Снять выделение в фильтре Дата" + nameOfBlock)): Object: 'Object Repository/Выручка в рублях/Снять выделение в фильтре Дата' is clicked on

28-03-2025T10:13:16 - [MESSAGE][PASSED] - Object: 'Object Repository/Выручка в рублях/Снять выделение в фильтре Дата' is clicked on

28-03-2025T10:13:16 - [TEST_STEP][PASSED] - click(findTestObject("Выручка в рублях/Применить в фильтре Дата" + nameOfBlock)): Object: 'Object Repository/Выручка в рублях/Применить в фильтре Дата' is clicked on

28-03-2025T10:13:16 - [MESSAGE][PASSED] - Object: 'Object Repository/Выручка в рублях/Применить в фильтре Дата' is clicked on

28-03-2025T10:13:16 - [TEST_STEP][PASSED] - delay(50): Delayed 50 second(s)

28-03-2025T10:14:06 - [MESSAGE][PASSED] - Delayed 50 second(s)

28-03-2025T10:14:06 - [TEST_STEP][PASSED] - click(findTestObject("Выручка в рублях/Фильтр Период" + nameOfBlock)): Object: 'Object Repository/Выручка в рублях/Фильтр Период' is clicked on

28-03-2025T10:14:06 - [MESSAGE][PASSED] - Object: 'Object Repository/Выручка в рублях/Фильтр Период' is clicked on

28-03-2025T10:14:06 - [TEST_STEP][PASSED] - click(findTestObject("Выручка в рублях/Снять выделение в фильтре Дата" + nameOfBlock)): Object: 'Object Repository/Выручка в рублях/Снять выделение в фильтре Дата' is clicked on

28-03-2025T10:14:07 - [MESSAGE][PASSED] - Object: 'Object Repository/Выручка в рублях/Снять выделение в фильтре Дата' is clicked on

28-03-2025T10:14:07 - [TEST_STEP][PASSED] - scrollToElement(findTestObject("Выручка в рублях/2025 список" + nameOfBlock), 30): Scroll to object 'Object Repository/Выручка в рублях/2025 список' successfully

28-03-2025T10:14:07 - [MESSAGE][PASSED] - Scroll to object 'Object Repository/Выручка в рублях/2025 список' successfully

28-03-2025T10:14:07 - [TEST_STEP][PASSED] - click(findTestObject("Выручка в рублях/2025 список" + nameOfBlock)): Object: 'Object Repository/Выручка в рублях/2025 список' is clicked on

28-03-2025T10:14:08 - [MESSAGE][PASSED] - Object: 'Object Repository/Выручка в рублях/2025 список' is clicked on

28-03-2025T10:14:08 - [TEST_STEP][PASSED] - scrollToElement(findTestObject("Выручка в рублях/1 квартал 2025 список Выручка"), 30): Scroll to object 'Object Repository/Выручка в рублях/1 квартал 2025 список Выручка' successfully

28-03-2025T10:14:08 - [MESSAGE][PASSED] - Scroll to object 'Object Repository/Выручка в рублях/1 квартал 2025 список Выручка' successfully

28-03-2025T10:14:08 - [TEST_STEP][PASSED] - click(findTestObject("Выручка в рублях/1 квартал 2025 список" + nameOfBlock)): Object: 'Object Repository/Выручка в рублях/1 квартал 2025 список' is clicked on

28-03-2025T10:14:08 - [MESSAGE][PASSED] - Object: 'Object Repository/Выручка в рублях/1 квартал 2025 список' is clicked on

28-03-2025T10:14:08 - [TEST_STEP][PASSED] - scrollToElement(findTestObject("Выручка в рублях/Январь 2025" + nameOfBlock), 30): Scroll to object 'Object Repository/Выручка в рублях/Январь 2025' successfully

28-03-2025T10:14:09 - [MESSAGE][PASSED] - Scroll to object 'Object Repository/Выручка в рублях/Январь 2025' successfully

28-03-2025T10:14:09 - [TEST_STEP][PASSED] - click(findTestObject("Выручка в рублях/Январь 2025" + nameOfBlock)): Object: 'Object Repository/Выручка в рублях/Январь 2025' is clicked on

28-03-2025T10:14:09 - [MESSAGE][PASSED] - Object: 'Object Repository/Выручка в рублях/Январь 2025' is clicked on

28-03-2025T10:14:09 - [TEST_STEP][PASSED] - scrollToElement(findTestObject("Выручка в рублях/Заголовок дашборда" + nameOfBlock), 30): Scroll to object 'Object Repository/Выручка в рублях/Заголовок дашборда' successfully

28-03-2025T10:14:09 - [MESSAGE][PASSED] - Scroll to object 'Object Repository/Выручка в рублях/Заголовок дашборда' successfully

28-03-2025T10:14:09 - [TEST_STEP][PASSED] - click(findTestObject("Выручка в рублях/Применить в фильтре Дата" + nameOfBlock)): Object: 'Object Repository/Выручка в рублях/Применить в фильтре Дата' is clicked on

28-03-2025T10:14:10 - [MESSAGE][PASSED] - Object: 'Object Repository/Выручка в рублях/Применить в фильтре Дата' is clicked on

28-03-2025T10:14:10 - [TEST_STEP][PASSED] - delay(55): Delayed 55 second(s)

28-03-2025T10:15:05 - [MESSAGE][PASSED] - Delayed 55 second(s)

28-03-2025T10:15:05 - [TEST_STEP][PASSED] - click(findTestObject("Выручка в рублях/Фильтр ДЗО" + nameOfBlock)): Object: 'Object Repository/Выручка в рублях/Фильтр ДЗО' is clicked on

28-03-2025T10:15:05 - [MESSAGE][PASSED] - Object: 'Object Repository/Выручка в рублях/Фильтр ДЗО' is clicked on

28-03-2025T10:15:05 - [TEST_STEP][PASSED] - click(findTestObject("Выручка в рублях/Снять выделение в фильтре ДЗО" + nameOfBlock)): Object: 'Object Repository/Выручка в рублях/Снять выделение в фильтре ДЗО' is clicked on

28-03-2025T10:15:06 - [MESSAGE][PASSED] - Object: 'Object Repository/Выручка в рублях/Снять выделение в фильтре ДЗО' is clicked on

28-03-2025T10:15:06 - [TEST_STEP][PASSED] - click(findTestObject("Выручка в рублях/Применить в фильтре ДЗО" + nameOfBlock)): Object: 'Object Repository/Выручка в рублях/Применить в фильтре ДЗО' is clicked on

28-03-2025T10:15:06 - [MESSAGE][PASSED] - Object: 'Object Repository/Выручка в рублях/Применить в фильтре ДЗО' is clicked on

28-03-2025T10:15:06 - [TEST_STEP][PASSED] - delay(50): Delayed 50 second(s)

28-03-2025T10:15:56 - [MESSAGE][PASSED] - Delayed 50 second(s)

28-03-2025T10:15:56 - [TEST_STEP][PASSED] - Script1742558545601.Tumbler(run, vir, block, nameOfBlock): null

28-03-2025T10:15:56 - [TEST_STEP][PASSED] - println("run:" + run): null

28-03-2025T10:15:56 - [TEST_STEP][PASSED] - println("vir:" + vir): null

28-03-2025T10:15:56 - [TEST_STEP][PASSED] - println("block:" + block): null

28-03-2025T10:15:56 - [TEST_STEP][PASSED] - println("nameOfBlock:" + nameOfBlock): null

28-03-2025T10:15:56 - [TEST_STEP][PASSED] - if (vir == 1): null

28-03-2025T10:15:56 - [TEST_STEP][PASSED] - if (run == 2): null

28-03-2025T10:15:56 - [TEST_STEP][PASSED] - click(findTestObject("Выручка в рублях/Фильтр ДЗО" + nameOfBlock)): Object: 'Object Repository/Выручка в рублях/Фильтр ДЗО' is clicked on

28-03-2025T10:15:57 - [MESSAGE][PASSED] - Object: 'Object Repository/Выручка в рублях/Фильтр ДЗО' is clicked on

28-03-2025T10:15:57 - [TEST_STEP][PASSED] - Script1742558545601.Rosseti(nameOfBlock): null

28-03-2025T10:15:57 - [TEST_STEP][PASSED] - println("nameOfBlock:" + nameOfBlock): null

28-03-2025T10:15:57 - [TEST_STEP][PASSED] - click(findTestObject("Выручка в рублях/ПАО Россети" + nameOfBlock)): Object: 'Object Repository/Выручка в рублях/ПАО Россети' is clicked on

28-03-2025T10:15:57 - [MESSAGE][PASSED] - Object: 'Object Repository/Выручка в рублях/ПАО Россети' is clicked on

28-03-2025T10:15:57 - [TEST_STEP][PASSED] - click(findTestObject("Выручка в рублях/Применить в фильтре ДЗО" + nameOfBlock)): Object: 'Object Repository/Выручка в рублях/Применить в фильтре ДЗО' is clicked on

28-03-2025T10:15:58 - [MESSAGE][PASSED] - Object: 'Object Repository/Выручка в рублях/Применить в фильтре ДЗО' is clicked on

28-03-2025T10:15:58 - [TEST_STEP][PASSED] - if (run == 2): null

28-03-2025T10:15:58 - [TEST_STEP][PASSED] - if (vir == 1 || vir == 2): Text of object 'Object Repository/Выручка в рублях/График План' is: '163 377'

28-03-2025T10:15:58 - [TEST_STEP][PASSED] - a1 = getText(findTestObject("Выручка в рублях/График План")): Text of object 'Object Repository/Выручка в рублях/График План' is: '163 377'

28-03-2025T10:15:59 - [MESSAGE][PASSED] - Text of object 'Object Repository/Выручка в рублях/График План' is: '163 377'

28-03-2025T10:15:59 - [TEST_STEP][PASSED] - if (vir == 1 || vir == 2): Text of object 'Object Repository/Выручка в рублях/График Факт' is: '157 865'

28-03-2025T10:15:59 - [TEST_STEP][PASSED] - a2 = getText(findTestObject("Выручка в рублях/График Факт")): Text of object 'Object Repository/Выручка в рублях/График Факт' is: '157 865'

28-03-2025T10:16:00 - [MESSAGE][PASSED] - Text of object 'Object Repository/Выручка в рублях/График Факт' is: '157 865'

28-03-2025T10:16:00 - [TEST_STEP][PASSED] - a30 = getText(findTestObject("Выручка в рублях/span1" + perc)): Text of object 'Object Repository/Выручка в рублях/span1' is: '-5 512.4 млн.руб.'

28-03-2025T10:16:00 - [MESSAGE][PASSED] - Text of object 'Object Repository/Выручка в рублях/span1' is: '-5 512.4 млн.руб.'

28-03-2025T10:16:00 - [TEST_STEP][PASSED] - i = a30.indexOf("млн.руб."): null

28-03-2025T10:16:00 - [TEST_STEP][PASSED] - if (i > -1): null

28-03-2025T10:16:00 - [TEST_STEP][PASSED] - a30 = a30.substring(0, i): null

28-03-2025T10:16:00 - [TEST_STEP][PASSED] - a30 = a30.replaceAll(" ", ""): null

28-03-2025T10:16:00 - [TEST_STEP][PASSED] - if (a30.contains("%")): null

28-03-2025T10:16:00 - [TEST_STEP][PASSED] - a30 = ").trim(): null

28-03-2025T10:16:00 - [TEST_STEP][PASSED] - println("a30: " + a30): null

28-03-2025T10:16:00 - [TEST_STEP][PASSED] - if (vir == 1): Text of object 'Object Repository/Выручка в рублях/span19' is: '-19'

28-03-2025T10:16:00 - [TEST_STEP][PASSED] - a31 = ").trim(): Text of object 'Object Repository/Выручка в рублях/span2' is: '-73'

28-03-2025T10:16:00 - [MESSAGE][PASSED] - Text of object 'Object Repository/Выручка в рублях/span2' is: '-73'

28-03-2025T10:16:00 - [TEST_STEP][PASSED] - a32 = ").trim(): Text of object 'Object Repository/Выручка в рублях/span3' is: '23'

28-03-2025T10:16:01 - [MESSAGE][PASSED] - Text of object 'Object Repository/Выручка в рублях/span3' is: '23'

28-03-2025T10:16:01 - [TEST_STEP][PASSED] - a33 = ").trim(): Text of object 'Object Repository/Выручка в рублях/span4' is: '-83'

28-03-2025T10:16:01 - [MESSAGE][PASSED] - Text of object 'Object Repository/Выручка в рублях/span4' is: '-83'

28-03-2025T10:16:01 - [TEST_STEP][PASSED] - a34 = ").trim(): Text of object 'Object Repository/Выручка в рублях/span5' is: '-295'

28-03-2025T10:16:01 - [MESSAGE][PASSED] - Text of object 'Object Repository/Выручка в рублях/span5' is: '-295'

28-03-2025T10:16:01 - [TEST_STEP][PASSED] - a35 = ").trim(): Text of object 'Object Repository/Выручка в рублях/span6' is: '-54'

28-03-2025T10:16:01 - [MESSAGE][PASSED] - Text of object 'Object Repository/Выручка в рублях/span6' is: '-54'

28-03-2025T10:16:01 - [TEST_STEP][PASSED] - a36 = ").trim(): Text of object 'Object Repository/Выручка в рублях/span7' is: '-403'

28-03-2025T10:16:02 - [MESSAGE][PASSED] - Text of object 'Object Repository/Выручка в рублях/span7' is: '-403'

28-03-2025T10:16:02 - [TEST_STEP][PASSED] - a37 = ").trim(): Text of object 'Object Repository/Выручка в рублях/span8' is: '-927'

28-03-2025T10:16:02 - [MESSAGE][PASSED] - Text of object 'Object Repository/Выручка в рублях/span8' is: '-927'

28-03-2025T10:16:02 - [TEST_STEP][PASSED] - a38 = ").trim(): Text of object 'Object Repository/Выручка в рублях/span9' is: '-606'

28-03-2025T10:16:02 - [MESSAGE][PASSED] - Text of object 'Object Repository/Выручка в рублях/span9' is: '-606'

28-03-2025T10:16:02 - [TEST_STEP][PASSED] - a39 = ").trim(): Text of object 'Object Repository/Выручка в рублях/span10' is: '-251'

28-03-2025T10:16:03 - [MESSAGE][PASSED] - Text of object 'Object Repository/Выручка в рублях/span10' is: '-251'

28-03-2025T10:16:03 - [TEST_STEP][PASSED] - a310 = ").trim(): Text of object 'Object Repository/Выручка в рублях/span11' is: '348'

28-03-2025T10:16:03 - [MESSAGE][PASSED] - Text of object 'Object Repository/Выручка в рублях/span11' is: '348'

28-03-2025T10:16:03 - [TEST_STEP][PASSED] - a311 = ").trim(): Text of object 'Object Repository/Выручка в рублях/span12' is: '-58'

28-03-2025T10:16:03 - [MESSAGE][PASSED] - Text of object 'Object Repository/Выручка в рублях/span12' is: '-58'

28-03-2025T10:16:03 - [TEST_STEP][PASSED] - a312 = ").trim(): Text of object 'Object Repository/Выручка в рублях/span13' is: '-1 104'

28-03-2025T10:16:03 - [MESSAGE][PASSED] - Text of object 'Object Repository/Выручка в рублях/span13' is: '-1 104'

28-03-2025T10:16:03 - [TEST_STEP][PASSED] - a313 = ").trim(): Text of object 'Object Repository/Выручка в рублях/span14' is: '-474'

28-03-2025T10:16:04 - [MESSAGE][PASSED] - Text of object 'Object Repository/Выручка в рублях/span14' is: '-474'

28-03-2025T10:16:04 - [TEST_STEP][PASSED] - a314 = ").trim(): Text of object 'Object Repository/Выручка в рублях/span15' is: '-59'

28-03-2025T10:16:04 - [MESSAGE][PASSED] - Text of object 'Object Repository/Выручка в рублях/span15' is: '-59'

28-03-2025T10:16:04 - [TEST_STEP][PASSED] - a315 = ").trim(): Text of object 'Object Repository/Выручка в рублях/span16' is: '-675'

28-03-2025T10:16:04 - [MESSAGE][PASSED] - Text of object 'Object Repository/Выручка в рублях/span16' is: '-675'

28-03-2025T10:16:04 - [TEST_STEP][PASSED] - a316 = ").trim(): Text of object 'Object Repository/Выручка в рублях/span17' is: '-613'

28-03-2025T10:16:05 - [MESSAGE][PASSED] - Text of object 'Object Repository/Выручка в рублях/span17' is: '-613'

28-03-2025T10:16:05 - [TEST_STEP][PASSED] - a317 = ").trim(): Text of object 'Object Repository/Выручка в рублях/span18' is: '-191'

28-03-2025T10:16:05 - [MESSAGE][PASSED] - Text of object 'Object Repository/Выручка в рублях/span18' is: '-191'

28-03-2025T10:16:05 - [TEST_STEP][PASSED] - a318 = ").trim(): Text of object 'Object Repository/Выручка в рублях/span19' is: '-19'

28-03-2025T10:16:05 - [MESSAGE][PASSED] - Text of object 'Object Repository/Выручка в рублях/span19' is: '-19'

28-03-2025T10:16:05 - [TEST_STEP][PASSED] - block = 2: null

28-03-2025T10:16:05 - [TEST_STEP][PASSED] - nameOfBlock = " Выручка": null

28-03-2025T10:16:05 - [TEST_STEP][PASSED] - Script1742558545601.PreSettings(run, vir, block, nameOfBlock, typeOfData, todaysDate): null

28-03-2025T10:16:05 - [TEST_STEP][PASSED] - openBrowser(""): Browser is opened with url: ''

28-03-2025T10:16:05 - [MESSAGE][WARNING] - A browser is already opened. Closing browser and opening a new one

28-03-2025T10:16:05 - [MESSAGE][INFO] - Starting 'Chrome' driver

28-03-2025T10:16:05 - [MESSAGE][INFO] - Action delay is set to 0 milliseconds

28-03-2025T10:16:06 - [MESSAGE][PASSED] - Browser is opened with url: ''

28-03-2025T10:16:06 - [TEST_STEP][PASSED] - refresh(): Refresh successfully

28-03-2025T10:16:06 - [MESSAGE][PASSED] - Refresh successfully

28-03-2025T10:16:06 - [TEST_STEP][PASSED] - delay(50): Delayed 50 second(s)

28-03-2025T10:16:56 - [MESSAGE][PASSED] - Delayed 50 second(s)

28-03-2025T10:16:56 - [TEST_STEP][PASSED] - println("run:" + run): null

28-03-2025T10:16:56 - [TEST_STEP][PASSED] - println("vir:" + vir): null

28-03-2025T10:16:56 - [TEST_STEP][PASSED] - println("block:" + block): null

28-03-2025T10:16:56 - [TEST_STEP][PASSED] - if (block == 1): null

28-03-2025T10:16:56 - [TEST_STEP][PASSED] - else: null

28-03-2025T10:16:56 - [TEST_STEP][PASSED] - nameOfBlock = " Выручка": null

28-03-2025T10:16:56 - [TEST_STEP][PASSED] - println("nameOfBlock:" + nameOfBlock): null

28-03-2025T10:16:56 - [TEST_STEP][PASSED] - println("typeOfData:" + typeOfData): null

28-03-2025T10:16:56 - [TEST_STEP][PASSED] - println("todaysDate:" + todaysDate): null

28-03-2025T10:16:56 - [TEST_STEP][PASSED] - Script1742558545601.Autorization(block, nameOfBlock): null

28-03-2025T10:16:56 - [TEST_STEP][PASSED] - i = <not implemented yet for class: org.codehaus.groovy.ast.expr.EmptyExpression>: null

28-03-2025T10:16:56 - [TEST_STEP][PASSED] - ii = <not implemented yet for class: org.codehaus.groovy.ast.expr.EmptyExpression>: null

28-03-2025T10:16:56 - [TEST_STEP][PASSED] - urlData = <not implemented yet for class: org.codehaus.groovy.ast.expr.EmptyExpression>: null

28-03-2025T10:16:56 - [TEST_STEP][PASSED] - searchWord = <not implemented yet for class: org.codehaus.groovy.ast.expr.EmptyExpression>: null

28-03-2025T10:16:56 - [TEST_STEP][PASSED] - urlText = <not implemented yet for class: org.codehaus.groovy.ast.expr.EmptyExpression>: null

28-03-2025T10:16:56 - [TEST_STEP][PASSED] - println("block:" + block): null

28-03-2025T10:16:56 - [TEST_STEP][PASSED] - if (block == 1): null

28-03-2025T10:16:56 - [TEST_STEP][PASSED] - else: null

28-03-2025T10:16:56 - [TEST_STEP][PASSED] - delay(45): Delayed 45 second(s)

28-03-2025T10:17:41 - [MESSAGE][PASSED] - Delayed 45 second(s)

28-03-2025T10:17:41 - [TEST_STEP][PASSED] - nameOfBlock = " Выручка": null

28-03-2025T10:17:41 - [TEST_STEP][PASSED] - println("nameOfBlock:" + nameOfBlock): null

28-03-2025T10:17:41 - [TEST_STEP][PASSED] - if (block == 1): null

28-03-2025T10:17:41 - [TEST_STEP][PASSED] - else: Delayed 45 second(s)

28-03-2025T10:17:41 - [TEST_STEP][PASSED] - urlData = 9: null

28-03-2025T10:17:41 - [TEST_STEP][PASSED] - delay(45): Delayed 45 second(s)

28-03-2025T10:18:26 - [MESSAGE][PASSED] - Delayed 45 second(s)

28-03-2025T10:18:26 - [TEST_STEP][PASSED] - navigateToUrl(findTestData("PlanFact").getValue(10, urlData)): Navigate to 'https://bi.rosseti.digital/viewer?dashboardGuid=a1fd28b3785d443cbc4d7690a1d78e31&sheetGuid=86092a20c5984827a0c87b24cac76a50&fit=true' successfully

28-03-2025T10:18:31 - [MESSAGE][PASSED] - Navigate to 'https://bi.rosseti.digital/viewer?dashboardGuid=a1fd28b3785d443cbc4d7690a1d78e31&sheetGuid=86092a20c5984827a0c87b24cac76a50&fit=true' successfully

28-03-2025T10:18:31 - [TEST_STEP][PASSED] - urlText = getText(findTestObject("Страница авторизации/Text")): Text of object 'Object Repository/Страница авторизации/Text' is: 'Вход'

28-03-2025T10:18:32 - [MESSAGE][PASSED] - Text of object 'Object Repository/Страница авторизации/Text' is: 'Вход'

28-03-2025T10:18:32 - [TEST_STEP][PASSED] - searchWord = "Вход": null

28-03-2025T10:18:32 - [TEST_STEP][PASSED] - if (urlText == null || urlText.contains("ошибка") || urlText.contains(searchWord) == false): null

28-03-2025T10:18:32 - [TEST_STEP][PASSED] - if (verifyElementPresent(findTestObject("Страница авторизации/button_"), 30) == true): null

28-03-2025T10:18:32 - [MESSAGE][PASSED] - Object 'Object Repository/Страница авторизации/button_' is present

28-03-2025T10:18:32 - [TEST_STEP][PASSED] - setText(findTestObject("Страница авторизации/input__username"), findTestData("PlanFact").getValue(8, 1)): Text 'liazgina-di' is set on object 'Object Repository/Страница авторизации/input__username'

28-03-2025T10:18:33 - [MESSAGE][PASSED] - Text 'liazgina-di' is set on object 'Object Repository/Страница авторизации/input__username'

28-03-2025T10:18:33 - [TEST_STEP][PASSED] - setText(findTestObject("Страница авторизации/input__password"), findTestData("PlanFact").getValue(9, 1)): Text ')$%5srZ8o688Dm#q' is set on object 'Object Repository/Страница авторизации/input__password'

28-03-2025T10:18:34 - [MESSAGE][PASSED] - Text ')$%5srZ8o688Dm#q' is set on object 'Object Repository/Страница авторизации/input__password'

28-03-2025T10:18:34 - [TEST_STEP][PASSED] - click(findTestObject("Страница авторизации/button_")): Object: 'Object Repository/Страница авторизации/button_' is clicked on

28-03-2025T10:18:35 - [MESSAGE][PASSED] - Object: 'Object Repository/Страница авторизации/button_' is clicked on

28-03-2025T10:18:35 - [TEST_STEP][PASSED] - delay(45): Delayed 45 second(s)

28-03-2025T10:19:20 - [MESSAGE][PASSED] - Delayed 45 second(s)

28-03-2025T10:19:20 - [TEST_STEP][PASSED] - urlText = getText(findTestObject("Страница авторизации/Text")): Text of object 'Object Repository/Страница авторизации/Text' is: 'Период
Январь, Февраль 2025 года
Выручка
Все
Выполнение плановых показателей по ПАО Россети за Январь, Февраль 2025 года
План
Факт
Динамика
2025 год
0 млн.руб.
50 000 млн.руб.
100 000 млн.руб.
150 000 млн.руб.
200 000 млн.руб.
250 000 млн.руб.
300 000 млн.руб.
350 000 млн.руб.
400 000 млн.руб.
318 025
268 560
↓
ДЗО 
Все
Подписи данных
⬤Отклонение
АО "РЭС"
АО «Тываэнерго»
АО «Чеченэнерго»
Россети Волга
Россети Кубань
Россети Ленэнерго (ГК)
Россети Московский регион
Россети Северный Кавказ (ГК)
Россети Северо-Запад
Россети Сибирь (ГК)
Россети Томск
Россети Тюмень
Россети Урал (ГК)
Россети ФСК ЕЭС
Россети Центр
Россети Центр и Приволжье (ГК)
Россети Юг (ГК)
Россети Янтарь
-30 000 млн.руб.
-27 500 млн.руб.
-25 000 млн.руб.
-22 500 млн.руб.
-20 000 млн.руб.
-17 500 млн.руб.
-15 000 млн.руб.
-12 500 млн.руб.
-10 000 млн.руб.
-7 500 млн.руб.
-5 000 млн.руб.
-2 500 млн.руб.
0 млн.руб.
2 500 млн.руб.
-170
-229
-76
-270
552
-244
-1 353
-805
-232
-6 501
-47
-10 407
-701
-28 384
-520
-197
68
50
млн.
%
Выручка
Отклонение выручки по ПАО Россети за Январь, Февраль 2025 года (факт/план, млн. руб)
ПАО Россети
-49 464.8 млн.руб.
Статус данных
×
Просьба обратить внимание
Данные занесены не полностью
ВЫБРАННЫЕ ЗНАЧЕНИЯ ФИЛЬТРОВ
ДЗО | ПЕРИОД
ПАО Россети: [«Выбраны все филиалы по всем ДЗО по всем категориям»]
2025: [Янв, Фев]
*Внутренний оборот'

28-03-2025T10:19:21 - [MESSAGE][PASSED] - Text of object 'Object Repository/Страница авторизации/Text' is: 'Период
Январь, Февраль 2025 года
Выручка
Все
Выполнение плановых показателей по ПАО Россети за Январь, Февраль 2025 года
План
Факт
Динамика
2025 год
0 млн.руб.
50 000 млн.руб.
100 000 млн.руб.
150 000 млн.руб.
200 000 млн.руб.
250 000 млн.руб.
300 000 млн.руб.
350 000 млн.руб.
400 000 млн.руб.
318 025
268 560
↓
ДЗО 
Все
Подписи данных
⬤Отклонение
АО "РЭС"
АО «Тываэнерго»
АО «Чеченэнерго»
Россети Волга
Россети Кубань
Россети Ленэнерго (ГК)
Россети Московский регион
Россети Северный Кавказ (ГК)
Россети Северо-Запад
Россети Сибирь (ГК)
Россети Томск
Россети Тюмень
Россети Урал (ГК)
Россети ФСК ЕЭС
Россети Центр
Россети Центр и Приволжье (ГК)
Россети Юг (ГК)
Россети Янтарь
-30 000 млн.руб.
-27 500 млн.руб.
-25 000 млн.руб.
-22 500 млн.руб.
-20 000 млн.руб.
-17 500 млн.руб.
-15 000 млн.руб.
-12 500 млн.руб.
-10 000 млн.руб.
-7 500 млн.руб.
-5 000 млн.руб.
-2 500 млн.руб.
0 млн.руб.
2 500 млн.руб.
-170
-229
-76
-270
552
-244
-1 353
-805
-232
-6 501
-47
-10 407
-701
-28 384
-520
-197
68
50
млн.
%
Выручка
Отклонение выручки по ПАО Россети за Январь, Февраль 2025 года (факт/план, млн. руб)
ПАО Россети
-49 464.8 млн.руб.
Статус данных
×
Просьба обратить внимание
Данные занесены не полностью
ВЫБРАННЫЕ ЗНАЧЕНИЯ ФИЛЬТРОВ
ДЗО | ПЕРИОД
ПАО Россети: [«Выбраны все филиалы по всем ДЗО по всем категориям»]
2025: [Янв, Фев]
*Внутренний оборот'

28-03-2025T10:19:21 - [TEST_STEP][PASSED] - searchWord = "а": null

28-03-2025T10:19:21 - [TEST_STEP][PASSED] - if (urlText.contains("ошибка") || urlText.contains(searchWord) == false): null

28-03-2025T10:19:21 - [TEST_STEP][PASSED] - delay(45): Delayed 45 second(s)

28-03-2025T10:20:06 - [MESSAGE][PASSED] - Delayed 45 second(s)

28-03-2025T10:20:06 - [TEST_STEP][PASSED] - if (block == 2): Delayed 50 second(s)

28-03-2025T10:20:06 - [TEST_STEP][PASSED] - opoveshenie = getText(findTestObject("Выручка в рублях/Просьба обратить внимание")): Text of object 'Object Repository/Выручка в рублях/Просьба обратить внимание' is: 'Просьба обратить внимание'

28-03-2025T10:20:06 - [MESSAGE][PASSED] - Text of object 'Object Repository/Выручка в рублях/Просьба обратить внимание' is: 'Просьба обратить внимание'

28-03-2025T10:20:06 - [TEST_STEP][PASSED] - if (opoveshenie == "Просьба обратить внимание"): Delayed 50 second(s)

28-03-2025T10:20:06 - [TEST_STEP][PASSED] - click(findTestObject("Выручка в рублях/Закрыть оповещение")): Object: 'Object Repository/Выручка в рублях/Закрыть оповещение' is clicked on

28-03-2025T10:20:06 - [MESSAGE][PASSED] - Object: 'Object Repository/Выручка в рублях/Закрыть оповещение' is clicked on

28-03-2025T10:20:06 - [TEST_STEP][PASSED] - delay(50): Delayed 50 second(s)

28-03-2025T10:20:56 - [MESSAGE][PASSED] - Delayed 50 second(s)

28-03-2025T10:20:56 - [TEST_STEP][PASSED] - click(findTestObject("Выручка в рублях/Фильтр Период" + nameOfBlock)): Object: 'Object Repository/Выручка в рублях/Фильтр Период Выручка' is clicked on

28-03-2025T10:20:57 - [MESSAGE][PASSED] - Object: 'Object Repository/Выручка в рублях/Фильтр Период Выручка' is clicked on

28-03-2025T10:20:57 - [TEST_STEP][PASSED] - click(findTestObject("Выручка в рублях/Снять выделение в фильтре Дата" + nameOfBlock)): Object: 'Object Repository/Выручка в рублях/Снять выделение в фильтре Дата Выручка' is clicked on

28-03-2025T10:20:57 - [MESSAGE][PASSED] - Object: 'Object Repository/Выручка в рублях/Снять выделение в фильтре Дата Выручка' is clicked on

28-03-2025T10:20:57 - [TEST_STEP][PASSED] - click(findTestObject("Выручка в рублях/Применить в фильтре Дата" + nameOfBlock)): Object: 'Object Repository/Выручка в рублях/Применить в фильтре Дата Выручка' is clicked on

28-03-2025T10:20:58 - [MESSAGE][PASSED] - Object: 'Object Repository/Выручка в рублях/Применить в фильтре Дата Выручка' is clicked on

28-03-2025T10:20:58 - [TEST_STEP][PASSED] - delay(50): Delayed 50 second(s)

28-03-2025T10:21:48 - [MESSAGE][PASSED] - Delayed 50 second(s)

28-03-2025T10:21:48 - [TEST_STEP][PASSED] - click(findTestObject("Выручка в рублях/Фильтр Период" + nameOfBlock)): Object: 'Object Repository/Выручка в рублях/Фильтр Период Выручка' is clicked on

28-03-2025T10:21:48 - [MESSAGE][PASSED] - Object: 'Object Repository/Выручка в рублях/Фильтр Период Выручка' is clicked on

28-03-2025T10:21:48 - [TEST_STEP][PASSED] - click(findTestObject("Выручка в рублях/Снять выделение в фильтре Дата" + nameOfBlock)): Object: 'Object Repository/Выручка в рублях/Снять выделение в фильтре Дата Выручка' is clicked on

28-03-2025T10:21:49 - [MESSAGE][PASSED] - Object: 'Object Repository/Выручка в рублях/Снять выделение в фильтре Дата Выручка' is clicked on

28-03-2025T10:21:49 - [TEST_STEP][PASSED] - scrollToElement(findTestObject("Выручка в рублях/2025 список" + nameOfBlock), 30): Scroll to object 'Object Repository/Выручка в рублях/2025 список Выручка' successfully

28-03-2025T10:21:49 - [MESSAGE][PASSED] - Scroll to object 'Object Repository/Выручка в рублях/2025 список Выручка' successfully

28-03-2025T10:21:49 - [TEST_STEP][PASSED] - click(findTestObject("Выручка в рублях/2025 список" + nameOfBlock)): Object: 'Object Repository/Выручка в рублях/2025 список Выручка' is clicked on

28-03-2025T10:21:49 - [MESSAGE][PASSED] - Object: 'Object Repository/Выручка в рублях/2025 список Выручка' is clicked on

28-03-2025T10:21:49 - [TEST_STEP][PASSED] - scrollToElement(findTestObject("Выручка в рублях/1 квартал 2025 список Выручка"), 30): Scroll to object 'Object Repository/Выручка в рублях/1 квартал 2025 список Выручка' successfully

28-03-2025T10:21:50 - [MESSAGE][PASSED] - Scroll to object 'Object Repository/Выручка в рублях/1 квартал 2025 список Выручка' successfully

28-03-2025T10:21:50 - [TEST_STEP][PASSED] - click(findTestObject("Выручка в рублях/1 квартал 2025 список" + nameOfBlock)): Object: 'Object Repository/Выручка в рублях/1 квартал 2025 список Выручка' is clicked on

28-03-2025T10:21:50 - [MESSAGE][PASSED] - Object: 'Object Repository/Выручка в рублях/1 квартал 2025 список Выручка' is clicked on

28-03-2025T10:21:50 - [TEST_STEP][PASSED] - scrollToElement(findTestObject("Выручка в рублях/Январь 2025" + nameOfBlock), 30): Scroll to object 'Object Repository/Выручка в рублях/Январь 2025 Выручка' successfully

28-03-2025T10:21:50 - [MESSAGE][PASSED] - Scroll to object 'Object Repository/Выручка в рублях/Январь 2025 Выручка' successfully

28-03-2025T10:21:50 - [TEST_STEP][PASSED] - click(findTestObject("Выручка в рублях/Январь 2025" + nameOfBlock)): Object: 'Object Repository/Выручка в рублях/Январь 2025 Выручка' is clicked on

28-03-2025T10:21:51 - [MESSAGE][PASSED] - Object: 'Object Repository/Выручка в рублях/Январь 2025 Выручка' is clicked on

28-03-2025T10:21:51 - [TEST_STEP][PASSED] - scrollToElement(findTestObject("Выручка в рублях/Заголовок дашборда" + nameOfBlock), 30): Scroll to object 'Object Repository/Выручка в рублях/Заголовок дашборда Выручка' successfully

28-03-2025T10:21:51 - [MESSAGE][PASSED] - Scroll to object 'Object Repository/Выручка в рублях/Заголовок дашборда Выручка' successfully

28-03-2025T10:21:51 - [TEST_STEP][PASSED] - click(findTestObject("Выручка в рублях/Применить в фильтре Дата" + nameOfBlock)): Object: 'Object Repository/Выручка в рублях/Применить в фильтре Дата Выручка' is clicked on

28-03-2025T10:21:52 - [MESSAGE][PASSED] - Object: 'Object Repository/Выручка в рублях/Применить в фильтре Дата Выручка' is clicked on

28-03-2025T10:21:52 - [TEST_STEP][PASSED] - delay(55): Delayed 55 second(s)

28-03-2025T10:22:47 - [MESSAGE][PASSED] - Delayed 55 second(s)

28-03-2025T10:22:47 - [TEST_STEP][PASSED] - click(findTestObject("Выручка в рублях/Фильтр ДЗО" + nameOfBlock)): Object: 'Object Repository/Выручка в рублях/Фильтр ДЗО Выручка' is clicked on

28-03-2025T10:22:47 - [MESSAGE][PASSED] - Object: 'Object Repository/Выручка в рублях/Фильтр ДЗО Выручка' is clicked on

28-03-2025T10:22:47 - [TEST_STEP][PASSED] - click(findTestObject("Выручка в рублях/Снять выделение в фильтре ДЗО" + nameOfBlock)): Object: 'Object Repository/Выручка в рублях/Снять выделение в фильтре ДЗО Выручка' is clicked on

28-03-2025T10:22:48 - [MESSAGE][PASSED] - Object: 'Object Repository/Выручка в рублях/Снять выделение в фильтре ДЗО Выручка' is clicked on

28-03-2025T10:22:48 - [TEST_STEP][PASSED] - click(findTestObject("Выручка в рублях/Применить в фильтре ДЗО" + nameOfBlock)): Object: 'Object Repository/Выручка в рублях/Применить в фильтре ДЗО Выручка' is clicked on

28-03-2025T10:22:48 - [MESSAGE][PASSED] - Object: 'Object Repository/Выручка в рублях/Применить в фильтре ДЗО Выручка' is clicked on

28-03-2025T10:22:48 - [TEST_STEP][PASSED] - delay(50): Delayed 50 second(s)

28-03-2025T10:23:38 - [MESSAGE][PASSED] - Delayed 50 second(s)

28-03-2025T10:23:38 - [TEST_STEP][PASSED] - Script1742558545601.Tumbler(run, vir, block, nameOfBlock): null

28-03-2025T10:23:38 - [TEST_STEP][PASSED] - println("run:" + run): null

28-03-2025T10:23:38 - [TEST_STEP][PASSED] - println("vir:" + vir): null

28-03-2025T10:23:38 - [TEST_STEP][PASSED] - println("block:" + block): null

28-03-2025T10:23:38 - [TEST_STEP][PASSED] - println("nameOfBlock:" + nameOfBlock): null

28-03-2025T10:23:38 - [TEST_STEP][PASSED] - if (vir == 1): null

28-03-2025T10:23:38 - [TEST_STEP][PASSED] - if (run == 2): null

28-03-2025T10:23:38 - [TEST_STEP][PASSED] - click(findTestObject("Выручка в рублях/Фильтр ДЗО" + nameOfBlock)): Object: 'Object Repository/Выручка в рублях/Фильтр ДЗО Выручка' is clicked on

28-03-2025T10:23:39 - [MESSAGE][PASSED] - Object: 'Object Repository/Выручка в рублях/Фильтр ДЗО Выручка' is clicked on

28-03-2025T10:23:39 - [TEST_STEP][PASSED] - Script1742558545601.Rosseti(nameOfBlock): null

28-03-2025T10:23:39 - [TEST_STEP][PASSED] - println("nameOfBlock:" + nameOfBlock): null

28-03-2025T10:23:39 - [TEST_STEP][PASSED] - click(findTestObject("Выручка в рублях/ПАО Россети" + nameOfBlock)): Object: 'Object Repository/Выручка в рублях/ПАО Россети Выручка' is clicked on

28-03-2025T10:23:39 - [MESSAGE][PASSED] - Object: 'Object Repository/Выручка в рублях/ПАО Россети Выручка' is clicked on

28-03-2025T10:23:39 - [TEST_STEP][PASSED] - click(findTestObject("Выручка в рублях/Применить в фильтре ДЗО" + nameOfBlock)): Object: 'Object Repository/Выручка в рублях/Применить в фильтре ДЗО Выручка' is clicked on

28-03-2025T10:23:40 - [MESSAGE][PASSED] - Object: 'Object Repository/Выручка в рублях/Применить в фильтре ДЗО Выручка' is clicked on

28-03-2025T10:23:40 - [TEST_STEP][PASSED] - if (vir == 1 || vir == 2): Text of object 'Object Repository/Выручка в рублях/График План Выручка' is: '163 377'

28-03-2025T10:23:40 - [TEST_STEP][PASSED] - b1 = getText(findTestObject("Выручка в рублях/График План Выручка")): Text of object 'Object Repository/Выручка в рублях/График План Выручка' is: '163 377'

28-03-2025T10:23:43 - [MESSAGE][PASSED] - Text of object 'Object Repository/Выручка в рублях/График План Выручка' is: '163 377'

28-03-2025T10:23:43 - [TEST_STEP][PASSED] - if (vir == 1 || vir == 2): Text of object 'Object Repository/Выручка в рублях/График Факт Выручка' is: '157 865'

28-03-2025T10:23:43 - [TEST_STEP][PASSED] - b2 = getText(findTestObject("Выручка в рублях/График Факт Выручка")): Text of object 'Object Repository/Выручка в рублях/График Факт Выручка' is: '157 865'

28-03-2025T10:23:43 - [MESSAGE][PASSED] - Text of object 'Object Repository/Выручка в рублях/График Факт Выручка' is: '157 865'

28-03-2025T10:23:43 - [TEST_STEP][PASSED] - b30 = getText(findTestObject("Выручка в рублях/span1" + perc)): Text of object 'Object Repository/Выручка в рублях/span1' is: '-5 512.4 млн.руб.'

28-03-2025T10:23:43 - [MESSAGE][PASSED] - Text of object 'Object Repository/Выручка в рублях/span1' is: '-5 512.4 млн.руб.'

28-03-2025T10:23:43 - [TEST_STEP][PASSED] - i = b30.indexOf("млн.руб."): null

28-03-2025T10:23:43 - [TEST_STEP][PASSED] - if (i > -1): null

28-03-2025T10:23:43 - [TEST_STEP][PASSED] - b30 = b30.substring(0, i): null

28-03-2025T10:23:43 - [TEST_STEP][PASSED] - b30 = b30.replaceAll(" ", ""): null

28-03-2025T10:23:43 - [TEST_STEP][PASSED] - if (b30.contains("%")): null

28-03-2025T10:23:43 - [TEST_STEP][PASSED] - b30 = ").trim(): null

28-03-2025T10:23:43 - [TEST_STEP][PASSED] - println("b30: " + b30): null

28-03-2025T10:23:43 - [TEST_STEP][PASSED] - if (vir == 1): Text of object 'Object Repository/Выручка в рублях/span19' is: '-19'

28-03-2025T10:23:43 - [TEST_STEP][PASSED] - b31 = ").trim(): Text of object 'Object Repository/Выручка в рублях/span2' is: '-73'

28-03-2025T10:23:43 - [MESSAGE][PASSED] - Text of object 'Object Repository/Выручка в рублях/span2' is: '-73'

28-03-2025T10:23:43 - [TEST_STEP][PASSED] - b32 = ").trim(): Text of object 'Object Repository/Выручка в рублях/span3' is: '23'

28-03-2025T10:23:44 - [MESSAGE][PASSED] - Text of object 'Object Repository/Выручка в рублях/span3' is: '23'

28-03-2025T10:23:44 - [TEST_STEP][PASSED] - b33 = ").trim(): Text of object 'Object Repository/Выручка в рублях/span4' is: '-83'

28-03-2025T10:23:44 - [MESSAGE][PASSED] - Text of object 'Object Repository/Выручка в рублях/span4' is: '-83'

28-03-2025T10:23:44 - [TEST_STEP][PASSED] - b34 = ").trim(): Text of object 'Object Repository/Выручка в рублях/span5' is: '-295'

28-03-2025T10:23:44 - [MESSAGE][PASSED] - Text of object 'Object Repository/Выручка в рублях/span5' is: '-295'

28-03-2025T10:23:44 - [TEST_STEP][PASSED] - b35 = ").trim(): Text of object 'Object Repository/Выручка в рублях/span6' is: '-54'

28-03-2025T10:23:45 - [MESSAGE][PASSED] - Text of object 'Object Repository/Выручка в рублях/span6' is: '-54'

28-03-2025T10:23:45 - [TEST_STEP][PASSED] - b36 = ").trim(): Text of object 'Object Repository/Выручка в рублях/span7' is: '-403'

28-03-2025T10:23:45 - [MESSAGE][PASSED] - Text of object 'Object Repository/Выручка в рублях/span7' is: '-403'

28-03-2025T10:23:45 - [TEST_STEP][PASSED] - b37 = ").trim(): Text of object 'Object Repository/Выручка в рублях/span8' is: '-927'

28-03-2025T10:23:45 - [MESSAGE][PASSED] - Text of object 'Object Repository/Выручка в рублях/span8' is: '-927'

28-03-2025T10:23:45 - [TEST_STEP][PASSED] - b38 = ").trim(): Text of object 'Object Repository/Выручка в рублях/span9' is: '-606'

28-03-2025T10:23:45 - [MESSAGE][PASSED] - Text of object 'Object Repository/Выручка в рублях/span9' is: '-606'

28-03-2025T10:23:45 - [TEST_STEP][PASSED] - b39 = ").trim(): Text of object 'Object Repository/Выручка в рублях/span10' is: '-251'

28-03-2025T10:23:46 - [MESSAGE][PASSED] - Text of object 'Object Repository/Выручка в рублях/span10' is: '-251'

28-03-2025T10:23:46 - [TEST_STEP][PASSED] - b310 = ").trim(): Text of object 'Object Repository/Выручка в рублях/span11' is: '348'

28-03-2025T10:23:46 - [MESSAGE][PASSED] - Text of object 'Object Repository/Выручка в рублях/span11' is: '348'

28-03-2025T10:23:46 - [TEST_STEP][PASSED] - b311 = ").trim(): Text of object 'Object Repository/Выручка в рублях/span12' is: '-58'

28-03-2025T10:23:46 - [MESSAGE][PASSED] - Text of object 'Object Repository/Выручка в рублях/span12' is: '-58'

28-03-2025T10:23:46 - [TEST_STEP][PASSED] - b312 = ").trim(): Text of object 'Object Repository/Выручка в рублях/span13' is: '-1 104'

28-03-2025T10:23:47 - [MESSAGE][PASSED] - Text of object 'Object Repository/Выручка в рублях/span13' is: '-1 104'

28-03-2025T10:23:47 - [TEST_STEP][PASSED] - b313 = ").trim(): Text of object 'Object Repository/Выручка в рублях/span14' is: '-474'

28-03-2025T10:23:47 - [MESSAGE][PASSED] - Text of object 'Object Repository/Выручка в рублях/span14' is: '-474'

28-03-2025T10:23:47 - [TEST_STEP][PASSED] - b314 = ").trim(): Text of object 'Object Repository/Выручка в рублях/span15' is: '-59'

28-03-2025T10:23:47 - [MESSAGE][PASSED] - Text of object 'Object Repository/Выручка в рублях/span15' is: '-59'

28-03-2025T10:23:47 - [TEST_STEP][PASSED] - b315 = ").trim(): Text of object 'Object Repository/Выручка в рублях/span16' is: '-675'

28-03-2025T10:23:47 - [MESSAGE][PASSED] - Text of object 'Object Repository/Выручка в рублях/span16' is: '-675'

28-03-2025T10:23:47 - [TEST_STEP][PASSED] - b316 = ").trim(): Text of object 'Object Repository/Выручка в рублях/span17' is: '-613'

28-03-2025T10:23:48 - [MESSAGE][PASSED] - Text of object 'Object Repository/Выручка в рублях/span17' is: '-613'

28-03-2025T10:23:48 - [TEST_STEP][PASSED] - b317 = ").trim(): Text of object 'Object Repository/Выручка в рублях/span18' is: '-191'

28-03-2025T10:23:48 - [MESSAGE][PASSED] - Text of object 'Object Repository/Выручка в рублях/span18' is: '-191'

28-03-2025T10:23:48 - [TEST_STEP][PASSED] - b318 = ").trim(): Text of object 'Object Repository/Выручка в рублях/span19' is: '-19'

28-03-2025T10:23:48 - [MESSAGE][PASSED] - Text of object 'Object Repository/Выручка в рублях/span19' is: '-19'

28-03-2025T10:23:48 - [TEST_STEP][PASSED] - dZO = "ПАО Россети": null

28-03-2025T10:23:48 - [TEST_STEP][PASSED] - if (verifyEqual(a1, b1) == false): Actual object '163 377' and expected object '163 377' are equal

28-03-2025T10:23:48 - [MESSAGE][PASSED] - Actual object '163 377' and expected object '163 377' are equal

28-03-2025T10:23:48 - [TEST_STEP][PASSED] - if (verifyEqual(a2, b2) == false): Actual object '157 865' and expected object '157 865' are equal

28-03-2025T10:23:48 - [MESSAGE][PASSED] - Actual object '157 865' and expected object '157 865' are equal

28-03-2025T10:23:48 - [TEST_STEP][PASSED] - vidget = "Отклонения": null

28-03-2025T10:23:48 - [TEST_STEP][PASSED] - if (verifyEqual(a30, b30) == false): Actual object '-5512.4' and expected object '-5512.4' are equal

28-03-2025T10:23:48 - [MESSAGE][PASSED] - Actual object '-5512.4' and expected object '-5512.4' are equal

28-03-2025T10:23:48 - [TEST_STEP][PASSED] - dZO = "АО «РЭС»": null

28-03-2025T10:23:48 - [TEST_STEP][PASSED] - if (verifyEqual(a31, b31) == false): Actual object '-73' and expected object '-73' are equal

28-03-2025T10:23:48 - [MESSAGE][PASSED] - Actual object '-73' and expected object '-73' are equal

28-03-2025T10:23:48 - [TEST_STEP][PASSED] - dZO = "АО «Тываэнерго»": null

28-03-2025T10:23:48 - [TEST_STEP][PASSED] - if (verifyEqual(a32, b32) == false): Actual object '23' and expected object '23' are equal

28-03-2025T10:23:48 - [MESSAGE][PASSED] - Actual object '23' and expected object '23' are equal

28-03-2025T10:23:48 - [TEST_STEP][PASSED] - dZO = "АО «Чеченэнерго»": null

28-03-2025T10:23:48 - [TEST_STEP][PASSED] - if (verifyEqual(a33, b33) == false): Actual object '-83' and expected object '-83' are equal

28-03-2025T10:23:48 - [MESSAGE][PASSED] - Actual object '-83' and expected object '-83' are equal

28-03-2025T10:23:48 - [TEST_STEP][PASSED] - dZO = "Россети Волга": null

28-03-2025T10:23:48 - [TEST_STEP][PASSED] - if (verifyEqual(a34, b34) == false): Actual object '-295' and expected object '-295' are equal

28-03-2025T10:23:48 - [MESSAGE][PASSED] - Actual object '-295' and expected object '-295' are equal

28-03-2025T10:23:48 - [TEST_STEP][PASSED] - dZO = "Россети Кубань": null

28-03-2025T10:23:48 - [TEST_STEP][PASSED] - if (verifyEqual(a35, b35) == false): Actual object '-54' and expected object '-54' are equal

28-03-2025T10:23:48 - [MESSAGE][PASSED] - Actual object '-54' and expected object '-54' are equal

28-03-2025T10:23:48 - [TEST_STEP][PASSED] - dZO = "Россети Ленэнерго (ГК)": null

28-03-2025T10:23:48 - [TEST_STEP][PASSED] - if (verifyEqual(a36, b36) == false): Actual object '-403' and expected object '-403' are equal

28-03-2025T10:23:48 - [MESSAGE][PASSED] - Actual object '-403' and expected object '-403' are equal

28-03-2025T10:23:48 - [TEST_STEP][PASSED] - dZO = "Россети Московский регион": null

28-03-2025T10:23:48 - [TEST_STEP][PASSED] - if (verifyEqual(a37, b37) == false): Actual object '-927' and expected object '-927' are equal

28-03-2025T10:23:48 - [MESSAGE][PASSED] - Actual object '-927' and expected object '-927' are equal

28-03-2025T10:23:48 - [TEST_STEP][PASSED] - dZO = "Россети Северный Кавказ (ГК)": null

28-03-2025T10:23:48 - [TEST_STEP][PASSED] - if (verifyEqual(a38, b38) == false): Actual object '-606' and expected object '-606' are equal

28-03-2025T10:23:48 - [MESSAGE][PASSED] - Actual object '-606' and expected object '-606' are equal

28-03-2025T10:23:48 - [TEST_STEP][PASSED] - dZO = "Россети Северо-Запад": null

28-03-2025T10:23:48 - [TEST_STEP][PASSED] - if (verifyEqual(a39, b39) == false): Actual object '-251' and expected object '-251' are equal

28-03-2025T10:23:48 - [MESSAGE][PASSED] - Actual object '-251' and expected object '-251' are equal

28-03-2025T10:23:48 - [TEST_STEP][PASSED] - dZO = "Россети Сибирь (ГК)": null

28-03-2025T10:23:48 - [TEST_STEP][PASSED] - if (verifyEqual(a310, b310) == false): Actual object '348' and expected object '348' are equal

28-03-2025T10:23:48 - [MESSAGE][PASSED] - Actual object '348' and expected object '348' are equal

28-03-2025T10:23:48 - [TEST_STEP][PASSED] - dZO = "Россети Томск": null

28-03-2025T10:23:48 - [TEST_STEP][PASSED] - if (verifyEqual(a311, b311) == false): Actual object '-58' and expected object '-58' are equal

28-03-2025T10:23:48 - [MESSAGE][PASSED] - Actual object '-58' and expected object '-58' are equal

28-03-2025T10:23:48 - [TEST_STEP][PASSED] - dZO = "Россети Тюмень": null

28-03-2025T10:23:48 - [TEST_STEP][PASSED] - if (verifyEqual(a312, b312) == false): Actual object '-1 104' and expected object '-1 104' are equal

28-03-2025T10:23:48 - [MESSAGE][PASSED] - Actual object '-1 104' and expected object '-1 104' are equal

28-03-2025T10:23:48 - [TEST_STEP][PASSED] - dZO = "Россети Урал (ГК)": null

28-03-2025T10:23:48 - [TEST_STEP][PASSED] - if (verifyEqual(a313, b313) == false): Actual object '-474' and expected object '-474' are equal

28-03-2025T10:23:48 - [MESSAGE][PASSED] - Actual object '-474' and expected object '-474' are equal

28-03-2025T10:23:48 - [TEST_STEP][PASSED] - dZO = "Россети ФСК ЕЭС": null

28-03-2025T10:23:48 - [TEST_STEP][PASSED] - if (verifyEqual(a314, b314) == false): Actual object '-59' and expected object '-59' are equal

28-03-2025T10:23:48 - [MESSAGE][PASSED] - Actual object '-59' and expected object '-59' are equal

28-03-2025T10:23:48 - [TEST_STEP][PASSED] - dZO = "Россети Центр": null

28-03-2025T10:23:48 - [TEST_STEP][PASSED] - if (verifyEqual(a315, b315) == false): Actual object '-675' and expected object '-675' are equal

28-03-2025T10:23:48 - [MESSAGE][PASSED] - Actual object '-675' and expected object '-675' are equal

28-03-2025T10:23:48 - [TEST_STEP][PASSED] - dZO = "Россети Центр и Приволжье (ГК)": null

28-03-2025T10:23:48 - [TEST_STEP][PASSED] - if (verifyEqual(a316, b316) == false): Actual object '-613' and expected object '-613' are equal

28-03-2025T10:23:48 - [MESSAGE][PASSED] - Actual object '-613' and expected object '-613' are equal

28-03-2025T10:23:48 - [TEST_STEP][PASSED] - dZO = "Россети Юг (ГК)": null

28-03-2025T10:23:48 - [TEST_STEP][PASSED] - if (verifyEqual(a317, b317) == false): Actual object '-191' and expected object '-191' are equal

28-03-2025T10:23:48 - [MESSAGE][PASSED] - Actual object '-191' and expected object '-191' are equal

28-03-2025T10:23:48 - [TEST_STEP][PASSED] - dZO = "Россети Янтарь": null

28-03-2025T10:23:48 - [TEST_STEP][PASSED] - if (verifyEqual(a318, b318) == false): Actual object '-19' and expected object '-19' are equal

28-03-2025T10:23:48 - [MESSAGE][PASSED] - Actual object '-19' and expected object '-19' are equal

28-03-2025T10:23:48 - [TEST_STEP][PASSED] - closeBrowser(): null

28-03-2025T10:23:49 - [MESSAGE][PASSED] - Browser is closed

28-03-2025T10:23:49 - [TEST_STEP][PASSED] - Script1742558545601.Blocks(run, vir, block, nameOfBlock, typeOfData, viruchka, vidget, todaysDate, a, b, dZO, x, y): null

28-03-2025T10:23:49 - [TEST_STEP][PASSED] - i = <not implemented yet for class: org.codehaus.groovy.ast.expr.EmptyExpression>: null

28-03-2025T10:23:49 - [TEST_STEP][PASSED] - perc = "": null

28-03-2025T10:23:49 - [TEST_STEP][PASSED] - a1 = <not implemented yet for class: org.codehaus.groovy.ast.expr.EmptyExpression>: null

28-03-2025T10:23:49 - [TEST_STEP][PASSED] - a2 = <not implemented yet for class: org.codehaus.groovy.ast.expr.EmptyExpression>: null

28-03-2025T10:23:49 - [TEST_STEP][PASSED] - a30 = <not implemented yet for class: org.codehaus.groovy.ast.expr.EmptyExpression>: null

28-03-2025T10:23:49 - [TEST_STEP][PASSED] - a31 = <not implemented yet for class: org.codehaus.groovy.ast.expr.EmptyExpression>: null

28-03-2025T10:23:49 - [TEST_STEP][PASSED] - a32 = <not implemented yet for class: org.codehaus.groovy.ast.expr.EmptyExpression>: null

28-03-2025T10:23:49 - [TEST_STEP][PASSED] - a33 = <not implemented yet for class: org.codehaus.groovy.ast.expr.EmptyExpression>: null

28-03-2025T10:23:49 - [TEST_STEP][PASSED] - a34 = <not implemented yet for class: org.codehaus.groovy.ast.expr.EmptyExpression>: null

28-03-2025T10:23:49 - [TEST_STEP][PASSED] - a35 = <not implemented yet for class: org.codehaus.groovy.ast.expr.EmptyExpression>: null

28-03-2025T10:23:49 - [TEST_STEP][PASSED] - a36 = <not implemented yet for class: org.codehaus.groovy.ast.expr.EmptyExpression>: null

28-03-2025T10:23:49 - [TEST_STEP][PASSED] - a37 = <not implemented yet for class: org.codehaus.groovy.ast.expr.EmptyExpression>: null

28-03-2025T10:23:49 - [TEST_STEP][PASSED] - a38 = <not implemented yet for class: org.codehaus.groovy.ast.expr.EmptyExpression>: null

28-03-2025T10:23:49 - [TEST_STEP][PASSED] - a39 = <not implemented yet for class: org.codehaus.groovy.ast.expr.EmptyExpression>: null

28-03-2025T10:23:49 - [TEST_STEP][PASSED] - a310 = <not implemented yet for class: org.codehaus.groovy.ast.expr.EmptyExpression>: null

28-03-2025T10:23:49 - [TEST_STEP][PASSED] - a311 = <not implemented yet for class: org.codehaus.groovy.ast.expr.EmptyExpression>: null

28-03-2025T10:23:49 - [TEST_STEP][PASSED] - a312 = <not implemented yet for class: org.codehaus.groovy.ast.expr.EmptyExpression>: null

28-03-2025T10:23:49 - [TEST_STEP][PASSED] - a313 = <not implemented yet for class: org.codehaus.groovy.ast.expr.EmptyExpression>: null

28-03-2025T10:23:49 - [TEST_STEP][PASSED] - a314 = <not implemented yet for class: org.codehaus.groovy.ast.expr.EmptyExpression>: null

28-03-2025T10:23:49 - [TEST_STEP][PASSED] - a315 = <not implemented yet for class: org.codehaus.groovy.ast.expr.EmptyExpression>: null

28-03-2025T10:23:49 - [TEST_STEP][PASSED] - a316 = <not implemented yet for class: org.codehaus.groovy.ast.expr.EmptyExpression>: null

28-03-2025T10:23:49 - [TEST_STEP][PASSED] - a317 = <not implemented yet for class: org.codehaus.groovy.ast.expr.EmptyExpression>: null

28-03-2025T10:23:49 - [TEST_STEP][PASSED] - a318 = <not implemented yet for class: org.codehaus.groovy.ast.expr.EmptyExpression>: null

28-03-2025T10:23:49 - [TEST_STEP][PASSED] - b1 = <not implemented yet for class: org.codehaus.groovy.ast.expr.EmptyExpression>: null

28-03-2025T10:23:49 - [TEST_STEP][PASSED] - b2 = <not implemented yet for class: org.codehaus.groovy.ast.expr.EmptyExpression>: null

28-03-2025T10:23:49 - [TEST_STEP][PASSED] - b30 = <not implemented yet for class: org.codehaus.groovy.ast.expr.EmptyExpression>: null

28-03-2025T10:23:49 - [TEST_STEP][PASSED] - b31 = <not implemented yet for class: org.codehaus.groovy.ast.expr.EmptyExpression>: null

28-03-2025T10:23:49 - [TEST_STEP][PASSED] - b32 = <not implemented yet for class: org.codehaus.groovy.ast.expr.EmptyExpression>: null

28-03-2025T10:23:49 - [TEST_STEP][PASSED] - b33 = <not implemented yet for class: org.codehaus.groovy.ast.expr.EmptyExpression>: null

28-03-2025T10:23:49 - [TEST_STEP][PASSED] - b34 = <not implemented yet for class: org.codehaus.groovy.ast.expr.EmptyExpression>: null

28-03-2025T10:23:49 - [TEST_STEP][PASSED] - b35 = <not implemented yet for class: org.codehaus.groovy.ast.expr.EmptyExpression>: null

28-03-2025T10:23:49 - [TEST_STEP][PASSED] - b36 = <not implemented yet for class: org.codehaus.groovy.ast.expr.EmptyExpression>: null

28-03-2025T10:23:49 - [TEST_STEP][PASSED] - b37 = <not implemented yet for class: org.codehaus.groovy.ast.expr.EmptyExpression>: null

28-03-2025T10:23:49 - [TEST_STEP][PASSED] - b38 = <not implemented yet for class: org.codehaus.groovy.ast.expr.EmptyExpression>: null

28-03-2025T10:23:49 - [TEST_STEP][PASSED] - b39 = <not implemented yet for class: org.codehaus.groovy.ast.expr.EmptyExpression>: null

28-03-2025T10:23:49 - [TEST_STEP][PASSED] - b310 = <not implemented yet for class: org.codehaus.groovy.ast.expr.EmptyExpression>: null

28-03-2025T10:23:49 - [TEST_STEP][PASSED] - b311 = <not implemented yet for class: org.codehaus.groovy.ast.expr.EmptyExpression>: null

28-03-2025T10:23:49 - [TEST_STEP][PASSED] - b312 = <not implemented yet for class: org.codehaus.groovy.ast.expr.EmptyExpression>: null

28-03-2025T10:23:49 - [TEST_STEP][PASSED] - b313 = <not implemented yet for class: org.codehaus.groovy.ast.expr.EmptyExpression>: null

28-03-2025T10:23:49 - [TEST_STEP][PASSED] - b314 = <not implemented yet for class: org.codehaus.groovy.ast.expr.EmptyExpression>: null

28-03-2025T10:23:49 - [TEST_STEP][PASSED] - b315 = <not implemented yet for class: org.codehaus.groovy.ast.expr.EmptyExpression>: null

28-03-2025T10:23:49 - [TEST_STEP][PASSED] - b316 = <not implemented yet for class: org.codehaus.groovy.ast.expr.EmptyExpression>: null

28-03-2025T10:23:49 - [TEST_STEP][PASSED] - b317 = <not implemented yet for class: org.codehaus.groovy.ast.expr.EmptyExpression>: null

28-03-2025T10:23:49 - [TEST_STEP][PASSED] - b318 = <not implemented yet for class: org.codehaus.groovy.ast.expr.EmptyExpression>: null

28-03-2025T10:23:49 - [TEST_STEP][PASSED] - block = 1: null

28-03-2025T10:23:49 - [TEST_STEP][PASSED] - nameOfBlock = "": null

28-03-2025T10:23:49 - [TEST_STEP][PASSED] - Script1742558545601.PreSettings(run, vir, block, nameOfBlock, typeOfData, todaysDate): null

28-03-2025T10:23:49 - [TEST_STEP][PASSED] - openBrowser(""): Browser is opened with url: ''

28-03-2025T10:23:49 - [MESSAGE][INFO] - Starting 'Chrome' driver

28-03-2025T10:23:49 - [MESSAGE][INFO] - Action delay is set to 0 milliseconds

28-03-2025T10:23:50 - [MESSAGE][PASSED] - Browser is opened with url: ''

28-03-2025T10:23:50 - [TEST_STEP][PASSED] - refresh(): Refresh successfully

28-03-2025T10:23:50 - [MESSAGE][PASSED] - Refresh successfully

28-03-2025T10:23:50 - [TEST_STEP][PASSED] - delay(50): Delayed 50 second(s)

28-03-2025T10:24:40 - [MESSAGE][PASSED] - Delayed 50 second(s)

28-03-2025T10:24:40 - [TEST_STEP][PASSED] - println("run:" + run): null

28-03-2025T10:24:40 - [TEST_STEP][PASSED] - println("vir:" + vir): null

28-03-2025T10:24:40 - [TEST_STEP][PASSED] - println("block:" + block): null

28-03-2025T10:24:40 - [TEST_STEP][PASSED] - if (block == 1): null

28-03-2025T10:24:40 - [TEST_STEP][PASSED] - nameOfBlock = "": null

28-03-2025T10:24:40 - [TEST_STEP][PASSED] - println("nameOfBlock:" + nameOfBlock): null

28-03-2025T10:24:40 - [TEST_STEP][PASSED] - println("typeOfData:" + typeOfData): null

28-03-2025T10:24:40 - [TEST_STEP][PASSED] - println("todaysDate:" + todaysDate): null

28-03-2025T10:24:40 - [TEST_STEP][PASSED] - Script1742558545601.Autorization(block, nameOfBlock): null

28-03-2025T10:24:40 - [TEST_STEP][PASSED] - i = <not implemented yet for class: org.codehaus.groovy.ast.expr.EmptyExpression>: null

28-03-2025T10:24:40 - [TEST_STEP][PASSED] - ii = <not implemented yet for class: org.codehaus.groovy.ast.expr.EmptyExpression>: null

28-03-2025T10:24:40 - [TEST_STEP][PASSED] - urlData = <not implemented yet for class: org.codehaus.groovy.ast.expr.EmptyExpression>: null

28-03-2025T10:24:40 - [TEST_STEP][PASSED] - searchWord = <not implemented yet for class: org.codehaus.groovy.ast.expr.EmptyExpression>: null

28-03-2025T10:24:40 - [TEST_STEP][PASSED] - urlText = <not implemented yet for class: org.codehaus.groovy.ast.expr.EmptyExpression>: null

28-03-2025T10:24:40 - [TEST_STEP][PASSED] - println("block:" + block): null

28-03-2025T10:24:40 - [TEST_STEP][PASSED] - if (block == 1): null

28-03-2025T10:24:40 - [TEST_STEP][PASSED] - nameOfBlock = "": null

28-03-2025T10:24:40 - [TEST_STEP][PASSED] - println("nameOfBlock:" + nameOfBlock): null

28-03-2025T10:24:40 - [TEST_STEP][PASSED] - if (block == 1): Delayed 45 second(s)

28-03-2025T10:24:40 - [TEST_STEP][PASSED] - urlData = 2: null

28-03-2025T10:24:40 - [TEST_STEP][PASSED] - delay(45): Delayed 45 second(s)

28-03-2025T10:25:25 - [MESSAGE][PASSED] - Delayed 45 second(s)

28-03-2025T10:25:25 - [TEST_STEP][PASSED] - navigateToUrl(findTestData("PlanFact").getValue(10, urlData)): Navigate to 'https://bi.rosseti.digital/viewer?dashboardGuid=2301950b23be4ed89c1df75f2020051e&sheetGuid=b723206f698544fb87299f3095c00435&fit=true' successfully

28-03-2025T10:25:32 - [MESSAGE][PASSED] - Navigate to 'https://bi.rosseti.digital/viewer?dashboardGuid=2301950b23be4ed89c1df75f2020051e&sheetGuid=b723206f698544fb87299f3095c00435&fit=true' successfully

28-03-2025T10:25:32 - [TEST_STEP][PASSED] - urlText = getText(findTestObject("Страница авторизации/Text")): Text of object 'Object Repository/Страница авторизации/Text' is: 'Вход'

28-03-2025T10:25:33 - [MESSAGE][PASSED] - Text of object 'Object Repository/Страница авторизации/Text' is: 'Вход'

28-03-2025T10:25:33 - [TEST_STEP][PASSED] - searchWord = "Вход": null

28-03-2025T10:25:33 - [TEST_STEP][PASSED] - if (urlText == null || urlText.contains("ошибка") || urlText.contains(searchWord) == false): null

28-03-2025T10:25:33 - [TEST_STEP][PASSED] - if (verifyElementPresent(findTestObject("Страница авторизации/button_"), 30) == true): null

28-03-2025T10:25:33 - [MESSAGE][PASSED] - Object 'Object Repository/Страница авторизации/button_' is present

28-03-2025T10:25:33 - [TEST_STEP][PASSED] - setText(findTestObject("Страница авторизации/input__username"), findTestData("PlanFact").getValue(8, 1)): Text 'liazgina-di' is set on object 'Object Repository/Страница авторизации/input__username'

28-03-2025T10:25:33 - [MESSAGE][PASSED] - Text 'liazgina-di' is set on object 'Object Repository/Страница авторизации/input__username'

28-03-2025T10:25:33 - [TEST_STEP][PASSED] - setText(findTestObject("Страница авторизации/input__password"), findTestData("PlanFact").getValue(9, 1)): Text ')$%5srZ8o688Dm#q' is set on object 'Object Repository/Страница авторизации/input__password'

28-03-2025T10:25:34 - [MESSAGE][PASSED] - Text ')$%5srZ8o688Dm#q' is set on object 'Object Repository/Страница авторизации/input__password'

28-03-2025T10:25:34 - [TEST_STEP][PASSED] - click(findTestObject("Страница авторизации/button_")): Object: 'Object Repository/Страница авторизации/button_' is clicked on

28-03-2025T10:25:38 - [MESSAGE][PASSED] - Object: 'Object Repository/Страница авторизации/button_' is clicked on

28-03-2025T10:25:38 - [TEST_STEP][PASSED] - delay(45): Delayed 45 second(s)

28-03-2025T10:26:23 - [MESSAGE][PASSED] - Delayed 45 second(s)

28-03-2025T10:26:23 - [TEST_STEP][PASSED] - urlText = getText(findTestObject("Страница авторизации/Text")): Text of object 'Object Repository/Страница авторизации/Text' is: 'Период
Январь, Февраль 2025 года
Выручка
Все
Выполнение плановых показателей по ПАО Россети за Январь, Февраль 2025 года
План
Факт
Динамика
2025 год
0 млн.руб.
25 000 млн.руб.
50 000 млн.руб.
75 000 млн.руб.
100 000 млн.руб.
125 000 млн.руб.
150 000 млн.руб.
175 000 млн.руб.
200 000 млн.руб.
225 000 млн.руб.
250 000 млн.руб.
275 000 млн.руб.
300 000 млн.руб.
325 000 млн.руб.
350 000 млн.руб.
375 000 млн.руб.
318 025
268 560
↓
ДЗО 
ПАО Россети
Внутренний оборот - выручка за услуги по передаче электрической энергии, учтенная в выручке за электроэнергию для конечных потребителей, при выполнении ДЗО функций гарантирующего поставщика
Подписи данных
⬤Отклонение
АО "РЭС"
АО «Тываэнерго»
АО «Чеченэнерго»
Россети Волга
Россети Кубань
Россети Ленэнерго (ГК)
Россети Московский регион
Россети Северный Кавказ (ГК)
Россети Северо-Запад
Россети Сибирь (ГК)
Россети Томск
Россети Тюмень
Россети Урал (ГК)
Россети ФСК ЕЭС
Россети Центр
Россети Центр и Приволжье (ГК)
Россети Юг (ГК)
Россети Янтарь
-30 000млн.руб.
-25 000млн.руб.
-20 000млн.руб.
-15 000млн.руб.
-10 000млн.руб.
-5 000млн.руб.
0 млн.руб.
5 00…
-170
-229
-76
-270
552
-244
-1 353
-805
-232
-6 501
-47
-10 407
-701
-28 384
-520
-197
68
50
млн.
%
Выручка
Отклонение выручки по ПАО Россети за Январь, Февраль 2025 года (факт/план, млн. руб)
ПАО Россети
-49 464.8 млн.руб.
 '

28-03-2025T10:26:24 - [MESSAGE][PASSED] - Text of object 'Object Repository/Страница авторизации/Text' is: 'Период
Январь, Февраль 2025 года
Выручка
Все
Выполнение плановых показателей по ПАО Россети за Январь, Февраль 2025 года
План
Факт
Динамика
2025 год
0 млн.руб.
25 000 млн.руб.
50 000 млн.руб.
75 000 млн.руб.
100 000 млн.руб.
125 000 млн.руб.
150 000 млн.руб.
175 000 млн.руб.
200 000 млн.руб.
225 000 млн.руб.
250 000 млн.руб.
275 000 млн.руб.
300 000 млн.руб.
325 000 млн.руб.
350 000 млн.руб.
375 000 млн.руб.
318 025
268 560
↓
ДЗО 
ПАО Россети
Внутренний оборот - выручка за услуги по передаче электрической энергии, учтенная в выручке за электроэнергию для конечных потребителей, при выполнении ДЗО функций гарантирующего поставщика
Подписи данных
⬤Отклонение
АО "РЭС"
АО «Тываэнерго»
АО «Чеченэнерго»
Россети Волга
Россети Кубань
Россети Ленэнерго (ГК)
Россети Московский регион
Россети Северный Кавказ (ГК)
Россети Северо-Запад
Россети Сибирь (ГК)
Россети Томск
Россети Тюмень
Россети Урал (ГК)
Россети ФСК ЕЭС
Россети Центр
Россети Центр и Приволжье (ГК)
Россети Юг (ГК)
Россети Янтарь
-30 000млн.руб.
-25 000млн.руб.
-20 000млн.руб.
-15 000млн.руб.
-10 000млн.руб.
-5 000млн.руб.
0 млн.руб.
5 00…
-170
-229
-76
-270
552
-244
-1 353
-805
-232
-6 501
-47
-10 407
-701
-28 384
-520
-197
68
50
млн.
%
Выручка
Отклонение выручки по ПАО Россети за Январь, Февраль 2025 года (факт/план, млн. руб)
ПАО Россети
-49 464.8 млн.руб.
 '

28-03-2025T10:26:24 - [TEST_STEP][PASSED] - searchWord = "а": null

28-03-2025T10:26:24 - [TEST_STEP][PASSED] - if (urlText.contains("ошибка") || urlText.contains(searchWord) == false): null

28-03-2025T10:26:24 - [TEST_STEP][PASSED] - delay(45): Delayed 45 second(s)

28-03-2025T10:27:09 - [MESSAGE][PASSED] - Delayed 45 second(s)

28-03-2025T10:27:09 - [TEST_STEP][PASSED] - if (block == 2): null

28-03-2025T10:27:09 - [TEST_STEP][PASSED] - click(findTestObject("Выручка в рублях/Фильтр Период" + nameOfBlock)): Object: 'Object Repository/Выручка в рублях/Фильтр Период' is clicked on

28-03-2025T10:27:09 - [MESSAGE][PASSED] - Object: 'Object Repository/Выручка в рублях/Фильтр Период' is clicked on

28-03-2025T10:27:09 - [TEST_STEP][PASSED] - click(findTestObject("Выручка в рублях/Снять выделение в фильтре Дата" + nameOfBlock)): Object: 'Object Repository/Выручка в рублях/Снять выделение в фильтре Дата' is clicked on

28-03-2025T10:27:10 - [MESSAGE][PASSED] - Object: 'Object Repository/Выручка в рублях/Снять выделение в фильтре Дата' is clicked on

28-03-2025T10:27:10 - [TEST_STEP][PASSED] - click(findTestObject("Выручка в рублях/Применить в фильтре Дата" + nameOfBlock)): Object: 'Object Repository/Выручка в рублях/Применить в фильтре Дата' is clicked on

28-03-2025T10:27:10 - [MESSAGE][PASSED] - Object: 'Object Repository/Выручка в рублях/Применить в фильтре Дата' is clicked on

28-03-2025T10:27:10 - [TEST_STEP][PASSED] - delay(50): Delayed 50 second(s)

28-03-2025T10:28:00 - [MESSAGE][PASSED] - Delayed 50 second(s)

28-03-2025T10:28:00 - [TEST_STEP][PASSED] - click(findTestObject("Выручка в рублях/Фильтр Период" + nameOfBlock)): Object: 'Object Repository/Выручка в рублях/Фильтр Период' is clicked on

28-03-2025T10:28:00 - [MESSAGE][PASSED] - Object: 'Object Repository/Выручка в рублях/Фильтр Период' is clicked on

28-03-2025T10:28:00 - [TEST_STEP][PASSED] - click(findTestObject("Выручка в рублях/Снять выделение в фильтре Дата" + nameOfBlock)): Object: 'Object Repository/Выручка в рублях/Снять выделение в фильтре Дата' is clicked on

28-03-2025T10:28:01 - [MESSAGE][PASSED] - Object: 'Object Repository/Выручка в рублях/Снять выделение в фильтре Дата' is clicked on

28-03-2025T10:28:01 - [TEST_STEP][PASSED] - scrollToElement(findTestObject("Выручка в рублях/2025 список" + nameOfBlock), 30): Scroll to object 'Object Repository/Выручка в рублях/2025 список' successfully

28-03-2025T10:28:01 - [MESSAGE][PASSED] - Scroll to object 'Object Repository/Выручка в рублях/2025 список' successfully

28-03-2025T10:28:01 - [TEST_STEP][PASSED] - click(findTestObject("Выручка в рублях/2025 список" + nameOfBlock)): Object: 'Object Repository/Выручка в рублях/2025 список' is clicked on

28-03-2025T10:28:02 - [MESSAGE][PASSED] - Object: 'Object Repository/Выручка в рублях/2025 список' is clicked on

28-03-2025T10:28:02 - [TEST_STEP][PASSED] - scrollToElement(findTestObject("Выручка в рублях/1 квартал 2025 список Выручка"), 30): Scroll to object 'Object Repository/Выручка в рублях/1 квартал 2025 список Выручка' successfully

28-03-2025T10:28:02 - [MESSAGE][PASSED] - Scroll to object 'Object Repository/Выручка в рублях/1 квартал 2025 список Выручка' successfully

28-03-2025T10:28:02 - [TEST_STEP][PASSED] - click(findTestObject("Выручка в рублях/1 квартал 2025 список" + nameOfBlock)): Object: 'Object Repository/Выручка в рублях/1 квартал 2025 список' is clicked on

28-03-2025T10:28:02 - [MESSAGE][PASSED] - Object: 'Object Repository/Выручка в рублях/1 квартал 2025 список' is clicked on

28-03-2025T10:28:02 - [TEST_STEP][PASSED] - scrollToElement(findTestObject("Выручка в рублях/Январь 2025" + nameOfBlock), 30): Scroll to object 'Object Repository/Выручка в рублях/Январь 2025' successfully

28-03-2025T10:28:03 - [MESSAGE][PASSED] - Scroll to object 'Object Repository/Выручка в рублях/Январь 2025' successfully

28-03-2025T10:28:03 - [TEST_STEP][PASSED] - click(findTestObject("Выручка в рублях/Январь 2025" + nameOfBlock)): Object: 'Object Repository/Выручка в рублях/Январь 2025' is clicked on

28-03-2025T10:28:03 - [MESSAGE][PASSED] - Object: 'Object Repository/Выручка в рублях/Январь 2025' is clicked on

28-03-2025T10:28:03 - [TEST_STEP][PASSED] - scrollToElement(findTestObject("Выручка в рублях/Заголовок дашборда" + nameOfBlock), 30): Scroll to object 'Object Repository/Выручка в рублях/Заголовок дашборда' successfully

28-03-2025T10:28:03 - [MESSAGE][PASSED] - Scroll to object 'Object Repository/Выручка в рублях/Заголовок дашборда' successfully

28-03-2025T10:28:03 - [TEST_STEP][PASSED] - click(findTestObject("Выручка в рублях/Применить в фильтре Дата" + nameOfBlock)): Object: 'Object Repository/Выручка в рублях/Применить в фильтре Дата' is clicked on

28-03-2025T10:28:04 - [MESSAGE][PASSED] - Object: 'Object Repository/Выручка в рублях/Применить в фильтре Дата' is clicked on

28-03-2025T10:28:04 - [TEST_STEP][PASSED] - delay(55): Delayed 55 second(s)

28-03-2025T10:28:59 - [MESSAGE][PASSED] - Delayed 55 second(s)

28-03-2025T10:28:59 - [TEST_STEP][PASSED] - click(findTestObject("Выручка в рублях/Фильтр ДЗО" + nameOfBlock)): Object: 'Object Repository/Выручка в рублях/Фильтр ДЗО' is clicked on

28-03-2025T10:28:59 - [MESSAGE][PASSED] - Object: 'Object Repository/Выручка в рублях/Фильтр ДЗО' is clicked on

28-03-2025T10:28:59 - [TEST_STEP][PASSED] - click(findTestObject("Выручка в рублях/Снять выделение в фильтре ДЗО" + nameOfBlock)): Object: 'Object Repository/Выручка в рублях/Снять выделение в фильтре ДЗО' is clicked on

28-03-2025T10:29:00 - [MESSAGE][PASSED] - Object: 'Object Repository/Выручка в рублях/Снять выделение в фильтре ДЗО' is clicked on

28-03-2025T10:29:00 - [TEST_STEP][PASSED] - click(findTestObject("Выручка в рублях/Применить в фильтре ДЗО" + nameOfBlock)): Object: 'Object Repository/Выручка в рублях/Применить в фильтре ДЗО' is clicked on

28-03-2025T10:29:00 - [MESSAGE][PASSED] - Object: 'Object Repository/Выручка в рублях/Применить в фильтре ДЗО' is clicked on

28-03-2025T10:29:00 - [TEST_STEP][PASSED] - delay(50): Delayed 50 second(s)

28-03-2025T10:29:50 - [MESSAGE][PASSED] - Delayed 50 second(s)

28-03-2025T10:29:50 - [TEST_STEP][PASSED] - Script1742558545601.Tumbler(run, vir, block, nameOfBlock): null

28-03-2025T10:29:50 - [TEST_STEP][PASSED] - println("run:" + run): null

28-03-2025T10:29:50 - [TEST_STEP][PASSED] - println("vir:" + vir): null

28-03-2025T10:29:50 - [TEST_STEP][PASSED] - println("block:" + block): null

28-03-2025T10:29:50 - [TEST_STEP][PASSED] - println("nameOfBlock:" + nameOfBlock): null

28-03-2025T10:29:50 - [TEST_STEP][PASSED] - if (vir == 1): null

28-03-2025T10:29:50 - [TEST_STEP][PASSED] - else if (vir == 2): Object: 'Object Repository/Выручка в рублях/Применить в фильтре Выручка' is clicked on

28-03-2025T10:29:50 - [TEST_STEP][PASSED] - if (run == 2): null

28-03-2025T10:29:50 - [TEST_STEP][PASSED] - click(findTestObject("Выручка в рублях/Фильтр Выручка" + nameOfBlock)): Object: 'Object Repository/Выручка в рублях/Фильтр Выручка' is clicked on

28-03-2025T10:30:07 - [MESSAGE][PASSED] - Object: 'Object Repository/Выручка в рублях/Фильтр Выручка' is clicked on

28-03-2025T10:30:07 - [TEST_STEP][PASSED] - click(findTestObject("Выручка в рублях/Итого в фильтре Выручка" + nameOfBlock)): Object: 'Object Repository/Выручка в рублях/Итого в фильтре Выручка' is clicked on

28-03-2025T10:30:08 - [MESSAGE][PASSED] - Object: 'Object Repository/Выручка в рублях/Итого в фильтре Выручка' is clicked on

28-03-2025T10:30:08 - [TEST_STEP][PASSED] - click(findTestObject("Выручка в рублях/Применить в фильтре Выручка" + nameOfBlock)): Object: 'Object Repository/Выручка в рублях/Применить в фильтре Выручка' is clicked on

28-03-2025T10:30:08 - [MESSAGE][PASSED] - Object: 'Object Repository/Выручка в рублях/Применить в фильтре Выручка' is clicked on

28-03-2025T10:30:08 - [TEST_STEP][PASSED] - click(findTestObject("Выручка в рублях/Фильтр ДЗО" + nameOfBlock)): Object: 'Object Repository/Выручка в рублях/Фильтр ДЗО' is clicked on

28-03-2025T10:30:13 - [MESSAGE][PASSED] - Object: 'Object Repository/Выручка в рублях/Фильтр ДЗО' is clicked on

28-03-2025T10:30:13 - [TEST_STEP][PASSED] - Script1742558545601.Rosseti(nameOfBlock): null

28-03-2025T10:30:13 - [TEST_STEP][PASSED] - println("nameOfBlock:" + nameOfBlock): null

28-03-2025T10:30:13 - [TEST_STEP][PASSED] - click(findTestObject("Выручка в рублях/ПАО Россети" + nameOfBlock)): Object: 'Object Repository/Выручка в рублях/ПАО Россети' is clicked on

28-03-2025T10:30:14 - [MESSAGE][PASSED] - Object: 'Object Repository/Выручка в рублях/ПАО Россети' is clicked on

28-03-2025T10:30:14 - [TEST_STEP][PASSED] - click(findTestObject("Выручка в рублях/Применить в фильтре ДЗО" + nameOfBlock)): Object: 'Object Repository/Выручка в рублях/Применить в фильтре ДЗО' is clicked on

28-03-2025T10:30:15 - [MESSAGE][PASSED] - Object: 'Object Repository/Выручка в рублях/Применить в фильтре ДЗО' is clicked on

28-03-2025T10:30:15 - [TEST_STEP][PASSED] - if (run == 2): null

28-03-2025T10:30:15 - [TEST_STEP][PASSED] - if (vir == 1 || vir == 2): Text of object 'Object Repository/Выручка в рублях/График План' is: '160 406'

28-03-2025T10:30:15 - [TEST_STEP][PASSED] - a1 = getText(findTestObject("Выручка в рублях/График План")): Text of object 'Object Repository/Выручка в рублях/График План' is: '160 406'

28-03-2025T10:30:17 - [MESSAGE][PASSED] - Text of object 'Object Repository/Выручка в рублях/График План' is: '160 406'

28-03-2025T10:30:17 - [TEST_STEP][PASSED] - if (vir == 1 || vir == 2): Text of object 'Object Repository/Выручка в рублях/График Факт' is: '155 462'

28-03-2025T10:30:17 - [TEST_STEP][PASSED] - a2 = getText(findTestObject("Выручка в рублях/График Факт")): Text of object 'Object Repository/Выручка в рублях/График Факт' is: '155 462'

28-03-2025T10:30:17 - [MESSAGE][PASSED] - Text of object 'Object Repository/Выручка в рублях/График Факт' is: '155 462'

28-03-2025T10:30:17 - [TEST_STEP][PASSED] - a30 = getText(findTestObject("Выручка в рублях/span1" + perc)): Text of object 'Object Repository/Выручка в рублях/span1' is: '-4 943.3 млн.руб.'

28-03-2025T10:30:18 - [MESSAGE][PASSED] - Text of object 'Object Repository/Выручка в рублях/span1' is: '-4 943.3 млн.руб.'

28-03-2025T10:30:18 - [TEST_STEP][PASSED] - i = a30.indexOf("млн.руб."): null

28-03-2025T10:30:18 - [TEST_STEP][PASSED] - if (i > -1): null

28-03-2025T10:30:18 - [TEST_STEP][PASSED] - a30 = a30.substring(0, i): null

28-03-2025T10:30:18 - [TEST_STEP][PASSED] - a30 = a30.replaceAll(" ", ""): null

28-03-2025T10:30:18 - [TEST_STEP][PASSED] - if (a30.contains("%")): null

28-03-2025T10:30:18 - [TEST_STEP][PASSED] - a30 = ").trim(): null

28-03-2025T10:30:18 - [TEST_STEP][PASSED] - println("a30: " + a30): null

28-03-2025T10:30:18 - [TEST_STEP][PASSED] - if (vir == 1): null

28-03-2025T10:30:18 - [TEST_STEP][PASSED] - else if (vir == 2): Text of object 'Object Repository/Выручка в рублях/span18' is: '-19'

28-03-2025T10:30:18 - [TEST_STEP][PASSED] - a31 = ").trim(): Text of object 'Object Repository/Выручка в рублях/span2' is: '-73'

28-03-2025T10:30:18 - [MESSAGE][PASSED] - Text of object 'Object Repository/Выручка в рублях/span2' is: '-73'

28-03-2025T10:30:18 - [TEST_STEP][PASSED] - a32 = ").trim(): Text of object 'Object Repository/Выручка в рублях/span3' is: '-0'

28-03-2025T10:30:18 - [MESSAGE][PASSED] - Text of object 'Object Repository/Выручка в рублях/span3' is: '-0'

28-03-2025T10:30:18 - [TEST_STEP][PASSED] - a34 = ").trim(): Text of object 'Object Repository/Выручка в рублях/span4' is: '-295'

28-03-2025T10:30:18 - [MESSAGE][PASSED] - Text of object 'Object Repository/Выручка в рублях/span4' is: '-295'

28-03-2025T10:30:18 - [TEST_STEP][PASSED] - a35 = ").trim(): Text of object 'Object Repository/Выручка в рублях/span5' is: '-54'

28-03-2025T10:30:19 - [MESSAGE][PASSED] - Text of object 'Object Repository/Выручка в рублях/span5' is: '-54'

28-03-2025T10:30:19 - [TEST_STEP][PASSED] - a36 = ").trim(): Text of object 'Object Repository/Выручка в рублях/span6' is: '-403'

28-03-2025T10:30:19 - [MESSAGE][PASSED] - Text of object 'Object Repository/Выручка в рублях/span6' is: '-403'

28-03-2025T10:30:19 - [TEST_STEP][PASSED] - a37 = ").trim(): Text of object 'Object Repository/Выручка в рублях/span7' is: '-927'

28-03-2025T10:30:19 - [MESSAGE][PASSED] - Text of object 'Object Repository/Выручка в рублях/span7' is: '-927'

28-03-2025T10:30:19 - [TEST_STEP][PASSED] - a38 = ").trim(): Text of object 'Object Repository/Выручка в рублях/span8' is: '-96'

28-03-2025T10:30:20 - [MESSAGE][PASSED] - Text of object 'Object Repository/Выручка в рублях/span8' is: '-96'

28-03-2025T10:30:20 - [TEST_STEP][PASSED] - a39 = ").trim(): Text of object 'Object Repository/Выручка в рублях/span9' is: '-251'

28-03-2025T10:30:20 - [MESSAGE][PASSED] - Text of object 'Object Repository/Выручка в рублях/span9' is: '-251'

28-03-2025T10:30:20 - [TEST_STEP][PASSED] - a310 = ").trim(): Text of object 'Object Repository/Выручка в рублях/span10' is: '348'

28-03-2025T10:30:20 - [MESSAGE][PASSED] - Text of object 'Object Repository/Выручка в рублях/span10' is: '348'

28-03-2025T10:30:20 - [TEST_STEP][PASSED] - a311 = ").trim(): Text of object 'Object Repository/Выручка в рублях/span11' is: '-58'

28-03-2025T10:30:20 - [MESSAGE][PASSED] - Text of object 'Object Repository/Выручка в рублях/span11' is: '-58'

28-03-2025T10:30:20 - [TEST_STEP][PASSED] - a312 = ").trim(): Text of object 'Object Repository/Выручка в рублях/span12' is: '-1 104'

28-03-2025T10:30:21 - [MESSAGE][PASSED] - Text of object 'Object Repository/Выручка в рублях/span12' is: '-1 104'

28-03-2025T10:30:21 - [TEST_STEP][PASSED] - a313 = ").trim(): Text of object 'Object Repository/Выручка в рублях/span13' is: '-474'

28-03-2025T10:30:21 - [MESSAGE][PASSED] - Text of object 'Object Repository/Выручка в рублях/span13' is: '-474'

28-03-2025T10:30:21 - [TEST_STEP][PASSED] - a314 = ").trim(): Text of object 'Object Repository/Выручка в рублях/span14' is: '-59'

28-03-2025T10:30:21 - [MESSAGE][PASSED] - Text of object 'Object Repository/Выручка в рублях/span14' is: '-59'

28-03-2025T10:30:21 - [TEST_STEP][PASSED] - a315 = ").trim(): Text of object 'Object Repository/Выручка в рублях/span15' is: '-675'

28-03-2025T10:30:22 - [MESSAGE][PASSED] - Text of object 'Object Repository/Выручка в рублях/span15' is: '-675'

28-03-2025T10:30:22 - [TEST_STEP][PASSED] - a316 = ").trim(): Text of object 'Object Repository/Выручка в рублях/span16' is: '-613'

28-03-2025T10:30:22 - [MESSAGE][PASSED] - Text of object 'Object Repository/Выручка в рублях/span16' is: '-613'

28-03-2025T10:30:22 - [TEST_STEP][PASSED] - a317 = ").trim(): Text of object 'Object Repository/Выручка в рублях/span17' is: '-191'

28-03-2025T10:30:22 - [MESSAGE][PASSED] - Text of object 'Object Repository/Выручка в рублях/span17' is: '-191'

28-03-2025T10:30:22 - [TEST_STEP][PASSED] - a318 = ").trim(): Text of object 'Object Repository/Выручка в рублях/span18' is: '-19'

28-03-2025T10:30:22 - [MESSAGE][PASSED] - Text of object 'Object Repository/Выручка в рублях/span18' is: '-19'

28-03-2025T10:30:22 - [TEST_STEP][PASSED] - block = 2: null

28-03-2025T10:30:22 - [TEST_STEP][PASSED] - nameOfBlock = " Выручка": null

28-03-2025T10:30:22 - [TEST_STEP][PASSED] - Script1742558545601.PreSettings(run, vir, block, nameOfBlock, typeOfData, todaysDate): null

28-03-2025T10:30:22 - [TEST_STEP][PASSED] - openBrowser(""): Browser is opened with url: ''

28-03-2025T10:30:22 - [MESSAGE][WARNING] - A browser is already opened. Closing browser and opening a new one

28-03-2025T10:30:23 - [MESSAGE][INFO] - Starting 'Chrome' driver

28-03-2025T10:30:23 - [MESSAGE][INFO] - Action delay is set to 0 milliseconds

28-03-2025T10:30:24 - [MESSAGE][PASSED] - Browser is opened with url: ''

28-03-2025T10:30:24 - [TEST_STEP][PASSED] - refresh(): Refresh successfully

28-03-2025T10:30:24 - [MESSAGE][PASSED] - Refresh successfully

28-03-2025T10:30:24 - [TEST_STEP][PASSED] - delay(50): Delayed 50 second(s)

28-03-2025T10:31:14 - [MESSAGE][PASSED] - Delayed 50 second(s)

28-03-2025T10:31:14 - [TEST_STEP][PASSED] - println("run:" + run): null

28-03-2025T10:31:14 - [TEST_STEP][PASSED] - println("vir:" + vir): null

28-03-2025T10:31:14 - [TEST_STEP][PASSED] - println("block:" + block): null

28-03-2025T10:31:14 - [TEST_STEP][PASSED] - if (block == 1): null

28-03-2025T10:31:14 - [TEST_STEP][PASSED] - else: null

28-03-2025T10:31:14 - [TEST_STEP][PASSED] - nameOfBlock = " Выручка": null

28-03-2025T10:31:14 - [TEST_STEP][PASSED] - println("nameOfBlock:" + nameOfBlock): null

28-03-2025T10:31:14 - [TEST_STEP][PASSED] - println("typeOfData:" + typeOfData): null

28-03-2025T10:31:14 - [TEST_STEP][PASSED] - println("todaysDate:" + todaysDate): null

28-03-2025T10:31:14 - [TEST_STEP][PASSED] - Script1742558545601.Autorization(block, nameOfBlock): null

28-03-2025T10:31:14 - [TEST_STEP][PASSED] - i = <not implemented yet for class: org.codehaus.groovy.ast.expr.EmptyExpression>: null

28-03-2025T10:31:14 - [TEST_STEP][PASSED] - ii = <not implemented yet for class: org.codehaus.groovy.ast.expr.EmptyExpression>: null

28-03-2025T10:31:14 - [TEST_STEP][PASSED] - urlData = <not implemented yet for class: org.codehaus.groovy.ast.expr.EmptyExpression>: null

28-03-2025T10:31:14 - [TEST_STEP][PASSED] - searchWord = <not implemented yet for class: org.codehaus.groovy.ast.expr.EmptyExpression>: null

28-03-2025T10:31:14 - [TEST_STEP][PASSED] - urlText = <not implemented yet for class: org.codehaus.groovy.ast.expr.EmptyExpression>: null

28-03-2025T10:31:14 - [TEST_STEP][PASSED] - println("block:" + block): null

28-03-2025T10:31:14 - [TEST_STEP][PASSED] - if (block == 1): null

28-03-2025T10:31:14 - [TEST_STEP][PASSED] - else: null

28-03-2025T10:31:14 - [TEST_STEP][PASSED] - delay(45): Delayed 45 second(s)

28-03-2025T10:31:59 - [MESSAGE][PASSED] - Delayed 45 second(s)

28-03-2025T10:31:59 - [TEST_STEP][PASSED] - nameOfBlock = " Выручка": null

28-03-2025T10:31:59 - [TEST_STEP][PASSED] - println("nameOfBlock:" + nameOfBlock): null

28-03-2025T10:31:59 - [TEST_STEP][PASSED] - if (block == 1): null

28-03-2025T10:31:59 - [TEST_STEP][PASSED] - else: Delayed 45 second(s)

28-03-2025T10:31:59 - [TEST_STEP][PASSED] - urlData = 9: null

28-03-2025T10:31:59 - [TEST_STEP][PASSED] - delay(45): Delayed 45 second(s)

28-03-2025T10:32:44 - [MESSAGE][PASSED] - Delayed 45 second(s)

28-03-2025T10:32:44 - [TEST_STEP][PASSED] - navigateToUrl(findTestData("PlanFact").getValue(10, urlData)): Navigate to 'https://bi.rosseti.digital/viewer?dashboardGuid=a1fd28b3785d443cbc4d7690a1d78e31&sheetGuid=86092a20c5984827a0c87b24cac76a50&fit=true' successfully

28-03-2025T10:33:46 - [MESSAGE][PASSED] - Navigate to 'https://bi.rosseti.digital/viewer?dashboardGuid=a1fd28b3785d443cbc4d7690a1d78e31&sheetGuid=86092a20c5984827a0c87b24cac76a50&fit=true' successfully

28-03-2025T10:33:46 - [TEST_STEP][PASSED] - urlText = getText(findTestObject("Страница авторизации/Text")): Text of object 'Object Repository/Страница авторизации/Text' is: 'Вход'

28-03-2025T10:33:47 - [MESSAGE][PASSED] - Text of object 'Object Repository/Страница авторизации/Text' is: 'Вход'

28-03-2025T10:33:47 - [TEST_STEP][PASSED] - searchWord = "Вход": null

28-03-2025T10:33:47 - [TEST_STEP][PASSED] - if (urlText == null || urlText.contains("ошибка") || urlText.contains(searchWord) == false): null

28-03-2025T10:33:47 - [TEST_STEP][PASSED] - if (verifyElementPresent(findTestObject("Страница авторизации/button_"), 30) == true): null

28-03-2025T10:33:47 - [MESSAGE][PASSED] - Object 'Object Repository/Страница авторизации/button_' is present

28-03-2025T10:33:47 - [TEST_STEP][PASSED] - setText(findTestObject("Страница авторизации/input__username"), findTestData("PlanFact").getValue(8, 1)): Text 'liazgina-di' is set on object 'Object Repository/Страница авторизации/input__username'

28-03-2025T10:33:47 - [MESSAGE][PASSED] - Text 'liazgina-di' is set on object 'Object Repository/Страница авторизации/input__username'

28-03-2025T10:33:47 - [TEST_STEP][PASSED] - setText(findTestObject("Страница авторизации/input__password"), findTestData("PlanFact").getValue(9, 1)): Text ')$%5srZ8o688Dm#q' is set on object 'Object Repository/Страница авторизации/input__password'

28-03-2025T10:33:48 - [MESSAGE][PASSED] - Text ')$%5srZ8o688Dm#q' is set on object 'Object Repository/Страница авторизации/input__password'

28-03-2025T10:33:48 - [TEST_STEP][PASSED] - click(findTestObject("Страница авторизации/button_")): Object: 'Object Repository/Страница авторизации/button_' is clicked on

28-03-2025T10:34:05 - [MESSAGE][PASSED] - Object: 'Object Repository/Страница авторизации/button_' is clicked on

28-03-2025T10:34:05 - [TEST_STEP][PASSED] - delay(45): Delayed 45 second(s)

28-03-2025T10:34:50 - [MESSAGE][PASSED] - Delayed 45 second(s)

28-03-2025T10:34:50 - [TEST_STEP][PASSED] - urlText = getText(findTestObject("Страница авторизации/Text")): Text of object 'Object Repository/Страница авторизации/Text' is: 'Период
Выбрано: 2
Выручка
Все
Выполнение плановых показателей, млн.руб.
План
Факт
Динамика
2025 год
0 млн.руб.
50 000 млн.руб.
100 000 млн.руб.
150 000 млн.руб.
200 000 млн.руб.
250 000 млн.руб.
300 000 млн.руб.
350 000 млн.руб.
400 000 млн.руб.
318 025
268 560
↓
ДЗО 
Все
Подписи данных
⬤Отклонение
АО "РЭС"
АО «Тываэнерго»
АО «Чеченэнерго»
Россети Волга
Россети Кубань
Россети Ленэнерго (ГК)
Россети Московский регион
Россети Северный Кавказ (ГК)
Россети Северо-Запад
Россети Сибирь (ГК)
Россети Томск
Россети Тюмень
Россети Урал (ГК)
Россети ФСК ЕЭС
Россети Центр
Россети Центр и Приволжье (ГК)
Россети Юг (ГК)
Россети Янтарь
-30 000 млн.руб.
-27 500 млн.руб.
-25 000 млн.руб.
-22 500 млн.руб.
-20 000 млн.руб.
-17 500 млн.руб.
-15 000 млн.руб.
-12 500 млн.руб.
-10 000 млн.руб.
-7 500 млн.руб.
-5 000 млн.руб.
-2 500 млн.руб.
0 млн.руб.
2 500 млн.руб.
-170
-229
-76
-270
552
-244
-1 353
-805
-232
-6 501
-47
-10 407
-701
-28 384
-520
-197
68
50
млн.
%
Выручка
Отклонение выручки (факт/план, млн. руб) 
ПАО Россети
-49 464.8 млн.руб.
Статус данных
×
Просьба обратить внимание
Данные занесены не полностью
ВЫБРАННЫЕ ЗНАЧЕНИЯ ФИЛЬТРОВ
ДЗО | ПЕРИОД
ПАО Россети: [«Выбраны все филиалы по всем ДЗО по всем категориям»]
2025: [Янв, Фев]
*Внутренний оборот'

28-03-2025T10:34:50 - [MESSAGE][PASSED] - Text of object 'Object Repository/Страница авторизации/Text' is: 'Период
Выбрано: 2
Выручка
Все
Выполнение плановых показателей, млн.руб.
План
Факт
Динамика
2025 год
0 млн.руб.
50 000 млн.руб.
100 000 млн.руб.
150 000 млн.руб.
200 000 млн.руб.
250 000 млн.руб.
300 000 млн.руб.
350 000 млн.руб.
400 000 млн.руб.
318 025
268 560
↓
ДЗО 
Все
Подписи данных
⬤Отклонение
АО "РЭС"
АО «Тываэнерго»
АО «Чеченэнерго»
Россети Волга
Россети Кубань
Россети Ленэнерго (ГК)
Россети Московский регион
Россети Северный Кавказ (ГК)
Россети Северо-Запад
Россети Сибирь (ГК)
Россети Томск
Россети Тюмень
Россети Урал (ГК)
Россети ФСК ЕЭС
Россети Центр
Россети Центр и Приволжье (ГК)
Россети Юг (ГК)
Россети Янтарь
-30 000 млн.руб.
-27 500 млн.руб.
-25 000 млн.руб.
-22 500 млн.руб.
-20 000 млн.руб.
-17 500 млн.руб.
-15 000 млн.руб.
-12 500 млн.руб.
-10 000 млн.руб.
-7 500 млн.руб.
-5 000 млн.руб.
-2 500 млн.руб.
0 млн.руб.
2 500 млн.руб.
-170
-229
-76
-270
552
-244
-1 353
-805
-232
-6 501
-47
-10 407
-701
-28 384
-520
-197
68
50
млн.
%
Выручка
Отклонение выручки (факт/план, млн. руб) 
ПАО Россети
-49 464.8 млн.руб.
Статус данных
×
Просьба обратить внимание
Данные занесены не полностью
ВЫБРАННЫЕ ЗНАЧЕНИЯ ФИЛЬТРОВ
ДЗО | ПЕРИОД
ПАО Россети: [«Выбраны все филиалы по всем ДЗО по всем категориям»]
2025: [Янв, Фев]
*Внутренний оборот'

28-03-2025T10:34:50 - [TEST_STEP][PASSED] - searchWord = "а": null

28-03-2025T10:34:50 - [TEST_STEP][PASSED] - if (urlText.contains("ошибка") || urlText.contains(searchWord) == false): null

28-03-2025T10:34:50 - [TEST_STEP][PASSED] - delay(45): Delayed 45 second(s)

28-03-2025T10:35:35 - [MESSAGE][PASSED] - Delayed 45 second(s)

28-03-2025T10:35:35 - [TEST_STEP][PASSED] - if (block == 2): Delayed 50 second(s)

28-03-2025T10:35:35 - [TEST_STEP][PASSED] - opoveshenie = getText(findTestObject("Выручка в рублях/Просьба обратить внимание")): Text of object 'Object Repository/Выручка в рублях/Просьба обратить внимание' is: 'Просьба обратить внимание'

28-03-2025T10:35:36 - [MESSAGE][PASSED] - Text of object 'Object Repository/Выручка в рублях/Просьба обратить внимание' is: 'Просьба обратить внимание'

28-03-2025T10:35:36 - [TEST_STEP][PASSED] - if (opoveshenie == "Просьба обратить внимание"): Delayed 50 second(s)

28-03-2025T10:35:36 - [TEST_STEP][PASSED] - click(findTestObject("Выручка в рублях/Закрыть оповещение")): Object: 'Object Repository/Выручка в рублях/Закрыть оповещение' is clicked on

28-03-2025T10:35:36 - [MESSAGE][PASSED] - Object: 'Object Repository/Выручка в рублях/Закрыть оповещение' is clicked on

28-03-2025T10:35:36 - [TEST_STEP][PASSED] - delay(50): Delayed 50 second(s)

28-03-2025T10:36:26 - [MESSAGE][PASSED] - Delayed 50 second(s)

28-03-2025T10:36:26 - [TEST_STEP][PASSED] - click(findTestObject("Выручка в рублях/Фильтр Период" + nameOfBlock)): Object: 'Object Repository/Выручка в рублях/Фильтр Период Выручка' is clicked on

28-03-2025T10:36:26 - [MESSAGE][PASSED] - Object: 'Object Repository/Выручка в рублях/Фильтр Период Выручка' is clicked on

28-03-2025T10:36:26 - [TEST_STEP][PASSED] - click(findTestObject("Выручка в рублях/Снять выделение в фильтре Дата" + nameOfBlock)): Object: 'Object Repository/Выручка в рублях/Снять выделение в фильтре Дата Выручка' is clicked on

28-03-2025T10:36:27 - [MESSAGE][PASSED] - Object: 'Object Repository/Выручка в рублях/Снять выделение в фильтре Дата Выручка' is clicked on

28-03-2025T10:36:27 - [TEST_STEP][PASSED] - click(findTestObject("Выручка в рублях/Применить в фильтре Дата" + nameOfBlock)): Object: 'Object Repository/Выручка в рублях/Применить в фильтре Дата Выручка' is clicked on

28-03-2025T10:36:28 - [MESSAGE][PASSED] - Object: 'Object Repository/Выручка в рублях/Применить в фильтре Дата Выручка' is clicked on

28-03-2025T10:36:28 - [TEST_STEP][PASSED] - delay(50): Delayed 50 second(s)

28-03-2025T10:37:18 - [MESSAGE][PASSED] - Delayed 50 second(s)

28-03-2025T10:37:18 - [TEST_STEP][PASSED] - click(findTestObject("Выручка в рублях/Фильтр Период" + nameOfBlock)): Object: 'Object Repository/Выручка в рублях/Фильтр Период Выручка' is clicked on

28-03-2025T10:37:18 - [MESSAGE][PASSED] - Object: 'Object Repository/Выручка в рублях/Фильтр Период Выручка' is clicked on

28-03-2025T10:37:18 - [TEST_STEP][PASSED] - click(findTestObject("Выручка в рублях/Снять выделение в фильтре Дата" + nameOfBlock)): Object: 'Object Repository/Выручка в рублях/Снять выделение в фильтре Дата Выручка' is clicked on

28-03-2025T10:37:18 - [MESSAGE][PASSED] - Object: 'Object Repository/Выручка в рублях/Снять выделение в фильтре Дата Выручка' is clicked on

28-03-2025T10:37:18 - [TEST_STEP][PASSED] - scrollToElement(findTestObject("Выручка в рублях/2025 список" + nameOfBlock), 30): Scroll to object 'Object Repository/Выручка в рублях/2025 список Выручка' successfully

28-03-2025T10:37:19 - [MESSAGE][PASSED] - Scroll to object 'Object Repository/Выручка в рублях/2025 список Выручка' successfully

28-03-2025T10:37:19 - [TEST_STEP][PASSED] - click(findTestObject("Выручка в рублях/2025 список" + nameOfBlock)): Object: 'Object Repository/Выручка в рублях/2025 список Выручка' is clicked on

28-03-2025T10:37:19 - [MESSAGE][PASSED] - Object: 'Object Repository/Выручка в рублях/2025 список Выручка' is clicked on

28-03-2025T10:37:19 - [TEST_STEP][PASSED] - scrollToElement(findTestObject("Выручка в рублях/1 квартал 2025 список Выручка"), 30): Scroll to object 'Object Repository/Выручка в рублях/1 квартал 2025 список Выручка' successfully

28-03-2025T10:37:20 - [MESSAGE][PASSED] - Scroll to object 'Object Repository/Выручка в рублях/1 квартал 2025 список Выручка' successfully

28-03-2025T10:37:20 - [TEST_STEP][PASSED] - click(findTestObject("Выручка в рублях/1 квартал 2025 список" + nameOfBlock)): Object: 'Object Repository/Выручка в рублях/1 квартал 2025 список Выручка' is clicked on

28-03-2025T10:37:20 - [MESSAGE][PASSED] - Object: 'Object Repository/Выручка в рублях/1 квартал 2025 список Выручка' is clicked on

28-03-2025T10:37:20 - [TEST_STEP][PASSED] - scrollToElement(findTestObject("Выручка в рублях/Январь 2025" + nameOfBlock), 30): Scroll to object 'Object Repository/Выручка в рублях/Январь 2025 Выручка' successfully

28-03-2025T10:37:20 - [MESSAGE][PASSED] - Scroll to object 'Object Repository/Выручка в рублях/Январь 2025 Выручка' successfully

28-03-2025T10:37:20 - [TEST_STEP][PASSED] - click(findTestObject("Выручка в рублях/Январь 2025" + nameOfBlock)): Object: 'Object Repository/Выручка в рублях/Январь 2025 Выручка' is clicked on

28-03-2025T10:37:20 - [MESSAGE][PASSED] - Object: 'Object Repository/Выручка в рублях/Январь 2025 Выручка' is clicked on

28-03-2025T10:37:20 - [TEST_STEP][PASSED] - scrollToElement(findTestObject("Выручка в рублях/Заголовок дашборда" + nameOfBlock), 30): Scroll to object 'Object Repository/Выручка в рублях/Заголовок дашборда Выручка' successfully

28-03-2025T10:37:21 - [MESSAGE][PASSED] - Scroll to object 'Object Repository/Выручка в рублях/Заголовок дашборда Выручка' successfully

28-03-2025T10:37:21 - [TEST_STEP][PASSED] - click(findTestObject("Выручка в рублях/Применить в фильтре Дата" + nameOfBlock)): Object: 'Object Repository/Выручка в рублях/Применить в фильтре Дата Выручка' is clicked on

28-03-2025T10:37:22 - [MESSAGE][PASSED] - Object: 'Object Repository/Выручка в рублях/Применить в фильтре Дата Выручка' is clicked on

28-03-2025T10:37:22 - [TEST_STEP][PASSED] - delay(55): Delayed 55 second(s)

28-03-2025T10:38:17 - [MESSAGE][PASSED] - Delayed 55 second(s)

28-03-2025T10:38:17 - [TEST_STEP][PASSED] - click(findTestObject("Выручка в рублях/Фильтр ДЗО" + nameOfBlock)): Object: 'Object Repository/Выручка в рублях/Фильтр ДЗО Выручка' is clicked on

28-03-2025T10:38:17 - [MESSAGE][PASSED] - Object: 'Object Repository/Выручка в рублях/Фильтр ДЗО Выручка' is clicked on

28-03-2025T10:38:17 - [TEST_STEP][PASSED] - click(findTestObject("Выручка в рублях/Снять выделение в фильтре ДЗО" + nameOfBlock)): Object: 'Object Repository/Выручка в рублях/Снять выделение в фильтре ДЗО Выручка' is clicked on

28-03-2025T10:38:17 - [MESSAGE][PASSED] - Object: 'Object Repository/Выручка в рублях/Снять выделение в фильтре ДЗО Выручка' is clicked on

28-03-2025T10:38:17 - [TEST_STEP][PASSED] - click(findTestObject("Выручка в рублях/Применить в фильтре ДЗО" + nameOfBlock)): Object: 'Object Repository/Выручка в рублях/Применить в фильтре ДЗО Выручка' is clicked on

28-03-2025T10:38:18 - [MESSAGE][PASSED] - Object: 'Object Repository/Выручка в рублях/Применить в фильтре ДЗО Выручка' is clicked on

28-03-2025T10:38:18 - [TEST_STEP][PASSED] - delay(50): Delayed 50 second(s)

28-03-2025T10:39:08 - [MESSAGE][PASSED] - Delayed 50 second(s)

28-03-2025T10:39:08 - [TEST_STEP][PASSED] - Script1742558545601.Tumbler(run, vir, block, nameOfBlock): null

28-03-2025T10:39:08 - [TEST_STEP][PASSED] - println("run:" + run): null

28-03-2025T10:39:08 - [TEST_STEP][PASSED] - println("vir:" + vir): null

28-03-2025T10:39:08 - [TEST_STEP][PASSED] - println("block:" + block): null

28-03-2025T10:39:08 - [TEST_STEP][PASSED] - println("nameOfBlock:" + nameOfBlock): null

28-03-2025T10:39:08 - [TEST_STEP][PASSED] - if (vir == 1): null

28-03-2025T10:39:08 - [TEST_STEP][PASSED] - else if (vir == 2): Object: 'Object Repository/Выручка в рублях/Применить в фильтре Выручка Выручка' is clicked on

28-03-2025T10:39:08 - [TEST_STEP][PASSED] - if (run == 2): null

28-03-2025T10:39:08 - [TEST_STEP][PASSED] - click(findTestObject("Выручка в рублях/Фильтр Выручка" + nameOfBlock)): Object: 'Object Repository/Выручка в рублях/Фильтр Выручка Выручка' is clicked on

28-03-2025T10:39:08 - [MESSAGE][PASSED] - Object: 'Object Repository/Выручка в рублях/Фильтр Выручка Выручка' is clicked on

28-03-2025T10:39:08 - [TEST_STEP][PASSED] - click(findTestObject("Выручка в рублях/Итого в фильтре Выручка" + nameOfBlock)): Object: 'Object Repository/Выручка в рублях/Итого в фильтре Выручка Выручка' is clicked on

28-03-2025T10:39:09 - [MESSAGE][PASSED] - Object: 'Object Repository/Выручка в рублях/Итого в фильтре Выручка Выручка' is clicked on

28-03-2025T10:39:09 - [TEST_STEP][PASSED] - click(findTestObject("Выручка в рублях/Применить в фильтре Выручка" + nameOfBlock)): Object: 'Object Repository/Выручка в рублях/Применить в фильтре Выручка Выручка' is clicked on

28-03-2025T10:39:10 - [MESSAGE][PASSED] - Object: 'Object Repository/Выручка в рублях/Применить в фильтре Выручка Выручка' is clicked on

28-03-2025T10:39:10 - [TEST_STEP][PASSED] - click(findTestObject("Выручка в рублях/Фильтр ДЗО" + nameOfBlock)): Object: 'Object Repository/Выручка в рублях/Фильтр ДЗО Выручка' is clicked on

28-03-2025T10:39:11 - [MESSAGE][PASSED] - Object: 'Object Repository/Выручка в рублях/Фильтр ДЗО Выручка' is clicked on

28-03-2025T10:39:11 - [TEST_STEP][PASSED] - Script1742558545601.Rosseti(nameOfBlock): null

28-03-2025T10:39:11 - [TEST_STEP][PASSED] - println("nameOfBlock:" + nameOfBlock): null

28-03-2025T10:39:11 - [TEST_STEP][PASSED] - click(findTestObject("Выручка в рублях/ПАО Россети" + nameOfBlock)): Object: 'Object Repository/Выручка в рублях/ПАО Россети Выручка' is clicked on

28-03-2025T10:39:11 - [MESSAGE][PASSED] - Object: 'Object Repository/Выручка в рублях/ПАО Россети Выручка' is clicked on

28-03-2025T10:39:11 - [TEST_STEP][PASSED] - click(findTestObject("Выручка в рублях/Применить в фильтре ДЗО" + nameOfBlock)): Object: 'Object Repository/Выручка в рублях/Применить в фильтре ДЗО Выручка' is clicked on

28-03-2025T10:39:12 - [MESSAGE][PASSED] - Object: 'Object Repository/Выручка в рублях/Применить в фильтре ДЗО Выручка' is clicked on

28-03-2025T10:39:12 - [TEST_STEP][PASSED] - if (vir == 1 || vir == 2): Text of object 'Object Repository/Выручка в рублях/График План Выручка' is: '160 406'

28-03-2025T10:39:12 - [TEST_STEP][PASSED] - b1 = getText(findTestObject("Выручка в рублях/График План Выручка")): Text of object 'Object Repository/Выручка в рублях/График План Выручка' is: '160 406'

28-03-2025T10:39:13 - [MESSAGE][PASSED] - Text of object 'Object Repository/Выручка в рублях/График План Выручка' is: '160 406'

28-03-2025T10:39:13 - [TEST_STEP][PASSED] - if (vir == 1 || vir == 2): Text of object 'Object Repository/Выручка в рублях/График Факт Выручка' is: '155 462'

28-03-2025T10:39:13 - [TEST_STEP][PASSED] - b2 = getText(findTestObject("Выручка в рублях/График Факт Выручка")): Text of object 'Object Repository/Выручка в рублях/График Факт Выручка' is: '155 462'

28-03-2025T10:39:13 - [MESSAGE][PASSED] - Text of object 'Object Repository/Выручка в рублях/График Факт Выручка' is: '155 462'

28-03-2025T10:39:13 - [TEST_STEP][PASSED] - b30 = getText(findTestObject("Выручка в рублях/span1" + perc)): Text of object 'Object Repository/Выручка в рублях/span1' is: '-4 943.3 млн.руб.'

28-03-2025T10:39:14 - [MESSAGE][PASSED] - Text of object 'Object Repository/Выручка в рублях/span1' is: '-4 943.3 млн.руб.'

28-03-2025T10:39:14 - [TEST_STEP][PASSED] - i = b30.indexOf("млн.руб."): null

28-03-2025T10:39:14 - [TEST_STEP][PASSED] - if (i > -1): null

28-03-2025T10:39:14 - [TEST_STEP][PASSED] - b30 = b30.substring(0, i): null

28-03-2025T10:39:14 - [TEST_STEP][PASSED] - b30 = b30.replaceAll(" ", ""): null

28-03-2025T10:39:14 - [TEST_STEP][PASSED] - if (b30.contains("%")): null

28-03-2025T10:39:14 - [TEST_STEP][PASSED] - b30 = ").trim(): null

28-03-2025T10:39:14 - [TEST_STEP][PASSED] - println("b30: " + b30): null

28-03-2025T10:39:14 - [TEST_STEP][PASSED] - if (vir == 1): null

28-03-2025T10:39:14 - [TEST_STEP][PASSED] - else if (vir == 2): Text of object 'Object Repository/Выручка в рублях/span18' is: '-19'

28-03-2025T10:39:14 - [TEST_STEP][PASSED] - b31 = ").trim(): Text of object 'Object Repository/Выручка в рублях/span2' is: '-73'

28-03-2025T10:39:14 - [MESSAGE][PASSED] - Text of object 'Object Repository/Выручка в рублях/span2' is: '-73'

28-03-2025T10:39:14 - [TEST_STEP][PASSED] - b32 = ").trim(): Text of object 'Object Repository/Выручка в рублях/span3' is: '-0'

28-03-2025T10:39:14 - [MESSAGE][PASSED] - Text of object 'Object Repository/Выручка в рублях/span3' is: '-0'

28-03-2025T10:39:14 - [TEST_STEP][PASSED] - b34 = ").trim(): Text of object 'Object Repository/Выручка в рублях/span4' is: '-295'

28-03-2025T10:39:14 - [MESSAGE][PASSED] - Text of object 'Object Repository/Выручка в рублях/span4' is: '-295'

28-03-2025T10:39:14 - [TEST_STEP][PASSED] - b35 = ").trim(): Text of object 'Object Repository/Выручка в рублях/span5' is: '-54'

28-03-2025T10:39:15 - [MESSAGE][PASSED] - Text of object 'Object Repository/Выручка в рублях/span5' is: '-54'

28-03-2025T10:39:15 - [TEST_STEP][PASSED] - b36 = ").trim(): Text of object 'Object Repository/Выручка в рублях/span6' is: '-403'

28-03-2025T10:39:15 - [MESSAGE][PASSED] - Text of object 'Object Repository/Выручка в рублях/span6' is: '-403'

28-03-2025T10:39:15 - [TEST_STEP][PASSED] - b37 = ").trim(): Text of object 'Object Repository/Выручка в рублях/span7' is: '-927'

28-03-2025T10:39:15 - [MESSAGE][PASSED] - Text of object 'Object Repository/Выручка в рублях/span7' is: '-927'

28-03-2025T10:39:15 - [TEST_STEP][PASSED] - b38 = ").trim(): Text of object 'Object Repository/Выручка в рублях/span8' is: '-96'

28-03-2025T10:39:16 - [MESSAGE][PASSED] - Text of object 'Object Repository/Выручка в рублях/span8' is: '-96'

28-03-2025T10:39:16 - [TEST_STEP][PASSED] - b39 = ").trim(): Text of object 'Object Repository/Выручка в рублях/span9' is: '-251'

28-03-2025T10:39:16 - [MESSAGE][PASSED] - Text of object 'Object Repository/Выручка в рублях/span9' is: '-251'

28-03-2025T10:39:16 - [TEST_STEP][PASSED] - b310 = ").trim(): Text of object 'Object Repository/Выручка в рублях/span10' is: '348'

28-03-2025T10:39:16 - [MESSAGE][PASSED] - Text of object 'Object Repository/Выручка в рублях/span10' is: '348'

28-03-2025T10:39:16 - [TEST_STEP][PASSED] - b311 = ").trim(): Text of object 'Object Repository/Выручка в рублях/span11' is: '-58'

28-03-2025T10:39:17 - [MESSAGE][PASSED] - Text of object 'Object Repository/Выручка в рублях/span11' is: '-58'

28-03-2025T10:39:17 - [TEST_STEP][PASSED] - b312 = ").trim(): Text of object 'Object Repository/Выручка в рублях/span12' is: '-1 104'

28-03-2025T10:39:17 - [MESSAGE][PASSED] - Text of object 'Object Repository/Выручка в рублях/span12' is: '-1 104'

28-03-2025T10:39:17 - [TEST_STEP][PASSED] - b313 = ").trim(): Text of object 'Object Repository/Выручка в рублях/span13' is: '-474'

28-03-2025T10:39:17 - [MESSAGE][PASSED] - Text of object 'Object Repository/Выручка в рублях/span13' is: '-474'

28-03-2025T10:39:17 - [TEST_STEP][PASSED] - b314 = ").trim(): Text of object 'Object Repository/Выручка в рублях/span14' is: '-59'

28-03-2025T10:39:17 - [MESSAGE][PASSED] - Text of object 'Object Repository/Выручка в рублях/span14' is: '-59'

28-03-2025T10:39:17 - [TEST_STEP][PASSED] - b315 = ").trim(): Text of object 'Object Repository/Выручка в рублях/span15' is: '-675'

28-03-2025T10:39:18 - [MESSAGE][PASSED] - Text of object 'Object Repository/Выручка в рублях/span15' is: '-675'

28-03-2025T10:39:18 - [TEST_STEP][PASSED] - b316 = ").trim(): Text of object 'Object Repository/Выручка в рублях/span16' is: '-613'

28-03-2025T10:39:18 - [MESSAGE][PASSED] - Text of object 'Object Repository/Выручка в рублях/span16' is: '-613'

28-03-2025T10:39:18 - [TEST_STEP][PASSED] - b317 = ").trim(): Text of object 'Object Repository/Выручка в рублях/span17' is: '-191'

28-03-2025T10:39:18 - [MESSAGE][PASSED] - Text of object 'Object Repository/Выручка в рублях/span17' is: '-191'

28-03-2025T10:39:18 - [TEST_STEP][PASSED] - b318 = ").trim(): Text of object 'Object Repository/Выручка в рублях/span18' is: '-19'

28-03-2025T10:39:19 - [MESSAGE][PASSED] - Text of object 'Object Repository/Выручка в рублях/span18' is: '-19'

28-03-2025T10:39:19 - [TEST_STEP][PASSED] - dZO = "ПАО Россети": null

28-03-2025T10:39:19 - [TEST_STEP][PASSED] - if (verifyEqual(a1, b1) == false): Actual object '160 406' and expected object '160 406' are equal

28-03-2025T10:39:19 - [MESSAGE][PASSED] - Actual object '160 406' and expected object '160 406' are equal

28-03-2025T10:39:19 - [TEST_STEP][PASSED] - if (verifyEqual(a2, b2) == false): Actual object '155 462' and expected object '155 462' are equal

28-03-2025T10:39:19 - [MESSAGE][PASSED] - Actual object '155 462' and expected object '155 462' are equal

28-03-2025T10:39:19 - [TEST_STEP][PASSED] - vidget = "Отклонения": null

28-03-2025T10:39:19 - [TEST_STEP][PASSED] - if (verifyEqual(a30, b30) == false): Actual object '-4943.3' and expected object '-4943.3' are equal

28-03-2025T10:39:19 - [MESSAGE][PASSED] - Actual object '-4943.3' and expected object '-4943.3' are equal

28-03-2025T10:39:19 - [TEST_STEP][PASSED] - dZO = "АО «РЭС»": null

28-03-2025T10:39:19 - [TEST_STEP][PASSED] - if (verifyEqual(a31, b31) == false): Actual object '-73' and expected object '-73' are equal

28-03-2025T10:39:19 - [MESSAGE][PASSED] - Actual object '-73' and expected object '-73' are equal

28-03-2025T10:39:19 - [TEST_STEP][PASSED] - dZO = "АО «Тываэнерго»": null

28-03-2025T10:39:19 - [TEST_STEP][PASSED] - if (verifyEqual(a32, b32) == false): Actual object '-0' and expected object '-0' are equal

28-03-2025T10:39:19 - [MESSAGE][PASSED] - Actual object '-0' and expected object '-0' are equal

28-03-2025T10:39:19 - [TEST_STEP][PASSED] - dZO = "АО «Чеченэнерго»": null

28-03-2025T10:39:19 - [TEST_STEP][PASSED] - if (verifyEqual(a33, b33) == false): Actual object 'null' and expected object 'null' are equal

28-03-2025T10:39:19 - [MESSAGE][PASSED] - Actual object 'null' and expected object 'null' are equal

28-03-2025T10:39:19 - [TEST_STEP][PASSED] - dZO = "Россети Волга": null

28-03-2025T10:39:19 - [TEST_STEP][PASSED] - if (verifyEqual(a34, b34) == false): Actual object '-295' and expected object '-295' are equal

28-03-2025T10:39:19 - [MESSAGE][PASSED] - Actual object '-295' and expected object '-295' are equal

28-03-2025T10:39:19 - [TEST_STEP][PASSED] - dZO = "Россети Кубань": null

28-03-2025T10:39:19 - [TEST_STEP][PASSED] - if (verifyEqual(a35, b35) == false): Actual object '-54' and expected object '-54' are equal

28-03-2025T10:39:19 - [MESSAGE][PASSED] - Actual object '-54' and expected object '-54' are equal

28-03-2025T10:39:19 - [TEST_STEP][PASSED] - dZO = "Россети Ленэнерго (ГК)": null

28-03-2025T10:39:19 - [TEST_STEP][PASSED] - if (verifyEqual(a36, b36) == false): Actual object '-403' and expected object '-403' are equal

28-03-2025T10:39:19 - [MESSAGE][PASSED] - Actual object '-403' and expected object '-403' are equal

28-03-2025T10:39:19 - [TEST_STEP][PASSED] - dZO = "Россети Московский регион": null

28-03-2025T10:39:19 - [TEST_STEP][PASSED] - if (verifyEqual(a37, b37) == false): Actual object '-927' and expected object '-927' are equal

28-03-2025T10:39:19 - [MESSAGE][PASSED] - Actual object '-927' and expected object '-927' are equal

28-03-2025T10:39:19 - [TEST_STEP][PASSED] - dZO = "Россети Северный Кавказ (ГК)": null

28-03-2025T10:39:19 - [TEST_STEP][PASSED] - if (verifyEqual(a38, b38) == false): Actual object '-96' and expected object '-96' are equal

28-03-2025T10:39:19 - [MESSAGE][PASSED] - Actual object '-96' and expected object '-96' are equal

28-03-2025T10:39:19 - [TEST_STEP][PASSED] - dZO = "Россети Северо-Запад": null

28-03-2025T10:39:19 - [TEST_STEP][PASSED] - if (verifyEqual(a39, b39) == false): Actual object '-251' and expected object '-251' are equal

28-03-2025T10:39:19 - [MESSAGE][PASSED] - Actual object '-251' and expected object '-251' are equal

28-03-2025T10:39:19 - [TEST_STEP][PASSED] - dZO = "Россети Сибирь (ГК)": null

28-03-2025T10:39:19 - [TEST_STEP][PASSED] - if (verifyEqual(a310, b310) == false): Actual object '348' and expected object '348' are equal

28-03-2025T10:39:19 - [MESSAGE][PASSED] - Actual object '348' and expected object '348' are equal

28-03-2025T10:39:19 - [TEST_STEP][PASSED] - dZO = "Россети Томск": null

28-03-2025T10:39:19 - [TEST_STEP][PASSED] - if (verifyEqual(a311, b311) == false): Actual object '-58' and expected object '-58' are equal

28-03-2025T10:39:19 - [MESSAGE][PASSED] - Actual object '-58' and expected object '-58' are equal

28-03-2025T10:39:19 - [TEST_STEP][PASSED] - dZO = "Россети Тюмень": null

28-03-2025T10:39:19 - [TEST_STEP][PASSED] - if (verifyEqual(a312, b312) == false): Actual object '-1 104' and expected object '-1 104' are equal

28-03-2025T10:39:19 - [MESSAGE][PASSED] - Actual object '-1 104' and expected object '-1 104' are equal

28-03-2025T10:39:19 - [TEST_STEP][PASSED] - dZO = "Россети Урал (ГК)": null

28-03-2025T10:39:19 - [TEST_STEP][PASSED] - if (verifyEqual(a313, b313) == false): Actual object '-474' and expected object '-474' are equal

28-03-2025T10:39:19 - [MESSAGE][PASSED] - Actual object '-474' and expected object '-474' are equal

28-03-2025T10:39:19 - [TEST_STEP][PASSED] - dZO = "Россети ФСК ЕЭС": null

28-03-2025T10:39:19 - [TEST_STEP][PASSED] - if (verifyEqual(a314, b314) == false): Actual object '-59' and expected object '-59' are equal

28-03-2025T10:39:19 - [MESSAGE][PASSED] - Actual object '-59' and expected object '-59' are equal

28-03-2025T10:39:19 - [TEST_STEP][PASSED] - dZO = "Россети Центр": null

28-03-2025T10:39:19 - [TEST_STEP][PASSED] - if (verifyEqual(a315, b315) == false): Actual object '-675' and expected object '-675' are equal

28-03-2025T10:39:19 - [MESSAGE][PASSED] - Actual object '-675' and expected object '-675' are equal

28-03-2025T10:39:19 - [TEST_STEP][PASSED] - dZO = "Россети Центр и Приволжье (ГК)": null

28-03-2025T10:39:19 - [TEST_STEP][PASSED] - if (verifyEqual(a316, b316) == false): Actual object '-613' and expected object '-613' are equal

28-03-2025T10:39:19 - [MESSAGE][PASSED] - Actual object '-613' and expected object '-613' are equal

28-03-2025T10:39:19 - [TEST_STEP][PASSED] - dZO = "Россети Юг (ГК)": null

28-03-2025T10:39:19 - [TEST_STEP][PASSED] - if (verifyEqual(a317, b317) == false): Actual object '-191' and expected object '-191' are equal

28-03-2025T10:39:19 - [MESSAGE][PASSED] - Actual object '-191' and expected object '-191' are equal

28-03-2025T10:39:19 - [TEST_STEP][PASSED] - dZO = "Россети Янтарь": null

28-03-2025T10:39:19 - [TEST_STEP][PASSED] - if (verifyEqual(a318, b318) == false): Actual object '-19' and expected object '-19' are equal

28-03-2025T10:39:19 - [MESSAGE][PASSED] - Actual object '-19' and expected object '-19' are equal

28-03-2025T10:39:19 - [TEST_STEP][PASSED] - closeBrowser(): null

28-03-2025T10:39:19 - [MESSAGE][PASSED] - Browser is closed

28-03-2025T10:39:19 - [TEST_STEP][PASSED] - Script1742558545601.Blocks(run, vir, block, nameOfBlock, typeOfData, viruchka, vidget, todaysDate, a, b, dZO, x, y): null

28-03-2025T10:39:19 - [TEST_STEP][PASSED] - i = <not implemented yet for class: org.codehaus.groovy.ast.expr.EmptyExpression>: null

28-03-2025T10:39:19 - [TEST_STEP][PASSED] - perc = "": null

28-03-2025T10:39:19 - [TEST_STEP][PASSED] - a1 = <not implemented yet for class: org.codehaus.groovy.ast.expr.EmptyExpression>: null

28-03-2025T10:39:19 - [TEST_STEP][PASSED] - a2 = <not implemented yet for class: org.codehaus.groovy.ast.expr.EmptyExpression>: null

28-03-2025T10:39:19 - [TEST_STEP][PASSED] - a30 = <not implemented yet for class: org.codehaus.groovy.ast.expr.EmptyExpression>: null

28-03-2025T10:39:19 - [TEST_STEP][PASSED] - a31 = <not implemented yet for class: org.codehaus.groovy.ast.expr.EmptyExpression>: null

28-03-2025T10:39:19 - [TEST_STEP][PASSED] - a32 = <not implemented yet for class: org.codehaus.groovy.ast.expr.EmptyExpression>: null

28-03-2025T10:39:19 - [TEST_STEP][PASSED] - a33 = <not implemented yet for class: org.codehaus.groovy.ast.expr.EmptyExpression>: null

28-03-2025T10:39:19 - [TEST_STEP][PASSED] - a34 = <not implemented yet for class: org.codehaus.groovy.ast.expr.EmptyExpression>: null

28-03-2025T10:39:19 - [TEST_STEP][PASSED] - a35 = <not implemented yet for class: org.codehaus.groovy.ast.expr.EmptyExpression>: null

28-03-2025T10:39:19 - [TEST_STEP][PASSED] - a36 = <not implemented yet for class: org.codehaus.groovy.ast.expr.EmptyExpression>: null

28-03-2025T10:39:19 - [TEST_STEP][PASSED] - a37 = <not implemented yet for class: org.codehaus.groovy.ast.expr.EmptyExpression>: null

28-03-2025T10:39:19 - [TEST_STEP][PASSED] - a38 = <not implemented yet for class: org.codehaus.groovy.ast.expr.EmptyExpression>: null

28-03-2025T10:39:19 - [TEST_STEP][PASSED] - a39 = <not implemented yet for class: org.codehaus.groovy.ast.expr.EmptyExpression>: null

28-03-2025T10:39:19 - [TEST_STEP][PASSED] - a310 = <not implemented yet for class: org.codehaus.groovy.ast.expr.EmptyExpression>: null

28-03-2025T10:39:19 - [TEST_STEP][PASSED] - a311 = <not implemented yet for class: org.codehaus.groovy.ast.expr.EmptyExpression>: null

28-03-2025T10:39:19 - [TEST_STEP][PASSED] - a312 = <not implemented yet for class: org.codehaus.groovy.ast.expr.EmptyExpression>: null

28-03-2025T10:39:19 - [TEST_STEP][PASSED] - a313 = <not implemented yet for class: org.codehaus.groovy.ast.expr.EmptyExpression>: null

28-03-2025T10:39:19 - [TEST_STEP][PASSED] - a314 = <not implemented yet for class: org.codehaus.groovy.ast.expr.EmptyExpression>: null

28-03-2025T10:39:19 - [TEST_STEP][PASSED] - a315 = <not implemented yet for class: org.codehaus.groovy.ast.expr.EmptyExpression>: null

28-03-2025T10:39:19 - [TEST_STEP][PASSED] - a316 = <not implemented yet for class: org.codehaus.groovy.ast.expr.EmptyExpression>: null

28-03-2025T10:39:19 - [TEST_STEP][PASSED] - a317 = <not implemented yet for class: org.codehaus.groovy.ast.expr.EmptyExpression>: null

28-03-2025T10:39:19 - [TEST_STEP][PASSED] - a318 = <not implemented yet for class: org.codehaus.groovy.ast.expr.EmptyExpression>: null

28-03-2025T10:39:19 - [TEST_STEP][PASSED] - b1 = <not implemented yet for class: org.codehaus.groovy.ast.expr.EmptyExpression>: null

28-03-2025T10:39:19 - [TEST_STEP][PASSED] - b2 = <not implemented yet for class: org.codehaus.groovy.ast.expr.EmptyExpression>: null

28-03-2025T10:39:19 - [TEST_STEP][PASSED] - b30 = <not implemented yet for class: org.codehaus.groovy.ast.expr.EmptyExpression>: null

28-03-2025T10:39:19 - [TEST_STEP][PASSED] - b31 = <not implemented yet for class: org.codehaus.groovy.ast.expr.EmptyExpression>: null

28-03-2025T10:39:19 - [TEST_STEP][PASSED] - b32 = <not implemented yet for class: org.codehaus.groovy.ast.expr.EmptyExpression>: null

28-03-2025T10:39:19 - [TEST_STEP][PASSED] - b33 = <not implemented yet for class: org.codehaus.groovy.ast.expr.EmptyExpression>: null

28-03-2025T10:39:19 - [TEST_STEP][PASSED] - b34 = <not implemented yet for class: org.codehaus.groovy.ast.expr.EmptyExpression>: null

28-03-2025T10:39:19 - [TEST_STEP][PASSED] - b35 = <not implemented yet for class: org.codehaus.groovy.ast.expr.EmptyExpression>: null

28-03-2025T10:39:19 - [TEST_STEP][PASSED] - b36 = <not implemented yet for class: org.codehaus.groovy.ast.expr.EmptyExpression>: null

28-03-2025T10:39:19 - [TEST_STEP][PASSED] - b37 = <not implemented yet for class: org.codehaus.groovy.ast.expr.EmptyExpression>: null

28-03-2025T10:39:19 - [TEST_STEP][PASSED] - b38 = <not implemented yet for class: org.codehaus.groovy.ast.expr.EmptyExpression>: null

28-03-2025T10:39:19 - [TEST_STEP][PASSED] - b39 = <not implemented yet for class: org.codehaus.groovy.ast.expr.EmptyExpression>: null

28-03-2025T10:39:19 - [TEST_STEP][PASSED] - b310 = <not implemented yet for class: org.codehaus.groovy.ast.expr.EmptyExpression>: null

28-03-2025T10:39:19 - [TEST_STEP][PASSED] - b311 = <not implemented yet for class: org.codehaus.groovy.ast.expr.EmptyExpression>: null

28-03-2025T10:39:19 - [TEST_STEP][PASSED] - b312 = <not implemented yet for class: org.codehaus.groovy.ast.expr.EmptyExpression>: null

28-03-2025T10:39:19 - [TEST_STEP][PASSED] - b313 = <not implemented yet for class: org.codehaus.groovy.ast.expr.EmptyExpression>: null

28-03-2025T10:39:19 - [TEST_STEP][PASSED] - b314 = <not implemented yet for class: org.codehaus.groovy.ast.expr.EmptyExpression>: null

28-03-2025T10:39:19 - [TEST_STEP][PASSED] - b315 = <not implemented yet for class: org.codehaus.groovy.ast.expr.EmptyExpression>: null

28-03-2025T10:39:19 - [TEST_STEP][PASSED] - b316 = <not implemented yet for class: org.codehaus.groovy.ast.expr.EmptyExpression>: null

28-03-2025T10:39:19 - [TEST_STEP][PASSED] - b317 = <not implemented yet for class: org.codehaus.groovy.ast.expr.EmptyExpression>: null

28-03-2025T10:39:19 - [TEST_STEP][PASSED] - b318 = <not implemented yet for class: org.codehaus.groovy.ast.expr.EmptyExpression>: null

28-03-2025T10:39:19 - [TEST_STEP][PASSED] - block = 1: null

28-03-2025T10:39:19 - [TEST_STEP][PASSED] - nameOfBlock = "": null

28-03-2025T10:39:19 - [TEST_STEP][PASSED] - Script1742558545601.PreSettings(run, vir, block, nameOfBlock, typeOfData, todaysDate): null

28-03-2025T10:39:19 - [TEST_STEP][PASSED] - openBrowser(""): Browser is opened with url: ''

28-03-2025T10:39:19 - [MESSAGE][INFO] - Starting 'Chrome' driver

28-03-2025T10:39:19 - [MESSAGE][INFO] - Action delay is set to 0 milliseconds

28-03-2025T10:39:20 - [MESSAGE][PASSED] - Browser is opened with url: ''

28-03-2025T10:39:20 - [TEST_STEP][PASSED] - refresh(): Refresh successfully

28-03-2025T10:39:20 - [MESSAGE][PASSED] - Refresh successfully

28-03-2025T10:39:20 - [TEST_STEP][PASSED] - delay(50): Delayed 50 second(s)

28-03-2025T10:40:10 - [MESSAGE][PASSED] - Delayed 50 second(s)

28-03-2025T10:40:10 - [TEST_STEP][PASSED] - println("run:" + run): null

28-03-2025T10:40:10 - [TEST_STEP][PASSED] - println("vir:" + vir): null

28-03-2025T10:40:10 - [TEST_STEP][PASSED] - println("block:" + block): null

28-03-2025T10:40:10 - [TEST_STEP][PASSED] - if (block == 1): null

28-03-2025T10:40:10 - [TEST_STEP][PASSED] - nameOfBlock = "": null

28-03-2025T10:40:10 - [TEST_STEP][PASSED] - println("nameOfBlock:" + nameOfBlock): null

28-03-2025T10:40:10 - [TEST_STEP][PASSED] - println("typeOfData:" + typeOfData): null

28-03-2025T10:40:10 - [TEST_STEP][PASSED] - println("todaysDate:" + todaysDate): null

28-03-2025T10:40:10 - [TEST_STEP][PASSED] - Script1742558545601.Autorization(block, nameOfBlock): null

28-03-2025T10:40:10 - [TEST_STEP][PASSED] - i = <not implemented yet for class: org.codehaus.groovy.ast.expr.EmptyExpression>: null

28-03-2025T10:40:10 - [TEST_STEP][PASSED] - ii = <not implemented yet for class: org.codehaus.groovy.ast.expr.EmptyExpression>: null

28-03-2025T10:40:10 - [TEST_STEP][PASSED] - urlData = <not implemented yet for class: org.codehaus.groovy.ast.expr.EmptyExpression>: null

28-03-2025T10:40:10 - [TEST_STEP][PASSED] - searchWord = <not implemented yet for class: org.codehaus.groovy.ast.expr.EmptyExpression>: null

28-03-2025T10:40:10 - [TEST_STEP][PASSED] - urlText = <not implemented yet for class: org.codehaus.groovy.ast.expr.EmptyExpression>: null

28-03-2025T10:40:10 - [TEST_STEP][PASSED] - println("block:" + block): null

28-03-2025T10:40:10 - [TEST_STEP][PASSED] - if (block == 1): null

28-03-2025T10:40:10 - [TEST_STEP][PASSED] - nameOfBlock = "": null

28-03-2025T10:40:10 - [TEST_STEP][PASSED] - println("nameOfBlock:" + nameOfBlock): null

28-03-2025T10:40:10 - [TEST_STEP][PASSED] - if (block == 1): Delayed 45 second(s)

28-03-2025T10:40:10 - [TEST_STEP][PASSED] - urlData = 2: null

28-03-2025T10:40:10 - [TEST_STEP][PASSED] - delay(45): Delayed 45 second(s)

28-03-2025T10:40:55 - [MESSAGE][PASSED] - Delayed 45 second(s)

28-03-2025T10:40:55 - [TEST_STEP][PASSED] - navigateToUrl(findTestData("PlanFact").getValue(10, urlData)): Navigate to 'https://bi.rosseti.digital/viewer?dashboardGuid=2301950b23be4ed89c1df75f2020051e&sheetGuid=b723206f698544fb87299f3095c00435&fit=true' successfully

28-03-2025T10:43:48 - [MESSAGE][PASSED] - Navigate to 'https://bi.rosseti.digital/viewer?dashboardGuid=2301950b23be4ed89c1df75f2020051e&sheetGuid=b723206f698544fb87299f3095c00435&fit=true' successfully

28-03-2025T10:43:48 - [TEST_STEP][PASSED] - urlText = getText(findTestObject("Страница авторизации/Text")): Text of object 'Object Repository/Страница авторизации/Text' is: 'Вход'

28-03-2025T10:43:48 - [MESSAGE][PASSED] - Text of object 'Object Repository/Страница авторизации/Text' is: 'Вход'

28-03-2025T10:43:48 - [TEST_STEP][PASSED] - searchWord = "Вход": null

28-03-2025T10:43:48 - [TEST_STEP][PASSED] - if (urlText == null || urlText.contains("ошибка") || urlText.contains(searchWord) == false): null

28-03-2025T10:43:48 - [TEST_STEP][PASSED] - if (verifyElementPresent(findTestObject("Страница авторизации/button_"), 30) == true): null

28-03-2025T10:43:48 - [MESSAGE][PASSED] - Object 'Object Repository/Страница авторизации/button_' is present

28-03-2025T10:43:48 - [TEST_STEP][PASSED] - setText(findTestObject("Страница авторизации/input__username"), findTestData("PlanFact").getValue(8, 1)): Text 'liazgina-di' is set on object 'Object Repository/Страница авторизации/input__username'

28-03-2025T10:43:49 - [MESSAGE][PASSED] - Text 'liazgina-di' is set on object 'Object Repository/Страница авторизации/input__username'

28-03-2025T10:43:49 - [TEST_STEP][PASSED] - setText(findTestObject("Страница авторизации/input__password"), findTestData("PlanFact").getValue(9, 1)): Text ')$%5srZ8o688Dm#q' is set on object 'Object Repository/Страница авторизации/input__password'

28-03-2025T10:43:49 - [MESSAGE][PASSED] - Text ')$%5srZ8o688Dm#q' is set on object 'Object Repository/Страница авторизации/input__password'

28-03-2025T10:43:49 - [TEST_STEP][PASSED] - click(findTestObject("Страница авторизации/button_")): Object: 'Object Repository/Страница авторизации/button_' is clicked on

28-03-2025T10:43:53 - [MESSAGE][PASSED] - Object: 'Object Repository/Страница авторизации/button_' is clicked on

28-03-2025T10:43:53 - [TEST_STEP][PASSED] - delay(45): Delayed 45 second(s)

28-03-2025T10:44:38 - [MESSAGE][PASSED] - Delayed 45 second(s)

28-03-2025T10:44:38 - [TEST_STEP][PASSED] - urlText = getText(findTestObject("Страница авторизации/Text")): Text of object 'Object Repository/Страница авторизации/Text' is: 'Период
Январь, Февраль 2025 года
Выручка
Все
Выполнение плановых показателей по ПАО Россети за Январь, Февраль 2025 года
План
Факт
Динамика
2025 год
0 млн.руб.
25 000 млн.руб.
50 000 млн.руб.
75 000 млн.руб.
100 000 млн.руб.
125 000 млн.руб.
150 000 млн.руб.
175 000 млн.руб.
200 000 млн.руб.
225 000 млн.руб.
250 000 млн.руб.
275 000 млн.руб.
300 000 млн.руб.
325 000 млн.руб.
350 000 млн.руб.
375 000 млн.руб.
318 025
268 560
↓
ДЗО 
ПАО Россети
Внутренний оборот - выручка за услуги по передаче электрической энергии, учтенная в выручке за электроэнергию для конечных потребителей, при выполнении ДЗО функций гарантирующего поставщика
Подписи данных
⬤Отклонение
АО "РЭС"
АО «Тываэнерго»
АО «Чеченэнерго»
Россети Волга
Россети Кубань
Россети Ленэнерго (ГК)
Россети Московский регион
Россети Северный Кавказ (ГК)
Россети Северо-Запад
Россети Сибирь (ГК)
Россети Томск
Россети Тюмень
Россети Урал (ГК)
Россети ФСК ЕЭС
Россети Центр
Россети Центр и Приволжье (ГК)
Россети Юг (ГК)
Россети Янтарь
-30 000млн.руб.
-25 000млн.руб.
-20 000млн.руб.
-15 000млн.руб.
-10 000млн.руб.
-5 000млн.руб.
0 млн.руб.
5 00…
-170
-229
-76
-270
552
-244
-1 353
-805
-232
-6 501
-47
-10 407
-701
-28 384
-520
-197
68
50
млн.
%
Выручка
Отклонение выручки по ПАО Россети за Январь, Февраль 2025 года (факт/план, млн. руб)
ПАО Россети
-49 464.8 млн.руб.
 '

28-03-2025T10:44:38 - [MESSAGE][PASSED] - Text of object 'Object Repository/Страница авторизации/Text' is: 'Период
Январь, Февраль 2025 года
Выручка
Все
Выполнение плановых показателей по ПАО Россети за Январь, Февраль 2025 года
План
Факт
Динамика
2025 год
0 млн.руб.
25 000 млн.руб.
50 000 млн.руб.
75 000 млн.руб.
100 000 млн.руб.
125 000 млн.руб.
150 000 млн.руб.
175 000 млн.руб.
200 000 млн.руб.
225 000 млн.руб.
250 000 млн.руб.
275 000 млн.руб.
300 000 млн.руб.
325 000 млн.руб.
350 000 млн.руб.
375 000 млн.руб.
318 025
268 560
↓
ДЗО 
ПАО Россети
Внутренний оборот - выручка за услуги по передаче электрической энергии, учтенная в выручке за электроэнергию для конечных потребителей, при выполнении ДЗО функций гарантирующего поставщика
Подписи данных
⬤Отклонение
АО "РЭС"
АО «Тываэнерго»
АО «Чеченэнерго»
Россети Волга
Россети Кубань
Россети Ленэнерго (ГК)
Россети Московский регион
Россети Северный Кавказ (ГК)
Россети Северо-Запад
Россети Сибирь (ГК)
Россети Томск
Россети Тюмень
Россети Урал (ГК)
Россети ФСК ЕЭС
Россети Центр
Россети Центр и Приволжье (ГК)
Россети Юг (ГК)
Россети Янтарь
-30 000млн.руб.
-25 000млн.руб.
-20 000млн.руб.
-15 000млн.руб.
-10 000млн.руб.
-5 000млн.руб.
0 млн.руб.
5 00…
-170
-229
-76
-270
552
-244
-1 353
-805
-232
-6 501
-47
-10 407
-701
-28 384
-520
-197
68
50
млн.
%
Выручка
Отклонение выручки по ПАО Россети за Январь, Февраль 2025 года (факт/план, млн. руб)
ПАО Россети
-49 464.8 млн.руб.
 '

28-03-2025T10:44:38 - [TEST_STEP][PASSED] - searchWord = "а": null

28-03-2025T10:44:38 - [TEST_STEP][PASSED] - if (urlText.contains("ошибка") || urlText.contains(searchWord) == false): null

28-03-2025T10:44:38 - [TEST_STEP][PASSED] - delay(45): Delayed 45 second(s)

28-03-2025T10:45:23 - [MESSAGE][PASSED] - Delayed 45 second(s)

28-03-2025T10:45:23 - [TEST_STEP][PASSED] - if (block == 2): null

28-03-2025T10:45:23 - [TEST_STEP][PASSED] - click(findTestObject("Выручка в рублях/Фильтр Период" + nameOfBlock)): Object: 'Object Repository/Выручка в рублях/Фильтр Период' is clicked on

28-03-2025T10:45:24 - [MESSAGE][PASSED] - Object: 'Object Repository/Выручка в рублях/Фильтр Период' is clicked on

28-03-2025T10:45:24 - [TEST_STEP][PASSED] - click(findTestObject("Выручка в рублях/Снять выделение в фильтре Дата" + nameOfBlock)): Object: 'Object Repository/Выручка в рублях/Снять выделение в фильтре Дата' is clicked on

28-03-2025T10:45:24 - [MESSAGE][PASSED] - Object: 'Object Repository/Выручка в рублях/Снять выделение в фильтре Дата' is clicked on

28-03-2025T10:45:24 - [TEST_STEP][PASSED] - click(findTestObject("Выручка в рублях/Применить в фильтре Дата" + nameOfBlock)): Object: 'Object Repository/Выручка в рублях/Применить в фильтре Дата' is clicked on

28-03-2025T10:45:25 - [MESSAGE][PASSED] - Object: 'Object Repository/Выручка в рублях/Применить в фильтре Дата' is clicked on

28-03-2025T10:45:25 - [TEST_STEP][PASSED] - delay(50): Delayed 50 second(s)

28-03-2025T10:46:15 - [MESSAGE][PASSED] - Delayed 50 second(s)

28-03-2025T10:46:15 - [TEST_STEP][PASSED] - click(findTestObject("Выручка в рублях/Фильтр Период" + nameOfBlock)): Object: 'Object Repository/Выручка в рублях/Фильтр Период' is clicked on

28-03-2025T10:46:15 - [MESSAGE][PASSED] - Object: 'Object Repository/Выручка в рублях/Фильтр Период' is clicked on

28-03-2025T10:46:15 - [TEST_STEP][PASSED] - click(findTestObject("Выручка в рублях/Снять выделение в фильтре Дата" + nameOfBlock)): Object: 'Object Repository/Выручка в рублях/Снять выделение в фильтре Дата' is clicked on

28-03-2025T10:46:16 - [MESSAGE][PASSED] - Object: 'Object Repository/Выручка в рублях/Снять выделение в фильтре Дата' is clicked on

28-03-2025T10:46:16 - [TEST_STEP][PASSED] - scrollToElement(findTestObject("Выручка в рублях/2025 список" + nameOfBlock), 30): Scroll to object 'Object Repository/Выручка в рублях/2025 список' successfully

28-03-2025T10:46:16 - [MESSAGE][PASSED] - Scroll to object 'Object Repository/Выручка в рублях/2025 список' successfully

28-03-2025T10:46:16 - [TEST_STEP][PASSED] - click(findTestObject("Выручка в рублях/2025 список" + nameOfBlock)): Object: 'Object Repository/Выручка в рублях/2025 список' is clicked on

28-03-2025T10:46:16 - [MESSAGE][PASSED] - Object: 'Object Repository/Выручка в рублях/2025 список' is clicked on

28-03-2025T10:46:16 - [TEST_STEP][PASSED] - scrollToElement(findTestObject("Выручка в рублях/1 квартал 2025 список Выручка"), 30): Scroll to object 'Object Repository/Выручка в рублях/1 квартал 2025 список Выручка' successfully

28-03-2025T10:46:17 - [MESSAGE][PASSED] - Scroll to object 'Object Repository/Выручка в рублях/1 квартал 2025 список Выручка' successfully

28-03-2025T10:46:17 - [TEST_STEP][PASSED] - click(findTestObject("Выручка в рублях/1 квартал 2025 список" + nameOfBlock)): Object: 'Object Repository/Выручка в рублях/1 квартал 2025 список' is clicked on

28-03-2025T10:46:17 - [MESSAGE][PASSED] - Object: 'Object Repository/Выручка в рублях/1 квартал 2025 список' is clicked on

28-03-2025T10:46:17 - [TEST_STEP][PASSED] - scrollToElement(findTestObject("Выручка в рублях/Январь 2025" + nameOfBlock), 30): Scroll to object 'Object Repository/Выручка в рублях/Январь 2025' successfully

28-03-2025T10:46:18 - [MESSAGE][PASSED] - Scroll to object 'Object Repository/Выручка в рублях/Январь 2025' successfully

28-03-2025T10:46:18 - [TEST_STEP][PASSED] - click(findTestObject("Выручка в рублях/Январь 2025" + nameOfBlock)): Object: 'Object Repository/Выручка в рублях/Январь 2025' is clicked on

28-03-2025T10:46:18 - [MESSAGE][PASSED] - Object: 'Object Repository/Выручка в рублях/Январь 2025' is clicked on

28-03-2025T10:46:18 - [TEST_STEP][PASSED] - scrollToElement(findTestObject("Выручка в рублях/Заголовок дашборда" + nameOfBlock), 30): Scroll to object 'Object Repository/Выручка в рублях/Заголовок дашборда' successfully

28-03-2025T10:46:18 - [MESSAGE][PASSED] - Scroll to object 'Object Repository/Выручка в рублях/Заголовок дашборда' successfully

28-03-2025T10:46:18 - [TEST_STEP][PASSED] - click(findTestObject("Выручка в рублях/Применить в фильтре Дата" + nameOfBlock)): Object: 'Object Repository/Выручка в рублях/Применить в фильтре Дата' is clicked on

28-03-2025T10:46:19 - [MESSAGE][PASSED] - Object: 'Object Repository/Выручка в рублях/Применить в фильтре Дата' is clicked on

28-03-2025T10:46:19 - [TEST_STEP][PASSED] - delay(55): Delayed 55 second(s)

28-03-2025T10:47:14 - [MESSAGE][PASSED] - Delayed 55 second(s)

28-03-2025T10:47:14 - [TEST_STEP][PASSED] - click(findTestObject("Выручка в рублях/Фильтр ДЗО" + nameOfBlock)): Object: 'Object Repository/Выручка в рублях/Фильтр ДЗО' is clicked on

28-03-2025T10:47:14 - [MESSAGE][PASSED] - Object: 'Object Repository/Выручка в рублях/Фильтр ДЗО' is clicked on

28-03-2025T10:47:14 - [TEST_STEP][PASSED] - click(findTestObject("Выручка в рублях/Снять выделение в фильтре ДЗО" + nameOfBlock)): Object: 'Object Repository/Выручка в рублях/Снять выделение в фильтре ДЗО' is clicked on

28-03-2025T10:47:15 - [MESSAGE][PASSED] - Object: 'Object Repository/Выручка в рублях/Снять выделение в фильтре ДЗО' is clicked on

28-03-2025T10:47:15 - [TEST_STEP][PASSED] - click(findTestObject("Выручка в рублях/Применить в фильтре ДЗО" + nameOfBlock)): Object: 'Object Repository/Выручка в рублях/Применить в фильтре ДЗО' is clicked on

28-03-2025T10:47:15 - [MESSAGE][PASSED] - Object: 'Object Repository/Выручка в рублях/Применить в фильтре ДЗО' is clicked on

28-03-2025T10:47:15 - [TEST_STEP][PASSED] - delay(50): Delayed 50 second(s)

28-03-2025T10:48:05 - [MESSAGE][PASSED] - Delayed 50 second(s)

28-03-2025T10:48:05 - [TEST_STEP][PASSED] - Script1742558545601.Tumbler(run, vir, block, nameOfBlock): null

28-03-2025T10:48:05 - [TEST_STEP][PASSED] - println("run:" + run): null

28-03-2025T10:48:05 - [TEST_STEP][PASSED] - println("vir:" + vir): null

28-03-2025T10:48:05 - [TEST_STEP][PASSED] - println("block:" + block): null

28-03-2025T10:48:05 - [TEST_STEP][PASSED] - println("nameOfBlock:" + nameOfBlock): null

28-03-2025T10:48:05 - [TEST_STEP][PASSED] - if (vir == 1): null

28-03-2025T10:48:05 - [TEST_STEP][PASSED] - else if (vir == 2): null

28-03-2025T10:48:05 - [TEST_STEP][PASSED] - else if (vir == 3): Object: 'Object Repository/Выручка в рублях/Применить в фильтре Выручка' is clicked on

28-03-2025T10:48:05 - [TEST_STEP][PASSED] - if (run == 2): null

28-03-2025T10:48:05 - [TEST_STEP][PASSED] - click(findTestObject("Выручка в рублях/Фильтр Выручка" + nameOfBlock)): Object: 'Object Repository/Выручка в рублях/Фильтр Выручка' is clicked on

28-03-2025T10:48:06 - [MESSAGE][PASSED] - Object: 'Object Repository/Выручка в рублях/Фильтр Выручка' is clicked on

28-03-2025T10:48:06 - [TEST_STEP][PASSED] - click(findTestObject("Выручка в рублях/Внутренний оборот в фильтре Выручка" + nameOfBlock)): Object: 'Object Repository/Выручка в рублях/Внутренний оборот в фильтре Выручка' is clicked on

28-03-2025T10:48:06 - [MESSAGE][PASSED] - Object: 'Object Repository/Выручка в рублях/Внутренний оборот в фильтре Выручка' is clicked on

28-03-2025T10:48:06 - [TEST_STEP][PASSED] - click(findTestObject("Выручка в рублях/Применить в фильтре Выручка" + nameOfBlock)): Object: 'Object Repository/Выручка в рублях/Применить в фильтре Выручка' is clicked on

28-03-2025T10:48:07 - [MESSAGE][PASSED] - Object: 'Object Repository/Выручка в рублях/Применить в фильтре Выручка' is clicked on

28-03-2025T10:48:07 - [TEST_STEP][PASSED] - click(findTestObject("Выручка в рублях/Фильтр ДЗО" + nameOfBlock)): Object: 'Object Repository/Выручка в рублях/Фильтр ДЗО' is clicked on

28-03-2025T10:48:08 - [MESSAGE][PASSED] - Object: 'Object Repository/Выручка в рублях/Фильтр ДЗО' is clicked on

28-03-2025T10:48:08 - [TEST_STEP][PASSED] - Script1742558545601.Rosseti(nameOfBlock): null

28-03-2025T10:48:08 - [TEST_STEP][PASSED] - println("nameOfBlock:" + nameOfBlock): null

28-03-2025T10:48:08 - [TEST_STEP][PASSED] - click(findTestObject("Выручка в рублях/ПАО Россети" + nameOfBlock)): Object: 'Object Repository/Выручка в рублях/ПАО Россети' is clicked on

28-03-2025T10:48:08 - [MESSAGE][PASSED] - Object: 'Object Repository/Выручка в рублях/ПАО Россети' is clicked on

28-03-2025T10:48:08 - [TEST_STEP][PASSED] - click(findTestObject("Выручка в рублях/Применить в фильтре ДЗО" + nameOfBlock)): Object: 'Object Repository/Выручка в рублях/Применить в фильтре ДЗО' is clicked on

28-03-2025T10:48:09 - [MESSAGE][PASSED] - Object: 'Object Repository/Выручка в рублях/Применить в фильтре ДЗО' is clicked on

28-03-2025T10:48:09 - [TEST_STEP][PASSED] - if (run == 2): null

28-03-2025T10:48:09 - [TEST_STEP][PASSED] - if (vir == 1 || vir == 2): null

28-03-2025T10:48:09 - [TEST_STEP][PASSED] - else: Text of object 'Object Repository/Выручка в рублях/vir3Plan' is: '2 971'

28-03-2025T10:48:09 - [TEST_STEP][PASSED] - a1 = getText(findTestObject("Выручка в рублях/vir3Plan")): Text of object 'Object Repository/Выручка в рублях/vir3Plan' is: '2 971'

28-03-2025T10:48:10 - [MESSAGE][PASSED] - Text of object 'Object Repository/Выручка в рублях/vir3Plan' is: '2 971'

28-03-2025T10:48:10 - [TEST_STEP][PASSED] - if (vir == 1 || vir == 2): null

28-03-2025T10:48:10 - [TEST_STEP][PASSED] - else: Text of object 'Object Repository/Выручка в рублях/vir3Fact' is: '2 402'

28-03-2025T10:48:10 - [TEST_STEP][PASSED] - a2 = getText(findTestObject("Выручка в рублях/vir3Fact")): Text of object 'Object Repository/Выручка в рублях/vir3Fact' is: '2 402'

28-03-2025T10:48:10 - [MESSAGE][PASSED] - Text of object 'Object Repository/Выручка в рублях/vir3Fact' is: '2 402'

28-03-2025T10:48:10 - [TEST_STEP][PASSED] - a30 = getText(findTestObject("Выручка в рублях/span1" + perc)): Text of object 'Object Repository/Выручка в рублях/span1' is: '-569 млн.руб.'

28-03-2025T10:48:11 - [MESSAGE][PASSED] - Text of object 'Object Repository/Выручка в рублях/span1' is: '-569 млн.руб.'

28-03-2025T10:48:11 - [TEST_STEP][PASSED] - i = a30.indexOf("млн.руб."): null

28-03-2025T10:48:11 - [TEST_STEP][PASSED] - if (i > -1): null

28-03-2025T10:48:11 - [TEST_STEP][PASSED] - a30 = a30.substring(0, i): null

28-03-2025T10:48:11 - [TEST_STEP][PASSED] - a30 = a30.replaceAll(" ", ""): null

28-03-2025T10:48:11 - [TEST_STEP][PASSED] - if (a30.contains("%")): null

28-03-2025T10:48:11 - [TEST_STEP][PASSED] - a30 = ").trim(): null

28-03-2025T10:48:11 - [TEST_STEP][PASSED] - println("a30: " + a30): null

28-03-2025T10:48:11 - [TEST_STEP][PASSED] - if (vir == 1): null

28-03-2025T10:48:11 - [TEST_STEP][PASSED] - else if (vir == 2): null

28-03-2025T10:48:11 - [TEST_STEP][PASSED] - else: Text of object 'Object Repository/Выручка в рублях/span5' is: '0'

28-03-2025T10:48:11 - [TEST_STEP][PASSED] - a32 = ").trim(): Text of object 'Object Repository/Выручка в рублях/span2' is: '23'

28-03-2025T10:48:11 - [MESSAGE][PASSED] - Text of object 'Object Repository/Выручка в рублях/span2' is: '23'

28-03-2025T10:48:11 - [TEST_STEP][PASSED] - a33 = ").trim(): Text of object 'Object Repository/Выручка в рублях/span3' is: '-83'

28-03-2025T10:48:11 - [MESSAGE][PASSED] - Text of object 'Object Repository/Выручка в рублях/span3' is: '-83'

28-03-2025T10:48:11 - [TEST_STEP][PASSED] - a38 = ").trim(): Text of object 'Object Repository/Выручка в рублях/span4' is: '-509'

28-03-2025T10:48:12 - [MESSAGE][PASSED] - Text of object 'Object Repository/Выручка в рублях/span4' is: '-509'

28-03-2025T10:48:12 - [TEST_STEP][PASSED] - a317 = ").trim(): Text of object 'Object Repository/Выручка в рублях/span5' is: '0'

28-03-2025T10:48:12 - [MESSAGE][PASSED] - Text of object 'Object Repository/Выручка в рублях/span5' is: '0'

28-03-2025T10:48:12 - [TEST_STEP][PASSED] - block = 2: null

28-03-2025T10:48:12 - [TEST_STEP][PASSED] - nameOfBlock = " Выручка": null

28-03-2025T10:48:12 - [TEST_STEP][PASSED] - Script1742558545601.PreSettings(run, vir, block, nameOfBlock, typeOfData, todaysDate): null

28-03-2025T10:48:12 - [TEST_STEP][PASSED] - openBrowser(""): Browser is opened with url: ''

28-03-2025T10:48:12 - [MESSAGE][WARNING] - A browser is already opened. Closing browser and opening a new one

28-03-2025T10:48:12 - [MESSAGE][INFO] - Starting 'Chrome' driver

28-03-2025T10:48:12 - [MESSAGE][INFO] - Action delay is set to 0 milliseconds

28-03-2025T10:48:13 - [MESSAGE][PASSED] - Browser is opened with url: ''

28-03-2025T10:48:13 - [TEST_STEP][PASSED] - refresh(): Refresh successfully

28-03-2025T10:48:13 - [MESSAGE][PASSED] - Refresh successfully

28-03-2025T10:48:13 - [TEST_STEP][PASSED] - delay(50): Delayed 50 second(s)

28-03-2025T10:49:03 - [MESSAGE][PASSED] - Delayed 50 second(s)

28-03-2025T10:49:03 - [TEST_STEP][PASSED] - println("run:" + run): null

28-03-2025T10:49:03 - [TEST_STEP][PASSED] - println("vir:" + vir): null

28-03-2025T10:49:03 - [TEST_STEP][PASSED] - println("block:" + block): null

28-03-2025T10:49:03 - [TEST_STEP][PASSED] - if (block == 1): null

28-03-2025T10:49:03 - [TEST_STEP][PASSED] - else: null

28-03-2025T10:49:03 - [TEST_STEP][PASSED] - nameOfBlock = " Выручка": null

28-03-2025T10:49:03 - [TEST_STEP][PASSED] - println("nameOfBlock:" + nameOfBlock): null

28-03-2025T10:49:03 - [TEST_STEP][PASSED] - println("typeOfData:" + typeOfData): null

28-03-2025T10:49:03 - [TEST_STEP][PASSED] - println("todaysDate:" + todaysDate): null

28-03-2025T10:49:03 - [TEST_STEP][PASSED] - Script1742558545601.Autorization(block, nameOfBlock): null

28-03-2025T10:49:03 - [TEST_STEP][PASSED] - i = <not implemented yet for class: org.codehaus.groovy.ast.expr.EmptyExpression>: null

28-03-2025T10:49:03 - [TEST_STEP][PASSED] - ii = <not implemented yet for class: org.codehaus.groovy.ast.expr.EmptyExpression>: null

28-03-2025T10:49:03 - [TEST_STEP][PASSED] - urlData = <not implemented yet for class: org.codehaus.groovy.ast.expr.EmptyExpression>: null

28-03-2025T10:49:03 - [TEST_STEP][PASSED] - searchWord = <not implemented yet for class: org.codehaus.groovy.ast.expr.EmptyExpression>: null

28-03-2025T10:49:03 - [TEST_STEP][PASSED] - urlText = <not implemented yet for class: org.codehaus.groovy.ast.expr.EmptyExpression>: null

28-03-2025T10:49:03 - [TEST_STEP][PASSED] - println("block:" + block): null

28-03-2025T10:49:03 - [TEST_STEP][PASSED] - if (block == 1): null

28-03-2025T10:49:03 - [TEST_STEP][PASSED] - else: null

28-03-2025T10:49:03 - [TEST_STEP][PASSED] - delay(45): Delayed 45 second(s)

28-03-2025T10:49:48 - [MESSAGE][PASSED] - Delayed 45 second(s)

28-03-2025T10:49:48 - [TEST_STEP][PASSED] - nameOfBlock = " Выручка": null

28-03-2025T10:49:48 - [TEST_STEP][PASSED] - println("nameOfBlock:" + nameOfBlock): null

28-03-2025T10:49:48 - [TEST_STEP][PASSED] - if (block == 1): null

28-03-2025T10:49:48 - [TEST_STEP][PASSED] - else: Delayed 45 second(s)

28-03-2025T10:49:48 - [TEST_STEP][PASSED] - urlData = 9: null

28-03-2025T10:49:48 - [TEST_STEP][PASSED] - delay(45): Delayed 45 second(s)

28-03-2025T10:50:33 - [MESSAGE][PASSED] - Delayed 45 second(s)

28-03-2025T10:50:33 - [TEST_STEP][PASSED] - navigateToUrl(findTestData("PlanFact").getValue(10, urlData)): Navigate to 'https://bi.rosseti.digital/viewer?dashboardGuid=a1fd28b3785d443cbc4d7690a1d78e31&sheetGuid=86092a20c5984827a0c87b24cac76a50&fit=true' successfully

28-03-2025T10:50:37 - [MESSAGE][PASSED] - Navigate to 'https://bi.rosseti.digital/viewer?dashboardGuid=a1fd28b3785d443cbc4d7690a1d78e31&sheetGuid=86092a20c5984827a0c87b24cac76a50&fit=true' successfully

28-03-2025T10:50:37 - [TEST_STEP][PASSED] - urlText = getText(findTestObject("Страница авторизации/Text")): Text of object 'Object Repository/Страница авторизации/Text' is: 'Вход'

28-03-2025T10:50:39 - [MESSAGE][PASSED] - Text of object 'Object Repository/Страница авторизации/Text' is: 'Вход'

28-03-2025T10:50:39 - [TEST_STEP][PASSED] - searchWord = "Вход": null

28-03-2025T10:50:39 - [TEST_STEP][PASSED] - if (urlText == null || urlText.contains("ошибка") || urlText.contains(searchWord) == false): null

28-03-2025T10:50:39 - [TEST_STEP][PASSED] - if (verifyElementPresent(findTestObject("Страница авторизации/button_"), 30) == true): null

28-03-2025T10:50:39 - [MESSAGE][PASSED] - Object 'Object Repository/Страница авторизации/button_' is present

28-03-2025T10:50:39 - [TEST_STEP][PASSED] - setText(findTestObject("Страница авторизации/input__username"), findTestData("PlanFact").getValue(8, 1)): Text 'liazgina-di' is set on object 'Object Repository/Страница авторизации/input__username'

28-03-2025T10:50:40 - [MESSAGE][PASSED] - Text 'liazgina-di' is set on object 'Object Repository/Страница авторизации/input__username'

28-03-2025T10:50:40 - [TEST_STEP][PASSED] - setText(findTestObject("Страница авторизации/input__password"), findTestData("PlanFact").getValue(9, 1)): Text ')$%5srZ8o688Dm#q' is set on object 'Object Repository/Страница авторизации/input__password'

28-03-2025T10:50:40 - [MESSAGE][PASSED] - Text ')$%5srZ8o688Dm#q' is set on object 'Object Repository/Страница авторизации/input__password'

28-03-2025T10:50:40 - [TEST_STEP][PASSED] - click(findTestObject("Страница авторизации/button_")): Object: 'Object Repository/Страница авторизации/button_' is clicked on

28-03-2025T10:50:41 - [MESSAGE][PASSED] - Object: 'Object Repository/Страница авторизации/button_' is clicked on

28-03-2025T10:50:41 - [TEST_STEP][PASSED] - delay(45): Delayed 45 second(s)

28-03-2025T10:51:26 - [MESSAGE][PASSED] - Delayed 45 second(s)

28-03-2025T10:51:26 - [TEST_STEP][PASSED] - urlText = getText(findTestObject("Страница авторизации/Text")): Text of object 'Object Repository/Страница авторизации/Text' is: 'Период
Выбрано: 2
Выручка
Все
Выполнение плановых показателей, млн.руб.
План
Факт
Динамика
2025 год
0 млн.руб.
50 000 млн.руб.
100 000 млн.руб.
150 000 млн.руб.
200 000 млн.руб.
250 000 млн.руб.
300 000 млн.руб.
350 000 млн.руб.
400 000 млн.руб.
318 025
268 560
↓
ДЗО 
Все
Подписи данных
⬤Отклонение
АО "РЭС"
АО «Тываэнерго»
АО «Чеченэнерго»
Россети Волга
Россети Кубань
Россети Ленэнерго (ГК)
Россети Московский регион
Россети Северный Кавказ (ГК)
Россети Северо-Запад
Россети Сибирь (ГК)
Россети Томск
Россети Тюмень
Россети Урал (ГК)
Россети ФСК ЕЭС
Россети Центр
Россети Центр и Приволжье (ГК)
Россети Юг (ГК)
Россети Янтарь
-30 000 млн.руб.
-27 500 млн.руб.
-25 000 млн.руб.
-22 500 млн.руб.
-20 000 млн.руб.
-17 500 млн.руб.
-15 000 млн.руб.
-12 500 млн.руб.
-10 000 млн.руб.
-7 500 млн.руб.
-5 000 млн.руб.
-2 500 млн.руб.
0 млн.руб.
2 500 млн.руб.
-170
-229
-76
-270
552
-244
-1 353
-805
-232
-6 501
-47
-10 407
-701
-28 384
-520
-197
68
50
млн.
%
Выручка
Отклонение выручки (факт/план, млн. руб) 
ПАО Россети
-49 464.8 млн.руб.
Статус данных
×
Просьба обратить внимание
Данные занесены не полностью
ВЫБРАННЫЕ ЗНАЧЕНИЯ ФИЛЬТРОВ
ДЗО | ПЕРИОД
ПАО Россети: [«Выбраны все филиалы по всем ДЗО по всем категориям»]
2025: [Янв, Фев]
*Внутренний оборот'

28-03-2025T10:51:27 - [MESSAGE][PASSED] - Text of object 'Object Repository/Страница авторизации/Text' is: 'Период
Выбрано: 2
Выручка
Все
Выполнение плановых показателей, млн.руб.
План
Факт
Динамика
2025 год
0 млн.руб.
50 000 млн.руб.
100 000 млн.руб.
150 000 млн.руб.
200 000 млн.руб.
250 000 млн.руб.
300 000 млн.руб.
350 000 млн.руб.
400 000 млн.руб.
318 025
268 560
↓
ДЗО 
Все
Подписи данных
⬤Отклонение
АО "РЭС"
АО «Тываэнерго»
АО «Чеченэнерго»
Россети Волга
Россети Кубань
Россети Ленэнерго (ГК)
Россети Московский регион
Россети Северный Кавказ (ГК)
Россети Северо-Запад
Россети Сибирь (ГК)
Россети Томск
Россети Тюмень
Россети Урал (ГК)
Россети ФСК ЕЭС
Россети Центр
Россети Центр и Приволжье (ГК)
Россети Юг (ГК)
Россети Янтарь
-30 000 млн.руб.
-27 500 млн.руб.
-25 000 млн.руб.
-22 500 млн.руб.
-20 000 млн.руб.
-17 500 млн.руб.
-15 000 млн.руб.
-12 500 млн.руб.
-10 000 млн.руб.
-7 500 млн.руб.
-5 000 млн.руб.
-2 500 млн.руб.
0 млн.руб.
2 500 млн.руб.
-170
-229
-76
-270
552
-244
-1 353
-805
-232
-6 501
-47
-10 407
-701
-28 384
-520
-197
68
50
млн.
%
Выручка
Отклонение выручки (факт/план, млн. руб) 
ПАО Россети
-49 464.8 млн.руб.
Статус данных
×
Просьба обратить внимание
Данные занесены не полностью
ВЫБРАННЫЕ ЗНАЧЕНИЯ ФИЛЬТРОВ
ДЗО | ПЕРИОД
ПАО Россети: [«Выбраны все филиалы по всем ДЗО по всем категориям»]
2025: [Янв, Фев]
*Внутренний оборот'

28-03-2025T10:51:27 - [TEST_STEP][PASSED] - searchWord = "а": null

28-03-2025T10:51:27 - [TEST_STEP][PASSED] - if (urlText.contains("ошибка") || urlText.contains(searchWord) == false): null

28-03-2025T10:51:27 - [TEST_STEP][PASSED] - delay(45): Delayed 45 second(s)

28-03-2025T10:52:12 - [MESSAGE][PASSED] - Delayed 45 second(s)

28-03-2025T10:52:12 - [TEST_STEP][PASSED] - if (block == 2): Delayed 50 second(s)

28-03-2025T10:52:12 - [TEST_STEP][PASSED] - opoveshenie = getText(findTestObject("Выручка в рублях/Просьба обратить внимание")): Text of object 'Object Repository/Выручка в рублях/Просьба обратить внимание' is: 'Просьба обратить внимание'

28-03-2025T10:52:12 - [MESSAGE][PASSED] - Text of object 'Object Repository/Выручка в рублях/Просьба обратить внимание' is: 'Просьба обратить внимание'

28-03-2025T10:52:12 - [TEST_STEP][PASSED] - if (opoveshenie == "Просьба обратить внимание"): Delayed 50 second(s)

28-03-2025T10:52:12 - [TEST_STEP][PASSED] - click(findTestObject("Выручка в рублях/Закрыть оповещение")): Object: 'Object Repository/Выручка в рублях/Закрыть оповещение' is clicked on

28-03-2025T10:52:13 - [MESSAGE][PASSED] - Object: 'Object Repository/Выручка в рублях/Закрыть оповещение' is clicked on

28-03-2025T10:52:13 - [TEST_STEP][PASSED] - delay(50): Delayed 50 second(s)

28-03-2025T10:53:03 - [MESSAGE][PASSED] - Delayed 50 second(s)

28-03-2025T10:53:03 - [TEST_STEP][PASSED] - click(findTestObject("Выручка в рублях/Фильтр Период" + nameOfBlock)): Object: 'Object Repository/Выручка в рублях/Фильтр Период Выручка' is clicked on

28-03-2025T10:53:03 - [MESSAGE][PASSED] - Object: 'Object Repository/Выручка в рублях/Фильтр Период Выручка' is clicked on

28-03-2025T10:53:03 - [TEST_STEP][PASSED] - click(findTestObject("Выручка в рублях/Снять выделение в фильтре Дата" + nameOfBlock)): Object: 'Object Repository/Выручка в рублях/Снять выделение в фильтре Дата Выручка' is clicked on

28-03-2025T10:53:04 - [MESSAGE][PASSED] - Object: 'Object Repository/Выручка в рублях/Снять выделение в фильтре Дата Выручка' is clicked on

28-03-2025T10:53:04 - [TEST_STEP][PASSED] - click(findTestObject("Выручка в рублях/Применить в фильтре Дата" + nameOfBlock)): Object: 'Object Repository/Выручка в рублях/Применить в фильтре Дата Выручка' is clicked on

28-03-2025T10:53:04 - [MESSAGE][PASSED] - Object: 'Object Repository/Выручка в рублях/Применить в фильтре Дата Выручка' is clicked on

28-03-2025T10:53:04 - [TEST_STEP][PASSED] - delay(50): Delayed 50 second(s)

28-03-2025T10:53:54 - [MESSAGE][PASSED] - Delayed 50 second(s)

28-03-2025T10:53:54 - [TEST_STEP][PASSED] - click(findTestObject("Выручка в рублях/Фильтр Период" + nameOfBlock)): Object: 'Object Repository/Выручка в рублях/Фильтр Период Выручка' is clicked on

28-03-2025T10:53:55 - [MESSAGE][PASSED] - Object: 'Object Repository/Выручка в рублях/Фильтр Период Выручка' is clicked on

28-03-2025T10:53:55 - [TEST_STEP][PASSED] - click(findTestObject("Выручка в рублях/Снять выделение в фильтре Дата" + nameOfBlock)): Object: 'Object Repository/Выручка в рублях/Снять выделение в фильтре Дата Выручка' is clicked on

28-03-2025T10:53:55 - [MESSAGE][PASSED] - Object: 'Object Repository/Выручка в рублях/Снять выделение в фильтре Дата Выручка' is clicked on

28-03-2025T10:53:55 - [TEST_STEP][PASSED] - scrollToElement(findTestObject("Выручка в рублях/2025 список" + nameOfBlock), 30): Scroll to object 'Object Repository/Выручка в рублях/2025 список Выручка' successfully

28-03-2025T10:53:55 - [MESSAGE][PASSED] - Scroll to object 'Object Repository/Выручка в рублях/2025 список Выручка' successfully

28-03-2025T10:53:55 - [TEST_STEP][PASSED] - click(findTestObject("Выручка в рублях/2025 список" + nameOfBlock)): Object: 'Object Repository/Выручка в рублях/2025 список Выручка' is clicked on

28-03-2025T10:53:56 - [MESSAGE][PASSED] - Object: 'Object Repository/Выручка в рублях/2025 список Выручка' is clicked on

28-03-2025T10:53:56 - [TEST_STEP][PASSED] - scrollToElement(findTestObject("Выручка в рублях/1 квартал 2025 список Выручка"), 30): Scroll to object 'Object Repository/Выручка в рублях/1 квартал 2025 список Выручка' successfully

28-03-2025T10:53:56 - [MESSAGE][PASSED] - Scroll to object 'Object Repository/Выручка в рублях/1 квартал 2025 список Выручка' successfully

28-03-2025T10:53:56 - [TEST_STEP][PASSED] - click(findTestObject("Выручка в рублях/1 квартал 2025 список" + nameOfBlock)): Object: 'Object Repository/Выручка в рублях/1 квартал 2025 список Выручка' is clicked on

28-03-2025T10:53:57 - [MESSAGE][PASSED] - Object: 'Object Repository/Выручка в рублях/1 квартал 2025 список Выручка' is clicked on

28-03-2025T10:53:57 - [TEST_STEP][PASSED] - scrollToElement(findTestObject("Выручка в рублях/Январь 2025" + nameOfBlock), 30): Scroll to object 'Object Repository/Выручка в рублях/Январь 2025 Выручка' successfully

28-03-2025T10:53:57 - [MESSAGE][PASSED] - Scroll to object 'Object Repository/Выручка в рублях/Январь 2025 Выручка' successfully

28-03-2025T10:53:57 - [TEST_STEP][PASSED] - click(findTestObject("Выручка в рублях/Январь 2025" + nameOfBlock)): Object: 'Object Repository/Выручка в рублях/Январь 2025 Выручка' is clicked on

28-03-2025T10:53:57 - [MESSAGE][PASSED] - Object: 'Object Repository/Выручка в рублях/Январь 2025 Выручка' is clicked on

28-03-2025T10:53:57 - [TEST_STEP][PASSED] - scrollToElement(findTestObject("Выручка в рублях/Заголовок дашборда" + nameOfBlock), 30): Scroll to object 'Object Repository/Выручка в рублях/Заголовок дашборда Выручка' successfully

28-03-2025T10:53:58 - [MESSAGE][PASSED] - Scroll to object 'Object Repository/Выручка в рублях/Заголовок дашборда Выручка' successfully

28-03-2025T10:53:58 - [TEST_STEP][PASSED] - click(findTestObject("Выручка в рублях/Применить в фильтре Дата" + nameOfBlock)): Object: 'Object Repository/Выручка в рублях/Применить в фильтре Дата Выручка' is clicked on

28-03-2025T10:53:58 - [MESSAGE][PASSED] - Object: 'Object Repository/Выручка в рублях/Применить в фильтре Дата Выручка' is clicked on

28-03-2025T10:53:58 - [TEST_STEP][PASSED] - delay(55): Delayed 55 second(s)

28-03-2025T10:54:53 - [MESSAGE][PASSED] - Delayed 55 second(s)

28-03-2025T10:54:53 - [TEST_STEP][PASSED] - click(findTestObject("Выручка в рублях/Фильтр ДЗО" + nameOfBlock)): Object: 'Object Repository/Выручка в рублях/Фильтр ДЗО Выручка' is clicked on

28-03-2025T10:54:54 - [MESSAGE][PASSED] - Object: 'Object Repository/Выручка в рублях/Фильтр ДЗО Выручка' is clicked on

28-03-2025T10:54:54 - [TEST_STEP][PASSED] - click(findTestObject("Выручка в рублях/Снять выделение в фильтре ДЗО" + nameOfBlock)): Object: 'Object Repository/Выручка в рублях/Снять выделение в фильтре ДЗО Выручка' is clicked on

28-03-2025T10:54:54 - [MESSAGE][PASSED] - Object: 'Object Repository/Выручка в рублях/Снять выделение в фильтре ДЗО Выручка' is clicked on

28-03-2025T10:54:54 - [TEST_STEP][PASSED] - click(findTestObject("Выручка в рублях/Применить в фильтре ДЗО" + nameOfBlock)): Object: 'Object Repository/Выручка в рублях/Применить в фильтре ДЗО Выручка' is clicked on

28-03-2025T10:54:55 - [MESSAGE][PASSED] - Object: 'Object Repository/Выручка в рублях/Применить в фильтре ДЗО Выручка' is clicked on

28-03-2025T10:54:55 - [TEST_STEP][PASSED] - delay(50): Delayed 50 second(s)

28-03-2025T10:55:45 - [MESSAGE][PASSED] - Delayed 50 second(s)

28-03-2025T10:55:45 - [TEST_STEP][PASSED] - Script1742558545601.Tumbler(run, vir, block, nameOfBlock): null

28-03-2025T10:55:45 - [TEST_STEP][PASSED] - println("run:" + run): null

28-03-2025T10:55:45 - [TEST_STEP][PASSED] - println("vir:" + vir): null

28-03-2025T10:55:45 - [TEST_STEP][PASSED] - println("block:" + block): null

28-03-2025T10:55:45 - [TEST_STEP][PASSED] - println("nameOfBlock:" + nameOfBlock): null

28-03-2025T10:55:45 - [TEST_STEP][PASSED] - if (vir == 1): null

28-03-2025T10:55:45 - [TEST_STEP][PASSED] - else if (vir == 2): null

28-03-2025T10:55:45 - [TEST_STEP][PASSED] - else if (vir == 3): Object: 'Object Repository/Выручка в рублях/Применить в фильтре Выручка Выручка' is clicked on

28-03-2025T10:55:45 - [TEST_STEP][PASSED] - if (run == 2): null

28-03-2025T10:55:45 - [TEST_STEP][PASSED] - click(findTestObject("Выручка в рублях/Фильтр Выручка" + nameOfBlock)): Object: 'Object Repository/Выручка в рублях/Фильтр Выручка Выручка' is clicked on

28-03-2025T10:55:45 - [MESSAGE][PASSED] - Object: 'Object Repository/Выручка в рублях/Фильтр Выручка Выручка' is clicked on

28-03-2025T10:55:45 - [TEST_STEP][PASSED] - click(findTestObject("Выручка в рублях/Внутренний оборот в фильтре Выручка" + nameOfBlock)): Object: 'Object Repository/Выручка в рублях/Внутренний оборот в фильтре Выручка Выручка' is clicked on

28-03-2025T10:55:46 - [MESSAGE][PASSED] - Object: 'Object Repository/Выручка в рублях/Внутренний оборот в фильтре Выручка Выручка' is clicked on

28-03-2025T10:55:46 - [TEST_STEP][PASSED] - click(findTestObject("Выручка в рублях/Применить в фильтре Выручка" + nameOfBlock)): Object: 'Object Repository/Выручка в рублях/Применить в фильтре Выручка Выручка' is clicked on

28-03-2025T10:55:46 - [MESSAGE][PASSED] - Object: 'Object Repository/Выручка в рублях/Применить в фильтре Выручка Выручка' is clicked on

28-03-2025T10:55:46 - [TEST_STEP][PASSED] - click(findTestObject("Выручка в рублях/Фильтр ДЗО" + nameOfBlock)): Object: 'Object Repository/Выручка в рублях/Фильтр ДЗО Выручка' is clicked on

28-03-2025T10:55:47 - [MESSAGE][PASSED] - Object: 'Object Repository/Выручка в рублях/Фильтр ДЗО Выручка' is clicked on

28-03-2025T10:55:47 - [TEST_STEP][PASSED] - Script1742558545601.Rosseti(nameOfBlock): null

28-03-2025T10:55:47 - [TEST_STEP][PASSED] - println("nameOfBlock:" + nameOfBlock): null

28-03-2025T10:55:47 - [TEST_STEP][PASSED] - click(findTestObject("Выручка в рублях/ПАО Россети" + nameOfBlock)): Object: 'Object Repository/Выручка в рублях/ПАО Россети Выручка' is clicked on

28-03-2025T10:55:48 - [MESSAGE][PASSED] - Object: 'Object Repository/Выручка в рублях/ПАО Россети Выручка' is clicked on

28-03-2025T10:55:48 - [TEST_STEP][PASSED] - click(findTestObject("Выручка в рублях/Применить в фильтре ДЗО" + nameOfBlock)): Object: 'Object Repository/Выручка в рублях/Применить в фильтре ДЗО Выручка' is clicked on

28-03-2025T10:55:49 - [MESSAGE][PASSED] - Object: 'Object Repository/Выручка в рублях/Применить в фильтре ДЗО Выручка' is clicked on

28-03-2025T10:55:49 - [TEST_STEP][PASSED] - if (vir == 1 || vir == 2): null

28-03-2025T10:55:49 - [TEST_STEP][PASSED] - else: Text of object 'Object Repository/Выручка в рублях/vir3Plan Выручка' is: '2 971'

28-03-2025T10:55:49 - [TEST_STEP][PASSED] - b1 = getText(findTestObject("Выручка в рублях/vir3Plan Выручка")): Text of object 'Object Repository/Выручка в рублях/vir3Plan Выручка' is: '2 971'

28-03-2025T10:55:49 - [MESSAGE][PASSED] - Text of object 'Object Repository/Выручка в рублях/vir3Plan Выручка' is: '2 971'

28-03-2025T10:55:49 - [TEST_STEP][PASSED] - if (vir == 1 || vir == 2): null

28-03-2025T10:55:49 - [TEST_STEP][PASSED] - else: Text of object 'Object Repository/Выручка в рублях/vir3Fact Выручка' is: '2 402'

28-03-2025T10:55:49 - [TEST_STEP][PASSED] - b2 = getText(findTestObject("Выручка в рублях/vir3Fact Выручка")): Text of object 'Object Repository/Выручка в рублях/vir3Fact Выручка' is: '2 402'

28-03-2025T10:55:50 - [MESSAGE][PASSED] - Text of object 'Object Repository/Выручка в рублях/vir3Fact Выручка' is: '2 402'

28-03-2025T10:55:50 - [TEST_STEP][PASSED] - b30 = getText(findTestObject("Выручка в рублях/span1" + perc)): Text of object 'Object Repository/Выручка в рублях/span1' is: '-569 млн.руб.'

28-03-2025T10:55:50 - [MESSAGE][PASSED] - Text of object 'Object Repository/Выручка в рублях/span1' is: '-569 млн.руб.'

28-03-2025T10:55:50 - [TEST_STEP][PASSED] - i = b30.indexOf("млн.руб."): null

28-03-2025T10:55:50 - [TEST_STEP][PASSED] - if (i > -1): null

28-03-2025T10:55:50 - [TEST_STEP][PASSED] - b30 = b30.substring(0, i): null

28-03-2025T10:55:50 - [TEST_STEP][PASSED] - b30 = b30.replaceAll(" ", ""): null

28-03-2025T10:55:50 - [TEST_STEP][PASSED] - if (b30.contains("%")): null

28-03-2025T10:55:50 - [TEST_STEP][PASSED] - b30 = ").trim(): null

28-03-2025T10:55:50 - [TEST_STEP][PASSED] - println("b30: " + b30): null

28-03-2025T10:55:50 - [TEST_STEP][PASSED] - if (vir == 1): null

28-03-2025T10:55:50 - [TEST_STEP][PASSED] - else if (vir == 2): null

28-03-2025T10:55:50 - [TEST_STEP][PASSED] - else: Text of object 'Object Repository/Выручка в рублях/span5' is: '0'

28-03-2025T10:55:50 - [TEST_STEP][PASSED] - b32 = ").trim(): Text of object 'Object Repository/Выручка в рублях/span2' is: '23'

28-03-2025T10:55:50 - [MESSAGE][PASSED] - Text of object 'Object Repository/Выручка в рублях/span2' is: '23'

28-03-2025T10:55:50 - [TEST_STEP][PASSED] - b33 = ").trim(): Text of object 'Object Repository/Выручка в рублях/span3' is: '-83'

28-03-2025T10:55:51 - [MESSAGE][PASSED] - Text of object 'Object Repository/Выручка в рублях/span3' is: '-83'

28-03-2025T10:55:51 - [TEST_STEP][PASSED] - b38 = ").trim(): Text of object 'Object Repository/Выручка в рублях/span4' is: '-509'

28-03-2025T10:55:51 - [MESSAGE][PASSED] - Text of object 'Object Repository/Выручка в рублях/span4' is: '-509'

28-03-2025T10:55:51 - [TEST_STEP][PASSED] - b317 = ").trim(): Text of object 'Object Repository/Выручка в рублях/span5' is: '0'

28-03-2025T10:55:51 - [MESSAGE][PASSED] - Text of object 'Object Repository/Выручка в рублях/span5' is: '0'

28-03-2025T10:55:51 - [TEST_STEP][PASSED] - dZO = "ПАО Россети": null

28-03-2025T10:55:51 - [TEST_STEP][PASSED] - if (verifyEqual(a1, b1) == false): Actual object '2 971' and expected object '2 971' are equal

28-03-2025T10:55:51 - [MESSAGE][PASSED] - Actual object '2 971' and expected object '2 971' are equal

28-03-2025T10:55:51 - [TEST_STEP][PASSED] - if (verifyEqual(a2, b2) == false): Actual object '2 402' and expected object '2 402' are equal

28-03-2025T10:55:51 - [MESSAGE][PASSED] - Actual object '2 402' and expected object '2 402' are equal

28-03-2025T10:55:51 - [TEST_STEP][PASSED] - vidget = "Отклонения": null

28-03-2025T10:55:51 - [TEST_STEP][PASSED] - if (verifyEqual(a30, b30) == false): Actual object '-569' and expected object '-569' are equal

28-03-2025T10:55:51 - [MESSAGE][PASSED] - Actual object '-569' and expected object '-569' are equal

28-03-2025T10:55:51 - [TEST_STEP][PASSED] - dZO = "АО «РЭС»": null

28-03-2025T10:55:51 - [TEST_STEP][PASSED] - if (verifyEqual(a31, b31) == false): Actual object 'null' and expected object 'null' are equal

28-03-2025T10:55:51 - [MESSAGE][PASSED] - Actual object 'null' and expected object 'null' are equal

28-03-2025T10:55:51 - [TEST_STEP][PASSED] - dZO = "АО «Тываэнерго»": null

28-03-2025T10:55:51 - [TEST_STEP][PASSED] - if (verifyEqual(a32, b32) == false): Actual object '23' and expected object '23' are equal

28-03-2025T10:55:51 - [MESSAGE][PASSED] - Actual object '23' and expected object '23' are equal

28-03-2025T10:55:51 - [TEST_STEP][PASSED] - dZO = "АО «Чеченэнерго»": null

28-03-2025T10:55:51 - [TEST_STEP][PASSED] - if (verifyEqual(a33, b33) == false): Actual object '-83' and expected object '-83' are equal

28-03-2025T10:55:51 - [MESSAGE][PASSED] - Actual object '-83' and expected object '-83' are equal

28-03-2025T10:55:51 - [TEST_STEP][PASSED] - dZO = "Россети Волга": null

28-03-2025T10:55:51 - [TEST_STEP][PASSED] - if (verifyEqual(a34, b34) == false): Actual object 'null' and expected object 'null' are equal

28-03-2025T10:55:51 - [MESSAGE][PASSED] - Actual object 'null' and expected object 'null' are equal

28-03-2025T10:55:51 - [TEST_STEP][PASSED] - dZO = "Россети Кубань": null

28-03-2025T10:55:51 - [TEST_STEP][PASSED] - if (verifyEqual(a35, b35) == false): Actual object 'null' and expected object 'null' are equal

28-03-2025T10:55:51 - [MESSAGE][PASSED] - Actual object 'null' and expected object 'null' are equal

28-03-2025T10:55:51 - [TEST_STEP][PASSED] - dZO = "Россети Ленэнерго (ГК)": null

28-03-2025T10:55:51 - [TEST_STEP][PASSED] - if (verifyEqual(a36, b36) == false): Actual object 'null' and expected object 'null' are equal

28-03-2025T10:55:51 - [MESSAGE][PASSED] - Actual object 'null' and expected object 'null' are equal

28-03-2025T10:55:51 - [TEST_STEP][PASSED] - dZO = "Россети Московский регион": null

28-03-2025T10:55:51 - [TEST_STEP][PASSED] - if (verifyEqual(a37, b37) == false): Actual object 'null' and expected object 'null' are equal

28-03-2025T10:55:51 - [MESSAGE][PASSED] - Actual object 'null' and expected object 'null' are equal

28-03-2025T10:55:51 - [TEST_STEP][PASSED] - dZO = "Россети Северный Кавказ (ГК)": null

28-03-2025T10:55:51 - [TEST_STEP][PASSED] - if (verifyEqual(a38, b38) == false): Actual object '-509' and expected object '-509' are equal

28-03-2025T10:55:51 - [MESSAGE][PASSED] - Actual object '-509' and expected object '-509' are equal

28-03-2025T10:55:51 - [TEST_STEP][PASSED] - dZO = "Россети Северо-Запад": null

28-03-2025T10:55:51 - [TEST_STEP][PASSED] - if (verifyEqual(a39, b39) == false): Actual object 'null' and expected object 'null' are equal

28-03-2025T10:55:51 - [MESSAGE][PASSED] - Actual object 'null' and expected object 'null' are equal

28-03-2025T10:55:51 - [TEST_STEP][PASSED] - dZO = "Россети Сибирь (ГК)": null

28-03-2025T10:55:51 - [TEST_STEP][PASSED] - if (verifyEqual(a310, b310) == false): Actual object 'null' and expected object 'null' are equal

28-03-2025T10:55:51 - [MESSAGE][PASSED] - Actual object 'null' and expected object 'null' are equal

28-03-2025T10:55:51 - [TEST_STEP][PASSED] - dZO = "Россети Томск": null

28-03-2025T10:55:51 - [TEST_STEP][PASSED] - if (verifyEqual(a311, b311) == false): Actual object 'null' and expected object 'null' are equal

28-03-2025T10:55:51 - [MESSAGE][PASSED] - Actual object 'null' and expected object 'null' are equal

28-03-2025T10:55:51 - [TEST_STEP][PASSED] - dZO = "Россети Тюмень": null

28-03-2025T10:55:51 - [TEST_STEP][PASSED] - if (verifyEqual(a312, b312) == false): Actual object 'null' and expected object 'null' are equal

28-03-2025T10:55:51 - [MESSAGE][PASSED] - Actual object 'null' and expected object 'null' are equal

28-03-2025T10:55:51 - [TEST_STEP][PASSED] - dZO = "Россети Урал (ГК)": null

28-03-2025T10:55:51 - [TEST_STEP][PASSED] - if (verifyEqual(a313, b313) == false): Actual object 'null' and expected object 'null' are equal

28-03-2025T10:55:51 - [MESSAGE][PASSED] - Actual object 'null' and expected object 'null' are equal

28-03-2025T10:55:51 - [TEST_STEP][PASSED] - dZO = "Россети ФСК ЕЭС": null

28-03-2025T10:55:51 - [TEST_STEP][PASSED] - if (verifyEqual(a314, b314) == false): Actual object 'null' and expected object 'null' are equal

28-03-2025T10:55:51 - [MESSAGE][PASSED] - Actual object 'null' and expected object 'null' are equal

28-03-2025T10:55:51 - [TEST_STEP][PASSED] - dZO = "Россети Центр": null

28-03-2025T10:55:51 - [TEST_STEP][PASSED] - if (verifyEqual(a315, b315) == false): Actual object 'null' and expected object 'null' are equal

28-03-2025T10:55:51 - [MESSAGE][PASSED] - Actual object 'null' and expected object 'null' are equal

28-03-2025T10:55:51 - [TEST_STEP][PASSED] - dZO = "Россети Центр и Приволжье (ГК)": null

28-03-2025T10:55:51 - [TEST_STEP][PASSED] - if (verifyEqual(a316, b316) == false): Actual object 'null' and expected object 'null' are equal

28-03-2025T10:55:51 - [MESSAGE][PASSED] - Actual object 'null' and expected object 'null' are equal

28-03-2025T10:55:51 - [TEST_STEP][PASSED] - dZO = "Россети Юг (ГК)": null

28-03-2025T10:55:51 - [TEST_STEP][PASSED] - if (verifyEqual(a317, b317) == false): Actual object '0' and expected object '0' are equal

28-03-2025T10:55:51 - [MESSAGE][PASSED] - Actual object '0' and expected object '0' are equal

28-03-2025T10:55:51 - [TEST_STEP][PASSED] - dZO = "Россети Янтарь": null

28-03-2025T10:55:51 - [TEST_STEP][PASSED] - if (verifyEqual(a318, b318) == false): Actual object 'null' and expected object 'null' are equal

28-03-2025T10:55:51 - [MESSAGE][PASSED] - Actual object 'null' and expected object 'null' are equal

28-03-2025T10:55:51 - [TEST_STEP][PASSED] - closeBrowser(): null

28-03-2025T10:55:52 - [MESSAGE][PASSED] - Browser is closed

28-03-2025T10:55:52 - [TEST_STEP][PASSED] - Script1742558545601.ViruchkaChange(run, vir, block, nameOfBlock, typeOfData, viruchka, vidget, todaysDate, a, b, dZO, x, y): null

28-03-2025T10:55:52 - [TEST_STEP][PASSED] - for ([vir = 1, vir < 4, (vir++)]): null

28-03-2025T10:55:52 - [TEST_STEP][PASSED] - Script1742558545601.Blocks(run, vir, block, nameOfBlock, typeOfData, viruchka, vidget, todaysDate, a, b, dZO, x, y): null

28-03-2025T10:55:52 - [TEST_STEP][PASSED] - i = <not implemented yet for class: org.codehaus.groovy.ast.expr.EmptyExpression>: null

28-03-2025T10:55:52 - [TEST_STEP][PASSED] - perc = "": null

28-03-2025T10:55:52 - [TEST_STEP][PASSED] - a1 = <not implemented yet for class: org.codehaus.groovy.ast.expr.EmptyExpression>: null

28-03-2025T10:55:52 - [TEST_STEP][PASSED] - a2 = <not implemented yet for class: org.codehaus.groovy.ast.expr.EmptyExpression>: null

28-03-2025T10:55:52 - [TEST_STEP][PASSED] - a30 = <not implemented yet for class: org.codehaus.groovy.ast.expr.EmptyExpression>: null

28-03-2025T10:55:52 - [TEST_STEP][PASSED] - a31 = <not implemented yet for class: org.codehaus.groovy.ast.expr.EmptyExpression>: null

28-03-2025T10:55:52 - [TEST_STEP][PASSED] - a32 = <not implemented yet for class: org.codehaus.groovy.ast.expr.EmptyExpression>: null

28-03-2025T10:55:52 - [TEST_STEP][PASSED] - a33 = <not implemented yet for class: org.codehaus.groovy.ast.expr.EmptyExpression>: null

28-03-2025T10:55:52 - [TEST_STEP][PASSED] - a34 = <not implemented yet for class: org.codehaus.groovy.ast.expr.EmptyExpression>: null

28-03-2025T10:55:52 - [TEST_STEP][PASSED] - a35 = <not implemented yet for class: org.codehaus.groovy.ast.expr.EmptyExpression>: null

28-03-2025T10:55:52 - [TEST_STEP][PASSED] - a36 = <not implemented yet for class: org.codehaus.groovy.ast.expr.EmptyExpression>: null

28-03-2025T10:55:52 - [TEST_STEP][PASSED] - a37 = <not implemented yet for class: org.codehaus.groovy.ast.expr.EmptyExpression>: null

28-03-2025T10:55:52 - [TEST_STEP][PASSED] - a38 = <not implemented yet for class: org.codehaus.groovy.ast.expr.EmptyExpression>: null

28-03-2025T10:55:52 - [TEST_STEP][PASSED] - a39 = <not implemented yet for class: org.codehaus.groovy.ast.expr.EmptyExpression>: null

28-03-2025T10:55:52 - [TEST_STEP][PASSED] - a310 = <not implemented yet for class: org.codehaus.groovy.ast.expr.EmptyExpression>: null

28-03-2025T10:55:52 - [TEST_STEP][PASSED] - a311 = <not implemented yet for class: org.codehaus.groovy.ast.expr.EmptyExpression>: null

28-03-2025T10:55:52 - [TEST_STEP][PASSED] - a312 = <not implemented yet for class: org.codehaus.groovy.ast.expr.EmptyExpression>: null

28-03-2025T10:55:52 - [TEST_STEP][PASSED] - a313 = <not implemented yet for class: org.codehaus.groovy.ast.expr.EmptyExpression>: null

28-03-2025T10:55:52 - [TEST_STEP][PASSED] - a314 = <not implemented yet for class: org.codehaus.groovy.ast.expr.EmptyExpression>: null

28-03-2025T10:55:52 - [TEST_STEP][PASSED] - a315 = <not implemented yet for class: org.codehaus.groovy.ast.expr.EmptyExpression>: null

28-03-2025T10:55:52 - [TEST_STEP][PASSED] - a316 = <not implemented yet for class: org.codehaus.groovy.ast.expr.EmptyExpression>: null

28-03-2025T10:55:52 - [TEST_STEP][PASSED] - a317 = <not implemented yet for class: org.codehaus.groovy.ast.expr.EmptyExpression>: null

28-03-2025T10:55:52 - [TEST_STEP][PASSED] - a318 = <not implemented yet for class: org.codehaus.groovy.ast.expr.EmptyExpression>: null

28-03-2025T10:55:52 - [TEST_STEP][PASSED] - b1 = <not implemented yet for class: org.codehaus.groovy.ast.expr.EmptyExpression>: null

28-03-2025T10:55:52 - [TEST_STEP][PASSED] - b2 = <not implemented yet for class: org.codehaus.groovy.ast.expr.EmptyExpression>: null

28-03-2025T10:55:52 - [TEST_STEP][PASSED] - b30 = <not implemented yet for class: org.codehaus.groovy.ast.expr.EmptyExpression>: null

28-03-2025T10:55:52 - [TEST_STEP][PASSED] - b31 = <not implemented yet for class: org.codehaus.groovy.ast.expr.EmptyExpression>: null

28-03-2025T10:55:52 - [TEST_STEP][PASSED] - b32 = <not implemented yet for class: org.codehaus.groovy.ast.expr.EmptyExpression>: null

28-03-2025T10:55:52 - [TEST_STEP][PASSED] - b33 = <not implemented yet for class: org.codehaus.groovy.ast.expr.EmptyExpression>: null

28-03-2025T10:55:52 - [TEST_STEP][PASSED] - b34 = <not implemented yet for class: org.codehaus.groovy.ast.expr.EmptyExpression>: null

28-03-2025T10:55:52 - [TEST_STEP][PASSED] - b35 = <not implemented yet for class: org.codehaus.groovy.ast.expr.EmptyExpression>: null

28-03-2025T10:55:52 - [TEST_STEP][PASSED] - b36 = <not implemented yet for class: org.codehaus.groovy.ast.expr.EmptyExpression>: null

28-03-2025T10:55:52 - [TEST_STEP][PASSED] - b37 = <not implemented yet for class: org.codehaus.groovy.ast.expr.EmptyExpression>: null

28-03-2025T10:55:52 - [TEST_STEP][PASSED] - b38 = <not implemented yet for class: org.codehaus.groovy.ast.expr.EmptyExpression>: null

28-03-2025T10:55:52 - [TEST_STEP][PASSED] - b39 = <not implemented yet for class: org.codehaus.groovy.ast.expr.EmptyExpression>: null

28-03-2025T10:55:52 - [TEST_STEP][PASSED] - b310 = <not implemented yet for class: org.codehaus.groovy.ast.expr.EmptyExpression>: null

28-03-2025T10:55:52 - [TEST_STEP][PASSED] - b311 = <not implemented yet for class: org.codehaus.groovy.ast.expr.EmptyExpression>: null

28-03-2025T10:55:52 - [TEST_STEP][PASSED] - b312 = <not implemented yet for class: org.codehaus.groovy.ast.expr.EmptyExpression>: null

28-03-2025T10:55:52 - [TEST_STEP][PASSED] - b313 = <not implemented yet for class: org.codehaus.groovy.ast.expr.EmptyExpression>: null

28-03-2025T10:55:52 - [TEST_STEP][PASSED] - b314 = <not implemented yet for class: org.codehaus.groovy.ast.expr.EmptyExpression>: null

28-03-2025T10:55:52 - [TEST_STEP][PASSED] - b315 = <not implemented yet for class: org.codehaus.groovy.ast.expr.EmptyExpression>: null

28-03-2025T10:55:52 - [TEST_STEP][PASSED] - b316 = <not implemented yet for class: org.codehaus.groovy.ast.expr.EmptyExpression>: null

28-03-2025T10:55:52 - [TEST_STEP][PASSED] - b317 = <not implemented yet for class: org.codehaus.groovy.ast.expr.EmptyExpression>: null

28-03-2025T10:55:52 - [TEST_STEP][PASSED] - b318 = <not implemented yet for class: org.codehaus.groovy.ast.expr.EmptyExpression>: null

28-03-2025T10:55:52 - [TEST_STEP][PASSED] - block = 1: null

28-03-2025T10:55:52 - [TEST_STEP][PASSED] - nameOfBlock = "": null

28-03-2025T10:55:52 - [TEST_STEP][PASSED] - Script1742558545601.PreSettings(run, vir, block, nameOfBlock, typeOfData, todaysDate): null

28-03-2025T10:55:52 - [TEST_STEP][PASSED] - openBrowser(""): Browser is opened with url: ''

28-03-2025T10:55:52 - [MESSAGE][INFO] - Starting 'Chrome' driver

28-03-2025T10:55:52 - [MESSAGE][INFO] - Action delay is set to 0 milliseconds

28-03-2025T10:55:53 - [MESSAGE][PASSED] - Browser is opened with url: ''

28-03-2025T10:55:53 - [TEST_STEP][PASSED] - refresh(): Refresh successfully

28-03-2025T10:55:53 - [MESSAGE][PASSED] - Refresh successfully

28-03-2025T10:55:53 - [TEST_STEP][PASSED] - delay(50): Delayed 50 second(s)

28-03-2025T10:56:43 - [MESSAGE][PASSED] - Delayed 50 second(s)

28-03-2025T10:56:43 - [TEST_STEP][PASSED] - println("run:" + run): null

28-03-2025T10:56:43 - [TEST_STEP][PASSED] - println("vir:" + vir): null

28-03-2025T10:56:43 - [TEST_STEP][PASSED] - println("block:" + block): null

28-03-2025T10:56:43 - [TEST_STEP][PASSED] - if (block == 1): null

28-03-2025T10:56:43 - [TEST_STEP][PASSED] - nameOfBlock = "": null

28-03-2025T10:56:43 - [TEST_STEP][PASSED] - println("nameOfBlock:" + nameOfBlock): null

28-03-2025T10:56:43 - [TEST_STEP][PASSED] - println("typeOfData:" + typeOfData): null

28-03-2025T10:56:43 - [TEST_STEP][PASSED] - println("todaysDate:" + todaysDate): null

28-03-2025T10:56:43 - [TEST_STEP][PASSED] - Script1742558545601.Autorization(block, nameOfBlock): null

28-03-2025T10:56:43 - [TEST_STEP][PASSED] - i = <not implemented yet for class: org.codehaus.groovy.ast.expr.EmptyExpression>: null

28-03-2025T10:56:43 - [TEST_STEP][PASSED] - ii = <not implemented yet for class: org.codehaus.groovy.ast.expr.EmptyExpression>: null

28-03-2025T10:56:43 - [TEST_STEP][PASSED] - urlData = <not implemented yet for class: org.codehaus.groovy.ast.expr.EmptyExpression>: null

28-03-2025T10:56:43 - [TEST_STEP][PASSED] - searchWord = <not implemented yet for class: org.codehaus.groovy.ast.expr.EmptyExpression>: null

28-03-2025T10:56:43 - [TEST_STEP][PASSED] - urlText = <not implemented yet for class: org.codehaus.groovy.ast.expr.EmptyExpression>: null

28-03-2025T10:56:43 - [TEST_STEP][PASSED] - println("block:" + block): null

28-03-2025T10:56:43 - [TEST_STEP][PASSED] - if (block == 1): null

28-03-2025T10:56:43 - [TEST_STEP][PASSED] - nameOfBlock = "": null

28-03-2025T10:56:43 - [TEST_STEP][PASSED] - println("nameOfBlock:" + nameOfBlock): null

28-03-2025T10:56:43 - [TEST_STEP][PASSED] - if (block == 1): Delayed 45 second(s)

28-03-2025T10:56:43 - [TEST_STEP][PASSED] - urlData = 2: null

28-03-2025T10:56:43 - [TEST_STEP][PASSED] - delay(45): Delayed 45 second(s)

28-03-2025T10:57:28 - [MESSAGE][PASSED] - Delayed 45 second(s)

28-03-2025T10:57:28 - [TEST_STEP][PASSED] - navigateToUrl(findTestData("PlanFact").getValue(10, urlData)): Navigate to 'https://bi.rosseti.digital/viewer?dashboardGuid=2301950b23be4ed89c1df75f2020051e&sheetGuid=b723206f698544fb87299f3095c00435&fit=true' successfully

28-03-2025T10:57:33 - [MESSAGE][PASSED] - Navigate to 'https://bi.rosseti.digital/viewer?dashboardGuid=2301950b23be4ed89c1df75f2020051e&sheetGuid=b723206f698544fb87299f3095c00435&fit=true' successfully

28-03-2025T10:57:33 - [TEST_STEP][PASSED] - urlText = getText(findTestObject("Страница авторизации/Text")): Text of object 'Object Repository/Страница авторизации/Text' is: 'Вход'

28-03-2025T10:57:35 - [MESSAGE][PASSED] - Text of object 'Object Repository/Страница авторизации/Text' is: 'Вход'

28-03-2025T10:57:35 - [TEST_STEP][PASSED] - searchWord = "Вход": null

28-03-2025T10:57:35 - [TEST_STEP][PASSED] - if (urlText == null || urlText.contains("ошибка") || urlText.contains(searchWord) == false): null

28-03-2025T10:57:35 - [TEST_STEP][PASSED] - if (verifyElementPresent(findTestObject("Страница авторизации/button_"), 30) == true): null

28-03-2025T10:57:35 - [MESSAGE][PASSED] - Object 'Object Repository/Страница авторизации/button_' is present

28-03-2025T10:57:35 - [TEST_STEP][PASSED] - setText(findTestObject("Страница авторизации/input__username"), findTestData("PlanFact").getValue(8, 1)): Text 'liazgina-di' is set on object 'Object Repository/Страница авторизации/input__username'

28-03-2025T10:57:36 - [MESSAGE][PASSED] - Text 'liazgina-di' is set on object 'Object Repository/Страница авторизации/input__username'

28-03-2025T10:57:36 - [TEST_STEP][PASSED] - setText(findTestObject("Страница авторизации/input__password"), findTestData("PlanFact").getValue(9, 1)): Text ')$%5srZ8o688Dm#q' is set on object 'Object Repository/Страница авторизации/input__password'

28-03-2025T10:57:37 - [MESSAGE][PASSED] - Text ')$%5srZ8o688Dm#q' is set on object 'Object Repository/Страница авторизации/input__password'

28-03-2025T10:57:37 - [TEST_STEP][PASSED] - click(findTestObject("Страница авторизации/button_")): Object: 'Object Repository/Страница авторизации/button_' is clicked on

28-03-2025T10:57:38 - [MESSAGE][PASSED] - Object: 'Object Repository/Страница авторизации/button_' is clicked on

28-03-2025T10:57:38 - [TEST_STEP][PASSED] - delay(45): Delayed 45 second(s)

28-03-2025T10:58:23 - [MESSAGE][PASSED] - Delayed 45 second(s)

28-03-2025T10:58:23 - [TEST_STEP][PASSED] - urlText = getText(findTestObject("Страница авторизации/Text")): Text of object 'Object Repository/Страница авторизации/Text' is: 'Период
Январь, Февраль 2025 года
Выручка
Все
Выполнение плановых показателей по ПАО Россети за Январь, Февраль 2025 года
План
Факт
Динамика
2025 год
0 млн.руб.
25 000 млн.руб.
50 000 млн.руб.
75 000 млн.руб.
100 000 млн.руб.
125 000 млн.руб.
150 000 млн.руб.
175 000 млн.руб.
200 000 млн.руб.
225 000 млн.руб.
250 000 млн.руб.
275 000 млн.руб.
300 000 млн.руб.
325 000 млн.руб.
350 000 млн.руб.
375 000 млн.руб.
318 025
268 560
↓
ДЗО 
ПАО Россети
Внутренний оборот - выручка за услуги по передаче электрической энергии, учтенная в выручке за электроэнергию для конечных потребителей, при выполнении ДЗО функций гарантирующего поставщика
Подписи данных
⬤Отклонение
АО "РЭС"
АО «Тываэнерго»
АО «Чеченэнерго»
Россети Волга
Россети Кубань
Россети Ленэнерго (ГК)
Россети Московский регион
Россети Северный Кавказ (ГК)
Россети Северо-Запад
Россети Сибирь (ГК)
Россети Томск
Россети Тюмень
Россети Урал (ГК)
Россети ФСК ЕЭС
Россети Центр
Россети Центр и Приволжье (ГК)
Россети Юг (ГК)
Россети Янтарь
-30 000млн.руб.
-25 000млн.руб.
-20 000млн.руб.
-15 000млн.руб.
-10 000млн.руб.
-5 000млн.руб.
0 млн.руб.
5 00…
-170
-229
-76
-270
552
-244
-1 353
-805
-232
-6 501
-47
-10 407
-701
-28 384
-520
-197
68
50
млн.
%
Выручка
Отклонение выручки по ПАО Россети за Январь, Февраль 2025 года (факт/план, млн. руб)
ПАО Россети
-49 464.8 млн.руб.
 '

28-03-2025T10:58:24 - [MESSAGE][PASSED] - Text of object 'Object Repository/Страница авторизации/Text' is: 'Период
Январь, Февраль 2025 года
Выручка
Все
Выполнение плановых показателей по ПАО Россети за Январь, Февраль 2025 года
План
Факт
Динамика
2025 год
0 млн.руб.
25 000 млн.руб.
50 000 млн.руб.
75 000 млн.руб.
100 000 млн.руб.
125 000 млн.руб.
150 000 млн.руб.
175 000 млн.руб.
200 000 млн.руб.
225 000 млн.руб.
250 000 млн.руб.
275 000 млн.руб.
300 000 млн.руб.
325 000 млн.руб.
350 000 млн.руб.
375 000 млн.руб.
318 025
268 560
↓
ДЗО 
ПАО Россети
Внутренний оборот - выручка за услуги по передаче электрической энергии, учтенная в выручке за электроэнергию для конечных потребителей, при выполнении ДЗО функций гарантирующего поставщика
Подписи данных
⬤Отклонение
АО "РЭС"
АО «Тываэнерго»
АО «Чеченэнерго»
Россети Волга
Россети Кубань
Россети Ленэнерго (ГК)
Россети Московский регион
Россети Северный Кавказ (ГК)
Россети Северо-Запад
Россети Сибирь (ГК)
Россети Томск
Россети Тюмень
Россети Урал (ГК)
Россети ФСК ЕЭС
Россети Центр
Россети Центр и Приволжье (ГК)
Россети Юг (ГК)
Россети Янтарь
-30 000млн.руб.
-25 000млн.руб.
-20 000млн.руб.
-15 000млн.руб.
-10 000млн.руб.
-5 000млн.руб.
0 млн.руб.
5 00…
-170
-229
-76
-270
552
-244
-1 353
-805
-232
-6 501
-47
-10 407
-701
-28 384
-520
-197
68
50
млн.
%
Выручка
Отклонение выручки по ПАО Россети за Январь, Февраль 2025 года (факт/план, млн. руб)
ПАО Россети
-49 464.8 млн.руб.
 '

28-03-2025T10:58:24 - [TEST_STEP][PASSED] - searchWord = "а": null

28-03-2025T10:58:24 - [TEST_STEP][PASSED] - if (urlText.contains("ошибка") || urlText.contains(searchWord) == false): null

28-03-2025T10:58:24 - [TEST_STEP][PASSED] - delay(45): Delayed 45 second(s)

28-03-2025T10:59:09 - [MESSAGE][PASSED] - Delayed 45 second(s)

28-03-2025T10:59:09 - [TEST_STEP][PASSED] - if (block == 2): null

28-03-2025T10:59:09 - [TEST_STEP][PASSED] - click(findTestObject("Выручка в рублях/Фильтр Период" + nameOfBlock)): Object: 'Object Repository/Выручка в рублях/Фильтр Период' is clicked on

28-03-2025T10:59:09 - [MESSAGE][PASSED] - Object: 'Object Repository/Выручка в рублях/Фильтр Период' is clicked on

28-03-2025T10:59:09 - [TEST_STEP][PASSED] - click(findTestObject("Выручка в рублях/Снять выделение в фильтре Дата" + nameOfBlock)): Object: 'Object Repository/Выручка в рублях/Снять выделение в фильтре Дата' is clicked on

28-03-2025T10:59:10 - [MESSAGE][PASSED] - Object: 'Object Repository/Выручка в рублях/Снять выделение в фильтре Дата' is clicked on

28-03-2025T10:59:10 - [TEST_STEP][PASSED] - click(findTestObject("Выручка в рублях/Применить в фильтре Дата" + nameOfBlock)): Object: 'Object Repository/Выручка в рублях/Применить в фильтре Дата' is clicked on

28-03-2025T10:59:10 - [MESSAGE][PASSED] - Object: 'Object Repository/Выручка в рублях/Применить в фильтре Дата' is clicked on

28-03-2025T10:59:10 - [TEST_STEP][PASSED] - delay(50): Delayed 50 second(s)

28-03-2025T11:00:00 - [MESSAGE][PASSED] - Delayed 50 second(s)

28-03-2025T11:00:00 - [TEST_STEP][PASSED] - click(findTestObject("Выручка в рублях/Фильтр Период" + nameOfBlock)): Object: 'Object Repository/Выручка в рублях/Фильтр Период' is clicked on

28-03-2025T11:00:00 - [MESSAGE][PASSED] - Object: 'Object Repository/Выручка в рублях/Фильтр Период' is clicked on

28-03-2025T11:00:00 - [TEST_STEP][PASSED] - click(findTestObject("Выручка в рублях/Снять выделение в фильтре Дата" + nameOfBlock)): Object: 'Object Repository/Выручка в рублях/Снять выделение в фильтре Дата' is clicked on

28-03-2025T11:00:01 - [MESSAGE][PASSED] - Object: 'Object Repository/Выручка в рублях/Снять выделение в фильтре Дата' is clicked on

28-03-2025T11:00:01 - [TEST_STEP][PASSED] - scrollToElement(findTestObject("Выручка в рублях/2025 список" + nameOfBlock), 30): Scroll to object 'Object Repository/Выручка в рублях/2025 список' successfully

28-03-2025T11:00:01 - [MESSAGE][PASSED] - Scroll to object 'Object Repository/Выручка в рублях/2025 список' successfully

28-03-2025T11:00:01 - [TEST_STEP][PASSED] - click(findTestObject("Выручка в рублях/2025 список" + nameOfBlock)): Object: 'Object Repository/Выручка в рублях/2025 список' is clicked on

28-03-2025T11:00:02 - [MESSAGE][PASSED] - Object: 'Object Repository/Выручка в рублях/2025 список' is clicked on

28-03-2025T11:00:02 - [TEST_STEP][PASSED] - scrollToElement(findTestObject("Выручка в рублях/1 квартал 2025 список Выручка"), 30): Scroll to object 'Object Repository/Выручка в рублях/1 квартал 2025 список Выручка' successfully

28-03-2025T11:00:02 - [MESSAGE][PASSED] - Scroll to object 'Object Repository/Выручка в рублях/1 квартал 2025 список Выручка' successfully

28-03-2025T11:00:02 - [TEST_STEP][PASSED] - click(findTestObject("Выручка в рублях/1 квартал 2025 список" + nameOfBlock)): Object: 'Object Repository/Выручка в рублях/1 квартал 2025 список' is clicked on

28-03-2025T11:00:02 - [MESSAGE][PASSED] - Object: 'Object Repository/Выручка в рублях/1 квартал 2025 список' is clicked on

28-03-2025T11:00:02 - [TEST_STEP][PASSED] - scrollToElement(findTestObject("Выручка в рублях/Январь 2025" + nameOfBlock), 30): Scroll to object 'Object Repository/Выручка в рублях/Январь 2025' successfully

28-03-2025T11:00:03 - [MESSAGE][PASSED] - Scroll to object 'Object Repository/Выручка в рублях/Январь 2025' successfully

28-03-2025T11:00:03 - [TEST_STEP][PASSED] - click(findTestObject("Выручка в рублях/Январь 2025" + nameOfBlock)): Object: 'Object Repository/Выручка в рублях/Январь 2025' is clicked on

28-03-2025T11:00:03 - [MESSAGE][PASSED] - Object: 'Object Repository/Выручка в рублях/Январь 2025' is clicked on

28-03-2025T11:00:03 - [TEST_STEP][PASSED] - scrollToElement(findTestObject("Выручка в рублях/Заголовок дашборда" + nameOfBlock), 30): Scroll to object 'Object Repository/Выручка в рублях/Заголовок дашборда' successfully

28-03-2025T11:00:04 - [MESSAGE][PASSED] - Scroll to object 'Object Repository/Выручка в рублях/Заголовок дашборда' successfully

28-03-2025T11:00:04 - [TEST_STEP][PASSED] - click(findTestObject("Выручка в рублях/Применить в фильтре Дата" + nameOfBlock)): Object: 'Object Repository/Выручка в рублях/Применить в фильтре Дата' is clicked on

28-03-2025T11:00:04 - [MESSAGE][PASSED] - Object: 'Object Repository/Выручка в рублях/Применить в фильтре Дата' is clicked on

28-03-2025T11:00:04 - [TEST_STEP][PASSED] - delay(55): Delayed 55 second(s)

28-03-2025T11:00:59 - [MESSAGE][PASSED] - Delayed 55 second(s)

28-03-2025T11:00:59 - [TEST_STEP][PASSED] - click(findTestObject("Выручка в рублях/Фильтр ДЗО" + nameOfBlock)): Object: 'Object Repository/Выручка в рублях/Фильтр ДЗО' is clicked on

28-03-2025T11:00:59 - [MESSAGE][PASSED] - Object: 'Object Repository/Выручка в рублях/Фильтр ДЗО' is clicked on

28-03-2025T11:00:59 - [TEST_STEP][PASSED] - click(findTestObject("Выручка в рублях/Снять выделение в фильтре ДЗО" + nameOfBlock)): Object: 'Object Repository/Выручка в рублях/Снять выделение в фильтре ДЗО' is clicked on

28-03-2025T11:01:00 - [MESSAGE][PASSED] - Object: 'Object Repository/Выручка в рублях/Снять выделение в фильтре ДЗО' is clicked on

28-03-2025T11:01:00 - [TEST_STEP][PASSED] - click(findTestObject("Выручка в рублях/Применить в фильтре ДЗО" + nameOfBlock)): Object: 'Object Repository/Выручка в рублях/Применить в фильтре ДЗО' is clicked on

28-03-2025T11:01:00 - [MESSAGE][PASSED] - Object: 'Object Repository/Выручка в рублях/Применить в фильтре ДЗО' is clicked on

28-03-2025T11:01:00 - [TEST_STEP][PASSED] - delay(50): Delayed 50 second(s)

28-03-2025T11:01:50 - [MESSAGE][PASSED] - Delayed 50 second(s)

28-03-2025T11:01:50 - [TEST_STEP][PASSED] - Script1742558545601.Tumbler(run, vir, block, nameOfBlock): null

28-03-2025T11:01:50 - [TEST_STEP][PASSED] - println("run:" + run): null

28-03-2025T11:01:50 - [TEST_STEP][PASSED] - println("vir:" + vir): null

28-03-2025T11:01:50 - [TEST_STEP][PASSED] - println("block:" + block): null

28-03-2025T11:01:50 - [TEST_STEP][PASSED] - println("nameOfBlock:" + nameOfBlock): null

28-03-2025T11:01:50 - [TEST_STEP][PASSED] - if (vir == 1): Object: 'Object Repository/Выручка в рублях/Переключить отображение с млн на проценты Выручка в рублях' is clicked on

28-03-2025T11:01:50 - [TEST_STEP][PASSED] - if (run == 2): Object: 'Object Repository/Выручка в рублях/Переключить отображение с млн на проценты Выручка в рублях' is clicked on

28-03-2025T11:01:50 - [TEST_STEP][PASSED] - click(findTestObject("Выручка в рублях/Переключить отображение с млн на проценты Выручка в рублях" + nameOfBlock)): Object: 'Object Repository/Выручка в рублях/Переключить отображение с млн на проценты Выручка в рублях' is clicked on

28-03-2025T11:01:51 - [MESSAGE][PASSED] - Object: 'Object Repository/Выручка в рублях/Переключить отображение с млн на проценты Выручка в рублях' is clicked on

28-03-2025T11:01:51 - [TEST_STEP][PASSED] - click(findTestObject("Выручка в рублях/Фильтр ДЗО" + nameOfBlock)): Object: 'Object Repository/Выручка в рублях/Фильтр ДЗО' is clicked on

28-03-2025T11:01:51 - [MESSAGE][PASSED] - Object: 'Object Repository/Выручка в рублях/Фильтр ДЗО' is clicked on

28-03-2025T11:01:51 - [TEST_STEP][PASSED] - Script1742558545601.Rosseti(nameOfBlock): null

28-03-2025T11:01:51 - [TEST_STEP][PASSED] - println("nameOfBlock:" + nameOfBlock): null

28-03-2025T11:01:51 - [TEST_STEP][PASSED] - click(findTestObject("Выручка в рублях/ПАО Россети" + nameOfBlock)): Object: 'Object Repository/Выручка в рублях/ПАО Россети' is clicked on

28-03-2025T11:01:52 - [MESSAGE][PASSED] - Object: 'Object Repository/Выручка в рублях/ПАО Россети' is clicked on

28-03-2025T11:01:52 - [TEST_STEP][PASSED] - click(findTestObject("Выручка в рублях/Применить в фильтре ДЗО" + nameOfBlock)): Object: 'Object Repository/Выручка в рублях/Применить в фильтре ДЗО' is clicked on

28-03-2025T11:01:52 - [MESSAGE][PASSED] - Object: 'Object Repository/Выручка в рублях/Применить в фильтре ДЗО' is clicked on

28-03-2025T11:01:52 - [TEST_STEP][PASSED] - if (run == 2): null

28-03-2025T11:01:52 - [TEST_STEP][PASSED] - perc = " Perc": null

28-03-2025T11:01:52 - [TEST_STEP][PASSED] - if (vir == 1 || vir == 2): Text of object 'Object Repository/Выручка в рублях/График План' is: '163 377'

28-03-2025T11:01:52 - [TEST_STEP][PASSED] - a1 = getText(findTestObject("Выручка в рублях/График План")): Text of object 'Object Repository/Выручка в рублях/График План' is: '163 377'

28-03-2025T11:01:53 - [MESSAGE][PASSED] - Text of object 'Object Repository/Выручка в рублях/График План' is: '163 377'

28-03-2025T11:01:53 - [TEST_STEP][PASSED] - if (vir == 1 || vir == 2): Text of object 'Object Repository/Выручка в рублях/График Факт' is: '157 865'

28-03-2025T11:01:53 - [TEST_STEP][PASSED] - a2 = getText(findTestObject("Выручка в рублях/График Факт")): Text of object 'Object Repository/Выручка в рублях/График Факт' is: '157 865'

28-03-2025T11:01:54 - [MESSAGE][PASSED] - Text of object 'Object Repository/Выручка в рублях/График Факт' is: '157 865'

28-03-2025T11:01:54 - [TEST_STEP][PASSED] - a30 = getText(findTestObject("Выручка в рублях/span1" + perc)): Text of object 'Object Repository/Выручка в рублях/span1 Perc' is: '-3.37 %'

28-03-2025T11:01:54 - [MESSAGE][PASSED] - Text of object 'Object Repository/Выручка в рублях/span1 Perc' is: '-3.37 %'

28-03-2025T11:01:54 - [TEST_STEP][PASSED] - i = a30.indexOf("млн.руб."): null

28-03-2025T11:01:54 - [TEST_STEP][PASSED] - if (i > -1): null

28-03-2025T11:01:54 - [TEST_STEP][PASSED] - if (a30.contains("%")): null

28-03-2025T11:01:54 - [TEST_STEP][PASSED] - a30 = a30.replaceAll("%", ""): null

28-03-2025T11:01:54 - [TEST_STEP][PASSED] - a30 = ").trim(): null

28-03-2025T11:01:54 - [TEST_STEP][PASSED] - println("a30: " + a30): null

28-03-2025T11:01:54 - [TEST_STEP][PASSED] - if (vir == 1): Text of object 'Object Repository/Выручка в рублях/span19 Perc' is: '-1.75 %'

28-03-2025T11:01:54 - [TEST_STEP][PASSED] - a31 = ").trim(): Text of object 'Object Repository/Выручка в рублях/span2 Perc' is: '-3.2 %'

28-03-2025T11:01:54 - [MESSAGE][PASSED] - Text of object 'Object Repository/Выручка в рублях/span2 Perc' is: '-3.2 %'

28-03-2025T11:01:54 - [TEST_STEP][PASSED] - a32 = ").trim(): Text of object 'Object Repository/Выручка в рублях/span3 Perc' is: '9.16 %'

28-03-2025T11:01:55 - [MESSAGE][PASSED] - Text of object 'Object Repository/Выручка в рублях/span3 Perc' is: '9.16 %'

28-03-2025T11:01:55 - [TEST_STEP][PASSED] - a33 = ").trim(): Text of object 'Object Repository/Выручка в рублях/span4 Perc' is: '-15.18 %'

28-03-2025T11:01:55 - [MESSAGE][PASSED] - Text of object 'Object Repository/Выручка в рублях/span4 Perc' is: '-15.18 %'

28-03-2025T11:01:55 - [TEST_STEP][PASSED] - a34 = ").trim(): Text of object 'Object Repository/Выручка в рублях/span5 Perc' is: '-2.71 %'

28-03-2025T11:01:55 - [MESSAGE][PASSED] - Text of object 'Object Repository/Выручка в рублях/span5 Perc' is: '-2.71 %'

28-03-2025T11:01:55 - [TEST_STEP][PASSED] - a35 = ").trim(): Text of object 'Object Repository/Выручка в рублях/span6 Perc' is: '-0.69 %'

28-03-2025T11:01:55 - [MESSAGE][PASSED] - Text of object 'Object Repository/Выручка в рублях/span6 Perc' is: '-0.69 %'

28-03-2025T11:01:55 - [TEST_STEP][PASSED] - a36 = ").trim(): Text of object 'Object Repository/Выручка в рублях/span7 Perc' is: '-3.46 %'

28-03-2025T11:01:56 - [MESSAGE][PASSED] - Text of object 'Object Repository/Выручка в рублях/span7 Perc' is: '-3.46 %'

28-03-2025T11:01:56 - [TEST_STEP][PASSED] - a37 = ").trim(): Text of object 'Object Repository/Выручка в рублях/span8 Perc' is: '-4.13 %'

28-03-2025T11:01:56 - [MESSAGE][PASSED] - Text of object 'Object Repository/Выручка в рублях/span8 Perc' is: '-4.13 %'

28-03-2025T11:01:56 - [TEST_STEP][PASSED] - a38 = ").trim(): Text of object 'Object Repository/Выручка в рублях/span9 Perc' is: '-13.75 %'

28-03-2025T11:01:56 - [MESSAGE][PASSED] - Text of object 'Object Repository/Выручка в рублях/span9 Perc' is: '-13.75 %'

28-03-2025T11:01:56 - [TEST_STEP][PASSED] - a39 = ").trim(): Text of object 'Object Repository/Выручка в рублях/span10 Perc' is: '-3.55 %'

28-03-2025T11:01:57 - [MESSAGE][PASSED] - Text of object 'Object Repository/Выручка в рублях/span10 Perc' is: '-3.55 %'

28-03-2025T11:01:57 - [TEST_STEP][PASSED] - a310 = ").trim(): Text of object 'Object Repository/Выручка в рублях/span11 Perc' is: '3.18 %'

28-03-2025T11:01:57 - [MESSAGE][PASSED] - Text of object 'Object Repository/Выручка в рублях/span11 Perc' is: '3.18 %'

28-03-2025T11:01:57 - [TEST_STEP][PASSED] - a311 = ").trim(): Text of object 'Object Repository/Выручка в рублях/span12 Perc' is: '-5.3 %'

28-03-2025T11:01:57 - [MESSAGE][PASSED] - Text of object 'Object Repository/Выручка в рублях/span12 Perc' is: '-5.3 %'

28-03-2025T11:01:57 - [TEST_STEP][PASSED] - a312 = ").trim(): Text of object 'Object Repository/Выручка в рублях/span13 Perc' is: '-10.64 %'

28-03-2025T11:01:57 - [MESSAGE][PASSED] - Text of object 'Object Repository/Выручка в рублях/span13 Perc' is: '-10.64 %'

28-03-2025T11:01:57 - [TEST_STEP][PASSED] - a313 = ").trim(): Text of object 'Object Repository/Выручка в рублях/span14 Perc' is: '-4.34 %'

28-03-2025T11:01:58 - [MESSAGE][PASSED] - Text of object 'Object Repository/Выручка в рублях/span14 Perc' is: '-4.34 %'

28-03-2025T11:01:58 - [TEST_STEP][PASSED] - a314 = ").trim(): Text of object 'Object Repository/Выручка в рублях/span15 Perc' is: '-0.21 %'

28-03-2025T11:01:58 - [MESSAGE][PASSED] - Text of object 'Object Repository/Выручка в рублях/span15 Perc' is: '-0.21 %'

28-03-2025T11:01:58 - [TEST_STEP][PASSED] - a315 = ").trim(): Text of object 'Object Repository/Выручка в рублях/span16 Perc' is: '-5.32 %'

28-03-2025T11:01:58 - [MESSAGE][PASSED] - Text of object 'Object Repository/Выручка в рублях/span16 Perc' is: '-5.32 %'

28-03-2025T11:01:58 - [TEST_STEP][PASSED] - a316 = ").trim(): Text of object 'Object Repository/Выручка в рублях/span17 Perc' is: '-4.49 %'

28-03-2025T11:01:59 - [MESSAGE][PASSED] - Text of object 'Object Repository/Выручка в рублях/span17 Perc' is: '-4.49 %'

28-03-2025T11:01:59 - [TEST_STEP][PASSED] - a317 = ").trim(): Text of object 'Object Repository/Выручка в рублях/span18 Perc' is: '-2.71 %'

28-03-2025T11:01:59 - [MESSAGE][PASSED] - Text of object 'Object Repository/Выручка в рублях/span18 Perc' is: '-2.71 %'

28-03-2025T11:01:59 - [TEST_STEP][PASSED] - a318 = ").trim(): Text of object 'Object Repository/Выручка в рублях/span19 Perc' is: '-1.75 %'

28-03-2025T11:01:59 - [MESSAGE][PASSED] - Text of object 'Object Repository/Выручка в рублях/span19 Perc' is: '-1.75 %'

28-03-2025T11:01:59 - [TEST_STEP][PASSED] - block = 2: null

28-03-2025T11:01:59 - [TEST_STEP][PASSED] - nameOfBlock = " Выручка": null

28-03-2025T11:01:59 - [TEST_STEP][PASSED] - Script1742558545601.PreSettings(run, vir, block, nameOfBlock, typeOfData, todaysDate): null

28-03-2025T11:01:59 - [TEST_STEP][PASSED] - openBrowser(""): Browser is opened with url: ''

28-03-2025T11:01:59 - [MESSAGE][WARNING] - A browser is already opened. Closing browser and opening a new one

28-03-2025T11:01:59 - [MESSAGE][INFO] - Starting 'Chrome' driver

28-03-2025T11:01:59 - [MESSAGE][INFO] - Action delay is set to 0 milliseconds

28-03-2025T11:02:00 - [MESSAGE][PASSED] - Browser is opened with url: ''

28-03-2025T11:02:00 - [TEST_STEP][PASSED] - refresh(): Refresh successfully

28-03-2025T11:02:00 - [MESSAGE][PASSED] - Refresh successfully

28-03-2025T11:02:00 - [TEST_STEP][PASSED] - delay(50): Delayed 50 second(s)

28-03-2025T11:02:50 - [MESSAGE][PASSED] - Delayed 50 second(s)

28-03-2025T11:02:50 - [TEST_STEP][PASSED] - println("run:" + run): null

28-03-2025T11:02:50 - [TEST_STEP][PASSED] - println("vir:" + vir): null

28-03-2025T11:02:50 - [TEST_STEP][PASSED] - println("block:" + block): null

28-03-2025T11:02:50 - [TEST_STEP][PASSED] - if (block == 1): null

28-03-2025T11:02:50 - [TEST_STEP][PASSED] - else: null

28-03-2025T11:02:50 - [TEST_STEP][PASSED] - nameOfBlock = " Выручка": null

28-03-2025T11:02:50 - [TEST_STEP][PASSED] - println("nameOfBlock:" + nameOfBlock): null

28-03-2025T11:02:50 - [TEST_STEP][PASSED] - println("typeOfData:" + typeOfData): null

28-03-2025T11:02:50 - [TEST_STEP][PASSED] - println("todaysDate:" + todaysDate): null

28-03-2025T11:02:50 - [TEST_STEP][PASSED] - Script1742558545601.Autorization(block, nameOfBlock): null

28-03-2025T11:02:50 - [TEST_STEP][PASSED] - i = <not implemented yet for class: org.codehaus.groovy.ast.expr.EmptyExpression>: null

28-03-2025T11:02:50 - [TEST_STEP][PASSED] - ii = <not implemented yet for class: org.codehaus.groovy.ast.expr.EmptyExpression>: null

28-03-2025T11:02:50 - [TEST_STEP][PASSED] - urlData = <not implemented yet for class: org.codehaus.groovy.ast.expr.EmptyExpression>: null

28-03-2025T11:02:50 - [TEST_STEP][PASSED] - searchWord = <not implemented yet for class: org.codehaus.groovy.ast.expr.EmptyExpression>: null

28-03-2025T11:02:50 - [TEST_STEP][PASSED] - urlText = <not implemented yet for class: org.codehaus.groovy.ast.expr.EmptyExpression>: null

28-03-2025T11:02:50 - [TEST_STEP][PASSED] - println("block:" + block): null

28-03-2025T11:02:50 - [TEST_STEP][PASSED] - if (block == 1): null

28-03-2025T11:02:50 - [TEST_STEP][PASSED] - else: null

28-03-2025T11:02:50 - [TEST_STEP][PASSED] - delay(45): Delayed 45 second(s)

28-03-2025T11:03:35 - [MESSAGE][PASSED] - Delayed 45 second(s)

28-03-2025T11:03:35 - [TEST_STEP][PASSED] - nameOfBlock = " Выручка": null

28-03-2025T11:03:35 - [TEST_STEP][PASSED] - println("nameOfBlock:" + nameOfBlock): null

28-03-2025T11:03:35 - [TEST_STEP][PASSED] - if (block == 1): null

28-03-2025T11:03:35 - [TEST_STEP][PASSED] - else: Delayed 45 second(s)

28-03-2025T11:03:35 - [TEST_STEP][PASSED] - urlData = 9: null

28-03-2025T11:03:35 - [TEST_STEP][PASSED] - delay(45): Delayed 45 second(s)

28-03-2025T11:04:20 - [MESSAGE][PASSED] - Delayed 45 second(s)

28-03-2025T11:04:20 - [TEST_STEP][PASSED] - navigateToUrl(findTestData("PlanFact").getValue(10, urlData)): Navigate to 'https://bi.rosseti.digital/viewer?dashboardGuid=a1fd28b3785d443cbc4d7690a1d78e31&sheetGuid=86092a20c5984827a0c87b24cac76a50&fit=true' successfully

28-03-2025T11:04:25 - [MESSAGE][PASSED] - Navigate to 'https://bi.rosseti.digital/viewer?dashboardGuid=a1fd28b3785d443cbc4d7690a1d78e31&sheetGuid=86092a20c5984827a0c87b24cac76a50&fit=true' successfully

28-03-2025T11:04:25 - [TEST_STEP][PASSED] - urlText = getText(findTestObject("Страница авторизации/Text")): Text of object 'Object Repository/Страница авторизации/Text' is: 'Вход'

28-03-2025T11:04:26 - [MESSAGE][PASSED] - Text of object 'Object Repository/Страница авторизации/Text' is: 'Вход'

28-03-2025T11:04:26 - [TEST_STEP][PASSED] - searchWord = "Вход": null

28-03-2025T11:04:26 - [TEST_STEP][PASSED] - if (urlText == null || urlText.contains("ошибка") || urlText.contains(searchWord) == false): null

28-03-2025T11:04:26 - [TEST_STEP][PASSED] - if (verifyElementPresent(findTestObject("Страница авторизации/button_"), 30) == true): null

28-03-2025T11:04:27 - [MESSAGE][PASSED] - Object 'Object Repository/Страница авторизации/button_' is present

28-03-2025T11:04:27 - [TEST_STEP][PASSED] - setText(findTestObject("Страница авторизации/input__username"), findTestData("PlanFact").getValue(8, 1)): Text 'liazgina-di' is set on object 'Object Repository/Страница авторизации/input__username'

28-03-2025T11:04:27 - [MESSAGE][PASSED] - Text 'liazgina-di' is set on object 'Object Repository/Страница авторизации/input__username'

28-03-2025T11:04:27 - [TEST_STEP][PASSED] - setText(findTestObject("Страница авторизации/input__password"), findTestData("PlanFact").getValue(9, 1)): Text ')$%5srZ8o688Dm#q' is set on object 'Object Repository/Страница авторизации/input__password'

28-03-2025T11:04:28 - [MESSAGE][PASSED] - Text ')$%5srZ8o688Dm#q' is set on object 'Object Repository/Страница авторизации/input__password'

28-03-2025T11:04:28 - [TEST_STEP][PASSED] - click(findTestObject("Страница авторизации/button_")): Object: 'Object Repository/Страница авторизации/button_' is clicked on

28-03-2025T11:04:29 - [MESSAGE][PASSED] - Object: 'Object Repository/Страница авторизации/button_' is clicked on

28-03-2025T11:04:29 - [TEST_STEP][PASSED] - delay(45): Delayed 45 second(s)

28-03-2025T11:05:14 - [MESSAGE][PASSED] - Delayed 45 second(s)

28-03-2025T11:05:14 - [TEST_STEP][PASSED] - urlText = getText(findTestObject("Страница авторизации/Text")): Text of object 'Object Repository/Страница авторизации/Text' is: 'Период
Выбрано: 2
Выручка
Все
Выполнение плановых показателей, млн.руб.
План
Факт
Динамика
2025 год
0 млн.руб.
50 000 млн.руб.
100 000 млн.руб.
150 000 млн.руб.
200 000 млн.руб.
250 000 млн.руб.
300 000 млн.руб.
350 000 млн.руб.
400 000 млн.руб.
318 025
268 560
↓
ДЗО 
Все
Подписи данных
⬤Отклонение
АО "РЭС"
АО «Тываэнерго»
АО «Чеченэнерго»
Россети Волга
Россети Кубань
Россети Ленэнерго (ГК)
Россети Московский регион
Россети Северный Кавказ (ГК)
Россети Северо-Запад
Россети Сибирь (ГК)
Россети Томск
Россети Тюмень
Россети Урал (ГК)
Россети ФСК ЕЭС
Россети Центр
Россети Центр и Приволжье (ГК)
Россети Юг (ГК)
Россети Янтарь
-30 000 млн.руб.
-27 500 млн.руб.
-25 000 млн.руб.
-22 500 млн.руб.
-20 000 млн.руб.
-17 500 млн.руб.
-15 000 млн.руб.
-12 500 млн.руб.
-10 000 млн.руб.
-7 500 млн.руб.
-5 000 млн.руб.
-2 500 млн.руб.
0 млн.руб.
2 500 млн.руб.
-170
-229
-76
-270
552
-244
-1 353
-805
-232
-6 501
-47
-10 407
-701
-28 384
-520
-197
68
50
млн.
%
Выручка
Отклонение выручки (факт/план, млн. руб) 
ПАО Россети
-49 464.8 млн.руб.
Статус данных
×
Просьба обратить внимание
Данные занесены не полностью
ВЫБРАННЫЕ ЗНАЧЕНИЯ ФИЛЬТРОВ
ДЗО | ПЕРИОД
ПАО Россети: [«Выбраны все филиалы по всем ДЗО по всем категориям»]
2025: [Янв, Фев]
*Внутренний оборот'

28-03-2025T11:05:15 - [MESSAGE][PASSED] - Text of object 'Object Repository/Страница авторизации/Text' is: 'Период
Выбрано: 2
Выручка
Все
Выполнение плановых показателей, млн.руб.
План
Факт
Динамика
2025 год
0 млн.руб.
50 000 млн.руб.
100 000 млн.руб.
150 000 млн.руб.
200 000 млн.руб.
250 000 млн.руб.
300 000 млн.руб.
350 000 млн.руб.
400 000 млн.руб.
318 025
268 560
↓
ДЗО 
Все
Подписи данных
⬤Отклонение
АО "РЭС"
АО «Тываэнерго»
АО «Чеченэнерго»
Россети Волга
Россети Кубань
Россети Ленэнерго (ГК)
Россети Московский регион
Россети Северный Кавказ (ГК)
Россети Северо-Запад
Россети Сибирь (ГК)
Россети Томск
Россети Тюмень
Россети Урал (ГК)
Россети ФСК ЕЭС
Россети Центр
Россети Центр и Приволжье (ГК)
Россети Юг (ГК)
Россети Янтарь
-30 000 млн.руб.
-27 500 млн.руб.
-25 000 млн.руб.
-22 500 млн.руб.
-20 000 млн.руб.
-17 500 млн.руб.
-15 000 млн.руб.
-12 500 млн.руб.
-10 000 млн.руб.
-7 500 млн.руб.
-5 000 млн.руб.
-2 500 млн.руб.
0 млн.руб.
2 500 млн.руб.
-170
-229
-76
-270
552
-244
-1 353
-805
-232
-6 501
-47
-10 407
-701
-28 384
-520
-197
68
50
млн.
%
Выручка
Отклонение выручки (факт/план, млн. руб) 
ПАО Россети
-49 464.8 млн.руб.
Статус данных
×
Просьба обратить внимание
Данные занесены не полностью
ВЫБРАННЫЕ ЗНАЧЕНИЯ ФИЛЬТРОВ
ДЗО | ПЕРИОД
ПАО Россети: [«Выбраны все филиалы по всем ДЗО по всем категориям»]
2025: [Янв, Фев]
*Внутренний оборот'

28-03-2025T11:05:15 - [TEST_STEP][PASSED] - searchWord = "а": null

28-03-2025T11:05:15 - [TEST_STEP][PASSED] - if (urlText.contains("ошибка") || urlText.contains(searchWord) == false): null

28-03-2025T11:05:15 - [TEST_STEP][PASSED] - delay(45): Delayed 45 second(s)

28-03-2025T11:06:00 - [MESSAGE][PASSED] - Delayed 45 second(s)

28-03-2025T11:06:00 - [TEST_STEP][PASSED] - if (block == 2): Delayed 50 second(s)

28-03-2025T11:06:00 - [TEST_STEP][PASSED] - opoveshenie = getText(findTestObject("Выручка в рублях/Просьба обратить внимание")): Text of object 'Object Repository/Выручка в рублях/Просьба обратить внимание' is: 'Просьба обратить внимание'

28-03-2025T11:06:00 - [MESSAGE][PASSED] - Text of object 'Object Repository/Выручка в рублях/Просьба обратить внимание' is: 'Просьба обратить внимание'

28-03-2025T11:06:00 - [TEST_STEP][PASSED] - if (opoveshenie == "Просьба обратить внимание"): Delayed 50 second(s)

28-03-2025T11:06:00 - [TEST_STEP][PASSED] - click(findTestObject("Выручка в рублях/Закрыть оповещение")): Object: 'Object Repository/Выручка в рублях/Закрыть оповещение' is clicked on

28-03-2025T11:06:00 - [MESSAGE][PASSED] - Object: 'Object Repository/Выручка в рублях/Закрыть оповещение' is clicked on

28-03-2025T11:06:00 - [TEST_STEP][PASSED] - delay(50): Delayed 50 second(s)

28-03-2025T11:06:50 - [MESSAGE][PASSED] - Delayed 50 second(s)

28-03-2025T11:06:50 - [TEST_STEP][PASSED] - click(findTestObject("Выручка в рублях/Фильтр Период" + nameOfBlock)): Object: 'Object Repository/Выручка в рублях/Фильтр Период Выручка' is clicked on

28-03-2025T11:06:51 - [MESSAGE][PASSED] - Object: 'Object Repository/Выручка в рублях/Фильтр Период Выручка' is clicked on

28-03-2025T11:06:51 - [TEST_STEP][PASSED] - click(findTestObject("Выручка в рублях/Снять выделение в фильтре Дата" + nameOfBlock)): Object: 'Object Repository/Выручка в рублях/Снять выделение в фильтре Дата Выручка' is clicked on

28-03-2025T11:06:51 - [MESSAGE][PASSED] - Object: 'Object Repository/Выручка в рублях/Снять выделение в фильтре Дата Выручка' is clicked on

28-03-2025T11:06:51 - [TEST_STEP][PASSED] - click(findTestObject("Выручка в рублях/Применить в фильтре Дата" + nameOfBlock)): Object: 'Object Repository/Выручка в рублях/Применить в фильтре Дата Выручка' is clicked on

28-03-2025T11:06:52 - [MESSAGE][PASSED] - Object: 'Object Repository/Выручка в рублях/Применить в фильтре Дата Выручка' is clicked on

28-03-2025T11:06:52 - [TEST_STEP][PASSED] - delay(50): Delayed 50 second(s)

28-03-2025T11:07:42 - [MESSAGE][PASSED] - Delayed 50 second(s)

28-03-2025T11:07:42 - [TEST_STEP][PASSED] - click(findTestObject("Выручка в рублях/Фильтр Период" + nameOfBlock)): Object: 'Object Repository/Выручка в рублях/Фильтр Период Выручка' is clicked on

28-03-2025T11:07:42 - [MESSAGE][PASSED] - Object: 'Object Repository/Выручка в рублях/Фильтр Период Выручка' is clicked on

28-03-2025T11:07:42 - [TEST_STEP][PASSED] - click(findTestObject("Выручка в рублях/Снять выделение в фильтре Дата" + nameOfBlock)): Object: 'Object Repository/Выручка в рублях/Снять выделение в фильтре Дата Выручка' is clicked on

28-03-2025T11:07:43 - [MESSAGE][PASSED] - Object: 'Object Repository/Выручка в рублях/Снять выделение в фильтре Дата Выручка' is clicked on

28-03-2025T11:07:43 - [TEST_STEP][PASSED] - scrollToElement(findTestObject("Выручка в рублях/2025 список" + nameOfBlock), 30): Scroll to object 'Object Repository/Выручка в рублях/2025 список Выручка' successfully

28-03-2025T11:07:43 - [MESSAGE][PASSED] - Scroll to object 'Object Repository/Выручка в рублях/2025 список Выручка' successfully

28-03-2025T11:07:43 - [TEST_STEP][PASSED] - click(findTestObject("Выручка в рублях/2025 список" + nameOfBlock)): Object: 'Object Repository/Выручка в рублях/2025 список Выручка' is clicked on

28-03-2025T11:07:43 - [MESSAGE][PASSED] - Object: 'Object Repository/Выручка в рублях/2025 список Выручка' is clicked on

28-03-2025T11:07:43 - [TEST_STEP][PASSED] - scrollToElement(findTestObject("Выручка в рублях/1 квартал 2025 список Выручка"), 30): Scroll to object 'Object Repository/Выручка в рублях/1 квартал 2025 список Выручка' successfully

28-03-2025T11:07:44 - [MESSAGE][PASSED] - Scroll to object 'Object Repository/Выручка в рублях/1 квартал 2025 список Выручка' successfully

28-03-2025T11:07:44 - [TEST_STEP][PASSED] - click(findTestObject("Выручка в рублях/1 квартал 2025 список" + nameOfBlock)): Object: 'Object Repository/Выручка в рублях/1 квартал 2025 список Выручка' is clicked on

28-03-2025T11:07:44 - [MESSAGE][PASSED] - Object: 'Object Repository/Выручка в рублях/1 квартал 2025 список Выручка' is clicked on

28-03-2025T11:07:44 - [TEST_STEP][PASSED] - scrollToElement(findTestObject("Выручка в рублях/Январь 2025" + nameOfBlock), 30): Scroll to object 'Object Repository/Выручка в рублях/Январь 2025 Выручка' successfully

28-03-2025T11:07:44 - [MESSAGE][PASSED] - Scroll to object 'Object Repository/Выручка в рублях/Январь 2025 Выручка' successfully

28-03-2025T11:07:44 - [TEST_STEP][PASSED] - click(findTestObject("Выручка в рублях/Январь 2025" + nameOfBlock)): Object: 'Object Repository/Выручка в рублях/Январь 2025 Выручка' is clicked on

28-03-2025T11:07:45 - [MESSAGE][PASSED] - Object: 'Object Repository/Выручка в рублях/Январь 2025 Выручка' is clicked on

28-03-2025T11:07:45 - [TEST_STEP][PASSED] - scrollToElement(findTestObject("Выручка в рублях/Заголовок дашборда" + nameOfBlock), 30): Scroll to object 'Object Repository/Выручка в рублях/Заголовок дашборда Выручка' successfully

28-03-2025T11:07:45 - [MESSAGE][PASSED] - Scroll to object 'Object Repository/Выручка в рублях/Заголовок дашборда Выручка' successfully

28-03-2025T11:07:45 - [TEST_STEP][PASSED] - click(findTestObject("Выручка в рублях/Применить в фильтре Дата" + nameOfBlock)): Object: 'Object Repository/Выручка в рублях/Применить в фильтре Дата Выручка' is clicked on

28-03-2025T11:07:46 - [MESSAGE][PASSED] - Object: 'Object Repository/Выручка в рублях/Применить в фильтре Дата Выручка' is clicked on

28-03-2025T11:07:46 - [TEST_STEP][PASSED] - delay(55): Delayed 55 second(s)

28-03-2025T11:08:41 - [MESSAGE][PASSED] - Delayed 55 second(s)

28-03-2025T11:08:41 - [TEST_STEP][PASSED] - click(findTestObject("Выручка в рублях/Фильтр ДЗО" + nameOfBlock)): Object: 'Object Repository/Выручка в рублях/Фильтр ДЗО Выручка' is clicked on

28-03-2025T11:08:41 - [MESSAGE][PASSED] - Object: 'Object Repository/Выручка в рублях/Фильтр ДЗО Выручка' is clicked on

28-03-2025T11:08:41 - [TEST_STEP][PASSED] - click(findTestObject("Выручка в рублях/Снять выделение в фильтре ДЗО" + nameOfBlock)): Object: 'Object Repository/Выручка в рублях/Снять выделение в фильтре ДЗО Выручка' is clicked on

28-03-2025T11:08:42 - [MESSAGE][PASSED] - Object: 'Object Repository/Выручка в рублях/Снять выделение в фильтре ДЗО Выручка' is clicked on

28-03-2025T11:08:42 - [TEST_STEP][PASSED] - click(findTestObject("Выручка в рублях/Применить в фильтре ДЗО" + nameOfBlock)): Object: 'Object Repository/Выручка в рублях/Применить в фильтре ДЗО Выручка' is clicked on

28-03-2025T11:08:42 - [MESSAGE][PASSED] - Object: 'Object Repository/Выручка в рублях/Применить в фильтре ДЗО Выручка' is clicked on

28-03-2025T11:08:42 - [TEST_STEP][PASSED] - delay(50): Delayed 50 second(s)

28-03-2025T11:09:32 - [MESSAGE][PASSED] - Delayed 50 second(s)

28-03-2025T11:09:32 - [TEST_STEP][PASSED] - Script1742558545601.Tumbler(run, vir, block, nameOfBlock): null

28-03-2025T11:09:32 - [TEST_STEP][PASSED] - println("run:" + run): null

28-03-2025T11:09:32 - [TEST_STEP][PASSED] - println("vir:" + vir): null

28-03-2025T11:09:32 - [TEST_STEP][PASSED] - println("block:" + block): null

28-03-2025T11:09:32 - [TEST_STEP][PASSED] - println("nameOfBlock:" + nameOfBlock): null

28-03-2025T11:09:32 - [TEST_STEP][PASSED] - if (vir == 1): Object: 'Object Repository/Выручка в рублях/Переключить отображение с млн на проценты Выручка в рублях Выручка' is clicked on

28-03-2025T11:09:32 - [TEST_STEP][PASSED] - if (run == 2): Object: 'Object Repository/Выручка в рублях/Переключить отображение с млн на проценты Выручка в рублях Выручка' is clicked on

28-03-2025T11:09:32 - [TEST_STEP][PASSED] - click(findTestObject("Выручка в рублях/Переключить отображение с млн на проценты Выручка в рублях" + nameOfBlock)): Object: 'Object Repository/Выручка в рублях/Переключить отображение с млн на проценты Выручка в рублях Выручка' is clicked on

28-03-2025T11:09:33 - [MESSAGE][PASSED] - Object: 'Object Repository/Выручка в рублях/Переключить отображение с млн на проценты Выручка в рублях Выручка' is clicked on

28-03-2025T11:09:33 - [TEST_STEP][PASSED] - click(findTestObject("Выручка в рублях/Фильтр ДЗО" + nameOfBlock)): Object: 'Object Repository/Выручка в рублях/Фильтр ДЗО Выручка' is clicked on

28-03-2025T11:09:33 - [MESSAGE][PASSED] - Object: 'Object Repository/Выручка в рублях/Фильтр ДЗО Выручка' is clicked on

28-03-2025T11:09:33 - [TEST_STEP][PASSED] - Script1742558545601.Rosseti(nameOfBlock): null

28-03-2025T11:09:33 - [TEST_STEP][PASSED] - println("nameOfBlock:" + nameOfBlock): null

28-03-2025T11:09:33 - [TEST_STEP][PASSED] - click(findTestObject("Выручка в рублях/ПАО Россети" + nameOfBlock)): Object: 'Object Repository/Выручка в рублях/ПАО Россети Выручка' is clicked on

28-03-2025T11:09:34 - [MESSAGE][PASSED] - Object: 'Object Repository/Выручка в рублях/ПАО Россети Выручка' is clicked on

28-03-2025T11:09:34 - [TEST_STEP][PASSED] - click(findTestObject("Выручка в рублях/Применить в фильтре ДЗО" + nameOfBlock)): Object: 'Object Repository/Выручка в рублях/Применить в фильтре ДЗО Выручка' is clicked on

28-03-2025T11:09:34 - [MESSAGE][PASSED] - Object: 'Object Repository/Выручка в рублях/Применить в фильтре ДЗО Выручка' is clicked on

28-03-2025T11:09:34 - [TEST_STEP][PASSED] - if (vir == 1 || vir == 2): Text of object 'Object Repository/Выручка в рублях/График План Выручка' is: '163 377'

28-03-2025T11:09:34 - [TEST_STEP][PASSED] - b1 = getText(findTestObject("Выручка в рублях/График План Выручка")): Text of object 'Object Repository/Выручка в рублях/График План Выручка' is: '163 377'

28-03-2025T11:09:35 - [MESSAGE][PASSED] - Text of object 'Object Repository/Выручка в рублях/График План Выручка' is: '163 377'

28-03-2025T11:09:35 - [TEST_STEP][PASSED] - if (vir == 1 || vir == 2): Text of object 'Object Repository/Выручка в рублях/График Факт Выручка' is: '157 865'

28-03-2025T11:09:35 - [TEST_STEP][PASSED] - b2 = getText(findTestObject("Выручка в рублях/График Факт Выручка")): Text of object 'Object Repository/Выручка в рублях/График Факт Выручка' is: '157 865'

28-03-2025T11:09:36 - [MESSAGE][PASSED] - Text of object 'Object Repository/Выручка в рублях/График Факт Выручка' is: '157 865'

28-03-2025T11:09:36 - [TEST_STEP][PASSED] - b30 = getText(findTestObject("Выручка в рублях/span1" + perc)): Text of object 'Object Repository/Выручка в рублях/span1 Perc' is: '-3.37 %'

28-03-2025T11:09:36 - [MESSAGE][PASSED] - Text of object 'Object Repository/Выручка в рублях/span1 Perc' is: '-3.37 %'

28-03-2025T11:09:36 - [TEST_STEP][PASSED] - i = b30.indexOf("млн.руб."): null

28-03-2025T11:09:36 - [TEST_STEP][PASSED] - if (i > -1): null

28-03-2025T11:09:36 - [TEST_STEP][PASSED] - if (b30.contains("%")): null

28-03-2025T11:09:36 - [TEST_STEP][PASSED] - b30 = b30.replaceAll("%", ""): null

28-03-2025T11:09:36 - [TEST_STEP][PASSED] - b30 = ").trim(): null

28-03-2025T11:09:36 - [TEST_STEP][PASSED] - println("b30: " + b30): null

28-03-2025T11:09:36 - [TEST_STEP][PASSED] - if (vir == 1): Text of object 'Object Repository/Выручка в рублях/span19 Perc' is: '-1.75 %'

28-03-2025T11:09:36 - [TEST_STEP][PASSED] - b31 = ").trim(): Text of object 'Object Repository/Выручка в рублях/span2 Perc' is: '-3.2 %'

28-03-2025T11:09:36 - [MESSAGE][PASSED] - Text of object 'Object Repository/Выручка в рублях/span2 Perc' is: '-3.2 %'

28-03-2025T11:09:36 - [TEST_STEP][PASSED] - b32 = ").trim(): Text of object 'Object Repository/Выручка в рублях/span3 Perc' is: '9.16 %'

28-03-2025T11:09:36 - [MESSAGE][PASSED] - Text of object 'Object Repository/Выручка в рублях/span3 Perc' is: '9.16 %'

28-03-2025T11:09:36 - [TEST_STEP][PASSED] - b33 = ").trim(): Text of object 'Object Repository/Выручка в рублях/span4 Perc' is: '-15.18 %'

28-03-2025T11:09:37 - [MESSAGE][PASSED] - Text of object 'Object Repository/Выручка в рублях/span4 Perc' is: '-15.18 %'

28-03-2025T11:09:37 - [TEST_STEP][PASSED] - b34 = ").trim(): Text of object 'Object Repository/Выручка в рублях/span5 Perc' is: '-2.71 %'

28-03-2025T11:09:37 - [MESSAGE][PASSED] - Text of object 'Object Repository/Выручка в рублях/span5 Perc' is: '-2.71 %'

28-03-2025T11:09:37 - [TEST_STEP][PASSED] - b35 = ").trim(): Text of object 'Object Repository/Выручка в рублях/span6 Perc' is: '-0.69 %'

28-03-2025T11:09:37 - [MESSAGE][PASSED] - Text of object 'Object Repository/Выручка в рублях/span6 Perc' is: '-0.69 %'

28-03-2025T11:09:37 - [TEST_STEP][PASSED] - b36 = ").trim(): Text of object 'Object Repository/Выручка в рублях/span7 Perc' is: '-3.46 %'

28-03-2025T11:09:38 - [MESSAGE][PASSED] - Text of object 'Object Repository/Выручка в рублях/span7 Perc' is: '-3.46 %'

28-03-2025T11:09:38 - [TEST_STEP][PASSED] - b37 = ").trim(): Text of object 'Object Repository/Выручка в рублях/span8 Perc' is: '-4.13 %'

28-03-2025T11:09:38 - [MESSAGE][PASSED] - Text of object 'Object Repository/Выручка в рублях/span8 Perc' is: '-4.13 %'

28-03-2025T11:09:38 - [TEST_STEP][PASSED] - b38 = ").trim(): Text of object 'Object Repository/Выручка в рублях/span9 Perc' is: '-13.75 %'

28-03-2025T11:09:38 - [MESSAGE][PASSED] - Text of object 'Object Repository/Выручка в рублях/span9 Perc' is: '-13.75 %'

28-03-2025T11:09:38 - [TEST_STEP][PASSED] - b39 = ").trim(): Text of object 'Object Repository/Выручка в рублях/span10 Perc' is: '-3.55 %'

28-03-2025T11:09:38 - [MESSAGE][PASSED] - Text of object 'Object Repository/Выручка в рублях/span10 Perc' is: '-3.55 %'

28-03-2025T11:09:38 - [TEST_STEP][PASSED] - b310 = ").trim(): Text of object 'Object Repository/Выручка в рублях/span11 Perc' is: '3.18 %'

28-03-2025T11:09:39 - [MESSAGE][PASSED] - Text of object 'Object Repository/Выручка в рублях/span11 Perc' is: '3.18 %'

28-03-2025T11:09:39 - [TEST_STEP][PASSED] - b311 = ").trim(): Text of object 'Object Repository/Выручка в рублях/span12 Perc' is: '-5.3 %'

28-03-2025T11:09:39 - [MESSAGE][PASSED] - Text of object 'Object Repository/Выручка в рублях/span12 Perc' is: '-5.3 %'

28-03-2025T11:09:39 - [TEST_STEP][PASSED] - b312 = ").trim(): Text of object 'Object Repository/Выручка в рублях/span13 Perc' is: '-10.64 %'

28-03-2025T11:09:39 - [MESSAGE][PASSED] - Text of object 'Object Repository/Выручка в рублях/span13 Perc' is: '-10.64 %'

28-03-2025T11:09:39 - [TEST_STEP][PASSED] - b313 = ").trim(): Text of object 'Object Repository/Выручка в рублях/span14 Perc' is: '-4.34 %'

28-03-2025T11:09:40 - [MESSAGE][PASSED] - Text of object 'Object Repository/Выручка в рублях/span14 Perc' is: '-4.34 %'

28-03-2025T11:09:40 - [TEST_STEP][PASSED] - b314 = ").trim(): Text of object 'Object Repository/Выручка в рублях/span15 Perc' is: '-0.21 %'

28-03-2025T11:09:40 - [MESSAGE][PASSED] - Text of object 'Object Repository/Выручка в рублях/span15 Perc' is: '-0.21 %'

28-03-2025T11:09:40 - [TEST_STEP][PASSED] - b315 = ").trim(): Text of object 'Object Repository/Выручка в рублях/span16 Perc' is: '-5.32 %'

28-03-2025T11:09:40 - [MESSAGE][PASSED] - Text of object 'Object Repository/Выручка в рублях/span16 Perc' is: '-5.32 %'

28-03-2025T11:09:40 - [TEST_STEP][PASSED] - b316 = ").trim(): Text of object 'Object Repository/Выручка в рублях/span17 Perc' is: '-4.49 %'

28-03-2025T11:09:40 - [MESSAGE][PASSED] - Text of object 'Object Repository/Выручка в рублях/span17 Perc' is: '-4.49 %'

28-03-2025T11:09:40 - [TEST_STEP][PASSED] - b317 = ").trim(): Text of object 'Object Repository/Выручка в рублях/span18 Perc' is: '-2.71 %'

28-03-2025T11:09:41 - [MESSAGE][PASSED] - Text of object 'Object Repository/Выручка в рублях/span18 Perc' is: '-2.71 %'

28-03-2025T11:09:41 - [TEST_STEP][PASSED] - b318 = ").trim(): Text of object 'Object Repository/Выручка в рублях/span19 Perc' is: '-1.75 %'

28-03-2025T11:09:41 - [MESSAGE][PASSED] - Text of object 'Object Repository/Выручка в рублях/span19 Perc' is: '-1.75 %'

28-03-2025T11:09:41 - [TEST_STEP][PASSED] - dZO = "ПАО Россети": null

28-03-2025T11:09:41 - [TEST_STEP][PASSED] - if (verifyEqual(a1, b1) == false): Actual object '163 377' and expected object '163 377' are equal

28-03-2025T11:09:41 - [MESSAGE][PASSED] - Actual object '163 377' and expected object '163 377' are equal

28-03-2025T11:09:41 - [TEST_STEP][PASSED] - if (verifyEqual(a2, b2) == false): Actual object '157 865' and expected object '157 865' are equal

28-03-2025T11:09:41 - [MESSAGE][PASSED] - Actual object '157 865' and expected object '157 865' are equal

28-03-2025T11:09:41 - [TEST_STEP][PASSED] - vidget = "Отклонения": null

28-03-2025T11:09:41 - [TEST_STEP][PASSED] - if (verifyEqual(a30, b30) == false): Actual object '-3.37' and expected object '-3.37' are equal

28-03-2025T11:09:41 - [MESSAGE][PASSED] - Actual object '-3.37' and expected object '-3.37' are equal

28-03-2025T11:09:41 - [TEST_STEP][PASSED] - dZO = "АО «РЭС»": null

28-03-2025T11:09:41 - [TEST_STEP][PASSED] - if (verifyEqual(a31, b31) == false): Actual object '-3.2' and expected object '-3.2' are equal

28-03-2025T11:09:41 - [MESSAGE][PASSED] - Actual object '-3.2' and expected object '-3.2' are equal

28-03-2025T11:09:41 - [TEST_STEP][PASSED] - dZO = "АО «Тываэнерго»": null

28-03-2025T11:09:41 - [TEST_STEP][PASSED] - if (verifyEqual(a32, b32) == false): Actual object '9.16' and expected object '9.16' are equal

28-03-2025T11:09:41 - [MESSAGE][PASSED] - Actual object '9.16' and expected object '9.16' are equal

28-03-2025T11:09:41 - [TEST_STEP][PASSED] - dZO = "АО «Чеченэнерго»": null

28-03-2025T11:09:41 - [TEST_STEP][PASSED] - if (verifyEqual(a33, b33) == false): Actual object '-15.18' and expected object '-15.18' are equal

28-03-2025T11:09:41 - [MESSAGE][PASSED] - Actual object '-15.18' and expected object '-15.18' are equal

28-03-2025T11:09:41 - [TEST_STEP][PASSED] - dZO = "Россети Волга": null

28-03-2025T11:09:41 - [TEST_STEP][PASSED] - if (verifyEqual(a34, b34) == false): Actual object '-2.71' and expected object '-2.71' are equal

28-03-2025T11:09:41 - [MESSAGE][PASSED] - Actual object '-2.71' and expected object '-2.71' are equal

28-03-2025T11:09:41 - [TEST_STEP][PASSED] - dZO = "Россети Кубань": null

28-03-2025T11:09:41 - [TEST_STEP][PASSED] - if (verifyEqual(a35, b35) == false): Actual object '-0.69' and expected object '-0.69' are equal

28-03-2025T11:09:41 - [MESSAGE][PASSED] - Actual object '-0.69' and expected object '-0.69' are equal

28-03-2025T11:09:41 - [TEST_STEP][PASSED] - dZO = "Россети Ленэнерго (ГК)": null

28-03-2025T11:09:41 - [TEST_STEP][PASSED] - if (verifyEqual(a36, b36) == false): Actual object '-3.46' and expected object '-3.46' are equal

28-03-2025T11:09:41 - [MESSAGE][PASSED] - Actual object '-3.46' and expected object '-3.46' are equal

28-03-2025T11:09:41 - [TEST_STEP][PASSED] - dZO = "Россети Московский регион": null

28-03-2025T11:09:41 - [TEST_STEP][PASSED] - if (verifyEqual(a37, b37) == false): Actual object '-4.13' and expected object '-4.13' are equal

28-03-2025T11:09:41 - [MESSAGE][PASSED] - Actual object '-4.13' and expected object '-4.13' are equal

28-03-2025T11:09:41 - [TEST_STEP][PASSED] - dZO = "Россети Северный Кавказ (ГК)": null

28-03-2025T11:09:41 - [TEST_STEP][PASSED] - if (verifyEqual(a38, b38) == false): Actual object '-13.75' and expected object '-13.75' are equal

28-03-2025T11:09:41 - [MESSAGE][PASSED] - Actual object '-13.75' and expected object '-13.75' are equal

28-03-2025T11:09:41 - [TEST_STEP][PASSED] - dZO = "Россети Северо-Запад": null

28-03-2025T11:09:41 - [TEST_STEP][PASSED] - if (verifyEqual(a39, b39) == false): Actual object '-3.55' and expected object '-3.55' are equal

28-03-2025T11:09:41 - [MESSAGE][PASSED] - Actual object '-3.55' and expected object '-3.55' are equal

28-03-2025T11:09:41 - [TEST_STEP][PASSED] - dZO = "Россети Сибирь (ГК)": null

28-03-2025T11:09:41 - [TEST_STEP][PASSED] - if (verifyEqual(a310, b310) == false): Actual object '3.18' and expected object '3.18' are equal

28-03-2025T11:09:41 - [MESSAGE][PASSED] - Actual object '3.18' and expected object '3.18' are equal

28-03-2025T11:09:41 - [TEST_STEP][PASSED] - dZO = "Россети Томск": null

28-03-2025T11:09:41 - [TEST_STEP][PASSED] - if (verifyEqual(a311, b311) == false): Actual object '-5.3' and expected object '-5.3' are equal

28-03-2025T11:09:41 - [MESSAGE][PASSED] - Actual object '-5.3' and expected object '-5.3' are equal

28-03-2025T11:09:41 - [TEST_STEP][PASSED] - dZO = "Россети Тюмень": null

28-03-2025T11:09:41 - [TEST_STEP][PASSED] - if (verifyEqual(a312, b312) == false): Actual object '-10.64' and expected object '-10.64' are equal

28-03-2025T11:09:41 - [MESSAGE][PASSED] - Actual object '-10.64' and expected object '-10.64' are equal

28-03-2025T11:09:41 - [TEST_STEP][PASSED] - dZO = "Россети Урал (ГК)": null

28-03-2025T11:09:41 - [TEST_STEP][PASSED] - if (verifyEqual(a313, b313) == false): Actual object '-4.34' and expected object '-4.34' are equal

28-03-2025T11:09:41 - [MESSAGE][PASSED] - Actual object '-4.34' and expected object '-4.34' are equal

28-03-2025T11:09:41 - [TEST_STEP][PASSED] - dZO = "Россети ФСК ЕЭС": null

28-03-2025T11:09:41 - [TEST_STEP][PASSED] - if (verifyEqual(a314, b314) == false): Actual object '-0.21' and expected object '-0.21' are equal

28-03-2025T11:09:41 - [MESSAGE][PASSED] - Actual object '-0.21' and expected object '-0.21' are equal

28-03-2025T11:09:41 - [TEST_STEP][PASSED] - dZO = "Россети Центр": null

28-03-2025T11:09:41 - [TEST_STEP][PASSED] - if (verifyEqual(a315, b315) == false): Actual object '-5.32' and expected object '-5.32' are equal

28-03-2025T11:09:41 - [MESSAGE][PASSED] - Actual object '-5.32' and expected object '-5.32' are equal

28-03-2025T11:09:41 - [TEST_STEP][PASSED] - dZO = "Россети Центр и Приволжье (ГК)": null

28-03-2025T11:09:41 - [TEST_STEP][PASSED] - if (verifyEqual(a316, b316) == false): Actual object '-4.49' and expected object '-4.49' are equal

28-03-2025T11:09:41 - [MESSAGE][PASSED] - Actual object '-4.49' and expected object '-4.49' are equal

28-03-2025T11:09:41 - [TEST_STEP][PASSED] - dZO = "Россети Юг (ГК)": null

28-03-2025T11:09:41 - [TEST_STEP][PASSED] - if (verifyEqual(a317, b317) == false): Actual object '-2.71' and expected object '-2.71' are equal

28-03-2025T11:09:41 - [MESSAGE][PASSED] - Actual object '-2.71' and expected object '-2.71' are equal

28-03-2025T11:09:41 - [TEST_STEP][PASSED] - dZO = "Россети Янтарь": null

28-03-2025T11:09:41 - [TEST_STEP][PASSED] - if (verifyEqual(a318, b318) == false): Actual object '-1.75' and expected object '-1.75' are equal

28-03-2025T11:09:41 - [MESSAGE][PASSED] - Actual object '-1.75' and expected object '-1.75' are equal

28-03-2025T11:09:41 - [TEST_STEP][PASSED] - closeBrowser(): null

28-03-2025T11:09:41 - [MESSAGE][PASSED] - Browser is closed

28-03-2025T11:09:41 - [TEST_STEP][PASSED] - Script1742558545601.Blocks(run, vir, block, nameOfBlock, typeOfData, viruchka, vidget, todaysDate, a, b, dZO, x, y): null

28-03-2025T11:09:41 - [TEST_STEP][PASSED] - i = <not implemented yet for class: org.codehaus.groovy.ast.expr.EmptyExpression>: null

28-03-2025T11:09:41 - [TEST_STEP][PASSED] - perc = "": null

28-03-2025T11:09:41 - [TEST_STEP][PASSED] - a1 = <not implemented yet for class: org.codehaus.groovy.ast.expr.EmptyExpression>: null

28-03-2025T11:09:41 - [TEST_STEP][PASSED] - a2 = <not implemented yet for class: org.codehaus.groovy.ast.expr.EmptyExpression>: null

28-03-2025T11:09:41 - [TEST_STEP][PASSED] - a30 = <not implemented yet for class: org.codehaus.groovy.ast.expr.EmptyExpression>: null

28-03-2025T11:09:41 - [TEST_STEP][PASSED] - a31 = <not implemented yet for class: org.codehaus.groovy.ast.expr.EmptyExpression>: null

28-03-2025T11:09:41 - [TEST_STEP][PASSED] - a32 = <not implemented yet for class: org.codehaus.groovy.ast.expr.EmptyExpression>: null

28-03-2025T11:09:41 - [TEST_STEP][PASSED] - a33 = <not implemented yet for class: org.codehaus.groovy.ast.expr.EmptyExpression>: null

28-03-2025T11:09:41 - [TEST_STEP][PASSED] - a34 = <not implemented yet for class: org.codehaus.groovy.ast.expr.EmptyExpression>: null

28-03-2025T11:09:41 - [TEST_STEP][PASSED] - a35 = <not implemented yet for class: org.codehaus.groovy.ast.expr.EmptyExpression>: null

28-03-2025T11:09:41 - [TEST_STEP][PASSED] - a36 = <not implemented yet for class: org.codehaus.groovy.ast.expr.EmptyExpression>: null

28-03-2025T11:09:41 - [TEST_STEP][PASSED] - a37 = <not implemented yet for class: org.codehaus.groovy.ast.expr.EmptyExpression>: null

28-03-2025T11:09:41 - [TEST_STEP][PASSED] - a38 = <not implemented yet for class: org.codehaus.groovy.ast.expr.EmptyExpression>: null

28-03-2025T11:09:41 - [TEST_STEP][PASSED] - a39 = <not implemented yet for class: org.codehaus.groovy.ast.expr.EmptyExpression>: null

28-03-2025T11:09:41 - [TEST_STEP][PASSED] - a310 = <not implemented yet for class: org.codehaus.groovy.ast.expr.EmptyExpression>: null

28-03-2025T11:09:41 - [TEST_STEP][PASSED] - a311 = <not implemented yet for class: org.codehaus.groovy.ast.expr.EmptyExpression>: null

28-03-2025T11:09:41 - [TEST_STEP][PASSED] - a312 = <not implemented yet for class: org.codehaus.groovy.ast.expr.EmptyExpression>: null

28-03-2025T11:09:41 - [TEST_STEP][PASSED] - a313 = <not implemented yet for class: org.codehaus.groovy.ast.expr.EmptyExpression>: null

28-03-2025T11:09:41 - [TEST_STEP][PASSED] - a314 = <not implemented yet for class: org.codehaus.groovy.ast.expr.EmptyExpression>: null

28-03-2025T11:09:41 - [TEST_STEP][PASSED] - a315 = <not implemented yet for class: org.codehaus.groovy.ast.expr.EmptyExpression>: null

28-03-2025T11:09:41 - [TEST_STEP][PASSED] - a316 = <not implemented yet for class: org.codehaus.groovy.ast.expr.EmptyExpression>: null

28-03-2025T11:09:41 - [TEST_STEP][PASSED] - a317 = <not implemented yet for class: org.codehaus.groovy.ast.expr.EmptyExpression>: null

28-03-2025T11:09:41 - [TEST_STEP][PASSED] - a318 = <not implemented yet for class: org.codehaus.groovy.ast.expr.EmptyExpression>: null

28-03-2025T11:09:41 - [TEST_STEP][PASSED] - b1 = <not implemented yet for class: org.codehaus.groovy.ast.expr.EmptyExpression>: null

28-03-2025T11:09:41 - [TEST_STEP][PASSED] - b2 = <not implemented yet for class: org.codehaus.groovy.ast.expr.EmptyExpression>: null

28-03-2025T11:09:41 - [TEST_STEP][PASSED] - b30 = <not implemented yet for class: org.codehaus.groovy.ast.expr.EmptyExpression>: null

28-03-2025T11:09:41 - [TEST_STEP][PASSED] - b31 = <not implemented yet for class: org.codehaus.groovy.ast.expr.EmptyExpression>: null

28-03-2025T11:09:41 - [TEST_STEP][PASSED] - b32 = <not implemented yet for class: org.codehaus.groovy.ast.expr.EmptyExpression>: null

28-03-2025T11:09:41 - [TEST_STEP][PASSED] - b33 = <not implemented yet for class: org.codehaus.groovy.ast.expr.EmptyExpression>: null

28-03-2025T11:09:41 - [TEST_STEP][PASSED] - b34 = <not implemented yet for class: org.codehaus.groovy.ast.expr.EmptyExpression>: null

28-03-2025T11:09:41 - [TEST_STEP][PASSED] - b35 = <not implemented yet for class: org.codehaus.groovy.ast.expr.EmptyExpression>: null

28-03-2025T11:09:41 - [TEST_STEP][PASSED] - b36 = <not implemented yet for class: org.codehaus.groovy.ast.expr.EmptyExpression>: null

28-03-2025T11:09:41 - [TEST_STEP][PASSED] - b37 = <not implemented yet for class: org.codehaus.groovy.ast.expr.EmptyExpression>: null

28-03-2025T11:09:41 - [TEST_STEP][PASSED] - b38 = <not implemented yet for class: org.codehaus.groovy.ast.expr.EmptyExpression>: null

28-03-2025T11:09:41 - [TEST_STEP][PASSED] - b39 = <not implemented yet for class: org.codehaus.groovy.ast.expr.EmptyExpression>: null

28-03-2025T11:09:41 - [TEST_STEP][PASSED] - b310 = <not implemented yet for class: org.codehaus.groovy.ast.expr.EmptyExpression>: null

28-03-2025T11:09:41 - [TEST_STEP][PASSED] - b311 = <not implemented yet for class: org.codehaus.groovy.ast.expr.EmptyExpression>: null

28-03-2025T11:09:41 - [TEST_STEP][PASSED] - b312 = <not implemented yet for class: org.codehaus.groovy.ast.expr.EmptyExpression>: null

28-03-2025T11:09:41 - [TEST_STEP][PASSED] - b313 = <not implemented yet for class: org.codehaus.groovy.ast.expr.EmptyExpression>: null

28-03-2025T11:09:41 - [TEST_STEP][PASSED] - b314 = <not implemented yet for class: org.codehaus.groovy.ast.expr.EmptyExpression>: null

28-03-2025T11:09:41 - [TEST_STEP][PASSED] - b315 = <not implemented yet for class: org.codehaus.groovy.ast.expr.EmptyExpression>: null

28-03-2025T11:09:41 - [TEST_STEP][PASSED] - b316 = <not implemented yet for class: org.codehaus.groovy.ast.expr.EmptyExpression>: null

28-03-2025T11:09:41 - [TEST_STEP][PASSED] - b317 = <not implemented yet for class: org.codehaus.groovy.ast.expr.EmptyExpression>: null

28-03-2025T11:09:41 - [TEST_STEP][PASSED] - b318 = <not implemented yet for class: org.codehaus.groovy.ast.expr.EmptyExpression>: null

28-03-2025T11:09:41 - [TEST_STEP][PASSED] - block = 1: null

28-03-2025T11:09:41 - [TEST_STEP][PASSED] - nameOfBlock = "": null

28-03-2025T11:09:41 - [TEST_STEP][PASSED] - Script1742558545601.PreSettings(run, vir, block, nameOfBlock, typeOfData, todaysDate): null

28-03-2025T11:09:41 - [TEST_STEP][PASSED] - openBrowser(""): Browser is opened with url: ''

28-03-2025T11:09:41 - [MESSAGE][INFO] - Starting 'Chrome' driver

28-03-2025T11:09:41 - [MESSAGE][INFO] - Action delay is set to 0 milliseconds

28-03-2025T11:09:43 - [MESSAGE][PASSED] - Browser is opened with url: ''

28-03-2025T11:09:43 - [TEST_STEP][PASSED] - refresh(): Refresh successfully

28-03-2025T11:09:43 - [MESSAGE][PASSED] - Refresh successfully

28-03-2025T11:09:43 - [TEST_STEP][PASSED] - delay(50): Delayed 50 second(s)

28-03-2025T11:10:33 - [MESSAGE][PASSED] - Delayed 50 second(s)

28-03-2025T11:10:33 - [TEST_STEP][PASSED] - println("run:" + run): null

28-03-2025T11:10:33 - [TEST_STEP][PASSED] - println("vir:" + vir): null

28-03-2025T11:10:33 - [TEST_STEP][PASSED] - println("block:" + block): null

28-03-2025T11:10:33 - [TEST_STEP][PASSED] - if (block == 1): null

28-03-2025T11:10:33 - [TEST_STEP][PASSED] - nameOfBlock = "": null

28-03-2025T11:10:33 - [TEST_STEP][PASSED] - println("nameOfBlock:" + nameOfBlock): null

28-03-2025T11:10:33 - [TEST_STEP][PASSED] - println("typeOfData:" + typeOfData): null

28-03-2025T11:10:33 - [TEST_STEP][PASSED] - println("todaysDate:" + todaysDate): null

28-03-2025T11:10:33 - [TEST_STEP][PASSED] - Script1742558545601.Autorization(block, nameOfBlock): null

28-03-2025T11:10:33 - [TEST_STEP][PASSED] - i = <not implemented yet for class: org.codehaus.groovy.ast.expr.EmptyExpression>: null

28-03-2025T11:10:33 - [TEST_STEP][PASSED] - ii = <not implemented yet for class: org.codehaus.groovy.ast.expr.EmptyExpression>: null

28-03-2025T11:10:33 - [TEST_STEP][PASSED] - urlData = <not implemented yet for class: org.codehaus.groovy.ast.expr.EmptyExpression>: null

28-03-2025T11:10:33 - [TEST_STEP][PASSED] - searchWord = <not implemented yet for class: org.codehaus.groovy.ast.expr.EmptyExpression>: null

28-03-2025T11:10:33 - [TEST_STEP][PASSED] - urlText = <not implemented yet for class: org.codehaus.groovy.ast.expr.EmptyExpression>: null

28-03-2025T11:10:33 - [TEST_STEP][PASSED] - println("block:" + block): null

28-03-2025T11:10:33 - [TEST_STEP][PASSED] - if (block == 1): null

28-03-2025T11:10:33 - [TEST_STEP][PASSED] - nameOfBlock = "": null

28-03-2025T11:10:33 - [TEST_STEP][PASSED] - println("nameOfBlock:" + nameOfBlock): null

28-03-2025T11:10:33 - [TEST_STEP][PASSED] - if (block == 1): Delayed 45 second(s)

28-03-2025T11:10:33 - [TEST_STEP][PASSED] - urlData = 2: null

28-03-2025T11:10:33 - [TEST_STEP][PASSED] - delay(45): Delayed 45 second(s)

28-03-2025T11:11:18 - [MESSAGE][PASSED] - Delayed 45 second(s)

28-03-2025T11:11:18 - [TEST_STEP][PASSED] - navigateToUrl(findTestData("PlanFact").getValue(10, urlData)): Navigate to 'https://bi.rosseti.digital/viewer?dashboardGuid=2301950b23be4ed89c1df75f2020051e&sheetGuid=b723206f698544fb87299f3095c00435&fit=true' successfully

28-03-2025T11:11:21 - [MESSAGE][PASSED] - Navigate to 'https://bi.rosseti.digital/viewer?dashboardGuid=2301950b23be4ed89c1df75f2020051e&sheetGuid=b723206f698544fb87299f3095c00435&fit=true' successfully

28-03-2025T11:11:21 - [TEST_STEP][PASSED] - urlText = getText(findTestObject("Страница авторизации/Text")): Text of object 'Object Repository/Страница авторизации/Text' is: 'Вход'

28-03-2025T11:11:23 - [MESSAGE][PASSED] - Text of object 'Object Repository/Страница авторизации/Text' is: 'Вход'

28-03-2025T11:11:23 - [TEST_STEP][PASSED] - searchWord = "Вход": null

28-03-2025T11:11:23 - [TEST_STEP][PASSED] - if (urlText == null || urlText.contains("ошибка") || urlText.contains(searchWord) == false): null

28-03-2025T11:11:23 - [TEST_STEP][PASSED] - if (verifyElementPresent(findTestObject("Страница авторизации/button_"), 30) == true): null

28-03-2025T11:11:23 - [MESSAGE][PASSED] - Object 'Object Repository/Страница авторизации/button_' is present

28-03-2025T11:11:23 - [TEST_STEP][PASSED] - setText(findTestObject("Страница авторизации/input__username"), findTestData("PlanFact").getValue(8, 1)): Text 'liazgina-di' is set on object 'Object Repository/Страница авторизации/input__username'

28-03-2025T11:11:24 - [MESSAGE][PASSED] - Text 'liazgina-di' is set on object 'Object Repository/Страница авторизации/input__username'

28-03-2025T11:11:24 - [TEST_STEP][PASSED] - setText(findTestObject("Страница авторизации/input__password"), findTestData("PlanFact").getValue(9, 1)): Text ')$%5srZ8o688Dm#q' is set on object 'Object Repository/Страница авторизации/input__password'

28-03-2025T11:11:25 - [MESSAGE][PASSED] - Text ')$%5srZ8o688Dm#q' is set on object 'Object Repository/Страница авторизации/input__password'

28-03-2025T11:11:25 - [TEST_STEP][PASSED] - click(findTestObject("Страница авторизации/button_")): Object: 'Object Repository/Страница авторизации/button_' is clicked on

28-03-2025T11:11:26 - [MESSAGE][PASSED] - Object: 'Object Repository/Страница авторизации/button_' is clicked on

28-03-2025T11:11:26 - [TEST_STEP][PASSED] - delay(45): Delayed 45 second(s)

28-03-2025T11:12:11 - [MESSAGE][PASSED] - Delayed 45 second(s)

28-03-2025T11:12:11 - [TEST_STEP][PASSED] - urlText = getText(findTestObject("Страница авторизации/Text")): Text of object 'Object Repository/Страница авторизации/Text' is: 'Период
Январь, Февраль 2025 года
Выручка
Все
Выполнение плановых показателей по ПАО Россети за Январь, Февраль 2025 года
План
Факт
Динамика
2025 год
0 млн.руб.
25 000 млн.руб.
50 000 млн.руб.
75 000 млн.руб.
100 000 млн.руб.
125 000 млн.руб.
150 000 млн.руб.
175 000 млн.руб.
200 000 млн.руб.
225 000 млн.руб.
250 000 млн.руб.
275 000 млн.руб.
300 000 млн.руб.
325 000 млн.руб.
350 000 млн.руб.
375 000 млн.руб.
318 025
268 560
↓
ДЗО 
ПАО Россети
Внутренний оборот - выручка за услуги по передаче электрической энергии, учтенная в выручке за электроэнергию для конечных потребителей, при выполнении ДЗО функций гарантирующего поставщика
Подписи данных
⬤Отклонение
АО "РЭС"
АО «Тываэнерго»
АО «Чеченэнерго»
Россети Волга
Россети Кубань
Россети Ленэнерго (ГК)
Россети Московский регион
Россети Северный Кавказ (ГК)
Россети Северо-Запад
Россети Сибирь (ГК)
Россети Томск
Россети Тюмень
Россети Урал (ГК)
Россети ФСК ЕЭС
Россети Центр
Россети Центр и Приволжье (ГК)
Россети Юг (ГК)
Россети Янтарь
-30 000млн.руб.
-25 000млн.руб.
-20 000млн.руб.
-15 000млн.руб.
-10 000млн.руб.
-5 000млн.руб.
0 млн.руб.
5 00…
-170
-229
-76
-270
552
-244
-1 353
-805
-232
-6 501
-47
-10 407
-701
-28 384
-520
-197
68
50
млн.
%
Выручка
Отклонение выручки по ПАО Россети за Январь, Февраль 2025 года (факт/план, млн. руб)
ПАО Россети
-49 464.8 млн.руб.
 '

28-03-2025T11:12:12 - [MESSAGE][PASSED] - Text of object 'Object Repository/Страница авторизации/Text' is: 'Период
Январь, Февраль 2025 года
Выручка
Все
Выполнение плановых показателей по ПАО Россети за Январь, Февраль 2025 года
План
Факт
Динамика
2025 год
0 млн.руб.
25 000 млн.руб.
50 000 млн.руб.
75 000 млн.руб.
100 000 млн.руб.
125 000 млн.руб.
150 000 млн.руб.
175 000 млн.руб.
200 000 млн.руб.
225 000 млн.руб.
250 000 млн.руб.
275 000 млн.руб.
300 000 млн.руб.
325 000 млн.руб.
350 000 млн.руб.
375 000 млн.руб.
318 025
268 560
↓
ДЗО 
ПАО Россети
Внутренний оборот - выручка за услуги по передаче электрической энергии, учтенная в выручке за электроэнергию для конечных потребителей, при выполнении ДЗО функций гарантирующего поставщика
Подписи данных
⬤Отклонение
АО "РЭС"
АО «Тываэнерго»
АО «Чеченэнерго»
Россети Волга
Россети Кубань
Россети Ленэнерго (ГК)
Россети Московский регион
Россети Северный Кавказ (ГК)
Россети Северо-Запад
Россети Сибирь (ГК)
Россети Томск
Россети Тюмень
Россети Урал (ГК)
Россети ФСК ЕЭС
Россети Центр
Россети Центр и Приволжье (ГК)
Россети Юг (ГК)
Россети Янтарь
-30 000млн.руб.
-25 000млн.руб.
-20 000млн.руб.
-15 000млн.руб.
-10 000млн.руб.
-5 000млн.руб.
0 млн.руб.
5 00…
-170
-229
-76
-270
552
-244
-1 353
-805
-232
-6 501
-47
-10 407
-701
-28 384
-520
-197
68
50
млн.
%
Выручка
Отклонение выручки по ПАО Россети за Январь, Февраль 2025 года (факт/план, млн. руб)
ПАО Россети
-49 464.8 млн.руб.
 '

28-03-2025T11:12:12 - [TEST_STEP][PASSED] - searchWord = "а": null

28-03-2025T11:12:12 - [TEST_STEP][PASSED] - if (urlText.contains("ошибка") || urlText.contains(searchWord) == false): null

28-03-2025T11:12:12 - [TEST_STEP][PASSED] - delay(45): Delayed 45 second(s)

28-03-2025T11:12:57 - [MESSAGE][PASSED] - Delayed 45 second(s)

28-03-2025T11:12:57 - [TEST_STEP][PASSED] - if (block == 2): null

28-03-2025T11:12:57 - [TEST_STEP][PASSED] - click(findTestObject("Выручка в рублях/Фильтр Период" + nameOfBlock)): Object: 'Object Repository/Выручка в рублях/Фильтр Период' is clicked on

28-03-2025T11:12:57 - [MESSAGE][PASSED] - Object: 'Object Repository/Выручка в рублях/Фильтр Период' is clicked on

28-03-2025T11:12:57 - [TEST_STEP][PASSED] - click(findTestObject("Выручка в рублях/Снять выделение в фильтре Дата" + nameOfBlock)): Object: 'Object Repository/Выручка в рублях/Снять выделение в фильтре Дата' is clicked on

28-03-2025T11:12:58 - [MESSAGE][PASSED] - Object: 'Object Repository/Выручка в рублях/Снять выделение в фильтре Дата' is clicked on

28-03-2025T11:12:58 - [TEST_STEP][PASSED] - click(findTestObject("Выручка в рублях/Применить в фильтре Дата" + nameOfBlock)): Object: 'Object Repository/Выручка в рублях/Применить в фильтре Дата' is clicked on

28-03-2025T11:12:58 - [MESSAGE][PASSED] - Object: 'Object Repository/Выручка в рублях/Применить в фильтре Дата' is clicked on

28-03-2025T11:12:58 - [TEST_STEP][PASSED] - delay(50): Delayed 50 second(s)

28-03-2025T11:13:48 - [MESSAGE][PASSED] - Delayed 50 second(s)

28-03-2025T11:13:48 - [TEST_STEP][PASSED] - click(findTestObject("Выручка в рублях/Фильтр Период" + nameOfBlock)): Object: 'Object Repository/Выручка в рублях/Фильтр Период' is clicked on

28-03-2025T11:13:49 - [MESSAGE][PASSED] - Object: 'Object Repository/Выручка в рублях/Фильтр Период' is clicked on

28-03-2025T11:13:49 - [TEST_STEP][PASSED] - click(findTestObject("Выручка в рублях/Снять выделение в фильтре Дата" + nameOfBlock)): Object: 'Object Repository/Выручка в рублях/Снять выделение в фильтре Дата' is clicked on

28-03-2025T11:13:49 - [MESSAGE][PASSED] - Object: 'Object Repository/Выручка в рублях/Снять выделение в фильтре Дата' is clicked on

28-03-2025T11:13:49 - [TEST_STEP][PASSED] - scrollToElement(findTestObject("Выручка в рублях/2025 список" + nameOfBlock), 30): Scroll to object 'Object Repository/Выручка в рублях/2025 список' successfully

28-03-2025T11:13:49 - [MESSAGE][PASSED] - Scroll to object 'Object Repository/Выручка в рублях/2025 список' successfully

28-03-2025T11:13:49 - [TEST_STEP][PASSED] - click(findTestObject("Выручка в рублях/2025 список" + nameOfBlock)): Object: 'Object Repository/Выручка в рублях/2025 список' is clicked on

28-03-2025T11:13:50 - [MESSAGE][PASSED] - Object: 'Object Repository/Выручка в рублях/2025 список' is clicked on

28-03-2025T11:13:50 - [TEST_STEP][PASSED] - scrollToElement(findTestObject("Выручка в рублях/1 квартал 2025 список Выручка"), 30): Scroll to object 'Object Repository/Выручка в рублях/1 квартал 2025 список Выручка' successfully

28-03-2025T11:13:50 - [MESSAGE][PASSED] - Scroll to object 'Object Repository/Выручка в рублях/1 квартал 2025 список Выручка' successfully

28-03-2025T11:13:50 - [TEST_STEP][PASSED] - click(findTestObject("Выручка в рублях/1 квартал 2025 список" + nameOfBlock)): Object: 'Object Repository/Выручка в рублях/1 квартал 2025 список' is clicked on

28-03-2025T11:13:51 - [MESSAGE][PASSED] - Object: 'Object Repository/Выручка в рублях/1 квартал 2025 список' is clicked on

28-03-2025T11:13:51 - [TEST_STEP][PASSED] - scrollToElement(findTestObject("Выручка в рублях/Январь 2025" + nameOfBlock), 30): Scroll to object 'Object Repository/Выручка в рублях/Январь 2025' successfully

28-03-2025T11:13:51 - [MESSAGE][PASSED] - Scroll to object 'Object Repository/Выручка в рублях/Январь 2025' successfully

28-03-2025T11:13:51 - [TEST_STEP][PASSED] - click(findTestObject("Выручка в рублях/Январь 2025" + nameOfBlock)): Object: 'Object Repository/Выручка в рублях/Январь 2025' is clicked on

28-03-2025T11:13:51 - [MESSAGE][PASSED] - Object: 'Object Repository/Выручка в рублях/Январь 2025' is clicked on

28-03-2025T11:13:51 - [TEST_STEP][PASSED] - scrollToElement(findTestObject("Выручка в рублях/Заголовок дашборда" + nameOfBlock), 30): Scroll to object 'Object Repository/Выручка в рублях/Заголовок дашборда' successfully

28-03-2025T11:13:52 - [MESSAGE][PASSED] - Scroll to object 'Object Repository/Выручка в рублях/Заголовок дашборда' successfully

28-03-2025T11:13:52 - [TEST_STEP][PASSED] - click(findTestObject("Выручка в рублях/Применить в фильтре Дата" + nameOfBlock)): Object: 'Object Repository/Выручка в рублях/Применить в фильтре Дата' is clicked on

28-03-2025T11:13:52 - [MESSAGE][PASSED] - Object: 'Object Repository/Выручка в рублях/Применить в фильтре Дата' is clicked on

28-03-2025T11:13:52 - [TEST_STEP][PASSED] - delay(55): Delayed 55 second(s)

28-03-2025T11:14:47 - [MESSAGE][PASSED] - Delayed 55 second(s)

28-03-2025T11:14:47 - [TEST_STEP][PASSED] - click(findTestObject("Выручка в рублях/Фильтр ДЗО" + nameOfBlock)): Object: 'Object Repository/Выручка в рублях/Фильтр ДЗО' is clicked on

28-03-2025T11:14:48 - [MESSAGE][PASSED] - Object: 'Object Repository/Выручка в рублях/Фильтр ДЗО' is clicked on

28-03-2025T11:14:48 - [TEST_STEP][PASSED] - click(findTestObject("Выручка в рублях/Снять выделение в фильтре ДЗО" + nameOfBlock)): Object: 'Object Repository/Выручка в рублях/Снять выделение в фильтре ДЗО' is clicked on

28-03-2025T11:14:48 - [MESSAGE][PASSED] - Object: 'Object Repository/Выручка в рублях/Снять выделение в фильтре ДЗО' is clicked on

28-03-2025T11:14:48 - [TEST_STEP][PASSED] - click(findTestObject("Выручка в рублях/Применить в фильтре ДЗО" + nameOfBlock)): Object: 'Object Repository/Выручка в рублях/Применить в фильтре ДЗО' is clicked on

28-03-2025T11:14:49 - [MESSAGE][PASSED] - Object: 'Object Repository/Выручка в рублях/Применить в фильтре ДЗО' is clicked on

28-03-2025T11:14:49 - [TEST_STEP][PASSED] - delay(50): Delayed 50 second(s)

28-03-2025T11:15:39 - [MESSAGE][PASSED] - Delayed 50 second(s)

28-03-2025T11:15:39 - [TEST_STEP][PASSED] - Script1742558545601.Tumbler(run, vir, block, nameOfBlock): null

28-03-2025T11:15:39 - [TEST_STEP][PASSED] - println("run:" + run): null

28-03-2025T11:15:39 - [TEST_STEP][PASSED] - println("vir:" + vir): null

28-03-2025T11:15:39 - [TEST_STEP][PASSED] - println("block:" + block): null

28-03-2025T11:15:39 - [TEST_STEP][PASSED] - println("nameOfBlock:" + nameOfBlock): null

28-03-2025T11:15:39 - [TEST_STEP][PASSED] - if (vir == 1): null

28-03-2025T11:15:39 - [TEST_STEP][PASSED] - else if (vir == 2): Object: 'Object Repository/Выручка в рублях/Применить в фильтре Выручка' is clicked on

28-03-2025T11:15:39 - [TEST_STEP][PASSED] - if (run == 2): Object: 'Object Repository/Выручка в рублях/Переключить отображение с млн на проценты Выручка в рублях' is clicked on

28-03-2025T11:15:39 - [TEST_STEP][PASSED] - click(findTestObject("Выручка в рублях/Переключить отображение с млн на проценты Выручка в рублях" + nameOfBlock)): Object: 'Object Repository/Выручка в рублях/Переключить отображение с млн на проценты Выручка в рублях' is clicked on

28-03-2025T11:15:39 - [MESSAGE][PASSED] - Object: 'Object Repository/Выручка в рублях/Переключить отображение с млн на проценты Выручка в рублях' is clicked on

28-03-2025T11:15:39 - [TEST_STEP][PASSED] - click(findTestObject("Выручка в рублях/Фильтр Выручка" + nameOfBlock)): Object: 'Object Repository/Выручка в рублях/Фильтр Выручка' is clicked on

28-03-2025T11:15:39 - [MESSAGE][PASSED] - Object: 'Object Repository/Выручка в рублях/Фильтр Выручка' is clicked on

28-03-2025T11:15:39 - [TEST_STEP][PASSED] - click(findTestObject("Выручка в рублях/Итого в фильтре Выручка" + nameOfBlock)): Object: 'Object Repository/Выручка в рублях/Итого в фильтре Выручка' is clicked on

28-03-2025T11:15:40 - [MESSAGE][PASSED] - Object: 'Object Repository/Выручка в рублях/Итого в фильтре Выручка' is clicked on

28-03-2025T11:15:40 - [TEST_STEP][PASSED] - click(findTestObject("Выручка в рублях/Применить в фильтре Выручка" + nameOfBlock)): Object: 'Object Repository/Выручка в рублях/Применить в фильтре Выручка' is clicked on

28-03-2025T11:15:41 - [MESSAGE][PASSED] - Object: 'Object Repository/Выручка в рублях/Применить в фильтре Выручка' is clicked on

28-03-2025T11:15:41 - [TEST_STEP][PASSED] - click(findTestObject("Выручка в рублях/Фильтр ДЗО" + nameOfBlock)): Object: 'Object Repository/Выручка в рублях/Фильтр ДЗО' is clicked on

28-03-2025T11:15:43 - [MESSAGE][PASSED] - Object: 'Object Repository/Выручка в рублях/Фильтр ДЗО' is clicked on

28-03-2025T11:15:43 - [TEST_STEP][PASSED] - Script1742558545601.Rosseti(nameOfBlock): null

28-03-2025T11:15:43 - [TEST_STEP][PASSED] - println("nameOfBlock:" + nameOfBlock): null

28-03-2025T11:15:43 - [TEST_STEP][PASSED] - click(findTestObject("Выручка в рублях/ПАО Россети" + nameOfBlock)): Object: 'Object Repository/Выручка в рублях/ПАО Россети' is clicked on

28-03-2025T11:15:44 - [MESSAGE][PASSED] - Object: 'Object Repository/Выручка в рублях/ПАО Россети' is clicked on

28-03-2025T11:15:44 - [TEST_STEP][PASSED] - click(findTestObject("Выручка в рублях/Применить в фильтре ДЗО" + nameOfBlock)): Object: 'Object Repository/Выручка в рублях/Применить в фильтре ДЗО' is clicked on

28-03-2025T11:15:44 - [MESSAGE][PASSED] - Object: 'Object Repository/Выручка в рублях/Применить в фильтре ДЗО' is clicked on

28-03-2025T11:15:44 - [TEST_STEP][PASSED] - if (run == 2): null

28-03-2025T11:15:44 - [TEST_STEP][PASSED] - perc = " Perc": null

28-03-2025T11:15:44 - [TEST_STEP][PASSED] - if (vir == 1 || vir == 2): Text of object 'Object Repository/Выручка в рублях/График План' is: '160 406'

28-03-2025T11:15:44 - [TEST_STEP][PASSED] - a1 = getText(findTestObject("Выручка в рублях/График План")): Text of object 'Object Repository/Выручка в рублях/График План' is: '160 406'

28-03-2025T11:15:46 - [MESSAGE][PASSED] - Text of object 'Object Repository/Выручка в рублях/График План' is: '160 406'

28-03-2025T11:15:46 - [TEST_STEP][PASSED] - if (vir == 1 || vir == 2): Text of object 'Object Repository/Выручка в рублях/График Факт' is: '155 462'

28-03-2025T11:15:46 - [TEST_STEP][PASSED] - a2 = getText(findTestObject("Выручка в рублях/График Факт")): Text of object 'Object Repository/Выручка в рублях/График Факт' is: '155 462'

28-03-2025T11:15:46 - [MESSAGE][PASSED] - Text of object 'Object Repository/Выручка в рублях/График Факт' is: '155 462'

28-03-2025T11:15:46 - [TEST_STEP][PASSED] - a30 = getText(findTestObject("Выручка в рублях/span1" + perc)): Text of object 'Object Repository/Выручка в рублях/span1 Perc' is: '-3.08 %'

28-03-2025T11:15:47 - [MESSAGE][PASSED] - Text of object 'Object Repository/Выручка в рублях/span1 Perc' is: '-3.08 %'

28-03-2025T11:15:47 - [TEST_STEP][PASSED] - i = a30.indexOf("млн.руб."): null

28-03-2025T11:15:47 - [TEST_STEP][PASSED] - if (i > -1): null

28-03-2025T11:15:47 - [TEST_STEP][PASSED] - if (a30.contains("%")): null

28-03-2025T11:15:47 - [TEST_STEP][PASSED] - a30 = a30.replaceAll("%", ""): null

28-03-2025T11:15:47 - [TEST_STEP][PASSED] - a30 = ").trim(): null

28-03-2025T11:15:47 - [TEST_STEP][PASSED] - println("a30: " + a30): null

28-03-2025T11:15:47 - [TEST_STEP][PASSED] - if (vir == 1): null

28-03-2025T11:15:47 - [TEST_STEP][PASSED] - else if (vir == 2): Text of object 'Object Repository/Выручка в рублях/span18 Perc' is: '-1.75 %'

28-03-2025T11:15:47 - [TEST_STEP][PASSED] - a31 = ").trim(): Text of object 'Object Repository/Выручка в рублях/span2 Perc' is: '-3.2 %'

28-03-2025T11:15:47 - [MESSAGE][PASSED] - Text of object 'Object Repository/Выручка в рублях/span2 Perc' is: '-3.2 %'

28-03-2025T11:15:47 - [TEST_STEP][PASSED] - a32 = ").trim(): Text of object 'Object Repository/Выручка в рублях/span3 Perc' is: '-0.04 %'

28-03-2025T11:15:47 - [MESSAGE][PASSED] - Text of object 'Object Repository/Выручка в рублях/span3 Perc' is: '-0.04 %'

28-03-2025T11:15:47 - [TEST_STEP][PASSED] - a34 = ").trim(): Text of object 'Object Repository/Выручка в рублях/span4 Perc' is: '-2.71 %'

28-03-2025T11:15:47 - [MESSAGE][PASSED] - Text of object 'Object Repository/Выручка в рублях/span4 Perc' is: '-2.71 %'

28-03-2025T11:15:47 - [TEST_STEP][PASSED] - a35 = ").trim(): Text of object 'Object Repository/Выручка в рублях/span5 Perc' is: '-0.69 %'

28-03-2025T11:15:48 - [MESSAGE][PASSED] - Text of object 'Object Repository/Выручка в рублях/span5 Perc' is: '-0.69 %'

28-03-2025T11:15:48 - [TEST_STEP][PASSED] - a36 = ").trim(): Text of object 'Object Repository/Выручка в рублях/span6 Perc' is: '-3.46 %'

28-03-2025T11:15:48 - [MESSAGE][PASSED] - Text of object 'Object Repository/Выручка в рублях/span6 Perc' is: '-3.46 %'

28-03-2025T11:15:48 - [TEST_STEP][PASSED] - a37 = ").trim(): Text of object 'Object Repository/Выручка в рублях/span7 Perc' is: '-4.13 %'

28-03-2025T11:15:48 - [MESSAGE][PASSED] - Text of object 'Object Repository/Выручка в рублях/span7 Perc' is: '-4.13 %'

28-03-2025T11:15:48 - [TEST_STEP][PASSED] - a38 = ").trim(): Text of object 'Object Repository/Выручка в рублях/span8 Perc' is: '-4.44 %'

28-03-2025T11:15:49 - [MESSAGE][PASSED] - Text of object 'Object Repository/Выручка в рублях/span8 Perc' is: '-4.44 %'

28-03-2025T11:15:49 - [TEST_STEP][PASSED] - a39 = ").trim(): Text of object 'Object Repository/Выручка в рублях/span9 Perc' is: '-3.55 %'

28-03-2025T11:15:49 - [MESSAGE][PASSED] - Text of object 'Object Repository/Выручка в рублях/span9 Perc' is: '-3.55 %'

28-03-2025T11:15:49 - [TEST_STEP][PASSED] - a310 = ").trim(): Text of object 'Object Repository/Выручка в рублях/span10 Perc' is: '3.18 %'

28-03-2025T11:15:49 - [MESSAGE][PASSED] - Text of object 'Object Repository/Выручка в рублях/span10 Perc' is: '3.18 %'

28-03-2025T11:15:49 - [TEST_STEP][PASSED] - a311 = ").trim(): Text of object 'Object Repository/Выручка в рублях/span11 Perc' is: '-5.3 %'

28-03-2025T11:15:49 - [MESSAGE][PASSED] - Text of object 'Object Repository/Выручка в рублях/span11 Perc' is: '-5.3 %'

28-03-2025T11:15:49 - [TEST_STEP][PASSED] - a312 = ").trim(): Text of object 'Object Repository/Выручка в рублях/span12 Perc' is: '-10.64 %'

28-03-2025T11:15:50 - [MESSAGE][PASSED] - Text of object 'Object Repository/Выручка в рублях/span12 Perc' is: '-10.64 %'

28-03-2025T11:15:50 - [TEST_STEP][PASSED] - a313 = ").trim(): Text of object 'Object Repository/Выручка в рублях/span13 Perc' is: '-4.34 %'

28-03-2025T11:15:50 - [MESSAGE][PASSED] - Text of object 'Object Repository/Выручка в рублях/span13 Perc' is: '-4.34 %'

28-03-2025T11:15:50 - [TEST_STEP][PASSED] - a314 = ").trim(): Text of object 'Object Repository/Выручка в рублях/span14 Perc' is: '-0.21 %'

28-03-2025T11:15:50 - [MESSAGE][PASSED] - Text of object 'Object Repository/Выручка в рублях/span14 Perc' is: '-0.21 %'

28-03-2025T11:15:50 - [TEST_STEP][PASSED] - a315 = ").trim(): Text of object 'Object Repository/Выручка в рублях/span15 Perc' is: '-5.32 %'

28-03-2025T11:15:50 - [MESSAGE][PASSED] - Text of object 'Object Repository/Выручка в рублях/span15 Perc' is: '-5.32 %'

28-03-2025T11:15:50 - [TEST_STEP][PASSED] - a316 = ").trim(): Text of object 'Object Repository/Выручка в рублях/span16 Perc' is: '-4.49 %'

28-03-2025T11:15:51 - [MESSAGE][PASSED] - Text of object 'Object Repository/Выручка в рублях/span16 Perc' is: '-4.49 %'

28-03-2025T11:15:51 - [TEST_STEP][PASSED] - a317 = ").trim(): Text of object 'Object Repository/Выручка в рублях/span17 Perc' is: '-2.73 %'

28-03-2025T11:15:51 - [MESSAGE][PASSED] - Text of object 'Object Repository/Выручка в рублях/span17 Perc' is: '-2.73 %'

28-03-2025T11:15:51 - [TEST_STEP][PASSED] - a318 = ").trim(): Text of object 'Object Repository/Выручка в рублях/span18 Perc' is: '-1.75 %'

28-03-2025T11:15:51 - [MESSAGE][PASSED] - Text of object 'Object Repository/Выручка в рублях/span18 Perc' is: '-1.75 %'

28-03-2025T11:15:51 - [TEST_STEP][PASSED] - block = 2: null

28-03-2025T11:15:51 - [TEST_STEP][PASSED] - nameOfBlock = " Выручка": null

28-03-2025T11:15:51 - [TEST_STEP][PASSED] - Script1742558545601.PreSettings(run, vir, block, nameOfBlock, typeOfData, todaysDate): null

28-03-2025T11:15:51 - [TEST_STEP][PASSED] - openBrowser(""): Browser is opened with url: ''

28-03-2025T11:15:51 - [MESSAGE][WARNING] - A browser is already opened. Closing browser and opening a new one

28-03-2025T11:15:52 - [MESSAGE][INFO] - Starting 'Chrome' driver

28-03-2025T11:15:52 - [MESSAGE][INFO] - Action delay is set to 0 milliseconds

28-03-2025T11:15:53 - [MESSAGE][PASSED] - Browser is opened with url: ''

28-03-2025T11:15:53 - [TEST_STEP][PASSED] - refresh(): Refresh successfully

28-03-2025T11:15:53 - [MESSAGE][PASSED] - Refresh successfully

28-03-2025T11:15:53 - [TEST_STEP][PASSED] - delay(50): Delayed 50 second(s)

28-03-2025T11:16:43 - [MESSAGE][PASSED] - Delayed 50 second(s)

28-03-2025T11:16:43 - [TEST_STEP][PASSED] - println("run:" + run): null

28-03-2025T11:16:43 - [TEST_STEP][PASSED] - println("vir:" + vir): null

28-03-2025T11:16:43 - [TEST_STEP][PASSED] - println("block:" + block): null

28-03-2025T11:16:43 - [TEST_STEP][PASSED] - if (block == 1): null

28-03-2025T11:16:43 - [TEST_STEP][PASSED] - else: null

28-03-2025T11:16:43 - [TEST_STEP][PASSED] - nameOfBlock = " Выручка": null

28-03-2025T11:16:43 - [TEST_STEP][PASSED] - println("nameOfBlock:" + nameOfBlock): null

28-03-2025T11:16:43 - [TEST_STEP][PASSED] - println("typeOfData:" + typeOfData): null

28-03-2025T11:16:43 - [TEST_STEP][PASSED] - println("todaysDate:" + todaysDate): null

28-03-2025T11:16:43 - [TEST_STEP][PASSED] - Script1742558545601.Autorization(block, nameOfBlock): null

28-03-2025T11:16:43 - [TEST_STEP][PASSED] - i = <not implemented yet for class: org.codehaus.groovy.ast.expr.EmptyExpression>: null

28-03-2025T11:16:43 - [TEST_STEP][PASSED] - ii = <not implemented yet for class: org.codehaus.groovy.ast.expr.EmptyExpression>: null

28-03-2025T11:16:43 - [TEST_STEP][PASSED] - urlData = <not implemented yet for class: org.codehaus.groovy.ast.expr.EmptyExpression>: null

28-03-2025T11:16:43 - [TEST_STEP][PASSED] - searchWord = <not implemented yet for class: org.codehaus.groovy.ast.expr.EmptyExpression>: null

28-03-2025T11:16:43 - [TEST_STEP][PASSED] - urlText = <not implemented yet for class: org.codehaus.groovy.ast.expr.EmptyExpression>: null

28-03-2025T11:16:43 - [TEST_STEP][PASSED] - println("block:" + block): null

28-03-2025T11:16:43 - [TEST_STEP][PASSED] - if (block == 1): null

28-03-2025T11:16:43 - [TEST_STEP][PASSED] - else: null

28-03-2025T11:16:43 - [TEST_STEP][PASSED] - delay(45): Delayed 45 second(s)

28-03-2025T11:17:28 - [MESSAGE][PASSED] - Delayed 45 second(s)

28-03-2025T11:17:28 - [TEST_STEP][PASSED] - nameOfBlock = " Выручка": null

28-03-2025T11:17:28 - [TEST_STEP][PASSED] - println("nameOfBlock:" + nameOfBlock): null

28-03-2025T11:17:28 - [TEST_STEP][PASSED] - if (block == 1): null

28-03-2025T11:17:28 - [TEST_STEP][PASSED] - else: Delayed 45 second(s)

28-03-2025T11:17:28 - [TEST_STEP][PASSED] - urlData = 9: null

28-03-2025T11:17:28 - [TEST_STEP][PASSED] - delay(45): Delayed 45 second(s)

28-03-2025T11:18:13 - [MESSAGE][PASSED] - Delayed 45 second(s)

28-03-2025T11:18:13 - [TEST_STEP][PASSED] - navigateToUrl(findTestData("PlanFact").getValue(10, urlData)): Navigate to 'https://bi.rosseti.digital/viewer?dashboardGuid=a1fd28b3785d443cbc4d7690a1d78e31&sheetGuid=86092a20c5984827a0c87b24cac76a50&fit=true' successfully

28-03-2025T11:18:17 - [MESSAGE][PASSED] - Navigate to 'https://bi.rosseti.digital/viewer?dashboardGuid=a1fd28b3785d443cbc4d7690a1d78e31&sheetGuid=86092a20c5984827a0c87b24cac76a50&fit=true' successfully

28-03-2025T11:18:17 - [TEST_STEP][PASSED] - urlText = getText(findTestObject("Страница авторизации/Text")): Text of object 'Object Repository/Страница авторизации/Text' is: 'Вход'

28-03-2025T11:18:18 - [MESSAGE][PASSED] - Text of object 'Object Repository/Страница авторизации/Text' is: 'Вход'

28-03-2025T11:18:18 - [TEST_STEP][PASSED] - searchWord = "Вход": null

28-03-2025T11:18:18 - [TEST_STEP][PASSED] - if (urlText == null || urlText.contains("ошибка") || urlText.contains(searchWord) == false): null

28-03-2025T11:18:18 - [TEST_STEP][PASSED] - if (verifyElementPresent(findTestObject("Страница авторизации/button_"), 30) == true): null

28-03-2025T11:18:18 - [MESSAGE][PASSED] - Object 'Object Repository/Страница авторизации/button_' is present

28-03-2025T11:18:18 - [TEST_STEP][PASSED] - setText(findTestObject("Страница авторизации/input__username"), findTestData("PlanFact").getValue(8, 1)): Text 'liazgina-di' is set on object 'Object Repository/Страница авторизации/input__username'

28-03-2025T11:18:19 - [MESSAGE][PASSED] - Text 'liazgina-di' is set on object 'Object Repository/Страница авторизации/input__username'

28-03-2025T11:18:19 - [TEST_STEP][PASSED] - setText(findTestObject("Страница авторизации/input__password"), findTestData("PlanFact").getValue(9, 1)): Text ')$%5srZ8o688Dm#q' is set on object 'Object Repository/Страница авторизации/input__password'

28-03-2025T11:18:20 - [MESSAGE][PASSED] - Text ')$%5srZ8o688Dm#q' is set on object 'Object Repository/Страница авторизации/input__password'

28-03-2025T11:18:20 - [TEST_STEP][PASSED] - click(findTestObject("Страница авторизации/button_")): Object: 'Object Repository/Страница авторизации/button_' is clicked on

28-03-2025T11:18:21 - [MESSAGE][PASSED] - Object: 'Object Repository/Страница авторизации/button_' is clicked on

28-03-2025T11:18:21 - [TEST_STEP][PASSED] - delay(45): Delayed 45 second(s)

28-03-2025T11:19:06 - [MESSAGE][PASSED] - Delayed 45 second(s)

28-03-2025T11:19:06 - [TEST_STEP][PASSED] - urlText = getText(findTestObject("Страница авторизации/Text")): Text of object 'Object Repository/Страница авторизации/Text' is: 'Период
Январь, Февраль 2025 года
Выручка
Все
Выполнение плановых показателей по ПАО Россети за Январь, Февраль 2025 года
План
Факт
Динамика
2025 год
0 млн.руб.
50 000 млн.руб.
100 000 млн.руб.
150 000 млн.руб.
200 000 млн.руб.
250 000 млн.руб.
300 000 млн.руб.
350 000 млн.руб.
400 000 млн.руб.
318 025
268 560
↓
ДЗО 
Все
Подписи данных
⬤Отклонение
АО "РЭС"
АО «Тываэнерго»
АО «Чеченэнерго»
Россети Волга
Россети Кубань
Россети Ленэнерго (ГК)
Россети Московский регион
Россети Северный Кавказ (ГК)
Россети Северо-Запад
Россети Сибирь (ГК)
Россети Томск
Россети Тюмень
Россети Урал (ГК)
Россети ФСК ЕЭС
Россети Центр
Россети Центр и Приволжье (ГК)
Россети Юг (ГК)
Россети Янтарь
-30 000 млн.руб.
-27 500 млн.руб.
-25 000 млн.руб.
-22 500 млн.руб.
-20 000 млн.руб.
-17 500 млн.руб.
-15 000 млн.руб.
-12 500 млн.руб.
-10 000 млн.руб.
-7 500 млн.руб.
-5 000 млн.руб.
-2 500 млн.руб.
0 млн.руб.
2 500 млн.руб.
-170
-229
-76
-270
552
-244
-1 353
-805
-232
-6 501
-47
-10 407
-701
-28 384
-520
-197
68
50
млн.
%
Выручка
Отклонение выручки по ПАО Россети за Январь, Февраль 2025 года (факт/план, млн. руб)
ПАО Россети
-49 464.8 млн.руб.
Статус данных
×
Просьба обратить внимание
Данные занесены не полностью
ВЫБРАННЫЕ ЗНАЧЕНИЯ ФИЛЬТРОВ
ДЗО | ПЕРИОД
ПАО Россети: [«Выбраны все филиалы по всем ДЗО по всем категориям»]
2025: [Янв, Фев]
*Внутренний оборот'

28-03-2025T11:19:07 - [MESSAGE][PASSED] - Text of object 'Object Repository/Страница авторизации/Text' is: 'Период
Январь, Февраль 2025 года
Выручка
Все
Выполнение плановых показателей по ПАО Россети за Январь, Февраль 2025 года
План
Факт
Динамика
2025 год
0 млн.руб.
50 000 млн.руб.
100 000 млн.руб.
150 000 млн.руб.
200 000 млн.руб.
250 000 млн.руб.
300 000 млн.руб.
350 000 млн.руб.
400 000 млн.руб.
318 025
268 560
↓
ДЗО 
Все
Подписи данных
⬤Отклонение
АО "РЭС"
АО «Тываэнерго»
АО «Чеченэнерго»
Россети Волга
Россети Кубань
Россети Ленэнерго (ГК)
Россети Московский регион
Россети Северный Кавказ (ГК)
Россети Северо-Запад
Россети Сибирь (ГК)
Россети Томск
Россети Тюмень
Россети Урал (ГК)
Россети ФСК ЕЭС
Россети Центр
Россети Центр и Приволжье (ГК)
Россети Юг (ГК)
Россети Янтарь
-30 000 млн.руб.
-27 500 млн.руб.
-25 000 млн.руб.
-22 500 млн.руб.
-20 000 млн.руб.
-17 500 млн.руб.
-15 000 млн.руб.
-12 500 млн.руб.
-10 000 млн.руб.
-7 500 млн.руб.
-5 000 млн.руб.
-2 500 млн.руб.
0 млн.руб.
2 500 млн.руб.
-170
-229
-76
-270
552
-244
-1 353
-805
-232
-6 501
-47
-10 407
-701
-28 384
-520
-197
68
50
млн.
%
Выручка
Отклонение выручки по ПАО Россети за Январь, Февраль 2025 года (факт/план, млн. руб)
ПАО Россети
-49 464.8 млн.руб.
Статус данных
×
Просьба обратить внимание
Данные занесены не полностью
ВЫБРАННЫЕ ЗНАЧЕНИЯ ФИЛЬТРОВ
ДЗО | ПЕРИОД
ПАО Россети: [«Выбраны все филиалы по всем ДЗО по всем категориям»]
2025: [Янв, Фев]
*Внутренний оборот'

28-03-2025T11:19:07 - [TEST_STEP][PASSED] - searchWord = "а": null

28-03-2025T11:19:07 - [TEST_STEP][PASSED] - if (urlText.contains("ошибка") || urlText.contains(searchWord) == false): null

28-03-2025T11:19:07 - [TEST_STEP][PASSED] - delay(45): Delayed 45 second(s)

28-03-2025T11:19:52 - [MESSAGE][PASSED] - Delayed 45 second(s)

28-03-2025T11:19:52 - [TEST_STEP][PASSED] - if (block == 2): Delayed 50 second(s)

28-03-2025T11:19:52 - [TEST_STEP][PASSED] - opoveshenie = getText(findTestObject("Выручка в рублях/Просьба обратить внимание")): Text of object 'Object Repository/Выручка в рублях/Просьба обратить внимание' is: 'Просьба обратить внимание'

28-03-2025T11:19:52 - [MESSAGE][PASSED] - Text of object 'Object Repository/Выручка в рублях/Просьба обратить внимание' is: 'Просьба обратить внимание'

28-03-2025T11:19:52 - [TEST_STEP][PASSED] - if (opoveshenie == "Просьба обратить внимание"): Delayed 50 second(s)

28-03-2025T11:19:52 - [TEST_STEP][PASSED] - click(findTestObject("Выручка в рублях/Закрыть оповещение")): Object: 'Object Repository/Выручка в рублях/Закрыть оповещение' is clicked on

28-03-2025T11:19:52 - [MESSAGE][PASSED] - Object: 'Object Repository/Выручка в рублях/Закрыть оповещение' is clicked on

28-03-2025T11:19:52 - [TEST_STEP][PASSED] - delay(50): Delayed 50 second(s)

28-03-2025T11:20:42 - [MESSAGE][PASSED] - Delayed 50 second(s)

28-03-2025T11:20:42 - [TEST_STEP][PASSED] - click(findTestObject("Выручка в рублях/Фильтр Период" + nameOfBlock)): Object: 'Object Repository/Выручка в рублях/Фильтр Период Выручка' is clicked on

28-03-2025T11:20:43 - [MESSAGE][PASSED] - Object: 'Object Repository/Выручка в рублях/Фильтр Период Выручка' is clicked on

28-03-2025T11:20:43 - [TEST_STEP][PASSED] - click(findTestObject("Выручка в рублях/Снять выделение в фильтре Дата" + nameOfBlock)): Object: 'Object Repository/Выручка в рублях/Снять выделение в фильтре Дата Выручка' is clicked on

28-03-2025T11:20:43 - [MESSAGE][PASSED] - Object: 'Object Repository/Выручка в рублях/Снять выделение в фильтре Дата Выручка' is clicked on

28-03-2025T11:20:43 - [TEST_STEP][PASSED] - click(findTestObject("Выручка в рублях/Применить в фильтре Дата" + nameOfBlock)): Object: 'Object Repository/Выручка в рублях/Применить в фильтре Дата Выручка' is clicked on

28-03-2025T11:20:44 - [MESSAGE][PASSED] - Object: 'Object Repository/Выручка в рублях/Применить в фильтре Дата Выручка' is clicked on

28-03-2025T11:20:44 - [TEST_STEP][PASSED] - delay(50): Delayed 50 second(s)

28-03-2025T11:21:34 - [MESSAGE][PASSED] - Delayed 50 second(s)

28-03-2025T11:21:34 - [TEST_STEP][PASSED] - click(findTestObject("Выручка в рублях/Фильтр Период" + nameOfBlock)): Object: 'Object Repository/Выручка в рублях/Фильтр Период Выручка' is clicked on

28-03-2025T11:21:34 - [MESSAGE][PASSED] - Object: 'Object Repository/Выручка в рублях/Фильтр Период Выручка' is clicked on

28-03-2025T11:21:34 - [TEST_STEP][PASSED] - click(findTestObject("Выручка в рублях/Снять выделение в фильтре Дата" + nameOfBlock)): Object: 'Object Repository/Выручка в рублях/Снять выделение в фильтре Дата Выручка' is clicked on

28-03-2025T11:21:35 - [MESSAGE][PASSED] - Object: 'Object Repository/Выручка в рублях/Снять выделение в фильтре Дата Выручка' is clicked on

28-03-2025T11:21:35 - [TEST_STEP][PASSED] - scrollToElement(findTestObject("Выручка в рублях/2025 список" + nameOfBlock), 30): Scroll to object 'Object Repository/Выручка в рублях/2025 список Выручка' successfully

28-03-2025T11:21:35 - [MESSAGE][PASSED] - Scroll to object 'Object Repository/Выручка в рублях/2025 список Выручка' successfully

28-03-2025T11:21:35 - [TEST_STEP][PASSED] - click(findTestObject("Выручка в рублях/2025 список" + nameOfBlock)): Object: 'Object Repository/Выручка в рублях/2025 список Выручка' is clicked on

28-03-2025T11:21:35 - [MESSAGE][PASSED] - Object: 'Object Repository/Выручка в рублях/2025 список Выручка' is clicked on

28-03-2025T11:21:35 - [TEST_STEP][PASSED] - scrollToElement(findTestObject("Выручка в рублях/1 квартал 2025 список Выручка"), 30): Scroll to object 'Object Repository/Выручка в рублях/1 квартал 2025 список Выручка' successfully

28-03-2025T11:21:36 - [MESSAGE][PASSED] - Scroll to object 'Object Repository/Выручка в рублях/1 квартал 2025 список Выручка' successfully

28-03-2025T11:21:36 - [TEST_STEP][PASSED] - click(findTestObject("Выручка в рублях/1 квартал 2025 список" + nameOfBlock)): Object: 'Object Repository/Выручка в рублях/1 квартал 2025 список Выручка' is clicked on

28-03-2025T11:21:36 - [MESSAGE][PASSED] - Object: 'Object Repository/Выручка в рублях/1 квартал 2025 список Выручка' is clicked on

28-03-2025T11:21:36 - [TEST_STEP][PASSED] - scrollToElement(findTestObject("Выручка в рублях/Январь 2025" + nameOfBlock), 30): Scroll to object 'Object Repository/Выручка в рублях/Январь 2025 Выручка' successfully

28-03-2025T11:21:36 - [MESSAGE][PASSED] - Scroll to object 'Object Repository/Выручка в рублях/Январь 2025 Выручка' successfully

28-03-2025T11:21:36 - [TEST_STEP][PASSED] - click(findTestObject("Выручка в рублях/Январь 2025" + nameOfBlock)): Object: 'Object Repository/Выручка в рублях/Январь 2025 Выручка' is clicked on

28-03-2025T11:21:37 - [MESSAGE][PASSED] - Object: 'Object Repository/Выручка в рублях/Январь 2025 Выручка' is clicked on

28-03-2025T11:21:37 - [TEST_STEP][PASSED] - scrollToElement(findTestObject("Выручка в рублях/Заголовок дашборда" + nameOfBlock), 30): Scroll to object 'Object Repository/Выручка в рублях/Заголовок дашборда Выручка' successfully

28-03-2025T11:21:37 - [MESSAGE][PASSED] - Scroll to object 'Object Repository/Выручка в рублях/Заголовок дашборда Выручка' successfully

28-03-2025T11:21:37 - [TEST_STEP][PASSED] - click(findTestObject("Выручка в рублях/Применить в фильтре Дата" + nameOfBlock)): Object: 'Object Repository/Выручка в рублях/Применить в фильтре Дата Выручка' is clicked on

28-03-2025T11:21:38 - [MESSAGE][PASSED] - Object: 'Object Repository/Выручка в рублях/Применить в фильтре Дата Выручка' is clicked on

28-03-2025T11:21:38 - [TEST_STEP][PASSED] - delay(55): Delayed 55 second(s)

28-03-2025T11:22:33 - [MESSAGE][PASSED] - Delayed 55 second(s)

28-03-2025T11:22:33 - [TEST_STEP][PASSED] - click(findTestObject("Выручка в рублях/Фильтр ДЗО" + nameOfBlock)): Object: 'Object Repository/Выручка в рублях/Фильтр ДЗО Выручка' is clicked on

28-03-2025T11:22:33 - [MESSAGE][PASSED] - Object: 'Object Repository/Выручка в рублях/Фильтр ДЗО Выручка' is clicked on

28-03-2025T11:22:33 - [TEST_STEP][PASSED] - click(findTestObject("Выручка в рублях/Снять выделение в фильтре ДЗО" + nameOfBlock)): Object: 'Object Repository/Выручка в рублях/Снять выделение в фильтре ДЗО Выручка' is clicked on

28-03-2025T11:22:34 - [MESSAGE][PASSED] - Object: 'Object Repository/Выручка в рублях/Снять выделение в фильтре ДЗО Выручка' is clicked on

28-03-2025T11:22:34 - [TEST_STEP][PASSED] - click(findTestObject("Выручка в рублях/Применить в фильтре ДЗО" + nameOfBlock)): Object: 'Object Repository/Выручка в рублях/Применить в фильтре ДЗО Выручка' is clicked on

28-03-2025T11:22:34 - [MESSAGE][PASSED] - Object: 'Object Repository/Выручка в рублях/Применить в фильтре ДЗО Выручка' is clicked on

28-03-2025T11:22:34 - [TEST_STEP][PASSED] - delay(50): Delayed 50 second(s)

28-03-2025T11:23:24 - [MESSAGE][PASSED] - Delayed 50 second(s)

28-03-2025T11:23:24 - [TEST_STEP][PASSED] - Script1742558545601.Tumbler(run, vir, block, nameOfBlock): null

28-03-2025T11:23:24 - [TEST_STEP][PASSED] - println("run:" + run): null

28-03-2025T11:23:24 - [TEST_STEP][PASSED] - println("vir:" + vir): null

28-03-2025T11:23:24 - [TEST_STEP][PASSED] - println("block:" + block): null

28-03-2025T11:23:24 - [TEST_STEP][PASSED] - println("nameOfBlock:" + nameOfBlock): null

28-03-2025T11:23:24 - [TEST_STEP][PASSED] - if (vir == 1): null

28-03-2025T11:23:24 - [TEST_STEP][PASSED] - else if (vir == 2): Object: 'Object Repository/Выручка в рублях/Применить в фильтре Выручка Выручка' is clicked on

28-03-2025T11:23:24 - [TEST_STEP][PASSED] - if (run == 2): Object: 'Object Repository/Выручка в рублях/Переключить отображение с млн на проценты Выручка в рублях Выручка' is clicked on

28-03-2025T11:23:24 - [TEST_STEP][PASSED] - click(findTestObject("Выручка в рублях/Переключить отображение с млн на проценты Выручка в рублях" + nameOfBlock)): Object: 'Object Repository/Выручка в рублях/Переключить отображение с млн на проценты Выручка в рублях Выручка' is clicked on

28-03-2025T11:23:25 - [MESSAGE][PASSED] - Object: 'Object Repository/Выручка в рублях/Переключить отображение с млн на проценты Выручка в рублях Выручка' is clicked on

28-03-2025T11:23:25 - [TEST_STEP][PASSED] - click(findTestObject("Выручка в рублях/Фильтр Выручка" + nameOfBlock)): Object: 'Object Repository/Выручка в рублях/Фильтр Выручка Выручка' is clicked on

28-03-2025T11:23:25 - [MESSAGE][PASSED] - Object: 'Object Repository/Выручка в рублях/Фильтр Выручка Выручка' is clicked on

28-03-2025T11:23:25 - [TEST_STEP][PASSED] - click(findTestObject("Выручка в рублях/Итого в фильтре Выручка" + nameOfBlock)): Object: 'Object Repository/Выручка в рублях/Итого в фильтре Выручка Выручка' is clicked on

28-03-2025T11:23:25 - [MESSAGE][PASSED] - Object: 'Object Repository/Выручка в рублях/Итого в фильтре Выручка Выручка' is clicked on

28-03-2025T11:23:25 - [TEST_STEP][PASSED] - click(findTestObject("Выручка в рублях/Применить в фильтре Выручка" + nameOfBlock)): Object: 'Object Repository/Выручка в рублях/Применить в фильтре Выручка Выручка' is clicked on

28-03-2025T11:23:26 - [MESSAGE][PASSED] - Object: 'Object Repository/Выручка в рублях/Применить в фильтре Выручка Выручка' is clicked on

28-03-2025T11:23:26 - [TEST_STEP][PASSED] - click(findTestObject("Выручка в рублях/Фильтр ДЗО" + nameOfBlock)): Object: 'Object Repository/Выручка в рублях/Фильтр ДЗО Выручка' is clicked on

28-03-2025T11:23:28 - [MESSAGE][PASSED] - Object: 'Object Repository/Выручка в рублях/Фильтр ДЗО Выручка' is clicked on

28-03-2025T11:23:28 - [TEST_STEP][PASSED] - Script1742558545601.Rosseti(nameOfBlock): null

28-03-2025T11:23:28 - [TEST_STEP][PASSED] - println("nameOfBlock:" + nameOfBlock): null

28-03-2025T11:23:28 - [TEST_STEP][PASSED] - click(findTestObject("Выручка в рублях/ПАО Россети" + nameOfBlock)): Object: 'Object Repository/Выручка в рублях/ПАО Россети Выручка' is clicked on

28-03-2025T11:23:28 - [MESSAGE][PASSED] - Object: 'Object Repository/Выручка в рублях/ПАО Россети Выручка' is clicked on

28-03-2025T11:23:28 - [TEST_STEP][PASSED] - click(findTestObject("Выручка в рублях/Применить в фильтре ДЗО" + nameOfBlock)): Object: 'Object Repository/Выручка в рублях/Применить в фильтре ДЗО Выручка' is clicked on

28-03-2025T11:23:29 - [MESSAGE][PASSED] - Object: 'Object Repository/Выручка в рублях/Применить в фильтре ДЗО Выручка' is clicked on

28-03-2025T11:23:29 - [TEST_STEP][PASSED] - if (vir == 1 || vir == 2): Text of object 'Object Repository/Выручка в рублях/График План Выручка' is: '160 406'

28-03-2025T11:23:29 - [TEST_STEP][PASSED] - b1 = getText(findTestObject("Выручка в рублях/График План Выручка")): Text of object 'Object Repository/Выручка в рублях/График План Выручка' is: '160 406'

28-03-2025T11:23:30 - [MESSAGE][PASSED] - Text of object 'Object Repository/Выручка в рублях/График План Выручка' is: '160 406'

28-03-2025T11:23:30 - [TEST_STEP][PASSED] - if (vir == 1 || vir == 2): Text of object 'Object Repository/Выручка в рублях/График Факт Выручка' is: '155 462'

28-03-2025T11:23:30 - [TEST_STEP][PASSED] - b2 = getText(findTestObject("Выручка в рублях/График Факт Выручка")): Text of object 'Object Repository/Выручка в рублях/График Факт Выручка' is: '155 462'

28-03-2025T11:23:30 - [MESSAGE][PASSED] - Text of object 'Object Repository/Выручка в рублях/График Факт Выручка' is: '155 462'

28-03-2025T11:23:30 - [TEST_STEP][PASSED] - b30 = getText(findTestObject("Выручка в рублях/span1" + perc)): Text of object 'Object Repository/Выручка в рублях/span1 Perc' is: '-3.08 %'

28-03-2025T11:23:31 - [MESSAGE][PASSED] - Text of object 'Object Repository/Выручка в рублях/span1 Perc' is: '-3.08 %'

28-03-2025T11:23:31 - [TEST_STEP][PASSED] - i = b30.indexOf("млн.руб."): null

28-03-2025T11:23:31 - [TEST_STEP][PASSED] - if (i > -1): null

28-03-2025T11:23:31 - [TEST_STEP][PASSED] - if (b30.contains("%")): null

28-03-2025T11:23:31 - [TEST_STEP][PASSED] - b30 = b30.replaceAll("%", ""): null

28-03-2025T11:23:31 - [TEST_STEP][PASSED] - b30 = ").trim(): null

28-03-2025T11:23:31 - [TEST_STEP][PASSED] - println("b30: " + b30): null

28-03-2025T11:23:31 - [TEST_STEP][PASSED] - if (vir == 1): null

28-03-2025T11:23:31 - [TEST_STEP][PASSED] - else if (vir == 2): Text of object 'Object Repository/Выручка в рублях/span18 Perc' is: '-1.75 %'

28-03-2025T11:23:31 - [TEST_STEP][PASSED] - b31 = ").trim(): Text of object 'Object Repository/Выручка в рублях/span2 Perc' is: '-3.2 %'

28-03-2025T11:23:31 - [MESSAGE][PASSED] - Text of object 'Object Repository/Выручка в рублях/span2 Perc' is: '-3.2 %'

28-03-2025T11:23:31 - [TEST_STEP][PASSED] - b32 = ").trim(): Text of object 'Object Repository/Выручка в рублях/span3 Perc' is: '-0.04 %'

28-03-2025T11:23:31 - [MESSAGE][PASSED] - Text of object 'Object Repository/Выручка в рублях/span3 Perc' is: '-0.04 %'

28-03-2025T11:23:31 - [TEST_STEP][PASSED] - b34 = ").trim(): Text of object 'Object Repository/Выручка в рублях/span4 Perc' is: '-2.71 %'

28-03-2025T11:23:31 - [MESSAGE][PASSED] - Text of object 'Object Repository/Выручка в рублях/span4 Perc' is: '-2.71 %'

28-03-2025T11:23:31 - [TEST_STEP][PASSED] - b35 = ").trim(): Text of object 'Object Repository/Выручка в рублях/span5 Perc' is: '-0.69 %'

28-03-2025T11:23:32 - [MESSAGE][PASSED] - Text of object 'Object Repository/Выручка в рублях/span5 Perc' is: '-0.69 %'

28-03-2025T11:23:32 - [TEST_STEP][PASSED] - b36 = ").trim(): Text of object 'Object Repository/Выручка в рублях/span6 Perc' is: '-3.46 %'

28-03-2025T11:23:32 - [MESSAGE][PASSED] - Text of object 'Object Repository/Выручка в рублях/span6 Perc' is: '-3.46 %'

28-03-2025T11:23:32 - [TEST_STEP][PASSED] - b37 = ").trim(): Text of object 'Object Repository/Выручка в рублях/span7 Perc' is: '-4.13 %'

28-03-2025T11:23:32 - [MESSAGE][PASSED] - Text of object 'Object Repository/Выручка в рублях/span7 Perc' is: '-4.13 %'

28-03-2025T11:23:32 - [TEST_STEP][PASSED] - b38 = ").trim(): Text of object 'Object Repository/Выручка в рублях/span8 Perc' is: '-4.44 %'

28-03-2025T11:23:33 - [MESSAGE][PASSED] - Text of object 'Object Repository/Выручка в рублях/span8 Perc' is: '-4.44 %'

28-03-2025T11:23:33 - [TEST_STEP][PASSED] - b39 = ").trim(): Text of object 'Object Repository/Выручка в рублях/span9 Perc' is: '-3.55 %'

28-03-2025T11:23:33 - [MESSAGE][PASSED] - Text of object 'Object Repository/Выручка в рублях/span9 Perc' is: '-3.55 %'

28-03-2025T11:23:33 - [TEST_STEP][PASSED] - b310 = ").trim(): Text of object 'Object Repository/Выручка в рублях/span10 Perc' is: '3.18 %'

28-03-2025T11:23:33 - [MESSAGE][PASSED] - Text of object 'Object Repository/Выручка в рублях/span10 Perc' is: '3.18 %'

28-03-2025T11:23:33 - [TEST_STEP][PASSED] - b311 = ").trim(): Text of object 'Object Repository/Выручка в рублях/span11 Perc' is: '-5.3 %'

28-03-2025T11:23:33 - [MESSAGE][PASSED] - Text of object 'Object Repository/Выручка в рублях/span11 Perc' is: '-5.3 %'

28-03-2025T11:23:33 - [TEST_STEP][PASSED] - b312 = ").trim(): Text of object 'Object Repository/Выручка в рублях/span12 Perc' is: '-10.64 %'

28-03-2025T11:23:34 - [MESSAGE][PASSED] - Text of object 'Object Repository/Выручка в рублях/span12 Perc' is: '-10.64 %'

28-03-2025T11:23:34 - [TEST_STEP][PASSED] - b313 = ").trim(): Text of object 'Object Repository/Выручка в рублях/span13 Perc' is: '-4.34 %'

28-03-2025T11:23:34 - [MESSAGE][PASSED] - Text of object 'Object Repository/Выручка в рублях/span13 Perc' is: '-4.34 %'

28-03-2025T11:23:34 - [TEST_STEP][PASSED] - b314 = ").trim(): Text of object 'Object Repository/Выручка в рублях/span14 Perc' is: '-0.21 %'

28-03-2025T11:23:34 - [MESSAGE][PASSED] - Text of object 'Object Repository/Выручка в рублях/span14 Perc' is: '-0.21 %'

28-03-2025T11:23:34 - [TEST_STEP][PASSED] - b315 = ").trim(): Text of object 'Object Repository/Выручка в рублях/span15 Perc' is: '-5.32 %'

28-03-2025T11:23:34 - [MESSAGE][PASSED] - Text of object 'Object Repository/Выручка в рублях/span15 Perc' is: '-5.32 %'

28-03-2025T11:23:34 - [TEST_STEP][PASSED] - b316 = ").trim(): Text of object 'Object Repository/Выручка в рублях/span16 Perc' is: '-4.49 %'

28-03-2025T11:23:35 - [MESSAGE][PASSED] - Text of object 'Object Repository/Выручка в рублях/span16 Perc' is: '-4.49 %'

28-03-2025T11:23:35 - [TEST_STEP][PASSED] - b317 = ").trim(): Text of object 'Object Repository/Выручка в рублях/span17 Perc' is: '-2.73 %'

28-03-2025T11:23:35 - [MESSAGE][PASSED] - Text of object 'Object Repository/Выручка в рублях/span17 Perc' is: '-2.73 %'

28-03-2025T11:23:35 - [TEST_STEP][PASSED] - b318 = ").trim(): Text of object 'Object Repository/Выручка в рублях/span18 Perc' is: '-1.75 %'

28-03-2025T11:23:35 - [MESSAGE][PASSED] - Text of object 'Object Repository/Выручка в рублях/span18 Perc' is: '-1.75 %'

28-03-2025T11:23:35 - [TEST_STEP][PASSED] - dZO = "ПАО Россети": null

28-03-2025T11:23:35 - [TEST_STEP][PASSED] - if (verifyEqual(a1, b1) == false): Actual object '160 406' and expected object '160 406' are equal

28-03-2025T11:23:35 - [MESSAGE][PASSED] - Actual object '160 406' and expected object '160 406' are equal

28-03-2025T11:23:35 - [TEST_STEP][PASSED] - if (verifyEqual(a2, b2) == false): Actual object '155 462' and expected object '155 462' are equal

28-03-2025T11:23:35 - [MESSAGE][PASSED] - Actual object '155 462' and expected object '155 462' are equal

28-03-2025T11:23:35 - [TEST_STEP][PASSED] - vidget = "Отклонения": null

28-03-2025T11:23:35 - [TEST_STEP][PASSED] - if (verifyEqual(a30, b30) == false): Actual object '-3.08' and expected object '-3.08' are equal

28-03-2025T11:23:35 - [MESSAGE][PASSED] - Actual object '-3.08' and expected object '-3.08' are equal

28-03-2025T11:23:35 - [TEST_STEP][PASSED] - dZO = "АО «РЭС»": null

28-03-2025T11:23:35 - [TEST_STEP][PASSED] - if (verifyEqual(a31, b31) == false): Actual object '-3.2' and expected object '-3.2' are equal

28-03-2025T11:23:35 - [MESSAGE][PASSED] - Actual object '-3.2' and expected object '-3.2' are equal

28-03-2025T11:23:35 - [TEST_STEP][PASSED] - dZO = "АО «Тываэнерго»": null

28-03-2025T11:23:35 - [TEST_STEP][PASSED] - if (verifyEqual(a32, b32) == false): Actual object '-0.04' and expected object '-0.04' are equal

28-03-2025T11:23:35 - [MESSAGE][PASSED] - Actual object '-0.04' and expected object '-0.04' are equal

28-03-2025T11:23:35 - [TEST_STEP][PASSED] - dZO = "АО «Чеченэнерго»": null

28-03-2025T11:23:35 - [TEST_STEP][PASSED] - if (verifyEqual(a33, b33) == false): Actual object 'null' and expected object 'null' are equal

28-03-2025T11:23:35 - [MESSAGE][PASSED] - Actual object 'null' and expected object 'null' are equal

28-03-2025T11:23:35 - [TEST_STEP][PASSED] - dZO = "Россети Волга": null

28-03-2025T11:23:35 - [TEST_STEP][PASSED] - if (verifyEqual(a34, b34) == false): Actual object '-2.71' and expected object '-2.71' are equal

28-03-2025T11:23:35 - [MESSAGE][PASSED] - Actual object '-2.71' and expected object '-2.71' are equal

28-03-2025T11:23:35 - [TEST_STEP][PASSED] - dZO = "Россети Кубань": null

28-03-2025T11:23:35 - [TEST_STEP][PASSED] - if (verifyEqual(a35, b35) == false): Actual object '-0.69' and expected object '-0.69' are equal

28-03-2025T11:23:35 - [MESSAGE][PASSED] - Actual object '-0.69' and expected object '-0.69' are equal

28-03-2025T11:23:35 - [TEST_STEP][PASSED] - dZO = "Россети Ленэнерго (ГК)": null

28-03-2025T11:23:35 - [TEST_STEP][PASSED] - if (verifyEqual(a36, b36) == false): Actual object '-3.46' and expected object '-3.46' are equal

28-03-2025T11:23:35 - [MESSAGE][PASSED] - Actual object '-3.46' and expected object '-3.46' are equal

28-03-2025T11:23:35 - [TEST_STEP][PASSED] - dZO = "Россети Московский регион": null

28-03-2025T11:23:35 - [TEST_STEP][PASSED] - if (verifyEqual(a37, b37) == false): Actual object '-4.13' and expected object '-4.13' are equal

28-03-2025T11:23:35 - [MESSAGE][PASSED] - Actual object '-4.13' and expected object '-4.13' are equal

28-03-2025T11:23:35 - [TEST_STEP][PASSED] - dZO = "Россети Северный Кавказ (ГК)": null

28-03-2025T11:23:35 - [TEST_STEP][PASSED] - if (verifyEqual(a38, b38) == false): Actual object '-4.44' and expected object '-4.44' are equal

28-03-2025T11:23:35 - [MESSAGE][PASSED] - Actual object '-4.44' and expected object '-4.44' are equal

28-03-2025T11:23:35 - [TEST_STEP][PASSED] - dZO = "Россети Северо-Запад": null

28-03-2025T11:23:35 - [TEST_STEP][PASSED] - if (verifyEqual(a39, b39) == false): Actual object '-3.55' and expected object '-3.55' are equal

28-03-2025T11:23:35 - [MESSAGE][PASSED] - Actual object '-3.55' and expected object '-3.55' are equal

28-03-2025T11:23:35 - [TEST_STEP][PASSED] - dZO = "Россети Сибирь (ГК)": null

28-03-2025T11:23:35 - [TEST_STEP][PASSED] - if (verifyEqual(a310, b310) == false): Actual object '3.18' and expected object '3.18' are equal

28-03-2025T11:23:35 - [MESSAGE][PASSED] - Actual object '3.18' and expected object '3.18' are equal

28-03-2025T11:23:35 - [TEST_STEP][PASSED] - dZO = "Россети Томск": null

28-03-2025T11:23:35 - [TEST_STEP][PASSED] - if (verifyEqual(a311, b311) == false): Actual object '-5.3' and expected object '-5.3' are equal

28-03-2025T11:23:35 - [MESSAGE][PASSED] - Actual object '-5.3' and expected object '-5.3' are equal

28-03-2025T11:23:35 - [TEST_STEP][PASSED] - dZO = "Россети Тюмень": null

28-03-2025T11:23:35 - [TEST_STEP][PASSED] - if (verifyEqual(a312, b312) == false): Actual object '-10.64' and expected object '-10.64' are equal

28-03-2025T11:23:35 - [MESSAGE][PASSED] - Actual object '-10.64' and expected object '-10.64' are equal

28-03-2025T11:23:35 - [TEST_STEP][PASSED] - dZO = "Россети Урал (ГК)": null

28-03-2025T11:23:35 - [TEST_STEP][PASSED] - if (verifyEqual(a313, b313) == false): Actual object '-4.34' and expected object '-4.34' are equal

28-03-2025T11:23:35 - [MESSAGE][PASSED] - Actual object '-4.34' and expected object '-4.34' are equal

28-03-2025T11:23:35 - [TEST_STEP][PASSED] - dZO = "Россети ФСК ЕЭС": null

28-03-2025T11:23:35 - [TEST_STEP][PASSED] - if (verifyEqual(a314, b314) == false): Actual object '-0.21' and expected object '-0.21' are equal

28-03-2025T11:23:35 - [MESSAGE][PASSED] - Actual object '-0.21' and expected object '-0.21' are equal

28-03-2025T11:23:35 - [TEST_STEP][PASSED] - dZO = "Россети Центр": null

28-03-2025T11:23:35 - [TEST_STEP][PASSED] - if (verifyEqual(a315, b315) == false): Actual object '-5.32' and expected object '-5.32' are equal

28-03-2025T11:23:35 - [MESSAGE][PASSED] - Actual object '-5.32' and expected object '-5.32' are equal

28-03-2025T11:23:35 - [TEST_STEP][PASSED] - dZO = "Россети Центр и Приволжье (ГК)": null

28-03-2025T11:23:35 - [TEST_STEP][PASSED] - if (verifyEqual(a316, b316) == false): Actual object '-4.49' and expected object '-4.49' are equal

28-03-2025T11:23:35 - [MESSAGE][PASSED] - Actual object '-4.49' and expected object '-4.49' are equal

28-03-2025T11:23:35 - [TEST_STEP][PASSED] - dZO = "Россети Юг (ГК)": null

28-03-2025T11:23:35 - [TEST_STEP][PASSED] - if (verifyEqual(a317, b317) == false): Actual object '-2.73' and expected object '-2.73' are equal

28-03-2025T11:23:35 - [MESSAGE][PASSED] - Actual object '-2.73' and expected object '-2.73' are equal

28-03-2025T11:23:35 - [TEST_STEP][PASSED] - dZO = "Россети Янтарь": null

28-03-2025T11:23:35 - [TEST_STEP][PASSED] - if (verifyEqual(a318, b318) == false): Actual object '-1.75' and expected object '-1.75' are equal

28-03-2025T11:23:35 - [MESSAGE][PASSED] - Actual object '-1.75' and expected object '-1.75' are equal

28-03-2025T11:23:35 - [TEST_STEP][PASSED] - closeBrowser(): null

28-03-2025T11:23:36 - [MESSAGE][PASSED] - Browser is closed

28-03-2025T11:23:36 - [TEST_STEP][PASSED] - Script1742558545601.Blocks(run, vir, block, nameOfBlock, typeOfData, viruchka, vidget, todaysDate, a, b, dZO, x, y): null

28-03-2025T11:23:36 - [TEST_STEP][PASSED] - i = <not implemented yet for class: org.codehaus.groovy.ast.expr.EmptyExpression>: null

28-03-2025T11:23:36 - [TEST_STEP][PASSED] - perc = "": null

28-03-2025T11:23:36 - [TEST_STEP][PASSED] - a1 = <not implemented yet for class: org.codehaus.groovy.ast.expr.EmptyExpression>: null

28-03-2025T11:23:36 - [TEST_STEP][PASSED] - a2 = <not implemented yet for class: org.codehaus.groovy.ast.expr.EmptyExpression>: null

28-03-2025T11:23:36 - [TEST_STEP][PASSED] - a30 = <not implemented yet for class: org.codehaus.groovy.ast.expr.EmptyExpression>: null

28-03-2025T11:23:36 - [TEST_STEP][PASSED] - a31 = <not implemented yet for class: org.codehaus.groovy.ast.expr.EmptyExpression>: null

28-03-2025T11:23:36 - [TEST_STEP][PASSED] - a32 = <not implemented yet for class: org.codehaus.groovy.ast.expr.EmptyExpression>: null

28-03-2025T11:23:36 - [TEST_STEP][PASSED] - a33 = <not implemented yet for class: org.codehaus.groovy.ast.expr.EmptyExpression>: null

28-03-2025T11:23:36 - [TEST_STEP][PASSED] - a34 = <not implemented yet for class: org.codehaus.groovy.ast.expr.EmptyExpression>: null

28-03-2025T11:23:36 - [TEST_STEP][PASSED] - a35 = <not implemented yet for class: org.codehaus.groovy.ast.expr.EmptyExpression>: null

28-03-2025T11:23:36 - [TEST_STEP][PASSED] - a36 = <not implemented yet for class: org.codehaus.groovy.ast.expr.EmptyExpression>: null

28-03-2025T11:23:36 - [TEST_STEP][PASSED] - a37 = <not implemented yet for class: org.codehaus.groovy.ast.expr.EmptyExpression>: null

28-03-2025T11:23:36 - [TEST_STEP][PASSED] - a38 = <not implemented yet for class: org.codehaus.groovy.ast.expr.EmptyExpression>: null

28-03-2025T11:23:36 - [TEST_STEP][PASSED] - a39 = <not implemented yet for class: org.codehaus.groovy.ast.expr.EmptyExpression>: null

28-03-2025T11:23:36 - [TEST_STEP][PASSED] - a310 = <not implemented yet for class: org.codehaus.groovy.ast.expr.EmptyExpression>: null

28-03-2025T11:23:36 - [TEST_STEP][PASSED] - a311 = <not implemented yet for class: org.codehaus.groovy.ast.expr.EmptyExpression>: null

28-03-2025T11:23:36 - [TEST_STEP][PASSED] - a312 = <not implemented yet for class: org.codehaus.groovy.ast.expr.EmptyExpression>: null

28-03-2025T11:23:36 - [TEST_STEP][PASSED] - a313 = <not implemented yet for class: org.codehaus.groovy.ast.expr.EmptyExpression>: null

28-03-2025T11:23:36 - [TEST_STEP][PASSED] - a314 = <not implemented yet for class: org.codehaus.groovy.ast.expr.EmptyExpression>: null

28-03-2025T11:23:36 - [TEST_STEP][PASSED] - a315 = <not implemented yet for class: org.codehaus.groovy.ast.expr.EmptyExpression>: null

28-03-2025T11:23:36 - [TEST_STEP][PASSED] - a316 = <not implemented yet for class: org.codehaus.groovy.ast.expr.EmptyExpression>: null

28-03-2025T11:23:36 - [TEST_STEP][PASSED] - a317 = <not implemented yet for class: org.codehaus.groovy.ast.expr.EmptyExpression>: null

28-03-2025T11:23:36 - [TEST_STEP][PASSED] - a318 = <not implemented yet for class: org.codehaus.groovy.ast.expr.EmptyExpression>: null

28-03-2025T11:23:36 - [TEST_STEP][PASSED] - b1 = <not implemented yet for class: org.codehaus.groovy.ast.expr.EmptyExpression>: null

28-03-2025T11:23:36 - [TEST_STEP][PASSED] - b2 = <not implemented yet for class: org.codehaus.groovy.ast.expr.EmptyExpression>: null

28-03-2025T11:23:36 - [TEST_STEP][PASSED] - b30 = <not implemented yet for class: org.codehaus.groovy.ast.expr.EmptyExpression>: null

28-03-2025T11:23:36 - [TEST_STEP][PASSED] - b31 = <not implemented yet for class: org.codehaus.groovy.ast.expr.EmptyExpression>: null

28-03-2025T11:23:36 - [TEST_STEP][PASSED] - b32 = <not implemented yet for class: org.codehaus.groovy.ast.expr.EmptyExpression>: null

28-03-2025T11:23:36 - [TEST_STEP][PASSED] - b33 = <not implemented yet for class: org.codehaus.groovy.ast.expr.EmptyExpression>: null

28-03-2025T11:23:36 - [TEST_STEP][PASSED] - b34 = <not implemented yet for class: org.codehaus.groovy.ast.expr.EmptyExpression>: null

28-03-2025T11:23:36 - [TEST_STEP][PASSED] - b35 = <not implemented yet for class: org.codehaus.groovy.ast.expr.EmptyExpression>: null

28-03-2025T11:23:36 - [TEST_STEP][PASSED] - b36 = <not implemented yet for class: org.codehaus.groovy.ast.expr.EmptyExpression>: null

28-03-2025T11:23:36 - [TEST_STEP][PASSED] - b37 = <not implemented yet for class: org.codehaus.groovy.ast.expr.EmptyExpression>: null

28-03-2025T11:23:36 - [TEST_STEP][PASSED] - b38 = <not implemented yet for class: org.codehaus.groovy.ast.expr.EmptyExpression>: null

28-03-2025T11:23:36 - [TEST_STEP][PASSED] - b39 = <not implemented yet for class: org.codehaus.groovy.ast.expr.EmptyExpression>: null

28-03-2025T11:23:36 - [TEST_STEP][PASSED] - b310 = <not implemented yet for class: org.codehaus.groovy.ast.expr.EmptyExpression>: null

28-03-2025T11:23:36 - [TEST_STEP][PASSED] - b311 = <not implemented yet for class: org.codehaus.groovy.ast.expr.EmptyExpression>: null

28-03-2025T11:23:36 - [TEST_STEP][PASSED] - b312 = <not implemented yet for class: org.codehaus.groovy.ast.expr.EmptyExpression>: null

28-03-2025T11:23:36 - [TEST_STEP][PASSED] - b313 = <not implemented yet for class: org.codehaus.groovy.ast.expr.EmptyExpression>: null

28-03-2025T11:23:36 - [TEST_STEP][PASSED] - b314 = <not implemented yet for class: org.codehaus.groovy.ast.expr.EmptyExpression>: null

28-03-2025T11:23:36 - [TEST_STEP][PASSED] - b315 = <not implemented yet for class: org.codehaus.groovy.ast.expr.EmptyExpression>: null

28-03-2025T11:23:36 - [TEST_STEP][PASSED] - b316 = <not implemented yet for class: org.codehaus.groovy.ast.expr.EmptyExpression>: null

28-03-2025T11:23:36 - [TEST_STEP][PASSED] - b317 = <not implemented yet for class: org.codehaus.groovy.ast.expr.EmptyExpression>: null

28-03-2025T11:23:36 - [TEST_STEP][PASSED] - b318 = <not implemented yet for class: org.codehaus.groovy.ast.expr.EmptyExpression>: null

28-03-2025T11:23:36 - [TEST_STEP][PASSED] - block = 1: null

28-03-2025T11:23:36 - [TEST_STEP][PASSED] - nameOfBlock = "": null

28-03-2025T11:23:36 - [TEST_STEP][PASSED] - Script1742558545601.PreSettings(run, vir, block, nameOfBlock, typeOfData, todaysDate): null

28-03-2025T11:23:36 - [TEST_STEP][PASSED] - openBrowser(""): Browser is opened with url: ''

28-03-2025T11:23:36 - [MESSAGE][INFO] - Starting 'Chrome' driver

28-03-2025T11:23:36 - [MESSAGE][INFO] - Action delay is set to 0 milliseconds

28-03-2025T11:23:37 - [MESSAGE][PASSED] - Browser is opened with url: ''

28-03-2025T11:23:37 - [TEST_STEP][PASSED] - refresh(): Refresh successfully

28-03-2025T11:23:37 - [MESSAGE][PASSED] - Refresh successfully

28-03-2025T11:23:37 - [TEST_STEP][PASSED] - delay(50): Delayed 50 second(s)

28-03-2025T11:24:27 - [MESSAGE][PASSED] - Delayed 50 second(s)

28-03-2025T11:24:27 - [TEST_STEP][PASSED] - println("run:" + run): null

28-03-2025T11:24:27 - [TEST_STEP][PASSED] - println("vir:" + vir): null

28-03-2025T11:24:27 - [TEST_STEP][PASSED] - println("block:" + block): null

28-03-2025T11:24:27 - [TEST_STEP][PASSED] - if (block == 1): null

28-03-2025T11:24:27 - [TEST_STEP][PASSED] - nameOfBlock = "": null

28-03-2025T11:24:27 - [TEST_STEP][PASSED] - println("nameOfBlock:" + nameOfBlock): null

28-03-2025T11:24:27 - [TEST_STEP][PASSED] - println("typeOfData:" + typeOfData): null

28-03-2025T11:24:27 - [TEST_STEP][PASSED] - println("todaysDate:" + todaysDate): null

28-03-2025T11:24:27 - [TEST_STEP][PASSED] - Script1742558545601.Autorization(block, nameOfBlock): null

28-03-2025T11:24:27 - [TEST_STEP][PASSED] - i = <not implemented yet for class: org.codehaus.groovy.ast.expr.EmptyExpression>: null

28-03-2025T11:24:27 - [TEST_STEP][PASSED] - ii = <not implemented yet for class: org.codehaus.groovy.ast.expr.EmptyExpression>: null

28-03-2025T11:24:27 - [TEST_STEP][PASSED] - urlData = <not implemented yet for class: org.codehaus.groovy.ast.expr.EmptyExpression>: null

28-03-2025T11:24:27 - [TEST_STEP][PASSED] - searchWord = <not implemented yet for class: org.codehaus.groovy.ast.expr.EmptyExpression>: null

28-03-2025T11:24:27 - [TEST_STEP][PASSED] - urlText = <not implemented yet for class: org.codehaus.groovy.ast.expr.EmptyExpression>: null

28-03-2025T11:24:27 - [TEST_STEP][PASSED] - println("block:" + block): null

28-03-2025T11:24:27 - [TEST_STEP][PASSED] - if (block == 1): null

28-03-2025T11:24:27 - [TEST_STEP][PASSED] - nameOfBlock = "": null

28-03-2025T11:24:27 - [TEST_STEP][PASSED] - println("nameOfBlock:" + nameOfBlock): null

28-03-2025T11:24:27 - [TEST_STEP][PASSED] - if (block == 1): Delayed 45 second(s)

28-03-2025T11:24:27 - [TEST_STEP][PASSED] - urlData = 2: null

28-03-2025T11:24:27 - [TEST_STEP][PASSED] - delay(45): Delayed 45 second(s)

28-03-2025T11:25:12 - [MESSAGE][PASSED] - Delayed 45 second(s)

28-03-2025T11:25:12 - [TEST_STEP][PASSED] - navigateToUrl(findTestData("PlanFact").getValue(10, urlData)): Navigate to 'https://bi.rosseti.digital/viewer?dashboardGuid=2301950b23be4ed89c1df75f2020051e&sheetGuid=b723206f698544fb87299f3095c00435&fit=true' successfully

28-03-2025T11:25:29 - [MESSAGE][PASSED] - Navigate to 'https://bi.rosseti.digital/viewer?dashboardGuid=2301950b23be4ed89c1df75f2020051e&sheetGuid=b723206f698544fb87299f3095c00435&fit=true' successfully

28-03-2025T11:25:29 - [TEST_STEP][PASSED] - urlText = getText(findTestObject("Страница авторизации/Text")): Text of object 'Object Repository/Страница авторизации/Text' is: 'Вход'

28-03-2025T11:25:31 - [MESSAGE][PASSED] - Text of object 'Object Repository/Страница авторизации/Text' is: 'Вход'

28-03-2025T11:25:31 - [TEST_STEP][PASSED] - searchWord = "Вход": null

28-03-2025T11:25:31 - [TEST_STEP][PASSED] - if (urlText == null || urlText.contains("ошибка") || urlText.contains(searchWord) == false): null

28-03-2025T11:25:31 - [TEST_STEP][PASSED] - if (verifyElementPresent(findTestObject("Страница авторизации/button_"), 30) == true): null

28-03-2025T11:25:31 - [MESSAGE][PASSED] - Object 'Object Repository/Страница авторизации/button_' is present

28-03-2025T11:25:31 - [TEST_STEP][PASSED] - setText(findTestObject("Страница авторизации/input__username"), findTestData("PlanFact").getValue(8, 1)): Text 'liazgina-di' is set on object 'Object Repository/Страница авторизации/input__username'

28-03-2025T11:25:32 - [MESSAGE][PASSED] - Text 'liazgina-di' is set on object 'Object Repository/Страница авторизации/input__username'

28-03-2025T11:25:32 - [TEST_STEP][PASSED] - setText(findTestObject("Страница авторизации/input__password"), findTestData("PlanFact").getValue(9, 1)): Text ')$%5srZ8o688Dm#q' is set on object 'Object Repository/Страница авторизации/input__password'

28-03-2025T11:25:33 - [MESSAGE][PASSED] - Text ')$%5srZ8o688Dm#q' is set on object 'Object Repository/Страница авторизации/input__password'

28-03-2025T11:25:33 - [TEST_STEP][PASSED] - click(findTestObject("Страница авторизации/button_")): Object: 'Object Repository/Страница авторизации/button_' is clicked on

28-03-2025T11:25:35 - [MESSAGE][PASSED] - Object: 'Object Repository/Страница авторизации/button_' is clicked on

28-03-2025T11:25:35 - [TEST_STEP][PASSED] - delay(45): Delayed 45 second(s)

28-03-2025T11:26:20 - [MESSAGE][PASSED] - Delayed 45 second(s)

28-03-2025T11:26:20 - [TEST_STEP][PASSED] - urlText = getText(findTestObject("Страница авторизации/Text")): Text of object 'Object Repository/Страница авторизации/Text' is: 'Период
Январь, Февраль 2025 года
Выручка
Все
Выполнение плановых показателей по ПАО Россети за Январь, Февраль 2025 года
План
Факт
Динамика
2025 год
0 млн.руб.
25 000 млн.руб.
50 000 млн.руб.
75 000 млн.руб.
100 000 млн.руб.
125 000 млн.руб.
150 000 млн.руб.
175 000 млн.руб.
200 000 млн.руб.
225 000 млн.руб.
250 000 млн.руб.
275 000 млн.руб.
300 000 млн.руб.
325 000 млн.руб.
350 000 млн.руб.
375 000 млн.руб.
318 025
268 560
↓
ДЗО 
ПАО Россети
Внутренний оборот - выручка за услуги по передаче электрической энергии, учтенная в выручке за электроэнергию для конечных потребителей, при выполнении ДЗО функций гарантирующего поставщика
Подписи данных
⬤Отклонение
АО "РЭС"
АО «Тываэнерго»
АО «Чеченэнерго»
Россети Волга
Россети Кубань
Россети Ленэнерго (ГК)
Россети Московский регион
Россети Северный Кавказ (ГК)
Россети Северо-Запад
Россети Сибирь (ГК)
Россети Томск
Россети Тюмень
Россети Урал (ГК)
Россети ФСК ЕЭС
Россети Центр
Россети Центр и Приволжье (ГК)
Россети Юг (ГК)
Россети Янтарь
-30 000млн.руб.
-25 000млн.руб.
-20 000млн.руб.
-15 000млн.руб.
-10 000млн.руб.
-5 000млн.руб.
0 млн.руб.
5 00…
-170
-229
-76
-270
552
-244
-1 353
-805
-232
-6 501
-47
-10 407
-701
-28 384
-520
-197
68
50
млн.
%
Выручка
Отклонение выручки по ПАО Россети за Январь, Февраль 2025 года (факт/план, млн. руб)
ПАО Россети
-49 464.8 млн.руб.
 '

28-03-2025T11:26:20 - [MESSAGE][PASSED] - Text of object 'Object Repository/Страница авторизации/Text' is: 'Период
Январь, Февраль 2025 года
Выручка
Все
Выполнение плановых показателей по ПАО Россети за Январь, Февраль 2025 года
План
Факт
Динамика
2025 год
0 млн.руб.
25 000 млн.руб.
50 000 млн.руб.
75 000 млн.руб.
100 000 млн.руб.
125 000 млн.руб.
150 000 млн.руб.
175 000 млн.руб.
200 000 млн.руб.
225 000 млн.руб.
250 000 млн.руб.
275 000 млн.руб.
300 000 млн.руб.
325 000 млн.руб.
350 000 млн.руб.
375 000 млн.руб.
318 025
268 560
↓
ДЗО 
ПАО Россети
Внутренний оборот - выручка за услуги по передаче электрической энергии, учтенная в выручке за электроэнергию для конечных потребителей, при выполнении ДЗО функций гарантирующего поставщика
Подписи данных
⬤Отклонение
АО "РЭС"
АО «Тываэнерго»
АО «Чеченэнерго»
Россети Волга
Россети Кубань
Россети Ленэнерго (ГК)
Россети Московский регион
Россети Северный Кавказ (ГК)
Россети Северо-Запад
Россети Сибирь (ГК)
Россети Томск
Россети Тюмень
Россети Урал (ГК)
Россети ФСК ЕЭС
Россети Центр
Россети Центр и Приволжье (ГК)
Россети Юг (ГК)
Россети Янтарь
-30 000млн.руб.
-25 000млн.руб.
-20 000млн.руб.
-15 000млн.руб.
-10 000млн.руб.
-5 000млн.руб.
0 млн.руб.
5 00…
-170
-229
-76
-270
552
-244
-1 353
-805
-232
-6 501
-47
-10 407
-701
-28 384
-520
-197
68
50
млн.
%
Выручка
Отклонение выручки по ПАО Россети за Январь, Февраль 2025 года (факт/план, млн. руб)
ПАО Россети
-49 464.8 млн.руб.
 '

28-03-2025T11:26:20 - [TEST_STEP][PASSED] - searchWord = "а": null

28-03-2025T11:26:20 - [TEST_STEP][PASSED] - if (urlText.contains("ошибка") || urlText.contains(searchWord) == false): null

28-03-2025T11:26:20 - [TEST_STEP][PASSED] - delay(45): Delayed 45 second(s)

28-03-2025T11:27:05 - [MESSAGE][PASSED] - Delayed 45 second(s)

28-03-2025T11:27:05 - [TEST_STEP][PASSED] - if (block == 2): null

28-03-2025T11:27:05 - [TEST_STEP][PASSED] - click(findTestObject("Выручка в рублях/Фильтр Период" + nameOfBlock)): Object: 'Object Repository/Выручка в рублях/Фильтр Период' is clicked on

28-03-2025T11:27:06 - [MESSAGE][PASSED] - Object: 'Object Repository/Выручка в рублях/Фильтр Период' is clicked on

28-03-2025T11:27:06 - [TEST_STEP][PASSED] - click(findTestObject("Выручка в рублях/Снять выделение в фильтре Дата" + nameOfBlock)): Object: 'Object Repository/Выручка в рублях/Снять выделение в фильтре Дата' is clicked on

28-03-2025T11:27:06 - [MESSAGE][PASSED] - Object: 'Object Repository/Выручка в рублях/Снять выделение в фильтре Дата' is clicked on

28-03-2025T11:27:06 - [TEST_STEP][PASSED] - click(findTestObject("Выручка в рублях/Применить в фильтре Дата" + nameOfBlock)): Object: 'Object Repository/Выручка в рублях/Применить в фильтре Дата' is clicked on

28-03-2025T11:27:07 - [MESSAGE][PASSED] - Object: 'Object Repository/Выручка в рублях/Применить в фильтре Дата' is clicked on

28-03-2025T11:27:07 - [TEST_STEP][PASSED] - delay(50): Delayed 50 second(s)

28-03-2025T11:27:57 - [MESSAGE][PASSED] - Delayed 50 second(s)

28-03-2025T11:27:57 - [TEST_STEP][PASSED] - click(findTestObject("Выручка в рублях/Фильтр Период" + nameOfBlock)): Object: 'Object Repository/Выручка в рублях/Фильтр Период' is clicked on

28-03-2025T11:27:57 - [MESSAGE][PASSED] - Object: 'Object Repository/Выручка в рублях/Фильтр Период' is clicked on

28-03-2025T11:27:57 - [TEST_STEP][PASSED] - click(findTestObject("Выручка в рублях/Снять выделение в фильтре Дата" + nameOfBlock)): Object: 'Object Repository/Выручка в рублях/Снять выделение в фильтре Дата' is clicked on

28-03-2025T11:27:58 - [MESSAGE][PASSED] - Object: 'Object Repository/Выручка в рублях/Снять выделение в фильтре Дата' is clicked on

28-03-2025T11:27:58 - [TEST_STEP][PASSED] - scrollToElement(findTestObject("Выручка в рублях/2025 список" + nameOfBlock), 30): Scroll to object 'Object Repository/Выручка в рублях/2025 список' successfully

28-03-2025T11:27:58 - [MESSAGE][PASSED] - Scroll to object 'Object Repository/Выручка в рублях/2025 список' successfully

28-03-2025T11:27:58 - [TEST_STEP][PASSED] - click(findTestObject("Выручка в рублях/2025 список" + nameOfBlock)): Object: 'Object Repository/Выручка в рублях/2025 список' is clicked on

28-03-2025T11:27:58 - [MESSAGE][PASSED] - Object: 'Object Repository/Выручка в рублях/2025 список' is clicked on

28-03-2025T11:27:58 - [TEST_STEP][PASSED] - scrollToElement(findTestObject("Выручка в рублях/1 квартал 2025 список Выручка"), 30): Scroll to object 'Object Repository/Выручка в рублях/1 квартал 2025 список Выручка' successfully

28-03-2025T11:27:59 - [MESSAGE][PASSED] - Scroll to object 'Object Repository/Выручка в рублях/1 квартал 2025 список Выручка' successfully

28-03-2025T11:27:59 - [TEST_STEP][PASSED] - click(findTestObject("Выручка в рублях/1 квартал 2025 список" + nameOfBlock)): Object: 'Object Repository/Выручка в рублях/1 квартал 2025 список' is clicked on

28-03-2025T11:27:59 - [MESSAGE][PASSED] - Object: 'Object Repository/Выручка в рублях/1 квартал 2025 список' is clicked on

28-03-2025T11:27:59 - [TEST_STEP][PASSED] - scrollToElement(findTestObject("Выручка в рублях/Январь 2025" + nameOfBlock), 30): Scroll to object 'Object Repository/Выручка в рублях/Январь 2025' successfully

28-03-2025T11:27:59 - [MESSAGE][PASSED] - Scroll to object 'Object Repository/Выручка в рублях/Январь 2025' successfully

28-03-2025T11:27:59 - [TEST_STEP][PASSED] - click(findTestObject("Выручка в рублях/Январь 2025" + nameOfBlock)): Object: 'Object Repository/Выручка в рублях/Январь 2025' is clicked on

28-03-2025T11:28:00 - [MESSAGE][PASSED] - Object: 'Object Repository/Выручка в рублях/Январь 2025' is clicked on

28-03-2025T11:28:00 - [TEST_STEP][PASSED] - scrollToElement(findTestObject("Выручка в рублях/Заголовок дашборда" + nameOfBlock), 30): Scroll to object 'Object Repository/Выручка в рублях/Заголовок дашборда' successfully

28-03-2025T11:28:00 - [MESSAGE][PASSED] - Scroll to object 'Object Repository/Выручка в рублях/Заголовок дашборда' successfully

28-03-2025T11:28:00 - [TEST_STEP][PASSED] - click(findTestObject("Выручка в рублях/Применить в фильтре Дата" + nameOfBlock)): Object: 'Object Repository/Выручка в рублях/Применить в фильтре Дата' is clicked on

28-03-2025T11:28:01 - [MESSAGE][PASSED] - Object: 'Object Repository/Выручка в рублях/Применить в фильтре Дата' is clicked on

28-03-2025T11:28:01 - [TEST_STEP][PASSED] - delay(55): Delayed 55 second(s)

28-03-2025T11:28:56 - [MESSAGE][PASSED] - Delayed 55 second(s)

28-03-2025T11:28:56 - [TEST_STEP][PASSED] - click(findTestObject("Выручка в рублях/Фильтр ДЗО" + nameOfBlock)): Object: 'Object Repository/Выручка в рублях/Фильтр ДЗО' is clicked on

28-03-2025T11:28:56 - [MESSAGE][PASSED] - Object: 'Object Repository/Выручка в рублях/Фильтр ДЗО' is clicked on

28-03-2025T11:28:56 - [TEST_STEP][PASSED] - click(findTestObject("Выручка в рублях/Снять выделение в фильтре ДЗО" + nameOfBlock)): Object: 'Object Repository/Выручка в рублях/Снять выделение в фильтре ДЗО' is clicked on

28-03-2025T11:28:57 - [MESSAGE][PASSED] - Object: 'Object Repository/Выручка в рублях/Снять выделение в фильтре ДЗО' is clicked on

28-03-2025T11:28:57 - [TEST_STEP][PASSED] - click(findTestObject("Выручка в рублях/Применить в фильтре ДЗО" + nameOfBlock)): Object: 'Object Repository/Выручка в рублях/Применить в фильтре ДЗО' is clicked on

28-03-2025T11:28:57 - [MESSAGE][PASSED] - Object: 'Object Repository/Выручка в рублях/Применить в фильтре ДЗО' is clicked on

28-03-2025T11:28:57 - [TEST_STEP][PASSED] - delay(50): Delayed 50 second(s)

28-03-2025T11:29:47 - [MESSAGE][PASSED] - Delayed 50 second(s)

28-03-2025T11:29:47 - [TEST_STEP][PASSED] - Script1742558545601.Tumbler(run, vir, block, nameOfBlock): null

28-03-2025T11:29:47 - [TEST_STEP][PASSED] - println("run:" + run): null

28-03-2025T11:29:47 - [TEST_STEP][PASSED] - println("vir:" + vir): null

28-03-2025T11:29:47 - [TEST_STEP][PASSED] - println("block:" + block): null

28-03-2025T11:29:47 - [TEST_STEP][PASSED] - println("nameOfBlock:" + nameOfBlock): null

28-03-2025T11:29:47 - [TEST_STEP][PASSED] - if (vir == 1): null

28-03-2025T11:29:47 - [TEST_STEP][PASSED] - else if (vir == 2): null

28-03-2025T11:29:47 - [TEST_STEP][PASSED] - else if (vir == 3): Object: 'Object Repository/Выручка в рублях/Применить в фильтре Выручка' is clicked on

28-03-2025T11:29:47 - [TEST_STEP][PASSED] - if (run == 2): Object: 'Object Repository/Выручка в рублях/Переключить отображение с млн на проценты Выручка в рублях' is clicked on

28-03-2025T11:29:47 - [TEST_STEP][PASSED] - click(findTestObject("Выручка в рублях/Переключить отображение с млн на проценты Выручка в рублях" + nameOfBlock)): Object: 'Object Repository/Выручка в рублях/Переключить отображение с млн на проценты Выручка в рублях' is clicked on

28-03-2025T11:29:47 - [MESSAGE][PASSED] - Object: 'Object Repository/Выручка в рублях/Переключить отображение с млн на проценты Выручка в рублях' is clicked on

28-03-2025T11:29:47 - [TEST_STEP][PASSED] - click(findTestObject("Выручка в рублях/Фильтр Выручка" + nameOfBlock)): Object: 'Object Repository/Выручка в рублях/Фильтр Выручка' is clicked on

28-03-2025T11:29:48 - [MESSAGE][PASSED] - Object: 'Object Repository/Выручка в рублях/Фильтр Выручка' is clicked on

28-03-2025T11:29:48 - [TEST_STEP][PASSED] - click(findTestObject("Выручка в рублях/Внутренний оборот в фильтре Выручка" + nameOfBlock)): Object: 'Object Repository/Выручка в рублях/Внутренний оборот в фильтре Выручка' is clicked on

28-03-2025T11:29:48 - [MESSAGE][PASSED] - Object: 'Object Repository/Выручка в рублях/Внутренний оборот в фильтре Выручка' is clicked on

28-03-2025T11:29:48 - [TEST_STEP][PASSED] - click(findTestObject("Выручка в рублях/Применить в фильтре Выручка" + nameOfBlock)): Object: 'Object Repository/Выручка в рублях/Применить в фильтре Выручка' is clicked on

28-03-2025T11:29:49 - [MESSAGE][PASSED] - Object: 'Object Repository/Выручка в рублях/Применить в фильтре Выручка' is clicked on

28-03-2025T11:29:49 - [TEST_STEP][PASSED] - click(findTestObject("Выручка в рублях/Фильтр ДЗО" + nameOfBlock)): Object: 'Object Repository/Выручка в рублях/Фильтр ДЗО' is clicked on

28-03-2025T11:29:50 - [MESSAGE][PASSED] - Object: 'Object Repository/Выручка в рублях/Фильтр ДЗО' is clicked on

28-03-2025T11:29:50 - [TEST_STEP][PASSED] - Script1742558545601.Rosseti(nameOfBlock): null

28-03-2025T11:29:50 - [TEST_STEP][PASSED] - println("nameOfBlock:" + nameOfBlock): null

28-03-2025T11:29:50 - [TEST_STEP][PASSED] - click(findTestObject("Выручка в рублях/ПАО Россети" + nameOfBlock)): Object: 'Object Repository/Выручка в рублях/ПАО Россети' is clicked on

28-03-2025T11:29:51 - [MESSAGE][PASSED] - Object: 'Object Repository/Выручка в рублях/ПАО Россети' is clicked on

28-03-2025T11:29:51 - [TEST_STEP][PASSED] - click(findTestObject("Выручка в рублях/Применить в фильтре ДЗО" + nameOfBlock)): Object: 'Object Repository/Выручка в рублях/Применить в фильтре ДЗО' is clicked on

28-03-2025T11:29:52 - [MESSAGE][PASSED] - Object: 'Object Repository/Выручка в рублях/Применить в фильтре ДЗО' is clicked on

28-03-2025T11:29:52 - [TEST_STEP][PASSED] - if (run == 2): null

28-03-2025T11:29:52 - [TEST_STEP][PASSED] - perc = " Perc": null

28-03-2025T11:29:52 - [TEST_STEP][PASSED] - if (vir == 1 || vir == 2): null

28-03-2025T11:29:52 - [TEST_STEP][PASSED] - else: Text of object 'Object Repository/Выручка в рублях/vir3Plan' is: '2 971'

28-03-2025T11:29:52 - [TEST_STEP][PASSED] - a1 = getText(findTestObject("Выручка в рублях/vir3Plan")): Text of object 'Object Repository/Выручка в рублях/vir3Plan' is: '2 971'

28-03-2025T11:29:52 - [MESSAGE][PASSED] - Text of object 'Object Repository/Выручка в рублях/vir3Plan' is: '2 971'

28-03-2025T11:29:52 - [TEST_STEP][PASSED] - if (vir == 1 || vir == 2): null

28-03-2025T11:29:52 - [TEST_STEP][PASSED] - else: Text of object 'Object Repository/Выручка в рублях/vir3Fact' is: '2 402'

28-03-2025T11:29:52 - [TEST_STEP][PASSED] - a2 = getText(findTestObject("Выручка в рублях/vir3Fact")): Text of object 'Object Repository/Выручка в рублях/vir3Fact' is: '2 402'

28-03-2025T11:29:53 - [MESSAGE][PASSED] - Text of object 'Object Repository/Выручка в рублях/vir3Fact' is: '2 402'

28-03-2025T11:29:53 - [TEST_STEP][PASSED] - a30 = getText(findTestObject("Выручка в рублях/span1" + perc)): Text of object 'Object Repository/Выручка в рублях/span1 Perc' is: '-19.15 %'

28-03-2025T11:29:53 - [MESSAGE][PASSED] - Text of object 'Object Repository/Выручка в рублях/span1 Perc' is: '-19.15 %'

28-03-2025T11:29:53 - [TEST_STEP][PASSED] - i = a30.indexOf("млн.руб."): null

28-03-2025T11:29:53 - [TEST_STEP][PASSED] - if (i > -1): null

28-03-2025T11:29:53 - [TEST_STEP][PASSED] - if (a30.contains("%")): null

28-03-2025T11:29:53 - [TEST_STEP][PASSED] - a30 = a30.replaceAll("%", ""): null

28-03-2025T11:29:53 - [TEST_STEP][PASSED] - a30 = ").trim(): null

28-03-2025T11:29:53 - [TEST_STEP][PASSED] - println("a30: " + a30): null

28-03-2025T11:29:53 - [TEST_STEP][PASSED] - if (vir == 1): null

28-03-2025T11:29:53 - [TEST_STEP][PASSED] - else if (vir == 2): null

28-03-2025T11:29:53 - [TEST_STEP][PASSED] - else: Text of object 'Object Repository/Выручка в рублях/span5 Perc' is: '0.21 %'

28-03-2025T11:29:53 - [TEST_STEP][PASSED] - a32 = ").trim(): Text of object 'Object Repository/Выручка в рублях/span2 Perc' is: '16.95 %'

28-03-2025T11:29:53 - [MESSAGE][PASSED] - Text of object 'Object Repository/Выручка в рублях/span2 Perc' is: '16.95 %'

28-03-2025T11:29:53 - [TEST_STEP][PASSED] - a33 = ").trim(): Text of object 'Object Repository/Выручка в рублях/span3 Perc' is: '-15.18 %'

28-03-2025T11:29:54 - [MESSAGE][PASSED] - Text of object 'Object Repository/Выручка в рублях/span3 Perc' is: '-15.18 %'

28-03-2025T11:29:54 - [TEST_STEP][PASSED] - a38 = ").trim(): Text of object 'Object Repository/Выручка в рублях/span4 Perc' is: '-22.78 %'

28-03-2025T11:29:54 - [MESSAGE][PASSED] - Text of object 'Object Repository/Выручка в рублях/span4 Perc' is: '-22.78 %'

28-03-2025T11:29:54 - [TEST_STEP][PASSED] - a317 = ").trim(): Text of object 'Object Repository/Выручка в рублях/span5 Perc' is: '0.21 %'

28-03-2025T11:29:54 - [MESSAGE][PASSED] - Text of object 'Object Repository/Выручка в рублях/span5 Perc' is: '0.21 %'

28-03-2025T11:29:54 - [TEST_STEP][PASSED] - block = 2: null

28-03-2025T11:29:54 - [TEST_STEP][PASSED] - nameOfBlock = " Выручка": null

28-03-2025T11:29:54 - [TEST_STEP][PASSED] - Script1742558545601.PreSettings(run, vir, block, nameOfBlock, typeOfData, todaysDate): null

28-03-2025T11:29:54 - [TEST_STEP][PASSED] - openBrowser(""): Browser is opened with url: ''

28-03-2025T11:29:54 - [MESSAGE][WARNING] - A browser is already opened. Closing browser and opening a new one

28-03-2025T11:29:54 - [MESSAGE][INFO] - Starting 'Chrome' driver

28-03-2025T11:29:54 - [MESSAGE][INFO] - Action delay is set to 0 milliseconds

28-03-2025T11:29:55 - [MESSAGE][PASSED] - Browser is opened with url: ''

28-03-2025T11:29:55 - [TEST_STEP][PASSED] - refresh(): Refresh successfully

28-03-2025T11:29:55 - [MESSAGE][PASSED] - Refresh successfully

28-03-2025T11:29:55 - [TEST_STEP][PASSED] - delay(50): Delayed 50 second(s)

28-03-2025T11:30:45 - [MESSAGE][PASSED] - Delayed 50 second(s)

28-03-2025T11:30:45 - [TEST_STEP][PASSED] - println("run:" + run): null

28-03-2025T11:30:45 - [TEST_STEP][PASSED] - println("vir:" + vir): null

28-03-2025T11:30:45 - [TEST_STEP][PASSED] - println("block:" + block): null

28-03-2025T11:30:45 - [TEST_STEP][PASSED] - if (block == 1): null

28-03-2025T11:30:45 - [TEST_STEP][PASSED] - else: null

28-03-2025T11:30:45 - [TEST_STEP][PASSED] - nameOfBlock = " Выручка": null

28-03-2025T11:30:45 - [TEST_STEP][PASSED] - println("nameOfBlock:" + nameOfBlock): null

28-03-2025T11:30:45 - [TEST_STEP][PASSED] - println("typeOfData:" + typeOfData): null

28-03-2025T11:30:45 - [TEST_STEP][PASSED] - println("todaysDate:" + todaysDate): null

28-03-2025T11:30:45 - [TEST_STEP][PASSED] - Script1742558545601.Autorization(block, nameOfBlock): null

28-03-2025T11:30:45 - [TEST_STEP][PASSED] - i = <not implemented yet for class: org.codehaus.groovy.ast.expr.EmptyExpression>: null

28-03-2025T11:30:45 - [TEST_STEP][PASSED] - ii = <not implemented yet for class: org.codehaus.groovy.ast.expr.EmptyExpression>: null

28-03-2025T11:30:45 - [TEST_STEP][PASSED] - urlData = <not implemented yet for class: org.codehaus.groovy.ast.expr.EmptyExpression>: null

28-03-2025T11:30:45 - [TEST_STEP][PASSED] - searchWord = <not implemented yet for class: org.codehaus.groovy.ast.expr.EmptyExpression>: null

28-03-2025T11:30:45 - [TEST_STEP][PASSED] - urlText = <not implemented yet for class: org.codehaus.groovy.ast.expr.EmptyExpression>: null

28-03-2025T11:30:45 - [TEST_STEP][PASSED] - println("block:" + block): null

28-03-2025T11:30:45 - [TEST_STEP][PASSED] - if (block == 1): null

28-03-2025T11:30:45 - [TEST_STEP][PASSED] - else: null

28-03-2025T11:30:45 - [TEST_STEP][PASSED] - delay(45): Delayed 45 second(s)

28-03-2025T11:31:30 - [MESSAGE][PASSED] - Delayed 45 second(s)

28-03-2025T11:31:30 - [TEST_STEP][PASSED] - nameOfBlock = " Выручка": null

28-03-2025T11:31:30 - [TEST_STEP][PASSED] - println("nameOfBlock:" + nameOfBlock): null

28-03-2025T11:31:30 - [TEST_STEP][PASSED] - if (block == 1): null

28-03-2025T11:31:30 - [TEST_STEP][PASSED] - else: Delayed 45 second(s)

28-03-2025T11:31:30 - [TEST_STEP][PASSED] - urlData = 9: null

28-03-2025T11:31:30 - [TEST_STEP][PASSED] - delay(45): Delayed 45 second(s)

28-03-2025T11:32:15 - [MESSAGE][PASSED] - Delayed 45 second(s)

28-03-2025T11:32:15 - [TEST_STEP][PASSED] - navigateToUrl(findTestData("PlanFact").getValue(10, urlData)): Navigate to 'https://bi.rosseti.digital/viewer?dashboardGuid=a1fd28b3785d443cbc4d7690a1d78e31&sheetGuid=86092a20c5984827a0c87b24cac76a50&fit=true' successfully

28-03-2025T11:32:20 - [MESSAGE][PASSED] - Navigate to 'https://bi.rosseti.digital/viewer?dashboardGuid=a1fd28b3785d443cbc4d7690a1d78e31&sheetGuid=86092a20c5984827a0c87b24cac76a50&fit=true' successfully

28-03-2025T11:32:20 - [TEST_STEP][PASSED] - urlText = getText(findTestObject("Страница авторизации/Text")): Text of object 'Object Repository/Страница авторизации/Text' is: 'Вход'

28-03-2025T11:32:21 - [MESSAGE][PASSED] - Text of object 'Object Repository/Страница авторизации/Text' is: 'Вход'

28-03-2025T11:32:21 - [TEST_STEP][PASSED] - searchWord = "Вход": null

28-03-2025T11:32:21 - [TEST_STEP][PASSED] - if (urlText == null || urlText.contains("ошибка") || urlText.contains(searchWord) == false): null

28-03-2025T11:32:21 - [TEST_STEP][PASSED] - if (verifyElementPresent(findTestObject("Страница авторизации/button_"), 30) == true): null

28-03-2025T11:32:22 - [MESSAGE][PASSED] - Object 'Object Repository/Страница авторизации/button_' is present

28-03-2025T11:32:22 - [TEST_STEP][PASSED] - setText(findTestObject("Страница авторизации/input__username"), findTestData("PlanFact").getValue(8, 1)): Text 'liazgina-di' is set on object 'Object Repository/Страница авторизации/input__username'

28-03-2025T11:32:22 - [MESSAGE][PASSED] - Text 'liazgina-di' is set on object 'Object Repository/Страница авторизации/input__username'

28-03-2025T11:32:22 - [TEST_STEP][PASSED] - setText(findTestObject("Страница авторизации/input__password"), findTestData("PlanFact").getValue(9, 1)): Text ')$%5srZ8o688Dm#q' is set on object 'Object Repository/Страница авторизации/input__password'

28-03-2025T11:32:23 - [MESSAGE][PASSED] - Text ')$%5srZ8o688Dm#q' is set on object 'Object Repository/Страница авторизации/input__password'

28-03-2025T11:32:23 - [TEST_STEP][PASSED] - click(findTestObject("Страница авторизации/button_")): Object: 'Object Repository/Страница авторизации/button_' is clicked on

28-03-2025T11:32:24 - [MESSAGE][PASSED] - Object: 'Object Repository/Страница авторизации/button_' is clicked on

28-03-2025T11:32:24 - [TEST_STEP][PASSED] - delay(45): Delayed 45 second(s)

28-03-2025T11:33:09 - [MESSAGE][PASSED] - Delayed 45 second(s)

28-03-2025T11:33:09 - [TEST_STEP][PASSED] - urlText = getText(findTestObject("Страница авторизации/Text")): Text of object 'Object Repository/Страница авторизации/Text' is: 'Период
Январь, Февраль 2025 года
Выручка
Все
Выполнение плановых показателей по ПАО Россети за Январь, Февраль 2025 года
План
Факт
Динамика
2025 год
0 млн.руб.
50 000 млн.руб.
100 000 млн.руб.
150 000 млн.руб.
200 000 млн.руб.
250 000 млн.руб.
300 000 млн.руб.
350 000 млн.руб.
400 000 млн.руб.
318 025
268 560
↓
ДЗО 
Все
Подписи данных
⬤Отклонение
АО "РЭС"
АО «Тываэнерго»
АО «Чеченэнерго»
Россети Волга
Россети Кубань
Россети Ленэнерго (ГК)
Россети Московский регион
Россети Северный Кавказ (ГК)
Россети Северо-Запад
Россети Сибирь (ГК)
Россети Томск
Россети Тюмень
Россети Урал (ГК)
Россети ФСК ЕЭС
Россети Центр
Россети Центр и Приволжье (ГК)
Россети Юг (ГК)
Россети Янтарь
-30 000 млн.руб.
-27 500 млн.руб.
-25 000 млн.руб.
-22 500 млн.руб.
-20 000 млн.руб.
-17 500 млн.руб.
-15 000 млн.руб.
-12 500 млн.руб.
-10 000 млн.руб.
-7 500 млн.руб.
-5 000 млн.руб.
-2 500 млн.руб.
0 млн.руб.
2 500 млн.руб.
-170
-229
-76
-270
552
-244
-1 353
-805
-232
-6 501
-47
-10 407
-701
-28 384
-520
-197
68
50
млн.
%
Выручка
Отклонение выручки по ПАО Россети за Январь, Февраль 2025 года (факт/план, млн. руб)
ПАО Россети
-49 464.8 млн.руб.
Статус данных
×
Просьба обратить внимание
Данные занесены не полностью
ВЫБРАННЫЕ ЗНАЧЕНИЯ ФИЛЬТРОВ
ДЗО | ПЕРИОД
ПАО Россети: [«Выбраны все филиалы по всем ДЗО по всем категориям»]
2025: [Янв, Фев]
*Внутренний оборот'

28-03-2025T11:33:09 - [MESSAGE][PASSED] - Text of object 'Object Repository/Страница авторизации/Text' is: 'Период
Январь, Февраль 2025 года
Выручка
Все
Выполнение плановых показателей по ПАО Россети за Январь, Февраль 2025 года
План
Факт
Динамика
2025 год
0 млн.руб.
50 000 млн.руб.
100 000 млн.руб.
150 000 млн.руб.
200 000 млн.руб.
250 000 млн.руб.
300 000 млн.руб.
350 000 млн.руб.
400 000 млн.руб.
318 025
268 560
↓
ДЗО 
Все
Подписи данных
⬤Отклонение
АО "РЭС"
АО «Тываэнерго»
АО «Чеченэнерго»
Россети Волга
Россети Кубань
Россети Ленэнерго (ГК)
Россети Московский регион
Россети Северный Кавказ (ГК)
Россети Северо-Запад
Россети Сибирь (ГК)
Россети Томск
Россети Тюмень
Россети Урал (ГК)
Россети ФСК ЕЭС
Россети Центр
Россети Центр и Приволжье (ГК)
Россети Юг (ГК)
Россети Янтарь
-30 000 млн.руб.
-27 500 млн.руб.
-25 000 млн.руб.
-22 500 млн.руб.
-20 000 млн.руб.
-17 500 млн.руб.
-15 000 млн.руб.
-12 500 млн.руб.
-10 000 млн.руб.
-7 500 млн.руб.
-5 000 млн.руб.
-2 500 млн.руб.
0 млн.руб.
2 500 млн.руб.
-170
-229
-76
-270
552
-244
-1 353
-805
-232
-6 501
-47
-10 407
-701
-28 384
-520
-197
68
50
млн.
%
Выручка
Отклонение выручки по ПАО Россети за Январь, Февраль 2025 года (факт/план, млн. руб)
ПАО Россети
-49 464.8 млн.руб.
Статус данных
×
Просьба обратить внимание
Данные занесены не полностью
ВЫБРАННЫЕ ЗНАЧЕНИЯ ФИЛЬТРОВ
ДЗО | ПЕРИОД
ПАО Россети: [«Выбраны все филиалы по всем ДЗО по всем категориям»]
2025: [Янв, Фев]
*Внутренний оборот'

28-03-2025T11:33:09 - [TEST_STEP][PASSED] - searchWord = "а": null

28-03-2025T11:33:09 - [TEST_STEP][PASSED] - if (urlText.contains("ошибка") || urlText.contains(searchWord) == false): null

28-03-2025T11:33:09 - [TEST_STEP][PASSED] - delay(45): Delayed 45 second(s)

28-03-2025T11:33:54 - [MESSAGE][PASSED] - Delayed 45 second(s)

28-03-2025T11:33:54 - [TEST_STEP][PASSED] - if (block == 2): Delayed 50 second(s)

28-03-2025T11:33:54 - [TEST_STEP][PASSED] - opoveshenie = getText(findTestObject("Выручка в рублях/Просьба обратить внимание")): Text of object 'Object Repository/Выручка в рублях/Просьба обратить внимание' is: 'Просьба обратить внимание'

28-03-2025T11:33:55 - [MESSAGE][PASSED] - Text of object 'Object Repository/Выручка в рублях/Просьба обратить внимание' is: 'Просьба обратить внимание'

28-03-2025T11:33:55 - [TEST_STEP][PASSED] - if (opoveshenie == "Просьба обратить внимание"): Delayed 50 second(s)

28-03-2025T11:33:55 - [TEST_STEP][PASSED] - click(findTestObject("Выручка в рублях/Закрыть оповещение")): Object: 'Object Repository/Выручка в рублях/Закрыть оповещение' is clicked on

28-03-2025T11:33:55 - [MESSAGE][PASSED] - Object: 'Object Repository/Выручка в рублях/Закрыть оповещение' is clicked on

28-03-2025T11:33:55 - [TEST_STEP][PASSED] - delay(50): Delayed 50 second(s)

28-03-2025T11:34:45 - [MESSAGE][PASSED] - Delayed 50 second(s)

28-03-2025T11:34:45 - [TEST_STEP][PASSED] - click(findTestObject("Выручка в рублях/Фильтр Период" + nameOfBlock)): Object: 'Object Repository/Выручка в рублях/Фильтр Период Выручка' is clicked on

28-03-2025T11:34:45 - [MESSAGE][PASSED] - Object: 'Object Repository/Выручка в рублях/Фильтр Период Выручка' is clicked on

28-03-2025T11:34:45 - [TEST_STEP][PASSED] - click(findTestObject("Выручка в рублях/Снять выделение в фильтре Дата" + nameOfBlock)): Object: 'Object Repository/Выручка в рублях/Снять выделение в фильтре Дата Выручка' is clicked on

28-03-2025T11:34:46 - [MESSAGE][PASSED] - Object: 'Object Repository/Выручка в рублях/Снять выделение в фильтре Дата Выручка' is clicked on

28-03-2025T11:34:46 - [TEST_STEP][PASSED] - click(findTestObject("Выручка в рублях/Применить в фильтре Дата" + nameOfBlock)): Object: 'Object Repository/Выручка в рублях/Применить в фильтре Дата Выручка' is clicked on

28-03-2025T11:34:47 - [MESSAGE][PASSED] - Object: 'Object Repository/Выручка в рублях/Применить в фильтре Дата Выручка' is clicked on

28-03-2025T11:34:47 - [TEST_STEP][PASSED] - delay(50): Delayed 50 second(s)

28-03-2025T11:35:37 - [MESSAGE][PASSED] - Delayed 50 second(s)

28-03-2025T11:35:37 - [TEST_STEP][PASSED] - click(findTestObject("Выручка в рублях/Фильтр Период" + nameOfBlock)): Object: 'Object Repository/Выручка в рублях/Фильтр Период Выручка' is clicked on

28-03-2025T11:35:37 - [MESSAGE][PASSED] - Object: 'Object Repository/Выручка в рублях/Фильтр Период Выручка' is clicked on

28-03-2025T11:35:37 - [TEST_STEP][PASSED] - click(findTestObject("Выручка в рублях/Снять выделение в фильтре Дата" + nameOfBlock)): Object: 'Object Repository/Выручка в рублях/Снять выделение в фильтре Дата Выручка' is clicked on

28-03-2025T11:35:37 - [MESSAGE][PASSED] - Object: 'Object Repository/Выручка в рублях/Снять выделение в фильтре Дата Выручка' is clicked on

28-03-2025T11:35:37 - [TEST_STEP][PASSED] - scrollToElement(findTestObject("Выручка в рублях/2025 список" + nameOfBlock), 30): Scroll to object 'Object Repository/Выручка в рублях/2025 список Выручка' successfully

28-03-2025T11:35:38 - [MESSAGE][PASSED] - Scroll to object 'Object Repository/Выручка в рублях/2025 список Выручка' successfully

28-03-2025T11:35:38 - [TEST_STEP][PASSED] - click(findTestObject("Выручка в рублях/2025 список" + nameOfBlock)): Object: 'Object Repository/Выручка в рублях/2025 список Выручка' is clicked on

28-03-2025T11:35:38 - [MESSAGE][PASSED] - Object: 'Object Repository/Выручка в рублях/2025 список Выручка' is clicked on

28-03-2025T11:35:38 - [TEST_STEP][PASSED] - scrollToElement(findTestObject("Выручка в рублях/1 квартал 2025 список Выручка"), 30): Scroll to object 'Object Repository/Выручка в рублях/1 квартал 2025 список Выручка' successfully

28-03-2025T11:35:39 - [MESSAGE][PASSED] - Scroll to object 'Object Repository/Выручка в рублях/1 квартал 2025 список Выручка' successfully

28-03-2025T11:35:39 - [TEST_STEP][PASSED] - click(findTestObject("Выручка в рублях/1 квартал 2025 список" + nameOfBlock)): Object: 'Object Repository/Выручка в рублях/1 квартал 2025 список Выручка' is clicked on

28-03-2025T11:35:39 - [MESSAGE][PASSED] - Object: 'Object Repository/Выручка в рублях/1 квартал 2025 список Выручка' is clicked on

28-03-2025T11:35:39 - [TEST_STEP][PASSED] - scrollToElement(findTestObject("Выручка в рублях/Январь 2025" + nameOfBlock), 30): Scroll to object 'Object Repository/Выручка в рублях/Январь 2025 Выручка' successfully

28-03-2025T11:35:39 - [MESSAGE][PASSED] - Scroll to object 'Object Repository/Выручка в рублях/Январь 2025 Выручка' successfully

28-03-2025T11:35:39 - [TEST_STEP][PASSED] - click(findTestObject("Выручка в рублях/Январь 2025" + nameOfBlock)): Object: 'Object Repository/Выручка в рублях/Январь 2025 Выручка' is clicked on

28-03-2025T11:35:39 - [MESSAGE][PASSED] - Object: 'Object Repository/Выручка в рублях/Январь 2025 Выручка' is clicked on

28-03-2025T11:35:39 - [TEST_STEP][PASSED] - scrollToElement(findTestObject("Выручка в рублях/Заголовок дашборда" + nameOfBlock), 30): Scroll to object 'Object Repository/Выручка в рублях/Заголовок дашборда Выручка' successfully

28-03-2025T11:35:40 - [MESSAGE][PASSED] - Scroll to object 'Object Repository/Выручка в рублях/Заголовок дашборда Выручка' successfully

28-03-2025T11:35:40 - [TEST_STEP][PASSED] - click(findTestObject("Выручка в рублях/Применить в фильтре Дата" + nameOfBlock)): Object: 'Object Repository/Выручка в рублях/Применить в фильтре Дата Выручка' is clicked on

28-03-2025T11:35:40 - [MESSAGE][PASSED] - Object: 'Object Repository/Выручка в рублях/Применить в фильтре Дата Выручка' is clicked on

28-03-2025T11:35:40 - [TEST_STEP][PASSED] - delay(55): Delayed 55 second(s)

28-03-2025T11:36:36 - [MESSAGE][PASSED] - Delayed 55 second(s)

28-03-2025T11:36:36 - [TEST_STEP][PASSED] - click(findTestObject("Выручка в рублях/Фильтр ДЗО" + nameOfBlock)): Object: 'Object Repository/Выручка в рублях/Фильтр ДЗО Выручка' is clicked on

28-03-2025T11:36:36 - [MESSAGE][PASSED] - Object: 'Object Repository/Выручка в рублях/Фильтр ДЗО Выручка' is clicked on

28-03-2025T11:36:36 - [TEST_STEP][PASSED] - click(findTestObject("Выручка в рублях/Снять выделение в фильтре ДЗО" + nameOfBlock)): Object: 'Object Repository/Выручка в рублях/Снять выделение в фильтре ДЗО Выручка' is clicked on

28-03-2025T11:36:36 - [MESSAGE][PASSED] - Object: 'Object Repository/Выручка в рублях/Снять выделение в фильтре ДЗО Выручка' is clicked on

28-03-2025T11:36:36 - [TEST_STEP][PASSED] - click(findTestObject("Выручка в рублях/Применить в фильтре ДЗО" + nameOfBlock)): Object: 'Object Repository/Выручка в рублях/Применить в фильтре ДЗО Выручка' is clicked on

28-03-2025T11:36:37 - [MESSAGE][PASSED] - Object: 'Object Repository/Выручка в рублях/Применить в фильтре ДЗО Выручка' is clicked on

28-03-2025T11:36:37 - [TEST_STEP][PASSED] - delay(50): Delayed 50 second(s)

28-03-2025T11:37:27 - [MESSAGE][PASSED] - Delayed 50 second(s)

28-03-2025T11:37:27 - [TEST_STEP][PASSED] - Script1742558545601.Tumbler(run, vir, block, nameOfBlock): null

28-03-2025T11:37:27 - [TEST_STEP][PASSED] - println("run:" + run): null

28-03-2025T11:37:27 - [TEST_STEP][PASSED] - println("vir:" + vir): null

28-03-2025T11:37:27 - [TEST_STEP][PASSED] - println("block:" + block): null

28-03-2025T11:37:27 - [TEST_STEP][PASSED] - println("nameOfBlock:" + nameOfBlock): null

28-03-2025T11:37:27 - [TEST_STEP][PASSED] - if (vir == 1): null

28-03-2025T11:37:27 - [TEST_STEP][PASSED] - else if (vir == 2): null

28-03-2025T11:37:27 - [TEST_STEP][PASSED] - else if (vir == 3): Object: 'Object Repository/Выручка в рублях/Применить в фильтре Выручка Выручка' is clicked on

28-03-2025T11:37:27 - [TEST_STEP][PASSED] - if (run == 2): Object: 'Object Repository/Выручка в рублях/Переключить отображение с млн на проценты Выручка в рублях Выручка' is clicked on

28-03-2025T11:37:27 - [TEST_STEP][PASSED] - click(findTestObject("Выручка в рублях/Переключить отображение с млн на проценты Выручка в рублях" + nameOfBlock)): Object: 'Object Repository/Выручка в рублях/Переключить отображение с млн на проценты Выручка в рублях Выручка' is clicked on

28-03-2025T11:37:27 - [MESSAGE][PASSED] - Object: 'Object Repository/Выручка в рублях/Переключить отображение с млн на проценты Выручка в рублях Выручка' is clicked on

28-03-2025T11:37:27 - [TEST_STEP][PASSED] - click(findTestObject("Выручка в рублях/Фильтр Выручка" + nameOfBlock)): Object: 'Object Repository/Выручка в рублях/Фильтр Выручка Выручка' is clicked on

28-03-2025T11:37:28 - [MESSAGE][PASSED] - Object: 'Object Repository/Выручка в рублях/Фильтр Выручка Выручка' is clicked on

28-03-2025T11:37:28 - [TEST_STEP][PASSED] - click(findTestObject("Выручка в рублях/Внутренний оборот в фильтре Выручка" + nameOfBlock)): Object: 'Object Repository/Выручка в рублях/Внутренний оборот в фильтре Выручка Выручка' is clicked on

28-03-2025T11:37:28 - [MESSAGE][PASSED] - Object: 'Object Repository/Выручка в рублях/Внутренний оборот в фильтре Выручка Выручка' is clicked on

28-03-2025T11:37:28 - [TEST_STEP][PASSED] - click(findTestObject("Выручка в рублях/Применить в фильтре Выручка" + nameOfBlock)): Object: 'Object Repository/Выручка в рублях/Применить в фильтре Выручка Выручка' is clicked on

28-03-2025T11:37:29 - [MESSAGE][PASSED] - Object: 'Object Repository/Выручка в рублях/Применить в фильтре Выручка Выручка' is clicked on

28-03-2025T11:37:29 - [TEST_STEP][PASSED] - click(findTestObject("Выручка в рублях/Фильтр ДЗО" + nameOfBlock)): Object: 'Object Repository/Выручка в рублях/Фильтр ДЗО Выручка' is clicked on

28-03-2025T11:37:30 - [MESSAGE][PASSED] - Object: 'Object Repository/Выручка в рублях/Фильтр ДЗО Выручка' is clicked on

28-03-2025T11:37:30 - [TEST_STEP][PASSED] - Script1742558545601.Rosseti(nameOfBlock): null

28-03-2025T11:37:30 - [TEST_STEP][PASSED] - println("nameOfBlock:" + nameOfBlock): null

28-03-2025T11:37:30 - [TEST_STEP][PASSED] - click(findTestObject("Выручка в рублях/ПАО Россети" + nameOfBlock)): Object: 'Object Repository/Выручка в рублях/ПАО Россети Выручка' is clicked on

28-03-2025T11:37:30 - [MESSAGE][PASSED] - Object: 'Object Repository/Выручка в рублях/ПАО Россети Выручка' is clicked on

28-03-2025T11:37:30 - [TEST_STEP][PASSED] - click(findTestObject("Выручка в рублях/Применить в фильтре ДЗО" + nameOfBlock)): Object: 'Object Repository/Выручка в рублях/Применить в фильтре ДЗО Выручка' is clicked on

28-03-2025T11:37:31 - [MESSAGE][PASSED] - Object: 'Object Repository/Выручка в рублях/Применить в фильтре ДЗО Выручка' is clicked on

28-03-2025T11:37:31 - [TEST_STEP][PASSED] - if (vir == 1 || vir == 2): null

28-03-2025T11:37:31 - [TEST_STEP][PASSED] - else: Text of object 'Object Repository/Выручка в рублях/vir3Plan Выручка' is: '2 971'

28-03-2025T11:37:31 - [TEST_STEP][PASSED] - b1 = getText(findTestObject("Выручка в рублях/vir3Plan Выручка")): Text of object 'Object Repository/Выручка в рублях/vir3Plan Выручка' is: '2 971'

28-03-2025T11:37:32 - [MESSAGE][PASSED] - Text of object 'Object Repository/Выручка в рублях/vir3Plan Выручка' is: '2 971'

28-03-2025T11:37:32 - [TEST_STEP][PASSED] - if (vir == 1 || vir == 2): null

28-03-2025T11:37:32 - [TEST_STEP][PASSED] - else: Text of object 'Object Repository/Выручка в рублях/vir3Fact Выручка' is: '2 402'

28-03-2025T11:37:32 - [TEST_STEP][PASSED] - b2 = getText(findTestObject("Выручка в рублях/vir3Fact Выручка")): Text of object 'Object Repository/Выручка в рублях/vir3Fact Выручка' is: '2 402'

28-03-2025T11:37:32 - [MESSAGE][PASSED] - Text of object 'Object Repository/Выручка в рублях/vir3Fact Выручка' is: '2 402'

28-03-2025T11:37:32 - [TEST_STEP][PASSED] - b30 = getText(findTestObject("Выручка в рублях/span1" + perc)): Text of object 'Object Repository/Выручка в рублях/span1 Perc' is: '-19.15 %'

28-03-2025T11:37:32 - [MESSAGE][PASSED] - Text of object 'Object Repository/Выручка в рублях/span1 Perc' is: '-19.15 %'

28-03-2025T11:37:32 - [TEST_STEP][PASSED] - i = b30.indexOf("млн.руб."): null

28-03-2025T11:37:32 - [TEST_STEP][PASSED] - if (i > -1): null

28-03-2025T11:37:32 - [TEST_STEP][PASSED] - if (b30.contains("%")): null

28-03-2025T11:37:32 - [TEST_STEP][PASSED] - b30 = b30.replaceAll("%", ""): null

28-03-2025T11:37:32 - [TEST_STEP][PASSED] - b30 = ").trim(): null

28-03-2025T11:37:32 - [TEST_STEP][PASSED] - println("b30: " + b30): null

28-03-2025T11:37:32 - [TEST_STEP][PASSED] - if (vir == 1): null

28-03-2025T11:37:32 - [TEST_STEP][PASSED] - else if (vir == 2): null

28-03-2025T11:37:32 - [TEST_STEP][PASSED] - else: Text of object 'Object Repository/Выручка в рублях/span5 Perc' is: '0.21 %'

28-03-2025T11:37:32 - [TEST_STEP][PASSED] - b32 = ").trim(): Text of object 'Object Repository/Выручка в рублях/span2 Perc' is: '16.95 %'

28-03-2025T11:37:33 - [MESSAGE][PASSED] - Text of object 'Object Repository/Выручка в рублях/span2 Perc' is: '16.95 %'

28-03-2025T11:37:33 - [TEST_STEP][PASSED] - b33 = ").trim(): Text of object 'Object Repository/Выручка в рублях/span3 Perc' is: '-15.18 %'

28-03-2025T11:37:33 - [MESSAGE][PASSED] - Text of object 'Object Repository/Выручка в рублях/span3 Perc' is: '-15.18 %'

28-03-2025T11:37:33 - [TEST_STEP][PASSED] - b38 = ").trim(): Text of object 'Object Repository/Выручка в рублях/span4 Perc' is: '-22.78 %'

28-03-2025T11:37:33 - [MESSAGE][PASSED] - Text of object 'Object Repository/Выручка в рублях/span4 Perc' is: '-22.78 %'

28-03-2025T11:37:33 - [TEST_STEP][PASSED] - b317 = ").trim(): Text of object 'Object Repository/Выручка в рублях/span5 Perc' is: '0.21 %'

28-03-2025T11:37:34 - [MESSAGE][PASSED] - Text of object 'Object Repository/Выручка в рублях/span5 Perc' is: '0.21 %'

28-03-2025T11:37:34 - [TEST_STEP][PASSED] - dZO = "ПАО Россети": null

28-03-2025T11:37:34 - [TEST_STEP][PASSED] - if (verifyEqual(a1, b1) == false): Actual object '2 971' and expected object '2 971' are equal

28-03-2025T11:37:34 - [MESSAGE][PASSED] - Actual object '2 971' and expected object '2 971' are equal

28-03-2025T11:37:34 - [TEST_STEP][PASSED] - if (verifyEqual(a2, b2) == false): Actual object '2 402' and expected object '2 402' are equal

28-03-2025T11:37:34 - [MESSAGE][PASSED] - Actual object '2 402' and expected object '2 402' are equal

28-03-2025T11:37:34 - [TEST_STEP][PASSED] - vidget = "Отклонения": null

28-03-2025T11:37:34 - [TEST_STEP][PASSED] - if (verifyEqual(a30, b30) == false): Actual object '-19.15' and expected object '-19.15' are equal

28-03-2025T11:37:34 - [MESSAGE][PASSED] - Actual object '-19.15' and expected object '-19.15' are equal

28-03-2025T11:37:34 - [TEST_STEP][PASSED] - dZO = "АО «РЭС»": null

28-03-2025T11:37:34 - [TEST_STEP][PASSED] - if (verifyEqual(a31, b31) == false): Actual object 'null' and expected object 'null' are equal

28-03-2025T11:37:34 - [MESSAGE][PASSED] - Actual object 'null' and expected object 'null' are equal

28-03-2025T11:37:34 - [TEST_STEP][PASSED] - dZO = "АО «Тываэнерго»": null

28-03-2025T11:37:34 - [TEST_STEP][PASSED] - if (verifyEqual(a32, b32) == false): Actual object '16.95' and expected object '16.95' are equal

28-03-2025T11:37:34 - [MESSAGE][PASSED] - Actual object '16.95' and expected object '16.95' are equal

28-03-2025T11:37:34 - [TEST_STEP][PASSED] - dZO = "АО «Чеченэнерго»": null

28-03-2025T11:37:34 - [TEST_STEP][PASSED] - if (verifyEqual(a33, b33) == false): Actual object '-15.18' and expected object '-15.18' are equal

28-03-2025T11:37:34 - [MESSAGE][PASSED] - Actual object '-15.18' and expected object '-15.18' are equal

28-03-2025T11:37:34 - [TEST_STEP][PASSED] - dZO = "Россети Волга": null

28-03-2025T11:37:34 - [TEST_STEP][PASSED] - if (verifyEqual(a34, b34) == false): Actual object 'null' and expected object 'null' are equal

28-03-2025T11:37:34 - [MESSAGE][PASSED] - Actual object 'null' and expected object 'null' are equal

28-03-2025T11:37:34 - [TEST_STEP][PASSED] - dZO = "Россети Кубань": null

28-03-2025T11:37:34 - [TEST_STEP][PASSED] - if (verifyEqual(a35, b35) == false): Actual object 'null' and expected object 'null' are equal

28-03-2025T11:37:34 - [MESSAGE][PASSED] - Actual object 'null' and expected object 'null' are equal

28-03-2025T11:37:34 - [TEST_STEP][PASSED] - dZO = "Россети Ленэнерго (ГК)": null

28-03-2025T11:37:34 - [TEST_STEP][PASSED] - if (verifyEqual(a36, b36) == false): Actual object 'null' and expected object 'null' are equal

28-03-2025T11:37:34 - [MESSAGE][PASSED] - Actual object 'null' and expected object 'null' are equal

28-03-2025T11:37:34 - [TEST_STEP][PASSED] - dZO = "Россети Московский регион": null

28-03-2025T11:37:34 - [TEST_STEP][PASSED] - if (verifyEqual(a37, b37) == false): Actual object 'null' and expected object 'null' are equal

28-03-2025T11:37:34 - [MESSAGE][PASSED] - Actual object 'null' and expected object 'null' are equal

28-03-2025T11:37:34 - [TEST_STEP][PASSED] - dZO = "Россети Северный Кавказ (ГК)": null

28-03-2025T11:37:34 - [TEST_STEP][PASSED] - if (verifyEqual(a38, b38) == false): Actual object '-22.78' and expected object '-22.78' are equal

28-03-2025T11:37:34 - [MESSAGE][PASSED] - Actual object '-22.78' and expected object '-22.78' are equal

28-03-2025T11:37:34 - [TEST_STEP][PASSED] - dZO = "Россети Северо-Запад": null

28-03-2025T11:37:34 - [TEST_STEP][PASSED] - if (verifyEqual(a39, b39) == false): Actual object 'null' and expected object 'null' are equal

28-03-2025T11:37:34 - [MESSAGE][PASSED] - Actual object 'null' and expected object 'null' are equal

28-03-2025T11:37:34 - [TEST_STEP][PASSED] - dZO = "Россети Сибирь (ГК)": null

28-03-2025T11:37:34 - [TEST_STEP][PASSED] - if (verifyEqual(a310, b310) == false): Actual object 'null' and expected object 'null' are equal

28-03-2025T11:37:34 - [MESSAGE][PASSED] - Actual object 'null' and expected object 'null' are equal

28-03-2025T11:37:34 - [TEST_STEP][PASSED] - dZO = "Россети Томск": null

28-03-2025T11:37:34 - [TEST_STEP][PASSED] - if (verifyEqual(a311, b311) == false): Actual object 'null' and expected object 'null' are equal

28-03-2025T11:37:34 - [MESSAGE][PASSED] - Actual object 'null' and expected object 'null' are equal

28-03-2025T11:37:34 - [TEST_STEP][PASSED] - dZO = "Россети Тюмень": null

28-03-2025T11:37:34 - [TEST_STEP][PASSED] - if (verifyEqual(a312, b312) == false): Actual object 'null' and expected object 'null' are equal

28-03-2025T11:37:34 - [MESSAGE][PASSED] - Actual object 'null' and expected object 'null' are equal

28-03-2025T11:37:34 - [TEST_STEP][PASSED] - dZO = "Россети Урал (ГК)": null

28-03-2025T11:37:34 - [TEST_STEP][PASSED] - if (verifyEqual(a313, b313) == false): Actual object 'null' and expected object 'null' are equal

28-03-2025T11:37:34 - [MESSAGE][PASSED] - Actual object 'null' and expected object 'null' are equal

28-03-2025T11:37:34 - [TEST_STEP][PASSED] - dZO = "Россети ФСК ЕЭС": null

28-03-2025T11:37:34 - [TEST_STEP][PASSED] - if (verifyEqual(a314, b314) == false): Actual object 'null' and expected object 'null' are equal

28-03-2025T11:37:34 - [MESSAGE][PASSED] - Actual object 'null' and expected object 'null' are equal

28-03-2025T11:37:34 - [TEST_STEP][PASSED] - dZO = "Россети Центр": null

28-03-2025T11:37:34 - [TEST_STEP][PASSED] - if (verifyEqual(a315, b315) == false): Actual object 'null' and expected object 'null' are equal

28-03-2025T11:37:34 - [MESSAGE][PASSED] - Actual object 'null' and expected object 'null' are equal

28-03-2025T11:37:34 - [TEST_STEP][PASSED] - dZO = "Россети Центр и Приволжье (ГК)": null

28-03-2025T11:37:34 - [TEST_STEP][PASSED] - if (verifyEqual(a316, b316) == false): Actual object 'null' and expected object 'null' are equal

28-03-2025T11:37:34 - [MESSAGE][PASSED] - Actual object 'null' and expected object 'null' are equal

28-03-2025T11:37:34 - [TEST_STEP][PASSED] - dZO = "Россети Юг (ГК)": null

28-03-2025T11:37:34 - [TEST_STEP][PASSED] - if (verifyEqual(a317, b317) == false): Actual object '0.21' and expected object '0.21' are equal

28-03-2025T11:37:34 - [MESSAGE][PASSED] - Actual object '0.21' and expected object '0.21' are equal

28-03-2025T11:37:34 - [TEST_STEP][PASSED] - dZO = "Россети Янтарь": null

28-03-2025T11:37:34 - [TEST_STEP][PASSED] - if (verifyEqual(a318, b318) == false): Actual object 'null' and expected object 'null' are equal

28-03-2025T11:37:34 - [MESSAGE][PASSED] - Actual object 'null' and expected object 'null' are equal

28-03-2025T11:37:34 - [TEST_STEP][PASSED] - closeBrowser(): Browser is closed

28-03-2025T11:37:34 - [MESSAGE][PASSED] - Browser is closed]]></system-out>
         <system-err><![CDATA[]]></system-err>
      </testcase>
      <testcase name="Test Cases/Сверки дашбордов/Выручка по ДЗО сверка дашбордов" time="144.305" classname="Test Cases/Сверки дашбордов/Выручка по ДЗО сверка дашбордов" status="PASSED">
         <system-out><![CDATA[28-03-2025T11:37:34 - [TEST_CASE][PASSED] - Test Cases/Сверки дашбордов/Выручка по ДЗО сверка дашбордов: Test Cases/Сверки дашбордов/Выручка по ДЗО сверка дашбордов

28-03-2025T11:37:34 - [TEST_STEP][PASSED] - date = new java.util.Date(): null

28-03-2025T11:37:34 - [TEST_STEP][PASSED] - todaysDate = date.format("dd.MM.yyyy"): null

28-03-2025T11:37:34 - [TEST_STEP][PASSED] - println(todaysDate): null

28-03-2025T11:37:34 - [TEST_STEP][PASSED] - openBrowser(""): Browser is opened with url: ''

28-03-2025T11:37:34 - [MESSAGE][INFO] - Starting 'Chrome' driver

28-03-2025T11:37:34 - [MESSAGE][INFO] - Action delay is set to 0 milliseconds

28-03-2025T11:37:35 - [MESSAGE][PASSED] - Browser is opened with url: ''

28-03-2025T11:37:35 - [TEST_STEP][PASSED] - navigateToUrl(findTestData("PlanFact").getValue(10, 5)): Navigate to 'https://bi.rosseti.digital/viewer?dashboardGuid=2301950b23be4ed89c1df75f2020051e&sheetGuid=31530aa0b6664c09b016b7f2ab9d853e&fit=true' successfully

28-03-2025T11:37:40 - [MESSAGE][PASSED] - Navigate to 'https://bi.rosseti.digital/viewer?dashboardGuid=2301950b23be4ed89c1df75f2020051e&sheetGuid=31530aa0b6664c09b016b7f2ab9d853e&fit=true' successfully

28-03-2025T11:37:40 - [TEST_STEP][PASSED] - setText(findTestObject("Страница авторизации/input__username"), findTestData("PlanFact").getValue(8, 1)): Text 'liazgina-di' is set on object 'Object Repository/Страница авторизации/input__username'

28-03-2025T11:37:42 - [MESSAGE][PASSED] - Text 'liazgina-di' is set on object 'Object Repository/Страница авторизации/input__username'

28-03-2025T11:37:42 - [TEST_STEP][PASSED] - setText(findTestObject("Страница авторизации/input__password"), findTestData("PlanFact").getValue(9, 1)): Text ')$%5srZ8o688Dm#q' is set on object 'Object Repository/Страница авторизации/input__password'

28-03-2025T11:37:42 - [MESSAGE][PASSED] - Text ')$%5srZ8o688Dm#q' is set on object 'Object Repository/Страница авторизации/input__password'

28-03-2025T11:37:42 - [TEST_STEP][PASSED] - click(findTestObject("Страница авторизации/button_")): Object: 'Object Repository/Страница авторизации/button_' is clicked on

28-03-2025T11:37:44 - [MESSAGE][PASSED] - Object: 'Object Repository/Страница авторизации/button_' is clicked on

28-03-2025T11:37:44 - [TEST_STEP][PASSED] - delay(30): Delayed 30 second(s)

28-03-2025T11:38:14 - [MESSAGE][PASSED] - Delayed 30 second(s)

28-03-2025T11:38:14 - [TEST_STEP][PASSED] - click(findTestObject("Выручка по ДЗО/Фильтр Дата")): Object: 'Object Repository/Выручка по ДЗО/Фильтр Дата' is clicked on

28-03-2025T11:38:14 - [MESSAGE][PASSED] - Object: 'Object Repository/Выручка по ДЗО/Фильтр Дата' is clicked on

28-03-2025T11:38:14 - [TEST_STEP][PASSED] - click(findTestObject("Выручка по ДЗО/Снять выделение в фильтре Дата")): Object: 'Object Repository/Выручка по ДЗО/Снять выделение в фильтре Дата' is clicked on

28-03-2025T11:38:15 - [MESSAGE][PASSED] - Object: 'Object Repository/Выручка по ДЗО/Снять выделение в фильтре Дата' is clicked on

28-03-2025T11:38:15 - [TEST_STEP][PASSED] - click(findTestObject("Выручка по ДЗО/Применить в фильтре Дата")): Object: 'Object Repository/Выручка по ДЗО/Применить в фильтре Дата' is clicked on

28-03-2025T11:38:15 - [MESSAGE][PASSED] - Object: 'Object Repository/Выручка по ДЗО/Применить в фильтре Дата' is clicked on

28-03-2025T11:38:15 - [TEST_STEP][PASSED] - click(findTestObject("Выручка по ДЗО/Фильтр Дата")): Object: 'Object Repository/Выручка по ДЗО/Фильтр Дата' is clicked on

28-03-2025T11:38:16 - [MESSAGE][PASSED] - Object: 'Object Repository/Выручка по ДЗО/Фильтр Дата' is clicked on

28-03-2025T11:38:16 - [TEST_STEP][PASSED] - click(findTestObject("Выручка по ДЗО/Снять выделение в фильтре Дата")): Object: 'Object Repository/Выручка по ДЗО/Снять выделение в фильтре Дата' is clicked on

28-03-2025T11:38:17 - [MESSAGE][PASSED] - Object: 'Object Repository/Выручка по ДЗО/Снять выделение в фильтре Дата' is clicked on

28-03-2025T11:38:17 - [TEST_STEP][PASSED] - scrollToElement(findTestObject("Выручка по ДЗО/2025 список"), 30): Scroll to object 'Object Repository/Выручка по ДЗО/2025 список' successfully

28-03-2025T11:38:17 - [MESSAGE][PASSED] - Scroll to object 'Object Repository/Выручка по ДЗО/2025 список' successfully

28-03-2025T11:38:17 - [TEST_STEP][PASSED] - click(findTestObject("Выручка по ДЗО/2025 список")): Object: 'Object Repository/Выручка по ДЗО/2025 список' is clicked on

28-03-2025T11:38:18 - [MESSAGE][PASSED] - Object: 'Object Repository/Выручка по ДЗО/2025 список' is clicked on

28-03-2025T11:38:18 - [TEST_STEP][PASSED] - scrollToElement(findTestObject("Выручка по ДЗО/1 квартал 2025 список"), 30): Scroll to object 'Object Repository/Выручка по ДЗО/1 квартал 2025 список' successfully

28-03-2025T11:38:18 - [MESSAGE][PASSED] - Scroll to object 'Object Repository/Выручка по ДЗО/1 квартал 2025 список' successfully

28-03-2025T11:38:18 - [TEST_STEP][PASSED] - click(findTestObject("Выручка по ДЗО/1 квартал 2025 список"), CONTINUE_ON_FAILURE): Object: 'Object Repository/Выручка по ДЗО/1 квартал 2025 список' is clicked on

28-03-2025T11:38:18 - [MESSAGE][PASSED] - Object: 'Object Repository/Выручка по ДЗО/1 квартал 2025 список' is clicked on

28-03-2025T11:38:18 - [TEST_STEP][PASSED] - scrollToElement(findTestObject("Выручка по ДЗО/Январь 2025"), 30): Scroll to object 'Object Repository/Выручка по ДЗО/Январь 2025' successfully

28-03-2025T11:38:19 - [MESSAGE][PASSED] - Scroll to object 'Object Repository/Выручка по ДЗО/Январь 2025' successfully

28-03-2025T11:38:19 - [TEST_STEP][PASSED] - click(findTestObject("Выручка по ДЗО/Январь 2025"), CONTINUE_ON_FAILURE): Object: 'Object Repository/Выручка по ДЗО/Январь 2025' is clicked on

28-03-2025T11:38:19 - [MESSAGE][PASSED] - Object: 'Object Repository/Выручка по ДЗО/Январь 2025' is clicked on

28-03-2025T11:38:19 - [TEST_STEP][PASSED] - scrollToElement(findTestObject("Выручка по ДЗО/Заголовок дашборда"), 30): Scroll to object 'Object Repository/Выручка по ДЗО/Заголовок дашборда' successfully

28-03-2025T11:38:19 - [MESSAGE][PASSED] - Scroll to object 'Object Repository/Выручка по ДЗО/Заголовок дашборда' successfully

28-03-2025T11:38:19 - [TEST_STEP][PASSED] - click(findTestObject("Выручка по ДЗО/Применить в фильтре Дата")): Object: 'Object Repository/Выручка по ДЗО/Применить в фильтре Дата' is clicked on

28-03-2025T11:38:20 - [MESSAGE][PASSED] - Object: 'Object Repository/Выручка по ДЗО/Применить в фильтре Дата' is clicked on

28-03-2025T11:38:20 - [TEST_STEP][PASSED] - delay(30): Delayed 30 second(s)

28-03-2025T11:38:50 - [MESSAGE][PASSED] - Delayed 30 second(s)

28-03-2025T11:38:50 - [TEST_STEP][PASSED] - a1 = getText(findTestObject("Выручка по ДЗО/График1 Выполнение плановых показателей Блок руководителя")): Text of object 'Object Repository/Выручка по ДЗО/График1 Выполнение плановых показателей Блок руководителя' is: '2 275 2 275
251 251
545 545
10 863 10 863
7 813 7 813
11 645 11 645
22 423 22 423
4 405 4 405
7 066 7 066
10 948 10 948
1 091 1 091
10 368 10 368
10 920 10 920
28 393 28 393
12 599 12 599
13 668 13 668
7 039 7 039
1 064 1 064
2 202 2 202
274 274
463 463
10 568 10 568
7 759 7 759
11 241 11 241
21 497 21 497
3 799 3 799
6 815 6 815
11 296 11 296
1 034 1 034
9 265 9 265
10 446 10 446
28 334 28 334
11 924 11 924
13 055 13 055
6 848 6 848
1 045 1 045
План
Факт
АО "РЭС"
АО «Тываэнерго»
АО «Чеченэнерго»
Россети Волга
Россети Кубань
Россети Ленэнерго (ГК)
Россети Московский регион
Россети Северный Кавказ (ГК)
Россети Северо-Запад
Россети Сибирь (ГК)
Россети Томск
Россети Тюмень
Россети Урал (ГК)
Россети ФСК ЕЭС
Россети Центр
Россети Центр и Приволжье (ГК)
Россети Юг (ГК)
Россети Янтарь
0 млн. руб.
2 500 млн. руб.
5 000 млн. руб.
7 500 млн. руб.
10 000 млн. руб.
12 500 млн. руб.
15 000 млн. руб.
17 500 млн. руб.
20 000 млн. руб.
22 500 млн. руб.
25 000 млн. руб.
27 500 млн. руб.
30 000 млн. руб.'

28-03-2025T11:38:50 - [MESSAGE][PASSED] - Text of object 'Object Repository/Выручка по ДЗО/График1 Выполнение плановых показателей Блок руководителя' is: '2 275 2 275
251 251
545 545
10 863 10 863
7 813 7 813
11 645 11 645
22 423 22 423
4 405 4 405
7 066 7 066
10 948 10 948
1 091 1 091
10 368 10 368
10 920 10 920
28 393 28 393
12 599 12 599
13 668 13 668
7 039 7 039
1 064 1 064
2 202 2 202
274 274
463 463
10 568 10 568
7 759 7 759
11 241 11 241
21 497 21 497
3 799 3 799
6 815 6 815
11 296 11 296
1 034 1 034
9 265 9 265
10 446 10 446
28 334 28 334
11 924 11 924
13 055 13 055
6 848 6 848
1 045 1 045
План
Факт
АО "РЭС"
АО «Тываэнерго»
АО «Чеченэнерго»
Россети Волга
Россети Кубань
Россети Ленэнерго (ГК)
Россети Московский регион
Россети Северный Кавказ (ГК)
Россети Северо-Запад
Россети Сибирь (ГК)
Россети Томск
Россети Тюмень
Россети Урал (ГК)
Россети ФСК ЕЭС
Россети Центр
Россети Центр и Приволжье (ГК)
Россети Юг (ГК)
Россети Янтарь
0 млн. руб.
2 500 млн. руб.
5 000 млн. руб.
7 500 млн. руб.
10 000 млн. руб.
12 500 млн. руб.
15 000 млн. руб.
17 500 млн. руб.
20 000 млн. руб.
22 500 млн. руб.
25 000 млн. руб.
27 500 млн. руб.
30 000 млн. руб.'

28-03-2025T11:38:50 - [TEST_STEP][PASSED] - println("a1: " + a1): null

28-03-2025T11:38:50 - [TEST_STEP][PASSED] - i = a1.indexOf("План"): null

28-03-2025T11:38:50 - [TEST_STEP][PASSED] - a1 = a1.substring(0, i): null

28-03-2025T11:38:50 - [TEST_STEP][PASSED] - println("a1: " + a1): null

28-03-2025T11:38:50 - [TEST_STEP][PASSED] - a2 = getText(findTestObject("Выручка по ДЗО/График2 Выполнение плановых показателей Блок руководителя")): Text of object 'Object Repository/Выручка по ДЗО/График2 Выполнение плановых показателей Блок руководителя' is: '1,4%1,4%
0,17%0,17%
0,29%0,29%
6,69%6,69%
4,92%4,92%
7,12%7,12%
13,62%13,62%
2,41%2,41%
4,32%4,32%
7,16%7,16%
0,65%0,65%
5,87%5,87%
6,62%6,62%
17,95%17,95%
7,55%7,55%
8,27%8,27%
4,34%4,34%
0,66%0,66%
АО "РЭС"
АО «Тываэнерго»
АО «Чеченэнерго»
Россети Волга
Россети Кубань
Россети Ленэнерго (ГК)
Россети Московский регион
Россети Северный Кавказ (ГК)
Россети Северо-Запад
Россети Сибирь (ГК)
Россети Томск
Россети Тюмень
Россети Урал (ГК)
Россети ФСК ЕЭС
Россети Центр
Россети Центр и Приволжье (ГК)
Россети Юг (ГК)
Россети Янтарь
Россети Центр и Приволжье (ГК): 13 054 893,11'

28-03-2025T11:38:51 - [MESSAGE][PASSED] - Text of object 'Object Repository/Выручка по ДЗО/График2 Выполнение плановых показателей Блок руководителя' is: '1,4%1,4%
0,17%0,17%
0,29%0,29%
6,69%6,69%
4,92%4,92%
7,12%7,12%
13,62%13,62%
2,41%2,41%
4,32%4,32%
7,16%7,16%
0,65%0,65%
5,87%5,87%
6,62%6,62%
17,95%17,95%
7,55%7,55%
8,27%8,27%
4,34%4,34%
0,66%0,66%
АО "РЭС"
АО «Тываэнерго»
АО «Чеченэнерго»
Россети Волга
Россети Кубань
Россети Ленэнерго (ГК)
Россети Московский регион
Россети Северный Кавказ (ГК)
Россети Северо-Запад
Россети Сибирь (ГК)
Россети Томск
Россети Тюмень
Россети Урал (ГК)
Россети ФСК ЕЭС
Россети Центр
Россети Центр и Приволжье (ГК)
Россети Юг (ГК)
Россети Янтарь
Россети Центр и Приволжье (ГК): 13 054 893,11'

28-03-2025T11:38:51 - [TEST_STEP][PASSED] - println("a2: " + a2): null

28-03-2025T11:38:51 - [TEST_STEP][PASSED] - i = a2.indexOf("АО «Тываэнерго»"): null

28-03-2025T11:38:51 - [TEST_STEP][PASSED] - a2 = a2.substring(0, i): null

28-03-2025T11:38:51 - [TEST_STEP][PASSED] - navigateToUrl(findTestData("PlanFact").getValue(10, 10)): Navigate to 'https://bi.rosseti.digital/viewer?dashboardGuid=a1fd28b3785d443cbc4d7690a1d78e31&sheetGuid=4a2f47326819444da0508dec5c59e502&fit=true' successfully

28-03-2025T11:38:51 - [MESSAGE][PASSED] - Navigate to 'https://bi.rosseti.digital/viewer?dashboardGuid=a1fd28b3785d443cbc4d7690a1d78e31&sheetGuid=4a2f47326819444da0508dec5c59e502&fit=true' successfully

28-03-2025T11:38:51 - [TEST_STEP][PASSED] - delay(30): Delayed 30 second(s)

28-03-2025T11:39:21 - [MESSAGE][PASSED] - Delayed 30 second(s)

28-03-2025T11:39:21 - [TEST_STEP][PASSED] - click(findTestObject("Выручка по ДЗО/Фильтр Дата Выручка")): Object: 'Object Repository/Выручка по ДЗО/Фильтр Дата Выручка' is clicked on

28-03-2025T11:39:22 - [MESSAGE][PASSED] - Object: 'Object Repository/Выручка по ДЗО/Фильтр Дата Выручка' is clicked on

28-03-2025T11:39:22 - [TEST_STEP][PASSED] - click(findTestObject("Выручка по ДЗО/Снять выделение в фильтре Дата Выручка")): Object: 'Object Repository/Выручка по ДЗО/Снять выделение в фильтре Дата Выручка' is clicked on

28-03-2025T11:39:22 - [MESSAGE][PASSED] - Object: 'Object Repository/Выручка по ДЗО/Снять выделение в фильтре Дата Выручка' is clicked on

28-03-2025T11:39:22 - [TEST_STEP][PASSED] - click(findTestObject("Выручка по ДЗО/Применить в фильтре Дата Выручка")): Object: 'Object Repository/Выручка по ДЗО/Применить в фильтре Дата Выручка' is clicked on

28-03-2025T11:39:23 - [MESSAGE][PASSED] - Object: 'Object Repository/Выручка по ДЗО/Применить в фильтре Дата Выручка' is clicked on

28-03-2025T11:39:23 - [TEST_STEP][PASSED] - click(findTestObject("Выручка по ДЗО/Фильтр Дата Выручка")): Object: 'Object Repository/Выручка по ДЗО/Фильтр Дата Выручка' is clicked on

28-03-2025T11:39:24 - [MESSAGE][PASSED] - Object: 'Object Repository/Выручка по ДЗО/Фильтр Дата Выручка' is clicked on

28-03-2025T11:39:24 - [TEST_STEP][PASSED] - click(findTestObject("Выручка по ДЗО/Снять выделение в фильтре Дата Выручка")): Object: 'Object Repository/Выручка по ДЗО/Снять выделение в фильтре Дата Выручка' is clicked on

28-03-2025T11:39:24 - [MESSAGE][PASSED] - Object: 'Object Repository/Выручка по ДЗО/Снять выделение в фильтре Дата Выручка' is clicked on

28-03-2025T11:39:24 - [TEST_STEP][PASSED] - scrollToElement(findTestObject("Выручка по ДЗО/2025 список"), 30): Scroll to object 'Object Repository/Выручка по ДЗО/2025 список' successfully

28-03-2025T11:39:25 - [MESSAGE][PASSED] - Scroll to object 'Object Repository/Выручка по ДЗО/2025 список' successfully

28-03-2025T11:39:25 - [TEST_STEP][PASSED] - click(findTestObject("Выручка по ДЗО/2025 список")): Object: 'Object Repository/Выручка по ДЗО/2025 список' is clicked on

28-03-2025T11:39:25 - [MESSAGE][PASSED] - Object: 'Object Repository/Выручка по ДЗО/2025 список' is clicked on

28-03-2025T11:39:25 - [TEST_STEP][PASSED] - scrollToElement(findTestObject("Выручка по ДЗО/1 квартал 2025 список"), 30): Scroll to object 'Object Repository/Выручка по ДЗО/1 квартал 2025 список' successfully

28-03-2025T11:39:25 - [MESSAGE][PASSED] - Scroll to object 'Object Repository/Выручка по ДЗО/1 квартал 2025 список' successfully

28-03-2025T11:39:25 - [TEST_STEP][PASSED] - click(findTestObject("Выручка по ДЗО/1 квартал 2025 список"), CONTINUE_ON_FAILURE): Object: 'Object Repository/Выручка по ДЗО/1 квартал 2025 список' is clicked on

28-03-2025T11:39:26 - [MESSAGE][PASSED] - Object: 'Object Repository/Выручка по ДЗО/1 квартал 2025 список' is clicked on

28-03-2025T11:39:26 - [TEST_STEP][PASSED] - scrollToElement(findTestObject("Выручка по ДЗО/Январь 2025"), 30): Scroll to object 'Object Repository/Выручка по ДЗО/Январь 2025' successfully

28-03-2025T11:39:26 - [MESSAGE][PASSED] - Scroll to object 'Object Repository/Выручка по ДЗО/Январь 2025' successfully

28-03-2025T11:39:26 - [TEST_STEP][PASSED] - click(findTestObject("Выручка по ДЗО/Январь 2025"), CONTINUE_ON_FAILURE): Object: 'Object Repository/Выручка по ДЗО/Январь 2025' is clicked on

28-03-2025T11:39:26 - [MESSAGE][PASSED] - Object: 'Object Repository/Выручка по ДЗО/Январь 2025' is clicked on

28-03-2025T11:39:26 - [TEST_STEP][PASSED] - scrollToElement(findTestObject("Выручка по ДЗО/Заголовок дашборда Выручка"), 30): Scroll to object 'Object Repository/Выручка по ДЗО/Заголовок дашборда Выручка' successfully

28-03-2025T11:39:27 - [MESSAGE][PASSED] - Scroll to object 'Object Repository/Выручка по ДЗО/Заголовок дашборда Выручка' successfully

28-03-2025T11:39:27 - [TEST_STEP][PASSED] - click(findTestObject("Выручка по ДЗО/Применить в фильтре Дата Выручка")): Object: 'Object Repository/Выручка по ДЗО/Применить в фильтре Дата Выручка' is clicked on

28-03-2025T11:39:27 - [MESSAGE][PASSED] - Object: 'Object Repository/Выручка по ДЗО/Применить в фильтре Дата Выручка' is clicked on

28-03-2025T11:39:27 - [TEST_STEP][PASSED] - delay(30): Delayed 30 second(s)

28-03-2025T11:39:57 - [MESSAGE][PASSED] - Delayed 30 second(s)

28-03-2025T11:39:57 - [TEST_STEP][PASSED] - b1 = getText(findTestObject("Выручка по ДЗО/График1 Выполнение плановых показателей Выручка")): Text of object 'Object Repository/Выручка по ДЗО/График1 Выполнение плановых показателей Выручка' is: '2 275 2 275
251 251
545 545
10 863 10 863
7 813 7 813
11 645 11 645
22 423 22 423
4 405 4 405
7 066 7 066
10 948 10 948
1 091 1 091
10 368 10 368
10 920 10 920
28 393 28 393
12 599 12 599
13 668 13 668
7 039 7 039
1 064 1 064
2 202 2 202
274 274
463 463
10 568 10 568
7 759 7 759
11 241 11 241
21 497 21 497
3 799 3 799
6 815 6 815
11 296 11 296
1 034 1 034
9 265 9 265
10 446 10 446
28 334 28 334
11 924 11 924
13 055 13 055
6 848 6 848
1 045 1 045
План
Факт
АО "РЭС"
АО «Тываэнерго»
АО «Чеченэнерго»
Россети Волга
Россети Кубань
Россети Ленэнерго (ГК)
Россети Московский регион
Россети Северный Кавказ (ГК)
Россети Северо-Запад
Россети Сибирь (ГК)
Россети Томск
Россети Тюмень
Россети Урал (ГК)
Россети ФСК ЕЭС
Россети Центр
Россети Центр и Приволжье (ГК)
Россети Юг (ГК)
Россети Янтарь
0 млн. руб.
5 000 млн. руб.
10 000 млн. руб.
15 000 млн. руб.
20 000 млн. руб.
25 000 млн. руб.
30 000 млн. руб.
Россети Московский регион: 22 423 389,33'

28-03-2025T11:39:58 - [MESSAGE][PASSED] - Text of object 'Object Repository/Выручка по ДЗО/График1 Выполнение плановых показателей Выручка' is: '2 275 2 275
251 251
545 545
10 863 10 863
7 813 7 813
11 645 11 645
22 423 22 423
4 405 4 405
7 066 7 066
10 948 10 948
1 091 1 091
10 368 10 368
10 920 10 920
28 393 28 393
12 599 12 599
13 668 13 668
7 039 7 039
1 064 1 064
2 202 2 202
274 274
463 463
10 568 10 568
7 759 7 759
11 241 11 241
21 497 21 497
3 799 3 799
6 815 6 815
11 296 11 296
1 034 1 034
9 265 9 265
10 446 10 446
28 334 28 334
11 924 11 924
13 055 13 055
6 848 6 848
1 045 1 045
План
Факт
АО "РЭС"
АО «Тываэнерго»
АО «Чеченэнерго»
Россети Волга
Россети Кубань
Россети Ленэнерго (ГК)
Россети Московский регион
Россети Северный Кавказ (ГК)
Россети Северо-Запад
Россети Сибирь (ГК)
Россети Томск
Россети Тюмень
Россети Урал (ГК)
Россети ФСК ЕЭС
Россети Центр
Россети Центр и Приволжье (ГК)
Россети Юг (ГК)
Россети Янтарь
0 млн. руб.
5 000 млн. руб.
10 000 млн. руб.
15 000 млн. руб.
20 000 млн. руб.
25 000 млн. руб.
30 000 млн. руб.
Россети Московский регион: 22 423 389,33'

28-03-2025T11:39:58 - [TEST_STEP][PASSED] - println("b1: " + b1): null

28-03-2025T11:39:58 - [TEST_STEP][PASSED] - i = b1.indexOf("План"): null

28-03-2025T11:39:58 - [TEST_STEP][PASSED] - b1 = b1.substring(0, i): null

28-03-2025T11:39:58 - [TEST_STEP][PASSED] - println("b1: " + b1): null

28-03-2025T11:39:58 - [TEST_STEP][PASSED] - b2 = getText(findTestObject("Выручка по ДЗО/График2 Выполнение плановых показателей Выручка")): Text of object 'Object Repository/Выручка по ДЗО/График2 Выполнение плановых показателей Выручка' is: '1,4%1,4%
0,17%0,17%
0,29%0,29%
6,69%6,69%
4,92%4,92%
7,12%7,12%
13,62%13,62%
2,41%2,41%
4,32%4,32%
7,16%7,16%
0,65%0,65%
5,87%5,87%
6,62%6,62%
17,95%17,95%
7,55%7,55%
8,27%8,27%
4,34%4,34%
0,66%0,66%
АО "РЭС"
АО «Тываэнерго»
АО «Чеченэнерго»
Россети Волга
Россети Кубань
Россети Ленэнерго (ГК)
Россети Московский регион
Россети Северный Кавказ (ГК)
Россети Северо-Запад
Россети Сибирь (ГК)
Россети Томск
Россети Тюмень
Россети Урал (ГК)
Россети ФСК ЕЭС
Россети Центр
Россети Центр и Приволжье (ГК)
Россети Юг (ГК)
Россети Янтарь'

28-03-2025T11:39:58 - [MESSAGE][PASSED] - Text of object 'Object Repository/Выручка по ДЗО/График2 Выполнение плановых показателей Выручка' is: '1,4%1,4%
0,17%0,17%
0,29%0,29%
6,69%6,69%
4,92%4,92%
7,12%7,12%
13,62%13,62%
2,41%2,41%
4,32%4,32%
7,16%7,16%
0,65%0,65%
5,87%5,87%
6,62%6,62%
17,95%17,95%
7,55%7,55%
8,27%8,27%
4,34%4,34%
0,66%0,66%
АО "РЭС"
АО «Тываэнерго»
АО «Чеченэнерго»
Россети Волга
Россети Кубань
Россети Ленэнерго (ГК)
Россети Московский регион
Россети Северный Кавказ (ГК)
Россети Северо-Запад
Россети Сибирь (ГК)
Россети Томск
Россети Тюмень
Россети Урал (ГК)
Россети ФСК ЕЭС
Россети Центр
Россети Центр и Приволжье (ГК)
Россети Юг (ГК)
Россети Янтарь'

28-03-2025T11:39:58 - [TEST_STEP][PASSED] - i = b2.indexOf("АО «Тываэнерго»"): null

28-03-2025T11:39:58 - [TEST_STEP][PASSED] - b2 = b2.substring(0, i): null

28-03-2025T11:39:58 - [TEST_STEP][PASSED] - println(b2): null

28-03-2025T11:39:58 - [TEST_STEP][PASSED] - verifyEqual(a1, b1): Actual object '2 275 2 275
251 251
545 545
10 863 10 863
7 813 7 813
11 645 11 645
22 423 22 423
4 405 4 405
7 066 7 066
10 948 10 948
1 091 1 091
10 368 10 368
10 920 10 920
28 393 28 393
12 599 12 599
13 668 13 668
7 039 7 039
1 064 1 064
2 202 2 202
274 274
463 463
10 568 10 568
7 759 7 759
11 241 11 241
21 497 21 497
3 799 3 799
6 815 6 815
11 296 11 296
1 034 1 034
9 265 9 265
10 446 10 446
28 334 28 334
11 924 11 924
13 055 13 055
6 848 6 848
1 045 1 045
' and expected object '2 275 2 275
251 251
545 545
10 863 10 863
7 813 7 813
11 645 11 645
22 423 22 423
4 405 4 405
7 066 7 066
10 948 10 948
1 091 1 091
10 368 10 368
10 920 10 920
28 393 28 393
12 599 12 599
13 668 13 668
7 039 7 039
1 064 1 064
2 202 2 202
274 274
463 463
10 568 10 568
7 759 7 759
11 241 11 241
21 497 21 497
3 799 3 799
6 815 6 815
11 296 11 296
1 034 1 034
9 265 9 265
10 446 10 446
28 334 28 334
11 924 11 924
13 055 13 055
6 848 6 848
1 045 1 045
' are equal

28-03-2025T11:39:58 - [MESSAGE][PASSED] - Actual object '2 275 2 275
251 251
545 545
10 863 10 863
7 813 7 813
11 645 11 645
22 423 22 423
4 405 4 405
7 066 7 066
10 948 10 948
1 091 1 091
10 368 10 368
10 920 10 920
28 393 28 393
12 599 12 599
13 668 13 668
7 039 7 039
1 064 1 064
2 202 2 202
274 274
463 463
10 568 10 568
7 759 7 759
11 241 11 241
21 497 21 497
3 799 3 799
6 815 6 815
11 296 11 296
1 034 1 034
9 265 9 265
10 446 10 446
28 334 28 334
11 924 11 924
13 055 13 055
6 848 6 848
1 045 1 045
' and expected object '2 275 2 275
251 251
545 545
10 863 10 863
7 813 7 813
11 645 11 645
22 423 22 423
4 405 4 405
7 066 7 066
10 948 10 948
1 091 1 091
10 368 10 368
10 920 10 920
28 393 28 393
12 599 12 599
13 668 13 668
7 039 7 039
1 064 1 064
2 202 2 202
274 274
463 463
10 568 10 568
7 759 7 759
11 241 11 241
21 497 21 497
3 799 3 799
6 815 6 815
11 296 11 296
1 034 1 034
9 265 9 265
10 446 10 446
28 334 28 334
11 924 11 924
13 055 13 055
6 848 6 848
1 045 1 045
' are equal

28-03-2025T11:39:58 - [TEST_STEP][PASSED] - if (verifyEqual(a1, b1) == true): Actual object '2 275 2 275
251 251
545 545
10 863 10 863
7 813 7 813
11 645 11 645
22 423 22 423
4 405 4 405
7 066 7 066
10 948 10 948
1 091 1 091
10 368 10 368
10 920 10 920
28 393 28 393
12 599 12 599
13 668 13 668
7 039 7 039
1 064 1 064
2 202 2 202
274 274
463 463
10 568 10 568
7 759 7 759
11 241 11 241
21 497 21 497
3 799 3 799
6 815 6 815
11 296 11 296
1 034 1 034
9 265 9 265
10 446 10 446
28 334 28 334
11 924 11 924
13 055 13 055
6 848 6 848
1 045 1 045
' and expected object '2 275 2 275
251 251
545 545
10 863 10 863
7 813 7 813
11 645 11 645
22 423 22 423
4 405 4 405
7 066 7 066
10 948 10 948
1 091 1 091
10 368 10 368
10 920 10 920
28 393 28 393
12 599 12 599
13 668 13 668
7 039 7 039
1 064 1 064
2 202 2 202
274 274
463 463
10 568 10 568
7 759 7 759
11 241 11 241
21 497 21 497
3 799 3 799
6 815 6 815
11 296 11 296
1 034 1 034
9 265 9 265
10 446 10 446
28 334 28 334
11 924 11 924
13 055 13 055
6 848 6 848
1 045 1 045
' are equal

28-03-2025T11:39:58 - [MESSAGE][PASSED] - Actual object '2 275 2 275
251 251
545 545
10 863 10 863
7 813 7 813
11 645 11 645
22 423 22 423
4 405 4 405
7 066 7 066
10 948 10 948
1 091 1 091
10 368 10 368
10 920 10 920
28 393 28 393
12 599 12 599
13 668 13 668
7 039 7 039
1 064 1 064
2 202 2 202
274 274
463 463
10 568 10 568
7 759 7 759
11 241 11 241
21 497 21 497
3 799 3 799
6 815 6 815
11 296 11 296
1 034 1 034
9 265 9 265
10 446 10 446
28 334 28 334
11 924 11 924
13 055 13 055
6 848 6 848
1 045 1 045
' and expected object '2 275 2 275
251 251
545 545
10 863 10 863
7 813 7 813
11 645 11 645
22 423 22 423
4 405 4 405
7 066 7 066
10 948 10 948
1 091 1 091
10 368 10 368
10 920 10 920
28 393 28 393
12 599 12 599
13 668 13 668
7 039 7 039
1 064 1 064
2 202 2 202
274 274
463 463
10 568 10 568
7 759 7 759
11 241 11 241
21 497 21 497
3 799 3 799
6 815 6 815
11 296 11 296
1 034 1 034
9 265 9 265
10 446 10 446
28 334 28 334
11 924 11 924
13 055 13 055
6 848 6 848
1 045 1 045
' are equal

28-03-2025T11:39:58 - [TEST_STEP][PASSED] - verifyEqual(a2, b2): Actual object '1,4%1,4%
0,17%0,17%
0,29%0,29%
6,69%6,69%
4,92%4,92%
7,12%7,12%
13,62%13,62%
2,41%2,41%
4,32%4,32%
7,16%7,16%
0,65%0,65%
5,87%5,87%
6,62%6,62%
17,95%17,95%
7,55%7,55%
8,27%8,27%
4,34%4,34%
0,66%0,66%
АО "РЭС"
' and expected object '1,4%1,4%
0,17%0,17%
0,29%0,29%
6,69%6,69%
4,92%4,92%
7,12%7,12%
13,62%13,62%
2,41%2,41%
4,32%4,32%
7,16%7,16%
0,65%0,65%
5,87%5,87%
6,62%6,62%
17,95%17,95%
7,55%7,55%
8,27%8,27%
4,34%4,34%
0,66%0,66%
АО "РЭС"
' are equal

28-03-2025T11:39:58 - [MESSAGE][PASSED] - Actual object '1,4%1,4%
0,17%0,17%
0,29%0,29%
6,69%6,69%
4,92%4,92%
7,12%7,12%
13,62%13,62%
2,41%2,41%
4,32%4,32%
7,16%7,16%
0,65%0,65%
5,87%5,87%
6,62%6,62%
17,95%17,95%
7,55%7,55%
8,27%8,27%
4,34%4,34%
0,66%0,66%
АО "РЭС"
' and expected object '1,4%1,4%
0,17%0,17%
0,29%0,29%
6,69%6,69%
4,92%4,92%
7,12%7,12%
13,62%13,62%
2,41%2,41%
4,32%4,32%
7,16%7,16%
0,65%0,65%
5,87%5,87%
6,62%6,62%
17,95%17,95%
7,55%7,55%
8,27%8,27%
4,34%4,34%
0,66%0,66%
АО "РЭС"
' are equal

28-03-2025T11:39:58 - [TEST_STEP][PASSED] - if (verifyEqual(a2, b2) == true): Actual object '1,4%1,4%
0,17%0,17%
0,29%0,29%
6,69%6,69%
4,92%4,92%
7,12%7,12%
13,62%13,62%
2,41%2,41%
4,32%4,32%
7,16%7,16%
0,65%0,65%
5,87%5,87%
6,62%6,62%
17,95%17,95%
7,55%7,55%
8,27%8,27%
4,34%4,34%
0,66%0,66%
АО "РЭС"
' and expected object '1,4%1,4%
0,17%0,17%
0,29%0,29%
6,69%6,69%
4,92%4,92%
7,12%7,12%
13,62%13,62%
2,41%2,41%
4,32%4,32%
7,16%7,16%
0,65%0,65%
5,87%5,87%
6,62%6,62%
17,95%17,95%
7,55%7,55%
8,27%8,27%
4,34%4,34%
0,66%0,66%
АО "РЭС"
' are equal

28-03-2025T11:39:58 - [MESSAGE][PASSED] - Actual object '1,4%1,4%
0,17%0,17%
0,29%0,29%
6,69%6,69%
4,92%4,92%
7,12%7,12%
13,62%13,62%
2,41%2,41%
4,32%4,32%
7,16%7,16%
0,65%0,65%
5,87%5,87%
6,62%6,62%
17,95%17,95%
7,55%7,55%
8,27%8,27%
4,34%4,34%
0,66%0,66%
АО "РЭС"
' and expected object '1,4%1,4%
0,17%0,17%
0,29%0,29%
6,69%6,69%
4,92%4,92%
7,12%7,12%
13,62%13,62%
2,41%2,41%
4,32%4,32%
7,16%7,16%
0,65%0,65%
5,87%5,87%
6,62%6,62%
17,95%17,95%
7,55%7,55%
8,27%8,27%
4,34%4,34%
0,66%0,66%
АО "РЭС"
' are equal

28-03-2025T11:39:58 - [TEST_STEP][PASSED] - closeBrowser(): Browser is closed

28-03-2025T11:39:58 - [MESSAGE][PASSED] - Browser is closed]]></system-out>
         <system-err><![CDATA[]]></system-err>
      </testcase>
      <testcase name="Test Cases/Сверки дашбордов/Прогноз по отраслям сверка дашбордов" time="1150.291" classname="Test Cases/Сверки дашбордов/Прогноз по отраслям сверка дашбордов" status="PASSED">
         <system-out><![CDATA[28-03-2025T11:39:58 - [TEST_CASE][PASSED] - Test Cases/Сверки дашбордов/Прогноз по отраслям сверка дашбордов: Test Cases/Сверки дашбордов/Прогноз по отраслям сверка дашбордов

28-03-2025T11:39:58 - [TEST_STEP][PASSED] - date = new java.util.Date(): null

28-03-2025T11:39:58 - [TEST_STEP][PASSED] - todaysDate = date.format("dd.MM.yyyy"): null

28-03-2025T11:39:58 - [TEST_STEP][PASSED] - println(todaysDate): null

28-03-2025T11:39:58 - [TEST_STEP][PASSED] - typeOfData = <not implemented yet for class: org.codehaus.groovy.ast.expr.EmptyExpression>: null

28-03-2025T11:39:58 - [TEST_STEP][PASSED] - filterSravnenie = <not implemented yet for class: org.codehaus.groovy.ast.expr.EmptyExpression>: null

28-03-2025T11:39:58 - [TEST_STEP][PASSED] - kpoOtpusk = <not implemented yet for class: org.codehaus.groovy.ast.expr.EmptyExpression>: null

28-03-2025T11:39:58 - [TEST_STEP][PASSED] - openBrowser(""): Browser is opened with url: ''

28-03-2025T11:39:58 - [MESSAGE][INFO] - Starting 'Chrome' driver

28-03-2025T11:39:58 - [MESSAGE][INFO] - Action delay is set to 0 milliseconds

28-03-2025T11:39:59 - [MESSAGE][PASSED] - Browser is opened with url: ''

28-03-2025T11:39:59 - [TEST_STEP][PASSED] - navigateToUrl(findTestData("PlanFact").getValue(10, 6)): Navigate to 'https://bi.rosseti.digital/viewer?dashboardGuid=d6acb5b1a7114a9791b34de39263106e&sheetGuid=0b6d261d7f7b4424a967aa8f3a724189&fit=true' successfully

28-03-2025T11:40:03 - [MESSAGE][PASSED] - Navigate to 'https://bi.rosseti.digital/viewer?dashboardGuid=d6acb5b1a7114a9791b34de39263106e&sheetGuid=0b6d261d7f7b4424a967aa8f3a724189&fit=true' successfully

28-03-2025T11:40:03 - [TEST_STEP][PASSED] - setText(findTestObject("Страница авторизации/input__username"), findTestData("PlanFact").getValue(8, 1)): Text 'liazgina-di' is set on object 'Object Repository/Страница авторизации/input__username'

28-03-2025T11:40:05 - [MESSAGE][PASSED] - Text 'liazgina-di' is set on object 'Object Repository/Страница авторизации/input__username'

28-03-2025T11:40:05 - [TEST_STEP][PASSED] - setText(findTestObject("Страница авторизации/input__password"), findTestData("PlanFact").getValue(9, 1)): Text ')$%5srZ8o688Dm#q' is set on object 'Object Repository/Страница авторизации/input__password'

28-03-2025T11:40:06 - [MESSAGE][PASSED] - Text ')$%5srZ8o688Dm#q' is set on object 'Object Repository/Страница авторизации/input__password'

28-03-2025T11:40:06 - [TEST_STEP][PASSED] - click(findTestObject("Страница авторизации/button_")): Object: 'Object Repository/Страница авторизации/button_' is clicked on

28-03-2025T11:40:10 - [MESSAGE][PASSED] - Object: 'Object Repository/Страница авторизации/button_' is clicked on

28-03-2025T11:40:10 - [TEST_STEP][PASSED] - delay(50): Delayed 50 second(s)

28-03-2025T11:41:00 - [MESSAGE][PASSED] - Delayed 50 second(s)

28-03-2025T11:41:00 - [TEST_STEP][PASSED] - click(findTestObject("Прогноз по отраслям/Фильтр Месяц")): Object: 'Object Repository/Прогноз по отраслям/Фильтр Месяц' is clicked on

28-03-2025T11:41:01 - [MESSAGE][PASSED] - Object: 'Object Repository/Прогноз по отраслям/Фильтр Месяц' is clicked on

28-03-2025T11:41:01 - [TEST_STEP][PASSED] - scrollToElement(findTestObject("Прогноз по отраслям/Ноябрь"), 30): Scroll to object 'Object Repository/Прогноз по отраслям/Ноябрь' successfully

28-03-2025T11:41:01 - [MESSAGE][PASSED] - Scroll to object 'Object Repository/Прогноз по отраслям/Ноябрь' successfully

28-03-2025T11:41:01 - [TEST_STEP][PASSED] - click(findTestObject("Прогноз по отраслям/Ноябрь"), CONTINUE_ON_FAILURE): Object: 'Object Repository/Прогноз по отраслям/Ноябрь' is clicked on

28-03-2025T11:41:02 - [MESSAGE][PASSED] - Object: 'Object Repository/Прогноз по отраслям/Ноябрь' is clicked on

28-03-2025T11:41:02 - [TEST_STEP][PASSED] - scrollToElement(findTestObject("Прогноз по отраслям/Заголовок дашборда"), 30): Scroll to object 'Object Repository/Прогноз по отраслям/Заголовок дашборда' successfully

28-03-2025T11:41:04 - [MESSAGE][PASSED] - Scroll to object 'Object Repository/Прогноз по отраслям/Заголовок дашборда' successfully

28-03-2025T11:41:04 - [TEST_STEP][PASSED] - click(findTestObject("Прогноз по отраслям/Фильтр Сравнение с")): Object: 'Object Repository/Прогноз по отраслям/Фильтр Сравнение с' is clicked on

28-03-2025T11:41:04 - [MESSAGE][PASSED] - Object: 'Object Repository/Прогноз по отраслям/Фильтр Сравнение с' is clicked on

28-03-2025T11:41:04 - [TEST_STEP][PASSED] - click(findTestObject("Прогноз по отраслям/Факт прошлого года")): Object: 'Object Repository/Прогноз по отраслям/Факт прошлого года' is clicked on

28-03-2025T11:41:05 - [MESSAGE][PASSED] - Object: 'Object Repository/Прогноз по отраслям/Факт прошлого года' is clicked on

28-03-2025T11:41:05 - [TEST_STEP][PASSED] - click(findTestObject("Прогноз по отраслям/Фильтр КПО-Отпуск")): Object: 'Object Repository/Прогноз по отраслям/Фильтр КПО-Отпуск' is clicked on

28-03-2025T11:41:06 - [MESSAGE][PASSED] - Object: 'Object Repository/Прогноз по отраслям/Фильтр КПО-Отпуск' is clicked on

28-03-2025T11:41:06 - [TEST_STEP][PASSED] - click(findTestObject("Прогноз по отраслям/Отпуск")): Object: 'Object Repository/Прогноз по отраслям/Отпуск' is clicked on

28-03-2025T11:41:07 - [MESSAGE][PASSED] - Object: 'Object Repository/Прогноз по отраслям/Отпуск' is clicked on

28-03-2025T11:41:07 - [TEST_STEP][PASSED] - delay(40): Delayed 40 second(s)

28-03-2025T11:41:47 - [MESSAGE][PASSED] - Delayed 40 second(s)

28-03-2025T11:41:47 - [TEST_STEP][PASSED] - a1 = getText(findTestObject("Прогноз по отраслям/Виджеты дашборда")): Text of object 'Object Repository/Прогноз по отраслям/Виджеты дашборда' is: 'Год 
2023 год
Сравнение с 
Факт прошлого года
Динамика электропотребления, млрд. кВт.ч. по ПАО Россети на 2023 год
12 12
186 186
36 36
50 50
10 10
19 19
0 0
17 17
85 85
19 19
82 82
604 604
10 10
197 197
37 37
48 48
10 10
15 15
4 4
18 18
80 80
19 19
82 82
608 608
Факт прошлого года
Ожидаемое (прогноз по конца года)
Интер РАО (дляФСК)
Промышленныепотребители
Транспорт
Нефтедобыча
Нефтепереработка
Нефтепроводы
Газопроводы
Сельскоехозяйство ипищеваяпромышленность
Непромышленныепотребители
Государственные(муниципальные)организации ипрочиебюджетныепотребители
Население иприравненныегруппыпотребителей
Территориальныесетевыеорганизации
Выручка по ПАО Россети на 2023 год
5 5
285 285
72 72
72 72
18 18
22 22
0 0
50 50
201 201
61 61
190 190
227 227
6 6
331 331
82 82
77 77
20 20
20 20
3 3
57 57
220 220
68 68
214 214
258 258
Факт прошлого года
Ожидаемое (прогноз по конца года)
Интер РАО (дляФСК)
Промышленныепотребители
Транспорт
Нефтедобыча
Нефтепереработка
Нефтепроводы
Газопроводы
Сельскоехозяйство ипищеваяпромышленность
Непромышленныепотребители
Государственные(муниципальные)организации ипрочиебюджетныепотребители
Население иприравненныегруппыпотребителей
Территориальныесетевыеорганизации
Отклонения по ПАО Россети на 2023 год
-18.5% -18.5%
5.9% 5.9%
3.6% 3.6%
-3.9% -3.9%
0.9% 0.9%
-20.7% -20.7%
3 313.2% 3 313.2%
3.8% 3.8%
-5.6% -5.6%
1.3% 1.3%
-0.9% -0.9%
0.7% 0.7%
⬤ Отклонение, %
Интер РАО (для ФСК)
Промышленные потребители
Транспорт
Нефтедобыча
Нефтепереработка
Нефтепроводы
Газопроводы
Сельское хозяйство и пищевая пр…
Непромышленные потребители
Государственные (муниципальные…
Население и приравненные групп…
Территориальные сетевые органи…
Выручка отклонения по ПАО Россети на 2023 год
7.7% 7.7%
16.0% 16.0%
13.2% 13.2%
6.7% 6.7%
13.3% 13.3%
-7.7% -7.7%
1 331.5% 1 331.5%
14.2% 14.2%
9.9% 9.9%
12.0% 12.0%
12.4% 12.4%
13.7% 13.7%
⬤ Отклонение, %
Интер РАО (для ФСК)
Промышленные потребители
Транспорт
Нефтедобыча
Нефтепереработка
Нефтепроводы
Газопроводы
Сельское хозяйство и пищевая пр…
Непромышленные потребители
Государственные (муниципальные…
Население и приравненные групп…
Территориальные сетевые органи…
абс.
%
Прогноз на месяц 
Ноябрь
КПО/Отпуск из сети 
Отпуск из сети, млн. кВт.ч
Организация 
Все
Прогноз электропотребления и выручки за услуги по передаче в разрезе отраслей'

28-03-2025T11:41:47 - [MESSAGE][PASSED] - Text of object 'Object Repository/Прогноз по отраслям/Виджеты дашборда' is: 'Год 
2023 год
Сравнение с 
Факт прошлого года
Динамика электропотребления, млрд. кВт.ч. по ПАО Россети на 2023 год
12 12
186 186
36 36
50 50
10 10
19 19
0 0
17 17
85 85
19 19
82 82
604 604
10 10
197 197
37 37
48 48
10 10
15 15
4 4
18 18
80 80
19 19
82 82
608 608
Факт прошлого года
Ожидаемое (прогноз по конца года)
Интер РАО (дляФСК)
Промышленныепотребители
Транспорт
Нефтедобыча
Нефтепереработка
Нефтепроводы
Газопроводы
Сельскоехозяйство ипищеваяпромышленность
Непромышленныепотребители
Государственные(муниципальные)организации ипрочиебюджетныепотребители
Население иприравненныегруппыпотребителей
Территориальныесетевыеорганизации
Выручка по ПАО Россети на 2023 год
5 5
285 285
72 72
72 72
18 18
22 22
0 0
50 50
201 201
61 61
190 190
227 227
6 6
331 331
82 82
77 77
20 20
20 20
3 3
57 57
220 220
68 68
214 214
258 258
Факт прошлого года
Ожидаемое (прогноз по конца года)
Интер РАО (дляФСК)
Промышленныепотребители
Транспорт
Нефтедобыча
Нефтепереработка
Нефтепроводы
Газопроводы
Сельскоехозяйство ипищеваяпромышленность
Непромышленныепотребители
Государственные(муниципальные)организации ипрочиебюджетныепотребители
Население иприравненныегруппыпотребителей
Территориальныесетевыеорганизации
Отклонения по ПАО Россети на 2023 год
-18.5% -18.5%
5.9% 5.9%
3.6% 3.6%
-3.9% -3.9%
0.9% 0.9%
-20.7% -20.7%
3 313.2% 3 313.2%
3.8% 3.8%
-5.6% -5.6%
1.3% 1.3%
-0.9% -0.9%
0.7% 0.7%
⬤ Отклонение, %
Интер РАО (для ФСК)
Промышленные потребители
Транспорт
Нефтедобыча
Нефтепереработка
Нефтепроводы
Газопроводы
Сельское хозяйство и пищевая пр…
Непромышленные потребители
Государственные (муниципальные…
Население и приравненные групп…
Территориальные сетевые органи…
Выручка отклонения по ПАО Россети на 2023 год
7.7% 7.7%
16.0% 16.0%
13.2% 13.2%
6.7% 6.7%
13.3% 13.3%
-7.7% -7.7%
1 331.5% 1 331.5%
14.2% 14.2%
9.9% 9.9%
12.0% 12.0%
12.4% 12.4%
13.7% 13.7%
⬤ Отклонение, %
Интер РАО (для ФСК)
Промышленные потребители
Транспорт
Нефтедобыча
Нефтепереработка
Нефтепроводы
Газопроводы
Сельское хозяйство и пищевая пр…
Непромышленные потребители
Государственные (муниципальные…
Население и приравненные групп…
Территориальные сетевые органи…
абс.
%
Прогноз на месяц 
Ноябрь
КПО/Отпуск из сети 
Отпуск из сети, млн. кВт.ч
Организация 
Все
Прогноз электропотребления и выручки за услуги по передаче в разрезе отраслей'

28-03-2025T11:41:47 - [TEST_STEP][PASSED] - a1 = a1.replaceAll("[^0-9]", ""): null

28-03-2025T11:41:47 - [TEST_STEP][PASSED] - println("a1:" + a1): null

28-03-2025T11:41:47 - [TEST_STEP][PASSED] - click(findTestObject("Прогноз по отраслям/Фильтр Сравнение с")): Object: 'Object Repository/Прогноз по отраслям/Фильтр Сравнение с' is clicked on

28-03-2025T11:41:47 - [MESSAGE][PASSED] - Object: 'Object Repository/Прогноз по отраслям/Фильтр Сравнение с' is clicked on

28-03-2025T11:41:47 - [TEST_STEP][PASSED] - click(findTestObject("Прогноз по отраслям/План")): Object: 'Object Repository/Прогноз по отраслям/План' is clicked on

28-03-2025T11:41:48 - [MESSAGE][PASSED] - Object: 'Object Repository/Прогноз по отраслям/План' is clicked on

28-03-2025T11:41:48 - [TEST_STEP][PASSED] - delay(40): Delayed 40 second(s)

28-03-2025T11:42:28 - [MESSAGE][PASSED] - Delayed 40 second(s)

28-03-2025T11:42:28 - [TEST_STEP][PASSED] - a2 = getText(findTestObject("Прогноз по отраслям/Виджеты дашборда")): Text of object 'Object Repository/Прогноз по отраслям/Виджеты дашборда' is: 'Год 
2023 год
Сравнение с 
План
Динамика электропотребления, млрд. кВт.ч. по ПАО Россети на 2023 год
10 10
190 190
36 36
14 14
9 9
14 14
4 4
17 17
80 80
19 19
82 82
588 588
10 10
197 197
37 37
48 48
10 10
15 15
4 4
18 18
80 80
19 19
82 82
608 608
План
Ожидаемое (прогноз по конца года)
Интер РАО (дляФСК)
Промышленныепотребители
Транспорт
Нефтедобыча
Нефтепереработка
Нефтепроводы
Газопроводы
Сельскоехозяйство ипищеваяпромышленность
Непромышленныепотребители
Государственные(муниципальные)организации ипрочиебюджетныепотребители
Население иприравненныегруппыпотребителей
Территориальныесетевыеорганизации
Выручка по ПАО Россети на 2023 год
5 5
319 319
81 81
16 16
16 16
20 20
2 2
56 56
215 215
67 67
218 218
239 239
6 6
331 331
82 82
77 77
20 20
20 20
3 3
57 57
220 220
68 68
214 214
258 258
План
Ожидаемое (прогноз по конца года)
Интер РАО (дляФСК)
Промышленныепотребители
Транспорт
Нефтедобыча
Нефтепереработка
Нефтепроводы
Газопроводы
Сельскоехозяйство ипищеваяпромышленность
Непромышленныепотребители
Государственные(муниципальные)организации ипрочиебюджетныепотребители
Население иприравненныегруппыпотребителей
Территориальныесетевыеорганизации
Отклонения по ПАО Россети на 2023 год
-4.7% -4.7%
3.8% 3.8%
1.9% 1.9%
230.3% 230.3%
10.9% 10.9%
4.2% 4.2%
21.7% 21.7%
3.9% 3.9%
-0.6% -0.6%
1.6% 1.6%
-1.0% -1.0%
3.3% 3.3%
⬤ Отклонение, %
Интер РАО (для ФСК)
Промышленные потребители
Транспорт
Нефтедобыча
Нефтепереработка
Нефтепроводы
Газопроводы
Сельское хозяйство и пищевая пр…
Непромышленные потребители
Государственные (муниципальные…
Население и приравненные групп…
Территориальные сетевые органи…
Выручка отклонения по ПАО Россети на 2023 год
15.6% 15.6%
3.8% 3.8%
1.2% 1.2%
398.2% 398.2%
26.9% 26.9%
-0.6% -0.6%
26.9% 26.9%
1.5% 1.5%
2.7% 2.7%
2.0% 2.0%
-2.0% -2.0%
7.9% 7.9%
⬤ Отклонение, %
Интер РАО (для ФСК)
Промышленные потребители
Транспорт
Нефтедобыча
Нефтепереработка
Нефтепроводы
Газопроводы
Сельское хозяйство и пищевая пр…
Непромышленные потребители
Государственные (муниципальные…
Население и приравненные групп…
Территориальные сетевые органи…
абс.
%
Прогноз на месяц 
Ноябрь
КПО/Отпуск из сети 
Отпуск из сети, млн. кВт.ч
Организация 
Все
Прогноз электропотребления и выручки за услуги по передаче в разрезе отраслей'

28-03-2025T11:42:29 - [MESSAGE][PASSED] - Text of object 'Object Repository/Прогноз по отраслям/Виджеты дашборда' is: 'Год 
2023 год
Сравнение с 
План
Динамика электропотребления, млрд. кВт.ч. по ПАО Россети на 2023 год
10 10
190 190
36 36
14 14
9 9
14 14
4 4
17 17
80 80
19 19
82 82
588 588
10 10
197 197
37 37
48 48
10 10
15 15
4 4
18 18
80 80
19 19
82 82
608 608
План
Ожидаемое (прогноз по конца года)
Интер РАО (дляФСК)
Промышленныепотребители
Транспорт
Нефтедобыча
Нефтепереработка
Нефтепроводы
Газопроводы
Сельскоехозяйство ипищеваяпромышленность
Непромышленныепотребители
Государственные(муниципальные)организации ипрочиебюджетныепотребители
Население иприравненныегруппыпотребителей
Территориальныесетевыеорганизации
Выручка по ПАО Россети на 2023 год
5 5
319 319
81 81
16 16
16 16
20 20
2 2
56 56
215 215
67 67
218 218
239 239
6 6
331 331
82 82
77 77
20 20
20 20
3 3
57 57
220 220
68 68
214 214
258 258
План
Ожидаемое (прогноз по конца года)
Интер РАО (дляФСК)
Промышленныепотребители
Транспорт
Нефтедобыча
Нефтепереработка
Нефтепроводы
Газопроводы
Сельскоехозяйство ипищеваяпромышленность
Непромышленныепотребители
Государственные(муниципальные)организации ипрочиебюджетныепотребители
Население иприравненныегруппыпотребителей
Территориальныесетевыеорганизации
Отклонения по ПАО Россети на 2023 год
-4.7% -4.7%
3.8% 3.8%
1.9% 1.9%
230.3% 230.3%
10.9% 10.9%
4.2% 4.2%
21.7% 21.7%
3.9% 3.9%
-0.6% -0.6%
1.6% 1.6%
-1.0% -1.0%
3.3% 3.3%
⬤ Отклонение, %
Интер РАО (для ФСК)
Промышленные потребители
Транспорт
Нефтедобыча
Нефтепереработка
Нефтепроводы
Газопроводы
Сельское хозяйство и пищевая пр…
Непромышленные потребители
Государственные (муниципальные…
Население и приравненные групп…
Территориальные сетевые органи…
Выручка отклонения по ПАО Россети на 2023 год
15.6% 15.6%
3.8% 3.8%
1.2% 1.2%
398.2% 398.2%
26.9% 26.9%
-0.6% -0.6%
26.9% 26.9%
1.5% 1.5%
2.7% 2.7%
2.0% 2.0%
-2.0% -2.0%
7.9% 7.9%
⬤ Отклонение, %
Интер РАО (для ФСК)
Промышленные потребители
Транспорт
Нефтедобыча
Нефтепереработка
Нефтепроводы
Газопроводы
Сельское хозяйство и пищевая пр…
Непромышленные потребители
Государственные (муниципальные…
Население и приравненные групп…
Территориальные сетевые органи…
абс.
%
Прогноз на месяц 
Ноябрь
КПО/Отпуск из сети 
Отпуск из сети, млн. кВт.ч
Организация 
Все
Прогноз электропотребления и выручки за услуги по передаче в разрезе отраслей'

28-03-2025T11:42:29 - [TEST_STEP][PASSED] - a2 = a2.replaceAll("[^0-9]", ""): null

28-03-2025T11:42:29 - [TEST_STEP][PASSED] - println("a2:" + a2): null

28-03-2025T11:42:29 - [TEST_STEP][PASSED] - click(findTestObject("Прогноз по отраслям/Фильтр Сравнение с")): Object: 'Object Repository/Прогноз по отраслям/Фильтр Сравнение с' is clicked on

28-03-2025T11:42:29 - [MESSAGE][PASSED] - Object: 'Object Repository/Прогноз по отраслям/Фильтр Сравнение с' is clicked on

28-03-2025T11:42:29 - [TEST_STEP][PASSED] - click(findTestObject("Прогноз по отраслям/План СУ")): Object: 'Object Repository/Прогноз по отраслям/План СУ' is clicked on

28-03-2025T11:42:30 - [MESSAGE][PASSED] - Object: 'Object Repository/Прогноз по отраслям/План СУ' is clicked on

28-03-2025T11:42:30 - [TEST_STEP][PASSED] - delay(40): Delayed 40 second(s)

28-03-2025T11:43:10 - [MESSAGE][PASSED] - Delayed 40 second(s)

28-03-2025T11:43:10 - [TEST_STEP][PASSED] - a3 = getText(findTestObject("Прогноз по отраслям/Виджеты дашборда")): Text of object 'Object Repository/Прогноз по отраслям/Виджеты дашборда' is: 'Год 
2023 год
Сравнение с 
План/СУ
Динамика электропотребления, млрд. кВт.ч. по ПАО Россети на 2023 год
10 10
181 181
36 36
15 15
9 9
14 14
4 4
16 16
86 86
19 19
79 79
586 586
10 10
197 197
37 37
48 48
10 10
15 15
4 4
18 18
80 80
19 19
82 82
608 608
СУ
Ожидаемое (прогноз по конца года)
Интер РАО (дляФСК)
Промышленныепотребители
Транспорт
Нефтедобыча
Нефтепереработка
Нефтепроводы
Газопроводы
Сельскоехозяйство ипищеваяпромышленность
Непромышленныепотребители
Государственные(муниципальные)организации ипрочиебюджетныепотребители
Население иприравненныегруппыпотребителей
Территориальныесетевыеорганизации
Выручка по ПАО Россети на 2023 год
6 6
331 331
82 82
77 77
20 20
20 20
3 3
57 57
220 220
68 68
214 214
258 258
Ожидаемое (прогноз по конца года)
Интер РАО (дляФСК)
Промышленныепотребители
Транспорт
Нефтедобыча
Нефтепереработка
Нефтепроводы
Газопроводы
Сельскоехозяйство ипищеваяпромышленность
Непромышленныепотребители
Государственные(муниципальные)организации ипрочиебюджетныепотребители
Население иприравненныегруппыпотребителей
Территориальныесетевыеорганизации
Отклонения по ПАО Россети на 2023 год
2.5% 2.5%
8.9% 8.9%
3.5% 3.5%
221.4% 221.4%
12.8% 12.8%
6.9% 6.9%
13.5% 13.5%
8.1% 8.1%
-6.9% -6.9%
2.3% 2.3%
3.1% 3.1%
3.8% 3.8%
⬤ Отклонение, %
Интер РАО (для ФСК)
Промышленные потребители
Транспорт
Нефтедобыча
Нефтепереработка
Нефтепроводы
Газопроводы
Сельское хозяйство и пищевая пр…
Непромышленные потребители
Государственные (муниципальные…
Население и приравненные групп…
Территориальные сетевые органи…
Выручка отклонения по ПАО Россети на 2023 год
⬤ Отклонение, %
Интер РАО (для ФСК)
Промышленные потребители
Транспорт
Нефтедобыча
Нефтепереработка
Нефтепроводы
Газопроводы
Сельское хозяйство и пищевая пр…
Непромышленные потребители
Государственные (муниципальные…
Население и приравненные групп…
Территориальные сетевые органи…
абс.
%
Прогноз на месяц 
Ноябрь
КПО/Отпуск из сети 
Отпуск из сети, млн. кВт.ч
Организация 
Все
Прогноз электропотребления и выручки за услуги по передаче в разрезе отраслей'

28-03-2025T11:43:11 - [MESSAGE][PASSED] - Text of object 'Object Repository/Прогноз по отраслям/Виджеты дашборда' is: 'Год 
2023 год
Сравнение с 
План/СУ
Динамика электропотребления, млрд. кВт.ч. по ПАО Россети на 2023 год
10 10
181 181
36 36
15 15
9 9
14 14
4 4
16 16
86 86
19 19
79 79
586 586
10 10
197 197
37 37
48 48
10 10
15 15
4 4
18 18
80 80
19 19
82 82
608 608
СУ
Ожидаемое (прогноз по конца года)
Интер РАО (дляФСК)
Промышленныепотребители
Транспорт
Нефтедобыча
Нефтепереработка
Нефтепроводы
Газопроводы
Сельскоехозяйство ипищеваяпромышленность
Непромышленныепотребители
Государственные(муниципальные)организации ипрочиебюджетныепотребители
Население иприравненныегруппыпотребителей
Территориальныесетевыеорганизации
Выручка по ПАО Россети на 2023 год
6 6
331 331
82 82
77 77
20 20
20 20
3 3
57 57
220 220
68 68
214 214
258 258
Ожидаемое (прогноз по конца года)
Интер РАО (дляФСК)
Промышленныепотребители
Транспорт
Нефтедобыча
Нефтепереработка
Нефтепроводы
Газопроводы
Сельскоехозяйство ипищеваяпромышленность
Непромышленныепотребители
Государственные(муниципальные)организации ипрочиебюджетныепотребители
Население иприравненныегруппыпотребителей
Территориальныесетевыеорганизации
Отклонения по ПАО Россети на 2023 год
2.5% 2.5%
8.9% 8.9%
3.5% 3.5%
221.4% 221.4%
12.8% 12.8%
6.9% 6.9%
13.5% 13.5%
8.1% 8.1%
-6.9% -6.9%
2.3% 2.3%
3.1% 3.1%
3.8% 3.8%
⬤ Отклонение, %
Интер РАО (для ФСК)
Промышленные потребители
Транспорт
Нефтедобыча
Нефтепереработка
Нефтепроводы
Газопроводы
Сельское хозяйство и пищевая пр…
Непромышленные потребители
Государственные (муниципальные…
Население и приравненные групп…
Территориальные сетевые органи…
Выручка отклонения по ПАО Россети на 2023 год
⬤ Отклонение, %
Интер РАО (для ФСК)
Промышленные потребители
Транспорт
Нефтедобыча
Нефтепереработка
Нефтепроводы
Газопроводы
Сельское хозяйство и пищевая пр…
Непромышленные потребители
Государственные (муниципальные…
Население и приравненные групп…
Территориальные сетевые органи…
абс.
%
Прогноз на месяц 
Ноябрь
КПО/Отпуск из сети 
Отпуск из сети, млн. кВт.ч
Организация 
Все
Прогноз электропотребления и выручки за услуги по передаче в разрезе отраслей'

28-03-2025T11:43:11 - [TEST_STEP][PASSED] - a3 = a3.replaceAll("[^0-9]", ""): null

28-03-2025T11:43:11 - [TEST_STEP][PASSED] - println("a3:" + a3): null

28-03-2025T11:43:11 - [TEST_STEP][PASSED] - click(findTestObject("Прогноз по отраслям/Фильтр Сравнение с")): Object: 'Object Repository/Прогноз по отраслям/Фильтр Сравнение с' is clicked on

28-03-2025T11:43:11 - [MESSAGE][PASSED] - Object: 'Object Repository/Прогноз по отраслям/Фильтр Сравнение с' is clicked on

28-03-2025T11:43:11 - [TEST_STEP][PASSED] - click(findTestObject("Прогноз по отраслям/Факт прошлого года")): Object: 'Object Repository/Прогноз по отраслям/Факт прошлого года' is clicked on

28-03-2025T11:43:12 - [MESSAGE][PASSED] - Object: 'Object Repository/Прогноз по отраслям/Факт прошлого года' is clicked on

28-03-2025T11:43:12 - [TEST_STEP][PASSED] - click(findTestObject("Прогноз по отраслям/Фильтр КПО-Отпуск")): Object: 'Object Repository/Прогноз по отраслям/Фильтр КПО-Отпуск' is clicked on

28-03-2025T11:43:14 - [MESSAGE][PASSED] - Object: 'Object Repository/Прогноз по отраслям/Фильтр КПО-Отпуск' is clicked on

28-03-2025T11:43:14 - [TEST_STEP][PASSED] - click(findTestObject("Прогноз по отраслям/КПО")): Object: 'Object Repository/Прогноз по отраслям/КПО' is clicked on

28-03-2025T11:43:14 - [MESSAGE][PASSED] - Object: 'Object Repository/Прогноз по отраслям/КПО' is clicked on

28-03-2025T11:43:14 - [TEST_STEP][PASSED] - delay(40): Delayed 40 second(s)

28-03-2025T11:43:54 - [MESSAGE][PASSED] - Delayed 40 second(s)

28-03-2025T11:43:54 - [TEST_STEP][PASSED] - a4 = getText(findTestObject("Прогноз по отраслям/Виджеты дашборда")): Text of object 'Object Repository/Прогноз по отраслям/Виджеты дашборда' is: 'Год 
2023 год
Сравнение с 
Факт прошлого года
Динамика электропотребления, млрд. кВт.ч. по ПАО Россети на 2023 год
0 0
120 120
38 38
41 41
8 8
10 10
0 0
19 19
77 77
25 25
122 122
61 61
0 0
120 120
39 39
39 39
8 8
8 8
1 1
20 20
78 78
26 26
121 121
60 60
Факт прошлого года
Ожидаемое (прогноз по конца года)
Интер РАО (дляФСК)
Промышленныепотребители
Транспорт
Нефтедобыча
Нефтепереработка
Нефтепроводы
Газопроводы
Сельскоехозяйство ипищеваяпромышленность
Непромышленныепотребители
Государственные(муниципальные)организации ипрочиебюджетныепотребители
Население иприравненныегруппыпотребителей
Территориальныесетевыеорганизации
Выручка по ПАО Россети на 2023 год
5 5
285 285
72 72
72 72
18 18
22 22
0 0
50 50
201 201
61 61
190 190
227 227
6 6
331 331
82 82
77 77
20 20
20 20
3 3
57 57
220 220
68 68
214 214
258 258
Факт прошлого года
Ожидаемое (прогноз по конца года)
Интер РАО (дляФСК)
Промышленныепотребители
Транспорт
Нефтедобыча
Нефтепереработка
Нефтепроводы
Газопроводы
Сельскоехозяйство ипищеваяпромышленность
Непромышленныепотребители
Государственные(муниципальные)организации ипрочиебюджетныепотребители
Население иприравненныегруппыпотребителей
Территориальныесетевыеорганизации
Отклонения по ПАО Россети на 2023 год
0.5% 0.5%
0.9% 0.9%
-5.9% -5.9%
3.1% 3.1%
-17.9% -17.9%
578.4% 578.4%
2.3% 2.3%
1.8% 1.8%
2.1% 2.1%
-0.9% -0.9%
-0.2% -0.2%
⬤ Отклонение, %
Интер РАО (для ФСК)
Промышленные потребители
Транспорт
Нефтедобыча
Нефтепереработка
Нефтепроводы
Газопроводы
Сельское хозяйство и пищевая пр…
Непромышленные потребители
Государственные (муниципальные…
Население и приравненные групп…
Территориальные сетевые органи…
Выручка отклонения по ПАО Россети на 2023 год
7.7% 7.7%
16.0% 16.0%
13.2% 13.2%
6.7% 6.7%
13.3% 13.3%
-7.7% -7.7%
1 331.5% 1 331.5%
14.2% 14.2%
9.9% 9.9%
12.0% 12.0%
12.4% 12.4%
13.7% 13.7%
⬤ Отклонение, %
Интер РАО (для ФСК)
Промышленные потребители
Транспорт
Нефтедобыча
Нефтепереработка
Нефтепроводы
Газопроводы
Сельское хозяйство и пищевая пр…
Непромышленные потребители
Государственные (муниципальные…
Население и приравненные групп…
Территориальные сетевые органи…
абс.
%
Прогноз на месяц 
Ноябрь
КПО/Отпуск из сети 
Котловой полезный отпуск, млн. кВт.ч
Организация 
Все
Прогноз электропотребления и выручки за услуги по передаче в разрезе отраслей'

28-03-2025T11:43:55 - [MESSAGE][PASSED] - Text of object 'Object Repository/Прогноз по отраслям/Виджеты дашборда' is: 'Год 
2023 год
Сравнение с 
Факт прошлого года
Динамика электропотребления, млрд. кВт.ч. по ПАО Россети на 2023 год
0 0
120 120
38 38
41 41
8 8
10 10
0 0
19 19
77 77
25 25
122 122
61 61
0 0
120 120
39 39
39 39
8 8
8 8
1 1
20 20
78 78
26 26
121 121
60 60
Факт прошлого года
Ожидаемое (прогноз по конца года)
Интер РАО (дляФСК)
Промышленныепотребители
Транспорт
Нефтедобыча
Нефтепереработка
Нефтепроводы
Газопроводы
Сельскоехозяйство ипищеваяпромышленность
Непромышленныепотребители
Государственные(муниципальные)организации ипрочиебюджетныепотребители
Население иприравненныегруппыпотребителей
Территориальныесетевыеорганизации
Выручка по ПАО Россети на 2023 год
5 5
285 285
72 72
72 72
18 18
22 22
0 0
50 50
201 201
61 61
190 190
227 227
6 6
331 331
82 82
77 77
20 20
20 20
3 3
57 57
220 220
68 68
214 214
258 258
Факт прошлого года
Ожидаемое (прогноз по конца года)
Интер РАО (дляФСК)
Промышленныепотребители
Транспорт
Нефтедобыча
Нефтепереработка
Нефтепроводы
Газопроводы
Сельскоехозяйство ипищеваяпромышленность
Непромышленныепотребители
Государственные(муниципальные)организации ипрочиебюджетныепотребители
Население иприравненныегруппыпотребителей
Территориальныесетевыеорганизации
Отклонения по ПАО Россети на 2023 год
0.5% 0.5%
0.9% 0.9%
-5.9% -5.9%
3.1% 3.1%
-17.9% -17.9%
578.4% 578.4%
2.3% 2.3%
1.8% 1.8%
2.1% 2.1%
-0.9% -0.9%
-0.2% -0.2%
⬤ Отклонение, %
Интер РАО (для ФСК)
Промышленные потребители
Транспорт
Нефтедобыча
Нефтепереработка
Нефтепроводы
Газопроводы
Сельское хозяйство и пищевая пр…
Непромышленные потребители
Государственные (муниципальные…
Население и приравненные групп…
Территориальные сетевые органи…
Выручка отклонения по ПАО Россети на 2023 год
7.7% 7.7%
16.0% 16.0%
13.2% 13.2%
6.7% 6.7%
13.3% 13.3%
-7.7% -7.7%
1 331.5% 1 331.5%
14.2% 14.2%
9.9% 9.9%
12.0% 12.0%
12.4% 12.4%
13.7% 13.7%
⬤ Отклонение, %
Интер РАО (для ФСК)
Промышленные потребители
Транспорт
Нефтедобыча
Нефтепереработка
Нефтепроводы
Газопроводы
Сельское хозяйство и пищевая пр…
Непромышленные потребители
Государственные (муниципальные…
Население и приравненные групп…
Территориальные сетевые органи…
абс.
%
Прогноз на месяц 
Ноябрь
КПО/Отпуск из сети 
Котловой полезный отпуск, млн. кВт.ч
Организация 
Все
Прогноз электропотребления и выручки за услуги по передаче в разрезе отраслей'

28-03-2025T11:43:55 - [TEST_STEP][PASSED] - a4 = a4.replaceAll("[^0-9]", ""): null

28-03-2025T11:43:55 - [TEST_STEP][PASSED] - println("a4:" + a4): null

28-03-2025T11:43:55 - [TEST_STEP][PASSED] - click(findTestObject("Прогноз по отраслям/Фильтр Сравнение с")): Object: 'Object Repository/Прогноз по отраслям/Фильтр Сравнение с' is clicked on

28-03-2025T11:43:55 - [MESSAGE][PASSED] - Object: 'Object Repository/Прогноз по отраслям/Фильтр Сравнение с' is clicked on

28-03-2025T11:43:55 - [TEST_STEP][PASSED] - click(findTestObject("Прогноз по отраслям/План")): Object: 'Object Repository/Прогноз по отраслям/План' is clicked on

28-03-2025T11:43:56 - [MESSAGE][PASSED] - Object: 'Object Repository/Прогноз по отраслям/План' is clicked on

28-03-2025T11:43:56 - [TEST_STEP][PASSED] - delay(40): Delayed 40 second(s)

28-03-2025T11:44:36 - [MESSAGE][PASSED] - Delayed 40 second(s)

28-03-2025T11:44:36 - [TEST_STEP][PASSED] - a5 = getText(findTestObject("Прогноз по отраслям/Виджеты дашборда")): Text of object 'Object Repository/Прогноз по отраслям/Виджеты дашборда' is: 'Год 
2023 год
Сравнение с 
План
Динамика электропотребления, млрд. кВт.ч. по ПАО Россети на 2023 год
0 0
119 119
37 37
7 7
7 7
8 8
1 1
19 19
75 75
25 25
123 123
55 55
0 0
120 120
39 39
39 39
8 8
8 8
1 1
20 20
78 78
26 26
121 121
60 60
План
Ожидаемое (прогноз по конца года)
Интер РАО (дляФСК)
Промышленныепотребители
Транспорт
Нефтедобыча
Нефтепереработка
Нефтепроводы
Газопроводы
Сельскоехозяйство ипищеваяпромышленность
Непромышленныепотребители
Государственные(муниципальные)организации ипрочиебюджетныепотребители
Население иприравненныегруппыпотребителей
Территориальныесетевыеорганизации
Выручка по ПАО Россети на 2023 год
5 5
319 319
81 81
16 16
16 16
20 20
2 2
56 56
215 215
67 67
218 218
239 239
6 6
331 331
82 82
77 77
20 20
20 20
3 3
57 57
220 220
68 68
214 214
258 258
План
Ожидаемое (прогноз по конца года)
Интер РАО (дляФСК)
Промышленныепотребители
Транспорт
Нефтедобыча
Нефтепереработка
Нефтепроводы
Газопроводы
Сельскоехозяйство ипищеваяпромышленность
Непромышленныепотребители
Государственные(муниципальные)организации ипрочиебюджетныепотребители
Население иприравненныегруппыпотребителей
Территориальныесетевыеорганизации
Отклонения по ПАО Россети на 2023 год
1.2% 1.2%
3.2% 3.2%
492.1% 492.1%
18.1% 18.1%
4.4% 4.4%
11.9% 11.9%
1.2% 1.2%
4.1% 4.1%
2.4% 2.4%
-1.4% -1.4%
9.7% 9.7%
⬤ Отклонение, %
Интер РАО (для ФСК)
Промышленные потребители
Транспорт
Нефтедобыча
Нефтепереработка
Нефтепроводы
Газопроводы
Сельское хозяйство и пищевая пр…
Непромышленные потребители
Государственные (муниципальные…
Население и приравненные групп…
Территориальные сетевые органи…
Выручка отклонения по ПАО Россети на 2023 год
15.6% 15.6%
3.8% 3.8%
1.2% 1.2%
398.2% 398.2%
26.9% 26.9%
-0.6% -0.6%
26.9% 26.9%
1.5% 1.5%
2.7% 2.7%
2.0% 2.0%
-2.0% -2.0%
7.9% 7.9%
⬤ Отклонение, %
Интер РАО (для ФСК)
Промышленные потребители
Транспорт
Нефтедобыча
Нефтепереработка
Нефтепроводы
Газопроводы
Сельское хозяйство и пищевая пр…
Непромышленные потребители
Государственные (муниципальные…
Население и приравненные групп…
Территориальные сетевые органи…
абс.
%
Прогноз на месяц 
Ноябрь
КПО/Отпуск из сети 
Котловой полезный отпуск, млн. кВт.ч
Организация 
Все
Прогноз электропотребления и выручки за услуги по передаче в разрезе отраслей'

28-03-2025T11:44:37 - [MESSAGE][PASSED] - Text of object 'Object Repository/Прогноз по отраслям/Виджеты дашборда' is: 'Год 
2023 год
Сравнение с 
План
Динамика электропотребления, млрд. кВт.ч. по ПАО Россети на 2023 год
0 0
119 119
37 37
7 7
7 7
8 8
1 1
19 19
75 75
25 25
123 123
55 55
0 0
120 120
39 39
39 39
8 8
8 8
1 1
20 20
78 78
26 26
121 121
60 60
План
Ожидаемое (прогноз по конца года)
Интер РАО (дляФСК)
Промышленныепотребители
Транспорт
Нефтедобыча
Нефтепереработка
Нефтепроводы
Газопроводы
Сельскоехозяйство ипищеваяпромышленность
Непромышленныепотребители
Государственные(муниципальные)организации ипрочиебюджетныепотребители
Население иприравненныегруппыпотребителей
Территориальныесетевыеорганизации
Выручка по ПАО Россети на 2023 год
5 5
319 319
81 81
16 16
16 16
20 20
2 2
56 56
215 215
67 67
218 218
239 239
6 6
331 331
82 82
77 77
20 20
20 20
3 3
57 57
220 220
68 68
214 214
258 258
План
Ожидаемое (прогноз по конца года)
Интер РАО (дляФСК)
Промышленныепотребители
Транспорт
Нефтедобыча
Нефтепереработка
Нефтепроводы
Газопроводы
Сельскоехозяйство ипищеваяпромышленность
Непромышленныепотребители
Государственные(муниципальные)организации ипрочиебюджетныепотребители
Население иприравненныегруппыпотребителей
Территориальныесетевыеорганизации
Отклонения по ПАО Россети на 2023 год
1.2% 1.2%
3.2% 3.2%
492.1% 492.1%
18.1% 18.1%
4.4% 4.4%
11.9% 11.9%
1.2% 1.2%
4.1% 4.1%
2.4% 2.4%
-1.4% -1.4%
9.7% 9.7%
⬤ Отклонение, %
Интер РАО (для ФСК)
Промышленные потребители
Транспорт
Нефтедобыча
Нефтепереработка
Нефтепроводы
Газопроводы
Сельское хозяйство и пищевая пр…
Непромышленные потребители
Государственные (муниципальные…
Население и приравненные групп…
Территориальные сетевые органи…
Выручка отклонения по ПАО Россети на 2023 год
15.6% 15.6%
3.8% 3.8%
1.2% 1.2%
398.2% 398.2%
26.9% 26.9%
-0.6% -0.6%
26.9% 26.9%
1.5% 1.5%
2.7% 2.7%
2.0% 2.0%
-2.0% -2.0%
7.9% 7.9%
⬤ Отклонение, %
Интер РАО (для ФСК)
Промышленные потребители
Транспорт
Нефтедобыча
Нефтепереработка
Нефтепроводы
Газопроводы
Сельское хозяйство и пищевая пр…
Непромышленные потребители
Государственные (муниципальные…
Население и приравненные групп…
Территориальные сетевые органи…
абс.
%
Прогноз на месяц 
Ноябрь
КПО/Отпуск из сети 
Котловой полезный отпуск, млн. кВт.ч
Организация 
Все
Прогноз электропотребления и выручки за услуги по передаче в разрезе отраслей'

28-03-2025T11:44:37 - [TEST_STEP][PASSED] - println("a5:" + a5): null

28-03-2025T11:44:37 - [TEST_STEP][PASSED] - a5 = a5.replaceAll("[^0-9]", ""): null

28-03-2025T11:44:37 - [TEST_STEP][PASSED] - println("a5:" + a5): null

28-03-2025T11:44:37 - [TEST_STEP][PASSED] - click(findTestObject("Прогноз по отраслям/Фильтр Сравнение с")): Object: 'Object Repository/Прогноз по отраслям/Фильтр Сравнение с' is clicked on

28-03-2025T11:44:37 - [MESSAGE][PASSED] - Object: 'Object Repository/Прогноз по отраслям/Фильтр Сравнение с' is clicked on

28-03-2025T11:44:37 - [TEST_STEP][PASSED] - click(findTestObject("Прогноз по отраслям/План СУ")): Object: 'Object Repository/Прогноз по отраслям/План СУ' is clicked on

28-03-2025T11:44:38 - [MESSAGE][PASSED] - Object: 'Object Repository/Прогноз по отраслям/План СУ' is clicked on

28-03-2025T11:44:38 - [TEST_STEP][PASSED] - delay(40): Delayed 40 second(s)

28-03-2025T11:45:18 - [MESSAGE][PASSED] - Delayed 40 second(s)

28-03-2025T11:45:18 - [TEST_STEP][PASSED] - a6 = getText(findTestObject("Прогноз по отраслям/Виджеты дашборда")): Text of object 'Object Repository/Прогноз по отраслям/Виджеты дашборда' is: 'Год 
2023 год
Сравнение с 
План/СУ
Динамика электропотребления, млрд. кВт.ч. по ПАО Россети на 2023 год
0 0
0 0
0 0
0 0
0 0
0 0
0 0
0 0
0 0
0 0
0 0
0 0
0 0
120 120
39 39
39 39
8 8
8 8
1 1
20 20
78 78
26 26
121 121
60 60
СУ
Ожидаемое (прогноз по конца года)
Интер РАО (дляФСК)
Промышленныепотребители
Транспорт
Нефтедобыча
Нефтепереработка
Нефтепроводы
Газопроводы
Сельскоехозяйство ипищеваяпромышленность
Непромышленныепотребители
Государственные(муниципальные)организации ипрочиебюджетныепотребители
Население иприравненныегруппыпотребителей
Территориальныесетевыеорганизации
Выручка по ПАО Россети на 2023 год
6 6
331 331
82 82
77 77
20 20
20 20
3 3
57 57
220 220
68 68
214 214
258 258
Ожидаемое (прогноз по конца года)
Интер РАО (дляФСК)
Промышленныепотребители
Транспорт
Нефтедобыча
Нефтепереработка
Нефтепроводы
Газопроводы
Сельскоехозяйство ипищеваяпромышленность
Непромышленныепотребители
Государственные(муниципальные)организации ипрочиебюджетныепотребители
Население иприравненныегруппыпотребителей
Территориальныесетевыеорганизации
Отклонения по ПАО Россети на 2023 год
⬤ Отклонение, %
Интер РАО (для ФСК)
Промышленные потребители
Транспорт
Нефтедобыча
Нефтепереработка
Нефтепроводы
Газопроводы
Сельское хозяйство и пищевая пр…
Непромышленные потребители
Государственные (муниципальные…
Население и приравненные групп…
Территориальные сетевые органи…
Выручка отклонения по ПАО Россети на 2023 год
⬤ Отклонение, %
Интер РАО (для ФСК)
Промышленные потребители
Транспорт
Нефтедобыча
Нефтепереработка
Нефтепроводы
Газопроводы
Сельское хозяйство и пищевая пр…
Непромышленные потребители
Государственные (муниципальные…
Население и приравненные групп…
Территориальные сетевые органи…
абс.
%
Прогноз на месяц 
Ноябрь
КПО/Отпуск из сети 
Котловой полезный отпуск, млн. кВт.ч
Организация 
Все
Прогноз электропотребления и выручки за услуги по передаче в разрезе отраслей'

28-03-2025T11:45:18 - [MESSAGE][PASSED] - Text of object 'Object Repository/Прогноз по отраслям/Виджеты дашборда' is: 'Год 
2023 год
Сравнение с 
План/СУ
Динамика электропотребления, млрд. кВт.ч. по ПАО Россети на 2023 год
0 0
0 0
0 0
0 0
0 0
0 0
0 0
0 0
0 0
0 0
0 0
0 0
0 0
120 120
39 39
39 39
8 8
8 8
1 1
20 20
78 78
26 26
121 121
60 60
СУ
Ожидаемое (прогноз по конца года)
Интер РАО (дляФСК)
Промышленныепотребители
Транспорт
Нефтедобыча
Нефтепереработка
Нефтепроводы
Газопроводы
Сельскоехозяйство ипищеваяпромышленность
Непромышленныепотребители
Государственные(муниципальные)организации ипрочиебюджетныепотребители
Население иприравненныегруппыпотребителей
Территориальныесетевыеорганизации
Выручка по ПАО Россети на 2023 год
6 6
331 331
82 82
77 77
20 20
20 20
3 3
57 57
220 220
68 68
214 214
258 258
Ожидаемое (прогноз по конца года)
Интер РАО (дляФСК)
Промышленныепотребители
Транспорт
Нефтедобыча
Нефтепереработка
Нефтепроводы
Газопроводы
Сельскоехозяйство ипищеваяпромышленность
Непромышленныепотребители
Государственные(муниципальные)организации ипрочиебюджетныепотребители
Население иприравненныегруппыпотребителей
Территориальныесетевыеорганизации
Отклонения по ПАО Россети на 2023 год
⬤ Отклонение, %
Интер РАО (для ФСК)
Промышленные потребители
Транспорт
Нефтедобыча
Нефтепереработка
Нефтепроводы
Газопроводы
Сельское хозяйство и пищевая пр…
Непромышленные потребители
Государственные (муниципальные…
Население и приравненные групп…
Территориальные сетевые органи…
Выручка отклонения по ПАО Россети на 2023 год
⬤ Отклонение, %
Интер РАО (для ФСК)
Промышленные потребители
Транспорт
Нефтедобыча
Нефтепереработка
Нефтепроводы
Газопроводы
Сельское хозяйство и пищевая пр…
Непромышленные потребители
Государственные (муниципальные…
Население и приравненные групп…
Территориальные сетевые органи…
абс.
%
Прогноз на месяц 
Ноябрь
КПО/Отпуск из сети 
Котловой полезный отпуск, млн. кВт.ч
Организация 
Все
Прогноз электропотребления и выручки за услуги по передаче в разрезе отраслей'

28-03-2025T11:45:18 - [TEST_STEP][PASSED] - a6 = a6.replaceAll("[^0-9]", ""): null

28-03-2025T11:45:18 - [TEST_STEP][PASSED] - println("a6:" + a6): null

28-03-2025T11:45:18 - [TEST_STEP][PASSED] - click(findTestObject("Прогноз по отраслям/Переключить отображение с процентов на абс Блок руководителя")): Object: 'Object Repository/Прогноз по отраслям/Переключить отображение с процентов на абс Блок руководителя' is clicked on

28-03-2025T11:45:19 - [MESSAGE][PASSED] - Object: 'Object Repository/Прогноз по отраслям/Переключить отображение с процентов на абс Блок руководителя' is clicked on

28-03-2025T11:45:19 - [TEST_STEP][PASSED] - click(findTestObject("Прогноз по отраслям/Фильтр Сравнение с")): Object: 'Object Repository/Прогноз по отраслям/Фильтр Сравнение с' is clicked on

28-03-2025T11:45:19 - [MESSAGE][PASSED] - Object: 'Object Repository/Прогноз по отраслям/Фильтр Сравнение с' is clicked on

28-03-2025T11:45:19 - [TEST_STEP][PASSED] - click(findTestObject("Прогноз по отраслям/Факт прошлого года")): Object: 'Object Repository/Прогноз по отраслям/Факт прошлого года' is clicked on

28-03-2025T11:45:20 - [MESSAGE][PASSED] - Object: 'Object Repository/Прогноз по отраслям/Факт прошлого года' is clicked on

28-03-2025T11:45:20 - [TEST_STEP][PASSED] - click(findTestObject("Прогноз по отраслям/Фильтр КПО-Отпуск")): Object: 'Object Repository/Прогноз по отраслям/Фильтр КПО-Отпуск' is clicked on

28-03-2025T11:45:22 - [MESSAGE][PASSED] - Object: 'Object Repository/Прогноз по отраслям/Фильтр КПО-Отпуск' is clicked on

28-03-2025T11:45:22 - [TEST_STEP][PASSED] - click(findTestObject("Прогноз по отраслям/Отпуск")): Object: 'Object Repository/Прогноз по отраслям/Отпуск' is clicked on

28-03-2025T11:45:22 - [MESSAGE][PASSED] - Object: 'Object Repository/Прогноз по отраслям/Отпуск' is clicked on

28-03-2025T11:45:22 - [TEST_STEP][PASSED] - delay(40): Delayed 40 second(s)

28-03-2025T11:46:02 - [MESSAGE][PASSED] - Delayed 40 second(s)

28-03-2025T11:46:02 - [TEST_STEP][PASSED] - a7 = getText(findTestObject("Прогноз по отраслям/Виджеты дашборда")): Text of object 'Object Repository/Прогноз по отраслям/Виджеты дашборда' is: 'Год 
2023 год
Сравнение с 
Факт прошлого года
Отклонения по ПАО Россети на 2023 год
-2 263.5 -2 263.5
11 054.6 11 054.6
1 280.2 1 280.2
-1 947.5 -1 947.5
90.9 90.9
-3 845.0 -3 845.0
4 162.1 4 162.1
651.7 651.7
-4 727.7 -4 727.7
256.5 256.5
-723.9 -723.9
4 292.3 4 292.3
⬤ Отклонение, млн. кВт.ч
Интер РАО (для ФСК)
Промышленные потребители
Транспорт
Нефтедобыча
Нефтепереработка
Нефтепроводы
Газопроводы
Сельское хозяйство и пищевая пр…
Непромышленные потребители
Государственные (муниципальные…
Население и приравненные групп…
Территориальные сетевые органи…
Выручка отклонения по ПАО Россети на 2023 год
421.3 421.3
45 574.9 45 574.9
9 547.5 9 547.5
4 889.3 4 889.3
2 337.4 2 337.4
-1 682.6 -1 682.6
2 919.4 2 919.4
7 110.2 7 110.2
19 840.8 19 840.8
7 289.5 7 289.5
23 664.8 23 664.8
31 028.3 31 028.3
⬤ Отклонение, млн. руб.
Интер РАО (для ФСК)
Промышленные потребители
Транспорт
Нефтедобыча
Нефтепереработка
Нефтепроводы
Газопроводы
Сельское хозяйство и пищевая пр…
Непромышленные потребители
Государственные (муниципальные…
Население и приравненные групп…
Территориальные сетевые органи…
Динамика электропотребления, млрд. кВт.ч. по ПАО Россети на 2023 год
12 12
186 186
36 36
50 50
10 10
19 19
0 0
17 17
85 85
19 19
82 82
604 604
10 10
197 197
37 37
48 48
10 10
15 15
4 4
18 18
80 80
19 19
82 82
608 608
Факт прошлого года
Ожидаемое (прогноз по конца года)
Интер РАО (дляФСК)
Промышленныепотребители
Транспорт
Нефтедобыча
Нефтепереработка
Нефтепроводы
Газопроводы
Сельскоехозяйство ипищеваяпромышленность
Непромышленныепотребители
Государственные(муниципальные)организации ипрочиебюджетныепотребители
Население иприравненныегруппыпотребителей
Территориальныесетевыеорганизации
Выручка по ПАО Россети на 2023 год
5 5
285 285
72 72
72 72
18 18
22 22
0 0
50 50
201 201
61 61
190 190
227 227
6 6
331 331
82 82
77 77
20 20
20 20
3 3
57 57
220 220
68 68
214 214
258 258
Факт прошлого года
Ожидаемое (прогноз по конца года)
Интер РАО (дляФСК)
Промышленныепотребители
Транспорт
Нефтедобыча
Нефтепереработка
Нефтепроводы
Газопроводы
Сельскоехозяйство ипищеваяпромышленность
Непромышленныепотребители
Государственные(муниципальные)организации ипрочиебюджетныепотребители
Население иприравненныегруппыпотребителей
Территориальныесетевыеорганизации
абс.
%
Прогноз на месяц 
Ноябрь
КПО/Отпуск из сети 
Отпуск из сети, млн. кВт.ч
Организация 
Все
Прогноз электропотребления и выручки за услуги по передаче в разрезе отраслей'

28-03-2025T11:46:03 - [MESSAGE][PASSED] - Text of object 'Object Repository/Прогноз по отраслям/Виджеты дашборда' is: 'Год 
2023 год
Сравнение с 
Факт прошлого года
Отклонения по ПАО Россети на 2023 год
-2 263.5 -2 263.5
11 054.6 11 054.6
1 280.2 1 280.2
-1 947.5 -1 947.5
90.9 90.9
-3 845.0 -3 845.0
4 162.1 4 162.1
651.7 651.7
-4 727.7 -4 727.7
256.5 256.5
-723.9 -723.9
4 292.3 4 292.3
⬤ Отклонение, млн. кВт.ч
Интер РАО (для ФСК)
Промышленные потребители
Транспорт
Нефтедобыча
Нефтепереработка
Нефтепроводы
Газопроводы
Сельское хозяйство и пищевая пр…
Непромышленные потребители
Государственные (муниципальные…
Население и приравненные групп…
Территориальные сетевые органи…
Выручка отклонения по ПАО Россети на 2023 год
421.3 421.3
45 574.9 45 574.9
9 547.5 9 547.5
4 889.3 4 889.3
2 337.4 2 337.4
-1 682.6 -1 682.6
2 919.4 2 919.4
7 110.2 7 110.2
19 840.8 19 840.8
7 289.5 7 289.5
23 664.8 23 664.8
31 028.3 31 028.3
⬤ Отклонение, млн. руб.
Интер РАО (для ФСК)
Промышленные потребители
Транспорт
Нефтедобыча
Нефтепереработка
Нефтепроводы
Газопроводы
Сельское хозяйство и пищевая пр…
Непромышленные потребители
Государственные (муниципальные…
Население и приравненные групп…
Территориальные сетевые органи…
Динамика электропотребления, млрд. кВт.ч. по ПАО Россети на 2023 год
12 12
186 186
36 36
50 50
10 10
19 19
0 0
17 17
85 85
19 19
82 82
604 604
10 10
197 197
37 37
48 48
10 10
15 15
4 4
18 18
80 80
19 19
82 82
608 608
Факт прошлого года
Ожидаемое (прогноз по конца года)
Интер РАО (дляФСК)
Промышленныепотребители
Транспорт
Нефтедобыча
Нефтепереработка
Нефтепроводы
Газопроводы
Сельскоехозяйство ипищеваяпромышленность
Непромышленныепотребители
Государственные(муниципальные)организации ипрочиебюджетныепотребители
Население иприравненныегруппыпотребителей
Территориальныесетевыеорганизации
Выручка по ПАО Россети на 2023 год
5 5
285 285
72 72
72 72
18 18
22 22
0 0
50 50
201 201
61 61
190 190
227 227
6 6
331 331
82 82
77 77
20 20
20 20
3 3
57 57
220 220
68 68
214 214
258 258
Факт прошлого года
Ожидаемое (прогноз по конца года)
Интер РАО (дляФСК)
Промышленныепотребители
Транспорт
Нефтедобыча
Нефтепереработка
Нефтепроводы
Газопроводы
Сельскоехозяйство ипищеваяпромышленность
Непромышленныепотребители
Государственные(муниципальные)организации ипрочиебюджетныепотребители
Население иприравненныегруппыпотребителей
Территориальныесетевыеорганизации
абс.
%
Прогноз на месяц 
Ноябрь
КПО/Отпуск из сети 
Отпуск из сети, млн. кВт.ч
Организация 
Все
Прогноз электропотребления и выручки за услуги по передаче в разрезе отраслей'

28-03-2025T11:46:03 - [TEST_STEP][PASSED] - a7 = a7.replaceAll("[^0-9]", ""): null

28-03-2025T11:46:03 - [TEST_STEP][PASSED] - println("a7:" + a7): null

28-03-2025T11:46:03 - [TEST_STEP][PASSED] - click(findTestObject("Прогноз по отраслям/Фильтр Сравнение с")): Object: 'Object Repository/Прогноз по отраслям/Фильтр Сравнение с' is clicked on

28-03-2025T11:46:03 - [MESSAGE][PASSED] - Object: 'Object Repository/Прогноз по отраслям/Фильтр Сравнение с' is clicked on

28-03-2025T11:46:03 - [TEST_STEP][PASSED] - click(findTestObject("Прогноз по отраслям/План")): Object: 'Object Repository/Прогноз по отраслям/План' is clicked on

28-03-2025T11:46:04 - [MESSAGE][PASSED] - Object: 'Object Repository/Прогноз по отраслям/План' is clicked on

28-03-2025T11:46:04 - [TEST_STEP][PASSED] - delay(40): Delayed 40 second(s)

28-03-2025T11:46:44 - [MESSAGE][PASSED] - Delayed 40 second(s)

28-03-2025T11:46:44 - [TEST_STEP][PASSED] - a8 = getText(findTestObject("Прогноз по отраслям/Виджеты дашборда")): Text of object 'Object Repository/Прогноз по отраслям/Виджеты дашборда' is: 'Год 
2023 год
Сравнение с 
План
Отклонения по ПАО Россети на 2023 год
-492.2 -492.2
7 165.1 7 165.1
689.3 689.3
33 271.7 33 271.7
986.4 986.4
593.8 593.8
764.0 764.0
670.4 670.4
-592.4 -592.4
308.8 308.8
-940.9 -940.9
19 604.1 19 604.1
⬤ Отклонение, млн. кВт.ч
Интер РАО (для ФСК)
Промышленные потребители
Транспорт
Нефтедобыча
Нефтепереработка
Нефтепроводы
Газопроводы
Сельское хозяйство и пищевая пр…
Непромышленные потребители
Государственные (муниципальные…
Население и приравненные групп…
Территориальные сетевые органи…
Выручка отклонения по ПАО Россети на 2023 год
794.9 794.9
12 195.0 12 195.0
972.7 972.7
61 803.9 61 803.9
4 222.3 4 222.3
-121.8 -121.8
666.2 666.2
873.2 873.2
5 809.6 5 809.6
1 342.6 1 342.6
-4 463.2 -4 463.2
18 375.5 18 375.5
⬤ Отклонение, млн. руб.
Интер РАО (для ФСК)
Промышленные потребители
Транспорт
Нефтедобыча
Нефтепереработка
Нефтепроводы
Газопроводы
Сельское хозяйство и пищевая пр…
Непромышленные потребители
Государственные (муниципальные…
Население и приравненные групп…
Территориальные сетевые органи…
Динамика электропотребления, млрд. кВт.ч. по ПАО Россети на 2023 год
10 10
190 190
36 36
14 14
9 9
14 14
4 4
17 17
80 80
19 19
82 82
588 588
10 10
197 197
37 37
48 48
10 10
15 15
4 4
18 18
80 80
19 19
82 82
608 608
План
Ожидаемое (прогноз по конца года)
Интер РАО (дляФСК)
Промышленныепотребители
Транспорт
Нефтедобыча
Нефтепереработка
Нефтепроводы
Газопроводы
Сельскоехозяйство ипищеваяпромышленность
Непромышленныепотребители
Государственные(муниципальные)организации ипрочиебюджетныепотребители
Население иприравненныегруппыпотребителей
Территориальныесетевыеорганизации
Выручка по ПАО Россети на 2023 год
5 5
319 319
81 81
16 16
16 16
20 20
2 2
56 56
215 215
67 67
218 218
239 239
6 6
331 331
82 82
77 77
20 20
20 20
3 3
57 57
220 220
68 68
214 214
258 258
План
Ожидаемое (прогноз по конца года)
Интер РАО (дляФСК)
Промышленныепотребители
Транспорт
Нефтедобыча
Нефтепереработка
Нефтепроводы
Газопроводы
Сельскоехозяйство ипищеваяпромышленность
Непромышленныепотребители
Государственные(муниципальные)организации ипрочиебюджетныепотребители
Население иприравненныегруппыпотребителей
Территориальныесетевыеорганизации
абс.
%
Прогноз на месяц 
Ноябрь
КПО/Отпуск из сети 
Отпуск из сети, млн. кВт.ч
Организация 
Все
Прогноз электропотребления и выручки за услуги по передаче в разрезе отраслей'

28-03-2025T11:46:45 - [MESSAGE][PASSED] - Text of object 'Object Repository/Прогноз по отраслям/Виджеты дашборда' is: 'Год 
2023 год
Сравнение с 
План
Отклонения по ПАО Россети на 2023 год
-492.2 -492.2
7 165.1 7 165.1
689.3 689.3
33 271.7 33 271.7
986.4 986.4
593.8 593.8
764.0 764.0
670.4 670.4
-592.4 -592.4
308.8 308.8
-940.9 -940.9
19 604.1 19 604.1
⬤ Отклонение, млн. кВт.ч
Интер РАО (для ФСК)
Промышленные потребители
Транспорт
Нефтедобыча
Нефтепереработка
Нефтепроводы
Газопроводы
Сельское хозяйство и пищевая пр…
Непромышленные потребители
Государственные (муниципальные…
Население и приравненные групп…
Территориальные сетевые органи…
Выручка отклонения по ПАО Россети на 2023 год
794.9 794.9
12 195.0 12 195.0
972.7 972.7
61 803.9 61 803.9
4 222.3 4 222.3
-121.8 -121.8
666.2 666.2
873.2 873.2
5 809.6 5 809.6
1 342.6 1 342.6
-4 463.2 -4 463.2
18 375.5 18 375.5
⬤ Отклонение, млн. руб.
Интер РАО (для ФСК)
Промышленные потребители
Транспорт
Нефтедобыча
Нефтепереработка
Нефтепроводы
Газопроводы
Сельское хозяйство и пищевая пр…
Непромышленные потребители
Государственные (муниципальные…
Население и приравненные групп…
Территориальные сетевые органи…
Динамика электропотребления, млрд. кВт.ч. по ПАО Россети на 2023 год
10 10
190 190
36 36
14 14
9 9
14 14
4 4
17 17
80 80
19 19
82 82
588 588
10 10
197 197
37 37
48 48
10 10
15 15
4 4
18 18
80 80
19 19
82 82
608 608
План
Ожидаемое (прогноз по конца года)
Интер РАО (дляФСК)
Промышленныепотребители
Транспорт
Нефтедобыча
Нефтепереработка
Нефтепроводы
Газопроводы
Сельскоехозяйство ипищеваяпромышленность
Непромышленныепотребители
Государственные(муниципальные)организации ипрочиебюджетныепотребители
Население иприравненныегруппыпотребителей
Территориальныесетевыеорганизации
Выручка по ПАО Россети на 2023 год
5 5
319 319
81 81
16 16
16 16
20 20
2 2
56 56
215 215
67 67
218 218
239 239
6 6
331 331
82 82
77 77
20 20
20 20
3 3
57 57
220 220
68 68
214 214
258 258
План
Ожидаемое (прогноз по конца года)
Интер РАО (дляФСК)
Промышленныепотребители
Транспорт
Нефтедобыча
Нефтепереработка
Нефтепроводы
Газопроводы
Сельскоехозяйство ипищеваяпромышленность
Непромышленныепотребители
Государственные(муниципальные)организации ипрочиебюджетныепотребители
Население иприравненныегруппыпотребителей
Территориальныесетевыеорганизации
абс.
%
Прогноз на месяц 
Ноябрь
КПО/Отпуск из сети 
Отпуск из сети, млн. кВт.ч
Организация 
Все
Прогноз электропотребления и выручки за услуги по передаче в разрезе отраслей'

28-03-2025T11:46:45 - [TEST_STEP][PASSED] - a8 = a8.replaceAll("[^0-9]", ""): null

28-03-2025T11:46:45 - [TEST_STEP][PASSED] - println("a8:" + a8): null

28-03-2025T11:46:45 - [TEST_STEP][PASSED] - click(findTestObject("Прогноз по отраслям/Фильтр Сравнение с")): Object: 'Object Repository/Прогноз по отраслям/Фильтр Сравнение с' is clicked on

28-03-2025T11:46:45 - [MESSAGE][PASSED] - Object: 'Object Repository/Прогноз по отраслям/Фильтр Сравнение с' is clicked on

28-03-2025T11:46:45 - [TEST_STEP][PASSED] - click(findTestObject("Прогноз по отраслям/План СУ")): Object: 'Object Repository/Прогноз по отраслям/План СУ' is clicked on

28-03-2025T11:46:46 - [MESSAGE][PASSED] - Object: 'Object Repository/Прогноз по отраслям/План СУ' is clicked on

28-03-2025T11:46:46 - [TEST_STEP][PASSED] - delay(40): Delayed 40 second(s)

28-03-2025T11:47:26 - [MESSAGE][PASSED] - Delayed 40 second(s)

28-03-2025T11:47:26 - [TEST_STEP][PASSED] - a9 = getText(findTestObject("Прогноз по отраслям/Виджеты дашборда")): Text of object 'Object Repository/Прогноз по отраслям/Виджеты дашборда' is: 'Год 
2023 год
Сравнение с 
План/СУ
Отклонения по ПАО Россети на 2023 год
243.5 243.5
16 024.4 16 024.4
1 255.1 1 255.1
32 869.9 32 869.9
1 135.7 1 135.7
950.0 950.0
511.1 511.1
1 324.2 1 324.2
-5 962.8 -5 962.8
433.5 433.5
2 431.5 2 431.5
22 321.4 22 321.4
⬤ Отклонение, млн. кВт.ч
Интер РАО (для ФСК)
Промышленные потребители
Транспорт
Нефтедобыча
Нефтепереработка
Нефтепроводы
Газопроводы
Сельское хозяйство и пищевая пр…
Непромышленные потребители
Государственные (муниципальные…
Население и приравненные групп…
Территориальные сетевые органи…
Выручка отклонения по ПАО Россети на 2023 год
⬤ Отклонение, млн. руб.
Интер РАО (для ФСК)
Промышленные потребители
Транспорт
Нефтедобыча
Нефтепереработка
Нефтепроводы
Газопроводы
Сельское хозяйство и пищевая пр…
Непромышленные потребители
Государственные (муниципальные…
Население и приравненные групп…
Территориальные сетевые органи…
Динамика электропотребления, млрд. кВт.ч. по ПАО Россети на 2023 год
10 10
181 181
36 36
15 15
9 9
14 14
4 4
16 16
86 86
19 19
79 79
586 586
10 10
197 197
37 37
48 48
10 10
15 15
4 4
18 18
80 80
19 19
82 82
608 608
СУ
Ожидаемое (прогноз по конца года)
Интер РАО (дляФСК)
Промышленныепотребители
Транспорт
Нефтедобыча
Нефтепереработка
Нефтепроводы
Газопроводы
Сельскоехозяйство ипищеваяпромышленность
Непромышленныепотребители
Государственные(муниципальные)организации ипрочиебюджетныепотребители
Население иприравненныегруппыпотребителей
Территориальныесетевыеорганизации
Выручка по ПАО Россети на 2023 год
6 6
331 331
82 82
77 77
20 20
20 20
3 3
57 57
220 220
68 68
214 214
258 258
Ожидаемое (прогноз по конца года)
Интер РАО (дляФСК)
Промышленныепотребители
Транспорт
Нефтедобыча
Нефтепереработка
Нефтепроводы
Газопроводы
Сельскоехозяйство ипищеваяпромышленность
Непромышленныепотребители
Государственные(муниципальные)организации ипрочиебюджетныепотребители
Население иприравненныегруппыпотребителей
Территориальныесетевыеорганизации
абс.
%
Прогноз на месяц 
Ноябрь
КПО/Отпуск из сети 
Отпуск из сети, млн. кВт.ч
Организация 
Все
Прогноз электропотребления и выручки за услуги по передаче в разрезе отраслей'

28-03-2025T11:47:26 - [MESSAGE][PASSED] - Text of object 'Object Repository/Прогноз по отраслям/Виджеты дашборда' is: 'Год 
2023 год
Сравнение с 
План/СУ
Отклонения по ПАО Россети на 2023 год
243.5 243.5
16 024.4 16 024.4
1 255.1 1 255.1
32 869.9 32 869.9
1 135.7 1 135.7
950.0 950.0
511.1 511.1
1 324.2 1 324.2
-5 962.8 -5 962.8
433.5 433.5
2 431.5 2 431.5
22 321.4 22 321.4
⬤ Отклонение, млн. кВт.ч
Интер РАО (для ФСК)
Промышленные потребители
Транспорт
Нефтедобыча
Нефтепереработка
Нефтепроводы
Газопроводы
Сельское хозяйство и пищевая пр…
Непромышленные потребители
Государственные (муниципальные…
Население и приравненные групп…
Территориальные сетевые органи…
Выручка отклонения по ПАО Россети на 2023 год
⬤ Отклонение, млн. руб.
Интер РАО (для ФСК)
Промышленные потребители
Транспорт
Нефтедобыча
Нефтепереработка
Нефтепроводы
Газопроводы
Сельское хозяйство и пищевая пр…
Непромышленные потребители
Государственные (муниципальные…
Население и приравненные групп…
Территориальные сетевые органи…
Динамика электропотребления, млрд. кВт.ч. по ПАО Россети на 2023 год
10 10
181 181
36 36
15 15
9 9
14 14
4 4
16 16
86 86
19 19
79 79
586 586
10 10
197 197
37 37
48 48
10 10
15 15
4 4
18 18
80 80
19 19
82 82
608 608
СУ
Ожидаемое (прогноз по конца года)
Интер РАО (дляФСК)
Промышленныепотребители
Транспорт
Нефтедобыча
Нефтепереработка
Нефтепроводы
Газопроводы
Сельскоехозяйство ипищеваяпромышленность
Непромышленныепотребители
Государственные(муниципальные)организации ипрочиебюджетныепотребители
Население иприравненныегруппыпотребителей
Территориальныесетевыеорганизации
Выручка по ПАО Россети на 2023 год
6 6
331 331
82 82
77 77
20 20
20 20
3 3
57 57
220 220
68 68
214 214
258 258
Ожидаемое (прогноз по конца года)
Интер РАО (дляФСК)
Промышленныепотребители
Транспорт
Нефтедобыча
Нефтепереработка
Нефтепроводы
Газопроводы
Сельскоехозяйство ипищеваяпромышленность
Непромышленныепотребители
Государственные(муниципальные)организации ипрочиебюджетныепотребители
Население иприравненныегруппыпотребителей
Территориальныесетевыеорганизации
абс.
%
Прогноз на месяц 
Ноябрь
КПО/Отпуск из сети 
Отпуск из сети, млн. кВт.ч
Организация 
Все
Прогноз электропотребления и выручки за услуги по передаче в разрезе отраслей'

28-03-2025T11:47:26 - [TEST_STEP][PASSED] - a9 = a9.replaceAll("[^0-9]", ""): null

28-03-2025T11:47:26 - [TEST_STEP][PASSED] - println("a9:" + a9): null

28-03-2025T11:47:26 - [TEST_STEP][PASSED] - click(findTestObject("Прогноз по отраслям/Фильтр Сравнение с")): Object: 'Object Repository/Прогноз по отраслям/Фильтр Сравнение с' is clicked on

28-03-2025T11:47:27 - [MESSAGE][PASSED] - Object: 'Object Repository/Прогноз по отраслям/Фильтр Сравнение с' is clicked on

28-03-2025T11:47:27 - [TEST_STEP][PASSED] - click(findTestObject("Прогноз по отраслям/Факт прошлого года")): Object: 'Object Repository/Прогноз по отраслям/Факт прошлого года' is clicked on

28-03-2025T11:47:28 - [MESSAGE][PASSED] - Object: 'Object Repository/Прогноз по отраслям/Факт прошлого года' is clicked on

28-03-2025T11:47:28 - [TEST_STEP][PASSED] - click(findTestObject("Прогноз по отраслям/Фильтр КПО-Отпуск")): Object: 'Object Repository/Прогноз по отраслям/Фильтр КПО-Отпуск' is clicked on

28-03-2025T11:47:29 - [MESSAGE][PASSED] - Object: 'Object Repository/Прогноз по отраслям/Фильтр КПО-Отпуск' is clicked on

28-03-2025T11:47:29 - [TEST_STEP][PASSED] - click(findTestObject("Прогноз по отраслям/КПО")): Object: 'Object Repository/Прогноз по отраслям/КПО' is clicked on

28-03-2025T11:47:30 - [MESSAGE][PASSED] - Object: 'Object Repository/Прогноз по отраслям/КПО' is clicked on

28-03-2025T11:47:30 - [TEST_STEP][PASSED] - delay(40): Delayed 40 second(s)

28-03-2025T11:48:10 - [MESSAGE][PASSED] - Delayed 40 second(s)

28-03-2025T11:48:10 - [TEST_STEP][PASSED] - a10 = getText(findTestObject("Прогноз по отраслям/Виджеты дашборда")): Text of object 'Object Repository/Прогноз по отраслям/Виджеты дашборда' is: 'Год 
2023 год
Сравнение с 
Факт прошлого года
Отклонения по ПАО Россети на 2023 год
0.0 0.0
646.5 646.5
341.1 341.1
-2 455.6 -2 455.6
245.6 245.6
-1 796.0 -1 796.0
676.2 676.2
452.4 452.4
1 386.2 1 386.2
527.5 527.5
-1 130.4 -1 130.4
-128.7 -128.7
⬤ Отклонение, млн. кВт.ч
Интер РАО (для ФСК)
Промышленные потребители
Транспорт
Нефтедобыча
Нефтепереработка
Нефтепроводы
Газопроводы
Сельское хозяйство и пищевая пр…
Непромышленные потребители
Государственные (муниципальные…
Население и приравненные групп…
Территориальные сетевые органи…
Выручка отклонения по ПАО Россети на 2023 год
421.3 421.3
45 574.9 45 574.9
9 547.5 9 547.5
4 889.3 4 889.3
2 337.4 2 337.4
-1 682.6 -1 682.6
2 919.4 2 919.4
7 110.2 7 110.2
19 840.8 19 840.8
7 289.5 7 289.5
23 664.8 23 664.8
31 028.3 31 028.3
⬤ Отклонение, млн. руб.
Интер РАО (для ФСК)
Промышленные потребители
Транспорт
Нефтедобыча
Нефтепереработка
Нефтепроводы
Газопроводы
Сельское хозяйство и пищевая пр…
Непромышленные потребители
Государственные (муниципальные…
Население и приравненные групп…
Территориальные сетевые органи…
Динамика электропотребления, млрд. кВт.ч. по ПАО Россети на 2023 год
0 0
120 120
38 38
41 41
8 8
10 10
0 0
19 19
77 77
25 25
122 122
61 61
0 0
120 120
39 39
39 39
8 8
8 8
1 1
20 20
78 78
26 26
121 121
60 60
Факт прошлого года
Ожидаемое (прогноз по конца года)
Интер РАО (дляФСК)
Промышленныепотребители
Транспорт
Нефтедобыча
Нефтепереработка
Нефтепроводы
Газопроводы
Сельскоехозяйство ипищеваяпромышленность
Непромышленныепотребители
Государственные(муниципальные)организации ипрочиебюджетныепотребители
Население иприравненныегруппыпотребителей
Территориальныесетевыеорганизации
Выручка по ПАО Россети на 2023 год
5 5
285 285
72 72
72 72
18 18
22 22
0 0
50 50
201 201
61 61
190 190
227 227
6 6
331 331
82 82
77 77
20 20
20 20
3 3
57 57
220 220
68 68
214 214
258 258
Факт прошлого года
Ожидаемое (прогноз по конца года)
Интер РАО (дляФСК)
Промышленныепотребители
Транспорт
Нефтедобыча
Нефтепереработка
Нефтепроводы
Газопроводы
Сельскоехозяйство ипищеваяпромышленность
Непромышленныепотребители
Государственные(муниципальные)организации ипрочиебюджетныепотребители
Население иприравненныегруппыпотребителей
Территориальныесетевыеорганизации
абс.
%
Прогноз на месяц 
Ноябрь
КПО/Отпуск из сети 
Котловой полезный отпуск, млн. кВт.ч
Организация 
Все
Прогноз электропотребления и выручки за услуги по передаче в разрезе отраслей'

28-03-2025T11:48:10 - [MESSAGE][PASSED] - Text of object 'Object Repository/Прогноз по отраслям/Виджеты дашборда' is: 'Год 
2023 год
Сравнение с 
Факт прошлого года
Отклонения по ПАО Россети на 2023 год
0.0 0.0
646.5 646.5
341.1 341.1
-2 455.6 -2 455.6
245.6 245.6
-1 796.0 -1 796.0
676.2 676.2
452.4 452.4
1 386.2 1 386.2
527.5 527.5
-1 130.4 -1 130.4
-128.7 -128.7
⬤ Отклонение, млн. кВт.ч
Интер РАО (для ФСК)
Промышленные потребители
Транспорт
Нефтедобыча
Нефтепереработка
Нефтепроводы
Газопроводы
Сельское хозяйство и пищевая пр…
Непромышленные потребители
Государственные (муниципальные…
Население и приравненные групп…
Территориальные сетевые органи…
Выручка отклонения по ПАО Россети на 2023 год
421.3 421.3
45 574.9 45 574.9
9 547.5 9 547.5
4 889.3 4 889.3
2 337.4 2 337.4
-1 682.6 -1 682.6
2 919.4 2 919.4
7 110.2 7 110.2
19 840.8 19 840.8
7 289.5 7 289.5
23 664.8 23 664.8
31 028.3 31 028.3
⬤ Отклонение, млн. руб.
Интер РАО (для ФСК)
Промышленные потребители
Транспорт
Нефтедобыча
Нефтепереработка
Нефтепроводы
Газопроводы
Сельское хозяйство и пищевая пр…
Непромышленные потребители
Государственные (муниципальные…
Население и приравненные групп…
Территориальные сетевые органи…
Динамика электропотребления, млрд. кВт.ч. по ПАО Россети на 2023 год
0 0
120 120
38 38
41 41
8 8
10 10
0 0
19 19
77 77
25 25
122 122
61 61
0 0
120 120
39 39
39 39
8 8
8 8
1 1
20 20
78 78
26 26
121 121
60 60
Факт прошлого года
Ожидаемое (прогноз по конца года)
Интер РАО (дляФСК)
Промышленныепотребители
Транспорт
Нефтедобыча
Нефтепереработка
Нефтепроводы
Газопроводы
Сельскоехозяйство ипищеваяпромышленность
Непромышленныепотребители
Государственные(муниципальные)организации ипрочиебюджетныепотребители
Население иприравненныегруппыпотребителей
Территориальныесетевыеорганизации
Выручка по ПАО Россети на 2023 год
5 5
285 285
72 72
72 72
18 18
22 22
0 0
50 50
201 201
61 61
190 190
227 227
6 6
331 331
82 82
77 77
20 20
20 20
3 3
57 57
220 220
68 68
214 214
258 258
Факт прошлого года
Ожидаемое (прогноз по конца года)
Интер РАО (дляФСК)
Промышленныепотребители
Транспорт
Нефтедобыча
Нефтепереработка
Нефтепроводы
Газопроводы
Сельскоехозяйство ипищеваяпромышленность
Непромышленныепотребители
Государственные(муниципальные)организации ипрочиебюджетныепотребители
Население иприравненныегруппыпотребителей
Территориальныесетевыеорганизации
абс.
%
Прогноз на месяц 
Ноябрь
КПО/Отпуск из сети 
Котловой полезный отпуск, млн. кВт.ч
Организация 
Все
Прогноз электропотребления и выручки за услуги по передаче в разрезе отраслей'

28-03-2025T11:48:10 - [TEST_STEP][PASSED] - a10 = a10.replaceAll("[^0-9]", ""): null

28-03-2025T11:48:10 - [TEST_STEP][PASSED] - println("a10:" + a10): null

28-03-2025T11:48:10 - [TEST_STEP][PASSED] - click(findTestObject("Прогноз по отраслям/Фильтр Сравнение с")): Object: 'Object Repository/Прогноз по отраслям/Фильтр Сравнение с' is clicked on

28-03-2025T11:48:11 - [MESSAGE][PASSED] - Object: 'Object Repository/Прогноз по отраслям/Фильтр Сравнение с' is clicked on

28-03-2025T11:48:11 - [TEST_STEP][PASSED] - click(findTestObject("Прогноз по отраслям/План")): Object: 'Object Repository/Прогноз по отраслям/План' is clicked on

28-03-2025T11:48:12 - [MESSAGE][PASSED] - Object: 'Object Repository/Прогноз по отраслям/План' is clicked on

28-03-2025T11:48:12 - [TEST_STEP][PASSED] - delay(40): Delayed 40 second(s)

28-03-2025T11:48:52 - [MESSAGE][PASSED] - Delayed 40 second(s)

28-03-2025T11:48:52 - [TEST_STEP][PASSED] - a11 = getText(findTestObject("Прогноз по отраслям/Виджеты дашборда")): Text of object 'Object Repository/Прогноз по отраслям/Виджеты дашборда' is: 'Год 
2023 год
Сравнение с 
План
Отклонения по ПАО Россети на 2023 год
0.0 0.0
1 471.7 1 471.7
1 186.5 1 186.5
32 445.2 32 445.2
1 268.3 1 268.3
349.4 349.4
84.3 84.3
239.8 239.8
2 969.4 2 969.4
589.2 589.2
-1 798.4 -1 798.4
5 359.3 5 359.3
⬤ Отклонение, млн. кВт.ч
Интер РАО (для ФСК)
Промышленные потребители
Транспорт
Нефтедобыча
Нефтепереработка
Нефтепроводы
Газопроводы
Сельское хозяйство и пищевая пр…
Непромышленные потребители
Государственные (муниципальные…
Население и приравненные групп…
Территориальные сетевые органи…
Выручка отклонения по ПАО Россети на 2023 год
794.9 794.9
12 195.0 12 195.0
972.7 972.7
61 803.9 61 803.9
4 222.3 4 222.3
-121.8 -121.8
666.2 666.2
873.2 873.2
5 809.6 5 809.6
1 342.6 1 342.6
-4 463.2 -4 463.2
18 375.5 18 375.5
⬤ Отклонение, млн. руб.
Интер РАО (для ФСК)
Промышленные потребители
Транспорт
Нефтедобыча
Нефтепереработка
Нефтепроводы
Газопроводы
Сельское хозяйство и пищевая пр…
Непромышленные потребители
Государственные (муниципальные…
Население и приравненные групп…
Территориальные сетевые органи…
Динамика электропотребления, млрд. кВт.ч. по ПАО Россети на 2023 год
0 0
119 119
37 37
7 7
7 7
8 8
1 1
19 19
75 75
25 25
123 123
55 55
0 0
120 120
39 39
39 39
8 8
8 8
1 1
20 20
78 78
26 26
121 121
60 60
План
Ожидаемое (прогноз по конца года)
Интер РАО (дляФСК)
Промышленныепотребители
Транспорт
Нефтедобыча
Нефтепереработка
Нефтепроводы
Газопроводы
Сельскоехозяйство ипищеваяпромышленность
Непромышленныепотребители
Государственные(муниципальные)организации ипрочиебюджетныепотребители
Население иприравненныегруппыпотребителей
Территориальныесетевыеорганизации
Выручка по ПАО Россети на 2023 год
5 5
319 319
81 81
16 16
16 16
20 20
2 2
56 56
215 215
67 67
218 218
239 239
6 6
331 331
82 82
77 77
20 20
20 20
3 3
57 57
220 220
68 68
214 214
258 258
План
Ожидаемое (прогноз по конца года)
Интер РАО (дляФСК)
Промышленныепотребители
Транспорт
Нефтедобыча
Нефтепереработка
Нефтепроводы
Газопроводы
Сельскоехозяйство ипищеваяпромышленность
Непромышленныепотребители
Государственные(муниципальные)организации ипрочиебюджетныепотребители
Население иприравненныегруппыпотребителей
Территориальныесетевыеорганизации
абс.
%
Прогноз на месяц 
Ноябрь
КПО/Отпуск из сети 
Котловой полезный отпуск, млн. кВт.ч
Организация 
Все
Прогноз электропотребления и выручки за услуги по передаче в разрезе отраслей'

28-03-2025T11:48:52 - [MESSAGE][PASSED] - Text of object 'Object Repository/Прогноз по отраслям/Виджеты дашборда' is: 'Год 
2023 год
Сравнение с 
План
Отклонения по ПАО Россети на 2023 год
0.0 0.0
1 471.7 1 471.7
1 186.5 1 186.5
32 445.2 32 445.2
1 268.3 1 268.3
349.4 349.4
84.3 84.3
239.8 239.8
2 969.4 2 969.4
589.2 589.2
-1 798.4 -1 798.4
5 359.3 5 359.3
⬤ Отклонение, млн. кВт.ч
Интер РАО (для ФСК)
Промышленные потребители
Транспорт
Нефтедобыча
Нефтепереработка
Нефтепроводы
Газопроводы
Сельское хозяйство и пищевая пр…
Непромышленные потребители
Государственные (муниципальные…
Население и приравненные групп…
Территориальные сетевые органи…
Выручка отклонения по ПАО Россети на 2023 год
794.9 794.9
12 195.0 12 195.0
972.7 972.7
61 803.9 61 803.9
4 222.3 4 222.3
-121.8 -121.8
666.2 666.2
873.2 873.2
5 809.6 5 809.6
1 342.6 1 342.6
-4 463.2 -4 463.2
18 375.5 18 375.5
⬤ Отклонение, млн. руб.
Интер РАО (для ФСК)
Промышленные потребители
Транспорт
Нефтедобыча
Нефтепереработка
Нефтепроводы
Газопроводы
Сельское хозяйство и пищевая пр…
Непромышленные потребители
Государственные (муниципальные…
Население и приравненные групп…
Территориальные сетевые органи…
Динамика электропотребления, млрд. кВт.ч. по ПАО Россети на 2023 год
0 0
119 119
37 37
7 7
7 7
8 8
1 1
19 19
75 75
25 25
123 123
55 55
0 0
120 120
39 39
39 39
8 8
8 8
1 1
20 20
78 78
26 26
121 121
60 60
План
Ожидаемое (прогноз по конца года)
Интер РАО (дляФСК)
Промышленныепотребители
Транспорт
Нефтедобыча
Нефтепереработка
Нефтепроводы
Газопроводы
Сельскоехозяйство ипищеваяпромышленность
Непромышленныепотребители
Государственные(муниципальные)организации ипрочиебюджетныепотребители
Население иприравненныегруппыпотребителей
Территориальныесетевыеорганизации
Выручка по ПАО Россети на 2023 год
5 5
319 319
81 81
16 16
16 16
20 20
2 2
56 56
215 215
67 67
218 218
239 239
6 6
331 331
82 82
77 77
20 20
20 20
3 3
57 57
220 220
68 68
214 214
258 258
План
Ожидаемое (прогноз по конца года)
Интер РАО (дляФСК)
Промышленныепотребители
Транспорт
Нефтедобыча
Нефтепереработка
Нефтепроводы
Газопроводы
Сельскоехозяйство ипищеваяпромышленность
Непромышленныепотребители
Государственные(муниципальные)организации ипрочиебюджетныепотребители
Население иприравненныегруппыпотребителей
Территориальныесетевыеорганизации
абс.
%
Прогноз на месяц 
Ноябрь
КПО/Отпуск из сети 
Котловой полезный отпуск, млн. кВт.ч
Организация 
Все
Прогноз электропотребления и выручки за услуги по передаче в разрезе отраслей'

28-03-2025T11:48:52 - [TEST_STEP][PASSED] - println("a11:" + a11): null

28-03-2025T11:48:52 - [TEST_STEP][PASSED] - a11 = a11.replaceAll("[^0-9]", ""): null

28-03-2025T11:48:52 - [TEST_STEP][PASSED] - println("a11:" + a11): null

28-03-2025T11:48:52 - [TEST_STEP][PASSED] - click(findTestObject("Прогноз по отраслям/Фильтр Сравнение с")): Object: 'Object Repository/Прогноз по отраслям/Фильтр Сравнение с' is clicked on

28-03-2025T11:48:53 - [MESSAGE][PASSED] - Object: 'Object Repository/Прогноз по отраслям/Фильтр Сравнение с' is clicked on

28-03-2025T11:48:53 - [TEST_STEP][PASSED] - click(findTestObject("Прогноз по отраслям/План СУ")): Object: 'Object Repository/Прогноз по отраслям/План СУ' is clicked on

28-03-2025T11:48:53 - [MESSAGE][PASSED] - Object: 'Object Repository/Прогноз по отраслям/План СУ' is clicked on

28-03-2025T11:48:53 - [TEST_STEP][PASSED] - delay(40): Delayed 40 second(s)

28-03-2025T11:49:34 - [MESSAGE][PASSED] - Delayed 40 second(s)

28-03-2025T11:49:34 - [TEST_STEP][PASSED] - a12 = getText(findTestObject("Прогноз по отраслям/Виджеты дашборда")): Text of object 'Object Repository/Прогноз по отраслям/Виджеты дашборда' is: 'Год 
2023 год
Сравнение с 
План/СУ
Отклонения по ПАО Россети на 2023 год
0.0 0.0
120 322.6 120 322.6
38 655.4 38 655.4
39 037.8 39 037.8
8 291.7 8 291.7
8 259.5 8 259.5
793.1 793.1
19 706.6 19 706.6
78 310.2 78 310.2
25 579.5 25 579.5
121 219.7 121 219.7
60 414.9 60 414.9
⬤ Отклонение, млн. кВт.ч
Интер РАО (для ФСК)
Промышленные потребители
Транспорт
Нефтедобыча
Нефтепереработка
Нефтепроводы
Газопроводы
Сельское хозяйство и пищевая пр…
Непромышленные потребители
Государственные (муниципальные…
Население и приравненные групп…
Территориальные сетевые органи…
Выручка отклонения по ПАО Россети на 2023 год
⬤ Отклонение, млн. руб.
Интер РАО (для ФСК)
Промышленные потребители
Транспорт
Нефтедобыча
Нефтепереработка
Нефтепроводы
Газопроводы
Сельское хозяйство и пищевая пр…
Непромышленные потребители
Государственные (муниципальные…
Население и приравненные групп…
Территориальные сетевые органи…
Динамика электропотребления, млрд. кВт.ч. по ПАО Россети на 2023 год
0 0
0 0
0 0
0 0
0 0
0 0
0 0
0 0
0 0
0 0
0 0
0 0
0 0
120 120
39 39
39 39
8 8
8 8
1 1
20 20
78 78
26 26
121 121
60 60
СУ
Ожидаемое (прогноз по конца года)
Интер РАО (дляФСК)
Промышленныепотребители
Транспорт
Нефтедобыча
Нефтепереработка
Нефтепроводы
Газопроводы
Сельскоехозяйство ипищеваяпромышленность
Непромышленныепотребители
Государственные(муниципальные)организации ипрочиебюджетныепотребители
Население иприравненныегруппыпотребителей
Территориальныесетевыеорганизации
Выручка по ПАО Россети на 2023 год
6 6
331 331
82 82
77 77
20 20
20 20
3 3
57 57
220 220
68 68
214 214
258 258
Ожидаемое (прогноз по конца года)
Интер РАО (дляФСК)
Промышленныепотребители
Транспорт
Нефтедобыча
Нефтепереработка
Нефтепроводы
Газопроводы
Сельскоехозяйство ипищеваяпромышленность
Непромышленныепотребители
Государственные(муниципальные)организации ипрочиебюджетныепотребители
Население иприравненныегруппыпотребителей
Территориальныесетевыеорганизации
абс.
%
Прогноз на месяц 
Ноябрь
КПО/Отпуск из сети 
Котловой полезный отпуск, млн. кВт.ч
Организация 
Все
Прогноз электропотребления и выручки за услуги по передаче в разрезе отраслей'

28-03-2025T11:49:34 - [MESSAGE][PASSED] - Text of object 'Object Repository/Прогноз по отраслям/Виджеты дашборда' is: 'Год 
2023 год
Сравнение с 
План/СУ
Отклонения по ПАО Россети на 2023 год
0.0 0.0
120 322.6 120 322.6
38 655.4 38 655.4
39 037.8 39 037.8
8 291.7 8 291.7
8 259.5 8 259.5
793.1 793.1
19 706.6 19 706.6
78 310.2 78 310.2
25 579.5 25 579.5
121 219.7 121 219.7
60 414.9 60 414.9
⬤ Отклонение, млн. кВт.ч
Интер РАО (для ФСК)
Промышленные потребители
Транспорт
Нефтедобыча
Нефтепереработка
Нефтепроводы
Газопроводы
Сельское хозяйство и пищевая пр…
Непромышленные потребители
Государственные (муниципальные…
Население и приравненные групп…
Территориальные сетевые органи…
Выручка отклонения по ПАО Россети на 2023 год
⬤ Отклонение, млн. руб.
Интер РАО (для ФСК)
Промышленные потребители
Транспорт
Нефтедобыча
Нефтепереработка
Нефтепроводы
Газопроводы
Сельское хозяйство и пищевая пр…
Непромышленные потребители
Государственные (муниципальные…
Население и приравненные групп…
Территориальные сетевые органи…
Динамика электропотребления, млрд. кВт.ч. по ПАО Россети на 2023 год
0 0
0 0
0 0
0 0
0 0
0 0
0 0
0 0
0 0
0 0
0 0
0 0
0 0
120 120
39 39
39 39
8 8
8 8
1 1
20 20
78 78
26 26
121 121
60 60
СУ
Ожидаемое (прогноз по конца года)
Интер РАО (дляФСК)
Промышленныепотребители
Транспорт
Нефтедобыча
Нефтепереработка
Нефтепроводы
Газопроводы
Сельскоехозяйство ипищеваяпромышленность
Непромышленныепотребители
Государственные(муниципальные)организации ипрочиебюджетныепотребители
Население иприравненныегруппыпотребителей
Территориальныесетевыеорганизации
Выручка по ПАО Россети на 2023 год
6 6
331 331
82 82
77 77
20 20
20 20
3 3
57 57
220 220
68 68
214 214
258 258
Ожидаемое (прогноз по конца года)
Интер РАО (дляФСК)
Промышленныепотребители
Транспорт
Нефтедобыча
Нефтепереработка
Нефтепроводы
Газопроводы
Сельскоехозяйство ипищеваяпромышленность
Непромышленныепотребители
Государственные(муниципальные)организации ипрочиебюджетныепотребители
Население иприравненныегруппыпотребителей
Территориальныесетевыеорганизации
абс.
%
Прогноз на месяц 
Ноябрь
КПО/Отпуск из сети 
Котловой полезный отпуск, млн. кВт.ч
Организация 
Все
Прогноз электропотребления и выручки за услуги по передаче в разрезе отраслей'

28-03-2025T11:49:34 - [TEST_STEP][PASSED] - a12 = a12.replaceAll("[^0-9]", ""): null

28-03-2025T11:49:34 - [TEST_STEP][PASSED] - println("a12:" + a12): null

28-03-2025T11:49:34 - [TEST_STEP][PASSED] - navigateToUrl(findTestData("PlanFact").getValue(10, 12)): Navigate to 'https://bi.rosseti.digital/viewer?dashboardGuid=d218b6eb1b7845df8f1994d6a65c072b&sheetGuid=3059d1e0f28043ee8c80901707e9c246&fit=true' successfully

28-03-2025T11:49:34 - [MESSAGE][PASSED] - Navigate to 'https://bi.rosseti.digital/viewer?dashboardGuid=d218b6eb1b7845df8f1994d6a65c072b&sheetGuid=3059d1e0f28043ee8c80901707e9c246&fit=true' successfully

28-03-2025T11:49:34 - [TEST_STEP][PASSED] - delay(50): Delayed 50 second(s)

28-03-2025T11:50:24 - [MESSAGE][PASSED] - Delayed 50 second(s)

28-03-2025T11:50:24 - [TEST_STEP][PASSED] - click(findTestObject("Прогноз по отраслям/Фильтр месяц Стресс")): Object: 'Object Repository/Прогноз по отраслям/Фильтр месяц Стресс' is clicked on

28-03-2025T11:50:25 - [MESSAGE][PASSED] - Object: 'Object Repository/Прогноз по отраслям/Фильтр месяц Стресс' is clicked on

28-03-2025T11:50:25 - [TEST_STEP][PASSED] - scrollToElement(findTestObject("Прогноз по отраслям/Ноябрь Стресс"), 30): Scroll to object 'Object Repository/Прогноз по отраслям/Ноябрь Стресс' successfully

28-03-2025T11:50:25 - [MESSAGE][PASSED] - Scroll to object 'Object Repository/Прогноз по отраслям/Ноябрь Стресс' successfully

28-03-2025T11:50:25 - [TEST_STEP][PASSED] - click(findTestObject("Прогноз по отраслям/Ноябрь Стресс")): Object: 'Object Repository/Прогноз по отраслям/Ноябрь Стресс' is clicked on

28-03-2025T11:50:26 - [MESSAGE][PASSED] - Object: 'Object Repository/Прогноз по отраслям/Ноябрь Стресс' is clicked on

28-03-2025T11:50:26 - [TEST_STEP][PASSED] - scrollToElement(findTestObject("Прогноз по отраслям/Заголовок дашборда Стресс"), 30): Scroll to object 'Object Repository/Прогноз по отраслям/Заголовок дашборда Стресс' successfully

28-03-2025T11:50:28 - [MESSAGE][PASSED] - Scroll to object 'Object Repository/Прогноз по отраслям/Заголовок дашборда Стресс' successfully

28-03-2025T11:50:28 - [TEST_STEP][PASSED] - click(findTestObject("Прогноз по отраслям/Фильтр Сравнение с Стресс")): Object: 'Object Repository/Прогноз по отраслям/Фильтр Сравнение с Стресс' is clicked on

28-03-2025T11:50:28 - [MESSAGE][PASSED] - Object: 'Object Repository/Прогноз по отраслям/Фильтр Сравнение с Стресс' is clicked on

28-03-2025T11:50:28 - [TEST_STEP][PASSED] - click(findTestObject("Прогноз по отраслям/Факт прошлого года Стресс")): Object: 'Object Repository/Прогноз по отраслям/Факт прошлого года Стресс' is clicked on

28-03-2025T11:50:30 - [MESSAGE][PASSED] - Object: 'Object Repository/Прогноз по отраслям/Факт прошлого года Стресс' is clicked on

28-03-2025T11:50:30 - [TEST_STEP][PASSED] - click(findTestObject("Прогноз по отраслям/Фильтр КПО-Отпуск Стресс")): Object: 'Object Repository/Прогноз по отраслям/Фильтр КПО-Отпуск Стресс' is clicked on

28-03-2025T11:50:31 - [MESSAGE][PASSED] - Object: 'Object Repository/Прогноз по отраслям/Фильтр КПО-Отпуск Стресс' is clicked on

28-03-2025T11:50:31 - [TEST_STEP][PASSED] - click(findTestObject("Прогноз по отраслям/Отпуск Стресс")): Object: 'Object Repository/Прогноз по отраслям/Отпуск Стресс' is clicked on

28-03-2025T11:50:32 - [MESSAGE][PASSED] - Object: 'Object Repository/Прогноз по отраслям/Отпуск Стресс' is clicked on

28-03-2025T11:50:32 - [TEST_STEP][PASSED] - delay(40): Delayed 40 second(s)

28-03-2025T11:51:12 - [MESSAGE][PASSED] - Delayed 40 second(s)

28-03-2025T11:51:12 - [TEST_STEP][PASSED] - b1 = getText(findTestObject("Прогноз по отраслям/Виджеты дашборда")): Text of object 'Object Repository/Прогноз по отраслям/Виджеты дашборда' is: 'Год 
2023 год
Сравнение с 
Факт прошлого года
Динамика электропотребления, млрд. кВт.ч., по ПАО Россети на 2023 год
12 12
186 186
36 36
50 50
10 10
19 19
0 0
17 17
85 85
19 19
82 82
604 604
10 10
197 197
37 37
48 48
10 10
15 15
4 4
18 18
80 80
19 19
82 82
608 608
Факт прошлого года
Ожидаемое (прогноз до конца года)
Интер РАО(для ФСК)
Промышленныепотребители
Транспорт
Нефтедобыча
Нефтеперераб…
Нефтепроводы
Газопроводы
Сельское хозя…
Непромышлен…
Государственн…
Население иприравненныегруппыпотребителей
Территориальн…
Выручка, млрд. руб, по ПАО Россети на 2023 год
5 5
285 285
72 72
72 72
18 18
22 22
0 0
50 50
201 201
61 61
190 190
227 227
6 6
331 331
82 82
77 77
20 20
20 20
3 3
57 57
220 220
68 68
214 214
258 258
Факт прошлого года
Ожидаемое (прогноз до конца года)
Интер РАО(для ФСК)
Промышленныепотребители
Транспорт
Нефтедобыча
Нефтеперераб…
Нефтепроводы
Газопроводы
Сельское хозя…
Непромышлен…
Государственн…
Население иприравненныегруппыпотребителей
Территориальн…
Отклонения по ПАО Россети на 2023 год
-18.5% -18.5%
5.9% 5.9%
3.6% 3.6%
-3.9% -3.9%
0.9% 0.9%
-20.7% -20.7%
3 313.2% 3 313.2%
3.8% 3.8%
-5.6% -5.6%
1.3% 1.3%
-0.9% -0.9%
0.7% 0.7%
⬤ Отклонение, %
Интер РАО (для ФСК)
Промышленные потребители
Транспорт
Нефтедобыча
Нефтепереработка
Нефтепроводы
Газопроводы
Сельское хозяйство и пищевая про…
Непромышленные потребители
Государственные (муниципальные)…
Население и приравненные группы…
Территориальные сетевые организ…
Выручка отклонения по ПАО Россети на 2023 год
7.7% 7.7%
16.0% 16.0%
13.2% 13.2%
6.7% 6.7%
13.3% 13.3%
-7.7% -7.7%
1 331.5% 1 331.5%
14.2% 14.2%
9.9% 9.9%
12.0% 12.0%
12.4% 12.4%
13.7% 13.7%
⬤ Отклонение, %
Интер РАО (для ФСК)
Промышленные потребители
Транспорт
Нефтедобыча
Нефтепереработка
Нефтепроводы
Газопроводы
Сельское хозяйство и пищевая про…
Непромышленные потребители
Государственные (муниципальные)…
Население и приравненные группы…
Территориальные сетевые организ…
абс.
%
Прогноз на месяц 
Ноябрь
КПО/Отпуск из сети 
Отпуск из сети, млн. кВт.ч
Организация 
Все
Прогноз электропотребления и выручки за услуги по передаче в разрезе отраслей'

28-03-2025T11:51:13 - [MESSAGE][PASSED] - Text of object 'Object Repository/Прогноз по отраслям/Виджеты дашборда' is: 'Год 
2023 год
Сравнение с 
Факт прошлого года
Динамика электропотребления, млрд. кВт.ч., по ПАО Россети на 2023 год
12 12
186 186
36 36
50 50
10 10
19 19
0 0
17 17
85 85
19 19
82 82
604 604
10 10
197 197
37 37
48 48
10 10
15 15
4 4
18 18
80 80
19 19
82 82
608 608
Факт прошлого года
Ожидаемое (прогноз до конца года)
Интер РАО(для ФСК)
Промышленныепотребители
Транспорт
Нефтедобыча
Нефтеперераб…
Нефтепроводы
Газопроводы
Сельское хозя…
Непромышлен…
Государственн…
Население иприравненныегруппыпотребителей
Территориальн…
Выручка, млрд. руб, по ПАО Россети на 2023 год
5 5
285 285
72 72
72 72
18 18
22 22
0 0
50 50
201 201
61 61
190 190
227 227
6 6
331 331
82 82
77 77
20 20
20 20
3 3
57 57
220 220
68 68
214 214
258 258
Факт прошлого года
Ожидаемое (прогноз до конца года)
Интер РАО(для ФСК)
Промышленныепотребители
Транспорт
Нефтедобыча
Нефтеперераб…
Нефтепроводы
Газопроводы
Сельское хозя…
Непромышлен…
Государственн…
Население иприравненныегруппыпотребителей
Территориальн…
Отклонения по ПАО Россети на 2023 год
-18.5% -18.5%
5.9% 5.9%
3.6% 3.6%
-3.9% -3.9%
0.9% 0.9%
-20.7% -20.7%
3 313.2% 3 313.2%
3.8% 3.8%
-5.6% -5.6%
1.3% 1.3%
-0.9% -0.9%
0.7% 0.7%
⬤ Отклонение, %
Интер РАО (для ФСК)
Промышленные потребители
Транспорт
Нефтедобыча
Нефтепереработка
Нефтепроводы
Газопроводы
Сельское хозяйство и пищевая про…
Непромышленные потребители
Государственные (муниципальные)…
Население и приравненные группы…
Территориальные сетевые организ…
Выручка отклонения по ПАО Россети на 2023 год
7.7% 7.7%
16.0% 16.0%
13.2% 13.2%
6.7% 6.7%
13.3% 13.3%
-7.7% -7.7%
1 331.5% 1 331.5%
14.2% 14.2%
9.9% 9.9%
12.0% 12.0%
12.4% 12.4%
13.7% 13.7%
⬤ Отклонение, %
Интер РАО (для ФСК)
Промышленные потребители
Транспорт
Нефтедобыча
Нефтепереработка
Нефтепроводы
Газопроводы
Сельское хозяйство и пищевая про…
Непромышленные потребители
Государственные (муниципальные)…
Население и приравненные группы…
Территориальные сетевые организ…
абс.
%
Прогноз на месяц 
Ноябрь
КПО/Отпуск из сети 
Отпуск из сети, млн. кВт.ч
Организация 
Все
Прогноз электропотребления и выручки за услуги по передаче в разрезе отраслей'

28-03-2025T11:51:13 - [TEST_STEP][PASSED] - b1 = b1.replaceAll("[^0-9]", ""): null

28-03-2025T11:51:13 - [TEST_STEP][PASSED] - println("b1:" + b1): null

28-03-2025T11:51:13 - [TEST_STEP][PASSED] - click(findTestObject("Прогноз по отраслям/Фильтр Сравнение с Стресс")): Object: 'Object Repository/Прогноз по отраслям/Фильтр Сравнение с Стресс' is clicked on

28-03-2025T11:51:13 - [MESSAGE][PASSED] - Object: 'Object Repository/Прогноз по отраслям/Фильтр Сравнение с Стресс' is clicked on

28-03-2025T11:51:13 - [TEST_STEP][PASSED] - click(findTestObject("Прогноз по отраслям/План Стресс")): Object: 'Object Repository/Прогноз по отраслям/План Стресс' is clicked on

28-03-2025T11:51:15 - [MESSAGE][PASSED] - Object: 'Object Repository/Прогноз по отраслям/План Стресс' is clicked on

28-03-2025T11:51:15 - [TEST_STEP][PASSED] - delay(40): Delayed 40 second(s)

28-03-2025T11:51:55 - [MESSAGE][PASSED] - Delayed 40 second(s)

28-03-2025T11:51:55 - [TEST_STEP][PASSED] - b2 = getText(findTestObject("Прогноз по отраслям/Виджеты дашборда")): Text of object 'Object Repository/Прогноз по отраслям/Виджеты дашборда' is: 'Год 
2023 год
Сравнение с 
План
Динамика электропотребления, млрд. кВт.ч., по ПАО Россети на 2023 год
10 10
190 190
36 36
14 14
9 9
14 14
4 4
17 17
80 80
19 19
82 82
588 588
10 10
197 197
37 37
48 48
10 10
15 15
4 4
18 18
80 80
19 19
82 82
608 608
План
Ожидаемое (прогноз до конца года)
Интер РАО(для ФСК)
Промышленныепотребители
Транспорт
Нефтедобыча
Нефтеперераб…
Нефтепроводы
Газопроводы
Сельское хозя…
Непромышлен…
Государственн…
Население иприравненныегруппыпотребителей
Территориальн…
Выручка, млрд. руб, по ПАО Россети на 2023 год
5 5
319 319
81 81
16 16
16 16
20 20
2 2
56 56
215 215
67 67
218 218
239 239
6 6
331 331
82 82
77 77
20 20
20 20
3 3
57 57
220 220
68 68
214 214
258 258
План
Ожидаемое (прогноз до конца года)
Интер РАО(для ФСК)
Промышленныепотребители
Транспорт
Нефтедобыча
Нефтеперераб…
Нефтепроводы
Газопроводы
Сельское хозя…
Непромышлен…
Государственн…
Население иприравненныегруппыпотребителей
Территориальн…
Отклонения по ПАО Россети на 2023 год
-4.7% -4.7%
3.8% 3.8%
1.9% 1.9%
230.3% 230.3%
10.9% 10.9%
4.2% 4.2%
21.7% 21.7%
3.9% 3.9%
-0.6% -0.6%
1.6% 1.6%
-1.0% -1.0%
3.3% 3.3%
⬤ Отклонение, %
Интер РАО (для ФСК)
Промышленные потребители
Транспорт
Нефтедобыча
Нефтепереработка
Нефтепроводы
Газопроводы
Сельское хозяйство и пищевая про…
Непромышленные потребители
Государственные (муниципальные)…
Население и приравненные группы…
Территориальные сетевые организ…
Выручка отклонения по ПАО Россети на 2023 год
15.6% 15.6%
3.8% 3.8%
1.2% 1.2%
398.2% 398.2%
26.9% 26.9%
-0.6% -0.6%
26.9% 26.9%
1.5% 1.5%
2.7% 2.7%
2.0% 2.0%
-2.0% -2.0%
7.9% 7.9%
⬤ Отклонение, %
Интер РАО (для ФСК)
Промышленные потребители
Транспорт
Нефтедобыча
Нефтепереработка
Нефтепроводы
Газопроводы
Сельское хозяйство и пищевая про…
Непромышленные потребители
Государственные (муниципальные)…
Население и приравненные группы…
Территориальные сетевые организ…
абс.
%
Прогноз на месяц 
Ноябрь
КПО/Отпуск из сети 
Отпуск из сети, млн. кВт.ч
Организация 
Все
Прогноз электропотребления и выручки за услуги по передаче в разрезе отраслей'

28-03-2025T11:51:55 - [MESSAGE][PASSED] - Text of object 'Object Repository/Прогноз по отраслям/Виджеты дашборда' is: 'Год 
2023 год
Сравнение с 
План
Динамика электропотребления, млрд. кВт.ч., по ПАО Россети на 2023 год
10 10
190 190
36 36
14 14
9 9
14 14
4 4
17 17
80 80
19 19
82 82
588 588
10 10
197 197
37 37
48 48
10 10
15 15
4 4
18 18
80 80
19 19
82 82
608 608
План
Ожидаемое (прогноз до конца года)
Интер РАО(для ФСК)
Промышленныепотребители
Транспорт
Нефтедобыча
Нефтеперераб…
Нефтепроводы
Газопроводы
Сельское хозя…
Непромышлен…
Государственн…
Население иприравненныегруппыпотребителей
Территориальн…
Выручка, млрд. руб, по ПАО Россети на 2023 год
5 5
319 319
81 81
16 16
16 16
20 20
2 2
56 56
215 215
67 67
218 218
239 239
6 6
331 331
82 82
77 77
20 20
20 20
3 3
57 57
220 220
68 68
214 214
258 258
План
Ожидаемое (прогноз до конца года)
Интер РАО(для ФСК)
Промышленныепотребители
Транспорт
Нефтедобыча
Нефтеперераб…
Нефтепроводы
Газопроводы
Сельское хозя…
Непромышлен…
Государственн…
Население иприравненныегруппыпотребителей
Территориальн…
Отклонения по ПАО Россети на 2023 год
-4.7% -4.7%
3.8% 3.8%
1.9% 1.9%
230.3% 230.3%
10.9% 10.9%
4.2% 4.2%
21.7% 21.7%
3.9% 3.9%
-0.6% -0.6%
1.6% 1.6%
-1.0% -1.0%
3.3% 3.3%
⬤ Отклонение, %
Интер РАО (для ФСК)
Промышленные потребители
Транспорт
Нефтедобыча
Нефтепереработка
Нефтепроводы
Газопроводы
Сельское хозяйство и пищевая про…
Непромышленные потребители
Государственные (муниципальные)…
Население и приравненные группы…
Территориальные сетевые организ…
Выручка отклонения по ПАО Россети на 2023 год
15.6% 15.6%
3.8% 3.8%
1.2% 1.2%
398.2% 398.2%
26.9% 26.9%
-0.6% -0.6%
26.9% 26.9%
1.5% 1.5%
2.7% 2.7%
2.0% 2.0%
-2.0% -2.0%
7.9% 7.9%
⬤ Отклонение, %
Интер РАО (для ФСК)
Промышленные потребители
Транспорт
Нефтедобыча
Нефтепереработка
Нефтепроводы
Газопроводы
Сельское хозяйство и пищевая про…
Непромышленные потребители
Государственные (муниципальные)…
Население и приравненные группы…
Территориальные сетевые организ…
абс.
%
Прогноз на месяц 
Ноябрь
КПО/Отпуск из сети 
Отпуск из сети, млн. кВт.ч
Организация 
Все
Прогноз электропотребления и выручки за услуги по передаче в разрезе отраслей'

28-03-2025T11:51:55 - [TEST_STEP][PASSED] - b2 = b2.replaceAll("[^0-9]", ""): null

28-03-2025T11:51:55 - [TEST_STEP][PASSED] - println("b2:" + b2): null

28-03-2025T11:51:55 - [TEST_STEP][PASSED] - click(findTestObject("Прогноз по отраслям/Фильтр Сравнение с Стресс")): Object: 'Object Repository/Прогноз по отраслям/Фильтр Сравнение с Стресс' is clicked on

28-03-2025T11:51:56 - [MESSAGE][PASSED] - Object: 'Object Repository/Прогноз по отраслям/Фильтр Сравнение с Стресс' is clicked on

28-03-2025T11:51:56 - [TEST_STEP][PASSED] - click(findTestObject("Прогноз по отраслям/План СУ Стресс")): Object: 'Object Repository/Прогноз по отраслям/План СУ Стресс' is clicked on

28-03-2025T11:51:57 - [MESSAGE][PASSED] - Object: 'Object Repository/Прогноз по отраслям/План СУ Стресс' is clicked on

28-03-2025T11:51:57 - [TEST_STEP][PASSED] - delay(40): Delayed 40 second(s)

28-03-2025T11:52:37 - [MESSAGE][PASSED] - Delayed 40 second(s)

28-03-2025T11:52:37 - [TEST_STEP][PASSED] - b3 = getText(findTestObject("Прогноз по отраслям/Виджеты дашборда")): Text of object 'Object Repository/Прогноз по отраслям/Виджеты дашборда' is: 'Год 
2023 год
Сравнение с 
План/СУ
Динамика электропотребления, млрд. кВт.ч., по ПАО Россети на 2023 год
10 10
181 181
36 36
15 15
9 9
14 14
4 4
16 16
86 86
19 19
79 79
586 586
10 10
197 197
37 37
48 48
10 10
15 15
4 4
18 18
80 80
19 19
82 82
608 608
СУ
Ожидаемое (прогноз до конца года)
Интер РАО(для ФСК)
Промышленныепотребители
Транспорт
Нефтедобыча
Нефтеперераб…
Нефтепроводы
Газопроводы
Сельское хозя…
Непромышлен…
Государственн…
Население иприравненныегруппыпотребителей
Территориальн…
Выручка, млрд. руб, по ПАО Россети на 2023 год
6 6
331 331
82 82
77 77
20 20
20 20
3 3
57 57
220 220
68 68
214 214
258 258
Ожидаемое (прогноз до конца года)
Интер РАО(для ФСК)
Промышленныепотребители
Транспорт
Нефтедобыча
Нефтеперераб…
Нефтепроводы
Газопроводы
Сельское хозя…
Непромышлен…
Государственн…
Население иприравненныегруппыпотребителей
Территориальн…
Отклонения по ПАО Россети на 2023 год
2.5% 2.5%
8.9% 8.9%
3.5% 3.5%
221.4% 221.4%
12.8% 12.8%
6.9% 6.9%
13.5% 13.5%
8.1% 8.1%
-6.9% -6.9%
2.3% 2.3%
3.1% 3.1%
3.8% 3.8%
⬤ Отклонение, %
Интер РАО (для ФСК)
Промышленные потребители
Транспорт
Нефтедобыча
Нефтепереработка
Нефтепроводы
Газопроводы
Сельское хозяйство и пищевая про…
Непромышленные потребители
Государственные (муниципальные)…
Население и приравненные группы…
Территориальные сетевые организ…
Выручка отклонения по ПАО Россети на 2023 год
⬤ Отклонение, %
Интер РАО (для ФСК)
Промышленные потребители
Транспорт
Нефтедобыча
Нефтепереработка
Нефтепроводы
Газопроводы
Сельское хозяйство и пищевая про…
Непромышленные потребители
Государственные (муниципальные)…
Население и приравненные группы…
Территориальные сетевые организ…
абс.
%
Прогноз на месяц 
Ноябрь
КПО/Отпуск из сети 
Отпуск из сети, млн. кВт.ч
Организация 
Все
Прогноз электропотребления и выручки за услуги по передаче в разрезе отраслей'

28-03-2025T11:52:38 - [MESSAGE][PASSED] - Text of object 'Object Repository/Прогноз по отраслям/Виджеты дашборда' is: 'Год 
2023 год
Сравнение с 
План/СУ
Динамика электропотребления, млрд. кВт.ч., по ПАО Россети на 2023 год
10 10
181 181
36 36
15 15
9 9
14 14
4 4
16 16
86 86
19 19
79 79
586 586
10 10
197 197
37 37
48 48
10 10
15 15
4 4
18 18
80 80
19 19
82 82
608 608
СУ
Ожидаемое (прогноз до конца года)
Интер РАО(для ФСК)
Промышленныепотребители
Транспорт
Нефтедобыча
Нефтеперераб…
Нефтепроводы
Газопроводы
Сельское хозя…
Непромышлен…
Государственн…
Население иприравненныегруппыпотребителей
Территориальн…
Выручка, млрд. руб, по ПАО Россети на 2023 год
6 6
331 331
82 82
77 77
20 20
20 20
3 3
57 57
220 220
68 68
214 214
258 258
Ожидаемое (прогноз до конца года)
Интер РАО(для ФСК)
Промышленныепотребители
Транспорт
Нефтедобыча
Нефтеперераб…
Нефтепроводы
Газопроводы
Сельское хозя…
Непромышлен…
Государственн…
Население иприравненныегруппыпотребителей
Территориальн…
Отклонения по ПАО Россети на 2023 год
2.5% 2.5%
8.9% 8.9%
3.5% 3.5%
221.4% 221.4%
12.8% 12.8%
6.9% 6.9%
13.5% 13.5%
8.1% 8.1%
-6.9% -6.9%
2.3% 2.3%
3.1% 3.1%
3.8% 3.8%
⬤ Отклонение, %
Интер РАО (для ФСК)
Промышленные потребители
Транспорт
Нефтедобыча
Нефтепереработка
Нефтепроводы
Газопроводы
Сельское хозяйство и пищевая про…
Непромышленные потребители
Государственные (муниципальные)…
Население и приравненные группы…
Территориальные сетевые организ…
Выручка отклонения по ПАО Россети на 2023 год
⬤ Отклонение, %
Интер РАО (для ФСК)
Промышленные потребители
Транспорт
Нефтедобыча
Нефтепереработка
Нефтепроводы
Газопроводы
Сельское хозяйство и пищевая про…
Непромышленные потребители
Государственные (муниципальные)…
Население и приравненные группы…
Территориальные сетевые организ…
абс.
%
Прогноз на месяц 
Ноябрь
КПО/Отпуск из сети 
Отпуск из сети, млн. кВт.ч
Организация 
Все
Прогноз электропотребления и выручки за услуги по передаче в разрезе отраслей'

28-03-2025T11:52:38 - [TEST_STEP][PASSED] - b3 = b3.replaceAll("[^0-9]", ""): null

28-03-2025T11:52:38 - [TEST_STEP][PASSED] - println("b3:" + b3): null

28-03-2025T11:52:38 - [TEST_STEP][PASSED] - click(findTestObject("Прогноз по отраслям/Фильтр Сравнение с Стресс")): Object: 'Object Repository/Прогноз по отраслям/Фильтр Сравнение с Стресс' is clicked on

28-03-2025T11:52:38 - [MESSAGE][PASSED] - Object: 'Object Repository/Прогноз по отраслям/Фильтр Сравнение с Стресс' is clicked on

28-03-2025T11:52:38 - [TEST_STEP][PASSED] - click(findTestObject("Прогноз по отраслям/Факт прошлого года Стресс")): Object: 'Object Repository/Прогноз по отраслям/Факт прошлого года Стресс' is clicked on

28-03-2025T11:52:39 - [MESSAGE][PASSED] - Object: 'Object Repository/Прогноз по отраслям/Факт прошлого года Стресс' is clicked on

28-03-2025T11:52:39 - [TEST_STEP][PASSED] - click(findTestObject("Прогноз по отраслям/Фильтр КПО-Отпуск Стресс")): Object: 'Object Repository/Прогноз по отраслям/Фильтр КПО-Отпуск Стресс' is clicked on

28-03-2025T11:52:43 - [MESSAGE][PASSED] - Object: 'Object Repository/Прогноз по отраслям/Фильтр КПО-Отпуск Стресс' is clicked on

28-03-2025T11:52:43 - [TEST_STEP][PASSED] - click(findTestObject("Прогноз по отраслям/КПО Стресс")): Object: 'Object Repository/Прогноз по отраслям/КПО Стресс' is clicked on

28-03-2025T11:52:44 - [MESSAGE][PASSED] - Object: 'Object Repository/Прогноз по отраслям/КПО Стресс' is clicked on

28-03-2025T11:52:44 - [TEST_STEP][PASSED] - delay(40): Delayed 40 second(s)

28-03-2025T11:53:24 - [MESSAGE][PASSED] - Delayed 40 second(s)

28-03-2025T11:53:24 - [TEST_STEP][PASSED] - b4 = getText(findTestObject("Прогноз по отраслям/Виджеты дашборда")): Text of object 'Object Repository/Прогноз по отраслям/Виджеты дашборда' is: 'Год 
2023 год
Сравнение с 
Факт прошлого года
Динамика электропотребления, млрд. кВт.ч., по ПАО Россети на 2023 год
0 0
120 120
38 38
41 41
8 8
10 10
0 0
19 19
77 77
25 25
122 122
61 61
0 0
120 120
39 39
39 39
8 8
8 8
1 1
20 20
78 78
26 26
121 121
60 60
Факт прошлого года
Ожидаемое (прогноз до конца года)
Интер РАО(для ФСК)
Промышленныепотребители
Транспорт
Нефтедобыча
Нефтеперераб…
Нефтепроводы
Газопроводы
Сельское хозя…
Непромышлен…
Государственн…
Население иприравненныегруппыпотребителей
Территориальн…
Выручка, млрд. руб, по ПАО Россети на 2023 год
5 5
285 285
72 72
72 72
18 18
22 22
0 0
50 50
201 201
61 61
190 190
227 227
6 6
331 331
82 82
77 77
20 20
20 20
3 3
57 57
220 220
68 68
214 214
258 258
Факт прошлого года
Ожидаемое (прогноз до конца года)
Интер РАО(для ФСК)
Промышленныепотребители
Транспорт
Нефтедобыча
Нефтеперераб…
Нефтепроводы
Газопроводы
Сельское хозя…
Непромышлен…
Государственн…
Население иприравненныегруппыпотребителей
Территориальн…
Отклонения по ПАО Россети на 2023 год
0.5% 0.5%
0.9% 0.9%
-5.9% -5.9%
3.1% 3.1%
-17.9% -17.9%
578.4% 578.4%
2.3% 2.3%
1.8% 1.8%
2.1% 2.1%
-0.9% -0.9%
-0.2% -0.2%
⬤ Отклонение, %
Интер РАО (для ФСК)
Промышленные потребители
Транспорт
Нефтедобыча
Нефтепереработка
Нефтепроводы
Газопроводы
Сельское хозяйство и пищевая про…
Непромышленные потребители
Государственные (муниципальные)…
Население и приравненные группы…
Территориальные сетевые организ…
Выручка отклонения по ПАО Россети на 2023 год
7.7% 7.7%
16.0% 16.0%
13.2% 13.2%
6.7% 6.7%
13.3% 13.3%
-7.7% -7.7%
1 331.5% 1 331.5%
14.2% 14.2%
9.9% 9.9%
12.0% 12.0%
12.4% 12.4%
13.7% 13.7%
⬤ Отклонение, %
Интер РАО (для ФСК)
Промышленные потребители
Транспорт
Нефтедобыча
Нефтепереработка
Нефтепроводы
Газопроводы
Сельское хозяйство и пищевая про…
Непромышленные потребители
Государственные (муниципальные)…
Население и приравненные группы…
Территориальные сетевые организ…
абс.
%
Прогноз на месяц 
Ноябрь
КПО/Отпуск из сети 
Котловой полезный отпуск, млн. кВт.ч
Организация 
Все
Прогноз электропотребления и выручки за услуги по передаче в разрезе отраслей'

28-03-2025T11:53:24 - [MESSAGE][PASSED] - Text of object 'Object Repository/Прогноз по отраслям/Виджеты дашборда' is: 'Год 
2023 год
Сравнение с 
Факт прошлого года
Динамика электропотребления, млрд. кВт.ч., по ПАО Россети на 2023 год
0 0
120 120
38 38
41 41
8 8
10 10
0 0
19 19
77 77
25 25
122 122
61 61
0 0
120 120
39 39
39 39
8 8
8 8
1 1
20 20
78 78
26 26
121 121
60 60
Факт прошлого года
Ожидаемое (прогноз до конца года)
Интер РАО(для ФСК)
Промышленныепотребители
Транспорт
Нефтедобыча
Нефтеперераб…
Нефтепроводы
Газопроводы
Сельское хозя…
Непромышлен…
Государственн…
Население иприравненныегруппыпотребителей
Территориальн…
Выручка, млрд. руб, по ПАО Россети на 2023 год
5 5
285 285
72 72
72 72
18 18
22 22
0 0
50 50
201 201
61 61
190 190
227 227
6 6
331 331
82 82
77 77
20 20
20 20
3 3
57 57
220 220
68 68
214 214
258 258
Факт прошлого года
Ожидаемое (прогноз до конца года)
Интер РАО(для ФСК)
Промышленныепотребители
Транспорт
Нефтедобыча
Нефтеперераб…
Нефтепроводы
Газопроводы
Сельское хозя…
Непромышлен…
Государственн…
Население иприравненныегруппыпотребителей
Территориальн…
Отклонения по ПАО Россети на 2023 год
0.5% 0.5%
0.9% 0.9%
-5.9% -5.9%
3.1% 3.1%
-17.9% -17.9%
578.4% 578.4%
2.3% 2.3%
1.8% 1.8%
2.1% 2.1%
-0.9% -0.9%
-0.2% -0.2%
⬤ Отклонение, %
Интер РАО (для ФСК)
Промышленные потребители
Транспорт
Нефтедобыча
Нефтепереработка
Нефтепроводы
Газопроводы
Сельское хозяйство и пищевая про…
Непромышленные потребители
Государственные (муниципальные)…
Население и приравненные группы…
Территориальные сетевые организ…
Выручка отклонения по ПАО Россети на 2023 год
7.7% 7.7%
16.0% 16.0%
13.2% 13.2%
6.7% 6.7%
13.3% 13.3%
-7.7% -7.7%
1 331.5% 1 331.5%
14.2% 14.2%
9.9% 9.9%
12.0% 12.0%
12.4% 12.4%
13.7% 13.7%
⬤ Отклонение, %
Интер РАО (для ФСК)
Промышленные потребители
Транспорт
Нефтедобыча
Нефтепереработка
Нефтепроводы
Газопроводы
Сельское хозяйство и пищевая про…
Непромышленные потребители
Государственные (муниципальные)…
Население и приравненные группы…
Территориальные сетевые организ…
абс.
%
Прогноз на месяц 
Ноябрь
КПО/Отпуск из сети 
Котловой полезный отпуск, млн. кВт.ч
Организация 
Все
Прогноз электропотребления и выручки за услуги по передаче в разрезе отраслей'

28-03-2025T11:53:24 - [TEST_STEP][PASSED] - b4 = b4.replaceAll("[^0-9]", ""): null

28-03-2025T11:53:24 - [TEST_STEP][PASSED] - println("b4:" + b4): null

28-03-2025T11:53:24 - [TEST_STEP][PASSED] - click(findTestObject("Прогноз по отраслям/Фильтр Сравнение с Стресс")): Object: 'Object Repository/Прогноз по отраслям/Фильтр Сравнение с Стресс' is clicked on

28-03-2025T11:53:25 - [MESSAGE][PASSED] - Object: 'Object Repository/Прогноз по отраслям/Фильтр Сравнение с Стресс' is clicked on

28-03-2025T11:53:25 - [TEST_STEP][PASSED] - click(findTestObject("Прогноз по отраслям/План Стресс")): Object: 'Object Repository/Прогноз по отраслям/План Стресс' is clicked on

28-03-2025T11:53:26 - [MESSAGE][PASSED] - Object: 'Object Repository/Прогноз по отраслям/План Стресс' is clicked on

28-03-2025T11:53:26 - [TEST_STEP][PASSED] - delay(40): Delayed 40 second(s)

28-03-2025T11:54:06 - [MESSAGE][PASSED] - Delayed 40 second(s)

28-03-2025T11:54:06 - [TEST_STEP][PASSED] - b5 = getText(findTestObject("Прогноз по отраслям/Виджеты дашборда")): Text of object 'Object Repository/Прогноз по отраслям/Виджеты дашборда' is: 'Год 
2023 год
Сравнение с 
План
Динамика электропотребления, млрд. кВт.ч., по ПАО Россети на 2023 год
0 0
119 119
37 37
7 7
7 7
8 8
1 1
19 19
75 75
25 25
123 123
55 55
0 0
120 120
39 39
39 39
8 8
8 8
1 1
20 20
78 78
26 26
121 121
60 60
План
Ожидаемое (прогноз до конца года)
Интер РАО(для ФСК)
Промышленныепотребители
Транспорт
Нефтедобыча
Нефтеперераб…
Нефтепроводы
Газопроводы
Сельское хозя…
Непромышлен…
Государственн…
Население иприравненныегруппыпотребителей
Территориальн…
Выручка, млрд. руб, по ПАО Россети на 2023 год
5 5
319 319
81 81
16 16
16 16
20 20
2 2
56 56
215 215
67 67
218 218
239 239
6 6
331 331
82 82
77 77
20 20
20 20
3 3
57 57
220 220
68 68
214 214
258 258
План
Ожидаемое (прогноз до конца года)
Интер РАО(для ФСК)
Промышленныепотребители
Транспорт
Нефтедобыча
Нефтеперераб…
Нефтепроводы
Газопроводы
Сельское хозя…
Непромышлен…
Государственн…
Население иприравненныегруппыпотребителей
Территориальн…
Отклонения по ПАО Россети на 2023 год
1.2% 1.2%
3.2% 3.2%
492.1% 492.1%
18.1% 18.1%
4.4% 4.4%
11.9% 11.9%
1.2% 1.2%
4.1% 4.1%
2.4% 2.4%
-1.4% -1.4%
9.7% 9.7%
⬤ Отклонение, %
Интер РАО (для ФСК)
Промышленные потребители
Транспорт
Нефтедобыча
Нефтепереработка
Нефтепроводы
Газопроводы
Сельское хозяйство и пищевая про…
Непромышленные потребители
Государственные (муниципальные)…
Население и приравненные группы…
Территориальные сетевые организ…
Выручка отклонения по ПАО Россети на 2023 год
15.6% 15.6%
3.8% 3.8%
1.2% 1.2%
398.2% 398.2%
26.9% 26.9%
-0.6% -0.6%
26.9% 26.9%
1.5% 1.5%
2.7% 2.7%
2.0% 2.0%
-2.0% -2.0%
7.9% 7.9%
⬤ Отклонение, %
Интер РАО (для ФСК)
Промышленные потребители
Транспорт
Нефтедобыча
Нефтепереработка
Нефтепроводы
Газопроводы
Сельское хозяйство и пищевая про…
Непромышленные потребители
Государственные (муниципальные)…
Население и приравненные группы…
Территориальные сетевые организ…
абс.
%
Прогноз на месяц 
Ноябрь
КПО/Отпуск из сети 
Котловой полезный отпуск, млн. кВт.ч
Организация 
Все
Прогноз электропотребления и выручки за услуги по передаче в разрезе отраслей'

28-03-2025T11:54:07 - [MESSAGE][PASSED] - Text of object 'Object Repository/Прогноз по отраслям/Виджеты дашборда' is: 'Год 
2023 год
Сравнение с 
План
Динамика электропотребления, млрд. кВт.ч., по ПАО Россети на 2023 год
0 0
119 119
37 37
7 7
7 7
8 8
1 1
19 19
75 75
25 25
123 123
55 55
0 0
120 120
39 39
39 39
8 8
8 8
1 1
20 20
78 78
26 26
121 121
60 60
План
Ожидаемое (прогноз до конца года)
Интер РАО(для ФСК)
Промышленныепотребители
Транспорт
Нефтедобыча
Нефтеперераб…
Нефтепроводы
Газопроводы
Сельское хозя…
Непромышлен…
Государственн…
Население иприравненныегруппыпотребителей
Территориальн…
Выручка, млрд. руб, по ПАО Россети на 2023 год
5 5
319 319
81 81
16 16
16 16
20 20
2 2
56 56
215 215
67 67
218 218
239 239
6 6
331 331
82 82
77 77
20 20
20 20
3 3
57 57
220 220
68 68
214 214
258 258
План
Ожидаемое (прогноз до конца года)
Интер РАО(для ФСК)
Промышленныепотребители
Транспорт
Нефтедобыча
Нефтеперераб…
Нефтепроводы
Газопроводы
Сельское хозя…
Непромышлен…
Государственн…
Население иприравненныегруппыпотребителей
Территориальн…
Отклонения по ПАО Россети на 2023 год
1.2% 1.2%
3.2% 3.2%
492.1% 492.1%
18.1% 18.1%
4.4% 4.4%
11.9% 11.9%
1.2% 1.2%
4.1% 4.1%
2.4% 2.4%
-1.4% -1.4%
9.7% 9.7%
⬤ Отклонение, %
Интер РАО (для ФСК)
Промышленные потребители
Транспорт
Нефтедобыча
Нефтепереработка
Нефтепроводы
Газопроводы
Сельское хозяйство и пищевая про…
Непромышленные потребители
Государственные (муниципальные)…
Население и приравненные группы…
Территориальные сетевые организ…
Выручка отклонения по ПАО Россети на 2023 год
15.6% 15.6%
3.8% 3.8%
1.2% 1.2%
398.2% 398.2%
26.9% 26.9%
-0.6% -0.6%
26.9% 26.9%
1.5% 1.5%
2.7% 2.7%
2.0% 2.0%
-2.0% -2.0%
7.9% 7.9%
⬤ Отклонение, %
Интер РАО (для ФСК)
Промышленные потребители
Транспорт
Нефтедобыча
Нефтепереработка
Нефтепроводы
Газопроводы
Сельское хозяйство и пищевая про…
Непромышленные потребители
Государственные (муниципальные)…
Население и приравненные группы…
Территориальные сетевые организ…
абс.
%
Прогноз на месяц 
Ноябрь
КПО/Отпуск из сети 
Котловой полезный отпуск, млн. кВт.ч
Организация 
Все
Прогноз электропотребления и выручки за услуги по передаче в разрезе отраслей'

28-03-2025T11:54:07 - [TEST_STEP][PASSED] - println("b5:" + b5): null

28-03-2025T11:54:07 - [TEST_STEP][PASSED] - b5 = b5.replaceAll("[^0-9]", ""): null

28-03-2025T11:54:07 - [TEST_STEP][PASSED] - println("b5:" + b5): null

28-03-2025T11:54:07 - [TEST_STEP][PASSED] - click(findTestObject("Прогноз по отраслям/Фильтр Сравнение с Стресс")): Object: 'Object Repository/Прогноз по отраслям/Фильтр Сравнение с Стресс' is clicked on

28-03-2025T11:54:07 - [MESSAGE][PASSED] - Object: 'Object Repository/Прогноз по отраслям/Фильтр Сравнение с Стресс' is clicked on

28-03-2025T11:54:07 - [TEST_STEP][PASSED] - click(findTestObject("Прогноз по отраслям/План СУ Стресс")): Object: 'Object Repository/Прогноз по отраслям/План СУ Стресс' is clicked on

28-03-2025T11:54:08 - [MESSAGE][PASSED] - Object: 'Object Repository/Прогноз по отраслям/План СУ Стресс' is clicked on

28-03-2025T11:54:08 - [TEST_STEP][PASSED] - delay(40): Delayed 40 second(s)

28-03-2025T11:54:48 - [MESSAGE][PASSED] - Delayed 40 second(s)

28-03-2025T11:54:48 - [TEST_STEP][PASSED] - b6 = getText(findTestObject("Прогноз по отраслям/Виджеты дашборда")): Text of object 'Object Repository/Прогноз по отраслям/Виджеты дашборда' is: 'Год 
2023 год
Сравнение с 
План/СУ
Динамика электропотребления, млрд. кВт.ч., по ПАО Россети на 2023 год
0 0
0 0
0 0
0 0
0 0
0 0
0 0
0 0
0 0
0 0
0 0
0 0
0 0
120 120
39 39
39 39
8 8
8 8
1 1
20 20
78 78
26 26
121 121
60 60
СУ
Ожидаемое (прогноз до конца года)
Интер РАО(для ФСК)
Промышленныепотребители
Транспорт
Нефтедобыча
Нефтеперераб…
Нефтепроводы
Газопроводы
Сельское хозя…
Непромышлен…
Государственн…
Население иприравненныегруппыпотребителей
Территориальн…
Выручка, млрд. руб, по ПАО Россети на 2023 год
6 6
331 331
82 82
77 77
20 20
20 20
3 3
57 57
220 220
68 68
214 214
258 258
Ожидаемое (прогноз до конца года)
Интер РАО(для ФСК)
Промышленныепотребители
Транспорт
Нефтедобыча
Нефтеперераб…
Нефтепроводы
Газопроводы
Сельское хозя…
Непромышлен…
Государственн…
Население иприравненныегруппыпотребителей
Территориальн…
Отклонения по ПАО Россети на 2023 год
⬤ Отклонение, %
Интер РАО (для ФСК)
Промышленные потребители
Транспорт
Нефтедобыча
Нефтепереработка
Нефтепроводы
Газопроводы
Сельское хозяйство и пищевая про…
Непромышленные потребители
Государственные (муниципальные)…
Население и приравненные группы…
Территориальные сетевые организ…
Выручка отклонения по ПАО Россети на 2023 год
⬤ Отклонение, %
Интер РАО (для ФСК)
Промышленные потребители
Транспорт
Нефтедобыча
Нефтепереработка
Нефтепроводы
Газопроводы
Сельское хозяйство и пищевая про…
Непромышленные потребители
Государственные (муниципальные)…
Население и приравненные группы…
Территориальные сетевые организ…
абс.
%
Прогноз на месяц 
Ноябрь
КПО/Отпуск из сети 
Котловой полезный отпуск, млн. кВт.ч
Организация 
Все
Прогноз электропотребления и выручки за услуги по передаче в разрезе отраслей'

28-03-2025T11:54:49 - [MESSAGE][PASSED] - Text of object 'Object Repository/Прогноз по отраслям/Виджеты дашборда' is: 'Год 
2023 год
Сравнение с 
План/СУ
Динамика электропотребления, млрд. кВт.ч., по ПАО Россети на 2023 год
0 0
0 0
0 0
0 0
0 0
0 0
0 0
0 0
0 0
0 0
0 0
0 0
0 0
120 120
39 39
39 39
8 8
8 8
1 1
20 20
78 78
26 26
121 121
60 60
СУ
Ожидаемое (прогноз до конца года)
Интер РАО(для ФСК)
Промышленныепотребители
Транспорт
Нефтедобыча
Нефтеперераб…
Нефтепроводы
Газопроводы
Сельское хозя…
Непромышлен…
Государственн…
Население иприравненныегруппыпотребителей
Территориальн…
Выручка, млрд. руб, по ПАО Россети на 2023 год
6 6
331 331
82 82
77 77
20 20
20 20
3 3
57 57
220 220
68 68
214 214
258 258
Ожидаемое (прогноз до конца года)
Интер РАО(для ФСК)
Промышленныепотребители
Транспорт
Нефтедобыча
Нефтеперераб…
Нефтепроводы
Газопроводы
Сельское хозя…
Непромышлен…
Государственн…
Население иприравненныегруппыпотребителей
Территориальн…
Отклонения по ПАО Россети на 2023 год
⬤ Отклонение, %
Интер РАО (для ФСК)
Промышленные потребители
Транспорт
Нефтедобыча
Нефтепереработка
Нефтепроводы
Газопроводы
Сельское хозяйство и пищевая про…
Непромышленные потребители
Государственные (муниципальные)…
Население и приравненные группы…
Территориальные сетевые организ…
Выручка отклонения по ПАО Россети на 2023 год
⬤ Отклонение, %
Интер РАО (для ФСК)
Промышленные потребители
Транспорт
Нефтедобыча
Нефтепереработка
Нефтепроводы
Газопроводы
Сельское хозяйство и пищевая про…
Непромышленные потребители
Государственные (муниципальные)…
Население и приравненные группы…
Территориальные сетевые организ…
абс.
%
Прогноз на месяц 
Ноябрь
КПО/Отпуск из сети 
Котловой полезный отпуск, млн. кВт.ч
Организация 
Все
Прогноз электропотребления и выручки за услуги по передаче в разрезе отраслей'

28-03-2025T11:54:49 - [TEST_STEP][PASSED] - b6 = b6.replaceAll("[^0-9]", ""): null

28-03-2025T11:54:49 - [TEST_STEP][PASSED] - println("b6:" + b6): null

28-03-2025T11:54:49 - [TEST_STEP][PASSED] - click(findTestObject("Прогноз по отраслям/Переключить отображение с процентов на абс Стресс-сценарий")): Object: 'Object Repository/Прогноз по отраслям/Переключить отображение с процентов на абс Стресс-сценарий' is clicked on

28-03-2025T11:54:49 - [MESSAGE][PASSED] - Object: 'Object Repository/Прогноз по отраслям/Переключить отображение с процентов на абс Стресс-сценарий' is clicked on

28-03-2025T11:54:49 - [TEST_STEP][PASSED] - click(findTestObject("Прогноз по отраслям/Фильтр Сравнение с Стресс")): Object: 'Object Repository/Прогноз по отраслям/Фильтр Сравнение с Стресс' is clicked on

28-03-2025T11:54:50 - [MESSAGE][PASSED] - Object: 'Object Repository/Прогноз по отраслям/Фильтр Сравнение с Стресс' is clicked on

28-03-2025T11:54:50 - [TEST_STEP][PASSED] - click(findTestObject("Прогноз по отраслям/Факт прошлого года Стресс")): Object: 'Object Repository/Прогноз по отраслям/Факт прошлого года Стресс' is clicked on

28-03-2025T11:54:51 - [MESSAGE][PASSED] - Object: 'Object Repository/Прогноз по отраслям/Факт прошлого года Стресс' is clicked on

28-03-2025T11:54:51 - [TEST_STEP][PASSED] - click(findTestObject("Прогноз по отраслям/Фильтр КПО-Отпуск Стресс")): Object: 'Object Repository/Прогноз по отраслям/Фильтр КПО-Отпуск Стресс' is clicked on

28-03-2025T11:54:52 - [MESSAGE][PASSED] - Object: 'Object Repository/Прогноз по отраслям/Фильтр КПО-Отпуск Стресс' is clicked on

28-03-2025T11:54:52 - [TEST_STEP][PASSED] - click(findTestObject("Прогноз по отраслям/Отпуск Стресс")): Object: 'Object Repository/Прогноз по отраслям/Отпуск Стресс' is clicked on

28-03-2025T11:54:53 - [MESSAGE][PASSED] - Object: 'Object Repository/Прогноз по отраслям/Отпуск Стресс' is clicked on

28-03-2025T11:54:53 - [TEST_STEP][PASSED] - delay(40): Delayed 40 second(s)

28-03-2025T11:55:33 - [MESSAGE][PASSED] - Delayed 40 second(s)

28-03-2025T11:55:33 - [TEST_STEP][PASSED] - b7 = getText(findTestObject("Прогноз по отраслям/Виджеты дашборда")): Text of object 'Object Repository/Прогноз по отраслям/Виджеты дашборда' is: 'Год 
2023 год
Сравнение с 
Факт прошлого года
Отклонения по ПАО Россети на 2023 год
-2 263.5 -2 263.5
11 054.6 11 054.6
1 280.2 1 280.2
-1 947.5 -1 947.5
90.9 90.9
-3 845.0 -3 845.0
4 162.1 4 162.1
651.7 651.7
-4 727.7 -4 727.7
256.5 256.5
-723.9 -723.9
4 292.3 4 292.3
⬤ Отклонение, млн. кВт.ч
Интер РАО (для ФСК)
Промышленные потребители
Транспорт
Нефтедобыча
Нефтепереработка
Нефтепроводы
Газопроводы
Сельское хозяйство и пищевая про…
Непромышленные потребители
Государственные (муниципальные…
Население и приравненные группы…
Территориальные сетевые организ…
Выручка отклонения по ПАО Россети на 2023 год
421.3 421.3
45 574.9 45 574.9
9 547.5 9 547.5
4 889.3 4 889.3
2 337.4 2 337.4
-1 682.6 -1 682.6
2 919.4 2 919.4
7 110.2 7 110.2
19 840.8 19 840.8
7 289.5 7 289.5
23 664.8 23 664.8
31 028.3 31 028.3
⬤ Отклонение, млн. руб
Интер РАО (для ФСК)
Промышленные потребители
Транспорт
Нефтедобыча
Нефтепереработка
Нефтепроводы
Газопроводы
Сельское хозяйство и пищевая про…
Непромышленные потребители
Государственные (муниципальные…
Население и приравненные группы…
Территориальные сетевые организ…
Динамика электропотребления, млрд. кВт.ч., по ПАО Россети на 2023 год
12 12
186 186
36 36
50 50
10 10
19 19
0 0
17 17
85 85
19 19
82 82
604 604
10 10
197 197
37 37
48 48
10 10
15 15
4 4
18 18
80 80
19 19
82 82
608 608
Факт прошлого года
Ожидаемое (прогноз до конца года)
Интер РАО(для ФСК)
Промышленныепотребители
Транспорт
Нефтедобыча
Нефтеперераб…
Нефтепроводы
Газопроводы
Сельское хозя…
Непромышлен…
Государственн…
Население иприравненныегруппыпотребителей
Территориальн…
Выручка, млрд. руб, по ПАО Россети на 2023 год
5 5
285 285
72 72
72 72
18 18
22 22
0 0
50 50
201 201
61 61
190 190
227 227
6 6
331 331
82 82
77 77
20 20
20 20
3 3
57 57
220 220
68 68
214 214
258 258
Факт прошлого года
Ожидаемое (прогноз до конца года)
Интер РАО(для ФСК)
Промышленныепотребители
Транспорт
Нефтедобыча
Нефтеперераб…
Нефтепроводы
Газопроводы
Сельское хозя…
Непромышлен…
Государственн…
Население иприравненныегруппыпотребителей
Территориальн…
абс.
%
Прогноз на месяц 
Ноябрь
КПО/Отпуск из сети 
Отпуск из сети, млн. кВт.ч
Организация 
Все
Прогноз электропотребления и выручки за услуги по передаче в разрезе отраслей'

28-03-2025T11:55:34 - [MESSAGE][PASSED] - Text of object 'Object Repository/Прогноз по отраслям/Виджеты дашборда' is: 'Год 
2023 год
Сравнение с 
Факт прошлого года
Отклонения по ПАО Россети на 2023 год
-2 263.5 -2 263.5
11 054.6 11 054.6
1 280.2 1 280.2
-1 947.5 -1 947.5
90.9 90.9
-3 845.0 -3 845.0
4 162.1 4 162.1
651.7 651.7
-4 727.7 -4 727.7
256.5 256.5
-723.9 -723.9
4 292.3 4 292.3
⬤ Отклонение, млн. кВт.ч
Интер РАО (для ФСК)
Промышленные потребители
Транспорт
Нефтедобыча
Нефтепереработка
Нефтепроводы
Газопроводы
Сельское хозяйство и пищевая про…
Непромышленные потребители
Государственные (муниципальные…
Население и приравненные группы…
Территориальные сетевые организ…
Выручка отклонения по ПАО Россети на 2023 год
421.3 421.3
45 574.9 45 574.9
9 547.5 9 547.5
4 889.3 4 889.3
2 337.4 2 337.4
-1 682.6 -1 682.6
2 919.4 2 919.4
7 110.2 7 110.2
19 840.8 19 840.8
7 289.5 7 289.5
23 664.8 23 664.8
31 028.3 31 028.3
⬤ Отклонение, млн. руб
Интер РАО (для ФСК)
Промышленные потребители
Транспорт
Нефтедобыча
Нефтепереработка
Нефтепроводы
Газопроводы
Сельское хозяйство и пищевая про…
Непромышленные потребители
Государственные (муниципальные…
Население и приравненные группы…
Территориальные сетевые организ…
Динамика электропотребления, млрд. кВт.ч., по ПАО Россети на 2023 год
12 12
186 186
36 36
50 50
10 10
19 19
0 0
17 17
85 85
19 19
82 82
604 604
10 10
197 197
37 37
48 48
10 10
15 15
4 4
18 18
80 80
19 19
82 82
608 608
Факт прошлого года
Ожидаемое (прогноз до конца года)
Интер РАО(для ФСК)
Промышленныепотребители
Транспорт
Нефтедобыча
Нефтеперераб…
Нефтепроводы
Газопроводы
Сельское хозя…
Непромышлен…
Государственн…
Население иприравненныегруппыпотребителей
Территориальн…
Выручка, млрд. руб, по ПАО Россети на 2023 год
5 5
285 285
72 72
72 72
18 18
22 22
0 0
50 50
201 201
61 61
190 190
227 227
6 6
331 331
82 82
77 77
20 20
20 20
3 3
57 57
220 220
68 68
214 214
258 258
Факт прошлого года
Ожидаемое (прогноз до конца года)
Интер РАО(для ФСК)
Промышленныепотребители
Транспорт
Нефтедобыча
Нефтеперераб…
Нефтепроводы
Газопроводы
Сельское хозя…
Непромышлен…
Государственн…
Население иприравненныегруппыпотребителей
Территориальн…
абс.
%
Прогноз на месяц 
Ноябрь
КПО/Отпуск из сети 
Отпуск из сети, млн. кВт.ч
Организация 
Все
Прогноз электропотребления и выручки за услуги по передаче в разрезе отраслей'

28-03-2025T11:55:34 - [TEST_STEP][PASSED] - b7 = b7.replaceAll("[^0-9]", ""): null

28-03-2025T11:55:34 - [TEST_STEP][PASSED] - println("b7:" + b7): null

28-03-2025T11:55:34 - [TEST_STEP][PASSED] - click(findTestObject("Прогноз по отраслям/Фильтр Сравнение с Стресс")): Object: 'Object Repository/Прогноз по отраслям/Фильтр Сравнение с Стресс' is clicked on

28-03-2025T11:55:34 - [MESSAGE][PASSED] - Object: 'Object Repository/Прогноз по отраслям/Фильтр Сравнение с Стресс' is clicked on

28-03-2025T11:55:34 - [TEST_STEP][PASSED] - click(findTestObject("Прогноз по отраслям/План Стресс")): Object: 'Object Repository/Прогноз по отраслям/План Стресс' is clicked on

28-03-2025T11:55:36 - [MESSAGE][PASSED] - Object: 'Object Repository/Прогноз по отраслям/План Стресс' is clicked on

28-03-2025T11:55:36 - [TEST_STEP][PASSED] - delay(40): Delayed 40 second(s)

28-03-2025T11:56:16 - [MESSAGE][PASSED] - Delayed 40 second(s)

28-03-2025T11:56:16 - [TEST_STEP][PASSED] - b8 = getText(findTestObject("Прогноз по отраслям/Виджеты дашборда")): Text of object 'Object Repository/Прогноз по отраслям/Виджеты дашборда' is: 'Год 
2023 год
Сравнение с 
План
Отклонения по ПАО Россети на 2023 год
-492.2 -492.2
7 165.1 7 165.1
689.3 689.3
33 271.7 33 271.7
986.4 986.4
593.8 593.8
764.0 764.0
670.4 670.4
-592.4 -592.4
308.8 308.8
-940.9 -940.9
19 604.1 19 604.1
⬤ Отклонение, млн. кВт.ч
Интер РАО (для ФСК)
Промышленные потребители
Транспорт
Нефтедобыча
Нефтепереработка
Нефтепроводы
Газопроводы
Сельское хозяйство и пищевая про…
Непромышленные потребители
Государственные (муниципальные…
Население и приравненные группы…
Территориальные сетевые организ…
Выручка отклонения по ПАО Россети на 2023 год
794.9 794.9
12 195.0 12 195.0
972.7 972.7
61 803.9 61 803.9
4 222.3 4 222.3
-121.8 -121.8
666.2 666.2
873.2 873.2
5 809.6 5 809.6
1 342.6 1 342.6
-4 463.2 -4 463.2
18 375.5 18 375.5
⬤ Отклонение, млн. руб
Интер РАО (для ФСК)
Промышленные потребители
Транспорт
Нефтедобыча
Нефтепереработка
Нефтепроводы
Газопроводы
Сельское хозяйство и пищевая про…
Непромышленные потребители
Государственные (муниципальные…
Население и приравненные группы…
Территориальные сетевые организ…
Динамика электропотребления, млрд. кВт.ч., по ПАО Россети на 2023 год
10 10
190 190
36 36
14 14
9 9
14 14
4 4
17 17
80 80
19 19
82 82
588 588
10 10
197 197
37 37
48 48
10 10
15 15
4 4
18 18
80 80
19 19
82 82
608 608
План
Ожидаемое (прогноз до конца года)
Интер РАО(для ФСК)
Промышленныепотребители
Транспорт
Нефтедобыча
Нефтеперераб…
Нефтепроводы
Газопроводы
Сельское хозя…
Непромышлен…
Государственн…
Население иприравненныегруппыпотребителей
Территориальн…
Выручка, млрд. руб, по ПАО Россети на 2023 год
5 5
319 319
81 81
16 16
16 16
20 20
2 2
56 56
215 215
67 67
218 218
239 239
6 6
331 331
82 82
77 77
20 20
20 20
3 3
57 57
220 220
68 68
214 214
258 258
План
Ожидаемое (прогноз до конца года)
Интер РАО(для ФСК)
Промышленныепотребители
Транспорт
Нефтедобыча
Нефтеперераб…
Нефтепроводы
Газопроводы
Сельское хозя…
Непромышлен…
Государственн…
Население иприравненныегруппыпотребителей
Территориальн…
абс.
%
Прогноз на месяц 
Ноябрь
КПО/Отпуск из сети 
Отпуск из сети, млн. кВт.ч
Организация 
Все
Прогноз электропотребления и выручки за услуги по передаче в разрезе отраслей'

28-03-2025T11:56:16 - [MESSAGE][PASSED] - Text of object 'Object Repository/Прогноз по отраслям/Виджеты дашборда' is: 'Год 
2023 год
Сравнение с 
План
Отклонения по ПАО Россети на 2023 год
-492.2 -492.2
7 165.1 7 165.1
689.3 689.3
33 271.7 33 271.7
986.4 986.4
593.8 593.8
764.0 764.0
670.4 670.4
-592.4 -592.4
308.8 308.8
-940.9 -940.9
19 604.1 19 604.1
⬤ Отклонение, млн. кВт.ч
Интер РАО (для ФСК)
Промышленные потребители
Транспорт
Нефтедобыча
Нефтепереработка
Нефтепроводы
Газопроводы
Сельское хозяйство и пищевая про…
Непромышленные потребители
Государственные (муниципальные…
Население и приравненные группы…
Территориальные сетевые организ…
Выручка отклонения по ПАО Россети на 2023 год
794.9 794.9
12 195.0 12 195.0
972.7 972.7
61 803.9 61 803.9
4 222.3 4 222.3
-121.8 -121.8
666.2 666.2
873.2 873.2
5 809.6 5 809.6
1 342.6 1 342.6
-4 463.2 -4 463.2
18 375.5 18 375.5
⬤ Отклонение, млн. руб
Интер РАО (для ФСК)
Промышленные потребители
Транспорт
Нефтедобыча
Нефтепереработка
Нефтепроводы
Газопроводы
Сельское хозяйство и пищевая про…
Непромышленные потребители
Государственные (муниципальные…
Население и приравненные группы…
Территориальные сетевые организ…
Динамика электропотребления, млрд. кВт.ч., по ПАО Россети на 2023 год
10 10
190 190
36 36
14 14
9 9
14 14
4 4
17 17
80 80
19 19
82 82
588 588
10 10
197 197
37 37
48 48
10 10
15 15
4 4
18 18
80 80
19 19
82 82
608 608
План
Ожидаемое (прогноз до конца года)
Интер РАО(для ФСК)
Промышленныепотребители
Транспорт
Нефтедобыча
Нефтеперераб…
Нефтепроводы
Газопроводы
Сельское хозя…
Непромышлен…
Государственн…
Население иприравненныегруппыпотребителей
Территориальн…
Выручка, млрд. руб, по ПАО Россети на 2023 год
5 5
319 319
81 81
16 16
16 16
20 20
2 2
56 56
215 215
67 67
218 218
239 239
6 6
331 331
82 82
77 77
20 20
20 20
3 3
57 57
220 220
68 68
214 214
258 258
План
Ожидаемое (прогноз до конца года)
Интер РАО(для ФСК)
Промышленныепотребители
Транспорт
Нефтедобыча
Нефтеперераб…
Нефтепроводы
Газопроводы
Сельское хозя…
Непромышлен…
Государственн…
Население иприравненныегруппыпотребителей
Территориальн…
абс.
%
Прогноз на месяц 
Ноябрь
КПО/Отпуск из сети 
Отпуск из сети, млн. кВт.ч
Организация 
Все
Прогноз электропотребления и выручки за услуги по передаче в разрезе отраслей'

28-03-2025T11:56:16 - [TEST_STEP][PASSED] - b8 = b8.replaceAll("[^0-9]", ""): null

28-03-2025T11:56:16 - [TEST_STEP][PASSED] - println("b8:" + b8): null

28-03-2025T11:56:16 - [TEST_STEP][PASSED] - click(findTestObject("Прогноз по отраслям/Фильтр Сравнение с Стресс")): Object: 'Object Repository/Прогноз по отраслям/Фильтр Сравнение с Стресс' is clicked on

28-03-2025T11:56:17 - [MESSAGE][PASSED] - Object: 'Object Repository/Прогноз по отраслям/Фильтр Сравнение с Стресс' is clicked on

28-03-2025T11:56:17 - [TEST_STEP][PASSED] - click(findTestObject("Прогноз по отраслям/План СУ Стресс")): Object: 'Object Repository/Прогноз по отраслям/План СУ Стресс' is clicked on

28-03-2025T11:56:18 - [MESSAGE][PASSED] - Object: 'Object Repository/Прогноз по отраслям/План СУ Стресс' is clicked on

28-03-2025T11:56:18 - [TEST_STEP][PASSED] - delay(40): Delayed 40 second(s)

28-03-2025T11:56:58 - [MESSAGE][PASSED] - Delayed 40 second(s)

28-03-2025T11:56:58 - [TEST_STEP][PASSED] - b9 = getText(findTestObject("Прогноз по отраслям/Виджеты дашборда")): Text of object 'Object Repository/Прогноз по отраслям/Виджеты дашборда' is: 'Год 
2023 год
Сравнение с 
План/СУ
Отклонения по ПАО Россети на 2023 год
243.5 243.5
16 024.4 16 024.4
1 255.1 1 255.1
32 869.9 32 869.9
1 135.7 1 135.7
950.0 950.0
511.1 511.1
1 324.2 1 324.2
-5 962.8 -5 962.8
433.5 433.5
2 431.5 2 431.5
22 321.4 22 321.4
⬤ Отклонение, млн. кВт.ч
Интер РАО (для ФСК)
Промышленные потребители
Транспорт
Нефтедобыча
Нефтепереработка
Нефтепроводы
Газопроводы
Сельское хозяйство и пищевая про…
Непромышленные потребители
Государственные (муниципальные…
Население и приравненные группы…
Территориальные сетевые организ…
Выручка отклонения по ПАО Россети на 2023 год
⬤ Отклонение, млн. руб
Интер РАО (для ФСК)
Промышленные потребители
Транспорт
Нефтедобыча
Нефтепереработка
Нефтепроводы
Газопроводы
Сельское хозяйство и пищевая про…
Непромышленные потребители
Государственные (муниципальные…
Население и приравненные группы…
Территориальные сетевые организ…
Динамика электропотребления, млрд. кВт.ч., по ПАО Россети на 2023 год
10 10
181 181
36 36
15 15
9 9
14 14
4 4
16 16
86 86
19 19
79 79
586 586
10 10
197 197
37 37
48 48
10 10
15 15
4 4
18 18
80 80
19 19
82 82
608 608
СУ
Ожидаемое (прогноз до конца года)
Интер РАО(для ФСК)
Промышленныепотребители
Транспорт
Нефтедобыча
Нефтеперераб…
Нефтепроводы
Газопроводы
Сельское хозя…
Непромышлен…
Государственн…
Население иприравненныегруппыпотребителей
Территориальн…
Выручка, млрд. руб, по ПАО Россети на 2023 год
6 6
331 331
82 82
77 77
20 20
20 20
3 3
57 57
220 220
68 68
214 214
258 258
Ожидаемое (прогноз до конца года)
Интер РАО(для ФСК)
Промышленныепотребители
Транспорт
Нефтедобыча
Нефтеперераб…
Нефтепроводы
Газопроводы
Сельское хозя…
Непромышлен…
Государственн…
Население иприравненныегруппыпотребителей
Территориальн…
абс.
%
Прогноз на месяц 
Ноябрь
КПО/Отпуск из сети 
Отпуск из сети, млн. кВт.ч
Организация 
Все
Прогноз электропотребления и выручки за услуги по передаче в разрезе отраслей'

28-03-2025T11:56:59 - [MESSAGE][PASSED] - Text of object 'Object Repository/Прогноз по отраслям/Виджеты дашборда' is: 'Год 
2023 год
Сравнение с 
План/СУ
Отклонения по ПАО Россети на 2023 год
243.5 243.5
16 024.4 16 024.4
1 255.1 1 255.1
32 869.9 32 869.9
1 135.7 1 135.7
950.0 950.0
511.1 511.1
1 324.2 1 324.2
-5 962.8 -5 962.8
433.5 433.5
2 431.5 2 431.5
22 321.4 22 321.4
⬤ Отклонение, млн. кВт.ч
Интер РАО (для ФСК)
Промышленные потребители
Транспорт
Нефтедобыча
Нефтепереработка
Нефтепроводы
Газопроводы
Сельское хозяйство и пищевая про…
Непромышленные потребители
Государственные (муниципальные…
Население и приравненные группы…
Территориальные сетевые организ…
Выручка отклонения по ПАО Россети на 2023 год
⬤ Отклонение, млн. руб
Интер РАО (для ФСК)
Промышленные потребители
Транспорт
Нефтедобыча
Нефтепереработка
Нефтепроводы
Газопроводы
Сельское хозяйство и пищевая про…
Непромышленные потребители
Государственные (муниципальные…
Население и приравненные группы…
Территориальные сетевые организ…
Динамика электропотребления, млрд. кВт.ч., по ПАО Россети на 2023 год
10 10
181 181
36 36
15 15
9 9
14 14
4 4
16 16
86 86
19 19
79 79
586 586
10 10
197 197
37 37
48 48
10 10
15 15
4 4
18 18
80 80
19 19
82 82
608 608
СУ
Ожидаемое (прогноз до конца года)
Интер РАО(для ФСК)
Промышленныепотребители
Транспорт
Нефтедобыча
Нефтеперераб…
Нефтепроводы
Газопроводы
Сельское хозя…
Непромышлен…
Государственн…
Население иприравненныегруппыпотребителей
Территориальн…
Выручка, млрд. руб, по ПАО Россети на 2023 год
6 6
331 331
82 82
77 77
20 20
20 20
3 3
57 57
220 220
68 68
214 214
258 258
Ожидаемое (прогноз до конца года)
Интер РАО(для ФСК)
Промышленныепотребители
Транспорт
Нефтедобыча
Нефтеперераб…
Нефтепроводы
Газопроводы
Сельское хозя…
Непромышлен…
Государственн…
Население иприравненныегруппыпотребителей
Территориальн…
абс.
%
Прогноз на месяц 
Ноябрь
КПО/Отпуск из сети 
Отпуск из сети, млн. кВт.ч
Организация 
Все
Прогноз электропотребления и выручки за услуги по передаче в разрезе отраслей'

28-03-2025T11:56:59 - [TEST_STEP][PASSED] - b9 = b9.replaceAll("[^0-9]", ""): null

28-03-2025T11:56:59 - [TEST_STEP][PASSED] - println("b9:" + b9): null

28-03-2025T11:56:59 - [TEST_STEP][PASSED] - click(findTestObject("Прогноз по отраслям/Фильтр Сравнение с Стресс")): Object: 'Object Repository/Прогноз по отраслям/Фильтр Сравнение с Стресс' is clicked on

28-03-2025T11:56:59 - [MESSAGE][PASSED] - Object: 'Object Repository/Прогноз по отраслям/Фильтр Сравнение с Стресс' is clicked on

28-03-2025T11:56:59 - [TEST_STEP][PASSED] - click(findTestObject("Прогноз по отраслям/Факт прошлого года Стресс")): Object: 'Object Repository/Прогноз по отраслям/Факт прошлого года Стресс' is clicked on

28-03-2025T11:57:00 - [MESSAGE][PASSED] - Object: 'Object Repository/Прогноз по отраслям/Факт прошлого года Стресс' is clicked on

28-03-2025T11:57:00 - [TEST_STEP][PASSED] - click(findTestObject("Прогноз по отраслям/Фильтр КПО-Отпуск Стресс")): Object: 'Object Repository/Прогноз по отраслям/Фильтр КПО-Отпуск Стресс' is clicked on

28-03-2025T11:57:02 - [MESSAGE][PASSED] - Object: 'Object Repository/Прогноз по отраслям/Фильтр КПО-Отпуск Стресс' is clicked on

28-03-2025T11:57:02 - [TEST_STEP][PASSED] - click(findTestObject("Прогноз по отраслям/КПО Стресс")): Object: 'Object Repository/Прогноз по отраслям/КПО Стресс' is clicked on

28-03-2025T11:57:03 - [MESSAGE][PASSED] - Object: 'Object Repository/Прогноз по отраслям/КПО Стресс' is clicked on

28-03-2025T11:57:03 - [TEST_STEP][PASSED] - delay(40): Delayed 40 second(s)

28-03-2025T11:57:43 - [MESSAGE][PASSED] - Delayed 40 second(s)

28-03-2025T11:57:43 - [TEST_STEP][PASSED] - b10 = getText(findTestObject("Прогноз по отраслям/Виджеты дашборда")): Text of object 'Object Repository/Прогноз по отраслям/Виджеты дашборда' is: 'Год 
2023 год
Сравнение с 
Факт прошлого года
Отклонения по ПАО Россети на 2023 год
0.0 0.0
646.5 646.5
341.1 341.1
-2 455.6 -2 455.6
245.6 245.6
-1 796.0 -1 796.0
676.2 676.2
452.4 452.4
1 386.2 1 386.2
527.5 527.5
-1 130.4 -1 130.4
-128.7 -128.7
⬤ Отклонение, млн. кВт.ч
Интер РАО (для ФСК)
Промышленные потребители
Транспорт
Нефтедобыча
Нефтепереработка
Нефтепроводы
Газопроводы
Сельское хозяйство и пищевая про…
Непромышленные потребители
Государственные (муниципальные…
Население и приравненные группы…
Территориальные сетевые организ…
Выручка отклонения по ПАО Россети на 2023 год
421.3 421.3
45 574.9 45 574.9
9 547.5 9 547.5
4 889.3 4 889.3
2 337.4 2 337.4
-1 682.6 -1 682.6
2 919.4 2 919.4
7 110.2 7 110.2
19 840.8 19 840.8
7 289.5 7 289.5
23 664.8 23 664.8
31 028.3 31 028.3
⬤ Отклонение, млн. руб
Интер РАО (для ФСК)
Промышленные потребители
Транспорт
Нефтедобыча
Нефтепереработка
Нефтепроводы
Газопроводы
Сельское хозяйство и пищевая про…
Непромышленные потребители
Государственные (муниципальные…
Население и приравненные группы…
Территориальные сетевые организ…
Динамика электропотребления, млрд. кВт.ч., по ПАО Россети на 2023 год
0 0
120 120
38 38
41 41
8 8
10 10
0 0
19 19
77 77
25 25
122 122
61 61
0 0
120 120
39 39
39 39
8 8
8 8
1 1
20 20
78 78
26 26
121 121
60 60
Факт прошлого года
Ожидаемое (прогноз до конца года)
Интер РАО(для ФСК)
Промышленныепотребители
Транспорт
Нефтедобыча
Нефтеперераб…
Нефтепроводы
Газопроводы
Сельское хозя…
Непромышлен…
Государственн…
Население иприравненныегруппыпотребителей
Территориальн…
Выручка, млрд. руб, по ПАО Россети на 2023 год
5 5
285 285
72 72
72 72
18 18
22 22
0 0
50 50
201 201
61 61
190 190
227 227
6 6
331 331
82 82
77 77
20 20
20 20
3 3
57 57
220 220
68 68
214 214
258 258
Факт прошлого года
Ожидаемое (прогноз до конца года)
Интер РАО(для ФСК)
Промышленныепотребители
Транспорт
Нефтедобыча
Нефтеперераб…
Нефтепроводы
Газопроводы
Сельское хозя…
Непромышлен…
Государственн…
Население иприравненныегруппыпотребителей
Территориальн…
абс.
%
Прогноз на месяц 
Ноябрь
КПО/Отпуск из сети 
Котловой полезный отпуск, млн. кВт.ч
Организация 
Все
Прогноз электропотребления и выручки за услуги по передаче в разрезе отраслей'

28-03-2025T11:57:44 - [MESSAGE][PASSED] - Text of object 'Object Repository/Прогноз по отраслям/Виджеты дашборда' is: 'Год 
2023 год
Сравнение с 
Факт прошлого года
Отклонения по ПАО Россети на 2023 год
0.0 0.0
646.5 646.5
341.1 341.1
-2 455.6 -2 455.6
245.6 245.6
-1 796.0 -1 796.0
676.2 676.2
452.4 452.4
1 386.2 1 386.2
527.5 527.5
-1 130.4 -1 130.4
-128.7 -128.7
⬤ Отклонение, млн. кВт.ч
Интер РАО (для ФСК)
Промышленные потребители
Транспорт
Нефтедобыча
Нефтепереработка
Нефтепроводы
Газопроводы
Сельское хозяйство и пищевая про…
Непромышленные потребители
Государственные (муниципальные…
Население и приравненные группы…
Территориальные сетевые организ…
Выручка отклонения по ПАО Россети на 2023 год
421.3 421.3
45 574.9 45 574.9
9 547.5 9 547.5
4 889.3 4 889.3
2 337.4 2 337.4
-1 682.6 -1 682.6
2 919.4 2 919.4
7 110.2 7 110.2
19 840.8 19 840.8
7 289.5 7 289.5
23 664.8 23 664.8
31 028.3 31 028.3
⬤ Отклонение, млн. руб
Интер РАО (для ФСК)
Промышленные потребители
Транспорт
Нефтедобыча
Нефтепереработка
Нефтепроводы
Газопроводы
Сельское хозяйство и пищевая про…
Непромышленные потребители
Государственные (муниципальные…
Население и приравненные группы…
Территориальные сетевые организ…
Динамика электропотребления, млрд. кВт.ч., по ПАО Россети на 2023 год
0 0
120 120
38 38
41 41
8 8
10 10
0 0
19 19
77 77
25 25
122 122
61 61
0 0
120 120
39 39
39 39
8 8
8 8
1 1
20 20
78 78
26 26
121 121
60 60
Факт прошлого года
Ожидаемое (прогноз до конца года)
Интер РАО(для ФСК)
Промышленныепотребители
Транспорт
Нефтедобыча
Нефтеперераб…
Нефтепроводы
Газопроводы
Сельское хозя…
Непромышлен…
Государственн…
Население иприравненныегруппыпотребителей
Территориальн…
Выручка, млрд. руб, по ПАО Россети на 2023 год
5 5
285 285
72 72
72 72
18 18
22 22
0 0
50 50
201 201
61 61
190 190
227 227
6 6
331 331
82 82
77 77
20 20
20 20
3 3
57 57
220 220
68 68
214 214
258 258
Факт прошлого года
Ожидаемое (прогноз до конца года)
Интер РАО(для ФСК)
Промышленныепотребители
Транспорт
Нефтедобыча
Нефтеперераб…
Нефтепроводы
Газопроводы
Сельское хозя…
Непромышлен…
Государственн…
Население иприравненныегруппыпотребителей
Территориальн…
абс.
%
Прогноз на месяц 
Ноябрь
КПО/Отпуск из сети 
Котловой полезный отпуск, млн. кВт.ч
Организация 
Все
Прогноз электропотребления и выручки за услуги по передаче в разрезе отраслей'

28-03-2025T11:57:44 - [TEST_STEP][PASSED] - b10 = b10.replaceAll("[^0-9]", ""): null

28-03-2025T11:57:44 - [TEST_STEP][PASSED] - println("b10:" + b10): null

28-03-2025T11:57:44 - [TEST_STEP][PASSED] - click(findTestObject("Прогноз по отраслям/Фильтр Сравнение с Стресс")): Object: 'Object Repository/Прогноз по отраслям/Фильтр Сравнение с Стресс' is clicked on

28-03-2025T11:57:44 - [MESSAGE][PASSED] - Object: 'Object Repository/Прогноз по отраслям/Фильтр Сравнение с Стресс' is clicked on

28-03-2025T11:57:44 - [TEST_STEP][PASSED] - click(findTestObject("Прогноз по отраслям/План Стресс")): Object: 'Object Repository/Прогноз по отраслям/План Стресс' is clicked on

28-03-2025T11:57:45 - [MESSAGE][PASSED] - Object: 'Object Repository/Прогноз по отраслям/План Стресс' is clicked on

28-03-2025T11:57:45 - [TEST_STEP][PASSED] - delay(40): Delayed 40 second(s)

28-03-2025T11:58:25 - [MESSAGE][PASSED] - Delayed 40 second(s)

28-03-2025T11:58:25 - [TEST_STEP][PASSED] - b11 = getText(findTestObject("Прогноз по отраслям/Виджеты дашборда")): Text of object 'Object Repository/Прогноз по отраслям/Виджеты дашборда' is: 'Год 
2023 год
Сравнение с 
План
Отклонения по ПАО Россети на 2023 год
0.0 0.0
1 471.7 1 471.7
1 186.5 1 186.5
32 445.2 32 445.2
1 268.3 1 268.3
349.4 349.4
84.3 84.3
239.8 239.8
2 969.4 2 969.4
589.2 589.2
-1 798.4 -1 798.4
5 359.3 5 359.3
⬤ Отклонение, млн. кВт.ч
Интер РАО (для ФСК)
Промышленные потребители
Транспорт
Нефтедобыча
Нефтепереработка
Нефтепроводы
Газопроводы
Сельское хозяйство и пищевая про…
Непромышленные потребители
Государственные (муниципальные…
Население и приравненные группы…
Территориальные сетевые организ…
Выручка отклонения по ПАО Россети на 2023 год
794.9 794.9
12 195.0 12 195.0
972.7 972.7
61 803.9 61 803.9
4 222.3 4 222.3
-121.8 -121.8
666.2 666.2
873.2 873.2
5 809.6 5 809.6
1 342.6 1 342.6
-4 463.2 -4 463.2
18 375.5 18 375.5
⬤ Отклонение, млн. руб
Интер РАО (для ФСК)
Промышленные потребители
Транспорт
Нефтедобыча
Нефтепереработка
Нефтепроводы
Газопроводы
Сельское хозяйство и пищевая про…
Непромышленные потребители
Государственные (муниципальные…
Население и приравненные группы…
Территориальные сетевые организ…
Динамика электропотребления, млрд. кВт.ч., по ПАО Россети на 2023 год
0 0
119 119
37 37
7 7
7 7
8 8
1 1
19 19
75 75
25 25
123 123
55 55
0 0
120 120
39 39
39 39
8 8
8 8
1 1
20 20
78 78
26 26
121 121
60 60
План
Ожидаемое (прогноз до конца года)
Интер РАО(для ФСК)
Промышленныепотребители
Транспорт
Нефтедобыча
Нефтеперераб…
Нефтепроводы
Газопроводы
Сельское хозя…
Непромышлен…
Государственн…
Население иприравненныегруппыпотребителей
Территориальн…
Выручка, млрд. руб, по ПАО Россети на 2023 год
5 5
319 319
81 81
16 16
16 16
20 20
2 2
56 56
215 215
67 67
218 218
239 239
6 6
331 331
82 82
77 77
20 20
20 20
3 3
57 57
220 220
68 68
214 214
258 258
План
Ожидаемое (прогноз до конца года)
Интер РАО(для ФСК)
Промышленныепотребители
Транспорт
Нефтедобыча
Нефтеперераб…
Нефтепроводы
Газопроводы
Сельское хозя…
Непромышлен…
Государственн…
Население иприравненныегруппыпотребителей
Территориальн…
абс.
%
Прогноз на месяц 
Ноябрь
КПО/Отпуск из сети 
Котловой полезный отпуск, млн. кВт.ч
Организация 
Все
Прогноз электропотребления и выручки за услуги по передаче в разрезе отраслей'

28-03-2025T11:58:26 - [MESSAGE][PASSED] - Text of object 'Object Repository/Прогноз по отраслям/Виджеты дашборда' is: 'Год 
2023 год
Сравнение с 
План
Отклонения по ПАО Россети на 2023 год
0.0 0.0
1 471.7 1 471.7
1 186.5 1 186.5
32 445.2 32 445.2
1 268.3 1 268.3
349.4 349.4
84.3 84.3
239.8 239.8
2 969.4 2 969.4
589.2 589.2
-1 798.4 -1 798.4
5 359.3 5 359.3
⬤ Отклонение, млн. кВт.ч
Интер РАО (для ФСК)
Промышленные потребители
Транспорт
Нефтедобыча
Нефтепереработка
Нефтепроводы
Газопроводы
Сельское хозяйство и пищевая про…
Непромышленные потребители
Государственные (муниципальные…
Население и приравненные группы…
Территориальные сетевые организ…
Выручка отклонения по ПАО Россети на 2023 год
794.9 794.9
12 195.0 12 195.0
972.7 972.7
61 803.9 61 803.9
4 222.3 4 222.3
-121.8 -121.8
666.2 666.2
873.2 873.2
5 809.6 5 809.6
1 342.6 1 342.6
-4 463.2 -4 463.2
18 375.5 18 375.5
⬤ Отклонение, млн. руб
Интер РАО (для ФСК)
Промышленные потребители
Транспорт
Нефтедобыча
Нефтепереработка
Нефтепроводы
Газопроводы
Сельское хозяйство и пищевая про…
Непромышленные потребители
Государственные (муниципальные…
Население и приравненные группы…
Территориальные сетевые организ…
Динамика электропотребления, млрд. кВт.ч., по ПАО Россети на 2023 год
0 0
119 119
37 37
7 7
7 7
8 8
1 1
19 19
75 75
25 25
123 123
55 55
0 0
120 120
39 39
39 39
8 8
8 8
1 1
20 20
78 78
26 26
121 121
60 60
План
Ожидаемое (прогноз до конца года)
Интер РАО(для ФСК)
Промышленныепотребители
Транспорт
Нефтедобыча
Нефтеперераб…
Нефтепроводы
Газопроводы
Сельское хозя…
Непромышлен…
Государственн…
Население иприравненныегруппыпотребителей
Территориальн…
Выручка, млрд. руб, по ПАО Россети на 2023 год
5 5
319 319
81 81
16 16
16 16
20 20
2 2
56 56
215 215
67 67
218 218
239 239
6 6
331 331
82 82
77 77
20 20
20 20
3 3
57 57
220 220
68 68
214 214
258 258
План
Ожидаемое (прогноз до конца года)
Интер РАО(для ФСК)
Промышленныепотребители
Транспорт
Нефтедобыча
Нефтеперераб…
Нефтепроводы
Газопроводы
Сельское хозя…
Непромышлен…
Государственн…
Население иприравненныегруппыпотребителей
Территориальн…
абс.
%
Прогноз на месяц 
Ноябрь
КПО/Отпуск из сети 
Котловой полезный отпуск, млн. кВт.ч
Организация 
Все
Прогноз электропотребления и выручки за услуги по передаче в разрезе отраслей'

28-03-2025T11:58:26 - [TEST_STEP][PASSED] - println("b11:" + b11): null

28-03-2025T11:58:26 - [TEST_STEP][PASSED] - b11 = b11.replaceAll("[^0-9]", ""): null

28-03-2025T11:58:26 - [TEST_STEP][PASSED] - println("b11:" + b11): null

28-03-2025T11:58:26 - [TEST_STEP][PASSED] - click(findTestObject("Прогноз по отраслям/Фильтр Сравнение с Стресс")): Object: 'Object Repository/Прогноз по отраслям/Фильтр Сравнение с Стресс' is clicked on

28-03-2025T11:58:26 - [MESSAGE][PASSED] - Object: 'Object Repository/Прогноз по отраслям/Фильтр Сравнение с Стресс' is clicked on

28-03-2025T11:58:26 - [TEST_STEP][PASSED] - click(findTestObject("Прогноз по отраслям/План СУ Стресс")): Object: 'Object Repository/Прогноз по отраслям/План СУ Стресс' is clicked on

28-03-2025T11:58:28 - [MESSAGE][PASSED] - Object: 'Object Repository/Прогноз по отраслям/План СУ Стресс' is clicked on

28-03-2025T11:58:28 - [TEST_STEP][PASSED] - delay(40): Delayed 40 second(s)

28-03-2025T11:59:08 - [MESSAGE][PASSED] - Delayed 40 second(s)

28-03-2025T11:59:08 - [TEST_STEP][PASSED] - b12 = getText(findTestObject("Прогноз по отраслям/Виджеты дашборда")): Text of object 'Object Repository/Прогноз по отраслям/Виджеты дашборда' is: 'Год 
2023 год
Сравнение с 
План/СУ
Отклонения по ПАО Россети на 2023 год
0.0 0.0
120 322.6 120 322.6
38 655.4 38 655.4
39 037.8 39 037.8
8 291.7 8 291.7
8 259.5 8 259.5
793.1 793.1
19 706.6 19 706.6
78 310.2 78 310.2
25 579.5 25 579.5
121 219.7 121 219.7
60 414.9 60 414.9
⬤ Отклонение, млн. кВт.ч
Интер РАО (для ФСК)
Промышленные потребители
Транспорт
Нефтедобыча
Нефтепереработка
Нефтепроводы
Газопроводы
Сельское хозяйство и пищевая про…
Непромышленные потребители
Государственные (муниципальные…
Население и приравненные группы…
Территориальные сетевые организ…
Выручка отклонения по ПАО Россети на 2023 год
⬤ Отклонение, млн. руб
Интер РАО (для ФСК)
Промышленные потребители
Транспорт
Нефтедобыча
Нефтепереработка
Нефтепроводы
Газопроводы
Сельское хозяйство и пищевая про…
Непромышленные потребители
Государственные (муниципальные…
Население и приравненные группы…
Территориальные сетевые организ…
Динамика электропотребления, млрд. кВт.ч., по ПАО Россети на 2023 год
0 0
0 0
0 0
0 0
0 0
0 0
0 0
0 0
0 0
0 0
0 0
0 0
0 0
120 120
39 39
39 39
8 8
8 8
1 1
20 20
78 78
26 26
121 121
60 60
СУ
Ожидаемое (прогноз до конца года)
Интер РАО(для ФСК)
Промышленныепотребители
Транспорт
Нефтедобыча
Нефтеперераб…
Нефтепроводы
Газопроводы
Сельское хозя…
Непромышлен…
Государственн…
Население иприравненныегруппыпотребителей
Территориальн…
Выручка, млрд. руб, по ПАО Россети на 2023 год
6 6
331 331
82 82
77 77
20 20
20 20
3 3
57 57
220 220
68 68
214 214
258 258
Ожидаемое (прогноз до конца года)
Интер РАО(для ФСК)
Промышленныепотребители
Транспорт
Нефтедобыча
Нефтеперераб…
Нефтепроводы
Газопроводы
Сельское хозя…
Непромышлен…
Государственн…
Население иприравненныегруппыпотребителей
Территориальн…
абс.
%
Прогноз на месяц 
Ноябрь
КПО/Отпуск из сети 
Котловой полезный отпуск, млн. кВт.ч
Организация 
Все
Прогноз электропотребления и выручки за услуги по передаче в разрезе отраслей'

28-03-2025T11:59:08 - [MESSAGE][PASSED] - Text of object 'Object Repository/Прогноз по отраслям/Виджеты дашборда' is: 'Год 
2023 год
Сравнение с 
План/СУ
Отклонения по ПАО Россети на 2023 год
0.0 0.0
120 322.6 120 322.6
38 655.4 38 655.4
39 037.8 39 037.8
8 291.7 8 291.7
8 259.5 8 259.5
793.1 793.1
19 706.6 19 706.6
78 310.2 78 310.2
25 579.5 25 579.5
121 219.7 121 219.7
60 414.9 60 414.9
⬤ Отклонение, млн. кВт.ч
Интер РАО (для ФСК)
Промышленные потребители
Транспорт
Нефтедобыча
Нефтепереработка
Нефтепроводы
Газопроводы
Сельское хозяйство и пищевая про…
Непромышленные потребители
Государственные (муниципальные…
Население и приравненные группы…
Территориальные сетевые организ…
Выручка отклонения по ПАО Россети на 2023 год
⬤ Отклонение, млн. руб
Интер РАО (для ФСК)
Промышленные потребители
Транспорт
Нефтедобыча
Нефтепереработка
Нефтепроводы
Газопроводы
Сельское хозяйство и пищевая про…
Непромышленные потребители
Государственные (муниципальные…
Население и приравненные группы…
Территориальные сетевые организ…
Динамика электропотребления, млрд. кВт.ч., по ПАО Россети на 2023 год
0 0
0 0
0 0
0 0
0 0
0 0
0 0
0 0
0 0
0 0
0 0
0 0
0 0
120 120
39 39
39 39
8 8
8 8
1 1
20 20
78 78
26 26
121 121
60 60
СУ
Ожидаемое (прогноз до конца года)
Интер РАО(для ФСК)
Промышленныепотребители
Транспорт
Нефтедобыча
Нефтеперераб…
Нефтепроводы
Газопроводы
Сельское хозя…
Непромышлен…
Государственн…
Население иприравненныегруппыпотребителей
Территориальн…
Выручка, млрд. руб, по ПАО Россети на 2023 год
6 6
331 331
82 82
77 77
20 20
20 20
3 3
57 57
220 220
68 68
214 214
258 258
Ожидаемое (прогноз до конца года)
Интер РАО(для ФСК)
Промышленныепотребители
Транспорт
Нефтедобыча
Нефтеперераб…
Нефтепроводы
Газопроводы
Сельское хозя…
Непромышлен…
Государственн…
Население иприравненныегруппыпотребителей
Территориальн…
абс.
%
Прогноз на месяц 
Ноябрь
КПО/Отпуск из сети 
Котловой полезный отпуск, млн. кВт.ч
Организация 
Все
Прогноз электропотребления и выручки за услуги по передаче в разрезе отраслей'

28-03-2025T11:59:08 - [TEST_STEP][PASSED] - b12 = b12.replaceAll("[^0-9]", ""): null

28-03-2025T11:59:08 - [TEST_STEP][PASSED] - println("b12:" + b12): null

28-03-2025T11:59:08 - [TEST_STEP][PASSED] - if (verifyEqual(a1, b1) == true): Actual object '20232023121218618636365050101019190017178585191982826046041010197197373748481010151544181880801919828260860820235528528572727272181822220050502012016161190190227227663313318282777720202020335757220220686821421425825820231851855959363639390909207207331323313238385656131309090707202377771601601321326767133133777713315133151421429999120120124124137137' and expected object '20232023121218618636365050101019190017178585191982826046041010197197373748481010151544181880801919828260860820235528528572727272181822220050502012016161190190227227663313318282777720202020335757220220686821421425825820231851855959363639390909207207331323313238385656131309090707202377771601601321326767133133777713315133151421429999120120124124137137' are equal

28-03-2025T11:59:08 - [MESSAGE][PASSED] - Actual object '20232023121218618636365050101019190017178585191982826046041010197197373748481010151544181880801919828260860820235528528572727272181822220050502012016161190190227227663313318282777720202020335757220220686821421425825820231851855959363639390909207207331323313238385656131309090707202377771601601321326767133133777713315133151421429999120120124124137137' and expected object '20232023121218618636365050101019190017178585191982826046041010197197373748481010151544181880801919828260860820235528528572727272181822220050502012016161190190227227663313318282777720202020335757220220686821421425825820231851855959363639390909207207331323313238385656131309090707202377771601601321326767133133777713315133151421429999120120124124137137' are equal

28-03-2025T11:59:08 - [TEST_STEP][PASSED] - if (verifyEqual(a2, b2) == true): Actual object '202320231010190190363614149914144417178080191982825885881010197197373748481010151544181880801919828260860820235531931981811616161620202256562152156767218218239239663313318282777720202020335757220220686821421425825820234747383819192303230310910942422172173939060616161010333320231561563838121239823982269269060626926915152727202020207979' and expected object '202320231010190190363614149914144417178080191982825885881010197197373748481010151544181880801919828260860820235531931981811616161620202256562152156767218218239239663313318282777720202020335757220220686821421425825820234747383819192303230310910942422172173939060616161010333320231561563838121239823982269269060626926915152727202020207979' are equal

28-03-2025T11:59:08 - [MESSAGE][PASSED] - Actual object '202320231010190190363614149914144417178080191982825885881010197197373748481010151544181880801919828260860820235531931981811616161620202256562152156767218218239239663313318282777720202020335757220220686821421425825820234747383819192303230310910942422172173939060616161010333320231561563838121239823982269269060626926915152727202020207979' and expected object '202320231010190190363614149914144417178080191982825885881010197197373748481010151544181880801919828260860820235531931981811616161620202256562152156767218218239239663313318282777720202020335757220220686821421425825820234747383819192303230310910942422172173939060616161010333320231561563838121239823982269269060626926915152727202020207979' are equal

28-03-2025T11:59:08 - [TEST_STEP][PASSED] - if (verifyEqual(a3, b3) == true): Actual object '2023202310101811813636151599141444161686861919797958658610101971973737484810101515441818808019198282608608202366331331828277772020202033575722022068682142142582582023252589893535221422141281286969135135818169692323313138382023' and expected object '2023202310101811813636151599141444161686861919797958658610101971973737484810101515441818808019198282608608202366331331828277772020202033575722022068682142142582582023252589893535221422141281286969135135818169692323313138382023' are equal

28-03-2025T11:59:08 - [MESSAGE][PASSED] - Actual object '2023202310101811813636151599141444161686861919797958658610101971973737484810101515441818808019198282608608202366331331828277772020202033575722022068682142142582582023252589893535221422141281286969135135818169692323313138382023' and expected object '2023202310101811813636151599141444161686861919797958658610101971973737484810101515441818808019198282608608202366331331828277772020202033575722022068682142142582582023252589893535221422141281286969135135818169692323313138382023' are equal

28-03-2025T11:59:08 - [TEST_STEP][PASSED] - if (verifyEqual(a4, b4) == true): Actual object '20232023001201203838414188101000191977772525122122616100120120393939398888112020787826261211216060202355285285727272721818222200505020120161611901902272276633133182827777202020203357572202206868214214258258202305050909595931311791795784578423231818212109090202202377771601601321326767133133777713315133151421429999120120124124137137' and expected object '20232023001201203838414188101000191977772525122122616100120120393939398888112020787826261211216060202355285285727272721818222200505020120161611901902272276633133182827777202020203357572202206868214214258258202305050909595931311791795784578423231818212109090202202377771601601321326767133133777713315133151421429999120120124124137137' are equal

28-03-2025T11:59:08 - [MESSAGE][PASSED] - Actual object '20232023001201203838414188101000191977772525122122616100120120393939398888112020787826261211216060202355285285727272721818222200505020120161611901902272276633133182827777202020203357572202206868214214258258202305050909595931311791795784578423231818212109090202202377771601601321326767133133777713315133151421429999120120124124137137' and expected object '20232023001201203838414188101000191977772525122122616100120120393939398888112020787826261211216060202355285285727272721818222200505020120161611901902272276633133182827777202020203357572202206868214214258258202305050909595931311791795784578423231818212109090202202377771601601321326767133133777713315133151421429999120120124124137137' are equal

28-03-2025T11:59:08 - [TEST_STEP][PASSED] - if (verifyEqual(a5, b5) == true): Actual object '20232023001191193737777788111919757525251231235555001201203939393988881120207878262612112160602023553193198181161616162020225656215215676721821823923966331331828277772020202033575722022068682142142582582023121232324921492118118144441191191212414124241414979720231561563838121239823982269269060626926915152727202020207979' and expected object '20232023001191193737777788111919757525251231235555001201203939393988881120207878262612112160602023553193198181161616162020225656215215676721821823923966331331828277772020202033575722022068682142142582582023121232324921492118118144441191191212414124241414979720231561563838121239823982269269060626926915152727202020207979' are equal

28-03-2025T11:59:08 - [MESSAGE][PASSED] - Actual object '20232023001191193737777788111919757525251231235555001201203939393988881120207878262612112160602023553193198181161616162020225656215215676721821823923966331331828277772020202033575722022068682142142582582023121232324921492118118144441191191212414124241414979720231561563838121239823982269269060626926915152727202020207979' and expected object '20232023001191193737777788111919757525251231235555001201203939393988881120207878262612112160602023553193198181161616162020225656215215676721821823923966331331828277772020202033575722022068682142142582582023121232324921492118118144441191191212414124241414979720231561563838121239823982269269060626926915152727202020207979' are equal

28-03-2025T11:59:08 - [TEST_STEP][PASSED] - if (verifyEqual(a6, b6) == true): Actual object '20232023000000000000000000000000001201203939393988881120207878262612112160602023663313318282777720202020335757220220686821421425825820232023' and expected object '20232023000000000000000000000000001201203939393988881120207878262612112160602023663313318282777720202020335757220220686821421425825820232023' are equal

28-03-2025T11:59:08 - [MESSAGE][PASSED] - Actual object '20232023000000000000000000000000001201203939393988881120207878262612112160602023663313318282777720202020335757220220686821421425825820232023' and expected object '20232023000000000000000000000000001201203939393988881120207878262612112160602023663313318282777720202020335757220220686821421425825820232023' are equal

28-03-2025T11:59:08 - [TEST_STEP][PASSED] - if (verifyEqual(a7, b7) == true): Actual object '202320232263522635110546110546128021280219475194759099093845038450416214162165176517472774727725652565723972394292342923202342134213455749455749954759547548893488932337423374168261682629194291947110271102198408198408728957289523664823664831028331028320231212186186363650501010191900171785851919828260460410101971973737484810101515441818808019198282608608202355285285727272721818222200505020120161611901902272276633133182827777202020203357572202206868214214258258' and expected object '202320232263522635110546110546128021280219475194759099093845038450416214162165176517472774727725652565723972394292342923202342134213455749455749954759547548893488932337423374168261682629194291947110271102198408198408728957289523664823664831028331028320231212186186363650501010191900171785851919828260460410101971973737484810101515441818808019198282608608202355285285727272721818222200505020120161611901902272276633133182827777202020203357572202206868214214258258' are equal

28-03-2025T11:59:08 - [MESSAGE][PASSED] - Actual object '202320232263522635110546110546128021280219475194759099093845038450416214162165176517472774727725652565723972394292342923202342134213455749455749954759547548893488932337423374168261682629194291947110271102198408198408728957289523664823664831028331028320231212186186363650501010191900171785851919828260460410101971973737484810101515441818808019198282608608202355285285727272721818222200505020120161611901902272276633133182827777202020203357572202206868214214258258' and expected object '202320232263522635110546110546128021280219475194759099093845038450416214162165176517472774727725652565723972394292342923202342134213455749455749954759547548893488932337423374168261682629194291947110271102198408198408728957289523664823664831028331028320231212186186363650501010191900171785851919828260460410101971973737484810101515441818808019198282608608202355285285727272721818222200505020120161611901902272276633133182827777202020203357572202206868214214258258' are equal

28-03-2025T11:59:08 - [TEST_STEP][PASSED] - if (verifyEqual(a8, b8) == true): Actual object '202320234922492271651716516893689333271733271798649864593859387640764067046704592459243088308894099409196041196041202379497949121950121950972797276180396180394222342223121812186662666287328732580965809613426134264463244632183755183755202310101901903636141499141444171780801919828258858810101971973737484810101515441818808019198282608608202355319319818116161616202022565621521567672182182392396633133182827777202020203357572202206868214214258258' and expected object '202320234922492271651716516893689333271733271798649864593859387640764067046704592459243088308894099409196041196041202379497949121950121950972797276180396180394222342223121812186662666287328732580965809613426134264463244632183755183755202310101901903636141499141444171780801919828258858810101971973737484810101515441818808019198282608608202355319319818116161616202022565621521567672182182392396633133182827777202020203357572202206868214214258258' are equal

28-03-2025T11:59:08 - [MESSAGE][PASSED] - Actual object '202320234922492271651716516893689333271733271798649864593859387640764067046704592459243088308894099409196041196041202379497949121950121950972797276180396180394222342223121812186662666287328732580965809613426134264463244632183755183755202310101901903636141499141444171780801919828258858810101971973737484810101515441818808019198282608608202355319319818116161616202022565621521567672182182392396633133182827777202020203357572202206868214214258258' and expected object '202320234922492271651716516893689333271733271798649864593859387640764067046704592459243088308894099409196041196041202379497949121950121950972797276180396180394222342223121812186662666287328732580965809613426134264463244632183755183755202310101901903636141499141444171780801919828258858810101971973737484810101515441818808019198282608608202355319319818116161616202022565621521567672182182392396633133182827777202020203357572202206868214214258258' are equal

28-03-2025T11:59:08 - [TEST_STEP][PASSED] - if (verifyEqual(a9, b9) == true): Actual object '202320232435243516024416024412551125513286993286991135711357950095005111511113242132425962859628433543352431524315223214223214202320231010181181363615159914144416168686191979795865861010197197373748481010151544181880801919828260860820236633133182827777202020203357572202206868214214258258' and expected object '202320232435243516024416024412551125513286993286991135711357950095005111511113242132425962859628433543352431524315223214223214202320231010181181363615159914144416168686191979795865861010197197373748481010151544181880801919828260860820236633133182827777202020203357572202206868214214258258' are equal

28-03-2025T11:59:08 - [MESSAGE][PASSED] - Actual object '202320232435243516024416024412551125513286993286991135711357950095005111511113242132425962859628433543352431524315223214223214202320231010181181363615159914144416168686191979795865861010197197373748481010151544181880801919828260860820236633133182827777202020203357572202206868214214258258' and expected object '202320232435243516024416024412551125513286993286991135711357950095005111511113242132425962859628433543352431524315223214223214202320231010181181363615159914144416168686191979795865861010197197373748481010151544181880801919828260860820236633133182827777202020203357572202206868214214258258' are equal

28-03-2025T11:59:08 - [TEST_STEP][PASSED] - if (verifyEqual(a10, b10) == true): Actual object '20232023000064656465341134112455624556245624561796017960676267624524452413862138625275527511304113041287128720234213421345574945574995475954754889348893233742337416826168262919429194711027110219840819840872895728952366482366483102833102832023001201203838414188101000191977772525122122616100120120393939398888112020787826261211216060202355285285727272721818222200505020120161611901902272276633133182827777202020203357572202206868214214258258' and expected object '20232023000064656465341134112455624556245624561796017960676267624524452413862138625275527511304113041287128720234213421345574945574995475954754889348893233742337416826168262919429194711027110219840819840872895728952366482366483102833102832023001201203838414188101000191977772525122122616100120120393939398888112020787826261211216060202355285285727272721818222200505020120161611901902272276633133182827777202020203357572202206868214214258258' are equal

28-03-2025T11:59:08 - [MESSAGE][PASSED] - Actual object '20232023000064656465341134112455624556245624561796017960676267624524452413862138625275527511304113041287128720234213421345574945574995475954754889348893233742337416826168262919429194711027110219840819840872895728952366482366483102833102832023001201203838414188101000191977772525122122616100120120393939398888112020787826261211216060202355285285727272721818222200505020120161611901902272276633133182827777202020203357572202206868214214258258' and expected object '20232023000064656465341134112455624556245624561796017960676267624524452413862138625275527511304113041287128720234213421345574945574995475954754889348893233742337416826168262919429194711027110219840819840872895728952366482366483102833102832023001201203838414188101000191977772525122122616100120120393939398888112020787826261211216060202355285285727272721818222200505020120161611901902272276633133182827777202020203357572202206868214214258258' are equal

28-03-2025T11:59:08 - [TEST_STEP][PASSED] - if (verifyEqual(a11, b11) == true): Actual object '202320230000147171471711865118653244523244521268312683349434948438432398239829694296945892589217984179845359353593202379497949121950121950972797276180396180394222342223121812186662666287328732580965809613426134264463244632183755183755202300119119373777778811191975752525123123555500120120393939398888112020787826261211216060202355319319818116161616202022565621521567672182182392396633133182827777202020203357572202206868214214258258' and expected object '202320230000147171471711865118653244523244521268312683349434948438432398239829694296945892589217984179845359353593202379497949121950121950972797276180396180394222342223121812186662666287328732580965809613426134264463244632183755183755202300119119373777778811191975752525123123555500120120393939398888112020787826261211216060202355319319818116161616202022565621521567672182182392396633133182827777202020203357572202206868214214258258' are equal

28-03-2025T11:59:08 - [MESSAGE][PASSED] - Actual object '202320230000147171471711865118653244523244521268312683349434948438432398239829694296945892589217984179845359353593202379497949121950121950972797276180396180394222342223121812186662666287328732580965809613426134264463244632183755183755202300119119373777778811191975752525123123555500120120393939398888112020787826261211216060202355319319818116161616202022565621521567672182182392396633133182827777202020203357572202206868214214258258' and expected object '202320230000147171471711865118653244523244521268312683349434948438432398239829694296945892589217984179845359353593202379497949121950121950972797276180396180394222342223121812186662666287328732580965809613426134264463244632183755183755202300119119373777778811191975752525123123555500120120393939398888112020787826261211216060202355319319818116161616202022565621521567672182182392396633133182827777202020203357572202206868214214258258' are equal

28-03-2025T11:59:08 - [TEST_STEP][PASSED] - if (verifyEqual(a12, b12) == true): Actual object '20232023000012032261203226386554386554390378390378829178291782595825957931793119706619706678310278310225579525579512121971212197604149604149202320230000000000000000000000000012012039393939888811202078782626121121606020236633133182827777202020203357572202206868214214258258' and expected object '20232023000012032261203226386554386554390378390378829178291782595825957931793119706619706678310278310225579525579512121971212197604149604149202320230000000000000000000000000012012039393939888811202078782626121121606020236633133182827777202020203357572202206868214214258258' are equal

28-03-2025T11:59:08 - [MESSAGE][PASSED] - Actual object '20232023000012032261203226386554386554390378390378829178291782595825957931793119706619706678310278310225579525579512121971212197604149604149202320230000000000000000000000000012012039393939888811202078782626121121606020236633133182827777202020203357572202206868214214258258' and expected object '20232023000012032261203226386554386554390378390378829178291782595825957931793119706619706678310278310225579525579512121971212197604149604149202320230000000000000000000000000012012039393939888811202078782626121121606020236633133182827777202020203357572202206868214214258258' are equal

28-03-2025T11:59:08 - [TEST_STEP][PASSED] - closeBrowser(): Browser is closed

28-03-2025T11:59:09 - [MESSAGE][PASSED] - Browser is closed]]></system-out>
         <system-err><![CDATA[]]></system-err>
      </testcase>
      <testcase name="Test Cases/Сверки дашбордов/Факторный анализ сверка дашбордов" time="114.826" classname="Test Cases/Сверки дашбордов/Факторный анализ сверка дашбордов" status="FAILED">
         <failure type="FAILED" message="Test Cases/Сверки дашбордов/Факторный анализ сверка дашбордов FAILED.&#xa;Reason:&#xa;com.kms.katalon.core.exception.StepFailedException: Unable to get text of object 'Object Repository/Факторный анализ/Отклонения выручки по факторам Выручка' (Root cause: com.kms.katalon.core.exception.StepFailedException: Unable to get text of object 'Object Repository/Факторный анализ/Отклонения выручки по факторам Выручка'&#xa;	at com.kms.katalon.core.webui.keyword.internal.WebUIKeywordMain.stepFailed(WebUIKeywordMain.groovy:64)&#xa;	at com.kms.katalon.core.webui.keyword.internal.WebUIKeywordMain.runKeyword(WebUIKeywordMain.groovy:26)&#xa;	at com.kms.katalon.core.webui.keyword.builtin.GetTextKeyword.getText(GetTextKeyword.groovy:88)&#xa;	at com.kms.katalon.core.webui.keyword.builtin.GetTextKeyword.execute(GetTextKeyword.groovy:67)&#xa;	at com.kms.katalon.core.keyword.internal.KeywordExecutor.executeKeywordForPlatform(KeywordExecutor.groovy:74)&#xa;	at com.kms.katalon.core.webui.keyword.WebUiBuiltInKeywords.getText(WebUiBuiltInKeywords.groovy:957)&#xa;	at Факторный анализ сверка дашбордов.Test(Факторный анализ сверка дашбордов:357)&#xa;	at Факторный анализ сверка дашбордов.run(Факторный анализ сверка дашбордов:44)&#xa;	at com.kms.katalon.core.main.ScriptEngine.run(ScriptEngine.java:194)&#xa;	at com.kms.katalon.core.main.ScriptEngine.runScriptAsRawText(ScriptEngine.java:119)&#xa;	at com.kms.katalon.core.main.TestCaseExecutor.runScript(TestCaseExecutor.java:448)&#xa;	at com.kms.katalon.core.main.TestCaseExecutor.doExecute(TestCaseExecutor.java:439)&#xa;	at com.kms.katalon.core.main.TestCaseExecutor.processExecutionPhase(TestCaseExecutor.java:418)&#xa;	at com.kms.katalon.core.main.TestCaseExecutor.accessMainPhase(TestCaseExecutor.java:410)&#xa;	at com.kms.katalon.core.main.TestCaseExecutor.execute(TestCaseExecutor.java:285)&#xa;	at com.kms.katalon.core.common.CommonExecutor.accessTestCaseMainPhase(CommonExecutor.java:65)&#xa;	at com.kms.katalon.core.main.TestSuiteExecutor.accessTestSuiteMainPhase(TestSuiteExecutor.java:150)&#xa;	at com.kms.katalon.core.main.TestSuiteExecutor.execute(TestSuiteExecutor.java:106)&#xa;	at com.kms.katalon.core.main.TestCaseMain.startTestSuite(TestCaseMain.java:180)&#xa;	at TempTestSuite1743137207280.run(TempTestSuite1743137207280.groovy:35)&#xa;	at java.base/jdk.internal.reflect.NativeMethodAccessorImpl.invoke0(Native Method)&#xa;	at java.base/jdk.internal.reflect.NativeMethodAccessorImpl.invoke(NativeMethodAccessorImpl.java:77)&#xa;	at java.base/jdk.internal.reflect.DelegatingMethodAccessorImpl.invoke(DelegatingMethodAccessorImpl.java:43)&#xa;Caused by: com.kms.katalon.core.webui.exception.WebElementNotFoundException: Web element with id: 'Object Repository/Факторный анализ/Отклонения выручки по факторам Выручка' located by '(.//*[normalize-space(text()) and normalize-space(.)='В начало'])[20]/following::*[name()='svg'][1]' not found&#xa;	at com.kms.katalon.core.webui.common.WebUiCommonHelper.findWebElement(WebUiCommonHelper.java:1426)&#xa;	at com.kms.katalon.core.webui.keyword.internal.WebUIAbstractKeyword.findWebElement(WebUIAbstractKeyword.groovy:27)&#xa;	at com.kms.katalon.core.webui.keyword.internal.WebUIAbstractKeyword.findWebElement(WebUIAbstractKeyword.groovy:26)&#xa;	at com.kms.katalon.core.webui.keyword.builtin.GetTextKeyword$_getText_closure1.doCall(GetTextKeyword.groovy:78)&#xa;	at com.kms.katalon.core.webui.keyword.builtin.GetTextKeyword$_getText_closure1.call(GetTextKeyword.groovy)&#xa;	at com.kms.katalon.core.webui.keyword.internal.WebUIKeywordMain.runKeyword(WebUIKeywordMain.groovy:20)&#xa;	at com.kms.katalon.core.webui.keyword.builtin.GetTextKeyword.getText(GetTextKeyword.groovy:88)&#xa;	at com.kms.katalon.core.webui.keyword.builtin.GetTextKeyword.execute(GetTextKeyword.groovy:67)&#xa;	at com.kms.katalon.core.keyword.internal.KeywordExecutor.executeKeywordForPlatform(KeywordExecutor.groovy:74)&#xa;	at com.kms.katalon.core.webui.keyword.WebUiBuiltInKeywords.getText(WebUiBuiltInKeywords.groovy:957)&#xa;	at Script1719551244403.Test(Script1719551244403.groovy:357)&#xa;	at Script1719551244403.run(Script1719551244403.groovy:44)&#xa;	... 15 more&#xa;)&#xa;	at com.kms.katalon.core.keyword.internal.KeywordMain.stepFailed(KeywordMain.groovy:39)&#xa;	at com.kms.katalon.core.webui.keyword.internal.WebUIKeywordMain.stepFailed(WebUIKeywordMain.groovy:64)&#xa;	at com.kms.katalon.core.webui.keyword.internal.WebUIKeywordMain.runKeyword(WebUIKeywordMain.groovy:26)&#xa;	at com.kms.katalon.core.webui.keyword.builtin.GetTextKeyword.getText(GetTextKeyword.groovy:88)&#xa;	at com.kms.katalon.core.webui.keyword.builtin.GetTextKeyword.execute(GetTextKeyword.groovy:67)&#xa;	at com.kms.katalon.core.keyword.internal.KeywordExecutor.executeKeywordForPlatform(KeywordExecutor.groovy:74)&#xa;	at com.kms.katalon.core.webui.keyword.WebUiBuiltInKeywords.getText(WebUiBuiltInKeywords.groovy:957)&#xa;	at Факторный анализ сверка дашбордов.Test(Факторный анализ сверка дашбордов:357)&#xa;	at Факторный анализ сверка дашбордов.run(Факторный анализ сверка дашбордов:44)&#xa;	at com.kms.katalon.core.main.ScriptEngine.run(ScriptEngine.java:194)&#xa;	at com.kms.katalon.core.main.ScriptEngine.runScriptAsRawText(ScriptEngine.java:119)&#xa;	at com.kms.katalon.core.main.TestCaseExecutor.runScript(TestCaseExecutor.java:448)&#xa;	at com.kms.katalon.core.main.TestCaseExecutor.doExecute(TestCaseExecutor.java:439)&#xa;	at com.kms.katalon.core.main.TestCaseExecutor.processExecutionPhase(TestCaseExecutor.java:418)&#xa;	at com.kms.katalon.core.main.TestCaseExecutor.accessMainPhase(TestCaseExecutor.java:410)&#xa;	at com.kms.katalon.core.main.TestCaseExecutor.execute(TestCaseExecutor.java:285)&#xa;	at com.kms.katalon.core.common.CommonExecutor.accessTestCaseMainPhase(CommonExecutor.java:65)&#xa;	at com.kms.katalon.core.main.TestSuiteExecutor.accessTestSuiteMainPhase(TestSuiteExecutor.java:150)&#xa;	at com.kms.katalon.core.main.TestSuiteExecutor.execute(TestSuiteExecutor.java:106)&#xa;	at com.kms.katalon.core.main.TestCaseMain.startTestSuite(TestCaseMain.java:180)&#xa;	at TempTestSuite1743137207280.run(TempTestSuite1743137207280.groovy:35)&#xa;	at java.base/jdk.internal.reflect.NativeMethodAccessorImpl.invoke0(Native Method)&#xa;	at java.base/jdk.internal.reflect.NativeMethodAccessorImpl.invoke(NativeMethodAccessorImpl.java:77)&#xa;	at java.base/jdk.internal.reflect.DelegatingMethodAccessorImpl.invoke(DelegatingMethodAccessorImpl.java:43)&#xa;Caused by: com.kms.katalon.core.exception.StepFailedException: Unable to get text of object 'Object Repository/Факторный анализ/Отклонения выручки по факторам Выручка'&#xa;	... 23 more&#xa;Caused by: com.kms.katalon.core.webui.exception.WebElementNotFoundException: Web element with id: 'Object Repository/Факторный анализ/Отклонения выручки по факторам Выручка' located by '(.//*[normalize-space(text()) and normalize-space(.)='В начало'])[20]/following::*[name()='svg'][1]' not found&#xa;	at com.kms.katalon.core.webui.common.WebUiCommonHelper.findWebElement(WebUiCommonHelper.java:1426)&#xa;	at com.kms.katalon.core.webui.keyword.internal.WebUIAbstractKeyword.findWebElement(WebUIAbstractKeyword.groovy:27)&#xa;	at com.kms.katalon.core.webui.keyword.internal.WebUIAbstractKeyword.findWebElement(WebUIAbstractKeyword.groovy:26)&#xa;	at com.kms.katalon.core.webui.keyword.builtin.GetTextKeyword$_getText_closure1.doCall(GetTextKeyword.groovy:78)&#xa;	at com.kms.katalon.core.webui.keyword.builtin.GetTextKeyword$_getText_closure1.call(GetTextKeyword.groovy)&#xa;	at com.kms.katalon.core.webui.keyword.internal.WebUIKeywordMain.runKeyword(WebUIKeywordMain.groovy:20)&#xa;	... 21 more&#xa;"/>
         <system-out><![CDATA[28-03-2025T11:59:09 - [TEST_CASE][FAILED] - Test Cases/Сверки дашбордов/Факторный анализ сверка дашбордов: Test Cases/Сверки дашбордов/Факторный анализ сверка дашбордов FAILED.
Reason:
com.kms.katalon.core.exception.StepFailedException: Unable to get text of object 'Object Repository/Факторный анализ/Отклонения выручки по факторам Выручка' (Root cause: com.kms.katalon.core.exception.StepFailedException: Unable to get text of object 'Object Repository/Факторный анализ/Отклонения выручки по факторам Выручка'
	at com.kms.katalon.core.webui.keyword.internal.WebUIKeywordMain.stepFailed(WebUIKeywordMain.groovy:64)
	at com.kms.katalon.core.webui.keyword.internal.WebUIKeywordMain.runKeyword(WebUIKeywordMain.groovy:26)
	at com.kms.katalon.core.webui.keyword.builtin.GetTextKeyword.getText(GetTextKeyword.groovy:88)
	at com.kms.katalon.core.webui.keyword.builtin.GetTextKeyword.execute(GetTextKeyword.groovy:67)
	at com.kms.katalon.core.keyword.internal.KeywordExecutor.executeKeywordForPlatform(KeywordExecutor.groovy:74)
	at com.kms.katalon.core.webui.keyword.WebUiBuiltInKeywords.getText(WebUiBuiltInKeywords.groovy:957)
	at Факторный анализ сверка дашбордов.Test(Факторный анализ сверка дашбордов:357)
	at Факторный анализ сверка дашбордов.run(Факторный анализ сверка дашбордов:44)
	at com.kms.katalon.core.main.ScriptEngine.run(ScriptEngine.java:194)
	at com.kms.katalon.core.main.ScriptEngine.runScriptAsRawText(ScriptEngine.java:119)
	at com.kms.katalon.core.main.TestCaseExecutor.runScript(TestCaseExecutor.java:448)
	at com.kms.katalon.core.main.TestCaseExecutor.doExecute(TestCaseExecutor.java:439)
	at com.kms.katalon.core.main.TestCaseExecutor.processExecutionPhase(TestCaseExecutor.java:418)
	at com.kms.katalon.core.main.TestCaseExecutor.accessMainPhase(TestCaseExecutor.java:410)
	at com.kms.katalon.core.main.TestCaseExecutor.execute(TestCaseExecutor.java:285)
	at com.kms.katalon.core.common.CommonExecutor.accessTestCaseMainPhase(CommonExecutor.java:65)
	at com.kms.katalon.core.main.TestSuiteExecutor.accessTestSuiteMainPhase(TestSuiteExecutor.java:150)
	at com.kms.katalon.core.main.TestSuiteExecutor.execute(TestSuiteExecutor.java:106)
	at com.kms.katalon.core.main.TestCaseMain.startTestSuite(TestCaseMain.java:180)
	at TempTestSuite1743137207280.run(TempTestSuite1743137207280.groovy:35)
	at java.base/jdk.internal.reflect.NativeMethodAccessorImpl.invoke0(Native Method)
	at java.base/jdk.internal.reflect.NativeMethodAccessorImpl.invoke(NativeMethodAccessorImpl.java:77)
	at java.base/jdk.internal.reflect.DelegatingMethodAccessorImpl.invoke(DelegatingMethodAccessorImpl.java:43)
Caused by: com.kms.katalon.core.webui.exception.WebElementNotFoundException: Web element with id: 'Object Repository/Факторный анализ/Отклонения выручки по факторам Выручка' located by '(.//*[normalize-space(text()) and normalize-space(.)='В начало'])[20]/following::*[name()='svg'][1]' not found
	at com.kms.katalon.core.webui.common.WebUiCommonHelper.findWebElement(WebUiCommonHelper.java:1426)
	at com.kms.katalon.core.webui.keyword.internal.WebUIAbstractKeyword.findWebElement(WebUIAbstractKeyword.groovy:27)
	at com.kms.katalon.core.webui.keyword.internal.WebUIAbstractKeyword.findWebElement(WebUIAbstractKeyword.groovy:26)
	at com.kms.katalon.core.webui.keyword.builtin.GetTextKeyword$_getText_closure1.doCall(GetTextKeyword.groovy:78)
	at com.kms.katalon.core.webui.keyword.builtin.GetTextKeyword$_getText_closure1.call(GetTextKeyword.groovy)
	at com.kms.katalon.core.webui.keyword.internal.WebUIKeywordMain.runKeyword(WebUIKeywordMain.groovy:20)
	at com.kms.katalon.core.webui.keyword.builtin.GetTextKeyword.getText(GetTextKeyword.groovy:88)
	at com.kms.katalon.core.webui.keyword.builtin.GetTextKeyword.execute(GetTextKeyword.groovy:67)
	at com.kms.katalon.core.keyword.internal.KeywordExecutor.executeKeywordForPlatform(KeywordExecutor.groovy:74)
	at com.kms.katalon.core.webui.keyword.WebUiBuiltInKeywords.getText(WebUiBuiltInKeywords.groovy:957)
	at Script1719551244403.Test(Script1719551244403.groovy:357)
	at Script1719551244403.run(Script1719551244403.groovy:44)
	... 15 more
)
	at com.kms.katalon.core.keyword.internal.KeywordMain.stepFailed(KeywordMain.groovy:39)
	at com.kms.katalon.core.webui.keyword.internal.WebUIKeywordMain.stepFailed(WebUIKeywordMain.groovy:64)
	at com.kms.katalon.core.webui.keyword.internal.WebUIKeywordMain.runKeyword(WebUIKeywordMain.groovy:26)
	at com.kms.katalon.core.webui.keyword.builtin.GetTextKeyword.getText(GetTextKeyword.groovy:88)
	at com.kms.katalon.core.webui.keyword.builtin.GetTextKeyword.execute(GetTextKeyword.groovy:67)
	at com.kms.katalon.core.keyword.internal.KeywordExecutor.executeKeywordForPlatform(KeywordExecutor.groovy:74)
	at com.kms.katalon.core.webui.keyword.WebUiBuiltInKeywords.getText(WebUiBuiltInKeywords.groovy:957)
	at Факторный анализ сверка дашбордов.Test(Факторный анализ сверка дашбордов:357)
	at Факторный анализ сверка дашбордов.run(Факторный анализ сверка дашбордов:44)
	at com.kms.katalon.core.main.ScriptEngine.run(ScriptEngine.java:194)
	at com.kms.katalon.core.main.ScriptEngine.runScriptAsRawText(ScriptEngine.java:119)
	at com.kms.katalon.core.main.TestCaseExecutor.runScript(TestCaseExecutor.java:448)
	at com.kms.katalon.core.main.TestCaseExecutor.doExecute(TestCaseExecutor.java:439)
	at com.kms.katalon.core.main.TestCaseExecutor.processExecutionPhase(TestCaseExecutor.java:418)
	at com.kms.katalon.core.main.TestCaseExecutor.accessMainPhase(TestCaseExecutor.java:410)
	at com.kms.katalon.core.main.TestCaseExecutor.execute(TestCaseExecutor.java:285)
	at com.kms.katalon.core.common.CommonExecutor.accessTestCaseMainPhase(CommonExecutor.java:65)
	at com.kms.katalon.core.main.TestSuiteExecutor.accessTestSuiteMainPhase(TestSuiteExecutor.java:150)
	at com.kms.katalon.core.main.TestSuiteExecutor.execute(TestSuiteExecutor.java:106)
	at com.kms.katalon.core.main.TestCaseMain.startTestSuite(TestCaseMain.java:180)
	at TempTestSuite1743137207280.run(TempTestSuite1743137207280.groovy:35)
	at java.base/jdk.internal.reflect.NativeMethodAccessorImpl.invoke0(Native Method)
	at java.base/jdk.internal.reflect.NativeMethodAccessorImpl.invoke(NativeMethodAccessorImpl.java:77)
	at java.base/jdk.internal.reflect.DelegatingMethodAccessorImpl.invoke(DelegatingMethodAccessorImpl.java:43)
Caused by: com.kms.katalon.core.exception.StepFailedException: Unable to get text of object 'Object Repository/Факторный анализ/Отклонения выручки по факторам Выручка'
	... 23 more
Caused by: com.kms.katalon.core.webui.exception.WebElementNotFoundException: Web element with id: 'Object Repository/Факторный анализ/Отклонения выручки по факторам Выручка' located by '(.//*[normalize-space(text()) and normalize-space(.)='В начало'])[20]/following::*[name()='svg'][1]' not found
	at com.kms.katalon.core.webui.common.WebUiCommonHelper.findWebElement(WebUiCommonHelper.java:1426)
	at com.kms.katalon.core.webui.keyword.internal.WebUIAbstractKeyword.findWebElement(WebUIAbstractKeyword.groovy:27)
	at com.kms.katalon.core.webui.keyword.internal.WebUIAbstractKeyword.findWebElement(WebUIAbstractKeyword.groovy:26)
	at com.kms.katalon.core.webui.keyword.builtin.GetTextKeyword$_getText_closure1.doCall(GetTextKeyword.groovy:78)
	at com.kms.katalon.core.webui.keyword.builtin.GetTextKeyword$_getText_closure1.call(GetTextKeyword.groovy)
	at com.kms.katalon.core.webui.keyword.internal.WebUIKeywordMain.runKeyword(WebUIKeywordMain.groovy:20)
	... 21 more


28-03-2025T11:59:09 - [TEST_STEP][PASSED] - date = new java.util.Date(): null

28-03-2025T11:59:09 - [TEST_STEP][PASSED] - todaysDate = date.format("dd.MM.yyyy"): null

28-03-2025T11:59:09 - [TEST_STEP][PASSED] - typeOfData = <not implemented yet for class: org.codehaus.groovy.ast.expr.EmptyExpression>: null

28-03-2025T11:59:09 - [TEST_STEP][PASSED] - otobrajeniyeDannyh = <not implemented yet for class: org.codehaus.groovy.ast.expr.EmptyExpression>: null

28-03-2025T11:59:09 - [TEST_STEP][PASSED] - println(todaysDate): null

28-03-2025T11:59:09 - [TEST_STEP][PASSED] - vidget = <not implemented yet for class: org.codehaus.groovy.ast.expr.EmptyExpression>: null

28-03-2025T11:59:09 - [TEST_STEP][PASSED] - x = <not implemented yet for class: org.codehaus.groovy.ast.expr.EmptyExpression>: null

28-03-2025T11:59:09 - [TEST_STEP][PASSED] - y = <not implemented yet for class: org.codehaus.groovy.ast.expr.EmptyExpression>: null

28-03-2025T11:59:09 - [TEST_STEP][PASSED] - DZO = <not implemented yet for class: org.codehaus.groovy.ast.expr.EmptyExpression>: null

28-03-2025T11:59:09 - [TEST_STEP][PASSED] - openBrowser(""): Browser is opened with url: ''

28-03-2025T11:59:09 - [MESSAGE][INFO] - Starting 'Chrome' driver

28-03-2025T11:59:09 - [MESSAGE][INFO] - Action delay is set to 0 milliseconds

28-03-2025T11:59:10 - [MESSAGE][PASSED] - Browser is opened with url: ''

28-03-2025T11:59:10 - [TEST_STEP][PASSED] - run = 1: null

28-03-2025T11:59:10 - [TEST_STEP][PASSED] - for ([run = 1, run < 3, (run++)]): null

28-03-2025T11:59:10 - [TEST_STEP][PASSED] - Script1719551244403.Test(run, todaysDate, typeOfData, otobrajeniyeDannyh, x, y, vidget, DZO): null

28-03-2025T11:59:10 - [TEST_STEP][PASSED] - navigateToUrl(findTestData("PlanFact").getValue(10, 3)): Navigate to 'https://bi.rosseti.digital/viewer?dashboardGuid=2301950b23be4ed89c1df75f2020051e&sheetGuid=ccd7d7486b3d4e6fa0ee9b1eaebed46c&fit=true' successfully

28-03-2025T11:59:15 - [MESSAGE][PASSED] - Navigate to 'https://bi.rosseti.digital/viewer?dashboardGuid=2301950b23be4ed89c1df75f2020051e&sheetGuid=ccd7d7486b3d4e6fa0ee9b1eaebed46c&fit=true' successfully

28-03-2025T11:59:15 - [TEST_STEP][PASSED] - Script1719551244403.Autorization(run): null

28-03-2025T11:59:15 - [TEST_STEP][PASSED] - delay(10): Delayed 10 second(s)

28-03-2025T11:59:25 - [MESSAGE][PASSED] - Delayed 10 second(s)

28-03-2025T11:59:25 - [TEST_STEP][PASSED] - if (run == 1): Delayed 10 second(s)

28-03-2025T11:59:25 - [TEST_STEP][PASSED] - setText(findTestObject("Страница авторизации/input__username"), findTestData("PlanFact").getValue(8, 1)): Text 'liazgina-di' is set on object 'Object Repository/Страница авторизации/input__username'

28-03-2025T11:59:25 - [MESSAGE][PASSED] - Text 'liazgina-di' is set on object 'Object Repository/Страница авторизации/input__username'

28-03-2025T11:59:25 - [TEST_STEP][PASSED] - setText(findTestObject("Страница авторизации/input__password"), findTestData("PlanFact").getValue(9, 1)): Text ')$%5srZ8o688Dm#q' is set on object 'Object Repository/Страница авторизации/input__password'

28-03-2025T11:59:26 - [MESSAGE][PASSED] - Text ')$%5srZ8o688Dm#q' is set on object 'Object Repository/Страница авторизации/input__password'

28-03-2025T11:59:26 - [TEST_STEP][PASSED] - click(findTestObject("Страница авторизации/button_")): Object: 'Object Repository/Страница авторизации/button_' is clicked on

28-03-2025T11:59:28 - [MESSAGE][PASSED] - Object: 'Object Repository/Страница авторизации/button_' is clicked on

28-03-2025T11:59:28 - [TEST_STEP][PASSED] - delay(10): Delayed 10 second(s)

28-03-2025T11:59:38 - [MESSAGE][PASSED] - Delayed 10 second(s)

28-03-2025T11:59:38 - [TEST_STEP][PASSED] - i = <not implemented yet for class: org.codehaus.groovy.ast.expr.EmptyExpression>: null

28-03-2025T11:59:38 - [TEST_STEP][PASSED] - ii = <not implemented yet for class: org.codehaus.groovy.ast.expr.EmptyExpression>: null

28-03-2025T11:59:38 - [TEST_STEP][PASSED] - a = <not implemented yet for class: org.codehaus.groovy.ast.expr.EmptyExpression>: null

28-03-2025T11:59:38 - [TEST_STEP][PASSED] - a1 = <not implemented yet for class: org.codehaus.groovy.ast.expr.EmptyExpression>: null

28-03-2025T11:59:38 - [TEST_STEP][PASSED] - a2 = <not implemented yet for class: org.codehaus.groovy.ast.expr.EmptyExpression>: null

28-03-2025T11:59:38 - [TEST_STEP][PASSED] - click(findTestObject("Факторный анализ/Фильтр Период")): Object: 'Object Repository/Факторный анализ/Фильтр Период' is clicked on

28-03-2025T11:59:41 - [MESSAGE][PASSED] - Object: 'Object Repository/Факторный анализ/Фильтр Период' is clicked on

28-03-2025T11:59:41 - [TEST_STEP][PASSED] - click(findTestObject("Факторный анализ/Снять выделение в фильтре Дата")): Object: 'Object Repository/Факторный анализ/Снять выделение в фильтре Дата' is clicked on

28-03-2025T11:59:42 - [MESSAGE][PASSED] - Object: 'Object Repository/Факторный анализ/Снять выделение в фильтре Дата' is clicked on

28-03-2025T11:59:42 - [TEST_STEP][PASSED] - click(findTestObject("Факторный анализ/Применить в фильтре Дата")): Object: 'Object Repository/Факторный анализ/Применить в фильтре Дата' is clicked on

28-03-2025T11:59:42 - [MESSAGE][PASSED] - Object: 'Object Repository/Факторный анализ/Применить в фильтре Дата' is clicked on

28-03-2025T11:59:42 - [TEST_STEP][PASSED] - delay(10): Delayed 10 second(s)

28-03-2025T11:59:52 - [MESSAGE][PASSED] - Delayed 10 second(s)

28-03-2025T11:59:52 - [TEST_STEP][PASSED] - click(findTestObject("Факторный анализ/Фильтр Период")): Object: 'Object Repository/Факторный анализ/Фильтр Период' is clicked on

28-03-2025T11:59:53 - [MESSAGE][PASSED] - Object: 'Object Repository/Факторный анализ/Фильтр Период' is clicked on

28-03-2025T11:59:53 - [TEST_STEP][PASSED] - click(findTestObject("Факторный анализ/Снять выделение в фильтре Дата")): Object: 'Object Repository/Факторный анализ/Снять выделение в фильтре Дата' is clicked on

28-03-2025T11:59:53 - [MESSAGE][PASSED] - Object: 'Object Repository/Факторный анализ/Снять выделение в фильтре Дата' is clicked on

28-03-2025T11:59:53 - [TEST_STEP][PASSED] - scrollToElement(findTestObject("Факторный анализ/2025 список"), 30): Scroll to object 'Object Repository/Факторный анализ/2025 список' successfully

28-03-2025T11:59:53 - [MESSAGE][PASSED] - Scroll to object 'Object Repository/Факторный анализ/2025 список' successfully

28-03-2025T11:59:53 - [TEST_STEP][PASSED] - click(findTestObject("Факторный анализ/2025 список")): Object: 'Object Repository/Факторный анализ/2025 список' is clicked on

28-03-2025T11:59:54 - [MESSAGE][PASSED] - Object: 'Object Repository/Факторный анализ/2025 список' is clicked on

28-03-2025T11:59:54 - [TEST_STEP][PASSED] - scrollToElement(findTestObject("Факторный анализ/1 квартал 2025 список"), 30): Scroll to object 'Object Repository/Факторный анализ/1 квартал 2025 список' successfully

28-03-2025T11:59:54 - [MESSAGE][PASSED] - Scroll to object 'Object Repository/Факторный анализ/1 квартал 2025 список' successfully

28-03-2025T11:59:54 - [TEST_STEP][PASSED] - click(findTestObject("Факторный анализ/1 квартал 2025 список"), CONTINUE_ON_FAILURE): Object: 'Object Repository/Факторный анализ/1 квартал 2025 список' is clicked on

28-03-2025T11:59:55 - [MESSAGE][PASSED] - Object: 'Object Repository/Факторный анализ/1 квартал 2025 список' is clicked on

28-03-2025T11:59:55 - [TEST_STEP][PASSED] - scrollToElement(findTestObject("Факторный анализ/Январь 2025"), 30): Scroll to object 'Object Repository/Факторный анализ/Январь 2025' successfully

28-03-2025T11:59:55 - [MESSAGE][PASSED] - Scroll to object 'Object Repository/Факторный анализ/Январь 2025' successfully

28-03-2025T11:59:55 - [TEST_STEP][PASSED] - click(findTestObject("Факторный анализ/Январь 2025"), CONTINUE_ON_FAILURE): Object: 'Object Repository/Факторный анализ/Январь 2025' is clicked on

28-03-2025T11:59:55 - [MESSAGE][PASSED] - Object: 'Object Repository/Факторный анализ/Январь 2025' is clicked on

28-03-2025T11:59:55 - [TEST_STEP][PASSED] - scrollToElement(findTestObject("Факторный анализ/Заголовок дашборда"), 30): Scroll to object 'Object Repository/Факторный анализ/Заголовок дашборда' successfully

28-03-2025T11:59:56 - [MESSAGE][PASSED] - Scroll to object 'Object Repository/Факторный анализ/Заголовок дашборда' successfully

28-03-2025T11:59:56 - [TEST_STEP][PASSED] - click(findTestObject("Факторный анализ/Применить в фильтре Дата")): Object: 'Object Repository/Факторный анализ/Применить в фильтре Дата' is clicked on

28-03-2025T11:59:56 - [MESSAGE][PASSED] - Object: 'Object Repository/Факторный анализ/Применить в фильтре Дата' is clicked on

28-03-2025T11:59:56 - [TEST_STEP][PASSED] - if (run == 1): null

28-03-2025T11:59:56 - [TEST_STEP][PASSED] - a = getText(findTestObject("Факторный анализ/Отклонения выручки по факторам Блок руководителя")): Text of object 'Object Repository/Факторный анализ/Отклонения выручки по факторам Блок руководителя' is: '-6 395-6 395
883883
Отклонение (объём услуг)
Отклонение (средний тариф)
ПАО Россети'

28-03-2025T11:59:57 - [MESSAGE][PASSED] - Text of object 'Object Repository/Факторный анализ/Отклонения выручки по факторам Блок руководителя' is: '-6 395-6 395
883883
Отклонение (объём услуг)
Отклонение (средний тариф)
ПАО Россети'

28-03-2025T11:59:57 - [TEST_STEP][PASSED] - a = a.replaceAll("[\r?
|
]", "/"): null

28-03-2025T11:59:57 - [TEST_STEP][PASSED] - i = a.indexOf("Отклонение"): null

28-03-2025T11:59:57 - [TEST_STEP][PASSED] - if (i > -1): null

28-03-2025T11:59:57 - [TEST_STEP][PASSED] - i = i: null

28-03-2025T11:59:57 - [TEST_STEP][PASSED] - a = substring(0, i).trim(): null

28-03-2025T11:59:57 - [TEST_STEP][PASSED] - println("a: " + a): null

28-03-2025T11:59:57 - [TEST_STEP][PASSED] - i = a.indexOf("/"): null

28-03-2025T11:59:57 - [TEST_STEP][PASSED] - if (i > -1): null

28-03-2025T11:59:57 - [TEST_STEP][PASSED] - a1 = a.substring(0, i): null

28-03-2025T11:59:57 - [TEST_STEP][PASSED] - println("a1: " + a1): null

28-03-2025T11:59:57 - [TEST_STEP][PASSED] - a2 = a.substring(a1.length() + 1, a.length()): null

28-03-2025T11:59:57 - [TEST_STEP][PASSED] - println("a2: " + a2): null

28-03-2025T11:59:57 - [TEST_STEP][PASSED] - i = a1.length() / 2: null

28-03-2025T11:59:57 - [TEST_STEP][PASSED] - if (i > -1): null

28-03-2025T11:59:57 - [TEST_STEP][PASSED] - a1 = replaceAll("\s+", "").trim(): null

28-03-2025T11:59:57 - [TEST_STEP][PASSED] - println("a1: " + a1): null

28-03-2025T11:59:57 - [TEST_STEP][PASSED] - i = a2.length() / 2: null

28-03-2025T11:59:57 - [TEST_STEP][PASSED] - if (i > -1): null

28-03-2025T11:59:57 - [TEST_STEP][PASSED] - a2 = replaceAll("\s+", "").trim(): null

28-03-2025T11:59:57 - [TEST_STEP][PASSED] - println("a2: " + a2): null

28-03-2025T11:59:57 - [TEST_STEP][PASSED] - tableA = getText(findTestObject("Факторный анализ/AllTable1")).replaceAll("[\r?
|
]", "/"): Text of object 'Object Repository/Факторный анализ/AllTable1' is: 'ДЗО
Филиал
Отклонение (объём услуг)
Отклонение (средний тариф)
АО "РЭС" АО "РЭС" -76 3
АО «Тываэнерго» АО "Тываэнерго" 19 4
АО «Чеченэнерго» АО «Чеченэнерго» -35 -48
Россети Волга Мордовэнерго - 150 -6
Оренбургэнерго -62 -9
Пензаэнерго -35 -1
Самарские РС -78 142
Саратовские РС -77 -49
Ульяновские РС 14 6
Чувашэнерго -4 12
Россети Кубань Кубаньэнерго - 341 287
Россети Ленэнерго (ГК) Ленинградская область - 311 187
г. Санкт-Петербург - 291 12
Россети Московский регион Московская область - 780 53
г. Москва - 195 -5
Россети Северный Кавказ (ГК) Дагэнерго - 238 -48
Ингушэнерго -60 14
Каббалкэнерго 20 -4
Карачаево-Черкесскэнерго -10 - 109
Севкавказэнерго - 121 -10
Ставропольэнерго -68 28
Россети Северо-Запад Архангельский филиал -52 21
Вологодский филиал -40 10
Карельский филиал -50 -15
Мурманский филиал 20 -17
Новгородский филиал -49 0
Псковский филиал -48 13
филиал в Республике Коми -53 9
Россети Сибирь (ГК) Алтайэнерго 39 16
Бурятэнерго 10 -7
ГАЭС 9 2
Красноярскэнерго 117 -4
Кузбассэнерго-РЭС 37 147
Омскэнерго -2 -21
Хакасэнерго -10 -12
Читаэнерго -1 25
Россети Томск Томская распределительная компания -62 5
Россети Тюмень Россети Тюмень - 986 - 117
Россети Урал (ГК) Пермэнерго - 187 5
Свердловэнерго - 152 -4
Челябэнерго - 141 5
Россети ФСК ЕЭС Итого по ФСК ЕЭС - 311 252
Россети Центр Белгородэнерго -85 14
Брянскэнерго -50 -8
Воронежэнерго -98 -2
Костромаэнерго -42 3
Курскэнерго -32 8
Липецкэнерго -79 20
Орелэнерго -40 5
Смоленскэнерго -52 -7
Тамбовэнерго -25 -5
Тверьэнерго - 133 0
Ярэнерго -60 -7
Россети Центр и Приволжье (ГК) Владимирэнерго - 134 -19
Ивэнерго -16 -6
Калугаэнерго -73 20
Кировэнерго -51 3
Мариэнерго -10 9
Нижновэнерго - 171 -4
Рязаньэнерго -93 1
Тулэнерго -82 7
Удмуртэнерго -55 60
Россети Юг (ГК) АО «ВМЭС» 0 4
Астраханьэнерго 1 -6
Волгоградэнерго - 140 -12
Калмэнерго -8 2
Ростовэнерго -47 16
Россети Янтарь Россети Янтарь -31 12'

28-03-2025T11:59:57 - [MESSAGE][PASSED] - Text of object 'Object Repository/Факторный анализ/AllTable1' is: 'ДЗО
Филиал
Отклонение (объём услуг)
Отклонение (средний тариф)
АО "РЭС" АО "РЭС" -76 3
АО «Тываэнерго» АО "Тываэнерго" 19 4
АО «Чеченэнерго» АО «Чеченэнерго» -35 -48
Россети Волга Мордовэнерго - 150 -6
Оренбургэнерго -62 -9
Пензаэнерго -35 -1
Самарские РС -78 142
Саратовские РС -77 -49
Ульяновские РС 14 6
Чувашэнерго -4 12
Россети Кубань Кубаньэнерго - 341 287
Россети Ленэнерго (ГК) Ленинградская область - 311 187
г. Санкт-Петербург - 291 12
Россети Московский регион Московская область - 780 53
г. Москва - 195 -5
Россети Северный Кавказ (ГК) Дагэнерго - 238 -48
Ингушэнерго -60 14
Каббалкэнерго 20 -4
Карачаево-Черкесскэнерго -10 - 109
Севкавказэнерго - 121 -10
Ставропольэнерго -68 28
Россети Северо-Запад Архангельский филиал -52 21
Вологодский филиал -40 10
Карельский филиал -50 -15
Мурманский филиал 20 -17
Новгородский филиал -49 0
Псковский филиал -48 13
филиал в Республике Коми -53 9
Россети Сибирь (ГК) Алтайэнерго 39 16
Бурятэнерго 10 -7
ГАЭС 9 2
Красноярскэнерго 117 -4
Кузбассэнерго-РЭС 37 147
Омскэнерго -2 -21
Хакасэнерго -10 -12
Читаэнерго -1 25
Россети Томск Томская распределительная компания -62 5
Россети Тюмень Россети Тюмень - 986 - 117
Россети Урал (ГК) Пермэнерго - 187 5
Свердловэнерго - 152 -4
Челябэнерго - 141 5
Россети ФСК ЕЭС Итого по ФСК ЕЭС - 311 252
Россети Центр Белгородэнерго -85 14
Брянскэнерго -50 -8
Воронежэнерго -98 -2
Костромаэнерго -42 3
Курскэнерго -32 8
Липецкэнерго -79 20
Орелэнерго -40 5
Смоленскэнерго -52 -7
Тамбовэнерго -25 -5
Тверьэнерго - 133 0
Ярэнерго -60 -7
Россети Центр и Приволжье (ГК) Владимирэнерго - 134 -19
Ивэнерго -16 -6
Калугаэнерго -73 20
Кировэнерго -51 3
Мариэнерго -10 9
Нижновэнерго - 171 -4
Рязаньэнерго -93 1
Тулэнерго -82 7
Удмуртэнерго -55 60
Россети Юг (ГК) АО «ВМЭС» 0 4
Астраханьэнерго 1 -6
Волгоградэнерго - 140 -12
Калмэнерго -8 2
Ростовэнерго -47 16
Россети Янтарь Россети Янтарь -31 12'

28-03-2025T11:59:57 - [TEST_STEP][PASSED] - println("tableA: " + tableA): null

28-03-2025T11:59:57 - [TEST_STEP][PASSED] - for ([i = 1, i < 5, (i++)]): null

28-03-2025T11:59:57 - [TEST_STEP][PASSED] - ii = tableA.indexOf("/") + 1: null

28-03-2025T11:59:57 - [TEST_STEP][PASSED] - tableA = tableA.substring(ii, tableA.length()): null

28-03-2025T11:59:57 - [TEST_STEP][PASSED] - ii = tableA.indexOf("/") + 1: null

28-03-2025T11:59:57 - [TEST_STEP][PASSED] - tableA = tableA.substring(ii, tableA.length()): null

28-03-2025T11:59:57 - [TEST_STEP][PASSED] - ii = tableA.indexOf("/") + 1: null

28-03-2025T11:59:57 - [TEST_STEP][PASSED] - tableA = tableA.substring(ii, tableA.length()): null

28-03-2025T11:59:57 - [TEST_STEP][PASSED] - ii = tableA.indexOf("/") + 1: null

28-03-2025T11:59:57 - [TEST_STEP][PASSED] - tableA = tableA.substring(ii, tableA.length()): null

28-03-2025T11:59:57 - [TEST_STEP][PASSED] - println("tableA: " + tableA): null

28-03-2025T11:59:57 - [TEST_STEP][PASSED] - TyA = Script1719551244403.GetData(x = tableA): null

28-03-2025T11:59:57 - [TEST_STEP][PASSED] - i2 = <not implemented yet for class: org.codehaus.groovy.ast.expr.EmptyExpression>: null

28-03-2025T11:59:57 - [TEST_STEP][PASSED] - i2 = x.indexOf("/") + 1: null

28-03-2025T11:59:57 - [TEST_STEP][PASSED] - x = replaceAll("\p{P}", "").trim(): null

28-03-2025T11:59:57 - [TEST_STEP][PASSED] - return x: null

28-03-2025T11:59:57 - [TEST_STEP][PASSED] - println("TyA: " + TyA): null

28-03-2025T11:59:57 - [TEST_STEP][PASSED] - tableA = Script1719551244403.NewDZO(x = tableA): null

28-03-2025T11:59:57 - [TEST_STEP][PASSED] - i3 = <not implemented yet for class: org.codehaus.groovy.ast.expr.EmptyExpression>: null

28-03-2025T11:59:57 - [TEST_STEP][PASSED] - i3 = x.indexOf("/") + 1: null

28-03-2025T11:59:57 - [TEST_STEP][PASSED] - x = x.substring(i3, x.length()): null

28-03-2025T11:59:57 - [TEST_STEP][PASSED] - return x: null

28-03-2025T11:59:57 - [TEST_STEP][PASSED] - ChA = Script1719551244403.GetData(x = tableA): null

28-03-2025T11:59:57 - [TEST_STEP][PASSED] - i2 = <not implemented yet for class: org.codehaus.groovy.ast.expr.EmptyExpression>: null

28-03-2025T11:59:57 - [TEST_STEP][PASSED] - i2 = x.indexOf("/") + 1: null

28-03-2025T11:59:57 - [TEST_STEP][PASSED] - x = replaceAll("\p{P}", "").trim(): null

28-03-2025T11:59:57 - [TEST_STEP][PASSED] - return x: null

28-03-2025T11:59:57 - [TEST_STEP][PASSED] - println("ChA: " + ChA): null

28-03-2025T11:59:57 - [TEST_STEP][PASSED] - tableA = Script1719551244403.NewDZO(x = tableA): null

28-03-2025T11:59:57 - [TEST_STEP][PASSED] - i3 = <not implemented yet for class: org.codehaus.groovy.ast.expr.EmptyExpression>: null

28-03-2025T11:59:57 - [TEST_STEP][PASSED] - i3 = x.indexOf("/") + 1: null

28-03-2025T11:59:57 - [TEST_STEP][PASSED] - x = x.substring(i3, x.length()): null

28-03-2025T11:59:57 - [TEST_STEP][PASSED] - return x: null

28-03-2025T11:59:57 - [TEST_STEP][PASSED] - i = tableA.indexOf("Кубань"): null

28-03-2025T11:59:57 - [TEST_STEP][PASSED] - VA = replaceAll("\p{P}", "").trim(): null

28-03-2025T11:59:57 - [TEST_STEP][PASSED] - println("VA: " + VA): null

28-03-2025T11:59:57 - [TEST_STEP][PASSED] - for ([i = 1, i < 8, (i++)]): null

28-03-2025T11:59:57 - [TEST_STEP][PASSED] - tableA = Script1719551244403.NewDZO(x = tableA): null

28-03-2025T11:59:57 - [TEST_STEP][PASSED] - i3 = <not implemented yet for class: org.codehaus.groovy.ast.expr.EmptyExpression>: null

28-03-2025T11:59:57 - [TEST_STEP][PASSED] - i3 = x.indexOf("/") + 1: null

28-03-2025T11:59:57 - [TEST_STEP][PASSED] - x = x.substring(i3, x.length()): null

28-03-2025T11:59:57 - [TEST_STEP][PASSED] - return x: null

28-03-2025T11:59:57 - [TEST_STEP][PASSED] - tableA = Script1719551244403.NewDZO(x = tableA): null

28-03-2025T11:59:57 - [TEST_STEP][PASSED] - i3 = <not implemented yet for class: org.codehaus.groovy.ast.expr.EmptyExpression>: null

28-03-2025T11:59:57 - [TEST_STEP][PASSED] - i3 = x.indexOf("/") + 1: null

28-03-2025T11:59:57 - [TEST_STEP][PASSED] - x = x.substring(i3, x.length()): null

28-03-2025T11:59:57 - [TEST_STEP][PASSED] - return x: null

28-03-2025T11:59:57 - [TEST_STEP][PASSED] - tableA = Script1719551244403.NewDZO(x = tableA): null

28-03-2025T11:59:57 - [TEST_STEP][PASSED] - i3 = <not implemented yet for class: org.codehaus.groovy.ast.expr.EmptyExpression>: null

28-03-2025T11:59:57 - [TEST_STEP][PASSED] - i3 = x.indexOf("/") + 1: null

28-03-2025T11:59:57 - [TEST_STEP][PASSED] - x = x.substring(i3, x.length()): null

28-03-2025T11:59:57 - [TEST_STEP][PASSED] - return x: null

28-03-2025T11:59:57 - [TEST_STEP][PASSED] - tableA = Script1719551244403.NewDZO(x = tableA): null

28-03-2025T11:59:57 - [TEST_STEP][PASSED] - i3 = <not implemented yet for class: org.codehaus.groovy.ast.expr.EmptyExpression>: null

28-03-2025T11:59:57 - [TEST_STEP][PASSED] - i3 = x.indexOf("/") + 1: null

28-03-2025T11:59:57 - [TEST_STEP][PASSED] - x = x.substring(i3, x.length()): null

28-03-2025T11:59:57 - [TEST_STEP][PASSED] - return x: null

28-03-2025T11:59:57 - [TEST_STEP][PASSED] - tableA = Script1719551244403.NewDZO(x = tableA): null

28-03-2025T11:59:57 - [TEST_STEP][PASSED] - i3 = <not implemented yet for class: org.codehaus.groovy.ast.expr.EmptyExpression>: null

28-03-2025T11:59:57 - [TEST_STEP][PASSED] - i3 = x.indexOf("/") + 1: null

28-03-2025T11:59:57 - [TEST_STEP][PASSED] - x = x.substring(i3, x.length()): null

28-03-2025T11:59:57 - [TEST_STEP][PASSED] - return x: null

28-03-2025T11:59:57 - [TEST_STEP][PASSED] - tableA = Script1719551244403.NewDZO(x = tableA): null

28-03-2025T11:59:57 - [TEST_STEP][PASSED] - i3 = <not implemented yet for class: org.codehaus.groovy.ast.expr.EmptyExpression>: null

28-03-2025T11:59:57 - [TEST_STEP][PASSED] - i3 = x.indexOf("/") + 1: null

28-03-2025T11:59:57 - [TEST_STEP][PASSED] - x = x.substring(i3, x.length()): null

28-03-2025T11:59:57 - [TEST_STEP][PASSED] - return x: null

28-03-2025T11:59:57 - [TEST_STEP][PASSED] - tableA = Script1719551244403.NewDZO(x = tableA): null

28-03-2025T11:59:57 - [TEST_STEP][PASSED] - i3 = <not implemented yet for class: org.codehaus.groovy.ast.expr.EmptyExpression>: null

28-03-2025T11:59:57 - [TEST_STEP][PASSED] - i3 = x.indexOf("/") + 1: null

28-03-2025T11:59:57 - [TEST_STEP][PASSED] - x = x.substring(i3, x.length()): null

28-03-2025T11:59:57 - [TEST_STEP][PASSED] - return x: null

28-03-2025T11:59:57 - [TEST_STEP][PASSED] - i = tableA.indexOf("Ленэнерго"): null

28-03-2025T11:59:57 - [TEST_STEP][PASSED] - KuA = Script1719551244403.GetData(x = tableA): null

28-03-2025T11:59:57 - [TEST_STEP][PASSED] - i2 = <not implemented yet for class: org.codehaus.groovy.ast.expr.EmptyExpression>: null

28-03-2025T11:59:57 - [TEST_STEP][PASSED] - i2 = x.indexOf("/") + 1: null

28-03-2025T11:59:57 - [TEST_STEP][PASSED] - x = replaceAll("\p{P}", "").trim(): null

28-03-2025T11:59:57 - [TEST_STEP][PASSED] - return x: null

28-03-2025T11:59:57 - [TEST_STEP][PASSED] - println("KuA: " + KuA): null

28-03-2025T11:59:57 - [TEST_STEP][PASSED] - tableA = Script1719551244403.NewDZO(x = tableA): null

28-03-2025T11:59:57 - [TEST_STEP][PASSED] - i3 = <not implemented yet for class: org.codehaus.groovy.ast.expr.EmptyExpression>: null

28-03-2025T11:59:57 - [TEST_STEP][PASSED] - i3 = x.indexOf("/") + 1: null

28-03-2025T11:59:57 - [TEST_STEP][PASSED] - x = x.substring(i3, x.length()): null

28-03-2025T11:59:57 - [TEST_STEP][PASSED] - return x: null

28-03-2025T11:59:57 - [TEST_STEP][PASSED] - i = tableA.indexOf("Московский"): null

28-03-2025T11:59:57 - [TEST_STEP][PASSED] - LenA = replaceAll("\p{P}", "").trim(): null

28-03-2025T11:59:57 - [TEST_STEP][PASSED] - println("LenA: " + LenA): null

28-03-2025T11:59:57 - [TEST_STEP][PASSED] - tableA = Script1719551244403.NewDZO(x = tableA): null

28-03-2025T11:59:57 - [TEST_STEP][PASSED] - i3 = <not implemented yet for class: org.codehaus.groovy.ast.expr.EmptyExpression>: null

28-03-2025T11:59:57 - [TEST_STEP][PASSED] - i3 = x.indexOf("/") + 1: null

28-03-2025T11:59:57 - [TEST_STEP][PASSED] - x = x.substring(i3, x.length()): null

28-03-2025T11:59:57 - [TEST_STEP][PASSED] - return x: null

28-03-2025T11:59:57 - [TEST_STEP][PASSED] - tableA = Script1719551244403.NewDZO(x = tableA): null

28-03-2025T11:59:57 - [TEST_STEP][PASSED] - i3 = <not implemented yet for class: org.codehaus.groovy.ast.expr.EmptyExpression>: null

28-03-2025T11:59:57 - [TEST_STEP][PASSED] - i3 = x.indexOf("/") + 1: null

28-03-2025T11:59:57 - [TEST_STEP][PASSED] - x = x.substring(i3, x.length()): null

28-03-2025T11:59:57 - [TEST_STEP][PASSED] - return x: null

28-03-2025T11:59:57 - [TEST_STEP][PASSED] - i = tableA.indexOf("Кавказ"): null

28-03-2025T11:59:57 - [TEST_STEP][PASSED] - MosA = replaceAll("\p{P}", "").trim(): null

28-03-2025T11:59:57 - [TEST_STEP][PASSED] - println("MosA: " + MosA): null

28-03-2025T11:59:57 - [TEST_STEP][PASSED] - for ([i = 1, i < 3, (i++)]): null

28-03-2025T11:59:57 - [TEST_STEP][PASSED] - tableA = Script1719551244403.NewDZO(x = tableA): null

28-03-2025T11:59:57 - [TEST_STEP][PASSED] - i3 = <not implemented yet for class: org.codehaus.groovy.ast.expr.EmptyExpression>: null

28-03-2025T11:59:57 - [TEST_STEP][PASSED] - i3 = x.indexOf("/") + 1: null

28-03-2025T11:59:57 - [TEST_STEP][PASSED] - x = x.substring(i3, x.length()): null

28-03-2025T11:59:57 - [TEST_STEP][PASSED] - return x: null

28-03-2025T11:59:57 - [TEST_STEP][PASSED] - tableA = Script1719551244403.NewDZO(x = tableA): null

28-03-2025T11:59:57 - [TEST_STEP][PASSED] - i3 = <not implemented yet for class: org.codehaus.groovy.ast.expr.EmptyExpression>: null

28-03-2025T11:59:57 - [TEST_STEP][PASSED] - i3 = x.indexOf("/") + 1: null

28-03-2025T11:59:57 - [TEST_STEP][PASSED] - x = x.substring(i3, x.length()): null

28-03-2025T11:59:57 - [TEST_STEP][PASSED] - return x: null

28-03-2025T11:59:57 - [TEST_STEP][PASSED] - i = tableA.indexOf("Запад"): null

28-03-2025T11:59:57 - [TEST_STEP][PASSED] - SKA = replaceAll("\p{P}", "").trim(): null

28-03-2025T11:59:58 - [TEST_STEP][PASSED] - println("SKA: " + SKA): null

28-03-2025T11:59:58 - [TEST_STEP][PASSED] - for ([i = 1, i < 7, (i++)]): null

28-03-2025T11:59:58 - [TEST_STEP][PASSED] - tableA = Script1719551244403.NewDZO(x = tableA): null

28-03-2025T11:59:58 - [TEST_STEP][PASSED] - i3 = <not implemented yet for class: org.codehaus.groovy.ast.expr.EmptyExpression>: null

28-03-2025T11:59:58 - [TEST_STEP][PASSED] - i3 = x.indexOf("/") + 1: null

28-03-2025T11:59:58 - [TEST_STEP][PASSED] - x = x.substring(i3, x.length()): null

28-03-2025T11:59:58 - [TEST_STEP][PASSED] - return x: null

28-03-2025T11:59:58 - [TEST_STEP][PASSED] - tableA = Script1719551244403.NewDZO(x = tableA): null

28-03-2025T11:59:58 - [TEST_STEP][PASSED] - i3 = <not implemented yet for class: org.codehaus.groovy.ast.expr.EmptyExpression>: null

28-03-2025T11:59:58 - [TEST_STEP][PASSED] - i3 = x.indexOf("/") + 1: null

28-03-2025T11:59:58 - [TEST_STEP][PASSED] - x = x.substring(i3, x.length()): null

28-03-2025T11:59:58 - [TEST_STEP][PASSED] - return x: null

28-03-2025T11:59:58 - [TEST_STEP][PASSED] - tableA = Script1719551244403.NewDZO(x = tableA): null

28-03-2025T11:59:58 - [TEST_STEP][PASSED] - i3 = <not implemented yet for class: org.codehaus.groovy.ast.expr.EmptyExpression>: null

28-03-2025T11:59:58 - [TEST_STEP][PASSED] - i3 = x.indexOf("/") + 1: null

28-03-2025T11:59:58 - [TEST_STEP][PASSED] - x = x.substring(i3, x.length()): null

28-03-2025T11:59:58 - [TEST_STEP][PASSED] - return x: null

28-03-2025T11:59:58 - [TEST_STEP][PASSED] - tableA = Script1719551244403.NewDZO(x = tableA): null

28-03-2025T11:59:58 - [TEST_STEP][PASSED] - i3 = <not implemented yet for class: org.codehaus.groovy.ast.expr.EmptyExpression>: null

28-03-2025T11:59:58 - [TEST_STEP][PASSED] - i3 = x.indexOf("/") + 1: null

28-03-2025T11:59:58 - [TEST_STEP][PASSED] - x = x.substring(i3, x.length()): null

28-03-2025T11:59:58 - [TEST_STEP][PASSED] - return x: null

28-03-2025T11:59:58 - [TEST_STEP][PASSED] - tableA = Script1719551244403.NewDZO(x = tableA): null

28-03-2025T11:59:58 - [TEST_STEP][PASSED] - i3 = <not implemented yet for class: org.codehaus.groovy.ast.expr.EmptyExpression>: null

28-03-2025T11:59:58 - [TEST_STEP][PASSED] - i3 = x.indexOf("/") + 1: null

28-03-2025T11:59:58 - [TEST_STEP][PASSED] - x = x.substring(i3, x.length()): null

28-03-2025T11:59:58 - [TEST_STEP][PASSED] - return x: null

28-03-2025T11:59:58 - [TEST_STEP][PASSED] - tableA = Script1719551244403.NewDZO(x = tableA): null

28-03-2025T11:59:58 - [TEST_STEP][PASSED] - i3 = <not implemented yet for class: org.codehaus.groovy.ast.expr.EmptyExpression>: null

28-03-2025T11:59:58 - [TEST_STEP][PASSED] - i3 = x.indexOf("/") + 1: null

28-03-2025T11:59:58 - [TEST_STEP][PASSED] - x = x.substring(i3, x.length()): null

28-03-2025T11:59:58 - [TEST_STEP][PASSED] - return x: null

28-03-2025T11:59:58 - [TEST_STEP][PASSED] - i = tableA.indexOf("Сибирь"): null

28-03-2025T11:59:58 - [TEST_STEP][PASSED] - SZA = replaceAll("\p{P}", "").trim(): null

28-03-2025T11:59:58 - [TEST_STEP][PASSED] - println("SZA: " + SZA): null

28-03-2025T11:59:58 - [TEST_STEP][PASSED] - for ([i = 1, i < 8, (i++)]): null

28-03-2025T11:59:58 - [TEST_STEP][PASSED] - tableA = Script1719551244403.NewDZO(x = tableA): null

28-03-2025T11:59:58 - [TEST_STEP][PASSED] - i3 = <not implemented yet for class: org.codehaus.groovy.ast.expr.EmptyExpression>: null

28-03-2025T11:59:58 - [TEST_STEP][PASSED] - i3 = x.indexOf("/") + 1: null

28-03-2025T11:59:58 - [TEST_STEP][PASSED] - x = x.substring(i3, x.length()): null

28-03-2025T11:59:58 - [TEST_STEP][PASSED] - return x: null

28-03-2025T11:59:58 - [TEST_STEP][PASSED] - tableA = Script1719551244403.NewDZO(x = tableA): null

28-03-2025T11:59:58 - [TEST_STEP][PASSED] - i3 = <not implemented yet for class: org.codehaus.groovy.ast.expr.EmptyExpression>: null

28-03-2025T11:59:58 - [TEST_STEP][PASSED] - i3 = x.indexOf("/") + 1: null

28-03-2025T11:59:58 - [TEST_STEP][PASSED] - x = x.substring(i3, x.length()): null

28-03-2025T11:59:58 - [TEST_STEP][PASSED] - return x: null

28-03-2025T11:59:58 - [TEST_STEP][PASSED] - tableA = Script1719551244403.NewDZO(x = tableA): null

28-03-2025T11:59:58 - [TEST_STEP][PASSED] - i3 = <not implemented yet for class: org.codehaus.groovy.ast.expr.EmptyExpression>: null

28-03-2025T11:59:58 - [TEST_STEP][PASSED] - i3 = x.indexOf("/") + 1: null

28-03-2025T11:59:58 - [TEST_STEP][PASSED] - x = x.substring(i3, x.length()): null

28-03-2025T11:59:58 - [TEST_STEP][PASSED] - return x: null

28-03-2025T11:59:58 - [TEST_STEP][PASSED] - tableA = Script1719551244403.NewDZO(x = tableA): null

28-03-2025T11:59:58 - [TEST_STEP][PASSED] - i3 = <not implemented yet for class: org.codehaus.groovy.ast.expr.EmptyExpression>: null

28-03-2025T11:59:58 - [TEST_STEP][PASSED] - i3 = x.indexOf("/") + 1: null

28-03-2025T11:59:58 - [TEST_STEP][PASSED] - x = x.substring(i3, x.length()): null

28-03-2025T11:59:58 - [TEST_STEP][PASSED] - return x: null

28-03-2025T11:59:58 - [TEST_STEP][PASSED] - tableA = Script1719551244403.NewDZO(x = tableA): null

28-03-2025T11:59:58 - [TEST_STEP][PASSED] - i3 = <not implemented yet for class: org.codehaus.groovy.ast.expr.EmptyExpression>: null

28-03-2025T11:59:58 - [TEST_STEP][PASSED] - i3 = x.indexOf("/") + 1: null

28-03-2025T11:59:58 - [TEST_STEP][PASSED] - x = x.substring(i3, x.length()): null

28-03-2025T11:59:58 - [TEST_STEP][PASSED] - return x: null

28-03-2025T11:59:58 - [TEST_STEP][PASSED] - tableA = Script1719551244403.NewDZO(x = tableA): null

28-03-2025T11:59:58 - [TEST_STEP][PASSED] - i3 = <not implemented yet for class: org.codehaus.groovy.ast.expr.EmptyExpression>: null

28-03-2025T11:59:58 - [TEST_STEP][PASSED] - i3 = x.indexOf("/") + 1: null

28-03-2025T11:59:58 - [TEST_STEP][PASSED] - x = x.substring(i3, x.length()): null

28-03-2025T11:59:58 - [TEST_STEP][PASSED] - return x: null

28-03-2025T11:59:58 - [TEST_STEP][PASSED] - tableA = Script1719551244403.NewDZO(x = tableA): null

28-03-2025T11:59:58 - [TEST_STEP][PASSED] - i3 = <not implemented yet for class: org.codehaus.groovy.ast.expr.EmptyExpression>: null

28-03-2025T11:59:58 - [TEST_STEP][PASSED] - i3 = x.indexOf("/") + 1: null

28-03-2025T11:59:58 - [TEST_STEP][PASSED] - x = x.substring(i3, x.length()): null

28-03-2025T11:59:58 - [TEST_STEP][PASSED] - return x: null

28-03-2025T11:59:58 - [TEST_STEP][PASSED] - i = tableA.indexOf("Томск"): null

28-03-2025T11:59:58 - [TEST_STEP][PASSED] - SiA = replaceAll("\p{P}", "").trim(): null

28-03-2025T11:59:58 - [TEST_STEP][PASSED] - println("SiA: " + SiA): null

28-03-2025T11:59:58 - [TEST_STEP][PASSED] - for ([i = 1, i < 9, (i++)]): null

28-03-2025T11:59:58 - [TEST_STEP][PASSED] - tableA = Script1719551244403.NewDZO(x = tableA): null

28-03-2025T11:59:58 - [TEST_STEP][PASSED] - i3 = <not implemented yet for class: org.codehaus.groovy.ast.expr.EmptyExpression>: null

28-03-2025T11:59:58 - [TEST_STEP][PASSED] - i3 = x.indexOf("/") + 1: null

28-03-2025T11:59:58 - [TEST_STEP][PASSED] - x = x.substring(i3, x.length()): null

28-03-2025T11:59:58 - [TEST_STEP][PASSED] - return x: null

28-03-2025T11:59:58 - [TEST_STEP][PASSED] - tableA = Script1719551244403.NewDZO(x = tableA): null

28-03-2025T11:59:58 - [TEST_STEP][PASSED] - i3 = <not implemented yet for class: org.codehaus.groovy.ast.expr.EmptyExpression>: null

28-03-2025T11:59:58 - [TEST_STEP][PASSED] - i3 = x.indexOf("/") + 1: null

28-03-2025T11:59:58 - [TEST_STEP][PASSED] - x = x.substring(i3, x.length()): null

28-03-2025T11:59:58 - [TEST_STEP][PASSED] - return x: null

28-03-2025T11:59:58 - [TEST_STEP][PASSED] - tableA = Script1719551244403.NewDZO(x = tableA): null

28-03-2025T11:59:58 - [TEST_STEP][PASSED] - i3 = <not implemented yet for class: org.codehaus.groovy.ast.expr.EmptyExpression>: null

28-03-2025T11:59:58 - [TEST_STEP][PASSED] - i3 = x.indexOf("/") + 1: null

28-03-2025T11:59:58 - [TEST_STEP][PASSED] - x = x.substring(i3, x.length()): null

28-03-2025T11:59:58 - [TEST_STEP][PASSED] - return x: null

28-03-2025T11:59:58 - [TEST_STEP][PASSED] - tableA = Script1719551244403.NewDZO(x = tableA): null

28-03-2025T11:59:58 - [TEST_STEP][PASSED] - i3 = <not implemented yet for class: org.codehaus.groovy.ast.expr.EmptyExpression>: null

28-03-2025T11:59:58 - [TEST_STEP][PASSED] - i3 = x.indexOf("/") + 1: null

28-03-2025T11:59:58 - [TEST_STEP][PASSED] - x = x.substring(i3, x.length()): null

28-03-2025T11:59:58 - [TEST_STEP][PASSED] - return x: null

28-03-2025T11:59:58 - [TEST_STEP][PASSED] - tableA = Script1719551244403.NewDZO(x = tableA): null

28-03-2025T11:59:58 - [TEST_STEP][PASSED] - i3 = <not implemented yet for class: org.codehaus.groovy.ast.expr.EmptyExpression>: null

28-03-2025T11:59:58 - [TEST_STEP][PASSED] - i3 = x.indexOf("/") + 1: null

28-03-2025T11:59:58 - [TEST_STEP][PASSED] - x = x.substring(i3, x.length()): null

28-03-2025T11:59:58 - [TEST_STEP][PASSED] - return x: null

28-03-2025T11:59:58 - [TEST_STEP][PASSED] - tableA = Script1719551244403.NewDZO(x = tableA): null

28-03-2025T11:59:58 - [TEST_STEP][PASSED] - i3 = <not implemented yet for class: org.codehaus.groovy.ast.expr.EmptyExpression>: null

28-03-2025T11:59:58 - [TEST_STEP][PASSED] - i3 = x.indexOf("/") + 1: null

28-03-2025T11:59:58 - [TEST_STEP][PASSED] - x = x.substring(i3, x.length()): null

28-03-2025T11:59:58 - [TEST_STEP][PASSED] - return x: null

28-03-2025T11:59:58 - [TEST_STEP][PASSED] - tableA = Script1719551244403.NewDZO(x = tableA): null

28-03-2025T11:59:58 - [TEST_STEP][PASSED] - i3 = <not implemented yet for class: org.codehaus.groovy.ast.expr.EmptyExpression>: null

28-03-2025T11:59:58 - [TEST_STEP][PASSED] - i3 = x.indexOf("/") + 1: null

28-03-2025T11:59:58 - [TEST_STEP][PASSED] - x = x.substring(i3, x.length()): null

28-03-2025T11:59:58 - [TEST_STEP][PASSED] - return x: null

28-03-2025T11:59:58 - [TEST_STEP][PASSED] - tableA = Script1719551244403.NewDZO(x = tableA): null

28-03-2025T11:59:58 - [TEST_STEP][PASSED] - i3 = <not implemented yet for class: org.codehaus.groovy.ast.expr.EmptyExpression>: null

28-03-2025T11:59:58 - [TEST_STEP][PASSED] - i3 = x.indexOf("/") + 1: null

28-03-2025T11:59:58 - [TEST_STEP][PASSED] - x = x.substring(i3, x.length()): null

28-03-2025T11:59:58 - [TEST_STEP][PASSED] - return x: null

28-03-2025T11:59:58 - [TEST_STEP][PASSED] - i = tableA.indexOf("Тюмень"): null

28-03-2025T11:59:58 - [TEST_STEP][PASSED] - ToA = replaceAll("\p{P}", "").trim(): null

28-03-2025T11:59:58 - [TEST_STEP][PASSED] - println("ToA: " + ToA): null

28-03-2025T11:59:58 - [TEST_STEP][PASSED] - tableA = Script1719551244403.NewDZO(x = tableA): null

28-03-2025T11:59:58 - [TEST_STEP][PASSED] - i3 = <not implemented yet for class: org.codehaus.groovy.ast.expr.EmptyExpression>: null

28-03-2025T11:59:58 - [TEST_STEP][PASSED] - i3 = x.indexOf("/") + 1: null

28-03-2025T11:59:58 - [TEST_STEP][PASSED] - x = x.substring(i3, x.length()): null

28-03-2025T11:59:58 - [TEST_STEP][PASSED] - return x: null

28-03-2025T11:59:58 - [TEST_STEP][PASSED] - TyuA = replaceAll("\p{P}", "").trim(): null

28-03-2025T11:59:58 - [TEST_STEP][PASSED] - println("TyuA: " + TyuA): null

28-03-2025T11:59:58 - [TEST_STEP][PASSED] - tableA = Script1719551244403.NewDZO(x = tableA): null

28-03-2025T11:59:58 - [TEST_STEP][PASSED] - i3 = <not implemented yet for class: org.codehaus.groovy.ast.expr.EmptyExpression>: null

28-03-2025T11:59:58 - [TEST_STEP][PASSED] - i3 = x.indexOf("/") + 1: null

28-03-2025T11:59:58 - [TEST_STEP][PASSED] - x = x.substring(i3, x.length()): null

28-03-2025T11:59:58 - [TEST_STEP][PASSED] - return x: null

28-03-2025T11:59:58 - [TEST_STEP][PASSED] - i = tableA.indexOf("ЕЭС"): null

28-03-2025T11:59:58 - [TEST_STEP][PASSED] - UrA = replaceAll("\p{P}", "").trim(): null

28-03-2025T11:59:58 - [TEST_STEP][PASSED] - println("UrA: " + UrA): null

28-03-2025T11:59:58 - [TEST_STEP][PASSED] - for ([i = 1, i < 4, (i++)]): null

28-03-2025T11:59:58 - [TEST_STEP][PASSED] - tableA = Script1719551244403.NewDZO(x = tableA): null

28-03-2025T11:59:58 - [TEST_STEP][PASSED] - i3 = <not implemented yet for class: org.codehaus.groovy.ast.expr.EmptyExpression>: null

28-03-2025T11:59:58 - [TEST_STEP][PASSED] - i3 = x.indexOf("/") + 1: null

28-03-2025T11:59:58 - [TEST_STEP][PASSED] - x = x.substring(i3, x.length()): null

28-03-2025T11:59:58 - [TEST_STEP][PASSED] - return x: null

28-03-2025T11:59:58 - [TEST_STEP][PASSED] - tableA = Script1719551244403.NewDZO(x = tableA): null

28-03-2025T11:59:58 - [TEST_STEP][PASSED] - i3 = <not implemented yet for class: org.codehaus.groovy.ast.expr.EmptyExpression>: null

28-03-2025T11:59:58 - [TEST_STEP][PASSED] - i3 = x.indexOf("/") + 1: null

28-03-2025T11:59:58 - [TEST_STEP][PASSED] - x = x.substring(i3, x.length()): null

28-03-2025T11:59:58 - [TEST_STEP][PASSED] - return x: null

28-03-2025T11:59:58 - [TEST_STEP][PASSED] - tableA = Script1719551244403.NewDZO(x = tableA): null

28-03-2025T11:59:58 - [TEST_STEP][PASSED] - i3 = <not implemented yet for class: org.codehaus.groovy.ast.expr.EmptyExpression>: null

28-03-2025T11:59:58 - [TEST_STEP][PASSED] - i3 = x.indexOf("/") + 1: null

28-03-2025T11:59:58 - [TEST_STEP][PASSED] - x = x.substring(i3, x.length()): null

28-03-2025T11:59:58 - [TEST_STEP][PASSED] - return x: null

28-03-2025T11:59:58 - [TEST_STEP][PASSED] - i = tableA.indexOf("Центр"): null

28-03-2025T11:59:58 - [TEST_STEP][PASSED] - FSKA = replaceAll("\p{P}", "").trim(): null

28-03-2025T11:59:58 - [TEST_STEP][PASSED] - println("FSKA: " + FSKA): null

28-03-2025T11:59:58 - [TEST_STEP][PASSED] - tableA = Script1719551244403.NewDZO(x = tableA): null

28-03-2025T11:59:58 - [TEST_STEP][PASSED] - i3 = <not implemented yet for class: org.codehaus.groovy.ast.expr.EmptyExpression>: null

28-03-2025T11:59:58 - [TEST_STEP][PASSED] - i3 = x.indexOf("/") + 1: null

28-03-2025T11:59:58 - [TEST_STEP][PASSED] - x = x.substring(i3, x.length()): null

28-03-2025T11:59:58 - [TEST_STEP][PASSED] - return x: null

28-03-2025T11:59:58 - [TEST_STEP][PASSED] - i = tableA.indexOf("Приволжье"): null

28-03-2025T11:59:58 - [TEST_STEP][PASSED] - CenA = replaceAll("\p{P}", "").trim(): null

28-03-2025T11:59:58 - [TEST_STEP][PASSED] - println("CenA: " + CenA): null

28-03-2025T11:59:58 - [TEST_STEP][PASSED] - for ([i = 1, i < 12, (i++)]): null

28-03-2025T11:59:58 - [TEST_STEP][PASSED] - tableA = Script1719551244403.NewDZO(x = tableA): null

28-03-2025T11:59:58 - [TEST_STEP][PASSED] - i3 = <not implemented yet for class: org.codehaus.groovy.ast.expr.EmptyExpression>: null

28-03-2025T11:59:58 - [TEST_STEP][PASSED] - i3 = x.indexOf("/") + 1: null

28-03-2025T11:59:58 - [TEST_STEP][PASSED] - x = x.substring(i3, x.length()): null

28-03-2025T11:59:58 - [TEST_STEP][PASSED] - return x: null

28-03-2025T11:59:58 - [TEST_STEP][PASSED] - tableA = Script1719551244403.NewDZO(x = tableA): null

28-03-2025T11:59:58 - [TEST_STEP][PASSED] - i3 = <not implemented yet for class: org.codehaus.groovy.ast.expr.EmptyExpression>: null

28-03-2025T11:59:58 - [TEST_STEP][PASSED] - i3 = x.indexOf("/") + 1: null

28-03-2025T11:59:58 - [TEST_STEP][PASSED] - x = x.substring(i3, x.length()): null

28-03-2025T11:59:58 - [TEST_STEP][PASSED] - return x: null

28-03-2025T11:59:58 - [TEST_STEP][PASSED] - tableA = Script1719551244403.NewDZO(x = tableA): null

28-03-2025T11:59:58 - [TEST_STEP][PASSED] - i3 = <not implemented yet for class: org.codehaus.groovy.ast.expr.EmptyExpression>: null

28-03-2025T11:59:58 - [TEST_STEP][PASSED] - i3 = x.indexOf("/") + 1: null

28-03-2025T11:59:58 - [TEST_STEP][PASSED] - x = x.substring(i3, x.length()): null

28-03-2025T11:59:58 - [TEST_STEP][PASSED] - return x: null

28-03-2025T11:59:58 - [TEST_STEP][PASSED] - tableA = Script1719551244403.NewDZO(x = tableA): null

28-03-2025T11:59:58 - [TEST_STEP][PASSED] - i3 = <not implemented yet for class: org.codehaus.groovy.ast.expr.EmptyExpression>: null

28-03-2025T11:59:58 - [TEST_STEP][PASSED] - i3 = x.indexOf("/") + 1: null

28-03-2025T11:59:58 - [TEST_STEP][PASSED] - x = x.substring(i3, x.length()): null

28-03-2025T11:59:58 - [TEST_STEP][PASSED] - return x: null

28-03-2025T11:59:58 - [TEST_STEP][PASSED] - tableA = Script1719551244403.NewDZO(x = tableA): null

28-03-2025T11:59:58 - [TEST_STEP][PASSED] - i3 = <not implemented yet for class: org.codehaus.groovy.ast.expr.EmptyExpression>: null

28-03-2025T11:59:58 - [TEST_STEP][PASSED] - i3 = x.indexOf("/") + 1: null

28-03-2025T11:59:58 - [TEST_STEP][PASSED] - x = x.substring(i3, x.length()): null

28-03-2025T11:59:58 - [TEST_STEP][PASSED] - return x: null

28-03-2025T11:59:58 - [TEST_STEP][PASSED] - tableA = Script1719551244403.NewDZO(x = tableA): null

28-03-2025T11:59:58 - [TEST_STEP][PASSED] - i3 = <not implemented yet for class: org.codehaus.groovy.ast.expr.EmptyExpression>: null

28-03-2025T11:59:58 - [TEST_STEP][PASSED] - i3 = x.indexOf("/") + 1: null

28-03-2025T11:59:58 - [TEST_STEP][PASSED] - x = x.substring(i3, x.length()): null

28-03-2025T11:59:58 - [TEST_STEP][PASSED] - return x: null

28-03-2025T11:59:58 - [TEST_STEP][PASSED] - tableA = Script1719551244403.NewDZO(x = tableA): null

28-03-2025T11:59:58 - [TEST_STEP][PASSED] - i3 = <not implemented yet for class: org.codehaus.groovy.ast.expr.EmptyExpression>: null

28-03-2025T11:59:58 - [TEST_STEP][PASSED] - i3 = x.indexOf("/") + 1: null

28-03-2025T11:59:58 - [TEST_STEP][PASSED] - x = x.substring(i3, x.length()): null

28-03-2025T11:59:58 - [TEST_STEP][PASSED] - return x: null

28-03-2025T11:59:58 - [TEST_STEP][PASSED] - tableA = Script1719551244403.NewDZO(x = tableA): null

28-03-2025T11:59:58 - [TEST_STEP][PASSED] - i3 = <not implemented yet for class: org.codehaus.groovy.ast.expr.EmptyExpression>: null

28-03-2025T11:59:58 - [TEST_STEP][PASSED] - i3 = x.indexOf("/") + 1: null

28-03-2025T11:59:58 - [TEST_STEP][PASSED] - x = x.substring(i3, x.length()): null

28-03-2025T11:59:58 - [TEST_STEP][PASSED] - return x: null

28-03-2025T11:59:58 - [TEST_STEP][PASSED] - tableA = Script1719551244403.NewDZO(x = tableA): null

28-03-2025T11:59:58 - [TEST_STEP][PASSED] - i3 = <not implemented yet for class: org.codehaus.groovy.ast.expr.EmptyExpression>: null

28-03-2025T11:59:58 - [TEST_STEP][PASSED] - i3 = x.indexOf("/") + 1: null

28-03-2025T11:59:58 - [TEST_STEP][PASSED] - x = x.substring(i3, x.length()): null

28-03-2025T11:59:58 - [TEST_STEP][PASSED] - return x: null

28-03-2025T11:59:58 - [TEST_STEP][PASSED] - tableA = Script1719551244403.NewDZO(x = tableA): null

28-03-2025T11:59:58 - [TEST_STEP][PASSED] - i3 = <not implemented yet for class: org.codehaus.groovy.ast.expr.EmptyExpression>: null

28-03-2025T11:59:58 - [TEST_STEP][PASSED] - i3 = x.indexOf("/") + 1: null

28-03-2025T11:59:58 - [TEST_STEP][PASSED] - x = x.substring(i3, x.length()): null

28-03-2025T11:59:58 - [TEST_STEP][PASSED] - return x: null

28-03-2025T11:59:58 - [TEST_STEP][PASSED] - tableA = Script1719551244403.NewDZO(x = tableA): null

28-03-2025T11:59:58 - [TEST_STEP][PASSED] - i3 = <not implemented yet for class: org.codehaus.groovy.ast.expr.EmptyExpression>: null

28-03-2025T11:59:58 - [TEST_STEP][PASSED] - i3 = x.indexOf("/") + 1: null

28-03-2025T11:59:58 - [TEST_STEP][PASSED] - x = x.substring(i3, x.length()): null

28-03-2025T11:59:58 - [TEST_STEP][PASSED] - return x: null

28-03-2025T11:59:58 - [TEST_STEP][PASSED] - i = tableA.indexOf("Юг"): null

28-03-2025T11:59:58 - [TEST_STEP][PASSED] - CiPA = replaceAll("\p{P}", "").trim(): null

28-03-2025T11:59:58 - [TEST_STEP][PASSED] - println("CiPA: " + CiPA): null

28-03-2025T11:59:58 - [TEST_STEP][PASSED] - for ([i = 1, i < 10, (i++)]): null

28-03-2025T11:59:58 - [TEST_STEP][PASSED] - tableA = Script1719551244403.NewDZO(x = tableA): null

28-03-2025T11:59:58 - [TEST_STEP][PASSED] - i3 = <not implemented yet for class: org.codehaus.groovy.ast.expr.EmptyExpression>: null

28-03-2025T11:59:58 - [TEST_STEP][PASSED] - i3 = x.indexOf("/") + 1: null

28-03-2025T11:59:58 - [TEST_STEP][PASSED] - x = x.substring(i3, x.length()): null

28-03-2025T11:59:58 - [TEST_STEP][PASSED] - return x: null

28-03-2025T11:59:58 - [TEST_STEP][PASSED] - tableA = Script1719551244403.NewDZO(x = tableA): null

28-03-2025T11:59:58 - [TEST_STEP][PASSED] - i3 = <not implemented yet for class: org.codehaus.groovy.ast.expr.EmptyExpression>: null

28-03-2025T11:59:58 - [TEST_STEP][PASSED] - i3 = x.indexOf("/") + 1: null

28-03-2025T11:59:58 - [TEST_STEP][PASSED] - x = x.substring(i3, x.length()): null

28-03-2025T11:59:58 - [TEST_STEP][PASSED] - return x: null

28-03-2025T11:59:58 - [TEST_STEP][PASSED] - tableA = Script1719551244403.NewDZO(x = tableA): null

28-03-2025T11:59:58 - [TEST_STEP][PASSED] - i3 = <not implemented yet for class: org.codehaus.groovy.ast.expr.EmptyExpression>: null

28-03-2025T11:59:58 - [TEST_STEP][PASSED] - i3 = x.indexOf("/") + 1: null

28-03-2025T11:59:58 - [TEST_STEP][PASSED] - x = x.substring(i3, x.length()): null

28-03-2025T11:59:58 - [TEST_STEP][PASSED] - return x: null

28-03-2025T11:59:58 - [TEST_STEP][PASSED] - tableA = Script1719551244403.NewDZO(x = tableA): null

28-03-2025T11:59:58 - [TEST_STEP][PASSED] - i3 = <not implemented yet for class: org.codehaus.groovy.ast.expr.EmptyExpression>: null

28-03-2025T11:59:58 - [TEST_STEP][PASSED] - i3 = x.indexOf("/") + 1: null

28-03-2025T11:59:58 - [TEST_STEP][PASSED] - x = x.substring(i3, x.length()): null

28-03-2025T11:59:58 - [TEST_STEP][PASSED] - return x: null

28-03-2025T11:59:58 - [TEST_STEP][PASSED] - tableA = Script1719551244403.NewDZO(x = tableA): null

28-03-2025T11:59:58 - [TEST_STEP][PASSED] - i3 = <not implemented yet for class: org.codehaus.groovy.ast.expr.EmptyExpression>: null

28-03-2025T11:59:58 - [TEST_STEP][PASSED] - i3 = x.indexOf("/") + 1: null

28-03-2025T11:59:58 - [TEST_STEP][PASSED] - x = x.substring(i3, x.length()): null

28-03-2025T11:59:58 - [TEST_STEP][PASSED] - return x: null

28-03-2025T11:59:58 - [TEST_STEP][PASSED] - tableA = Script1719551244403.NewDZO(x = tableA): null

28-03-2025T11:59:58 - [TEST_STEP][PASSED] - i3 = <not implemented yet for class: org.codehaus.groovy.ast.expr.EmptyExpression>: null

28-03-2025T11:59:58 - [TEST_STEP][PASSED] - i3 = x.indexOf("/") + 1: null

28-03-2025T11:59:58 - [TEST_STEP][PASSED] - x = x.substring(i3, x.length()): null

28-03-2025T11:59:58 - [TEST_STEP][PASSED] - return x: null

28-03-2025T11:59:58 - [TEST_STEP][PASSED] - tableA = Script1719551244403.NewDZO(x = tableA): null

28-03-2025T11:59:58 - [TEST_STEP][PASSED] - i3 = <not implemented yet for class: org.codehaus.groovy.ast.expr.EmptyExpression>: null

28-03-2025T11:59:58 - [TEST_STEP][PASSED] - i3 = x.indexOf("/") + 1: null

28-03-2025T11:59:58 - [TEST_STEP][PASSED] - x = x.substring(i3, x.length()): null

28-03-2025T11:59:58 - [TEST_STEP][PASSED] - return x: null

28-03-2025T11:59:58 - [TEST_STEP][PASSED] - tableA = Script1719551244403.NewDZO(x = tableA): null

28-03-2025T11:59:58 - [TEST_STEP][PASSED] - i3 = <not implemented yet for class: org.codehaus.groovy.ast.expr.EmptyExpression>: null

28-03-2025T11:59:58 - [TEST_STEP][PASSED] - i3 = x.indexOf("/") + 1: null

28-03-2025T11:59:58 - [TEST_STEP][PASSED] - x = x.substring(i3, x.length()): null

28-03-2025T11:59:58 - [TEST_STEP][PASSED] - return x: null

28-03-2025T11:59:58 - [TEST_STEP][PASSED] - tableA = Script1719551244403.NewDZO(x = tableA): null

28-03-2025T11:59:58 - [TEST_STEP][PASSED] - i3 = <not implemented yet for class: org.codehaus.groovy.ast.expr.EmptyExpression>: null

28-03-2025T11:59:58 - [TEST_STEP][PASSED] - i3 = x.indexOf("/") + 1: null

28-03-2025T11:59:58 - [TEST_STEP][PASSED] - x = x.substring(i3, x.length()): null

28-03-2025T11:59:58 - [TEST_STEP][PASSED] - return x: null

28-03-2025T11:59:58 - [TEST_STEP][PASSED] - i = tableA.indexOf("Янтарь"): null

28-03-2025T11:59:58 - [TEST_STEP][PASSED] - UgA = replaceAll("\p{P}", "").trim(): null

28-03-2025T11:59:58 - [TEST_STEP][PASSED] - println("UgA: " + UgA): null

28-03-2025T11:59:58 - [TEST_STEP][PASSED] - i = tableA.lastIndexOf("/"): null

28-03-2025T11:59:58 - [TEST_STEP][PASSED] - YaA = replaceAll("\p{P}", "").trim(): null

28-03-2025T11:59:58 - [TEST_STEP][PASSED] - println("YaA: " + YaA): null

28-03-2025T11:59:58 - [TEST_STEP][PASSED] - delay(10): Delayed 10 second(s)

28-03-2025T12:00:08 - [MESSAGE][PASSED] - Delayed 10 second(s)

28-03-2025T12:00:08 - [TEST_STEP][PASSED] - navigateToUrl(findTestData("PlanFact").getValue(10, 11)): Navigate to 'https://bi.rosseti.digital/viewer?dashboardGuid=a1fd28b3785d443cbc4d7690a1d78e31&sheetGuid=d3a0ddec2e914cb380b20dca74903099&fit=true' successfully

28-03-2025T12:00:08 - [MESSAGE][PASSED] - Navigate to 'https://bi.rosseti.digital/viewer?dashboardGuid=a1fd28b3785d443cbc4d7690a1d78e31&sheetGuid=d3a0ddec2e914cb380b20dca74903099&fit=true' successfully

28-03-2025T12:00:08 - [TEST_STEP][PASSED] - b = <not implemented yet for class: org.codehaus.groovy.ast.expr.EmptyExpression>: null

28-03-2025T12:00:08 - [TEST_STEP][PASSED] - b1 = <not implemented yet for class: org.codehaus.groovy.ast.expr.EmptyExpression>: null

28-03-2025T12:00:08 - [TEST_STEP][PASSED] - b2 = <not implemented yet for class: org.codehaus.groovy.ast.expr.EmptyExpression>: null

28-03-2025T12:00:08 - [TEST_STEP][PASSED] - click(findTestObject("Факторный анализ/Фильтр Дата Выручка")): Object: 'Object Repository/Факторный анализ/Фильтр Дата Выручка' is clicked on

28-03-2025T12:00:17 - [MESSAGE][PASSED] - Object: 'Object Repository/Факторный анализ/Фильтр Дата Выручка' is clicked on

28-03-2025T12:00:17 - [TEST_STEP][PASSED] - click(findTestObject("Факторный анализ/Снять выделение в фильтре Дата Выручка")): Object: 'Object Repository/Факторный анализ/Снять выделение в фильтре Дата Выручка' is clicked on

28-03-2025T12:00:18 - [MESSAGE][PASSED] - Object: 'Object Repository/Факторный анализ/Снять выделение в фильтре Дата Выручка' is clicked on

28-03-2025T12:00:18 - [TEST_STEP][PASSED] - click(findTestObject("Факторный анализ/Применить в фильтре Дата Выручка")): Object: 'Object Repository/Факторный анализ/Применить в фильтре Дата Выручка' is clicked on

28-03-2025T12:00:18 - [MESSAGE][PASSED] - Object: 'Object Repository/Факторный анализ/Применить в фильтре Дата Выручка' is clicked on

28-03-2025T12:00:18 - [TEST_STEP][PASSED] - delay(10): Delayed 10 second(s)

28-03-2025T12:00:28 - [MESSAGE][PASSED] - Delayed 10 second(s)

28-03-2025T12:00:28 - [TEST_STEP][PASSED] - click(findTestObject("Факторный анализ/Фильтр Дата Выручка")): Object: 'Object Repository/Факторный анализ/Фильтр Дата Выручка' is clicked on

28-03-2025T12:00:29 - [MESSAGE][PASSED] - Object: 'Object Repository/Факторный анализ/Фильтр Дата Выручка' is clicked on

28-03-2025T12:00:29 - [TEST_STEP][PASSED] - click(findTestObject("Факторный анализ/Снять выделение в фильтре Дата Выручка")): Object: 'Object Repository/Факторный анализ/Снять выделение в фильтре Дата Выручка' is clicked on

28-03-2025T12:00:29 - [MESSAGE][PASSED] - Object: 'Object Repository/Факторный анализ/Снять выделение в фильтре Дата Выручка' is clicked on

28-03-2025T12:00:29 - [TEST_STEP][PASSED] - scrollToElement(findTestObject("Факторный анализ/2025 список Выручка"), 30): Scroll to object 'Object Repository/Факторный анализ/2025 список Выручка' successfully

28-03-2025T12:00:29 - [MESSAGE][PASSED] - Scroll to object 'Object Repository/Факторный анализ/2025 список Выручка' successfully

28-03-2025T12:00:29 - [TEST_STEP][PASSED] - click(findTestObject("Факторный анализ/2025 список Выручка")): Object: 'Object Repository/Факторный анализ/2025 список Выручка' is clicked on

28-03-2025T12:00:30 - [MESSAGE][PASSED] - Object: 'Object Repository/Факторный анализ/2025 список Выручка' is clicked on

28-03-2025T12:00:30 - [TEST_STEP][PASSED] - scrollToElement(findTestObject("Факторный анализ/1 квартал 2025 список Выручка"), 30): Scroll to object 'Object Repository/Факторный анализ/1 квартал 2025 список Выручка' successfully

28-03-2025T12:00:30 - [MESSAGE][PASSED] - Scroll to object 'Object Repository/Факторный анализ/1 квартал 2025 список Выручка' successfully

28-03-2025T12:00:30 - [TEST_STEP][PASSED] - click(findTestObject("Факторный анализ/1 квартал 2025 список Выручка"), CONTINUE_ON_FAILURE): Object: 'Object Repository/Факторный анализ/1 квартал 2025 список Выручка' is clicked on

28-03-2025T12:00:30 - [MESSAGE][PASSED] - Object: 'Object Repository/Факторный анализ/1 квартал 2025 список Выручка' is clicked on

28-03-2025T12:00:30 - [TEST_STEP][PASSED] - scrollToElement(findTestObject("Факторный анализ/Январь 2025 Выручка"), 30): Scroll to object 'Object Repository/Факторный анализ/Январь 2025 Выручка' successfully

28-03-2025T12:00:31 - [MESSAGE][PASSED] - Scroll to object 'Object Repository/Факторный анализ/Январь 2025 Выручка' successfully

28-03-2025T12:00:31 - [TEST_STEP][PASSED] - click(findTestObject("Факторный анализ/Январь 2025 Выручка"), CONTINUE_ON_FAILURE): Object: 'Object Repository/Факторный анализ/Январь 2025 Выручка' is clicked on

28-03-2025T12:00:31 - [MESSAGE][PASSED] - Object: 'Object Repository/Факторный анализ/Январь 2025 Выручка' is clicked on

28-03-2025T12:00:31 - [TEST_STEP][PASSED] - scrollToElement(findTestObject("Факторный анализ/Заголовок дашборда Выручка"), 30): Scroll to object 'Object Repository/Факторный анализ/Заголовок дашборда Выручка' successfully

28-03-2025T12:00:32 - [MESSAGE][PASSED] - Scroll to object 'Object Repository/Факторный анализ/Заголовок дашборда Выручка' successfully

28-03-2025T12:00:32 - [TEST_STEP][PASSED] - click(findTestObject("Факторный анализ/Применить в фильтре Дата Выручка")): Object: 'Object Repository/Факторный анализ/Применить в фильтре Дата Выручка' is clicked on

28-03-2025T12:00:32 - [MESSAGE][PASSED] - Object: 'Object Repository/Факторный анализ/Применить в фильтре Дата Выручка' is clicked on

28-03-2025T12:00:32 - [TEST_STEP][FAILED] - if (run == 1): null

28-03-2025T12:00:32 - [TEST_STEP][FAILED] - b = getText(findTestObject("Факторный анализ/Отклонения выручки по факторам Выручка")): Unable to get text of object 'Object Repository/Факторный анализ/Отклонения выручки по факторам Выручка' (Root cause: com.kms.katalon.core.exception.StepFailedException: Unable to get text of object 'Object Repository/Факторный анализ/Отклонения выручки по факторам Выручка'
	at com.kms.katalon.core.webui.keyword.internal.WebUIKeywordMain.stepFailed(WebUIKeywordMain.groovy:64)
	at com.kms.katalon.core.webui.keyword.internal.WebUIKeywordMain.runKeyword(WebUIKeywordMain.groovy:26)
	at com.kms.katalon.core.webui.keyword.builtin.GetTextKeyword.getText(GetTextKeyword.groovy:88)
	at com.kms.katalon.core.webui.keyword.builtin.GetTextKeyword.execute(GetTextKeyword.groovy:67)
	at com.kms.katalon.core.keyword.internal.KeywordExecutor.executeKeywordForPlatform(KeywordExecutor.groovy:74)
	at com.kms.katalon.core.webui.keyword.WebUiBuiltInKeywords.getText(WebUiBuiltInKeywords.groovy:957)
	at Факторный анализ сверка дашбордов.Test(Факторный анализ сверка дашбордов:357)
	at Факторный анализ сверка дашбордов.run(Факторный анализ сверка дашбордов:44)
	at com.kms.katalon.core.main.ScriptEngine.run(ScriptEngine.java:194)
	at com.kms.katalon.core.main.ScriptEngine.runScriptAsRawText(ScriptEngine.java:119)
	at com.kms.katalon.core.main.TestCaseExecutor.runScript(TestCaseExecutor.java:448)
	at com.kms.katalon.core.main.TestCaseExecutor.doExecute(TestCaseExecutor.java:439)
	at com.kms.katalon.core.main.TestCaseExecutor.processExecutionPhase(TestCaseExecutor.java:418)
	at com.kms.katalon.core.main.TestCaseExecutor.accessMainPhase(TestCaseExecutor.java:410)
	at com.kms.katalon.core.main.TestCaseExecutor.execute(TestCaseExecutor.java:285)
	at com.kms.katalon.core.common.CommonExecutor.accessTestCaseMainPhase(CommonExecutor.java:65)
	at com.kms.katalon.core.main.TestSuiteExecutor.accessTestSuiteMainPhase(TestSuiteExecutor.java:150)
	at com.kms.katalon.core.main.TestSuiteExecutor.execute(TestSuiteExecutor.java:106)
	at com.kms.katalon.core.main.TestCaseMain.startTestSuite(TestCaseMain.java:180)
	at TempTestSuite1743137207280.run(TempTestSuite1743137207280.groovy:35)
	at java.base/jdk.internal.reflect.NativeMethodAccessorImpl.invoke0(Native Method)
	at java.base/jdk.internal.reflect.NativeMethodAccessorImpl.invoke(NativeMethodAccessorImpl.java:77)
	at java.base/jdk.internal.reflect.DelegatingMethodAccessorImpl.invoke(DelegatingMethodAccessorImpl.java:43)
Caused by: com.kms.katalon.core.webui.exception.WebElementNotFoundException: Web element with id: 'Object Repository/Факторный анализ/Отклонения выручки по факторам Выручка' located by '(.//*[normalize-space(text()) and normalize-space(.)='В начало'])[20]/following::*[name()='svg'][1]' not found
	at com.kms.katalon.core.webui.common.WebUiCommonHelper.findWebElement(WebUiCommonHelper.java:1426)
	at com.kms.katalon.core.webui.keyword.internal.WebUIAbstractKeyword.findWebElement(WebUIAbstractKeyword.groovy:27)
	at com.kms.katalon.core.webui.keyword.internal.WebUIAbstractKeyword.findWebElement(WebUIAbstractKeyword.groovy:26)
	at com.kms.katalon.core.webui.keyword.builtin.GetTextKeyword$_getText_closure1.doCall(GetTextKeyword.groovy:78)
	at com.kms.katalon.core.webui.keyword.builtin.GetTextKeyword$_getText_closure1.call(GetTextKeyword.groovy)
	at com.kms.katalon.core.webui.keyword.internal.WebUIKeywordMain.runKeyword(WebUIKeywordMain.groovy:20)
	at com.kms.katalon.core.webui.keyword.builtin.GetTextKeyword.getText(GetTextKeyword.groovy:88)
	at com.kms.katalon.core.webui.keyword.builtin.GetTextKeyword.execute(GetTextKeyword.groovy:67)
	at com.kms.katalon.core.keyword.internal.KeywordExecutor.executeKeywordForPlatform(KeywordExecutor.groovy:74)
	at com.kms.katalon.core.webui.keyword.WebUiBuiltInKeywords.getText(WebUiBuiltInKeywords.groovy:957)
	at Script1719551244403.Test(Script1719551244403.groovy:357)
	at Script1719551244403.run(Script1719551244403.groovy:44)
	... 15 more
)

28-03-2025T12:01:03 - [MESSAGE][INFO] - Unable to find the element located by 'By.xpath: (.//*[normalize-space(text()) and normalize-space(.)='В начало'])[20]/following::*[name()='svg'][1]'. Please recheck the objects properties to make sure the desired element is located. 

28-03-2025T12:01:03 - [MESSAGE][FAILED] - Unable to get text of object 'Object Repository/Факторный анализ/Отклонения выручки по факторам Выручка' (Root cause: com.kms.katalon.core.exception.StepFailedException: Unable to get text of object 'Object Repository/Факторный анализ/Отклонения выручки по факторам Выручка'
	at com.kms.katalon.core.webui.keyword.internal.WebUIKeywordMain.stepFailed(WebUIKeywordMain.groovy:64)
	at com.kms.katalon.core.webui.keyword.internal.WebUIKeywordMain.runKeyword(WebUIKeywordMain.groovy:26)
	at com.kms.katalon.core.webui.keyword.builtin.GetTextKeyword.getText(GetTextKeyword.groovy:88)
	at com.kms.katalon.core.webui.keyword.builtin.GetTextKeyword.execute(GetTextKeyword.groovy:67)
	at com.kms.katalon.core.keyword.internal.KeywordExecutor.executeKeywordForPlatform(KeywordExecutor.groovy:74)
	at com.kms.katalon.core.webui.keyword.WebUiBuiltInKeywords.getText(WebUiBuiltInKeywords.groovy:957)
	at Факторный анализ сверка дашбордов.Test(Факторный анализ сверка дашбордов:357)
	at Факторный анализ сверка дашбордов.run(Факторный анализ сверка дашбордов:44)
	at com.kms.katalon.core.main.ScriptEngine.run(ScriptEngine.java:194)
	at com.kms.katalon.core.main.ScriptEngine.runScriptAsRawText(ScriptEngine.java:119)
	at com.kms.katalon.core.main.TestCaseExecutor.runScript(TestCaseExecutor.java:448)
	at com.kms.katalon.core.main.TestCaseExecutor.doExecute(TestCaseExecutor.java:439)
	at com.kms.katalon.core.main.TestCaseExecutor.processExecutionPhase(TestCaseExecutor.java:418)
	at com.kms.katalon.core.main.TestCaseExecutor.accessMainPhase(TestCaseExecutor.java:410)
	at com.kms.katalon.core.main.TestCaseExecutor.execute(TestCaseExecutor.java:285)
	at com.kms.katalon.core.common.CommonExecutor.accessTestCaseMainPhase(CommonExecutor.java:65)
	at com.kms.katalon.core.main.TestSuiteExecutor.accessTestSuiteMainPhase(TestSuiteExecutor.java:150)
	at com.kms.katalon.core.main.TestSuiteExecutor.execute(TestSuiteExecutor.java:106)
	at com.kms.katalon.core.main.TestCaseMain.startTestSuite(TestCaseMain.java:180)
	at TempTestSuite1743137207280.run(TempTestSuite1743137207280.groovy:35)
	at java.base/jdk.internal.reflect.NativeMethodAccessorImpl.invoke0(Native Method)
	at java.base/jdk.internal.reflect.NativeMethodAccessorImpl.invoke(NativeMethodAccessorImpl.java:77)
	at java.base/jdk.internal.reflect.DelegatingMethodAccessorImpl.invoke(DelegatingMethodAccessorImpl.java:43)
Caused by: com.kms.katalon.core.webui.exception.WebElementNotFoundException: Web element with id: 'Object Repository/Факторный анализ/Отклонения выручки по факторам Выручка' located by '(.//*[normalize-space(text()) and normalize-space(.)='В начало'])[20]/following::*[name()='svg'][1]' not found
	at com.kms.katalon.core.webui.common.WebUiCommonHelper.findWebElement(WebUiCommonHelper.java:1426)
	at com.kms.katalon.core.webui.keyword.internal.WebUIAbstractKeyword.findWebElement(WebUIAbstractKeyword.groovy:27)
	at com.kms.katalon.core.webui.keyword.internal.WebUIAbstractKeyword.findWebElement(WebUIAbstractKeyword.groovy:26)
	at com.kms.katalon.core.webui.keyword.builtin.GetTextKeyword$_getText_closure1.doCall(GetTextKeyword.groovy:78)
	at com.kms.katalon.core.webui.keyword.builtin.GetTextKeyword$_getText_closure1.call(GetTextKeyword.groovy)
	at com.kms.katalon.core.webui.keyword.internal.WebUIKeywordMain.runKeyword(WebUIKeywordMain.groovy:20)
	at com.kms.katalon.core.webui.keyword.builtin.GetTextKeyword.getText(GetTextKeyword.groovy:88)
	at com.kms.katalon.core.webui.keyword.builtin.GetTextKeyword.execute(GetTextKeyword.groovy:67)
	at com.kms.katalon.core.keyword.internal.KeywordExecutor.executeKeywordForPlatform(KeywordExecutor.groovy:74)
	at com.kms.katalon.core.webui.keyword.WebUiBuiltInKeywords.getText(WebUiBuiltInKeywords.groovy:957)
	at Script1719551244403.Test(Script1719551244403.groovy:357)
	at Script1719551244403.run(Script1719551244403.groovy:44)
	... 15 more
)
[[ATTACHMENT|C:\\Users\\LIAZGINA-DI\\git\\SPORU\\Reports\\20250328_074647\\\u041F\u043D-\u0421\u0440-\u041F\u0442\\\u0421\u0432\u0435\u0440\u043A\u0430 \u0434\u0430\u0448\u0431\u043E\u0440\u0434\u043E\u0432 \u0438\u0437 \u0440\u0430\u0437\u043D\u044B\u0445 \u0431\u043B\u043E\u043A\u043E\u0432\\20250328_074647\\1743152463717.png]]

28-03-2025T12:01:03 - [TEST_STEP][ERROR] - b = b.replaceAll("[\r?
|
]", "/"): Test Cases/Сверки дашбордов/Факторный анализ сверка дашбордов FAILED.
Reason:
java.lang.NullPointerException: Cannot invoke method replaceAll() on null object
	at Факторный анализ сверка дашбордов.Test(Факторный анализ сверка дашбордов:359)
	at Факторный анализ сверка дашбордов.run(Факторный анализ сверка дашбордов:44)
	at com.kms.katalon.core.main.ScriptEngine.run(ScriptEngine.java:194)
	at com.kms.katalon.core.main.ScriptEngine.runScriptAsRawText(ScriptEngine.java:119)
	at com.kms.katalon.core.main.TestCaseExecutor.runScript(TestCaseExecutor.java:448)
	at com.kms.katalon.core.main.TestCaseExecutor.doExecute(TestCaseExecutor.java:439)
	at com.kms.katalon.core.main.TestCaseExecutor.processExecutionPhase(TestCaseExecutor.java:418)
	at com.kms.katalon.core.main.TestCaseExecutor.accessMainPhase(TestCaseExecutor.java:410)
	at com.kms.katalon.core.main.TestCaseExecutor.execute(TestCaseExecutor.java:285)
	at com.kms.katalon.core.common.CommonExecutor.accessTestCaseMainPhase(CommonExecutor.java:65)
	at com.kms.katalon.core.main.TestSuiteExecutor.accessTestSuiteMainPhase(TestSuiteExecutor.java:150)
	at com.kms.katalon.core.main.TestSuiteExecutor.execute(TestSuiteExecutor.java:106)
	at com.kms.katalon.core.main.TestCaseMain.startTestSuite(TestCaseMain.java:180)
	at TempTestSuite1743137207280.run(TempTestSuite1743137207280.groovy:35)
	at java.base/jdk.internal.reflect.NativeMethodAccessorImpl.invoke0(Native Method)
	at java.base/jdk.internal.reflect.NativeMethodAccessorImpl.invoke(NativeMethodAccessorImpl.java:77)
	at java.base/jdk.internal.reflect.DelegatingMethodAccessorImpl.invoke(DelegatingMethodAccessorImpl.java:43)


28-03-2025T12:01:03 - [MESSAGE][ERROR] - Test Cases/Сверки дашбордов/Факторный анализ сверка дашбордов FAILED.
Reason:
java.lang.NullPointerException: Cannot invoke method replaceAll() on null object
	at Факторный анализ сверка дашбордов.Test(Факторный анализ сверка дашбордов:359)
	at Факторный анализ сверка дашбордов.run(Факторный анализ сверка дашбордов:44)
	at com.kms.katalon.core.main.ScriptEngine.run(ScriptEngine.java:194)
	at com.kms.katalon.core.main.ScriptEngine.runScriptAsRawText(ScriptEngine.java:119)
	at com.kms.katalon.core.main.TestCaseExecutor.runScript(TestCaseExecutor.java:448)
	at com.kms.katalon.core.main.TestCaseExecutor.doExecute(TestCaseExecutor.java:439)
	at com.kms.katalon.core.main.TestCaseExecutor.processExecutionPhase(TestCaseExecutor.java:418)
	at com.kms.katalon.core.main.TestCaseExecutor.accessMainPhase(TestCaseExecutor.java:410)
	at com.kms.katalon.core.main.TestCaseExecutor.execute(TestCaseExecutor.java:285)
	at com.kms.katalon.core.common.CommonExecutor.accessTestCaseMainPhase(CommonExecutor.java:65)
	at com.kms.katalon.core.main.TestSuiteExecutor.accessTestSuiteMainPhase(TestSuiteExecutor.java:150)
	at com.kms.katalon.core.main.TestSuiteExecutor.execute(TestSuiteExecutor.java:106)
	at com.kms.katalon.core.main.TestCaseMain.startTestSuite(TestCaseMain.java:180)
	at TempTestSuite1743137207280.run(TempTestSuite1743137207280.groovy:35)
	at java.base/jdk.internal.reflect.NativeMethodAccessorImpl.invoke0(Native Method)
	at java.base/jdk.internal.reflect.NativeMethodAccessorImpl.invoke(NativeMethodAccessorImpl.java:77)
	at java.base/jdk.internal.reflect.DelegatingMethodAccessorImpl.invoke(DelegatingMethodAccessorImpl.java:43)]]></system-out>
         <system-err><![CDATA[28-03-2025T11:59:09 - [TEST_CASE][FAILED] - Test Cases/Сверки дашбордов/Факторный анализ сверка дашбордов: Test Cases/Сверки дашбордов/Факторный анализ сверка дашбордов FAILED.
Reason:
com.kms.katalon.core.exception.StepFailedException: Unable to get text of object 'Object Repository/Факторный анализ/Отклонения выручки по факторам Выручка' (Root cause: com.kms.katalon.core.exception.StepFailedException: Unable to get text of object 'Object Repository/Факторный анализ/Отклонения выручки по факторам Выручка'
	at com.kms.katalon.core.webui.keyword.internal.WebUIKeywordMain.stepFailed(WebUIKeywordMain.groovy:64)
	at com.kms.katalon.core.webui.keyword.internal.WebUIKeywordMain.runKeyword(WebUIKeywordMain.groovy:26)
	at com.kms.katalon.core.webui.keyword.builtin.GetTextKeyword.getText(GetTextKeyword.groovy:88)
	at com.kms.katalon.core.webui.keyword.builtin.GetTextKeyword.execute(GetTextKeyword.groovy:67)
	at com.kms.katalon.core.keyword.internal.KeywordExecutor.executeKeywordForPlatform(KeywordExecutor.groovy:74)
	at com.kms.katalon.core.webui.keyword.WebUiBuiltInKeywords.getText(WebUiBuiltInKeywords.groovy:957)
	at Факторный анализ сверка дашбордов.Test(Факторный анализ сверка дашбордов:357)
	at Факторный анализ сверка дашбордов.run(Факторный анализ сверка дашбордов:44)
	at com.kms.katalon.core.main.ScriptEngine.run(ScriptEngine.java:194)
	at com.kms.katalon.core.main.ScriptEngine.runScriptAsRawText(ScriptEngine.java:119)
	at com.kms.katalon.core.main.TestCaseExecutor.runScript(TestCaseExecutor.java:448)
	at com.kms.katalon.core.main.TestCaseExecutor.doExecute(TestCaseExecutor.java:439)
	at com.kms.katalon.core.main.TestCaseExecutor.processExecutionPhase(TestCaseExecutor.java:418)
	at com.kms.katalon.core.main.TestCaseExecutor.accessMainPhase(TestCaseExecutor.java:410)
	at com.kms.katalon.core.main.TestCaseExecutor.execute(TestCaseExecutor.java:285)
	at com.kms.katalon.core.common.CommonExecutor.accessTestCaseMainPhase(CommonExecutor.java:65)
	at com.kms.katalon.core.main.TestSuiteExecutor.accessTestSuiteMainPhase(TestSuiteExecutor.java:150)
	at com.kms.katalon.core.main.TestSuiteExecutor.execute(TestSuiteExecutor.java:106)
	at com.kms.katalon.core.main.TestCaseMain.startTestSuite(TestCaseMain.java:180)
	at TempTestSuite1743137207280.run(TempTestSuite1743137207280.groovy:35)
	at java.base/jdk.internal.reflect.NativeMethodAccessorImpl.invoke0(Native Method)
	at java.base/jdk.internal.reflect.NativeMethodAccessorImpl.invoke(NativeMethodAccessorImpl.java:77)
	at java.base/jdk.internal.reflect.DelegatingMethodAccessorImpl.invoke(DelegatingMethodAccessorImpl.java:43)
Caused by: com.kms.katalon.core.webui.exception.WebElementNotFoundException: Web element with id: 'Object Repository/Факторный анализ/Отклонения выручки по факторам Выручка' located by '(.//*[normalize-space(text()) and normalize-space(.)='В начало'])[20]/following::*[name()='svg'][1]' not found
	at com.kms.katalon.core.webui.common.WebUiCommonHelper.findWebElement(WebUiCommonHelper.java:1426)
	at com.kms.katalon.core.webui.keyword.internal.WebUIAbstractKeyword.findWebElement(WebUIAbstractKeyword.groovy:27)
	at com.kms.katalon.core.webui.keyword.internal.WebUIAbstractKeyword.findWebElement(WebUIAbstractKeyword.groovy:26)
	at com.kms.katalon.core.webui.keyword.builtin.GetTextKeyword$_getText_closure1.doCall(GetTextKeyword.groovy:78)
	at com.kms.katalon.core.webui.keyword.builtin.GetTextKeyword$_getText_closure1.call(GetTextKeyword.groovy)
	at com.kms.katalon.core.webui.keyword.internal.WebUIKeywordMain.runKeyword(WebUIKeywordMain.groovy:20)
	at com.kms.katalon.core.webui.keyword.builtin.GetTextKeyword.getText(GetTextKeyword.groovy:88)
	at com.kms.katalon.core.webui.keyword.builtin.GetTextKeyword.execute(GetTextKeyword.groovy:67)
	at com.kms.katalon.core.keyword.internal.KeywordExecutor.executeKeywordForPlatform(KeywordExecutor.groovy:74)
	at com.kms.katalon.core.webui.keyword.WebUiBuiltInKeywords.getText(WebUiBuiltInKeywords.groovy:957)
	at Script1719551244403.Test(Script1719551244403.groovy:357)
	at Script1719551244403.run(Script1719551244403.groovy:44)
	... 15 more
)
	at com.kms.katalon.core.keyword.internal.KeywordMain.stepFailed(KeywordMain.groovy:39)
	at com.kms.katalon.core.webui.keyword.internal.WebUIKeywordMain.stepFailed(WebUIKeywordMain.groovy:64)
	at com.kms.katalon.core.webui.keyword.internal.WebUIKeywordMain.runKeyword(WebUIKeywordMain.groovy:26)
	at com.kms.katalon.core.webui.keyword.builtin.GetTextKeyword.getText(GetTextKeyword.groovy:88)
	at com.kms.katalon.core.webui.keyword.builtin.GetTextKeyword.execute(GetTextKeyword.groovy:67)
	at com.kms.katalon.core.keyword.internal.KeywordExecutor.executeKeywordForPlatform(KeywordExecutor.groovy:74)
	at com.kms.katalon.core.webui.keyword.WebUiBuiltInKeywords.getText(WebUiBuiltInKeywords.groovy:957)
	at Факторный анализ сверка дашбордов.Test(Факторный анализ сверка дашбордов:357)
	at Факторный анализ сверка дашбордов.run(Факторный анализ сверка дашбордов:44)
	at com.kms.katalon.core.main.ScriptEngine.run(ScriptEngine.java:194)
	at com.kms.katalon.core.main.ScriptEngine.runScriptAsRawText(ScriptEngine.java:119)
	at com.kms.katalon.core.main.TestCaseExecutor.runScript(TestCaseExecutor.java:448)
	at com.kms.katalon.core.main.TestCaseExecutor.doExecute(TestCaseExecutor.java:439)
	at com.kms.katalon.core.main.TestCaseExecutor.processExecutionPhase(TestCaseExecutor.java:418)
	at com.kms.katalon.core.main.TestCaseExecutor.accessMainPhase(TestCaseExecutor.java:410)
	at com.kms.katalon.core.main.TestCaseExecutor.execute(TestCaseExecutor.java:285)
	at com.kms.katalon.core.common.CommonExecutor.accessTestCaseMainPhase(CommonExecutor.java:65)
	at com.kms.katalon.core.main.TestSuiteExecutor.accessTestSuiteMainPhase(TestSuiteExecutor.java:150)
	at com.kms.katalon.core.main.TestSuiteExecutor.execute(TestSuiteExecutor.java:106)
	at com.kms.katalon.core.main.TestCaseMain.startTestSuite(TestCaseMain.java:180)
	at TempTestSuite1743137207280.run(TempTestSuite1743137207280.groovy:35)
	at java.base/jdk.internal.reflect.NativeMethodAccessorImpl.invoke0(Native Method)
	at java.base/jdk.internal.reflect.NativeMethodAccessorImpl.invoke(NativeMethodAccessorImpl.java:77)
	at java.base/jdk.internal.reflect.DelegatingMethodAccessorImpl.invoke(DelegatingMethodAccessorImpl.java:43)
Caused by: com.kms.katalon.core.exception.StepFailedException: Unable to get text of object 'Object Repository/Факторный анализ/Отклонения выручки по факторам Выручка'
	... 23 more
Caused by: com.kms.katalon.core.webui.exception.WebElementNotFoundException: Web element with id: 'Object Repository/Факторный анализ/Отклонения выручки по факторам Выручка' located by '(.//*[normalize-space(text()) and normalize-space(.)='В начало'])[20]/following::*[name()='svg'][1]' not found
	at com.kms.katalon.core.webui.common.WebUiCommonHelper.findWebElement(WebUiCommonHelper.java:1426)
	at com.kms.katalon.core.webui.keyword.internal.WebUIAbstractKeyword.findWebElement(WebUIAbstractKeyword.groovy:27)
	at com.kms.katalon.core.webui.keyword.internal.WebUIAbstractKeyword.findWebElement(WebUIAbstractKeyword.groovy:26)
	at com.kms.katalon.core.webui.keyword.builtin.GetTextKeyword$_getText_closure1.doCall(GetTextKeyword.groovy:78)
	at com.kms.katalon.core.webui.keyword.builtin.GetTextKeyword$_getText_closure1.call(GetTextKeyword.groovy)
	at com.kms.katalon.core.webui.keyword.internal.WebUIKeywordMain.runKeyword(WebUIKeywordMain.groovy:20)
	... 21 more]]></system-err>
      </testcase>
      <testcase name="Test Cases/Выполнение бизнес-плана/Выполнение бизнес-плана Сверка ПАО Россети все филиалы" time="1603.525" classname="Test Cases/Выполнение бизнес-плана/Выполнение бизнес-плана Сверка ПАО Россети все филиалы" status="FAILED">
         <failure type="FAILED" message="Test Cases/Выполнение бизнес-плана/Выполнение бизнес-плана Сверка ПАО Россети все филиалы FAILED.&#xa;Reason:&#xa;com.kms.katalon.core.exception.StepFailedException: Unable to verify equal between actual object '6' and expected object '0' (Root cause: com.kms.katalon.core.exception.StepFailedException: Actual object '6' and expected object '0' are not equal&#xa;	at com.kms.katalon.core.keyword.builtin.VerifyEqualKeyword$_verifyEqual_closure1.doCall(VerifyEqualKeyword.groovy:58)&#xa;	at com.kms.katalon.core.keyword.builtin.VerifyEqualKeyword$_verifyEqual_closure1.call(VerifyEqualKeyword.groovy)&#xa;	at com.kms.katalon.core.keyword.internal.KeywordMain.runKeyword(KeywordMain.groovy:75)&#xa;	at com.kms.katalon.core.keyword.builtin.VerifyEqualKeyword.verifyEqual(VerifyEqualKeyword.groovy:63)&#xa;	at com.kms.katalon.core.keyword.builtin.VerifyEqualKeyword.execute(VerifyEqualKeyword.groovy:44)&#xa;	at com.kms.katalon.core.keyword.internal.KeywordExecutor.executeKeywordForPlatform(KeywordExecutor.groovy:74)&#xa;	at com.kms.katalon.core.keyword.BuiltinKeywords.verifyEqual(BuiltinKeywords.groovy:146)&#xa;	at jdk.internal.reflect.GeneratedMethodAccessor23.invoke(Unknown Source)&#xa;	at java.base/jdk.internal.reflect.DelegatingMethodAccessorImpl.invoke(DelegatingMethodAccessorImpl.java:43)&#xa;	at Выполнение бизнес-плана Сверка ПАО Россети все филиалы.Numbers(Выполнение бизнес-плана Сверка ПАО Россети все филиалы:744)&#xa;	at Выполнение бизнес-плана Сверка ПАО Россети все филиалы.run(Выполнение бизнес-плана Сверка ПАО Россети все филиалы:172)&#xa;	at com.kms.katalon.core.main.ScriptEngine.run(ScriptEngine.java:194)&#xa;	at com.kms.katalon.core.main.ScriptEngine.runScriptAsRawText(ScriptEngine.java:119)&#xa;	at com.kms.katalon.core.main.TestCaseExecutor.runScript(TestCaseExecutor.java:448)&#xa;	at com.kms.katalon.core.main.TestCaseExecutor.doExecute(TestCaseExecutor.java:439)&#xa;	at com.kms.katalon.core.main.TestCaseExecutor.processExecutionPhase(TestCaseExecutor.java:418)&#xa;	at com.kms.katalon.core.main.TestCaseExecutor.accessMainPhase(TestCaseExecutor.java:410)&#xa;	at com.kms.katalon.core.main.TestCaseExecutor.execute(TestCaseExecutor.java:285)&#xa;	at com.kms.katalon.core.common.CommonExecutor.accessTestCaseMainPhase(CommonExecutor.java:65)&#xa;	at com.kms.katalon.core.main.TestSuiteExecutor.accessTestSuiteMainPhase(TestSuiteExecutor.java:150)&#xa;	at com.kms.katalon.core.main.TestSuiteExecutor.execute(TestSuiteExecutor.java:106)&#xa;	at com.kms.katalon.core.main.TestCaseMain.startTestSuite(TestCaseMain.java:180)&#xa;	at TempTestSuite1743137207280.run(TempTestSuite1743137207280.groovy:35)&#xa;	at java.base/jdk.internal.reflect.NativeMethodAccessorImpl.invoke0(Native Method)&#xa;	at java.base/jdk.internal.reflect.NativeMethodAccessorImpl.invoke(NativeMethodAccessorImpl.java:77)&#xa;	at java.base/jdk.internal.reflect.DelegatingMethodAccessorImpl.invoke(DelegatingMethodAccessorImpl.java:43)&#xa;)&#xa;	at com.kms.katalon.core.keyword.internal.KeywordMain.stepFailed(KeywordMain.groovy:39)&#xa;	at com.kms.katalon.core.keyword.internal.KeywordMain.stepFailed(KeywordMain.groovy)&#xa;	at com.kms.katalon.core.keyword.internal.KeywordMain.runKeyword(KeywordMain.groovy:77)&#xa;	at com.kms.katalon.core.keyword.builtin.VerifyEqualKeyword.verifyEqual(VerifyEqualKeyword.groovy:63)&#xa;	at com.kms.katalon.core.keyword.builtin.VerifyEqualKeyword.execute(VerifyEqualKeyword.groovy:44)&#xa;	at com.kms.katalon.core.keyword.internal.KeywordExecutor.executeKeywordForPlatform(KeywordExecutor.groovy:74)&#xa;	at com.kms.katalon.core.keyword.BuiltinKeywords.verifyEqual(BuiltinKeywords.groovy:146)&#xa;	at jdk.internal.reflect.GeneratedMethodAccessor23.invoke(Unknown Source)&#xa;	at java.base/jdk.internal.reflect.DelegatingMethodAccessorImpl.invoke(DelegatingMethodAccessorImpl.java:43)&#xa;	at Выполнение бизнес-плана Сверка ПАО Россети все филиалы.Numbers(Выполнение бизнес-плана Сверка ПАО Россети все филиалы:744)&#xa;	at Выполнение бизнес-плана Сверка ПАО Россети все филиалы.run(Выполнение бизнес-плана Сверка ПАО Россети все филиалы:172)&#xa;	at com.kms.katalon.core.main.ScriptEngine.run(ScriptEngine.java:194)&#xa;	at com.kms.katalon.core.main.ScriptEngine.runScriptAsRawText(ScriptEngine.java:119)&#xa;	at com.kms.katalon.core.main.TestCaseExecutor.runScript(TestCaseExecutor.java:448)&#xa;	at com.kms.katalon.core.main.TestCaseExecutor.doExecute(TestCaseExecutor.java:439)&#xa;	at com.kms.katalon.core.main.TestCaseExecutor.processExecutionPhase(TestCaseExecutor.java:418)&#xa;	at com.kms.katalon.core.main.TestCaseExecutor.accessMainPhase(TestCaseExecutor.java:410)&#xa;	at com.kms.katalon.core.main.TestCaseExecutor.execute(TestCaseExecutor.java:285)&#xa;	at com.kms.katalon.core.common.CommonExecutor.accessTestCaseMainPhase(CommonExecutor.java:65)&#xa;	at com.kms.katalon.core.main.TestSuiteExecutor.accessTestSuiteMainPhase(TestSuiteExecutor.java:150)&#xa;	at com.kms.katalon.core.main.TestSuiteExecutor.execute(TestSuiteExecutor.java:106)&#xa;	at com.kms.katalon.core.main.TestCaseMain.startTestSuite(TestCaseMain.java:180)&#xa;	at TempTestSuite1743137207280.run(TempTestSuite1743137207280.groovy:35)&#xa;	at java.base/jdk.internal.reflect.NativeMethodAccessorImpl.invoke0(Native Method)&#xa;	at java.base/jdk.internal.reflect.NativeMethodAccessorImpl.invoke(NativeMethodAccessorImpl.java:77)&#xa;	at java.base/jdk.internal.reflect.DelegatingMethodAccessorImpl.invoke(DelegatingMethodAccessorImpl.java:43)&#xa;Caused by: com.kms.katalon.core.exception.StepFailedException: Actual object '6' and expected object '0' are not equal&#xa;	at com.kms.katalon.core.keyword.builtin.VerifyEqualKeyword$_verifyEqual_closure1.doCall(VerifyEqualKeyword.groovy:58)&#xa;	at com.kms.katalon.core.keyword.builtin.VerifyEqualKeyword$_verifyEqual_closure1.call(VerifyEqualKeyword.groovy)&#xa;	at com.kms.katalon.core.keyword.internal.KeywordMain.runKeyword(KeywordMain.groovy:75)&#xa;	... 23 more&#xa;"/>
         <system-out><![CDATA[28-03-2025T12:01:03 - [TEST_CASE][FAILED] - Test Cases/Выполнение бизнес-плана/Выполнение бизнес-плана Сверка ПАО Россети все филиалы: Test Cases/Выполнение бизнес-плана/Выполнение бизнес-плана Сверка ПАО Россети все филиалы FAILED.
Reason:
com.kms.katalon.core.exception.StepFailedException: Unable to verify equal between actual object '6' and expected object '0' (Root cause: com.kms.katalon.core.exception.StepFailedException: Actual object '6' and expected object '0' are not equal
	at com.kms.katalon.core.keyword.builtin.VerifyEqualKeyword$_verifyEqual_closure1.doCall(VerifyEqualKeyword.groovy:58)
	at com.kms.katalon.core.keyword.builtin.VerifyEqualKeyword$_verifyEqual_closure1.call(VerifyEqualKeyword.groovy)
	at com.kms.katalon.core.keyword.internal.KeywordMain.runKeyword(KeywordMain.groovy:75)
	at com.kms.katalon.core.keyword.builtin.VerifyEqualKeyword.verifyEqual(VerifyEqualKeyword.groovy:63)
	at com.kms.katalon.core.keyword.builtin.VerifyEqualKeyword.execute(VerifyEqualKeyword.groovy:44)
	at com.kms.katalon.core.keyword.internal.KeywordExecutor.executeKeywordForPlatform(KeywordExecutor.groovy:74)
	at com.kms.katalon.core.keyword.BuiltinKeywords.verifyEqual(BuiltinKeywords.groovy:146)
	at jdk.internal.reflect.GeneratedMethodAccessor23.invoke(Unknown Source)
	at java.base/jdk.internal.reflect.DelegatingMethodAccessorImpl.invoke(DelegatingMethodAccessorImpl.java:43)
	at Выполнение бизнес-плана Сверка ПАО Россети все филиалы.Numbers(Выполнение бизнес-плана Сверка ПАО Россети все филиалы:744)
	at Выполнение бизнес-плана Сверка ПАО Россети все филиалы.run(Выполнение бизнес-плана Сверка ПАО Россети все филиалы:172)
	at com.kms.katalon.core.main.ScriptEngine.run(ScriptEngine.java:194)
	at com.kms.katalon.core.main.ScriptEngine.runScriptAsRawText(ScriptEngine.java:119)
	at com.kms.katalon.core.main.TestCaseExecutor.runScript(TestCaseExecutor.java:448)
	at com.kms.katalon.core.main.TestCaseExecutor.doExecute(TestCaseExecutor.java:439)
	at com.kms.katalon.core.main.TestCaseExecutor.processExecutionPhase(TestCaseExecutor.java:418)
	at com.kms.katalon.core.main.TestCaseExecutor.accessMainPhase(TestCaseExecutor.java:410)
	at com.kms.katalon.core.main.TestCaseExecutor.execute(TestCaseExecutor.java:285)
	at com.kms.katalon.core.common.CommonExecutor.accessTestCaseMainPhase(CommonExecutor.java:65)
	at com.kms.katalon.core.main.TestSuiteExecutor.accessTestSuiteMainPhase(TestSuiteExecutor.java:150)
	at com.kms.katalon.core.main.TestSuiteExecutor.execute(TestSuiteExecutor.java:106)
	at com.kms.katalon.core.main.TestCaseMain.startTestSuite(TestCaseMain.java:180)
	at TempTestSuite1743137207280.run(TempTestSuite1743137207280.groovy:35)
	at java.base/jdk.internal.reflect.NativeMethodAccessorImpl.invoke0(Native Method)
	at java.base/jdk.internal.reflect.NativeMethodAccessorImpl.invoke(NativeMethodAccessorImpl.java:77)
	at java.base/jdk.internal.reflect.DelegatingMethodAccessorImpl.invoke(DelegatingMethodAccessorImpl.java:43)
)
	at com.kms.katalon.core.keyword.internal.KeywordMain.stepFailed(KeywordMain.groovy:39)
	at com.kms.katalon.core.keyword.internal.KeywordMain.stepFailed(KeywordMain.groovy)
	at com.kms.katalon.core.keyword.internal.KeywordMain.runKeyword(KeywordMain.groovy:77)
	at com.kms.katalon.core.keyword.builtin.VerifyEqualKeyword.verifyEqual(VerifyEqualKeyword.groovy:63)
	at com.kms.katalon.core.keyword.builtin.VerifyEqualKeyword.execute(VerifyEqualKeyword.groovy:44)
	at com.kms.katalon.core.keyword.internal.KeywordExecutor.executeKeywordForPlatform(KeywordExecutor.groovy:74)
	at com.kms.katalon.core.keyword.BuiltinKeywords.verifyEqual(BuiltinKeywords.groovy:146)
	at jdk.internal.reflect.GeneratedMethodAccessor23.invoke(Unknown Source)
	at java.base/jdk.internal.reflect.DelegatingMethodAccessorImpl.invoke(DelegatingMethodAccessorImpl.java:43)
	at Выполнение бизнес-плана Сверка ПАО Россети все филиалы.Numbers(Выполнение бизнес-плана Сверка ПАО Россети все филиалы:744)
	at Выполнение бизнес-плана Сверка ПАО Россети все филиалы.run(Выполнение бизнес-плана Сверка ПАО Россети все филиалы:172)
	at com.kms.katalon.core.main.ScriptEngine.run(ScriptEngine.java:194)
	at com.kms.katalon.core.main.ScriptEngine.runScriptAsRawText(ScriptEngine.java:119)
	at com.kms.katalon.core.main.TestCaseExecutor.runScript(TestCaseExecutor.java:448)
	at com.kms.katalon.core.main.TestCaseExecutor.doExecute(TestCaseExecutor.java:439)
	at com.kms.katalon.core.main.TestCaseExecutor.processExecutionPhase(TestCaseExecutor.java:418)
	at com.kms.katalon.core.main.TestCaseExecutor.accessMainPhase(TestCaseExecutor.java:410)
	at com.kms.katalon.core.main.TestCaseExecutor.execute(TestCaseExecutor.java:285)
	at com.kms.katalon.core.common.CommonExecutor.accessTestCaseMainPhase(CommonExecutor.java:65)
	at com.kms.katalon.core.main.TestSuiteExecutor.accessTestSuiteMainPhase(TestSuiteExecutor.java:150)
	at com.kms.katalon.core.main.TestSuiteExecutor.execute(TestSuiteExecutor.java:106)
	at com.kms.katalon.core.main.TestCaseMain.startTestSuite(TestCaseMain.java:180)
	at TempTestSuite1743137207280.run(TempTestSuite1743137207280.groovy:35)
	at java.base/jdk.internal.reflect.NativeMethodAccessorImpl.invoke0(Native Method)
	at java.base/jdk.internal.reflect.NativeMethodAccessorImpl.invoke(NativeMethodAccessorImpl.java:77)
	at java.base/jdk.internal.reflect.DelegatingMethodAccessorImpl.invoke(DelegatingMethodAccessorImpl.java:43)
Caused by: com.kms.katalon.core.exception.StepFailedException: Actual object '6' and expected object '0' are not equal
	at com.kms.katalon.core.keyword.builtin.VerifyEqualKeyword$_verifyEqual_closure1.doCall(VerifyEqualKeyword.groovy:58)
	at com.kms.katalon.core.keyword.builtin.VerifyEqualKeyword$_verifyEqual_closure1.call(VerifyEqualKeyword.groovy)
	at com.kms.katalon.core.keyword.internal.KeywordMain.runKeyword(KeywordMain.groovy:75)
	... 23 more


28-03-2025T12:01:04 - [TEST_STEP][PASSED] - openBrowser(""): Browser is opened with url: ''

28-03-2025T12:01:04 - [MESSAGE][WARNING] - A browser is already opened. Closing browser and opening a new one

28-03-2025T12:01:04 - [MESSAGE][INFO] - Starting 'Chrome' driver

28-03-2025T12:01:04 - [MESSAGE][INFO] - Action delay is set to 0 milliseconds

28-03-2025T12:01:05 - [MESSAGE][PASSED] - Browser is opened with url: ''

28-03-2025T12:01:05 - [TEST_STEP][PASSED] - date = new java.util.Date(): null

28-03-2025T12:01:05 - [TEST_STEP][PASSED] - todaysDate = date.format("dd.MM.yyyy"): null

28-03-2025T12:01:05 - [TEST_STEP][PASSED] - dZO = <not implemented yet for class: org.codehaus.groovy.ast.expr.EmptyExpression>: null

28-03-2025T12:01:05 - [TEST_STEP][PASSED] - a = <not implemented yet for class: org.codehaus.groovy.ast.expr.EmptyExpression>: null

28-03-2025T12:01:05 - [TEST_STEP][PASSED] - fileperc = <not implemented yet for class: org.codehaus.groovy.ast.expr.EmptyExpression>: null

28-03-2025T12:01:05 - [TEST_STEP][PASSED] - pageperc = <not implemented yet for class: org.codehaus.groovy.ast.expr.EmptyExpression>: null

28-03-2025T12:01:05 - [TEST_STEP][PASSED] - pageInt = <not implemented yet for class: org.codehaus.groovy.ast.expr.EmptyExpression>: null

28-03-2025T12:01:05 - [TEST_STEP][PASSED] - fileInt = <not implemented yet for class: org.codehaus.groovy.ast.expr.EmptyExpression>: null

28-03-2025T12:01:05 - [TEST_STEP][PASSED] - pageDouble = <not implemented yet for class: org.codehaus.groovy.ast.expr.EmptyExpression>: null

28-03-2025T12:01:05 - [TEST_STEP][PASSED] - fileDouble = <not implemented yet for class: org.codehaus.groovy.ast.expr.EmptyExpression>: null

28-03-2025T12:01:05 - [TEST_STEP][PASSED] - typeOfData = <not implemented yet for class: org.codehaus.groovy.ast.expr.EmptyExpression>: null

28-03-2025T12:01:05 - [TEST_STEP][PASSED] - dzoNum = 0: null

28-03-2025T12:01:05 - [TEST_STEP][PASSED] - filialNum = 0: null

28-03-2025T12:01:05 - [TEST_STEP][PASSED] - urlText = <not implemented yet for class: org.codehaus.groovy.ast.expr.EmptyExpression>: null

28-03-2025T12:01:05 - [TEST_STEP][PASSED] - searchWord = <not implemented yet for class: org.codehaus.groovy.ast.expr.EmptyExpression>: null

28-03-2025T12:01:05 - [TEST_STEP][PASSED] - i = <not implemented yet for class: org.codehaus.groovy.ast.expr.EmptyExpression>: null

28-03-2025T12:01:05 - [TEST_STEP][PASSED] - ii = <not implemented yet for class: org.codehaus.groovy.ast.expr.EmptyExpression>: null

28-03-2025T12:01:05 - [TEST_STEP][PASSED] - navigateToUrl(findTestData("PlanFact").getValue(10, 1)): Navigate to 'https://bi.rosseti.digital/viewer?dashboardGuid=d154a8eaf6824e2b9de1bb04dd061c18&sheetGuid=1305e8ce744049e1abdacea1ea397a26&fit=true' successfully

28-03-2025T12:01:11 - [MESSAGE][PASSED] - Navigate to 'https://bi.rosseti.digital/viewer?dashboardGuid=d154a8eaf6824e2b9de1bb04dd061c18&sheetGuid=1305e8ce744049e1abdacea1ea397a26&fit=true' successfully

28-03-2025T12:01:11 - [TEST_STEP][PASSED] - urlText = getText(findTestObject("Страница авторизации/Text")): Text of object 'Object Repository/Страница авторизации/Text' is: 'Вход'

28-03-2025T12:01:11 - [MESSAGE][PASSED] - Text of object 'Object Repository/Страница авторизации/Text' is: 'Вход'

28-03-2025T12:01:11 - [TEST_STEP][PASSED] - delay(20): Delayed 20 second(s)

28-03-2025T12:01:31 - [MESSAGE][PASSED] - Delayed 20 second(s)

28-03-2025T12:01:31 - [TEST_STEP][PASSED] - searchWord = "Вход": null

28-03-2025T12:01:31 - [TEST_STEP][PASSED] - if (urlText.contains(searchWord) == false): null

28-03-2025T12:01:31 - [TEST_STEP][PASSED] - setText(findTestObject("Страница авторизации/input__username"), findTestData("PlanFact").getValue(8, 1)): Text 'liazgina-di' is set on object 'Object Repository/Страница авторизации/input__username'

28-03-2025T12:01:32 - [MESSAGE][PASSED] - Text 'liazgina-di' is set on object 'Object Repository/Страница авторизации/input__username'

28-03-2025T12:01:32 - [TEST_STEP][PASSED] - setText(findTestObject("Страница авторизации/input__password"), findTestData("PlanFact").getValue(9, 1)): Text ')$%5srZ8o688Dm#q' is set on object 'Object Repository/Страница авторизации/input__password'

28-03-2025T12:01:33 - [MESSAGE][PASSED] - Text ')$%5srZ8o688Dm#q' is set on object 'Object Repository/Страница авторизации/input__password'

28-03-2025T12:01:33 - [TEST_STEP][PASSED] - click(findTestObject("Страница авторизации/button_")): Object: 'Object Repository/Страница авторизации/button_' is clicked on

28-03-2025T12:01:34 - [MESSAGE][PASSED] - Object: 'Object Repository/Страница авторизации/button_' is clicked on

28-03-2025T12:01:34 - [TEST_STEP][PASSED] - delay(50): Delayed 50 second(s)

28-03-2025T12:02:24 - [MESSAGE][PASSED] - Delayed 50 second(s)

28-03-2025T12:02:24 - [TEST_STEP][PASSED] - searchWord = "ДЗО": null

28-03-2025T12:02:24 - [TEST_STEP][PASSED] - urlText = getText(findTestObject("Страница авторизации/Text")): Text of object 'Object Repository/Страница авторизации/Text' is: 'ДЗО 
ПАО Россети
Период
Январь 2025 года
Отклонения фактического уровня потерь от бизнес-плана, п.п.
-0.01
-0.92
-0.43
-2.48
-0.30
-0.23
-0.28
-2.65
-1.91
-1.44
-2.45
Россети ФСК ЕЭС
Россети Волга
Россети Московскийрегион
Россети Северо-Запад
Россети Томск
Россети Тюмень
Россети Урал (ГК)
Россети Центр (ГК)
Россети Центр иПриволжье (ГК)
Россети Юг (ГК)
Россети Янтарь
-4
-2
0
2
4
6
8

Уровень потерь электроэнергии
Россети ФСК ЕЭС
Россети Волга
Россети Московский регион
Россети Северо-Запад
Россети Томск
Россети Урал (ГК)
Россети Юг (ГК)
Россети Янтарь
0
10
20
30
40
50
60
70
4.01
|
6.39
|
9.74
|
7.61
|
11.82
|
7.40
|
10.84
|
12.35
|
4.00
5.47
9.32
5.12
11.52
7.12
9.40
9.90
п.п.
2.03
Итого
0
1
2
3
%
6.11 6.11
8.14 8.14
План
Факт
1
100

● Бизнес-план выполнен● ●● Превышение бизнес-плана
Отклонения фактического уровня потерь от бизнес-плана за 3 месяца (нарастающим итогом), п.п.
-0.2-0.2
-8.3-8.3
3.13.1
-0.4-0.4
-0.6-0.6
-0.0-0.0
0.20.2
3.93.9
-0.4-0.4
-8.8-8.8
-0.0-0.0
0.20.2
-0.2-0.2
-0.5-0.5
-0.3-0.3
-0.5-0.5
-0.1-0.1
-0.2-0.2
-8.4-8.4
2.92.9
-0.4-0.4
-0.5-0.5
-0.0-0.0
0.20.2
3.83.8
-0.3-0.3
-7.9-7.9
-0.0-0.0
0.20.2
-0.2-0.2
-0.5-0.5
-0.2-0.2
-0.3-0.3
-0.1-0.1
-0.0-0.0
-0.9-0.9
-0.4-0.4
-2.5-2.5
-0.3-0.3
-0.2-0.2
-0.3-0.3
-2.6-2.6
-1.9-1.9
-1.4-1.4
-2.4-2.4
Россети ФСКЕЭС
АО«Тываэнерго»
АО«Чеченэнерго»
Россети Волга
РоссетиКубань
РоссетиЛенэнерго(ГК)
РоссетиМосковскийрегион
РоссетиСеверныйКавказ (ГК)
Россети Северо-Запад
Россети Сибирь(ГК)
Россети Томск
Россети Тюмень
Россети Урал(ГК)
Россети Центр
Россети Центри Приволжье(ГК)
Россети Юг (Г…
РоссетиЯнтарь
-10
0
10
п.п.
Отклонения фактического уровня потерь от бизнес-плана за 3 месяца (нарастающим итогом)
-0.2-0.2
-8.3-8.3
-1.0-1.0
-0.2-0.2
-0.3-0.3
4.74.7
-1.4-1.4
-0.4-0.4
-9.0-9.0
-0.1-0.1
-0.2-0.2
-0.3-0.3
-0.2-0.2
-7.9-7.9
-0.5-0.5
-0.8-0.8
-1.0-1.0
-0.4-0.4
8.18.1
0.50.5
12.812.8
-0.2-0.2
-8.4-8.4
-0.4-0.4
-0.0-0.0
-0.1-0.1
5.25.2
-1.3-1.3
-0.4-0.4
-8.1-8.1
-0.1-0.1
0.10.1
-0.4-0.4
-0.1-0.1
-6.9-6.9
-0.3-0.3
-0.8-0.8
-0.8-0.8
-0.4-0.4
8.38.3
0.50.5
12.512.5
-3.4-3.4
-2.5-2.5
-6.0-6.0
-1.5-1.5
-0.6-0.6
-1.6-1.6
-1.4-1.4
-4.5-4.5
Итого по ФСК ЕЭС
АО "Тываэнерго"
АО «ВМЭС»
АО «Воронежская горэлектросеть»
АО «Тульские городские электрические сети»
АО «Чеченэнерго»
АО «Ярославская электросетевая компания»
АО ЕЭСК
Алтайэнерго
Архангельский филиал
Астраханьэнерго
Белгородэнерго
Брянскэнерго
Бурятэнерго
Владимирэнерго
Волгоградэнерго
Вологодский филиал
Воронежэнерго
Дагэнерго
Ивэнерго
Ингушэнерго
-24
24

Статус данных
Просьба обратить внимание
— все данные не занесены
Факт
План
Итого – Факт
Отпуск в сеть 68 912 869
Отпуск из сети 63 301 996
Потери 5 610 872
Итого – План
Отпуск в сеть 105 420 427
Отпуск из сети 98 978 415
Потери 6 442 012
Выполнение бизнес-плана в части показателя «Уровень потерь электроэнергии»
Показатели баланса электроэнергии по ДЗО – Факт 
57 256 396 3 856 981 9 778 647 3 276 892 476 306 6 843 010 3 467 484 462 838
55 054 236 3 645 880 8 867 734 3 109 008 421 425 6 355 760 3 141 633 417 011
2 202 160 211 102 910 913 167 884 54 881 487 250 325 852 45 827
Показатели баланса электроэнергии по ДЗО – План
58 806 842 4 033 660 10 346 741 3 479 216 504 635 7 177 213 3 760 351 489 942
56 540 011 3 775 836 9 338 688 3 214 611 444 962 6 646 123 3 352 866 429 434
2 266 831 257 824 1 008 053 264 605 59 673 531 090 407 485 60 508'

28-03-2025T12:02:26 - [MESSAGE][PASSED] - Text of object 'Object Repository/Страница авторизации/Text' is: 'ДЗО 
ПАО Россети
Период
Январь 2025 года
Отклонения фактического уровня потерь от бизнес-плана, п.п.
-0.01
-0.92
-0.43
-2.48
-0.30
-0.23
-0.28
-2.65
-1.91
-1.44
-2.45
Россети ФСК ЕЭС
Россети Волга
Россети Московскийрегион
Россети Северо-Запад
Россети Томск
Россети Тюмень
Россети Урал (ГК)
Россети Центр (ГК)
Россети Центр иПриволжье (ГК)
Россети Юг (ГК)
Россети Янтарь
-4
-2
0
2
4
6
8

Уровень потерь электроэнергии
Россети ФСК ЕЭС
Россети Волга
Россети Московский регион
Россети Северо-Запад
Россети Томск
Россети Урал (ГК)
Россети Юг (ГК)
Россети Янтарь
0
10
20
30
40
50
60
70
4.01
|
6.39
|
9.74
|
7.61
|
11.82
|
7.40
|
10.84
|
12.35
|
4.00
5.47
9.32
5.12
11.52
7.12
9.40
9.90
п.п.
2.03
Итого
0
1
2
3
%
6.11 6.11
8.14 8.14
План
Факт
1
100

● Бизнес-план выполнен● ●● Превышение бизнес-плана
Отклонения фактического уровня потерь от бизнес-плана за 3 месяца (нарастающим итогом), п.п.
-0.2-0.2
-8.3-8.3
3.13.1
-0.4-0.4
-0.6-0.6
-0.0-0.0
0.20.2
3.93.9
-0.4-0.4
-8.8-8.8
-0.0-0.0
0.20.2
-0.2-0.2
-0.5-0.5
-0.3-0.3
-0.5-0.5
-0.1-0.1
-0.2-0.2
-8.4-8.4
2.92.9
-0.4-0.4
-0.5-0.5
-0.0-0.0
0.20.2
3.83.8
-0.3-0.3
-7.9-7.9
-0.0-0.0
0.20.2
-0.2-0.2
-0.5-0.5
-0.2-0.2
-0.3-0.3
-0.1-0.1
-0.0-0.0
-0.9-0.9
-0.4-0.4
-2.5-2.5
-0.3-0.3
-0.2-0.2
-0.3-0.3
-2.6-2.6
-1.9-1.9
-1.4-1.4
-2.4-2.4
Россети ФСКЕЭС
АО«Тываэнерго»
АО«Чеченэнерго»
Россети Волга
РоссетиКубань
РоссетиЛенэнерго(ГК)
РоссетиМосковскийрегион
РоссетиСеверныйКавказ (ГК)
Россети Северо-Запад
Россети Сибирь(ГК)
Россети Томск
Россети Тюмень
Россети Урал(ГК)
Россети Центр
Россети Центри Приволжье(ГК)
Россети Юг (Г…
РоссетиЯнтарь
-10
0
10
п.п.
Отклонения фактического уровня потерь от бизнес-плана за 3 месяца (нарастающим итогом)
-0.2-0.2
-8.3-8.3
-1.0-1.0
-0.2-0.2
-0.3-0.3
4.74.7
-1.4-1.4
-0.4-0.4
-9.0-9.0
-0.1-0.1
-0.2-0.2
-0.3-0.3
-0.2-0.2
-7.9-7.9
-0.5-0.5
-0.8-0.8
-1.0-1.0
-0.4-0.4
8.18.1
0.50.5
12.812.8
-0.2-0.2
-8.4-8.4
-0.4-0.4
-0.0-0.0
-0.1-0.1
5.25.2
-1.3-1.3
-0.4-0.4
-8.1-8.1
-0.1-0.1
0.10.1
-0.4-0.4
-0.1-0.1
-6.9-6.9
-0.3-0.3
-0.8-0.8
-0.8-0.8
-0.4-0.4
8.38.3
0.50.5
12.512.5
-3.4-3.4
-2.5-2.5
-6.0-6.0
-1.5-1.5
-0.6-0.6
-1.6-1.6
-1.4-1.4
-4.5-4.5
Итого по ФСК ЕЭС
АО "Тываэнерго"
АО «ВМЭС»
АО «Воронежская горэлектросеть»
АО «Тульские городские электрические сети»
АО «Чеченэнерго»
АО «Ярославская электросетевая компания»
АО ЕЭСК
Алтайэнерго
Архангельский филиал
Астраханьэнерго
Белгородэнерго
Брянскэнерго
Бурятэнерго
Владимирэнерго
Волгоградэнерго
Вологодский филиал
Воронежэнерго
Дагэнерго
Ивэнерго
Ингушэнерго
-24
24

Статус данных
Просьба обратить внимание
— все данные не занесены
Факт
План
Итого – Факт
Отпуск в сеть 68 912 869
Отпуск из сети 63 301 996
Потери 5 610 872
Итого – План
Отпуск в сеть 105 420 427
Отпуск из сети 98 978 415
Потери 6 442 012
Выполнение бизнес-плана в части показателя «Уровень потерь электроэнергии»
Показатели баланса электроэнергии по ДЗО – Факт 
57 256 396 3 856 981 9 778 647 3 276 892 476 306 6 843 010 3 467 484 462 838
55 054 236 3 645 880 8 867 734 3 109 008 421 425 6 355 760 3 141 633 417 011
2 202 160 211 102 910 913 167 884 54 881 487 250 325 852 45 827
Показатели баланса электроэнергии по ДЗО – План
58 806 842 4 033 660 10 346 741 3 479 216 504 635 7 177 213 3 760 351 489 942
56 540 011 3 775 836 9 338 688 3 214 611 444 962 6 646 123 3 352 866 429 434
2 266 831 257 824 1 008 053 264 605 59 673 531 090 407 485 60 508'

28-03-2025T12:02:26 - [TEST_STEP][PASSED] - if (urlText.contains("ошибка") || urlText.contains(searchWord) == false): null

28-03-2025T12:02:26 - [TEST_STEP][PASSED] - Script1718980020443.ZakrytOpoveshenie(): null

28-03-2025T12:02:26 - [TEST_STEP][PASSED] - delay(10): Delayed 10 second(s)

28-03-2025T12:02:36 - [MESSAGE][PASSED] - Delayed 10 second(s)

28-03-2025T12:02:36 - [TEST_STEP][PASSED] - opoveshenie = getText(findTestObject("Выполнение бизнес-плана/Просьба обратить внимание")): Text of object 'Object Repository/Выполнение бизнес-плана/Просьба обратить внимание' is: 'Просьба обратить внимание'

28-03-2025T12:02:36 - [MESSAGE][PASSED] - Text of object 'Object Repository/Выполнение бизнес-плана/Просьба обратить внимание' is: 'Просьба обратить внимание'

28-03-2025T12:02:36 - [TEST_STEP][PASSED] - println(opoveshenie): null

28-03-2025T12:02:36 - [TEST_STEP][PASSED] - if (opoveshenie == "Просьба обратить внимание"): Object: 'Object Repository/Выполнение бизнес-плана/Закрыть оповещение' is clicked on

28-03-2025T12:02:36 - [TEST_STEP][PASSED] - click(findTestObject("Выполнение бизнес-плана/Закрыть оповещение")): Object: 'Object Repository/Выполнение бизнес-плана/Закрыть оповещение' is clicked on

28-03-2025T12:02:36 - [MESSAGE][PASSED] - Object: 'Object Repository/Выполнение бизнес-плана/Закрыть оповещение' is clicked on

28-03-2025T12:02:36 - [TEST_STEP][PASSED] - click(findTestObject("Object Repository/Выполнение бизнес-плана/Фильтр Дата")): Object: 'Object Repository/Выполнение бизнес-плана/Фильтр Дата' is clicked on

28-03-2025T12:02:37 - [MESSAGE][PASSED] - Object: 'Object Repository/Выполнение бизнес-плана/Фильтр Дата' is clicked on

28-03-2025T12:02:37 - [TEST_STEP][PASSED] - click(findTestObject("Выполнение бизнес-плана/Снять выделение в фильтре Дата")): Object: 'Object Repository/Выполнение бизнес-плана/Снять выделение в фильтре Дата' is clicked on

28-03-2025T12:02:37 - [MESSAGE][PASSED] - Object: 'Object Repository/Выполнение бизнес-плана/Снять выделение в фильтре Дата' is clicked on

28-03-2025T12:02:37 - [TEST_STEP][PASSED] - click(findTestObject("Object Repository/Выполнение бизнес-плана/Применить в фильтре Дата")): Object: 'Object Repository/Выполнение бизнес-плана/Применить в фильтре Дата' is clicked on

28-03-2025T12:02:38 - [MESSAGE][PASSED] - Object: 'Object Repository/Выполнение бизнес-плана/Применить в фильтре Дата' is clicked on

28-03-2025T12:02:38 - [TEST_STEP][PASSED] - delay(50): Delayed 50 second(s)

28-03-2025T12:03:28 - [MESSAGE][PASSED] - Delayed 50 second(s)

28-03-2025T12:03:28 - [TEST_STEP][PASSED] - Script1718980020443.ZakrytOpoveshenie(): null

28-03-2025T12:03:28 - [TEST_STEP][PASSED] - delay(10): Delayed 10 second(s)

28-03-2025T12:03:38 - [MESSAGE][PASSED] - Delayed 10 second(s)

28-03-2025T12:03:38 - [TEST_STEP][PASSED] - opoveshenie = getText(findTestObject("Выполнение бизнес-плана/Просьба обратить внимание")): Text of object 'Object Repository/Выполнение бизнес-плана/Просьба обратить внимание' is: 'Просьба обратить внимание'

28-03-2025T12:03:38 - [MESSAGE][PASSED] - Text of object 'Object Repository/Выполнение бизнес-плана/Просьба обратить внимание' is: 'Просьба обратить внимание'

28-03-2025T12:03:38 - [TEST_STEP][PASSED] - println(opoveshenie): null

28-03-2025T12:03:38 - [TEST_STEP][PASSED] - if (opoveshenie == "Просьба обратить внимание"): Object: 'Object Repository/Выполнение бизнес-плана/Закрыть оповещение' is clicked on

28-03-2025T12:03:38 - [TEST_STEP][PASSED] - click(findTestObject("Выполнение бизнес-плана/Закрыть оповещение")): Object: 'Object Repository/Выполнение бизнес-плана/Закрыть оповещение' is clicked on

28-03-2025T12:03:39 - [MESSAGE][PASSED] - Object: 'Object Repository/Выполнение бизнес-плана/Закрыть оповещение' is clicked on

28-03-2025T12:03:39 - [TEST_STEP][PASSED] - click(findTestObject("Object Repository/Выполнение бизнес-плана/Фильтр Дата")): Object: 'Object Repository/Выполнение бизнес-плана/Фильтр Дата' is clicked on

28-03-2025T12:03:39 - [MESSAGE][PASSED] - Object: 'Object Repository/Выполнение бизнес-плана/Фильтр Дата' is clicked on

28-03-2025T12:03:39 - [TEST_STEP][PASSED] - scrollToElement(findTestObject("Выполнение бизнес-плана/2025 список"), 30): Scroll to object 'Object Repository/Выполнение бизнес-плана/2025 список' successfully

28-03-2025T12:03:39 - [MESSAGE][PASSED] - Scroll to object 'Object Repository/Выполнение бизнес-плана/2025 список' successfully

28-03-2025T12:03:39 - [TEST_STEP][PASSED] - click(findTestObject("Выполнение бизнес-плана/2025 список"), CONTINUE_ON_FAILURE): Object: 'Object Repository/Выполнение бизнес-плана/2025 список' is clicked on

28-03-2025T12:03:40 - [MESSAGE][PASSED] - Object: 'Object Repository/Выполнение бизнес-плана/2025 список' is clicked on

28-03-2025T12:03:40 - [TEST_STEP][PASSED] - scrollToElement(findTestObject("Выполнение бизнес-плана/1 квартал 2025 список"), 30): Scroll to object 'Object Repository/Выполнение бизнес-плана/1 квартал 2025 список' successfully

28-03-2025T12:03:40 - [MESSAGE][PASSED] - Scroll to object 'Object Repository/Выполнение бизнес-плана/1 квартал 2025 список' successfully

28-03-2025T12:03:40 - [TEST_STEP][PASSED] - click(findTestObject("Выполнение бизнес-плана/1 квартал 2025 список"), CONTINUE_ON_FAILURE): Object: 'Object Repository/Выполнение бизнес-плана/1 квартал 2025 список' is clicked on

28-03-2025T12:03:41 - [MESSAGE][PASSED] - Object: 'Object Repository/Выполнение бизнес-плана/1 квартал 2025 список' is clicked on

28-03-2025T12:03:41 - [TEST_STEP][PASSED] - scrollToElement(findTestObject("Выполнение бизнес-плана/Январь 2025"), 30): Scroll to object 'Object Repository/Выполнение бизнес-плана/Январь 2025' successfully

28-03-2025T12:03:41 - [MESSAGE][PASSED] - Scroll to object 'Object Repository/Выполнение бизнес-плана/Январь 2025' successfully

28-03-2025T12:03:41 - [TEST_STEP][PASSED] - click(findTestObject("Выполнение бизнес-плана/Январь 2025"), CONTINUE_ON_FAILURE): Object: 'Object Repository/Выполнение бизнес-плана/Январь 2025' is clicked on

28-03-2025T12:03:41 - [MESSAGE][PASSED] - Object: 'Object Repository/Выполнение бизнес-плана/Январь 2025' is clicked on

28-03-2025T12:03:41 - [TEST_STEP][PASSED] - scrollToElement(findTestObject("Выполнение бизнес-плана/Заголовок дашборда"), 30): Scroll to object 'Object Repository/Выполнение бизнес-плана/Заголовок дашборда' successfully

28-03-2025T12:03:42 - [MESSAGE][PASSED] - Scroll to object 'Object Repository/Выполнение бизнес-плана/Заголовок дашборда' successfully

28-03-2025T12:03:42 - [TEST_STEP][PASSED] - click(findTestObject("Object Repository/Выполнение бизнес-плана/Применить в фильтре Дата")): Object: 'Object Repository/Выполнение бизнес-плана/Применить в фильтре Дата' is clicked on

28-03-2025T12:03:43 - [MESSAGE][PASSED] - Object: 'Object Repository/Выполнение бизнес-плана/Применить в фильтре Дата' is clicked on

28-03-2025T12:03:43 - [TEST_STEP][PASSED] - delay(50): Delayed 50 second(s)

28-03-2025T12:04:33 - [MESSAGE][PASSED] - Delayed 50 second(s)

28-03-2025T12:04:33 - [TEST_STEP][PASSED] - Script1718980020443.ZakrytOpoveshenie(): null

28-03-2025T12:04:33 - [TEST_STEP][PASSED] - delay(10): Delayed 10 second(s)

28-03-2025T12:04:43 - [MESSAGE][PASSED] - Delayed 10 second(s)

28-03-2025T12:04:43 - [TEST_STEP][PASSED] - opoveshenie = getText(findTestObject("Выполнение бизнес-плана/Просьба обратить внимание")): Text of object 'Object Repository/Выполнение бизнес-плана/Просьба обратить внимание' is: 'Просьба обратить внимание'

28-03-2025T12:04:43 - [MESSAGE][PASSED] - Text of object 'Object Repository/Выполнение бизнес-плана/Просьба обратить внимание' is: 'Просьба обратить внимание'

28-03-2025T12:04:43 - [TEST_STEP][PASSED] - println(opoveshenie): null

28-03-2025T12:04:43 - [TEST_STEP][PASSED] - if (opoveshenie == "Просьба обратить внимание"): Object: 'Object Repository/Выполнение бизнес-плана/Закрыть оповещение' is clicked on

28-03-2025T12:04:43 - [TEST_STEP][PASSED] - click(findTestObject("Выполнение бизнес-плана/Закрыть оповещение")): Object: 'Object Repository/Выполнение бизнес-плана/Закрыть оповещение' is clicked on

28-03-2025T12:04:43 - [MESSAGE][PASSED] - Object: 'Object Repository/Выполнение бизнес-плана/Закрыть оповещение' is clicked on

28-03-2025T12:04:43 - [TEST_STEP][PASSED] - delay(30): Delayed 30 second(s)

28-03-2025T12:05:13 - [MESSAGE][PASSED] - Delayed 30 second(s)

28-03-2025T12:05:13 - [TEST_STEP][PASSED] - Script1718980020443.OpenFilter(): null

28-03-2025T12:05:13 - [TEST_STEP][PASSED] - click(findTestObject("Object Repository/Выполнение бизнес-плана/Фильтр ДЗО")): Object: 'Object Repository/Выполнение бизнес-плана/Фильтр ДЗО' is clicked on

28-03-2025T12:05:14 - [MESSAGE][PASSED] - Object: 'Object Repository/Выполнение бизнес-плана/Фильтр ДЗО' is clicked on

28-03-2025T12:05:14 - [TEST_STEP][PASSED] - click(findTestObject("Выполнение бизнес-плана/Снять выделение в фильтре ДЗО")): Object: 'Object Repository/Выполнение бизнес-плана/Снять выделение в фильтре ДЗО' is clicked on

28-03-2025T12:05:14 - [MESSAGE][PASSED] - Object: 'Object Repository/Выполнение бизнес-плана/Снять выделение в фильтре ДЗО' is clicked on

28-03-2025T12:05:14 - [TEST_STEP][PASSED] - click(findTestObject("Выполнение бизнес-плана/Раскрыть список ПАО Россети в фильтре ДЗО")): Object: 'Object Repository/Выполнение бизнес-плана/Раскрыть список ПАО Россети в фильтре ДЗО' is clicked on

28-03-2025T12:05:15 - [MESSAGE][PASSED] - Object: 'Object Repository/Выполнение бизнес-плана/Раскрыть список ПАО Россети в фильтре ДЗО' is clicked on

28-03-2025T12:05:15 - [TEST_STEP][PASSED] - click(findTestObject("Выполнение бизнес-плана/ПАО Россети")): Object: 'Object Repository/Выполнение бизнес-плана/ПАО Россети' is clicked on

28-03-2025T12:05:15 - [MESSAGE][PASSED] - Object: 'Object Repository/Выполнение бизнес-плана/ПАО Россети' is clicked on

28-03-2025T12:05:15 - [TEST_STEP][PASSED] - click(findTestObject("Object Repository/Выполнение бизнес-плана/Применить в фильтре ДЗО")): Object: 'Object Repository/Выполнение бизнес-плана/Применить в фильтре ДЗО' is clicked on

28-03-2025T12:05:16 - [MESSAGE][PASSED] - Object: 'Object Repository/Выполнение бизнес-плана/Применить в фильтре ДЗО' is clicked on

28-03-2025T12:05:16 - [TEST_STEP][PASSED] - delay(30): Delayed 30 second(s)

28-03-2025T12:05:46 - [MESSAGE][PASSED] - Delayed 30 second(s)

28-03-2025T12:05:46 - [TEST_STEP][PASSED] - x1 = getText(findTestObject("Выполнение бизнес-плана/Список ДЗО старый")): Text of object 'Object Repository/Выполнение бизнес-плана/Список ДЗО старый' is: 'Россети ФСК ЕЭС
Россети Волга
Россети Московский регион
Россети Северо-Запад
Россети Томск
Россети Урал (ГК)
Россети Юг (ГК)
Россети Янтарь
0
10
20
30
40
50
60
70'

28-03-2025T12:05:46 - [MESSAGE][PASSED] - Text of object 'Object Repository/Выполнение бизнес-плана/Список ДЗО старый' is: 'Россети ФСК ЕЭС
Россети Волга
Россети Московский регион
Россети Северо-Запад
Россети Томск
Россети Урал (ГК)
Россети Юг (ГК)
Россети Янтарь
0
10
20
30
40
50
60
70'

28-03-2025T12:05:46 - [TEST_STEP][PASSED] - dZO = "ПАО Россети": null

28-03-2025T12:05:46 - [TEST_STEP][PASSED] - a = 84: null

28-03-2025T12:05:46 - [TEST_STEP][PASSED] - Script1718980020443.Numbers(a, typeOfData, todaysDate, pageInt, fileInt, pageDouble, fileDouble, dZO, dzoNum, filialNum): null

28-03-2025T12:05:46 - [TEST_STEP][PASSED] - println(dzoNum): null

28-03-2025T12:05:46 - [TEST_STEP][PASSED] - planFact = <not implemented yet for class: org.codehaus.groovy.ast.expr.EmptyExpression>: null

28-03-2025T12:05:46 - [TEST_STEP][PASSED] - page = <not implemented yet for class: org.codehaus.groovy.ast.expr.EmptyExpression>: null

28-03-2025T12:05:46 - [TEST_STEP][PASSED] - page1 = <not implemented yet for class: org.codehaus.groovy.ast.expr.EmptyExpression>: null

28-03-2025T12:05:46 - [TEST_STEP][PASSED] - page2 = <not implemented yet for class: org.codehaus.groovy.ast.expr.EmptyExpression>: null

28-03-2025T12:05:46 - [TEST_STEP][PASSED] - filialNumberInRow = <not implemented yet for class: org.codehaus.groovy.ast.expr.EmptyExpression>: null

28-03-2025T12:05:46 - [TEST_STEP][PASSED] - filialsDzoNames = <not implemented yet for class: org.codehaus.groovy.ast.expr.EmptyExpression>: null

28-03-2025T12:05:46 - [TEST_STEP][PASSED] - numberOfFilials = <not implemented yet for class: org.codehaus.groovy.ast.expr.EmptyExpression>: null

28-03-2025T12:05:46 - [TEST_STEP][PASSED] - numberOfSpaces = <not implemented yet for class: org.codehaus.groovy.ast.expr.EmptyExpression>: null

28-03-2025T12:05:46 - [TEST_STEP][PASSED] - file = <not implemented yet for class: org.codehaus.groovy.ast.expr.EmptyExpression>: null

28-03-2025T12:05:46 - [TEST_STEP][PASSED] - otpusk = <not implemented yet for class: org.codehaus.groovy.ast.expr.EmptyExpression>: null

28-03-2025T12:05:46 - [TEST_STEP][PASSED] - poteri = <not implemented yet for class: org.codehaus.groovy.ast.expr.EmptyExpression>: null

28-03-2025T12:05:46 - [TEST_STEP][PASSED] - dataFolder = "Выполнение бизнес-плана/Значения со страницы Выполнение бизнес-плана/": null

28-03-2025T12:05:46 - [TEST_STEP][PASSED] - path = <not implemented yet for class: org.codehaus.groovy.ast.expr.EmptyExpression>: null

28-03-2025T12:05:46 - [TEST_STEP][PASSED] - typeOfDataMain = <not implemented yet for class: org.codehaus.groovy.ast.expr.EmptyExpression>: null

28-03-2025T12:05:46 - [TEST_STEP][PASSED] - fileOtpuskVSet = <not implemented yet for class: org.codehaus.groovy.ast.expr.EmptyExpression>: null

28-03-2025T12:05:46 - [TEST_STEP][PASSED] - pageOtpuskVSet = <not implemented yet for class: org.codehaus.groovy.ast.expr.EmptyExpression>: null

28-03-2025T12:05:46 - [TEST_STEP][PASSED] - filePoteri = <not implemented yet for class: org.codehaus.groovy.ast.expr.EmptyExpression>: null

28-03-2025T12:05:46 - [TEST_STEP][PASSED] - pagePoteri = <not implemented yet for class: org.codehaus.groovy.ast.expr.EmptyExpression>: null

28-03-2025T12:05:46 - [TEST_STEP][PASSED] - compare = <not implemented yet for class: org.codehaus.groovy.ast.expr.EmptyExpression>: null

28-03-2025T12:05:46 - [TEST_STEP][PASSED] - b = <not implemented yet for class: org.codehaus.groovy.ast.expr.EmptyExpression>: null

28-03-2025T12:05:46 - [TEST_STEP][PASSED] - i = <not implemented yet for class: org.codehaus.groovy.ast.expr.EmptyExpression>: null

28-03-2025T12:05:46 - [TEST_STEP][PASSED] - ii = <not implemented yet for class: org.codehaus.groovy.ast.expr.EmptyExpression>: null

28-03-2025T12:05:46 - [TEST_STEP][PASSED] - c = <not implemented yet for class: org.codehaus.groovy.ast.expr.EmptyExpression>: null

28-03-2025T12:05:46 - [TEST_STEP][PASSED] - numberOfErrors = 0: null

28-03-2025T12:05:46 - [TEST_STEP][PASSED] - if (a == 82): null

28-03-2025T12:05:46 - [TEST_STEP][PASSED] - b = findTestData("PlanFact").getValue(1, a): null

28-03-2025T12:05:46 - [TEST_STEP][PASSED] - i = b.indexOf(" (ГК)"): null

28-03-2025T12:05:46 - [TEST_STEP][PASSED] - if (i > -1): null

28-03-2025T12:05:46 - [TEST_STEP][PASSED] - i = b.indexOf("О ""): null

28-03-2025T12:05:46 - [TEST_STEP][PASSED] - if (i > -1): null

28-03-2025T12:05:46 - [TEST_STEP][PASSED] - i = b.indexOf("О «"): null

28-03-2025T12:05:46 - [TEST_STEP][PASSED] - if (i > -1): null

28-03-2025T12:05:46 - [TEST_STEP][PASSED] - i = b.indexOf("г. "): null

28-03-2025T12:05:46 - [TEST_STEP][PASSED] - if (i > -1): null

28-03-2025T12:05:46 - [TEST_STEP][PASSED] - b = b.trim(): null

28-03-2025T12:05:46 - [TEST_STEP][PASSED] - println(b): null

28-03-2025T12:05:46 - [TEST_STEP][PASSED] - for ([planFact = 1, planFact < 3, (planFact++)]): null

28-03-2025T12:05:46 - [TEST_STEP][PASSED] - if (planFact == 1): null

28-03-2025T12:05:46 - [TEST_STEP][PASSED] - typeOfDataMain = "Факт": null

28-03-2025T12:05:46 - [TEST_STEP][PASSED] - otpusk = findTestData("PlanFact").getValue(5, a): null

28-03-2025T12:05:47 - [TEST_STEP][PASSED] - poteri = findTestData("PlanFact").getValue(6, a): null

28-03-2025T12:05:47 - [TEST_STEP][PASSED] - otpusk = otpusk.replaceAll("\s+", ""): null

28-03-2025T12:05:47 - [TEST_STEP][PASSED] - poteri = poteri.replaceAll("\s+", ""): null

28-03-2025T12:05:47 - [TEST_STEP][PASSED] - typeOfData = typeOfDataMain + " Отпуск в сеть": null

28-03-2025T12:05:47 - [TEST_STEP][PASSED] - if (a == 82): null

28-03-2025T12:05:47 - [TEST_STEP][PASSED] - else if (a == 84): null

28-03-2025T12:05:47 - [TEST_STEP][PASSED] - path = dataFolder + typeOfData + " за отчётный период " + "ПАО Россети": null

28-03-2025T12:05:47 - [TEST_STEP][PASSED] - println(path): null

28-03-2025T12:05:47 - [TEST_STEP][PASSED] - page = getText(findTestObject(path)): Text of object 'Object Repository/Выполнение бизнес-плана/Значения со страницы Выполнение бизнес-плана/Факт Отпуск в сеть за отчётный период ПАО Россети' is: '68 912 869'

28-03-2025T12:05:47 - [MESSAGE][PASSED] - Text of object 'Object Repository/Выполнение бизнес-плана/Значения со страницы Выполнение бизнес-плана/Факт Отпуск в сеть за отчётный период ПАО Россети' is: '68 912 869'

28-03-2025T12:05:47 - [TEST_STEP][PASSED] - if (page == "" || page == null): null

28-03-2025T12:05:47 - [TEST_STEP][PASSED] - else: null

28-03-2025T12:05:47 - [TEST_STEP][PASSED] - page = page.replaceAll("\s+", ""): null

28-03-2025T12:05:47 - [TEST_STEP][PASSED] - if (page == "undefined"): null

28-03-2025T12:05:47 - [TEST_STEP][PASSED] - fileOtpuskVSet = otpusk.toInteger(): null

28-03-2025T12:05:47 - [TEST_STEP][PASSED] - pageOtpuskVSet = page.toInteger(): null

28-03-2025T12:05:47 - [TEST_STEP][PASSED] - typeOfData = typeOfDataMain + " Потери": null

28-03-2025T12:05:47 - [TEST_STEP][PASSED] - if (a == 82): null

28-03-2025T12:05:47 - [TEST_STEP][PASSED] - else if (a == 84): null

28-03-2025T12:05:47 - [TEST_STEP][PASSED] - path = dataFolder + typeOfData + " за отчётный период " + "ПАО Россети": null

28-03-2025T12:05:47 - [TEST_STEP][PASSED] - page = getText(findTestObject(path)): Text of object 'Object Repository/Выполнение бизнес-плана/Значения со страницы Выполнение бизнес-плана/Факт Потери за отчётный период ПАО Россети' is: '5 610 872'

28-03-2025T12:05:47 - [MESSAGE][PASSED] - Text of object 'Object Repository/Выполнение бизнес-плана/Значения со страницы Выполнение бизнес-плана/Факт Потери за отчётный период ПАО Россети' is: '5 610 872'

28-03-2025T12:05:47 - [TEST_STEP][PASSED] - if (page == "" || page == null): null

28-03-2025T12:05:47 - [TEST_STEP][PASSED] - else: null

28-03-2025T12:05:47 - [TEST_STEP][PASSED] - page = page.replaceAll("\s+", ""): null

28-03-2025T12:05:47 - [TEST_STEP][PASSED] - if (page == "undefined"): null

28-03-2025T12:05:47 - [TEST_STEP][PASSED] - filePoteri = poteri.toInteger(): null

28-03-2025T12:05:47 - [TEST_STEP][PASSED] - pagePoteri = page.toInteger(): null

28-03-2025T12:05:47 - [TEST_STEP][PASSED] - compare = pageOtpuskVSet: null

28-03-2025T12:05:47 - [TEST_STEP][PASSED] - if (pageOtpuskVSet != null): null

28-03-2025T12:05:47 - [TEST_STEP][PASSED] - if (compare == fileOtpuskVSet): null

28-03-2025T12:05:47 - [TEST_STEP][PASSED] - else if (compare > fileOtpuskVSet): null

28-03-2025T12:05:47 - [TEST_STEP][PASSED] - else if (compare < fileOtpuskVSet): null

28-03-2025T12:05:47 - [TEST_STEP][PASSED] - compare = compare + 1: null

28-03-2025T12:05:47 - [TEST_STEP][PASSED] - if (compare == fileOtpuskVSet): null

28-03-2025T12:05:47 - [TEST_STEP][PASSED] - else: null

28-03-2025T12:05:47 - [TEST_STEP][PASSED] - numberOfErrors = numberOfErrors + 1: null

28-03-2025T12:05:47 - [TEST_STEP][PASSED] - pageInt = pageOtpuskVSet: null

28-03-2025T12:05:47 - [TEST_STEP][PASSED] - fileInt = fileOtpuskVSet: null

28-03-2025T12:05:47 - [TEST_STEP][PASSED] - typeOfData = typeOfDataMain + " Отпуск в сеть": null

28-03-2025T12:05:47 - [TEST_STEP][PASSED] - Script1718980020443.WriteToExcel(a, typeOfData, todaysDate, pageInt, fileInt, pageDouble, fileDouble, dZO): null

28-03-2025T12:05:47 - [TEST_STEP][PASSED] - sheetName = "Sheet1": null

28-03-2025T12:05:47 - [TEST_STEP][PASSED] - data = findTestData("PlanFact"): null

28-03-2025T12:05:47 - [TEST_STEP][PASSED] - n = data.getRowNumbers() + 1: null

28-03-2025T12:05:47 - [TEST_STEP][PASSED] - day = ")).toInteger(): null

28-03-2025T12:05:47 - [TEST_STEP][PASSED] - println(day): null

28-03-2025T12:05:47 - [TEST_STEP][PASSED] - month = ")).toInteger(): null

28-03-2025T12:05:47 - [TEST_STEP][PASSED] - println(month): null

28-03-2025T12:05:47 - [TEST_STEP][PASSED] - y = <not implemented yet for class: org.codehaus.groovy.ast.expr.EmptyExpression>: null

28-03-2025T12:05:47 - [TEST_STEP][PASSED] - iy = <not implemented yet for class: org.codehaus.groovy.ast.expr.EmptyExpression>: null

28-03-2025T12:05:47 - [TEST_STEP][PASSED] - m = getText(findTestObject("Выполнение бизнес-плана/Период")): Text of object 'Object Repository/Выполнение бизнес-плана/Период' is: 'Январь 2025 года'

28-03-2025T12:05:48 - [MESSAGE][PASSED] - Text of object 'Object Repository/Выполнение бизнес-плана/Период' is: 'Январь 2025 года'

28-03-2025T12:05:48 - [TEST_STEP][PASSED] - iy = m.indexOf("20"): null

28-03-2025T12:05:48 - [TEST_STEP][PASSED] - if (iy > -1): null

28-03-2025T12:05:48 - [TEST_STEP][PASSED] - y = substring(iy, iy + 4).toInteger(): null

28-03-2025T12:05:48 - [TEST_STEP][PASSED] - println(y): null

28-03-2025T12:05:48 - [TEST_STEP][PASSED] - if (toString().length() == 4): null

28-03-2025T12:05:48 - [TEST_STEP][PASSED] - m = m.substring(0, m.indexOf(y.toString())): null

28-03-2025T12:05:48 - [TEST_STEP][PASSED] - m = m.trim(): null

28-03-2025T12:05:48 - [TEST_STEP][PASSED] - if (m == ""): null

28-03-2025T12:05:48 - [TEST_STEP][PASSED] - dashboardName = "Выполнение бизнес-плана": null

28-03-2025T12:05:48 - [TEST_STEP][PASSED] - workbook01 = getWorkbook(excelFilePath): null

28-03-2025T12:05:48 - [TEST_STEP][PASSED] - sheet01 = getExcelSheet(workbook01, sheetName): null

28-03-2025T12:05:48 - [TEST_STEP][PASSED] - setValueToCellByIndex(sheet01, n, 0, dashboardName): null

28-03-2025T12:05:48 - [TEST_STEP][PASSED] - setValueToCellByIndex(sheet01, n, 1, dZO): null

28-03-2025T12:05:48 - [TEST_STEP][PASSED] - setValueToCellByIndex(sheet01, n, 2, typeOfData): null

28-03-2025T12:05:48 - [TEST_STEP][PASSED] - if (typeOfData == "Факт в процентах" || typeOfData == "План в процентах"): null

28-03-2025T12:05:48 - [TEST_STEP][PASSED] - else: null

28-03-2025T12:05:48 - [TEST_STEP][PASSED] - setValueToCellByIndex(sheet01, n, 3, fileInt): null

28-03-2025T12:05:48 - [TEST_STEP][PASSED] - setValueToCellByIndex(sheet01, n, 4, pageInt): null

28-03-2025T12:05:48 - [TEST_STEP][PASSED] - setValueToCellByIndex(sheet01, n, 5, m): null

28-03-2025T12:05:48 - [TEST_STEP][PASSED] - setValueToCellByIndex(sheet01, n, 6, y): null

28-03-2025T12:05:48 - [TEST_STEP][PASSED] - setValueToCellByIndex(sheet01, n, 7, todaysDate): null

28-03-2025T12:05:48 - [TEST_STEP][PASSED] - n = n + 1: null

28-03-2025T12:05:48 - [TEST_STEP][PASSED] - saveWorkbook(excelFilePath, workbook01): null

28-03-2025T12:05:48 - [TEST_STEP][PASSED] - compare = pagePoteri: null

28-03-2025T12:05:48 - [TEST_STEP][PASSED] - if (pageOtpuskVSet != null): null

28-03-2025T12:05:48 - [TEST_STEP][PASSED] - if (compare == filePoteri): null

28-03-2025T12:05:48 - [TEST_STEP][PASSED] - else if (compare > filePoteri): null

28-03-2025T12:05:48 - [TEST_STEP][PASSED] - else if (compare < filePoteri): null

28-03-2025T12:05:48 - [TEST_STEP][PASSED] - compare = compare + 1: null

28-03-2025T12:05:48 - [TEST_STEP][PASSED] - if (compare == filePoteri): null

28-03-2025T12:05:48 - [TEST_STEP][PASSED] - else: null

28-03-2025T12:05:48 - [TEST_STEP][PASSED] - numberOfErrors = numberOfErrors + 1: null

28-03-2025T12:05:48 - [TEST_STEP][PASSED] - pageInt = pagePoteri: null

28-03-2025T12:05:48 - [TEST_STEP][PASSED] - fileInt = filePoteri: null

28-03-2025T12:05:48 - [TEST_STEP][PASSED] - typeOfData = typeOfDataMain + " Потери": null

28-03-2025T12:05:48 - [TEST_STEP][PASSED] - Script1718980020443.WriteToExcel(a, typeOfData, todaysDate, pageInt, fileInt, pageDouble, fileDouble, dZO): null

28-03-2025T12:05:48 - [TEST_STEP][PASSED] - sheetName = "Sheet1": null

28-03-2025T12:05:48 - [TEST_STEP][PASSED] - data = findTestData("PlanFact"): null

28-03-2025T12:05:48 - [TEST_STEP][PASSED] - n = data.getRowNumbers() + 1: null

28-03-2025T12:05:48 - [TEST_STEP][PASSED] - day = ")).toInteger(): null

28-03-2025T12:05:48 - [TEST_STEP][PASSED] - println(day): null

28-03-2025T12:05:48 - [TEST_STEP][PASSED] - month = ")).toInteger(): null

28-03-2025T12:05:48 - [TEST_STEP][PASSED] - println(month): null

28-03-2025T12:05:48 - [TEST_STEP][PASSED] - y = <not implemented yet for class: org.codehaus.groovy.ast.expr.EmptyExpression>: null

28-03-2025T12:05:48 - [TEST_STEP][PASSED] - iy = <not implemented yet for class: org.codehaus.groovy.ast.expr.EmptyExpression>: null

28-03-2025T12:05:48 - [TEST_STEP][PASSED] - m = getText(findTestObject("Выполнение бизнес-плана/Период")): Text of object 'Object Repository/Выполнение бизнес-плана/Период' is: 'Январь 2025 года'

28-03-2025T12:05:48 - [MESSAGE][PASSED] - Text of object 'Object Repository/Выполнение бизнес-плана/Период' is: 'Январь 2025 года'

28-03-2025T12:05:48 - [TEST_STEP][PASSED] - iy = m.indexOf("20"): null

28-03-2025T12:05:48 - [TEST_STEP][PASSED] - if (iy > -1): null

28-03-2025T12:05:48 - [TEST_STEP][PASSED] - y = substring(iy, iy + 4).toInteger(): null

28-03-2025T12:05:48 - [TEST_STEP][PASSED] - println(y): null

28-03-2025T12:05:48 - [TEST_STEP][PASSED] - if (toString().length() == 4): null

28-03-2025T12:05:48 - [TEST_STEP][PASSED] - m = m.substring(0, m.indexOf(y.toString())): null

28-03-2025T12:05:48 - [TEST_STEP][PASSED] - m = m.trim(): null

28-03-2025T12:05:48 - [TEST_STEP][PASSED] - if (m == ""): null

28-03-2025T12:05:48 - [TEST_STEP][PASSED] - dashboardName = "Выполнение бизнес-плана": null

28-03-2025T12:05:48 - [TEST_STEP][PASSED] - workbook01 = getWorkbook(excelFilePath): null

28-03-2025T12:05:48 - [TEST_STEP][PASSED] - sheet01 = getExcelSheet(workbook01, sheetName): null

28-03-2025T12:05:48 - [TEST_STEP][PASSED] - setValueToCellByIndex(sheet01, n, 0, dashboardName): null

28-03-2025T12:05:48 - [TEST_STEP][PASSED] - setValueToCellByIndex(sheet01, n, 1, dZO): null

28-03-2025T12:05:48 - [TEST_STEP][PASSED] - setValueToCellByIndex(sheet01, n, 2, typeOfData): null

28-03-2025T12:05:48 - [TEST_STEP][PASSED] - if (typeOfData == "Факт в процентах" || typeOfData == "План в процентах"): null

28-03-2025T12:05:48 - [TEST_STEP][PASSED] - else: null

28-03-2025T12:05:48 - [TEST_STEP][PASSED] - setValueToCellByIndex(sheet01, n, 3, fileInt): null

28-03-2025T12:05:48 - [TEST_STEP][PASSED] - setValueToCellByIndex(sheet01, n, 4, pageInt): null

28-03-2025T12:05:48 - [TEST_STEP][PASSED] - setValueToCellByIndex(sheet01, n, 5, m): null

28-03-2025T12:05:48 - [TEST_STEP][PASSED] - setValueToCellByIndex(sheet01, n, 6, y): null

28-03-2025T12:05:48 - [TEST_STEP][PASSED] - setValueToCellByIndex(sheet01, n, 7, todaysDate): null

28-03-2025T12:05:48 - [TEST_STEP][PASSED] - n = n + 1: null

28-03-2025T12:05:48 - [TEST_STEP][PASSED] - saveWorkbook(excelFilePath, workbook01): null

28-03-2025T12:05:48 - [TEST_STEP][PASSED] - if (planFact == 2): null

28-03-2025T12:05:48 - [TEST_STEP][PASSED] - if (planFact == 1): null

28-03-2025T12:05:48 - [TEST_STEP][PASSED] - else if (planFact == 2): null

28-03-2025T12:05:48 - [TEST_STEP][PASSED] - click(findTestObject("Выполнение бизнес-плана/Кнопка План")): Object: 'Object Repository/Выполнение бизнес-плана/Кнопка План' is clicked on

28-03-2025T12:05:49 - [MESSAGE][PASSED] - Object: 'Object Repository/Выполнение бизнес-плана/Кнопка План' is clicked on

28-03-2025T12:05:49 - [TEST_STEP][PASSED] - typeOfDataMain = "План": null

28-03-2025T12:05:49 - [TEST_STEP][PASSED] - otpusk = findTestData("PlanFact").getValue(2, a): null

28-03-2025T12:05:49 - [TEST_STEP][PASSED] - poteri = findTestData("PlanFact").getValue(3, a): null

28-03-2025T12:05:49 - [TEST_STEP][PASSED] - otpusk = otpusk.replaceAll("\s+", ""): null

28-03-2025T12:05:49 - [TEST_STEP][PASSED] - poteri = poteri.replaceAll("\s+", ""): null

28-03-2025T12:05:49 - [TEST_STEP][PASSED] - typeOfData = typeOfDataMain + " Отпуск в сеть": null

28-03-2025T12:05:49 - [TEST_STEP][PASSED] - if (a == 82): null

28-03-2025T12:05:49 - [TEST_STEP][PASSED] - else if (a == 84): null

28-03-2025T12:05:49 - [TEST_STEP][PASSED] - path = dataFolder + typeOfData + " за отчётный период " + "ПАО Россети": null

28-03-2025T12:05:49 - [TEST_STEP][PASSED] - println(path): null

28-03-2025T12:05:49 - [TEST_STEP][PASSED] - page = getText(findTestObject(path)): Text of object 'Object Repository/Выполнение бизнес-плана/Значения со страницы Выполнение бизнес-плана/План Отпуск в сеть за отчётный период ПАО Россети' is: '105 420 427'

28-03-2025T12:05:49 - [MESSAGE][PASSED] - Text of object 'Object Repository/Выполнение бизнес-плана/Значения со страницы Выполнение бизнес-плана/План Отпуск в сеть за отчётный период ПАО Россети' is: '105 420 427'

28-03-2025T12:05:49 - [TEST_STEP][PASSED] - if (page == "" || page == null): null

28-03-2025T12:05:49 - [TEST_STEP][PASSED] - else: null

28-03-2025T12:05:49 - [TEST_STEP][PASSED] - page = page.replaceAll("\s+", ""): null

28-03-2025T12:05:49 - [TEST_STEP][PASSED] - if (page == "undefined"): null

28-03-2025T12:05:49 - [TEST_STEP][PASSED] - fileOtpuskVSet = otpusk.toInteger(): null

28-03-2025T12:05:49 - [TEST_STEP][PASSED] - pageOtpuskVSet = page.toInteger(): null

28-03-2025T12:05:49 - [TEST_STEP][PASSED] - typeOfData = typeOfDataMain + " Потери": null

28-03-2025T12:05:49 - [TEST_STEP][PASSED] - if (a == 82): null

28-03-2025T12:05:49 - [TEST_STEP][PASSED] - else if (a == 84): null

28-03-2025T12:05:49 - [TEST_STEP][PASSED] - path = dataFolder + typeOfData + " за отчётный период " + "ПАО Россети": null

28-03-2025T12:05:49 - [TEST_STEP][PASSED] - page = getText(findTestObject(path)): Text of object 'Object Repository/Выполнение бизнес-плана/Значения со страницы Выполнение бизнес-плана/План Потери за отчётный период ПАО Россети' is: '6 442 012'

28-03-2025T12:05:50 - [MESSAGE][PASSED] - Text of object 'Object Repository/Выполнение бизнес-плана/Значения со страницы Выполнение бизнес-плана/План Потери за отчётный период ПАО Россети' is: '6 442 012'

28-03-2025T12:05:50 - [TEST_STEP][PASSED] - if (page == "" || page == null): null

28-03-2025T12:05:50 - [TEST_STEP][PASSED] - else: null

28-03-2025T12:05:50 - [TEST_STEP][PASSED] - page = page.replaceAll("\s+", ""): null

28-03-2025T12:05:50 - [TEST_STEP][PASSED] - if (page == "undefined"): null

28-03-2025T12:05:50 - [TEST_STEP][PASSED] - filePoteri = poteri.toInteger(): null

28-03-2025T12:05:50 - [TEST_STEP][PASSED] - pagePoteri = page.toInteger(): null

28-03-2025T12:05:50 - [TEST_STEP][PASSED] - compare = pageOtpuskVSet: null

28-03-2025T12:05:50 - [TEST_STEP][PASSED] - if (pageOtpuskVSet != null): null

28-03-2025T12:05:50 - [TEST_STEP][PASSED] - if (compare == fileOtpuskVSet): null

28-03-2025T12:05:50 - [TEST_STEP][PASSED] - else if (compare > fileOtpuskVSet): null

28-03-2025T12:05:50 - [TEST_STEP][PASSED] - compare = compare - 1: null

28-03-2025T12:05:50 - [TEST_STEP][PASSED] - if (compare == fileOtpuskVSet): null

28-03-2025T12:05:50 - [TEST_STEP][PASSED] - else: null

28-03-2025T12:05:50 - [TEST_STEP][PASSED] - numberOfErrors = numberOfErrors + 1: null

28-03-2025T12:05:50 - [TEST_STEP][PASSED] - pageInt = pageOtpuskVSet: null

28-03-2025T12:05:50 - [TEST_STEP][PASSED] - fileInt = fileOtpuskVSet: null

28-03-2025T12:05:50 - [TEST_STEP][PASSED] - typeOfData = typeOfDataMain + " Отпуск в сеть": null

28-03-2025T12:05:50 - [TEST_STEP][PASSED] - Script1718980020443.WriteToExcel(a, typeOfData, todaysDate, pageInt, fileInt, pageDouble, fileDouble, dZO): null

28-03-2025T12:05:50 - [TEST_STEP][PASSED] - sheetName = "Sheet1": null

28-03-2025T12:05:50 - [TEST_STEP][PASSED] - data = findTestData("PlanFact"): null

28-03-2025T12:05:50 - [TEST_STEP][PASSED] - n = data.getRowNumbers() + 1: null

28-03-2025T12:05:50 - [TEST_STEP][PASSED] - day = ")).toInteger(): null

28-03-2025T12:05:50 - [TEST_STEP][PASSED] - println(day): null

28-03-2025T12:05:50 - [TEST_STEP][PASSED] - month = ")).toInteger(): null

28-03-2025T12:05:50 - [TEST_STEP][PASSED] - println(month): null

28-03-2025T12:05:50 - [TEST_STEP][PASSED] - y = <not implemented yet for class: org.codehaus.groovy.ast.expr.EmptyExpression>: null

28-03-2025T12:05:50 - [TEST_STEP][PASSED] - iy = <not implemented yet for class: org.codehaus.groovy.ast.expr.EmptyExpression>: null

28-03-2025T12:05:50 - [TEST_STEP][PASSED] - m = getText(findTestObject("Выполнение бизнес-плана/Период")): Text of object 'Object Repository/Выполнение бизнес-плана/Период' is: 'Январь 2025 года'

28-03-2025T12:05:50 - [MESSAGE][PASSED] - Text of object 'Object Repository/Выполнение бизнес-плана/Период' is: 'Январь 2025 года'

28-03-2025T12:05:50 - [TEST_STEP][PASSED] - iy = m.indexOf("20"): null

28-03-2025T12:05:50 - [TEST_STEP][PASSED] - if (iy > -1): null

28-03-2025T12:05:50 - [TEST_STEP][PASSED] - y = substring(iy, iy + 4).toInteger(): null

28-03-2025T12:05:50 - [TEST_STEP][PASSED] - println(y): null

28-03-2025T12:05:50 - [TEST_STEP][PASSED] - if (toString().length() == 4): null

28-03-2025T12:05:50 - [TEST_STEP][PASSED] - m = m.substring(0, m.indexOf(y.toString())): null

28-03-2025T12:05:50 - [TEST_STEP][PASSED] - m = m.trim(): null

28-03-2025T12:05:50 - [TEST_STEP][PASSED] - if (m == ""): null

28-03-2025T12:05:50 - [TEST_STEP][PASSED] - dashboardName = "Выполнение бизнес-плана": null

28-03-2025T12:05:50 - [TEST_STEP][PASSED] - workbook01 = getWorkbook(excelFilePath): null

28-03-2025T12:05:50 - [TEST_STEP][PASSED] - sheet01 = getExcelSheet(workbook01, sheetName): null

28-03-2025T12:05:50 - [TEST_STEP][PASSED] - setValueToCellByIndex(sheet01, n, 0, dashboardName): null

28-03-2025T12:05:50 - [TEST_STEP][PASSED] - setValueToCellByIndex(sheet01, n, 1, dZO): null

28-03-2025T12:05:50 - [TEST_STEP][PASSED] - setValueToCellByIndex(sheet01, n, 2, typeOfData): null

28-03-2025T12:05:50 - [TEST_STEP][PASSED] - if (typeOfData == "Факт в процентах" || typeOfData == "План в процентах"): null

28-03-2025T12:05:50 - [TEST_STEP][PASSED] - else: null

28-03-2025T12:05:50 - [TEST_STEP][PASSED] - setValueToCellByIndex(sheet01, n, 3, fileInt): null

28-03-2025T12:05:50 - [TEST_STEP][PASSED] - setValueToCellByIndex(sheet01, n, 4, pageInt): null

28-03-2025T12:05:50 - [TEST_STEP][PASSED] - setValueToCellByIndex(sheet01, n, 5, m): null

28-03-2025T12:05:50 - [TEST_STEP][PASSED] - setValueToCellByIndex(sheet01, n, 6, y): null

28-03-2025T12:05:50 - [TEST_STEP][PASSED] - setValueToCellByIndex(sheet01, n, 7, todaysDate): null

28-03-2025T12:05:50 - [TEST_STEP][PASSED] - n = n + 1: null

28-03-2025T12:05:50 - [TEST_STEP][PASSED] - saveWorkbook(excelFilePath, workbook01): null

28-03-2025T12:05:50 - [TEST_STEP][PASSED] - compare = pagePoteri: null

28-03-2025T12:05:50 - [TEST_STEP][PASSED] - if (pageOtpuskVSet != null): null

28-03-2025T12:05:50 - [TEST_STEP][PASSED] - if (compare == filePoteri): null

28-03-2025T12:05:50 - [TEST_STEP][PASSED] - else if (compare > filePoteri): null

28-03-2025T12:05:50 - [TEST_STEP][PASSED] - else if (compare < filePoteri): null

28-03-2025T12:05:50 - [TEST_STEP][PASSED] - compare = compare + 1: null

28-03-2025T12:05:50 - [TEST_STEP][PASSED] - if (compare == filePoteri): null

28-03-2025T12:05:50 - [TEST_STEP][PASSED] - else: null

28-03-2025T12:05:50 - [TEST_STEP][PASSED] - numberOfErrors = numberOfErrors + 1: null

28-03-2025T12:05:50 - [TEST_STEP][PASSED] - pageInt = pagePoteri: null

28-03-2025T12:05:50 - [TEST_STEP][PASSED] - fileInt = filePoteri: null

28-03-2025T12:05:50 - [TEST_STEP][PASSED] - typeOfData = typeOfDataMain + " Потери": null

28-03-2025T12:05:50 - [TEST_STEP][PASSED] - Script1718980020443.WriteToExcel(a, typeOfData, todaysDate, pageInt, fileInt, pageDouble, fileDouble, dZO): null

28-03-2025T12:05:50 - [TEST_STEP][PASSED] - sheetName = "Sheet1": null

28-03-2025T12:05:50 - [TEST_STEP][PASSED] - data = findTestData("PlanFact"): null

28-03-2025T12:05:50 - [TEST_STEP][PASSED] - n = data.getRowNumbers() + 1: null

28-03-2025T12:05:50 - [TEST_STEP][PASSED] - day = ")).toInteger(): null

28-03-2025T12:05:50 - [TEST_STEP][PASSED] - println(day): null

28-03-2025T12:05:50 - [TEST_STEP][PASSED] - month = ")).toInteger(): null

28-03-2025T12:05:50 - [TEST_STEP][PASSED] - println(month): null

28-03-2025T12:05:50 - [TEST_STEP][PASSED] - y = <not implemented yet for class: org.codehaus.groovy.ast.expr.EmptyExpression>: null

28-03-2025T12:05:50 - [TEST_STEP][PASSED] - iy = <not implemented yet for class: org.codehaus.groovy.ast.expr.EmptyExpression>: null

28-03-2025T12:05:50 - [TEST_STEP][PASSED] - m = getText(findTestObject("Выполнение бизнес-плана/Период")): Text of object 'Object Repository/Выполнение бизнес-плана/Период' is: 'Январь 2025 года'

28-03-2025T12:05:51 - [MESSAGE][PASSED] - Text of object 'Object Repository/Выполнение бизнес-плана/Период' is: 'Январь 2025 года'

28-03-2025T12:05:51 - [TEST_STEP][PASSED] - iy = m.indexOf("20"): null

28-03-2025T12:05:51 - [TEST_STEP][PASSED] - if (iy > -1): null

28-03-2025T12:05:51 - [TEST_STEP][PASSED] - y = substring(iy, iy + 4).toInteger(): null

28-03-2025T12:05:51 - [TEST_STEP][PASSED] - println(y): null

28-03-2025T12:05:51 - [TEST_STEP][PASSED] - if (toString().length() == 4): null

28-03-2025T12:05:51 - [TEST_STEP][PASSED] - m = m.substring(0, m.indexOf(y.toString())): null

28-03-2025T12:05:51 - [TEST_STEP][PASSED] - m = m.trim(): null

28-03-2025T12:05:51 - [TEST_STEP][PASSED] - if (m == ""): null

28-03-2025T12:05:51 - [TEST_STEP][PASSED] - dashboardName = "Выполнение бизнес-плана": null

28-03-2025T12:05:51 - [TEST_STEP][PASSED] - workbook01 = getWorkbook(excelFilePath): null

28-03-2025T12:05:51 - [TEST_STEP][PASSED] - sheet01 = getExcelSheet(workbook01, sheetName): null

28-03-2025T12:05:51 - [TEST_STEP][PASSED] - setValueToCellByIndex(sheet01, n, 0, dashboardName): null

28-03-2025T12:05:51 - [TEST_STEP][PASSED] - setValueToCellByIndex(sheet01, n, 1, dZO): null

28-03-2025T12:05:51 - [TEST_STEP][PASSED] - setValueToCellByIndex(sheet01, n, 2, typeOfData): null

28-03-2025T12:05:51 - [TEST_STEP][PASSED] - if (typeOfData == "Факт в процентах" || typeOfData == "План в процентах"): null

28-03-2025T12:05:51 - [TEST_STEP][PASSED] - else: null

28-03-2025T12:05:51 - [TEST_STEP][PASSED] - setValueToCellByIndex(sheet01, n, 3, fileInt): null

28-03-2025T12:05:51 - [TEST_STEP][PASSED] - setValueToCellByIndex(sheet01, n, 4, pageInt): null

28-03-2025T12:05:51 - [TEST_STEP][PASSED] - setValueToCellByIndex(sheet01, n, 5, m): null

28-03-2025T12:05:51 - [TEST_STEP][PASSED] - setValueToCellByIndex(sheet01, n, 6, y): null

28-03-2025T12:05:51 - [TEST_STEP][PASSED] - setValueToCellByIndex(sheet01, n, 7, todaysDate): null

28-03-2025T12:05:51 - [TEST_STEP][PASSED] - n = n + 1: null

28-03-2025T12:05:51 - [TEST_STEP][PASSED] - saveWorkbook(excelFilePath, workbook01): Object: 'Object Repository/Выполнение бизнес-плана/Кнопка Факт' is clicked on

28-03-2025T12:05:51 - [TEST_STEP][PASSED] - if (planFact == 2): Object: 'Object Repository/Выполнение бизнес-плана/Кнопка Факт' is clicked on

28-03-2025T12:05:51 - [TEST_STEP][PASSED] - click(findTestObject("Выполнение бизнес-плана/Кнопка Факт")): Object: 'Object Repository/Выполнение бизнес-плана/Кнопка Факт' is clicked on

28-03-2025T12:05:51 - [MESSAGE][PASSED] - Object: 'Object Repository/Выполнение бизнес-плана/Кнопка Факт' is clicked on

28-03-2025T12:05:51 - [TEST_STEP][PASSED] - println("a=" + a): null

28-03-2025T12:05:51 - [TEST_STEP][PASSED] - if (a == 84 || a == 82): null

28-03-2025T12:05:51 - [TEST_STEP][PASSED] - page = getText(findTestObject("Выполнение бизнес-плана/textPlanFact")): Text of object 'Object Repository/Выполнение бизнес-плана/textPlanFact' is: '%
6.11 6.11
8.14 8.14
План
Факт
1
100'

28-03-2025T12:05:51 - [MESSAGE][PASSED] - Text of object 'Object Repository/Выполнение бизнес-плана/textPlanFact' is: '%
6.11 6.11
8.14 8.14
План
Факт
1
100'

28-03-2025T12:05:51 - [TEST_STEP][PASSED] - page = page.replaceAll("\n", "_"): null

28-03-2025T12:05:51 - [TEST_STEP][PASSED] - page = page.substring(page.indexOf("_") + 1, page.length()): null

28-03-2025T12:05:51 - [TEST_STEP][PASSED] - page1 = page.substring(0, page.indexOf("_")): null

28-03-2025T12:05:51 - [TEST_STEP][PASSED] - page1 = page.substring(0, page.indexOf(" ")): null

28-03-2025T12:05:51 - [TEST_STEP][PASSED] - page2 = page.substring(page.indexOf("_") + 1, page.length()): null

28-03-2025T12:05:51 - [TEST_STEP][PASSED] - page2 = page2.substring(0, page.indexOf("_")): null

28-03-2025T12:05:51 - [TEST_STEP][PASSED] - page2 = page2.substring(0, page.indexOf(" ")): null

28-03-2025T12:05:51 - [TEST_STEP][PASSED] - println("page1: " + page1): null

28-03-2025T12:05:51 - [TEST_STEP][PASSED] - println("page2: " + page2): null

28-03-2025T12:05:51 - [TEST_STEP][PASSED] - file = findTestData("PlanFact").getValue(4, a): null

28-03-2025T12:05:52 - [TEST_STEP][PASSED] - file = file.replace(",", "."): null

28-03-2025T12:05:52 - [TEST_STEP][PASSED] - println("file Plan: " + file): null

28-03-2025T12:05:52 - [TEST_STEP][PASSED] - typeOfData = "План в процентах": null

28-03-2025T12:05:52 - [TEST_STEP][PASSED] - fileDouble = file.toDouble(): null

28-03-2025T12:05:52 - [TEST_STEP][PASSED] - pageDouble = page1.toDouble(): null

28-03-2025T12:05:52 - [TEST_STEP][PASSED] - if (fileDouble != pageDouble): null

28-03-2025T12:05:52 - [TEST_STEP][PASSED] - numberOfErrors = numberOfErrors + 1: null

28-03-2025T12:05:52 - [TEST_STEP][PASSED] - Script1718980020443.WriteToExcel(a, typeOfData, todaysDate, pageInt, fileInt, pageDouble, fileDouble, dZO): null

28-03-2025T12:05:52 - [TEST_STEP][PASSED] - sheetName = "Sheet1": null

28-03-2025T12:05:52 - [TEST_STEP][PASSED] - data = findTestData("PlanFact"): null

28-03-2025T12:05:52 - [TEST_STEP][PASSED] - n = data.getRowNumbers() + 1: null

28-03-2025T12:05:52 - [TEST_STEP][PASSED] - day = ")).toInteger(): null

28-03-2025T12:05:52 - [TEST_STEP][PASSED] - println(day): null

28-03-2025T12:05:52 - [TEST_STEP][PASSED] - month = ")).toInteger(): null

28-03-2025T12:05:52 - [TEST_STEP][PASSED] - println(month): null

28-03-2025T12:05:52 - [TEST_STEP][PASSED] - y = <not implemented yet for class: org.codehaus.groovy.ast.expr.EmptyExpression>: null

28-03-2025T12:05:52 - [TEST_STEP][PASSED] - iy = <not implemented yet for class: org.codehaus.groovy.ast.expr.EmptyExpression>: null

28-03-2025T12:05:52 - [TEST_STEP][PASSED] - m = getText(findTestObject("Выполнение бизнес-плана/Период")): Text of object 'Object Repository/Выполнение бизнес-плана/Период' is: 'Январь 2025 года'

28-03-2025T12:05:52 - [MESSAGE][PASSED] - Text of object 'Object Repository/Выполнение бизнес-плана/Период' is: 'Январь 2025 года'

28-03-2025T12:05:52 - [TEST_STEP][PASSED] - iy = m.indexOf("20"): null

28-03-2025T12:05:52 - [TEST_STEP][PASSED] - if (iy > -1): null

28-03-2025T12:05:52 - [TEST_STEP][PASSED] - y = substring(iy, iy + 4).toInteger(): null

28-03-2025T12:05:52 - [TEST_STEP][PASSED] - println(y): null

28-03-2025T12:05:52 - [TEST_STEP][PASSED] - if (toString().length() == 4): null

28-03-2025T12:05:52 - [TEST_STEP][PASSED] - m = m.substring(0, m.indexOf(y.toString())): null

28-03-2025T12:05:52 - [TEST_STEP][PASSED] - m = m.trim(): null

28-03-2025T12:05:52 - [TEST_STEP][PASSED] - if (m == ""): null

28-03-2025T12:05:52 - [TEST_STEP][PASSED] - dashboardName = "Выполнение бизнес-плана": null

28-03-2025T12:05:52 - [TEST_STEP][PASSED] - workbook01 = getWorkbook(excelFilePath): null

28-03-2025T12:05:52 - [TEST_STEP][PASSED] - sheet01 = getExcelSheet(workbook01, sheetName): null

28-03-2025T12:05:52 - [TEST_STEP][PASSED] - setValueToCellByIndex(sheet01, n, 0, dashboardName): null

28-03-2025T12:05:52 - [TEST_STEP][PASSED] - setValueToCellByIndex(sheet01, n, 1, dZO): null

28-03-2025T12:05:52 - [TEST_STEP][PASSED] - setValueToCellByIndex(sheet01, n, 2, typeOfData): null

28-03-2025T12:05:52 - [TEST_STEP][PASSED] - if (typeOfData == "Факт в процентах" || typeOfData == "План в процентах"): null

28-03-2025T12:05:52 - [TEST_STEP][PASSED] - setValueToCellByIndex(sheet01, n, 3, fileDouble): null

28-03-2025T12:05:52 - [TEST_STEP][PASSED] - setValueToCellByIndex(sheet01, n, 4, pageDouble): null

28-03-2025T12:05:52 - [TEST_STEP][PASSED] - setValueToCellByIndex(sheet01, n, 5, m): null

28-03-2025T12:05:52 - [TEST_STEP][PASSED] - setValueToCellByIndex(sheet01, n, 6, y): null

28-03-2025T12:05:52 - [TEST_STEP][PASSED] - setValueToCellByIndex(sheet01, n, 7, todaysDate): null

28-03-2025T12:05:52 - [TEST_STEP][PASSED] - n = n + 1: null

28-03-2025T12:05:52 - [TEST_STEP][PASSED] - saveWorkbook(excelFilePath, workbook01): null

28-03-2025T12:05:52 - [TEST_STEP][PASSED] - file = findTestData("PlanFact").getValue(7, a): null

28-03-2025T12:05:52 - [TEST_STEP][PASSED] - file = file.replace(",", "."): null

28-03-2025T12:05:52 - [TEST_STEP][PASSED] - println("file Fact: " + file): null

28-03-2025T12:05:52 - [TEST_STEP][PASSED] - fileDouble = file.toDouble(): null

28-03-2025T12:05:52 - [TEST_STEP][PASSED] - typeOfData = "Факт в процентах": null

28-03-2025T12:05:52 - [TEST_STEP][PASSED] - fileDouble = file.toDouble(): null

28-03-2025T12:05:52 - [TEST_STEP][PASSED] - pageDouble = page2.toDouble(): null

28-03-2025T12:05:52 - [TEST_STEP][PASSED] - if (fileDouble != pageDouble): null

28-03-2025T12:05:52 - [TEST_STEP][PASSED] - numberOfErrors = numberOfErrors + 1: null

28-03-2025T12:05:52 - [TEST_STEP][PASSED] - Script1718980020443.WriteToExcel(a, typeOfData, todaysDate, pageInt, fileInt, pageDouble, fileDouble, dZO): null

28-03-2025T12:05:52 - [TEST_STEP][PASSED] - sheetName = "Sheet1": null

28-03-2025T12:05:52 - [TEST_STEP][PASSED] - data = findTestData("PlanFact"): null

28-03-2025T12:05:52 - [TEST_STEP][PASSED] - n = data.getRowNumbers() + 1: null

28-03-2025T12:05:52 - [TEST_STEP][PASSED] - day = ")).toInteger(): null

28-03-2025T12:05:52 - [TEST_STEP][PASSED] - println(day): null

28-03-2025T12:05:52 - [TEST_STEP][PASSED] - month = ")).toInteger(): null

28-03-2025T12:05:52 - [TEST_STEP][PASSED] - println(month): null

28-03-2025T12:05:52 - [TEST_STEP][PASSED] - y = <not implemented yet for class: org.codehaus.groovy.ast.expr.EmptyExpression>: null

28-03-2025T12:05:52 - [TEST_STEP][PASSED] - iy = <not implemented yet for class: org.codehaus.groovy.ast.expr.EmptyExpression>: null

28-03-2025T12:05:52 - [TEST_STEP][PASSED] - m = getText(findTestObject("Выполнение бизнес-плана/Период")): Text of object 'Object Repository/Выполнение бизнес-плана/Период' is: 'Январь 2025 года'

28-03-2025T12:05:53 - [MESSAGE][PASSED] - Text of object 'Object Repository/Выполнение бизнес-плана/Период' is: 'Январь 2025 года'

28-03-2025T12:05:53 - [TEST_STEP][PASSED] - iy = m.indexOf("20"): null

28-03-2025T12:05:53 - [TEST_STEP][PASSED] - if (iy > -1): null

28-03-2025T12:05:53 - [TEST_STEP][PASSED] - y = substring(iy, iy + 4).toInteger(): null

28-03-2025T12:05:53 - [TEST_STEP][PASSED] - println(y): null

28-03-2025T12:05:53 - [TEST_STEP][PASSED] - if (toString().length() == 4): null

28-03-2025T12:05:53 - [TEST_STEP][PASSED] - m = m.substring(0, m.indexOf(y.toString())): null

28-03-2025T12:05:53 - [TEST_STEP][PASSED] - m = m.trim(): null

28-03-2025T12:05:53 - [TEST_STEP][PASSED] - if (m == ""): null

28-03-2025T12:05:53 - [TEST_STEP][PASSED] - dashboardName = "Выполнение бизнес-плана": null

28-03-2025T12:05:53 - [TEST_STEP][PASSED] - workbook01 = getWorkbook(excelFilePath): null

28-03-2025T12:05:53 - [TEST_STEP][PASSED] - sheet01 = getExcelSheet(workbook01, sheetName): null

28-03-2025T12:05:53 - [TEST_STEP][PASSED] - setValueToCellByIndex(sheet01, n, 0, dashboardName): null

28-03-2025T12:05:53 - [TEST_STEP][PASSED] - setValueToCellByIndex(sheet01, n, 1, dZO): null

28-03-2025T12:05:53 - [TEST_STEP][PASSED] - setValueToCellByIndex(sheet01, n, 2, typeOfData): null

28-03-2025T12:05:53 - [TEST_STEP][PASSED] - if (typeOfData == "Факт в процентах" || typeOfData == "План в процентах"): null

28-03-2025T12:05:53 - [TEST_STEP][PASSED] - setValueToCellByIndex(sheet01, n, 3, fileDouble): null

28-03-2025T12:05:53 - [TEST_STEP][PASSED] - setValueToCellByIndex(sheet01, n, 4, pageDouble): null

28-03-2025T12:05:53 - [TEST_STEP][PASSED] - setValueToCellByIndex(sheet01, n, 5, m): null

28-03-2025T12:05:53 - [TEST_STEP][PASSED] - setValueToCellByIndex(sheet01, n, 6, y): null

28-03-2025T12:05:53 - [TEST_STEP][PASSED] - setValueToCellByIndex(sheet01, n, 7, todaysDate): null

28-03-2025T12:05:53 - [TEST_STEP][PASSED] - n = n + 1: null

28-03-2025T12:05:53 - [TEST_STEP][PASSED] - saveWorkbook(excelFilePath, workbook01): null

28-03-2025T12:05:53 - [TEST_STEP][FAILED] - if (verifyEqual(numberOfErrors, 0) == false): null

28-03-2025T12:05:53 - [MESSAGE][FAILED] - Unable to verify equal between actual object '6' and expected object '0' (Root cause: com.kms.katalon.core.exception.StepFailedException: Actual object '6' and expected object '0' are not equal
	at com.kms.katalon.core.keyword.builtin.VerifyEqualKeyword$_verifyEqual_closure1.doCall(VerifyEqualKeyword.groovy:58)
	at com.kms.katalon.core.keyword.builtin.VerifyEqualKeyword$_verifyEqual_closure1.call(VerifyEqualKeyword.groovy)
	at com.kms.katalon.core.keyword.internal.KeywordMain.runKeyword(KeywordMain.groovy:75)
	at com.kms.katalon.core.keyword.builtin.VerifyEqualKeyword.verifyEqual(VerifyEqualKeyword.groovy:63)
	at com.kms.katalon.core.keyword.builtin.VerifyEqualKeyword.execute(VerifyEqualKeyword.groovy:44)
	at com.kms.katalon.core.keyword.internal.KeywordExecutor.executeKeywordForPlatform(KeywordExecutor.groovy:74)
	at com.kms.katalon.core.keyword.BuiltinKeywords.verifyEqual(BuiltinKeywords.groovy:146)
	at jdk.internal.reflect.GeneratedMethodAccessor23.invoke(Unknown Source)
	at java.base/jdk.internal.reflect.DelegatingMethodAccessorImpl.invoke(DelegatingMethodAccessorImpl.java:43)
	at Выполнение бизнес-плана Сверка ПАО Россети все филиалы.Numbers(Выполнение бизнес-плана Сверка ПАО Россети все филиалы:744)
	at Выполнение бизнес-плана Сверка ПАО Россети все филиалы.run(Выполнение бизнес-плана Сверка ПАО Россети все филиалы:172)
	at com.kms.katalon.core.main.ScriptEngine.run(ScriptEngine.java:194)
	at com.kms.katalon.core.main.ScriptEngine.runScriptAsRawText(ScriptEngine.java:119)
	at com.kms.katalon.core.main.TestCaseExecutor.runScript(TestCaseExecutor.java:448)
	at com.kms.katalon.core.main.TestCaseExecutor.doExecute(TestCaseExecutor.java:439)
	at com.kms.katalon.core.main.TestCaseExecutor.processExecutionPhase(TestCaseExecutor.java:418)
	at com.kms.katalon.core.main.TestCaseExecutor.accessMainPhase(TestCaseExecutor.java:410)
	at com.kms.katalon.core.main.TestCaseExecutor.execute(TestCaseExecutor.java:285)
	at com.kms.katalon.core.common.CommonExecutor.accessTestCaseMainPhase(CommonExecutor.java:65)
	at com.kms.katalon.core.main.TestSuiteExecutor.accessTestSuiteMainPhase(TestSuiteExecutor.java:150)
	at com.kms.katalon.core.main.TestSuiteExecutor.execute(TestSuiteExecutor.java:106)
	at com.kms.katalon.core.main.TestCaseMain.startTestSuite(TestCaseMain.java:180)
	at TempTestSuite1743137207280.run(TempTestSuite1743137207280.groovy:35)
	at java.base/jdk.internal.reflect.NativeMethodAccessorImpl.invoke0(Native Method)
	at java.base/jdk.internal.reflect.NativeMethodAccessorImpl.invoke(NativeMethodAccessorImpl.java:77)
	at java.base/jdk.internal.reflect.DelegatingMethodAccessorImpl.invoke(DelegatingMethodAccessorImpl.java:43)
)

28-03-2025T12:05:53 - [TEST_STEP][PASSED] - println(numberOfErrors): null

28-03-2025T12:05:53 - [TEST_STEP][PASSED] - println("a=" + a): null

28-03-2025T12:05:53 - [TEST_STEP][PASSED] - if (a == 28 || a == 77 || a == 74 || a == 65 || a == 36 || a == 44 || a == 54 || a == 1 || a == 18 || a == 59): null

28-03-2025T12:05:53 - [TEST_STEP][PASSED] - if (a == 82): null

28-03-2025T12:05:53 - [TEST_STEP][PASSED] - dZO = "Россети ФСК ЕЭС": null

28-03-2025T12:05:53 - [TEST_STEP][PASSED] - a = 83: null

28-03-2025T12:05:53 - [TEST_STEP][PASSED] - if (x1.contains("ЕЭС")): null

28-03-2025T12:05:53 - [TEST_STEP][PASSED] - dzoNum = dzoNum + 1: null

28-03-2025T12:05:53 - [TEST_STEP][PASSED] - println(dzoNum): null

28-03-2025T12:05:53 - [TEST_STEP][PASSED] - Script1718980020443.Numbers(a, typeOfData, todaysDate, pageInt, fileInt, pageDouble, fileDouble, dZO, dzoNum, filialNum): null

28-03-2025T12:05:53 - [TEST_STEP][PASSED] - println(dzoNum): null

28-03-2025T12:05:53 - [TEST_STEP][PASSED] - planFact = <not implemented yet for class: org.codehaus.groovy.ast.expr.EmptyExpression>: null

28-03-2025T12:05:53 - [TEST_STEP][PASSED] - page = <not implemented yet for class: org.codehaus.groovy.ast.expr.EmptyExpression>: null

28-03-2025T12:05:53 - [TEST_STEP][PASSED] - page1 = <not implemented yet for class: org.codehaus.groovy.ast.expr.EmptyExpression>: null

28-03-2025T12:05:53 - [TEST_STEP][PASSED] - page2 = <not implemented yet for class: org.codehaus.groovy.ast.expr.EmptyExpression>: null

28-03-2025T12:05:53 - [TEST_STEP][PASSED] - filialNumberInRow = <not implemented yet for class: org.codehaus.groovy.ast.expr.EmptyExpression>: null

28-03-2025T12:05:53 - [TEST_STEP][PASSED] - filialsDzoNames = <not implemented yet for class: org.codehaus.groovy.ast.expr.EmptyExpression>: null

28-03-2025T12:05:53 - [TEST_STEP][PASSED] - numberOfFilials = <not implemented yet for class: org.codehaus.groovy.ast.expr.EmptyExpression>: null

28-03-2025T12:05:53 - [TEST_STEP][PASSED] - numberOfSpaces = <not implemented yet for class: org.codehaus.groovy.ast.expr.EmptyExpression>: null

28-03-2025T12:05:53 - [TEST_STEP][PASSED] - file = <not implemented yet for class: org.codehaus.groovy.ast.expr.EmptyExpression>: null

28-03-2025T12:05:53 - [TEST_STEP][PASSED] - otpusk = <not implemented yet for class: org.codehaus.groovy.ast.expr.EmptyExpression>: null

28-03-2025T12:05:53 - [TEST_STEP][PASSED] - poteri = <not implemented yet for class: org.codehaus.groovy.ast.expr.EmptyExpression>: null

28-03-2025T12:05:53 - [TEST_STEP][PASSED] - dataFolder = "Выполнение бизнес-плана/Значения со страницы Выполнение бизнес-плана/": null

28-03-2025T12:05:53 - [TEST_STEP][PASSED] - path = <not implemented yet for class: org.codehaus.groovy.ast.expr.EmptyExpression>: null

28-03-2025T12:05:53 - [TEST_STEP][PASSED] - typeOfDataMain = <not implemented yet for class: org.codehaus.groovy.ast.expr.EmptyExpression>: null

28-03-2025T12:05:53 - [TEST_STEP][PASSED] - fileOtpuskVSet = <not implemented yet for class: org.codehaus.groovy.ast.expr.EmptyExpression>: null

28-03-2025T12:05:53 - [TEST_STEP][PASSED] - pageOtpuskVSet = <not implemented yet for class: org.codehaus.groovy.ast.expr.EmptyExpression>: null

28-03-2025T12:05:53 - [TEST_STEP][PASSED] - filePoteri = <not implemented yet for class: org.codehaus.groovy.ast.expr.EmptyExpression>: null

28-03-2025T12:05:53 - [TEST_STEP][PASSED] - pagePoteri = <not implemented yet for class: org.codehaus.groovy.ast.expr.EmptyExpression>: null

28-03-2025T12:05:53 - [TEST_STEP][PASSED] - compare = <not implemented yet for class: org.codehaus.groovy.ast.expr.EmptyExpression>: null

28-03-2025T12:05:53 - [TEST_STEP][PASSED] - b = <not implemented yet for class: org.codehaus.groovy.ast.expr.EmptyExpression>: null

28-03-2025T12:05:53 - [TEST_STEP][PASSED] - i = <not implemented yet for class: org.codehaus.groovy.ast.expr.EmptyExpression>: null

28-03-2025T12:05:53 - [TEST_STEP][PASSED] - ii = <not implemented yet for class: org.codehaus.groovy.ast.expr.EmptyExpression>: null

28-03-2025T12:05:53 - [TEST_STEP][PASSED] - c = <not implemented yet for class: org.codehaus.groovy.ast.expr.EmptyExpression>: null

28-03-2025T12:05:53 - [TEST_STEP][PASSED] - numberOfErrors = 0: null

28-03-2025T12:05:53 - [TEST_STEP][PASSED] - if (a == 82): null

28-03-2025T12:05:53 - [TEST_STEP][PASSED] - b = findTestData("PlanFact").getValue(1, a): null

28-03-2025T12:05:53 - [TEST_STEP][PASSED] - i = b.indexOf(" (ГК)"): null

28-03-2025T12:05:53 - [TEST_STEP][PASSED] - if (i > -1): null

28-03-2025T12:05:53 - [TEST_STEP][PASSED] - i = b.indexOf("О ""): null

28-03-2025T12:05:53 - [TEST_STEP][PASSED] - if (i > -1): null

28-03-2025T12:05:53 - [TEST_STEP][PASSED] - i = b.indexOf("О «"): null

28-03-2025T12:05:53 - [TEST_STEP][PASSED] - if (i > -1): null

28-03-2025T12:05:53 - [TEST_STEP][PASSED] - i = b.indexOf("г. "): null

28-03-2025T12:05:53 - [TEST_STEP][PASSED] - if (i > -1): null

28-03-2025T12:05:53 - [TEST_STEP][PASSED] - b = b.trim(): null

28-03-2025T12:05:53 - [TEST_STEP][PASSED] - println(b): null

28-03-2025T12:05:53 - [TEST_STEP][PASSED] - for ([planFact = 1, planFact < 3, (planFact++)]): null

28-03-2025T12:05:53 - [TEST_STEP][PASSED] - if (planFact == 1): null

28-03-2025T12:05:53 - [TEST_STEP][PASSED] - typeOfDataMain = "Факт": null

28-03-2025T12:05:53 - [TEST_STEP][PASSED] - otpusk = findTestData("PlanFact").getValue(5, a): null

28-03-2025T12:05:53 - [TEST_STEP][PASSED] - poteri = findTestData("PlanFact").getValue(6, a): null

28-03-2025T12:05:53 - [TEST_STEP][PASSED] - otpusk = otpusk.replaceAll("\s+", ""): null

28-03-2025T12:05:53 - [TEST_STEP][PASSED] - poteri = poteri.replaceAll("\s+", ""): null

28-03-2025T12:05:53 - [TEST_STEP][PASSED] - typeOfData = typeOfDataMain + " Отпуск в сеть": null

28-03-2025T12:05:53 - [TEST_STEP][PASSED] - if (a == 82): null

28-03-2025T12:05:53 - [TEST_STEP][PASSED] - else if (a == 84): null

28-03-2025T12:05:53 - [TEST_STEP][PASSED] - else if (a == 83 || a == 52 || a == 72 || a == 28 || a == 73 || a == 77 || a == 74 || a == 65 || a == 36 || a == 44 || a == 53 || a == 80 || a == 54 || a == 1 || a == 18 || a == 59 || a == 81): null

28-03-2025T12:05:53 - [TEST_STEP][PASSED] - path = dataFolder + "Table Data/" + typeOfData + " за отчётный период " + dzoNum: null

28-03-2025T12:05:53 - [TEST_STEP][PASSED] - println(path): null

28-03-2025T12:05:53 - [TEST_STEP][PASSED] - page = getText(findTestObject(path)): Text of object 'Object Repository/Выполнение бизнес-плана/Значения со страницы Выполнение бизнес-плана/Table Data/Факт Отпуск в сеть за отчётный период 1' is: '57 256 396'

28-03-2025T12:05:53 - [MESSAGE][PASSED] - Text of object 'Object Repository/Выполнение бизнес-плана/Значения со страницы Выполнение бизнес-плана/Table Data/Факт Отпуск в сеть за отчётный период 1' is: '57 256 396'

28-03-2025T12:05:53 - [TEST_STEP][PASSED] - if (page == "" || page == null): null

28-03-2025T12:05:53 - [TEST_STEP][PASSED] - else: null

28-03-2025T12:05:53 - [TEST_STEP][PASSED] - page = page.replaceAll("\s+", ""): null

28-03-2025T12:05:53 - [TEST_STEP][PASSED] - if (page == "undefined"): null

28-03-2025T12:05:53 - [TEST_STEP][PASSED] - fileOtpuskVSet = otpusk.toInteger(): null

28-03-2025T12:05:53 - [TEST_STEP][PASSED] - pageOtpuskVSet = page.toInteger(): null

28-03-2025T12:05:53 - [TEST_STEP][PASSED] - typeOfData = typeOfDataMain + " Потери": null

28-03-2025T12:05:53 - [TEST_STEP][PASSED] - if (a == 82): null

28-03-2025T12:05:53 - [TEST_STEP][PASSED] - else if (a == 84): null

28-03-2025T12:05:53 - [TEST_STEP][PASSED] - else if (a == 83 || a == 52 || a == 72 || a == 28 || a == 73 || a == 77 || a == 74 || a == 65 || a == 44 || a == 53 || a == 80 || a == 54 || a == 1 || a == 18 || a == 59 || a == 81): null

28-03-2025T12:05:53 - [TEST_STEP][PASSED] - path = dataFolder + "Table Data/" + typeOfData + " за отчётный период " + dzoNum: null

28-03-2025T12:05:53 - [TEST_STEP][PASSED] - page = getText(findTestObject(path)): Text of object 'Object Repository/Выполнение бизнес-плана/Значения со страницы Выполнение бизнес-плана/Table Data/Факт Потери за отчётный период 1' is: '9 338 688'

28-03-2025T12:05:54 - [MESSAGE][PASSED] - Text of object 'Object Repository/Выполнение бизнес-плана/Значения со страницы Выполнение бизнес-плана/Table Data/Факт Потери за отчётный период 1' is: '9 338 688'

28-03-2025T12:05:54 - [TEST_STEP][PASSED] - if (page == "" || page == null): null

28-03-2025T12:05:54 - [TEST_STEP][PASSED] - else: null

28-03-2025T12:05:54 - [TEST_STEP][PASSED] - page = page.replaceAll("\s+", ""): null

28-03-2025T12:05:54 - [TEST_STEP][PASSED] - if (page == "undefined"): null

28-03-2025T12:05:54 - [TEST_STEP][PASSED] - filePoteri = poteri.toInteger(): null

28-03-2025T12:05:54 - [TEST_STEP][PASSED] - pagePoteri = page.toInteger(): null

28-03-2025T12:05:54 - [TEST_STEP][PASSED] - compare = pageOtpuskVSet: null

28-03-2025T12:05:54 - [TEST_STEP][PASSED] - if (pageOtpuskVSet != null): null

28-03-2025T12:05:54 - [TEST_STEP][PASSED] - if (compare == fileOtpuskVSet): null

28-03-2025T12:05:54 - [TEST_STEP][PASSED] - if (compare == fileOtpuskVSet): null

28-03-2025T12:05:54 - [TEST_STEP][PASSED] - compare = pagePoteri: null

28-03-2025T12:05:54 - [TEST_STEP][PASSED] - if (pageOtpuskVSet != null): null

28-03-2025T12:05:54 - [TEST_STEP][PASSED] - if (compare == filePoteri): null

28-03-2025T12:05:54 - [TEST_STEP][PASSED] - else if (compare > filePoteri): null

28-03-2025T12:05:54 - [TEST_STEP][PASSED] - compare = compare - 1: null

28-03-2025T12:05:54 - [TEST_STEP][PASSED] - if (compare == filePoteri): null

28-03-2025T12:05:54 - [TEST_STEP][PASSED] - else: null

28-03-2025T12:05:54 - [TEST_STEP][PASSED] - numberOfErrors = numberOfErrors + 1: null

28-03-2025T12:05:54 - [TEST_STEP][PASSED] - pageInt = pagePoteri: null

28-03-2025T12:05:54 - [TEST_STEP][PASSED] - fileInt = filePoteri: null

28-03-2025T12:05:54 - [TEST_STEP][PASSED] - typeOfData = typeOfDataMain + " Потери": null

28-03-2025T12:05:54 - [TEST_STEP][PASSED] - Script1718980020443.WriteToExcel(a, typeOfData, todaysDate, pageInt, fileInt, pageDouble, fileDouble, dZO): null

28-03-2025T12:05:54 - [TEST_STEP][PASSED] - sheetName = "Sheet1": null

28-03-2025T12:05:54 - [TEST_STEP][PASSED] - data = findTestData("PlanFact"): null

28-03-2025T12:05:54 - [TEST_STEP][PASSED] - n = data.getRowNumbers() + 1: null

28-03-2025T12:05:54 - [TEST_STEP][PASSED] - day = ")).toInteger(): null

28-03-2025T12:05:54 - [TEST_STEP][PASSED] - println(day): null

28-03-2025T12:05:54 - [TEST_STEP][PASSED] - month = ")).toInteger(): null

28-03-2025T12:05:54 - [TEST_STEP][PASSED] - println(month): null

28-03-2025T12:05:54 - [TEST_STEP][PASSED] - y = <not implemented yet for class: org.codehaus.groovy.ast.expr.EmptyExpression>: null

28-03-2025T12:05:54 - [TEST_STEP][PASSED] - iy = <not implemented yet for class: org.codehaus.groovy.ast.expr.EmptyExpression>: null

28-03-2025T12:05:54 - [TEST_STEP][PASSED] - m = getText(findTestObject("Выполнение бизнес-плана/Период")): Text of object 'Object Repository/Выполнение бизнес-плана/Период' is: 'Январь 2025 года'

28-03-2025T12:05:54 - [MESSAGE][PASSED] - Text of object 'Object Repository/Выполнение бизнес-плана/Период' is: 'Январь 2025 года'

28-03-2025T12:05:54 - [TEST_STEP][PASSED] - iy = m.indexOf("20"): null

28-03-2025T12:05:54 - [TEST_STEP][PASSED] - if (iy > -1): null

28-03-2025T12:05:54 - [TEST_STEP][PASSED] - y = substring(iy, iy + 4).toInteger(): null

28-03-2025T12:05:54 - [TEST_STEP][PASSED] - println(y): null

28-03-2025T12:05:54 - [TEST_STEP][PASSED] - if (toString().length() == 4): null

28-03-2025T12:05:54 - [TEST_STEP][PASSED] - m = m.substring(0, m.indexOf(y.toString())): null

28-03-2025T12:05:54 - [TEST_STEP][PASSED] - m = m.trim(): null

28-03-2025T12:05:54 - [TEST_STEP][PASSED] - if (m == ""): null

28-03-2025T12:05:54 - [TEST_STEP][PASSED] - dashboardName = "Выполнение бизнес-плана": null

28-03-2025T12:05:54 - [TEST_STEP][PASSED] - workbook01 = getWorkbook(excelFilePath): null

28-03-2025T12:05:54 - [TEST_STEP][PASSED] - sheet01 = getExcelSheet(workbook01, sheetName): null

28-03-2025T12:05:54 - [TEST_STEP][PASSED] - setValueToCellByIndex(sheet01, n, 0, dashboardName): null

28-03-2025T12:05:54 - [TEST_STEP][PASSED] - setValueToCellByIndex(sheet01, n, 1, dZO): null

28-03-2025T12:05:54 - [TEST_STEP][PASSED] - setValueToCellByIndex(sheet01, n, 2, typeOfData): null

28-03-2025T12:05:54 - [TEST_STEP][PASSED] - if (typeOfData == "Факт в процентах" || typeOfData == "План в процентах"): null

28-03-2025T12:05:54 - [TEST_STEP][PASSED] - else: null

28-03-2025T12:05:54 - [TEST_STEP][PASSED] - setValueToCellByIndex(sheet01, n, 3, fileInt): null

28-03-2025T12:05:54 - [TEST_STEP][PASSED] - setValueToCellByIndex(sheet01, n, 4, pageInt): null

28-03-2025T12:05:54 - [TEST_STEP][PASSED] - setValueToCellByIndex(sheet01, n, 5, m): null

28-03-2025T12:05:54 - [TEST_STEP][PASSED] - setValueToCellByIndex(sheet01, n, 6, y): null

28-03-2025T12:05:54 - [TEST_STEP][PASSED] - setValueToCellByIndex(sheet01, n, 7, todaysDate): null

28-03-2025T12:05:54 - [TEST_STEP][PASSED] - n = n + 1: null

28-03-2025T12:05:54 - [TEST_STEP][FAILED] - saveWorkbook(excelFilePath, workbook01): null

28-03-2025T12:05:54 - [TEST_STEP][PASSED] - if (planFact == 2): null

28-03-2025T12:05:54 - [TEST_STEP][PASSED] - if (planFact == 1): null

28-03-2025T12:05:54 - [TEST_STEP][PASSED] - else if (planFact == 2): null

28-03-2025T12:05:54 - [TEST_STEP][PASSED] - click(findTestObject("Выполнение бизнес-плана/Кнопка План")): Object: 'Object Repository/Выполнение бизнес-плана/Кнопка План' is clicked on

28-03-2025T12:05:55 - [MESSAGE][PASSED] - Object: 'Object Repository/Выполнение бизнес-плана/Кнопка План' is clicked on

28-03-2025T12:05:55 - [TEST_STEP][PASSED] - typeOfDataMain = "План": null

28-03-2025T12:05:55 - [TEST_STEP][PASSED] - otpusk = findTestData("PlanFact").getValue(2, a): null

28-03-2025T12:05:55 - [TEST_STEP][PASSED] - poteri = findTestData("PlanFact").getValue(3, a): null

28-03-2025T12:05:55 - [TEST_STEP][PASSED] - otpusk = otpusk.replaceAll("\s+", ""): null

28-03-2025T12:05:55 - [TEST_STEP][PASSED] - poteri = poteri.replaceAll("\s+", ""): null

28-03-2025T12:05:55 - [TEST_STEP][PASSED] - typeOfData = typeOfDataMain + " Отпуск в сеть": null

28-03-2025T12:05:55 - [TEST_STEP][PASSED] - if (a == 82): null

28-03-2025T12:05:55 - [TEST_STEP][PASSED] - else if (a == 84): null

28-03-2025T12:05:55 - [TEST_STEP][PASSED] - else if (a == 83 || a == 52 || a == 72 || a == 28 || a == 73 || a == 77 || a == 74 || a == 65 || a == 36 || a == 44 || a == 53 || a == 80 || a == 54 || a == 1 || a == 18 || a == 59 || a == 81): null

28-03-2025T12:05:55 - [TEST_STEP][PASSED] - path = dataFolder + "Table Data/" + typeOfData + " за отчётный период " + dzoNum: null

28-03-2025T12:05:55 - [TEST_STEP][PASSED] - println(path): null

28-03-2025T12:05:55 - [TEST_STEP][PASSED] - page = getText(findTestObject(path)): Text of object 'Object Repository/Выполнение бизнес-плана/Значения со страницы Выполнение бизнес-плана/Table Data/План Отпуск в сеть за отчётный период 1' is: '58 806 842'

28-03-2025T12:05:55 - [MESSAGE][PASSED] - Text of object 'Object Repository/Выполнение бизнес-плана/Значения со страницы Выполнение бизнес-плана/Table Data/План Отпуск в сеть за отчётный период 1' is: '58 806 842'

28-03-2025T12:05:55 - [TEST_STEP][PASSED] - if (page == "" || page == null): null

28-03-2025T12:05:55 - [TEST_STEP][PASSED] - else: null

28-03-2025T12:05:55 - [TEST_STEP][PASSED] - page = page.replaceAll("\s+", ""): null

28-03-2025T12:05:55 - [TEST_STEP][PASSED] - if (page == "undefined"): null

28-03-2025T12:05:55 - [TEST_STEP][PASSED] - fileOtpuskVSet = otpusk.toInteger(): null

28-03-2025T12:05:55 - [TEST_STEP][PASSED] - pageOtpuskVSet = page.toInteger(): null

28-03-2025T12:05:55 - [TEST_STEP][PASSED] - typeOfData = typeOfDataMain + " Потери": null

28-03-2025T12:05:55 - [TEST_STEP][PASSED] - if (a == 82): null

28-03-2025T12:05:55 - [TEST_STEP][PASSED] - else if (a == 84): null

28-03-2025T12:05:55 - [TEST_STEP][PASSED] - else if (a == 83 || a == 52 || a == 72 || a == 28 || a == 73 || a == 77 || a == 74 || a == 65 || a == 44 || a == 53 || a == 80 || a == 54 || a == 1 || a == 18 || a == 59 || a == 81): null

28-03-2025T12:05:55 - [TEST_STEP][PASSED] - path = dataFolder + "Table Data/" + typeOfData + " за отчётный период " + dzoNum: null

28-03-2025T12:05:55 - [TEST_STEP][FAILED] - page = getText(findTestObject(path)): Unable to get text of object 'Object Repository/Выполнение бизнес-плана/Значения со страницы Выполнение бизнес-плана/Table Data/План Потери за отчётный период 1' (Root cause: com.kms.katalon.core.exception.StepFailedException: Unable to get text of object 'Object Repository/Выполнение бизнес-плана/Значения со страницы Выполнение бизнес-плана/Table Data/План Потери за отчётный период 1'
	at com.kms.katalon.core.webui.keyword.internal.WebUIKeywordMain.stepFailed(WebUIKeywordMain.groovy:64)
	at com.kms.katalon.core.webui.keyword.internal.WebUIKeywordMain.runKeyword(WebUIKeywordMain.groovy:26)
	at com.kms.katalon.core.webui.keyword.builtin.GetTextKeyword.getText(GetTextKeyword.groovy:88)
	at com.kms.katalon.core.webui.keyword.builtin.GetTextKeyword.execute(GetTextKeyword.groovy:67)
	at com.kms.katalon.core.keyword.internal.KeywordExecutor.executeKeywordForPlatform(KeywordExecutor.groovy:74)
	at com.kms.katalon.core.webui.keyword.WebUiBuiltInKeywords.getText(WebUiBuiltInKeywords.groovy:957)
	at Выполнение бизнес-плана Сверка ПАО Россети все филиалы.Numbers(Выполнение бизнес-плана Сверка ПАО Россети все филиалы:594)
	at Выполнение бизнес-плана Сверка ПАО Россети все филиалы.run(Выполнение бизнес-плана Сверка ПАО Россети все филиалы:183)
	at com.kms.katalon.core.main.ScriptEngine.run(ScriptEngine.java:194)
	at com.kms.katalon.core.main.ScriptEngine.runScriptAsRawText(ScriptEngine.java:119)
	at com.kms.katalon.core.main.TestCaseExecutor.runScript(TestCaseExecutor.java:448)
	at com.kms.katalon.core.main.TestCaseExecutor.doExecute(TestCaseExecutor.java:439)
	at com.kms.katalon.core.main.TestCaseExecutor.processExecutionPhase(TestCaseExecutor.java:418)
	at com.kms.katalon.core.main.TestCaseExecutor.accessMainPhase(TestCaseExecutor.java:410)
	at com.kms.katalon.core.main.TestCaseExecutor.execute(TestCaseExecutor.java:285)
	at com.kms.katalon.core.common.CommonExecutor.accessTestCaseMainPhase(CommonExecutor.java:65)
	at com.kms.katalon.core.main.TestSuiteExecutor.accessTestSuiteMainPhase(TestSuiteExecutor.java:150)
	at com.kms.katalon.core.main.TestSuiteExecutor.execute(TestSuiteExecutor.java:106)
	at com.kms.katalon.core.main.TestCaseMain.startTestSuite(TestCaseMain.java:180)
	at TempTestSuite1743137207280.run(TempTestSuite1743137207280.groovy:35)
	at java.base/jdk.internal.reflect.NativeMethodAccessorImpl.invoke0(Native Method)
	at java.base/jdk.internal.reflect.NativeMethodAccessorImpl.invoke(NativeMethodAccessorImpl.java:77)
	at java.base/jdk.internal.reflect.DelegatingMethodAccessorImpl.invoke(DelegatingMethodAccessorImpl.java:43)
Caused by: com.kms.katalon.core.webui.exception.WebElementNotFoundException: Web element with id: 'Object Repository/Выполнение бизнес-плана/Значения со страницы Выполнение бизнес-плана/Table Data/План Потери за отчётный период 1' located by '(.//*[normalize-space(text()) and normalize-space(.)='Показатели баланса электроэнергии по ДЗО – План'])[2]/following::td[35]' not found
	at com.kms.katalon.core.webui.common.WebUiCommonHelper.findWebElement(WebUiCommonHelper.java:1426)
	at com.kms.katalon.core.webui.keyword.internal.WebUIAbstractKeyword.findWebElement(WebUIAbstractKeyword.groovy:27)
	at com.kms.katalon.core.webui.keyword.internal.WebUIAbstractKeyword.findWebElement(WebUIAbstractKeyword.groovy:26)
	at com.kms.katalon.core.webui.keyword.builtin.GetTextKeyword$_getText_closure1.doCall(GetTextKeyword.groovy:78)
	at com.kms.katalon.core.webui.keyword.builtin.GetTextKeyword$_getText_closure1.call(GetTextKeyword.groovy)
	at com.kms.katalon.core.webui.keyword.internal.WebUIKeywordMain.runKeyword(WebUIKeywordMain.groovy:20)
	at com.kms.katalon.core.webui.keyword.builtin.GetTextKeyword.getText(GetTextKeyword.groovy:88)
	at com.kms.katalon.core.webui.keyword.builtin.GetTextKeyword.execute(GetTextKeyword.groovy:67)
	at com.kms.katalon.core.keyword.internal.KeywordExecutor.executeKeywordForPlatform(KeywordExecutor.groovy:74)
	at com.kms.katalon.core.webui.keyword.WebUiBuiltInKeywords.getText(WebUiBuiltInKeywords.groovy:957)
	at Script1718980020443.Numbers(Script1718980020443.groovy:594)
	at Script1718980020443.run(Script1718980020443.groovy:183)
	... 15 more
)

28-03-2025T12:06:26 - [MESSAGE][INFO] - Unable to find the element located by 'By.xpath: (.//*[normalize-space(text()) and normalize-space(.)='Показатели баланса электроэнергии по ДЗО – План'])[2]/following::td[35]'. Please recheck the objects properties to make sure the desired element is located. 

28-03-2025T12:06:26 - [MESSAGE][FAILED] - Unable to get text of object 'Object Repository/Выполнение бизнес-плана/Значения со страницы Выполнение бизнес-плана/Table Data/План Потери за отчётный период 1' (Root cause: com.kms.katalon.core.exception.StepFailedException: Unable to get text of object 'Object Repository/Выполнение бизнес-плана/Значения со страницы Выполнение бизнес-плана/Table Data/План Потери за отчётный период 1'
	at com.kms.katalon.core.webui.keyword.internal.WebUIKeywordMain.stepFailed(WebUIKeywordMain.groovy:64)
	at com.kms.katalon.core.webui.keyword.internal.WebUIKeywordMain.runKeyword(WebUIKeywordMain.groovy:26)
	at com.kms.katalon.core.webui.keyword.builtin.GetTextKeyword.getText(GetTextKeyword.groovy:88)
	at com.kms.katalon.core.webui.keyword.builtin.GetTextKeyword.execute(GetTextKeyword.groovy:67)
	at com.kms.katalon.core.keyword.internal.KeywordExecutor.executeKeywordForPlatform(KeywordExecutor.groovy:74)
	at com.kms.katalon.core.webui.keyword.WebUiBuiltInKeywords.getText(WebUiBuiltInKeywords.groovy:957)
	at Выполнение бизнес-плана Сверка ПАО Россети все филиалы.Numbers(Выполнение бизнес-плана Сверка ПАО Россети все филиалы:594)
	at Выполнение бизнес-плана Сверка ПАО Россети все филиалы.run(Выполнение бизнес-плана Сверка ПАО Россети все филиалы:183)
	at com.kms.katalon.core.main.ScriptEngine.run(ScriptEngine.java:194)
	at com.kms.katalon.core.main.ScriptEngine.runScriptAsRawText(ScriptEngine.java:119)
	at com.kms.katalon.core.main.TestCaseExecutor.runScript(TestCaseExecutor.java:448)
	at com.kms.katalon.core.main.TestCaseExecutor.doExecute(TestCaseExecutor.java:439)
	at com.kms.katalon.core.main.TestCaseExecutor.processExecutionPhase(TestCaseExecutor.java:418)
	at com.kms.katalon.core.main.TestCaseExecutor.accessMainPhase(TestCaseExecutor.java:410)
	at com.kms.katalon.core.main.TestCaseExecutor.execute(TestCaseExecutor.java:285)
	at com.kms.katalon.core.common.CommonExecutor.accessTestCaseMainPhase(CommonExecutor.java:65)
	at com.kms.katalon.core.main.TestSuiteExecutor.accessTestSuiteMainPhase(TestSuiteExecutor.java:150)
	at com.kms.katalon.core.main.TestSuiteExecutor.execute(TestSuiteExecutor.java:106)
	at com.kms.katalon.core.main.TestCaseMain.startTestSuite(TestCaseMain.java:180)
	at TempTestSuite1743137207280.run(TempTestSuite1743137207280.groovy:35)
	at java.base/jdk.internal.reflect.NativeMethodAccessorImpl.invoke0(Native Method)
	at java.base/jdk.internal.reflect.NativeMethodAccessorImpl.invoke(NativeMethodAccessorImpl.java:77)
	at java.base/jdk.internal.reflect.DelegatingMethodAccessorImpl.invoke(DelegatingMethodAccessorImpl.java:43)
Caused by: com.kms.katalon.core.webui.exception.WebElementNotFoundException: Web element with id: 'Object Repository/Выполнение бизнес-плана/Значения со страницы Выполнение бизнес-плана/Table Data/План Потери за отчётный период 1' located by '(.//*[normalize-space(text()) and normalize-space(.)='Показатели баланса электроэнергии по ДЗО – План'])[2]/following::td[35]' not found
	at com.kms.katalon.core.webui.common.WebUiCommonHelper.findWebElement(WebUiCommonHelper.java:1426)
	at com.kms.katalon.core.webui.keyword.internal.WebUIAbstractKeyword.findWebElement(WebUIAbstractKeyword.groovy:27)
	at com.kms.katalon.core.webui.keyword.internal.WebUIAbstractKeyword.findWebElement(WebUIAbstractKeyword.groovy:26)
	at com.kms.katalon.core.webui.keyword.builtin.GetTextKeyword$_getText_closure1.doCall(GetTextKeyword.groovy:78)
	at com.kms.katalon.core.webui.keyword.builtin.GetTextKeyword$_getText_closure1.call(GetTextKeyword.groovy)
	at com.kms.katalon.core.webui.keyword.internal.WebUIKeywordMain.runKeyword(WebUIKeywordMain.groovy:20)
	at com.kms.katalon.core.webui.keyword.builtin.GetTextKeyword.getText(GetTextKeyword.groovy:88)
	at com.kms.katalon.core.webui.keyword.builtin.GetTextKeyword.execute(GetTextKeyword.groovy:67)
	at com.kms.katalon.core.keyword.internal.KeywordExecutor.executeKeywordForPlatform(KeywordExecutor.groovy:74)
	at com.kms.katalon.core.webui.keyword.WebUiBuiltInKeywords.getText(WebUiBuiltInKeywords.groovy:957)
	at Script1718980020443.Numbers(Script1718980020443.groovy:594)
	at Script1718980020443.run(Script1718980020443.groovy:183)
	... 15 more
)
[[ATTACHMENT|C:\\Users\\LIAZGINA-DI\\git\\SPORU\\Reports\\20250328_074647\\\u041F\u043D-\u0421\u0440-\u041F\u0442\\\u0421\u0432\u0435\u0440\u043A\u0430 \u0434\u0430\u0448\u0431\u043E\u0440\u0434\u043E\u0432 \u0438\u0437 \u0440\u0430\u0437\u043D\u044B\u0445 \u0431\u043B\u043E\u043A\u043E\u0432\\20250328_074647\\1743152786848.png]]

28-03-2025T12:06:26 - [TEST_STEP][PASSED] - if (page == "" || page == null): null

28-03-2025T12:06:26 - [TEST_STEP][PASSED] - fileInt = poteri.toInteger(): null

28-03-2025T12:06:26 - [TEST_STEP][PASSED] - Script1718980020443.WriteToExcelNoData(a, typeOfData, todaysDate, fileInt, fileDouble, dZO): null

28-03-2025T12:06:26 - [TEST_STEP][PASSED] - sheetName = "Sheet1": null

28-03-2025T12:06:26 - [TEST_STEP][PASSED] - data = findTestData("PlanFact"): null

28-03-2025T12:06:26 - [TEST_STEP][PASSED] - n = data.getRowNumbers() + 1: null

28-03-2025T12:06:26 - [TEST_STEP][PASSED] - day = ")).toInteger(): null

28-03-2025T12:06:26 - [TEST_STEP][PASSED] - println(day): null

28-03-2025T12:06:26 - [TEST_STEP][PASSED] - month = ")).toInteger(): null

28-03-2025T12:06:26 - [TEST_STEP][PASSED] - println(month): null

28-03-2025T12:06:26 - [TEST_STEP][PASSED] - y = <not implemented yet for class: org.codehaus.groovy.ast.expr.EmptyExpression>: null

28-03-2025T12:06:26 - [TEST_STEP][PASSED] - iy = <not implemented yet for class: org.codehaus.groovy.ast.expr.EmptyExpression>: null

28-03-2025T12:06:26 - [TEST_STEP][PASSED] - m = getText(findTestObject("Выполнение бизнес-плана/Период")): Text of object 'Object Repository/Выполнение бизнес-плана/Период' is: 'Январь 2025 года'

28-03-2025T12:06:27 - [MESSAGE][PASSED] - Text of object 'Object Repository/Выполнение бизнес-плана/Период' is: 'Январь 2025 года'

28-03-2025T12:06:27 - [TEST_STEP][PASSED] - iy = m.indexOf("20"): null

28-03-2025T12:06:27 - [TEST_STEP][PASSED] - if (iy > -1): null

28-03-2025T12:06:27 - [TEST_STEP][PASSED] - y = substring(iy, iy + 4).toInteger(): null

28-03-2025T12:06:27 - [TEST_STEP][PASSED] - println(y): null

28-03-2025T12:06:27 - [TEST_STEP][PASSED] - if (toString().length() == 4): null

28-03-2025T12:06:27 - [TEST_STEP][PASSED] - m = m.substring(0, m.indexOf(y.toString())): null

28-03-2025T12:06:27 - [TEST_STEP][PASSED] - m = m.trim(): null

28-03-2025T12:06:27 - [TEST_STEP][PASSED] - if (m == ""): null

28-03-2025T12:06:27 - [TEST_STEP][PASSED] - dashboardName = "Выполнение бизнес-плана": null

28-03-2025T12:06:27 - [TEST_STEP][PASSED] - workbook01 = getWorkbook(excelFilePath): null

28-03-2025T12:06:27 - [TEST_STEP][PASSED] - sheet01 = getExcelSheet(workbook01, sheetName): null

28-03-2025T12:06:27 - [TEST_STEP][PASSED] - setValueToCellByIndex(sheet01, n, 0, dashboardName): null

28-03-2025T12:06:27 - [TEST_STEP][PASSED] - setValueToCellByIndex(sheet01, n, 1, dZO): null

28-03-2025T12:06:27 - [TEST_STEP][PASSED] - setValueToCellByIndex(sheet01, n, 2, typeOfData): null

28-03-2025T12:06:27 - [TEST_STEP][PASSED] - if (typeOfData == "Факт в процентах" || typeOfData == "План в процентах"): null

28-03-2025T12:06:27 - [TEST_STEP][PASSED] - else: null

28-03-2025T12:06:27 - [TEST_STEP][PASSED] - setValueToCellByIndex(sheet01, n, 3, fileInt): null

28-03-2025T12:06:27 - [TEST_STEP][PASSED] - setValueToCellByIndex(sheet01, n, 4, "нет данных"): null

28-03-2025T12:06:27 - [TEST_STEP][PASSED] - setValueToCellByIndex(sheet01, n, 5, m): null

28-03-2025T12:06:27 - [TEST_STEP][PASSED] - setValueToCellByIndex(sheet01, n, 6, y): null

28-03-2025T12:06:27 - [TEST_STEP][PASSED] - setValueToCellByIndex(sheet01, n, 7, todaysDate): null

28-03-2025T12:06:27 - [TEST_STEP][PASSED] - n = n + 1: null

28-03-2025T12:06:27 - [TEST_STEP][PASSED] - saveWorkbook(excelFilePath, workbook01): null

28-03-2025T12:06:27 - [TEST_STEP][PASSED] - compare = pageOtpuskVSet: null

28-03-2025T12:06:27 - [TEST_STEP][PASSED] - if (pageOtpuskVSet != null): null

28-03-2025T12:06:27 - [TEST_STEP][PASSED] - if (compare == fileOtpuskVSet): null

28-03-2025T12:06:27 - [TEST_STEP][PASSED] - if (compare == fileOtpuskVSet): null

28-03-2025T12:06:27 - [TEST_STEP][PASSED] - compare = pagePoteri: null

28-03-2025T12:06:27 - [TEST_STEP][PASSED] - if (pageOtpuskVSet != null): null

28-03-2025T12:06:27 - [TEST_STEP][PASSED] - if (compare == filePoteri): null

28-03-2025T12:06:27 - [TEST_STEP][PASSED] - else if (compare > filePoteri): null

28-03-2025T12:06:27 - [TEST_STEP][PASSED] - compare = compare - 1: null

28-03-2025T12:06:27 - [TEST_STEP][PASSED] - if (compare == filePoteri): null

28-03-2025T12:06:27 - [TEST_STEP][PASSED] - else: null

28-03-2025T12:06:27 - [TEST_STEP][PASSED] - numberOfErrors = numberOfErrors + 1: null

28-03-2025T12:06:27 - [TEST_STEP][PASSED] - pageInt = pagePoteri: null

28-03-2025T12:06:27 - [TEST_STEP][PASSED] - fileInt = filePoteri: null

28-03-2025T12:06:27 - [TEST_STEP][PASSED] - typeOfData = typeOfDataMain + " Потери": null

28-03-2025T12:06:27 - [TEST_STEP][PASSED] - Script1718980020443.WriteToExcel(a, typeOfData, todaysDate, pageInt, fileInt, pageDouble, fileDouble, dZO): null

28-03-2025T12:06:27 - [TEST_STEP][PASSED] - sheetName = "Sheet1": null

28-03-2025T12:06:27 - [TEST_STEP][PASSED] - data = findTestData("PlanFact"): null

28-03-2025T12:06:27 - [TEST_STEP][PASSED] - n = data.getRowNumbers() + 1: null

28-03-2025T12:06:27 - [TEST_STEP][PASSED] - day = ")).toInteger(): null

28-03-2025T12:06:27 - [TEST_STEP][PASSED] - println(day): null

28-03-2025T12:06:27 - [TEST_STEP][PASSED] - month = ")).toInteger(): null

28-03-2025T12:06:27 - [TEST_STEP][PASSED] - println(month): null

28-03-2025T12:06:27 - [TEST_STEP][PASSED] - y = <not implemented yet for class: org.codehaus.groovy.ast.expr.EmptyExpression>: null

28-03-2025T12:06:27 - [TEST_STEP][PASSED] - iy = <not implemented yet for class: org.codehaus.groovy.ast.expr.EmptyExpression>: null

28-03-2025T12:06:27 - [TEST_STEP][PASSED] - m = getText(findTestObject("Выполнение бизнес-плана/Период")): Text of object 'Object Repository/Выполнение бизнес-плана/Период' is: 'Январь 2025 года'

28-03-2025T12:06:27 - [MESSAGE][PASSED] - Text of object 'Object Repository/Выполнение бизнес-плана/Период' is: 'Январь 2025 года'

28-03-2025T12:06:27 - [TEST_STEP][PASSED] - iy = m.indexOf("20"): null

28-03-2025T12:06:27 - [TEST_STEP][PASSED] - if (iy > -1): null

28-03-2025T12:06:27 - [TEST_STEP][PASSED] - y = substring(iy, iy + 4).toInteger(): null

28-03-2025T12:06:27 - [TEST_STEP][PASSED] - println(y): null

28-03-2025T12:06:27 - [TEST_STEP][PASSED] - if (toString().length() == 4): null

28-03-2025T12:06:27 - [TEST_STEP][PASSED] - m = m.substring(0, m.indexOf(y.toString())): null

28-03-2025T12:06:27 - [TEST_STEP][PASSED] - m = m.trim(): null

28-03-2025T12:06:27 - [TEST_STEP][PASSED] - if (m == ""): null

28-03-2025T12:06:27 - [TEST_STEP][PASSED] - dashboardName = "Выполнение бизнес-плана": null

28-03-2025T12:06:27 - [TEST_STEP][PASSED] - workbook01 = getWorkbook(excelFilePath): null

28-03-2025T12:06:28 - [TEST_STEP][PASSED] - sheet01 = getExcelSheet(workbook01, sheetName): null

28-03-2025T12:06:28 - [TEST_STEP][PASSED] - setValueToCellByIndex(sheet01, n, 0, dashboardName): null

28-03-2025T12:06:28 - [TEST_STEP][PASSED] - setValueToCellByIndex(sheet01, n, 1, dZO): null

28-03-2025T12:06:28 - [TEST_STEP][PASSED] - setValueToCellByIndex(sheet01, n, 2, typeOfData): null

28-03-2025T12:06:28 - [TEST_STEP][PASSED] - if (typeOfData == "Факт в процентах" || typeOfData == "План в процентах"): null

28-03-2025T12:06:28 - [TEST_STEP][PASSED] - else: null

28-03-2025T12:06:28 - [TEST_STEP][PASSED] - setValueToCellByIndex(sheet01, n, 3, fileInt): null

28-03-2025T12:06:28 - [TEST_STEP][PASSED] - setValueToCellByIndex(sheet01, n, 4, pageInt): null

28-03-2025T12:06:28 - [TEST_STEP][PASSED] - setValueToCellByIndex(sheet01, n, 5, m): null

28-03-2025T12:06:28 - [TEST_STEP][PASSED] - setValueToCellByIndex(sheet01, n, 6, y): null

28-03-2025T12:06:28 - [TEST_STEP][PASSED] - setValueToCellByIndex(sheet01, n, 7, todaysDate): null

28-03-2025T12:06:28 - [TEST_STEP][PASSED] - n = n + 1: null

28-03-2025T12:06:28 - [TEST_STEP][PASSED] - saveWorkbook(excelFilePath, workbook01): Object: 'Object Repository/Выполнение бизнес-плана/Кнопка Факт' is clicked on

28-03-2025T12:06:28 - [TEST_STEP][PASSED] - if (planFact == 2): Object: 'Object Repository/Выполнение бизнес-плана/Кнопка Факт' is clicked on

28-03-2025T12:06:28 - [TEST_STEP][PASSED] - click(findTestObject("Выполнение бизнес-плана/Кнопка Факт")): Object: 'Object Repository/Выполнение бизнес-плана/Кнопка Факт' is clicked on

28-03-2025T12:06:28 - [MESSAGE][PASSED] - Object: 'Object Repository/Выполнение бизнес-плана/Кнопка Факт' is clicked on

28-03-2025T12:06:28 - [TEST_STEP][PASSED] - println("a=" + a): null

28-03-2025T12:06:28 - [TEST_STEP][PASSED] - if (a == 84 || a == 82): null

28-03-2025T12:06:28 - [TEST_STEP][PASSED] - else if (a == 83 || a == 52 || a == 72 || a == 28 || a == 73 || a == 77 || a == 74 || a == 65 || a == 36 || a == 44 || a == 53 || a == 80 || a == 54 || a == 1 || a == 18 || a == 59 || a == 81): null

28-03-2025T12:06:28 - [TEST_STEP][PASSED] - page1 = getText(findTestObject("Object Repository/Выполнение бизнес-плана/spanPlan" + dzoNum)): Text of object 'Object Repository/Выполнение бизнес-плана/spanPlan1' is: '4.01
|'

28-03-2025T12:06:28 - [MESSAGE][PASSED] - Text of object 'Object Repository/Выполнение бизнес-плана/spanPlan1' is: '4.01
|'

28-03-2025T12:06:28 - [TEST_STEP][PASSED] - page1 = page1.replace("|", ""): null

28-03-2025T12:06:28 - [TEST_STEP][PASSED] - page2 = getText(findTestObject("Object Repository/Выполнение бизнес-плана/spanFact" + dzoNum)): Text of object 'Object Repository/Выполнение бизнес-плана/spanFact1' is: '4.00'

28-03-2025T12:06:29 - [MESSAGE][PASSED] - Text of object 'Object Repository/Выполнение бизнес-плана/spanFact1' is: '4.00'

28-03-2025T12:06:29 - [TEST_STEP][PASSED] - page2 = page2.replace("|", ""): null

28-03-2025T12:06:29 - [TEST_STEP][PASSED] - println("page1: " + page1): null

28-03-2025T12:06:29 - [TEST_STEP][PASSED] - println("page2: " + page2): null

28-03-2025T12:06:29 - [TEST_STEP][PASSED] - file = findTestData("PlanFact").getValue(4, a): null

28-03-2025T12:06:29 - [TEST_STEP][PASSED] - file = file.replace(",", "."): null

28-03-2025T12:06:29 - [TEST_STEP][PASSED] - println("file Plan: " + file): null

28-03-2025T12:06:29 - [TEST_STEP][PASSED] - typeOfData = "План в процентах": null

28-03-2025T12:06:29 - [TEST_STEP][PASSED] - fileDouble = file.toDouble(): null

28-03-2025T12:06:29 - [TEST_STEP][PASSED] - pageDouble = page1.toDouble(): null

28-03-2025T12:06:29 - [TEST_STEP][PASSED] - if (fileDouble != pageDouble): null

28-03-2025T12:06:29 - [TEST_STEP][PASSED] - file = findTestData("PlanFact").getValue(7, a): null

28-03-2025T12:06:29 - [TEST_STEP][PASSED] - file = file.replace(",", "."): null

28-03-2025T12:06:29 - [TEST_STEP][PASSED] - println("file Fact: " + file): null

28-03-2025T12:06:29 - [TEST_STEP][PASSED] - fileDouble = file.toDouble(): null

28-03-2025T12:06:29 - [TEST_STEP][PASSED] - typeOfData = "Факт в процентах": null

28-03-2025T12:06:29 - [TEST_STEP][PASSED] - fileDouble = file.toDouble(): null

28-03-2025T12:06:29 - [TEST_STEP][PASSED] - pageDouble = page2.toDouble(): null

28-03-2025T12:06:29 - [TEST_STEP][PASSED] - if (fileDouble != pageDouble): null

28-03-2025T12:06:29 - [TEST_STEP][FAILED] - if (verifyEqual(numberOfErrors, 0) == false): null

28-03-2025T12:06:29 - [MESSAGE][FAILED] - Unable to verify equal between actual object '2' and expected object '0' (Root cause: com.kms.katalon.core.exception.StepFailedException: Actual object '2' and expected object '0' are not equal
	at com.kms.katalon.core.keyword.builtin.VerifyEqualKeyword$_verifyEqual_closure1.doCall(VerifyEqualKeyword.groovy:58)
	at com.kms.katalon.core.keyword.builtin.VerifyEqualKeyword$_verifyEqual_closure1.call(VerifyEqualKeyword.groovy)
	at com.kms.katalon.core.keyword.internal.KeywordMain.runKeyword(KeywordMain.groovy:75)
	at com.kms.katalon.core.keyword.builtin.VerifyEqualKeyword.verifyEqual(VerifyEqualKeyword.groovy:63)
	at com.kms.katalon.core.keyword.builtin.VerifyEqualKeyword.execute(VerifyEqualKeyword.groovy:44)
	at com.kms.katalon.core.keyword.internal.KeywordExecutor.executeKeywordForPlatform(KeywordExecutor.groovy:74)
	at com.kms.katalon.core.keyword.BuiltinKeywords.verifyEqual(BuiltinKeywords.groovy:146)
	at jdk.internal.reflect.GeneratedMethodAccessor23.invoke(Unknown Source)
	at java.base/jdk.internal.reflect.DelegatingMethodAccessorImpl.invoke(DelegatingMethodAccessorImpl.java:43)
	at Выполнение бизнес-плана Сверка ПАО Россети все филиалы.Numbers(Выполнение бизнес-плана Сверка ПАО Россети все филиалы:744)
	at Выполнение бизнес-плана Сверка ПАО Россети все филиалы.run(Выполнение бизнес-плана Сверка ПАО Россети все филиалы:183)
	at com.kms.katalon.core.main.ScriptEngine.run(ScriptEngine.java:194)
	at com.kms.katalon.core.main.ScriptEngine.runScriptAsRawText(ScriptEngine.java:119)
	at com.kms.katalon.core.main.TestCaseExecutor.runScript(TestCaseExecutor.java:448)
	at com.kms.katalon.core.main.TestCaseExecutor.doExecute(TestCaseExecutor.java:439)
	at com.kms.katalon.core.main.TestCaseExecutor.processExecutionPhase(TestCaseExecutor.java:418)
	at com.kms.katalon.core.main.TestCaseExecutor.accessMainPhase(TestCaseExecutor.java:410)
	at com.kms.katalon.core.main.TestCaseExecutor.execute(TestCaseExecutor.java:285)
	at com.kms.katalon.core.common.CommonExecutor.accessTestCaseMainPhase(CommonExecutor.java:65)
	at com.kms.katalon.core.main.TestSuiteExecutor.accessTestSuiteMainPhase(TestSuiteExecutor.java:150)
	at com.kms.katalon.core.main.TestSuiteExecutor.execute(TestSuiteExecutor.java:106)
	at com.kms.katalon.core.main.TestCaseMain.startTestSuite(TestCaseMain.java:180)
	at TempTestSuite1743137207280.run(TempTestSuite1743137207280.groovy:35)
	at java.base/jdk.internal.reflect.NativeMethodAccessorImpl.invoke0(Native Method)
	at java.base/jdk.internal.reflect.NativeMethodAccessorImpl.invoke(NativeMethodAccessorImpl.java:77)
	at java.base/jdk.internal.reflect.DelegatingMethodAccessorImpl.invoke(DelegatingMethodAccessorImpl.java:43)
)

28-03-2025T12:06:29 - [TEST_STEP][PASSED] - println(numberOfErrors): null

28-03-2025T12:06:29 - [TEST_STEP][PASSED] - println("a=" + a): null

28-03-2025T12:06:29 - [TEST_STEP][PASSED] - if (a == 28 || a == 77 || a == 74 || a == 65 || a == 36 || a == 44 || a == 54 || a == 1 || a == 18 || a == 59): null

28-03-2025T12:06:29 - [TEST_STEP][PASSED] - if (a == 82): null

28-03-2025T12:06:29 - [TEST_STEP][PASSED] - println(dzoNum): null

28-03-2025T12:06:29 - [TEST_STEP][PASSED] - dZO = "РаспредКомплекс": null

28-03-2025T12:06:29 - [TEST_STEP][PASSED] - a = 82: null

28-03-2025T12:06:29 - [TEST_STEP][PASSED] - Script1718980020443.Numbers(a, typeOfData, todaysDate, pageInt, fileInt, pageDouble, fileDouble, dZO, dzoNum, filialNum): null

28-03-2025T12:06:29 - [TEST_STEP][PASSED] - println(dzoNum): null

28-03-2025T12:06:29 - [TEST_STEP][PASSED] - planFact = <not implemented yet for class: org.codehaus.groovy.ast.expr.EmptyExpression>: null

28-03-2025T12:06:29 - [TEST_STEP][PASSED] - page = <not implemented yet for class: org.codehaus.groovy.ast.expr.EmptyExpression>: null

28-03-2025T12:06:29 - [TEST_STEP][PASSED] - page1 = <not implemented yet for class: org.codehaus.groovy.ast.expr.EmptyExpression>: null

28-03-2025T12:06:29 - [TEST_STEP][PASSED] - page2 = <not implemented yet for class: org.codehaus.groovy.ast.expr.EmptyExpression>: null

28-03-2025T12:06:29 - [TEST_STEP][PASSED] - filialNumberInRow = <not implemented yet for class: org.codehaus.groovy.ast.expr.EmptyExpression>: null

28-03-2025T12:06:29 - [TEST_STEP][PASSED] - filialsDzoNames = <not implemented yet for class: org.codehaus.groovy.ast.expr.EmptyExpression>: null

28-03-2025T12:06:29 - [TEST_STEP][PASSED] - numberOfFilials = <not implemented yet for class: org.codehaus.groovy.ast.expr.EmptyExpression>: null

28-03-2025T12:06:29 - [TEST_STEP][PASSED] - numberOfSpaces = <not implemented yet for class: org.codehaus.groovy.ast.expr.EmptyExpression>: null

28-03-2025T12:06:29 - [TEST_STEP][PASSED] - file = <not implemented yet for class: org.codehaus.groovy.ast.expr.EmptyExpression>: null

28-03-2025T12:06:29 - [TEST_STEP][PASSED] - otpusk = <not implemented yet for class: org.codehaus.groovy.ast.expr.EmptyExpression>: null

28-03-2025T12:06:29 - [TEST_STEP][PASSED] - poteri = <not implemented yet for class: org.codehaus.groovy.ast.expr.EmptyExpression>: null

28-03-2025T12:06:29 - [TEST_STEP][PASSED] - dataFolder = "Выполнение бизнес-плана/Значения со страницы Выполнение бизнес-плана/": null

28-03-2025T12:06:29 - [TEST_STEP][PASSED] - path = <not implemented yet for class: org.codehaus.groovy.ast.expr.EmptyExpression>: null

28-03-2025T12:06:29 - [TEST_STEP][PASSED] - typeOfDataMain = <not implemented yet for class: org.codehaus.groovy.ast.expr.EmptyExpression>: null

28-03-2025T12:06:29 - [TEST_STEP][PASSED] - fileOtpuskVSet = <not implemented yet for class: org.codehaus.groovy.ast.expr.EmptyExpression>: null

28-03-2025T12:06:29 - [TEST_STEP][PASSED] - pageOtpuskVSet = <not implemented yet for class: org.codehaus.groovy.ast.expr.EmptyExpression>: null

28-03-2025T12:06:29 - [TEST_STEP][PASSED] - filePoteri = <not implemented yet for class: org.codehaus.groovy.ast.expr.EmptyExpression>: null

28-03-2025T12:06:29 - [TEST_STEP][PASSED] - pagePoteri = <not implemented yet for class: org.codehaus.groovy.ast.expr.EmptyExpression>: null

28-03-2025T12:06:29 - [TEST_STEP][PASSED] - compare = <not implemented yet for class: org.codehaus.groovy.ast.expr.EmptyExpression>: null

28-03-2025T12:06:29 - [TEST_STEP][PASSED] - b = <not implemented yet for class: org.codehaus.groovy.ast.expr.EmptyExpression>: null

28-03-2025T12:06:29 - [TEST_STEP][PASSED] - i = <not implemented yet for class: org.codehaus.groovy.ast.expr.EmptyExpression>: null

28-03-2025T12:06:29 - [TEST_STEP][PASSED] - ii = <not implemented yet for class: org.codehaus.groovy.ast.expr.EmptyExpression>: null

28-03-2025T12:06:29 - [TEST_STEP][PASSED] - c = <not implemented yet for class: org.codehaus.groovy.ast.expr.EmptyExpression>: null

28-03-2025T12:06:29 - [TEST_STEP][PASSED] - numberOfErrors = 0: null

28-03-2025T12:06:29 - [TEST_STEP][PASSED] - if (a == 82): null

28-03-2025T12:06:29 - [TEST_STEP][PASSED] - Script1718980020443.OpenFilter(): null

28-03-2025T12:06:29 - [TEST_STEP][PASSED] - click(findTestObject("Object Repository/Выполнение бизнес-плана/Фильтр ДЗО")): Object: 'Object Repository/Выполнение бизнес-плана/Фильтр ДЗО' is clicked on

28-03-2025T12:06:29 - [MESSAGE][PASSED] - Object: 'Object Repository/Выполнение бизнес-плана/Фильтр ДЗО' is clicked on

28-03-2025T12:06:29 - [TEST_STEP][PASSED] - click(findTestObject("Выполнение бизнес-плана/Снять выделение в фильтре ДЗО")): null

28-03-2025T12:06:30 - [MESSAGE][PASSED] - Object: 'Object Repository/Выполнение бизнес-плана/Снять выделение в фильтре ДЗО' is clicked on

28-03-2025T12:06:30 - [TEST_STEP][PASSED] - click(findTestObject("Выполнение бизнес-плана/Раскрыть список ПАО Россети в фильтре ДЗО")): Object: 'Object Repository/Выполнение бизнес-плана/Раскрыть список ПАО Россети в фильтре ДЗО' is clicked on

28-03-2025T12:06:30 - [MESSAGE][PASSED] - Object: 'Object Repository/Выполнение бизнес-плана/Раскрыть список ПАО Россети в фильтре ДЗО' is clicked on

28-03-2025T12:06:30 - [TEST_STEP][PASSED] - click(findTestObject("Выполнение бизнес-плана/РаспредКомплекс")): Object: 'Object Repository/Выполнение бизнес-плана/РаспредКомплекс' is clicked on

28-03-2025T12:06:30 - [MESSAGE][PASSED] - Object: 'Object Repository/Выполнение бизнес-плана/РаспредКомплекс' is clicked on

28-03-2025T12:06:30 - [TEST_STEP][PASSED] - Script1718980020443.CloseFilter(): null

28-03-2025T12:06:30 - [TEST_STEP][PASSED] - scrollToElement(findTestObject("Выполнение бизнес-плана/Заголовок дашборда"), 30): Scroll to object 'Object Repository/Выполнение бизнес-плана/Заголовок дашборда' successfully

28-03-2025T12:06:31 - [MESSAGE][PASSED] - Scroll to object 'Object Repository/Выполнение бизнес-плана/Заголовок дашборда' successfully

28-03-2025T12:06:31 - [TEST_STEP][PASSED] - click(findTestObject("Object Repository/Выполнение бизнес-плана/Применить в фильтре ДЗО")): null

28-03-2025T12:06:32 - [MESSAGE][PASSED] - Object: 'Object Repository/Выполнение бизнес-плана/Применить в фильтре ДЗО' is clicked on

28-03-2025T12:06:32 - [TEST_STEP][PASSED] - delay(5): Delayed 5 second(s)

28-03-2025T12:06:37 - [MESSAGE][PASSED] - Delayed 5 second(s)

28-03-2025T12:06:37 - [TEST_STEP][PASSED] - b = findTestData("PlanFact").getValue(1, a): null

28-03-2025T12:06:37 - [TEST_STEP][PASSED] - i = b.indexOf(" (ГК)"): null

28-03-2025T12:06:37 - [TEST_STEP][PASSED] - if (i > -1): null

28-03-2025T12:06:37 - [TEST_STEP][PASSED] - i = b.indexOf("О ""): null

28-03-2025T12:06:37 - [TEST_STEP][PASSED] - if (i > -1): null

28-03-2025T12:06:37 - [TEST_STEP][PASSED] - i = b.indexOf("О «"): null

28-03-2025T12:06:37 - [TEST_STEP][PASSED] - if (i > -1): null

28-03-2025T12:06:37 - [TEST_STEP][PASSED] - i = b.indexOf("г. "): null

28-03-2025T12:06:37 - [TEST_STEP][PASSED] - if (i > -1): null

28-03-2025T12:06:37 - [TEST_STEP][PASSED] - b = b.trim(): null

28-03-2025T12:06:37 - [TEST_STEP][PASSED] - println(b): null

28-03-2025T12:06:37 - [TEST_STEP][PASSED] - for ([planFact = 1, planFact < 3, (planFact++)]): null

28-03-2025T12:06:37 - [TEST_STEP][PASSED] - if (planFact == 1): null

28-03-2025T12:06:37 - [TEST_STEP][PASSED] - typeOfDataMain = "Факт": null

28-03-2025T12:06:37 - [TEST_STEP][PASSED] - otpusk = findTestData("PlanFact").getValue(5, a): null

28-03-2025T12:06:37 - [TEST_STEP][PASSED] - poteri = findTestData("PlanFact").getValue(6, a): null

28-03-2025T12:06:37 - [TEST_STEP][PASSED] - otpusk = otpusk.replaceAll("\s+", ""): null

28-03-2025T12:06:37 - [TEST_STEP][PASSED] - poteri = poteri.replaceAll("\s+", ""): null

28-03-2025T12:06:37 - [TEST_STEP][PASSED] - typeOfData = typeOfDataMain + " Отпуск в сеть": null

28-03-2025T12:06:37 - [TEST_STEP][PASSED] - if (a == 82): null

28-03-2025T12:06:37 - [TEST_STEP][PASSED] - path = dataFolder + typeOfData + " за отчётный период " + "РаспредКомплекс": null

28-03-2025T12:06:37 - [TEST_STEP][PASSED] - println(path): null

28-03-2025T12:06:37 - [TEST_STEP][PASSED] - page = getText(findTestObject(path)): Text of object 'Object Repository/Выполнение бизнес-плана/Значения со страницы Выполнение бизнес-плана/Факт Отпуск в сеть за отчётный период РаспредКомплекс' is: '43 621 813'

28-03-2025T12:06:42 - [MESSAGE][PASSED] - Text of object 'Object Repository/Выполнение бизнес-плана/Значения со страницы Выполнение бизнес-плана/Факт Отпуск в сеть за отчётный период РаспредКомплекс' is: '43 621 813'

28-03-2025T12:06:42 - [TEST_STEP][PASSED] - if (page == "" || page == null): null

28-03-2025T12:06:42 - [TEST_STEP][PASSED] - else: null

28-03-2025T12:06:42 - [TEST_STEP][PASSED] - page = page.replaceAll("\s+", ""): null

28-03-2025T12:06:42 - [TEST_STEP][PASSED] - if (page == "undefined"): null

28-03-2025T12:06:42 - [TEST_STEP][PASSED] - fileOtpuskVSet = otpusk.toInteger(): null

28-03-2025T12:06:42 - [TEST_STEP][PASSED] - pageOtpuskVSet = page.toInteger(): null

28-03-2025T12:06:42 - [TEST_STEP][PASSED] - typeOfData = typeOfDataMain + " Потери": null

28-03-2025T12:06:42 - [TEST_STEP][PASSED] - if (a == 82): null

28-03-2025T12:06:42 - [TEST_STEP][PASSED] - path = dataFolder + typeOfData + " за отчётный период " + "РаспредКомплекс": null

28-03-2025T12:06:42 - [TEST_STEP][PASSED] - page = getText(findTestObject(path)): Text of object 'Object Repository/Выполнение бизнес-плана/Значения со страницы Выполнение бизнес-плана/Факт Потери за отчётный период РаспредКомплекс' is: '3 408 712'

28-03-2025T12:06:42 - [MESSAGE][PASSED] - Text of object 'Object Repository/Выполнение бизнес-плана/Значения со страницы Выполнение бизнес-плана/Факт Потери за отчётный период РаспредКомплекс' is: '3 408 712'

28-03-2025T12:06:42 - [TEST_STEP][PASSED] - if (page == "" || page == null): null

28-03-2025T12:06:42 - [TEST_STEP][PASSED] - else: null

28-03-2025T12:06:42 - [TEST_STEP][PASSED] - page = page.replaceAll("\s+", ""): null

28-03-2025T12:06:42 - [TEST_STEP][PASSED] - if (page == "undefined"): null

28-03-2025T12:06:42 - [TEST_STEP][PASSED] - filePoteri = poteri.toInteger(): null

28-03-2025T12:06:42 - [TEST_STEP][PASSED] - pagePoteri = page.toInteger(): null

28-03-2025T12:06:42 - [TEST_STEP][PASSED] - compare = pageOtpuskVSet: null

28-03-2025T12:06:42 - [TEST_STEP][PASSED] - if (pageOtpuskVSet != null): null

28-03-2025T12:06:42 - [TEST_STEP][PASSED] - if (compare == fileOtpuskVSet): null

28-03-2025T12:06:42 - [TEST_STEP][PASSED] - else if (compare > fileOtpuskVSet): null

28-03-2025T12:06:42 - [TEST_STEP][PASSED] - else if (compare < fileOtpuskVSet): null

28-03-2025T12:06:42 - [TEST_STEP][PASSED] - compare = compare + 1: null

28-03-2025T12:06:42 - [TEST_STEP][PASSED] - if (compare == fileOtpuskVSet): null

28-03-2025T12:06:42 - [TEST_STEP][PASSED] - else: null

28-03-2025T12:06:42 - [TEST_STEP][PASSED] - numberOfErrors = numberOfErrors + 1: null

28-03-2025T12:06:42 - [TEST_STEP][PASSED] - pageInt = pageOtpuskVSet: null

28-03-2025T12:06:42 - [TEST_STEP][PASSED] - fileInt = fileOtpuskVSet: null

28-03-2025T12:06:42 - [TEST_STEP][PASSED] - typeOfData = typeOfDataMain + " Отпуск в сеть": null

28-03-2025T12:06:42 - [TEST_STEP][PASSED] - Script1718980020443.WriteToExcel(a, typeOfData, todaysDate, pageInt, fileInt, pageDouble, fileDouble, dZO): null

28-03-2025T12:06:42 - [TEST_STEP][PASSED] - sheetName = "Sheet1": null

28-03-2025T12:06:42 - [TEST_STEP][PASSED] - data = findTestData("PlanFact"): null

28-03-2025T12:06:43 - [TEST_STEP][PASSED] - n = data.getRowNumbers() + 1: null

28-03-2025T12:06:43 - [TEST_STEP][PASSED] - day = ")).toInteger(): null

28-03-2025T12:06:43 - [TEST_STEP][PASSED] - println(day): null

28-03-2025T12:06:43 - [TEST_STEP][PASSED] - month = ")).toInteger(): null

28-03-2025T12:06:43 - [TEST_STEP][PASSED] - println(month): null

28-03-2025T12:06:43 - [TEST_STEP][PASSED] - y = <not implemented yet for class: org.codehaus.groovy.ast.expr.EmptyExpression>: null

28-03-2025T12:06:43 - [TEST_STEP][PASSED] - iy = <not implemented yet for class: org.codehaus.groovy.ast.expr.EmptyExpression>: null

28-03-2025T12:06:43 - [TEST_STEP][PASSED] - m = getText(findTestObject("Выполнение бизнес-плана/Период")): Text of object 'Object Repository/Выполнение бизнес-плана/Период' is: 'Январь 2025 года'

28-03-2025T12:06:43 - [MESSAGE][PASSED] - Text of object 'Object Repository/Выполнение бизнес-плана/Период' is: 'Январь 2025 года'

28-03-2025T12:06:43 - [TEST_STEP][PASSED] - iy = m.indexOf("20"): null

28-03-2025T12:06:43 - [TEST_STEP][PASSED] - if (iy > -1): null

28-03-2025T12:06:43 - [TEST_STEP][PASSED] - y = substring(iy, iy + 4).toInteger(): null

28-03-2025T12:06:43 - [TEST_STEP][PASSED] - println(y): null

28-03-2025T12:06:43 - [TEST_STEP][PASSED] - if (toString().length() == 4): null

28-03-2025T12:06:43 - [TEST_STEP][PASSED] - m = m.substring(0, m.indexOf(y.toString())): null

28-03-2025T12:06:43 - [TEST_STEP][PASSED] - m = m.trim(): null

28-03-2025T12:06:43 - [TEST_STEP][PASSED] - if (m == ""): null

28-03-2025T12:06:43 - [TEST_STEP][PASSED] - dashboardName = "Выполнение бизнес-плана": null

28-03-2025T12:06:43 - [TEST_STEP][PASSED] - workbook01 = getWorkbook(excelFilePath): null

28-03-2025T12:06:43 - [TEST_STEP][PASSED] - sheet01 = getExcelSheet(workbook01, sheetName): null

28-03-2025T12:06:43 - [TEST_STEP][PASSED] - setValueToCellByIndex(sheet01, n, 0, dashboardName): null

28-03-2025T12:06:43 - [TEST_STEP][PASSED] - setValueToCellByIndex(sheet01, n, 1, dZO): null

28-03-2025T12:06:43 - [TEST_STEP][PASSED] - setValueToCellByIndex(sheet01, n, 2, typeOfData): null

28-03-2025T12:06:43 - [TEST_STEP][PASSED] - if (typeOfData == "Факт в процентах" || typeOfData == "План в процентах"): null

28-03-2025T12:06:43 - [TEST_STEP][PASSED] - else: null

28-03-2025T12:06:43 - [TEST_STEP][PASSED] - setValueToCellByIndex(sheet01, n, 3, fileInt): null

28-03-2025T12:06:43 - [TEST_STEP][PASSED] - setValueToCellByIndex(sheet01, n, 4, pageInt): null

28-03-2025T12:06:43 - [TEST_STEP][PASSED] - setValueToCellByIndex(sheet01, n, 5, m): null

28-03-2025T12:06:43 - [TEST_STEP][PASSED] - setValueToCellByIndex(sheet01, n, 6, y): null

28-03-2025T12:06:43 - [TEST_STEP][PASSED] - setValueToCellByIndex(sheet01, n, 7, todaysDate): null

28-03-2025T12:06:43 - [TEST_STEP][PASSED] - n = n + 1: null

28-03-2025T12:06:43 - [TEST_STEP][PASSED] - saveWorkbook(excelFilePath, workbook01): null

28-03-2025T12:06:43 - [TEST_STEP][PASSED] - compare = pagePoteri: null

28-03-2025T12:06:43 - [TEST_STEP][PASSED] - if (pageOtpuskVSet != null): null

28-03-2025T12:06:43 - [TEST_STEP][PASSED] - if (compare == filePoteri): null

28-03-2025T12:06:43 - [TEST_STEP][PASSED] - else if (compare > filePoteri): null

28-03-2025T12:06:43 - [TEST_STEP][PASSED] - else if (compare < filePoteri): null

28-03-2025T12:06:43 - [TEST_STEP][PASSED] - compare = compare + 1: null

28-03-2025T12:06:43 - [TEST_STEP][PASSED] - if (compare == filePoteri): null

28-03-2025T12:06:43 - [TEST_STEP][PASSED] - else: null

28-03-2025T12:06:43 - [TEST_STEP][PASSED] - numberOfErrors = numberOfErrors + 1: null

28-03-2025T12:06:43 - [TEST_STEP][PASSED] - pageInt = pagePoteri: null

28-03-2025T12:06:43 - [TEST_STEP][PASSED] - fileInt = filePoteri: null

28-03-2025T12:06:43 - [TEST_STEP][PASSED] - typeOfData = typeOfDataMain + " Потери": null

28-03-2025T12:06:43 - [TEST_STEP][PASSED] - Script1718980020443.WriteToExcel(a, typeOfData, todaysDate, pageInt, fileInt, pageDouble, fileDouble, dZO): null

28-03-2025T12:06:43 - [TEST_STEP][PASSED] - sheetName = "Sheet1": null

28-03-2025T12:06:43 - [TEST_STEP][PASSED] - data = findTestData("PlanFact"): null

28-03-2025T12:06:43 - [TEST_STEP][PASSED] - n = data.getRowNumbers() + 1: null

28-03-2025T12:06:43 - [TEST_STEP][PASSED] - day = ")).toInteger(): null

28-03-2025T12:06:43 - [TEST_STEP][PASSED] - println(day): null

28-03-2025T12:06:43 - [TEST_STEP][PASSED] - month = ")).toInteger(): null

28-03-2025T12:06:43 - [TEST_STEP][PASSED] - println(month): null

28-03-2025T12:06:43 - [TEST_STEP][PASSED] - y = <not implemented yet for class: org.codehaus.groovy.ast.expr.EmptyExpression>: null

28-03-2025T12:06:43 - [TEST_STEP][PASSED] - iy = <not implemented yet for class: org.codehaus.groovy.ast.expr.EmptyExpression>: null

28-03-2025T12:06:43 - [TEST_STEP][PASSED] - m = getText(findTestObject("Выполнение бизнес-плана/Период")): Text of object 'Object Repository/Выполнение бизнес-плана/Период' is: 'Январь 2025 года'

28-03-2025T12:06:44 - [MESSAGE][PASSED] - Text of object 'Object Repository/Выполнение бизнес-плана/Период' is: 'Январь 2025 года'

28-03-2025T12:06:44 - [TEST_STEP][PASSED] - iy = m.indexOf("20"): null

28-03-2025T12:06:44 - [TEST_STEP][PASSED] - if (iy > -1): null

28-03-2025T12:06:44 - [TEST_STEP][PASSED] - y = substring(iy, iy + 4).toInteger(): null

28-03-2025T12:06:44 - [TEST_STEP][PASSED] - println(y): null

28-03-2025T12:06:44 - [TEST_STEP][PASSED] - if (toString().length() == 4): null

28-03-2025T12:06:44 - [TEST_STEP][PASSED] - m = m.substring(0, m.indexOf(y.toString())): null

28-03-2025T12:06:44 - [TEST_STEP][PASSED] - m = m.trim(): null

28-03-2025T12:06:44 - [TEST_STEP][PASSED] - if (m == ""): null

28-03-2025T12:06:44 - [TEST_STEP][PASSED] - dashboardName = "Выполнение бизнес-плана": null

28-03-2025T12:06:44 - [TEST_STEP][PASSED] - workbook01 = getWorkbook(excelFilePath): null

28-03-2025T12:06:44 - [TEST_STEP][PASSED] - sheet01 = getExcelSheet(workbook01, sheetName): null

28-03-2025T12:06:44 - [TEST_STEP][PASSED] - setValueToCellByIndex(sheet01, n, 0, dashboardName): null

28-03-2025T12:06:44 - [TEST_STEP][PASSED] - setValueToCellByIndex(sheet01, n, 1, dZO): null

28-03-2025T12:06:44 - [TEST_STEP][PASSED] - setValueToCellByIndex(sheet01, n, 2, typeOfData): null

28-03-2025T12:06:44 - [TEST_STEP][PASSED] - if (typeOfData == "Факт в процентах" || typeOfData == "План в процентах"): null

28-03-2025T12:06:44 - [TEST_STEP][PASSED] - else: null

28-03-2025T12:06:44 - [TEST_STEP][PASSED] - setValueToCellByIndex(sheet01, n, 3, fileInt): null

28-03-2025T12:06:44 - [TEST_STEP][PASSED] - setValueToCellByIndex(sheet01, n, 4, pageInt): null

28-03-2025T12:06:44 - [TEST_STEP][PASSED] - setValueToCellByIndex(sheet01, n, 5, m): null

28-03-2025T12:06:44 - [TEST_STEP][PASSED] - setValueToCellByIndex(sheet01, n, 6, y): null

28-03-2025T12:06:44 - [TEST_STEP][PASSED] - setValueToCellByIndex(sheet01, n, 7, todaysDate): null

28-03-2025T12:06:44 - [TEST_STEP][PASSED] - n = n + 1: null

28-03-2025T12:06:44 - [TEST_STEP][PASSED] - saveWorkbook(excelFilePath, workbook01): null

28-03-2025T12:06:44 - [TEST_STEP][PASSED] - if (planFact == 2): null

28-03-2025T12:06:44 - [TEST_STEP][PASSED] - if (planFact == 1): null

28-03-2025T12:06:44 - [TEST_STEP][PASSED] - else if (planFact == 2): null

28-03-2025T12:06:44 - [TEST_STEP][PASSED] - click(findTestObject("Выполнение бизнес-плана/Кнопка План")): Object: 'Object Repository/Выполнение бизнес-плана/Кнопка План' is clicked on

28-03-2025T12:06:44 - [MESSAGE][PASSED] - Object: 'Object Repository/Выполнение бизнес-плана/Кнопка План' is clicked on

28-03-2025T12:06:44 - [TEST_STEP][PASSED] - typeOfDataMain = "План": null

28-03-2025T12:06:44 - [TEST_STEP][PASSED] - otpusk = findTestData("PlanFact").getValue(2, a): null

28-03-2025T12:06:44 - [TEST_STEP][PASSED] - poteri = findTestData("PlanFact").getValue(3, a): null

28-03-2025T12:06:44 - [TEST_STEP][PASSED] - otpusk = otpusk.replaceAll("\s+", ""): null

28-03-2025T12:06:44 - [TEST_STEP][PASSED] - poteri = poteri.replaceAll("\s+", ""): null

28-03-2025T12:06:44 - [TEST_STEP][PASSED] - typeOfData = typeOfDataMain + " Отпуск в сеть": null

28-03-2025T12:06:44 - [TEST_STEP][PASSED] - if (a == 82): null

28-03-2025T12:06:44 - [TEST_STEP][PASSED] - path = dataFolder + typeOfData + " за отчётный период " + "РаспредКомплекс": null

28-03-2025T12:06:44 - [TEST_STEP][PASSED] - println(path): null

28-03-2025T12:06:44 - [TEST_STEP][PASSED] - page = getText(findTestObject(path)): Text of object 'Object Repository/Выполнение бизнес-плана/Значения со страницы Выполнение бизнес-плана/План Отпуск в сеть за отчётный период РаспредКомплекс' is: '46 613 585'

28-03-2025T12:06:45 - [MESSAGE][PASSED] - Text of object 'Object Repository/Выполнение бизнес-плана/Значения со страницы Выполнение бизнес-плана/План Отпуск в сеть за отчётный период РаспредКомплекс' is: '46 613 585'

28-03-2025T12:06:45 - [TEST_STEP][PASSED] - if (page == "" || page == null): null

28-03-2025T12:06:45 - [TEST_STEP][PASSED] - else: null

28-03-2025T12:06:45 - [TEST_STEP][PASSED] - page = page.replaceAll("\s+", ""): null

28-03-2025T12:06:45 - [TEST_STEP][PASSED] - if (page == "undefined"): null

28-03-2025T12:06:45 - [TEST_STEP][PASSED] - fileOtpuskVSet = otpusk.toInteger(): null

28-03-2025T12:06:45 - [TEST_STEP][PASSED] - pageOtpuskVSet = page.toInteger(): null

28-03-2025T12:06:45 - [TEST_STEP][PASSED] - typeOfData = typeOfDataMain + " Потери": null

28-03-2025T12:06:45 - [TEST_STEP][PASSED] - if (a == 82): null

28-03-2025T12:06:45 - [TEST_STEP][PASSED] - path = dataFolder + typeOfData + " за отчётный период " + "РаспредКомплекс": null

28-03-2025T12:06:45 - [TEST_STEP][PASSED] - page = getText(findTestObject(path)): Text of object 'Object Repository/Выполнение бизнес-плана/Значения со страницы Выполнение бизнес-плана/План Потери за отчётный период РаспредКомплекс' is: '4 175 181'

28-03-2025T12:06:45 - [MESSAGE][PASSED] - Text of object 'Object Repository/Выполнение бизнес-плана/Значения со страницы Выполнение бизнес-плана/План Потери за отчётный период РаспредКомплекс' is: '4 175 181'

28-03-2025T12:06:45 - [TEST_STEP][PASSED] - if (page == "" || page == null): null

28-03-2025T12:06:45 - [TEST_STEP][PASSED] - else: null

28-03-2025T12:06:45 - [TEST_STEP][PASSED] - page = page.replaceAll("\s+", ""): null

28-03-2025T12:06:45 - [TEST_STEP][PASSED] - if (page == "undefined"): null

28-03-2025T12:06:45 - [TEST_STEP][PASSED] - filePoteri = poteri.toInteger(): null

28-03-2025T12:06:45 - [TEST_STEP][PASSED] - pagePoteri = page.toInteger(): null

28-03-2025T12:06:45 - [TEST_STEP][PASSED] - compare = pageOtpuskVSet: null

28-03-2025T12:06:45 - [TEST_STEP][PASSED] - if (pageOtpuskVSet != null): null

28-03-2025T12:06:45 - [TEST_STEP][PASSED] - if (compare == fileOtpuskVSet): null

28-03-2025T12:06:45 - [TEST_STEP][PASSED] - else if (compare > fileOtpuskVSet): null

28-03-2025T12:06:45 - [TEST_STEP][PASSED] - else if (compare < fileOtpuskVSet): null

28-03-2025T12:06:45 - [TEST_STEP][PASSED] - compare = compare + 1: null

28-03-2025T12:06:45 - [TEST_STEP][PASSED] - if (compare == fileOtpuskVSet): null

28-03-2025T12:06:45 - [TEST_STEP][PASSED] - else: null

28-03-2025T12:06:45 - [TEST_STEP][PASSED] - numberOfErrors = numberOfErrors + 1: null

28-03-2025T12:06:45 - [TEST_STEP][PASSED] - pageInt = pageOtpuskVSet: null

28-03-2025T12:06:45 - [TEST_STEP][PASSED] - fileInt = fileOtpuskVSet: null

28-03-2025T12:06:45 - [TEST_STEP][PASSED] - typeOfData = typeOfDataMain + " Отпуск в сеть": null

28-03-2025T12:06:45 - [TEST_STEP][PASSED] - Script1718980020443.WriteToExcel(a, typeOfData, todaysDate, pageInt, fileInt, pageDouble, fileDouble, dZO): null

28-03-2025T12:06:45 - [TEST_STEP][PASSED] - sheetName = "Sheet1": null

28-03-2025T12:06:45 - [TEST_STEP][PASSED] - data = findTestData("PlanFact"): null

28-03-2025T12:06:45 - [TEST_STEP][PASSED] - n = data.getRowNumbers() + 1: null

28-03-2025T12:06:45 - [TEST_STEP][PASSED] - day = ")).toInteger(): null

28-03-2025T12:06:45 - [TEST_STEP][PASSED] - println(day): null

28-03-2025T12:06:45 - [TEST_STEP][PASSED] - month = ")).toInteger(): null

28-03-2025T12:06:45 - [TEST_STEP][PASSED] - println(month): null

28-03-2025T12:06:45 - [TEST_STEP][PASSED] - y = <not implemented yet for class: org.codehaus.groovy.ast.expr.EmptyExpression>: null

28-03-2025T12:06:45 - [TEST_STEP][PASSED] - iy = <not implemented yet for class: org.codehaus.groovy.ast.expr.EmptyExpression>: null

28-03-2025T12:06:45 - [TEST_STEP][PASSED] - m = getText(findTestObject("Выполнение бизнес-плана/Период")): Text of object 'Object Repository/Выполнение бизнес-плана/Период' is: 'Январь 2025 года'

28-03-2025T12:06:45 - [MESSAGE][PASSED] - Text of object 'Object Repository/Выполнение бизнес-плана/Период' is: 'Январь 2025 года'

28-03-2025T12:06:45 - [TEST_STEP][PASSED] - iy = m.indexOf("20"): null

28-03-2025T12:06:45 - [TEST_STEP][PASSED] - if (iy > -1): null

28-03-2025T12:06:45 - [TEST_STEP][PASSED] - y = substring(iy, iy + 4).toInteger(): null

28-03-2025T12:06:45 - [TEST_STEP][PASSED] - println(y): null

28-03-2025T12:06:45 - [TEST_STEP][PASSED] - if (toString().length() == 4): null

28-03-2025T12:06:45 - [TEST_STEP][PASSED] - m = m.substring(0, m.indexOf(y.toString())): null

28-03-2025T12:06:45 - [TEST_STEP][PASSED] - m = m.trim(): null

28-03-2025T12:06:45 - [TEST_STEP][PASSED] - if (m == ""): null

28-03-2025T12:06:45 - [TEST_STEP][PASSED] - dashboardName = "Выполнение бизнес-плана": null

28-03-2025T12:06:45 - [TEST_STEP][PASSED] - workbook01 = getWorkbook(excelFilePath): null

28-03-2025T12:06:46 - [TEST_STEP][PASSED] - sheet01 = getExcelSheet(workbook01, sheetName): null

28-03-2025T12:06:46 - [TEST_STEP][PASSED] - setValueToCellByIndex(sheet01, n, 0, dashboardName): null

28-03-2025T12:06:46 - [TEST_STEP][PASSED] - setValueToCellByIndex(sheet01, n, 1, dZO): null

28-03-2025T12:06:46 - [TEST_STEP][PASSED] - setValueToCellByIndex(sheet01, n, 2, typeOfData): null

28-03-2025T12:06:46 - [TEST_STEP][PASSED] - if (typeOfData == "Факт в процентах" || typeOfData == "План в процентах"): null

28-03-2025T12:06:46 - [TEST_STEP][PASSED] - else: null

28-03-2025T12:06:46 - [TEST_STEP][PASSED] - setValueToCellByIndex(sheet01, n, 3, fileInt): null

28-03-2025T12:06:46 - [TEST_STEP][PASSED] - setValueToCellByIndex(sheet01, n, 4, pageInt): null

28-03-2025T12:06:46 - [TEST_STEP][PASSED] - setValueToCellByIndex(sheet01, n, 5, m): null

28-03-2025T12:06:46 - [TEST_STEP][PASSED] - setValueToCellByIndex(sheet01, n, 6, y): null

28-03-2025T12:06:46 - [TEST_STEP][PASSED] - setValueToCellByIndex(sheet01, n, 7, todaysDate): null

28-03-2025T12:06:46 - [TEST_STEP][PASSED] - n = n + 1: null

28-03-2025T12:06:46 - [TEST_STEP][PASSED] - saveWorkbook(excelFilePath, workbook01): null

28-03-2025T12:06:46 - [TEST_STEP][PASSED] - compare = pagePoteri: null

28-03-2025T12:06:46 - [TEST_STEP][PASSED] - if (pageOtpuskVSet != null): null

28-03-2025T12:06:46 - [TEST_STEP][PASSED] - if (compare == filePoteri): null

28-03-2025T12:06:46 - [TEST_STEP][PASSED] - else if (compare > filePoteri): null

28-03-2025T12:06:46 - [TEST_STEP][PASSED] - else if (compare < filePoteri): null

28-03-2025T12:06:46 - [TEST_STEP][PASSED] - compare = compare + 1: null

28-03-2025T12:06:46 - [TEST_STEP][PASSED] - if (compare == filePoteri): null

28-03-2025T12:06:46 - [TEST_STEP][PASSED] - else: null

28-03-2025T12:06:46 - [TEST_STEP][PASSED] - numberOfErrors = numberOfErrors + 1: null

28-03-2025T12:06:46 - [TEST_STEP][PASSED] - pageInt = pagePoteri: null

28-03-2025T12:06:46 - [TEST_STEP][PASSED] - fileInt = filePoteri: null

28-03-2025T12:06:46 - [TEST_STEP][PASSED] - typeOfData = typeOfDataMain + " Потери": null

28-03-2025T12:06:46 - [TEST_STEP][PASSED] - Script1718980020443.WriteToExcel(a, typeOfData, todaysDate, pageInt, fileInt, pageDouble, fileDouble, dZO): null

28-03-2025T12:06:46 - [TEST_STEP][PASSED] - sheetName = "Sheet1": null

28-03-2025T12:06:46 - [TEST_STEP][PASSED] - data = findTestData("PlanFact"): null

28-03-2025T12:06:46 - [TEST_STEP][PASSED] - n = data.getRowNumbers() + 1: null

28-03-2025T12:06:46 - [TEST_STEP][PASSED] - day = ")).toInteger(): null

28-03-2025T12:06:46 - [TEST_STEP][PASSED] - println(day): null

28-03-2025T12:06:46 - [TEST_STEP][PASSED] - month = ")).toInteger(): null

28-03-2025T12:06:46 - [TEST_STEP][PASSED] - println(month): null

28-03-2025T12:06:46 - [TEST_STEP][PASSED] - y = <not implemented yet for class: org.codehaus.groovy.ast.expr.EmptyExpression>: null

28-03-2025T12:06:46 - [TEST_STEP][PASSED] - iy = <not implemented yet for class: org.codehaus.groovy.ast.expr.EmptyExpression>: null

28-03-2025T12:06:46 - [TEST_STEP][PASSED] - m = getText(findTestObject("Выполнение бизнес-плана/Период")): Text of object 'Object Repository/Выполнение бизнес-плана/Период' is: 'Январь 2025 года'

28-03-2025T12:06:46 - [MESSAGE][PASSED] - Text of object 'Object Repository/Выполнение бизнес-плана/Период' is: 'Январь 2025 года'

28-03-2025T12:06:46 - [TEST_STEP][PASSED] - iy = m.indexOf("20"): null

28-03-2025T12:06:46 - [TEST_STEP][PASSED] - if (iy > -1): null

28-03-2025T12:06:46 - [TEST_STEP][PASSED] - y = substring(iy, iy + 4).toInteger(): null

28-03-2025T12:06:46 - [TEST_STEP][PASSED] - println(y): null

28-03-2025T12:06:46 - [TEST_STEP][PASSED] - if (toString().length() == 4): null

28-03-2025T12:06:46 - [TEST_STEP][PASSED] - m = m.substring(0, m.indexOf(y.toString())): null

28-03-2025T12:06:46 - [TEST_STEP][PASSED] - m = m.trim(): null

28-03-2025T12:06:46 - [TEST_STEP][PASSED] - if (m == ""): null

28-03-2025T12:06:46 - [TEST_STEP][PASSED] - dashboardName = "Выполнение бизнес-плана": null

28-03-2025T12:06:46 - [TEST_STEP][PASSED] - workbook01 = getWorkbook(excelFilePath): null

28-03-2025T12:06:46 - [TEST_STEP][PASSED] - sheet01 = getExcelSheet(workbook01, sheetName): null

28-03-2025T12:06:46 - [TEST_STEP][PASSED] - setValueToCellByIndex(sheet01, n, 0, dashboardName): null

28-03-2025T12:06:46 - [TEST_STEP][PASSED] - setValueToCellByIndex(sheet01, n, 1, dZO): null

28-03-2025T12:06:46 - [TEST_STEP][PASSED] - setValueToCellByIndex(sheet01, n, 2, typeOfData): null

28-03-2025T12:06:46 - [TEST_STEP][PASSED] - if (typeOfData == "Факт в процентах" || typeOfData == "План в процентах"): null

28-03-2025T12:06:46 - [TEST_STEP][PASSED] - else: null

28-03-2025T12:06:46 - [TEST_STEP][PASSED] - setValueToCellByIndex(sheet01, n, 3, fileInt): null

28-03-2025T12:06:46 - [TEST_STEP][PASSED] - setValueToCellByIndex(sheet01, n, 4, pageInt): null

28-03-2025T12:06:46 - [TEST_STEP][PASSED] - setValueToCellByIndex(sheet01, n, 5, m): null

28-03-2025T12:06:46 - [TEST_STEP][PASSED] - setValueToCellByIndex(sheet01, n, 6, y): null

28-03-2025T12:06:46 - [TEST_STEP][PASSED] - setValueToCellByIndex(sheet01, n, 7, todaysDate): null

28-03-2025T12:06:46 - [TEST_STEP][PASSED] - n = n + 1: null

28-03-2025T12:06:46 - [TEST_STEP][PASSED] - saveWorkbook(excelFilePath, workbook01): Object: 'Object Repository/Выполнение бизнес-плана/Кнопка Факт' is clicked on

28-03-2025T12:06:46 - [TEST_STEP][PASSED] - if (planFact == 2): Object: 'Object Repository/Выполнение бизнес-плана/Кнопка Факт' is clicked on

28-03-2025T12:06:46 - [TEST_STEP][PASSED] - click(findTestObject("Выполнение бизнес-плана/Кнопка Факт")): Object: 'Object Repository/Выполнение бизнес-плана/Кнопка Факт' is clicked on

28-03-2025T12:06:47 - [MESSAGE][PASSED] - Object: 'Object Repository/Выполнение бизнес-плана/Кнопка Факт' is clicked on

28-03-2025T12:06:47 - [TEST_STEP][PASSED] - println("a=" + a): null

28-03-2025T12:06:47 - [TEST_STEP][PASSED] - if (a == 84 || a == 82): null

28-03-2025T12:06:47 - [TEST_STEP][PASSED] - page = getText(findTestObject("Выполнение бизнес-плана/textPlanFact")): Text of object 'Object Repository/Выполнение бизнес-плана/textPlanFact' is: '%
8.96 8.96
7.81 7.81
План
Факт
1
100'

28-03-2025T12:06:47 - [MESSAGE][PASSED] - Text of object 'Object Repository/Выполнение бизнес-плана/textPlanFact' is: '%
8.96 8.96
7.81 7.81
План
Факт
1
100'

28-03-2025T12:06:47 - [TEST_STEP][PASSED] - page = page.replaceAll("\n", "_"): null

28-03-2025T12:06:47 - [TEST_STEP][PASSED] - page = page.substring(page.indexOf("_") + 1, page.length()): null

28-03-2025T12:06:47 - [TEST_STEP][PASSED] - page1 = page.substring(0, page.indexOf("_")): null

28-03-2025T12:06:47 - [TEST_STEP][PASSED] - page1 = page.substring(0, page.indexOf(" ")): null

28-03-2025T12:06:47 - [TEST_STEP][PASSED] - page2 = page.substring(page.indexOf("_") + 1, page.length()): null

28-03-2025T12:06:47 - [TEST_STEP][PASSED] - page2 = page2.substring(0, page.indexOf("_")): null

28-03-2025T12:06:47 - [TEST_STEP][PASSED] - page2 = page2.substring(0, page.indexOf(" ")): null

28-03-2025T12:06:47 - [TEST_STEP][PASSED] - println("page1: " + page1): null

28-03-2025T12:06:47 - [TEST_STEP][PASSED] - println("page2: " + page2): null

28-03-2025T12:06:47 - [TEST_STEP][PASSED] - file = findTestData("PlanFact").getValue(4, a): null

28-03-2025T12:06:47 - [TEST_STEP][PASSED] - file = file.replace(",", "."): null

28-03-2025T12:06:47 - [TEST_STEP][PASSED] - println("file Plan: " + file): null

28-03-2025T12:06:47 - [TEST_STEP][PASSED] - typeOfData = "План в процентах": null

28-03-2025T12:06:47 - [TEST_STEP][PASSED] - fileDouble = file.toDouble(): null

28-03-2025T12:06:47 - [TEST_STEP][PASSED] - pageDouble = page1.toDouble(): null

28-03-2025T12:06:47 - [TEST_STEP][PASSED] - if (fileDouble != pageDouble): null

28-03-2025T12:06:47 - [TEST_STEP][PASSED] - numberOfErrors = numberOfErrors + 1: null

28-03-2025T12:06:47 - [TEST_STEP][PASSED] - Script1718980020443.WriteToExcel(a, typeOfData, todaysDate, pageInt, fileInt, pageDouble, fileDouble, dZO): null

28-03-2025T12:06:47 - [TEST_STEP][PASSED] - sheetName = "Sheet1": null

28-03-2025T12:06:47 - [TEST_STEP][PASSED] - data = findTestData("PlanFact"): null

28-03-2025T12:06:47 - [TEST_STEP][PASSED] - n = data.getRowNumbers() + 1: null

28-03-2025T12:06:47 - [TEST_STEP][PASSED] - day = ")).toInteger(): null

28-03-2025T12:06:47 - [TEST_STEP][PASSED] - println(day): null

28-03-2025T12:06:47 - [TEST_STEP][PASSED] - month = ")).toInteger(): null

28-03-2025T12:06:47 - [TEST_STEP][PASSED] - println(month): null

28-03-2025T12:06:47 - [TEST_STEP][PASSED] - y = <not implemented yet for class: org.codehaus.groovy.ast.expr.EmptyExpression>: null

28-03-2025T12:06:47 - [TEST_STEP][PASSED] - iy = <not implemented yet for class: org.codehaus.groovy.ast.expr.EmptyExpression>: null

28-03-2025T12:06:47 - [TEST_STEP][PASSED] - m = getText(findTestObject("Выполнение бизнес-плана/Период")): Text of object 'Object Repository/Выполнение бизнес-плана/Период' is: 'Январь 2025 года'

28-03-2025T12:06:47 - [MESSAGE][PASSED] - Text of object 'Object Repository/Выполнение бизнес-плана/Период' is: 'Январь 2025 года'

28-03-2025T12:06:47 - [TEST_STEP][PASSED] - iy = m.indexOf("20"): null

28-03-2025T12:06:47 - [TEST_STEP][PASSED] - if (iy > -1): null

28-03-2025T12:06:47 - [TEST_STEP][PASSED] - y = substring(iy, iy + 4).toInteger(): null

28-03-2025T12:06:47 - [TEST_STEP][PASSED] - println(y): null

28-03-2025T12:06:47 - [TEST_STEP][PASSED] - if (toString().length() == 4): null

28-03-2025T12:06:47 - [TEST_STEP][PASSED] - m = m.substring(0, m.indexOf(y.toString())): null

28-03-2025T12:06:47 - [TEST_STEP][PASSED] - m = m.trim(): null

28-03-2025T12:06:47 - [TEST_STEP][PASSED] - if (m == ""): null

28-03-2025T12:06:47 - [TEST_STEP][PASSED] - dashboardName = "Выполнение бизнес-плана": null

28-03-2025T12:06:47 - [TEST_STEP][PASSED] - workbook01 = getWorkbook(excelFilePath): null

28-03-2025T12:06:47 - [TEST_STEP][PASSED] - sheet01 = getExcelSheet(workbook01, sheetName): null

28-03-2025T12:06:47 - [TEST_STEP][PASSED] - setValueToCellByIndex(sheet01, n, 0, dashboardName): null

28-03-2025T12:06:47 - [TEST_STEP][PASSED] - setValueToCellByIndex(sheet01, n, 1, dZO): null

28-03-2025T12:06:47 - [TEST_STEP][PASSED] - setValueToCellByIndex(sheet01, n, 2, typeOfData): null

28-03-2025T12:06:47 - [TEST_STEP][PASSED] - if (typeOfData == "Факт в процентах" || typeOfData == "План в процентах"): null

28-03-2025T12:06:47 - [TEST_STEP][PASSED] - setValueToCellByIndex(sheet01, n, 3, fileDouble): null

28-03-2025T12:06:47 - [TEST_STEP][PASSED] - setValueToCellByIndex(sheet01, n, 4, pageDouble): null

28-03-2025T12:06:47 - [TEST_STEP][PASSED] - setValueToCellByIndex(sheet01, n, 5, m): null

28-03-2025T12:06:47 - [TEST_STEP][PASSED] - setValueToCellByIndex(sheet01, n, 6, y): null

28-03-2025T12:06:47 - [TEST_STEP][PASSED] - setValueToCellByIndex(sheet01, n, 7, todaysDate): null

28-03-2025T12:06:47 - [TEST_STEP][PASSED] - n = n + 1: null

28-03-2025T12:06:47 - [TEST_STEP][PASSED] - saveWorkbook(excelFilePath, workbook01): null

28-03-2025T12:06:48 - [TEST_STEP][PASSED] - file = findTestData("PlanFact").getValue(7, a): null

28-03-2025T12:06:48 - [TEST_STEP][PASSED] - file = file.replace(",", "."): null

28-03-2025T12:06:48 - [TEST_STEP][PASSED] - println("file Fact: " + file): null

28-03-2025T12:06:48 - [TEST_STEP][PASSED] - fileDouble = file.toDouble(): null

28-03-2025T12:06:48 - [TEST_STEP][PASSED] - typeOfData = "Факт в процентах": null

28-03-2025T12:06:48 - [TEST_STEP][PASSED] - fileDouble = file.toDouble(): null

28-03-2025T12:06:48 - [TEST_STEP][PASSED] - pageDouble = page2.toDouble(): null

28-03-2025T12:06:48 - [TEST_STEP][PASSED] - if (fileDouble != pageDouble): null

28-03-2025T12:06:48 - [TEST_STEP][PASSED] - numberOfErrors = numberOfErrors + 1: null

28-03-2025T12:06:48 - [TEST_STEP][PASSED] - Script1718980020443.WriteToExcel(a, typeOfData, todaysDate, pageInt, fileInt, pageDouble, fileDouble, dZO): null

28-03-2025T12:06:48 - [TEST_STEP][PASSED] - sheetName = "Sheet1": null

28-03-2025T12:06:48 - [TEST_STEP][PASSED] - data = findTestData("PlanFact"): null

28-03-2025T12:06:48 - [TEST_STEP][PASSED] - n = data.getRowNumbers() + 1: null

28-03-2025T12:06:48 - [TEST_STEP][PASSED] - day = ")).toInteger(): null

28-03-2025T12:06:48 - [TEST_STEP][PASSED] - println(day): null

28-03-2025T12:06:48 - [TEST_STEP][PASSED] - month = ")).toInteger(): null

28-03-2025T12:06:48 - [TEST_STEP][PASSED] - println(month): null

28-03-2025T12:06:48 - [TEST_STEP][PASSED] - y = <not implemented yet for class: org.codehaus.groovy.ast.expr.EmptyExpression>: null

28-03-2025T12:06:48 - [TEST_STEP][PASSED] - iy = <not implemented yet for class: org.codehaus.groovy.ast.expr.EmptyExpression>: null

28-03-2025T12:06:48 - [TEST_STEP][PASSED] - m = getText(findTestObject("Выполнение бизнес-плана/Период")): Text of object 'Object Repository/Выполнение бизнес-плана/Период' is: 'Январь 2025 года'

28-03-2025T12:06:48 - [MESSAGE][PASSED] - Text of object 'Object Repository/Выполнение бизнес-плана/Период' is: 'Январь 2025 года'

28-03-2025T12:06:48 - [TEST_STEP][PASSED] - iy = m.indexOf("20"): null

28-03-2025T12:06:48 - [TEST_STEP][PASSED] - if (iy > -1): null

28-03-2025T12:06:48 - [TEST_STEP][PASSED] - y = substring(iy, iy + 4).toInteger(): null

28-03-2025T12:06:48 - [TEST_STEP][PASSED] - println(y): null

28-03-2025T12:06:48 - [TEST_STEP][PASSED] - if (toString().length() == 4): null

28-03-2025T12:06:48 - [TEST_STEP][PASSED] - m = m.substring(0, m.indexOf(y.toString())): null

28-03-2025T12:06:48 - [TEST_STEP][PASSED] - m = m.trim(): null

28-03-2025T12:06:48 - [TEST_STEP][PASSED] - if (m == ""): null

28-03-2025T12:06:48 - [TEST_STEP][PASSED] - dashboardName = "Выполнение бизнес-плана": null

28-03-2025T12:06:48 - [TEST_STEP][PASSED] - workbook01 = getWorkbook(excelFilePath): null

28-03-2025T12:06:48 - [TEST_STEP][PASSED] - sheet01 = getExcelSheet(workbook01, sheetName): null

28-03-2025T12:06:48 - [TEST_STEP][PASSED] - setValueToCellByIndex(sheet01, n, 0, dashboardName): null

28-03-2025T12:06:48 - [TEST_STEP][PASSED] - setValueToCellByIndex(sheet01, n, 1, dZO): null

28-03-2025T12:06:48 - [TEST_STEP][PASSED] - setValueToCellByIndex(sheet01, n, 2, typeOfData): null

28-03-2025T12:06:48 - [TEST_STEP][PASSED] - if (typeOfData == "Факт в процентах" || typeOfData == "План в процентах"): null

28-03-2025T12:06:48 - [TEST_STEP][PASSED] - setValueToCellByIndex(sheet01, n, 3, fileDouble): null

28-03-2025T12:06:48 - [TEST_STEP][PASSED] - setValueToCellByIndex(sheet01, n, 4, pageDouble): null

28-03-2025T12:06:48 - [TEST_STEP][PASSED] - setValueToCellByIndex(sheet01, n, 5, m): null

28-03-2025T12:06:48 - [TEST_STEP][PASSED] - setValueToCellByIndex(sheet01, n, 6, y): null

28-03-2025T12:06:48 - [TEST_STEP][PASSED] - setValueToCellByIndex(sheet01, n, 7, todaysDate): null

28-03-2025T12:06:48 - [TEST_STEP][PASSED] - n = n + 1: null

28-03-2025T12:06:48 - [TEST_STEP][PASSED] - saveWorkbook(excelFilePath, workbook01): null

28-03-2025T12:06:48 - [TEST_STEP][FAILED] - if (verifyEqual(numberOfErrors, 0) == false): null

28-03-2025T12:06:48 - [MESSAGE][FAILED] - Unable to verify equal between actual object '6' and expected object '0' (Root cause: com.kms.katalon.core.exception.StepFailedException: Actual object '6' and expected object '0' are not equal
	at com.kms.katalon.core.keyword.builtin.VerifyEqualKeyword$_verifyEqual_closure1.doCall(VerifyEqualKeyword.groovy:58)
	at com.kms.katalon.core.keyword.builtin.VerifyEqualKeyword$_verifyEqual_closure1.call(VerifyEqualKeyword.groovy)
	at com.kms.katalon.core.keyword.internal.KeywordMain.runKeyword(KeywordMain.groovy:75)
	at com.kms.katalon.core.keyword.builtin.VerifyEqualKeyword.verifyEqual(VerifyEqualKeyword.groovy:63)
	at com.kms.katalon.core.keyword.builtin.VerifyEqualKeyword.execute(VerifyEqualKeyword.groovy:44)
	at com.kms.katalon.core.keyword.internal.KeywordExecutor.executeKeywordForPlatform(KeywordExecutor.groovy:74)
	at com.kms.katalon.core.keyword.BuiltinKeywords.verifyEqual(BuiltinKeywords.groovy:146)
	at jdk.internal.reflect.GeneratedMethodAccessor23.invoke(Unknown Source)
	at java.base/jdk.internal.reflect.DelegatingMethodAccessorImpl.invoke(DelegatingMethodAccessorImpl.java:43)
	at Выполнение бизнес-плана Сверка ПАО Россети все филиалы.Numbers(Выполнение бизнес-плана Сверка ПАО Россети все филиалы:744)
	at Выполнение бизнес-плана Сверка ПАО Россети все филиалы.run(Выполнение бизнес-плана Сверка ПАО Россети все филиалы:194)
	at com.kms.katalon.core.main.ScriptEngine.run(ScriptEngine.java:194)
	at com.kms.katalon.core.main.ScriptEngine.runScriptAsRawText(ScriptEngine.java:119)
	at com.kms.katalon.core.main.TestCaseExecutor.runScript(TestCaseExecutor.java:448)
	at com.kms.katalon.core.main.TestCaseExecutor.doExecute(TestCaseExecutor.java:439)
	at com.kms.katalon.core.main.TestCaseExecutor.processExecutionPhase(TestCaseExecutor.java:418)
	at com.kms.katalon.core.main.TestCaseExecutor.accessMainPhase(TestCaseExecutor.java:410)
	at com.kms.katalon.core.main.TestCaseExecutor.execute(TestCaseExecutor.java:285)
	at com.kms.katalon.core.common.CommonExecutor.accessTestCaseMainPhase(CommonExecutor.java:65)
	at com.kms.katalon.core.main.TestSuiteExecutor.accessTestSuiteMainPhase(TestSuiteExecutor.java:150)
	at com.kms.katalon.core.main.TestSuiteExecutor.execute(TestSuiteExecutor.java:106)
	at com.kms.katalon.core.main.TestCaseMain.startTestSuite(TestCaseMain.java:180)
	at TempTestSuite1743137207280.run(TempTestSuite1743137207280.groovy:35)
	at java.base/jdk.internal.reflect.NativeMethodAccessorImpl.invoke0(Native Method)
	at java.base/jdk.internal.reflect.NativeMethodAccessorImpl.invoke(NativeMethodAccessorImpl.java:77)
	at java.base/jdk.internal.reflect.DelegatingMethodAccessorImpl.invoke(DelegatingMethodAccessorImpl.java:43)
)

28-03-2025T12:06:48 - [TEST_STEP][PASSED] - println(numberOfErrors): null

28-03-2025T12:06:48 - [TEST_STEP][PASSED] - println("a=" + a): null

28-03-2025T12:06:48 - [TEST_STEP][PASSED] - if (a == 28 || a == 77 || a == 74 || a == 65 || a == 36 || a == 44 || a == 54 || a == 1 || a == 18 || a == 59): null

28-03-2025T12:06:48 - [TEST_STEP][PASSED] - if (a == 82): null

28-03-2025T12:06:48 - [TEST_STEP][PASSED] - Script1718980020443.OpenFilter(): null

28-03-2025T12:06:48 - [TEST_STEP][PASSED] - click(findTestObject("Object Repository/Выполнение бизнес-плана/Фильтр ДЗО")): Object: 'Object Repository/Выполнение бизнес-плана/Фильтр ДЗО' is clicked on

28-03-2025T12:06:49 - [MESSAGE][PASSED] - Object: 'Object Repository/Выполнение бизнес-плана/Фильтр ДЗО' is clicked on

28-03-2025T12:06:49 - [TEST_STEP][PASSED] - click(findTestObject("Выполнение бизнес-плана/Снять выделение в фильтре ДЗО")): null

28-03-2025T12:06:49 - [MESSAGE][PASSED] - Object: 'Object Repository/Выполнение бизнес-плана/Снять выделение в фильтре ДЗО' is clicked on

28-03-2025T12:06:49 - [TEST_STEP][PASSED] - Script1718980020443.CloseFilter(): null

28-03-2025T12:06:49 - [TEST_STEP][PASSED] - scrollToElement(findTestObject("Выполнение бизнес-плана/Заголовок дашборда"), 30): Scroll to object 'Object Repository/Выполнение бизнес-плана/Заголовок дашборда' successfully

28-03-2025T12:06:50 - [MESSAGE][PASSED] - Scroll to object 'Object Repository/Выполнение бизнес-плана/Заголовок дашборда' successfully

28-03-2025T12:06:50 - [TEST_STEP][PASSED] - click(findTestObject("Object Repository/Выполнение бизнес-плана/Применить в фильтре ДЗО")): null

28-03-2025T12:06:50 - [MESSAGE][PASSED] - Object: 'Object Repository/Выполнение бизнес-плана/Применить в фильтре ДЗО' is clicked on

28-03-2025T12:06:50 - [TEST_STEP][PASSED] - delay(20): Delayed 20 second(s)

28-03-2025T12:07:10 - [MESSAGE][PASSED] - Delayed 20 second(s)

28-03-2025T12:07:10 - [TEST_STEP][PASSED] - dZO = "АО «Тываэнерго»": null

28-03-2025T12:07:10 - [TEST_STEP][PASSED] - a = 52: null

28-03-2025T12:07:10 - [TEST_STEP][PASSED] - if (x1.contains("Тываэнерго")): null

28-03-2025T12:07:10 - [TEST_STEP][PASSED] - else: null

28-03-2025T12:07:10 - [TEST_STEP][PASSED] - Script1718980020443.NoData(a, typeOfData, todaysDate, fileInt, fileDouble, dZO): null

28-03-2025T12:07:10 - [TEST_STEP][PASSED] - println(a): null

28-03-2025T12:07:10 - [TEST_STEP][PASSED] - println(todaysDate): null

28-03-2025T12:07:10 - [TEST_STEP][PASSED] - println(fileInt): null

28-03-2025T12:07:10 - [TEST_STEP][PASSED] - println(fileDouble): null

28-03-2025T12:07:10 - [TEST_STEP][PASSED] - println(dZO): null

28-03-2025T12:07:10 - [TEST_STEP][PASSED] - typeOfData = "Факт Отпуск в сеть": null

28-03-2025T12:07:10 - [TEST_STEP][PASSED] - fileInt = replaceAll("\s+", "").toInteger(): null

28-03-2025T12:07:10 - [TEST_STEP][PASSED] - Script1718980020443.WriteToExcelNoData(a, typeOfData, todaysDate, fileInt, fileDouble, dZO): null

28-03-2025T12:07:10 - [TEST_STEP][PASSED] - sheetName = "Sheet1": null

28-03-2025T12:07:10 - [TEST_STEP][PASSED] - data = findTestData("PlanFact"): null

28-03-2025T12:07:11 - [TEST_STEP][PASSED] - n = data.getRowNumbers() + 1: null

28-03-2025T12:07:11 - [TEST_STEP][PASSED] - day = ")).toInteger(): null

28-03-2025T12:07:11 - [TEST_STEP][PASSED] - println(day): null

28-03-2025T12:07:11 - [TEST_STEP][PASSED] - month = ")).toInteger(): null

28-03-2025T12:07:11 - [TEST_STEP][PASSED] - println(month): null

28-03-2025T12:07:11 - [TEST_STEP][PASSED] - y = <not implemented yet for class: org.codehaus.groovy.ast.expr.EmptyExpression>: null

28-03-2025T12:07:11 - [TEST_STEP][PASSED] - iy = <not implemented yet for class: org.codehaus.groovy.ast.expr.EmptyExpression>: null

28-03-2025T12:07:11 - [TEST_STEP][PASSED] - m = getText(findTestObject("Выполнение бизнес-плана/Период")): Text of object 'Object Repository/Выполнение бизнес-плана/Период' is: 'Январь 2025 года'

28-03-2025T12:07:11 - [MESSAGE][PASSED] - Text of object 'Object Repository/Выполнение бизнес-плана/Период' is: 'Январь 2025 года'

28-03-2025T12:07:11 - [TEST_STEP][PASSED] - iy = m.indexOf("20"): null

28-03-2025T12:07:11 - [TEST_STEP][PASSED] - if (iy > -1): null

28-03-2025T12:07:11 - [TEST_STEP][PASSED] - y = substring(iy, iy + 4).toInteger(): null

28-03-2025T12:07:11 - [TEST_STEP][PASSED] - println(y): null

28-03-2025T12:07:11 - [TEST_STEP][PASSED] - if (toString().length() == 4): null

28-03-2025T12:07:11 - [TEST_STEP][PASSED] - m = m.substring(0, m.indexOf(y.toString())): null

28-03-2025T12:07:11 - [TEST_STEP][PASSED] - m = m.trim(): null

28-03-2025T12:07:11 - [TEST_STEP][PASSED] - if (m == ""): null

28-03-2025T12:07:11 - [TEST_STEP][PASSED] - dashboardName = "Выполнение бизнес-плана": null

28-03-2025T12:07:11 - [TEST_STEP][PASSED] - workbook01 = getWorkbook(excelFilePath): null

28-03-2025T12:07:11 - [TEST_STEP][PASSED] - sheet01 = getExcelSheet(workbook01, sheetName): null

28-03-2025T12:07:11 - [TEST_STEP][PASSED] - setValueToCellByIndex(sheet01, n, 0, dashboardName): null

28-03-2025T12:07:11 - [TEST_STEP][PASSED] - setValueToCellByIndex(sheet01, n, 1, dZO): null

28-03-2025T12:07:11 - [TEST_STEP][PASSED] - setValueToCellByIndex(sheet01, n, 2, typeOfData): null

28-03-2025T12:07:11 - [TEST_STEP][PASSED] - if (typeOfData == "Факт в процентах" || typeOfData == "План в процентах"): null

28-03-2025T12:07:11 - [TEST_STEP][PASSED] - else: null

28-03-2025T12:07:11 - [TEST_STEP][PASSED] - setValueToCellByIndex(sheet01, n, 3, fileInt): null

28-03-2025T12:07:11 - [TEST_STEP][PASSED] - setValueToCellByIndex(sheet01, n, 4, "нет данных"): null

28-03-2025T12:07:11 - [TEST_STEP][PASSED] - setValueToCellByIndex(sheet01, n, 5, m): null

28-03-2025T12:07:11 - [TEST_STEP][PASSED] - setValueToCellByIndex(sheet01, n, 6, y): null

28-03-2025T12:07:11 - [TEST_STEP][PASSED] - setValueToCellByIndex(sheet01, n, 7, todaysDate): null

28-03-2025T12:07:11 - [TEST_STEP][PASSED] - n = n + 1: null

28-03-2025T12:07:11 - [TEST_STEP][PASSED] - saveWorkbook(excelFilePath, workbook01): null

28-03-2025T12:07:11 - [TEST_STEP][PASSED] - typeOfData = "Факт Потери": null

28-03-2025T12:07:11 - [TEST_STEP][PASSED] - fileInt = replaceAll("\s+", "").toInteger(): null

28-03-2025T12:07:11 - [TEST_STEP][PASSED] - Script1718980020443.WriteToExcelNoData(a, typeOfData, todaysDate, fileInt, fileDouble, dZO): null

28-03-2025T12:07:11 - [TEST_STEP][PASSED] - sheetName = "Sheet1": null

28-03-2025T12:07:11 - [TEST_STEP][PASSED] - data = findTestData("PlanFact"): null

28-03-2025T12:07:11 - [TEST_STEP][PASSED] - n = data.getRowNumbers() + 1: null

28-03-2025T12:07:11 - [TEST_STEP][PASSED] - day = ")).toInteger(): null

28-03-2025T12:07:11 - [TEST_STEP][PASSED] - println(day): null

28-03-2025T12:07:11 - [TEST_STEP][PASSED] - month = ")).toInteger(): null

28-03-2025T12:07:11 - [TEST_STEP][PASSED] - println(month): null

28-03-2025T12:07:11 - [TEST_STEP][PASSED] - y = <not implemented yet for class: org.codehaus.groovy.ast.expr.EmptyExpression>: null

28-03-2025T12:07:11 - [TEST_STEP][PASSED] - iy = <not implemented yet for class: org.codehaus.groovy.ast.expr.EmptyExpression>: null

28-03-2025T12:07:11 - [TEST_STEP][PASSED] - m = getText(findTestObject("Выполнение бизнес-плана/Период")): Text of object 'Object Repository/Выполнение бизнес-плана/Период' is: 'Январь 2025 года'

28-03-2025T12:07:12 - [MESSAGE][PASSED] - Text of object 'Object Repository/Выполнение бизнес-плана/Период' is: 'Январь 2025 года'

28-03-2025T12:07:12 - [TEST_STEP][PASSED] - iy = m.indexOf("20"): null

28-03-2025T12:07:12 - [TEST_STEP][PASSED] - if (iy > -1): null

28-03-2025T12:07:12 - [TEST_STEP][PASSED] - y = substring(iy, iy + 4).toInteger(): null

28-03-2025T12:07:12 - [TEST_STEP][PASSED] - println(y): null

28-03-2025T12:07:12 - [TEST_STEP][PASSED] - if (toString().length() == 4): null

28-03-2025T12:07:12 - [TEST_STEP][PASSED] - m = m.substring(0, m.indexOf(y.toString())): null

28-03-2025T12:07:12 - [TEST_STEP][PASSED] - m = m.trim(): null

28-03-2025T12:07:12 - [TEST_STEP][PASSED] - if (m == ""): null

28-03-2025T12:07:12 - [TEST_STEP][PASSED] - dashboardName = "Выполнение бизнес-плана": null

28-03-2025T12:07:12 - [TEST_STEP][PASSED] - workbook01 = getWorkbook(excelFilePath): null

28-03-2025T12:07:12 - [TEST_STEP][PASSED] - sheet01 = getExcelSheet(workbook01, sheetName): null

28-03-2025T12:07:12 - [TEST_STEP][PASSED] - setValueToCellByIndex(sheet01, n, 0, dashboardName): null

28-03-2025T12:07:12 - [TEST_STEP][PASSED] - setValueToCellByIndex(sheet01, n, 1, dZO): null

28-03-2025T12:07:12 - [TEST_STEP][PASSED] - setValueToCellByIndex(sheet01, n, 2, typeOfData): null

28-03-2025T12:07:12 - [TEST_STEP][PASSED] - if (typeOfData == "Факт в процентах" || typeOfData == "План в процентах"): null

28-03-2025T12:07:12 - [TEST_STEP][PASSED] - else: null

28-03-2025T12:07:12 - [TEST_STEP][PASSED] - setValueToCellByIndex(sheet01, n, 3, fileInt): null

28-03-2025T12:07:12 - [TEST_STEP][PASSED] - setValueToCellByIndex(sheet01, n, 4, "нет данных"): null

28-03-2025T12:07:12 - [TEST_STEP][PASSED] - setValueToCellByIndex(sheet01, n, 5, m): null

28-03-2025T12:07:12 - [TEST_STEP][PASSED] - setValueToCellByIndex(sheet01, n, 6, y): null

28-03-2025T12:07:12 - [TEST_STEP][PASSED] - setValueToCellByIndex(sheet01, n, 7, todaysDate): null

28-03-2025T12:07:12 - [TEST_STEP][PASSED] - n = n + 1: null

28-03-2025T12:07:12 - [TEST_STEP][PASSED] - saveWorkbook(excelFilePath, workbook01): null

28-03-2025T12:07:12 - [TEST_STEP][PASSED] - typeOfData = "План Отпуск в сеть": null

28-03-2025T12:07:12 - [TEST_STEP][PASSED] - fileInt = replaceAll("\s+", "").toInteger(): null

28-03-2025T12:07:12 - [TEST_STEP][PASSED] - Script1718980020443.WriteToExcelNoData(a, typeOfData, todaysDate, fileInt, fileDouble, dZO): null

28-03-2025T12:07:12 - [TEST_STEP][PASSED] - sheetName = "Sheet1": null

28-03-2025T12:07:12 - [TEST_STEP][PASSED] - data = findTestData("PlanFact"): null

28-03-2025T12:07:12 - [TEST_STEP][PASSED] - n = data.getRowNumbers() + 1: null

28-03-2025T12:07:12 - [TEST_STEP][PASSED] - day = ")).toInteger(): null

28-03-2025T12:07:12 - [TEST_STEP][PASSED] - println(day): null

28-03-2025T12:07:12 - [TEST_STEP][PASSED] - month = ")).toInteger(): null

28-03-2025T12:07:12 - [TEST_STEP][PASSED] - println(month): null

28-03-2025T12:07:12 - [TEST_STEP][PASSED] - y = <not implemented yet for class: org.codehaus.groovy.ast.expr.EmptyExpression>: null

28-03-2025T12:07:12 - [TEST_STEP][PASSED] - iy = <not implemented yet for class: org.codehaus.groovy.ast.expr.EmptyExpression>: null

28-03-2025T12:07:12 - [TEST_STEP][PASSED] - m = getText(findTestObject("Выполнение бизнес-плана/Период")): Text of object 'Object Repository/Выполнение бизнес-плана/Период' is: 'Январь 2025 года'

28-03-2025T12:07:12 - [MESSAGE][PASSED] - Text of object 'Object Repository/Выполнение бизнес-плана/Период' is: 'Январь 2025 года'

28-03-2025T12:07:12 - [TEST_STEP][PASSED] - iy = m.indexOf("20"): null

28-03-2025T12:07:12 - [TEST_STEP][PASSED] - if (iy > -1): null

28-03-2025T12:07:12 - [TEST_STEP][PASSED] - y = substring(iy, iy + 4).toInteger(): null

28-03-2025T12:07:12 - [TEST_STEP][PASSED] - println(y): null

28-03-2025T12:07:12 - [TEST_STEP][PASSED] - if (toString().length() == 4): null

28-03-2025T12:07:12 - [TEST_STEP][PASSED] - m = m.substring(0, m.indexOf(y.toString())): null

28-03-2025T12:07:12 - [TEST_STEP][PASSED] - m = m.trim(): null

28-03-2025T12:07:12 - [TEST_STEP][PASSED] - if (m == ""): null

28-03-2025T12:07:12 - [TEST_STEP][PASSED] - dashboardName = "Выполнение бизнес-плана": null

28-03-2025T12:07:12 - [TEST_STEP][PASSED] - workbook01 = getWorkbook(excelFilePath): null

28-03-2025T12:07:12 - [TEST_STEP][PASSED] - sheet01 = getExcelSheet(workbook01, sheetName): null

28-03-2025T12:07:12 - [TEST_STEP][PASSED] - setValueToCellByIndex(sheet01, n, 0, dashboardName): null

28-03-2025T12:07:12 - [TEST_STEP][PASSED] - setValueToCellByIndex(sheet01, n, 1, dZO): null

28-03-2025T12:07:12 - [TEST_STEP][PASSED] - setValueToCellByIndex(sheet01, n, 2, typeOfData): null

28-03-2025T12:07:12 - [TEST_STEP][PASSED] - if (typeOfData == "Факт в процентах" || typeOfData == "План в процентах"): null

28-03-2025T12:07:12 - [TEST_STEP][PASSED] - else: null

28-03-2025T12:07:12 - [TEST_STEP][PASSED] - setValueToCellByIndex(sheet01, n, 3, fileInt): null

28-03-2025T12:07:12 - [TEST_STEP][PASSED] - setValueToCellByIndex(sheet01, n, 4, "нет данных"): null

28-03-2025T12:07:12 - [TEST_STEP][PASSED] - setValueToCellByIndex(sheet01, n, 5, m): null

28-03-2025T12:07:12 - [TEST_STEP][PASSED] - setValueToCellByIndex(sheet01, n, 6, y): null

28-03-2025T12:07:12 - [TEST_STEP][PASSED] - setValueToCellByIndex(sheet01, n, 7, todaysDate): null

28-03-2025T12:07:12 - [TEST_STEP][PASSED] - n = n + 1: null

28-03-2025T12:07:12 - [TEST_STEP][PASSED] - saveWorkbook(excelFilePath, workbook01): null

28-03-2025T12:07:12 - [TEST_STEP][PASSED] - typeOfData = "План Потери": null

28-03-2025T12:07:12 - [TEST_STEP][PASSED] - fileInt = replaceAll("\s+", "").toInteger(): null

28-03-2025T12:07:13 - [TEST_STEP][PASSED] - Script1718980020443.WriteToExcelNoData(a, typeOfData, todaysDate, fileInt, fileDouble, dZO): null

28-03-2025T12:07:13 - [TEST_STEP][PASSED] - sheetName = "Sheet1": null

28-03-2025T12:07:13 - [TEST_STEP][PASSED] - data = findTestData("PlanFact"): null

28-03-2025T12:07:13 - [TEST_STEP][PASSED] - n = data.getRowNumbers() + 1: null

28-03-2025T12:07:13 - [TEST_STEP][PASSED] - day = ")).toInteger(): null

28-03-2025T12:07:13 - [TEST_STEP][PASSED] - println(day): null

28-03-2025T12:07:13 - [TEST_STEP][PASSED] - month = ")).toInteger(): null

28-03-2025T12:07:13 - [TEST_STEP][PASSED] - println(month): null

28-03-2025T12:07:13 - [TEST_STEP][PASSED] - y = <not implemented yet for class: org.codehaus.groovy.ast.expr.EmptyExpression>: null

28-03-2025T12:07:13 - [TEST_STEP][PASSED] - iy = <not implemented yet for class: org.codehaus.groovy.ast.expr.EmptyExpression>: null

28-03-2025T12:07:13 - [TEST_STEP][PASSED] - m = getText(findTestObject("Выполнение бизнес-плана/Период")): Text of object 'Object Repository/Выполнение бизнес-плана/Период' is: 'Январь 2025 года'

28-03-2025T12:07:13 - [MESSAGE][PASSED] - Text of object 'Object Repository/Выполнение бизнес-плана/Период' is: 'Январь 2025 года'

28-03-2025T12:07:13 - [TEST_STEP][PASSED] - iy = m.indexOf("20"): null

28-03-2025T12:07:13 - [TEST_STEP][PASSED] - if (iy > -1): null

28-03-2025T12:07:13 - [TEST_STEP][PASSED] - y = substring(iy, iy + 4).toInteger(): null

28-03-2025T12:07:13 - [TEST_STEP][PASSED] - println(y): null

28-03-2025T12:07:13 - [TEST_STEP][PASSED] - if (toString().length() == 4): null

28-03-2025T12:07:13 - [TEST_STEP][PASSED] - m = m.substring(0, m.indexOf(y.toString())): null

28-03-2025T12:07:13 - [TEST_STEP][PASSED] - m = m.trim(): null

28-03-2025T12:07:13 - [TEST_STEP][PASSED] - if (m == ""): null

28-03-2025T12:07:13 - [TEST_STEP][PASSED] - dashboardName = "Выполнение бизнес-плана": null

28-03-2025T12:07:13 - [TEST_STEP][PASSED] - workbook01 = getWorkbook(excelFilePath): null

28-03-2025T12:07:13 - [TEST_STEP][PASSED] - sheet01 = getExcelSheet(workbook01, sheetName): null

28-03-2025T12:07:13 - [TEST_STEP][PASSED] - setValueToCellByIndex(sheet01, n, 0, dashboardName): null

28-03-2025T12:07:13 - [TEST_STEP][PASSED] - setValueToCellByIndex(sheet01, n, 1, dZO): null

28-03-2025T12:07:13 - [TEST_STEP][PASSED] - setValueToCellByIndex(sheet01, n, 2, typeOfData): null

28-03-2025T12:07:13 - [TEST_STEP][PASSED] - if (typeOfData == "Факт в процентах" || typeOfData == "План в процентах"): null

28-03-2025T12:07:13 - [TEST_STEP][PASSED] - else: null

28-03-2025T12:07:13 - [TEST_STEP][PASSED] - setValueToCellByIndex(sheet01, n, 3, fileInt): null

28-03-2025T12:07:13 - [TEST_STEP][PASSED] - setValueToCellByIndex(sheet01, n, 4, "нет данных"): null

28-03-2025T12:07:13 - [TEST_STEP][PASSED] - setValueToCellByIndex(sheet01, n, 5, m): null

28-03-2025T12:07:13 - [TEST_STEP][PASSED] - setValueToCellByIndex(sheet01, n, 6, y): null

28-03-2025T12:07:13 - [TEST_STEP][PASSED] - setValueToCellByIndex(sheet01, n, 7, todaysDate): null

28-03-2025T12:07:13 - [TEST_STEP][PASSED] - n = n + 1: null

28-03-2025T12:07:13 - [TEST_STEP][PASSED] - saveWorkbook(excelFilePath, workbook01): null

28-03-2025T12:07:13 - [TEST_STEP][PASSED] - typeOfData = "План в процентах": null

28-03-2025T12:07:13 - [TEST_STEP][PASSED] - fileDouble = ").toDouble(): null

28-03-2025T12:07:13 - [TEST_STEP][PASSED] - Script1718980020443.WriteToExcelNoData(a, typeOfData, todaysDate, fileInt, fileDouble, dZO): null

28-03-2025T12:07:13 - [TEST_STEP][PASSED] - sheetName = "Sheet1": null

28-03-2025T12:07:13 - [TEST_STEP][PASSED] - data = findTestData("PlanFact"): null

28-03-2025T12:07:13 - [TEST_STEP][PASSED] - n = data.getRowNumbers() + 1: null

28-03-2025T12:07:13 - [TEST_STEP][PASSED] - day = ")).toInteger(): null

28-03-2025T12:07:13 - [TEST_STEP][PASSED] - println(day): null

28-03-2025T12:07:13 - [TEST_STEP][PASSED] - month = ")).toInteger(): null

28-03-2025T12:07:13 - [TEST_STEP][PASSED] - println(month): null

28-03-2025T12:07:13 - [TEST_STEP][PASSED] - y = <not implemented yet for class: org.codehaus.groovy.ast.expr.EmptyExpression>: null

28-03-2025T12:07:13 - [TEST_STEP][PASSED] - iy = <not implemented yet for class: org.codehaus.groovy.ast.expr.EmptyExpression>: null

28-03-2025T12:07:13 - [TEST_STEP][PASSED] - m = getText(findTestObject("Выполнение бизнес-плана/Период")): Text of object 'Object Repository/Выполнение бизнес-плана/Период' is: 'Январь 2025 года'

28-03-2025T12:07:14 - [MESSAGE][PASSED] - Text of object 'Object Repository/Выполнение бизнес-плана/Период' is: 'Январь 2025 года'

28-03-2025T12:07:14 - [TEST_STEP][PASSED] - iy = m.indexOf("20"): null

28-03-2025T12:07:14 - [TEST_STEP][PASSED] - if (iy > -1): null

28-03-2025T12:07:14 - [TEST_STEP][PASSED] - y = substring(iy, iy + 4).toInteger(): null

28-03-2025T12:07:14 - [TEST_STEP][PASSED] - println(y): null

28-03-2025T12:07:14 - [TEST_STEP][PASSED] - if (toString().length() == 4): null

28-03-2025T12:07:14 - [TEST_STEP][PASSED] - m = m.substring(0, m.indexOf(y.toString())): null

28-03-2025T12:07:14 - [TEST_STEP][PASSED] - m = m.trim(): null

28-03-2025T12:07:14 - [TEST_STEP][PASSED] - if (m == ""): null

28-03-2025T12:07:14 - [TEST_STEP][PASSED] - dashboardName = "Выполнение бизнес-плана": null

28-03-2025T12:07:14 - [TEST_STEP][PASSED] - workbook01 = getWorkbook(excelFilePath): null

28-03-2025T12:07:14 - [TEST_STEP][PASSED] - sheet01 = getExcelSheet(workbook01, sheetName): null

28-03-2025T12:07:14 - [TEST_STEP][PASSED] - setValueToCellByIndex(sheet01, n, 0, dashboardName): null

28-03-2025T12:07:14 - [TEST_STEP][PASSED] - setValueToCellByIndex(sheet01, n, 1, dZO): null

28-03-2025T12:07:14 - [TEST_STEP][PASSED] - setValueToCellByIndex(sheet01, n, 2, typeOfData): null

28-03-2025T12:07:14 - [TEST_STEP][PASSED] - if (typeOfData == "Факт в процентах" || typeOfData == "План в процентах"): null

28-03-2025T12:07:14 - [TEST_STEP][PASSED] - setValueToCellByIndex(sheet01, n, 3, fileDouble): null

28-03-2025T12:07:14 - [TEST_STEP][PASSED] - setValueToCellByIndex(sheet01, n, 4, "нет данных"): null

28-03-2025T12:07:14 - [TEST_STEP][PASSED] - setValueToCellByIndex(sheet01, n, 5, m): null

28-03-2025T12:07:14 - [TEST_STEP][PASSED] - setValueToCellByIndex(sheet01, n, 6, y): null

28-03-2025T12:07:14 - [TEST_STEP][PASSED] - setValueToCellByIndex(sheet01, n, 7, todaysDate): null

28-03-2025T12:07:14 - [TEST_STEP][PASSED] - n = n + 1: null

28-03-2025T12:07:14 - [TEST_STEP][PASSED] - saveWorkbook(excelFilePath, workbook01): null

28-03-2025T12:07:14 - [TEST_STEP][PASSED] - typeOfData = "Факт в процентах": null

28-03-2025T12:07:14 - [TEST_STEP][PASSED] - fileDouble = ").toDouble(): null

28-03-2025T12:07:14 - [TEST_STEP][PASSED] - Script1718980020443.WriteToExcelNoData(a, typeOfData, todaysDate, fileInt, fileDouble, dZO): null

28-03-2025T12:07:14 - [TEST_STEP][PASSED] - sheetName = "Sheet1": null

28-03-2025T12:07:14 - [TEST_STEP][PASSED] - data = findTestData("PlanFact"): null

28-03-2025T12:07:14 - [TEST_STEP][PASSED] - n = data.getRowNumbers() + 1: null

28-03-2025T12:07:14 - [TEST_STEP][PASSED] - day = ")).toInteger(): null

28-03-2025T12:07:14 - [TEST_STEP][PASSED] - println(day): null

28-03-2025T12:07:14 - [TEST_STEP][PASSED] - month = ")).toInteger(): null

28-03-2025T12:07:14 - [TEST_STEP][PASSED] - println(month): null

28-03-2025T12:07:14 - [TEST_STEP][PASSED] - y = <not implemented yet for class: org.codehaus.groovy.ast.expr.EmptyExpression>: null

28-03-2025T12:07:14 - [TEST_STEP][PASSED] - iy = <not implemented yet for class: org.codehaus.groovy.ast.expr.EmptyExpression>: null

28-03-2025T12:07:14 - [TEST_STEP][PASSED] - m = getText(findTestObject("Выполнение бизнес-плана/Период")): Text of object 'Object Repository/Выполнение бизнес-плана/Период' is: 'Январь 2025 года'

28-03-2025T12:07:14 - [MESSAGE][PASSED] - Text of object 'Object Repository/Выполнение бизнес-плана/Период' is: 'Январь 2025 года'

28-03-2025T12:07:14 - [TEST_STEP][PASSED] - iy = m.indexOf("20"): null

28-03-2025T12:07:14 - [TEST_STEP][PASSED] - if (iy > -1): null

28-03-2025T12:07:14 - [TEST_STEP][PASSED] - y = substring(iy, iy + 4).toInteger(): null

28-03-2025T12:07:14 - [TEST_STEP][PASSED] - println(y): null

28-03-2025T12:07:14 - [TEST_STEP][PASSED] - if (toString().length() == 4): null

28-03-2025T12:07:14 - [TEST_STEP][PASSED] - m = m.substring(0, m.indexOf(y.toString())): null

28-03-2025T12:07:14 - [TEST_STEP][PASSED] - m = m.trim(): null

28-03-2025T12:07:14 - [TEST_STEP][PASSED] - if (m == ""): null

28-03-2025T12:07:14 - [TEST_STEP][PASSED] - dashboardName = "Выполнение бизнес-плана": null

28-03-2025T12:07:14 - [TEST_STEP][PASSED] - workbook01 = getWorkbook(excelFilePath): null

28-03-2025T12:07:14 - [TEST_STEP][PASSED] - sheet01 = getExcelSheet(workbook01, sheetName): null

28-03-2025T12:07:14 - [TEST_STEP][PASSED] - setValueToCellByIndex(sheet01, n, 0, dashboardName): null

28-03-2025T12:07:14 - [TEST_STEP][PASSED] - setValueToCellByIndex(sheet01, n, 1, dZO): null

28-03-2025T12:07:14 - [TEST_STEP][PASSED] - setValueToCellByIndex(sheet01, n, 2, typeOfData): null

28-03-2025T12:07:14 - [TEST_STEP][PASSED] - if (typeOfData == "Факт в процентах" || typeOfData == "План в процентах"): null

28-03-2025T12:07:14 - [TEST_STEP][PASSED] - setValueToCellByIndex(sheet01, n, 3, fileDouble): null

28-03-2025T12:07:14 - [TEST_STEP][PASSED] - setValueToCellByIndex(sheet01, n, 4, "нет данных"): null

28-03-2025T12:07:14 - [TEST_STEP][PASSED] - setValueToCellByIndex(sheet01, n, 5, m): null

28-03-2025T12:07:14 - [TEST_STEP][PASSED] - setValueToCellByIndex(sheet01, n, 6, y): null

28-03-2025T12:07:14 - [TEST_STEP][PASSED] - setValueToCellByIndex(sheet01, n, 7, todaysDate): null

28-03-2025T12:07:14 - [TEST_STEP][PASSED] - n = n + 1: null

28-03-2025T12:07:14 - [TEST_STEP][PASSED] - saveWorkbook(excelFilePath, workbook01): null

28-03-2025T12:07:15 - [TEST_STEP][PASSED] - println(dzoNum): null

28-03-2025T12:07:15 - [TEST_STEP][PASSED] - dZO = "АО «Чеченэнерго»": null

28-03-2025T12:07:15 - [TEST_STEP][PASSED] - a = 72: null

28-03-2025T12:07:15 - [TEST_STEP][PASSED] - if (x1.contains("Чеченэнерго")): null

28-03-2025T12:07:15 - [TEST_STEP][PASSED] - else: null

28-03-2025T12:07:15 - [TEST_STEP][PASSED] - Script1718980020443.NoData(a, typeOfData, todaysDate, fileInt, fileDouble, dZO): null

28-03-2025T12:07:15 - [TEST_STEP][PASSED] - println(a): null

28-03-2025T12:07:15 - [TEST_STEP][PASSED] - println(todaysDate): null

28-03-2025T12:07:15 - [TEST_STEP][PASSED] - println(fileInt): null

28-03-2025T12:07:15 - [TEST_STEP][PASSED] - println(fileDouble): null

28-03-2025T12:07:15 - [TEST_STEP][PASSED] - println(dZO): null

28-03-2025T12:07:15 - [TEST_STEP][PASSED] - typeOfData = "Факт Отпуск в сеть": null

28-03-2025T12:07:15 - [TEST_STEP][PASSED] - fileInt = replaceAll("\s+", "").toInteger(): null

28-03-2025T12:07:15 - [TEST_STEP][PASSED] - Script1718980020443.WriteToExcelNoData(a, typeOfData, todaysDate, fileInt, fileDouble, dZO): null

28-03-2025T12:07:15 - [TEST_STEP][PASSED] - sheetName = "Sheet1": null

28-03-2025T12:07:15 - [TEST_STEP][PASSED] - data = findTestData("PlanFact"): null

28-03-2025T12:07:15 - [TEST_STEP][PASSED] - n = data.getRowNumbers() + 1: null

28-03-2025T12:07:15 - [TEST_STEP][PASSED] - day = ")).toInteger(): null

28-03-2025T12:07:15 - [TEST_STEP][PASSED] - println(day): null

28-03-2025T12:07:15 - [TEST_STEP][PASSED] - month = ")).toInteger(): null

28-03-2025T12:07:15 - [TEST_STEP][PASSED] - println(month): null

28-03-2025T12:07:15 - [TEST_STEP][PASSED] - y = <not implemented yet for class: org.codehaus.groovy.ast.expr.EmptyExpression>: null

28-03-2025T12:07:15 - [TEST_STEP][PASSED] - iy = <not implemented yet for class: org.codehaus.groovy.ast.expr.EmptyExpression>: null

28-03-2025T12:07:15 - [TEST_STEP][PASSED] - m = getText(findTestObject("Выполнение бизнес-плана/Период")): Text of object 'Object Repository/Выполнение бизнес-плана/Период' is: 'Январь 2025 года'

28-03-2025T12:07:15 - [MESSAGE][PASSED] - Text of object 'Object Repository/Выполнение бизнес-плана/Период' is: 'Январь 2025 года'

28-03-2025T12:07:15 - [TEST_STEP][PASSED] - iy = m.indexOf("20"): null

28-03-2025T12:07:15 - [TEST_STEP][PASSED] - if (iy > -1): null

28-03-2025T12:07:15 - [TEST_STEP][PASSED] - y = substring(iy, iy + 4).toInteger(): null

28-03-2025T12:07:15 - [TEST_STEP][PASSED] - println(y): null

28-03-2025T12:07:15 - [TEST_STEP][PASSED] - if (toString().length() == 4): null

28-03-2025T12:07:15 - [TEST_STEP][PASSED] - m = m.substring(0, m.indexOf(y.toString())): null

28-03-2025T12:07:15 - [TEST_STEP][PASSED] - m = m.trim(): null

28-03-2025T12:07:15 - [TEST_STEP][PASSED] - if (m == ""): null

28-03-2025T12:07:15 - [TEST_STEP][PASSED] - dashboardName = "Выполнение бизнес-плана": null

28-03-2025T12:07:15 - [TEST_STEP][PASSED] - workbook01 = getWorkbook(excelFilePath): null

28-03-2025T12:07:15 - [TEST_STEP][PASSED] - sheet01 = getExcelSheet(workbook01, sheetName): null

28-03-2025T12:07:15 - [TEST_STEP][PASSED] - setValueToCellByIndex(sheet01, n, 0, dashboardName): null

28-03-2025T12:07:15 - [TEST_STEP][PASSED] - setValueToCellByIndex(sheet01, n, 1, dZO): null

28-03-2025T12:07:15 - [TEST_STEP][PASSED] - setValueToCellByIndex(sheet01, n, 2, typeOfData): null

28-03-2025T12:07:15 - [TEST_STEP][PASSED] - if (typeOfData == "Факт в процентах" || typeOfData == "План в процентах"): null

28-03-2025T12:07:15 - [TEST_STEP][PASSED] - else: null

28-03-2025T12:07:15 - [TEST_STEP][PASSED] - setValueToCellByIndex(sheet01, n, 3, fileInt): null

28-03-2025T12:07:15 - [TEST_STEP][PASSED] - setValueToCellByIndex(sheet01, n, 4, "нет данных"): null

28-03-2025T12:07:15 - [TEST_STEP][PASSED] - setValueToCellByIndex(sheet01, n, 5, m): null

28-03-2025T12:07:15 - [TEST_STEP][PASSED] - setValueToCellByIndex(sheet01, n, 6, y): null

28-03-2025T12:07:15 - [TEST_STEP][PASSED] - setValueToCellByIndex(sheet01, n, 7, todaysDate): null

28-03-2025T12:07:15 - [TEST_STEP][PASSED] - n = n + 1: null

28-03-2025T12:07:15 - [TEST_STEP][PASSED] - saveWorkbook(excelFilePath, workbook01): null

28-03-2025T12:07:15 - [TEST_STEP][PASSED] - typeOfData = "Факт Потери": null

28-03-2025T12:07:15 - [TEST_STEP][PASSED] - fileInt = replaceAll("\s+", "").toInteger(): null

28-03-2025T12:07:15 - [TEST_STEP][PASSED] - Script1718980020443.WriteToExcelNoData(a, typeOfData, todaysDate, fileInt, fileDouble, dZO): null

28-03-2025T12:07:15 - [TEST_STEP][PASSED] - sheetName = "Sheet1": null

28-03-2025T12:07:15 - [TEST_STEP][PASSED] - data = findTestData("PlanFact"): null

28-03-2025T12:07:15 - [TEST_STEP][PASSED] - n = data.getRowNumbers() + 1: null

28-03-2025T12:07:15 - [TEST_STEP][PASSED] - day = ")).toInteger(): null

28-03-2025T12:07:15 - [TEST_STEP][PASSED] - println(day): null

28-03-2025T12:07:15 - [TEST_STEP][PASSED] - month = ")).toInteger(): null

28-03-2025T12:07:15 - [TEST_STEP][PASSED] - println(month): null

28-03-2025T12:07:15 - [TEST_STEP][PASSED] - y = <not implemented yet for class: org.codehaus.groovy.ast.expr.EmptyExpression>: null

28-03-2025T12:07:15 - [TEST_STEP][PASSED] - iy = <not implemented yet for class: org.codehaus.groovy.ast.expr.EmptyExpression>: null

28-03-2025T12:07:15 - [TEST_STEP][PASSED] - m = getText(findTestObject("Выполнение бизнес-плана/Период")): Text of object 'Object Repository/Выполнение бизнес-плана/Период' is: 'Январь 2025 года'

28-03-2025T12:07:16 - [MESSAGE][PASSED] - Text of object 'Object Repository/Выполнение бизнес-плана/Период' is: 'Январь 2025 года'

28-03-2025T12:07:16 - [TEST_STEP][PASSED] - iy = m.indexOf("20"): null

28-03-2025T12:07:16 - [TEST_STEP][PASSED] - if (iy > -1): null

28-03-2025T12:07:16 - [TEST_STEP][PASSED] - y = substring(iy, iy + 4).toInteger(): null

28-03-2025T12:07:16 - [TEST_STEP][PASSED] - println(y): null

28-03-2025T12:07:16 - [TEST_STEP][PASSED] - if (toString().length() == 4): null

28-03-2025T12:07:16 - [TEST_STEP][PASSED] - m = m.substring(0, m.indexOf(y.toString())): null

28-03-2025T12:07:16 - [TEST_STEP][PASSED] - m = m.trim(): null

28-03-2025T12:07:16 - [TEST_STEP][PASSED] - if (m == ""): null

28-03-2025T12:07:16 - [TEST_STEP][PASSED] - dashboardName = "Выполнение бизнес-плана": null

28-03-2025T12:07:16 - [TEST_STEP][PASSED] - workbook01 = getWorkbook(excelFilePath): null

28-03-2025T12:07:16 - [TEST_STEP][PASSED] - sheet01 = getExcelSheet(workbook01, sheetName): null

28-03-2025T12:07:16 - [TEST_STEP][PASSED] - setValueToCellByIndex(sheet01, n, 0, dashboardName): null

28-03-2025T12:07:16 - [TEST_STEP][PASSED] - setValueToCellByIndex(sheet01, n, 1, dZO): null

28-03-2025T12:07:16 - [TEST_STEP][PASSED] - setValueToCellByIndex(sheet01, n, 2, typeOfData): null

28-03-2025T12:07:16 - [TEST_STEP][PASSED] - if (typeOfData == "Факт в процентах" || typeOfData == "План в процентах"): null

28-03-2025T12:07:16 - [TEST_STEP][PASSED] - else: null

28-03-2025T12:07:16 - [TEST_STEP][PASSED] - setValueToCellByIndex(sheet01, n, 3, fileInt): null

28-03-2025T12:07:16 - [TEST_STEP][PASSED] - setValueToCellByIndex(sheet01, n, 4, "нет данных"): null

28-03-2025T12:07:16 - [TEST_STEP][PASSED] - setValueToCellByIndex(sheet01, n, 5, m): null

28-03-2025T12:07:16 - [TEST_STEP][PASSED] - setValueToCellByIndex(sheet01, n, 6, y): null

28-03-2025T12:07:16 - [TEST_STEP][PASSED] - setValueToCellByIndex(sheet01, n, 7, todaysDate): null

28-03-2025T12:07:16 - [TEST_STEP][PASSED] - n = n + 1: null

28-03-2025T12:07:16 - [TEST_STEP][PASSED] - saveWorkbook(excelFilePath, workbook01): null

28-03-2025T12:07:16 - [TEST_STEP][PASSED] - typeOfData = "План Отпуск в сеть": null

28-03-2025T12:07:16 - [TEST_STEP][PASSED] - fileInt = replaceAll("\s+", "").toInteger(): null

28-03-2025T12:07:16 - [TEST_STEP][PASSED] - Script1718980020443.WriteToExcelNoData(a, typeOfData, todaysDate, fileInt, fileDouble, dZO): null

28-03-2025T12:07:16 - [TEST_STEP][PASSED] - sheetName = "Sheet1": null

28-03-2025T12:07:16 - [TEST_STEP][PASSED] - data = findTestData("PlanFact"): null

28-03-2025T12:07:16 - [TEST_STEP][PASSED] - n = data.getRowNumbers() + 1: null

28-03-2025T12:07:16 - [TEST_STEP][PASSED] - day = ")).toInteger(): null

28-03-2025T12:07:16 - [TEST_STEP][PASSED] - println(day): null

28-03-2025T12:07:16 - [TEST_STEP][PASSED] - month = ")).toInteger(): null

28-03-2025T12:07:16 - [TEST_STEP][PASSED] - println(month): null

28-03-2025T12:07:16 - [TEST_STEP][PASSED] - y = <not implemented yet for class: org.codehaus.groovy.ast.expr.EmptyExpression>: null

28-03-2025T12:07:16 - [TEST_STEP][PASSED] - iy = <not implemented yet for class: org.codehaus.groovy.ast.expr.EmptyExpression>: null

28-03-2025T12:07:16 - [TEST_STEP][PASSED] - m = getText(findTestObject("Выполнение бизнес-плана/Период")): Text of object 'Object Repository/Выполнение бизнес-плана/Период' is: 'Январь 2025 года'

28-03-2025T12:07:16 - [MESSAGE][PASSED] - Text of object 'Object Repository/Выполнение бизнес-плана/Период' is: 'Январь 2025 года'

28-03-2025T12:07:16 - [TEST_STEP][PASSED] - iy = m.indexOf("20"): null

28-03-2025T12:07:16 - [TEST_STEP][PASSED] - if (iy > -1): null

28-03-2025T12:07:16 - [TEST_STEP][PASSED] - y = substring(iy, iy + 4).toInteger(): null

28-03-2025T12:07:16 - [TEST_STEP][PASSED] - println(y): null

28-03-2025T12:07:16 - [TEST_STEP][PASSED] - if (toString().length() == 4): null

28-03-2025T12:07:16 - [TEST_STEP][PASSED] - m = m.substring(0, m.indexOf(y.toString())): null

28-03-2025T12:07:16 - [TEST_STEP][PASSED] - m = m.trim(): null

28-03-2025T12:07:16 - [TEST_STEP][PASSED] - if (m == ""): null

28-03-2025T12:07:16 - [TEST_STEP][PASSED] - dashboardName = "Выполнение бизнес-плана": null

28-03-2025T12:07:16 - [TEST_STEP][PASSED] - workbook01 = getWorkbook(excelFilePath): null

28-03-2025T12:07:16 - [TEST_STEP][PASSED] - sheet01 = getExcelSheet(workbook01, sheetName): null

28-03-2025T12:07:16 - [TEST_STEP][PASSED] - setValueToCellByIndex(sheet01, n, 0, dashboardName): null

28-03-2025T12:07:16 - [TEST_STEP][PASSED] - setValueToCellByIndex(sheet01, n, 1, dZO): null

28-03-2025T12:07:16 - [TEST_STEP][PASSED] - setValueToCellByIndex(sheet01, n, 2, typeOfData): null

28-03-2025T12:07:16 - [TEST_STEP][PASSED] - if (typeOfData == "Факт в процентах" || typeOfData == "План в процентах"): null

28-03-2025T12:07:16 - [TEST_STEP][PASSED] - else: null

28-03-2025T12:07:16 - [TEST_STEP][PASSED] - setValueToCellByIndex(sheet01, n, 3, fileInt): null

28-03-2025T12:07:16 - [TEST_STEP][PASSED] - setValueToCellByIndex(sheet01, n, 4, "нет данных"): null

28-03-2025T12:07:16 - [TEST_STEP][PASSED] - setValueToCellByIndex(sheet01, n, 5, m): null

28-03-2025T12:07:16 - [TEST_STEP][PASSED] - setValueToCellByIndex(sheet01, n, 6, y): null

28-03-2025T12:07:16 - [TEST_STEP][PASSED] - setValueToCellByIndex(sheet01, n, 7, todaysDate): null

28-03-2025T12:07:16 - [TEST_STEP][PASSED] - n = n + 1: null

28-03-2025T12:07:16 - [TEST_STEP][PASSED] - saveWorkbook(excelFilePath, workbook01): null

28-03-2025T12:07:17 - [TEST_STEP][PASSED] - typeOfData = "План Потери": null

28-03-2025T12:07:17 - [TEST_STEP][PASSED] - fileInt = replaceAll("\s+", "").toInteger(): null

28-03-2025T12:07:17 - [TEST_STEP][PASSED] - Script1718980020443.WriteToExcelNoData(a, typeOfData, todaysDate, fileInt, fileDouble, dZO): null

28-03-2025T12:07:17 - [TEST_STEP][PASSED] - sheetName = "Sheet1": null

28-03-2025T12:07:17 - [TEST_STEP][PASSED] - data = findTestData("PlanFact"): null

28-03-2025T12:07:17 - [TEST_STEP][PASSED] - n = data.getRowNumbers() + 1: null

28-03-2025T12:07:17 - [TEST_STEP][PASSED] - day = ")).toInteger(): null

28-03-2025T12:07:17 - [TEST_STEP][PASSED] - println(day): null

28-03-2025T12:07:17 - [TEST_STEP][PASSED] - month = ")).toInteger(): null

28-03-2025T12:07:17 - [TEST_STEP][PASSED] - println(month): null

28-03-2025T12:07:17 - [TEST_STEP][PASSED] - y = <not implemented yet for class: org.codehaus.groovy.ast.expr.EmptyExpression>: null

28-03-2025T12:07:17 - [TEST_STEP][PASSED] - iy = <not implemented yet for class: org.codehaus.groovy.ast.expr.EmptyExpression>: null

28-03-2025T12:07:17 - [TEST_STEP][PASSED] - m = getText(findTestObject("Выполнение бизнес-плана/Период")): Text of object 'Object Repository/Выполнение бизнес-плана/Период' is: 'Январь 2025 года'

28-03-2025T12:07:17 - [MESSAGE][PASSED] - Text of object 'Object Repository/Выполнение бизнес-плана/Период' is: 'Январь 2025 года'

28-03-2025T12:07:17 - [TEST_STEP][PASSED] - iy = m.indexOf("20"): null

28-03-2025T12:07:17 - [TEST_STEP][PASSED] - if (iy > -1): null

28-03-2025T12:07:17 - [TEST_STEP][PASSED] - y = substring(iy, iy + 4).toInteger(): null

28-03-2025T12:07:17 - [TEST_STEP][PASSED] - println(y): null

28-03-2025T12:07:17 - [TEST_STEP][PASSED] - if (toString().length() == 4): null

28-03-2025T12:07:17 - [TEST_STEP][PASSED] - m = m.substring(0, m.indexOf(y.toString())): null

28-03-2025T12:07:17 - [TEST_STEP][PASSED] - m = m.trim(): null

28-03-2025T12:07:17 - [TEST_STEP][PASSED] - if (m == ""): null

28-03-2025T12:07:17 - [TEST_STEP][PASSED] - dashboardName = "Выполнение бизнес-плана": null

28-03-2025T12:07:17 - [TEST_STEP][PASSED] - workbook01 = getWorkbook(excelFilePath): null

28-03-2025T12:07:17 - [TEST_STEP][PASSED] - sheet01 = getExcelSheet(workbook01, sheetName): null

28-03-2025T12:07:17 - [TEST_STEP][PASSED] - setValueToCellByIndex(sheet01, n, 0, dashboardName): null

28-03-2025T12:07:17 - [TEST_STEP][PASSED] - setValueToCellByIndex(sheet01, n, 1, dZO): null

28-03-2025T12:07:17 - [TEST_STEP][PASSED] - setValueToCellByIndex(sheet01, n, 2, typeOfData): null

28-03-2025T12:07:17 - [TEST_STEP][PASSED] - if (typeOfData == "Факт в процентах" || typeOfData == "План в процентах"): null

28-03-2025T12:07:17 - [TEST_STEP][PASSED] - else: null

28-03-2025T12:07:17 - [TEST_STEP][PASSED] - setValueToCellByIndex(sheet01, n, 3, fileInt): null

28-03-2025T12:07:17 - [TEST_STEP][PASSED] - setValueToCellByIndex(sheet01, n, 4, "нет данных"): null

28-03-2025T12:07:17 - [TEST_STEP][PASSED] - setValueToCellByIndex(sheet01, n, 5, m): null

28-03-2025T12:07:17 - [TEST_STEP][PASSED] - setValueToCellByIndex(sheet01, n, 6, y): null

28-03-2025T12:07:17 - [TEST_STEP][PASSED] - setValueToCellByIndex(sheet01, n, 7, todaysDate): null

28-03-2025T12:07:17 - [TEST_STEP][PASSED] - n = n + 1: null

28-03-2025T12:07:17 - [TEST_STEP][PASSED] - saveWorkbook(excelFilePath, workbook01): null

28-03-2025T12:07:17 - [TEST_STEP][PASSED] - typeOfData = "План в процентах": null

28-03-2025T12:07:17 - [TEST_STEP][PASSED] - fileDouble = ").toDouble(): null

28-03-2025T12:07:17 - [TEST_STEP][PASSED] - Script1718980020443.WriteToExcelNoData(a, typeOfData, todaysDate, fileInt, fileDouble, dZO): null

28-03-2025T12:07:17 - [TEST_STEP][PASSED] - sheetName = "Sheet1": null

28-03-2025T12:07:17 - [TEST_STEP][PASSED] - data = findTestData("PlanFact"): null

28-03-2025T12:07:17 - [TEST_STEP][PASSED] - n = data.getRowNumbers() + 1: null

28-03-2025T12:07:17 - [TEST_STEP][PASSED] - day = ")).toInteger(): null

28-03-2025T12:07:17 - [TEST_STEP][PASSED] - println(day): null

28-03-2025T12:07:17 - [TEST_STEP][PASSED] - month = ")).toInteger(): null

28-03-2025T12:07:17 - [TEST_STEP][PASSED] - println(month): null

28-03-2025T12:07:17 - [TEST_STEP][PASSED] - y = <not implemented yet for class: org.codehaus.groovy.ast.expr.EmptyExpression>: null

28-03-2025T12:07:17 - [TEST_STEP][PASSED] - iy = <not implemented yet for class: org.codehaus.groovy.ast.expr.EmptyExpression>: null

28-03-2025T12:07:17 - [TEST_STEP][PASSED] - m = getText(findTestObject("Выполнение бизнес-плана/Период")): Text of object 'Object Repository/Выполнение бизнес-плана/Период' is: 'Январь 2025 года'

28-03-2025T12:07:18 - [MESSAGE][PASSED] - Text of object 'Object Repository/Выполнение бизнес-плана/Период' is: 'Январь 2025 года'

28-03-2025T12:07:18 - [TEST_STEP][PASSED] - iy = m.indexOf("20"): null

28-03-2025T12:07:18 - [TEST_STEP][PASSED] - if (iy > -1): null

28-03-2025T12:07:18 - [TEST_STEP][PASSED] - y = substring(iy, iy + 4).toInteger(): null

28-03-2025T12:07:18 - [TEST_STEP][PASSED] - println(y): null

28-03-2025T12:07:18 - [TEST_STEP][PASSED] - if (toString().length() == 4): null

28-03-2025T12:07:18 - [TEST_STEP][PASSED] - m = m.substring(0, m.indexOf(y.toString())): null

28-03-2025T12:07:18 - [TEST_STEP][PASSED] - m = m.trim(): null

28-03-2025T12:07:18 - [TEST_STEP][PASSED] - if (m == ""): null

28-03-2025T12:07:18 - [TEST_STEP][PASSED] - dashboardName = "Выполнение бизнес-плана": null

28-03-2025T12:07:18 - [TEST_STEP][PASSED] - workbook01 = getWorkbook(excelFilePath): null

28-03-2025T12:07:18 - [TEST_STEP][PASSED] - sheet01 = getExcelSheet(workbook01, sheetName): null

28-03-2025T12:07:18 - [TEST_STEP][PASSED] - setValueToCellByIndex(sheet01, n, 0, dashboardName): null

28-03-2025T12:07:18 - [TEST_STEP][PASSED] - setValueToCellByIndex(sheet01, n, 1, dZO): null

28-03-2025T12:07:18 - [TEST_STEP][PASSED] - setValueToCellByIndex(sheet01, n, 2, typeOfData): null

28-03-2025T12:07:18 - [TEST_STEP][PASSED] - if (typeOfData == "Факт в процентах" || typeOfData == "План в процентах"): null

28-03-2025T12:07:18 - [TEST_STEP][PASSED] - setValueToCellByIndex(sheet01, n, 3, fileDouble): null

28-03-2025T12:07:18 - [TEST_STEP][PASSED] - setValueToCellByIndex(sheet01, n, 4, "нет данных"): null

28-03-2025T12:07:18 - [TEST_STEP][PASSED] - setValueToCellByIndex(sheet01, n, 5, m): null

28-03-2025T12:07:18 - [TEST_STEP][PASSED] - setValueToCellByIndex(sheet01, n, 6, y): null

28-03-2025T12:07:18 - [TEST_STEP][PASSED] - setValueToCellByIndex(sheet01, n, 7, todaysDate): null

28-03-2025T12:07:18 - [TEST_STEP][PASSED] - n = n + 1: null

28-03-2025T12:07:18 - [TEST_STEP][PASSED] - saveWorkbook(excelFilePath, workbook01): null

28-03-2025T12:07:18 - [TEST_STEP][PASSED] - typeOfData = "Факт в процентах": null

28-03-2025T12:07:18 - [TEST_STEP][PASSED] - fileDouble = ").toDouble(): null

28-03-2025T12:07:18 - [TEST_STEP][PASSED] - Script1718980020443.WriteToExcelNoData(a, typeOfData, todaysDate, fileInt, fileDouble, dZO): null

28-03-2025T12:07:18 - [TEST_STEP][PASSED] - sheetName = "Sheet1": null

28-03-2025T12:07:18 - [TEST_STEP][PASSED] - data = findTestData("PlanFact"): null

28-03-2025T12:07:18 - [TEST_STEP][PASSED] - n = data.getRowNumbers() + 1: null

28-03-2025T12:07:18 - [TEST_STEP][PASSED] - day = ")).toInteger(): null

28-03-2025T12:07:18 - [TEST_STEP][PASSED] - println(day): null

28-03-2025T12:07:18 - [TEST_STEP][PASSED] - month = ")).toInteger(): null

28-03-2025T12:07:18 - [TEST_STEP][PASSED] - println(month): null

28-03-2025T12:07:18 - [TEST_STEP][PASSED] - y = <not implemented yet for class: org.codehaus.groovy.ast.expr.EmptyExpression>: null

28-03-2025T12:07:18 - [TEST_STEP][PASSED] - iy = <not implemented yet for class: org.codehaus.groovy.ast.expr.EmptyExpression>: null

28-03-2025T12:07:18 - [TEST_STEP][PASSED] - m = getText(findTestObject("Выполнение бизнес-плана/Период")): Text of object 'Object Repository/Выполнение бизнес-плана/Период' is: 'Январь 2025 года'

28-03-2025T12:07:18 - [MESSAGE][PASSED] - Text of object 'Object Repository/Выполнение бизнес-плана/Период' is: 'Январь 2025 года'

28-03-2025T12:07:18 - [TEST_STEP][PASSED] - iy = m.indexOf("20"): null

28-03-2025T12:07:18 - [TEST_STEP][PASSED] - if (iy > -1): null

28-03-2025T12:07:18 - [TEST_STEP][PASSED] - y = substring(iy, iy + 4).toInteger(): null

28-03-2025T12:07:18 - [TEST_STEP][PASSED] - println(y): null

28-03-2025T12:07:18 - [TEST_STEP][PASSED] - if (toString().length() == 4): null

28-03-2025T12:07:18 - [TEST_STEP][PASSED] - m = m.substring(0, m.indexOf(y.toString())): null

28-03-2025T12:07:18 - [TEST_STEP][PASSED] - m = m.trim(): null

28-03-2025T12:07:18 - [TEST_STEP][PASSED] - if (m == ""): null

28-03-2025T12:07:18 - [TEST_STEP][PASSED] - dashboardName = "Выполнение бизнес-плана": null

28-03-2025T12:07:18 - [TEST_STEP][PASSED] - workbook01 = getWorkbook(excelFilePath): null

28-03-2025T12:07:18 - [TEST_STEP][PASSED] - sheet01 = getExcelSheet(workbook01, sheetName): null

28-03-2025T12:07:18 - [TEST_STEP][PASSED] - setValueToCellByIndex(sheet01, n, 0, dashboardName): null

28-03-2025T12:07:18 - [TEST_STEP][PASSED] - setValueToCellByIndex(sheet01, n, 1, dZO): null

28-03-2025T12:07:18 - [TEST_STEP][PASSED] - setValueToCellByIndex(sheet01, n, 2, typeOfData): null

28-03-2025T12:07:18 - [TEST_STEP][PASSED] - if (typeOfData == "Факт в процентах" || typeOfData == "План в процентах"): null

28-03-2025T12:07:18 - [TEST_STEP][PASSED] - setValueToCellByIndex(sheet01, n, 3, fileDouble): null

28-03-2025T12:07:18 - [TEST_STEP][PASSED] - setValueToCellByIndex(sheet01, n, 4, "нет данных"): null

28-03-2025T12:07:18 - [TEST_STEP][PASSED] - setValueToCellByIndex(sheet01, n, 5, m): null

28-03-2025T12:07:18 - [TEST_STEP][PASSED] - setValueToCellByIndex(sheet01, n, 6, y): null

28-03-2025T12:07:18 - [TEST_STEP][PASSED] - setValueToCellByIndex(sheet01, n, 7, todaysDate): null

28-03-2025T12:07:18 - [TEST_STEP][PASSED] - n = n + 1: null

28-03-2025T12:07:18 - [TEST_STEP][PASSED] - saveWorkbook(excelFilePath, workbook01): null

28-03-2025T12:07:19 - [TEST_STEP][PASSED] - println(dzoNum): null

28-03-2025T12:07:19 - [TEST_STEP][PASSED] - a = 28: null

28-03-2025T12:07:19 - [TEST_STEP][PASSED] - dZO = "Россети Волга": null

28-03-2025T12:07:19 - [TEST_STEP][PASSED] - if (x1.contains("Волга")): null

28-03-2025T12:07:19 - [TEST_STEP][PASSED] - dzoNum = dzoNum + 1: null

28-03-2025T12:07:19 - [TEST_STEP][PASSED] - Script1718980020443.Numbers(a, typeOfData, todaysDate, pageInt, fileInt, pageDouble, fileDouble, dZO, dzoNum, filialNum): null

28-03-2025T12:07:19 - [TEST_STEP][PASSED] - println(dzoNum): null

28-03-2025T12:07:19 - [TEST_STEP][PASSED] - planFact = <not implemented yet for class: org.codehaus.groovy.ast.expr.EmptyExpression>: null

28-03-2025T12:07:19 - [TEST_STEP][PASSED] - page = <not implemented yet for class: org.codehaus.groovy.ast.expr.EmptyExpression>: null

28-03-2025T12:07:19 - [TEST_STEP][PASSED] - page1 = <not implemented yet for class: org.codehaus.groovy.ast.expr.EmptyExpression>: null

28-03-2025T12:07:19 - [TEST_STEP][PASSED] - page2 = <not implemented yet for class: org.codehaus.groovy.ast.expr.EmptyExpression>: null

28-03-2025T12:07:19 - [TEST_STEP][PASSED] - filialNumberInRow = <not implemented yet for class: org.codehaus.groovy.ast.expr.EmptyExpression>: null

28-03-2025T12:07:19 - [TEST_STEP][PASSED] - filialsDzoNames = <not implemented yet for class: org.codehaus.groovy.ast.expr.EmptyExpression>: null

28-03-2025T12:07:19 - [TEST_STEP][PASSED] - numberOfFilials = <not implemented yet for class: org.codehaus.groovy.ast.expr.EmptyExpression>: null

28-03-2025T12:07:19 - [TEST_STEP][PASSED] - numberOfSpaces = <not implemented yet for class: org.codehaus.groovy.ast.expr.EmptyExpression>: null

28-03-2025T12:07:19 - [TEST_STEP][PASSED] - file = <not implemented yet for class: org.codehaus.groovy.ast.expr.EmptyExpression>: null

28-03-2025T12:07:19 - [TEST_STEP][PASSED] - otpusk = <not implemented yet for class: org.codehaus.groovy.ast.expr.EmptyExpression>: null

28-03-2025T12:07:19 - [TEST_STEP][PASSED] - poteri = <not implemented yet for class: org.codehaus.groovy.ast.expr.EmptyExpression>: null

28-03-2025T12:07:19 - [TEST_STEP][PASSED] - dataFolder = "Выполнение бизнес-плана/Значения со страницы Выполнение бизнес-плана/": null

28-03-2025T12:07:19 - [TEST_STEP][PASSED] - path = <not implemented yet for class: org.codehaus.groovy.ast.expr.EmptyExpression>: null

28-03-2025T12:07:19 - [TEST_STEP][PASSED] - typeOfDataMain = <not implemented yet for class: org.codehaus.groovy.ast.expr.EmptyExpression>: null

28-03-2025T12:07:19 - [TEST_STEP][PASSED] - fileOtpuskVSet = <not implemented yet for class: org.codehaus.groovy.ast.expr.EmptyExpression>: null

28-03-2025T12:07:19 - [TEST_STEP][PASSED] - pageOtpuskVSet = <not implemented yet for class: org.codehaus.groovy.ast.expr.EmptyExpression>: null

28-03-2025T12:07:19 - [TEST_STEP][PASSED] - filePoteri = <not implemented yet for class: org.codehaus.groovy.ast.expr.EmptyExpression>: null

28-03-2025T12:07:19 - [TEST_STEP][PASSED] - pagePoteri = <not implemented yet for class: org.codehaus.groovy.ast.expr.EmptyExpression>: null

28-03-2025T12:07:19 - [TEST_STEP][PASSED] - compare = <not implemented yet for class: org.codehaus.groovy.ast.expr.EmptyExpression>: null

28-03-2025T12:07:19 - [TEST_STEP][PASSED] - b = <not implemented yet for class: org.codehaus.groovy.ast.expr.EmptyExpression>: null

28-03-2025T12:07:19 - [TEST_STEP][PASSED] - i = <not implemented yet for class: org.codehaus.groovy.ast.expr.EmptyExpression>: null

28-03-2025T12:07:19 - [TEST_STEP][PASSED] - ii = <not implemented yet for class: org.codehaus.groovy.ast.expr.EmptyExpression>: null

28-03-2025T12:07:19 - [TEST_STEP][PASSED] - c = <not implemented yet for class: org.codehaus.groovy.ast.expr.EmptyExpression>: null

28-03-2025T12:07:19 - [TEST_STEP][PASSED] - numberOfErrors = 0: null

28-03-2025T12:07:19 - [TEST_STEP][PASSED] - if (a == 82): null

28-03-2025T12:07:19 - [TEST_STEP][PASSED] - b = findTestData("PlanFact").getValue(1, a): null

28-03-2025T12:07:19 - [TEST_STEP][PASSED] - i = b.indexOf(" (ГК)"): null

28-03-2025T12:07:19 - [TEST_STEP][PASSED] - if (i > -1): null

28-03-2025T12:07:19 - [TEST_STEP][PASSED] - b = b.substring(0, i): null

28-03-2025T12:07:19 - [TEST_STEP][PASSED] - i = b.indexOf("О ""): null

28-03-2025T12:07:19 - [TEST_STEP][PASSED] - if (i > -1): null

28-03-2025T12:07:19 - [TEST_STEP][PASSED] - i = b.indexOf("О «"): null

28-03-2025T12:07:19 - [TEST_STEP][PASSED] - if (i > -1): null

28-03-2025T12:07:19 - [TEST_STEP][PASSED] - i = b.indexOf("г. "): null

28-03-2025T12:07:19 - [TEST_STEP][PASSED] - if (i > -1): null

28-03-2025T12:07:19 - [TEST_STEP][PASSED] - b = b.trim(): null

28-03-2025T12:07:19 - [TEST_STEP][PASSED] - println(b): null

28-03-2025T12:07:19 - [TEST_STEP][PASSED] - for ([planFact = 1, planFact < 3, (planFact++)]): null

28-03-2025T12:07:19 - [TEST_STEP][PASSED] - if (planFact == 1): null

28-03-2025T12:07:19 - [TEST_STEP][PASSED] - typeOfDataMain = "Факт": null

28-03-2025T12:07:19 - [TEST_STEP][PASSED] - otpusk = findTestData("PlanFact").getValue(5, a): null

28-03-2025T12:07:19 - [TEST_STEP][PASSED] - poteri = findTestData("PlanFact").getValue(6, a): null

28-03-2025T12:07:19 - [TEST_STEP][PASSED] - otpusk = otpusk.replaceAll("\s+", ""): null

28-03-2025T12:07:19 - [TEST_STEP][PASSED] - poteri = poteri.replaceAll("\s+", ""): null

28-03-2025T12:07:19 - [TEST_STEP][PASSED] - typeOfData = typeOfDataMain + " Отпуск в сеть": null

28-03-2025T12:07:19 - [TEST_STEP][PASSED] - if (a == 82): null

28-03-2025T12:07:19 - [TEST_STEP][PASSED] - else if (a == 84): null

28-03-2025T12:07:19 - [TEST_STEP][PASSED] - else if (a == 83 || a == 52 || a == 72 || a == 28 || a == 73 || a == 77 || a == 74 || a == 65 || a == 36 || a == 44 || a == 53 || a == 80 || a == 54 || a == 1 || a == 18 || a == 59 || a == 81): null

28-03-2025T12:07:19 - [TEST_STEP][PASSED] - path = dataFolder + "Table Data/" + typeOfData + " за отчётный период " + dzoNum: null

28-03-2025T12:07:19 - [TEST_STEP][PASSED] - println(path): null

28-03-2025T12:07:19 - [TEST_STEP][PASSED] - page = getText(findTestObject(path)): Text of object 'Object Repository/Выполнение бизнес-плана/Значения со страницы Выполнение бизнес-плана/Table Data/Факт Отпуск в сеть за отчётный период 2' is: '3 856 981'

28-03-2025T12:07:19 - [MESSAGE][PASSED] - Text of object 'Object Repository/Выполнение бизнес-плана/Значения со страницы Выполнение бизнес-плана/Table Data/Факт Отпуск в сеть за отчётный период 2' is: '3 856 981'

28-03-2025T12:07:19 - [TEST_STEP][PASSED] - if (page == "" || page == null): null

28-03-2025T12:07:19 - [TEST_STEP][PASSED] - else: null

28-03-2025T12:07:19 - [TEST_STEP][PASSED] - page = page.replaceAll("\s+", ""): null

28-03-2025T12:07:19 - [TEST_STEP][PASSED] - if (page == "undefined"): null

28-03-2025T12:07:19 - [TEST_STEP][PASSED] - fileOtpuskVSet = otpusk.toInteger(): null

28-03-2025T12:07:19 - [TEST_STEP][PASSED] - pageOtpuskVSet = page.toInteger(): null

28-03-2025T12:07:19 - [TEST_STEP][PASSED] - typeOfData = typeOfDataMain + " Потери": null

28-03-2025T12:07:19 - [TEST_STEP][PASSED] - if (a == 82): null

28-03-2025T12:07:19 - [TEST_STEP][PASSED] - else if (a == 84): null

28-03-2025T12:07:19 - [TEST_STEP][PASSED] - else if (a == 83 || a == 52 || a == 72 || a == 28 || a == 73 || a == 77 || a == 74 || a == 65 || a == 44 || a == 53 || a == 80 || a == 54 || a == 1 || a == 18 || a == 59 || a == 81): null

28-03-2025T12:07:19 - [TEST_STEP][PASSED] - path = dataFolder + "Table Data/" + typeOfData + " за отчётный период " + dzoNum: null

28-03-2025T12:07:19 - [TEST_STEP][PASSED] - page = getText(findTestObject(path)): Text of object 'Object Repository/Выполнение бизнес-плана/Значения со страницы Выполнение бизнес-плана/Table Data/Факт Потери за отчётный период 2' is: '3 214 611'

28-03-2025T12:07:20 - [MESSAGE][PASSED] - Text of object 'Object Repository/Выполнение бизнес-плана/Значения со страницы Выполнение бизнес-плана/Table Data/Факт Потери за отчётный период 2' is: '3 214 611'

28-03-2025T12:07:20 - [TEST_STEP][PASSED] - if (page == "" || page == null): null

28-03-2025T12:07:20 - [TEST_STEP][PASSED] - else: null

28-03-2025T12:07:20 - [TEST_STEP][PASSED] - page = page.replaceAll("\s+", ""): null

28-03-2025T12:07:20 - [TEST_STEP][PASSED] - if (page == "undefined"): null

28-03-2025T12:07:20 - [TEST_STEP][PASSED] - filePoteri = poteri.toInteger(): null

28-03-2025T12:07:20 - [TEST_STEP][PASSED] - pagePoteri = page.toInteger(): null

28-03-2025T12:07:20 - [TEST_STEP][PASSED] - compare = pageOtpuskVSet: null

28-03-2025T12:07:20 - [TEST_STEP][PASSED] - if (pageOtpuskVSet != null): null

28-03-2025T12:07:20 - [TEST_STEP][PASSED] - if (compare == fileOtpuskVSet): null

28-03-2025T12:07:20 - [TEST_STEP][PASSED] - else if (compare > fileOtpuskVSet): null

28-03-2025T12:07:20 - [TEST_STEP][PASSED] - else if (compare < fileOtpuskVSet): null

28-03-2025T12:07:20 - [TEST_STEP][PASSED] - compare = compare + 1: null

28-03-2025T12:07:20 - [TEST_STEP][PASSED] - if (compare == fileOtpuskVSet): null

28-03-2025T12:07:20 - [TEST_STEP][PASSED] - else: null

28-03-2025T12:07:20 - [TEST_STEP][PASSED] - numberOfErrors = numberOfErrors + 1: null

28-03-2025T12:07:20 - [TEST_STEP][PASSED] - pageInt = pageOtpuskVSet: null

28-03-2025T12:07:20 - [TEST_STEP][PASSED] - fileInt = fileOtpuskVSet: null

28-03-2025T12:07:20 - [TEST_STEP][PASSED] - typeOfData = typeOfDataMain + " Отпуск в сеть": null

28-03-2025T12:07:20 - [TEST_STEP][PASSED] - Script1718980020443.WriteToExcel(a, typeOfData, todaysDate, pageInt, fileInt, pageDouble, fileDouble, dZO): null

28-03-2025T12:07:20 - [TEST_STEP][PASSED] - sheetName = "Sheet1": null

28-03-2025T12:07:20 - [TEST_STEP][PASSED] - data = findTestData("PlanFact"): null

28-03-2025T12:07:20 - [TEST_STEP][PASSED] - n = data.getRowNumbers() + 1: null

28-03-2025T12:07:20 - [TEST_STEP][PASSED] - day = ")).toInteger(): null

28-03-2025T12:07:20 - [TEST_STEP][PASSED] - println(day): null

28-03-2025T12:07:20 - [TEST_STEP][PASSED] - month = ")).toInteger(): null

28-03-2025T12:07:20 - [TEST_STEP][PASSED] - println(month): null

28-03-2025T12:07:20 - [TEST_STEP][PASSED] - y = <not implemented yet for class: org.codehaus.groovy.ast.expr.EmptyExpression>: null

28-03-2025T12:07:20 - [TEST_STEP][PASSED] - iy = <not implemented yet for class: org.codehaus.groovy.ast.expr.EmptyExpression>: null

28-03-2025T12:07:20 - [TEST_STEP][PASSED] - m = getText(findTestObject("Выполнение бизнес-плана/Период")): Text of object 'Object Repository/Выполнение бизнес-плана/Период' is: 'Январь 2025 года'

28-03-2025T12:07:20 - [MESSAGE][PASSED] - Text of object 'Object Repository/Выполнение бизнес-плана/Период' is: 'Январь 2025 года'

28-03-2025T12:07:20 - [TEST_STEP][PASSED] - iy = m.indexOf("20"): null

28-03-2025T12:07:20 - [TEST_STEP][PASSED] - if (iy > -1): null

28-03-2025T12:07:20 - [TEST_STEP][PASSED] - y = substring(iy, iy + 4).toInteger(): null

28-03-2025T12:07:20 - [TEST_STEP][PASSED] - println(y): null

28-03-2025T12:07:20 - [TEST_STEP][PASSED] - if (toString().length() == 4): null

28-03-2025T12:07:20 - [TEST_STEP][PASSED] - m = m.substring(0, m.indexOf(y.toString())): null

28-03-2025T12:07:20 - [TEST_STEP][PASSED] - m = m.trim(): null

28-03-2025T12:07:20 - [TEST_STEP][PASSED] - if (m == ""): null

28-03-2025T12:07:20 - [TEST_STEP][PASSED] - dashboardName = "Выполнение бизнес-плана": null

28-03-2025T12:07:20 - [TEST_STEP][PASSED] - workbook01 = getWorkbook(excelFilePath): null

28-03-2025T12:07:20 - [TEST_STEP][PASSED] - sheet01 = getExcelSheet(workbook01, sheetName): null

28-03-2025T12:07:20 - [TEST_STEP][PASSED] - setValueToCellByIndex(sheet01, n, 0, dashboardName): null

28-03-2025T12:07:20 - [TEST_STEP][PASSED] - setValueToCellByIndex(sheet01, n, 1, dZO): null

28-03-2025T12:07:20 - [TEST_STEP][PASSED] - setValueToCellByIndex(sheet01, n, 2, typeOfData): null

28-03-2025T12:07:20 - [TEST_STEP][PASSED] - if (typeOfData == "Факт в процентах" || typeOfData == "План в процентах"): null

28-03-2025T12:07:20 - [TEST_STEP][PASSED] - else: null

28-03-2025T12:07:20 - [TEST_STEP][PASSED] - setValueToCellByIndex(sheet01, n, 3, fileInt): null

28-03-2025T12:07:20 - [TEST_STEP][PASSED] - setValueToCellByIndex(sheet01, n, 4, pageInt): null

28-03-2025T12:07:20 - [TEST_STEP][PASSED] - setValueToCellByIndex(sheet01, n, 5, m): null

28-03-2025T12:07:20 - [TEST_STEP][PASSED] - setValueToCellByIndex(sheet01, n, 6, y): null

28-03-2025T12:07:20 - [TEST_STEP][PASSED] - setValueToCellByIndex(sheet01, n, 7, todaysDate): null

28-03-2025T12:07:20 - [TEST_STEP][PASSED] - n = n + 1: null

28-03-2025T12:07:20 - [TEST_STEP][PASSED] - saveWorkbook(excelFilePath, workbook01): null

28-03-2025T12:07:20 - [TEST_STEP][PASSED] - compare = pagePoteri: null

28-03-2025T12:07:20 - [TEST_STEP][PASSED] - if (pageOtpuskVSet != null): null

28-03-2025T12:07:20 - [TEST_STEP][PASSED] - if (compare == filePoteri): null

28-03-2025T12:07:20 - [TEST_STEP][PASSED] - else if (compare > filePoteri): null

28-03-2025T12:07:20 - [TEST_STEP][PASSED] - compare = compare - 1: null

28-03-2025T12:07:20 - [TEST_STEP][PASSED] - if (compare == filePoteri): null

28-03-2025T12:07:20 - [TEST_STEP][PASSED] - else: null

28-03-2025T12:07:20 - [TEST_STEP][PASSED] - numberOfErrors = numberOfErrors + 1: null

28-03-2025T12:07:20 - [TEST_STEP][PASSED] - pageInt = pagePoteri: null

28-03-2025T12:07:20 - [TEST_STEP][PASSED] - fileInt = filePoteri: null

28-03-2025T12:07:20 - [TEST_STEP][PASSED] - typeOfData = typeOfDataMain + " Потери": null

28-03-2025T12:07:20 - [TEST_STEP][PASSED] - Script1718980020443.WriteToExcel(a, typeOfData, todaysDate, pageInt, fileInt, pageDouble, fileDouble, dZO): null

28-03-2025T12:07:20 - [TEST_STEP][PASSED] - sheetName = "Sheet1": null

28-03-2025T12:07:20 - [TEST_STEP][PASSED] - data = findTestData("PlanFact"): null

28-03-2025T12:07:20 - [TEST_STEP][PASSED] - n = data.getRowNumbers() + 1: null

28-03-2025T12:07:20 - [TEST_STEP][PASSED] - day = ")).toInteger(): null

28-03-2025T12:07:20 - [TEST_STEP][PASSED] - println(day): null

28-03-2025T12:07:20 - [TEST_STEP][PASSED] - month = ")).toInteger(): null

28-03-2025T12:07:20 - [TEST_STEP][PASSED] - println(month): null

28-03-2025T12:07:20 - [TEST_STEP][PASSED] - y = <not implemented yet for class: org.codehaus.groovy.ast.expr.EmptyExpression>: null

28-03-2025T12:07:20 - [TEST_STEP][PASSED] - iy = <not implemented yet for class: org.codehaus.groovy.ast.expr.EmptyExpression>: null

28-03-2025T12:07:20 - [TEST_STEP][PASSED] - m = getText(findTestObject("Выполнение бизнес-плана/Период")): Text of object 'Object Repository/Выполнение бизнес-плана/Период' is: 'Январь 2025 года'

28-03-2025T12:07:21 - [MESSAGE][PASSED] - Text of object 'Object Repository/Выполнение бизнес-плана/Период' is: 'Январь 2025 года'

28-03-2025T12:07:21 - [TEST_STEP][PASSED] - iy = m.indexOf("20"): null

28-03-2025T12:07:21 - [TEST_STEP][PASSED] - if (iy > -1): null

28-03-2025T12:07:21 - [TEST_STEP][PASSED] - y = substring(iy, iy + 4).toInteger(): null

28-03-2025T12:07:21 - [TEST_STEP][PASSED] - println(y): null

28-03-2025T12:07:21 - [TEST_STEP][PASSED] - if (toString().length() == 4): null

28-03-2025T12:07:21 - [TEST_STEP][PASSED] - m = m.substring(0, m.indexOf(y.toString())): null

28-03-2025T12:07:21 - [TEST_STEP][PASSED] - m = m.trim(): null

28-03-2025T12:07:21 - [TEST_STEP][PASSED] - if (m == ""): null

28-03-2025T12:07:21 - [TEST_STEP][PASSED] - dashboardName = "Выполнение бизнес-плана": null

28-03-2025T12:07:21 - [TEST_STEP][PASSED] - workbook01 = getWorkbook(excelFilePath): null

28-03-2025T12:07:21 - [TEST_STEP][PASSED] - sheet01 = getExcelSheet(workbook01, sheetName): null

28-03-2025T12:07:21 - [TEST_STEP][PASSED] - setValueToCellByIndex(sheet01, n, 0, dashboardName): null

28-03-2025T12:07:21 - [TEST_STEP][PASSED] - setValueToCellByIndex(sheet01, n, 1, dZO): null

28-03-2025T12:07:21 - [TEST_STEP][PASSED] - setValueToCellByIndex(sheet01, n, 2, typeOfData): null

28-03-2025T12:07:21 - [TEST_STEP][PASSED] - if (typeOfData == "Факт в процентах" || typeOfData == "План в процентах"): null

28-03-2025T12:07:21 - [TEST_STEP][PASSED] - else: null

28-03-2025T12:07:21 - [TEST_STEP][PASSED] - setValueToCellByIndex(sheet01, n, 3, fileInt): null

28-03-2025T12:07:21 - [TEST_STEP][PASSED] - setValueToCellByIndex(sheet01, n, 4, pageInt): null

28-03-2025T12:07:21 - [TEST_STEP][PASSED] - setValueToCellByIndex(sheet01, n, 5, m): null

28-03-2025T12:07:21 - [TEST_STEP][PASSED] - setValueToCellByIndex(sheet01, n, 6, y): null

28-03-2025T12:07:21 - [TEST_STEP][PASSED] - setValueToCellByIndex(sheet01, n, 7, todaysDate): null

28-03-2025T12:07:21 - [TEST_STEP][PASSED] - n = n + 1: null

28-03-2025T12:07:21 - [TEST_STEP][FAILED] - saveWorkbook(excelFilePath, workbook01): null

28-03-2025T12:07:21 - [TEST_STEP][PASSED] - if (planFact == 2): null

28-03-2025T12:07:21 - [TEST_STEP][PASSED] - if (planFact == 1): null

28-03-2025T12:07:21 - [TEST_STEP][PASSED] - else if (planFact == 2): null

28-03-2025T12:07:21 - [TEST_STEP][PASSED] - click(findTestObject("Выполнение бизнес-плана/Кнопка План")): Object: 'Object Repository/Выполнение бизнес-плана/Кнопка План' is clicked on

28-03-2025T12:07:21 - [MESSAGE][PASSED] - Object: 'Object Repository/Выполнение бизнес-плана/Кнопка План' is clicked on

28-03-2025T12:07:21 - [TEST_STEP][PASSED] - typeOfDataMain = "План": null

28-03-2025T12:07:21 - [TEST_STEP][PASSED] - otpusk = findTestData("PlanFact").getValue(2, a): null

28-03-2025T12:07:21 - [TEST_STEP][PASSED] - poteri = findTestData("PlanFact").getValue(3, a): null

28-03-2025T12:07:21 - [TEST_STEP][PASSED] - otpusk = otpusk.replaceAll("\s+", ""): null

28-03-2025T12:07:21 - [TEST_STEP][PASSED] - poteri = poteri.replaceAll("\s+", ""): null

28-03-2025T12:07:21 - [TEST_STEP][PASSED] - typeOfData = typeOfDataMain + " Отпуск в сеть": null

28-03-2025T12:07:21 - [TEST_STEP][PASSED] - if (a == 82): null

28-03-2025T12:07:21 - [TEST_STEP][PASSED] - else if (a == 84): null

28-03-2025T12:07:21 - [TEST_STEP][PASSED] - else if (a == 83 || a == 52 || a == 72 || a == 28 || a == 73 || a == 77 || a == 74 || a == 65 || a == 36 || a == 44 || a == 53 || a == 80 || a == 54 || a == 1 || a == 18 || a == 59 || a == 81): null

28-03-2025T12:07:21 - [TEST_STEP][PASSED] - path = dataFolder + "Table Data/" + typeOfData + " за отчётный период " + dzoNum: null

28-03-2025T12:07:21 - [TEST_STEP][PASSED] - println(path): null

28-03-2025T12:07:21 - [TEST_STEP][PASSED] - page = getText(findTestObject(path)): Text of object 'Object Repository/Выполнение бизнес-плана/Значения со страницы Выполнение бизнес-плана/Table Data/План Отпуск в сеть за отчётный период 2' is: '4 033 660'

28-03-2025T12:07:22 - [MESSAGE][PASSED] - Text of object 'Object Repository/Выполнение бизнес-плана/Значения со страницы Выполнение бизнес-плана/Table Data/План Отпуск в сеть за отчётный период 2' is: '4 033 660'

28-03-2025T12:07:22 - [TEST_STEP][PASSED] - if (page == "" || page == null): null

28-03-2025T12:07:22 - [TEST_STEP][PASSED] - else: null

28-03-2025T12:07:22 - [TEST_STEP][PASSED] - page = page.replaceAll("\s+", ""): null

28-03-2025T12:07:22 - [TEST_STEP][PASSED] - if (page == "undefined"): null

28-03-2025T12:07:22 - [TEST_STEP][PASSED] - fileOtpuskVSet = otpusk.toInteger(): null

28-03-2025T12:07:22 - [TEST_STEP][PASSED] - pageOtpuskVSet = page.toInteger(): null

28-03-2025T12:07:22 - [TEST_STEP][PASSED] - typeOfData = typeOfDataMain + " Потери": null

28-03-2025T12:07:22 - [TEST_STEP][PASSED] - if (a == 82): null

28-03-2025T12:07:22 - [TEST_STEP][PASSED] - else if (a == 84): null

28-03-2025T12:07:22 - [TEST_STEP][PASSED] - else if (a == 83 || a == 52 || a == 72 || a == 28 || a == 73 || a == 77 || a == 74 || a == 65 || a == 44 || a == 53 || a == 80 || a == 54 || a == 1 || a == 18 || a == 59 || a == 81): null

28-03-2025T12:07:22 - [TEST_STEP][PASSED] - path = dataFolder + "Table Data/" + typeOfData + " за отчётный период " + dzoNum: null

28-03-2025T12:07:22 - [TEST_STEP][FAILED] - page = getText(findTestObject(path)): Unable to get text of object 'Object Repository/Выполнение бизнес-плана/Значения со страницы Выполнение бизнес-плана/Table Data/План Потери за отчётный период 2' (Root cause: com.kms.katalon.core.exception.StepFailedException: Unable to get text of object 'Object Repository/Выполнение бизнес-плана/Значения со страницы Выполнение бизнес-плана/Table Data/План Потери за отчётный период 2'
	at com.kms.katalon.core.webui.keyword.internal.WebUIKeywordMain.stepFailed(WebUIKeywordMain.groovy:64)
	at com.kms.katalon.core.webui.keyword.internal.WebUIKeywordMain.runKeyword(WebUIKeywordMain.groovy:26)
	at com.kms.katalon.core.webui.keyword.builtin.GetTextKeyword.getText(GetTextKeyword.groovy:88)
	at com.kms.katalon.core.webui.keyword.builtin.GetTextKeyword.execute(GetTextKeyword.groovy:67)
	at com.kms.katalon.core.keyword.internal.KeywordExecutor.executeKeywordForPlatform(KeywordExecutor.groovy:74)
	at com.kms.katalon.core.webui.keyword.WebUiBuiltInKeywords.getText(WebUiBuiltInKeywords.groovy:957)
	at Выполнение бизнес-плана Сверка ПАО Россети все филиалы.Numbers(Выполнение бизнес-плана Сверка ПАО Россети все филиалы:594)
	at Выполнение бизнес-плана Сверка ПАО Россети все филиалы.run(Выполнение бизнес-плана Сверка ПАО Россети все филиалы:231)
	at com.kms.katalon.core.main.ScriptEngine.run(ScriptEngine.java:194)
	at com.kms.katalon.core.main.ScriptEngine.runScriptAsRawText(ScriptEngine.java:119)
	at com.kms.katalon.core.main.TestCaseExecutor.runScript(TestCaseExecutor.java:448)
	at com.kms.katalon.core.main.TestCaseExecutor.doExecute(TestCaseExecutor.java:439)
	at com.kms.katalon.core.main.TestCaseExecutor.processExecutionPhase(TestCaseExecutor.java:418)
	at com.kms.katalon.core.main.TestCaseExecutor.accessMainPhase(TestCaseExecutor.java:410)
	at com.kms.katalon.core.main.TestCaseExecutor.execute(TestCaseExecutor.java:285)
	at com.kms.katalon.core.common.CommonExecutor.accessTestCaseMainPhase(CommonExecutor.java:65)
	at com.kms.katalon.core.main.TestSuiteExecutor.accessTestSuiteMainPhase(TestSuiteExecutor.java:150)
	at com.kms.katalon.core.main.TestSuiteExecutor.execute(TestSuiteExecutor.java:106)
	at com.kms.katalon.core.main.TestCaseMain.startTestSuite(TestCaseMain.java:180)
	at TempTestSuite1743137207280.run(TempTestSuite1743137207280.groovy:35)
	at java.base/jdk.internal.reflect.NativeMethodAccessorImpl.invoke0(Native Method)
	at java.base/jdk.internal.reflect.NativeMethodAccessorImpl.invoke(NativeMethodAccessorImpl.java:77)
	at java.base/jdk.internal.reflect.DelegatingMethodAccessorImpl.invoke(DelegatingMethodAccessorImpl.java:43)
Caused by: com.kms.katalon.core.webui.exception.WebElementNotFoundException: Web element with id: 'Object Repository/Выполнение бизнес-плана/Значения со страницы Выполнение бизнес-плана/Table Data/План Потери за отчётный период 2' located by '(.//*[normalize-space(text()) and normalize-space(.)='Показатели баланса электроэнергии по ДЗО – План'])[2]/following::td[36]' not found
	at com.kms.katalon.core.webui.common.WebUiCommonHelper.findWebElement(WebUiCommonHelper.java:1426)
	at com.kms.katalon.core.webui.keyword.internal.WebUIAbstractKeyword.findWebElement(WebUIAbstractKeyword.groovy:27)
	at com.kms.katalon.core.webui.keyword.internal.WebUIAbstractKeyword.findWebElement(WebUIAbstractKeyword.groovy:26)
	at com.kms.katalon.core.webui.keyword.builtin.GetTextKeyword$_getText_closure1.doCall(GetTextKeyword.groovy:78)
	at com.kms.katalon.core.webui.keyword.builtin.GetTextKeyword$_getText_closure1.call(GetTextKeyword.groovy)
	at com.kms.katalon.core.webui.keyword.internal.WebUIKeywordMain.runKeyword(WebUIKeywordMain.groovy:20)
	at com.kms.katalon.core.webui.keyword.builtin.GetTextKeyword.getText(GetTextKeyword.groovy:88)
	at com.kms.katalon.core.webui.keyword.builtin.GetTextKeyword.execute(GetTextKeyword.groovy:67)
	at com.kms.katalon.core.keyword.internal.KeywordExecutor.executeKeywordForPlatform(KeywordExecutor.groovy:74)
	at com.kms.katalon.core.webui.keyword.WebUiBuiltInKeywords.getText(WebUiBuiltInKeywords.groovy:957)
	at Script1718980020443.Numbers(Script1718980020443.groovy:594)
	at Script1718980020443.run(Script1718980020443.groovy:231)
	... 15 more
)

28-03-2025T12:07:53 - [MESSAGE][INFO] - Unable to find the element located by 'By.xpath: (.//*[normalize-space(text()) and normalize-space(.)='Показатели баланса электроэнергии по ДЗО – План'])[2]/following::td[36]'. Please recheck the objects properties to make sure the desired element is located. 

28-03-2025T12:07:53 - [MESSAGE][FAILED] - Unable to get text of object 'Object Repository/Выполнение бизнес-плана/Значения со страницы Выполнение бизнес-плана/Table Data/План Потери за отчётный период 2' (Root cause: com.kms.katalon.core.exception.StepFailedException: Unable to get text of object 'Object Repository/Выполнение бизнес-плана/Значения со страницы Выполнение бизнес-плана/Table Data/План Потери за отчётный период 2'
	at com.kms.katalon.core.webui.keyword.internal.WebUIKeywordMain.stepFailed(WebUIKeywordMain.groovy:64)
	at com.kms.katalon.core.webui.keyword.internal.WebUIKeywordMain.runKeyword(WebUIKeywordMain.groovy:26)
	at com.kms.katalon.core.webui.keyword.builtin.GetTextKeyword.getText(GetTextKeyword.groovy:88)
	at com.kms.katalon.core.webui.keyword.builtin.GetTextKeyword.execute(GetTextKeyword.groovy:67)
	at com.kms.katalon.core.keyword.internal.KeywordExecutor.executeKeywordForPlatform(KeywordExecutor.groovy:74)
	at com.kms.katalon.core.webui.keyword.WebUiBuiltInKeywords.getText(WebUiBuiltInKeywords.groovy:957)
	at Выполнение бизнес-плана Сверка ПАО Россети все филиалы.Numbers(Выполнение бизнес-плана Сверка ПАО Россети все филиалы:594)
	at Выполнение бизнес-плана Сверка ПАО Россети все филиалы.run(Выполнение бизнес-плана Сверка ПАО Россети все филиалы:231)
	at com.kms.katalon.core.main.ScriptEngine.run(ScriptEngine.java:194)
	at com.kms.katalon.core.main.ScriptEngine.runScriptAsRawText(ScriptEngine.java:119)
	at com.kms.katalon.core.main.TestCaseExecutor.runScript(TestCaseExecutor.java:448)
	at com.kms.katalon.core.main.TestCaseExecutor.doExecute(TestCaseExecutor.java:439)
	at com.kms.katalon.core.main.TestCaseExecutor.processExecutionPhase(TestCaseExecutor.java:418)
	at com.kms.katalon.core.main.TestCaseExecutor.accessMainPhase(TestCaseExecutor.java:410)
	at com.kms.katalon.core.main.TestCaseExecutor.execute(TestCaseExecutor.java:285)
	at com.kms.katalon.core.common.CommonExecutor.accessTestCaseMainPhase(CommonExecutor.java:65)
	at com.kms.katalon.core.main.TestSuiteExecutor.accessTestSuiteMainPhase(TestSuiteExecutor.java:150)
	at com.kms.katalon.core.main.TestSuiteExecutor.execute(TestSuiteExecutor.java:106)
	at com.kms.katalon.core.main.TestCaseMain.startTestSuite(TestCaseMain.java:180)
	at TempTestSuite1743137207280.run(TempTestSuite1743137207280.groovy:35)
	at java.base/jdk.internal.reflect.NativeMethodAccessorImpl.invoke0(Native Method)
	at java.base/jdk.internal.reflect.NativeMethodAccessorImpl.invoke(NativeMethodAccessorImpl.java:77)
	at java.base/jdk.internal.reflect.DelegatingMethodAccessorImpl.invoke(DelegatingMethodAccessorImpl.java:43)
Caused by: com.kms.katalon.core.webui.exception.WebElementNotFoundException: Web element with id: 'Object Repository/Выполнение бизнес-плана/Значения со страницы Выполнение бизнес-плана/Table Data/План Потери за отчётный период 2' located by '(.//*[normalize-space(text()) and normalize-space(.)='Показатели баланса электроэнергии по ДЗО – План'])[2]/following::td[36]' not found
	at com.kms.katalon.core.webui.common.WebUiCommonHelper.findWebElement(WebUiCommonHelper.java:1426)
	at com.kms.katalon.core.webui.keyword.internal.WebUIAbstractKeyword.findWebElement(WebUIAbstractKeyword.groovy:27)
	at com.kms.katalon.core.webui.keyword.internal.WebUIAbstractKeyword.findWebElement(WebUIAbstractKeyword.groovy:26)
	at com.kms.katalon.core.webui.keyword.builtin.GetTextKeyword$_getText_closure1.doCall(GetTextKeyword.groovy:78)
	at com.kms.katalon.core.webui.keyword.builtin.GetTextKeyword$_getText_closure1.call(GetTextKeyword.groovy)
	at com.kms.katalon.core.webui.keyword.internal.WebUIKeywordMain.runKeyword(WebUIKeywordMain.groovy:20)
	at com.kms.katalon.core.webui.keyword.builtin.GetTextKeyword.getText(GetTextKeyword.groovy:88)
	at com.kms.katalon.core.webui.keyword.builtin.GetTextKeyword.execute(GetTextKeyword.groovy:67)
	at com.kms.katalon.core.keyword.internal.KeywordExecutor.executeKeywordForPlatform(KeywordExecutor.groovy:74)
	at com.kms.katalon.core.webui.keyword.WebUiBuiltInKeywords.getText(WebUiBuiltInKeywords.groovy:957)
	at Script1718980020443.Numbers(Script1718980020443.groovy:594)
	at Script1718980020443.run(Script1718980020443.groovy:231)
	... 15 more
)
[[ATTACHMENT|C:\\Users\\LIAZGINA-DI\\git\\SPORU\\Reports\\20250328_074647\\\u041F\u043D-\u0421\u0440-\u041F\u0442\\\u0421\u0432\u0435\u0440\u043A\u0430 \u0434\u0430\u0448\u0431\u043E\u0440\u0434\u043E\u0432 \u0438\u0437 \u0440\u0430\u0437\u043D\u044B\u0445 \u0431\u043B\u043E\u043A\u043E\u0432\\20250328_074647\\1743152873235.png]]

28-03-2025T12:07:53 - [TEST_STEP][PASSED] - if (page == "" || page == null): null

28-03-2025T12:07:53 - [TEST_STEP][PASSED] - fileInt = poteri.toInteger(): null

28-03-2025T12:07:53 - [TEST_STEP][PASSED] - Script1718980020443.WriteToExcelNoData(a, typeOfData, todaysDate, fileInt, fileDouble, dZO): null

28-03-2025T12:07:53 - [TEST_STEP][PASSED] - sheetName = "Sheet1": null

28-03-2025T12:07:53 - [TEST_STEP][PASSED] - data = findTestData("PlanFact"): null

28-03-2025T12:07:53 - [TEST_STEP][PASSED] - n = data.getRowNumbers() + 1: null

28-03-2025T12:07:53 - [TEST_STEP][PASSED] - day = ")).toInteger(): null

28-03-2025T12:07:53 - [TEST_STEP][PASSED] - println(day): null

28-03-2025T12:07:53 - [TEST_STEP][PASSED] - month = ")).toInteger(): null

28-03-2025T12:07:53 - [TEST_STEP][PASSED] - println(month): null

28-03-2025T12:07:53 - [TEST_STEP][PASSED] - y = <not implemented yet for class: org.codehaus.groovy.ast.expr.EmptyExpression>: null

28-03-2025T12:07:53 - [TEST_STEP][PASSED] - iy = <not implemented yet for class: org.codehaus.groovy.ast.expr.EmptyExpression>: null

28-03-2025T12:07:53 - [TEST_STEP][PASSED] - m = getText(findTestObject("Выполнение бизнес-плана/Период")): Text of object 'Object Repository/Выполнение бизнес-плана/Период' is: 'Январь 2025 года'

28-03-2025T12:07:53 - [MESSAGE][PASSED] - Text of object 'Object Repository/Выполнение бизнес-плана/Период' is: 'Январь 2025 года'

28-03-2025T12:07:53 - [TEST_STEP][PASSED] - iy = m.indexOf("20"): null

28-03-2025T12:07:53 - [TEST_STEP][PASSED] - if (iy > -1): null

28-03-2025T12:07:53 - [TEST_STEP][PASSED] - y = substring(iy, iy + 4).toInteger(): null

28-03-2025T12:07:53 - [TEST_STEP][PASSED] - println(y): null

28-03-2025T12:07:53 - [TEST_STEP][PASSED] - if (toString().length() == 4): null

28-03-2025T12:07:53 - [TEST_STEP][PASSED] - m = m.substring(0, m.indexOf(y.toString())): null

28-03-2025T12:07:53 - [TEST_STEP][PASSED] - m = m.trim(): null

28-03-2025T12:07:53 - [TEST_STEP][PASSED] - if (m == ""): null

28-03-2025T12:07:53 - [TEST_STEP][PASSED] - dashboardName = "Выполнение бизнес-плана": null

28-03-2025T12:07:53 - [TEST_STEP][PASSED] - workbook01 = getWorkbook(excelFilePath): null

28-03-2025T12:07:53 - [TEST_STEP][PASSED] - sheet01 = getExcelSheet(workbook01, sheetName): null

28-03-2025T12:07:53 - [TEST_STEP][PASSED] - setValueToCellByIndex(sheet01, n, 0, dashboardName): null

28-03-2025T12:07:53 - [TEST_STEP][PASSED] - setValueToCellByIndex(sheet01, n, 1, dZO): null

28-03-2025T12:07:53 - [TEST_STEP][PASSED] - setValueToCellByIndex(sheet01, n, 2, typeOfData): null

28-03-2025T12:07:53 - [TEST_STEP][PASSED] - if (typeOfData == "Факт в процентах" || typeOfData == "План в процентах"): null

28-03-2025T12:07:53 - [TEST_STEP][PASSED] - else: null

28-03-2025T12:07:53 - [TEST_STEP][PASSED] - setValueToCellByIndex(sheet01, n, 3, fileInt): null

28-03-2025T12:07:53 - [TEST_STEP][PASSED] - setValueToCellByIndex(sheet01, n, 4, "нет данных"): null

28-03-2025T12:07:53 - [TEST_STEP][PASSED] - setValueToCellByIndex(sheet01, n, 5, m): null

28-03-2025T12:07:53 - [TEST_STEP][PASSED] - setValueToCellByIndex(sheet01, n, 6, y): null

28-03-2025T12:07:53 - [TEST_STEP][PASSED] - setValueToCellByIndex(sheet01, n, 7, todaysDate): null

28-03-2025T12:07:53 - [TEST_STEP][PASSED] - n = n + 1: null

28-03-2025T12:07:53 - [TEST_STEP][PASSED] - saveWorkbook(excelFilePath, workbook01): null

28-03-2025T12:07:53 - [TEST_STEP][PASSED] - compare = pageOtpuskVSet: null

28-03-2025T12:07:53 - [TEST_STEP][PASSED] - if (pageOtpuskVSet != null): null

28-03-2025T12:07:53 - [TEST_STEP][PASSED] - if (compare == fileOtpuskVSet): null

28-03-2025T12:07:53 - [TEST_STEP][PASSED] - else if (compare > fileOtpuskVSet): null

28-03-2025T12:07:53 - [TEST_STEP][PASSED] - else if (compare < fileOtpuskVSet): null

28-03-2025T12:07:53 - [TEST_STEP][PASSED] - compare = compare + 1: null

28-03-2025T12:07:53 - [TEST_STEP][PASSED] - if (compare == fileOtpuskVSet): null

28-03-2025T12:07:53 - [TEST_STEP][PASSED] - else: null

28-03-2025T12:07:53 - [TEST_STEP][PASSED] - numberOfErrors = numberOfErrors + 1: null

28-03-2025T12:07:53 - [TEST_STEP][PASSED] - pageInt = pageOtpuskVSet: null

28-03-2025T12:07:53 - [TEST_STEP][PASSED] - fileInt = fileOtpuskVSet: null

28-03-2025T12:07:53 - [TEST_STEP][PASSED] - typeOfData = typeOfDataMain + " Отпуск в сеть": null

28-03-2025T12:07:53 - [TEST_STEP][PASSED] - Script1718980020443.WriteToExcel(a, typeOfData, todaysDate, pageInt, fileInt, pageDouble, fileDouble, dZO): null

28-03-2025T12:07:53 - [TEST_STEP][PASSED] - sheetName = "Sheet1": null

28-03-2025T12:07:53 - [TEST_STEP][PASSED] - data = findTestData("PlanFact"): null

28-03-2025T12:07:53 - [TEST_STEP][PASSED] - n = data.getRowNumbers() + 1: null

28-03-2025T12:07:53 - [TEST_STEP][PASSED] - day = ")).toInteger(): null

28-03-2025T12:07:53 - [TEST_STEP][PASSED] - println(day): null

28-03-2025T12:07:53 - [TEST_STEP][PASSED] - month = ")).toInteger(): null

28-03-2025T12:07:53 - [TEST_STEP][PASSED] - println(month): null

28-03-2025T12:07:53 - [TEST_STEP][PASSED] - y = <not implemented yet for class: org.codehaus.groovy.ast.expr.EmptyExpression>: null

28-03-2025T12:07:53 - [TEST_STEP][PASSED] - iy = <not implemented yet for class: org.codehaus.groovy.ast.expr.EmptyExpression>: null

28-03-2025T12:07:53 - [TEST_STEP][PASSED] - m = getText(findTestObject("Выполнение бизнес-плана/Период")): Text of object 'Object Repository/Выполнение бизнес-плана/Период' is: 'Январь 2025 года'

28-03-2025T12:07:54 - [MESSAGE][PASSED] - Text of object 'Object Repository/Выполнение бизнес-плана/Период' is: 'Январь 2025 года'

28-03-2025T12:07:54 - [TEST_STEP][PASSED] - iy = m.indexOf("20"): null

28-03-2025T12:07:54 - [TEST_STEP][PASSED] - if (iy > -1): null

28-03-2025T12:07:54 - [TEST_STEP][PASSED] - y = substring(iy, iy + 4).toInteger(): null

28-03-2025T12:07:54 - [TEST_STEP][PASSED] - println(y): null

28-03-2025T12:07:54 - [TEST_STEP][PASSED] - if (toString().length() == 4): null

28-03-2025T12:07:54 - [TEST_STEP][PASSED] - m = m.substring(0, m.indexOf(y.toString())): null

28-03-2025T12:07:54 - [TEST_STEP][PASSED] - m = m.trim(): null

28-03-2025T12:07:54 - [TEST_STEP][PASSED] - if (m == ""): null

28-03-2025T12:07:54 - [TEST_STEP][PASSED] - dashboardName = "Выполнение бизнес-плана": null

28-03-2025T12:07:54 - [TEST_STEP][PASSED] - workbook01 = getWorkbook(excelFilePath): null

28-03-2025T12:07:54 - [TEST_STEP][PASSED] - sheet01 = getExcelSheet(workbook01, sheetName): null

28-03-2025T12:07:54 - [TEST_STEP][PASSED] - setValueToCellByIndex(sheet01, n, 0, dashboardName): null

28-03-2025T12:07:54 - [TEST_STEP][PASSED] - setValueToCellByIndex(sheet01, n, 1, dZO): null

28-03-2025T12:07:54 - [TEST_STEP][PASSED] - setValueToCellByIndex(sheet01, n, 2, typeOfData): null

28-03-2025T12:07:54 - [TEST_STEP][PASSED] - if (typeOfData == "Факт в процентах" || typeOfData == "План в процентах"): null

28-03-2025T12:07:54 - [TEST_STEP][PASSED] - else: null

28-03-2025T12:07:54 - [TEST_STEP][PASSED] - setValueToCellByIndex(sheet01, n, 3, fileInt): null

28-03-2025T12:07:54 - [TEST_STEP][PASSED] - setValueToCellByIndex(sheet01, n, 4, pageInt): null

28-03-2025T12:07:54 - [TEST_STEP][PASSED] - setValueToCellByIndex(sheet01, n, 5, m): null

28-03-2025T12:07:54 - [TEST_STEP][PASSED] - setValueToCellByIndex(sheet01, n, 6, y): null

28-03-2025T12:07:54 - [TEST_STEP][PASSED] - setValueToCellByIndex(sheet01, n, 7, todaysDate): null

28-03-2025T12:07:54 - [TEST_STEP][PASSED] - n = n + 1: null

28-03-2025T12:07:54 - [TEST_STEP][PASSED] - saveWorkbook(excelFilePath, workbook01): null

28-03-2025T12:07:54 - [TEST_STEP][PASSED] - compare = pagePoteri: null

28-03-2025T12:07:54 - [TEST_STEP][PASSED] - if (pageOtpuskVSet != null): null

28-03-2025T12:07:54 - [TEST_STEP][PASSED] - if (compare == filePoteri): null

28-03-2025T12:07:54 - [TEST_STEP][PASSED] - else if (compare > filePoteri): null

28-03-2025T12:07:54 - [TEST_STEP][PASSED] - compare = compare - 1: null

28-03-2025T12:07:54 - [TEST_STEP][PASSED] - if (compare == filePoteri): null

28-03-2025T12:07:54 - [TEST_STEP][PASSED] - else: null

28-03-2025T12:07:54 - [TEST_STEP][PASSED] - numberOfErrors = numberOfErrors + 1: null

28-03-2025T12:07:54 - [TEST_STEP][PASSED] - pageInt = pagePoteri: null

28-03-2025T12:07:54 - [TEST_STEP][PASSED] - fileInt = filePoteri: null

28-03-2025T12:07:54 - [TEST_STEP][PASSED] - typeOfData = typeOfDataMain + " Потери": null

28-03-2025T12:07:54 - [TEST_STEP][PASSED] - Script1718980020443.WriteToExcel(a, typeOfData, todaysDate, pageInt, fileInt, pageDouble, fileDouble, dZO): null

28-03-2025T12:07:54 - [TEST_STEP][PASSED] - sheetName = "Sheet1": null

28-03-2025T12:07:54 - [TEST_STEP][PASSED] - data = findTestData("PlanFact"): null

28-03-2025T12:07:54 - [TEST_STEP][PASSED] - n = data.getRowNumbers() + 1: null

28-03-2025T12:07:54 - [TEST_STEP][PASSED] - day = ")).toInteger(): null

28-03-2025T12:07:54 - [TEST_STEP][PASSED] - println(day): null

28-03-2025T12:07:54 - [TEST_STEP][PASSED] - month = ")).toInteger(): null

28-03-2025T12:07:54 - [TEST_STEP][PASSED] - println(month): null

28-03-2025T12:07:54 - [TEST_STEP][PASSED] - y = <not implemented yet for class: org.codehaus.groovy.ast.expr.EmptyExpression>: null

28-03-2025T12:07:54 - [TEST_STEP][PASSED] - iy = <not implemented yet for class: org.codehaus.groovy.ast.expr.EmptyExpression>: null

28-03-2025T12:07:54 - [TEST_STEP][PASSED] - m = getText(findTestObject("Выполнение бизнес-плана/Период")): Text of object 'Object Repository/Выполнение бизнес-плана/Период' is: 'Январь 2025 года'

28-03-2025T12:07:54 - [MESSAGE][PASSED] - Text of object 'Object Repository/Выполнение бизнес-плана/Период' is: 'Январь 2025 года'

28-03-2025T12:07:54 - [TEST_STEP][PASSED] - iy = m.indexOf("20"): null

28-03-2025T12:07:54 - [TEST_STEP][PASSED] - if (iy > -1): null

28-03-2025T12:07:54 - [TEST_STEP][PASSED] - y = substring(iy, iy + 4).toInteger(): null

28-03-2025T12:07:54 - [TEST_STEP][PASSED] - println(y): null

28-03-2025T12:07:54 - [TEST_STEP][PASSED] - if (toString().length() == 4): null

28-03-2025T12:07:54 - [TEST_STEP][PASSED] - m = m.substring(0, m.indexOf(y.toString())): null

28-03-2025T12:07:54 - [TEST_STEP][PASSED] - m = m.trim(): null

28-03-2025T12:07:54 - [TEST_STEP][PASSED] - if (m == ""): null

28-03-2025T12:07:54 - [TEST_STEP][PASSED] - dashboardName = "Выполнение бизнес-плана": null

28-03-2025T12:07:54 - [TEST_STEP][PASSED] - workbook01 = getWorkbook(excelFilePath): null

28-03-2025T12:07:54 - [TEST_STEP][PASSED] - sheet01 = getExcelSheet(workbook01, sheetName): null

28-03-2025T12:07:54 - [TEST_STEP][PASSED] - setValueToCellByIndex(sheet01, n, 0, dashboardName): null

28-03-2025T12:07:54 - [TEST_STEP][PASSED] - setValueToCellByIndex(sheet01, n, 1, dZO): null

28-03-2025T12:07:54 - [TEST_STEP][PASSED] - setValueToCellByIndex(sheet01, n, 2, typeOfData): null

28-03-2025T12:07:54 - [TEST_STEP][PASSED] - if (typeOfData == "Факт в процентах" || typeOfData == "План в процентах"): null

28-03-2025T12:07:54 - [TEST_STEP][PASSED] - else: null

28-03-2025T12:07:54 - [TEST_STEP][PASSED] - setValueToCellByIndex(sheet01, n, 3, fileInt): null

28-03-2025T12:07:54 - [TEST_STEP][PASSED] - setValueToCellByIndex(sheet01, n, 4, pageInt): null

28-03-2025T12:07:54 - [TEST_STEP][PASSED] - setValueToCellByIndex(sheet01, n, 5, m): null

28-03-2025T12:07:54 - [TEST_STEP][PASSED] - setValueToCellByIndex(sheet01, n, 6, y): null

28-03-2025T12:07:54 - [TEST_STEP][PASSED] - setValueToCellByIndex(sheet01, n, 7, todaysDate): null

28-03-2025T12:07:54 - [TEST_STEP][PASSED] - n = n + 1: null

28-03-2025T12:07:54 - [TEST_STEP][PASSED] - saveWorkbook(excelFilePath, workbook01): Object: 'Object Repository/Выполнение бизнес-плана/Кнопка Факт' is clicked on

28-03-2025T12:07:55 - [TEST_STEP][PASSED] - if (planFact == 2): Object: 'Object Repository/Выполнение бизнес-плана/Кнопка Факт' is clicked on

28-03-2025T12:07:55 - [TEST_STEP][PASSED] - click(findTestObject("Выполнение бизнес-плана/Кнопка Факт")): Object: 'Object Repository/Выполнение бизнес-плана/Кнопка Факт' is clicked on

28-03-2025T12:07:55 - [MESSAGE][PASSED] - Object: 'Object Repository/Выполнение бизнес-плана/Кнопка Факт' is clicked on

28-03-2025T12:07:55 - [TEST_STEP][PASSED] - println("a=" + a): null

28-03-2025T12:07:55 - [TEST_STEP][PASSED] - if (a == 84 || a == 82): null

28-03-2025T12:07:55 - [TEST_STEP][PASSED] - else if (a == 83 || a == 52 || a == 72 || a == 28 || a == 73 || a == 77 || a == 74 || a == 65 || a == 36 || a == 44 || a == 53 || a == 80 || a == 54 || a == 1 || a == 18 || a == 59 || a == 81): null

28-03-2025T12:07:55 - [TEST_STEP][PASSED] - page1 = getText(findTestObject("Object Repository/Выполнение бизнес-плана/spanPlan" + dzoNum)): Text of object 'Object Repository/Выполнение бизнес-плана/spanPlan2' is: '6.39
|'

28-03-2025T12:07:55 - [MESSAGE][PASSED] - Text of object 'Object Repository/Выполнение бизнес-плана/spanPlan2' is: '6.39
|'

28-03-2025T12:07:55 - [TEST_STEP][PASSED] - page1 = page1.replace("|", ""): null

28-03-2025T12:07:55 - [TEST_STEP][PASSED] - page2 = getText(findTestObject("Object Repository/Выполнение бизнес-плана/spanFact" + dzoNum)): Text of object 'Object Repository/Выполнение бизнес-плана/spanFact2' is: '5.47'

28-03-2025T12:07:56 - [MESSAGE][PASSED] - Text of object 'Object Repository/Выполнение бизнес-плана/spanFact2' is: '5.47'

28-03-2025T12:07:56 - [TEST_STEP][PASSED] - page2 = page2.replace("|", ""): null

28-03-2025T12:07:56 - [TEST_STEP][PASSED] - println("page1: " + page1): null

28-03-2025T12:07:56 - [TEST_STEP][PASSED] - println("page2: " + page2): null

28-03-2025T12:07:56 - [TEST_STEP][PASSED] - file = findTestData("PlanFact").getValue(4, a): null

28-03-2025T12:07:56 - [TEST_STEP][PASSED] - file = file.replace(",", "."): null

28-03-2025T12:07:56 - [TEST_STEP][PASSED] - println("file Plan: " + file): null

28-03-2025T12:07:56 - [TEST_STEP][PASSED] - typeOfData = "План в процентах": null

28-03-2025T12:07:56 - [TEST_STEP][PASSED] - fileDouble = file.toDouble(): null

28-03-2025T12:07:56 - [TEST_STEP][PASSED] - pageDouble = page1.toDouble(): null

28-03-2025T12:07:56 - [TEST_STEP][PASSED] - if (fileDouble != pageDouble): null

28-03-2025T12:07:56 - [TEST_STEP][PASSED] - numberOfErrors = numberOfErrors + 1: null

28-03-2025T12:07:56 - [TEST_STEP][PASSED] - Script1718980020443.WriteToExcel(a, typeOfData, todaysDate, pageInt, fileInt, pageDouble, fileDouble, dZO): null

28-03-2025T12:07:56 - [TEST_STEP][PASSED] - sheetName = "Sheet1": null

28-03-2025T12:07:56 - [TEST_STEP][PASSED] - data = findTestData("PlanFact"): null

28-03-2025T12:07:56 - [TEST_STEP][PASSED] - n = data.getRowNumbers() + 1: null

28-03-2025T12:07:56 - [TEST_STEP][PASSED] - day = ")).toInteger(): null

28-03-2025T12:07:56 - [TEST_STEP][PASSED] - println(day): null

28-03-2025T12:07:56 - [TEST_STEP][PASSED] - month = ")).toInteger(): null

28-03-2025T12:07:56 - [TEST_STEP][PASSED] - println(month): null

28-03-2025T12:07:56 - [TEST_STEP][PASSED] - y = <not implemented yet for class: org.codehaus.groovy.ast.expr.EmptyExpression>: null

28-03-2025T12:07:56 - [TEST_STEP][PASSED] - iy = <not implemented yet for class: org.codehaus.groovy.ast.expr.EmptyExpression>: null

28-03-2025T12:07:56 - [TEST_STEP][PASSED] - m = getText(findTestObject("Выполнение бизнес-плана/Период")): Text of object 'Object Repository/Выполнение бизнес-плана/Период' is: 'Январь 2025 года'

28-03-2025T12:07:56 - [MESSAGE][PASSED] - Text of object 'Object Repository/Выполнение бизнес-плана/Период' is: 'Январь 2025 года'

28-03-2025T12:07:56 - [TEST_STEP][PASSED] - iy = m.indexOf("20"): null

28-03-2025T12:07:56 - [TEST_STEP][PASSED] - if (iy > -1): null

28-03-2025T12:07:56 - [TEST_STEP][PASSED] - y = substring(iy, iy + 4).toInteger(): null

28-03-2025T12:07:56 - [TEST_STEP][PASSED] - println(y): null

28-03-2025T12:07:56 - [TEST_STEP][PASSED] - if (toString().length() == 4): null

28-03-2025T12:07:56 - [TEST_STEP][PASSED] - m = m.substring(0, m.indexOf(y.toString())): null

28-03-2025T12:07:56 - [TEST_STEP][PASSED] - m = m.trim(): null

28-03-2025T12:07:56 - [TEST_STEP][PASSED] - if (m == ""): null

28-03-2025T12:07:56 - [TEST_STEP][PASSED] - dashboardName = "Выполнение бизнес-плана": null

28-03-2025T12:07:56 - [TEST_STEP][PASSED] - workbook01 = getWorkbook(excelFilePath): null

28-03-2025T12:07:56 - [TEST_STEP][PASSED] - sheet01 = getExcelSheet(workbook01, sheetName): null

28-03-2025T12:07:56 - [TEST_STEP][PASSED] - setValueToCellByIndex(sheet01, n, 0, dashboardName): null

28-03-2025T12:07:56 - [TEST_STEP][PASSED] - setValueToCellByIndex(sheet01, n, 1, dZO): null

28-03-2025T12:07:56 - [TEST_STEP][PASSED] - setValueToCellByIndex(sheet01, n, 2, typeOfData): null

28-03-2025T12:07:56 - [TEST_STEP][PASSED] - if (typeOfData == "Факт в процентах" || typeOfData == "План в процентах"): null

28-03-2025T12:07:56 - [TEST_STEP][PASSED] - setValueToCellByIndex(sheet01, n, 3, fileDouble): null

28-03-2025T12:07:56 - [TEST_STEP][PASSED] - setValueToCellByIndex(sheet01, n, 4, pageDouble): null

28-03-2025T12:07:56 - [TEST_STEP][PASSED] - setValueToCellByIndex(sheet01, n, 5, m): null

28-03-2025T12:07:56 - [TEST_STEP][PASSED] - setValueToCellByIndex(sheet01, n, 6, y): null

28-03-2025T12:07:56 - [TEST_STEP][PASSED] - setValueToCellByIndex(sheet01, n, 7, todaysDate): null

28-03-2025T12:07:56 - [TEST_STEP][PASSED] - n = n + 1: null

28-03-2025T12:07:56 - [TEST_STEP][PASSED] - saveWorkbook(excelFilePath, workbook01): null

28-03-2025T12:07:56 - [TEST_STEP][PASSED] - file = findTestData("PlanFact").getValue(7, a): null

28-03-2025T12:07:56 - [TEST_STEP][PASSED] - file = file.replace(",", "."): null

28-03-2025T12:07:56 - [TEST_STEP][PASSED] - println("file Fact: " + file): null

28-03-2025T12:07:56 - [TEST_STEP][PASSED] - fileDouble = file.toDouble(): null

28-03-2025T12:07:56 - [TEST_STEP][PASSED] - typeOfData = "Факт в процентах": null

28-03-2025T12:07:56 - [TEST_STEP][PASSED] - fileDouble = file.toDouble(): null

28-03-2025T12:07:56 - [TEST_STEP][PASSED] - pageDouble = page2.toDouble(): null

28-03-2025T12:07:56 - [TEST_STEP][PASSED] - if (fileDouble != pageDouble): null

28-03-2025T12:07:56 - [TEST_STEP][PASSED] - numberOfErrors = numberOfErrors + 1: null

28-03-2025T12:07:56 - [TEST_STEP][PASSED] - Script1718980020443.WriteToExcel(a, typeOfData, todaysDate, pageInt, fileInt, pageDouble, fileDouble, dZO): null

28-03-2025T12:07:56 - [TEST_STEP][PASSED] - sheetName = "Sheet1": null

28-03-2025T12:07:56 - [TEST_STEP][PASSED] - data = findTestData("PlanFact"): null

28-03-2025T12:07:57 - [TEST_STEP][PASSED] - n = data.getRowNumbers() + 1: null

28-03-2025T12:07:57 - [TEST_STEP][PASSED] - day = ")).toInteger(): null

28-03-2025T12:07:57 - [TEST_STEP][PASSED] - println(day): null

28-03-2025T12:07:57 - [TEST_STEP][PASSED] - month = ")).toInteger(): null

28-03-2025T12:07:57 - [TEST_STEP][PASSED] - println(month): null

28-03-2025T12:07:57 - [TEST_STEP][PASSED] - y = <not implemented yet for class: org.codehaus.groovy.ast.expr.EmptyExpression>: null

28-03-2025T12:07:57 - [TEST_STEP][PASSED] - iy = <not implemented yet for class: org.codehaus.groovy.ast.expr.EmptyExpression>: null

28-03-2025T12:07:57 - [TEST_STEP][PASSED] - m = getText(findTestObject("Выполнение бизнес-плана/Период")): Text of object 'Object Repository/Выполнение бизнес-плана/Период' is: 'Январь 2025 года'

28-03-2025T12:07:57 - [MESSAGE][PASSED] - Text of object 'Object Repository/Выполнение бизнес-плана/Период' is: 'Январь 2025 года'

28-03-2025T12:07:57 - [TEST_STEP][PASSED] - iy = m.indexOf("20"): null

28-03-2025T12:07:57 - [TEST_STEP][PASSED] - if (iy > -1): null

28-03-2025T12:07:57 - [TEST_STEP][PASSED] - y = substring(iy, iy + 4).toInteger(): null

28-03-2025T12:07:57 - [TEST_STEP][PASSED] - println(y): null

28-03-2025T12:07:57 - [TEST_STEP][PASSED] - if (toString().length() == 4): null

28-03-2025T12:07:57 - [TEST_STEP][PASSED] - m = m.substring(0, m.indexOf(y.toString())): null

28-03-2025T12:07:57 - [TEST_STEP][PASSED] - m = m.trim(): null

28-03-2025T12:07:57 - [TEST_STEP][PASSED] - if (m == ""): null

28-03-2025T12:07:57 - [TEST_STEP][PASSED] - dashboardName = "Выполнение бизнес-плана": null

28-03-2025T12:07:57 - [TEST_STEP][PASSED] - workbook01 = getWorkbook(excelFilePath): null

28-03-2025T12:07:57 - [TEST_STEP][PASSED] - sheet01 = getExcelSheet(workbook01, sheetName): null

28-03-2025T12:07:57 - [TEST_STEP][PASSED] - setValueToCellByIndex(sheet01, n, 0, dashboardName): null

28-03-2025T12:07:57 - [TEST_STEP][PASSED] - setValueToCellByIndex(sheet01, n, 1, dZO): null

28-03-2025T12:07:57 - [TEST_STEP][PASSED] - setValueToCellByIndex(sheet01, n, 2, typeOfData): null

28-03-2025T12:07:57 - [TEST_STEP][PASSED] - if (typeOfData == "Факт в процентах" || typeOfData == "План в процентах"): null

28-03-2025T12:07:57 - [TEST_STEP][PASSED] - setValueToCellByIndex(sheet01, n, 3, fileDouble): null

28-03-2025T12:07:57 - [TEST_STEP][PASSED] - setValueToCellByIndex(sheet01, n, 4, pageDouble): null

28-03-2025T12:07:57 - [TEST_STEP][PASSED] - setValueToCellByIndex(sheet01, n, 5, m): null

28-03-2025T12:07:57 - [TEST_STEP][PASSED] - setValueToCellByIndex(sheet01, n, 6, y): null

28-03-2025T12:07:57 - [TEST_STEP][PASSED] - setValueToCellByIndex(sheet01, n, 7, todaysDate): null

28-03-2025T12:07:57 - [TEST_STEP][PASSED] - n = n + 1: null

28-03-2025T12:07:57 - [TEST_STEP][PASSED] - saveWorkbook(excelFilePath, workbook01): null

28-03-2025T12:07:57 - [TEST_STEP][FAILED] - if (verifyEqual(numberOfErrors, 0) == false): null

28-03-2025T12:07:57 - [MESSAGE][FAILED] - Unable to verify equal between actual object '6' and expected object '0' (Root cause: com.kms.katalon.core.exception.StepFailedException: Actual object '6' and expected object '0' are not equal
	at com.kms.katalon.core.keyword.builtin.VerifyEqualKeyword$_verifyEqual_closure1.doCall(VerifyEqualKeyword.groovy:58)
	at com.kms.katalon.core.keyword.builtin.VerifyEqualKeyword$_verifyEqual_closure1.call(VerifyEqualKeyword.groovy)
	at com.kms.katalon.core.keyword.internal.KeywordMain.runKeyword(KeywordMain.groovy:75)
	at com.kms.katalon.core.keyword.builtin.VerifyEqualKeyword.verifyEqual(VerifyEqualKeyword.groovy:63)
	at com.kms.katalon.core.keyword.builtin.VerifyEqualKeyword.execute(VerifyEqualKeyword.groovy:44)
	at com.kms.katalon.core.keyword.internal.KeywordExecutor.executeKeywordForPlatform(KeywordExecutor.groovy:74)
	at com.kms.katalon.core.keyword.BuiltinKeywords.verifyEqual(BuiltinKeywords.groovy:146)
	at jdk.internal.reflect.GeneratedMethodAccessor23.invoke(Unknown Source)
	at java.base/jdk.internal.reflect.DelegatingMethodAccessorImpl.invoke(DelegatingMethodAccessorImpl.java:43)
	at Выполнение бизнес-плана Сверка ПАО Россети все филиалы.Numbers(Выполнение бизнес-плана Сверка ПАО Россети все филиалы:744)
	at Выполнение бизнес-плана Сверка ПАО Россети все филиалы.run(Выполнение бизнес-плана Сверка ПАО Россети все филиалы:231)
	at com.kms.katalon.core.main.ScriptEngine.run(ScriptEngine.java:194)
	at com.kms.katalon.core.main.ScriptEngine.runScriptAsRawText(ScriptEngine.java:119)
	at com.kms.katalon.core.main.TestCaseExecutor.runScript(TestCaseExecutor.java:448)
	at com.kms.katalon.core.main.TestCaseExecutor.doExecute(TestCaseExecutor.java:439)
	at com.kms.katalon.core.main.TestCaseExecutor.processExecutionPhase(TestCaseExecutor.java:418)
	at com.kms.katalon.core.main.TestCaseExecutor.accessMainPhase(TestCaseExecutor.java:410)
	at com.kms.katalon.core.main.TestCaseExecutor.execute(TestCaseExecutor.java:285)
	at com.kms.katalon.core.common.CommonExecutor.accessTestCaseMainPhase(CommonExecutor.java:65)
	at com.kms.katalon.core.main.TestSuiteExecutor.accessTestSuiteMainPhase(TestSuiteExecutor.java:150)
	at com.kms.katalon.core.main.TestSuiteExecutor.execute(TestSuiteExecutor.java:106)
	at com.kms.katalon.core.main.TestCaseMain.startTestSuite(TestCaseMain.java:180)
	at TempTestSuite1743137207280.run(TempTestSuite1743137207280.groovy:35)
	at java.base/jdk.internal.reflect.NativeMethodAccessorImpl.invoke0(Native Method)
	at java.base/jdk.internal.reflect.NativeMethodAccessorImpl.invoke(NativeMethodAccessorImpl.java:77)
	at java.base/jdk.internal.reflect.DelegatingMethodAccessorImpl.invoke(DelegatingMethodAccessorImpl.java:43)
)

28-03-2025T12:07:57 - [TEST_STEP][PASSED] - println(numberOfErrors): null

28-03-2025T12:07:57 - [TEST_STEP][PASSED] - println("a=" + a): null

28-03-2025T12:07:57 - [TEST_STEP][PASSED] - if (a == 28 || a == 77 || a == 74 || a == 65 || a == 36 || a == 44 || a == 54 || a == 1 || a == 18 || a == 59): null

28-03-2025T12:07:57 - [TEST_STEP][PASSED] - Script1718980020443.Filials(a, typeOfData, todaysDate, pageInt, fileInt, pageDouble, fileDouble, dZO, dzoNum, filialNum): null

28-03-2025T12:07:57 - [TEST_STEP][PASSED] - i = <not implemented yet for class: org.codehaus.groovy.ast.expr.EmptyExpression>: null

28-03-2025T12:07:57 - [TEST_STEP][PASSED] - c = <not implemented yet for class: org.codehaus.groovy.ast.expr.EmptyExpression>: null

28-03-2025T12:07:57 - [TEST_STEP][PASSED] - page = <not implemented yet for class: org.codehaus.groovy.ast.expr.EmptyExpression>: null

28-03-2025T12:07:57 - [TEST_STEP][PASSED] - println(dZO): null

28-03-2025T12:07:57 - [TEST_STEP][PASSED] - reducedDZO = <not implemented yet for class: org.codehaus.groovy.ast.expr.EmptyExpression>: null

28-03-2025T12:07:57 - [TEST_STEP][PASSED] - reducedDZO = dZO.substring(dZO.indexOf(" ") + 1, dZO.length()): null

28-03-2025T12:07:57 - [TEST_STEP][PASSED] - if (reducedDZO.contains(" ")): null

28-03-2025T12:07:57 - [TEST_STEP][PASSED] - println(reducedDZO): null

28-03-2025T12:07:57 - [TEST_STEP][PASSED] - dzoCut = <not implemented yet for class: org.codehaus.groovy.ast.expr.EmptyExpression>: null

28-03-2025T12:07:57 - [TEST_STEP][PASSED] - Script1718980020443.DZO(a): null

28-03-2025T12:07:57 - [TEST_STEP][PASSED] - delay(20): Delayed 20 second(s)

28-03-2025T12:08:17 - [MESSAGE][PASSED] - Delayed 20 second(s)

28-03-2025T12:08:17 - [TEST_STEP][PASSED] - Script1718980020443.OpenFilter(): null

28-03-2025T12:08:17 - [TEST_STEP][PASSED] - click(findTestObject("Object Repository/Выполнение бизнес-плана/Фильтр ДЗО")): Object: 'Object Repository/Выполнение бизнес-плана/Фильтр ДЗО' is clicked on

28-03-2025T12:08:17 - [MESSAGE][PASSED] - Object: 'Object Repository/Выполнение бизнес-плана/Фильтр ДЗО' is clicked on

28-03-2025T12:08:17 - [TEST_STEP][PASSED] - click(findTestObject("Выполнение бизнес-плана/Снять выделение в фильтре ДЗО")): Object: 'Object Repository/Выполнение бизнес-плана/Снять выделение в фильтре ДЗО' is clicked on

28-03-2025T12:08:18 - [MESSAGE][PASSED] - Object: 'Object Repository/Выполнение бизнес-плана/Снять выделение в фильтре ДЗО' is clicked on

28-03-2025T12:08:18 - [TEST_STEP][PASSED] - Script1718980020443.OpenRSK(): null

28-03-2025T12:08:18 - [TEST_STEP][PASSED] - click(findTestObject("Выполнение бизнес-плана/Раскрыть список ПАО Россети в фильтре ДЗО")): Object: 'Object Repository/Выполнение бизнес-плана/Раскрыть список ПАО Россети в фильтре ДЗО' is clicked on

28-03-2025T12:08:18 - [MESSAGE][PASSED] - Object: 'Object Repository/Выполнение бизнес-плана/Раскрыть список ПАО Россети в фильтре ДЗО' is clicked on

28-03-2025T12:08:18 - [TEST_STEP][PASSED] - click(findTestObject("Выполнение бизнес-плана/Раскрыть список РаспредКомплекс в фильтре ДЗО")): Object: 'Object Repository/Выполнение бизнес-плана/Раскрыть список РаспредКомплекс в фильтре ДЗО' is clicked on

28-03-2025T12:08:19 - [MESSAGE][PASSED] - Object: 'Object Repository/Выполнение бизнес-плана/Раскрыть список РаспредКомплекс в фильтре ДЗО' is clicked on

28-03-2025T12:08:19 - [TEST_STEP][PASSED] - if (a == 28): Object: 'Object Repository/Выполнение бизнес-плана/Россети Волга' is clicked on

28-03-2025T12:08:19 - [TEST_STEP][PASSED] - scrollToElement(findTestObject("Общие объекты/Раскрыть список Россети Волга"), 30): Scroll to object 'Object Repository/Общие объекты/Раскрыть список Россети Волга' successfully

28-03-2025T12:08:19 - [MESSAGE][PASSED] - Scroll to object 'Object Repository/Общие объекты/Раскрыть список Россети Волга' successfully

28-03-2025T12:08:19 - [TEST_STEP][PASSED] - click(findTestObject("Выполнение бизнес-плана/Россети Волга")): Object: 'Object Repository/Выполнение бизнес-плана/Россети Волга' is clicked on

28-03-2025T12:08:19 - [MESSAGE][PASSED] - Object: 'Object Repository/Выполнение бизнес-плана/Россети Волга' is clicked on

28-03-2025T12:08:19 - [TEST_STEP][PASSED] - if (a == 77): null

28-03-2025T12:08:19 - [TEST_STEP][PASSED] - if (a == 74): null

28-03-2025T12:08:19 - [TEST_STEP][PASSED] - if (a == 65): null

28-03-2025T12:08:19 - [TEST_STEP][PASSED] - if (a == 36): null

28-03-2025T12:08:19 - [TEST_STEP][PASSED] - if (a == 44): null

28-03-2025T12:08:19 - [TEST_STEP][PASSED] - if (a == 54): null

28-03-2025T12:08:19 - [TEST_STEP][PASSED] - if (a == 1): null

28-03-2025T12:08:19 - [TEST_STEP][PASSED] - if (a == 18): null

28-03-2025T12:08:19 - [TEST_STEP][PASSED] - if (a == 59): null

28-03-2025T12:08:19 - [TEST_STEP][PASSED] - Script1718980020443.CloseFilter(): null

28-03-2025T12:08:19 - [TEST_STEP][PASSED] - scrollToElement(findTestObject("Выполнение бизнес-плана/Заголовок дашборда"), 30): Scroll to object 'Object Repository/Выполнение бизнес-плана/Заголовок дашборда' successfully

28-03-2025T12:08:20 - [MESSAGE][PASSED] - Scroll to object 'Object Repository/Выполнение бизнес-плана/Заголовок дашборда' successfully

28-03-2025T12:08:20 - [TEST_STEP][PASSED] - click(findTestObject("Object Repository/Выполнение бизнес-плана/Применить в фильтре ДЗО")): Object: 'Object Repository/Выполнение бизнес-плана/Применить в фильтре ДЗО' is clicked on

28-03-2025T12:08:21 - [MESSAGE][PASSED] - Object: 'Object Repository/Выполнение бизнес-плана/Применить в фильтре ДЗО' is clicked on

28-03-2025T12:08:21 - [TEST_STEP][PASSED] - delay(20): Delayed 20 second(s)

28-03-2025T12:08:41 - [MESSAGE][PASSED] - Delayed 20 second(s)

28-03-2025T12:08:41 - [TEST_STEP][PASSED] - Script1718980020443.ZakrytOpoveshenie(): null

28-03-2025T12:08:41 - [TEST_STEP][PASSED] - delay(10): Delayed 10 second(s)

28-03-2025T12:08:51 - [MESSAGE][PASSED] - Delayed 10 second(s)

28-03-2025T12:08:51 - [TEST_STEP][PASSED] - opoveshenie = getText(findTestObject("Выполнение бизнес-плана/Просьба обратить внимание")): Text of object 'Object Repository/Выполнение бизнес-плана/Просьба обратить внимание' is: ''

28-03-2025T12:08:51 - [MESSAGE][PASSED] - Text of object 'Object Repository/Выполнение бизнес-плана/Просьба обратить внимание' is: ''

28-03-2025T12:08:51 - [TEST_STEP][PASSED] - println(opoveshenie): null

28-03-2025T12:08:51 - [TEST_STEP][PASSED] - if (opoveshenie == "Просьба обратить внимание"): null

28-03-2025T12:08:51 - [TEST_STEP][PASSED] - page = getText(findTestObject("Object Repository/Выполнение бизнес-плана/Filials")): Text of object 'Object Repository/Выполнение бизнес-плана/Filials' is: 'Пензаэнерго
Самарские РС
Саратовские РС
Ульяновские РС
Чувашэнерго
0
10
20
30
40
50
60
70'

28-03-2025T12:08:51 - [MESSAGE][PASSED] - Text of object 'Object Repository/Выполнение бизнес-плана/Filials' is: 'Пензаэнерго
Самарские РС
Саратовские РС
Ульяновские РС
Чувашэнерго
0
10
20
30
40
50
60
70'

28-03-2025T12:08:51 - [TEST_STEP][PASSED] - println(page): null

28-03-2025T12:08:51 - [TEST_STEP][PASSED] - c = page.indexOf(reducedDZO): null

28-03-2025T12:08:51 - [TEST_STEP][PASSED] - if (c > -1): null

28-03-2025T12:08:51 - [TEST_STEP][PASSED] - x2 = getText(findTestObject("Выполнение бизнес-плана/Список ДЗО старый")): Text of object 'Object Repository/Выполнение бизнес-плана/Список ДЗО старый' is: 'Пензаэнерго
Самарские РС
Саратовские РС
Ульяновские РС
Чувашэнерго
0
10
20
30
40
50
60
70'

28-03-2025T12:08:52 - [MESSAGE][PASSED] - Text of object 'Object Repository/Выполнение бизнес-плана/Список ДЗО старый' is: 'Пензаэнерго
Самарские РС
Саратовские РС
Ульяновские РС
Чувашэнерго
0
10
20
30
40
50
60
70'

28-03-2025T12:08:52 - [TEST_STEP][PASSED] - if (a == 28): null

28-03-2025T12:08:52 - [TEST_STEP][PASSED] - dZO = "Мордовэнерго": null

28-03-2025T12:08:52 - [TEST_STEP][PASSED] - a = 29: null

28-03-2025T12:08:52 - [TEST_STEP][PASSED] - if (x2.contains(dZO)): null

28-03-2025T12:08:52 - [TEST_STEP][PASSED] - else: null

28-03-2025T12:08:52 - [TEST_STEP][PASSED] - Script1718980020443.NoData(a, typeOfData, todaysDate, fileInt, fileDouble, dZO): null

28-03-2025T12:08:52 - [TEST_STEP][PASSED] - println(a): null

28-03-2025T12:08:52 - [TEST_STEP][PASSED] - println(todaysDate): null

28-03-2025T12:08:52 - [TEST_STEP][PASSED] - println(fileInt): null

28-03-2025T12:08:52 - [TEST_STEP][PASSED] - println(fileDouble): null

28-03-2025T12:08:52 - [TEST_STEP][PASSED] - println(dZO): null

28-03-2025T12:08:52 - [TEST_STEP][PASSED] - typeOfData = "Факт Отпуск в сеть": null

28-03-2025T12:08:52 - [TEST_STEP][PASSED] - fileInt = replaceAll("\s+", "").toInteger(): null

28-03-2025T12:08:52 - [TEST_STEP][PASSED] - Script1718980020443.WriteToExcelNoData(a, typeOfData, todaysDate, fileInt, fileDouble, dZO): null

28-03-2025T12:08:52 - [TEST_STEP][PASSED] - sheetName = "Sheet1": null

28-03-2025T12:08:52 - [TEST_STEP][PASSED] - data = findTestData("PlanFact"): null

28-03-2025T12:08:52 - [TEST_STEP][PASSED] - n = data.getRowNumbers() + 1: null

28-03-2025T12:08:52 - [TEST_STEP][PASSED] - day = ")).toInteger(): null

28-03-2025T12:08:52 - [TEST_STEP][PASSED] - println(day): null

28-03-2025T12:08:52 - [TEST_STEP][PASSED] - month = ")).toInteger(): null

28-03-2025T12:08:52 - [TEST_STEP][PASSED] - println(month): null

28-03-2025T12:08:52 - [TEST_STEP][PASSED] - y = <not implemented yet for class: org.codehaus.groovy.ast.expr.EmptyExpression>: null

28-03-2025T12:08:52 - [TEST_STEP][PASSED] - iy = <not implemented yet for class: org.codehaus.groovy.ast.expr.EmptyExpression>: null

28-03-2025T12:08:52 - [TEST_STEP][PASSED] - m = getText(findTestObject("Выполнение бизнес-плана/Период")): Text of object 'Object Repository/Выполнение бизнес-плана/Период' is: 'Январь 2025 года'

28-03-2025T12:08:52 - [MESSAGE][PASSED] - Text of object 'Object Repository/Выполнение бизнес-плана/Период' is: 'Январь 2025 года'

28-03-2025T12:08:52 - [TEST_STEP][PASSED] - iy = m.indexOf("20"): null

28-03-2025T12:08:52 - [TEST_STEP][PASSED] - if (iy > -1): null

28-03-2025T12:08:52 - [TEST_STEP][PASSED] - y = substring(iy, iy + 4).toInteger(): null

28-03-2025T12:08:52 - [TEST_STEP][PASSED] - println(y): null

28-03-2025T12:08:52 - [TEST_STEP][PASSED] - if (toString().length() == 4): null

28-03-2025T12:08:52 - [TEST_STEP][PASSED] - m = m.substring(0, m.indexOf(y.toString())): null

28-03-2025T12:08:52 - [TEST_STEP][PASSED] - m = m.trim(): null

28-03-2025T12:08:52 - [TEST_STEP][PASSED] - if (m == ""): null

28-03-2025T12:08:52 - [TEST_STEP][PASSED] - dashboardName = "Выполнение бизнес-плана": null

28-03-2025T12:08:52 - [TEST_STEP][PASSED] - workbook01 = getWorkbook(excelFilePath): null

28-03-2025T12:08:52 - [TEST_STEP][PASSED] - sheet01 = getExcelSheet(workbook01, sheetName): null

28-03-2025T12:08:52 - [TEST_STEP][PASSED] - setValueToCellByIndex(sheet01, n, 0, dashboardName): null

28-03-2025T12:08:52 - [TEST_STEP][PASSED] - setValueToCellByIndex(sheet01, n, 1, dZO): null

28-03-2025T12:08:52 - [TEST_STEP][PASSED] - setValueToCellByIndex(sheet01, n, 2, typeOfData): null

28-03-2025T12:08:52 - [TEST_STEP][PASSED] - if (typeOfData == "Факт в процентах" || typeOfData == "План в процентах"): null

28-03-2025T12:08:52 - [TEST_STEP][PASSED] - else: null

28-03-2025T12:08:52 - [TEST_STEP][PASSED] - setValueToCellByIndex(sheet01, n, 3, fileInt): null

28-03-2025T12:08:52 - [TEST_STEP][PASSED] - setValueToCellByIndex(sheet01, n, 4, "нет данных"): null

28-03-2025T12:08:52 - [TEST_STEP][PASSED] - setValueToCellByIndex(sheet01, n, 5, m): null

28-03-2025T12:08:52 - [TEST_STEP][PASSED] - setValueToCellByIndex(sheet01, n, 6, y): null

28-03-2025T12:08:52 - [TEST_STEP][PASSED] - setValueToCellByIndex(sheet01, n, 7, todaysDate): null

28-03-2025T12:08:52 - [TEST_STEP][PASSED] - n = n + 1: null

28-03-2025T12:08:52 - [TEST_STEP][PASSED] - saveWorkbook(excelFilePath, workbook01): null

28-03-2025T12:08:52 - [TEST_STEP][PASSED] - typeOfData = "Факт Потери": null

28-03-2025T12:08:52 - [TEST_STEP][PASSED] - fileInt = replaceAll("\s+", "").toInteger(): null

28-03-2025T12:08:52 - [TEST_STEP][PASSED] - Script1718980020443.WriteToExcelNoData(a, typeOfData, todaysDate, fileInt, fileDouble, dZO): null

28-03-2025T12:08:52 - [TEST_STEP][PASSED] - sheetName = "Sheet1": null

28-03-2025T12:08:52 - [TEST_STEP][PASSED] - data = findTestData("PlanFact"): null

28-03-2025T12:08:52 - [TEST_STEP][PASSED] - n = data.getRowNumbers() + 1: null

28-03-2025T12:08:52 - [TEST_STEP][PASSED] - day = ")).toInteger(): null

28-03-2025T12:08:52 - [TEST_STEP][PASSED] - println(day): null

28-03-2025T12:08:52 - [TEST_STEP][PASSED] - month = ")).toInteger(): null

28-03-2025T12:08:52 - [TEST_STEP][PASSED] - println(month): null

28-03-2025T12:08:52 - [TEST_STEP][PASSED] - y = <not implemented yet for class: org.codehaus.groovy.ast.expr.EmptyExpression>: null

28-03-2025T12:08:52 - [TEST_STEP][PASSED] - iy = <not implemented yet for class: org.codehaus.groovy.ast.expr.EmptyExpression>: null

28-03-2025T12:08:52 - [TEST_STEP][PASSED] - m = getText(findTestObject("Выполнение бизнес-плана/Период")): Text of object 'Object Repository/Выполнение бизнес-плана/Период' is: 'Январь 2025 года'

28-03-2025T12:08:53 - [MESSAGE][PASSED] - Text of object 'Object Repository/Выполнение бизнес-плана/Период' is: 'Январь 2025 года'

28-03-2025T12:08:53 - [TEST_STEP][PASSED] - iy = m.indexOf("20"): null

28-03-2025T12:08:53 - [TEST_STEP][PASSED] - if (iy > -1): null

28-03-2025T12:08:53 - [TEST_STEP][PASSED] - y = substring(iy, iy + 4).toInteger(): null

28-03-2025T12:08:53 - [TEST_STEP][PASSED] - println(y): null

28-03-2025T12:08:53 - [TEST_STEP][PASSED] - if (toString().length() == 4): null

28-03-2025T12:08:53 - [TEST_STEP][PASSED] - m = m.substring(0, m.indexOf(y.toString())): null

28-03-2025T12:08:53 - [TEST_STEP][PASSED] - m = m.trim(): null

28-03-2025T12:08:53 - [TEST_STEP][PASSED] - if (m == ""): null

28-03-2025T12:08:53 - [TEST_STEP][PASSED] - dashboardName = "Выполнение бизнес-плана": null

28-03-2025T12:08:53 - [TEST_STEP][PASSED] - workbook01 = getWorkbook(excelFilePath): null

28-03-2025T12:08:53 - [TEST_STEP][PASSED] - sheet01 = getExcelSheet(workbook01, sheetName): null

28-03-2025T12:08:53 - [TEST_STEP][PASSED] - setValueToCellByIndex(sheet01, n, 0, dashboardName): null

28-03-2025T12:08:53 - [TEST_STEP][PASSED] - setValueToCellByIndex(sheet01, n, 1, dZO): null

28-03-2025T12:08:53 - [TEST_STEP][PASSED] - setValueToCellByIndex(sheet01, n, 2, typeOfData): null

28-03-2025T12:08:53 - [TEST_STEP][PASSED] - if (typeOfData == "Факт в процентах" || typeOfData == "План в процентах"): null

28-03-2025T12:08:53 - [TEST_STEP][PASSED] - else: null

28-03-2025T12:08:53 - [TEST_STEP][PASSED] - setValueToCellByIndex(sheet01, n, 3, fileInt): null

28-03-2025T12:08:53 - [TEST_STEP][PASSED] - setValueToCellByIndex(sheet01, n, 4, "нет данных"): null

28-03-2025T12:08:53 - [TEST_STEP][PASSED] - setValueToCellByIndex(sheet01, n, 5, m): null

28-03-2025T12:08:53 - [TEST_STEP][PASSED] - setValueToCellByIndex(sheet01, n, 6, y): null

28-03-2025T12:08:53 - [TEST_STEP][PASSED] - setValueToCellByIndex(sheet01, n, 7, todaysDate): null

28-03-2025T12:08:53 - [TEST_STEP][PASSED] - n = n + 1: null

28-03-2025T12:08:53 - [TEST_STEP][PASSED] - saveWorkbook(excelFilePath, workbook01): null

28-03-2025T12:08:53 - [TEST_STEP][PASSED] - typeOfData = "План Отпуск в сеть": null

28-03-2025T12:08:53 - [TEST_STEP][PASSED] - fileInt = replaceAll("\s+", "").toInteger(): null

28-03-2025T12:08:53 - [TEST_STEP][PASSED] - Script1718980020443.WriteToExcelNoData(a, typeOfData, todaysDate, fileInt, fileDouble, dZO): null

28-03-2025T12:08:53 - [TEST_STEP][PASSED] - sheetName = "Sheet1": null

28-03-2025T12:08:53 - [TEST_STEP][PASSED] - data = findTestData("PlanFact"): null

28-03-2025T12:08:53 - [TEST_STEP][PASSED] - n = data.getRowNumbers() + 1: null

28-03-2025T12:08:53 - [TEST_STEP][PASSED] - day = ")).toInteger(): null

28-03-2025T12:08:53 - [TEST_STEP][PASSED] - println(day): null

28-03-2025T12:08:53 - [TEST_STEP][PASSED] - month = ")).toInteger(): null

28-03-2025T12:08:53 - [TEST_STEP][PASSED] - println(month): null

28-03-2025T12:08:53 - [TEST_STEP][PASSED] - y = <not implemented yet for class: org.codehaus.groovy.ast.expr.EmptyExpression>: null

28-03-2025T12:08:53 - [TEST_STEP][PASSED] - iy = <not implemented yet for class: org.codehaus.groovy.ast.expr.EmptyExpression>: null

28-03-2025T12:08:53 - [TEST_STEP][PASSED] - m = getText(findTestObject("Выполнение бизнес-плана/Период")): Text of object 'Object Repository/Выполнение бизнес-плана/Период' is: 'Январь 2025 года'

28-03-2025T12:08:53 - [MESSAGE][PASSED] - Text of object 'Object Repository/Выполнение бизнес-плана/Период' is: 'Январь 2025 года'

28-03-2025T12:08:53 - [TEST_STEP][PASSED] - iy = m.indexOf("20"): null

28-03-2025T12:08:53 - [TEST_STEP][PASSED] - if (iy > -1): null

28-03-2025T12:08:53 - [TEST_STEP][PASSED] - y = substring(iy, iy + 4).toInteger(): null

28-03-2025T12:08:53 - [TEST_STEP][PASSED] - println(y): null

28-03-2025T12:08:53 - [TEST_STEP][PASSED] - if (toString().length() == 4): null

28-03-2025T12:08:53 - [TEST_STEP][PASSED] - m = m.substring(0, m.indexOf(y.toString())): null

28-03-2025T12:08:53 - [TEST_STEP][PASSED] - m = m.trim(): null

28-03-2025T12:08:53 - [TEST_STEP][PASSED] - if (m == ""): null

28-03-2025T12:08:53 - [TEST_STEP][PASSED] - dashboardName = "Выполнение бизнес-плана": null

28-03-2025T12:08:53 - [TEST_STEP][PASSED] - workbook01 = getWorkbook(excelFilePath): null

28-03-2025T12:08:54 - [TEST_STEP][PASSED] - sheet01 = getExcelSheet(workbook01, sheetName): null

28-03-2025T12:08:54 - [TEST_STEP][PASSED] - setValueToCellByIndex(sheet01, n, 0, dashboardName): null

28-03-2025T12:08:54 - [TEST_STEP][PASSED] - setValueToCellByIndex(sheet01, n, 1, dZO): null

28-03-2025T12:08:54 - [TEST_STEP][PASSED] - setValueToCellByIndex(sheet01, n, 2, typeOfData): null

28-03-2025T12:08:54 - [TEST_STEP][PASSED] - if (typeOfData == "Факт в процентах" || typeOfData == "План в процентах"): null

28-03-2025T12:08:54 - [TEST_STEP][PASSED] - else: null

28-03-2025T12:08:54 - [TEST_STEP][PASSED] - setValueToCellByIndex(sheet01, n, 3, fileInt): null

28-03-2025T12:08:54 - [TEST_STEP][PASSED] - setValueToCellByIndex(sheet01, n, 4, "нет данных"): null

28-03-2025T12:08:54 - [TEST_STEP][PASSED] - setValueToCellByIndex(sheet01, n, 5, m): null

28-03-2025T12:08:54 - [TEST_STEP][PASSED] - setValueToCellByIndex(sheet01, n, 6, y): null

28-03-2025T12:08:54 - [TEST_STEP][PASSED] - setValueToCellByIndex(sheet01, n, 7, todaysDate): null

28-03-2025T12:08:54 - [TEST_STEP][PASSED] - n = n + 1: null

28-03-2025T12:08:54 - [TEST_STEP][PASSED] - saveWorkbook(excelFilePath, workbook01): null

28-03-2025T12:08:54 - [TEST_STEP][PASSED] - typeOfData = "План Потери": null

28-03-2025T12:08:54 - [TEST_STEP][PASSED] - fileInt = replaceAll("\s+", "").toInteger(): null

28-03-2025T12:08:54 - [TEST_STEP][PASSED] - Script1718980020443.WriteToExcelNoData(a, typeOfData, todaysDate, fileInt, fileDouble, dZO): null

28-03-2025T12:08:54 - [TEST_STEP][PASSED] - sheetName = "Sheet1": null

28-03-2025T12:08:54 - [TEST_STEP][PASSED] - data = findTestData("PlanFact"): null

28-03-2025T12:08:54 - [TEST_STEP][PASSED] - n = data.getRowNumbers() + 1: null

28-03-2025T12:08:54 - [TEST_STEP][PASSED] - day = ")).toInteger(): null

28-03-2025T12:08:54 - [TEST_STEP][PASSED] - println(day): null

28-03-2025T12:08:54 - [TEST_STEP][PASSED] - month = ")).toInteger(): null

28-03-2025T12:08:54 - [TEST_STEP][PASSED] - println(month): null

28-03-2025T12:08:54 - [TEST_STEP][PASSED] - y = <not implemented yet for class: org.codehaus.groovy.ast.expr.EmptyExpression>: null

28-03-2025T12:08:54 - [TEST_STEP][PASSED] - iy = <not implemented yet for class: org.codehaus.groovy.ast.expr.EmptyExpression>: null

28-03-2025T12:08:54 - [TEST_STEP][PASSED] - m = getText(findTestObject("Выполнение бизнес-плана/Период")): Text of object 'Object Repository/Выполнение бизнес-плана/Период' is: 'Январь 2025 года'

28-03-2025T12:08:54 - [MESSAGE][PASSED] - Text of object 'Object Repository/Выполнение бизнес-плана/Период' is: 'Январь 2025 года'

28-03-2025T12:08:54 - [TEST_STEP][PASSED] - iy = m.indexOf("20"): null

28-03-2025T12:08:54 - [TEST_STEP][PASSED] - if (iy > -1): null

28-03-2025T12:08:54 - [TEST_STEP][PASSED] - y = substring(iy, iy + 4).toInteger(): null

28-03-2025T12:08:54 - [TEST_STEP][PASSED] - println(y): null

28-03-2025T12:08:54 - [TEST_STEP][PASSED] - if (toString().length() == 4): null

28-03-2025T12:08:54 - [TEST_STEP][PASSED] - m = m.substring(0, m.indexOf(y.toString())): null

28-03-2025T12:08:54 - [TEST_STEP][PASSED] - m = m.trim(): null

28-03-2025T12:08:54 - [TEST_STEP][PASSED] - if (m == ""): null

28-03-2025T12:08:54 - [TEST_STEP][PASSED] - dashboardName = "Выполнение бизнес-плана": null

28-03-2025T12:08:54 - [TEST_STEP][PASSED] - workbook01 = getWorkbook(excelFilePath): null

28-03-2025T12:08:54 - [TEST_STEP][PASSED] - sheet01 = getExcelSheet(workbook01, sheetName): null

28-03-2025T12:08:54 - [TEST_STEP][PASSED] - setValueToCellByIndex(sheet01, n, 0, dashboardName): null

28-03-2025T12:08:54 - [TEST_STEP][PASSED] - setValueToCellByIndex(sheet01, n, 1, dZO): null

28-03-2025T12:08:54 - [TEST_STEP][PASSED] - setValueToCellByIndex(sheet01, n, 2, typeOfData): null

28-03-2025T12:08:54 - [TEST_STEP][PASSED] - if (typeOfData == "Факт в процентах" || typeOfData == "План в процентах"): null

28-03-2025T12:08:54 - [TEST_STEP][PASSED] - else: null

28-03-2025T12:08:54 - [TEST_STEP][PASSED] - setValueToCellByIndex(sheet01, n, 3, fileInt): null

28-03-2025T12:08:54 - [TEST_STEP][PASSED] - setValueToCellByIndex(sheet01, n, 4, "нет данных"): null

28-03-2025T12:08:54 - [TEST_STEP][PASSED] - setValueToCellByIndex(sheet01, n, 5, m): null

28-03-2025T12:08:54 - [TEST_STEP][PASSED] - setValueToCellByIndex(sheet01, n, 6, y): null

28-03-2025T12:08:54 - [TEST_STEP][PASSED] - setValueToCellByIndex(sheet01, n, 7, todaysDate): null

28-03-2025T12:08:54 - [TEST_STEP][PASSED] - n = n + 1: null

28-03-2025T12:08:54 - [TEST_STEP][PASSED] - saveWorkbook(excelFilePath, workbook01): null

28-03-2025T12:08:55 - [TEST_STEP][PASSED] - typeOfData = "План в процентах": null

28-03-2025T12:08:55 - [TEST_STEP][PASSED] - fileDouble = ").toDouble(): null

28-03-2025T12:08:55 - [TEST_STEP][PASSED] - Script1718980020443.WriteToExcelNoData(a, typeOfData, todaysDate, fileInt, fileDouble, dZO): null

28-03-2025T12:08:55 - [TEST_STEP][PASSED] - sheetName = "Sheet1": null

28-03-2025T12:08:55 - [TEST_STEP][PASSED] - data = findTestData("PlanFact"): null

28-03-2025T12:08:55 - [TEST_STEP][PASSED] - n = data.getRowNumbers() + 1: null

28-03-2025T12:08:55 - [TEST_STEP][PASSED] - day = ")).toInteger(): null

28-03-2025T12:08:55 - [TEST_STEP][PASSED] - println(day): null

28-03-2025T12:08:55 - [TEST_STEP][PASSED] - month = ")).toInteger(): null

28-03-2025T12:08:55 - [TEST_STEP][PASSED] - println(month): null

28-03-2025T12:08:55 - [TEST_STEP][PASSED] - y = <not implemented yet for class: org.codehaus.groovy.ast.expr.EmptyExpression>: null

28-03-2025T12:08:55 - [TEST_STEP][PASSED] - iy = <not implemented yet for class: org.codehaus.groovy.ast.expr.EmptyExpression>: null

28-03-2025T12:08:55 - [TEST_STEP][PASSED] - m = getText(findTestObject("Выполнение бизнес-плана/Период")): Text of object 'Object Repository/Выполнение бизнес-плана/Период' is: 'Январь 2025 года'

28-03-2025T12:08:55 - [MESSAGE][PASSED] - Text of object 'Object Repository/Выполнение бизнес-плана/Период' is: 'Январь 2025 года'

28-03-2025T12:08:55 - [TEST_STEP][PASSED] - iy = m.indexOf("20"): null

28-03-2025T12:08:55 - [TEST_STEP][PASSED] - if (iy > -1): null

28-03-2025T12:08:55 - [TEST_STEP][PASSED] - y = substring(iy, iy + 4).toInteger(): null

28-03-2025T12:08:55 - [TEST_STEP][PASSED] - println(y): null

28-03-2025T12:08:55 - [TEST_STEP][PASSED] - if (toString().length() == 4): null

28-03-2025T12:08:55 - [TEST_STEP][PASSED] - m = m.substring(0, m.indexOf(y.toString())): null

28-03-2025T12:08:55 - [TEST_STEP][PASSED] - m = m.trim(): null

28-03-2025T12:08:55 - [TEST_STEP][PASSED] - if (m == ""): null

28-03-2025T12:08:55 - [TEST_STEP][PASSED] - dashboardName = "Выполнение бизнес-плана": null

28-03-2025T12:08:55 - [TEST_STEP][PASSED] - workbook01 = getWorkbook(excelFilePath): null

28-03-2025T12:08:55 - [TEST_STEP][PASSED] - sheet01 = getExcelSheet(workbook01, sheetName): null

28-03-2025T12:08:55 - [TEST_STEP][PASSED] - setValueToCellByIndex(sheet01, n, 0, dashboardName): null

28-03-2025T12:08:55 - [TEST_STEP][PASSED] - setValueToCellByIndex(sheet01, n, 1, dZO): null

28-03-2025T12:08:55 - [TEST_STEP][PASSED] - setValueToCellByIndex(sheet01, n, 2, typeOfData): null

28-03-2025T12:08:55 - [TEST_STEP][PASSED] - if (typeOfData == "Факт в процентах" || typeOfData == "План в процентах"): null

28-03-2025T12:08:55 - [TEST_STEP][PASSED] - setValueToCellByIndex(sheet01, n, 3, fileDouble): null

28-03-2025T12:08:55 - [TEST_STEP][PASSED] - setValueToCellByIndex(sheet01, n, 4, "нет данных"): null

28-03-2025T12:08:55 - [TEST_STEP][PASSED] - setValueToCellByIndex(sheet01, n, 5, m): null

28-03-2025T12:08:55 - [TEST_STEP][PASSED] - setValueToCellByIndex(sheet01, n, 6, y): null

28-03-2025T12:08:55 - [TEST_STEP][PASSED] - setValueToCellByIndex(sheet01, n, 7, todaysDate): null

28-03-2025T12:08:55 - [TEST_STEP][PASSED] - n = n + 1: null

28-03-2025T12:08:55 - [TEST_STEP][PASSED] - saveWorkbook(excelFilePath, workbook01): null

28-03-2025T12:08:55 - [TEST_STEP][PASSED] - typeOfData = "Факт в процентах": null

28-03-2025T12:08:55 - [TEST_STEP][PASSED] - fileDouble = ").toDouble(): null

28-03-2025T12:08:55 - [TEST_STEP][PASSED] - Script1718980020443.WriteToExcelNoData(a, typeOfData, todaysDate, fileInt, fileDouble, dZO): null

28-03-2025T12:08:55 - [TEST_STEP][PASSED] - sheetName = "Sheet1": null

28-03-2025T12:08:55 - [TEST_STEP][PASSED] - data = findTestData("PlanFact"): null

28-03-2025T12:08:55 - [TEST_STEP][PASSED] - n = data.getRowNumbers() + 1: null

28-03-2025T12:08:55 - [TEST_STEP][PASSED] - day = ")).toInteger(): null

28-03-2025T12:08:55 - [TEST_STEP][PASSED] - println(day): null

28-03-2025T12:08:55 - [TEST_STEP][PASSED] - month = ")).toInteger(): null

28-03-2025T12:08:55 - [TEST_STEP][PASSED] - println(month): null

28-03-2025T12:08:55 - [TEST_STEP][PASSED] - y = <not implemented yet for class: org.codehaus.groovy.ast.expr.EmptyExpression>: null

28-03-2025T12:08:55 - [TEST_STEP][PASSED] - iy = <not implemented yet for class: org.codehaus.groovy.ast.expr.EmptyExpression>: null

28-03-2025T12:08:55 - [TEST_STEP][PASSED] - m = getText(findTestObject("Выполнение бизнес-плана/Период")): Text of object 'Object Repository/Выполнение бизнес-плана/Период' is: 'Январь 2025 года'

28-03-2025T12:08:56 - [MESSAGE][PASSED] - Text of object 'Object Repository/Выполнение бизнес-плана/Период' is: 'Январь 2025 года'

28-03-2025T12:08:56 - [TEST_STEP][PASSED] - iy = m.indexOf("20"): null

28-03-2025T12:08:56 - [TEST_STEP][PASSED] - if (iy > -1): null

28-03-2025T12:08:56 - [TEST_STEP][PASSED] - y = substring(iy, iy + 4).toInteger(): null

28-03-2025T12:08:56 - [TEST_STEP][PASSED] - println(y): null

28-03-2025T12:08:56 - [TEST_STEP][PASSED] - if (toString().length() == 4): null

28-03-2025T12:08:56 - [TEST_STEP][PASSED] - m = m.substring(0, m.indexOf(y.toString())): null

28-03-2025T12:08:56 - [TEST_STEP][PASSED] - m = m.trim(): null

28-03-2025T12:08:56 - [TEST_STEP][PASSED] - if (m == ""): null

28-03-2025T12:08:56 - [TEST_STEP][PASSED] - dashboardName = "Выполнение бизнес-плана": null

28-03-2025T12:08:56 - [TEST_STEP][PASSED] - workbook01 = getWorkbook(excelFilePath): null

28-03-2025T12:08:56 - [TEST_STEP][PASSED] - sheet01 = getExcelSheet(workbook01, sheetName): null

28-03-2025T12:08:56 - [TEST_STEP][PASSED] - setValueToCellByIndex(sheet01, n, 0, dashboardName): null

28-03-2025T12:08:56 - [TEST_STEP][PASSED] - setValueToCellByIndex(sheet01, n, 1, dZO): null

28-03-2025T12:08:56 - [TEST_STEP][PASSED] - setValueToCellByIndex(sheet01, n, 2, typeOfData): null

28-03-2025T12:08:56 - [TEST_STEP][PASSED] - if (typeOfData == "Факт в процентах" || typeOfData == "План в процентах"): null

28-03-2025T12:08:56 - [TEST_STEP][PASSED] - setValueToCellByIndex(sheet01, n, 3, fileDouble): null

28-03-2025T12:08:56 - [TEST_STEP][PASSED] - setValueToCellByIndex(sheet01, n, 4, "нет данных"): null

28-03-2025T12:08:56 - [TEST_STEP][PASSED] - setValueToCellByIndex(sheet01, n, 5, m): null

28-03-2025T12:08:56 - [TEST_STEP][PASSED] - setValueToCellByIndex(sheet01, n, 6, y): null

28-03-2025T12:08:56 - [TEST_STEP][PASSED] - setValueToCellByIndex(sheet01, n, 7, todaysDate): null

28-03-2025T12:08:56 - [TEST_STEP][PASSED] - n = n + 1: null

28-03-2025T12:08:56 - [TEST_STEP][PASSED] - saveWorkbook(excelFilePath, workbook01): null

28-03-2025T12:08:56 - [TEST_STEP][PASSED] - dZO = "Оренбургэнерго": null

28-03-2025T12:08:56 - [TEST_STEP][PASSED] - a = 30: null

28-03-2025T12:08:56 - [TEST_STEP][PASSED] - if (x2.contains(dZO)): null

28-03-2025T12:08:56 - [TEST_STEP][PASSED] - else: null

28-03-2025T12:08:56 - [TEST_STEP][PASSED] - Script1718980020443.NoData(a, typeOfData, todaysDate, fileInt, fileDouble, dZO): null

28-03-2025T12:08:56 - [TEST_STEP][PASSED] - println(a): null

28-03-2025T12:08:56 - [TEST_STEP][PASSED] - println(todaysDate): null

28-03-2025T12:08:56 - [TEST_STEP][PASSED] - println(fileInt): null

28-03-2025T12:08:56 - [TEST_STEP][PASSED] - println(fileDouble): null

28-03-2025T12:08:56 - [TEST_STEP][PASSED] - println(dZO): null

28-03-2025T12:08:56 - [TEST_STEP][PASSED] - typeOfData = "Факт Отпуск в сеть": null

28-03-2025T12:08:56 - [TEST_STEP][PASSED] - fileInt = replaceAll("\s+", "").toInteger(): null

28-03-2025T12:08:56 - [TEST_STEP][PASSED] - Script1718980020443.WriteToExcelNoData(a, typeOfData, todaysDate, fileInt, fileDouble, dZO): null

28-03-2025T12:08:56 - [TEST_STEP][PASSED] - sheetName = "Sheet1": null

28-03-2025T12:08:56 - [TEST_STEP][PASSED] - data = findTestData("PlanFact"): null

28-03-2025T12:08:56 - [TEST_STEP][PASSED] - n = data.getRowNumbers() + 1: null

28-03-2025T12:08:56 - [TEST_STEP][PASSED] - day = ")).toInteger(): null

28-03-2025T12:08:56 - [TEST_STEP][PASSED] - println(day): null

28-03-2025T12:08:56 - [TEST_STEP][PASSED] - month = ")).toInteger(): null

28-03-2025T12:08:56 - [TEST_STEP][PASSED] - println(month): null

28-03-2025T12:08:56 - [TEST_STEP][PASSED] - y = <not implemented yet for class: org.codehaus.groovy.ast.expr.EmptyExpression>: null

28-03-2025T12:08:56 - [TEST_STEP][PASSED] - iy = <not implemented yet for class: org.codehaus.groovy.ast.expr.EmptyExpression>: null

28-03-2025T12:08:56 - [TEST_STEP][PASSED] - m = getText(findTestObject("Выполнение бизнес-плана/Период")): Text of object 'Object Repository/Выполнение бизнес-плана/Период' is: 'Январь 2025 года'

28-03-2025T12:08:56 - [MESSAGE][PASSED] - Text of object 'Object Repository/Выполнение бизнес-плана/Период' is: 'Январь 2025 года'

28-03-2025T12:08:56 - [TEST_STEP][PASSED] - iy = m.indexOf("20"): null

28-03-2025T12:08:56 - [TEST_STEP][PASSED] - if (iy > -1): null

28-03-2025T12:08:56 - [TEST_STEP][PASSED] - y = substring(iy, iy + 4).toInteger(): null

28-03-2025T12:08:56 - [TEST_STEP][PASSED] - println(y): null

28-03-2025T12:08:56 - [TEST_STEP][PASSED] - if (toString().length() == 4): null

28-03-2025T12:08:56 - [TEST_STEP][PASSED] - m = m.substring(0, m.indexOf(y.toString())): null

28-03-2025T12:08:56 - [TEST_STEP][PASSED] - m = m.trim(): null

28-03-2025T12:08:56 - [TEST_STEP][PASSED] - if (m == ""): null

28-03-2025T12:08:56 - [TEST_STEP][PASSED] - dashboardName = "Выполнение бизнес-плана": null

28-03-2025T12:08:56 - [TEST_STEP][PASSED] - workbook01 = getWorkbook(excelFilePath): null

28-03-2025T12:08:56 - [TEST_STEP][PASSED] - sheet01 = getExcelSheet(workbook01, sheetName): null

28-03-2025T12:08:56 - [TEST_STEP][PASSED] - setValueToCellByIndex(sheet01, n, 0, dashboardName): null

28-03-2025T12:08:56 - [TEST_STEP][PASSED] - setValueToCellByIndex(sheet01, n, 1, dZO): null

28-03-2025T12:08:56 - [TEST_STEP][PASSED] - setValueToCellByIndex(sheet01, n, 2, typeOfData): null

28-03-2025T12:08:56 - [TEST_STEP][PASSED] - if (typeOfData == "Факт в процентах" || typeOfData == "План в процентах"): null

28-03-2025T12:08:56 - [TEST_STEP][PASSED] - else: null

28-03-2025T12:08:56 - [TEST_STEP][PASSED] - setValueToCellByIndex(sheet01, n, 3, fileInt): null

28-03-2025T12:08:56 - [TEST_STEP][PASSED] - setValueToCellByIndex(sheet01, n, 4, "нет данных"): null

28-03-2025T12:08:56 - [TEST_STEP][PASSED] - setValueToCellByIndex(sheet01, n, 5, m): null

28-03-2025T12:08:56 - [TEST_STEP][PASSED] - setValueToCellByIndex(sheet01, n, 6, y): null

28-03-2025T12:08:56 - [TEST_STEP][PASSED] - setValueToCellByIndex(sheet01, n, 7, todaysDate): null

28-03-2025T12:08:56 - [TEST_STEP][PASSED] - n = n + 1: null

28-03-2025T12:08:56 - [TEST_STEP][PASSED] - saveWorkbook(excelFilePath, workbook01): null

28-03-2025T12:08:57 - [TEST_STEP][PASSED] - typeOfData = "Факт Потери": null

28-03-2025T12:08:57 - [TEST_STEP][PASSED] - fileInt = replaceAll("\s+", "").toInteger(): null

28-03-2025T12:08:57 - [TEST_STEP][PASSED] - Script1718980020443.WriteToExcelNoData(a, typeOfData, todaysDate, fileInt, fileDouble, dZO): null

28-03-2025T12:08:57 - [TEST_STEP][PASSED] - sheetName = "Sheet1": null

28-03-2025T12:08:57 - [TEST_STEP][PASSED] - data = findTestData("PlanFact"): null

28-03-2025T12:08:57 - [TEST_STEP][PASSED] - n = data.getRowNumbers() + 1: null

28-03-2025T12:08:57 - [TEST_STEP][PASSED] - day = ")).toInteger(): null

28-03-2025T12:08:57 - [TEST_STEP][PASSED] - println(day): null

28-03-2025T12:08:57 - [TEST_STEP][PASSED] - month = ")).toInteger(): null

28-03-2025T12:08:57 - [TEST_STEP][PASSED] - println(month): null

28-03-2025T12:08:57 - [TEST_STEP][PASSED] - y = <not implemented yet for class: org.codehaus.groovy.ast.expr.EmptyExpression>: null

28-03-2025T12:08:57 - [TEST_STEP][PASSED] - iy = <not implemented yet for class: org.codehaus.groovy.ast.expr.EmptyExpression>: null

28-03-2025T12:08:57 - [TEST_STEP][PASSED] - m = getText(findTestObject("Выполнение бизнес-плана/Период")): Text of object 'Object Repository/Выполнение бизнес-плана/Период' is: 'Январь 2025 года'

28-03-2025T12:08:57 - [MESSAGE][PASSED] - Text of object 'Object Repository/Выполнение бизнес-плана/Период' is: 'Январь 2025 года'

28-03-2025T12:08:57 - [TEST_STEP][PASSED] - iy = m.indexOf("20"): null

28-03-2025T12:08:57 - [TEST_STEP][PASSED] - if (iy > -1): null

28-03-2025T12:08:57 - [TEST_STEP][PASSED] - y = substring(iy, iy + 4).toInteger(): null

28-03-2025T12:08:57 - [TEST_STEP][PASSED] - println(y): null

28-03-2025T12:08:57 - [TEST_STEP][PASSED] - if (toString().length() == 4): null

28-03-2025T12:08:57 - [TEST_STEP][PASSED] - m = m.substring(0, m.indexOf(y.toString())): null

28-03-2025T12:08:57 - [TEST_STEP][PASSED] - m = m.trim(): null

28-03-2025T12:08:57 - [TEST_STEP][PASSED] - if (m == ""): null

28-03-2025T12:08:57 - [TEST_STEP][PASSED] - dashboardName = "Выполнение бизнес-плана": null

28-03-2025T12:08:57 - [TEST_STEP][PASSED] - workbook01 = getWorkbook(excelFilePath): null

28-03-2025T12:08:57 - [TEST_STEP][PASSED] - sheet01 = getExcelSheet(workbook01, sheetName): null

28-03-2025T12:08:57 - [TEST_STEP][PASSED] - setValueToCellByIndex(sheet01, n, 0, dashboardName): null

28-03-2025T12:08:57 - [TEST_STEP][PASSED] - setValueToCellByIndex(sheet01, n, 1, dZO): null

28-03-2025T12:08:57 - [TEST_STEP][PASSED] - setValueToCellByIndex(sheet01, n, 2, typeOfData): null

28-03-2025T12:08:57 - [TEST_STEP][PASSED] - if (typeOfData == "Факт в процентах" || typeOfData == "План в процентах"): null

28-03-2025T12:08:57 - [TEST_STEP][PASSED] - else: null

28-03-2025T12:08:57 - [TEST_STEP][PASSED] - setValueToCellByIndex(sheet01, n, 3, fileInt): null

28-03-2025T12:08:57 - [TEST_STEP][PASSED] - setValueToCellByIndex(sheet01, n, 4, "нет данных"): null

28-03-2025T12:08:57 - [TEST_STEP][PASSED] - setValueToCellByIndex(sheet01, n, 5, m): null

28-03-2025T12:08:57 - [TEST_STEP][PASSED] - setValueToCellByIndex(sheet01, n, 6, y): null

28-03-2025T12:08:57 - [TEST_STEP][PASSED] - setValueToCellByIndex(sheet01, n, 7, todaysDate): null

28-03-2025T12:08:57 - [TEST_STEP][PASSED] - n = n + 1: null

28-03-2025T12:08:57 - [TEST_STEP][PASSED] - saveWorkbook(excelFilePath, workbook01): null

28-03-2025T12:08:58 - [TEST_STEP][PASSED] - typeOfData = "План Отпуск в сеть": null

28-03-2025T12:08:58 - [TEST_STEP][PASSED] - fileInt = replaceAll("\s+", "").toInteger(): null

28-03-2025T12:08:58 - [TEST_STEP][PASSED] - Script1718980020443.WriteToExcelNoData(a, typeOfData, todaysDate, fileInt, fileDouble, dZO): null

28-03-2025T12:08:58 - [TEST_STEP][PASSED] - sheetName = "Sheet1": null

28-03-2025T12:08:58 - [TEST_STEP][PASSED] - data = findTestData("PlanFact"): null

28-03-2025T12:08:58 - [TEST_STEP][PASSED] - n = data.getRowNumbers() + 1: null

28-03-2025T12:08:58 - [TEST_STEP][PASSED] - day = ")).toInteger(): null

28-03-2025T12:08:58 - [TEST_STEP][PASSED] - println(day): null

28-03-2025T12:08:58 - [TEST_STEP][PASSED] - month = ")).toInteger(): null

28-03-2025T12:08:58 - [TEST_STEP][PASSED] - println(month): null

28-03-2025T12:08:58 - [TEST_STEP][PASSED] - y = <not implemented yet for class: org.codehaus.groovy.ast.expr.EmptyExpression>: null

28-03-2025T12:08:58 - [TEST_STEP][PASSED] - iy = <not implemented yet for class: org.codehaus.groovy.ast.expr.EmptyExpression>: null

28-03-2025T12:08:58 - [TEST_STEP][PASSED] - m = getText(findTestObject("Выполнение бизнес-плана/Период")): Text of object 'Object Repository/Выполнение бизнес-плана/Период' is: 'Январь 2025 года'

28-03-2025T12:08:58 - [MESSAGE][PASSED] - Text of object 'Object Repository/Выполнение бизнес-плана/Период' is: 'Январь 2025 года'

28-03-2025T12:08:58 - [TEST_STEP][PASSED] - iy = m.indexOf("20"): null

28-03-2025T12:08:58 - [TEST_STEP][PASSED] - if (iy > -1): null

28-03-2025T12:08:58 - [TEST_STEP][PASSED] - y = substring(iy, iy + 4).toInteger(): null

28-03-2025T12:08:58 - [TEST_STEP][PASSED] - println(y): null

28-03-2025T12:08:58 - [TEST_STEP][PASSED] - if (toString().length() == 4): null

28-03-2025T12:08:58 - [TEST_STEP][PASSED] - m = m.substring(0, m.indexOf(y.toString())): null

28-03-2025T12:08:58 - [TEST_STEP][PASSED] - m = m.trim(): null

28-03-2025T12:08:58 - [TEST_STEP][PASSED] - if (m == ""): null

28-03-2025T12:08:58 - [TEST_STEP][PASSED] - dashboardName = "Выполнение бизнес-плана": null

28-03-2025T12:08:58 - [TEST_STEP][PASSED] - workbook01 = getWorkbook(excelFilePath): null

28-03-2025T12:08:58 - [TEST_STEP][PASSED] - sheet01 = getExcelSheet(workbook01, sheetName): null

28-03-2025T12:08:58 - [TEST_STEP][PASSED] - setValueToCellByIndex(sheet01, n, 0, dashboardName): null

28-03-2025T12:08:58 - [TEST_STEP][PASSED] - setValueToCellByIndex(sheet01, n, 1, dZO): null

28-03-2025T12:08:58 - [TEST_STEP][PASSED] - setValueToCellByIndex(sheet01, n, 2, typeOfData): null

28-03-2025T12:08:58 - [TEST_STEP][PASSED] - if (typeOfData == "Факт в процентах" || typeOfData == "План в процентах"): null

28-03-2025T12:08:58 - [TEST_STEP][PASSED] - else: null

28-03-2025T12:08:58 - [TEST_STEP][PASSED] - setValueToCellByIndex(sheet01, n, 3, fileInt): null

28-03-2025T12:08:58 - [TEST_STEP][PASSED] - setValueToCellByIndex(sheet01, n, 4, "нет данных"): null

28-03-2025T12:08:58 - [TEST_STEP][PASSED] - setValueToCellByIndex(sheet01, n, 5, m): null

28-03-2025T12:08:58 - [TEST_STEP][PASSED] - setValueToCellByIndex(sheet01, n, 6, y): null

28-03-2025T12:08:58 - [TEST_STEP][PASSED] - setValueToCellByIndex(sheet01, n, 7, todaysDate): null

28-03-2025T12:08:58 - [TEST_STEP][PASSED] - n = n + 1: null

28-03-2025T12:08:58 - [TEST_STEP][PASSED] - saveWorkbook(excelFilePath, workbook01): null

28-03-2025T12:08:58 - [TEST_STEP][PASSED] - typeOfData = "План Потери": null

28-03-2025T12:08:58 - [TEST_STEP][PASSED] - fileInt = replaceAll("\s+", "").toInteger(): null

28-03-2025T12:08:58 - [TEST_STEP][PASSED] - Script1718980020443.WriteToExcelNoData(a, typeOfData, todaysDate, fileInt, fileDouble, dZO): null

28-03-2025T12:08:58 - [TEST_STEP][PASSED] - sheetName = "Sheet1": null

28-03-2025T12:08:58 - [TEST_STEP][PASSED] - data = findTestData("PlanFact"): null

28-03-2025T12:08:58 - [TEST_STEP][PASSED] - n = data.getRowNumbers() + 1: null

28-03-2025T12:08:58 - [TEST_STEP][PASSED] - day = ")).toInteger(): null

28-03-2025T12:08:58 - [TEST_STEP][PASSED] - println(day): null

28-03-2025T12:08:58 - [TEST_STEP][PASSED] - month = ")).toInteger(): null

28-03-2025T12:08:58 - [TEST_STEP][PASSED] - println(month): null

28-03-2025T12:08:58 - [TEST_STEP][PASSED] - y = <not implemented yet for class: org.codehaus.groovy.ast.expr.EmptyExpression>: null

28-03-2025T12:08:58 - [TEST_STEP][PASSED] - iy = <not implemented yet for class: org.codehaus.groovy.ast.expr.EmptyExpression>: null

28-03-2025T12:08:58 - [TEST_STEP][PASSED] - m = getText(findTestObject("Выполнение бизнес-плана/Период")): Text of object 'Object Repository/Выполнение бизнес-плана/Период' is: 'Январь 2025 года'

28-03-2025T12:08:59 - [MESSAGE][PASSED] - Text of object 'Object Repository/Выполнение бизнес-плана/Период' is: 'Январь 2025 года'

28-03-2025T12:08:59 - [TEST_STEP][PASSED] - iy = m.indexOf("20"): null

28-03-2025T12:08:59 - [TEST_STEP][PASSED] - if (iy > -1): null

28-03-2025T12:08:59 - [TEST_STEP][PASSED] - y = substring(iy, iy + 4).toInteger(): null

28-03-2025T12:08:59 - [TEST_STEP][PASSED] - println(y): null

28-03-2025T12:08:59 - [TEST_STEP][PASSED] - if (toString().length() == 4): null

28-03-2025T12:08:59 - [TEST_STEP][PASSED] - m = m.substring(0, m.indexOf(y.toString())): null

28-03-2025T12:08:59 - [TEST_STEP][PASSED] - m = m.trim(): null

28-03-2025T12:08:59 - [TEST_STEP][PASSED] - if (m == ""): null

28-03-2025T12:08:59 - [TEST_STEP][PASSED] - dashboardName = "Выполнение бизнес-плана": null

28-03-2025T12:08:59 - [TEST_STEP][PASSED] - workbook01 = getWorkbook(excelFilePath): null

28-03-2025T12:08:59 - [TEST_STEP][PASSED] - sheet01 = getExcelSheet(workbook01, sheetName): null

28-03-2025T12:08:59 - [TEST_STEP][PASSED] - setValueToCellByIndex(sheet01, n, 0, dashboardName): null

28-03-2025T12:08:59 - [TEST_STEP][PASSED] - setValueToCellByIndex(sheet01, n, 1, dZO): null

28-03-2025T12:08:59 - [TEST_STEP][PASSED] - setValueToCellByIndex(sheet01, n, 2, typeOfData): null

28-03-2025T12:08:59 - [TEST_STEP][PASSED] - if (typeOfData == "Факт в процентах" || typeOfData == "План в процентах"): null

28-03-2025T12:08:59 - [TEST_STEP][PASSED] - else: null

28-03-2025T12:08:59 - [TEST_STEP][PASSED] - setValueToCellByIndex(sheet01, n, 3, fileInt): null

28-03-2025T12:08:59 - [TEST_STEP][PASSED] - setValueToCellByIndex(sheet01, n, 4, "нет данных"): null

28-03-2025T12:08:59 - [TEST_STEP][PASSED] - setValueToCellByIndex(sheet01, n, 5, m): null

28-03-2025T12:08:59 - [TEST_STEP][PASSED] - setValueToCellByIndex(sheet01, n, 6, y): null

28-03-2025T12:08:59 - [TEST_STEP][PASSED] - setValueToCellByIndex(sheet01, n, 7, todaysDate): null

28-03-2025T12:08:59 - [TEST_STEP][PASSED] - n = n + 1: null

28-03-2025T12:08:59 - [TEST_STEP][PASSED] - saveWorkbook(excelFilePath, workbook01): null

28-03-2025T12:08:59 - [TEST_STEP][PASSED] - typeOfData = "План в процентах": null

28-03-2025T12:08:59 - [TEST_STEP][PASSED] - fileDouble = ").toDouble(): null

28-03-2025T12:08:59 - [TEST_STEP][PASSED] - Script1718980020443.WriteToExcelNoData(a, typeOfData, todaysDate, fileInt, fileDouble, dZO): null

28-03-2025T12:08:59 - [TEST_STEP][PASSED] - sheetName = "Sheet1": null

28-03-2025T12:08:59 - [TEST_STEP][PASSED] - data = findTestData("PlanFact"): null

28-03-2025T12:08:59 - [TEST_STEP][PASSED] - n = data.getRowNumbers() + 1: null

28-03-2025T12:08:59 - [TEST_STEP][PASSED] - day = ")).toInteger(): null

28-03-2025T12:08:59 - [TEST_STEP][PASSED] - println(day): null

28-03-2025T12:08:59 - [TEST_STEP][PASSED] - month = ")).toInteger(): null

28-03-2025T12:08:59 - [TEST_STEP][PASSED] - println(month): null

28-03-2025T12:08:59 - [TEST_STEP][PASSED] - y = <not implemented yet for class: org.codehaus.groovy.ast.expr.EmptyExpression>: null

28-03-2025T12:08:59 - [TEST_STEP][PASSED] - iy = <not implemented yet for class: org.codehaus.groovy.ast.expr.EmptyExpression>: null

28-03-2025T12:08:59 - [TEST_STEP][PASSED] - m = getText(findTestObject("Выполнение бизнес-плана/Период")): Text of object 'Object Repository/Выполнение бизнес-плана/Период' is: 'Январь 2025 года'

28-03-2025T12:09:00 - [MESSAGE][PASSED] - Text of object 'Object Repository/Выполнение бизнес-плана/Период' is: 'Январь 2025 года'

28-03-2025T12:09:00 - [TEST_STEP][PASSED] - iy = m.indexOf("20"): null

28-03-2025T12:09:00 - [TEST_STEP][PASSED] - if (iy > -1): null

28-03-2025T12:09:00 - [TEST_STEP][PASSED] - y = substring(iy, iy + 4).toInteger(): null

28-03-2025T12:09:00 - [TEST_STEP][PASSED] - println(y): null

28-03-2025T12:09:00 - [TEST_STEP][PASSED] - if (toString().length() == 4): null

28-03-2025T12:09:00 - [TEST_STEP][PASSED] - m = m.substring(0, m.indexOf(y.toString())): null

28-03-2025T12:09:00 - [TEST_STEP][PASSED] - m = m.trim(): null

28-03-2025T12:09:00 - [TEST_STEP][PASSED] - if (m == ""): null

28-03-2025T12:09:00 - [TEST_STEP][PASSED] - dashboardName = "Выполнение бизнес-плана": null

28-03-2025T12:09:00 - [TEST_STEP][PASSED] - workbook01 = getWorkbook(excelFilePath): null

28-03-2025T12:09:00 - [TEST_STEP][PASSED] - sheet01 = getExcelSheet(workbook01, sheetName): null

28-03-2025T12:09:00 - [TEST_STEP][PASSED] - setValueToCellByIndex(sheet01, n, 0, dashboardName): null

28-03-2025T12:09:00 - [TEST_STEP][PASSED] - setValueToCellByIndex(sheet01, n, 1, dZO): null

28-03-2025T12:09:00 - [TEST_STEP][PASSED] - setValueToCellByIndex(sheet01, n, 2, typeOfData): null

28-03-2025T12:09:00 - [TEST_STEP][PASSED] - if (typeOfData == "Факт в процентах" || typeOfData == "План в процентах"): null

28-03-2025T12:09:00 - [TEST_STEP][PASSED] - setValueToCellByIndex(sheet01, n, 3, fileDouble): null

28-03-2025T12:09:00 - [TEST_STEP][PASSED] - setValueToCellByIndex(sheet01, n, 4, "нет данных"): null

28-03-2025T12:09:00 - [TEST_STEP][PASSED] - setValueToCellByIndex(sheet01, n, 5, m): null

28-03-2025T12:09:00 - [TEST_STEP][PASSED] - setValueToCellByIndex(sheet01, n, 6, y): null

28-03-2025T12:09:00 - [TEST_STEP][PASSED] - setValueToCellByIndex(sheet01, n, 7, todaysDate): null

28-03-2025T12:09:00 - [TEST_STEP][PASSED] - n = n + 1: null

28-03-2025T12:09:00 - [TEST_STEP][PASSED] - saveWorkbook(excelFilePath, workbook01): null

28-03-2025T12:09:00 - [TEST_STEP][PASSED] - typeOfData = "Факт в процентах": null

28-03-2025T12:09:00 - [TEST_STEP][PASSED] - fileDouble = ").toDouble(): null

28-03-2025T12:09:00 - [TEST_STEP][PASSED] - Script1718980020443.WriteToExcelNoData(a, typeOfData, todaysDate, fileInt, fileDouble, dZO): null

28-03-2025T12:09:00 - [TEST_STEP][PASSED] - sheetName = "Sheet1": null

28-03-2025T12:09:00 - [TEST_STEP][PASSED] - data = findTestData("PlanFact"): null

28-03-2025T12:09:00 - [TEST_STEP][PASSED] - n = data.getRowNumbers() + 1: null

28-03-2025T12:09:00 - [TEST_STEP][PASSED] - day = ")).toInteger(): null

28-03-2025T12:09:00 - [TEST_STEP][PASSED] - println(day): null

28-03-2025T12:09:00 - [TEST_STEP][PASSED] - month = ")).toInteger(): null

28-03-2025T12:09:00 - [TEST_STEP][PASSED] - println(month): null

28-03-2025T12:09:00 - [TEST_STEP][PASSED] - y = <not implemented yet for class: org.codehaus.groovy.ast.expr.EmptyExpression>: null

28-03-2025T12:09:00 - [TEST_STEP][PASSED] - iy = <not implemented yet for class: org.codehaus.groovy.ast.expr.EmptyExpression>: null

28-03-2025T12:09:00 - [TEST_STEP][PASSED] - m = getText(findTestObject("Выполнение бизнес-плана/Период")): Text of object 'Object Repository/Выполнение бизнес-плана/Период' is: 'Январь 2025 года'

28-03-2025T12:09:00 - [MESSAGE][PASSED] - Text of object 'Object Repository/Выполнение бизнес-плана/Период' is: 'Январь 2025 года'

28-03-2025T12:09:00 - [TEST_STEP][PASSED] - iy = m.indexOf("20"): null

28-03-2025T12:09:00 - [TEST_STEP][PASSED] - if (iy > -1): null

28-03-2025T12:09:00 - [TEST_STEP][PASSED] - y = substring(iy, iy + 4).toInteger(): null

28-03-2025T12:09:00 - [TEST_STEP][PASSED] - println(y): null

28-03-2025T12:09:00 - [TEST_STEP][PASSED] - if (toString().length() == 4): null

28-03-2025T12:09:00 - [TEST_STEP][PASSED] - m = m.substring(0, m.indexOf(y.toString())): null

28-03-2025T12:09:00 - [TEST_STEP][PASSED] - m = m.trim(): null

28-03-2025T12:09:00 - [TEST_STEP][PASSED] - if (m == ""): null

28-03-2025T12:09:00 - [TEST_STEP][PASSED] - dashboardName = "Выполнение бизнес-плана": null

28-03-2025T12:09:00 - [TEST_STEP][PASSED] - workbook01 = getWorkbook(excelFilePath): null

28-03-2025T12:09:00 - [TEST_STEP][PASSED] - sheet01 = getExcelSheet(workbook01, sheetName): null

28-03-2025T12:09:00 - [TEST_STEP][PASSED] - setValueToCellByIndex(sheet01, n, 0, dashboardName): null

28-03-2025T12:09:00 - [TEST_STEP][PASSED] - setValueToCellByIndex(sheet01, n, 1, dZO): null

28-03-2025T12:09:00 - [TEST_STEP][PASSED] - setValueToCellByIndex(sheet01, n, 2, typeOfData): null

28-03-2025T12:09:00 - [TEST_STEP][PASSED] - if (typeOfData == "Факт в процентах" || typeOfData == "План в процентах"): null

28-03-2025T12:09:00 - [TEST_STEP][PASSED] - setValueToCellByIndex(sheet01, n, 3, fileDouble): null

28-03-2025T12:09:00 - [TEST_STEP][PASSED] - setValueToCellByIndex(sheet01, n, 4, "нет данных"): null

28-03-2025T12:09:00 - [TEST_STEP][PASSED] - setValueToCellByIndex(sheet01, n, 5, m): null

28-03-2025T12:09:00 - [TEST_STEP][PASSED] - setValueToCellByIndex(sheet01, n, 6, y): null

28-03-2025T12:09:00 - [TEST_STEP][PASSED] - setValueToCellByIndex(sheet01, n, 7, todaysDate): null

28-03-2025T12:09:00 - [TEST_STEP][PASSED] - n = n + 1: null

28-03-2025T12:09:00 - [TEST_STEP][PASSED] - saveWorkbook(excelFilePath, workbook01): null

28-03-2025T12:09:01 - [TEST_STEP][PASSED] - dZO = "Пензаэнерго": null

28-03-2025T12:09:01 - [TEST_STEP][PASSED] - a = 31: null

28-03-2025T12:09:01 - [TEST_STEP][PASSED] - if (x2.contains(dZO)): null

28-03-2025T12:09:01 - [TEST_STEP][PASSED] - filialNum = filialNum + 1: null

28-03-2025T12:09:01 - [TEST_STEP][PASSED] - Script1718980020443.Numbers(a, typeOfData, todaysDate, pageInt, fileInt, pageDouble, fileDouble, dZO, dzoNum, filialNum): null

28-03-2025T12:09:01 - [TEST_STEP][PASSED] - println(dzoNum): null

28-03-2025T12:09:01 - [TEST_STEP][PASSED] - planFact = <not implemented yet for class: org.codehaus.groovy.ast.expr.EmptyExpression>: null

28-03-2025T12:09:01 - [TEST_STEP][PASSED] - page = <not implemented yet for class: org.codehaus.groovy.ast.expr.EmptyExpression>: null

28-03-2025T12:09:01 - [TEST_STEP][PASSED] - page1 = <not implemented yet for class: org.codehaus.groovy.ast.expr.EmptyExpression>: null

28-03-2025T12:09:01 - [TEST_STEP][PASSED] - page2 = <not implemented yet for class: org.codehaus.groovy.ast.expr.EmptyExpression>: null

28-03-2025T12:09:01 - [TEST_STEP][PASSED] - filialNumberInRow = <not implemented yet for class: org.codehaus.groovy.ast.expr.EmptyExpression>: null

28-03-2025T12:09:01 - [TEST_STEP][PASSED] - filialsDzoNames = <not implemented yet for class: org.codehaus.groovy.ast.expr.EmptyExpression>: null

28-03-2025T12:09:01 - [TEST_STEP][PASSED] - numberOfFilials = <not implemented yet for class: org.codehaus.groovy.ast.expr.EmptyExpression>: null

28-03-2025T12:09:01 - [TEST_STEP][PASSED] - numberOfSpaces = <not implemented yet for class: org.codehaus.groovy.ast.expr.EmptyExpression>: null

28-03-2025T12:09:01 - [TEST_STEP][PASSED] - file = <not implemented yet for class: org.codehaus.groovy.ast.expr.EmptyExpression>: null

28-03-2025T12:09:01 - [TEST_STEP][PASSED] - otpusk = <not implemented yet for class: org.codehaus.groovy.ast.expr.EmptyExpression>: null

28-03-2025T12:09:01 - [TEST_STEP][PASSED] - poteri = <not implemented yet for class: org.codehaus.groovy.ast.expr.EmptyExpression>: null

28-03-2025T12:09:01 - [TEST_STEP][PASSED] - dataFolder = "Выполнение бизнес-плана/Значения со страницы Выполнение бизнес-плана/": null

28-03-2025T12:09:01 - [TEST_STEP][PASSED] - path = <not implemented yet for class: org.codehaus.groovy.ast.expr.EmptyExpression>: null

28-03-2025T12:09:01 - [TEST_STEP][PASSED] - typeOfDataMain = <not implemented yet for class: org.codehaus.groovy.ast.expr.EmptyExpression>: null

28-03-2025T12:09:01 - [TEST_STEP][PASSED] - fileOtpuskVSet = <not implemented yet for class: org.codehaus.groovy.ast.expr.EmptyExpression>: null

28-03-2025T12:09:01 - [TEST_STEP][PASSED] - pageOtpuskVSet = <not implemented yet for class: org.codehaus.groovy.ast.expr.EmptyExpression>: null

28-03-2025T12:09:01 - [TEST_STEP][PASSED] - filePoteri = <not implemented yet for class: org.codehaus.groovy.ast.expr.EmptyExpression>: null

28-03-2025T12:09:01 - [TEST_STEP][PASSED] - pagePoteri = <not implemented yet for class: org.codehaus.groovy.ast.expr.EmptyExpression>: null

28-03-2025T12:09:01 - [TEST_STEP][PASSED] - compare = <not implemented yet for class: org.codehaus.groovy.ast.expr.EmptyExpression>: null

28-03-2025T12:09:01 - [TEST_STEP][PASSED] - b = <not implemented yet for class: org.codehaus.groovy.ast.expr.EmptyExpression>: null

28-03-2025T12:09:01 - [TEST_STEP][PASSED] - i = <not implemented yet for class: org.codehaus.groovy.ast.expr.EmptyExpression>: null

28-03-2025T12:09:01 - [TEST_STEP][PASSED] - ii = <not implemented yet for class: org.codehaus.groovy.ast.expr.EmptyExpression>: null

28-03-2025T12:09:01 - [TEST_STEP][PASSED] - c = <not implemented yet for class: org.codehaus.groovy.ast.expr.EmptyExpression>: null

28-03-2025T12:09:01 - [TEST_STEP][PASSED] - numberOfErrors = 0: null

28-03-2025T12:09:01 - [TEST_STEP][PASSED] - if (a == 82): null

28-03-2025T12:09:01 - [TEST_STEP][PASSED] - b = findTestData("PlanFact").getValue(1, a): null

28-03-2025T12:09:01 - [TEST_STEP][PASSED] - i = b.indexOf(" (ГК)"): null

28-03-2025T12:09:01 - [TEST_STEP][PASSED] - if (i > -1): null

28-03-2025T12:09:01 - [TEST_STEP][PASSED] - i = b.indexOf("О ""): null

28-03-2025T12:09:01 - [TEST_STEP][PASSED] - if (i > -1): null

28-03-2025T12:09:01 - [TEST_STEP][PASSED] - i = b.indexOf("О «"): null

28-03-2025T12:09:01 - [TEST_STEP][PASSED] - if (i > -1): null

28-03-2025T12:09:01 - [TEST_STEP][PASSED] - i = b.indexOf("г. "): null

28-03-2025T12:09:01 - [TEST_STEP][PASSED] - if (i > -1): null

28-03-2025T12:09:01 - [TEST_STEP][PASSED] - b = b.trim(): null

28-03-2025T12:09:01 - [TEST_STEP][PASSED] - println(b): null

28-03-2025T12:09:01 - [TEST_STEP][PASSED] - for ([planFact = 1, planFact < 3, (planFact++)]): null

28-03-2025T12:09:01 - [TEST_STEP][PASSED] - if (planFact == 1): null

28-03-2025T12:09:01 - [TEST_STEP][PASSED] - typeOfDataMain = "Факт": null

28-03-2025T12:09:01 - [TEST_STEP][PASSED] - otpusk = findTestData("PlanFact").getValue(5, a): null

28-03-2025T12:09:01 - [TEST_STEP][PASSED] - poteri = findTestData("PlanFact").getValue(6, a): null

28-03-2025T12:09:01 - [TEST_STEP][PASSED] - otpusk = otpusk.replaceAll("\s+", ""): null

28-03-2025T12:09:01 - [TEST_STEP][PASSED] - poteri = poteri.replaceAll("\s+", ""): null

28-03-2025T12:09:01 - [TEST_STEP][PASSED] - typeOfData = typeOfDataMain + " Отпуск в сеть": null

28-03-2025T12:09:01 - [TEST_STEP][PASSED] - if (a == 82): null

28-03-2025T12:09:01 - [TEST_STEP][PASSED] - else if (a == 84): null

28-03-2025T12:09:01 - [TEST_STEP][PASSED] - else if (a == 83 || a == 52 || a == 72 || a == 28 || a == 73 || a == 77 || a == 74 || a == 65 || a == 36 || a == 44 || a == 53 || a == 80 || a == 54 || a == 1 || a == 18 || a == 59 || a == 81): null

28-03-2025T12:09:01 - [TEST_STEP][PASSED] - else: null

28-03-2025T12:09:01 - [TEST_STEP][PASSED] - path = dataFolder + typeOfData + " за отчётный период " + b: null

28-03-2025T12:09:01 - [TEST_STEP][PASSED] - println(path): null

28-03-2025T12:09:01 - [TEST_STEP][PASSED] - page = getText(findTestObject(path)): Text of object 'Object Repository/Выполнение бизнес-плана/Значения со страницы Выполнение бизнес-плана/Факт Отпуск в сеть за отчётный период Пензаэнерго' is: '880 001'

28-03-2025T12:09:01 - [MESSAGE][PASSED] - Text of object 'Object Repository/Выполнение бизнес-плана/Значения со страницы Выполнение бизнес-плана/Факт Отпуск в сеть за отчётный период Пензаэнерго' is: '880 001'

28-03-2025T12:09:01 - [TEST_STEP][PASSED] - if (page == "" || page == null): null

28-03-2025T12:09:01 - [TEST_STEP][PASSED] - else: null

28-03-2025T12:09:01 - [TEST_STEP][PASSED] - page = page.replaceAll("\s+", ""): null

28-03-2025T12:09:01 - [TEST_STEP][PASSED] - if (page == "undefined"): null

28-03-2025T12:09:01 - [TEST_STEP][PASSED] - fileOtpuskVSet = otpusk.toInteger(): null

28-03-2025T12:09:01 - [TEST_STEP][PASSED] - pageOtpuskVSet = page.toInteger(): null

28-03-2025T12:09:01 - [TEST_STEP][PASSED] - typeOfData = typeOfDataMain + " Потери": null

28-03-2025T12:09:01 - [TEST_STEP][PASSED] - if (a == 82): null

28-03-2025T12:09:01 - [TEST_STEP][PASSED] - else if (a == 84): null

28-03-2025T12:09:01 - [TEST_STEP][PASSED] - else if (a == 83 || a == 52 || a == 72 || a == 28 || a == 73 || a == 77 || a == 74 || a == 65 || a == 44 || a == 53 || a == 80 || a == 54 || a == 1 || a == 18 || a == 59 || a == 81): null

28-03-2025T12:09:01 - [TEST_STEP][PASSED] - else: null

28-03-2025T12:09:01 - [TEST_STEP][PASSED] - path = dataFolder + typeOfData + " за отчётный период " + b: null

28-03-2025T12:09:01 - [TEST_STEP][PASSED] - page = getText(findTestObject(path)): Text of object 'Object Repository/Выполнение бизнес-плана/Значения со страницы Выполнение бизнес-плана/Факт Потери за отчётный период Пензаэнерго' is: '51 219'

28-03-2025T12:09:01 - [MESSAGE][PASSED] - Text of object 'Object Repository/Выполнение бизнес-плана/Значения со страницы Выполнение бизнес-плана/Факт Потери за отчётный период Пензаэнерго' is: '51 219'

28-03-2025T12:09:01 - [TEST_STEP][PASSED] - if (page == "" || page == null): null

28-03-2025T12:09:01 - [TEST_STEP][PASSED] - else: null

28-03-2025T12:09:01 - [TEST_STEP][PASSED] - page = page.replaceAll("\s+", ""): null

28-03-2025T12:09:01 - [TEST_STEP][PASSED] - if (page == "undefined"): null

28-03-2025T12:09:01 - [TEST_STEP][PASSED] - filePoteri = poteri.toInteger(): null

28-03-2025T12:09:01 - [TEST_STEP][PASSED] - pagePoteri = page.toInteger(): null

28-03-2025T12:09:01 - [TEST_STEP][PASSED] - compare = pageOtpuskVSet: null

28-03-2025T12:09:01 - [TEST_STEP][PASSED] - if (pageOtpuskVSet != null): null

28-03-2025T12:09:01 - [TEST_STEP][PASSED] - if (compare == fileOtpuskVSet): null

28-03-2025T12:09:01 - [TEST_STEP][PASSED] - else if (compare > fileOtpuskVSet): null

28-03-2025T12:09:01 - [TEST_STEP][PASSED] - compare = compare - 1: null

28-03-2025T12:09:01 - [TEST_STEP][PASSED] - if (compare == fileOtpuskVSet): null

28-03-2025T12:09:01 - [TEST_STEP][PASSED] - else: null

28-03-2025T12:09:01 - [TEST_STEP][PASSED] - numberOfErrors = numberOfErrors + 1: null

28-03-2025T12:09:01 - [TEST_STEP][PASSED] - pageInt = pageOtpuskVSet: null

28-03-2025T12:09:01 - [TEST_STEP][PASSED] - fileInt = fileOtpuskVSet: null

28-03-2025T12:09:01 - [TEST_STEP][PASSED] - typeOfData = typeOfDataMain + " Отпуск в сеть": null

28-03-2025T12:09:01 - [TEST_STEP][PASSED] - Script1718980020443.WriteToExcel(a, typeOfData, todaysDate, pageInt, fileInt, pageDouble, fileDouble, dZO): null

28-03-2025T12:09:01 - [TEST_STEP][PASSED] - sheetName = "Sheet1": null

28-03-2025T12:09:01 - [TEST_STEP][PASSED] - data = findTestData("PlanFact"): null

28-03-2025T12:09:01 - [TEST_STEP][PASSED] - n = data.getRowNumbers() + 1: null

28-03-2025T12:09:01 - [TEST_STEP][PASSED] - day = ")).toInteger(): null

28-03-2025T12:09:01 - [TEST_STEP][PASSED] - println(day): null

28-03-2025T12:09:01 - [TEST_STEP][PASSED] - month = ")).toInteger(): null

28-03-2025T12:09:01 - [TEST_STEP][PASSED] - println(month): null

28-03-2025T12:09:01 - [TEST_STEP][PASSED] - y = <not implemented yet for class: org.codehaus.groovy.ast.expr.EmptyExpression>: null

28-03-2025T12:09:01 - [TEST_STEP][PASSED] - iy = <not implemented yet for class: org.codehaus.groovy.ast.expr.EmptyExpression>: null

28-03-2025T12:09:01 - [TEST_STEP][PASSED] - m = getText(findTestObject("Выполнение бизнес-плана/Период")): Text of object 'Object Repository/Выполнение бизнес-плана/Период' is: 'Январь 2025 года'

28-03-2025T12:09:02 - [MESSAGE][PASSED] - Text of object 'Object Repository/Выполнение бизнес-плана/Период' is: 'Январь 2025 года'

28-03-2025T12:09:02 - [TEST_STEP][PASSED] - iy = m.indexOf("20"): null

28-03-2025T12:09:02 - [TEST_STEP][PASSED] - if (iy > -1): null

28-03-2025T12:09:02 - [TEST_STEP][PASSED] - y = substring(iy, iy + 4).toInteger(): null

28-03-2025T12:09:02 - [TEST_STEP][PASSED] - println(y): null

28-03-2025T12:09:02 - [TEST_STEP][PASSED] - if (toString().length() == 4): null

28-03-2025T12:09:02 - [TEST_STEP][PASSED] - m = m.substring(0, m.indexOf(y.toString())): null

28-03-2025T12:09:02 - [TEST_STEP][PASSED] - m = m.trim(): null

28-03-2025T12:09:02 - [TEST_STEP][PASSED] - if (m == ""): null

28-03-2025T12:09:02 - [TEST_STEP][PASSED] - dashboardName = "Выполнение бизнес-плана": null

28-03-2025T12:09:02 - [TEST_STEP][PASSED] - workbook01 = getWorkbook(excelFilePath): null

28-03-2025T12:09:02 - [TEST_STEP][PASSED] - sheet01 = getExcelSheet(workbook01, sheetName): null

28-03-2025T12:09:02 - [TEST_STEP][PASSED] - setValueToCellByIndex(sheet01, n, 0, dashboardName): null

28-03-2025T12:09:02 - [TEST_STEP][PASSED] - setValueToCellByIndex(sheet01, n, 1, dZO): null

28-03-2025T12:09:02 - [TEST_STEP][PASSED] - setValueToCellByIndex(sheet01, n, 2, typeOfData): null

28-03-2025T12:09:02 - [TEST_STEP][PASSED] - if (typeOfData == "Факт в процентах" || typeOfData == "План в процентах"): null

28-03-2025T12:09:02 - [TEST_STEP][PASSED] - else: null

28-03-2025T12:09:02 - [TEST_STEP][PASSED] - setValueToCellByIndex(sheet01, n, 3, fileInt): null

28-03-2025T12:09:02 - [TEST_STEP][PASSED] - setValueToCellByIndex(sheet01, n, 4, pageInt): null

28-03-2025T12:09:02 - [TEST_STEP][PASSED] - setValueToCellByIndex(sheet01, n, 5, m): null

28-03-2025T12:09:02 - [TEST_STEP][PASSED] - setValueToCellByIndex(sheet01, n, 6, y): null

28-03-2025T12:09:02 - [TEST_STEP][PASSED] - setValueToCellByIndex(sheet01, n, 7, todaysDate): null

28-03-2025T12:09:02 - [TEST_STEP][PASSED] - n = n + 1: null

28-03-2025T12:09:02 - [TEST_STEP][PASSED] - saveWorkbook(excelFilePath, workbook01): null

28-03-2025T12:09:02 - [TEST_STEP][PASSED] - compare = pagePoteri: null

28-03-2025T12:09:02 - [TEST_STEP][PASSED] - if (pageOtpuskVSet != null): null

28-03-2025T12:09:02 - [TEST_STEP][PASSED] - if (compare == filePoteri): null

28-03-2025T12:09:02 - [TEST_STEP][PASSED] - else if (compare > filePoteri): null

28-03-2025T12:09:02 - [TEST_STEP][PASSED] - compare = compare - 1: null

28-03-2025T12:09:02 - [TEST_STEP][PASSED] - if (compare == filePoteri): null

28-03-2025T12:09:02 - [TEST_STEP][PASSED] - else: null

28-03-2025T12:09:02 - [TEST_STEP][PASSED] - numberOfErrors = numberOfErrors + 1: null

28-03-2025T12:09:02 - [TEST_STEP][PASSED] - pageInt = pagePoteri: null

28-03-2025T12:09:02 - [TEST_STEP][PASSED] - fileInt = filePoteri: null

28-03-2025T12:09:02 - [TEST_STEP][PASSED] - typeOfData = typeOfDataMain + " Потери": null

28-03-2025T12:09:02 - [TEST_STEP][PASSED] - Script1718980020443.WriteToExcel(a, typeOfData, todaysDate, pageInt, fileInt, pageDouble, fileDouble, dZO): null

28-03-2025T12:09:02 - [TEST_STEP][PASSED] - sheetName = "Sheet1": null

28-03-2025T12:09:02 - [TEST_STEP][PASSED] - data = findTestData("PlanFact"): null

28-03-2025T12:09:02 - [TEST_STEP][PASSED] - n = data.getRowNumbers() + 1: null

28-03-2025T12:09:02 - [TEST_STEP][PASSED] - day = ")).toInteger(): null

28-03-2025T12:09:02 - [TEST_STEP][PASSED] - println(day): null

28-03-2025T12:09:02 - [TEST_STEP][PASSED] - month = ")).toInteger(): null

28-03-2025T12:09:02 - [TEST_STEP][PASSED] - println(month): null

28-03-2025T12:09:02 - [TEST_STEP][PASSED] - y = <not implemented yet for class: org.codehaus.groovy.ast.expr.EmptyExpression>: null

28-03-2025T12:09:02 - [TEST_STEP][PASSED] - iy = <not implemented yet for class: org.codehaus.groovy.ast.expr.EmptyExpression>: null

28-03-2025T12:09:02 - [TEST_STEP][PASSED] - m = getText(findTestObject("Выполнение бизнес-плана/Период")): Text of object 'Object Repository/Выполнение бизнес-плана/Период' is: 'Январь 2025 года'

28-03-2025T12:09:02 - [MESSAGE][PASSED] - Text of object 'Object Repository/Выполнение бизнес-плана/Период' is: 'Январь 2025 года'

28-03-2025T12:09:02 - [TEST_STEP][PASSED] - iy = m.indexOf("20"): null

28-03-2025T12:09:02 - [TEST_STEP][PASSED] - if (iy > -1): null

28-03-2025T12:09:02 - [TEST_STEP][PASSED] - y = substring(iy, iy + 4).toInteger(): null

28-03-2025T12:09:02 - [TEST_STEP][PASSED] - println(y): null

28-03-2025T12:09:02 - [TEST_STEP][PASSED] - if (toString().length() == 4): null

28-03-2025T12:09:02 - [TEST_STEP][PASSED] - m = m.substring(0, m.indexOf(y.toString())): null

28-03-2025T12:09:02 - [TEST_STEP][PASSED] - m = m.trim(): null

28-03-2025T12:09:02 - [TEST_STEP][PASSED] - if (m == ""): null

28-03-2025T12:09:02 - [TEST_STEP][PASSED] - dashboardName = "Выполнение бизнес-плана": null

28-03-2025T12:09:02 - [TEST_STEP][PASSED] - workbook01 = getWorkbook(excelFilePath): null

28-03-2025T12:09:02 - [TEST_STEP][PASSED] - sheet01 = getExcelSheet(workbook01, sheetName): null

28-03-2025T12:09:02 - [TEST_STEP][PASSED] - setValueToCellByIndex(sheet01, n, 0, dashboardName): null

28-03-2025T12:09:02 - [TEST_STEP][PASSED] - setValueToCellByIndex(sheet01, n, 1, dZO): null

28-03-2025T12:09:02 - [TEST_STEP][PASSED] - setValueToCellByIndex(sheet01, n, 2, typeOfData): null

28-03-2025T12:09:02 - [TEST_STEP][PASSED] - if (typeOfData == "Факт в процентах" || typeOfData == "План в процентах"): null

28-03-2025T12:09:02 - [TEST_STEP][PASSED] - else: null

28-03-2025T12:09:02 - [TEST_STEP][PASSED] - setValueToCellByIndex(sheet01, n, 3, fileInt): null

28-03-2025T12:09:02 - [TEST_STEP][PASSED] - setValueToCellByIndex(sheet01, n, 4, pageInt): null

28-03-2025T12:09:02 - [TEST_STEP][PASSED] - setValueToCellByIndex(sheet01, n, 5, m): null

28-03-2025T12:09:02 - [TEST_STEP][PASSED] - setValueToCellByIndex(sheet01, n, 6, y): null

28-03-2025T12:09:02 - [TEST_STEP][PASSED] - setValueToCellByIndex(sheet01, n, 7, todaysDate): null

28-03-2025T12:09:02 - [TEST_STEP][PASSED] - n = n + 1: null

28-03-2025T12:09:02 - [TEST_STEP][PASSED] - saveWorkbook(excelFilePath, workbook01): null

28-03-2025T12:09:03 - [TEST_STEP][PASSED] - if (planFact == 2): null

28-03-2025T12:09:03 - [TEST_STEP][PASSED] - if (planFact == 1): null

28-03-2025T12:09:03 - [TEST_STEP][PASSED] - else if (planFact == 2): null

28-03-2025T12:09:03 - [TEST_STEP][PASSED] - click(findTestObject("Выполнение бизнес-плана/Кнопка План")): Object: 'Object Repository/Выполнение бизнес-плана/Кнопка План' is clicked on

28-03-2025T12:09:03 - [MESSAGE][PASSED] - Object: 'Object Repository/Выполнение бизнес-плана/Кнопка План' is clicked on

28-03-2025T12:09:03 - [TEST_STEP][PASSED] - typeOfDataMain = "План": null

28-03-2025T12:09:03 - [TEST_STEP][PASSED] - otpusk = findTestData("PlanFact").getValue(2, a): null

28-03-2025T12:09:03 - [TEST_STEP][PASSED] - poteri = findTestData("PlanFact").getValue(3, a): null

28-03-2025T12:09:03 - [TEST_STEP][PASSED] - otpusk = otpusk.replaceAll("\s+", ""): null

28-03-2025T12:09:03 - [TEST_STEP][PASSED] - poteri = poteri.replaceAll("\s+", ""): null

28-03-2025T12:09:03 - [TEST_STEP][PASSED] - typeOfData = typeOfDataMain + " Отпуск в сеть": null

28-03-2025T12:09:03 - [TEST_STEP][PASSED] - if (a == 82): null

28-03-2025T12:09:03 - [TEST_STEP][PASSED] - else if (a == 84): null

28-03-2025T12:09:03 - [TEST_STEP][PASSED] - else if (a == 83 || a == 52 || a == 72 || a == 28 || a == 73 || a == 77 || a == 74 || a == 65 || a == 36 || a == 44 || a == 53 || a == 80 || a == 54 || a == 1 || a == 18 || a == 59 || a == 81): null

28-03-2025T12:09:03 - [TEST_STEP][PASSED] - else: null

28-03-2025T12:09:03 - [TEST_STEP][PASSED] - path = dataFolder + typeOfData + " за отчётный период " + b: null

28-03-2025T12:09:03 - [TEST_STEP][PASSED] - println(path): null

28-03-2025T12:09:03 - [TEST_STEP][PASSED] - page = getText(findTestObject(path)): Text of object 'Object Repository/Выполнение бизнес-плана/Значения со страницы Выполнение бизнес-плана/План Отпуск в сеть за отчётный период Пензаэнерго' is: '925 980'

28-03-2025T12:09:04 - [MESSAGE][PASSED] - Text of object 'Object Repository/Выполнение бизнес-плана/Значения со страницы Выполнение бизнес-плана/План Отпуск в сеть за отчётный период Пензаэнерго' is: '925 980'

28-03-2025T12:09:04 - [TEST_STEP][PASSED] - if (page == "" || page == null): null

28-03-2025T12:09:04 - [TEST_STEP][PASSED] - else: null

28-03-2025T12:09:04 - [TEST_STEP][PASSED] - page = page.replaceAll("\s+", ""): null

28-03-2025T12:09:04 - [TEST_STEP][PASSED] - if (page == "undefined"): null

28-03-2025T12:09:04 - [TEST_STEP][PASSED] - fileOtpuskVSet = otpusk.toInteger(): null

28-03-2025T12:09:04 - [TEST_STEP][PASSED] - pageOtpuskVSet = page.toInteger(): null

28-03-2025T12:09:04 - [TEST_STEP][PASSED] - typeOfData = typeOfDataMain + " Потери": null

28-03-2025T12:09:04 - [TEST_STEP][PASSED] - if (a == 82): null

28-03-2025T12:09:04 - [TEST_STEP][PASSED] - else if (a == 84): null

28-03-2025T12:09:04 - [TEST_STEP][PASSED] - else if (a == 83 || a == 52 || a == 72 || a == 28 || a == 73 || a == 77 || a == 74 || a == 65 || a == 44 || a == 53 || a == 80 || a == 54 || a == 1 || a == 18 || a == 59 || a == 81): null

28-03-2025T12:09:04 - [TEST_STEP][PASSED] - else: null

28-03-2025T12:09:04 - [TEST_STEP][PASSED] - path = dataFolder + typeOfData + " за отчётный период " + b: null

28-03-2025T12:09:04 - [TEST_STEP][PASSED] - page = getText(findTestObject(path)): Text of object 'Object Repository/Выполнение бизнес-плана/Значения со страницы Выполнение бизнес-плана/План Потери за отчётный период Пензаэнерго' is: '64 175'

28-03-2025T12:09:04 - [MESSAGE][PASSED] - Text of object 'Object Repository/Выполнение бизнес-плана/Значения со страницы Выполнение бизнес-плана/План Потери за отчётный период Пензаэнерго' is: '64 175'

28-03-2025T12:09:04 - [TEST_STEP][PASSED] - if (page == "" || page == null): null

28-03-2025T12:09:04 - [TEST_STEP][PASSED] - else: null

28-03-2025T12:09:04 - [TEST_STEP][PASSED] - page = page.replaceAll("\s+", ""): null

28-03-2025T12:09:04 - [TEST_STEP][PASSED] - if (page == "undefined"): null

28-03-2025T12:09:04 - [TEST_STEP][PASSED] - filePoteri = poteri.toInteger(): null

28-03-2025T12:09:04 - [TEST_STEP][PASSED] - pagePoteri = page.toInteger(): null

28-03-2025T12:09:04 - [TEST_STEP][PASSED] - compare = pageOtpuskVSet: null

28-03-2025T12:09:04 - [TEST_STEP][PASSED] - if (pageOtpuskVSet != null): null

28-03-2025T12:09:04 - [TEST_STEP][PASSED] - if (compare == fileOtpuskVSet): null

28-03-2025T12:09:04 - [TEST_STEP][PASSED] - else if (compare > fileOtpuskVSet): null

28-03-2025T12:09:04 - [TEST_STEP][PASSED] - compare = compare - 1: null

28-03-2025T12:09:04 - [TEST_STEP][PASSED] - if (compare == fileOtpuskVSet): null

28-03-2025T12:09:04 - [TEST_STEP][PASSED] - else: null

28-03-2025T12:09:04 - [TEST_STEP][PASSED] - numberOfErrors = numberOfErrors + 1: null

28-03-2025T12:09:04 - [TEST_STEP][PASSED] - pageInt = pageOtpuskVSet: null

28-03-2025T12:09:04 - [TEST_STEP][PASSED] - fileInt = fileOtpuskVSet: null

28-03-2025T12:09:04 - [TEST_STEP][PASSED] - typeOfData = typeOfDataMain + " Отпуск в сеть": null

28-03-2025T12:09:04 - [TEST_STEP][PASSED] - Script1718980020443.WriteToExcel(a, typeOfData, todaysDate, pageInt, fileInt, pageDouble, fileDouble, dZO): null

28-03-2025T12:09:04 - [TEST_STEP][PASSED] - sheetName = "Sheet1": null

28-03-2025T12:09:04 - [TEST_STEP][PASSED] - data = findTestData("PlanFact"): null

28-03-2025T12:09:04 - [TEST_STEP][PASSED] - n = data.getRowNumbers() + 1: null

28-03-2025T12:09:04 - [TEST_STEP][PASSED] - day = ")).toInteger(): null

28-03-2025T12:09:04 - [TEST_STEP][PASSED] - println(day): null

28-03-2025T12:09:04 - [TEST_STEP][PASSED] - month = ")).toInteger(): null

28-03-2025T12:09:04 - [TEST_STEP][PASSED] - println(month): null

28-03-2025T12:09:04 - [TEST_STEP][PASSED] - y = <not implemented yet for class: org.codehaus.groovy.ast.expr.EmptyExpression>: null

28-03-2025T12:09:04 - [TEST_STEP][PASSED] - iy = <not implemented yet for class: org.codehaus.groovy.ast.expr.EmptyExpression>: null

28-03-2025T12:09:04 - [TEST_STEP][PASSED] - m = getText(findTestObject("Выполнение бизнес-плана/Период")): Text of object 'Object Repository/Выполнение бизнес-плана/Период' is: 'Январь 2025 года'

28-03-2025T12:09:04 - [MESSAGE][PASSED] - Text of object 'Object Repository/Выполнение бизнес-плана/Период' is: 'Январь 2025 года'

28-03-2025T12:09:04 - [TEST_STEP][PASSED] - iy = m.indexOf("20"): null

28-03-2025T12:09:04 - [TEST_STEP][PASSED] - if (iy > -1): null

28-03-2025T12:09:04 - [TEST_STEP][PASSED] - y = substring(iy, iy + 4).toInteger(): null

28-03-2025T12:09:04 - [TEST_STEP][PASSED] - println(y): null

28-03-2025T12:09:04 - [TEST_STEP][PASSED] - if (toString().length() == 4): null

28-03-2025T12:09:04 - [TEST_STEP][PASSED] - m = m.substring(0, m.indexOf(y.toString())): null

28-03-2025T12:09:04 - [TEST_STEP][PASSED] - m = m.trim(): null

28-03-2025T12:09:04 - [TEST_STEP][PASSED] - if (m == ""): null

28-03-2025T12:09:04 - [TEST_STEP][PASSED] - dashboardName = "Выполнение бизнес-плана": null

28-03-2025T12:09:04 - [TEST_STEP][PASSED] - workbook01 = getWorkbook(excelFilePath): null

28-03-2025T12:09:04 - [TEST_STEP][PASSED] - sheet01 = getExcelSheet(workbook01, sheetName): null

28-03-2025T12:09:04 - [TEST_STEP][PASSED] - setValueToCellByIndex(sheet01, n, 0, dashboardName): null

28-03-2025T12:09:04 - [TEST_STEP][PASSED] - setValueToCellByIndex(sheet01, n, 1, dZO): null

28-03-2025T12:09:04 - [TEST_STEP][PASSED] - setValueToCellByIndex(sheet01, n, 2, typeOfData): null

28-03-2025T12:09:04 - [TEST_STEP][PASSED] - if (typeOfData == "Факт в процентах" || typeOfData == "План в процентах"): null

28-03-2025T12:09:04 - [TEST_STEP][PASSED] - else: null

28-03-2025T12:09:04 - [TEST_STEP][PASSED] - setValueToCellByIndex(sheet01, n, 3, fileInt): null

28-03-2025T12:09:04 - [TEST_STEP][PASSED] - setValueToCellByIndex(sheet01, n, 4, pageInt): null

28-03-2025T12:09:04 - [TEST_STEP][PASSED] - setValueToCellByIndex(sheet01, n, 5, m): null

28-03-2025T12:09:04 - [TEST_STEP][PASSED] - setValueToCellByIndex(sheet01, n, 6, y): null

28-03-2025T12:09:04 - [TEST_STEP][PASSED] - setValueToCellByIndex(sheet01, n, 7, todaysDate): null

28-03-2025T12:09:04 - [TEST_STEP][PASSED] - n = n + 1: null

28-03-2025T12:09:04 - [TEST_STEP][PASSED] - saveWorkbook(excelFilePath, workbook01): null

28-03-2025T12:09:05 - [TEST_STEP][PASSED] - compare = pagePoteri: null

28-03-2025T12:09:05 - [TEST_STEP][PASSED] - if (pageOtpuskVSet != null): null

28-03-2025T12:09:05 - [TEST_STEP][PASSED] - if (compare == filePoteri): null

28-03-2025T12:09:05 - [TEST_STEP][PASSED] - else if (compare > filePoteri): null

28-03-2025T12:09:05 - [TEST_STEP][PASSED] - compare = compare - 1: null

28-03-2025T12:09:05 - [TEST_STEP][PASSED] - if (compare == filePoteri): null

28-03-2025T12:09:05 - [TEST_STEP][PASSED] - else: null

28-03-2025T12:09:05 - [TEST_STEP][PASSED] - numberOfErrors = numberOfErrors + 1: null

28-03-2025T12:09:05 - [TEST_STEP][PASSED] - pageInt = pagePoteri: null

28-03-2025T12:09:05 - [TEST_STEP][PASSED] - fileInt = filePoteri: null

28-03-2025T12:09:05 - [TEST_STEP][PASSED] - typeOfData = typeOfDataMain + " Потери": null

28-03-2025T12:09:05 - [TEST_STEP][PASSED] - Script1718980020443.WriteToExcel(a, typeOfData, todaysDate, pageInt, fileInt, pageDouble, fileDouble, dZO): null

28-03-2025T12:09:05 - [TEST_STEP][PASSED] - sheetName = "Sheet1": null

28-03-2025T12:09:05 - [TEST_STEP][PASSED] - data = findTestData("PlanFact"): null

28-03-2025T12:09:05 - [TEST_STEP][PASSED] - n = data.getRowNumbers() + 1: null

28-03-2025T12:09:05 - [TEST_STEP][PASSED] - day = ")).toInteger(): null

28-03-2025T12:09:05 - [TEST_STEP][PASSED] - println(day): null

28-03-2025T12:09:05 - [TEST_STEP][PASSED] - month = ")).toInteger(): null

28-03-2025T12:09:05 - [TEST_STEP][PASSED] - println(month): null

28-03-2025T12:09:05 - [TEST_STEP][PASSED] - y = <not implemented yet for class: org.codehaus.groovy.ast.expr.EmptyExpression>: null

28-03-2025T12:09:05 - [TEST_STEP][PASSED] - iy = <not implemented yet for class: org.codehaus.groovy.ast.expr.EmptyExpression>: null

28-03-2025T12:09:05 - [TEST_STEP][PASSED] - m = getText(findTestObject("Выполнение бизнес-плана/Период")): Text of object 'Object Repository/Выполнение бизнес-плана/Период' is: 'Январь 2025 года'

28-03-2025T12:09:05 - [MESSAGE][PASSED] - Text of object 'Object Repository/Выполнение бизнес-плана/Период' is: 'Январь 2025 года'

28-03-2025T12:09:05 - [TEST_STEP][PASSED] - iy = m.indexOf("20"): null

28-03-2025T12:09:05 - [TEST_STEP][PASSED] - if (iy > -1): null

28-03-2025T12:09:05 - [TEST_STEP][PASSED] - y = substring(iy, iy + 4).toInteger(): null

28-03-2025T12:09:05 - [TEST_STEP][PASSED] - println(y): null

28-03-2025T12:09:05 - [TEST_STEP][PASSED] - if (toString().length() == 4): null

28-03-2025T12:09:05 - [TEST_STEP][PASSED] - m = m.substring(0, m.indexOf(y.toString())): null

28-03-2025T12:09:05 - [TEST_STEP][PASSED] - m = m.trim(): null

28-03-2025T12:09:05 - [TEST_STEP][PASSED] - if (m == ""): null

28-03-2025T12:09:05 - [TEST_STEP][PASSED] - dashboardName = "Выполнение бизнес-плана": null

28-03-2025T12:09:05 - [TEST_STEP][PASSED] - workbook01 = getWorkbook(excelFilePath): null

28-03-2025T12:09:05 - [TEST_STEP][PASSED] - sheet01 = getExcelSheet(workbook01, sheetName): null

28-03-2025T12:09:05 - [TEST_STEP][PASSED] - setValueToCellByIndex(sheet01, n, 0, dashboardName): null

28-03-2025T12:09:05 - [TEST_STEP][PASSED] - setValueToCellByIndex(sheet01, n, 1, dZO): null

28-03-2025T12:09:05 - [TEST_STEP][PASSED] - setValueToCellByIndex(sheet01, n, 2, typeOfData): null

28-03-2025T12:09:05 - [TEST_STEP][PASSED] - if (typeOfData == "Факт в процентах" || typeOfData == "План в процентах"): null

28-03-2025T12:09:05 - [TEST_STEP][PASSED] - else: null

28-03-2025T12:09:05 - [TEST_STEP][PASSED] - setValueToCellByIndex(sheet01, n, 3, fileInt): null

28-03-2025T12:09:05 - [TEST_STEP][PASSED] - setValueToCellByIndex(sheet01, n, 4, pageInt): null

28-03-2025T12:09:05 - [TEST_STEP][PASSED] - setValueToCellByIndex(sheet01, n, 5, m): null

28-03-2025T12:09:05 - [TEST_STEP][PASSED] - setValueToCellByIndex(sheet01, n, 6, y): null

28-03-2025T12:09:05 - [TEST_STEP][PASSED] - setValueToCellByIndex(sheet01, n, 7, todaysDate): null

28-03-2025T12:09:05 - [TEST_STEP][PASSED] - n = n + 1: null

28-03-2025T12:09:05 - [TEST_STEP][PASSED] - saveWorkbook(excelFilePath, workbook01): Object: 'Object Repository/Выполнение бизнес-плана/Кнопка Факт' is clicked on

28-03-2025T12:09:05 - [TEST_STEP][PASSED] - if (planFact == 2): Object: 'Object Repository/Выполнение бизнес-плана/Кнопка Факт' is clicked on

28-03-2025T12:09:05 - [TEST_STEP][PASSED] - click(findTestObject("Выполнение бизнес-плана/Кнопка Факт")): Object: 'Object Repository/Выполнение бизнес-плана/Кнопка Факт' is clicked on

28-03-2025T12:09:06 - [MESSAGE][PASSED] - Object: 'Object Repository/Выполнение бизнес-плана/Кнопка Факт' is clicked on

28-03-2025T12:09:06 - [TEST_STEP][PASSED] - println("a=" + a): null

28-03-2025T12:09:06 - [TEST_STEP][PASSED] - if (a == 84 || a == 82): null

28-03-2025T12:09:06 - [TEST_STEP][PASSED] - else if (a == 83 || a == 52 || a == 72 || a == 28 || a == 73 || a == 77 || a == 74 || a == 65 || a == 36 || a == 44 || a == 53 || a == 80 || a == 54 || a == 1 || a == 18 || a == 59 || a == 81): null

28-03-2025T12:09:06 - [TEST_STEP][PASSED] - else: null

28-03-2025T12:09:06 - [TEST_STEP][PASSED] - page1 = getText(findTestObject("Object Repository/Выполнение бизнес-плана/spanPlan" + filialNum)): Text of object 'Object Repository/Выполнение бизнес-плана/spanPlan1' is: '8.69
|'

28-03-2025T12:09:06 - [MESSAGE][PASSED] - Text of object 'Object Repository/Выполнение бизнес-плана/spanPlan1' is: '8.69
|'

28-03-2025T12:09:06 - [TEST_STEP][PASSED] - page1 = page1.replace("|", ""): null

28-03-2025T12:09:06 - [TEST_STEP][PASSED] - page2 = getText(findTestObject("Object Repository/Выполнение бизнес-плана/spanFact" + filialNum)): Text of object 'Object Repository/Выполнение бизнес-плана/spanFact1' is: '7.70
|'

28-03-2025T12:09:06 - [MESSAGE][PASSED] - Text of object 'Object Repository/Выполнение бизнес-плана/spanFact1' is: '7.70
|'

28-03-2025T12:09:06 - [TEST_STEP][PASSED] - page2 = page2.replace("|", ""): null

28-03-2025T12:09:06 - [TEST_STEP][PASSED] - println("page1: " + page1): null

28-03-2025T12:09:06 - [TEST_STEP][PASSED] - println("page2: " + page2): null

28-03-2025T12:09:06 - [TEST_STEP][PASSED] - file = findTestData("PlanFact").getValue(4, a): null

28-03-2025T12:09:06 - [TEST_STEP][PASSED] - file = file.replace(",", "."): null

28-03-2025T12:09:06 - [TEST_STEP][PASSED] - println("file Plan: " + file): null

28-03-2025T12:09:06 - [TEST_STEP][PASSED] - typeOfData = "План в процентах": null

28-03-2025T12:09:06 - [TEST_STEP][PASSED] - fileDouble = file.toDouble(): null

28-03-2025T12:09:06 - [TEST_STEP][PASSED] - pageDouble = page1.toDouble(): null

28-03-2025T12:09:06 - [TEST_STEP][PASSED] - if (fileDouble != pageDouble): null

28-03-2025T12:09:06 - [TEST_STEP][PASSED] - file = findTestData("PlanFact").getValue(7, a): null

28-03-2025T12:09:06 - [TEST_STEP][PASSED] - file = file.replace(",", "."): null

28-03-2025T12:09:06 - [TEST_STEP][PASSED] - println("file Fact: " + file): null

28-03-2025T12:09:06 - [TEST_STEP][PASSED] - fileDouble = file.toDouble(): null

28-03-2025T12:09:06 - [TEST_STEP][PASSED] - typeOfData = "Факт в процентах": null

28-03-2025T12:09:06 - [TEST_STEP][PASSED] - fileDouble = file.toDouble(): null

28-03-2025T12:09:06 - [TEST_STEP][PASSED] - pageDouble = page2.toDouble(): null

28-03-2025T12:09:06 - [TEST_STEP][PASSED] - if (fileDouble != pageDouble): null

28-03-2025T12:09:06 - [TEST_STEP][FAILED] - if (verifyEqual(numberOfErrors, 0) == false): null

28-03-2025T12:09:06 - [MESSAGE][FAILED] - Unable to verify equal between actual object '4' and expected object '0' (Root cause: com.kms.katalon.core.exception.StepFailedException: Actual object '4' and expected object '0' are not equal
	at com.kms.katalon.core.keyword.builtin.VerifyEqualKeyword$_verifyEqual_closure1.doCall(VerifyEqualKeyword.groovy:58)
	at com.kms.katalon.core.keyword.builtin.VerifyEqualKeyword$_verifyEqual_closure1.call(VerifyEqualKeyword.groovy)
	at com.kms.katalon.core.keyword.internal.KeywordMain.runKeyword(KeywordMain.groovy:75)
	at com.kms.katalon.core.keyword.builtin.VerifyEqualKeyword.verifyEqual(VerifyEqualKeyword.groovy:63)
	at com.kms.katalon.core.keyword.builtin.VerifyEqualKeyword.execute(VerifyEqualKeyword.groovy:44)
	at com.kms.katalon.core.keyword.internal.KeywordExecutor.executeKeywordForPlatform(KeywordExecutor.groovy:74)
	at com.kms.katalon.core.keyword.BuiltinKeywords.verifyEqual(BuiltinKeywords.groovy:146)
	at jdk.internal.reflect.GeneratedMethodAccessor23.invoke(Unknown Source)
	at java.base/jdk.internal.reflect.DelegatingMethodAccessorImpl.invoke(DelegatingMethodAccessorImpl.java:43)
	at Выполнение бизнес-плана Сверка ПАО Россети все филиалы.Numbers(Выполнение бизнес-плана Сверка ПАО Россети все филиалы:744)
	at Выполнение бизнес-плана Сверка ПАО Россети все филиалы.Filials(Выполнение бизнес-плана Сверка ПАО Россети все филиалы:951)
	at Выполнение бизнес-плана Сверка ПАО Россети все филиалы.Numbers(Выполнение бизнес-плана Сверка ПАО Россети все филиалы:751)
	at Выполнение бизнес-плана Сверка ПАО Россети все филиалы.run(Выполнение бизнес-плана Сверка ПАО Россети все филиалы:231)
	at com.kms.katalon.core.main.ScriptEngine.run(ScriptEngine.java:194)
	at com.kms.katalon.core.main.ScriptEngine.runScriptAsRawText(ScriptEngine.java:119)
	at com.kms.katalon.core.main.TestCaseExecutor.runScript(TestCaseExecutor.java:448)
	at com.kms.katalon.core.main.TestCaseExecutor.doExecute(TestCaseExecutor.java:439)
	at com.kms.katalon.core.main.TestCaseExecutor.processExecutionPhase(TestCaseExecutor.java:418)
	at com.kms.katalon.core.main.TestCaseExecutor.accessMainPhase(TestCaseExecutor.java:410)
	at com.kms.katalon.core.main.TestCaseExecutor.execute(TestCaseExecutor.java:285)
	at com.kms.katalon.core.common.CommonExecutor.accessTestCaseMainPhase(CommonExecutor.java:65)
	at com.kms.katalon.core.main.TestSuiteExecutor.accessTestSuiteMainPhase(TestSuiteExecutor.java:150)
	at com.kms.katalon.core.main.TestSuiteExecutor.execute(TestSuiteExecutor.java:106)
	at com.kms.katalon.core.main.TestCaseMain.startTestSuite(TestCaseMain.java:180)
	at TempTestSuite1743137207280.run(TempTestSuite1743137207280.groovy:35)
	at java.base/jdk.internal.reflect.NativeMethodAccessorImpl.invoke0(Native Method)
	at java.base/jdk.internal.reflect.NativeMethodAccessorImpl.invoke(NativeMethodAccessorImpl.java:77)
	at java.base/jdk.internal.reflect.DelegatingMethodAccessorImpl.invoke(DelegatingMethodAccessorImpl.java:43)
)

28-03-2025T12:09:06 - [TEST_STEP][PASSED] - println(numberOfErrors): null

28-03-2025T12:09:06 - [TEST_STEP][PASSED] - println("a=" + a): null

28-03-2025T12:09:06 - [TEST_STEP][PASSED] - if (a == 28 || a == 77 || a == 74 || a == 65 || a == 36 || a == 44 || a == 54 || a == 1 || a == 18 || a == 59): null

28-03-2025T12:09:06 - [TEST_STEP][PASSED] - if (a == 82): null

28-03-2025T12:09:06 - [TEST_STEP][PASSED] - dZO = "Самарские РС": null

28-03-2025T12:09:06 - [TEST_STEP][PASSED] - a = 32: null

28-03-2025T12:09:06 - [TEST_STEP][PASSED] - dzoCut = dZO.substring(0, 10): null

28-03-2025T12:09:06 - [TEST_STEP][PASSED] - if (x2.contains(dzoCut)): null

28-03-2025T12:09:06 - [TEST_STEP][PASSED] - filialNum = filialNum + 1: null

28-03-2025T12:09:06 - [TEST_STEP][PASSED] - Script1718980020443.Numbers(a, typeOfData, todaysDate, pageInt, fileInt, pageDouble, fileDouble, dZO, dzoNum, filialNum): null

28-03-2025T12:09:06 - [TEST_STEP][PASSED] - println(dzoNum): null

28-03-2025T12:09:06 - [TEST_STEP][PASSED] - planFact = <not implemented yet for class: org.codehaus.groovy.ast.expr.EmptyExpression>: null

28-03-2025T12:09:06 - [TEST_STEP][PASSED] - page = <not implemented yet for class: org.codehaus.groovy.ast.expr.EmptyExpression>: null

28-03-2025T12:09:06 - [TEST_STEP][PASSED] - page1 = <not implemented yet for class: org.codehaus.groovy.ast.expr.EmptyExpression>: null

28-03-2025T12:09:06 - [TEST_STEP][PASSED] - page2 = <not implemented yet for class: org.codehaus.groovy.ast.expr.EmptyExpression>: null

28-03-2025T12:09:06 - [TEST_STEP][PASSED] - filialNumberInRow = <not implemented yet for class: org.codehaus.groovy.ast.expr.EmptyExpression>: null

28-03-2025T12:09:06 - [TEST_STEP][PASSED] - filialsDzoNames = <not implemented yet for class: org.codehaus.groovy.ast.expr.EmptyExpression>: null

28-03-2025T12:09:06 - [TEST_STEP][PASSED] - numberOfFilials = <not implemented yet for class: org.codehaus.groovy.ast.expr.EmptyExpression>: null

28-03-2025T12:09:06 - [TEST_STEP][PASSED] - numberOfSpaces = <not implemented yet for class: org.codehaus.groovy.ast.expr.EmptyExpression>: null

28-03-2025T12:09:06 - [TEST_STEP][PASSED] - file = <not implemented yet for class: org.codehaus.groovy.ast.expr.EmptyExpression>: null

28-03-2025T12:09:06 - [TEST_STEP][PASSED] - otpusk = <not implemented yet for class: org.codehaus.groovy.ast.expr.EmptyExpression>: null

28-03-2025T12:09:06 - [TEST_STEP][PASSED] - poteri = <not implemented yet for class: org.codehaus.groovy.ast.expr.EmptyExpression>: null

28-03-2025T12:09:06 - [TEST_STEP][PASSED] - dataFolder = "Выполнение бизнес-плана/Значения со страницы Выполнение бизнес-плана/": null

28-03-2025T12:09:06 - [TEST_STEP][PASSED] - path = <not implemented yet for class: org.codehaus.groovy.ast.expr.EmptyExpression>: null

28-03-2025T12:09:06 - [TEST_STEP][PASSED] - typeOfDataMain = <not implemented yet for class: org.codehaus.groovy.ast.expr.EmptyExpression>: null

28-03-2025T12:09:06 - [TEST_STEP][PASSED] - fileOtpuskVSet = <not implemented yet for class: org.codehaus.groovy.ast.expr.EmptyExpression>: null

28-03-2025T12:09:06 - [TEST_STEP][PASSED] - pageOtpuskVSet = <not implemented yet for class: org.codehaus.groovy.ast.expr.EmptyExpression>: null

28-03-2025T12:09:06 - [TEST_STEP][PASSED] - filePoteri = <not implemented yet for class: org.codehaus.groovy.ast.expr.EmptyExpression>: null

28-03-2025T12:09:06 - [TEST_STEP][PASSED] - pagePoteri = <not implemented yet for class: org.codehaus.groovy.ast.expr.EmptyExpression>: null

28-03-2025T12:09:06 - [TEST_STEP][PASSED] - compare = <not implemented yet for class: org.codehaus.groovy.ast.expr.EmptyExpression>: null

28-03-2025T12:09:06 - [TEST_STEP][PASSED] - b = <not implemented yet for class: org.codehaus.groovy.ast.expr.EmptyExpression>: null

28-03-2025T12:09:06 - [TEST_STEP][PASSED] - i = <not implemented yet for class: org.codehaus.groovy.ast.expr.EmptyExpression>: null

28-03-2025T12:09:06 - [TEST_STEP][PASSED] - ii = <not implemented yet for class: org.codehaus.groovy.ast.expr.EmptyExpression>: null

28-03-2025T12:09:06 - [TEST_STEP][PASSED] - c = <not implemented yet for class: org.codehaus.groovy.ast.expr.EmptyExpression>: null

28-03-2025T12:09:06 - [TEST_STEP][PASSED] - numberOfErrors = 0: null

28-03-2025T12:09:06 - [TEST_STEP][PASSED] - if (a == 82): null

28-03-2025T12:09:06 - [TEST_STEP][PASSED] - b = findTestData("PlanFact").getValue(1, a): null

28-03-2025T12:09:06 - [TEST_STEP][PASSED] - i = b.indexOf(" (ГК)"): null

28-03-2025T12:09:06 - [TEST_STEP][PASSED] - if (i > -1): null

28-03-2025T12:09:06 - [TEST_STEP][PASSED] - i = b.indexOf("О ""): null

28-03-2025T12:09:06 - [TEST_STEP][PASSED] - if (i > -1): null

28-03-2025T12:09:06 - [TEST_STEP][PASSED] - i = b.indexOf("О «"): null

28-03-2025T12:09:06 - [TEST_STEP][PASSED] - if (i > -1): null

28-03-2025T12:09:06 - [TEST_STEP][PASSED] - i = b.indexOf("г. "): null

28-03-2025T12:09:06 - [TEST_STEP][PASSED] - if (i > -1): null

28-03-2025T12:09:06 - [TEST_STEP][PASSED] - b = b.trim(): null

28-03-2025T12:09:06 - [TEST_STEP][PASSED] - println(b): null

28-03-2025T12:09:06 - [TEST_STEP][PASSED] - for ([planFact = 1, planFact < 3, (planFact++)]): null

28-03-2025T12:09:06 - [TEST_STEP][PASSED] - if (planFact == 1): null

28-03-2025T12:09:06 - [TEST_STEP][PASSED] - typeOfDataMain = "Факт": null

28-03-2025T12:09:06 - [TEST_STEP][PASSED] - otpusk = findTestData("PlanFact").getValue(5, a): null

28-03-2025T12:09:06 - [TEST_STEP][PASSED] - poteri = findTestData("PlanFact").getValue(6, a): null

28-03-2025T12:09:07 - [TEST_STEP][PASSED] - otpusk = otpusk.replaceAll("\s+", ""): null

28-03-2025T12:09:07 - [TEST_STEP][PASSED] - poteri = poteri.replaceAll("\s+", ""): null

28-03-2025T12:09:07 - [TEST_STEP][PASSED] - typeOfData = typeOfDataMain + " Отпуск в сеть": null

28-03-2025T12:09:07 - [TEST_STEP][PASSED] - if (a == 82): null

28-03-2025T12:09:07 - [TEST_STEP][PASSED] - else if (a == 84): null

28-03-2025T12:09:07 - [TEST_STEP][PASSED] - else if (a == 83 || a == 52 || a == 72 || a == 28 || a == 73 || a == 77 || a == 74 || a == 65 || a == 36 || a == 44 || a == 53 || a == 80 || a == 54 || a == 1 || a == 18 || a == 59 || a == 81): null

28-03-2025T12:09:07 - [TEST_STEP][PASSED] - else: null

28-03-2025T12:09:07 - [TEST_STEP][PASSED] - path = dataFolder + typeOfData + " за отчётный период " + b: null

28-03-2025T12:09:07 - [TEST_STEP][PASSED] - println(path): null

28-03-2025T12:09:07 - [TEST_STEP][PASSED] - page = getText(findTestObject(path)): Text of object 'Object Repository/Выполнение бизнес-плана/Значения со страницы Выполнение бизнес-плана/Факт Отпуск в сеть за отчётный период Самарские РС' is: '426 120'

28-03-2025T12:09:07 - [MESSAGE][PASSED] - Text of object 'Object Repository/Выполнение бизнес-плана/Значения со страницы Выполнение бизнес-плана/Факт Отпуск в сеть за отчётный период Самарские РС' is: '426 120'

28-03-2025T12:09:07 - [TEST_STEP][PASSED] - if (page == "" || page == null): null

28-03-2025T12:09:07 - [TEST_STEP][PASSED] - else: null

28-03-2025T12:09:07 - [TEST_STEP][PASSED] - page = page.replaceAll("\s+", ""): null

28-03-2025T12:09:07 - [TEST_STEP][PASSED] - if (page == "undefined"): null

28-03-2025T12:09:07 - [TEST_STEP][PASSED] - fileOtpuskVSet = otpusk.toInteger(): null

28-03-2025T12:09:07 - [TEST_STEP][PASSED] - pageOtpuskVSet = page.toInteger(): null

28-03-2025T12:09:07 - [TEST_STEP][PASSED] - typeOfData = typeOfDataMain + " Потери": null

28-03-2025T12:09:07 - [TEST_STEP][PASSED] - if (a == 82): null

28-03-2025T12:09:07 - [TEST_STEP][PASSED] - else if (a == 84): null

28-03-2025T12:09:07 - [TEST_STEP][PASSED] - else if (a == 83 || a == 52 || a == 72 || a == 28 || a == 73 || a == 77 || a == 74 || a == 65 || a == 44 || a == 53 || a == 80 || a == 54 || a == 1 || a == 18 || a == 59 || a == 81): null

28-03-2025T12:09:07 - [TEST_STEP][PASSED] - else: null

28-03-2025T12:09:07 - [TEST_STEP][PASSED] - path = dataFolder + typeOfData + " за отчётный период " + b: null

28-03-2025T12:09:07 - [TEST_STEP][PASSED] - page = getText(findTestObject(path)): Text of object 'Object Repository/Выполнение бизнес-плана/Значения со страницы Выполнение бизнес-плана/Факт Потери за отчётный период Самарские РС' is: '23 552'

28-03-2025T12:09:07 - [MESSAGE][PASSED] - Text of object 'Object Repository/Выполнение бизнес-плана/Значения со страницы Выполнение бизнес-плана/Факт Потери за отчётный период Самарские РС' is: '23 552'

28-03-2025T12:09:07 - [TEST_STEP][PASSED] - if (page == "" || page == null): null

28-03-2025T12:09:07 - [TEST_STEP][PASSED] - else: null

28-03-2025T12:09:07 - [TEST_STEP][PASSED] - page = page.replaceAll("\s+", ""): null

28-03-2025T12:09:07 - [TEST_STEP][PASSED] - if (page == "undefined"): null

28-03-2025T12:09:07 - [TEST_STEP][PASSED] - filePoteri = poteri.toInteger(): null

28-03-2025T12:09:07 - [TEST_STEP][PASSED] - pagePoteri = page.toInteger(): null

28-03-2025T12:09:07 - [TEST_STEP][PASSED] - compare = pageOtpuskVSet: null

28-03-2025T12:09:07 - [TEST_STEP][PASSED] - if (pageOtpuskVSet != null): null

28-03-2025T12:09:07 - [TEST_STEP][PASSED] - if (compare == fileOtpuskVSet): null

28-03-2025T12:09:07 - [TEST_STEP][PASSED] - else if (compare > fileOtpuskVSet): null

28-03-2025T12:09:07 - [TEST_STEP][PASSED] - else if (compare < fileOtpuskVSet): null

28-03-2025T12:09:07 - [TEST_STEP][PASSED] - compare = compare + 1: null

28-03-2025T12:09:07 - [TEST_STEP][PASSED] - if (compare == fileOtpuskVSet): null

28-03-2025T12:09:07 - [TEST_STEP][PASSED] - else: null

28-03-2025T12:09:07 - [TEST_STEP][PASSED] - numberOfErrors = numberOfErrors + 1: null

28-03-2025T12:09:07 - [TEST_STEP][PASSED] - pageInt = pageOtpuskVSet: null

28-03-2025T12:09:07 - [TEST_STEP][PASSED] - fileInt = fileOtpuskVSet: null

28-03-2025T12:09:07 - [TEST_STEP][PASSED] - typeOfData = typeOfDataMain + " Отпуск в сеть": null

28-03-2025T12:09:07 - [TEST_STEP][PASSED] - Script1718980020443.WriteToExcel(a, typeOfData, todaysDate, pageInt, fileInt, pageDouble, fileDouble, dZO): null

28-03-2025T12:09:07 - [TEST_STEP][PASSED] - sheetName = "Sheet1": null

28-03-2025T12:09:07 - [TEST_STEP][PASSED] - data = findTestData("PlanFact"): null

28-03-2025T12:09:07 - [TEST_STEP][PASSED] - n = data.getRowNumbers() + 1: null

28-03-2025T12:09:07 - [TEST_STEP][PASSED] - day = ")).toInteger(): null

28-03-2025T12:09:07 - [TEST_STEP][PASSED] - println(day): null

28-03-2025T12:09:07 - [TEST_STEP][PASSED] - month = ")).toInteger(): null

28-03-2025T12:09:07 - [TEST_STEP][PASSED] - println(month): null

28-03-2025T12:09:07 - [TEST_STEP][PASSED] - y = <not implemented yet for class: org.codehaus.groovy.ast.expr.EmptyExpression>: null

28-03-2025T12:09:07 - [TEST_STEP][PASSED] - iy = <not implemented yet for class: org.codehaus.groovy.ast.expr.EmptyExpression>: null

28-03-2025T12:09:07 - [TEST_STEP][PASSED] - m = getText(findTestObject("Выполнение бизнес-плана/Период")): Text of object 'Object Repository/Выполнение бизнес-плана/Период' is: 'Январь 2025 года'

28-03-2025T12:09:07 - [MESSAGE][PASSED] - Text of object 'Object Repository/Выполнение бизнес-плана/Период' is: 'Январь 2025 года'

28-03-2025T12:09:07 - [TEST_STEP][PASSED] - iy = m.indexOf("20"): null

28-03-2025T12:09:07 - [TEST_STEP][PASSED] - if (iy > -1): null

28-03-2025T12:09:07 - [TEST_STEP][PASSED] - y = substring(iy, iy + 4).toInteger(): null

28-03-2025T12:09:07 - [TEST_STEP][PASSED] - println(y): null

28-03-2025T12:09:07 - [TEST_STEP][PASSED] - if (toString().length() == 4): null

28-03-2025T12:09:07 - [TEST_STEP][PASSED] - m = m.substring(0, m.indexOf(y.toString())): null

28-03-2025T12:09:07 - [TEST_STEP][PASSED] - m = m.trim(): null

28-03-2025T12:09:07 - [TEST_STEP][PASSED] - if (m == ""): null

28-03-2025T12:09:07 - [TEST_STEP][PASSED] - dashboardName = "Выполнение бизнес-плана": null

28-03-2025T12:09:07 - [TEST_STEP][PASSED] - workbook01 = getWorkbook(excelFilePath): null

28-03-2025T12:09:08 - [TEST_STEP][PASSED] - sheet01 = getExcelSheet(workbook01, sheetName): null

28-03-2025T12:09:08 - [TEST_STEP][PASSED] - setValueToCellByIndex(sheet01, n, 0, dashboardName): null

28-03-2025T12:09:08 - [TEST_STEP][PASSED] - setValueToCellByIndex(sheet01, n, 1, dZO): null

28-03-2025T12:09:08 - [TEST_STEP][PASSED] - setValueToCellByIndex(sheet01, n, 2, typeOfData): null

28-03-2025T12:09:08 - [TEST_STEP][PASSED] - if (typeOfData == "Факт в процентах" || typeOfData == "План в процентах"): null

28-03-2025T12:09:08 - [TEST_STEP][PASSED] - else: null

28-03-2025T12:09:08 - [TEST_STEP][PASSED] - setValueToCellByIndex(sheet01, n, 3, fileInt): null

28-03-2025T12:09:08 - [TEST_STEP][PASSED] - setValueToCellByIndex(sheet01, n, 4, pageInt): null

28-03-2025T12:09:08 - [TEST_STEP][PASSED] - setValueToCellByIndex(sheet01, n, 5, m): null

28-03-2025T12:09:08 - [TEST_STEP][PASSED] - setValueToCellByIndex(sheet01, n, 6, y): null

28-03-2025T12:09:08 - [TEST_STEP][PASSED] - setValueToCellByIndex(sheet01, n, 7, todaysDate): null

28-03-2025T12:09:08 - [TEST_STEP][PASSED] - n = n + 1: null

28-03-2025T12:09:08 - [TEST_STEP][PASSED] - saveWorkbook(excelFilePath, workbook01): null

28-03-2025T12:09:08 - [TEST_STEP][PASSED] - compare = pagePoteri: null

28-03-2025T12:09:08 - [TEST_STEP][PASSED] - if (pageOtpuskVSet != null): null

28-03-2025T12:09:08 - [TEST_STEP][PASSED] - if (compare == filePoteri): null

28-03-2025T12:09:08 - [TEST_STEP][PASSED] - else if (compare > filePoteri): null

28-03-2025T12:09:08 - [TEST_STEP][PASSED] - else if (compare < filePoteri): null

28-03-2025T12:09:08 - [TEST_STEP][PASSED] - compare = compare + 1: null

28-03-2025T12:09:08 - [TEST_STEP][PASSED] - if (compare == filePoteri): null

28-03-2025T12:09:08 - [TEST_STEP][PASSED] - else: null

28-03-2025T12:09:08 - [TEST_STEP][PASSED] - numberOfErrors = numberOfErrors + 1: null

28-03-2025T12:09:08 - [TEST_STEP][PASSED] - pageInt = pagePoteri: null

28-03-2025T12:09:08 - [TEST_STEP][PASSED] - fileInt = filePoteri: null

28-03-2025T12:09:08 - [TEST_STEP][PASSED] - typeOfData = typeOfDataMain + " Потери": null

28-03-2025T12:09:08 - [TEST_STEP][PASSED] - Script1718980020443.WriteToExcel(a, typeOfData, todaysDate, pageInt, fileInt, pageDouble, fileDouble, dZO): null

28-03-2025T12:09:08 - [TEST_STEP][PASSED] - sheetName = "Sheet1": null

28-03-2025T12:09:08 - [TEST_STEP][PASSED] - data = findTestData("PlanFact"): null

28-03-2025T12:09:08 - [TEST_STEP][PASSED] - n = data.getRowNumbers() + 1: null

28-03-2025T12:09:08 - [TEST_STEP][PASSED] - day = ")).toInteger(): null

28-03-2025T12:09:08 - [TEST_STEP][PASSED] - println(day): null

28-03-2025T12:09:08 - [TEST_STEP][PASSED] - month = ")).toInteger(): null

28-03-2025T12:09:08 - [TEST_STEP][PASSED] - println(month): null

28-03-2025T12:09:08 - [TEST_STEP][PASSED] - y = <not implemented yet for class: org.codehaus.groovy.ast.expr.EmptyExpression>: null

28-03-2025T12:09:08 - [TEST_STEP][PASSED] - iy = <not implemented yet for class: org.codehaus.groovy.ast.expr.EmptyExpression>: null

28-03-2025T12:09:08 - [TEST_STEP][PASSED] - m = getText(findTestObject("Выполнение бизнес-плана/Период")): Text of object 'Object Repository/Выполнение бизнес-плана/Период' is: 'Январь 2025 года'

28-03-2025T12:09:08 - [MESSAGE][PASSED] - Text of object 'Object Repository/Выполнение бизнес-плана/Период' is: 'Январь 2025 года'

28-03-2025T12:09:08 - [TEST_STEP][PASSED] - iy = m.indexOf("20"): null

28-03-2025T12:09:08 - [TEST_STEP][PASSED] - if (iy > -1): null

28-03-2025T12:09:08 - [TEST_STEP][PASSED] - y = substring(iy, iy + 4).toInteger(): null

28-03-2025T12:09:08 - [TEST_STEP][PASSED] - println(y): null

28-03-2025T12:09:08 - [TEST_STEP][PASSED] - if (toString().length() == 4): null

28-03-2025T12:09:08 - [TEST_STEP][PASSED] - m = m.substring(0, m.indexOf(y.toString())): null

28-03-2025T12:09:08 - [TEST_STEP][PASSED] - m = m.trim(): null

28-03-2025T12:09:08 - [TEST_STEP][PASSED] - if (m == ""): null

28-03-2025T12:09:08 - [TEST_STEP][PASSED] - dashboardName = "Выполнение бизнес-плана": null

28-03-2025T12:09:08 - [TEST_STEP][PASSED] - workbook01 = getWorkbook(excelFilePath): null

28-03-2025T12:09:08 - [TEST_STEP][PASSED] - sheet01 = getExcelSheet(workbook01, sheetName): null

28-03-2025T12:09:08 - [TEST_STEP][PASSED] - setValueToCellByIndex(sheet01, n, 0, dashboardName): null

28-03-2025T12:09:08 - [TEST_STEP][PASSED] - setValueToCellByIndex(sheet01, n, 1, dZO): null

28-03-2025T12:09:08 - [TEST_STEP][PASSED] - setValueToCellByIndex(sheet01, n, 2, typeOfData): null

28-03-2025T12:09:08 - [TEST_STEP][PASSED] - if (typeOfData == "Факт в процентах" || typeOfData == "План в процентах"): null

28-03-2025T12:09:08 - [TEST_STEP][PASSED] - else: null

28-03-2025T12:09:08 - [TEST_STEP][PASSED] - setValueToCellByIndex(sheet01, n, 3, fileInt): null

28-03-2025T12:09:08 - [TEST_STEP][PASSED] - setValueToCellByIndex(sheet01, n, 4, pageInt): null

28-03-2025T12:09:08 - [TEST_STEP][PASSED] - setValueToCellByIndex(sheet01, n, 5, m): null

28-03-2025T12:09:08 - [TEST_STEP][PASSED] - setValueToCellByIndex(sheet01, n, 6, y): null

28-03-2025T12:09:08 - [TEST_STEP][PASSED] - setValueToCellByIndex(sheet01, n, 7, todaysDate): null

28-03-2025T12:09:08 - [TEST_STEP][PASSED] - n = n + 1: null

28-03-2025T12:09:08 - [TEST_STEP][PASSED] - saveWorkbook(excelFilePath, workbook01): null

28-03-2025T12:09:08 - [TEST_STEP][PASSED] - if (planFact == 2): null

28-03-2025T12:09:08 - [TEST_STEP][PASSED] - if (planFact == 1): null

28-03-2025T12:09:08 - [TEST_STEP][PASSED] - else if (planFact == 2): null

28-03-2025T12:09:08 - [TEST_STEP][PASSED] - click(findTestObject("Выполнение бизнес-плана/Кнопка План")): Object: 'Object Repository/Выполнение бизнес-плана/Кнопка План' is clicked on

28-03-2025T12:09:09 - [MESSAGE][PASSED] - Object: 'Object Repository/Выполнение бизнес-плана/Кнопка План' is clicked on

28-03-2025T12:09:09 - [TEST_STEP][PASSED] - typeOfDataMain = "План": null

28-03-2025T12:09:09 - [TEST_STEP][PASSED] - otpusk = findTestData("PlanFact").getValue(2, a): null

28-03-2025T12:09:09 - [TEST_STEP][PASSED] - poteri = findTestData("PlanFact").getValue(3, a): null

28-03-2025T12:09:09 - [TEST_STEP][PASSED] - otpusk = otpusk.replaceAll("\s+", ""): null

28-03-2025T12:09:09 - [TEST_STEP][PASSED] - poteri = poteri.replaceAll("\s+", ""): null

28-03-2025T12:09:09 - [TEST_STEP][PASSED] - typeOfData = typeOfDataMain + " Отпуск в сеть": null

28-03-2025T12:09:09 - [TEST_STEP][PASSED] - if (a == 82): null

28-03-2025T12:09:09 - [TEST_STEP][PASSED] - else if (a == 84): null

28-03-2025T12:09:09 - [TEST_STEP][PASSED] - else if (a == 83 || a == 52 || a == 72 || a == 28 || a == 73 || a == 77 || a == 74 || a == 65 || a == 36 || a == 44 || a == 53 || a == 80 || a == 54 || a == 1 || a == 18 || a == 59 || a == 81): null

28-03-2025T12:09:09 - [TEST_STEP][PASSED] - else: null

28-03-2025T12:09:09 - [TEST_STEP][PASSED] - path = dataFolder + typeOfData + " за отчётный период " + b: null

28-03-2025T12:09:09 - [TEST_STEP][PASSED] - println(path): null

28-03-2025T12:09:09 - [TEST_STEP][PASSED] - page = getText(findTestObject(path)): Text of object 'Object Repository/Выполнение бизнес-плана/Значения со страницы Выполнение бизнес-плана/План Отпуск в сеть за отчётный период Самарские РС' is: '439 261'

28-03-2025T12:09:09 - [MESSAGE][PASSED] - Text of object 'Object Repository/Выполнение бизнес-плана/Значения со страницы Выполнение бизнес-плана/План Отпуск в сеть за отчётный период Самарские РС' is: '439 261'

28-03-2025T12:09:09 - [TEST_STEP][PASSED] - if (page == "" || page == null): null

28-03-2025T12:09:09 - [TEST_STEP][PASSED] - else: null

28-03-2025T12:09:09 - [TEST_STEP][PASSED] - page = page.replaceAll("\s+", ""): null

28-03-2025T12:09:09 - [TEST_STEP][PASSED] - if (page == "undefined"): null

28-03-2025T12:09:09 - [TEST_STEP][PASSED] - fileOtpuskVSet = otpusk.toInteger(): null

28-03-2025T12:09:09 - [TEST_STEP][PASSED] - pageOtpuskVSet = page.toInteger(): null

28-03-2025T12:09:09 - [TEST_STEP][PASSED] - typeOfData = typeOfDataMain + " Потери": null

28-03-2025T12:09:09 - [TEST_STEP][PASSED] - if (a == 82): null

28-03-2025T12:09:09 - [TEST_STEP][PASSED] - else if (a == 84): null

28-03-2025T12:09:09 - [TEST_STEP][PASSED] - else if (a == 83 || a == 52 || a == 72 || a == 28 || a == 73 || a == 77 || a == 74 || a == 65 || a == 44 || a == 53 || a == 80 || a == 54 || a == 1 || a == 18 || a == 59 || a == 81): null

28-03-2025T12:09:09 - [TEST_STEP][PASSED] - else: null

28-03-2025T12:09:09 - [TEST_STEP][PASSED] - path = dataFolder + typeOfData + " за отчётный период " + b: null

28-03-2025T12:09:09 - [TEST_STEP][PASSED] - page = getText(findTestObject(path)): Text of object 'Object Repository/Выполнение бизнес-плана/Значения со страницы Выполнение бизнес-плана/План Потери за отчётный период Самарские РС' is: '32 541'

28-03-2025T12:09:10 - [MESSAGE][PASSED] - Text of object 'Object Repository/Выполнение бизнес-плана/Значения со страницы Выполнение бизнес-плана/План Потери за отчётный период Самарские РС' is: '32 541'

28-03-2025T12:09:10 - [TEST_STEP][PASSED] - if (page == "" || page == null): null

28-03-2025T12:09:10 - [TEST_STEP][PASSED] - else: null

28-03-2025T12:09:10 - [TEST_STEP][PASSED] - page = page.replaceAll("\s+", ""): null

28-03-2025T12:09:10 - [TEST_STEP][PASSED] - if (page == "undefined"): null

28-03-2025T12:09:10 - [TEST_STEP][PASSED] - filePoteri = poteri.toInteger(): null

28-03-2025T12:09:10 - [TEST_STEP][PASSED] - pagePoteri = page.toInteger(): null

28-03-2025T12:09:10 - [TEST_STEP][PASSED] - compare = pageOtpuskVSet: null

28-03-2025T12:09:10 - [TEST_STEP][PASSED] - if (pageOtpuskVSet != null): null

28-03-2025T12:09:10 - [TEST_STEP][PASSED] - if (compare == fileOtpuskVSet): null

28-03-2025T12:09:10 - [TEST_STEP][PASSED] - else if (compare > fileOtpuskVSet): null

28-03-2025T12:09:10 - [TEST_STEP][PASSED] - else if (compare < fileOtpuskVSet): null

28-03-2025T12:09:10 - [TEST_STEP][PASSED] - compare = compare + 1: null

28-03-2025T12:09:10 - [TEST_STEP][PASSED] - if (compare == fileOtpuskVSet): null

28-03-2025T12:09:10 - [TEST_STEP][PASSED] - else: null

28-03-2025T12:09:10 - [TEST_STEP][PASSED] - numberOfErrors = numberOfErrors + 1: null

28-03-2025T12:09:10 - [TEST_STEP][PASSED] - pageInt = pageOtpuskVSet: null

28-03-2025T12:09:10 - [TEST_STEP][PASSED] - fileInt = fileOtpuskVSet: null

28-03-2025T12:09:10 - [TEST_STEP][PASSED] - typeOfData = typeOfDataMain + " Отпуск в сеть": null

28-03-2025T12:09:10 - [TEST_STEP][PASSED] - Script1718980020443.WriteToExcel(a, typeOfData, todaysDate, pageInt, fileInt, pageDouble, fileDouble, dZO): null

28-03-2025T12:09:10 - [TEST_STEP][PASSED] - sheetName = "Sheet1": null

28-03-2025T12:09:10 - [TEST_STEP][PASSED] - data = findTestData("PlanFact"): null

28-03-2025T12:09:10 - [TEST_STEP][PASSED] - n = data.getRowNumbers() + 1: null

28-03-2025T12:09:10 - [TEST_STEP][PASSED] - day = ")).toInteger(): null

28-03-2025T12:09:10 - [TEST_STEP][PASSED] - println(day): null

28-03-2025T12:09:10 - [TEST_STEP][PASSED] - month = ")).toInteger(): null

28-03-2025T12:09:10 - [TEST_STEP][PASSED] - println(month): null

28-03-2025T12:09:10 - [TEST_STEP][PASSED] - y = <not implemented yet for class: org.codehaus.groovy.ast.expr.EmptyExpression>: null

28-03-2025T12:09:10 - [TEST_STEP][PASSED] - iy = <not implemented yet for class: org.codehaus.groovy.ast.expr.EmptyExpression>: null

28-03-2025T12:09:10 - [TEST_STEP][PASSED] - m = getText(findTestObject("Выполнение бизнес-плана/Период")): Text of object 'Object Repository/Выполнение бизнес-плана/Период' is: 'Январь 2025 года'

28-03-2025T12:09:10 - [MESSAGE][PASSED] - Text of object 'Object Repository/Выполнение бизнес-плана/Период' is: 'Январь 2025 года'

28-03-2025T12:09:10 - [TEST_STEP][PASSED] - iy = m.indexOf("20"): null

28-03-2025T12:09:10 - [TEST_STEP][PASSED] - if (iy > -1): null

28-03-2025T12:09:10 - [TEST_STEP][PASSED] - y = substring(iy, iy + 4).toInteger(): null

28-03-2025T12:09:10 - [TEST_STEP][PASSED] - println(y): null

28-03-2025T12:09:10 - [TEST_STEP][PASSED] - if (toString().length() == 4): null

28-03-2025T12:09:10 - [TEST_STEP][PASSED] - m = m.substring(0, m.indexOf(y.toString())): null

28-03-2025T12:09:10 - [TEST_STEP][PASSED] - m = m.trim(): null

28-03-2025T12:09:10 - [TEST_STEP][PASSED] - if (m == ""): null

28-03-2025T12:09:10 - [TEST_STEP][PASSED] - dashboardName = "Выполнение бизнес-плана": null

28-03-2025T12:09:10 - [TEST_STEP][PASSED] - workbook01 = getWorkbook(excelFilePath): null

28-03-2025T12:09:10 - [TEST_STEP][PASSED] - sheet01 = getExcelSheet(workbook01, sheetName): null

28-03-2025T12:09:10 - [TEST_STEP][PASSED] - setValueToCellByIndex(sheet01, n, 0, dashboardName): null

28-03-2025T12:09:10 - [TEST_STEP][PASSED] - setValueToCellByIndex(sheet01, n, 1, dZO): null

28-03-2025T12:09:10 - [TEST_STEP][PASSED] - setValueToCellByIndex(sheet01, n, 2, typeOfData): null

28-03-2025T12:09:10 - [TEST_STEP][PASSED] - if (typeOfData == "Факт в процентах" || typeOfData == "План в процентах"): null

28-03-2025T12:09:10 - [TEST_STEP][PASSED] - else: null

28-03-2025T12:09:10 - [TEST_STEP][PASSED] - setValueToCellByIndex(sheet01, n, 3, fileInt): null

28-03-2025T12:09:10 - [TEST_STEP][PASSED] - setValueToCellByIndex(sheet01, n, 4, pageInt): null

28-03-2025T12:09:10 - [TEST_STEP][PASSED] - setValueToCellByIndex(sheet01, n, 5, m): null

28-03-2025T12:09:10 - [TEST_STEP][PASSED] - setValueToCellByIndex(sheet01, n, 6, y): null

28-03-2025T12:09:10 - [TEST_STEP][PASSED] - setValueToCellByIndex(sheet01, n, 7, todaysDate): null

28-03-2025T12:09:10 - [TEST_STEP][PASSED] - n = n + 1: null

28-03-2025T12:09:10 - [TEST_STEP][PASSED] - saveWorkbook(excelFilePath, workbook01): null

28-03-2025T12:09:10 - [TEST_STEP][PASSED] - compare = pagePoteri: null

28-03-2025T12:09:10 - [TEST_STEP][PASSED] - if (pageOtpuskVSet != null): null

28-03-2025T12:09:10 - [TEST_STEP][PASSED] - if (compare == filePoteri): null

28-03-2025T12:09:10 - [TEST_STEP][PASSED] - else if (compare > filePoteri): null

28-03-2025T12:09:10 - [TEST_STEP][PASSED] - else if (compare < filePoteri): null

28-03-2025T12:09:10 - [TEST_STEP][PASSED] - compare = compare + 1: null

28-03-2025T12:09:10 - [TEST_STEP][PASSED] - if (compare == filePoteri): null

28-03-2025T12:09:10 - [TEST_STEP][PASSED] - else: null

28-03-2025T12:09:10 - [TEST_STEP][PASSED] - numberOfErrors = numberOfErrors + 1: null

28-03-2025T12:09:10 - [TEST_STEP][PASSED] - pageInt = pagePoteri: null

28-03-2025T12:09:10 - [TEST_STEP][PASSED] - fileInt = filePoteri: null

28-03-2025T12:09:10 - [TEST_STEP][PASSED] - typeOfData = typeOfDataMain + " Потери": null

28-03-2025T12:09:10 - [TEST_STEP][PASSED] - Script1718980020443.WriteToExcel(a, typeOfData, todaysDate, pageInt, fileInt, pageDouble, fileDouble, dZO): null

28-03-2025T12:09:10 - [TEST_STEP][PASSED] - sheetName = "Sheet1": null

28-03-2025T12:09:10 - [TEST_STEP][PASSED] - data = findTestData("PlanFact"): null

28-03-2025T12:09:10 - [TEST_STEP][PASSED] - n = data.getRowNumbers() + 1: null

28-03-2025T12:09:10 - [TEST_STEP][PASSED] - day = ")).toInteger(): null

28-03-2025T12:09:10 - [TEST_STEP][PASSED] - println(day): null

28-03-2025T12:09:10 - [TEST_STEP][PASSED] - month = ")).toInteger(): null

28-03-2025T12:09:10 - [TEST_STEP][PASSED] - println(month): null

28-03-2025T12:09:10 - [TEST_STEP][PASSED] - y = <not implemented yet for class: org.codehaus.groovy.ast.expr.EmptyExpression>: null

28-03-2025T12:09:10 - [TEST_STEP][PASSED] - iy = <not implemented yet for class: org.codehaus.groovy.ast.expr.EmptyExpression>: null

28-03-2025T12:09:10 - [TEST_STEP][PASSED] - m = getText(findTestObject("Выполнение бизнес-плана/Период")): Text of object 'Object Repository/Выполнение бизнес-плана/Период' is: 'Январь 2025 года'

28-03-2025T12:09:11 - [MESSAGE][PASSED] - Text of object 'Object Repository/Выполнение бизнес-плана/Период' is: 'Январь 2025 года'

28-03-2025T12:09:11 - [TEST_STEP][PASSED] - iy = m.indexOf("20"): null

28-03-2025T12:09:11 - [TEST_STEP][PASSED] - if (iy > -1): null

28-03-2025T12:09:11 - [TEST_STEP][PASSED] - y = substring(iy, iy + 4).toInteger(): null

28-03-2025T12:09:11 - [TEST_STEP][PASSED] - println(y): null

28-03-2025T12:09:11 - [TEST_STEP][PASSED] - if (toString().length() == 4): null

28-03-2025T12:09:11 - [TEST_STEP][PASSED] - m = m.substring(0, m.indexOf(y.toString())): null

28-03-2025T12:09:11 - [TEST_STEP][PASSED] - m = m.trim(): null

28-03-2025T12:09:11 - [TEST_STEP][PASSED] - if (m == ""): null

28-03-2025T12:09:11 - [TEST_STEP][PASSED] - dashboardName = "Выполнение бизнес-плана": null

28-03-2025T12:09:11 - [TEST_STEP][PASSED] - workbook01 = getWorkbook(excelFilePath): null

28-03-2025T12:09:11 - [TEST_STEP][PASSED] - sheet01 = getExcelSheet(workbook01, sheetName): null

28-03-2025T12:09:11 - [TEST_STEP][PASSED] - setValueToCellByIndex(sheet01, n, 0, dashboardName): null

28-03-2025T12:09:11 - [TEST_STEP][PASSED] - setValueToCellByIndex(sheet01, n, 1, dZO): null

28-03-2025T12:09:11 - [TEST_STEP][PASSED] - setValueToCellByIndex(sheet01, n, 2, typeOfData): null

28-03-2025T12:09:11 - [TEST_STEP][PASSED] - if (typeOfData == "Факт в процентах" || typeOfData == "План в процентах"): null

28-03-2025T12:09:11 - [TEST_STEP][PASSED] - else: null

28-03-2025T12:09:11 - [TEST_STEP][PASSED] - setValueToCellByIndex(sheet01, n, 3, fileInt): null

28-03-2025T12:09:11 - [TEST_STEP][PASSED] - setValueToCellByIndex(sheet01, n, 4, pageInt): null

28-03-2025T12:09:11 - [TEST_STEP][PASSED] - setValueToCellByIndex(sheet01, n, 5, m): null

28-03-2025T12:09:11 - [TEST_STEP][PASSED] - setValueToCellByIndex(sheet01, n, 6, y): null

28-03-2025T12:09:11 - [TEST_STEP][PASSED] - setValueToCellByIndex(sheet01, n, 7, todaysDate): null

28-03-2025T12:09:11 - [TEST_STEP][PASSED] - n = n + 1: null

28-03-2025T12:09:11 - [TEST_STEP][PASSED] - saveWorkbook(excelFilePath, workbook01): Object: 'Object Repository/Выполнение бизнес-плана/Кнопка Факт' is clicked on

28-03-2025T12:09:11 - [TEST_STEP][PASSED] - if (planFact == 2): Object: 'Object Repository/Выполнение бизнес-плана/Кнопка Факт' is clicked on

28-03-2025T12:09:11 - [TEST_STEP][PASSED] - click(findTestObject("Выполнение бизнес-плана/Кнопка Факт")): Object: 'Object Repository/Выполнение бизнес-плана/Кнопка Факт' is clicked on

28-03-2025T12:09:11 - [MESSAGE][PASSED] - Object: 'Object Repository/Выполнение бизнес-плана/Кнопка Факт' is clicked on

28-03-2025T12:09:11 - [TEST_STEP][PASSED] - println("a=" + a): null

28-03-2025T12:09:11 - [TEST_STEP][PASSED] - if (a == 84 || a == 82): null

28-03-2025T12:09:11 - [TEST_STEP][PASSED] - else if (a == 83 || a == 52 || a == 72 || a == 28 || a == 73 || a == 77 || a == 74 || a == 65 || a == 36 || a == 44 || a == 53 || a == 80 || a == 54 || a == 1 || a == 18 || a == 59 || a == 81): null

28-03-2025T12:09:11 - [TEST_STEP][PASSED] - else: null

28-03-2025T12:09:11 - [TEST_STEP][PASSED] - page1 = getText(findTestObject("Object Repository/Выполнение бизнес-плана/spanPlan" + filialNum)): Text of object 'Object Repository/Выполнение бизнес-плана/spanPlan2' is: '4.75
|'

28-03-2025T12:09:12 - [MESSAGE][PASSED] - Text of object 'Object Repository/Выполнение бизнес-плана/spanPlan2' is: '4.75
|'

28-03-2025T12:09:12 - [TEST_STEP][PASSED] - page1 = page1.replace("|", ""): null

28-03-2025T12:09:12 - [TEST_STEP][PASSED] - page2 = getText(findTestObject("Object Repository/Выполнение бизнес-плана/spanFact" + filialNum)): Text of object 'Object Repository/Выполнение бизнес-плана/spanFact2' is: '4.45
|'

28-03-2025T12:09:12 - [MESSAGE][PASSED] - Text of object 'Object Repository/Выполнение бизнес-плана/spanFact2' is: '4.45
|'

28-03-2025T12:09:12 - [TEST_STEP][PASSED] - page2 = page2.replace("|", ""): null

28-03-2025T12:09:12 - [TEST_STEP][PASSED] - println("page1: " + page1): null

28-03-2025T12:09:12 - [TEST_STEP][PASSED] - println("page2: " + page2): null

28-03-2025T12:09:12 - [TEST_STEP][PASSED] - file = findTestData("PlanFact").getValue(4, a): null

28-03-2025T12:09:12 - [TEST_STEP][PASSED] - file = file.replace(",", "."): null

28-03-2025T12:09:12 - [TEST_STEP][PASSED] - println("file Plan: " + file): null

28-03-2025T12:09:12 - [TEST_STEP][PASSED] - typeOfData = "План в процентах": null

28-03-2025T12:09:12 - [TEST_STEP][PASSED] - fileDouble = file.toDouble(): null

28-03-2025T12:09:12 - [TEST_STEP][PASSED] - pageDouble = page1.toDouble(): null

28-03-2025T12:09:12 - [TEST_STEP][PASSED] - if (fileDouble != pageDouble): null

28-03-2025T12:09:12 - [TEST_STEP][PASSED] - file = findTestData("PlanFact").getValue(7, a): null

28-03-2025T12:09:12 - [TEST_STEP][PASSED] - file = file.replace(",", "."): null

28-03-2025T12:09:12 - [TEST_STEP][PASSED] - println("file Fact: " + file): null

28-03-2025T12:09:12 - [TEST_STEP][PASSED] - fileDouble = file.toDouble(): null

28-03-2025T12:09:12 - [TEST_STEP][PASSED] - typeOfData = "Факт в процентах": null

28-03-2025T12:09:12 - [TEST_STEP][PASSED] - fileDouble = file.toDouble(): null

28-03-2025T12:09:12 - [TEST_STEP][PASSED] - pageDouble = page2.toDouble(): null

28-03-2025T12:09:12 - [TEST_STEP][PASSED] - if (fileDouble != pageDouble): null

28-03-2025T12:09:12 - [TEST_STEP][FAILED] - if (verifyEqual(numberOfErrors, 0) == false): null

28-03-2025T12:09:12 - [MESSAGE][FAILED] - Unable to verify equal between actual object '4' and expected object '0' (Root cause: com.kms.katalon.core.exception.StepFailedException: Actual object '4' and expected object '0' are not equal
	at com.kms.katalon.core.keyword.builtin.VerifyEqualKeyword$_verifyEqual_closure1.doCall(VerifyEqualKeyword.groovy:58)
	at com.kms.katalon.core.keyword.builtin.VerifyEqualKeyword$_verifyEqual_closure1.call(VerifyEqualKeyword.groovy)
	at com.kms.katalon.core.keyword.internal.KeywordMain.runKeyword(KeywordMain.groovy:75)
	at com.kms.katalon.core.keyword.builtin.VerifyEqualKeyword.verifyEqual(VerifyEqualKeyword.groovy:63)
	at com.kms.katalon.core.keyword.builtin.VerifyEqualKeyword.execute(VerifyEqualKeyword.groovy:44)
	at com.kms.katalon.core.keyword.internal.KeywordExecutor.executeKeywordForPlatform(KeywordExecutor.groovy:74)
	at com.kms.katalon.core.keyword.BuiltinKeywords.verifyEqual(BuiltinKeywords.groovy:146)
	at jdk.internal.reflect.GeneratedMethodAccessor23.invoke(Unknown Source)
	at java.base/jdk.internal.reflect.DelegatingMethodAccessorImpl.invoke(DelegatingMethodAccessorImpl.java:43)
	at Выполнение бизнес-плана Сверка ПАО Россети все филиалы.Numbers(Выполнение бизнес-плана Сверка ПАО Россети все филиалы:744)
	at Выполнение бизнес-плана Сверка ПАО Россети все филиалы.Filials(Выполнение бизнес-плана Сверка ПАО Россети все филиалы:965)
	at Выполнение бизнес-плана Сверка ПАО Россети все филиалы.Numbers(Выполнение бизнес-плана Сверка ПАО Россети все филиалы:751)
	at Выполнение бизнес-плана Сверка ПАО Россети все филиалы.run(Выполнение бизнес-плана Сверка ПАО Россети все филиалы:231)
	at com.kms.katalon.core.main.ScriptEngine.run(ScriptEngine.java:194)
	at com.kms.katalon.core.main.ScriptEngine.runScriptAsRawText(ScriptEngine.java:119)
	at com.kms.katalon.core.main.TestCaseExecutor.runScript(TestCaseExecutor.java:448)
	at com.kms.katalon.core.main.TestCaseExecutor.doExecute(TestCaseExecutor.java:439)
	at com.kms.katalon.core.main.TestCaseExecutor.processExecutionPhase(TestCaseExecutor.java:418)
	at com.kms.katalon.core.main.TestCaseExecutor.accessMainPhase(TestCaseExecutor.java:410)
	at com.kms.katalon.core.main.TestCaseExecutor.execute(TestCaseExecutor.java:285)
	at com.kms.katalon.core.common.CommonExecutor.accessTestCaseMainPhase(CommonExecutor.java:65)
	at com.kms.katalon.core.main.TestSuiteExecutor.accessTestSuiteMainPhase(TestSuiteExecutor.java:150)
	at com.kms.katalon.core.main.TestSuiteExecutor.execute(TestSuiteExecutor.java:106)
	at com.kms.katalon.core.main.TestCaseMain.startTestSuite(TestCaseMain.java:180)
	at TempTestSuite1743137207280.run(TempTestSuite1743137207280.groovy:35)
	at java.base/jdk.internal.reflect.NativeMethodAccessorImpl.invoke0(Native Method)
	at java.base/jdk.internal.reflect.NativeMethodAccessorImpl.invoke(NativeMethodAccessorImpl.java:77)
	at java.base/jdk.internal.reflect.DelegatingMethodAccessorImpl.invoke(DelegatingMethodAccessorImpl.java:43)
)

28-03-2025T12:09:12 - [TEST_STEP][PASSED] - println(numberOfErrors): null

28-03-2025T12:09:12 - [TEST_STEP][PASSED] - println("a=" + a): null

28-03-2025T12:09:12 - [TEST_STEP][PASSED] - if (a == 28 || a == 77 || a == 74 || a == 65 || a == 36 || a == 44 || a == 54 || a == 1 || a == 18 || a == 59): null

28-03-2025T12:09:12 - [TEST_STEP][PASSED] - if (a == 82): null

28-03-2025T12:09:12 - [TEST_STEP][PASSED] - dZO = "Саратовские РС": null

28-03-2025T12:09:12 - [TEST_STEP][PASSED] - a = 33: null

28-03-2025T12:09:12 - [TEST_STEP][PASSED] - dzoCut = dZO.substring(0, 10): null

28-03-2025T12:09:12 - [TEST_STEP][PASSED] - if (x2.contains(dzoCut)): null

28-03-2025T12:09:12 - [TEST_STEP][PASSED] - filialNum = filialNum + 1: null

28-03-2025T12:09:12 - [TEST_STEP][PASSED] - Script1718980020443.Numbers(a, typeOfData, todaysDate, pageInt, fileInt, pageDouble, fileDouble, dZO, dzoNum, filialNum): null

28-03-2025T12:09:12 - [TEST_STEP][PASSED] - println(dzoNum): null

28-03-2025T12:09:12 - [TEST_STEP][PASSED] - planFact = <not implemented yet for class: org.codehaus.groovy.ast.expr.EmptyExpression>: null

28-03-2025T12:09:12 - [TEST_STEP][PASSED] - page = <not implemented yet for class: org.codehaus.groovy.ast.expr.EmptyExpression>: null

28-03-2025T12:09:12 - [TEST_STEP][PASSED] - page1 = <not implemented yet for class: org.codehaus.groovy.ast.expr.EmptyExpression>: null

28-03-2025T12:09:12 - [TEST_STEP][PASSED] - page2 = <not implemented yet for class: org.codehaus.groovy.ast.expr.EmptyExpression>: null

28-03-2025T12:09:12 - [TEST_STEP][PASSED] - filialNumberInRow = <not implemented yet for class: org.codehaus.groovy.ast.expr.EmptyExpression>: null

28-03-2025T12:09:12 - [TEST_STEP][PASSED] - filialsDzoNames = <not implemented yet for class: org.codehaus.groovy.ast.expr.EmptyExpression>: null

28-03-2025T12:09:12 - [TEST_STEP][PASSED] - numberOfFilials = <not implemented yet for class: org.codehaus.groovy.ast.expr.EmptyExpression>: null

28-03-2025T12:09:12 - [TEST_STEP][PASSED] - numberOfSpaces = <not implemented yet for class: org.codehaus.groovy.ast.expr.EmptyExpression>: null

28-03-2025T12:09:12 - [TEST_STEP][PASSED] - file = <not implemented yet for class: org.codehaus.groovy.ast.expr.EmptyExpression>: null

28-03-2025T12:09:12 - [TEST_STEP][PASSED] - otpusk = <not implemented yet for class: org.codehaus.groovy.ast.expr.EmptyExpression>: null

28-03-2025T12:09:12 - [TEST_STEP][PASSED] - poteri = <not implemented yet for class: org.codehaus.groovy.ast.expr.EmptyExpression>: null

28-03-2025T12:09:12 - [TEST_STEP][PASSED] - dataFolder = "Выполнение бизнес-плана/Значения со страницы Выполнение бизнес-плана/": null

28-03-2025T12:09:12 - [TEST_STEP][PASSED] - path = <not implemented yet for class: org.codehaus.groovy.ast.expr.EmptyExpression>: null

28-03-2025T12:09:12 - [TEST_STEP][PASSED] - typeOfDataMain = <not implemented yet for class: org.codehaus.groovy.ast.expr.EmptyExpression>: null

28-03-2025T12:09:12 - [TEST_STEP][PASSED] - fileOtpuskVSet = <not implemented yet for class: org.codehaus.groovy.ast.expr.EmptyExpression>: null

28-03-2025T12:09:12 - [TEST_STEP][PASSED] - pageOtpuskVSet = <not implemented yet for class: org.codehaus.groovy.ast.expr.EmptyExpression>: null

28-03-2025T12:09:12 - [TEST_STEP][PASSED] - filePoteri = <not implemented yet for class: org.codehaus.groovy.ast.expr.EmptyExpression>: null

28-03-2025T12:09:12 - [TEST_STEP][PASSED] - pagePoteri = <not implemented yet for class: org.codehaus.groovy.ast.expr.EmptyExpression>: null

28-03-2025T12:09:12 - [TEST_STEP][PASSED] - compare = <not implemented yet for class: org.codehaus.groovy.ast.expr.EmptyExpression>: null

28-03-2025T12:09:12 - [TEST_STEP][PASSED] - b = <not implemented yet for class: org.codehaus.groovy.ast.expr.EmptyExpression>: null

28-03-2025T12:09:12 - [TEST_STEP][PASSED] - i = <not implemented yet for class: org.codehaus.groovy.ast.expr.EmptyExpression>: null

28-03-2025T12:09:12 - [TEST_STEP][PASSED] - ii = <not implemented yet for class: org.codehaus.groovy.ast.expr.EmptyExpression>: null

28-03-2025T12:09:12 - [TEST_STEP][PASSED] - c = <not implemented yet for class: org.codehaus.groovy.ast.expr.EmptyExpression>: null

28-03-2025T12:09:12 - [TEST_STEP][PASSED] - numberOfErrors = 0: null

28-03-2025T12:09:12 - [TEST_STEP][PASSED] - if (a == 82): null

28-03-2025T12:09:12 - [TEST_STEP][PASSED] - b = findTestData("PlanFact").getValue(1, a): null

28-03-2025T12:09:12 - [TEST_STEP][PASSED] - i = b.indexOf(" (ГК)"): null

28-03-2025T12:09:12 - [TEST_STEP][PASSED] - if (i > -1): null

28-03-2025T12:09:12 - [TEST_STEP][PASSED] - i = b.indexOf("О ""): null

28-03-2025T12:09:12 - [TEST_STEP][PASSED] - if (i > -1): null

28-03-2025T12:09:12 - [TEST_STEP][PASSED] - i = b.indexOf("О «"): null

28-03-2025T12:09:12 - [TEST_STEP][PASSED] - if (i > -1): null

28-03-2025T12:09:12 - [TEST_STEP][PASSED] - i = b.indexOf("г. "): null

28-03-2025T12:09:12 - [TEST_STEP][PASSED] - if (i > -1): null

28-03-2025T12:09:12 - [TEST_STEP][PASSED] - b = b.trim(): null

28-03-2025T12:09:12 - [TEST_STEP][PASSED] - println(b): null

28-03-2025T12:09:12 - [TEST_STEP][PASSED] - for ([planFact = 1, planFact < 3, (planFact++)]): null

28-03-2025T12:09:12 - [TEST_STEP][PASSED] - if (planFact == 1): null

28-03-2025T12:09:12 - [TEST_STEP][PASSED] - typeOfDataMain = "Факт": null

28-03-2025T12:09:12 - [TEST_STEP][PASSED] - otpusk = findTestData("PlanFact").getValue(5, a): null

28-03-2025T12:09:12 - [TEST_STEP][PASSED] - poteri = findTestData("PlanFact").getValue(6, a): null

28-03-2025T12:09:12 - [TEST_STEP][PASSED] - otpusk = otpusk.replaceAll("\s+", ""): null

28-03-2025T12:09:12 - [TEST_STEP][PASSED] - poteri = poteri.replaceAll("\s+", ""): null

28-03-2025T12:09:12 - [TEST_STEP][PASSED] - typeOfData = typeOfDataMain + " Отпуск в сеть": null

28-03-2025T12:09:12 - [TEST_STEP][PASSED] - if (a == 82): null

28-03-2025T12:09:12 - [TEST_STEP][PASSED] - else if (a == 84): null

28-03-2025T12:09:12 - [TEST_STEP][PASSED] - else if (a == 83 || a == 52 || a == 72 || a == 28 || a == 73 || a == 77 || a == 74 || a == 65 || a == 36 || a == 44 || a == 53 || a == 80 || a == 54 || a == 1 || a == 18 || a == 59 || a == 81): null

28-03-2025T12:09:12 - [TEST_STEP][PASSED] - else: null

28-03-2025T12:09:12 - [TEST_STEP][PASSED] - path = dataFolder + typeOfData + " за отчётный период " + b: null

28-03-2025T12:09:12 - [TEST_STEP][PASSED] - println(path): null

28-03-2025T12:09:12 - [TEST_STEP][PASSED] - page = getText(findTestObject(path)): Text of object 'Object Repository/Выполнение бизнес-плана/Значения со страницы Выполнение бизнес-плана/Факт Отпуск в сеть за отчётный период Саратовские РС' is: '423 462'

28-03-2025T12:09:12 - [MESSAGE][PASSED] - Text of object 'Object Repository/Выполнение бизнес-плана/Значения со страницы Выполнение бизнес-плана/Факт Отпуск в сеть за отчётный период Саратовские РС' is: '423 462'

28-03-2025T12:09:12 - [TEST_STEP][PASSED] - if (page == "" || page == null): null

28-03-2025T12:09:12 - [TEST_STEP][PASSED] - else: null

28-03-2025T12:09:12 - [TEST_STEP][PASSED] - page = page.replaceAll("\s+", ""): null

28-03-2025T12:09:12 - [TEST_STEP][PASSED] - if (page == "undefined"): null

28-03-2025T12:09:12 - [TEST_STEP][PASSED] - fileOtpuskVSet = otpusk.toInteger(): null

28-03-2025T12:09:12 - [TEST_STEP][PASSED] - pageOtpuskVSet = page.toInteger(): null

28-03-2025T12:09:12 - [TEST_STEP][PASSED] - typeOfData = typeOfDataMain + " Потери": null

28-03-2025T12:09:12 - [TEST_STEP][PASSED] - if (a == 82): null

28-03-2025T12:09:12 - [TEST_STEP][PASSED] - else if (a == 84): null

28-03-2025T12:09:12 - [TEST_STEP][PASSED] - else if (a == 83 || a == 52 || a == 72 || a == 28 || a == 73 || a == 77 || a == 74 || a == 65 || a == 44 || a == 53 || a == 80 || a == 54 || a == 1 || a == 18 || a == 59 || a == 81): null

28-03-2025T12:09:12 - [TEST_STEP][PASSED] - else: null

28-03-2025T12:09:12 - [TEST_STEP][PASSED] - path = dataFolder + typeOfData + " за отчётный период " + b: null

28-03-2025T12:09:12 - [TEST_STEP][PASSED] - page = getText(findTestObject(path)): Text of object 'Object Repository/Выполнение бизнес-плана/Значения со страницы Выполнение бизнес-плана/Факт Потери за отчётный период Саратовские РС' is: '28 690'

28-03-2025T12:09:13 - [MESSAGE][PASSED] - Text of object 'Object Repository/Выполнение бизнес-плана/Значения со страницы Выполнение бизнес-плана/Факт Потери за отчётный период Саратовские РС' is: '28 690'

28-03-2025T12:09:13 - [TEST_STEP][PASSED] - if (page == "" || page == null): null

28-03-2025T12:09:13 - [TEST_STEP][PASSED] - else: null

28-03-2025T12:09:13 - [TEST_STEP][PASSED] - page = page.replaceAll("\s+", ""): null

28-03-2025T12:09:13 - [TEST_STEP][PASSED] - if (page == "undefined"): null

28-03-2025T12:09:13 - [TEST_STEP][PASSED] - filePoteri = poteri.toInteger(): null

28-03-2025T12:09:13 - [TEST_STEP][PASSED] - pagePoteri = page.toInteger(): null

28-03-2025T12:09:13 - [TEST_STEP][PASSED] - compare = pageOtpuskVSet: null

28-03-2025T12:09:13 - [TEST_STEP][PASSED] - if (pageOtpuskVSet != null): null

28-03-2025T12:09:13 - [TEST_STEP][PASSED] - if (compare == fileOtpuskVSet): null

28-03-2025T12:09:13 - [TEST_STEP][PASSED] - else if (compare > fileOtpuskVSet): null

28-03-2025T12:09:13 - [TEST_STEP][PASSED] - else if (compare < fileOtpuskVSet): null

28-03-2025T12:09:13 - [TEST_STEP][PASSED] - compare = compare + 1: null

28-03-2025T12:09:13 - [TEST_STEP][PASSED] - if (compare == fileOtpuskVSet): null

28-03-2025T12:09:13 - [TEST_STEP][PASSED] - else: null

28-03-2025T12:09:13 - [TEST_STEP][PASSED] - numberOfErrors = numberOfErrors + 1: null

28-03-2025T12:09:13 - [TEST_STEP][PASSED] - pageInt = pageOtpuskVSet: null

28-03-2025T12:09:13 - [TEST_STEP][PASSED] - fileInt = fileOtpuskVSet: null

28-03-2025T12:09:13 - [TEST_STEP][PASSED] - typeOfData = typeOfDataMain + " Отпуск в сеть": null

28-03-2025T12:09:13 - [TEST_STEP][PASSED] - Script1718980020443.WriteToExcel(a, typeOfData, todaysDate, pageInt, fileInt, pageDouble, fileDouble, dZO): null

28-03-2025T12:09:13 - [TEST_STEP][PASSED] - sheetName = "Sheet1": null

28-03-2025T12:09:13 - [TEST_STEP][PASSED] - data = findTestData("PlanFact"): null

28-03-2025T12:09:13 - [TEST_STEP][PASSED] - n = data.getRowNumbers() + 1: null

28-03-2025T12:09:13 - [TEST_STEP][PASSED] - day = ")).toInteger(): null

28-03-2025T12:09:13 - [TEST_STEP][PASSED] - println(day): null

28-03-2025T12:09:13 - [TEST_STEP][PASSED] - month = ")).toInteger(): null

28-03-2025T12:09:13 - [TEST_STEP][PASSED] - println(month): null

28-03-2025T12:09:13 - [TEST_STEP][PASSED] - y = <not implemented yet for class: org.codehaus.groovy.ast.expr.EmptyExpression>: null

28-03-2025T12:09:13 - [TEST_STEP][PASSED] - iy = <not implemented yet for class: org.codehaus.groovy.ast.expr.EmptyExpression>: null

28-03-2025T12:09:13 - [TEST_STEP][PASSED] - m = getText(findTestObject("Выполнение бизнес-плана/Период")): Text of object 'Object Repository/Выполнение бизнес-плана/Период' is: 'Январь 2025 года'

28-03-2025T12:09:13 - [MESSAGE][PASSED] - Text of object 'Object Repository/Выполнение бизнес-плана/Период' is: 'Январь 2025 года'

28-03-2025T12:09:13 - [TEST_STEP][PASSED] - iy = m.indexOf("20"): null

28-03-2025T12:09:13 - [TEST_STEP][PASSED] - if (iy > -1): null

28-03-2025T12:09:13 - [TEST_STEP][PASSED] - y = substring(iy, iy + 4).toInteger(): null

28-03-2025T12:09:13 - [TEST_STEP][PASSED] - println(y): null

28-03-2025T12:09:13 - [TEST_STEP][PASSED] - if (toString().length() == 4): null

28-03-2025T12:09:13 - [TEST_STEP][PASSED] - m = m.substring(0, m.indexOf(y.toString())): null

28-03-2025T12:09:13 - [TEST_STEP][PASSED] - m = m.trim(): null

28-03-2025T12:09:13 - [TEST_STEP][PASSED] - if (m == ""): null

28-03-2025T12:09:13 - [TEST_STEP][PASSED] - dashboardName = "Выполнение бизнес-плана": null

28-03-2025T12:09:13 - [TEST_STEP][PASSED] - workbook01 = getWorkbook(excelFilePath): null

28-03-2025T12:09:13 - [TEST_STEP][PASSED] - sheet01 = getExcelSheet(workbook01, sheetName): null

28-03-2025T12:09:13 - [TEST_STEP][PASSED] - setValueToCellByIndex(sheet01, n, 0, dashboardName): null

28-03-2025T12:09:13 - [TEST_STEP][PASSED] - setValueToCellByIndex(sheet01, n, 1, dZO): null

28-03-2025T12:09:13 - [TEST_STEP][PASSED] - setValueToCellByIndex(sheet01, n, 2, typeOfData): null

28-03-2025T12:09:13 - [TEST_STEP][PASSED] - if (typeOfData == "Факт в процентах" || typeOfData == "План в процентах"): null

28-03-2025T12:09:13 - [TEST_STEP][PASSED] - else: null

28-03-2025T12:09:13 - [TEST_STEP][PASSED] - setValueToCellByIndex(sheet01, n, 3, fileInt): null

28-03-2025T12:09:13 - [TEST_STEP][PASSED] - setValueToCellByIndex(sheet01, n, 4, pageInt): null

28-03-2025T12:09:13 - [TEST_STEP][PASSED] - setValueToCellByIndex(sheet01, n, 5, m): null

28-03-2025T12:09:13 - [TEST_STEP][PASSED] - setValueToCellByIndex(sheet01, n, 6, y): null

28-03-2025T12:09:13 - [TEST_STEP][PASSED] - setValueToCellByIndex(sheet01, n, 7, todaysDate): null

28-03-2025T12:09:13 - [TEST_STEP][PASSED] - n = n + 1: null

28-03-2025T12:09:13 - [TEST_STEP][PASSED] - saveWorkbook(excelFilePath, workbook01): null

28-03-2025T12:09:13 - [TEST_STEP][PASSED] - compare = pagePoteri: null

28-03-2025T12:09:13 - [TEST_STEP][PASSED] - if (pageOtpuskVSet != null): null

28-03-2025T12:09:13 - [TEST_STEP][PASSED] - if (compare == filePoteri): null

28-03-2025T12:09:13 - [TEST_STEP][PASSED] - else if (compare > filePoteri): null

28-03-2025T12:09:13 - [TEST_STEP][PASSED] - else if (compare < filePoteri): null

28-03-2025T12:09:13 - [TEST_STEP][PASSED] - compare = compare + 1: null

28-03-2025T12:09:13 - [TEST_STEP][PASSED] - if (compare == filePoteri): null

28-03-2025T12:09:13 - [TEST_STEP][PASSED] - else: null

28-03-2025T12:09:13 - [TEST_STEP][PASSED] - numberOfErrors = numberOfErrors + 1: null

28-03-2025T12:09:13 - [TEST_STEP][PASSED] - pageInt = pagePoteri: null

28-03-2025T12:09:13 - [TEST_STEP][PASSED] - fileInt = filePoteri: null

28-03-2025T12:09:13 - [TEST_STEP][PASSED] - typeOfData = typeOfDataMain + " Потери": null

28-03-2025T12:09:13 - [TEST_STEP][PASSED] - Script1718980020443.WriteToExcel(a, typeOfData, todaysDate, pageInt, fileInt, pageDouble, fileDouble, dZO): null

28-03-2025T12:09:13 - [TEST_STEP][PASSED] - sheetName = "Sheet1": null

28-03-2025T12:09:13 - [TEST_STEP][PASSED] - data = findTestData("PlanFact"): null

28-03-2025T12:09:13 - [TEST_STEP][PASSED] - n = data.getRowNumbers() + 1: null

28-03-2025T12:09:13 - [TEST_STEP][PASSED] - day = ")).toInteger(): null

28-03-2025T12:09:13 - [TEST_STEP][PASSED] - println(day): null

28-03-2025T12:09:13 - [TEST_STEP][PASSED] - month = ")).toInteger(): null

28-03-2025T12:09:13 - [TEST_STEP][PASSED] - println(month): null

28-03-2025T12:09:13 - [TEST_STEP][PASSED] - y = <not implemented yet for class: org.codehaus.groovy.ast.expr.EmptyExpression>: null

28-03-2025T12:09:13 - [TEST_STEP][PASSED] - iy = <not implemented yet for class: org.codehaus.groovy.ast.expr.EmptyExpression>: null

28-03-2025T12:09:13 - [TEST_STEP][PASSED] - m = getText(findTestObject("Выполнение бизнес-плана/Период")): Text of object 'Object Repository/Выполнение бизнес-плана/Период' is: 'Январь 2025 года'

28-03-2025T12:09:14 - [MESSAGE][PASSED] - Text of object 'Object Repository/Выполнение бизнес-плана/Период' is: 'Январь 2025 года'

28-03-2025T12:09:14 - [TEST_STEP][PASSED] - iy = m.indexOf("20"): null

28-03-2025T12:09:14 - [TEST_STEP][PASSED] - if (iy > -1): null

28-03-2025T12:09:14 - [TEST_STEP][PASSED] - y = substring(iy, iy + 4).toInteger(): null

28-03-2025T12:09:14 - [TEST_STEP][PASSED] - println(y): null

28-03-2025T12:09:14 - [TEST_STEP][PASSED] - if (toString().length() == 4): null

28-03-2025T12:09:14 - [TEST_STEP][PASSED] - m = m.substring(0, m.indexOf(y.toString())): null

28-03-2025T12:09:14 - [TEST_STEP][PASSED] - m = m.trim(): null

28-03-2025T12:09:14 - [TEST_STEP][PASSED] - if (m == ""): null

28-03-2025T12:09:14 - [TEST_STEP][PASSED] - dashboardName = "Выполнение бизнес-плана": null

28-03-2025T12:09:14 - [TEST_STEP][PASSED] - workbook01 = getWorkbook(excelFilePath): null

28-03-2025T12:09:14 - [TEST_STEP][PASSED] - sheet01 = getExcelSheet(workbook01, sheetName): null

28-03-2025T12:09:14 - [TEST_STEP][PASSED] - setValueToCellByIndex(sheet01, n, 0, dashboardName): null

28-03-2025T12:09:14 - [TEST_STEP][PASSED] - setValueToCellByIndex(sheet01, n, 1, dZO): null

28-03-2025T12:09:14 - [TEST_STEP][PASSED] - setValueToCellByIndex(sheet01, n, 2, typeOfData): null

28-03-2025T12:09:14 - [TEST_STEP][PASSED] - if (typeOfData == "Факт в процентах" || typeOfData == "План в процентах"): null

28-03-2025T12:09:14 - [TEST_STEP][PASSED] - else: null

28-03-2025T12:09:14 - [TEST_STEP][PASSED] - setValueToCellByIndex(sheet01, n, 3, fileInt): null

28-03-2025T12:09:14 - [TEST_STEP][PASSED] - setValueToCellByIndex(sheet01, n, 4, pageInt): null

28-03-2025T12:09:14 - [TEST_STEP][PASSED] - setValueToCellByIndex(sheet01, n, 5, m): null

28-03-2025T12:09:14 - [TEST_STEP][PASSED] - setValueToCellByIndex(sheet01, n, 6, y): null

28-03-2025T12:09:14 - [TEST_STEP][PASSED] - setValueToCellByIndex(sheet01, n, 7, todaysDate): null

28-03-2025T12:09:14 - [TEST_STEP][PASSED] - n = n + 1: null

28-03-2025T12:09:14 - [TEST_STEP][PASSED] - saveWorkbook(excelFilePath, workbook01): null

28-03-2025T12:09:14 - [TEST_STEP][PASSED] - if (planFact == 2): null

28-03-2025T12:09:14 - [TEST_STEP][PASSED] - if (planFact == 1): null

28-03-2025T12:09:14 - [TEST_STEP][PASSED] - else if (planFact == 2): null

28-03-2025T12:09:14 - [TEST_STEP][PASSED] - click(findTestObject("Выполнение бизнес-плана/Кнопка План")): Object: 'Object Repository/Выполнение бизнес-плана/Кнопка План' is clicked on

28-03-2025T12:09:14 - [MESSAGE][PASSED] - Object: 'Object Repository/Выполнение бизнес-плана/Кнопка План' is clicked on

28-03-2025T12:09:14 - [TEST_STEP][PASSED] - typeOfDataMain = "План": null

28-03-2025T12:09:14 - [TEST_STEP][PASSED] - otpusk = findTestData("PlanFact").getValue(2, a): null

28-03-2025T12:09:14 - [TEST_STEP][PASSED] - poteri = findTestData("PlanFact").getValue(3, a): null

28-03-2025T12:09:15 - [TEST_STEP][PASSED] - otpusk = otpusk.replaceAll("\s+", ""): null

28-03-2025T12:09:15 - [TEST_STEP][PASSED] - poteri = poteri.replaceAll("\s+", ""): null

28-03-2025T12:09:15 - [TEST_STEP][PASSED] - typeOfData = typeOfDataMain + " Отпуск в сеть": null

28-03-2025T12:09:15 - [TEST_STEP][PASSED] - if (a == 82): null

28-03-2025T12:09:15 - [TEST_STEP][PASSED] - else if (a == 84): null

28-03-2025T12:09:15 - [TEST_STEP][PASSED] - else if (a == 83 || a == 52 || a == 72 || a == 28 || a == 73 || a == 77 || a == 74 || a == 65 || a == 36 || a == 44 || a == 53 || a == 80 || a == 54 || a == 1 || a == 18 || a == 59 || a == 81): null

28-03-2025T12:09:15 - [TEST_STEP][PASSED] - else: null

28-03-2025T12:09:15 - [TEST_STEP][PASSED] - path = dataFolder + typeOfData + " за отчётный период " + b: null

28-03-2025T12:09:15 - [TEST_STEP][PASSED] - println(path): null

28-03-2025T12:09:15 - [TEST_STEP][PASSED] - page = getText(findTestObject(path)): Text of object 'Object Repository/Выполнение бизнес-плана/Значения со страницы Выполнение бизнес-плана/План Отпуск в сеть за отчётный период Саратовские РС' is: '447 582'

28-03-2025T12:09:15 - [MESSAGE][PASSED] - Text of object 'Object Repository/Выполнение бизнес-плана/Значения со страницы Выполнение бизнес-плана/План Отпуск в сеть за отчётный период Саратовские РС' is: '447 582'

28-03-2025T12:09:15 - [TEST_STEP][PASSED] - if (page == "" || page == null): null

28-03-2025T12:09:15 - [TEST_STEP][PASSED] - else: null

28-03-2025T12:09:15 - [TEST_STEP][PASSED] - page = page.replaceAll("\s+", ""): null

28-03-2025T12:09:15 - [TEST_STEP][PASSED] - if (page == "undefined"): null

28-03-2025T12:09:15 - [TEST_STEP][PASSED] - fileOtpuskVSet = otpusk.toInteger(): null

28-03-2025T12:09:15 - [TEST_STEP][PASSED] - pageOtpuskVSet = page.toInteger(): null

28-03-2025T12:09:15 - [TEST_STEP][PASSED] - typeOfData = typeOfDataMain + " Потери": null

28-03-2025T12:09:15 - [TEST_STEP][PASSED] - if (a == 82): null

28-03-2025T12:09:15 - [TEST_STEP][PASSED] - else if (a == 84): null

28-03-2025T12:09:15 - [TEST_STEP][PASSED] - else if (a == 83 || a == 52 || a == 72 || a == 28 || a == 73 || a == 77 || a == 74 || a == 65 || a == 44 || a == 53 || a == 80 || a == 54 || a == 1 || a == 18 || a == 59 || a == 81): null

28-03-2025T12:09:15 - [TEST_STEP][PASSED] - else: null

28-03-2025T12:09:15 - [TEST_STEP][PASSED] - path = dataFolder + typeOfData + " за отчётный период " + b: null

28-03-2025T12:09:15 - [TEST_STEP][PASSED] - page = getText(findTestObject(path)): Text of object 'Object Repository/Выполнение бизнес-плана/Значения со страницы Выполнение бизнес-плана/План Потери за отчётный период Саратовские РС' is: '39 185'

28-03-2025T12:09:15 - [MESSAGE][PASSED] - Text of object 'Object Repository/Выполнение бизнес-плана/Значения со страницы Выполнение бизнес-плана/План Потери за отчётный период Саратовские РС' is: '39 185'

28-03-2025T12:09:15 - [TEST_STEP][PASSED] - if (page == "" || page == null): null

28-03-2025T12:09:15 - [TEST_STEP][PASSED] - else: null

28-03-2025T12:09:15 - [TEST_STEP][PASSED] - page = page.replaceAll("\s+", ""): null

28-03-2025T12:09:15 - [TEST_STEP][PASSED] - if (page == "undefined"): null

28-03-2025T12:09:15 - [TEST_STEP][PASSED] - filePoteri = poteri.toInteger(): null

28-03-2025T12:09:15 - [TEST_STEP][PASSED] - pagePoteri = page.toInteger(): null

28-03-2025T12:09:15 - [TEST_STEP][PASSED] - compare = pageOtpuskVSet: null

28-03-2025T12:09:15 - [TEST_STEP][PASSED] - if (pageOtpuskVSet != null): null

28-03-2025T12:09:15 - [TEST_STEP][PASSED] - if (compare == fileOtpuskVSet): null

28-03-2025T12:09:15 - [TEST_STEP][PASSED] - else if (compare > fileOtpuskVSet): null

28-03-2025T12:09:15 - [TEST_STEP][PASSED] - else if (compare < fileOtpuskVSet): null

28-03-2025T12:09:15 - [TEST_STEP][PASSED] - compare = compare + 1: null

28-03-2025T12:09:15 - [TEST_STEP][PASSED] - if (compare == fileOtpuskVSet): null

28-03-2025T12:09:15 - [TEST_STEP][PASSED] - else: null

28-03-2025T12:09:15 - [TEST_STEP][PASSED] - numberOfErrors = numberOfErrors + 1: null

28-03-2025T12:09:15 - [TEST_STEP][PASSED] - pageInt = pageOtpuskVSet: null

28-03-2025T12:09:15 - [TEST_STEP][PASSED] - fileInt = fileOtpuskVSet: null

28-03-2025T12:09:15 - [TEST_STEP][PASSED] - typeOfData = typeOfDataMain + " Отпуск в сеть": null

28-03-2025T12:09:15 - [TEST_STEP][PASSED] - Script1718980020443.WriteToExcel(a, typeOfData, todaysDate, pageInt, fileInt, pageDouble, fileDouble, dZO): null

28-03-2025T12:09:15 - [TEST_STEP][PASSED] - sheetName = "Sheet1": null

28-03-2025T12:09:15 - [TEST_STEP][PASSED] - data = findTestData("PlanFact"): null

28-03-2025T12:09:15 - [TEST_STEP][PASSED] - n = data.getRowNumbers() + 1: null

28-03-2025T12:09:15 - [TEST_STEP][PASSED] - day = ")).toInteger(): null

28-03-2025T12:09:15 - [TEST_STEP][PASSED] - println(day): null

28-03-2025T12:09:15 - [TEST_STEP][PASSED] - month = ")).toInteger(): null

28-03-2025T12:09:15 - [TEST_STEP][PASSED] - println(month): null

28-03-2025T12:09:15 - [TEST_STEP][PASSED] - y = <not implemented yet for class: org.codehaus.groovy.ast.expr.EmptyExpression>: null

28-03-2025T12:09:15 - [TEST_STEP][PASSED] - iy = <not implemented yet for class: org.codehaus.groovy.ast.expr.EmptyExpression>: null

28-03-2025T12:09:15 - [TEST_STEP][PASSED] - m = getText(findTestObject("Выполнение бизнес-плана/Период")): Text of object 'Object Repository/Выполнение бизнес-плана/Период' is: 'Январь 2025 года'

28-03-2025T12:09:15 - [MESSAGE][PASSED] - Text of object 'Object Repository/Выполнение бизнес-плана/Период' is: 'Январь 2025 года'

28-03-2025T12:09:15 - [TEST_STEP][PASSED] - iy = m.indexOf("20"): null

28-03-2025T12:09:15 - [TEST_STEP][PASSED] - if (iy > -1): null

28-03-2025T12:09:15 - [TEST_STEP][PASSED] - y = substring(iy, iy + 4).toInteger(): null

28-03-2025T12:09:15 - [TEST_STEP][PASSED] - println(y): null

28-03-2025T12:09:15 - [TEST_STEP][PASSED] - if (toString().length() == 4): null

28-03-2025T12:09:15 - [TEST_STEP][PASSED] - m = m.substring(0, m.indexOf(y.toString())): null

28-03-2025T12:09:15 - [TEST_STEP][PASSED] - m = m.trim(): null

28-03-2025T12:09:15 - [TEST_STEP][PASSED] - if (m == ""): null

28-03-2025T12:09:15 - [TEST_STEP][PASSED] - dashboardName = "Выполнение бизнес-плана": null

28-03-2025T12:09:15 - [TEST_STEP][PASSED] - workbook01 = getWorkbook(excelFilePath): null

28-03-2025T12:09:16 - [TEST_STEP][PASSED] - sheet01 = getExcelSheet(workbook01, sheetName): null

28-03-2025T12:09:16 - [TEST_STEP][PASSED] - setValueToCellByIndex(sheet01, n, 0, dashboardName): null

28-03-2025T12:09:16 - [TEST_STEP][PASSED] - setValueToCellByIndex(sheet01, n, 1, dZO): null

28-03-2025T12:09:16 - [TEST_STEP][PASSED] - setValueToCellByIndex(sheet01, n, 2, typeOfData): null

28-03-2025T12:09:16 - [TEST_STEP][PASSED] - if (typeOfData == "Факт в процентах" || typeOfData == "План в процентах"): null

28-03-2025T12:09:16 - [TEST_STEP][PASSED] - else: null

28-03-2025T12:09:16 - [TEST_STEP][PASSED] - setValueToCellByIndex(sheet01, n, 3, fileInt): null

28-03-2025T12:09:16 - [TEST_STEP][PASSED] - setValueToCellByIndex(sheet01, n, 4, pageInt): null

28-03-2025T12:09:16 - [TEST_STEP][PASSED] - setValueToCellByIndex(sheet01, n, 5, m): null

28-03-2025T12:09:16 - [TEST_STEP][PASSED] - setValueToCellByIndex(sheet01, n, 6, y): null

28-03-2025T12:09:16 - [TEST_STEP][PASSED] - setValueToCellByIndex(sheet01, n, 7, todaysDate): null

28-03-2025T12:09:16 - [TEST_STEP][PASSED] - n = n + 1: null

28-03-2025T12:09:16 - [TEST_STEP][PASSED] - saveWorkbook(excelFilePath, workbook01): null

28-03-2025T12:09:16 - [TEST_STEP][PASSED] - compare = pagePoteri: null

28-03-2025T12:09:16 - [TEST_STEP][PASSED] - if (pageOtpuskVSet != null): null

28-03-2025T12:09:16 - [TEST_STEP][PASSED] - if (compare == filePoteri): null

28-03-2025T12:09:16 - [TEST_STEP][PASSED] - else if (compare > filePoteri): null

28-03-2025T12:09:16 - [TEST_STEP][PASSED] - else if (compare < filePoteri): null

28-03-2025T12:09:16 - [TEST_STEP][PASSED] - compare = compare + 1: null

28-03-2025T12:09:16 - [TEST_STEP][PASSED] - if (compare == filePoteri): null

28-03-2025T12:09:16 - [TEST_STEP][PASSED] - else: null

28-03-2025T12:09:16 - [TEST_STEP][PASSED] - numberOfErrors = numberOfErrors + 1: null

28-03-2025T12:09:16 - [TEST_STEP][PASSED] - pageInt = pagePoteri: null

28-03-2025T12:09:16 - [TEST_STEP][PASSED] - fileInt = filePoteri: null

28-03-2025T12:09:16 - [TEST_STEP][PASSED] - typeOfData = typeOfDataMain + " Потери": null

28-03-2025T12:09:16 - [TEST_STEP][PASSED] - Script1718980020443.WriteToExcel(a, typeOfData, todaysDate, pageInt, fileInt, pageDouble, fileDouble, dZO): null

28-03-2025T12:09:16 - [TEST_STEP][PASSED] - sheetName = "Sheet1": null

28-03-2025T12:09:16 - [TEST_STEP][PASSED] - data = findTestData("PlanFact"): null

28-03-2025T12:09:16 - [TEST_STEP][PASSED] - n = data.getRowNumbers() + 1: null

28-03-2025T12:09:16 - [TEST_STEP][PASSED] - day = ")).toInteger(): null

28-03-2025T12:09:16 - [TEST_STEP][PASSED] - println(day): null

28-03-2025T12:09:16 - [TEST_STEP][PASSED] - month = ")).toInteger(): null

28-03-2025T12:09:16 - [TEST_STEP][PASSED] - println(month): null

28-03-2025T12:09:16 - [TEST_STEP][PASSED] - y = <not implemented yet for class: org.codehaus.groovy.ast.expr.EmptyExpression>: null

28-03-2025T12:09:16 - [TEST_STEP][PASSED] - iy = <not implemented yet for class: org.codehaus.groovy.ast.expr.EmptyExpression>: null

28-03-2025T12:09:16 - [TEST_STEP][PASSED] - m = getText(findTestObject("Выполнение бизнес-плана/Период")): Text of object 'Object Repository/Выполнение бизнес-плана/Период' is: 'Январь 2025 года'

28-03-2025T12:09:16 - [MESSAGE][PASSED] - Text of object 'Object Repository/Выполнение бизнес-плана/Период' is: 'Январь 2025 года'

28-03-2025T12:09:16 - [TEST_STEP][PASSED] - iy = m.indexOf("20"): null

28-03-2025T12:09:16 - [TEST_STEP][PASSED] - if (iy > -1): null

28-03-2025T12:09:16 - [TEST_STEP][PASSED] - y = substring(iy, iy + 4).toInteger(): null

28-03-2025T12:09:16 - [TEST_STEP][PASSED] - println(y): null

28-03-2025T12:09:16 - [TEST_STEP][PASSED] - if (toString().length() == 4): null

28-03-2025T12:09:16 - [TEST_STEP][PASSED] - m = m.substring(0, m.indexOf(y.toString())): null

28-03-2025T12:09:16 - [TEST_STEP][PASSED] - m = m.trim(): null

28-03-2025T12:09:16 - [TEST_STEP][PASSED] - if (m == ""): null

28-03-2025T12:09:16 - [TEST_STEP][PASSED] - dashboardName = "Выполнение бизнес-плана": null

28-03-2025T12:09:16 - [TEST_STEP][PASSED] - workbook01 = getWorkbook(excelFilePath): null

28-03-2025T12:09:16 - [TEST_STEP][PASSED] - sheet01 = getExcelSheet(workbook01, sheetName): null

28-03-2025T12:09:16 - [TEST_STEP][PASSED] - setValueToCellByIndex(sheet01, n, 0, dashboardName): null

28-03-2025T12:09:16 - [TEST_STEP][PASSED] - setValueToCellByIndex(sheet01, n, 1, dZO): null

28-03-2025T12:09:16 - [TEST_STEP][PASSED] - setValueToCellByIndex(sheet01, n, 2, typeOfData): null

28-03-2025T12:09:16 - [TEST_STEP][PASSED] - if (typeOfData == "Факт в процентах" || typeOfData == "План в процентах"): null

28-03-2025T12:09:16 - [TEST_STEP][PASSED] - else: null

28-03-2025T12:09:16 - [TEST_STEP][PASSED] - setValueToCellByIndex(sheet01, n, 3, fileInt): null

28-03-2025T12:09:16 - [TEST_STEP][PASSED] - setValueToCellByIndex(sheet01, n, 4, pageInt): null

28-03-2025T12:09:16 - [TEST_STEP][PASSED] - setValueToCellByIndex(sheet01, n, 5, m): null

28-03-2025T12:09:16 - [TEST_STEP][PASSED] - setValueToCellByIndex(sheet01, n, 6, y): null

28-03-2025T12:09:16 - [TEST_STEP][PASSED] - setValueToCellByIndex(sheet01, n, 7, todaysDate): null

28-03-2025T12:09:16 - [TEST_STEP][PASSED] - n = n + 1: null

28-03-2025T12:09:16 - [TEST_STEP][PASSED] - saveWorkbook(excelFilePath, workbook01): Object: 'Object Repository/Выполнение бизнес-плана/Кнопка Факт' is clicked on

28-03-2025T12:09:17 - [TEST_STEP][PASSED] - if (planFact == 2): Object: 'Object Repository/Выполнение бизнес-плана/Кнопка Факт' is clicked on

28-03-2025T12:09:17 - [TEST_STEP][PASSED] - click(findTestObject("Выполнение бизнес-плана/Кнопка Факт")): Object: 'Object Repository/Выполнение бизнес-плана/Кнопка Факт' is clicked on

28-03-2025T12:09:17 - [MESSAGE][PASSED] - Object: 'Object Repository/Выполнение бизнес-плана/Кнопка Факт' is clicked on

28-03-2025T12:09:17 - [TEST_STEP][PASSED] - println("a=" + a): null

28-03-2025T12:09:17 - [TEST_STEP][PASSED] - if (a == 84 || a == 82): null

28-03-2025T12:09:17 - [TEST_STEP][PASSED] - else if (a == 83 || a == 52 || a == 72 || a == 28 || a == 73 || a == 77 || a == 74 || a == 65 || a == 36 || a == 44 || a == 53 || a == 80 || a == 54 || a == 1 || a == 18 || a == 59 || a == 81): null

28-03-2025T12:09:17 - [TEST_STEP][PASSED] - else: null

28-03-2025T12:09:17 - [TEST_STEP][PASSED] - page1 = getText(findTestObject("Object Repository/Выполнение бизнес-плана/spanPlan" + filialNum)): Text of object 'Object Repository/Выполнение бизнес-плана/spanPlan3' is: '6.93
|'

28-03-2025T12:09:17 - [MESSAGE][PASSED] - Text of object 'Object Repository/Выполнение бизнес-плана/spanPlan3' is: '6.93
|'

28-03-2025T12:09:17 - [TEST_STEP][PASSED] - page1 = page1.replace("|", ""): null

28-03-2025T12:09:17 - [TEST_STEP][PASSED] - page2 = getText(findTestObject("Object Repository/Выполнение бизнес-плана/spanFact" + filialNum)): Text of object 'Object Repository/Выполнение бизнес-плана/spanFact3' is: '5.82
|'

28-03-2025T12:09:17 - [MESSAGE][PASSED] - Text of object 'Object Repository/Выполнение бизнес-плана/spanFact3' is: '5.82
|'

28-03-2025T12:09:17 - [TEST_STEP][PASSED] - page2 = page2.replace("|", ""): null

28-03-2025T12:09:17 - [TEST_STEP][PASSED] - println("page1: " + page1): null

28-03-2025T12:09:17 - [TEST_STEP][PASSED] - println("page2: " + page2): null

28-03-2025T12:09:17 - [TEST_STEP][PASSED] - file = findTestData("PlanFact").getValue(4, a): null

28-03-2025T12:09:18 - [TEST_STEP][PASSED] - file = file.replace(",", "."): null

28-03-2025T12:09:18 - [TEST_STEP][PASSED] - println("file Plan: " + file): null

28-03-2025T12:09:18 - [TEST_STEP][PASSED] - typeOfData = "План в процентах": null

28-03-2025T12:09:18 - [TEST_STEP][PASSED] - fileDouble = file.toDouble(): null

28-03-2025T12:09:18 - [TEST_STEP][PASSED] - pageDouble = page1.toDouble(): null

28-03-2025T12:09:18 - [TEST_STEP][PASSED] - if (fileDouble != pageDouble): null

28-03-2025T12:09:18 - [TEST_STEP][PASSED] - file = findTestData("PlanFact").getValue(7, a): null

28-03-2025T12:09:18 - [TEST_STEP][PASSED] - file = file.replace(",", "."): null

28-03-2025T12:09:18 - [TEST_STEP][PASSED] - println("file Fact: " + file): null

28-03-2025T12:09:18 - [TEST_STEP][PASSED] - fileDouble = file.toDouble(): null

28-03-2025T12:09:18 - [TEST_STEP][PASSED] - typeOfData = "Факт в процентах": null

28-03-2025T12:09:18 - [TEST_STEP][PASSED] - fileDouble = file.toDouble(): null

28-03-2025T12:09:18 - [TEST_STEP][PASSED] - pageDouble = page2.toDouble(): null

28-03-2025T12:09:18 - [TEST_STEP][PASSED] - if (fileDouble != pageDouble): null

28-03-2025T12:09:18 - [TEST_STEP][FAILED] - if (verifyEqual(numberOfErrors, 0) == false): null

28-03-2025T12:09:18 - [MESSAGE][FAILED] - Unable to verify equal between actual object '4' and expected object '0' (Root cause: com.kms.katalon.core.exception.StepFailedException: Actual object '4' and expected object '0' are not equal
	at com.kms.katalon.core.keyword.builtin.VerifyEqualKeyword$_verifyEqual_closure1.doCall(VerifyEqualKeyword.groovy:58)
	at com.kms.katalon.core.keyword.builtin.VerifyEqualKeyword$_verifyEqual_closure1.call(VerifyEqualKeyword.groovy)
	at com.kms.katalon.core.keyword.internal.KeywordMain.runKeyword(KeywordMain.groovy:75)
	at com.kms.katalon.core.keyword.builtin.VerifyEqualKeyword.verifyEqual(VerifyEqualKeyword.groovy:63)
	at com.kms.katalon.core.keyword.builtin.VerifyEqualKeyword.execute(VerifyEqualKeyword.groovy:44)
	at com.kms.katalon.core.keyword.internal.KeywordExecutor.executeKeywordForPlatform(KeywordExecutor.groovy:74)
	at com.kms.katalon.core.keyword.BuiltinKeywords.verifyEqual(BuiltinKeywords.groovy:146)
	at jdk.internal.reflect.GeneratedMethodAccessor23.invoke(Unknown Source)
	at java.base/jdk.internal.reflect.DelegatingMethodAccessorImpl.invoke(DelegatingMethodAccessorImpl.java:43)
	at Выполнение бизнес-плана Сверка ПАО Россети все филиалы.Numbers(Выполнение бизнес-плана Сверка ПАО Россети все филиалы:744)
	at Выполнение бизнес-плана Сверка ПАО Россети все филиалы.Filials(Выполнение бизнес-плана Сверка ПАО Россети все филиалы:979)
	at Выполнение бизнес-плана Сверка ПАО Россети все филиалы.Numbers(Выполнение бизнес-плана Сверка ПАО Россети все филиалы:751)
	at Выполнение бизнес-плана Сверка ПАО Россети все филиалы.run(Выполнение бизнес-плана Сверка ПАО Россети все филиалы:231)
	at com.kms.katalon.core.main.ScriptEngine.run(ScriptEngine.java:194)
	at com.kms.katalon.core.main.ScriptEngine.runScriptAsRawText(ScriptEngine.java:119)
	at com.kms.katalon.core.main.TestCaseExecutor.runScript(TestCaseExecutor.java:448)
	at com.kms.katalon.core.main.TestCaseExecutor.doExecute(TestCaseExecutor.java:439)
	at com.kms.katalon.core.main.TestCaseExecutor.processExecutionPhase(TestCaseExecutor.java:418)
	at com.kms.katalon.core.main.TestCaseExecutor.accessMainPhase(TestCaseExecutor.java:410)
	at com.kms.katalon.core.main.TestCaseExecutor.execute(TestCaseExecutor.java:285)
	at com.kms.katalon.core.common.CommonExecutor.accessTestCaseMainPhase(CommonExecutor.java:65)
	at com.kms.katalon.core.main.TestSuiteExecutor.accessTestSuiteMainPhase(TestSuiteExecutor.java:150)
	at com.kms.katalon.core.main.TestSuiteExecutor.execute(TestSuiteExecutor.java:106)
	at com.kms.katalon.core.main.TestCaseMain.startTestSuite(TestCaseMain.java:180)
	at TempTestSuite1743137207280.run(TempTestSuite1743137207280.groovy:35)
	at java.base/jdk.internal.reflect.NativeMethodAccessorImpl.invoke0(Native Method)
	at java.base/jdk.internal.reflect.NativeMethodAccessorImpl.invoke(NativeMethodAccessorImpl.java:77)
	at java.base/jdk.internal.reflect.DelegatingMethodAccessorImpl.invoke(DelegatingMethodAccessorImpl.java:43)
)

28-03-2025T12:09:18 - [TEST_STEP][PASSED] - println(numberOfErrors): null

28-03-2025T12:09:18 - [TEST_STEP][PASSED] - println("a=" + a): null

28-03-2025T12:09:18 - [TEST_STEP][PASSED] - if (a == 28 || a == 77 || a == 74 || a == 65 || a == 36 || a == 44 || a == 54 || a == 1 || a == 18 || a == 59): null

28-03-2025T12:09:18 - [TEST_STEP][PASSED] - if (a == 82): null

28-03-2025T12:09:18 - [TEST_STEP][PASSED] - dZO = "Ульяновские РС": null

28-03-2025T12:09:18 - [TEST_STEP][PASSED] - a = 34: null

28-03-2025T12:09:18 - [TEST_STEP][PASSED] - dzoCut = dZO.substring(0, 10): null

28-03-2025T12:09:18 - [TEST_STEP][PASSED] - if (x2.contains(dzoCut)): null

28-03-2025T12:09:18 - [TEST_STEP][PASSED] - filialNum = filialNum + 1: null

28-03-2025T12:09:18 - [TEST_STEP][PASSED] - Script1718980020443.Numbers(a, typeOfData, todaysDate, pageInt, fileInt, pageDouble, fileDouble, dZO, dzoNum, filialNum): null

28-03-2025T12:09:18 - [TEST_STEP][PASSED] - println(dzoNum): null

28-03-2025T12:09:18 - [TEST_STEP][PASSED] - planFact = <not implemented yet for class: org.codehaus.groovy.ast.expr.EmptyExpression>: null

28-03-2025T12:09:18 - [TEST_STEP][PASSED] - page = <not implemented yet for class: org.codehaus.groovy.ast.expr.EmptyExpression>: null

28-03-2025T12:09:18 - [TEST_STEP][PASSED] - page1 = <not implemented yet for class: org.codehaus.groovy.ast.expr.EmptyExpression>: null

28-03-2025T12:09:18 - [TEST_STEP][PASSED] - page2 = <not implemented yet for class: org.codehaus.groovy.ast.expr.EmptyExpression>: null

28-03-2025T12:09:18 - [TEST_STEP][PASSED] - filialNumberInRow = <not implemented yet for class: org.codehaus.groovy.ast.expr.EmptyExpression>: null

28-03-2025T12:09:18 - [TEST_STEP][PASSED] - filialsDzoNames = <not implemented yet for class: org.codehaus.groovy.ast.expr.EmptyExpression>: null

28-03-2025T12:09:18 - [TEST_STEP][PASSED] - numberOfFilials = <not implemented yet for class: org.codehaus.groovy.ast.expr.EmptyExpression>: null

28-03-2025T12:09:18 - [TEST_STEP][PASSED] - numberOfSpaces = <not implemented yet for class: org.codehaus.groovy.ast.expr.EmptyExpression>: null

28-03-2025T12:09:18 - [TEST_STEP][PASSED] - file = <not implemented yet for class: org.codehaus.groovy.ast.expr.EmptyExpression>: null

28-03-2025T12:09:18 - [TEST_STEP][PASSED] - otpusk = <not implemented yet for class: org.codehaus.groovy.ast.expr.EmptyExpression>: null

28-03-2025T12:09:18 - [TEST_STEP][PASSED] - poteri = <not implemented yet for class: org.codehaus.groovy.ast.expr.EmptyExpression>: null

28-03-2025T12:09:18 - [TEST_STEP][PASSED] - dataFolder = "Выполнение бизнес-плана/Значения со страницы Выполнение бизнес-плана/": null

28-03-2025T12:09:18 - [TEST_STEP][PASSED] - path = <not implemented yet for class: org.codehaus.groovy.ast.expr.EmptyExpression>: null

28-03-2025T12:09:18 - [TEST_STEP][PASSED] - typeOfDataMain = <not implemented yet for class: org.codehaus.groovy.ast.expr.EmptyExpression>: null

28-03-2025T12:09:18 - [TEST_STEP][PASSED] - fileOtpuskVSet = <not implemented yet for class: org.codehaus.groovy.ast.expr.EmptyExpression>: null

28-03-2025T12:09:18 - [TEST_STEP][PASSED] - pageOtpuskVSet = <not implemented yet for class: org.codehaus.groovy.ast.expr.EmptyExpression>: null

28-03-2025T12:09:18 - [TEST_STEP][PASSED] - filePoteri = <not implemented yet for class: org.codehaus.groovy.ast.expr.EmptyExpression>: null

28-03-2025T12:09:18 - [TEST_STEP][PASSED] - pagePoteri = <not implemented yet for class: org.codehaus.groovy.ast.expr.EmptyExpression>: null

28-03-2025T12:09:18 - [TEST_STEP][PASSED] - compare = <not implemented yet for class: org.codehaus.groovy.ast.expr.EmptyExpression>: null

28-03-2025T12:09:18 - [TEST_STEP][PASSED] - b = <not implemented yet for class: org.codehaus.groovy.ast.expr.EmptyExpression>: null

28-03-2025T12:09:18 - [TEST_STEP][PASSED] - i = <not implemented yet for class: org.codehaus.groovy.ast.expr.EmptyExpression>: null

28-03-2025T12:09:18 - [TEST_STEP][PASSED] - ii = <not implemented yet for class: org.codehaus.groovy.ast.expr.EmptyExpression>: null

28-03-2025T12:09:18 - [TEST_STEP][PASSED] - c = <not implemented yet for class: org.codehaus.groovy.ast.expr.EmptyExpression>: null

28-03-2025T12:09:18 - [TEST_STEP][PASSED] - numberOfErrors = 0: null

28-03-2025T12:09:18 - [TEST_STEP][PASSED] - if (a == 82): null

28-03-2025T12:09:18 - [TEST_STEP][PASSED] - b = findTestData("PlanFact").getValue(1, a): null

28-03-2025T12:09:18 - [TEST_STEP][PASSED] - i = b.indexOf(" (ГК)"): null

28-03-2025T12:09:18 - [TEST_STEP][PASSED] - if (i > -1): null

28-03-2025T12:09:18 - [TEST_STEP][PASSED] - i = b.indexOf("О ""): null

28-03-2025T12:09:18 - [TEST_STEP][PASSED] - if (i > -1): null

28-03-2025T12:09:18 - [TEST_STEP][PASSED] - i = b.indexOf("О «"): null

28-03-2025T12:09:18 - [TEST_STEP][PASSED] - if (i > -1): null

28-03-2025T12:09:18 - [TEST_STEP][PASSED] - i = b.indexOf("г. "): null

28-03-2025T12:09:18 - [TEST_STEP][PASSED] - if (i > -1): null

28-03-2025T12:09:18 - [TEST_STEP][PASSED] - b = b.trim(): null

28-03-2025T12:09:18 - [TEST_STEP][PASSED] - println(b): null

28-03-2025T12:09:18 - [TEST_STEP][FAILED] - for ([planFact = 1, planFact < 3, (planFact++)]): null

28-03-2025T12:09:18 - [TEST_STEP][PASSED] - if (planFact == 1): null

28-03-2025T12:09:18 - [TEST_STEP][PASSED] - typeOfDataMain = "Факт": null

28-03-2025T12:09:18 - [TEST_STEP][PASSED] - otpusk = findTestData("PlanFact").getValue(5, a): null

28-03-2025T12:09:18 - [TEST_STEP][PASSED] - poteri = findTestData("PlanFact").getValue(6, a): null

28-03-2025T12:09:18 - [TEST_STEP][PASSED] - otpusk = otpusk.replaceAll("\s+", ""): null

28-03-2025T12:09:18 - [TEST_STEP][PASSED] - poteri = poteri.replaceAll("\s+", ""): null

28-03-2025T12:09:18 - [TEST_STEP][PASSED] - typeOfData = typeOfDataMain + " Отпуск в сеть": null

28-03-2025T12:09:18 - [TEST_STEP][PASSED] - if (a == 82): null

28-03-2025T12:09:18 - [TEST_STEP][PASSED] - else if (a == 84): null

28-03-2025T12:09:18 - [TEST_STEP][PASSED] - else if (a == 83 || a == 52 || a == 72 || a == 28 || a == 73 || a == 77 || a == 74 || a == 65 || a == 36 || a == 44 || a == 53 || a == 80 || a == 54 || a == 1 || a == 18 || a == 59 || a == 81): null

28-03-2025T12:09:18 - [TEST_STEP][PASSED] - else: null

28-03-2025T12:09:18 - [TEST_STEP][PASSED] - path = dataFolder + typeOfData + " за отчётный период " + b: null

28-03-2025T12:09:18 - [TEST_STEP][PASSED] - println(path): null

28-03-2025T12:09:18 - [TEST_STEP][FAILED] - page = getText(findTestObject(path)): Unable to get text of object 'Object Repository/Выполнение бизнес-плана/Значения со страницы Выполнение бизнес-плана/Факт Отпуск в сеть за отчётный период Ульяновские РС' (Root cause: com.kms.katalon.core.exception.StepFailedException: Unable to get text of object 'Object Repository/Выполнение бизнес-плана/Значения со страницы Выполнение бизнес-плана/Факт Отпуск в сеть за отчётный период Ульяновские РС'
	at com.kms.katalon.core.webui.keyword.internal.WebUIKeywordMain.stepFailed(WebUIKeywordMain.groovy:64)
	at com.kms.katalon.core.webui.keyword.internal.WebUIKeywordMain.runKeyword(WebUIKeywordMain.groovy:26)
	at com.kms.katalon.core.webui.keyword.builtin.GetTextKeyword.getText(GetTextKeyword.groovy:88)
	at com.kms.katalon.core.webui.keyword.builtin.GetTextKeyword.execute(GetTextKeyword.groovy:67)
	at com.kms.katalon.core.keyword.internal.KeywordExecutor.executeKeywordForPlatform(KeywordExecutor.groovy:74)
	at com.kms.katalon.core.webui.keyword.WebUiBuiltInKeywords.getText(WebUiBuiltInKeywords.groovy:957)
	at Выполнение бизнес-плана Сверка ПАО Россети все филиалы.Numbers(Выполнение бизнес-плана Сверка ПАО Россети все филиалы:561)
	at Выполнение бизнес-плана Сверка ПАО Россети все филиалы.Filials(Выполнение бизнес-плана Сверка ПАО Россети все филиалы:993)
	at Выполнение бизнес-плана Сверка ПАО Россети все филиалы.Numbers(Выполнение бизнес-плана Сверка ПАО Россети все филиалы:751)
	at Выполнение бизнес-плана Сверка ПАО Россети все филиалы.run(Выполнение бизнес-плана Сверка ПАО Россети все филиалы:231)
	at com.kms.katalon.core.main.ScriptEngine.run(ScriptEngine.java:194)
	at com.kms.katalon.core.main.ScriptEngine.runScriptAsRawText(ScriptEngine.java:119)
	at com.kms.katalon.core.main.TestCaseExecutor.runScript(TestCaseExecutor.java:448)
	at com.kms.katalon.core.main.TestCaseExecutor.doExecute(TestCaseExecutor.java:439)
	at com.kms.katalon.core.main.TestCaseExecutor.processExecutionPhase(TestCaseExecutor.java:418)
	at com.kms.katalon.core.main.TestCaseExecutor.accessMainPhase(TestCaseExecutor.java:410)
	at com.kms.katalon.core.main.TestCaseExecutor.execute(TestCaseExecutor.java:285)
	at com.kms.katalon.core.common.CommonExecutor.accessTestCaseMainPhase(CommonExecutor.java:65)
	at com.kms.katalon.core.main.TestSuiteExecutor.accessTestSuiteMainPhase(TestSuiteExecutor.java:150)
	at com.kms.katalon.core.main.TestSuiteExecutor.execute(TestSuiteExecutor.java:106)
	at com.kms.katalon.core.main.TestCaseMain.startTestSuite(TestCaseMain.java:180)
	at TempTestSuite1743137207280.run(TempTestSuite1743137207280.groovy:35)
	at java.base/jdk.internal.reflect.NativeMethodAccessorImpl.invoke0(Native Method)
	at java.base/jdk.internal.reflect.NativeMethodAccessorImpl.invoke(NativeMethodAccessorImpl.java:77)
	at java.base/jdk.internal.reflect.DelegatingMethodAccessorImpl.invoke(DelegatingMethodAccessorImpl.java:43)
Caused by: com.kms.katalon.core.webui.exception.WebElementNotFoundException: Web element with id: 'Object Repository/Выполнение бизнес-плана/Значения со страницы Выполнение бизнес-плана/Факт Отпуск в сеть за отчётный период Ульяновские РС' located by '//tr/td[6]' not found
	at com.kms.katalon.core.webui.common.WebUiCommonHelper.findWebElement(WebUiCommonHelper.java:1426)
	at com.kms.katalon.core.webui.keyword.internal.WebUIAbstractKeyword.findWebElement(WebUIAbstractKeyword.groovy:27)
	at com.kms.katalon.core.webui.keyword.internal.WebUIAbstractKeyword.findWebElement(WebUIAbstractKeyword.groovy:26)
	at com.kms.katalon.core.webui.keyword.builtin.GetTextKeyword$_getText_closure1.doCall(GetTextKeyword.groovy:78)
	at com.kms.katalon.core.webui.keyword.builtin.GetTextKeyword$_getText_closure1.call(GetTextKeyword.groovy)
	at com.kms.katalon.core.webui.keyword.internal.WebUIKeywordMain.runKeyword(WebUIKeywordMain.groovy:20)
	at com.kms.katalon.core.webui.keyword.builtin.GetTextKeyword.getText(GetTextKeyword.groovy:88)
	at com.kms.katalon.core.webui.keyword.builtin.GetTextKeyword.execute(GetTextKeyword.groovy:67)
	at com.kms.katalon.core.keyword.internal.KeywordExecutor.executeKeywordForPlatform(KeywordExecutor.groovy:74)
	at com.kms.katalon.core.webui.keyword.WebUiBuiltInKeywords.getText(WebUiBuiltInKeywords.groovy:957)
	at Script1718980020443.Numbers(Script1718980020443.groovy:561)
	at Script1718980020443.Filials(Script1718980020443.groovy:993)
	at Script1718980020443.Numbers(Script1718980020443.groovy:751)
	at Script1718980020443.run(Script1718980020443.groovy:231)
	... 15 more
)

28-03-2025T12:09:49 - [MESSAGE][INFO] - Unable to find the element located by 'By.xpath: //tr/td[6]'. Please recheck the objects properties to make sure the desired element is located. 

28-03-2025T12:09:49 - [MESSAGE][FAILED] - Unable to get text of object 'Object Repository/Выполнение бизнес-плана/Значения со страницы Выполнение бизнес-плана/Факт Отпуск в сеть за отчётный период Ульяновские РС' (Root cause: com.kms.katalon.core.exception.StepFailedException: Unable to get text of object 'Object Repository/Выполнение бизнес-плана/Значения со страницы Выполнение бизнес-плана/Факт Отпуск в сеть за отчётный период Ульяновские РС'
	at com.kms.katalon.core.webui.keyword.internal.WebUIKeywordMain.stepFailed(WebUIKeywordMain.groovy:64)
	at com.kms.katalon.core.webui.keyword.internal.WebUIKeywordMain.runKeyword(WebUIKeywordMain.groovy:26)
	at com.kms.katalon.core.webui.keyword.builtin.GetTextKeyword.getText(GetTextKeyword.groovy:88)
	at com.kms.katalon.core.webui.keyword.builtin.GetTextKeyword.execute(GetTextKeyword.groovy:67)
	at com.kms.katalon.core.keyword.internal.KeywordExecutor.executeKeywordForPlatform(KeywordExecutor.groovy:74)
	at com.kms.katalon.core.webui.keyword.WebUiBuiltInKeywords.getText(WebUiBuiltInKeywords.groovy:957)
	at Выполнение бизнес-плана Сверка ПАО Россети все филиалы.Numbers(Выполнение бизнес-плана Сверка ПАО Россети все филиалы:561)
	at Выполнение бизнес-плана Сверка ПАО Россети все филиалы.Filials(Выполнение бизнес-плана Сверка ПАО Россети все филиалы:993)
	at Выполнение бизнес-плана Сверка ПАО Россети все филиалы.Numbers(Выполнение бизнес-плана Сверка ПАО Россети все филиалы:751)
	at Выполнение бизнес-плана Сверка ПАО Россети все филиалы.run(Выполнение бизнес-плана Сверка ПАО Россети все филиалы:231)
	at com.kms.katalon.core.main.ScriptEngine.run(ScriptEngine.java:194)
	at com.kms.katalon.core.main.ScriptEngine.runScriptAsRawText(ScriptEngine.java:119)
	at com.kms.katalon.core.main.TestCaseExecutor.runScript(TestCaseExecutor.java:448)
	at com.kms.katalon.core.main.TestCaseExecutor.doExecute(TestCaseExecutor.java:439)
	at com.kms.katalon.core.main.TestCaseExecutor.processExecutionPhase(TestCaseExecutor.java:418)
	at com.kms.katalon.core.main.TestCaseExecutor.accessMainPhase(TestCaseExecutor.java:410)
	at com.kms.katalon.core.main.TestCaseExecutor.execute(TestCaseExecutor.java:285)
	at com.kms.katalon.core.common.CommonExecutor.accessTestCaseMainPhase(CommonExecutor.java:65)
	at com.kms.katalon.core.main.TestSuiteExecutor.accessTestSuiteMainPhase(TestSuiteExecutor.java:150)
	at com.kms.katalon.core.main.TestSuiteExecutor.execute(TestSuiteExecutor.java:106)
	at com.kms.katalon.core.main.TestCaseMain.startTestSuite(TestCaseMain.java:180)
	at TempTestSuite1743137207280.run(TempTestSuite1743137207280.groovy:35)
	at java.base/jdk.internal.reflect.NativeMethodAccessorImpl.invoke0(Native Method)
	at java.base/jdk.internal.reflect.NativeMethodAccessorImpl.invoke(NativeMethodAccessorImpl.java:77)
	at java.base/jdk.internal.reflect.DelegatingMethodAccessorImpl.invoke(DelegatingMethodAccessorImpl.java:43)
Caused by: com.kms.katalon.core.webui.exception.WebElementNotFoundException: Web element with id: 'Object Repository/Выполнение бизнес-плана/Значения со страницы Выполнение бизнес-плана/Факт Отпуск в сеть за отчётный период Ульяновские РС' located by '//tr/td[6]' not found
	at com.kms.katalon.core.webui.common.WebUiCommonHelper.findWebElement(WebUiCommonHelper.java:1426)
	at com.kms.katalon.core.webui.keyword.internal.WebUIAbstractKeyword.findWebElement(WebUIAbstractKeyword.groovy:27)
	at com.kms.katalon.core.webui.keyword.internal.WebUIAbstractKeyword.findWebElement(WebUIAbstractKeyword.groovy:26)
	at com.kms.katalon.core.webui.keyword.builtin.GetTextKeyword$_getText_closure1.doCall(GetTextKeyword.groovy:78)
	at com.kms.katalon.core.webui.keyword.builtin.GetTextKeyword$_getText_closure1.call(GetTextKeyword.groovy)
	at com.kms.katalon.core.webui.keyword.internal.WebUIKeywordMain.runKeyword(WebUIKeywordMain.groovy:20)
	at com.kms.katalon.core.webui.keyword.builtin.GetTextKeyword.getText(GetTextKeyword.groovy:88)
	at com.kms.katalon.core.webui.keyword.builtin.GetTextKeyword.execute(GetTextKeyword.groovy:67)
	at com.kms.katalon.core.keyword.internal.KeywordExecutor.executeKeywordForPlatform(KeywordExecutor.groovy:74)
	at com.kms.katalon.core.webui.keyword.WebUiBuiltInKeywords.getText(WebUiBuiltInKeywords.groovy:957)
	at Script1718980020443.Numbers(Script1718980020443.groovy:561)
	at Script1718980020443.Filials(Script1718980020443.groovy:993)
	at Script1718980020443.Numbers(Script1718980020443.groovy:751)
	at Script1718980020443.run(Script1718980020443.groovy:231)
	... 15 more
)
[[ATTACHMENT|C:\\Users\\LIAZGINA-DI\\git\\SPORU\\Reports\\20250328_074647\\\u041F\u043D-\u0421\u0440-\u041F\u0442\\\u0421\u0432\u0435\u0440\u043A\u0430 \u0434\u0430\u0448\u0431\u043E\u0440\u0434\u043E\u0432 \u0438\u0437 \u0440\u0430\u0437\u043D\u044B\u0445 \u0431\u043B\u043E\u043A\u043E\u0432\\20250328_074647\\1743152989326.png]]

28-03-2025T12:09:49 - [TEST_STEP][PASSED] - if (page == "" || page == null): null

28-03-2025T12:09:49 - [TEST_STEP][PASSED] - fileInt = otpusk.toInteger(): null

28-03-2025T12:09:49 - [TEST_STEP][PASSED] - Script1718980020443.WriteToExcelNoData(a, typeOfData, todaysDate, fileInt, fileDouble, dZO): null

28-03-2025T12:09:49 - [TEST_STEP][PASSED] - sheetName = "Sheet1": null

28-03-2025T12:09:49 - [TEST_STEP][PASSED] - data = findTestData("PlanFact"): null

28-03-2025T12:09:49 - [TEST_STEP][PASSED] - n = data.getRowNumbers() + 1: null

28-03-2025T12:09:49 - [TEST_STEP][PASSED] - day = ")).toInteger(): null

28-03-2025T12:09:49 - [TEST_STEP][PASSED] - println(day): null

28-03-2025T12:09:49 - [TEST_STEP][PASSED] - month = ")).toInteger(): null

28-03-2025T12:09:49 - [TEST_STEP][PASSED] - println(month): null

28-03-2025T12:09:49 - [TEST_STEP][PASSED] - y = <not implemented yet for class: org.codehaus.groovy.ast.expr.EmptyExpression>: null

28-03-2025T12:09:49 - [TEST_STEP][PASSED] - iy = <not implemented yet for class: org.codehaus.groovy.ast.expr.EmptyExpression>: null

28-03-2025T12:09:49 - [TEST_STEP][PASSED] - m = getText(findTestObject("Выполнение бизнес-плана/Период")): Text of object 'Object Repository/Выполнение бизнес-плана/Период' is: 'Январь 2025 года'

28-03-2025T12:09:49 - [MESSAGE][PASSED] - Text of object 'Object Repository/Выполнение бизнес-плана/Период' is: 'Январь 2025 года'

28-03-2025T12:09:49 - [TEST_STEP][PASSED] - iy = m.indexOf("20"): null

28-03-2025T12:09:49 - [TEST_STEP][PASSED] - if (iy > -1): null

28-03-2025T12:09:49 - [TEST_STEP][PASSED] - y = substring(iy, iy + 4).toInteger(): null

28-03-2025T12:09:49 - [TEST_STEP][PASSED] - println(y): null

28-03-2025T12:09:49 - [TEST_STEP][PASSED] - if (toString().length() == 4): null

28-03-2025T12:09:49 - [TEST_STEP][PASSED] - m = m.substring(0, m.indexOf(y.toString())): null

28-03-2025T12:09:49 - [TEST_STEP][PASSED] - m = m.trim(): null

28-03-2025T12:09:49 - [TEST_STEP][PASSED] - if (m == ""): null

28-03-2025T12:09:49 - [TEST_STEP][PASSED] - dashboardName = "Выполнение бизнес-плана": null

28-03-2025T12:09:49 - [TEST_STEP][PASSED] - workbook01 = getWorkbook(excelFilePath): null

28-03-2025T12:09:49 - [TEST_STEP][PASSED] - sheet01 = getExcelSheet(workbook01, sheetName): null

28-03-2025T12:09:49 - [TEST_STEP][PASSED] - setValueToCellByIndex(sheet01, n, 0, dashboardName): null

28-03-2025T12:09:49 - [TEST_STEP][PASSED] - setValueToCellByIndex(sheet01, n, 1, dZO): null

28-03-2025T12:09:49 - [TEST_STEP][PASSED] - setValueToCellByIndex(sheet01, n, 2, typeOfData): null

28-03-2025T12:09:49 - [TEST_STEP][PASSED] - if (typeOfData == "Факт в процентах" || typeOfData == "План в процентах"): null

28-03-2025T12:09:49 - [TEST_STEP][PASSED] - else: null

28-03-2025T12:09:49 - [TEST_STEP][PASSED] - setValueToCellByIndex(sheet01, n, 3, fileInt): null

28-03-2025T12:09:49 - [TEST_STEP][PASSED] - setValueToCellByIndex(sheet01, n, 4, "нет данных"): null

28-03-2025T12:09:49 - [TEST_STEP][PASSED] - setValueToCellByIndex(sheet01, n, 5, m): null

28-03-2025T12:09:49 - [TEST_STEP][PASSED] - setValueToCellByIndex(sheet01, n, 6, y): null

28-03-2025T12:09:49 - [TEST_STEP][PASSED] - setValueToCellByIndex(sheet01, n, 7, todaysDate): null

28-03-2025T12:09:49 - [TEST_STEP][PASSED] - n = n + 1: null

28-03-2025T12:09:49 - [TEST_STEP][FAILED] - saveWorkbook(excelFilePath, workbook01): null

28-03-2025T12:09:50 - [TEST_STEP][PASSED] - typeOfData = typeOfDataMain + " Потери": null

28-03-2025T12:09:50 - [TEST_STEP][PASSED] - if (a == 82): null

28-03-2025T12:09:50 - [TEST_STEP][PASSED] - else if (a == 84): null

28-03-2025T12:09:50 - [TEST_STEP][PASSED] - else if (a == 83 || a == 52 || a == 72 || a == 28 || a == 73 || a == 77 || a == 74 || a == 65 || a == 44 || a == 53 || a == 80 || a == 54 || a == 1 || a == 18 || a == 59 || a == 81): null

28-03-2025T12:09:50 - [TEST_STEP][PASSED] - else: null

28-03-2025T12:09:50 - [TEST_STEP][PASSED] - path = dataFolder + typeOfData + " за отчётный период " + b: null

28-03-2025T12:09:50 - [TEST_STEP][FAILED] - page = getText(findTestObject(path)): Unable to get text of object 'Object Repository/Выполнение бизнес-плана/Значения со страницы Выполнение бизнес-плана/Факт Потери за отчётный период Ульяновские РС' (Root cause: com.kms.katalon.core.exception.StepFailedException: Unable to get text of object 'Object Repository/Выполнение бизнес-плана/Значения со страницы Выполнение бизнес-плана/Факт Потери за отчётный период Ульяновские РС'
	at com.kms.katalon.core.webui.keyword.internal.WebUIKeywordMain.stepFailed(WebUIKeywordMain.groovy:64)
	at com.kms.katalon.core.webui.keyword.internal.WebUIKeywordMain.runKeyword(WebUIKeywordMain.groovy:26)
	at com.kms.katalon.core.webui.keyword.builtin.GetTextKeyword.getText(GetTextKeyword.groovy:88)
	at com.kms.katalon.core.webui.keyword.builtin.GetTextKeyword.execute(GetTextKeyword.groovy:67)
	at com.kms.katalon.core.keyword.internal.KeywordExecutor.executeKeywordForPlatform(KeywordExecutor.groovy:74)
	at com.kms.katalon.core.webui.keyword.WebUiBuiltInKeywords.getText(WebUiBuiltInKeywords.groovy:957)
	at Выполнение бизнес-плана Сверка ПАО Россети все филиалы.Numbers(Выполнение бизнес-плана Сверка ПАО Россети все филиалы:594)
	at Выполнение бизнес-плана Сверка ПАО Россети все филиалы.Filials(Выполнение бизнес-плана Сверка ПАО Россети все филиалы:993)
	at Выполнение бизнес-плана Сверка ПАО Россети все филиалы.Numbers(Выполнение бизнес-плана Сверка ПАО Россети все филиалы:751)
	at Выполнение бизнес-плана Сверка ПАО Россети все филиалы.run(Выполнение бизнес-плана Сверка ПАО Россети все филиалы:231)
	at com.kms.katalon.core.main.ScriptEngine.run(ScriptEngine.java:194)
	at com.kms.katalon.core.main.ScriptEngine.runScriptAsRawText(ScriptEngine.java:119)
	at com.kms.katalon.core.main.TestCaseExecutor.runScript(TestCaseExecutor.java:448)
	at com.kms.katalon.core.main.TestCaseExecutor.doExecute(TestCaseExecutor.java:439)
	at com.kms.katalon.core.main.TestCaseExecutor.processExecutionPhase(TestCaseExecutor.java:418)
	at com.kms.katalon.core.main.TestCaseExecutor.accessMainPhase(TestCaseExecutor.java:410)
	at com.kms.katalon.core.main.TestCaseExecutor.execute(TestCaseExecutor.java:285)
	at com.kms.katalon.core.common.CommonExecutor.accessTestCaseMainPhase(CommonExecutor.java:65)
	at com.kms.katalon.core.main.TestSuiteExecutor.accessTestSuiteMainPhase(TestSuiteExecutor.java:150)
	at com.kms.katalon.core.main.TestSuiteExecutor.execute(TestSuiteExecutor.java:106)
	at com.kms.katalon.core.main.TestCaseMain.startTestSuite(TestCaseMain.java:180)
	at TempTestSuite1743137207280.run(TempTestSuite1743137207280.groovy:35)
	at java.base/jdk.internal.reflect.NativeMethodAccessorImpl.invoke0(Native Method)
	at java.base/jdk.internal.reflect.NativeMethodAccessorImpl.invoke(NativeMethodAccessorImpl.java:77)
	at java.base/jdk.internal.reflect.DelegatingMethodAccessorImpl.invoke(DelegatingMethodAccessorImpl.java:43)
Caused by: com.kms.katalon.core.webui.exception.WebElementNotFoundException: Web element with id: 'Object Repository/Выполнение бизнес-плана/Значения со страницы Выполнение бизнес-плана/Факт Потери за отчётный период Ульяновские РС' located by '//tr[3]/td[6]' not found
	at com.kms.katalon.core.webui.common.WebUiCommonHelper.findWebElement(WebUiCommonHelper.java:1426)
	at com.kms.katalon.core.webui.keyword.internal.WebUIAbstractKeyword.findWebElement(WebUIAbstractKeyword.groovy:27)
	at com.kms.katalon.core.webui.keyword.internal.WebUIAbstractKeyword.findWebElement(WebUIAbstractKeyword.groovy:26)
	at com.kms.katalon.core.webui.keyword.builtin.GetTextKeyword$_getText_closure1.doCall(GetTextKeyword.groovy:78)
	at com.kms.katalon.core.webui.keyword.builtin.GetTextKeyword$_getText_closure1.call(GetTextKeyword.groovy)
	at com.kms.katalon.core.webui.keyword.internal.WebUIKeywordMain.runKeyword(WebUIKeywordMain.groovy:20)
	at com.kms.katalon.core.webui.keyword.builtin.GetTextKeyword.getText(GetTextKeyword.groovy:88)
	at com.kms.katalon.core.webui.keyword.builtin.GetTextKeyword.execute(GetTextKeyword.groovy:67)
	at com.kms.katalon.core.keyword.internal.KeywordExecutor.executeKeywordForPlatform(KeywordExecutor.groovy:74)
	at com.kms.katalon.core.webui.keyword.WebUiBuiltInKeywords.getText(WebUiBuiltInKeywords.groovy:957)
	at Script1718980020443.Numbers(Script1718980020443.groovy:594)
	at Script1718980020443.Filials(Script1718980020443.groovy:993)
	at Script1718980020443.Numbers(Script1718980020443.groovy:751)
	at Script1718980020443.run(Script1718980020443.groovy:231)
	... 15 more
)

28-03-2025T12:10:21 - [MESSAGE][INFO] - Unable to find the element located by 'By.xpath: //tr[3]/td[6]'. Please recheck the objects properties to make sure the desired element is located. 

28-03-2025T12:10:21 - [MESSAGE][FAILED] - Unable to get text of object 'Object Repository/Выполнение бизнес-плана/Значения со страницы Выполнение бизнес-плана/Факт Потери за отчётный период Ульяновские РС' (Root cause: com.kms.katalon.core.exception.StepFailedException: Unable to get text of object 'Object Repository/Выполнение бизнес-плана/Значения со страницы Выполнение бизнес-плана/Факт Потери за отчётный период Ульяновские РС'
	at com.kms.katalon.core.webui.keyword.internal.WebUIKeywordMain.stepFailed(WebUIKeywordMain.groovy:64)
	at com.kms.katalon.core.webui.keyword.internal.WebUIKeywordMain.runKeyword(WebUIKeywordMain.groovy:26)
	at com.kms.katalon.core.webui.keyword.builtin.GetTextKeyword.getText(GetTextKeyword.groovy:88)
	at com.kms.katalon.core.webui.keyword.builtin.GetTextKeyword.execute(GetTextKeyword.groovy:67)
	at com.kms.katalon.core.keyword.internal.KeywordExecutor.executeKeywordForPlatform(KeywordExecutor.groovy:74)
	at com.kms.katalon.core.webui.keyword.WebUiBuiltInKeywords.getText(WebUiBuiltInKeywords.groovy:957)
	at Выполнение бизнес-плана Сверка ПАО Россети все филиалы.Numbers(Выполнение бизнес-плана Сверка ПАО Россети все филиалы:594)
	at Выполнение бизнес-плана Сверка ПАО Россети все филиалы.Filials(Выполнение бизнес-плана Сверка ПАО Россети все филиалы:993)
	at Выполнение бизнес-плана Сверка ПАО Россети все филиалы.Numbers(Выполнение бизнес-плана Сверка ПАО Россети все филиалы:751)
	at Выполнение бизнес-плана Сверка ПАО Россети все филиалы.run(Выполнение бизнес-плана Сверка ПАО Россети все филиалы:231)
	at com.kms.katalon.core.main.ScriptEngine.run(ScriptEngine.java:194)
	at com.kms.katalon.core.main.ScriptEngine.runScriptAsRawText(ScriptEngine.java:119)
	at com.kms.katalon.core.main.TestCaseExecutor.runScript(TestCaseExecutor.java:448)
	at com.kms.katalon.core.main.TestCaseExecutor.doExecute(TestCaseExecutor.java:439)
	at com.kms.katalon.core.main.TestCaseExecutor.processExecutionPhase(TestCaseExecutor.java:418)
	at com.kms.katalon.core.main.TestCaseExecutor.accessMainPhase(TestCaseExecutor.java:410)
	at com.kms.katalon.core.main.TestCaseExecutor.execute(TestCaseExecutor.java:285)
	at com.kms.katalon.core.common.CommonExecutor.accessTestCaseMainPhase(CommonExecutor.java:65)
	at com.kms.katalon.core.main.TestSuiteExecutor.accessTestSuiteMainPhase(TestSuiteExecutor.java:150)
	at com.kms.katalon.core.main.TestSuiteExecutor.execute(TestSuiteExecutor.java:106)
	at com.kms.katalon.core.main.TestCaseMain.startTestSuite(TestCaseMain.java:180)
	at TempTestSuite1743137207280.run(TempTestSuite1743137207280.groovy:35)
	at java.base/jdk.internal.reflect.NativeMethodAccessorImpl.invoke0(Native Method)
	at java.base/jdk.internal.reflect.NativeMethodAccessorImpl.invoke(NativeMethodAccessorImpl.java:77)
	at java.base/jdk.internal.reflect.DelegatingMethodAccessorImpl.invoke(DelegatingMethodAccessorImpl.java:43)
Caused by: com.kms.katalon.core.webui.exception.WebElementNotFoundException: Web element with id: 'Object Repository/Выполнение бизнес-плана/Значения со страницы Выполнение бизнес-плана/Факт Потери за отчётный период Ульяновские РС' located by '//tr[3]/td[6]' not found
	at com.kms.katalon.core.webui.common.WebUiCommonHelper.findWebElement(WebUiCommonHelper.java:1426)
	at com.kms.katalon.core.webui.keyword.internal.WebUIAbstractKeyword.findWebElement(WebUIAbstractKeyword.groovy:27)
	at com.kms.katalon.core.webui.keyword.internal.WebUIAbstractKeyword.findWebElement(WebUIAbstractKeyword.groovy:26)
	at com.kms.katalon.core.webui.keyword.builtin.GetTextKeyword$_getText_closure1.doCall(GetTextKeyword.groovy:78)
	at com.kms.katalon.core.webui.keyword.builtin.GetTextKeyword$_getText_closure1.call(GetTextKeyword.groovy)
	at com.kms.katalon.core.webui.keyword.internal.WebUIKeywordMain.runKeyword(WebUIKeywordMain.groovy:20)
	at com.kms.katalon.core.webui.keyword.builtin.GetTextKeyword.getText(GetTextKeyword.groovy:88)
	at com.kms.katalon.core.webui.keyword.builtin.GetTextKeyword.execute(GetTextKeyword.groovy:67)
	at com.kms.katalon.core.keyword.internal.KeywordExecutor.executeKeywordForPlatform(KeywordExecutor.groovy:74)
	at com.kms.katalon.core.webui.keyword.WebUiBuiltInKeywords.getText(WebUiBuiltInKeywords.groovy:957)
	at Script1718980020443.Numbers(Script1718980020443.groovy:594)
	at Script1718980020443.Filials(Script1718980020443.groovy:993)
	at Script1718980020443.Numbers(Script1718980020443.groovy:751)
	at Script1718980020443.run(Script1718980020443.groovy:231)
	... 15 more
)
[[ATTACHMENT|C:\\Users\\LIAZGINA-DI\\git\\SPORU\\Reports\\20250328_074647\\\u041F\u043D-\u0421\u0440-\u041F\u0442\\\u0421\u0432\u0435\u0440\u043A\u0430 \u0434\u0430\u0448\u0431\u043E\u0440\u0434\u043E\u0432 \u0438\u0437 \u0440\u0430\u0437\u043D\u044B\u0445 \u0431\u043B\u043E\u043A\u043E\u0432\\20250328_074647\\1743153021159.png]]

28-03-2025T12:10:21 - [TEST_STEP][PASSED] - if (page == "" || page == null): null

28-03-2025T12:10:21 - [TEST_STEP][PASSED] - fileInt = poteri.toInteger(): null

28-03-2025T12:10:21 - [TEST_STEP][PASSED] - Script1718980020443.WriteToExcelNoData(a, typeOfData, todaysDate, fileInt, fileDouble, dZO): null

28-03-2025T12:10:21 - [TEST_STEP][PASSED] - sheetName = "Sheet1": null

28-03-2025T12:10:21 - [TEST_STEP][PASSED] - data = findTestData("PlanFact"): null

28-03-2025T12:10:21 - [TEST_STEP][PASSED] - n = data.getRowNumbers() + 1: null

28-03-2025T12:10:21 - [TEST_STEP][PASSED] - day = ")).toInteger(): null

28-03-2025T12:10:21 - [TEST_STEP][PASSED] - println(day): null

28-03-2025T12:10:21 - [TEST_STEP][PASSED] - month = ")).toInteger(): null

28-03-2025T12:10:21 - [TEST_STEP][PASSED] - println(month): null

28-03-2025T12:10:21 - [TEST_STEP][PASSED] - y = <not implemented yet for class: org.codehaus.groovy.ast.expr.EmptyExpression>: null

28-03-2025T12:10:21 - [TEST_STEP][PASSED] - iy = <not implemented yet for class: org.codehaus.groovy.ast.expr.EmptyExpression>: null

28-03-2025T12:10:21 - [TEST_STEP][PASSED] - m = getText(findTestObject("Выполнение бизнес-плана/Период")): Text of object 'Object Repository/Выполнение бизнес-плана/Период' is: 'Январь 2025 года'

28-03-2025T12:10:21 - [MESSAGE][PASSED] - Text of object 'Object Repository/Выполнение бизнес-плана/Период' is: 'Январь 2025 года'

28-03-2025T12:10:21 - [TEST_STEP][PASSED] - iy = m.indexOf("20"): null

28-03-2025T12:10:21 - [TEST_STEP][PASSED] - if (iy > -1): null

28-03-2025T12:10:21 - [TEST_STEP][PASSED] - y = substring(iy, iy + 4).toInteger(): null

28-03-2025T12:10:21 - [TEST_STEP][PASSED] - println(y): null

28-03-2025T12:10:21 - [TEST_STEP][PASSED] - if (toString().length() == 4): null

28-03-2025T12:10:21 - [TEST_STEP][PASSED] - m = m.substring(0, m.indexOf(y.toString())): null

28-03-2025T12:10:21 - [TEST_STEP][PASSED] - m = m.trim(): null

28-03-2025T12:10:21 - [TEST_STEP][PASSED] - if (m == ""): null

28-03-2025T12:10:21 - [TEST_STEP][PASSED] - dashboardName = "Выполнение бизнес-плана": null

28-03-2025T12:10:21 - [TEST_STEP][PASSED] - workbook01 = getWorkbook(excelFilePath): null

28-03-2025T12:10:21 - [TEST_STEP][PASSED] - sheet01 = getExcelSheet(workbook01, sheetName): null

28-03-2025T12:10:21 - [TEST_STEP][PASSED] - setValueToCellByIndex(sheet01, n, 0, dashboardName): null

28-03-2025T12:10:21 - [TEST_STEP][PASSED] - setValueToCellByIndex(sheet01, n, 1, dZO): null

28-03-2025T12:10:21 - [TEST_STEP][PASSED] - setValueToCellByIndex(sheet01, n, 2, typeOfData): null

28-03-2025T12:10:21 - [TEST_STEP][PASSED] - if (typeOfData == "Факт в процентах" || typeOfData == "План в процентах"): null

28-03-2025T12:10:21 - [TEST_STEP][PASSED] - else: null

28-03-2025T12:10:21 - [TEST_STEP][PASSED] - setValueToCellByIndex(sheet01, n, 3, fileInt): null

28-03-2025T12:10:21 - [TEST_STEP][PASSED] - setValueToCellByIndex(sheet01, n, 4, "нет данных"): null

28-03-2025T12:10:21 - [TEST_STEP][PASSED] - setValueToCellByIndex(sheet01, n, 5, m): null

28-03-2025T12:10:21 - [TEST_STEP][PASSED] - setValueToCellByIndex(sheet01, n, 6, y): null

28-03-2025T12:10:21 - [TEST_STEP][PASSED] - setValueToCellByIndex(sheet01, n, 7, todaysDate): null

28-03-2025T12:10:21 - [TEST_STEP][PASSED] - n = n + 1: null

28-03-2025T12:10:21 - [TEST_STEP][FAILED] - saveWorkbook(excelFilePath, workbook01): null

28-03-2025T12:10:21 - [TEST_STEP][PASSED] - compare = pageOtpuskVSet: null

28-03-2025T12:10:21 - [TEST_STEP][PASSED] - if (pageOtpuskVSet != null): null

28-03-2025T12:10:21 - [TEST_STEP][PASSED] - if (compare == fileOtpuskVSet): null

28-03-2025T12:10:21 - [TEST_STEP][PASSED] - if (compare == fileOtpuskVSet): null

28-03-2025T12:10:21 - [TEST_STEP][PASSED] - compare = pagePoteri: null

28-03-2025T12:10:21 - [TEST_STEP][PASSED] - if (pageOtpuskVSet != null): null

28-03-2025T12:10:21 - [TEST_STEP][PASSED] - if (compare == filePoteri): null

28-03-2025T12:10:21 - [TEST_STEP][PASSED] - if (compare == filePoteri): null

28-03-2025T12:10:21 - [TEST_STEP][PASSED] - if (planFact == 2): null

28-03-2025T12:10:21 - [TEST_STEP][PASSED] - if (planFact == 1): null

28-03-2025T12:10:21 - [TEST_STEP][PASSED] - else if (planFact == 2): null

28-03-2025T12:10:21 - [TEST_STEP][PASSED] - click(findTestObject("Выполнение бизнес-плана/Кнопка План")): Object: 'Object Repository/Выполнение бизнес-плана/Кнопка План' is clicked on

28-03-2025T12:10:22 - [MESSAGE][PASSED] - Object: 'Object Repository/Выполнение бизнес-плана/Кнопка План' is clicked on

28-03-2025T12:10:22 - [TEST_STEP][PASSED] - typeOfDataMain = "План": null

28-03-2025T12:10:22 - [TEST_STEP][PASSED] - otpusk = findTestData("PlanFact").getValue(2, a): null

28-03-2025T12:10:22 - [TEST_STEP][PASSED] - poteri = findTestData("PlanFact").getValue(3, a): null

28-03-2025T12:10:22 - [TEST_STEP][PASSED] - otpusk = otpusk.replaceAll("\s+", ""): null

28-03-2025T12:10:22 - [TEST_STEP][PASSED] - poteri = poteri.replaceAll("\s+", ""): null

28-03-2025T12:10:22 - [TEST_STEP][PASSED] - typeOfData = typeOfDataMain + " Отпуск в сеть": null

28-03-2025T12:10:22 - [TEST_STEP][PASSED] - if (a == 82): null

28-03-2025T12:10:22 - [TEST_STEP][PASSED] - else if (a == 84): null

28-03-2025T12:10:22 - [TEST_STEP][PASSED] - else if (a == 83 || a == 52 || a == 72 || a == 28 || a == 73 || a == 77 || a == 74 || a == 65 || a == 36 || a == 44 || a == 53 || a == 80 || a == 54 || a == 1 || a == 18 || a == 59 || a == 81): null

28-03-2025T12:10:22 - [TEST_STEP][PASSED] - else: null

28-03-2025T12:10:22 - [TEST_STEP][PASSED] - path = dataFolder + typeOfData + " за отчётный период " + b: null

28-03-2025T12:10:22 - [TEST_STEP][PASSED] - println(path): null

28-03-2025T12:10:22 - [TEST_STEP][FAILED] - page = getText(findTestObject(path)): Unable to get text of object 'Object Repository/Выполнение бизнес-плана/Значения со страницы Выполнение бизнес-плана/План Отпуск в сеть за отчётный период Ульяновские РС' (Root cause: com.kms.katalon.core.exception.StepFailedException: Unable to get text of object 'Object Repository/Выполнение бизнес-плана/Значения со страницы Выполнение бизнес-плана/План Отпуск в сеть за отчётный период Ульяновские РС'
	at com.kms.katalon.core.webui.keyword.internal.WebUIKeywordMain.stepFailed(WebUIKeywordMain.groovy:64)
	at com.kms.katalon.core.webui.keyword.internal.WebUIKeywordMain.runKeyword(WebUIKeywordMain.groovy:26)
	at com.kms.katalon.core.webui.keyword.builtin.GetTextKeyword.getText(GetTextKeyword.groovy:88)
	at com.kms.katalon.core.webui.keyword.builtin.GetTextKeyword.execute(GetTextKeyword.groovy:67)
	at com.kms.katalon.core.keyword.internal.KeywordExecutor.executeKeywordForPlatform(KeywordExecutor.groovy:74)
	at com.kms.katalon.core.webui.keyword.WebUiBuiltInKeywords.getText(WebUiBuiltInKeywords.groovy:957)
	at Выполнение бизнес-плана Сверка ПАО Россети все филиалы.Numbers(Выполнение бизнес-плана Сверка ПАО Россети все филиалы:561)
	at Выполнение бизнес-плана Сверка ПАО Россети все филиалы.Filials(Выполнение бизнес-плана Сверка ПАО Россети все филиалы:993)
	at Выполнение бизнес-плана Сверка ПАО Россети все филиалы.Numbers(Выполнение бизнес-плана Сверка ПАО Россети все филиалы:751)
	at Выполнение бизнес-плана Сверка ПАО Россети все филиалы.run(Выполнение бизнес-плана Сверка ПАО Россети все филиалы:231)
	at com.kms.katalon.core.main.ScriptEngine.run(ScriptEngine.java:194)
	at com.kms.katalon.core.main.ScriptEngine.runScriptAsRawText(ScriptEngine.java:119)
	at com.kms.katalon.core.main.TestCaseExecutor.runScript(TestCaseExecutor.java:448)
	at com.kms.katalon.core.main.TestCaseExecutor.doExecute(TestCaseExecutor.java:439)
	at com.kms.katalon.core.main.TestCaseExecutor.processExecutionPhase(TestCaseExecutor.java:418)
	at com.kms.katalon.core.main.TestCaseExecutor.accessMainPhase(TestCaseExecutor.java:410)
	at com.kms.katalon.core.main.TestCaseExecutor.execute(TestCaseExecutor.java:285)
	at com.kms.katalon.core.common.CommonExecutor.accessTestCaseMainPhase(CommonExecutor.java:65)
	at com.kms.katalon.core.main.TestSuiteExecutor.accessTestSuiteMainPhase(TestSuiteExecutor.java:150)
	at com.kms.katalon.core.main.TestSuiteExecutor.execute(TestSuiteExecutor.java:106)
	at com.kms.katalon.core.main.TestCaseMain.startTestSuite(TestCaseMain.java:180)
	at TempTestSuite1743137207280.run(TempTestSuite1743137207280.groovy:35)
	at java.base/jdk.internal.reflect.NativeMethodAccessorImpl.invoke0(Native Method)
	at java.base/jdk.internal.reflect.NativeMethodAccessorImpl.invoke(NativeMethodAccessorImpl.java:77)
	at java.base/jdk.internal.reflect.DelegatingMethodAccessorImpl.invoke(DelegatingMethodAccessorImpl.java:43)
Caused by: com.kms.katalon.core.webui.exception.WebElementNotFoundException: Web element with id: 'Object Repository/Выполнение бизнес-плана/Значения со страницы Выполнение бизнес-плана/План Отпуск в сеть за отчётный период Ульяновские РС' located by '//div[138]/div[2]/div/div/table/tbody/tr/td[6]' not found
	at com.kms.katalon.core.webui.common.WebUiCommonHelper.findWebElement(WebUiCommonHelper.java:1426)
	at com.kms.katalon.core.webui.keyword.internal.WebUIAbstractKeyword.findWebElement(WebUIAbstractKeyword.groovy:27)
	at com.kms.katalon.core.webui.keyword.internal.WebUIAbstractKeyword.findWebElement(WebUIAbstractKeyword.groovy:26)
	at com.kms.katalon.core.webui.keyword.builtin.GetTextKeyword$_getText_closure1.doCall(GetTextKeyword.groovy:78)
	at com.kms.katalon.core.webui.keyword.builtin.GetTextKeyword$_getText_closure1.call(GetTextKeyword.groovy)
	at com.kms.katalon.core.webui.keyword.internal.WebUIKeywordMain.runKeyword(WebUIKeywordMain.groovy:20)
	at com.kms.katalon.core.webui.keyword.builtin.GetTextKeyword.getText(GetTextKeyword.groovy:88)
	at com.kms.katalon.core.webui.keyword.builtin.GetTextKeyword.execute(GetTextKeyword.groovy:67)
	at com.kms.katalon.core.keyword.internal.KeywordExecutor.executeKeywordForPlatform(KeywordExecutor.groovy:74)
	at com.kms.katalon.core.webui.keyword.WebUiBuiltInKeywords.getText(WebUiBuiltInKeywords.groovy:957)
	at Script1718980020443.Numbers(Script1718980020443.groovy:561)
	at Script1718980020443.Filials(Script1718980020443.groovy:993)
	at Script1718980020443.Numbers(Script1718980020443.groovy:751)
	at Script1718980020443.run(Script1718980020443.groovy:231)
	... 15 more
)

28-03-2025T12:10:53 - [MESSAGE][INFO] - Unable to find the element located by 'By.xpath: //div[138]/div[2]/div/div/table/tbody/tr/td[6]'. Please recheck the objects properties to make sure the desired element is located. 

28-03-2025T12:10:53 - [MESSAGE][FAILED] - Unable to get text of object 'Object Repository/Выполнение бизнес-плана/Значения со страницы Выполнение бизнес-плана/План Отпуск в сеть за отчётный период Ульяновские РС' (Root cause: com.kms.katalon.core.exception.StepFailedException: Unable to get text of object 'Object Repository/Выполнение бизнес-плана/Значения со страницы Выполнение бизнес-плана/План Отпуск в сеть за отчётный период Ульяновские РС'
	at com.kms.katalon.core.webui.keyword.internal.WebUIKeywordMain.stepFailed(WebUIKeywordMain.groovy:64)
	at com.kms.katalon.core.webui.keyword.internal.WebUIKeywordMain.runKeyword(WebUIKeywordMain.groovy:26)
	at com.kms.katalon.core.webui.keyword.builtin.GetTextKeyword.getText(GetTextKeyword.groovy:88)
	at com.kms.katalon.core.webui.keyword.builtin.GetTextKeyword.execute(GetTextKeyword.groovy:67)
	at com.kms.katalon.core.keyword.internal.KeywordExecutor.executeKeywordForPlatform(KeywordExecutor.groovy:74)
	at com.kms.katalon.core.webui.keyword.WebUiBuiltInKeywords.getText(WebUiBuiltInKeywords.groovy:957)
	at Выполнение бизнес-плана Сверка ПАО Россети все филиалы.Numbers(Выполнение бизнес-плана Сверка ПАО Россети все филиалы:561)
	at Выполнение бизнес-плана Сверка ПАО Россети все филиалы.Filials(Выполнение бизнес-плана Сверка ПАО Россети все филиалы:993)
	at Выполнение бизнес-плана Сверка ПАО Россети все филиалы.Numbers(Выполнение бизнес-плана Сверка ПАО Россети все филиалы:751)
	at Выполнение бизнес-плана Сверка ПАО Россети все филиалы.run(Выполнение бизнес-плана Сверка ПАО Россети все филиалы:231)
	at com.kms.katalon.core.main.ScriptEngine.run(ScriptEngine.java:194)
	at com.kms.katalon.core.main.ScriptEngine.runScriptAsRawText(ScriptEngine.java:119)
	at com.kms.katalon.core.main.TestCaseExecutor.runScript(TestCaseExecutor.java:448)
	at com.kms.katalon.core.main.TestCaseExecutor.doExecute(TestCaseExecutor.java:439)
	at com.kms.katalon.core.main.TestCaseExecutor.processExecutionPhase(TestCaseExecutor.java:418)
	at com.kms.katalon.core.main.TestCaseExecutor.accessMainPhase(TestCaseExecutor.java:410)
	at com.kms.katalon.core.main.TestCaseExecutor.execute(TestCaseExecutor.java:285)
	at com.kms.katalon.core.common.CommonExecutor.accessTestCaseMainPhase(CommonExecutor.java:65)
	at com.kms.katalon.core.main.TestSuiteExecutor.accessTestSuiteMainPhase(TestSuiteExecutor.java:150)
	at com.kms.katalon.core.main.TestSuiteExecutor.execute(TestSuiteExecutor.java:106)
	at com.kms.katalon.core.main.TestCaseMain.startTestSuite(TestCaseMain.java:180)
	at TempTestSuite1743137207280.run(TempTestSuite1743137207280.groovy:35)
	at java.base/jdk.internal.reflect.NativeMethodAccessorImpl.invoke0(Native Method)
	at java.base/jdk.internal.reflect.NativeMethodAccessorImpl.invoke(NativeMethodAccessorImpl.java:77)
	at java.base/jdk.internal.reflect.DelegatingMethodAccessorImpl.invoke(DelegatingMethodAccessorImpl.java:43)
Caused by: com.kms.katalon.core.webui.exception.WebElementNotFoundException: Web element with id: 'Object Repository/Выполнение бизнес-плана/Значения со страницы Выполнение бизнес-плана/План Отпуск в сеть за отчётный период Ульяновские РС' located by '//div[138]/div[2]/div/div/table/tbody/tr/td[6]' not found
	at com.kms.katalon.core.webui.common.WebUiCommonHelper.findWebElement(WebUiCommonHelper.java:1426)
	at com.kms.katalon.core.webui.keyword.internal.WebUIAbstractKeyword.findWebElement(WebUIAbstractKeyword.groovy:27)
	at com.kms.katalon.core.webui.keyword.internal.WebUIAbstractKeyword.findWebElement(WebUIAbstractKeyword.groovy:26)
	at com.kms.katalon.core.webui.keyword.builtin.GetTextKeyword$_getText_closure1.doCall(GetTextKeyword.groovy:78)
	at com.kms.katalon.core.webui.keyword.builtin.GetTextKeyword$_getText_closure1.call(GetTextKeyword.groovy)
	at com.kms.katalon.core.webui.keyword.internal.WebUIKeywordMain.runKeyword(WebUIKeywordMain.groovy:20)
	at com.kms.katalon.core.webui.keyword.builtin.GetTextKeyword.getText(GetTextKeyword.groovy:88)
	at com.kms.katalon.core.webui.keyword.builtin.GetTextKeyword.execute(GetTextKeyword.groovy:67)
	at com.kms.katalon.core.keyword.internal.KeywordExecutor.executeKeywordForPlatform(KeywordExecutor.groovy:74)
	at com.kms.katalon.core.webui.keyword.WebUiBuiltInKeywords.getText(WebUiBuiltInKeywords.groovy:957)
	at Script1718980020443.Numbers(Script1718980020443.groovy:561)
	at Script1718980020443.Filials(Script1718980020443.groovy:993)
	at Script1718980020443.Numbers(Script1718980020443.groovy:751)
	at Script1718980020443.run(Script1718980020443.groovy:231)
	... 15 more
)
[[ATTACHMENT|C:\\Users\\LIAZGINA-DI\\git\\SPORU\\Reports\\20250328_074647\\\u041F\u043D-\u0421\u0440-\u041F\u0442\\\u0421\u0432\u0435\u0440\u043A\u0430 \u0434\u0430\u0448\u0431\u043E\u0440\u0434\u043E\u0432 \u0438\u0437 \u0440\u0430\u0437\u043D\u044B\u0445 \u0431\u043B\u043E\u043A\u043E\u0432\\20250328_074647\\1743153053356.png]]

28-03-2025T12:10:53 - [TEST_STEP][PASSED] - if (page == "" || page == null): null

28-03-2025T12:10:53 - [TEST_STEP][PASSED] - fileInt = otpusk.toInteger(): null

28-03-2025T12:10:53 - [TEST_STEP][PASSED] - Script1718980020443.WriteToExcelNoData(a, typeOfData, todaysDate, fileInt, fileDouble, dZO): null

28-03-2025T12:10:53 - [TEST_STEP][PASSED] - sheetName = "Sheet1": null

28-03-2025T12:10:53 - [TEST_STEP][PASSED] - data = findTestData("PlanFact"): null

28-03-2025T12:10:53 - [TEST_STEP][PASSED] - n = data.getRowNumbers() + 1: null

28-03-2025T12:10:53 - [TEST_STEP][PASSED] - day = ")).toInteger(): null

28-03-2025T12:10:53 - [TEST_STEP][PASSED] - println(day): null

28-03-2025T12:10:53 - [TEST_STEP][PASSED] - month = ")).toInteger(): null

28-03-2025T12:10:53 - [TEST_STEP][PASSED] - println(month): null

28-03-2025T12:10:53 - [TEST_STEP][PASSED] - y = <not implemented yet for class: org.codehaus.groovy.ast.expr.EmptyExpression>: null

28-03-2025T12:10:53 - [TEST_STEP][PASSED] - iy = <not implemented yet for class: org.codehaus.groovy.ast.expr.EmptyExpression>: null

28-03-2025T12:10:53 - [TEST_STEP][PASSED] - m = getText(findTestObject("Выполнение бизнес-плана/Период")): Text of object 'Object Repository/Выполнение бизнес-плана/Период' is: 'Январь 2025 года'

28-03-2025T12:10:53 - [MESSAGE][PASSED] - Text of object 'Object Repository/Выполнение бизнес-плана/Период' is: 'Январь 2025 года'

28-03-2025T12:10:53 - [TEST_STEP][PASSED] - iy = m.indexOf("20"): null

28-03-2025T12:10:53 - [TEST_STEP][PASSED] - if (iy > -1): null

28-03-2025T12:10:53 - [TEST_STEP][PASSED] - y = substring(iy, iy + 4).toInteger(): null

28-03-2025T12:10:53 - [TEST_STEP][PASSED] - println(y): null

28-03-2025T12:10:53 - [TEST_STEP][PASSED] - if (toString().length() == 4): null

28-03-2025T12:10:53 - [TEST_STEP][PASSED] - m = m.substring(0, m.indexOf(y.toString())): null

28-03-2025T12:10:53 - [TEST_STEP][PASSED] - m = m.trim(): null

28-03-2025T12:10:53 - [TEST_STEP][PASSED] - if (m == ""): null

28-03-2025T12:10:53 - [TEST_STEP][PASSED] - dashboardName = "Выполнение бизнес-плана": null

28-03-2025T12:10:53 - [TEST_STEP][PASSED] - workbook01 = getWorkbook(excelFilePath): null

28-03-2025T12:10:53 - [TEST_STEP][PASSED] - sheet01 = getExcelSheet(workbook01, sheetName): null

28-03-2025T12:10:53 - [TEST_STEP][PASSED] - setValueToCellByIndex(sheet01, n, 0, dashboardName): null

28-03-2025T12:10:53 - [TEST_STEP][PASSED] - setValueToCellByIndex(sheet01, n, 1, dZO): null

28-03-2025T12:10:53 - [TEST_STEP][PASSED] - setValueToCellByIndex(sheet01, n, 2, typeOfData): null

28-03-2025T12:10:53 - [TEST_STEP][PASSED] - if (typeOfData == "Факт в процентах" || typeOfData == "План в процентах"): null

28-03-2025T12:10:53 - [TEST_STEP][PASSED] - else: null

28-03-2025T12:10:53 - [TEST_STEP][PASSED] - setValueToCellByIndex(sheet01, n, 3, fileInt): null

28-03-2025T12:10:53 - [TEST_STEP][PASSED] - setValueToCellByIndex(sheet01, n, 4, "нет данных"): null

28-03-2025T12:10:53 - [TEST_STEP][PASSED] - setValueToCellByIndex(sheet01, n, 5, m): null

28-03-2025T12:10:53 - [TEST_STEP][PASSED] - setValueToCellByIndex(sheet01, n, 6, y): null

28-03-2025T12:10:53 - [TEST_STEP][PASSED] - setValueToCellByIndex(sheet01, n, 7, todaysDate): null

28-03-2025T12:10:53 - [TEST_STEP][PASSED] - n = n + 1: null

28-03-2025T12:10:53 - [TEST_STEP][FAILED] - saveWorkbook(excelFilePath, workbook01): null

28-03-2025T12:10:54 - [TEST_STEP][PASSED] - typeOfData = typeOfDataMain + " Потери": null

28-03-2025T12:10:54 - [TEST_STEP][PASSED] - if (a == 82): null

28-03-2025T12:10:54 - [TEST_STEP][PASSED] - else if (a == 84): null

28-03-2025T12:10:54 - [TEST_STEP][PASSED] - else if (a == 83 || a == 52 || a == 72 || a == 28 || a == 73 || a == 77 || a == 74 || a == 65 || a == 44 || a == 53 || a == 80 || a == 54 || a == 1 || a == 18 || a == 59 || a == 81): null

28-03-2025T12:10:54 - [TEST_STEP][PASSED] - else: null

28-03-2025T12:10:54 - [TEST_STEP][PASSED] - path = dataFolder + typeOfData + " за отчётный период " + b: null

28-03-2025T12:10:54 - [TEST_STEP][FAILED] - page = getText(findTestObject(path)): Unable to get text of object 'Object Repository/Выполнение бизнес-плана/Значения со страницы Выполнение бизнес-плана/План Потери за отчётный период Ульяновские РС' (Root cause: com.kms.katalon.core.exception.StepFailedException: Unable to get text of object 'Object Repository/Выполнение бизнес-плана/Значения со страницы Выполнение бизнес-плана/План Потери за отчётный период Ульяновские РС'
	at com.kms.katalon.core.webui.keyword.internal.WebUIKeywordMain.stepFailed(WebUIKeywordMain.groovy:64)
	at com.kms.katalon.core.webui.keyword.internal.WebUIKeywordMain.runKeyword(WebUIKeywordMain.groovy:26)
	at com.kms.katalon.core.webui.keyword.builtin.GetTextKeyword.getText(GetTextKeyword.groovy:88)
	at com.kms.katalon.core.webui.keyword.builtin.GetTextKeyword.execute(GetTextKeyword.groovy:67)
	at com.kms.katalon.core.keyword.internal.KeywordExecutor.executeKeywordForPlatform(KeywordExecutor.groovy:74)
	at com.kms.katalon.core.webui.keyword.WebUiBuiltInKeywords.getText(WebUiBuiltInKeywords.groovy:957)
	at Выполнение бизнес-плана Сверка ПАО Россети все филиалы.Numbers(Выполнение бизнес-плана Сверка ПАО Россети все филиалы:594)
	at Выполнение бизнес-плана Сверка ПАО Россети все филиалы.Filials(Выполнение бизнес-плана Сверка ПАО Россети все филиалы:993)
	at Выполнение бизнес-плана Сверка ПАО Россети все филиалы.Numbers(Выполнение бизнес-плана Сверка ПАО Россети все филиалы:751)
	at Выполнение бизнес-плана Сверка ПАО Россети все филиалы.run(Выполнение бизнес-плана Сверка ПАО Россети все филиалы:231)
	at com.kms.katalon.core.main.ScriptEngine.run(ScriptEngine.java:194)
	at com.kms.katalon.core.main.ScriptEngine.runScriptAsRawText(ScriptEngine.java:119)
	at com.kms.katalon.core.main.TestCaseExecutor.runScript(TestCaseExecutor.java:448)
	at com.kms.katalon.core.main.TestCaseExecutor.doExecute(TestCaseExecutor.java:439)
	at com.kms.katalon.core.main.TestCaseExecutor.processExecutionPhase(TestCaseExecutor.java:418)
	at com.kms.katalon.core.main.TestCaseExecutor.accessMainPhase(TestCaseExecutor.java:410)
	at com.kms.katalon.core.main.TestCaseExecutor.execute(TestCaseExecutor.java:285)
	at com.kms.katalon.core.common.CommonExecutor.accessTestCaseMainPhase(CommonExecutor.java:65)
	at com.kms.katalon.core.main.TestSuiteExecutor.accessTestSuiteMainPhase(TestSuiteExecutor.java:150)
	at com.kms.katalon.core.main.TestSuiteExecutor.execute(TestSuiteExecutor.java:106)
	at com.kms.katalon.core.main.TestCaseMain.startTestSuite(TestCaseMain.java:180)
	at TempTestSuite1743137207280.run(TempTestSuite1743137207280.groovy:35)
	at java.base/jdk.internal.reflect.NativeMethodAccessorImpl.invoke0(Native Method)
	at java.base/jdk.internal.reflect.NativeMethodAccessorImpl.invoke(NativeMethodAccessorImpl.java:77)
	at java.base/jdk.internal.reflect.DelegatingMethodAccessorImpl.invoke(DelegatingMethodAccessorImpl.java:43)
Caused by: com.kms.katalon.core.webui.exception.WebElementNotFoundException: Web element with id: 'Object Repository/Выполнение бизнес-плана/Значения со страницы Выполнение бизнес-плана/План Потери за отчётный период Ульяновские РС' located by '//div[138]/div[2]/div/div/table/tbody/tr[3]/td[6]' not found
	at com.kms.katalon.core.webui.common.WebUiCommonHelper.findWebElement(WebUiCommonHelper.java:1426)
	at com.kms.katalon.core.webui.keyword.internal.WebUIAbstractKeyword.findWebElement(WebUIAbstractKeyword.groovy:27)
	at com.kms.katalon.core.webui.keyword.internal.WebUIAbstractKeyword.findWebElement(WebUIAbstractKeyword.groovy:26)
	at com.kms.katalon.core.webui.keyword.builtin.GetTextKeyword$_getText_closure1.doCall(GetTextKeyword.groovy:78)
	at com.kms.katalon.core.webui.keyword.builtin.GetTextKeyword$_getText_closure1.call(GetTextKeyword.groovy)
	at com.kms.katalon.core.webui.keyword.internal.WebUIKeywordMain.runKeyword(WebUIKeywordMain.groovy:20)
	at com.kms.katalon.core.webui.keyword.builtin.GetTextKeyword.getText(GetTextKeyword.groovy:88)
	at com.kms.katalon.core.webui.keyword.builtin.GetTextKeyword.execute(GetTextKeyword.groovy:67)
	at com.kms.katalon.core.keyword.internal.KeywordExecutor.executeKeywordForPlatform(KeywordExecutor.groovy:74)
	at com.kms.katalon.core.webui.keyword.WebUiBuiltInKeywords.getText(WebUiBuiltInKeywords.groovy:957)
	at Script1718980020443.Numbers(Script1718980020443.groovy:594)
	at Script1718980020443.Filials(Script1718980020443.groovy:993)
	at Script1718980020443.Numbers(Script1718980020443.groovy:751)
	at Script1718980020443.run(Script1718980020443.groovy:231)
	... 15 more
)

28-03-2025T12:11:25 - [MESSAGE][INFO] - Unable to find the element located by 'By.xpath: //div[138]/div[2]/div/div/table/tbody/tr[3]/td[6]'. Please recheck the objects properties to make sure the desired element is located. 

28-03-2025T12:11:25 - [MESSAGE][FAILED] - Unable to get text of object 'Object Repository/Выполнение бизнес-плана/Значения со страницы Выполнение бизнес-плана/План Потери за отчётный период Ульяновские РС' (Root cause: com.kms.katalon.core.exception.StepFailedException: Unable to get text of object 'Object Repository/Выполнение бизнес-плана/Значения со страницы Выполнение бизнес-плана/План Потери за отчётный период Ульяновские РС'
	at com.kms.katalon.core.webui.keyword.internal.WebUIKeywordMain.stepFailed(WebUIKeywordMain.groovy:64)
	at com.kms.katalon.core.webui.keyword.internal.WebUIKeywordMain.runKeyword(WebUIKeywordMain.groovy:26)
	at com.kms.katalon.core.webui.keyword.builtin.GetTextKeyword.getText(GetTextKeyword.groovy:88)
	at com.kms.katalon.core.webui.keyword.builtin.GetTextKeyword.execute(GetTextKeyword.groovy:67)
	at com.kms.katalon.core.keyword.internal.KeywordExecutor.executeKeywordForPlatform(KeywordExecutor.groovy:74)
	at com.kms.katalon.core.webui.keyword.WebUiBuiltInKeywords.getText(WebUiBuiltInKeywords.groovy:957)
	at Выполнение бизнес-плана Сверка ПАО Россети все филиалы.Numbers(Выполнение бизнес-плана Сверка ПАО Россети все филиалы:594)
	at Выполнение бизнес-плана Сверка ПАО Россети все филиалы.Filials(Выполнение бизнес-плана Сверка ПАО Россети все филиалы:993)
	at Выполнение бизнес-плана Сверка ПАО Россети все филиалы.Numbers(Выполнение бизнес-плана Сверка ПАО Россети все филиалы:751)
	at Выполнение бизнес-плана Сверка ПАО Россети все филиалы.run(Выполнение бизнес-плана Сверка ПАО Россети все филиалы:231)
	at com.kms.katalon.core.main.ScriptEngine.run(ScriptEngine.java:194)
	at com.kms.katalon.core.main.ScriptEngine.runScriptAsRawText(ScriptEngine.java:119)
	at com.kms.katalon.core.main.TestCaseExecutor.runScript(TestCaseExecutor.java:448)
	at com.kms.katalon.core.main.TestCaseExecutor.doExecute(TestCaseExecutor.java:439)
	at com.kms.katalon.core.main.TestCaseExecutor.processExecutionPhase(TestCaseExecutor.java:418)
	at com.kms.katalon.core.main.TestCaseExecutor.accessMainPhase(TestCaseExecutor.java:410)
	at com.kms.katalon.core.main.TestCaseExecutor.execute(TestCaseExecutor.java:285)
	at com.kms.katalon.core.common.CommonExecutor.accessTestCaseMainPhase(CommonExecutor.java:65)
	at com.kms.katalon.core.main.TestSuiteExecutor.accessTestSuiteMainPhase(TestSuiteExecutor.java:150)
	at com.kms.katalon.core.main.TestSuiteExecutor.execute(TestSuiteExecutor.java:106)
	at com.kms.katalon.core.main.TestCaseMain.startTestSuite(TestCaseMain.java:180)
	at TempTestSuite1743137207280.run(TempTestSuite1743137207280.groovy:35)
	at java.base/jdk.internal.reflect.NativeMethodAccessorImpl.invoke0(Native Method)
	at java.base/jdk.internal.reflect.NativeMethodAccessorImpl.invoke(NativeMethodAccessorImpl.java:77)
	at java.base/jdk.internal.reflect.DelegatingMethodAccessorImpl.invoke(DelegatingMethodAccessorImpl.java:43)
Caused by: com.kms.katalon.core.webui.exception.WebElementNotFoundException: Web element with id: 'Object Repository/Выполнение бизнес-плана/Значения со страницы Выполнение бизнес-плана/План Потери за отчётный период Ульяновские РС' located by '//div[138]/div[2]/div/div/table/tbody/tr[3]/td[6]' not found
	at com.kms.katalon.core.webui.common.WebUiCommonHelper.findWebElement(WebUiCommonHelper.java:1426)
	at com.kms.katalon.core.webui.keyword.internal.WebUIAbstractKeyword.findWebElement(WebUIAbstractKeyword.groovy:27)
	at com.kms.katalon.core.webui.keyword.internal.WebUIAbstractKeyword.findWebElement(WebUIAbstractKeyword.groovy:26)
	at com.kms.katalon.core.webui.keyword.builtin.GetTextKeyword$_getText_closure1.doCall(GetTextKeyword.groovy:78)
	at com.kms.katalon.core.webui.keyword.builtin.GetTextKeyword$_getText_closure1.call(GetTextKeyword.groovy)
	at com.kms.katalon.core.webui.keyword.internal.WebUIKeywordMain.runKeyword(WebUIKeywordMain.groovy:20)
	at com.kms.katalon.core.webui.keyword.builtin.GetTextKeyword.getText(GetTextKeyword.groovy:88)
	at com.kms.katalon.core.webui.keyword.builtin.GetTextKeyword.execute(GetTextKeyword.groovy:67)
	at com.kms.katalon.core.keyword.internal.KeywordExecutor.executeKeywordForPlatform(KeywordExecutor.groovy:74)
	at com.kms.katalon.core.webui.keyword.WebUiBuiltInKeywords.getText(WebUiBuiltInKeywords.groovy:957)
	at Script1718980020443.Numbers(Script1718980020443.groovy:594)
	at Script1718980020443.Filials(Script1718980020443.groovy:993)
	at Script1718980020443.Numbers(Script1718980020443.groovy:751)
	at Script1718980020443.run(Script1718980020443.groovy:231)
	... 15 more
)
[[ATTACHMENT|C:\\Users\\LIAZGINA-DI\\git\\SPORU\\Reports\\20250328_074647\\\u041F\u043D-\u0421\u0440-\u041F\u0442\\\u0421\u0432\u0435\u0440\u043A\u0430 \u0434\u0430\u0448\u0431\u043E\u0440\u0434\u043E\u0432 \u0438\u0437 \u0440\u0430\u0437\u043D\u044B\u0445 \u0431\u043B\u043E\u043A\u043E\u0432\\20250328_074647\\1743153085177.png]]

28-03-2025T12:11:25 - [TEST_STEP][PASSED] - if (page == "" || page == null): null

28-03-2025T12:11:25 - [TEST_STEP][PASSED] - fileInt = poteri.toInteger(): null

28-03-2025T12:11:25 - [TEST_STEP][PASSED] - Script1718980020443.WriteToExcelNoData(a, typeOfData, todaysDate, fileInt, fileDouble, dZO): null

28-03-2025T12:11:25 - [TEST_STEP][PASSED] - sheetName = "Sheet1": null

28-03-2025T12:11:25 - [TEST_STEP][PASSED] - data = findTestData("PlanFact"): null

28-03-2025T12:11:25 - [TEST_STEP][PASSED] - n = data.getRowNumbers() + 1: null

28-03-2025T12:11:25 - [TEST_STEP][PASSED] - day = ")).toInteger(): null

28-03-2025T12:11:25 - [TEST_STEP][PASSED] - println(day): null

28-03-2025T12:11:25 - [TEST_STEP][PASSED] - month = ")).toInteger(): null

28-03-2025T12:11:25 - [TEST_STEP][PASSED] - println(month): null

28-03-2025T12:11:25 - [TEST_STEP][PASSED] - y = <not implemented yet for class: org.codehaus.groovy.ast.expr.EmptyExpression>: null

28-03-2025T12:11:25 - [TEST_STEP][PASSED] - iy = <not implemented yet for class: org.codehaus.groovy.ast.expr.EmptyExpression>: null

28-03-2025T12:11:25 - [TEST_STEP][PASSED] - m = getText(findTestObject("Выполнение бизнес-плана/Период")): Text of object 'Object Repository/Выполнение бизнес-плана/Период' is: 'Январь 2025 года'

28-03-2025T12:11:25 - [MESSAGE][PASSED] - Text of object 'Object Repository/Выполнение бизнес-плана/Период' is: 'Январь 2025 года'

28-03-2025T12:11:25 - [TEST_STEP][PASSED] - iy = m.indexOf("20"): null

28-03-2025T12:11:25 - [TEST_STEP][PASSED] - if (iy > -1): null

28-03-2025T12:11:25 - [TEST_STEP][PASSED] - y = substring(iy, iy + 4).toInteger(): null

28-03-2025T12:11:25 - [TEST_STEP][PASSED] - println(y): null

28-03-2025T12:11:25 - [TEST_STEP][PASSED] - if (toString().length() == 4): null

28-03-2025T12:11:25 - [TEST_STEP][PASSED] - m = m.substring(0, m.indexOf(y.toString())): null

28-03-2025T12:11:25 - [TEST_STEP][PASSED] - m = m.trim(): null

28-03-2025T12:11:25 - [TEST_STEP][PASSED] - if (m == ""): null

28-03-2025T12:11:25 - [TEST_STEP][PASSED] - dashboardName = "Выполнение бизнес-плана": null

28-03-2025T12:11:25 - [TEST_STEP][PASSED] - workbook01 = getWorkbook(excelFilePath): null

28-03-2025T12:11:25 - [TEST_STEP][PASSED] - sheet01 = getExcelSheet(workbook01, sheetName): null

28-03-2025T12:11:25 - [TEST_STEP][PASSED] - setValueToCellByIndex(sheet01, n, 0, dashboardName): null

28-03-2025T12:11:25 - [TEST_STEP][PASSED] - setValueToCellByIndex(sheet01, n, 1, dZO): null

28-03-2025T12:11:25 - [TEST_STEP][PASSED] - setValueToCellByIndex(sheet01, n, 2, typeOfData): null

28-03-2025T12:11:25 - [TEST_STEP][PASSED] - if (typeOfData == "Факт в процентах" || typeOfData == "План в процентах"): null

28-03-2025T12:11:25 - [TEST_STEP][PASSED] - else: null

28-03-2025T12:11:25 - [TEST_STEP][PASSED] - setValueToCellByIndex(sheet01, n, 3, fileInt): null

28-03-2025T12:11:25 - [TEST_STEP][PASSED] - setValueToCellByIndex(sheet01, n, 4, "нет данных"): null

28-03-2025T12:11:25 - [TEST_STEP][PASSED] - setValueToCellByIndex(sheet01, n, 5, m): null

28-03-2025T12:11:25 - [TEST_STEP][PASSED] - setValueToCellByIndex(sheet01, n, 6, y): null

28-03-2025T12:11:25 - [TEST_STEP][PASSED] - setValueToCellByIndex(sheet01, n, 7, todaysDate): null

28-03-2025T12:11:25 - [TEST_STEP][PASSED] - n = n + 1: null

28-03-2025T12:11:25 - [TEST_STEP][PASSED] - saveWorkbook(excelFilePath, workbook01): Object: 'Object Repository/Выполнение бизнес-плана/Кнопка Факт' is clicked on

28-03-2025T12:11:25 - [TEST_STEP][PASSED] - compare = pageOtpuskVSet: null

28-03-2025T12:11:25 - [TEST_STEP][PASSED] - if (pageOtpuskVSet != null): null

28-03-2025T12:11:25 - [TEST_STEP][PASSED] - if (compare == fileOtpuskVSet): null

28-03-2025T12:11:25 - [TEST_STEP][PASSED] - if (compare == fileOtpuskVSet): null

28-03-2025T12:11:25 - [TEST_STEP][PASSED] - compare = pagePoteri: null

28-03-2025T12:11:25 - [TEST_STEP][PASSED] - if (pageOtpuskVSet != null): null

28-03-2025T12:11:25 - [TEST_STEP][PASSED] - if (compare == filePoteri): null

28-03-2025T12:11:25 - [TEST_STEP][PASSED] - if (compare == filePoteri): null

28-03-2025T12:11:25 - [TEST_STEP][PASSED] - if (planFact == 2): Object: 'Object Repository/Выполнение бизнес-плана/Кнопка Факт' is clicked on

28-03-2025T12:11:25 - [TEST_STEP][PASSED] - click(findTestObject("Выполнение бизнес-плана/Кнопка Факт")): Object: 'Object Repository/Выполнение бизнес-плана/Кнопка Факт' is clicked on

28-03-2025T12:11:26 - [MESSAGE][PASSED] - Object: 'Object Repository/Выполнение бизнес-плана/Кнопка Факт' is clicked on

28-03-2025T12:11:26 - [TEST_STEP][PASSED] - println("a=" + a): null

28-03-2025T12:11:26 - [TEST_STEP][PASSED] - if (a == 84 || a == 82): null

28-03-2025T12:11:26 - [TEST_STEP][PASSED] - else if (a == 83 || a == 52 || a == 72 || a == 28 || a == 73 || a == 77 || a == 74 || a == 65 || a == 36 || a == 44 || a == 53 || a == 80 || a == 54 || a == 1 || a == 18 || a == 59 || a == 81): null

28-03-2025T12:11:26 - [TEST_STEP][PASSED] - else: null

28-03-2025T12:11:26 - [TEST_STEP][PASSED] - page1 = getText(findTestObject("Object Repository/Выполнение бизнес-плана/spanPlan" + filialNum)): Text of object 'Object Repository/Выполнение бизнес-плана/spanPlan4' is: '7.41
|'

28-03-2025T12:11:26 - [MESSAGE][PASSED] - Text of object 'Object Repository/Выполнение бизнес-плана/spanPlan4' is: '7.41
|'

28-03-2025T12:11:26 - [TEST_STEP][PASSED] - page1 = page1.replace("|", ""): null

28-03-2025T12:11:26 - [TEST_STEP][PASSED] - page2 = getText(findTestObject("Object Repository/Выполнение бизнес-плана/spanFact" + filialNum)): Text of object 'Object Repository/Выполнение бизнес-плана/spanFact4' is: '5.53
|'

28-03-2025T12:11:26 - [MESSAGE][PASSED] - Text of object 'Object Repository/Выполнение бизнес-плана/spanFact4' is: '5.53
|'

28-03-2025T12:11:26 - [TEST_STEP][PASSED] - page2 = page2.replace("|", ""): null

28-03-2025T12:11:26 - [TEST_STEP][PASSED] - println("page1: " + page1): null

28-03-2025T12:11:26 - [TEST_STEP][PASSED] - println("page2: " + page2): null

28-03-2025T12:11:26 - [TEST_STEP][PASSED] - file = findTestData("PlanFact").getValue(4, a): null

28-03-2025T12:11:26 - [TEST_STEP][PASSED] - file = file.replace(",", "."): null

28-03-2025T12:11:26 - [TEST_STEP][PASSED] - println("file Plan: " + file): null

28-03-2025T12:11:26 - [TEST_STEP][PASSED] - typeOfData = "План в процентах": null

28-03-2025T12:11:26 - [TEST_STEP][PASSED] - fileDouble = file.toDouble(): null

28-03-2025T12:11:26 - [TEST_STEP][PASSED] - pageDouble = page1.toDouble(): null

28-03-2025T12:11:26 - [TEST_STEP][PASSED] - if (fileDouble != pageDouble): null

28-03-2025T12:11:26 - [TEST_STEP][PASSED] - file = findTestData("PlanFact").getValue(7, a): null

28-03-2025T12:11:27 - [TEST_STEP][PASSED] - file = file.replace(",", "."): null

28-03-2025T12:11:27 - [TEST_STEP][PASSED] - println("file Fact: " + file): null

28-03-2025T12:11:27 - [TEST_STEP][PASSED] - fileDouble = file.toDouble(): null

28-03-2025T12:11:27 - [TEST_STEP][PASSED] - typeOfData = "Факт в процентах": null

28-03-2025T12:11:27 - [TEST_STEP][PASSED] - fileDouble = file.toDouble(): null

28-03-2025T12:11:27 - [TEST_STEP][PASSED] - pageDouble = page2.toDouble(): null

28-03-2025T12:11:27 - [TEST_STEP][PASSED] - if (fileDouble != pageDouble): null

28-03-2025T12:11:27 - [TEST_STEP][PASSED] - if (verifyEqual(numberOfErrors, 0) == false): Actual object '0' and expected object '0' are equal

28-03-2025T12:11:27 - [MESSAGE][PASSED] - Actual object '0' and expected object '0' are equal

28-03-2025T12:11:27 - [TEST_STEP][PASSED] - if (a == 82): null

28-03-2025T12:11:27 - [TEST_STEP][PASSED] - dZO = "Чувашэнерго": null

28-03-2025T12:11:27 - [TEST_STEP][PASSED] - a = 35: null

28-03-2025T12:11:27 - [TEST_STEP][PASSED] - if (x2.contains(dZO)): null

28-03-2025T12:11:27 - [TEST_STEP][PASSED] - filialNum = filialNum + 1: null

28-03-2025T12:11:27 - [TEST_STEP][PASSED] - Script1718980020443.Numbers(a, typeOfData, todaysDate, pageInt, fileInt, pageDouble, fileDouble, dZO, dzoNum, filialNum): null

28-03-2025T12:11:27 - [TEST_STEP][PASSED] - println(dzoNum): null

28-03-2025T12:11:27 - [TEST_STEP][PASSED] - planFact = <not implemented yet for class: org.codehaus.groovy.ast.expr.EmptyExpression>: null

28-03-2025T12:11:27 - [TEST_STEP][PASSED] - page = <not implemented yet for class: org.codehaus.groovy.ast.expr.EmptyExpression>: null

28-03-2025T12:11:27 - [TEST_STEP][PASSED] - page1 = <not implemented yet for class: org.codehaus.groovy.ast.expr.EmptyExpression>: null

28-03-2025T12:11:27 - [TEST_STEP][PASSED] - page2 = <not implemented yet for class: org.codehaus.groovy.ast.expr.EmptyExpression>: null

28-03-2025T12:11:27 - [TEST_STEP][PASSED] - filialNumberInRow = <not implemented yet for class: org.codehaus.groovy.ast.expr.EmptyExpression>: null

28-03-2025T12:11:27 - [TEST_STEP][PASSED] - filialsDzoNames = <not implemented yet for class: org.codehaus.groovy.ast.expr.EmptyExpression>: null

28-03-2025T12:11:27 - [TEST_STEP][PASSED] - numberOfFilials = <not implemented yet for class: org.codehaus.groovy.ast.expr.EmptyExpression>: null

28-03-2025T12:11:27 - [TEST_STEP][PASSED] - numberOfSpaces = <not implemented yet for class: org.codehaus.groovy.ast.expr.EmptyExpression>: null

28-03-2025T12:11:27 - [TEST_STEP][PASSED] - file = <not implemented yet for class: org.codehaus.groovy.ast.expr.EmptyExpression>: null

28-03-2025T12:11:27 - [TEST_STEP][PASSED] - otpusk = <not implemented yet for class: org.codehaus.groovy.ast.expr.EmptyExpression>: null

28-03-2025T12:11:27 - [TEST_STEP][PASSED] - poteri = <not implemented yet for class: org.codehaus.groovy.ast.expr.EmptyExpression>: null

28-03-2025T12:11:27 - [TEST_STEP][PASSED] - dataFolder = "Выполнение бизнес-плана/Значения со страницы Выполнение бизнес-плана/": null

28-03-2025T12:11:27 - [TEST_STEP][PASSED] - path = <not implemented yet for class: org.codehaus.groovy.ast.expr.EmptyExpression>: null

28-03-2025T12:11:27 - [TEST_STEP][PASSED] - typeOfDataMain = <not implemented yet for class: org.codehaus.groovy.ast.expr.EmptyExpression>: null

28-03-2025T12:11:27 - [TEST_STEP][PASSED] - fileOtpuskVSet = <not implemented yet for class: org.codehaus.groovy.ast.expr.EmptyExpression>: null

28-03-2025T12:11:27 - [TEST_STEP][PASSED] - pageOtpuskVSet = <not implemented yet for class: org.codehaus.groovy.ast.expr.EmptyExpression>: null

28-03-2025T12:11:27 - [TEST_STEP][PASSED] - filePoteri = <not implemented yet for class: org.codehaus.groovy.ast.expr.EmptyExpression>: null

28-03-2025T12:11:27 - [TEST_STEP][PASSED] - pagePoteri = <not implemented yet for class: org.codehaus.groovy.ast.expr.EmptyExpression>: null

28-03-2025T12:11:27 - [TEST_STEP][PASSED] - compare = <not implemented yet for class: org.codehaus.groovy.ast.expr.EmptyExpression>: null

28-03-2025T12:11:27 - [TEST_STEP][PASSED] - b = <not implemented yet for class: org.codehaus.groovy.ast.expr.EmptyExpression>: null

28-03-2025T12:11:27 - [TEST_STEP][PASSED] - i = <not implemented yet for class: org.codehaus.groovy.ast.expr.EmptyExpression>: null

28-03-2025T12:11:27 - [TEST_STEP][PASSED] - ii = <not implemented yet for class: org.codehaus.groovy.ast.expr.EmptyExpression>: null

28-03-2025T12:11:27 - [TEST_STEP][PASSED] - c = <not implemented yet for class: org.codehaus.groovy.ast.expr.EmptyExpression>: null

28-03-2025T12:11:27 - [TEST_STEP][PASSED] - numberOfErrors = 0: null

28-03-2025T12:11:27 - [TEST_STEP][PASSED] - if (a == 82): null

28-03-2025T12:11:27 - [TEST_STEP][PASSED] - b = findTestData("PlanFact").getValue(1, a): null

28-03-2025T12:11:27 - [TEST_STEP][PASSED] - i = b.indexOf(" (ГК)"): null

28-03-2025T12:11:27 - [TEST_STEP][PASSED] - if (i > -1): null

28-03-2025T12:11:27 - [TEST_STEP][PASSED] - i = b.indexOf("О ""): null

28-03-2025T12:11:27 - [TEST_STEP][PASSED] - if (i > -1): null

28-03-2025T12:11:27 - [TEST_STEP][PASSED] - i = b.indexOf("О «"): null

28-03-2025T12:11:27 - [TEST_STEP][PASSED] - if (i > -1): null

28-03-2025T12:11:27 - [TEST_STEP][PASSED] - i = b.indexOf("г. "): null

28-03-2025T12:11:27 - [TEST_STEP][PASSED] - if (i > -1): null

28-03-2025T12:11:27 - [TEST_STEP][PASSED] - b = b.trim(): null

28-03-2025T12:11:27 - [TEST_STEP][PASSED] - println(b): null

28-03-2025T12:11:27 - [TEST_STEP][FAILED] - for ([planFact = 1, planFact < 3, (planFact++)]): null

28-03-2025T12:11:27 - [TEST_STEP][PASSED] - if (planFact == 1): null

28-03-2025T12:11:27 - [TEST_STEP][PASSED] - typeOfDataMain = "Факт": null

28-03-2025T12:11:27 - [TEST_STEP][PASSED] - otpusk = findTestData("PlanFact").getValue(5, a): null

28-03-2025T12:11:27 - [TEST_STEP][PASSED] - poteri = findTestData("PlanFact").getValue(6, a): null

28-03-2025T12:11:27 - [TEST_STEP][PASSED] - otpusk = otpusk.replaceAll("\s+", ""): null

28-03-2025T12:11:27 - [TEST_STEP][PASSED] - poteri = poteri.replaceAll("\s+", ""): null

28-03-2025T12:11:27 - [TEST_STEP][PASSED] - typeOfData = typeOfDataMain + " Отпуск в сеть": null

28-03-2025T12:11:27 - [TEST_STEP][PASSED] - if (a == 82): null

28-03-2025T12:11:27 - [TEST_STEP][PASSED] - else if (a == 84): null

28-03-2025T12:11:27 - [TEST_STEP][PASSED] - else if (a == 83 || a == 52 || a == 72 || a == 28 || a == 73 || a == 77 || a == 74 || a == 65 || a == 36 || a == 44 || a == 53 || a == 80 || a == 54 || a == 1 || a == 18 || a == 59 || a == 81): null

28-03-2025T12:11:27 - [TEST_STEP][PASSED] - else: null

28-03-2025T12:11:27 - [TEST_STEP][PASSED] - path = dataFolder + typeOfData + " за отчётный период " + b: null

28-03-2025T12:11:27 - [TEST_STEP][PASSED] - println(path): null

28-03-2025T12:11:27 - [TEST_STEP][FAILED] - page = getText(findTestObject(path)): Unable to get text of object 'Object Repository/Выполнение бизнес-плана/Значения со страницы Выполнение бизнес-плана/Факт Отпуск в сеть за отчётный период Чувашэнерго' (Root cause: com.kms.katalon.core.exception.StepFailedException: Unable to get text of object 'Object Repository/Выполнение бизнес-плана/Значения со страницы Выполнение бизнес-плана/Факт Отпуск в сеть за отчётный период Чувашэнерго'
	at com.kms.katalon.core.webui.keyword.internal.WebUIKeywordMain.stepFailed(WebUIKeywordMain.groovy:64)
	at com.kms.katalon.core.webui.keyword.internal.WebUIKeywordMain.runKeyword(WebUIKeywordMain.groovy:26)
	at com.kms.katalon.core.webui.keyword.builtin.GetTextKeyword.getText(GetTextKeyword.groovy:88)
	at com.kms.katalon.core.webui.keyword.builtin.GetTextKeyword.execute(GetTextKeyword.groovy:67)
	at com.kms.katalon.core.keyword.internal.KeywordExecutor.executeKeywordForPlatform(KeywordExecutor.groovy:74)
	at com.kms.katalon.core.webui.keyword.WebUiBuiltInKeywords.getText(WebUiBuiltInKeywords.groovy:957)
	at Выполнение бизнес-плана Сверка ПАО Россети все филиалы.Numbers(Выполнение бизнес-плана Сверка ПАО Россети все филиалы:561)
	at Выполнение бизнес-плана Сверка ПАО Россети все филиалы.Filials(Выполнение бизнес-плана Сверка ПАО Россети все филиалы:1005)
	at Выполнение бизнес-плана Сверка ПАО Россети все филиалы.Numbers(Выполнение бизнес-плана Сверка ПАО Россети все филиалы:751)
	at Выполнение бизнес-плана Сверка ПАО Россети все филиалы.run(Выполнение бизнес-плана Сверка ПАО Россети все филиалы:231)
	at com.kms.katalon.core.main.ScriptEngine.run(ScriptEngine.java:194)
	at com.kms.katalon.core.main.ScriptEngine.runScriptAsRawText(ScriptEngine.java:119)
	at com.kms.katalon.core.main.TestCaseExecutor.runScript(TestCaseExecutor.java:448)
	at com.kms.katalon.core.main.TestCaseExecutor.doExecute(TestCaseExecutor.java:439)
	at com.kms.katalon.core.main.TestCaseExecutor.processExecutionPhase(TestCaseExecutor.java:418)
	at com.kms.katalon.core.main.TestCaseExecutor.accessMainPhase(TestCaseExecutor.java:410)
	at com.kms.katalon.core.main.TestCaseExecutor.execute(TestCaseExecutor.java:285)
	at com.kms.katalon.core.common.CommonExecutor.accessTestCaseMainPhase(CommonExecutor.java:65)
	at com.kms.katalon.core.main.TestSuiteExecutor.accessTestSuiteMainPhase(TestSuiteExecutor.java:150)
	at com.kms.katalon.core.main.TestSuiteExecutor.execute(TestSuiteExecutor.java:106)
	at com.kms.katalon.core.main.TestCaseMain.startTestSuite(TestCaseMain.java:180)
	at TempTestSuite1743137207280.run(TempTestSuite1743137207280.groovy:35)
	at java.base/jdk.internal.reflect.NativeMethodAccessorImpl.invoke0(Native Method)
	at java.base/jdk.internal.reflect.NativeMethodAccessorImpl.invoke(NativeMethodAccessorImpl.java:77)
	at java.base/jdk.internal.reflect.DelegatingMethodAccessorImpl.invoke(DelegatingMethodAccessorImpl.java:43)
Caused by: com.kms.katalon.core.webui.exception.WebElementNotFoundException: Web element with id: 'Object Repository/Выполнение бизнес-плана/Значения со страницы Выполнение бизнес-плана/Факт Отпуск в сеть за отчётный период Чувашэнерго' located by '//tr[1]/td[7]' not found
	at com.kms.katalon.core.webui.common.WebUiCommonHelper.findWebElement(WebUiCommonHelper.java:1426)
	at com.kms.katalon.core.webui.keyword.internal.WebUIAbstractKeyword.findWebElement(WebUIAbstractKeyword.groovy:27)
	at com.kms.katalon.core.webui.keyword.internal.WebUIAbstractKeyword.findWebElement(WebUIAbstractKeyword.groovy:26)
	at com.kms.katalon.core.webui.keyword.builtin.GetTextKeyword$_getText_closure1.doCall(GetTextKeyword.groovy:78)
	at com.kms.katalon.core.webui.keyword.builtin.GetTextKeyword$_getText_closure1.call(GetTextKeyword.groovy)
	at com.kms.katalon.core.webui.keyword.internal.WebUIKeywordMain.runKeyword(WebUIKeywordMain.groovy:20)
	at com.kms.katalon.core.webui.keyword.builtin.GetTextKeyword.getText(GetTextKeyword.groovy:88)
	at com.kms.katalon.core.webui.keyword.builtin.GetTextKeyword.execute(GetTextKeyword.groovy:67)
	at com.kms.katalon.core.keyword.internal.KeywordExecutor.executeKeywordForPlatform(KeywordExecutor.groovy:74)
	at com.kms.katalon.core.webui.keyword.WebUiBuiltInKeywords.getText(WebUiBuiltInKeywords.groovy:957)
	at Script1718980020443.Numbers(Script1718980020443.groovy:561)
	at Script1718980020443.Filials(Script1718980020443.groovy:1005)
	at Script1718980020443.Numbers(Script1718980020443.groovy:751)
	at Script1718980020443.run(Script1718980020443.groovy:231)
	... 15 more
)

28-03-2025T12:11:58 - [MESSAGE][INFO] - Unable to find the element located by 'By.xpath: //tr[1]/td[7]'. Please recheck the objects properties to make sure the desired element is located. 

28-03-2025T12:11:58 - [MESSAGE][FAILED] - Unable to get text of object 'Object Repository/Выполнение бизнес-плана/Значения со страницы Выполнение бизнес-плана/Факт Отпуск в сеть за отчётный период Чувашэнерго' (Root cause: com.kms.katalon.core.exception.StepFailedException: Unable to get text of object 'Object Repository/Выполнение бизнес-плана/Значения со страницы Выполнение бизнес-плана/Факт Отпуск в сеть за отчётный период Чувашэнерго'
	at com.kms.katalon.core.webui.keyword.internal.WebUIKeywordMain.stepFailed(WebUIKeywordMain.groovy:64)
	at com.kms.katalon.core.webui.keyword.internal.WebUIKeywordMain.runKeyword(WebUIKeywordMain.groovy:26)
	at com.kms.katalon.core.webui.keyword.builtin.GetTextKeyword.getText(GetTextKeyword.groovy:88)
	at com.kms.katalon.core.webui.keyword.builtin.GetTextKeyword.execute(GetTextKeyword.groovy:67)
	at com.kms.katalon.core.keyword.internal.KeywordExecutor.executeKeywordForPlatform(KeywordExecutor.groovy:74)
	at com.kms.katalon.core.webui.keyword.WebUiBuiltInKeywords.getText(WebUiBuiltInKeywords.groovy:957)
	at Выполнение бизнес-плана Сверка ПАО Россети все филиалы.Numbers(Выполнение бизнес-плана Сверка ПАО Россети все филиалы:561)
	at Выполнение бизнес-плана Сверка ПАО Россети все филиалы.Filials(Выполнение бизнес-плана Сверка ПАО Россети все филиалы:1005)
	at Выполнение бизнес-плана Сверка ПАО Россети все филиалы.Numbers(Выполнение бизнес-плана Сверка ПАО Россети все филиалы:751)
	at Выполнение бизнес-плана Сверка ПАО Россети все филиалы.run(Выполнение бизнес-плана Сверка ПАО Россети все филиалы:231)
	at com.kms.katalon.core.main.ScriptEngine.run(ScriptEngine.java:194)
	at com.kms.katalon.core.main.ScriptEngine.runScriptAsRawText(ScriptEngine.java:119)
	at com.kms.katalon.core.main.TestCaseExecutor.runScript(TestCaseExecutor.java:448)
	at com.kms.katalon.core.main.TestCaseExecutor.doExecute(TestCaseExecutor.java:439)
	at com.kms.katalon.core.main.TestCaseExecutor.processExecutionPhase(TestCaseExecutor.java:418)
	at com.kms.katalon.core.main.TestCaseExecutor.accessMainPhase(TestCaseExecutor.java:410)
	at com.kms.katalon.core.main.TestCaseExecutor.execute(TestCaseExecutor.java:285)
	at com.kms.katalon.core.common.CommonExecutor.accessTestCaseMainPhase(CommonExecutor.java:65)
	at com.kms.katalon.core.main.TestSuiteExecutor.accessTestSuiteMainPhase(TestSuiteExecutor.java:150)
	at com.kms.katalon.core.main.TestSuiteExecutor.execute(TestSuiteExecutor.java:106)
	at com.kms.katalon.core.main.TestCaseMain.startTestSuite(TestCaseMain.java:180)
	at TempTestSuite1743137207280.run(TempTestSuite1743137207280.groovy:35)
	at java.base/jdk.internal.reflect.NativeMethodAccessorImpl.invoke0(Native Method)
	at java.base/jdk.internal.reflect.NativeMethodAccessorImpl.invoke(NativeMethodAccessorImpl.java:77)
	at java.base/jdk.internal.reflect.DelegatingMethodAccessorImpl.invoke(DelegatingMethodAccessorImpl.java:43)
Caused by: com.kms.katalon.core.webui.exception.WebElementNotFoundException: Web element with id: 'Object Repository/Выполнение бизнес-плана/Значения со страницы Выполнение бизнес-плана/Факт Отпуск в сеть за отчётный период Чувашэнерго' located by '//tr[1]/td[7]' not found
	at com.kms.katalon.core.webui.common.WebUiCommonHelper.findWebElement(WebUiCommonHelper.java:1426)
	at com.kms.katalon.core.webui.keyword.internal.WebUIAbstractKeyword.findWebElement(WebUIAbstractKeyword.groovy:27)
	at com.kms.katalon.core.webui.keyword.internal.WebUIAbstractKeyword.findWebElement(WebUIAbstractKeyword.groovy:26)
	at com.kms.katalon.core.webui.keyword.builtin.GetTextKeyword$_getText_closure1.doCall(GetTextKeyword.groovy:78)
	at com.kms.katalon.core.webui.keyword.builtin.GetTextKeyword$_getText_closure1.call(GetTextKeyword.groovy)
	at com.kms.katalon.core.webui.keyword.internal.WebUIKeywordMain.runKeyword(WebUIKeywordMain.groovy:20)
	at com.kms.katalon.core.webui.keyword.builtin.GetTextKeyword.getText(GetTextKeyword.groovy:88)
	at com.kms.katalon.core.webui.keyword.builtin.GetTextKeyword.execute(GetTextKeyword.groovy:67)
	at com.kms.katalon.core.keyword.internal.KeywordExecutor.executeKeywordForPlatform(KeywordExecutor.groovy:74)
	at com.kms.katalon.core.webui.keyword.WebUiBuiltInKeywords.getText(WebUiBuiltInKeywords.groovy:957)
	at Script1718980020443.Numbers(Script1718980020443.groovy:561)
	at Script1718980020443.Filials(Script1718980020443.groovy:1005)
	at Script1718980020443.Numbers(Script1718980020443.groovy:751)
	at Script1718980020443.run(Script1718980020443.groovy:231)
	... 15 more
)
[[ATTACHMENT|C:\\Users\\LIAZGINA-DI\\git\\SPORU\\Reports\\20250328_074647\\\u041F\u043D-\u0421\u0440-\u041F\u0442\\\u0421\u0432\u0435\u0440\u043A\u0430 \u0434\u0430\u0448\u0431\u043E\u0440\u0434\u043E\u0432 \u0438\u0437 \u0440\u0430\u0437\u043D\u044B\u0445 \u0431\u043B\u043E\u043A\u043E\u0432\\20250328_074647\\1743153118330.png]]

28-03-2025T12:11:58 - [TEST_STEP][PASSED] - if (page == "" || page == null): null

28-03-2025T12:11:58 - [TEST_STEP][PASSED] - fileInt = otpusk.toInteger(): null

28-03-2025T12:11:58 - [TEST_STEP][PASSED] - Script1718980020443.WriteToExcelNoData(a, typeOfData, todaysDate, fileInt, fileDouble, dZO): null

28-03-2025T12:11:58 - [TEST_STEP][PASSED] - sheetName = "Sheet1": null

28-03-2025T12:11:58 - [TEST_STEP][PASSED] - data = findTestData("PlanFact"): null

28-03-2025T12:11:58 - [TEST_STEP][PASSED] - n = data.getRowNumbers() + 1: null

28-03-2025T12:11:58 - [TEST_STEP][PASSED] - day = ")).toInteger(): null

28-03-2025T12:11:58 - [TEST_STEP][PASSED] - println(day): null

28-03-2025T12:11:58 - [TEST_STEP][PASSED] - month = ")).toInteger(): null

28-03-2025T12:11:58 - [TEST_STEP][PASSED] - println(month): null

28-03-2025T12:11:58 - [TEST_STEP][PASSED] - y = <not implemented yet for class: org.codehaus.groovy.ast.expr.EmptyExpression>: null

28-03-2025T12:11:58 - [TEST_STEP][PASSED] - iy = <not implemented yet for class: org.codehaus.groovy.ast.expr.EmptyExpression>: null

28-03-2025T12:11:58 - [TEST_STEP][PASSED] - m = getText(findTestObject("Выполнение бизнес-плана/Период")): Text of object 'Object Repository/Выполнение бизнес-плана/Период' is: 'Январь 2025 года'

28-03-2025T12:11:58 - [MESSAGE][PASSED] - Text of object 'Object Repository/Выполнение бизнес-плана/Период' is: 'Январь 2025 года'

28-03-2025T12:11:58 - [TEST_STEP][PASSED] - iy = m.indexOf("20"): null

28-03-2025T12:11:58 - [TEST_STEP][PASSED] - if (iy > -1): null

28-03-2025T12:11:58 - [TEST_STEP][PASSED] - y = substring(iy, iy + 4).toInteger(): null

28-03-2025T12:11:58 - [TEST_STEP][PASSED] - println(y): null

28-03-2025T12:11:58 - [TEST_STEP][PASSED] - if (toString().length() == 4): null

28-03-2025T12:11:58 - [TEST_STEP][PASSED] - m = m.substring(0, m.indexOf(y.toString())): null

28-03-2025T12:11:58 - [TEST_STEP][PASSED] - m = m.trim(): null

28-03-2025T12:11:58 - [TEST_STEP][PASSED] - if (m == ""): null

28-03-2025T12:11:58 - [TEST_STEP][PASSED] - dashboardName = "Выполнение бизнес-плана": null

28-03-2025T12:11:58 - [TEST_STEP][PASSED] - workbook01 = getWorkbook(excelFilePath): null

28-03-2025T12:11:58 - [TEST_STEP][PASSED] - sheet01 = getExcelSheet(workbook01, sheetName): null

28-03-2025T12:11:58 - [TEST_STEP][PASSED] - setValueToCellByIndex(sheet01, n, 0, dashboardName): null

28-03-2025T12:11:58 - [TEST_STEP][PASSED] - setValueToCellByIndex(sheet01, n, 1, dZO): null

28-03-2025T12:11:58 - [TEST_STEP][PASSED] - setValueToCellByIndex(sheet01, n, 2, typeOfData): null

28-03-2025T12:11:58 - [TEST_STEP][PASSED] - if (typeOfData == "Факт в процентах" || typeOfData == "План в процентах"): null

28-03-2025T12:11:58 - [TEST_STEP][PASSED] - else: null

28-03-2025T12:11:58 - [TEST_STEP][PASSED] - setValueToCellByIndex(sheet01, n, 3, fileInt): null

28-03-2025T12:11:58 - [TEST_STEP][PASSED] - setValueToCellByIndex(sheet01, n, 4, "нет данных"): null

28-03-2025T12:11:58 - [TEST_STEP][PASSED] - setValueToCellByIndex(sheet01, n, 5, m): null

28-03-2025T12:11:58 - [TEST_STEP][PASSED] - setValueToCellByIndex(sheet01, n, 6, y): null

28-03-2025T12:11:58 - [TEST_STEP][PASSED] - setValueToCellByIndex(sheet01, n, 7, todaysDate): null

28-03-2025T12:11:58 - [TEST_STEP][PASSED] - n = n + 1: null

28-03-2025T12:11:58 - [TEST_STEP][FAILED] - saveWorkbook(excelFilePath, workbook01): null

28-03-2025T12:11:59 - [TEST_STEP][PASSED] - typeOfData = typeOfDataMain + " Потери": null

28-03-2025T12:11:59 - [TEST_STEP][PASSED] - if (a == 82): null

28-03-2025T12:11:59 - [TEST_STEP][PASSED] - else if (a == 84): null

28-03-2025T12:11:59 - [TEST_STEP][PASSED] - else if (a == 83 || a == 52 || a == 72 || a == 28 || a == 73 || a == 77 || a == 74 || a == 65 || a == 44 || a == 53 || a == 80 || a == 54 || a == 1 || a == 18 || a == 59 || a == 81): null

28-03-2025T12:11:59 - [TEST_STEP][PASSED] - else: null

28-03-2025T12:11:59 - [TEST_STEP][PASSED] - path = dataFolder + typeOfData + " за отчётный период " + b: null

28-03-2025T12:11:59 - [TEST_STEP][FAILED] - page = getText(findTestObject(path)): Unable to get text of object 'Object Repository/Выполнение бизнес-плана/Значения со страницы Выполнение бизнес-плана/Факт Потери за отчётный период Чувашэнерго' (Root cause: com.kms.katalon.core.exception.StepFailedException: Unable to get text of object 'Object Repository/Выполнение бизнес-плана/Значения со страницы Выполнение бизнес-плана/Факт Потери за отчётный период Чувашэнерго'
	at com.kms.katalon.core.webui.keyword.internal.WebUIKeywordMain.stepFailed(WebUIKeywordMain.groovy:64)
	at com.kms.katalon.core.webui.keyword.internal.WebUIKeywordMain.runKeyword(WebUIKeywordMain.groovy:26)
	at com.kms.katalon.core.webui.keyword.builtin.GetTextKeyword.getText(GetTextKeyword.groovy:88)
	at com.kms.katalon.core.webui.keyword.builtin.GetTextKeyword.execute(GetTextKeyword.groovy:67)
	at com.kms.katalon.core.keyword.internal.KeywordExecutor.executeKeywordForPlatform(KeywordExecutor.groovy:74)
	at com.kms.katalon.core.webui.keyword.WebUiBuiltInKeywords.getText(WebUiBuiltInKeywords.groovy:957)
	at Выполнение бизнес-плана Сверка ПАО Россети все филиалы.Numbers(Выполнение бизнес-плана Сверка ПАО Россети все филиалы:594)
	at Выполнение бизнес-плана Сверка ПАО Россети все филиалы.Filials(Выполнение бизнес-плана Сверка ПАО Россети все филиалы:1005)
	at Выполнение бизнес-плана Сверка ПАО Россети все филиалы.Numbers(Выполнение бизнес-плана Сверка ПАО Россети все филиалы:751)
	at Выполнение бизнес-плана Сверка ПАО Россети все филиалы.run(Выполнение бизнес-плана Сверка ПАО Россети все филиалы:231)
	at com.kms.katalon.core.main.ScriptEngine.run(ScriptEngine.java:194)
	at com.kms.katalon.core.main.ScriptEngine.runScriptAsRawText(ScriptEngine.java:119)
	at com.kms.katalon.core.main.TestCaseExecutor.runScript(TestCaseExecutor.java:448)
	at com.kms.katalon.core.main.TestCaseExecutor.doExecute(TestCaseExecutor.java:439)
	at com.kms.katalon.core.main.TestCaseExecutor.processExecutionPhase(TestCaseExecutor.java:418)
	at com.kms.katalon.core.main.TestCaseExecutor.accessMainPhase(TestCaseExecutor.java:410)
	at com.kms.katalon.core.main.TestCaseExecutor.execute(TestCaseExecutor.java:285)
	at com.kms.katalon.core.common.CommonExecutor.accessTestCaseMainPhase(CommonExecutor.java:65)
	at com.kms.katalon.core.main.TestSuiteExecutor.accessTestSuiteMainPhase(TestSuiteExecutor.java:150)
	at com.kms.katalon.core.main.TestSuiteExecutor.execute(TestSuiteExecutor.java:106)
	at com.kms.katalon.core.main.TestCaseMain.startTestSuite(TestCaseMain.java:180)
	at TempTestSuite1743137207280.run(TempTestSuite1743137207280.groovy:35)
	at java.base/jdk.internal.reflect.NativeMethodAccessorImpl.invoke0(Native Method)
	at java.base/jdk.internal.reflect.NativeMethodAccessorImpl.invoke(NativeMethodAccessorImpl.java:77)
	at java.base/jdk.internal.reflect.DelegatingMethodAccessorImpl.invoke(DelegatingMethodAccessorImpl.java:43)
Caused by: com.kms.katalon.core.webui.exception.WebElementNotFoundException: Web element with id: 'Object Repository/Выполнение бизнес-плана/Значения со страницы Выполнение бизнес-плана/Факт Потери за отчётный период Чувашэнерго' located by '//tr[3]/td[7]' not found
	at com.kms.katalon.core.webui.common.WebUiCommonHelper.findWebElement(WebUiCommonHelper.java:1426)
	at com.kms.katalon.core.webui.keyword.internal.WebUIAbstractKeyword.findWebElement(WebUIAbstractKeyword.groovy:27)
	at com.kms.katalon.core.webui.keyword.internal.WebUIAbstractKeyword.findWebElement(WebUIAbstractKeyword.groovy:26)
	at com.kms.katalon.core.webui.keyword.builtin.GetTextKeyword$_getText_closure1.doCall(GetTextKeyword.groovy:78)
	at com.kms.katalon.core.webui.keyword.builtin.GetTextKeyword$_getText_closure1.call(GetTextKeyword.groovy)
	at com.kms.katalon.core.webui.keyword.internal.WebUIKeywordMain.runKeyword(WebUIKeywordMain.groovy:20)
	at com.kms.katalon.core.webui.keyword.builtin.GetTextKeyword.getText(GetTextKeyword.groovy:88)
	at com.kms.katalon.core.webui.keyword.builtin.GetTextKeyword.execute(GetTextKeyword.groovy:67)
	at com.kms.katalon.core.keyword.internal.KeywordExecutor.executeKeywordForPlatform(KeywordExecutor.groovy:74)
	at com.kms.katalon.core.webui.keyword.WebUiBuiltInKeywords.getText(WebUiBuiltInKeywords.groovy:957)
	at Script1718980020443.Numbers(Script1718980020443.groovy:594)
	at Script1718980020443.Filials(Script1718980020443.groovy:1005)
	at Script1718980020443.Numbers(Script1718980020443.groovy:751)
	at Script1718980020443.run(Script1718980020443.groovy:231)
	... 15 more
)

28-03-2025T12:12:30 - [MESSAGE][INFO] - Unable to find the element located by 'By.xpath: //tr[3]/td[7]'. Please recheck the objects properties to make sure the desired element is located. 

28-03-2025T12:12:30 - [MESSAGE][FAILED] - Unable to get text of object 'Object Repository/Выполнение бизнес-плана/Значения со страницы Выполнение бизнес-плана/Факт Потери за отчётный период Чувашэнерго' (Root cause: com.kms.katalon.core.exception.StepFailedException: Unable to get text of object 'Object Repository/Выполнение бизнес-плана/Значения со страницы Выполнение бизнес-плана/Факт Потери за отчётный период Чувашэнерго'
	at com.kms.katalon.core.webui.keyword.internal.WebUIKeywordMain.stepFailed(WebUIKeywordMain.groovy:64)
	at com.kms.katalon.core.webui.keyword.internal.WebUIKeywordMain.runKeyword(WebUIKeywordMain.groovy:26)
	at com.kms.katalon.core.webui.keyword.builtin.GetTextKeyword.getText(GetTextKeyword.groovy:88)
	at com.kms.katalon.core.webui.keyword.builtin.GetTextKeyword.execute(GetTextKeyword.groovy:67)
	at com.kms.katalon.core.keyword.internal.KeywordExecutor.executeKeywordForPlatform(KeywordExecutor.groovy:74)
	at com.kms.katalon.core.webui.keyword.WebUiBuiltInKeywords.getText(WebUiBuiltInKeywords.groovy:957)
	at Выполнение бизнес-плана Сверка ПАО Россети все филиалы.Numbers(Выполнение бизнес-плана Сверка ПАО Россети все филиалы:594)
	at Выполнение бизнес-плана Сверка ПАО Россети все филиалы.Filials(Выполнение бизнес-плана Сверка ПАО Россети все филиалы:1005)
	at Выполнение бизнес-плана Сверка ПАО Россети все филиалы.Numbers(Выполнение бизнес-плана Сверка ПАО Россети все филиалы:751)
	at Выполнение бизнес-плана Сверка ПАО Россети все филиалы.run(Выполнение бизнес-плана Сверка ПАО Россети все филиалы:231)
	at com.kms.katalon.core.main.ScriptEngine.run(ScriptEngine.java:194)
	at com.kms.katalon.core.main.ScriptEngine.runScriptAsRawText(ScriptEngine.java:119)
	at com.kms.katalon.core.main.TestCaseExecutor.runScript(TestCaseExecutor.java:448)
	at com.kms.katalon.core.main.TestCaseExecutor.doExecute(TestCaseExecutor.java:439)
	at com.kms.katalon.core.main.TestCaseExecutor.processExecutionPhase(TestCaseExecutor.java:418)
	at com.kms.katalon.core.main.TestCaseExecutor.accessMainPhase(TestCaseExecutor.java:410)
	at com.kms.katalon.core.main.TestCaseExecutor.execute(TestCaseExecutor.java:285)
	at com.kms.katalon.core.common.CommonExecutor.accessTestCaseMainPhase(CommonExecutor.java:65)
	at com.kms.katalon.core.main.TestSuiteExecutor.accessTestSuiteMainPhase(TestSuiteExecutor.java:150)
	at com.kms.katalon.core.main.TestSuiteExecutor.execute(TestSuiteExecutor.java:106)
	at com.kms.katalon.core.main.TestCaseMain.startTestSuite(TestCaseMain.java:180)
	at TempTestSuite1743137207280.run(TempTestSuite1743137207280.groovy:35)
	at java.base/jdk.internal.reflect.NativeMethodAccessorImpl.invoke0(Native Method)
	at java.base/jdk.internal.reflect.NativeMethodAccessorImpl.invoke(NativeMethodAccessorImpl.java:77)
	at java.base/jdk.internal.reflect.DelegatingMethodAccessorImpl.invoke(DelegatingMethodAccessorImpl.java:43)
Caused by: com.kms.katalon.core.webui.exception.WebElementNotFoundException: Web element with id: 'Object Repository/Выполнение бизнес-плана/Значения со страницы Выполнение бизнес-плана/Факт Потери за отчётный период Чувашэнерго' located by '//tr[3]/td[7]' not found
	at com.kms.katalon.core.webui.common.WebUiCommonHelper.findWebElement(WebUiCommonHelper.java:1426)
	at com.kms.katalon.core.webui.keyword.internal.WebUIAbstractKeyword.findWebElement(WebUIAbstractKeyword.groovy:27)
	at com.kms.katalon.core.webui.keyword.internal.WebUIAbstractKeyword.findWebElement(WebUIAbstractKeyword.groovy:26)
	at com.kms.katalon.core.webui.keyword.builtin.GetTextKeyword$_getText_closure1.doCall(GetTextKeyword.groovy:78)
	at com.kms.katalon.core.webui.keyword.builtin.GetTextKeyword$_getText_closure1.call(GetTextKeyword.groovy)
	at com.kms.katalon.core.webui.keyword.internal.WebUIKeywordMain.runKeyword(WebUIKeywordMain.groovy:20)
	at com.kms.katalon.core.webui.keyword.builtin.GetTextKeyword.getText(GetTextKeyword.groovy:88)
	at com.kms.katalon.core.webui.keyword.builtin.GetTextKeyword.execute(GetTextKeyword.groovy:67)
	at com.kms.katalon.core.keyword.internal.KeywordExecutor.executeKeywordForPlatform(KeywordExecutor.groovy:74)
	at com.kms.katalon.core.webui.keyword.WebUiBuiltInKeywords.getText(WebUiBuiltInKeywords.groovy:957)
	at Script1718980020443.Numbers(Script1718980020443.groovy:594)
	at Script1718980020443.Filials(Script1718980020443.groovy:1005)
	at Script1718980020443.Numbers(Script1718980020443.groovy:751)
	at Script1718980020443.run(Script1718980020443.groovy:231)
	... 15 more
)
[[ATTACHMENT|C:\\Users\\LIAZGINA-DI\\git\\SPORU\\Reports\\20250328_074647\\\u041F\u043D-\u0421\u0440-\u041F\u0442\\\u0421\u0432\u0435\u0440\u043A\u0430 \u0434\u0430\u0448\u0431\u043E\u0440\u0434\u043E\u0432 \u0438\u0437 \u0440\u0430\u0437\u043D\u044B\u0445 \u0431\u043B\u043E\u043A\u043E\u0432\\20250328_074647\\1743153150098.png]]

28-03-2025T12:12:30 - [TEST_STEP][PASSED] - if (page == "" || page == null): null

28-03-2025T12:12:30 - [TEST_STEP][PASSED] - fileInt = poteri.toInteger(): null

28-03-2025T12:12:30 - [TEST_STEP][PASSED] - Script1718980020443.WriteToExcelNoData(a, typeOfData, todaysDate, fileInt, fileDouble, dZO): null

28-03-2025T12:12:30 - [TEST_STEP][PASSED] - sheetName = "Sheet1": null

28-03-2025T12:12:30 - [TEST_STEP][PASSED] - data = findTestData("PlanFact"): null

28-03-2025T12:12:30 - [TEST_STEP][PASSED] - n = data.getRowNumbers() + 1: null

28-03-2025T12:12:30 - [TEST_STEP][PASSED] - day = ")).toInteger(): null

28-03-2025T12:12:30 - [TEST_STEP][PASSED] - println(day): null

28-03-2025T12:12:30 - [TEST_STEP][PASSED] - month = ")).toInteger(): null

28-03-2025T12:12:30 - [TEST_STEP][PASSED] - println(month): null

28-03-2025T12:12:30 - [TEST_STEP][PASSED] - y = <not implemented yet for class: org.codehaus.groovy.ast.expr.EmptyExpression>: null

28-03-2025T12:12:30 - [TEST_STEP][PASSED] - iy = <not implemented yet for class: org.codehaus.groovy.ast.expr.EmptyExpression>: null

28-03-2025T12:12:30 - [TEST_STEP][PASSED] - m = getText(findTestObject("Выполнение бизнес-плана/Период")): Text of object 'Object Repository/Выполнение бизнес-плана/Период' is: 'Январь 2025 года'

28-03-2025T12:12:30 - [MESSAGE][PASSED] - Text of object 'Object Repository/Выполнение бизнес-плана/Период' is: 'Январь 2025 года'

28-03-2025T12:12:30 - [TEST_STEP][PASSED] - iy = m.indexOf("20"): null

28-03-2025T12:12:30 - [TEST_STEP][PASSED] - if (iy > -1): null

28-03-2025T12:12:30 - [TEST_STEP][PASSED] - y = substring(iy, iy + 4).toInteger(): null

28-03-2025T12:12:30 - [TEST_STEP][PASSED] - println(y): null

28-03-2025T12:12:30 - [TEST_STEP][PASSED] - if (toString().length() == 4): null

28-03-2025T12:12:30 - [TEST_STEP][PASSED] - m = m.substring(0, m.indexOf(y.toString())): null

28-03-2025T12:12:30 - [TEST_STEP][PASSED] - m = m.trim(): null

28-03-2025T12:12:30 - [TEST_STEP][PASSED] - if (m == ""): null

28-03-2025T12:12:30 - [TEST_STEP][PASSED] - dashboardName = "Выполнение бизнес-плана": null

28-03-2025T12:12:30 - [TEST_STEP][PASSED] - workbook01 = getWorkbook(excelFilePath): null

28-03-2025T12:12:30 - [TEST_STEP][PASSED] - sheet01 = getExcelSheet(workbook01, sheetName): null

28-03-2025T12:12:30 - [TEST_STEP][PASSED] - setValueToCellByIndex(sheet01, n, 0, dashboardName): null

28-03-2025T12:12:30 - [TEST_STEP][PASSED] - setValueToCellByIndex(sheet01, n, 1, dZO): null

28-03-2025T12:12:30 - [TEST_STEP][PASSED] - setValueToCellByIndex(sheet01, n, 2, typeOfData): null

28-03-2025T12:12:30 - [TEST_STEP][PASSED] - if (typeOfData == "Факт в процентах" || typeOfData == "План в процентах"): null

28-03-2025T12:12:30 - [TEST_STEP][PASSED] - else: null

28-03-2025T12:12:30 - [TEST_STEP][PASSED] - setValueToCellByIndex(sheet01, n, 3, fileInt): null

28-03-2025T12:12:30 - [TEST_STEP][PASSED] - setValueToCellByIndex(sheet01, n, 4, "нет данных"): null

28-03-2025T12:12:30 - [TEST_STEP][PASSED] - setValueToCellByIndex(sheet01, n, 5, m): null

28-03-2025T12:12:30 - [TEST_STEP][PASSED] - setValueToCellByIndex(sheet01, n, 6, y): null

28-03-2025T12:12:30 - [TEST_STEP][PASSED] - setValueToCellByIndex(sheet01, n, 7, todaysDate): null

28-03-2025T12:12:30 - [TEST_STEP][PASSED] - n = n + 1: null

28-03-2025T12:12:30 - [TEST_STEP][FAILED] - saveWorkbook(excelFilePath, workbook01): null

28-03-2025T12:12:30 - [TEST_STEP][PASSED] - compare = pageOtpuskVSet: null

28-03-2025T12:12:30 - [TEST_STEP][PASSED] - if (pageOtpuskVSet != null): null

28-03-2025T12:12:30 - [TEST_STEP][PASSED] - if (compare == fileOtpuskVSet): null

28-03-2025T12:12:30 - [TEST_STEP][PASSED] - if (compare == fileOtpuskVSet): null

28-03-2025T12:12:30 - [TEST_STEP][PASSED] - compare = pagePoteri: null

28-03-2025T12:12:30 - [TEST_STEP][PASSED] - if (pageOtpuskVSet != null): null

28-03-2025T12:12:30 - [TEST_STEP][PASSED] - if (compare == filePoteri): null

28-03-2025T12:12:30 - [TEST_STEP][PASSED] - if (compare == filePoteri): null

28-03-2025T12:12:30 - [TEST_STEP][PASSED] - if (planFact == 2): null

28-03-2025T12:12:30 - [TEST_STEP][PASSED] - if (planFact == 1): null

28-03-2025T12:12:30 - [TEST_STEP][PASSED] - else if (planFact == 2): null

28-03-2025T12:12:30 - [TEST_STEP][PASSED] - click(findTestObject("Выполнение бизнес-плана/Кнопка План")): Object: 'Object Repository/Выполнение бизнес-плана/Кнопка План' is clicked on

28-03-2025T12:12:31 - [MESSAGE][PASSED] - Object: 'Object Repository/Выполнение бизнес-плана/Кнопка План' is clicked on

28-03-2025T12:12:31 - [TEST_STEP][PASSED] - typeOfDataMain = "План": null

28-03-2025T12:12:31 - [TEST_STEP][PASSED] - otpusk = findTestData("PlanFact").getValue(2, a): null

28-03-2025T12:12:31 - [TEST_STEP][PASSED] - poteri = findTestData("PlanFact").getValue(3, a): null

28-03-2025T12:12:31 - [TEST_STEP][PASSED] - otpusk = otpusk.replaceAll("\s+", ""): null

28-03-2025T12:12:31 - [TEST_STEP][PASSED] - poteri = poteri.replaceAll("\s+", ""): null

28-03-2025T12:12:31 - [TEST_STEP][PASSED] - typeOfData = typeOfDataMain + " Отпуск в сеть": null

28-03-2025T12:12:31 - [TEST_STEP][PASSED] - if (a == 82): null

28-03-2025T12:12:31 - [TEST_STEP][PASSED] - else if (a == 84): null

28-03-2025T12:12:31 - [TEST_STEP][PASSED] - else if (a == 83 || a == 52 || a == 72 || a == 28 || a == 73 || a == 77 || a == 74 || a == 65 || a == 36 || a == 44 || a == 53 || a == 80 || a == 54 || a == 1 || a == 18 || a == 59 || a == 81): null

28-03-2025T12:12:31 - [TEST_STEP][PASSED] - else: null

28-03-2025T12:12:31 - [TEST_STEP][PASSED] - path = dataFolder + typeOfData + " за отчётный период " + b: null

28-03-2025T12:12:31 - [TEST_STEP][PASSED] - println(path): null

28-03-2025T12:12:31 - [TEST_STEP][FAILED] - page = getText(findTestObject(path)): Unable to get text of object 'Object Repository/Выполнение бизнес-плана/Значения со страницы Выполнение бизнес-плана/План Отпуск в сеть за отчётный период Чувашэнерго' (Root cause: com.kms.katalon.core.exception.StepFailedException: Unable to get text of object 'Object Repository/Выполнение бизнес-плана/Значения со страницы Выполнение бизнес-плана/План Отпуск в сеть за отчётный период Чувашэнерго'
	at com.kms.katalon.core.webui.keyword.internal.WebUIKeywordMain.stepFailed(WebUIKeywordMain.groovy:64)
	at com.kms.katalon.core.webui.keyword.internal.WebUIKeywordMain.runKeyword(WebUIKeywordMain.groovy:26)
	at com.kms.katalon.core.webui.keyword.builtin.GetTextKeyword.getText(GetTextKeyword.groovy:88)
	at com.kms.katalon.core.webui.keyword.builtin.GetTextKeyword.execute(GetTextKeyword.groovy:67)
	at com.kms.katalon.core.keyword.internal.KeywordExecutor.executeKeywordForPlatform(KeywordExecutor.groovy:74)
	at com.kms.katalon.core.webui.keyword.WebUiBuiltInKeywords.getText(WebUiBuiltInKeywords.groovy:957)
	at Выполнение бизнес-плана Сверка ПАО Россети все филиалы.Numbers(Выполнение бизнес-плана Сверка ПАО Россети все филиалы:561)
	at Выполнение бизнес-плана Сверка ПАО Россети все филиалы.Filials(Выполнение бизнес-плана Сверка ПАО Россети все филиалы:1005)
	at Выполнение бизнес-плана Сверка ПАО Россети все филиалы.Numbers(Выполнение бизнес-плана Сверка ПАО Россети все филиалы:751)
	at Выполнение бизнес-плана Сверка ПАО Россети все филиалы.run(Выполнение бизнес-плана Сверка ПАО Россети все филиалы:231)
	at com.kms.katalon.core.main.ScriptEngine.run(ScriptEngine.java:194)
	at com.kms.katalon.core.main.ScriptEngine.runScriptAsRawText(ScriptEngine.java:119)
	at com.kms.katalon.core.main.TestCaseExecutor.runScript(TestCaseExecutor.java:448)
	at com.kms.katalon.core.main.TestCaseExecutor.doExecute(TestCaseExecutor.java:439)
	at com.kms.katalon.core.main.TestCaseExecutor.processExecutionPhase(TestCaseExecutor.java:418)
	at com.kms.katalon.core.main.TestCaseExecutor.accessMainPhase(TestCaseExecutor.java:410)
	at com.kms.katalon.core.main.TestCaseExecutor.execute(TestCaseExecutor.java:285)
	at com.kms.katalon.core.common.CommonExecutor.accessTestCaseMainPhase(CommonExecutor.java:65)
	at com.kms.katalon.core.main.TestSuiteExecutor.accessTestSuiteMainPhase(TestSuiteExecutor.java:150)
	at com.kms.katalon.core.main.TestSuiteExecutor.execute(TestSuiteExecutor.java:106)
	at com.kms.katalon.core.main.TestCaseMain.startTestSuite(TestCaseMain.java:180)
	at TempTestSuite1743137207280.run(TempTestSuite1743137207280.groovy:35)
	at java.base/jdk.internal.reflect.NativeMethodAccessorImpl.invoke0(Native Method)
	at java.base/jdk.internal.reflect.NativeMethodAccessorImpl.invoke(NativeMethodAccessorImpl.java:77)
	at java.base/jdk.internal.reflect.DelegatingMethodAccessorImpl.invoke(DelegatingMethodAccessorImpl.java:43)
Caused by: com.kms.katalon.core.webui.exception.WebElementNotFoundException: Web element with id: 'Object Repository/Выполнение бизнес-плана/Значения со страницы Выполнение бизнес-плана/План Отпуск в сеть за отчётный период Чувашэнерго' located by '//div[138]/div[2]/div/div/table/tbody/tr/td[7]' not found
	at com.kms.katalon.core.webui.common.WebUiCommonHelper.findWebElement(WebUiCommonHelper.java:1426)
	at com.kms.katalon.core.webui.keyword.internal.WebUIAbstractKeyword.findWebElement(WebUIAbstractKeyword.groovy:27)
	at com.kms.katalon.core.webui.keyword.internal.WebUIAbstractKeyword.findWebElement(WebUIAbstractKeyword.groovy:26)
	at com.kms.katalon.core.webui.keyword.builtin.GetTextKeyword$_getText_closure1.doCall(GetTextKeyword.groovy:78)
	at com.kms.katalon.core.webui.keyword.builtin.GetTextKeyword$_getText_closure1.call(GetTextKeyword.groovy)
	at com.kms.katalon.core.webui.keyword.internal.WebUIKeywordMain.runKeyword(WebUIKeywordMain.groovy:20)
	at com.kms.katalon.core.webui.keyword.builtin.GetTextKeyword.getText(GetTextKeyword.groovy:88)
	at com.kms.katalon.core.webui.keyword.builtin.GetTextKeyword.execute(GetTextKeyword.groovy:67)
	at com.kms.katalon.core.keyword.internal.KeywordExecutor.executeKeywordForPlatform(KeywordExecutor.groovy:74)
	at com.kms.katalon.core.webui.keyword.WebUiBuiltInKeywords.getText(WebUiBuiltInKeywords.groovy:957)
	at Script1718980020443.Numbers(Script1718980020443.groovy:561)
	at Script1718980020443.Filials(Script1718980020443.groovy:1005)
	at Script1718980020443.Numbers(Script1718980020443.groovy:751)
	at Script1718980020443.run(Script1718980020443.groovy:231)
	... 15 more
)

28-03-2025T12:13:02 - [MESSAGE][INFO] - Unable to find the element located by 'By.xpath: //div[138]/div[2]/div/div/table/tbody/tr/td[7]'. Please recheck the objects properties to make sure the desired element is located. 

28-03-2025T12:13:02 - [MESSAGE][FAILED] - Unable to get text of object 'Object Repository/Выполнение бизнес-плана/Значения со страницы Выполнение бизнес-плана/План Отпуск в сеть за отчётный период Чувашэнерго' (Root cause: com.kms.katalon.core.exception.StepFailedException: Unable to get text of object 'Object Repository/Выполнение бизнес-плана/Значения со страницы Выполнение бизнес-плана/План Отпуск в сеть за отчётный период Чувашэнерго'
	at com.kms.katalon.core.webui.keyword.internal.WebUIKeywordMain.stepFailed(WebUIKeywordMain.groovy:64)
	at com.kms.katalon.core.webui.keyword.internal.WebUIKeywordMain.runKeyword(WebUIKeywordMain.groovy:26)
	at com.kms.katalon.core.webui.keyword.builtin.GetTextKeyword.getText(GetTextKeyword.groovy:88)
	at com.kms.katalon.core.webui.keyword.builtin.GetTextKeyword.execute(GetTextKeyword.groovy:67)
	at com.kms.katalon.core.keyword.internal.KeywordExecutor.executeKeywordForPlatform(KeywordExecutor.groovy:74)
	at com.kms.katalon.core.webui.keyword.WebUiBuiltInKeywords.getText(WebUiBuiltInKeywords.groovy:957)
	at Выполнение бизнес-плана Сверка ПАО Россети все филиалы.Numbers(Выполнение бизнес-плана Сверка ПАО Россети все филиалы:561)
	at Выполнение бизнес-плана Сверка ПАО Россети все филиалы.Filials(Выполнение бизнес-плана Сверка ПАО Россети все филиалы:1005)
	at Выполнение бизнес-плана Сверка ПАО Россети все филиалы.Numbers(Выполнение бизнес-плана Сверка ПАО Россети все филиалы:751)
	at Выполнение бизнес-плана Сверка ПАО Россети все филиалы.run(Выполнение бизнес-плана Сверка ПАО Россети все филиалы:231)
	at com.kms.katalon.core.main.ScriptEngine.run(ScriptEngine.java:194)
	at com.kms.katalon.core.main.ScriptEngine.runScriptAsRawText(ScriptEngine.java:119)
	at com.kms.katalon.core.main.TestCaseExecutor.runScript(TestCaseExecutor.java:448)
	at com.kms.katalon.core.main.TestCaseExecutor.doExecute(TestCaseExecutor.java:439)
	at com.kms.katalon.core.main.TestCaseExecutor.processExecutionPhase(TestCaseExecutor.java:418)
	at com.kms.katalon.core.main.TestCaseExecutor.accessMainPhase(TestCaseExecutor.java:410)
	at com.kms.katalon.core.main.TestCaseExecutor.execute(TestCaseExecutor.java:285)
	at com.kms.katalon.core.common.CommonExecutor.accessTestCaseMainPhase(CommonExecutor.java:65)
	at com.kms.katalon.core.main.TestSuiteExecutor.accessTestSuiteMainPhase(TestSuiteExecutor.java:150)
	at com.kms.katalon.core.main.TestSuiteExecutor.execute(TestSuiteExecutor.java:106)
	at com.kms.katalon.core.main.TestCaseMain.startTestSuite(TestCaseMain.java:180)
	at TempTestSuite1743137207280.run(TempTestSuite1743137207280.groovy:35)
	at java.base/jdk.internal.reflect.NativeMethodAccessorImpl.invoke0(Native Method)
	at java.base/jdk.internal.reflect.NativeMethodAccessorImpl.invoke(NativeMethodAccessorImpl.java:77)
	at java.base/jdk.internal.reflect.DelegatingMethodAccessorImpl.invoke(DelegatingMethodAccessorImpl.java:43)
Caused by: com.kms.katalon.core.webui.exception.WebElementNotFoundException: Web element with id: 'Object Repository/Выполнение бизнес-плана/Значения со страницы Выполнение бизнес-плана/План Отпуск в сеть за отчётный период Чувашэнерго' located by '//div[138]/div[2]/div/div/table/tbody/tr/td[7]' not found
	at com.kms.katalon.core.webui.common.WebUiCommonHelper.findWebElement(WebUiCommonHelper.java:1426)
	at com.kms.katalon.core.webui.keyword.internal.WebUIAbstractKeyword.findWebElement(WebUIAbstractKeyword.groovy:27)
	at com.kms.katalon.core.webui.keyword.internal.WebUIAbstractKeyword.findWebElement(WebUIAbstractKeyword.groovy:26)
	at com.kms.katalon.core.webui.keyword.builtin.GetTextKeyword$_getText_closure1.doCall(GetTextKeyword.groovy:78)
	at com.kms.katalon.core.webui.keyword.builtin.GetTextKeyword$_getText_closure1.call(GetTextKeyword.groovy)
	at com.kms.katalon.core.webui.keyword.internal.WebUIKeywordMain.runKeyword(WebUIKeywordMain.groovy:20)
	at com.kms.katalon.core.webui.keyword.builtin.GetTextKeyword.getText(GetTextKeyword.groovy:88)
	at com.kms.katalon.core.webui.keyword.builtin.GetTextKeyword.execute(GetTextKeyword.groovy:67)
	at com.kms.katalon.core.keyword.internal.KeywordExecutor.executeKeywordForPlatform(KeywordExecutor.groovy:74)
	at com.kms.katalon.core.webui.keyword.WebUiBuiltInKeywords.getText(WebUiBuiltInKeywords.groovy:957)
	at Script1718980020443.Numbers(Script1718980020443.groovy:561)
	at Script1718980020443.Filials(Script1718980020443.groovy:1005)
	at Script1718980020443.Numbers(Script1718980020443.groovy:751)
	at Script1718980020443.run(Script1718980020443.groovy:231)
	... 15 more
)
[[ATTACHMENT|C:\\Users\\LIAZGINA-DI\\git\\SPORU\\Reports\\20250328_074647\\\u041F\u043D-\u0421\u0440-\u041F\u0442\\\u0421\u0432\u0435\u0440\u043A\u0430 \u0434\u0430\u0448\u0431\u043E\u0440\u0434\u043E\u0432 \u0438\u0437 \u0440\u0430\u0437\u043D\u044B\u0445 \u0431\u043B\u043E\u043A\u043E\u0432\\20250328_074647\\1743153182457.png]]

28-03-2025T12:13:02 - [TEST_STEP][PASSED] - if (page == "" || page == null): null

28-03-2025T12:13:02 - [TEST_STEP][PASSED] - fileInt = otpusk.toInteger(): null

28-03-2025T12:13:02 - [TEST_STEP][PASSED] - Script1718980020443.WriteToExcelNoData(a, typeOfData, todaysDate, fileInt, fileDouble, dZO): null

28-03-2025T12:13:02 - [TEST_STEP][PASSED] - sheetName = "Sheet1": null

28-03-2025T12:13:02 - [TEST_STEP][PASSED] - data = findTestData("PlanFact"): null

28-03-2025T12:13:02 - [TEST_STEP][PASSED] - n = data.getRowNumbers() + 1: null

28-03-2025T12:13:02 - [TEST_STEP][PASSED] - day = ")).toInteger(): null

28-03-2025T12:13:02 - [TEST_STEP][PASSED] - println(day): null

28-03-2025T12:13:02 - [TEST_STEP][PASSED] - month = ")).toInteger(): null

28-03-2025T12:13:02 - [TEST_STEP][PASSED] - println(month): null

28-03-2025T12:13:02 - [TEST_STEP][PASSED] - y = <not implemented yet for class: org.codehaus.groovy.ast.expr.EmptyExpression>: null

28-03-2025T12:13:02 - [TEST_STEP][PASSED] - iy = <not implemented yet for class: org.codehaus.groovy.ast.expr.EmptyExpression>: null

28-03-2025T12:13:02 - [TEST_STEP][PASSED] - m = getText(findTestObject("Выполнение бизнес-плана/Период")): Text of object 'Object Repository/Выполнение бизнес-плана/Период' is: 'Январь 2025 года'

28-03-2025T12:13:02 - [MESSAGE][PASSED] - Text of object 'Object Repository/Выполнение бизнес-плана/Период' is: 'Январь 2025 года'

28-03-2025T12:13:02 - [TEST_STEP][PASSED] - iy = m.indexOf("20"): null

28-03-2025T12:13:02 - [TEST_STEP][PASSED] - if (iy > -1): null

28-03-2025T12:13:02 - [TEST_STEP][PASSED] - y = substring(iy, iy + 4).toInteger(): null

28-03-2025T12:13:02 - [TEST_STEP][PASSED] - println(y): null

28-03-2025T12:13:02 - [TEST_STEP][PASSED] - if (toString().length() == 4): null

28-03-2025T12:13:02 - [TEST_STEP][PASSED] - m = m.substring(0, m.indexOf(y.toString())): null

28-03-2025T12:13:02 - [TEST_STEP][PASSED] - m = m.trim(): null

28-03-2025T12:13:02 - [TEST_STEP][PASSED] - if (m == ""): null

28-03-2025T12:13:02 - [TEST_STEP][PASSED] - dashboardName = "Выполнение бизнес-плана": null

28-03-2025T12:13:02 - [TEST_STEP][PASSED] - workbook01 = getWorkbook(excelFilePath): null

28-03-2025T12:13:02 - [TEST_STEP][PASSED] - sheet01 = getExcelSheet(workbook01, sheetName): null

28-03-2025T12:13:02 - [TEST_STEP][PASSED] - setValueToCellByIndex(sheet01, n, 0, dashboardName): null

28-03-2025T12:13:02 - [TEST_STEP][PASSED] - setValueToCellByIndex(sheet01, n, 1, dZO): null

28-03-2025T12:13:02 - [TEST_STEP][PASSED] - setValueToCellByIndex(sheet01, n, 2, typeOfData): null

28-03-2025T12:13:02 - [TEST_STEP][PASSED] - if (typeOfData == "Факт в процентах" || typeOfData == "План в процентах"): null

28-03-2025T12:13:02 - [TEST_STEP][PASSED] - else: null

28-03-2025T12:13:02 - [TEST_STEP][PASSED] - setValueToCellByIndex(sheet01, n, 3, fileInt): null

28-03-2025T12:13:02 - [TEST_STEP][PASSED] - setValueToCellByIndex(sheet01, n, 4, "нет данных"): null

28-03-2025T12:13:02 - [TEST_STEP][PASSED] - setValueToCellByIndex(sheet01, n, 5, m): null

28-03-2025T12:13:02 - [TEST_STEP][PASSED] - setValueToCellByIndex(sheet01, n, 6, y): null

28-03-2025T12:13:02 - [TEST_STEP][PASSED] - setValueToCellByIndex(sheet01, n, 7, todaysDate): null

28-03-2025T12:13:02 - [TEST_STEP][PASSED] - n = n + 1: null

28-03-2025T12:13:02 - [TEST_STEP][FAILED] - saveWorkbook(excelFilePath, workbook01): null

28-03-2025T12:13:03 - [TEST_STEP][PASSED] - typeOfData = typeOfDataMain + " Потери": null

28-03-2025T12:13:03 - [TEST_STEP][PASSED] - if (a == 82): null

28-03-2025T12:13:03 - [TEST_STEP][PASSED] - else if (a == 84): null

28-03-2025T12:13:03 - [TEST_STEP][PASSED] - else if (a == 83 || a == 52 || a == 72 || a == 28 || a == 73 || a == 77 || a == 74 || a == 65 || a == 44 || a == 53 || a == 80 || a == 54 || a == 1 || a == 18 || a == 59 || a == 81): null

28-03-2025T12:13:03 - [TEST_STEP][PASSED] - else: null

28-03-2025T12:13:03 - [TEST_STEP][PASSED] - path = dataFolder + typeOfData + " за отчётный период " + b: null

28-03-2025T12:13:03 - [TEST_STEP][FAILED] - page = getText(findTestObject(path)): Unable to get text of object 'Object Repository/Выполнение бизнес-плана/Значения со страницы Выполнение бизнес-плана/План Потери за отчётный период Чувашэнерго' (Root cause: com.kms.katalon.core.exception.StepFailedException: Unable to get text of object 'Object Repository/Выполнение бизнес-плана/Значения со страницы Выполнение бизнес-плана/План Потери за отчётный период Чувашэнерго'
	at com.kms.katalon.core.webui.keyword.internal.WebUIKeywordMain.stepFailed(WebUIKeywordMain.groovy:64)
	at com.kms.katalon.core.webui.keyword.internal.WebUIKeywordMain.runKeyword(WebUIKeywordMain.groovy:26)
	at com.kms.katalon.core.webui.keyword.builtin.GetTextKeyword.getText(GetTextKeyword.groovy:88)
	at com.kms.katalon.core.webui.keyword.builtin.GetTextKeyword.execute(GetTextKeyword.groovy:67)
	at com.kms.katalon.core.keyword.internal.KeywordExecutor.executeKeywordForPlatform(KeywordExecutor.groovy:74)
	at com.kms.katalon.core.webui.keyword.WebUiBuiltInKeywords.getText(WebUiBuiltInKeywords.groovy:957)
	at Выполнение бизнес-плана Сверка ПАО Россети все филиалы.Numbers(Выполнение бизнес-плана Сверка ПАО Россети все филиалы:594)
	at Выполнение бизнес-плана Сверка ПАО Россети все филиалы.Filials(Выполнение бизнес-плана Сверка ПАО Россети все филиалы:1005)
	at Выполнение бизнес-плана Сверка ПАО Россети все филиалы.Numbers(Выполнение бизнес-плана Сверка ПАО Россети все филиалы:751)
	at Выполнение бизнес-плана Сверка ПАО Россети все филиалы.run(Выполнение бизнес-плана Сверка ПАО Россети все филиалы:231)
	at com.kms.katalon.core.main.ScriptEngine.run(ScriptEngine.java:194)
	at com.kms.katalon.core.main.ScriptEngine.runScriptAsRawText(ScriptEngine.java:119)
	at com.kms.katalon.core.main.TestCaseExecutor.runScript(TestCaseExecutor.java:448)
	at com.kms.katalon.core.main.TestCaseExecutor.doExecute(TestCaseExecutor.java:439)
	at com.kms.katalon.core.main.TestCaseExecutor.processExecutionPhase(TestCaseExecutor.java:418)
	at com.kms.katalon.core.main.TestCaseExecutor.accessMainPhase(TestCaseExecutor.java:410)
	at com.kms.katalon.core.main.TestCaseExecutor.execute(TestCaseExecutor.java:285)
	at com.kms.katalon.core.common.CommonExecutor.accessTestCaseMainPhase(CommonExecutor.java:65)
	at com.kms.katalon.core.main.TestSuiteExecutor.accessTestSuiteMainPhase(TestSuiteExecutor.java:150)
	at com.kms.katalon.core.main.TestSuiteExecutor.execute(TestSuiteExecutor.java:106)
	at com.kms.katalon.core.main.TestCaseMain.startTestSuite(TestCaseMain.java:180)
	at TempTestSuite1743137207280.run(TempTestSuite1743137207280.groovy:35)
	at java.base/jdk.internal.reflect.NativeMethodAccessorImpl.invoke0(Native Method)
	at java.base/jdk.internal.reflect.NativeMethodAccessorImpl.invoke(NativeMethodAccessorImpl.java:77)
	at java.base/jdk.internal.reflect.DelegatingMethodAccessorImpl.invoke(DelegatingMethodAccessorImpl.java:43)
Caused by: com.kms.katalon.core.webui.exception.WebElementNotFoundException: Web element with id: 'Object Repository/Выполнение бизнес-плана/Значения со страницы Выполнение бизнес-плана/План Потери за отчётный период Чувашэнерго' located by '//div[138]/div[2]/div/div/table/tbody/tr[3]/td[7]' not found
	at com.kms.katalon.core.webui.common.WebUiCommonHelper.findWebElement(WebUiCommonHelper.java:1426)
	at com.kms.katalon.core.webui.keyword.internal.WebUIAbstractKeyword.findWebElement(WebUIAbstractKeyword.groovy:27)
	at com.kms.katalon.core.webui.keyword.internal.WebUIAbstractKeyword.findWebElement(WebUIAbstractKeyword.groovy:26)
	at com.kms.katalon.core.webui.keyword.builtin.GetTextKeyword$_getText_closure1.doCall(GetTextKeyword.groovy:78)
	at com.kms.katalon.core.webui.keyword.builtin.GetTextKeyword$_getText_closure1.call(GetTextKeyword.groovy)
	at com.kms.katalon.core.webui.keyword.internal.WebUIKeywordMain.runKeyword(WebUIKeywordMain.groovy:20)
	at com.kms.katalon.core.webui.keyword.builtin.GetTextKeyword.getText(GetTextKeyword.groovy:88)
	at com.kms.katalon.core.webui.keyword.builtin.GetTextKeyword.execute(GetTextKeyword.groovy:67)
	at com.kms.katalon.core.keyword.internal.KeywordExecutor.executeKeywordForPlatform(KeywordExecutor.groovy:74)
	at com.kms.katalon.core.webui.keyword.WebUiBuiltInKeywords.getText(WebUiBuiltInKeywords.groovy:957)
	at Script1718980020443.Numbers(Script1718980020443.groovy:594)
	at Script1718980020443.Filials(Script1718980020443.groovy:1005)
	at Script1718980020443.Numbers(Script1718980020443.groovy:751)
	at Script1718980020443.run(Script1718980020443.groovy:231)
	... 15 more
)

28-03-2025T12:13:34 - [MESSAGE][INFO] - Unable to find the element located by 'By.xpath: //div[138]/div[2]/div/div/table/tbody/tr[3]/td[7]'. Please recheck the objects properties to make sure the desired element is located. 

28-03-2025T12:13:34 - [MESSAGE][FAILED] - Unable to get text of object 'Object Repository/Выполнение бизнес-плана/Значения со страницы Выполнение бизнес-плана/План Потери за отчётный период Чувашэнерго' (Root cause: com.kms.katalon.core.exception.StepFailedException: Unable to get text of object 'Object Repository/Выполнение бизнес-плана/Значения со страницы Выполнение бизнес-плана/План Потери за отчётный период Чувашэнерго'
	at com.kms.katalon.core.webui.keyword.internal.WebUIKeywordMain.stepFailed(WebUIKeywordMain.groovy:64)
	at com.kms.katalon.core.webui.keyword.internal.WebUIKeywordMain.runKeyword(WebUIKeywordMain.groovy:26)
	at com.kms.katalon.core.webui.keyword.builtin.GetTextKeyword.getText(GetTextKeyword.groovy:88)
	at com.kms.katalon.core.webui.keyword.builtin.GetTextKeyword.execute(GetTextKeyword.groovy:67)
	at com.kms.katalon.core.keyword.internal.KeywordExecutor.executeKeywordForPlatform(KeywordExecutor.groovy:74)
	at com.kms.katalon.core.webui.keyword.WebUiBuiltInKeywords.getText(WebUiBuiltInKeywords.groovy:957)
	at Выполнение бизнес-плана Сверка ПАО Россети все филиалы.Numbers(Выполнение бизнес-плана Сверка ПАО Россети все филиалы:594)
	at Выполнение бизнес-плана Сверка ПАО Россети все филиалы.Filials(Выполнение бизнес-плана Сверка ПАО Россети все филиалы:1005)
	at Выполнение бизнес-плана Сверка ПАО Россети все филиалы.Numbers(Выполнение бизнес-плана Сверка ПАО Россети все филиалы:751)
	at Выполнение бизнес-плана Сверка ПАО Россети все филиалы.run(Выполнение бизнес-плана Сверка ПАО Россети все филиалы:231)
	at com.kms.katalon.core.main.ScriptEngine.run(ScriptEngine.java:194)
	at com.kms.katalon.core.main.ScriptEngine.runScriptAsRawText(ScriptEngine.java:119)
	at com.kms.katalon.core.main.TestCaseExecutor.runScript(TestCaseExecutor.java:448)
	at com.kms.katalon.core.main.TestCaseExecutor.doExecute(TestCaseExecutor.java:439)
	at com.kms.katalon.core.main.TestCaseExecutor.processExecutionPhase(TestCaseExecutor.java:418)
	at com.kms.katalon.core.main.TestCaseExecutor.accessMainPhase(TestCaseExecutor.java:410)
	at com.kms.katalon.core.main.TestCaseExecutor.execute(TestCaseExecutor.java:285)
	at com.kms.katalon.core.common.CommonExecutor.accessTestCaseMainPhase(CommonExecutor.java:65)
	at com.kms.katalon.core.main.TestSuiteExecutor.accessTestSuiteMainPhase(TestSuiteExecutor.java:150)
	at com.kms.katalon.core.main.TestSuiteExecutor.execute(TestSuiteExecutor.java:106)
	at com.kms.katalon.core.main.TestCaseMain.startTestSuite(TestCaseMain.java:180)
	at TempTestSuite1743137207280.run(TempTestSuite1743137207280.groovy:35)
	at java.base/jdk.internal.reflect.NativeMethodAccessorImpl.invoke0(Native Method)
	at java.base/jdk.internal.reflect.NativeMethodAccessorImpl.invoke(NativeMethodAccessorImpl.java:77)
	at java.base/jdk.internal.reflect.DelegatingMethodAccessorImpl.invoke(DelegatingMethodAccessorImpl.java:43)
Caused by: com.kms.katalon.core.webui.exception.WebElementNotFoundException: Web element with id: 'Object Repository/Выполнение бизнес-плана/Значения со страницы Выполнение бизнес-плана/План Потери за отчётный период Чувашэнерго' located by '//div[138]/div[2]/div/div/table/tbody/tr[3]/td[7]' not found
	at com.kms.katalon.core.webui.common.WebUiCommonHelper.findWebElement(WebUiCommonHelper.java:1426)
	at com.kms.katalon.core.webui.keyword.internal.WebUIAbstractKeyword.findWebElement(WebUIAbstractKeyword.groovy:27)
	at com.kms.katalon.core.webui.keyword.internal.WebUIAbstractKeyword.findWebElement(WebUIAbstractKeyword.groovy:26)
	at com.kms.katalon.core.webui.keyword.builtin.GetTextKeyword$_getText_closure1.doCall(GetTextKeyword.groovy:78)
	at com.kms.katalon.core.webui.keyword.builtin.GetTextKeyword$_getText_closure1.call(GetTextKeyword.groovy)
	at com.kms.katalon.core.webui.keyword.internal.WebUIKeywordMain.runKeyword(WebUIKeywordMain.groovy:20)
	at com.kms.katalon.core.webui.keyword.builtin.GetTextKeyword.getText(GetTextKeyword.groovy:88)
	at com.kms.katalon.core.webui.keyword.builtin.GetTextKeyword.execute(GetTextKeyword.groovy:67)
	at com.kms.katalon.core.keyword.internal.KeywordExecutor.executeKeywordForPlatform(KeywordExecutor.groovy:74)
	at com.kms.katalon.core.webui.keyword.WebUiBuiltInKeywords.getText(WebUiBuiltInKeywords.groovy:957)
	at Script1718980020443.Numbers(Script1718980020443.groovy:594)
	at Script1718980020443.Filials(Script1718980020443.groovy:1005)
	at Script1718980020443.Numbers(Script1718980020443.groovy:751)
	at Script1718980020443.run(Script1718980020443.groovy:231)
	... 15 more
)
[[ATTACHMENT|C:\\Users\\LIAZGINA-DI\\git\\SPORU\\Reports\\20250328_074647\\\u041F\u043D-\u0421\u0440-\u041F\u0442\\\u0421\u0432\u0435\u0440\u043A\u0430 \u0434\u0430\u0448\u0431\u043E\u0440\u0434\u043E\u0432 \u0438\u0437 \u0440\u0430\u0437\u043D\u044B\u0445 \u0431\u043B\u043E\u043A\u043E\u0432\\20250328_074647\\1743153214350.png]]

28-03-2025T12:13:34 - [TEST_STEP][PASSED] - if (page == "" || page == null): null

28-03-2025T12:13:34 - [TEST_STEP][PASSED] - fileInt = poteri.toInteger(): null

28-03-2025T12:13:34 - [TEST_STEP][PASSED] - Script1718980020443.WriteToExcelNoData(a, typeOfData, todaysDate, fileInt, fileDouble, dZO): null

28-03-2025T12:13:34 - [TEST_STEP][PASSED] - sheetName = "Sheet1": null

28-03-2025T12:13:34 - [TEST_STEP][PASSED] - data = findTestData("PlanFact"): null

28-03-2025T12:13:34 - [TEST_STEP][PASSED] - n = data.getRowNumbers() + 1: null

28-03-2025T12:13:34 - [TEST_STEP][PASSED] - day = ")).toInteger(): null

28-03-2025T12:13:34 - [TEST_STEP][PASSED] - println(day): null

28-03-2025T12:13:34 - [TEST_STEP][PASSED] - month = ")).toInteger(): null

28-03-2025T12:13:34 - [TEST_STEP][PASSED] - println(month): null

28-03-2025T12:13:34 - [TEST_STEP][PASSED] - y = <not implemented yet for class: org.codehaus.groovy.ast.expr.EmptyExpression>: null

28-03-2025T12:13:34 - [TEST_STEP][PASSED] - iy = <not implemented yet for class: org.codehaus.groovy.ast.expr.EmptyExpression>: null

28-03-2025T12:13:34 - [TEST_STEP][PASSED] - m = getText(findTestObject("Выполнение бизнес-плана/Период")): Text of object 'Object Repository/Выполнение бизнес-плана/Период' is: 'Январь 2025 года'

28-03-2025T12:13:34 - [MESSAGE][PASSED] - Text of object 'Object Repository/Выполнение бизнес-плана/Период' is: 'Январь 2025 года'

28-03-2025T12:13:34 - [TEST_STEP][PASSED] - iy = m.indexOf("20"): null

28-03-2025T12:13:34 - [TEST_STEP][PASSED] - if (iy > -1): null

28-03-2025T12:13:34 - [TEST_STEP][PASSED] - y = substring(iy, iy + 4).toInteger(): null

28-03-2025T12:13:34 - [TEST_STEP][PASSED] - println(y): null

28-03-2025T12:13:34 - [TEST_STEP][PASSED] - if (toString().length() == 4): null

28-03-2025T12:13:34 - [TEST_STEP][PASSED] - m = m.substring(0, m.indexOf(y.toString())): null

28-03-2025T12:13:34 - [TEST_STEP][PASSED] - m = m.trim(): null

28-03-2025T12:13:34 - [TEST_STEP][PASSED] - if (m == ""): null

28-03-2025T12:13:34 - [TEST_STEP][PASSED] - dashboardName = "Выполнение бизнес-плана": null

28-03-2025T12:13:34 - [TEST_STEP][PASSED] - workbook01 = getWorkbook(excelFilePath): null

28-03-2025T12:13:34 - [TEST_STEP][PASSED] - sheet01 = getExcelSheet(workbook01, sheetName): null

28-03-2025T12:13:34 - [TEST_STEP][PASSED] - setValueToCellByIndex(sheet01, n, 0, dashboardName): null

28-03-2025T12:13:34 - [TEST_STEP][PASSED] - setValueToCellByIndex(sheet01, n, 1, dZO): null

28-03-2025T12:13:34 - [TEST_STEP][PASSED] - setValueToCellByIndex(sheet01, n, 2, typeOfData): null

28-03-2025T12:13:34 - [TEST_STEP][PASSED] - if (typeOfData == "Факт в процентах" || typeOfData == "План в процентах"): null

28-03-2025T12:13:34 - [TEST_STEP][PASSED] - else: null

28-03-2025T12:13:34 - [TEST_STEP][PASSED] - setValueToCellByIndex(sheet01, n, 3, fileInt): null

28-03-2025T12:13:34 - [TEST_STEP][PASSED] - setValueToCellByIndex(sheet01, n, 4, "нет данных"): null

28-03-2025T12:13:34 - [TEST_STEP][PASSED] - setValueToCellByIndex(sheet01, n, 5, m): null

28-03-2025T12:13:34 - [TEST_STEP][PASSED] - setValueToCellByIndex(sheet01, n, 6, y): null

28-03-2025T12:13:34 - [TEST_STEP][PASSED] - setValueToCellByIndex(sheet01, n, 7, todaysDate): null

28-03-2025T12:13:34 - [TEST_STEP][PASSED] - n = n + 1: null

28-03-2025T12:13:34 - [TEST_STEP][PASSED] - saveWorkbook(excelFilePath, workbook01): Object: 'Object Repository/Выполнение бизнес-плана/Кнопка Факт' is clicked on

28-03-2025T12:13:35 - [TEST_STEP][PASSED] - compare = pageOtpuskVSet: null

28-03-2025T12:13:35 - [TEST_STEP][PASSED] - if (pageOtpuskVSet != null): null

28-03-2025T12:13:35 - [TEST_STEP][PASSED] - if (compare == fileOtpuskVSet): null

28-03-2025T12:13:35 - [TEST_STEP][PASSED] - if (compare == fileOtpuskVSet): null

28-03-2025T12:13:35 - [TEST_STEP][PASSED] - compare = pagePoteri: null

28-03-2025T12:13:35 - [TEST_STEP][PASSED] - if (pageOtpuskVSet != null): null

28-03-2025T12:13:35 - [TEST_STEP][PASSED] - if (compare == filePoteri): null

28-03-2025T12:13:35 - [TEST_STEP][PASSED] - if (compare == filePoteri): null

28-03-2025T12:13:35 - [TEST_STEP][PASSED] - if (planFact == 2): Object: 'Object Repository/Выполнение бизнес-плана/Кнопка Факт' is clicked on

28-03-2025T12:13:35 - [TEST_STEP][PASSED] - click(findTestObject("Выполнение бизнес-плана/Кнопка Факт")): Object: 'Object Repository/Выполнение бизнес-плана/Кнопка Факт' is clicked on

28-03-2025T12:13:35 - [MESSAGE][PASSED] - Object: 'Object Repository/Выполнение бизнес-плана/Кнопка Факт' is clicked on

28-03-2025T12:13:35 - [TEST_STEP][PASSED] - println("a=" + a): null

28-03-2025T12:13:35 - [TEST_STEP][PASSED] - if (a == 84 || a == 82): null

28-03-2025T12:13:35 - [TEST_STEP][PASSED] - else if (a == 83 || a == 52 || a == 72 || a == 28 || a == 73 || a == 77 || a == 74 || a == 65 || a == 36 || a == 44 || a == 53 || a == 80 || a == 54 || a == 1 || a == 18 || a == 59 || a == 81): null

28-03-2025T12:13:35 - [TEST_STEP][PASSED] - else: null

28-03-2025T12:13:35 - [TEST_STEP][PASSED] - page1 = getText(findTestObject("Object Repository/Выполнение бизнес-плана/spanPlan" + filialNum)): Text of object 'Object Repository/Выполнение бизнес-плана/spanPlan5' is: '8.75
|'

28-03-2025T12:13:35 - [MESSAGE][PASSED] - Text of object 'Object Repository/Выполнение бизнес-плана/spanPlan5' is: '8.75
|'

28-03-2025T12:13:35 - [TEST_STEP][PASSED] - page1 = page1.replace("|", ""): null

28-03-2025T12:13:35 - [TEST_STEP][PASSED] - page2 = getText(findTestObject("Object Repository/Выполнение бизнес-плана/spanFact" + filialNum)): Text of object 'Object Repository/Выполнение бизнес-плана/spanFact5' is: '6.78
|'

28-03-2025T12:13:35 - [MESSAGE][PASSED] - Text of object 'Object Repository/Выполнение бизнес-плана/spanFact5' is: '6.78
|'

28-03-2025T12:13:35 - [TEST_STEP][PASSED] - page2 = page2.replace("|", ""): null

28-03-2025T12:13:35 - [TEST_STEP][PASSED] - println("page1: " + page1): null

28-03-2025T12:13:35 - [TEST_STEP][PASSED] - println("page2: " + page2): null

28-03-2025T12:13:35 - [TEST_STEP][PASSED] - file = findTestData("PlanFact").getValue(4, a): null

28-03-2025T12:13:36 - [TEST_STEP][PASSED] - file = file.replace(",", "."): null

28-03-2025T12:13:36 - [TEST_STEP][PASSED] - println("file Plan: " + file): null

28-03-2025T12:13:36 - [TEST_STEP][PASSED] - typeOfData = "План в процентах": null

28-03-2025T12:13:36 - [TEST_STEP][PASSED] - fileDouble = file.toDouble(): null

28-03-2025T12:13:36 - [TEST_STEP][PASSED] - pageDouble = page1.toDouble(): null

28-03-2025T12:13:36 - [TEST_STEP][PASSED] - if (fileDouble != pageDouble): null

28-03-2025T12:13:36 - [TEST_STEP][PASSED] - file = findTestData("PlanFact").getValue(7, a): null

28-03-2025T12:13:36 - [TEST_STEP][PASSED] - file = file.replace(",", "."): null

28-03-2025T12:13:36 - [TEST_STEP][PASSED] - println("file Fact: " + file): null

28-03-2025T12:13:36 - [TEST_STEP][PASSED] - fileDouble = file.toDouble(): null

28-03-2025T12:13:36 - [TEST_STEP][PASSED] - typeOfData = "Факт в процентах": null

28-03-2025T12:13:36 - [TEST_STEP][PASSED] - fileDouble = file.toDouble(): null

28-03-2025T12:13:36 - [TEST_STEP][PASSED] - pageDouble = page2.toDouble(): null

28-03-2025T12:13:36 - [TEST_STEP][PASSED] - if (fileDouble != pageDouble): null

28-03-2025T12:13:36 - [TEST_STEP][PASSED] - if (verifyEqual(numberOfErrors, 0) == false): Actual object '0' and expected object '0' are equal

28-03-2025T12:13:36 - [MESSAGE][PASSED] - Actual object '0' and expected object '0' are equal

28-03-2025T12:13:36 - [TEST_STEP][PASSED] - if (a == 82): null

28-03-2025T12:13:36 - [TEST_STEP][PASSED] - filialNum = 0: null

28-03-2025T12:13:36 - [TEST_STEP][PASSED] - if (a == 77): null

28-03-2025T12:13:36 - [TEST_STEP][PASSED] - if (a == 74): null

28-03-2025T12:13:36 - [TEST_STEP][PASSED] - if (a == 65): null

28-03-2025T12:13:36 - [TEST_STEP][PASSED] - if (a == 1): null

28-03-2025T12:13:36 - [TEST_STEP][PASSED] - if (a == 18): null

28-03-2025T12:13:36 - [TEST_STEP][PASSED] - if (a == 36): null

28-03-2025T12:13:36 - [TEST_STEP][PASSED] - if (a == 44): null

28-03-2025T12:13:36 - [TEST_STEP][PASSED] - if (a == 54): null

28-03-2025T12:13:36 - [TEST_STEP][PASSED] - if (a == 59): null

28-03-2025T12:13:36 - [TEST_STEP][PASSED] - Script1718980020443.OpenFilter(): null

28-03-2025T12:13:36 - [TEST_STEP][PASSED] - click(findTestObject("Object Repository/Выполнение бизнес-плана/Фильтр ДЗО")): Object: 'Object Repository/Выполнение бизнес-плана/Фильтр ДЗО' is clicked on

28-03-2025T12:13:36 - [MESSAGE][PASSED] - Object: 'Object Repository/Выполнение бизнес-плана/Фильтр ДЗО' is clicked on

28-03-2025T12:13:36 - [TEST_STEP][PASSED] - click(findTestObject("Выполнение бизнес-плана/Снять выделение в фильтре ДЗО")): Object: 'Object Repository/Выполнение бизнес-плана/Снять выделение в фильтре ДЗО' is clicked on

28-03-2025T12:13:37 - [MESSAGE][PASSED] - Object: 'Object Repository/Выполнение бизнес-плана/Снять выделение в фильтре ДЗО' is clicked on

28-03-2025T12:13:37 - [TEST_STEP][PASSED] - Script1718980020443.CloseFilter(): null

28-03-2025T12:13:37 - [TEST_STEP][PASSED] - scrollToElement(findTestObject("Выполнение бизнес-плана/Заголовок дашборда"), 30): Scroll to object 'Object Repository/Выполнение бизнес-плана/Заголовок дашборда' successfully

28-03-2025T12:13:37 - [MESSAGE][PASSED] - Scroll to object 'Object Repository/Выполнение бизнес-плана/Заголовок дашборда' successfully

28-03-2025T12:13:37 - [TEST_STEP][PASSED] - click(findTestObject("Object Repository/Выполнение бизнес-плана/Применить в фильтре ДЗО")): Object: 'Object Repository/Выполнение бизнес-плана/Применить в фильтре ДЗО' is clicked on

28-03-2025T12:13:38 - [MESSAGE][PASSED] - Object: 'Object Repository/Выполнение бизнес-плана/Применить в фильтре ДЗО' is clicked on

28-03-2025T12:13:38 - [TEST_STEP][PASSED] - delay(60): Delayed 60 second(s)

28-03-2025T12:14:38 - [MESSAGE][PASSED] - Delayed 60 second(s)

28-03-2025T12:14:38 - [TEST_STEP][PASSED] - if (a == 82): null

28-03-2025T12:14:38 - [TEST_STEP][PASSED] - println(dzoNum): null

28-03-2025T12:14:38 - [TEST_STEP][PASSED] - dZO = "Россети Кубань": null

28-03-2025T12:14:38 - [TEST_STEP][PASSED] - a = 73: null

28-03-2025T12:14:38 - [TEST_STEP][PASSED] - if (x1.contains("Кубань")): null

28-03-2025T12:14:38 - [TEST_STEP][PASSED] - else: null

28-03-2025T12:14:38 - [TEST_STEP][PASSED] - Script1718980020443.NoData(a, typeOfData, todaysDate, fileInt, fileDouble, dZO): null

28-03-2025T12:14:38 - [TEST_STEP][PASSED] - println(a): null

28-03-2025T12:14:38 - [TEST_STEP][PASSED] - println(todaysDate): null

28-03-2025T12:14:38 - [TEST_STEP][PASSED] - println(fileInt): null

28-03-2025T12:14:38 - [TEST_STEP][PASSED] - println(fileDouble): null

28-03-2025T12:14:38 - [TEST_STEP][PASSED] - println(dZO): null

28-03-2025T12:14:38 - [TEST_STEP][PASSED] - typeOfData = "Факт Отпуск в сеть": null

28-03-2025T12:14:38 - [TEST_STEP][PASSED] - fileInt = replaceAll("\s+", "").toInteger(): null

28-03-2025T12:14:38 - [TEST_STEP][PASSED] - Script1718980020443.WriteToExcelNoData(a, typeOfData, todaysDate, fileInt, fileDouble, dZO): null

28-03-2025T12:14:38 - [TEST_STEP][PASSED] - sheetName = "Sheet1": null

28-03-2025T12:14:38 - [TEST_STEP][PASSED] - data = findTestData("PlanFact"): null

28-03-2025T12:14:38 - [TEST_STEP][PASSED] - n = data.getRowNumbers() + 1: null

28-03-2025T12:14:38 - [TEST_STEP][PASSED] - day = ")).toInteger(): null

28-03-2025T12:14:38 - [TEST_STEP][PASSED] - println(day): null

28-03-2025T12:14:38 - [TEST_STEP][PASSED] - month = ")).toInteger(): null

28-03-2025T12:14:38 - [TEST_STEP][PASSED] - println(month): null

28-03-2025T12:14:38 - [TEST_STEP][PASSED] - y = <not implemented yet for class: org.codehaus.groovy.ast.expr.EmptyExpression>: null

28-03-2025T12:14:38 - [TEST_STEP][PASSED] - iy = <not implemented yet for class: org.codehaus.groovy.ast.expr.EmptyExpression>: null

28-03-2025T12:14:38 - [TEST_STEP][PASSED] - m = getText(findTestObject("Выполнение бизнес-плана/Период")): Text of object 'Object Repository/Выполнение бизнес-плана/Период' is: 'Январь 2025 года'

28-03-2025T12:14:38 - [MESSAGE][PASSED] - Text of object 'Object Repository/Выполнение бизнес-плана/Период' is: 'Январь 2025 года'

28-03-2025T12:14:38 - [TEST_STEP][PASSED] - iy = m.indexOf("20"): null

28-03-2025T12:14:38 - [TEST_STEP][PASSED] - if (iy > -1): null

28-03-2025T12:14:38 - [TEST_STEP][PASSED] - y = substring(iy, iy + 4).toInteger(): null

28-03-2025T12:14:38 - [TEST_STEP][PASSED] - println(y): null

28-03-2025T12:14:38 - [TEST_STEP][PASSED] - if (toString().length() == 4): null

28-03-2025T12:14:38 - [TEST_STEP][PASSED] - m = m.substring(0, m.indexOf(y.toString())): null

28-03-2025T12:14:38 - [TEST_STEP][PASSED] - m = m.trim(): null

28-03-2025T12:14:38 - [TEST_STEP][PASSED] - if (m == ""): null

28-03-2025T12:14:38 - [TEST_STEP][PASSED] - dashboardName = "Выполнение бизнес-плана": null

28-03-2025T12:14:38 - [TEST_STEP][PASSED] - workbook01 = getWorkbook(excelFilePath): null

28-03-2025T12:14:38 - [TEST_STEP][PASSED] - sheet01 = getExcelSheet(workbook01, sheetName): null

28-03-2025T12:14:38 - [TEST_STEP][PASSED] - setValueToCellByIndex(sheet01, n, 0, dashboardName): null

28-03-2025T12:14:38 - [TEST_STEP][PASSED] - setValueToCellByIndex(sheet01, n, 1, dZO): null

28-03-2025T12:14:38 - [TEST_STEP][PASSED] - setValueToCellByIndex(sheet01, n, 2, typeOfData): null

28-03-2025T12:14:38 - [TEST_STEP][PASSED] - if (typeOfData == "Факт в процентах" || typeOfData == "План в процентах"): null

28-03-2025T12:14:38 - [TEST_STEP][PASSED] - else: null

28-03-2025T12:14:38 - [TEST_STEP][PASSED] - setValueToCellByIndex(sheet01, n, 3, fileInt): null

28-03-2025T12:14:38 - [TEST_STEP][PASSED] - setValueToCellByIndex(sheet01, n, 4, "нет данных"): null

28-03-2025T12:14:38 - [TEST_STEP][PASSED] - setValueToCellByIndex(sheet01, n, 5, m): null

28-03-2025T12:14:38 - [TEST_STEP][PASSED] - setValueToCellByIndex(sheet01, n, 6, y): null

28-03-2025T12:14:38 - [TEST_STEP][PASSED] - setValueToCellByIndex(sheet01, n, 7, todaysDate): null

28-03-2025T12:14:38 - [TEST_STEP][PASSED] - n = n + 1: null

28-03-2025T12:14:38 - [TEST_STEP][PASSED] - saveWorkbook(excelFilePath, workbook01): null

28-03-2025T12:14:38 - [TEST_STEP][PASSED] - typeOfData = "Факт Потери": null

28-03-2025T12:14:38 - [TEST_STEP][PASSED] - fileInt = replaceAll("\s+", "").toInteger(): null

28-03-2025T12:14:39 - [TEST_STEP][PASSED] - Script1718980020443.WriteToExcelNoData(a, typeOfData, todaysDate, fileInt, fileDouble, dZO): null

28-03-2025T12:14:39 - [TEST_STEP][PASSED] - sheetName = "Sheet1": null

28-03-2025T12:14:39 - [TEST_STEP][PASSED] - data = findTestData("PlanFact"): null

28-03-2025T12:14:39 - [TEST_STEP][PASSED] - n = data.getRowNumbers() + 1: null

28-03-2025T12:14:39 - [TEST_STEP][PASSED] - day = ")).toInteger(): null

28-03-2025T12:14:39 - [TEST_STEP][PASSED] - println(day): null

28-03-2025T12:14:39 - [TEST_STEP][PASSED] - month = ")).toInteger(): null

28-03-2025T12:14:39 - [TEST_STEP][PASSED] - println(month): null

28-03-2025T12:14:39 - [TEST_STEP][PASSED] - y = <not implemented yet for class: org.codehaus.groovy.ast.expr.EmptyExpression>: null

28-03-2025T12:14:39 - [TEST_STEP][PASSED] - iy = <not implemented yet for class: org.codehaus.groovy.ast.expr.EmptyExpression>: null

28-03-2025T12:14:39 - [TEST_STEP][PASSED] - m = getText(findTestObject("Выполнение бизнес-плана/Период")): Text of object 'Object Repository/Выполнение бизнес-плана/Период' is: 'Январь 2025 года'

28-03-2025T12:14:39 - [MESSAGE][PASSED] - Text of object 'Object Repository/Выполнение бизнес-плана/Период' is: 'Январь 2025 года'

28-03-2025T12:14:39 - [TEST_STEP][PASSED] - iy = m.indexOf("20"): null

28-03-2025T12:14:39 - [TEST_STEP][PASSED] - if (iy > -1): null

28-03-2025T12:14:39 - [TEST_STEP][PASSED] - y = substring(iy, iy + 4).toInteger(): null

28-03-2025T12:14:39 - [TEST_STEP][PASSED] - println(y): null

28-03-2025T12:14:39 - [TEST_STEP][PASSED] - if (toString().length() == 4): null

28-03-2025T12:14:39 - [TEST_STEP][PASSED] - m = m.substring(0, m.indexOf(y.toString())): null

28-03-2025T12:14:39 - [TEST_STEP][PASSED] - m = m.trim(): null

28-03-2025T12:14:39 - [TEST_STEP][PASSED] - if (m == ""): null

28-03-2025T12:14:39 - [TEST_STEP][PASSED] - dashboardName = "Выполнение бизнес-плана": null

28-03-2025T12:14:39 - [TEST_STEP][PASSED] - workbook01 = getWorkbook(excelFilePath): null

28-03-2025T12:14:39 - [TEST_STEP][PASSED] - sheet01 = getExcelSheet(workbook01, sheetName): null

28-03-2025T12:14:39 - [TEST_STEP][PASSED] - setValueToCellByIndex(sheet01, n, 0, dashboardName): null

28-03-2025T12:14:39 - [TEST_STEP][PASSED] - setValueToCellByIndex(sheet01, n, 1, dZO): null

28-03-2025T12:14:39 - [TEST_STEP][PASSED] - setValueToCellByIndex(sheet01, n, 2, typeOfData): null

28-03-2025T12:14:39 - [TEST_STEP][PASSED] - if (typeOfData == "Факт в процентах" || typeOfData == "План в процентах"): null

28-03-2025T12:14:39 - [TEST_STEP][PASSED] - else: null

28-03-2025T12:14:39 - [TEST_STEP][PASSED] - setValueToCellByIndex(sheet01, n, 3, fileInt): null

28-03-2025T12:14:39 - [TEST_STEP][PASSED] - setValueToCellByIndex(sheet01, n, 4, "нет данных"): null

28-03-2025T12:14:39 - [TEST_STEP][PASSED] - setValueToCellByIndex(sheet01, n, 5, m): null

28-03-2025T12:14:39 - [TEST_STEP][PASSED] - setValueToCellByIndex(sheet01, n, 6, y): null

28-03-2025T12:14:39 - [TEST_STEP][PASSED] - setValueToCellByIndex(sheet01, n, 7, todaysDate): null

28-03-2025T12:14:39 - [TEST_STEP][PASSED] - n = n + 1: null

28-03-2025T12:14:39 - [TEST_STEP][PASSED] - saveWorkbook(excelFilePath, workbook01): null

28-03-2025T12:14:39 - [TEST_STEP][PASSED] - typeOfData = "План Отпуск в сеть": null

28-03-2025T12:14:39 - [TEST_STEP][PASSED] - fileInt = replaceAll("\s+", "").toInteger(): null

28-03-2025T12:14:39 - [TEST_STEP][PASSED] - Script1718980020443.WriteToExcelNoData(a, typeOfData, todaysDate, fileInt, fileDouble, dZO): null

28-03-2025T12:14:39 - [TEST_STEP][PASSED] - sheetName = "Sheet1": null

28-03-2025T12:14:39 - [TEST_STEP][PASSED] - data = findTestData("PlanFact"): null

28-03-2025T12:14:39 - [TEST_STEP][PASSED] - n = data.getRowNumbers() + 1: null

28-03-2025T12:14:39 - [TEST_STEP][PASSED] - day = ")).toInteger(): null

28-03-2025T12:14:39 - [TEST_STEP][PASSED] - println(day): null

28-03-2025T12:14:39 - [TEST_STEP][PASSED] - month = ")).toInteger(): null

28-03-2025T12:14:39 - [TEST_STEP][PASSED] - println(month): null

28-03-2025T12:14:39 - [TEST_STEP][PASSED] - y = <not implemented yet for class: org.codehaus.groovy.ast.expr.EmptyExpression>: null

28-03-2025T12:14:39 - [TEST_STEP][PASSED] - iy = <not implemented yet for class: org.codehaus.groovy.ast.expr.EmptyExpression>: null

28-03-2025T12:14:39 - [TEST_STEP][PASSED] - m = getText(findTestObject("Выполнение бизнес-плана/Период")): Text of object 'Object Repository/Выполнение бизнес-плана/Период' is: 'Январь 2025 года'

28-03-2025T12:14:40 - [MESSAGE][PASSED] - Text of object 'Object Repository/Выполнение бизнес-плана/Период' is: 'Январь 2025 года'

28-03-2025T12:14:40 - [TEST_STEP][PASSED] - iy = m.indexOf("20"): null

28-03-2025T12:14:40 - [TEST_STEP][PASSED] - if (iy > -1): null

28-03-2025T12:14:40 - [TEST_STEP][PASSED] - y = substring(iy, iy + 4).toInteger(): null

28-03-2025T12:14:40 - [TEST_STEP][PASSED] - println(y): null

28-03-2025T12:14:40 - [TEST_STEP][PASSED] - if (toString().length() == 4): null

28-03-2025T12:14:40 - [TEST_STEP][PASSED] - m = m.substring(0, m.indexOf(y.toString())): null

28-03-2025T12:14:40 - [TEST_STEP][PASSED] - m = m.trim(): null

28-03-2025T12:14:40 - [TEST_STEP][PASSED] - if (m == ""): null

28-03-2025T12:14:40 - [TEST_STEP][PASSED] - dashboardName = "Выполнение бизнес-плана": null

28-03-2025T12:14:40 - [TEST_STEP][PASSED] - workbook01 = getWorkbook(excelFilePath): null

28-03-2025T12:14:40 - [TEST_STEP][PASSED] - sheet01 = getExcelSheet(workbook01, sheetName): null

28-03-2025T12:14:40 - [TEST_STEP][PASSED] - setValueToCellByIndex(sheet01, n, 0, dashboardName): null

28-03-2025T12:14:40 - [TEST_STEP][PASSED] - setValueToCellByIndex(sheet01, n, 1, dZO): null

28-03-2025T12:14:40 - [TEST_STEP][PASSED] - setValueToCellByIndex(sheet01, n, 2, typeOfData): null

28-03-2025T12:14:40 - [TEST_STEP][PASSED] - if (typeOfData == "Факт в процентах" || typeOfData == "План в процентах"): null

28-03-2025T12:14:40 - [TEST_STEP][PASSED] - else: null

28-03-2025T12:14:40 - [TEST_STEP][PASSED] - setValueToCellByIndex(sheet01, n, 3, fileInt): null

28-03-2025T12:14:40 - [TEST_STEP][PASSED] - setValueToCellByIndex(sheet01, n, 4, "нет данных"): null

28-03-2025T12:14:40 - [TEST_STEP][PASSED] - setValueToCellByIndex(sheet01, n, 5, m): null

28-03-2025T12:14:40 - [TEST_STEP][PASSED] - setValueToCellByIndex(sheet01, n, 6, y): null

28-03-2025T12:14:40 - [TEST_STEP][PASSED] - setValueToCellByIndex(sheet01, n, 7, todaysDate): null

28-03-2025T12:14:40 - [TEST_STEP][PASSED] - n = n + 1: null

28-03-2025T12:14:40 - [TEST_STEP][PASSED] - saveWorkbook(excelFilePath, workbook01): null

28-03-2025T12:14:40 - [TEST_STEP][PASSED] - typeOfData = "План Потери": null

28-03-2025T12:14:40 - [TEST_STEP][PASSED] - fileInt = replaceAll("\s+", "").toInteger(): null

28-03-2025T12:14:40 - [TEST_STEP][PASSED] - Script1718980020443.WriteToExcelNoData(a, typeOfData, todaysDate, fileInt, fileDouble, dZO): null

28-03-2025T12:14:40 - [TEST_STEP][PASSED] - sheetName = "Sheet1": null

28-03-2025T12:14:40 - [TEST_STEP][PASSED] - data = findTestData("PlanFact"): null

28-03-2025T12:14:40 - [TEST_STEP][PASSED] - n = data.getRowNumbers() + 1: null

28-03-2025T12:14:40 - [TEST_STEP][PASSED] - day = ")).toInteger(): null

28-03-2025T12:14:40 - [TEST_STEP][PASSED] - println(day): null

28-03-2025T12:14:40 - [TEST_STEP][PASSED] - month = ")).toInteger(): null

28-03-2025T12:14:40 - [TEST_STEP][PASSED] - println(month): null

28-03-2025T12:14:40 - [TEST_STEP][PASSED] - y = <not implemented yet for class: org.codehaus.groovy.ast.expr.EmptyExpression>: null

28-03-2025T12:14:40 - [TEST_STEP][PASSED] - iy = <not implemented yet for class: org.codehaus.groovy.ast.expr.EmptyExpression>: null

28-03-2025T12:14:40 - [TEST_STEP][PASSED] - m = getText(findTestObject("Выполнение бизнес-плана/Период")): Text of object 'Object Repository/Выполнение бизнес-плана/Период' is: 'Январь 2025 года'

28-03-2025T12:14:40 - [MESSAGE][PASSED] - Text of object 'Object Repository/Выполнение бизнес-плана/Период' is: 'Январь 2025 года'

28-03-2025T12:14:40 - [TEST_STEP][PASSED] - iy = m.indexOf("20"): null

28-03-2025T12:14:40 - [TEST_STEP][PASSED] - if (iy > -1): null

28-03-2025T12:14:40 - [TEST_STEP][PASSED] - y = substring(iy, iy + 4).toInteger(): null

28-03-2025T12:14:40 - [TEST_STEP][PASSED] - println(y): null

28-03-2025T12:14:40 - [TEST_STEP][PASSED] - if (toString().length() == 4): null

28-03-2025T12:14:40 - [TEST_STEP][PASSED] - m = m.substring(0, m.indexOf(y.toString())): null

28-03-2025T12:14:40 - [TEST_STEP][PASSED] - m = m.trim(): null

28-03-2025T12:14:40 - [TEST_STEP][PASSED] - if (m == ""): null

28-03-2025T12:14:40 - [TEST_STEP][PASSED] - dashboardName = "Выполнение бизнес-плана": null

28-03-2025T12:14:40 - [TEST_STEP][PASSED] - workbook01 = getWorkbook(excelFilePath): null

28-03-2025T12:14:40 - [TEST_STEP][PASSED] - sheet01 = getExcelSheet(workbook01, sheetName): null

28-03-2025T12:14:40 - [TEST_STEP][PASSED] - setValueToCellByIndex(sheet01, n, 0, dashboardName): null

28-03-2025T12:14:40 - [TEST_STEP][PASSED] - setValueToCellByIndex(sheet01, n, 1, dZO): null

28-03-2025T12:14:40 - [TEST_STEP][PASSED] - setValueToCellByIndex(sheet01, n, 2, typeOfData): null

28-03-2025T12:14:40 - [TEST_STEP][PASSED] - if (typeOfData == "Факт в процентах" || typeOfData == "План в процентах"): null

28-03-2025T12:14:40 - [TEST_STEP][PASSED] - else: null

28-03-2025T12:14:40 - [TEST_STEP][PASSED] - setValueToCellByIndex(sheet01, n, 3, fileInt): null

28-03-2025T12:14:40 - [TEST_STEP][PASSED] - setValueToCellByIndex(sheet01, n, 4, "нет данных"): null

28-03-2025T12:14:40 - [TEST_STEP][PASSED] - setValueToCellByIndex(sheet01, n, 5, m): null

28-03-2025T12:14:40 - [TEST_STEP][PASSED] - setValueToCellByIndex(sheet01, n, 6, y): null

28-03-2025T12:14:40 - [TEST_STEP][PASSED] - setValueToCellByIndex(sheet01, n, 7, todaysDate): null

28-03-2025T12:14:40 - [TEST_STEP][PASSED] - n = n + 1: null

28-03-2025T12:14:40 - [TEST_STEP][PASSED] - saveWorkbook(excelFilePath, workbook01): null

28-03-2025T12:14:40 - [TEST_STEP][PASSED] - typeOfData = "План в процентах": null

28-03-2025T12:14:40 - [TEST_STEP][PASSED] - fileDouble = ").toDouble(): null

28-03-2025T12:14:41 - [TEST_STEP][PASSED] - Script1718980020443.WriteToExcelNoData(a, typeOfData, todaysDate, fileInt, fileDouble, dZO): null

28-03-2025T12:14:41 - [TEST_STEP][PASSED] - sheetName = "Sheet1": null

28-03-2025T12:14:41 - [TEST_STEP][PASSED] - data = findTestData("PlanFact"): null

28-03-2025T12:14:41 - [TEST_STEP][PASSED] - n = data.getRowNumbers() + 1: null

28-03-2025T12:14:41 - [TEST_STEP][PASSED] - day = ")).toInteger(): null

28-03-2025T12:14:41 - [TEST_STEP][PASSED] - println(day): null

28-03-2025T12:14:41 - [TEST_STEP][PASSED] - month = ")).toInteger(): null

28-03-2025T12:14:41 - [TEST_STEP][PASSED] - println(month): null

28-03-2025T12:14:41 - [TEST_STEP][PASSED] - y = <not implemented yet for class: org.codehaus.groovy.ast.expr.EmptyExpression>: null

28-03-2025T12:14:41 - [TEST_STEP][PASSED] - iy = <not implemented yet for class: org.codehaus.groovy.ast.expr.EmptyExpression>: null

28-03-2025T12:14:41 - [TEST_STEP][PASSED] - m = getText(findTestObject("Выполнение бизнес-плана/Период")): Text of object 'Object Repository/Выполнение бизнес-плана/Период' is: 'Январь 2025 года'

28-03-2025T12:14:41 - [MESSAGE][PASSED] - Text of object 'Object Repository/Выполнение бизнес-плана/Период' is: 'Январь 2025 года'

28-03-2025T12:14:41 - [TEST_STEP][PASSED] - iy = m.indexOf("20"): null

28-03-2025T12:14:41 - [TEST_STEP][PASSED] - if (iy > -1): null

28-03-2025T12:14:41 - [TEST_STEP][PASSED] - y = substring(iy, iy + 4).toInteger(): null

28-03-2025T12:14:41 - [TEST_STEP][PASSED] - println(y): null

28-03-2025T12:14:41 - [TEST_STEP][PASSED] - if (toString().length() == 4): null

28-03-2025T12:14:41 - [TEST_STEP][PASSED] - m = m.substring(0, m.indexOf(y.toString())): null

28-03-2025T12:14:41 - [TEST_STEP][PASSED] - m = m.trim(): null

28-03-2025T12:14:41 - [TEST_STEP][PASSED] - if (m == ""): null

28-03-2025T12:14:41 - [TEST_STEP][PASSED] - dashboardName = "Выполнение бизнес-плана": null

28-03-2025T12:14:41 - [TEST_STEP][PASSED] - workbook01 = getWorkbook(excelFilePath): null

28-03-2025T12:14:41 - [TEST_STEP][PASSED] - sheet01 = getExcelSheet(workbook01, sheetName): null

28-03-2025T12:14:41 - [TEST_STEP][PASSED] - setValueToCellByIndex(sheet01, n, 0, dashboardName): null

28-03-2025T12:14:41 - [TEST_STEP][PASSED] - setValueToCellByIndex(sheet01, n, 1, dZO): null

28-03-2025T12:14:41 - [TEST_STEP][PASSED] - setValueToCellByIndex(sheet01, n, 2, typeOfData): null

28-03-2025T12:14:41 - [TEST_STEP][PASSED] - if (typeOfData == "Факт в процентах" || typeOfData == "План в процентах"): null

28-03-2025T12:14:41 - [TEST_STEP][PASSED] - setValueToCellByIndex(sheet01, n, 3, fileDouble): null

28-03-2025T12:14:41 - [TEST_STEP][PASSED] - setValueToCellByIndex(sheet01, n, 4, "нет данных"): null

28-03-2025T12:14:41 - [TEST_STEP][PASSED] - setValueToCellByIndex(sheet01, n, 5, m): null

28-03-2025T12:14:41 - [TEST_STEP][PASSED] - setValueToCellByIndex(sheet01, n, 6, y): null

28-03-2025T12:14:41 - [TEST_STEP][PASSED] - setValueToCellByIndex(sheet01, n, 7, todaysDate): null

28-03-2025T12:14:41 - [TEST_STEP][PASSED] - n = n + 1: null

28-03-2025T12:14:41 - [TEST_STEP][PASSED] - saveWorkbook(excelFilePath, workbook01): null

28-03-2025T12:14:41 - [TEST_STEP][PASSED] - typeOfData = "Факт в процентах": null

28-03-2025T12:14:41 - [TEST_STEP][PASSED] - fileDouble = ").toDouble(): null

28-03-2025T12:14:41 - [TEST_STEP][PASSED] - Script1718980020443.WriteToExcelNoData(a, typeOfData, todaysDate, fileInt, fileDouble, dZO): null

28-03-2025T12:14:41 - [TEST_STEP][PASSED] - sheetName = "Sheet1": null

28-03-2025T12:14:41 - [TEST_STEP][PASSED] - data = findTestData("PlanFact"): null

28-03-2025T12:14:41 - [TEST_STEP][PASSED] - n = data.getRowNumbers() + 1: null

28-03-2025T12:14:41 - [TEST_STEP][PASSED] - day = ")).toInteger(): null

28-03-2025T12:14:41 - [TEST_STEP][PASSED] - println(day): null

28-03-2025T12:14:41 - [TEST_STEP][PASSED] - month = ")).toInteger(): null

28-03-2025T12:14:41 - [TEST_STEP][PASSED] - println(month): null

28-03-2025T12:14:41 - [TEST_STEP][PASSED] - y = <not implemented yet for class: org.codehaus.groovy.ast.expr.EmptyExpression>: null

28-03-2025T12:14:41 - [TEST_STEP][PASSED] - iy = <not implemented yet for class: org.codehaus.groovy.ast.expr.EmptyExpression>: null

28-03-2025T12:14:41 - [TEST_STEP][PASSED] - m = getText(findTestObject("Выполнение бизнес-плана/Период")): Text of object 'Object Repository/Выполнение бизнес-плана/Период' is: 'Январь 2025 года'

28-03-2025T12:14:42 - [MESSAGE][PASSED] - Text of object 'Object Repository/Выполнение бизнес-плана/Период' is: 'Январь 2025 года'

28-03-2025T12:14:42 - [TEST_STEP][PASSED] - iy = m.indexOf("20"): null

28-03-2025T12:14:42 - [TEST_STEP][PASSED] - if (iy > -1): null

28-03-2025T12:14:42 - [TEST_STEP][PASSED] - y = substring(iy, iy + 4).toInteger(): null

28-03-2025T12:14:42 - [TEST_STEP][PASSED] - println(y): null

28-03-2025T12:14:42 - [TEST_STEP][PASSED] - if (toString().length() == 4): null

28-03-2025T12:14:42 - [TEST_STEP][PASSED] - m = m.substring(0, m.indexOf(y.toString())): null

28-03-2025T12:14:42 - [TEST_STEP][PASSED] - m = m.trim(): null

28-03-2025T12:14:42 - [TEST_STEP][PASSED] - if (m == ""): null

28-03-2025T12:14:42 - [TEST_STEP][PASSED] - dashboardName = "Выполнение бизнес-плана": null

28-03-2025T12:14:42 - [TEST_STEP][PASSED] - workbook01 = getWorkbook(excelFilePath): null

28-03-2025T12:14:42 - [TEST_STEP][PASSED] - sheet01 = getExcelSheet(workbook01, sheetName): null

28-03-2025T12:14:42 - [TEST_STEP][PASSED] - setValueToCellByIndex(sheet01, n, 0, dashboardName): null

28-03-2025T12:14:42 - [TEST_STEP][PASSED] - setValueToCellByIndex(sheet01, n, 1, dZO): null

28-03-2025T12:14:42 - [TEST_STEP][PASSED] - setValueToCellByIndex(sheet01, n, 2, typeOfData): null

28-03-2025T12:14:42 - [TEST_STEP][PASSED] - if (typeOfData == "Факт в процентах" || typeOfData == "План в процентах"): null

28-03-2025T12:14:42 - [TEST_STEP][PASSED] - setValueToCellByIndex(sheet01, n, 3, fileDouble): null

28-03-2025T12:14:42 - [TEST_STEP][PASSED] - setValueToCellByIndex(sheet01, n, 4, "нет данных"): null

28-03-2025T12:14:42 - [TEST_STEP][PASSED] - setValueToCellByIndex(sheet01, n, 5, m): null

28-03-2025T12:14:42 - [TEST_STEP][PASSED] - setValueToCellByIndex(sheet01, n, 6, y): null

28-03-2025T12:14:42 - [TEST_STEP][PASSED] - setValueToCellByIndex(sheet01, n, 7, todaysDate): null

28-03-2025T12:14:42 - [TEST_STEP][PASSED] - n = n + 1: null

28-03-2025T12:14:42 - [TEST_STEP][PASSED] - saveWorkbook(excelFilePath, workbook01): null

28-03-2025T12:14:42 - [TEST_STEP][PASSED] - println(dzoNum): null

28-03-2025T12:14:42 - [TEST_STEP][PASSED] - dZO = "Россети Ленэнерго": null

28-03-2025T12:14:42 - [TEST_STEP][PASSED] - a = 77: null

28-03-2025T12:14:42 - [TEST_STEP][PASSED] - if (x1.contains("Ленэнерго")): null

28-03-2025T12:14:42 - [TEST_STEP][PASSED] - else: null

28-03-2025T12:14:42 - [TEST_STEP][PASSED] - Script1718980020443.NoData(a, typeOfData, todaysDate, fileInt, fileDouble, dZO): null

28-03-2025T12:14:42 - [TEST_STEP][PASSED] - println(a): null

28-03-2025T12:14:42 - [TEST_STEP][PASSED] - println(todaysDate): null

28-03-2025T12:14:42 - [TEST_STEP][PASSED] - println(fileInt): null

28-03-2025T12:14:42 - [TEST_STEP][PASSED] - println(fileDouble): null

28-03-2025T12:14:42 - [TEST_STEP][PASSED] - println(dZO): null

28-03-2025T12:14:42 - [TEST_STEP][PASSED] - typeOfData = "Факт Отпуск в сеть": null

28-03-2025T12:14:42 - [TEST_STEP][PASSED] - fileInt = replaceAll("\s+", "").toInteger(): null

28-03-2025T12:14:42 - [TEST_STEP][PASSED] - Script1718980020443.WriteToExcelNoData(a, typeOfData, todaysDate, fileInt, fileDouble, dZO): null

28-03-2025T12:14:42 - [TEST_STEP][PASSED] - sheetName = "Sheet1": null

28-03-2025T12:14:42 - [TEST_STEP][PASSED] - data = findTestData("PlanFact"): null

28-03-2025T12:14:42 - [TEST_STEP][PASSED] - n = data.getRowNumbers() + 1: null

28-03-2025T12:14:42 - [TEST_STEP][PASSED] - day = ")).toInteger(): null

28-03-2025T12:14:42 - [TEST_STEP][PASSED] - println(day): null

28-03-2025T12:14:42 - [TEST_STEP][PASSED] - month = ")).toInteger(): null

28-03-2025T12:14:42 - [TEST_STEP][PASSED] - println(month): null

28-03-2025T12:14:42 - [TEST_STEP][PASSED] - y = <not implemented yet for class: org.codehaus.groovy.ast.expr.EmptyExpression>: null

28-03-2025T12:14:42 - [TEST_STEP][PASSED] - iy = <not implemented yet for class: org.codehaus.groovy.ast.expr.EmptyExpression>: null

28-03-2025T12:14:42 - [TEST_STEP][PASSED] - m = getText(findTestObject("Выполнение бизнес-плана/Период")): Text of object 'Object Repository/Выполнение бизнес-плана/Период' is: 'Январь 2025 года'

28-03-2025T12:14:42 - [MESSAGE][PASSED] - Text of object 'Object Repository/Выполнение бизнес-плана/Период' is: 'Январь 2025 года'

28-03-2025T12:14:42 - [TEST_STEP][PASSED] - iy = m.indexOf("20"): null

28-03-2025T12:14:42 - [TEST_STEP][PASSED] - if (iy > -1): null

28-03-2025T12:14:42 - [TEST_STEP][PASSED] - y = substring(iy, iy + 4).toInteger(): null

28-03-2025T12:14:42 - [TEST_STEP][PASSED] - println(y): null

28-03-2025T12:14:42 - [TEST_STEP][PASSED] - if (toString().length() == 4): null

28-03-2025T12:14:42 - [TEST_STEP][PASSED] - m = m.substring(0, m.indexOf(y.toString())): null

28-03-2025T12:14:42 - [TEST_STEP][PASSED] - m = m.trim(): null

28-03-2025T12:14:42 - [TEST_STEP][PASSED] - if (m == ""): null

28-03-2025T12:14:42 - [TEST_STEP][PASSED] - dashboardName = "Выполнение бизнес-плана": null

28-03-2025T12:14:42 - [TEST_STEP][PASSED] - workbook01 = getWorkbook(excelFilePath): null

28-03-2025T12:14:42 - [TEST_STEP][PASSED] - sheet01 = getExcelSheet(workbook01, sheetName): null

28-03-2025T12:14:42 - [TEST_STEP][PASSED] - setValueToCellByIndex(sheet01, n, 0, dashboardName): null

28-03-2025T12:14:42 - [TEST_STEP][PASSED] - setValueToCellByIndex(sheet01, n, 1, dZO): null

28-03-2025T12:14:42 - [TEST_STEP][PASSED] - setValueToCellByIndex(sheet01, n, 2, typeOfData): null

28-03-2025T12:14:42 - [TEST_STEP][PASSED] - if (typeOfData == "Факт в процентах" || typeOfData == "План в процентах"): null

28-03-2025T12:14:42 - [TEST_STEP][PASSED] - else: null

28-03-2025T12:14:42 - [TEST_STEP][PASSED] - setValueToCellByIndex(sheet01, n, 3, fileInt): null

28-03-2025T12:14:42 - [TEST_STEP][PASSED] - setValueToCellByIndex(sheet01, n, 4, "нет данных"): null

28-03-2025T12:14:42 - [TEST_STEP][PASSED] - setValueToCellByIndex(sheet01, n, 5, m): null

28-03-2025T12:14:42 - [TEST_STEP][PASSED] - setValueToCellByIndex(sheet01, n, 6, y): null

28-03-2025T12:14:42 - [TEST_STEP][PASSED] - setValueToCellByIndex(sheet01, n, 7, todaysDate): null

28-03-2025T12:14:42 - [TEST_STEP][PASSED] - n = n + 1: null

28-03-2025T12:14:42 - [TEST_STEP][PASSED] - saveWorkbook(excelFilePath, workbook01): null

28-03-2025T12:14:43 - [TEST_STEP][PASSED] - typeOfData = "Факт Потери": null

28-03-2025T12:14:43 - [TEST_STEP][PASSED] - fileInt = replaceAll("\s+", "").toInteger(): null

28-03-2025T12:14:43 - [TEST_STEP][PASSED] - Script1718980020443.WriteToExcelNoData(a, typeOfData, todaysDate, fileInt, fileDouble, dZO): null

28-03-2025T12:14:43 - [TEST_STEP][PASSED] - sheetName = "Sheet1": null

28-03-2025T12:14:43 - [TEST_STEP][PASSED] - data = findTestData("PlanFact"): null

28-03-2025T12:14:43 - [TEST_STEP][PASSED] - n = data.getRowNumbers() + 1: null

28-03-2025T12:14:43 - [TEST_STEP][PASSED] - day = ")).toInteger(): null

28-03-2025T12:14:43 - [TEST_STEP][PASSED] - println(day): null

28-03-2025T12:14:43 - [TEST_STEP][PASSED] - month = ")).toInteger(): null

28-03-2025T12:14:43 - [TEST_STEP][PASSED] - println(month): null

28-03-2025T12:14:43 - [TEST_STEP][PASSED] - y = <not implemented yet for class: org.codehaus.groovy.ast.expr.EmptyExpression>: null

28-03-2025T12:14:43 - [TEST_STEP][PASSED] - iy = <not implemented yet for class: org.codehaus.groovy.ast.expr.EmptyExpression>: null

28-03-2025T12:14:43 - [TEST_STEP][PASSED] - m = getText(findTestObject("Выполнение бизнес-плана/Период")): Text of object 'Object Repository/Выполнение бизнес-плана/Период' is: 'Январь 2025 года'

28-03-2025T12:14:43 - [MESSAGE][PASSED] - Text of object 'Object Repository/Выполнение бизнес-плана/Период' is: 'Январь 2025 года'

28-03-2025T12:14:43 - [TEST_STEP][PASSED] - iy = m.indexOf("20"): null

28-03-2025T12:14:43 - [TEST_STEP][PASSED] - if (iy > -1): null

28-03-2025T12:14:43 - [TEST_STEP][PASSED] - y = substring(iy, iy + 4).toInteger(): null

28-03-2025T12:14:43 - [TEST_STEP][PASSED] - println(y): null

28-03-2025T12:14:43 - [TEST_STEP][PASSED] - if (toString().length() == 4): null

28-03-2025T12:14:43 - [TEST_STEP][PASSED] - m = m.substring(0, m.indexOf(y.toString())): null

28-03-2025T12:14:43 - [TEST_STEP][PASSED] - m = m.trim(): null

28-03-2025T12:14:43 - [TEST_STEP][PASSED] - if (m == ""): null

28-03-2025T12:14:43 - [TEST_STEP][PASSED] - dashboardName = "Выполнение бизнес-плана": null

28-03-2025T12:14:43 - [TEST_STEP][PASSED] - workbook01 = getWorkbook(excelFilePath): null

28-03-2025T12:14:43 - [TEST_STEP][PASSED] - sheet01 = getExcelSheet(workbook01, sheetName): null

28-03-2025T12:14:43 - [TEST_STEP][PASSED] - setValueToCellByIndex(sheet01, n, 0, dashboardName): null

28-03-2025T12:14:43 - [TEST_STEP][PASSED] - setValueToCellByIndex(sheet01, n, 1, dZO): null

28-03-2025T12:14:43 - [TEST_STEP][PASSED] - setValueToCellByIndex(sheet01, n, 2, typeOfData): null

28-03-2025T12:14:43 - [TEST_STEP][PASSED] - if (typeOfData == "Факт в процентах" || typeOfData == "План в процентах"): null

28-03-2025T12:14:43 - [TEST_STEP][PASSED] - else: null

28-03-2025T12:14:43 - [TEST_STEP][PASSED] - setValueToCellByIndex(sheet01, n, 3, fileInt): null

28-03-2025T12:14:43 - [TEST_STEP][PASSED] - setValueToCellByIndex(sheet01, n, 4, "нет данных"): null

28-03-2025T12:14:43 - [TEST_STEP][PASSED] - setValueToCellByIndex(sheet01, n, 5, m): null

28-03-2025T12:14:43 - [TEST_STEP][PASSED] - setValueToCellByIndex(sheet01, n, 6, y): null

28-03-2025T12:14:43 - [TEST_STEP][PASSED] - setValueToCellByIndex(sheet01, n, 7, todaysDate): null

28-03-2025T12:14:43 - [TEST_STEP][PASSED] - n = n + 1: null

28-03-2025T12:14:43 - [TEST_STEP][PASSED] - saveWorkbook(excelFilePath, workbook01): null

28-03-2025T12:14:43 - [TEST_STEP][PASSED] - typeOfData = "План Отпуск в сеть": null

28-03-2025T12:14:43 - [TEST_STEP][PASSED] - fileInt = replaceAll("\s+", "").toInteger(): null

28-03-2025T12:14:43 - [TEST_STEP][PASSED] - Script1718980020443.WriteToExcelNoData(a, typeOfData, todaysDate, fileInt, fileDouble, dZO): null

28-03-2025T12:14:43 - [TEST_STEP][PASSED] - sheetName = "Sheet1": null

28-03-2025T12:14:43 - [TEST_STEP][PASSED] - data = findTestData("PlanFact"): null

28-03-2025T12:14:43 - [TEST_STEP][PASSED] - n = data.getRowNumbers() + 1: null

28-03-2025T12:14:43 - [TEST_STEP][PASSED] - day = ")).toInteger(): null

28-03-2025T12:14:43 - [TEST_STEP][PASSED] - println(day): null

28-03-2025T12:14:43 - [TEST_STEP][PASSED] - month = ")).toInteger(): null

28-03-2025T12:14:43 - [TEST_STEP][PASSED] - println(month): null

28-03-2025T12:14:43 - [TEST_STEP][PASSED] - y = <not implemented yet for class: org.codehaus.groovy.ast.expr.EmptyExpression>: null

28-03-2025T12:14:43 - [TEST_STEP][PASSED] - iy = <not implemented yet for class: org.codehaus.groovy.ast.expr.EmptyExpression>: null

28-03-2025T12:14:43 - [TEST_STEP][PASSED] - m = getText(findTestObject("Выполнение бизнес-плана/Период")): Text of object 'Object Repository/Выполнение бизнес-плана/Период' is: 'Январь 2025 года'

28-03-2025T12:14:44 - [MESSAGE][PASSED] - Text of object 'Object Repository/Выполнение бизнес-плана/Период' is: 'Январь 2025 года'

28-03-2025T12:14:44 - [TEST_STEP][PASSED] - iy = m.indexOf("20"): null

28-03-2025T12:14:44 - [TEST_STEP][PASSED] - if (iy > -1): null

28-03-2025T12:14:44 - [TEST_STEP][PASSED] - y = substring(iy, iy + 4).toInteger(): null

28-03-2025T12:14:44 - [TEST_STEP][PASSED] - println(y): null

28-03-2025T12:14:44 - [TEST_STEP][PASSED] - if (toString().length() == 4): null

28-03-2025T12:14:44 - [TEST_STEP][PASSED] - m = m.substring(0, m.indexOf(y.toString())): null

28-03-2025T12:14:44 - [TEST_STEP][PASSED] - m = m.trim(): null

28-03-2025T12:14:44 - [TEST_STEP][PASSED] - if (m == ""): null

28-03-2025T12:14:44 - [TEST_STEP][PASSED] - dashboardName = "Выполнение бизнес-плана": null

28-03-2025T12:14:44 - [TEST_STEP][PASSED] - workbook01 = getWorkbook(excelFilePath): null

28-03-2025T12:14:44 - [TEST_STEP][PASSED] - sheet01 = getExcelSheet(workbook01, sheetName): null

28-03-2025T12:14:44 - [TEST_STEP][PASSED] - setValueToCellByIndex(sheet01, n, 0, dashboardName): null

28-03-2025T12:14:44 - [TEST_STEP][PASSED] - setValueToCellByIndex(sheet01, n, 1, dZO): null

28-03-2025T12:14:44 - [TEST_STEP][PASSED] - setValueToCellByIndex(sheet01, n, 2, typeOfData): null

28-03-2025T12:14:44 - [TEST_STEP][PASSED] - if (typeOfData == "Факт в процентах" || typeOfData == "План в процентах"): null

28-03-2025T12:14:44 - [TEST_STEP][PASSED] - else: null

28-03-2025T12:14:44 - [TEST_STEP][PASSED] - setValueToCellByIndex(sheet01, n, 3, fileInt): null

28-03-2025T12:14:44 - [TEST_STEP][PASSED] - setValueToCellByIndex(sheet01, n, 4, "нет данных"): null

28-03-2025T12:14:44 - [TEST_STEP][PASSED] - setValueToCellByIndex(sheet01, n, 5, m): null

28-03-2025T12:14:44 - [TEST_STEP][PASSED] - setValueToCellByIndex(sheet01, n, 6, y): null

28-03-2025T12:14:44 - [TEST_STEP][PASSED] - setValueToCellByIndex(sheet01, n, 7, todaysDate): null

28-03-2025T12:14:44 - [TEST_STEP][PASSED] - n = n + 1: null

28-03-2025T12:14:44 - [TEST_STEP][PASSED] - saveWorkbook(excelFilePath, workbook01): null

28-03-2025T12:14:44 - [TEST_STEP][PASSED] - typeOfData = "План Потери": null

28-03-2025T12:14:44 - [TEST_STEP][PASSED] - fileInt = replaceAll("\s+", "").toInteger(): null

28-03-2025T12:14:44 - [TEST_STEP][PASSED] - Script1718980020443.WriteToExcelNoData(a, typeOfData, todaysDate, fileInt, fileDouble, dZO): null

28-03-2025T12:14:44 - [TEST_STEP][PASSED] - sheetName = "Sheet1": null

28-03-2025T12:14:44 - [TEST_STEP][PASSED] - data = findTestData("PlanFact"): null

28-03-2025T12:14:44 - [TEST_STEP][PASSED] - n = data.getRowNumbers() + 1: null

28-03-2025T12:14:44 - [TEST_STEP][PASSED] - day = ")).toInteger(): null

28-03-2025T12:14:44 - [TEST_STEP][PASSED] - println(day): null

28-03-2025T12:14:44 - [TEST_STEP][PASSED] - month = ")).toInteger(): null

28-03-2025T12:14:44 - [TEST_STEP][PASSED] - println(month): null

28-03-2025T12:14:44 - [TEST_STEP][PASSED] - y = <not implemented yet for class: org.codehaus.groovy.ast.expr.EmptyExpression>: null

28-03-2025T12:14:44 - [TEST_STEP][PASSED] - iy = <not implemented yet for class: org.codehaus.groovy.ast.expr.EmptyExpression>: null

28-03-2025T12:14:44 - [TEST_STEP][PASSED] - m = getText(findTestObject("Выполнение бизнес-плана/Период")): Text of object 'Object Repository/Выполнение бизнес-плана/Период' is: 'Январь 2025 года'

28-03-2025T12:14:44 - [MESSAGE][PASSED] - Text of object 'Object Repository/Выполнение бизнес-плана/Период' is: 'Январь 2025 года'

28-03-2025T12:14:44 - [TEST_STEP][PASSED] - iy = m.indexOf("20"): null

28-03-2025T12:14:44 - [TEST_STEP][PASSED] - if (iy > -1): null

28-03-2025T12:14:44 - [TEST_STEP][PASSED] - y = substring(iy, iy + 4).toInteger(): null

28-03-2025T12:14:44 - [TEST_STEP][PASSED] - println(y): null

28-03-2025T12:14:44 - [TEST_STEP][PASSED] - if (toString().length() == 4): null

28-03-2025T12:14:44 - [TEST_STEP][PASSED] - m = m.substring(0, m.indexOf(y.toString())): null

28-03-2025T12:14:44 - [TEST_STEP][PASSED] - m = m.trim(): null

28-03-2025T12:14:44 - [TEST_STEP][PASSED] - if (m == ""): null

28-03-2025T12:14:44 - [TEST_STEP][PASSED] - dashboardName = "Выполнение бизнес-плана": null

28-03-2025T12:14:44 - [TEST_STEP][PASSED] - workbook01 = getWorkbook(excelFilePath): null

28-03-2025T12:14:44 - [TEST_STEP][PASSED] - sheet01 = getExcelSheet(workbook01, sheetName): null

28-03-2025T12:14:44 - [TEST_STEP][PASSED] - setValueToCellByIndex(sheet01, n, 0, dashboardName): null

28-03-2025T12:14:44 - [TEST_STEP][PASSED] - setValueToCellByIndex(sheet01, n, 1, dZO): null

28-03-2025T12:14:44 - [TEST_STEP][PASSED] - setValueToCellByIndex(sheet01, n, 2, typeOfData): null

28-03-2025T12:14:44 - [TEST_STEP][PASSED] - if (typeOfData == "Факт в процентах" || typeOfData == "План в процентах"): null

28-03-2025T12:14:44 - [TEST_STEP][PASSED] - else: null

28-03-2025T12:14:44 - [TEST_STEP][PASSED] - setValueToCellByIndex(sheet01, n, 3, fileInt): null

28-03-2025T12:14:44 - [TEST_STEP][PASSED] - setValueToCellByIndex(sheet01, n, 4, "нет данных"): null

28-03-2025T12:14:44 - [TEST_STEP][PASSED] - setValueToCellByIndex(sheet01, n, 5, m): null

28-03-2025T12:14:44 - [TEST_STEP][PASSED] - setValueToCellByIndex(sheet01, n, 6, y): null

28-03-2025T12:14:44 - [TEST_STEP][PASSED] - setValueToCellByIndex(sheet01, n, 7, todaysDate): null

28-03-2025T12:14:44 - [TEST_STEP][PASSED] - n = n + 1: null

28-03-2025T12:14:44 - [TEST_STEP][PASSED] - saveWorkbook(excelFilePath, workbook01): null

28-03-2025T12:14:45 - [TEST_STEP][PASSED] - typeOfData = "План в процентах": null

28-03-2025T12:14:45 - [TEST_STEP][PASSED] - fileDouble = ").toDouble(): null

28-03-2025T12:14:45 - [TEST_STEP][PASSED] - Script1718980020443.WriteToExcelNoData(a, typeOfData, todaysDate, fileInt, fileDouble, dZO): null

28-03-2025T12:14:45 - [TEST_STEP][PASSED] - sheetName = "Sheet1": null

28-03-2025T12:14:45 - [TEST_STEP][PASSED] - data = findTestData("PlanFact"): null

28-03-2025T12:14:45 - [TEST_STEP][PASSED] - n = data.getRowNumbers() + 1: null

28-03-2025T12:14:45 - [TEST_STEP][PASSED] - day = ")).toInteger(): null

28-03-2025T12:14:45 - [TEST_STEP][PASSED] - println(day): null

28-03-2025T12:14:45 - [TEST_STEP][PASSED] - month = ")).toInteger(): null

28-03-2025T12:14:45 - [TEST_STEP][PASSED] - println(month): null

28-03-2025T12:14:45 - [TEST_STEP][PASSED] - y = <not implemented yet for class: org.codehaus.groovy.ast.expr.EmptyExpression>: null

28-03-2025T12:14:45 - [TEST_STEP][PASSED] - iy = <not implemented yet for class: org.codehaus.groovy.ast.expr.EmptyExpression>: null

28-03-2025T12:14:45 - [TEST_STEP][PASSED] - m = getText(findTestObject("Выполнение бизнес-плана/Период")): Text of object 'Object Repository/Выполнение бизнес-плана/Период' is: 'Январь 2025 года'

28-03-2025T12:14:45 - [MESSAGE][PASSED] - Text of object 'Object Repository/Выполнение бизнес-плана/Период' is: 'Январь 2025 года'

28-03-2025T12:14:45 - [TEST_STEP][PASSED] - iy = m.indexOf("20"): null

28-03-2025T12:14:45 - [TEST_STEP][PASSED] - if (iy > -1): null

28-03-2025T12:14:45 - [TEST_STEP][PASSED] - y = substring(iy, iy + 4).toInteger(): null

28-03-2025T12:14:45 - [TEST_STEP][PASSED] - println(y): null

28-03-2025T12:14:45 - [TEST_STEP][PASSED] - if (toString().length() == 4): null

28-03-2025T12:14:45 - [TEST_STEP][PASSED] - m = m.substring(0, m.indexOf(y.toString())): null

28-03-2025T12:14:45 - [TEST_STEP][PASSED] - m = m.trim(): null

28-03-2025T12:14:45 - [TEST_STEP][PASSED] - if (m == ""): null

28-03-2025T12:14:45 - [TEST_STEP][PASSED] - dashboardName = "Выполнение бизнес-плана": null

28-03-2025T12:14:45 - [TEST_STEP][PASSED] - workbook01 = getWorkbook(excelFilePath): null

28-03-2025T12:14:45 - [TEST_STEP][PASSED] - sheet01 = getExcelSheet(workbook01, sheetName): null

28-03-2025T12:14:45 - [TEST_STEP][PASSED] - setValueToCellByIndex(sheet01, n, 0, dashboardName): null

28-03-2025T12:14:45 - [TEST_STEP][PASSED] - setValueToCellByIndex(sheet01, n, 1, dZO): null

28-03-2025T12:14:45 - [TEST_STEP][PASSED] - setValueToCellByIndex(sheet01, n, 2, typeOfData): null

28-03-2025T12:14:45 - [TEST_STEP][PASSED] - if (typeOfData == "Факт в процентах" || typeOfData == "План в процентах"): null

28-03-2025T12:14:45 - [TEST_STEP][PASSED] - setValueToCellByIndex(sheet01, n, 3, fileDouble): null

28-03-2025T12:14:45 - [TEST_STEP][PASSED] - setValueToCellByIndex(sheet01, n, 4, "нет данных"): null

28-03-2025T12:14:45 - [TEST_STEP][PASSED] - setValueToCellByIndex(sheet01, n, 5, m): null

28-03-2025T12:14:45 - [TEST_STEP][PASSED] - setValueToCellByIndex(sheet01, n, 6, y): null

28-03-2025T12:14:45 - [TEST_STEP][PASSED] - setValueToCellByIndex(sheet01, n, 7, todaysDate): null

28-03-2025T12:14:45 - [TEST_STEP][PASSED] - n = n + 1: null

28-03-2025T12:14:45 - [TEST_STEP][PASSED] - saveWorkbook(excelFilePath, workbook01): null

28-03-2025T12:14:45 - [TEST_STEP][PASSED] - typeOfData = "Факт в процентах": null

28-03-2025T12:14:45 - [TEST_STEP][PASSED] - fileDouble = ").toDouble(): null

28-03-2025T12:14:45 - [TEST_STEP][PASSED] - Script1718980020443.WriteToExcelNoData(a, typeOfData, todaysDate, fileInt, fileDouble, dZO): null

28-03-2025T12:14:45 - [TEST_STEP][PASSED] - sheetName = "Sheet1": null

28-03-2025T12:14:45 - [TEST_STEP][PASSED] - data = findTestData("PlanFact"): null

28-03-2025T12:14:45 - [TEST_STEP][PASSED] - n = data.getRowNumbers() + 1: null

28-03-2025T12:14:45 - [TEST_STEP][PASSED] - day = ")).toInteger(): null

28-03-2025T12:14:45 - [TEST_STEP][PASSED] - println(day): null

28-03-2025T12:14:45 - [TEST_STEP][PASSED] - month = ")).toInteger(): null

28-03-2025T12:14:45 - [TEST_STEP][PASSED] - println(month): null

28-03-2025T12:14:45 - [TEST_STEP][PASSED] - y = <not implemented yet for class: org.codehaus.groovy.ast.expr.EmptyExpression>: null

28-03-2025T12:14:45 - [TEST_STEP][PASSED] - iy = <not implemented yet for class: org.codehaus.groovy.ast.expr.EmptyExpression>: null

28-03-2025T12:14:45 - [TEST_STEP][PASSED] - m = getText(findTestObject("Выполнение бизнес-плана/Период")): Text of object 'Object Repository/Выполнение бизнес-плана/Период' is: 'Январь 2025 года'

28-03-2025T12:14:46 - [MESSAGE][PASSED] - Text of object 'Object Repository/Выполнение бизнес-плана/Период' is: 'Январь 2025 года'

28-03-2025T12:14:46 - [TEST_STEP][PASSED] - iy = m.indexOf("20"): null

28-03-2025T12:14:46 - [TEST_STEP][PASSED] - if (iy > -1): null

28-03-2025T12:14:46 - [TEST_STEP][PASSED] - y = substring(iy, iy + 4).toInteger(): null

28-03-2025T12:14:46 - [TEST_STEP][PASSED] - println(y): null

28-03-2025T12:14:46 - [TEST_STEP][PASSED] - if (toString().length() == 4): null

28-03-2025T12:14:46 - [TEST_STEP][PASSED] - m = m.substring(0, m.indexOf(y.toString())): null

28-03-2025T12:14:46 - [TEST_STEP][PASSED] - m = m.trim(): null

28-03-2025T12:14:46 - [TEST_STEP][PASSED] - if (m == ""): null

28-03-2025T12:14:46 - [TEST_STEP][PASSED] - dashboardName = "Выполнение бизнес-плана": null

28-03-2025T12:14:46 - [TEST_STEP][PASSED] - workbook01 = getWorkbook(excelFilePath): null

28-03-2025T12:14:46 - [TEST_STEP][PASSED] - sheet01 = getExcelSheet(workbook01, sheetName): null

28-03-2025T12:14:46 - [TEST_STEP][PASSED] - setValueToCellByIndex(sheet01, n, 0, dashboardName): null

28-03-2025T12:14:46 - [TEST_STEP][PASSED] - setValueToCellByIndex(sheet01, n, 1, dZO): null

28-03-2025T12:14:46 - [TEST_STEP][PASSED] - setValueToCellByIndex(sheet01, n, 2, typeOfData): null

28-03-2025T12:14:46 - [TEST_STEP][PASSED] - if (typeOfData == "Факт в процентах" || typeOfData == "План в процентах"): null

28-03-2025T12:14:46 - [TEST_STEP][PASSED] - setValueToCellByIndex(sheet01, n, 3, fileDouble): null

28-03-2025T12:14:46 - [TEST_STEP][PASSED] - setValueToCellByIndex(sheet01, n, 4, "нет данных"): null

28-03-2025T12:14:46 - [TEST_STEP][PASSED] - setValueToCellByIndex(sheet01, n, 5, m): null

28-03-2025T12:14:46 - [TEST_STEP][PASSED] - setValueToCellByIndex(sheet01, n, 6, y): null

28-03-2025T12:14:46 - [TEST_STEP][PASSED] - setValueToCellByIndex(sheet01, n, 7, todaysDate): null

28-03-2025T12:14:46 - [TEST_STEP][PASSED] - n = n + 1: null

28-03-2025T12:14:46 - [TEST_STEP][PASSED] - saveWorkbook(excelFilePath, workbook01): null

28-03-2025T12:14:46 - [TEST_STEP][PASSED] - println(dzoNum): null

28-03-2025T12:14:46 - [TEST_STEP][PASSED] - dZO = "Россети Московский регион": null

28-03-2025T12:14:46 - [TEST_STEP][PASSED] - a = 74: null

28-03-2025T12:14:46 - [TEST_STEP][PASSED] - if (x1.contains("Московский")): null

28-03-2025T12:14:46 - [TEST_STEP][PASSED] - dzoNum = dzoNum + 1: null

28-03-2025T12:14:46 - [TEST_STEP][PASSED] - Script1718980020443.Numbers(a, typeOfData, todaysDate, pageInt, fileInt, pageDouble, fileDouble, dZO, dzoNum, filialNum): null

28-03-2025T12:14:46 - [TEST_STEP][PASSED] - println(dzoNum): null

28-03-2025T12:14:46 - [TEST_STEP][PASSED] - planFact = <not implemented yet for class: org.codehaus.groovy.ast.expr.EmptyExpression>: null

28-03-2025T12:14:46 - [TEST_STEP][PASSED] - page = <not implemented yet for class: org.codehaus.groovy.ast.expr.EmptyExpression>: null

28-03-2025T12:14:46 - [TEST_STEP][PASSED] - page1 = <not implemented yet for class: org.codehaus.groovy.ast.expr.EmptyExpression>: null

28-03-2025T12:14:46 - [TEST_STEP][PASSED] - page2 = <not implemented yet for class: org.codehaus.groovy.ast.expr.EmptyExpression>: null

28-03-2025T12:14:46 - [TEST_STEP][PASSED] - filialNumberInRow = <not implemented yet for class: org.codehaus.groovy.ast.expr.EmptyExpression>: null

28-03-2025T12:14:46 - [TEST_STEP][PASSED] - filialsDzoNames = <not implemented yet for class: org.codehaus.groovy.ast.expr.EmptyExpression>: null

28-03-2025T12:14:46 - [TEST_STEP][PASSED] - numberOfFilials = <not implemented yet for class: org.codehaus.groovy.ast.expr.EmptyExpression>: null

28-03-2025T12:14:46 - [TEST_STEP][PASSED] - numberOfSpaces = <not implemented yet for class: org.codehaus.groovy.ast.expr.EmptyExpression>: null

28-03-2025T12:14:46 - [TEST_STEP][PASSED] - file = <not implemented yet for class: org.codehaus.groovy.ast.expr.EmptyExpression>: null

28-03-2025T12:14:46 - [TEST_STEP][PASSED] - otpusk = <not implemented yet for class: org.codehaus.groovy.ast.expr.EmptyExpression>: null

28-03-2025T12:14:46 - [TEST_STEP][PASSED] - poteri = <not implemented yet for class: org.codehaus.groovy.ast.expr.EmptyExpression>: null

28-03-2025T12:14:46 - [TEST_STEP][PASSED] - dataFolder = "Выполнение бизнес-плана/Значения со страницы Выполнение бизнес-плана/": null

28-03-2025T12:14:46 - [TEST_STEP][PASSED] - path = <not implemented yet for class: org.codehaus.groovy.ast.expr.EmptyExpression>: null

28-03-2025T12:14:46 - [TEST_STEP][PASSED] - typeOfDataMain = <not implemented yet for class: org.codehaus.groovy.ast.expr.EmptyExpression>: null

28-03-2025T12:14:46 - [TEST_STEP][PASSED] - fileOtpuskVSet = <not implemented yet for class: org.codehaus.groovy.ast.expr.EmptyExpression>: null

28-03-2025T12:14:46 - [TEST_STEP][PASSED] - pageOtpuskVSet = <not implemented yet for class: org.codehaus.groovy.ast.expr.EmptyExpression>: null

28-03-2025T12:14:46 - [TEST_STEP][PASSED] - filePoteri = <not implemented yet for class: org.codehaus.groovy.ast.expr.EmptyExpression>: null

28-03-2025T12:14:46 - [TEST_STEP][PASSED] - pagePoteri = <not implemented yet for class: org.codehaus.groovy.ast.expr.EmptyExpression>: null

28-03-2025T12:14:46 - [TEST_STEP][PASSED] - compare = <not implemented yet for class: org.codehaus.groovy.ast.expr.EmptyExpression>: null

28-03-2025T12:14:46 - [TEST_STEP][PASSED] - b = <not implemented yet for class: org.codehaus.groovy.ast.expr.EmptyExpression>: null

28-03-2025T12:14:46 - [TEST_STEP][PASSED] - i = <not implemented yet for class: org.codehaus.groovy.ast.expr.EmptyExpression>: null

28-03-2025T12:14:46 - [TEST_STEP][PASSED] - ii = <not implemented yet for class: org.codehaus.groovy.ast.expr.EmptyExpression>: null

28-03-2025T12:14:46 - [TEST_STEP][PASSED] - c = <not implemented yet for class: org.codehaus.groovy.ast.expr.EmptyExpression>: null

28-03-2025T12:14:46 - [TEST_STEP][PASSED] - numberOfErrors = 0: null

28-03-2025T12:14:46 - [TEST_STEP][PASSED] - if (a == 82): null

28-03-2025T12:14:46 - [TEST_STEP][PASSED] - b = findTestData("PlanFact").getValue(1, a): null

28-03-2025T12:14:46 - [TEST_STEP][PASSED] - i = b.indexOf(" (ГК)"): null

28-03-2025T12:14:46 - [TEST_STEP][PASSED] - if (i > -1): null

28-03-2025T12:14:46 - [TEST_STEP][PASSED] - i = b.indexOf("О ""): null

28-03-2025T12:14:46 - [TEST_STEP][PASSED] - if (i > -1): null

28-03-2025T12:14:46 - [TEST_STEP][PASSED] - i = b.indexOf("О «"): null

28-03-2025T12:14:46 - [TEST_STEP][PASSED] - if (i > -1): null

28-03-2025T12:14:46 - [TEST_STEP][PASSED] - i = b.indexOf("г. "): null

28-03-2025T12:14:46 - [TEST_STEP][PASSED] - if (i > -1): null

28-03-2025T12:14:46 - [TEST_STEP][PASSED] - b = b.trim(): null

28-03-2025T12:14:46 - [TEST_STEP][PASSED] - println(b): null

28-03-2025T12:14:46 - [TEST_STEP][PASSED] - for ([planFact = 1, planFact < 3, (planFact++)]): null

28-03-2025T12:14:46 - [TEST_STEP][PASSED] - if (planFact == 1): null

28-03-2025T12:14:46 - [TEST_STEP][PASSED] - typeOfDataMain = "Факт": null

28-03-2025T12:14:46 - [TEST_STEP][PASSED] - otpusk = findTestData("PlanFact").getValue(5, a): null

28-03-2025T12:14:46 - [TEST_STEP][PASSED] - poteri = findTestData("PlanFact").getValue(6, a): null

28-03-2025T12:14:46 - [TEST_STEP][PASSED] - otpusk = otpusk.replaceAll("\s+", ""): null

28-03-2025T12:14:46 - [TEST_STEP][PASSED] - poteri = poteri.replaceAll("\s+", ""): null

28-03-2025T12:14:46 - [TEST_STEP][PASSED] - typeOfData = typeOfDataMain + " Отпуск в сеть": null

28-03-2025T12:14:46 - [TEST_STEP][PASSED] - if (a == 82): null

28-03-2025T12:14:46 - [TEST_STEP][PASSED] - else if (a == 84): null

28-03-2025T12:14:46 - [TEST_STEP][PASSED] - else if (a == 83 || a == 52 || a == 72 || a == 28 || a == 73 || a == 77 || a == 74 || a == 65 || a == 36 || a == 44 || a == 53 || a == 80 || a == 54 || a == 1 || a == 18 || a == 59 || a == 81): null

28-03-2025T12:14:46 - [TEST_STEP][PASSED] - path = dataFolder + "Table Data/" + typeOfData + " за отчётный период " + dzoNum: null

28-03-2025T12:14:46 - [TEST_STEP][PASSED] - println(path): null

28-03-2025T12:14:46 - [TEST_STEP][PASSED] - page = getText(findTestObject(path)): Text of object 'Object Repository/Выполнение бизнес-плана/Значения со страницы Выполнение бизнес-плана/Table Data/Факт Отпуск в сеть за отчётный период 3' is: '9 778 647'

28-03-2025T12:14:46 - [MESSAGE][PASSED] - Text of object 'Object Repository/Выполнение бизнес-плана/Значения со страницы Выполнение бизнес-плана/Table Data/Факт Отпуск в сеть за отчётный период 3' is: '9 778 647'

28-03-2025T12:14:46 - [TEST_STEP][PASSED] - if (page == "" || page == null): null

28-03-2025T12:14:46 - [TEST_STEP][PASSED] - else: null

28-03-2025T12:14:46 - [TEST_STEP][PASSED] - page = page.replaceAll("\s+", ""): null

28-03-2025T12:14:46 - [TEST_STEP][PASSED] - if (page == "undefined"): null

28-03-2025T12:14:46 - [TEST_STEP][PASSED] - fileOtpuskVSet = otpusk.toInteger(): null

28-03-2025T12:14:46 - [TEST_STEP][PASSED] - pageOtpuskVSet = page.toInteger(): null

28-03-2025T12:14:46 - [TEST_STEP][PASSED] - typeOfData = typeOfDataMain + " Потери": null

28-03-2025T12:14:46 - [TEST_STEP][PASSED] - if (a == 82): null

28-03-2025T12:14:46 - [TEST_STEP][PASSED] - else if (a == 84): null

28-03-2025T12:14:46 - [TEST_STEP][PASSED] - else if (a == 83 || a == 52 || a == 72 || a == 28 || a == 73 || a == 77 || a == 74 || a == 65 || a == 44 || a == 53 || a == 80 || a == 54 || a == 1 || a == 18 || a == 59 || a == 81): null

28-03-2025T12:14:46 - [TEST_STEP][PASSED] - path = dataFolder + "Table Data/" + typeOfData + " за отчётный период " + dzoNum: null

28-03-2025T12:14:46 - [TEST_STEP][PASSED] - page = getText(findTestObject(path)): Text of object 'Object Repository/Выполнение бизнес-плана/Значения со страницы Выполнение бизнес-плана/Table Data/Факт Потери за отчётный период 3' is: '444 962'

28-03-2025T12:14:47 - [MESSAGE][PASSED] - Text of object 'Object Repository/Выполнение бизнес-плана/Значения со страницы Выполнение бизнес-плана/Table Data/Факт Потери за отчётный период 3' is: '444 962'

28-03-2025T12:14:47 - [TEST_STEP][PASSED] - if (page == "" || page == null): null

28-03-2025T12:14:47 - [TEST_STEP][PASSED] - else: null

28-03-2025T12:14:47 - [TEST_STEP][PASSED] - page = page.replaceAll("\s+", ""): null

28-03-2025T12:14:47 - [TEST_STEP][PASSED] - if (page == "undefined"): null

28-03-2025T12:14:47 - [TEST_STEP][PASSED] - filePoteri = poteri.toInteger(): null

28-03-2025T12:14:47 - [TEST_STEP][PASSED] - pagePoteri = page.toInteger(): null

28-03-2025T12:14:47 - [TEST_STEP][PASSED] - compare = pageOtpuskVSet: null

28-03-2025T12:14:47 - [TEST_STEP][PASSED] - if (pageOtpuskVSet != null): null

28-03-2025T12:14:47 - [TEST_STEP][PASSED] - if (compare == fileOtpuskVSet): null

28-03-2025T12:14:47 - [TEST_STEP][PASSED] - if (compare == fileOtpuskVSet): null

28-03-2025T12:14:47 - [TEST_STEP][PASSED] - compare = pagePoteri: null

28-03-2025T12:14:47 - [TEST_STEP][PASSED] - if (pageOtpuskVSet != null): null

28-03-2025T12:14:47 - [TEST_STEP][PASSED] - if (compare == filePoteri): null

28-03-2025T12:14:47 - [TEST_STEP][PASSED] - else if (compare > filePoteri): null

28-03-2025T12:14:47 - [TEST_STEP][PASSED] - else if (compare < filePoteri): null

28-03-2025T12:14:47 - [TEST_STEP][PASSED] - compare = compare + 1: null

28-03-2025T12:14:47 - [TEST_STEP][PASSED] - if (compare == filePoteri): null

28-03-2025T12:14:47 - [TEST_STEP][PASSED] - else: null

28-03-2025T12:14:47 - [TEST_STEP][PASSED] - numberOfErrors = numberOfErrors + 1: null

28-03-2025T12:14:47 - [TEST_STEP][PASSED] - pageInt = pagePoteri: null

28-03-2025T12:14:47 - [TEST_STEP][PASSED] - fileInt = filePoteri: null

28-03-2025T12:14:47 - [TEST_STEP][PASSED] - typeOfData = typeOfDataMain + " Потери": null

28-03-2025T12:14:47 - [TEST_STEP][PASSED] - Script1718980020443.WriteToExcel(a, typeOfData, todaysDate, pageInt, fileInt, pageDouble, fileDouble, dZO): null

28-03-2025T12:14:47 - [TEST_STEP][PASSED] - sheetName = "Sheet1": null

28-03-2025T12:14:47 - [TEST_STEP][PASSED] - data = findTestData("PlanFact"): null

28-03-2025T12:14:47 - [TEST_STEP][PASSED] - n = data.getRowNumbers() + 1: null

28-03-2025T12:14:47 - [TEST_STEP][PASSED] - day = ")).toInteger(): null

28-03-2025T12:14:47 - [TEST_STEP][PASSED] - println(day): null

28-03-2025T12:14:47 - [TEST_STEP][PASSED] - month = ")).toInteger(): null

28-03-2025T12:14:47 - [TEST_STEP][PASSED] - println(month): null

28-03-2025T12:14:47 - [TEST_STEP][PASSED] - y = <not implemented yet for class: org.codehaus.groovy.ast.expr.EmptyExpression>: null

28-03-2025T12:14:47 - [TEST_STEP][PASSED] - iy = <not implemented yet for class: org.codehaus.groovy.ast.expr.EmptyExpression>: null

28-03-2025T12:14:47 - [TEST_STEP][PASSED] - m = getText(findTestObject("Выполнение бизнес-плана/Период")): Text of object 'Object Repository/Выполнение бизнес-плана/Период' is: 'Январь 2025 года'

28-03-2025T12:14:47 - [MESSAGE][PASSED] - Text of object 'Object Repository/Выполнение бизнес-плана/Период' is: 'Январь 2025 года'

28-03-2025T12:14:47 - [TEST_STEP][PASSED] - iy = m.indexOf("20"): null

28-03-2025T12:14:47 - [TEST_STEP][PASSED] - if (iy > -1): null

28-03-2025T12:14:47 - [TEST_STEP][PASSED] - y = substring(iy, iy + 4).toInteger(): null

28-03-2025T12:14:47 - [TEST_STEP][PASSED] - println(y): null

28-03-2025T12:14:47 - [TEST_STEP][PASSED] - if (toString().length() == 4): null

28-03-2025T12:14:47 - [TEST_STEP][PASSED] - m = m.substring(0, m.indexOf(y.toString())): null

28-03-2025T12:14:47 - [TEST_STEP][PASSED] - m = m.trim(): null

28-03-2025T12:14:47 - [TEST_STEP][PASSED] - if (m == ""): null

28-03-2025T12:14:47 - [TEST_STEP][PASSED] - dashboardName = "Выполнение бизнес-плана": null

28-03-2025T12:14:47 - [TEST_STEP][PASSED] - workbook01 = getWorkbook(excelFilePath): null

28-03-2025T12:14:47 - [TEST_STEP][PASSED] - sheet01 = getExcelSheet(workbook01, sheetName): null

28-03-2025T12:14:47 - [TEST_STEP][PASSED] - setValueToCellByIndex(sheet01, n, 0, dashboardName): null

28-03-2025T12:14:47 - [TEST_STEP][PASSED] - setValueToCellByIndex(sheet01, n, 1, dZO): null

28-03-2025T12:14:47 - [TEST_STEP][PASSED] - setValueToCellByIndex(sheet01, n, 2, typeOfData): null

28-03-2025T12:14:47 - [TEST_STEP][PASSED] - if (typeOfData == "Факт в процентах" || typeOfData == "План в процентах"): null

28-03-2025T12:14:47 - [TEST_STEP][PASSED] - else: null

28-03-2025T12:14:47 - [TEST_STEP][PASSED] - setValueToCellByIndex(sheet01, n, 3, fileInt): null

28-03-2025T12:14:47 - [TEST_STEP][PASSED] - setValueToCellByIndex(sheet01, n, 4, pageInt): null

28-03-2025T12:14:47 - [TEST_STEP][PASSED] - setValueToCellByIndex(sheet01, n, 5, m): null

28-03-2025T12:14:47 - [TEST_STEP][PASSED] - setValueToCellByIndex(sheet01, n, 6, y): null

28-03-2025T12:14:47 - [TEST_STEP][PASSED] - setValueToCellByIndex(sheet01, n, 7, todaysDate): null

28-03-2025T12:14:47 - [TEST_STEP][PASSED] - n = n + 1: null

28-03-2025T12:14:47 - [TEST_STEP][FAILED] - saveWorkbook(excelFilePath, workbook01): null

28-03-2025T12:14:47 - [TEST_STEP][PASSED] - if (planFact == 2): null

28-03-2025T12:14:47 - [TEST_STEP][PASSED] - if (planFact == 1): null

28-03-2025T12:14:47 - [TEST_STEP][PASSED] - else if (planFact == 2): null

28-03-2025T12:14:47 - [TEST_STEP][PASSED] - click(findTestObject("Выполнение бизнес-плана/Кнопка План")): Object: 'Object Repository/Выполнение бизнес-плана/Кнопка План' is clicked on

28-03-2025T12:14:48 - [MESSAGE][PASSED] - Object: 'Object Repository/Выполнение бизнес-плана/Кнопка План' is clicked on

28-03-2025T12:14:48 - [TEST_STEP][PASSED] - typeOfDataMain = "План": null

28-03-2025T12:14:48 - [TEST_STEP][PASSED] - otpusk = findTestData("PlanFact").getValue(2, a): null

28-03-2025T12:14:48 - [TEST_STEP][PASSED] - poteri = findTestData("PlanFact").getValue(3, a): null

28-03-2025T12:14:48 - [TEST_STEP][PASSED] - otpusk = otpusk.replaceAll("\s+", ""): null

28-03-2025T12:14:48 - [TEST_STEP][PASSED] - poteri = poteri.replaceAll("\s+", ""): null

28-03-2025T12:14:48 - [TEST_STEP][PASSED] - typeOfData = typeOfDataMain + " Отпуск в сеть": null

28-03-2025T12:14:48 - [TEST_STEP][PASSED] - if (a == 82): null

28-03-2025T12:14:48 - [TEST_STEP][PASSED] - else if (a == 84): null

28-03-2025T12:14:48 - [TEST_STEP][PASSED] - else if (a == 83 || a == 52 || a == 72 || a == 28 || a == 73 || a == 77 || a == 74 || a == 65 || a == 36 || a == 44 || a == 53 || a == 80 || a == 54 || a == 1 || a == 18 || a == 59 || a == 81): null

28-03-2025T12:14:48 - [TEST_STEP][PASSED] - path = dataFolder + "Table Data/" + typeOfData + " за отчётный период " + dzoNum: null

28-03-2025T12:14:48 - [TEST_STEP][PASSED] - println(path): null

28-03-2025T12:14:48 - [TEST_STEP][PASSED] - page = getText(findTestObject(path)): Text of object 'Object Repository/Выполнение бизнес-плана/Значения со страницы Выполнение бизнес-плана/Table Data/План Отпуск в сеть за отчётный период 3' is: '10 346 741'

28-03-2025T12:14:48 - [MESSAGE][PASSED] - Text of object 'Object Repository/Выполнение бизнес-плана/Значения со страницы Выполнение бизнес-плана/Table Data/План Отпуск в сеть за отчётный период 3' is: '10 346 741'

28-03-2025T12:14:48 - [TEST_STEP][PASSED] - if (page == "" || page == null): null

28-03-2025T12:14:48 - [TEST_STEP][PASSED] - else: null

28-03-2025T12:14:48 - [TEST_STEP][PASSED] - page = page.replaceAll("\s+", ""): null

28-03-2025T12:14:48 - [TEST_STEP][PASSED] - if (page == "undefined"): null

28-03-2025T12:14:48 - [TEST_STEP][PASSED] - fileOtpuskVSet = otpusk.toInteger(): null

28-03-2025T12:14:48 - [TEST_STEP][PASSED] - pageOtpuskVSet = page.toInteger(): null

28-03-2025T12:14:48 - [TEST_STEP][PASSED] - typeOfData = typeOfDataMain + " Потери": null

28-03-2025T12:14:48 - [TEST_STEP][PASSED] - if (a == 82): null

28-03-2025T12:14:48 - [TEST_STEP][PASSED] - else if (a == 84): null

28-03-2025T12:14:48 - [TEST_STEP][PASSED] - else if (a == 83 || a == 52 || a == 72 || a == 28 || a == 73 || a == 77 || a == 74 || a == 65 || a == 44 || a == 53 || a == 80 || a == 54 || a == 1 || a == 18 || a == 59 || a == 81): null

28-03-2025T12:14:48 - [TEST_STEP][PASSED] - path = dataFolder + "Table Data/" + typeOfData + " за отчётный период " + dzoNum: null

28-03-2025T12:14:48 - [TEST_STEP][FAILED] - page = getText(findTestObject(path)): Unable to get text of object 'Object Repository/Выполнение бизнес-плана/Значения со страницы Выполнение бизнес-плана/Table Data/План Потери за отчётный период 3' (Root cause: com.kms.katalon.core.exception.StepFailedException: Unable to get text of object 'Object Repository/Выполнение бизнес-плана/Значения со страницы Выполнение бизнес-плана/Table Data/План Потери за отчётный период 3'
	at com.kms.katalon.core.webui.keyword.internal.WebUIKeywordMain.stepFailed(WebUIKeywordMain.groovy:64)
	at com.kms.katalon.core.webui.keyword.internal.WebUIKeywordMain.runKeyword(WebUIKeywordMain.groovy:26)
	at com.kms.katalon.core.webui.keyword.builtin.GetTextKeyword.getText(GetTextKeyword.groovy:88)
	at com.kms.katalon.core.webui.keyword.builtin.GetTextKeyword.execute(GetTextKeyword.groovy:67)
	at com.kms.katalon.core.keyword.internal.KeywordExecutor.executeKeywordForPlatform(KeywordExecutor.groovy:74)
	at com.kms.katalon.core.webui.keyword.WebUiBuiltInKeywords.getText(WebUiBuiltInKeywords.groovy:957)
	at Выполнение бизнес-плана Сверка ПАО Россети все филиалы.Numbers(Выполнение бизнес-плана Сверка ПАО Россети все филиалы:594)
	at Выполнение бизнес-плана Сверка ПАО Россети все филиалы.run(Выполнение бизнес-плана Сверка ПАО Россети все филиалы:273)
	at com.kms.katalon.core.main.ScriptEngine.run(ScriptEngine.java:194)
	at com.kms.katalon.core.main.ScriptEngine.runScriptAsRawText(ScriptEngine.java:119)
	at com.kms.katalon.core.main.TestCaseExecutor.runScript(TestCaseExecutor.java:448)
	at com.kms.katalon.core.main.TestCaseExecutor.doExecute(TestCaseExecutor.java:439)
	at com.kms.katalon.core.main.TestCaseExecutor.processExecutionPhase(TestCaseExecutor.java:418)
	at com.kms.katalon.core.main.TestCaseExecutor.accessMainPhase(TestCaseExecutor.java:410)
	at com.kms.katalon.core.main.TestCaseExecutor.execute(TestCaseExecutor.java:285)
	at com.kms.katalon.core.common.CommonExecutor.accessTestCaseMainPhase(CommonExecutor.java:65)
	at com.kms.katalon.core.main.TestSuiteExecutor.accessTestSuiteMainPhase(TestSuiteExecutor.java:150)
	at com.kms.katalon.core.main.TestSuiteExecutor.execute(TestSuiteExecutor.java:106)
	at com.kms.katalon.core.main.TestCaseMain.startTestSuite(TestCaseMain.java:180)
	at TempTestSuite1743137207280.run(TempTestSuite1743137207280.groovy:35)
	at java.base/jdk.internal.reflect.NativeMethodAccessorImpl.invoke0(Native Method)
	at java.base/jdk.internal.reflect.NativeMethodAccessorImpl.invoke(NativeMethodAccessorImpl.java:77)
	at java.base/jdk.internal.reflect.DelegatingMethodAccessorImpl.invoke(DelegatingMethodAccessorImpl.java:43)
Caused by: com.kms.katalon.core.webui.exception.WebElementNotFoundException: Web element with id: 'Object Repository/Выполнение бизнес-плана/Значения со страницы Выполнение бизнес-плана/Table Data/План Потери за отчётный период 3' located by '(.//*[normalize-space(text()) and normalize-space(.)='Показатели баланса электроэнергии по ДЗО – План'])[2]/following::td[37]' not found
	at com.kms.katalon.core.webui.common.WebUiCommonHelper.findWebElement(WebUiCommonHelper.java:1426)
	at com.kms.katalon.core.webui.keyword.internal.WebUIAbstractKeyword.findWebElement(WebUIAbstractKeyword.groovy:27)
	at com.kms.katalon.core.webui.keyword.internal.WebUIAbstractKeyword.findWebElement(WebUIAbstractKeyword.groovy:26)
	at com.kms.katalon.core.webui.keyword.builtin.GetTextKeyword$_getText_closure1.doCall(GetTextKeyword.groovy:78)
	at com.kms.katalon.core.webui.keyword.builtin.GetTextKeyword$_getText_closure1.call(GetTextKeyword.groovy)
	at com.kms.katalon.core.webui.keyword.internal.WebUIKeywordMain.runKeyword(WebUIKeywordMain.groovy:20)
	at com.kms.katalon.core.webui.keyword.builtin.GetTextKeyword.getText(GetTextKeyword.groovy:88)
	at com.kms.katalon.core.webui.keyword.builtin.GetTextKeyword.execute(GetTextKeyword.groovy:67)
	at com.kms.katalon.core.keyword.internal.KeywordExecutor.executeKeywordForPlatform(KeywordExecutor.groovy:74)
	at com.kms.katalon.core.webui.keyword.WebUiBuiltInKeywords.getText(WebUiBuiltInKeywords.groovy:957)
	at Script1718980020443.Numbers(Script1718980020443.groovy:594)
	at Script1718980020443.run(Script1718980020443.groovy:273)
	... 15 more
)

28-03-2025T12:15:19 - [MESSAGE][INFO] - Unable to find the element located by 'By.xpath: (.//*[normalize-space(text()) and normalize-space(.)='Показатели баланса электроэнергии по ДЗО – План'])[2]/following::td[37]'. Please recheck the objects properties to make sure the desired element is located. 

28-03-2025T12:15:19 - [MESSAGE][FAILED] - Unable to get text of object 'Object Repository/Выполнение бизнес-плана/Значения со страницы Выполнение бизнес-плана/Table Data/План Потери за отчётный период 3' (Root cause: com.kms.katalon.core.exception.StepFailedException: Unable to get text of object 'Object Repository/Выполнение бизнес-плана/Значения со страницы Выполнение бизнес-плана/Table Data/План Потери за отчётный период 3'
	at com.kms.katalon.core.webui.keyword.internal.WebUIKeywordMain.stepFailed(WebUIKeywordMain.groovy:64)
	at com.kms.katalon.core.webui.keyword.internal.WebUIKeywordMain.runKeyword(WebUIKeywordMain.groovy:26)
	at com.kms.katalon.core.webui.keyword.builtin.GetTextKeyword.getText(GetTextKeyword.groovy:88)
	at com.kms.katalon.core.webui.keyword.builtin.GetTextKeyword.execute(GetTextKeyword.groovy:67)
	at com.kms.katalon.core.keyword.internal.KeywordExecutor.executeKeywordForPlatform(KeywordExecutor.groovy:74)
	at com.kms.katalon.core.webui.keyword.WebUiBuiltInKeywords.getText(WebUiBuiltInKeywords.groovy:957)
	at Выполнение бизнес-плана Сверка ПАО Россети все филиалы.Numbers(Выполнение бизнес-плана Сверка ПАО Россети все филиалы:594)
	at Выполнение бизнес-плана Сверка ПАО Россети все филиалы.run(Выполнение бизнес-плана Сверка ПАО Россети все филиалы:273)
	at com.kms.katalon.core.main.ScriptEngine.run(ScriptEngine.java:194)
	at com.kms.katalon.core.main.ScriptEngine.runScriptAsRawText(ScriptEngine.java:119)
	at com.kms.katalon.core.main.TestCaseExecutor.runScript(TestCaseExecutor.java:448)
	at com.kms.katalon.core.main.TestCaseExecutor.doExecute(TestCaseExecutor.java:439)
	at com.kms.katalon.core.main.TestCaseExecutor.processExecutionPhase(TestCaseExecutor.java:418)
	at com.kms.katalon.core.main.TestCaseExecutor.accessMainPhase(TestCaseExecutor.java:410)
	at com.kms.katalon.core.main.TestCaseExecutor.execute(TestCaseExecutor.java:285)
	at com.kms.katalon.core.common.CommonExecutor.accessTestCaseMainPhase(CommonExecutor.java:65)
	at com.kms.katalon.core.main.TestSuiteExecutor.accessTestSuiteMainPhase(TestSuiteExecutor.java:150)
	at com.kms.katalon.core.main.TestSuiteExecutor.execute(TestSuiteExecutor.java:106)
	at com.kms.katalon.core.main.TestCaseMain.startTestSuite(TestCaseMain.java:180)
	at TempTestSuite1743137207280.run(TempTestSuite1743137207280.groovy:35)
	at java.base/jdk.internal.reflect.NativeMethodAccessorImpl.invoke0(Native Method)
	at java.base/jdk.internal.reflect.NativeMethodAccessorImpl.invoke(NativeMethodAccessorImpl.java:77)
	at java.base/jdk.internal.reflect.DelegatingMethodAccessorImpl.invoke(DelegatingMethodAccessorImpl.java:43)
Caused by: com.kms.katalon.core.webui.exception.WebElementNotFoundException: Web element with id: 'Object Repository/Выполнение бизнес-плана/Значения со страницы Выполнение бизнес-плана/Table Data/План Потери за отчётный период 3' located by '(.//*[normalize-space(text()) and normalize-space(.)='Показатели баланса электроэнергии по ДЗО – План'])[2]/following::td[37]' not found
	at com.kms.katalon.core.webui.common.WebUiCommonHelper.findWebElement(WebUiCommonHelper.java:1426)
	at com.kms.katalon.core.webui.keyword.internal.WebUIAbstractKeyword.findWebElement(WebUIAbstractKeyword.groovy:27)
	at com.kms.katalon.core.webui.keyword.internal.WebUIAbstractKeyword.findWebElement(WebUIAbstractKeyword.groovy:26)
	at com.kms.katalon.core.webui.keyword.builtin.GetTextKeyword$_getText_closure1.doCall(GetTextKeyword.groovy:78)
	at com.kms.katalon.core.webui.keyword.builtin.GetTextKeyword$_getText_closure1.call(GetTextKeyword.groovy)
	at com.kms.katalon.core.webui.keyword.internal.WebUIKeywordMain.runKeyword(WebUIKeywordMain.groovy:20)
	at com.kms.katalon.core.webui.keyword.builtin.GetTextKeyword.getText(GetTextKeyword.groovy:88)
	at com.kms.katalon.core.webui.keyword.builtin.GetTextKeyword.execute(GetTextKeyword.groovy:67)
	at com.kms.katalon.core.keyword.internal.KeywordExecutor.executeKeywordForPlatform(KeywordExecutor.groovy:74)
	at com.kms.katalon.core.webui.keyword.WebUiBuiltInKeywords.getText(WebUiBuiltInKeywords.groovy:957)
	at Script1718980020443.Numbers(Script1718980020443.groovy:594)
	at Script1718980020443.run(Script1718980020443.groovy:273)
	... 15 more
)
[[ATTACHMENT|C:\\Users\\LIAZGINA-DI\\git\\SPORU\\Reports\\20250328_074647\\\u041F\u043D-\u0421\u0440-\u041F\u0442\\\u0421\u0432\u0435\u0440\u043A\u0430 \u0434\u0430\u0448\u0431\u043E\u0440\u0434\u043E\u0432 \u0438\u0437 \u0440\u0430\u0437\u043D\u044B\u0445 \u0431\u043B\u043E\u043A\u043E\u0432\\20250328_074647\\1743153319848.png]]

28-03-2025T12:15:19 - [TEST_STEP][PASSED] - if (page == "" || page == null): null

28-03-2025T12:15:19 - [TEST_STEP][PASSED] - fileInt = poteri.toInteger(): null

28-03-2025T12:15:19 - [TEST_STEP][PASSED] - Script1718980020443.WriteToExcelNoData(a, typeOfData, todaysDate, fileInt, fileDouble, dZO): null

28-03-2025T12:15:19 - [TEST_STEP][PASSED] - sheetName = "Sheet1": null

28-03-2025T12:15:19 - [TEST_STEP][PASSED] - data = findTestData("PlanFact"): null

28-03-2025T12:15:19 - [TEST_STEP][PASSED] - n = data.getRowNumbers() + 1: null

28-03-2025T12:15:19 - [TEST_STEP][PASSED] - day = ")).toInteger(): null

28-03-2025T12:15:19 - [TEST_STEP][PASSED] - println(day): null

28-03-2025T12:15:19 - [TEST_STEP][PASSED] - month = ")).toInteger(): null

28-03-2025T12:15:19 - [TEST_STEP][PASSED] - println(month): null

28-03-2025T12:15:19 - [TEST_STEP][PASSED] - y = <not implemented yet for class: org.codehaus.groovy.ast.expr.EmptyExpression>: null

28-03-2025T12:15:19 - [TEST_STEP][PASSED] - iy = <not implemented yet for class: org.codehaus.groovy.ast.expr.EmptyExpression>: null

28-03-2025T12:15:19 - [TEST_STEP][PASSED] - m = getText(findTestObject("Выполнение бизнес-плана/Период")): Text of object 'Object Repository/Выполнение бизнес-плана/Период' is: 'Январь 2025 года'

28-03-2025T12:15:20 - [MESSAGE][PASSED] - Text of object 'Object Repository/Выполнение бизнес-плана/Период' is: 'Январь 2025 года'

28-03-2025T12:15:20 - [TEST_STEP][PASSED] - iy = m.indexOf("20"): null

28-03-2025T12:15:20 - [TEST_STEP][PASSED] - if (iy > -1): null

28-03-2025T12:15:20 - [TEST_STEP][PASSED] - y = substring(iy, iy + 4).toInteger(): null

28-03-2025T12:15:20 - [TEST_STEP][PASSED] - println(y): null

28-03-2025T12:15:20 - [TEST_STEP][PASSED] - if (toString().length() == 4): null

28-03-2025T12:15:20 - [TEST_STEP][PASSED] - m = m.substring(0, m.indexOf(y.toString())): null

28-03-2025T12:15:20 - [TEST_STEP][PASSED] - m = m.trim(): null

28-03-2025T12:15:20 - [TEST_STEP][PASSED] - if (m == ""): null

28-03-2025T12:15:20 - [TEST_STEP][PASSED] - dashboardName = "Выполнение бизнес-плана": null

28-03-2025T12:15:20 - [TEST_STEP][PASSED] - workbook01 = getWorkbook(excelFilePath): null

28-03-2025T12:15:20 - [TEST_STEP][PASSED] - sheet01 = getExcelSheet(workbook01, sheetName): null

28-03-2025T12:15:20 - [TEST_STEP][PASSED] - setValueToCellByIndex(sheet01, n, 0, dashboardName): null

28-03-2025T12:15:20 - [TEST_STEP][PASSED] - setValueToCellByIndex(sheet01, n, 1, dZO): null

28-03-2025T12:15:20 - [TEST_STEP][PASSED] - setValueToCellByIndex(sheet01, n, 2, typeOfData): null

28-03-2025T12:15:20 - [TEST_STEP][PASSED] - if (typeOfData == "Факт в процентах" || typeOfData == "План в процентах"): null

28-03-2025T12:15:20 - [TEST_STEP][PASSED] - else: null

28-03-2025T12:15:20 - [TEST_STEP][PASSED] - setValueToCellByIndex(sheet01, n, 3, fileInt): null

28-03-2025T12:15:20 - [TEST_STEP][PASSED] - setValueToCellByIndex(sheet01, n, 4, "нет данных"): null

28-03-2025T12:15:20 - [TEST_STEP][PASSED] - setValueToCellByIndex(sheet01, n, 5, m): null

28-03-2025T12:15:20 - [TEST_STEP][PASSED] - setValueToCellByIndex(sheet01, n, 6, y): null

28-03-2025T12:15:20 - [TEST_STEP][PASSED] - setValueToCellByIndex(sheet01, n, 7, todaysDate): null

28-03-2025T12:15:20 - [TEST_STEP][PASSED] - n = n + 1: null

28-03-2025T12:15:20 - [TEST_STEP][PASSED] - saveWorkbook(excelFilePath, workbook01): null

28-03-2025T12:15:20 - [TEST_STEP][PASSED] - compare = pageOtpuskVSet: null

28-03-2025T12:15:20 - [TEST_STEP][PASSED] - if (pageOtpuskVSet != null): null

28-03-2025T12:15:20 - [TEST_STEP][PASSED] - if (compare == fileOtpuskVSet): null

28-03-2025T12:15:20 - [TEST_STEP][PASSED] - if (compare == fileOtpuskVSet): null

28-03-2025T12:15:20 - [TEST_STEP][PASSED] - compare = pagePoteri: null

28-03-2025T12:15:20 - [TEST_STEP][PASSED] - if (pageOtpuskVSet != null): null

28-03-2025T12:15:20 - [TEST_STEP][PASSED] - if (compare == filePoteri): null

28-03-2025T12:15:20 - [TEST_STEP][PASSED] - else if (compare > filePoteri): null

28-03-2025T12:15:20 - [TEST_STEP][PASSED] - else if (compare < filePoteri): null

28-03-2025T12:15:20 - [TEST_STEP][PASSED] - compare = compare + 1: null

28-03-2025T12:15:20 - [TEST_STEP][PASSED] - if (compare == filePoteri): null

28-03-2025T12:15:20 - [TEST_STEP][PASSED] - else: null

28-03-2025T12:15:20 - [TEST_STEP][PASSED] - numberOfErrors = numberOfErrors + 1: null

28-03-2025T12:15:20 - [TEST_STEP][PASSED] - pageInt = pagePoteri: null

28-03-2025T12:15:20 - [TEST_STEP][PASSED] - fileInt = filePoteri: null

28-03-2025T12:15:20 - [TEST_STEP][PASSED] - typeOfData = typeOfDataMain + " Потери": null

28-03-2025T12:15:20 - [TEST_STEP][PASSED] - Script1718980020443.WriteToExcel(a, typeOfData, todaysDate, pageInt, fileInt, pageDouble, fileDouble, dZO): null

28-03-2025T12:15:20 - [TEST_STEP][PASSED] - sheetName = "Sheet1": null

28-03-2025T12:15:20 - [TEST_STEP][PASSED] - data = findTestData("PlanFact"): null

28-03-2025T12:15:20 - [TEST_STEP][PASSED] - n = data.getRowNumbers() + 1: null

28-03-2025T12:15:20 - [TEST_STEP][PASSED] - day = ")).toInteger(): null

28-03-2025T12:15:20 - [TEST_STEP][PASSED] - println(day): null

28-03-2025T12:15:20 - [TEST_STEP][PASSED] - month = ")).toInteger(): null

28-03-2025T12:15:20 - [TEST_STEP][PASSED] - println(month): null

28-03-2025T12:15:20 - [TEST_STEP][PASSED] - y = <not implemented yet for class: org.codehaus.groovy.ast.expr.EmptyExpression>: null

28-03-2025T12:15:20 - [TEST_STEP][PASSED] - iy = <not implemented yet for class: org.codehaus.groovy.ast.expr.EmptyExpression>: null

28-03-2025T12:15:20 - [TEST_STEP][PASSED] - m = getText(findTestObject("Выполнение бизнес-плана/Период")): Text of object 'Object Repository/Выполнение бизнес-плана/Период' is: 'Январь 2025 года'

28-03-2025T12:15:20 - [MESSAGE][PASSED] - Text of object 'Object Repository/Выполнение бизнес-плана/Период' is: 'Январь 2025 года'

28-03-2025T12:15:20 - [TEST_STEP][PASSED] - iy = m.indexOf("20"): null

28-03-2025T12:15:20 - [TEST_STEP][PASSED] - if (iy > -1): null

28-03-2025T12:15:20 - [TEST_STEP][PASSED] - y = substring(iy, iy + 4).toInteger(): null

28-03-2025T12:15:20 - [TEST_STEP][PASSED] - println(y): null

28-03-2025T12:15:20 - [TEST_STEP][PASSED] - if (toString().length() == 4): null

28-03-2025T12:15:20 - [TEST_STEP][PASSED] - m = m.substring(0, m.indexOf(y.toString())): null

28-03-2025T12:15:20 - [TEST_STEP][PASSED] - m = m.trim(): null

28-03-2025T12:15:20 - [TEST_STEP][PASSED] - if (m == ""): null

28-03-2025T12:15:20 - [TEST_STEP][PASSED] - dashboardName = "Выполнение бизнес-плана": null

28-03-2025T12:15:20 - [TEST_STEP][PASSED] - workbook01 = getWorkbook(excelFilePath): null

28-03-2025T12:15:20 - [TEST_STEP][PASSED] - sheet01 = getExcelSheet(workbook01, sheetName): null

28-03-2025T12:15:20 - [TEST_STEP][PASSED] - setValueToCellByIndex(sheet01, n, 0, dashboardName): null

28-03-2025T12:15:20 - [TEST_STEP][PASSED] - setValueToCellByIndex(sheet01, n, 1, dZO): null

28-03-2025T12:15:20 - [TEST_STEP][PASSED] - setValueToCellByIndex(sheet01, n, 2, typeOfData): null

28-03-2025T12:15:20 - [TEST_STEP][PASSED] - if (typeOfData == "Факт в процентах" || typeOfData == "План в процентах"): null

28-03-2025T12:15:20 - [TEST_STEP][PASSED] - else: null

28-03-2025T12:15:20 - [TEST_STEP][PASSED] - setValueToCellByIndex(sheet01, n, 3, fileInt): null

28-03-2025T12:15:20 - [TEST_STEP][PASSED] - setValueToCellByIndex(sheet01, n, 4, pageInt): null

28-03-2025T12:15:20 - [TEST_STEP][PASSED] - setValueToCellByIndex(sheet01, n, 5, m): null

28-03-2025T12:15:20 - [TEST_STEP][PASSED] - setValueToCellByIndex(sheet01, n, 6, y): null

28-03-2025T12:15:20 - [TEST_STEP][PASSED] - setValueToCellByIndex(sheet01, n, 7, todaysDate): null

28-03-2025T12:15:20 - [TEST_STEP][PASSED] - n = n + 1: null

28-03-2025T12:15:20 - [TEST_STEP][PASSED] - saveWorkbook(excelFilePath, workbook01): Object: 'Object Repository/Выполнение бизнес-плана/Кнопка Факт' is clicked on

28-03-2025T12:15:21 - [TEST_STEP][PASSED] - if (planFact == 2): Object: 'Object Repository/Выполнение бизнес-плана/Кнопка Факт' is clicked on

28-03-2025T12:15:21 - [TEST_STEP][PASSED] - click(findTestObject("Выполнение бизнес-плана/Кнопка Факт")): Object: 'Object Repository/Выполнение бизнес-плана/Кнопка Факт' is clicked on

28-03-2025T12:15:21 - [MESSAGE][PASSED] - Object: 'Object Repository/Выполнение бизнес-плана/Кнопка Факт' is clicked on

28-03-2025T12:15:21 - [TEST_STEP][PASSED] - println("a=" + a): null

28-03-2025T12:15:21 - [TEST_STEP][PASSED] - if (a == 84 || a == 82): null

28-03-2025T12:15:21 - [TEST_STEP][PASSED] - else if (a == 83 || a == 52 || a == 72 || a == 28 || a == 73 || a == 77 || a == 74 || a == 65 || a == 36 || a == 44 || a == 53 || a == 80 || a == 54 || a == 1 || a == 18 || a == 59 || a == 81): null

28-03-2025T12:15:21 - [TEST_STEP][PASSED] - page1 = getText(findTestObject("Object Repository/Выполнение бизнес-плана/spanPlan" + dzoNum)): Text of object 'Object Repository/Выполнение бизнес-плана/spanPlan3' is: '9.74
|'

28-03-2025T12:15:21 - [MESSAGE][PASSED] - Text of object 'Object Repository/Выполнение бизнес-плана/spanPlan3' is: '9.74
|'

28-03-2025T12:15:21 - [TEST_STEP][PASSED] - page1 = page1.replace("|", ""): null

28-03-2025T12:15:21 - [TEST_STEP][PASSED] - page2 = getText(findTestObject("Object Repository/Выполнение бизнес-плана/spanFact" + dzoNum)): Text of object 'Object Repository/Выполнение бизнес-плана/spanFact3' is: '9.32'

28-03-2025T12:15:22 - [MESSAGE][PASSED] - Text of object 'Object Repository/Выполнение бизнес-плана/spanFact3' is: '9.32'

28-03-2025T12:15:22 - [TEST_STEP][PASSED] - page2 = page2.replace("|", ""): null

28-03-2025T12:15:22 - [TEST_STEP][PASSED] - println("page1: " + page1): null

28-03-2025T12:15:22 - [TEST_STEP][PASSED] - println("page2: " + page2): null

28-03-2025T12:15:22 - [TEST_STEP][PASSED] - file = findTestData("PlanFact").getValue(4, a): null

28-03-2025T12:15:22 - [TEST_STEP][PASSED] - file = file.replace(",", "."): null

28-03-2025T12:15:22 - [TEST_STEP][PASSED] - println("file Plan: " + file): null

28-03-2025T12:15:22 - [TEST_STEP][PASSED] - typeOfData = "План в процентах": null

28-03-2025T12:15:22 - [TEST_STEP][PASSED] - fileDouble = file.toDouble(): null

28-03-2025T12:15:22 - [TEST_STEP][PASSED] - pageDouble = page1.toDouble(): null

28-03-2025T12:15:22 - [TEST_STEP][PASSED] - if (fileDouble != pageDouble): null

28-03-2025T12:15:22 - [TEST_STEP][PASSED] - file = findTestData("PlanFact").getValue(7, a): null

28-03-2025T12:15:22 - [TEST_STEP][PASSED] - file = file.replace(",", "."): null

28-03-2025T12:15:22 - [TEST_STEP][PASSED] - println("file Fact: " + file): null

28-03-2025T12:15:22 - [TEST_STEP][PASSED] - fileDouble = file.toDouble(): null

28-03-2025T12:15:22 - [TEST_STEP][PASSED] - typeOfData = "Факт в процентах": null

28-03-2025T12:15:22 - [TEST_STEP][PASSED] - fileDouble = file.toDouble(): null

28-03-2025T12:15:22 - [TEST_STEP][PASSED] - pageDouble = page2.toDouble(): null

28-03-2025T12:15:22 - [TEST_STEP][PASSED] - if (fileDouble != pageDouble): null

28-03-2025T12:15:22 - [TEST_STEP][FAILED] - if (verifyEqual(numberOfErrors, 0) == false): null

28-03-2025T12:15:22 - [MESSAGE][FAILED] - Unable to verify equal between actual object '2' and expected object '0' (Root cause: com.kms.katalon.core.exception.StepFailedException: Actual object '2' and expected object '0' are not equal
	at com.kms.katalon.core.keyword.builtin.VerifyEqualKeyword$_verifyEqual_closure1.doCall(VerifyEqualKeyword.groovy:58)
	at com.kms.katalon.core.keyword.builtin.VerifyEqualKeyword$_verifyEqual_closure1.call(VerifyEqualKeyword.groovy)
	at com.kms.katalon.core.keyword.internal.KeywordMain.runKeyword(KeywordMain.groovy:75)
	at com.kms.katalon.core.keyword.builtin.VerifyEqualKeyword.verifyEqual(VerifyEqualKeyword.groovy:63)
	at com.kms.katalon.core.keyword.builtin.VerifyEqualKeyword.execute(VerifyEqualKeyword.groovy:44)
	at com.kms.katalon.core.keyword.internal.KeywordExecutor.executeKeywordForPlatform(KeywordExecutor.groovy:74)
	at com.kms.katalon.core.keyword.BuiltinKeywords.verifyEqual(BuiltinKeywords.groovy:146)
	at jdk.internal.reflect.GeneratedMethodAccessor23.invoke(Unknown Source)
	at java.base/jdk.internal.reflect.DelegatingMethodAccessorImpl.invoke(DelegatingMethodAccessorImpl.java:43)
	at Выполнение бизнес-плана Сверка ПАО Россети все филиалы.Numbers(Выполнение бизнес-плана Сверка ПАО Россети все филиалы:744)
	at Выполнение бизнес-плана Сверка ПАО Россети все филиалы.run(Выполнение бизнес-плана Сверка ПАО Россети все филиалы:273)
	at com.kms.katalon.core.main.ScriptEngine.run(ScriptEngine.java:194)
	at com.kms.katalon.core.main.ScriptEngine.runScriptAsRawText(ScriptEngine.java:119)
	at com.kms.katalon.core.main.TestCaseExecutor.runScript(TestCaseExecutor.java:448)
	at com.kms.katalon.core.main.TestCaseExecutor.doExecute(TestCaseExecutor.java:439)
	at com.kms.katalon.core.main.TestCaseExecutor.processExecutionPhase(TestCaseExecutor.java:418)
	at com.kms.katalon.core.main.TestCaseExecutor.accessMainPhase(TestCaseExecutor.java:410)
	at com.kms.katalon.core.main.TestCaseExecutor.execute(TestCaseExecutor.java:285)
	at com.kms.katalon.core.common.CommonExecutor.accessTestCaseMainPhase(CommonExecutor.java:65)
	at com.kms.katalon.core.main.TestSuiteExecutor.accessTestSuiteMainPhase(TestSuiteExecutor.java:150)
	at com.kms.katalon.core.main.TestSuiteExecutor.execute(TestSuiteExecutor.java:106)
	at com.kms.katalon.core.main.TestCaseMain.startTestSuite(TestCaseMain.java:180)
	at TempTestSuite1743137207280.run(TempTestSuite1743137207280.groovy:35)
	at java.base/jdk.internal.reflect.NativeMethodAccessorImpl.invoke0(Native Method)
	at java.base/jdk.internal.reflect.NativeMethodAccessorImpl.invoke(NativeMethodAccessorImpl.java:77)
	at java.base/jdk.internal.reflect.DelegatingMethodAccessorImpl.invoke(DelegatingMethodAccessorImpl.java:43)
)

28-03-2025T12:15:22 - [TEST_STEP][PASSED] - println(numberOfErrors): null

28-03-2025T12:15:22 - [TEST_STEP][PASSED] - println("a=" + a): null

28-03-2025T12:15:22 - [TEST_STEP][PASSED] - if (a == 28 || a == 77 || a == 74 || a == 65 || a == 36 || a == 44 || a == 54 || a == 1 || a == 18 || a == 59): null

28-03-2025T12:15:22 - [TEST_STEP][PASSED] - Script1718980020443.Filials(a, typeOfData, todaysDate, pageInt, fileInt, pageDouble, fileDouble, dZO, dzoNum, filialNum): null

28-03-2025T12:15:22 - [TEST_STEP][PASSED] - i = <not implemented yet for class: org.codehaus.groovy.ast.expr.EmptyExpression>: null

28-03-2025T12:15:22 - [TEST_STEP][PASSED] - c = <not implemented yet for class: org.codehaus.groovy.ast.expr.EmptyExpression>: null

28-03-2025T12:15:22 - [TEST_STEP][PASSED] - page = <not implemented yet for class: org.codehaus.groovy.ast.expr.EmptyExpression>: null

28-03-2025T12:15:22 - [TEST_STEP][PASSED] - println(dZO): null

28-03-2025T12:15:22 - [TEST_STEP][PASSED] - reducedDZO = <not implemented yet for class: org.codehaus.groovy.ast.expr.EmptyExpression>: null

28-03-2025T12:15:22 - [TEST_STEP][PASSED] - reducedDZO = dZO.substring(dZO.indexOf(" ") + 1, dZO.length()): null

28-03-2025T12:15:22 - [TEST_STEP][PASSED] - if (reducedDZO.contains(" ")): null

28-03-2025T12:15:22 - [TEST_STEP][PASSED] - reducedDZO = reducedDZO.substring(reducedDZO.indexOf(" ") + 1, reducedDZO.length()): null

28-03-2025T12:15:22 - [TEST_STEP][PASSED] - if (reducedDZO.contains(" ")): null

28-03-2025T12:15:22 - [TEST_STEP][PASSED] - println(reducedDZO): null

28-03-2025T12:15:22 - [TEST_STEP][PASSED] - dzoCut = <not implemented yet for class: org.codehaus.groovy.ast.expr.EmptyExpression>: null

28-03-2025T12:15:22 - [TEST_STEP][PASSED] - Script1718980020443.DZO(a): null

28-03-2025T12:15:22 - [TEST_STEP][PASSED] - delay(20): Delayed 20 second(s)

28-03-2025T12:15:42 - [MESSAGE][PASSED] - Delayed 20 second(s)

28-03-2025T12:15:42 - [TEST_STEP][PASSED] - Script1718980020443.OpenFilter(): null

28-03-2025T12:15:42 - [TEST_STEP][PASSED] - click(findTestObject("Object Repository/Выполнение бизнес-плана/Фильтр ДЗО")): Object: 'Object Repository/Выполнение бизнес-плана/Фильтр ДЗО' is clicked on

28-03-2025T12:15:42 - [MESSAGE][PASSED] - Object: 'Object Repository/Выполнение бизнес-плана/Фильтр ДЗО' is clicked on

28-03-2025T12:15:42 - [TEST_STEP][PASSED] - click(findTestObject("Выполнение бизнес-плана/Снять выделение в фильтре ДЗО")): Object: 'Object Repository/Выполнение бизнес-плана/Снять выделение в фильтре ДЗО' is clicked on

28-03-2025T12:15:43 - [MESSAGE][PASSED] - Object: 'Object Repository/Выполнение бизнес-плана/Снять выделение в фильтре ДЗО' is clicked on

28-03-2025T12:15:43 - [TEST_STEP][PASSED] - Script1718980020443.OpenRSK(): null

28-03-2025T12:15:43 - [TEST_STEP][PASSED] - click(findTestObject("Выполнение бизнес-плана/Раскрыть список ПАО Россети в фильтре ДЗО")): Object: 'Object Repository/Выполнение бизнес-плана/Раскрыть список ПАО Россети в фильтре ДЗО' is clicked on

28-03-2025T12:15:43 - [MESSAGE][PASSED] - Object: 'Object Repository/Выполнение бизнес-плана/Раскрыть список ПАО Россети в фильтре ДЗО' is clicked on

28-03-2025T12:15:43 - [TEST_STEP][PASSED] - click(findTestObject("Выполнение бизнес-плана/Раскрыть список РаспредКомплекс в фильтре ДЗО")): Object: 'Object Repository/Выполнение бизнес-плана/Раскрыть список РаспредКомплекс в фильтре ДЗО' is clicked on

28-03-2025T12:15:43 - [MESSAGE][PASSED] - Object: 'Object Repository/Выполнение бизнес-плана/Раскрыть список РаспредКомплекс в фильтре ДЗО' is clicked on

28-03-2025T12:15:43 - [TEST_STEP][PASSED] - if (a == 28): null

28-03-2025T12:15:43 - [TEST_STEP][PASSED] - if (a == 77): null

28-03-2025T12:15:43 - [TEST_STEP][PASSED] - if (a == 74): Object: 'Object Repository/Выполнение бизнес-плана/Россети Московский регион' is clicked on

28-03-2025T12:15:43 - [TEST_STEP][PASSED] - scrollToElement(findTestObject("Общие объекты/Раскрыть список Россети Московский регион"), 30): Scroll to object 'Object Repository/Общие объекты/Раскрыть список Россети Московский регион' successfully

28-03-2025T12:15:44 - [MESSAGE][PASSED] - Scroll to object 'Object Repository/Общие объекты/Раскрыть список Россети Московский регион' successfully

28-03-2025T12:15:44 - [TEST_STEP][PASSED] - click(findTestObject("Выполнение бизнес-плана/Россети Московский регион")): Object: 'Object Repository/Выполнение бизнес-плана/Россети Московский регион' is clicked on

28-03-2025T12:15:44 - [MESSAGE][PASSED] - Object: 'Object Repository/Выполнение бизнес-плана/Россети Московский регион' is clicked on

28-03-2025T12:15:44 - [TEST_STEP][PASSED] - if (a == 65): null

28-03-2025T12:15:44 - [TEST_STEP][PASSED] - if (a == 36): null

28-03-2025T12:15:44 - [TEST_STEP][PASSED] - if (a == 44): null

28-03-2025T12:15:44 - [TEST_STEP][PASSED] - if (a == 54): null

28-03-2025T12:15:44 - [TEST_STEP][PASSED] - if (a == 1): null

28-03-2025T12:15:44 - [TEST_STEP][PASSED] - if (a == 18): null

28-03-2025T12:15:44 - [TEST_STEP][PASSED] - if (a == 59): null

28-03-2025T12:15:44 - [TEST_STEP][PASSED] - Script1718980020443.CloseFilter(): null

28-03-2025T12:15:44 - [TEST_STEP][PASSED] - scrollToElement(findTestObject("Выполнение бизнес-плана/Заголовок дашборда"), 30): Scroll to object 'Object Repository/Выполнение бизнес-плана/Заголовок дашборда' successfully

28-03-2025T12:15:44 - [MESSAGE][PASSED] - Scroll to object 'Object Repository/Выполнение бизнес-плана/Заголовок дашборда' successfully

28-03-2025T12:15:44 - [TEST_STEP][PASSED] - click(findTestObject("Object Repository/Выполнение бизнес-плана/Применить в фильтре ДЗО")): Object: 'Object Repository/Выполнение бизнес-плана/Применить в фильтре ДЗО' is clicked on

28-03-2025T12:15:45 - [MESSAGE][PASSED] - Object: 'Object Repository/Выполнение бизнес-плана/Применить в фильтре ДЗО' is clicked on

28-03-2025T12:15:45 - [TEST_STEP][PASSED] - delay(20): Delayed 20 second(s)

28-03-2025T12:16:05 - [MESSAGE][PASSED] - Delayed 20 second(s)

28-03-2025T12:16:05 - [TEST_STEP][PASSED] - Script1718980020443.ZakrytOpoveshenie(): null

28-03-2025T12:16:05 - [TEST_STEP][PASSED] - delay(10): Delayed 10 second(s)

28-03-2025T12:16:15 - [MESSAGE][PASSED] - Delayed 10 second(s)

28-03-2025T12:16:15 - [TEST_STEP][PASSED] - opoveshenie = getText(findTestObject("Выполнение бизнес-плана/Просьба обратить внимание")): Text of object 'Object Repository/Выполнение бизнес-плана/Просьба обратить внимание' is: ''

28-03-2025T12:16:16 - [MESSAGE][PASSED] - Text of object 'Object Repository/Выполнение бизнес-плана/Просьба обратить внимание' is: ''

28-03-2025T12:16:16 - [TEST_STEP][PASSED] - println(opoveshenie): null

28-03-2025T12:16:16 - [TEST_STEP][PASSED] - if (opoveshenie == "Просьба обратить внимание"): null

28-03-2025T12:16:16 - [TEST_STEP][PASSED] - page = getText(findTestObject("Object Repository/Выполнение бизнес-плана/Filials")): Text of object 'Object Repository/Выполнение бизнес-плана/Filials' is: 'Московская область
г. Москва
0
10
20
30
40
50
60
70'

28-03-2025T12:16:16 - [MESSAGE][PASSED] - Text of object 'Object Repository/Выполнение бизнес-плана/Filials' is: 'Московская область
г. Москва
0
10
20
30
40
50
60
70'

28-03-2025T12:16:16 - [TEST_STEP][PASSED] - println(page): null

28-03-2025T12:16:16 - [TEST_STEP][PASSED] - c = page.indexOf(reducedDZO): null

28-03-2025T12:16:16 - [TEST_STEP][PASSED] - if (c > -1): null

28-03-2025T12:16:16 - [TEST_STEP][PASSED] - x2 = getText(findTestObject("Выполнение бизнес-плана/Список ДЗО старый")): Text of object 'Object Repository/Выполнение бизнес-плана/Список ДЗО старый' is: 'Московская область
г. Москва
0
10
20
30
40
50
60
70'

28-03-2025T12:16:16 - [MESSAGE][PASSED] - Text of object 'Object Repository/Выполнение бизнес-плана/Список ДЗО старый' is: 'Московская область
г. Москва
0
10
20
30
40
50
60
70'

28-03-2025T12:16:16 - [TEST_STEP][PASSED] - if (a == 28): null

28-03-2025T12:16:16 - [TEST_STEP][PASSED] - if (a == 77): null

28-03-2025T12:16:16 - [TEST_STEP][PASSED] - if (a == 74): null

28-03-2025T12:16:16 - [TEST_STEP][PASSED] - dZO = "г. Москва": null

28-03-2025T12:16:16 - [TEST_STEP][PASSED] - a = 75: null

28-03-2025T12:16:16 - [TEST_STEP][PASSED] - dzoCut = dZO.substring(3, dZO.length()): null

28-03-2025T12:16:16 - [TEST_STEP][PASSED] - if (x2.contains(dzoCut)): null

28-03-2025T12:16:16 - [TEST_STEP][PASSED] - filialNum = filialNum + 1: null

28-03-2025T12:16:16 - [TEST_STEP][PASSED] - Script1718980020443.Numbers(a, typeOfData, todaysDate, pageInt, fileInt, pageDouble, fileDouble, dZO, dzoNum, filialNum): null

28-03-2025T12:16:16 - [TEST_STEP][PASSED] - println(dzoNum): null

28-03-2025T12:16:16 - [TEST_STEP][PASSED] - planFact = <not implemented yet for class: org.codehaus.groovy.ast.expr.EmptyExpression>: null

28-03-2025T12:16:16 - [TEST_STEP][PASSED] - page = <not implemented yet for class: org.codehaus.groovy.ast.expr.EmptyExpression>: null

28-03-2025T12:16:16 - [TEST_STEP][PASSED] - page1 = <not implemented yet for class: org.codehaus.groovy.ast.expr.EmptyExpression>: null

28-03-2025T12:16:16 - [TEST_STEP][PASSED] - page2 = <not implemented yet for class: org.codehaus.groovy.ast.expr.EmptyExpression>: null

28-03-2025T12:16:16 - [TEST_STEP][PASSED] - filialNumberInRow = <not implemented yet for class: org.codehaus.groovy.ast.expr.EmptyExpression>: null

28-03-2025T12:16:16 - [TEST_STEP][PASSED] - filialsDzoNames = <not implemented yet for class: org.codehaus.groovy.ast.expr.EmptyExpression>: null

28-03-2025T12:16:16 - [TEST_STEP][PASSED] - numberOfFilials = <not implemented yet for class: org.codehaus.groovy.ast.expr.EmptyExpression>: null

28-03-2025T12:16:16 - [TEST_STEP][PASSED] - numberOfSpaces = <not implemented yet for class: org.codehaus.groovy.ast.expr.EmptyExpression>: null

28-03-2025T12:16:16 - [TEST_STEP][PASSED] - file = <not implemented yet for class: org.codehaus.groovy.ast.expr.EmptyExpression>: null

28-03-2025T12:16:16 - [TEST_STEP][PASSED] - otpusk = <not implemented yet for class: org.codehaus.groovy.ast.expr.EmptyExpression>: null

28-03-2025T12:16:16 - [TEST_STEP][PASSED] - poteri = <not implemented yet for class: org.codehaus.groovy.ast.expr.EmptyExpression>: null

28-03-2025T12:16:16 - [TEST_STEP][PASSED] - dataFolder = "Выполнение бизнес-плана/Значения со страницы Выполнение бизнес-плана/": null

28-03-2025T12:16:16 - [TEST_STEP][PASSED] - path = <not implemented yet for class: org.codehaus.groovy.ast.expr.EmptyExpression>: null

28-03-2025T12:16:16 - [TEST_STEP][PASSED] - typeOfDataMain = <not implemented yet for class: org.codehaus.groovy.ast.expr.EmptyExpression>: null

28-03-2025T12:16:16 - [TEST_STEP][PASSED] - fileOtpuskVSet = <not implemented yet for class: org.codehaus.groovy.ast.expr.EmptyExpression>: null

28-03-2025T12:16:16 - [TEST_STEP][PASSED] - pageOtpuskVSet = <not implemented yet for class: org.codehaus.groovy.ast.expr.EmptyExpression>: null

28-03-2025T12:16:16 - [TEST_STEP][PASSED] - filePoteri = <not implemented yet for class: org.codehaus.groovy.ast.expr.EmptyExpression>: null

28-03-2025T12:16:16 - [TEST_STEP][PASSED] - pagePoteri = <not implemented yet for class: org.codehaus.groovy.ast.expr.EmptyExpression>: null

28-03-2025T12:16:16 - [TEST_STEP][PASSED] - compare = <not implemented yet for class: org.codehaus.groovy.ast.expr.EmptyExpression>: null

28-03-2025T12:16:16 - [TEST_STEP][PASSED] - b = <not implemented yet for class: org.codehaus.groovy.ast.expr.EmptyExpression>: null

28-03-2025T12:16:16 - [TEST_STEP][PASSED] - i = <not implemented yet for class: org.codehaus.groovy.ast.expr.EmptyExpression>: null

28-03-2025T12:16:16 - [TEST_STEP][PASSED] - ii = <not implemented yet for class: org.codehaus.groovy.ast.expr.EmptyExpression>: null

28-03-2025T12:16:16 - [TEST_STEP][PASSED] - c = <not implemented yet for class: org.codehaus.groovy.ast.expr.EmptyExpression>: null

28-03-2025T12:16:16 - [TEST_STEP][PASSED] - numberOfErrors = 0: null

28-03-2025T12:16:16 - [TEST_STEP][PASSED] - if (a == 82): null

28-03-2025T12:16:16 - [TEST_STEP][PASSED] - b = findTestData("PlanFact").getValue(1, a): null

28-03-2025T12:16:16 - [TEST_STEP][PASSED] - i = b.indexOf(" (ГК)"): null

28-03-2025T12:16:16 - [TEST_STEP][PASSED] - if (i > -1): null

28-03-2025T12:16:16 - [TEST_STEP][PASSED] - i = b.indexOf("О ""): null

28-03-2025T12:16:16 - [TEST_STEP][PASSED] - if (i > -1): null

28-03-2025T12:16:16 - [TEST_STEP][PASSED] - i = b.indexOf("О «"): null

28-03-2025T12:16:16 - [TEST_STEP][PASSED] - if (i > -1): null

28-03-2025T12:16:16 - [TEST_STEP][PASSED] - i = b.indexOf("г. "): null

28-03-2025T12:16:16 - [TEST_STEP][PASSED] - if (i > -1): null

28-03-2025T12:16:16 - [TEST_STEP][PASSED] - b = b.substring(i + 3, b.length()): null

28-03-2025T12:16:16 - [TEST_STEP][PASSED] - b = b.trim(): null

28-03-2025T12:16:16 - [TEST_STEP][PASSED] - println(b): null

28-03-2025T12:16:16 - [TEST_STEP][PASSED] - for ([planFact = 1, planFact < 3, (planFact++)]): Object: 'Object Repository/Выполнение бизнес-плана/Кнопка Факт' is clicked on

28-03-2025T12:16:16 - [TEST_STEP][PASSED] - if (planFact == 1): null

28-03-2025T12:16:16 - [TEST_STEP][PASSED] - typeOfDataMain = "Факт": null

28-03-2025T12:16:16 - [TEST_STEP][PASSED] - otpusk = findTestData("PlanFact").getValue(5, a): null

28-03-2025T12:16:16 - [TEST_STEP][PASSED] - poteri = findTestData("PlanFact").getValue(6, a): null

28-03-2025T12:16:16 - [TEST_STEP][PASSED] - otpusk = otpusk.replaceAll("\s+", ""): null

28-03-2025T12:16:16 - [TEST_STEP][PASSED] - poteri = poteri.replaceAll("\s+", ""): null

28-03-2025T12:16:16 - [TEST_STEP][PASSED] - typeOfData = typeOfDataMain + " Отпуск в сеть": null

28-03-2025T12:16:16 - [TEST_STEP][PASSED] - if (a == 82): null

28-03-2025T12:16:16 - [TEST_STEP][PASSED] - else if (a == 84): null

28-03-2025T12:16:16 - [TEST_STEP][PASSED] - else if (a == 83 || a == 52 || a == 72 || a == 28 || a == 73 || a == 77 || a == 74 || a == 65 || a == 36 || a == 44 || a == 53 || a == 80 || a == 54 || a == 1 || a == 18 || a == 59 || a == 81): null

28-03-2025T12:16:16 - [TEST_STEP][PASSED] - else: null

28-03-2025T12:16:16 - [TEST_STEP][PASSED] - path = dataFolder + typeOfData + " за отчётный период " + b: null

28-03-2025T12:16:16 - [TEST_STEP][PASSED] - println(path): null

28-03-2025T12:16:16 - [TEST_STEP][PASSED] - page = getText(findTestObject(path)): Text of object 'Object Repository/Выполнение бизнес-плана/Значения со страницы Выполнение бизнес-плана/Факт Отпуск в сеть за отчётный период Москва' is: '4 574 090'

28-03-2025T12:16:17 - [MESSAGE][PASSED] - Text of object 'Object Repository/Выполнение бизнес-плана/Значения со страницы Выполнение бизнес-плана/Факт Отпуск в сеть за отчётный период Москва' is: '4 574 090'

28-03-2025T12:16:17 - [TEST_STEP][PASSED] - if (page == "" || page == null): null

28-03-2025T12:16:17 - [TEST_STEP][PASSED] - else: null

28-03-2025T12:16:17 - [TEST_STEP][PASSED] - page = page.replaceAll("\s+", ""): null

28-03-2025T12:16:17 - [TEST_STEP][PASSED] - if (page == "undefined"): null

28-03-2025T12:16:17 - [TEST_STEP][PASSED] - fileOtpuskVSet = otpusk.toInteger(): null

28-03-2025T12:16:17 - [TEST_STEP][PASSED] - pageOtpuskVSet = page.toInteger(): null

28-03-2025T12:16:17 - [TEST_STEP][PASSED] - typeOfData = typeOfDataMain + " Потери": null

28-03-2025T12:16:17 - [TEST_STEP][PASSED] - if (a == 82): null

28-03-2025T12:16:17 - [TEST_STEP][PASSED] - else if (a == 84): null

28-03-2025T12:16:17 - [TEST_STEP][PASSED] - else if (a == 83 || a == 52 || a == 72 || a == 28 || a == 73 || a == 77 || a == 74 || a == 65 || a == 44 || a == 53 || a == 80 || a == 54 || a == 1 || a == 18 || a == 59 || a == 81): null

28-03-2025T12:16:17 - [TEST_STEP][PASSED] - else: null

28-03-2025T12:16:17 - [TEST_STEP][PASSED] - path = dataFolder + typeOfData + " за отчётный период " + b: null

28-03-2025T12:16:17 - [TEST_STEP][PASSED] - page = getText(findTestObject(path)): Text of object 'Object Repository/Выполнение бизнес-плана/Значения со страницы Выполнение бизнес-плана/Факт Потери за отчётный период Москва' is: '211 224'

28-03-2025T12:16:17 - [MESSAGE][PASSED] - Text of object 'Object Repository/Выполнение бизнес-плана/Значения со страницы Выполнение бизнес-плана/Факт Потери за отчётный период Москва' is: '211 224'

28-03-2025T12:16:17 - [TEST_STEP][PASSED] - if (page == "" || page == null): null

28-03-2025T12:16:17 - [TEST_STEP][PASSED] - else: null

28-03-2025T12:16:17 - [TEST_STEP][PASSED] - page = page.replaceAll("\s+", ""): null

28-03-2025T12:16:17 - [TEST_STEP][PASSED] - if (page == "undefined"): null

28-03-2025T12:16:17 - [TEST_STEP][PASSED] - filePoteri = poteri.toInteger(): null

28-03-2025T12:16:17 - [TEST_STEP][PASSED] - pagePoteri = page.toInteger(): null

28-03-2025T12:16:17 - [TEST_STEP][PASSED] - compare = pageOtpuskVSet: null

28-03-2025T12:16:17 - [TEST_STEP][PASSED] - if (pageOtpuskVSet != null): null

28-03-2025T12:16:17 - [TEST_STEP][PASSED] - if (compare == fileOtpuskVSet): null

28-03-2025T12:16:17 - [TEST_STEP][PASSED] - if (compare == fileOtpuskVSet): null

28-03-2025T12:16:17 - [TEST_STEP][PASSED] - compare = pagePoteri: null

28-03-2025T12:16:17 - [TEST_STEP][PASSED] - if (pageOtpuskVSet != null): null

28-03-2025T12:16:17 - [TEST_STEP][PASSED] - if (compare == filePoteri): null

28-03-2025T12:16:17 - [TEST_STEP][PASSED] - if (compare == filePoteri): null

28-03-2025T12:16:17 - [TEST_STEP][PASSED] - if (planFact == 2): null

28-03-2025T12:16:17 - [TEST_STEP][PASSED] - if (planFact == 1): null

28-03-2025T12:16:17 - [TEST_STEP][PASSED] - else if (planFact == 2): null

28-03-2025T12:16:17 - [TEST_STEP][PASSED] - click(findTestObject("Выполнение бизнес-плана/Кнопка План")): Object: 'Object Repository/Выполнение бизнес-плана/Кнопка План' is clicked on

28-03-2025T12:16:17 - [MESSAGE][PASSED] - Object: 'Object Repository/Выполнение бизнес-плана/Кнопка План' is clicked on

28-03-2025T12:16:17 - [TEST_STEP][PASSED] - typeOfDataMain = "План": null

28-03-2025T12:16:17 - [TEST_STEP][PASSED] - otpusk = findTestData("PlanFact").getValue(2, a): null

28-03-2025T12:16:17 - [TEST_STEP][PASSED] - poteri = findTestData("PlanFact").getValue(3, a): null

28-03-2025T12:16:17 - [TEST_STEP][PASSED] - otpusk = otpusk.replaceAll("\s+", ""): null

28-03-2025T12:16:17 - [TEST_STEP][PASSED] - poteri = poteri.replaceAll("\s+", ""): null

28-03-2025T12:16:17 - [TEST_STEP][PASSED] - typeOfData = typeOfDataMain + " Отпуск в сеть": null

28-03-2025T12:16:17 - [TEST_STEP][PASSED] - if (a == 82): null

28-03-2025T12:16:17 - [TEST_STEP][PASSED] - else if (a == 84): null

28-03-2025T12:16:17 - [TEST_STEP][PASSED] - else if (a == 83 || a == 52 || a == 72 || a == 28 || a == 73 || a == 77 || a == 74 || a == 65 || a == 36 || a == 44 || a == 53 || a == 80 || a == 54 || a == 1 || a == 18 || a == 59 || a == 81): null

28-03-2025T12:16:17 - [TEST_STEP][PASSED] - else: null

28-03-2025T12:16:17 - [TEST_STEP][PASSED] - path = dataFolder + typeOfData + " за отчётный период " + b: null

28-03-2025T12:16:17 - [TEST_STEP][PASSED] - println(path): null

28-03-2025T12:16:17 - [TEST_STEP][PASSED] - page = getText(findTestObject(path)): Text of object 'Object Repository/Выполнение бизнес-плана/Значения со страницы Выполнение бизнес-плана/План Отпуск в сеть за отчётный период Москва' is: '4 682 890'

28-03-2025T12:16:18 - [MESSAGE][PASSED] - Text of object 'Object Repository/Выполнение бизнес-плана/Значения со страницы Выполнение бизнес-плана/План Отпуск в сеть за отчётный период Москва' is: '4 682 890'

28-03-2025T12:16:18 - [TEST_STEP][PASSED] - if (page == "" || page == null): null

28-03-2025T12:16:18 - [TEST_STEP][PASSED] - else: null

28-03-2025T12:16:18 - [TEST_STEP][PASSED] - page = page.replaceAll("\s+", ""): null

28-03-2025T12:16:18 - [TEST_STEP][PASSED] - if (page == "undefined"): null

28-03-2025T12:16:18 - [TEST_STEP][PASSED] - fileOtpuskVSet = otpusk.toInteger(): null

28-03-2025T12:16:18 - [TEST_STEP][PASSED] - pageOtpuskVSet = page.toInteger(): null

28-03-2025T12:16:18 - [TEST_STEP][PASSED] - typeOfData = typeOfDataMain + " Потери": null

28-03-2025T12:16:18 - [TEST_STEP][PASSED] - if (a == 82): null

28-03-2025T12:16:18 - [TEST_STEP][PASSED] - else if (a == 84): null

28-03-2025T12:16:18 - [TEST_STEP][PASSED] - else if (a == 83 || a == 52 || a == 72 || a == 28 || a == 73 || a == 77 || a == 74 || a == 65 || a == 44 || a == 53 || a == 80 || a == 54 || a == 1 || a == 18 || a == 59 || a == 81): null

28-03-2025T12:16:18 - [TEST_STEP][PASSED] - else: null

28-03-2025T12:16:18 - [TEST_STEP][PASSED] - path = dataFolder + typeOfData + " за отчётный период " + b: null

28-03-2025T12:16:18 - [TEST_STEP][PASSED] - page = getText(findTestObject(path)): Text of object 'Object Repository/Выполнение бизнес-плана/Значения со страницы Выполнение бизнес-плана/План Потери за отчётный период Москва' is: '258 159'

28-03-2025T12:16:18 - [MESSAGE][PASSED] - Text of object 'Object Repository/Выполнение бизнес-плана/Значения со страницы Выполнение бизнес-плана/План Потери за отчётный период Москва' is: '258 159'

28-03-2025T12:16:18 - [TEST_STEP][PASSED] - if (page == "" || page == null): null

28-03-2025T12:16:18 - [TEST_STEP][PASSED] - else: null

28-03-2025T12:16:18 - [TEST_STEP][PASSED] - page = page.replaceAll("\s+", ""): null

28-03-2025T12:16:18 - [TEST_STEP][PASSED] - if (page == "undefined"): null

28-03-2025T12:16:18 - [TEST_STEP][PASSED] - filePoteri = poteri.toInteger(): null

28-03-2025T12:16:18 - [TEST_STEP][PASSED] - pagePoteri = page.toInteger(): null

28-03-2025T12:16:18 - [TEST_STEP][PASSED] - compare = pageOtpuskVSet: null

28-03-2025T12:16:18 - [TEST_STEP][PASSED] - if (pageOtpuskVSet != null): null

28-03-2025T12:16:18 - [TEST_STEP][PASSED] - if (compare == fileOtpuskVSet): null

28-03-2025T12:16:18 - [TEST_STEP][PASSED] - if (compare == fileOtpuskVSet): null

28-03-2025T12:16:18 - [TEST_STEP][PASSED] - compare = pagePoteri: null

28-03-2025T12:16:18 - [TEST_STEP][PASSED] - if (pageOtpuskVSet != null): null

28-03-2025T12:16:18 - [TEST_STEP][PASSED] - if (compare == filePoteri): null

28-03-2025T12:16:18 - [TEST_STEP][PASSED] - if (compare == filePoteri): null

28-03-2025T12:16:18 - [TEST_STEP][PASSED] - if (planFact == 2): Object: 'Object Repository/Выполнение бизнес-плана/Кнопка Факт' is clicked on

28-03-2025T12:16:18 - [TEST_STEP][PASSED] - click(findTestObject("Выполнение бизнес-плана/Кнопка Факт")): Object: 'Object Repository/Выполнение бизнес-плана/Кнопка Факт' is clicked on

28-03-2025T12:16:18 - [MESSAGE][PASSED] - Object: 'Object Repository/Выполнение бизнес-плана/Кнопка Факт' is clicked on

28-03-2025T12:16:18 - [TEST_STEP][PASSED] - println("a=" + a): null

28-03-2025T12:16:18 - [TEST_STEP][PASSED] - if (a == 84 || a == 82): null

28-03-2025T12:16:18 - [TEST_STEP][PASSED] - else if (a == 83 || a == 52 || a == 72 || a == 28 || a == 73 || a == 77 || a == 74 || a == 65 || a == 36 || a == 44 || a == 53 || a == 80 || a == 54 || a == 1 || a == 18 || a == 59 || a == 81): null

28-03-2025T12:16:18 - [TEST_STEP][PASSED] - else: null

28-03-2025T12:16:18 - [TEST_STEP][PASSED] - page1 = getText(findTestObject("Object Repository/Выполнение бизнес-плана/spanPlan" + filialNum)): Text of object 'Object Repository/Выполнение бизнес-плана/spanPlan1' is: '13.24
|'

28-03-2025T12:16:19 - [MESSAGE][PASSED] - Text of object 'Object Repository/Выполнение бизнес-плана/spanPlan1' is: '13.24
|'

28-03-2025T12:16:19 - [TEST_STEP][PASSED] - page1 = page1.replace("|", ""): null

28-03-2025T12:16:19 - [TEST_STEP][PASSED] - page2 = getText(findTestObject("Object Repository/Выполнение бизнес-плана/spanFact" + filialNum)): Text of object 'Object Repository/Выполнение бизнес-плана/spanFact1' is: '13.44
|'

28-03-2025T12:16:19 - [MESSAGE][PASSED] - Text of object 'Object Repository/Выполнение бизнес-плана/spanFact1' is: '13.44
|'

28-03-2025T12:16:19 - [TEST_STEP][PASSED] - page2 = page2.replace("|", ""): null

28-03-2025T12:16:19 - [TEST_STEP][PASSED] - println("page1: " + page1): null

28-03-2025T12:16:19 - [TEST_STEP][PASSED] - println("page2: " + page2): null

28-03-2025T12:16:19 - [TEST_STEP][PASSED] - file = findTestData("PlanFact").getValue(4, a): null

28-03-2025T12:16:19 - [TEST_STEP][PASSED] - file = file.replace(",", "."): null

28-03-2025T12:16:19 - [TEST_STEP][PASSED] - println("file Plan: " + file): null

28-03-2025T12:16:19 - [TEST_STEP][PASSED] - typeOfData = "План в процентах": null

28-03-2025T12:16:19 - [TEST_STEP][PASSED] - fileDouble = file.toDouble(): null

28-03-2025T12:16:19 - [TEST_STEP][PASSED] - pageDouble = page1.toDouble(): null

28-03-2025T12:16:19 - [TEST_STEP][PASSED] - if (fileDouble != pageDouble): null

28-03-2025T12:16:19 - [TEST_STEP][PASSED] - numberOfErrors = numberOfErrors + 1: null

28-03-2025T12:16:19 - [TEST_STEP][PASSED] - Script1718980020443.WriteToExcel(a, typeOfData, todaysDate, pageInt, fileInt, pageDouble, fileDouble, dZO): null

28-03-2025T12:16:19 - [TEST_STEP][PASSED] - sheetName = "Sheet1": null

28-03-2025T12:16:19 - [TEST_STEP][PASSED] - data = findTestData("PlanFact"): null

28-03-2025T12:16:19 - [TEST_STEP][PASSED] - n = data.getRowNumbers() + 1: null

28-03-2025T12:16:19 - [TEST_STEP][PASSED] - day = ")).toInteger(): null

28-03-2025T12:16:19 - [TEST_STEP][PASSED] - println(day): null

28-03-2025T12:16:19 - [TEST_STEP][PASSED] - month = ")).toInteger(): null

28-03-2025T12:16:19 - [TEST_STEP][PASSED] - println(month): null

28-03-2025T12:16:19 - [TEST_STEP][PASSED] - y = <not implemented yet for class: org.codehaus.groovy.ast.expr.EmptyExpression>: null

28-03-2025T12:16:19 - [TEST_STEP][PASSED] - iy = <not implemented yet for class: org.codehaus.groovy.ast.expr.EmptyExpression>: null

28-03-2025T12:16:19 - [TEST_STEP][PASSED] - m = getText(findTestObject("Выполнение бизнес-плана/Период")): Text of object 'Object Repository/Выполнение бизнес-плана/Период' is: 'Январь 2025 года'

28-03-2025T12:16:19 - [MESSAGE][PASSED] - Text of object 'Object Repository/Выполнение бизнес-плана/Период' is: 'Январь 2025 года'

28-03-2025T12:16:19 - [TEST_STEP][PASSED] - iy = m.indexOf("20"): null

28-03-2025T12:16:19 - [TEST_STEP][PASSED] - if (iy > -1): null

28-03-2025T12:16:19 - [TEST_STEP][PASSED] - y = substring(iy, iy + 4).toInteger(): null

28-03-2025T12:16:19 - [TEST_STEP][PASSED] - println(y): null

28-03-2025T12:16:19 - [TEST_STEP][PASSED] - if (toString().length() == 4): null

28-03-2025T12:16:19 - [TEST_STEP][PASSED] - m = m.substring(0, m.indexOf(y.toString())): null

28-03-2025T12:16:19 - [TEST_STEP][PASSED] - m = m.trim(): null

28-03-2025T12:16:19 - [TEST_STEP][PASSED] - if (m == ""): null

28-03-2025T12:16:19 - [TEST_STEP][PASSED] - dashboardName = "Выполнение бизнес-плана": null

28-03-2025T12:16:19 - [TEST_STEP][PASSED] - workbook01 = getWorkbook(excelFilePath): null

28-03-2025T12:16:20 - [TEST_STEP][PASSED] - sheet01 = getExcelSheet(workbook01, sheetName): null

28-03-2025T12:16:20 - [TEST_STEP][PASSED] - setValueToCellByIndex(sheet01, n, 0, dashboardName): null

28-03-2025T12:16:20 - [TEST_STEP][PASSED] - setValueToCellByIndex(sheet01, n, 1, dZO): null

28-03-2025T12:16:20 - [TEST_STEP][PASSED] - setValueToCellByIndex(sheet01, n, 2, typeOfData): null

28-03-2025T12:16:20 - [TEST_STEP][PASSED] - if (typeOfData == "Факт в процентах" || typeOfData == "План в процентах"): null

28-03-2025T12:16:20 - [TEST_STEP][PASSED] - setValueToCellByIndex(sheet01, n, 3, fileDouble): null

28-03-2025T12:16:20 - [TEST_STEP][PASSED] - setValueToCellByIndex(sheet01, n, 4, pageDouble): null

28-03-2025T12:16:20 - [TEST_STEP][PASSED] - setValueToCellByIndex(sheet01, n, 5, m): null

28-03-2025T12:16:20 - [TEST_STEP][PASSED] - setValueToCellByIndex(sheet01, n, 6, y): null

28-03-2025T12:16:20 - [TEST_STEP][PASSED] - setValueToCellByIndex(sheet01, n, 7, todaysDate): null

28-03-2025T12:16:20 - [TEST_STEP][PASSED] - n = n + 1: null

28-03-2025T12:16:20 - [TEST_STEP][PASSED] - saveWorkbook(excelFilePath, workbook01): null

28-03-2025T12:16:20 - [TEST_STEP][PASSED] - file = findTestData("PlanFact").getValue(7, a): null

28-03-2025T12:16:20 - [TEST_STEP][PASSED] - file = file.replace(",", "."): null

28-03-2025T12:16:20 - [TEST_STEP][PASSED] - println("file Fact: " + file): null

28-03-2025T12:16:20 - [TEST_STEP][PASSED] - fileDouble = file.toDouble(): null

28-03-2025T12:16:20 - [TEST_STEP][PASSED] - typeOfData = "Факт в процентах": null

28-03-2025T12:16:20 - [TEST_STEP][PASSED] - fileDouble = file.toDouble(): null

28-03-2025T12:16:20 - [TEST_STEP][PASSED] - pageDouble = page2.toDouble(): null

28-03-2025T12:16:20 - [TEST_STEP][PASSED] - if (fileDouble != pageDouble): null

28-03-2025T12:16:20 - [TEST_STEP][PASSED] - numberOfErrors = numberOfErrors + 1: null

28-03-2025T12:16:20 - [TEST_STEP][PASSED] - Script1718980020443.WriteToExcel(a, typeOfData, todaysDate, pageInt, fileInt, pageDouble, fileDouble, dZO): null

28-03-2025T12:16:20 - [TEST_STEP][PASSED] - sheetName = "Sheet1": null

28-03-2025T12:16:20 - [TEST_STEP][PASSED] - data = findTestData("PlanFact"): null

28-03-2025T12:16:20 - [TEST_STEP][PASSED] - n = data.getRowNumbers() + 1: null

28-03-2025T12:16:20 - [TEST_STEP][PASSED] - day = ")).toInteger(): null

28-03-2025T12:16:20 - [TEST_STEP][PASSED] - println(day): null

28-03-2025T12:16:20 - [TEST_STEP][PASSED] - month = ")).toInteger(): null

28-03-2025T12:16:20 - [TEST_STEP][PASSED] - println(month): null

28-03-2025T12:16:20 - [TEST_STEP][PASSED] - y = <not implemented yet for class: org.codehaus.groovy.ast.expr.EmptyExpression>: null

28-03-2025T12:16:20 - [TEST_STEP][PASSED] - iy = <not implemented yet for class: org.codehaus.groovy.ast.expr.EmptyExpression>: null

28-03-2025T12:16:20 - [TEST_STEP][PASSED] - m = getText(findTestObject("Выполнение бизнес-плана/Период")): Text of object 'Object Repository/Выполнение бизнес-плана/Период' is: 'Январь 2025 года'

28-03-2025T12:16:20 - [MESSAGE][PASSED] - Text of object 'Object Repository/Выполнение бизнес-плана/Период' is: 'Январь 2025 года'

28-03-2025T12:16:20 - [TEST_STEP][PASSED] - iy = m.indexOf("20"): null

28-03-2025T12:16:20 - [TEST_STEP][PASSED] - if (iy > -1): null

28-03-2025T12:16:20 - [TEST_STEP][PASSED] - y = substring(iy, iy + 4).toInteger(): null

28-03-2025T12:16:20 - [TEST_STEP][PASSED] - println(y): null

28-03-2025T12:16:20 - [TEST_STEP][PASSED] - if (toString().length() == 4): null

28-03-2025T12:16:20 - [TEST_STEP][PASSED] - m = m.substring(0, m.indexOf(y.toString())): null

28-03-2025T12:16:20 - [TEST_STEP][PASSED] - m = m.trim(): null

28-03-2025T12:16:20 - [TEST_STEP][PASSED] - if (m == ""): null

28-03-2025T12:16:20 - [TEST_STEP][PASSED] - dashboardName = "Выполнение бизнес-плана": null

28-03-2025T12:16:20 - [TEST_STEP][PASSED] - workbook01 = getWorkbook(excelFilePath): null

28-03-2025T12:16:20 - [TEST_STEP][PASSED] - sheet01 = getExcelSheet(workbook01, sheetName): null

28-03-2025T12:16:20 - [TEST_STEP][PASSED] - setValueToCellByIndex(sheet01, n, 0, dashboardName): null

28-03-2025T12:16:20 - [TEST_STEP][PASSED] - setValueToCellByIndex(sheet01, n, 1, dZO): null

28-03-2025T12:16:20 - [TEST_STEP][PASSED] - setValueToCellByIndex(sheet01, n, 2, typeOfData): null

28-03-2025T12:16:20 - [TEST_STEP][PASSED] - if (typeOfData == "Факт в процентах" || typeOfData == "План в процентах"): null

28-03-2025T12:16:20 - [TEST_STEP][PASSED] - setValueToCellByIndex(sheet01, n, 3, fileDouble): null

28-03-2025T12:16:20 - [TEST_STEP][PASSED] - setValueToCellByIndex(sheet01, n, 4, pageDouble): null

28-03-2025T12:16:20 - [TEST_STEP][PASSED] - setValueToCellByIndex(sheet01, n, 5, m): null

28-03-2025T12:16:20 - [TEST_STEP][PASSED] - setValueToCellByIndex(sheet01, n, 6, y): null

28-03-2025T12:16:20 - [TEST_STEP][PASSED] - setValueToCellByIndex(sheet01, n, 7, todaysDate): null

28-03-2025T12:16:20 - [TEST_STEP][PASSED] - n = n + 1: null

28-03-2025T12:16:20 - [TEST_STEP][PASSED] - saveWorkbook(excelFilePath, workbook01): null

28-03-2025T12:16:21 - [TEST_STEP][FAILED] - if (verifyEqual(numberOfErrors, 0) == false): null

28-03-2025T12:16:21 - [MESSAGE][FAILED] - Unable to verify equal between actual object '2' and expected object '0' (Root cause: com.kms.katalon.core.exception.StepFailedException: Actual object '2' and expected object '0' are not equal
	at com.kms.katalon.core.keyword.builtin.VerifyEqualKeyword$_verifyEqual_closure1.doCall(VerifyEqualKeyword.groovy:58)
	at com.kms.katalon.core.keyword.builtin.VerifyEqualKeyword$_verifyEqual_closure1.call(VerifyEqualKeyword.groovy)
	at com.kms.katalon.core.keyword.internal.KeywordMain.runKeyword(KeywordMain.groovy:75)
	at com.kms.katalon.core.keyword.builtin.VerifyEqualKeyword.verifyEqual(VerifyEqualKeyword.groovy:63)
	at com.kms.katalon.core.keyword.builtin.VerifyEqualKeyword.execute(VerifyEqualKeyword.groovy:44)
	at com.kms.katalon.core.keyword.internal.KeywordExecutor.executeKeywordForPlatform(KeywordExecutor.groovy:74)
	at com.kms.katalon.core.keyword.BuiltinKeywords.verifyEqual(BuiltinKeywords.groovy:146)
	at jdk.internal.reflect.GeneratedMethodAccessor23.invoke(Unknown Source)
	at java.base/jdk.internal.reflect.DelegatingMethodAccessorImpl.invoke(DelegatingMethodAccessorImpl.java:43)
	at Выполнение бизнес-плана Сверка ПАО Россети все филиалы.Numbers(Выполнение бизнес-плана Сверка ПАО Россети все филиалы:744)
	at Выполнение бизнес-плана Сверка ПАО Россети все филиалы.Filials(Выполнение бизнес-плана Сверка ПАО Россети все филиалы:1055)
	at Выполнение бизнес-плана Сверка ПАО Россети все филиалы.Numbers(Выполнение бизнес-плана Сверка ПАО Россети все филиалы:751)
	at Выполнение бизнес-плана Сверка ПАО Россети все филиалы.run(Выполнение бизнес-плана Сверка ПАО Россети все филиалы:273)
	at com.kms.katalon.core.main.ScriptEngine.run(ScriptEngine.java:194)
	at com.kms.katalon.core.main.ScriptEngine.runScriptAsRawText(ScriptEngine.java:119)
	at com.kms.katalon.core.main.TestCaseExecutor.runScript(TestCaseExecutor.java:448)
	at com.kms.katalon.core.main.TestCaseExecutor.doExecute(TestCaseExecutor.java:439)
	at com.kms.katalon.core.main.TestCaseExecutor.processExecutionPhase(TestCaseExecutor.java:418)
	at com.kms.katalon.core.main.TestCaseExecutor.accessMainPhase(TestCaseExecutor.java:410)
	at com.kms.katalon.core.main.TestCaseExecutor.execute(TestCaseExecutor.java:285)
	at com.kms.katalon.core.common.CommonExecutor.accessTestCaseMainPhase(CommonExecutor.java:65)
	at com.kms.katalon.core.main.TestSuiteExecutor.accessTestSuiteMainPhase(TestSuiteExecutor.java:150)
	at com.kms.katalon.core.main.TestSuiteExecutor.execute(TestSuiteExecutor.java:106)
	at com.kms.katalon.core.main.TestCaseMain.startTestSuite(TestCaseMain.java:180)
	at TempTestSuite1743137207280.run(TempTestSuite1743137207280.groovy:35)
	at java.base/jdk.internal.reflect.NativeMethodAccessorImpl.invoke0(Native Method)
	at java.base/jdk.internal.reflect.NativeMethodAccessorImpl.invoke(NativeMethodAccessorImpl.java:77)
	at java.base/jdk.internal.reflect.DelegatingMethodAccessorImpl.invoke(DelegatingMethodAccessorImpl.java:43)
)

28-03-2025T12:16:21 - [TEST_STEP][PASSED] - println(numberOfErrors): null

28-03-2025T12:16:21 - [TEST_STEP][PASSED] - println("a=" + a): null

28-03-2025T12:16:21 - [TEST_STEP][PASSED] - if (a == 28 || a == 77 || a == 74 || a == 65 || a == 36 || a == 44 || a == 54 || a == 1 || a == 18 || a == 59): null

28-03-2025T12:16:21 - [TEST_STEP][PASSED] - if (a == 82): null

28-03-2025T12:16:21 - [TEST_STEP][PASSED] - dZO = "Московская область": null

28-03-2025T12:16:21 - [TEST_STEP][PASSED] - a = 76: null

28-03-2025T12:16:21 - [TEST_STEP][PASSED] - dzoCut = dZO.substring(0, 10): null

28-03-2025T12:16:21 - [TEST_STEP][PASSED] - if (x2.contains(dzoCut)): null

28-03-2025T12:16:21 - [TEST_STEP][PASSED] - filialNum = filialNum + 1: null

28-03-2025T12:16:21 - [TEST_STEP][PASSED] - Script1718980020443.Numbers(a, typeOfData, todaysDate, pageInt, fileInt, pageDouble, fileDouble, dZO, dzoNum, filialNum): null

28-03-2025T12:16:21 - [TEST_STEP][PASSED] - println(dzoNum): null

28-03-2025T12:16:21 - [TEST_STEP][PASSED] - planFact = <not implemented yet for class: org.codehaus.groovy.ast.expr.EmptyExpression>: null

28-03-2025T12:16:21 - [TEST_STEP][PASSED] - page = <not implemented yet for class: org.codehaus.groovy.ast.expr.EmptyExpression>: null

28-03-2025T12:16:21 - [TEST_STEP][PASSED] - page1 = <not implemented yet for class: org.codehaus.groovy.ast.expr.EmptyExpression>: null

28-03-2025T12:16:21 - [TEST_STEP][PASSED] - page2 = <not implemented yet for class: org.codehaus.groovy.ast.expr.EmptyExpression>: null

28-03-2025T12:16:21 - [TEST_STEP][PASSED] - filialNumberInRow = <not implemented yet for class: org.codehaus.groovy.ast.expr.EmptyExpression>: null

28-03-2025T12:16:21 - [TEST_STEP][PASSED] - filialsDzoNames = <not implemented yet for class: org.codehaus.groovy.ast.expr.EmptyExpression>: null

28-03-2025T12:16:21 - [TEST_STEP][PASSED] - numberOfFilials = <not implemented yet for class: org.codehaus.groovy.ast.expr.EmptyExpression>: null

28-03-2025T12:16:21 - [TEST_STEP][PASSED] - numberOfSpaces = <not implemented yet for class: org.codehaus.groovy.ast.expr.EmptyExpression>: null

28-03-2025T12:16:21 - [TEST_STEP][PASSED] - file = <not implemented yet for class: org.codehaus.groovy.ast.expr.EmptyExpression>: null

28-03-2025T12:16:21 - [TEST_STEP][PASSED] - otpusk = <not implemented yet for class: org.codehaus.groovy.ast.expr.EmptyExpression>: null

28-03-2025T12:16:21 - [TEST_STEP][PASSED] - poteri = <not implemented yet for class: org.codehaus.groovy.ast.expr.EmptyExpression>: null

28-03-2025T12:16:21 - [TEST_STEP][PASSED] - dataFolder = "Выполнение бизнес-плана/Значения со страницы Выполнение бизнес-плана/": null

28-03-2025T12:16:21 - [TEST_STEP][PASSED] - path = <not implemented yet for class: org.codehaus.groovy.ast.expr.EmptyExpression>: null

28-03-2025T12:16:21 - [TEST_STEP][PASSED] - typeOfDataMain = <not implemented yet for class: org.codehaus.groovy.ast.expr.EmptyExpression>: null

28-03-2025T12:16:21 - [TEST_STEP][PASSED] - fileOtpuskVSet = <not implemented yet for class: org.codehaus.groovy.ast.expr.EmptyExpression>: null

28-03-2025T12:16:21 - [TEST_STEP][PASSED] - pageOtpuskVSet = <not implemented yet for class: org.codehaus.groovy.ast.expr.EmptyExpression>: null

28-03-2025T12:16:21 - [TEST_STEP][PASSED] - filePoteri = <not implemented yet for class: org.codehaus.groovy.ast.expr.EmptyExpression>: null

28-03-2025T12:16:21 - [TEST_STEP][PASSED] - pagePoteri = <not implemented yet for class: org.codehaus.groovy.ast.expr.EmptyExpression>: null

28-03-2025T12:16:21 - [TEST_STEP][PASSED] - compare = <not implemented yet for class: org.codehaus.groovy.ast.expr.EmptyExpression>: null

28-03-2025T12:16:21 - [TEST_STEP][PASSED] - b = <not implemented yet for class: org.codehaus.groovy.ast.expr.EmptyExpression>: null

28-03-2025T12:16:21 - [TEST_STEP][PASSED] - i = <not implemented yet for class: org.codehaus.groovy.ast.expr.EmptyExpression>: null

28-03-2025T12:16:21 - [TEST_STEP][PASSED] - ii = <not implemented yet for class: org.codehaus.groovy.ast.expr.EmptyExpression>: null

28-03-2025T12:16:21 - [TEST_STEP][PASSED] - c = <not implemented yet for class: org.codehaus.groovy.ast.expr.EmptyExpression>: null

28-03-2025T12:16:21 - [TEST_STEP][PASSED] - numberOfErrors = 0: null

28-03-2025T12:16:21 - [TEST_STEP][PASSED] - if (a == 82): null

28-03-2025T12:16:21 - [TEST_STEP][PASSED] - b = findTestData("PlanFact").getValue(1, a): null

28-03-2025T12:16:21 - [TEST_STEP][PASSED] - i = b.indexOf(" (ГК)"): null

28-03-2025T12:16:21 - [TEST_STEP][PASSED] - if (i > -1): null

28-03-2025T12:16:21 - [TEST_STEP][PASSED] - i = b.indexOf("О ""): null

28-03-2025T12:16:21 - [TEST_STEP][PASSED] - if (i > -1): null

28-03-2025T12:16:21 - [TEST_STEP][PASSED] - i = b.indexOf("О «"): null

28-03-2025T12:16:21 - [TEST_STEP][PASSED] - if (i > -1): null

28-03-2025T12:16:21 - [TEST_STEP][PASSED] - i = b.indexOf("г. "): null

28-03-2025T12:16:21 - [TEST_STEP][PASSED] - if (i > -1): null

28-03-2025T12:16:21 - [TEST_STEP][PASSED] - b = b.trim(): null

28-03-2025T12:16:21 - [TEST_STEP][PASSED] - println(b): null

28-03-2025T12:16:21 - [TEST_STEP][PASSED] - for ([planFact = 1, planFact < 3, (planFact++)]): Object: 'Object Repository/Выполнение бизнес-плана/Кнопка Факт' is clicked on

28-03-2025T12:16:21 - [TEST_STEP][PASSED] - if (planFact == 1): null

28-03-2025T12:16:21 - [TEST_STEP][PASSED] - typeOfDataMain = "Факт": null

28-03-2025T12:16:21 - [TEST_STEP][PASSED] - otpusk = findTestData("PlanFact").getValue(5, a): null

28-03-2025T12:16:21 - [TEST_STEP][PASSED] - poteri = findTestData("PlanFact").getValue(6, a): null

28-03-2025T12:16:21 - [TEST_STEP][PASSED] - otpusk = otpusk.replaceAll("\s+", ""): null

28-03-2025T12:16:21 - [TEST_STEP][PASSED] - poteri = poteri.replaceAll("\s+", ""): null

28-03-2025T12:16:21 - [TEST_STEP][PASSED] - typeOfData = typeOfDataMain + " Отпуск в сеть": null

28-03-2025T12:16:21 - [TEST_STEP][PASSED] - if (a == 82): null

28-03-2025T12:16:21 - [TEST_STEP][PASSED] - else if (a == 84): null

28-03-2025T12:16:21 - [TEST_STEP][PASSED] - else if (a == 83 || a == 52 || a == 72 || a == 28 || a == 73 || a == 77 || a == 74 || a == 65 || a == 36 || a == 44 || a == 53 || a == 80 || a == 54 || a == 1 || a == 18 || a == 59 || a == 81): null

28-03-2025T12:16:21 - [TEST_STEP][PASSED] - else: null

28-03-2025T12:16:21 - [TEST_STEP][PASSED] - path = dataFolder + typeOfData + " за отчётный период " + b: null

28-03-2025T12:16:21 - [TEST_STEP][PASSED] - println(path): null

28-03-2025T12:16:21 - [TEST_STEP][PASSED] - page = getText(findTestObject(path)): Text of object 'Object Repository/Выполнение бизнес-плана/Значения со страницы Выполнение бизнес-плана/Факт Отпуск в сеть за отчётный период Московская область' is: '5 204 557'

28-03-2025T12:16:21 - [MESSAGE][PASSED] - Text of object 'Object Repository/Выполнение бизнес-плана/Значения со страницы Выполнение бизнес-плана/Факт Отпуск в сеть за отчётный период Московская область' is: '5 204 557'

28-03-2025T12:16:21 - [TEST_STEP][PASSED] - if (page == "" || page == null): null

28-03-2025T12:16:21 - [TEST_STEP][PASSED] - else: null

28-03-2025T12:16:21 - [TEST_STEP][PASSED] - page = page.replaceAll("\s+", ""): null

28-03-2025T12:16:21 - [TEST_STEP][PASSED] - if (page == "undefined"): null

28-03-2025T12:16:21 - [TEST_STEP][PASSED] - fileOtpuskVSet = otpusk.toInteger(): null

28-03-2025T12:16:21 - [TEST_STEP][PASSED] - pageOtpuskVSet = page.toInteger(): null

28-03-2025T12:16:21 - [TEST_STEP][PASSED] - typeOfData = typeOfDataMain + " Потери": null

28-03-2025T12:16:21 - [TEST_STEP][PASSED] - if (a == 82): null

28-03-2025T12:16:21 - [TEST_STEP][PASSED] - else if (a == 84): null

28-03-2025T12:16:21 - [TEST_STEP][PASSED] - else if (a == 83 || a == 52 || a == 72 || a == 28 || a == 73 || a == 77 || a == 74 || a == 65 || a == 44 || a == 53 || a == 80 || a == 54 || a == 1 || a == 18 || a == 59 || a == 81): null

28-03-2025T12:16:21 - [TEST_STEP][PASSED] - else: null

28-03-2025T12:16:21 - [TEST_STEP][PASSED] - path = dataFolder + typeOfData + " за отчётный период " + b: null

28-03-2025T12:16:21 - [TEST_STEP][PASSED] - page = getText(findTestObject(path)): Text of object 'Object Repository/Выполнение бизнес-плана/Значения со страницы Выполнение бизнес-плана/Факт Потери за отчётный период Московская область' is: '699 689'

28-03-2025T12:16:21 - [MESSAGE][PASSED] - Text of object 'Object Repository/Выполнение бизнес-плана/Значения со страницы Выполнение бизнес-плана/Факт Потери за отчётный период Московская область' is: '699 689'

28-03-2025T12:16:21 - [TEST_STEP][PASSED] - if (page == "" || page == null): null

28-03-2025T12:16:21 - [TEST_STEP][PASSED] - else: null

28-03-2025T12:16:21 - [TEST_STEP][PASSED] - page = page.replaceAll("\s+", ""): null

28-03-2025T12:16:21 - [TEST_STEP][PASSED] - if (page == "undefined"): null

28-03-2025T12:16:21 - [TEST_STEP][PASSED] - filePoteri = poteri.toInteger(): null

28-03-2025T12:16:21 - [TEST_STEP][PASSED] - pagePoteri = page.toInteger(): null

28-03-2025T12:16:21 - [TEST_STEP][PASSED] - compare = pageOtpuskVSet: null

28-03-2025T12:16:21 - [TEST_STEP][PASSED] - if (pageOtpuskVSet != null): null

28-03-2025T12:16:21 - [TEST_STEP][PASSED] - if (compare == fileOtpuskVSet): null

28-03-2025T12:16:21 - [TEST_STEP][PASSED] - if (compare == fileOtpuskVSet): null

28-03-2025T12:16:21 - [TEST_STEP][PASSED] - compare = pagePoteri: null

28-03-2025T12:16:21 - [TEST_STEP][PASSED] - if (pageOtpuskVSet != null): null

28-03-2025T12:16:21 - [TEST_STEP][PASSED] - if (compare == filePoteri): null

28-03-2025T12:16:21 - [TEST_STEP][PASSED] - if (compare == filePoteri): null

28-03-2025T12:16:21 - [TEST_STEP][PASSED] - if (planFact == 2): null

28-03-2025T12:16:21 - [TEST_STEP][PASSED] - if (planFact == 1): null

28-03-2025T12:16:21 - [TEST_STEP][PASSED] - else if (planFact == 2): null

28-03-2025T12:16:21 - [TEST_STEP][PASSED] - click(findTestObject("Выполнение бизнес-плана/Кнопка План")): Object: 'Object Repository/Выполнение бизнес-плана/Кнопка План' is clicked on

28-03-2025T12:16:22 - [MESSAGE][PASSED] - Object: 'Object Repository/Выполнение бизнес-плана/Кнопка План' is clicked on

28-03-2025T12:16:22 - [TEST_STEP][PASSED] - typeOfDataMain = "План": null

28-03-2025T12:16:22 - [TEST_STEP][PASSED] - otpusk = findTestData("PlanFact").getValue(2, a): null

28-03-2025T12:16:22 - [TEST_STEP][PASSED] - poteri = findTestData("PlanFact").getValue(3, a): null

28-03-2025T12:16:22 - [TEST_STEP][PASSED] - otpusk = otpusk.replaceAll("\s+", ""): null

28-03-2025T12:16:22 - [TEST_STEP][PASSED] - poteri = poteri.replaceAll("\s+", ""): null

28-03-2025T12:16:22 - [TEST_STEP][PASSED] - typeOfData = typeOfDataMain + " Отпуск в сеть": null

28-03-2025T12:16:22 - [TEST_STEP][PASSED] - if (a == 82): null

28-03-2025T12:16:22 - [TEST_STEP][PASSED] - else if (a == 84): null

28-03-2025T12:16:22 - [TEST_STEP][PASSED] - else if (a == 83 || a == 52 || a == 72 || a == 28 || a == 73 || a == 77 || a == 74 || a == 65 || a == 36 || a == 44 || a == 53 || a == 80 || a == 54 || a == 1 || a == 18 || a == 59 || a == 81): null

28-03-2025T12:16:22 - [TEST_STEP][PASSED] - else: null

28-03-2025T12:16:22 - [TEST_STEP][PASSED] - path = dataFolder + typeOfData + " за отчётный период " + b: null

28-03-2025T12:16:22 - [TEST_STEP][PASSED] - println(path): null

28-03-2025T12:16:22 - [TEST_STEP][PASSED] - page = getText(findTestObject(path)): Text of object 'Object Repository/Выполнение бизнес-плана/Значения со страницы Выполнение бизнес-плана/План Отпуск в сеть за отчётный период Московская область' is: '5 663 851'

28-03-2025T12:16:22 - [MESSAGE][PASSED] - Text of object 'Object Repository/Выполнение бизнес-плана/Значения со страницы Выполнение бизнес-плана/План Отпуск в сеть за отчётный период Московская область' is: '5 663 851'

28-03-2025T12:16:22 - [TEST_STEP][PASSED] - if (page == "" || page == null): null

28-03-2025T12:16:22 - [TEST_STEP][PASSED] - else: null

28-03-2025T12:16:22 - [TEST_STEP][PASSED] - page = page.replaceAll("\s+", ""): null

28-03-2025T12:16:22 - [TEST_STEP][PASSED] - if (page == "undefined"): null

28-03-2025T12:16:22 - [TEST_STEP][PASSED] - fileOtpuskVSet = otpusk.toInteger(): null

28-03-2025T12:16:22 - [TEST_STEP][PASSED] - pageOtpuskVSet = page.toInteger(): null

28-03-2025T12:16:22 - [TEST_STEP][PASSED] - typeOfData = typeOfDataMain + " Потери": null

28-03-2025T12:16:22 - [TEST_STEP][PASSED] - if (a == 82): null

28-03-2025T12:16:22 - [TEST_STEP][PASSED] - else if (a == 84): null

28-03-2025T12:16:22 - [TEST_STEP][PASSED] - else if (a == 83 || a == 52 || a == 72 || a == 28 || a == 73 || a == 77 || a == 74 || a == 65 || a == 44 || a == 53 || a == 80 || a == 54 || a == 1 || a == 18 || a == 59 || a == 81): null

28-03-2025T12:16:22 - [TEST_STEP][PASSED] - else: null

28-03-2025T12:16:22 - [TEST_STEP][PASSED] - path = dataFolder + typeOfData + " за отчётный период " + b: null

28-03-2025T12:16:22 - [TEST_STEP][PASSED] - page = getText(findTestObject(path)): Text of object 'Object Repository/Выполнение бизнес-плана/Значения со страницы Выполнение бизнес-плана/План Потери за отчётный период Московская область' is: '749 894'

28-03-2025T12:16:22 - [MESSAGE][PASSED] - Text of object 'Object Repository/Выполнение бизнес-плана/Значения со страницы Выполнение бизнес-плана/План Потери за отчётный период Московская область' is: '749 894'

28-03-2025T12:16:22 - [TEST_STEP][PASSED] - if (page == "" || page == null): null

28-03-2025T12:16:22 - [TEST_STEP][PASSED] - else: null

28-03-2025T12:16:22 - [TEST_STEP][PASSED] - page = page.replaceAll("\s+", ""): null

28-03-2025T12:16:22 - [TEST_STEP][PASSED] - if (page == "undefined"): null

28-03-2025T12:16:22 - [TEST_STEP][PASSED] - filePoteri = poteri.toInteger(): null

28-03-2025T12:16:22 - [TEST_STEP][PASSED] - pagePoteri = page.toInteger(): null

28-03-2025T12:16:22 - [TEST_STEP][PASSED] - compare = pageOtpuskVSet: null

28-03-2025T12:16:22 - [TEST_STEP][PASSED] - if (pageOtpuskVSet != null): null

28-03-2025T12:16:22 - [TEST_STEP][PASSED] - if (compare == fileOtpuskVSet): null

28-03-2025T12:16:22 - [TEST_STEP][PASSED] - if (compare == fileOtpuskVSet): null

28-03-2025T12:16:22 - [TEST_STEP][PASSED] - compare = pagePoteri: null

28-03-2025T12:16:22 - [TEST_STEP][PASSED] - if (pageOtpuskVSet != null): null

28-03-2025T12:16:22 - [TEST_STEP][PASSED] - if (compare == filePoteri): null

28-03-2025T12:16:22 - [TEST_STEP][PASSED] - if (compare == filePoteri): null

28-03-2025T12:16:22 - [TEST_STEP][PASSED] - if (planFact == 2): Object: 'Object Repository/Выполнение бизнес-плана/Кнопка Факт' is clicked on

28-03-2025T12:16:22 - [TEST_STEP][PASSED] - click(findTestObject("Выполнение бизнес-плана/Кнопка Факт")): Object: 'Object Repository/Выполнение бизнес-плана/Кнопка Факт' is clicked on

28-03-2025T12:16:23 - [MESSAGE][PASSED] - Object: 'Object Repository/Выполнение бизнес-плана/Кнопка Факт' is clicked on

28-03-2025T12:16:23 - [TEST_STEP][PASSED] - println("a=" + a): null

28-03-2025T12:16:23 - [TEST_STEP][PASSED] - if (a == 84 || a == 82): null

28-03-2025T12:16:23 - [TEST_STEP][PASSED] - else if (a == 83 || a == 52 || a == 72 || a == 28 || a == 73 || a == 77 || a == 74 || a == 65 || a == 36 || a == 44 || a == 53 || a == 80 || a == 54 || a == 1 || a == 18 || a == 59 || a == 81): null

28-03-2025T12:16:23 - [TEST_STEP][PASSED] - else: null

28-03-2025T12:16:23 - [TEST_STEP][PASSED] - page1 = getText(findTestObject("Object Repository/Выполнение бизнес-плана/spanPlan" + filialNum)): Text of object 'Object Repository/Выполнение бизнес-плана/spanPlan2' is: '5.51
|'

28-03-2025T12:16:23 - [MESSAGE][PASSED] - Text of object 'Object Repository/Выполнение бизнес-плана/spanPlan2' is: '5.51
|'

28-03-2025T12:16:23 - [TEST_STEP][PASSED] - page1 = page1.replace("|", ""): null

28-03-2025T12:16:23 - [TEST_STEP][PASSED] - page2 = getText(findTestObject("Object Repository/Выполнение бизнес-плана/spanFact" + filialNum)): Text of object 'Object Repository/Выполнение бизнес-плана/spanFact2' is: '4.62
|'

28-03-2025T12:16:23 - [MESSAGE][PASSED] - Text of object 'Object Repository/Выполнение бизнес-плана/spanFact2' is: '4.62
|'

28-03-2025T12:16:23 - [TEST_STEP][PASSED] - page2 = page2.replace("|", ""): null

28-03-2025T12:16:23 - [TEST_STEP][PASSED] - println("page1: " + page1): null

28-03-2025T12:16:23 - [TEST_STEP][PASSED] - println("page2: " + page2): null

28-03-2025T12:16:23 - [TEST_STEP][PASSED] - file = findTestData("PlanFact").getValue(4, a): null

28-03-2025T12:16:24 - [TEST_STEP][PASSED] - file = file.replace(",", "."): null

28-03-2025T12:16:24 - [TEST_STEP][PASSED] - println("file Plan: " + file): null

28-03-2025T12:16:24 - [TEST_STEP][PASSED] - typeOfData = "План в процентах": null

28-03-2025T12:16:24 - [TEST_STEP][PASSED] - fileDouble = file.toDouble(): null

28-03-2025T12:16:24 - [TEST_STEP][PASSED] - pageDouble = page1.toDouble(): null

28-03-2025T12:16:24 - [TEST_STEP][PASSED] - if (fileDouble != pageDouble): null

28-03-2025T12:16:24 - [TEST_STEP][PASSED] - numberOfErrors = numberOfErrors + 1: null

28-03-2025T12:16:24 - [TEST_STEP][PASSED] - Script1718980020443.WriteToExcel(a, typeOfData, todaysDate, pageInt, fileInt, pageDouble, fileDouble, dZO): null

28-03-2025T12:16:24 - [TEST_STEP][PASSED] - sheetName = "Sheet1": null

28-03-2025T12:16:24 - [TEST_STEP][PASSED] - data = findTestData("PlanFact"): null

28-03-2025T12:16:24 - [TEST_STEP][PASSED] - n = data.getRowNumbers() + 1: null

28-03-2025T12:16:24 - [TEST_STEP][PASSED] - day = ")).toInteger(): null

28-03-2025T12:16:24 - [TEST_STEP][PASSED] - println(day): null

28-03-2025T12:16:24 - [TEST_STEP][PASSED] - month = ")).toInteger(): null

28-03-2025T12:16:24 - [TEST_STEP][PASSED] - println(month): null

28-03-2025T12:16:24 - [TEST_STEP][PASSED] - y = <not implemented yet for class: org.codehaus.groovy.ast.expr.EmptyExpression>: null

28-03-2025T12:16:24 - [TEST_STEP][PASSED] - iy = <not implemented yet for class: org.codehaus.groovy.ast.expr.EmptyExpression>: null

28-03-2025T12:16:24 - [TEST_STEP][PASSED] - m = getText(findTestObject("Выполнение бизнес-плана/Период")): Text of object 'Object Repository/Выполнение бизнес-плана/Период' is: 'Январь 2025 года'

28-03-2025T12:16:24 - [MESSAGE][PASSED] - Text of object 'Object Repository/Выполнение бизнес-плана/Период' is: 'Январь 2025 года'

28-03-2025T12:16:24 - [TEST_STEP][PASSED] - iy = m.indexOf("20"): null

28-03-2025T12:16:24 - [TEST_STEP][PASSED] - if (iy > -1): null

28-03-2025T12:16:24 - [TEST_STEP][PASSED] - y = substring(iy, iy + 4).toInteger(): null

28-03-2025T12:16:24 - [TEST_STEP][PASSED] - println(y): null

28-03-2025T12:16:24 - [TEST_STEP][PASSED] - if (toString().length() == 4): null

28-03-2025T12:16:24 - [TEST_STEP][PASSED] - m = m.substring(0, m.indexOf(y.toString())): null

28-03-2025T12:16:24 - [TEST_STEP][PASSED] - m = m.trim(): null

28-03-2025T12:16:24 - [TEST_STEP][PASSED] - if (m == ""): null

28-03-2025T12:16:24 - [TEST_STEP][PASSED] - dashboardName = "Выполнение бизнес-плана": null

28-03-2025T12:16:24 - [TEST_STEP][PASSED] - workbook01 = getWorkbook(excelFilePath): null

28-03-2025T12:16:24 - [TEST_STEP][PASSED] - sheet01 = getExcelSheet(workbook01, sheetName): null

28-03-2025T12:16:24 - [TEST_STEP][PASSED] - setValueToCellByIndex(sheet01, n, 0, dashboardName): null

28-03-2025T12:16:24 - [TEST_STEP][PASSED] - setValueToCellByIndex(sheet01, n, 1, dZO): null

28-03-2025T12:16:24 - [TEST_STEP][PASSED] - setValueToCellByIndex(sheet01, n, 2, typeOfData): null

28-03-2025T12:16:24 - [TEST_STEP][PASSED] - if (typeOfData == "Факт в процентах" || typeOfData == "План в процентах"): null

28-03-2025T12:16:24 - [TEST_STEP][PASSED] - setValueToCellByIndex(sheet01, n, 3, fileDouble): null

28-03-2025T12:16:24 - [TEST_STEP][PASSED] - setValueToCellByIndex(sheet01, n, 4, pageDouble): null

28-03-2025T12:16:24 - [TEST_STEP][PASSED] - setValueToCellByIndex(sheet01, n, 5, m): null

28-03-2025T12:16:24 - [TEST_STEP][PASSED] - setValueToCellByIndex(sheet01, n, 6, y): null

28-03-2025T12:16:24 - [TEST_STEP][PASSED] - setValueToCellByIndex(sheet01, n, 7, todaysDate): null

28-03-2025T12:16:24 - [TEST_STEP][PASSED] - n = n + 1: null

28-03-2025T12:16:24 - [TEST_STEP][PASSED] - saveWorkbook(excelFilePath, workbook01): null

28-03-2025T12:16:24 - [TEST_STEP][PASSED] - file = findTestData("PlanFact").getValue(7, a): null

28-03-2025T12:16:24 - [TEST_STEP][PASSED] - file = file.replace(",", "."): null

28-03-2025T12:16:24 - [TEST_STEP][PASSED] - println("file Fact: " + file): null

28-03-2025T12:16:24 - [TEST_STEP][PASSED] - fileDouble = file.toDouble(): null

28-03-2025T12:16:24 - [TEST_STEP][PASSED] - typeOfData = "Факт в процентах": null

28-03-2025T12:16:24 - [TEST_STEP][PASSED] - fileDouble = file.toDouble(): null

28-03-2025T12:16:24 - [TEST_STEP][PASSED] - pageDouble = page2.toDouble(): null

28-03-2025T12:16:24 - [TEST_STEP][PASSED] - if (fileDouble != pageDouble): null

28-03-2025T12:16:24 - [TEST_STEP][PASSED] - numberOfErrors = numberOfErrors + 1: null

28-03-2025T12:16:24 - [TEST_STEP][PASSED] - Script1718980020443.WriteToExcel(a, typeOfData, todaysDate, pageInt, fileInt, pageDouble, fileDouble, dZO): null

28-03-2025T12:16:24 - [TEST_STEP][PASSED] - sheetName = "Sheet1": null

28-03-2025T12:16:24 - [TEST_STEP][PASSED] - data = findTestData("PlanFact"): null

28-03-2025T12:16:24 - [TEST_STEP][PASSED] - n = data.getRowNumbers() + 1: null

28-03-2025T12:16:24 - [TEST_STEP][PASSED] - day = ")).toInteger(): null

28-03-2025T12:16:24 - [TEST_STEP][PASSED] - println(day): null

28-03-2025T12:16:24 - [TEST_STEP][PASSED] - month = ")).toInteger(): null

28-03-2025T12:16:24 - [TEST_STEP][PASSED] - println(month): null

28-03-2025T12:16:24 - [TEST_STEP][PASSED] - y = <not implemented yet for class: org.codehaus.groovy.ast.expr.EmptyExpression>: null

28-03-2025T12:16:24 - [TEST_STEP][PASSED] - iy = <not implemented yet for class: org.codehaus.groovy.ast.expr.EmptyExpression>: null

28-03-2025T12:16:24 - [TEST_STEP][PASSED] - m = getText(findTestObject("Выполнение бизнес-плана/Период")): Text of object 'Object Repository/Выполнение бизнес-плана/Период' is: 'Январь 2025 года'

28-03-2025T12:16:25 - [MESSAGE][PASSED] - Text of object 'Object Repository/Выполнение бизнес-плана/Период' is: 'Январь 2025 года'

28-03-2025T12:16:25 - [TEST_STEP][PASSED] - iy = m.indexOf("20"): null

28-03-2025T12:16:25 - [TEST_STEP][PASSED] - if (iy > -1): null

28-03-2025T12:16:25 - [TEST_STEP][PASSED] - y = substring(iy, iy + 4).toInteger(): null

28-03-2025T12:16:25 - [TEST_STEP][PASSED] - println(y): null

28-03-2025T12:16:25 - [TEST_STEP][PASSED] - if (toString().length() == 4): null

28-03-2025T12:16:25 - [TEST_STEP][PASSED] - m = m.substring(0, m.indexOf(y.toString())): null

28-03-2025T12:16:25 - [TEST_STEP][PASSED] - m = m.trim(): null

28-03-2025T12:16:25 - [TEST_STEP][PASSED] - if (m == ""): null

28-03-2025T12:16:25 - [TEST_STEP][PASSED] - dashboardName = "Выполнение бизнес-плана": null

28-03-2025T12:16:25 - [TEST_STEP][PASSED] - workbook01 = getWorkbook(excelFilePath): null

28-03-2025T12:16:25 - [TEST_STEP][PASSED] - sheet01 = getExcelSheet(workbook01, sheetName): null

28-03-2025T12:16:25 - [TEST_STEP][PASSED] - setValueToCellByIndex(sheet01, n, 0, dashboardName): null

28-03-2025T12:16:25 - [TEST_STEP][PASSED] - setValueToCellByIndex(sheet01, n, 1, dZO): null

28-03-2025T12:16:25 - [TEST_STEP][PASSED] - setValueToCellByIndex(sheet01, n, 2, typeOfData): null

28-03-2025T12:16:25 - [TEST_STEP][PASSED] - if (typeOfData == "Факт в процентах" || typeOfData == "План в процентах"): null

28-03-2025T12:16:25 - [TEST_STEP][PASSED] - setValueToCellByIndex(sheet01, n, 3, fileDouble): null

28-03-2025T12:16:25 - [TEST_STEP][PASSED] - setValueToCellByIndex(sheet01, n, 4, pageDouble): null

28-03-2025T12:16:25 - [TEST_STEP][PASSED] - setValueToCellByIndex(sheet01, n, 5, m): null

28-03-2025T12:16:25 - [TEST_STEP][PASSED] - setValueToCellByIndex(sheet01, n, 6, y): null

28-03-2025T12:16:25 - [TEST_STEP][PASSED] - setValueToCellByIndex(sheet01, n, 7, todaysDate): null

28-03-2025T12:16:25 - [TEST_STEP][PASSED] - n = n + 1: null

28-03-2025T12:16:25 - [TEST_STEP][PASSED] - saveWorkbook(excelFilePath, workbook01): null

28-03-2025T12:16:25 - [TEST_STEP][FAILED] - if (verifyEqual(numberOfErrors, 0) == false): null

28-03-2025T12:16:25 - [MESSAGE][FAILED] - Unable to verify equal between actual object '2' and expected object '0' (Root cause: com.kms.katalon.core.exception.StepFailedException: Actual object '2' and expected object '0' are not equal
	at com.kms.katalon.core.keyword.builtin.VerifyEqualKeyword$_verifyEqual_closure1.doCall(VerifyEqualKeyword.groovy:58)
	at com.kms.katalon.core.keyword.builtin.VerifyEqualKeyword$_verifyEqual_closure1.call(VerifyEqualKeyword.groovy)
	at com.kms.katalon.core.keyword.internal.KeywordMain.runKeyword(KeywordMain.groovy:75)
	at com.kms.katalon.core.keyword.builtin.VerifyEqualKeyword.verifyEqual(VerifyEqualKeyword.groovy:63)
	at com.kms.katalon.core.keyword.builtin.VerifyEqualKeyword.execute(VerifyEqualKeyword.groovy:44)
	at com.kms.katalon.core.keyword.internal.KeywordExecutor.executeKeywordForPlatform(KeywordExecutor.groovy:74)
	at com.kms.katalon.core.keyword.BuiltinKeywords.verifyEqual(BuiltinKeywords.groovy:146)
	at jdk.internal.reflect.GeneratedMethodAccessor23.invoke(Unknown Source)
	at java.base/jdk.internal.reflect.DelegatingMethodAccessorImpl.invoke(DelegatingMethodAccessorImpl.java:43)
	at Выполнение бизнес-плана Сверка ПАО Россети все филиалы.Numbers(Выполнение бизнес-плана Сверка ПАО Россети все филиалы:744)
	at Выполнение бизнес-плана Сверка ПАО Россети все филиалы.Filials(Выполнение бизнес-плана Сверка ПАО Россети все филиалы:1069)
	at Выполнение бизнес-плана Сверка ПАО Россети все филиалы.Numbers(Выполнение бизнес-плана Сверка ПАО Россети все филиалы:751)
	at Выполнение бизнес-плана Сверка ПАО Россети все филиалы.run(Выполнение бизнес-плана Сверка ПАО Россети все филиалы:273)
	at com.kms.katalon.core.main.ScriptEngine.run(ScriptEngine.java:194)
	at com.kms.katalon.core.main.ScriptEngine.runScriptAsRawText(ScriptEngine.java:119)
	at com.kms.katalon.core.main.TestCaseExecutor.runScript(TestCaseExecutor.java:448)
	at com.kms.katalon.core.main.TestCaseExecutor.doExecute(TestCaseExecutor.java:439)
	at com.kms.katalon.core.main.TestCaseExecutor.processExecutionPhase(TestCaseExecutor.java:418)
	at com.kms.katalon.core.main.TestCaseExecutor.accessMainPhase(TestCaseExecutor.java:410)
	at com.kms.katalon.core.main.TestCaseExecutor.execute(TestCaseExecutor.java:285)
	at com.kms.katalon.core.common.CommonExecutor.accessTestCaseMainPhase(CommonExecutor.java:65)
	at com.kms.katalon.core.main.TestSuiteExecutor.accessTestSuiteMainPhase(TestSuiteExecutor.java:150)
	at com.kms.katalon.core.main.TestSuiteExecutor.execute(TestSuiteExecutor.java:106)
	at com.kms.katalon.core.main.TestCaseMain.startTestSuite(TestCaseMain.java:180)
	at TempTestSuite1743137207280.run(TempTestSuite1743137207280.groovy:35)
	at java.base/jdk.internal.reflect.NativeMethodAccessorImpl.invoke0(Native Method)
	at java.base/jdk.internal.reflect.NativeMethodAccessorImpl.invoke(NativeMethodAccessorImpl.java:77)
	at java.base/jdk.internal.reflect.DelegatingMethodAccessorImpl.invoke(DelegatingMethodAccessorImpl.java:43)
)

28-03-2025T12:16:25 - [TEST_STEP][PASSED] - println(numberOfErrors): null

28-03-2025T12:16:25 - [TEST_STEP][PASSED] - println("a=" + a): null

28-03-2025T12:16:25 - [TEST_STEP][PASSED] - if (a == 28 || a == 77 || a == 74 || a == 65 || a == 36 || a == 44 || a == 54 || a == 1 || a == 18 || a == 59): null

28-03-2025T12:16:25 - [TEST_STEP][PASSED] - if (a == 82): null

28-03-2025T12:16:25 - [TEST_STEP][PASSED] - filialNum = 0: null

28-03-2025T12:16:25 - [TEST_STEP][PASSED] - if (a == 65): null

28-03-2025T12:16:25 - [TEST_STEP][PASSED] - if (a == 1): null

28-03-2025T12:16:25 - [TEST_STEP][PASSED] - if (a == 18): null

28-03-2025T12:16:25 - [TEST_STEP][PASSED] - if (a == 36): null

28-03-2025T12:16:25 - [TEST_STEP][PASSED] - if (a == 44): null

28-03-2025T12:16:25 - [TEST_STEP][PASSED] - if (a == 54): null

28-03-2025T12:16:25 - [TEST_STEP][PASSED] - if (a == 59): null

28-03-2025T12:16:25 - [TEST_STEP][PASSED] - Script1718980020443.OpenFilter(): null

28-03-2025T12:16:25 - [TEST_STEP][PASSED] - click(findTestObject("Object Repository/Выполнение бизнес-плана/Фильтр ДЗО")): Object: 'Object Repository/Выполнение бизнес-плана/Фильтр ДЗО' is clicked on

28-03-2025T12:16:25 - [MESSAGE][PASSED] - Object: 'Object Repository/Выполнение бизнес-плана/Фильтр ДЗО' is clicked on

28-03-2025T12:16:25 - [TEST_STEP][PASSED] - click(findTestObject("Выполнение бизнес-плана/Снять выделение в фильтре ДЗО")): Object: 'Object Repository/Выполнение бизнес-плана/Снять выделение в фильтре ДЗО' is clicked on

28-03-2025T12:16:26 - [MESSAGE][PASSED] - Object: 'Object Repository/Выполнение бизнес-плана/Снять выделение в фильтре ДЗО' is clicked on

28-03-2025T12:16:26 - [TEST_STEP][PASSED] - Script1718980020443.CloseFilter(): null

28-03-2025T12:16:26 - [TEST_STEP][PASSED] - scrollToElement(findTestObject("Выполнение бизнес-плана/Заголовок дашборда"), 30): Scroll to object 'Object Repository/Выполнение бизнес-плана/Заголовок дашборда' successfully

28-03-2025T12:16:26 - [MESSAGE][PASSED] - Scroll to object 'Object Repository/Выполнение бизнес-плана/Заголовок дашборда' successfully

28-03-2025T12:16:26 - [TEST_STEP][PASSED] - click(findTestObject("Object Repository/Выполнение бизнес-плана/Применить в фильтре ДЗО")): Object: 'Object Repository/Выполнение бизнес-плана/Применить в фильтре ДЗО' is clicked on

28-03-2025T12:16:27 - [MESSAGE][PASSED] - Object: 'Object Repository/Выполнение бизнес-плана/Применить в фильтре ДЗО' is clicked on

28-03-2025T12:16:27 - [TEST_STEP][PASSED] - delay(60): Delayed 60 second(s)

28-03-2025T12:17:27 - [MESSAGE][PASSED] - Delayed 60 second(s)

28-03-2025T12:17:27 - [TEST_STEP][PASSED] - if (a == 82): null

28-03-2025T12:17:27 - [TEST_STEP][PASSED] - println(dzoNum): null

28-03-2025T12:17:27 - [TEST_STEP][PASSED] - dZO = "Россети Северный Кавказ": null

28-03-2025T12:17:27 - [TEST_STEP][PASSED] - a = 65: null

28-03-2025T12:17:27 - [TEST_STEP][PASSED] - if (x1.contains("Кавказ")): null

28-03-2025T12:17:27 - [TEST_STEP][PASSED] - else: null

28-03-2025T12:17:27 - [TEST_STEP][PASSED] - Script1718980020443.NoData(a, typeOfData, todaysDate, fileInt, fileDouble, dZO): null

28-03-2025T12:17:27 - [TEST_STEP][PASSED] - println(a): null

28-03-2025T12:17:27 - [TEST_STEP][PASSED] - println(todaysDate): null

28-03-2025T12:17:27 - [TEST_STEP][PASSED] - println(fileInt): null

28-03-2025T12:17:27 - [TEST_STEP][PASSED] - println(fileDouble): null

28-03-2025T12:17:27 - [TEST_STEP][PASSED] - println(dZO): null

28-03-2025T12:17:27 - [TEST_STEP][PASSED] - typeOfData = "Факт Отпуск в сеть": null

28-03-2025T12:17:27 - [TEST_STEP][PASSED] - fileInt = replaceAll("\s+", "").toInteger(): null

28-03-2025T12:17:27 - [TEST_STEP][PASSED] - Script1718980020443.WriteToExcelNoData(a, typeOfData, todaysDate, fileInt, fileDouble, dZO): null

28-03-2025T12:17:27 - [TEST_STEP][PASSED] - sheetName = "Sheet1": null

28-03-2025T12:17:27 - [TEST_STEP][PASSED] - data = findTestData("PlanFact"): null

28-03-2025T12:17:27 - [TEST_STEP][PASSED] - n = data.getRowNumbers() + 1: null

28-03-2025T12:17:27 - [TEST_STEP][PASSED] - day = ")).toInteger(): null

28-03-2025T12:17:27 - [TEST_STEP][PASSED] - println(day): null

28-03-2025T12:17:27 - [TEST_STEP][PASSED] - month = ")).toInteger(): null

28-03-2025T12:17:27 - [TEST_STEP][PASSED] - println(month): null

28-03-2025T12:17:27 - [TEST_STEP][PASSED] - y = <not implemented yet for class: org.codehaus.groovy.ast.expr.EmptyExpression>: null

28-03-2025T12:17:27 - [TEST_STEP][PASSED] - iy = <not implemented yet for class: org.codehaus.groovy.ast.expr.EmptyExpression>: null

28-03-2025T12:17:27 - [TEST_STEP][PASSED] - m = getText(findTestObject("Выполнение бизнес-плана/Период")): Text of object 'Object Repository/Выполнение бизнес-плана/Период' is: 'Январь 2025 года'

28-03-2025T12:17:28 - [MESSAGE][PASSED] - Text of object 'Object Repository/Выполнение бизнес-плана/Период' is: 'Январь 2025 года'

28-03-2025T12:17:28 - [TEST_STEP][PASSED] - iy = m.indexOf("20"): null

28-03-2025T12:17:28 - [TEST_STEP][PASSED] - if (iy > -1): null

28-03-2025T12:17:28 - [TEST_STEP][PASSED] - y = substring(iy, iy + 4).toInteger(): null

28-03-2025T12:17:28 - [TEST_STEP][PASSED] - println(y): null

28-03-2025T12:17:28 - [TEST_STEP][PASSED] - if (toString().length() == 4): null

28-03-2025T12:17:28 - [TEST_STEP][PASSED] - m = m.substring(0, m.indexOf(y.toString())): null

28-03-2025T12:17:28 - [TEST_STEP][PASSED] - m = m.trim(): null

28-03-2025T12:17:28 - [TEST_STEP][PASSED] - if (m == ""): null

28-03-2025T12:17:28 - [TEST_STEP][PASSED] - dashboardName = "Выполнение бизнес-плана": null

28-03-2025T12:17:28 - [TEST_STEP][PASSED] - workbook01 = getWorkbook(excelFilePath): null

28-03-2025T12:17:28 - [TEST_STEP][PASSED] - sheet01 = getExcelSheet(workbook01, sheetName): null

28-03-2025T12:17:28 - [TEST_STEP][PASSED] - setValueToCellByIndex(sheet01, n, 0, dashboardName): null

28-03-2025T12:17:28 - [TEST_STEP][PASSED] - setValueToCellByIndex(sheet01, n, 1, dZO): null

28-03-2025T12:17:28 - [TEST_STEP][PASSED] - setValueToCellByIndex(sheet01, n, 2, typeOfData): null

28-03-2025T12:17:28 - [TEST_STEP][PASSED] - if (typeOfData == "Факт в процентах" || typeOfData == "План в процентах"): null

28-03-2025T12:17:28 - [TEST_STEP][PASSED] - else: null

28-03-2025T12:17:28 - [TEST_STEP][PASSED] - setValueToCellByIndex(sheet01, n, 3, fileInt): null

28-03-2025T12:17:28 - [TEST_STEP][PASSED] - setValueToCellByIndex(sheet01, n, 4, "нет данных"): null

28-03-2025T12:17:28 - [TEST_STEP][PASSED] - setValueToCellByIndex(sheet01, n, 5, m): null

28-03-2025T12:17:28 - [TEST_STEP][PASSED] - setValueToCellByIndex(sheet01, n, 6, y): null

28-03-2025T12:17:28 - [TEST_STEP][PASSED] - setValueToCellByIndex(sheet01, n, 7, todaysDate): null

28-03-2025T12:17:28 - [TEST_STEP][PASSED] - n = n + 1: null

28-03-2025T12:17:28 - [TEST_STEP][PASSED] - saveWorkbook(excelFilePath, workbook01): null

28-03-2025T12:17:28 - [TEST_STEP][PASSED] - typeOfData = "Факт Потери": null

28-03-2025T12:17:28 - [TEST_STEP][PASSED] - fileInt = replaceAll("\s+", "").toInteger(): null

28-03-2025T12:17:28 - [TEST_STEP][PASSED] - Script1718980020443.WriteToExcelNoData(a, typeOfData, todaysDate, fileInt, fileDouble, dZO): null

28-03-2025T12:17:28 - [TEST_STEP][PASSED] - sheetName = "Sheet1": null

28-03-2025T12:17:28 - [TEST_STEP][PASSED] - data = findTestData("PlanFact"): null

28-03-2025T12:17:28 - [TEST_STEP][PASSED] - n = data.getRowNumbers() + 1: null

28-03-2025T12:17:28 - [TEST_STEP][PASSED] - day = ")).toInteger(): null

28-03-2025T12:17:28 - [TEST_STEP][PASSED] - println(day): null

28-03-2025T12:17:28 - [TEST_STEP][PASSED] - month = ")).toInteger(): null

28-03-2025T12:17:28 - [TEST_STEP][PASSED] - println(month): null

28-03-2025T12:17:28 - [TEST_STEP][PASSED] - y = <not implemented yet for class: org.codehaus.groovy.ast.expr.EmptyExpression>: null

28-03-2025T12:17:28 - [TEST_STEP][PASSED] - iy = <not implemented yet for class: org.codehaus.groovy.ast.expr.EmptyExpression>: null

28-03-2025T12:17:28 - [TEST_STEP][PASSED] - m = getText(findTestObject("Выполнение бизнес-плана/Период")): Text of object 'Object Repository/Выполнение бизнес-плана/Период' is: 'Январь 2025 года'

28-03-2025T12:17:28 - [MESSAGE][PASSED] - Text of object 'Object Repository/Выполнение бизнес-плана/Период' is: 'Январь 2025 года'

28-03-2025T12:17:28 - [TEST_STEP][PASSED] - iy = m.indexOf("20"): null

28-03-2025T12:17:28 - [TEST_STEP][PASSED] - if (iy > -1): null

28-03-2025T12:17:28 - [TEST_STEP][PASSED] - y = substring(iy, iy + 4).toInteger(): null

28-03-2025T12:17:28 - [TEST_STEP][PASSED] - println(y): null

28-03-2025T12:17:28 - [TEST_STEP][PASSED] - if (toString().length() == 4): null

28-03-2025T12:17:28 - [TEST_STEP][PASSED] - m = m.substring(0, m.indexOf(y.toString())): null

28-03-2025T12:17:28 - [TEST_STEP][PASSED] - m = m.trim(): null

28-03-2025T12:17:28 - [TEST_STEP][PASSED] - if (m == ""): null

28-03-2025T12:17:28 - [TEST_STEP][PASSED] - dashboardName = "Выполнение бизнес-плана": null

28-03-2025T12:17:28 - [TEST_STEP][PASSED] - workbook01 = getWorkbook(excelFilePath): null

28-03-2025T12:17:28 - [TEST_STEP][PASSED] - sheet01 = getExcelSheet(workbook01, sheetName): null

28-03-2025T12:17:28 - [TEST_STEP][PASSED] - setValueToCellByIndex(sheet01, n, 0, dashboardName): null

28-03-2025T12:17:28 - [TEST_STEP][PASSED] - setValueToCellByIndex(sheet01, n, 1, dZO): null

28-03-2025T12:17:28 - [TEST_STEP][PASSED] - setValueToCellByIndex(sheet01, n, 2, typeOfData): null

28-03-2025T12:17:28 - [TEST_STEP][PASSED] - if (typeOfData == "Факт в процентах" || typeOfData == "План в процентах"): null

28-03-2025T12:17:28 - [TEST_STEP][PASSED] - else: null

28-03-2025T12:17:28 - [TEST_STEP][PASSED] - setValueToCellByIndex(sheet01, n, 3, fileInt): null

28-03-2025T12:17:28 - [TEST_STEP][PASSED] - setValueToCellByIndex(sheet01, n, 4, "нет данных"): null

28-03-2025T12:17:28 - [TEST_STEP][PASSED] - setValueToCellByIndex(sheet01, n, 5, m): null

28-03-2025T12:17:28 - [TEST_STEP][PASSED] - setValueToCellByIndex(sheet01, n, 6, y): null

28-03-2025T12:17:28 - [TEST_STEP][PASSED] - setValueToCellByIndex(sheet01, n, 7, todaysDate): null

28-03-2025T12:17:28 - [TEST_STEP][PASSED] - n = n + 1: null

28-03-2025T12:17:28 - [TEST_STEP][PASSED] - saveWorkbook(excelFilePath, workbook01): null

28-03-2025T12:17:28 - [TEST_STEP][PASSED] - typeOfData = "План Отпуск в сеть": null

28-03-2025T12:17:28 - [TEST_STEP][PASSED] - fileInt = replaceAll("\s+", "").toInteger(): null

28-03-2025T12:17:29 - [TEST_STEP][PASSED] - Script1718980020443.WriteToExcelNoData(a, typeOfData, todaysDate, fileInt, fileDouble, dZO): null

28-03-2025T12:17:29 - [TEST_STEP][PASSED] - sheetName = "Sheet1": null

28-03-2025T12:17:29 - [TEST_STEP][PASSED] - data = findTestData("PlanFact"): null

28-03-2025T12:17:29 - [TEST_STEP][PASSED] - n = data.getRowNumbers() + 1: null

28-03-2025T12:17:29 - [TEST_STEP][PASSED] - day = ")).toInteger(): null

28-03-2025T12:17:29 - [TEST_STEP][PASSED] - println(day): null

28-03-2025T12:17:29 - [TEST_STEP][PASSED] - month = ")).toInteger(): null

28-03-2025T12:17:29 - [TEST_STEP][PASSED] - println(month): null

28-03-2025T12:17:29 - [TEST_STEP][PASSED] - y = <not implemented yet for class: org.codehaus.groovy.ast.expr.EmptyExpression>: null

28-03-2025T12:17:29 - [TEST_STEP][PASSED] - iy = <not implemented yet for class: org.codehaus.groovy.ast.expr.EmptyExpression>: null

28-03-2025T12:17:29 - [TEST_STEP][PASSED] - m = getText(findTestObject("Выполнение бизнес-плана/Период")): Text of object 'Object Repository/Выполнение бизнес-плана/Период' is: 'Январь 2025 года'

28-03-2025T12:17:29 - [MESSAGE][PASSED] - Text of object 'Object Repository/Выполнение бизнес-плана/Период' is: 'Январь 2025 года'

28-03-2025T12:17:29 - [TEST_STEP][PASSED] - iy = m.indexOf("20"): null

28-03-2025T12:17:29 - [TEST_STEP][PASSED] - if (iy > -1): null

28-03-2025T12:17:29 - [TEST_STEP][PASSED] - y = substring(iy, iy + 4).toInteger(): null

28-03-2025T12:17:29 - [TEST_STEP][PASSED] - println(y): null

28-03-2025T12:17:29 - [TEST_STEP][PASSED] - if (toString().length() == 4): null

28-03-2025T12:17:29 - [TEST_STEP][PASSED] - m = m.substring(0, m.indexOf(y.toString())): null

28-03-2025T12:17:29 - [TEST_STEP][PASSED] - m = m.trim(): null

28-03-2025T12:17:29 - [TEST_STEP][PASSED] - if (m == ""): null

28-03-2025T12:17:29 - [TEST_STEP][PASSED] - dashboardName = "Выполнение бизнес-плана": null

28-03-2025T12:17:29 - [TEST_STEP][PASSED] - workbook01 = getWorkbook(excelFilePath): null

28-03-2025T12:17:29 - [TEST_STEP][PASSED] - sheet01 = getExcelSheet(workbook01, sheetName): null

28-03-2025T12:17:29 - [TEST_STEP][PASSED] - setValueToCellByIndex(sheet01, n, 0, dashboardName): null

28-03-2025T12:17:29 - [TEST_STEP][PASSED] - setValueToCellByIndex(sheet01, n, 1, dZO): null

28-03-2025T12:17:29 - [TEST_STEP][PASSED] - setValueToCellByIndex(sheet01, n, 2, typeOfData): null

28-03-2025T12:17:29 - [TEST_STEP][PASSED] - if (typeOfData == "Факт в процентах" || typeOfData == "План в процентах"): null

28-03-2025T12:17:29 - [TEST_STEP][PASSED] - else: null

28-03-2025T12:17:29 - [TEST_STEP][PASSED] - setValueToCellByIndex(sheet01, n, 3, fileInt): null

28-03-2025T12:17:29 - [TEST_STEP][PASSED] - setValueToCellByIndex(sheet01, n, 4, "нет данных"): null

28-03-2025T12:17:29 - [TEST_STEP][PASSED] - setValueToCellByIndex(sheet01, n, 5, m): null

28-03-2025T12:17:29 - [TEST_STEP][PASSED] - setValueToCellByIndex(sheet01, n, 6, y): null

28-03-2025T12:17:29 - [TEST_STEP][PASSED] - setValueToCellByIndex(sheet01, n, 7, todaysDate): null

28-03-2025T12:17:29 - [TEST_STEP][PASSED] - n = n + 1: null

28-03-2025T12:17:29 - [TEST_STEP][PASSED] - saveWorkbook(excelFilePath, workbook01): null

28-03-2025T12:17:29 - [TEST_STEP][PASSED] - typeOfData = "План Потери": null

28-03-2025T12:17:29 - [TEST_STEP][PASSED] - fileInt = replaceAll("\s+", "").toInteger(): null

28-03-2025T12:17:29 - [TEST_STEP][PASSED] - Script1718980020443.WriteToExcelNoData(a, typeOfData, todaysDate, fileInt, fileDouble, dZO): null

28-03-2025T12:17:29 - [TEST_STEP][PASSED] - sheetName = "Sheet1": null

28-03-2025T12:17:29 - [TEST_STEP][PASSED] - data = findTestData("PlanFact"): null

28-03-2025T12:17:29 - [TEST_STEP][PASSED] - n = data.getRowNumbers() + 1: null

28-03-2025T12:17:29 - [TEST_STEP][PASSED] - day = ")).toInteger(): null

28-03-2025T12:17:29 - [TEST_STEP][PASSED] - println(day): null

28-03-2025T12:17:29 - [TEST_STEP][PASSED] - month = ")).toInteger(): null

28-03-2025T12:17:29 - [TEST_STEP][PASSED] - println(month): null

28-03-2025T12:17:29 - [TEST_STEP][PASSED] - y = <not implemented yet for class: org.codehaus.groovy.ast.expr.EmptyExpression>: null

28-03-2025T12:17:29 - [TEST_STEP][PASSED] - iy = <not implemented yet for class: org.codehaus.groovy.ast.expr.EmptyExpression>: null

28-03-2025T12:17:29 - [TEST_STEP][PASSED] - m = getText(findTestObject("Выполнение бизнес-плана/Период")): Text of object 'Object Repository/Выполнение бизнес-плана/Период' is: 'Январь 2025 года'

28-03-2025T12:17:30 - [MESSAGE][PASSED] - Text of object 'Object Repository/Выполнение бизнес-плана/Период' is: 'Январь 2025 года'

28-03-2025T12:17:30 - [TEST_STEP][PASSED] - iy = m.indexOf("20"): null

28-03-2025T12:17:30 - [TEST_STEP][PASSED] - if (iy > -1): null

28-03-2025T12:17:30 - [TEST_STEP][PASSED] - y = substring(iy, iy + 4).toInteger(): null

28-03-2025T12:17:30 - [TEST_STEP][PASSED] - println(y): null

28-03-2025T12:17:30 - [TEST_STEP][PASSED] - if (toString().length() == 4): null

28-03-2025T12:17:30 - [TEST_STEP][PASSED] - m = m.substring(0, m.indexOf(y.toString())): null

28-03-2025T12:17:30 - [TEST_STEP][PASSED] - m = m.trim(): null

28-03-2025T12:17:30 - [TEST_STEP][PASSED] - if (m == ""): null

28-03-2025T12:17:30 - [TEST_STEP][PASSED] - dashboardName = "Выполнение бизнес-плана": null

28-03-2025T12:17:30 - [TEST_STEP][PASSED] - workbook01 = getWorkbook(excelFilePath): null

28-03-2025T12:17:30 - [TEST_STEP][PASSED] - sheet01 = getExcelSheet(workbook01, sheetName): null

28-03-2025T12:17:30 - [TEST_STEP][PASSED] - setValueToCellByIndex(sheet01, n, 0, dashboardName): null

28-03-2025T12:17:30 - [TEST_STEP][PASSED] - setValueToCellByIndex(sheet01, n, 1, dZO): null

28-03-2025T12:17:30 - [TEST_STEP][PASSED] - setValueToCellByIndex(sheet01, n, 2, typeOfData): null

28-03-2025T12:17:30 - [TEST_STEP][PASSED] - if (typeOfData == "Факт в процентах" || typeOfData == "План в процентах"): null

28-03-2025T12:17:30 - [TEST_STEP][PASSED] - else: null

28-03-2025T12:17:30 - [TEST_STEP][PASSED] - setValueToCellByIndex(sheet01, n, 3, fileInt): null

28-03-2025T12:17:30 - [TEST_STEP][PASSED] - setValueToCellByIndex(sheet01, n, 4, "нет данных"): null

28-03-2025T12:17:30 - [TEST_STEP][PASSED] - setValueToCellByIndex(sheet01, n, 5, m): null

28-03-2025T12:17:30 - [TEST_STEP][PASSED] - setValueToCellByIndex(sheet01, n, 6, y): null

28-03-2025T12:17:30 - [TEST_STEP][PASSED] - setValueToCellByIndex(sheet01, n, 7, todaysDate): null

28-03-2025T12:17:30 - [TEST_STEP][PASSED] - n = n + 1: null

28-03-2025T12:17:30 - [TEST_STEP][PASSED] - saveWorkbook(excelFilePath, workbook01): null

28-03-2025T12:17:30 - [TEST_STEP][PASSED] - typeOfData = "План в процентах": null

28-03-2025T12:17:30 - [TEST_STEP][PASSED] - fileDouble = ").toDouble(): null

28-03-2025T12:17:30 - [TEST_STEP][PASSED] - Script1718980020443.WriteToExcelNoData(a, typeOfData, todaysDate, fileInt, fileDouble, dZO): null

28-03-2025T12:17:30 - [TEST_STEP][PASSED] - sheetName = "Sheet1": null

28-03-2025T12:17:30 - [TEST_STEP][PASSED] - data = findTestData("PlanFact"): null

28-03-2025T12:17:30 - [TEST_STEP][PASSED] - n = data.getRowNumbers() + 1: null

28-03-2025T12:17:30 - [TEST_STEP][PASSED] - day = ")).toInteger(): null

28-03-2025T12:17:30 - [TEST_STEP][PASSED] - println(day): null

28-03-2025T12:17:30 - [TEST_STEP][PASSED] - month = ")).toInteger(): null

28-03-2025T12:17:30 - [TEST_STEP][PASSED] - println(month): null

28-03-2025T12:17:30 - [TEST_STEP][PASSED] - y = <not implemented yet for class: org.codehaus.groovy.ast.expr.EmptyExpression>: null

28-03-2025T12:17:30 - [TEST_STEP][PASSED] - iy = <not implemented yet for class: org.codehaus.groovy.ast.expr.EmptyExpression>: null

28-03-2025T12:17:30 - [TEST_STEP][PASSED] - m = getText(findTestObject("Выполнение бизнес-плана/Период")): Text of object 'Object Repository/Выполнение бизнес-плана/Период' is: 'Январь 2025 года'

28-03-2025T12:17:30 - [MESSAGE][PASSED] - Text of object 'Object Repository/Выполнение бизнес-плана/Период' is: 'Январь 2025 года'

28-03-2025T12:17:30 - [TEST_STEP][PASSED] - iy = m.indexOf("20"): null

28-03-2025T12:17:30 - [TEST_STEP][PASSED] - if (iy > -1): null

28-03-2025T12:17:30 - [TEST_STEP][PASSED] - y = substring(iy, iy + 4).toInteger(): null

28-03-2025T12:17:30 - [TEST_STEP][PASSED] - println(y): null

28-03-2025T12:17:30 - [TEST_STEP][PASSED] - if (toString().length() == 4): null

28-03-2025T12:17:30 - [TEST_STEP][PASSED] - m = m.substring(0, m.indexOf(y.toString())): null

28-03-2025T12:17:30 - [TEST_STEP][PASSED] - m = m.trim(): null

28-03-2025T12:17:30 - [TEST_STEP][PASSED] - if (m == ""): null

28-03-2025T12:17:30 - [TEST_STEP][PASSED] - dashboardName = "Выполнение бизнес-плана": null

28-03-2025T12:17:30 - [TEST_STEP][PASSED] - workbook01 = getWorkbook(excelFilePath): null

28-03-2025T12:17:30 - [TEST_STEP][PASSED] - sheet01 = getExcelSheet(workbook01, sheetName): null

28-03-2025T12:17:30 - [TEST_STEP][PASSED] - setValueToCellByIndex(sheet01, n, 0, dashboardName): null

28-03-2025T12:17:30 - [TEST_STEP][PASSED] - setValueToCellByIndex(sheet01, n, 1, dZO): null

28-03-2025T12:17:30 - [TEST_STEP][PASSED] - setValueToCellByIndex(sheet01, n, 2, typeOfData): null

28-03-2025T12:17:30 - [TEST_STEP][PASSED] - if (typeOfData == "Факт в процентах" || typeOfData == "План в процентах"): null

28-03-2025T12:17:30 - [TEST_STEP][PASSED] - setValueToCellByIndex(sheet01, n, 3, fileDouble): null

28-03-2025T12:17:30 - [TEST_STEP][PASSED] - setValueToCellByIndex(sheet01, n, 4, "нет данных"): null

28-03-2025T12:17:30 - [TEST_STEP][PASSED] - setValueToCellByIndex(sheet01, n, 5, m): null

28-03-2025T12:17:30 - [TEST_STEP][PASSED] - setValueToCellByIndex(sheet01, n, 6, y): null

28-03-2025T12:17:30 - [TEST_STEP][PASSED] - setValueToCellByIndex(sheet01, n, 7, todaysDate): null

28-03-2025T12:17:30 - [TEST_STEP][PASSED] - n = n + 1: null

28-03-2025T12:17:30 - [TEST_STEP][PASSED] - saveWorkbook(excelFilePath, workbook01): null

28-03-2025T12:17:31 - [TEST_STEP][PASSED] - typeOfData = "Факт в процентах": null

28-03-2025T12:17:31 - [TEST_STEP][PASSED] - fileDouble = ").toDouble(): null

28-03-2025T12:17:31 - [TEST_STEP][PASSED] - Script1718980020443.WriteToExcelNoData(a, typeOfData, todaysDate, fileInt, fileDouble, dZO): null

28-03-2025T12:17:31 - [TEST_STEP][PASSED] - sheetName = "Sheet1": null

28-03-2025T12:17:31 - [TEST_STEP][PASSED] - data = findTestData("PlanFact"): null

28-03-2025T12:17:31 - [TEST_STEP][PASSED] - n = data.getRowNumbers() + 1: null

28-03-2025T12:17:31 - [TEST_STEP][PASSED] - day = ")).toInteger(): null

28-03-2025T12:17:31 - [TEST_STEP][PASSED] - println(day): null

28-03-2025T12:17:31 - [TEST_STEP][PASSED] - month = ")).toInteger(): null

28-03-2025T12:17:31 - [TEST_STEP][PASSED] - println(month): null

28-03-2025T12:17:31 - [TEST_STEP][PASSED] - y = <not implemented yet for class: org.codehaus.groovy.ast.expr.EmptyExpression>: null

28-03-2025T12:17:31 - [TEST_STEP][PASSED] - iy = <not implemented yet for class: org.codehaus.groovy.ast.expr.EmptyExpression>: null

28-03-2025T12:17:31 - [TEST_STEP][PASSED] - m = getText(findTestObject("Выполнение бизнес-плана/Период")): Text of object 'Object Repository/Выполнение бизнес-плана/Период' is: 'Январь 2025 года'

28-03-2025T12:17:31 - [MESSAGE][PASSED] - Text of object 'Object Repository/Выполнение бизнес-плана/Период' is: 'Январь 2025 года'

28-03-2025T12:17:31 - [TEST_STEP][PASSED] - iy = m.indexOf("20"): null

28-03-2025T12:17:31 - [TEST_STEP][PASSED] - if (iy > -1): null

28-03-2025T12:17:31 - [TEST_STEP][PASSED] - y = substring(iy, iy + 4).toInteger(): null

28-03-2025T12:17:31 - [TEST_STEP][PASSED] - println(y): null

28-03-2025T12:17:31 - [TEST_STEP][PASSED] - if (toString().length() == 4): null

28-03-2025T12:17:31 - [TEST_STEP][PASSED] - m = m.substring(0, m.indexOf(y.toString())): null

28-03-2025T12:17:31 - [TEST_STEP][PASSED] - m = m.trim(): null

28-03-2025T12:17:31 - [TEST_STEP][PASSED] - if (m == ""): null

28-03-2025T12:17:31 - [TEST_STEP][PASSED] - dashboardName = "Выполнение бизнес-плана": null

28-03-2025T12:17:31 - [TEST_STEP][PASSED] - workbook01 = getWorkbook(excelFilePath): null

28-03-2025T12:17:31 - [TEST_STEP][PASSED] - sheet01 = getExcelSheet(workbook01, sheetName): null

28-03-2025T12:17:31 - [TEST_STEP][PASSED] - setValueToCellByIndex(sheet01, n, 0, dashboardName): null

28-03-2025T12:17:31 - [TEST_STEP][PASSED] - setValueToCellByIndex(sheet01, n, 1, dZO): null

28-03-2025T12:17:31 - [TEST_STEP][PASSED] - setValueToCellByIndex(sheet01, n, 2, typeOfData): null

28-03-2025T12:17:31 - [TEST_STEP][PASSED] - if (typeOfData == "Факт в процентах" || typeOfData == "План в процентах"): null

28-03-2025T12:17:31 - [TEST_STEP][PASSED] - setValueToCellByIndex(sheet01, n, 3, fileDouble): null

28-03-2025T12:17:31 - [TEST_STEP][PASSED] - setValueToCellByIndex(sheet01, n, 4, "нет данных"): null

28-03-2025T12:17:31 - [TEST_STEP][PASSED] - setValueToCellByIndex(sheet01, n, 5, m): null

28-03-2025T12:17:31 - [TEST_STEP][PASSED] - setValueToCellByIndex(sheet01, n, 6, y): null

28-03-2025T12:17:31 - [TEST_STEP][PASSED] - setValueToCellByIndex(sheet01, n, 7, todaysDate): null

28-03-2025T12:17:31 - [TEST_STEP][PASSED] - n = n + 1: null

28-03-2025T12:17:31 - [TEST_STEP][PASSED] - saveWorkbook(excelFilePath, workbook01): null

28-03-2025T12:17:31 - [TEST_STEP][PASSED] - println(dzoNum): null

28-03-2025T12:17:31 - [TEST_STEP][PASSED] - dZO = "Россети Северо-Запад": null

28-03-2025T12:17:31 - [TEST_STEP][PASSED] - a = 36: null

28-03-2025T12:17:31 - [TEST_STEP][PASSED] - if (x1.contains("Северо-Запад")): null

28-03-2025T12:17:31 - [TEST_STEP][PASSED] - dzoNum = dzoNum + 1: null

28-03-2025T12:17:31 - [TEST_STEP][PASSED] - Script1718980020443.Numbers(a, typeOfData, todaysDate, pageInt, fileInt, pageDouble, fileDouble, dZO, dzoNum, filialNum): null

28-03-2025T12:17:31 - [TEST_STEP][PASSED] - println(dzoNum): null

28-03-2025T12:17:31 - [TEST_STEP][PASSED] - planFact = <not implemented yet for class: org.codehaus.groovy.ast.expr.EmptyExpression>: null

28-03-2025T12:17:31 - [TEST_STEP][PASSED] - page = <not implemented yet for class: org.codehaus.groovy.ast.expr.EmptyExpression>: null

28-03-2025T12:17:31 - [TEST_STEP][PASSED] - page1 = <not implemented yet for class: org.codehaus.groovy.ast.expr.EmptyExpression>: null

28-03-2025T12:17:31 - [TEST_STEP][PASSED] - page2 = <not implemented yet for class: org.codehaus.groovy.ast.expr.EmptyExpression>: null

28-03-2025T12:17:31 - [TEST_STEP][PASSED] - filialNumberInRow = <not implemented yet for class: org.codehaus.groovy.ast.expr.EmptyExpression>: null

28-03-2025T12:17:31 - [TEST_STEP][PASSED] - filialsDzoNames = <not implemented yet for class: org.codehaus.groovy.ast.expr.EmptyExpression>: null

28-03-2025T12:17:31 - [TEST_STEP][PASSED] - numberOfFilials = <not implemented yet for class: org.codehaus.groovy.ast.expr.EmptyExpression>: null

28-03-2025T12:17:31 - [TEST_STEP][PASSED] - numberOfSpaces = <not implemented yet for class: org.codehaus.groovy.ast.expr.EmptyExpression>: null

28-03-2025T12:17:31 - [TEST_STEP][PASSED] - file = <not implemented yet for class: org.codehaus.groovy.ast.expr.EmptyExpression>: null

28-03-2025T12:17:31 - [TEST_STEP][PASSED] - otpusk = <not implemented yet for class: org.codehaus.groovy.ast.expr.EmptyExpression>: null

28-03-2025T12:17:31 - [TEST_STEP][PASSED] - poteri = <not implemented yet for class: org.codehaus.groovy.ast.expr.EmptyExpression>: null

28-03-2025T12:17:31 - [TEST_STEP][PASSED] - dataFolder = "Выполнение бизнес-плана/Значения со страницы Выполнение бизнес-плана/": null

28-03-2025T12:17:31 - [TEST_STEP][PASSED] - path = <not implemented yet for class: org.codehaus.groovy.ast.expr.EmptyExpression>: null

28-03-2025T12:17:31 - [TEST_STEP][PASSED] - typeOfDataMain = <not implemented yet for class: org.codehaus.groovy.ast.expr.EmptyExpression>: null

28-03-2025T12:17:31 - [TEST_STEP][PASSED] - fileOtpuskVSet = <not implemented yet for class: org.codehaus.groovy.ast.expr.EmptyExpression>: null

28-03-2025T12:17:31 - [TEST_STEP][PASSED] - pageOtpuskVSet = <not implemented yet for class: org.codehaus.groovy.ast.expr.EmptyExpression>: null

28-03-2025T12:17:31 - [TEST_STEP][PASSED] - filePoteri = <not implemented yet for class: org.codehaus.groovy.ast.expr.EmptyExpression>: null

28-03-2025T12:17:31 - [TEST_STEP][PASSED] - pagePoteri = <not implemented yet for class: org.codehaus.groovy.ast.expr.EmptyExpression>: null

28-03-2025T12:17:31 - [TEST_STEP][PASSED] - compare = <not implemented yet for class: org.codehaus.groovy.ast.expr.EmptyExpression>: null

28-03-2025T12:17:31 - [TEST_STEP][PASSED] - b = <not implemented yet for class: org.codehaus.groovy.ast.expr.EmptyExpression>: null

28-03-2025T12:17:31 - [TEST_STEP][PASSED] - i = <not implemented yet for class: org.codehaus.groovy.ast.expr.EmptyExpression>: null

28-03-2025T12:17:31 - [TEST_STEP][PASSED] - ii = <not implemented yet for class: org.codehaus.groovy.ast.expr.EmptyExpression>: null

28-03-2025T12:17:31 - [TEST_STEP][PASSED] - c = <not implemented yet for class: org.codehaus.groovy.ast.expr.EmptyExpression>: null

28-03-2025T12:17:31 - [TEST_STEP][PASSED] - numberOfErrors = 0: null

28-03-2025T12:17:31 - [TEST_STEP][PASSED] - if (a == 82): null

28-03-2025T12:17:31 - [TEST_STEP][PASSED] - b = findTestData("PlanFact").getValue(1, a): null

28-03-2025T12:17:31 - [TEST_STEP][PASSED] - i = b.indexOf(" (ГК)"): null

28-03-2025T12:17:31 - [TEST_STEP][PASSED] - if (i > -1): null

28-03-2025T12:17:31 - [TEST_STEP][PASSED] - i = b.indexOf("О ""): null

28-03-2025T12:17:31 - [TEST_STEP][PASSED] - if (i > -1): null

28-03-2025T12:17:31 - [TEST_STEP][PASSED] - i = b.indexOf("О «"): null

28-03-2025T12:17:31 - [TEST_STEP][PASSED] - if (i > -1): null

28-03-2025T12:17:31 - [TEST_STEP][PASSED] - i = b.indexOf("г. "): null

28-03-2025T12:17:31 - [TEST_STEP][PASSED] - if (i > -1): null

28-03-2025T12:17:31 - [TEST_STEP][PASSED] - b = b.trim(): null

28-03-2025T12:17:31 - [TEST_STEP][PASSED] - println(b): null

28-03-2025T12:17:31 - [TEST_STEP][FAILED] - for ([planFact = 1, planFact < 3, (planFact++)]): null

28-03-2025T12:17:31 - [TEST_STEP][PASSED] - if (planFact == 1): null

28-03-2025T12:17:31 - [TEST_STEP][PASSED] - typeOfDataMain = "Факт": null

28-03-2025T12:17:31 - [TEST_STEP][PASSED] - otpusk = findTestData("PlanFact").getValue(5, a): null

28-03-2025T12:17:31 - [TEST_STEP][PASSED] - poteri = findTestData("PlanFact").getValue(6, a): null

28-03-2025T12:17:31 - [TEST_STEP][PASSED] - otpusk = otpusk.replaceAll("\s+", ""): null

28-03-2025T12:17:31 - [TEST_STEP][PASSED] - poteri = poteri.replaceAll("\s+", ""): null

28-03-2025T12:17:31 - [TEST_STEP][PASSED] - typeOfData = typeOfDataMain + " Отпуск в сеть": null

28-03-2025T12:17:31 - [TEST_STEP][PASSED] - if (a == 82): null

28-03-2025T12:17:31 - [TEST_STEP][PASSED] - else if (a == 84): null

28-03-2025T12:17:31 - [TEST_STEP][PASSED] - else if (a == 83 || a == 52 || a == 72 || a == 28 || a == 73 || a == 77 || a == 74 || a == 65 || a == 36 || a == 44 || a == 53 || a == 80 || a == 54 || a == 1 || a == 18 || a == 59 || a == 81): null

28-03-2025T12:17:31 - [TEST_STEP][PASSED] - path = dataFolder + "Table Data/" + typeOfData + " за отчётный период " + dzoNum: null

28-03-2025T12:17:31 - [TEST_STEP][PASSED] - println(path): null

28-03-2025T12:17:31 - [TEST_STEP][PASSED] - page = getText(findTestObject(path)): Text of object 'Object Repository/Выполнение бизнес-плана/Значения со страницы Выполнение бизнес-плана/Table Data/Факт Отпуск в сеть за отчётный период 4' is: '3 276 892'

28-03-2025T12:17:32 - [MESSAGE][PASSED] - Text of object 'Object Repository/Выполнение бизнес-плана/Значения со страницы Выполнение бизнес-плана/Table Data/Факт Отпуск в сеть за отчётный период 4' is: '3 276 892'

28-03-2025T12:17:32 - [TEST_STEP][PASSED] - if (page == "" || page == null): null

28-03-2025T12:17:32 - [TEST_STEP][PASSED] - else: null

28-03-2025T12:17:32 - [TEST_STEP][PASSED] - page = page.replaceAll("\s+", ""): null

28-03-2025T12:17:32 - [TEST_STEP][PASSED] - if (page == "undefined"): null

28-03-2025T12:17:32 - [TEST_STEP][PASSED] - fileOtpuskVSet = otpusk.toInteger(): null

28-03-2025T12:17:32 - [TEST_STEP][PASSED] - pageOtpuskVSet = page.toInteger(): null

28-03-2025T12:17:32 - [TEST_STEP][PASSED] - typeOfData = typeOfDataMain + " Потери": null

28-03-2025T12:17:32 - [TEST_STEP][PASSED] - if (a == 82): null

28-03-2025T12:17:32 - [TEST_STEP][PASSED] - else if (a == 84): null

28-03-2025T12:17:32 - [TEST_STEP][PASSED] - else if (a == 83 || a == 52 || a == 72 || a == 28 || a == 73 || a == 77 || a == 74 || a == 65 || a == 44 || a == 53 || a == 80 || a == 54 || a == 1 || a == 18 || a == 59 || a == 81): null

28-03-2025T12:17:32 - [TEST_STEP][PASSED] - else: null

28-03-2025T12:17:32 - [TEST_STEP][PASSED] - path = dataFolder + typeOfData + " за отчётный период " + b: null

28-03-2025T12:17:32 - [TEST_STEP][FAILED] - page = getText(findTestObject(path)): Unable to get text of object 'Object Repository/Выполнение бизнес-плана/Значения со страницы Выполнение бизнес-плана/Факт Потери за отчётный период Россети Северо-Запад' (Root cause: com.kms.katalon.core.exception.StepFailedException: Unable to get text of object 'Object Repository/Выполнение бизнес-плана/Значения со страницы Выполнение бизнес-плана/Факт Потери за отчётный период Россети Северо-Запад'
	at com.kms.katalon.core.webui.keyword.internal.WebUIKeywordMain.stepFailed(WebUIKeywordMain.groovy:64)
	at com.kms.katalon.core.webui.keyword.internal.WebUIKeywordMain.runKeyword(WebUIKeywordMain.groovy:26)
	at com.kms.katalon.core.webui.keyword.builtin.GetTextKeyword.getText(GetTextKeyword.groovy:88)
	at com.kms.katalon.core.webui.keyword.builtin.GetTextKeyword.execute(GetTextKeyword.groovy:67)
	at com.kms.katalon.core.keyword.internal.KeywordExecutor.executeKeywordForPlatform(KeywordExecutor.groovy:74)
	at com.kms.katalon.core.webui.keyword.WebUiBuiltInKeywords.getText(WebUiBuiltInKeywords.groovy:957)
	at Выполнение бизнес-плана Сверка ПАО Россети все филиалы.Numbers(Выполнение бизнес-плана Сверка ПАО Россети все филиалы:594)
	at Выполнение бизнес-плана Сверка ПАО Россети все филиалы.run(Выполнение бизнес-плана Сверка ПАО Россети все филиалы:301)
	at com.kms.katalon.core.main.ScriptEngine.run(ScriptEngine.java:194)
	at com.kms.katalon.core.main.ScriptEngine.runScriptAsRawText(ScriptEngine.java:119)
	at com.kms.katalon.core.main.TestCaseExecutor.runScript(TestCaseExecutor.java:448)
	at com.kms.katalon.core.main.TestCaseExecutor.doExecute(TestCaseExecutor.java:439)
	at com.kms.katalon.core.main.TestCaseExecutor.processExecutionPhase(TestCaseExecutor.java:418)
	at com.kms.katalon.core.main.TestCaseExecutor.accessMainPhase(TestCaseExecutor.java:410)
	at com.kms.katalon.core.main.TestCaseExecutor.execute(TestCaseExecutor.java:285)
	at com.kms.katalon.core.common.CommonExecutor.accessTestCaseMainPhase(CommonExecutor.java:65)
	at com.kms.katalon.core.main.TestSuiteExecutor.accessTestSuiteMainPhase(TestSuiteExecutor.java:150)
	at com.kms.katalon.core.main.TestSuiteExecutor.execute(TestSuiteExecutor.java:106)
	at com.kms.katalon.core.main.TestCaseMain.startTestSuite(TestCaseMain.java:180)
	at TempTestSuite1743137207280.run(TempTestSuite1743137207280.groovy:35)
	at java.base/jdk.internal.reflect.NativeMethodAccessorImpl.invoke0(Native Method)
	at java.base/jdk.internal.reflect.NativeMethodAccessorImpl.invoke(NativeMethodAccessorImpl.java:77)
	at java.base/jdk.internal.reflect.DelegatingMethodAccessorImpl.invoke(DelegatingMethodAccessorImpl.java:43)
Caused by: com.kms.katalon.core.webui.exception.WebElementNotFoundException: Web element with id: 'Object Repository/Выполнение бизнес-плана/Значения со страницы Выполнение бизнес-плана/Факт Потери за отчётный период Россети Северо-Запад' located by '//div[158]/div[2]/div/div/table/tbody/tr[3]/td[9]' not found
	at com.kms.katalon.core.webui.common.WebUiCommonHelper.findWebElement(WebUiCommonHelper.java:1426)
	at com.kms.katalon.core.webui.keyword.internal.WebUIAbstractKeyword.findWebElement(WebUIAbstractKeyword.groovy:27)
	at com.kms.katalon.core.webui.keyword.internal.WebUIAbstractKeyword.findWebElement(WebUIAbstractKeyword.groovy:26)
	at com.kms.katalon.core.webui.keyword.builtin.GetTextKeyword$_getText_closure1.doCall(GetTextKeyword.groovy:78)
	at com.kms.katalon.core.webui.keyword.builtin.GetTextKeyword$_getText_closure1.call(GetTextKeyword.groovy)
	at com.kms.katalon.core.webui.keyword.internal.WebUIKeywordMain.runKeyword(WebUIKeywordMain.groovy:20)
	at com.kms.katalon.core.webui.keyword.builtin.GetTextKeyword.getText(GetTextKeyword.groovy:88)
	at com.kms.katalon.core.webui.keyword.builtin.GetTextKeyword.execute(GetTextKeyword.groovy:67)
	at com.kms.katalon.core.keyword.internal.KeywordExecutor.executeKeywordForPlatform(KeywordExecutor.groovy:74)
	at com.kms.katalon.core.webui.keyword.WebUiBuiltInKeywords.getText(WebUiBuiltInKeywords.groovy:957)
	at Script1718980020443.Numbers(Script1718980020443.groovy:594)
	at Script1718980020443.run(Script1718980020443.groovy:301)
	... 15 more
)

28-03-2025T12:18:03 - [MESSAGE][INFO] - Unable to find the element located by 'By.xpath: //div[158]/div[2]/div/div/table/tbody/tr[3]/td[9]'. Please recheck the objects properties to make sure the desired element is located. 

28-03-2025T12:18:03 - [MESSAGE][FAILED] - Unable to get text of object 'Object Repository/Выполнение бизнес-плана/Значения со страницы Выполнение бизнес-плана/Факт Потери за отчётный период Россети Северо-Запад' (Root cause: com.kms.katalon.core.exception.StepFailedException: Unable to get text of object 'Object Repository/Выполнение бизнес-плана/Значения со страницы Выполнение бизнес-плана/Факт Потери за отчётный период Россети Северо-Запад'
	at com.kms.katalon.core.webui.keyword.internal.WebUIKeywordMain.stepFailed(WebUIKeywordMain.groovy:64)
	at com.kms.katalon.core.webui.keyword.internal.WebUIKeywordMain.runKeyword(WebUIKeywordMain.groovy:26)
	at com.kms.katalon.core.webui.keyword.builtin.GetTextKeyword.getText(GetTextKeyword.groovy:88)
	at com.kms.katalon.core.webui.keyword.builtin.GetTextKeyword.execute(GetTextKeyword.groovy:67)
	at com.kms.katalon.core.keyword.internal.KeywordExecutor.executeKeywordForPlatform(KeywordExecutor.groovy:74)
	at com.kms.katalon.core.webui.keyword.WebUiBuiltInKeywords.getText(WebUiBuiltInKeywords.groovy:957)
	at Выполнение бизнес-плана Сверка ПАО Россети все филиалы.Numbers(Выполнение бизнес-плана Сверка ПАО Россети все филиалы:594)
	at Выполнение бизнес-плана Сверка ПАО Россети все филиалы.run(Выполнение бизнес-плана Сверка ПАО Россети все филиалы:301)
	at com.kms.katalon.core.main.ScriptEngine.run(ScriptEngine.java:194)
	at com.kms.katalon.core.main.ScriptEngine.runScriptAsRawText(ScriptEngine.java:119)
	at com.kms.katalon.core.main.TestCaseExecutor.runScript(TestCaseExecutor.java:448)
	at com.kms.katalon.core.main.TestCaseExecutor.doExecute(TestCaseExecutor.java:439)
	at com.kms.katalon.core.main.TestCaseExecutor.processExecutionPhase(TestCaseExecutor.java:418)
	at com.kms.katalon.core.main.TestCaseExecutor.accessMainPhase(TestCaseExecutor.java:410)
	at com.kms.katalon.core.main.TestCaseExecutor.execute(TestCaseExecutor.java:285)
	at com.kms.katalon.core.common.CommonExecutor.accessTestCaseMainPhase(CommonExecutor.java:65)
	at com.kms.katalon.core.main.TestSuiteExecutor.accessTestSuiteMainPhase(TestSuiteExecutor.java:150)
	at com.kms.katalon.core.main.TestSuiteExecutor.execute(TestSuiteExecutor.java:106)
	at com.kms.katalon.core.main.TestCaseMain.startTestSuite(TestCaseMain.java:180)
	at TempTestSuite1743137207280.run(TempTestSuite1743137207280.groovy:35)
	at java.base/jdk.internal.reflect.NativeMethodAccessorImpl.invoke0(Native Method)
	at java.base/jdk.internal.reflect.NativeMethodAccessorImpl.invoke(NativeMethodAccessorImpl.java:77)
	at java.base/jdk.internal.reflect.DelegatingMethodAccessorImpl.invoke(DelegatingMethodAccessorImpl.java:43)
Caused by: com.kms.katalon.core.webui.exception.WebElementNotFoundException: Web element with id: 'Object Repository/Выполнение бизнес-плана/Значения со страницы Выполнение бизнес-плана/Факт Потери за отчётный период Россети Северо-Запад' located by '//div[158]/div[2]/div/div/table/tbody/tr[3]/td[9]' not found
	at com.kms.katalon.core.webui.common.WebUiCommonHelper.findWebElement(WebUiCommonHelper.java:1426)
	at com.kms.katalon.core.webui.keyword.internal.WebUIAbstractKeyword.findWebElement(WebUIAbstractKeyword.groovy:27)
	at com.kms.katalon.core.webui.keyword.internal.WebUIAbstractKeyword.findWebElement(WebUIAbstractKeyword.groovy:26)
	at com.kms.katalon.core.webui.keyword.builtin.GetTextKeyword$_getText_closure1.doCall(GetTextKeyword.groovy:78)
	at com.kms.katalon.core.webui.keyword.builtin.GetTextKeyword$_getText_closure1.call(GetTextKeyword.groovy)
	at com.kms.katalon.core.webui.keyword.internal.WebUIKeywordMain.runKeyword(WebUIKeywordMain.groovy:20)
	at com.kms.katalon.core.webui.keyword.builtin.GetTextKeyword.getText(GetTextKeyword.groovy:88)
	at com.kms.katalon.core.webui.keyword.builtin.GetTextKeyword.execute(GetTextKeyword.groovy:67)
	at com.kms.katalon.core.keyword.internal.KeywordExecutor.executeKeywordForPlatform(KeywordExecutor.groovy:74)
	at com.kms.katalon.core.webui.keyword.WebUiBuiltInKeywords.getText(WebUiBuiltInKeywords.groovy:957)
	at Script1718980020443.Numbers(Script1718980020443.groovy:594)
	at Script1718980020443.run(Script1718980020443.groovy:301)
	... 15 more
)
[[ATTACHMENT|C:\\Users\\LIAZGINA-DI\\git\\SPORU\\Reports\\20250328_074647\\\u041F\u043D-\u0421\u0440-\u041F\u0442\\\u0421\u0432\u0435\u0440\u043A\u0430 \u0434\u0430\u0448\u0431\u043E\u0440\u0434\u043E\u0432 \u0438\u0437 \u0440\u0430\u0437\u043D\u044B\u0445 \u0431\u043B\u043E\u043A\u043E\u0432\\20250328_074647\\1743153483428.png]]

28-03-2025T12:18:03 - [TEST_STEP][PASSED] - if (page == "" || page == null): null

28-03-2025T12:18:03 - [TEST_STEP][PASSED] - fileInt = poteri.toInteger(): null

28-03-2025T12:18:03 - [TEST_STEP][PASSED] - Script1718980020443.WriteToExcelNoData(a, typeOfData, todaysDate, fileInt, fileDouble, dZO): null

28-03-2025T12:18:03 - [TEST_STEP][PASSED] - sheetName = "Sheet1": null

28-03-2025T12:18:03 - [TEST_STEP][PASSED] - data = findTestData("PlanFact"): null

28-03-2025T12:18:03 - [TEST_STEP][PASSED] - n = data.getRowNumbers() + 1: null

28-03-2025T12:18:03 - [TEST_STEP][PASSED] - day = ")).toInteger(): null

28-03-2025T12:18:03 - [TEST_STEP][PASSED] - println(day): null

28-03-2025T12:18:03 - [TEST_STEP][PASSED] - month = ")).toInteger(): null

28-03-2025T12:18:03 - [TEST_STEP][PASSED] - println(month): null

28-03-2025T12:18:03 - [TEST_STEP][PASSED] - y = <not implemented yet for class: org.codehaus.groovy.ast.expr.EmptyExpression>: null

28-03-2025T12:18:03 - [TEST_STEP][PASSED] - iy = <not implemented yet for class: org.codehaus.groovy.ast.expr.EmptyExpression>: null

28-03-2025T12:18:03 - [TEST_STEP][PASSED] - m = getText(findTestObject("Выполнение бизнес-плана/Период")): Text of object 'Object Repository/Выполнение бизнес-плана/Период' is: 'Январь 2025 года'

28-03-2025T12:18:03 - [MESSAGE][PASSED] - Text of object 'Object Repository/Выполнение бизнес-плана/Период' is: 'Январь 2025 года'

28-03-2025T12:18:03 - [TEST_STEP][PASSED] - iy = m.indexOf("20"): null

28-03-2025T12:18:03 - [TEST_STEP][PASSED] - if (iy > -1): null

28-03-2025T12:18:03 - [TEST_STEP][PASSED] - y = substring(iy, iy + 4).toInteger(): null

28-03-2025T12:18:03 - [TEST_STEP][PASSED] - println(y): null

28-03-2025T12:18:03 - [TEST_STEP][PASSED] - if (toString().length() == 4): null

28-03-2025T12:18:03 - [TEST_STEP][PASSED] - m = m.substring(0, m.indexOf(y.toString())): null

28-03-2025T12:18:03 - [TEST_STEP][PASSED] - m = m.trim(): null

28-03-2025T12:18:03 - [TEST_STEP][PASSED] - if (m == ""): null

28-03-2025T12:18:03 - [TEST_STEP][PASSED] - dashboardName = "Выполнение бизнес-плана": null

28-03-2025T12:18:03 - [TEST_STEP][PASSED] - workbook01 = getWorkbook(excelFilePath): null

28-03-2025T12:18:03 - [TEST_STEP][PASSED] - sheet01 = getExcelSheet(workbook01, sheetName): null

28-03-2025T12:18:03 - [TEST_STEP][PASSED] - setValueToCellByIndex(sheet01, n, 0, dashboardName): null

28-03-2025T12:18:03 - [TEST_STEP][PASSED] - setValueToCellByIndex(sheet01, n, 1, dZO): null

28-03-2025T12:18:03 - [TEST_STEP][PASSED] - setValueToCellByIndex(sheet01, n, 2, typeOfData): null

28-03-2025T12:18:03 - [TEST_STEP][PASSED] - if (typeOfData == "Факт в процентах" || typeOfData == "План в процентах"): null

28-03-2025T12:18:03 - [TEST_STEP][PASSED] - else: null

28-03-2025T12:18:03 - [TEST_STEP][PASSED] - setValueToCellByIndex(sheet01, n, 3, fileInt): null

28-03-2025T12:18:03 - [TEST_STEP][PASSED] - setValueToCellByIndex(sheet01, n, 4, "нет данных"): null

28-03-2025T12:18:03 - [TEST_STEP][PASSED] - setValueToCellByIndex(sheet01, n, 5, m): null

28-03-2025T12:18:03 - [TEST_STEP][PASSED] - setValueToCellByIndex(sheet01, n, 6, y): null

28-03-2025T12:18:03 - [TEST_STEP][PASSED] - setValueToCellByIndex(sheet01, n, 7, todaysDate): null

28-03-2025T12:18:03 - [TEST_STEP][PASSED] - n = n + 1: null

28-03-2025T12:18:03 - [TEST_STEP][FAILED] - saveWorkbook(excelFilePath, workbook01): null

28-03-2025T12:18:04 - [TEST_STEP][PASSED] - compare = pageOtpuskVSet: null

28-03-2025T12:18:04 - [TEST_STEP][PASSED] - if (pageOtpuskVSet != null): null

28-03-2025T12:18:04 - [TEST_STEP][PASSED] - if (compare == fileOtpuskVSet): null

28-03-2025T12:18:04 - [TEST_STEP][PASSED] - if (compare == fileOtpuskVSet): null

28-03-2025T12:18:04 - [TEST_STEP][PASSED] - compare = pagePoteri: null

28-03-2025T12:18:04 - [TEST_STEP][PASSED] - if (pageOtpuskVSet != null): null

28-03-2025T12:18:04 - [TEST_STEP][PASSED] - if (compare == filePoteri): null

28-03-2025T12:18:04 - [TEST_STEP][PASSED] - if (compare == filePoteri): null

28-03-2025T12:18:04 - [TEST_STEP][PASSED] - if (planFact == 2): null

28-03-2025T12:18:04 - [TEST_STEP][PASSED] - if (planFact == 1): null

28-03-2025T12:18:04 - [TEST_STEP][PASSED] - else if (planFact == 2): null

28-03-2025T12:18:04 - [TEST_STEP][PASSED] - click(findTestObject("Выполнение бизнес-плана/Кнопка План")): Object: 'Object Repository/Выполнение бизнес-плана/Кнопка План' is clicked on

28-03-2025T12:18:04 - [MESSAGE][PASSED] - Object: 'Object Repository/Выполнение бизнес-плана/Кнопка План' is clicked on

28-03-2025T12:18:04 - [TEST_STEP][PASSED] - typeOfDataMain = "План": null

28-03-2025T12:18:04 - [TEST_STEP][PASSED] - otpusk = findTestData("PlanFact").getValue(2, a): null

28-03-2025T12:18:04 - [TEST_STEP][PASSED] - poteri = findTestData("PlanFact").getValue(3, a): null

28-03-2025T12:18:04 - [TEST_STEP][PASSED] - otpusk = otpusk.replaceAll("\s+", ""): null

28-03-2025T12:18:04 - [TEST_STEP][PASSED] - poteri = poteri.replaceAll("\s+", ""): null

28-03-2025T12:18:04 - [TEST_STEP][PASSED] - typeOfData = typeOfDataMain + " Отпуск в сеть": null

28-03-2025T12:18:04 - [TEST_STEP][PASSED] - if (a == 82): null

28-03-2025T12:18:04 - [TEST_STEP][PASSED] - else if (a == 84): null

28-03-2025T12:18:04 - [TEST_STEP][PASSED] - else if (a == 83 || a == 52 || a == 72 || a == 28 || a == 73 || a == 77 || a == 74 || a == 65 || a == 36 || a == 44 || a == 53 || a == 80 || a == 54 || a == 1 || a == 18 || a == 59 || a == 81): null

28-03-2025T12:18:04 - [TEST_STEP][PASSED] - path = dataFolder + "Table Data/" + typeOfData + " за отчётный период " + dzoNum: null

28-03-2025T12:18:04 - [TEST_STEP][PASSED] - println(path): null

28-03-2025T12:18:04 - [TEST_STEP][PASSED] - page = getText(findTestObject(path)): Text of object 'Object Repository/Выполнение бизнес-плана/Значения со страницы Выполнение бизнес-плана/Table Data/План Отпуск в сеть за отчётный период 4' is: '3 479 216'

28-03-2025T12:18:04 - [MESSAGE][PASSED] - Text of object 'Object Repository/Выполнение бизнес-плана/Значения со страницы Выполнение бизнес-плана/Table Data/План Отпуск в сеть за отчётный период 4' is: '3 479 216'

28-03-2025T12:18:04 - [TEST_STEP][PASSED] - if (page == "" || page == null): null

28-03-2025T12:18:04 - [TEST_STEP][PASSED] - else: null

28-03-2025T12:18:04 - [TEST_STEP][PASSED] - page = page.replaceAll("\s+", ""): null

28-03-2025T12:18:04 - [TEST_STEP][PASSED] - if (page == "undefined"): null

28-03-2025T12:18:04 - [TEST_STEP][PASSED] - fileOtpuskVSet = otpusk.toInteger(): null

28-03-2025T12:18:04 - [TEST_STEP][PASSED] - pageOtpuskVSet = page.toInteger(): null

28-03-2025T12:18:04 - [TEST_STEP][PASSED] - typeOfData = typeOfDataMain + " Потери": null

28-03-2025T12:18:04 - [TEST_STEP][PASSED] - if (a == 82): null

28-03-2025T12:18:04 - [TEST_STEP][PASSED] - else if (a == 84): null

28-03-2025T12:18:04 - [TEST_STEP][PASSED] - else if (a == 83 || a == 52 || a == 72 || a == 28 || a == 73 || a == 77 || a == 74 || a == 65 || a == 44 || a == 53 || a == 80 || a == 54 || a == 1 || a == 18 || a == 59 || a == 81): null

28-03-2025T12:18:04 - [TEST_STEP][PASSED] - else: null

28-03-2025T12:18:04 - [TEST_STEP][PASSED] - path = dataFolder + typeOfData + " за отчётный период " + b: null

28-03-2025T12:18:04 - [TEST_STEP][FAILED] - page = getText(findTestObject(path)): Unable to get text of object 'Object Repository/Выполнение бизнес-плана/Значения со страницы Выполнение бизнес-плана/План Потери за отчётный период Россети Северо-Запад' (Root cause: com.kms.katalon.core.exception.StepFailedException: Unable to get text of object 'Object Repository/Выполнение бизнес-плана/Значения со страницы Выполнение бизнес-плана/План Потери за отчётный период Россети Северо-Запад'
	at com.kms.katalon.core.webui.keyword.internal.WebUIKeywordMain.stepFailed(WebUIKeywordMain.groovy:64)
	at com.kms.katalon.core.webui.keyword.internal.WebUIKeywordMain.runKeyword(WebUIKeywordMain.groovy:26)
	at com.kms.katalon.core.webui.keyword.builtin.GetTextKeyword.getText(GetTextKeyword.groovy:88)
	at com.kms.katalon.core.webui.keyword.builtin.GetTextKeyword.execute(GetTextKeyword.groovy:67)
	at com.kms.katalon.core.keyword.internal.KeywordExecutor.executeKeywordForPlatform(KeywordExecutor.groovy:74)
	at com.kms.katalon.core.webui.keyword.WebUiBuiltInKeywords.getText(WebUiBuiltInKeywords.groovy:957)
	at Выполнение бизнес-плана Сверка ПАО Россети все филиалы.Numbers(Выполнение бизнес-плана Сверка ПАО Россети все филиалы:594)
	at Выполнение бизнес-плана Сверка ПАО Россети все филиалы.run(Выполнение бизнес-плана Сверка ПАО Россети все филиалы:301)
	at com.kms.katalon.core.main.ScriptEngine.run(ScriptEngine.java:194)
	at com.kms.katalon.core.main.ScriptEngine.runScriptAsRawText(ScriptEngine.java:119)
	at com.kms.katalon.core.main.TestCaseExecutor.runScript(TestCaseExecutor.java:448)
	at com.kms.katalon.core.main.TestCaseExecutor.doExecute(TestCaseExecutor.java:439)
	at com.kms.katalon.core.main.TestCaseExecutor.processExecutionPhase(TestCaseExecutor.java:418)
	at com.kms.katalon.core.main.TestCaseExecutor.accessMainPhase(TestCaseExecutor.java:410)
	at com.kms.katalon.core.main.TestCaseExecutor.execute(TestCaseExecutor.java:285)
	at com.kms.katalon.core.common.CommonExecutor.accessTestCaseMainPhase(CommonExecutor.java:65)
	at com.kms.katalon.core.main.TestSuiteExecutor.accessTestSuiteMainPhase(TestSuiteExecutor.java:150)
	at com.kms.katalon.core.main.TestSuiteExecutor.execute(TestSuiteExecutor.java:106)
	at com.kms.katalon.core.main.TestCaseMain.startTestSuite(TestCaseMain.java:180)
	at TempTestSuite1743137207280.run(TempTestSuite1743137207280.groovy:35)
	at java.base/jdk.internal.reflect.NativeMethodAccessorImpl.invoke0(Native Method)
	at java.base/jdk.internal.reflect.NativeMethodAccessorImpl.invoke(NativeMethodAccessorImpl.java:77)
	at java.base/jdk.internal.reflect.DelegatingMethodAccessorImpl.invoke(DelegatingMethodAccessorImpl.java:43)
Caused by: com.kms.katalon.core.webui.exception.WebElementNotFoundException: Web element with id: 'Object Repository/Выполнение бизнес-плана/Значения со страницы Выполнение бизнес-плана/План Потери за отчётный период Россети Северо-Запад' located by '//div[160]/div[2]/div/div/table/tbody/tr[3]/td[9]' not found
	at com.kms.katalon.core.webui.common.WebUiCommonHelper.findWebElement(WebUiCommonHelper.java:1426)
	at com.kms.katalon.core.webui.keyword.internal.WebUIAbstractKeyword.findWebElement(WebUIAbstractKeyword.groovy:27)
	at com.kms.katalon.core.webui.keyword.internal.WebUIAbstractKeyword.findWebElement(WebUIAbstractKeyword.groovy:26)
	at com.kms.katalon.core.webui.keyword.builtin.GetTextKeyword$_getText_closure1.doCall(GetTextKeyword.groovy:78)
	at com.kms.katalon.core.webui.keyword.builtin.GetTextKeyword$_getText_closure1.call(GetTextKeyword.groovy)
	at com.kms.katalon.core.webui.keyword.internal.WebUIKeywordMain.runKeyword(WebUIKeywordMain.groovy:20)
	at com.kms.katalon.core.webui.keyword.builtin.GetTextKeyword.getText(GetTextKeyword.groovy:88)
	at com.kms.katalon.core.webui.keyword.builtin.GetTextKeyword.execute(GetTextKeyword.groovy:67)
	at com.kms.katalon.core.keyword.internal.KeywordExecutor.executeKeywordForPlatform(KeywordExecutor.groovy:74)
	at com.kms.katalon.core.webui.keyword.WebUiBuiltInKeywords.getText(WebUiBuiltInKeywords.groovy:957)
	at Script1718980020443.Numbers(Script1718980020443.groovy:594)
	at Script1718980020443.run(Script1718980020443.groovy:301)
	... 15 more
)

28-03-2025T12:18:36 - [MESSAGE][INFO] - Unable to find the element located by 'By.xpath: //div[160]/div[2]/div/div/table/tbody/tr[3]/td[9]'. Please recheck the objects properties to make sure the desired element is located. 

28-03-2025T12:18:36 - [MESSAGE][FAILED] - Unable to get text of object 'Object Repository/Выполнение бизнес-плана/Значения со страницы Выполнение бизнес-плана/План Потери за отчётный период Россети Северо-Запад' (Root cause: com.kms.katalon.core.exception.StepFailedException: Unable to get text of object 'Object Repository/Выполнение бизнес-плана/Значения со страницы Выполнение бизнес-плана/План Потери за отчётный период Россети Северо-Запад'
	at com.kms.katalon.core.webui.keyword.internal.WebUIKeywordMain.stepFailed(WebUIKeywordMain.groovy:64)
	at com.kms.katalon.core.webui.keyword.internal.WebUIKeywordMain.runKeyword(WebUIKeywordMain.groovy:26)
	at com.kms.katalon.core.webui.keyword.builtin.GetTextKeyword.getText(GetTextKeyword.groovy:88)
	at com.kms.katalon.core.webui.keyword.builtin.GetTextKeyword.execute(GetTextKeyword.groovy:67)
	at com.kms.katalon.core.keyword.internal.KeywordExecutor.executeKeywordForPlatform(KeywordExecutor.groovy:74)
	at com.kms.katalon.core.webui.keyword.WebUiBuiltInKeywords.getText(WebUiBuiltInKeywords.groovy:957)
	at Выполнение бизнес-плана Сверка ПАО Россети все филиалы.Numbers(Выполнение бизнес-плана Сверка ПАО Россети все филиалы:594)
	at Выполнение бизнес-плана Сверка ПАО Россети все филиалы.run(Выполнение бизнес-плана Сверка ПАО Россети все филиалы:301)
	at com.kms.katalon.core.main.ScriptEngine.run(ScriptEngine.java:194)
	at com.kms.katalon.core.main.ScriptEngine.runScriptAsRawText(ScriptEngine.java:119)
	at com.kms.katalon.core.main.TestCaseExecutor.runScript(TestCaseExecutor.java:448)
	at com.kms.katalon.core.main.TestCaseExecutor.doExecute(TestCaseExecutor.java:439)
	at com.kms.katalon.core.main.TestCaseExecutor.processExecutionPhase(TestCaseExecutor.java:418)
	at com.kms.katalon.core.main.TestCaseExecutor.accessMainPhase(TestCaseExecutor.java:410)
	at com.kms.katalon.core.main.TestCaseExecutor.execute(TestCaseExecutor.java:285)
	at com.kms.katalon.core.common.CommonExecutor.accessTestCaseMainPhase(CommonExecutor.java:65)
	at com.kms.katalon.core.main.TestSuiteExecutor.accessTestSuiteMainPhase(TestSuiteExecutor.java:150)
	at com.kms.katalon.core.main.TestSuiteExecutor.execute(TestSuiteExecutor.java:106)
	at com.kms.katalon.core.main.TestCaseMain.startTestSuite(TestCaseMain.java:180)
	at TempTestSuite1743137207280.run(TempTestSuite1743137207280.groovy:35)
	at java.base/jdk.internal.reflect.NativeMethodAccessorImpl.invoke0(Native Method)
	at java.base/jdk.internal.reflect.NativeMethodAccessorImpl.invoke(NativeMethodAccessorImpl.java:77)
	at java.base/jdk.internal.reflect.DelegatingMethodAccessorImpl.invoke(DelegatingMethodAccessorImpl.java:43)
Caused by: com.kms.katalon.core.webui.exception.WebElementNotFoundException: Web element with id: 'Object Repository/Выполнение бизнес-плана/Значения со страницы Выполнение бизнес-плана/План Потери за отчётный период Россети Северо-Запад' located by '//div[160]/div[2]/div/div/table/tbody/tr[3]/td[9]' not found
	at com.kms.katalon.core.webui.common.WebUiCommonHelper.findWebElement(WebUiCommonHelper.java:1426)
	at com.kms.katalon.core.webui.keyword.internal.WebUIAbstractKeyword.findWebElement(WebUIAbstractKeyword.groovy:27)
	at com.kms.katalon.core.webui.keyword.internal.WebUIAbstractKeyword.findWebElement(WebUIAbstractKeyword.groovy:26)
	at com.kms.katalon.core.webui.keyword.builtin.GetTextKeyword$_getText_closure1.doCall(GetTextKeyword.groovy:78)
	at com.kms.katalon.core.webui.keyword.builtin.GetTextKeyword$_getText_closure1.call(GetTextKeyword.groovy)
	at com.kms.katalon.core.webui.keyword.internal.WebUIKeywordMain.runKeyword(WebUIKeywordMain.groovy:20)
	at com.kms.katalon.core.webui.keyword.builtin.GetTextKeyword.getText(GetTextKeyword.groovy:88)
	at com.kms.katalon.core.webui.keyword.builtin.GetTextKeyword.execute(GetTextKeyword.groovy:67)
	at com.kms.katalon.core.keyword.internal.KeywordExecutor.executeKeywordForPlatform(KeywordExecutor.groovy:74)
	at com.kms.katalon.core.webui.keyword.WebUiBuiltInKeywords.getText(WebUiBuiltInKeywords.groovy:957)
	at Script1718980020443.Numbers(Script1718980020443.groovy:594)
	at Script1718980020443.run(Script1718980020443.groovy:301)
	... 15 more
)
[[ATTACHMENT|C:\\Users\\LIAZGINA-DI\\git\\SPORU\\Reports\\20250328_074647\\\u041F\u043D-\u0421\u0440-\u041F\u0442\\\u0421\u0432\u0435\u0440\u043A\u0430 \u0434\u0430\u0448\u0431\u043E\u0440\u0434\u043E\u0432 \u0438\u0437 \u0440\u0430\u0437\u043D\u044B\u0445 \u0431\u043B\u043E\u043A\u043E\u0432\\20250328_074647\\1743153516015.png]]

28-03-2025T12:18:36 - [TEST_STEP][PASSED] - if (page == "" || page == null): null

28-03-2025T12:18:36 - [TEST_STEP][PASSED] - fileInt = poteri.toInteger(): null

28-03-2025T12:18:36 - [TEST_STEP][PASSED] - Script1718980020443.WriteToExcelNoData(a, typeOfData, todaysDate, fileInt, fileDouble, dZO): null

28-03-2025T12:18:36 - [TEST_STEP][PASSED] - sheetName = "Sheet1": null

28-03-2025T12:18:36 - [TEST_STEP][PASSED] - data = findTestData("PlanFact"): null

28-03-2025T12:18:36 - [TEST_STEP][PASSED] - n = data.getRowNumbers() + 1: null

28-03-2025T12:18:36 - [TEST_STEP][PASSED] - day = ")).toInteger(): null

28-03-2025T12:18:36 - [TEST_STEP][PASSED] - println(day): null

28-03-2025T12:18:36 - [TEST_STEP][PASSED] - month = ")).toInteger(): null

28-03-2025T12:18:36 - [TEST_STEP][PASSED] - println(month): null

28-03-2025T12:18:36 - [TEST_STEP][PASSED] - y = <not implemented yet for class: org.codehaus.groovy.ast.expr.EmptyExpression>: null

28-03-2025T12:18:36 - [TEST_STEP][PASSED] - iy = <not implemented yet for class: org.codehaus.groovy.ast.expr.EmptyExpression>: null

28-03-2025T12:18:36 - [TEST_STEP][PASSED] - m = getText(findTestObject("Выполнение бизнес-плана/Период")): Text of object 'Object Repository/Выполнение бизнес-плана/Период' is: 'Январь 2025 года'

28-03-2025T12:18:36 - [MESSAGE][PASSED] - Text of object 'Object Repository/Выполнение бизнес-плана/Период' is: 'Январь 2025 года'

28-03-2025T12:18:36 - [TEST_STEP][PASSED] - iy = m.indexOf("20"): null

28-03-2025T12:18:36 - [TEST_STEP][PASSED] - if (iy > -1): null

28-03-2025T12:18:36 - [TEST_STEP][PASSED] - y = substring(iy, iy + 4).toInteger(): null

28-03-2025T12:18:36 - [TEST_STEP][PASSED] - println(y): null

28-03-2025T12:18:36 - [TEST_STEP][PASSED] - if (toString().length() == 4): null

28-03-2025T12:18:36 - [TEST_STEP][PASSED] - m = m.substring(0, m.indexOf(y.toString())): null

28-03-2025T12:18:36 - [TEST_STEP][PASSED] - m = m.trim(): null

28-03-2025T12:18:36 - [TEST_STEP][PASSED] - if (m == ""): null

28-03-2025T12:18:36 - [TEST_STEP][PASSED] - dashboardName = "Выполнение бизнес-плана": null

28-03-2025T12:18:36 - [TEST_STEP][PASSED] - workbook01 = getWorkbook(excelFilePath): null

28-03-2025T12:18:36 - [TEST_STEP][PASSED] - sheet01 = getExcelSheet(workbook01, sheetName): null

28-03-2025T12:18:36 - [TEST_STEP][PASSED] - setValueToCellByIndex(sheet01, n, 0, dashboardName): null

28-03-2025T12:18:36 - [TEST_STEP][PASSED] - setValueToCellByIndex(sheet01, n, 1, dZO): null

28-03-2025T12:18:36 - [TEST_STEP][PASSED] - setValueToCellByIndex(sheet01, n, 2, typeOfData): null

28-03-2025T12:18:36 - [TEST_STEP][PASSED] - if (typeOfData == "Факт в процентах" || typeOfData == "План в процентах"): null

28-03-2025T12:18:36 - [TEST_STEP][PASSED] - else: null

28-03-2025T12:18:36 - [TEST_STEP][PASSED] - setValueToCellByIndex(sheet01, n, 3, fileInt): null

28-03-2025T12:18:36 - [TEST_STEP][PASSED] - setValueToCellByIndex(sheet01, n, 4, "нет данных"): null

28-03-2025T12:18:36 - [TEST_STEP][PASSED] - setValueToCellByIndex(sheet01, n, 5, m): null

28-03-2025T12:18:36 - [TEST_STEP][PASSED] - setValueToCellByIndex(sheet01, n, 6, y): null

28-03-2025T12:18:36 - [TEST_STEP][PASSED] - setValueToCellByIndex(sheet01, n, 7, todaysDate): null

28-03-2025T12:18:36 - [TEST_STEP][PASSED] - n = n + 1: null

28-03-2025T12:18:36 - [TEST_STEP][PASSED] - saveWorkbook(excelFilePath, workbook01): Object: 'Object Repository/Выполнение бизнес-плана/Кнопка Факт' is clicked on

28-03-2025T12:18:36 - [TEST_STEP][PASSED] - compare = pageOtpuskVSet: null

28-03-2025T12:18:36 - [TEST_STEP][PASSED] - if (pageOtpuskVSet != null): null

28-03-2025T12:18:36 - [TEST_STEP][PASSED] - if (compare == fileOtpuskVSet): null

28-03-2025T12:18:36 - [TEST_STEP][PASSED] - if (compare == fileOtpuskVSet): null

28-03-2025T12:18:36 - [TEST_STEP][PASSED] - compare = pagePoteri: null

28-03-2025T12:18:36 - [TEST_STEP][PASSED] - if (pageOtpuskVSet != null): null

28-03-2025T12:18:36 - [TEST_STEP][PASSED] - if (compare == filePoteri): null

28-03-2025T12:18:36 - [TEST_STEP][PASSED] - if (compare == filePoteri): null

28-03-2025T12:18:36 - [TEST_STEP][PASSED] - if (planFact == 2): Object: 'Object Repository/Выполнение бизнес-плана/Кнопка Факт' is clicked on

28-03-2025T12:18:36 - [TEST_STEP][PASSED] - click(findTestObject("Выполнение бизнес-плана/Кнопка Факт")): Object: 'Object Repository/Выполнение бизнес-плана/Кнопка Факт' is clicked on

28-03-2025T12:18:37 - [MESSAGE][PASSED] - Object: 'Object Repository/Выполнение бизнес-плана/Кнопка Факт' is clicked on

28-03-2025T12:18:37 - [TEST_STEP][PASSED] - println("a=" + a): null

28-03-2025T12:18:37 - [TEST_STEP][PASSED] - if (a == 84 || a == 82): null

28-03-2025T12:18:37 - [TEST_STEP][PASSED] - else if (a == 83 || a == 52 || a == 72 || a == 28 || a == 73 || a == 77 || a == 74 || a == 65 || a == 36 || a == 44 || a == 53 || a == 80 || a == 54 || a == 1 || a == 18 || a == 59 || a == 81): null

28-03-2025T12:18:37 - [TEST_STEP][PASSED] - page1 = getText(findTestObject("Object Repository/Выполнение бизнес-плана/spanPlan" + dzoNum)): Text of object 'Object Repository/Выполнение бизнес-плана/spanPlan4' is: '7.61
|'

28-03-2025T12:18:37 - [MESSAGE][PASSED] - Text of object 'Object Repository/Выполнение бизнес-плана/spanPlan4' is: '7.61
|'

28-03-2025T12:18:37 - [TEST_STEP][PASSED] - page1 = page1.replace("|", ""): null

28-03-2025T12:18:37 - [TEST_STEP][PASSED] - page2 = getText(findTestObject("Object Repository/Выполнение бизнес-плана/spanFact" + dzoNum)): Text of object 'Object Repository/Выполнение бизнес-плана/spanFact4' is: '5.12'

28-03-2025T12:18:37 - [MESSAGE][PASSED] - Text of object 'Object Repository/Выполнение бизнес-плана/spanFact4' is: '5.12'

28-03-2025T12:18:37 - [TEST_STEP][PASSED] - page2 = page2.replace("|", ""): null

28-03-2025T12:18:37 - [TEST_STEP][PASSED] - println("page1: " + page1): null

28-03-2025T12:18:37 - [TEST_STEP][PASSED] - println("page2: " + page2): null

28-03-2025T12:18:37 - [TEST_STEP][PASSED] - file = findTestData("PlanFact").getValue(4, a): null

28-03-2025T12:18:37 - [TEST_STEP][PASSED] - file = file.replace(",", "."): null

28-03-2025T12:18:37 - [TEST_STEP][PASSED] - println("file Plan: " + file): null

28-03-2025T12:18:37 - [TEST_STEP][PASSED] - typeOfData = "План в процентах": null

28-03-2025T12:18:37 - [TEST_STEP][PASSED] - fileDouble = file.toDouble(): null

28-03-2025T12:18:37 - [TEST_STEP][PASSED] - pageDouble = page1.toDouble(): null

28-03-2025T12:18:37 - [TEST_STEP][PASSED] - if (fileDouble != pageDouble): null

28-03-2025T12:18:37 - [TEST_STEP][PASSED] - file = findTestData("PlanFact").getValue(7, a): null

28-03-2025T12:18:37 - [TEST_STEP][PASSED] - file = file.replace(",", "."): null

28-03-2025T12:18:37 - [TEST_STEP][PASSED] - println("file Fact: " + file): null

28-03-2025T12:18:37 - [TEST_STEP][PASSED] - fileDouble = file.toDouble(): null

28-03-2025T12:18:37 - [TEST_STEP][PASSED] - typeOfData = "Факт в процентах": null

28-03-2025T12:18:37 - [TEST_STEP][PASSED] - fileDouble = file.toDouble(): null

28-03-2025T12:18:37 - [TEST_STEP][PASSED] - pageDouble = page2.toDouble(): null

28-03-2025T12:18:37 - [TEST_STEP][PASSED] - if (fileDouble != pageDouble): null

28-03-2025T12:18:37 - [TEST_STEP][PASSED] - if (verifyEqual(numberOfErrors, 0) == false): Actual object '0' and expected object '0' are equal

28-03-2025T12:18:37 - [MESSAGE][PASSED] - Actual object '0' and expected object '0' are equal

28-03-2025T12:18:37 - [TEST_STEP][PASSED] - if (a == 82): null

28-03-2025T12:18:37 - [TEST_STEP][PASSED] - println(dzoNum): null

28-03-2025T12:18:37 - [TEST_STEP][PASSED] - dZO = "Россети Сибирь": null

28-03-2025T12:18:37 - [TEST_STEP][PASSED] - a = 44: null

28-03-2025T12:18:37 - [TEST_STEP][PASSED] - if (x1.contains("Сибирь")): null

28-03-2025T12:18:37 - [TEST_STEP][PASSED] - else: null

28-03-2025T12:18:37 - [TEST_STEP][PASSED] - Script1718980020443.NoData(a, typeOfData, todaysDate, fileInt, fileDouble, dZO): null

28-03-2025T12:18:37 - [TEST_STEP][PASSED] - println(a): null

28-03-2025T12:18:37 - [TEST_STEP][PASSED] - println(todaysDate): null

28-03-2025T12:18:37 - [TEST_STEP][PASSED] - println(fileInt): null

28-03-2025T12:18:37 - [TEST_STEP][PASSED] - println(fileDouble): null

28-03-2025T12:18:37 - [TEST_STEP][PASSED] - println(dZO): null

28-03-2025T12:18:37 - [TEST_STEP][PASSED] - typeOfData = "Факт Отпуск в сеть": null

28-03-2025T12:18:37 - [TEST_STEP][PASSED] - fileInt = replaceAll("\s+", "").toInteger(): null

28-03-2025T12:18:37 - [TEST_STEP][PASSED] - Script1718980020443.WriteToExcelNoData(a, typeOfData, todaysDate, fileInt, fileDouble, dZO): null

28-03-2025T12:18:37 - [TEST_STEP][PASSED] - sheetName = "Sheet1": null

28-03-2025T12:18:37 - [TEST_STEP][PASSED] - data = findTestData("PlanFact"): null

28-03-2025T12:18:37 - [TEST_STEP][PASSED] - n = data.getRowNumbers() + 1: null

28-03-2025T12:18:37 - [TEST_STEP][PASSED] - day = ")).toInteger(): null

28-03-2025T12:18:37 - [TEST_STEP][PASSED] - println(day): null

28-03-2025T12:18:37 - [TEST_STEP][PASSED] - month = ")).toInteger(): null

28-03-2025T12:18:37 - [TEST_STEP][PASSED] - println(month): null

28-03-2025T12:18:37 - [TEST_STEP][PASSED] - y = <not implemented yet for class: org.codehaus.groovy.ast.expr.EmptyExpression>: null

28-03-2025T12:18:37 - [TEST_STEP][PASSED] - iy = <not implemented yet for class: org.codehaus.groovy.ast.expr.EmptyExpression>: null

28-03-2025T12:18:37 - [TEST_STEP][PASSED] - m = getText(findTestObject("Выполнение бизнес-плана/Период")): Text of object 'Object Repository/Выполнение бизнес-плана/Период' is: 'Январь 2025 года'

28-03-2025T12:18:38 - [MESSAGE][PASSED] - Text of object 'Object Repository/Выполнение бизнес-плана/Период' is: 'Январь 2025 года'

28-03-2025T12:18:38 - [TEST_STEP][PASSED] - iy = m.indexOf("20"): null

28-03-2025T12:18:38 - [TEST_STEP][PASSED] - if (iy > -1): null

28-03-2025T12:18:38 - [TEST_STEP][PASSED] - y = substring(iy, iy + 4).toInteger(): null

28-03-2025T12:18:38 - [TEST_STEP][PASSED] - println(y): null

28-03-2025T12:18:38 - [TEST_STEP][PASSED] - if (toString().length() == 4): null

28-03-2025T12:18:38 - [TEST_STEP][PASSED] - m = m.substring(0, m.indexOf(y.toString())): null

28-03-2025T12:18:38 - [TEST_STEP][PASSED] - m = m.trim(): null

28-03-2025T12:18:38 - [TEST_STEP][PASSED] - if (m == ""): null

28-03-2025T12:18:38 - [TEST_STEP][PASSED] - dashboardName = "Выполнение бизнес-плана": null

28-03-2025T12:18:38 - [TEST_STEP][PASSED] - workbook01 = getWorkbook(excelFilePath): null

28-03-2025T12:18:38 - [TEST_STEP][PASSED] - sheet01 = getExcelSheet(workbook01, sheetName): null

28-03-2025T12:18:38 - [TEST_STEP][PASSED] - setValueToCellByIndex(sheet01, n, 0, dashboardName): null

28-03-2025T12:18:38 - [TEST_STEP][PASSED] - setValueToCellByIndex(sheet01, n, 1, dZO): null

28-03-2025T12:18:38 - [TEST_STEP][PASSED] - setValueToCellByIndex(sheet01, n, 2, typeOfData): null

28-03-2025T12:18:38 - [TEST_STEP][PASSED] - if (typeOfData == "Факт в процентах" || typeOfData == "План в процентах"): null

28-03-2025T12:18:38 - [TEST_STEP][PASSED] - else: null

28-03-2025T12:18:38 - [TEST_STEP][PASSED] - setValueToCellByIndex(sheet01, n, 3, fileInt): null

28-03-2025T12:18:38 - [TEST_STEP][PASSED] - setValueToCellByIndex(sheet01, n, 4, "нет данных"): null

28-03-2025T12:18:38 - [TEST_STEP][PASSED] - setValueToCellByIndex(sheet01, n, 5, m): null

28-03-2025T12:18:38 - [TEST_STEP][PASSED] - setValueToCellByIndex(sheet01, n, 6, y): null

28-03-2025T12:18:38 - [TEST_STEP][PASSED] - setValueToCellByIndex(sheet01, n, 7, todaysDate): null

28-03-2025T12:18:38 - [TEST_STEP][PASSED] - n = n + 1: null

28-03-2025T12:18:38 - [TEST_STEP][PASSED] - saveWorkbook(excelFilePath, workbook01): null

28-03-2025T12:18:38 - [TEST_STEP][PASSED] - typeOfData = "Факт Потери": null

28-03-2025T12:18:38 - [TEST_STEP][PASSED] - fileInt = replaceAll("\s+", "").toInteger(): null

28-03-2025T12:18:38 - [TEST_STEP][PASSED] - Script1718980020443.WriteToExcelNoData(a, typeOfData, todaysDate, fileInt, fileDouble, dZO): null

28-03-2025T12:18:38 - [TEST_STEP][PASSED] - sheetName = "Sheet1": null

28-03-2025T12:18:38 - [TEST_STEP][PASSED] - data = findTestData("PlanFact"): null

28-03-2025T12:18:38 - [TEST_STEP][PASSED] - n = data.getRowNumbers() + 1: null

28-03-2025T12:18:38 - [TEST_STEP][PASSED] - day = ")).toInteger(): null

28-03-2025T12:18:38 - [TEST_STEP][PASSED] - println(day): null

28-03-2025T12:18:38 - [TEST_STEP][PASSED] - month = ")).toInteger(): null

28-03-2025T12:18:38 - [TEST_STEP][PASSED] - println(month): null

28-03-2025T12:18:38 - [TEST_STEP][PASSED] - y = <not implemented yet for class: org.codehaus.groovy.ast.expr.EmptyExpression>: null

28-03-2025T12:18:38 - [TEST_STEP][PASSED] - iy = <not implemented yet for class: org.codehaus.groovy.ast.expr.EmptyExpression>: null

28-03-2025T12:18:38 - [TEST_STEP][PASSED] - m = getText(findTestObject("Выполнение бизнес-плана/Период")): Text of object 'Object Repository/Выполнение бизнес-плана/Период' is: 'Январь 2025 года'

28-03-2025T12:18:38 - [MESSAGE][PASSED] - Text of object 'Object Repository/Выполнение бизнес-плана/Период' is: 'Январь 2025 года'

28-03-2025T12:18:38 - [TEST_STEP][PASSED] - iy = m.indexOf("20"): null

28-03-2025T12:18:38 - [TEST_STEP][PASSED] - if (iy > -1): null

28-03-2025T12:18:38 - [TEST_STEP][PASSED] - y = substring(iy, iy + 4).toInteger(): null

28-03-2025T12:18:38 - [TEST_STEP][PASSED] - println(y): null

28-03-2025T12:18:38 - [TEST_STEP][PASSED] - if (toString().length() == 4): null

28-03-2025T12:18:38 - [TEST_STEP][PASSED] - m = m.substring(0, m.indexOf(y.toString())): null

28-03-2025T12:18:38 - [TEST_STEP][PASSED] - m = m.trim(): null

28-03-2025T12:18:38 - [TEST_STEP][PASSED] - if (m == ""): null

28-03-2025T12:18:38 - [TEST_STEP][PASSED] - dashboardName = "Выполнение бизнес-плана": null

28-03-2025T12:18:38 - [TEST_STEP][PASSED] - workbook01 = getWorkbook(excelFilePath): null

28-03-2025T12:18:38 - [TEST_STEP][PASSED] - sheet01 = getExcelSheet(workbook01, sheetName): null

28-03-2025T12:18:38 - [TEST_STEP][PASSED] - setValueToCellByIndex(sheet01, n, 0, dashboardName): null

28-03-2025T12:18:38 - [TEST_STEP][PASSED] - setValueToCellByIndex(sheet01, n, 1, dZO): null

28-03-2025T12:18:38 - [TEST_STEP][PASSED] - setValueToCellByIndex(sheet01, n, 2, typeOfData): null

28-03-2025T12:18:38 - [TEST_STEP][PASSED] - if (typeOfData == "Факт в процентах" || typeOfData == "План в процентах"): null

28-03-2025T12:18:38 - [TEST_STEP][PASSED] - else: null

28-03-2025T12:18:38 - [TEST_STEP][PASSED] - setValueToCellByIndex(sheet01, n, 3, fileInt): null

28-03-2025T12:18:38 - [TEST_STEP][PASSED] - setValueToCellByIndex(sheet01, n, 4, "нет данных"): null

28-03-2025T12:18:38 - [TEST_STEP][PASSED] - setValueToCellByIndex(sheet01, n, 5, m): null

28-03-2025T12:18:38 - [TEST_STEP][PASSED] - setValueToCellByIndex(sheet01, n, 6, y): null

28-03-2025T12:18:38 - [TEST_STEP][PASSED] - setValueToCellByIndex(sheet01, n, 7, todaysDate): null

28-03-2025T12:18:38 - [TEST_STEP][PASSED] - n = n + 1: null

28-03-2025T12:18:38 - [TEST_STEP][PASSED] - saveWorkbook(excelFilePath, workbook01): null

28-03-2025T12:18:39 - [TEST_STEP][PASSED] - typeOfData = "План Отпуск в сеть": null

28-03-2025T12:18:39 - [TEST_STEP][PASSED] - fileInt = replaceAll("\s+", "").toInteger(): null

28-03-2025T12:18:39 - [TEST_STEP][PASSED] - Script1718980020443.WriteToExcelNoData(a, typeOfData, todaysDate, fileInt, fileDouble, dZO): null

28-03-2025T12:18:39 - [TEST_STEP][PASSED] - sheetName = "Sheet1": null

28-03-2025T12:18:39 - [TEST_STEP][PASSED] - data = findTestData("PlanFact"): null

28-03-2025T12:18:39 - [TEST_STEP][PASSED] - n = data.getRowNumbers() + 1: null

28-03-2025T12:18:39 - [TEST_STEP][PASSED] - day = ")).toInteger(): null

28-03-2025T12:18:39 - [TEST_STEP][PASSED] - println(day): null

28-03-2025T12:18:39 - [TEST_STEP][PASSED] - month = ")).toInteger(): null

28-03-2025T12:18:39 - [TEST_STEP][PASSED] - println(month): null

28-03-2025T12:18:39 - [TEST_STEP][PASSED] - y = <not implemented yet for class: org.codehaus.groovy.ast.expr.EmptyExpression>: null

28-03-2025T12:18:39 - [TEST_STEP][PASSED] - iy = <not implemented yet for class: org.codehaus.groovy.ast.expr.EmptyExpression>: null

28-03-2025T12:18:39 - [TEST_STEP][PASSED] - m = getText(findTestObject("Выполнение бизнес-плана/Период")): Text of object 'Object Repository/Выполнение бизнес-плана/Период' is: 'Январь 2025 года'

28-03-2025T12:18:39 - [MESSAGE][PASSED] - Text of object 'Object Repository/Выполнение бизнес-плана/Период' is: 'Январь 2025 года'

28-03-2025T12:18:39 - [TEST_STEP][PASSED] - iy = m.indexOf("20"): null

28-03-2025T12:18:39 - [TEST_STEP][PASSED] - if (iy > -1): null

28-03-2025T12:18:39 - [TEST_STEP][PASSED] - y = substring(iy, iy + 4).toInteger(): null

28-03-2025T12:18:39 - [TEST_STEP][PASSED] - println(y): null

28-03-2025T12:18:39 - [TEST_STEP][PASSED] - if (toString().length() == 4): null

28-03-2025T12:18:39 - [TEST_STEP][PASSED] - m = m.substring(0, m.indexOf(y.toString())): null

28-03-2025T12:18:39 - [TEST_STEP][PASSED] - m = m.trim(): null

28-03-2025T12:18:39 - [TEST_STEP][PASSED] - if (m == ""): null

28-03-2025T12:18:39 - [TEST_STEP][PASSED] - dashboardName = "Выполнение бизнес-плана": null

28-03-2025T12:18:39 - [TEST_STEP][PASSED] - workbook01 = getWorkbook(excelFilePath): null

28-03-2025T12:18:39 - [TEST_STEP][PASSED] - sheet01 = getExcelSheet(workbook01, sheetName): null

28-03-2025T12:18:39 - [TEST_STEP][PASSED] - setValueToCellByIndex(sheet01, n, 0, dashboardName): null

28-03-2025T12:18:39 - [TEST_STEP][PASSED] - setValueToCellByIndex(sheet01, n, 1, dZO): null

28-03-2025T12:18:39 - [TEST_STEP][PASSED] - setValueToCellByIndex(sheet01, n, 2, typeOfData): null

28-03-2025T12:18:39 - [TEST_STEP][PASSED] - if (typeOfData == "Факт в процентах" || typeOfData == "План в процентах"): null

28-03-2025T12:18:39 - [TEST_STEP][PASSED] - else: null

28-03-2025T12:18:39 - [TEST_STEP][PASSED] - setValueToCellByIndex(sheet01, n, 3, fileInt): null

28-03-2025T12:18:39 - [TEST_STEP][PASSED] - setValueToCellByIndex(sheet01, n, 4, "нет данных"): null

28-03-2025T12:18:39 - [TEST_STEP][PASSED] - setValueToCellByIndex(sheet01, n, 5, m): null

28-03-2025T12:18:39 - [TEST_STEP][PASSED] - setValueToCellByIndex(sheet01, n, 6, y): null

28-03-2025T12:18:39 - [TEST_STEP][PASSED] - setValueToCellByIndex(sheet01, n, 7, todaysDate): null

28-03-2025T12:18:39 - [TEST_STEP][PASSED] - n = n + 1: null

28-03-2025T12:18:39 - [TEST_STEP][PASSED] - saveWorkbook(excelFilePath, workbook01): null

28-03-2025T12:18:39 - [TEST_STEP][PASSED] - typeOfData = "План Потери": null

28-03-2025T12:18:39 - [TEST_STEP][PASSED] - fileInt = replaceAll("\s+", "").toInteger(): null

28-03-2025T12:18:39 - [TEST_STEP][PASSED] - Script1718980020443.WriteToExcelNoData(a, typeOfData, todaysDate, fileInt, fileDouble, dZO): null

28-03-2025T12:18:39 - [TEST_STEP][PASSED] - sheetName = "Sheet1": null

28-03-2025T12:18:39 - [TEST_STEP][PASSED] - data = findTestData("PlanFact"): null

28-03-2025T12:18:39 - [TEST_STEP][PASSED] - n = data.getRowNumbers() + 1: null

28-03-2025T12:18:39 - [TEST_STEP][PASSED] - day = ")).toInteger(): null

28-03-2025T12:18:39 - [TEST_STEP][PASSED] - println(day): null

28-03-2025T12:18:39 - [TEST_STEP][PASSED] - month = ")).toInteger(): null

28-03-2025T12:18:39 - [TEST_STEP][PASSED] - println(month): null

28-03-2025T12:18:39 - [TEST_STEP][PASSED] - y = <not implemented yet for class: org.codehaus.groovy.ast.expr.EmptyExpression>: null

28-03-2025T12:18:39 - [TEST_STEP][PASSED] - iy = <not implemented yet for class: org.codehaus.groovy.ast.expr.EmptyExpression>: null

28-03-2025T12:18:39 - [TEST_STEP][PASSED] - m = getText(findTestObject("Выполнение бизнес-плана/Период")): Text of object 'Object Repository/Выполнение бизнес-плана/Период' is: 'Январь 2025 года'

28-03-2025T12:18:40 - [MESSAGE][PASSED] - Text of object 'Object Repository/Выполнение бизнес-плана/Период' is: 'Январь 2025 года'

28-03-2025T12:18:40 - [TEST_STEP][PASSED] - iy = m.indexOf("20"): null

28-03-2025T12:18:40 - [TEST_STEP][PASSED] - if (iy > -1): null

28-03-2025T12:18:40 - [TEST_STEP][PASSED] - y = substring(iy, iy + 4).toInteger(): null

28-03-2025T12:18:40 - [TEST_STEP][PASSED] - println(y): null

28-03-2025T12:18:40 - [TEST_STEP][PASSED] - if (toString().length() == 4): null

28-03-2025T12:18:40 - [TEST_STEP][PASSED] - m = m.substring(0, m.indexOf(y.toString())): null

28-03-2025T12:18:40 - [TEST_STEP][PASSED] - m = m.trim(): null

28-03-2025T12:18:40 - [TEST_STEP][PASSED] - if (m == ""): null

28-03-2025T12:18:40 - [TEST_STEP][PASSED] - dashboardName = "Выполнение бизнес-плана": null

28-03-2025T12:18:40 - [TEST_STEP][PASSED] - workbook01 = getWorkbook(excelFilePath): null

28-03-2025T12:18:40 - [TEST_STEP][PASSED] - sheet01 = getExcelSheet(workbook01, sheetName): null

28-03-2025T12:18:40 - [TEST_STEP][PASSED] - setValueToCellByIndex(sheet01, n, 0, dashboardName): null

28-03-2025T12:18:40 - [TEST_STEP][PASSED] - setValueToCellByIndex(sheet01, n, 1, dZO): null

28-03-2025T12:18:40 - [TEST_STEP][PASSED] - setValueToCellByIndex(sheet01, n, 2, typeOfData): null

28-03-2025T12:18:40 - [TEST_STEP][PASSED] - if (typeOfData == "Факт в процентах" || typeOfData == "План в процентах"): null

28-03-2025T12:18:40 - [TEST_STEP][PASSED] - else: null

28-03-2025T12:18:40 - [TEST_STEP][PASSED] - setValueToCellByIndex(sheet01, n, 3, fileInt): null

28-03-2025T12:18:40 - [TEST_STEP][PASSED] - setValueToCellByIndex(sheet01, n, 4, "нет данных"): null

28-03-2025T12:18:40 - [TEST_STEP][PASSED] - setValueToCellByIndex(sheet01, n, 5, m): null

28-03-2025T12:18:40 - [TEST_STEP][PASSED] - setValueToCellByIndex(sheet01, n, 6, y): null

28-03-2025T12:18:40 - [TEST_STEP][PASSED] - setValueToCellByIndex(sheet01, n, 7, todaysDate): null

28-03-2025T12:18:40 - [TEST_STEP][PASSED] - n = n + 1: null

28-03-2025T12:18:40 - [TEST_STEP][PASSED] - saveWorkbook(excelFilePath, workbook01): null

28-03-2025T12:18:40 - [TEST_STEP][PASSED] - typeOfData = "План в процентах": null

28-03-2025T12:18:40 - [TEST_STEP][PASSED] - fileDouble = ").toDouble(): null

28-03-2025T12:18:40 - [TEST_STEP][PASSED] - Script1718980020443.WriteToExcelNoData(a, typeOfData, todaysDate, fileInt, fileDouble, dZO): null

28-03-2025T12:18:40 - [TEST_STEP][PASSED] - sheetName = "Sheet1": null

28-03-2025T12:18:40 - [TEST_STEP][PASSED] - data = findTestData("PlanFact"): null

28-03-2025T12:18:40 - [TEST_STEP][PASSED] - n = data.getRowNumbers() + 1: null

28-03-2025T12:18:40 - [TEST_STEP][PASSED] - day = ")).toInteger(): null

28-03-2025T12:18:40 - [TEST_STEP][PASSED] - println(day): null

28-03-2025T12:18:40 - [TEST_STEP][PASSED] - month = ")).toInteger(): null

28-03-2025T12:18:40 - [TEST_STEP][PASSED] - println(month): null

28-03-2025T12:18:40 - [TEST_STEP][PASSED] - y = <not implemented yet for class: org.codehaus.groovy.ast.expr.EmptyExpression>: null

28-03-2025T12:18:40 - [TEST_STEP][PASSED] - iy = <not implemented yet for class: org.codehaus.groovy.ast.expr.EmptyExpression>: null

28-03-2025T12:18:40 - [TEST_STEP][PASSED] - m = getText(findTestObject("Выполнение бизнес-плана/Период")): Text of object 'Object Repository/Выполнение бизнес-плана/Период' is: 'Январь 2025 года'

28-03-2025T12:18:40 - [MESSAGE][PASSED] - Text of object 'Object Repository/Выполнение бизнес-плана/Период' is: 'Январь 2025 года'

28-03-2025T12:18:40 - [TEST_STEP][PASSED] - iy = m.indexOf("20"): null

28-03-2025T12:18:40 - [TEST_STEP][PASSED] - if (iy > -1): null

28-03-2025T12:18:40 - [TEST_STEP][PASSED] - y = substring(iy, iy + 4).toInteger(): null

28-03-2025T12:18:40 - [TEST_STEP][PASSED] - println(y): null

28-03-2025T12:18:40 - [TEST_STEP][PASSED] - if (toString().length() == 4): null

28-03-2025T12:18:40 - [TEST_STEP][PASSED] - m = m.substring(0, m.indexOf(y.toString())): null

28-03-2025T12:18:40 - [TEST_STEP][PASSED] - m = m.trim(): null

28-03-2025T12:18:40 - [TEST_STEP][PASSED] - if (m == ""): null

28-03-2025T12:18:40 - [TEST_STEP][PASSED] - dashboardName = "Выполнение бизнес-плана": null

28-03-2025T12:18:40 - [TEST_STEP][PASSED] - workbook01 = getWorkbook(excelFilePath): null

28-03-2025T12:18:41 - [TEST_STEP][PASSED] - sheet01 = getExcelSheet(workbook01, sheetName): null

28-03-2025T12:18:41 - [TEST_STEP][PASSED] - setValueToCellByIndex(sheet01, n, 0, dashboardName): null

28-03-2025T12:18:41 - [TEST_STEP][PASSED] - setValueToCellByIndex(sheet01, n, 1, dZO): null

28-03-2025T12:18:41 - [TEST_STEP][PASSED] - setValueToCellByIndex(sheet01, n, 2, typeOfData): null

28-03-2025T12:18:41 - [TEST_STEP][PASSED] - if (typeOfData == "Факт в процентах" || typeOfData == "План в процентах"): null

28-03-2025T12:18:41 - [TEST_STEP][PASSED] - setValueToCellByIndex(sheet01, n, 3, fileDouble): null

28-03-2025T12:18:41 - [TEST_STEP][PASSED] - setValueToCellByIndex(sheet01, n, 4, "нет данных"): null

28-03-2025T12:18:41 - [TEST_STEP][PASSED] - setValueToCellByIndex(sheet01, n, 5, m): null

28-03-2025T12:18:41 - [TEST_STEP][PASSED] - setValueToCellByIndex(sheet01, n, 6, y): null

28-03-2025T12:18:41 - [TEST_STEP][PASSED] - setValueToCellByIndex(sheet01, n, 7, todaysDate): null

28-03-2025T12:18:41 - [TEST_STEP][PASSED] - n = n + 1: null

28-03-2025T12:18:41 - [TEST_STEP][PASSED] - saveWorkbook(excelFilePath, workbook01): null

28-03-2025T12:18:41 - [TEST_STEP][PASSED] - typeOfData = "Факт в процентах": null

28-03-2025T12:18:41 - [TEST_STEP][PASSED] - fileDouble = ").toDouble(): null

28-03-2025T12:18:41 - [TEST_STEP][PASSED] - Script1718980020443.WriteToExcelNoData(a, typeOfData, todaysDate, fileInt, fileDouble, dZO): null

28-03-2025T12:18:41 - [TEST_STEP][PASSED] - sheetName = "Sheet1": null

28-03-2025T12:18:41 - [TEST_STEP][PASSED] - data = findTestData("PlanFact"): null

28-03-2025T12:18:41 - [TEST_STEP][PASSED] - n = data.getRowNumbers() + 1: null

28-03-2025T12:18:41 - [TEST_STEP][PASSED] - day = ")).toInteger(): null

28-03-2025T12:18:41 - [TEST_STEP][PASSED] - println(day): null

28-03-2025T12:18:41 - [TEST_STEP][PASSED] - month = ")).toInteger(): null

28-03-2025T12:18:41 - [TEST_STEP][PASSED] - println(month): null

28-03-2025T12:18:41 - [TEST_STEP][PASSED] - y = <not implemented yet for class: org.codehaus.groovy.ast.expr.EmptyExpression>: null

28-03-2025T12:18:41 - [TEST_STEP][PASSED] - iy = <not implemented yet for class: org.codehaus.groovy.ast.expr.EmptyExpression>: null

28-03-2025T12:18:41 - [TEST_STEP][PASSED] - m = getText(findTestObject("Выполнение бизнес-плана/Период")): Text of object 'Object Repository/Выполнение бизнес-плана/Период' is: 'Январь 2025 года'

28-03-2025T12:18:41 - [MESSAGE][PASSED] - Text of object 'Object Repository/Выполнение бизнес-плана/Период' is: 'Январь 2025 года'

28-03-2025T12:18:41 - [TEST_STEP][PASSED] - iy = m.indexOf("20"): null

28-03-2025T12:18:41 - [TEST_STEP][PASSED] - if (iy > -1): null

28-03-2025T12:18:41 - [TEST_STEP][PASSED] - y = substring(iy, iy + 4).toInteger(): null

28-03-2025T12:18:41 - [TEST_STEP][PASSED] - println(y): null

28-03-2025T12:18:41 - [TEST_STEP][PASSED] - if (toString().length() == 4): null

28-03-2025T12:18:41 - [TEST_STEP][PASSED] - m = m.substring(0, m.indexOf(y.toString())): null

28-03-2025T12:18:41 - [TEST_STEP][PASSED] - m = m.trim(): null

28-03-2025T12:18:41 - [TEST_STEP][PASSED] - if (m == ""): null

28-03-2025T12:18:41 - [TEST_STEP][PASSED] - dashboardName = "Выполнение бизнес-плана": null

28-03-2025T12:18:41 - [TEST_STEP][PASSED] - workbook01 = getWorkbook(excelFilePath): null

28-03-2025T12:18:41 - [TEST_STEP][PASSED] - sheet01 = getExcelSheet(workbook01, sheetName): null

28-03-2025T12:18:41 - [TEST_STEP][PASSED] - setValueToCellByIndex(sheet01, n, 0, dashboardName): null

28-03-2025T12:18:41 - [TEST_STEP][PASSED] - setValueToCellByIndex(sheet01, n, 1, dZO): null

28-03-2025T12:18:41 - [TEST_STEP][PASSED] - setValueToCellByIndex(sheet01, n, 2, typeOfData): null

28-03-2025T12:18:41 - [TEST_STEP][PASSED] - if (typeOfData == "Факт в процентах" || typeOfData == "План в процентах"): null

28-03-2025T12:18:41 - [TEST_STEP][PASSED] - setValueToCellByIndex(sheet01, n, 3, fileDouble): null

28-03-2025T12:18:41 - [TEST_STEP][PASSED] - setValueToCellByIndex(sheet01, n, 4, "нет данных"): null

28-03-2025T12:18:41 - [TEST_STEP][PASSED] - setValueToCellByIndex(sheet01, n, 5, m): null

28-03-2025T12:18:41 - [TEST_STEP][PASSED] - setValueToCellByIndex(sheet01, n, 6, y): null

28-03-2025T12:18:41 - [TEST_STEP][PASSED] - setValueToCellByIndex(sheet01, n, 7, todaysDate): null

28-03-2025T12:18:41 - [TEST_STEP][PASSED] - n = n + 1: null

28-03-2025T12:18:41 - [TEST_STEP][PASSED] - saveWorkbook(excelFilePath, workbook01): null

28-03-2025T12:18:41 - [TEST_STEP][PASSED] - println(dzoNum): null

28-03-2025T12:18:41 - [TEST_STEP][PASSED] - dZO = "Россети Томск": null

28-03-2025T12:18:41 - [TEST_STEP][PASSED] - a = 53: null

28-03-2025T12:18:41 - [TEST_STEP][PASSED] - if (x1.contains("Томск")): null

28-03-2025T12:18:41 - [TEST_STEP][PASSED] - dzoNum = dzoNum + 1: null

28-03-2025T12:18:41 - [TEST_STEP][PASSED] - Script1718980020443.Numbers(a, typeOfData, todaysDate, pageInt, fileInt, pageDouble, fileDouble, dZO, dzoNum, filialNum): null

28-03-2025T12:18:41 - [TEST_STEP][PASSED] - println(dzoNum): null

28-03-2025T12:18:41 - [TEST_STEP][PASSED] - planFact = <not implemented yet for class: org.codehaus.groovy.ast.expr.EmptyExpression>: null

28-03-2025T12:18:41 - [TEST_STEP][PASSED] - page = <not implemented yet for class: org.codehaus.groovy.ast.expr.EmptyExpression>: null

28-03-2025T12:18:41 - [TEST_STEP][PASSED] - page1 = <not implemented yet for class: org.codehaus.groovy.ast.expr.EmptyExpression>: null

28-03-2025T12:18:41 - [TEST_STEP][PASSED] - page2 = <not implemented yet for class: org.codehaus.groovy.ast.expr.EmptyExpression>: null

28-03-2025T12:18:41 - [TEST_STEP][PASSED] - filialNumberInRow = <not implemented yet for class: org.codehaus.groovy.ast.expr.EmptyExpression>: null

28-03-2025T12:18:41 - [TEST_STEP][PASSED] - filialsDzoNames = <not implemented yet for class: org.codehaus.groovy.ast.expr.EmptyExpression>: null

28-03-2025T12:18:41 - [TEST_STEP][PASSED] - numberOfFilials = <not implemented yet for class: org.codehaus.groovy.ast.expr.EmptyExpression>: null

28-03-2025T12:18:41 - [TEST_STEP][PASSED] - numberOfSpaces = <not implemented yet for class: org.codehaus.groovy.ast.expr.EmptyExpression>: null

28-03-2025T12:18:41 - [TEST_STEP][PASSED] - file = <not implemented yet for class: org.codehaus.groovy.ast.expr.EmptyExpression>: null

28-03-2025T12:18:41 - [TEST_STEP][PASSED] - otpusk = <not implemented yet for class: org.codehaus.groovy.ast.expr.EmptyExpression>: null

28-03-2025T12:18:41 - [TEST_STEP][PASSED] - poteri = <not implemented yet for class: org.codehaus.groovy.ast.expr.EmptyExpression>: null

28-03-2025T12:18:41 - [TEST_STEP][PASSED] - dataFolder = "Выполнение бизнес-плана/Значения со страницы Выполнение бизнес-плана/": null

28-03-2025T12:18:41 - [TEST_STEP][PASSED] - path = <not implemented yet for class: org.codehaus.groovy.ast.expr.EmptyExpression>: null

28-03-2025T12:18:41 - [TEST_STEP][PASSED] - typeOfDataMain = <not implemented yet for class: org.codehaus.groovy.ast.expr.EmptyExpression>: null

28-03-2025T12:18:41 - [TEST_STEP][PASSED] - fileOtpuskVSet = <not implemented yet for class: org.codehaus.groovy.ast.expr.EmptyExpression>: null

28-03-2025T12:18:41 - [TEST_STEP][PASSED] - pageOtpuskVSet = <not implemented yet for class: org.codehaus.groovy.ast.expr.EmptyExpression>: null

28-03-2025T12:18:41 - [TEST_STEP][PASSED] - filePoteri = <not implemented yet for class: org.codehaus.groovy.ast.expr.EmptyExpression>: null

28-03-2025T12:18:41 - [TEST_STEP][PASSED] - pagePoteri = <not implemented yet for class: org.codehaus.groovy.ast.expr.EmptyExpression>: null

28-03-2025T12:18:41 - [TEST_STEP][PASSED] - compare = <not implemented yet for class: org.codehaus.groovy.ast.expr.EmptyExpression>: null

28-03-2025T12:18:41 - [TEST_STEP][PASSED] - b = <not implemented yet for class: org.codehaus.groovy.ast.expr.EmptyExpression>: null

28-03-2025T12:18:41 - [TEST_STEP][PASSED] - i = <not implemented yet for class: org.codehaus.groovy.ast.expr.EmptyExpression>: null

28-03-2025T12:18:41 - [TEST_STEP][PASSED] - ii = <not implemented yet for class: org.codehaus.groovy.ast.expr.EmptyExpression>: null

28-03-2025T12:18:41 - [TEST_STEP][PASSED] - c = <not implemented yet for class: org.codehaus.groovy.ast.expr.EmptyExpression>: null

28-03-2025T12:18:41 - [TEST_STEP][PASSED] - numberOfErrors = 0: null

28-03-2025T12:18:41 - [TEST_STEP][PASSED] - if (a == 82): null

28-03-2025T12:18:41 - [TEST_STEP][PASSED] - b = findTestData("PlanFact").getValue(1, a): null

28-03-2025T12:18:41 - [TEST_STEP][PASSED] - i = b.indexOf(" (ГК)"): null

28-03-2025T12:18:41 - [TEST_STEP][PASSED] - if (i > -1): null

28-03-2025T12:18:41 - [TEST_STEP][PASSED] - i = b.indexOf("О ""): null

28-03-2025T12:18:41 - [TEST_STEP][PASSED] - if (i > -1): null

28-03-2025T12:18:41 - [TEST_STEP][PASSED] - i = b.indexOf("О «"): null

28-03-2025T12:18:41 - [TEST_STEP][PASSED] - if (i > -1): null

28-03-2025T12:18:41 - [TEST_STEP][PASSED] - i = b.indexOf("г. "): null

28-03-2025T12:18:41 - [TEST_STEP][PASSED] - if (i > -1): null

28-03-2025T12:18:41 - [TEST_STEP][PASSED] - b = b.trim(): null

28-03-2025T12:18:41 - [TEST_STEP][PASSED] - println(b): null

28-03-2025T12:18:41 - [TEST_STEP][PASSED] - for ([planFact = 1, planFact < 3, (planFact++)]): null

28-03-2025T12:18:41 - [TEST_STEP][PASSED] - if (planFact == 1): null

28-03-2025T12:18:41 - [TEST_STEP][PASSED] - typeOfDataMain = "Факт": null

28-03-2025T12:18:41 - [TEST_STEP][PASSED] - otpusk = findTestData("PlanFact").getValue(5, a): null

28-03-2025T12:18:41 - [TEST_STEP][PASSED] - poteri = findTestData("PlanFact").getValue(6, a): null

28-03-2025T12:18:42 - [TEST_STEP][PASSED] - otpusk = otpusk.replaceAll("\s+", ""): null

28-03-2025T12:18:42 - [TEST_STEP][PASSED] - poteri = poteri.replaceAll("\s+", ""): null

28-03-2025T12:18:42 - [TEST_STEP][PASSED] - typeOfData = typeOfDataMain + " Отпуск в сеть": null

28-03-2025T12:18:42 - [TEST_STEP][PASSED] - if (a == 82): null

28-03-2025T12:18:42 - [TEST_STEP][PASSED] - else if (a == 84): null

28-03-2025T12:18:42 - [TEST_STEP][PASSED] - else if (a == 83 || a == 52 || a == 72 || a == 28 || a == 73 || a == 77 || a == 74 || a == 65 || a == 36 || a == 44 || a == 53 || a == 80 || a == 54 || a == 1 || a == 18 || a == 59 || a == 81): null

28-03-2025T12:18:42 - [TEST_STEP][PASSED] - path = dataFolder + "Table Data/" + typeOfData + " за отчётный период " + dzoNum: null

28-03-2025T12:18:42 - [TEST_STEP][PASSED] - println(path): null

28-03-2025T12:18:42 - [TEST_STEP][PASSED] - page = getText(findTestObject(path)): Text of object 'Object Repository/Выполнение бизнес-плана/Значения со страницы Выполнение бизнес-плана/Table Data/Факт Отпуск в сеть за отчётный период 5' is: '476 306'

28-03-2025T12:18:42 - [MESSAGE][PASSED] - Text of object 'Object Repository/Выполнение бизнес-плана/Значения со страницы Выполнение бизнес-плана/Table Data/Факт Отпуск в сеть за отчётный период 5' is: '476 306'

28-03-2025T12:18:42 - [TEST_STEP][PASSED] - if (page == "" || page == null): null

28-03-2025T12:18:42 - [TEST_STEP][PASSED] - else: null

28-03-2025T12:18:42 - [TEST_STEP][PASSED] - page = page.replaceAll("\s+", ""): null

28-03-2025T12:18:42 - [TEST_STEP][PASSED] - if (page == "undefined"): null

28-03-2025T12:18:42 - [TEST_STEP][PASSED] - fileOtpuskVSet = otpusk.toInteger(): null

28-03-2025T12:18:42 - [TEST_STEP][PASSED] - pageOtpuskVSet = page.toInteger(): null

28-03-2025T12:18:42 - [TEST_STEP][PASSED] - typeOfData = typeOfDataMain + " Потери": null

28-03-2025T12:18:42 - [TEST_STEP][PASSED] - if (a == 82): null

28-03-2025T12:18:42 - [TEST_STEP][PASSED] - else if (a == 84): null

28-03-2025T12:18:42 - [TEST_STEP][PASSED] - else if (a == 83 || a == 52 || a == 72 || a == 28 || a == 73 || a == 77 || a == 74 || a == 65 || a == 44 || a == 53 || a == 80 || a == 54 || a == 1 || a == 18 || a == 59 || a == 81): null

28-03-2025T12:18:42 - [TEST_STEP][PASSED] - path = dataFolder + "Table Data/" + typeOfData + " за отчётный период " + dzoNum: null

28-03-2025T12:18:42 - [TEST_STEP][PASSED] - page = getText(findTestObject(path)): Text of object 'Object Repository/Выполнение бизнес-плана/Значения со страницы Выполнение бизнес-плана/Table Data/Факт Потери за отчётный период 5' is: '3 352 866'

28-03-2025T12:18:42 - [MESSAGE][PASSED] - Text of object 'Object Repository/Выполнение бизнес-плана/Значения со страницы Выполнение бизнес-плана/Table Data/Факт Потери за отчётный период 5' is: '3 352 866'

28-03-2025T12:18:42 - [TEST_STEP][PASSED] - if (page == "" || page == null): null

28-03-2025T12:18:42 - [TEST_STEP][PASSED] - else: null

28-03-2025T12:18:42 - [TEST_STEP][PASSED] - page = page.replaceAll("\s+", ""): null

28-03-2025T12:18:42 - [TEST_STEP][PASSED] - if (page == "undefined"): null

28-03-2025T12:18:42 - [TEST_STEP][PASSED] - filePoteri = poteri.toInteger(): null

28-03-2025T12:18:42 - [TEST_STEP][PASSED] - pagePoteri = page.toInteger(): null

28-03-2025T12:18:42 - [TEST_STEP][PASSED] - compare = pageOtpuskVSet: null

28-03-2025T12:18:42 - [TEST_STEP][PASSED] - if (pageOtpuskVSet != null): null

28-03-2025T12:18:42 - [TEST_STEP][PASSED] - if (compare == fileOtpuskVSet): null

28-03-2025T12:18:42 - [TEST_STEP][PASSED] - if (compare == fileOtpuskVSet): null

28-03-2025T12:18:42 - [TEST_STEP][PASSED] - compare = pagePoteri: null

28-03-2025T12:18:42 - [TEST_STEP][PASSED] - if (pageOtpuskVSet != null): null

28-03-2025T12:18:42 - [TEST_STEP][PASSED] - if (compare == filePoteri): null

28-03-2025T12:18:42 - [TEST_STEP][PASSED] - else if (compare > filePoteri): null

28-03-2025T12:18:42 - [TEST_STEP][PASSED] - compare = compare - 1: null

28-03-2025T12:18:42 - [TEST_STEP][PASSED] - if (compare == filePoteri): null

28-03-2025T12:18:42 - [TEST_STEP][PASSED] - else: null

28-03-2025T12:18:42 - [TEST_STEP][PASSED] - numberOfErrors = numberOfErrors + 1: null

28-03-2025T12:18:42 - [TEST_STEP][PASSED] - pageInt = pagePoteri: null

28-03-2025T12:18:42 - [TEST_STEP][PASSED] - fileInt = filePoteri: null

28-03-2025T12:18:42 - [TEST_STEP][PASSED] - typeOfData = typeOfDataMain + " Потери": null

28-03-2025T12:18:42 - [TEST_STEP][PASSED] - Script1718980020443.WriteToExcel(a, typeOfData, todaysDate, pageInt, fileInt, pageDouble, fileDouble, dZO): null

28-03-2025T12:18:42 - [TEST_STEP][PASSED] - sheetName = "Sheet1": null

28-03-2025T12:18:42 - [TEST_STEP][PASSED] - data = findTestData("PlanFact"): null

28-03-2025T12:18:42 - [TEST_STEP][PASSED] - n = data.getRowNumbers() + 1: null

28-03-2025T12:18:42 - [TEST_STEP][PASSED] - day = ")).toInteger(): null

28-03-2025T12:18:42 - [TEST_STEP][PASSED] - println(day): null

28-03-2025T12:18:42 - [TEST_STEP][PASSED] - month = ")).toInteger(): null

28-03-2025T12:18:42 - [TEST_STEP][PASSED] - println(month): null

28-03-2025T12:18:42 - [TEST_STEP][PASSED] - y = <not implemented yet for class: org.codehaus.groovy.ast.expr.EmptyExpression>: null

28-03-2025T12:18:42 - [TEST_STEP][PASSED] - iy = <not implemented yet for class: org.codehaus.groovy.ast.expr.EmptyExpression>: null

28-03-2025T12:18:42 - [TEST_STEP][PASSED] - m = getText(findTestObject("Выполнение бизнес-плана/Период")): Text of object 'Object Repository/Выполнение бизнес-плана/Период' is: 'Январь 2025 года'

28-03-2025T12:18:42 - [MESSAGE][PASSED] - Text of object 'Object Repository/Выполнение бизнес-плана/Период' is: 'Январь 2025 года'

28-03-2025T12:18:42 - [TEST_STEP][PASSED] - iy = m.indexOf("20"): null

28-03-2025T12:18:42 - [TEST_STEP][PASSED] - if (iy > -1): null

28-03-2025T12:18:42 - [TEST_STEP][PASSED] - y = substring(iy, iy + 4).toInteger(): null

28-03-2025T12:18:42 - [TEST_STEP][PASSED] - println(y): null

28-03-2025T12:18:42 - [TEST_STEP][PASSED] - if (toString().length() == 4): null

28-03-2025T12:18:42 - [TEST_STEP][PASSED] - m = m.substring(0, m.indexOf(y.toString())): null

28-03-2025T12:18:42 - [TEST_STEP][PASSED] - m = m.trim(): null

28-03-2025T12:18:42 - [TEST_STEP][PASSED] - if (m == ""): null

28-03-2025T12:18:42 - [TEST_STEP][PASSED] - dashboardName = "Выполнение бизнес-плана": null

28-03-2025T12:18:42 - [TEST_STEP][PASSED] - workbook01 = getWorkbook(excelFilePath): null

28-03-2025T12:18:43 - [TEST_STEP][PASSED] - sheet01 = getExcelSheet(workbook01, sheetName): null

28-03-2025T12:18:43 - [TEST_STEP][PASSED] - setValueToCellByIndex(sheet01, n, 0, dashboardName): null

28-03-2025T12:18:43 - [TEST_STEP][PASSED] - setValueToCellByIndex(sheet01, n, 1, dZO): null

28-03-2025T12:18:43 - [TEST_STEP][PASSED] - setValueToCellByIndex(sheet01, n, 2, typeOfData): null

28-03-2025T12:18:43 - [TEST_STEP][PASSED] - if (typeOfData == "Факт в процентах" || typeOfData == "План в процентах"): null

28-03-2025T12:18:43 - [TEST_STEP][PASSED] - else: null

28-03-2025T12:18:43 - [TEST_STEP][PASSED] - setValueToCellByIndex(sheet01, n, 3, fileInt): null

28-03-2025T12:18:43 - [TEST_STEP][PASSED] - setValueToCellByIndex(sheet01, n, 4, pageInt): null

28-03-2025T12:18:43 - [TEST_STEP][PASSED] - setValueToCellByIndex(sheet01, n, 5, m): null

28-03-2025T12:18:43 - [TEST_STEP][PASSED] - setValueToCellByIndex(sheet01, n, 6, y): null

28-03-2025T12:18:43 - [TEST_STEP][PASSED] - setValueToCellByIndex(sheet01, n, 7, todaysDate): null

28-03-2025T12:18:43 - [TEST_STEP][PASSED] - n = n + 1: null

28-03-2025T12:18:43 - [TEST_STEP][FAILED] - saveWorkbook(excelFilePath, workbook01): null

28-03-2025T12:18:43 - [TEST_STEP][PASSED] - if (planFact == 2): null

28-03-2025T12:18:43 - [TEST_STEP][PASSED] - if (planFact == 1): null

28-03-2025T12:18:43 - [TEST_STEP][PASSED] - else if (planFact == 2): null

28-03-2025T12:18:43 - [TEST_STEP][PASSED] - click(findTestObject("Выполнение бизнес-плана/Кнопка План")): Object: 'Object Repository/Выполнение бизнес-плана/Кнопка План' is clicked on

28-03-2025T12:18:43 - [MESSAGE][PASSED] - Object: 'Object Repository/Выполнение бизнес-плана/Кнопка План' is clicked on

28-03-2025T12:18:43 - [TEST_STEP][PASSED] - typeOfDataMain = "План": null

28-03-2025T12:18:43 - [TEST_STEP][PASSED] - otpusk = findTestData("PlanFact").getValue(2, a): null

28-03-2025T12:18:43 - [TEST_STEP][PASSED] - poteri = findTestData("PlanFact").getValue(3, a): null

28-03-2025T12:18:43 - [TEST_STEP][PASSED] - otpusk = otpusk.replaceAll("\s+", ""): null

28-03-2025T12:18:43 - [TEST_STEP][PASSED] - poteri = poteri.replaceAll("\s+", ""): null

28-03-2025T12:18:43 - [TEST_STEP][PASSED] - typeOfData = typeOfDataMain + " Отпуск в сеть": null

28-03-2025T12:18:43 - [TEST_STEP][PASSED] - if (a == 82): null

28-03-2025T12:18:43 - [TEST_STEP][PASSED] - else if (a == 84): null

28-03-2025T12:18:43 - [TEST_STEP][PASSED] - else if (a == 83 || a == 52 || a == 72 || a == 28 || a == 73 || a == 77 || a == 74 || a == 65 || a == 36 || a == 44 || a == 53 || a == 80 || a == 54 || a == 1 || a == 18 || a == 59 || a == 81): null

28-03-2025T12:18:43 - [TEST_STEP][PASSED] - path = dataFolder + "Table Data/" + typeOfData + " за отчётный период " + dzoNum: null

28-03-2025T12:18:43 - [TEST_STEP][PASSED] - println(path): null

28-03-2025T12:18:43 - [TEST_STEP][PASSED] - page = getText(findTestObject(path)): Text of object 'Object Repository/Выполнение бизнес-плана/Значения со страницы Выполнение бизнес-плана/Table Data/План Отпуск в сеть за отчётный период 5' is: '504 635'

28-03-2025T12:18:44 - [MESSAGE][PASSED] - Text of object 'Object Repository/Выполнение бизнес-плана/Значения со страницы Выполнение бизнес-плана/Table Data/План Отпуск в сеть за отчётный период 5' is: '504 635'

28-03-2025T12:18:44 - [TEST_STEP][PASSED] - if (page == "" || page == null): null

28-03-2025T12:18:44 - [TEST_STEP][PASSED] - else: null

28-03-2025T12:18:44 - [TEST_STEP][PASSED] - page = page.replaceAll("\s+", ""): null

28-03-2025T12:18:44 - [TEST_STEP][PASSED] - if (page == "undefined"): null

28-03-2025T12:18:44 - [TEST_STEP][PASSED] - fileOtpuskVSet = otpusk.toInteger(): null

28-03-2025T12:18:44 - [TEST_STEP][PASSED] - pageOtpuskVSet = page.toInteger(): null

28-03-2025T12:18:44 - [TEST_STEP][PASSED] - typeOfData = typeOfDataMain + " Потери": null

28-03-2025T12:18:44 - [TEST_STEP][PASSED] - if (a == 82): null

28-03-2025T12:18:44 - [TEST_STEP][PASSED] - else if (a == 84): null

28-03-2025T12:18:44 - [TEST_STEP][PASSED] - else if (a == 83 || a == 52 || a == 72 || a == 28 || a == 73 || a == 77 || a == 74 || a == 65 || a == 44 || a == 53 || a == 80 || a == 54 || a == 1 || a == 18 || a == 59 || a == 81): null

28-03-2025T12:18:44 - [TEST_STEP][PASSED] - path = dataFolder + "Table Data/" + typeOfData + " за отчётный период " + dzoNum: null

28-03-2025T12:18:44 - [TEST_STEP][FAILED] - page = getText(findTestObject(path)): Unable to get text of object 'Object Repository/Выполнение бизнес-плана/Значения со страницы Выполнение бизнес-плана/Table Data/План Потери за отчётный период 5' (Root cause: com.kms.katalon.core.exception.StepFailedException: Unable to get text of object 'Object Repository/Выполнение бизнес-плана/Значения со страницы Выполнение бизнес-плана/Table Data/План Потери за отчётный период 5'
	at com.kms.katalon.core.webui.keyword.internal.WebUIKeywordMain.stepFailed(WebUIKeywordMain.groovy:64)
	at com.kms.katalon.core.webui.keyword.internal.WebUIKeywordMain.runKeyword(WebUIKeywordMain.groovy:26)
	at com.kms.katalon.core.webui.keyword.builtin.GetTextKeyword.getText(GetTextKeyword.groovy:88)
	at com.kms.katalon.core.webui.keyword.builtin.GetTextKeyword.execute(GetTextKeyword.groovy:67)
	at com.kms.katalon.core.keyword.internal.KeywordExecutor.executeKeywordForPlatform(KeywordExecutor.groovy:74)
	at com.kms.katalon.core.webui.keyword.WebUiBuiltInKeywords.getText(WebUiBuiltInKeywords.groovy:957)
	at Выполнение бизнес-плана Сверка ПАО Россети все филиалы.Numbers(Выполнение бизнес-плана Сверка ПАО Россети все филиалы:594)
	at Выполнение бизнес-плана Сверка ПАО Россети все филиалы.run(Выполнение бизнес-плана Сверка ПАО Россети все филиалы:329)
	at com.kms.katalon.core.main.ScriptEngine.run(ScriptEngine.java:194)
	at com.kms.katalon.core.main.ScriptEngine.runScriptAsRawText(ScriptEngine.java:119)
	at com.kms.katalon.core.main.TestCaseExecutor.runScript(TestCaseExecutor.java:448)
	at com.kms.katalon.core.main.TestCaseExecutor.doExecute(TestCaseExecutor.java:439)
	at com.kms.katalon.core.main.TestCaseExecutor.processExecutionPhase(TestCaseExecutor.java:418)
	at com.kms.katalon.core.main.TestCaseExecutor.accessMainPhase(TestCaseExecutor.java:410)
	at com.kms.katalon.core.main.TestCaseExecutor.execute(TestCaseExecutor.java:285)
	at com.kms.katalon.core.common.CommonExecutor.accessTestCaseMainPhase(CommonExecutor.java:65)
	at com.kms.katalon.core.main.TestSuiteExecutor.accessTestSuiteMainPhase(TestSuiteExecutor.java:150)
	at com.kms.katalon.core.main.TestSuiteExecutor.execute(TestSuiteExecutor.java:106)
	at com.kms.katalon.core.main.TestCaseMain.startTestSuite(TestCaseMain.java:180)
	at TempTestSuite1743137207280.run(TempTestSuite1743137207280.groovy:35)
	at java.base/jdk.internal.reflect.NativeMethodAccessorImpl.invoke0(Native Method)
	at java.base/jdk.internal.reflect.NativeMethodAccessorImpl.invoke(NativeMethodAccessorImpl.java:77)
	at java.base/jdk.internal.reflect.DelegatingMethodAccessorImpl.invoke(DelegatingMethodAccessorImpl.java:43)
Caused by: com.kms.katalon.core.webui.exception.WebElementNotFoundException: Web element with id: 'Object Repository/Выполнение бизнес-плана/Значения со страницы Выполнение бизнес-плана/Table Data/План Потери за отчётный период 5' located by '(.//*[normalize-space(text()) and normalize-space(.)='Показатели баланса электроэнергии по ДЗО – План'])[2]/following::td[39]' not found
	at com.kms.katalon.core.webui.common.WebUiCommonHelper.findWebElement(WebUiCommonHelper.java:1426)
	at com.kms.katalon.core.webui.keyword.internal.WebUIAbstractKeyword.findWebElement(WebUIAbstractKeyword.groovy:27)
	at com.kms.katalon.core.webui.keyword.internal.WebUIAbstractKeyword.findWebElement(WebUIAbstractKeyword.groovy:26)
	at com.kms.katalon.core.webui.keyword.builtin.GetTextKeyword$_getText_closure1.doCall(GetTextKeyword.groovy:78)
	at com.kms.katalon.core.webui.keyword.builtin.GetTextKeyword$_getText_closure1.call(GetTextKeyword.groovy)
	at com.kms.katalon.core.webui.keyword.internal.WebUIKeywordMain.runKeyword(WebUIKeywordMain.groovy:20)
	at com.kms.katalon.core.webui.keyword.builtin.GetTextKeyword.getText(GetTextKeyword.groovy:88)
	at com.kms.katalon.core.webui.keyword.builtin.GetTextKeyword.execute(GetTextKeyword.groovy:67)
	at com.kms.katalon.core.keyword.internal.KeywordExecutor.executeKeywordForPlatform(KeywordExecutor.groovy:74)
	at com.kms.katalon.core.webui.keyword.WebUiBuiltInKeywords.getText(WebUiBuiltInKeywords.groovy:957)
	at Script1718980020443.Numbers(Script1718980020443.groovy:594)
	at Script1718980020443.run(Script1718980020443.groovy:329)
	... 15 more
)

28-03-2025T12:19:15 - [MESSAGE][INFO] - Unable to find the element located by 'By.xpath: (.//*[normalize-space(text()) and normalize-space(.)='Показатели баланса электроэнергии по ДЗО – План'])[2]/following::td[39]'. Please recheck the objects properties to make sure the desired element is located. 

28-03-2025T12:19:15 - [MESSAGE][FAILED] - Unable to get text of object 'Object Repository/Выполнение бизнес-плана/Значения со страницы Выполнение бизнес-плана/Table Data/План Потери за отчётный период 5' (Root cause: com.kms.katalon.core.exception.StepFailedException: Unable to get text of object 'Object Repository/Выполнение бизнес-плана/Значения со страницы Выполнение бизнес-плана/Table Data/План Потери за отчётный период 5'
	at com.kms.katalon.core.webui.keyword.internal.WebUIKeywordMain.stepFailed(WebUIKeywordMain.groovy:64)
	at com.kms.katalon.core.webui.keyword.internal.WebUIKeywordMain.runKeyword(WebUIKeywordMain.groovy:26)
	at com.kms.katalon.core.webui.keyword.builtin.GetTextKeyword.getText(GetTextKeyword.groovy:88)
	at com.kms.katalon.core.webui.keyword.builtin.GetTextKeyword.execute(GetTextKeyword.groovy:67)
	at com.kms.katalon.core.keyword.internal.KeywordExecutor.executeKeywordForPlatform(KeywordExecutor.groovy:74)
	at com.kms.katalon.core.webui.keyword.WebUiBuiltInKeywords.getText(WebUiBuiltInKeywords.groovy:957)
	at Выполнение бизнес-плана Сверка ПАО Россети все филиалы.Numbers(Выполнение бизнес-плана Сверка ПАО Россети все филиалы:594)
	at Выполнение бизнес-плана Сверка ПАО Россети все филиалы.run(Выполнение бизнес-плана Сверка ПАО Россети все филиалы:329)
	at com.kms.katalon.core.main.ScriptEngine.run(ScriptEngine.java:194)
	at com.kms.katalon.core.main.ScriptEngine.runScriptAsRawText(ScriptEngine.java:119)
	at com.kms.katalon.core.main.TestCaseExecutor.runScript(TestCaseExecutor.java:448)
	at com.kms.katalon.core.main.TestCaseExecutor.doExecute(TestCaseExecutor.java:439)
	at com.kms.katalon.core.main.TestCaseExecutor.processExecutionPhase(TestCaseExecutor.java:418)
	at com.kms.katalon.core.main.TestCaseExecutor.accessMainPhase(TestCaseExecutor.java:410)
	at com.kms.katalon.core.main.TestCaseExecutor.execute(TestCaseExecutor.java:285)
	at com.kms.katalon.core.common.CommonExecutor.accessTestCaseMainPhase(CommonExecutor.java:65)
	at com.kms.katalon.core.main.TestSuiteExecutor.accessTestSuiteMainPhase(TestSuiteExecutor.java:150)
	at com.kms.katalon.core.main.TestSuiteExecutor.execute(TestSuiteExecutor.java:106)
	at com.kms.katalon.core.main.TestCaseMain.startTestSuite(TestCaseMain.java:180)
	at TempTestSuite1743137207280.run(TempTestSuite1743137207280.groovy:35)
	at java.base/jdk.internal.reflect.NativeMethodAccessorImpl.invoke0(Native Method)
	at java.base/jdk.internal.reflect.NativeMethodAccessorImpl.invoke(NativeMethodAccessorImpl.java:77)
	at java.base/jdk.internal.reflect.DelegatingMethodAccessorImpl.invoke(DelegatingMethodAccessorImpl.java:43)
Caused by: com.kms.katalon.core.webui.exception.WebElementNotFoundException: Web element with id: 'Object Repository/Выполнение бизнес-плана/Значения со страницы Выполнение бизнес-плана/Table Data/План Потери за отчётный период 5' located by '(.//*[normalize-space(text()) and normalize-space(.)='Показатели баланса электроэнергии по ДЗО – План'])[2]/following::td[39]' not found
	at com.kms.katalon.core.webui.common.WebUiCommonHelper.findWebElement(WebUiCommonHelper.java:1426)
	at com.kms.katalon.core.webui.keyword.internal.WebUIAbstractKeyword.findWebElement(WebUIAbstractKeyword.groovy:27)
	at com.kms.katalon.core.webui.keyword.internal.WebUIAbstractKeyword.findWebElement(WebUIAbstractKeyword.groovy:26)
	at com.kms.katalon.core.webui.keyword.builtin.GetTextKeyword$_getText_closure1.doCall(GetTextKeyword.groovy:78)
	at com.kms.katalon.core.webui.keyword.builtin.GetTextKeyword$_getText_closure1.call(GetTextKeyword.groovy)
	at com.kms.katalon.core.webui.keyword.internal.WebUIKeywordMain.runKeyword(WebUIKeywordMain.groovy:20)
	at com.kms.katalon.core.webui.keyword.builtin.GetTextKeyword.getText(GetTextKeyword.groovy:88)
	at com.kms.katalon.core.webui.keyword.builtin.GetTextKeyword.execute(GetTextKeyword.groovy:67)
	at com.kms.katalon.core.keyword.internal.KeywordExecutor.executeKeywordForPlatform(KeywordExecutor.groovy:74)
	at com.kms.katalon.core.webui.keyword.WebUiBuiltInKeywords.getText(WebUiBuiltInKeywords.groovy:957)
	at Script1718980020443.Numbers(Script1718980020443.groovy:594)
	at Script1718980020443.run(Script1718980020443.groovy:329)
	... 15 more
)
[[ATTACHMENT|C:\\Users\\LIAZGINA-DI\\git\\SPORU\\Reports\\20250328_074647\\\u041F\u043D-\u0421\u0440-\u041F\u0442\\\u0421\u0432\u0435\u0440\u043A\u0430 \u0434\u0430\u0448\u0431\u043E\u0440\u0434\u043E\u0432 \u0438\u0437 \u0440\u0430\u0437\u043D\u044B\u0445 \u0431\u043B\u043E\u043A\u043E\u0432\\20250328_074647\\1743153555139.png]]

28-03-2025T12:19:15 - [TEST_STEP][PASSED] - if (page == "" || page == null): null

28-03-2025T12:19:15 - [TEST_STEP][PASSED] - fileInt = poteri.toInteger(): null

28-03-2025T12:19:15 - [TEST_STEP][PASSED] - Script1718980020443.WriteToExcelNoData(a, typeOfData, todaysDate, fileInt, fileDouble, dZO): null

28-03-2025T12:19:15 - [TEST_STEP][PASSED] - sheetName = "Sheet1": null

28-03-2025T12:19:15 - [TEST_STEP][PASSED] - data = findTestData("PlanFact"): null

28-03-2025T12:19:15 - [TEST_STEP][PASSED] - n = data.getRowNumbers() + 1: null

28-03-2025T12:19:15 - [TEST_STEP][PASSED] - day = ")).toInteger(): null

28-03-2025T12:19:15 - [TEST_STEP][PASSED] - println(day): null

28-03-2025T12:19:15 - [TEST_STEP][PASSED] - month = ")).toInteger(): null

28-03-2025T12:19:15 - [TEST_STEP][PASSED] - println(month): null

28-03-2025T12:19:15 - [TEST_STEP][PASSED] - y = <not implemented yet for class: org.codehaus.groovy.ast.expr.EmptyExpression>: null

28-03-2025T12:19:15 - [TEST_STEP][PASSED] - iy = <not implemented yet for class: org.codehaus.groovy.ast.expr.EmptyExpression>: null

28-03-2025T12:19:15 - [TEST_STEP][PASSED] - m = getText(findTestObject("Выполнение бизнес-плана/Период")): Text of object 'Object Repository/Выполнение бизнес-плана/Период' is: 'Январь 2025 года'

28-03-2025T12:19:15 - [MESSAGE][PASSED] - Text of object 'Object Repository/Выполнение бизнес-плана/Период' is: 'Январь 2025 года'

28-03-2025T12:19:15 - [TEST_STEP][PASSED] - iy = m.indexOf("20"): null

28-03-2025T12:19:15 - [TEST_STEP][PASSED] - if (iy > -1): null

28-03-2025T12:19:15 - [TEST_STEP][PASSED] - y = substring(iy, iy + 4).toInteger(): null

28-03-2025T12:19:15 - [TEST_STEP][PASSED] - println(y): null

28-03-2025T12:19:15 - [TEST_STEP][PASSED] - if (toString().length() == 4): null

28-03-2025T12:19:15 - [TEST_STEP][PASSED] - m = m.substring(0, m.indexOf(y.toString())): null

28-03-2025T12:19:15 - [TEST_STEP][PASSED] - m = m.trim(): null

28-03-2025T12:19:15 - [TEST_STEP][PASSED] - if (m == ""): null

28-03-2025T12:19:15 - [TEST_STEP][PASSED] - dashboardName = "Выполнение бизнес-плана": null

28-03-2025T12:19:15 - [TEST_STEP][PASSED] - workbook01 = getWorkbook(excelFilePath): null

28-03-2025T12:19:15 - [TEST_STEP][PASSED] - sheet01 = getExcelSheet(workbook01, sheetName): null

28-03-2025T12:19:15 - [TEST_STEP][PASSED] - setValueToCellByIndex(sheet01, n, 0, dashboardName): null

28-03-2025T12:19:15 - [TEST_STEP][PASSED] - setValueToCellByIndex(sheet01, n, 1, dZO): null

28-03-2025T12:19:15 - [TEST_STEP][PASSED] - setValueToCellByIndex(sheet01, n, 2, typeOfData): null

28-03-2025T12:19:15 - [TEST_STEP][PASSED] - if (typeOfData == "Факт в процентах" || typeOfData == "План в процентах"): null

28-03-2025T12:19:15 - [TEST_STEP][PASSED] - else: null

28-03-2025T12:19:15 - [TEST_STEP][PASSED] - setValueToCellByIndex(sheet01, n, 3, fileInt): null

28-03-2025T12:19:15 - [TEST_STEP][PASSED] - setValueToCellByIndex(sheet01, n, 4, "нет данных"): null

28-03-2025T12:19:15 - [TEST_STEP][PASSED] - setValueToCellByIndex(sheet01, n, 5, m): null

28-03-2025T12:19:15 - [TEST_STEP][PASSED] - setValueToCellByIndex(sheet01, n, 6, y): null

28-03-2025T12:19:15 - [TEST_STEP][PASSED] - setValueToCellByIndex(sheet01, n, 7, todaysDate): null

28-03-2025T12:19:15 - [TEST_STEP][PASSED] - n = n + 1: null

28-03-2025T12:19:15 - [TEST_STEP][PASSED] - saveWorkbook(excelFilePath, workbook01): null

28-03-2025T12:19:15 - [TEST_STEP][PASSED] - compare = pageOtpuskVSet: null

28-03-2025T12:19:15 - [TEST_STEP][PASSED] - if (pageOtpuskVSet != null): null

28-03-2025T12:19:15 - [TEST_STEP][PASSED] - if (compare == fileOtpuskVSet): null

28-03-2025T12:19:15 - [TEST_STEP][PASSED] - if (compare == fileOtpuskVSet): null

28-03-2025T12:19:15 - [TEST_STEP][PASSED] - compare = pagePoteri: null

28-03-2025T12:19:15 - [TEST_STEP][PASSED] - if (pageOtpuskVSet != null): null

28-03-2025T12:19:15 - [TEST_STEP][PASSED] - if (compare == filePoteri): null

28-03-2025T12:19:15 - [TEST_STEP][PASSED] - else if (compare > filePoteri): null

28-03-2025T12:19:15 - [TEST_STEP][PASSED] - compare = compare - 1: null

28-03-2025T12:19:15 - [TEST_STEP][PASSED] - if (compare == filePoteri): null

28-03-2025T12:19:15 - [TEST_STEP][PASSED] - else: null

28-03-2025T12:19:15 - [TEST_STEP][PASSED] - numberOfErrors = numberOfErrors + 1: null

28-03-2025T12:19:15 - [TEST_STEP][PASSED] - pageInt = pagePoteri: null

28-03-2025T12:19:15 - [TEST_STEP][PASSED] - fileInt = filePoteri: null

28-03-2025T12:19:15 - [TEST_STEP][PASSED] - typeOfData = typeOfDataMain + " Потери": null

28-03-2025T12:19:15 - [TEST_STEP][PASSED] - Script1718980020443.WriteToExcel(a, typeOfData, todaysDate, pageInt, fileInt, pageDouble, fileDouble, dZO): null

28-03-2025T12:19:15 - [TEST_STEP][PASSED] - sheetName = "Sheet1": null

28-03-2025T12:19:15 - [TEST_STEP][PASSED] - data = findTestData("PlanFact"): null

28-03-2025T12:19:15 - [TEST_STEP][PASSED] - n = data.getRowNumbers() + 1: null

28-03-2025T12:19:15 - [TEST_STEP][PASSED] - day = ")).toInteger(): null

28-03-2025T12:19:15 - [TEST_STEP][PASSED] - println(day): null

28-03-2025T12:19:15 - [TEST_STEP][PASSED] - month = ")).toInteger(): null

28-03-2025T12:19:15 - [TEST_STEP][PASSED] - println(month): null

28-03-2025T12:19:15 - [TEST_STEP][PASSED] - y = <not implemented yet for class: org.codehaus.groovy.ast.expr.EmptyExpression>: null

28-03-2025T12:19:15 - [TEST_STEP][PASSED] - iy = <not implemented yet for class: org.codehaus.groovy.ast.expr.EmptyExpression>: null

28-03-2025T12:19:15 - [TEST_STEP][PASSED] - m = getText(findTestObject("Выполнение бизнес-плана/Период")): Text of object 'Object Repository/Выполнение бизнес-плана/Период' is: 'Январь 2025 года'

28-03-2025T12:19:16 - [MESSAGE][PASSED] - Text of object 'Object Repository/Выполнение бизнес-плана/Период' is: 'Январь 2025 года'

28-03-2025T12:19:16 - [TEST_STEP][PASSED] - iy = m.indexOf("20"): null

28-03-2025T12:19:16 - [TEST_STEP][PASSED] - if (iy > -1): null

28-03-2025T12:19:16 - [TEST_STEP][PASSED] - y = substring(iy, iy + 4).toInteger(): null

28-03-2025T12:19:16 - [TEST_STEP][PASSED] - println(y): null

28-03-2025T12:19:16 - [TEST_STEP][PASSED] - if (toString().length() == 4): null

28-03-2025T12:19:16 - [TEST_STEP][PASSED] - m = m.substring(0, m.indexOf(y.toString())): null

28-03-2025T12:19:16 - [TEST_STEP][PASSED] - m = m.trim(): null

28-03-2025T12:19:16 - [TEST_STEP][PASSED] - if (m == ""): null

28-03-2025T12:19:16 - [TEST_STEP][PASSED] - dashboardName = "Выполнение бизнес-плана": null

28-03-2025T12:19:16 - [TEST_STEP][PASSED] - workbook01 = getWorkbook(excelFilePath): null

28-03-2025T12:19:16 - [TEST_STEP][PASSED] - sheet01 = getExcelSheet(workbook01, sheetName): null

28-03-2025T12:19:16 - [TEST_STEP][PASSED] - setValueToCellByIndex(sheet01, n, 0, dashboardName): null

28-03-2025T12:19:16 - [TEST_STEP][PASSED] - setValueToCellByIndex(sheet01, n, 1, dZO): null

28-03-2025T12:19:16 - [TEST_STEP][PASSED] - setValueToCellByIndex(sheet01, n, 2, typeOfData): null

28-03-2025T12:19:16 - [TEST_STEP][PASSED] - if (typeOfData == "Факт в процентах" || typeOfData == "План в процентах"): null

28-03-2025T12:19:16 - [TEST_STEP][PASSED] - else: null

28-03-2025T12:19:16 - [TEST_STEP][PASSED] - setValueToCellByIndex(sheet01, n, 3, fileInt): null

28-03-2025T12:19:16 - [TEST_STEP][PASSED] - setValueToCellByIndex(sheet01, n, 4, pageInt): null

28-03-2025T12:19:16 - [TEST_STEP][PASSED] - setValueToCellByIndex(sheet01, n, 5, m): null

28-03-2025T12:19:16 - [TEST_STEP][PASSED] - setValueToCellByIndex(sheet01, n, 6, y): null

28-03-2025T12:19:16 - [TEST_STEP][PASSED] - setValueToCellByIndex(sheet01, n, 7, todaysDate): null

28-03-2025T12:19:16 - [TEST_STEP][PASSED] - n = n + 1: null

28-03-2025T12:19:16 - [TEST_STEP][PASSED] - saveWorkbook(excelFilePath, workbook01): Object: 'Object Repository/Выполнение бизнес-плана/Кнопка Факт' is clicked on

28-03-2025T12:19:16 - [TEST_STEP][PASSED] - if (planFact == 2): Object: 'Object Repository/Выполнение бизнес-плана/Кнопка Факт' is clicked on

28-03-2025T12:19:16 - [TEST_STEP][PASSED] - click(findTestObject("Выполнение бизнес-плана/Кнопка Факт")): Object: 'Object Repository/Выполнение бизнес-плана/Кнопка Факт' is clicked on

28-03-2025T12:19:16 - [MESSAGE][PASSED] - Object: 'Object Repository/Выполнение бизнес-плана/Кнопка Факт' is clicked on

28-03-2025T12:19:16 - [TEST_STEP][PASSED] - println("a=" + a): null

28-03-2025T12:19:16 - [TEST_STEP][PASSED] - if (a == 84 || a == 82): null

28-03-2025T12:19:16 - [TEST_STEP][PASSED] - else if (a == 83 || a == 52 || a == 72 || a == 28 || a == 73 || a == 77 || a == 74 || a == 65 || a == 36 || a == 44 || a == 53 || a == 80 || a == 54 || a == 1 || a == 18 || a == 59 || a == 81): null

28-03-2025T12:19:16 - [TEST_STEP][PASSED] - page1 = getText(findTestObject("Object Repository/Выполнение бизнес-плана/spanPlan" + dzoNum)): Text of object 'Object Repository/Выполнение бизнес-плана/spanPlan5' is: '11.82
|'

28-03-2025T12:19:17 - [MESSAGE][PASSED] - Text of object 'Object Repository/Выполнение бизнес-плана/spanPlan5' is: '11.82
|'

28-03-2025T12:19:17 - [TEST_STEP][PASSED] - page1 = page1.replace("|", ""): null

28-03-2025T12:19:17 - [TEST_STEP][PASSED] - page2 = getText(findTestObject("Object Repository/Выполнение бизнес-плана/spanFact" + dzoNum)): Text of object 'Object Repository/Выполнение бизнес-плана/spanFact5' is: '11.52'

28-03-2025T12:19:17 - [MESSAGE][PASSED] - Text of object 'Object Repository/Выполнение бизнес-плана/spanFact5' is: '11.52'

28-03-2025T12:19:17 - [TEST_STEP][PASSED] - page2 = page2.replace("|", ""): null

28-03-2025T12:19:17 - [TEST_STEP][PASSED] - println("page1: " + page1): null

28-03-2025T12:19:17 - [TEST_STEP][PASSED] - println("page2: " + page2): null

28-03-2025T12:19:17 - [TEST_STEP][PASSED] - file = findTestData("PlanFact").getValue(4, a): null

28-03-2025T12:19:17 - [TEST_STEP][PASSED] - file = file.replace(",", "."): null

28-03-2025T12:19:17 - [TEST_STEP][PASSED] - println("file Plan: " + file): null

28-03-2025T12:19:17 - [TEST_STEP][PASSED] - typeOfData = "План в процентах": null

28-03-2025T12:19:17 - [TEST_STEP][PASSED] - fileDouble = file.toDouble(): null

28-03-2025T12:19:17 - [TEST_STEP][PASSED] - pageDouble = page1.toDouble(): null

28-03-2025T12:19:17 - [TEST_STEP][PASSED] - if (fileDouble != pageDouble): null

28-03-2025T12:19:17 - [TEST_STEP][PASSED] - file = findTestData("PlanFact").getValue(7, a): null

28-03-2025T12:19:17 - [TEST_STEP][PASSED] - file = file.replace(",", "."): null

28-03-2025T12:19:17 - [TEST_STEP][PASSED] - println("file Fact: " + file): null

28-03-2025T12:19:17 - [TEST_STEP][PASSED] - fileDouble = file.toDouble(): null

28-03-2025T12:19:17 - [TEST_STEP][PASSED] - typeOfData = "Факт в процентах": null

28-03-2025T12:19:17 - [TEST_STEP][PASSED] - fileDouble = file.toDouble(): null

28-03-2025T12:19:17 - [TEST_STEP][PASSED] - pageDouble = page2.toDouble(): null

28-03-2025T12:19:17 - [TEST_STEP][PASSED] - if (fileDouble != pageDouble): null

28-03-2025T12:19:17 - [TEST_STEP][FAILED] - if (verifyEqual(numberOfErrors, 0) == false): null

28-03-2025T12:19:17 - [MESSAGE][FAILED] - Unable to verify equal between actual object '2' and expected object '0' (Root cause: com.kms.katalon.core.exception.StepFailedException: Actual object '2' and expected object '0' are not equal
	at com.kms.katalon.core.keyword.builtin.VerifyEqualKeyword$_verifyEqual_closure1.doCall(VerifyEqualKeyword.groovy:58)
	at com.kms.katalon.core.keyword.builtin.VerifyEqualKeyword$_verifyEqual_closure1.call(VerifyEqualKeyword.groovy)
	at com.kms.katalon.core.keyword.internal.KeywordMain.runKeyword(KeywordMain.groovy:75)
	at com.kms.katalon.core.keyword.builtin.VerifyEqualKeyword.verifyEqual(VerifyEqualKeyword.groovy:63)
	at com.kms.katalon.core.keyword.builtin.VerifyEqualKeyword.execute(VerifyEqualKeyword.groovy:44)
	at com.kms.katalon.core.keyword.internal.KeywordExecutor.executeKeywordForPlatform(KeywordExecutor.groovy:74)
	at com.kms.katalon.core.keyword.BuiltinKeywords.verifyEqual(BuiltinKeywords.groovy:146)
	at jdk.internal.reflect.GeneratedMethodAccessor23.invoke(Unknown Source)
	at java.base/jdk.internal.reflect.DelegatingMethodAccessorImpl.invoke(DelegatingMethodAccessorImpl.java:43)
	at Выполнение бизнес-плана Сверка ПАО Россети все филиалы.Numbers(Выполнение бизнес-плана Сверка ПАО Россети все филиалы:744)
	at Выполнение бизнес-плана Сверка ПАО Россети все филиалы.run(Выполнение бизнес-плана Сверка ПАО Россети все филиалы:329)
	at com.kms.katalon.core.main.ScriptEngine.run(ScriptEngine.java:194)
	at com.kms.katalon.core.main.ScriptEngine.runScriptAsRawText(ScriptEngine.java:119)
	at com.kms.katalon.core.main.TestCaseExecutor.runScript(TestCaseExecutor.java:448)
	at com.kms.katalon.core.main.TestCaseExecutor.doExecute(TestCaseExecutor.java:439)
	at com.kms.katalon.core.main.TestCaseExecutor.processExecutionPhase(TestCaseExecutor.java:418)
	at com.kms.katalon.core.main.TestCaseExecutor.accessMainPhase(TestCaseExecutor.java:410)
	at com.kms.katalon.core.main.TestCaseExecutor.execute(TestCaseExecutor.java:285)
	at com.kms.katalon.core.common.CommonExecutor.accessTestCaseMainPhase(CommonExecutor.java:65)
	at com.kms.katalon.core.main.TestSuiteExecutor.accessTestSuiteMainPhase(TestSuiteExecutor.java:150)
	at com.kms.katalon.core.main.TestSuiteExecutor.execute(TestSuiteExecutor.java:106)
	at com.kms.katalon.core.main.TestCaseMain.startTestSuite(TestCaseMain.java:180)
	at TempTestSuite1743137207280.run(TempTestSuite1743137207280.groovy:35)
	at java.base/jdk.internal.reflect.NativeMethodAccessorImpl.invoke0(Native Method)
	at java.base/jdk.internal.reflect.NativeMethodAccessorImpl.invoke(NativeMethodAccessorImpl.java:77)
	at java.base/jdk.internal.reflect.DelegatingMethodAccessorImpl.invoke(DelegatingMethodAccessorImpl.java:43)
)

28-03-2025T12:19:17 - [TEST_STEP][PASSED] - println(numberOfErrors): null

28-03-2025T12:19:17 - [TEST_STEP][PASSED] - println("a=" + a): null

28-03-2025T12:19:17 - [TEST_STEP][PASSED] - if (a == 28 || a == 77 || a == 74 || a == 65 || a == 36 || a == 44 || a == 54 || a == 1 || a == 18 || a == 59): null

28-03-2025T12:19:17 - [TEST_STEP][PASSED] - if (a == 82): null

28-03-2025T12:19:17 - [TEST_STEP][PASSED] - println(dzoNum): null

28-03-2025T12:19:17 - [TEST_STEP][PASSED] - dZO = "Россети Тюмень": null

28-03-2025T12:19:17 - [TEST_STEP][PASSED] - a = 80: null

28-03-2025T12:19:17 - [TEST_STEP][PASSED] - if (x1.contains("Тюмень")): null

28-03-2025T12:19:17 - [TEST_STEP][PASSED] - else: null

28-03-2025T12:19:17 - [TEST_STEP][PASSED] - Script1718980020443.NoData(a, typeOfData, todaysDate, fileInt, fileDouble, dZO): null

28-03-2025T12:19:17 - [TEST_STEP][PASSED] - println(a): null

28-03-2025T12:19:17 - [TEST_STEP][PASSED] - println(todaysDate): null

28-03-2025T12:19:17 - [TEST_STEP][PASSED] - println(fileInt): null

28-03-2025T12:19:17 - [TEST_STEP][PASSED] - println(fileDouble): null

28-03-2025T12:19:17 - [TEST_STEP][PASSED] - println(dZO): null

28-03-2025T12:19:17 - [TEST_STEP][PASSED] - typeOfData = "Факт Отпуск в сеть": null

28-03-2025T12:19:17 - [TEST_STEP][PASSED] - fileInt = replaceAll("\s+", "").toInteger(): null

28-03-2025T12:19:17 - [TEST_STEP][PASSED] - Script1718980020443.WriteToExcelNoData(a, typeOfData, todaysDate, fileInt, fileDouble, dZO): null

28-03-2025T12:19:17 - [TEST_STEP][PASSED] - sheetName = "Sheet1": null

28-03-2025T12:19:17 - [TEST_STEP][PASSED] - data = findTestData("PlanFact"): null

28-03-2025T12:19:17 - [TEST_STEP][PASSED] - n = data.getRowNumbers() + 1: null

28-03-2025T12:19:17 - [TEST_STEP][PASSED] - day = ")).toInteger(): null

28-03-2025T12:19:17 - [TEST_STEP][PASSED] - println(day): null

28-03-2025T12:19:17 - [TEST_STEP][PASSED] - month = ")).toInteger(): null

28-03-2025T12:19:17 - [TEST_STEP][PASSED] - println(month): null

28-03-2025T12:19:17 - [TEST_STEP][PASSED] - y = <not implemented yet for class: org.codehaus.groovy.ast.expr.EmptyExpression>: null

28-03-2025T12:19:17 - [TEST_STEP][PASSED] - iy = <not implemented yet for class: org.codehaus.groovy.ast.expr.EmptyExpression>: null

28-03-2025T12:19:17 - [TEST_STEP][PASSED] - m = getText(findTestObject("Выполнение бизнес-плана/Период")): Text of object 'Object Repository/Выполнение бизнес-плана/Период' is: 'Январь 2025 года'

28-03-2025T12:19:17 - [MESSAGE][PASSED] - Text of object 'Object Repository/Выполнение бизнес-плана/Период' is: 'Январь 2025 года'

28-03-2025T12:19:17 - [TEST_STEP][PASSED] - iy = m.indexOf("20"): null

28-03-2025T12:19:17 - [TEST_STEP][PASSED] - if (iy > -1): null

28-03-2025T12:19:17 - [TEST_STEP][PASSED] - y = substring(iy, iy + 4).toInteger(): null

28-03-2025T12:19:17 - [TEST_STEP][PASSED] - println(y): null

28-03-2025T12:19:17 - [TEST_STEP][PASSED] - if (toString().length() == 4): null

28-03-2025T12:19:17 - [TEST_STEP][PASSED] - m = m.substring(0, m.indexOf(y.toString())): null

28-03-2025T12:19:17 - [TEST_STEP][PASSED] - m = m.trim(): null

28-03-2025T12:19:17 - [TEST_STEP][PASSED] - if (m == ""): null

28-03-2025T12:19:17 - [TEST_STEP][PASSED] - dashboardName = "Выполнение бизнес-плана": null

28-03-2025T12:19:17 - [TEST_STEP][PASSED] - workbook01 = getWorkbook(excelFilePath): null

28-03-2025T12:19:17 - [TEST_STEP][PASSED] - sheet01 = getExcelSheet(workbook01, sheetName): null

28-03-2025T12:19:17 - [TEST_STEP][PASSED] - setValueToCellByIndex(sheet01, n, 0, dashboardName): null

28-03-2025T12:19:17 - [TEST_STEP][PASSED] - setValueToCellByIndex(sheet01, n, 1, dZO): null

28-03-2025T12:19:17 - [TEST_STEP][PASSED] - setValueToCellByIndex(sheet01, n, 2, typeOfData): null

28-03-2025T12:19:17 - [TEST_STEP][PASSED] - if (typeOfData == "Факт в процентах" || typeOfData == "План в процентах"): null

28-03-2025T12:19:17 - [TEST_STEP][PASSED] - else: null

28-03-2025T12:19:17 - [TEST_STEP][PASSED] - setValueToCellByIndex(sheet01, n, 3, fileInt): null

28-03-2025T12:19:17 - [TEST_STEP][PASSED] - setValueToCellByIndex(sheet01, n, 4, "нет данных"): null

28-03-2025T12:19:17 - [TEST_STEP][PASSED] - setValueToCellByIndex(sheet01, n, 5, m): null

28-03-2025T12:19:17 - [TEST_STEP][PASSED] - setValueToCellByIndex(sheet01, n, 6, y): null

28-03-2025T12:19:17 - [TEST_STEP][PASSED] - setValueToCellByIndex(sheet01, n, 7, todaysDate): null

28-03-2025T12:19:17 - [TEST_STEP][PASSED] - n = n + 1: null

28-03-2025T12:19:17 - [TEST_STEP][PASSED] - saveWorkbook(excelFilePath, workbook01): null

28-03-2025T12:19:18 - [TEST_STEP][PASSED] - typeOfData = "Факт Потери": null

28-03-2025T12:19:18 - [TEST_STEP][PASSED] - fileInt = replaceAll("\s+", "").toInteger(): null

28-03-2025T12:19:18 - [TEST_STEP][PASSED] - Script1718980020443.WriteToExcelNoData(a, typeOfData, todaysDate, fileInt, fileDouble, dZO): null

28-03-2025T12:19:18 - [TEST_STEP][PASSED] - sheetName = "Sheet1": null

28-03-2025T12:19:18 - [TEST_STEP][PASSED] - data = findTestData("PlanFact"): null

28-03-2025T12:19:18 - [TEST_STEP][PASSED] - n = data.getRowNumbers() + 1: null

28-03-2025T12:19:18 - [TEST_STEP][PASSED] - day = ")).toInteger(): null

28-03-2025T12:19:18 - [TEST_STEP][PASSED] - println(day): null

28-03-2025T12:19:18 - [TEST_STEP][PASSED] - month = ")).toInteger(): null

28-03-2025T12:19:18 - [TEST_STEP][PASSED] - println(month): null

28-03-2025T12:19:18 - [TEST_STEP][PASSED] - y = <not implemented yet for class: org.codehaus.groovy.ast.expr.EmptyExpression>: null

28-03-2025T12:19:18 - [TEST_STEP][PASSED] - iy = <not implemented yet for class: org.codehaus.groovy.ast.expr.EmptyExpression>: null

28-03-2025T12:19:18 - [TEST_STEP][PASSED] - m = getText(findTestObject("Выполнение бизнес-плана/Период")): Text of object 'Object Repository/Выполнение бизнес-плана/Период' is: 'Январь 2025 года'

28-03-2025T12:19:18 - [MESSAGE][PASSED] - Text of object 'Object Repository/Выполнение бизнес-плана/Период' is: 'Январь 2025 года'

28-03-2025T12:19:18 - [TEST_STEP][PASSED] - iy = m.indexOf("20"): null

28-03-2025T12:19:18 - [TEST_STEP][PASSED] - if (iy > -1): null

28-03-2025T12:19:18 - [TEST_STEP][PASSED] - y = substring(iy, iy + 4).toInteger(): null

28-03-2025T12:19:18 - [TEST_STEP][PASSED] - println(y): null

28-03-2025T12:19:18 - [TEST_STEP][PASSED] - if (toString().length() == 4): null

28-03-2025T12:19:18 - [TEST_STEP][PASSED] - m = m.substring(0, m.indexOf(y.toString())): null

28-03-2025T12:19:18 - [TEST_STEP][PASSED] - m = m.trim(): null

28-03-2025T12:19:18 - [TEST_STEP][PASSED] - if (m == ""): null

28-03-2025T12:19:18 - [TEST_STEP][PASSED] - dashboardName = "Выполнение бизнес-плана": null

28-03-2025T12:19:18 - [TEST_STEP][PASSED] - workbook01 = getWorkbook(excelFilePath): null

28-03-2025T12:19:18 - [TEST_STEP][PASSED] - sheet01 = getExcelSheet(workbook01, sheetName): null

28-03-2025T12:19:18 - [TEST_STEP][PASSED] - setValueToCellByIndex(sheet01, n, 0, dashboardName): null

28-03-2025T12:19:18 - [TEST_STEP][PASSED] - setValueToCellByIndex(sheet01, n, 1, dZO): null

28-03-2025T12:19:18 - [TEST_STEP][PASSED] - setValueToCellByIndex(sheet01, n, 2, typeOfData): null

28-03-2025T12:19:18 - [TEST_STEP][PASSED] - if (typeOfData == "Факт в процентах" || typeOfData == "План в процентах"): null

28-03-2025T12:19:18 - [TEST_STEP][PASSED] - else: null

28-03-2025T12:19:18 - [TEST_STEP][PASSED] - setValueToCellByIndex(sheet01, n, 3, fileInt): null

28-03-2025T12:19:18 - [TEST_STEP][PASSED] - setValueToCellByIndex(sheet01, n, 4, "нет данных"): null

28-03-2025T12:19:18 - [TEST_STEP][PASSED] - setValueToCellByIndex(sheet01, n, 5, m): null

28-03-2025T12:19:18 - [TEST_STEP][PASSED] - setValueToCellByIndex(sheet01, n, 6, y): null

28-03-2025T12:19:18 - [TEST_STEP][PASSED] - setValueToCellByIndex(sheet01, n, 7, todaysDate): null

28-03-2025T12:19:18 - [TEST_STEP][PASSED] - n = n + 1: null

28-03-2025T12:19:18 - [TEST_STEP][PASSED] - saveWorkbook(excelFilePath, workbook01): null

28-03-2025T12:19:18 - [TEST_STEP][PASSED] - typeOfData = "План Отпуск в сеть": null

28-03-2025T12:19:18 - [TEST_STEP][PASSED] - fileInt = replaceAll("\s+", "").toInteger(): null

28-03-2025T12:19:18 - [TEST_STEP][PASSED] - Script1718980020443.WriteToExcelNoData(a, typeOfData, todaysDate, fileInt, fileDouble, dZO): null

28-03-2025T12:19:18 - [TEST_STEP][PASSED] - sheetName = "Sheet1": null

28-03-2025T12:19:18 - [TEST_STEP][PASSED] - data = findTestData("PlanFact"): null

28-03-2025T12:19:18 - [TEST_STEP][PASSED] - n = data.getRowNumbers() + 1: null

28-03-2025T12:19:18 - [TEST_STEP][PASSED] - day = ")).toInteger(): null

28-03-2025T12:19:18 - [TEST_STEP][PASSED] - println(day): null

28-03-2025T12:19:18 - [TEST_STEP][PASSED] - month = ")).toInteger(): null

28-03-2025T12:19:18 - [TEST_STEP][PASSED] - println(month): null

28-03-2025T12:19:18 - [TEST_STEP][PASSED] - y = <not implemented yet for class: org.codehaus.groovy.ast.expr.EmptyExpression>: null

28-03-2025T12:19:18 - [TEST_STEP][PASSED] - iy = <not implemented yet for class: org.codehaus.groovy.ast.expr.EmptyExpression>: null

28-03-2025T12:19:18 - [TEST_STEP][PASSED] - m = getText(findTestObject("Выполнение бизнес-плана/Период")): Text of object 'Object Repository/Выполнение бизнес-плана/Период' is: 'Январь 2025 года'

28-03-2025T12:19:19 - [MESSAGE][PASSED] - Text of object 'Object Repository/Выполнение бизнес-плана/Период' is: 'Январь 2025 года'

28-03-2025T12:19:19 - [TEST_STEP][PASSED] - iy = m.indexOf("20"): null

28-03-2025T12:19:19 - [TEST_STEP][PASSED] - if (iy > -1): null

28-03-2025T12:19:19 - [TEST_STEP][PASSED] - y = substring(iy, iy + 4).toInteger(): null

28-03-2025T12:19:19 - [TEST_STEP][PASSED] - println(y): null

28-03-2025T12:19:19 - [TEST_STEP][PASSED] - if (toString().length() == 4): null

28-03-2025T12:19:19 - [TEST_STEP][PASSED] - m = m.substring(0, m.indexOf(y.toString())): null

28-03-2025T12:19:19 - [TEST_STEP][PASSED] - m = m.trim(): null

28-03-2025T12:19:19 - [TEST_STEP][PASSED] - if (m == ""): null

28-03-2025T12:19:19 - [TEST_STEP][PASSED] - dashboardName = "Выполнение бизнес-плана": null

28-03-2025T12:19:19 - [TEST_STEP][PASSED] - workbook01 = getWorkbook(excelFilePath): null

28-03-2025T12:19:19 - [TEST_STEP][PASSED] - sheet01 = getExcelSheet(workbook01, sheetName): null

28-03-2025T12:19:19 - [TEST_STEP][PASSED] - setValueToCellByIndex(sheet01, n, 0, dashboardName): null

28-03-2025T12:19:19 - [TEST_STEP][PASSED] - setValueToCellByIndex(sheet01, n, 1, dZO): null

28-03-2025T12:19:19 - [TEST_STEP][PASSED] - setValueToCellByIndex(sheet01, n, 2, typeOfData): null

28-03-2025T12:19:19 - [TEST_STEP][PASSED] - if (typeOfData == "Факт в процентах" || typeOfData == "План в процентах"): null

28-03-2025T12:19:19 - [TEST_STEP][PASSED] - else: null

28-03-2025T12:19:19 - [TEST_STEP][PASSED] - setValueToCellByIndex(sheet01, n, 3, fileInt): null

28-03-2025T12:19:19 - [TEST_STEP][PASSED] - setValueToCellByIndex(sheet01, n, 4, "нет данных"): null

28-03-2025T12:19:19 - [TEST_STEP][PASSED] - setValueToCellByIndex(sheet01, n, 5, m): null

28-03-2025T12:19:19 - [TEST_STEP][PASSED] - setValueToCellByIndex(sheet01, n, 6, y): null

28-03-2025T12:19:19 - [TEST_STEP][PASSED] - setValueToCellByIndex(sheet01, n, 7, todaysDate): null

28-03-2025T12:19:19 - [TEST_STEP][PASSED] - n = n + 1: null

28-03-2025T12:19:19 - [TEST_STEP][PASSED] - saveWorkbook(excelFilePath, workbook01): null

28-03-2025T12:19:19 - [TEST_STEP][PASSED] - typeOfData = "План Потери": null

28-03-2025T12:19:19 - [TEST_STEP][PASSED] - fileInt = replaceAll("\s+", "").toInteger(): null

28-03-2025T12:19:19 - [TEST_STEP][PASSED] - Script1718980020443.WriteToExcelNoData(a, typeOfData, todaysDate, fileInt, fileDouble, dZO): null

28-03-2025T12:19:19 - [TEST_STEP][PASSED] - sheetName = "Sheet1": null

28-03-2025T12:19:19 - [TEST_STEP][PASSED] - data = findTestData("PlanFact"): null

28-03-2025T12:19:19 - [TEST_STEP][PASSED] - n = data.getRowNumbers() + 1: null

28-03-2025T12:19:19 - [TEST_STEP][PASSED] - day = ")).toInteger(): null

28-03-2025T12:19:19 - [TEST_STEP][PASSED] - println(day): null

28-03-2025T12:19:19 - [TEST_STEP][PASSED] - month = ")).toInteger(): null

28-03-2025T12:19:19 - [TEST_STEP][PASSED] - println(month): null

28-03-2025T12:19:19 - [TEST_STEP][PASSED] - y = <not implemented yet for class: org.codehaus.groovy.ast.expr.EmptyExpression>: null

28-03-2025T12:19:19 - [TEST_STEP][PASSED] - iy = <not implemented yet for class: org.codehaus.groovy.ast.expr.EmptyExpression>: null

28-03-2025T12:19:19 - [TEST_STEP][PASSED] - m = getText(findTestObject("Выполнение бизнес-плана/Период")): Text of object 'Object Repository/Выполнение бизнес-плана/Период' is: 'Январь 2025 года'

28-03-2025T12:19:19 - [MESSAGE][PASSED] - Text of object 'Object Repository/Выполнение бизнес-плана/Период' is: 'Январь 2025 года'

28-03-2025T12:19:19 - [TEST_STEP][PASSED] - iy = m.indexOf("20"): null

28-03-2025T12:19:19 - [TEST_STEP][PASSED] - if (iy > -1): null

28-03-2025T12:19:19 - [TEST_STEP][PASSED] - y = substring(iy, iy + 4).toInteger(): null

28-03-2025T12:19:19 - [TEST_STEP][PASSED] - println(y): null

28-03-2025T12:19:19 - [TEST_STEP][PASSED] - if (toString().length() == 4): null

28-03-2025T12:19:19 - [TEST_STEP][PASSED] - m = m.substring(0, m.indexOf(y.toString())): null

28-03-2025T12:19:19 - [TEST_STEP][PASSED] - m = m.trim(): null

28-03-2025T12:19:19 - [TEST_STEP][PASSED] - if (m == ""): null

28-03-2025T12:19:19 - [TEST_STEP][PASSED] - dashboardName = "Выполнение бизнес-плана": null

28-03-2025T12:19:19 - [TEST_STEP][PASSED] - workbook01 = getWorkbook(excelFilePath): null

28-03-2025T12:19:19 - [TEST_STEP][PASSED] - sheet01 = getExcelSheet(workbook01, sheetName): null

28-03-2025T12:19:19 - [TEST_STEP][PASSED] - setValueToCellByIndex(sheet01, n, 0, dashboardName): null

28-03-2025T12:19:19 - [TEST_STEP][PASSED] - setValueToCellByIndex(sheet01, n, 1, dZO): null

28-03-2025T12:19:19 - [TEST_STEP][PASSED] - setValueToCellByIndex(sheet01, n, 2, typeOfData): null

28-03-2025T12:19:19 - [TEST_STEP][PASSED] - if (typeOfData == "Факт в процентах" || typeOfData == "План в процентах"): null

28-03-2025T12:19:19 - [TEST_STEP][PASSED] - else: null

28-03-2025T12:19:19 - [TEST_STEP][PASSED] - setValueToCellByIndex(sheet01, n, 3, fileInt): null

28-03-2025T12:19:19 - [TEST_STEP][PASSED] - setValueToCellByIndex(sheet01, n, 4, "нет данных"): null

28-03-2025T12:19:19 - [TEST_STEP][PASSED] - setValueToCellByIndex(sheet01, n, 5, m): null

28-03-2025T12:19:19 - [TEST_STEP][PASSED] - setValueToCellByIndex(sheet01, n, 6, y): null

28-03-2025T12:19:19 - [TEST_STEP][PASSED] - setValueToCellByIndex(sheet01, n, 7, todaysDate): null

28-03-2025T12:19:19 - [TEST_STEP][PASSED] - n = n + 1: null

28-03-2025T12:19:19 - [TEST_STEP][PASSED] - saveWorkbook(excelFilePath, workbook01): null

28-03-2025T12:19:20 - [TEST_STEP][PASSED] - typeOfData = "План в процентах": null

28-03-2025T12:19:20 - [TEST_STEP][PASSED] - fileDouble = ").toDouble(): null

28-03-2025T12:19:20 - [TEST_STEP][PASSED] - Script1718980020443.WriteToExcelNoData(a, typeOfData, todaysDate, fileInt, fileDouble, dZO): null

28-03-2025T12:19:20 - [TEST_STEP][PASSED] - sheetName = "Sheet1": null

28-03-2025T12:19:20 - [TEST_STEP][PASSED] - data = findTestData("PlanFact"): null

28-03-2025T12:19:20 - [TEST_STEP][PASSED] - n = data.getRowNumbers() + 1: null

28-03-2025T12:19:20 - [TEST_STEP][PASSED] - day = ")).toInteger(): null

28-03-2025T12:19:20 - [TEST_STEP][PASSED] - println(day): null

28-03-2025T12:19:20 - [TEST_STEP][PASSED] - month = ")).toInteger(): null

28-03-2025T12:19:20 - [TEST_STEP][PASSED] - println(month): null

28-03-2025T12:19:20 - [TEST_STEP][PASSED] - y = <not implemented yet for class: org.codehaus.groovy.ast.expr.EmptyExpression>: null

28-03-2025T12:19:20 - [TEST_STEP][PASSED] - iy = <not implemented yet for class: org.codehaus.groovy.ast.expr.EmptyExpression>: null

28-03-2025T12:19:20 - [TEST_STEP][PASSED] - m = getText(findTestObject("Выполнение бизнес-плана/Период")): Text of object 'Object Repository/Выполнение бизнес-плана/Период' is: 'Январь 2025 года'

28-03-2025T12:19:20 - [MESSAGE][PASSED] - Text of object 'Object Repository/Выполнение бизнес-плана/Период' is: 'Январь 2025 года'

28-03-2025T12:19:20 - [TEST_STEP][PASSED] - iy = m.indexOf("20"): null

28-03-2025T12:19:20 - [TEST_STEP][PASSED] - if (iy > -1): null

28-03-2025T12:19:20 - [TEST_STEP][PASSED] - y = substring(iy, iy + 4).toInteger(): null

28-03-2025T12:19:20 - [TEST_STEP][PASSED] - println(y): null

28-03-2025T12:19:20 - [TEST_STEP][PASSED] - if (toString().length() == 4): null

28-03-2025T12:19:20 - [TEST_STEP][PASSED] - m = m.substring(0, m.indexOf(y.toString())): null

28-03-2025T12:19:20 - [TEST_STEP][PASSED] - m = m.trim(): null

28-03-2025T12:19:20 - [TEST_STEP][PASSED] - if (m == ""): null

28-03-2025T12:19:20 - [TEST_STEP][PASSED] - dashboardName = "Выполнение бизнес-плана": null

28-03-2025T12:19:20 - [TEST_STEP][PASSED] - workbook01 = getWorkbook(excelFilePath): null

28-03-2025T12:19:20 - [TEST_STEP][PASSED] - sheet01 = getExcelSheet(workbook01, sheetName): null

28-03-2025T12:19:20 - [TEST_STEP][PASSED] - setValueToCellByIndex(sheet01, n, 0, dashboardName): null

28-03-2025T12:19:20 - [TEST_STEP][PASSED] - setValueToCellByIndex(sheet01, n, 1, dZO): null

28-03-2025T12:19:20 - [TEST_STEP][PASSED] - setValueToCellByIndex(sheet01, n, 2, typeOfData): null

28-03-2025T12:19:20 - [TEST_STEP][PASSED] - if (typeOfData == "Факт в процентах" || typeOfData == "План в процентах"): null

28-03-2025T12:19:20 - [TEST_STEP][PASSED] - setValueToCellByIndex(sheet01, n, 3, fileDouble): null

28-03-2025T12:19:20 - [TEST_STEP][PASSED] - setValueToCellByIndex(sheet01, n, 4, "нет данных"): null

28-03-2025T12:19:20 - [TEST_STEP][PASSED] - setValueToCellByIndex(sheet01, n, 5, m): null

28-03-2025T12:19:20 - [TEST_STEP][PASSED] - setValueToCellByIndex(sheet01, n, 6, y): null

28-03-2025T12:19:20 - [TEST_STEP][PASSED] - setValueToCellByIndex(sheet01, n, 7, todaysDate): null

28-03-2025T12:19:20 - [TEST_STEP][PASSED] - n = n + 1: null

28-03-2025T12:19:20 - [TEST_STEP][PASSED] - saveWorkbook(excelFilePath, workbook01): null

28-03-2025T12:19:20 - [TEST_STEP][PASSED] - typeOfData = "Факт в процентах": null

28-03-2025T12:19:20 - [TEST_STEP][PASSED] - fileDouble = ").toDouble(): null

28-03-2025T12:19:20 - [TEST_STEP][PASSED] - Script1718980020443.WriteToExcelNoData(a, typeOfData, todaysDate, fileInt, fileDouble, dZO): null

28-03-2025T12:19:20 - [TEST_STEP][PASSED] - sheetName = "Sheet1": null

28-03-2025T12:19:20 - [TEST_STEP][PASSED] - data = findTestData("PlanFact"): null

28-03-2025T12:19:20 - [TEST_STEP][PASSED] - n = data.getRowNumbers() + 1: null

28-03-2025T12:19:20 - [TEST_STEP][PASSED] - day = ")).toInteger(): null

28-03-2025T12:19:20 - [TEST_STEP][PASSED] - println(day): null

28-03-2025T12:19:20 - [TEST_STEP][PASSED] - month = ")).toInteger(): null

28-03-2025T12:19:20 - [TEST_STEP][PASSED] - println(month): null

28-03-2025T12:19:20 - [TEST_STEP][PASSED] - y = <not implemented yet for class: org.codehaus.groovy.ast.expr.EmptyExpression>: null

28-03-2025T12:19:20 - [TEST_STEP][PASSED] - iy = <not implemented yet for class: org.codehaus.groovy.ast.expr.EmptyExpression>: null

28-03-2025T12:19:20 - [TEST_STEP][PASSED] - m = getText(findTestObject("Выполнение бизнес-плана/Период")): Text of object 'Object Repository/Выполнение бизнес-плана/Период' is: 'Январь 2025 года'

28-03-2025T12:19:21 - [MESSAGE][PASSED] - Text of object 'Object Repository/Выполнение бизнес-плана/Период' is: 'Январь 2025 года'

28-03-2025T12:19:21 - [TEST_STEP][PASSED] - iy = m.indexOf("20"): null

28-03-2025T12:19:21 - [TEST_STEP][PASSED] - if (iy > -1): null

28-03-2025T12:19:21 - [TEST_STEP][PASSED] - y = substring(iy, iy + 4).toInteger(): null

28-03-2025T12:19:21 - [TEST_STEP][PASSED] - println(y): null

28-03-2025T12:19:21 - [TEST_STEP][PASSED] - if (toString().length() == 4): null

28-03-2025T12:19:21 - [TEST_STEP][PASSED] - m = m.substring(0, m.indexOf(y.toString())): null

28-03-2025T12:19:21 - [TEST_STEP][PASSED] - m = m.trim(): null

28-03-2025T12:19:21 - [TEST_STEP][PASSED] - if (m == ""): null

28-03-2025T12:19:21 - [TEST_STEP][PASSED] - dashboardName = "Выполнение бизнес-плана": null

28-03-2025T12:19:21 - [TEST_STEP][PASSED] - workbook01 = getWorkbook(excelFilePath): null

28-03-2025T12:19:21 - [TEST_STEP][PASSED] - sheet01 = getExcelSheet(workbook01, sheetName): null

28-03-2025T12:19:21 - [TEST_STEP][PASSED] - setValueToCellByIndex(sheet01, n, 0, dashboardName): null

28-03-2025T12:19:21 - [TEST_STEP][PASSED] - setValueToCellByIndex(sheet01, n, 1, dZO): null

28-03-2025T12:19:21 - [TEST_STEP][PASSED] - setValueToCellByIndex(sheet01, n, 2, typeOfData): null

28-03-2025T12:19:21 - [TEST_STEP][PASSED] - if (typeOfData == "Факт в процентах" || typeOfData == "План в процентах"): null

28-03-2025T12:19:21 - [TEST_STEP][PASSED] - setValueToCellByIndex(sheet01, n, 3, fileDouble): null

28-03-2025T12:19:21 - [TEST_STEP][PASSED] - setValueToCellByIndex(sheet01, n, 4, "нет данных"): null

28-03-2025T12:19:21 - [TEST_STEP][PASSED] - setValueToCellByIndex(sheet01, n, 5, m): null

28-03-2025T12:19:21 - [TEST_STEP][PASSED] - setValueToCellByIndex(sheet01, n, 6, y): null

28-03-2025T12:19:21 - [TEST_STEP][PASSED] - setValueToCellByIndex(sheet01, n, 7, todaysDate): null

28-03-2025T12:19:21 - [TEST_STEP][PASSED] - n = n + 1: null

28-03-2025T12:19:21 - [TEST_STEP][PASSED] - saveWorkbook(excelFilePath, workbook01): null

28-03-2025T12:19:21 - [TEST_STEP][PASSED] - println(dzoNum): null

28-03-2025T12:19:21 - [TEST_STEP][PASSED] - dZO = "Россети Урал (ГК)": null

28-03-2025T12:19:21 - [TEST_STEP][PASSED] - a = 54: null

28-03-2025T12:19:21 - [TEST_STEP][PASSED] - if (x1.contains("Урал")): null

28-03-2025T12:19:21 - [TEST_STEP][PASSED] - dzoNum = dzoNum + 1: null

28-03-2025T12:19:21 - [TEST_STEP][PASSED] - Script1718980020443.Numbers(a, typeOfData, todaysDate, pageInt, fileInt, pageDouble, fileDouble, dZO, dzoNum, filialNum): null

28-03-2025T12:19:21 - [TEST_STEP][PASSED] - println(dzoNum): null

28-03-2025T12:19:21 - [TEST_STEP][PASSED] - planFact = <not implemented yet for class: org.codehaus.groovy.ast.expr.EmptyExpression>: null

28-03-2025T12:19:21 - [TEST_STEP][PASSED] - page = <not implemented yet for class: org.codehaus.groovy.ast.expr.EmptyExpression>: null

28-03-2025T12:19:21 - [TEST_STEP][PASSED] - page1 = <not implemented yet for class: org.codehaus.groovy.ast.expr.EmptyExpression>: null

28-03-2025T12:19:21 - [TEST_STEP][PASSED] - page2 = <not implemented yet for class: org.codehaus.groovy.ast.expr.EmptyExpression>: null

28-03-2025T12:19:21 - [TEST_STEP][PASSED] - filialNumberInRow = <not implemented yet for class: org.codehaus.groovy.ast.expr.EmptyExpression>: null

28-03-2025T12:19:21 - [TEST_STEP][PASSED] - filialsDzoNames = <not implemented yet for class: org.codehaus.groovy.ast.expr.EmptyExpression>: null

28-03-2025T12:19:21 - [TEST_STEP][PASSED] - numberOfFilials = <not implemented yet for class: org.codehaus.groovy.ast.expr.EmptyExpression>: null

28-03-2025T12:19:21 - [TEST_STEP][PASSED] - numberOfSpaces = <not implemented yet for class: org.codehaus.groovy.ast.expr.EmptyExpression>: null

28-03-2025T12:19:21 - [TEST_STEP][PASSED] - file = <not implemented yet for class: org.codehaus.groovy.ast.expr.EmptyExpression>: null

28-03-2025T12:19:21 - [TEST_STEP][PASSED] - otpusk = <not implemented yet for class: org.codehaus.groovy.ast.expr.EmptyExpression>: null

28-03-2025T12:19:21 - [TEST_STEP][PASSED] - poteri = <not implemented yet for class: org.codehaus.groovy.ast.expr.EmptyExpression>: null

28-03-2025T12:19:21 - [TEST_STEP][PASSED] - dataFolder = "Выполнение бизнес-плана/Значения со страницы Выполнение бизнес-плана/": null

28-03-2025T12:19:21 - [TEST_STEP][PASSED] - path = <not implemented yet for class: org.codehaus.groovy.ast.expr.EmptyExpression>: null

28-03-2025T12:19:21 - [TEST_STEP][PASSED] - typeOfDataMain = <not implemented yet for class: org.codehaus.groovy.ast.expr.EmptyExpression>: null

28-03-2025T12:19:21 - [TEST_STEP][PASSED] - fileOtpuskVSet = <not implemented yet for class: org.codehaus.groovy.ast.expr.EmptyExpression>: null

28-03-2025T12:19:21 - [TEST_STEP][PASSED] - pageOtpuskVSet = <not implemented yet for class: org.codehaus.groovy.ast.expr.EmptyExpression>: null

28-03-2025T12:19:21 - [TEST_STEP][PASSED] - filePoteri = <not implemented yet for class: org.codehaus.groovy.ast.expr.EmptyExpression>: null

28-03-2025T12:19:21 - [TEST_STEP][PASSED] - pagePoteri = <not implemented yet for class: org.codehaus.groovy.ast.expr.EmptyExpression>: null

28-03-2025T12:19:21 - [TEST_STEP][PASSED] - compare = <not implemented yet for class: org.codehaus.groovy.ast.expr.EmptyExpression>: null

28-03-2025T12:19:21 - [TEST_STEP][PASSED] - b = <not implemented yet for class: org.codehaus.groovy.ast.expr.EmptyExpression>: null

28-03-2025T12:19:21 - [TEST_STEP][PASSED] - i = <not implemented yet for class: org.codehaus.groovy.ast.expr.EmptyExpression>: null

28-03-2025T12:19:21 - [TEST_STEP][PASSED] - ii = <not implemented yet for class: org.codehaus.groovy.ast.expr.EmptyExpression>: null

28-03-2025T12:19:21 - [TEST_STEP][PASSED] - c = <not implemented yet for class: org.codehaus.groovy.ast.expr.EmptyExpression>: null

28-03-2025T12:19:21 - [TEST_STEP][PASSED] - numberOfErrors = 0: null

28-03-2025T12:19:21 - [TEST_STEP][PASSED] - if (a == 82): null

28-03-2025T12:19:21 - [TEST_STEP][PASSED] - b = findTestData("PlanFact").getValue(1, a): null

28-03-2025T12:19:21 - [TEST_STEP][PASSED] - i = b.indexOf(" (ГК)"): null

28-03-2025T12:19:21 - [TEST_STEP][PASSED] - if (i > -1): null

28-03-2025T12:19:21 - [TEST_STEP][PASSED] - b = b.substring(0, i): null

28-03-2025T12:19:21 - [TEST_STEP][PASSED] - i = b.indexOf("О ""): null

28-03-2025T12:19:21 - [TEST_STEP][PASSED] - if (i > -1): null

28-03-2025T12:19:21 - [TEST_STEP][PASSED] - i = b.indexOf("О «"): null

28-03-2025T12:19:21 - [TEST_STEP][PASSED] - if (i > -1): null

28-03-2025T12:19:21 - [TEST_STEP][PASSED] - i = b.indexOf("г. "): null

28-03-2025T12:19:21 - [TEST_STEP][PASSED] - if (i > -1): null

28-03-2025T12:19:21 - [TEST_STEP][PASSED] - b = b.trim(): null

28-03-2025T12:19:21 - [TEST_STEP][PASSED] - println(b): null

28-03-2025T12:19:21 - [TEST_STEP][PASSED] - for ([planFact = 1, planFact < 3, (planFact++)]): null

28-03-2025T12:19:21 - [TEST_STEP][PASSED] - if (planFact == 1): null

28-03-2025T12:19:21 - [TEST_STEP][PASSED] - typeOfDataMain = "Факт": null

28-03-2025T12:19:21 - [TEST_STEP][PASSED] - otpusk = findTestData("PlanFact").getValue(5, a): null

28-03-2025T12:19:21 - [TEST_STEP][PASSED] - poteri = findTestData("PlanFact").getValue(6, a): null

28-03-2025T12:19:21 - [TEST_STEP][PASSED] - otpusk = otpusk.replaceAll("\s+", ""): null

28-03-2025T12:19:21 - [TEST_STEP][PASSED] - poteri = poteri.replaceAll("\s+", ""): null

28-03-2025T12:19:21 - [TEST_STEP][PASSED] - typeOfData = typeOfDataMain + " Отпуск в сеть": null

28-03-2025T12:19:21 - [TEST_STEP][PASSED] - if (a == 82): null

28-03-2025T12:19:21 - [TEST_STEP][PASSED] - else if (a == 84): null

28-03-2025T12:19:21 - [TEST_STEP][PASSED] - else if (a == 83 || a == 52 || a == 72 || a == 28 || a == 73 || a == 77 || a == 74 || a == 65 || a == 36 || a == 44 || a == 53 || a == 80 || a == 54 || a == 1 || a == 18 || a == 59 || a == 81): null

28-03-2025T12:19:21 - [TEST_STEP][PASSED] - path = dataFolder + "Table Data/" + typeOfData + " за отчётный период " + dzoNum: null

28-03-2025T12:19:21 - [TEST_STEP][PASSED] - println(path): null

28-03-2025T12:19:21 - [TEST_STEP][PASSED] - page = getText(findTestObject(path)): Text of object 'Object Repository/Выполнение бизнес-плана/Значения со страницы Выполнение бизнес-плана/Table Data/Факт Отпуск в сеть за отчётный период 6' is: '6 843 010'

28-03-2025T12:19:22 - [MESSAGE][PASSED] - Text of object 'Object Repository/Выполнение бизнес-плана/Значения со страницы Выполнение бизнес-плана/Table Data/Факт Отпуск в сеть за отчётный период 6' is: '6 843 010'

28-03-2025T12:19:22 - [TEST_STEP][PASSED] - if (page == "" || page == null): null

28-03-2025T12:19:22 - [TEST_STEP][PASSED] - else: null

28-03-2025T12:19:22 - [TEST_STEP][PASSED] - page = page.replaceAll("\s+", ""): null

28-03-2025T12:19:22 - [TEST_STEP][PASSED] - if (page == "undefined"): null

28-03-2025T12:19:22 - [TEST_STEP][PASSED] - fileOtpuskVSet = otpusk.toInteger(): null

28-03-2025T12:19:22 - [TEST_STEP][PASSED] - pageOtpuskVSet = page.toInteger(): null

28-03-2025T12:19:22 - [TEST_STEP][PASSED] - typeOfData = typeOfDataMain + " Потери": null

28-03-2025T12:19:22 - [TEST_STEP][PASSED] - if (a == 82): null

28-03-2025T12:19:22 - [TEST_STEP][PASSED] - else if (a == 84): null

28-03-2025T12:19:22 - [TEST_STEP][PASSED] - else if (a == 83 || a == 52 || a == 72 || a == 28 || a == 73 || a == 77 || a == 74 || a == 65 || a == 44 || a == 53 || a == 80 || a == 54 || a == 1 || a == 18 || a == 59 || a == 81): null

28-03-2025T12:19:22 - [TEST_STEP][PASSED] - path = dataFolder + "Table Data/" + typeOfData + " за отчётный период " + dzoNum: null

28-03-2025T12:19:22 - [TEST_STEP][PASSED] - page = getText(findTestObject(path)): Text of object 'Object Repository/Выполнение бизнес-плана/Значения со страницы Выполнение бизнес-плана/Table Data/Факт Потери за отчётный период 6' is: '429 434'

28-03-2025T12:19:22 - [MESSAGE][PASSED] - Text of object 'Object Repository/Выполнение бизнес-плана/Значения со страницы Выполнение бизнес-плана/Table Data/Факт Потери за отчётный период 6' is: '429 434'

28-03-2025T12:19:22 - [TEST_STEP][PASSED] - if (page == "" || page == null): null

28-03-2025T12:19:22 - [TEST_STEP][PASSED] - else: null

28-03-2025T12:19:22 - [TEST_STEP][PASSED] - page = page.replaceAll("\s+", ""): null

28-03-2025T12:19:22 - [TEST_STEP][PASSED] - if (page == "undefined"): null

28-03-2025T12:19:22 - [TEST_STEP][PASSED] - filePoteri = poteri.toInteger(): null

28-03-2025T12:19:22 - [TEST_STEP][PASSED] - pagePoteri = page.toInteger(): null

28-03-2025T12:19:22 - [TEST_STEP][PASSED] - compare = pageOtpuskVSet: null

28-03-2025T12:19:22 - [TEST_STEP][PASSED] - if (pageOtpuskVSet != null): null

28-03-2025T12:19:22 - [TEST_STEP][PASSED] - if (compare == fileOtpuskVSet): null

28-03-2025T12:19:22 - [TEST_STEP][PASSED] - if (compare == fileOtpuskVSet): null

28-03-2025T12:19:22 - [TEST_STEP][PASSED] - compare = pagePoteri: null

28-03-2025T12:19:22 - [TEST_STEP][PASSED] - if (pageOtpuskVSet != null): null

28-03-2025T12:19:22 - [TEST_STEP][PASSED] - if (compare == filePoteri): null

28-03-2025T12:19:22 - [TEST_STEP][PASSED] - else if (compare > filePoteri): null

28-03-2025T12:19:22 - [TEST_STEP][PASSED] - else if (compare < filePoteri): null

28-03-2025T12:19:22 - [TEST_STEP][PASSED] - compare = compare + 1: null

28-03-2025T12:19:22 - [TEST_STEP][PASSED] - if (compare == filePoteri): null

28-03-2025T12:19:22 - [TEST_STEP][PASSED] - else: null

28-03-2025T12:19:22 - [TEST_STEP][PASSED] - numberOfErrors = numberOfErrors + 1: null

28-03-2025T12:19:22 - [TEST_STEP][PASSED] - pageInt = pagePoteri: null

28-03-2025T12:19:22 - [TEST_STEP][PASSED] - fileInt = filePoteri: null

28-03-2025T12:19:22 - [TEST_STEP][PASSED] - typeOfData = typeOfDataMain + " Потери": null

28-03-2025T12:19:22 - [TEST_STEP][PASSED] - Script1718980020443.WriteToExcel(a, typeOfData, todaysDate, pageInt, fileInt, pageDouble, fileDouble, dZO): null

28-03-2025T12:19:22 - [TEST_STEP][PASSED] - sheetName = "Sheet1": null

28-03-2025T12:19:22 - [TEST_STEP][PASSED] - data = findTestData("PlanFact"): null

28-03-2025T12:19:22 - [TEST_STEP][PASSED] - n = data.getRowNumbers() + 1: null

28-03-2025T12:19:22 - [TEST_STEP][PASSED] - day = ")).toInteger(): null

28-03-2025T12:19:22 - [TEST_STEP][PASSED] - println(day): null

28-03-2025T12:19:22 - [TEST_STEP][PASSED] - month = ")).toInteger(): null

28-03-2025T12:19:22 - [TEST_STEP][PASSED] - println(month): null

28-03-2025T12:19:22 - [TEST_STEP][PASSED] - y = <not implemented yet for class: org.codehaus.groovy.ast.expr.EmptyExpression>: null

28-03-2025T12:19:22 - [TEST_STEP][PASSED] - iy = <not implemented yet for class: org.codehaus.groovy.ast.expr.EmptyExpression>: null

28-03-2025T12:19:22 - [TEST_STEP][PASSED] - m = getText(findTestObject("Выполнение бизнес-плана/Период")): Text of object 'Object Repository/Выполнение бизнес-плана/Период' is: 'Январь 2025 года'

28-03-2025T12:19:22 - [MESSAGE][PASSED] - Text of object 'Object Repository/Выполнение бизнес-плана/Период' is: 'Январь 2025 года'

28-03-2025T12:19:22 - [TEST_STEP][PASSED] - iy = m.indexOf("20"): null

28-03-2025T12:19:22 - [TEST_STEP][PASSED] - if (iy > -1): null

28-03-2025T12:19:22 - [TEST_STEP][PASSED] - y = substring(iy, iy + 4).toInteger(): null

28-03-2025T12:19:22 - [TEST_STEP][PASSED] - println(y): null

28-03-2025T12:19:22 - [TEST_STEP][PASSED] - if (toString().length() == 4): null

28-03-2025T12:19:22 - [TEST_STEP][PASSED] - m = m.substring(0, m.indexOf(y.toString())): null

28-03-2025T12:19:22 - [TEST_STEP][PASSED] - m = m.trim(): null

28-03-2025T12:19:22 - [TEST_STEP][PASSED] - if (m == ""): null

28-03-2025T12:19:22 - [TEST_STEP][PASSED] - dashboardName = "Выполнение бизнес-плана": null

28-03-2025T12:19:22 - [TEST_STEP][PASSED] - workbook01 = getWorkbook(excelFilePath): null

28-03-2025T12:19:22 - [TEST_STEP][PASSED] - sheet01 = getExcelSheet(workbook01, sheetName): null

28-03-2025T12:19:22 - [TEST_STEP][PASSED] - setValueToCellByIndex(sheet01, n, 0, dashboardName): null

28-03-2025T12:19:22 - [TEST_STEP][PASSED] - setValueToCellByIndex(sheet01, n, 1, dZO): null

28-03-2025T12:19:22 - [TEST_STEP][PASSED] - setValueToCellByIndex(sheet01, n, 2, typeOfData): null

28-03-2025T12:19:22 - [TEST_STEP][PASSED] - if (typeOfData == "Факт в процентах" || typeOfData == "План в процентах"): null

28-03-2025T12:19:22 - [TEST_STEP][PASSED] - else: null

28-03-2025T12:19:22 - [TEST_STEP][PASSED] - setValueToCellByIndex(sheet01, n, 3, fileInt): null

28-03-2025T12:19:22 - [TEST_STEP][PASSED] - setValueToCellByIndex(sheet01, n, 4, pageInt): null

28-03-2025T12:19:22 - [TEST_STEP][PASSED] - setValueToCellByIndex(sheet01, n, 5, m): null

28-03-2025T12:19:22 - [TEST_STEP][PASSED] - setValueToCellByIndex(sheet01, n, 6, y): null

28-03-2025T12:19:22 - [TEST_STEP][PASSED] - setValueToCellByIndex(sheet01, n, 7, todaysDate): null

28-03-2025T12:19:22 - [TEST_STEP][PASSED] - n = n + 1: null

28-03-2025T12:19:22 - [TEST_STEP][FAILED] - saveWorkbook(excelFilePath, workbook01): null

28-03-2025T12:19:22 - [TEST_STEP][PASSED] - if (planFact == 2): null

28-03-2025T12:19:22 - [TEST_STEP][PASSED] - if (planFact == 1): null

28-03-2025T12:19:22 - [TEST_STEP][PASSED] - else if (planFact == 2): null

28-03-2025T12:19:22 - [TEST_STEP][PASSED] - click(findTestObject("Выполнение бизнес-плана/Кнопка План")): Object: 'Object Repository/Выполнение бизнес-плана/Кнопка План' is clicked on

28-03-2025T12:19:23 - [MESSAGE][PASSED] - Object: 'Object Repository/Выполнение бизнес-плана/Кнопка План' is clicked on

28-03-2025T12:19:23 - [TEST_STEP][PASSED] - typeOfDataMain = "План": null

28-03-2025T12:19:23 - [TEST_STEP][PASSED] - otpusk = findTestData("PlanFact").getValue(2, a): null

28-03-2025T12:19:23 - [TEST_STEP][PASSED] - poteri = findTestData("PlanFact").getValue(3, a): null

28-03-2025T12:19:23 - [TEST_STEP][PASSED] - otpusk = otpusk.replaceAll("\s+", ""): null

28-03-2025T12:19:23 - [TEST_STEP][PASSED] - poteri = poteri.replaceAll("\s+", ""): null

28-03-2025T12:19:23 - [TEST_STEP][PASSED] - typeOfData = typeOfDataMain + " Отпуск в сеть": null

28-03-2025T12:19:23 - [TEST_STEP][PASSED] - if (a == 82): null

28-03-2025T12:19:23 - [TEST_STEP][PASSED] - else if (a == 84): null

28-03-2025T12:19:23 - [TEST_STEP][PASSED] - else if (a == 83 || a == 52 || a == 72 || a == 28 || a == 73 || a == 77 || a == 74 || a == 65 || a == 36 || a == 44 || a == 53 || a == 80 || a == 54 || a == 1 || a == 18 || a == 59 || a == 81): null

28-03-2025T12:19:23 - [TEST_STEP][PASSED] - path = dataFolder + "Table Data/" + typeOfData + " за отчётный период " + dzoNum: null

28-03-2025T12:19:23 - [TEST_STEP][PASSED] - println(path): null

28-03-2025T12:19:23 - [TEST_STEP][PASSED] - page = getText(findTestObject(path)): Text of object 'Object Repository/Выполнение бизнес-плана/Значения со страницы Выполнение бизнес-плана/Table Data/План Отпуск в сеть за отчётный период 6' is: '7 177 213'

28-03-2025T12:19:23 - [MESSAGE][PASSED] - Text of object 'Object Repository/Выполнение бизнес-плана/Значения со страницы Выполнение бизнес-плана/Table Data/План Отпуск в сеть за отчётный период 6' is: '7 177 213'

28-03-2025T12:19:23 - [TEST_STEP][PASSED] - if (page == "" || page == null): null

28-03-2025T12:19:23 - [TEST_STEP][PASSED] - else: null

28-03-2025T12:19:23 - [TEST_STEP][PASSED] - page = page.replaceAll("\s+", ""): null

28-03-2025T12:19:23 - [TEST_STEP][PASSED] - if (page == "undefined"): null

28-03-2025T12:19:23 - [TEST_STEP][PASSED] - fileOtpuskVSet = otpusk.toInteger(): null

28-03-2025T12:19:23 - [TEST_STEP][PASSED] - pageOtpuskVSet = page.toInteger(): null

28-03-2025T12:19:23 - [TEST_STEP][PASSED] - typeOfData = typeOfDataMain + " Потери": null

28-03-2025T12:19:23 - [TEST_STEP][PASSED] - if (a == 82): null

28-03-2025T12:19:23 - [TEST_STEP][PASSED] - else if (a == 84): null

28-03-2025T12:19:23 - [TEST_STEP][PASSED] - else if (a == 83 || a == 52 || a == 72 || a == 28 || a == 73 || a == 77 || a == 74 || a == 65 || a == 44 || a == 53 || a == 80 || a == 54 || a == 1 || a == 18 || a == 59 || a == 81): null

28-03-2025T12:19:23 - [TEST_STEP][PASSED] - path = dataFolder + "Table Data/" + typeOfData + " за отчётный период " + dzoNum: null

28-03-2025T12:19:23 - [TEST_STEP][FAILED] - page = getText(findTestObject(path)): Unable to get text of object 'Object Repository/Выполнение бизнес-плана/Значения со страницы Выполнение бизнес-плана/Table Data/План Потери за отчётный период 6' (Root cause: com.kms.katalon.core.exception.StepFailedException: Unable to get text of object 'Object Repository/Выполнение бизнес-плана/Значения со страницы Выполнение бизнес-плана/Table Data/План Потери за отчётный период 6'
	at com.kms.katalon.core.webui.keyword.internal.WebUIKeywordMain.stepFailed(WebUIKeywordMain.groovy:64)
	at com.kms.katalon.core.webui.keyword.internal.WebUIKeywordMain.runKeyword(WebUIKeywordMain.groovy:26)
	at com.kms.katalon.core.webui.keyword.builtin.GetTextKeyword.getText(GetTextKeyword.groovy:88)
	at com.kms.katalon.core.webui.keyword.builtin.GetTextKeyword.execute(GetTextKeyword.groovy:67)
	at com.kms.katalon.core.keyword.internal.KeywordExecutor.executeKeywordForPlatform(KeywordExecutor.groovy:74)
	at com.kms.katalon.core.webui.keyword.WebUiBuiltInKeywords.getText(WebUiBuiltInKeywords.groovy:957)
	at Выполнение бизнес-плана Сверка ПАО Россети все филиалы.Numbers(Выполнение бизнес-плана Сверка ПАО Россети все филиалы:594)
	at Выполнение бизнес-плана Сверка ПАО Россети все филиалы.run(Выполнение бизнес-плана Сверка ПАО Россети все филиалы:357)
	at com.kms.katalon.core.main.ScriptEngine.run(ScriptEngine.java:194)
	at com.kms.katalon.core.main.ScriptEngine.runScriptAsRawText(ScriptEngine.java:119)
	at com.kms.katalon.core.main.TestCaseExecutor.runScript(TestCaseExecutor.java:448)
	at com.kms.katalon.core.main.TestCaseExecutor.doExecute(TestCaseExecutor.java:439)
	at com.kms.katalon.core.main.TestCaseExecutor.processExecutionPhase(TestCaseExecutor.java:418)
	at com.kms.katalon.core.main.TestCaseExecutor.accessMainPhase(TestCaseExecutor.java:410)
	at com.kms.katalon.core.main.TestCaseExecutor.execute(TestCaseExecutor.java:285)
	at com.kms.katalon.core.common.CommonExecutor.accessTestCaseMainPhase(CommonExecutor.java:65)
	at com.kms.katalon.core.main.TestSuiteExecutor.accessTestSuiteMainPhase(TestSuiteExecutor.java:150)
	at com.kms.katalon.core.main.TestSuiteExecutor.execute(TestSuiteExecutor.java:106)
	at com.kms.katalon.core.main.TestCaseMain.startTestSuite(TestCaseMain.java:180)
	at TempTestSuite1743137207280.run(TempTestSuite1743137207280.groovy:35)
	at java.base/jdk.internal.reflect.NativeMethodAccessorImpl.invoke0(Native Method)
	at java.base/jdk.internal.reflect.NativeMethodAccessorImpl.invoke(NativeMethodAccessorImpl.java:77)
	at java.base/jdk.internal.reflect.DelegatingMethodAccessorImpl.invoke(DelegatingMethodAccessorImpl.java:43)
Caused by: com.kms.katalon.core.webui.exception.WebElementNotFoundException: Web element with id: 'Object Repository/Выполнение бизнес-плана/Значения со страницы Выполнение бизнес-плана/Table Data/План Потери за отчётный период 6' located by '(.//*[normalize-space(text()) and normalize-space(.)='Показатели баланса электроэнергии по ДЗО – План'])[2]/following::td[40]' not found
	at com.kms.katalon.core.webui.common.WebUiCommonHelper.findWebElement(WebUiCommonHelper.java:1426)
	at com.kms.katalon.core.webui.keyword.internal.WebUIAbstractKeyword.findWebElement(WebUIAbstractKeyword.groovy:27)
	at com.kms.katalon.core.webui.keyword.internal.WebUIAbstractKeyword.findWebElement(WebUIAbstractKeyword.groovy:26)
	at com.kms.katalon.core.webui.keyword.builtin.GetTextKeyword$_getText_closure1.doCall(GetTextKeyword.groovy:78)
	at com.kms.katalon.core.webui.keyword.builtin.GetTextKeyword$_getText_closure1.call(GetTextKeyword.groovy)
	at com.kms.katalon.core.webui.keyword.internal.WebUIKeywordMain.runKeyword(WebUIKeywordMain.groovy:20)
	at com.kms.katalon.core.webui.keyword.builtin.GetTextKeyword.getText(GetTextKeyword.groovy:88)
	at com.kms.katalon.core.webui.keyword.builtin.GetTextKeyword.execute(GetTextKeyword.groovy:67)
	at com.kms.katalon.core.keyword.internal.KeywordExecutor.executeKeywordForPlatform(KeywordExecutor.groovy:74)
	at com.kms.katalon.core.webui.keyword.WebUiBuiltInKeywords.getText(WebUiBuiltInKeywords.groovy:957)
	at Script1718980020443.Numbers(Script1718980020443.groovy:594)
	at Script1718980020443.run(Script1718980020443.groovy:357)
	... 15 more
)

28-03-2025T12:19:54 - [MESSAGE][INFO] - Unable to find the element located by 'By.xpath: (.//*[normalize-space(text()) and normalize-space(.)='Показатели баланса электроэнергии по ДЗО – План'])[2]/following::td[40]'. Please recheck the objects properties to make sure the desired element is located. 

28-03-2025T12:19:55 - [MESSAGE][FAILED] - Unable to get text of object 'Object Repository/Выполнение бизнес-плана/Значения со страницы Выполнение бизнес-плана/Table Data/План Потери за отчётный период 6' (Root cause: com.kms.katalon.core.exception.StepFailedException: Unable to get text of object 'Object Repository/Выполнение бизнес-плана/Значения со страницы Выполнение бизнес-плана/Table Data/План Потери за отчётный период 6'
	at com.kms.katalon.core.webui.keyword.internal.WebUIKeywordMain.stepFailed(WebUIKeywordMain.groovy:64)
	at com.kms.katalon.core.webui.keyword.internal.WebUIKeywordMain.runKeyword(WebUIKeywordMain.groovy:26)
	at com.kms.katalon.core.webui.keyword.builtin.GetTextKeyword.getText(GetTextKeyword.groovy:88)
	at com.kms.katalon.core.webui.keyword.builtin.GetTextKeyword.execute(GetTextKeyword.groovy:67)
	at com.kms.katalon.core.keyword.internal.KeywordExecutor.executeKeywordForPlatform(KeywordExecutor.groovy:74)
	at com.kms.katalon.core.webui.keyword.WebUiBuiltInKeywords.getText(WebUiBuiltInKeywords.groovy:957)
	at Выполнение бизнес-плана Сверка ПАО Россети все филиалы.Numbers(Выполнение бизнес-плана Сверка ПАО Россети все филиалы:594)
	at Выполнение бизнес-плана Сверка ПАО Россети все филиалы.run(Выполнение бизнес-плана Сверка ПАО Россети все филиалы:357)
	at com.kms.katalon.core.main.ScriptEngine.run(ScriptEngine.java:194)
	at com.kms.katalon.core.main.ScriptEngine.runScriptAsRawText(ScriptEngine.java:119)
	at com.kms.katalon.core.main.TestCaseExecutor.runScript(TestCaseExecutor.java:448)
	at com.kms.katalon.core.main.TestCaseExecutor.doExecute(TestCaseExecutor.java:439)
	at com.kms.katalon.core.main.TestCaseExecutor.processExecutionPhase(TestCaseExecutor.java:418)
	at com.kms.katalon.core.main.TestCaseExecutor.accessMainPhase(TestCaseExecutor.java:410)
	at com.kms.katalon.core.main.TestCaseExecutor.execute(TestCaseExecutor.java:285)
	at com.kms.katalon.core.common.CommonExecutor.accessTestCaseMainPhase(CommonExecutor.java:65)
	at com.kms.katalon.core.main.TestSuiteExecutor.accessTestSuiteMainPhase(TestSuiteExecutor.java:150)
	at com.kms.katalon.core.main.TestSuiteExecutor.execute(TestSuiteExecutor.java:106)
	at com.kms.katalon.core.main.TestCaseMain.startTestSuite(TestCaseMain.java:180)
	at TempTestSuite1743137207280.run(TempTestSuite1743137207280.groovy:35)
	at java.base/jdk.internal.reflect.NativeMethodAccessorImpl.invoke0(Native Method)
	at java.base/jdk.internal.reflect.NativeMethodAccessorImpl.invoke(NativeMethodAccessorImpl.java:77)
	at java.base/jdk.internal.reflect.DelegatingMethodAccessorImpl.invoke(DelegatingMethodAccessorImpl.java:43)
Caused by: com.kms.katalon.core.webui.exception.WebElementNotFoundException: Web element with id: 'Object Repository/Выполнение бизнес-плана/Значения со страницы Выполнение бизнес-плана/Table Data/План Потери за отчётный период 6' located by '(.//*[normalize-space(text()) and normalize-space(.)='Показатели баланса электроэнергии по ДЗО – План'])[2]/following::td[40]' not found
	at com.kms.katalon.core.webui.common.WebUiCommonHelper.findWebElement(WebUiCommonHelper.java:1426)
	at com.kms.katalon.core.webui.keyword.internal.WebUIAbstractKeyword.findWebElement(WebUIAbstractKeyword.groovy:27)
	at com.kms.katalon.core.webui.keyword.internal.WebUIAbstractKeyword.findWebElement(WebUIAbstractKeyword.groovy:26)
	at com.kms.katalon.core.webui.keyword.builtin.GetTextKeyword$_getText_closure1.doCall(GetTextKeyword.groovy:78)
	at com.kms.katalon.core.webui.keyword.builtin.GetTextKeyword$_getText_closure1.call(GetTextKeyword.groovy)
	at com.kms.katalon.core.webui.keyword.internal.WebUIKeywordMain.runKeyword(WebUIKeywordMain.groovy:20)
	at com.kms.katalon.core.webui.keyword.builtin.GetTextKeyword.getText(GetTextKeyword.groovy:88)
	at com.kms.katalon.core.webui.keyword.builtin.GetTextKeyword.execute(GetTextKeyword.groovy:67)
	at com.kms.katalon.core.keyword.internal.KeywordExecutor.executeKeywordForPlatform(KeywordExecutor.groovy:74)
	at com.kms.katalon.core.webui.keyword.WebUiBuiltInKeywords.getText(WebUiBuiltInKeywords.groovy:957)
	at Script1718980020443.Numbers(Script1718980020443.groovy:594)
	at Script1718980020443.run(Script1718980020443.groovy:357)
	... 15 more
)
[[ATTACHMENT|C:\\Users\\LIAZGINA-DI\\git\\SPORU\\Reports\\20250328_074647\\\u041F\u043D-\u0421\u0440-\u041F\u0442\\\u0421\u0432\u0435\u0440\u043A\u0430 \u0434\u0430\u0448\u0431\u043E\u0440\u0434\u043E\u0432 \u0438\u0437 \u0440\u0430\u0437\u043D\u044B\u0445 \u0431\u043B\u043E\u043A\u043E\u0432\\20250328_074647\\1743153594972.png]]

28-03-2025T12:19:55 - [TEST_STEP][PASSED] - if (page == "" || page == null): null

28-03-2025T12:19:55 - [TEST_STEP][PASSED] - fileInt = poteri.toInteger(): null

28-03-2025T12:19:55 - [TEST_STEP][PASSED] - Script1718980020443.WriteToExcelNoData(a, typeOfData, todaysDate, fileInt, fileDouble, dZO): null

28-03-2025T12:19:55 - [TEST_STEP][PASSED] - sheetName = "Sheet1": null

28-03-2025T12:19:55 - [TEST_STEP][PASSED] - data = findTestData("PlanFact"): null

28-03-2025T12:19:55 - [TEST_STEP][PASSED] - n = data.getRowNumbers() + 1: null

28-03-2025T12:19:55 - [TEST_STEP][PASSED] - day = ")).toInteger(): null

28-03-2025T12:19:55 - [TEST_STEP][PASSED] - println(day): null

28-03-2025T12:19:55 - [TEST_STEP][PASSED] - month = ")).toInteger(): null

28-03-2025T12:19:55 - [TEST_STEP][PASSED] - println(month): null

28-03-2025T12:19:55 - [TEST_STEP][PASSED] - y = <not implemented yet for class: org.codehaus.groovy.ast.expr.EmptyExpression>: null

28-03-2025T12:19:55 - [TEST_STEP][PASSED] - iy = <not implemented yet for class: org.codehaus.groovy.ast.expr.EmptyExpression>: null

28-03-2025T12:19:55 - [TEST_STEP][PASSED] - m = getText(findTestObject("Выполнение бизнес-плана/Период")): Text of object 'Object Repository/Выполнение бизнес-плана/Период' is: 'Январь 2025 года'

28-03-2025T12:19:55 - [MESSAGE][PASSED] - Text of object 'Object Repository/Выполнение бизнес-плана/Период' is: 'Январь 2025 года'

28-03-2025T12:19:55 - [TEST_STEP][PASSED] - iy = m.indexOf("20"): null

28-03-2025T12:19:55 - [TEST_STEP][PASSED] - if (iy > -1): null

28-03-2025T12:19:55 - [TEST_STEP][PASSED] - y = substring(iy, iy + 4).toInteger(): null

28-03-2025T12:19:55 - [TEST_STEP][PASSED] - println(y): null

28-03-2025T12:19:55 - [TEST_STEP][PASSED] - if (toString().length() == 4): null

28-03-2025T12:19:55 - [TEST_STEP][PASSED] - m = m.substring(0, m.indexOf(y.toString())): null

28-03-2025T12:19:55 - [TEST_STEP][PASSED] - m = m.trim(): null

28-03-2025T12:19:55 - [TEST_STEP][PASSED] - if (m == ""): null

28-03-2025T12:19:55 - [TEST_STEP][PASSED] - dashboardName = "Выполнение бизнес-плана": null

28-03-2025T12:19:55 - [TEST_STEP][PASSED] - workbook01 = getWorkbook(excelFilePath): null

28-03-2025T12:19:55 - [TEST_STEP][PASSED] - sheet01 = getExcelSheet(workbook01, sheetName): null

28-03-2025T12:19:55 - [TEST_STEP][PASSED] - setValueToCellByIndex(sheet01, n, 0, dashboardName): null

28-03-2025T12:19:55 - [TEST_STEP][PASSED] - setValueToCellByIndex(sheet01, n, 1, dZO): null

28-03-2025T12:19:55 - [TEST_STEP][PASSED] - setValueToCellByIndex(sheet01, n, 2, typeOfData): null

28-03-2025T12:19:55 - [TEST_STEP][PASSED] - if (typeOfData == "Факт в процентах" || typeOfData == "План в процентах"): null

28-03-2025T12:19:55 - [TEST_STEP][PASSED] - else: null

28-03-2025T12:19:55 - [TEST_STEP][PASSED] - setValueToCellByIndex(sheet01, n, 3, fileInt): null

28-03-2025T12:19:55 - [TEST_STEP][PASSED] - setValueToCellByIndex(sheet01, n, 4, "нет данных"): null

28-03-2025T12:19:55 - [TEST_STEP][PASSED] - setValueToCellByIndex(sheet01, n, 5, m): null

28-03-2025T12:19:55 - [TEST_STEP][PASSED] - setValueToCellByIndex(sheet01, n, 6, y): null

28-03-2025T12:19:55 - [TEST_STEP][PASSED] - setValueToCellByIndex(sheet01, n, 7, todaysDate): null

28-03-2025T12:19:55 - [TEST_STEP][PASSED] - n = n + 1: null

28-03-2025T12:19:55 - [TEST_STEP][PASSED] - saveWorkbook(excelFilePath, workbook01): null

28-03-2025T12:19:55 - [TEST_STEP][PASSED] - compare = pageOtpuskVSet: null

28-03-2025T12:19:55 - [TEST_STEP][PASSED] - if (pageOtpuskVSet != null): null

28-03-2025T12:19:55 - [TEST_STEP][PASSED] - if (compare == fileOtpuskVSet): null

28-03-2025T12:19:55 - [TEST_STEP][PASSED] - if (compare == fileOtpuskVSet): null

28-03-2025T12:19:55 - [TEST_STEP][PASSED] - compare = pagePoteri: null

28-03-2025T12:19:55 - [TEST_STEP][PASSED] - if (pageOtpuskVSet != null): null

28-03-2025T12:19:55 - [TEST_STEP][PASSED] - if (compare == filePoteri): null

28-03-2025T12:19:55 - [TEST_STEP][PASSED] - else if (compare > filePoteri): null

28-03-2025T12:19:55 - [TEST_STEP][PASSED] - else if (compare < filePoteri): null

28-03-2025T12:19:55 - [TEST_STEP][PASSED] - compare = compare + 1: null

28-03-2025T12:19:55 - [TEST_STEP][PASSED] - if (compare == filePoteri): null

28-03-2025T12:19:55 - [TEST_STEP][PASSED] - else: null

28-03-2025T12:19:55 - [TEST_STEP][PASSED] - numberOfErrors = numberOfErrors + 1: null

28-03-2025T12:19:55 - [TEST_STEP][PASSED] - pageInt = pagePoteri: null

28-03-2025T12:19:55 - [TEST_STEP][PASSED] - fileInt = filePoteri: null

28-03-2025T12:19:55 - [TEST_STEP][PASSED] - typeOfData = typeOfDataMain + " Потери": null

28-03-2025T12:19:55 - [TEST_STEP][PASSED] - Script1718980020443.WriteToExcel(a, typeOfData, todaysDate, pageInt, fileInt, pageDouble, fileDouble, dZO): null

28-03-2025T12:19:55 - [TEST_STEP][PASSED] - sheetName = "Sheet1": null

28-03-2025T12:19:55 - [TEST_STEP][PASSED] - data = findTestData("PlanFact"): null

28-03-2025T12:19:55 - [TEST_STEP][PASSED] - n = data.getRowNumbers() + 1: null

28-03-2025T12:19:55 - [TEST_STEP][PASSED] - day = ")).toInteger(): null

28-03-2025T12:19:55 - [TEST_STEP][PASSED] - println(day): null

28-03-2025T12:19:55 - [TEST_STEP][PASSED] - month = ")).toInteger(): null

28-03-2025T12:19:55 - [TEST_STEP][PASSED] - println(month): null

28-03-2025T12:19:55 - [TEST_STEP][PASSED] - y = <not implemented yet for class: org.codehaus.groovy.ast.expr.EmptyExpression>: null

28-03-2025T12:19:55 - [TEST_STEP][PASSED] - iy = <not implemented yet for class: org.codehaus.groovy.ast.expr.EmptyExpression>: null

28-03-2025T12:19:55 - [TEST_STEP][PASSED] - m = getText(findTestObject("Выполнение бизнес-плана/Период")): Text of object 'Object Repository/Выполнение бизнес-плана/Период' is: 'Январь 2025 года'

28-03-2025T12:19:56 - [MESSAGE][PASSED] - Text of object 'Object Repository/Выполнение бизнес-плана/Период' is: 'Январь 2025 года'

28-03-2025T12:19:56 - [TEST_STEP][PASSED] - iy = m.indexOf("20"): null

28-03-2025T12:19:56 - [TEST_STEP][PASSED] - if (iy > -1): null

28-03-2025T12:19:56 - [TEST_STEP][PASSED] - y = substring(iy, iy + 4).toInteger(): null

28-03-2025T12:19:56 - [TEST_STEP][PASSED] - println(y): null

28-03-2025T12:19:56 - [TEST_STEP][PASSED] - if (toString().length() == 4): null

28-03-2025T12:19:56 - [TEST_STEP][PASSED] - m = m.substring(0, m.indexOf(y.toString())): null

28-03-2025T12:19:56 - [TEST_STEP][PASSED] - m = m.trim(): null

28-03-2025T12:19:56 - [TEST_STEP][PASSED] - if (m == ""): null

28-03-2025T12:19:56 - [TEST_STEP][PASSED] - dashboardName = "Выполнение бизнес-плана": null

28-03-2025T12:19:56 - [TEST_STEP][PASSED] - workbook01 = getWorkbook(excelFilePath): null

28-03-2025T12:19:56 - [TEST_STEP][PASSED] - sheet01 = getExcelSheet(workbook01, sheetName): null

28-03-2025T12:19:56 - [TEST_STEP][PASSED] - setValueToCellByIndex(sheet01, n, 0, dashboardName): null

28-03-2025T12:19:56 - [TEST_STEP][PASSED] - setValueToCellByIndex(sheet01, n, 1, dZO): null

28-03-2025T12:19:56 - [TEST_STEP][PASSED] - setValueToCellByIndex(sheet01, n, 2, typeOfData): null

28-03-2025T12:19:56 - [TEST_STEP][PASSED] - if (typeOfData == "Факт в процентах" || typeOfData == "План в процентах"): null

28-03-2025T12:19:56 - [TEST_STEP][PASSED] - else: null

28-03-2025T12:19:56 - [TEST_STEP][PASSED] - setValueToCellByIndex(sheet01, n, 3, fileInt): null

28-03-2025T12:19:56 - [TEST_STEP][PASSED] - setValueToCellByIndex(sheet01, n, 4, pageInt): null

28-03-2025T12:19:56 - [TEST_STEP][PASSED] - setValueToCellByIndex(sheet01, n, 5, m): null

28-03-2025T12:19:56 - [TEST_STEP][PASSED] - setValueToCellByIndex(sheet01, n, 6, y): null

28-03-2025T12:19:56 - [TEST_STEP][PASSED] - setValueToCellByIndex(sheet01, n, 7, todaysDate): null

28-03-2025T12:19:56 - [TEST_STEP][PASSED] - n = n + 1: null

28-03-2025T12:19:56 - [TEST_STEP][PASSED] - saveWorkbook(excelFilePath, workbook01): Object: 'Object Repository/Выполнение бизнес-плана/Кнопка Факт' is clicked on

28-03-2025T12:19:56 - [TEST_STEP][PASSED] - if (planFact == 2): Object: 'Object Repository/Выполнение бизнес-плана/Кнопка Факт' is clicked on

28-03-2025T12:19:56 - [TEST_STEP][PASSED] - click(findTestObject("Выполнение бизнес-плана/Кнопка Факт")): Object: 'Object Repository/Выполнение бизнес-плана/Кнопка Факт' is clicked on

28-03-2025T12:19:56 - [MESSAGE][PASSED] - Object: 'Object Repository/Выполнение бизнес-плана/Кнопка Факт' is clicked on

28-03-2025T12:19:56 - [TEST_STEP][PASSED] - println("a=" + a): null

28-03-2025T12:19:56 - [TEST_STEP][PASSED] - if (a == 84 || a == 82): null

28-03-2025T12:19:56 - [TEST_STEP][PASSED] - else if (a == 83 || a == 52 || a == 72 || a == 28 || a == 73 || a == 77 || a == 74 || a == 65 || a == 36 || a == 44 || a == 53 || a == 80 || a == 54 || a == 1 || a == 18 || a == 59 || a == 81): null

28-03-2025T12:19:56 - [TEST_STEP][PASSED] - page1 = getText(findTestObject("Object Repository/Выполнение бизнес-плана/spanPlan" + dzoNum)): Text of object 'Object Repository/Выполнение бизнес-плана/spanPlan6' is: '7.40
|'

28-03-2025T12:19:56 - [MESSAGE][PASSED] - Text of object 'Object Repository/Выполнение бизнес-плана/spanPlan6' is: '7.40
|'

28-03-2025T12:19:56 - [TEST_STEP][PASSED] - page1 = page1.replace("|", ""): null

28-03-2025T12:19:56 - [TEST_STEP][PASSED] - page2 = getText(findTestObject("Object Repository/Выполнение бизнес-плана/spanFact" + dzoNum)): Text of object 'Object Repository/Выполнение бизнес-плана/spanFact6' is: '7.12'

28-03-2025T12:19:57 - [MESSAGE][PASSED] - Text of object 'Object Repository/Выполнение бизнес-плана/spanFact6' is: '7.12'

28-03-2025T12:19:57 - [TEST_STEP][PASSED] - page2 = page2.replace("|", ""): null

28-03-2025T12:19:57 - [TEST_STEP][PASSED] - println("page1: " + page1): null

28-03-2025T12:19:57 - [TEST_STEP][PASSED] - println("page2: " + page2): null

28-03-2025T12:19:57 - [TEST_STEP][PASSED] - file = findTestData("PlanFact").getValue(4, a): null

28-03-2025T12:19:57 - [TEST_STEP][PASSED] - file = file.replace(",", "."): null

28-03-2025T12:19:57 - [TEST_STEP][PASSED] - println("file Plan: " + file): null

28-03-2025T12:19:57 - [TEST_STEP][PASSED] - typeOfData = "План в процентах": null

28-03-2025T12:19:57 - [TEST_STEP][PASSED] - fileDouble = file.toDouble(): null

28-03-2025T12:19:57 - [TEST_STEP][PASSED] - pageDouble = page1.toDouble(): null

28-03-2025T12:19:57 - [TEST_STEP][PASSED] - if (fileDouble != pageDouble): null

28-03-2025T12:19:57 - [TEST_STEP][PASSED] - file = findTestData("PlanFact").getValue(7, a): null

28-03-2025T12:19:57 - [TEST_STEP][PASSED] - file = file.replace(",", "."): null

28-03-2025T12:19:57 - [TEST_STEP][PASSED] - println("file Fact: " + file): null

28-03-2025T12:19:57 - [TEST_STEP][PASSED] - fileDouble = file.toDouble(): null

28-03-2025T12:19:57 - [TEST_STEP][PASSED] - typeOfData = "Факт в процентах": null

28-03-2025T12:19:57 - [TEST_STEP][PASSED] - fileDouble = file.toDouble(): null

28-03-2025T12:19:57 - [TEST_STEP][PASSED] - pageDouble = page2.toDouble(): null

28-03-2025T12:19:57 - [TEST_STEP][PASSED] - if (fileDouble != pageDouble): null

28-03-2025T12:19:57 - [TEST_STEP][FAILED] - if (verifyEqual(numberOfErrors, 0) == false): null

28-03-2025T12:19:57 - [MESSAGE][FAILED] - Unable to verify equal between actual object '2' and expected object '0' (Root cause: com.kms.katalon.core.exception.StepFailedException: Actual object '2' and expected object '0' are not equal
	at com.kms.katalon.core.keyword.builtin.VerifyEqualKeyword$_verifyEqual_closure1.doCall(VerifyEqualKeyword.groovy:58)
	at com.kms.katalon.core.keyword.builtin.VerifyEqualKeyword$_verifyEqual_closure1.call(VerifyEqualKeyword.groovy)
	at com.kms.katalon.core.keyword.internal.KeywordMain.runKeyword(KeywordMain.groovy:75)
	at com.kms.katalon.core.keyword.builtin.VerifyEqualKeyword.verifyEqual(VerifyEqualKeyword.groovy:63)
	at com.kms.katalon.core.keyword.builtin.VerifyEqualKeyword.execute(VerifyEqualKeyword.groovy:44)
	at com.kms.katalon.core.keyword.internal.KeywordExecutor.executeKeywordForPlatform(KeywordExecutor.groovy:74)
	at com.kms.katalon.core.keyword.BuiltinKeywords.verifyEqual(BuiltinKeywords.groovy:146)
	at jdk.internal.reflect.GeneratedMethodAccessor23.invoke(Unknown Source)
	at java.base/jdk.internal.reflect.DelegatingMethodAccessorImpl.invoke(DelegatingMethodAccessorImpl.java:43)
	at Выполнение бизнес-плана Сверка ПАО Россети все филиалы.Numbers(Выполнение бизнес-плана Сверка ПАО Россети все филиалы:744)
	at Выполнение бизнес-плана Сверка ПАО Россети все филиалы.run(Выполнение бизнес-плана Сверка ПАО Россети все филиалы:357)
	at com.kms.katalon.core.main.ScriptEngine.run(ScriptEngine.java:194)
	at com.kms.katalon.core.main.ScriptEngine.runScriptAsRawText(ScriptEngine.java:119)
	at com.kms.katalon.core.main.TestCaseExecutor.runScript(TestCaseExecutor.java:448)
	at com.kms.katalon.core.main.TestCaseExecutor.doExecute(TestCaseExecutor.java:439)
	at com.kms.katalon.core.main.TestCaseExecutor.processExecutionPhase(TestCaseExecutor.java:418)
	at com.kms.katalon.core.main.TestCaseExecutor.accessMainPhase(TestCaseExecutor.java:410)
	at com.kms.katalon.core.main.TestCaseExecutor.execute(TestCaseExecutor.java:285)
	at com.kms.katalon.core.common.CommonExecutor.accessTestCaseMainPhase(CommonExecutor.java:65)
	at com.kms.katalon.core.main.TestSuiteExecutor.accessTestSuiteMainPhase(TestSuiteExecutor.java:150)
	at com.kms.katalon.core.main.TestSuiteExecutor.execute(TestSuiteExecutor.java:106)
	at com.kms.katalon.core.main.TestCaseMain.startTestSuite(TestCaseMain.java:180)
	at TempTestSuite1743137207280.run(TempTestSuite1743137207280.groovy:35)
	at java.base/jdk.internal.reflect.NativeMethodAccessorImpl.invoke0(Native Method)
	at java.base/jdk.internal.reflect.NativeMethodAccessorImpl.invoke(NativeMethodAccessorImpl.java:77)
	at java.base/jdk.internal.reflect.DelegatingMethodAccessorImpl.invoke(DelegatingMethodAccessorImpl.java:43)
)

28-03-2025T12:19:57 - [TEST_STEP][PASSED] - println(numberOfErrors): null

28-03-2025T12:19:57 - [TEST_STEP][PASSED] - println("a=" + a): null

28-03-2025T12:19:57 - [TEST_STEP][PASSED] - if (a == 28 || a == 77 || a == 74 || a == 65 || a == 36 || a == 44 || a == 54 || a == 1 || a == 18 || a == 59): null

28-03-2025T12:19:57 - [TEST_STEP][PASSED] - Script1718980020443.Filials(a, typeOfData, todaysDate, pageInt, fileInt, pageDouble, fileDouble, dZO, dzoNum, filialNum): null

28-03-2025T12:19:57 - [TEST_STEP][PASSED] - i = <not implemented yet for class: org.codehaus.groovy.ast.expr.EmptyExpression>: null

28-03-2025T12:19:57 - [TEST_STEP][PASSED] - c = <not implemented yet for class: org.codehaus.groovy.ast.expr.EmptyExpression>: null

28-03-2025T12:19:57 - [TEST_STEP][PASSED] - page = <not implemented yet for class: org.codehaus.groovy.ast.expr.EmptyExpression>: null

28-03-2025T12:19:57 - [TEST_STEP][PASSED] - println(dZO): null

28-03-2025T12:19:57 - [TEST_STEP][PASSED] - reducedDZO = <not implemented yet for class: org.codehaus.groovy.ast.expr.EmptyExpression>: null

28-03-2025T12:19:57 - [TEST_STEP][PASSED] - reducedDZO = dZO.substring(dZO.indexOf(" ") + 1, dZO.length()): null

28-03-2025T12:19:57 - [TEST_STEP][PASSED] - if (reducedDZO.contains(" ")): null

28-03-2025T12:19:57 - [TEST_STEP][PASSED] - reducedDZO = reducedDZO.substring(reducedDZO.indexOf(" ") + 1, reducedDZO.length()): null

28-03-2025T12:19:57 - [TEST_STEP][PASSED] - if (reducedDZO.contains(" ")): null

28-03-2025T12:19:57 - [TEST_STEP][PASSED] - println(reducedDZO): null

28-03-2025T12:19:57 - [TEST_STEP][PASSED] - dzoCut = <not implemented yet for class: org.codehaus.groovy.ast.expr.EmptyExpression>: null

28-03-2025T12:19:57 - [TEST_STEP][PASSED] - Script1718980020443.DZO(a): null

28-03-2025T12:19:57 - [TEST_STEP][PASSED] - delay(20): Delayed 20 second(s)

28-03-2025T12:20:17 - [MESSAGE][PASSED] - Delayed 20 second(s)

28-03-2025T12:20:17 - [TEST_STEP][PASSED] - Script1718980020443.OpenFilter(): null

28-03-2025T12:20:17 - [TEST_STEP][PASSED] - click(findTestObject("Object Repository/Выполнение бизнес-плана/Фильтр ДЗО")): Object: 'Object Repository/Выполнение бизнес-плана/Фильтр ДЗО' is clicked on

28-03-2025T12:20:17 - [MESSAGE][PASSED] - Object: 'Object Repository/Выполнение бизнес-плана/Фильтр ДЗО' is clicked on

28-03-2025T12:20:17 - [TEST_STEP][PASSED] - click(findTestObject("Выполнение бизнес-плана/Снять выделение в фильтре ДЗО")): Object: 'Object Repository/Выполнение бизнес-плана/Снять выделение в фильтре ДЗО' is clicked on

28-03-2025T12:20:18 - [MESSAGE][PASSED] - Object: 'Object Repository/Выполнение бизнес-плана/Снять выделение в фильтре ДЗО' is clicked on

28-03-2025T12:20:18 - [TEST_STEP][PASSED] - Script1718980020443.OpenRSK(): null

28-03-2025T12:20:18 - [TEST_STEP][PASSED] - click(findTestObject("Выполнение бизнес-плана/Раскрыть список ПАО Россети в фильтре ДЗО")): Object: 'Object Repository/Выполнение бизнес-плана/Раскрыть список ПАО Россети в фильтре ДЗО' is clicked on

28-03-2025T12:20:18 - [MESSAGE][PASSED] - Object: 'Object Repository/Выполнение бизнес-плана/Раскрыть список ПАО Россети в фильтре ДЗО' is clicked on

28-03-2025T12:20:18 - [TEST_STEP][PASSED] - click(findTestObject("Выполнение бизнес-плана/Раскрыть список РаспредКомплекс в фильтре ДЗО")): Object: 'Object Repository/Выполнение бизнес-плана/Раскрыть список РаспредКомплекс в фильтре ДЗО' is clicked on

28-03-2025T12:20:18 - [MESSAGE][PASSED] - Object: 'Object Repository/Выполнение бизнес-плана/Раскрыть список РаспредКомплекс в фильтре ДЗО' is clicked on

28-03-2025T12:20:18 - [TEST_STEP][PASSED] - if (a == 28): null

28-03-2025T12:20:18 - [TEST_STEP][PASSED] - if (a == 77): null

28-03-2025T12:20:18 - [TEST_STEP][PASSED] - if (a == 74): null

28-03-2025T12:20:18 - [TEST_STEP][PASSED] - if (a == 65): null

28-03-2025T12:20:18 - [TEST_STEP][PASSED] - if (a == 36): null

28-03-2025T12:20:18 - [TEST_STEP][PASSED] - if (a == 44): null

28-03-2025T12:20:18 - [TEST_STEP][PASSED] - if (a == 54): Object: 'Object Repository/Выполнение бизнес-плана/Россети Урал' is clicked on

28-03-2025T12:20:18 - [TEST_STEP][PASSED] - scrollToElement(findTestObject("Общие объекты/Раскрыть список Россети Урал"), 30): Scroll to object 'Object Repository/Общие объекты/Раскрыть список Россети Урал' successfully

28-03-2025T12:20:19 - [MESSAGE][PASSED] - Scroll to object 'Object Repository/Общие объекты/Раскрыть список Россети Урал' successfully

28-03-2025T12:20:19 - [TEST_STEP][PASSED] - click(findTestObject("Выполнение бизнес-плана/Россети Урал")): Object: 'Object Repository/Выполнение бизнес-плана/Россети Урал' is clicked on

28-03-2025T12:20:19 - [MESSAGE][PASSED] - Object: 'Object Repository/Выполнение бизнес-плана/Россети Урал' is clicked on

28-03-2025T12:20:19 - [TEST_STEP][PASSED] - if (a == 1): null

28-03-2025T12:20:19 - [TEST_STEP][PASSED] - if (a == 18): null

28-03-2025T12:20:19 - [TEST_STEP][PASSED] - if (a == 59): null

28-03-2025T12:20:19 - [TEST_STEP][PASSED] - Script1718980020443.CloseFilter(): null

28-03-2025T12:20:19 - [TEST_STEP][PASSED] - scrollToElement(findTestObject("Выполнение бизнес-плана/Заголовок дашборда"), 30): Scroll to object 'Object Repository/Выполнение бизнес-плана/Заголовок дашборда' successfully

28-03-2025T12:20:19 - [MESSAGE][PASSED] - Scroll to object 'Object Repository/Выполнение бизнес-плана/Заголовок дашборда' successfully

28-03-2025T12:20:19 - [TEST_STEP][PASSED] - click(findTestObject("Object Repository/Выполнение бизнес-плана/Применить в фильтре ДЗО")): Object: 'Object Repository/Выполнение бизнес-плана/Применить в фильтре ДЗО' is clicked on

28-03-2025T12:20:20 - [MESSAGE][PASSED] - Object: 'Object Repository/Выполнение бизнес-плана/Применить в фильтре ДЗО' is clicked on

28-03-2025T12:20:20 - [TEST_STEP][PASSED] - delay(20): Delayed 20 second(s)

28-03-2025T12:20:40 - [MESSAGE][PASSED] - Delayed 20 second(s)

28-03-2025T12:20:40 - [TEST_STEP][PASSED] - Script1718980020443.ZakrytOpoveshenie(): null

28-03-2025T12:20:40 - [TEST_STEP][PASSED] - delay(10): Delayed 10 second(s)

28-03-2025T12:20:50 - [MESSAGE][PASSED] - Delayed 10 second(s)

28-03-2025T12:20:50 - [TEST_STEP][PASSED] - opoveshenie = getText(findTestObject("Выполнение бизнес-плана/Просьба обратить внимание")): Text of object 'Object Repository/Выполнение бизнес-плана/Просьба обратить внимание' is: ''

28-03-2025T12:20:51 - [MESSAGE][PASSED] - Text of object 'Object Repository/Выполнение бизнес-плана/Просьба обратить внимание' is: ''

28-03-2025T12:20:51 - [TEST_STEP][PASSED] - println(opoveshenie): null

28-03-2025T12:20:51 - [TEST_STEP][PASSED] - if (opoveshenie == "Просьба обратить внимание"): null

28-03-2025T12:20:51 - [TEST_STEP][PASSED] - page = getText(findTestObject("Object Repository/Выполнение бизнес-плана/Filials")): Text of object 'Object Repository/Выполнение бизнес-плана/Filials' is: 'АО ЕЭСК
Пермэнерго
Свердловэнерго
Челябэнерго
0
10
20
30
40
50
60
70'

28-03-2025T12:20:51 - [MESSAGE][PASSED] - Text of object 'Object Repository/Выполнение бизнес-плана/Filials' is: 'АО ЕЭСК
Пермэнерго
Свердловэнерго
Челябэнерго
0
10
20
30
40
50
60
70'

28-03-2025T12:20:51 - [TEST_STEP][PASSED] - println(page): null

28-03-2025T12:20:51 - [TEST_STEP][PASSED] - c = page.indexOf(reducedDZO): null

28-03-2025T12:20:51 - [TEST_STEP][PASSED] - if (c > -1): null

28-03-2025T12:20:51 - [TEST_STEP][PASSED] - x2 = getText(findTestObject("Выполнение бизнес-плана/Список ДЗО старый")): Text of object 'Object Repository/Выполнение бизнес-плана/Список ДЗО старый' is: 'АО ЕЭСК
Пермэнерго
Свердловэнерго
Челябэнерго
0
10
20
30
40
50
60
70'

28-03-2025T12:20:51 - [MESSAGE][PASSED] - Text of object 'Object Repository/Выполнение бизнес-плана/Список ДЗО старый' is: 'АО ЕЭСК
Пермэнерго
Свердловэнерго
Челябэнерго
0
10
20
30
40
50
60
70'

28-03-2025T12:20:51 - [TEST_STEP][PASSED] - if (a == 28): null

28-03-2025T12:20:51 - [TEST_STEP][PASSED] - if (a == 77): null

28-03-2025T12:20:51 - [TEST_STEP][PASSED] - if (a == 74): null

28-03-2025T12:20:51 - [TEST_STEP][PASSED] - if (a == 65): null

28-03-2025T12:20:51 - [TEST_STEP][PASSED] - if (a == 1): null

28-03-2025T12:20:51 - [TEST_STEP][PASSED] - if (a == 18): null

28-03-2025T12:20:51 - [TEST_STEP][PASSED] - if (a == 36): null

28-03-2025T12:20:51 - [TEST_STEP][PASSED] - if (a == 44): null

28-03-2025T12:20:51 - [TEST_STEP][PASSED] - if (a == 54): null

28-03-2025T12:20:51 - [TEST_STEP][PASSED] - dZO = "АО ЕЭСК": null

28-03-2025T12:20:51 - [TEST_STEP][PASSED] - a = 58: null

28-03-2025T12:20:51 - [TEST_STEP][PASSED] - dzoCut = dZO.substring(3, dZO.length()): null

28-03-2025T12:20:51 - [TEST_STEP][PASSED] - if (x2.contains(dzoCut)): null

28-03-2025T12:20:51 - [TEST_STEP][PASSED] - filialNum = filialNum + 1: null

28-03-2025T12:20:51 - [TEST_STEP][PASSED] - Script1718980020443.Numbers(a, typeOfData, todaysDate, pageInt, fileInt, pageDouble, fileDouble, dZO, dzoNum, filialNum): null

28-03-2025T12:20:51 - [TEST_STEP][PASSED] - println(dzoNum): null

28-03-2025T12:20:51 - [TEST_STEP][PASSED] - planFact = <not implemented yet for class: org.codehaus.groovy.ast.expr.EmptyExpression>: null

28-03-2025T12:20:51 - [TEST_STEP][PASSED] - page = <not implemented yet for class: org.codehaus.groovy.ast.expr.EmptyExpression>: null

28-03-2025T12:20:51 - [TEST_STEP][PASSED] - page1 = <not implemented yet for class: org.codehaus.groovy.ast.expr.EmptyExpression>: null

28-03-2025T12:20:51 - [TEST_STEP][PASSED] - page2 = <not implemented yet for class: org.codehaus.groovy.ast.expr.EmptyExpression>: null

28-03-2025T12:20:51 - [TEST_STEP][PASSED] - filialNumberInRow = <not implemented yet for class: org.codehaus.groovy.ast.expr.EmptyExpression>: null

28-03-2025T12:20:51 - [TEST_STEP][PASSED] - filialsDzoNames = <not implemented yet for class: org.codehaus.groovy.ast.expr.EmptyExpression>: null

28-03-2025T12:20:51 - [TEST_STEP][PASSED] - numberOfFilials = <not implemented yet for class: org.codehaus.groovy.ast.expr.EmptyExpression>: null

28-03-2025T12:20:51 - [TEST_STEP][PASSED] - numberOfSpaces = <not implemented yet for class: org.codehaus.groovy.ast.expr.EmptyExpression>: null

28-03-2025T12:20:51 - [TEST_STEP][PASSED] - file = <not implemented yet for class: org.codehaus.groovy.ast.expr.EmptyExpression>: null

28-03-2025T12:20:51 - [TEST_STEP][PASSED] - otpusk = <not implemented yet for class: org.codehaus.groovy.ast.expr.EmptyExpression>: null

28-03-2025T12:20:51 - [TEST_STEP][PASSED] - poteri = <not implemented yet for class: org.codehaus.groovy.ast.expr.EmptyExpression>: null

28-03-2025T12:20:51 - [TEST_STEP][PASSED] - dataFolder = "Выполнение бизнес-плана/Значения со страницы Выполнение бизнес-плана/": null

28-03-2025T12:20:51 - [TEST_STEP][PASSED] - path = <not implemented yet for class: org.codehaus.groovy.ast.expr.EmptyExpression>: null

28-03-2025T12:20:51 - [TEST_STEP][PASSED] - typeOfDataMain = <not implemented yet for class: org.codehaus.groovy.ast.expr.EmptyExpression>: null

28-03-2025T12:20:51 - [TEST_STEP][PASSED] - fileOtpuskVSet = <not implemented yet for class: org.codehaus.groovy.ast.expr.EmptyExpression>: null

28-03-2025T12:20:51 - [TEST_STEP][PASSED] - pageOtpuskVSet = <not implemented yet for class: org.codehaus.groovy.ast.expr.EmptyExpression>: null

28-03-2025T12:20:51 - [TEST_STEP][PASSED] - filePoteri = <not implemented yet for class: org.codehaus.groovy.ast.expr.EmptyExpression>: null

28-03-2025T12:20:51 - [TEST_STEP][PASSED] - pagePoteri = <not implemented yet for class: org.codehaus.groovy.ast.expr.EmptyExpression>: null

28-03-2025T12:20:51 - [TEST_STEP][PASSED] - compare = <not implemented yet for class: org.codehaus.groovy.ast.expr.EmptyExpression>: null

28-03-2025T12:20:51 - [TEST_STEP][PASSED] - b = <not implemented yet for class: org.codehaus.groovy.ast.expr.EmptyExpression>: null

28-03-2025T12:20:51 - [TEST_STEP][PASSED] - i = <not implemented yet for class: org.codehaus.groovy.ast.expr.EmptyExpression>: null

28-03-2025T12:20:51 - [TEST_STEP][PASSED] - ii = <not implemented yet for class: org.codehaus.groovy.ast.expr.EmptyExpression>: null

28-03-2025T12:20:51 - [TEST_STEP][PASSED] - c = <not implemented yet for class: org.codehaus.groovy.ast.expr.EmptyExpression>: null

28-03-2025T12:20:51 - [TEST_STEP][PASSED] - numberOfErrors = 0: null

28-03-2025T12:20:51 - [TEST_STEP][PASSED] - if (a == 82): null

28-03-2025T12:20:51 - [TEST_STEP][PASSED] - b = findTestData("PlanFact").getValue(1, a): null

28-03-2025T12:20:51 - [TEST_STEP][PASSED] - i = b.indexOf(" (ГК)"): null

28-03-2025T12:20:51 - [TEST_STEP][PASSED] - if (i > -1): null

28-03-2025T12:20:51 - [TEST_STEP][PASSED] - i = b.indexOf("О ""): null

28-03-2025T12:20:51 - [TEST_STEP][PASSED] - if (i > -1): null

28-03-2025T12:20:51 - [TEST_STEP][PASSED] - i = b.indexOf("О «"): null

28-03-2025T12:20:51 - [TEST_STEP][PASSED] - if (i > -1): null

28-03-2025T12:20:51 - [TEST_STEP][PASSED] - i = b.indexOf("г. "): null

28-03-2025T12:20:51 - [TEST_STEP][PASSED] - if (i > -1): null

28-03-2025T12:20:51 - [TEST_STEP][PASSED] - b = b.trim(): null

28-03-2025T12:20:51 - [TEST_STEP][PASSED] - println(b): null

28-03-2025T12:20:51 - [TEST_STEP][PASSED] - for ([planFact = 1, planFact < 3, (planFact++)]): Object: 'Object Repository/Выполнение бизнес-плана/Кнопка Факт' is clicked on

28-03-2025T12:20:51 - [TEST_STEP][PASSED] - if (planFact == 1): null

28-03-2025T12:20:51 - [TEST_STEP][PASSED] - typeOfDataMain = "Факт": null

28-03-2025T12:20:51 - [TEST_STEP][PASSED] - otpusk = findTestData("PlanFact").getValue(5, a): null

28-03-2025T12:20:51 - [TEST_STEP][PASSED] - poteri = findTestData("PlanFact").getValue(6, a): null

28-03-2025T12:20:51 - [TEST_STEP][PASSED] - otpusk = otpusk.replaceAll("\s+", ""): null

28-03-2025T12:20:51 - [TEST_STEP][PASSED] - poteri = poteri.replaceAll("\s+", ""): null

28-03-2025T12:20:51 - [TEST_STEP][PASSED] - typeOfData = typeOfDataMain + " Отпуск в сеть": null

28-03-2025T12:20:51 - [TEST_STEP][PASSED] - if (a == 82): null

28-03-2025T12:20:51 - [TEST_STEP][PASSED] - else if (a == 84): null

28-03-2025T12:20:51 - [TEST_STEP][PASSED] - else if (a == 83 || a == 52 || a == 72 || a == 28 || a == 73 || a == 77 || a == 74 || a == 65 || a == 36 || a == 44 || a == 53 || a == 80 || a == 54 || a == 1 || a == 18 || a == 59 || a == 81): null

28-03-2025T12:20:51 - [TEST_STEP][PASSED] - else: null

28-03-2025T12:20:51 - [TEST_STEP][PASSED] - path = dataFolder + typeOfData + " за отчётный период " + b: null

28-03-2025T12:20:51 - [TEST_STEP][PASSED] - println(path): null

28-03-2025T12:20:51 - [TEST_STEP][PASSED] - page = getText(findTestObject(path)): Text of object 'Object Repository/Выполнение бизнес-плана/Значения со страницы Выполнение бизнес-плана/Факт Отпуск в сеть за отчётный период АО ЕЭСК' is: '727 699'

28-03-2025T12:20:52 - [MESSAGE][PASSED] - Text of object 'Object Repository/Выполнение бизнес-плана/Значения со страницы Выполнение бизнес-плана/Факт Отпуск в сеть за отчётный период АО ЕЭСК' is: '727 699'

28-03-2025T12:20:52 - [TEST_STEP][PASSED] - if (page == "" || page == null): null

28-03-2025T12:20:52 - [TEST_STEP][PASSED] - else: null

28-03-2025T12:20:52 - [TEST_STEP][PASSED] - page = page.replaceAll("\s+", ""): null

28-03-2025T12:20:52 - [TEST_STEP][PASSED] - if (page == "undefined"): null

28-03-2025T12:20:52 - [TEST_STEP][PASSED] - fileOtpuskVSet = otpusk.toInteger(): null

28-03-2025T12:20:52 - [TEST_STEP][PASSED] - pageOtpuskVSet = page.toInteger(): null

28-03-2025T12:20:52 - [TEST_STEP][PASSED] - typeOfData = typeOfDataMain + " Потери": null

28-03-2025T12:20:52 - [TEST_STEP][PASSED] - if (a == 82): null

28-03-2025T12:20:52 - [TEST_STEP][PASSED] - else if (a == 84): null

28-03-2025T12:20:52 - [TEST_STEP][PASSED] - else if (a == 83 || a == 52 || a == 72 || a == 28 || a == 73 || a == 77 || a == 74 || a == 65 || a == 44 || a == 53 || a == 80 || a == 54 || a == 1 || a == 18 || a == 59 || a == 81): null

28-03-2025T12:20:52 - [TEST_STEP][PASSED] - else: null

28-03-2025T12:20:52 - [TEST_STEP][PASSED] - path = dataFolder + typeOfData + " за отчётный период " + b: null

28-03-2025T12:20:52 - [TEST_STEP][PASSED] - page = getText(findTestObject(path)): Text of object 'Object Repository/Выполнение бизнес-плана/Значения со страницы Выполнение бизнес-плана/Факт Потери за отчётный период АО ЕЭСК' is: '48 504'

28-03-2025T12:20:52 - [MESSAGE][PASSED] - Text of object 'Object Repository/Выполнение бизнес-плана/Значения со страницы Выполнение бизнес-плана/Факт Потери за отчётный период АО ЕЭСК' is: '48 504'

28-03-2025T12:20:52 - [TEST_STEP][PASSED] - if (page == "" || page == null): null

28-03-2025T12:20:52 - [TEST_STEP][PASSED] - else: null

28-03-2025T12:20:52 - [TEST_STEP][PASSED] - page = page.replaceAll("\s+", ""): null

28-03-2025T12:20:52 - [TEST_STEP][PASSED] - if (page == "undefined"): null

28-03-2025T12:20:52 - [TEST_STEP][PASSED] - filePoteri = poteri.toInteger(): null

28-03-2025T12:20:52 - [TEST_STEP][PASSED] - pagePoteri = page.toInteger(): null

28-03-2025T12:20:52 - [TEST_STEP][PASSED] - compare = pageOtpuskVSet: null

28-03-2025T12:20:52 - [TEST_STEP][PASSED] - if (pageOtpuskVSet != null): null

28-03-2025T12:20:52 - [TEST_STEP][PASSED] - if (compare == fileOtpuskVSet): null

28-03-2025T12:20:52 - [TEST_STEP][PASSED] - if (compare == fileOtpuskVSet): null

28-03-2025T12:20:52 - [TEST_STEP][PASSED] - compare = pagePoteri: null

28-03-2025T12:20:52 - [TEST_STEP][PASSED] - if (pageOtpuskVSet != null): null

28-03-2025T12:20:52 - [TEST_STEP][PASSED] - if (compare == filePoteri): null

28-03-2025T12:20:52 - [TEST_STEP][PASSED] - if (compare == filePoteri): null

28-03-2025T12:20:52 - [TEST_STEP][PASSED] - if (planFact == 2): null

28-03-2025T12:20:52 - [TEST_STEP][PASSED] - if (planFact == 1): null

28-03-2025T12:20:52 - [TEST_STEP][PASSED] - else if (planFact == 2): null

28-03-2025T12:20:52 - [TEST_STEP][PASSED] - click(findTestObject("Выполнение бизнес-плана/Кнопка План")): Object: 'Object Repository/Выполнение бизнес-плана/Кнопка План' is clicked on

28-03-2025T12:20:52 - [MESSAGE][PASSED] - Object: 'Object Repository/Выполнение бизнес-плана/Кнопка План' is clicked on

28-03-2025T12:20:52 - [TEST_STEP][PASSED] - typeOfDataMain = "План": null

28-03-2025T12:20:52 - [TEST_STEP][PASSED] - otpusk = findTestData("PlanFact").getValue(2, a): null

28-03-2025T12:20:53 - [TEST_STEP][PASSED] - poteri = findTestData("PlanFact").getValue(3, a): null

28-03-2025T12:20:53 - [TEST_STEP][PASSED] - otpusk = otpusk.replaceAll("\s+", ""): null

28-03-2025T12:20:53 - [TEST_STEP][PASSED] - poteri = poteri.replaceAll("\s+", ""): null

28-03-2025T12:20:53 - [TEST_STEP][PASSED] - typeOfData = typeOfDataMain + " Отпуск в сеть": null

28-03-2025T12:20:53 - [TEST_STEP][PASSED] - if (a == 82): null

28-03-2025T12:20:53 - [TEST_STEP][PASSED] - else if (a == 84): null

28-03-2025T12:20:53 - [TEST_STEP][PASSED] - else if (a == 83 || a == 52 || a == 72 || a == 28 || a == 73 || a == 77 || a == 74 || a == 65 || a == 36 || a == 44 || a == 53 || a == 80 || a == 54 || a == 1 || a == 18 || a == 59 || a == 81): null

28-03-2025T12:20:53 - [TEST_STEP][PASSED] - else: null

28-03-2025T12:20:53 - [TEST_STEP][PASSED] - path = dataFolder + typeOfData + " за отчётный период " + b: null

28-03-2025T12:20:53 - [TEST_STEP][PASSED] - println(path): null

28-03-2025T12:20:53 - [TEST_STEP][PASSED] - page = getText(findTestObject(path)): Text of object 'Object Repository/Выполнение бизнес-плана/Значения со страницы Выполнение бизнес-плана/План Отпуск в сеть за отчётный период АО ЕЭСК' is: '744 743'

28-03-2025T12:20:53 - [MESSAGE][PASSED] - Text of object 'Object Repository/Выполнение бизнес-плана/Значения со страницы Выполнение бизнес-плана/План Отпуск в сеть за отчётный период АО ЕЭСК' is: '744 743'

28-03-2025T12:20:53 - [TEST_STEP][PASSED] - if (page == "" || page == null): null

28-03-2025T12:20:53 - [TEST_STEP][PASSED] - else: null

28-03-2025T12:20:53 - [TEST_STEP][PASSED] - page = page.replaceAll("\s+", ""): null

28-03-2025T12:20:53 - [TEST_STEP][PASSED] - if (page == "undefined"): null

28-03-2025T12:20:53 - [TEST_STEP][PASSED] - fileOtpuskVSet = otpusk.toInteger(): null

28-03-2025T12:20:53 - [TEST_STEP][PASSED] - pageOtpuskVSet = page.toInteger(): null

28-03-2025T12:20:53 - [TEST_STEP][PASSED] - typeOfData = typeOfDataMain + " Потери": null

28-03-2025T12:20:53 - [TEST_STEP][PASSED] - if (a == 82): null

28-03-2025T12:20:53 - [TEST_STEP][PASSED] - else if (a == 84): null

28-03-2025T12:20:53 - [TEST_STEP][PASSED] - else if (a == 83 || a == 52 || a == 72 || a == 28 || a == 73 || a == 77 || a == 74 || a == 65 || a == 44 || a == 53 || a == 80 || a == 54 || a == 1 || a == 18 || a == 59 || a == 81): null

28-03-2025T12:20:53 - [TEST_STEP][PASSED] - else: null

28-03-2025T12:20:53 - [TEST_STEP][PASSED] - path = dataFolder + typeOfData + " за отчётный период " + b: null

28-03-2025T12:20:53 - [TEST_STEP][PASSED] - page = getText(findTestObject(path)): Text of object 'Object Repository/Выполнение бизнес-плана/Значения со страницы Выполнение бизнес-плана/План Потери за отчётный период АО ЕЭСК' is: '56 986'

28-03-2025T12:20:53 - [MESSAGE][PASSED] - Text of object 'Object Repository/Выполнение бизнес-плана/Значения со страницы Выполнение бизнес-плана/План Потери за отчётный период АО ЕЭСК' is: '56 986'

28-03-2025T12:20:53 - [TEST_STEP][PASSED] - if (page == "" || page == null): null

28-03-2025T12:20:53 - [TEST_STEP][PASSED] - else: null

28-03-2025T12:20:53 - [TEST_STEP][PASSED] - page = page.replaceAll("\s+", ""): null

28-03-2025T12:20:53 - [TEST_STEP][PASSED] - if (page == "undefined"): null

28-03-2025T12:20:53 - [TEST_STEP][PASSED] - filePoteri = poteri.toInteger(): null

28-03-2025T12:20:53 - [TEST_STEP][PASSED] - pagePoteri = page.toInteger(): null

28-03-2025T12:20:53 - [TEST_STEP][PASSED] - compare = pageOtpuskVSet: null

28-03-2025T12:20:53 - [TEST_STEP][PASSED] - if (pageOtpuskVSet != null): null

28-03-2025T12:20:53 - [TEST_STEP][PASSED] - if (compare == fileOtpuskVSet): null

28-03-2025T12:20:53 - [TEST_STEP][PASSED] - if (compare == fileOtpuskVSet): null

28-03-2025T12:20:53 - [TEST_STEP][PASSED] - compare = pagePoteri: null

28-03-2025T12:20:53 - [TEST_STEP][PASSED] - if (pageOtpuskVSet != null): null

28-03-2025T12:20:53 - [TEST_STEP][PASSED] - if (compare == filePoteri): null

28-03-2025T12:20:53 - [TEST_STEP][PASSED] - if (compare == filePoteri): null

28-03-2025T12:20:53 - [TEST_STEP][PASSED] - if (planFact == 2): Object: 'Object Repository/Выполнение бизнес-плана/Кнопка Факт' is clicked on

28-03-2025T12:20:53 - [TEST_STEP][PASSED] - click(findTestObject("Выполнение бизнес-плана/Кнопка Факт")): Object: 'Object Repository/Выполнение бизнес-плана/Кнопка Факт' is clicked on

28-03-2025T12:20:54 - [MESSAGE][PASSED] - Object: 'Object Repository/Выполнение бизнес-плана/Кнопка Факт' is clicked on

28-03-2025T12:20:54 - [TEST_STEP][PASSED] - println("a=" + a): null

28-03-2025T12:20:54 - [TEST_STEP][PASSED] - if (a == 84 || a == 82): null

28-03-2025T12:20:54 - [TEST_STEP][PASSED] - else if (a == 83 || a == 52 || a == 72 || a == 28 || a == 73 || a == 77 || a == 74 || a == 65 || a == 36 || a == 44 || a == 53 || a == 80 || a == 54 || a == 1 || a == 18 || a == 59 || a == 81): null

28-03-2025T12:20:54 - [TEST_STEP][PASSED] - else: null

28-03-2025T12:20:54 - [TEST_STEP][PASSED] - page1 = getText(findTestObject("Object Repository/Выполнение бизнес-плана/spanPlan" + filialNum)): Text of object 'Object Repository/Выполнение бизнес-плана/spanPlan1' is: '7.65
|'

28-03-2025T12:20:54 - [MESSAGE][PASSED] - Text of object 'Object Repository/Выполнение бизнес-плана/spanPlan1' is: '7.65
|'

28-03-2025T12:20:54 - [TEST_STEP][PASSED] - page1 = page1.replace("|", ""): null

28-03-2025T12:20:54 - [TEST_STEP][PASSED] - page2 = getText(findTestObject("Object Repository/Выполнение бизнес-плана/spanFact" + filialNum)): Text of object 'Object Repository/Выполнение бизнес-плана/spanFact1' is: '6.67
|'

28-03-2025T12:20:54 - [MESSAGE][PASSED] - Text of object 'Object Repository/Выполнение бизнес-плана/spanFact1' is: '6.67
|'

28-03-2025T12:20:54 - [TEST_STEP][PASSED] - page2 = page2.replace("|", ""): null

28-03-2025T12:20:54 - [TEST_STEP][PASSED] - println("page1: " + page1): null

28-03-2025T12:20:54 - [TEST_STEP][PASSED] - println("page2: " + page2): null

28-03-2025T12:20:54 - [TEST_STEP][PASSED] - file = findTestData("PlanFact").getValue(4, a): null

28-03-2025T12:20:54 - [TEST_STEP][PASSED] - file = file.replace(",", "."): null

28-03-2025T12:20:54 - [TEST_STEP][PASSED] - println("file Plan: " + file): null

28-03-2025T12:20:54 - [TEST_STEP][PASSED] - typeOfData = "План в процентах": null

28-03-2025T12:20:54 - [TEST_STEP][PASSED] - fileDouble = file.toDouble(): null

28-03-2025T12:20:54 - [TEST_STEP][PASSED] - pageDouble = page1.toDouble(): null

28-03-2025T12:20:54 - [TEST_STEP][PASSED] - if (fileDouble != pageDouble): null

28-03-2025T12:20:54 - [TEST_STEP][PASSED] - file = findTestData("PlanFact").getValue(7, a): null

28-03-2025T12:20:54 - [TEST_STEP][PASSED] - file = file.replace(",", "."): null

28-03-2025T12:20:54 - [TEST_STEP][PASSED] - println("file Fact: " + file): null

28-03-2025T12:20:54 - [TEST_STEP][PASSED] - fileDouble = file.toDouble(): null

28-03-2025T12:20:54 - [TEST_STEP][PASSED] - typeOfData = "Факт в процентах": null

28-03-2025T12:20:54 - [TEST_STEP][PASSED] - fileDouble = file.toDouble(): null

28-03-2025T12:20:54 - [TEST_STEP][PASSED] - pageDouble = page2.toDouble(): null

28-03-2025T12:20:54 - [TEST_STEP][PASSED] - if (fileDouble != pageDouble): null

28-03-2025T12:20:54 - [TEST_STEP][PASSED] - if (verifyEqual(numberOfErrors, 0) == false): Actual object '0' and expected object '0' are equal

28-03-2025T12:20:54 - [MESSAGE][PASSED] - Actual object '0' and expected object '0' are equal

28-03-2025T12:20:54 - [TEST_STEP][PASSED] - if (a == 82): null

28-03-2025T12:20:54 - [TEST_STEP][PASSED] - dZO = "Пермэнерго": null

28-03-2025T12:20:54 - [TEST_STEP][PASSED] - a = 55: null

28-03-2025T12:20:54 - [TEST_STEP][PASSED] - if (x2.contains(dZO)): null

28-03-2025T12:20:54 - [TEST_STEP][PASSED] - filialNum = filialNum + 1: null

28-03-2025T12:20:54 - [TEST_STEP][PASSED] - Script1718980020443.Numbers(a, typeOfData, todaysDate, pageInt, fileInt, pageDouble, fileDouble, dZO, dzoNum, filialNum): null

28-03-2025T12:20:54 - [TEST_STEP][PASSED] - println(dzoNum): null

28-03-2025T12:20:54 - [TEST_STEP][PASSED] - planFact = <not implemented yet for class: org.codehaus.groovy.ast.expr.EmptyExpression>: null

28-03-2025T12:20:54 - [TEST_STEP][PASSED] - page = <not implemented yet for class: org.codehaus.groovy.ast.expr.EmptyExpression>: null

28-03-2025T12:20:54 - [TEST_STEP][PASSED] - page1 = <not implemented yet for class: org.codehaus.groovy.ast.expr.EmptyExpression>: null

28-03-2025T12:20:54 - [TEST_STEP][PASSED] - page2 = <not implemented yet for class: org.codehaus.groovy.ast.expr.EmptyExpression>: null

28-03-2025T12:20:54 - [TEST_STEP][PASSED] - filialNumberInRow = <not implemented yet for class: org.codehaus.groovy.ast.expr.EmptyExpression>: null

28-03-2025T12:20:54 - [TEST_STEP][PASSED] - filialsDzoNames = <not implemented yet for class: org.codehaus.groovy.ast.expr.EmptyExpression>: null

28-03-2025T12:20:54 - [TEST_STEP][PASSED] - numberOfFilials = <not implemented yet for class: org.codehaus.groovy.ast.expr.EmptyExpression>: null

28-03-2025T12:20:54 - [TEST_STEP][PASSED] - numberOfSpaces = <not implemented yet for class: org.codehaus.groovy.ast.expr.EmptyExpression>: null

28-03-2025T12:20:54 - [TEST_STEP][PASSED] - file = <not implemented yet for class: org.codehaus.groovy.ast.expr.EmptyExpression>: null

28-03-2025T12:20:54 - [TEST_STEP][PASSED] - otpusk = <not implemented yet for class: org.codehaus.groovy.ast.expr.EmptyExpression>: null

28-03-2025T12:20:54 - [TEST_STEP][PASSED] - poteri = <not implemented yet for class: org.codehaus.groovy.ast.expr.EmptyExpression>: null

28-03-2025T12:20:54 - [TEST_STEP][PASSED] - dataFolder = "Выполнение бизнес-плана/Значения со страницы Выполнение бизнес-плана/": null

28-03-2025T12:20:54 - [TEST_STEP][PASSED] - path = <not implemented yet for class: org.codehaus.groovy.ast.expr.EmptyExpression>: null

28-03-2025T12:20:54 - [TEST_STEP][PASSED] - typeOfDataMain = <not implemented yet for class: org.codehaus.groovy.ast.expr.EmptyExpression>: null

28-03-2025T12:20:54 - [TEST_STEP][PASSED] - fileOtpuskVSet = <not implemented yet for class: org.codehaus.groovy.ast.expr.EmptyExpression>: null

28-03-2025T12:20:54 - [TEST_STEP][PASSED] - pageOtpuskVSet = <not implemented yet for class: org.codehaus.groovy.ast.expr.EmptyExpression>: null

28-03-2025T12:20:54 - [TEST_STEP][PASSED] - filePoteri = <not implemented yet for class: org.codehaus.groovy.ast.expr.EmptyExpression>: null

28-03-2025T12:20:54 - [TEST_STEP][PASSED] - pagePoteri = <not implemented yet for class: org.codehaus.groovy.ast.expr.EmptyExpression>: null

28-03-2025T12:20:54 - [TEST_STEP][PASSED] - compare = <not implemented yet for class: org.codehaus.groovy.ast.expr.EmptyExpression>: null

28-03-2025T12:20:54 - [TEST_STEP][PASSED] - b = <not implemented yet for class: org.codehaus.groovy.ast.expr.EmptyExpression>: null

28-03-2025T12:20:54 - [TEST_STEP][PASSED] - i = <not implemented yet for class: org.codehaus.groovy.ast.expr.EmptyExpression>: null

28-03-2025T12:20:54 - [TEST_STEP][PASSED] - ii = <not implemented yet for class: org.codehaus.groovy.ast.expr.EmptyExpression>: null

28-03-2025T12:20:54 - [TEST_STEP][PASSED] - c = <not implemented yet for class: org.codehaus.groovy.ast.expr.EmptyExpression>: null

28-03-2025T12:20:54 - [TEST_STEP][PASSED] - numberOfErrors = 0: null

28-03-2025T12:20:54 - [TEST_STEP][PASSED] - if (a == 82): null

28-03-2025T12:20:54 - [TEST_STEP][PASSED] - b = findTestData("PlanFact").getValue(1, a): null

28-03-2025T12:20:54 - [TEST_STEP][PASSED] - i = b.indexOf(" (ГК)"): null

28-03-2025T12:20:54 - [TEST_STEP][PASSED] - if (i > -1): null

28-03-2025T12:20:54 - [TEST_STEP][PASSED] - i = b.indexOf("О ""): null

28-03-2025T12:20:54 - [TEST_STEP][PASSED] - if (i > -1): null

28-03-2025T12:20:54 - [TEST_STEP][PASSED] - i = b.indexOf("О «"): null

28-03-2025T12:20:54 - [TEST_STEP][PASSED] - if (i > -1): null

28-03-2025T12:20:54 - [TEST_STEP][PASSED] - i = b.indexOf("г. "): null

28-03-2025T12:20:54 - [TEST_STEP][PASSED] - if (i > -1): null

28-03-2025T12:20:54 - [TEST_STEP][PASSED] - b = b.trim(): null

28-03-2025T12:20:54 - [TEST_STEP][PASSED] - println(b): null

28-03-2025T12:20:54 - [TEST_STEP][PASSED] - for ([planFact = 1, planFact < 3, (planFact++)]): Object: 'Object Repository/Выполнение бизнес-плана/Кнопка Факт' is clicked on

28-03-2025T12:20:54 - [TEST_STEP][PASSED] - if (planFact == 1): null

28-03-2025T12:20:54 - [TEST_STEP][PASSED] - typeOfDataMain = "Факт": null

28-03-2025T12:20:54 - [TEST_STEP][PASSED] - otpusk = findTestData("PlanFact").getValue(5, a): null

28-03-2025T12:20:54 - [TEST_STEP][PASSED] - poteri = findTestData("PlanFact").getValue(6, a): null

28-03-2025T12:20:54 - [TEST_STEP][PASSED] - otpusk = otpusk.replaceAll("\s+", ""): null

28-03-2025T12:20:54 - [TEST_STEP][PASSED] - poteri = poteri.replaceAll("\s+", ""): null

28-03-2025T12:20:54 - [TEST_STEP][PASSED] - typeOfData = typeOfDataMain + " Отпуск в сеть": null

28-03-2025T12:20:54 - [TEST_STEP][PASSED] - if (a == 82): null

28-03-2025T12:20:54 - [TEST_STEP][PASSED] - else if (a == 84): null

28-03-2025T12:20:54 - [TEST_STEP][PASSED] - else if (a == 83 || a == 52 || a == 72 || a == 28 || a == 73 || a == 77 || a == 74 || a == 65 || a == 36 || a == 44 || a == 53 || a == 80 || a == 54 || a == 1 || a == 18 || a == 59 || a == 81): null

28-03-2025T12:20:54 - [TEST_STEP][PASSED] - else: null

28-03-2025T12:20:54 - [TEST_STEP][PASSED] - path = dataFolder + typeOfData + " за отчётный период " + b: null

28-03-2025T12:20:54 - [TEST_STEP][PASSED] - println(path): null

28-03-2025T12:20:54 - [TEST_STEP][PASSED] - page = getText(findTestObject(path)): Text of object 'Object Repository/Выполнение бизнес-плана/Значения со страницы Выполнение бизнес-плана/Факт Отпуск в сеть за отчётный период Пермэнерго' is: '1 612 417'

28-03-2025T12:20:55 - [MESSAGE][PASSED] - Text of object 'Object Repository/Выполнение бизнес-плана/Значения со страницы Выполнение бизнес-плана/Факт Отпуск в сеть за отчётный период Пермэнерго' is: '1 612 417'

28-03-2025T12:20:55 - [TEST_STEP][PASSED] - if (page == "" || page == null): null

28-03-2025T12:20:55 - [TEST_STEP][PASSED] - else: null

28-03-2025T12:20:55 - [TEST_STEP][PASSED] - page = page.replaceAll("\s+", ""): null

28-03-2025T12:20:55 - [TEST_STEP][PASSED] - if (page == "undefined"): null

28-03-2025T12:20:55 - [TEST_STEP][PASSED] - fileOtpuskVSet = otpusk.toInteger(): null

28-03-2025T12:20:55 - [TEST_STEP][PASSED] - pageOtpuskVSet = page.toInteger(): null

28-03-2025T12:20:55 - [TEST_STEP][PASSED] - typeOfData = typeOfDataMain + " Потери": null

28-03-2025T12:20:55 - [TEST_STEP][PASSED] - if (a == 82): null

28-03-2025T12:20:55 - [TEST_STEP][PASSED] - else if (a == 84): null

28-03-2025T12:20:55 - [TEST_STEP][PASSED] - else if (a == 83 || a == 52 || a == 72 || a == 28 || a == 73 || a == 77 || a == 74 || a == 65 || a == 44 || a == 53 || a == 80 || a == 54 || a == 1 || a == 18 || a == 59 || a == 81): null

28-03-2025T12:20:55 - [TEST_STEP][PASSED] - else: null

28-03-2025T12:20:55 - [TEST_STEP][PASSED] - path = dataFolder + typeOfData + " за отчётный период " + b: null

28-03-2025T12:20:55 - [TEST_STEP][PASSED] - page = getText(findTestObject(path)): Text of object 'Object Repository/Выполнение бизнес-плана/Значения со страницы Выполнение бизнес-плана/Факт Потери за отчётный период Пермэнерго' is: '150 891'

28-03-2025T12:20:55 - [MESSAGE][PASSED] - Text of object 'Object Repository/Выполнение бизнес-плана/Значения со страницы Выполнение бизнес-плана/Факт Потери за отчётный период Пермэнерго' is: '150 891'

28-03-2025T12:20:55 - [TEST_STEP][PASSED] - if (page == "" || page == null): null

28-03-2025T12:20:55 - [TEST_STEP][PASSED] - else: null

28-03-2025T12:20:55 - [TEST_STEP][PASSED] - page = page.replaceAll("\s+", ""): null

28-03-2025T12:20:55 - [TEST_STEP][PASSED] - if (page == "undefined"): null

28-03-2025T12:20:55 - [TEST_STEP][PASSED] - filePoteri = poteri.toInteger(): null

28-03-2025T12:20:55 - [TEST_STEP][PASSED] - pagePoteri = page.toInteger(): null

28-03-2025T12:20:55 - [TEST_STEP][PASSED] - compare = pageOtpuskVSet: null

28-03-2025T12:20:55 - [TEST_STEP][PASSED] - if (pageOtpuskVSet != null): null

28-03-2025T12:20:55 - [TEST_STEP][PASSED] - if (compare == fileOtpuskVSet): null

28-03-2025T12:20:55 - [TEST_STEP][PASSED] - if (compare == fileOtpuskVSet): null

28-03-2025T12:20:55 - [TEST_STEP][PASSED] - compare = pagePoteri: null

28-03-2025T12:20:55 - [TEST_STEP][PASSED] - if (pageOtpuskVSet != null): null

28-03-2025T12:20:55 - [TEST_STEP][PASSED] - if (compare == filePoteri): null

28-03-2025T12:20:55 - [TEST_STEP][PASSED] - if (compare == filePoteri): null

28-03-2025T12:20:55 - [TEST_STEP][PASSED] - if (planFact == 2): null

28-03-2025T12:20:55 - [TEST_STEP][PASSED] - if (planFact == 1): null

28-03-2025T12:20:55 - [TEST_STEP][PASSED] - else if (planFact == 2): null

28-03-2025T12:20:55 - [TEST_STEP][PASSED] - click(findTestObject("Выполнение бизнес-плана/Кнопка План")): Object: 'Object Repository/Выполнение бизнес-плана/Кнопка План' is clicked on

28-03-2025T12:20:55 - [MESSAGE][PASSED] - Object: 'Object Repository/Выполнение бизнес-плана/Кнопка План' is clicked on

28-03-2025T12:20:55 - [TEST_STEP][PASSED] - typeOfDataMain = "План": null

28-03-2025T12:20:55 - [TEST_STEP][PASSED] - otpusk = findTestData("PlanFact").getValue(2, a): null

28-03-2025T12:20:55 - [TEST_STEP][PASSED] - poteri = findTestData("PlanFact").getValue(3, a): null

28-03-2025T12:20:55 - [TEST_STEP][PASSED] - otpusk = otpusk.replaceAll("\s+", ""): null

28-03-2025T12:20:55 - [TEST_STEP][PASSED] - poteri = poteri.replaceAll("\s+", ""): null

28-03-2025T12:20:55 - [TEST_STEP][PASSED] - typeOfData = typeOfDataMain + " Отпуск в сеть": null

28-03-2025T12:20:55 - [TEST_STEP][PASSED] - if (a == 82): null

28-03-2025T12:20:55 - [TEST_STEP][PASSED] - else if (a == 84): null

28-03-2025T12:20:55 - [TEST_STEP][PASSED] - else if (a == 83 || a == 52 || a == 72 || a == 28 || a == 73 || a == 77 || a == 74 || a == 65 || a == 36 || a == 44 || a == 53 || a == 80 || a == 54 || a == 1 || a == 18 || a == 59 || a == 81): null

28-03-2025T12:20:55 - [TEST_STEP][PASSED] - else: null

28-03-2025T12:20:55 - [TEST_STEP][PASSED] - path = dataFolder + typeOfData + " за отчётный период " + b: null

28-03-2025T12:20:55 - [TEST_STEP][PASSED] - println(path): null

28-03-2025T12:20:55 - [TEST_STEP][PASSED] - page = getText(findTestObject(path)): Text of object 'Object Repository/Выполнение бизнес-плана/Значения со страницы Выполнение бизнес-плана/План Отпуск в сеть за отчётный период Пермэнерго' is: '1 710 460'

28-03-2025T12:20:56 - [MESSAGE][PASSED] - Text of object 'Object Repository/Выполнение бизнес-плана/Значения со страницы Выполнение бизнес-плана/План Отпуск в сеть за отчётный период Пермэнерго' is: '1 710 460'

28-03-2025T12:20:56 - [TEST_STEP][PASSED] - if (page == "" || page == null): null

28-03-2025T12:20:56 - [TEST_STEP][PASSED] - else: null

28-03-2025T12:20:56 - [TEST_STEP][PASSED] - page = page.replaceAll("\s+", ""): null

28-03-2025T12:20:56 - [TEST_STEP][PASSED] - if (page == "undefined"): null

28-03-2025T12:20:56 - [TEST_STEP][PASSED] - fileOtpuskVSet = otpusk.toInteger(): null

28-03-2025T12:20:56 - [TEST_STEP][PASSED] - pageOtpuskVSet = page.toInteger(): null

28-03-2025T12:20:56 - [TEST_STEP][PASSED] - typeOfData = typeOfDataMain + " Потери": null

28-03-2025T12:20:56 - [TEST_STEP][PASSED] - if (a == 82): null

28-03-2025T12:20:56 - [TEST_STEP][PASSED] - else if (a == 84): null

28-03-2025T12:20:56 - [TEST_STEP][PASSED] - else if (a == 83 || a == 52 || a == 72 || a == 28 || a == 73 || a == 77 || a == 74 || a == 65 || a == 44 || a == 53 || a == 80 || a == 54 || a == 1 || a == 18 || a == 59 || a == 81): null

28-03-2025T12:20:56 - [TEST_STEP][PASSED] - else: null

28-03-2025T12:20:56 - [TEST_STEP][PASSED] - path = dataFolder + typeOfData + " за отчётный период " + b: null

28-03-2025T12:20:56 - [TEST_STEP][PASSED] - page = getText(findTestObject(path)): Text of object 'Object Repository/Выполнение бизнес-плана/Значения со страницы Выполнение бизнес-плана/План Потери за отчётный период Пермэнерго' is: '167 043'

28-03-2025T12:20:56 - [MESSAGE][PASSED] - Text of object 'Object Repository/Выполнение бизнес-плана/Значения со страницы Выполнение бизнес-плана/План Потери за отчётный период Пермэнерго' is: '167 043'

28-03-2025T12:20:56 - [TEST_STEP][PASSED] - if (page == "" || page == null): null

28-03-2025T12:20:56 - [TEST_STEP][PASSED] - else: null

28-03-2025T12:20:56 - [TEST_STEP][PASSED] - page = page.replaceAll("\s+", ""): null

28-03-2025T12:20:56 - [TEST_STEP][PASSED] - if (page == "undefined"): null

28-03-2025T12:20:56 - [TEST_STEP][PASSED] - filePoteri = poteri.toInteger(): null

28-03-2025T12:20:56 - [TEST_STEP][PASSED] - pagePoteri = page.toInteger(): null

28-03-2025T12:20:56 - [TEST_STEP][PASSED] - compare = pageOtpuskVSet: null

28-03-2025T12:20:56 - [TEST_STEP][PASSED] - if (pageOtpuskVSet != null): null

28-03-2025T12:20:56 - [TEST_STEP][PASSED] - if (compare == fileOtpuskVSet): null

28-03-2025T12:20:56 - [TEST_STEP][PASSED] - if (compare == fileOtpuskVSet): null

28-03-2025T12:20:56 - [TEST_STEP][PASSED] - compare = pagePoteri: null

28-03-2025T12:20:56 - [TEST_STEP][PASSED] - if (pageOtpuskVSet != null): null

28-03-2025T12:20:56 - [TEST_STEP][PASSED] - if (compare == filePoteri): null

28-03-2025T12:20:56 - [TEST_STEP][PASSED] - if (compare == filePoteri): null

28-03-2025T12:20:56 - [TEST_STEP][PASSED] - if (planFact == 2): Object: 'Object Repository/Выполнение бизнес-плана/Кнопка Факт' is clicked on

28-03-2025T12:20:56 - [TEST_STEP][PASSED] - click(findTestObject("Выполнение бизнес-плана/Кнопка Факт")): Object: 'Object Repository/Выполнение бизнес-плана/Кнопка Факт' is clicked on

28-03-2025T12:20:56 - [MESSAGE][PASSED] - Object: 'Object Repository/Выполнение бизнес-плана/Кнопка Факт' is clicked on

28-03-2025T12:20:56 - [TEST_STEP][PASSED] - println("a=" + a): null

28-03-2025T12:20:56 - [TEST_STEP][PASSED] - if (a == 84 || a == 82): null

28-03-2025T12:20:56 - [TEST_STEP][PASSED] - else if (a == 83 || a == 52 || a == 72 || a == 28 || a == 73 || a == 77 || a == 74 || a == 65 || a == 36 || a == 44 || a == 53 || a == 80 || a == 54 || a == 1 || a == 18 || a == 59 || a == 81): null

28-03-2025T12:20:56 - [TEST_STEP][PASSED] - else: null

28-03-2025T12:20:56 - [TEST_STEP][PASSED] - page1 = getText(findTestObject("Object Repository/Выполнение бизнес-плана/spanPlan" + filialNum)): Text of object 'Object Repository/Выполнение бизнес-плана/spanPlan2' is: '9.77
|'

28-03-2025T12:20:57 - [MESSAGE][PASSED] - Text of object 'Object Repository/Выполнение бизнес-плана/spanPlan2' is: '9.77
|'

28-03-2025T12:20:57 - [TEST_STEP][PASSED] - page1 = page1.replace("|", ""): null

28-03-2025T12:20:57 - [TEST_STEP][PASSED] - page2 = getText(findTestObject("Object Repository/Выполнение бизнес-плана/spanFact" + filialNum)): Text of object 'Object Repository/Выполнение бизнес-плана/spanFact2' is: '9.36
|'

28-03-2025T12:20:57 - [MESSAGE][PASSED] - Text of object 'Object Repository/Выполнение бизнес-плана/spanFact2' is: '9.36
|'

28-03-2025T12:20:57 - [TEST_STEP][PASSED] - page2 = page2.replace("|", ""): null

28-03-2025T12:20:57 - [TEST_STEP][PASSED] - println("page1: " + page1): null

28-03-2025T12:20:57 - [TEST_STEP][PASSED] - println("page2: " + page2): null

28-03-2025T12:20:57 - [TEST_STEP][PASSED] - file = findTestData("PlanFact").getValue(4, a): null

28-03-2025T12:20:57 - [TEST_STEP][PASSED] - file = file.replace(",", "."): null

28-03-2025T12:20:57 - [TEST_STEP][PASSED] - println("file Plan: " + file): null

28-03-2025T12:20:57 - [TEST_STEP][PASSED] - typeOfData = "План в процентах": null

28-03-2025T12:20:57 - [TEST_STEP][PASSED] - fileDouble = file.toDouble(): null

28-03-2025T12:20:57 - [TEST_STEP][PASSED] - pageDouble = page1.toDouble(): null

28-03-2025T12:20:57 - [TEST_STEP][PASSED] - if (fileDouble != pageDouble): null

28-03-2025T12:20:57 - [TEST_STEP][PASSED] - file = findTestData("PlanFact").getValue(7, a): null

28-03-2025T12:20:57 - [TEST_STEP][PASSED] - file = file.replace(",", "."): null

28-03-2025T12:20:57 - [TEST_STEP][PASSED] - println("file Fact: " + file): null

28-03-2025T12:20:57 - [TEST_STEP][PASSED] - fileDouble = file.toDouble(): null

28-03-2025T12:20:57 - [TEST_STEP][PASSED] - typeOfData = "Факт в процентах": null

28-03-2025T12:20:57 - [TEST_STEP][PASSED] - fileDouble = file.toDouble(): null

28-03-2025T12:20:57 - [TEST_STEP][PASSED] - pageDouble = page2.toDouble(): null

28-03-2025T12:20:57 - [TEST_STEP][PASSED] - if (fileDouble != pageDouble): null

28-03-2025T12:20:57 - [TEST_STEP][PASSED] - if (verifyEqual(numberOfErrors, 0) == false): Actual object '0' and expected object '0' are equal

28-03-2025T12:20:57 - [MESSAGE][PASSED] - Actual object '0' and expected object '0' are equal

28-03-2025T12:20:57 - [TEST_STEP][PASSED] - if (a == 82): null

28-03-2025T12:20:57 - [TEST_STEP][PASSED] - dZO = "Свердловэнерго": null

28-03-2025T12:20:57 - [TEST_STEP][PASSED] - a = 56: null

28-03-2025T12:20:57 - [TEST_STEP][PASSED] - if (x2.contains(dZO)): null

28-03-2025T12:20:57 - [TEST_STEP][PASSED] - filialNum = filialNum + 1: null

28-03-2025T12:20:57 - [TEST_STEP][PASSED] - Script1718980020443.Numbers(a, typeOfData, todaysDate, pageInt, fileInt, pageDouble, fileDouble, dZO, dzoNum, filialNum): null

28-03-2025T12:20:57 - [TEST_STEP][PASSED] - println(dzoNum): null

28-03-2025T12:20:57 - [TEST_STEP][PASSED] - planFact = <not implemented yet for class: org.codehaus.groovy.ast.expr.EmptyExpression>: null

28-03-2025T12:20:57 - [TEST_STEP][PASSED] - page = <not implemented yet for class: org.codehaus.groovy.ast.expr.EmptyExpression>: null

28-03-2025T12:20:57 - [TEST_STEP][PASSED] - page1 = <not implemented yet for class: org.codehaus.groovy.ast.expr.EmptyExpression>: null

28-03-2025T12:20:57 - [TEST_STEP][PASSED] - page2 = <not implemented yet for class: org.codehaus.groovy.ast.expr.EmptyExpression>: null

28-03-2025T12:20:57 - [TEST_STEP][PASSED] - filialNumberInRow = <not implemented yet for class: org.codehaus.groovy.ast.expr.EmptyExpression>: null

28-03-2025T12:20:57 - [TEST_STEP][PASSED] - filialsDzoNames = <not implemented yet for class: org.codehaus.groovy.ast.expr.EmptyExpression>: null

28-03-2025T12:20:57 - [TEST_STEP][PASSED] - numberOfFilials = <not implemented yet for class: org.codehaus.groovy.ast.expr.EmptyExpression>: null

28-03-2025T12:20:57 - [TEST_STEP][PASSED] - numberOfSpaces = <not implemented yet for class: org.codehaus.groovy.ast.expr.EmptyExpression>: null

28-03-2025T12:20:57 - [TEST_STEP][PASSED] - file = <not implemented yet for class: org.codehaus.groovy.ast.expr.EmptyExpression>: null

28-03-2025T12:20:57 - [TEST_STEP][PASSED] - otpusk = <not implemented yet for class: org.codehaus.groovy.ast.expr.EmptyExpression>: null

28-03-2025T12:20:57 - [TEST_STEP][PASSED] - poteri = <not implemented yet for class: org.codehaus.groovy.ast.expr.EmptyExpression>: null

28-03-2025T12:20:57 - [TEST_STEP][PASSED] - dataFolder = "Выполнение бизнес-плана/Значения со страницы Выполнение бизнес-плана/": null

28-03-2025T12:20:57 - [TEST_STEP][PASSED] - path = <not implemented yet for class: org.codehaus.groovy.ast.expr.EmptyExpression>: null

28-03-2025T12:20:57 - [TEST_STEP][PASSED] - typeOfDataMain = <not implemented yet for class: org.codehaus.groovy.ast.expr.EmptyExpression>: null

28-03-2025T12:20:57 - [TEST_STEP][PASSED] - fileOtpuskVSet = <not implemented yet for class: org.codehaus.groovy.ast.expr.EmptyExpression>: null

28-03-2025T12:20:57 - [TEST_STEP][PASSED] - pageOtpuskVSet = <not implemented yet for class: org.codehaus.groovy.ast.expr.EmptyExpression>: null

28-03-2025T12:20:57 - [TEST_STEP][PASSED] - filePoteri = <not implemented yet for class: org.codehaus.groovy.ast.expr.EmptyExpression>: null

28-03-2025T12:20:57 - [TEST_STEP][PASSED] - pagePoteri = <not implemented yet for class: org.codehaus.groovy.ast.expr.EmptyExpression>: null

28-03-2025T12:20:57 - [TEST_STEP][PASSED] - compare = <not implemented yet for class: org.codehaus.groovy.ast.expr.EmptyExpression>: null

28-03-2025T12:20:57 - [TEST_STEP][PASSED] - b = <not implemented yet for class: org.codehaus.groovy.ast.expr.EmptyExpression>: null

28-03-2025T12:20:57 - [TEST_STEP][PASSED] - i = <not implemented yet for class: org.codehaus.groovy.ast.expr.EmptyExpression>: null

28-03-2025T12:20:57 - [TEST_STEP][PASSED] - ii = <not implemented yet for class: org.codehaus.groovy.ast.expr.EmptyExpression>: null

28-03-2025T12:20:57 - [TEST_STEP][PASSED] - c = <not implemented yet for class: org.codehaus.groovy.ast.expr.EmptyExpression>: null

28-03-2025T12:20:57 - [TEST_STEP][PASSED] - numberOfErrors = 0: null

28-03-2025T12:20:57 - [TEST_STEP][PASSED] - if (a == 82): null

28-03-2025T12:20:57 - [TEST_STEP][PASSED] - b = findTestData("PlanFact").getValue(1, a): null

28-03-2025T12:20:57 - [TEST_STEP][PASSED] - i = b.indexOf(" (ГК)"): null

28-03-2025T12:20:57 - [TEST_STEP][PASSED] - if (i > -1): null

28-03-2025T12:20:57 - [TEST_STEP][PASSED] - i = b.indexOf("О ""): null

28-03-2025T12:20:57 - [TEST_STEP][PASSED] - if (i > -1): null

28-03-2025T12:20:57 - [TEST_STEP][PASSED] - i = b.indexOf("О «"): null

28-03-2025T12:20:57 - [TEST_STEP][PASSED] - if (i > -1): null

28-03-2025T12:20:57 - [TEST_STEP][PASSED] - i = b.indexOf("г. "): null

28-03-2025T12:20:57 - [TEST_STEP][PASSED] - if (i > -1): null

28-03-2025T12:20:57 - [TEST_STEP][PASSED] - b = b.trim(): null

28-03-2025T12:20:57 - [TEST_STEP][PASSED] - println(b): null

28-03-2025T12:20:57 - [TEST_STEP][PASSED] - for ([planFact = 1, planFact < 3, (planFact++)]): Object: 'Object Repository/Выполнение бизнес-плана/Кнопка Факт' is clicked on

28-03-2025T12:20:57 - [TEST_STEP][PASSED] - if (planFact == 1): null

28-03-2025T12:20:57 - [TEST_STEP][PASSED] - typeOfDataMain = "Факт": null

28-03-2025T12:20:57 - [TEST_STEP][PASSED] - otpusk = findTestData("PlanFact").getValue(5, a): null

28-03-2025T12:20:57 - [TEST_STEP][PASSED] - poteri = findTestData("PlanFact").getValue(6, a): null

28-03-2025T12:20:57 - [TEST_STEP][PASSED] - otpusk = otpusk.replaceAll("\s+", ""): null

28-03-2025T12:20:57 - [TEST_STEP][PASSED] - poteri = poteri.replaceAll("\s+", ""): null

28-03-2025T12:20:57 - [TEST_STEP][PASSED] - typeOfData = typeOfDataMain + " Отпуск в сеть": null

28-03-2025T12:20:57 - [TEST_STEP][PASSED] - if (a == 82): null

28-03-2025T12:20:57 - [TEST_STEP][PASSED] - else if (a == 84): null

28-03-2025T12:20:57 - [TEST_STEP][PASSED] - else if (a == 83 || a == 52 || a == 72 || a == 28 || a == 73 || a == 77 || a == 74 || a == 65 || a == 36 || a == 44 || a == 53 || a == 80 || a == 54 || a == 1 || a == 18 || a == 59 || a == 81): null

28-03-2025T12:20:57 - [TEST_STEP][PASSED] - else: null

28-03-2025T12:20:57 - [TEST_STEP][PASSED] - path = dataFolder + typeOfData + " за отчётный период " + b: null

28-03-2025T12:20:57 - [TEST_STEP][PASSED] - println(path): null

28-03-2025T12:20:57 - [TEST_STEP][PASSED] - page = getText(findTestObject(path)): Text of object 'Object Repository/Выполнение бизнес-плана/Значения со страницы Выполнение бизнес-плана/Факт Отпуск в сеть за отчётный период Свердловэнерго' is: '2 804 247'

28-03-2025T12:20:58 - [MESSAGE][PASSED] - Text of object 'Object Repository/Выполнение бизнес-плана/Значения со страницы Выполнение бизнес-плана/Факт Отпуск в сеть за отчётный период Свердловэнерго' is: '2 804 247'

28-03-2025T12:20:58 - [TEST_STEP][PASSED] - if (page == "" || page == null): null

28-03-2025T12:20:58 - [TEST_STEP][PASSED] - else: null

28-03-2025T12:20:58 - [TEST_STEP][PASSED] - page = page.replaceAll("\s+", ""): null

28-03-2025T12:20:58 - [TEST_STEP][PASSED] - if (page == "undefined"): null

28-03-2025T12:20:58 - [TEST_STEP][PASSED] - fileOtpuskVSet = otpusk.toInteger(): null

28-03-2025T12:20:58 - [TEST_STEP][PASSED] - pageOtpuskVSet = page.toInteger(): null

28-03-2025T12:20:58 - [TEST_STEP][PASSED] - typeOfData = typeOfDataMain + " Потери": null

28-03-2025T12:20:58 - [TEST_STEP][PASSED] - if (a == 82): null

28-03-2025T12:20:58 - [TEST_STEP][PASSED] - else if (a == 84): null

28-03-2025T12:20:58 - [TEST_STEP][PASSED] - else if (a == 83 || a == 52 || a == 72 || a == 28 || a == 73 || a == 77 || a == 74 || a == 65 || a == 44 || a == 53 || a == 80 || a == 54 || a == 1 || a == 18 || a == 59 || a == 81): null

28-03-2025T12:20:58 - [TEST_STEP][PASSED] - else: null

28-03-2025T12:20:58 - [TEST_STEP][PASSED] - path = dataFolder + typeOfData + " за отчётный период " + b: null

28-03-2025T12:20:58 - [TEST_STEP][PASSED] - page = getText(findTestObject(path)): Text of object 'Object Repository/Выполнение бизнес-плана/Значения со страницы Выполнение бизнес-плана/Факт Потери за отчётный период Свердловэнерго' is: '157 255'

28-03-2025T12:20:58 - [MESSAGE][PASSED] - Text of object 'Object Repository/Выполнение бизнес-плана/Значения со страницы Выполнение бизнес-плана/Факт Потери за отчётный период Свердловэнерго' is: '157 255'

28-03-2025T12:20:58 - [TEST_STEP][PASSED] - if (page == "" || page == null): null

28-03-2025T12:20:58 - [TEST_STEP][PASSED] - else: null

28-03-2025T12:20:58 - [TEST_STEP][PASSED] - page = page.replaceAll("\s+", ""): null

28-03-2025T12:20:58 - [TEST_STEP][PASSED] - if (page == "undefined"): null

28-03-2025T12:20:58 - [TEST_STEP][PASSED] - filePoteri = poteri.toInteger(): null

28-03-2025T12:20:58 - [TEST_STEP][PASSED] - pagePoteri = page.toInteger(): null

28-03-2025T12:20:58 - [TEST_STEP][PASSED] - compare = pageOtpuskVSet: null

28-03-2025T12:20:58 - [TEST_STEP][PASSED] - if (pageOtpuskVSet != null): null

28-03-2025T12:20:58 - [TEST_STEP][PASSED] - if (compare == fileOtpuskVSet): null

28-03-2025T12:20:58 - [TEST_STEP][PASSED] - if (compare == fileOtpuskVSet): null

28-03-2025T12:20:58 - [TEST_STEP][PASSED] - compare = pagePoteri: null

28-03-2025T12:20:58 - [TEST_STEP][PASSED] - if (pageOtpuskVSet != null): null

28-03-2025T12:20:58 - [TEST_STEP][PASSED] - if (compare == filePoteri): null

28-03-2025T12:20:58 - [TEST_STEP][PASSED] - if (compare == filePoteri): null

28-03-2025T12:20:58 - [TEST_STEP][PASSED] - if (planFact == 2): null

28-03-2025T12:20:58 - [TEST_STEP][PASSED] - if (planFact == 1): null

28-03-2025T12:20:58 - [TEST_STEP][PASSED] - else if (planFact == 2): null

28-03-2025T12:20:58 - [TEST_STEP][PASSED] - click(findTestObject("Выполнение бизнес-плана/Кнопка План")): Object: 'Object Repository/Выполнение бизнес-плана/Кнопка План' is clicked on

28-03-2025T12:20:58 - [MESSAGE][PASSED] - Object: 'Object Repository/Выполнение бизнес-плана/Кнопка План' is clicked on

28-03-2025T12:20:58 - [TEST_STEP][PASSED] - typeOfDataMain = "План": null

28-03-2025T12:20:58 - [TEST_STEP][PASSED] - otpusk = findTestData("PlanFact").getValue(2, a): null

28-03-2025T12:20:58 - [TEST_STEP][PASSED] - poteri = findTestData("PlanFact").getValue(3, a): null

28-03-2025T12:20:58 - [TEST_STEP][PASSED] - otpusk = otpusk.replaceAll("\s+", ""): null

28-03-2025T12:20:58 - [TEST_STEP][PASSED] - poteri = poteri.replaceAll("\s+", ""): null

28-03-2025T12:20:58 - [TEST_STEP][PASSED] - typeOfData = typeOfDataMain + " Отпуск в сеть": null

28-03-2025T12:20:58 - [TEST_STEP][PASSED] - if (a == 82): null

28-03-2025T12:20:58 - [TEST_STEP][PASSED] - else if (a == 84): null

28-03-2025T12:20:58 - [TEST_STEP][PASSED] - else if (a == 83 || a == 52 || a == 72 || a == 28 || a == 73 || a == 77 || a == 74 || a == 65 || a == 36 || a == 44 || a == 53 || a == 80 || a == 54 || a == 1 || a == 18 || a == 59 || a == 81): null

28-03-2025T12:20:58 - [TEST_STEP][PASSED] - else: null

28-03-2025T12:20:58 - [TEST_STEP][PASSED] - path = dataFolder + typeOfData + " за отчётный период " + b: null

28-03-2025T12:20:58 - [TEST_STEP][PASSED] - println(path): null

28-03-2025T12:20:58 - [TEST_STEP][PASSED] - page = getText(findTestObject(path)): Text of object 'Object Repository/Выполнение бизнес-плана/Значения со страницы Выполнение бизнес-плана/План Отпуск в сеть за отчётный период Свердловэнерго' is: '2 946 702'

28-03-2025T12:20:59 - [MESSAGE][PASSED] - Text of object 'Object Repository/Выполнение бизнес-плана/Значения со страницы Выполнение бизнес-плана/План Отпуск в сеть за отчётный период Свердловэнерго' is: '2 946 702'

28-03-2025T12:20:59 - [TEST_STEP][PASSED] - if (page == "" || page == null): null

28-03-2025T12:20:59 - [TEST_STEP][PASSED] - else: null

28-03-2025T12:20:59 - [TEST_STEP][PASSED] - page = page.replaceAll("\s+", ""): null

28-03-2025T12:20:59 - [TEST_STEP][PASSED] - if (page == "undefined"): null

28-03-2025T12:20:59 - [TEST_STEP][PASSED] - fileOtpuskVSet = otpusk.toInteger(): null

28-03-2025T12:20:59 - [TEST_STEP][PASSED] - pageOtpuskVSet = page.toInteger(): null

28-03-2025T12:20:59 - [TEST_STEP][PASSED] - typeOfData = typeOfDataMain + " Потери": null

28-03-2025T12:20:59 - [TEST_STEP][PASSED] - if (a == 82): null

28-03-2025T12:20:59 - [TEST_STEP][PASSED] - else if (a == 84): null

28-03-2025T12:20:59 - [TEST_STEP][PASSED] - else if (a == 83 || a == 52 || a == 72 || a == 28 || a == 73 || a == 77 || a == 74 || a == 65 || a == 44 || a == 53 || a == 80 || a == 54 || a == 1 || a == 18 || a == 59 || a == 81): null

28-03-2025T12:20:59 - [TEST_STEP][PASSED] - else: null

28-03-2025T12:20:59 - [TEST_STEP][PASSED] - path = dataFolder + typeOfData + " за отчётный период " + b: null

28-03-2025T12:20:59 - [TEST_STEP][PASSED] - page = getText(findTestObject(path)): Text of object 'Object Repository/Выполнение бизнес-плана/Значения со страницы Выполнение бизнес-плана/План Потери за отчётный период Свердловэнерго' is: '168 110'

28-03-2025T12:20:59 - [MESSAGE][PASSED] - Text of object 'Object Repository/Выполнение бизнес-плана/Значения со страницы Выполнение бизнес-плана/План Потери за отчётный период Свердловэнерго' is: '168 110'

28-03-2025T12:20:59 - [TEST_STEP][PASSED] - if (page == "" || page == null): null

28-03-2025T12:20:59 - [TEST_STEP][PASSED] - else: null

28-03-2025T12:20:59 - [TEST_STEP][PASSED] - page = page.replaceAll("\s+", ""): null

28-03-2025T12:20:59 - [TEST_STEP][PASSED] - if (page == "undefined"): null

28-03-2025T12:20:59 - [TEST_STEP][PASSED] - filePoteri = poteri.toInteger(): null

28-03-2025T12:20:59 - [TEST_STEP][PASSED] - pagePoteri = page.toInteger(): null

28-03-2025T12:20:59 - [TEST_STEP][PASSED] - compare = pageOtpuskVSet: null

28-03-2025T12:20:59 - [TEST_STEP][PASSED] - if (pageOtpuskVSet != null): null

28-03-2025T12:20:59 - [TEST_STEP][PASSED] - if (compare == fileOtpuskVSet): null

28-03-2025T12:20:59 - [TEST_STEP][PASSED] - if (compare == fileOtpuskVSet): null

28-03-2025T12:20:59 - [TEST_STEP][PASSED] - compare = pagePoteri: null

28-03-2025T12:20:59 - [TEST_STEP][PASSED] - if (pageOtpuskVSet != null): null

28-03-2025T12:20:59 - [TEST_STEP][PASSED] - if (compare == filePoteri): null

28-03-2025T12:20:59 - [TEST_STEP][PASSED] - if (compare == filePoteri): null

28-03-2025T12:20:59 - [TEST_STEP][PASSED] - if (planFact == 2): Object: 'Object Repository/Выполнение бизнес-плана/Кнопка Факт' is clicked on

28-03-2025T12:20:59 - [TEST_STEP][PASSED] - click(findTestObject("Выполнение бизнес-плана/Кнопка Факт")): Object: 'Object Repository/Выполнение бизнес-плана/Кнопка Факт' is clicked on

28-03-2025T12:20:59 - [MESSAGE][PASSED] - Object: 'Object Repository/Выполнение бизнес-плана/Кнопка Факт' is clicked on

28-03-2025T12:20:59 - [TEST_STEP][PASSED] - println("a=" + a): null

28-03-2025T12:20:59 - [TEST_STEP][PASSED] - if (a == 84 || a == 82): null

28-03-2025T12:20:59 - [TEST_STEP][PASSED] - else if (a == 83 || a == 52 || a == 72 || a == 28 || a == 73 || a == 77 || a == 74 || a == 65 || a == 36 || a == 44 || a == 53 || a == 80 || a == 54 || a == 1 || a == 18 || a == 59 || a == 81): null

28-03-2025T12:20:59 - [TEST_STEP][PASSED] - else: null

28-03-2025T12:20:59 - [TEST_STEP][PASSED] - page1 = getText(findTestObject("Object Repository/Выполнение бизнес-плана/spanPlan" + filialNum)): Text of object 'Object Repository/Выполнение бизнес-плана/spanPlan3' is: '5.71
|'

28-03-2025T12:21:00 - [MESSAGE][PASSED] - Text of object 'Object Repository/Выполнение бизнес-плана/spanPlan3' is: '5.71
|'

28-03-2025T12:21:00 - [TEST_STEP][PASSED] - page1 = page1.replace("|", ""): null

28-03-2025T12:21:00 - [TEST_STEP][PASSED] - page2 = getText(findTestObject("Object Repository/Выполнение бизнес-плана/spanFact" + filialNum)): Text of object 'Object Repository/Выполнение бизнес-плана/spanFact3' is: '5.61
|'

28-03-2025T12:21:00 - [MESSAGE][PASSED] - Text of object 'Object Repository/Выполнение бизнес-плана/spanFact3' is: '5.61
|'

28-03-2025T12:21:00 - [TEST_STEP][PASSED] - page2 = page2.replace("|", ""): null

28-03-2025T12:21:00 - [TEST_STEP][PASSED] - println("page1: " + page1): null

28-03-2025T12:21:00 - [TEST_STEP][PASSED] - println("page2: " + page2): null

28-03-2025T12:21:00 - [TEST_STEP][PASSED] - file = findTestData("PlanFact").getValue(4, a): null

28-03-2025T12:21:00 - [TEST_STEP][PASSED] - file = file.replace(",", "."): null

28-03-2025T12:21:00 - [TEST_STEP][PASSED] - println("file Plan: " + file): null

28-03-2025T12:21:00 - [TEST_STEP][PASSED] - typeOfData = "План в процентах": null

28-03-2025T12:21:00 - [TEST_STEP][PASSED] - fileDouble = file.toDouble(): null

28-03-2025T12:21:00 - [TEST_STEP][PASSED] - pageDouble = page1.toDouble(): null

28-03-2025T12:21:00 - [TEST_STEP][PASSED] - if (fileDouble != pageDouble): null

28-03-2025T12:21:00 - [TEST_STEP][PASSED] - file = findTestData("PlanFact").getValue(7, a): null

28-03-2025T12:21:00 - [TEST_STEP][PASSED] - file = file.replace(",", "."): null

28-03-2025T12:21:00 - [TEST_STEP][PASSED] - println("file Fact: " + file): null

28-03-2025T12:21:00 - [TEST_STEP][PASSED] - fileDouble = file.toDouble(): null

28-03-2025T12:21:00 - [TEST_STEP][PASSED] - typeOfData = "Факт в процентах": null

28-03-2025T12:21:00 - [TEST_STEP][PASSED] - fileDouble = file.toDouble(): null

28-03-2025T12:21:00 - [TEST_STEP][PASSED] - pageDouble = page2.toDouble(): null

28-03-2025T12:21:00 - [TEST_STEP][PASSED] - if (fileDouble != pageDouble): null

28-03-2025T12:21:00 - [TEST_STEP][PASSED] - if (verifyEqual(numberOfErrors, 0) == false): Actual object '0' and expected object '0' are equal

28-03-2025T12:21:00 - [MESSAGE][PASSED] - Actual object '0' and expected object '0' are equal

28-03-2025T12:21:00 - [TEST_STEP][PASSED] - if (a == 82): null

28-03-2025T12:21:00 - [TEST_STEP][PASSED] - dZO = "Челябэнерго": null

28-03-2025T12:21:00 - [TEST_STEP][PASSED] - a = 57: null

28-03-2025T12:21:00 - [TEST_STEP][PASSED] - if (x2.contains(dZO)): null

28-03-2025T12:21:00 - [TEST_STEP][PASSED] - filialNum = filialNum + 1: null

28-03-2025T12:21:00 - [TEST_STEP][PASSED] - Script1718980020443.Numbers(a, typeOfData, todaysDate, pageInt, fileInt, pageDouble, fileDouble, dZO, dzoNum, filialNum): null

28-03-2025T12:21:00 - [TEST_STEP][PASSED] - println(dzoNum): null

28-03-2025T12:21:00 - [TEST_STEP][PASSED] - planFact = <not implemented yet for class: org.codehaus.groovy.ast.expr.EmptyExpression>: null

28-03-2025T12:21:00 - [TEST_STEP][PASSED] - page = <not implemented yet for class: org.codehaus.groovy.ast.expr.EmptyExpression>: null

28-03-2025T12:21:00 - [TEST_STEP][PASSED] - page1 = <not implemented yet for class: org.codehaus.groovy.ast.expr.EmptyExpression>: null

28-03-2025T12:21:00 - [TEST_STEP][PASSED] - page2 = <not implemented yet for class: org.codehaus.groovy.ast.expr.EmptyExpression>: null

28-03-2025T12:21:00 - [TEST_STEP][PASSED] - filialNumberInRow = <not implemented yet for class: org.codehaus.groovy.ast.expr.EmptyExpression>: null

28-03-2025T12:21:00 - [TEST_STEP][PASSED] - filialsDzoNames = <not implemented yet for class: org.codehaus.groovy.ast.expr.EmptyExpression>: null

28-03-2025T12:21:00 - [TEST_STEP][PASSED] - numberOfFilials = <not implemented yet for class: org.codehaus.groovy.ast.expr.EmptyExpression>: null

28-03-2025T12:21:00 - [TEST_STEP][PASSED] - numberOfSpaces = <not implemented yet for class: org.codehaus.groovy.ast.expr.EmptyExpression>: null

28-03-2025T12:21:00 - [TEST_STEP][PASSED] - file = <not implemented yet for class: org.codehaus.groovy.ast.expr.EmptyExpression>: null

28-03-2025T12:21:00 - [TEST_STEP][PASSED] - otpusk = <not implemented yet for class: org.codehaus.groovy.ast.expr.EmptyExpression>: null

28-03-2025T12:21:00 - [TEST_STEP][PASSED] - poteri = <not implemented yet for class: org.codehaus.groovy.ast.expr.EmptyExpression>: null

28-03-2025T12:21:00 - [TEST_STEP][PASSED] - dataFolder = "Выполнение бизнес-плана/Значения со страницы Выполнение бизнес-плана/": null

28-03-2025T12:21:00 - [TEST_STEP][PASSED] - path = <not implemented yet for class: org.codehaus.groovy.ast.expr.EmptyExpression>: null

28-03-2025T12:21:00 - [TEST_STEP][PASSED] - typeOfDataMain = <not implemented yet for class: org.codehaus.groovy.ast.expr.EmptyExpression>: null

28-03-2025T12:21:00 - [TEST_STEP][PASSED] - fileOtpuskVSet = <not implemented yet for class: org.codehaus.groovy.ast.expr.EmptyExpression>: null

28-03-2025T12:21:00 - [TEST_STEP][PASSED] - pageOtpuskVSet = <not implemented yet for class: org.codehaus.groovy.ast.expr.EmptyExpression>: null

28-03-2025T12:21:00 - [TEST_STEP][PASSED] - filePoteri = <not implemented yet for class: org.codehaus.groovy.ast.expr.EmptyExpression>: null

28-03-2025T12:21:00 - [TEST_STEP][PASSED] - pagePoteri = <not implemented yet for class: org.codehaus.groovy.ast.expr.EmptyExpression>: null

28-03-2025T12:21:00 - [TEST_STEP][PASSED] - compare = <not implemented yet for class: org.codehaus.groovy.ast.expr.EmptyExpression>: null

28-03-2025T12:21:00 - [TEST_STEP][PASSED] - b = <not implemented yet for class: org.codehaus.groovy.ast.expr.EmptyExpression>: null

28-03-2025T12:21:00 - [TEST_STEP][PASSED] - i = <not implemented yet for class: org.codehaus.groovy.ast.expr.EmptyExpression>: null

28-03-2025T12:21:00 - [TEST_STEP][PASSED] - ii = <not implemented yet for class: org.codehaus.groovy.ast.expr.EmptyExpression>: null

28-03-2025T12:21:00 - [TEST_STEP][PASSED] - c = <not implemented yet for class: org.codehaus.groovy.ast.expr.EmptyExpression>: null

28-03-2025T12:21:00 - [TEST_STEP][PASSED] - numberOfErrors = 0: null

28-03-2025T12:21:00 - [TEST_STEP][PASSED] - if (a == 82): null

28-03-2025T12:21:00 - [TEST_STEP][PASSED] - b = findTestData("PlanFact").getValue(1, a): null

28-03-2025T12:21:00 - [TEST_STEP][PASSED] - i = b.indexOf(" (ГК)"): null

28-03-2025T12:21:00 - [TEST_STEP][PASSED] - if (i > -1): null

28-03-2025T12:21:00 - [TEST_STEP][PASSED] - i = b.indexOf("О ""): null

28-03-2025T12:21:00 - [TEST_STEP][PASSED] - if (i > -1): null

28-03-2025T12:21:00 - [TEST_STEP][PASSED] - i = b.indexOf("О «"): null

28-03-2025T12:21:00 - [TEST_STEP][PASSED] - if (i > -1): null

28-03-2025T12:21:00 - [TEST_STEP][PASSED] - i = b.indexOf("г. "): null

28-03-2025T12:21:00 - [TEST_STEP][PASSED] - if (i > -1): null

28-03-2025T12:21:00 - [TEST_STEP][PASSED] - b = b.trim(): null

28-03-2025T12:21:00 - [TEST_STEP][PASSED] - println(b): null

28-03-2025T12:21:00 - [TEST_STEP][PASSED] - for ([planFact = 1, planFact < 3, (planFact++)]): Object: 'Object Repository/Выполнение бизнес-плана/Кнопка Факт' is clicked on

28-03-2025T12:21:00 - [TEST_STEP][PASSED] - if (planFact == 1): null

28-03-2025T12:21:00 - [TEST_STEP][PASSED] - typeOfDataMain = "Факт": null

28-03-2025T12:21:00 - [TEST_STEP][PASSED] - otpusk = findTestData("PlanFact").getValue(5, a): null

28-03-2025T12:21:00 - [TEST_STEP][PASSED] - poteri = findTestData("PlanFact").getValue(6, a): null

28-03-2025T12:21:00 - [TEST_STEP][PASSED] - otpusk = otpusk.replaceAll("\s+", ""): null

28-03-2025T12:21:00 - [TEST_STEP][PASSED] - poteri = poteri.replaceAll("\s+", ""): null

28-03-2025T12:21:00 - [TEST_STEP][PASSED] - typeOfData = typeOfDataMain + " Отпуск в сеть": null

28-03-2025T12:21:00 - [TEST_STEP][PASSED] - if (a == 82): null

28-03-2025T12:21:00 - [TEST_STEP][PASSED] - else if (a == 84): null

28-03-2025T12:21:00 - [TEST_STEP][PASSED] - else if (a == 83 || a == 52 || a == 72 || a == 28 || a == 73 || a == 77 || a == 74 || a == 65 || a == 36 || a == 44 || a == 53 || a == 80 || a == 54 || a == 1 || a == 18 || a == 59 || a == 81): null

28-03-2025T12:21:00 - [TEST_STEP][PASSED] - else: null

28-03-2025T12:21:00 - [TEST_STEP][PASSED] - path = dataFolder + typeOfData + " за отчётный период " + b: null

28-03-2025T12:21:00 - [TEST_STEP][PASSED] - println(path): null

28-03-2025T12:21:00 - [TEST_STEP][PASSED] - page = getText(findTestObject(path)): Text of object 'Object Repository/Выполнение бизнес-плана/Значения со страницы Выполнение бизнес-плана/Факт Отпуск в сеть за отчётный период Челябэнерго' is: '1 698 646'

28-03-2025T12:21:01 - [MESSAGE][PASSED] - Text of object 'Object Repository/Выполнение бизнес-плана/Значения со страницы Выполнение бизнес-плана/Факт Отпуск в сеть за отчётный период Челябэнерго' is: '1 698 646'

28-03-2025T12:21:01 - [TEST_STEP][PASSED] - if (page == "" || page == null): null

28-03-2025T12:21:01 - [TEST_STEP][PASSED] - else: null

28-03-2025T12:21:01 - [TEST_STEP][PASSED] - page = page.replaceAll("\s+", ""): null

28-03-2025T12:21:01 - [TEST_STEP][PASSED] - if (page == "undefined"): null

28-03-2025T12:21:01 - [TEST_STEP][PASSED] - fileOtpuskVSet = otpusk.toInteger(): null

28-03-2025T12:21:01 - [TEST_STEP][PASSED] - pageOtpuskVSet = page.toInteger(): null

28-03-2025T12:21:01 - [TEST_STEP][PASSED] - typeOfData = typeOfDataMain + " Потери": null

28-03-2025T12:21:01 - [TEST_STEP][PASSED] - if (a == 82): null

28-03-2025T12:21:01 - [TEST_STEP][PASSED] - else if (a == 84): null

28-03-2025T12:21:01 - [TEST_STEP][PASSED] - else if (a == 83 || a == 52 || a == 72 || a == 28 || a == 73 || a == 77 || a == 74 || a == 65 || a == 44 || a == 53 || a == 80 || a == 54 || a == 1 || a == 18 || a == 59 || a == 81): null

28-03-2025T12:21:01 - [TEST_STEP][PASSED] - else: null

28-03-2025T12:21:01 - [TEST_STEP][PASSED] - path = dataFolder + typeOfData + " за отчётный период " + b: null

28-03-2025T12:21:01 - [TEST_STEP][PASSED] - page = getText(findTestObject(path)): Text of object 'Object Repository/Выполнение бизнес-плана/Значения со страницы Выполнение бизнес-плана/Факт Потери за отчётный период Челябэнерго' is: '130 600'

28-03-2025T12:21:01 - [MESSAGE][PASSED] - Text of object 'Object Repository/Выполнение бизнес-плана/Значения со страницы Выполнение бизнес-плана/Факт Потери за отчётный период Челябэнерго' is: '130 600'

28-03-2025T12:21:01 - [TEST_STEP][PASSED] - if (page == "" || page == null): null

28-03-2025T12:21:01 - [TEST_STEP][PASSED] - else: null

28-03-2025T12:21:01 - [TEST_STEP][PASSED] - page = page.replaceAll("\s+", ""): null

28-03-2025T12:21:01 - [TEST_STEP][PASSED] - if (page == "undefined"): null

28-03-2025T12:21:01 - [TEST_STEP][PASSED] - filePoteri = poteri.toInteger(): null

28-03-2025T12:21:01 - [TEST_STEP][PASSED] - pagePoteri = page.toInteger(): null

28-03-2025T12:21:01 - [TEST_STEP][PASSED] - compare = pageOtpuskVSet: null

28-03-2025T12:21:01 - [TEST_STEP][PASSED] - if (pageOtpuskVSet != null): null

28-03-2025T12:21:01 - [TEST_STEP][PASSED] - if (compare == fileOtpuskVSet): null

28-03-2025T12:21:01 - [TEST_STEP][PASSED] - if (compare == fileOtpuskVSet): null

28-03-2025T12:21:01 - [TEST_STEP][PASSED] - compare = pagePoteri: null

28-03-2025T12:21:01 - [TEST_STEP][PASSED] - if (pageOtpuskVSet != null): null

28-03-2025T12:21:01 - [TEST_STEP][PASSED] - if (compare == filePoteri): null

28-03-2025T12:21:01 - [TEST_STEP][PASSED] - if (compare == filePoteri): null

28-03-2025T12:21:01 - [TEST_STEP][PASSED] - if (planFact == 2): null

28-03-2025T12:21:01 - [TEST_STEP][PASSED] - if (planFact == 1): null

28-03-2025T12:21:01 - [TEST_STEP][PASSED] - else if (planFact == 2): null

28-03-2025T12:21:01 - [TEST_STEP][PASSED] - click(findTestObject("Выполнение бизнес-плана/Кнопка План")): Object: 'Object Repository/Выполнение бизнес-плана/Кнопка План' is clicked on

28-03-2025T12:21:01 - [MESSAGE][PASSED] - Object: 'Object Repository/Выполнение бизнес-плана/Кнопка План' is clicked on

28-03-2025T12:21:01 - [TEST_STEP][PASSED] - typeOfDataMain = "План": null

28-03-2025T12:21:01 - [TEST_STEP][PASSED] - otpusk = findTestData("PlanFact").getValue(2, a): null

28-03-2025T12:21:01 - [TEST_STEP][PASSED] - poteri = findTestData("PlanFact").getValue(3, a): null

28-03-2025T12:21:01 - [TEST_STEP][PASSED] - otpusk = otpusk.replaceAll("\s+", ""): null

28-03-2025T12:21:01 - [TEST_STEP][PASSED] - poteri = poteri.replaceAll("\s+", ""): null

28-03-2025T12:21:01 - [TEST_STEP][PASSED] - typeOfData = typeOfDataMain + " Отпуск в сеть": null

28-03-2025T12:21:01 - [TEST_STEP][PASSED] - if (a == 82): null

28-03-2025T12:21:01 - [TEST_STEP][PASSED] - else if (a == 84): null

28-03-2025T12:21:01 - [TEST_STEP][PASSED] - else if (a == 83 || a == 52 || a == 72 || a == 28 || a == 73 || a == 77 || a == 74 || a == 65 || a == 36 || a == 44 || a == 53 || a == 80 || a == 54 || a == 1 || a == 18 || a == 59 || a == 81): null

28-03-2025T12:21:01 - [TEST_STEP][PASSED] - else: null

28-03-2025T12:21:01 - [TEST_STEP][PASSED] - path = dataFolder + typeOfData + " за отчётный период " + b: null

28-03-2025T12:21:01 - [TEST_STEP][PASSED] - println(path): null

28-03-2025T12:21:01 - [TEST_STEP][PASSED] - page = getText(findTestObject(path)): Text of object 'Object Repository/Выполнение бизнес-плана/Значения со страницы Выполнение бизнес-плана/План Отпуск в сеть за отчётный период Челябэнерго' is: '1 775 309'

28-03-2025T12:21:02 - [MESSAGE][PASSED] - Text of object 'Object Repository/Выполнение бизнес-плана/Значения со страницы Выполнение бизнес-плана/План Отпуск в сеть за отчётный период Челябэнерго' is: '1 775 309'

28-03-2025T12:21:02 - [TEST_STEP][PASSED] - if (page == "" || page == null): null

28-03-2025T12:21:02 - [TEST_STEP][PASSED] - else: null

28-03-2025T12:21:02 - [TEST_STEP][PASSED] - page = page.replaceAll("\s+", ""): null

28-03-2025T12:21:02 - [TEST_STEP][PASSED] - if (page == "undefined"): null

28-03-2025T12:21:02 - [TEST_STEP][PASSED] - fileOtpuskVSet = otpusk.toInteger(): null

28-03-2025T12:21:02 - [TEST_STEP][PASSED] - pageOtpuskVSet = page.toInteger(): null

28-03-2025T12:21:02 - [TEST_STEP][PASSED] - typeOfData = typeOfDataMain + " Потери": null

28-03-2025T12:21:02 - [TEST_STEP][PASSED] - if (a == 82): null

28-03-2025T12:21:02 - [TEST_STEP][PASSED] - else if (a == 84): null

28-03-2025T12:21:02 - [TEST_STEP][PASSED] - else if (a == 83 || a == 52 || a == 72 || a == 28 || a == 73 || a == 77 || a == 74 || a == 65 || a == 44 || a == 53 || a == 80 || a == 54 || a == 1 || a == 18 || a == 59 || a == 81): null

28-03-2025T12:21:02 - [TEST_STEP][PASSED] - else: null

28-03-2025T12:21:02 - [TEST_STEP][PASSED] - path = dataFolder + typeOfData + " за отчётный период " + b: null

28-03-2025T12:21:02 - [TEST_STEP][PASSED] - page = getText(findTestObject(path)): Text of object 'Object Repository/Выполнение бизнес-плана/Значения со страницы Выполнение бизнес-плана/План Потери за отчётный период Челябэнерго' is: '138 950'

28-03-2025T12:21:02 - [MESSAGE][PASSED] - Text of object 'Object Repository/Выполнение бизнес-плана/Значения со страницы Выполнение бизнес-плана/План Потери за отчётный период Челябэнерго' is: '138 950'

28-03-2025T12:21:02 - [TEST_STEP][PASSED] - if (page == "" || page == null): null

28-03-2025T12:21:02 - [TEST_STEP][PASSED] - else: null

28-03-2025T12:21:02 - [TEST_STEP][PASSED] - page = page.replaceAll("\s+", ""): null

28-03-2025T12:21:02 - [TEST_STEP][PASSED] - if (page == "undefined"): null

28-03-2025T12:21:02 - [TEST_STEP][PASSED] - filePoteri = poteri.toInteger(): null

28-03-2025T12:21:02 - [TEST_STEP][PASSED] - pagePoteri = page.toInteger(): null

28-03-2025T12:21:02 - [TEST_STEP][PASSED] - compare = pageOtpuskVSet: null

28-03-2025T12:21:02 - [TEST_STEP][PASSED] - if (pageOtpuskVSet != null): null

28-03-2025T12:21:02 - [TEST_STEP][PASSED] - if (compare == fileOtpuskVSet): null

28-03-2025T12:21:02 - [TEST_STEP][PASSED] - if (compare == fileOtpuskVSet): null

28-03-2025T12:21:02 - [TEST_STEP][PASSED] - compare = pagePoteri: null

28-03-2025T12:21:02 - [TEST_STEP][PASSED] - if (pageOtpuskVSet != null): null

28-03-2025T12:21:02 - [TEST_STEP][PASSED] - if (compare == filePoteri): null

28-03-2025T12:21:02 - [TEST_STEP][PASSED] - if (compare == filePoteri): null

28-03-2025T12:21:02 - [TEST_STEP][PASSED] - if (planFact == 2): Object: 'Object Repository/Выполнение бизнес-плана/Кнопка Факт' is clicked on

28-03-2025T12:21:02 - [TEST_STEP][PASSED] - click(findTestObject("Выполнение бизнес-плана/Кнопка Факт")): Object: 'Object Repository/Выполнение бизнес-плана/Кнопка Факт' is clicked on

28-03-2025T12:21:02 - [MESSAGE][PASSED] - Object: 'Object Repository/Выполнение бизнес-плана/Кнопка Факт' is clicked on

28-03-2025T12:21:02 - [TEST_STEP][PASSED] - println("a=" + a): null

28-03-2025T12:21:02 - [TEST_STEP][PASSED] - if (a == 84 || a == 82): null

28-03-2025T12:21:02 - [TEST_STEP][PASSED] - else if (a == 83 || a == 52 || a == 72 || a == 28 || a == 73 || a == 77 || a == 74 || a == 65 || a == 36 || a == 44 || a == 53 || a == 80 || a == 54 || a == 1 || a == 18 || a == 59 || a == 81): null

28-03-2025T12:21:02 - [TEST_STEP][PASSED] - else: null

28-03-2025T12:21:02 - [TEST_STEP][PASSED] - page1 = getText(findTestObject("Object Repository/Выполнение бизнес-плана/spanPlan" + filialNum)): Text of object 'Object Repository/Выполнение бизнес-плана/spanPlan4' is: '7.83
|'

28-03-2025T12:21:03 - [MESSAGE][PASSED] - Text of object 'Object Repository/Выполнение бизнес-плана/spanPlan4' is: '7.83
|'

28-03-2025T12:21:03 - [TEST_STEP][PASSED] - page1 = page1.replace("|", ""): null

28-03-2025T12:21:03 - [TEST_STEP][PASSED] - page2 = getText(findTestObject("Object Repository/Выполнение бизнес-плана/spanFact" + filialNum)): Text of object 'Object Repository/Выполнение бизнес-плана/spanFact4' is: '7.69
|'

28-03-2025T12:21:03 - [MESSAGE][PASSED] - Text of object 'Object Repository/Выполнение бизнес-плана/spanFact4' is: '7.69
|'

28-03-2025T12:21:03 - [TEST_STEP][PASSED] - page2 = page2.replace("|", ""): null

28-03-2025T12:21:03 - [TEST_STEP][PASSED] - println("page1: " + page1): null

28-03-2025T12:21:03 - [TEST_STEP][PASSED] - println("page2: " + page2): null

28-03-2025T12:21:03 - [TEST_STEP][PASSED] - file = findTestData("PlanFact").getValue(4, a): null

28-03-2025T12:21:03 - [TEST_STEP][PASSED] - file = file.replace(",", "."): null

28-03-2025T12:21:03 - [TEST_STEP][PASSED] - println("file Plan: " + file): null

28-03-2025T12:21:03 - [TEST_STEP][PASSED] - typeOfData = "План в процентах": null

28-03-2025T12:21:03 - [TEST_STEP][PASSED] - fileDouble = file.toDouble(): null

28-03-2025T12:21:03 - [TEST_STEP][PASSED] - pageDouble = page1.toDouble(): null

28-03-2025T12:21:03 - [TEST_STEP][PASSED] - if (fileDouble != pageDouble): null

28-03-2025T12:21:03 - [TEST_STEP][PASSED] - file = findTestData("PlanFact").getValue(7, a): null

28-03-2025T12:21:03 - [TEST_STEP][PASSED] - file = file.replace(",", "."): null

28-03-2025T12:21:03 - [TEST_STEP][PASSED] - println("file Fact: " + file): null

28-03-2025T12:21:03 - [TEST_STEP][PASSED] - fileDouble = file.toDouble(): null

28-03-2025T12:21:03 - [TEST_STEP][PASSED] - typeOfData = "Факт в процентах": null

28-03-2025T12:21:03 - [TEST_STEP][PASSED] - fileDouble = file.toDouble(): null

28-03-2025T12:21:03 - [TEST_STEP][PASSED] - pageDouble = page2.toDouble(): null

28-03-2025T12:21:03 - [TEST_STEP][PASSED] - if (fileDouble != pageDouble): null

28-03-2025T12:21:03 - [TEST_STEP][PASSED] - if (verifyEqual(numberOfErrors, 0) == false): Actual object '0' and expected object '0' are equal

28-03-2025T12:21:03 - [MESSAGE][PASSED] - Actual object '0' and expected object '0' are equal

28-03-2025T12:21:03 - [TEST_STEP][PASSED] - if (a == 82): null

28-03-2025T12:21:03 - [TEST_STEP][PASSED] - filialNum = 0: null

28-03-2025T12:21:03 - [TEST_STEP][PASSED] - if (a == 59): null

28-03-2025T12:21:03 - [TEST_STEP][PASSED] - Script1718980020443.OpenFilter(): null

28-03-2025T12:21:03 - [TEST_STEP][PASSED] - click(findTestObject("Object Repository/Выполнение бизнес-плана/Фильтр ДЗО")): Object: 'Object Repository/Выполнение бизнес-плана/Фильтр ДЗО' is clicked on

28-03-2025T12:21:03 - [MESSAGE][PASSED] - Object: 'Object Repository/Выполнение бизнес-плана/Фильтр ДЗО' is clicked on

28-03-2025T12:21:03 - [TEST_STEP][PASSED] - click(findTestObject("Выполнение бизнес-плана/Снять выделение в фильтре ДЗО")): Object: 'Object Repository/Выполнение бизнес-плана/Снять выделение в фильтре ДЗО' is clicked on

28-03-2025T12:21:04 - [MESSAGE][PASSED] - Object: 'Object Repository/Выполнение бизнес-плана/Снять выделение в фильтре ДЗО' is clicked on

28-03-2025T12:21:04 - [TEST_STEP][PASSED] - Script1718980020443.CloseFilter(): null

28-03-2025T12:21:04 - [TEST_STEP][PASSED] - scrollToElement(findTestObject("Выполнение бизнес-плана/Заголовок дашборда"), 30): Scroll to object 'Object Repository/Выполнение бизнес-плана/Заголовок дашборда' successfully

28-03-2025T12:21:04 - [MESSAGE][PASSED] - Scroll to object 'Object Repository/Выполнение бизнес-плана/Заголовок дашборда' successfully

28-03-2025T12:21:04 - [TEST_STEP][PASSED] - click(findTestObject("Object Repository/Выполнение бизнес-плана/Применить в фильтре ДЗО")): Object: 'Object Repository/Выполнение бизнес-плана/Применить в фильтре ДЗО' is clicked on

28-03-2025T12:21:05 - [MESSAGE][PASSED] - Object: 'Object Repository/Выполнение бизнес-плана/Применить в фильтре ДЗО' is clicked on

28-03-2025T12:21:05 - [TEST_STEP][PASSED] - delay(60): Delayed 60 second(s)

28-03-2025T12:22:05 - [MESSAGE][PASSED] - Delayed 60 second(s)

28-03-2025T12:22:05 - [TEST_STEP][PASSED] - if (a == 82): null

28-03-2025T12:22:05 - [TEST_STEP][PASSED] - println(dzoNum): null

28-03-2025T12:22:05 - [TEST_STEP][PASSED] - dZO = "Россети Центр (ГК)": null

28-03-2025T12:22:05 - [TEST_STEP][PASSED] - a = 1: null

28-03-2025T12:22:05 - [TEST_STEP][PASSED] - if (x1.contains("Центр (ГК)") || x1.contains("Центр(ГК)")): null

28-03-2025T12:22:05 - [TEST_STEP][PASSED] - else: null

28-03-2025T12:22:05 - [TEST_STEP][PASSED] - Script1718980020443.NoData(a, typeOfData, todaysDate, fileInt, fileDouble, dZO): null

28-03-2025T12:22:05 - [TEST_STEP][PASSED] - println(a): null

28-03-2025T12:22:05 - [TEST_STEP][PASSED] - println(todaysDate): null

28-03-2025T12:22:05 - [TEST_STEP][PASSED] - println(fileInt): null

28-03-2025T12:22:05 - [TEST_STEP][PASSED] - println(fileDouble): null

28-03-2025T12:22:05 - [TEST_STEP][PASSED] - println(dZO): null

28-03-2025T12:22:05 - [TEST_STEP][PASSED] - typeOfData = "Факт Отпуск в сеть": null

28-03-2025T12:22:05 - [TEST_STEP][PASSED] - fileInt = replaceAll("\s+", "").toInteger(): null

28-03-2025T12:22:05 - [TEST_STEP][PASSED] - Script1718980020443.WriteToExcelNoData(a, typeOfData, todaysDate, fileInt, fileDouble, dZO): null

28-03-2025T12:22:05 - [TEST_STEP][PASSED] - sheetName = "Sheet1": null

28-03-2025T12:22:05 - [TEST_STEP][PASSED] - data = findTestData("PlanFact"): null

28-03-2025T12:22:05 - [TEST_STEP][PASSED] - n = data.getRowNumbers() + 1: null

28-03-2025T12:22:05 - [TEST_STEP][PASSED] - day = ")).toInteger(): null

28-03-2025T12:22:05 - [TEST_STEP][PASSED] - println(day): null

28-03-2025T12:22:05 - [TEST_STEP][PASSED] - month = ")).toInteger(): null

28-03-2025T12:22:05 - [TEST_STEP][PASSED] - println(month): null

28-03-2025T12:22:05 - [TEST_STEP][PASSED] - y = <not implemented yet for class: org.codehaus.groovy.ast.expr.EmptyExpression>: null

28-03-2025T12:22:05 - [TEST_STEP][PASSED] - iy = <not implemented yet for class: org.codehaus.groovy.ast.expr.EmptyExpression>: null

28-03-2025T12:22:05 - [TEST_STEP][PASSED] - m = getText(findTestObject("Выполнение бизнес-плана/Период")): Text of object 'Object Repository/Выполнение бизнес-плана/Период' is: 'Январь 2025 года'

28-03-2025T12:22:05 - [MESSAGE][PASSED] - Text of object 'Object Repository/Выполнение бизнес-плана/Период' is: 'Январь 2025 года'

28-03-2025T12:22:05 - [TEST_STEP][PASSED] - iy = m.indexOf("20"): null

28-03-2025T12:22:05 - [TEST_STEP][PASSED] - if (iy > -1): null

28-03-2025T12:22:05 - [TEST_STEP][PASSED] - y = substring(iy, iy + 4).toInteger(): null

28-03-2025T12:22:05 - [TEST_STEP][PASSED] - println(y): null

28-03-2025T12:22:05 - [TEST_STEP][PASSED] - if (toString().length() == 4): null

28-03-2025T12:22:05 - [TEST_STEP][PASSED] - m = m.substring(0, m.indexOf(y.toString())): null

28-03-2025T12:22:05 - [TEST_STEP][PASSED] - m = m.trim(): null

28-03-2025T12:22:05 - [TEST_STEP][PASSED] - if (m == ""): null

28-03-2025T12:22:05 - [TEST_STEP][PASSED] - dashboardName = "Выполнение бизнес-плана": null

28-03-2025T12:22:05 - [TEST_STEP][PASSED] - workbook01 = getWorkbook(excelFilePath): null

28-03-2025T12:22:05 - [TEST_STEP][PASSED] - sheet01 = getExcelSheet(workbook01, sheetName): null

28-03-2025T12:22:05 - [TEST_STEP][PASSED] - setValueToCellByIndex(sheet01, n, 0, dashboardName): null

28-03-2025T12:22:05 - [TEST_STEP][PASSED] - setValueToCellByIndex(sheet01, n, 1, dZO): null

28-03-2025T12:22:05 - [TEST_STEP][PASSED] - setValueToCellByIndex(sheet01, n, 2, typeOfData): null

28-03-2025T12:22:05 - [TEST_STEP][PASSED] - if (typeOfData == "Факт в процентах" || typeOfData == "План в процентах"): null

28-03-2025T12:22:05 - [TEST_STEP][PASSED] - else: null

28-03-2025T12:22:05 - [TEST_STEP][PASSED] - setValueToCellByIndex(sheet01, n, 3, fileInt): null

28-03-2025T12:22:05 - [TEST_STEP][PASSED] - setValueToCellByIndex(sheet01, n, 4, "нет данных"): null

28-03-2025T12:22:05 - [TEST_STEP][PASSED] - setValueToCellByIndex(sheet01, n, 5, m): null

28-03-2025T12:22:05 - [TEST_STEP][PASSED] - setValueToCellByIndex(sheet01, n, 6, y): null

28-03-2025T12:22:05 - [TEST_STEP][PASSED] - setValueToCellByIndex(sheet01, n, 7, todaysDate): null

28-03-2025T12:22:05 - [TEST_STEP][PASSED] - n = n + 1: null

28-03-2025T12:22:05 - [TEST_STEP][PASSED] - saveWorkbook(excelFilePath, workbook01): null

28-03-2025T12:22:06 - [TEST_STEP][PASSED] - typeOfData = "Факт Потери": null

28-03-2025T12:22:06 - [TEST_STEP][PASSED] - fileInt = replaceAll("\s+", "").toInteger(): null

28-03-2025T12:22:06 - [TEST_STEP][PASSED] - Script1718980020443.WriteToExcelNoData(a, typeOfData, todaysDate, fileInt, fileDouble, dZO): null

28-03-2025T12:22:06 - [TEST_STEP][PASSED] - sheetName = "Sheet1": null

28-03-2025T12:22:06 - [TEST_STEP][PASSED] - data = findTestData("PlanFact"): null

28-03-2025T12:22:06 - [TEST_STEP][PASSED] - n = data.getRowNumbers() + 1: null

28-03-2025T12:22:06 - [TEST_STEP][PASSED] - day = ")).toInteger(): null

28-03-2025T12:22:06 - [TEST_STEP][PASSED] - println(day): null

28-03-2025T12:22:06 - [TEST_STEP][PASSED] - month = ")).toInteger(): null

28-03-2025T12:22:06 - [TEST_STEP][PASSED] - println(month): null

28-03-2025T12:22:06 - [TEST_STEP][PASSED] - y = <not implemented yet for class: org.codehaus.groovy.ast.expr.EmptyExpression>: null

28-03-2025T12:22:06 - [TEST_STEP][PASSED] - iy = <not implemented yet for class: org.codehaus.groovy.ast.expr.EmptyExpression>: null

28-03-2025T12:22:06 - [TEST_STEP][PASSED] - m = getText(findTestObject("Выполнение бизнес-плана/Период")): Text of object 'Object Repository/Выполнение бизнес-плана/Период' is: 'Январь 2025 года'

28-03-2025T12:22:06 - [MESSAGE][PASSED] - Text of object 'Object Repository/Выполнение бизнес-плана/Период' is: 'Январь 2025 года'

28-03-2025T12:22:06 - [TEST_STEP][PASSED] - iy = m.indexOf("20"): null

28-03-2025T12:22:06 - [TEST_STEP][PASSED] - if (iy > -1): null

28-03-2025T12:22:06 - [TEST_STEP][PASSED] - y = substring(iy, iy + 4).toInteger(): null

28-03-2025T12:22:06 - [TEST_STEP][PASSED] - println(y): null

28-03-2025T12:22:06 - [TEST_STEP][PASSED] - if (toString().length() == 4): null

28-03-2025T12:22:06 - [TEST_STEP][PASSED] - m = m.substring(0, m.indexOf(y.toString())): null

28-03-2025T12:22:06 - [TEST_STEP][PASSED] - m = m.trim(): null

28-03-2025T12:22:06 - [TEST_STEP][PASSED] - if (m == ""): null

28-03-2025T12:22:06 - [TEST_STEP][PASSED] - dashboardName = "Выполнение бизнес-плана": null

28-03-2025T12:22:06 - [TEST_STEP][PASSED] - workbook01 = getWorkbook(excelFilePath): null

28-03-2025T12:22:06 - [TEST_STEP][PASSED] - sheet01 = getExcelSheet(workbook01, sheetName): null

28-03-2025T12:22:06 - [TEST_STEP][PASSED] - setValueToCellByIndex(sheet01, n, 0, dashboardName): null

28-03-2025T12:22:06 - [TEST_STEP][PASSED] - setValueToCellByIndex(sheet01, n, 1, dZO): null

28-03-2025T12:22:06 - [TEST_STEP][PASSED] - setValueToCellByIndex(sheet01, n, 2, typeOfData): null

28-03-2025T12:22:06 - [TEST_STEP][PASSED] - if (typeOfData == "Факт в процентах" || typeOfData == "План в процентах"): null

28-03-2025T12:22:06 - [TEST_STEP][PASSED] - else: null

28-03-2025T12:22:06 - [TEST_STEP][PASSED] - setValueToCellByIndex(sheet01, n, 3, fileInt): null

28-03-2025T12:22:06 - [TEST_STEP][PASSED] - setValueToCellByIndex(sheet01, n, 4, "нет данных"): null

28-03-2025T12:22:06 - [TEST_STEP][PASSED] - setValueToCellByIndex(sheet01, n, 5, m): null

28-03-2025T12:22:06 - [TEST_STEP][PASSED] - setValueToCellByIndex(sheet01, n, 6, y): null

28-03-2025T12:22:06 - [TEST_STEP][PASSED] - setValueToCellByIndex(sheet01, n, 7, todaysDate): null

28-03-2025T12:22:06 - [TEST_STEP][PASSED] - n = n + 1: null

28-03-2025T12:22:06 - [TEST_STEP][PASSED] - saveWorkbook(excelFilePath, workbook01): null

28-03-2025T12:22:06 - [TEST_STEP][PASSED] - typeOfData = "План Отпуск в сеть": null

28-03-2025T12:22:06 - [TEST_STEP][PASSED] - fileInt = replaceAll("\s+", "").toInteger(): null

28-03-2025T12:22:06 - [TEST_STEP][PASSED] - Script1718980020443.WriteToExcelNoData(a, typeOfData, todaysDate, fileInt, fileDouble, dZO): null

28-03-2025T12:22:06 - [TEST_STEP][PASSED] - sheetName = "Sheet1": null

28-03-2025T12:22:06 - [TEST_STEP][PASSED] - data = findTestData("PlanFact"): null

28-03-2025T12:22:07 - [TEST_STEP][PASSED] - n = data.getRowNumbers() + 1: null

28-03-2025T12:22:07 - [TEST_STEP][PASSED] - day = ")).toInteger(): null

28-03-2025T12:22:07 - [TEST_STEP][PASSED] - println(day): null

28-03-2025T12:22:07 - [TEST_STEP][PASSED] - month = ")).toInteger(): null

28-03-2025T12:22:07 - [TEST_STEP][PASSED] - println(month): null

28-03-2025T12:22:07 - [TEST_STEP][PASSED] - y = <not implemented yet for class: org.codehaus.groovy.ast.expr.EmptyExpression>: null

28-03-2025T12:22:07 - [TEST_STEP][PASSED] - iy = <not implemented yet for class: org.codehaus.groovy.ast.expr.EmptyExpression>: null

28-03-2025T12:22:07 - [TEST_STEP][PASSED] - m = getText(findTestObject("Выполнение бизнес-плана/Период")): Text of object 'Object Repository/Выполнение бизнес-плана/Период' is: 'Январь 2025 года'

28-03-2025T12:22:07 - [MESSAGE][PASSED] - Text of object 'Object Repository/Выполнение бизнес-плана/Период' is: 'Январь 2025 года'

28-03-2025T12:22:07 - [TEST_STEP][PASSED] - iy = m.indexOf("20"): null

28-03-2025T12:22:07 - [TEST_STEP][PASSED] - if (iy > -1): null

28-03-2025T12:22:07 - [TEST_STEP][PASSED] - y = substring(iy, iy + 4).toInteger(): null

28-03-2025T12:22:07 - [TEST_STEP][PASSED] - println(y): null

28-03-2025T12:22:07 - [TEST_STEP][PASSED] - if (toString().length() == 4): null

28-03-2025T12:22:07 - [TEST_STEP][PASSED] - m = m.substring(0, m.indexOf(y.toString())): null

28-03-2025T12:22:07 - [TEST_STEP][PASSED] - m = m.trim(): null

28-03-2025T12:22:07 - [TEST_STEP][PASSED] - if (m == ""): null

28-03-2025T12:22:07 - [TEST_STEP][PASSED] - dashboardName = "Выполнение бизнес-плана": null

28-03-2025T12:22:07 - [TEST_STEP][PASSED] - workbook01 = getWorkbook(excelFilePath): null

28-03-2025T12:22:07 - [TEST_STEP][PASSED] - sheet01 = getExcelSheet(workbook01, sheetName): null

28-03-2025T12:22:07 - [TEST_STEP][PASSED] - setValueToCellByIndex(sheet01, n, 0, dashboardName): null

28-03-2025T12:22:07 - [TEST_STEP][PASSED] - setValueToCellByIndex(sheet01, n, 1, dZO): null

28-03-2025T12:22:07 - [TEST_STEP][PASSED] - setValueToCellByIndex(sheet01, n, 2, typeOfData): null

28-03-2025T12:22:07 - [TEST_STEP][PASSED] - if (typeOfData == "Факт в процентах" || typeOfData == "План в процентах"): null

28-03-2025T12:22:07 - [TEST_STEP][PASSED] - else: null

28-03-2025T12:22:07 - [TEST_STEP][PASSED] - setValueToCellByIndex(sheet01, n, 3, fileInt): null

28-03-2025T12:22:07 - [TEST_STEP][PASSED] - setValueToCellByIndex(sheet01, n, 4, "нет данных"): null

28-03-2025T12:22:07 - [TEST_STEP][PASSED] - setValueToCellByIndex(sheet01, n, 5, m): null

28-03-2025T12:22:07 - [TEST_STEP][PASSED] - setValueToCellByIndex(sheet01, n, 6, y): null

28-03-2025T12:22:07 - [TEST_STEP][PASSED] - setValueToCellByIndex(sheet01, n, 7, todaysDate): null

28-03-2025T12:22:07 - [TEST_STEP][PASSED] - n = n + 1: null

28-03-2025T12:22:07 - [TEST_STEP][PASSED] - saveWorkbook(excelFilePath, workbook01): null

28-03-2025T12:22:07 - [TEST_STEP][PASSED] - typeOfData = "План Потери": null

28-03-2025T12:22:07 - [TEST_STEP][PASSED] - fileInt = replaceAll("\s+", "").toInteger(): null

28-03-2025T12:22:07 - [TEST_STEP][PASSED] - Script1718980020443.WriteToExcelNoData(a, typeOfData, todaysDate, fileInt, fileDouble, dZO): null

28-03-2025T12:22:07 - [TEST_STEP][PASSED] - sheetName = "Sheet1": null

28-03-2025T12:22:07 - [TEST_STEP][PASSED] - data = findTestData("PlanFact"): null

28-03-2025T12:22:07 - [TEST_STEP][PASSED] - n = data.getRowNumbers() + 1: null

28-03-2025T12:22:07 - [TEST_STEP][PASSED] - day = ")).toInteger(): null

28-03-2025T12:22:07 - [TEST_STEP][PASSED] - println(day): null

28-03-2025T12:22:07 - [TEST_STEP][PASSED] - month = ")).toInteger(): null

28-03-2025T12:22:07 - [TEST_STEP][PASSED] - println(month): null

28-03-2025T12:22:07 - [TEST_STEP][PASSED] - y = <not implemented yet for class: org.codehaus.groovy.ast.expr.EmptyExpression>: null

28-03-2025T12:22:07 - [TEST_STEP][PASSED] - iy = <not implemented yet for class: org.codehaus.groovy.ast.expr.EmptyExpression>: null

28-03-2025T12:22:07 - [TEST_STEP][PASSED] - m = getText(findTestObject("Выполнение бизнес-плана/Период")): Text of object 'Object Repository/Выполнение бизнес-плана/Период' is: 'Январь 2025 года'

28-03-2025T12:22:07 - [MESSAGE][PASSED] - Text of object 'Object Repository/Выполнение бизнес-плана/Период' is: 'Январь 2025 года'

28-03-2025T12:22:07 - [TEST_STEP][PASSED] - iy = m.indexOf("20"): null

28-03-2025T12:22:07 - [TEST_STEP][PASSED] - if (iy > -1): null

28-03-2025T12:22:07 - [TEST_STEP][PASSED] - y = substring(iy, iy + 4).toInteger(): null

28-03-2025T12:22:07 - [TEST_STEP][PASSED] - println(y): null

28-03-2025T12:22:07 - [TEST_STEP][PASSED] - if (toString().length() == 4): null

28-03-2025T12:22:07 - [TEST_STEP][PASSED] - m = m.substring(0, m.indexOf(y.toString())): null

28-03-2025T12:22:07 - [TEST_STEP][PASSED] - m = m.trim(): null

28-03-2025T12:22:07 - [TEST_STEP][PASSED] - if (m == ""): null

28-03-2025T12:22:07 - [TEST_STEP][PASSED] - dashboardName = "Выполнение бизнес-плана": null

28-03-2025T12:22:07 - [TEST_STEP][PASSED] - workbook01 = getWorkbook(excelFilePath): null

28-03-2025T12:22:08 - [TEST_STEP][PASSED] - sheet01 = getExcelSheet(workbook01, sheetName): null

28-03-2025T12:22:08 - [TEST_STEP][PASSED] - setValueToCellByIndex(sheet01, n, 0, dashboardName): null

28-03-2025T12:22:08 - [TEST_STEP][PASSED] - setValueToCellByIndex(sheet01, n, 1, dZO): null

28-03-2025T12:22:08 - [TEST_STEP][PASSED] - setValueToCellByIndex(sheet01, n, 2, typeOfData): null

28-03-2025T12:22:08 - [TEST_STEP][PASSED] - if (typeOfData == "Факт в процентах" || typeOfData == "План в процентах"): null

28-03-2025T12:22:08 - [TEST_STEP][PASSED] - else: null

28-03-2025T12:22:08 - [TEST_STEP][PASSED] - setValueToCellByIndex(sheet01, n, 3, fileInt): null

28-03-2025T12:22:08 - [TEST_STEP][PASSED] - setValueToCellByIndex(sheet01, n, 4, "нет данных"): null

28-03-2025T12:22:08 - [TEST_STEP][PASSED] - setValueToCellByIndex(sheet01, n, 5, m): null

28-03-2025T12:22:08 - [TEST_STEP][PASSED] - setValueToCellByIndex(sheet01, n, 6, y): null

28-03-2025T12:22:08 - [TEST_STEP][PASSED] - setValueToCellByIndex(sheet01, n, 7, todaysDate): null

28-03-2025T12:22:08 - [TEST_STEP][PASSED] - n = n + 1: null

28-03-2025T12:22:08 - [TEST_STEP][PASSED] - saveWorkbook(excelFilePath, workbook01): null

28-03-2025T12:22:08 - [TEST_STEP][PASSED] - typeOfData = "План в процентах": null

28-03-2025T12:22:08 - [TEST_STEP][PASSED] - fileDouble = ").toDouble(): null

28-03-2025T12:22:08 - [TEST_STEP][PASSED] - Script1718980020443.WriteToExcelNoData(a, typeOfData, todaysDate, fileInt, fileDouble, dZO): null

28-03-2025T12:22:08 - [TEST_STEP][PASSED] - sheetName = "Sheet1": null

28-03-2025T12:22:08 - [TEST_STEP][PASSED] - data = findTestData("PlanFact"): null

28-03-2025T12:22:08 - [TEST_STEP][PASSED] - n = data.getRowNumbers() + 1: null

28-03-2025T12:22:08 - [TEST_STEP][PASSED] - day = ")).toInteger(): null

28-03-2025T12:22:08 - [TEST_STEP][PASSED] - println(day): null

28-03-2025T12:22:08 - [TEST_STEP][PASSED] - month = ")).toInteger(): null

28-03-2025T12:22:08 - [TEST_STEP][PASSED] - println(month): null

28-03-2025T12:22:08 - [TEST_STEP][PASSED] - y = <not implemented yet for class: org.codehaus.groovy.ast.expr.EmptyExpression>: null

28-03-2025T12:22:08 - [TEST_STEP][PASSED] - iy = <not implemented yet for class: org.codehaus.groovy.ast.expr.EmptyExpression>: null

28-03-2025T12:22:08 - [TEST_STEP][PASSED] - m = getText(findTestObject("Выполнение бизнес-плана/Период")): Text of object 'Object Repository/Выполнение бизнес-плана/Период' is: 'Январь 2025 года'

28-03-2025T12:22:08 - [MESSAGE][PASSED] - Text of object 'Object Repository/Выполнение бизнес-плана/Период' is: 'Январь 2025 года'

28-03-2025T12:22:08 - [TEST_STEP][PASSED] - iy = m.indexOf("20"): null

28-03-2025T12:22:08 - [TEST_STEP][PASSED] - if (iy > -1): null

28-03-2025T12:22:08 - [TEST_STEP][PASSED] - y = substring(iy, iy + 4).toInteger(): null

28-03-2025T12:22:08 - [TEST_STEP][PASSED] - println(y): null

28-03-2025T12:22:08 - [TEST_STEP][PASSED] - if (toString().length() == 4): null

28-03-2025T12:22:08 - [TEST_STEP][PASSED] - m = m.substring(0, m.indexOf(y.toString())): null

28-03-2025T12:22:08 - [TEST_STEP][PASSED] - m = m.trim(): null

28-03-2025T12:22:08 - [TEST_STEP][PASSED] - if (m == ""): null

28-03-2025T12:22:08 - [TEST_STEP][PASSED] - dashboardName = "Выполнение бизнес-плана": null

28-03-2025T12:22:08 - [TEST_STEP][PASSED] - workbook01 = getWorkbook(excelFilePath): null

28-03-2025T12:22:08 - [TEST_STEP][PASSED] - sheet01 = getExcelSheet(workbook01, sheetName): null

28-03-2025T12:22:08 - [TEST_STEP][PASSED] - setValueToCellByIndex(sheet01, n, 0, dashboardName): null

28-03-2025T12:22:08 - [TEST_STEP][PASSED] - setValueToCellByIndex(sheet01, n, 1, dZO): null

28-03-2025T12:22:08 - [TEST_STEP][PASSED] - setValueToCellByIndex(sheet01, n, 2, typeOfData): null

28-03-2025T12:22:08 - [TEST_STEP][PASSED] - if (typeOfData == "Факт в процентах" || typeOfData == "План в процентах"): null

28-03-2025T12:22:08 - [TEST_STEP][PASSED] - setValueToCellByIndex(sheet01, n, 3, fileDouble): null

28-03-2025T12:22:08 - [TEST_STEP][PASSED] - setValueToCellByIndex(sheet01, n, 4, "нет данных"): null

28-03-2025T12:22:08 - [TEST_STEP][PASSED] - setValueToCellByIndex(sheet01, n, 5, m): null

28-03-2025T12:22:08 - [TEST_STEP][PASSED] - setValueToCellByIndex(sheet01, n, 6, y): null

28-03-2025T12:22:08 - [TEST_STEP][PASSED] - setValueToCellByIndex(sheet01, n, 7, todaysDate): null

28-03-2025T12:22:08 - [TEST_STEP][PASSED] - n = n + 1: null

28-03-2025T12:22:08 - [TEST_STEP][PASSED] - saveWorkbook(excelFilePath, workbook01): null

28-03-2025T12:22:08 - [TEST_STEP][PASSED] - typeOfData = "Факт в процентах": null

28-03-2025T12:22:08 - [TEST_STEP][PASSED] - fileDouble = ").toDouble(): null

28-03-2025T12:22:08 - [TEST_STEP][PASSED] - Script1718980020443.WriteToExcelNoData(a, typeOfData, todaysDate, fileInt, fileDouble, dZO): null

28-03-2025T12:22:08 - [TEST_STEP][PASSED] - sheetName = "Sheet1": null

28-03-2025T12:22:08 - [TEST_STEP][PASSED] - data = findTestData("PlanFact"): null

28-03-2025T12:22:08 - [TEST_STEP][PASSED] - n = data.getRowNumbers() + 1: null

28-03-2025T12:22:08 - [TEST_STEP][PASSED] - day = ")).toInteger(): null

28-03-2025T12:22:08 - [TEST_STEP][PASSED] - println(day): null

28-03-2025T12:22:08 - [TEST_STEP][PASSED] - month = ")).toInteger(): null

28-03-2025T12:22:09 - [TEST_STEP][PASSED] - println(month): null

28-03-2025T12:22:09 - [TEST_STEP][PASSED] - y = <not implemented yet for class: org.codehaus.groovy.ast.expr.EmptyExpression>: null

28-03-2025T12:22:09 - [TEST_STEP][PASSED] - iy = <not implemented yet for class: org.codehaus.groovy.ast.expr.EmptyExpression>: null

28-03-2025T12:22:09 - [TEST_STEP][PASSED] - m = getText(findTestObject("Выполнение бизнес-плана/Период")): Text of object 'Object Repository/Выполнение бизнес-плана/Период' is: 'Январь 2025 года'

28-03-2025T12:22:09 - [MESSAGE][PASSED] - Text of object 'Object Repository/Выполнение бизнес-плана/Период' is: 'Январь 2025 года'

28-03-2025T12:22:09 - [TEST_STEP][PASSED] - iy = m.indexOf("20"): null

28-03-2025T12:22:09 - [TEST_STEP][PASSED] - if (iy > -1): null

28-03-2025T12:22:09 - [TEST_STEP][PASSED] - y = substring(iy, iy + 4).toInteger(): null

28-03-2025T12:22:09 - [TEST_STEP][PASSED] - println(y): null

28-03-2025T12:22:09 - [TEST_STEP][PASSED] - if (toString().length() == 4): null

28-03-2025T12:22:09 - [TEST_STEP][PASSED] - m = m.substring(0, m.indexOf(y.toString())): null

28-03-2025T12:22:09 - [TEST_STEP][PASSED] - m = m.trim(): null

28-03-2025T12:22:09 - [TEST_STEP][PASSED] - if (m == ""): null

28-03-2025T12:22:09 - [TEST_STEP][PASSED] - dashboardName = "Выполнение бизнес-плана": null

28-03-2025T12:22:09 - [TEST_STEP][PASSED] - workbook01 = getWorkbook(excelFilePath): null

28-03-2025T12:22:09 - [TEST_STEP][PASSED] - sheet01 = getExcelSheet(workbook01, sheetName): null

28-03-2025T12:22:09 - [TEST_STEP][PASSED] - setValueToCellByIndex(sheet01, n, 0, dashboardName): null

28-03-2025T12:22:09 - [TEST_STEP][PASSED] - setValueToCellByIndex(sheet01, n, 1, dZO): null

28-03-2025T12:22:09 - [TEST_STEP][PASSED] - setValueToCellByIndex(sheet01, n, 2, typeOfData): null

28-03-2025T12:22:09 - [TEST_STEP][PASSED] - if (typeOfData == "Факт в процентах" || typeOfData == "План в процентах"): null

28-03-2025T12:22:09 - [TEST_STEP][PASSED] - setValueToCellByIndex(sheet01, n, 3, fileDouble): null

28-03-2025T12:22:09 - [TEST_STEP][PASSED] - setValueToCellByIndex(sheet01, n, 4, "нет данных"): null

28-03-2025T12:22:09 - [TEST_STEP][PASSED] - setValueToCellByIndex(sheet01, n, 5, m): null

28-03-2025T12:22:09 - [TEST_STEP][PASSED] - setValueToCellByIndex(sheet01, n, 6, y): null

28-03-2025T12:22:09 - [TEST_STEP][PASSED] - setValueToCellByIndex(sheet01, n, 7, todaysDate): null

28-03-2025T12:22:09 - [TEST_STEP][PASSED] - n = n + 1: null

28-03-2025T12:22:09 - [TEST_STEP][PASSED] - saveWorkbook(excelFilePath, workbook01): null

28-03-2025T12:22:09 - [TEST_STEP][PASSED] - println(dzoNum): null

28-03-2025T12:22:09 - [TEST_STEP][PASSED] - dZO = "Россети Центр и Приволжье (ГК)": null

28-03-2025T12:22:09 - [TEST_STEP][PASSED] - a = 18: null

28-03-2025T12:22:09 - [TEST_STEP][PASSED] - if (x1.contains("Приволжье")): null

28-03-2025T12:22:09 - [TEST_STEP][PASSED] - else: null

28-03-2025T12:22:09 - [TEST_STEP][PASSED] - Script1718980020443.NoData(a, typeOfData, todaysDate, fileInt, fileDouble, dZO): null

28-03-2025T12:22:09 - [TEST_STEP][PASSED] - println(a): null

28-03-2025T12:22:09 - [TEST_STEP][PASSED] - println(todaysDate): null

28-03-2025T12:22:09 - [TEST_STEP][PASSED] - println(fileInt): null

28-03-2025T12:22:09 - [TEST_STEP][PASSED] - println(fileDouble): null

28-03-2025T12:22:09 - [TEST_STEP][PASSED] - println(dZO): null

28-03-2025T12:22:09 - [TEST_STEP][PASSED] - typeOfData = "Факт Отпуск в сеть": null

28-03-2025T12:22:09 - [TEST_STEP][PASSED] - fileInt = replaceAll("\s+", "").toInteger(): null

28-03-2025T12:22:09 - [TEST_STEP][PASSED] - Script1718980020443.WriteToExcelNoData(a, typeOfData, todaysDate, fileInt, fileDouble, dZO): null

28-03-2025T12:22:09 - [TEST_STEP][PASSED] - sheetName = "Sheet1": null

28-03-2025T12:22:09 - [TEST_STEP][PASSED] - data = findTestData("PlanFact"): null

28-03-2025T12:22:09 - [TEST_STEP][PASSED] - n = data.getRowNumbers() + 1: null

28-03-2025T12:22:09 - [TEST_STEP][PASSED] - day = ")).toInteger(): null

28-03-2025T12:22:09 - [TEST_STEP][PASSED] - println(day): null

28-03-2025T12:22:09 - [TEST_STEP][PASSED] - month = ")).toInteger(): null

28-03-2025T12:22:09 - [TEST_STEP][PASSED] - println(month): null

28-03-2025T12:22:09 - [TEST_STEP][PASSED] - y = <not implemented yet for class: org.codehaus.groovy.ast.expr.EmptyExpression>: null

28-03-2025T12:22:09 - [TEST_STEP][PASSED] - iy = <not implemented yet for class: org.codehaus.groovy.ast.expr.EmptyExpression>: null

28-03-2025T12:22:09 - [TEST_STEP][PASSED] - m = getText(findTestObject("Выполнение бизнес-плана/Период")): Text of object 'Object Repository/Выполнение бизнес-плана/Период' is: 'Январь 2025 года'

28-03-2025T12:22:10 - [MESSAGE][PASSED] - Text of object 'Object Repository/Выполнение бизнес-плана/Период' is: 'Январь 2025 года'

28-03-2025T12:22:10 - [TEST_STEP][PASSED] - iy = m.indexOf("20"): null

28-03-2025T12:22:10 - [TEST_STEP][PASSED] - if (iy > -1): null

28-03-2025T12:22:10 - [TEST_STEP][PASSED] - y = substring(iy, iy + 4).toInteger(): null

28-03-2025T12:22:10 - [TEST_STEP][PASSED] - println(y): null

28-03-2025T12:22:10 - [TEST_STEP][PASSED] - if (toString().length() == 4): null

28-03-2025T12:22:10 - [TEST_STEP][PASSED] - m = m.substring(0, m.indexOf(y.toString())): null

28-03-2025T12:22:10 - [TEST_STEP][PASSED] - m = m.trim(): null

28-03-2025T12:22:10 - [TEST_STEP][PASSED] - if (m == ""): null

28-03-2025T12:22:10 - [TEST_STEP][PASSED] - dashboardName = "Выполнение бизнес-плана": null

28-03-2025T12:22:10 - [TEST_STEP][PASSED] - workbook01 = getWorkbook(excelFilePath): null

28-03-2025T12:22:10 - [TEST_STEP][PASSED] - sheet01 = getExcelSheet(workbook01, sheetName): null

28-03-2025T12:22:10 - [TEST_STEP][PASSED] - setValueToCellByIndex(sheet01, n, 0, dashboardName): null

28-03-2025T12:22:10 - [TEST_STEP][PASSED] - setValueToCellByIndex(sheet01, n, 1, dZO): null

28-03-2025T12:22:10 - [TEST_STEP][PASSED] - setValueToCellByIndex(sheet01, n, 2, typeOfData): null

28-03-2025T12:22:10 - [TEST_STEP][PASSED] - if (typeOfData == "Факт в процентах" || typeOfData == "План в процентах"): null

28-03-2025T12:22:10 - [TEST_STEP][PASSED] - else: null

28-03-2025T12:22:10 - [TEST_STEP][PASSED] - setValueToCellByIndex(sheet01, n, 3, fileInt): null

28-03-2025T12:22:10 - [TEST_STEP][PASSED] - setValueToCellByIndex(sheet01, n, 4, "нет данных"): null

28-03-2025T12:22:10 - [TEST_STEP][PASSED] - setValueToCellByIndex(sheet01, n, 5, m): null

28-03-2025T12:22:10 - [TEST_STEP][PASSED] - setValueToCellByIndex(sheet01, n, 6, y): null

28-03-2025T12:22:10 - [TEST_STEP][PASSED] - setValueToCellByIndex(sheet01, n, 7, todaysDate): null

28-03-2025T12:22:10 - [TEST_STEP][PASSED] - n = n + 1: null

28-03-2025T12:22:10 - [TEST_STEP][PASSED] - saveWorkbook(excelFilePath, workbook01): null

28-03-2025T12:22:10 - [TEST_STEP][PASSED] - typeOfData = "Факт Потери": null

28-03-2025T12:22:10 - [TEST_STEP][PASSED] - fileInt = replaceAll("\s+", "").toInteger(): null

28-03-2025T12:22:10 - [TEST_STEP][PASSED] - Script1718980020443.WriteToExcelNoData(a, typeOfData, todaysDate, fileInt, fileDouble, dZO): null

28-03-2025T12:22:10 - [TEST_STEP][PASSED] - sheetName = "Sheet1": null

28-03-2025T12:22:10 - [TEST_STEP][PASSED] - data = findTestData("PlanFact"): null

28-03-2025T12:22:10 - [TEST_STEP][PASSED] - n = data.getRowNumbers() + 1: null

28-03-2025T12:22:10 - [TEST_STEP][PASSED] - day = ")).toInteger(): null

28-03-2025T12:22:10 - [TEST_STEP][PASSED] - println(day): null

28-03-2025T12:22:10 - [TEST_STEP][PASSED] - month = ")).toInteger(): null

28-03-2025T12:22:10 - [TEST_STEP][PASSED] - println(month): null

28-03-2025T12:22:10 - [TEST_STEP][PASSED] - y = <not implemented yet for class: org.codehaus.groovy.ast.expr.EmptyExpression>: null

28-03-2025T12:22:10 - [TEST_STEP][PASSED] - iy = <not implemented yet for class: org.codehaus.groovy.ast.expr.EmptyExpression>: null

28-03-2025T12:22:10 - [TEST_STEP][PASSED] - m = getText(findTestObject("Выполнение бизнес-плана/Период")): Text of object 'Object Repository/Выполнение бизнес-плана/Период' is: 'Январь 2025 года'

28-03-2025T12:22:10 - [MESSAGE][PASSED] - Text of object 'Object Repository/Выполнение бизнес-плана/Период' is: 'Январь 2025 года'

28-03-2025T12:22:10 - [TEST_STEP][PASSED] - iy = m.indexOf("20"): null

28-03-2025T12:22:10 - [TEST_STEP][PASSED] - if (iy > -1): null

28-03-2025T12:22:10 - [TEST_STEP][PASSED] - y = substring(iy, iy + 4).toInteger(): null

28-03-2025T12:22:10 - [TEST_STEP][PASSED] - println(y): null

28-03-2025T12:22:10 - [TEST_STEP][PASSED] - if (toString().length() == 4): null

28-03-2025T12:22:10 - [TEST_STEP][PASSED] - m = m.substring(0, m.indexOf(y.toString())): null

28-03-2025T12:22:10 - [TEST_STEP][PASSED] - m = m.trim(): null

28-03-2025T12:22:10 - [TEST_STEP][PASSED] - if (m == ""): null

28-03-2025T12:22:10 - [TEST_STEP][PASSED] - dashboardName = "Выполнение бизнес-плана": null

28-03-2025T12:22:10 - [TEST_STEP][PASSED] - workbook01 = getWorkbook(excelFilePath): null

28-03-2025T12:22:10 - [TEST_STEP][PASSED] - sheet01 = getExcelSheet(workbook01, sheetName): null

28-03-2025T12:22:10 - [TEST_STEP][PASSED] - setValueToCellByIndex(sheet01, n, 0, dashboardName): null

28-03-2025T12:22:10 - [TEST_STEP][PASSED] - setValueToCellByIndex(sheet01, n, 1, dZO): null

28-03-2025T12:22:10 - [TEST_STEP][PASSED] - setValueToCellByIndex(sheet01, n, 2, typeOfData): null

28-03-2025T12:22:10 - [TEST_STEP][PASSED] - if (typeOfData == "Факт в процентах" || typeOfData == "План в процентах"): null

28-03-2025T12:22:10 - [TEST_STEP][PASSED] - else: null

28-03-2025T12:22:10 - [TEST_STEP][PASSED] - setValueToCellByIndex(sheet01, n, 3, fileInt): null

28-03-2025T12:22:10 - [TEST_STEP][PASSED] - setValueToCellByIndex(sheet01, n, 4, "нет данных"): null

28-03-2025T12:22:10 - [TEST_STEP][PASSED] - setValueToCellByIndex(sheet01, n, 5, m): null

28-03-2025T12:22:10 - [TEST_STEP][PASSED] - setValueToCellByIndex(sheet01, n, 6, y): null

28-03-2025T12:22:10 - [TEST_STEP][PASSED] - setValueToCellByIndex(sheet01, n, 7, todaysDate): null

28-03-2025T12:22:10 - [TEST_STEP][PASSED] - n = n + 1: null

28-03-2025T12:22:10 - [TEST_STEP][PASSED] - saveWorkbook(excelFilePath, workbook01): null

28-03-2025T12:22:10 - [TEST_STEP][PASSED] - typeOfData = "План Отпуск в сеть": null

28-03-2025T12:22:10 - [TEST_STEP][PASSED] - fileInt = replaceAll("\s+", "").toInteger(): null

28-03-2025T12:22:11 - [TEST_STEP][PASSED] - Script1718980020443.WriteToExcelNoData(a, typeOfData, todaysDate, fileInt, fileDouble, dZO): null

28-03-2025T12:22:11 - [TEST_STEP][PASSED] - sheetName = "Sheet1": null

28-03-2025T12:22:11 - [TEST_STEP][PASSED] - data = findTestData("PlanFact"): null

28-03-2025T12:22:11 - [TEST_STEP][PASSED] - n = data.getRowNumbers() + 1: null

28-03-2025T12:22:11 - [TEST_STEP][PASSED] - day = ")).toInteger(): null

28-03-2025T12:22:11 - [TEST_STEP][PASSED] - println(day): null

28-03-2025T12:22:11 - [TEST_STEP][PASSED] - month = ")).toInteger(): null

28-03-2025T12:22:11 - [TEST_STEP][PASSED] - println(month): null

28-03-2025T12:22:11 - [TEST_STEP][PASSED] - y = <not implemented yet for class: org.codehaus.groovy.ast.expr.EmptyExpression>: null

28-03-2025T12:22:11 - [TEST_STEP][PASSED] - iy = <not implemented yet for class: org.codehaus.groovy.ast.expr.EmptyExpression>: null

28-03-2025T12:22:11 - [TEST_STEP][PASSED] - m = getText(findTestObject("Выполнение бизнес-плана/Период")): Text of object 'Object Repository/Выполнение бизнес-плана/Период' is: 'Январь 2025 года'

28-03-2025T12:22:11 - [MESSAGE][PASSED] - Text of object 'Object Repository/Выполнение бизнес-плана/Период' is: 'Январь 2025 года'

28-03-2025T12:22:11 - [TEST_STEP][PASSED] - iy = m.indexOf("20"): null

28-03-2025T12:22:11 - [TEST_STEP][PASSED] - if (iy > -1): null

28-03-2025T12:22:11 - [TEST_STEP][PASSED] - y = substring(iy, iy + 4).toInteger(): null

28-03-2025T12:22:11 - [TEST_STEP][PASSED] - println(y): null

28-03-2025T12:22:11 - [TEST_STEP][PASSED] - if (toString().length() == 4): null

28-03-2025T12:22:11 - [TEST_STEP][PASSED] - m = m.substring(0, m.indexOf(y.toString())): null

28-03-2025T12:22:11 - [TEST_STEP][PASSED] - m = m.trim(): null

28-03-2025T12:22:11 - [TEST_STEP][PASSED] - if (m == ""): null

28-03-2025T12:22:11 - [TEST_STEP][PASSED] - dashboardName = "Выполнение бизнес-плана": null

28-03-2025T12:22:11 - [TEST_STEP][PASSED] - workbook01 = getWorkbook(excelFilePath): null

28-03-2025T12:22:11 - [TEST_STEP][PASSED] - sheet01 = getExcelSheet(workbook01, sheetName): null

28-03-2025T12:22:11 - [TEST_STEP][PASSED] - setValueToCellByIndex(sheet01, n, 0, dashboardName): null

28-03-2025T12:22:11 - [TEST_STEP][PASSED] - setValueToCellByIndex(sheet01, n, 1, dZO): null

28-03-2025T12:22:11 - [TEST_STEP][PASSED] - setValueToCellByIndex(sheet01, n, 2, typeOfData): null

28-03-2025T12:22:11 - [TEST_STEP][PASSED] - if (typeOfData == "Факт в процентах" || typeOfData == "План в процентах"): null

28-03-2025T12:22:11 - [TEST_STEP][PASSED] - else: null

28-03-2025T12:22:11 - [TEST_STEP][PASSED] - setValueToCellByIndex(sheet01, n, 3, fileInt): null

28-03-2025T12:22:11 - [TEST_STEP][PASSED] - setValueToCellByIndex(sheet01, n, 4, "нет данных"): null

28-03-2025T12:22:11 - [TEST_STEP][PASSED] - setValueToCellByIndex(sheet01, n, 5, m): null

28-03-2025T12:22:11 - [TEST_STEP][PASSED] - setValueToCellByIndex(sheet01, n, 6, y): null

28-03-2025T12:22:11 - [TEST_STEP][PASSED] - setValueToCellByIndex(sheet01, n, 7, todaysDate): null

28-03-2025T12:22:11 - [TEST_STEP][PASSED] - n = n + 1: null

28-03-2025T12:22:11 - [TEST_STEP][PASSED] - saveWorkbook(excelFilePath, workbook01): null

28-03-2025T12:22:11 - [TEST_STEP][PASSED] - typeOfData = "План Потери": null

28-03-2025T12:22:11 - [TEST_STEP][PASSED] - fileInt = replaceAll("\s+", "").toInteger(): null

28-03-2025T12:22:11 - [TEST_STEP][PASSED] - Script1718980020443.WriteToExcelNoData(a, typeOfData, todaysDate, fileInt, fileDouble, dZO): null

28-03-2025T12:22:11 - [TEST_STEP][PASSED] - sheetName = "Sheet1": null

28-03-2025T12:22:11 - [TEST_STEP][PASSED] - data = findTestData("PlanFact"): null

28-03-2025T12:22:11 - [TEST_STEP][PASSED] - n = data.getRowNumbers() + 1: null

28-03-2025T12:22:11 - [TEST_STEP][PASSED] - day = ")).toInteger(): null

28-03-2025T12:22:11 - [TEST_STEP][PASSED] - println(day): null

28-03-2025T12:22:11 - [TEST_STEP][PASSED] - month = ")).toInteger(): null

28-03-2025T12:22:11 - [TEST_STEP][PASSED] - println(month): null

28-03-2025T12:22:11 - [TEST_STEP][PASSED] - y = <not implemented yet for class: org.codehaus.groovy.ast.expr.EmptyExpression>: null

28-03-2025T12:22:11 - [TEST_STEP][PASSED] - iy = <not implemented yet for class: org.codehaus.groovy.ast.expr.EmptyExpression>: null

28-03-2025T12:22:11 - [TEST_STEP][PASSED] - m = getText(findTestObject("Выполнение бизнес-плана/Период")): Text of object 'Object Repository/Выполнение бизнес-плана/Период' is: 'Январь 2025 года'

28-03-2025T12:22:12 - [MESSAGE][PASSED] - Text of object 'Object Repository/Выполнение бизнес-плана/Период' is: 'Январь 2025 года'

28-03-2025T12:22:12 - [TEST_STEP][PASSED] - iy = m.indexOf("20"): null

28-03-2025T12:22:12 - [TEST_STEP][PASSED] - if (iy > -1): null

28-03-2025T12:22:12 - [TEST_STEP][PASSED] - y = substring(iy, iy + 4).toInteger(): null

28-03-2025T12:22:12 - [TEST_STEP][PASSED] - println(y): null

28-03-2025T12:22:12 - [TEST_STEP][PASSED] - if (toString().length() == 4): null

28-03-2025T12:22:12 - [TEST_STEP][PASSED] - m = m.substring(0, m.indexOf(y.toString())): null

28-03-2025T12:22:12 - [TEST_STEP][PASSED] - m = m.trim(): null

28-03-2025T12:22:12 - [TEST_STEP][PASSED] - if (m == ""): null

28-03-2025T12:22:12 - [TEST_STEP][PASSED] - dashboardName = "Выполнение бизнес-плана": null

28-03-2025T12:22:12 - [TEST_STEP][PASSED] - workbook01 = getWorkbook(excelFilePath): null

28-03-2025T12:22:12 - [TEST_STEP][PASSED] - sheet01 = getExcelSheet(workbook01, sheetName): null

28-03-2025T12:22:12 - [TEST_STEP][PASSED] - setValueToCellByIndex(sheet01, n, 0, dashboardName): null

28-03-2025T12:22:12 - [TEST_STEP][PASSED] - setValueToCellByIndex(sheet01, n, 1, dZO): null

28-03-2025T12:22:12 - [TEST_STEP][PASSED] - setValueToCellByIndex(sheet01, n, 2, typeOfData): null

28-03-2025T12:22:12 - [TEST_STEP][PASSED] - if (typeOfData == "Факт в процентах" || typeOfData == "План в процентах"): null

28-03-2025T12:22:12 - [TEST_STEP][PASSED] - else: null

28-03-2025T12:22:12 - [TEST_STEP][PASSED] - setValueToCellByIndex(sheet01, n, 3, fileInt): null

28-03-2025T12:22:12 - [TEST_STEP][PASSED] - setValueToCellByIndex(sheet01, n, 4, "нет данных"): null

28-03-2025T12:22:12 - [TEST_STEP][PASSED] - setValueToCellByIndex(sheet01, n, 5, m): null

28-03-2025T12:22:12 - [TEST_STEP][PASSED] - setValueToCellByIndex(sheet01, n, 6, y): null

28-03-2025T12:22:12 - [TEST_STEP][PASSED] - setValueToCellByIndex(sheet01, n, 7, todaysDate): null

28-03-2025T12:22:12 - [TEST_STEP][PASSED] - n = n + 1: null

28-03-2025T12:22:12 - [TEST_STEP][PASSED] - saveWorkbook(excelFilePath, workbook01): null

28-03-2025T12:22:12 - [TEST_STEP][PASSED] - typeOfData = "План в процентах": null

28-03-2025T12:22:12 - [TEST_STEP][PASSED] - fileDouble = ").toDouble(): null

28-03-2025T12:22:12 - [TEST_STEP][PASSED] - Script1718980020443.WriteToExcelNoData(a, typeOfData, todaysDate, fileInt, fileDouble, dZO): null

28-03-2025T12:22:12 - [TEST_STEP][PASSED] - sheetName = "Sheet1": null

28-03-2025T12:22:12 - [TEST_STEP][PASSED] - data = findTestData("PlanFact"): null

28-03-2025T12:22:12 - [TEST_STEP][PASSED] - n = data.getRowNumbers() + 1: null

28-03-2025T12:22:12 - [TEST_STEP][PASSED] - day = ")).toInteger(): null

28-03-2025T12:22:12 - [TEST_STEP][PASSED] - println(day): null

28-03-2025T12:22:12 - [TEST_STEP][PASSED] - month = ")).toInteger(): null

28-03-2025T12:22:12 - [TEST_STEP][PASSED] - println(month): null

28-03-2025T12:22:12 - [TEST_STEP][PASSED] - y = <not implemented yet for class: org.codehaus.groovy.ast.expr.EmptyExpression>: null

28-03-2025T12:22:12 - [TEST_STEP][PASSED] - iy = <not implemented yet for class: org.codehaus.groovy.ast.expr.EmptyExpression>: null

28-03-2025T12:22:12 - [TEST_STEP][PASSED] - m = getText(findTestObject("Выполнение бизнес-плана/Период")): Text of object 'Object Repository/Выполнение бизнес-плана/Период' is: 'Январь 2025 года'

28-03-2025T12:22:12 - [MESSAGE][PASSED] - Text of object 'Object Repository/Выполнение бизнес-плана/Период' is: 'Январь 2025 года'

28-03-2025T12:22:12 - [TEST_STEP][PASSED] - iy = m.indexOf("20"): null

28-03-2025T12:22:12 - [TEST_STEP][PASSED] - if (iy > -1): null

28-03-2025T12:22:12 - [TEST_STEP][PASSED] - y = substring(iy, iy + 4).toInteger(): null

28-03-2025T12:22:12 - [TEST_STEP][PASSED] - println(y): null

28-03-2025T12:22:12 - [TEST_STEP][PASSED] - if (toString().length() == 4): null

28-03-2025T12:22:12 - [TEST_STEP][PASSED] - m = m.substring(0, m.indexOf(y.toString())): null

28-03-2025T12:22:12 - [TEST_STEP][PASSED] - m = m.trim(): null

28-03-2025T12:22:12 - [TEST_STEP][PASSED] - if (m == ""): null

28-03-2025T12:22:12 - [TEST_STEP][PASSED] - dashboardName = "Выполнение бизнес-плана": null

28-03-2025T12:22:12 - [TEST_STEP][PASSED] - workbook01 = getWorkbook(excelFilePath): null

28-03-2025T12:22:12 - [TEST_STEP][PASSED] - sheet01 = getExcelSheet(workbook01, sheetName): null

28-03-2025T12:22:12 - [TEST_STEP][PASSED] - setValueToCellByIndex(sheet01, n, 0, dashboardName): null

28-03-2025T12:22:12 - [TEST_STEP][PASSED] - setValueToCellByIndex(sheet01, n, 1, dZO): null

28-03-2025T12:22:12 - [TEST_STEP][PASSED] - setValueToCellByIndex(sheet01, n, 2, typeOfData): null

28-03-2025T12:22:12 - [TEST_STEP][PASSED] - if (typeOfData == "Факт в процентах" || typeOfData == "План в процентах"): null

28-03-2025T12:22:12 - [TEST_STEP][PASSED] - setValueToCellByIndex(sheet01, n, 3, fileDouble): null

28-03-2025T12:22:12 - [TEST_STEP][PASSED] - setValueToCellByIndex(sheet01, n, 4, "нет данных"): null

28-03-2025T12:22:12 - [TEST_STEP][PASSED] - setValueToCellByIndex(sheet01, n, 5, m): null

28-03-2025T12:22:12 - [TEST_STEP][PASSED] - setValueToCellByIndex(sheet01, n, 6, y): null

28-03-2025T12:22:12 - [TEST_STEP][PASSED] - setValueToCellByIndex(sheet01, n, 7, todaysDate): null

28-03-2025T12:22:12 - [TEST_STEP][PASSED] - n = n + 1: null

28-03-2025T12:22:12 - [TEST_STEP][PASSED] - saveWorkbook(excelFilePath, workbook01): null

28-03-2025T12:22:12 - [TEST_STEP][PASSED] - typeOfData = "Факт в процентах": null

28-03-2025T12:22:12 - [TEST_STEP][PASSED] - fileDouble = ").toDouble(): null

28-03-2025T12:22:13 - [TEST_STEP][PASSED] - Script1718980020443.WriteToExcelNoData(a, typeOfData, todaysDate, fileInt, fileDouble, dZO): null

28-03-2025T12:22:13 - [TEST_STEP][PASSED] - sheetName = "Sheet1": null

28-03-2025T12:22:13 - [TEST_STEP][PASSED] - data = findTestData("PlanFact"): null

28-03-2025T12:22:13 - [TEST_STEP][PASSED] - n = data.getRowNumbers() + 1: null

28-03-2025T12:22:13 - [TEST_STEP][PASSED] - day = ")).toInteger(): null

28-03-2025T12:22:13 - [TEST_STEP][PASSED] - println(day): null

28-03-2025T12:22:13 - [TEST_STEP][PASSED] - month = ")).toInteger(): null

28-03-2025T12:22:13 - [TEST_STEP][PASSED] - println(month): null

28-03-2025T12:22:13 - [TEST_STEP][PASSED] - y = <not implemented yet for class: org.codehaus.groovy.ast.expr.EmptyExpression>: null

28-03-2025T12:22:13 - [TEST_STEP][PASSED] - iy = <not implemented yet for class: org.codehaus.groovy.ast.expr.EmptyExpression>: null

28-03-2025T12:22:13 - [TEST_STEP][PASSED] - m = getText(findTestObject("Выполнение бизнес-плана/Период")): Text of object 'Object Repository/Выполнение бизнес-плана/Период' is: 'Январь 2025 года'

28-03-2025T12:22:13 - [MESSAGE][PASSED] - Text of object 'Object Repository/Выполнение бизнес-плана/Период' is: 'Январь 2025 года'

28-03-2025T12:22:13 - [TEST_STEP][PASSED] - iy = m.indexOf("20"): null

28-03-2025T12:22:13 - [TEST_STEP][PASSED] - if (iy > -1): null

28-03-2025T12:22:13 - [TEST_STEP][PASSED] - y = substring(iy, iy + 4).toInteger(): null

28-03-2025T12:22:13 - [TEST_STEP][PASSED] - println(y): null

28-03-2025T12:22:13 - [TEST_STEP][PASSED] - if (toString().length() == 4): null

28-03-2025T12:22:13 - [TEST_STEP][PASSED] - m = m.substring(0, m.indexOf(y.toString())): null

28-03-2025T12:22:13 - [TEST_STEP][PASSED] - m = m.trim(): null

28-03-2025T12:22:13 - [TEST_STEP][PASSED] - if (m == ""): null

28-03-2025T12:22:13 - [TEST_STEP][PASSED] - dashboardName = "Выполнение бизнес-плана": null

28-03-2025T12:22:13 - [TEST_STEP][PASSED] - workbook01 = getWorkbook(excelFilePath): null

28-03-2025T12:22:13 - [TEST_STEP][PASSED] - sheet01 = getExcelSheet(workbook01, sheetName): null

28-03-2025T12:22:13 - [TEST_STEP][PASSED] - setValueToCellByIndex(sheet01, n, 0, dashboardName): null

28-03-2025T12:22:13 - [TEST_STEP][PASSED] - setValueToCellByIndex(sheet01, n, 1, dZO): null

28-03-2025T12:22:13 - [TEST_STEP][PASSED] - setValueToCellByIndex(sheet01, n, 2, typeOfData): null

28-03-2025T12:22:13 - [TEST_STEP][PASSED] - if (typeOfData == "Факт в процентах" || typeOfData == "План в процентах"): null

28-03-2025T12:22:13 - [TEST_STEP][PASSED] - setValueToCellByIndex(sheet01, n, 3, fileDouble): null

28-03-2025T12:22:13 - [TEST_STEP][PASSED] - setValueToCellByIndex(sheet01, n, 4, "нет данных"): null

28-03-2025T12:22:13 - [TEST_STEP][PASSED] - setValueToCellByIndex(sheet01, n, 5, m): null

28-03-2025T12:22:13 - [TEST_STEP][PASSED] - setValueToCellByIndex(sheet01, n, 6, y): null

28-03-2025T12:22:13 - [TEST_STEP][PASSED] - setValueToCellByIndex(sheet01, n, 7, todaysDate): null

28-03-2025T12:22:13 - [TEST_STEP][PASSED] - n = n + 1: null

28-03-2025T12:22:13 - [TEST_STEP][PASSED] - saveWorkbook(excelFilePath, workbook01): null

28-03-2025T12:22:13 - [TEST_STEP][PASSED] - println(dzoNum): null

28-03-2025T12:22:13 - [TEST_STEP][PASSED] - dZO = "Россети Юг": null

28-03-2025T12:22:13 - [TEST_STEP][PASSED] - a = 59: null

28-03-2025T12:22:13 - [TEST_STEP][PASSED] - if (x1.contains("Юг")): null

28-03-2025T12:22:13 - [TEST_STEP][PASSED] - dzoNum = dzoNum + 1: null

28-03-2025T12:22:13 - [TEST_STEP][PASSED] - Script1718980020443.Numbers(a, typeOfData, todaysDate, pageInt, fileInt, pageDouble, fileDouble, dZO, dzoNum, filialNum): null

28-03-2025T12:22:13 - [TEST_STEP][PASSED] - println(dzoNum): null

28-03-2025T12:22:13 - [TEST_STEP][PASSED] - planFact = <not implemented yet for class: org.codehaus.groovy.ast.expr.EmptyExpression>: null

28-03-2025T12:22:13 - [TEST_STEP][PASSED] - page = <not implemented yet for class: org.codehaus.groovy.ast.expr.EmptyExpression>: null

28-03-2025T12:22:13 - [TEST_STEP][PASSED] - page1 = <not implemented yet for class: org.codehaus.groovy.ast.expr.EmptyExpression>: null

28-03-2025T12:22:13 - [TEST_STEP][PASSED] - page2 = <not implemented yet for class: org.codehaus.groovy.ast.expr.EmptyExpression>: null

28-03-2025T12:22:13 - [TEST_STEP][PASSED] - filialNumberInRow = <not implemented yet for class: org.codehaus.groovy.ast.expr.EmptyExpression>: null

28-03-2025T12:22:13 - [TEST_STEP][PASSED] - filialsDzoNames = <not implemented yet for class: org.codehaus.groovy.ast.expr.EmptyExpression>: null

28-03-2025T12:22:13 - [TEST_STEP][PASSED] - numberOfFilials = <not implemented yet for class: org.codehaus.groovy.ast.expr.EmptyExpression>: null

28-03-2025T12:22:13 - [TEST_STEP][PASSED] - numberOfSpaces = <not implemented yet for class: org.codehaus.groovy.ast.expr.EmptyExpression>: null

28-03-2025T12:22:13 - [TEST_STEP][PASSED] - file = <not implemented yet for class: org.codehaus.groovy.ast.expr.EmptyExpression>: null

28-03-2025T12:22:13 - [TEST_STEP][PASSED] - otpusk = <not implemented yet for class: org.codehaus.groovy.ast.expr.EmptyExpression>: null

28-03-2025T12:22:13 - [TEST_STEP][PASSED] - poteri = <not implemented yet for class: org.codehaus.groovy.ast.expr.EmptyExpression>: null

28-03-2025T12:22:13 - [TEST_STEP][PASSED] - dataFolder = "Выполнение бизнес-плана/Значения со страницы Выполнение бизнес-плана/": null

28-03-2025T12:22:13 - [TEST_STEP][PASSED] - path = <not implemented yet for class: org.codehaus.groovy.ast.expr.EmptyExpression>: null

28-03-2025T12:22:13 - [TEST_STEP][PASSED] - typeOfDataMain = <not implemented yet for class: org.codehaus.groovy.ast.expr.EmptyExpression>: null

28-03-2025T12:22:13 - [TEST_STEP][PASSED] - fileOtpuskVSet = <not implemented yet for class: org.codehaus.groovy.ast.expr.EmptyExpression>: null

28-03-2025T12:22:13 - [TEST_STEP][PASSED] - pageOtpuskVSet = <not implemented yet for class: org.codehaus.groovy.ast.expr.EmptyExpression>: null

28-03-2025T12:22:13 - [TEST_STEP][PASSED] - filePoteri = <not implemented yet for class: org.codehaus.groovy.ast.expr.EmptyExpression>: null

28-03-2025T12:22:13 - [TEST_STEP][PASSED] - pagePoteri = <not implemented yet for class: org.codehaus.groovy.ast.expr.EmptyExpression>: null

28-03-2025T12:22:13 - [TEST_STEP][PASSED] - compare = <not implemented yet for class: org.codehaus.groovy.ast.expr.EmptyExpression>: null

28-03-2025T12:22:13 - [TEST_STEP][PASSED] - b = <not implemented yet for class: org.codehaus.groovy.ast.expr.EmptyExpression>: null

28-03-2025T12:22:13 - [TEST_STEP][PASSED] - i = <not implemented yet for class: org.codehaus.groovy.ast.expr.EmptyExpression>: null

28-03-2025T12:22:13 - [TEST_STEP][PASSED] - ii = <not implemented yet for class: org.codehaus.groovy.ast.expr.EmptyExpression>: null

28-03-2025T12:22:13 - [TEST_STEP][PASSED] - c = <not implemented yet for class: org.codehaus.groovy.ast.expr.EmptyExpression>: null

28-03-2025T12:22:13 - [TEST_STEP][PASSED] - numberOfErrors = 0: null

28-03-2025T12:22:13 - [TEST_STEP][PASSED] - if (a == 82): null

28-03-2025T12:22:13 - [TEST_STEP][PASSED] - b = findTestData("PlanFact").getValue(1, a): null

28-03-2025T12:22:13 - [TEST_STEP][PASSED] - i = b.indexOf(" (ГК)"): null

28-03-2025T12:22:13 - [TEST_STEP][PASSED] - if (i > -1): null

28-03-2025T12:22:13 - [TEST_STEP][PASSED] - b = b.substring(0, i): null

28-03-2025T12:22:13 - [TEST_STEP][PASSED] - i = b.indexOf("О ""): null

28-03-2025T12:22:13 - [TEST_STEP][PASSED] - if (i > -1): null

28-03-2025T12:22:13 - [TEST_STEP][PASSED] - i = b.indexOf("О «"): null

28-03-2025T12:22:13 - [TEST_STEP][PASSED] - if (i > -1): null

28-03-2025T12:22:13 - [TEST_STEP][PASSED] - i = b.indexOf("г. "): null

28-03-2025T12:22:13 - [TEST_STEP][PASSED] - if (i > -1): null

28-03-2025T12:22:13 - [TEST_STEP][PASSED] - b = b.trim(): null

28-03-2025T12:22:13 - [TEST_STEP][PASSED] - println(b): null

28-03-2025T12:22:13 - [TEST_STEP][PASSED] - for ([planFact = 1, planFact < 3, (planFact++)]): null

28-03-2025T12:22:13 - [TEST_STEP][PASSED] - if (planFact == 1): null

28-03-2025T12:22:13 - [TEST_STEP][PASSED] - typeOfDataMain = "Факт": null

28-03-2025T12:22:13 - [TEST_STEP][PASSED] - otpusk = findTestData("PlanFact").getValue(5, a): null

28-03-2025T12:22:13 - [TEST_STEP][PASSED] - poteri = findTestData("PlanFact").getValue(6, a): null

28-03-2025T12:22:13 - [TEST_STEP][PASSED] - otpusk = otpusk.replaceAll("\s+", ""): null

28-03-2025T12:22:13 - [TEST_STEP][PASSED] - poteri = poteri.replaceAll("\s+", ""): null

28-03-2025T12:22:13 - [TEST_STEP][PASSED] - typeOfData = typeOfDataMain + " Отпуск в сеть": null

28-03-2025T12:22:13 - [TEST_STEP][PASSED] - if (a == 82): null

28-03-2025T12:22:13 - [TEST_STEP][PASSED] - else if (a == 84): null

28-03-2025T12:22:13 - [TEST_STEP][PASSED] - else if (a == 83 || a == 52 || a == 72 || a == 28 || a == 73 || a == 77 || a == 74 || a == 65 || a == 36 || a == 44 || a == 53 || a == 80 || a == 54 || a == 1 || a == 18 || a == 59 || a == 81): null

28-03-2025T12:22:13 - [TEST_STEP][PASSED] - path = dataFolder + "Table Data/" + typeOfData + " за отчётный период " + dzoNum: null

28-03-2025T12:22:13 - [TEST_STEP][PASSED] - println(path): null

28-03-2025T12:22:13 - [TEST_STEP][PASSED] - page = getText(findTestObject(path)): Text of object 'Object Repository/Выполнение бизнес-плана/Значения со страницы Выполнение бизнес-плана/Table Data/Факт Отпуск в сеть за отчётный период 7' is: '3 467 484'

28-03-2025T12:22:14 - [MESSAGE][PASSED] - Text of object 'Object Repository/Выполнение бизнес-плана/Значения со страницы Выполнение бизнес-плана/Table Data/Факт Отпуск в сеть за отчётный период 7' is: '3 467 484'

28-03-2025T12:22:14 - [TEST_STEP][PASSED] - if (page == "" || page == null): null

28-03-2025T12:22:14 - [TEST_STEP][PASSED] - else: null

28-03-2025T12:22:14 - [TEST_STEP][PASSED] - page = page.replaceAll("\s+", ""): null

28-03-2025T12:22:14 - [TEST_STEP][PASSED] - if (page == "undefined"): null

28-03-2025T12:22:14 - [TEST_STEP][PASSED] - fileOtpuskVSet = otpusk.toInteger(): null

28-03-2025T12:22:14 - [TEST_STEP][PASSED] - pageOtpuskVSet = page.toInteger(): null

28-03-2025T12:22:14 - [TEST_STEP][PASSED] - typeOfData = typeOfDataMain + " Потери": null

28-03-2025T12:22:14 - [TEST_STEP][PASSED] - if (a == 82): null

28-03-2025T12:22:14 - [TEST_STEP][PASSED] - else if (a == 84): null

28-03-2025T12:22:14 - [TEST_STEP][PASSED] - else if (a == 83 || a == 52 || a == 72 || a == 28 || a == 73 || a == 77 || a == 74 || a == 65 || a == 44 || a == 53 || a == 80 || a == 54 || a == 1 || a == 18 || a == 59 || a == 81): null

28-03-2025T12:22:14 - [TEST_STEP][PASSED] - path = dataFolder + "Table Data/" + typeOfData + " за отчётный период " + dzoNum: null

28-03-2025T12:22:14 - [TEST_STEP][PASSED] - page = getText(findTestObject(path)): Text of object 'Object Repository/Выполнение бизнес-плана/Значения со страницы Выполнение бизнес-плана/Table Data/Факт Потери за отчётный период 7' is: '2 266 831'

28-03-2025T12:22:14 - [MESSAGE][PASSED] - Text of object 'Object Repository/Выполнение бизнес-плана/Значения со страницы Выполнение бизнес-плана/Table Data/Факт Потери за отчётный период 7' is: '2 266 831'

28-03-2025T12:22:14 - [TEST_STEP][PASSED] - if (page == "" || page == null): null

28-03-2025T12:22:14 - [TEST_STEP][PASSED] - else: null

28-03-2025T12:22:14 - [TEST_STEP][PASSED] - page = page.replaceAll("\s+", ""): null

28-03-2025T12:22:14 - [TEST_STEP][PASSED] - if (page == "undefined"): null

28-03-2025T12:22:14 - [TEST_STEP][PASSED] - filePoteri = poteri.toInteger(): null

28-03-2025T12:22:14 - [TEST_STEP][PASSED] - pagePoteri = page.toInteger(): null

28-03-2025T12:22:14 - [TEST_STEP][PASSED] - compare = pageOtpuskVSet: null

28-03-2025T12:22:14 - [TEST_STEP][PASSED] - if (pageOtpuskVSet != null): null

28-03-2025T12:22:14 - [TEST_STEP][PASSED] - if (compare == fileOtpuskVSet): null

28-03-2025T12:22:14 - [TEST_STEP][PASSED] - else if (compare > fileOtpuskVSet): null

28-03-2025T12:22:14 - [TEST_STEP][PASSED] - compare = compare - 1: null

28-03-2025T12:22:14 - [TEST_STEP][PASSED] - if (compare == fileOtpuskVSet): null

28-03-2025T12:22:14 - [TEST_STEP][PASSED] - else: null

28-03-2025T12:22:14 - [TEST_STEP][PASSED] - numberOfErrors = numberOfErrors + 1: null

28-03-2025T12:22:14 - [TEST_STEP][PASSED] - pageInt = pageOtpuskVSet: null

28-03-2025T12:22:14 - [TEST_STEP][PASSED] - fileInt = fileOtpuskVSet: null

28-03-2025T12:22:14 - [TEST_STEP][PASSED] - typeOfData = typeOfDataMain + " Отпуск в сеть": null

28-03-2025T12:22:14 - [TEST_STEP][PASSED] - Script1718980020443.WriteToExcel(a, typeOfData, todaysDate, pageInt, fileInt, pageDouble, fileDouble, dZO): null

28-03-2025T12:22:14 - [TEST_STEP][PASSED] - sheetName = "Sheet1": null

28-03-2025T12:22:14 - [TEST_STEP][PASSED] - data = findTestData("PlanFact"): null

28-03-2025T12:22:14 - [TEST_STEP][PASSED] - n = data.getRowNumbers() + 1: null

28-03-2025T12:22:14 - [TEST_STEP][PASSED] - day = ")).toInteger(): null

28-03-2025T12:22:14 - [TEST_STEP][PASSED] - println(day): null

28-03-2025T12:22:14 - [TEST_STEP][PASSED] - month = ")).toInteger(): null

28-03-2025T12:22:14 - [TEST_STEP][PASSED] - println(month): null

28-03-2025T12:22:14 - [TEST_STEP][PASSED] - y = <not implemented yet for class: org.codehaus.groovy.ast.expr.EmptyExpression>: null

28-03-2025T12:22:14 - [TEST_STEP][PASSED] - iy = <not implemented yet for class: org.codehaus.groovy.ast.expr.EmptyExpression>: null

28-03-2025T12:22:14 - [TEST_STEP][PASSED] - m = getText(findTestObject("Выполнение бизнес-плана/Период")): Text of object 'Object Repository/Выполнение бизнес-плана/Период' is: 'Январь 2025 года'

28-03-2025T12:22:14 - [MESSAGE][PASSED] - Text of object 'Object Repository/Выполнение бизнес-плана/Период' is: 'Январь 2025 года'

28-03-2025T12:22:14 - [TEST_STEP][PASSED] - iy = m.indexOf("20"): null

28-03-2025T12:22:14 - [TEST_STEP][PASSED] - if (iy > -1): null

28-03-2025T12:22:14 - [TEST_STEP][PASSED] - y = substring(iy, iy + 4).toInteger(): null

28-03-2025T12:22:14 - [TEST_STEP][PASSED] - println(y): null

28-03-2025T12:22:14 - [TEST_STEP][PASSED] - if (toString().length() == 4): null

28-03-2025T12:22:14 - [TEST_STEP][PASSED] - m = m.substring(0, m.indexOf(y.toString())): null

28-03-2025T12:22:14 - [TEST_STEP][PASSED] - m = m.trim(): null

28-03-2025T12:22:14 - [TEST_STEP][PASSED] - if (m == ""): null

28-03-2025T12:22:14 - [TEST_STEP][PASSED] - dashboardName = "Выполнение бизнес-плана": null

28-03-2025T12:22:14 - [TEST_STEP][PASSED] - workbook01 = getWorkbook(excelFilePath): null

28-03-2025T12:22:14 - [TEST_STEP][PASSED] - sheet01 = getExcelSheet(workbook01, sheetName): null

28-03-2025T12:22:14 - [TEST_STEP][PASSED] - setValueToCellByIndex(sheet01, n, 0, dashboardName): null

28-03-2025T12:22:14 - [TEST_STEP][PASSED] - setValueToCellByIndex(sheet01, n, 1, dZO): null

28-03-2025T12:22:14 - [TEST_STEP][PASSED] - setValueToCellByIndex(sheet01, n, 2, typeOfData): null

28-03-2025T12:22:14 - [TEST_STEP][PASSED] - if (typeOfData == "Факт в процентах" || typeOfData == "План в процентах"): null

28-03-2025T12:22:14 - [TEST_STEP][PASSED] - else: null

28-03-2025T12:22:14 - [TEST_STEP][PASSED] - setValueToCellByIndex(sheet01, n, 3, fileInt): null

28-03-2025T12:22:14 - [TEST_STEP][PASSED] - setValueToCellByIndex(sheet01, n, 4, pageInt): null

28-03-2025T12:22:14 - [TEST_STEP][PASSED] - setValueToCellByIndex(sheet01, n, 5, m): null

28-03-2025T12:22:14 - [TEST_STEP][PASSED] - setValueToCellByIndex(sheet01, n, 6, y): null

28-03-2025T12:22:14 - [TEST_STEP][PASSED] - setValueToCellByIndex(sheet01, n, 7, todaysDate): null

28-03-2025T12:22:14 - [TEST_STEP][PASSED] - n = n + 1: null

28-03-2025T12:22:14 - [TEST_STEP][PASSED] - saveWorkbook(excelFilePath, workbook01): null

28-03-2025T12:22:15 - [TEST_STEP][PASSED] - compare = pagePoteri: null

28-03-2025T12:22:15 - [TEST_STEP][PASSED] - if (pageOtpuskVSet != null): null

28-03-2025T12:22:15 - [TEST_STEP][PASSED] - if (compare == filePoteri): null

28-03-2025T12:22:15 - [TEST_STEP][PASSED] - else if (compare > filePoteri): null

28-03-2025T12:22:15 - [TEST_STEP][PASSED] - compare = compare - 1: null

28-03-2025T12:22:15 - [TEST_STEP][PASSED] - if (compare == filePoteri): null

28-03-2025T12:22:15 - [TEST_STEP][PASSED] - else: null

28-03-2025T12:22:15 - [TEST_STEP][PASSED] - numberOfErrors = numberOfErrors + 1: null

28-03-2025T12:22:15 - [TEST_STEP][PASSED] - pageInt = pagePoteri: null

28-03-2025T12:22:15 - [TEST_STEP][PASSED] - fileInt = filePoteri: null

28-03-2025T12:22:15 - [TEST_STEP][PASSED] - typeOfData = typeOfDataMain + " Потери": null

28-03-2025T12:22:15 - [TEST_STEP][PASSED] - Script1718980020443.WriteToExcel(a, typeOfData, todaysDate, pageInt, fileInt, pageDouble, fileDouble, dZO): null

28-03-2025T12:22:15 - [TEST_STEP][PASSED] - sheetName = "Sheet1": null

28-03-2025T12:22:15 - [TEST_STEP][PASSED] - data = findTestData("PlanFact"): null

28-03-2025T12:22:15 - [TEST_STEP][PASSED] - n = data.getRowNumbers() + 1: null

28-03-2025T12:22:15 - [TEST_STEP][PASSED] - day = ")).toInteger(): null

28-03-2025T12:22:15 - [TEST_STEP][PASSED] - println(day): null

28-03-2025T12:22:15 - [TEST_STEP][PASSED] - month = ")).toInteger(): null

28-03-2025T12:22:15 - [TEST_STEP][PASSED] - println(month): null

28-03-2025T12:22:15 - [TEST_STEP][PASSED] - y = <not implemented yet for class: org.codehaus.groovy.ast.expr.EmptyExpression>: null

28-03-2025T12:22:15 - [TEST_STEP][PASSED] - iy = <not implemented yet for class: org.codehaus.groovy.ast.expr.EmptyExpression>: null

28-03-2025T12:22:15 - [TEST_STEP][PASSED] - m = getText(findTestObject("Выполнение бизнес-плана/Период")): Text of object 'Object Repository/Выполнение бизнес-плана/Период' is: 'Январь 2025 года'

28-03-2025T12:22:15 - [MESSAGE][PASSED] - Text of object 'Object Repository/Выполнение бизнес-плана/Период' is: 'Январь 2025 года'

28-03-2025T12:22:15 - [TEST_STEP][PASSED] - iy = m.indexOf("20"): null

28-03-2025T12:22:15 - [TEST_STEP][PASSED] - if (iy > -1): null

28-03-2025T12:22:15 - [TEST_STEP][PASSED] - y = substring(iy, iy + 4).toInteger(): null

28-03-2025T12:22:15 - [TEST_STEP][PASSED] - println(y): null

28-03-2025T12:22:15 - [TEST_STEP][PASSED] - if (toString().length() == 4): null

28-03-2025T12:22:15 - [TEST_STEP][PASSED] - m = m.substring(0, m.indexOf(y.toString())): null

28-03-2025T12:22:15 - [TEST_STEP][PASSED] - m = m.trim(): null

28-03-2025T12:22:15 - [TEST_STEP][PASSED] - if (m == ""): null

28-03-2025T12:22:15 - [TEST_STEP][PASSED] - dashboardName = "Выполнение бизнес-плана": null

28-03-2025T12:22:15 - [TEST_STEP][PASSED] - workbook01 = getWorkbook(excelFilePath): null

28-03-2025T12:22:15 - [TEST_STEP][PASSED] - sheet01 = getExcelSheet(workbook01, sheetName): null

28-03-2025T12:22:15 - [TEST_STEP][PASSED] - setValueToCellByIndex(sheet01, n, 0, dashboardName): null

28-03-2025T12:22:15 - [TEST_STEP][PASSED] - setValueToCellByIndex(sheet01, n, 1, dZO): null

28-03-2025T12:22:15 - [TEST_STEP][PASSED] - setValueToCellByIndex(sheet01, n, 2, typeOfData): null

28-03-2025T12:22:15 - [TEST_STEP][PASSED] - if (typeOfData == "Факт в процентах" || typeOfData == "План в процентах"): null

28-03-2025T12:22:15 - [TEST_STEP][PASSED] - else: null

28-03-2025T12:22:15 - [TEST_STEP][PASSED] - setValueToCellByIndex(sheet01, n, 3, fileInt): null

28-03-2025T12:22:15 - [TEST_STEP][PASSED] - setValueToCellByIndex(sheet01, n, 4, pageInt): null

28-03-2025T12:22:15 - [TEST_STEP][PASSED] - setValueToCellByIndex(sheet01, n, 5, m): null

28-03-2025T12:22:15 - [TEST_STEP][PASSED] - setValueToCellByIndex(sheet01, n, 6, y): null

28-03-2025T12:22:15 - [TEST_STEP][PASSED] - setValueToCellByIndex(sheet01, n, 7, todaysDate): null

28-03-2025T12:22:15 - [TEST_STEP][PASSED] - n = n + 1: null

28-03-2025T12:22:15 - [TEST_STEP][FAILED] - saveWorkbook(excelFilePath, workbook01): null

28-03-2025T12:22:15 - [TEST_STEP][PASSED] - if (planFact == 2): null

28-03-2025T12:22:15 - [TEST_STEP][PASSED] - if (planFact == 1): null

28-03-2025T12:22:15 - [TEST_STEP][PASSED] - else if (planFact == 2): null

28-03-2025T12:22:15 - [TEST_STEP][PASSED] - click(findTestObject("Выполнение бизнес-плана/Кнопка План")): Object: 'Object Repository/Выполнение бизнес-плана/Кнопка План' is clicked on

28-03-2025T12:22:16 - [MESSAGE][PASSED] - Object: 'Object Repository/Выполнение бизнес-плана/Кнопка План' is clicked on

28-03-2025T12:22:16 - [TEST_STEP][PASSED] - typeOfDataMain = "План": null

28-03-2025T12:22:16 - [TEST_STEP][PASSED] - otpusk = findTestData("PlanFact").getValue(2, a): null

28-03-2025T12:22:16 - [TEST_STEP][PASSED] - poteri = findTestData("PlanFact").getValue(3, a): null

28-03-2025T12:22:16 - [TEST_STEP][PASSED] - otpusk = otpusk.replaceAll("\s+", ""): null

28-03-2025T12:22:16 - [TEST_STEP][PASSED] - poteri = poteri.replaceAll("\s+", ""): null

28-03-2025T12:22:16 - [TEST_STEP][PASSED] - typeOfData = typeOfDataMain + " Отпуск в сеть": null

28-03-2025T12:22:16 - [TEST_STEP][PASSED] - if (a == 82): null

28-03-2025T12:22:16 - [TEST_STEP][PASSED] - else if (a == 84): null

28-03-2025T12:22:16 - [TEST_STEP][PASSED] - else if (a == 83 || a == 52 || a == 72 || a == 28 || a == 73 || a == 77 || a == 74 || a == 65 || a == 36 || a == 44 || a == 53 || a == 80 || a == 54 || a == 1 || a == 18 || a == 59 || a == 81): null

28-03-2025T12:22:16 - [TEST_STEP][PASSED] - path = dataFolder + "Table Data/" + typeOfData + " за отчётный период " + dzoNum: null

28-03-2025T12:22:16 - [TEST_STEP][PASSED] - println(path): null

28-03-2025T12:22:16 - [TEST_STEP][PASSED] - page = getText(findTestObject(path)): Text of object 'Object Repository/Выполнение бизнес-плана/Значения со страницы Выполнение бизнес-плана/Table Data/План Отпуск в сеть за отчётный период 7' is: '3 760 351'

28-03-2025T12:22:16 - [MESSAGE][PASSED] - Text of object 'Object Repository/Выполнение бизнес-плана/Значения со страницы Выполнение бизнес-плана/Table Data/План Отпуск в сеть за отчётный период 7' is: '3 760 351'

28-03-2025T12:22:16 - [TEST_STEP][PASSED] - if (page == "" || page == null): null

28-03-2025T12:22:16 - [TEST_STEP][PASSED] - else: null

28-03-2025T12:22:16 - [TEST_STEP][PASSED] - page = page.replaceAll("\s+", ""): null

28-03-2025T12:22:16 - [TEST_STEP][PASSED] - if (page == "undefined"): null

28-03-2025T12:22:16 - [TEST_STEP][PASSED] - fileOtpuskVSet = otpusk.toInteger(): null

28-03-2025T12:22:16 - [TEST_STEP][PASSED] - pageOtpuskVSet = page.toInteger(): null

28-03-2025T12:22:16 - [TEST_STEP][PASSED] - typeOfData = typeOfDataMain + " Потери": null

28-03-2025T12:22:16 - [TEST_STEP][PASSED] - if (a == 82): null

28-03-2025T12:22:16 - [TEST_STEP][PASSED] - else if (a == 84): null

28-03-2025T12:22:16 - [TEST_STEP][PASSED] - else if (a == 83 || a == 52 || a == 72 || a == 28 || a == 73 || a == 77 || a == 74 || a == 65 || a == 44 || a == 53 || a == 80 || a == 54 || a == 1 || a == 18 || a == 59 || a == 81): null

28-03-2025T12:22:16 - [TEST_STEP][PASSED] - path = dataFolder + "Table Data/" + typeOfData + " за отчётный период " + dzoNum: null

28-03-2025T12:22:16 - [TEST_STEP][FAILED] - page = getText(findTestObject(path)): Unable to get text of object 'Object Repository/Выполнение бизнес-плана/Значения со страницы Выполнение бизнес-плана/Table Data/План Потери за отчётный период 7' (Root cause: com.kms.katalon.core.exception.StepFailedException: Unable to get text of object 'Object Repository/Выполнение бизнес-плана/Значения со страницы Выполнение бизнес-плана/Table Data/План Потери за отчётный период 7'
	at com.kms.katalon.core.webui.keyword.internal.WebUIKeywordMain.stepFailed(WebUIKeywordMain.groovy:64)
	at com.kms.katalon.core.webui.keyword.internal.WebUIKeywordMain.runKeyword(WebUIKeywordMain.groovy:26)
	at com.kms.katalon.core.webui.keyword.builtin.GetTextKeyword.getText(GetTextKeyword.groovy:88)
	at com.kms.katalon.core.webui.keyword.builtin.GetTextKeyword.execute(GetTextKeyword.groovy:67)
	at com.kms.katalon.core.keyword.internal.KeywordExecutor.executeKeywordForPlatform(KeywordExecutor.groovy:74)
	at com.kms.katalon.core.webui.keyword.WebUiBuiltInKeywords.getText(WebUiBuiltInKeywords.groovy:957)
	at Выполнение бизнес-плана Сверка ПАО Россети все филиалы.Numbers(Выполнение бизнес-плана Сверка ПАО Россети все филиалы:594)
	at Выполнение бизнес-плана Сверка ПАО Россети все филиалы.run(Выполнение бизнес-плана Сверка ПАО Россети все филиалы:399)
	at com.kms.katalon.core.main.ScriptEngine.run(ScriptEngine.java:194)
	at com.kms.katalon.core.main.ScriptEngine.runScriptAsRawText(ScriptEngine.java:119)
	at com.kms.katalon.core.main.TestCaseExecutor.runScript(TestCaseExecutor.java:448)
	at com.kms.katalon.core.main.TestCaseExecutor.doExecute(TestCaseExecutor.java:439)
	at com.kms.katalon.core.main.TestCaseExecutor.processExecutionPhase(TestCaseExecutor.java:418)
	at com.kms.katalon.core.main.TestCaseExecutor.accessMainPhase(TestCaseExecutor.java:410)
	at com.kms.katalon.core.main.TestCaseExecutor.execute(TestCaseExecutor.java:285)
	at com.kms.katalon.core.common.CommonExecutor.accessTestCaseMainPhase(CommonExecutor.java:65)
	at com.kms.katalon.core.main.TestSuiteExecutor.accessTestSuiteMainPhase(TestSuiteExecutor.java:150)
	at com.kms.katalon.core.main.TestSuiteExecutor.execute(TestSuiteExecutor.java:106)
	at com.kms.katalon.core.main.TestCaseMain.startTestSuite(TestCaseMain.java:180)
	at TempTestSuite1743137207280.run(TempTestSuite1743137207280.groovy:35)
	at java.base/jdk.internal.reflect.NativeMethodAccessorImpl.invoke0(Native Method)
	at java.base/jdk.internal.reflect.NativeMethodAccessorImpl.invoke(NativeMethodAccessorImpl.java:77)
	at java.base/jdk.internal.reflect.DelegatingMethodAccessorImpl.invoke(DelegatingMethodAccessorImpl.java:43)
Caused by: com.kms.katalon.core.webui.exception.WebElementNotFoundException: Web element with id: 'Object Repository/Выполнение бизнес-плана/Значения со страницы Выполнение бизнес-плана/Table Data/План Потери за отчётный период 7' located by '(.//*[normalize-space(text()) and normalize-space(.)='Показатели баланса электроэнергии по ДЗО – План'])[2]/following::td[41]' not found
	at com.kms.katalon.core.webui.common.WebUiCommonHelper.findWebElement(WebUiCommonHelper.java:1426)
	at com.kms.katalon.core.webui.keyword.internal.WebUIAbstractKeyword.findWebElement(WebUIAbstractKeyword.groovy:27)
	at com.kms.katalon.core.webui.keyword.internal.WebUIAbstractKeyword.findWebElement(WebUIAbstractKeyword.groovy:26)
	at com.kms.katalon.core.webui.keyword.builtin.GetTextKeyword$_getText_closure1.doCall(GetTextKeyword.groovy:78)
	at com.kms.katalon.core.webui.keyword.builtin.GetTextKeyword$_getText_closure1.call(GetTextKeyword.groovy)
	at com.kms.katalon.core.webui.keyword.internal.WebUIKeywordMain.runKeyword(WebUIKeywordMain.groovy:20)
	at com.kms.katalon.core.webui.keyword.builtin.GetTextKeyword.getText(GetTextKeyword.groovy:88)
	at com.kms.katalon.core.webui.keyword.builtin.GetTextKeyword.execute(GetTextKeyword.groovy:67)
	at com.kms.katalon.core.keyword.internal.KeywordExecutor.executeKeywordForPlatform(KeywordExecutor.groovy:74)
	at com.kms.katalon.core.webui.keyword.WebUiBuiltInKeywords.getText(WebUiBuiltInKeywords.groovy:957)
	at Script1718980020443.Numbers(Script1718980020443.groovy:594)
	at Script1718980020443.run(Script1718980020443.groovy:399)
	... 15 more
)

28-03-2025T12:22:47 - [MESSAGE][INFO] - Unable to find the element located by 'By.xpath: (.//*[normalize-space(text()) and normalize-space(.)='Показатели баланса электроэнергии по ДЗО – План'])[2]/following::td[41]'. Please recheck the objects properties to make sure the desired element is located. 

28-03-2025T12:22:47 - [MESSAGE][FAILED] - Unable to get text of object 'Object Repository/Выполнение бизнес-плана/Значения со страницы Выполнение бизнес-плана/Table Data/План Потери за отчётный период 7' (Root cause: com.kms.katalon.core.exception.StepFailedException: Unable to get text of object 'Object Repository/Выполнение бизнес-плана/Значения со страницы Выполнение бизнес-плана/Table Data/План Потери за отчётный период 7'
	at com.kms.katalon.core.webui.keyword.internal.WebUIKeywordMain.stepFailed(WebUIKeywordMain.groovy:64)
	at com.kms.katalon.core.webui.keyword.internal.WebUIKeywordMain.runKeyword(WebUIKeywordMain.groovy:26)
	at com.kms.katalon.core.webui.keyword.builtin.GetTextKeyword.getText(GetTextKeyword.groovy:88)
	at com.kms.katalon.core.webui.keyword.builtin.GetTextKeyword.execute(GetTextKeyword.groovy:67)
	at com.kms.katalon.core.keyword.internal.KeywordExecutor.executeKeywordForPlatform(KeywordExecutor.groovy:74)
	at com.kms.katalon.core.webui.keyword.WebUiBuiltInKeywords.getText(WebUiBuiltInKeywords.groovy:957)
	at Выполнение бизнес-плана Сверка ПАО Россети все филиалы.Numbers(Выполнение бизнес-плана Сверка ПАО Россети все филиалы:594)
	at Выполнение бизнес-плана Сверка ПАО Россети все филиалы.run(Выполнение бизнес-плана Сверка ПАО Россети все филиалы:399)
	at com.kms.katalon.core.main.ScriptEngine.run(ScriptEngine.java:194)
	at com.kms.katalon.core.main.ScriptEngine.runScriptAsRawText(ScriptEngine.java:119)
	at com.kms.katalon.core.main.TestCaseExecutor.runScript(TestCaseExecutor.java:448)
	at com.kms.katalon.core.main.TestCaseExecutor.doExecute(TestCaseExecutor.java:439)
	at com.kms.katalon.core.main.TestCaseExecutor.processExecutionPhase(TestCaseExecutor.java:418)
	at com.kms.katalon.core.main.TestCaseExecutor.accessMainPhase(TestCaseExecutor.java:410)
	at com.kms.katalon.core.main.TestCaseExecutor.execute(TestCaseExecutor.java:285)
	at com.kms.katalon.core.common.CommonExecutor.accessTestCaseMainPhase(CommonExecutor.java:65)
	at com.kms.katalon.core.main.TestSuiteExecutor.accessTestSuiteMainPhase(TestSuiteExecutor.java:150)
	at com.kms.katalon.core.main.TestSuiteExecutor.execute(TestSuiteExecutor.java:106)
	at com.kms.katalon.core.main.TestCaseMain.startTestSuite(TestCaseMain.java:180)
	at TempTestSuite1743137207280.run(TempTestSuite1743137207280.groovy:35)
	at java.base/jdk.internal.reflect.NativeMethodAccessorImpl.invoke0(Native Method)
	at java.base/jdk.internal.reflect.NativeMethodAccessorImpl.invoke(NativeMethodAccessorImpl.java:77)
	at java.base/jdk.internal.reflect.DelegatingMethodAccessorImpl.invoke(DelegatingMethodAccessorImpl.java:43)
Caused by: com.kms.katalon.core.webui.exception.WebElementNotFoundException: Web element with id: 'Object Repository/Выполнение бизнес-плана/Значения со страницы Выполнение бизнес-плана/Table Data/План Потери за отчётный период 7' located by '(.//*[normalize-space(text()) and normalize-space(.)='Показатели баланса электроэнергии по ДЗО – План'])[2]/following::td[41]' not found
	at com.kms.katalon.core.webui.common.WebUiCommonHelper.findWebElement(WebUiCommonHelper.java:1426)
	at com.kms.katalon.core.webui.keyword.internal.WebUIAbstractKeyword.findWebElement(WebUIAbstractKeyword.groovy:27)
	at com.kms.katalon.core.webui.keyword.internal.WebUIAbstractKeyword.findWebElement(WebUIAbstractKeyword.groovy:26)
	at com.kms.katalon.core.webui.keyword.builtin.GetTextKeyword$_getText_closure1.doCall(GetTextKeyword.groovy:78)
	at com.kms.katalon.core.webui.keyword.builtin.GetTextKeyword$_getText_closure1.call(GetTextKeyword.groovy)
	at com.kms.katalon.core.webui.keyword.internal.WebUIKeywordMain.runKeyword(WebUIKeywordMain.groovy:20)
	at com.kms.katalon.core.webui.keyword.builtin.GetTextKeyword.getText(GetTextKeyword.groovy:88)
	at com.kms.katalon.core.webui.keyword.builtin.GetTextKeyword.execute(GetTextKeyword.groovy:67)
	at com.kms.katalon.core.keyword.internal.KeywordExecutor.executeKeywordForPlatform(KeywordExecutor.groovy:74)
	at com.kms.katalon.core.webui.keyword.WebUiBuiltInKeywords.getText(WebUiBuiltInKeywords.groovy:957)
	at Script1718980020443.Numbers(Script1718980020443.groovy:594)
	at Script1718980020443.run(Script1718980020443.groovy:399)
	... 15 more
)
[[ATTACHMENT|C:\\Users\\LIAZGINA-DI\\git\\SPORU\\Reports\\20250328_074647\\\u041F\u043D-\u0421\u0440-\u041F\u0442\\\u0421\u0432\u0435\u0440\u043A\u0430 \u0434\u0430\u0448\u0431\u043E\u0440\u0434\u043E\u0432 \u0438\u0437 \u0440\u0430\u0437\u043D\u044B\u0445 \u0431\u043B\u043E\u043A\u043E\u0432\\20250328_074647\\1743153767618.png]]

28-03-2025T12:22:47 - [TEST_STEP][PASSED] - if (page == "" || page == null): null

28-03-2025T12:22:47 - [TEST_STEP][PASSED] - fileInt = poteri.toInteger(): null

28-03-2025T12:22:47 - [TEST_STEP][PASSED] - Script1718980020443.WriteToExcelNoData(a, typeOfData, todaysDate, fileInt, fileDouble, dZO): null

28-03-2025T12:22:47 - [TEST_STEP][PASSED] - sheetName = "Sheet1": null

28-03-2025T12:22:47 - [TEST_STEP][PASSED] - data = findTestData("PlanFact"): null

28-03-2025T12:22:47 - [TEST_STEP][PASSED] - n = data.getRowNumbers() + 1: null

28-03-2025T12:22:47 - [TEST_STEP][PASSED] - day = ")).toInteger(): null

28-03-2025T12:22:47 - [TEST_STEP][PASSED] - println(day): null

28-03-2025T12:22:47 - [TEST_STEP][PASSED] - month = ")).toInteger(): null

28-03-2025T12:22:47 - [TEST_STEP][PASSED] - println(month): null

28-03-2025T12:22:47 - [TEST_STEP][PASSED] - y = <not implemented yet for class: org.codehaus.groovy.ast.expr.EmptyExpression>: null

28-03-2025T12:22:47 - [TEST_STEP][PASSED] - iy = <not implemented yet for class: org.codehaus.groovy.ast.expr.EmptyExpression>: null

28-03-2025T12:22:47 - [TEST_STEP][PASSED] - m = getText(findTestObject("Выполнение бизнес-плана/Период")): Text of object 'Object Repository/Выполнение бизнес-плана/Период' is: 'Январь 2025 года'

28-03-2025T12:22:48 - [MESSAGE][PASSED] - Text of object 'Object Repository/Выполнение бизнес-плана/Период' is: 'Январь 2025 года'

28-03-2025T12:22:48 - [TEST_STEP][PASSED] - iy = m.indexOf("20"): null

28-03-2025T12:22:48 - [TEST_STEP][PASSED] - if (iy > -1): null

28-03-2025T12:22:48 - [TEST_STEP][PASSED] - y = substring(iy, iy + 4).toInteger(): null

28-03-2025T12:22:48 - [TEST_STEP][PASSED] - println(y): null

28-03-2025T12:22:48 - [TEST_STEP][PASSED] - if (toString().length() == 4): null

28-03-2025T12:22:48 - [TEST_STEP][PASSED] - m = m.substring(0, m.indexOf(y.toString())): null

28-03-2025T12:22:48 - [TEST_STEP][PASSED] - m = m.trim(): null

28-03-2025T12:22:48 - [TEST_STEP][PASSED] - if (m == ""): null

28-03-2025T12:22:48 - [TEST_STEP][PASSED] - dashboardName = "Выполнение бизнес-плана": null

28-03-2025T12:22:48 - [TEST_STEP][PASSED] - workbook01 = getWorkbook(excelFilePath): null

28-03-2025T12:22:48 - [TEST_STEP][PASSED] - sheet01 = getExcelSheet(workbook01, sheetName): null

28-03-2025T12:22:48 - [TEST_STEP][PASSED] - setValueToCellByIndex(sheet01, n, 0, dashboardName): null

28-03-2025T12:22:48 - [TEST_STEP][PASSED] - setValueToCellByIndex(sheet01, n, 1, dZO): null

28-03-2025T12:22:48 - [TEST_STEP][PASSED] - setValueToCellByIndex(sheet01, n, 2, typeOfData): null

28-03-2025T12:22:48 - [TEST_STEP][PASSED] - if (typeOfData == "Факт в процентах" || typeOfData == "План в процентах"): null

28-03-2025T12:22:48 - [TEST_STEP][PASSED] - else: null

28-03-2025T12:22:48 - [TEST_STEP][PASSED] - setValueToCellByIndex(sheet01, n, 3, fileInt): null

28-03-2025T12:22:48 - [TEST_STEP][PASSED] - setValueToCellByIndex(sheet01, n, 4, "нет данных"): null

28-03-2025T12:22:48 - [TEST_STEP][PASSED] - setValueToCellByIndex(sheet01, n, 5, m): null

28-03-2025T12:22:48 - [TEST_STEP][PASSED] - setValueToCellByIndex(sheet01, n, 6, y): null

28-03-2025T12:22:48 - [TEST_STEP][PASSED] - setValueToCellByIndex(sheet01, n, 7, todaysDate): null

28-03-2025T12:22:48 - [TEST_STEP][PASSED] - n = n + 1: null

28-03-2025T12:22:48 - [TEST_STEP][PASSED] - saveWorkbook(excelFilePath, workbook01): null

28-03-2025T12:22:48 - [TEST_STEP][PASSED] - compare = pageOtpuskVSet: null

28-03-2025T12:22:48 - [TEST_STEP][PASSED] - if (pageOtpuskVSet != null): null

28-03-2025T12:22:48 - [TEST_STEP][PASSED] - if (compare == fileOtpuskVSet): null

28-03-2025T12:22:48 - [TEST_STEP][PASSED] - else if (compare > fileOtpuskVSet): null

28-03-2025T12:22:48 - [TEST_STEP][PASSED] - compare = compare - 1: null

28-03-2025T12:22:48 - [TEST_STEP][PASSED] - if (compare == fileOtpuskVSet): null

28-03-2025T12:22:48 - [TEST_STEP][PASSED] - else: null

28-03-2025T12:22:48 - [TEST_STEP][PASSED] - numberOfErrors = numberOfErrors + 1: null

28-03-2025T12:22:48 - [TEST_STEP][PASSED] - pageInt = pageOtpuskVSet: null

28-03-2025T12:22:48 - [TEST_STEP][PASSED] - fileInt = fileOtpuskVSet: null

28-03-2025T12:22:48 - [TEST_STEP][PASSED] - typeOfData = typeOfDataMain + " Отпуск в сеть": null

28-03-2025T12:22:48 - [TEST_STEP][PASSED] - Script1718980020443.WriteToExcel(a, typeOfData, todaysDate, pageInt, fileInt, pageDouble, fileDouble, dZO): null

28-03-2025T12:22:48 - [TEST_STEP][PASSED] - sheetName = "Sheet1": null

28-03-2025T12:22:48 - [TEST_STEP][PASSED] - data = findTestData("PlanFact"): null

28-03-2025T12:22:48 - [TEST_STEP][PASSED] - n = data.getRowNumbers() + 1: null

28-03-2025T12:22:48 - [TEST_STEP][PASSED] - day = ")).toInteger(): null

28-03-2025T12:22:48 - [TEST_STEP][PASSED] - println(day): null

28-03-2025T12:22:48 - [TEST_STEP][PASSED] - month = ")).toInteger(): null

28-03-2025T12:22:48 - [TEST_STEP][PASSED] - println(month): null

28-03-2025T12:22:48 - [TEST_STEP][PASSED] - y = <not implemented yet for class: org.codehaus.groovy.ast.expr.EmptyExpression>: null

28-03-2025T12:22:48 - [TEST_STEP][PASSED] - iy = <not implemented yet for class: org.codehaus.groovy.ast.expr.EmptyExpression>: null

28-03-2025T12:22:48 - [TEST_STEP][PASSED] - m = getText(findTestObject("Выполнение бизнес-плана/Период")): Text of object 'Object Repository/Выполнение бизнес-плана/Период' is: 'Январь 2025 года'

28-03-2025T12:22:48 - [MESSAGE][PASSED] - Text of object 'Object Repository/Выполнение бизнес-плана/Период' is: 'Январь 2025 года'

28-03-2025T12:22:48 - [TEST_STEP][PASSED] - iy = m.indexOf("20"): null

28-03-2025T12:22:48 - [TEST_STEP][PASSED] - if (iy > -1): null

28-03-2025T12:22:48 - [TEST_STEP][PASSED] - y = substring(iy, iy + 4).toInteger(): null

28-03-2025T12:22:48 - [TEST_STEP][PASSED] - println(y): null

28-03-2025T12:22:48 - [TEST_STEP][PASSED] - if (toString().length() == 4): null

28-03-2025T12:22:48 - [TEST_STEP][PASSED] - m = m.substring(0, m.indexOf(y.toString())): null

28-03-2025T12:22:48 - [TEST_STEP][PASSED] - m = m.trim(): null

28-03-2025T12:22:48 - [TEST_STEP][PASSED] - if (m == ""): null

28-03-2025T12:22:48 - [TEST_STEP][PASSED] - dashboardName = "Выполнение бизнес-плана": null

28-03-2025T12:22:48 - [TEST_STEP][PASSED] - workbook01 = getWorkbook(excelFilePath): null

28-03-2025T12:22:48 - [TEST_STEP][PASSED] - sheet01 = getExcelSheet(workbook01, sheetName): null

28-03-2025T12:22:48 - [TEST_STEP][PASSED] - setValueToCellByIndex(sheet01, n, 0, dashboardName): null

28-03-2025T12:22:48 - [TEST_STEP][PASSED] - setValueToCellByIndex(sheet01, n, 1, dZO): null

28-03-2025T12:22:48 - [TEST_STEP][PASSED] - setValueToCellByIndex(sheet01, n, 2, typeOfData): null

28-03-2025T12:22:48 - [TEST_STEP][PASSED] - if (typeOfData == "Факт в процентах" || typeOfData == "План в процентах"): null

28-03-2025T12:22:48 - [TEST_STEP][PASSED] - else: null

28-03-2025T12:22:48 - [TEST_STEP][PASSED] - setValueToCellByIndex(sheet01, n, 3, fileInt): null

28-03-2025T12:22:48 - [TEST_STEP][PASSED] - setValueToCellByIndex(sheet01, n, 4, pageInt): null

28-03-2025T12:22:48 - [TEST_STEP][PASSED] - setValueToCellByIndex(sheet01, n, 5, m): null

28-03-2025T12:22:48 - [TEST_STEP][PASSED] - setValueToCellByIndex(sheet01, n, 6, y): null

28-03-2025T12:22:48 - [TEST_STEP][PASSED] - setValueToCellByIndex(sheet01, n, 7, todaysDate): null

28-03-2025T12:22:48 - [TEST_STEP][PASSED] - n = n + 1: null

28-03-2025T12:22:48 - [TEST_STEP][PASSED] - saveWorkbook(excelFilePath, workbook01): null

28-03-2025T12:22:48 - [TEST_STEP][PASSED] - compare = pagePoteri: null

28-03-2025T12:22:48 - [TEST_STEP][PASSED] - if (pageOtpuskVSet != null): null

28-03-2025T12:22:48 - [TEST_STEP][PASSED] - if (compare == filePoteri): null

28-03-2025T12:22:48 - [TEST_STEP][PASSED] - else if (compare > filePoteri): null

28-03-2025T12:22:48 - [TEST_STEP][PASSED] - compare = compare - 1: null

28-03-2025T12:22:48 - [TEST_STEP][PASSED] - if (compare == filePoteri): null

28-03-2025T12:22:48 - [TEST_STEP][PASSED] - else: null

28-03-2025T12:22:48 - [TEST_STEP][PASSED] - numberOfErrors = numberOfErrors + 1: null

28-03-2025T12:22:48 - [TEST_STEP][PASSED] - pageInt = pagePoteri: null

28-03-2025T12:22:48 - [TEST_STEP][PASSED] - fileInt = filePoteri: null

28-03-2025T12:22:48 - [TEST_STEP][PASSED] - typeOfData = typeOfDataMain + " Потери": null

28-03-2025T12:22:48 - [TEST_STEP][PASSED] - Script1718980020443.WriteToExcel(a, typeOfData, todaysDate, pageInt, fileInt, pageDouble, fileDouble, dZO): null

28-03-2025T12:22:48 - [TEST_STEP][PASSED] - sheetName = "Sheet1": null

28-03-2025T12:22:48 - [TEST_STEP][PASSED] - data = findTestData("PlanFact"): null

28-03-2025T12:22:48 - [TEST_STEP][PASSED] - n = data.getRowNumbers() + 1: null

28-03-2025T12:22:48 - [TEST_STEP][PASSED] - day = ")).toInteger(): null

28-03-2025T12:22:48 - [TEST_STEP][PASSED] - println(day): null

28-03-2025T12:22:48 - [TEST_STEP][PASSED] - month = ")).toInteger(): null

28-03-2025T12:22:48 - [TEST_STEP][PASSED] - println(month): null

28-03-2025T12:22:48 - [TEST_STEP][PASSED] - y = <not implemented yet for class: org.codehaus.groovy.ast.expr.EmptyExpression>: null

28-03-2025T12:22:48 - [TEST_STEP][PASSED] - iy = <not implemented yet for class: org.codehaus.groovy.ast.expr.EmptyExpression>: null

28-03-2025T12:22:48 - [TEST_STEP][PASSED] - m = getText(findTestObject("Выполнение бизнес-плана/Период")): Text of object 'Object Repository/Выполнение бизнес-плана/Период' is: 'Январь 2025 года'

28-03-2025T12:22:49 - [MESSAGE][PASSED] - Text of object 'Object Repository/Выполнение бизнес-плана/Период' is: 'Январь 2025 года'

28-03-2025T12:22:49 - [TEST_STEP][PASSED] - iy = m.indexOf("20"): null

28-03-2025T12:22:49 - [TEST_STEP][PASSED] - if (iy > -1): null

28-03-2025T12:22:49 - [TEST_STEP][PASSED] - y = substring(iy, iy + 4).toInteger(): null

28-03-2025T12:22:49 - [TEST_STEP][PASSED] - println(y): null

28-03-2025T12:22:49 - [TEST_STEP][PASSED] - if (toString().length() == 4): null

28-03-2025T12:22:49 - [TEST_STEP][PASSED] - m = m.substring(0, m.indexOf(y.toString())): null

28-03-2025T12:22:49 - [TEST_STEP][PASSED] - m = m.trim(): null

28-03-2025T12:22:49 - [TEST_STEP][PASSED] - if (m == ""): null

28-03-2025T12:22:49 - [TEST_STEP][PASSED] - dashboardName = "Выполнение бизнес-плана": null

28-03-2025T12:22:49 - [TEST_STEP][PASSED] - workbook01 = getWorkbook(excelFilePath): null

28-03-2025T12:22:49 - [TEST_STEP][PASSED] - sheet01 = getExcelSheet(workbook01, sheetName): null

28-03-2025T12:22:49 - [TEST_STEP][PASSED] - setValueToCellByIndex(sheet01, n, 0, dashboardName): null

28-03-2025T12:22:49 - [TEST_STEP][PASSED] - setValueToCellByIndex(sheet01, n, 1, dZO): null

28-03-2025T12:22:49 - [TEST_STEP][PASSED] - setValueToCellByIndex(sheet01, n, 2, typeOfData): null

28-03-2025T12:22:49 - [TEST_STEP][PASSED] - if (typeOfData == "Факт в процентах" || typeOfData == "План в процентах"): null

28-03-2025T12:22:49 - [TEST_STEP][PASSED] - else: null

28-03-2025T12:22:49 - [TEST_STEP][PASSED] - setValueToCellByIndex(sheet01, n, 3, fileInt): null

28-03-2025T12:22:49 - [TEST_STEP][PASSED] - setValueToCellByIndex(sheet01, n, 4, pageInt): null

28-03-2025T12:22:49 - [TEST_STEP][PASSED] - setValueToCellByIndex(sheet01, n, 5, m): null

28-03-2025T12:22:49 - [TEST_STEP][PASSED] - setValueToCellByIndex(sheet01, n, 6, y): null

28-03-2025T12:22:49 - [TEST_STEP][PASSED] - setValueToCellByIndex(sheet01, n, 7, todaysDate): null

28-03-2025T12:22:49 - [TEST_STEP][PASSED] - n = n + 1: null

28-03-2025T12:22:49 - [TEST_STEP][PASSED] - saveWorkbook(excelFilePath, workbook01): Object: 'Object Repository/Выполнение бизнес-плана/Кнопка Факт' is clicked on

28-03-2025T12:22:49 - [TEST_STEP][PASSED] - if (planFact == 2): Object: 'Object Repository/Выполнение бизнес-плана/Кнопка Факт' is clicked on

28-03-2025T12:22:49 - [TEST_STEP][PASSED] - click(findTestObject("Выполнение бизнес-плана/Кнопка Факт")): Object: 'Object Repository/Выполнение бизнес-плана/Кнопка Факт' is clicked on

28-03-2025T12:22:49 - [MESSAGE][PASSED] - Object: 'Object Repository/Выполнение бизнес-плана/Кнопка Факт' is clicked on

28-03-2025T12:22:49 - [TEST_STEP][PASSED] - println("a=" + a): null

28-03-2025T12:22:49 - [TEST_STEP][PASSED] - if (a == 84 || a == 82): null

28-03-2025T12:22:49 - [TEST_STEP][PASSED] - else if (a == 83 || a == 52 || a == 72 || a == 28 || a == 73 || a == 77 || a == 74 || a == 65 || a == 36 || a == 44 || a == 53 || a == 80 || a == 54 || a == 1 || a == 18 || a == 59 || a == 81): null

28-03-2025T12:22:49 - [TEST_STEP][PASSED] - page1 = getText(findTestObject("Object Repository/Выполнение бизнес-плана/spanPlan" + dzoNum)): Text of object 'Object Repository/Выполнение бизнес-плана/spanPlan7' is: '10.84
|'

28-03-2025T12:22:50 - [MESSAGE][PASSED] - Text of object 'Object Repository/Выполнение бизнес-плана/spanPlan7' is: '10.84
|'

28-03-2025T12:22:50 - [TEST_STEP][PASSED] - page1 = page1.replace("|", ""): null

28-03-2025T12:22:50 - [TEST_STEP][PASSED] - page2 = getText(findTestObject("Object Repository/Выполнение бизнес-плана/spanFact" + dzoNum)): Text of object 'Object Repository/Выполнение бизнес-плана/spanFact7' is: '9.40'

28-03-2025T12:22:50 - [MESSAGE][PASSED] - Text of object 'Object Repository/Выполнение бизнес-плана/spanFact7' is: '9.40'

28-03-2025T12:22:50 - [TEST_STEP][PASSED] - page2 = page2.replace("|", ""): null

28-03-2025T12:22:50 - [TEST_STEP][PASSED] - println("page1: " + page1): null

28-03-2025T12:22:50 - [TEST_STEP][PASSED] - println("page2: " + page2): null

28-03-2025T12:22:50 - [TEST_STEP][PASSED] - file = findTestData("PlanFact").getValue(4, a): null

28-03-2025T12:22:50 - [TEST_STEP][PASSED] - file = file.replace(",", "."): null

28-03-2025T12:22:50 - [TEST_STEP][PASSED] - println("file Plan: " + file): null

28-03-2025T12:22:50 - [TEST_STEP][PASSED] - typeOfData = "План в процентах": null

28-03-2025T12:22:50 - [TEST_STEP][PASSED] - fileDouble = file.toDouble(): null

28-03-2025T12:22:50 - [TEST_STEP][PASSED] - pageDouble = page1.toDouble(): null

28-03-2025T12:22:50 - [TEST_STEP][PASSED] - if (fileDouble != pageDouble): null

28-03-2025T12:22:50 - [TEST_STEP][PASSED] - numberOfErrors = numberOfErrors + 1: null

28-03-2025T12:22:50 - [TEST_STEP][PASSED] - Script1718980020443.WriteToExcel(a, typeOfData, todaysDate, pageInt, fileInt, pageDouble, fileDouble, dZO): null

28-03-2025T12:22:50 - [TEST_STEP][PASSED] - sheetName = "Sheet1": null

28-03-2025T12:22:50 - [TEST_STEP][PASSED] - data = findTestData("PlanFact"): null

28-03-2025T12:22:50 - [TEST_STEP][PASSED] - n = data.getRowNumbers() + 1: null

28-03-2025T12:22:50 - [TEST_STEP][PASSED] - day = ")).toInteger(): null

28-03-2025T12:22:50 - [TEST_STEP][PASSED] - println(day): null

28-03-2025T12:22:50 - [TEST_STEP][PASSED] - month = ")).toInteger(): null

28-03-2025T12:22:50 - [TEST_STEP][PASSED] - println(month): null

28-03-2025T12:22:50 - [TEST_STEP][PASSED] - y = <not implemented yet for class: org.codehaus.groovy.ast.expr.EmptyExpression>: null

28-03-2025T12:22:50 - [TEST_STEP][PASSED] - iy = <not implemented yet for class: org.codehaus.groovy.ast.expr.EmptyExpression>: null

28-03-2025T12:22:50 - [TEST_STEP][PASSED] - m = getText(findTestObject("Выполнение бизнес-плана/Период")): Text of object 'Object Repository/Выполнение бизнес-плана/Период' is: 'Январь 2025 года'

28-03-2025T12:22:50 - [MESSAGE][PASSED] - Text of object 'Object Repository/Выполнение бизнес-плана/Период' is: 'Январь 2025 года'

28-03-2025T12:22:50 - [TEST_STEP][PASSED] - iy = m.indexOf("20"): null

28-03-2025T12:22:50 - [TEST_STEP][PASSED] - if (iy > -1): null

28-03-2025T12:22:50 - [TEST_STEP][PASSED] - y = substring(iy, iy + 4).toInteger(): null

28-03-2025T12:22:50 - [TEST_STEP][PASSED] - println(y): null

28-03-2025T12:22:50 - [TEST_STEP][PASSED] - if (toString().length() == 4): null

28-03-2025T12:22:50 - [TEST_STEP][PASSED] - m = m.substring(0, m.indexOf(y.toString())): null

28-03-2025T12:22:50 - [TEST_STEP][PASSED] - m = m.trim(): null

28-03-2025T12:22:50 - [TEST_STEP][PASSED] - if (m == ""): null

28-03-2025T12:22:50 - [TEST_STEP][PASSED] - dashboardName = "Выполнение бизнес-плана": null

28-03-2025T12:22:50 - [TEST_STEP][PASSED] - workbook01 = getWorkbook(excelFilePath): null

28-03-2025T12:22:50 - [TEST_STEP][PASSED] - sheet01 = getExcelSheet(workbook01, sheetName): null

28-03-2025T12:22:50 - [TEST_STEP][PASSED] - setValueToCellByIndex(sheet01, n, 0, dashboardName): null

28-03-2025T12:22:50 - [TEST_STEP][PASSED] - setValueToCellByIndex(sheet01, n, 1, dZO): null

28-03-2025T12:22:50 - [TEST_STEP][PASSED] - setValueToCellByIndex(sheet01, n, 2, typeOfData): null

28-03-2025T12:22:50 - [TEST_STEP][PASSED] - if (typeOfData == "Факт в процентах" || typeOfData == "План в процентах"): null

28-03-2025T12:22:50 - [TEST_STEP][PASSED] - setValueToCellByIndex(sheet01, n, 3, fileDouble): null

28-03-2025T12:22:50 - [TEST_STEP][PASSED] - setValueToCellByIndex(sheet01, n, 4, pageDouble): null

28-03-2025T12:22:50 - [TEST_STEP][PASSED] - setValueToCellByIndex(sheet01, n, 5, m): null

28-03-2025T12:22:50 - [TEST_STEP][PASSED] - setValueToCellByIndex(sheet01, n, 6, y): null

28-03-2025T12:22:50 - [TEST_STEP][PASSED] - setValueToCellByIndex(sheet01, n, 7, todaysDate): null

28-03-2025T12:22:50 - [TEST_STEP][PASSED] - n = n + 1: null

28-03-2025T12:22:50 - [TEST_STEP][PASSED] - saveWorkbook(excelFilePath, workbook01): null

28-03-2025T12:22:51 - [TEST_STEP][PASSED] - file = findTestData("PlanFact").getValue(7, a): null

28-03-2025T12:22:51 - [TEST_STEP][PASSED] - file = file.replace(",", "."): null

28-03-2025T12:22:51 - [TEST_STEP][PASSED] - println("file Fact: " + file): null

28-03-2025T12:22:51 - [TEST_STEP][PASSED] - fileDouble = file.toDouble(): null

28-03-2025T12:22:51 - [TEST_STEP][PASSED] - typeOfData = "Факт в процентах": null

28-03-2025T12:22:51 - [TEST_STEP][PASSED] - fileDouble = file.toDouble(): null

28-03-2025T12:22:51 - [TEST_STEP][PASSED] - pageDouble = page2.toDouble(): null

28-03-2025T12:22:51 - [TEST_STEP][PASSED] - if (fileDouble != pageDouble): null

28-03-2025T12:22:51 - [TEST_STEP][PASSED] - numberOfErrors = numberOfErrors + 1: null

28-03-2025T12:22:51 - [TEST_STEP][PASSED] - Script1718980020443.WriteToExcel(a, typeOfData, todaysDate, pageInt, fileInt, pageDouble, fileDouble, dZO): null

28-03-2025T12:22:51 - [TEST_STEP][PASSED] - sheetName = "Sheet1": null

28-03-2025T12:22:51 - [TEST_STEP][PASSED] - data = findTestData("PlanFact"): null

28-03-2025T12:22:51 - [TEST_STEP][PASSED] - n = data.getRowNumbers() + 1: null

28-03-2025T12:22:51 - [TEST_STEP][PASSED] - day = ")).toInteger(): null

28-03-2025T12:22:51 - [TEST_STEP][PASSED] - println(day): null

28-03-2025T12:22:51 - [TEST_STEP][PASSED] - month = ")).toInteger(): null

28-03-2025T12:22:51 - [TEST_STEP][PASSED] - println(month): null

28-03-2025T12:22:51 - [TEST_STEP][PASSED] - y = <not implemented yet for class: org.codehaus.groovy.ast.expr.EmptyExpression>: null

28-03-2025T12:22:51 - [TEST_STEP][PASSED] - iy = <not implemented yet for class: org.codehaus.groovy.ast.expr.EmptyExpression>: null

28-03-2025T12:22:51 - [TEST_STEP][PASSED] - m = getText(findTestObject("Выполнение бизнес-плана/Период")): Text of object 'Object Repository/Выполнение бизнес-плана/Период' is: 'Январь 2025 года'

28-03-2025T12:22:51 - [MESSAGE][PASSED] - Text of object 'Object Repository/Выполнение бизнес-плана/Период' is: 'Январь 2025 года'

28-03-2025T12:22:51 - [TEST_STEP][PASSED] - iy = m.indexOf("20"): null

28-03-2025T12:22:51 - [TEST_STEP][PASSED] - if (iy > -1): null

28-03-2025T12:22:51 - [TEST_STEP][PASSED] - y = substring(iy, iy + 4).toInteger(): null

28-03-2025T12:22:51 - [TEST_STEP][PASSED] - println(y): null

28-03-2025T12:22:51 - [TEST_STEP][PASSED] - if (toString().length() == 4): null

28-03-2025T12:22:51 - [TEST_STEP][PASSED] - m = m.substring(0, m.indexOf(y.toString())): null

28-03-2025T12:22:51 - [TEST_STEP][PASSED] - m = m.trim(): null

28-03-2025T12:22:51 - [TEST_STEP][PASSED] - if (m == ""): null

28-03-2025T12:22:51 - [TEST_STEP][PASSED] - dashboardName = "Выполнение бизнес-плана": null

28-03-2025T12:22:51 - [TEST_STEP][PASSED] - workbook01 = getWorkbook(excelFilePath): null

28-03-2025T12:22:51 - [TEST_STEP][PASSED] - sheet01 = getExcelSheet(workbook01, sheetName): null

28-03-2025T12:22:51 - [TEST_STEP][PASSED] - setValueToCellByIndex(sheet01, n, 0, dashboardName): null

28-03-2025T12:22:51 - [TEST_STEP][PASSED] - setValueToCellByIndex(sheet01, n, 1, dZO): null

28-03-2025T12:22:51 - [TEST_STEP][PASSED] - setValueToCellByIndex(sheet01, n, 2, typeOfData): null

28-03-2025T12:22:51 - [TEST_STEP][PASSED] - if (typeOfData == "Факт в процентах" || typeOfData == "План в процентах"): null

28-03-2025T12:22:51 - [TEST_STEP][PASSED] - setValueToCellByIndex(sheet01, n, 3, fileDouble): null

28-03-2025T12:22:51 - [TEST_STEP][PASSED] - setValueToCellByIndex(sheet01, n, 4, pageDouble): null

28-03-2025T12:22:51 - [TEST_STEP][PASSED] - setValueToCellByIndex(sheet01, n, 5, m): null

28-03-2025T12:22:51 - [TEST_STEP][PASSED] - setValueToCellByIndex(sheet01, n, 6, y): null

28-03-2025T12:22:51 - [TEST_STEP][PASSED] - setValueToCellByIndex(sheet01, n, 7, todaysDate): null

28-03-2025T12:22:51 - [TEST_STEP][PASSED] - n = n + 1: null

28-03-2025T12:22:51 - [TEST_STEP][PASSED] - saveWorkbook(excelFilePath, workbook01): null

28-03-2025T12:22:51 - [TEST_STEP][FAILED] - if (verifyEqual(numberOfErrors, 0) == false): null

28-03-2025T12:22:51 - [MESSAGE][FAILED] - Unable to verify equal between actual object '6' and expected object '0' (Root cause: com.kms.katalon.core.exception.StepFailedException: Actual object '6' and expected object '0' are not equal
	at com.kms.katalon.core.keyword.builtin.VerifyEqualKeyword$_verifyEqual_closure1.doCall(VerifyEqualKeyword.groovy:58)
	at com.kms.katalon.core.keyword.builtin.VerifyEqualKeyword$_verifyEqual_closure1.call(VerifyEqualKeyword.groovy)
	at com.kms.katalon.core.keyword.internal.KeywordMain.runKeyword(KeywordMain.groovy:75)
	at com.kms.katalon.core.keyword.builtin.VerifyEqualKeyword.verifyEqual(VerifyEqualKeyword.groovy:63)
	at com.kms.katalon.core.keyword.builtin.VerifyEqualKeyword.execute(VerifyEqualKeyword.groovy:44)
	at com.kms.katalon.core.keyword.internal.KeywordExecutor.executeKeywordForPlatform(KeywordExecutor.groovy:74)
	at com.kms.katalon.core.keyword.BuiltinKeywords.verifyEqual(BuiltinKeywords.groovy:146)
	at jdk.internal.reflect.GeneratedMethodAccessor23.invoke(Unknown Source)
	at java.base/jdk.internal.reflect.DelegatingMethodAccessorImpl.invoke(DelegatingMethodAccessorImpl.java:43)
	at Выполнение бизнес-плана Сверка ПАО Россети все филиалы.Numbers(Выполнение бизнес-плана Сверка ПАО Россети все филиалы:744)
	at Выполнение бизнес-плана Сверка ПАО Россети все филиалы.run(Выполнение бизнес-плана Сверка ПАО Россети все филиалы:399)
	at com.kms.katalon.core.main.ScriptEngine.run(ScriptEngine.java:194)
	at com.kms.katalon.core.main.ScriptEngine.runScriptAsRawText(ScriptEngine.java:119)
	at com.kms.katalon.core.main.TestCaseExecutor.runScript(TestCaseExecutor.java:448)
	at com.kms.katalon.core.main.TestCaseExecutor.doExecute(TestCaseExecutor.java:439)
	at com.kms.katalon.core.main.TestCaseExecutor.processExecutionPhase(TestCaseExecutor.java:418)
	at com.kms.katalon.core.main.TestCaseExecutor.accessMainPhase(TestCaseExecutor.java:410)
	at com.kms.katalon.core.main.TestCaseExecutor.execute(TestCaseExecutor.java:285)
	at com.kms.katalon.core.common.CommonExecutor.accessTestCaseMainPhase(CommonExecutor.java:65)
	at com.kms.katalon.core.main.TestSuiteExecutor.accessTestSuiteMainPhase(TestSuiteExecutor.java:150)
	at com.kms.katalon.core.main.TestSuiteExecutor.execute(TestSuiteExecutor.java:106)
	at com.kms.katalon.core.main.TestCaseMain.startTestSuite(TestCaseMain.java:180)
	at TempTestSuite1743137207280.run(TempTestSuite1743137207280.groovy:35)
	at java.base/jdk.internal.reflect.NativeMethodAccessorImpl.invoke0(Native Method)
	at java.base/jdk.internal.reflect.NativeMethodAccessorImpl.invoke(NativeMethodAccessorImpl.java:77)
	at java.base/jdk.internal.reflect.DelegatingMethodAccessorImpl.invoke(DelegatingMethodAccessorImpl.java:43)
)

28-03-2025T12:22:51 - [TEST_STEP][PASSED] - println(numberOfErrors): null

28-03-2025T12:22:51 - [TEST_STEP][PASSED] - println("a=" + a): null

28-03-2025T12:22:51 - [TEST_STEP][PASSED] - if (a == 28 || a == 77 || a == 74 || a == 65 || a == 36 || a == 44 || a == 54 || a == 1 || a == 18 || a == 59): null

28-03-2025T12:22:51 - [TEST_STEP][PASSED] - Script1718980020443.Filials(a, typeOfData, todaysDate, pageInt, fileInt, pageDouble, fileDouble, dZO, dzoNum, filialNum): null

28-03-2025T12:22:51 - [TEST_STEP][PASSED] - i = <not implemented yet for class: org.codehaus.groovy.ast.expr.EmptyExpression>: null

28-03-2025T12:22:51 - [TEST_STEP][PASSED] - c = <not implemented yet for class: org.codehaus.groovy.ast.expr.EmptyExpression>: null

28-03-2025T12:22:51 - [TEST_STEP][PASSED] - page = <not implemented yet for class: org.codehaus.groovy.ast.expr.EmptyExpression>: null

28-03-2025T12:22:51 - [TEST_STEP][PASSED] - println(dZO): null

28-03-2025T12:22:51 - [TEST_STEP][PASSED] - reducedDZO = <not implemented yet for class: org.codehaus.groovy.ast.expr.EmptyExpression>: null

28-03-2025T12:22:51 - [TEST_STEP][PASSED] - reducedDZO = dZO.substring(dZO.indexOf(" ") + 1, dZO.length()): null

28-03-2025T12:22:51 - [TEST_STEP][PASSED] - if (reducedDZO.contains(" ")): null

28-03-2025T12:22:51 - [TEST_STEP][PASSED] - println(reducedDZO): null

28-03-2025T12:22:51 - [TEST_STEP][PASSED] - dzoCut = <not implemented yet for class: org.codehaus.groovy.ast.expr.EmptyExpression>: null

28-03-2025T12:22:51 - [TEST_STEP][PASSED] - Script1718980020443.DZO(a): null

28-03-2025T12:22:51 - [TEST_STEP][PASSED] - delay(20): Delayed 20 second(s)

28-03-2025T12:23:11 - [MESSAGE][PASSED] - Delayed 20 second(s)

28-03-2025T12:23:11 - [TEST_STEP][PASSED] - Script1718980020443.OpenFilter(): null

28-03-2025T12:23:11 - [TEST_STEP][PASSED] - click(findTestObject("Object Repository/Выполнение бизнес-плана/Фильтр ДЗО")): Object: 'Object Repository/Выполнение бизнес-плана/Фильтр ДЗО' is clicked on

28-03-2025T12:23:12 - [MESSAGE][PASSED] - Object: 'Object Repository/Выполнение бизнес-плана/Фильтр ДЗО' is clicked on

28-03-2025T12:23:12 - [TEST_STEP][PASSED] - click(findTestObject("Выполнение бизнес-плана/Снять выделение в фильтре ДЗО")): Object: 'Object Repository/Выполнение бизнес-плана/Снять выделение в фильтре ДЗО' is clicked on

28-03-2025T12:23:12 - [MESSAGE][PASSED] - Object: 'Object Repository/Выполнение бизнес-плана/Снять выделение в фильтре ДЗО' is clicked on

28-03-2025T12:23:12 - [TEST_STEP][PASSED] - Script1718980020443.OpenRSK(): null

28-03-2025T12:23:12 - [TEST_STEP][PASSED] - click(findTestObject("Выполнение бизнес-плана/Раскрыть список ПАО Россети в фильтре ДЗО")): Object: 'Object Repository/Выполнение бизнес-плана/Раскрыть список ПАО Россети в фильтре ДЗО' is clicked on

28-03-2025T12:23:13 - [MESSAGE][PASSED] - Object: 'Object Repository/Выполнение бизнес-плана/Раскрыть список ПАО Россети в фильтре ДЗО' is clicked on

28-03-2025T12:23:13 - [TEST_STEP][PASSED] - click(findTestObject("Выполнение бизнес-плана/Раскрыть список РаспредКомплекс в фильтре ДЗО")): Object: 'Object Repository/Выполнение бизнес-плана/Раскрыть список РаспредКомплекс в фильтре ДЗО' is clicked on

28-03-2025T12:23:13 - [MESSAGE][PASSED] - Object: 'Object Repository/Выполнение бизнес-плана/Раскрыть список РаспредКомплекс в фильтре ДЗО' is clicked on

28-03-2025T12:23:13 - [TEST_STEP][PASSED] - if (a == 28): null

28-03-2025T12:23:13 - [TEST_STEP][PASSED] - if (a == 77): null

28-03-2025T12:23:13 - [TEST_STEP][PASSED] - if (a == 74): null

28-03-2025T12:23:13 - [TEST_STEP][PASSED] - if (a == 65): null

28-03-2025T12:23:13 - [TEST_STEP][PASSED] - if (a == 36): null

28-03-2025T12:23:13 - [TEST_STEP][PASSED] - if (a == 44): null

28-03-2025T12:23:13 - [TEST_STEP][PASSED] - if (a == 54): null

28-03-2025T12:23:13 - [TEST_STEP][PASSED] - if (a == 1): null

28-03-2025T12:23:13 - [TEST_STEP][PASSED] - if (a == 18): null

28-03-2025T12:23:13 - [TEST_STEP][PASSED] - if (a == 59): Object: 'Object Repository/Выполнение бизнес-плана/Россети Юг' is clicked on

28-03-2025T12:23:13 - [TEST_STEP][PASSED] - scrollToElement(findTestObject("Общие объекты/Раскрыть список Россети Юг"), 30): Scroll to object 'Object Repository/Общие объекты/Раскрыть список Россети Юг' successfully

28-03-2025T12:23:13 - [MESSAGE][PASSED] - Scroll to object 'Object Repository/Общие объекты/Раскрыть список Россети Юг' successfully

28-03-2025T12:23:13 - [TEST_STEP][PASSED] - click(findTestObject("Выполнение бизнес-плана/Россети Юг")): Object: 'Object Repository/Выполнение бизнес-плана/Россети Юг' is clicked on

28-03-2025T12:23:14 - [MESSAGE][PASSED] - Object: 'Object Repository/Выполнение бизнес-плана/Россети Юг' is clicked on

28-03-2025T12:23:14 - [TEST_STEP][PASSED] - Script1718980020443.CloseFilter(): null

28-03-2025T12:23:14 - [TEST_STEP][PASSED] - scrollToElement(findTestObject("Выполнение бизнес-плана/Заголовок дашборда"), 30): Scroll to object 'Object Repository/Выполнение бизнес-плана/Заголовок дашборда' successfully

28-03-2025T12:23:14 - [MESSAGE][PASSED] - Scroll to object 'Object Repository/Выполнение бизнес-плана/Заголовок дашборда' successfully

28-03-2025T12:23:14 - [TEST_STEP][PASSED] - click(findTestObject("Object Repository/Выполнение бизнес-плана/Применить в фильтре ДЗО")): Object: 'Object Repository/Выполнение бизнес-плана/Применить в фильтре ДЗО' is clicked on

28-03-2025T12:23:15 - [MESSAGE][PASSED] - Object: 'Object Repository/Выполнение бизнес-плана/Применить в фильтре ДЗО' is clicked on

28-03-2025T12:23:15 - [TEST_STEP][PASSED] - delay(20): Delayed 20 second(s)

28-03-2025T12:23:35 - [MESSAGE][PASSED] - Delayed 20 second(s)

28-03-2025T12:23:35 - [TEST_STEP][PASSED] - Script1718980020443.ZakrytOpoveshenie(): null

28-03-2025T12:23:35 - [TEST_STEP][PASSED] - delay(10): Delayed 10 second(s)

28-03-2025T12:23:45 - [MESSAGE][PASSED] - Delayed 10 second(s)

28-03-2025T12:23:45 - [TEST_STEP][PASSED] - opoveshenie = getText(findTestObject("Выполнение бизнес-плана/Просьба обратить внимание")): Text of object 'Object Repository/Выполнение бизнес-плана/Просьба обратить внимание' is: ''

28-03-2025T12:23:45 - [MESSAGE][PASSED] - Text of object 'Object Repository/Выполнение бизнес-плана/Просьба обратить внимание' is: ''

28-03-2025T12:23:45 - [TEST_STEP][PASSED] - println(opoveshenie): null

28-03-2025T12:23:45 - [TEST_STEP][PASSED] - if (opoveshenie == "Просьба обратить внимание"): null

28-03-2025T12:23:45 - [TEST_STEP][PASSED] - page = getText(findTestObject("Object Repository/Выполнение бизнес-плана/Filials")): Text of object 'Object Repository/Выполнение бизнес-плана/Filials' is: 'Россети Юг (ГК)
0
10
20
30
40
50
60
70'

28-03-2025T12:23:45 - [MESSAGE][PASSED] - Text of object 'Object Repository/Выполнение бизнес-плана/Filials' is: 'Россети Юг (ГК)
0
10
20
30
40
50
60
70'

28-03-2025T12:23:45 - [TEST_STEP][PASSED] - println(page): null

28-03-2025T12:23:45 - [TEST_STEP][PASSED] - c = page.indexOf(reducedDZO): null

28-03-2025T12:23:45 - [TEST_STEP][PASSED] - if (c > -1): null

28-03-2025T12:23:45 - [TEST_STEP][PASSED] - click(findTestObject("Выполнение бизнес-плана/список")): Object: 'Object Repository/Выполнение бизнес-плана/список' is clicked on

28-03-2025T12:23:46 - [MESSAGE][PASSED] - Object: 'Object Repository/Выполнение бизнес-плана/список' is clicked on

28-03-2025T12:23:46 - [TEST_STEP][PASSED] - delay(10): Delayed 10 second(s)

28-03-2025T12:23:56 - [MESSAGE][PASSED] - Delayed 10 second(s)

28-03-2025T12:23:56 - [TEST_STEP][PASSED] - click(findTestObject("Выполнение бизнес-плана/Раскрытие списка")): Object: 'Object Repository/Выполнение бизнес-плана/Раскрытие списка' is clicked on

28-03-2025T12:23:56 - [MESSAGE][PASSED] - Object: 'Object Repository/Выполнение бизнес-плана/Раскрытие списка' is clicked on

28-03-2025T12:23:56 - [TEST_STEP][PASSED] - delay(10): Delayed 10 second(s)

28-03-2025T12:24:06 - [MESSAGE][PASSED] - Delayed 10 second(s)

28-03-2025T12:24:06 - [TEST_STEP][PASSED] - page = getText(findTestObject("Object Repository/Выполнение бизнес-плана/Filials")): Text of object 'Object Repository/Выполнение бизнес-плана/Filials' is: 'АО «ВМЭС»
Астраханьэнерго
Волгоградэнерго
Калмэнерго
Ростовэнерго
0
10
20
30
40
50
60
70'

28-03-2025T12:24:13 - [MESSAGE][PASSED] - Text of object 'Object Repository/Выполнение бизнес-плана/Filials' is: 'АО «ВМЭС»
Астраханьэнерго
Волгоградэнерго
Калмэнерго
Ростовэнерго
0
10
20
30
40
50
60
70'

28-03-2025T12:24:13 - [TEST_STEP][PASSED] - println(page): null

28-03-2025T12:24:13 - [TEST_STEP][PASSED] - c = page.indexOf(reducedDZO): null

28-03-2025T12:24:13 - [TEST_STEP][PASSED] - x2 = getText(findTestObject("Выполнение бизнес-плана/Список ДЗО старый")): Text of object 'Object Repository/Выполнение бизнес-плана/Список ДЗО старый' is: 'АО «ВМЭС»
Астраханьэнерго
Волгоградэнерго
Калмэнерго
Ростовэнерго
0
10
20
30
40
50
60
70'

28-03-2025T12:24:13 - [MESSAGE][PASSED] - Text of object 'Object Repository/Выполнение бизнес-плана/Список ДЗО старый' is: 'АО «ВМЭС»
Астраханьэнерго
Волгоградэнерго
Калмэнерго
Ростовэнерго
0
10
20
30
40
50
60
70'

28-03-2025T12:24:13 - [TEST_STEP][PASSED] - if (a == 28): null

28-03-2025T12:24:13 - [TEST_STEP][PASSED] - if (a == 77): null

28-03-2025T12:24:13 - [TEST_STEP][PASSED] - if (a == 74): null

28-03-2025T12:24:13 - [TEST_STEP][PASSED] - if (a == 65): null

28-03-2025T12:24:13 - [TEST_STEP][PASSED] - if (a == 1): null

28-03-2025T12:24:13 - [TEST_STEP][PASSED] - if (a == 18): null

28-03-2025T12:24:13 - [TEST_STEP][PASSED] - if (a == 36): null

28-03-2025T12:24:13 - [TEST_STEP][PASSED] - if (a == 44): null

28-03-2025T12:24:13 - [TEST_STEP][PASSED] - if (a == 54): null

28-03-2025T12:24:13 - [TEST_STEP][PASSED] - if (a == 59): null

28-03-2025T12:24:13 - [TEST_STEP][PASSED] - dZO = "АО "ВМЭС"": null

28-03-2025T12:24:13 - [TEST_STEP][PASSED] - a = 64: null

28-03-2025T12:24:13 - [TEST_STEP][PASSED] - i = dZO.length() - 1: null

28-03-2025T12:24:13 - [TEST_STEP][PASSED] - dzoCut = dZO.substring(4, i): null

28-03-2025T12:24:13 - [TEST_STEP][PASSED] - if (x2.contains(dzoCut)): null

28-03-2025T12:24:13 - [TEST_STEP][PASSED] - filialNum = filialNum + 1: null

28-03-2025T12:24:13 - [TEST_STEP][PASSED] - Script1718980020443.Numbers(a, typeOfData, todaysDate, pageInt, fileInt, pageDouble, fileDouble, dZO, dzoNum, filialNum): null

28-03-2025T12:24:13 - [TEST_STEP][PASSED] - println(dzoNum): null

28-03-2025T12:24:13 - [TEST_STEP][PASSED] - planFact = <not implemented yet for class: org.codehaus.groovy.ast.expr.EmptyExpression>: null

28-03-2025T12:24:13 - [TEST_STEP][PASSED] - page = <not implemented yet for class: org.codehaus.groovy.ast.expr.EmptyExpression>: null

28-03-2025T12:24:13 - [TEST_STEP][PASSED] - page1 = <not implemented yet for class: org.codehaus.groovy.ast.expr.EmptyExpression>: null

28-03-2025T12:24:13 - [TEST_STEP][PASSED] - page2 = <not implemented yet for class: org.codehaus.groovy.ast.expr.EmptyExpression>: null

28-03-2025T12:24:13 - [TEST_STEP][PASSED] - filialNumberInRow = <not implemented yet for class: org.codehaus.groovy.ast.expr.EmptyExpression>: null

28-03-2025T12:24:13 - [TEST_STEP][PASSED] - filialsDzoNames = <not implemented yet for class: org.codehaus.groovy.ast.expr.EmptyExpression>: null

28-03-2025T12:24:13 - [TEST_STEP][PASSED] - numberOfFilials = <not implemented yet for class: org.codehaus.groovy.ast.expr.EmptyExpression>: null

28-03-2025T12:24:13 - [TEST_STEP][PASSED] - numberOfSpaces = <not implemented yet for class: org.codehaus.groovy.ast.expr.EmptyExpression>: null

28-03-2025T12:24:13 - [TEST_STEP][PASSED] - file = <not implemented yet for class: org.codehaus.groovy.ast.expr.EmptyExpression>: null

28-03-2025T12:24:13 - [TEST_STEP][PASSED] - otpusk = <not implemented yet for class: org.codehaus.groovy.ast.expr.EmptyExpression>: null

28-03-2025T12:24:13 - [TEST_STEP][PASSED] - poteri = <not implemented yet for class: org.codehaus.groovy.ast.expr.EmptyExpression>: null

28-03-2025T12:24:13 - [TEST_STEP][PASSED] - dataFolder = "Выполнение бизнес-плана/Значения со страницы Выполнение бизнес-плана/": null

28-03-2025T12:24:13 - [TEST_STEP][PASSED] - path = <not implemented yet for class: org.codehaus.groovy.ast.expr.EmptyExpression>: null

28-03-2025T12:24:13 - [TEST_STEP][PASSED] - typeOfDataMain = <not implemented yet for class: org.codehaus.groovy.ast.expr.EmptyExpression>: null

28-03-2025T12:24:13 - [TEST_STEP][PASSED] - fileOtpuskVSet = <not implemented yet for class: org.codehaus.groovy.ast.expr.EmptyExpression>: null

28-03-2025T12:24:13 - [TEST_STEP][PASSED] - pageOtpuskVSet = <not implemented yet for class: org.codehaus.groovy.ast.expr.EmptyExpression>: null

28-03-2025T12:24:13 - [TEST_STEP][PASSED] - filePoteri = <not implemented yet for class: org.codehaus.groovy.ast.expr.EmptyExpression>: null

28-03-2025T12:24:13 - [TEST_STEP][PASSED] - pagePoteri = <not implemented yet for class: org.codehaus.groovy.ast.expr.EmptyExpression>: null

28-03-2025T12:24:13 - [TEST_STEP][PASSED] - compare = <not implemented yet for class: org.codehaus.groovy.ast.expr.EmptyExpression>: null

28-03-2025T12:24:13 - [TEST_STEP][PASSED] - b = <not implemented yet for class: org.codehaus.groovy.ast.expr.EmptyExpression>: null

28-03-2025T12:24:13 - [TEST_STEP][PASSED] - i = <not implemented yet for class: org.codehaus.groovy.ast.expr.EmptyExpression>: null

28-03-2025T12:24:13 - [TEST_STEP][PASSED] - ii = <not implemented yet for class: org.codehaus.groovy.ast.expr.EmptyExpression>: null

28-03-2025T12:24:13 - [TEST_STEP][PASSED] - c = <not implemented yet for class: org.codehaus.groovy.ast.expr.EmptyExpression>: null

28-03-2025T12:24:13 - [TEST_STEP][PASSED] - numberOfErrors = 0: null

28-03-2025T12:24:13 - [TEST_STEP][PASSED] - if (a == 82): null

28-03-2025T12:24:13 - [TEST_STEP][PASSED] - b = findTestData("PlanFact").getValue(1, a): null

28-03-2025T12:24:13 - [TEST_STEP][PASSED] - i = b.indexOf(" (ГК)"): null

28-03-2025T12:24:13 - [TEST_STEP][PASSED] - if (i > -1): null

28-03-2025T12:24:13 - [TEST_STEP][PASSED] - i = b.indexOf("О ""): null

28-03-2025T12:24:13 - [TEST_STEP][PASSED] - if (i > -1): null

28-03-2025T12:24:13 - [TEST_STEP][PASSED] - b = b.substring(i + 3, b.length()): null

28-03-2025T12:24:13 - [TEST_STEP][PASSED] - i = b.indexOf("""): null

28-03-2025T12:24:13 - [TEST_STEP][PASSED] - b = b.substring(0, i): null

28-03-2025T12:24:13 - [TEST_STEP][PASSED] - i = b.indexOf("О «"): null

28-03-2025T12:24:13 - [TEST_STEP][PASSED] - if (i > -1): null

28-03-2025T12:24:13 - [TEST_STEP][PASSED] - i = b.indexOf("г. "): null

28-03-2025T12:24:13 - [TEST_STEP][PASSED] - if (i > -1): null

28-03-2025T12:24:13 - [TEST_STEP][PASSED] - b = b.trim(): null

28-03-2025T12:24:13 - [TEST_STEP][PASSED] - println(b): null

28-03-2025T12:24:13 - [TEST_STEP][PASSED] - for ([planFact = 1, planFact < 3, (planFact++)]): Object: 'Object Repository/Выполнение бизнес-плана/Кнопка Факт' is clicked on

28-03-2025T12:24:13 - [TEST_STEP][PASSED] - if (planFact == 1): null

28-03-2025T12:24:13 - [TEST_STEP][PASSED] - typeOfDataMain = "Факт": null

28-03-2025T12:24:13 - [TEST_STEP][PASSED] - otpusk = findTestData("PlanFact").getValue(5, a): null

28-03-2025T12:24:13 - [TEST_STEP][PASSED] - poteri = findTestData("PlanFact").getValue(6, a): null

28-03-2025T12:24:13 - [TEST_STEP][PASSED] - otpusk = otpusk.replaceAll("\s+", ""): null

28-03-2025T12:24:13 - [TEST_STEP][PASSED] - poteri = poteri.replaceAll("\s+", ""): null

28-03-2025T12:24:13 - [TEST_STEP][PASSED] - typeOfData = typeOfDataMain + " Отпуск в сеть": null

28-03-2025T12:24:13 - [TEST_STEP][PASSED] - if (a == 82): null

28-03-2025T12:24:13 - [TEST_STEP][PASSED] - else if (a == 84): null

28-03-2025T12:24:13 - [TEST_STEP][PASSED] - else if (a == 83 || a == 52 || a == 72 || a == 28 || a == 73 || a == 77 || a == 74 || a == 65 || a == 36 || a == 44 || a == 53 || a == 80 || a == 54 || a == 1 || a == 18 || a == 59 || a == 81): null

28-03-2025T12:24:13 - [TEST_STEP][PASSED] - else: null

28-03-2025T12:24:13 - [TEST_STEP][PASSED] - path = dataFolder + typeOfData + " за отчётный период " + b: null

28-03-2025T12:24:13 - [TEST_STEP][PASSED] - println(path): null

28-03-2025T12:24:13 - [TEST_STEP][PASSED] - page = getText(findTestObject(path)): Text of object 'Object Repository/Выполнение бизнес-плана/Значения со страницы Выполнение бизнес-плана/Факт Отпуск в сеть за отчётный период ВМЭС' is: '204 505'

28-03-2025T12:24:14 - [MESSAGE][PASSED] - Text of object 'Object Repository/Выполнение бизнес-плана/Значения со страницы Выполнение бизнес-плана/Факт Отпуск в сеть за отчётный период ВМЭС' is: '204 505'

28-03-2025T12:24:14 - [TEST_STEP][PASSED] - if (page == "" || page == null): null

28-03-2025T12:24:14 - [TEST_STEP][PASSED] - else: null

28-03-2025T12:24:14 - [TEST_STEP][PASSED] - page = page.replaceAll("\s+", ""): null

28-03-2025T12:24:14 - [TEST_STEP][PASSED] - if (page == "undefined"): null

28-03-2025T12:24:14 - [TEST_STEP][PASSED] - fileOtpuskVSet = otpusk.toInteger(): null

28-03-2025T12:24:14 - [TEST_STEP][PASSED] - pageOtpuskVSet = page.toInteger(): null

28-03-2025T12:24:14 - [TEST_STEP][PASSED] - typeOfData = typeOfDataMain + " Потери": null

28-03-2025T12:24:14 - [TEST_STEP][PASSED] - if (a == 82): null

28-03-2025T12:24:14 - [TEST_STEP][PASSED] - else if (a == 84): null

28-03-2025T12:24:14 - [TEST_STEP][PASSED] - else if (a == 83 || a == 52 || a == 72 || a == 28 || a == 73 || a == 77 || a == 74 || a == 65 || a == 44 || a == 53 || a == 80 || a == 54 || a == 1 || a == 18 || a == 59 || a == 81): null

28-03-2025T12:24:14 - [TEST_STEP][PASSED] - else: null

28-03-2025T12:24:14 - [TEST_STEP][PASSED] - path = dataFolder + typeOfData + " за отчётный период " + b: null

28-03-2025T12:24:14 - [TEST_STEP][PASSED] - page = getText(findTestObject(path)): Text of object 'Object Repository/Выполнение бизнес-плана/Значения со страницы Выполнение бизнес-плана/Факт Потери за отчётный период ВМЭС' is: '27 093'

28-03-2025T12:24:14 - [MESSAGE][PASSED] - Text of object 'Object Repository/Выполнение бизнес-плана/Значения со страницы Выполнение бизнес-плана/Факт Потери за отчётный период ВМЭС' is: '27 093'

28-03-2025T12:24:14 - [TEST_STEP][PASSED] - if (page == "" || page == null): null

28-03-2025T12:24:14 - [TEST_STEP][PASSED] - else: null

28-03-2025T12:24:14 - [TEST_STEP][PASSED] - page = page.replaceAll("\s+", ""): null

28-03-2025T12:24:14 - [TEST_STEP][PASSED] - if (page == "undefined"): null

28-03-2025T12:24:14 - [TEST_STEP][PASSED] - filePoteri = poteri.toInteger(): null

28-03-2025T12:24:14 - [TEST_STEP][PASSED] - pagePoteri = page.toInteger(): null

28-03-2025T12:24:14 - [TEST_STEP][PASSED] - compare = pageOtpuskVSet: null

28-03-2025T12:24:14 - [TEST_STEP][PASSED] - if (pageOtpuskVSet != null): null

28-03-2025T12:24:14 - [TEST_STEP][PASSED] - if (compare == fileOtpuskVSet): null

28-03-2025T12:24:14 - [TEST_STEP][PASSED] - if (compare == fileOtpuskVSet): null

28-03-2025T12:24:14 - [TEST_STEP][PASSED] - compare = pagePoteri: null

28-03-2025T12:24:14 - [TEST_STEP][PASSED] - if (pageOtpuskVSet != null): null

28-03-2025T12:24:14 - [TEST_STEP][PASSED] - if (compare == filePoteri): null

28-03-2025T12:24:14 - [TEST_STEP][PASSED] - if (compare == filePoteri): null

28-03-2025T12:24:14 - [TEST_STEP][PASSED] - if (planFact == 2): null

28-03-2025T12:24:14 - [TEST_STEP][PASSED] - if (planFact == 1): null

28-03-2025T12:24:14 - [TEST_STEP][PASSED] - else if (planFact == 2): null

28-03-2025T12:24:14 - [TEST_STEP][PASSED] - click(findTestObject("Выполнение бизнес-плана/Кнопка План")): Object: 'Object Repository/Выполнение бизнес-плана/Кнопка План' is clicked on

28-03-2025T12:24:14 - [MESSAGE][PASSED] - Object: 'Object Repository/Выполнение бизнес-плана/Кнопка План' is clicked on

28-03-2025T12:24:14 - [TEST_STEP][PASSED] - typeOfDataMain = "План": null

28-03-2025T12:24:14 - [TEST_STEP][PASSED] - otpusk = findTestData("PlanFact").getValue(2, a): null

28-03-2025T12:24:14 - [TEST_STEP][PASSED] - poteri = findTestData("PlanFact").getValue(3, a): null

28-03-2025T12:24:14 - [TEST_STEP][PASSED] - otpusk = otpusk.replaceAll("\s+", ""): null

28-03-2025T12:24:14 - [TEST_STEP][PASSED] - poteri = poteri.replaceAll("\s+", ""): null

28-03-2025T12:24:14 - [TEST_STEP][PASSED] - typeOfData = typeOfDataMain + " Отпуск в сеть": null

28-03-2025T12:24:14 - [TEST_STEP][PASSED] - if (a == 82): null

28-03-2025T12:24:14 - [TEST_STEP][PASSED] - else if (a == 84): null

28-03-2025T12:24:14 - [TEST_STEP][PASSED] - else if (a == 83 || a == 52 || a == 72 || a == 28 || a == 73 || a == 77 || a == 74 || a == 65 || a == 36 || a == 44 || a == 53 || a == 80 || a == 54 || a == 1 || a == 18 || a == 59 || a == 81): null

28-03-2025T12:24:14 - [TEST_STEP][PASSED] - else: null

28-03-2025T12:24:14 - [TEST_STEP][PASSED] - path = dataFolder + typeOfData + " за отчётный период " + b: null

28-03-2025T12:24:14 - [TEST_STEP][PASSED] - println(path): null

28-03-2025T12:24:14 - [TEST_STEP][PASSED] - page = getText(findTestObject(path)): Text of object 'Object Repository/Выполнение бизнес-плана/Значения со страницы Выполнение бизнес-плана/План Отпуск в сеть за отчётный период ВМЭС' is: '222 588'

28-03-2025T12:24:15 - [MESSAGE][PASSED] - Text of object 'Object Repository/Выполнение бизнес-плана/Значения со страницы Выполнение бизнес-плана/План Отпуск в сеть за отчётный период ВМЭС' is: '222 588'

28-03-2025T12:24:15 - [TEST_STEP][PASSED] - if (page == "" || page == null): null

28-03-2025T12:24:15 - [TEST_STEP][PASSED] - else: null

28-03-2025T12:24:15 - [TEST_STEP][PASSED] - page = page.replaceAll("\s+", ""): null

28-03-2025T12:24:15 - [TEST_STEP][PASSED] - if (page == "undefined"): null

28-03-2025T12:24:15 - [TEST_STEP][PASSED] - fileOtpuskVSet = otpusk.toInteger(): null

28-03-2025T12:24:15 - [TEST_STEP][PASSED] - pageOtpuskVSet = page.toInteger(): null

28-03-2025T12:24:15 - [TEST_STEP][PASSED] - typeOfData = typeOfDataMain + " Потери": null

28-03-2025T12:24:15 - [TEST_STEP][PASSED] - if (a == 82): null

28-03-2025T12:24:15 - [TEST_STEP][PASSED] - else if (a == 84): null

28-03-2025T12:24:15 - [TEST_STEP][PASSED] - else if (a == 83 || a == 52 || a == 72 || a == 28 || a == 73 || a == 77 || a == 74 || a == 65 || a == 44 || a == 53 || a == 80 || a == 54 || a == 1 || a == 18 || a == 59 || a == 81): null

28-03-2025T12:24:15 - [TEST_STEP][PASSED] - else: null

28-03-2025T12:24:15 - [TEST_STEP][PASSED] - path = dataFolder + typeOfData + " за отчётный период " + b: null

28-03-2025T12:24:15 - [TEST_STEP][PASSED] - page = getText(findTestObject(path)): Text of object 'Object Repository/Выполнение бизнес-плана/Значения со страницы Выполнение бизнес-плана/План Потери за отчётный период ВМЭС' is: '38 831'

28-03-2025T12:24:15 - [MESSAGE][PASSED] - Text of object 'Object Repository/Выполнение бизнес-плана/Значения со страницы Выполнение бизнес-плана/План Потери за отчётный период ВМЭС' is: '38 831'

28-03-2025T12:24:15 - [TEST_STEP][PASSED] - if (page == "" || page == null): null

28-03-2025T12:24:15 - [TEST_STEP][PASSED] - else: null

28-03-2025T12:24:15 - [TEST_STEP][PASSED] - page = page.replaceAll("\s+", ""): null

28-03-2025T12:24:15 - [TEST_STEP][PASSED] - if (page == "undefined"): null

28-03-2025T12:24:15 - [TEST_STEP][PASSED] - filePoteri = poteri.toInteger(): null

28-03-2025T12:24:15 - [TEST_STEP][PASSED] - pagePoteri = page.toInteger(): null

28-03-2025T12:24:15 - [TEST_STEP][PASSED] - compare = pageOtpuskVSet: null

28-03-2025T12:24:15 - [TEST_STEP][PASSED] - if (pageOtpuskVSet != null): null

28-03-2025T12:24:15 - [TEST_STEP][PASSED] - if (compare == fileOtpuskVSet): null

28-03-2025T12:24:15 - [TEST_STEP][PASSED] - if (compare == fileOtpuskVSet): null

28-03-2025T12:24:15 - [TEST_STEP][PASSED] - compare = pagePoteri: null

28-03-2025T12:24:15 - [TEST_STEP][PASSED] - if (pageOtpuskVSet != null): null

28-03-2025T12:24:15 - [TEST_STEP][PASSED] - if (compare == filePoteri): null

28-03-2025T12:24:15 - [TEST_STEP][PASSED] - if (compare == filePoteri): null

28-03-2025T12:24:15 - [TEST_STEP][PASSED] - if (planFact == 2): Object: 'Object Repository/Выполнение бизнес-плана/Кнопка Факт' is clicked on

28-03-2025T12:24:15 - [TEST_STEP][PASSED] - click(findTestObject("Выполнение бизнес-плана/Кнопка Факт")): Object: 'Object Repository/Выполнение бизнес-плана/Кнопка Факт' is clicked on

28-03-2025T12:24:15 - [MESSAGE][PASSED] - Object: 'Object Repository/Выполнение бизнес-плана/Кнопка Факт' is clicked on

28-03-2025T12:24:15 - [TEST_STEP][PASSED] - println("a=" + a): null

28-03-2025T12:24:15 - [TEST_STEP][PASSED] - if (a == 84 || a == 82): null

28-03-2025T12:24:15 - [TEST_STEP][PASSED] - else if (a == 83 || a == 52 || a == 72 || a == 28 || a == 73 || a == 77 || a == 74 || a == 65 || a == 36 || a == 44 || a == 53 || a == 80 || a == 54 || a == 1 || a == 18 || a == 59 || a == 81): null

28-03-2025T12:24:15 - [TEST_STEP][PASSED] - else: null

28-03-2025T12:24:15 - [TEST_STEP][PASSED] - page1 = getText(findTestObject("Object Repository/Выполнение бизнес-плана/spanPlan" + filialNum)): Text of object 'Object Repository/Выполнение бизнес-плана/spanPlan1' is: '17.45
|'

28-03-2025T12:24:16 - [MESSAGE][PASSED] - Text of object 'Object Repository/Выполнение бизнес-плана/spanPlan1' is: '17.45
|'

28-03-2025T12:24:16 - [TEST_STEP][PASSED] - page1 = page1.replace("|", ""): null

28-03-2025T12:24:16 - [TEST_STEP][PASSED] - page2 = getText(findTestObject("Object Repository/Выполнение бизнес-плана/spanFact" + filialNum)): Text of object 'Object Repository/Выполнение бизнес-плана/spanFact1' is: '13.25
|'

28-03-2025T12:24:16 - [MESSAGE][PASSED] - Text of object 'Object Repository/Выполнение бизнес-плана/spanFact1' is: '13.25
|'

28-03-2025T12:24:16 - [TEST_STEP][PASSED] - page2 = page2.replace("|", ""): null

28-03-2025T12:24:16 - [TEST_STEP][PASSED] - println("page1: " + page1): null

28-03-2025T12:24:16 - [TEST_STEP][PASSED] - println("page2: " + page2): null

28-03-2025T12:24:16 - [TEST_STEP][PASSED] - file = findTestData("PlanFact").getValue(4, a): null

28-03-2025T12:24:16 - [TEST_STEP][PASSED] - file = file.replace(",", "."): null

28-03-2025T12:24:16 - [TEST_STEP][PASSED] - println("file Plan: " + file): null

28-03-2025T12:24:16 - [TEST_STEP][PASSED] - typeOfData = "План в процентах": null

28-03-2025T12:24:16 - [TEST_STEP][PASSED] - fileDouble = file.toDouble(): null

28-03-2025T12:24:16 - [TEST_STEP][PASSED] - pageDouble = page1.toDouble(): null

28-03-2025T12:24:16 - [TEST_STEP][PASSED] - if (fileDouble != pageDouble): null

28-03-2025T12:24:16 - [TEST_STEP][PASSED] - file = findTestData("PlanFact").getValue(7, a): null

28-03-2025T12:24:16 - [TEST_STEP][PASSED] - file = file.replace(",", "."): null

28-03-2025T12:24:16 - [TEST_STEP][PASSED] - println("file Fact: " + file): null

28-03-2025T12:24:16 - [TEST_STEP][PASSED] - fileDouble = file.toDouble(): null

28-03-2025T12:24:16 - [TEST_STEP][PASSED] - typeOfData = "Факт в процентах": null

28-03-2025T12:24:16 - [TEST_STEP][PASSED] - fileDouble = file.toDouble(): null

28-03-2025T12:24:16 - [TEST_STEP][PASSED] - pageDouble = page2.toDouble(): null

28-03-2025T12:24:16 - [TEST_STEP][PASSED] - if (fileDouble != pageDouble): null

28-03-2025T12:24:16 - [TEST_STEP][PASSED] - if (verifyEqual(numberOfErrors, 0) == false): Actual object '0' and expected object '0' are equal

28-03-2025T12:24:16 - [MESSAGE][PASSED] - Actual object '0' and expected object '0' are equal

28-03-2025T12:24:16 - [TEST_STEP][PASSED] - if (a == 82): null

28-03-2025T12:24:16 - [TEST_STEP][PASSED] - dZO = "Астраханьэнерго": null

28-03-2025T12:24:16 - [TEST_STEP][PASSED] - a = 60: null

28-03-2025T12:24:16 - [TEST_STEP][PASSED] - if (x2.contains(dZO)): null

28-03-2025T12:24:16 - [TEST_STEP][PASSED] - filialNum = filialNum + 1: null

28-03-2025T12:24:16 - [TEST_STEP][PASSED] - Script1718980020443.Numbers(a, typeOfData, todaysDate, pageInt, fileInt, pageDouble, fileDouble, dZO, dzoNum, filialNum): null

28-03-2025T12:24:16 - [TEST_STEP][PASSED] - println(dzoNum): null

28-03-2025T12:24:16 - [TEST_STEP][PASSED] - planFact = <not implemented yet for class: org.codehaus.groovy.ast.expr.EmptyExpression>: null

28-03-2025T12:24:16 - [TEST_STEP][PASSED] - page = <not implemented yet for class: org.codehaus.groovy.ast.expr.EmptyExpression>: null

28-03-2025T12:24:16 - [TEST_STEP][PASSED] - page1 = <not implemented yet for class: org.codehaus.groovy.ast.expr.EmptyExpression>: null

28-03-2025T12:24:16 - [TEST_STEP][PASSED] - page2 = <not implemented yet for class: org.codehaus.groovy.ast.expr.EmptyExpression>: null

28-03-2025T12:24:16 - [TEST_STEP][PASSED] - filialNumberInRow = <not implemented yet for class: org.codehaus.groovy.ast.expr.EmptyExpression>: null

28-03-2025T12:24:16 - [TEST_STEP][PASSED] - filialsDzoNames = <not implemented yet for class: org.codehaus.groovy.ast.expr.EmptyExpression>: null

28-03-2025T12:24:16 - [TEST_STEP][PASSED] - numberOfFilials = <not implemented yet for class: org.codehaus.groovy.ast.expr.EmptyExpression>: null

28-03-2025T12:24:16 - [TEST_STEP][PASSED] - numberOfSpaces = <not implemented yet for class: org.codehaus.groovy.ast.expr.EmptyExpression>: null

28-03-2025T12:24:16 - [TEST_STEP][PASSED] - file = <not implemented yet for class: org.codehaus.groovy.ast.expr.EmptyExpression>: null

28-03-2025T12:24:16 - [TEST_STEP][PASSED] - otpusk = <not implemented yet for class: org.codehaus.groovy.ast.expr.EmptyExpression>: null

28-03-2025T12:24:16 - [TEST_STEP][PASSED] - poteri = <not implemented yet for class: org.codehaus.groovy.ast.expr.EmptyExpression>: null

28-03-2025T12:24:16 - [TEST_STEP][PASSED] - dataFolder = "Выполнение бизнес-плана/Значения со страницы Выполнение бизнес-плана/": null

28-03-2025T12:24:16 - [TEST_STEP][PASSED] - path = <not implemented yet for class: org.codehaus.groovy.ast.expr.EmptyExpression>: null

28-03-2025T12:24:16 - [TEST_STEP][PASSED] - typeOfDataMain = <not implemented yet for class: org.codehaus.groovy.ast.expr.EmptyExpression>: null

28-03-2025T12:24:16 - [TEST_STEP][PASSED] - fileOtpuskVSet = <not implemented yet for class: org.codehaus.groovy.ast.expr.EmptyExpression>: null

28-03-2025T12:24:16 - [TEST_STEP][PASSED] - pageOtpuskVSet = <not implemented yet for class: org.codehaus.groovy.ast.expr.EmptyExpression>: null

28-03-2025T12:24:16 - [TEST_STEP][PASSED] - filePoteri = <not implemented yet for class: org.codehaus.groovy.ast.expr.EmptyExpression>: null

28-03-2025T12:24:16 - [TEST_STEP][PASSED] - pagePoteri = <not implemented yet for class: org.codehaus.groovy.ast.expr.EmptyExpression>: null

28-03-2025T12:24:16 - [TEST_STEP][PASSED] - compare = <not implemented yet for class: org.codehaus.groovy.ast.expr.EmptyExpression>: null

28-03-2025T12:24:16 - [TEST_STEP][PASSED] - b = <not implemented yet for class: org.codehaus.groovy.ast.expr.EmptyExpression>: null

28-03-2025T12:24:16 - [TEST_STEP][PASSED] - i = <not implemented yet for class: org.codehaus.groovy.ast.expr.EmptyExpression>: null

28-03-2025T12:24:16 - [TEST_STEP][PASSED] - ii = <not implemented yet for class: org.codehaus.groovy.ast.expr.EmptyExpression>: null

28-03-2025T12:24:16 - [TEST_STEP][PASSED] - c = <not implemented yet for class: org.codehaus.groovy.ast.expr.EmptyExpression>: null

28-03-2025T12:24:16 - [TEST_STEP][PASSED] - numberOfErrors = 0: null

28-03-2025T12:24:16 - [TEST_STEP][PASSED] - if (a == 82): null

28-03-2025T12:24:16 - [TEST_STEP][PASSED] - b = findTestData("PlanFact").getValue(1, a): null

28-03-2025T12:24:16 - [TEST_STEP][PASSED] - i = b.indexOf(" (ГК)"): null

28-03-2025T12:24:16 - [TEST_STEP][PASSED] - if (i > -1): null

28-03-2025T12:24:16 - [TEST_STEP][PASSED] - i = b.indexOf("О ""): null

28-03-2025T12:24:16 - [TEST_STEP][PASSED] - if (i > -1): null

28-03-2025T12:24:16 - [TEST_STEP][PASSED] - i = b.indexOf("О «"): null

28-03-2025T12:24:16 - [TEST_STEP][PASSED] - if (i > -1): null

28-03-2025T12:24:16 - [TEST_STEP][PASSED] - i = b.indexOf("г. "): null

28-03-2025T12:24:16 - [TEST_STEP][PASSED] - if (i > -1): null

28-03-2025T12:24:16 - [TEST_STEP][PASSED] - b = b.trim(): null

28-03-2025T12:24:16 - [TEST_STEP][PASSED] - println(b): null

28-03-2025T12:24:16 - [TEST_STEP][PASSED] - for ([planFact = 1, planFact < 3, (planFact++)]): Object: 'Object Repository/Выполнение бизнес-плана/Кнопка Факт' is clicked on

28-03-2025T12:24:16 - [TEST_STEP][PASSED] - if (planFact == 1): null

28-03-2025T12:24:16 - [TEST_STEP][PASSED] - typeOfDataMain = "Факт": null

28-03-2025T12:24:16 - [TEST_STEP][PASSED] - otpusk = findTestData("PlanFact").getValue(5, a): null

28-03-2025T12:24:16 - [TEST_STEP][PASSED] - poteri = findTestData("PlanFact").getValue(6, a): null

28-03-2025T12:24:16 - [TEST_STEP][PASSED] - otpusk = otpusk.replaceAll("\s+", ""): null

28-03-2025T12:24:16 - [TEST_STEP][PASSED] - poteri = poteri.replaceAll("\s+", ""): null

28-03-2025T12:24:16 - [TEST_STEP][PASSED] - typeOfData = typeOfDataMain + " Отпуск в сеть": null

28-03-2025T12:24:16 - [TEST_STEP][PASSED] - if (a == 82): null

28-03-2025T12:24:16 - [TEST_STEP][PASSED] - else if (a == 84): null

28-03-2025T12:24:16 - [TEST_STEP][PASSED] - else if (a == 83 || a == 52 || a == 72 || a == 28 || a == 73 || a == 77 || a == 74 || a == 65 || a == 36 || a == 44 || a == 53 || a == 80 || a == 54 || a == 1 || a == 18 || a == 59 || a == 81): null

28-03-2025T12:24:16 - [TEST_STEP][PASSED] - else: null

28-03-2025T12:24:16 - [TEST_STEP][PASSED] - path = dataFolder + typeOfData + " за отчётный период " + b: null

28-03-2025T12:24:16 - [TEST_STEP][PASSED] - println(path): null

28-03-2025T12:24:16 - [TEST_STEP][PASSED] - page = getText(findTestObject(path)): Text of object 'Object Repository/Выполнение бизнес-плана/Значения со страницы Выполнение бизнес-плана/Факт Отпуск в сеть за отчётный период Астраханьэнерго' is: '312 576'

28-03-2025T12:24:17 - [MESSAGE][PASSED] - Text of object 'Object Repository/Выполнение бизнес-плана/Значения со страницы Выполнение бизнес-плана/Факт Отпуск в сеть за отчётный период Астраханьэнерго' is: '312 576'

28-03-2025T12:24:17 - [TEST_STEP][PASSED] - if (page == "" || page == null): null

28-03-2025T12:24:17 - [TEST_STEP][PASSED] - else: null

28-03-2025T12:24:17 - [TEST_STEP][PASSED] - page = page.replaceAll("\s+", ""): null

28-03-2025T12:24:17 - [TEST_STEP][PASSED] - if (page == "undefined"): null

28-03-2025T12:24:17 - [TEST_STEP][PASSED] - fileOtpuskVSet = otpusk.toInteger(): null

28-03-2025T12:24:17 - [TEST_STEP][PASSED] - pageOtpuskVSet = page.toInteger(): null

28-03-2025T12:24:17 - [TEST_STEP][PASSED] - typeOfData = typeOfDataMain + " Потери": null

28-03-2025T12:24:17 - [TEST_STEP][PASSED] - if (a == 82): null

28-03-2025T12:24:17 - [TEST_STEP][PASSED] - else if (a == 84): null

28-03-2025T12:24:17 - [TEST_STEP][PASSED] - else if (a == 83 || a == 52 || a == 72 || a == 28 || a == 73 || a == 77 || a == 74 || a == 65 || a == 44 || a == 53 || a == 80 || a == 54 || a == 1 || a == 18 || a == 59 || a == 81): null

28-03-2025T12:24:17 - [TEST_STEP][PASSED] - else: null

28-03-2025T12:24:17 - [TEST_STEP][PASSED] - path = dataFolder + typeOfData + " за отчётный период " + b: null

28-03-2025T12:24:17 - [TEST_STEP][PASSED] - page = getText(findTestObject(path)): Text of object 'Object Repository/Выполнение бизнес-плана/Значения со страницы Выполнение бизнес-плана/Факт Потери за отчётный период Астраханьэнерго' is: '55 661'

28-03-2025T12:24:17 - [MESSAGE][PASSED] - Text of object 'Object Repository/Выполнение бизнес-плана/Значения со страницы Выполнение бизнес-плана/Факт Потери за отчётный период Астраханьэнерго' is: '55 661'

28-03-2025T12:24:17 - [TEST_STEP][PASSED] - if (page == "" || page == null): null

28-03-2025T12:24:17 - [TEST_STEP][PASSED] - else: null

28-03-2025T12:24:17 - [TEST_STEP][PASSED] - page = page.replaceAll("\s+", ""): null

28-03-2025T12:24:17 - [TEST_STEP][PASSED] - if (page == "undefined"): null

28-03-2025T12:24:17 - [TEST_STEP][PASSED] - filePoteri = poteri.toInteger(): null

28-03-2025T12:24:17 - [TEST_STEP][PASSED] - pagePoteri = page.toInteger(): null

28-03-2025T12:24:17 - [TEST_STEP][PASSED] - compare = pageOtpuskVSet: null

28-03-2025T12:24:17 - [TEST_STEP][PASSED] - if (pageOtpuskVSet != null): null

28-03-2025T12:24:17 - [TEST_STEP][PASSED] - if (compare == fileOtpuskVSet): null

28-03-2025T12:24:17 - [TEST_STEP][PASSED] - if (compare == fileOtpuskVSet): null

28-03-2025T12:24:17 - [TEST_STEP][PASSED] - compare = pagePoteri: null

28-03-2025T12:24:17 - [TEST_STEP][PASSED] - if (pageOtpuskVSet != null): null

28-03-2025T12:24:17 - [TEST_STEP][PASSED] - if (compare == filePoteri): null

28-03-2025T12:24:17 - [TEST_STEP][PASSED] - if (compare == filePoteri): null

28-03-2025T12:24:17 - [TEST_STEP][PASSED] - if (planFact == 2): null

28-03-2025T12:24:17 - [TEST_STEP][PASSED] - if (planFact == 1): null

28-03-2025T12:24:17 - [TEST_STEP][PASSED] - else if (planFact == 2): null

28-03-2025T12:24:17 - [TEST_STEP][PASSED] - click(findTestObject("Выполнение бизнес-плана/Кнопка План")): Object: 'Object Repository/Выполнение бизнес-плана/Кнопка План' is clicked on

28-03-2025T12:24:17 - [MESSAGE][PASSED] - Object: 'Object Repository/Выполнение бизнес-плана/Кнопка План' is clicked on

28-03-2025T12:24:17 - [TEST_STEP][PASSED] - typeOfDataMain = "План": null

28-03-2025T12:24:17 - [TEST_STEP][PASSED] - otpusk = findTestData("PlanFact").getValue(2, a): null

28-03-2025T12:24:17 - [TEST_STEP][PASSED] - poteri = findTestData("PlanFact").getValue(3, a): null

28-03-2025T12:24:17 - [TEST_STEP][PASSED] - otpusk = otpusk.replaceAll("\s+", ""): null

28-03-2025T12:24:17 - [TEST_STEP][PASSED] - poteri = poteri.replaceAll("\s+", ""): null

28-03-2025T12:24:17 - [TEST_STEP][PASSED] - typeOfData = typeOfDataMain + " Отпуск в сеть": null

28-03-2025T12:24:17 - [TEST_STEP][PASSED] - if (a == 82): null

28-03-2025T12:24:17 - [TEST_STEP][PASSED] - else if (a == 84): null

28-03-2025T12:24:17 - [TEST_STEP][PASSED] - else if (a == 83 || a == 52 || a == 72 || a == 28 || a == 73 || a == 77 || a == 74 || a == 65 || a == 36 || a == 44 || a == 53 || a == 80 || a == 54 || a == 1 || a == 18 || a == 59 || a == 81): null

28-03-2025T12:24:17 - [TEST_STEP][PASSED] - else: null

28-03-2025T12:24:17 - [TEST_STEP][PASSED] - path = dataFolder + typeOfData + " за отчётный период " + b: null

28-03-2025T12:24:17 - [TEST_STEP][PASSED] - println(path): null

28-03-2025T12:24:17 - [TEST_STEP][PASSED] - page = getText(findTestObject(path)): Text of object 'Object Repository/Выполнение бизнес-плана/Значения со страницы Выполнение бизнес-плана/План Отпуск в сеть за отчётный период Астраханьэнерго' is: '326 394'

28-03-2025T12:24:18 - [MESSAGE][PASSED] - Text of object 'Object Repository/Выполнение бизнес-плана/Значения со страницы Выполнение бизнес-плана/План Отпуск в сеть за отчётный период Астраханьэнерго' is: '326 394'

28-03-2025T12:24:18 - [TEST_STEP][PASSED] - if (page == "" || page == null): null

28-03-2025T12:24:18 - [TEST_STEP][PASSED] - else: null

28-03-2025T12:24:18 - [TEST_STEP][PASSED] - page = page.replaceAll("\s+", ""): null

28-03-2025T12:24:18 - [TEST_STEP][PASSED] - if (page == "undefined"): null

28-03-2025T12:24:18 - [TEST_STEP][PASSED] - fileOtpuskVSet = otpusk.toInteger(): null

28-03-2025T12:24:18 - [TEST_STEP][PASSED] - pageOtpuskVSet = page.toInteger(): null

28-03-2025T12:24:18 - [TEST_STEP][PASSED] - typeOfData = typeOfDataMain + " Потери": null

28-03-2025T12:24:18 - [TEST_STEP][PASSED] - if (a == 82): null

28-03-2025T12:24:18 - [TEST_STEP][PASSED] - else if (a == 84): null

28-03-2025T12:24:18 - [TEST_STEP][PASSED] - else if (a == 83 || a == 52 || a == 72 || a == 28 || a == 73 || a == 77 || a == 74 || a == 65 || a == 44 || a == 53 || a == 80 || a == 54 || a == 1 || a == 18 || a == 59 || a == 81): null

28-03-2025T12:24:18 - [TEST_STEP][PASSED] - else: null

28-03-2025T12:24:18 - [TEST_STEP][PASSED] - path = dataFolder + typeOfData + " за отчётный период " + b: null

28-03-2025T12:24:18 - [TEST_STEP][PASSED] - page = getText(findTestObject(path)): Text of object 'Object Repository/Выполнение бизнес-плана/Значения со страницы Выполнение бизнес-плана/План Потери за отчётный период Астраханьэнерго' is: '69 325'

28-03-2025T12:24:18 - [MESSAGE][PASSED] - Text of object 'Object Repository/Выполнение бизнес-плана/Значения со страницы Выполнение бизнес-плана/План Потери за отчётный период Астраханьэнерго' is: '69 325'

28-03-2025T12:24:18 - [TEST_STEP][PASSED] - if (page == "" || page == null): null

28-03-2025T12:24:18 - [TEST_STEP][PASSED] - else: null

28-03-2025T12:24:18 - [TEST_STEP][PASSED] - page = page.replaceAll("\s+", ""): null

28-03-2025T12:24:18 - [TEST_STEP][PASSED] - if (page == "undefined"): null

28-03-2025T12:24:18 - [TEST_STEP][PASSED] - filePoteri = poteri.toInteger(): null

28-03-2025T12:24:18 - [TEST_STEP][PASSED] - pagePoteri = page.toInteger(): null

28-03-2025T12:24:18 - [TEST_STEP][PASSED] - compare = pageOtpuskVSet: null

28-03-2025T12:24:18 - [TEST_STEP][PASSED] - if (pageOtpuskVSet != null): null

28-03-2025T12:24:18 - [TEST_STEP][PASSED] - if (compare == fileOtpuskVSet): null

28-03-2025T12:24:18 - [TEST_STEP][PASSED] - if (compare == fileOtpuskVSet): null

28-03-2025T12:24:18 - [TEST_STEP][PASSED] - compare = pagePoteri: null

28-03-2025T12:24:18 - [TEST_STEP][PASSED] - if (pageOtpuskVSet != null): null

28-03-2025T12:24:18 - [TEST_STEP][PASSED] - if (compare == filePoteri): null

28-03-2025T12:24:18 - [TEST_STEP][PASSED] - if (compare == filePoteri): null

28-03-2025T12:24:18 - [TEST_STEP][PASSED] - if (planFact == 2): Object: 'Object Repository/Выполнение бизнес-плана/Кнопка Факт' is clicked on

28-03-2025T12:24:18 - [TEST_STEP][PASSED] - click(findTestObject("Выполнение бизнес-плана/Кнопка Факт")): Object: 'Object Repository/Выполнение бизнес-плана/Кнопка Факт' is clicked on

28-03-2025T12:24:18 - [MESSAGE][PASSED] - Object: 'Object Repository/Выполнение бизнес-плана/Кнопка Факт' is clicked on

28-03-2025T12:24:18 - [TEST_STEP][PASSED] - println("a=" + a): null

28-03-2025T12:24:18 - [TEST_STEP][PASSED] - if (a == 84 || a == 82): null

28-03-2025T12:24:18 - [TEST_STEP][PASSED] - else if (a == 83 || a == 52 || a == 72 || a == 28 || a == 73 || a == 77 || a == 74 || a == 65 || a == 36 || a == 44 || a == 53 || a == 80 || a == 54 || a == 1 || a == 18 || a == 59 || a == 81): null

28-03-2025T12:24:18 - [TEST_STEP][PASSED] - else: null

28-03-2025T12:24:18 - [TEST_STEP][PASSED] - page1 = getText(findTestObject("Object Repository/Выполнение бизнес-плана/spanPlan" + filialNum)): Text of object 'Object Repository/Выполнение бизнес-плана/spanPlan2' is: '21.24
|'

28-03-2025T12:24:19 - [MESSAGE][PASSED] - Text of object 'Object Repository/Выполнение бизнес-плана/spanPlan2' is: '21.24
|'

28-03-2025T12:24:19 - [TEST_STEP][PASSED] - page1 = page1.replace("|", ""): null

28-03-2025T12:24:19 - [TEST_STEP][PASSED] - page2 = getText(findTestObject("Object Repository/Выполнение бизнес-плана/spanFact" + filialNum)): Text of object 'Object Repository/Выполнение бизнес-плана/spanFact2' is: '17.81
|'

28-03-2025T12:24:19 - [MESSAGE][PASSED] - Text of object 'Object Repository/Выполнение бизнес-плана/spanFact2' is: '17.81
|'

28-03-2025T12:24:19 - [TEST_STEP][PASSED] - page2 = page2.replace("|", ""): null

28-03-2025T12:24:19 - [TEST_STEP][PASSED] - println("page1: " + page1): null

28-03-2025T12:24:19 - [TEST_STEP][PASSED] - println("page2: " + page2): null

28-03-2025T12:24:19 - [TEST_STEP][PASSED] - file = findTestData("PlanFact").getValue(4, a): null

28-03-2025T12:24:19 - [TEST_STEP][PASSED] - file = file.replace(",", "."): null

28-03-2025T12:24:19 - [TEST_STEP][PASSED] - println("file Plan: " + file): null

28-03-2025T12:24:19 - [TEST_STEP][PASSED] - typeOfData = "План в процентах": null

28-03-2025T12:24:19 - [TEST_STEP][PASSED] - fileDouble = file.toDouble(): null

28-03-2025T12:24:19 - [TEST_STEP][PASSED] - pageDouble = page1.toDouble(): null

28-03-2025T12:24:19 - [TEST_STEP][PASSED] - if (fileDouble != pageDouble): null

28-03-2025T12:24:19 - [TEST_STEP][PASSED] - file = findTestData("PlanFact").getValue(7, a): null

28-03-2025T12:24:19 - [TEST_STEP][PASSED] - file = file.replace(",", "."): null

28-03-2025T12:24:19 - [TEST_STEP][PASSED] - println("file Fact: " + file): null

28-03-2025T12:24:19 - [TEST_STEP][PASSED] - fileDouble = file.toDouble(): null

28-03-2025T12:24:19 - [TEST_STEP][PASSED] - typeOfData = "Факт в процентах": null

28-03-2025T12:24:19 - [TEST_STEP][PASSED] - fileDouble = file.toDouble(): null

28-03-2025T12:24:19 - [TEST_STEP][PASSED] - pageDouble = page2.toDouble(): null

28-03-2025T12:24:19 - [TEST_STEP][PASSED] - if (fileDouble != pageDouble): null

28-03-2025T12:24:19 - [TEST_STEP][PASSED] - if (verifyEqual(numberOfErrors, 0) == false): Actual object '0' and expected object '0' are equal

28-03-2025T12:24:19 - [MESSAGE][PASSED] - Actual object '0' and expected object '0' are equal

28-03-2025T12:24:19 - [TEST_STEP][PASSED] - if (a == 82): null

28-03-2025T12:24:19 - [TEST_STEP][PASSED] - dZO = "Волгоградэнерго": null

28-03-2025T12:24:19 - [TEST_STEP][PASSED] - a = 61: null

28-03-2025T12:24:19 - [TEST_STEP][PASSED] - if (x2.contains(dZO)): null

28-03-2025T12:24:19 - [TEST_STEP][PASSED] - filialNum = filialNum + 1: null

28-03-2025T12:24:19 - [TEST_STEP][PASSED] - Script1718980020443.Numbers(a, typeOfData, todaysDate, pageInt, fileInt, pageDouble, fileDouble, dZO, dzoNum, filialNum): null

28-03-2025T12:24:19 - [TEST_STEP][PASSED] - println(dzoNum): null

28-03-2025T12:24:19 - [TEST_STEP][PASSED] - planFact = <not implemented yet for class: org.codehaus.groovy.ast.expr.EmptyExpression>: null

28-03-2025T12:24:19 - [TEST_STEP][PASSED] - page = <not implemented yet for class: org.codehaus.groovy.ast.expr.EmptyExpression>: null

28-03-2025T12:24:19 - [TEST_STEP][PASSED] - page1 = <not implemented yet for class: org.codehaus.groovy.ast.expr.EmptyExpression>: null

28-03-2025T12:24:19 - [TEST_STEP][PASSED] - page2 = <not implemented yet for class: org.codehaus.groovy.ast.expr.EmptyExpression>: null

28-03-2025T12:24:19 - [TEST_STEP][PASSED] - filialNumberInRow = <not implemented yet for class: org.codehaus.groovy.ast.expr.EmptyExpression>: null

28-03-2025T12:24:19 - [TEST_STEP][PASSED] - filialsDzoNames = <not implemented yet for class: org.codehaus.groovy.ast.expr.EmptyExpression>: null

28-03-2025T12:24:19 - [TEST_STEP][PASSED] - numberOfFilials = <not implemented yet for class: org.codehaus.groovy.ast.expr.EmptyExpression>: null

28-03-2025T12:24:19 - [TEST_STEP][PASSED] - numberOfSpaces = <not implemented yet for class: org.codehaus.groovy.ast.expr.EmptyExpression>: null

28-03-2025T12:24:19 - [TEST_STEP][PASSED] - file = <not implemented yet for class: org.codehaus.groovy.ast.expr.EmptyExpression>: null

28-03-2025T12:24:19 - [TEST_STEP][PASSED] - otpusk = <not implemented yet for class: org.codehaus.groovy.ast.expr.EmptyExpression>: null

28-03-2025T12:24:19 - [TEST_STEP][PASSED] - poteri = <not implemented yet for class: org.codehaus.groovy.ast.expr.EmptyExpression>: null

28-03-2025T12:24:19 - [TEST_STEP][PASSED] - dataFolder = "Выполнение бизнес-плана/Значения со страницы Выполнение бизнес-плана/": null

28-03-2025T12:24:19 - [TEST_STEP][PASSED] - path = <not implemented yet for class: org.codehaus.groovy.ast.expr.EmptyExpression>: null

28-03-2025T12:24:19 - [TEST_STEP][PASSED] - typeOfDataMain = <not implemented yet for class: org.codehaus.groovy.ast.expr.EmptyExpression>: null

28-03-2025T12:24:19 - [TEST_STEP][PASSED] - fileOtpuskVSet = <not implemented yet for class: org.codehaus.groovy.ast.expr.EmptyExpression>: null

28-03-2025T12:24:19 - [TEST_STEP][PASSED] - pageOtpuskVSet = <not implemented yet for class: org.codehaus.groovy.ast.expr.EmptyExpression>: null

28-03-2025T12:24:19 - [TEST_STEP][PASSED] - filePoteri = <not implemented yet for class: org.codehaus.groovy.ast.expr.EmptyExpression>: null

28-03-2025T12:24:19 - [TEST_STEP][PASSED] - pagePoteri = <not implemented yet for class: org.codehaus.groovy.ast.expr.EmptyExpression>: null

28-03-2025T12:24:19 - [TEST_STEP][PASSED] - compare = <not implemented yet for class: org.codehaus.groovy.ast.expr.EmptyExpression>: null

28-03-2025T12:24:19 - [TEST_STEP][PASSED] - b = <not implemented yet for class: org.codehaus.groovy.ast.expr.EmptyExpression>: null

28-03-2025T12:24:19 - [TEST_STEP][PASSED] - i = <not implemented yet for class: org.codehaus.groovy.ast.expr.EmptyExpression>: null

28-03-2025T12:24:19 - [TEST_STEP][PASSED] - ii = <not implemented yet for class: org.codehaus.groovy.ast.expr.EmptyExpression>: null

28-03-2025T12:24:19 - [TEST_STEP][PASSED] - c = <not implemented yet for class: org.codehaus.groovy.ast.expr.EmptyExpression>: null

28-03-2025T12:24:19 - [TEST_STEP][PASSED] - numberOfErrors = 0: null

28-03-2025T12:24:19 - [TEST_STEP][PASSED] - if (a == 82): null

28-03-2025T12:24:19 - [TEST_STEP][PASSED] - b = findTestData("PlanFact").getValue(1, a): null

28-03-2025T12:24:19 - [TEST_STEP][PASSED] - i = b.indexOf(" (ГК)"): null

28-03-2025T12:24:19 - [TEST_STEP][PASSED] - if (i > -1): null

28-03-2025T12:24:19 - [TEST_STEP][PASSED] - i = b.indexOf("О ""): null

28-03-2025T12:24:19 - [TEST_STEP][PASSED] - if (i > -1): null

28-03-2025T12:24:19 - [TEST_STEP][PASSED] - i = b.indexOf("О «"): null

28-03-2025T12:24:19 - [TEST_STEP][PASSED] - if (i > -1): null

28-03-2025T12:24:19 - [TEST_STEP][PASSED] - i = b.indexOf("г. "): null

28-03-2025T12:24:19 - [TEST_STEP][PASSED] - if (i > -1): null

28-03-2025T12:24:19 - [TEST_STEP][PASSED] - b = b.trim(): null

28-03-2025T12:24:19 - [TEST_STEP][PASSED] - println(b): null

28-03-2025T12:24:19 - [TEST_STEP][PASSED] - for ([planFact = 1, planFact < 3, (planFact++)]): null

28-03-2025T12:24:19 - [TEST_STEP][PASSED] - if (planFact == 1): null

28-03-2025T12:24:19 - [TEST_STEP][PASSED] - typeOfDataMain = "Факт": null

28-03-2025T12:24:19 - [TEST_STEP][PASSED] - otpusk = findTestData("PlanFact").getValue(5, a): null

28-03-2025T12:24:19 - [TEST_STEP][PASSED] - poteri = findTestData("PlanFact").getValue(6, a): null

28-03-2025T12:24:19 - [TEST_STEP][PASSED] - otpusk = otpusk.replaceAll("\s+", ""): null

28-03-2025T12:24:19 - [TEST_STEP][PASSED] - poteri = poteri.replaceAll("\s+", ""): null

28-03-2025T12:24:19 - [TEST_STEP][PASSED] - typeOfData = typeOfDataMain + " Отпуск в сеть": null

28-03-2025T12:24:19 - [TEST_STEP][PASSED] - if (a == 82): null

28-03-2025T12:24:19 - [TEST_STEP][PASSED] - else if (a == 84): null

28-03-2025T12:24:19 - [TEST_STEP][PASSED] - else if (a == 83 || a == 52 || a == 72 || a == 28 || a == 73 || a == 77 || a == 74 || a == 65 || a == 36 || a == 44 || a == 53 || a == 80 || a == 54 || a == 1 || a == 18 || a == 59 || a == 81): null

28-03-2025T12:24:19 - [TEST_STEP][PASSED] - else: null

28-03-2025T12:24:19 - [TEST_STEP][PASSED] - path = dataFolder + typeOfData + " за отчётный период " + b: null

28-03-2025T12:24:19 - [TEST_STEP][PASSED] - println(path): null

28-03-2025T12:24:19 - [TEST_STEP][PASSED] - page = getText(findTestObject(path)): Text of object 'Object Repository/Выполнение бизнес-плана/Значения со страницы Выполнение бизнес-плана/Факт Отпуск в сеть за отчётный период Волгоградэнерго' is: '1 529 424'

28-03-2025T12:24:19 - [MESSAGE][PASSED] - Text of object 'Object Repository/Выполнение бизнес-плана/Значения со страницы Выполнение бизнес-плана/Факт Отпуск в сеть за отчётный период Волгоградэнерго' is: '1 529 424'

28-03-2025T12:24:19 - [TEST_STEP][PASSED] - if (page == "" || page == null): null

28-03-2025T12:24:19 - [TEST_STEP][PASSED] - else: null

28-03-2025T12:24:19 - [TEST_STEP][PASSED] - page = page.replaceAll("\s+", ""): null

28-03-2025T12:24:19 - [TEST_STEP][PASSED] - if (page == "undefined"): null

28-03-2025T12:24:19 - [TEST_STEP][PASSED] - fileOtpuskVSet = otpusk.toInteger(): null

28-03-2025T12:24:19 - [TEST_STEP][PASSED] - pageOtpuskVSet = page.toInteger(): null

28-03-2025T12:24:19 - [TEST_STEP][PASSED] - typeOfData = typeOfDataMain + " Потери": null

28-03-2025T12:24:19 - [TEST_STEP][PASSED] - if (a == 82): null

28-03-2025T12:24:19 - [TEST_STEP][PASSED] - else if (a == 84): null

28-03-2025T12:24:19 - [TEST_STEP][PASSED] - else if (a == 83 || a == 52 || a == 72 || a == 28 || a == 73 || a == 77 || a == 74 || a == 65 || a == 44 || a == 53 || a == 80 || a == 54 || a == 1 || a == 18 || a == 59 || a == 81): null

28-03-2025T12:24:19 - [TEST_STEP][PASSED] - else: null

28-03-2025T12:24:19 - [TEST_STEP][PASSED] - path = dataFolder + typeOfData + " за отчётный период " + b: null

28-03-2025T12:24:19 - [TEST_STEP][PASSED] - page = getText(findTestObject(path)): Text of object 'Object Repository/Выполнение бизнес-плана/Значения со страницы Выполнение бизнес-плана/Факт Потери за отчётный период Волгоградэнерго' is: '112 811'

28-03-2025T12:24:20 - [MESSAGE][PASSED] - Text of object 'Object Repository/Выполнение бизнес-плана/Значения со страницы Выполнение бизнес-плана/Факт Потери за отчётный период Волгоградэнерго' is: '112 811'

28-03-2025T12:24:20 - [TEST_STEP][PASSED] - if (page == "" || page == null): null

28-03-2025T12:24:20 - [TEST_STEP][PASSED] - else: null

28-03-2025T12:24:20 - [TEST_STEP][PASSED] - page = page.replaceAll("\s+", ""): null

28-03-2025T12:24:20 - [TEST_STEP][PASSED] - if (page == "undefined"): null

28-03-2025T12:24:20 - [TEST_STEP][PASSED] - filePoteri = poteri.toInteger(): null

28-03-2025T12:24:20 - [TEST_STEP][PASSED] - pagePoteri = page.toInteger(): null

28-03-2025T12:24:20 - [TEST_STEP][PASSED] - compare = pageOtpuskVSet: null

28-03-2025T12:24:20 - [TEST_STEP][PASSED] - if (pageOtpuskVSet != null): null

28-03-2025T12:24:20 - [TEST_STEP][PASSED] - if (compare == fileOtpuskVSet): null

28-03-2025T12:24:20 - [TEST_STEP][PASSED] - else if (compare > fileOtpuskVSet): null

28-03-2025T12:24:20 - [TEST_STEP][PASSED] - compare = compare - 1: null

28-03-2025T12:24:20 - [TEST_STEP][PASSED] - if (compare == fileOtpuskVSet): null

28-03-2025T12:24:20 - [TEST_STEP][PASSED] - else: null

28-03-2025T12:24:20 - [TEST_STEP][PASSED] - numberOfErrors = numberOfErrors + 1: null

28-03-2025T12:24:20 - [TEST_STEP][PASSED] - pageInt = pageOtpuskVSet: null

28-03-2025T12:24:20 - [TEST_STEP][PASSED] - fileInt = fileOtpuskVSet: null

28-03-2025T12:24:20 - [TEST_STEP][PASSED] - typeOfData = typeOfDataMain + " Отпуск в сеть": null

28-03-2025T12:24:20 - [TEST_STEP][PASSED] - Script1718980020443.WriteToExcel(a, typeOfData, todaysDate, pageInt, fileInt, pageDouble, fileDouble, dZO): null

28-03-2025T12:24:20 - [TEST_STEP][PASSED] - sheetName = "Sheet1": null

28-03-2025T12:24:20 - [TEST_STEP][PASSED] - data = findTestData("PlanFact"): null

28-03-2025T12:24:20 - [TEST_STEP][PASSED] - n = data.getRowNumbers() + 1: null

28-03-2025T12:24:20 - [TEST_STEP][PASSED] - day = ")).toInteger(): null

28-03-2025T12:24:20 - [TEST_STEP][PASSED] - println(day): null

28-03-2025T12:24:20 - [TEST_STEP][PASSED] - month = ")).toInteger(): null

28-03-2025T12:24:20 - [TEST_STEP][PASSED] - println(month): null

28-03-2025T12:24:20 - [TEST_STEP][PASSED] - y = <not implemented yet for class: org.codehaus.groovy.ast.expr.EmptyExpression>: null

28-03-2025T12:24:20 - [TEST_STEP][PASSED] - iy = <not implemented yet for class: org.codehaus.groovy.ast.expr.EmptyExpression>: null

28-03-2025T12:24:20 - [TEST_STEP][PASSED] - m = getText(findTestObject("Выполнение бизнес-плана/Период")): Text of object 'Object Repository/Выполнение бизнес-плана/Период' is: 'Январь 2025 года'

28-03-2025T12:24:20 - [MESSAGE][PASSED] - Text of object 'Object Repository/Выполнение бизнес-плана/Период' is: 'Январь 2025 года'

28-03-2025T12:24:20 - [TEST_STEP][PASSED] - iy = m.indexOf("20"): null

28-03-2025T12:24:20 - [TEST_STEP][PASSED] - if (iy > -1): null

28-03-2025T12:24:20 - [TEST_STEP][PASSED] - y = substring(iy, iy + 4).toInteger(): null

28-03-2025T12:24:20 - [TEST_STEP][PASSED] - println(y): null

28-03-2025T12:24:20 - [TEST_STEP][PASSED] - if (toString().length() == 4): null

28-03-2025T12:24:20 - [TEST_STEP][PASSED] - m = m.substring(0, m.indexOf(y.toString())): null

28-03-2025T12:24:20 - [TEST_STEP][PASSED] - m = m.trim(): null

28-03-2025T12:24:20 - [TEST_STEP][PASSED] - if (m == ""): null

28-03-2025T12:24:20 - [TEST_STEP][PASSED] - dashboardName = "Выполнение бизнес-плана": null

28-03-2025T12:24:20 - [TEST_STEP][PASSED] - workbook01 = getWorkbook(excelFilePath): null

28-03-2025T12:24:20 - [TEST_STEP][PASSED] - sheet01 = getExcelSheet(workbook01, sheetName): null

28-03-2025T12:24:20 - [TEST_STEP][PASSED] - setValueToCellByIndex(sheet01, n, 0, dashboardName): null

28-03-2025T12:24:20 - [TEST_STEP][PASSED] - setValueToCellByIndex(sheet01, n, 1, dZO): null

28-03-2025T12:24:20 - [TEST_STEP][PASSED] - setValueToCellByIndex(sheet01, n, 2, typeOfData): null

28-03-2025T12:24:20 - [TEST_STEP][PASSED] - if (typeOfData == "Факт в процентах" || typeOfData == "План в процентах"): null

28-03-2025T12:24:20 - [TEST_STEP][PASSED] - else: null

28-03-2025T12:24:20 - [TEST_STEP][PASSED] - setValueToCellByIndex(sheet01, n, 3, fileInt): null

28-03-2025T12:24:20 - [TEST_STEP][PASSED] - setValueToCellByIndex(sheet01, n, 4, pageInt): null

28-03-2025T12:24:20 - [TEST_STEP][PASSED] - setValueToCellByIndex(sheet01, n, 5, m): null

28-03-2025T12:24:20 - [TEST_STEP][PASSED] - setValueToCellByIndex(sheet01, n, 6, y): null

28-03-2025T12:24:20 - [TEST_STEP][PASSED] - setValueToCellByIndex(sheet01, n, 7, todaysDate): null

28-03-2025T12:24:20 - [TEST_STEP][PASSED] - n = n + 1: null

28-03-2025T12:24:20 - [TEST_STEP][PASSED] - saveWorkbook(excelFilePath, workbook01): null

28-03-2025T12:24:20 - [TEST_STEP][PASSED] - compare = pagePoteri: null

28-03-2025T12:24:20 - [TEST_STEP][PASSED] - if (pageOtpuskVSet != null): null

28-03-2025T12:24:20 - [TEST_STEP][PASSED] - if (compare == filePoteri): null

28-03-2025T12:24:20 - [TEST_STEP][PASSED] - else if (compare > filePoteri): null

28-03-2025T12:24:20 - [TEST_STEP][PASSED] - compare = compare - 1: null

28-03-2025T12:24:20 - [TEST_STEP][PASSED] - if (compare == filePoteri): null

28-03-2025T12:24:20 - [TEST_STEP][PASSED] - else: null

28-03-2025T12:24:20 - [TEST_STEP][PASSED] - numberOfErrors = numberOfErrors + 1: null

28-03-2025T12:24:20 - [TEST_STEP][PASSED] - pageInt = pagePoteri: null

28-03-2025T12:24:20 - [TEST_STEP][PASSED] - fileInt = filePoteri: null

28-03-2025T12:24:20 - [TEST_STEP][PASSED] - typeOfData = typeOfDataMain + " Потери": null

28-03-2025T12:24:20 - [TEST_STEP][PASSED] - Script1718980020443.WriteToExcel(a, typeOfData, todaysDate, pageInt, fileInt, pageDouble, fileDouble, dZO): null

28-03-2025T12:24:20 - [TEST_STEP][PASSED] - sheetName = "Sheet1": null

28-03-2025T12:24:20 - [TEST_STEP][PASSED] - data = findTestData("PlanFact"): null

28-03-2025T12:24:20 - [TEST_STEP][PASSED] - n = data.getRowNumbers() + 1: null

28-03-2025T12:24:20 - [TEST_STEP][PASSED] - day = ")).toInteger(): null

28-03-2025T12:24:20 - [TEST_STEP][PASSED] - println(day): null

28-03-2025T12:24:20 - [TEST_STEP][PASSED] - month = ")).toInteger(): null

28-03-2025T12:24:20 - [TEST_STEP][PASSED] - println(month): null

28-03-2025T12:24:20 - [TEST_STEP][PASSED] - y = <not implemented yet for class: org.codehaus.groovy.ast.expr.EmptyExpression>: null

28-03-2025T12:24:20 - [TEST_STEP][PASSED] - iy = <not implemented yet for class: org.codehaus.groovy.ast.expr.EmptyExpression>: null

28-03-2025T12:24:20 - [TEST_STEP][PASSED] - m = getText(findTestObject("Выполнение бизнес-плана/Период")): Text of object 'Object Repository/Выполнение бизнес-плана/Период' is: 'Январь 2025 года'

28-03-2025T12:24:21 - [MESSAGE][PASSED] - Text of object 'Object Repository/Выполнение бизнес-плана/Период' is: 'Январь 2025 года'

28-03-2025T12:24:21 - [TEST_STEP][PASSED] - iy = m.indexOf("20"): null

28-03-2025T12:24:21 - [TEST_STEP][PASSED] - if (iy > -1): null

28-03-2025T12:24:21 - [TEST_STEP][PASSED] - y = substring(iy, iy + 4).toInteger(): null

28-03-2025T12:24:21 - [TEST_STEP][PASSED] - println(y): null

28-03-2025T12:24:21 - [TEST_STEP][PASSED] - if (toString().length() == 4): null

28-03-2025T12:24:21 - [TEST_STEP][PASSED] - m = m.substring(0, m.indexOf(y.toString())): null

28-03-2025T12:24:21 - [TEST_STEP][PASSED] - m = m.trim(): null

28-03-2025T12:24:21 - [TEST_STEP][PASSED] - if (m == ""): null

28-03-2025T12:24:21 - [TEST_STEP][PASSED] - dashboardName = "Выполнение бизнес-плана": null

28-03-2025T12:24:21 - [TEST_STEP][PASSED] - workbook01 = getWorkbook(excelFilePath): null

28-03-2025T12:24:21 - [TEST_STEP][PASSED] - sheet01 = getExcelSheet(workbook01, sheetName): null

28-03-2025T12:24:21 - [TEST_STEP][PASSED] - setValueToCellByIndex(sheet01, n, 0, dashboardName): null

28-03-2025T12:24:21 - [TEST_STEP][PASSED] - setValueToCellByIndex(sheet01, n, 1, dZO): null

28-03-2025T12:24:21 - [TEST_STEP][PASSED] - setValueToCellByIndex(sheet01, n, 2, typeOfData): null

28-03-2025T12:24:21 - [TEST_STEP][PASSED] - if (typeOfData == "Факт в процентах" || typeOfData == "План в процентах"): null

28-03-2025T12:24:21 - [TEST_STEP][PASSED] - else: null

28-03-2025T12:24:21 - [TEST_STEP][PASSED] - setValueToCellByIndex(sheet01, n, 3, fileInt): null

28-03-2025T12:24:21 - [TEST_STEP][PASSED] - setValueToCellByIndex(sheet01, n, 4, pageInt): null

28-03-2025T12:24:21 - [TEST_STEP][PASSED] - setValueToCellByIndex(sheet01, n, 5, m): null

28-03-2025T12:24:21 - [TEST_STEP][PASSED] - setValueToCellByIndex(sheet01, n, 6, y): null

28-03-2025T12:24:21 - [TEST_STEP][PASSED] - setValueToCellByIndex(sheet01, n, 7, todaysDate): null

28-03-2025T12:24:21 - [TEST_STEP][PASSED] - n = n + 1: null

28-03-2025T12:24:21 - [TEST_STEP][PASSED] - saveWorkbook(excelFilePath, workbook01): null

28-03-2025T12:24:21 - [TEST_STEP][PASSED] - if (planFact == 2): null

28-03-2025T12:24:21 - [TEST_STEP][PASSED] - if (planFact == 1): null

28-03-2025T12:24:21 - [TEST_STEP][PASSED] - else if (planFact == 2): null

28-03-2025T12:24:21 - [TEST_STEP][PASSED] - click(findTestObject("Выполнение бизнес-плана/Кнопка План")): Object: 'Object Repository/Выполнение бизнес-плана/Кнопка План' is clicked on

28-03-2025T12:24:21 - [MESSAGE][PASSED] - Object: 'Object Repository/Выполнение бизнес-плана/Кнопка План' is clicked on

28-03-2025T12:24:21 - [TEST_STEP][PASSED] - typeOfDataMain = "План": null

28-03-2025T12:24:21 - [TEST_STEP][PASSED] - otpusk = findTestData("PlanFact").getValue(2, a): null

28-03-2025T12:24:21 - [TEST_STEP][PASSED] - poteri = findTestData("PlanFact").getValue(3, a): null

28-03-2025T12:24:22 - [TEST_STEP][PASSED] - otpusk = otpusk.replaceAll("\s+", ""): null

28-03-2025T12:24:22 - [TEST_STEP][PASSED] - poteri = poteri.replaceAll("\s+", ""): null

28-03-2025T12:24:22 - [TEST_STEP][PASSED] - typeOfData = typeOfDataMain + " Отпуск в сеть": null

28-03-2025T12:24:22 - [TEST_STEP][PASSED] - if (a == 82): null

28-03-2025T12:24:22 - [TEST_STEP][PASSED] - else if (a == 84): null

28-03-2025T12:24:22 - [TEST_STEP][PASSED] - else if (a == 83 || a == 52 || a == 72 || a == 28 || a == 73 || a == 77 || a == 74 || a == 65 || a == 36 || a == 44 || a == 53 || a == 80 || a == 54 || a == 1 || a == 18 || a == 59 || a == 81): null

28-03-2025T12:24:22 - [TEST_STEP][PASSED] - else: null

28-03-2025T12:24:22 - [TEST_STEP][PASSED] - path = dataFolder + typeOfData + " за отчётный период " + b: null

28-03-2025T12:24:22 - [TEST_STEP][PASSED] - println(path): null

28-03-2025T12:24:22 - [TEST_STEP][PASSED] - page = getText(findTestObject(path)): Text of object 'Object Repository/Выполнение бизнес-плана/Значения со страницы Выполнение бизнес-плана/План Отпуск в сеть за отчётный период Волгоградэнерго' is: '1 721 636'

28-03-2025T12:24:22 - [MESSAGE][PASSED] - Text of object 'Object Repository/Выполнение бизнес-плана/Значения со страницы Выполнение бизнес-плана/План Отпуск в сеть за отчётный период Волгоградэнерго' is: '1 721 636'

28-03-2025T12:24:22 - [TEST_STEP][PASSED] - if (page == "" || page == null): null

28-03-2025T12:24:22 - [TEST_STEP][PASSED] - else: null

28-03-2025T12:24:22 - [TEST_STEP][PASSED] - page = page.replaceAll("\s+", ""): null

28-03-2025T12:24:22 - [TEST_STEP][PASSED] - if (page == "undefined"): null

28-03-2025T12:24:22 - [TEST_STEP][PASSED] - fileOtpuskVSet = otpusk.toInteger(): null

28-03-2025T12:24:22 - [TEST_STEP][PASSED] - pageOtpuskVSet = page.toInteger(): null

28-03-2025T12:24:22 - [TEST_STEP][PASSED] - typeOfData = typeOfDataMain + " Потери": null

28-03-2025T12:24:22 - [TEST_STEP][PASSED] - if (a == 82): null

28-03-2025T12:24:22 - [TEST_STEP][PASSED] - else if (a == 84): null

28-03-2025T12:24:22 - [TEST_STEP][PASSED] - else if (a == 83 || a == 52 || a == 72 || a == 28 || a == 73 || a == 77 || a == 74 || a == 65 || a == 44 || a == 53 || a == 80 || a == 54 || a == 1 || a == 18 || a == 59 || a == 81): null

28-03-2025T12:24:22 - [TEST_STEP][PASSED] - else: null

28-03-2025T12:24:22 - [TEST_STEP][PASSED] - path = dataFolder + typeOfData + " за отчётный период " + b: null

28-03-2025T12:24:22 - [TEST_STEP][PASSED] - page = getText(findTestObject(path)): Text of object 'Object Repository/Выполнение бизнес-плана/Значения со страницы Выполнение бизнес-плана/План Потери за отчётный период Волгоградэнерго' is: '146 464'

28-03-2025T12:24:22 - [MESSAGE][PASSED] - Text of object 'Object Repository/Выполнение бизнес-плана/Значения со страницы Выполнение бизнес-плана/План Потери за отчётный период Волгоградэнерго' is: '146 464'

28-03-2025T12:24:22 - [TEST_STEP][PASSED] - if (page == "" || page == null): null

28-03-2025T12:24:22 - [TEST_STEP][PASSED] - else: null

28-03-2025T12:24:22 - [TEST_STEP][PASSED] - page = page.replaceAll("\s+", ""): null

28-03-2025T12:24:22 - [TEST_STEP][PASSED] - if (page == "undefined"): null

28-03-2025T12:24:22 - [TEST_STEP][PASSED] - filePoteri = poteri.toInteger(): null

28-03-2025T12:24:22 - [TEST_STEP][PASSED] - pagePoteri = page.toInteger(): null

28-03-2025T12:24:22 - [TEST_STEP][PASSED] - compare = pageOtpuskVSet: null

28-03-2025T12:24:22 - [TEST_STEP][PASSED] - if (pageOtpuskVSet != null): null

28-03-2025T12:24:22 - [TEST_STEP][PASSED] - if (compare == fileOtpuskVSet): null

28-03-2025T12:24:22 - [TEST_STEP][PASSED] - else if (compare > fileOtpuskVSet): null

28-03-2025T12:24:22 - [TEST_STEP][PASSED] - compare = compare - 1: null

28-03-2025T12:24:22 - [TEST_STEP][PASSED] - if (compare == fileOtpuskVSet): null

28-03-2025T12:24:22 - [TEST_STEP][PASSED] - else: null

28-03-2025T12:24:22 - [TEST_STEP][PASSED] - numberOfErrors = numberOfErrors + 1: null

28-03-2025T12:24:22 - [TEST_STEP][PASSED] - pageInt = pageOtpuskVSet: null

28-03-2025T12:24:22 - [TEST_STEP][PASSED] - fileInt = fileOtpuskVSet: null

28-03-2025T12:24:22 - [TEST_STEP][PASSED] - typeOfData = typeOfDataMain + " Отпуск в сеть": null

28-03-2025T12:24:22 - [TEST_STEP][PASSED] - Script1718980020443.WriteToExcel(a, typeOfData, todaysDate, pageInt, fileInt, pageDouble, fileDouble, dZO): null

28-03-2025T12:24:22 - [TEST_STEP][PASSED] - sheetName = "Sheet1": null

28-03-2025T12:24:22 - [TEST_STEP][PASSED] - data = findTestData("PlanFact"): null

28-03-2025T12:24:22 - [TEST_STEP][PASSED] - n = data.getRowNumbers() + 1: null

28-03-2025T12:24:22 - [TEST_STEP][PASSED] - day = ")).toInteger(): null

28-03-2025T12:24:22 - [TEST_STEP][PASSED] - println(day): null

28-03-2025T12:24:22 - [TEST_STEP][PASSED] - month = ")).toInteger(): null

28-03-2025T12:24:22 - [TEST_STEP][PASSED] - println(month): null

28-03-2025T12:24:22 - [TEST_STEP][PASSED] - y = <not implemented yet for class: org.codehaus.groovy.ast.expr.EmptyExpression>: null

28-03-2025T12:24:22 - [TEST_STEP][PASSED] - iy = <not implemented yet for class: org.codehaus.groovy.ast.expr.EmptyExpression>: null

28-03-2025T12:24:22 - [TEST_STEP][PASSED] - m = getText(findTestObject("Выполнение бизнес-плана/Период")): Text of object 'Object Repository/Выполнение бизнес-плана/Период' is: 'Январь 2025 года'

28-03-2025T12:24:23 - [MESSAGE][PASSED] - Text of object 'Object Repository/Выполнение бизнес-плана/Период' is: 'Январь 2025 года'

28-03-2025T12:24:23 - [TEST_STEP][PASSED] - iy = m.indexOf("20"): null

28-03-2025T12:24:23 - [TEST_STEP][PASSED] - if (iy > -1): null

28-03-2025T12:24:23 - [TEST_STEP][PASSED] - y = substring(iy, iy + 4).toInteger(): null

28-03-2025T12:24:23 - [TEST_STEP][PASSED] - println(y): null

28-03-2025T12:24:23 - [TEST_STEP][PASSED] - if (toString().length() == 4): null

28-03-2025T12:24:23 - [TEST_STEP][PASSED] - m = m.substring(0, m.indexOf(y.toString())): null

28-03-2025T12:24:23 - [TEST_STEP][PASSED] - m = m.trim(): null

28-03-2025T12:24:23 - [TEST_STEP][PASSED] - if (m == ""): null

28-03-2025T12:24:23 - [TEST_STEP][PASSED] - dashboardName = "Выполнение бизнес-плана": null

28-03-2025T12:24:23 - [TEST_STEP][PASSED] - workbook01 = getWorkbook(excelFilePath): null

28-03-2025T12:24:23 - [TEST_STEP][PASSED] - sheet01 = getExcelSheet(workbook01, sheetName): null

28-03-2025T12:24:23 - [TEST_STEP][PASSED] - setValueToCellByIndex(sheet01, n, 0, dashboardName): null

28-03-2025T12:24:23 - [TEST_STEP][PASSED] - setValueToCellByIndex(sheet01, n, 1, dZO): null

28-03-2025T12:24:23 - [TEST_STEP][PASSED] - setValueToCellByIndex(sheet01, n, 2, typeOfData): null

28-03-2025T12:24:23 - [TEST_STEP][PASSED] - if (typeOfData == "Факт в процентах" || typeOfData == "План в процентах"): null

28-03-2025T12:24:23 - [TEST_STEP][PASSED] - else: null

28-03-2025T12:24:23 - [TEST_STEP][PASSED] - setValueToCellByIndex(sheet01, n, 3, fileInt): null

28-03-2025T12:24:23 - [TEST_STEP][PASSED] - setValueToCellByIndex(sheet01, n, 4, pageInt): null

28-03-2025T12:24:23 - [TEST_STEP][PASSED] - setValueToCellByIndex(sheet01, n, 5, m): null

28-03-2025T12:24:23 - [TEST_STEP][PASSED] - setValueToCellByIndex(sheet01, n, 6, y): null

28-03-2025T12:24:23 - [TEST_STEP][PASSED] - setValueToCellByIndex(sheet01, n, 7, todaysDate): null

28-03-2025T12:24:23 - [TEST_STEP][PASSED] - n = n + 1: null

28-03-2025T12:24:23 - [TEST_STEP][PASSED] - saveWorkbook(excelFilePath, workbook01): null

28-03-2025T12:24:23 - [TEST_STEP][PASSED] - compare = pagePoteri: null

28-03-2025T12:24:23 - [TEST_STEP][PASSED] - if (pageOtpuskVSet != null): null

28-03-2025T12:24:23 - [TEST_STEP][PASSED] - if (compare == filePoteri): null

28-03-2025T12:24:23 - [TEST_STEP][PASSED] - else if (compare > filePoteri): null

28-03-2025T12:24:23 - [TEST_STEP][PASSED] - compare = compare - 1: null

28-03-2025T12:24:23 - [TEST_STEP][PASSED] - if (compare == filePoteri): null

28-03-2025T12:24:23 - [TEST_STEP][PASSED] - else: null

28-03-2025T12:24:23 - [TEST_STEP][PASSED] - numberOfErrors = numberOfErrors + 1: null

28-03-2025T12:24:23 - [TEST_STEP][PASSED] - pageInt = pagePoteri: null

28-03-2025T12:24:23 - [TEST_STEP][PASSED] - fileInt = filePoteri: null

28-03-2025T12:24:23 - [TEST_STEP][PASSED] - typeOfData = typeOfDataMain + " Потери": null

28-03-2025T12:24:23 - [TEST_STEP][PASSED] - Script1718980020443.WriteToExcel(a, typeOfData, todaysDate, pageInt, fileInt, pageDouble, fileDouble, dZO): null

28-03-2025T12:24:23 - [TEST_STEP][PASSED] - sheetName = "Sheet1": null

28-03-2025T12:24:23 - [TEST_STEP][PASSED] - data = findTestData("PlanFact"): null

28-03-2025T12:24:23 - [TEST_STEP][PASSED] - n = data.getRowNumbers() + 1: null

28-03-2025T12:24:23 - [TEST_STEP][PASSED] - day = ")).toInteger(): null

28-03-2025T12:24:23 - [TEST_STEP][PASSED] - println(day): null

28-03-2025T12:24:23 - [TEST_STEP][PASSED] - month = ")).toInteger(): null

28-03-2025T12:24:23 - [TEST_STEP][PASSED] - println(month): null

28-03-2025T12:24:23 - [TEST_STEP][PASSED] - y = <not implemented yet for class: org.codehaus.groovy.ast.expr.EmptyExpression>: null

28-03-2025T12:24:23 - [TEST_STEP][PASSED] - iy = <not implemented yet for class: org.codehaus.groovy.ast.expr.EmptyExpression>: null

28-03-2025T12:24:23 - [TEST_STEP][PASSED] - m = getText(findTestObject("Выполнение бизнес-плана/Период")): Text of object 'Object Repository/Выполнение бизнес-плана/Период' is: 'Январь 2025 года'

28-03-2025T12:24:23 - [MESSAGE][PASSED] - Text of object 'Object Repository/Выполнение бизнес-плана/Период' is: 'Январь 2025 года'

28-03-2025T12:24:23 - [TEST_STEP][PASSED] - iy = m.indexOf("20"): null

28-03-2025T12:24:23 - [TEST_STEP][PASSED] - if (iy > -1): null

28-03-2025T12:24:23 - [TEST_STEP][PASSED] - y = substring(iy, iy + 4).toInteger(): null

28-03-2025T12:24:23 - [TEST_STEP][PASSED] - println(y): null

28-03-2025T12:24:23 - [TEST_STEP][PASSED] - if (toString().length() == 4): null

28-03-2025T12:24:23 - [TEST_STEP][PASSED] - m = m.substring(0, m.indexOf(y.toString())): null

28-03-2025T12:24:23 - [TEST_STEP][PASSED] - m = m.trim(): null

28-03-2025T12:24:23 - [TEST_STEP][PASSED] - if (m == ""): null

28-03-2025T12:24:23 - [TEST_STEP][PASSED] - dashboardName = "Выполнение бизнес-плана": null

28-03-2025T12:24:23 - [TEST_STEP][PASSED] - workbook01 = getWorkbook(excelFilePath): null

28-03-2025T12:24:23 - [TEST_STEP][PASSED] - sheet01 = getExcelSheet(workbook01, sheetName): null

28-03-2025T12:24:23 - [TEST_STEP][PASSED] - setValueToCellByIndex(sheet01, n, 0, dashboardName): null

28-03-2025T12:24:23 - [TEST_STEP][PASSED] - setValueToCellByIndex(sheet01, n, 1, dZO): null

28-03-2025T12:24:23 - [TEST_STEP][PASSED] - setValueToCellByIndex(sheet01, n, 2, typeOfData): null

28-03-2025T12:24:23 - [TEST_STEP][PASSED] - if (typeOfData == "Факт в процентах" || typeOfData == "План в процентах"): null

28-03-2025T12:24:23 - [TEST_STEP][PASSED] - else: null

28-03-2025T12:24:23 - [TEST_STEP][PASSED] - setValueToCellByIndex(sheet01, n, 3, fileInt): null

28-03-2025T12:24:23 - [TEST_STEP][PASSED] - setValueToCellByIndex(sheet01, n, 4, pageInt): null

28-03-2025T12:24:23 - [TEST_STEP][PASSED] - setValueToCellByIndex(sheet01, n, 5, m): null

28-03-2025T12:24:23 - [TEST_STEP][PASSED] - setValueToCellByIndex(sheet01, n, 6, y): null

28-03-2025T12:24:23 - [TEST_STEP][PASSED] - setValueToCellByIndex(sheet01, n, 7, todaysDate): null

28-03-2025T12:24:23 - [TEST_STEP][PASSED] - n = n + 1: null

28-03-2025T12:24:23 - [TEST_STEP][PASSED] - saveWorkbook(excelFilePath, workbook01): Object: 'Object Repository/Выполнение бизнес-плана/Кнопка Факт' is clicked on

28-03-2025T12:24:24 - [TEST_STEP][PASSED] - if (planFact == 2): Object: 'Object Repository/Выполнение бизнес-плана/Кнопка Факт' is clicked on

28-03-2025T12:24:24 - [TEST_STEP][PASSED] - click(findTestObject("Выполнение бизнес-плана/Кнопка Факт")): Object: 'Object Repository/Выполнение бизнес-плана/Кнопка Факт' is clicked on

28-03-2025T12:24:24 - [MESSAGE][PASSED] - Object: 'Object Repository/Выполнение бизнес-плана/Кнопка Факт' is clicked on

28-03-2025T12:24:24 - [TEST_STEP][PASSED] - println("a=" + a): null

28-03-2025T12:24:24 - [TEST_STEP][PASSED] - if (a == 84 || a == 82): null

28-03-2025T12:24:24 - [TEST_STEP][PASSED] - else if (a == 83 || a == 52 || a == 72 || a == 28 || a == 73 || a == 77 || a == 74 || a == 65 || a == 36 || a == 44 || a == 53 || a == 80 || a == 54 || a == 1 || a == 18 || a == 59 || a == 81): null

28-03-2025T12:24:24 - [TEST_STEP][PASSED] - else: null

28-03-2025T12:24:24 - [TEST_STEP][PASSED] - page1 = getText(findTestObject("Object Repository/Выполнение бизнес-плана/spanPlan" + filialNum)): Text of object 'Object Repository/Выполнение бизнес-плана/spanPlan3' is: '8.51
|'

28-03-2025T12:24:24 - [MESSAGE][PASSED] - Text of object 'Object Repository/Выполнение бизнес-плана/spanPlan3' is: '8.51
|'

28-03-2025T12:24:24 - [TEST_STEP][PASSED] - page1 = page1.replace("|", ""): null

28-03-2025T12:24:24 - [TEST_STEP][PASSED] - page2 = getText(findTestObject("Object Repository/Выполнение бизнес-плана/spanFact" + filialNum)): Text of object 'Object Repository/Выполнение бизнес-плана/spanFact3' is: '7.38
|'

28-03-2025T12:24:24 - [MESSAGE][PASSED] - Text of object 'Object Repository/Выполнение бизнес-плана/spanFact3' is: '7.38
|'

28-03-2025T12:24:24 - [TEST_STEP][PASSED] - page2 = page2.replace("|", ""): null

28-03-2025T12:24:24 - [TEST_STEP][PASSED] - println("page1: " + page1): null

28-03-2025T12:24:24 - [TEST_STEP][PASSED] - println("page2: " + page2): null

28-03-2025T12:24:24 - [TEST_STEP][PASSED] - file = findTestData("PlanFact").getValue(4, a): null

28-03-2025T12:24:25 - [TEST_STEP][PASSED] - file = file.replace(",", "."): null

28-03-2025T12:24:25 - [TEST_STEP][PASSED] - println("file Plan: " + file): null

28-03-2025T12:24:25 - [TEST_STEP][PASSED] - typeOfData = "План в процентах": null

28-03-2025T12:24:25 - [TEST_STEP][PASSED] - fileDouble = file.toDouble(): null

28-03-2025T12:24:25 - [TEST_STEP][PASSED] - pageDouble = page1.toDouble(): null

28-03-2025T12:24:25 - [TEST_STEP][PASSED] - if (fileDouble != pageDouble): null

28-03-2025T12:24:25 - [TEST_STEP][PASSED] - file = findTestData("PlanFact").getValue(7, a): null

28-03-2025T12:24:25 - [TEST_STEP][PASSED] - file = file.replace(",", "."): null

28-03-2025T12:24:25 - [TEST_STEP][PASSED] - println("file Fact: " + file): null

28-03-2025T12:24:25 - [TEST_STEP][PASSED] - fileDouble = file.toDouble(): null

28-03-2025T12:24:25 - [TEST_STEP][PASSED] - typeOfData = "Факт в процентах": null

28-03-2025T12:24:25 - [TEST_STEP][PASSED] - fileDouble = file.toDouble(): null

28-03-2025T12:24:25 - [TEST_STEP][PASSED] - pageDouble = page2.toDouble(): null

28-03-2025T12:24:25 - [TEST_STEP][PASSED] - if (fileDouble != pageDouble): null

28-03-2025T12:24:25 - [TEST_STEP][FAILED] - if (verifyEqual(numberOfErrors, 0) == false): null

28-03-2025T12:24:25 - [MESSAGE][FAILED] - Unable to verify equal between actual object '4' and expected object '0' (Root cause: com.kms.katalon.core.exception.StepFailedException: Actual object '4' and expected object '0' are not equal
	at com.kms.katalon.core.keyword.builtin.VerifyEqualKeyword$_verifyEqual_closure1.doCall(VerifyEqualKeyword.groovy:58)
	at com.kms.katalon.core.keyword.builtin.VerifyEqualKeyword$_verifyEqual_closure1.call(VerifyEqualKeyword.groovy)
	at com.kms.katalon.core.keyword.internal.KeywordMain.runKeyword(KeywordMain.groovy:75)
	at com.kms.katalon.core.keyword.builtin.VerifyEqualKeyword.verifyEqual(VerifyEqualKeyword.groovy:63)
	at com.kms.katalon.core.keyword.builtin.VerifyEqualKeyword.execute(VerifyEqualKeyword.groovy:44)
	at com.kms.katalon.core.keyword.internal.KeywordExecutor.executeKeywordForPlatform(KeywordExecutor.groovy:74)
	at com.kms.katalon.core.keyword.BuiltinKeywords.verifyEqual(BuiltinKeywords.groovy:146)
	at jdk.internal.reflect.GeneratedMethodAccessor23.invoke(Unknown Source)
	at java.base/jdk.internal.reflect.DelegatingMethodAccessorImpl.invoke(DelegatingMethodAccessorImpl.java:43)
	at Выполнение бизнес-плана Сверка ПАО Россети все филиалы.Numbers(Выполнение бизнес-плана Сверка ПАО Россети все филиалы:744)
	at Выполнение бизнес-плана Сверка ПАО Россети все филиалы.Filials(Выполнение бизнес-плана Сверка ПАО Россети все филиалы:1741)
	at Выполнение бизнес-плана Сверка ПАО Россети все филиалы.Numbers(Выполнение бизнес-плана Сверка ПАО Россети все филиалы:751)
	at Выполнение бизнес-плана Сверка ПАО Россети все филиалы.run(Выполнение бизнес-плана Сверка ПАО Россети все филиалы:399)
	at com.kms.katalon.core.main.ScriptEngine.run(ScriptEngine.java:194)
	at com.kms.katalon.core.main.ScriptEngine.runScriptAsRawText(ScriptEngine.java:119)
	at com.kms.katalon.core.main.TestCaseExecutor.runScript(TestCaseExecutor.java:448)
	at com.kms.katalon.core.main.TestCaseExecutor.doExecute(TestCaseExecutor.java:439)
	at com.kms.katalon.core.main.TestCaseExecutor.processExecutionPhase(TestCaseExecutor.java:418)
	at com.kms.katalon.core.main.TestCaseExecutor.accessMainPhase(TestCaseExecutor.java:410)
	at com.kms.katalon.core.main.TestCaseExecutor.execute(TestCaseExecutor.java:285)
	at com.kms.katalon.core.common.CommonExecutor.accessTestCaseMainPhase(CommonExecutor.java:65)
	at com.kms.katalon.core.main.TestSuiteExecutor.accessTestSuiteMainPhase(TestSuiteExecutor.java:150)
	at com.kms.katalon.core.main.TestSuiteExecutor.execute(TestSuiteExecutor.java:106)
	at com.kms.katalon.core.main.TestCaseMain.startTestSuite(TestCaseMain.java:180)
	at TempTestSuite1743137207280.run(TempTestSuite1743137207280.groovy:35)
	at java.base/jdk.internal.reflect.NativeMethodAccessorImpl.invoke0(Native Method)
	at java.base/jdk.internal.reflect.NativeMethodAccessorImpl.invoke(NativeMethodAccessorImpl.java:77)
	at java.base/jdk.internal.reflect.DelegatingMethodAccessorImpl.invoke(DelegatingMethodAccessorImpl.java:43)
)

28-03-2025T12:24:25 - [TEST_STEP][PASSED] - println(numberOfErrors): null

28-03-2025T12:24:25 - [TEST_STEP][PASSED] - println("a=" + a): null

28-03-2025T12:24:25 - [TEST_STEP][PASSED] - if (a == 28 || a == 77 || a == 74 || a == 65 || a == 36 || a == 44 || a == 54 || a == 1 || a == 18 || a == 59): null

28-03-2025T12:24:25 - [TEST_STEP][PASSED] - if (a == 82): null

28-03-2025T12:24:25 - [TEST_STEP][PASSED] - dZO = "Калмэнерго": null

28-03-2025T12:24:25 - [TEST_STEP][PASSED] - a = 62: null

28-03-2025T12:24:25 - [TEST_STEP][PASSED] - if (x2.contains(dZO)): null

28-03-2025T12:24:25 - [TEST_STEP][PASSED] - filialNum = filialNum + 1: null

28-03-2025T12:24:25 - [TEST_STEP][PASSED] - Script1718980020443.Numbers(a, typeOfData, todaysDate, pageInt, fileInt, pageDouble, fileDouble, dZO, dzoNum, filialNum): null

28-03-2025T12:24:25 - [TEST_STEP][PASSED] - println(dzoNum): null

28-03-2025T12:24:25 - [TEST_STEP][PASSED] - planFact = <not implemented yet for class: org.codehaus.groovy.ast.expr.EmptyExpression>: null

28-03-2025T12:24:25 - [TEST_STEP][PASSED] - page = <not implemented yet for class: org.codehaus.groovy.ast.expr.EmptyExpression>: null

28-03-2025T12:24:25 - [TEST_STEP][PASSED] - page1 = <not implemented yet for class: org.codehaus.groovy.ast.expr.EmptyExpression>: null

28-03-2025T12:24:25 - [TEST_STEP][PASSED] - page2 = <not implemented yet for class: org.codehaus.groovy.ast.expr.EmptyExpression>: null

28-03-2025T12:24:25 - [TEST_STEP][PASSED] - filialNumberInRow = <not implemented yet for class: org.codehaus.groovy.ast.expr.EmptyExpression>: null

28-03-2025T12:24:25 - [TEST_STEP][PASSED] - filialsDzoNames = <not implemented yet for class: org.codehaus.groovy.ast.expr.EmptyExpression>: null

28-03-2025T12:24:25 - [TEST_STEP][PASSED] - numberOfFilials = <not implemented yet for class: org.codehaus.groovy.ast.expr.EmptyExpression>: null

28-03-2025T12:24:25 - [TEST_STEP][PASSED] - numberOfSpaces = <not implemented yet for class: org.codehaus.groovy.ast.expr.EmptyExpression>: null

28-03-2025T12:24:25 - [TEST_STEP][PASSED] - file = <not implemented yet for class: org.codehaus.groovy.ast.expr.EmptyExpression>: null

28-03-2025T12:24:25 - [TEST_STEP][PASSED] - otpusk = <not implemented yet for class: org.codehaus.groovy.ast.expr.EmptyExpression>: null

28-03-2025T12:24:25 - [TEST_STEP][PASSED] - poteri = <not implemented yet for class: org.codehaus.groovy.ast.expr.EmptyExpression>: null

28-03-2025T12:24:25 - [TEST_STEP][PASSED] - dataFolder = "Выполнение бизнес-плана/Значения со страницы Выполнение бизнес-плана/": null

28-03-2025T12:24:25 - [TEST_STEP][PASSED] - path = <not implemented yet for class: org.codehaus.groovy.ast.expr.EmptyExpression>: null

28-03-2025T12:24:25 - [TEST_STEP][PASSED] - typeOfDataMain = <not implemented yet for class: org.codehaus.groovy.ast.expr.EmptyExpression>: null

28-03-2025T12:24:25 - [TEST_STEP][PASSED] - fileOtpuskVSet = <not implemented yet for class: org.codehaus.groovy.ast.expr.EmptyExpression>: null

28-03-2025T12:24:25 - [TEST_STEP][PASSED] - pageOtpuskVSet = <not implemented yet for class: org.codehaus.groovy.ast.expr.EmptyExpression>: null

28-03-2025T12:24:25 - [TEST_STEP][PASSED] - filePoteri = <not implemented yet for class: org.codehaus.groovy.ast.expr.EmptyExpression>: null

28-03-2025T12:24:25 - [TEST_STEP][PASSED] - pagePoteri = <not implemented yet for class: org.codehaus.groovy.ast.expr.EmptyExpression>: null

28-03-2025T12:24:25 - [TEST_STEP][PASSED] - compare = <not implemented yet for class: org.codehaus.groovy.ast.expr.EmptyExpression>: null

28-03-2025T12:24:25 - [TEST_STEP][PASSED] - b = <not implemented yet for class: org.codehaus.groovy.ast.expr.EmptyExpression>: null

28-03-2025T12:24:25 - [TEST_STEP][PASSED] - i = <not implemented yet for class: org.codehaus.groovy.ast.expr.EmptyExpression>: null

28-03-2025T12:24:25 - [TEST_STEP][PASSED] - ii = <not implemented yet for class: org.codehaus.groovy.ast.expr.EmptyExpression>: null

28-03-2025T12:24:25 - [TEST_STEP][PASSED] - c = <not implemented yet for class: org.codehaus.groovy.ast.expr.EmptyExpression>: null

28-03-2025T12:24:25 - [TEST_STEP][PASSED] - numberOfErrors = 0: null

28-03-2025T12:24:25 - [TEST_STEP][PASSED] - if (a == 82): null

28-03-2025T12:24:25 - [TEST_STEP][PASSED] - b = findTestData("PlanFact").getValue(1, a): null

28-03-2025T12:24:25 - [TEST_STEP][PASSED] - i = b.indexOf(" (ГК)"): null

28-03-2025T12:24:25 - [TEST_STEP][PASSED] - if (i > -1): null

28-03-2025T12:24:25 - [TEST_STEP][PASSED] - i = b.indexOf("О ""): null

28-03-2025T12:24:25 - [TEST_STEP][PASSED] - if (i > -1): null

28-03-2025T12:24:25 - [TEST_STEP][PASSED] - i = b.indexOf("О «"): null

28-03-2025T12:24:25 - [TEST_STEP][PASSED] - if (i > -1): null

28-03-2025T12:24:25 - [TEST_STEP][PASSED] - i = b.indexOf("г. "): null

28-03-2025T12:24:25 - [TEST_STEP][PASSED] - if (i > -1): null

28-03-2025T12:24:25 - [TEST_STEP][PASSED] - b = b.trim(): null

28-03-2025T12:24:25 - [TEST_STEP][PASSED] - println(b): null

28-03-2025T12:24:25 - [TEST_STEP][PASSED] - for ([planFact = 1, planFact < 3, (planFact++)]): Object: 'Object Repository/Выполнение бизнес-плана/Кнопка Факт' is clicked on

28-03-2025T12:24:25 - [TEST_STEP][PASSED] - if (planFact == 1): null

28-03-2025T12:24:25 - [TEST_STEP][PASSED] - typeOfDataMain = "Факт": null

28-03-2025T12:24:25 - [TEST_STEP][PASSED] - otpusk = findTestData("PlanFact").getValue(5, a): null

28-03-2025T12:24:25 - [TEST_STEP][PASSED] - poteri = findTestData("PlanFact").getValue(6, a): null

28-03-2025T12:24:25 - [TEST_STEP][PASSED] - otpusk = otpusk.replaceAll("\s+", ""): null

28-03-2025T12:24:25 - [TEST_STEP][PASSED] - poteri = poteri.replaceAll("\s+", ""): null

28-03-2025T12:24:25 - [TEST_STEP][PASSED] - typeOfData = typeOfDataMain + " Отпуск в сеть": null

28-03-2025T12:24:25 - [TEST_STEP][PASSED] - if (a == 82): null

28-03-2025T12:24:25 - [TEST_STEP][PASSED] - else if (a == 84): null

28-03-2025T12:24:25 - [TEST_STEP][PASSED] - else if (a == 83 || a == 52 || a == 72 || a == 28 || a == 73 || a == 77 || a == 74 || a == 65 || a == 36 || a == 44 || a == 53 || a == 80 || a == 54 || a == 1 || a == 18 || a == 59 || a == 81): null

28-03-2025T12:24:25 - [TEST_STEP][PASSED] - else: null

28-03-2025T12:24:25 - [TEST_STEP][PASSED] - path = dataFolder + typeOfData + " за отчётный период " + b: null

28-03-2025T12:24:25 - [TEST_STEP][PASSED] - println(path): null

28-03-2025T12:24:25 - [TEST_STEP][PASSED] - page = getText(findTestObject(path)): Text of object 'Object Repository/Выполнение бизнес-плана/Значения со страницы Выполнение бизнес-плана/Факт Отпуск в сеть за отчётный период Калмэнерго' is: '81 664'

28-03-2025T12:24:25 - [MESSAGE][PASSED] - Text of object 'Object Repository/Выполнение бизнес-плана/Значения со страницы Выполнение бизнес-плана/Факт Отпуск в сеть за отчётный период Калмэнерго' is: '81 664'

28-03-2025T12:24:25 - [TEST_STEP][PASSED] - if (page == "" || page == null): null

28-03-2025T12:24:25 - [TEST_STEP][PASSED] - else: null

28-03-2025T12:24:25 - [TEST_STEP][PASSED] - page = page.replaceAll("\s+", ""): null

28-03-2025T12:24:25 - [TEST_STEP][PASSED] - if (page == "undefined"): null

28-03-2025T12:24:25 - [TEST_STEP][PASSED] - fileOtpuskVSet = otpusk.toInteger(): null

28-03-2025T12:24:25 - [TEST_STEP][PASSED] - pageOtpuskVSet = page.toInteger(): null

28-03-2025T12:24:25 - [TEST_STEP][PASSED] - typeOfData = typeOfDataMain + " Потери": null

28-03-2025T12:24:25 - [TEST_STEP][PASSED] - if (a == 82): null

28-03-2025T12:24:25 - [TEST_STEP][PASSED] - else if (a == 84): null

28-03-2025T12:24:25 - [TEST_STEP][PASSED] - else if (a == 83 || a == 52 || a == 72 || a == 28 || a == 73 || a == 77 || a == 74 || a == 65 || a == 44 || a == 53 || a == 80 || a == 54 || a == 1 || a == 18 || a == 59 || a == 81): null

28-03-2025T12:24:25 - [TEST_STEP][PASSED] - else: null

28-03-2025T12:24:25 - [TEST_STEP][PASSED] - path = dataFolder + typeOfData + " за отчётный период " + b: null

28-03-2025T12:24:25 - [TEST_STEP][PASSED] - page = getText(findTestObject(path)): Text of object 'Object Repository/Выполнение бизнес-плана/Значения со страницы Выполнение бизнес-плана/Факт Потери за отчётный период Калмэнерго' is: '21 020'

28-03-2025T12:24:25 - [MESSAGE][PASSED] - Text of object 'Object Repository/Выполнение бизнес-плана/Значения со страницы Выполнение бизнес-плана/Факт Потери за отчётный период Калмэнерго' is: '21 020'

28-03-2025T12:24:25 - [TEST_STEP][PASSED] - if (page == "" || page == null): null

28-03-2025T12:24:25 - [TEST_STEP][PASSED] - else: null

28-03-2025T12:24:25 - [TEST_STEP][PASSED] - page = page.replaceAll("\s+", ""): null

28-03-2025T12:24:25 - [TEST_STEP][PASSED] - if (page == "undefined"): null

28-03-2025T12:24:25 - [TEST_STEP][PASSED] - filePoteri = poteri.toInteger(): null

28-03-2025T12:24:25 - [TEST_STEP][PASSED] - pagePoteri = page.toInteger(): null

28-03-2025T12:24:25 - [TEST_STEP][PASSED] - compare = pageOtpuskVSet: null

28-03-2025T12:24:25 - [TEST_STEP][PASSED] - if (pageOtpuskVSet != null): null

28-03-2025T12:24:25 - [TEST_STEP][PASSED] - if (compare == fileOtpuskVSet): null

28-03-2025T12:24:25 - [TEST_STEP][PASSED] - if (compare == fileOtpuskVSet): null

28-03-2025T12:24:25 - [TEST_STEP][PASSED] - compare = pagePoteri: null

28-03-2025T12:24:25 - [TEST_STEP][PASSED] - if (pageOtpuskVSet != null): null

28-03-2025T12:24:25 - [TEST_STEP][PASSED] - if (compare == filePoteri): null

28-03-2025T12:24:25 - [TEST_STEP][PASSED] - if (compare == filePoteri): null

28-03-2025T12:24:25 - [TEST_STEP][PASSED] - if (planFact == 2): null

28-03-2025T12:24:25 - [TEST_STEP][PASSED] - if (planFact == 1): null

28-03-2025T12:24:25 - [TEST_STEP][PASSED] - else if (planFact == 2): null

28-03-2025T12:24:25 - [TEST_STEP][PASSED] - click(findTestObject("Выполнение бизнес-плана/Кнопка План")): Object: 'Object Repository/Выполнение бизнес-плана/Кнопка План' is clicked on

28-03-2025T12:24:26 - [MESSAGE][PASSED] - Object: 'Object Repository/Выполнение бизнес-плана/Кнопка План' is clicked on

28-03-2025T12:24:26 - [TEST_STEP][PASSED] - typeOfDataMain = "План": null

28-03-2025T12:24:26 - [TEST_STEP][PASSED] - otpusk = findTestData("PlanFact").getValue(2, a): null

28-03-2025T12:24:26 - [TEST_STEP][PASSED] - poteri = findTestData("PlanFact").getValue(3, a): null

28-03-2025T12:24:26 - [TEST_STEP][PASSED] - otpusk = otpusk.replaceAll("\s+", ""): null

28-03-2025T12:24:26 - [TEST_STEP][PASSED] - poteri = poteri.replaceAll("\s+", ""): null

28-03-2025T12:24:26 - [TEST_STEP][PASSED] - typeOfData = typeOfDataMain + " Отпуск в сеть": null

28-03-2025T12:24:26 - [TEST_STEP][PASSED] - if (a == 82): null

28-03-2025T12:24:26 - [TEST_STEP][PASSED] - else if (a == 84): null

28-03-2025T12:24:26 - [TEST_STEP][PASSED] - else if (a == 83 || a == 52 || a == 72 || a == 28 || a == 73 || a == 77 || a == 74 || a == 65 || a == 36 || a == 44 || a == 53 || a == 80 || a == 54 || a == 1 || a == 18 || a == 59 || a == 81): null

28-03-2025T12:24:26 - [TEST_STEP][PASSED] - else: null

28-03-2025T12:24:26 - [TEST_STEP][PASSED] - path = dataFolder + typeOfData + " за отчётный период " + b: null

28-03-2025T12:24:26 - [TEST_STEP][PASSED] - println(path): null

28-03-2025T12:24:26 - [TEST_STEP][PASSED] - page = getText(findTestObject(path)): Text of object 'Object Repository/Выполнение бизнес-плана/Значения со страницы Выполнение бизнес-плана/План Отпуск в сеть за отчётный период Калмэнерго' is: '86 395'

28-03-2025T12:24:26 - [MESSAGE][PASSED] - Text of object 'Object Repository/Выполнение бизнес-плана/Значения со страницы Выполнение бизнес-плана/План Отпуск в сеть за отчётный период Калмэнерго' is: '86 395'

28-03-2025T12:24:26 - [TEST_STEP][PASSED] - if (page == "" || page == null): null

28-03-2025T12:24:26 - [TEST_STEP][PASSED] - else: null

28-03-2025T12:24:26 - [TEST_STEP][PASSED] - page = page.replaceAll("\s+", ""): null

28-03-2025T12:24:26 - [TEST_STEP][PASSED] - if (page == "undefined"): null

28-03-2025T12:24:26 - [TEST_STEP][PASSED] - fileOtpuskVSet = otpusk.toInteger(): null

28-03-2025T12:24:26 - [TEST_STEP][PASSED] - pageOtpuskVSet = page.toInteger(): null

28-03-2025T12:24:26 - [TEST_STEP][PASSED] - typeOfData = typeOfDataMain + " Потери": null

28-03-2025T12:24:26 - [TEST_STEP][PASSED] - if (a == 82): null

28-03-2025T12:24:26 - [TEST_STEP][PASSED] - else if (a == 84): null

28-03-2025T12:24:26 - [TEST_STEP][PASSED] - else if (a == 83 || a == 52 || a == 72 || a == 28 || a == 73 || a == 77 || a == 74 || a == 65 || a == 44 || a == 53 || a == 80 || a == 54 || a == 1 || a == 18 || a == 59 || a == 81): null

28-03-2025T12:24:26 - [TEST_STEP][PASSED] - else: null

28-03-2025T12:24:26 - [TEST_STEP][PASSED] - path = dataFolder + typeOfData + " за отчётный период " + b: null

28-03-2025T12:24:26 - [TEST_STEP][PASSED] - page = getText(findTestObject(path)): Text of object 'Object Repository/Выполнение бизнес-плана/Значения со страницы Выполнение бизнес-плана/План Потери за отчётный период Калмэнерго' is: '23 319'

28-03-2025T12:24:26 - [MESSAGE][PASSED] - Text of object 'Object Repository/Выполнение бизнес-плана/Значения со страницы Выполнение бизнес-плана/План Потери за отчётный период Калмэнерго' is: '23 319'

28-03-2025T12:24:26 - [TEST_STEP][PASSED] - if (page == "" || page == null): null

28-03-2025T12:24:26 - [TEST_STEP][PASSED] - else: null

28-03-2025T12:24:26 - [TEST_STEP][PASSED] - page = page.replaceAll("\s+", ""): null

28-03-2025T12:24:26 - [TEST_STEP][PASSED] - if (page == "undefined"): null

28-03-2025T12:24:26 - [TEST_STEP][PASSED] - filePoteri = poteri.toInteger(): null

28-03-2025T12:24:26 - [TEST_STEP][PASSED] - pagePoteri = page.toInteger(): null

28-03-2025T12:24:26 - [TEST_STEP][PASSED] - compare = pageOtpuskVSet: null

28-03-2025T12:24:26 - [TEST_STEP][PASSED] - if (pageOtpuskVSet != null): null

28-03-2025T12:24:26 - [TEST_STEP][PASSED] - if (compare == fileOtpuskVSet): null

28-03-2025T12:24:26 - [TEST_STEP][PASSED] - if (compare == fileOtpuskVSet): null

28-03-2025T12:24:26 - [TEST_STEP][PASSED] - compare = pagePoteri: null

28-03-2025T12:24:26 - [TEST_STEP][PASSED] - if (pageOtpuskVSet != null): null

28-03-2025T12:24:26 - [TEST_STEP][PASSED] - if (compare == filePoteri): null

28-03-2025T12:24:26 - [TEST_STEP][PASSED] - if (compare == filePoteri): null

28-03-2025T12:24:26 - [TEST_STEP][PASSED] - if (planFact == 2): Object: 'Object Repository/Выполнение бизнес-плана/Кнопка Факт' is clicked on

28-03-2025T12:24:26 - [TEST_STEP][PASSED] - click(findTestObject("Выполнение бизнес-плана/Кнопка Факт")): Object: 'Object Repository/Выполнение бизнес-плана/Кнопка Факт' is clicked on

28-03-2025T12:24:27 - [MESSAGE][PASSED] - Object: 'Object Repository/Выполнение бизнес-плана/Кнопка Факт' is clicked on

28-03-2025T12:24:27 - [TEST_STEP][PASSED] - println("a=" + a): null

28-03-2025T12:24:27 - [TEST_STEP][PASSED] - if (a == 84 || a == 82): null

28-03-2025T12:24:27 - [TEST_STEP][PASSED] - else if (a == 83 || a == 52 || a == 72 || a == 28 || a == 73 || a == 77 || a == 74 || a == 65 || a == 36 || a == 44 || a == 53 || a == 80 || a == 54 || a == 1 || a == 18 || a == 59 || a == 81): null

28-03-2025T12:24:27 - [TEST_STEP][PASSED] - else: null

28-03-2025T12:24:27 - [TEST_STEP][PASSED] - page1 = getText(findTestObject("Object Repository/Выполнение бизнес-плана/spanPlan" + filialNum)): Text of object 'Object Repository/Выполнение бизнес-плана/spanPlan4' is: '26.99
|'

28-03-2025T12:24:27 - [MESSAGE][PASSED] - Text of object 'Object Repository/Выполнение бизнес-плана/spanPlan4' is: '26.99
|'

28-03-2025T12:24:27 - [TEST_STEP][PASSED] - page1 = page1.replace("|", ""): null

28-03-2025T12:24:27 - [TEST_STEP][PASSED] - page2 = getText(findTestObject("Object Repository/Выполнение бизнес-плана/spanFact" + filialNum)): Text of object 'Object Repository/Выполнение бизнес-плана/spanFact4' is: '25.74
|'

28-03-2025T12:24:27 - [MESSAGE][PASSED] - Text of object 'Object Repository/Выполнение бизнес-плана/spanFact4' is: '25.74
|'

28-03-2025T12:24:27 - [TEST_STEP][PASSED] - page2 = page2.replace("|", ""): null

28-03-2025T12:24:27 - [TEST_STEP][PASSED] - println("page1: " + page1): null

28-03-2025T12:24:27 - [TEST_STEP][PASSED] - println("page2: " + page2): null

28-03-2025T12:24:27 - [TEST_STEP][PASSED] - file = findTestData("PlanFact").getValue(4, a): null

28-03-2025T12:24:27 - [TEST_STEP][PASSED] - file = file.replace(",", "."): null

28-03-2025T12:24:27 - [TEST_STEP][PASSED] - println("file Plan: " + file): null

28-03-2025T12:24:27 - [TEST_STEP][PASSED] - typeOfData = "План в процентах": null

28-03-2025T12:24:27 - [TEST_STEP][PASSED] - fileDouble = file.toDouble(): null

28-03-2025T12:24:27 - [TEST_STEP][PASSED] - pageDouble = page1.toDouble(): null

28-03-2025T12:24:27 - [TEST_STEP][PASSED] - if (fileDouble != pageDouble): null

28-03-2025T12:24:27 - [TEST_STEP][PASSED] - file = findTestData("PlanFact").getValue(7, a): null

28-03-2025T12:24:27 - [TEST_STEP][PASSED] - file = file.replace(",", "."): null

28-03-2025T12:24:27 - [TEST_STEP][PASSED] - println("file Fact: " + file): null

28-03-2025T12:24:27 - [TEST_STEP][PASSED] - fileDouble = file.toDouble(): null

28-03-2025T12:24:27 - [TEST_STEP][PASSED] - typeOfData = "Факт в процентах": null

28-03-2025T12:24:27 - [TEST_STEP][PASSED] - fileDouble = file.toDouble(): null

28-03-2025T12:24:27 - [TEST_STEP][PASSED] - pageDouble = page2.toDouble(): null

28-03-2025T12:24:27 - [TEST_STEP][PASSED] - if (fileDouble != pageDouble): null

28-03-2025T12:24:27 - [TEST_STEP][PASSED] - if (verifyEqual(numberOfErrors, 0) == false): Actual object '0' and expected object '0' are equal

28-03-2025T12:24:27 - [MESSAGE][PASSED] - Actual object '0' and expected object '0' are equal

28-03-2025T12:24:27 - [TEST_STEP][PASSED] - if (a == 82): null

28-03-2025T12:24:27 - [TEST_STEP][PASSED] - dZO = "Ростовэнерго": null

28-03-2025T12:24:27 - [TEST_STEP][PASSED] - a = 63: null

28-03-2025T12:24:27 - [TEST_STEP][PASSED] - if (x2.contains(dZO)): null

28-03-2025T12:24:27 - [TEST_STEP][PASSED] - filialNum = filialNum + 1: null

28-03-2025T12:24:27 - [TEST_STEP][PASSED] - Script1718980020443.Numbers(a, typeOfData, todaysDate, pageInt, fileInt, pageDouble, fileDouble, dZO, dzoNum, filialNum): null

28-03-2025T12:24:27 - [TEST_STEP][PASSED] - println(dzoNum): null

28-03-2025T12:24:27 - [TEST_STEP][PASSED] - planFact = <not implemented yet for class: org.codehaus.groovy.ast.expr.EmptyExpression>: null

28-03-2025T12:24:27 - [TEST_STEP][PASSED] - page = <not implemented yet for class: org.codehaus.groovy.ast.expr.EmptyExpression>: null

28-03-2025T12:24:27 - [TEST_STEP][PASSED] - page1 = <not implemented yet for class: org.codehaus.groovy.ast.expr.EmptyExpression>: null

28-03-2025T12:24:27 - [TEST_STEP][PASSED] - page2 = <not implemented yet for class: org.codehaus.groovy.ast.expr.EmptyExpression>: null

28-03-2025T12:24:27 - [TEST_STEP][PASSED] - filialNumberInRow = <not implemented yet for class: org.codehaus.groovy.ast.expr.EmptyExpression>: null

28-03-2025T12:24:27 - [TEST_STEP][PASSED] - filialsDzoNames = <not implemented yet for class: org.codehaus.groovy.ast.expr.EmptyExpression>: null

28-03-2025T12:24:27 - [TEST_STEP][PASSED] - numberOfFilials = <not implemented yet for class: org.codehaus.groovy.ast.expr.EmptyExpression>: null

28-03-2025T12:24:27 - [TEST_STEP][PASSED] - numberOfSpaces = <not implemented yet for class: org.codehaus.groovy.ast.expr.EmptyExpression>: null

28-03-2025T12:24:27 - [TEST_STEP][PASSED] - file = <not implemented yet for class: org.codehaus.groovy.ast.expr.EmptyExpression>: null

28-03-2025T12:24:27 - [TEST_STEP][PASSED] - otpusk = <not implemented yet for class: org.codehaus.groovy.ast.expr.EmptyExpression>: null

28-03-2025T12:24:27 - [TEST_STEP][PASSED] - poteri = <not implemented yet for class: org.codehaus.groovy.ast.expr.EmptyExpression>: null

28-03-2025T12:24:27 - [TEST_STEP][PASSED] - dataFolder = "Выполнение бизнес-плана/Значения со страницы Выполнение бизнес-плана/": null

28-03-2025T12:24:27 - [TEST_STEP][PASSED] - path = <not implemented yet for class: org.codehaus.groovy.ast.expr.EmptyExpression>: null

28-03-2025T12:24:27 - [TEST_STEP][PASSED] - typeOfDataMain = <not implemented yet for class: org.codehaus.groovy.ast.expr.EmptyExpression>: null

28-03-2025T12:24:27 - [TEST_STEP][PASSED] - fileOtpuskVSet = <not implemented yet for class: org.codehaus.groovy.ast.expr.EmptyExpression>: null

28-03-2025T12:24:27 - [TEST_STEP][PASSED] - pageOtpuskVSet = <not implemented yet for class: org.codehaus.groovy.ast.expr.EmptyExpression>: null

28-03-2025T12:24:27 - [TEST_STEP][PASSED] - filePoteri = <not implemented yet for class: org.codehaus.groovy.ast.expr.EmptyExpression>: null

28-03-2025T12:24:27 - [TEST_STEP][PASSED] - pagePoteri = <not implemented yet for class: org.codehaus.groovy.ast.expr.EmptyExpression>: null

28-03-2025T12:24:27 - [TEST_STEP][PASSED] - compare = <not implemented yet for class: org.codehaus.groovy.ast.expr.EmptyExpression>: null

28-03-2025T12:24:27 - [TEST_STEP][PASSED] - b = <not implemented yet for class: org.codehaus.groovy.ast.expr.EmptyExpression>: null

28-03-2025T12:24:27 - [TEST_STEP][PASSED] - i = <not implemented yet for class: org.codehaus.groovy.ast.expr.EmptyExpression>: null

28-03-2025T12:24:27 - [TEST_STEP][PASSED] - ii = <not implemented yet for class: org.codehaus.groovy.ast.expr.EmptyExpression>: null

28-03-2025T12:24:27 - [TEST_STEP][PASSED] - c = <not implemented yet for class: org.codehaus.groovy.ast.expr.EmptyExpression>: null

28-03-2025T12:24:27 - [TEST_STEP][PASSED] - numberOfErrors = 0: null

28-03-2025T12:24:27 - [TEST_STEP][PASSED] - if (a == 82): null

28-03-2025T12:24:27 - [TEST_STEP][PASSED] - b = findTestData("PlanFact").getValue(1, a): null

28-03-2025T12:24:27 - [TEST_STEP][PASSED] - i = b.indexOf(" (ГК)"): null

28-03-2025T12:24:27 - [TEST_STEP][PASSED] - if (i > -1): null

28-03-2025T12:24:27 - [TEST_STEP][PASSED] - i = b.indexOf("О ""): null

28-03-2025T12:24:27 - [TEST_STEP][PASSED] - if (i > -1): null

28-03-2025T12:24:27 - [TEST_STEP][PASSED] - i = b.indexOf("О «"): null

28-03-2025T12:24:27 - [TEST_STEP][PASSED] - if (i > -1): null

28-03-2025T12:24:27 - [TEST_STEP][PASSED] - i = b.indexOf("г. "): null

28-03-2025T12:24:27 - [TEST_STEP][PASSED] - if (i > -1): null

28-03-2025T12:24:27 - [TEST_STEP][PASSED] - b = b.trim(): null

28-03-2025T12:24:27 - [TEST_STEP][PASSED] - println(b): null

28-03-2025T12:24:27 - [TEST_STEP][PASSED] - for ([planFact = 1, planFact < 3, (planFact++)]): Object: 'Object Repository/Выполнение бизнес-плана/Кнопка Факт' is clicked on

28-03-2025T12:24:27 - [TEST_STEP][PASSED] - if (planFact == 1): null

28-03-2025T12:24:27 - [TEST_STEP][PASSED] - typeOfDataMain = "Факт": null

28-03-2025T12:24:27 - [TEST_STEP][PASSED] - otpusk = findTestData("PlanFact").getValue(5, a): null

28-03-2025T12:24:28 - [TEST_STEP][PASSED] - poteri = findTestData("PlanFact").getValue(6, a): null

28-03-2025T12:24:28 - [TEST_STEP][PASSED] - otpusk = otpusk.replaceAll("\s+", ""): null

28-03-2025T12:24:28 - [TEST_STEP][PASSED] - poteri = poteri.replaceAll("\s+", ""): null

28-03-2025T12:24:28 - [TEST_STEP][PASSED] - typeOfData = typeOfDataMain + " Отпуск в сеть": null

28-03-2025T12:24:28 - [TEST_STEP][PASSED] - if (a == 82): null

28-03-2025T12:24:28 - [TEST_STEP][PASSED] - else if (a == 84): null

28-03-2025T12:24:28 - [TEST_STEP][PASSED] - else if (a == 83 || a == 52 || a == 72 || a == 28 || a == 73 || a == 77 || a == 74 || a == 65 || a == 36 || a == 44 || a == 53 || a == 80 || a == 54 || a == 1 || a == 18 || a == 59 || a == 81): null

28-03-2025T12:24:28 - [TEST_STEP][PASSED] - else: null

28-03-2025T12:24:28 - [TEST_STEP][PASSED] - path = dataFolder + typeOfData + " за отчётный период " + b: null

28-03-2025T12:24:28 - [TEST_STEP][PASSED] - println(path): null

28-03-2025T12:24:28 - [TEST_STEP][PASSED] - page = getText(findTestObject(path)): Text of object 'Object Repository/Выполнение бизнес-плана/Значения со страницы Выполнение бизнес-плана/Факт Отпуск в сеть за отчётный период Ростовэнерго' is: '1 339 315'

28-03-2025T12:24:28 - [MESSAGE][PASSED] - Text of object 'Object Repository/Выполнение бизнес-плана/Значения со страницы Выполнение бизнес-плана/Факт Отпуск в сеть за отчётный период Ростовэнерго' is: '1 339 315'

28-03-2025T12:24:28 - [TEST_STEP][PASSED] - if (page == "" || page == null): null

28-03-2025T12:24:28 - [TEST_STEP][PASSED] - else: null

28-03-2025T12:24:28 - [TEST_STEP][PASSED] - page = page.replaceAll("\s+", ""): null

28-03-2025T12:24:28 - [TEST_STEP][PASSED] - if (page == "undefined"): null

28-03-2025T12:24:28 - [TEST_STEP][PASSED] - fileOtpuskVSet = otpusk.toInteger(): null

28-03-2025T12:24:28 - [TEST_STEP][PASSED] - pageOtpuskVSet = page.toInteger(): null

28-03-2025T12:24:28 - [TEST_STEP][PASSED] - typeOfData = typeOfDataMain + " Потери": null

28-03-2025T12:24:28 - [TEST_STEP][PASSED] - if (a == 82): null

28-03-2025T12:24:28 - [TEST_STEP][PASSED] - else if (a == 84): null

28-03-2025T12:24:28 - [TEST_STEP][PASSED] - else if (a == 83 || a == 52 || a == 72 || a == 28 || a == 73 || a == 77 || a == 74 || a == 65 || a == 44 || a == 53 || a == 80 || a == 54 || a == 1 || a == 18 || a == 59 || a == 81): null

28-03-2025T12:24:28 - [TEST_STEP][PASSED] - else: null

28-03-2025T12:24:28 - [TEST_STEP][PASSED] - path = dataFolder + typeOfData + " за отчётный период " + b: null

28-03-2025T12:24:28 - [TEST_STEP][PASSED] - page = getText(findTestObject(path)): Text of object 'Object Repository/Выполнение бизнес-плана/Значения со страницы Выполнение бизнес-плана/Факт Потери за отчётный период Ростовэнерго' is: '109 266'

28-03-2025T12:24:28 - [MESSAGE][PASSED] - Text of object 'Object Repository/Выполнение бизнес-плана/Значения со страницы Выполнение бизнес-плана/Факт Потери за отчётный период Ростовэнерго' is: '109 266'

28-03-2025T12:24:28 - [TEST_STEP][PASSED] - if (page == "" || page == null): null

28-03-2025T12:24:28 - [TEST_STEP][PASSED] - else: null

28-03-2025T12:24:28 - [TEST_STEP][PASSED] - page = page.replaceAll("\s+", ""): null

28-03-2025T12:24:28 - [TEST_STEP][PASSED] - if (page == "undefined"): null

28-03-2025T12:24:28 - [TEST_STEP][PASSED] - filePoteri = poteri.toInteger(): null

28-03-2025T12:24:28 - [TEST_STEP][PASSED] - pagePoteri = page.toInteger(): null

28-03-2025T12:24:28 - [TEST_STEP][PASSED] - compare = pageOtpuskVSet: null

28-03-2025T12:24:28 - [TEST_STEP][PASSED] - if (pageOtpuskVSet != null): null

28-03-2025T12:24:28 - [TEST_STEP][PASSED] - if (compare == fileOtpuskVSet): null

28-03-2025T12:24:28 - [TEST_STEP][PASSED] - if (compare == fileOtpuskVSet): null

28-03-2025T12:24:28 - [TEST_STEP][PASSED] - compare = pagePoteri: null

28-03-2025T12:24:28 - [TEST_STEP][PASSED] - if (pageOtpuskVSet != null): null

28-03-2025T12:24:28 - [TEST_STEP][PASSED] - if (compare == filePoteri): null

28-03-2025T12:24:28 - [TEST_STEP][PASSED] - if (compare == filePoteri): null

28-03-2025T12:24:28 - [TEST_STEP][PASSED] - if (planFact == 2): null

28-03-2025T12:24:28 - [TEST_STEP][PASSED] - if (planFact == 1): null

28-03-2025T12:24:28 - [TEST_STEP][PASSED] - else if (planFact == 2): null

28-03-2025T12:24:28 - [TEST_STEP][PASSED] - click(findTestObject("Выполнение бизнес-плана/Кнопка План")): Object: 'Object Repository/Выполнение бизнес-плана/Кнопка План' is clicked on

28-03-2025T12:24:29 - [MESSAGE][PASSED] - Object: 'Object Repository/Выполнение бизнес-плана/Кнопка План' is clicked on

28-03-2025T12:24:29 - [TEST_STEP][PASSED] - typeOfDataMain = "План": null

28-03-2025T12:24:29 - [TEST_STEP][PASSED] - otpusk = findTestData("PlanFact").getValue(2, a): null

28-03-2025T12:24:29 - [TEST_STEP][PASSED] - poteri = findTestData("PlanFact").getValue(3, a): null

28-03-2025T12:24:29 - [TEST_STEP][PASSED] - otpusk = otpusk.replaceAll("\s+", ""): null

28-03-2025T12:24:29 - [TEST_STEP][PASSED] - poteri = poteri.replaceAll("\s+", ""): null

28-03-2025T12:24:29 - [TEST_STEP][PASSED] - typeOfData = typeOfDataMain + " Отпуск в сеть": null

28-03-2025T12:24:29 - [TEST_STEP][PASSED] - if (a == 82): null

28-03-2025T12:24:29 - [TEST_STEP][PASSED] - else if (a == 84): null

28-03-2025T12:24:29 - [TEST_STEP][PASSED] - else if (a == 83 || a == 52 || a == 72 || a == 28 || a == 73 || a == 77 || a == 74 || a == 65 || a == 36 || a == 44 || a == 53 || a == 80 || a == 54 || a == 1 || a == 18 || a == 59 || a == 81): null

28-03-2025T12:24:29 - [TEST_STEP][PASSED] - else: null

28-03-2025T12:24:29 - [TEST_STEP][PASSED] - path = dataFolder + typeOfData + " за отчётный период " + b: null

28-03-2025T12:24:29 - [TEST_STEP][PASSED] - println(path): null

28-03-2025T12:24:29 - [TEST_STEP][PASSED] - page = getText(findTestObject(path)): Text of object 'Object Repository/Выполнение бизнес-плана/Значения со страницы Выполнение бизнес-плана/План Отпуск в сеть за отчётный период Ростовэнерго' is: '1 403 337'

28-03-2025T12:24:29 - [MESSAGE][PASSED] - Text of object 'Object Repository/Выполнение бизнес-плана/Значения со страницы Выполнение бизнес-плана/План Отпуск в сеть за отчётный период Ростовэнерго' is: '1 403 337'

28-03-2025T12:24:29 - [TEST_STEP][PASSED] - if (page == "" || page == null): null

28-03-2025T12:24:29 - [TEST_STEP][PASSED] - else: null

28-03-2025T12:24:29 - [TEST_STEP][PASSED] - page = page.replaceAll("\s+", ""): null

28-03-2025T12:24:29 - [TEST_STEP][PASSED] - if (page == "undefined"): null

28-03-2025T12:24:29 - [TEST_STEP][PASSED] - fileOtpuskVSet = otpusk.toInteger(): null

28-03-2025T12:24:29 - [TEST_STEP][PASSED] - pageOtpuskVSet = page.toInteger(): null

28-03-2025T12:24:29 - [TEST_STEP][PASSED] - typeOfData = typeOfDataMain + " Потери": null

28-03-2025T12:24:29 - [TEST_STEP][PASSED] - if (a == 82): null

28-03-2025T12:24:29 - [TEST_STEP][PASSED] - else if (a == 84): null

28-03-2025T12:24:29 - [TEST_STEP][PASSED] - else if (a == 83 || a == 52 || a == 72 || a == 28 || a == 73 || a == 77 || a == 74 || a == 65 || a == 44 || a == 53 || a == 80 || a == 54 || a == 1 || a == 18 || a == 59 || a == 81): null

28-03-2025T12:24:29 - [TEST_STEP][PASSED] - else: null

28-03-2025T12:24:29 - [TEST_STEP][PASSED] - path = dataFolder + typeOfData + " за отчётный период " + b: null

28-03-2025T12:24:29 - [TEST_STEP][PASSED] - page = getText(findTestObject(path)): Text of object 'Object Repository/Выполнение бизнес-плана/Значения со страницы Выполнение бизнес-плана/План Потери за отчётный период Ростовэнерго' is: '129 545'

28-03-2025T12:24:29 - [MESSAGE][PASSED] - Text of object 'Object Repository/Выполнение бизнес-плана/Значения со страницы Выполнение бизнес-плана/План Потери за отчётный период Ростовэнерго' is: '129 545'

28-03-2025T12:24:29 - [TEST_STEP][PASSED] - if (page == "" || page == null): null

28-03-2025T12:24:29 - [TEST_STEP][PASSED] - else: null

28-03-2025T12:24:29 - [TEST_STEP][PASSED] - page = page.replaceAll("\s+", ""): null

28-03-2025T12:24:29 - [TEST_STEP][PASSED] - if (page == "undefined"): null

28-03-2025T12:24:29 - [TEST_STEP][PASSED] - filePoteri = poteri.toInteger(): null

28-03-2025T12:24:29 - [TEST_STEP][PASSED] - pagePoteri = page.toInteger(): null

28-03-2025T12:24:29 - [TEST_STEP][PASSED] - compare = pageOtpuskVSet: null

28-03-2025T12:24:29 - [TEST_STEP][PASSED] - if (pageOtpuskVSet != null): null

28-03-2025T12:24:29 - [TEST_STEP][PASSED] - if (compare == fileOtpuskVSet): null

28-03-2025T12:24:29 - [TEST_STEP][PASSED] - if (compare == fileOtpuskVSet): null

28-03-2025T12:24:29 - [TEST_STEP][PASSED] - compare = pagePoteri: null

28-03-2025T12:24:29 - [TEST_STEP][PASSED] - if (pageOtpuskVSet != null): null

28-03-2025T12:24:29 - [TEST_STEP][PASSED] - if (compare == filePoteri): null

28-03-2025T12:24:29 - [TEST_STEP][PASSED] - if (compare == filePoteri): null

28-03-2025T12:24:29 - [TEST_STEP][PASSED] - if (planFact == 2): Object: 'Object Repository/Выполнение бизнес-плана/Кнопка Факт' is clicked on

28-03-2025T12:24:29 - [TEST_STEP][PASSED] - click(findTestObject("Выполнение бизнес-плана/Кнопка Факт")): Object: 'Object Repository/Выполнение бизнес-плана/Кнопка Факт' is clicked on

28-03-2025T12:24:30 - [MESSAGE][PASSED] - Object: 'Object Repository/Выполнение бизнес-плана/Кнопка Факт' is clicked on

28-03-2025T12:24:30 - [TEST_STEP][PASSED] - println("a=" + a): null

28-03-2025T12:24:30 - [TEST_STEP][PASSED] - if (a == 84 || a == 82): null

28-03-2025T12:24:30 - [TEST_STEP][PASSED] - else if (a == 83 || a == 52 || a == 72 || a == 28 || a == 73 || a == 77 || a == 74 || a == 65 || a == 36 || a == 44 || a == 53 || a == 80 || a == 54 || a == 1 || a == 18 || a == 59 || a == 81): null

28-03-2025T12:24:30 - [TEST_STEP][PASSED] - else: null

28-03-2025T12:24:30 - [TEST_STEP][PASSED] - page1 = getText(findTestObject("Object Repository/Выполнение бизнес-плана/spanPlan" + filialNum)): Text of object 'Object Repository/Выполнение бизнес-плана/spanPlan5' is: '9.23
|'

28-03-2025T12:24:30 - [MESSAGE][PASSED] - Text of object 'Object Repository/Выполнение бизнес-плана/spanPlan5' is: '9.23
|'

28-03-2025T12:24:30 - [TEST_STEP][PASSED] - page1 = page1.replace("|", ""): null

28-03-2025T12:24:30 - [TEST_STEP][PASSED] - page2 = getText(findTestObject("Object Repository/Выполнение бизнес-плана/spanFact" + filialNum)): Text of object 'Object Repository/Выполнение бизнес-плана/spanFact5' is: '8.16
|'

28-03-2025T12:24:30 - [MESSAGE][PASSED] - Text of object 'Object Repository/Выполнение бизнес-плана/spanFact5' is: '8.16
|'

28-03-2025T12:24:30 - [TEST_STEP][PASSED] - page2 = page2.replace("|", ""): null

28-03-2025T12:24:30 - [TEST_STEP][PASSED] - println("page1: " + page1): null

28-03-2025T12:24:30 - [TEST_STEP][PASSED] - println("page2: " + page2): null

28-03-2025T12:24:30 - [TEST_STEP][PASSED] - file = findTestData("PlanFact").getValue(4, a): null

28-03-2025T12:24:30 - [TEST_STEP][PASSED] - file = file.replace(",", "."): null

28-03-2025T12:24:30 - [TEST_STEP][PASSED] - println("file Plan: " + file): null

28-03-2025T12:24:30 - [TEST_STEP][PASSED] - typeOfData = "План в процентах": null

28-03-2025T12:24:30 - [TEST_STEP][PASSED] - fileDouble = file.toDouble(): null

28-03-2025T12:24:30 - [TEST_STEP][PASSED] - pageDouble = page1.toDouble(): null

28-03-2025T12:24:30 - [TEST_STEP][PASSED] - if (fileDouble != pageDouble): null

28-03-2025T12:24:30 - [TEST_STEP][PASSED] - file = findTestData("PlanFact").getValue(7, a): null

28-03-2025T12:24:30 - [TEST_STEP][PASSED] - file = file.replace(",", "."): null

28-03-2025T12:24:30 - [TEST_STEP][PASSED] - println("file Fact: " + file): null

28-03-2025T12:24:30 - [TEST_STEP][PASSED] - fileDouble = file.toDouble(): null

28-03-2025T12:24:30 - [TEST_STEP][PASSED] - typeOfData = "Факт в процентах": null

28-03-2025T12:24:30 - [TEST_STEP][PASSED] - fileDouble = file.toDouble(): null

28-03-2025T12:24:30 - [TEST_STEP][PASSED] - pageDouble = page2.toDouble(): null

28-03-2025T12:24:30 - [TEST_STEP][PASSED] - if (fileDouble != pageDouble): null

28-03-2025T12:24:30 - [TEST_STEP][PASSED] - if (verifyEqual(numberOfErrors, 0) == false): Actual object '0' and expected object '0' are equal

28-03-2025T12:24:30 - [MESSAGE][PASSED] - Actual object '0' and expected object '0' are equal

28-03-2025T12:24:30 - [TEST_STEP][PASSED] - if (a == 82): null

28-03-2025T12:24:30 - [TEST_STEP][PASSED] - filialNum = 0: null

28-03-2025T12:24:30 - [TEST_STEP][PASSED] - Script1718980020443.OpenFilter(): null

28-03-2025T12:24:30 - [TEST_STEP][PASSED] - click(findTestObject("Object Repository/Выполнение бизнес-плана/Фильтр ДЗО")): Object: 'Object Repository/Выполнение бизнес-плана/Фильтр ДЗО' is clicked on

28-03-2025T12:24:31 - [MESSAGE][PASSED] - Object: 'Object Repository/Выполнение бизнес-плана/Фильтр ДЗО' is clicked on

28-03-2025T12:24:31 - [TEST_STEP][PASSED] - click(findTestObject("Выполнение бизнес-плана/Снять выделение в фильтре ДЗО")): Object: 'Object Repository/Выполнение бизнес-плана/Снять выделение в фильтре ДЗО' is clicked on

28-03-2025T12:24:31 - [MESSAGE][PASSED] - Object: 'Object Repository/Выполнение бизнес-плана/Снять выделение в фильтре ДЗО' is clicked on

28-03-2025T12:24:31 - [TEST_STEP][PASSED] - Script1718980020443.CloseFilter(): null

28-03-2025T12:24:31 - [TEST_STEP][PASSED] - scrollToElement(findTestObject("Выполнение бизнес-плана/Заголовок дашборда"), 30): Scroll to object 'Object Repository/Выполнение бизнес-плана/Заголовок дашборда' successfully

28-03-2025T12:24:32 - [MESSAGE][PASSED] - Scroll to object 'Object Repository/Выполнение бизнес-плана/Заголовок дашборда' successfully

28-03-2025T12:24:32 - [TEST_STEP][PASSED] - click(findTestObject("Object Repository/Выполнение бизнес-плана/Применить в фильтре ДЗО")): Object: 'Object Repository/Выполнение бизнес-плана/Применить в фильтре ДЗО' is clicked on

28-03-2025T12:24:33 - [MESSAGE][PASSED] - Object: 'Object Repository/Выполнение бизнес-плана/Применить в фильтре ДЗО' is clicked on

28-03-2025T12:24:33 - [TEST_STEP][PASSED] - delay(60): Delayed 60 second(s)

28-03-2025T12:25:33 - [MESSAGE][PASSED] - Delayed 60 second(s)

28-03-2025T12:25:33 - [TEST_STEP][PASSED] - if (a == 82): null

28-03-2025T12:25:33 - [TEST_STEP][PASSED] - println(dzoNum): null

28-03-2025T12:25:33 - [TEST_STEP][PASSED] - dZO = "Россети Янтарь": null

28-03-2025T12:25:33 - [TEST_STEP][PASSED] - a = 81: null

28-03-2025T12:25:33 - [TEST_STEP][PASSED] - if (x1.contains("Янтарь")): null

28-03-2025T12:25:33 - [TEST_STEP][PASSED] - dzoNum = dzoNum + 1: null

28-03-2025T12:25:33 - [TEST_STEP][PASSED] - Script1718980020443.Numbers(a, typeOfData, todaysDate, pageInt, fileInt, pageDouble, fileDouble, dZO, dzoNum, filialNum): null

28-03-2025T12:25:33 - [TEST_STEP][PASSED] - println(dzoNum): null

28-03-2025T12:25:33 - [TEST_STEP][PASSED] - planFact = <not implemented yet for class: org.codehaus.groovy.ast.expr.EmptyExpression>: null

28-03-2025T12:25:33 - [TEST_STEP][PASSED] - page = <not implemented yet for class: org.codehaus.groovy.ast.expr.EmptyExpression>: null

28-03-2025T12:25:33 - [TEST_STEP][PASSED] - page1 = <not implemented yet for class: org.codehaus.groovy.ast.expr.EmptyExpression>: null

28-03-2025T12:25:33 - [TEST_STEP][PASSED] - page2 = <not implemented yet for class: org.codehaus.groovy.ast.expr.EmptyExpression>: null

28-03-2025T12:25:33 - [TEST_STEP][PASSED] - filialNumberInRow = <not implemented yet for class: org.codehaus.groovy.ast.expr.EmptyExpression>: null

28-03-2025T12:25:33 - [TEST_STEP][PASSED] - filialsDzoNames = <not implemented yet for class: org.codehaus.groovy.ast.expr.EmptyExpression>: null

28-03-2025T12:25:33 - [TEST_STEP][PASSED] - numberOfFilials = <not implemented yet for class: org.codehaus.groovy.ast.expr.EmptyExpression>: null

28-03-2025T12:25:33 - [TEST_STEP][PASSED] - numberOfSpaces = <not implemented yet for class: org.codehaus.groovy.ast.expr.EmptyExpression>: null

28-03-2025T12:25:33 - [TEST_STEP][PASSED] - file = <not implemented yet for class: org.codehaus.groovy.ast.expr.EmptyExpression>: null

28-03-2025T12:25:33 - [TEST_STEP][PASSED] - otpusk = <not implemented yet for class: org.codehaus.groovy.ast.expr.EmptyExpression>: null

28-03-2025T12:25:33 - [TEST_STEP][PASSED] - poteri = <not implemented yet for class: org.codehaus.groovy.ast.expr.EmptyExpression>: null

28-03-2025T12:25:33 - [TEST_STEP][PASSED] - dataFolder = "Выполнение бизнес-плана/Значения со страницы Выполнение бизнес-плана/": null

28-03-2025T12:25:33 - [TEST_STEP][PASSED] - path = <not implemented yet for class: org.codehaus.groovy.ast.expr.EmptyExpression>: null

28-03-2025T12:25:33 - [TEST_STEP][PASSED] - typeOfDataMain = <not implemented yet for class: org.codehaus.groovy.ast.expr.EmptyExpression>: null

28-03-2025T12:25:33 - [TEST_STEP][PASSED] - fileOtpuskVSet = <not implemented yet for class: org.codehaus.groovy.ast.expr.EmptyExpression>: null

28-03-2025T12:25:33 - [TEST_STEP][PASSED] - pageOtpuskVSet = <not implemented yet for class: org.codehaus.groovy.ast.expr.EmptyExpression>: null

28-03-2025T12:25:33 - [TEST_STEP][PASSED] - filePoteri = <not implemented yet for class: org.codehaus.groovy.ast.expr.EmptyExpression>: null

28-03-2025T12:25:33 - [TEST_STEP][PASSED] - pagePoteri = <not implemented yet for class: org.codehaus.groovy.ast.expr.EmptyExpression>: null

28-03-2025T12:25:33 - [TEST_STEP][PASSED] - compare = <not implemented yet for class: org.codehaus.groovy.ast.expr.EmptyExpression>: null

28-03-2025T12:25:33 - [TEST_STEP][PASSED] - b = <not implemented yet for class: org.codehaus.groovy.ast.expr.EmptyExpression>: null

28-03-2025T12:25:33 - [TEST_STEP][PASSED] - i = <not implemented yet for class: org.codehaus.groovy.ast.expr.EmptyExpression>: null

28-03-2025T12:25:33 - [TEST_STEP][PASSED] - ii = <not implemented yet for class: org.codehaus.groovy.ast.expr.EmptyExpression>: null

28-03-2025T12:25:33 - [TEST_STEP][PASSED] - c = <not implemented yet for class: org.codehaus.groovy.ast.expr.EmptyExpression>: null

28-03-2025T12:25:33 - [TEST_STEP][PASSED] - numberOfErrors = 0: null

28-03-2025T12:25:33 - [TEST_STEP][PASSED] - if (a == 82): null

28-03-2025T12:25:33 - [TEST_STEP][PASSED] - b = findTestData("PlanFact").getValue(1, a): null

28-03-2025T12:25:33 - [TEST_STEP][PASSED] - i = b.indexOf(" (ГК)"): null

28-03-2025T12:25:33 - [TEST_STEP][PASSED] - if (i > -1): null

28-03-2025T12:25:33 - [TEST_STEP][PASSED] - i = b.indexOf("О ""): null

28-03-2025T12:25:33 - [TEST_STEP][PASSED] - if (i > -1): null

28-03-2025T12:25:33 - [TEST_STEP][PASSED] - i = b.indexOf("О «"): null

28-03-2025T12:25:33 - [TEST_STEP][PASSED] - if (i > -1): null

28-03-2025T12:25:33 - [TEST_STEP][PASSED] - i = b.indexOf("г. "): null

28-03-2025T12:25:33 - [TEST_STEP][PASSED] - if (i > -1): null

28-03-2025T12:25:33 - [TEST_STEP][PASSED] - b = b.trim(): null

28-03-2025T12:25:33 - [TEST_STEP][PASSED] - println(b): null

28-03-2025T12:25:33 - [TEST_STEP][PASSED] - for ([planFact = 1, planFact < 3, (planFact++)]): null

28-03-2025T12:25:33 - [TEST_STEP][PASSED] - if (planFact == 1): null

28-03-2025T12:25:33 - [TEST_STEP][PASSED] - typeOfDataMain = "Факт": null

28-03-2025T12:25:33 - [TEST_STEP][PASSED] - otpusk = findTestData("PlanFact").getValue(5, a): null

28-03-2025T12:25:33 - [TEST_STEP][PASSED] - poteri = findTestData("PlanFact").getValue(6, a): null

28-03-2025T12:25:33 - [TEST_STEP][PASSED] - otpusk = otpusk.replaceAll("\s+", ""): null

28-03-2025T12:25:33 - [TEST_STEP][PASSED] - poteri = poteri.replaceAll("\s+", ""): null

28-03-2025T12:25:33 - [TEST_STEP][PASSED] - typeOfData = typeOfDataMain + " Отпуск в сеть": null

28-03-2025T12:25:33 - [TEST_STEP][PASSED] - if (a == 82): null

28-03-2025T12:25:33 - [TEST_STEP][PASSED] - else if (a == 84): null

28-03-2025T12:25:33 - [TEST_STEP][PASSED] - else if (a == 83 || a == 52 || a == 72 || a == 28 || a == 73 || a == 77 || a == 74 || a == 65 || a == 36 || a == 44 || a == 53 || a == 80 || a == 54 || a == 1 || a == 18 || a == 59 || a == 81): null

28-03-2025T12:25:33 - [TEST_STEP][PASSED] - path = dataFolder + "Table Data/" + typeOfData + " за отчётный период " + dzoNum: null

28-03-2025T12:25:33 - [TEST_STEP][PASSED] - println(path): null

28-03-2025T12:25:33 - [TEST_STEP][PASSED] - page = getText(findTestObject(path)): Text of object 'Object Repository/Выполнение бизнес-плана/Значения со страницы Выполнение бизнес-плана/Table Data/Факт Отпуск в сеть за отчётный период 8' is: '462 838'

28-03-2025T12:26:03 - [MESSAGE][PASSED] - Text of object 'Object Repository/Выполнение бизнес-плана/Значения со страницы Выполнение бизнес-плана/Table Data/Факт Отпуск в сеть за отчётный период 8' is: '462 838'

28-03-2025T12:26:03 - [TEST_STEP][PASSED] - if (page == "" || page == null): null

28-03-2025T12:26:03 - [TEST_STEP][PASSED] - else: null

28-03-2025T12:26:03 - [TEST_STEP][PASSED] - page = page.replaceAll("\s+", ""): null

28-03-2025T12:26:03 - [TEST_STEP][PASSED] - if (page == "undefined"): null

28-03-2025T12:26:03 - [TEST_STEP][PASSED] - fileOtpuskVSet = otpusk.toInteger(): null

28-03-2025T12:26:03 - [TEST_STEP][PASSED] - pageOtpuskVSet = page.toInteger(): null

28-03-2025T12:26:03 - [TEST_STEP][PASSED] - typeOfData = typeOfDataMain + " Потери": null

28-03-2025T12:26:03 - [TEST_STEP][PASSED] - if (a == 82): null

28-03-2025T12:26:03 - [TEST_STEP][PASSED] - else if (a == 84): null

28-03-2025T12:26:03 - [TEST_STEP][PASSED] - else if (a == 83 || a == 52 || a == 72 || a == 28 || a == 73 || a == 77 || a == 74 || a == 65 || a == 44 || a == 53 || a == 80 || a == 54 || a == 1 || a == 18 || a == 59 || a == 81): null

28-03-2025T12:26:03 - [TEST_STEP][PASSED] - path = dataFolder + "Table Data/" + typeOfData + " за отчётный период " + dzoNum: null

28-03-2025T12:26:03 - [TEST_STEP][PASSED] - page = getText(findTestObject(path)): Text of object 'Object Repository/Выполнение бизнес-плана/Значения со страницы Выполнение бизнес-плана/Table Data/Факт Потери за отчётный период 8' is: '257 824'

28-03-2025T12:26:33 - [MESSAGE][PASSED] - Text of object 'Object Repository/Выполнение бизнес-плана/Значения со страницы Выполнение бизнес-плана/Table Data/Факт Потери за отчётный период 8' is: '257 824'

28-03-2025T12:26:33 - [TEST_STEP][PASSED] - if (page == "" || page == null): null

28-03-2025T12:26:33 - [TEST_STEP][PASSED] - else: null

28-03-2025T12:26:33 - [TEST_STEP][PASSED] - page = page.replaceAll("\s+", ""): null

28-03-2025T12:26:33 - [TEST_STEP][PASSED] - if (page == "undefined"): null

28-03-2025T12:26:33 - [TEST_STEP][PASSED] - filePoteri = poteri.toInteger(): null

28-03-2025T12:26:33 - [TEST_STEP][PASSED] - pagePoteri = page.toInteger(): null

28-03-2025T12:26:33 - [TEST_STEP][PASSED] - compare = pageOtpuskVSet: null

28-03-2025T12:26:33 - [TEST_STEP][PASSED] - if (pageOtpuskVSet != null): null

28-03-2025T12:26:33 - [TEST_STEP][PASSED] - if (compare == fileOtpuskVSet): null

28-03-2025T12:26:33 - [TEST_STEP][PASSED] - if (compare == fileOtpuskVSet): null

28-03-2025T12:26:33 - [TEST_STEP][PASSED] - compare = pagePoteri: null

28-03-2025T12:26:33 - [TEST_STEP][PASSED] - if (pageOtpuskVSet != null): null

28-03-2025T12:26:33 - [TEST_STEP][PASSED] - if (compare == filePoteri): null

28-03-2025T12:26:33 - [TEST_STEP][PASSED] - else if (compare > filePoteri): null

28-03-2025T12:26:33 - [TEST_STEP][PASSED] - compare = compare - 1: null

28-03-2025T12:26:33 - [TEST_STEP][PASSED] - if (compare == filePoteri): null

28-03-2025T12:26:33 - [TEST_STEP][PASSED] - else: null

28-03-2025T12:26:33 - [TEST_STEP][PASSED] - numberOfErrors = numberOfErrors + 1: null

28-03-2025T12:26:33 - [TEST_STEP][PASSED] - pageInt = pagePoteri: null

28-03-2025T12:26:33 - [TEST_STEP][PASSED] - fileInt = filePoteri: null

28-03-2025T12:26:33 - [TEST_STEP][PASSED] - typeOfData = typeOfDataMain + " Потери": null

28-03-2025T12:26:33 - [TEST_STEP][PASSED] - Script1718980020443.WriteToExcel(a, typeOfData, todaysDate, pageInt, fileInt, pageDouble, fileDouble, dZO): null

28-03-2025T12:26:33 - [TEST_STEP][PASSED] - sheetName = "Sheet1": null

28-03-2025T12:26:33 - [TEST_STEP][PASSED] - data = findTestData("PlanFact"): null

28-03-2025T12:26:33 - [TEST_STEP][PASSED] - n = data.getRowNumbers() + 1: null

28-03-2025T12:26:33 - [TEST_STEP][PASSED] - day = ")).toInteger(): null

28-03-2025T12:26:33 - [TEST_STEP][PASSED] - println(day): null

28-03-2025T12:26:33 - [TEST_STEP][PASSED] - month = ")).toInteger(): null

28-03-2025T12:26:33 - [TEST_STEP][PASSED] - println(month): null

28-03-2025T12:26:33 - [TEST_STEP][PASSED] - y = <not implemented yet for class: org.codehaus.groovy.ast.expr.EmptyExpression>: null

28-03-2025T12:26:33 - [TEST_STEP][PASSED] - iy = <not implemented yet for class: org.codehaus.groovy.ast.expr.EmptyExpression>: null

28-03-2025T12:26:33 - [TEST_STEP][PASSED] - m = getText(findTestObject("Выполнение бизнес-плана/Период")): Text of object 'Object Repository/Выполнение бизнес-плана/Период' is: 'Январь 2025 года'

28-03-2025T12:27:03 - [MESSAGE][PASSED] - Text of object 'Object Repository/Выполнение бизнес-плана/Период' is: 'Январь 2025 года'

28-03-2025T12:27:03 - [TEST_STEP][PASSED] - iy = m.indexOf("20"): null

28-03-2025T12:27:03 - [TEST_STEP][PASSED] - if (iy > -1): null

28-03-2025T12:27:03 - [TEST_STEP][PASSED] - y = substring(iy, iy + 4).toInteger(): null

28-03-2025T12:27:03 - [TEST_STEP][PASSED] - println(y): null

28-03-2025T12:27:03 - [TEST_STEP][PASSED] - if (toString().length() == 4): null

28-03-2025T12:27:03 - [TEST_STEP][PASSED] - m = m.substring(0, m.indexOf(y.toString())): null

28-03-2025T12:27:03 - [TEST_STEP][PASSED] - m = m.trim(): null

28-03-2025T12:27:03 - [TEST_STEP][PASSED] - if (m == ""): null

28-03-2025T12:27:03 - [TEST_STEP][PASSED] - dashboardName = "Выполнение бизнес-плана": null

28-03-2025T12:27:03 - [TEST_STEP][PASSED] - workbook01 = getWorkbook(excelFilePath): null

28-03-2025T12:27:03 - [TEST_STEP][PASSED] - sheet01 = getExcelSheet(workbook01, sheetName): null

28-03-2025T12:27:03 - [TEST_STEP][PASSED] - setValueToCellByIndex(sheet01, n, 0, dashboardName): null

28-03-2025T12:27:03 - [TEST_STEP][PASSED] - setValueToCellByIndex(sheet01, n, 1, dZO): null

28-03-2025T12:27:03 - [TEST_STEP][PASSED] - setValueToCellByIndex(sheet01, n, 2, typeOfData): null

28-03-2025T12:27:03 - [TEST_STEP][PASSED] - if (typeOfData == "Факт в процентах" || typeOfData == "План в процентах"): null

28-03-2025T12:27:03 - [TEST_STEP][PASSED] - else: null

28-03-2025T12:27:03 - [TEST_STEP][PASSED] - setValueToCellByIndex(sheet01, n, 3, fileInt): null

28-03-2025T12:27:03 - [TEST_STEP][PASSED] - setValueToCellByIndex(sheet01, n, 4, pageInt): null

28-03-2025T12:27:03 - [TEST_STEP][PASSED] - setValueToCellByIndex(sheet01, n, 5, m): null

28-03-2025T12:27:03 - [TEST_STEP][PASSED] - setValueToCellByIndex(sheet01, n, 6, y): null

28-03-2025T12:27:03 - [TEST_STEP][PASSED] - setValueToCellByIndex(sheet01, n, 7, todaysDate): null

28-03-2025T12:27:03 - [TEST_STEP][PASSED] - n = n + 1: null

28-03-2025T12:27:03 - [TEST_STEP][FAILED] - saveWorkbook(excelFilePath, workbook01): null

28-03-2025T12:27:03 - [TEST_STEP][PASSED] - if (planFact == 2): null

28-03-2025T12:27:03 - [TEST_STEP][PASSED] - if (planFact == 1): null

28-03-2025T12:27:03 - [TEST_STEP][PASSED] - else if (planFact == 2): null

28-03-2025T12:27:03 - [TEST_STEP][PASSED] - click(findTestObject("Выполнение бизнес-плана/Кнопка План")): Object: 'Object Repository/Выполнение бизнес-плана/Кнопка План' is clicked on

28-03-2025T12:27:13 - [MESSAGE][PASSED] - Object: 'Object Repository/Выполнение бизнес-плана/Кнопка План' is clicked on

28-03-2025T12:27:13 - [TEST_STEP][PASSED] - typeOfDataMain = "План": null

28-03-2025T12:27:13 - [TEST_STEP][PASSED] - otpusk = findTestData("PlanFact").getValue(2, a): null

28-03-2025T12:27:13 - [TEST_STEP][PASSED] - poteri = findTestData("PlanFact").getValue(3, a): null

28-03-2025T12:27:13 - [TEST_STEP][PASSED] - otpusk = otpusk.replaceAll("\s+", ""): null

28-03-2025T12:27:13 - [TEST_STEP][PASSED] - poteri = poteri.replaceAll("\s+", ""): null

28-03-2025T12:27:13 - [TEST_STEP][PASSED] - typeOfData = typeOfDataMain + " Отпуск в сеть": null

28-03-2025T12:27:13 - [TEST_STEP][PASSED] - if (a == 82): null

28-03-2025T12:27:13 - [TEST_STEP][PASSED] - else if (a == 84): null

28-03-2025T12:27:13 - [TEST_STEP][PASSED] - else if (a == 83 || a == 52 || a == 72 || a == 28 || a == 73 || a == 77 || a == 74 || a == 65 || a == 36 || a == 44 || a == 53 || a == 80 || a == 54 || a == 1 || a == 18 || a == 59 || a == 81): null

28-03-2025T12:27:13 - [TEST_STEP][PASSED] - path = dataFolder + "Table Data/" + typeOfData + " за отчётный период " + dzoNum: null

28-03-2025T12:27:13 - [TEST_STEP][PASSED] - println(path): null

28-03-2025T12:27:13 - [TEST_STEP][PASSED] - page = getText(findTestObject(path)): Text of object 'Object Repository/Выполнение бизнес-плана/Значения со страницы Выполнение бизнес-плана/Table Data/План Отпуск в сеть за отчётный период 8' is: '489 942'

28-03-2025T12:27:13 - [MESSAGE][PASSED] - Text of object 'Object Repository/Выполнение бизнес-плана/Значения со страницы Выполнение бизнес-плана/Table Data/План Отпуск в сеть за отчётный период 8' is: '489 942'

28-03-2025T12:27:13 - [TEST_STEP][PASSED] - if (page == "" || page == null): null

28-03-2025T12:27:13 - [TEST_STEP][PASSED] - else: null

28-03-2025T12:27:13 - [TEST_STEP][PASSED] - page = page.replaceAll("\s+", ""): null

28-03-2025T12:27:13 - [TEST_STEP][PASSED] - if (page == "undefined"): null

28-03-2025T12:27:13 - [TEST_STEP][PASSED] - fileOtpuskVSet = otpusk.toInteger(): null

28-03-2025T12:27:13 - [TEST_STEP][PASSED] - pageOtpuskVSet = page.toInteger(): null

28-03-2025T12:27:13 - [TEST_STEP][PASSED] - typeOfData = typeOfDataMain + " Потери": null

28-03-2025T12:27:13 - [TEST_STEP][PASSED] - if (a == 82): null

28-03-2025T12:27:13 - [TEST_STEP][PASSED] - else if (a == 84): null

28-03-2025T12:27:13 - [TEST_STEP][PASSED] - else if (a == 83 || a == 52 || a == 72 || a == 28 || a == 73 || a == 77 || a == 74 || a == 65 || a == 44 || a == 53 || a == 80 || a == 54 || a == 1 || a == 18 || a == 59 || a == 81): null

28-03-2025T12:27:13 - [TEST_STEP][PASSED] - path = dataFolder + "Table Data/" + typeOfData + " за отчётный период " + dzoNum: null

28-03-2025T12:27:13 - [TEST_STEP][FAILED] - page = getText(findTestObject(path)): Unable to get text of object 'Object Repository/Выполнение бизнес-плана/Значения со страницы Выполнение бизнес-плана/Table Data/План Потери за отчётный период 8' (Root cause: com.kms.katalon.core.exception.StepFailedException: Unable to get text of object 'Object Repository/Выполнение бизнес-плана/Значения со страницы Выполнение бизнес-плана/Table Data/План Потери за отчётный период 8'
	at com.kms.katalon.core.webui.keyword.internal.WebUIKeywordMain.stepFailed(WebUIKeywordMain.groovy:64)
	at com.kms.katalon.core.webui.keyword.internal.WebUIKeywordMain.runKeyword(WebUIKeywordMain.groovy:26)
	at com.kms.katalon.core.webui.keyword.builtin.GetTextKeyword.getText(GetTextKeyword.groovy:88)
	at com.kms.katalon.core.webui.keyword.builtin.GetTextKeyword.execute(GetTextKeyword.groovy:67)
	at com.kms.katalon.core.keyword.internal.KeywordExecutor.executeKeywordForPlatform(KeywordExecutor.groovy:74)
	at com.kms.katalon.core.webui.keyword.WebUiBuiltInKeywords.getText(WebUiBuiltInKeywords.groovy:957)
	at Выполнение бизнес-плана Сверка ПАО Россети все филиалы.Numbers(Выполнение бизнес-плана Сверка ПАО Россети все филиалы:594)
	at Выполнение бизнес-плана Сверка ПАО Россети все филиалы.run(Выполнение бизнес-плана Сверка ПАО Россети все филиалы:413)
	at com.kms.katalon.core.main.ScriptEngine.run(ScriptEngine.java:194)
	at com.kms.katalon.core.main.ScriptEngine.runScriptAsRawText(ScriptEngine.java:119)
	at com.kms.katalon.core.main.TestCaseExecutor.runScript(TestCaseExecutor.java:448)
	at com.kms.katalon.core.main.TestCaseExecutor.doExecute(TestCaseExecutor.java:439)
	at com.kms.katalon.core.main.TestCaseExecutor.processExecutionPhase(TestCaseExecutor.java:418)
	at com.kms.katalon.core.main.TestCaseExecutor.accessMainPhase(TestCaseExecutor.java:410)
	at com.kms.katalon.core.main.TestCaseExecutor.execute(TestCaseExecutor.java:285)
	at com.kms.katalon.core.common.CommonExecutor.accessTestCaseMainPhase(CommonExecutor.java:65)
	at com.kms.katalon.core.main.TestSuiteExecutor.accessTestSuiteMainPhase(TestSuiteExecutor.java:150)
	at com.kms.katalon.core.main.TestSuiteExecutor.execute(TestSuiteExecutor.java:106)
	at com.kms.katalon.core.main.TestCaseMain.startTestSuite(TestCaseMain.java:180)
	at TempTestSuite1743137207280.run(TempTestSuite1743137207280.groovy:35)
	at java.base/jdk.internal.reflect.NativeMethodAccessorImpl.invoke0(Native Method)
	at java.base/jdk.internal.reflect.NativeMethodAccessorImpl.invoke(NativeMethodAccessorImpl.java:77)
	at java.base/jdk.internal.reflect.DelegatingMethodAccessorImpl.invoke(DelegatingMethodAccessorImpl.java:43)
Caused by: com.kms.katalon.core.webui.exception.WebElementNotFoundException: Web element with id: 'Object Repository/Выполнение бизнес-плана/Значения со страницы Выполнение бизнес-плана/Table Data/План Потери за отчётный период 8' located by '(.//*[normalize-space(text()) and normalize-space(.)='Показатели баланса электроэнергии по ДЗО – План'])[2]/following::td[42]' not found
	at com.kms.katalon.core.webui.common.WebUiCommonHelper.findWebElement(WebUiCommonHelper.java:1426)
	at com.kms.katalon.core.webui.keyword.internal.WebUIAbstractKeyword.findWebElement(WebUIAbstractKeyword.groovy:27)
	at com.kms.katalon.core.webui.keyword.internal.WebUIAbstractKeyword.findWebElement(WebUIAbstractKeyword.groovy:26)
	at com.kms.katalon.core.webui.keyword.builtin.GetTextKeyword$_getText_closure1.doCall(GetTextKeyword.groovy:78)
	at com.kms.katalon.core.webui.keyword.builtin.GetTextKeyword$_getText_closure1.call(GetTextKeyword.groovy)
	at com.kms.katalon.core.webui.keyword.internal.WebUIKeywordMain.runKeyword(WebUIKeywordMain.groovy:20)
	at com.kms.katalon.core.webui.keyword.builtin.GetTextKeyword.getText(GetTextKeyword.groovy:88)
	at com.kms.katalon.core.webui.keyword.builtin.GetTextKeyword.execute(GetTextKeyword.groovy:67)
	at com.kms.katalon.core.keyword.internal.KeywordExecutor.executeKeywordForPlatform(KeywordExecutor.groovy:74)
	at com.kms.katalon.core.webui.keyword.WebUiBuiltInKeywords.getText(WebUiBuiltInKeywords.groovy:957)
	at Script1718980020443.Numbers(Script1718980020443.groovy:594)
	at Script1718980020443.run(Script1718980020443.groovy:413)
	... 15 more
)

28-03-2025T12:27:44 - [MESSAGE][INFO] - Unable to find the element located by 'By.xpath: (.//*[normalize-space(text()) and normalize-space(.)='Показатели баланса электроэнергии по ДЗО – План'])[2]/following::td[42]'. Please recheck the objects properties to make sure the desired element is located. 

28-03-2025T12:27:44 - [MESSAGE][FAILED] - Unable to get text of object 'Object Repository/Выполнение бизнес-плана/Значения со страницы Выполнение бизнес-плана/Table Data/План Потери за отчётный период 8' (Root cause: com.kms.katalon.core.exception.StepFailedException: Unable to get text of object 'Object Repository/Выполнение бизнес-плана/Значения со страницы Выполнение бизнес-плана/Table Data/План Потери за отчётный период 8'
	at com.kms.katalon.core.webui.keyword.internal.WebUIKeywordMain.stepFailed(WebUIKeywordMain.groovy:64)
	at com.kms.katalon.core.webui.keyword.internal.WebUIKeywordMain.runKeyword(WebUIKeywordMain.groovy:26)
	at com.kms.katalon.core.webui.keyword.builtin.GetTextKeyword.getText(GetTextKeyword.groovy:88)
	at com.kms.katalon.core.webui.keyword.builtin.GetTextKeyword.execute(GetTextKeyword.groovy:67)
	at com.kms.katalon.core.keyword.internal.KeywordExecutor.executeKeywordForPlatform(KeywordExecutor.groovy:74)
	at com.kms.katalon.core.webui.keyword.WebUiBuiltInKeywords.getText(WebUiBuiltInKeywords.groovy:957)
	at Выполнение бизнес-плана Сверка ПАО Россети все филиалы.Numbers(Выполнение бизнес-плана Сверка ПАО Россети все филиалы:594)
	at Выполнение бизнес-плана Сверка ПАО Россети все филиалы.run(Выполнение бизнес-плана Сверка ПАО Россети все филиалы:413)
	at com.kms.katalon.core.main.ScriptEngine.run(ScriptEngine.java:194)
	at com.kms.katalon.core.main.ScriptEngine.runScriptAsRawText(ScriptEngine.java:119)
	at com.kms.katalon.core.main.TestCaseExecutor.runScript(TestCaseExecutor.java:448)
	at com.kms.katalon.core.main.TestCaseExecutor.doExecute(TestCaseExecutor.java:439)
	at com.kms.katalon.core.main.TestCaseExecutor.processExecutionPhase(TestCaseExecutor.java:418)
	at com.kms.katalon.core.main.TestCaseExecutor.accessMainPhase(TestCaseExecutor.java:410)
	at com.kms.katalon.core.main.TestCaseExecutor.execute(TestCaseExecutor.java:285)
	at com.kms.katalon.core.common.CommonExecutor.accessTestCaseMainPhase(CommonExecutor.java:65)
	at com.kms.katalon.core.main.TestSuiteExecutor.accessTestSuiteMainPhase(TestSuiteExecutor.java:150)
	at com.kms.katalon.core.main.TestSuiteExecutor.execute(TestSuiteExecutor.java:106)
	at com.kms.katalon.core.main.TestCaseMain.startTestSuite(TestCaseMain.java:180)
	at TempTestSuite1743137207280.run(TempTestSuite1743137207280.groovy:35)
	at java.base/jdk.internal.reflect.NativeMethodAccessorImpl.invoke0(Native Method)
	at java.base/jdk.internal.reflect.NativeMethodAccessorImpl.invoke(NativeMethodAccessorImpl.java:77)
	at java.base/jdk.internal.reflect.DelegatingMethodAccessorImpl.invoke(DelegatingMethodAccessorImpl.java:43)
Caused by: com.kms.katalon.core.webui.exception.WebElementNotFoundException: Web element with id: 'Object Repository/Выполнение бизнес-плана/Значения со страницы Выполнение бизнес-плана/Table Data/План Потери за отчётный период 8' located by '(.//*[normalize-space(text()) and normalize-space(.)='Показатели баланса электроэнергии по ДЗО – План'])[2]/following::td[42]' not found
	at com.kms.katalon.core.webui.common.WebUiCommonHelper.findWebElement(WebUiCommonHelper.java:1426)
	at com.kms.katalon.core.webui.keyword.internal.WebUIAbstractKeyword.findWebElement(WebUIAbstractKeyword.groovy:27)
	at com.kms.katalon.core.webui.keyword.internal.WebUIAbstractKeyword.findWebElement(WebUIAbstractKeyword.groovy:26)
	at com.kms.katalon.core.webui.keyword.builtin.GetTextKeyword$_getText_closure1.doCall(GetTextKeyword.groovy:78)
	at com.kms.katalon.core.webui.keyword.builtin.GetTextKeyword$_getText_closure1.call(GetTextKeyword.groovy)
	at com.kms.katalon.core.webui.keyword.internal.WebUIKeywordMain.runKeyword(WebUIKeywordMain.groovy:20)
	at com.kms.katalon.core.webui.keyword.builtin.GetTextKeyword.getText(GetTextKeyword.groovy:88)
	at com.kms.katalon.core.webui.keyword.builtin.GetTextKeyword.execute(GetTextKeyword.groovy:67)
	at com.kms.katalon.core.keyword.internal.KeywordExecutor.executeKeywordForPlatform(KeywordExecutor.groovy:74)
	at com.kms.katalon.core.webui.keyword.WebUiBuiltInKeywords.getText(WebUiBuiltInKeywords.groovy:957)
	at Script1718980020443.Numbers(Script1718980020443.groovy:594)
	at Script1718980020443.run(Script1718980020443.groovy:413)
	... 15 more
)
[[ATTACHMENT|C:\\Users\\LIAZGINA-DI\\git\\SPORU\\Reports\\20250328_074647\\\u041F\u043D-\u0421\u0440-\u041F\u0442\\\u0421\u0432\u0435\u0440\u043A\u0430 \u0434\u0430\u0448\u0431\u043E\u0440\u0434\u043E\u0432 \u0438\u0437 \u0440\u0430\u0437\u043D\u044B\u0445 \u0431\u043B\u043E\u043A\u043E\u0432\\20250328_074647\\1743154064587.png]]

28-03-2025T12:27:44 - [TEST_STEP][PASSED] - if (page == "" || page == null): null

28-03-2025T12:27:44 - [TEST_STEP][PASSED] - fileInt = poteri.toInteger(): null

28-03-2025T12:27:44 - [TEST_STEP][PASSED] - Script1718980020443.WriteToExcelNoData(a, typeOfData, todaysDate, fileInt, fileDouble, dZO): null

28-03-2025T12:27:44 - [TEST_STEP][PASSED] - sheetName = "Sheet1": null

28-03-2025T12:27:44 - [TEST_STEP][PASSED] - data = findTestData("PlanFact"): null

28-03-2025T12:27:44 - [TEST_STEP][PASSED] - n = data.getRowNumbers() + 1: null

28-03-2025T12:27:44 - [TEST_STEP][PASSED] - day = ")).toInteger(): null

28-03-2025T12:27:44 - [TEST_STEP][PASSED] - println(day): null

28-03-2025T12:27:44 - [TEST_STEP][PASSED] - month = ")).toInteger(): null

28-03-2025T12:27:44 - [TEST_STEP][PASSED] - println(month): null

28-03-2025T12:27:44 - [TEST_STEP][PASSED] - y = <not implemented yet for class: org.codehaus.groovy.ast.expr.EmptyExpression>: null

28-03-2025T12:27:44 - [TEST_STEP][PASSED] - iy = <not implemented yet for class: org.codehaus.groovy.ast.expr.EmptyExpression>: null

28-03-2025T12:27:44 - [TEST_STEP][PASSED] - m = getText(findTestObject("Выполнение бизнес-плана/Период")): Text of object 'Object Repository/Выполнение бизнес-плана/Период' is: 'Январь 2025 года'

28-03-2025T12:27:45 - [MESSAGE][PASSED] - Text of object 'Object Repository/Выполнение бизнес-плана/Период' is: 'Январь 2025 года'

28-03-2025T12:27:45 - [TEST_STEP][PASSED] - iy = m.indexOf("20"): null

28-03-2025T12:27:45 - [TEST_STEP][PASSED] - if (iy > -1): null

28-03-2025T12:27:45 - [TEST_STEP][PASSED] - y = substring(iy, iy + 4).toInteger(): null

28-03-2025T12:27:45 - [TEST_STEP][PASSED] - println(y): null

28-03-2025T12:27:45 - [TEST_STEP][PASSED] - if (toString().length() == 4): null

28-03-2025T12:27:45 - [TEST_STEP][PASSED] - m = m.substring(0, m.indexOf(y.toString())): null

28-03-2025T12:27:45 - [TEST_STEP][PASSED] - m = m.trim(): null

28-03-2025T12:27:45 - [TEST_STEP][PASSED] - if (m == ""): null

28-03-2025T12:27:45 - [TEST_STEP][PASSED] - dashboardName = "Выполнение бизнес-плана": null

28-03-2025T12:27:45 - [TEST_STEP][PASSED] - workbook01 = getWorkbook(excelFilePath): null

28-03-2025T12:27:45 - [TEST_STEP][PASSED] - sheet01 = getExcelSheet(workbook01, sheetName): null

28-03-2025T12:27:45 - [TEST_STEP][PASSED] - setValueToCellByIndex(sheet01, n, 0, dashboardName): null

28-03-2025T12:27:45 - [TEST_STEP][PASSED] - setValueToCellByIndex(sheet01, n, 1, dZO): null

28-03-2025T12:27:45 - [TEST_STEP][PASSED] - setValueToCellByIndex(sheet01, n, 2, typeOfData): null

28-03-2025T12:27:45 - [TEST_STEP][PASSED] - if (typeOfData == "Факт в процентах" || typeOfData == "План в процентах"): null

28-03-2025T12:27:45 - [TEST_STEP][PASSED] - else: null

28-03-2025T12:27:45 - [TEST_STEP][PASSED] - setValueToCellByIndex(sheet01, n, 3, fileInt): null

28-03-2025T12:27:45 - [TEST_STEP][PASSED] - setValueToCellByIndex(sheet01, n, 4, "нет данных"): null

28-03-2025T12:27:45 - [TEST_STEP][PASSED] - setValueToCellByIndex(sheet01, n, 5, m): null

28-03-2025T12:27:45 - [TEST_STEP][PASSED] - setValueToCellByIndex(sheet01, n, 6, y): null

28-03-2025T12:27:45 - [TEST_STEP][PASSED] - setValueToCellByIndex(sheet01, n, 7, todaysDate): null

28-03-2025T12:27:45 - [TEST_STEP][PASSED] - n = n + 1: null

28-03-2025T12:27:45 - [TEST_STEP][PASSED] - saveWorkbook(excelFilePath, workbook01): null

28-03-2025T12:27:45 - [TEST_STEP][PASSED] - compare = pageOtpuskVSet: null

28-03-2025T12:27:45 - [TEST_STEP][PASSED] - if (pageOtpuskVSet != null): null

28-03-2025T12:27:45 - [TEST_STEP][PASSED] - if (compare == fileOtpuskVSet): null

28-03-2025T12:27:45 - [TEST_STEP][PASSED] - if (compare == fileOtpuskVSet): null

28-03-2025T12:27:45 - [TEST_STEP][PASSED] - compare = pagePoteri: null

28-03-2025T12:27:45 - [TEST_STEP][PASSED] - if (pageOtpuskVSet != null): null

28-03-2025T12:27:45 - [TEST_STEP][PASSED] - if (compare == filePoteri): null

28-03-2025T12:27:45 - [TEST_STEP][PASSED] - else if (compare > filePoteri): null

28-03-2025T12:27:45 - [TEST_STEP][PASSED] - compare = compare - 1: null

28-03-2025T12:27:45 - [TEST_STEP][PASSED] - if (compare == filePoteri): null

28-03-2025T12:27:45 - [TEST_STEP][PASSED] - else: null

28-03-2025T12:27:45 - [TEST_STEP][PASSED] - numberOfErrors = numberOfErrors + 1: null

28-03-2025T12:27:45 - [TEST_STEP][PASSED] - pageInt = pagePoteri: null

28-03-2025T12:27:45 - [TEST_STEP][PASSED] - fileInt = filePoteri: null

28-03-2025T12:27:45 - [TEST_STEP][PASSED] - typeOfData = typeOfDataMain + " Потери": null

28-03-2025T12:27:45 - [TEST_STEP][PASSED] - Script1718980020443.WriteToExcel(a, typeOfData, todaysDate, pageInt, fileInt, pageDouble, fileDouble, dZO): null

28-03-2025T12:27:45 - [TEST_STEP][PASSED] - sheetName = "Sheet1": null

28-03-2025T12:27:45 - [TEST_STEP][PASSED] - data = findTestData("PlanFact"): null

28-03-2025T12:27:45 - [TEST_STEP][PASSED] - n = data.getRowNumbers() + 1: null

28-03-2025T12:27:45 - [TEST_STEP][PASSED] - day = ")).toInteger(): null

28-03-2025T12:27:45 - [TEST_STEP][PASSED] - println(day): null

28-03-2025T12:27:45 - [TEST_STEP][PASSED] - month = ")).toInteger(): null

28-03-2025T12:27:45 - [TEST_STEP][PASSED] - println(month): null

28-03-2025T12:27:45 - [TEST_STEP][PASSED] - y = <not implemented yet for class: org.codehaus.groovy.ast.expr.EmptyExpression>: null

28-03-2025T12:27:45 - [TEST_STEP][PASSED] - iy = <not implemented yet for class: org.codehaus.groovy.ast.expr.EmptyExpression>: null

28-03-2025T12:27:45 - [TEST_STEP][PASSED] - m = getText(findTestObject("Выполнение бизнес-плана/Период")): Text of object 'Object Repository/Выполнение бизнес-плана/Период' is: 'Январь 2025 года'

28-03-2025T12:27:45 - [MESSAGE][PASSED] - Text of object 'Object Repository/Выполнение бизнес-плана/Период' is: 'Январь 2025 года'

28-03-2025T12:27:45 - [TEST_STEP][PASSED] - iy = m.indexOf("20"): null

28-03-2025T12:27:45 - [TEST_STEP][PASSED] - if (iy > -1): null

28-03-2025T12:27:45 - [TEST_STEP][PASSED] - y = substring(iy, iy + 4).toInteger(): null

28-03-2025T12:27:45 - [TEST_STEP][PASSED] - println(y): null

28-03-2025T12:27:45 - [TEST_STEP][PASSED] - if (toString().length() == 4): null

28-03-2025T12:27:45 - [TEST_STEP][PASSED] - m = m.substring(0, m.indexOf(y.toString())): null

28-03-2025T12:27:45 - [TEST_STEP][PASSED] - m = m.trim(): null

28-03-2025T12:27:45 - [TEST_STEP][PASSED] - if (m == ""): null

28-03-2025T12:27:45 - [TEST_STEP][PASSED] - dashboardName = "Выполнение бизнес-плана": null

28-03-2025T12:27:45 - [TEST_STEP][PASSED] - workbook01 = getWorkbook(excelFilePath): null

28-03-2025T12:27:45 - [TEST_STEP][PASSED] - sheet01 = getExcelSheet(workbook01, sheetName): null

28-03-2025T12:27:45 - [TEST_STEP][PASSED] - setValueToCellByIndex(sheet01, n, 0, dashboardName): null

28-03-2025T12:27:45 - [TEST_STEP][PASSED] - setValueToCellByIndex(sheet01, n, 1, dZO): null

28-03-2025T12:27:45 - [TEST_STEP][PASSED] - setValueToCellByIndex(sheet01, n, 2, typeOfData): null

28-03-2025T12:27:45 - [TEST_STEP][PASSED] - if (typeOfData == "Факт в процентах" || typeOfData == "План в процентах"): null

28-03-2025T12:27:45 - [TEST_STEP][PASSED] - else: null

28-03-2025T12:27:45 - [TEST_STEP][PASSED] - setValueToCellByIndex(sheet01, n, 3, fileInt): null

28-03-2025T12:27:45 - [TEST_STEP][PASSED] - setValueToCellByIndex(sheet01, n, 4, pageInt): null

28-03-2025T12:27:45 - [TEST_STEP][PASSED] - setValueToCellByIndex(sheet01, n, 5, m): null

28-03-2025T12:27:45 - [TEST_STEP][PASSED] - setValueToCellByIndex(sheet01, n, 6, y): null

28-03-2025T12:27:45 - [TEST_STEP][PASSED] - setValueToCellByIndex(sheet01, n, 7, todaysDate): null

28-03-2025T12:27:45 - [TEST_STEP][PASSED] - n = n + 1: null

28-03-2025T12:27:45 - [TEST_STEP][PASSED] - saveWorkbook(excelFilePath, workbook01): Object: 'Object Repository/Выполнение бизнес-плана/Кнопка Факт' is clicked on

28-03-2025T12:27:45 - [TEST_STEP][PASSED] - if (planFact == 2): Object: 'Object Repository/Выполнение бизнес-плана/Кнопка Факт' is clicked on

28-03-2025T12:27:45 - [TEST_STEP][PASSED] - click(findTestObject("Выполнение бизнес-плана/Кнопка Факт")): Object: 'Object Repository/Выполнение бизнес-плана/Кнопка Факт' is clicked on

28-03-2025T12:27:46 - [MESSAGE][PASSED] - Object: 'Object Repository/Выполнение бизнес-плана/Кнопка Факт' is clicked on

28-03-2025T12:27:46 - [TEST_STEP][PASSED] - println("a=" + a): null

28-03-2025T12:27:46 - [TEST_STEP][PASSED] - if (a == 84 || a == 82): null

28-03-2025T12:27:46 - [TEST_STEP][PASSED] - else if (a == 83 || a == 52 || a == 72 || a == 28 || a == 73 || a == 77 || a == 74 || a == 65 || a == 36 || a == 44 || a == 53 || a == 80 || a == 54 || a == 1 || a == 18 || a == 59 || a == 81): null

28-03-2025T12:27:46 - [TEST_STEP][PASSED] - page1 = getText(findTestObject("Object Repository/Выполнение бизнес-плана/spanPlan" + dzoNum)): Text of object 'Object Repository/Выполнение бизнес-плана/spanPlan8' is: '12.35
|'

28-03-2025T12:27:46 - [MESSAGE][PASSED] - Text of object 'Object Repository/Выполнение бизнес-плана/spanPlan8' is: '12.35
|'

28-03-2025T12:27:46 - [TEST_STEP][PASSED] - page1 = page1.replace("|", ""): null

28-03-2025T12:27:46 - [TEST_STEP][PASSED] - page2 = getText(findTestObject("Object Repository/Выполнение бизнес-плана/spanFact" + dzoNum)): Text of object 'Object Repository/Выполнение бизнес-плана/spanFact8' is: '9.90'

28-03-2025T12:27:46 - [MESSAGE][PASSED] - Text of object 'Object Repository/Выполнение бизнес-плана/spanFact8' is: '9.90'

28-03-2025T12:27:46 - [TEST_STEP][PASSED] - page2 = page2.replace("|", ""): null

28-03-2025T12:27:46 - [TEST_STEP][PASSED] - println("page1: " + page1): null

28-03-2025T12:27:46 - [TEST_STEP][PASSED] - println("page2: " + page2): null

28-03-2025T12:27:46 - [TEST_STEP][PASSED] - file = findTestData("PlanFact").getValue(4, a): null

28-03-2025T12:27:46 - [TEST_STEP][PASSED] - file = file.replace(",", "."): null

28-03-2025T12:27:46 - [TEST_STEP][PASSED] - println("file Plan: " + file): null

28-03-2025T12:27:46 - [TEST_STEP][PASSED] - typeOfData = "План в процентах": null

28-03-2025T12:27:46 - [TEST_STEP][PASSED] - fileDouble = file.toDouble(): null

28-03-2025T12:27:46 - [TEST_STEP][PASSED] - pageDouble = page1.toDouble(): null

28-03-2025T12:27:46 - [TEST_STEP][PASSED] - if (fileDouble != pageDouble): null

28-03-2025T12:27:46 - [TEST_STEP][PASSED] - file = findTestData("PlanFact").getValue(7, a): null

28-03-2025T12:27:47 - [TEST_STEP][PASSED] - file = file.replace(",", "."): null

28-03-2025T12:27:47 - [TEST_STEP][PASSED] - println("file Fact: " + file): null

28-03-2025T12:27:47 - [TEST_STEP][PASSED] - fileDouble = file.toDouble(): null

28-03-2025T12:27:47 - [TEST_STEP][PASSED] - typeOfData = "Факт в процентах": null

28-03-2025T12:27:47 - [TEST_STEP][PASSED] - fileDouble = file.toDouble(): null

28-03-2025T12:27:47 - [TEST_STEP][PASSED] - pageDouble = page2.toDouble(): null

28-03-2025T12:27:47 - [TEST_STEP][PASSED] - if (fileDouble != pageDouble): null

28-03-2025T12:27:47 - [TEST_STEP][FAILED] - if (verifyEqual(numberOfErrors, 0) == false): null

28-03-2025T12:27:47 - [MESSAGE][FAILED] - Unable to verify equal between actual object '2' and expected object '0' (Root cause: com.kms.katalon.core.exception.StepFailedException: Actual object '2' and expected object '0' are not equal
	at com.kms.katalon.core.keyword.builtin.VerifyEqualKeyword$_verifyEqual_closure1.doCall(VerifyEqualKeyword.groovy:58)
	at com.kms.katalon.core.keyword.builtin.VerifyEqualKeyword$_verifyEqual_closure1.call(VerifyEqualKeyword.groovy)
	at com.kms.katalon.core.keyword.internal.KeywordMain.runKeyword(KeywordMain.groovy:75)
	at com.kms.katalon.core.keyword.builtin.VerifyEqualKeyword.verifyEqual(VerifyEqualKeyword.groovy:63)
	at com.kms.katalon.core.keyword.builtin.VerifyEqualKeyword.execute(VerifyEqualKeyword.groovy:44)
	at com.kms.katalon.core.keyword.internal.KeywordExecutor.executeKeywordForPlatform(KeywordExecutor.groovy:74)
	at com.kms.katalon.core.keyword.BuiltinKeywords.verifyEqual(BuiltinKeywords.groovy:146)
	at jdk.internal.reflect.GeneratedMethodAccessor23.invoke(Unknown Source)
	at java.base/jdk.internal.reflect.DelegatingMethodAccessorImpl.invoke(DelegatingMethodAccessorImpl.java:43)
	at Выполнение бизнес-плана Сверка ПАО Россети все филиалы.Numbers(Выполнение бизнес-плана Сверка ПАО Россети все филиалы:744)
	at Выполнение бизнес-плана Сверка ПАО Россети все филиалы.run(Выполнение бизнес-плана Сверка ПАО Россети все филиалы:413)
	at com.kms.katalon.core.main.ScriptEngine.run(ScriptEngine.java:194)
	at com.kms.katalon.core.main.ScriptEngine.runScriptAsRawText(ScriptEngine.java:119)
	at com.kms.katalon.core.main.TestCaseExecutor.runScript(TestCaseExecutor.java:448)
	at com.kms.katalon.core.main.TestCaseExecutor.doExecute(TestCaseExecutor.java:439)
	at com.kms.katalon.core.main.TestCaseExecutor.processExecutionPhase(TestCaseExecutor.java:418)
	at com.kms.katalon.core.main.TestCaseExecutor.accessMainPhase(TestCaseExecutor.java:410)
	at com.kms.katalon.core.main.TestCaseExecutor.execute(TestCaseExecutor.java:285)
	at com.kms.katalon.core.common.CommonExecutor.accessTestCaseMainPhase(CommonExecutor.java:65)
	at com.kms.katalon.core.main.TestSuiteExecutor.accessTestSuiteMainPhase(TestSuiteExecutor.java:150)
	at com.kms.katalon.core.main.TestSuiteExecutor.execute(TestSuiteExecutor.java:106)
	at com.kms.katalon.core.main.TestCaseMain.startTestSuite(TestCaseMain.java:180)
	at TempTestSuite1743137207280.run(TempTestSuite1743137207280.groovy:35)
	at java.base/jdk.internal.reflect.NativeMethodAccessorImpl.invoke0(Native Method)
	at java.base/jdk.internal.reflect.NativeMethodAccessorImpl.invoke(NativeMethodAccessorImpl.java:77)
	at java.base/jdk.internal.reflect.DelegatingMethodAccessorImpl.invoke(DelegatingMethodAccessorImpl.java:43)
)

28-03-2025T12:27:47 - [TEST_STEP][PASSED] - println(numberOfErrors): null

28-03-2025T12:27:47 - [TEST_STEP][PASSED] - println("a=" + a): null

28-03-2025T12:27:47 - [TEST_STEP][PASSED] - if (a == 28 || a == 77 || a == 74 || a == 65 || a == 36 || a == 44 || a == 54 || a == 1 || a == 18 || a == 59): null

28-03-2025T12:27:47 - [TEST_STEP][PASSED] - if (a == 82): null

28-03-2025T12:27:47 - [TEST_STEP][PASSED] - println(dzoNum): null

28-03-2025T12:27:47 - [TEST_STEP][PASSED] - closeBrowser(): Browser is closed

28-03-2025T12:27:47 - [MESSAGE][PASSED] - Browser is closed]]></system-out>
         <system-err><![CDATA[28-03-2025T12:01:03 - [TEST_CASE][FAILED] - Test Cases/Выполнение бизнес-плана/Выполнение бизнес-плана Сверка ПАО Россети все филиалы: Test Cases/Выполнение бизнес-плана/Выполнение бизнес-плана Сверка ПАО Россети все филиалы FAILED.
Reason:
com.kms.katalon.core.exception.StepFailedException: Unable to verify equal between actual object '6' and expected object '0' (Root cause: com.kms.katalon.core.exception.StepFailedException: Actual object '6' and expected object '0' are not equal
	at com.kms.katalon.core.keyword.builtin.VerifyEqualKeyword$_verifyEqual_closure1.doCall(VerifyEqualKeyword.groovy:58)
	at com.kms.katalon.core.keyword.builtin.VerifyEqualKeyword$_verifyEqual_closure1.call(VerifyEqualKeyword.groovy)
	at com.kms.katalon.core.keyword.internal.KeywordMain.runKeyword(KeywordMain.groovy:75)
	at com.kms.katalon.core.keyword.builtin.VerifyEqualKeyword.verifyEqual(VerifyEqualKeyword.groovy:63)
	at com.kms.katalon.core.keyword.builtin.VerifyEqualKeyword.execute(VerifyEqualKeyword.groovy:44)
	at com.kms.katalon.core.keyword.internal.KeywordExecutor.executeKeywordForPlatform(KeywordExecutor.groovy:74)
	at com.kms.katalon.core.keyword.BuiltinKeywords.verifyEqual(BuiltinKeywords.groovy:146)
	at jdk.internal.reflect.GeneratedMethodAccessor23.invoke(Unknown Source)
	at java.base/jdk.internal.reflect.DelegatingMethodAccessorImpl.invoke(DelegatingMethodAccessorImpl.java:43)
	at Выполнение бизнес-плана Сверка ПАО Россети все филиалы.Numbers(Выполнение бизнес-плана Сверка ПАО Россети все филиалы:744)
	at Выполнение бизнес-плана Сверка ПАО Россети все филиалы.run(Выполнение бизнес-плана Сверка ПАО Россети все филиалы:172)
	at com.kms.katalon.core.main.ScriptEngine.run(ScriptEngine.java:194)
	at com.kms.katalon.core.main.ScriptEngine.runScriptAsRawText(ScriptEngine.java:119)
	at com.kms.katalon.core.main.TestCaseExecutor.runScript(TestCaseExecutor.java:448)
	at com.kms.katalon.core.main.TestCaseExecutor.doExecute(TestCaseExecutor.java:439)
	at com.kms.katalon.core.main.TestCaseExecutor.processExecutionPhase(TestCaseExecutor.java:418)
	at com.kms.katalon.core.main.TestCaseExecutor.accessMainPhase(TestCaseExecutor.java:410)
	at com.kms.katalon.core.main.TestCaseExecutor.execute(TestCaseExecutor.java:285)
	at com.kms.katalon.core.common.CommonExecutor.accessTestCaseMainPhase(CommonExecutor.java:65)
	at com.kms.katalon.core.main.TestSuiteExecutor.accessTestSuiteMainPhase(TestSuiteExecutor.java:150)
	at com.kms.katalon.core.main.TestSuiteExecutor.execute(TestSuiteExecutor.java:106)
	at com.kms.katalon.core.main.TestCaseMain.startTestSuite(TestCaseMain.java:180)
	at TempTestSuite1743137207280.run(TempTestSuite1743137207280.groovy:35)
	at java.base/jdk.internal.reflect.NativeMethodAccessorImpl.invoke0(Native Method)
	at java.base/jdk.internal.reflect.NativeMethodAccessorImpl.invoke(NativeMethodAccessorImpl.java:77)
	at java.base/jdk.internal.reflect.DelegatingMethodAccessorImpl.invoke(DelegatingMethodAccessorImpl.java:43)
)
	at com.kms.katalon.core.keyword.internal.KeywordMain.stepFailed(KeywordMain.groovy:39)
	at com.kms.katalon.core.keyword.internal.KeywordMain.stepFailed(KeywordMain.groovy)
	at com.kms.katalon.core.keyword.internal.KeywordMain.runKeyword(KeywordMain.groovy:77)
	at com.kms.katalon.core.keyword.builtin.VerifyEqualKeyword.verifyEqual(VerifyEqualKeyword.groovy:63)
	at com.kms.katalon.core.keyword.builtin.VerifyEqualKeyword.execute(VerifyEqualKeyword.groovy:44)
	at com.kms.katalon.core.keyword.internal.KeywordExecutor.executeKeywordForPlatform(KeywordExecutor.groovy:74)
	at com.kms.katalon.core.keyword.BuiltinKeywords.verifyEqual(BuiltinKeywords.groovy:146)
	at jdk.internal.reflect.GeneratedMethodAccessor23.invoke(Unknown Source)
	at java.base/jdk.internal.reflect.DelegatingMethodAccessorImpl.invoke(DelegatingMethodAccessorImpl.java:43)
	at Выполнение бизнес-плана Сверка ПАО Россети все филиалы.Numbers(Выполнение бизнес-плана Сверка ПАО Россети все филиалы:744)
	at Выполнение бизнес-плана Сверка ПАО Россети все филиалы.run(Выполнение бизнес-плана Сверка ПАО Россети все филиалы:172)
	at com.kms.katalon.core.main.ScriptEngine.run(ScriptEngine.java:194)
	at com.kms.katalon.core.main.ScriptEngine.runScriptAsRawText(ScriptEngine.java:119)
	at com.kms.katalon.core.main.TestCaseExecutor.runScript(TestCaseExecutor.java:448)
	at com.kms.katalon.core.main.TestCaseExecutor.doExecute(TestCaseExecutor.java:439)
	at com.kms.katalon.core.main.TestCaseExecutor.processExecutionPhase(TestCaseExecutor.java:418)
	at com.kms.katalon.core.main.TestCaseExecutor.accessMainPhase(TestCaseExecutor.java:410)
	at com.kms.katalon.core.main.TestCaseExecutor.execute(TestCaseExecutor.java:285)
	at com.kms.katalon.core.common.CommonExecutor.accessTestCaseMainPhase(CommonExecutor.java:65)
	at com.kms.katalon.core.main.TestSuiteExecutor.accessTestSuiteMainPhase(TestSuiteExecutor.java:150)
	at com.kms.katalon.core.main.TestSuiteExecutor.execute(TestSuiteExecutor.java:106)
	at com.kms.katalon.core.main.TestCaseMain.startTestSuite(TestCaseMain.java:180)
	at TempTestSuite1743137207280.run(TempTestSuite1743137207280.groovy:35)
	at java.base/jdk.internal.reflect.NativeMethodAccessorImpl.invoke0(Native Method)
	at java.base/jdk.internal.reflect.NativeMethodAccessorImpl.invoke(NativeMethodAccessorImpl.java:77)
	at java.base/jdk.internal.reflect.DelegatingMethodAccessorImpl.invoke(DelegatingMethodAccessorImpl.java:43)
Caused by: com.kms.katalon.core.exception.StepFailedException: Actual object '6' and expected object '0' are not equal
	at com.kms.katalon.core.keyword.builtin.VerifyEqualKeyword$_verifyEqual_closure1.doCall(VerifyEqualKeyword.groovy:58)
	at com.kms.katalon.core.keyword.builtin.VerifyEqualKeyword$_verifyEqual_closure1.call(VerifyEqualKeyword.groovy)
	at com.kms.katalon.core.keyword.internal.KeywordMain.runKeyword(KeywordMain.groovy:75)
	... 23 more]]></system-err>
      </testcase>
      <system-out><![CDATA[28-03-2025T07:46:52 - [TEST_SUITE][FAILED] - Сверка дашбордов из разных блоков: Test Cases/Сверки дашбордов/Выполнение бизнес-плана сверка дашбордов FAILED.
Reason:
com.kms.katalon.core.exception.StepFailedException: Unable to get text of object 'Object Repository/Выполнение бизнес-плана/Значения со страницы Выполнение бизнес-плана/Table Data/План Потери за отчётный период 1' (Root cause: com.kms.katalon.core.exception.StepFailedException: Unable to get text of object 'Object Repository/Выполнение бизнес-плана/Значения со страницы Выполнение бизнес-плана/Table Data/План Потери за отчётный период 1'
	at com.kms.katalon.core.webui.keyword.internal.WebUIKeywordMain.stepFailed(WebUIKeywordMain.groovy:64)
	at com.kms.katalon.core.webui.keyword.internal.WebUIKeywordMain.runKeyword(WebUIKeywordMain.groovy:26)
	at com.kms.katalon.core.webui.keyword.builtin.GetTextKeyword.getText(GetTextKeyword.groovy:88)
	at com.kms.katalon.core.webui.keyword.builtin.GetTextKeyword.execute(GetTextKeyword.groovy:67)
	at com.kms.katalon.core.keyword.internal.KeywordExecutor.executeKeywordForPlatform(KeywordExecutor.groovy:74)
	at com.kms.katalon.core.webui.keyword.WebUiBuiltInKeywords.getText(WebUiBuiltInKeywords.groovy:957)
	at Выполнение бизнес-плана сверка дашбордов.GetAllData(Выполнение бизнес-плана сверка дашбордов:985)
	at Выполнение бизнес-плана сверка дашбордов.run(Выполнение бизнес-плана сверка дашбордов:156)
	at com.kms.katalon.core.main.ScriptEngine.run(ScriptEngine.java:194)
	at com.kms.katalon.core.main.ScriptEngine.runScriptAsRawText(ScriptEngine.java:119)
	at com.kms.katalon.core.main.TestCaseExecutor.runScript(TestCaseExecutor.java:448)
	at com.kms.katalon.core.main.TestCaseExecutor.doExecute(TestCaseExecutor.java:439)
	at com.kms.katalon.core.main.TestCaseExecutor.processExecutionPhase(TestCaseExecutor.java:418)
	at com.kms.katalon.core.main.TestCaseExecutor.accessMainPhase(TestCaseExecutor.java:410)
	at com.kms.katalon.core.main.TestCaseExecutor.execute(TestCaseExecutor.java:285)
	at com.kms.katalon.core.common.CommonExecutor.accessTestCaseMainPhase(CommonExecutor.java:65)
	at com.kms.katalon.core.main.TestSuiteExecutor.accessTestSuiteMainPhase(TestSuiteExecutor.java:150)
	at com.kms.katalon.core.main.TestSuiteExecutor.execute(TestSuiteExecutor.java:106)
	at com.kms.katalon.core.main.TestCaseMain.startTestSuite(TestCaseMain.java:180)
	at TempTestSuite1743137207280.run(TempTestSuite1743137207280.groovy:35)
	at java.base/jdk.internal.reflect.NativeMethodAccessorImpl.invoke0(Native Method)
	at java.base/jdk.internal.reflect.NativeMethodAccessorImpl.invoke(NativeMethodAccessorImpl.java:77)
	at java.base/jdk.internal.reflect.DelegatingMethodAccessorImpl.invoke(DelegatingMethodAccessorImpl.java:43)
Caused by: com.kms.katalon.core.webui.exception.WebElementNotFoundException: Web element with id: 'Object Repository/Выполнение бизнес-плана/Значения со страницы Выполнение бизнес-плана/Table Data/План Потери за отчётный период 1' located by '(.//*[normalize-space(text()) and normalize-space(.)='Показатели баланса электроэнергии по ДЗО – План'])[2]/following::td[35]' not found
	at com.kms.katalon.core.webui.common.WebUiCommonHelper.findWebElement(WebUiCommonHelper.java:1426)
	at com.kms.katalon.core.webui.keyword.internal.WebUIAbstractKeyword.findWebElement(WebUIAbstractKeyword.groovy:27)
	at com.kms.katalon.core.webui.keyword.internal.WebUIAbstractKeyword.findWebElement(WebUIAbstractKeyword.groovy:26)
	at com.kms.katalon.core.webui.keyword.builtin.GetTextKeyword$_getText_closure1.doCall(GetTextKeyword.groovy:78)
	at com.kms.katalon.core.webui.keyword.builtin.GetTextKeyword$_getText_closure1.call(GetTextKeyword.groovy)
	at com.kms.katalon.core.webui.keyword.internal.WebUIKeywordMain.runKeyword(WebUIKeywordMain.groovy:20)
	at com.kms.katalon.core.webui.keyword.builtin.GetTextKeyword.getText(GetTextKeyword.groovy:88)
	at com.kms.katalon.core.webui.keyword.builtin.GetTextKeyword.execute(GetTextKeyword.groovy:67)
	at com.kms.katalon.core.keyword.internal.KeywordExecutor.executeKeywordForPlatform(KeywordExecutor.groovy:74)
	at com.kms.katalon.core.webui.keyword.WebUiBuiltInKeywords.getText(WebUiBuiltInKeywords.groovy:957)
	at Script1719299571342.GetAllData(Script1719299571342.groovy:985)
	at Script1719299571342.run(Script1719299571342.groovy:156)
	... 15 more
)
	at com.kms.katalon.core.keyword.internal.KeywordMain.stepFailed(KeywordMain.groovy:39)
	at com.kms.katalon.core.webui.keyword.internal.WebUIKeywordMain.stepFailed(WebUIKeywordMain.groovy:64)
	at com.kms.katalon.core.webui.keyword.internal.WebUIKeywordMain.runKeyword(WebUIKeywordMain.groovy:26)
	at com.kms.katalon.core.webui.keyword.builtin.GetTextKeyword.getText(GetTextKeyword.groovy:88)
	at com.kms.katalon.core.webui.keyword.builtin.GetTextKeyword.execute(GetTextKeyword.groovy:67)
	at com.kms.katalon.core.keyword.internal.KeywordExecutor.executeKeywordForPlatform(KeywordExecutor.groovy:74)
	at com.kms.katalon.core.webui.keyword.WebUiBuiltInKeywords.getText(WebUiBuiltInKeywords.groovy:957)
	at Выполнение бизнес-плана сверка дашбордов.GetAllData(Выполнение бизнес-плана сверка дашбордов:985)
	at Выполнение бизнес-плана сверка дашбордов.run(Выполнение бизнес-плана сверка дашбордов:156)
	at com.kms.katalon.core.main.ScriptEngine.run(ScriptEngine.java:194)
	at com.kms.katalon.core.main.ScriptEngine.runScriptAsRawText(ScriptEngine.java:119)
	at com.kms.katalon.core.main.TestCaseExecutor.runScript(TestCaseExecutor.java:448)
	at com.kms.katalon.core.main.TestCaseExecutor.doExecute(TestCaseExecutor.java:439)
	at com.kms.katalon.core.main.TestCaseExecutor.processExecutionPhase(TestCaseExecutor.java:418)
	at com.kms.katalon.core.main.TestCaseExecutor.accessMainPhase(TestCaseExecutor.java:410)
	at com.kms.katalon.core.main.TestCaseExecutor.execute(TestCaseExecutor.java:285)
	at com.kms.katalon.core.common.CommonExecutor.accessTestCaseMainPhase(CommonExecutor.java:65)
	at com.kms.katalon.core.main.TestSuiteExecutor.accessTestSuiteMainPhase(TestSuiteExecutor.java:150)
	at com.kms.katalon.core.main.TestSuiteExecutor.execute(TestSuiteExecutor.java:106)
	at com.kms.katalon.core.main.TestCaseMain.startTestSuite(TestCaseMain.java:180)
	at TempTestSuite1743137207280.run(TempTestSuite1743137207280.groovy:35)
	at java.base/jdk.internal.reflect.NativeMethodAccessorImpl.invoke0(Native Method)
	at java.base/jdk.internal.reflect.NativeMethodAccessorImpl.invoke(NativeMethodAccessorImpl.java:77)
	at java.base/jdk.internal.reflect.DelegatingMethodAccessorImpl.invoke(DelegatingMethodAccessorImpl.java:43)
Caused by: com.kms.katalon.core.exception.StepFailedException: Unable to get text of object 'Object Repository/Выполнение бизнес-плана/Значения со страницы Выполнение бизнес-плана/Table Data/План Потери за отчётный период 1'
	... 23 more
Caused by: com.kms.katalon.core.webui.exception.WebElementNotFoundException: Web element with id: 'Object Repository/Выполнение бизнес-плана/Значения со страницы Выполнение бизнес-плана/Table Data/План Потери за отчётный период 1' located by '(.//*[normalize-space(text()) and normalize-space(.)='Показатели баланса электроэнергии по ДЗО – План'])[2]/following::td[35]' not found
	at com.kms.katalon.core.webui.common.WebUiCommonHelper.findWebElement(WebUiCommonHelper.java:1426)
	at com.kms.katalon.core.webui.keyword.internal.WebUIAbstractKeyword.findWebElement(WebUIAbstractKeyword.groovy:27)
	at com.kms.katalon.core.webui.keyword.internal.WebUIAbstractKeyword.findWebElement(WebUIAbstractKeyword.groovy:26)
	at com.kms.katalon.core.webui.keyword.builtin.GetTextKeyword$_getText_closure1.doCall(GetTextKeyword.groovy:78)
	at com.kms.katalon.core.webui.keyword.builtin.GetTextKeyword$_getText_closure1.call(GetTextKeyword.groovy)
	at com.kms.katalon.core.webui.keyword.internal.WebUIKeywordMain.runKeyword(WebUIKeywordMain.groovy:20)
	... 21 more]]></system-out>
      <system-err><![CDATA[28-03-2025T07:46:52 - [TEST_SUITE][FAILED] - Сверка дашбордов из разных блоков: Test Cases/Сверки дашбордов/Выполнение бизнес-плана сверка дашбордов FAILED.
Reason:
com.kms.katalon.core.exception.StepFailedException: Unable to get text of object 'Object Repository/Выполнение бизнес-плана/Значения со страницы Выполнение бизнес-плана/Table Data/План Потери за отчётный период 1' (Root cause: com.kms.katalon.core.exception.StepFailedException: Unable to get text of object 'Object Repository/Выполнение бизнес-плана/Значения со страницы Выполнение бизнес-плана/Table Data/План Потери за отчётный период 1'
	at com.kms.katalon.core.webui.keyword.internal.WebUIKeywordMain.stepFailed(WebUIKeywordMain.groovy:64)
	at com.kms.katalon.core.webui.keyword.internal.WebUIKeywordMain.runKeyword(WebUIKeywordMain.groovy:26)
	at com.kms.katalon.core.webui.keyword.builtin.GetTextKeyword.getText(GetTextKeyword.groovy:88)
	at com.kms.katalon.core.webui.keyword.builtin.GetTextKeyword.execute(GetTextKeyword.groovy:67)
	at com.kms.katalon.core.keyword.internal.KeywordExecutor.executeKeywordForPlatform(KeywordExecutor.groovy:74)
	at com.kms.katalon.core.webui.keyword.WebUiBuiltInKeywords.getText(WebUiBuiltInKeywords.groovy:957)
	at Выполнение бизнес-плана сверка дашбордов.GetAllData(Выполнение бизнес-плана сверка дашбордов:985)
	at Выполнение бизнес-плана сверка дашбордов.run(Выполнение бизнес-плана сверка дашбордов:156)
	at com.kms.katalon.core.main.ScriptEngine.run(ScriptEngine.java:194)
	at com.kms.katalon.core.main.ScriptEngine.runScriptAsRawText(ScriptEngine.java:119)
	at com.kms.katalon.core.main.TestCaseExecutor.runScript(TestCaseExecutor.java:448)
	at com.kms.katalon.core.main.TestCaseExecutor.doExecute(TestCaseExecutor.java:439)
	at com.kms.katalon.core.main.TestCaseExecutor.processExecutionPhase(TestCaseExecutor.java:418)
	at com.kms.katalon.core.main.TestCaseExecutor.accessMainPhase(TestCaseExecutor.java:410)
	at com.kms.katalon.core.main.TestCaseExecutor.execute(TestCaseExecutor.java:285)
	at com.kms.katalon.core.common.CommonExecutor.accessTestCaseMainPhase(CommonExecutor.java:65)
	at com.kms.katalon.core.main.TestSuiteExecutor.accessTestSuiteMainPhase(TestSuiteExecutor.java:150)
	at com.kms.katalon.core.main.TestSuiteExecutor.execute(TestSuiteExecutor.java:106)
	at com.kms.katalon.core.main.TestCaseMain.startTestSuite(TestCaseMain.java:180)
	at TempTestSuite1743137207280.run(TempTestSuite1743137207280.groovy:35)
	at java.base/jdk.internal.reflect.NativeMethodAccessorImpl.invoke0(Native Method)
	at java.base/jdk.internal.reflect.NativeMethodAccessorImpl.invoke(NativeMethodAccessorImpl.java:77)
	at java.base/jdk.internal.reflect.DelegatingMethodAccessorImpl.invoke(DelegatingMethodAccessorImpl.java:43)
Caused by: com.kms.katalon.core.webui.exception.WebElementNotFoundException: Web element with id: 'Object Repository/Выполнение бизнес-плана/Значения со страницы Выполнение бизнес-плана/Table Data/План Потери за отчётный период 1' located by '(.//*[normalize-space(text()) and normalize-space(.)='Показатели баланса электроэнергии по ДЗО – План'])[2]/following::td[35]' not found
	at com.kms.katalon.core.webui.common.WebUiCommonHelper.findWebElement(WebUiCommonHelper.java:1426)
	at com.kms.katalon.core.webui.keyword.internal.WebUIAbstractKeyword.findWebElement(WebUIAbstractKeyword.groovy:27)
	at com.kms.katalon.core.webui.keyword.internal.WebUIAbstractKeyword.findWebElement(WebUIAbstractKeyword.groovy:26)
	at com.kms.katalon.core.webui.keyword.builtin.GetTextKeyword$_getText_closure1.doCall(GetTextKeyword.groovy:78)
	at com.kms.katalon.core.webui.keyword.builtin.GetTextKeyword$_getText_closure1.call(GetTextKeyword.groovy)
	at com.kms.katalon.core.webui.keyword.internal.WebUIKeywordMain.runKeyword(WebUIKeywordMain.groovy:20)
	at com.kms.katalon.core.webui.keyword.builtin.GetTextKeyword.getText(GetTextKeyword.groovy:88)
	at com.kms.katalon.core.webui.keyword.builtin.GetTextKeyword.execute(GetTextKeyword.groovy:67)
	at com.kms.katalon.core.keyword.internal.KeywordExecutor.executeKeywordForPlatform(KeywordExecutor.groovy:74)
	at com.kms.katalon.core.webui.keyword.WebUiBuiltInKeywords.getText(WebUiBuiltInKeywords.groovy:957)
	at Script1719299571342.GetAllData(Script1719299571342.groovy:985)
	at Script1719299571342.run(Script1719299571342.groovy:156)
	... 15 more
)
	at com.kms.katalon.core.keyword.internal.KeywordMain.stepFailed(KeywordMain.groovy:39)
	at com.kms.katalon.core.webui.keyword.internal.WebUIKeywordMain.stepFailed(WebUIKeywordMain.groovy:64)
	at com.kms.katalon.core.webui.keyword.internal.WebUIKeywordMain.runKeyword(WebUIKeywordMain.groovy:26)
	at com.kms.katalon.core.webui.keyword.builtin.GetTextKeyword.getText(GetTextKeyword.groovy:88)
	at com.kms.katalon.core.webui.keyword.builtin.GetTextKeyword.execute(GetTextKeyword.groovy:67)
	at com.kms.katalon.core.keyword.internal.KeywordExecutor.executeKeywordForPlatform(KeywordExecutor.groovy:74)
	at com.kms.katalon.core.webui.keyword.WebUiBuiltInKeywords.getText(WebUiBuiltInKeywords.groovy:957)
	at Выполнение бизнес-плана сверка дашбордов.GetAllData(Выполнение бизнес-плана сверка дашбордов:985)
	at Выполнение бизнес-плана сверка дашбордов.run(Выполнение бизнес-плана сверка дашбордов:156)
	at com.kms.katalon.core.main.ScriptEngine.run(ScriptEngine.java:194)
	at com.kms.katalon.core.main.ScriptEngine.runScriptAsRawText(ScriptEngine.java:119)
	at com.kms.katalon.core.main.TestCaseExecutor.runScript(TestCaseExecutor.java:448)
	at com.kms.katalon.core.main.TestCaseExecutor.doExecute(TestCaseExecutor.java:439)
	at com.kms.katalon.core.main.TestCaseExecutor.processExecutionPhase(TestCaseExecutor.java:418)
	at com.kms.katalon.core.main.TestCaseExecutor.accessMainPhase(TestCaseExecutor.java:410)
	at com.kms.katalon.core.main.TestCaseExecutor.execute(TestCaseExecutor.java:285)
	at com.kms.katalon.core.common.CommonExecutor.accessTestCaseMainPhase(CommonExecutor.java:65)
	at com.kms.katalon.core.main.TestSuiteExecutor.accessTestSuiteMainPhase(TestSuiteExecutor.java:150)
	at com.kms.katalon.core.main.TestSuiteExecutor.execute(TestSuiteExecutor.java:106)
	at com.kms.katalon.core.main.TestCaseMain.startTestSuite(TestCaseMain.java:180)
	at TempTestSuite1743137207280.run(TempTestSuite1743137207280.groovy:35)
	at java.base/jdk.internal.reflect.NativeMethodAccessorImpl.invoke0(Native Method)
	at java.base/jdk.internal.reflect.NativeMethodAccessorImpl.invoke(NativeMethodAccessorImpl.java:77)
	at java.base/jdk.internal.reflect.DelegatingMethodAccessorImpl.invoke(DelegatingMethodAccessorImpl.java:43)
Caused by: com.kms.katalon.core.exception.StepFailedException: Unable to get text of object 'Object Repository/Выполнение бизнес-плана/Значения со страницы Выполнение бизнес-плана/Table Data/План Потери за отчётный период 1'
	... 23 more
Caused by: com.kms.katalon.core.webui.exception.WebElementNotFoundException: Web element with id: 'Object Repository/Выполнение бизнес-плана/Значения со страницы Выполнение бизнес-плана/Table Data/План Потери за отчётный период 1' located by '(.//*[normalize-space(text()) and normalize-space(.)='Показатели баланса электроэнергии по ДЗО – План'])[2]/following::td[35]' not found
	at com.kms.katalon.core.webui.common.WebUiCommonHelper.findWebElement(WebUiCommonHelper.java:1426)
	at com.kms.katalon.core.webui.keyword.internal.WebUIAbstractKeyword.findWebElement(WebUIAbstractKeyword.groovy:27)
	at com.kms.katalon.core.webui.keyword.internal.WebUIAbstractKeyword.findWebElement(WebUIAbstractKeyword.groovy:26)
	at com.kms.katalon.core.webui.keyword.builtin.GetTextKeyword$_getText_closure1.doCall(GetTextKeyword.groovy:78)
	at com.kms.katalon.core.webui.keyword.builtin.GetTextKeyword$_getText_closure1.call(GetTextKeyword.groovy)
	at com.kms.katalon.core.webui.keyword.internal.WebUIKeywordMain.runKeyword(WebUIKeywordMain.groovy:20)
	... 21 more]]></system-err>
   </testsuite>
</testsuites>
